<?xml version="1.0" encoding="UTF-8"?>
<testsuite name="com.dotcms.auth.providers.jwt.factories.SecretKeySpecFactoryTest" tests="1" skipped="0" failures="0" errors="0" timestamp="2023-06-27T18:03:07" hostname="fv-az951-711" time="1.865">
  <properties/>
  <testcase name="readAndPrepareSecret" classname="com.dotcms.auth.providers.jwt.factories.SecretKeySpecFactoryTest" time="1.865"/>
  <system-out><![CDATA[96f7569b1ce74b57f4a5c5de025d6f9734fa6adeff0e1b262611583da1eeb6347d09cd32b869094a2ceda7de4e5eced5df1ee22ed8fff330fb07679e42e96204
MySecretKey2
MySecretKey3
MySecretKey3
fe8ac675af08cbd95a0f3404db684d65199d7c21a7933ce565dd7cadc5200f5ff512ea2fb857dae5c17f2129c55b3109bad85cc6e391426d4923675d317035fe
04b357dbf145df2d62a6572b38f5b9b236f53db67226132e82237b8036bb697bed0a7098c8f6c397d59c2069a23cab936932bcd4a6697e1a8b22ef6af954ad49
8e10f0e85ef4f61913b8291dac2e36ada247bf27449db1848dad254c740502ca413f76e7be158b4b991436c2502998f3e9616788946468cf1e0f6a68bfa572a3
]]></system-out>
  <system-err><![CDATA[]]></system-err>
</testsuite>
