<?xml version="1.0" encoding="UTF-8"?>
<testsuite name="com.dotcms.cache.transport.CacheTransportTopicTest" tests="2" skipped="0" failures="0" errors="0" timestamp="2023-07-11T17:52:39" hostname="fv-az955-798" time="2.362">
  <properties/>
  <testcase name="test_provider_topic_sending__a_ping_gets_a_pong" classname="com.dotcms.cache.transport.CacheTransportTopicTest" time="2.357"/>
  <testcase name="test_provider_override" classname="com.dotcms.cache.transport.CacheTransportTopicTest" time="0.005"/>
  <system-out><![CDATA[]]></system-out>
  <system-err><![CDATA[]]></system-err>
</testsuite>
