<?xml version="1.0" encoding="UTF-8"?>
<testsuite name="com.dotmarketing.portlets.workflows.ajax.WfBaseActionTest" tests="3" skipped="0" failures="0" errors="0" timestamp="2023-07-18T21:14:16" hostname="fv-az178-895" time="0.206">
  <properties/>
  <testcase name="TestOnNullCallTheDefaultCommand" classname="com.dotmarketing.portlets.workflows.ajax.WfBaseActionTest" time="0.166"/>
  <testcase name="TestNotAllowedCommands" classname="com.dotmarketing.portlets.workflows.ajax.WfBaseActionTest" time="0.013"/>
  <testcase name="TestAllowedCommands" classname="com.dotmarketing.portlets.workflows.ajax.WfBaseActionTest" time="0.026"/>
  <system-out><![CDATA[ Command ::  forbiddenMethod  on  class Mock for WfRoleStoreAjax, hashCode: 519816062
 Command ::  forbiddenMethod  on  class Mock for WfSchemeAjax, hashCode: 417315958
 Command ::  forbiddenMethod  on  class Mock for WfActionClassAjax, hashCode: 1904995669
 Command ::  forbiddenMethod  on  class Mock for WfActionAjax, hashCode: 1266446367
 Command ::  forbiddenMethod  on  class Mock for WfTaskAjax, hashCode: 229729250
 Command ::  rolesToJson  on  class Mock for WfRoleStoreAjax, hashCode: 568939032
 Command ::  assignable  on  class Mock for WfRoleStoreAjax, hashCode: 568939032
 Command ::  action  on  class Mock for WfRoleStoreAjax, hashCode: 568939032
 Command ::  action  on  class Mock for WfSchemeAjax, hashCode: 1928748057
 Command ::  save  on  class Mock for WfSchemeAjax, hashCode: 1928748057
 Command ::  save  on  class Mock for WfActionClassAjax, hashCode: 2030357696
 Command ::  delete  on  class Mock for WfActionClassAjax, hashCode: 2030357696
 Command ::  reorder  on  class Mock for WfActionClassAjax, hashCode: 2030357696
 Command ::  action  on  class Mock for WfActionClassAjax, hashCode: 2030357696
 Command ::  add  on  class Mock for WfActionClassAjax, hashCode: 2030357696
 Command ::  deleteActionForStep  on  class Mock for WfActionAjax, hashCode: 730816979
 Command ::  add  on  class Mock for WfActionAjax, hashCode: 730816979
 Command ::  action  on  class Mock for WfActionAjax, hashCode: 730816979
 Command ::  reorder  on  class Mock for WfActionAjax, hashCode: 730816979
 Command ::  delete  on  class Mock for WfActionAjax, hashCode: 730816979
 Command ::  save  on  class Mock for WfActionAjax, hashCode: 730816979
 Command ::  action  on  class Mock for WfTaskAjax, hashCode: 968206861
 Command ::  executeActions  on  class Mock for WfTaskAjax, hashCode: 968206861
 Command ::  executeAction  on  class Mock for WfTaskAjax, hashCode: 968206861
]]></system-out>
  <system-err><![CDATA[]]></system-err>
</testsuite>
