<?xml version="1.0" encoding="UTF-8"?>
<testsuite name="com.dotcms.util.pagination.SiteViewPaginatorUnitTest" tests="2" skipped="0" failures="0" errors="0" timestamp="2023-07-05T22:43:06" hostname="fv-az805-442" time="0.11">
  <properties/>
  <testcase name="Test_Get_Items_Sorted_Pages" classname="com.dotcms.util.pagination.SiteViewPaginatorUnitTest" time="0.08"/>
  <testcase name="Test_Get_Items_Page_Size" classname="com.dotcms.util.pagination.SiteViewPaginatorUnitTest" time="0.029"/>
  <system-out><![CDATA[SYSTEM_HOST
0
1
2
4
7
8
]]></system-out>
  <system-err><![CDATA[]]></system-err>
</testsuite>
