<?xml version="1.0" encoding="UTF-8"?>
<testsuite name="com.dotcms.auth.providers.jwt.factories.SecretKeySpecFactoryTest" tests="1" skipped="0" failures="0" errors="0" timestamp="2023-06-30T19:33:10" hostname="fv-az1104-758" time="2.076">
  <properties/>
  <testcase name="readAndPrepareSecret" classname="com.dotcms.auth.providers.jwt.factories.SecretKeySpecFactoryTest" time="2.076"/>
  <system-out><![CDATA[37192ce7dca267dc594c7f07fead22fdb117a524fcd321a8c6a35c6896af6b9bbac0af15dd7c9de21d4d7a0501679c4133be0b4762024f9b7428f2d63955a0a0
MySecretKey2
MySecretKey3
MySecretKey3
3f38f1667d4527159e4b4d406fc710c3a17c5ef7af7a67122b5d3e90bb077288915529002c0d4c0b608e6609478c4c64b01357019f441829a7f1a5a09e11b72e
278ce3825b6c07031271cf04767c37063e1d6e615493fbf316ba7e408f67f5d2ffef58660edca84f8b0537e0ee5965d9c86c5ad93571b3f186479a173a2d3665
09b324cbd761bc5e856a05ea02c68b41c5ba11dda9d6605505d581b0319d4657d7855e13d354e1a4e9e4c8ae9ea28e5800a82d55f2f007e434290a636e2d42f3
]]></system-out>
  <system-err><![CDATA[]]></system-err>
</testsuite>
