<?xml version="1.0" encoding="UTF-8"?>
<testsuite name="com.dotcms.auth.providers.jwt.factories.SecretKeySpecFactoryTest" tests="1" skipped="0" failures="0" errors="0" timestamp="2023-07-17T15:38:45" hostname="fv-az357-263" time="1.665">
  <properties/>
  <testcase name="readAndPrepareSecret" classname="com.dotcms.auth.providers.jwt.factories.SecretKeySpecFactoryTest" time="1.665"/>
  <system-out><![CDATA[c67246e66ea5619473754cf6ca57dd0944d723c8530707f499f601ae9a5ddb8debde21dfa380165a6ec5e6f69a6d4ce25651ed5ed9d7b01b3ba5b70152622b6b
MySecretKey2
MySecretKey3
MySecretKey3
fdf16c93b594cebc16d50c9875eb1000ce34adc96af8068174b8460c95fabe2c3da5cab250856aae8b521ea60b35c6b5b87737c9a5fb75b4eafcb5ab878e1413
4ce423af6c08a2a80808669bd55d926da6e9b0975a29b59bd9e2f93c21fac12ad64a2966fd5909430c5eee59f39ab110f4534c6f042323827f7dff34878fc518
7bef5b9f07252fd5172533e62f79904508923bfb87a47cf03c0f679adc12d8a010c6009a54ba06065ae4a2a2ddb79d97afd0fa0fc75dde55ac9059c8d13a3828
]]></system-out>
  <system-err><![CDATA[]]></system-err>
</testsuite>
