<?xml version="1.0" encoding="UTF-8"?>
<testsuite name="com.dotmarketing.portlets.osgi.AJAX.OSGIBaseAJAXTest" tests="3" skipped="0" failures="0" errors="0" timestamp="2023-07-18T20:46:21" hostname="fv-az618-565" time="0.103">
  <properties/>
  <testcase name="TestOnNullCallTheDefaultCommand" classname="com.dotmarketing.portlets.osgi.AJAX.OSGIBaseAJAXTest" time="0.071"/>
  <testcase name="TestNotAllowedCommands" classname="com.dotmarketing.portlets.osgi.AJAX.OSGIBaseAJAXTest" time="0.007"/>
  <testcase name="TestAllowedCommands" classname="com.dotmarketing.portlets.osgi.AJAX.OSGIBaseAJAXTest" time="0.024"/>
  <system-out><![CDATA[ Command ::  forbiddenMethod  on  class Mock for OSGIAJAX, hashCode: 877454974
 Command ::  restart  on  class Mock for OSGIAJAX, hashCode: 1201336428
 Command ::  start  on  class Mock for OSGIAJAX, hashCode: 1201336428
 Command ::  add  on  class Mock for OSGIAJAX, hashCode: 1201336428
 Command ::  stop  on  class Mock for OSGIAJAX, hashCode: 1201336428
 Command ::  undeploy  on  class Mock for OSGIAJAX, hashCode: 1201336428
 Command ::  modifyExtraPackages  on  class Mock for OSGIAJAX, hashCode: 1201336428
 Command ::  deploy  on  class Mock for OSGIAJAX, hashCode: 1201336428
 Command ::  remove  on  class Mock for OSGIAJAX, hashCode: 1201336428
 Command ::  getExtraPackages  on  class Mock for OSGIAJAX, hashCode: 1201336428
 Command ::  action  on  class Mock for OSGIAJAX, hashCode: 1201336428
]]></system-out>
  <system-err><![CDATA[]]></system-err>
</testsuite>
