<?xml version="1.0" encoding="UTF-8"?>
<testsuite name="com.dotcms.auth.providers.jwt.factories.SecretKeySpecFactoryTest" tests="1" skipped="0" failures="0" errors="0" timestamp="2023-07-14T19:46:15" hostname="fv-az1250-816" time="2.001">
  <properties/>
  <testcase name="readAndPrepareSecret" classname="com.dotcms.auth.providers.jwt.factories.SecretKeySpecFactoryTest" time="2.001"/>
  <system-out><![CDATA[2e4e830b7c48c20d56c3c95ae54a2ec9ad73d7f3836b40c6636360dd49b6222caa18f43ebf601ca72128d1a90d7a298e17689660b4090a092a6b2e4fbdfd7b10
MySecretKey2
MySecretKey3
MySecretKey3
98538e21a61750b39b81c3b827c69c9128bba72782085b618e3be8f4794796c7f3b15d3670f16bbdc25a358c3834bb003bfe3fe84f41e753b499930f4d698f00
6c65a5077be9340c8c62a3209850a604a9f64565a0388fad44d4f94b72bd74ab17b06d25adac06da9cb4c32a731fb870b9556c1e015a2c4eda6fd6945afe50e7
33e79669d2583b878d0feb7760c922a3ed83dfbb3b7fa38fbe625fdf9aa75f80349de51f895027f5d97f57de7f2a363c4335cd90f9814d7b68a477dbf8d3992a
]]></system-out>
  <system-err><![CDATA[]]></system-err>
</testsuite>
