<?xml version="1.0" encoding="UTF-8"?>
<testsuite name="com.dotcms.auth.providers.jwt.factories.SecretKeySpecFactoryTest" tests="1" skipped="0" failures="0" errors="0" timestamp="2023-07-11T20:52:28" hostname="fv-az1109-242" time="1.204">
  <properties/>
  <testcase name="readAndPrepareSecret" classname="com.dotcms.auth.providers.jwt.factories.SecretKeySpecFactoryTest" time="1.204"/>
  <system-out><![CDATA[60062df156ddf31ff8a67859ca9d0f254f6b2351f4dc09a6ddf7ee290c1a509daad8fa9f84e03b4708ecd9308537a5a410f91308ddd78822b2cafc60ae039722
MySecretKey2
MySecretKey3
MySecretKey3
406bdf182ed87d603ec9d08a2d6ac8bad234bad68478c889e4cec967ef3e7caf24c0011234ff264851dc3505b050fe759400a499073f5c7f3fb5a14f5a45189d
0975a7cd4e87e0843fa609d5928440c1cbadd46bcf938103590c8719b5cc215711f92e5872d31d45a459a723307ac26f5db3d80244f9a0108320d3b8b465a460
b8d7ba6be408003c6450d40e1890a9561ea658b70cd0dd1d63488ee06c0bcc7b9ca37578ff5fe1f1afcc9d0c261267f44f379359d5a3f5e4616357cd6a3297c8
]]></system-out>
  <system-err><![CDATA[]]></system-err>
</testsuite>
