<?xml version="1.0" encoding="UTF-8"?>
<testsuite name="com.dotcms.auth.providers.jwt.factories.SecretKeySpecFactoryTest" tests="1" skipped="0" failures="0" errors="0" timestamp="2023-07-18T18:30:42" hostname="fv-az621-121" time="1.663">
  <properties/>
  <testcase name="readAndPrepareSecret" classname="com.dotcms.auth.providers.jwt.factories.SecretKeySpecFactoryTest" time="1.663"/>
  <system-out><![CDATA[8085483ed29879dc0099b5645c5c4ff70f987e58ff671228aeb9130eba94425263ee750aedf2360bc160810e437dcdbe605ffa9dadc15046d96349231f13923a
MySecretKey2
MySecretKey3
MySecretKey3
f0c7c63e1c8097d6f8941176b4f93d46dd1a4da281703da77c782757ed3b45510c54f4f87b444918f9d91513388f9a107817673b77fef13e80a87b9651869c94
85a4cbca79fa96869496db2a20e439f65a5cff2bfacebb9e2f90459ce9b7556f513ec7d46a5d64d2ccdd8343a4a1afcdde04f54ccce15f1b5ff621343817250a
e1205c20a8927138d264962f78273bafe151e60191b3d384a69d73d17be3e7125367c2411c9173ec551ef6ceb74c85aedd960ef477df7e4968f40715982531c7
]]></system-out>
  <system-err><![CDATA[]]></system-err>
</testsuite>
