<?xml version="1.0" encoding="UTF-8"?>
<testsuite name="com.dotcms.auth.providers.jwt.factories.SecretKeySpecFactoryTest" tests="1" skipped="0" failures="0" errors="0" timestamp="2023-07-10T21:06:38" hostname="fv-az400-299" time="1.781">
  <properties/>
  <testcase name="readAndPrepareSecret" classname="com.dotcms.auth.providers.jwt.factories.SecretKeySpecFactoryTest" time="1.781"/>
  <system-out><![CDATA[c4c8c7d2460e8572c0b4026b98893f62283624290e8b9cf9aea97b0b82d42d82eeace9fa91843199b6495cbd0631eecd8ea2c58acf3ff0a031b9891b5f234a18
MySecretKey2
MySecretKey3
MySecretKey3
9d17d2f7d308d73d0fbebec0edb4067bbbafd80946119dcf848b1f7c3613777cd0ac01e8ec817c424c441c4eaa68220c0cdaf55286c5893b6c7107f9b4bf53fb
280e959b0dd12aebefd1d13e93565e3bf85692e79ad8f5a9da05c674c43b005243a6d8aec54512eb5552c2fa20c15829c2b2d833d6893f4975a6fead3204da61
1ce84dd6c94aeea8923eb1987f44abac2ca68bb09f7b234096e998302ce4e2337a99435c7faf527f230bd779440053ceb79bb19cdcc1f2bbbe5a533f9cb59fe8
]]></system-out>
  <system-err><![CDATA[]]></system-err>
</testsuite>
