<?xml version="1.0" encoding="UTF-8"?>
<testsuite name="com.dotcms.auth.providers.jwt.factories.SecretKeySpecFactoryTest" tests="1" skipped="0" failures="0" errors="0" timestamp="2023-07-19T23:01:12" hostname="fv-az629-414" time="0.992">
  <properties/>
  <testcase name="readAndPrepareSecret" classname="com.dotcms.auth.providers.jwt.factories.SecretKeySpecFactoryTest" time="0.992"/>
  <system-out><![CDATA[2e1fe72fd33a4d98da6ac11eca8c9c5387f8ab2f4ef0d79908eaa2d965e138feabc91411630dbb790d2e04dbb8a0bbf0db8a3bba659273f614a9b9e785d3c530
MySecretKey2
MySecretKey3
MySecretKey3
8cea58422c957123510cfba8baf7fb27c206c232f6c8a030a146a6e1278f3392f6f1289249e82696a3ae1745d2fc0dd15e140ec2f7afad6e4ea7f4a1e0a1fdb2
9197ea94e3f7169fa95353881382ac1691cff124154f6f8f7c9af7a43388e24c9b6bc26d0340ff412540b1a2230879c4e3d97659b75a01f67fa9738d054d984e
6a3dba2520c95795d833b1889755e1ae88c12c66f1b9f2be2e1f9a8505365424e392d287df85780431f58213d3c487697a299b61255bc87ec5ee467c3b86b0a0
]]></system-out>
  <system-err><![CDATA[]]></system-err>
</testsuite>
