<?xml version="1.0" encoding="UTF-8"?>
<testsuite name="com.dotcms.auth.providers.jwt.factories.SecretKeySpecFactoryTest" tests="1" skipped="0" failures="0" errors="0" timestamp="2023-07-19T17:10:31" hostname="fv-az1241-947" time="1.217">
  <properties/>
  <testcase name="readAndPrepareSecret" classname="com.dotcms.auth.providers.jwt.factories.SecretKeySpecFactoryTest" time="1.217"/>
  <system-out><![CDATA[4bc4de97ea1b2c0470cb699eef48b449fbd0b01e730ffc83888a2eb683a73cd71086f9d5e908a894e08769e24ab96f1e433a74980ba6ad645804d7e27159ddd2
MySecretKey2
MySecretKey3
MySecretKey3
195c4bc44065a5402cc7505fa315ee99e08f4d120b301a6807fdce89d50ade53cb19b5ef240cd0cad32e6afd0623c1e88fde39c150f547b93ce0255824966b72
7cc30592074d148534e6af4a40e50c5d589ffd514afa36ec07f80065853019690983c64cb6be3aca22aa2f9e37d28cc883f52f1caf0450a42efc2685597fb257
35a640d67ae77d70391c2da364d4ab4410052f15a2fa22b1e719da03efa335ef85bb347996cb45664d921fbab8dff8ce06708b57a5cda0f7c7d8e3c641476b8c
]]></system-out>
  <system-err><![CDATA[]]></system-err>
</testsuite>
