<?xml version="1.0" encoding="UTF-8"?>
<testsuite name="com.dotmarketing.portlets.osgi.AJAX.OSGIBaseAJAXTest" tests="3" skipped="0" failures="0" errors="0" timestamp="2023-06-26T21:52:42" hostname="fv-az578-351" time="0.094">
  <properties/>
  <testcase name="TestOnNullCallTheDefaultCommand" classname="com.dotmarketing.portlets.osgi.AJAX.OSGIBaseAJAXTest" time="0.066"/>
  <testcase name="TestNotAllowedCommands" classname="com.dotmarketing.portlets.osgi.AJAX.OSGIBaseAJAXTest" time="0.004"/>
  <testcase name="TestAllowedCommands" classname="com.dotmarketing.portlets.osgi.AJAX.OSGIBaseAJAXTest" time="0.022"/>
  <system-out><![CDATA[ Command ::  forbiddenMethod  on  class Mock for OSGIAJAX, hashCode: 1174980663
 Command ::  restart  on  class Mock for OSGIAJAX, hashCode: 632770501
 Command ::  action  on  class Mock for OSGIAJAX, hashCode: 632770501
 Command ::  getExtraPackages  on  class Mock for OSGIAJAX, hashCode: 632770501
 Command ::  remove  on  class Mock for OSGIAJAX, hashCode: 632770501
 Command ::  deploy  on  class Mock for OSGIAJAX, hashCode: 632770501
 Command ::  modifyExtraPackages  on  class Mock for OSGIAJAX, hashCode: 632770501
 Command ::  undeploy  on  class Mock for OSGIAJAX, hashCode: 632770501
 Command ::  stop  on  class Mock for OSGIAJAX, hashCode: 632770501
 Command ::  add  on  class Mock for OSGIAJAX, hashCode: 632770501
 Command ::  start  on  class Mock for OSGIAJAX, hashCode: 632770501
]]></system-out>
  <system-err><![CDATA[]]></system-err>
</testsuite>
