<?xml version="1.0" encoding="UTF-8"?>
<testsuite name="com.dotmarketing.portlets.rules.actionlet.PersonaActionletTest" tests="3" skipped="0" failures="0" errors="0" timestamp="2023-07-05T22:06:28" hostname="fv-az357-915" time="0.099">
  <properties/>
  <testcase name="testActionletSetsPersonaOnHappyPath" classname="com.dotmarketing.portlets.rules.actionlet.PersonaActionletTest" time="0.095"/>
  <testcase name="testActionletSetsPersonaFailsGracefullyWhenVisitorAbsent" classname="com.dotmarketing.portlets.rules.actionlet.PersonaActionletTest" time="0.002"/>
  <testcase name="testActionletSetsPersonaFailsGracefullyWhenPersonaMissing" classname="com.dotmarketing.portlets.rules.actionlet.PersonaActionletTest" time="0.002"/>
  <system-out><![CDATA[]]></system-out>
  <system-err><![CDATA[]]></system-err>
</testsuite>
