<?xml version="1.0" encoding="UTF-8"?>
<testsuite name="com.dotcms.util.diff.DiffCommandTest" tests="2" skipped="0" failures="0" errors="0" timestamp="2023-07-07T19:21:10" hostname="fv-az612-850" time="0.006">
  <properties/>
  <testcase name="applyDiff_Comparable" classname="com.dotcms.util.diff.DiffCommandTest" time="0.005"/>
  <testcase name="applyDiff_Differentiable" classname="com.dotcms.util.diff.DiffCommandTest" time="0.001"/>
  <system-out><![CDATA[{six=six, five=five}
{two=two}
{four=fourxxx, one=onexxx}
{six=com.dotcms.util.diff.DiffCommandTest$StringDifferentiable@152b05cc, five=com.dotcms.util.diff.DiffCommandTest$StringDifferentiable@74c82989}
{two=com.dotcms.util.diff.DiffCommandTest$StringDifferentiable@53c3ff88}
{four=com.dotcms.util.diff.DiffCommandTest$StringDifferentiable@27e9626c, one=com.dotcms.util.diff.DiffCommandTest$StringDifferentiable@6a211638}
]]></system-out>
  <system-err><![CDATA[]]></system-err>
</testsuite>
