<?xml version="1.0" encoding="UTF-8"?>
<testsuite name="com.dotcms.auth.providers.jwt.factories.SecretKeySpecFactoryTest" tests="1" skipped="0" failures="0" errors="0" timestamp="2023-06-23T20:42:52" hostname="fv-az365-198" time="1.677">
  <properties/>
  <testcase name="readAndPrepareSecret" classname="com.dotcms.auth.providers.jwt.factories.SecretKeySpecFactoryTest" time="1.677"/>
  <system-out><![CDATA[c7d9e29133727975a55e60d15fc201bcf65025fd877390148700b0adaf1843f0908699818727d5b3b0fca45a326a7b556a099a143bb859d66495c14ddc6e1739
MySecretKey2
MySecretKey3
MySecretKey3
dae3a8c8752ef600fe11074670ab2f37148008cb6981458061d76e66570a97874366547b58b46fbd3d33a90a61c508c44f493683bccda10dad69bde75a04e24e
fb17944afd52469b2dd05e96284dac7805c9c0fb92d9e214848d56f6220b634a912ad663a45b31380c672e79393259838ec5c0904ff34feb3ec748160c4b42de
bff98cb1bb1dc3f1ea66f5dfa54e79b504dc563c7da6cd4c6a4436df8903cb77621d2f6c0ea06d589ce04ea5a57bd29bf407c7214285b7781bf167e1806720e4
]]></system-out>
  <system-err><![CDATA[]]></system-err>
</testsuite>
