<?xml version="1.0" encoding="UTF-8"?>
<testsuite name="com.dotmarketing.portlets.workflows.ajax.WfBaseActionTest" tests="3" skipped="0" failures="0" errors="0" timestamp="2023-07-17T20:10:01" hostname="fv-az1246-802" time="0.201">
  <properties/>
  <testcase name="TestOnNullCallTheDefaultCommand" classname="com.dotmarketing.portlets.workflows.ajax.WfBaseActionTest" time="0.135"/>
  <testcase name="TestNotAllowedCommands" classname="com.dotmarketing.portlets.workflows.ajax.WfBaseActionTest" time="0.026"/>
  <testcase name="TestAllowedCommands" classname="com.dotmarketing.portlets.workflows.ajax.WfBaseActionTest" time="0.04"/>
  <system-out><![CDATA[ Command ::  forbiddenMethod  on  class Mock for WfRoleStoreAjax, hashCode: 824911933
 Command ::  forbiddenMethod  on  class Mock for WfActionClassAjax, hashCode: 774194593
 Command ::  forbiddenMethod  on  class Mock for WfTaskAjax, hashCode: 603902861
 Command ::  forbiddenMethod  on  class Mock for WfActionAjax, hashCode: 163391416
 Command ::  forbiddenMethod  on  class Mock for WfSchemeAjax, hashCode: 1960746771
 Command ::  action  on  class Mock for WfRoleStoreAjax, hashCode: 311833880
 Command ::  assignable  on  class Mock for WfRoleStoreAjax, hashCode: 311833880
 Command ::  rolesToJson  on  class Mock for WfRoleStoreAjax, hashCode: 311833880
 Command ::  action  on  class Mock for WfActionClassAjax, hashCode: 2032329460
 Command ::  reorder  on  class Mock for WfActionClassAjax, hashCode: 2032329460
 Command ::  delete  on  class Mock for WfActionClassAjax, hashCode: 2032329460
 Command ::  save  on  class Mock for WfActionClassAjax, hashCode: 2032329460
 Command ::  add  on  class Mock for WfActionClassAjax, hashCode: 2032329460
 Command ::  executeAction  on  class Mock for WfTaskAjax, hashCode: 823885176
 Command ::  executeActions  on  class Mock for WfTaskAjax, hashCode: 823885176
 Command ::  action  on  class Mock for WfTaskAjax, hashCode: 823885176
 Command ::  save  on  class Mock for WfActionAjax, hashCode: 1395654061
 Command ::  delete  on  class Mock for WfActionAjax, hashCode: 1395654061
 Command ::  reorder  on  class Mock for WfActionAjax, hashCode: 1395654061
 Command ::  action  on  class Mock for WfActionAjax, hashCode: 1395654061
 Command ::  add  on  class Mock for WfActionAjax, hashCode: 1395654061
 Command ::  deleteActionForStep  on  class Mock for WfActionAjax, hashCode: 1395654061
 Command ::  save  on  class Mock for WfSchemeAjax, hashCode: 1584755262
 Command ::  action  on  class Mock for WfSchemeAjax, hashCode: 1584755262
]]></system-out>
  <system-err><![CDATA[]]></system-err>
</testsuite>
