<?xml version="1.0" encoding="UTF-8"?>
<testsuite name="com.dotmarketing.portlets.osgi.AJAX.OSGIBaseAJAXTest" tests="3" skipped="0" failures="0" errors="0" timestamp="2023-06-23T17:42:10" hostname="fv-az397-542" time="0.054">
  <properties/>
  <testcase name="TestOnNullCallTheDefaultCommand" classname="com.dotmarketing.portlets.osgi.AJAX.OSGIBaseAJAXTest" time="0.038"/>
  <testcase name="TestNotAllowedCommands" classname="com.dotmarketing.portlets.osgi.AJAX.OSGIBaseAJAXTest" time="0.003"/>
  <testcase name="TestAllowedCommands" classname="com.dotmarketing.portlets.osgi.AJAX.OSGIBaseAJAXTest" time="0.013"/>
  <system-out><![CDATA[ Command ::  forbiddenMethod  on  class Mock for OSGIAJAX, hashCode: 1886683324
 Command ::  add  on  class Mock for OSGIAJAX, hashCode: 482188712
 Command ::  stop  on  class Mock for OSGIAJAX, hashCode: 482188712
 Command ::  undeploy  on  class Mock for OSGIAJAX, hashCode: 482188712
 Command ::  modifyExtraPackages  on  class Mock for OSGIAJAX, hashCode: 482188712
 Command ::  deploy  on  class Mock for OSGIAJAX, hashCode: 482188712
 Command ::  remove  on  class Mock for OSGIAJAX, hashCode: 482188712
 Command ::  getExtraPackages  on  class Mock for OSGIAJAX, hashCode: 482188712
 Command ::  action  on  class Mock for OSGIAJAX, hashCode: 482188712
 Command ::  restart  on  class Mock for OSGIAJAX, hashCode: 482188712
 Command ::  start  on  class Mock for OSGIAJAX, hashCode: 482188712
]]></system-out>
  <system-err><![CDATA[]]></system-err>
</testsuite>
