<?xml version="1.0" encoding="UTF-8"?>
<testsuite name="com.dotcms.auth.providers.jwt.factories.SecretKeySpecFactoryTest" tests="1" skipped="0" failures="0" errors="0" timestamp="2023-07-14T22:21:46" hostname="fv-az452-391" time="1.796">
  <properties/>
  <testcase name="readAndPrepareSecret" classname="com.dotcms.auth.providers.jwt.factories.SecretKeySpecFactoryTest" time="1.796"/>
  <system-out><![CDATA[f36c03351dc94c4dc4ce893cdc7963df6c11322e9970894b8991d6dccd100367e8ba0cde23bcac2c10302ee4cec06e6f655dcb3d738fd5dcc1e2ab201d122404
MySecretKey2
MySecretKey3
MySecretKey3
ae2094a5f2f89adb4620020ec76168c0079b49cfc2ba6f6e1a553caa39c28624d1a3735fbf63f09c96ad2b21b9e6b3e3b45f2b991268bd5615647f774afdb1e6
072caf5b259f371ff45e272cc23c249addb5c356738b788dc160c969c860781baba42ac794f49ecc73275fb03fe72cf6b95fdd4bba24550aeda1943c10592549
4f75c2c5c47e33827f4273d72399c555056f509eb635966a4b2e4a6ce294b067aa2889f7d5cc371e76092b72e1489a7dcb8667f9978392a8200f64b57574e4e7
]]></system-out>
  <system-err><![CDATA[]]></system-err>
</testsuite>
