<?xml version="1.0" encoding="UTF-8"?>
<testsuite name="com.dotmarketing.portlets.rules.actionlet.PersonaActionletTest" tests="3" skipped="0" failures="0" errors="0" timestamp="2023-07-10T18:47:27" hostname="fv-az409-374" time="0.058">
  <properties/>
  <testcase name="testActionletSetsPersonaOnHappyPath" classname="com.dotmarketing.portlets.rules.actionlet.PersonaActionletTest" time="0.054"/>
  <testcase name="testActionletSetsPersonaFailsGracefullyWhenVisitorAbsent" classname="com.dotmarketing.portlets.rules.actionlet.PersonaActionletTest" time="0.002"/>
  <testcase name="testActionletSetsPersonaFailsGracefullyWhenPersonaMissing" classname="com.dotmarketing.portlets.rules.actionlet.PersonaActionletTest" time="0.001"/>
  <system-out><![CDATA[]]></system-out>
  <system-err><![CDATA[]]></system-err>
</testsuite>
