<?xml version="1.0" encoding="UTF-8"?>
<testsuite name="com.dotcms.util.DotPreconditionUnitTest" tests="2" skipped="0" failures="0" errors="0" timestamp="2023-07-05T17:48:59" hostname="fv-az617-863" time="0.0">
  <properties/>
  <testcase name="throwException" classname="com.dotcms.util.DotPreconditionUnitTest" time="0.0"/>
  <testcase name="NotThrowException" classname="com.dotcms.util.DotPreconditionUnitTest" time="0.0"/>
  <system-out><![CDATA[]]></system-out>
  <system-err><![CDATA[]]></system-err>
</testsuite>
