<?xml version="1.0" encoding="UTF-8"?>
<testsuite name="com.dotmarketing.portlets.htmlpageasset.business.render.HTMLPageAssetRenderedAPIImplTest" tests="5" skipped="0" failures="0" errors="0" timestamp="2023-06-26T15:16:29" hostname="fv-az254-300" time="0.344">
  <properties/>
  <testcase name="testShouldReturnPREVIEWMODE_whenPageIsNotLockAndUserHaveReadPermission" classname="com.dotmarketing.portlets.htmlpageasset.business.render.HTMLPageAssetRenderedAPIImplTest" time="0.319"/>
  <testcase name="testShouldDoAURLMapper_whenPageIsNotFoundByURI" classname="com.dotmarketing.portlets.htmlpageasset.business.render.HTMLPageAssetRenderedAPIImplTest" time="0.016"/>
  <testcase name="testShouldReturnEDITEMODE_whenPageIsLockByCurrentUser" classname="com.dotmarketing.portlets.htmlpageasset.business.render.HTMLPageAssetRenderedAPIImplTest" time="0.003"/>
  <testcase name="testShouldReturnAdminMODE_whenUserDontHavePermission" classname="com.dotmarketing.portlets.htmlpageasset.business.render.HTMLPageAssetRenderedAPIImplTest" time="0.003"/>
  <testcase name="testShouldReturnADMINMODE_whenPageIsNotLockAndUserNotHaveReadPermission" classname="com.dotmarketing.portlets.htmlpageasset.business.render.HTMLPageAssetRenderedAPIImplTest" time="0.003"/>
  <system-out><![CDATA[]]></system-out>
  <system-err><![CDATA[]]></system-err>
</testsuite>
