<?xml version="1.0" encoding="UTF-8"?>
<testsuite name="com.dotcms.auth.providers.jwt.factories.SecretKeySpecFactoryTest" tests="1" skipped="0" failures="0" errors="0" timestamp="2023-07-17T14:41:20" hostname="fv-az445-915" time="1.1">
  <properties/>
  <testcase name="readAndPrepareSecret" classname="com.dotcms.auth.providers.jwt.factories.SecretKeySpecFactoryTest" time="1.1"/>
  <system-out><![CDATA[b263d7fe7154320ef5b2c222fff364f540db28023e8a872d3cdee22c5097d6caffb8c95bf128c6a98fb98cb700bae306a086927d9cf5f6eb7d10fcec48870d92
MySecretKey2
MySecretKey3
MySecretKey3
6f7175f004dad48482c2549367866ed291a9c6de19db1ddb01e5f6c21c9e6c0e16ee526207bfa1c1b80467aea227ba437e1088312399c262a33610e2aa01425d
2ffaf634f713dd2b8750a32ed0bf5522b547ba2c766b63e2370a97e8a0aa06e316b54cf335a409172aea7e74126f3cc8c32602eeaef8c6c2baa69113e075a21b
15f68cbd68bfee3b09d8b8158bd0427ab46c91574d9962acd3dd0137a24067a8da01b9f705227d317928e73a2d5dce3aabb1d48cdcc7047d984af1781f272e77
]]></system-out>
  <system-err><![CDATA[]]></system-err>
</testsuite>
