<?xml version="1.0" encoding="UTF-8"?>
<testsuite name="com.dotcms.auth.providers.jwt.factories.SecretKeySpecFactoryTest" tests="1" skipped="0" failures="0" errors="0" timestamp="2023-06-30T18:15:17" hostname="fv-az244-433" time="1.429">
  <properties/>
  <testcase name="readAndPrepareSecret" classname="com.dotcms.auth.providers.jwt.factories.SecretKeySpecFactoryTest" time="1.429"/>
  <system-out><![CDATA[fd9fb9c3eb72c5daa87737ca6ca03c13d8c3b4cdf5c06db3b84dabb425d90bfb728bf2a0adf4f6228848b0821ce6891e222888a6f749618eafd07afcb8568a4d
MySecretKey2
MySecretKey3
MySecretKey3
5c1b0d6205405fc8f29a5ffdfc971022dec5bd867eb7d2a65fafbe23700b043b7b2015b0bbcc5e0de06eb83e0db22dd6de16dc72a241670366c52c1fa68161d2
a2105492c28a98f7dd9f143816e3c7fe4d85bc2a5fbadd37406d857936150f854f82632992a895662312bfeff1246e93bb1b7d2e56ccd41c51d68d46ae02953e
bcf0744eeb6178639fac9926770fabafe913ebf1f5661fd9ec67a0c28d170d84f0c633b9394da1ef740f1505d43a7d130ed3617244cbab846a19b66c1149f793
]]></system-out>
  <system-err><![CDATA[]]></system-err>
</testsuite>
