<?xml version="1.0" encoding="UTF-8"?>
<testsuite name="com.dotcms.auth.providers.jwt.factories.SecretKeySpecFactoryTest" tests="1" skipped="0" failures="0" errors="0" timestamp="2023-07-20T03:04:35" hostname="fv-az257-148" time="2.006">
  <properties/>
  <testcase name="readAndPrepareSecret" classname="com.dotcms.auth.providers.jwt.factories.SecretKeySpecFactoryTest" time="2.006"/>
  <system-out><![CDATA[00bdc051d67dcfb2a30e55057692df3c932b78bed1a1f1c5f754c03555b68685259ec86f6355dd817fa9ef965a795b4c57e3b1e349bcf07012c3142dc2d48311
MySecretKey2
MySecretKey3
MySecretKey3
568ceb0d3070b5f5f08726d9c4be993383a1a2192b64ac1d1d2b659e83200f1012a758ad0f8277a58a966ecd40b5b3cecc8669e4647797797753180c65ddd99f
940e74122c137f54da0c79b44ced44946f08c9afc92677aa3ead414a751c3f934ba3b19e21077aeb08dc89d1ec77b9e2645c785d29298ccfb9d04d65a0fcc4e3
76619db2d412061d0616027c011668dda4e6edcb1d2340720efebd99f96c2394dba2bc9254e395f22fb6dd40486ed14214ca7dd58379675fa6b3f86bbd42c65d
]]></system-out>
  <system-err><![CDATA[]]></system-err>
</testsuite>
