<?xml version="1.0" encoding="UTF-8"?>
<testsuite name="com.dotmarketing.portlets.workflows.ajax.WfBaseActionTest" tests="3" skipped="0" failures="0" errors="0" timestamp="2023-06-23T22:23:09" hostname="fv-az1233-35" time="0.186">
  <properties/>
  <testcase name="TestOnNullCallTheDefaultCommand" classname="com.dotmarketing.portlets.workflows.ajax.WfBaseActionTest" time="0.138"/>
  <testcase name="TestNotAllowedCommands" classname="com.dotmarketing.portlets.workflows.ajax.WfBaseActionTest" time="0.02"/>
  <testcase name="TestAllowedCommands" classname="com.dotmarketing.portlets.workflows.ajax.WfBaseActionTest" time="0.027"/>
  <system-out><![CDATA[ Command ::  forbiddenMethod  on  class Mock for WfTaskAjax, hashCode: 1943739560
 Command ::  forbiddenMethod  on  class Mock for WfActionAjax, hashCode: 854671904
 Command ::  forbiddenMethod  on  class Mock for WfActionClassAjax, hashCode: 1305185408
 Command ::  forbiddenMethod  on  class Mock for WfRoleStoreAjax, hashCode: 343123756
 Command ::  forbiddenMethod  on  class Mock for WfSchemeAjax, hashCode: 345491262
 Command ::  executeAction  on  class Mock for WfTaskAjax, hashCode: 1770860877
 Command ::  executeActions  on  class Mock for WfTaskAjax, hashCode: 1770860877
 Command ::  action  on  class Mock for WfTaskAjax, hashCode: 1770860877
 Command ::  delete  on  class Mock for WfActionAjax, hashCode: 479261321
 Command ::  reorder  on  class Mock for WfActionAjax, hashCode: 479261321
 Command ::  action  on  class Mock for WfActionAjax, hashCode: 479261321
 Command ::  add  on  class Mock for WfActionAjax, hashCode: 479261321
 Command ::  deleteActionForStep  on  class Mock for WfActionAjax, hashCode: 479261321
 Command ::  save  on  class Mock for WfActionAjax, hashCode: 479261321
 Command ::  reorder  on  class Mock for WfActionClassAjax, hashCode: 682083952
 Command ::  delete  on  class Mock for WfActionClassAjax, hashCode: 682083952
 Command ::  save  on  class Mock for WfActionClassAjax, hashCode: 682083952
 Command ::  add  on  class Mock for WfActionClassAjax, hashCode: 682083952
 Command ::  action  on  class Mock for WfActionClassAjax, hashCode: 682083952
 Command ::  action  on  class Mock for WfRoleStoreAjax, hashCode: 45738984
 Command ::  assignable  on  class Mock for WfRoleStoreAjax, hashCode: 45738984
 Command ::  rolesToJson  on  class Mock for WfRoleStoreAjax, hashCode: 45738984
 Command ::  save  on  class Mock for WfSchemeAjax, hashCode: 1516644831
 Command ::  action  on  class Mock for WfSchemeAjax, hashCode: 1516644831
]]></system-out>
  <system-err><![CDATA[]]></system-err>
</testsuite>
