<?xml version="1.0" encoding="UTF-8"?>
<testsuite name="com.dotcms.rendering.velocity.viewtools.ContainerWebAPITest" tests="7" skipped="0" failures="0" errors="0" timestamp="2023-07-03T16:40:19" hostname="fv-az440-214" time="0.223">
  <properties/>
  <testcase name="doesUserHasPermissionToAddContentThrowDotDataExceptionGettingSystemUser" classname="com.dotcms.rendering.velocity.viewtools.ContainerWebAPITest" time="0.101"/>
  <testcase name="doesUserHasPermissionToAddContentWithNullParameter" classname="com.dotcms.rendering.velocity.viewtools.ContainerWebAPITest" time="0.0"/>
  <testcase name="doesUserHasPermissionToAddContentNullList" classname="com.dotcms.rendering.velocity.viewtools.ContainerWebAPITest" time="0.093"/>
  <testcase name="doesUserHasPermissionToAddContentEmptyList" classname="com.dotcms.rendering.velocity.viewtools.ContainerWebAPITest" time="0.003"/>
  <testcase name="doesUserHasPermissionToAddContentThrowDotSecurityExceptionFindingContainer" classname="com.dotcms.rendering.velocity.viewtools.ContainerWebAPITest" time="0.02"/>
  <testcase name="doesUserHasPermissionToAddContentThrowDotDataExceptionFindingContainer" classname="com.dotcms.rendering.velocity.viewtools.ContainerWebAPITest" time="0.002"/>
  <testcase name="doesUserHasPermissionToAddContent" classname="com.dotcms.rendering.velocity.viewtools.ContainerWebAPITest" time="0.002"/>
  <system-out><![CDATA[]]></system-out>
  <system-err><![CDATA[]]></system-err>
</testsuite>
