<?xml version="1.0" encoding="UTF-8"?>
<testsuite name="com.dotcms.filters.interceptor.jwt.JsonWebTokenInterceptorTest" tests="3" skipped="0" failures="0" errors="0" timestamp="2023-07-07T16:36:58" hostname="fv-az254-482" time="0.286">
  <properties/>
  <testcase name="interceptLoggedUserTest" classname="com.dotcms.filters.interceptor.jwt.JsonWebTokenInterceptorTest" time="0.253"/>
  <testcase name="interceptOnNonHttpsTest" classname="com.dotcms.filters.interceptor.jwt.JsonWebTokenInterceptorTest" time="0.004"/>
  <testcase name="interceptNonAccessTokenTest" classname="com.dotcms.filters.interceptor.jwt.JsonWebTokenInterceptorTest" time="0.029"/>
  <system-out><![CDATA[Gettings cookies
]]></system-out>
  <system-err><![CDATA[]]></system-err>
</testsuite>
