<?xml version="1.0" encoding="UTF-8"?>
<testsuite name="com.dotmarketing.quartz.DeleteFieldJobHelperTest" tests="3" skipped="0" failures="0" errors="0" timestamp="2023-07-14T19:32:12" hostname="fv-az572-783" time="0.015">
  <properties/>
  <testcase name="testGenerateNotificationEndDeleting" classname="com.dotmarketing.quartz.DeleteFieldJobHelperTest" time="0.004"/>
  <testcase name="testGenerateNotificationStartDeleting" classname="com.dotmarketing.quartz.DeleteFieldJobHelperTest" time="0.002"/>
  <testcase name="testGenerateNotificationUnableDeleting" classname="com.dotmarketing.quartz.DeleteFieldJobHelperTest" time="0.005"/>
  <system-out><![CDATA[]]></system-out>
  <system-err><![CDATA[]]></system-err>
</testsuite>
