<?xml version="1.0" encoding="UTF-8"?>
<testsuite name="com.dotmarketing.portlets.osgi.AJAX.OSGIBaseAJAXTest" tests="3" skipped="0" failures="0" errors="0" timestamp="2023-07-20T03:08:29" hostname="fv-az257-148" time="0.086">
  <properties/>
  <testcase name="TestOnNullCallTheDefaultCommand" classname="com.dotmarketing.portlets.osgi.AJAX.OSGIBaseAJAXTest" time="0.057"/>
  <testcase name="TestNotAllowedCommands" classname="com.dotmarketing.portlets.osgi.AJAX.OSGIBaseAJAXTest" time="0.004"/>
  <testcase name="TestAllowedCommands" classname="com.dotmarketing.portlets.osgi.AJAX.OSGIBaseAJAXTest" time="0.025"/>
  <system-out><![CDATA[ Command ::  forbiddenMethod  on  class Mock for OSGIAJAX, hashCode: 26485691
 Command ::  modifyExtraPackages  on  class Mock for OSGIAJAX, hashCode: 1097335742
 Command ::  undeploy  on  class Mock for OSGIAJAX, hashCode: 1097335742
 Command ::  stop  on  class Mock for OSGIAJAX, hashCode: 1097335742
 Command ::  add  on  class Mock for OSGIAJAX, hashCode: 1097335742
 Command ::  start  on  class Mock for OSGIAJAX, hashCode: 1097335742
 Command ::  restart  on  class Mock for OSGIAJAX, hashCode: 1097335742
 Command ::  action  on  class Mock for OSGIAJAX, hashCode: 1097335742
 Command ::  getExtraPackages  on  class Mock for OSGIAJAX, hashCode: 1097335742
 Command ::  remove  on  class Mock for OSGIAJAX, hashCode: 1097335742
 Command ::  deploy  on  class Mock for OSGIAJAX, hashCode: 1097335742
]]></system-out>
  <system-err><![CDATA[]]></system-err>
</testsuite>
