<?xml version="1.0" encoding="UTF-8"?>
<testsuite name="com.dotmarketing.plugin.PluginMergerTest" tests="1" skipped="1" failures="0" errors="0" timestamp="2023-06-26T16:00:07" hostname="fv-az593-480" time="0.003">
  <properties/>
  <testcase name="testMergeByAttribute" classname="com.dotmarketing.plugin.PluginMergerTest" time="0.003">
    <skipped/>
  </testcase>
  <system-out><![CDATA[]]></system-out>
  <system-err><![CDATA[]]></system-err>
</testsuite>
