<?xml version="1.0" encoding="UTF-8"?>
<testsuite name="com.dotmarketing.portlets.osgi.AJAX.OSGIBaseAJAXTest" tests="3" skipped="0" failures="0" errors="0" timestamp="2023-07-17T18:04:21" hostname="fv-az455-56" time="0.177">
  <properties/>
  <testcase name="TestOnNullCallTheDefaultCommand" classname="com.dotmarketing.portlets.osgi.AJAX.OSGIBaseAJAXTest" time="0.128"/>
  <testcase name="TestNotAllowedCommands" classname="com.dotmarketing.portlets.osgi.AJAX.OSGIBaseAJAXTest" time="0.007"/>
  <testcase name="TestAllowedCommands" classname="com.dotmarketing.portlets.osgi.AJAX.OSGIBaseAJAXTest" time="0.041"/>
  <system-out><![CDATA[ Command ::  forbiddenMethod  on  class Mock for OSGIAJAX, hashCode: 1734805657
 Command ::  stop  on  class Mock for OSGIAJAX, hashCode: 600711654
 Command ::  add  on  class Mock for OSGIAJAX, hashCode: 600711654
 Command ::  start  on  class Mock for OSGIAJAX, hashCode: 600711654
 Command ::  restart  on  class Mock for OSGIAJAX, hashCode: 600711654
 Command ::  action  on  class Mock for OSGIAJAX, hashCode: 600711654
 Command ::  getExtraPackages  on  class Mock for OSGIAJAX, hashCode: 600711654
 Command ::  remove  on  class Mock for OSGIAJAX, hashCode: 600711654
 Command ::  deploy  on  class Mock for OSGIAJAX, hashCode: 600711654
 Command ::  modifyExtraPackages  on  class Mock for OSGIAJAX, hashCode: 600711654
 Command ::  undeploy  on  class Mock for OSGIAJAX, hashCode: 600711654
]]></system-out>
  <system-err><![CDATA[]]></system-err>
</testsuite>
