<?xml version="1.0" encoding="UTF-8"?>
<testsuite name="com.dotmarketing.util.UtilMethodsTest" tests="16" skipped="0" failures="0" errors="0" timestamp="2023-07-17T20:07:05" hostname="fv-az934-332" time="0.004">
  <properties/>
  <testcase name="test_CharArrayIsSet_Valid" classname="com.dotmarketing.util.UtilMethodsTest" time="0.0"/>
  <testcase name="test_isSet_with_zero_string_supplier" classname="com.dotmarketing.util.UtilMethodsTest" time="0.0"/>
  <testcase name="testValidateFileName_Exception" classname="com.dotmarketing.util.UtilMethodsTest" time="0.0"/>
  <testcase name="Test_TrimCharArray_WithValidValue_ShouldSuccess" classname="com.dotmarketing.util.UtilMethodsTest" time="0.001"/>
  <testcase name="testValidateFileName_Valid" classname="com.dotmarketing.util.UtilMethodsTest" time="0.0"/>
  <testcase name="Test_TrimCharArray_WithNullArray_ReturnsNull" classname="com.dotmarketing.util.UtilMethodsTest" time="0.0"/>
  <testcase name="testGetValidFileName_Invalid" classname="com.dotmarketing.util.UtilMethodsTest" time="0.0"/>
  <testcase name="test_isSet_with_object_supplier" classname="com.dotmarketing.util.UtilMethodsTest" time="0.0"/>
  <testcase name="testIsValidURL_NULL" classname="com.dotmarketing.util.UtilMethodsTest" time="0.0"/>
  <testcase name="testGetValidFileName_Valid" classname="com.dotmarketing.util.UtilMethodsTest" time="0.0"/>
  <testcase name="testGetValidFileName_Rewritten" classname="com.dotmarketing.util.UtilMethodsTest" time="0.002"/>
  <testcase name="test_isSet_with_null_supplier" classname="com.dotmarketing.util.UtilMethodsTest" time="0.0"/>
  <testcase name="test_isSet_with_real_string_supplier" classname="com.dotmarketing.util.UtilMethodsTest" time="0.001"/>
  <testcase name="Test_TrimCharArray_WithEmptyArray_ReturnsEmptyArray" classname="com.dotmarketing.util.UtilMethodsTest" time="0.0"/>
  <testcase name="testIsValidURL_Valid" classname="com.dotmarketing.util.UtilMethodsTest" time="0.0"/>
  <testcase name="testIsValidURL_Invalid" classname="com.dotmarketing.util.UtilMethodsTest" time="0.0"/>
  <system-out><![CDATA[]]></system-out>
  <system-err><![CDATA[]]></system-err>
</testsuite>
