<?xml version="1.0" encoding="UTF-8"?>
<testsuite name="com.dotcms.util.diff.DiffCommandTest" tests="2" skipped="0" failures="0" errors="0" timestamp="2023-06-27T18:00:39" hostname="fv-az360-536" time="0.019">
  <properties/>
  <testcase name="applyDiff_Comparable" classname="com.dotcms.util.diff.DiffCommandTest" time="0.013"/>
  <testcase name="applyDiff_Differentiable" classname="com.dotcms.util.diff.DiffCommandTest" time="0.005"/>
  <system-out><![CDATA[{six=six, five=five}
{two=two}
{four=fourxxx, one=onexxx}
{six=com.dotcms.util.diff.DiffCommandTest$StringDifferentiable@420143cc, five=com.dotcms.util.diff.DiffCommandTest$StringDifferentiable@58dd84be}
{two=com.dotcms.util.diff.DiffCommandTest$StringDifferentiable@598c77d1}
{four=com.dotcms.util.diff.DiffCommandTest$StringDifferentiable@35166e5b, one=com.dotcms.util.diff.DiffCommandTest$StringDifferentiable@7dc14416}
]]></system-out>
  <system-err><![CDATA[]]></system-err>
</testsuite>
