<?xml version="1.0" encoding="UTF-8"?>
<testsuite name="com.dotcms.auth.providers.jwt.factories.SecretKeySpecFactoryTest" tests="1" skipped="0" failures="0" errors="0" timestamp="2023-06-30T21:57:11" hostname="fv-az354-187" time="1.749">
  <properties/>
  <testcase name="readAndPrepareSecret" classname="com.dotcms.auth.providers.jwt.factories.SecretKeySpecFactoryTest" time="1.749"/>
  <system-out><![CDATA[6041399d7a14c928fbc56f32ccc98dac445a7f6ecac704a282179ae6d7692b3b11f31a41efa1c111001a65b5c4282a6d86660ebf8107e16644e3a99b973a255c
MySecretKey2
MySecretKey3
MySecretKey3
da928057d88671580b1159dc282c582fdc81a6c9204778531045050de849460109d6379e0999d59be93698b7bba5352b872b2921423bd52e1d8cd51f55eb1ec7
16588375904026d77aa893ab71208199462ec593c3eb4379e0644bb4377882040ba8212a258c0cd4c6172958478db933e7aeed042241df85fb9baaa3a31adf6d
10365059139ae7dc91f748c9e7c8b2f39fe0a5763f971fdad50d4793262c56b6919905b3a01b4ab64617e030b67619b8b69a0b8dc30e8d5cb796cd41c8b062a5
]]></system-out>
  <system-err><![CDATA[]]></system-err>
</testsuite>
