<?xml version="1.0" encoding="UTF-8"?>
<testsuite name="com.dotmarketing.portlets.osgi.AJAX.OSGIBaseAJAXTest" tests="3" skipped="0" failures="0" errors="0" timestamp="2023-07-20T18:44:29" hostname="fv-az446-20" time="0.085">
  <properties/>
  <testcase name="TestOnNullCallTheDefaultCommand" classname="com.dotmarketing.portlets.osgi.AJAX.OSGIBaseAJAXTest" time="0.071"/>
  <testcase name="TestNotAllowedCommands" classname="com.dotmarketing.portlets.osgi.AJAX.OSGIBaseAJAXTest" time="0.002"/>
  <testcase name="TestAllowedCommands" classname="com.dotmarketing.portlets.osgi.AJAX.OSGIBaseAJAXTest" time="0.011"/>
  <system-out><![CDATA[ Command ::  forbiddenMethod  on  class Mock for OSGIAJAX, hashCode: 13499653
 Command ::  stop  on  class Mock for OSGIAJAX, hashCode: 1851707040
 Command ::  undeploy  on  class Mock for OSGIAJAX, hashCode: 1851707040
 Command ::  modifyExtraPackages  on  class Mock for OSGIAJAX, hashCode: 1851707040
 Command ::  deploy  on  class Mock for OSGIAJAX, hashCode: 1851707040
 Command ::  remove  on  class Mock for OSGIAJAX, hashCode: 1851707040
 Command ::  getExtraPackages  on  class Mock for OSGIAJAX, hashCode: 1851707040
 Command ::  action  on  class Mock for OSGIAJAX, hashCode: 1851707040
 Command ::  restart  on  class Mock for OSGIAJAX, hashCode: 1851707040
 Command ::  start  on  class Mock for OSGIAJAX, hashCode: 1851707040
 Command ::  add  on  class Mock for OSGIAJAX, hashCode: 1851707040
]]></system-out>
  <system-err><![CDATA[]]></system-err>
</testsuite>
