<?xml version="1.0" encoding="UTF-8"?>
<testsuite name="com.dotcms.publishing.sitesearch.SiteSearchResultTest" tests="2" skipped="0" failures="0" errors="0" timestamp="2023-06-23T17:40:40" hostname="fv-az397-542" time="0.004">
  <properties/>
  <testcase name="testSetKeywordsReturnsListOfTrimmedStrings" classname="com.dotcms.publishing.sitesearch.SiteSearchResultTest" time="0.0"/>
  <testcase name="testSetKeywordsReturnsEmptyListWhenNoKeywordSet" classname="com.dotcms.publishing.sitesearch.SiteSearchResultTest" time="0.003"/>
  <system-out><![CDATA[]]></system-out>
  <system-err><![CDATA[]]></system-err>
</testsuite>
