<?xml version="1.0" encoding="UTF-8"?>
<testsuite name="com.dotcms.auth.providers.jwt.factories.SecretKeySpecFactoryTest" tests="1" skipped="0" failures="0" errors="0" timestamp="2023-07-06T21:55:20" hostname="fv-az336-32" time="1.432">
  <properties/>
  <testcase name="readAndPrepareSecret" classname="com.dotcms.auth.providers.jwt.factories.SecretKeySpecFactoryTest" time="1.432"/>
  <system-out><![CDATA[bf3783d08b15d2d740123159dfd5dacb8d43f3df22c3236a5d5b6986106f6c6c77b61c551b7424235bb05cff439e4c4731023d561d20ec94aadb107d98090a62
MySecretKey2
MySecretKey3
MySecretKey3
f9e79b878038a2f9a97f65fa880cc1d8e79572c82c0d9aa35a41245c209e0ce4d285b13aebd812a8779e72b9dfc9ad773070236186b338c4552b308c0ad3c6aa
888c3a8ff5ac2ed0223c3daca901c6531cd43a00edaf838715446e2389cd396542f78934cd12d489975ab7fcadd87f669671865db2fd818201479c6909168ec8
c3f1136a60e36daf10d4916224a24559ea195c4bec43e4fae4b620254b6f87cec43e2c35fb83e8e2a4e2511b17ac2a8c501d84e9a85d1c00276af2c24fb44e27
]]></system-out>
  <system-err><![CDATA[]]></system-err>
</testsuite>
