<?xml version="1.0" encoding="UTF-8"?>
<testsuite name="com.dotcms.util.pagination.SiteViewPaginatorUnitTest" tests="2" skipped="0" failures="0" errors="0" timestamp="2023-07-17T18:47:04" hostname="fv-az488-38" time="0.136">
  <properties/>
  <testcase name="Test_Get_Items_Sorted_Pages" classname="com.dotcms.util.pagination.SiteViewPaginatorUnitTest" time="0.069"/>
  <testcase name="Test_Get_Items_Page_Size" classname="com.dotcms.util.pagination.SiteViewPaginatorUnitTest" time="0.067"/>
  <system-out><![CDATA[SYSTEM_HOST
0
1
2
4
6
8
]]></system-out>
  <system-err><![CDATA[]]></system-err>
</testsuite>
