<?xml version="1.0" encoding="UTF-8"?>
<testsuite name="com.dotcms.util.CounterSetTest" tests="2" skipped="0" failures="0" errors="0" timestamp="2023-07-21T16:52:01" hostname="fv-az413-360" time="0.01">
  <properties/>
  <testcase name="getCommonItems_3_repeat_20_items_concurrent" classname="com.dotcms.util.CounterSetTest" time="0.01"/>
  <testcase name="getCommonItems_3_repeat_20_items" classname="com.dotcms.util.CounterSetTest" time="0.0"/>
  <system-out><![CDATA[]]></system-out>
  <system-err><![CDATA[]]></system-err>
</testsuite>
