<?xml version="1.0" encoding="UTF-8"?>
<testsuite name="com.dotcms.auth.providers.jwt.factories.SecretKeySpecFactoryTest" tests="1" skipped="0" failures="0" errors="0" timestamp="2023-07-11T02:13:00" hostname="fv-az622-782" time="1.21">
  <properties/>
  <testcase name="readAndPrepareSecret" classname="com.dotcms.auth.providers.jwt.factories.SecretKeySpecFactoryTest" time="1.21"/>
  <system-out><![CDATA[daa870a19668a8296ea04940186167533ba86334e181e48b93967747b4e1ba79461e76d2b2db2a50660a0d11b27186a2f3dcd0e15096f4e09f48405748348fc7
MySecretKey2
MySecretKey3
MySecretKey3
5e15ce5024514b6c54034014a56a5bd71ec11bc4de79eedaa95b3d658fe929321f84193df6336a1f3bacbc7d601da98fa06b7d6bbb0e20a48b681eb07d5e3087
89297302a780752a11e39c04a5e96895528d5965d2058b5718230acfe48660b54f68fcd6df52dfc8849bd53678cd793a9f8946850ab30dde923db329856e4834
785a7f56170f7ea58f1de82031c020b4bc28b7ed3fcce04bfebdf51ca52dafa67e2e253e5c2244fc1892c16e4657a35fc52d0012b403678efed496e860bc40cb
]]></system-out>
  <system-err><![CDATA[]]></system-err>
</testsuite>
