<?xml version="1.0" encoding="UTF-8"?>
<testsuite name="com.dotcms.contenttype.business.FieldAPIImplTest" tests="4" skipped="0" failures="0" errors="0" timestamp="2023-06-27T14:52:58" hostname="fv-az254-300" time="0.311">
  <properties/>
  <testcase name="shouldFieldInternationalizationWork" classname="com.dotcms.contenttype.business.FieldAPIImplTest" time="0.264"/>
  <testcase name="test_loadVariables_nullField" classname="com.dotcms.contenttype.business.FieldAPIImplTest" time="0.001"/>
  <testcase name="shouldFieldInternationalizationNotWork" classname="com.dotcms.contenttype.business.FieldAPIImplTest" time="0.018"/>
  <testcase name="test_loadVariables" classname="com.dotcms.contenttype.business.FieldAPIImplTest" time="0.025"/>
  <system-out><![CDATA[]]></system-out>
  <system-err><![CDATA[]]></system-err>
</testsuite>
