<?xml version="1.0" encoding="UTF-8"?>
<testsuite name="com.dotcms.rest.api.v1.authentication.AuthenticationResourceTest" tests="10" skipped="0" failures="0" errors="0" timestamp="2023-06-23T20:55:03" hostname="fv-az341-124" time="0.418">
  <properties/>
  <testcase name="testEmptyParameter" classname="com.dotcms.rest.api.v1.authentication.AuthenticationResourceTest" time="0.248"/>
  <testcase name="testUserPasswordException" classname="com.dotcms.rest.api.v1.authentication.AuthenticationResourceTest" time="0.091"/>
  <testcase name="testgetUsersWithLoginAs" classname="com.dotcms.rest.api.v1.authentication.AuthenticationResourceTest" time="0.021"/>
  <testcase name="testAuthException" classname="com.dotcms.rest.api.v1.authentication.AuthenticationResourceTest" time="0.008"/>
  <testcase name="testgetUsersWithoutLoginAs" classname="com.dotcms.rest.api.v1.authentication.AuthenticationResourceTest" time="0.008"/>
  <testcase name="testNoSuchUserException" classname="com.dotcms.rest.api.v1.authentication.AuthenticationResourceTest" time="0.004"/>
  <testcase name="testRequiredLayoutException" classname="com.dotcms.rest.api.v1.authentication.AuthenticationResourceTest" time="0.004"/>
  <testcase name="testUserActiveException" classname="com.dotcms.rest.api.v1.authentication.AuthenticationResourceTest" time="0.004"/>
  <testcase name="testWrongParameter" classname="com.dotcms.rest.api.v1.authentication.AuthenticationResourceTest" time="0.011"/>
  <testcase name="testUserEmailAddressException" classname="com.dotcms.rest.api.v1.authentication.AuthenticationResourceTest" time="0.011"/>
  <system-out><![CDATA[ErrorEntity{errorCode='your-account-is-not-active', message='your-account-is-not-active', fieldName='null'}
]]></system-out>
  <system-err><![CDATA[Jun 23, 2023 8:55:03 PM com.dotcms.repackage.org.hibernate.validator.internal.util.Version <clinit>
INFO: HV000001: Hibernate Validator 4.3.2.Final
]]></system-err>
</testsuite>
