<?xml version="1.0" encoding="UTF-8"?>
<testsuite name="com.dotcms.auth.providers.jwt.factories.SecretKeySpecFactoryTest" tests="1" skipped="0" failures="0" errors="0" timestamp="2023-07-18T18:13:08" hostname="fv-az951-536" time="1.661">
  <properties/>
  <testcase name="readAndPrepareSecret" classname="com.dotcms.auth.providers.jwt.factories.SecretKeySpecFactoryTest" time="1.661"/>
  <system-out><![CDATA[602b96c39a8588f145c964504a6e3e645a4ea77fe9587ba8da1ae3718b59465d8fa0787f01b1fac2db40aecc156f3c8b3677baf35290d08774064074a4cb657b
MySecretKey2
MySecretKey3
MySecretKey3
631de00d715a97e8d621d5850219866105782d38a024ba689251395cd515e39742d350094f857979b1f36e9864a65361d6a2360d65948553cda0273645140ccb
8ad59fa58f57134489cb3812657d3fd29c91d7b0cef48d0439d7abfb5ce15906e1d86a817b410afd6f9b6d36800908de60e17c0ea6b08c9392e2537c69baa4c7
3f5a90c868e6b878c05e30df5cf5e3fce8c6a3d52050bf61684ebbd7206f9cc4188acb1fc47c03874b2f88ffe3570fdd55cdd722acb699f96ba38f427d5d3a8f
]]></system-out>
  <system-err><![CDATA[]]></system-err>
</testsuite>
