<?xml version="1.0" encoding="UTF-8"?>
<testsuite name="v2.languages.LanguagesResourceTest" tests="4" skipped="0" failures="0" errors="0" timestamp="2023-06-27T18:01:06" hostname="fv-az246-4" time="0.086">
  <properties/>
  <testcase name="test_when_contentInodeIsNotNull_and_throwDotSecurityException" classname="v2.languages.LanguagesResourceTest" time="0.011"/>
  <testcase name="list" classname="v2.languages.LanguagesResourceTest" time="0.072"/>
  <testcase name="test_when_contentInodeIsNotNull_should_listLanguageByInode" classname="v2.languages.LanguagesResourceTest" time="0.001"/>
  <testcase name="test_when_contentInodeIsNotNull_and_throwDotDataException" classname="v2.languages.LanguagesResourceTest" time="0.001"/>
  <system-out><![CDATA[]]></system-out>
  <system-err><![CDATA[]]></system-err>
</testsuite>
