<?xml version="1.0" encoding="UTF-8"?>
<testsuite name="com.dotmarketing.portlets.workflows.ajax.WfBaseActionTest" tests="3" skipped="0" failures="0" errors="0" timestamp="2023-07-11T20:17:17" hostname="fv-az620-40" time="0.16">
  <properties/>
  <testcase name="TestOnNullCallTheDefaultCommand" classname="com.dotmarketing.portlets.workflows.ajax.WfBaseActionTest" time="0.123"/>
  <testcase name="TestNotAllowedCommands" classname="com.dotmarketing.portlets.workflows.ajax.WfBaseActionTest" time="0.015"/>
  <testcase name="TestAllowedCommands" classname="com.dotmarketing.portlets.workflows.ajax.WfBaseActionTest" time="0.022"/>
  <system-out><![CDATA[ Command ::  forbiddenMethod  on  class Mock for WfActionAjax, hashCode: 1076220011
 Command ::  forbiddenMethod  on  class Mock for WfTaskAjax, hashCode: 677958822
 Command ::  forbiddenMethod  on  class Mock for WfRoleStoreAjax, hashCode: 1839191304
 Command ::  forbiddenMethod  on  class Mock for WfSchemeAjax, hashCode: 465820913
 Command ::  forbiddenMethod  on  class Mock for WfActionClassAjax, hashCode: 886083976
 Command ::  deleteActionForStep  on  class Mock for WfActionAjax, hashCode: 1136383224
 Command ::  add  on  class Mock for WfActionAjax, hashCode: 1136383224
 Command ::  action  on  class Mock for WfActionAjax, hashCode: 1136383224
 Command ::  reorder  on  class Mock for WfActionAjax, hashCode: 1136383224
 Command ::  delete  on  class Mock for WfActionAjax, hashCode: 1136383224
 Command ::  save  on  class Mock for WfActionAjax, hashCode: 1136383224
 Command ::  executeAction  on  class Mock for WfTaskAjax, hashCode: 154291450
 Command ::  action  on  class Mock for WfTaskAjax, hashCode: 154291450
 Command ::  executeActions  on  class Mock for WfTaskAjax, hashCode: 154291450
 Command ::  rolesToJson  on  class Mock for WfRoleStoreAjax, hashCode: 978590223
 Command ::  assignable  on  class Mock for WfRoleStoreAjax, hashCode: 978590223
 Command ::  action  on  class Mock for WfRoleStoreAjax, hashCode: 978590223
 Command ::  action  on  class Mock for WfSchemeAjax, hashCode: 133222880
 Command ::  save  on  class Mock for WfSchemeAjax, hashCode: 133222880
 Command ::  reorder  on  class Mock for WfActionClassAjax, hashCode: 1507557424
 Command ::  action  on  class Mock for WfActionClassAjax, hashCode: 1507557424
 Command ::  add  on  class Mock for WfActionClassAjax, hashCode: 1507557424
 Command ::  save  on  class Mock for WfActionClassAjax, hashCode: 1507557424
 Command ::  delete  on  class Mock for WfActionClassAjax, hashCode: 1507557424
]]></system-out>
  <system-err><![CDATA[]]></system-err>
</testsuite>
