<?xml version="1.0" encoding="UTF-8"?>
<testsuite name="com.dotcms.util.diff.DiffCommandTest" tests="2" skipped="0" failures="0" errors="0" timestamp="2023-07-06T22:26:20" hostname="fv-az567-299" time="0.005">
  <properties/>
  <testcase name="applyDiff_Comparable" classname="com.dotcms.util.diff.DiffCommandTest" time="0.004"/>
  <testcase name="applyDiff_Differentiable" classname="com.dotcms.util.diff.DiffCommandTest" time="0.001"/>
  <system-out><![CDATA[{six=six, five=five}
{two=two}
{four=fourxxx, one=onexxx}
{six=com.dotcms.util.diff.DiffCommandTest$StringDifferentiable@2d2dab98, five=com.dotcms.util.diff.DiffCommandTest$StringDifferentiable@278108c8}
{two=com.dotcms.util.diff.DiffCommandTest$StringDifferentiable@569276a5}
{four=com.dotcms.util.diff.DiffCommandTest$StringDifferentiable@20352361, one=com.dotcms.util.diff.DiffCommandTest$StringDifferentiable@60842d94}
]]></system-out>
  <system-err><![CDATA[]]></system-err>
</testsuite>
