<?xml version="1.0" encoding="UTF-8"?>
<testsuite name="com.dotmarketing.util.XMLUtilsTest" tests="4" skipped="0" failures="0" errors="0" timestamp="2023-07-14T20:52:12" hostname="fv-az412-310" time="0.017">
  <properties/>
  <testcase name="isValidXML_null_Test" classname="com.dotmarketing.util.XMLUtilsTest" time="0.002"/>
  <testcase name="isValidXML_invalid_Test" classname="com.dotmarketing.util.XMLUtilsTest" time="0.01"/>
  <testcase name="isValidXML_empty_Test" classname="com.dotmarketing.util.XMLUtilsTest" time="0.0"/>
  <testcase name="isValidXML_valid_Test" classname="com.dotmarketing.util.XMLUtilsTest" time="0.005"/>
  <system-out><![CDATA[]]></system-out>
  <system-err><![CDATA[[Fatal Error] :3:1: XML document structures must start and end within the same entity.
]]></system-err>
</testsuite>
