<?xml version="1.0" encoding="UTF-8"?>
<testsuite name="com.dotmarketing.portlets.rules.actionlet.SendRedirectActionletTest" tests="7" skipped="0" failures="0" errors="0" timestamp="2023-07-11T13:33:31" hostname="fv-az1032-278" time="0.016">
  <properties/>
  <testcase name="testExecuteAction" classname="com.dotmarketing.portlets.rules.actionlet.SendRedirectActionletTest" time="0.012"/>
  <testcase name="testGeneralConfiguration" classname="com.dotmarketing.portlets.rules.actionlet.SendRedirectActionletTest" time="0.0"/>
  <testcase name="testValidateParameters[0: com.dotmarketing.portlets.rules.actionlet.SendRedirectActionletTest$SimpleUrlCase@6f8ebdd1]" classname="com.dotmarketing.portlets.rules.actionlet.SendRedirectActionletTest" time="0.001"/>
  <testcase name="testValidateParameters[1: com.dotmarketing.portlets.rules.actionlet.SendRedirectActionletTest$SimpleUrlCase@368f1c95]" classname="com.dotmarketing.portlets.rules.actionlet.SendRedirectActionletTest" time="0.001"/>
  <testcase name="testValidateParameters[2: com.dotmarketing.portlets.rules.actionlet.SendRedirectActionletTest$SimpleUrlCase@59553b10]" classname="com.dotmarketing.portlets.rules.actionlet.SendRedirectActionletTest" time="0.0"/>
  <testcase name="testValidateParameters[3: com.dotmarketing.portlets.rules.actionlet.SendRedirectActionletTest$SimpleUrlCase@33326ef1]" classname="com.dotmarketing.portlets.rules.actionlet.SendRedirectActionletTest" time="0.0"/>
  <testcase name="testValidateParameters[4: com.dotmarketing.portlets.rules.actionlet.SendRedirectActionletTest$SimpleUrlCase@29c83d73]" classname="com.dotmarketing.portlets.rules.actionlet.SendRedirectActionletTest" time="0.001"/>
  <system-out><![CDATA[]]></system-out>
  <system-err><![CDATA[]]></system-err>
</testsuite>
