<?xml version="1.0" encoding="UTF-8"?>
<testsuite name="com.dotcms.auth.providers.jwt.factories.SecretKeySpecFactoryTest" tests="1" skipped="0" failures="0" errors="0" timestamp="2023-06-23T16:50:21" hostname="fv-az354-410" time="1.939">
  <properties/>
  <testcase name="readAndPrepareSecret" classname="com.dotcms.auth.providers.jwt.factories.SecretKeySpecFactoryTest" time="1.939"/>
  <system-out><![CDATA[5b0c44f9ef37f93c6b6a6c249e3295ebd1368c153494abc74dacde6b531b6b651ee3e3331bbddca853e63a83ae98fb6c36fe6831827ebd7bcd3d226bb09356da
MySecretKey2
MySecretKey3
MySecretKey3
d8a84281c8cedd2c3259884e66fca6e4b3355e15c840f94cfdfda8b81e6e3f3a13655acb006a24b76807d564c251bc4b1f5fd2d04035dd58cf4df097cdaedfe8
5b9e6d42a895b37e7286465861248adb565d8dd4ebb039583161fd2cb27702df7d49be65735ed70c116b4d3f44736e0c59c1567f03bda67a54bc4ecf23e1e3c5
e05eee2a8f6966fd062c242dc80d411f5815ffff95cfe174b080cf8661d9ea816cfcaa104c8ff43973807f45258cb6200d7e6389be4c44941defbcba2021d329
]]></system-out>
  <system-err><![CDATA[]]></system-err>
</testsuite>
