<?xml version="1.0" encoding="UTF-8"?>
<testsuite name="com.dotcms.auth.providers.jwt.factories.SecretKeySpecFactoryTest" tests="1" skipped="0" failures="0" errors="0" timestamp="2023-07-14T23:10:53" hostname="fv-az551-988" time="2.062">
  <properties/>
  <testcase name="readAndPrepareSecret" classname="com.dotcms.auth.providers.jwt.factories.SecretKeySpecFactoryTest" time="2.062"/>
  <system-out><![CDATA[3abfd68f3e0280e23e28311971c271f1668854664b84b56e6e9604227a62e0d3f283a523eb602c2cb90f49ec8f37003c6907db6ed131cb4753425f40048f0ccb
MySecretKey2
MySecretKey3
MySecretKey3
8b2209fc65c6bd0e848da933884ca6a1251250441a7db648f6d1fe688c23b00cbe79c81739c7ca2e908181686d95f1f7227314d8d62ed2909a3233e2e62dbd6f
40e2ce5de080cdb339f87ac4cd6de44842a932ec4064b806c3b3bad34c7bf5e889e0101a5fda4c236c720f439532f0129f6f288de3e4e2f8b7c1cbb368e6bec1
747a530667cb3d2960a8212bc23c857c75c8be48264c52d2edae1448abff749ed2edff5809c4763f831eea50a6c2b361ef308d643b5d8e6a828210ee71999d52
]]></system-out>
  <system-err><![CDATA[]]></system-err>
</testsuite>
