<?xml version="1.0" encoding="UTF-8"?>
<testsuite name="com.dotmarketing.portlets.osgi.AJAX.OSGIBaseAJAXTest" tests="3" skipped="0" failures="0" errors="0" timestamp="2023-06-27T23:50:55" hostname="fv-az626-69" time="0.082">
  <properties/>
  <testcase name="TestOnNullCallTheDefaultCommand" classname="com.dotmarketing.portlets.osgi.AJAX.OSGIBaseAJAXTest" time="0.04"/>
  <testcase name="TestNotAllowedCommands" classname="com.dotmarketing.portlets.osgi.AJAX.OSGIBaseAJAXTest" time="0.007"/>
  <testcase name="TestAllowedCommands" classname="com.dotmarketing.portlets.osgi.AJAX.OSGIBaseAJAXTest" time="0.035"/>
  <system-out><![CDATA[ Command ::  forbiddenMethod  on  class Mock for OSGIAJAX, hashCode: 1729806614
 Command ::  action  on  class Mock for OSGIAJAX, hashCode: 366065901
 Command ::  restart  on  class Mock for OSGIAJAX, hashCode: 366065901
 Command ::  start  on  class Mock for OSGIAJAX, hashCode: 366065901
 Command ::  add  on  class Mock for OSGIAJAX, hashCode: 366065901
 Command ::  stop  on  class Mock for OSGIAJAX, hashCode: 366065901
 Command ::  undeploy  on  class Mock for OSGIAJAX, hashCode: 366065901
 Command ::  modifyExtraPackages  on  class Mock for OSGIAJAX, hashCode: 366065901
 Command ::  deploy  on  class Mock for OSGIAJAX, hashCode: 366065901
 Command ::  remove  on  class Mock for OSGIAJAX, hashCode: 366065901
 Command ::  getExtraPackages  on  class Mock for OSGIAJAX, hashCode: 366065901
]]></system-out>
  <system-err><![CDATA[]]></system-err>
</testsuite>
