<?xml version="1.0" encoding="UTF-8"?>
<testsuite name="com.dotcms.publishing.BundlerUtilUnitTest" tests="4" skipped="0" failures="0" errors="0" timestamp="2023-07-10T23:57:50" hostname="fv-az203-15" time="0.014">
  <properties/>
  <testcase name="sanitize_bundle_name_null_name" classname="com.dotcms.publishing.BundlerUtilUnitTest" time="0.012"/>
  <testcase name="sanitize_bundle_name_with_changes" classname="com.dotcms.publishing.BundlerUtilUnitTest" time="0.0"/>
  <testcase name="sanitize_bundle_name_empty_name" classname="com.dotcms.publishing.BundlerUtilUnitTest" time="0.001"/>
  <testcase name="sanitize_bundle_name_no_changes" classname="com.dotcms.publishing.BundlerUtilUnitTest" time="0.0"/>
  <system-out><![CDATA[]]></system-out>
  <system-err><![CDATA[]]></system-err>
</testsuite>
