<?xml version="1.0" encoding="UTF-8"?>
<testsuite name="com.liferay.util.MathUtilTest" tests="1" skipped="0" failures="0" errors="0" timestamp="2023-07-21T02:46:27" hostname="fv-az398-443" time="0.006">
  <properties/>
  <testcase name="testHappyPath" classname="com.liferay.util.MathUtilTest" time="0.006"/>
  <system-out><![CDATA[]]></system-out>
  <system-err><![CDATA[]]></system-err>
</testsuite>
