<?xml version="1.0" encoding="UTF-8"?>
<testsuite name="com.dotcms.util.pagination.SiteViewPaginatorUnitTest" tests="2" skipped="0" failures="0" errors="0" timestamp="2023-07-17T13:33:11" hostname="fv-az1256-342" time="0.12">
  <properties/>
  <testcase name="Test_Get_Items_Sorted_Pages" classname="com.dotcms.util.pagination.SiteViewPaginatorUnitTest" time="0.087"/>
  <testcase name="Test_Get_Items_Page_Size" classname="com.dotcms.util.pagination.SiteViewPaginatorUnitTest" time="0.033"/>
  <system-out><![CDATA[SYSTEM_HOST
1
2
4
5
8
]]></system-out>
  <system-err><![CDATA[]]></system-err>
</testsuite>
