<?xml version="1.0" encoding="UTF-8"?>
<testsuite name="com.dotcms.auth.providers.jwt.factories.SecretKeySpecFactoryTest" tests="1" skipped="0" failures="0" errors="0" timestamp="2023-06-28T15:52:59" hostname="fv-az395-584" time="1.424">
  <properties/>
  <testcase name="readAndPrepareSecret" classname="com.dotcms.auth.providers.jwt.factories.SecretKeySpecFactoryTest" time="1.424"/>
  <system-out><![CDATA[6c5f7636b74f2304b29b1d9b3bbca9c74f6bb74734d369df098b4b823a9cf8d74fe2bf2a07c32dcbca134e515b01119f0296dcb90449f6792e325e64c29a019a
MySecretKey2
MySecretKey3
MySecretKey3
9e72d2a5f2266af0e5f08f8b0a9c661cf62a3b51951e71ce5ea34f1af8ac7f7f348da518dc411de2a7cc1ff276fc862bf1a2164d3fe2f478b0377cfe2bd8278c
b1fc58e9cf2bda11b3d489a3572818c5aa81fd1ed49ec218a6072b3ad2ecced7f04908284a15162b9ee62e732ec30a4f505c2649f95f161d9a328e44c2747145
e358758ee31d3c5c14fe751a862ccefcc858272533f3a7c443dda18683052016563139fe3ba1eaf776dbe15770eb6f9544a059bb749ab20da051fcea53248e64
]]></system-out>
  <system-err><![CDATA[]]></system-err>
</testsuite>
