<?xml version="1.0" encoding="UTF-8"?>
<testsuite name="com.dotcms.util.OptionalBooleanTest" tests="4" skipped="0" failures="0" errors="0" timestamp="2023-06-27T19:39:53" hostname="fv-az404-370" time="0.008">
  <properties/>
  <testcase name="testChain" classname="com.dotcms.util.OptionalBooleanTest" time="0.0"/>
  <testcase name="testFalse" classname="com.dotcms.util.OptionalBooleanTest" time="0.001"/>
  <testcase name="testNull" classname="com.dotcms.util.OptionalBooleanTest" time="0.0"/>
  <testcase name="testTrue" classname="com.dotcms.util.OptionalBooleanTest" time="0.007"/>
  <system-out><![CDATA[]]></system-out>
  <system-err><![CDATA[]]></system-err>
</testsuite>
