<?xml version="1.0" encoding="UTF-8"?>
<testsuite name="com.dotcms.rendering.velocity.viewtools.ContainerWebAPITest" tests="7" skipped="0" failures="0" errors="0" timestamp="2023-07-11T20:54:45" hostname="fv-az1109-242" time="0.287">
  <properties/>
  <testcase name="doesUserHasPermissionToAddContentThrowDotDataExceptionGettingSystemUser" classname="com.dotcms.rendering.velocity.viewtools.ContainerWebAPITest" time="0.116"/>
  <testcase name="doesUserHasPermissionToAddContentWithNullParameter" classname="com.dotcms.rendering.velocity.viewtools.ContainerWebAPITest" time="0.003"/>
  <testcase name="doesUserHasPermissionToAddContentNullList" classname="com.dotcms.rendering.velocity.viewtools.ContainerWebAPITest" time="0.118"/>
  <testcase name="doesUserHasPermissionToAddContentEmptyList" classname="com.dotcms.rendering.velocity.viewtools.ContainerWebAPITest" time="0.011"/>
  <testcase name="doesUserHasPermissionToAddContentThrowDotSecurityExceptionFindingContainer" classname="com.dotcms.rendering.velocity.viewtools.ContainerWebAPITest" time="0.024"/>
  <testcase name="doesUserHasPermissionToAddContentThrowDotDataExceptionFindingContainer" classname="com.dotcms.rendering.velocity.viewtools.ContainerWebAPITest" time="0.005"/>
  <testcase name="doesUserHasPermissionToAddContent" classname="com.dotcms.rendering.velocity.viewtools.ContainerWebAPITest" time="0.002"/>
  <system-out><![CDATA[]]></system-out>
  <system-err><![CDATA[]]></system-err>
</testsuite>
