<?xml version="1.0" encoding="UTF-8"?>
<testsuite name="com.dotcms.analytics.metrics.QueryParameterValuesGetterTest" tests="3" skipped="0" failures="0" errors="0" timestamp="2023-07-21T22:14:22" hostname="fv-az244-479" time="0.083">
  <properties/>
  <testcase name="getQueryParamsFromUrlWithNoneQueryParams" classname="com.dotcms.analytics.metrics.QueryParameterValuesGetterTest" time="0.078"/>
  <testcase name="getQueryParamsFromUrlWithOneQueryParams" classname="com.dotcms.analytics.metrics.QueryParameterValuesGetterTest" time="0.002"/>
  <testcase name="getQueryParamsFromUrlWithMultiQueryParams" classname="com.dotcms.analytics.metrics.QueryParameterValuesGetterTest" time="0.001"/>
  <system-out><![CDATA[]]></system-out>
  <system-err><![CDATA[]]></system-err>
</testsuite>
