<?xml version="1.0" encoding="UTF-8"?>
<testsuite name="com.dotcms.auth.providers.jwt.factories.SecretKeySpecFactoryTest" tests="1" skipped="0" failures="0" errors="0" timestamp="2023-06-30T16:04:50" hostname="fv-az570-599" time="1.518">
  <properties/>
  <testcase name="readAndPrepareSecret" classname="com.dotcms.auth.providers.jwt.factories.SecretKeySpecFactoryTest" time="1.518"/>
  <system-out><![CDATA[06494bc364111c599cd8d7135a51d3b1e4ac162c0fe3335e6dbadf2bb8ea2992bcc2aa4faedf0cb34329e0f8708d26455d7f2ef266b31a9835b732c46dc901e3
MySecretKey2
MySecretKey3
MySecretKey3
a39a79374435a7fd68b072f58616da3acd38b6736438655298bb4c2723f00d79bf35d1ef459a2eaf4e71e2e628630451e99b3f5166b712b73158dd4ba33768a4
cb3720e6a200ff89600fdb655e3b2d384620e2e78258b92be4cb3e9fd73dde801f77132bdfc9f57b63e63580fe914ec264eff659cdc976f486b5e0c9d5caa2fc
d492b132d99abbcff4970279a29bff5093992e17241c5105849e58eaa296925cfabd2dfc90679feabfb0bd83a89c553e000723bbc6369f7fdae41fe487ce5236
]]></system-out>
  <system-err><![CDATA[]]></system-err>
</testsuite>
