<?xml version="1.0" encoding="UTF-8"?>
<testsuite name="com.dotcms.auth.providers.jwt.factories.SecretKeySpecFactoryTest" tests="1" skipped="0" failures="0" errors="0" timestamp="2023-07-13T19:29:56" hostname="fv-az413-315" time="1.624">
  <properties/>
  <testcase name="readAndPrepareSecret" classname="com.dotcms.auth.providers.jwt.factories.SecretKeySpecFactoryTest" time="1.624"/>
  <system-out><![CDATA[d313a49e624aa1066ea5565bee796961c02aed8c75a470ea15a0255a3dd2b9422f5fe8f01ca3c0c729c36169fe186a63c69523a1e69f0faf31b353a9db58bad0
MySecretKey2
MySecretKey3
MySecretKey3
fb3765261f3da96455be7751ba7ff2968919a80788a8a4cb9345bd7241c952b3005dee2cd9b31013098d6bff2cfa243467e6c2cbe8583c716fbe261f515e4fda
54d72236b2d3d19b76eab414ef4b622f1c06dd28dad52f995d7d797229b6a5ff811ff95aca50dfb66340a4a01dbcff3452a31a9da2247d6f1758e686bd9dbc04
5c3ec616fa8fcf9a6535fc1055b99574e7b37ee0e328ddc1193e59570de2bfed7e3347416b11f2873d44fff669c11d70b976dab744d5dc66dc2981b10eaa0310
]]></system-out>
  <system-err><![CDATA[]]></system-err>
</testsuite>
