<?xml version="1.0" encoding="UTF-8"?>
<testsuite name="com.dotmarketing.common.util.SQLUtilTest" tests="58" skipped="0" failures="0" errors="0" timestamp="2023-06-21T16:53:52" hostname="fv-az1256-924" time="0.091">
  <properties/>
  <testcase name="testInvalidLike3SanitizeParameter" classname="com.dotmarketing.common.util.SQLUtilTest" time="0.01"/>
  <testcase name="testValidSelectBox7SanitizeParameter" classname="com.dotmarketing.common.util.SQLUtilTest" time="0.0"/>
  <testcase name="testValidSelectBox11SanitizeParameter" classname="com.dotmarketing.common.util.SQLUtilTest" time="0.0"/>
  <testcase name="Test_SanitizeSortBy_InvalidSortByFieldAsStringParameter_ShouldReturnBlankString" classname="com.dotmarketing.common.util.SQLUtilTest" time="0.001"/>
  <testcase name="testInvalidSelect5SanitizeParameter" classname="com.dotmarketing.common.util.SQLUtilTest" time="0.0"/>
  <testcase name="testValidDeleteSanitizeParameter" classname="com.dotmarketing.common.util.SQLUtilTest" time="0.001"/>
  <testcase name="testInvalidDeleteSanitizeParameter" classname="com.dotmarketing.common.util.SQLUtilTest" time="0.0"/>
  <testcase name="testValidSelectBox2SanitizeParameter" classname="com.dotmarketing.common.util.SQLUtilTest" time="0.0"/>
  <testcase name="testExploit2SanitizeParameter" classname="com.dotmarketing.common.util.SQLUtilTest" time="0.001"/>
  <testcase name="Test_SanitizeSortBy_BlankOrNullAsStringParameter_ShouldReturnBlankString" classname="com.dotmarketing.common.util.SQLUtilTest" time="0.0"/>
  <testcase name="testInvalidLike2SanitizeParameter" classname="com.dotmarketing.common.util.SQLUtilTest" time="0.0"/>
  <testcase name="testValidSelectBox6SanitizeParameter" classname="com.dotmarketing.common.util.SQLUtilTest" time="0.001"/>
  <testcase name="testValidSelectBox10SanitizeParameter" classname="com.dotmarketing.common.util.SQLUtilTest" time="0.0"/>
  <testcase name="Test_TranslateSortBy_UIFieldsListParameter_ShouldReturnConvertedList" classname="com.dotmarketing.common.util.SQLUtilTest" time="0.0"/>
  <testcase name="testInvalidSelect4SanitizeParameter" classname="com.dotmarketing.common.util.SQLUtilTest" time="0.001"/>
  <testcase name="testInValidWordsBothPaddingSanitizeParameter" classname="com.dotmarketing.common.util.SQLUtilTest" time="0.023"/>
  <testcase name="testInvalidSelectSanitizeParameter" classname="com.dotmarketing.common.util.SQLUtilTest" time="0.0"/>
  <testcase name="testInvalidSelect8SanitizeParameter" classname="com.dotmarketing.common.util.SQLUtilTest" time="0.0"/>
  <testcase name="testValidOrSanitizeParameter" classname="com.dotmarketing.common.util.SQLUtilTest" time="0.001"/>
  <testcase name="testValidSelectBox5SanitizeParameter" classname="com.dotmarketing.common.util.SQLUtilTest" time="0.0"/>
  <testcase name="testInValidWordsAfterPaddingSanitizeParameter" classname="com.dotmarketing.common.util.SQLUtilTest" time="0.006"/>
  <testcase name="testValidInsertSanitizeParameter" classname="com.dotmarketing.common.util.SQLUtilTest" time="0.0"/>
  <testcase name="testInvalidSelect3SanitizeParameter" classname="com.dotmarketing.common.util.SQLUtilTest" time="0.001"/>
  <testcase name="testValidSelectBox9SanitizeParameter" classname="com.dotmarketing.common.util.SQLUtilTest" time="0.0"/>
  <testcase name="testEscapeSqlwithSingleQuote" classname="com.dotmarketing.common.util.SQLUtilTest" time="0.001"/>
  <testcase name="testInValidWordsSanitizeParameter" classname="com.dotmarketing.common.util.SQLUtilTest" time="0.007"/>
  <testcase name="testDontEscapeSqlwithSingleQuote" classname="com.dotmarketing.common.util.SQLUtilTest" time="0.0"/>
  <testcase name="testInvalidOrSanitizeParameter" classname="com.dotmarketing.common.util.SQLUtilTest" time="0.001"/>
  <testcase name="testInvalidInsertSanitizeParameter" classname="com.dotmarketing.common.util.SQLUtilTest" time="0.0"/>
  <testcase name="testInvalidLikeSanitizeParameter" classname="com.dotmarketing.common.util.SQLUtilTest" time="0.0"/>
  <testcase name="testInvalidSelect7SanitizeParameter" classname="com.dotmarketing.common.util.SQLUtilTest" time="0.0"/>
  <testcase name="testValidSelect3SanitizeParameter" classname="com.dotmarketing.common.util.SQLUtilTest" time="0.0"/>
  <testcase name="testInvalidOr2SanitizeParameter" classname="com.dotmarketing.common.util.SQLUtilTest" time="0.001"/>
  <testcase name="testValidCondition" classname="com.dotmarketing.common.util.SQLUtilTest" time="0.0"/>
  <testcase name="testValidTableSelectSanitizeParameter" classname="com.dotmarketing.common.util.SQLUtilTest" time="0.0"/>
  <testcase name="testValidSelectBox4SanitizeParameter" classname="com.dotmarketing.common.util.SQLUtilTest" time="0.0"/>
  <testcase name="testEmptySanitizeParameter" classname="com.dotmarketing.common.util.SQLUtilTest" time="0.001"/>
  <testcase name="testValidEvilWordsSanitizeParameter" classname="com.dotmarketing.common.util.SQLUtilTest" time="0.0"/>
  <testcase name="testValidSelectBoxSanitizeParameter" classname="com.dotmarketing.common.util.SQLUtilTest" time="0.0"/>
  <testcase name="testInvalidSelect2SanitizeParameter" classname="com.dotmarketing.common.util.SQLUtilTest" time="0.0"/>
  <testcase name="Test_SanitizeSortBy_ModDateAsStringParameter_ShouldReturnModDate" classname="com.dotmarketing.common.util.SQLUtilTest" time="0.0"/>
  <testcase name="testValidLike2SanitizeParameter" classname="com.dotmarketing.common.util.SQLUtilTest" time="0.005"/>
  <testcase name="testValidSelectBox8SanitizeParameter" classname="com.dotmarketing.common.util.SQLUtilTest" time="0.0"/>
  <testcase name="testValidExploit1SanitizeParameter" classname="com.dotmarketing.common.util.SQLUtilTest" time="0.0"/>
  <testcase name="testValidSelectBox12SanitizeParameter" classname="com.dotmarketing.common.util.SQLUtilTest" time="0.0"/>
  <testcase name="testValidUpdateSanitizeParameter" classname="com.dotmarketing.common.util.SQLUtilTest" time="0.0"/>
  <testcase name="Test_SanitizeSortBy_ModDateWithHyphenOrDescAsStringParameter_ShouldReturnHyphenOrDescWithModDate" classname="com.dotmarketing.common.util.SQLUtilTest" time="0.0"/>
  <testcase name="testNullSanitizeParameter" classname="com.dotmarketing.common.util.SQLUtilTest" time="0.0"/>
  <testcase name="testInvalidSelect6SanitizeParameter" classname="com.dotmarketing.common.util.SQLUtilTest" time="0.0"/>
  <testcase name="testInvalidCondition" classname="com.dotmarketing.common.util.SQLUtilTest" time="0.0"/>
  <testcase name="testValidLikeSanitizeParameter" classname="com.dotmarketing.common.util.SQLUtilTest" time="0.0"/>
  <testcase name="testInvalidUpdateSanitizeParameter" classname="com.dotmarketing.common.util.SQLUtilTest" time="0.0"/>
  <testcase name="testInvalidUpdate2SanitizeParameter" classname="com.dotmarketing.common.util.SQLUtilTest" time="0.001"/>
  <testcase name="testValidOr2SanitizeParameter" classname="com.dotmarketing.common.util.SQLUtilTest" time="0.0"/>
  <testcase name="testValidUpdate2SanitizeParameter" classname="com.dotmarketing.common.util.SQLUtilTest" time="0.0"/>
  <testcase name="testValidSelectBox3SanitizeParameter" classname="com.dotmarketing.common.util.SQLUtilTest" time="0.0"/>
  <testcase name="testExploit3SanitizeParameter" classname="com.dotmarketing.common.util.SQLUtilTest" time="0.0"/>
  <testcase name="testInValidWordsBeforePaddingSanitizeParameter" classname="com.dotmarketing.common.util.SQLUtilTest" time="0.001"/>
  <system-out><![CDATA[]]></system-out>
  <system-err><![CDATA[]]></system-err>
</testsuite>
