<?xml version="1.0" encoding="UTF-8"?>
<testsuite name="com.dotcms.auth.providers.jwt.factories.SecretKeySpecFactoryTest" tests="1" skipped="0" failures="0" errors="0" timestamp="2023-06-23T18:10:31" hostname="fv-az178-408" time="1.785">
  <properties/>
  <testcase name="readAndPrepareSecret" classname="com.dotcms.auth.providers.jwt.factories.SecretKeySpecFactoryTest" time="1.785"/>
  <system-out><![CDATA[2905f8d90e6d8a3910e25e643ec30a34d33f7dd26a8f7918cac0fc792428dc06e8db71fae6908c373be4ad035918eaa74a2448878421611b1ad75104c3ba0d8b
MySecretKey2
MySecretKey3
MySecretKey3
a559589d368413105e23e27f68adcacfa615d35ede1424f892875eb37f4cee5f7a0715bbb3e81b4ce7dab1fa2adf439bdd9a47c524c644504323afeb52d9acbc
e526aab80a818fed9607c5faef24a20596bb92ec00cf4bba49bdee90d2148116ab19825e1fa6bfa6a3bc2b52ff89afcccfacd03d8ac888e3eb1f29d89fe872aa
ce9805e94622c0c0534290f45c56f0f79310f3258410ce541bdd95858329047b5c2a970a05a17166199d0f22be9deac234a50f809beca68923b762003c49a827
]]></system-out>
  <system-err><![CDATA[]]></system-err>
</testsuite>
