<?xml version="1.0" encoding="UTF-8"?>
<testsuite name="com.dotcms.auth.providers.jwt.factories.SecretKeySpecFactoryTest" tests="1" skipped="0" failures="0" errors="0" timestamp="2023-07-14T14:28:58" hostname="fv-az280-239" time="1.614">
  <properties/>
  <testcase name="readAndPrepareSecret" classname="com.dotcms.auth.providers.jwt.factories.SecretKeySpecFactoryTest" time="1.614"/>
  <system-out><![CDATA[e28c79f8f202ae07f4a433aced870485ae5ce4537395b77e0b4aea5f347ff525093e991770f470d2f67018d4d643ee5bd693fc7771a530245f46d2ef938d68c6
MySecretKey2
MySecretKey3
MySecretKey3
5f541c6dcbcb30504b856d40268b88ff7c950654eb51fe2cb9eaad6b08d40078f76f9f3659bf8a879bb7f9c9c904695417eae3351bec145df61525b48e559eec
5d6e5d8637e1961aa5d165dfa49411556e2e0b5e23af76488c777f4efe3815d1f6ce309fbd2a7a669020b611d651778c31e4944124b6d707ef1b4bafd935edaa
73bb2192444d1842cde0ec44b53ce36e599b7f7f4eb566a11365b2a5c456898d9d1e6760344293e6c58c83b3693f8350f565c2bb0b3cac44626403035d8b9c31
]]></system-out>
  <system-err><![CDATA[]]></system-err>
</testsuite>
