<?xml version="1.0" encoding="UTF-8"?>
<testsuite name="com.dotcms.auth.providers.jwt.factories.SecretKeySpecFactoryTest" tests="1" skipped="0" failures="0" errors="0" timestamp="2023-07-11T14:45:11" hostname="fv-az735-544" time="1.419">
  <properties/>
  <testcase name="readAndPrepareSecret" classname="com.dotcms.auth.providers.jwt.factories.SecretKeySpecFactoryTest" time="1.419"/>
  <system-out><![CDATA[f28e08103d16700c5c81ac49960cd008266edc2c147aba86523408150066023d79a0f4961af7e5c1642099d0e4f9d8a2d186355306f92d812aff4e45a050e848
MySecretKey2
MySecretKey3
MySecretKey3
0ae8e0474d55eec70da9e21f155b7adcf439e97e8aecf81d1d3d23323b95a0f5ffd99041c10ddf751a4fde5609481d7d33c803d805472d42be07c966a93202ae
3dbd46648d80a82f05d08b0f7faccabd0a612d64bca77729b653d5ea15c0f3858853495ea6851bf23994da3aa852dd23cd69799a7da80df85c5ca1e76af35d90
bfb1d6353fd8090f17c52290960387cc43854dadc365c4fcd8ecc99000785ce871ca6f9dee7b841688a898dc893d9007482935a130e78e749c91bb281bf9cb33
]]></system-out>
  <system-err><![CDATA[]]></system-err>
</testsuite>
