<?xml version="1.0" encoding="UTF-8"?>
<testsuite name="com.dotcms.util.pagination.SiteViewPaginatorUnitTest" tests="2" skipped="0" failures="0" errors="0" timestamp="2023-06-29T21:31:00" hostname="fv-az412-119" time="0.182">
  <properties/>
  <testcase name="Test_Get_Items_Sorted_Pages" classname="com.dotcms.util.pagination.SiteViewPaginatorUnitTest" time="0.126"/>
  <testcase name="Test_Get_Items_Page_Size" classname="com.dotcms.util.pagination.SiteViewPaginatorUnitTest" time="0.056"/>
  <system-out><![CDATA[SYSTEM_HOST
0
1
3
6
7
8
]]></system-out>
  <system-err><![CDATA[]]></system-err>
</testsuite>
