<?xml version="1.0" encoding="UTF-8"?>
<testsuite name="com.dotcms.auth.providers.jwt.factories.SecretKeySpecFactoryTest" tests="1" skipped="0" failures="0" errors="0" timestamp="2023-07-12T15:56:19" hostname="fv-az559-241" time="1.53">
  <properties/>
  <testcase name="readAndPrepareSecret" classname="com.dotcms.auth.providers.jwt.factories.SecretKeySpecFactoryTest" time="1.53"/>
  <system-out><![CDATA[e544406de6a294c6e89c2d67bc49beeef7744cd1546001fca9ee34b604e29783208b78551c1c3879da00edbba6f53ff0cd3c1a5d6cf42c9230442a7b65044286
MySecretKey2
MySecretKey3
MySecretKey3
8d6a598a6b9b4b1ed77a222c64d9daf2786a32b505e09d8ceaf5eb2f19bd454a7dd3987a734d379c455b5d1efd4bd3ba1b13934d0ce65d4811f92f0cc4b17a78
148b1c8ad7759fe840b94ac5a69f147193236267dae2eae4f6fd146e5c17240dcaaa5f7fc6f6a77bba2e7873bf47401158bd01db11ee444fb453aa794bb67da2
4bcee872599d4ad9fb7f1ab4d9e686fe9f17327c18fab7c7c78b89beb8f8b216c3de9fb978e80e0df9211db304ad90ac396aac98f98eb09671aec34f46fc0bff
]]></system-out>
  <system-err><![CDATA[]]></system-err>
</testsuite>
