<?xml version="1.0" encoding="UTF-8"?>
<testsuite name="com.dotcms.auth.providers.jwt.factories.SecretKeySpecFactoryTest" tests="1" skipped="0" failures="0" errors="0" timestamp="2023-07-10T22:03:08" hostname="fv-az442-489" time="1.709">
  <properties/>
  <testcase name="readAndPrepareSecret" classname="com.dotcms.auth.providers.jwt.factories.SecretKeySpecFactoryTest" time="1.709"/>
  <system-out><![CDATA[14ad4a6ce11897f73c893aa9943f33b35c12a539cd3c8776c5fcf36ce803da33cc012571aa28d06176c5322898b65cdd8e0770b5527ff849bce1de77724bca29
MySecretKey2
MySecretKey3
MySecretKey3
ed10784afa1ca2029cffc76c6ab1909bab741ff7ad2c3af5a5ecd1922834951456c3362d3f43f4cb1c7d27a6cd8d63cd785f3950378153350e64c1d369753936
239f48de3159d16018ebe23969ed80125d88dbfca6e5d3f38f6a037e32764a6a1b2f09c5b1d1f0e69667260169bf1e1d0adfe91bd970a9e0a1d998aed4450f5a
d8ecff72f622f3ac03da080510f56c2ad55e6d0948ee6053c80fae0f5bc9e4ac4a24a8c71ce1d8b482105268534b30b679dcc9dbcc561a161d68b52464c85116
]]></system-out>
  <system-err><![CDATA[]]></system-err>
</testsuite>
