<?xml version="1.0" encoding="UTF-8"?>
<testsuite name="com.dotmarketing.portlets.osgi.AJAX.OSGIBaseAJAXTest" tests="3" skipped="0" failures="0" errors="0" timestamp="2023-07-11T20:17:15" hostname="fv-az620-40" time="0.104">
  <properties/>
  <testcase name="TestOnNullCallTheDefaultCommand" classname="com.dotmarketing.portlets.osgi.AJAX.OSGIBaseAJAXTest" time="0.077"/>
  <testcase name="TestNotAllowedCommands" classname="com.dotmarketing.portlets.osgi.AJAX.OSGIBaseAJAXTest" time="0.003"/>
  <testcase name="TestAllowedCommands" classname="com.dotmarketing.portlets.osgi.AJAX.OSGIBaseAJAXTest" time="0.019"/>
  <system-out><![CDATA[ Command ::  forbiddenMethod  on  class Mock for OSGIAJAX, hashCode: 787868677
 Command ::  getExtraPackages  on  class Mock for OSGIAJAX, hashCode: 128288442
 Command ::  remove  on  class Mock for OSGIAJAX, hashCode: 128288442
 Command ::  deploy  on  class Mock for OSGIAJAX, hashCode: 128288442
 Command ::  modifyExtraPackages  on  class Mock for OSGIAJAX, hashCode: 128288442
 Command ::  undeploy  on  class Mock for OSGIAJAX, hashCode: 128288442
 Command ::  stop  on  class Mock for OSGIAJAX, hashCode: 128288442
 Command ::  add  on  class Mock for OSGIAJAX, hashCode: 128288442
 Command ::  start  on  class Mock for OSGIAJAX, hashCode: 128288442
 Command ::  restart  on  class Mock for OSGIAJAX, hashCode: 128288442
 Command ::  action  on  class Mock for OSGIAJAX, hashCode: 128288442
]]></system-out>
  <system-err><![CDATA[]]></system-err>
</testsuite>
