<?xml version="1.0" encoding="UTF-8"?>
<testsuite name="com.dotmarketing.portlets.workflows.ajax.WfBaseActionTest" tests="3" skipped="0" failures="0" errors="0" timestamp="2023-07-12T17:56:32" hostname="fv-az563-550" time="0.415">
  <properties/>
  <testcase name="TestOnNullCallTheDefaultCommand" classname="com.dotmarketing.portlets.workflows.ajax.WfBaseActionTest" time="0.341"/>
  <testcase name="TestNotAllowedCommands" classname="com.dotmarketing.portlets.workflows.ajax.WfBaseActionTest" time="0.023"/>
  <testcase name="TestAllowedCommands" classname="com.dotmarketing.portlets.workflows.ajax.WfBaseActionTest" time="0.051"/>
  <system-out><![CDATA[ Command ::  forbiddenMethod  on  class Mock for WfTaskAjax, hashCode: 266640916
 Command ::  forbiddenMethod  on  class Mock for WfRoleStoreAjax, hashCode: 507561200
 Command ::  forbiddenMethod  on  class Mock for WfSchemeAjax, hashCode: 56093569
 Command ::  forbiddenMethod  on  class Mock for WfActionClassAjax, hashCode: 1977674511
 Command ::  forbiddenMethod  on  class Mock for WfActionAjax, hashCode: 670316523
 Command ::  executeAction  on  class Mock for WfTaskAjax, hashCode: 1184545934
 Command ::  action  on  class Mock for WfTaskAjax, hashCode: 1184545934
 Command ::  executeActions  on  class Mock for WfTaskAjax, hashCode: 1184545934
 Command ::  rolesToJson  on  class Mock for WfRoleStoreAjax, hashCode: 1973054972
 Command ::  assignable  on  class Mock for WfRoleStoreAjax, hashCode: 1973054972
 Command ::  action  on  class Mock for WfRoleStoreAjax, hashCode: 1973054972
 Command ::  action  on  class Mock for WfSchemeAjax, hashCode: 2079774015
 Command ::  save  on  class Mock for WfSchemeAjax, hashCode: 2079774015
 Command ::  save  on  class Mock for WfActionClassAjax, hashCode: 803288493
 Command ::  delete  on  class Mock for WfActionClassAjax, hashCode: 803288493
 Command ::  reorder  on  class Mock for WfActionClassAjax, hashCode: 803288493
 Command ::  action  on  class Mock for WfActionClassAjax, hashCode: 803288493
 Command ::  add  on  class Mock for WfActionClassAjax, hashCode: 803288493
 Command ::  deleteActionForStep  on  class Mock for WfActionAjax, hashCode: 1137016357
 Command ::  add  on  class Mock for WfActionAjax, hashCode: 1137016357
 Command ::  action  on  class Mock for WfActionAjax, hashCode: 1137016357
 Command ::  reorder  on  class Mock for WfActionAjax, hashCode: 1137016357
 Command ::  delete  on  class Mock for WfActionAjax, hashCode: 1137016357
 Command ::  save  on  class Mock for WfActionAjax, hashCode: 1137016357
]]></system-out>
  <system-err><![CDATA[]]></system-err>
</testsuite>
