<?xml version="1.0" encoding="UTF-8"?>
<testsuite name="com.dotmarketing.portlets.workflows.ajax.WfBaseActionTest" tests="3" skipped="0" failures="0" errors="0" timestamp="2023-07-05T18:27:16" hostname="fv-az244-433" time="0.36">
  <properties/>
  <testcase name="TestOnNullCallTheDefaultCommand" classname="com.dotmarketing.portlets.workflows.ajax.WfBaseActionTest" time="0.295"/>
  <testcase name="TestNotAllowedCommands" classname="com.dotmarketing.portlets.workflows.ajax.WfBaseActionTest" time="0.027"/>
  <testcase name="TestAllowedCommands" classname="com.dotmarketing.portlets.workflows.ajax.WfBaseActionTest" time="0.038"/>
  <system-out><![CDATA[ Command ::  forbiddenMethod  on  class Mock for WfActionAjax, hashCode: 1341654420
 Command ::  forbiddenMethod  on  class Mock for WfTaskAjax, hashCode: 459097948
 Command ::  forbiddenMethod  on  class Mock for WfSchemeAjax, hashCode: 49429726
 Command ::  forbiddenMethod  on  class Mock for WfActionClassAjax, hashCode: 1922532942
 Command ::  forbiddenMethod  on  class Mock for WfRoleStoreAjax, hashCode: 639369579
 Command ::  reorder  on  class Mock for WfActionAjax, hashCode: 1632176863
 Command ::  action  on  class Mock for WfActionAjax, hashCode: 1632176863
 Command ::  add  on  class Mock for WfActionAjax, hashCode: 1632176863
 Command ::  deleteActionForStep  on  class Mock for WfActionAjax, hashCode: 1632176863
 Command ::  save  on  class Mock for WfActionAjax, hashCode: 1632176863
 Command ::  delete  on  class Mock for WfActionAjax, hashCode: 1632176863
 Command ::  action  on  class Mock for WfTaskAjax, hashCode: 1841861312
 Command ::  executeAction  on  class Mock for WfTaskAjax, hashCode: 1841861312
 Command ::  executeActions  on  class Mock for WfTaskAjax, hashCode: 1841861312
 Command ::  save  on  class Mock for WfSchemeAjax, hashCode: 168666686
 Command ::  action  on  class Mock for WfSchemeAjax, hashCode: 168666686
 Command ::  reorder  on  class Mock for WfActionClassAjax, hashCode: 1484660777
 Command ::  delete  on  class Mock for WfActionClassAjax, hashCode: 1484660777
 Command ::  save  on  class Mock for WfActionClassAjax, hashCode: 1484660777
 Command ::  add  on  class Mock for WfActionClassAjax, hashCode: 1484660777
 Command ::  action  on  class Mock for WfActionClassAjax, hashCode: 1484660777
 Command ::  action  on  class Mock for WfRoleStoreAjax, hashCode: 710774234
 Command ::  assignable  on  class Mock for WfRoleStoreAjax, hashCode: 710774234
 Command ::  rolesToJson  on  class Mock for WfRoleStoreAjax, hashCode: 710774234
]]></system-out>
  <system-err><![CDATA[]]></system-err>
</testsuite>
