<?xml version="1.0" encoding="UTF-8"?>
<testsuite name="com.dotcms.rest.api.v1.authentication.AuthenticationResourceTest" tests="10" skipped="0" failures="0" errors="0" timestamp="2023-07-10T20:55:55" hostname="fv-az168-868" time="0.407">
  <properties/>
  <testcase name="testEmptyParameter" classname="com.dotcms.rest.api.v1.authentication.AuthenticationResourceTest" time="0.251"/>
  <testcase name="testUserPasswordException" classname="com.dotcms.rest.api.v1.authentication.AuthenticationResourceTest" time="0.076"/>
  <testcase name="testgetUsersWithLoginAs" classname="com.dotcms.rest.api.v1.authentication.AuthenticationResourceTest" time="0.02"/>
  <testcase name="testAuthException" classname="com.dotcms.rest.api.v1.authentication.AuthenticationResourceTest" time="0.008"/>
  <testcase name="testgetUsersWithoutLoginAs" classname="com.dotcms.rest.api.v1.authentication.AuthenticationResourceTest" time="0.008"/>
  <testcase name="testNoSuchUserException" classname="com.dotcms.rest.api.v1.authentication.AuthenticationResourceTest" time="0.003"/>
  <testcase name="testRequiredLayoutException" classname="com.dotcms.rest.api.v1.authentication.AuthenticationResourceTest" time="0.005"/>
  <testcase name="testUserActiveException" classname="com.dotcms.rest.api.v1.authentication.AuthenticationResourceTest" time="0.006"/>
  <testcase name="testWrongParameter" classname="com.dotcms.rest.api.v1.authentication.AuthenticationResourceTest" time="0.016"/>
  <testcase name="testUserEmailAddressException" classname="com.dotcms.rest.api.v1.authentication.AuthenticationResourceTest" time="0.002"/>
  <system-out><![CDATA[ErrorEntity{errorCode='your-account-is-not-active', message='your-account-is-not-active', fieldName='null'}
]]></system-out>
  <system-err><![CDATA[Jul 10, 2023 8:55:55 PM com.dotcms.repackage.org.hibernate.validator.internal.util.Version <clinit>
INFO: HV000001: Hibernate Validator 4.3.2.Final
]]></system-err>
</testsuite>
