<?xml version="1.0" encoding="UTF-8"?>
<testsuite name="com.dotcms.auth.providers.jwt.factories.SecretKeySpecFactoryTest" tests="1" skipped="0" failures="0" errors="0" timestamp="2023-06-22T17:52:19" hostname="fv-az398-726" time="1.512">
  <properties/>
  <testcase name="readAndPrepareSecret" classname="com.dotcms.auth.providers.jwt.factories.SecretKeySpecFactoryTest" time="1.512"/>
  <system-out><![CDATA[176ef869af04b0cdc072ee49f2752137d54eb390c681b4e5ef2bfaf24c0defdcfed99974e2fb08d34e09e87d2305b210495f2af52aca9f3ccaf30ef035702fb9
MySecretKey2
MySecretKey3
MySecretKey3
a2ac79e6d5145712921557246e0efa544a69a763ce1a881baea695c63b4908de44896c3ea73c6a4621fa6b3b7eb7c7a6c1173c27547c5306e5af41573d449e19
3e1da1f5f4ce8d62d27a578c32b1d715bc996be44228b494abe4f5fcabb0628c42dd7cd29c622b00b9e6939e573867e546a9ef1d94816292622f7b122c79576d
60c6bf8116c67f5f738aa69750e4c7613a4ba15ae29f77417b779def1318a7cf7bbe87babd57e4f1db0ea08cbd39572e0e8d68400db29f4024f5e10aabc97249
]]></system-out>
  <system-err><![CDATA[]]></system-err>
</testsuite>
