<?xml version="1.0" encoding="UTF-8"?>
<testsuite name="com.dotcms.util.HttpRequestDataUtilTest" tests="6" skipped="0" failures="0" errors="0" timestamp="2023-07-14T17:25:16" hostname="fv-az887-517" time="0.007">
  <properties/>
  <testcase name="test_getHeaderCaseInsensitive[0: com.dotcms.util.HttpRequestDataUtilTest$ParamTestCase@19c32452]" classname="com.dotcms.util.HttpRequestDataUtilTest" time="0.001"/>
  <testcase name="test_getHeaderCaseInsensitive[1: com.dotcms.util.HttpRequestDataUtilTest$ParamTestCase@630fd67]" classname="com.dotcms.util.HttpRequestDataUtilTest" time="0.004"/>
  <testcase name="test_getHeaderCaseInsensitive[2: com.dotcms.util.HttpRequestDataUtilTest$ParamTestCase@5351605e]" classname="com.dotcms.util.HttpRequestDataUtilTest" time="0.0"/>
  <testcase name="test_getParamCaseInsensitive[0: com.dotcms.util.HttpRequestDataUtilTest$ParamTestCase@19c32452]" classname="com.dotcms.util.HttpRequestDataUtilTest" time="0.001"/>
  <testcase name="test_getParamCaseInsensitive[1: com.dotcms.util.HttpRequestDataUtilTest$ParamTestCase@630fd67]" classname="com.dotcms.util.HttpRequestDataUtilTest" time="0.0"/>
  <testcase name="test_getParamCaseInsensitive[2: com.dotcms.util.HttpRequestDataUtilTest$ParamTestCase@5351605e]" classname="com.dotcms.util.HttpRequestDataUtilTest" time="0.001"/>
  <system-out><![CDATA[]]></system-out>
  <system-err><![CDATA[]]></system-err>
</testsuite>
