<?xml version="1.0" encoding="UTF-8"?>
<testsuite name="com.dotcms.auth.providers.jwt.factories.SecretKeySpecFactoryTest" tests="1" skipped="0" failures="0" errors="0" timestamp="2023-07-13T15:56:29" hostname="fv-az343-671" time="2.087">
  <properties/>
  <testcase name="readAndPrepareSecret" classname="com.dotcms.auth.providers.jwt.factories.SecretKeySpecFactoryTest" time="2.087"/>
  <system-out><![CDATA[ed33591e0f089468ce2218ed32a3a8c5c69b753aa275e787af575fafec6d2f2b8cf0656ee6de675f10a961e8e6751667472486f83f23efca3f54c4641c1d57f8
MySecretKey2
MySecretKey3
MySecretKey3
29b16538a1c6ead7df46a30bb95f81742f9d9e083b4d5345b62487d1e37521a8b5c3aa989998cb8b6bd9776bbf46cf5213b83525bb2f073ed9fccfe796a67c50
249e3eedb69f484835852e56bd5695d806adb79e6fe4e1c9878e19de58fe2d140077c367ef8dd3c468cfc6e877dfe63eda453ac52e82503b01fc745caf1765fd
7043ec2e8b7313e506cdd68f82f87099cc8ed3c52125f11979702034d42ebf3a78dd2146f95f93bb3d04623487f76346f3e50b50160ff587ca67266d1a3b91ed
]]></system-out>
  <system-err><![CDATA[]]></system-err>
</testsuite>
