<?xml version="1.0" encoding="UTF-8"?>
<testsuite name="com.dotcms.auth.providers.jwt.factories.SecretKeySpecFactoryTest" tests="1" skipped="0" failures="0" errors="0" timestamp="2023-06-26T15:12:37" hostname="fv-az254-300" time="1.824">
  <properties/>
  <testcase name="readAndPrepareSecret" classname="com.dotcms.auth.providers.jwt.factories.SecretKeySpecFactoryTest" time="1.824"/>
  <system-out><![CDATA[ce6516d86aa71e0e21181df0be0cee40a8ed1b16f453b1ec618f2a0282ea6846aa925c57ca92358c18ae936d29d14b5ff8d26b06ce0de63021ded99fd9a9cc70
MySecretKey2
MySecretKey3
MySecretKey3
3df9f91d0bb9f3604b7348c93f93d8fb0f3969b1dfe6c92b058fb8829b234ff89246c847ed22625a3767054d121f4373e0f531729c5cdb19798c2e47d50ffa0d
be3e8188d0ead58dadbc3e1316f40e1e18f8b93cac29da60cfd258e0cf0a0fc48d52b6f4beab4ef1f3fd45f8335c5d2cdc60fcb0bdb5e67e31eb5e95fd171f77
2b74ca07d11df8477a6b958a6af55057d706a7672706b9b83388df1da705891aecf6051bc396d735394ad17f61e09a1986b73e5c6aadc3fa08a6ef2d3eddeae5
]]></system-out>
  <system-err><![CDATA[]]></system-err>
</testsuite>
