<?xml version="1.0" encoding="UTF-8"?>
<testsuite name="com.dotcms.auth.providers.jwt.factories.SecretKeySpecFactoryTest" tests="1" skipped="0" failures="0" errors="0" timestamp="2023-07-19T22:43:04" hostname="fv-az795-144" time="1.418">
  <properties/>
  <testcase name="readAndPrepareSecret" classname="com.dotcms.auth.providers.jwt.factories.SecretKeySpecFactoryTest" time="1.418"/>
  <system-out><![CDATA[940177ac612ae11c035e18988e65f12bc69f31c1c79a47e52cecb72c6f86f9e6bb402078ae0f65d40f24439c87858c39b8754c794aa407d71b3bbf901854440d
MySecretKey2
MySecretKey3
MySecretKey3
29c3a0ec25c4ab7c7c8b6942f6f70678e739f92cba094b304e7e32e646260702863efb4a82c70b66d5ba42ab7ae029193a7c797ec6d84e6b9edfc54e4a6c50e2
0a91658eaa3cf8b435e0c82017116ab848f13bfe760330dd4bffd798e8ceb131b2669707b37fbbcdda4809742932f9df82269e63c855ace12d1291a645d1fe37
521d3ec7643b76458d58323bee5e12439ae60564ce12c6283b91e7305820cfdb971b96931944bebf3b0931f8900ecde163628d3c9b7a1ba343963f378d673174
]]></system-out>
  <system-err><![CDATA[]]></system-err>
</testsuite>
