<?xml version="1.0" encoding="UTF-8"?>
<testsuite name="com.dotcms.auth.providers.jwt.factories.SecretKeySpecFactoryTest" tests="1" skipped="0" failures="0" errors="0" timestamp="2023-06-26T15:09:22" hostname="fv-az620-565" time="2.211">
  <properties/>
  <testcase name="readAndPrepareSecret" classname="com.dotcms.auth.providers.jwt.factories.SecretKeySpecFactoryTest" time="2.211"/>
  <system-out><![CDATA[8e1a61902ed70927a9d482e2284564c378fd45597fb64eb2e958265aa4d7290e673f272ff6fff3a9bf09a166b5ebf4c444555f946559a480bd328163108bb882
MySecretKey2
MySecretKey3
MySecretKey3
4e7bfa54ca0959f5b7206a9121bd47f8d607e02536310ef9c03223631c1dfbd4df227957bec1a6120be6cffabeb8d769eaa19cce7e28383e99aadf2b935e6865
c8a49943adb473e3db9abb0d21ed9d19a13b557f06a7782a3336f3553ba2fe2ff528cf41b7176b51ac3c9b6e05491fe638b0ceb0e00ff5c4622344e08fa6df63
946197ab2acecdfd3f29f810bcc2297052ff84065aaf2378495fa97f3d325281035668b229870aaf8d81ef3bb3d51291c2deb4da9118f05e366a45f5ca9bf8d2
]]></system-out>
  <system-err><![CDATA[]]></system-err>
</testsuite>
