<?xml version="1.0" encoding="UTF-8"?>
<testsuite name="com.dotmarketing.portlets.workflows.ajax.WfBaseActionTest" tests="3" skipped="0" failures="0" errors="0" timestamp="2023-07-11T21:17:17" hostname="fv-az255-202" time="0.178">
  <properties/>
  <testcase name="TestOnNullCallTheDefaultCommand" classname="com.dotmarketing.portlets.workflows.ajax.WfBaseActionTest" time="0.149"/>
  <testcase name="TestNotAllowedCommands" classname="com.dotmarketing.portlets.workflows.ajax.WfBaseActionTest" time="0.01"/>
  <testcase name="TestAllowedCommands" classname="com.dotmarketing.portlets.workflows.ajax.WfBaseActionTest" time="0.019"/>
  <system-out><![CDATA[ Command ::  forbiddenMethod  on  class Mock for WfTaskAjax, hashCode: 507561200
 Command ::  forbiddenMethod  on  class Mock for WfSchemeAjax, hashCode: 56093569
 Command ::  forbiddenMethod  on  class Mock for WfActionClassAjax, hashCode: 1977674511
 Command ::  forbiddenMethod  on  class Mock for WfActionAjax, hashCode: 670316523
 Command ::  forbiddenMethod  on  class Mock for WfRoleStoreAjax, hashCode: 1184545934
 Command ::  executeActions  on  class Mock for WfTaskAjax, hashCode: 1165420555
 Command ::  executeAction  on  class Mock for WfTaskAjax, hashCode: 1165420555
 Command ::  action  on  class Mock for WfTaskAjax, hashCode: 1165420555
 Command ::  action  on  class Mock for WfSchemeAjax, hashCode: 2079774015
 Command ::  save  on  class Mock for WfSchemeAjax, hashCode: 2079774015
 Command ::  reorder  on  class Mock for WfActionClassAjax, hashCode: 803288493
 Command ::  action  on  class Mock for WfActionClassAjax, hashCode: 803288493
 Command ::  add  on  class Mock for WfActionClassAjax, hashCode: 803288493
 Command ::  save  on  class Mock for WfActionClassAjax, hashCode: 803288493
 Command ::  delete  on  class Mock for WfActionClassAjax, hashCode: 803288493
 Command ::  save  on  class Mock for WfActionAjax, hashCode: 1137016357
 Command ::  deleteActionForStep  on  class Mock for WfActionAjax, hashCode: 1137016357
 Command ::  add  on  class Mock for WfActionAjax, hashCode: 1137016357
 Command ::  action  on  class Mock for WfActionAjax, hashCode: 1137016357
 Command ::  reorder  on  class Mock for WfActionAjax, hashCode: 1137016357
 Command ::  delete  on  class Mock for WfActionAjax, hashCode: 1137016357
 Command ::  rolesToJson  on  class Mock for WfRoleStoreAjax, hashCode: 1114272351
 Command ::  assignable  on  class Mock for WfRoleStoreAjax, hashCode: 1114272351
 Command ::  action  on  class Mock for WfRoleStoreAjax, hashCode: 1114272351
]]></system-out>
  <system-err><![CDATA[]]></system-err>
</testsuite>
