<?xml version="1.0" encoding="UTF-8"?>
<testsuite name="com.dotcms.content.elasticsearch.business.ESIndexHelperTest" tests="16" skipped="0" failures="0" errors="0" timestamp="2023-07-06T18:46:43" hostname="fv-az365-134" time="0.295">
  <properties/>
  <testcase name="isSnapshotFilename_empty" classname="com.dotcms.content.elasticsearch.business.ESIndexHelperTest" time="0.104"/>
  <testcase name="isSnapshotFilename_mixCase" classname="com.dotcms.content.elasticsearch.business.ESIndexHelperTest" time="0.001"/>
  <testcase name="getIndexFromFilename" classname="com.dotcms.content.elasticsearch.business.ESIndexHelperTest" time="0.001"/>
  <testcase name="getIndexFromFilename_mixCase" classname="com.dotcms.content.elasticsearch.business.ESIndexHelperTest" time="0.0"/>
  <testcase name="getIndexNameOrAliasTest_nullIndexName" classname="com.dotcms.content.elasticsearch.business.ESIndexHelperTest" time="0.173"/>
  <testcase name="getIndexFromFilename_empty" classname="com.dotcms.content.elasticsearch.business.ESIndexHelperTest" time="0.0"/>
  <testcase name="getIndexNameOrAliasTest_invalidIndexKey" classname="com.dotcms.content.elasticsearch.business.ESIndexHelperTest" time="0.004"/>
  <testcase name="isSnapshotFilename_noExtension" classname="com.dotcms.content.elasticsearch.business.ESIndexHelperTest" time="0.001"/>
  <testcase name="getIndexFromFilename_null" classname="com.dotcms.content.elasticsearch.business.ESIndexHelperTest" time="0.002"/>
  <testcase name="isSnapshotFilename" classname="com.dotcms.content.elasticsearch.business.ESIndexHelperTest" time="0.0"/>
  <testcase name="isSnapshotFilename_null" classname="com.dotcms.content.elasticsearch.business.ESIndexHelperTest" time="0.0"/>
  <testcase name="getIndexNameOrAliasTest_alias" classname="com.dotcms.content.elasticsearch.business.ESIndexHelperTest" time="0.002"/>
  <testcase name="getIndexNameOrAliasTest_index" classname="com.dotcms.content.elasticsearch.business.ESIndexHelperTest" time="0.0"/>
  <testcase name="isSnapshotFilename_wrongName" classname="com.dotcms.content.elasticsearch.business.ESIndexHelperTest" time="0.001"/>
  <testcase name="getIndexNameOrAliasTest_noIndex" classname="com.dotcms.content.elasticsearch.business.ESIndexHelperTest" time="0.002"/>
  <testcase name="getIndexNameOrAliasTest_nullIndexKey" classname="com.dotcms.content.elasticsearch.business.ESIndexHelperTest" time="0.002"/>
  <system-out><![CDATA[]]></system-out>
  <system-err><![CDATA[]]></system-err>
</testsuite>
