<?xml version="1.0" encoding="UTF-8"?>
<testsuite name="com.dotcms.auth.providers.jwt.factories.SecretKeySpecFactoryTest" tests="1" skipped="0" failures="0" errors="0" timestamp="2023-07-17T15:18:40" hostname="fv-az1104-43" time="1.62">
  <properties/>
  <testcase name="readAndPrepareSecret" classname="com.dotcms.auth.providers.jwt.factories.SecretKeySpecFactoryTest" time="1.62"/>
  <system-out><![CDATA[53fc04826b0219c39329c5f7509253eb1601f711f541a0c96a0b27b8b73213cf0583bea39565d196934ee289b3e590671d4d70c3273fca1920ddd91ce07cefc8
MySecretKey2
MySecretKey3
MySecretKey3
e5f7d835f9027db001d069e5ce596617186d0250e20e1f5bae9ec926484bfd711fde3084b6bec8b9a94cf56d7bd185e8f0c0e0285e49d44af424083fc21ba27a
a6d4d7f442ce01fe1ba3c499774872b43f3f4edee630bf2904ff794d68f4835156f13939e8377ca9e23004469dddd66e7a6d0581dded4596cb0d05be0e5bdbf0
0d669edccf80486f783d6a1c8173ad9efe1f7279f4f763e68df552efa5b22bc2a48872314f1079d5e119e472e170f1cf060af8071d605e086e1f4012b893b957
]]></system-out>
  <system-err><![CDATA[]]></system-err>
</testsuite>
