<?xml version="1.0" encoding="UTF-8"?>
<testsuite name="com.dotmarketing.portlets.osgi.AJAX.OSGIBaseAJAXTest" tests="3" skipped="0" failures="0" errors="0" timestamp="2023-06-27T03:41:30" hostname="fv-az1107-695" time="0.065">
  <properties/>
  <testcase name="TestOnNullCallTheDefaultCommand" classname="com.dotmarketing.portlets.osgi.AJAX.OSGIBaseAJAXTest" time="0.045"/>
  <testcase name="TestNotAllowedCommands" classname="com.dotmarketing.portlets.osgi.AJAX.OSGIBaseAJAXTest" time="0.003"/>
  <testcase name="TestAllowedCommands" classname="com.dotmarketing.portlets.osgi.AJAX.OSGIBaseAJAXTest" time="0.017"/>
  <system-out><![CDATA[ Command ::  forbiddenMethod  on  class Mock for OSGIAJAX, hashCode: 1474301635
 Command ::  remove  on  class Mock for OSGIAJAX, hashCode: 1920389470
 Command ::  deploy  on  class Mock for OSGIAJAX, hashCode: 1920389470
 Command ::  modifyExtraPackages  on  class Mock for OSGIAJAX, hashCode: 1920389470
 Command ::  undeploy  on  class Mock for OSGIAJAX, hashCode: 1920389470
 Command ::  stop  on  class Mock for OSGIAJAX, hashCode: 1920389470
 Command ::  add  on  class Mock for OSGIAJAX, hashCode: 1920389470
 Command ::  start  on  class Mock for OSGIAJAX, hashCode: 1920389470
 Command ::  restart  on  class Mock for OSGIAJAX, hashCode: 1920389470
 Command ::  action  on  class Mock for OSGIAJAX, hashCode: 1920389470
 Command ::  getExtraPackages  on  class Mock for OSGIAJAX, hashCode: 1920389470
]]></system-out>
  <system-err><![CDATA[]]></system-err>
</testsuite>
