<?xml version="1.0" encoding="UTF-8"?>
<testsuite name="com.dotcms.auth.providers.jwt.factories.SecretKeySpecFactoryTest" tests="1" skipped="0" failures="0" errors="0" timestamp="2023-07-21T14:38:38" hostname="fv-az341-745" time="1.724">
  <properties/>
  <testcase name="readAndPrepareSecret" classname="com.dotcms.auth.providers.jwt.factories.SecretKeySpecFactoryTest" time="1.724"/>
  <system-out><![CDATA[297497921271aafbce6fa8801e9438c29b6bca2375deed0c7758f313d6a38185521be087ca1ef9437ebeeedf8f8b5c66bf5cf2a79a3a94116d5f1d9120b79294
MySecretKey2
MySecretKey3
MySecretKey3
5b50a6f129f62dea6b3ab53f2981c1e1f331471f84adbd8b3242da752c0b53cb2e351b6ae233d8d5652763b949873beaba6eac146e5434e0346f36603d3f3dea
1d87ec9f4c61e4485680da39b6cd7f6ba3e3057675a851f296b2c4926fd09be130b630b7e564de39d39bf3625e435806da4e56c560893c76aaff013f81352031
eec938514aebea9c22a4d49d3b7db57713290a4211671114ab6e1c7d9917586260a61b4de044ac2182d549e2f64e5be17d179644e74231939f473054e72d59b1
]]></system-out>
  <system-err><![CDATA[]]></system-err>
</testsuite>
