<?xml version="1.0" encoding="UTF-8"?>
<testsuite name="com.dotcms.cache.transport.CacheTransportTopicTest" tests="2" skipped="0" failures="0" errors="0" timestamp="2023-07-06T20:35:15" hostname="fv-az248-4" time="2.507">
  <properties/>
  <testcase name="test_provider_topic_sending__a_ping_gets_a_pong" classname="com.dotcms.cache.transport.CacheTransportTopicTest" time="2.502"/>
  <testcase name="test_provider_override" classname="com.dotcms.cache.transport.CacheTransportTopicTest" time="0.004"/>
  <system-out><![CDATA[]]></system-out>
  <system-err><![CDATA[]]></system-err>
</testsuite>
