<?xml version="1.0" encoding="UTF-8"?>
<testsuite name="com.dotcms.auth.providers.jwt.factories.SecretKeySpecFactoryTest" tests="1" skipped="0" failures="0" errors="0" timestamp="2023-06-26T22:04:03" hostname="fv-az1236-103" time="1.284">
  <properties/>
  <testcase name="readAndPrepareSecret" classname="com.dotcms.auth.providers.jwt.factories.SecretKeySpecFactoryTest" time="1.284"/>
  <system-out><![CDATA[2f1d4e8086d2afa151e5db3aba7c1e18b90b74625f3f8f1218a150084da0899028490a4a1795ade722f0e16a473d0fe46690c7e3bf078faeaca5306a00de05e3
MySecretKey2
MySecretKey3
MySecretKey3
46039a5e8367969a05ea2f1366a04615f0b3184bc519204f4e6797c83d7061539498ce97efb2f99c1f38e0c7b2a7c92bfe061e03b3343b3dc12aa8429b2228b6
da54ebc58365e08142d154248a663972bb4e8ec5544346b70a71387e499dc02edc40d5be49ad7412d58d81ea9610a7bdc68453600cb753f9152a951c236c742b
0c0a5ec44cfc0c4323b64aace0e5c14824eb006a1fb5be4dd46b13e77427e1d3e39d1f04284ef53ea18f9edf502d8533cd23afbdaee2dd9383916eeac8895c7c
]]></system-out>
  <system-err><![CDATA[]]></system-err>
</testsuite>
