<?xml version="1.0" encoding="UTF-8"?>
<testsuite name="com.dotcms.auth.providers.jwt.factories.SecretKeySpecFactoryTest" tests="1" skipped="0" failures="0" errors="0" timestamp="2023-07-12T18:54:20" hostname="fv-az842-863" time="1.26">
  <properties/>
  <testcase name="readAndPrepareSecret" classname="com.dotcms.auth.providers.jwt.factories.SecretKeySpecFactoryTest" time="1.26"/>
  <system-out><![CDATA[0345e4696cc9bc28b47016e97a22f9edce3b3ec08a5aef417cb2d23f81363a17338f2110cbe64492b269569fed8190f4ac118c8bf4640554c50c4ffc961c3a3e
MySecretKey2
MySecretKey3
MySecretKey3
90566cfa3b947e96a31958d4817408bd23c87855fbd33cd910947b32938f00be289f7f174a50ec85376a175cbe6d3dbaf2bbfd0bdb02c7e003f806ba35743d3b
f8003fb13e08367b5c11cd061aca4cb2e18a9a706b6b601fd91a97f2df369b0969a320418fed629a5c8310f717431b3d5a63e1c3c92de718d5ebc152ca0eaa3c
dc0bdc8f263b2850fb3d7ef7beee6ffe56c3c13eaa4e980f56b8277b7afdb85135d72e3deeac8ec2aff3bda58a7fc7456111bec7c5d34752bb4f4e3e3b531cac
]]></system-out>
  <system-err><![CDATA[]]></system-err>
</testsuite>
