<?xml version="1.0" encoding="UTF-8"?>
<testsuite name="com.dotcms.auth.providers.jwt.factories.SecretKeySpecFactoryTest" tests="1" skipped="0" failures="0" errors="0" timestamp="2023-06-28T16:48:50" hostname="fv-az809-683" time="1.52">
  <properties/>
  <testcase name="readAndPrepareSecret" classname="com.dotcms.auth.providers.jwt.factories.SecretKeySpecFactoryTest" time="1.52"/>
  <system-out><![CDATA[2fcbc5685dc4c6b8ed03c56eb17f6c31bae7fd60770844d4b640a90ff41bc5e227584a409cfb7d5ea504897d5f093e4ac9407488fcd2821a28856e94578d8cd1
MySecretKey2
MySecretKey3
MySecretKey3
065d5aded7fa9e8219b9e0aa284e602858e22895237a77289a2d380e6f3663c3af47e23e1163d159b42e80cce0570ed930dfe456dc4dd7cdb04ecd7a00fe7605
528b70a4c5341b8a6382a7991c1a471b0af336e87c861b0625dff25df0ddc85ad6a3fb3eac1d2deee92c5c2c1c832f036865fe7836896ad11d28a582ce5e68e2
06f2c635dd93f6ca5ea781d93255002c41fdee7b1eed17957d37da6ab022d7400d0cd9d370e6b73abbe66121114b4fc212bf25dc99e9eb0b40bbd098841f9379
]]></system-out>
  <system-err><![CDATA[]]></system-err>
</testsuite>
