<?xml version="1.0" encoding="UTF-8"?>
<testsuite name="com.dotcms.util.diff.DiffCommandTest" tests="2" skipped="0" failures="0" errors="0" timestamp="2023-07-07T20:53:13" hostname="fv-az422-848" time="0.006">
  <properties/>
  <testcase name="applyDiff_Comparable" classname="com.dotcms.util.diff.DiffCommandTest" time="0.005"/>
  <testcase name="applyDiff_Differentiable" classname="com.dotcms.util.diff.DiffCommandTest" time="0.001"/>
  <system-out><![CDATA[{six=six, five=five}
{two=two}
{four=fourxxx, one=onexxx}
{six=com.dotcms.util.diff.DiffCommandTest$StringDifferentiable@57938458, five=com.dotcms.util.diff.DiffCommandTest$StringDifferentiable@9c0f109}
{two=com.dotcms.util.diff.DiffCommandTest$StringDifferentiable@7c5f61be}
{four=com.dotcms.util.diff.DiffCommandTest$StringDifferentiable@5e53ef6b, one=com.dotcms.util.diff.DiffCommandTest$StringDifferentiable@15a911bd}
]]></system-out>
  <system-err><![CDATA[]]></system-err>
</testsuite>
