<?xml version="1.0" encoding="UTF-8"?>
<testsuite name="com.dotmarketing.portlets.workflows.ajax.WfBaseActionTest" tests="3" skipped="0" failures="0" errors="0" timestamp="2023-07-11T16:57:47" hostname="fv-az615-69" time="0.148">
  <properties/>
  <testcase name="TestOnNullCallTheDefaultCommand" classname="com.dotmarketing.portlets.workflows.ajax.WfBaseActionTest" time="0.123"/>
  <testcase name="TestNotAllowedCommands" classname="com.dotmarketing.portlets.workflows.ajax.WfBaseActionTest" time="0.009"/>
  <testcase name="TestAllowedCommands" classname="com.dotmarketing.portlets.workflows.ajax.WfBaseActionTest" time="0.016"/>
  <system-out><![CDATA[ Command ::  forbiddenMethod  on  class Mock for WfSchemeAjax, hashCode: 1252910506
 Command ::  forbiddenMethod  on  class Mock for WfRoleStoreAjax, hashCode: 1461902692
 Command ::  forbiddenMethod  on  class Mock for WfTaskAjax, hashCode: 1550688418
 Command ::  forbiddenMethod  on  class Mock for WfActionAjax, hashCode: 977787238
 Command ::  forbiddenMethod  on  class Mock for WfActionClassAjax, hashCode: 910139502
 Command ::  action  on  class Mock for WfSchemeAjax, hashCode: 921193662
 Command ::  save  on  class Mock for WfSchemeAjax, hashCode: 921193662
 Command ::  assignable  on  class Mock for WfRoleStoreAjax, hashCode: 1233779834
 Command ::  action  on  class Mock for WfRoleStoreAjax, hashCode: 1233779834
 Command ::  rolesToJson  on  class Mock for WfRoleStoreAjax, hashCode: 1233779834
 Command ::  action  on  class Mock for WfTaskAjax, hashCode: 240654247
 Command ::  executeActions  on  class Mock for WfTaskAjax, hashCode: 240654247
 Command ::  executeAction  on  class Mock for WfTaskAjax, hashCode: 240654247
 Command ::  add  on  class Mock for WfActionAjax, hashCode: 153202164
 Command ::  action  on  class Mock for WfActionAjax, hashCode: 153202164
 Command ::  reorder  on  class Mock for WfActionAjax, hashCode: 153202164
 Command ::  delete  on  class Mock for WfActionAjax, hashCode: 153202164
 Command ::  save  on  class Mock for WfActionAjax, hashCode: 153202164
 Command ::  deleteActionForStep  on  class Mock for WfActionAjax, hashCode: 153202164
 Command ::  save  on  class Mock for WfActionClassAjax, hashCode: 866828050
 Command ::  delete  on  class Mock for WfActionClassAjax, hashCode: 866828050
 Command ::  reorder  on  class Mock for WfActionClassAjax, hashCode: 866828050
 Command ::  action  on  class Mock for WfActionClassAjax, hashCode: 866828050
 Command ::  add  on  class Mock for WfActionClassAjax, hashCode: 866828050
]]></system-out>
  <system-err><![CDATA[]]></system-err>
</testsuite>
