<?xml version="1.0" encoding="UTF-8"?>
<testsuite name="com.dotmarketing.portlets.contentlet.model.ContentletTest" tests="1" skipped="0" failures="0" errors="0" timestamp="2023-07-12T22:36:47" hostname="fv-az370-918" time="0.017">
  <properties/>
  <testcase name="testGetTitle_WhenExistingTitleField_returnItsValue" classname="com.dotmarketing.portlets.contentlet.model.ContentletTest" time="0.017"/>
  <system-out><![CDATA[]]></system-out>
  <system-err><![CDATA[]]></system-err>
</testsuite>
