<?xml version="1.0" encoding="UTF-8"?>
<testsuite name="com.dotcms.auth.providers.jwt.factories.SecretKeySpecFactoryTest" tests="1" skipped="0" failures="0" errors="0" timestamp="2023-07-12T17:33:09" hostname="fv-az575-226" time="1.77">
  <properties/>
  <testcase name="readAndPrepareSecret" classname="com.dotcms.auth.providers.jwt.factories.SecretKeySpecFactoryTest" time="1.77"/>
  <system-out><![CDATA[0fb98e28c15765a8ed02bcdac51614bed9a686aba9b4b64dc7a914a7e6ca4cb4b40acf923b0c37a036a9baae3e43a44346050c42a816e68d6a969e2da00c004f
MySecretKey2
MySecretKey3
MySecretKey3
4c1d29ecdd4d8a670d30145f57d2ae97189d1c07a42983929fe3658d026630cebddfe365690e3ee9de88347270ff6b4625c30ecf3c28693bc69f0fba5fad4c82
271f41b881e009c16875fc81241177811845adbbfc6b681685f451a29e563b70b0c6709dff0289bf278863774ef357da4ef90024452e540978a232d9ffd2cda0
5bdaf67f5ed28f4b7c0b4f31d6e0d2eab4bd22523355e364d160b09f4e15e4aad436fa967a172faa8c013064dcdc68df4db1c39ef0d036aefd1b17a6cc8ebf46
]]></system-out>
  <system-err><![CDATA[]]></system-err>
</testsuite>
