<?xml version="1.0" encoding="UTF-8"?>
<testsuite name="com.dotcms.auth.providers.jwt.factories.SecretKeySpecFactoryTest" tests="1" skipped="0" failures="0" errors="0" timestamp="2023-07-13T20:31:29" hostname="fv-az358-465" time="1.633">
  <properties/>
  <testcase name="readAndPrepareSecret" classname="com.dotcms.auth.providers.jwt.factories.SecretKeySpecFactoryTest" time="1.633"/>
  <system-out><![CDATA[575a90afdf86b7e65c6bff33f3d7286b42fc18733397250797432deeb9614d503fcf4d16ad01a33743ba92d6985c842f567ab1d9adcac0a0222efc1b8fc12fa1
MySecretKey2
MySecretKey3
MySecretKey3
ad5ca2487de9a1ce46df0d625378b1622bc87d00e3509acf687448c6cc9fde52ec71d14722e4ac617b820de2a2edfb8b2d14b0e39dd607468a35fb715070849f
8eb44ee9498f58f3a7898ef0131231a147fa1687fef3b0fb0bef6ca4d7e78fb76351942f33dedea9242b453861a92355852055e1f05c29afbc34bb26ec8209b6
19924b473c35f8f24009620c66d1d0b04b32d999d135e17960f912b1ba3dc66a8302d1f072e15156de40279e61f9a3a8bec296ddba36a879199cec50e18c4163
]]></system-out>
  <system-err><![CDATA[]]></system-err>
</testsuite>
