<?xml version="1.0" encoding="UTF-8"?>
<testsuite name="com.dotcms.util.TestExceptionUtil" tests="4" skipped="0" failures="0" errors="0" timestamp="2023-06-30T04:24:25" hostname="fv-az447-885" time="0.009">
  <properties/>
  <testcase name="TestExceptionIsNotCausedBy" classname="com.dotcms.util.TestExceptionUtil" time="0.007"/>
  <testcase name="TestExceptionIsCausedBy" classname="com.dotcms.util.TestExceptionUtil" time="0.001"/>
  <testcase name="TestException_getCauseBy" classname="com.dotcms.util.TestExceptionUtil" time="0.0"/>
  <testcase name="TestExceptionIsCausedByMany" classname="com.dotcms.util.TestExceptionUtil" time="0.0"/>
  <system-out><![CDATA[]]></system-out>
  <system-err><![CDATA[]]></system-err>
</testsuite>
