<?xml version="1.0" encoding="UTF-8"?>
<testsuite name="com.dotcms.auth.providers.jwt.factories.SecretKeySpecFactoryTest" tests="1" skipped="0" failures="0" errors="0" timestamp="2023-07-06T16:39:33" hostname="fv-az736-511" time="1.785">
  <properties/>
  <testcase name="readAndPrepareSecret" classname="com.dotcms.auth.providers.jwt.factories.SecretKeySpecFactoryTest" time="1.785"/>
  <system-out><![CDATA[7f7f6ca0abc5f55b57f78affc434cc0b626bb81696ba50ce4d5cecfccf16a90b7e28c66069bc8c39ba97e823f558321ef854413da4911eacbfa0e9a8fd713077
MySecretKey2
MySecretKey3
MySecretKey3
b8c1fab75bb355b63cc07bf160667f2a91910197c179e0dffbaa4586f0ed5789195f2c42ac4fd836f9e70dac2d1695be79cbe61012ab2f306fe6fa554babc1c7
3af324e0f5b7383cc0554b9185e3aaa16bf3da7feb07bed0b90470048ccaa0d35f8332e51895c96c485a2b288e7977a18d93db7f81871caca627bf26e9c8e971
cb01b58bd69f409e75fb7e4e0ef69e678b2483fc246006811f9d1164c5d82abd0d2cd15a18c955e07d420ab778d35095d0cafdecce2e19b9d364ce6587f3347f
]]></system-out>
  <system-err><![CDATA[]]></system-err>
</testsuite>
