<?xml version="1.0" encoding="UTF-8"?>
<testsuite name="com.dotcms.mock.MockRequestTest" tests="7" skipped="0" failures="0" errors="0" timestamp="2023-07-17T16:46:54" hostname="fv-az162-832" time="0.028">
  <properties/>
  <testcase name="testMockInternalRequest" classname="com.dotcms.mock.MockRequestTest" time="0.011"/>
  <testcase name="testBaseRequest" classname="com.dotcms.mock.MockRequestTest" time="0.0"/>
  <testcase name="testMockHeaderRequest" classname="com.dotcms.mock.MockRequestTest" time="0.0"/>
  <testcase name="testMockAttributeRequest" classname="com.dotcms.mock.MockRequestTest" time="0.0"/>
  <testcase name="testMockHttpRequest" classname="com.dotcms.mock.MockRequestTest" time="0.004"/>
  <testcase name="testMockHttpRequestWithNullValues" classname="com.dotcms.mock.MockRequestTest" time="0.003"/>
  <testcase name="testMockSessionRequest" classname="com.dotcms.mock.MockRequestTest" time="0.006"/>
  <system-out><![CDATA[]]></system-out>
  <system-err><![CDATA[]]></system-err>
</testsuite>
