<?xml version="1.0" encoding="UTF-8"?>
<testsuite name="com.dotcms.auth.providers.jwt.factories.SecretKeySpecFactoryTest" tests="1" skipped="0" failures="0" errors="0" timestamp="2023-07-19T18:00:53" hostname="fv-az244-731" time="1.898">
  <properties/>
  <testcase name="readAndPrepareSecret" classname="com.dotcms.auth.providers.jwt.factories.SecretKeySpecFactoryTest" time="1.898"/>
  <system-out><![CDATA[c7fe5f6e7a0b1541f3428fd018ebc76efd86f4155157826c8da6126103be1ca3db08a4151321c02fcb5673008e58d036d4a9a4579edcb7dec4aa7a9bf75dbb1c
MySecretKey2
MySecretKey3
MySecretKey3
024aeaf104459cbf884af703ce1494f84f3a2ed1ebfa973ce0fbd2b710ee50c754dc09c750d4a4ef568921ba692b16f2c36c4e490834f76da096b568b16b93b2
cc77dade74a377a52db4d6caa270941f333d0a6361cd931a1700e375489cdaaa478587429768efd466383e6089c9eb334475d8a24d8b74408ef2d1a20e27832c
e75d0fb9195017fe62ac85514e9ecb727a8850517be250471d4a7dad324f46579d3d5b2d70d7d689caf3a364f3224e94b782d9e835f8ba0c01bbeb6fa2222af4
]]></system-out>
  <system-err><![CDATA[]]></system-err>
</testsuite>
