<?xml version="1.0" encoding="UTF-8"?>
<testsuite name="com.dotcms.auth.providers.jwt.factories.SecretKeySpecFactoryTest" tests="1" skipped="0" failures="0" errors="0" timestamp="2023-07-14T19:16:21" hostname="fv-az365-508" time="1.544">
  <properties/>
  <testcase name="readAndPrepareSecret" classname="com.dotcms.auth.providers.jwt.factories.SecretKeySpecFactoryTest" time="1.544"/>
  <system-out><![CDATA[e10f124bb164f0e5e8523c51f7fedf87e43bbb31c09e397560d53bc8af06e14787366fb1a18fe124dd9e44bc62057f9eab3b3ee8b3bb36759de51a85bddb3486
MySecretKey2
MySecretKey3
MySecretKey3
baad8985923a3449b5d641a2bf6e224f64ebe7ab9281564397b558c752344352b15558a2520c919b465f23154dd5e9982e5179ff548f1e6c10627662345561b1
126747324506a5e0f7d618648e5db20a600eae24b40f585b1dd9531ad175aaae85efabd0012adf07621e4ec1c4aebed0774a0df64d1638622b1d5904d0bba706
60bb0c273e7c5580cf821e699c7c589ef9643c8dcb5590cbcafa47352adf2e0153d421f3cb474e9ca03f10b16c615568634a3e78b424c86c0dcb2c72116b85f3
]]></system-out>
  <system-err><![CDATA[]]></system-err>
</testsuite>
