<?xml version="1.0" encoding="UTF-8"?>
<testsuite name="com.dotcms.auth.providers.jwt.factories.SecretKeySpecFactoryTest" tests="1" skipped="0" failures="0" errors="0" timestamp="2023-06-30T21:40:17" hostname="fv-az790-106" time="1.39">
  <properties/>
  <testcase name="readAndPrepareSecret" classname="com.dotcms.auth.providers.jwt.factories.SecretKeySpecFactoryTest" time="1.39"/>
  <system-out><![CDATA[b6da2d1dc0b10d53cb97eb325014be3f58e22d51f00dc60b12ee7c8cef2282e6b16c98af24ff9fdc309e37015d14d633a7f202d114b6265e63f71b7ca665cde1
MySecretKey2
MySecretKey3
MySecretKey3
a7dcae51e0b73467d4674d22d60395f9c3a7244bd54ecb6520348380d81daa05eddf5b57856cd9d9ddfd12917f36a0e1a5623719f89c0c41aba9cae0ca5617a2
df4a63db0f18e848bc5d2490a11843e671b77235bcac2f25f9c1594466d51479a25763feb45a2bbe996b960d5dc2d802a5fb068c6eb217cf0a94b08a09f38363
d161a69ae63025f6e44354551ee3c4236b45a4d4916549863c5b950956e9b98a820685cee9f1070ac930635bbf4a066aa8b7a4aa7e2f169bb6d74a72526c0f18
]]></system-out>
  <system-err><![CDATA[]]></system-err>
</testsuite>
