<?xml version="1.0" encoding="UTF-8"?>
<testsuite name="com.dotcms.auth.providers.jwt.factories.SecretKeySpecFactoryTest" tests="1" skipped="0" failures="0" errors="0" timestamp="2023-07-11T16:56:30" hostname="fv-az283-278" time="1.408">
  <properties/>
  <testcase name="readAndPrepareSecret" classname="com.dotcms.auth.providers.jwt.factories.SecretKeySpecFactoryTest" time="1.408"/>
  <system-out><![CDATA[3007c793d741ee10f409c1773b72e10f85dbd2af409a59e6abef412c75c25ce13bafa8dce110b09a085e11893b6fa0267e546ffa24aeb52227aab49d6a69d1d6
MySecretKey2
MySecretKey3
MySecretKey3
17310d38c71f830bab9b1202fe4ac24b33791a2c60b2f2f84ffb557ac559581e609130078015ce7b9a3f35add5cda34a09a4647330f45447defe200609771837
81ba26304b3ba923a1401b2fe7fc006efa584018bc551945e31043a3419b04263f93c1664348940c58ceeaaf0822d703a036e2e3b4d2eb44eada0ebd5c9e3458
0ea06183d213e20e442ef8b83891d6d4d1f6061ba8be91c9fc4474232ee3a1f21fb0dc5889b29c84e6061a0601f39f97bd4d3a7df393f5db1a06d5b642e72b13
]]></system-out>
  <system-err><![CDATA[]]></system-err>
</testsuite>
