<?xml version="1.0" encoding="UTF-8"?>
<testsuite name="com.dotcms.util.FriendClassTest" tests="1" skipped="0" failures="0" errors="0" timestamp="2023-07-10T22:13:26" hostname="fv-az450-691" time="0.003">
  <properties/>
  <testcase name="isFriendTest" classname="com.dotcms.util.FriendClassTest" time="0.003"/>
  <system-out><![CDATA[]]></system-out>
  <system-err><![CDATA[]]></system-err>
</testsuite>
