<?xml version="1.0" encoding="UTF-8"?>
<testsuite name="com.dotcms.auth.providers.jwt.factories.SecretKeySpecFactoryTest" tests="1" skipped="0" failures="0" errors="0" timestamp="2023-06-27T16:25:33" hostname="fv-az555-891" time="1.353">
  <properties/>
  <testcase name="readAndPrepareSecret" classname="com.dotcms.auth.providers.jwt.factories.SecretKeySpecFactoryTest" time="1.353"/>
  <system-out><![CDATA[f1b1cb34696a85efd146c82c4e80cbe0deb7616e266636222cb87ce43b666beceb38bb1d196611e5ec871919d317f0ffdfd22c40991b515b2ab2ab4108d5735f
MySecretKey2
MySecretKey3
MySecretKey3
aaff4c2f04e8f9780b9d6537362652e42604d26f6f7dbd01e3f5224e336a2cb1156383609986f5774d0943fb29af376873c12fce6627be99808b4f20bdf9aa1d
895ac2106a4279cccb942c907043b3eab09bd695ca1215605c4238b60c3ed5c8f9e07fb02bc539cd6c30bad24a92b2890df068c647f29eeb0b9e767ce322f22b
f4953721b468e21943f0dbc3781b480afb672aba73a8f3a0c39f72095868a233c0f510c6b89b3a5ac39c0753f3d952065a0c0146809c07b26f388cf4e77a48e7
]]></system-out>
  <system-err><![CDATA[]]></system-err>
</testsuite>
