<?xml version="1.0" encoding="UTF-8"?>
<testsuite name="com.dotcms.auth.providers.jwt.factories.SecretKeySpecFactoryTest" tests="1" skipped="0" failures="0" errors="0" timestamp="2023-06-30T20:10:32" hostname="fv-az1109-297" time="1.483">
  <properties/>
  <testcase name="readAndPrepareSecret" classname="com.dotcms.auth.providers.jwt.factories.SecretKeySpecFactoryTest" time="1.483"/>
  <system-out><![CDATA[793430f6d4f7d65a192dc864100450f461c058c2ae409a6a9bd798a2350b6814fa24515211ead31ccef02259c4598e33db59ceef418475c31bacde091b2791d6
MySecretKey2
MySecretKey3
MySecretKey3
e9f33b198466f08d00cb3327242c494f955c32fa184d63fb9f0a531505c58e5a448f15e115a9c75dd5bb4c668915e37b37768d465409cb93adfbe28c69e5be72
25e527e7234c539480b8e633de91065ebcdfb6a30ec72e28cba120ee6d6b8361f26437ca4cd67c10e7d2ef33f2d2cbed750e0a8b37b5d5b738c42710c13a1317
58b64cfa43b6aadc57bfdd612ad57e5a00173476450478ed53e7dca2680910f011361e1eadc2b41d83827d456011b0e713747dd3dd0a73d781e578a6f66fc54e
]]></system-out>
  <system-err><![CDATA[]]></system-err>
</testsuite>
