<?xml version="1.0" encoding="UTF-8"?>
<testsuite name="com.dotcms.mock.MockRequestTest" tests="7" skipped="0" failures="0" errors="0" timestamp="2023-07-19T19:24:05" hostname="fv-az244-731" time="0.031">
  <properties/>
  <testcase name="testMockInternalRequest" classname="com.dotcms.mock.MockRequestTest" time="0.002"/>
  <testcase name="testBaseRequest" classname="com.dotcms.mock.MockRequestTest" time="0.001"/>
  <testcase name="testMockHeaderRequest" classname="com.dotcms.mock.MockRequestTest" time="0.0"/>
  <testcase name="testMockAttributeRequest" classname="com.dotcms.mock.MockRequestTest" time="0.0"/>
  <testcase name="testMockHttpRequest" classname="com.dotcms.mock.MockRequestTest" time="0.005"/>
  <testcase name="testMockHttpRequestWithNullValues" classname="com.dotcms.mock.MockRequestTest" time="0.012"/>
  <testcase name="testMockSessionRequest" classname="com.dotcms.mock.MockRequestTest" time="0.002"/>
  <system-out><![CDATA[]]></system-out>
  <system-err><![CDATA[]]></system-err>
</testsuite>
