<?xml version="1.0" encoding="UTF-8"?>
<testsuite name="com.dotcms.util.diff.DiffCommandTest" tests="2" skipped="0" failures="0" errors="0" timestamp="2023-06-26T19:50:04" hostname="fv-az257-270" time="0.006">
  <properties/>
  <testcase name="applyDiff_Comparable" classname="com.dotcms.util.diff.DiffCommandTest" time="0.005"/>
  <testcase name="applyDiff_Differentiable" classname="com.dotcms.util.diff.DiffCommandTest" time="0.001"/>
  <system-out><![CDATA[{six=six, five=five}
{two=two}
{four=fourxxx, one=onexxx}
{six=com.dotcms.util.diff.DiffCommandTest$StringDifferentiable@7cb93377, five=com.dotcms.util.diff.DiffCommandTest$StringDifferentiable@1db96ceb}
{two=com.dotcms.util.diff.DiffCommandTest$StringDifferentiable@17f02abb}
{four=com.dotcms.util.diff.DiffCommandTest$StringDifferentiable@390e66f4, one=com.dotcms.util.diff.DiffCommandTest$StringDifferentiable@c99c829}
]]></system-out>
  <system-err><![CDATA[]]></system-err>
</testsuite>
