<?xml version="1.0" encoding="UTF-8"?>
<testsuite name="com.dotcms.auth.providers.jwt.factories.SecretKeySpecFactoryTest" tests="1" skipped="0" failures="0" errors="0" timestamp="2023-06-30T14:20:15" hostname="fv-az627-719" time="1.491">
  <properties/>
  <testcase name="readAndPrepareSecret" classname="com.dotcms.auth.providers.jwt.factories.SecretKeySpecFactoryTest" time="1.491"/>
  <system-out><![CDATA[fbad89c53f2d46d4b8f3003073b0c276b236982753762a143987bcce774ad47bdbb11f89de1191acea9e88d79a58bddc7ff7b5620220ae26bcda27eb6d4ee5a8
MySecretKey2
MySecretKey3
MySecretKey3
0ecd7d34a6a2ca593b1c3afc0573b16be4f8077cef16606423cfd72970ec813a025300eeb93e865accba240de7d51ef0a6570b3bf8381805e6cb2229250f3f41
03b9d93e539f025fafd743a0c9bb6961023705071bc6f9d54e0c552ee429ee32b842bf1b633041856bbb9abeb78136aaff3375d27a2279bbc5073c56c83e44a9
01d6914eed48edd981176f2135a9f5138f8889f153aeae55f63ab6506aed475ce7d2973f02abf52c7460728521543714194c526308439f47f5a48d7c635f88ff
]]></system-out>
  <system-err><![CDATA[]]></system-err>
</testsuite>
