<?xml version="1.0" encoding="UTF-8"?>
<testsuite name="com.dotcms.auth.providers.jwt.factories.SecretKeySpecFactoryTest" tests="1" skipped="0" failures="0" errors="0" timestamp="2023-07-03T16:27:09" hostname="fv-az592-95" time="1.575">
  <properties/>
  <testcase name="readAndPrepareSecret" classname="com.dotcms.auth.providers.jwt.factories.SecretKeySpecFactoryTest" time="1.575"/>
  <system-out><![CDATA[b37ac94940a8e6e23ff61462aa51826513406e26b03df41f96a68dc2013df45e5ab2ee214517896b8d32c15813732d0c06de3a7d5bbe9323bd24ced0c314aadc
MySecretKey2
MySecretKey3
MySecretKey3
94f14cb708792d7c77c9b280c6ead8a8c9e90dd36317224b32704c350dea8c7b999900511c4f82df87029a7e69157d59a33cc33c3eaccd499d2af6ace15e723d
2b1370f3996d22d393714a24438b6a25ca7b2e1907d9b3aac3256b91d661770f01fbdfb866eb22733557c2bf66cff74a746ea42962591a9a5fb8cbcd8a8ae609
c04ee164387ceb95964f413105d0980b31aab7b5455f6c9b9b9d36deaab214e09026e298955bab8994832ba7c4357a0267e6d8e0f85930e01137b88c1904974e
]]></system-out>
  <system-err><![CDATA[]]></system-err>
</testsuite>
