<?xml version="1.0" encoding="UTF-8"?>
<testsuite name="com.dotmarketing.portlets.workflows.ajax.WfBaseActionTest" tests="3" skipped="0" failures="0" errors="0" timestamp="2023-07-17T23:13:46" hostname="fv-az934-332" time="0.205">
  <properties/>
  <testcase name="TestOnNullCallTheDefaultCommand" classname="com.dotmarketing.portlets.workflows.ajax.WfBaseActionTest" time="0.161"/>
  <testcase name="TestNotAllowedCommands" classname="com.dotmarketing.portlets.workflows.ajax.WfBaseActionTest" time="0.017"/>
  <testcase name="TestAllowedCommands" classname="com.dotmarketing.portlets.workflows.ajax.WfBaseActionTest" time="0.025"/>
  <system-out><![CDATA[ Command ::  forbiddenMethod  on  class Mock for WfTaskAjax, hashCode: 1246944514
 Command ::  forbiddenMethod  on  class Mock for WfActionClassAjax, hashCode: 465876345
 Command ::  forbiddenMethod  on  class Mock for WfSchemeAjax, hashCode: 1162245235
 Command ::  forbiddenMethod  on  class Mock for WfRoleStoreAjax, hashCode: 377607719
 Command ::  forbiddenMethod  on  class Mock for WfActionAjax, hashCode: 2041526471
 Command ::  executeAction  on  class Mock for WfTaskAjax, hashCode: 1332782048
 Command ::  action  on  class Mock for WfTaskAjax, hashCode: 1332782048
 Command ::  executeActions  on  class Mock for WfTaskAjax, hashCode: 1332782048
 Command ::  reorder  on  class Mock for WfActionClassAjax, hashCode: 893170438
 Command ::  action  on  class Mock for WfActionClassAjax, hashCode: 893170438
 Command ::  add  on  class Mock for WfActionClassAjax, hashCode: 893170438
 Command ::  save  on  class Mock for WfActionClassAjax, hashCode: 893170438
 Command ::  delete  on  class Mock for WfActionClassAjax, hashCode: 893170438
 Command ::  action  on  class Mock for WfSchemeAjax, hashCode: 1354926984
 Command ::  save  on  class Mock for WfSchemeAjax, hashCode: 1354926984
 Command ::  rolesToJson  on  class Mock for WfRoleStoreAjax, hashCode: 1961855203
 Command ::  assignable  on  class Mock for WfRoleStoreAjax, hashCode: 1961855203
 Command ::  action  on  class Mock for WfRoleStoreAjax, hashCode: 1961855203
 Command ::  deleteActionForStep  on  class Mock for WfActionAjax, hashCode: 1429517575
 Command ::  add  on  class Mock for WfActionAjax, hashCode: 1429517575
 Command ::  action  on  class Mock for WfActionAjax, hashCode: 1429517575
 Command ::  reorder  on  class Mock for WfActionAjax, hashCode: 1429517575
 Command ::  delete  on  class Mock for WfActionAjax, hashCode: 1429517575
 Command ::  save  on  class Mock for WfActionAjax, hashCode: 1429517575
]]></system-out>
  <system-err><![CDATA[]]></system-err>
</testsuite>
