<?xml version="1.0" encoding="UTF-8"?>
<testsuite name="com.dotcms.util.diff.DiffCommandTest" tests="2" skipped="0" failures="0" errors="0" timestamp="2023-07-14T17:25:16" hostname="fv-az887-517" time="0.005">
  <properties/>
  <testcase name="applyDiff_Comparable" classname="com.dotcms.util.diff.DiffCommandTest" time="0.005"/>
  <testcase name="applyDiff_Differentiable" classname="com.dotcms.util.diff.DiffCommandTest" time="0.0"/>
  <system-out><![CDATA[{six=six, five=five}
{two=two}
{four=fourxxx, one=onexxx}
{six=com.dotcms.util.diff.DiffCommandTest$StringDifferentiable@3a89938a, five=com.dotcms.util.diff.DiffCommandTest$StringDifferentiable@7f7e96bb}
{two=com.dotcms.util.diff.DiffCommandTest$StringDifferentiable@75ba4409}
{four=com.dotcms.util.diff.DiffCommandTest$StringDifferentiable@b45b523, one=com.dotcms.util.diff.DiffCommandTest$StringDifferentiable@7d267202}
]]></system-out>
  <system-err><![CDATA[]]></system-err>
</testsuite>
