<?xml version="1.0" encoding="UTF-8"?>
<testsuite name="com.dotmarketing.util.DNSUtilUnitTest" tests="3" skipped="0" failures="0" errors="0" timestamp="2023-07-13T15:58:49" hostname="fv-az178-328" time="0.1">
  <properties/>
  <testcase name="notExistsIP" classname="com.dotmarketing.util.DNSUtilUnitTest" time="0.002"/>
  <testcase name="reverseDns" classname="com.dotmarketing.util.DNSUtilUnitTest" time="0.091"/>
  <testcase name="anyIP" classname="com.dotmarketing.util.DNSUtilUnitTest" time="0.007"/>
  <system-out><![CDATA[]]></system-out>
  <system-err><![CDATA[]]></system-err>
</testsuite>
