<?xml version="1.0" encoding="UTF-8"?>
<testsuite name="com.dotmarketing.portlets.workflows.util.WorkflowEmailUtilTest" tests="3" skipped="0" failures="0" errors="0" timestamp="2023-07-05T22:06:30" hostname="fv-az357-915" time="0.049">
  <properties/>
  <testcase name="Test_Resolve_Sender_Included_On_The_Company_EmailAddress" classname="com.dotmarketing.portlets.workflows.util.WorkflowEmailUtilTest" time="0.035"/>
  <testcase name="Test_Resolve_Sender" classname="com.dotmarketing.portlets.workflows.util.WorkflowEmailUtilTest" time="0.013"/>
  <testcase name="Test_Resolve_Sender_No_Company_Email_FallBack" classname="com.dotmarketing.portlets.workflows.util.WorkflowEmailUtilTest" time="0.001"/>
  <system-out><![CDATA[]]></system-out>
  <system-err><![CDATA[]]></system-err>
</testsuite>
