<?xml version="1.0" encoding="UTF-8"?>
<testsuite name="com.dotcms.auth.providers.jwt.factories.SecretKeySpecFactoryTest" tests="1" skipped="0" failures="0" errors="0" timestamp="2023-06-23T22:19:14" hostname="fv-az1233-35" time="1.343">
  <properties/>
  <testcase name="readAndPrepareSecret" classname="com.dotcms.auth.providers.jwt.factories.SecretKeySpecFactoryTest" time="1.343"/>
  <system-out><![CDATA[8577e6ee5a5a1fbaab327c985f22d079c2845614f8479f454681ca8d389f6289d257b89b13900165493604cdfd6308c3f7888f4d5b12577cc44dbd5c368cd37e
MySecretKey2
MySecretKey3
MySecretKey3
9a6f005d9718b068f1a9af3b57d10795b9e5f727827e1ffc06eb1cfb0a18ff9c7780e64e98b23c0378df1922d7e0f5f38e2009bd27e8bb51d7d52f6f3ce5e9a4
d8e76e64329af2e88a0040011a8e7163caedd95e51feb2d0b41ee0fa8e47fc02ffe4601b65c3b9bdd41fe9816247917bed48c1dfa2d09a4d1ec3a7a30b86627e
6010b741988f4282da851d2eaedd183001b1e2a8af70487a4403db5800bf6e44fbf67cbd32a60c9da75cb3e056c9cff6b484ba218ae86f86d4daa18c3d5742a5
]]></system-out>
  <system-err><![CDATA[]]></system-err>
</testsuite>
