<?xml version="1.0" encoding="UTF-8"?>
<testsuite name="com.dotmarketing.portlets.workflows.ajax.WfBaseActionTest" tests="3" skipped="0" failures="0" errors="0" timestamp="2023-06-30T18:59:53" hostname="fv-az442-656" time="0.231">
  <properties/>
  <testcase name="TestOnNullCallTheDefaultCommand" classname="com.dotmarketing.portlets.workflows.ajax.WfBaseActionTest" time="0.205"/>
  <testcase name="TestNotAllowedCommands" classname="com.dotmarketing.portlets.workflows.ajax.WfBaseActionTest" time="0.007"/>
  <testcase name="TestAllowedCommands" classname="com.dotmarketing.portlets.workflows.ajax.WfBaseActionTest" time="0.017"/>
  <system-out><![CDATA[ Command ::  forbiddenMethod  on  class Mock for WfRoleStoreAjax, hashCode: 301186385
 Command ::  forbiddenMethod  on  class Mock for WfSchemeAjax, hashCode: 1874727585
 Command ::  forbiddenMethod  on  class Mock for WfActionAjax, hashCode: 1524061919
 Command ::  forbiddenMethod  on  class Mock for WfActionClassAjax, hashCode: 201727035
 Command ::  forbiddenMethod  on  class Mock for WfTaskAjax, hashCode: 696513249
 Command ::  action  on  class Mock for WfRoleStoreAjax, hashCode: 387388206
 Command ::  assignable  on  class Mock for WfRoleStoreAjax, hashCode: 387388206
 Command ::  rolesToJson  on  class Mock for WfRoleStoreAjax, hashCode: 387388206
 Command ::  save  on  class Mock for WfSchemeAjax, hashCode: 2034951470
 Command ::  action  on  class Mock for WfSchemeAjax, hashCode: 2034951470
 Command ::  save  on  class Mock for WfActionAjax, hashCode: 482383339
 Command ::  delete  on  class Mock for WfActionAjax, hashCode: 482383339
 Command ::  reorder  on  class Mock for WfActionAjax, hashCode: 482383339
 Command ::  action  on  class Mock for WfActionAjax, hashCode: 482383339
 Command ::  add  on  class Mock for WfActionAjax, hashCode: 482383339
 Command ::  deleteActionForStep  on  class Mock for WfActionAjax, hashCode: 482383339
 Command ::  action  on  class Mock for WfActionClassAjax, hashCode: 64767324
 Command ::  reorder  on  class Mock for WfActionClassAjax, hashCode: 64767324
 Command ::  delete  on  class Mock for WfActionClassAjax, hashCode: 64767324
 Command ::  save  on  class Mock for WfActionClassAjax, hashCode: 64767324
 Command ::  add  on  class Mock for WfActionClassAjax, hashCode: 64767324
 Command ::  action  on  class Mock for WfTaskAjax, hashCode: 902544514
 Command ::  executeAction  on  class Mock for WfTaskAjax, hashCode: 902544514
 Command ::  executeActions  on  class Mock for WfTaskAjax, hashCode: 902544514
]]></system-out>
  <system-err><![CDATA[]]></system-err>
</testsuite>
