<?xml version="1.0" encoding="UTF-8"?>
<testsuite name="com.dotmarketing.portlets.osgi.AJAX.OSGIBaseAJAXTest" tests="3" skipped="0" failures="0" errors="0" timestamp="2023-07-14T21:55:03" hostname="fv-az257-148" time="0.112">
  <properties/>
  <testcase name="TestOnNullCallTheDefaultCommand" classname="com.dotmarketing.portlets.osgi.AJAX.OSGIBaseAJAXTest" time="0.077"/>
  <testcase name="TestNotAllowedCommands" classname="com.dotmarketing.portlets.osgi.AJAX.OSGIBaseAJAXTest" time="0.008"/>
  <testcase name="TestAllowedCommands" classname="com.dotmarketing.portlets.osgi.AJAX.OSGIBaseAJAXTest" time="0.024"/>
  <system-out><![CDATA[ Command ::  forbiddenMethod  on  class Mock for OSGIAJAX, hashCode: 1355646586
 Command ::  add  on  class Mock for OSGIAJAX, hashCode: 1063476881
 Command ::  stop  on  class Mock for OSGIAJAX, hashCode: 1063476881
 Command ::  undeploy  on  class Mock for OSGIAJAX, hashCode: 1063476881
 Command ::  modifyExtraPackages  on  class Mock for OSGIAJAX, hashCode: 1063476881
 Command ::  deploy  on  class Mock for OSGIAJAX, hashCode: 1063476881
 Command ::  remove  on  class Mock for OSGIAJAX, hashCode: 1063476881
 Command ::  getExtraPackages  on  class Mock for OSGIAJAX, hashCode: 1063476881
 Command ::  action  on  class Mock for OSGIAJAX, hashCode: 1063476881
 Command ::  restart  on  class Mock for OSGIAJAX, hashCode: 1063476881
 Command ::  start  on  class Mock for OSGIAJAX, hashCode: 1063476881
]]></system-out>
  <system-err><![CDATA[]]></system-err>
</testsuite>
