<?xml version="1.0" encoding="UTF-8"?>
<testsuite name="com.dotcms.auth.providers.jwt.factories.SecretKeySpecFactoryTest" tests="1" skipped="0" failures="0" errors="0" timestamp="2023-07-07T17:33:35" hostname="fv-az590-181" time="1.41">
  <properties/>
  <testcase name="readAndPrepareSecret" classname="com.dotcms.auth.providers.jwt.factories.SecretKeySpecFactoryTest" time="1.41"/>
  <system-out><![CDATA[e159b8198bd9811bcbbaf998f88094a2f96f5b58c6a5bee4e348752bf3639361696f510c3903cf997114e0bb41a7cf91d34801407b822d2b6e112c1cdec80d90
MySecretKey2
MySecretKey3
MySecretKey3
1a9ba782d7e8dadf9a325205e99ed30842bd2b1f68559945a69d1ad9f87676ec9c58496ec291600e9e253fd40dbe1fd2792812caa8d2c0dbaa0034f5bd356172
475b32c70c89cbcc5fb7b6c80f1c8f7b7d94223548c53e29fd51d9ea2759883277ae8e6072514058d2daabe20190c38e632b6028f94cea9e756ecf2e5dece1c4
65b7a453e270667ff5c5ec815228d23c71f04f7dd3f6fdb6227df0daccf05d4648f2f0768d722397fc31ab3e86a5bbaabb6575b6cfd132cfe1157163575b0b64
]]></system-out>
  <system-err><![CDATA[]]></system-err>
</testsuite>
