<?xml version="1.0" encoding="UTF-8"?>
<testsuite name="com.dotmarketing.portlets.workflows.ajax.WfBaseActionTest" tests="3" skipped="0" failures="0" errors="0" timestamp="2023-06-26T19:19:16" hostname="fv-az354-410" time="0.149">
  <properties/>
  <testcase name="TestOnNullCallTheDefaultCommand" classname="com.dotmarketing.portlets.workflows.ajax.WfBaseActionTest" time="0.121"/>
  <testcase name="TestNotAllowedCommands" classname="com.dotmarketing.portlets.workflows.ajax.WfBaseActionTest" time="0.008"/>
  <testcase name="TestAllowedCommands" classname="com.dotmarketing.portlets.workflows.ajax.WfBaseActionTest" time="0.02"/>
  <system-out><![CDATA[ Command ::  forbiddenMethod  on  class Mock for WfTaskAjax, hashCode: 522337926
 Command ::  forbiddenMethod  on  class Mock for WfActionClassAjax, hashCode: 1594511557
 Command ::  forbiddenMethod  on  class Mock for WfActionAjax, hashCode: 918991509
 Command ::  forbiddenMethod  on  class Mock for WfSchemeAjax, hashCode: 837838841
 Command ::  forbiddenMethod  on  class Mock for WfRoleStoreAjax, hashCode: 2040290706
 Command ::  action  on  class Mock for WfTaskAjax, hashCode: 2064037974
 Command ::  executeAction  on  class Mock for WfTaskAjax, hashCode: 2064037974
 Command ::  executeActions  on  class Mock for WfTaskAjax, hashCode: 2064037974
 Command ::  action  on  class Mock for WfActionClassAjax, hashCode: 1703274364
 Command ::  reorder  on  class Mock for WfActionClassAjax, hashCode: 1703274364
 Command ::  delete  on  class Mock for WfActionClassAjax, hashCode: 1703274364
 Command ::  save  on  class Mock for WfActionClassAjax, hashCode: 1703274364
 Command ::  add  on  class Mock for WfActionClassAjax, hashCode: 1703274364
 Command ::  action  on  class Mock for WfActionAjax, hashCode: 1966357913
 Command ::  add  on  class Mock for WfActionAjax, hashCode: 1966357913
 Command ::  deleteActionForStep  on  class Mock for WfActionAjax, hashCode: 1966357913
 Command ::  save  on  class Mock for WfActionAjax, hashCode: 1966357913
 Command ::  delete  on  class Mock for WfActionAjax, hashCode: 1966357913
 Command ::  reorder  on  class Mock for WfActionAjax, hashCode: 1966357913
 Command ::  save  on  class Mock for WfSchemeAjax, hashCode: 1440233373
 Command ::  action  on  class Mock for WfSchemeAjax, hashCode: 1440233373
 Command ::  action  on  class Mock for WfRoleStoreAjax, hashCode: 1919748757
 Command ::  assignable  on  class Mock for WfRoleStoreAjax, hashCode: 1919748757
 Command ::  rolesToJson  on  class Mock for WfRoleStoreAjax, hashCode: 1919748757
]]></system-out>
  <system-err><![CDATA[]]></system-err>
</testsuite>
