<?xml version="1.0" encoding="UTF-8"?>
<testsuite name="com.dotcms.rest.api.v1.authentication.CreateJsonWebTokenResourceTest" tests="9" skipped="0" failures="0" errors="0" timestamp="2023-07-07T19:21:01" hostname="fv-az612-850" time="0.196">
  <properties/>
  <testcase name="testEmptyParameter" classname="com.dotcms.rest.api.v1.authentication.CreateJsonWebTokenResourceTest" time="0.012"/>
  <testcase name="testUserPasswordException" classname="com.dotcms.rest.api.v1.authentication.CreateJsonWebTokenResourceTest" time="0.098"/>
  <testcase name="testAuthException" classname="com.dotcms.rest.api.v1.authentication.CreateJsonWebTokenResourceTest" time="0.009"/>
  <testcase name="testNoSuchUserException" classname="com.dotcms.rest.api.v1.authentication.CreateJsonWebTokenResourceTest" time="0.003"/>
  <testcase name="testRequiredLayoutException" classname="com.dotcms.rest.api.v1.authentication.CreateJsonWebTokenResourceTest" time="0.007"/>
  <testcase name="testGetApiTokenAuthenticationFalse" classname="com.dotcms.rest.api.v1.authentication.CreateJsonWebTokenResourceTest" time="0.007"/>
  <testcase name="testUserActiveException" classname="com.dotcms.rest.api.v1.authentication.CreateJsonWebTokenResourceTest" time="0.007"/>
  <testcase name="testWrongParameter" classname="com.dotcms.rest.api.v1.authentication.CreateJsonWebTokenResourceTest" time="0.025"/>
  <testcase name="testUserEmailAddressException" classname="com.dotcms.rest.api.v1.authentication.CreateJsonWebTokenResourceTest" time="0.003"/>
  <system-out><![CDATA[ErrorEntity{errorCode='authentication-failed', message='authentication-failed', fieldName='null'}
ErrorEntity{errorCode='your-account-is-not-active', message='your-account-is-not-active', fieldName='null'}
]]></system-out>
  <system-err><![CDATA[]]></system-err>
</testsuite>
