<?xml version="1.0" encoding="UTF-8"?>
<testsuite name="com.dotcms.auth.providers.jwt.factories.SecretKeySpecFactoryTest" tests="1" skipped="0" failures="0" errors="0" timestamp="2023-07-17T17:39:10" hostname="fv-az620-591" time="1.395">
  <properties/>
  <testcase name="readAndPrepareSecret" classname="com.dotcms.auth.providers.jwt.factories.SecretKeySpecFactoryTest" time="1.395"/>
  <system-out><![CDATA[b8bce8337f963060c058a400bdbfbd5eb49a62154951c3ef3893841128aa62e503eaa4eafb56ed62325dad844021baa30cc334a42fb438d161731cb9c770507d
MySecretKey2
MySecretKey3
MySecretKey3
998c8e512a51460069c532720f73e06561404da357d97ea5dcfa2066d55c3b4f3bf04a66d7440582e84caeb7f66976bc0b2e9ab193870c5771d647bf48d53050
f869486e834c9d1a8fd1be2d4eb64caa3983a78187fe9ac96ca9dc1cb2d5ae43a86de7dd0b1e5024af2d71fee1c0b02c68a439a7f8c7bfc961200a6cf7acf15d
163593a3bad6836a0464f15a619f6d3ea4c89132e5acafbb135b613182e67b25578299f541857b99b1d474c8e798c3c69a7cf3a6087f0ebb7e31c4e40873cd2e
]]></system-out>
  <system-err><![CDATA[]]></system-err>
</testsuite>
