<?xml version="1.0" encoding="UTF-8"?>
<testsuite name="com.dotcms.auth.providers.jwt.factories.SecretKeySpecFactoryTest" tests="1" skipped="0" failures="0" errors="0" timestamp="2023-07-18T19:45:31" hostname="fv-az257-583" time="1.789">
  <properties/>
  <testcase name="readAndPrepareSecret" classname="com.dotcms.auth.providers.jwt.factories.SecretKeySpecFactoryTest" time="1.789"/>
  <system-out><![CDATA[c420ec9243acdcf2e5457c08c618a7e547bd738c2ed841040aa1db32ebd57187d0e19d31aa574a9cdc02db1a1765ae0f4fe1699764d70faf2a98220dc4ef0329
MySecretKey2
MySecretKey3
MySecretKey3
d2dcd11e9b1aca5eccd135a0bf0104b611731968754424b4a4a5b14f4313085113d77dde65eb3c857190f41d74b37c4be7becb6a28aa30dfff87517f22015506
1cd6244786aa3020d6108be6c45b1a33953973d848db1d5ea54999e902d1562dd69f8f58543ff7667bac5361fe50c6ba93c242a9aefb28b839b66006d5abf1fb
5ad76ab748ca90aa7bf1b3d28679b111335e948e70924d6cb67cbb877748ab0f99fcd17335fc751d23b5dae83c48ee7051a9e204276931802dab45b7ce51f88a
]]></system-out>
  <system-err><![CDATA[]]></system-err>
</testsuite>
