<?xml version="1.0" encoding="UTF-8"?>
<testsuite name="com.dotcms.auth.providers.jwt.factories.SecretKeySpecFactoryTest" tests="1" skipped="0" failures="0" errors="0" timestamp="2023-06-29T16:14:36" hostname="fv-az796-704" time="1.394">
  <properties/>
  <testcase name="readAndPrepareSecret" classname="com.dotcms.auth.providers.jwt.factories.SecretKeySpecFactoryTest" time="1.394"/>
  <system-out><![CDATA[1c7a5f78bedb2b6404544eef31db0dd599dc195472d288e6677b0f3abbc52f4612fc5f3f52c103fc35bb8d265430a4a3cc19566eb40ea8906a11bbd9a5713a17
MySecretKey2
MySecretKey3
MySecretKey3
f4edd25cdfe3350b0cc08868805844171c2a158757f2f328da653f3bb3ec12fe22a527b5c191381c4f2c0e242c8818f42a1a9c5a08c83f47009bbdf0ce96254b
a65b5eb67f65605f232d99a0792365d643621423cb234f5dad98a37dc2cc86345195a6d4fd6b147499199815ee3d1a6746e0c60f40e53725336f476d83ff4854
248b83960d015f694f1c225b85724d345d0da57c719960075787e2fc001c42ba1fcfd93fe6c591378334a08b253ecaad550bcdbc9194834d38d282c6b1ac3ada
]]></system-out>
  <system-err><![CDATA[]]></system-err>
</testsuite>
