<?xml version="1.0" encoding="UTF-8"?>
<testsuite name="com.dotcms.auth.providers.jwt.factories.SecretKeySpecFactoryTest" tests="1" skipped="0" failures="0" errors="0" timestamp="2023-06-27T00:26:53" hostname="fv-az567-367" time="1.846">
  <properties/>
  <testcase name="readAndPrepareSecret" classname="com.dotcms.auth.providers.jwt.factories.SecretKeySpecFactoryTest" time="1.846"/>
  <system-out><![CDATA[b59e814445d065a2fe0676a295e89f894c07b347e42e299401d7ab6ef0edacce1705f5eb3286ec9bbb65aa99d9efd2c43d7558f412f46baa43dd57d1f78d0432
MySecretKey2
MySecretKey3
MySecretKey3
b194cf99e6eab48fdbd3791c4b2093f9af6729364065e417607f27d79d0762f3aece605c5f0381f8e7d8df0846a97f81d02b2d0ede98ada9a1bff67571622a5e
bb18d48b43d0c4ab1cf3c5e7bb7557d792e942564385bfcf021124b78aa0239c97cd951a0a8bb83bbb759405f0b9268f7fbb40af43ea178bbf6e51f322e3edc9
4e23f81dd1234ea9f213b87a3c24bc1ecd92ad17eb3b345ffa82dfbfdddb7d95403edeef71f34c576957fd1f4a8c8a50049af8279f4ac22f0d657a31bceb7d21
]]></system-out>
  <system-err><![CDATA[]]></system-err>
</testsuite>
