<?xml version="1.0" encoding="UTF-8"?>
<testsuite name="com.liferay.util.FileUtilTest" tests="11" skipped="0" failures="0" errors="0" timestamp="2023-07-07T17:00:53" hostname="fv-az561-33" time="0.145">
  <properties/>
  <testcase name="simpleCopyFilesTest" classname="com.liferay.util.FileUtilTest" time="0.008"/>
  <testcase name="test_clean_tree_deletes_folders_files_by_date" classname="com.liferay.util.FileUtilTest" time="0.013"/>
  <testcase name="simpleListFileHandlesTest" classname="com.liferay.util.FileUtilTest" time="0.02"/>
  <testcase name="test_compress_gzip_enum_outputstream" classname="com.liferay.util.FileUtilTest" time="0.016"/>
  <testcase name="simpleCopyDirsTest" classname="com.liferay.util.FileUtilTest" time="0.005"/>
  <testcase name="simpleListFilesTest" classname="com.liferay.util.FileUtilTest" time="0.001"/>
  <testcase name="test_compress_bzip2_enum_outputstream" classname="com.liferay.util.FileUtilTest" time="0.047"/>
  <testcase name="test_uncompress_outputstream" classname="com.liferay.util.FileUtilTest" time="0.001"/>
  <testcase name="test_compress_gzip_outputstream" classname="com.liferay.util.FileUtilTest" time="0.001"/>
  <testcase name="simpleMoveTest" classname="com.liferay.util.FileUtilTest" time="0.011"/>
  <testcase name="test_compress_bzip2_outputstream" classname="com.liferay.util.FileUtilTest" time="0.012"/>
  <system-out><![CDATA[]]></system-out>
  <system-err><![CDATA[]]></system-err>
</testsuite>
