<?xml version="1.0" encoding="UTF-8"?>
<testsuite name="com.dotcms.auth.providers.jwt.factories.SecretKeySpecFactoryTest" tests="1" skipped="0" failures="0" errors="0" timestamp="2023-06-30T16:15:25" hostname="fv-az267-190" time="1.869">
  <properties/>
  <testcase name="readAndPrepareSecret" classname="com.dotcms.auth.providers.jwt.factories.SecretKeySpecFactoryTest" time="1.869"/>
  <system-out><![CDATA[ace9e19da028eb68e6ad33fcce1d0fce23721cacb6faf4b5bc20b6862c5c5699e09c2d1b245cb9ee16bf1cd3878a50cd3f55bec47402461976eb3ec1c9f49d8c
MySecretKey2
MySecretKey3
MySecretKey3
8011978ae68162407bae7f257c7195ec463c256168bca6ffb29df367fe9f7abc8428ab847be7a199f4760607acf768e4931274cdb77ff67a2548731162bcf3c0
51abdfb8a0a5793a8f9516f3f4bb44692c8108dce43e07c4990046c6c20df907f135d86789669f4ff0524ea6c1532705dfe50fc0da257ef81dd33d1519492376
4ff719c58176db8ad5a2e586f0f5d902955571648515404086efd1952c5403d6f1f2c4a4de37f9a996eaedce6c2b41c987c8d04e8c3c3fc012fa510983fb1002
]]></system-out>
  <system-err><![CDATA[]]></system-err>
</testsuite>
