<?xml version="1.0" encoding="UTF-8"?>
<testsuite name="com.dotcms.util.diff.DiffCommandTest" tests="2" skipped="0" failures="0" errors="0" timestamp="2023-07-10T20:55:47" hostname="fv-az413-110" time="0.014">
  <properties/>
  <testcase name="applyDiff_Comparable" classname="com.dotcms.util.diff.DiffCommandTest" time="0.013"/>
  <testcase name="applyDiff_Differentiable" classname="com.dotcms.util.diff.DiffCommandTest" time="0.001"/>
  <system-out><![CDATA[{six=six, five=five}
{two=two}
{four=fourxxx, one=onexxx}
{six=com.dotcms.util.diff.DiffCommandTest$StringDifferentiable@3969f1bd, five=com.dotcms.util.diff.DiffCommandTest$StringDifferentiable@780cb2b3}
{two=com.dotcms.util.diff.DiffCommandTest$StringDifferentiable@72d9d288}
{four=com.dotcms.util.diff.DiffCommandTest$StringDifferentiable@c6f573f, one=com.dotcms.util.diff.DiffCommandTest$StringDifferentiable@7a7dab16}
]]></system-out>
  <system-err><![CDATA[]]></system-err>
</testsuite>
