<?xml version="1.0" encoding="UTF-8"?>
<testsuite name="com.dotcms.cube.CubeJSClientTest" tests="3" skipped="0" failures="0" errors="0" timestamp="2023-06-26T22:36:03" hostname="fv-az440-364" time="0.534">
  <properties/>
  <testcase name="sendWrongQuery" classname="com.dotcms.cube.CubeJSClientTest" time="0.044"/>
  <testcase name="sendAllOk" classname="com.dotcms.cube.CubeJSClientTest" time="0.477"/>
  <testcase name="http404" classname="com.dotcms.cube.CubeJSClientTest" time="0.013"/>
  <system-out><![CDATA[]]></system-out>
  <system-err><![CDATA[]]></system-err>
</testsuite>
