<?xml version="1.0" encoding="UTF-8"?>
<testsuite name="com.dotcms.auth.providers.jwt.factories.SecretKeySpecFactoryTest" tests="1" skipped="0" failures="0" errors="0" timestamp="2023-06-28T02:19:54" hostname="fv-az248-890" time="1.31">
  <properties/>
  <testcase name="readAndPrepareSecret" classname="com.dotcms.auth.providers.jwt.factories.SecretKeySpecFactoryTest" time="1.31"/>
  <system-out><![CDATA[75e78def733b1a1d2e0425af798438326954a94426af819f9687dba56d486808acf63c42c39c48703b60c4cc4679347c3122bce419b26f4ec28f77cc855ed730
MySecretKey2
MySecretKey3
MySecretKey3
2bcd51f9911aa1d148c585dac6e1fcb2fc68d42a2c5ed36e1c1d87d6ff216d84c510377b903e2dc1050076a88b825fde8f6b270c5b1709be2e7d628c2c3ef06f
7131918c126ad498c52ceb6b2b08a2d3257e6b2ea6e01e228d9459e710b82662b097c5689e82f341d0faa0ae880ebbbcd74cf3f62f25286d19319e5be95a36c4
6e9520db49170feae6cd8ffc12328374651d6df27e32ea48b14b4a9c87982bd5e5365dd795336bc6ebb6b6181967eb439cf42834e8944a5db9ff6a77f08d58ca
]]></system-out>
  <system-err><![CDATA[]]></system-err>
</testsuite>
