<?xml version="1.0" encoding="UTF-8"?>
<testsuite name="com.dotmarketing.portlets.workflows.ajax.WfBaseActionTest" tests="3" skipped="0" failures="0" errors="0" timestamp="2023-07-13T14:54:06" hostname="fv-az1028-964" time="0.162">
  <properties/>
  <testcase name="TestOnNullCallTheDefaultCommand" classname="com.dotmarketing.portlets.workflows.ajax.WfBaseActionTest" time="0.131"/>
  <testcase name="TestNotAllowedCommands" classname="com.dotmarketing.portlets.workflows.ajax.WfBaseActionTest" time="0.008"/>
  <testcase name="TestAllowedCommands" classname="com.dotmarketing.portlets.workflows.ajax.WfBaseActionTest" time="0.022"/>
  <system-out><![CDATA[ Command ::  forbiddenMethod  on  class Mock for WfTaskAjax, hashCode: 1761923394
 Command ::  forbiddenMethod  on  class Mock for WfSchemeAjax, hashCode: 104207635
 Command ::  forbiddenMethod  on  class Mock for WfActionAjax, hashCode: 1076220011
 Command ::  forbiddenMethod  on  class Mock for WfRoleStoreAjax, hashCode: 677958822
 Command ::  forbiddenMethod  on  class Mock for WfActionClassAjax, hashCode: 1839191304
 Command ::  executeAction  on  class Mock for WfTaskAjax, hashCode: 465820913
 Command ::  executeActions  on  class Mock for WfTaskAjax, hashCode: 465820913
 Command ::  action  on  class Mock for WfTaskAjax, hashCode: 465820913
 Command ::  save  on  class Mock for WfSchemeAjax, hashCode: 1184545934
 Command ::  action  on  class Mock for WfSchemeAjax, hashCode: 1184545934
 Command ::  delete  on  class Mock for WfActionAjax, hashCode: 1165420555
 Command ::  reorder  on  class Mock for WfActionAjax, hashCode: 1165420555
 Command ::  action  on  class Mock for WfActionAjax, hashCode: 1165420555
 Command ::  add  on  class Mock for WfActionAjax, hashCode: 1165420555
 Command ::  deleteActionForStep  on  class Mock for WfActionAjax, hashCode: 1165420555
 Command ::  save  on  class Mock for WfActionAjax, hashCode: 1165420555
 Command ::  assignable  on  class Mock for WfRoleStoreAjax, hashCode: 803288493
 Command ::  rolesToJson  on  class Mock for WfRoleStoreAjax, hashCode: 803288493
 Command ::  action  on  class Mock for WfRoleStoreAjax, hashCode: 803288493
 Command ::  reorder  on  class Mock for WfActionClassAjax, hashCode: 978590223
 Command ::  delete  on  class Mock for WfActionClassAjax, hashCode: 978590223
 Command ::  save  on  class Mock for WfActionClassAjax, hashCode: 978590223
 Command ::  add  on  class Mock for WfActionClassAjax, hashCode: 978590223
 Command ::  action  on  class Mock for WfActionClassAjax, hashCode: 978590223
]]></system-out>
  <system-err><![CDATA[]]></system-err>
</testsuite>
