<?xml version="1.0" encoding="UTF-8"?>
<testsuite name="com.dotcms.util.pagination.SitePaginatorTest" tests="6" skipped="0" failures="0" errors="0" timestamp="2023-07-10T20:55:48" hostname="fv-az413-110" time="0.177">
  <properties/>
  <testcase name="testGetItemsWithStoppedAndArchived" classname="com.dotcms.util.pagination.SitePaginatorTest" time="0.134"/>
  <testcase name="testGetItems" classname="com.dotcms.util.pagination.SitePaginatorTest" time="0.0"/>
  <testcase name="testGetItemsWithStopped" classname="com.dotcms.util.pagination.SitePaginatorTest" time="0.042"/>
  <testcase name="testGetItemsWithSystem" classname="com.dotcms.util.pagination.SitePaginatorTest" time="0.001"/>
  <testcase name="test_GetItems_StoppedAndLiveSites" classname="com.dotcms.util.pagination.SitePaginatorTest" time="0.0"/>
  <testcase name="testGetItemsWithArchived" classname="com.dotcms.util.pagination.SitePaginatorTest" time="0.0"/>
  <system-out><![CDATA[]]></system-out>
  <system-err><![CDATA[]]></system-err>
</testsuite>
