<?xml version="1.0" encoding="UTF-8"?>
<testsuite name="com.dotcms.system.event.local.LocalSystemEventsAPITest" tests="11" skipped="1" failures="0" errors="0" timestamp="2023-06-28T19:37:45" hostname="fv-az471-873" time="6.062">
  <properties/>
  <testcase name="Test_Non_Blocking_Notification_On_Event_Consumed_With_No_Subscribers" classname="com.dotcms.system.event.local.LocalSystemEventsAPITest" time="2.015"/>
  <testcase name="delegatePlusAnnotationSubscribeTest" classname="com.dotcms.system.event.local.LocalSystemEventsAPITest" time="0.014"/>
  <testcase name="delegateSubscribeTest" classname="com.dotcms.system.event.local.LocalSystemEventsAPITest" time="0.002"/>
  <testcase name="Test_Send_Event_For_Limited_Audience" classname="com.dotcms.system.event.local.LocalSystemEventsAPITest" time="2.006"/>
  <testcase name="orphanSubscriberTest" classname="com.dotcms.system.event.local.LocalSystemEventsAPITest" time="0.002"/>
  <testcase name="annotationSubscribeTest" classname="com.dotcms.system.event.local.LocalSystemEventsAPITest" time="0.001"/>
  <testcase name="invalidAnnotatedSubscriberTest" classname="com.dotcms.system.event.local.LocalSystemEventsAPITest" time="0.001"/>
  <testcase name="deleteAnnotatedSubscriberTest" classname="com.dotcms.system.event.local.LocalSystemEventsAPITest" time="0.006"/>
  <testcase name="twoAnnotationSubscribeTest" classname="com.dotcms.system.event.local.LocalSystemEventsAPITest" time="0.009"/>
  <testcase name="deleteAnnotated2SubscriberTest" classname="com.dotcms.system.event.local.LocalSystemEventsAPITest" time="0.0">
    <skipped/>
  </testcase>
  <testcase name="Test_Non_Blocking_Notification_On_Event_Consumed_With_Subscribers" classname="com.dotcms.system.event.local.LocalSystemEventsAPITest" time="2.005"/>
  <system-out><![CDATA[works??
it works??
yeah works??
yeah it works??
it works??
it works??
yeah it works??
yeah it works??
OrphanEvent: OrphanEvent{event=com.dotcms.system.event.local.MyOrphanEvent@58856733}
works??
Worked
works??
works??
works??
it works??
it works??
it works??
yeah it works??
yeah it works??
yeah it works??
yeah works??
Async notify Event 2.
Async notify Event 2.
Async notify Event 2.
]]></system-out>
  <system-err><![CDATA[]]></system-err>
</testsuite>
