<?xml version="1.0" encoding="UTF-8"?>
<testsuite name="com.dotcms.auth.providers.jwt.factories.SecretKeySpecFactoryTest" tests="1" skipped="0" failures="0" errors="0" timestamp="2023-07-18T16:05:34" hostname="fv-az244-731" time="1.731">
  <properties/>
  <testcase name="readAndPrepareSecret" classname="com.dotcms.auth.providers.jwt.factories.SecretKeySpecFactoryTest" time="1.731"/>
  <system-out><![CDATA[416ecc20334afc2ed9fbf909c6b1ec8faf20ef48059dc06fddbc445ae76e1aaf87da7b629284e63368f8dbe19aee4a4656f1fb787e5217a024c3705fe309784d
MySecretKey2
MySecretKey3
MySecretKey3
9f7b82367857c5e2e8cbe92544e43816f0df18c33c4a049ec4c392f05ee361d9ea3be4282d5a99fbe26975dc4cecd156e5246ed64257bce8ac2f81652c9b74ae
ae52259201c84b6761dccbed434516723c1c95463cb143c67468273d78e152099268dd6f234357e526b06e9e2f48f76f5948e13a32104f7737eae6797c4e2780
f446eb7b10a80d9864f3f7b28f0506904c49cff97a1bf30579f87537e4640f07f3c76530335d417715fdc7deb72ae6c7374409a95c9d1246fe14fd26459b61cf
]]></system-out>
  <system-err><![CDATA[]]></system-err>
</testsuite>
