<?xml version="1.0" encoding="UTF-8"?>
<testsuite name="com.dotcms.auth.providers.jwt.factories.SecretKeySpecFactoryTest" tests="1" skipped="0" failures="0" errors="0" timestamp="2023-06-30T15:20:03" hostname="fv-az795-491" time="1.676">
  <properties/>
  <testcase name="readAndPrepareSecret" classname="com.dotcms.auth.providers.jwt.factories.SecretKeySpecFactoryTest" time="1.676"/>
  <system-out><![CDATA[8df41c07d2f89f51c61dd3389b4c928bbcf585fdd7e65c3883c8d82716246ea443332d636fb2ba89f57c873a87a3ea0bf8bf2fc13dd3e80de700328b04645962
MySecretKey2
MySecretKey3
MySecretKey3
4e6106d9aac3c6c1ab83bc12dd634410810002c1414c33cffffefc043bcb0bf177ea7e4c426930d03ccbb53099e71b1c2ddf9651ebdd198d2bb2401ebc32647b
a6feb70c42bbba2c630f3da4365d8abce54a5fb1e770f4b1ae0549ddfad0f38018b36b1774b6b25645a728567821aafba5957d028ddc80a5b537247b486e3cba
5b46acfae0d48e9e8e68ae15f0d23cc11c7fab999af9c91af9e692e30ed1c04f08aa1fa4189d771c103acdd6199c0d8f3bcca4bf95106e730df914e398291374
]]></system-out>
  <system-err><![CDATA[]]></system-err>
</testsuite>
