<?xml version="1.0" encoding="UTF-8"?>
<testsuite name="com.dotmarketing.business.cache.provider.CacheSizingUtilTest" tests="3" skipped="0" failures="0" errors="0" timestamp="2023-06-29T01:20:44" hostname="fv-az1259-857" time="0.02">
  <properties/>
  <testcase name="test_sizeof_optional_works" classname="com.dotmarketing.business.cache.provider.CacheSizingUtilTest" time="0.003"/>
  <testcase name="test_sizeof_works" classname="com.dotmarketing.business.cache.provider.CacheSizingUtilTest" time="0.001"/>
  <testcase name="test_sizeof_null_works" classname="com.dotmarketing.business.cache.provider.CacheSizingUtilTest" time="0.015"/>
  <system-out><![CDATA[]]></system-out>
  <system-err><![CDATA[]]></system-err>
</testsuite>
