<?xml version="1.0" encoding="UTF-8"?>
<testsuite name="com.dotmarketing.portlets.workflows.ajax.WfBaseActionTest" tests="3" skipped="0" failures="0" errors="0" timestamp="2023-07-18T19:42:30" hostname="fv-az1231-779" time="0.249">
  <properties/>
  <testcase name="TestOnNullCallTheDefaultCommand" classname="com.dotmarketing.portlets.workflows.ajax.WfBaseActionTest" time="0.196"/>
  <testcase name="TestNotAllowedCommands" classname="com.dotmarketing.portlets.workflows.ajax.WfBaseActionTest" time="0.022"/>
  <testcase name="TestAllowedCommands" classname="com.dotmarketing.portlets.workflows.ajax.WfBaseActionTest" time="0.031"/>
  <system-out><![CDATA[ Command ::  forbiddenMethod  on  class Mock for WfSchemeAjax, hashCode: 519816062
 Command ::  forbiddenMethod  on  class Mock for WfRoleStoreAjax, hashCode: 417315958
 Command ::  forbiddenMethod  on  class Mock for WfTaskAjax, hashCode: 1904995669
 Command ::  forbiddenMethod  on  class Mock for WfActionAjax, hashCode: 1266446367
 Command ::  forbiddenMethod  on  class Mock for WfActionClassAjax, hashCode: 229729250
 Command ::  save  on  class Mock for WfSchemeAjax, hashCode: 568939032
 Command ::  action  on  class Mock for WfSchemeAjax, hashCode: 568939032
 Command ::  rolesToJson  on  class Mock for WfRoleStoreAjax, hashCode: 1928748057
 Command ::  action  on  class Mock for WfRoleStoreAjax, hashCode: 1928748057
 Command ::  assignable  on  class Mock for WfRoleStoreAjax, hashCode: 1928748057
 Command ::  executeAction  on  class Mock for WfTaskAjax, hashCode: 2030357696
 Command ::  executeActions  on  class Mock for WfTaskAjax, hashCode: 2030357696
 Command ::  action  on  class Mock for WfTaskAjax, hashCode: 2030357696
 Command ::  deleteActionForStep  on  class Mock for WfActionAjax, hashCode: 451523470
 Command ::  save  on  class Mock for WfActionAjax, hashCode: 451523470
 Command ::  delete  on  class Mock for WfActionAjax, hashCode: 451523470
 Command ::  reorder  on  class Mock for WfActionAjax, hashCode: 451523470
 Command ::  action  on  class Mock for WfActionAjax, hashCode: 451523470
 Command ::  add  on  class Mock for WfActionAjax, hashCode: 451523470
 Command ::  action  on  class Mock for WfActionClassAjax, hashCode: 58623464
 Command ::  reorder  on  class Mock for WfActionClassAjax, hashCode: 58623464
 Command ::  delete  on  class Mock for WfActionClassAjax, hashCode: 58623464
 Command ::  save  on  class Mock for WfActionClassAjax, hashCode: 58623464
 Command ::  add  on  class Mock for WfActionClassAjax, hashCode: 58623464
]]></system-out>
  <system-err><![CDATA[]]></system-err>
</testsuite>
