<?xml version="1.0" encoding="UTF-8"?>
<testsuite name="com.dotmarketing.portlets.workflows.ajax.WfBaseActionTest" tests="3" skipped="0" failures="0" errors="0" timestamp="2023-07-17T18:07:39" hostname="fv-az400-396" time="0.327">
  <properties/>
  <testcase name="TestOnNullCallTheDefaultCommand" classname="com.dotmarketing.portlets.workflows.ajax.WfBaseActionTest" time="0.237"/>
  <testcase name="TestNotAllowedCommands" classname="com.dotmarketing.portlets.workflows.ajax.WfBaseActionTest" time="0.013"/>
  <testcase name="TestAllowedCommands" classname="com.dotmarketing.portlets.workflows.ajax.WfBaseActionTest" time="0.077"/>
  <system-out><![CDATA[ Command ::  forbiddenMethod  on  class Mock for WfActionAjax, hashCode: 295190476
 Command ::  forbiddenMethod  on  class Mock for WfTaskAjax, hashCode: 1850955565
 Command ::  forbiddenMethod  on  class Mock for WfSchemeAjax, hashCode: 1223900606
 Command ::  forbiddenMethod  on  class Mock for WfActionClassAjax, hashCode: 300799777
 Command ::  forbiddenMethod  on  class Mock for WfRoleStoreAjax, hashCode: 1886310721
 Command ::  save  on  class Mock for WfActionAjax, hashCode: 1925162107
 Command ::  delete  on  class Mock for WfActionAjax, hashCode: 1925162107
 Command ::  reorder  on  class Mock for WfActionAjax, hashCode: 1925162107
 Command ::  action  on  class Mock for WfActionAjax, hashCode: 1925162107
 Command ::  add  on  class Mock for WfActionAjax, hashCode: 1925162107
 Command ::  deleteActionForStep  on  class Mock for WfActionAjax, hashCode: 1925162107
 Command ::  executeActions  on  class Mock for WfTaskAjax, hashCode: 423047405
 Command ::  action  on  class Mock for WfTaskAjax, hashCode: 423047405
 Command ::  executeAction  on  class Mock for WfTaskAjax, hashCode: 423047405
 Command ::  save  on  class Mock for WfSchemeAjax, hashCode: 2031062028
 Command ::  action  on  class Mock for WfSchemeAjax, hashCode: 2031062028
 Command ::  action  on  class Mock for WfActionClassAjax, hashCode: 1483910829
 Command ::  reorder  on  class Mock for WfActionClassAjax, hashCode: 1483910829
 Command ::  delete  on  class Mock for WfActionClassAjax, hashCode: 1483910829
 Command ::  save  on  class Mock for WfActionClassAjax, hashCode: 1483910829
 Command ::  add  on  class Mock for WfActionClassAjax, hashCode: 1483910829
 Command ::  action  on  class Mock for WfRoleStoreAjax, hashCode: 2012408248
 Command ::  assignable  on  class Mock for WfRoleStoreAjax, hashCode: 2012408248
 Command ::  rolesToJson  on  class Mock for WfRoleStoreAjax, hashCode: 2012408248
]]></system-out>
  <system-err><![CDATA[]]></system-err>
</testsuite>
