<?xml version="1.0" encoding="UTF-8"?>
<testsuite name="com.dotmarketing.util.FileUtilTest" tests="1" skipped="0" failures="0" errors="0" timestamp="2023-07-18T19:42:31" hostname="fv-az1231-779" time="0.011">
  <properties/>
  <testcase name="test_file_name_sanitizer" classname="com.dotmarketing.util.FileUtilTest" time="0.011"/>
  <system-out><![CDATA[]]></system-out>
  <system-err><![CDATA[]]></system-err>
</testsuite>
