<?xml version="1.0" encoding="UTF-8"?>
<testsuite name="com.dotmarketing.portlets.workflows.actionlet.SaveContentAsDraftActionletTest" tests="4" skipped="0" failures="0" errors="0" timestamp="2023-07-17T15:22:32" hostname="fv-az1104-43" time="0.159">
  <properties/>
  <testcase name="shouldCallSaveDraftWithTheRightParametersWhenContentletDependenciesIsNull[0: com.dotmarketing.portlets.workflows.actionlet.SaveContentAsDraftActionletTest$TestCase@322d4e46]" classname="com.dotmarketing.portlets.workflows.actionlet.SaveContentAsDraftActionletTest" time="0.119"/>
  <testcase name="shouldCallSaveDraftWithTheRightParametersWhenContentletDependenciesIsNull[1: com.dotmarketing.portlets.workflows.actionlet.SaveContentAsDraftActionletTest$TestCase@c0bdef9]" classname="com.dotmarketing.portlets.workflows.actionlet.SaveContentAsDraftActionletTest" time="0.003"/>
  <testcase name="shouldCallSaveDraftWithTheRightParameters[0: com.dotmarketing.portlets.workflows.actionlet.SaveContentAsDraftActionletTest$TestCase@322d4e46]" classname="com.dotmarketing.portlets.workflows.actionlet.SaveContentAsDraftActionletTest" time="0.035"/>
  <testcase name="shouldCallSaveDraftWithTheRightParameters[1: com.dotmarketing.portlets.workflows.actionlet.SaveContentAsDraftActionletTest$TestCase@c0bdef9]" classname="com.dotmarketing.portlets.workflows.actionlet.SaveContentAsDraftActionletTest" time="0.002"/>
  <system-out><![CDATA[]]></system-out>
  <system-err><![CDATA[]]></system-err>
</testsuite>
