<?xml version="1.0" encoding="UTF-8"?>
<testsuite name="com.dotcms.util.pagination.SiteViewPaginatorUnitTest" tests="2" skipped="0" failures="0" errors="0" timestamp="2023-06-26T15:51:02" hostname="fv-az246-4" time="0.126">
  <properties/>
  <testcase name="Test_Get_Items_Sorted_Pages" classname="com.dotcms.util.pagination.SiteViewPaginatorUnitTest" time="0.097"/>
  <testcase name="Test_Get_Items_Page_Size" classname="com.dotcms.util.pagination.SiteViewPaginatorUnitTest" time="0.028"/>
  <system-out><![CDATA[SYSTEM_HOST
0
1
2
3
5
]]></system-out>
  <system-err><![CDATA[]]></system-err>
</testsuite>
