<?xml version="1.0" encoding="UTF-8"?>
<testsuite name="com.dotcms.auth.providers.jwt.factories.SecretKeySpecFactoryTest" tests="1" skipped="0" failures="0" errors="0" timestamp="2023-07-20T04:19:11" hostname="fv-az451-216" time="1.295">
  <properties/>
  <testcase name="readAndPrepareSecret" classname="com.dotcms.auth.providers.jwt.factories.SecretKeySpecFactoryTest" time="1.295"/>
  <system-out><![CDATA[2207f68f999a0c212eaf6cf8a88bc8dee640423c5609ed7da673a71d6b3c493df37cc8c2d5374fc90c9e31cd247e9d2c75eca2a75a59a10078eff11455836a6c
MySecretKey2
MySecretKey3
MySecretKey3
401986304e62c4bec7582ca52a2f4672c30474c964d6cceda82dc869241acd6a9502e377a2b2f893660b9eace5f4d332226d94dfe79ea30d2a3c7f788b2a79c0
dcb9029bcd701cc4af5bae7ccc119344d3e006f781ce55c56dc958fb382354969c4a2272fef29dcfaeb42ddb0207bd03606f0478898e473ef3225f304afcd4a8
84a2914e7771db715506b9405c756d73797352ed71eb46f671fb3ef8cf50e7807fa516ad4a6a82a936a5115f9347cf992956fb35143ae1e7671bb3d6e6fd23d9
]]></system-out>
  <system-err><![CDATA[]]></system-err>
</testsuite>
