<?xml version="1.0" encoding="UTF-8"?>
<testsuite name="com.dotmarketing.portlets.osgi.AJAX.OSGIBaseAJAXTest" tests="3" skipped="0" failures="0" errors="0" timestamp="2023-07-12T17:36:57" hostname="fv-az575-226" time="0.061">
  <properties/>
  <testcase name="TestOnNullCallTheDefaultCommand" classname="com.dotmarketing.portlets.osgi.AJAX.OSGIBaseAJAXTest" time="0.041"/>
  <testcase name="TestNotAllowedCommands" classname="com.dotmarketing.portlets.osgi.AJAX.OSGIBaseAJAXTest" time="0.004"/>
  <testcase name="TestAllowedCommands" classname="com.dotmarketing.portlets.osgi.AJAX.OSGIBaseAJAXTest" time="0.016"/>
  <system-out><![CDATA[ Command ::  forbiddenMethod  on  class Mock for OSGIAJAX, hashCode: 787868677
 Command ::  modifyExtraPackages  on  class Mock for OSGIAJAX, hashCode: 128288442
 Command ::  undeploy  on  class Mock for OSGIAJAX, hashCode: 128288442
 Command ::  stop  on  class Mock for OSGIAJAX, hashCode: 128288442
 Command ::  add  on  class Mock for OSGIAJAX, hashCode: 128288442
 Command ::  start  on  class Mock for OSGIAJAX, hashCode: 128288442
 Command ::  restart  on  class Mock for OSGIAJAX, hashCode: 128288442
 Command ::  action  on  class Mock for OSGIAJAX, hashCode: 128288442
 Command ::  getExtraPackages  on  class Mock for OSGIAJAX, hashCode: 128288442
 Command ::  remove  on  class Mock for OSGIAJAX, hashCode: 128288442
 Command ::  deploy  on  class Mock for OSGIAJAX, hashCode: 128288442
]]></system-out>
  <system-err><![CDATA[]]></system-err>
</testsuite>
