<?xml version="1.0" encoding="UTF-8"?>
<testsuite name="com.dotmarketing.business.cache.provider.CacheSizingUtilTest" tests="3" skipped="0" failures="0" errors="0" timestamp="2023-07-05T14:24:02" hostname="fv-az267-190" time="0.025">
  <properties/>
  <testcase name="test_sizeof_optional_works" classname="com.dotmarketing.business.cache.provider.CacheSizingUtilTest" time="0.003"/>
  <testcase name="test_sizeof_works" classname="com.dotmarketing.business.cache.provider.CacheSizingUtilTest" time="0.002"/>
  <testcase name="test_sizeof_null_works" classname="com.dotmarketing.business.cache.provider.CacheSizingUtilTest" time="0.02"/>
  <system-out><![CDATA[]]></system-out>
  <system-err><![CDATA[]]></system-err>
</testsuite>
