<?xml version="1.0" encoding="UTF-8"?>
<testsuite name="com.dotcms.auth.providers.jwt.factories.SecretKeySpecFactoryTest" tests="1" skipped="0" failures="0" errors="0" timestamp="2023-07-18T05:22:49" hostname="fv-az614-516" time="1.637">
  <properties/>
  <testcase name="readAndPrepareSecret" classname="com.dotcms.auth.providers.jwt.factories.SecretKeySpecFactoryTest" time="1.637"/>
  <system-out><![CDATA[67ee5088768b9654da0677a566690d72519bf30fc0d5bde031fac63a0c5dd8b5b4b14c8d3e563a01d130137332095dad3f6368a95dfdb49cfac2910dcc76387c
MySecretKey2
MySecretKey3
MySecretKey3
7c32503b1fde218e2d7c209cf2d083e2031a5fb310f54227c0c582c3a855e8293ce3c3665846ff62d61d0aabd3e5d89149b046a6ceb5a01b5563fbeeea204a89
eb8c81dd430a03b815793bd2284e912b5dbf067bd63edca8e11103284adc5bd63b22135b9cb6e39aae1a1afa56b79297f3cce4a7ee1227a15d664e74fa8498fc
571f6c04c374d58759a8c31e1c0e96a0067c49a72be4f03fe247e0ec1cc9d28eff93a313c87dee3203fe196c5b578d817cfa6ec3151112f43d7c2fad9717e467
]]></system-out>
  <system-err><![CDATA[]]></system-err>
</testsuite>
