<?xml version="1.0" encoding="UTF-8"?>
<testsuite name="com.dotcms.util.diff.DiffCommandTest" tests="2" skipped="0" failures="0" errors="0" timestamp="2023-06-27T18:05:47" hostname="fv-az951-711" time="0.009">
  <properties/>
  <testcase name="applyDiff_Comparable" classname="com.dotcms.util.diff.DiffCommandTest" time="0.006"/>
  <testcase name="applyDiff_Differentiable" classname="com.dotcms.util.diff.DiffCommandTest" time="0.003"/>
  <system-out><![CDATA[{six=six, five=five}
{two=two}
{four=fourxxx, one=onexxx}
{six=com.dotcms.util.diff.DiffCommandTest$StringDifferentiable@530e7045, five=com.dotcms.util.diff.DiffCommandTest$StringDifferentiable@1a90d390}
{two=com.dotcms.util.diff.DiffCommandTest$StringDifferentiable@526ab816}
{four=com.dotcms.util.diff.DiffCommandTest$StringDifferentiable@2a39fc93, one=com.dotcms.util.diff.DiffCommandTest$StringDifferentiable@a152dc9}
]]></system-out>
  <system-err><![CDATA[]]></system-err>
</testsuite>
