<?xml version="1.0" encoding="UTF-8"?>
<testsuite name="com.dotcms.auth.providers.jwt.factories.SecretKeySpecFactoryTest" tests="1" skipped="0" failures="0" errors="0" timestamp="2023-07-21T15:58:27" hostname="fv-az454-899" time="1.438">
  <properties/>
  <testcase name="readAndPrepareSecret" classname="com.dotcms.auth.providers.jwt.factories.SecretKeySpecFactoryTest" time="1.438"/>
  <system-out><![CDATA[95644bb893f94b3ade140d32ee1a375e19dec0471d8ce35f23da66fb9e8a2e5b936d693d33c6cfd7f889c5da0f29932787b5fe0f0c8d7d7f71de2f07a64f10bd
MySecretKey2
MySecretKey3
MySecretKey3
03571b345b02f70d6f89cc870698bd9e888bdf550680ab7eeaf3730ec116cbc0db7587486cb48433dae2ba0bcfba4ca8a61a86be4d7ff5570a23519c5f9831be
05b4e1724dfd240f0efb3518fb708742553af6777cd7eb7633efd8d077b9f1739f8e0f52593e2f7de000d03b01fa8db01bee5df34e4f36fbe9a50d228558a2f8
f7d3aa47df369df8ad16a2450dca44f6fa8f65b7343364b8719627ab17e75492a05d38c9dcb6b7444c25859dff12e147e9a9b7b6991c98acd7601d837f627e9c
]]></system-out>
  <system-err><![CDATA[]]></system-err>
</testsuite>
