<?xml version="1.0" encoding="UTF-8"?>
<testsuite name="com.dotmarketing.portlets.rules.conditionlet.VisitorsGeolocationConditionletTest" tests="8" skipped="0" failures="0" errors="0" timestamp="2023-07-10T23:22:43" hostname="fv-az313-814" time="0.005">
  <properties/>
  <testcase name="testComparisons[0: When Visitors location is (8.0, -66.8799873) and comparison is WITHIN and distance is 30 KM of location (10.4883717, -66.8799873), should evaluate to FALSE]" classname="com.dotmarketing.portlets.rules.conditionlet.VisitorsGeolocationConditionletTest" time="0.001"/>
  <testcase name="testComparisons[1: When Visitors location is (8.0, -66.8799873) and comparison is WITHIN and distance is 300 KM of location (10.4883717, -66.8799873), should evaluate to TRUE]" classname="com.dotmarketing.portlets.rules.conditionlet.VisitorsGeolocationConditionletTest" time="0.0"/>
  <testcase name="testComparisons[2: When Visitors location is (8.0, -66.8799873) and comparison is NOT WITHIN and distance is 30 KM of location (10.4883717, -66.8799873), should evaluate to TRUE]" classname="com.dotmarketing.portlets.rules.conditionlet.VisitorsGeolocationConditionletTest" time="0.001"/>
  <testcase name="testComparisons[3: When Visitors location is (8.0, -66.8799873) and comparison is NOT WITHIN and distance is 300 KM of location (10.4883717, -66.8799873), should evaluate to FALSE]" classname="com.dotmarketing.portlets.rules.conditionlet.VisitorsGeolocationConditionletTest" time="0.0"/>
  <testcase name="testCannotValidateWhenComparisonIsNull" classname="com.dotmarketing.portlets.rules.conditionlet.VisitorsGeolocationConditionletTest" time="0.001"/>
  <testcase name="testCannotValidateWhenComparisonNotSet" classname="com.dotmarketing.portlets.rules.conditionlet.VisitorsGeolocationConditionletTest" time="0.0"/>
  <testcase name="testUnsupportedComparisonThrowsException" classname="com.dotmarketing.portlets.rules.conditionlet.VisitorsGeolocationConditionletTest" time="0.001"/>
  <testcase name="testEvaluatesToFalseWhenArgumentsAreEmptyOrMissing" classname="com.dotmarketing.portlets.rules.conditionlet.VisitorsGeolocationConditionletTest" time="0.0"/>
  <system-out><![CDATA[]]></system-out>
  <system-err><![CDATA[]]></system-err>
</testsuite>
