<?xml version="1.0" encoding="UTF-8"?>
<testsuite name="com.dotmarketing.portlets.workflows.ajax.WfBaseActionTest" tests="3" skipped="0" failures="0" errors="0" timestamp="2023-07-03T16:41:53" hostname="fv-az440-214" time="0.375">
  <properties/>
  <testcase name="TestOnNullCallTheDefaultCommand" classname="com.dotmarketing.portlets.workflows.ajax.WfBaseActionTest" time="0.183"/>
  <testcase name="TestNotAllowedCommands" classname="com.dotmarketing.portlets.workflows.ajax.WfBaseActionTest" time="0.102"/>
  <testcase name="TestAllowedCommands" classname="com.dotmarketing.portlets.workflows.ajax.WfBaseActionTest" time="0.082"/>
  <system-out><![CDATA[ Command ::  forbiddenMethod  on  class Mock for WfSchemeAjax, hashCode: 229198938
 Command ::  forbiddenMethod  on  class Mock for WfRoleStoreAjax, hashCode: 50419413
 Command ::  forbiddenMethod  on  class Mock for WfActionClassAjax, hashCode: 891019226
 Command ::  forbiddenMethod  on  class Mock for WfTaskAjax, hashCode: 790776963
 Command ::  forbiddenMethod  on  class Mock for WfActionAjax, hashCode: 172485667
 Command ::  action  on  class Mock for WfSchemeAjax, hashCode: 1903011868
 Command ::  save  on  class Mock for WfSchemeAjax, hashCode: 1903011868
 Command ::  action  on  class Mock for WfRoleStoreAjax, hashCode: 1841861312
 Command ::  rolesToJson  on  class Mock for WfRoleStoreAjax, hashCode: 1841861312
 Command ::  assignable  on  class Mock for WfRoleStoreAjax, hashCode: 1841861312
 Command ::  add  on  class Mock for WfActionClassAjax, hashCode: 143433608
 Command ::  save  on  class Mock for WfActionClassAjax, hashCode: 143433608
 Command ::  delete  on  class Mock for WfActionClassAjax, hashCode: 143433608
 Command ::  reorder  on  class Mock for WfActionClassAjax, hashCode: 143433608
 Command ::  action  on  class Mock for WfActionClassAjax, hashCode: 143433608
 Command ::  action  on  class Mock for WfTaskAjax, hashCode: 1396304021
 Command ::  executeActions  on  class Mock for WfTaskAjax, hashCode: 1396304021
 Command ::  executeAction  on  class Mock for WfTaskAjax, hashCode: 1396304021
 Command ::  action  on  class Mock for WfActionAjax, hashCode: 710774234
 Command ::  reorder  on  class Mock for WfActionAjax, hashCode: 710774234
 Command ::  delete  on  class Mock for WfActionAjax, hashCode: 710774234
 Command ::  save  on  class Mock for WfActionAjax, hashCode: 710774234
 Command ::  deleteActionForStep  on  class Mock for WfActionAjax, hashCode: 710774234
 Command ::  add  on  class Mock for WfActionAjax, hashCode: 710774234
]]></system-out>
  <system-err><![CDATA[]]></system-err>
</testsuite>
