<?xml version="1.0" encoding="UTF-8"?>
<testsuite name="com.dotcms.dotpubsub.DotPubSubEventTest" tests="2" skipped="0" failures="0" errors="0" timestamp="2023-06-27T19:39:31" hostname="fv-az404-370" time="0.004">
  <properties/>
  <testcase name="test_DotPubSubEvent_to_json_and_back" classname="com.dotcms.dotpubsub.DotPubSubEventTest" time="0.003"/>
  <testcase name="test_DotPubSubEvent_Builder" classname="com.dotcms.dotpubsub.DotPubSubEventTest" time="0.001"/>
  <system-out><![CDATA[]]></system-out>
  <system-err><![CDATA[]]></system-err>
</testsuite>
