<?xml version="1.0" encoding="UTF-8"?>
<testsuite name="com.dotcms.auth.providers.jwt.factories.SecretKeySpecFactoryTest" tests="1" skipped="0" failures="0" errors="0" timestamp="2023-06-29T16:42:34" hostname="fv-az586-632" time="1.33">
  <properties/>
  <testcase name="readAndPrepareSecret" classname="com.dotcms.auth.providers.jwt.factories.SecretKeySpecFactoryTest" time="1.33"/>
  <system-out><![CDATA[85b3fcde9d83ce5b7f7324e1eba4935439497d55376fe2073ea3a54b5bb733e1b9853af177323b8414f8da75f6ecbfd33a377c538a895294515c8dec37b65f2c
MySecretKey2
MySecretKey3
MySecretKey3
ad62addbe135db77fc22ba2af428381364fb3676fbc8978d591bc70a852296828e10b6e92658254a7d9dda8dca9438b57ad3339545f7618219404b6631d5d6a0
0eab41b76503689665e0047ac748b43b46ba1ac869684c14732a262eddebc4506f4e5c9f63d03027861a2437d5738535118cfc19b0cbdcfebd2d2d6dfe178e7d
fbbce96eff1839fb755d3f08002b8f0e4fafcf2e0c90b6c3feb1601ae56b341f1a67405213900c49116a78dddc7ae4be6a68238e919551c93bbd146764442ffe
]]></system-out>
  <system-err><![CDATA[]]></system-err>
</testsuite>
