<?xml version="1.0" encoding="UTF-8"?>
<testsuite name="com.dotmarketing.common.reindex.ReindexThreadUnitTest" tests="1" skipped="0" failures="0" errors="0" timestamp="2023-07-10T22:04:39" hostname="fv-az402-543" time="0.095">
  <properties/>
  <testcase name="testGenerateNotification" classname="com.dotmarketing.common.reindex.ReindexThreadUnitTest" time="0.095"/>
  <system-out><![CDATA[]]></system-out>
  <system-err><![CDATA[]]></system-err>
</testsuite>
