<?xml version="1.0" encoding="UTF-8"?>
<testsuite name="com.dotcms.auth.providers.jwt.factories.SecretKeySpecFactoryTest" tests="1" skipped="0" failures="0" errors="0" timestamp="2023-07-13T22:53:08" hostname="fv-az1241-407" time="1.29">
  <properties/>
  <testcase name="readAndPrepareSecret" classname="com.dotcms.auth.providers.jwt.factories.SecretKeySpecFactoryTest" time="1.29"/>
  <system-out><![CDATA[bbf23e9bace533db5cb24a6f9e82ca61716a57b05a31a46dc7835094b83d47933189347741b9adf6b5b29305f786e0007ccb253bab291e309b0be4ffba62ec69
MySecretKey2
MySecretKey3
MySecretKey3
cdda8aed75707537ef56173dc74f7dfa5aab5409e2462a4030567cac324962f5840373d420b6e7949ab6812967661af934d7bbc4bc3281ef6dcbeb887777e718
63b1e6c24a537eb64351164043d675dc1f5e8c4717660f8fa386a451efaaa0b884647a2b58ba1fa500186a5c17e202d24664ecd7965bf41593d30927c5d125c1
c3103a9c0f91301c5d8f1daa780812666a1b230d8805367442004cefabbc854fd8c211e661350179ea1f293ad99a72449ca16bdf47529d7cf5d0d1d70953258e
]]></system-out>
  <system-err><![CDATA[]]></system-err>
</testsuite>
