<?xml version="1.0" encoding="UTF-8"?>
<testsuite name="com.dotmarketing.portlets.workflows.ajax.WfBaseActionTest" tests="3" skipped="0" failures="0" errors="0" timestamp="2023-06-30T15:58:42" hostname="fv-az936-969" time="0.267">
  <properties/>
  <testcase name="TestOnNullCallTheDefaultCommand" classname="com.dotmarketing.portlets.workflows.ajax.WfBaseActionTest" time="0.235"/>
  <testcase name="TestNotAllowedCommands" classname="com.dotmarketing.portlets.workflows.ajax.WfBaseActionTest" time="0.01"/>
  <testcase name="TestAllowedCommands" classname="com.dotmarketing.portlets.workflows.ajax.WfBaseActionTest" time="0.02"/>
  <system-out><![CDATA[ Command ::  forbiddenMethod  on  class Mock for WfActionClassAjax, hashCode: 189676382
 Command ::  forbiddenMethod  on  class Mock for WfRoleStoreAjax, hashCode: 1251421027
 Command ::  forbiddenMethod  on  class Mock for WfActionAjax, hashCode: 509335620
 Command ::  forbiddenMethod  on  class Mock for WfTaskAjax, hashCode: 2067803694
 Command ::  forbiddenMethod  on  class Mock for WfSchemeAjax, hashCode: 1933445858
 Command ::  save  on  class Mock for WfActionClassAjax, hashCode: 2139054058
 Command ::  delete  on  class Mock for WfActionClassAjax, hashCode: 2139054058
 Command ::  reorder  on  class Mock for WfActionClassAjax, hashCode: 2139054058
 Command ::  action  on  class Mock for WfActionClassAjax, hashCode: 2139054058
 Command ::  add  on  class Mock for WfActionClassAjax, hashCode: 2139054058
 Command ::  rolesToJson  on  class Mock for WfRoleStoreAjax, hashCode: 1868446415
 Command ::  assignable  on  class Mock for WfRoleStoreAjax, hashCode: 1868446415
 Command ::  action  on  class Mock for WfRoleStoreAjax, hashCode: 1868446415
 Command ::  deleteActionForStep  on  class Mock for WfActionAjax, hashCode: 1086288619
 Command ::  add  on  class Mock for WfActionAjax, hashCode: 1086288619
 Command ::  action  on  class Mock for WfActionAjax, hashCode: 1086288619
 Command ::  reorder  on  class Mock for WfActionAjax, hashCode: 1086288619
 Command ::  delete  on  class Mock for WfActionAjax, hashCode: 1086288619
 Command ::  save  on  class Mock for WfActionAjax, hashCode: 1086288619
 Command ::  executeAction  on  class Mock for WfTaskAjax, hashCode: 949677076
 Command ::  action  on  class Mock for WfTaskAjax, hashCode: 949677076
 Command ::  executeActions  on  class Mock for WfTaskAjax, hashCode: 949677076
 Command ::  action  on  class Mock for WfSchemeAjax, hashCode: 685129957
 Command ::  save  on  class Mock for WfSchemeAjax, hashCode: 685129957
]]></system-out>
  <system-err><![CDATA[]]></system-err>
</testsuite>
