<?xml version="1.0" encoding="UTF-8"?>
<testsuite name="com.dotcms.util.pagination.SiteViewPaginatorUnitTest" tests="2" skipped="0" failures="0" errors="0" timestamp="2023-06-29T16:42:53" hostname="fv-az502-91" time="0.331">
  <properties/>
  <testcase name="Test_Get_Items_Sorted_Pages" classname="com.dotcms.util.pagination.SiteViewPaginatorUnitTest" time="0.284"/>
  <testcase name="Test_Get_Items_Page_Size" classname="com.dotcms.util.pagination.SiteViewPaginatorUnitTest" time="0.046"/>
  <system-out><![CDATA[SYSTEM_HOST
1
2
3
5
6
7
]]></system-out>
  <system-err><![CDATA[]]></system-err>
</testsuite>
