<?xml version="1.0" encoding="UTF-8"?>
<testsuite name="com.dotmarketing.portlets.workflows.ajax.WfBaseActionTest" tests="3" skipped="0" failures="0" errors="0" timestamp="2023-06-29T16:46:22" hostname="fv-az586-632" time="0.132">
  <properties/>
  <testcase name="TestOnNullCallTheDefaultCommand" classname="com.dotmarketing.portlets.workflows.ajax.WfBaseActionTest" time="0.107"/>
  <testcase name="TestNotAllowedCommands" classname="com.dotmarketing.portlets.workflows.ajax.WfBaseActionTest" time="0.007"/>
  <testcase name="TestAllowedCommands" classname="com.dotmarketing.portlets.workflows.ajax.WfBaseActionTest" time="0.016"/>
  <system-out><![CDATA[ Command ::  forbiddenMethod  on  class Mock for WfActionClassAjax, hashCode: 343123756
 Command ::  forbiddenMethod  on  class Mock for WfActionAjax, hashCode: 345491262
 Command ::  forbiddenMethod  on  class Mock for WfSchemeAjax, hashCode: 1770860877
 Command ::  forbiddenMethod  on  class Mock for WfRoleStoreAjax, hashCode: 156135639
 Command ::  forbiddenMethod  on  class Mock for WfTaskAjax, hashCode: 479702799
 Command ::  save  on  class Mock for WfActionClassAjax, hashCode: 309744616
 Command ::  delete  on  class Mock for WfActionClassAjax, hashCode: 309744616
 Command ::  reorder  on  class Mock for WfActionClassAjax, hashCode: 309744616
 Command ::  action  on  class Mock for WfActionClassAjax, hashCode: 309744616
 Command ::  add  on  class Mock for WfActionClassAjax, hashCode: 309744616
 Command ::  save  on  class Mock for WfActionAjax, hashCode: 71596557
 Command ::  deleteActionForStep  on  class Mock for WfActionAjax, hashCode: 71596557
 Command ::  add  on  class Mock for WfActionAjax, hashCode: 71596557
 Command ::  action  on  class Mock for WfActionAjax, hashCode: 71596557
 Command ::  reorder  on  class Mock for WfActionAjax, hashCode: 71596557
 Command ::  delete  on  class Mock for WfActionAjax, hashCode: 71596557
 Command ::  action  on  class Mock for WfSchemeAjax, hashCode: 2109870336
 Command ::  save  on  class Mock for WfSchemeAjax, hashCode: 2109870336
 Command ::  rolesToJson  on  class Mock for WfRoleStoreAjax, hashCode: 1626338156
 Command ::  assignable  on  class Mock for WfRoleStoreAjax, hashCode: 1626338156
 Command ::  action  on  class Mock for WfRoleStoreAjax, hashCode: 1626338156
 Command ::  action  on  class Mock for WfTaskAjax, hashCode: 1712016395
 Command ::  executeActions  on  class Mock for WfTaskAjax, hashCode: 1712016395
 Command ::  executeAction  on  class Mock for WfTaskAjax, hashCode: 1712016395
]]></system-out>
  <system-err><![CDATA[]]></system-err>
</testsuite>
