<?xml version="1.0" encoding="UTF-8"?>
<testsuite name="com.dotcms.auth.providers.jwt.factories.SecretKeySpecFactoryTest" tests="1" skipped="0" failures="0" errors="0" timestamp="2023-06-27T14:26:54" hostname="fv-az586-867" time="1.31">
  <properties/>
  <testcase name="readAndPrepareSecret" classname="com.dotcms.auth.providers.jwt.factories.SecretKeySpecFactoryTest" time="1.31"/>
  <system-out><![CDATA[27174fd26cf0f0173bfd0a12d6c74d96132e48c3054e0a459567ae7ba448255bab146c909a9e037f5840900fc2f004bb32556857f31ea378f451f167dde60b9d
MySecretKey2
MySecretKey3
MySecretKey3
8e85458c208ed71c89407c572f157f8fc4e7906fbd1a8cff66e5db755cfb54985f50db55b494ccb9e5c8845d61615bd7ee9b6ce723d1ba9518a03ead46d9b794
dfd6f3de8078c51e67240ec35b189cb8b3d3fa540a7886a578b011b3ce2536e0273809e4cbd8e60d56ec5221e00659efed1475bcc0f567e2b9060795a18d88d7
b5f6842c585802355a48a9a285341f1c69a41a6f779b611eb88e2eba938bb04a18b47beb36bc2177e5c70e198ae28c541093fcf58d4d88fe2871c9ffa5509f0a
]]></system-out>
  <system-err><![CDATA[]]></system-err>
</testsuite>
