<?xml version="1.0" encoding="UTF-8"?>
<testsuite name="com.dotcms.rest.api.v1.configuration.AppContextInitResourceTest" tests="1" skipped="0" failures="0" errors="0" timestamp="2023-07-17T18:46:55" hostname="fv-az488-38" time="0.129">
  <properties/>
  <testcase name="testVerifyConfigurationData" classname="com.dotcms.rest.api.v1.configuration.AppContextInitResourceTest" time="0.129"/>
  <system-out><![CDATA[]]></system-out>
  <system-err><![CDATA[]]></system-err>
</testsuite>
