<?xml version="1.0" encoding="UTF-8"?>
<testsuite name="com.dotcms.auth.providers.jwt.factories.SecretKeySpecFactoryTest" tests="1" skipped="0" failures="0" errors="0" timestamp="2023-07-06T18:44:41" hostname="fv-az365-134" time="1.687">
  <properties/>
  <testcase name="readAndPrepareSecret" classname="com.dotcms.auth.providers.jwt.factories.SecretKeySpecFactoryTest" time="1.687"/>
  <system-out><![CDATA[651b4d0ad42a0a34fee8b433a51893dc7f782813cbca6aae91b917c66f93839b3753262e836e8b7889dfe9677cd467d8cc0d202593775b1e46c3de9f28d19a25
MySecretKey2
MySecretKey3
MySecretKey3
b79e76edbf1a8d5d2df4e993ffcb57fce2aca725a3d4c9813973bb529be61fa8bb6a8c44e88262aac92701faeb90263d9494eacbbf22e60068ea0b28c930d39b
01ed888d4b2debf2c9cd326784a7961d415e903d7646229da4f7d8d81933469736803f176e355ac4ee5ef6bff8a244a3fcbd7d5317617ab432d72b0691e39234
286b9b446f405b752e2042258919f73aa61fc77464c1c87933cb9a0d7d4e22b992871ac2b0597a2a9535cdc181fcd7f17f9b729ee60cb1d83061e9b087073e6b
]]></system-out>
  <system-err><![CDATA[]]></system-err>
</testsuite>
