<?xml version="1.0" encoding="UTF-8"?>
<testsuite name="com.dotcms.auth.providers.jwt.factories.SecretKeySpecFactoryTest" tests="1" skipped="0" failures="0" errors="0" timestamp="2023-07-14T14:59:29" hostname="fv-az1236-819" time="1.372">
  <properties/>
  <testcase name="readAndPrepareSecret" classname="com.dotcms.auth.providers.jwt.factories.SecretKeySpecFactoryTest" time="1.372"/>
  <system-out><![CDATA[09dcf980be0604107cff9568eb4c5e5af5c55979bd7d6942e067114e90b0ed05c4cae835b7c2077910db841acb3250328e071e8035de8f256357ca8fd94cc71a
MySecretKey2
MySecretKey3
MySecretKey3
ec5c0e263044ea1aa598c3b13df2fbd622d8119012573df6a6999002b1288d59404294ea72cf9e9b01c8878ed84785c33fd8a02d355960b2d1c69747d72b2095
651bf41c29dcb03272bfff9788166ef4416e93b7dbbe56295a2bff113eca23efa2c46afe00aa2600ba0b02b36edea0bcc477ccc2e91f7c65e11aca39d16b3cc2
9bf603543f0a35f8889fca7fa93959c50b707121d4b3d81bf954c8e0f4b612d6c8169062ebe8b0c3b7130d4ea03bb545929314f873c44ad26049c8e5859afbac
]]></system-out>
  <system-err><![CDATA[]]></system-err>
</testsuite>
