<?xml version="1.0" encoding="UTF-8"?>
<testsuite name="com.dotmarketing.portlets.workflows.ajax.WfBaseActionTest" tests="3" skipped="0" failures="0" errors="0" timestamp="2023-07-17T21:38:44" hostname="fv-az401-175" time="0.146">
  <properties/>
  <testcase name="TestOnNullCallTheDefaultCommand" classname="com.dotmarketing.portlets.workflows.ajax.WfBaseActionTest" time="0.122"/>
  <testcase name="TestNotAllowedCommands" classname="com.dotmarketing.portlets.workflows.ajax.WfBaseActionTest" time="0.008"/>
  <testcase name="TestAllowedCommands" classname="com.dotmarketing.portlets.workflows.ajax.WfBaseActionTest" time="0.016"/>
  <system-out><![CDATA[ Command ::  forbiddenMethod  on  class Mock for WfSchemeAjax, hashCode: 1266446367
 Command ::  forbiddenMethod  on  class Mock for WfRoleStoreAjax, hashCode: 229729250
 Command ::  forbiddenMethod  on  class Mock for WfActionAjax, hashCode: 568939032
 Command ::  forbiddenMethod  on  class Mock for WfTaskAjax, hashCode: 1928748057
 Command ::  forbiddenMethod  on  class Mock for WfActionClassAjax, hashCode: 2030357696
 Command ::  save  on  class Mock for WfSchemeAjax, hashCode: 972320605
 Command ::  action  on  class Mock for WfSchemeAjax, hashCode: 972320605
 Command ::  rolesToJson  on  class Mock for WfRoleStoreAjax, hashCode: 1171525343
 Command ::  action  on  class Mock for WfRoleStoreAjax, hashCode: 1171525343
 Command ::  assignable  on  class Mock for WfRoleStoreAjax, hashCode: 1171525343
 Command ::  deleteActionForStep  on  class Mock for WfActionAjax, hashCode: 823885176
 Command ::  save  on  class Mock for WfActionAjax, hashCode: 823885176
 Command ::  delete  on  class Mock for WfActionAjax, hashCode: 823885176
 Command ::  reorder  on  class Mock for WfActionAjax, hashCode: 823885176
 Command ::  action  on  class Mock for WfActionAjax, hashCode: 823885176
 Command ::  add  on  class Mock for WfActionAjax, hashCode: 823885176
 Command ::  executeAction  on  class Mock for WfTaskAjax, hashCode: 290226496
 Command ::  executeActions  on  class Mock for WfTaskAjax, hashCode: 290226496
 Command ::  action  on  class Mock for WfTaskAjax, hashCode: 290226496
 Command ::  action  on  class Mock for WfActionClassAjax, hashCode: 1584755262
 Command ::  reorder  on  class Mock for WfActionClassAjax, hashCode: 1584755262
 Command ::  delete  on  class Mock for WfActionClassAjax, hashCode: 1584755262
 Command ::  save  on  class Mock for WfActionClassAjax, hashCode: 1584755262
 Command ::  add  on  class Mock for WfActionClassAjax, hashCode: 1584755262
]]></system-out>
  <system-err><![CDATA[]]></system-err>
</testsuite>
