<?xml version="1.0" encoding="UTF-8"?>
<testsuite name="com.dotcms.auth.providers.jwt.factories.SecretKeySpecFactoryTest" tests="1" skipped="0" failures="0" errors="0" timestamp="2023-07-07T14:46:19" hostname="fv-az548-686" time="1.45">
  <properties/>
  <testcase name="readAndPrepareSecret" classname="com.dotcms.auth.providers.jwt.factories.SecretKeySpecFactoryTest" time="1.45"/>
  <system-out><![CDATA[2cce1ac2583f0f422877f2b50bf966bfe95d905350b3e02c62dba3a4f8491550777f887b827dddf4c33daca347da2369607872e26027bf52117a876894652890
MySecretKey2
MySecretKey3
MySecretKey3
04cf640ba30c7d247c8beaf29a45c957c7d0da8c2e64841b63ca6744f1cead41095f27e9cd839fdfd9f935512fdba05d7920d2a5ecfbad9fc2ac8913a5c01377
173cf1d249138908ad83e785e922f97578767fac35ebc68837222a84c1fb17b440a1789488952e9a8d183df49e9824f3ea358916fe5dc4d6b0caf231715b5748
9bcd29d70217b92a3cbb1ee5c8b44210e3e6122f199afd3a8e70c31daf59560779a8f0c9a6eff076f5f0a1b1911ff1d7e29ca79aedd59cf7970938521341e278
]]></system-out>
  <system-err><![CDATA[]]></system-err>
</testsuite>
