<?xml version="1.0" encoding="UTF-8"?>
<testsuite name="com.dotcms.auth.providers.jwt.factories.SecretKeySpecFactoryTest" tests="1" skipped="0" failures="0" errors="0" timestamp="2023-06-27T22:34:40" hostname="fv-az955-152" time="1.33">
  <properties/>
  <testcase name="readAndPrepareSecret" classname="com.dotcms.auth.providers.jwt.factories.SecretKeySpecFactoryTest" time="1.33"/>
  <system-out><![CDATA[d95969e3905f92688ef9ec31c4aa059d2130bbe345ef6efc4f887b78c3be50f3744d3136fe6334f6ddb819186a598b2e3884f51863763d2963038aa2297b068f
MySecretKey2
MySecretKey3
MySecretKey3
bcb3bb25c05827000d8853804f3816e7d076e17ded1ebdb394e3c52931678a2c9c851790cfb8c367cc4e8db21bc0eccd31285e834ace66de0bdab0c49a0cb62c
51649a866b649f8e8f7131626e9a442cdd43161db351239cb671e89b481262daa96ad4202875ba2bfe87bf94fd5ab616f5d0d84044ab36689ebf4155a77d9b7d
dd3013e6e855b3ff88d197b6f0780c386936939cbdd777a259cd8c7e15f178cb277de621787db10d04a0b776759660897f9610c343aca3996ccccf377e4d6ba1
]]></system-out>
  <system-err><![CDATA[]]></system-err>
</testsuite>
