<?xml version="1.0" encoding="UTF-8"?>
<testsuite name="com.dotcms.auth.providers.jwt.factories.SecretKeySpecFactoryTest" tests="1" skipped="0" failures="0" errors="0" timestamp="2023-06-30T17:24:55" hostname="fv-az951-870" time="1.671">
  <properties/>
  <testcase name="readAndPrepareSecret" classname="com.dotcms.auth.providers.jwt.factories.SecretKeySpecFactoryTest" time="1.671"/>
  <system-out><![CDATA[d2bc1c75915755efc1844f5aa2782aac109d9b92b6a9033cd87e379ed681aa9c5f47daf2278c966bffaeeb1c176ddd64da5718d134986634a4627dd759840016
MySecretKey2
MySecretKey3
MySecretKey3
aa32dd0f004619ba281c5c0759ab1a9edeef07eee8e7dc8d78b341133eae5f753b637375526b807e5e2e2fd5e528310868113a56312e88ec7d82d0af1b708ee2
13959ee4716231e7ec687bc15431c57e0202370b83053e4bcd250c3015ef96e0c2834891ad4754ae8ca98dc7c8a844848e7d0d0a8f2ee0bd846624d2dc541a7b
69f3331aa7a835c35b9372c9859ebc95c30e91d21800dbc68e936140ec0e7454f942d70b1cfc5201c6da02763aa1bd69eeda6e5613a9eee028d4ea4bf7a4ed8e
]]></system-out>
  <system-err><![CDATA[]]></system-err>
</testsuite>
