<?xml version="1.0" encoding="UTF-8"?>
<testsuite name="com.dotcms.util.diff.DiffCommandTest" tests="2" skipped="0" failures="0" errors="0" timestamp="2023-06-29T19:42:36" hostname="fv-az402-651" time="0.007">
  <properties/>
  <testcase name="applyDiff_Comparable" classname="com.dotcms.util.diff.DiffCommandTest" time="0.006"/>
  <testcase name="applyDiff_Differentiable" classname="com.dotcms.util.diff.DiffCommandTest" time="0.001"/>
  <system-out><![CDATA[{six=six, five=five}
{two=two}
{four=fourxxx, one=onexxx}
{six=com.dotcms.util.diff.DiffCommandTest$StringDifferentiable@4885109c, five=com.dotcms.util.diff.DiffCommandTest$StringDifferentiable@6343c70}
{two=com.dotcms.util.diff.DiffCommandTest$StringDifferentiable@3a12f53e}
{four=com.dotcms.util.diff.DiffCommandTest$StringDifferentiable@62494378, one=com.dotcms.util.diff.DiffCommandTest$StringDifferentiable@228be5d}
]]></system-out>
  <system-err><![CDATA[]]></system-err>
</testsuite>
