<?xml version="1.0" encoding="UTF-8"?>
<testsuite name="com.dotmarketing.portlets.osgi.AJAX.OSGIBaseAJAXTest" tests="3" skipped="0" failures="0" errors="0" timestamp="2023-06-30T21:42:33" hostname="fv-az749-544" time="0.059">
  <properties/>
  <testcase name="TestOnNullCallTheDefaultCommand" classname="com.dotmarketing.portlets.osgi.AJAX.OSGIBaseAJAXTest" time="0.037"/>
  <testcase name="TestNotAllowedCommands" classname="com.dotmarketing.portlets.osgi.AJAX.OSGIBaseAJAXTest" time="0.003"/>
  <testcase name="TestAllowedCommands" classname="com.dotmarketing.portlets.osgi.AJAX.OSGIBaseAJAXTest" time="0.019"/>
  <system-out><![CDATA[ Command ::  forbiddenMethod  on  class Mock for OSGIAJAX, hashCode: 1328921514
 Command ::  add  on  class Mock for OSGIAJAX, hashCode: 1430075332
 Command ::  start  on  class Mock for OSGIAJAX, hashCode: 1430075332
 Command ::  restart  on  class Mock for OSGIAJAX, hashCode: 1430075332
 Command ::  action  on  class Mock for OSGIAJAX, hashCode: 1430075332
 Command ::  getExtraPackages  on  class Mock for OSGIAJAX, hashCode: 1430075332
 Command ::  remove  on  class Mock for OSGIAJAX, hashCode: 1430075332
 Command ::  deploy  on  class Mock for OSGIAJAX, hashCode: 1430075332
 Command ::  modifyExtraPackages  on  class Mock for OSGIAJAX, hashCode: 1430075332
 Command ::  undeploy  on  class Mock for OSGIAJAX, hashCode: 1430075332
 Command ::  stop  on  class Mock for OSGIAJAX, hashCode: 1430075332
]]></system-out>
  <system-err><![CDATA[]]></system-err>
</testsuite>
