<?xml version="1.0" encoding="UTF-8"?>
<testsuite name="com.dotcms.auth.providers.jwt.factories.SecretKeySpecFactoryTest" tests="1" skipped="0" failures="0" errors="0" timestamp="2023-07-10T23:18:53" hostname="fv-az313-814" time="1.714">
  <properties/>
  <testcase name="readAndPrepareSecret" classname="com.dotcms.auth.providers.jwt.factories.SecretKeySpecFactoryTest" time="1.714"/>
  <system-out><![CDATA[02c3e9c10e7503ca30adbebcf35b865215a67d7d096d8e70089918d387764bf97934e0a6f3b94abb20e6e4bf300df2b09d4d50211bcc7f0c1f14b6ae2b41509b
MySecretKey2
MySecretKey3
MySecretKey3
3372e64ccc968f887cff17c587e4c59b91b2fdb595f84168c05e82cdd6e8f2f57a8c0ad5b3dc6819098facbd20fc427c6408286718e6498b3e6a84177b56e949
d614605dccc21717d70c358bfcfa2f4d95a47b95236125ecebe3dce9f25a5a89f621edf521bcce7608f5d52fab16bf3348c6dd934ac1f4420f76344cc479fd77
6ee9e99b5acd61c341f897ed7aee1e5239e14236a40d52d31c2d23e3478e3fe018c0f76fb84ebca2a2b7bac1f63801fa9657d386c1aa1107493c09e0af7a0ce3
]]></system-out>
  <system-err><![CDATA[]]></system-err>
</testsuite>
