<?xml version="1.0" encoding="UTF-8"?>
<testsuite name="com.dotmarketing.portlets.workflows.util.WorkflowEmailUtilTest" tests="3" skipped="0" failures="0" errors="0" timestamp="2023-06-27T18:38:55" hostname="fv-az254-300" time="0.09">
  <properties/>
  <testcase name="Test_Resolve_Sender_Included_On_The_Company_EmailAddress" classname="com.dotmarketing.portlets.workflows.util.WorkflowEmailUtilTest" time="0.072"/>
  <testcase name="Test_Resolve_Sender" classname="com.dotmarketing.portlets.workflows.util.WorkflowEmailUtilTest" time="0.015"/>
  <testcase name="Test_Resolve_Sender_No_Company_Email_FallBack" classname="com.dotmarketing.portlets.workflows.util.WorkflowEmailUtilTest" time="0.003"/>
  <system-out><![CDATA[]]></system-out>
  <system-err><![CDATA[]]></system-err>
</testsuite>
