<?xml version="1.0" encoding="UTF-8"?>
<testsuite name="com.dotmarketing.portlets.workflows.ajax.WfBaseActionTest" tests="3" skipped="0" failures="0" errors="0" timestamp="2023-07-17T23:10:33" hostname="fv-az397-831" time="0.251">
  <properties/>
  <testcase name="TestOnNullCallTheDefaultCommand" classname="com.dotmarketing.portlets.workflows.ajax.WfBaseActionTest" time="0.168"/>
  <testcase name="TestNotAllowedCommands" classname="com.dotmarketing.portlets.workflows.ajax.WfBaseActionTest" time="0.027"/>
  <testcase name="TestAllowedCommands" classname="com.dotmarketing.portlets.workflows.ajax.WfBaseActionTest" time="0.055"/>
  <system-out><![CDATA[ Command ::  forbiddenMethod  on  class Mock for WfActionClassAjax, hashCode: 378758783
 Command ::  forbiddenMethod  on  class Mock for WfActionAjax, hashCode: 1846347675
 Command ::  forbiddenMethod  on  class Mock for WfRoleStoreAjax, hashCode: 1895228129
 Command ::  forbiddenMethod  on  class Mock for WfSchemeAjax, hashCode: 252784344
 Command ::  forbiddenMethod  on  class Mock for WfTaskAjax, hashCode: 1808989199
 Command ::  action  on  class Mock for WfActionClassAjax, hashCode: 1386731762
 Command ::  reorder  on  class Mock for WfActionClassAjax, hashCode: 1386731762
 Command ::  delete  on  class Mock for WfActionClassAjax, hashCode: 1386731762
 Command ::  save  on  class Mock for WfActionClassAjax, hashCode: 1386731762
 Command ::  add  on  class Mock for WfActionClassAjax, hashCode: 1386731762
 Command ::  deleteActionForStep  on  class Mock for WfActionAjax, hashCode: 302356270
 Command ::  save  on  class Mock for WfActionAjax, hashCode: 302356270
 Command ::  delete  on  class Mock for WfActionAjax, hashCode: 302356270
 Command ::  reorder  on  class Mock for WfActionAjax, hashCode: 302356270
 Command ::  action  on  class Mock for WfActionAjax, hashCode: 302356270
 Command ::  add  on  class Mock for WfActionAjax, hashCode: 302356270
 Command ::  rolesToJson  on  class Mock for WfRoleStoreAjax, hashCode: 1190052090
 Command ::  action  on  class Mock for WfRoleStoreAjax, hashCode: 1190052090
 Command ::  assignable  on  class Mock for WfRoleStoreAjax, hashCode: 1190052090
 Command ::  save  on  class Mock for WfSchemeAjax, hashCode: 376380665
 Command ::  action  on  class Mock for WfSchemeAjax, hashCode: 376380665
 Command ::  executeAction  on  class Mock for WfTaskAjax, hashCode: 1753192488
 Command ::  executeActions  on  class Mock for WfTaskAjax, hashCode: 1753192488
 Command ::  action  on  class Mock for WfTaskAjax, hashCode: 1753192488
]]></system-out>
  <system-err><![CDATA[]]></system-err>
</testsuite>
