<?xml version="1.0" encoding="UTF-8"?>
<testsuite name="com.dotcms.util.diff.DiffCommandTest" tests="2" skipped="0" failures="0" errors="0" timestamp="2023-07-10T17:47:18" hostname="fv-az809-345" time="0.006">
  <properties/>
  <testcase name="applyDiff_Comparable" classname="com.dotcms.util.diff.DiffCommandTest" time="0.005"/>
  <testcase name="applyDiff_Differentiable" classname="com.dotcms.util.diff.DiffCommandTest" time="0.001"/>
  <system-out><![CDATA[{six=six, five=five}
{two=two}
{four=fourxxx, one=onexxx}
{six=com.dotcms.util.diff.DiffCommandTest$StringDifferentiable@5e53ef6b, five=com.dotcms.util.diff.DiffCommandTest$StringDifferentiable@15a911bd}
{two=com.dotcms.util.diff.DiffCommandTest$StringDifferentiable@1b6fe2b8}
{four=com.dotcms.util.diff.DiffCommandTest$StringDifferentiable@1c3a32fa, one=com.dotcms.util.diff.DiffCommandTest$StringDifferentiable@5dd3bea1}
]]></system-out>
  <system-err><![CDATA[]]></system-err>
</testsuite>
