<?xml version="1.0" encoding="UTF-8"?>
<testsuite name="com.dotcms.util.marshal.MarshalUtilsTest" tests="5" skipped="0" failures="0" errors="0" timestamp="2023-07-19T14:33:46" hostname="fv-az447-779" time="0.1">
  <properties/>
  <testcase name="marshalSqlTimeTest" classname="com.dotcms.util.marshal.MarshalUtilsTest" time="0.067"/>
  <testcase name="metaDataMarshalTest" classname="com.dotcms.util.marshal.MarshalUtilsTest" time="0.004"/>
  <testcase name="marshalTest" classname="com.dotcms.util.marshal.MarshalUtilsTest" time="0.012"/>
  <testcase name="marshalTimeStampTest" classname="com.dotcms.util.marshal.MarshalUtilsTest" time="0.007"/>
  <testcase name="marshalSQLDateTest" classname="com.dotcms.util.marshal.MarshalUtilsTest" time="0.01"/>
  <system-out><![CDATA[{"companyId":"myCompany","lastModified":371030400000,"userId":"jsanca"}
{"companyId":"myCompany","lastModified":371030400000,"userId":"jsanca"}
{"companyId":"myCompany","lastModified":371030400000,"userId":"jsanca"}
{"companyId":"myCompany","lastModified":371030400000,"userId":"jsanca"}
]]></system-out>
  <system-err><![CDATA[]]></system-err>
</testsuite>
