<?xml version="1.0" encoding="UTF-8"?>
<testsuite name="com.dotmarketing.portlets.workflows.ajax.WfBaseActionTest" tests="3" skipped="0" failures="0" errors="0" timestamp="2023-07-20T04:23:03" hostname="fv-az451-216" time="0.205">
  <properties/>
  <testcase name="TestOnNullCallTheDefaultCommand" classname="com.dotmarketing.portlets.workflows.ajax.WfBaseActionTest" time="0.147"/>
  <testcase name="TestNotAllowedCommands" classname="com.dotmarketing.portlets.workflows.ajax.WfBaseActionTest" time="0.016"/>
  <testcase name="TestAllowedCommands" classname="com.dotmarketing.portlets.workflows.ajax.WfBaseActionTest" time="0.042"/>
  <system-out><![CDATA[ Command ::  forbiddenMethod  on  class Mock for WfRoleStoreAjax, hashCode: 1266446367
 Command ::  forbiddenMethod  on  class Mock for WfActionAjax, hashCode: 229729250
 Command ::  forbiddenMethod  on  class Mock for WfTaskAjax, hashCode: 568939032
 Command ::  forbiddenMethod  on  class Mock for WfActionClassAjax, hashCode: 1928748057
 Command ::  forbiddenMethod  on  class Mock for WfSchemeAjax, hashCode: 2030357696
 Command ::  action  on  class Mock for WfRoleStoreAjax, hashCode: 972320605
 Command ::  assignable  on  class Mock for WfRoleStoreAjax, hashCode: 972320605
 Command ::  rolesToJson  on  class Mock for WfRoleStoreAjax, hashCode: 972320605
 Command ::  save  on  class Mock for WfActionAjax, hashCode: 1171525343
 Command ::  delete  on  class Mock for WfActionAjax, hashCode: 1171525343
 Command ::  reorder  on  class Mock for WfActionAjax, hashCode: 1171525343
 Command ::  action  on  class Mock for WfActionAjax, hashCode: 1171525343
 Command ::  add  on  class Mock for WfActionAjax, hashCode: 1171525343
 Command ::  deleteActionForStep  on  class Mock for WfActionAjax, hashCode: 1171525343
 Command ::  action  on  class Mock for WfTaskAjax, hashCode: 1395654061
 Command ::  executeAction  on  class Mock for WfTaskAjax, hashCode: 1395654061
 Command ::  executeActions  on  class Mock for WfTaskAjax, hashCode: 1395654061
 Command ::  save  on  class Mock for WfActionClassAjax, hashCode: 1726617412
 Command ::  add  on  class Mock for WfActionClassAjax, hashCode: 1726617412
 Command ::  action  on  class Mock for WfActionClassAjax, hashCode: 1726617412
 Command ::  reorder  on  class Mock for WfActionClassAjax, hashCode: 1726617412
 Command ::  delete  on  class Mock for WfActionClassAjax, hashCode: 1726617412
 Command ::  save  on  class Mock for WfSchemeAjax, hashCode: 1974073963
 Command ::  action  on  class Mock for WfSchemeAjax, hashCode: 1974073963
]]></system-out>
  <system-err><![CDATA[]]></system-err>
</testsuite>
