<?xml version="1.0" encoding="UTF-8"?>
<testsuite name="com.dotcms.content.elasticsearch.business.ESContentletAPIHelperTest" tests="1" skipped="0" failures="0" errors="0" timestamp="2023-06-30T15:56:57" hostname="fv-az936-969" time="0.14">
  <properties/>
  <testcase name="testGenerateNotificationStartDeleting" classname="com.dotcms.content.elasticsearch.business.ESContentletAPIHelperTest" time="0.14"/>
  <system-out><![CDATA[]]></system-out>
  <system-err><![CDATA[]]></system-err>
</testsuite>
