<?xml version="1.0" encoding="UTF-8"?>
<testsuite name="com.dotcms.auth.providers.jwt.factories.SecretKeySpecFactoryTest" tests="1" skipped="0" failures="0" errors="0" timestamp="2023-07-18T17:01:06" hostname="fv-az805-899" time="1.68">
  <properties/>
  <testcase name="readAndPrepareSecret" classname="com.dotcms.auth.providers.jwt.factories.SecretKeySpecFactoryTest" time="1.68"/>
  <system-out><![CDATA[ba8797b23c96f829397551b5d31114fc3fb15b1806cde4a7b6f817d9f362efaaebc3dfc67b65a6c2cbf174d726422ae45a96d7cd1b66f70eec201cb2a31bbef6
MySecretKey2
MySecretKey3
MySecretKey3
0fcd5123339d620f33bbf339c831b8042062faaeaa1f7387017f3c10a09144aa2cbffd8d3ac4f03c8b6318ade82c4805cbc19324b4ce6a1d831efaa3dbe54fba
a5cce00508c84ecffebabf32d44b29561d3a5920925d54fcaf967ca5297b1563817ee0cb8f56fa34fd7109cba7f2ca4957dcd822ae4f2003c63326b3e077c978
59d6835779c018eb1947d8c703f3cbe83d9c24a442c9ff42b5f8616601a8c0191b26d4a281d82dc11fefa6353050ad128fb418f29d53929987061e40e5f35e6c
]]></system-out>
  <system-err><![CDATA[]]></system-err>
</testsuite>
