<?xml version="1.0" encoding="UTF-8"?>
<testsuite name="com.dotcms.auth.providers.jwt.factories.SecretKeySpecFactoryTest" tests="1" skipped="0" failures="0" errors="0" timestamp="2023-07-07T18:20:39" hostname="fv-az627-709" time="1.548">
  <properties/>
  <testcase name="readAndPrepareSecret" classname="com.dotcms.auth.providers.jwt.factories.SecretKeySpecFactoryTest" time="1.548"/>
  <system-out><![CDATA[074a6d3e097aa0472055b02d05b5a98cf0eac17ffb41bd2b1b7ec7089a15d6371885ea38170da969d69133ba1271f1bfebad132267d36dff6e38b3b506552ec2
MySecretKey2
MySecretKey3
MySecretKey3
4a1d68e64b4453b9e2e4f84e7ac33d70fe8c035ada6950f5038503df621cc5d783fa135f34a2b3fbfcc083776e1936079f603ba00f77b116d6ab5c927e567bf7
dd02e5b75094a3fc1ad83e7038fbdab4b09dcfedfa533762ded965f103fb3bbf6ac1f6acd7215ab8a556a60a70d3a6ad8a60f059164ee0a93c6586f0eb889b81
db129082a29cdfda68d6b36b325d5618702260a840e5d44233e2b370a2ebacc7aa7b4b08dfcd4ef2f0a35c2a202fa81c2daf6f5b857b562fd8bd681bce54cbfb
]]></system-out>
  <system-err><![CDATA[]]></system-err>
</testsuite>
