<?xml version="1.0" encoding="UTF-8"?>
<testsuite name="com.dotmarketing.portlets.osgi.AJAX.OSGIBaseAJAXTest" tests="3" skipped="0" failures="0" errors="0" timestamp="2023-06-26T19:19:14" hostname="fv-az354-410" time="0.13">
  <properties/>
  <testcase name="TestOnNullCallTheDefaultCommand" classname="com.dotmarketing.portlets.osgi.AJAX.OSGIBaseAJAXTest" time="0.115"/>
  <testcase name="TestNotAllowedCommands" classname="com.dotmarketing.portlets.osgi.AJAX.OSGIBaseAJAXTest" time="0.003"/>
  <testcase name="TestAllowedCommands" classname="com.dotmarketing.portlets.osgi.AJAX.OSGIBaseAJAXTest" time="0.012"/>
  <system-out><![CDATA[ Command ::  forbiddenMethod  on  class Mock for OSGIAJAX, hashCode: 953609637
 Command ::  action  on  class Mock for OSGIAJAX, hashCode: 1730687216
 Command ::  restart  on  class Mock for OSGIAJAX, hashCode: 1730687216
 Command ::  start  on  class Mock for OSGIAJAX, hashCode: 1730687216
 Command ::  add  on  class Mock for OSGIAJAX, hashCode: 1730687216
 Command ::  stop  on  class Mock for OSGIAJAX, hashCode: 1730687216
 Command ::  undeploy  on  class Mock for OSGIAJAX, hashCode: 1730687216
 Command ::  modifyExtraPackages  on  class Mock for OSGIAJAX, hashCode: 1730687216
 Command ::  deploy  on  class Mock for OSGIAJAX, hashCode: 1730687216
 Command ::  remove  on  class Mock for OSGIAJAX, hashCode: 1730687216
 Command ::  getExtraPackages  on  class Mock for OSGIAJAX, hashCode: 1730687216
]]></system-out>
  <system-err><![CDATA[]]></system-err>
</testsuite>
