<?xml version="1.0" encoding="UTF-8"?>
<testsuite name="com.dotcms.auth.providers.jwt.factories.SecretKeySpecFactoryTest" tests="1" skipped="0" failures="0" errors="0" timestamp="2023-07-18T00:13:55" hostname="fv-az578-199" time="1.61">
  <properties/>
  <testcase name="readAndPrepareSecret" classname="com.dotcms.auth.providers.jwt.factories.SecretKeySpecFactoryTest" time="1.61"/>
  <system-out><![CDATA[ae08b66844aa265b4360cb7d56aa1062069beddc23a03abb36a3b38455f5c3e839fc80a3b78c980c4e36413021040872a9ddb4200b59838937acb13a32bd5a81
MySecretKey2
MySecretKey3
MySecretKey3
d039fbdc486e2e16cebc9cd2063d78cf09eaf463148ee558524361338b9314e2b1f11e5fe4b9e220f9c888e5b7c9746c35eead3fc9ff9e4262dc51933874ee24
50893ed027ccbc848c2ebe208d9e1e3e1fa60d6ceaae66c3394b3824c7495bf916fad93eb1ca1178dc7bda20432e9a12468362e3f04b76b0223fe48cf1447ac9
3153d5f03000cab03d4932df1b4a43360af1178a51096ef59a0c82b7eb60da33401289a114ce9ebb9215f429b24032f209b9ba72843ec3499006be6acadccf6d
]]></system-out>
  <system-err><![CDATA[]]></system-err>
</testsuite>
