<?xml version="1.0" encoding="UTF-8"?>
<testsuite name="com.dotcms.auth.providers.jwt.factories.SecretKeySpecFactoryTest" tests="1" skipped="0" failures="0" errors="0" timestamp="2023-06-30T22:12:01" hostname="fv-az262-663" time="2.308">
  <properties/>
  <testcase name="readAndPrepareSecret" classname="com.dotcms.auth.providers.jwt.factories.SecretKeySpecFactoryTest" time="2.308"/>
  <system-out><![CDATA[6d45693ec55ec11702eb46d05070b2963c42f85a0f2988271b9282c91b0df176fffccf577d79a80eedc3c65d24c107f059b53b44d82cad3393951afe4e21e70f
MySecretKey2
MySecretKey3
MySecretKey3
37c13f1a3f57b4c028d55351718bdb364c9e26ec9acf2d86bd39e6702cd7c7ba1b69c339bef915a0e000d76b797f6efa24509653d3f7c9880ac63625aa230ae4
2af4f40889f9b245117ff2fe8e31e21726fd9392e624f2586a08c63ce2daf5a3a5791833c518525f42069bd2c6822f3fceeb7a167061fd305f81e8266ae51ba4
b03eaea2ec6acb6dac9fb4dfc360bcdc944c2cd316cc78d86183855196a09d7182d280b5f80bb93828c7a4e1b467f19916d01ceb8e127415b679f5e371e858bb
]]></system-out>
  <system-err><![CDATA[]]></system-err>
</testsuite>
