<?xml version="1.0" encoding="UTF-8"?>
<testsuite name="com.dotmarketing.portlets.osgi.AJAX.OSGIBaseAJAXTest" tests="3" skipped="0" failures="0" errors="0" timestamp="2023-06-26T19:04:27" hostname="fv-az244-550" time="0.051">
  <properties/>
  <testcase name="TestOnNullCallTheDefaultCommand" classname="com.dotmarketing.portlets.osgi.AJAX.OSGIBaseAJAXTest" time="0.036"/>
  <testcase name="TestNotAllowedCommands" classname="com.dotmarketing.portlets.osgi.AJAX.OSGIBaseAJAXTest" time="0.002"/>
  <testcase name="TestAllowedCommands" classname="com.dotmarketing.portlets.osgi.AJAX.OSGIBaseAJAXTest" time="0.013"/>
  <system-out><![CDATA[ Command ::  forbiddenMethod  on  class Mock for OSGIAJAX, hashCode: 1184203528
 Command ::  stop  on  class Mock for OSGIAJAX, hashCode: 1498757904
 Command ::  add  on  class Mock for OSGIAJAX, hashCode: 1498757904
 Command ::  start  on  class Mock for OSGIAJAX, hashCode: 1498757904
 Command ::  restart  on  class Mock for OSGIAJAX, hashCode: 1498757904
 Command ::  action  on  class Mock for OSGIAJAX, hashCode: 1498757904
 Command ::  getExtraPackages  on  class Mock for OSGIAJAX, hashCode: 1498757904
 Command ::  remove  on  class Mock for OSGIAJAX, hashCode: 1498757904
 Command ::  deploy  on  class Mock for OSGIAJAX, hashCode: 1498757904
 Command ::  modifyExtraPackages  on  class Mock for OSGIAJAX, hashCode: 1498757904
 Command ::  undeploy  on  class Mock for OSGIAJAX, hashCode: 1498757904
]]></system-out>
  <system-err><![CDATA[]]></system-err>
</testsuite>
