<?xml version="1.0" encoding="UTF-8"?>
<testsuite name="com.dotcms.analytics.helper.AnalyticsHelperTest" tests="29" skipped="0" failures="0" errors="0" timestamp="2023-07-11T02:13:14" hostname="fv-az244-222" time="0.082">
  <properties/>
  <testcase name="test_resolveStatusMessage" classname="com.dotcms.analytics.helper.AnalyticsHelperTest" time="0.023"/>
  <testcase name="test_isSuccessStatusCode" classname="com.dotcms.analytics.helper.AnalyticsHelperTest" time="0.002"/>
  <testcase name="test_resolveTokenStatus" classname="com.dotcms.analytics.helper.AnalyticsHelperTest" time="0.002"/>
  <testcase name="test_throwFromResponse_success" classname="com.dotcms.analytics.helper.AnalyticsHelperTest" time="0.009"/>
  <testcase name="test_isTokenOk" classname="com.dotcms.analytics.helper.AnalyticsHelperTest" time="0.001"/>
  <testcase name="test_extractToken_empty" classname="com.dotcms.analytics.helper.AnalyticsHelperTest" time="0.002"/>
  <testcase name="test_checkNoopAccessToken" classname="com.dotcms.analytics.helper.AnalyticsHelperTest" time="0.002"/>
  <testcase name="test_isTokenExpired" classname="com.dotcms.analytics.helper.AnalyticsHelperTest" time="0.001"/>
  <testcase name="test_checkBlockedAccessToken" classname="com.dotcms.analytics.helper.AnalyticsHelperTest" time="0.001"/>
  <testcase name="test_createNoopToken" classname="com.dotcms.analytics.helper.AnalyticsHelperTest" time="0.002"/>
  <testcase name="test_isTokenInWindow" classname="com.dotcms.analytics.helper.AnalyticsHelperTest" time="0.001"/>
  <testcase name="test_encodeClientIdAndSecret" classname="com.dotcms.analytics.helper.AnalyticsHelperTest" time="0.002"/>
  <testcase name="test_isExpired_noIssueDate" classname="com.dotcms.analytics.helper.AnalyticsHelperTest" time="0.002"/>
  <testcase name="test_extractToken" classname="com.dotcms.analytics.helper.AnalyticsHelperTest" time="0.001"/>
  <testcase name="test_checkAccessToken" classname="com.dotcms.analytics.helper.AnalyticsHelperTest" time="0.0"/>
  <testcase name="test_formatBearer_fail" classname="com.dotcms.analytics.helper.AnalyticsHelperTest" time="0.001"/>
  <testcase name="test_checkExpiredAccessToken" classname="com.dotcms.analytics.helper.AnalyticsHelperTest" time="0.001"/>
  <testcase name="test_throwFromResponse_notFound" classname="com.dotcms.analytics.helper.AnalyticsHelperTest" time="0.003"/>
  <testcase name="test_isTokenBlocked" classname="com.dotcms.analytics.helper.AnalyticsHelperTest" time="0.0"/>
  <testcase name="test_createBlockedToken" classname="com.dotcms.analytics.helper.AnalyticsHelperTest" time="0.0"/>
  <testcase name="test_formatBearer" classname="com.dotcms.analytics.helper.AnalyticsHelperTest" time="0.001"/>
  <testcase name="test_extractAnalyticsKey_empty" classname="com.dotcms.analytics.helper.AnalyticsHelperTest" time="0.001"/>
  <testcase name="test_isSuccessResponse" classname="com.dotcms.analytics.helper.AnalyticsHelperTest" time="0.002"/>
  <testcase name="test_extractAnalyticsKey" classname="com.dotcms.analytics.helper.AnalyticsHelperTest" time="0.002"/>
  <testcase name="test_isTokenNoop" classname="com.dotcms.analytics.helper.AnalyticsHelperTest" time="0.0"/>
  <testcase name="test_formatBasic" classname="com.dotcms.analytics.helper.AnalyticsHelperTest" time="0.0"/>
  <testcase name="test_throwFromResponse_unauthorized" classname="com.dotcms.analytics.helper.AnalyticsHelperTest" time="0.001"/>
  <testcase name="test_resolveAudience" classname="com.dotcms.analytics.helper.AnalyticsHelperTest" time="0.001"/>
  <testcase name="test_throwFromResponse_badRequest" classname="com.dotcms.analytics.helper.AnalyticsHelperTest" time="0.001"/>
  <system-out><![CDATA[]]></system-out>
  <system-err><![CDATA[]]></system-err>
</testsuite>
