<?xml version="1.0" encoding="UTF-8"?>
<testsuite name="com.dotcms.auth.providers.jwt.factories.SecretKeySpecFactoryTest" tests="1" skipped="0" failures="0" errors="0" timestamp="2023-07-14T14:11:23" hostname="fv-az578-791" time="1.902">
  <properties/>
  <testcase name="readAndPrepareSecret" classname="com.dotcms.auth.providers.jwt.factories.SecretKeySpecFactoryTest" time="1.902"/>
  <system-out><![CDATA[c85f241d6abd88bde5d701591a504942657b2fbdcea11029010eac43123fdcb3b60c6980eea143eda671bb86537787fdc91aa695fb7fbc784aac173aa5e2b355
MySecretKey2
MySecretKey3
MySecretKey3
691db41147dda97576b6b29e3646564365fb232094eaa4cb8182bb86ee27e55386570a7545cfc74e9a7e6ecad76fa89693e111ffaf97b6ec73c392d5c681f8c4
10012fe5f09104dd6b39e8fc86854fdd28cec99b89f8c8efb00e5611a59267e0b87f0bb503b109da6da2f6a0fd6dfae562e1a7817bcfd8e1c90ce457fc7c0fd8
e8b10903a61e86527e1847726f81f47b3d32b417558baa8fa5133e882f23c09146b26504d5f8557b440a3201ef36d4633d5dcf1a8e316051217bdc88d8c763c0
]]></system-out>
  <system-err><![CDATA[]]></system-err>
</testsuite>
