<?xml version="1.0" encoding="UTF-8"?>
<testsuite name="com.dotcms.util.pagination.SiteViewPaginatorUnitTest" tests="2" skipped="0" failures="0" errors="0" timestamp="2023-06-23T22:35:05" hostname="fv-az365-198" time="0.194">
  <properties/>
  <testcase name="Test_Get_Items_Sorted_Pages" classname="com.dotcms.util.pagination.SiteViewPaginatorUnitTest" time="0.136"/>
  <testcase name="Test_Get_Items_Page_Size" classname="com.dotcms.util.pagination.SiteViewPaginatorUnitTest" time="0.058"/>
  <system-out><![CDATA[SYSTEM_HOST
0
1
2
3
5
7
8
]]></system-out>
  <system-err><![CDATA[]]></system-err>
</testsuite>
