<?xml version="1.0" encoding="UTF-8"?>
<testsuite name="com.dotcms.auth.providers.jwt.factories.SecretKeySpecFactoryTest" tests="1" skipped="0" failures="0" errors="0" timestamp="2023-06-30T00:12:28" hostname="fv-az397-405" time="1.184">
  <properties/>
  <testcase name="readAndPrepareSecret" classname="com.dotcms.auth.providers.jwt.factories.SecretKeySpecFactoryTest" time="1.184"/>
  <system-out><![CDATA[9ada4abca78d721f9e4735891806191a6f365745cdd3622f3bff3c93106878946686f0872882c00b59242319ad534d66bb65be9bd6a1bb1385a61d499f7dd549
MySecretKey2
MySecretKey3
MySecretKey3
a912503fac7063c7bbda6aa8433a92a77d30a107f8098b37317e676cd257363b0c18eeb5bc7361317b377b4bfa192be78a348438cb762d17c222c82fa09df7b6
095bae97a4c6ea9265140fc16fcdf60eb19d1737b71aa9fcf64fc6022ea6ef9c8c35be3235d868bd8cfe843e1c9040c3887fe4a6b0f3a8d09ee07845a080361e
394739f4fe8eccd370b888e1e8386496759c5055788ecc9d0918ef0da89e501fe363bf5c4113697dca6fafc2abb1eb2a376c6576375885a9f469d4b80109d9c8
]]></system-out>
  <system-err><![CDATA[]]></system-err>
</testsuite>
