<?xml version="1.0" encoding="UTF-8"?>
<testsuite name="com.dotcms.util.diff.DiffCommandTest" tests="2" skipped="0" failures="0" errors="0" timestamp="2023-07-19T14:33:46" hostname="fv-az447-779" time="0.006">
  <properties/>
  <testcase name="applyDiff_Comparable" classname="com.dotcms.util.diff.DiffCommandTest" time="0.005"/>
  <testcase name="applyDiff_Differentiable" classname="com.dotcms.util.diff.DiffCommandTest" time="0.001"/>
  <system-out><![CDATA[{six=six, five=five}
{two=two}
{four=fourxxx, one=onexxx}
{six=com.dotcms.util.diff.DiffCommandTest$StringDifferentiable@3327cfee, five=com.dotcms.util.diff.DiffCommandTest$StringDifferentiable@2ad82418}
{two=com.dotcms.util.diff.DiffCommandTest$StringDifferentiable@625025e5}
{four=com.dotcms.util.diff.DiffCommandTest$StringDifferentiable@28a5c905, one=com.dotcms.util.diff.DiffCommandTest$StringDifferentiable@25703b40}
]]></system-out>
  <system-err><![CDATA[]]></system-err>
</testsuite>
