<?xml version="1.0" encoding="UTF-8"?>
<testsuite name="com.dotmarketing.portlets.workflows.ajax.WfBaseActionTest" tests="3" skipped="0" failures="0" errors="0" timestamp="2023-06-30T16:16:18" hostname="fv-az627-719" time="0.164">
  <properties/>
  <testcase name="TestOnNullCallTheDefaultCommand" classname="com.dotmarketing.portlets.workflows.ajax.WfBaseActionTest" time="0.14"/>
  <testcase name="TestNotAllowedCommands" classname="com.dotmarketing.portlets.workflows.ajax.WfBaseActionTest" time="0.008"/>
  <testcase name="TestAllowedCommands" classname="com.dotmarketing.portlets.workflows.ajax.WfBaseActionTest" time="0.016"/>
  <system-out><![CDATA[ Command ::  forbiddenMethod  on  class Mock for WfActionAjax, hashCode: 301186385
 Command ::  forbiddenMethod  on  class Mock for WfActionClassAjax, hashCode: 1874727585
 Command ::  forbiddenMethod  on  class Mock for WfTaskAjax, hashCode: 1524061919
 Command ::  forbiddenMethod  on  class Mock for WfRoleStoreAjax, hashCode: 201727035
 Command ::  forbiddenMethod  on  class Mock for WfSchemeAjax, hashCode: 696513249
 Command ::  action  on  class Mock for WfActionAjax, hashCode: 387388206
 Command ::  add  on  class Mock for WfActionAjax, hashCode: 387388206
 Command ::  deleteActionForStep  on  class Mock for WfActionAjax, hashCode: 387388206
 Command ::  save  on  class Mock for WfActionAjax, hashCode: 387388206
 Command ::  delete  on  class Mock for WfActionAjax, hashCode: 387388206
 Command ::  reorder  on  class Mock for WfActionAjax, hashCode: 387388206
 Command ::  delete  on  class Mock for WfActionClassAjax, hashCode: 322022121
 Command ::  save  on  class Mock for WfActionClassAjax, hashCode: 322022121
 Command ::  add  on  class Mock for WfActionClassAjax, hashCode: 322022121
 Command ::  action  on  class Mock for WfActionClassAjax, hashCode: 322022121
 Command ::  reorder  on  class Mock for WfActionClassAjax, hashCode: 322022121
 Command ::  action  on  class Mock for WfTaskAjax, hashCode: 1552819949
 Command ::  executeAction  on  class Mock for WfTaskAjax, hashCode: 1552819949
 Command ::  executeActions  on  class Mock for WfTaskAjax, hashCode: 1552819949
 Command ::  action  on  class Mock for WfRoleStoreAjax, hashCode: 408897578
 Command ::  assignable  on  class Mock for WfRoleStoreAjax, hashCode: 408897578
 Command ::  rolesToJson  on  class Mock for WfRoleStoreAjax, hashCode: 408897578
 Command ::  save  on  class Mock for WfSchemeAjax, hashCode: 1961000845
 Command ::  action  on  class Mock for WfSchemeAjax, hashCode: 1961000845
]]></system-out>
  <system-err><![CDATA[]]></system-err>
</testsuite>
