<?xml version="1.0" encoding="UTF-8"?>
<testsuite name="com.dotcms.rest.ContentHelperTest" tests="3" skipped="0" failures="0" errors="0" timestamp="2023-06-27T14:29:16" hostname="fv-az586-867" time="0.021">
  <properties/>
  <testcase name="testGetNullUrl" classname="com.dotcms.rest.ContentHelperTest" time="0.02"/>
  <testcase name="testGetNotFoundUrl" classname="com.dotcms.rest.ContentHelperTest" time="0.001"/>
  <testcase name="testGetFoundUrl" classname="com.dotcms.rest.ContentHelperTest" time="0.0"/>
  <system-out><![CDATA[]]></system-out>
  <system-err><![CDATA[]]></system-err>
</testsuite>
