<?xml version="1.0" encoding="UTF-8"?>
<testsuite name="com.dotcms.auth.providers.jwt.factories.SecretKeySpecFactoryTest" tests="1" skipped="0" failures="0" errors="0" timestamp="2023-07-19T01:16:24" hostname="fv-az616-900" time="1.456">
  <properties/>
  <testcase name="readAndPrepareSecret" classname="com.dotcms.auth.providers.jwt.factories.SecretKeySpecFactoryTest" time="1.456"/>
  <system-out><![CDATA[5d719f2a0037018841a1076962b818eb05740c10a6382ea822e51db3bf653390d05d4927585081be787f9040e7864ae05c5537e35b19b691c79a226b058b97e4
MySecretKey2
MySecretKey3
MySecretKey3
9ae82d3ac96c5a05fa6e8cf07e9607a0194b00c2408dbd667886e6bebbb781d26bee480698158cb83a72cc0cb5be0d7c9aba74298dfa61655972409b74816634
679fb1c207f802a0cb7de248c7b66d0019afebf8eb23381fc517817a798915fe4ee7bf048941360aee4f2120635ebdb1d8b709a65ac11478d459ba5c1aa4e328
cab650a37edd8359859dd26ca15a286b718984d156be03a17076f5e5b49ac01323d2f6a8151fad55f751c50da662731d1b865aa7d1b5326c6b613a5357881a2e
]]></system-out>
  <system-err><![CDATA[]]></system-err>
</testsuite>
