<?xml version="1.0" encoding="UTF-8"?>
<testsuite name="com.dotcms.auth.providers.jwt.factories.SecretKeySpecFactoryTest" tests="1" skipped="0" failures="0" errors="0" timestamp="2023-07-20T20:25:57" hostname="fv-az1100-842" time="1.573">
  <properties/>
  <testcase name="readAndPrepareSecret" classname="com.dotcms.auth.providers.jwt.factories.SecretKeySpecFactoryTest" time="1.573"/>
  <system-out><![CDATA[58ab5399535f43f14d18a6155578e607ba52a618881e0d0aefd16ceaf0382db29c8551d39029e8a3d8f3925a43ab13d89900c5e59ed631a8ad7c1e8906769b55
MySecretKey2
MySecretKey3
MySecretKey3
c9800ebd45b72226b38de2f5f778066365134c3cae2a04ebbd14e8bbe14ef64a5eeb13f7fe46a8425a52ef0aa9494bc0aa5ae7394aa94b753d7a6144d7365dd3
8baa8bb20ed561d652fecef5a851ab3c0beae23a12c9a248eabd6c328b30383b1cdf1116bac0d5891bb1c9f280f8a2ee6d8bf05ace083397dbf8214a2e6ceeaa
fdcf3b1cb4b6f41b8a05e09dd7fd75a4522d5d5a16846bd3916d0dfe21cb0a39b7d555b68d01675d9af527548ae8e0327fc6c695aba7ab24291a6d3705bc3b12
]]></system-out>
  <system-err><![CDATA[]]></system-err>
</testsuite>
