<?xml version="1.0" encoding="UTF-8"?>
<testsuite name="com.dotmarketing.portlets.workflows.ajax.WfBaseActionTest" tests="3" skipped="0" failures="0" errors="0" timestamp="2023-06-23T23:40:49" hostname="fv-az309-60" time="0.195">
  <properties/>
  <testcase name="TestOnNullCallTheDefaultCommand" classname="com.dotmarketing.portlets.workflows.ajax.WfBaseActionTest" time="0.153"/>
  <testcase name="TestNotAllowedCommands" classname="com.dotmarketing.portlets.workflows.ajax.WfBaseActionTest" time="0.019"/>
  <testcase name="TestAllowedCommands" classname="com.dotmarketing.portlets.workflows.ajax.WfBaseActionTest" time="0.023"/>
  <system-out><![CDATA[ Command ::  forbiddenMethod  on  class Mock for WfSchemeAjax, hashCode: 249311122
 Command ::  forbiddenMethod  on  class Mock for WfActionClassAjax, hashCode: 1068143474
 Command ::  forbiddenMethod  on  class Mock for WfRoleStoreAjax, hashCode: 384397655
 Command ::  forbiddenMethod  on  class Mock for WfTaskAjax, hashCode: 1657481421
 Command ::  forbiddenMethod  on  class Mock for WfActionAjax, hashCode: 1964226112
 Command ::  action  on  class Mock for WfSchemeAjax, hashCode: 1332301073
 Command ::  save  on  class Mock for WfSchemeAjax, hashCode: 1332301073
 Command ::  add  on  class Mock for WfActionClassAjax, hashCode: 1728311545
 Command ::  save  on  class Mock for WfActionClassAjax, hashCode: 1728311545
 Command ::  delete  on  class Mock for WfActionClassAjax, hashCode: 1728311545
 Command ::  reorder  on  class Mock for WfActionClassAjax, hashCode: 1728311545
 Command ::  action  on  class Mock for WfActionClassAjax, hashCode: 1728311545
 Command ::  rolesToJson  on  class Mock for WfRoleStoreAjax, hashCode: 37262783
 Command ::  assignable  on  class Mock for WfRoleStoreAjax, hashCode: 37262783
 Command ::  action  on  class Mock for WfRoleStoreAjax, hashCode: 37262783
 Command ::  executeAction  on  class Mock for WfTaskAjax, hashCode: 1943739560
 Command ::  action  on  class Mock for WfTaskAjax, hashCode: 1943739560
 Command ::  executeActions  on  class Mock for WfTaskAjax, hashCode: 1943739560
 Command ::  save  on  class Mock for WfActionAjax, hashCode: 1725883055
 Command ::  deleteActionForStep  on  class Mock for WfActionAjax, hashCode: 1725883055
 Command ::  add  on  class Mock for WfActionAjax, hashCode: 1725883055
 Command ::  action  on  class Mock for WfActionAjax, hashCode: 1725883055
 Command ::  reorder  on  class Mock for WfActionAjax, hashCode: 1725883055
 Command ::  delete  on  class Mock for WfActionAjax, hashCode: 1725883055
]]></system-out>
  <system-err><![CDATA[]]></system-err>
</testsuite>
