<?xml version="1.0" encoding="UTF-8"?>
<testsuite name="com.dotmarketing.portlets.workflows.ajax.WfBaseActionTest" tests="3" skipped="0" failures="0" errors="0" timestamp="2023-07-11T17:01:06" hostname="fv-az1256-472" time="0.15">
  <properties/>
  <testcase name="TestOnNullCallTheDefaultCommand" classname="com.dotmarketing.portlets.workflows.ajax.WfBaseActionTest" time="0.104"/>
  <testcase name="TestNotAllowedCommands" classname="com.dotmarketing.portlets.workflows.ajax.WfBaseActionTest" time="0.015"/>
  <testcase name="TestAllowedCommands" classname="com.dotmarketing.portlets.workflows.ajax.WfBaseActionTest" time="0.031"/>
  <system-out><![CDATA[ Command ::  forbiddenMethod  on  class Mock for WfTaskAjax, hashCode: 2068837014
 Command ::  forbiddenMethod  on  class Mock for WfActionClassAjax, hashCode: 132544640
 Command ::  forbiddenMethod  on  class Mock for WfSchemeAjax, hashCode: 845164413
 Command ::  forbiddenMethod  on  class Mock for WfRoleStoreAjax, hashCode: 50204827
 Command ::  forbiddenMethod  on  class Mock for WfActionAjax, hashCode: 2057382385
 Command ::  action  on  class Mock for WfTaskAjax, hashCode: 2094048319
 Command ::  executeAction  on  class Mock for WfTaskAjax, hashCode: 2094048319
 Command ::  executeActions  on  class Mock for WfTaskAjax, hashCode: 2094048319
 Command ::  save  on  class Mock for WfActionClassAjax, hashCode: 1191867992
 Command ::  add  on  class Mock for WfActionClassAjax, hashCode: 1191867992
 Command ::  action  on  class Mock for WfActionClassAjax, hashCode: 1191867992
 Command ::  reorder  on  class Mock for WfActionClassAjax, hashCode: 1191867992
 Command ::  delete  on  class Mock for WfActionClassAjax, hashCode: 1191867992
 Command ::  save  on  class Mock for WfSchemeAjax, hashCode: 463386302
 Command ::  action  on  class Mock for WfSchemeAjax, hashCode: 463386302
 Command ::  action  on  class Mock for WfRoleStoreAjax, hashCode: 1304301546
 Command ::  assignable  on  class Mock for WfRoleStoreAjax, hashCode: 1304301546
 Command ::  rolesToJson  on  class Mock for WfRoleStoreAjax, hashCode: 1304301546
 Command ::  save  on  class Mock for WfActionAjax, hashCode: 1162806265
 Command ::  delete  on  class Mock for WfActionAjax, hashCode: 1162806265
 Command ::  reorder  on  class Mock for WfActionAjax, hashCode: 1162806265
 Command ::  action  on  class Mock for WfActionAjax, hashCode: 1162806265
 Command ::  add  on  class Mock for WfActionAjax, hashCode: 1162806265
 Command ::  deleteActionForStep  on  class Mock for WfActionAjax, hashCode: 1162806265
]]></system-out>
  <system-err><![CDATA[]]></system-err>
</testsuite>
