<?xml version="1.0" encoding="UTF-8"?>
<testsuite name="com.dotcms.auth.providers.jwt.factories.SecretKeySpecFactoryTest" tests="1" skipped="0" failures="0" errors="0" timestamp="2023-07-03T14:18:01" hostname="fv-az189-858" time="1.736">
  <properties/>
  <testcase name="readAndPrepareSecret" classname="com.dotcms.auth.providers.jwt.factories.SecretKeySpecFactoryTest" time="1.736"/>
  <system-out><![CDATA[ed3214b737de6dc768800b464f2074050d13837751e779a11b58a2a6bcf693163888fb8a06f342be06dca60a0143732ed39598d7849e0767ff6255075cf658cb
MySecretKey2
MySecretKey3
MySecretKey3
9d46a8d814b71118745990aaf365bee7344510699a0b9622f3198511cf4f0f76bfc211a039dc2000b4209a1445599596a50c8a38aa636888f3ee86ac47a1557b
a9500d8dc38875c1955dcab7ee73cd93d6098d57890476378e0b9ca1be985ad7de117f5a27176531583683d31ebeca0e5820f67df240e6565896d34f86fa5a1c
a487308cb4b73d31acfb242b9d6f2b944386ae5482afae8272b01033882911513fce5ea006b5c46bb0a4d575675fb57b1d76b009f73084ad764d6c5cc0cd4d97
]]></system-out>
  <system-err><![CDATA[]]></system-err>
</testsuite>
