<?xml version="1.0" encoding="UTF-8"?>
<testsuite name="com.dotmarketing.portlets.osgi.AJAX.OSGIBaseAJAXTest" tests="3" skipped="0" failures="0" errors="0" timestamp="2023-06-30T14:25:24" hostname="fv-az336-775" time="0.071">
  <properties/>
  <testcase name="TestOnNullCallTheDefaultCommand" classname="com.dotmarketing.portlets.osgi.AJAX.OSGIBaseAJAXTest" time="0.051"/>
  <testcase name="TestNotAllowedCommands" classname="com.dotmarketing.portlets.osgi.AJAX.OSGIBaseAJAXTest" time="0.003"/>
  <testcase name="TestAllowedCommands" classname="com.dotmarketing.portlets.osgi.AJAX.OSGIBaseAJAXTest" time="0.016"/>
  <system-out><![CDATA[ Command ::  forbiddenMethod  on  class Mock for OSGIAJAX, hashCode: 465008717
 Command ::  add  on  class Mock for OSGIAJAX, hashCode: 1197473662
 Command ::  stop  on  class Mock for OSGIAJAX, hashCode: 1197473662
 Command ::  undeploy  on  class Mock for OSGIAJAX, hashCode: 1197473662
 Command ::  modifyExtraPackages  on  class Mock for OSGIAJAX, hashCode: 1197473662
 Command ::  deploy  on  class Mock for OSGIAJAX, hashCode: 1197473662
 Command ::  remove  on  class Mock for OSGIAJAX, hashCode: 1197473662
 Command ::  getExtraPackages  on  class Mock for OSGIAJAX, hashCode: 1197473662
 Command ::  action  on  class Mock for OSGIAJAX, hashCode: 1197473662
 Command ::  restart  on  class Mock for OSGIAJAX, hashCode: 1197473662
 Command ::  start  on  class Mock for OSGIAJAX, hashCode: 1197473662
]]></system-out>
  <system-err><![CDATA[]]></system-err>
</testsuite>
