<?xml version="1.0" encoding="UTF-8"?>
<testsuite name="com.dotcms.auth.providers.jwt.factories.SecretKeySpecFactoryTest" tests="1" skipped="0" failures="0" errors="0" timestamp="2023-06-28T18:38:33" hostname="fv-az566-498" time="1.506">
  <properties/>
  <testcase name="readAndPrepareSecret" classname="com.dotcms.auth.providers.jwt.factories.SecretKeySpecFactoryTest" time="1.506"/>
  <system-out><![CDATA[1804cd7d45874c33851f7f951c17aa18f58e230bc034ce1da6ebe99331f266afcec96a7dac1639e7541f08140bd0308ee5df72490c2b668dff7161ddeb52f032
MySecretKey2
MySecretKey3
MySecretKey3
37e2f73f689694c77fb284008c527f22f6838e29c0726a89487f42ffdcbf7dd7068148ce2876ccea19adc8d64b0e8d26d8301313915f718fce46e6de2eee6400
1ec0e4b7e9efd31d64e7059d39e29ab5b0909e234b914c9129d43e588cc1073102e0faadb42e338e739d57ec48ac7656364001c396cbb0d4ebbb819f8d34d45b
a691e1d61ba80f8043cd4e59151d3db91ca609bf997b08f64ff158c7c5039becb3f577ea5d266a99491d07f364c91b136518772c44cccbdc3d090d3c2c8655d5
]]></system-out>
  <system-err><![CDATA[]]></system-err>
</testsuite>
