<?xml version="1.0" encoding="UTF-8"?>
<testsuite name="com.dotmarketing.portlets.workflows.ajax.WfBaseActionTest" tests="3" skipped="0" failures="0" errors="0" timestamp="2023-07-10T20:57:08" hostname="fv-az413-110" time="0.193">
  <properties/>
  <testcase name="TestOnNullCallTheDefaultCommand" classname="com.dotmarketing.portlets.workflows.ajax.WfBaseActionTest" time="0.148"/>
  <testcase name="TestNotAllowedCommands" classname="com.dotmarketing.portlets.workflows.ajax.WfBaseActionTest" time="0.015"/>
  <testcase name="TestAllowedCommands" classname="com.dotmarketing.portlets.workflows.ajax.WfBaseActionTest" time="0.029"/>
  <system-out><![CDATA[ Command ::  forbiddenMethod  on  class Mock for WfActionAjax, hashCode: 1396304021
 Command ::  forbiddenMethod  on  class Mock for WfRoleStoreAjax, hashCode: 171753952
 Command ::  forbiddenMethod  on  class Mock for WfSchemeAjax, hashCode: 918336836
 Command ::  forbiddenMethod  on  class Mock for WfActionClassAjax, hashCode: 795510586
 Command ::  forbiddenMethod  on  class Mock for WfTaskAjax, hashCode: 987394738
 Command ::  save  on  class Mock for WfActionAjax, hashCode: 700719281
 Command ::  deleteActionForStep  on  class Mock for WfActionAjax, hashCode: 700719281
 Command ::  add  on  class Mock for WfActionAjax, hashCode: 700719281
 Command ::  action  on  class Mock for WfActionAjax, hashCode: 700719281
 Command ::  reorder  on  class Mock for WfActionAjax, hashCode: 700719281
 Command ::  delete  on  class Mock for WfActionAjax, hashCode: 700719281
 Command ::  rolesToJson  on  class Mock for WfRoleStoreAjax, hashCode: 732419151
 Command ::  assignable  on  class Mock for WfRoleStoreAjax, hashCode: 732419151
 Command ::  action  on  class Mock for WfRoleStoreAjax, hashCode: 732419151
 Command ::  action  on  class Mock for WfSchemeAjax, hashCode: 1094799201
 Command ::  save  on  class Mock for WfSchemeAjax, hashCode: 1094799201
 Command ::  add  on  class Mock for WfActionClassAjax, hashCode: 1744008746
 Command ::  save  on  class Mock for WfActionClassAjax, hashCode: 1744008746
 Command ::  delete  on  class Mock for WfActionClassAjax, hashCode: 1744008746
 Command ::  reorder  on  class Mock for WfActionClassAjax, hashCode: 1744008746
 Command ::  action  on  class Mock for WfActionClassAjax, hashCode: 1744008746
 Command ::  action  on  class Mock for WfTaskAjax, hashCode: 1260448966
 Command ::  executeActions  on  class Mock for WfTaskAjax, hashCode: 1260448966
 Command ::  executeAction  on  class Mock for WfTaskAjax, hashCode: 1260448966
]]></system-out>
  <system-err><![CDATA[]]></system-err>
</testsuite>
