<?xml version="1.0" encoding="UTF-8"?>
<testsuite name="com.dotcms.rendering.velocity.viewtools.ContainerWebAPITest" tests="7" skipped="0" failures="0" errors="0" timestamp="2023-06-23T22:21:33" hostname="fv-az1233-35" time="0.425">
  <properties/>
  <testcase name="doesUserHasPermissionToAddContentThrowDotDataExceptionGettingSystemUser" classname="com.dotcms.rendering.velocity.viewtools.ContainerWebAPITest" time="0.182"/>
  <testcase name="doesUserHasPermissionToAddContentWithNullParameter" classname="com.dotcms.rendering.velocity.viewtools.ContainerWebAPITest" time="0.008"/>
  <testcase name="doesUserHasPermissionToAddContentNullList" classname="com.dotcms.rendering.velocity.viewtools.ContainerWebAPITest" time="0.172"/>
  <testcase name="doesUserHasPermissionToAddContentEmptyList" classname="com.dotcms.rendering.velocity.viewtools.ContainerWebAPITest" time="0.006"/>
  <testcase name="doesUserHasPermissionToAddContentThrowDotSecurityExceptionFindingContainer" classname="com.dotcms.rendering.velocity.viewtools.ContainerWebAPITest" time="0.048"/>
  <testcase name="doesUserHasPermissionToAddContentThrowDotDataExceptionFindingContainer" classname="com.dotcms.rendering.velocity.viewtools.ContainerWebAPITest" time="0.002"/>
  <testcase name="doesUserHasPermissionToAddContent" classname="com.dotcms.rendering.velocity.viewtools.ContainerWebAPITest" time="0.005"/>
  <system-out><![CDATA[]]></system-out>
  <system-err><![CDATA[]]></system-err>
</testsuite>
