<?xml version="1.0" encoding="UTF-8"?>
<testsuite name="com.dotmarketing.portlets.workflows.actionlet.TranslationActionletTest" tests="3" skipped="0" failures="0" errors="0" timestamp="2023-07-11T17:01:06" hostname="fv-az1256-472" time="0.074">
  <properties/>
  <testcase name="testExecuteAction_UnpersistedContent" classname="com.dotmarketing.portlets.workflows.actionlet.TranslationActionletTest" time="0.007"/>
  <testcase name="testExecuteAction_LiveContent" classname="com.dotmarketing.portlets.workflows.actionlet.TranslationActionletTest" time="0.06"/>
  <testcase name="testExecuteAction_WorkingContent" classname="com.dotmarketing.portlets.workflows.actionlet.TranslationActionletTest" time="0.004"/>
  <system-out><![CDATA[]]></system-out>
  <system-err><![CDATA[]]></system-err>
</testsuite>
