<?xml version="1.0" encoding="UTF-8"?>
<testsuite name="com.dotcms.util.LowerKeyMapTest" tests="1" skipped="0" failures="0" errors="0" timestamp="2023-07-11T16:30:00" hostname="fv-az206-849" time="0.001">
  <properties/>
  <testcase name="put_lowerKeyMapTest" classname="com.dotcms.util.LowerKeyMapTest" time="0.001"/>
  <system-out><![CDATA[]]></system-out>
  <system-err><![CDATA[]]></system-err>
</testsuite>
