<?xml version="1.0" encoding="UTF-8"?>
<testsuite name="com.dotcms.timemachine.ajax.TimeMachineAjaxActionTest" tests="1" skipped="0" failures="0" errors="0" timestamp="2023-07-05T16:01:56" hostname="fv-az370-222" time="0.019">
  <properties/>
  <testcase name="testGenerateNotification" classname="com.dotcms.timemachine.ajax.TimeMachineAjaxActionTest" time="0.019"/>
  <system-out><![CDATA[]]></system-out>
  <system-err><![CDATA[]]></system-err>
</testsuite>
