<?xml version="1.0" encoding="UTF-8"?>
<testsuite name="com.dotmarketing.portlets.workflows.ajax.WfBaseActionTest" tests="3" skipped="0" failures="0" errors="0" timestamp="2023-07-11T02:17:35" hostname="fv-az452-294" time="0.151">
  <properties/>
  <testcase name="TestOnNullCallTheDefaultCommand" classname="com.dotmarketing.portlets.workflows.ajax.WfBaseActionTest" time="0.122"/>
  <testcase name="TestNotAllowedCommands" classname="com.dotmarketing.portlets.workflows.ajax.WfBaseActionTest" time="0.013"/>
  <testcase name="TestAllowedCommands" classname="com.dotmarketing.portlets.workflows.ajax.WfBaseActionTest" time="0.016"/>
  <system-out><![CDATA[ Command ::  forbiddenMethod  on  class Mock for WfActionAjax, hashCode: 2068837014
 Command ::  forbiddenMethod  on  class Mock for WfRoleStoreAjax, hashCode: 132544640
 Command ::  forbiddenMethod  on  class Mock for WfSchemeAjax, hashCode: 845164413
 Command ::  forbiddenMethod  on  class Mock for WfActionClassAjax, hashCode: 50204827
 Command ::  forbiddenMethod  on  class Mock for WfTaskAjax, hashCode: 2057382385
 Command ::  delete  on  class Mock for WfActionAjax, hashCode: 2094048319
 Command ::  save  on  class Mock for WfActionAjax, hashCode: 2094048319
 Command ::  deleteActionForStep  on  class Mock for WfActionAjax, hashCode: 2094048319
 Command ::  add  on  class Mock for WfActionAjax, hashCode: 2094048319
 Command ::  action  on  class Mock for WfActionAjax, hashCode: 2094048319
 Command ::  reorder  on  class Mock for WfActionAjax, hashCode: 2094048319
 Command ::  rolesToJson  on  class Mock for WfRoleStoreAjax, hashCode: 600629916
 Command ::  assignable  on  class Mock for WfRoleStoreAjax, hashCode: 600629916
 Command ::  action  on  class Mock for WfRoleStoreAjax, hashCode: 600629916
 Command ::  action  on  class Mock for WfSchemeAjax, hashCode: 866828050
 Command ::  save  on  class Mock for WfSchemeAjax, hashCode: 866828050
 Command ::  action  on  class Mock for WfActionClassAjax, hashCode: 1593999187
 Command ::  add  on  class Mock for WfActionClassAjax, hashCode: 1593999187
 Command ::  save  on  class Mock for WfActionClassAjax, hashCode: 1593999187
 Command ::  delete  on  class Mock for WfActionClassAjax, hashCode: 1593999187
 Command ::  reorder  on  class Mock for WfActionClassAjax, hashCode: 1593999187
 Command ::  executeActions  on  class Mock for WfTaskAjax, hashCode: 872913790
 Command ::  executeAction  on  class Mock for WfTaskAjax, hashCode: 872913790
 Command ::  action  on  class Mock for WfTaskAjax, hashCode: 872913790
]]></system-out>
  <system-err><![CDATA[]]></system-err>
</testsuite>
