<?xml version="1.0" encoding="UTF-8"?>
<testsuite name="com.dotcms.util.DotAssertTest" tests="6" skipped="0" failures="0" errors="0" timestamp="2023-06-30T21:30:25" hostname="fv-az419-114" time="0.03">
  <properties/>
  <testcase name="notNullTest" classname="com.dotcms.util.DotAssertTest" time="0.002"/>
  <testcase name="notEmptyTest" classname="com.dotcms.util.DotAssertTest" time="0.011"/>
  <testcase name="notEmptyMapTest" classname="com.dotcms.util.DotAssertTest" time="0.002"/>
  <testcase name="notEmptyCollectionTest" classname="com.dotcms.util.DotAssertTest" time="0.005"/>
  <testcase name="isTrueTest" classname="com.dotcms.util.DotAssertTest" time="0.001"/>
  <testcase name="isNullTest" classname="com.dotcms.util.DotAssertTest" time="0.001"/>
  <system-out><![CDATA[]]></system-out>
  <system-err><![CDATA[]]></system-err>
</testsuite>
