<?xml version="1.0" encoding="UTF-8"?>
<testsuite name="com.dotcms.analytics.bayesian.BayesianAPIImplTest" tests="8" skipped="0" failures="0" errors="0" timestamp="2023-06-23T16:50:10" hostname="fv-az354-410" time="2.598">
  <properties/>
  <testcase name="test_doBayesian_AB" classname="com.dotcms.analytics.bayesian.BayesianAPIImplTest" time="2.564"/>
  <testcase name="test_calculateABTesting_invalidTestFailures" classname="com.dotcms.analytics.bayesian.BayesianAPIImplTest" time="0.007"/>
  <testcase name="test_calculateABTesting_invalidControlSuccesses" classname="com.dotcms.analytics.bayesian.BayesianAPIImplTest" time="0.001"/>
  <testcase name="test_calculateABTesting_invalidPriorBeta" classname="com.dotcms.analytics.bayesian.BayesianAPIImplTest" time="0.0"/>
  <testcase name="test_calculateABTesting_invalidTestSuccesses" classname="com.dotcms.analytics.bayesian.BayesianAPIImplTest" time="0.001"/>
  <testcase name="test_calculateABCTesting" classname="com.dotcms.analytics.bayesian.BayesianAPIImplTest" time="0.01"/>
  <testcase name="test_calculateABTesting_invalidControlFailures" classname="com.dotcms.analytics.bayesian.BayesianAPIImplTest" time="0.0"/>
  <testcase name="test_calculateABTesting_invalidPriorAlpha" classname="com.dotcms.analytics.bayesian.BayesianAPIImplTest" time="0.0"/>
  <system-out><![CDATA[]]></system-out>
  <system-err><![CDATA[]]></system-err>
</testsuite>
