<?xml version="1.0" encoding="UTF-8"?>
<testsuite name="com.dotmarketing.filters.VanityUrlRequestWrapperTest" tests="2" skipped="0" failures="0" errors="0" timestamp="2023-07-03T16:25:11" hostname="fv-az1025-316" time="0.024">
  <properties/>
  <testcase name="test_that_vanity_urls_with_query_params_override_incoming_requests" classname="com.dotmarketing.filters.VanityUrlRequestWrapperTest" time="0.023"/>
  <testcase name="test_that_query_string_has_all_the_parameters" classname="com.dotmarketing.filters.VanityUrlRequestWrapperTest" time="0.001"/>
  <system-out><![CDATA[]]></system-out>
  <system-err><![CDATA[]]></system-err>
</testsuite>
