<?xml version="1.0" encoding="UTF-8"?>
<testsuite name="com.dotcms.auth.providers.jwt.factories.SecretKeySpecFactoryTest" tests="1" skipped="0" failures="0" errors="0" timestamp="2023-07-05T22:40:34" hostname="fv-az805-442" time="1.674">
  <properties/>
  <testcase name="readAndPrepareSecret" classname="com.dotcms.auth.providers.jwt.factories.SecretKeySpecFactoryTest" time="1.674"/>
  <system-out><![CDATA[3a4bc0212c058f9e84450417383d52e12c69721ad35976147c27ca6f0cbe2fcbeb21b73b7ae1369726cc01bcc752a528bb2a073c30822a43dddad6c9b140b042
MySecretKey2
MySecretKey3
MySecretKey3
c0f652f129668c3b003567540b74cd6ffa0e005dbe425fe2c44acee4b0f63f3eed73cdc392afa35d0179124fe326a75c5668cf13de0f70b4f67f1feec44b03eb
6a127be7a0645ccdd09cc10ecffc6633fa1718d5171cdb235c9e6bbba077e3f000b235f1b077a21401a5c6c13448f645bef0ff6703d5e6ced359e4d18152b477
ff948498f7f232f90cf50b39b19bf357312e2a483f7e3ab0264c656e546190a30b6c2444f1cf7a39eda89d3bba9ee7701817e49413f05e6dc683c2cd59e71ca0
]]></system-out>
  <system-err><![CDATA[]]></system-err>
</testsuite>
