<?xml version="1.0" encoding="UTF-8"?>
<testsuite name="com.dotcms.cube.CubeJSTest" tests="12" skipped="0" failures="0" errors="0" timestamp="2023-06-28T02:47:34" hostname="fv-az575-595" time="0.029">
  <properties/>
  <testcase name="dimensionsAndFilter" classname="com.dotcms.cube.CubeJSTest" time="0.013"/>
  <testcase name="measures" classname="com.dotcms.cube.CubeJSTest" time="0.001"/>
  <testcase name="andFilter" classname="com.dotcms.cube.CubeJSTest" time="0.004"/>
  <testcase name="order" classname="com.dotcms.cube.CubeJSTest" time="0.002"/>
  <testcase name="dimensionAndTwoFilters" classname="com.dotcms.cube.CubeJSTest" time="0.002"/>
  <testcase name="filterWithoutDimensions" classname="com.dotcms.cube.CubeJSTest" time="0.0"/>
  <testcase name="orFilter" classname="com.dotcms.cube.CubeJSTest" time="0.0"/>
  <testcase name="dimensions" classname="com.dotcms.cube.CubeJSTest" time="0.0"/>
  <testcase name="measuresAndFilter" classname="com.dotcms.cube.CubeJSTest" time="0.001"/>
  <testcase name="dimensionsAndMeasures" classname="com.dotcms.cube.CubeJSTest" time="0.001"/>
  <testcase name="dimensionAndMeasuresAndFilter" classname="com.dotcms.cube.CubeJSTest" time="0.001"/>
  <testcase name="andOrFilter" classname="com.dotcms.cube.CubeJSTest" time="0.001"/>
  <system-out><![CDATA[]]></system-out>
  <system-err><![CDATA[]]></system-err>
</testsuite>
