<?xml version="1.0" encoding="UTF-8"?>
<testsuite name="com.dotmarketing.portlets.workflows.actionlet.SaveContentAsDraftActionletTest" tests="4" skipped="0" failures="0" errors="0" timestamp="2023-07-18T17:20:51" hostname="fv-az454-709" time="0.112">
  <properties/>
  <testcase name="shouldCallSaveDraftWithTheRightParametersWhenContentletDependenciesIsNull[0: com.dotmarketing.portlets.workflows.actionlet.SaveContentAsDraftActionletTest$TestCase@54daed24]" classname="com.dotmarketing.portlets.workflows.actionlet.SaveContentAsDraftActionletTest" time="0.076"/>
  <testcase name="shouldCallSaveDraftWithTheRightParametersWhenContentletDependenciesIsNull[1: com.dotmarketing.portlets.workflows.actionlet.SaveContentAsDraftActionletTest$TestCase@13895786]" classname="com.dotmarketing.portlets.workflows.actionlet.SaveContentAsDraftActionletTest" time="0.002"/>
  <testcase name="shouldCallSaveDraftWithTheRightParameters[0: com.dotmarketing.portlets.workflows.actionlet.SaveContentAsDraftActionletTest$TestCase@54daed24]" classname="com.dotmarketing.portlets.workflows.actionlet.SaveContentAsDraftActionletTest" time="0.032"/>
  <testcase name="shouldCallSaveDraftWithTheRightParameters[1: com.dotmarketing.portlets.workflows.actionlet.SaveContentAsDraftActionletTest$TestCase@13895786]" classname="com.dotmarketing.portlets.workflows.actionlet.SaveContentAsDraftActionletTest" time="0.002"/>
  <system-out><![CDATA[]]></system-out>
  <system-err><![CDATA[]]></system-err>
</testsuite>
