<?xml version="1.0" encoding="UTF-8"?>
<testsuite name="com.dotcms.auth.providers.jwt.factories.SecretKeySpecFactoryTest" tests="1" skipped="0" failures="0" errors="0" timestamp="2023-07-14T17:22:44" hostname="fv-az887-517" time="1.546">
  <properties/>
  <testcase name="readAndPrepareSecret" classname="com.dotcms.auth.providers.jwt.factories.SecretKeySpecFactoryTest" time="1.546"/>
  <system-out><![CDATA[8de87e05d83043a527569d557b32a35292bed5f99243e15cab23c0d6e04e5fbf352b04209ed3eed6cea469f3803aa5c4c79112c2fa65ef86d5cf0be62545c095
MySecretKey2
MySecretKey3
MySecretKey3
d7f7a6165b6539ee17438661f78cca27e9727f9407c29b1b1d2b91d6517743312c7cfc3b2fa51d85d62a8dfa7f3b8aed341fcde7af24515a457be1d473156a49
9a202058a7d55539722f9928df01854a1d86123ac8296cf786a4552f975cdc6c777b1c69b8f3ef7306090a04ec3ab87f136525e7f0726046f1283921df2d472a
185f9383d6f82db20856c16b1d22bc9769be4e0259d81d35ecf163754dccaec6e2ad1fe5cb1932e5de4294f34655d613194c6ba11bbebf02ccb5447e749b7b53
]]></system-out>
  <system-err><![CDATA[]]></system-err>
</testsuite>
