<?xml version="1.0" encoding="UTF-8"?>
<testsuite name="com.dotcms.util.pagination.SiteViewPaginatorUnitTest" tests="2" skipped="0" failures="0" errors="0" timestamp="2023-07-13T15:59:08" hostname="fv-az343-671" time="0.211">
  <properties/>
  <testcase name="Test_Get_Items_Sorted_Pages" classname="com.dotcms.util.pagination.SiteViewPaginatorUnitTest" time="0.159"/>
  <testcase name="Test_Get_Items_Page_Size" classname="com.dotcms.util.pagination.SiteViewPaginatorUnitTest" time="0.052"/>
  <system-out><![CDATA[SYSTEM_HOST
1
2
3
5
6
8
]]></system-out>
  <system-err><![CDATA[]]></system-err>
</testsuite>
