<?xml version="1.0" encoding="UTF-8"?>
<testsuite name="com.dotcms.util.diff.DiffCommandTest" tests="2" skipped="0" failures="0" errors="0" timestamp="2023-07-17T18:06:17" hostname="fv-az400-396" time="0.009">
  <properties/>
  <testcase name="applyDiff_Comparable" classname="com.dotcms.util.diff.DiffCommandTest" time="0.005"/>
  <testcase name="applyDiff_Differentiable" classname="com.dotcms.util.diff.DiffCommandTest" time="0.004"/>
  <system-out><![CDATA[{six=six, five=five}
{two=two}
{four=fourxxx, one=onexxx}
{six=com.dotcms.util.diff.DiffCommandTest$StringDifferentiable@1d07d653, five=com.dotcms.util.diff.DiffCommandTest$StringDifferentiable@45bbff39}
{two=com.dotcms.util.diff.DiffCommandTest$StringDifferentiable@4dfa4322}
{four=com.dotcms.util.diff.DiffCommandTest$StringDifferentiable@1e265249, one=com.dotcms.util.diff.DiffCommandTest$StringDifferentiable@3d30aa90}
]]></system-out>
  <system-err><![CDATA[]]></system-err>
</testsuite>
