<?xml version="1.0" encoding="UTF-8"?>
<testsuite name="com.dotmarketing.portlets.htmlpageasset.business.render.HTMLPageAssetRenderedAPIImplTest" tests="5" skipped="0" failures="0" errors="0" timestamp="2023-07-12T21:49:22" hostname="fv-az1107-15" time="0.465">
  <properties/>
  <testcase name="testShouldReturnPREVIEWMODE_whenPageIsNotLockAndUserHaveReadPermission" classname="com.dotmarketing.portlets.htmlpageasset.business.render.HTMLPageAssetRenderedAPIImplTest" time="0.415"/>
  <testcase name="testShouldDoAURLMapper_whenPageIsNotFoundByURI" classname="com.dotmarketing.portlets.htmlpageasset.business.render.HTMLPageAssetRenderedAPIImplTest" time="0.034"/>
  <testcase name="testShouldReturnEDITEMODE_whenPageIsLockByCurrentUser" classname="com.dotmarketing.portlets.htmlpageasset.business.render.HTMLPageAssetRenderedAPIImplTest" time="0.008"/>
  <testcase name="testShouldReturnAdminMODE_whenUserDontHavePermission" classname="com.dotmarketing.portlets.htmlpageasset.business.render.HTMLPageAssetRenderedAPIImplTest" time="0.002"/>
  <testcase name="testShouldReturnADMINMODE_whenPageIsNotLockAndUserNotHaveReadPermission" classname="com.dotmarketing.portlets.htmlpageasset.business.render.HTMLPageAssetRenderedAPIImplTest" time="0.004"/>
  <system-out><![CDATA[]]></system-out>
  <system-err><![CDATA[]]></system-err>
</testsuite>
