<?xml version="1.0" encoding="UTF-8"?>
<testsuite name="com.dotmarketing.portlets.rules.conditionlet.SessionAttributeConditionletTest" tests="18" skipped="0" failures="0" errors="0" timestamp="2023-07-18T21:50:49" hostname="fv-az612-136" time="0.027">
  <properties/>
  <testcase name="testComparisons[0: Comparison 'Exists' should eval true for session attribute value == '' and user value == ''.]" classname="com.dotmarketing.portlets.rules.conditionlet.SessionAttributeConditionletTest" time="0.002"/>
  <testcase name="testComparisons[1: Comparison 'Exists' should eval false for session attribute value == null and user value == ''.]" classname="com.dotmarketing.portlets.rules.conditionlet.SessionAttributeConditionletTest" time="0.0"/>
  <testcase name="testComparisons[2: Comparison 'Is' should eval true for session attribute value == '' and user value == ''.]" classname="com.dotmarketing.portlets.rules.conditionlet.SessionAttributeConditionletTest" time="0.0"/>
  <testcase name="testComparisons[3: Comparison 'Is' should eval true for session attribute value == '1' and user value == '1'.]" classname="com.dotmarketing.portlets.rules.conditionlet.SessionAttributeConditionletTest" time="0.001"/>
  <testcase name="testComparisons[4: Comparison 'Is' should eval false for session attribute value == '1' and user value == ''.]" classname="com.dotmarketing.portlets.rules.conditionlet.SessionAttributeConditionletTest" time="0.0"/>
  <testcase name="testComparisons[5: Comparison 'Is' should not be case sensitive - should eval true for session attribute value == 'One' and user value == 'one'.]" classname="com.dotmarketing.portlets.rules.conditionlet.SessionAttributeConditionletTest" time="0.0"/>
  <testcase name="testComparisons[6: Comparison 'Is Not' should eval false for session attribute value == '' and user value == ''.]" classname="com.dotmarketing.portlets.rules.conditionlet.SessionAttributeConditionletTest" time="0.001"/>
  <testcase name="testComparisons[7: Comparison 'Is Not' should eval false for session attribute value == '1' and user value == '1'.]" classname="com.dotmarketing.portlets.rules.conditionlet.SessionAttributeConditionletTest" time="0.0"/>
  <testcase name="testComparisons[8: Comparison 'Is Not' should eval true for session attribute value == '1' and user value == ''.]" classname="com.dotmarketing.portlets.rules.conditionlet.SessionAttributeConditionletTest" time="0.0"/>
  <testcase name="testComparisons[9: Comparison 'Is Not' should eval true for session attribute value == null and user value == null.]" classname="com.dotmarketing.portlets.rules.conditionlet.SessionAttributeConditionletTest" time="0.001"/>
  <testcase name="testComparisons[10: Comparison 'Is Not' should not be case sensitive - should eval false for session attribute value == 'One' and user value == 'one'.]" classname="com.dotmarketing.portlets.rules.conditionlet.SessionAttributeConditionletTest" time="0.001"/>
  <testcase name="testComparisons[11: Comparison 'Starts With' should eval true for session attribute value == 'The Quick Brown Fox' and user value == 'the quick'.]" classname="com.dotmarketing.portlets.rules.conditionlet.SessionAttributeConditionletTest" time="0.001"/>
  <testcase name="testComparisons[12: Comparison 'Starts With' should eval false for session attribute value == 'The Quick Brown Fox' and user value == 'A quick'.]" classname="com.dotmarketing.portlets.rules.conditionlet.SessionAttributeConditionletTest" time="0.0"/>
  <testcase name="testComparisons[13: Comparison 'Ends With' should eval true for session attribute value == 'The Quick Brown Fox' and user value == 'Brown fox'.]" classname="com.dotmarketing.portlets.rules.conditionlet.SessionAttributeConditionletTest" time="0.006"/>
  <testcase name="testComparisons[14: Comparison 'Ends With' should eval false for session attribute value == 'The Quick Brown Fox' and user value == 'foxy'.]" classname="com.dotmarketing.portlets.rules.conditionlet.SessionAttributeConditionletTest" time="0.001"/>
  <testcase name="testComparisons[15: Comparison 'Contains' should eval true for session attribute value == 'The Quick Brown Fox' and user value == 'quick brown'.]" classname="com.dotmarketing.portlets.rules.conditionlet.SessionAttributeConditionletTest" time="0.001"/>
  <testcase name="testComparisons[16: Comparison 'Ends With' should eval false for session attribute value == 'The Quick Brown Fox' and user value == 'bob'.]" classname="com.dotmarketing.portlets.rules.conditionlet.SessionAttributeConditionletTest" time="0.001"/>
  <testcase name="testComparisons[17: Comparison 'Regex' should eval true for session attribute value == 'The Quick Brown Fox' and user value == '.*Quick.*Fox'.]" classname="com.dotmarketing.portlets.rules.conditionlet.SessionAttributeConditionletTest" time="0.0"/>
  <system-out><![CDATA[]]></system-out>
  <system-err><![CDATA[]]></system-err>
</testsuite>
