<?xml version="1.0" encoding="UTF-8"?>
<testsuite name="com.dotcms.util.pagination.SiteViewPaginatorUnitTest" tests="2" skipped="0" failures="0" errors="0" timestamp="2023-06-22T23:36:16" hostname="fv-az620-565" time="0.201">
  <properties/>
  <testcase name="Test_Get_Items_Sorted_Pages" classname="com.dotcms.util.pagination.SiteViewPaginatorUnitTest" time="0.141"/>
  <testcase name="Test_Get_Items_Page_Size" classname="com.dotcms.util.pagination.SiteViewPaginatorUnitTest" time="0.059"/>
  <system-out><![CDATA[SYSTEM_HOST
0
1
2
3
7
8
]]></system-out>
  <system-err><![CDATA[]]></system-err>
</testsuite>
