<?xml version="1.0" encoding="UTF-8"?>
<testsuite name="com.dotmarketing.portlets.rules.conditionlet.ReferrerURLConditionletTest" tests="9" skipped="0" failures="0" errors="0" timestamp="2023-06-23T16:53:40" hostname="fv-az612-160" time="0.004">
  <properties/>
  <testcase name="testComparisons[0: If google.com set and visitor's referrer URL is google , evaluate to true.]" classname="com.dotmarketing.portlets.rules.conditionlet.ReferrerURLConditionletTest" time="0.001"/>
  <testcase name="testComparisons[1: Ignores case - If google.com set and visitor's referrer URL is google.COM , evaluate to true.]" classname="com.dotmarketing.portlets.rules.conditionlet.ReferrerURLConditionletTest" time="0.0"/>
  <testcase name="testComparisons[2: If google.com set and visitor's referring URL is yahoo.com , evaluate to false.]" classname="com.dotmarketing.portlets.rules.conditionlet.ReferrerURLConditionletTest" time="0.001"/>
  <testcase name="testComparisons[3: Is Not: If google.com set and visitor's referring URL is yahoo.com , evaluate to true.]" classname="com.dotmarketing.portlets.rules.conditionlet.ReferrerURLConditionletTest" time="0.0"/>
  <testcase name="testComparisons[4: Is Not: If google.com set and visitor's referrer URL is google , evaluate to false.]" classname="com.dotmarketing.portlets.rules.conditionlet.ReferrerURLConditionletTest" time="0.0"/>
  <testcase name="testCannotValidateWhenComparisonIsNull" classname="com.dotmarketing.portlets.rules.conditionlet.ReferrerURLConditionletTest" time="0.001"/>
  <testcase name="testCannotValidateWhenComparisonNotSet" classname="com.dotmarketing.portlets.rules.conditionlet.ReferrerURLConditionletTest" time="0.0"/>
  <testcase name="testUnsupportedComparisonThrowsException" classname="com.dotmarketing.portlets.rules.conditionlet.ReferrerURLConditionletTest" time="0.001"/>
  <testcase name="testEvaluatesToFalseWhenArgumentsAreEmptyOrMissing" classname="com.dotmarketing.portlets.rules.conditionlet.ReferrerURLConditionletTest" time="0.0"/>
  <system-out><![CDATA[]]></system-out>
  <system-err><![CDATA[]]></system-err>
</testsuite>
