<?xml version="1.0" encoding="UTF-8"?>
<testsuite name="com.dotcms.util.DotAssertTest" tests="6" skipped="0" failures="0" errors="0" timestamp="2023-07-05T16:01:56" hostname="fv-az370-222" time="0.02">
  <properties/>
  <testcase name="notNullTest" classname="com.dotcms.util.DotAssertTest" time="0.001"/>
  <testcase name="notEmptyTest" classname="com.dotcms.util.DotAssertTest" time="0.001"/>
  <testcase name="notEmptyMapTest" classname="com.dotcms.util.DotAssertTest" time="0.001"/>
  <testcase name="notEmptyCollectionTest" classname="com.dotcms.util.DotAssertTest" time="0.001"/>
  <testcase name="isTrueTest" classname="com.dotcms.util.DotAssertTest" time="0.001"/>
  <testcase name="isNullTest" classname="com.dotcms.util.DotAssertTest" time="0.015"/>
  <system-out><![CDATA[]]></system-out>
  <system-err><![CDATA[]]></system-err>
</testsuite>
