<?xml version="1.0" encoding="UTF-8"?>
<testsuite name="com.dotcms.auth.providers.jwt.factories.SecretKeySpecFactoryTest" tests="1" skipped="0" failures="0" errors="0" timestamp="2023-06-29T19:40:08" hostname="fv-az955-492" time="1.522">
  <properties/>
  <testcase name="readAndPrepareSecret" classname="com.dotcms.auth.providers.jwt.factories.SecretKeySpecFactoryTest" time="1.522"/>
  <system-out><![CDATA[2e886fb05ca9dd402a51f2615602d21ddddbb8c6f65c8234e734520501e74db6c88b6bdc67a25e78db28d3cc1881e837f93932bb3e071703dac0070f1bd4ab65
MySecretKey2
MySecretKey3
MySecretKey3
590676eb3694ad7662aef0e96641ae54e2a8ec0bd57fe97b9da9cb2e9d7eb1e5fe3ff070868a57dc8190653b4db2d3313e694016d958836f8cdf2b7e302cdf0c
45dba3901d385beb6ae8b8815dbbbbcfaddc60e9765466cc1bf8a78ec5908fa6b8061c3f0fb00314c559e9320f4f70e1fea8d47d1147fe99fd0a9e16955a2ec2
086dd7ecd57b08554bcccefec8f10e4eba5366fba7eb68d64fbea3735649efcbbc13a65d8e40f1eb613c8b1f43d4af5a8003870e21426617c518ecd3711f83f0
]]></system-out>
  <system-err><![CDATA[]]></system-err>
</testsuite>
