<?xml version="1.0" encoding="UTF-8"?>
<testsuite name="com.dotmarketing.portlets.workflows.util.WorkflowEmailUtilTest" tests="3" skipped="0" failures="0" errors="0" timestamp="2023-07-18T15:58:48" hostname="fv-az883-365" time="0.072">
  <properties/>
  <testcase name="Test_Resolve_Sender_Included_On_The_Company_EmailAddress" classname="com.dotmarketing.portlets.workflows.util.WorkflowEmailUtilTest" time="0.058"/>
  <testcase name="Test_Resolve_Sender" classname="com.dotmarketing.portlets.workflows.util.WorkflowEmailUtilTest" time="0.006"/>
  <testcase name="Test_Resolve_Sender_No_Company_Email_FallBack" classname="com.dotmarketing.portlets.workflows.util.WorkflowEmailUtilTest" time="0.006"/>
  <system-out><![CDATA[]]></system-out>
  <system-err><![CDATA[]]></system-err>
</testsuite>
