<?xml version="1.0" encoding="UTF-8"?>
<testsuite name="com.dotcms.auth.providers.jwt.factories.SecretKeySpecFactoryTest" tests="1" skipped="0" failures="0" errors="0" timestamp="2023-07-18T03:04:52" hostname="fv-az1242-585" time="1.748">
  <properties/>
  <testcase name="readAndPrepareSecret" classname="com.dotcms.auth.providers.jwt.factories.SecretKeySpecFactoryTest" time="1.748"/>
  <system-out><![CDATA[e49ac13b3bcd0875a8765402e4877034bbec702b6f886970e7b1b1d9c3209597679161bbdd977c5e1bd3c1adbd8b55ac1e315d52299af0a6d6e63b79d559f77a
MySecretKey2
MySecretKey3
MySecretKey3
a15489b21138d42cf023fe0ac628d14878482b2d338a88c991f9299f5100ffa55f773ea20d8a1661c90dc2e5c1a0b2d72da94f752575107b1891b3c11c07404e
15556918b08c0d6cda55b9bf3f8dd1eeac5a77b147c4a08d8a3ab13cf59260174dadd023b74f9feefd5ffa0f742872375c89672e87e29fe7ead9aaba586b58ee
f4056e07c486ffe53d325d602b5d2b65907f2859f5e60c2a012b914cab882619fcbd518e7198c6d30f6ebe000bf0718b6dd328ac5f17d21e90fd25dadfe1ecad
]]></system-out>
  <system-err><![CDATA[]]></system-err>
</testsuite>
