<?xml version="1.0" encoding="UTF-8"?>
<testsuite name="com.dotcms.util.diff.DiffCommandTest" tests="2" skipped="0" failures="0" errors="0" timestamp="2023-07-21T17:44:37" hostname="fv-az620-708" time="0.006">
  <properties/>
  <testcase name="applyDiff_Comparable" classname="com.dotcms.util.diff.DiffCommandTest" time="0.005"/>
  <testcase name="applyDiff_Differentiable" classname="com.dotcms.util.diff.DiffCommandTest" time="0.001"/>
  <system-out><![CDATA[{six=six, five=five}
{two=two}
{four=fourxxx, one=onexxx}
{six=com.dotcms.util.diff.DiffCommandTest$StringDifferentiable@f9ac564, five=com.dotcms.util.diff.DiffCommandTest$StringDifferentiable@58360c36}
{two=com.dotcms.util.diff.DiffCommandTest$StringDifferentiable@f5f51fe}
{four=com.dotcms.util.diff.DiffCommandTest$StringDifferentiable@6c9e651, one=com.dotcms.util.diff.DiffCommandTest$StringDifferentiable@5fa1b209}
]]></system-out>
  <system-err><![CDATA[]]></system-err>
</testsuite>
