<?xml version="1.0" encoding="UTF-8"?>
<testsuite name="com.dotcms.util.HttpRequestDataUtilTest" tests="6" skipped="0" failures="0" errors="0" timestamp="2023-06-23T18:13:02" hostname="fv-az178-408" time="0.014">
  <properties/>
  <testcase name="test_getHeaderCaseInsensitive[0: com.dotcms.util.HttpRequestDataUtilTest$ParamTestCase@3b355eaa]" classname="com.dotcms.util.HttpRequestDataUtilTest" time="0.001"/>
  <testcase name="test_getHeaderCaseInsensitive[1: com.dotcms.util.HttpRequestDataUtilTest$ParamTestCase@24ea1b3]" classname="com.dotcms.util.HttpRequestDataUtilTest" time="0.001"/>
  <testcase name="test_getHeaderCaseInsensitive[2: com.dotcms.util.HttpRequestDataUtilTest$ParamTestCase@d8f94ba]" classname="com.dotcms.util.HttpRequestDataUtilTest" time="0.001"/>
  <testcase name="test_getParamCaseInsensitive[0: com.dotcms.util.HttpRequestDataUtilTest$ParamTestCase@3b355eaa]" classname="com.dotcms.util.HttpRequestDataUtilTest" time="0.003"/>
  <testcase name="test_getParamCaseInsensitive[1: com.dotcms.util.HttpRequestDataUtilTest$ParamTestCase@24ea1b3]" classname="com.dotcms.util.HttpRequestDataUtilTest" time="0.007"/>
  <testcase name="test_getParamCaseInsensitive[2: com.dotcms.util.HttpRequestDataUtilTest$ParamTestCase@d8f94ba]" classname="com.dotcms.util.HttpRequestDataUtilTest" time="0.0"/>
  <system-out><![CDATA[]]></system-out>
  <system-err><![CDATA[]]></system-err>
</testsuite>
