<?xml version="1.0" encoding="UTF-8"?>
<testsuite name="com.dotmarketing.portlets.rules.conditionlet.PersonaConditionletTest" tests="8" skipped="0" failures="0" errors="0" timestamp="2023-07-20T17:09:14" hostname="fv-az189-825" time="0.007">
  <properties/>
  <testcase name="testComparisons[0: com.dotmarketing.portlets.rules.conditionlet.PersonaConditionletTest$TestCase@206600a5]" classname="com.dotmarketing.portlets.rules.conditionlet.PersonaConditionletTest" time="0.002"/>
  <testcase name="testComparisons[1: com.dotmarketing.portlets.rules.conditionlet.PersonaConditionletTest$TestCase@6f87ac3d]" classname="com.dotmarketing.portlets.rules.conditionlet.PersonaConditionletTest" time="0.0"/>
  <testcase name="testComparisons[2: com.dotmarketing.portlets.rules.conditionlet.PersonaConditionletTest$TestCase@7e08c286]" classname="com.dotmarketing.portlets.rules.conditionlet.PersonaConditionletTest" time="0.001"/>
  <testcase name="testComparisons[3: com.dotmarketing.portlets.rules.conditionlet.PersonaConditionletTest$TestCase@625cb78b]" classname="com.dotmarketing.portlets.rules.conditionlet.PersonaConditionletTest" time="0.001"/>
  <testcase name="testCannotValidateWhenComparisonIsNull" classname="com.dotmarketing.portlets.rules.conditionlet.PersonaConditionletTest" time="0.0"/>
  <testcase name="testCannotValidateWhenComparisonNotSet" classname="com.dotmarketing.portlets.rules.conditionlet.PersonaConditionletTest" time="0.001"/>
  <testcase name="testUnsupportedComparisonThrowsException" classname="com.dotmarketing.portlets.rules.conditionlet.PersonaConditionletTest" time="0.001"/>
  <testcase name="testEvaluatesToFalseWhenArgumentsAreEmptyOrMissing" classname="com.dotmarketing.portlets.rules.conditionlet.PersonaConditionletTest" time="0.0"/>
  <system-out><![CDATA[]]></system-out>
  <system-err><![CDATA[]]></system-err>
</testsuite>
