<?xml version="1.0" encoding="UTF-8"?>
<testsuite name="com.dotcms.auth.providers.jwt.factories.SecretKeySpecFactoryTest" tests="1" skipped="0" failures="0" errors="0" timestamp="2023-07-18T15:26:35" hostname="fv-az583-710" time="1.566">
  <properties/>
  <testcase name="readAndPrepareSecret" classname="com.dotcms.auth.providers.jwt.factories.SecretKeySpecFactoryTest" time="1.566"/>
  <system-out><![CDATA[a0fe60a763ae2cccfccc275adbd0d22e79c8517784763aa9cc603708284e72cf9a87a9701715d542f57bdd1be0b902045888845fd4cc13b17a8e4f7070a5f215
MySecretKey2
MySecretKey3
MySecretKey3
befdaa25b891a88ea36aa253774e192dca96168707d28c472d17bb9e11fec5a5be00771eb8d5a6607e41095792cae64b7caad39d9fc8382bf145f923a4d2b5d2
970a5c3abedc0ff6b7e0010167c9c70279bbb697809d1295a6bbd29bfc763d16c86d491eeb6e8a5458a9344f3c4214530d0256c9b3b27bdeb36743b464129374
8934a290456bf1467de9715d6e1ac9d149ffb461a37dfd58fab0cd49d4c4addcbd7d223819eca857de00633aa09c5eed530bd6a880e18d33d347a7a8b9363803
]]></system-out>
  <system-err><![CDATA[]]></system-err>
</testsuite>
