<?xml version="1.0" encoding="UTF-8"?>
<testsuite name="com.dotcms.auth.providers.jwt.factories.SecretKeySpecFactoryTest" tests="1" skipped="0" failures="0" errors="0" timestamp="2023-07-11T17:51:54" hostname="fv-az955-798" time="1.349">
  <properties/>
  <testcase name="readAndPrepareSecret" classname="com.dotcms.auth.providers.jwt.factories.SecretKeySpecFactoryTest" time="1.349"/>
  <system-out><![CDATA[b8007c2e260d44988dcf25af03f144ea6a8c4b78070ea09dcdd842dc0b8077e0218a7ad80900aaaa3459918bc155bc78c3f906a2d7433dc4c2a4ce6c00597661
MySecretKey2
MySecretKey3
MySecretKey3
dba5e0bc81b9e5e3b78d9bebd3c613a086004f62a71e6962a96168b86d9376d8f2f63135676b41d4363f9527590314f42c92834b89ab555d2a4e33e88ac12d96
d6ec16d72a2e140c075d53c2d9f96b6d9b4e479cb4aa1a1f240e0ad39dc8b61539bd54e0796df0a9319fce43afc4fc25138bf3cb144ea43a5bcd9ae575d67678
f5ff654c85680c3dc8a4c05c3b36221a117959ea691e8ac296cdbb223d06032823c3280d490fd06089c11801c50cb35797d1bb91f2f0e33aabf4c12d815d5e27
]]></system-out>
  <system-err><![CDATA[]]></system-err>
</testsuite>
