<?xml version="1.0" encoding="UTF-8"?>
<testsuite name="com.dotcms.analytics.metrics.QueryParameterValuesGetterTest" tests="3" skipped="0" failures="0" errors="0" timestamp="2023-07-21T14:38:32" hostname="fv-az341-745" time="0.085">
  <properties/>
  <testcase name="getQueryParamsFromUrlWithNoneQueryParams" classname="com.dotcms.analytics.metrics.QueryParameterValuesGetterTest" time="0.079"/>
  <testcase name="getQueryParamsFromUrlWithOneQueryParams" classname="com.dotcms.analytics.metrics.QueryParameterValuesGetterTest" time="0.003"/>
  <testcase name="getQueryParamsFromUrlWithMultiQueryParams" classname="com.dotcms.analytics.metrics.QueryParameterValuesGetterTest" time="0.001"/>
  <system-out><![CDATA[]]></system-out>
  <system-err><![CDATA[]]></system-err>
</testsuite>
