<?xml version="1.0" encoding="UTF-8"?>
<testsuite name="com.dotcms.concurrent.DebouncerTest" tests="2" skipped="0" failures="0" errors="0" timestamp="2023-07-17T23:50:09" hostname="fv-az615-953" time="16.21">
  <properties/>
  <testcase name="test_that_debouncer_prevents_multiple_runs" classname="com.dotcms.concurrent.DebouncerTest" time="7.006"/>
  <testcase name="test_that_debouncer_reschedules_the_runnable" classname="com.dotcms.concurrent.DebouncerTest" time="9.204"/>
  <system-out><![CDATA[]]></system-out>
  <system-err><![CDATA[]]></system-err>
</testsuite>
