<?xml version="1.0" encoding="UTF-8"?>
<testsuite name="com.dotcms.auth.providers.jwt.factories.SecretKeySpecFactoryTest" tests="1" skipped="0" failures="0" errors="0" timestamp="2023-06-26T22:00:52" hostname="fv-az407-493" time="1.337">
  <properties/>
  <testcase name="readAndPrepareSecret" classname="com.dotcms.auth.providers.jwt.factories.SecretKeySpecFactoryTest" time="1.337"/>
  <system-out><![CDATA[1c3be0f6a57c4651f0a4e7f32cf558a4771cb5ae7d5b588ab6bb58333fe2074545864852ae440a09a5d74d866b251c67ff98236bfd271d88ec04550090bae463
MySecretKey2
MySecretKey3
MySecretKey3
d192a5a76a292c9380bf7e38074e3364a212953db6594a0fd9fa22b2e3d8b237d60937534f47fbe6399385c2214915deb2438b2b2f1cc93cd547d82ce3ad9f13
cc53876efa5aa2f417906d2ddfcae5aac033a6e3a3fac6aa412440b646648975b3c02f89609228cf21e9e1fae4761314b5150ce1e2457b1f3698cae011193ae2
5c3c36e5fd33710dea9858398c26c7e7c1abcf421dded338833496bfc47bacf9acf2b2ebdf272240b27729fafd266f0754fd2f21da19e175b457a4a6d800e864
]]></system-out>
  <system-err><![CDATA[]]></system-err>
</testsuite>
