<?xml version="1.0" encoding="UTF-8"?>
<testsuite name="com.dotcms.auth.providers.jwt.factories.SecretKeySpecFactoryTest" tests="1" skipped="0" failures="0" errors="0" timestamp="2023-06-29T19:02:05" hostname="fv-az621-917" time="1.408">
  <properties/>
  <testcase name="readAndPrepareSecret" classname="com.dotcms.auth.providers.jwt.factories.SecretKeySpecFactoryTest" time="1.408"/>
  <system-out><![CDATA[72c6650bb28767d46ae9f7d7bd36e3b59121ccedc3f4fe0e4d195b708c657b34c4065ec02850098d019935589027e54af3ac5e1700320a3ad896f07325691d63
MySecretKey2
MySecretKey3
MySecretKey3
e06835ba71e7fae5c6313d2c3bac003efc9e4ee1c171ce7ef831097f6565fa1d7714537399ccd640716e1c7fd359cd2efce3fee2b9d517de30f05c6742d4601c
dfd12f154ea7ff6e082546158f22f3f1e0c5e4a6929c131e32492c5e37c4b560d5556e21e45ffc7300a806c9579668d21b5eeb115e9a30123e3c14a16d59cdc8
a46075fa1d9ae55a49230590110441a1e642a84fcb170a21223a32ad107f6b3b89f7fc961b08c696446978d28d4267a05fdd621ab89447219fe0d78b13884c4a
]]></system-out>
  <system-err><![CDATA[]]></system-err>
</testsuite>
