<?xml version="1.0" encoding="UTF-8"?>
<testsuite name="com.dotmarketing.portlets.workflows.actionlet.SaveContentAsDraftActionletTest" tests="4" skipped="0" failures="0" errors="0" timestamp="2023-06-29T01:21:25" hostname="fv-az1259-857" time="0.06">
  <properties/>
  <testcase name="shouldCallSaveDraftWithTheRightParametersWhenContentletDependenciesIsNull[0: com.dotmarketing.portlets.workflows.actionlet.SaveContentAsDraftActionletTest$TestCase@77f7e7bd]" classname="com.dotmarketing.portlets.workflows.actionlet.SaveContentAsDraftActionletTest" time="0.042"/>
  <testcase name="shouldCallSaveDraftWithTheRightParametersWhenContentletDependenciesIsNull[1: com.dotmarketing.portlets.workflows.actionlet.SaveContentAsDraftActionletTest$TestCase@384313cc]" classname="com.dotmarketing.portlets.workflows.actionlet.SaveContentAsDraftActionletTest" time="0.002"/>
  <testcase name="shouldCallSaveDraftWithTheRightParameters[0: com.dotmarketing.portlets.workflows.actionlet.SaveContentAsDraftActionletTest$TestCase@77f7e7bd]" classname="com.dotmarketing.portlets.workflows.actionlet.SaveContentAsDraftActionletTest" time="0.014"/>
  <testcase name="shouldCallSaveDraftWithTheRightParameters[1: com.dotmarketing.portlets.workflows.actionlet.SaveContentAsDraftActionletTest$TestCase@384313cc]" classname="com.dotmarketing.portlets.workflows.actionlet.SaveContentAsDraftActionletTest" time="0.001"/>
  <system-out><![CDATA[]]></system-out>
  <system-err><![CDATA[]]></system-err>
</testsuite>
