<?xml version="1.0" encoding="UTF-8"?>
<testsuite name="com.dotmarketing.portlets.workflows.ajax.WfBaseActionTest" tests="3" skipped="0" failures="0" errors="0" timestamp="2023-06-29T04:46:24" hostname="fv-az173-426" time="0.281">
  <properties/>
  <testcase name="TestOnNullCallTheDefaultCommand" classname="com.dotmarketing.portlets.workflows.ajax.WfBaseActionTest" time="0.197"/>
  <testcase name="TestNotAllowedCommands" classname="com.dotmarketing.portlets.workflows.ajax.WfBaseActionTest" time="0.031"/>
  <testcase name="TestAllowedCommands" classname="com.dotmarketing.portlets.workflows.ajax.WfBaseActionTest" time="0.052"/>
  <system-out><![CDATA[ Command ::  forbiddenMethod  on  class Mock for WfTaskAjax, hashCode: 1904232427
 Command ::  forbiddenMethod  on  class Mock for WfActionClassAjax, hashCode: 968040766
 Command ::  forbiddenMethod  on  class Mock for WfSchemeAjax, hashCode: 1615558731
 Command ::  forbiddenMethod  on  class Mock for WfActionAjax, hashCode: 1760424126
 Command ::  forbiddenMethod  on  class Mock for WfRoleStoreAjax, hashCode: 2124623751
 Command ::  action  on  class Mock for WfTaskAjax, hashCode: 232642062
 Command ::  executeAction  on  class Mock for WfTaskAjax, hashCode: 232642062
 Command ::  executeActions  on  class Mock for WfTaskAjax, hashCode: 232642062
 Command ::  add  on  class Mock for WfActionClassAjax, hashCode: 1016978571
 Command ::  action  on  class Mock for WfActionClassAjax, hashCode: 1016978571
 Command ::  reorder  on  class Mock for WfActionClassAjax, hashCode: 1016978571
 Command ::  delete  on  class Mock for WfActionClassAjax, hashCode: 1016978571
 Command ::  save  on  class Mock for WfActionClassAjax, hashCode: 1016978571
 Command ::  save  on  class Mock for WfSchemeAjax, hashCode: 1802532415
 Command ::  action  on  class Mock for WfSchemeAjax, hashCode: 1802532415
 Command ::  action  on  class Mock for WfActionAjax, hashCode: 916892415
 Command ::  add  on  class Mock for WfActionAjax, hashCode: 916892415
 Command ::  deleteActionForStep  on  class Mock for WfActionAjax, hashCode: 916892415
 Command ::  save  on  class Mock for WfActionAjax, hashCode: 916892415
 Command ::  delete  on  class Mock for WfActionAjax, hashCode: 916892415
 Command ::  reorder  on  class Mock for WfActionAjax, hashCode: 916892415
 Command ::  action  on  class Mock for WfRoleStoreAjax, hashCode: 1916755767
 Command ::  assignable  on  class Mock for WfRoleStoreAjax, hashCode: 1916755767
 Command ::  rolesToJson  on  class Mock for WfRoleStoreAjax, hashCode: 1916755767
]]></system-out>
  <system-err><![CDATA[]]></system-err>
</testsuite>
