<?xml version="1.0" encoding="UTF-8"?>
<testsuite name="com.dotcms.analytics.bayesian.BetaDistributionWrapperTest" tests="1" skipped="0" failures="0" errors="0" timestamp="2023-07-12T21:45:21" hostname="fv-az1107-15" time="0.13">
  <properties/>
  <testcase name="test_pdfElements" classname="com.dotcms.analytics.bayesian.BetaDistributionWrapperTest" time="0.13"/>
  <system-out><![CDATA[]]></system-out>
  <system-err><![CDATA[]]></system-err>
</testsuite>
