<?xml version="1.0" encoding="UTF-8"?>
<testsuite name="com.dotcms.auth.providers.jwt.factories.SecretKeySpecFactoryTest" tests="1" skipped="0" failures="0" errors="0" timestamp="2023-06-28T19:20:23" hostname="fv-az627-595" time="1.193">
  <properties/>
  <testcase name="readAndPrepareSecret" classname="com.dotcms.auth.providers.jwt.factories.SecretKeySpecFactoryTest" time="1.193"/>
  <system-out><![CDATA[9cf8a6e5839db26875374529d30c2246ac2544468305069ab800bda183dfe6350dbcf54c6b4ec3159b6266bdd178e05a1159265a2e71578b3871fc38f08c3a87
MySecretKey2
MySecretKey3
MySecretKey3
af41f14af81a4fd49f4fa25d237277fafa9e97c62e3a20dcccc62113c260b1ae9765dc95613467a56d7147ec4863ea5aa09a0f26f875ea07c06822886fb85593
cf1298e28c164bd4c97ba7d56f76798c5734b3ad9382f5ab4e8dbd97b63b3b2b417d536811e59f8c1d091a1d433872eb7c0056b3abd99014866434f8ab05fc31
05892a34d6aa90b02357f7e9f55bc2d7b861d63359a5087750f08ca74b3bc6ba9a2e829c3ec7779b8eef0f3aaf9080629194b666efbf122903bb4e30a443f332
]]></system-out>
  <system-err><![CDATA[]]></system-err>
</testsuite>
