<?xml version="1.0" encoding="UTF-8"?>
<testsuite name="com.dotcms.util.pagination.SitePaginatorTest" tests="6" skipped="0" failures="0" errors="0" timestamp="2023-06-27T03:40:11" hostname="fv-az1107-695" time="0.131">
  <properties/>
  <testcase name="testGetItemsWithStoppedAndArchived" classname="com.dotcms.util.pagination.SitePaginatorTest" time="0.127"/>
  <testcase name="testGetItems" classname="com.dotcms.util.pagination.SitePaginatorTest" time="0.001"/>
  <testcase name="testGetItemsWithStopped" classname="com.dotcms.util.pagination.SitePaginatorTest" time="0.001"/>
  <testcase name="testGetItemsWithSystem" classname="com.dotcms.util.pagination.SitePaginatorTest" time="0.0"/>
  <testcase name="test_GetItems_StoppedAndLiveSites" classname="com.dotcms.util.pagination.SitePaginatorTest" time="0.0"/>
  <testcase name="testGetItemsWithArchived" classname="com.dotcms.util.pagination.SitePaginatorTest" time="0.001"/>
  <system-out><![CDATA[]]></system-out>
  <system-err><![CDATA[]]></system-err>
</testsuite>
