<?xml version="1.0" encoding="UTF-8"?>
<testsuite name="com.dotcms.security.ContentSecurityPolicyUtilTest" tests="7" skipped="0" failures="0" errors="0" timestamp="2023-07-14T19:18:46" hostname="fv-az365-508" time="0.022">
  <properties/>
  <testcase name="calculateContentSecurityPolicyWithStyleBlocks" classname="com.dotcms.security.ContentSecurityPolicyUtilTest" time="0.006"/>
  <testcase name="calculateContentSecurityPolicyWithSciptBlocks" classname="com.dotcms.security.ContentSecurityPolicyUtilTest" time="0.001"/>
  <testcase name="noCalculateContentSecurityPolicyWHenPageModeIsDifferentThanLIVE" classname="com.dotcms.security.ContentSecurityPolicyUtilTest" time="0.001"/>
  <testcase name="calculateContentSecurityPolicyWithNoStyleBlocks" classname="com.dotcms.security.ContentSecurityPolicyUtilTest" time="0.011"/>
  <testcase name="calculateContentSecurityPolicyWithMoreThanOneStyleBlocks" classname="com.dotcms.security.ContentSecurityPolicyUtilTest" time="0.0"/>
  <testcase name="calculateContentSecurityPolicyWithNoSciptBlocks" classname="com.dotcms.security.ContentSecurityPolicyUtilTest" time="0.001"/>
  <testcase name="calculateContentSecurityPolicyWithMoreThanOneSciptBlocks" classname="com.dotcms.security.ContentSecurityPolicyUtilTest" time="0.001"/>
  <system-out><![CDATA[]]></system-out>
  <system-err><![CDATA[]]></system-err>
</testsuite>
