<?xml version="1.0" encoding="UTF-8"?>
<testsuite name="com.dotcms.auth.providers.jwt.factories.SecretKeySpecFactoryTest" tests="1" skipped="0" failures="0" errors="0" timestamp="2023-06-23T16:11:45" hostname="fv-az361-657" time="1.156">
  <properties/>
  <testcase name="readAndPrepareSecret" classname="com.dotcms.auth.providers.jwt.factories.SecretKeySpecFactoryTest" time="1.156"/>
  <system-out><![CDATA[94cb07eeb8a3b05ae72453a473a5f95de3f9a0679c561bc6f0d448dd7fa5616594cb18505d8383476e270258d842df40aea21483f4ddcc8b78bc01bde842fb17
MySecretKey2
MySecretKey3
MySecretKey3
0de9b62541062ff7ceb7d8bd8a45cf30bbc362a46040e0bed842b4005fa752443559db242d9f3321b39a47b8d769303b0a7309fc505e0abcaa6ba6ec4f792462
6cfc5120349a1c02dfbb950c7ec2cd5a0c74c1ef3b5bc21742cac59b2734cb549381a57bfd8b530667c3e898021c691e2a90ceebe1353bd1e6388a753640db3e
db5234c450e15eace7d1e0cb2156d912130cb1f6691684ca644d3291cd22a80f026fb10d34a2c3c94dc4cb7e038b1d60c2f9dd9f6dcc0bc768a3064c54e5a711
]]></system-out>
  <system-err><![CDATA[]]></system-err>
</testsuite>
