<?xml version="1.0" encoding="UTF-8"?>
<testsuite name="com.dotcms.auth.providers.jwt.factories.SecretKeySpecFactoryTest" tests="1" skipped="0" failures="0" errors="0" timestamp="2023-06-26T21:03:45" hostname="fv-az166-290" time="1.651">
  <properties/>
  <testcase name="readAndPrepareSecret" classname="com.dotcms.auth.providers.jwt.factories.SecretKeySpecFactoryTest" time="1.651"/>
  <system-out><![CDATA[50c284636323eaebe8bcc18af6a704401a846a0868b1a3282365c48d168f4c6b6455abdb68b4de7888a1a38d8b4e316d03710977ae312133c22ddfc8056cc6e0
MySecretKey2
MySecretKey3
MySecretKey3
5d9a77cc14bcbb2ed7d283761436945fcec2dc1696d98339545d57f46fafd2afff18d558e2ed0801194f8b9b43a6eb0b95d944ff733a23b22470e71cfad4c17f
293b71db0d729a01811c65d5fa70ea376113c2dcf833e3e3912167b63f5d2cea30d9463ab047fed8712de04ef52e9d1c91f1b4c2da9cdf540c0fa16105cbf336
a52822681c446d9c388b81544a6cc9a2c26af64bce35395e25ffb5c2678d9900433b6125e398d91df8a851b74bdb76dd0036ffb892ab1ffa7bf03eb057db2503
]]></system-out>
  <system-err><![CDATA[]]></system-err>
</testsuite>
