<?xml version="1.0" encoding="UTF-8"?>
<testsuite name="com.dotcms.api.system.event.verifier.MultipleRolesVerifierTest" tests="7" skipped="0" failures="0" errors="0" timestamp="2023-06-26T15:57:23" hostname="fv-az256-466" time="0.118">
  <properties/>
  <testcase name="verifiedOrSuccess2Test" classname="com.dotcms.api.system.event.verifier.MultipleRolesVerifierTest" time="0.092"/>
  <testcase name="verifiedOrSuccess3Test" classname="com.dotcms.api.system.event.verifier.MultipleRolesVerifierTest" time="0.003"/>
  <testcase name="verifiedOrSuccess4Test" classname="com.dotcms.api.system.event.verifier.MultipleRolesVerifierTest" time="0.002"/>
  <testcase name="verifiedOrSuccessTest" classname="com.dotcms.api.system.event.verifier.MultipleRolesVerifierTest" time="0.002"/>
  <testcase name="verifiedAndSuccessTest" classname="com.dotcms.api.system.event.verifier.MultipleRolesVerifierTest" time="0.007"/>
  <testcase name="verifiedAndFailTest" classname="com.dotcms.api.system.event.verifier.MultipleRolesVerifierTest" time="0.003"/>
  <testcase name="verifiedOrFailTest" classname="com.dotcms.api.system.event.verifier.MultipleRolesVerifierTest" time="0.004"/>
  <system-out><![CDATA[]]></system-out>
  <system-err><![CDATA[]]></system-err>
</testsuite>
