<?xml version="1.0" encoding="UTF-8"?>
<testsuite name="com.dotcms.auth.providers.jwt.factories.SecretKeySpecFactoryTest" tests="1" skipped="0" failures="0" errors="0" timestamp="2023-07-20T15:54:25" hostname="fv-az805-192" time="1.206">
  <properties/>
  <testcase name="readAndPrepareSecret" classname="com.dotcms.auth.providers.jwt.factories.SecretKeySpecFactoryTest" time="1.206"/>
  <system-out><![CDATA[4b6ead8a7403fdda5a780dd4e4d9b45b86a6ea9c887c9b7c4466156d420424d367aee65cd3e8c313965b5cf076d759dd3d4ce2c6e43d5958a7060c532dba72b2
MySecretKey2
MySecretKey3
MySecretKey3
6dd72d23987a06c5702fca0c5a5b25fd0142b7cfd537facb3d2f8e72f625b9403a7f3ef97649d09d0a9545cc4ab638087743d7f812764ccf815d88816163e99a
5cc5ba093afd9f26adae99a47910bd082f6dc07dc001da148e978bcdd49fbd38e0e038a1c1c57dabc587f1b1a6ad7da95a1d45366d83c2d5f44c2ef7b993b75b
de544e0d3ca82a15929638c79c6e4b8075570c2dc6007d7c556d41698f0ccbeb1a0bf749cea007ae43ab89303166abc93aa27c0b655ca1b4a82f9bd0022259ce
]]></system-out>
  <system-err><![CDATA[]]></system-err>
</testsuite>
