<?xml version="1.0" encoding="UTF-8"?>
<testsuite name="com.dotmarketing.portlets.osgi.AJAX.OSGIBaseAJAXTest" tests="3" skipped="0" failures="0" errors="0" timestamp="2023-07-11T17:55:36" hostname="fv-az955-798" time="0.082">
  <properties/>
  <testcase name="TestOnNullCallTheDefaultCommand" classname="com.dotmarketing.portlets.osgi.AJAX.OSGIBaseAJAXTest" time="0.07"/>
  <testcase name="TestNotAllowedCommands" classname="com.dotmarketing.portlets.osgi.AJAX.OSGIBaseAJAXTest" time="0.002"/>
  <testcase name="TestAllowedCommands" classname="com.dotmarketing.portlets.osgi.AJAX.OSGIBaseAJAXTest" time="0.009"/>
  <system-out><![CDATA[ Command ::  forbiddenMethod  on  class Mock for OSGIAJAX, hashCode: 9217143
 Command ::  action  on  class Mock for OSGIAJAX, hashCode: 1409201793
 Command ::  restart  on  class Mock for OSGIAJAX, hashCode: 1409201793
 Command ::  start  on  class Mock for OSGIAJAX, hashCode: 1409201793
 Command ::  add  on  class Mock for OSGIAJAX, hashCode: 1409201793
 Command ::  stop  on  class Mock for OSGIAJAX, hashCode: 1409201793
 Command ::  undeploy  on  class Mock for OSGIAJAX, hashCode: 1409201793
 Command ::  modifyExtraPackages  on  class Mock for OSGIAJAX, hashCode: 1409201793
 Command ::  deploy  on  class Mock for OSGIAJAX, hashCode: 1409201793
 Command ::  remove  on  class Mock for OSGIAJAX, hashCode: 1409201793
 Command ::  getExtraPackages  on  class Mock for OSGIAJAX, hashCode: 1409201793
]]></system-out>
  <system-err><![CDATA[]]></system-err>
</testsuite>
