<?xml version="1.0" encoding="UTF-8"?>
<testsuite name="com.dotcms.auth.providers.jwt.factories.SecretKeySpecFactoryTest" tests="1" skipped="0" failures="0" errors="0" timestamp="2023-06-28T16:06:27" hostname="fv-az454-546" time="1.967">
  <properties/>
  <testcase name="readAndPrepareSecret" classname="com.dotcms.auth.providers.jwt.factories.SecretKeySpecFactoryTest" time="1.967"/>
  <system-out><![CDATA[292fb06a23fabd779bb3d1238e553960f1f50fe2799a2aa52fb658a5acf0b34ac50d08c32168b0509c3895aa7977f15c29ed2a4e0be16f762c1fdccea77f6192
MySecretKey2
MySecretKey3
MySecretKey3
b2dd18768fa1f93310aaa6e3836fa5bd875fa92089948e004214d06b527a20d1751e96e734bdfd90bdcf7f633ff6d4fcfbb52aa9194193c1e4497b1514577a9e
dc58ce2e29339c6fa41ae2cc2b9480d3df967c77af507f3afb1ea93133a41030f649ed4a52aac6cfc6abc1804387b5e49e08fa272579050a7b9dde496b3cc337
4f318057fca779c574441b1851a853c9afadc0c1f2f1ebe65f0d4b7a2cedcd378ac9d09c49ec64c87777aaf7128ba6cfc311789e30faa9ae4dc200a71691d365
]]></system-out>
  <system-err><![CDATA[]]></system-err>
</testsuite>
