<?xml version="1.0" encoding="UTF-8"?>
<testsuite name="com.dotcms.auth.providers.jwt.factories.SecretKeySpecFactoryTest" tests="1" skipped="0" failures="0" errors="0" timestamp="2023-07-10T19:58:26" hostname="fv-az437-589" time="1.52">
  <properties/>
  <testcase name="readAndPrepareSecret" classname="com.dotcms.auth.providers.jwt.factories.SecretKeySpecFactoryTest" time="1.52"/>
  <system-out><![CDATA[eb585b51fa9adcc499ff85921ba2c9b6a64d7d4f363c8971e2c4c472586925cbf517f1debe5061e6dac10a1dd2b842213bfbd03843996477d29b787ef72cdb88
MySecretKey2
MySecretKey3
MySecretKey3
b0b1751c819832830fde9dd27b562819559782e8a7645db82c6da18f44107a5f6ea81b9f7d6fc7be63aa1a558d65a5fce4b60a02d8c3099215fcb0361128a5a8
24761d8366fb20527691c319ce852942a683bce3d9d7abd685359216aee740d75b9b5f51f44db49ea0c9c120c5fc6322a26895594109916736eca9b40909ac64
491517fce3a1231de0fffa81f641d2a155c481232464c32bc8e3bf59c98b53191f6ed94ff4f73b938d3813f7c19a5966b1a5a377d1940c9d337ca618d1a9895d
]]></system-out>
  <system-err><![CDATA[]]></system-err>
</testsuite>
