<?xml version="1.0" encoding="UTF-8"?>
<testsuite name="com.dotmarketing.portlets.workflows.ajax.WfBaseActionTest" tests="3" skipped="0" failures="0" errors="0" timestamp="2023-07-13T16:00:40" hostname="fv-az572-754" time="0.349">
  <properties/>
  <testcase name="TestOnNullCallTheDefaultCommand" classname="com.dotmarketing.portlets.workflows.ajax.WfBaseActionTest" time="0.279"/>
  <testcase name="TestNotAllowedCommands" classname="com.dotmarketing.portlets.workflows.ajax.WfBaseActionTest" time="0.024"/>
  <testcase name="TestAllowedCommands" classname="com.dotmarketing.portlets.workflows.ajax.WfBaseActionTest" time="0.046"/>
  <system-out><![CDATA[ Command ::  forbiddenMethod  on  class Mock for WfActionClassAjax, hashCode: 266640916
 Command ::  forbiddenMethod  on  class Mock for WfActionAjax, hashCode: 507561200
 Command ::  forbiddenMethod  on  class Mock for WfTaskAjax, hashCode: 56093569
 Command ::  forbiddenMethod  on  class Mock for WfRoleStoreAjax, hashCode: 1977674511
 Command ::  forbiddenMethod  on  class Mock for WfSchemeAjax, hashCode: 670316523
 Command ::  add  on  class Mock for WfActionClassAjax, hashCode: 1184545934
 Command ::  save  on  class Mock for WfActionClassAjax, hashCode: 1184545934
 Command ::  delete  on  class Mock for WfActionClassAjax, hashCode: 1184545934
 Command ::  reorder  on  class Mock for WfActionClassAjax, hashCode: 1184545934
 Command ::  action  on  class Mock for WfActionClassAjax, hashCode: 1184545934
 Command ::  deleteActionForStep  on  class Mock for WfActionAjax, hashCode: 2079774015
 Command ::  add  on  class Mock for WfActionAjax, hashCode: 2079774015
 Command ::  action  on  class Mock for WfActionAjax, hashCode: 2079774015
 Command ::  reorder  on  class Mock for WfActionAjax, hashCode: 2079774015
 Command ::  delete  on  class Mock for WfActionAjax, hashCode: 2079774015
 Command ::  save  on  class Mock for WfActionAjax, hashCode: 2079774015
 Command ::  action  on  class Mock for WfTaskAjax, hashCode: 563794979
 Command ::  executeActions  on  class Mock for WfTaskAjax, hashCode: 563794979
 Command ::  executeAction  on  class Mock for WfTaskAjax, hashCode: 563794979
 Command ::  rolesToJson  on  class Mock for WfRoleStoreAjax, hashCode: 1507557424
 Command ::  assignable  on  class Mock for WfRoleStoreAjax, hashCode: 1507557424
 Command ::  action  on  class Mock for WfRoleStoreAjax, hashCode: 1507557424
 Command ::  action  on  class Mock for WfSchemeAjax, hashCode: 803854087
 Command ::  save  on  class Mock for WfSchemeAjax, hashCode: 803854087
]]></system-out>
  <system-err><![CDATA[]]></system-err>
</testsuite>
