<?xml version="1.0" encoding="UTF-8"?>
<testsuite name="com.dotmarketing.portlets.workflows.ajax.WfBaseActionTest" tests="3" skipped="0" failures="0" errors="0" timestamp="2023-07-17T18:04:23" hostname="fv-az455-56" time="0.258">
  <properties/>
  <testcase name="TestOnNullCallTheDefaultCommand" classname="com.dotmarketing.portlets.workflows.ajax.WfBaseActionTest" time="0.201"/>
  <testcase name="TestNotAllowedCommands" classname="com.dotmarketing.portlets.workflows.ajax.WfBaseActionTest" time="0.024"/>
  <testcase name="TestAllowedCommands" classname="com.dotmarketing.portlets.workflows.ajax.WfBaseActionTest" time="0.033"/>
  <system-out><![CDATA[ Command ::  forbiddenMethod  on  class Mock for WfSchemeAjax, hashCode: 1646992952
 Command ::  forbiddenMethod  on  class Mock for WfTaskAjax, hashCode: 821633067
 Command ::  forbiddenMethod  on  class Mock for WfRoleStoreAjax, hashCode: 1777984964
 Command ::  forbiddenMethod  on  class Mock for WfActionAjax, hashCode: 1800528393
 Command ::  forbiddenMethod  on  class Mock for WfActionClassAjax, hashCode: 1375683505
 Command ::  action  on  class Mock for WfSchemeAjax, hashCode: 614173386
 Command ::  save  on  class Mock for WfSchemeAjax, hashCode: 614173386
 Command ::  action  on  class Mock for WfTaskAjax, hashCode: 178454680
 Command ::  executeActions  on  class Mock for WfTaskAjax, hashCode: 178454680
 Command ::  executeAction  on  class Mock for WfTaskAjax, hashCode: 178454680
 Command ::  assignable  on  class Mock for WfRoleStoreAjax, hashCode: 824452151
 Command ::  action  on  class Mock for WfRoleStoreAjax, hashCode: 824452151
 Command ::  rolesToJson  on  class Mock for WfRoleStoreAjax, hashCode: 824452151
 Command ::  add  on  class Mock for WfActionAjax, hashCode: 898624567
 Command ::  action  on  class Mock for WfActionAjax, hashCode: 898624567
 Command ::  reorder  on  class Mock for WfActionAjax, hashCode: 898624567
 Command ::  delete  on  class Mock for WfActionAjax, hashCode: 898624567
 Command ::  save  on  class Mock for WfActionAjax, hashCode: 898624567
 Command ::  deleteActionForStep  on  class Mock for WfActionAjax, hashCode: 898624567
 Command ::  reorder  on  class Mock for WfActionClassAjax, hashCode: 1608929643
 Command ::  action  on  class Mock for WfActionClassAjax, hashCode: 1608929643
 Command ::  add  on  class Mock for WfActionClassAjax, hashCode: 1608929643
 Command ::  save  on  class Mock for WfActionClassAjax, hashCode: 1608929643
 Command ::  delete  on  class Mock for WfActionClassAjax, hashCode: 1608929643
]]></system-out>
  <system-err><![CDATA[]]></system-err>
</testsuite>
