<?xml version="1.0" encoding="UTF-8"?>
<testsuite name="com.dotmarketing.portlets.workflows.ajax.WfBaseActionTest" tests="3" skipped="0" failures="0" errors="0" timestamp="2023-06-27T20:15:12" hostname="fv-az612-160" time="0.305">
  <properties/>
  <testcase name="TestOnNullCallTheDefaultCommand" classname="com.dotmarketing.portlets.workflows.ajax.WfBaseActionTest" time="0.257"/>
  <testcase name="TestNotAllowedCommands" classname="com.dotmarketing.portlets.workflows.ajax.WfBaseActionTest" time="0.014"/>
  <testcase name="TestAllowedCommands" classname="com.dotmarketing.portlets.workflows.ajax.WfBaseActionTest" time="0.033"/>
  <system-out><![CDATA[ Command ::  forbiddenMethod  on  class Mock for WfSchemeAjax, hashCode: 1800764039
 Command ::  forbiddenMethod  on  class Mock for WfActionClassAjax, hashCode: 1016338739
 Command ::  forbiddenMethod  on  class Mock for WfRoleStoreAjax, hashCode: 93812742
 Command ::  forbiddenMethod  on  class Mock for WfTaskAjax, hashCode: 2006244870
 Command ::  forbiddenMethod  on  class Mock for WfActionAjax, hashCode: 968911181
 Command ::  save  on  class Mock for WfSchemeAjax, hashCode: 723332985
 Command ::  action  on  class Mock for WfSchemeAjax, hashCode: 723332985
 Command ::  add  on  class Mock for WfActionClassAjax, hashCode: 1577022735
 Command ::  action  on  class Mock for WfActionClassAjax, hashCode: 1577022735
 Command ::  reorder  on  class Mock for WfActionClassAjax, hashCode: 1577022735
 Command ::  delete  on  class Mock for WfActionClassAjax, hashCode: 1577022735
 Command ::  save  on  class Mock for WfActionClassAjax, hashCode: 1577022735
 Command ::  assignable  on  class Mock for WfRoleStoreAjax, hashCode: 206747252
 Command ::  rolesToJson  on  class Mock for WfRoleStoreAjax, hashCode: 206747252
 Command ::  action  on  class Mock for WfRoleStoreAjax, hashCode: 206747252
 Command ::  executeAction  on  class Mock for WfTaskAjax, hashCode: 66796241
 Command ::  executeActions  on  class Mock for WfTaskAjax, hashCode: 66796241
 Command ::  action  on  class Mock for WfTaskAjax, hashCode: 66796241
 Command ::  add  on  class Mock for WfActionAjax, hashCode: 482806069
 Command ::  deleteActionForStep  on  class Mock for WfActionAjax, hashCode: 482806069
 Command ::  save  on  class Mock for WfActionAjax, hashCode: 482806069
 Command ::  delete  on  class Mock for WfActionAjax, hashCode: 482806069
 Command ::  reorder  on  class Mock for WfActionAjax, hashCode: 482806069
 Command ::  action  on  class Mock for WfActionAjax, hashCode: 482806069
]]></system-out>
  <system-err><![CDATA[]]></system-err>
</testsuite>
