<?xml version="1.0" encoding="UTF-8"?>
<testsuite name="com.dotcms.timemachine.ajax.TimeMachineAjaxActionTest" tests="1" skipped="0" failures="0" errors="0" timestamp="2023-06-27T16:45:34" hostname="fv-az206-664" time="0.018">
  <properties/>
  <testcase name="testGenerateNotification" classname="com.dotcms.timemachine.ajax.TimeMachineAjaxActionTest" time="0.018"/>
  <system-out><![CDATA[]]></system-out>
  <system-err><![CDATA[]]></system-err>
</testsuite>
