<?xml version="1.0" encoding="UTF-8"?>
<testsuite name="com.dotcms.rest.api.v1.authentication.LogoutResourceTest" tests="1" skipped="0" failures="0" errors="0" timestamp="2023-06-27T18:36:22" hostname="fv-az189-858" time="0.002">
  <properties/>
  <testcase name="testLogout" classname="com.dotcms.rest.api.v1.authentication.LogoutResourceTest" time="0.002"/>
  <system-out><![CDATA[]]></system-out>
  <system-err><![CDATA[]]></system-err>
</testsuite>
