<?xml version="1.0" encoding="UTF-8"?>
<testsuite name="com.dotcms.auth.providers.jwt.factories.SecretKeySpecFactoryTest" tests="1" skipped="0" failures="0" errors="0" timestamp="2023-07-18T20:40:34" hostname="fv-az442-494" time="1.408">
  <properties/>
  <testcase name="readAndPrepareSecret" classname="com.dotcms.auth.providers.jwt.factories.SecretKeySpecFactoryTest" time="1.408"/>
  <system-out><![CDATA[66e22b0e2115d02eb39d0c5b7101f5a47f04cd3219e8d5c8bbb7b12a05adff54e3ee2098332af43b5a7d2b8db4c06031cc9c34831b1529c97c995eaf2525dd6c
MySecretKey2
MySecretKey3
MySecretKey3
85da259e9867b55318a08e6eb2075ec28de6663991cb4ceb6c670bac3066014e22cfbff200d05d9778a811dacd26677b51d435410b701395b5a18036e51d65a8
09713817e1a508185a5ea91fcb9d578d511555af2f57c5f07f19c9676c21459de8d595949f6cb099302966674783b53c413c21cdc11379defe8a393c0d901842
d59e8bba27ec4491d8028c44b6a120c51ee27cfc231592c80faf7861050d7e4ffc42c7ca67b751268c95c6721f44a2d8f0520d202d9100ed4056fa3cbd34b00f
]]></system-out>
  <system-err><![CDATA[]]></system-err>
</testsuite>
