<?xml version="1.0" encoding="UTF-8"?>
<testsuite name="com.dotcms.auth.providers.jwt.factories.SecretKeySpecFactoryTest" tests="1" skipped="0" failures="0" errors="0" timestamp="2023-07-11T20:13:31" hostname="fv-az620-40" time="1.516">
  <properties/>
  <testcase name="readAndPrepareSecret" classname="com.dotcms.auth.providers.jwt.factories.SecretKeySpecFactoryTest" time="1.516"/>
  <system-out><![CDATA[62fe39cd8c7cb5953ebe0fa4796ba270bdfaac5695af4ef25d485e049e827e7ea7ac78787be065acaa4472db4db97b270ec21a243f675a85af5a9df9de7382d9
MySecretKey2
MySecretKey3
MySecretKey3
68ae8d375b55fce4db99d835a4c5f1d74a9834b925ff070e5521f0524ea783f24cd73a8f7923d449c5338466a8546ed97838235df3be86a010ffb2c2a75c0b99
7fa3a63b61cc8731b3b70f33f5b4a0a55fcc60cc075da60d402bb718f003e922efaca5fae106f1887c6e857a878a0a6d95b2494bbf111163b029077ce175ec1c
298a528c41749152d799933e7bfddac52eaabaee8ec3008d4335c9d1759f6ceccff4629561e3bff0b60c5c6f7e4ef9670aa4ff6ea5bfd099dea25218f9ca7455
]]></system-out>
  <system-err><![CDATA[]]></system-err>
</testsuite>
