<?xml version="1.0" encoding="UTF-8"?>
<testsuite name="com.dotmarketing.portlets.osgi.AJAX.OSGIBaseAJAXTest" tests="3" skipped="0" failures="0" errors="0" timestamp="2023-06-29T01:21:24" hostname="fv-az1259-857" time="0.044">
  <properties/>
  <testcase name="TestOnNullCallTheDefaultCommand" classname="com.dotmarketing.portlets.osgi.AJAX.OSGIBaseAJAXTest" time="0.03"/>
  <testcase name="TestNotAllowedCommands" classname="com.dotmarketing.portlets.osgi.AJAX.OSGIBaseAJAXTest" time="0.003"/>
  <testcase name="TestAllowedCommands" classname="com.dotmarketing.portlets.osgi.AJAX.OSGIBaseAJAXTest" time="0.011"/>
  <system-out><![CDATA[ Command ::  forbiddenMethod  on  class Mock for OSGIAJAX, hashCode: 1753454067
 Command ::  undeploy  on  class Mock for OSGIAJAX, hashCode: 1256115664
 Command ::  modifyExtraPackages  on  class Mock for OSGIAJAX, hashCode: 1256115664
 Command ::  deploy  on  class Mock for OSGIAJAX, hashCode: 1256115664
 Command ::  remove  on  class Mock for OSGIAJAX, hashCode: 1256115664
 Command ::  getExtraPackages  on  class Mock for OSGIAJAX, hashCode: 1256115664
 Command ::  action  on  class Mock for OSGIAJAX, hashCode: 1256115664
 Command ::  restart  on  class Mock for OSGIAJAX, hashCode: 1256115664
 Command ::  start  on  class Mock for OSGIAJAX, hashCode: 1256115664
 Command ::  add  on  class Mock for OSGIAJAX, hashCode: 1256115664
 Command ::  stop  on  class Mock for OSGIAJAX, hashCode: 1256115664
]]></system-out>
  <system-err><![CDATA[]]></system-err>
</testsuite>
