<?xml version="1.0" encoding="UTF-8"?>
<testsuite name="com.dotmarketing.common.reindex.ReindexThreadUnitTest" tests="1" skipped="0" failures="0" errors="0" timestamp="2023-07-11T16:31:15" hostname="fv-az206-849" time="0.078">
  <properties/>
  <testcase name="testGenerateNotification" classname="com.dotmarketing.common.reindex.ReindexThreadUnitTest" time="0.078"/>
  <system-out><![CDATA[]]></system-out>
  <system-err><![CDATA[]]></system-err>
</testsuite>
