<?xml version="1.0" encoding="UTF-8"?>
<testsuite name="com.dotcms.auth.providers.jwt.factories.SecretKeySpecFactoryTest" tests="1" skipped="0" failures="0" errors="0" timestamp="2023-07-17T18:56:58" hostname="fv-az1256-342" time="1.412">
  <properties/>
  <testcase name="readAndPrepareSecret" classname="com.dotcms.auth.providers.jwt.factories.SecretKeySpecFactoryTest" time="1.412"/>
  <system-out><![CDATA[6fc25ad89c65eafd936aa26ff49b0d37757b513e84943aeaec96f53300e929d5127d7f1c9cf908e30ba03e73a8401f190f8b376ddf39b10a6b56f0d5c44aec0e
MySecretKey2
MySecretKey3
MySecretKey3
90c5b5bdc8dcb685b28acc012fb0b4e35a22ad90ca91a57767ebf0e9167f81656e848308540be8fd96a6bad5ccc1edceabfafd94f426ae3f6cd784020b18983d
441d496cbf279f0896fcb1dbbe0653a32cb733476d1565872fdd19509cbb21222e9ee3740aa63ff12690edc97ff9a81a4b6edcb123ade161a595ad435104606e
277d169ffeed381e29499eb63ae231aaf466cefbc28e3d6f1376cdc5759a6f6682d4b2f38410c4403b734b4afa211857e56df1855afa77772724f38d6dd3d817
]]></system-out>
  <system-err><![CDATA[]]></system-err>
</testsuite>
