<?xml version="1.0" encoding="UTF-8"?>
<testsuite name="com.dotcms.auth.providers.jwt.factories.SecretKeySpecFactoryTest" tests="1" skipped="0" failures="0" errors="0" timestamp="2023-06-30T18:56:05" hostname="fv-az442-656" time="1.393">
  <properties/>
  <testcase name="readAndPrepareSecret" classname="com.dotcms.auth.providers.jwt.factories.SecretKeySpecFactoryTest" time="1.393"/>
  <system-out><![CDATA[7aac683c4ae0ea026bc1865a1bf1e09f3c7bb154d8f74d8837324a04947532d93651cc34387c73a0224a48c5d4bb0a616178af0f0791f4ac77db58456901ee9d
MySecretKey2
MySecretKey3
MySecretKey3
d0da0d8b9c976d25ba382074d8343ab09b32ccd855c511eea7d35c4bfb9f9e1a37e87b3aeea28af0fe88ae9afcc5f773e928b6fac399d9cca6bdf0fa0fdaa88c
3b78bd3fb15196c557f8f9778c5b5afd1b4a7b353bbd924ede867cf9f8a3e180b007b641cd3008efc3d7b784f1833eaa86c0580ce27edb02f0e1e47b055489f9
7aa84fab663453d8eff0f3fe2045ec5e26ed777a8d2f340c172f4431d8868c9abb163d04a0a268eb82515bffdf1f842205d08fc9a2a7535f326bfbb58895425e
]]></system-out>
  <system-err><![CDATA[]]></system-err>
</testsuite>
