<?xml version="1.0" encoding="UTF-8"?>
<testsuite name="com.dotcms.util.diff.DiffCommandTest" tests="2" skipped="0" failures="0" errors="0" timestamp="2023-07-10T14:13:50" hostname="fv-az336-51" time="0.074">
  <properties/>
  <testcase name="applyDiff_Comparable" classname="com.dotcms.util.diff.DiffCommandTest" time="0.072"/>
  <testcase name="applyDiff_Differentiable" classname="com.dotcms.util.diff.DiffCommandTest" time="0.002"/>
  <system-out><![CDATA[{six=six, five=five}
{two=two}
{four=fourxxx, one=onexxx}
{six=com.dotcms.util.diff.DiffCommandTest$StringDifferentiable@55b6ac1, five=com.dotcms.util.diff.DiffCommandTest$StringDifferentiable@5fb54be4}
{two=com.dotcms.util.diff.DiffCommandTest$StringDifferentiable@b153761}
{four=com.dotcms.util.diff.DiffCommandTest$StringDifferentiable@57938458, one=com.dotcms.util.diff.DiffCommandTest$StringDifferentiable@9c0f109}
]]></system-out>
  <system-err><![CDATA[]]></system-err>
</testsuite>
