<?xml version="1.0" encoding="UTF-8"?>
<testsuite name="com.dotcms.auth.providers.jwt.factories.SecretKeySpecFactoryTest" tests="1" skipped="0" failures="0" errors="0" timestamp="2023-06-30T19:48:01" hostname="fv-az407-6" time="0.854">
  <properties/>
  <testcase name="readAndPrepareSecret" classname="com.dotcms.auth.providers.jwt.factories.SecretKeySpecFactoryTest" time="0.854"/>
  <system-out><![CDATA[efe9bcc4f38a7d67982ec5dfeac645b4ae3974faf697ec5de3b3ab4180d583cad0f8eeece272837545c31b2dcf16689181bacdbd1950445c9715a626eba1b075
MySecretKey2
MySecretKey3
MySecretKey3
6b438df923e14901214d78b0f232ee773e1a3bfc96537e760778863dcd8687a8b007d41741ee626d36db6624835678a929df9e67eaddba6c1147c9c2d645066d
a1dbe4adeda2949aebb166f4c02e6207cf09b1314aec096d461bcfdb5fc45e9dc677bb9c1243bcaa6b87842cf7e048a8bd404273be51fb2b049cf6aef4b281f2
9c1e89d8b56ad1d6b62008fdabd06ada7058c8d0eb8c17ad34e79950c68544b5e3a22b9775ca7f3af1169cd0aec3c3882fc9df7e24456cf378b71fc3ce2d9241
]]></system-out>
  <system-err><![CDATA[]]></system-err>
</testsuite>
