<?xml version="1.0" encoding="UTF-8"?>
<testsuite name="com.dotmarketing.portlets.workflows.ajax.WfBaseActionTest" tests="3" skipped="0" failures="0" errors="0" timestamp="2023-07-17T13:34:29" hostname="fv-az1256-342" time="0.183">
  <properties/>
  <testcase name="TestOnNullCallTheDefaultCommand" classname="com.dotmarketing.portlets.workflows.ajax.WfBaseActionTest" time="0.152"/>
  <testcase name="TestNotAllowedCommands" classname="com.dotmarketing.portlets.workflows.ajax.WfBaseActionTest" time="0.013"/>
  <testcase name="TestAllowedCommands" classname="com.dotmarketing.portlets.workflows.ajax.WfBaseActionTest" time="0.017"/>
  <system-out><![CDATA[ Command ::  forbiddenMethod  on  class Mock for WfSchemeAjax, hashCode: 1762060216
 Command ::  forbiddenMethod  on  class Mock for WfTaskAjax, hashCode: 266640916
 Command ::  forbiddenMethod  on  class Mock for WfActionAjax, hashCode: 507561200
 Command ::  forbiddenMethod  on  class Mock for WfRoleStoreAjax, hashCode: 56093569
 Command ::  forbiddenMethod  on  class Mock for WfActionClassAjax, hashCode: 1977674511
 Command ::  save  on  class Mock for WfSchemeAjax, hashCode: 670316523
 Command ::  action  on  class Mock for WfSchemeAjax, hashCode: 670316523
 Command ::  action  on  class Mock for WfTaskAjax, hashCode: 1184545934
 Command ::  executeAction  on  class Mock for WfTaskAjax, hashCode: 1184545934
 Command ::  executeActions  on  class Mock for WfTaskAjax, hashCode: 1184545934
 Command ::  action  on  class Mock for WfActionAjax, hashCode: 1973054972
 Command ::  add  on  class Mock for WfActionAjax, hashCode: 1973054972
 Command ::  deleteActionForStep  on  class Mock for WfActionAjax, hashCode: 1973054972
 Command ::  save  on  class Mock for WfActionAjax, hashCode: 1973054972
 Command ::  delete  on  class Mock for WfActionAjax, hashCode: 1973054972
 Command ::  reorder  on  class Mock for WfActionAjax, hashCode: 1973054972
 Command ::  action  on  class Mock for WfRoleStoreAjax, hashCode: 2001102581
 Command ::  assignable  on  class Mock for WfRoleStoreAjax, hashCode: 2001102581
 Command ::  rolesToJson  on  class Mock for WfRoleStoreAjax, hashCode: 2001102581
 Command ::  delete  on  class Mock for WfActionClassAjax, hashCode: 563794979
 Command ::  save  on  class Mock for WfActionClassAjax, hashCode: 563794979
 Command ::  add  on  class Mock for WfActionClassAjax, hashCode: 563794979
 Command ::  action  on  class Mock for WfActionClassAjax, hashCode: 563794979
 Command ::  reorder  on  class Mock for WfActionClassAjax, hashCode: 563794979
]]></system-out>
  <system-err><![CDATA[]]></system-err>
</testsuite>
