<?xml version="1.0" encoding="UTF-8"?>
<testsuite name="com.liferay.util.ValidatorTest" tests="2" skipped="0" failures="0" errors="0" timestamp="2023-07-11T20:56:22" hostname="fv-az1109-242" time="0.004">
  <properties/>
  <testcase name="testInvalidEmails" classname="com.liferay.util.ValidatorTest" time="0.003"/>
  <testcase name="testValidEmails" classname="com.liferay.util.ValidatorTest" time="0.001"/>
  <system-out><![CDATA[]]></system-out>
  <system-err><![CDATA[]]></system-err>
</testsuite>
