<?xml version="1.0" encoding="UTF-8"?>
<testsuite name="com.dotcms.auth.providers.jwt.factories.SecretKeySpecFactoryTest" tests="1" skipped="0" failures="0" errors="0" timestamp="2023-07-12T18:53:33" hostname="fv-az412-903" time="1.929">
  <properties/>
  <testcase name="readAndPrepareSecret" classname="com.dotcms.auth.providers.jwt.factories.SecretKeySpecFactoryTest" time="1.929"/>
  <system-out><![CDATA[357ce0209c22eae685e157450ce7f13a149b03faecf87894f1295da6045c1a78f3be0681dbde826c8f373bcd94685161f3b8eda043fdc076c928973db06dce39
MySecretKey2
MySecretKey3
MySecretKey3
870c0142dd44cee0f4ab050ea7dade1586165bf7728f4e18a54a5dbb6f6266fab82dc5796d3d9a91b049a6961704aef951edb40822ce3c2e00185ce28faeedc2
c80b9c43f07f49d48ef96d789042372ee096c328f16e831620ad830f72b429ed0b18ba4f8a24f43d1ff70ef746fe7ce2531923f1bc68e5e972b30708eb445647
d8e75c6303d3a5152076675b9ded074b1fa19d09fa91e79d6ef9047f280c7047d064095366a5f6e42ce946c5a669e055ae305bdbfba6dafc213f7ed950d3af35
]]></system-out>
  <system-err><![CDATA[]]></system-err>
</testsuite>
