<?xml version="1.0" encoding="UTF-8"?>
<testsuite name="com.dotcms.util.pagination.SiteViewPaginatorUnitTest" tests="2" skipped="0" failures="0" errors="0" timestamp="2023-07-19T14:33:46" hostname="fv-az447-779" time="0.143">
  <properties/>
  <testcase name="Test_Get_Items_Sorted_Pages" classname="com.dotcms.util.pagination.SiteViewPaginatorUnitTest" time="0.105"/>
  <testcase name="Test_Get_Items_Page_Size" classname="com.dotcms.util.pagination.SiteViewPaginatorUnitTest" time="0.037"/>
  <system-out><![CDATA[SYSTEM_HOST
1
3
4
7
8
]]></system-out>
  <system-err><![CDATA[]]></system-err>
</testsuite>
