<?xml version="1.0" encoding="UTF-8"?>
<testsuite name="com.dotcms.util.diff.DiffCommandTest" tests="2" skipped="0" failures="0" errors="0" timestamp="2023-07-17T23:09:14" hostname="fv-az397-831" time="0.007">
  <properties/>
  <testcase name="applyDiff_Comparable" classname="com.dotcms.util.diff.DiffCommandTest" time="0.006"/>
  <testcase name="applyDiff_Differentiable" classname="com.dotcms.util.diff.DiffCommandTest" time="0.001"/>
  <system-out><![CDATA[{six=six, five=five}
{two=two}
{four=fourxxx, one=onexxx}
{six=com.dotcms.util.diff.DiffCommandTest$StringDifferentiable@63390697, five=com.dotcms.util.diff.DiffCommandTest$StringDifferentiable@775654ad}
{two=com.dotcms.util.diff.DiffCommandTest$StringDifferentiable@3ae9be8b}
{four=com.dotcms.util.diff.DiffCommandTest$StringDifferentiable@51cd8dc3, one=com.dotcms.util.diff.DiffCommandTest$StringDifferentiable@7a6b34d3}
]]></system-out>
  <system-err><![CDATA[]]></system-err>
</testsuite>
