<?xml version="1.0" encoding="UTF-8"?>
<testsuite name="com.dotcms.content.elasticsearch.util.ESUtilsTest" tests="1" skipped="0" failures="0" errors="0" timestamp="2023-07-08T03:58:43" hostname="fv-az1025-488" time="0.002">
  <properties/>
  <testcase name="test_escapeExcludingSlashIncludingSpace_method" classname="com.dotcms.content.elasticsearch.util.ESUtilsTest" time="0.002"/>
  <system-out><![CDATA[]]></system-out>
  <system-err><![CDATA[]]></system-err>
</testsuite>
