<?xml version="1.0" encoding="UTF-8"?>
<testsuite name="com.dotmarketing.portlets.osgi.AJAX.OSGIBaseAJAXTest" tests="3" skipped="0" failures="0" errors="0" timestamp="2023-06-27T16:10:57" hostname="fv-az255-852" time="0.06">
  <properties/>
  <testcase name="TestOnNullCallTheDefaultCommand" classname="com.dotmarketing.portlets.osgi.AJAX.OSGIBaseAJAXTest" time="0.043"/>
  <testcase name="TestNotAllowedCommands" classname="com.dotmarketing.portlets.osgi.AJAX.OSGIBaseAJAXTest" time="0.003"/>
  <testcase name="TestAllowedCommands" classname="com.dotmarketing.portlets.osgi.AJAX.OSGIBaseAJAXTest" time="0.014"/>
  <system-out><![CDATA[ Command ::  forbiddenMethod  on  class Mock for OSGIAJAX, hashCode: 938831048
 Command ::  restart  on  class Mock for OSGIAJAX, hashCode: 1174980663
 Command ::  start  on  class Mock for OSGIAJAX, hashCode: 1174980663
 Command ::  add  on  class Mock for OSGIAJAX, hashCode: 1174980663
 Command ::  stop  on  class Mock for OSGIAJAX, hashCode: 1174980663
 Command ::  undeploy  on  class Mock for OSGIAJAX, hashCode: 1174980663
 Command ::  modifyExtraPackages  on  class Mock for OSGIAJAX, hashCode: 1174980663
 Command ::  deploy  on  class Mock for OSGIAJAX, hashCode: 1174980663
 Command ::  remove  on  class Mock for OSGIAJAX, hashCode: 1174980663
 Command ::  getExtraPackages  on  class Mock for OSGIAJAX, hashCode: 1174980663
 Command ::  action  on  class Mock for OSGIAJAX, hashCode: 1174980663
]]></system-out>
  <system-err><![CDATA[]]></system-err>
</testsuite>
