<?xml version="1.0" encoding="UTF-8"?>
<testsuite name="com.dotmarketing.business.RelationshipAPIUnitTest" tests="2" skipped="0" failures="0" errors="0" timestamp="2023-07-13T15:58:06" hostname="fv-az178-328" time="0.028">
  <properties/>
  <testcase name="testSave_SelfRelationshipWithNonUniqueRelationTypeValue_ShouldThrowException" classname="com.dotmarketing.business.RelationshipAPIUnitTest" time="0.025"/>
  <testcase name="testSave_RelationshipWithNonUniqueRelationTypeValue_ShouldThrowException" classname="com.dotmarketing.business.RelationshipAPIUnitTest" time="0.002"/>
  <system-out><![CDATA[]]></system-out>
  <system-err><![CDATA[]]></system-err>
</testsuite>
