<?xml version="1.0" encoding="UTF-8"?>
<testsuite name="com.dotcms.util.pagination.SiteViewPaginatorUnitTest" tests="2" skipped="0" failures="0" errors="0" timestamp="2023-07-06T16:42:01" hostname="fv-az736-511" time="0.118">
  <properties/>
  <testcase name="Test_Get_Items_Sorted_Pages" classname="com.dotcms.util.pagination.SiteViewPaginatorUnitTest" time="0.076"/>
  <testcase name="Test_Get_Items_Page_Size" classname="com.dotcms.util.pagination.SiteViewPaginatorUnitTest" time="0.042"/>
  <system-out><![CDATA[SYSTEM_HOST
1
3
4
5
6
8
]]></system-out>
  <system-err><![CDATA[]]></system-err>
</testsuite>
