<?xml version="1.0" encoding="UTF-8"?>
<testsuite name="com.dotcms.analytics.helper.BayesianHelperTest" tests="3" skipped="0" failures="0" errors="0" timestamp="2023-07-17T23:06:42" hostname="fv-az397-831" time="0.273">
  <properties/>
  <testcase name="test_toBayesianInput_noDefault" classname="com.dotcms.analytics.helper.BayesianHelperTest" time="0.194"/>
  <testcase name="test_toBayesianInput_noTest" classname="com.dotcms.analytics.helper.BayesianHelperTest" time="0.063"/>
  <testcase name="test_toBayesianInput" classname="com.dotcms.analytics.helper.BayesianHelperTest" time="0.014"/>
  <system-out><![CDATA[]]></system-out>
  <system-err><![CDATA[]]></system-err>
</testsuite>
