<?xml version="1.0" encoding="UTF-8"?>
<testsuite name="com.dotcms.util.network.IPUtilsTest" tests="4" skipped="0" failures="0" errors="0" timestamp="2023-07-17T18:06:17" hostname="fv-az400-396" time="0.213">
  <properties/>
  <testcase name="test_false_cases" classname="com.dotcms.util.network.IPUtilsTest" time="0.005"/>
  <testcase name="test_ip_private_subnets" classname="com.dotcms.util.network.IPUtilsTest" time="0.015"/>
  <testcase name="test_true_cases" classname="com.dotcms.util.network.IPUtilsTest" time="0.007"/>
  <testcase name="test_ip_public_subnets" classname="com.dotcms.util.network.IPUtilsTest" time="0.186"/>
  <system-out><![CDATA[]]></system-out>
  <system-err><![CDATA[]]></system-err>
</testsuite>
