<?xml version="1.0" encoding="UTF-8"?>
<testsuite name="com.dotcms.auth.providers.jwt.factories.SecretKeySpecFactoryTest" tests="1" skipped="0" failures="0" errors="0" timestamp="2023-07-20T20:56:44" hostname="fv-az553-228" time="1.654">
  <properties/>
  <testcase name="readAndPrepareSecret" classname="com.dotcms.auth.providers.jwt.factories.SecretKeySpecFactoryTest" time="1.654"/>
  <system-out><![CDATA[90878c6470578bc34a1776fac7dc6dc66a960913b229d2e57f0ff68a6d7b60600a37aeaf708c9ba3b670d552f76fddd03e00a0da9c5107ca848c64f011a90c88
MySecretKey2
MySecretKey3
MySecretKey3
0603488bc3f5d21fc9c84dd2c0c7319c7257a2977e0e2673d1fa1b0f31d4ef1a2a36afef05fc9b66825a1dfb4cd7e0af592c44798b897a4fd3931417d6ee0a90
d4a4d0de487e0acbb1698d76b62810978e9af132147f3ce1d8e1a635e781d3a1746fb1229c1997272dee1fdb15a699b7905d5d3698c58a190d55e53ec96aaf72
859cab430cd4f4209b2f085403289b4df6544e847303c1036ff08ad00267a7a532d1397b298824e85bfe73b56b6e5cba079259f2247a32a41e67091acb3e2097
]]></system-out>
  <system-err><![CDATA[]]></system-err>
</testsuite>
