<?xml version="1.0" encoding="UTF-8"?>
<testsuite name="com.dotmarketing.portlets.workflows.ajax.WfBaseActionTest" tests="3" skipped="0" failures="0" errors="0" timestamp="2023-06-28T21:55:55" hostname="fv-az313-711" time="0.141">
  <properties/>
  <testcase name="TestOnNullCallTheDefaultCommand" classname="com.dotmarketing.portlets.workflows.ajax.WfBaseActionTest" time="0.106"/>
  <testcase name="TestNotAllowedCommands" classname="com.dotmarketing.portlets.workflows.ajax.WfBaseActionTest" time="0.019"/>
  <testcase name="TestAllowedCommands" classname="com.dotmarketing.portlets.workflows.ajax.WfBaseActionTest" time="0.015"/>
  <system-out><![CDATA[ Command ::  forbiddenMethod  on  class Mock for WfActionClassAjax, hashCode: 1943739560
 Command ::  forbiddenMethod  on  class Mock for WfRoleStoreAjax, hashCode: 854671904
 Command ::  forbiddenMethod  on  class Mock for WfSchemeAjax, hashCode: 1305185408
 Command ::  forbiddenMethod  on  class Mock for WfTaskAjax, hashCode: 343123756
 Command ::  forbiddenMethod  on  class Mock for WfActionAjax, hashCode: 345491262
 Command ::  save  on  class Mock for WfActionClassAjax, hashCode: 1770860877
 Command ::  add  on  class Mock for WfActionClassAjax, hashCode: 1770860877
 Command ::  action  on  class Mock for WfActionClassAjax, hashCode: 1770860877
 Command ::  reorder  on  class Mock for WfActionClassAjax, hashCode: 1770860877
 Command ::  delete  on  class Mock for WfActionClassAjax, hashCode: 1770860877
 Command ::  assignable  on  class Mock for WfRoleStoreAjax, hashCode: 1749307135
 Command ::  rolesToJson  on  class Mock for WfRoleStoreAjax, hashCode: 1749307135
 Command ::  action  on  class Mock for WfRoleStoreAjax, hashCode: 1749307135
 Command ::  save  on  class Mock for WfSchemeAjax, hashCode: 166326165
 Command ::  action  on  class Mock for WfSchemeAjax, hashCode: 166326165
 Command ::  executeAction  on  class Mock for WfTaskAjax, hashCode: 1650345517
 Command ::  executeActions  on  class Mock for WfTaskAjax, hashCode: 1650345517
 Command ::  action  on  class Mock for WfTaskAjax, hashCode: 1650345517
 Command ::  delete  on  class Mock for WfActionAjax, hashCode: 315013299
 Command ::  reorder  on  class Mock for WfActionAjax, hashCode: 315013299
 Command ::  action  on  class Mock for WfActionAjax, hashCode: 315013299
 Command ::  add  on  class Mock for WfActionAjax, hashCode: 315013299
 Command ::  deleteActionForStep  on  class Mock for WfActionAjax, hashCode: 315013299
 Command ::  save  on  class Mock for WfActionAjax, hashCode: 315013299
]]></system-out>
  <system-err><![CDATA[]]></system-err>
</testsuite>
