<?xml version="1.0" encoding="UTF-8"?>
<testsuite name="com.dotmarketing.portlets.osgi.AJAX.OSGIBaseAJAXTest" tests="3" skipped="0" failures="0" errors="0" timestamp="2023-07-11T21:17:16" hostname="fv-az255-202" time="0.068">
  <properties/>
  <testcase name="TestOnNullCallTheDefaultCommand" classname="com.dotmarketing.portlets.osgi.AJAX.OSGIBaseAJAXTest" time="0.049"/>
  <testcase name="TestNotAllowedCommands" classname="com.dotmarketing.portlets.osgi.AJAX.OSGIBaseAJAXTest" time="0.004"/>
  <testcase name="TestAllowedCommands" classname="com.dotmarketing.portlets.osgi.AJAX.OSGIBaseAJAXTest" time="0.015"/>
  <system-out><![CDATA[ Command ::  forbiddenMethod  on  class Mock for OSGIAJAX, hashCode: 485509194
 Command ::  stop  on  class Mock for OSGIAJAX, hashCode: 103925647
 Command ::  add  on  class Mock for OSGIAJAX, hashCode: 103925647
 Command ::  start  on  class Mock for OSGIAJAX, hashCode: 103925647
 Command ::  restart  on  class Mock for OSGIAJAX, hashCode: 103925647
 Command ::  action  on  class Mock for OSGIAJAX, hashCode: 103925647
 Command ::  getExtraPackages  on  class Mock for OSGIAJAX, hashCode: 103925647
 Command ::  remove  on  class Mock for OSGIAJAX, hashCode: 103925647
 Command ::  deploy  on  class Mock for OSGIAJAX, hashCode: 103925647
 Command ::  modifyExtraPackages  on  class Mock for OSGIAJAX, hashCode: 103925647
 Command ::  undeploy  on  class Mock for OSGIAJAX, hashCode: 103925647
]]></system-out>
  <system-err><![CDATA[]]></system-err>
</testsuite>
