<?xml version="1.0" encoding="UTF-8"?>
<testsuite name="com.dotcms.auth.providers.jwt.factories.SecretKeySpecFactoryTest" tests="1" skipped="0" failures="0" errors="0" timestamp="2023-06-30T20:09:41" hostname="fv-az456-372" time="1.892">
  <properties/>
  <testcase name="readAndPrepareSecret" classname="com.dotcms.auth.providers.jwt.factories.SecretKeySpecFactoryTest" time="1.892"/>
  <system-out><![CDATA[96c89551be236aa9aefaeb0f80b0430f09aea00faac6fd3f7e35ce23368dba81b914042655c0a3836913f5e9cd0210946a6fe4213b7664d88b6e848f0dfd2041
MySecretKey2
MySecretKey3
MySecretKey3
6d06032c7d135c731207f86cf0db14a0fc20e585ad84b72d72b3bcc2aacb85c065cc389be5b79589a659e29a07220c4b6bb1ef026cd9109de619f91ace33511c
38592e2b6ba516384aa15d853d5dce4bd3793138ef8d7d2d6acd1a93319a91eb85236af5fd1c48014f60be4f8444e98b4ab168aa3506b2c26d546382f4d0a4aa
ad2f6ffe6ddfaef9fa8b58808446bc93f415c9d74b7cec76195adce5871cee1f9b199b78c0be307f4d17fb1625d26c4adc4cd7e13eab5a95a67548b261dfccc9
]]></system-out>
  <system-err><![CDATA[]]></system-err>
</testsuite>
