<?xml version="1.0" encoding="UTF-8"?>
<testsuite name="com.dotmarketing.portlets.osgi.AJAX.OSGIBaseAJAXTest" tests="3" skipped="0" failures="0" errors="0" timestamp="2023-06-27T20:15:11" hostname="fv-az612-160" time="0.055">
  <properties/>
  <testcase name="TestOnNullCallTheDefaultCommand" classname="com.dotmarketing.portlets.osgi.AJAX.OSGIBaseAJAXTest" time="0.039"/>
  <testcase name="TestNotAllowedCommands" classname="com.dotmarketing.portlets.osgi.AJAX.OSGIBaseAJAXTest" time="0.002"/>
  <testcase name="TestAllowedCommands" classname="com.dotmarketing.portlets.osgi.AJAX.OSGIBaseAJAXTest" time="0.014"/>
  <system-out><![CDATA[ Command ::  forbiddenMethod  on  class Mock for OSGIAJAX, hashCode: 321792216
 Command ::  deploy  on  class Mock for OSGIAJAX, hashCode: 1217549420
 Command ::  remove  on  class Mock for OSGIAJAX, hashCode: 1217549420
 Command ::  getExtraPackages  on  class Mock for OSGIAJAX, hashCode: 1217549420
 Command ::  action  on  class Mock for OSGIAJAX, hashCode: 1217549420
 Command ::  restart  on  class Mock for OSGIAJAX, hashCode: 1217549420
 Command ::  start  on  class Mock for OSGIAJAX, hashCode: 1217549420
 Command ::  add  on  class Mock for OSGIAJAX, hashCode: 1217549420
 Command ::  stop  on  class Mock for OSGIAJAX, hashCode: 1217549420
 Command ::  undeploy  on  class Mock for OSGIAJAX, hashCode: 1217549420
 Command ::  modifyExtraPackages  on  class Mock for OSGIAJAX, hashCode: 1217549420
]]></system-out>
  <system-err><![CDATA[]]></system-err>
</testsuite>
