<?xml version="1.0" encoding="UTF-8"?>
<testsuite name="com.dotcms.util.FunctionUtilsTest" tests="5" skipped="0" failures="0" errors="0" timestamp="2023-07-11T17:33:06" hostname="fv-az586-284" time="0.013">
  <properties/>
  <testcase name="ifTrueTest" classname="com.dotcms.util.FunctionUtilsTest" time="0.007"/>
  <testcase name="ifElseTestWithValidOptional" classname="com.dotcms.util.FunctionUtilsTest" time="0.004"/>
  <testcase name="ifElseTestWithNullableOptional" classname="com.dotcms.util.FunctionUtilsTest" time="0.0"/>
  <testcase name="ifElseTest" classname="com.dotcms.util.FunctionUtilsTest" time="0.001"/>
  <testcase name="ifElseTestWithEmptyOptional" classname="com.dotcms.util.FunctionUtilsTest" time="0.001"/>
  <system-out><![CDATA[]]></system-out>
  <system-err><![CDATA[]]></system-err>
</testsuite>
