<?xml version="1.0" encoding="UTF-8"?>
<testsuite name="com.dotcms.util.pagination.SiteViewPaginatorUnitTest" tests="2" skipped="0" failures="0" errors="0" timestamp="2023-07-14T14:31:32" hostname="fv-az280-239" time="0.123">
  <properties/>
  <testcase name="Test_Get_Items_Sorted_Pages" classname="com.dotcms.util.pagination.SiteViewPaginatorUnitTest" time="0.081"/>
  <testcase name="Test_Get_Items_Page_Size" classname="com.dotcms.util.pagination.SiteViewPaginatorUnitTest" time="0.042"/>
  <system-out><![CDATA[SYSTEM_HOST
0
2
3
5
6
7
8
]]></system-out>
  <system-err><![CDATA[]]></system-err>
</testsuite>
