<?xml version="1.0" encoding="UTF-8"?>
<testsuite name="com.dotcms.translate.TranslationUtilTest" tests="5" skipped="0" failures="0" errors="0" timestamp="2023-07-10T20:00:58" hostname="fv-az437-589" time="0.004">
  <properties/>
  <testcase name="testFilterFields_FilterTypeDate_NullExclude" classname="com.dotcms.translate.TranslationUtilTest" time="0.002"/>
  <testcase name="testFilterFields_NullFilter_NullExclude" classname="com.dotcms.translate.TranslationUtilTest" time="0.0"/>
  <testcase name="testFilterFields_FilterTextTypes_NullExclude" classname="com.dotcms.translate.TranslationUtilTest" time="0.001"/>
  <testcase name="testFilterFields_FilterTypeDate_OneExclusion" classname="com.dotcms.translate.TranslationUtilTest" time="0.0"/>
  <testcase name="testFilterFields_FilterTypeDate_OneBadExclusion" classname="com.dotcms.translate.TranslationUtilTest" time="0.001"/>
  <system-out><![CDATA[]]></system-out>
  <system-err><![CDATA[]]></system-err>
</testsuite>
