<?xml version="1.0" encoding="UTF-8"?>
<testsuite name="com.dotcms.util.marshal.MarshalUtilsTest" tests="5" skipped="0" failures="0" errors="0" timestamp="2023-06-30T19:35:40" hostname="fv-az1104-758" time="0.093">
  <properties/>
  <testcase name="marshalSqlTimeTest" classname="com.dotcms.util.marshal.MarshalUtilsTest" time="0.06"/>
  <testcase name="metaDataMarshalTest" classname="com.dotcms.util.marshal.MarshalUtilsTest" time="0.003"/>
  <testcase name="marshalTest" classname="com.dotcms.util.marshal.MarshalUtilsTest" time="0.021"/>
  <testcase name="marshalTimeStampTest" classname="com.dotcms.util.marshal.MarshalUtilsTest" time="0.005"/>
  <testcase name="marshalSQLDateTest" classname="com.dotcms.util.marshal.MarshalUtilsTest" time="0.004"/>
  <system-out><![CDATA[{"companyId":"myCompany","lastModified":371030400000,"userId":"jsanca"}
{"companyId":"myCompany","lastModified":371030400000,"userId":"jsanca"}
{"companyId":"myCompany","lastModified":371030400000,"userId":"jsanca"}
{"companyId":"myCompany","lastModified":371030400000,"userId":"jsanca"}
]]></system-out>
  <system-err><![CDATA[]]></system-err>
</testsuite>
