<?xml version="1.0" encoding="UTF-8"?>
<testsuite name="com.dotcms.auth.providers.jwt.factories.SecretKeySpecFactoryTest" tests="1" skipped="0" failures="0" errors="0" timestamp="2023-06-30T20:41:20" hostname="fv-az589-574" time="1.291">
  <properties/>
  <testcase name="readAndPrepareSecret" classname="com.dotcms.auth.providers.jwt.factories.SecretKeySpecFactoryTest" time="1.291"/>
  <system-out><![CDATA[bea7ed630cad5ce97c8ee6e54bf6bd1f6657a6a718c0ac7b6cf1733fba43ed3f7d2cbfb3bf8f1e7c6f441c685407d69377e858235f649e1e3a1cf07db80083e7
MySecretKey2
MySecretKey3
MySecretKey3
c71196726f8b16502751aed728173202d4a54a66f037443867dd33612fb77a5b4c62b2afedcc6f7c91b448b509bf0bf0f2bdd7379a97f677f77ccfd2dc2dd8cd
40a717de4b26a3b5f656eae7c4aafb9e67f39f3c8b6287ae2096efc3552bfc8d19563fd63d289b51a7a7b33319bb1ff0977378b14d6fb7f7f96c047a4bd04915
aaf17ff5afa3eb79d49db58c395e607d5a93c36f008bf232aea2d7954897380b8d6d46d28c17f4e32fd72b11a7a59ea16c79e8b3fb7fa8d6cf57343faa493bbd
]]></system-out>
  <system-err><![CDATA[]]></system-err>
</testsuite>
