<?xml version="1.0" encoding="UTF-8"?>
<testsuite name="com.dotmarketing.portlets.workflows.ajax.WfBaseActionTest" tests="3" skipped="0" failures="0" errors="0" timestamp="2023-07-14T15:03:17" hostname="fv-az1236-819" time="0.236">
  <properties/>
  <testcase name="TestOnNullCallTheDefaultCommand" classname="com.dotmarketing.portlets.workflows.ajax.WfBaseActionTest" time="0.206"/>
  <testcase name="TestNotAllowedCommands" classname="com.dotmarketing.portlets.workflows.ajax.WfBaseActionTest" time="0.009"/>
  <testcase name="TestAllowedCommands" classname="com.dotmarketing.portlets.workflows.ajax.WfBaseActionTest" time="0.02"/>
  <system-out><![CDATA[ Command ::  forbiddenMethod  on  class Mock for WfRoleStoreAjax, hashCode: 1739626296
 Command ::  forbiddenMethod  on  class Mock for WfSchemeAjax, hashCode: 1858275745
 Command ::  forbiddenMethod  on  class Mock for WfActionClassAjax, hashCode: 1973663647
 Command ::  forbiddenMethod  on  class Mock for WfActionAjax, hashCode: 2014618147
 Command ::  forbiddenMethod  on  class Mock for WfTaskAjax, hashCode: 1235929792
 Command ::  action  on  class Mock for WfRoleStoreAjax, hashCode: 2064886327
 Command ::  assignable  on  class Mock for WfRoleStoreAjax, hashCode: 2064886327
 Command ::  rolesToJson  on  class Mock for WfRoleStoreAjax, hashCode: 2064886327
 Command ::  save  on  class Mock for WfSchemeAjax, hashCode: 697430012
 Command ::  action  on  class Mock for WfSchemeAjax, hashCode: 697430012
 Command ::  add  on  class Mock for WfActionClassAjax, hashCode: 822860112
 Command ::  action  on  class Mock for WfActionClassAjax, hashCode: 822860112
 Command ::  reorder  on  class Mock for WfActionClassAjax, hashCode: 822860112
 Command ::  delete  on  class Mock for WfActionClassAjax, hashCode: 822860112
 Command ::  save  on  class Mock for WfActionClassAjax, hashCode: 822860112
 Command ::  save  on  class Mock for WfActionAjax, hashCode: 1689488046
 Command ::  delete  on  class Mock for WfActionAjax, hashCode: 1689488046
 Command ::  reorder  on  class Mock for WfActionAjax, hashCode: 1689488046
 Command ::  action  on  class Mock for WfActionAjax, hashCode: 1689488046
 Command ::  add  on  class Mock for WfActionAjax, hashCode: 1689488046
 Command ::  deleteActionForStep  on  class Mock for WfActionAjax, hashCode: 1689488046
 Command ::  executeActions  on  class Mock for WfTaskAjax, hashCode: 738046130
 Command ::  action  on  class Mock for WfTaskAjax, hashCode: 738046130
 Command ::  executeAction  on  class Mock for WfTaskAjax, hashCode: 738046130
]]></system-out>
  <system-err><![CDATA[]]></system-err>
</testsuite>
