<?xml version="1.0" encoding="UTF-8"?>
<testsuite name="com.dotmarketing.portlets.osgi.AJAX.OSGIBaseAJAXTest" tests="3" skipped="0" failures="0" errors="0" timestamp="2023-07-07T15:29:41" hostname="fv-az629-417" time="0.053">
  <properties/>
  <testcase name="TestOnNullCallTheDefaultCommand" classname="com.dotmarketing.portlets.osgi.AJAX.OSGIBaseAJAXTest" time="0.037"/>
  <testcase name="TestNotAllowedCommands" classname="com.dotmarketing.portlets.osgi.AJAX.OSGIBaseAJAXTest" time="0.002"/>
  <testcase name="TestAllowedCommands" classname="com.dotmarketing.portlets.osgi.AJAX.OSGIBaseAJAXTest" time="0.014"/>
  <system-out><![CDATA[ Command ::  forbiddenMethod  on  class Mock for OSGIAJAX, hashCode: 531574446
 Command ::  stop  on  class Mock for OSGIAJAX, hashCode: 54630179
 Command ::  undeploy  on  class Mock for OSGIAJAX, hashCode: 54630179
 Command ::  modifyExtraPackages  on  class Mock for OSGIAJAX, hashCode: 54630179
 Command ::  deploy  on  class Mock for OSGIAJAX, hashCode: 54630179
 Command ::  remove  on  class Mock for OSGIAJAX, hashCode: 54630179
 Command ::  getExtraPackages  on  class Mock for OSGIAJAX, hashCode: 54630179
 Command ::  action  on  class Mock for OSGIAJAX, hashCode: 54630179
 Command ::  restart  on  class Mock for OSGIAJAX, hashCode: 54630179
 Command ::  start  on  class Mock for OSGIAJAX, hashCode: 54630179
 Command ::  add  on  class Mock for OSGIAJAX, hashCode: 54630179
]]></system-out>
  <system-err><![CDATA[]]></system-err>
</testsuite>
