<?xml version="1.0" encoding="UTF-8"?>
<testsuite name="com.liferay.util.ValidatorTest" tests="2" skipped="0" failures="0" errors="0" timestamp="2023-06-23T17:12:48" hostname="fv-az313-98" time="0.01">
  <properties/>
  <testcase name="testInvalidEmails" classname="com.liferay.util.ValidatorTest" time="0.001"/>
  <testcase name="testValidEmails" classname="com.liferay.util.ValidatorTest" time="0.009"/>
  <system-out><![CDATA[]]></system-out>
  <system-err><![CDATA[]]></system-err>
</testsuite>
