<?xml version="1.0" encoding="UTF-8"?>
<testsuite name="com.dotmarketing.portlets.rules.actionlet.SendRedirectActionletTest" tests="7" skipped="0" failures="0" errors="0" timestamp="2023-07-20T03:08:29" hostname="fv-az257-148" time="0.024">
  <properties/>
  <testcase name="testExecuteAction" classname="com.dotmarketing.portlets.rules.actionlet.SendRedirectActionletTest" time="0.019"/>
  <testcase name="testGeneralConfiguration" classname="com.dotmarketing.portlets.rules.actionlet.SendRedirectActionletTest" time="0.001"/>
  <testcase name="testValidateParameters[0: com.dotmarketing.portlets.rules.actionlet.SendRedirectActionletTest$SimpleUrlCase@754bb132]" classname="com.dotmarketing.portlets.rules.actionlet.SendRedirectActionletTest" time="0.003"/>
  <testcase name="testValidateParameters[1: com.dotmarketing.portlets.rules.actionlet.SendRedirectActionletTest$SimpleUrlCase@275eb6cd]" classname="com.dotmarketing.portlets.rules.actionlet.SendRedirectActionletTest" time="0.0"/>
  <testcase name="testValidateParameters[2: com.dotmarketing.portlets.rules.actionlet.SendRedirectActionletTest$SimpleUrlCase@3b1b4165]" classname="com.dotmarketing.portlets.rules.actionlet.SendRedirectActionletTest" time="0.0"/>
  <testcase name="testValidateParameters[3: com.dotmarketing.portlets.rules.actionlet.SendRedirectActionletTest$SimpleUrlCase@5d1255ab]" classname="com.dotmarketing.portlets.rules.actionlet.SendRedirectActionletTest" time="0.001"/>
  <testcase name="testValidateParameters[4: com.dotmarketing.portlets.rules.actionlet.SendRedirectActionletTest$SimpleUrlCase@75f8bd1a]" classname="com.dotmarketing.portlets.rules.actionlet.SendRedirectActionletTest" time="0.0"/>
  <system-out><![CDATA[]]></system-out>
  <system-err><![CDATA[]]></system-err>
</testsuite>
