<?xml version="1.0" encoding="UTF-8"?>
<testsuite name="com.dotcms.content.elasticsearch.business.ESContentletAPIHelperTest" tests="1" skipped="0" failures="0" errors="0" timestamp="2023-06-27T14:55:40" hostname="fv-az617-398" time="0.074">
  <properties/>
  <testcase name="testGenerateNotificationStartDeleting" classname="com.dotcms.content.elasticsearch.business.ESContentletAPIHelperTest" time="0.074"/>
  <system-out><![CDATA[]]></system-out>
  <system-err><![CDATA[]]></system-err>
</testsuite>
