<?xml version="1.0" encoding="UTF-8"?>
<testsuite name="com.dotmarketing.util.DNSUtilUnitTest" tests="3" skipped="0" failures="0" errors="0" timestamp="2023-06-28T02:42:47" hostname="fv-az1246-735" time="0.297">
  <properties/>
  <testcase name="notExistsIP" classname="com.dotmarketing.util.DNSUtilUnitTest" time="0.002"/>
  <testcase name="reverseDns" classname="com.dotmarketing.util.DNSUtilUnitTest" time="0.288"/>
  <testcase name="anyIP" classname="com.dotmarketing.util.DNSUtilUnitTest" time="0.007"/>
  <system-out><![CDATA[]]></system-out>
  <system-err><![CDATA[]]></system-err>
</testsuite>
