<?xml version="1.0" encoding="UTF-8"?>
<testsuite name="com.dotmarketing.portlets.osgi.AJAX.OSGIBaseAJAXTest" tests="3" skipped="0" failures="0" errors="0" timestamp="2023-07-17T15:25:04" hostname="fv-az1243-755" time="0.082">
  <properties/>
  <testcase name="TestOnNullCallTheDefaultCommand" classname="com.dotmarketing.portlets.osgi.AJAX.OSGIBaseAJAXTest" time="0.044"/>
  <testcase name="TestNotAllowedCommands" classname="com.dotmarketing.portlets.osgi.AJAX.OSGIBaseAJAXTest" time="0.007"/>
  <testcase name="TestAllowedCommands" classname="com.dotmarketing.portlets.osgi.AJAX.OSGIBaseAJAXTest" time="0.03"/>
  <system-out><![CDATA[ Command ::  forbiddenMethod  on  class Mock for OSGIAJAX, hashCode: 1119653893
 Command ::  getExtraPackages  on  class Mock for OSGIAJAX, hashCode: 132995846
 Command ::  remove  on  class Mock for OSGIAJAX, hashCode: 132995846
 Command ::  deploy  on  class Mock for OSGIAJAX, hashCode: 132995846
 Command ::  modifyExtraPackages  on  class Mock for OSGIAJAX, hashCode: 132995846
 Command ::  undeploy  on  class Mock for OSGIAJAX, hashCode: 132995846
 Command ::  stop  on  class Mock for OSGIAJAX, hashCode: 132995846
 Command ::  add  on  class Mock for OSGIAJAX, hashCode: 132995846
 Command ::  start  on  class Mock for OSGIAJAX, hashCode: 132995846
 Command ::  restart  on  class Mock for OSGIAJAX, hashCode: 132995846
 Command ::  action  on  class Mock for OSGIAJAX, hashCode: 132995846
]]></system-out>
  <system-err><![CDATA[]]></system-err>
</testsuite>
