<?xml version="1.0" encoding="UTF-8"?>
<testsuite name="com.dotmarketing.portlets.rules.actionlet.SendRedirectActionletTest" tests="7" skipped="0" failures="0" errors="0" timestamp="2023-06-27T02:50:12" hostname="fv-az455-779" time="0.032">
  <properties/>
  <testcase name="testExecuteAction" classname="com.dotmarketing.portlets.rules.actionlet.SendRedirectActionletTest" time="0.018"/>
  <testcase name="testGeneralConfiguration" classname="com.dotmarketing.portlets.rules.actionlet.SendRedirectActionletTest" time="0.0"/>
  <testcase name="testValidateParameters[0: com.dotmarketing.portlets.rules.actionlet.SendRedirectActionletTest$SimpleUrlCase@4cf3110d]" classname="com.dotmarketing.portlets.rules.actionlet.SendRedirectActionletTest" time="0.001"/>
  <testcase name="testValidateParameters[1: com.dotmarketing.portlets.rules.actionlet.SendRedirectActionletTest$SimpleUrlCase@554998e8]" classname="com.dotmarketing.portlets.rules.actionlet.SendRedirectActionletTest" time="0.0"/>
  <testcase name="testValidateParameters[2: com.dotmarketing.portlets.rules.actionlet.SendRedirectActionletTest$SimpleUrlCase@10b5c57b]" classname="com.dotmarketing.portlets.rules.actionlet.SendRedirectActionletTest" time="0.0"/>
  <testcase name="testValidateParameters[3: com.dotmarketing.portlets.rules.actionlet.SendRedirectActionletTest$SimpleUrlCase@1d2f0b98]" classname="com.dotmarketing.portlets.rules.actionlet.SendRedirectActionletTest" time="0.0"/>
  <testcase name="testValidateParameters[4: com.dotmarketing.portlets.rules.actionlet.SendRedirectActionletTest$SimpleUrlCase@49000a49]" classname="com.dotmarketing.portlets.rules.actionlet.SendRedirectActionletTest" time="0.001"/>
  <system-out><![CDATA[]]></system-out>
  <system-err><![CDATA[]]></system-err>
</testsuite>
