<?xml version="1.0" encoding="UTF-8"?>
<testsuite name="com.dotcms.auth.providers.jwt.factories.SecretKeySpecFactoryTest" tests="1" skipped="0" failures="0" errors="0" timestamp="2023-06-29T23:03:19" hostname="fv-az614-79" time="1.372">
  <properties/>
  <testcase name="readAndPrepareSecret" classname="com.dotcms.auth.providers.jwt.factories.SecretKeySpecFactoryTest" time="1.372"/>
  <system-out><![CDATA[36f1b7edf123423054694787362cf921aa6964d5ffc5c12f05e00f3d96f2257c0ac0ceecc0ac2f5e37ed6154de57c0ac90cb273059dc539f062229730db9bc86
MySecretKey2
MySecretKey3
MySecretKey3
f340d2165af807a9c62eeaaa4f40868319d1388ae16e7b1567405d3e6b3d0213e665142ac6476ef9e3770896abb2c281b247aa68169ffb9e48af05623dc2b30f
9e3d9847c42f925801be616b090876ada8b1f0919ee3fa27067235ff4d5ea7cf7a293711b552ebe8bd892620995bbabf8c9c058577d1150311666a3f0d0856c3
e6353f6de324ad66e36a9634688e456661c61689068f0f852e8eb2e3def478e003a0c69047543393808a71d67041dad21cc93c32de0773994635a875f0950da1
]]></system-out>
  <system-err><![CDATA[]]></system-err>
</testsuite>
