<?xml version="1.0" encoding="UTF-8"?>
<testsuite name="com.dotcms.util.DbExporterUtilTest" tests="4" skipped="0" failures="0" errors="0" timestamp="2023-06-30T17:16:42" hostname="fv-az578-307" time="0.165">
  <properties/>
  <testcase name="test_finding_executables" classname="com.dotcms.util.DbExporterUtilTest" time="0.098"/>
  <testcase name="test_copy_pgdump" classname="com.dotcms.util.DbExporterUtilTest" time="0.013"/>
  <testcase name="test_arch_lookup" classname="com.dotcms.util.DbExporterUtilTest" time="0.0"/>
  <testcase name="test_getting_pg_dumps_path" classname="com.dotcms.util.DbExporterUtilTest" time="0.053"/>
  <system-out><![CDATA[]]></system-out>
  <system-err><![CDATA[]]></system-err>
</testsuite>
