<?xml version="1.0" encoding="UTF-8"?>
<testsuite name="com.dotcms.util.diff.DiffCommandTest" tests="2" skipped="0" failures="0" errors="0" timestamp="2023-07-21T22:16:58" hostname="fv-az244-479" time="0.007">
  <properties/>
  <testcase name="applyDiff_Comparable" classname="com.dotcms.util.diff.DiffCommandTest" time="0.005"/>
  <testcase name="applyDiff_Differentiable" classname="com.dotcms.util.diff.DiffCommandTest" time="0.002"/>
  <system-out><![CDATA[{six=six, five=five}
{two=two}
{four=fourxxx, one=onexxx}
{six=com.dotcms.util.diff.DiffCommandTest$StringDifferentiable@2dff4836, five=com.dotcms.util.diff.DiffCommandTest$StringDifferentiable@2b94416d}
{two=com.dotcms.util.diff.DiffCommandTest$StringDifferentiable@f9ac564}
{four=com.dotcms.util.diff.DiffCommandTest$StringDifferentiable@58360c36, one=com.dotcms.util.diff.DiffCommandTest$StringDifferentiable@f5f51fe}
]]></system-out>
  <system-err><![CDATA[]]></system-err>
</testsuite>
