<?xml version="1.0" encoding="UTF-8"?>
<testsuite name="com.liferay.util.MathUtilTest" tests="1" skipped="0" failures="0" errors="0" timestamp="2023-06-26T18:10:47" hostname="fv-az646-389" time="0.005">
  <properties/>
  <testcase name="testHappyPath" classname="com.liferay.util.MathUtilTest" time="0.005"/>
  <system-out><![CDATA[]]></system-out>
  <system-err><![CDATA[]]></system-err>
</testsuite>
