<?xml version="1.0" encoding="UTF-8"?>
<testsuite name="com.dotcms.rendering.velocity.viewtools.dotcache.DotCacheToolTest" tests="5" skipped="0" failures="0" errors="0" timestamp="2023-07-21T02:44:54" hostname="fv-az398-443" time="4.911">
  <properties/>
  <testcase name="test_remove" classname="com.dotcms.rendering.velocity.viewtools.dotcache.DotCacheToolTest" time="1.204"/>
  <testcase name="test_putDebounce" classname="com.dotcms.rendering.velocity.viewtools.dotcache.DotCacheToolTest" time="1.203"/>
  <testcase name="test_cache_TTL_0" classname="com.dotcms.rendering.velocity.viewtools.dotcache.DotCacheToolTest" time="0.001"/>
  <testcase name="test_cache_TTL_2" classname="com.dotcms.rendering.velocity.viewtools.dotcache.DotCacheToolTest" time="2.502"/>
  <testcase name="test_cache_clear" classname="com.dotcms.rendering.velocity.viewtools.dotcache.DotCacheToolTest" time="0.0"/>
  <system-out><![CDATA[]]></system-out>
  <system-err><![CDATA[]]></system-err>
</testsuite>
