<?xml version="1.0" encoding="UTF-8"?>
<testsuite name="com.dotcms.util.diff.DiffCommandTest" tests="2" skipped="0" failures="0" errors="0" timestamp="2023-06-29T19:23:29" hostname="fv-az397-405" time="0.009">
  <properties/>
  <testcase name="applyDiff_Comparable" classname="com.dotcms.util.diff.DiffCommandTest" time="0.009"/>
  <testcase name="applyDiff_Differentiable" classname="com.dotcms.util.diff.DiffCommandTest" time="0.0"/>
  <system-out><![CDATA[{six=six, five=five}
{two=two}
{four=fourxxx, one=onexxx}
{six=com.dotcms.util.diff.DiffCommandTest$StringDifferentiable@3d818c39, five=com.dotcms.util.diff.DiffCommandTest$StringDifferentiable@7a6e4000}
{two=com.dotcms.util.diff.DiffCommandTest$StringDifferentiable@9d57cec}
{four=com.dotcms.util.diff.DiffCommandTest$StringDifferentiable@5ea8ab76, one=com.dotcms.util.diff.DiffCommandTest$StringDifferentiable@6ff904de}
]]></system-out>
  <system-err><![CDATA[]]></system-err>
</testsuite>
