<?xml version="1.0" encoding="UTF-8"?>
<testsuite name="com.dotmarketing.portlets.workflows.ajax.WfBaseActionTest" tests="3" skipped="0" failures="0" errors="0" timestamp="2023-06-29T16:44:14" hostname="fv-az502-91" time="0.3">
  <properties/>
  <testcase name="TestOnNullCallTheDefaultCommand" classname="com.dotmarketing.portlets.workflows.ajax.WfBaseActionTest" time="0.25"/>
  <testcase name="TestNotAllowedCommands" classname="com.dotmarketing.portlets.workflows.ajax.WfBaseActionTest" time="0.021"/>
  <testcase name="TestAllowedCommands" classname="com.dotmarketing.portlets.workflows.ajax.WfBaseActionTest" time="0.028"/>
  <system-out><![CDATA[ Command ::  forbiddenMethod  on  class Mock for WfTaskAjax, hashCode: 206747252
 Command ::  forbiddenMethod  on  class Mock for WfActionAjax, hashCode: 66796241
 Command ::  forbiddenMethod  on  class Mock for WfRoleStoreAjax, hashCode: 1304974817
 Command ::  forbiddenMethod  on  class Mock for WfActionClassAjax, hashCode: 1177589198
 Command ::  forbiddenMethod  on  class Mock for WfSchemeAjax, hashCode: 418989507
 Command ::  action  on  class Mock for WfTaskAjax, hashCode: 2123306473
 Command ::  executeAction  on  class Mock for WfTaskAjax, hashCode: 2123306473
 Command ::  executeActions  on  class Mock for WfTaskAjax, hashCode: 2123306473
 Command ::  reorder  on  class Mock for WfActionAjax, hashCode: 399888927
 Command ::  action  on  class Mock for WfActionAjax, hashCode: 399888927
 Command ::  add  on  class Mock for WfActionAjax, hashCode: 399888927
 Command ::  deleteActionForStep  on  class Mock for WfActionAjax, hashCode: 399888927
 Command ::  save  on  class Mock for WfActionAjax, hashCode: 399888927
 Command ::  delete  on  class Mock for WfActionAjax, hashCode: 399888927
 Command ::  action  on  class Mock for WfRoleStoreAjax, hashCode: 1524061919
 Command ::  assignable  on  class Mock for WfRoleStoreAjax, hashCode: 1524061919
 Command ::  rolesToJson  on  class Mock for WfRoleStoreAjax, hashCode: 1524061919
 Command ::  reorder  on  class Mock for WfActionClassAjax, hashCode: 201727035
 Command ::  delete  on  class Mock for WfActionClassAjax, hashCode: 201727035
 Command ::  save  on  class Mock for WfActionClassAjax, hashCode: 201727035
 Command ::  add  on  class Mock for WfActionClassAjax, hashCode: 201727035
 Command ::  action  on  class Mock for WfActionClassAjax, hashCode: 201727035
 Command ::  save  on  class Mock for WfSchemeAjax, hashCode: 1340609224
 Command ::  action  on  class Mock for WfSchemeAjax, hashCode: 1340609224
]]></system-out>
  <system-err><![CDATA[]]></system-err>
</testsuite>
