<?xml version="1.0" encoding="UTF-8"?>
<testsuite name="com.dotmarketing.portlets.workflows.ajax.WfBaseActionTest" tests="3" skipped="0" failures="0" errors="0" timestamp="2023-07-13T20:39:12" hostname="fv-az955-629" time="0.231">
  <properties/>
  <testcase name="TestOnNullCallTheDefaultCommand" classname="com.dotmarketing.portlets.workflows.ajax.WfBaseActionTest" time="0.177"/>
  <testcase name="TestNotAllowedCommands" classname="com.dotmarketing.portlets.workflows.ajax.WfBaseActionTest" time="0.019"/>
  <testcase name="TestAllowedCommands" classname="com.dotmarketing.portlets.workflows.ajax.WfBaseActionTest" time="0.035"/>
  <system-out><![CDATA[ Command ::  forbiddenMethod  on  class Mock for WfRoleStoreAjax, hashCode: 1084879513
 Command ::  forbiddenMethod  on  class Mock for WfSchemeAjax, hashCode: 1099762186
 Command ::  forbiddenMethod  on  class Mock for WfActionClassAjax, hashCode: 298440450
 Command ::  forbiddenMethod  on  class Mock for WfTaskAjax, hashCode: 824911933
 Command ::  forbiddenMethod  on  class Mock for WfActionAjax, hashCode: 774194593
 Command ::  action  on  class Mock for WfRoleStoreAjax, hashCode: 603902861
 Command ::  assignable  on  class Mock for WfRoleStoreAjax, hashCode: 603902861
 Command ::  rolesToJson  on  class Mock for WfRoleStoreAjax, hashCode: 603902861
 Command ::  save  on  class Mock for WfSchemeAjax, hashCode: 163391416
 Command ::  action  on  class Mock for WfSchemeAjax, hashCode: 163391416
 Command ::  action  on  class Mock for WfActionClassAjax, hashCode: 1960746771
 Command ::  reorder  on  class Mock for WfActionClassAjax, hashCode: 1960746771
 Command ::  delete  on  class Mock for WfActionClassAjax, hashCode: 1960746771
 Command ::  save  on  class Mock for WfActionClassAjax, hashCode: 1960746771
 Command ::  add  on  class Mock for WfActionClassAjax, hashCode: 1960746771
 Command ::  executeActions  on  class Mock for WfTaskAjax, hashCode: 972320605
 Command ::  action  on  class Mock for WfTaskAjax, hashCode: 972320605
 Command ::  executeAction  on  class Mock for WfTaskAjax, hashCode: 972320605
 Command ::  save  on  class Mock for WfActionAjax, hashCode: 730816979
 Command ::  delete  on  class Mock for WfActionAjax, hashCode: 730816979
 Command ::  reorder  on  class Mock for WfActionAjax, hashCode: 730816979
 Command ::  action  on  class Mock for WfActionAjax, hashCode: 730816979
 Command ::  add  on  class Mock for WfActionAjax, hashCode: 730816979
 Command ::  deleteActionForStep  on  class Mock for WfActionAjax, hashCode: 730816979
]]></system-out>
  <system-err><![CDATA[]]></system-err>
</testsuite>
