<?xml version="1.0" encoding="UTF-8"?>
<testsuite name="com.dotmarketing.image.filter.SVGImageReadingTest" tests="1" skipped="0" failures="0" errors="0" timestamp="2023-07-17T21:38:40" hostname="fv-az401-175" time="1.838">
  <properties/>
  <testcase name="Test_Embedded_SVG_Readability_Good_Image" classname="com.dotmarketing.image.filter.SVGImageReadingTest" time="1.838"/>
  <system-out><![CDATA[]]></system-out>
  <system-err><![CDATA[]]></system-err>
</testsuite>
