<?xml version="1.0" encoding="UTF-8"?>
<testsuite name="com.dotmarketing.portlets.workflows.ajax.WfBaseActionTest" tests="3" skipped="0" failures="0" errors="0" timestamp="2023-07-17T23:53:13" hostname="fv-az615-953" time="0.15">
  <properties/>
  <testcase name="TestOnNullCallTheDefaultCommand" classname="com.dotmarketing.portlets.workflows.ajax.WfBaseActionTest" time="0.121"/>
  <testcase name="TestNotAllowedCommands" classname="com.dotmarketing.portlets.workflows.ajax.WfBaseActionTest" time="0.009"/>
  <testcase name="TestAllowedCommands" classname="com.dotmarketing.portlets.workflows.ajax.WfBaseActionTest" time="0.02"/>
  <system-out><![CDATA[ Command ::  forbiddenMethod  on  class Mock for WfRoleStoreAjax, hashCode: 824911933
 Command ::  forbiddenMethod  on  class Mock for WfSchemeAjax, hashCode: 774194593
 Command ::  forbiddenMethod  on  class Mock for WfActionAjax, hashCode: 603902861
 Command ::  forbiddenMethod  on  class Mock for WfTaskAjax, hashCode: 163391416
 Command ::  forbiddenMethod  on  class Mock for WfActionClassAjax, hashCode: 1960746771
 Command ::  assignable  on  class Mock for WfRoleStoreAjax, hashCode: 311833880
 Command ::  action  on  class Mock for WfRoleStoreAjax, hashCode: 311833880
 Command ::  rolesToJson  on  class Mock for WfRoleStoreAjax, hashCode: 311833880
 Command ::  action  on  class Mock for WfSchemeAjax, hashCode: 2032329460
 Command ::  save  on  class Mock for WfSchemeAjax, hashCode: 2032329460
 Command ::  add  on  class Mock for WfActionAjax, hashCode: 451523470
 Command ::  action  on  class Mock for WfActionAjax, hashCode: 451523470
 Command ::  reorder  on  class Mock for WfActionAjax, hashCode: 451523470
 Command ::  delete  on  class Mock for WfActionAjax, hashCode: 451523470
 Command ::  save  on  class Mock for WfActionAjax, hashCode: 451523470
 Command ::  deleteActionForStep  on  class Mock for WfActionAjax, hashCode: 451523470
 Command ::  action  on  class Mock for WfTaskAjax, hashCode: 58623464
 Command ::  executeActions  on  class Mock for WfTaskAjax, hashCode: 58623464
 Command ::  executeAction  on  class Mock for WfTaskAjax, hashCode: 58623464
 Command ::  add  on  class Mock for WfActionClassAjax, hashCode: 290226496
 Command ::  save  on  class Mock for WfActionClassAjax, hashCode: 290226496
 Command ::  delete  on  class Mock for WfActionClassAjax, hashCode: 290226496
 Command ::  reorder  on  class Mock for WfActionClassAjax, hashCode: 290226496
 Command ::  action  on  class Mock for WfActionClassAjax, hashCode: 290226496
]]></system-out>
  <system-err><![CDATA[]]></system-err>
</testsuite>
