<?xml version="1.0" encoding="UTF-8"?>
<testsuite name="com.liferay.portal.pwd.RegExpToolkitTest" tests="2" skipped="0" failures="0" errors="0" timestamp="2023-06-23T18:14:24" hostname="fv-az178-408" time="0.023">
  <properties/>
  <testcase name="testValidPasswordFormat" classname="com.liferay.portal.pwd.RegExpToolkitTest" time="0.014"/>
  <testcase name="testInvalidPasswordFormat" classname="com.liferay.portal.pwd.RegExpToolkitTest" time="0.009"/>
  <system-out><![CDATA[]]></system-out>
  <system-err><![CDATA[]]></system-err>
</testsuite>
