<?xml version="1.0" encoding="UTF-8"?>
<testsuite name="com.dotcms.auth.providers.jwt.factories.SecretKeySpecFactoryTest" tests="1" skipped="0" failures="0" errors="0" timestamp="2023-07-18T21:10:28" hostname="fv-az178-895" time="1.5">
  <properties/>
  <testcase name="readAndPrepareSecret" classname="com.dotcms.auth.providers.jwt.factories.SecretKeySpecFactoryTest" time="1.5"/>
  <system-out><![CDATA[0c57d81b69db25709b5a4f804f3e50fc186fbaec0c4d79412e023678086058e7d2ee170ef6990bec30a10820fe25d084ab44f1d561d3c20d45c2a656736baa2a
MySecretKey2
MySecretKey3
MySecretKey3
9d0f02871a3803d0f1a2e2cee25eba350203203c7bf94e78d533f062720fbf99597562f1f1012801b260c6d6f593ed9c34d7cb6adf7a2c181ee04ff9952fc557
e7b31f6e5df4a8690ec5d64d56c931672f1f1e3751344bc08026e40eeb1d67f9694d8aaf9714eaf5a609e5b0b3ec33abba5a0276a9ef568fa26440d1797d2eca
3a5ac27940477f9bfb4e68125599cbaf9cbd3b7627f8995e81455f2dee83f2ccf5acb98baac89e601901bc5b90820bb7e569b097bfd6ab65fb742955af2f8886
]]></system-out>
  <system-err><![CDATA[]]></system-err>
</testsuite>
