<?xml version="1.0" encoding="UTF-8"?>
<testsuite name="com.dotmarketing.portlets.osgi.AJAX.OSGIBaseAJAXTest" tests="3" skipped="0" failures="0" errors="0" timestamp="2023-06-30T15:01:24" hostname="fv-az627-719" time="0.07">
  <properties/>
  <testcase name="TestOnNullCallTheDefaultCommand" classname="com.dotmarketing.portlets.osgi.AJAX.OSGIBaseAJAXTest" time="0.05"/>
  <testcase name="TestNotAllowedCommands" classname="com.dotmarketing.portlets.osgi.AJAX.OSGIBaseAJAXTest" time="0.006"/>
  <testcase name="TestAllowedCommands" classname="com.dotmarketing.portlets.osgi.AJAX.OSGIBaseAJAXTest" time="0.013"/>
  <system-out><![CDATA[ Command ::  forbiddenMethod  on  class Mock for OSGIAJAX, hashCode: 1711771026
 Command ::  restart  on  class Mock for OSGIAJAX, hashCode: 1090914018
 Command ::  start  on  class Mock for OSGIAJAX, hashCode: 1090914018
 Command ::  add  on  class Mock for OSGIAJAX, hashCode: 1090914018
 Command ::  stop  on  class Mock for OSGIAJAX, hashCode: 1090914018
 Command ::  undeploy  on  class Mock for OSGIAJAX, hashCode: 1090914018
 Command ::  modifyExtraPackages  on  class Mock for OSGIAJAX, hashCode: 1090914018
 Command ::  deploy  on  class Mock for OSGIAJAX, hashCode: 1090914018
 Command ::  remove  on  class Mock for OSGIAJAX, hashCode: 1090914018
 Command ::  getExtraPackages  on  class Mock for OSGIAJAX, hashCode: 1090914018
 Command ::  action  on  class Mock for OSGIAJAX, hashCode: 1090914018
]]></system-out>
  <system-err><![CDATA[]]></system-err>
</testsuite>
