<?xml version="1.0" encoding="UTF-8"?>
<testsuite name="com.dotcms.auth.providers.jwt.factories.SecretKeySpecFactoryTest" tests="1" skipped="0" failures="0" errors="0" timestamp="2023-06-27T00:34:14" hostname="fv-az548-130" time="1.187">
  <properties/>
  <testcase name="readAndPrepareSecret" classname="com.dotcms.auth.providers.jwt.factories.SecretKeySpecFactoryTest" time="1.187"/>
  <system-out><![CDATA[a8ad77839e5a976902233e7b602000eba379761d68fa9233b152a7d6431d7248096bf4fe87866419bd6d48769a581cfd3f38c172f73a153d3bed5173a025869b
MySecretKey2
MySecretKey3
MySecretKey3
d6abd0e6230febe206b9b86589521d05943c78b9fa9b45ba708730daccddd96969007b408e2587c8ece88d50611e0812d192c8457c208a7be78f8e2c1e23fc31
d894d1f64416dcb67b2bab3fa651e1ada27681533c2062e04f4f1035c501e752d24b506f1c5b49d810fb0cc4f2fdcea685f57c02e8cae0e0ceb54f1f8e087d67
fd1de04181adb1bfebdeef47b43b1f913ea69bbc40494b87efe765adc62e58d50a1a37c38bb88b5f0673339186345dc536d3f34feeb4aead8b997cc27b6a8397
]]></system-out>
  <system-err><![CDATA[]]></system-err>
</testsuite>
