<?xml version="1.0" encoding="UTF-8"?>
<testsuite name="com.dotcms.util.diff.DiffCommandTest" tests="2" skipped="0" failures="0" errors="0" timestamp="2023-06-27T23:49:38" hostname="fv-az626-69" time="0.006">
  <properties/>
  <testcase name="applyDiff_Comparable" classname="com.dotcms.util.diff.DiffCommandTest" time="0.005"/>
  <testcase name="applyDiff_Differentiable" classname="com.dotcms.util.diff.DiffCommandTest" time="0.001"/>
  <system-out><![CDATA[{six=six, five=five}
{two=two}
{four=fourxxx, one=onexxx}
{six=com.dotcms.util.diff.DiffCommandTest$StringDifferentiable@6d189d8, five=com.dotcms.util.diff.DiffCommandTest$StringDifferentiable@444bc1ab}
{two=com.dotcms.util.diff.DiffCommandTest$StringDifferentiable@1792c85c}
{four=com.dotcms.util.diff.DiffCommandTest$StringDifferentiable@48948c4f, one=com.dotcms.util.diff.DiffCommandTest$StringDifferentiable@420143cc}
]]></system-out>
  <system-err><![CDATA[]]></system-err>
</testsuite>
