<?xml version="1.0" encoding="UTF-8"?>
<testsuite name="com.dotcms.content.elasticsearch.business.ESIndexHelperTest" tests="16" skipped="0" failures="0" errors="0" timestamp="2023-07-20T17:25:11" hostname="fv-az341-523" time="0.348">
  <properties/>
  <testcase name="isSnapshotFilename_empty" classname="com.dotcms.content.elasticsearch.business.ESIndexHelperTest" time="0.136"/>
  <testcase name="isSnapshotFilename_mixCase" classname="com.dotcms.content.elasticsearch.business.ESIndexHelperTest" time="0.001"/>
  <testcase name="getIndexFromFilename" classname="com.dotcms.content.elasticsearch.business.ESIndexHelperTest" time="0.001"/>
  <testcase name="getIndexFromFilename_mixCase" classname="com.dotcms.content.elasticsearch.business.ESIndexHelperTest" time="0.001"/>
  <testcase name="getIndexNameOrAliasTest_nullIndexName" classname="com.dotcms.content.elasticsearch.business.ESIndexHelperTest" time="0.181"/>
  <testcase name="getIndexFromFilename_empty" classname="com.dotcms.content.elasticsearch.business.ESIndexHelperTest" time="0.001"/>
  <testcase name="getIndexNameOrAliasTest_invalidIndexKey" classname="com.dotcms.content.elasticsearch.business.ESIndexHelperTest" time="0.007"/>
  <testcase name="isSnapshotFilename_noExtension" classname="com.dotcms.content.elasticsearch.business.ESIndexHelperTest" time="0.001"/>
  <testcase name="getIndexFromFilename_null" classname="com.dotcms.content.elasticsearch.business.ESIndexHelperTest" time="0.0"/>
  <testcase name="isSnapshotFilename" classname="com.dotcms.content.elasticsearch.business.ESIndexHelperTest" time="0.001"/>
  <testcase name="isSnapshotFilename_null" classname="com.dotcms.content.elasticsearch.business.ESIndexHelperTest" time="0.001"/>
  <testcase name="getIndexNameOrAliasTest_alias" classname="com.dotcms.content.elasticsearch.business.ESIndexHelperTest" time="0.006"/>
  <testcase name="getIndexNameOrAliasTest_index" classname="com.dotcms.content.elasticsearch.business.ESIndexHelperTest" time="0.001"/>
  <testcase name="isSnapshotFilename_wrongName" classname="com.dotcms.content.elasticsearch.business.ESIndexHelperTest" time="0.0"/>
  <testcase name="getIndexNameOrAliasTest_noIndex" classname="com.dotcms.content.elasticsearch.business.ESIndexHelperTest" time="0.0"/>
  <testcase name="getIndexNameOrAliasTest_nullIndexKey" classname="com.dotcms.content.elasticsearch.business.ESIndexHelperTest" time="0.002"/>
  <system-out><![CDATA[]]></system-out>
  <system-err><![CDATA[]]></system-err>
</testsuite>
