<?xml version="1.0" encoding="UTF-8"?>
<testsuite name="com.dotcms.auth.providers.jwt.factories.SecretKeySpecFactoryTest" tests="1" skipped="0" failures="0" errors="0" timestamp="2023-07-13T19:11:26" hostname="fv-az612-960" time="1.339">
  <properties/>
  <testcase name="readAndPrepareSecret" classname="com.dotcms.auth.providers.jwt.factories.SecretKeySpecFactoryTest" time="1.339"/>
  <system-out><![CDATA[ee8dba0f4da87cf54b845b8dee9f85b187ef3118b0d597be487f86561edbec49fcf1d3f7b2315b2c0565856ea421b45fcc3e3a5e07801edec7e6a7f3ae759917
MySecretKey2
MySecretKey3
MySecretKey3
d7fea8f7f98298b85ed79233346c4fe9608b6bea75518f261648e17451638c93c927f57674800f8063b98a58c4a764574f0a90c4ef6388786bba5810afdb4c55
e54e4da3d3aae4c88dab214b69d900a99f9d5721fd54d905bde1878648a9145ffce9bcd61f707a735eae94e71003cfe6bb99ac449c9846dae035c21ef1728fdb
7961e94831143acdc5f22873b2c34ed28c418777bbe4b42b98d609fba8ad822048b54e3bcf06a318f9a5aca52ac49e6b47fe79908e063630056b8bcbb266788a
]]></system-out>
  <system-err><![CDATA[]]></system-err>
</testsuite>
