<?xml version="1.0" encoding="UTF-8"?>
<testsuite name="com.dotcms.auth.providers.jwt.factories.SecretKeySpecFactoryTest" tests="1" skipped="0" failures="0" errors="0" timestamp="2023-07-17T13:27:52" hostname="fv-az1128-367" time="1.254">
  <properties/>
  <testcase name="readAndPrepareSecret" classname="com.dotcms.auth.providers.jwt.factories.SecretKeySpecFactoryTest" time="1.254"/>
  <system-out><![CDATA[5d09ae7d4ea7367204da6b2f7ae8c3189eb72a2c3818fd880abdc63cc1d65ab845cdcda03ec0dcca46c0f58bb82b7ba38282ae3717ad0b434f14e9c1d51beb88
MySecretKey2
MySecretKey3
MySecretKey3
75abdae438d468aea4946b13b89ae2d8d6cf2117ad231cb99bf7413f1def59d39b424d20be9764513360b1e5735855bd6d3c94dd440ab0bcb0bd373db2149a0f
b11080dbf61e39f5a5c8c8034ab9c4a6320fac5294918a9aa9d9dd48580da963ece537f16df499a7e34ec9c98af54a4e6fbaa85613b941d5fce6e415a8c6f1a0
cc57357061bbcda63c3faf166b22b1e875f53de9ec76e4d216f69fbef313ac947f65df7767d1bce60abf8ed90edb2bd66490a2900f39f310ed5761921cfedbb5
]]></system-out>
  <system-err><![CDATA[]]></system-err>
</testsuite>
