<?xml version="1.0" encoding="UTF-8"?>
<testsuite name="com.dotcms.auth.providers.jwt.factories.SecretKeySpecFactoryTest" tests="1" skipped="0" failures="0" errors="0" timestamp="2023-07-17T16:09:33" hostname="fv-az560-594" time="1.389">
  <properties/>
  <testcase name="readAndPrepareSecret" classname="com.dotcms.auth.providers.jwt.factories.SecretKeySpecFactoryTest" time="1.389"/>
  <system-out><![CDATA[14c0a0a912a202f42324b7ec549a4f5af30f339f0d6d6e211a4e5b7ff145ded72fcaa7fb244b0132a164b39d09ea36c7934ffd62b9d36710218a82b1169f687e
MySecretKey2
MySecretKey3
MySecretKey3
e53953d07a856d7e295e747455f8de647d7c039998062aa9c29c9f9d2518b653ab20b78d5fd758d254088ba0aac350fb4f367f9e34835252c476c7ccc9342f0e
71d596893f5cec196f2b298b12a0387cacdd245586bc6a71f638f0adcd669f6c26ba91bebd4b380dc794207e37620f446d4656b23515b22b2e9fbb84f51309a3
02ef6b12efcfcb8f1059b6c4ea6020ef89d012d7b9b31f801003e27cd7124d7a97f3a244c1c63814f4827f3c8aec0bf7147071ac0bb6437236af34cbf2ddbc2a
]]></system-out>
  <system-err><![CDATA[]]></system-err>
</testsuite>
