<?xml version="1.0" encoding="UTF-8"?>
<testsuite name="com.dotcms.util.HttpRequestDataUtilTest" tests="6" skipped="0" failures="0" errors="0" timestamp="2023-07-11T05:46:20" hostname="fv-az612-31" time="0.01">
  <properties/>
  <testcase name="test_getHeaderCaseInsensitive[0: com.dotcms.util.HttpRequestDataUtilTest$ParamTestCase@4d581c64]" classname="com.dotcms.util.HttpRequestDataUtilTest" time="0.001"/>
  <testcase name="test_getHeaderCaseInsensitive[1: com.dotcms.util.HttpRequestDataUtilTest$ParamTestCase@185b48be]" classname="com.dotcms.util.HttpRequestDataUtilTest" time="0.001"/>
  <testcase name="test_getHeaderCaseInsensitive[2: com.dotcms.util.HttpRequestDataUtilTest$ParamTestCase@4bd4a443]" classname="com.dotcms.util.HttpRequestDataUtilTest" time="0.003"/>
  <testcase name="test_getParamCaseInsensitive[0: com.dotcms.util.HttpRequestDataUtilTest$ParamTestCase@4d581c64]" classname="com.dotcms.util.HttpRequestDataUtilTest" time="0.001"/>
  <testcase name="test_getParamCaseInsensitive[1: com.dotcms.util.HttpRequestDataUtilTest$ParamTestCase@185b48be]" classname="com.dotcms.util.HttpRequestDataUtilTest" time="0.001"/>
  <testcase name="test_getParamCaseInsensitive[2: com.dotcms.util.HttpRequestDataUtilTest$ParamTestCase@4bd4a443]" classname="com.dotcms.util.HttpRequestDataUtilTest" time="0.002"/>
  <system-out><![CDATA[]]></system-out>
  <system-err><![CDATA[]]></system-err>
</testsuite>
