<?xml version="1.0" encoding="UTF-8"?>
<testsuite name="com.dotcms.util.diff.DiffCommandTest" tests="2" skipped="0" failures="0" errors="0" timestamp="2023-07-21T16:52:02" hostname="fv-az413-360" time="0.015">
  <properties/>
  <testcase name="applyDiff_Comparable" classname="com.dotcms.util.diff.DiffCommandTest" time="0.014"/>
  <testcase name="applyDiff_Differentiable" classname="com.dotcms.util.diff.DiffCommandTest" time="0.001"/>
  <system-out><![CDATA[{six=six, five=five}
{two=two}
{four=fourxxx, one=onexxx}
{six=com.dotcms.util.diff.DiffCommandTest$StringDifferentiable@5fa1b209, five=com.dotcms.util.diff.DiffCommandTest$StringDifferentiable@379e4277}
{two=com.dotcms.util.diff.DiffCommandTest$StringDifferentiable@42bb25db}
{four=com.dotcms.util.diff.DiffCommandTest$StringDifferentiable@b09b8b3, one=com.dotcms.util.diff.DiffCommandTest$StringDifferentiable@59ea7221}
]]></system-out>
  <system-err><![CDATA[]]></system-err>
</testsuite>
