<?xml version="1.0" encoding="UTF-8"?>
<testsuite name="com.dotmarketing.portlets.osgi.AJAX.OSGIBaseAJAXTest" tests="3" skipped="0" failures="0" errors="0" timestamp="2023-07-19T01:20:12" hostname="fv-az616-900" time="0.156">
  <properties/>
  <testcase name="TestOnNullCallTheDefaultCommand" classname="com.dotmarketing.portlets.osgi.AJAX.OSGIBaseAJAXTest" time="0.102"/>
  <testcase name="TestNotAllowedCommands" classname="com.dotmarketing.portlets.osgi.AJAX.OSGIBaseAJAXTest" time="0.006"/>
  <testcase name="TestAllowedCommands" classname="com.dotmarketing.portlets.osgi.AJAX.OSGIBaseAJAXTest" time="0.047"/>
  <system-out><![CDATA[ Command ::  forbiddenMethod  on  class Mock for OSGIAJAX, hashCode: 1424085379
 Command ::  undeploy  on  class Mock for OSGIAJAX, hashCode: 421155519
 Command ::  stop  on  class Mock for OSGIAJAX, hashCode: 421155519
 Command ::  add  on  class Mock for OSGIAJAX, hashCode: 421155519
 Command ::  start  on  class Mock for OSGIAJAX, hashCode: 421155519
 Command ::  restart  on  class Mock for OSGIAJAX, hashCode: 421155519
 Command ::  action  on  class Mock for OSGIAJAX, hashCode: 421155519
 Command ::  getExtraPackages  on  class Mock for OSGIAJAX, hashCode: 421155519
 Command ::  remove  on  class Mock for OSGIAJAX, hashCode: 421155519
 Command ::  deploy  on  class Mock for OSGIAJAX, hashCode: 421155519
 Command ::  modifyExtraPackages  on  class Mock for OSGIAJAX, hashCode: 421155519
]]></system-out>
  <system-err><![CDATA[]]></system-err>
</testsuite>
