<?xml version="1.0" encoding="UTF-8"?>
<testsuite name="com.dotcms.util.diff.DiffCommandTest" tests="2" skipped="0" failures="0" errors="0" timestamp="2023-06-30T15:57:23" hostname="fv-az936-969" time="0.006">
  <properties/>
  <testcase name="applyDiff_Comparable" classname="com.dotcms.util.diff.DiffCommandTest" time="0.006"/>
  <testcase name="applyDiff_Differentiable" classname="com.dotcms.util.diff.DiffCommandTest" time="0.0"/>
  <system-out><![CDATA[{six=six, five=five}
{two=two}
{four=fourxxx, one=onexxx}
{six=com.dotcms.util.diff.DiffCommandTest$StringDifferentiable@5485eeb7, five=com.dotcms.util.diff.DiffCommandTest$StringDifferentiable@359fcf98}
{two=com.dotcms.util.diff.DiffCommandTest$StringDifferentiable@5416ea03}
{four=com.dotcms.util.diff.DiffCommandTest$StringDifferentiable@56fe209f, one=com.dotcms.util.diff.DiffCommandTest$StringDifferentiable@2df59ca1}
]]></system-out>
  <system-err><![CDATA[]]></system-err>
</testsuite>
