<?xml version="1.0" encoding="UTF-8"?>
<testsuite name="com.dotcms.analytics.bayesian.BayesianAPIImplTest" tests="8" skipped="0" failures="0" errors="0" timestamp="2023-06-30T14:21:28" hostname="fv-az336-775" time="2.18">
  <properties/>
  <testcase name="test_doBayesian_AB" classname="com.dotcms.analytics.bayesian.BayesianAPIImplTest" time="2.147"/>
  <testcase name="test_calculateABTesting_invalidTestFailures" classname="com.dotcms.analytics.bayesian.BayesianAPIImplTest" time="0.001"/>
  <testcase name="test_calculateABTesting_invalidControlSuccesses" classname="com.dotcms.analytics.bayesian.BayesianAPIImplTest" time="0.001"/>
  <testcase name="test_calculateABTesting_invalidPriorBeta" classname="com.dotcms.analytics.bayesian.BayesianAPIImplTest" time="0.0"/>
  <testcase name="test_calculateABTesting_invalidTestSuccesses" classname="com.dotcms.analytics.bayesian.BayesianAPIImplTest" time="0.001"/>
  <testcase name="test_calculateABCTesting" classname="com.dotcms.analytics.bayesian.BayesianAPIImplTest" time="0.026"/>
  <testcase name="test_calculateABTesting_invalidControlFailures" classname="com.dotcms.analytics.bayesian.BayesianAPIImplTest" time="0.001"/>
  <testcase name="test_calculateABTesting_invalidPriorAlpha" classname="com.dotcms.analytics.bayesian.BayesianAPIImplTest" time="0.001"/>
  <system-out><![CDATA[]]></system-out>
  <system-err><![CDATA[]]></system-err>
</testsuite>
