<?xml version="1.0" encoding="UTF-8"?>
<testsuite name="com.dotcms.listeners.SessionMonitorTest" tests="2" skipped="0" failures="0" errors="0" timestamp="2023-07-11T17:39:14" hostname="fv-az621-762" time="0.046">
  <properties/>
  <testcase name="testSessionDestroyedWithLogout" classname="com.dotcms.listeners.SessionMonitorTest" time="0.044"/>
  <testcase name="testSessionDestroyedWithoutLogout" classname="com.dotcms.listeners.SessionMonitorTest" time="0.002"/>
  <system-out><![CDATA[]]></system-out>
  <system-err><![CDATA[]]></system-err>
</testsuite>
