<?xml version="1.0" encoding="UTF-8"?>
<testsuite name="com.dotcms.auth.providers.jwt.factories.SecretKeySpecFactoryTest" tests="1" skipped="0" failures="0" errors="0" timestamp="2023-06-23T16:49:52" hostname="fv-az354-410" time="1.328">
  <properties/>
  <testcase name="readAndPrepareSecret" classname="com.dotcms.auth.providers.jwt.factories.SecretKeySpecFactoryTest" time="1.328"/>
  <system-out><![CDATA[d854319cc2ad676c50544199bb91faefda71174852154821184c3db2c7e7864cece3fff1c733f112d99c7060b4673c87c9fe44adb2bdf812ac31d1297f6812d9
MySecretKey2
MySecretKey3
MySecretKey3
b73085c0d4ba5bd6b7298e155514b3ba5fe427b99d8824e9ffe648b8304dd8e5a9b9d9038705d49028635a9ee1a9d51c7afbe52d80157cbc9f4936048ca550a2
64f6da22f2885f40cd4661494ce607da3154911f161649a396db7ce4de0cd9ce361056dfce4e607a2fa9f4667eaf0633cffcb3214cb7ee69455af6e4343c2a4d
b528ed06dc9b2d455474a21537349f9ef013da86d2a5b9e3971ffaa1d7bc3eb6d3f8b035814ce19624437e35410dda68ffe522b1fe3d8281d074ac5ed44e6c45
]]></system-out>
  <system-err><![CDATA[]]></system-err>
</testsuite>
