<?xml version="1.0" encoding="UTF-8"?>
<testsuite name="com.dotcms.rendering.velocity.viewtools.ContainerWebAPITest" tests="7" skipped="0" failures="0" errors="0" timestamp="2023-07-21T14:40:55" hostname="fv-az341-745" time="0.449">
  <properties/>
  <testcase name="doesUserHasPermissionToAddContentThrowDotDataExceptionGettingSystemUser" classname="com.dotcms.rendering.velocity.viewtools.ContainerWebAPITest" time="0.186"/>
  <testcase name="doesUserHasPermissionToAddContentWithNullParameter" classname="com.dotcms.rendering.velocity.viewtools.ContainerWebAPITest" time="0.004"/>
  <testcase name="doesUserHasPermissionToAddContentNullList" classname="com.dotcms.rendering.velocity.viewtools.ContainerWebAPITest" time="0.208"/>
  <testcase name="doesUserHasPermissionToAddContentEmptyList" classname="com.dotcms.rendering.velocity.viewtools.ContainerWebAPITest" time="0.01"/>
  <testcase name="doesUserHasPermissionToAddContentThrowDotSecurityExceptionFindingContainer" classname="com.dotcms.rendering.velocity.viewtools.ContainerWebAPITest" time="0.033"/>
  <testcase name="doesUserHasPermissionToAddContentThrowDotDataExceptionFindingContainer" classname="com.dotcms.rendering.velocity.viewtools.ContainerWebAPITest" time="0.002"/>
  <testcase name="doesUserHasPermissionToAddContent" classname="com.dotcms.rendering.velocity.viewtools.ContainerWebAPITest" time="0.001"/>
  <system-out><![CDATA[]]></system-out>
  <system-err><![CDATA[]]></system-err>
</testsuite>
