<?xml version="1.0" encoding="UTF-8"?>
<testsuite name="com.dotcms.mock.MockResponseTest" tests="2" skipped="0" failures="0" errors="0" timestamp="2023-06-28T13:53:10" hostname="fv-az363-416" time="0.004">
  <properties/>
  <testcase name="testBaseRequest" classname="com.dotcms.mock.MockResponseTest" time="0.002"/>
  <testcase name="testHttpRequest" classname="com.dotcms.mock.MockResponseTest" time="0.001"/>
  <system-out><![CDATA[]]></system-out>
  <system-err><![CDATA[]]></system-err>
</testsuite>
