<?xml version="1.0" encoding="UTF-8"?>
<testsuite name="com.dotcms.auth.providers.jwt.factories.SecretKeySpecFactoryTest" tests="1" skipped="0" failures="0" errors="0" timestamp="2023-07-21T14:36:01" hostname="fv-az1231-867" time="1.626">
  <properties/>
  <testcase name="readAndPrepareSecret" classname="com.dotcms.auth.providers.jwt.factories.SecretKeySpecFactoryTest" time="1.626"/>
  <system-out><![CDATA[c42003a1b46beb39cb51362efca48286ac587f47bea4ad3f887b20e3f13475d264424b48cc8ad2f3dc9d44521ec74cb329bd50cfbb5cfad0c9a6aaedd7e09a85
MySecretKey2
MySecretKey3
MySecretKey3
559b214b31f8f078d88bf730e04e3686fd8b127e398313f5a9e49434466089557070beee0dd820c6994fbdfcdef89d3582dd42b86f27ca32011f2c5c6f4bd234
002415f823f5c623bc48274d97de23d34e83f692382a5dcc62e6530d1c96b191ea9e9b37d3c386f4b4d542d1df8b2eea013df7896de499d3a652cbfc7c637d40
adcaa4e608b858531c41ed70e98e505d08670156c4da560d8b50ac0c5348faa02f94aaec258b47bc62138962eff086a6eaf0f335ce11e44261cdfbe0af282e76
]]></system-out>
  <system-err><![CDATA[]]></system-err>
</testsuite>
