<?xml version="1.0" encoding="UTF-8"?>
<testsuite name="com.dotmarketing.portlets.contentlet.model.ContentletTest" tests="1" skipped="0" failures="0" errors="0" timestamp="2023-06-28T02:23:42" hostname="fv-az248-890" time="0.021">
  <properties/>
  <testcase name="testGetTitle_WhenExistingTitleField_returnItsValue" classname="com.dotmarketing.portlets.contentlet.model.ContentletTest" time="0.021"/>
  <system-out><![CDATA[]]></system-out>
  <system-err><![CDATA[]]></system-err>
</testsuite>
