<?xml version="1.0" encoding="UTF-8"?>
<testsuite name="com.dotcms.auth.providers.jwt.factories.SecretKeySpecFactoryTest" tests="1" skipped="0" failures="0" errors="0" timestamp="2023-07-12T21:45:32" hostname="fv-az1107-15" time="1.94">
  <properties/>
  <testcase name="readAndPrepareSecret" classname="com.dotcms.auth.providers.jwt.factories.SecretKeySpecFactoryTest" time="1.94"/>
  <system-out><![CDATA[7ea6e7e5526cc23425b70f6a6a05afaf9da137853079503473529dfa5dafb6957050f4c7051f31a0868126bd54784b2f827a7424635fe8bf112c1eb411040d2b
MySecretKey2
MySecretKey3
MySecretKey3
d455156d998ad4d017cb04cca219b7ef762e7fa47cfb7ab52312d0c99a42d4a16500b9a2ac9efc7d211caad190d3aa8bac08e0905d3f4863b177fd0a7a991b90
cd8a8f721053fd45cd6a90d5cb6f85edaf17267fae0df1a32bc693ce6acbd2c3253001e0f4f60b126b92e1bc8b31b8f8303d65a8037dab8507e8b4754bde7195
6149e733d9b8453df721df1ff31f3164979e7fe420bf080f633269176f6c9bc9c06127a32e592ba5c163554b057bfffe93a30098d678d30d56d52c650b53dd0d
]]></system-out>
  <system-err><![CDATA[]]></system-err>
</testsuite>
