<?xml version="1.0" encoding="UTF-8"?>
<testsuite name="com.dotcms.auth.providers.jwt.factories.SecretKeySpecFactoryTest" tests="1" skipped="0" failures="0" errors="0" timestamp="2023-06-26T18:25:21" hostname="fv-az306-701" time="1.217">
  <properties/>
  <testcase name="readAndPrepareSecret" classname="com.dotcms.auth.providers.jwt.factories.SecretKeySpecFactoryTest" time="1.217"/>
  <system-out><![CDATA[39e90a7eac82460edd4286128a8a072707fd7bc19e7093a2651f836a87fdda9519cf07719ecdf0775515197517bbf7e1c8419bbbc13172628cc9fdda6f6573b1
MySecretKey2
MySecretKey3
MySecretKey3
373bec7083f1aad84e4e4beefcbe34db84c80f22a606fd16406aa16c2d82ff3064765063fe8132f1ad42c75c63be9f27c41332618f11bfaae75bc73079b38ac6
a9065f391eb1016898dfe08fcd177a954ab9d4ccec35e3d1cd6c2d573f8243421cb8d0a62eba7b7b0da51f452e934f6e66913c69e91069a3bcfb9d8b3bac5ad8
d9d648ed9762d7ab35114e6bed3cdd08410d85169387160de2b517b5ff54c9cf109c9c0fe0e75a356f8ecbb891bd2684db7fd5f48390e97a99feffaed7217517
]]></system-out>
  <system-err><![CDATA[]]></system-err>
</testsuite>
