<?xml version="1.0" encoding="UTF-8"?>
<testsuite name="com.dotcms.auth.providers.jwt.factories.SecretKeySpecFactoryTest" tests="1" skipped="0" failures="0" errors="0" timestamp="2023-06-27T16:43:10" hostname="fv-az206-664" time="1.456">
  <properties/>
  <testcase name="readAndPrepareSecret" classname="com.dotcms.auth.providers.jwt.factories.SecretKeySpecFactoryTest" time="1.456"/>
  <system-out><![CDATA[5827c16bd3d83ffde2ca989fb3e6f7d8cc2e14c43ef76b5d8aeadf08cc17c998add73acc46c2d0f7be1e7870ab0433d2f39a84bb87897cb72dcb93a87153e3ee
MySecretKey2
MySecretKey3
MySecretKey3
a4679dcf9fd9bcaa8e7a7c6b664cbe90821fe0470e9e8ba8dc9906e151517bfc64f7103f628d35edaa5c2590d6218150602e4edf1957404065f90086a0bb323f
2356db6e6dd1cf0c964f824f8ddd5e9f59373a5c2a0ec8f72f66b36ddbe7620ece8c00b49671a84e4d10ce9c8878103f3dc5660567e015096447be3d7405d7bf
87e7a7985b6f77b84d7f27486ee24f2e7af7396c7670fdafff691a364bb8580f11d642ab78ff6857be9b5b9d563054e896a6692791e2aa9767597abbb6350704
]]></system-out>
  <system-err><![CDATA[]]></system-err>
</testsuite>
