<?xml version="1.0" encoding="UTF-8"?>
<testsuite name="com.dotcms.auth.providers.jwt.factories.SecretKeySpecFactoryTest" tests="1" skipped="0" failures="0" errors="0" timestamp="2023-07-03T21:00:40" hostname="fv-az805-835" time="1.662">
  <properties/>
  <testcase name="readAndPrepareSecret" classname="com.dotcms.auth.providers.jwt.factories.SecretKeySpecFactoryTest" time="1.662"/>
  <system-out><![CDATA[1c1d9c2e4d28e7b41c371952192afee52ee573b0ae33e0d2f8ca539080636bac0b612025cd556164992085af0d0378533942424b51f6e8aba910d809554e6509
MySecretKey2
MySecretKey3
MySecretKey3
f5b0ff9f5e8ab5b33b544a52bb4bc4d50b90a20c61b2a8eaa41827b8471b435518be203e78f7c506f4927825abec680df31731b04eb177f7d75957ed63907499
1cb148fe8603043382097fa0425e6684784f22672e6051eecbe8baa229850c90a30c3159f676ee410a03797a9551694dc7b78a64a011fbff696f061821220cc9
320f0b58687fe5f50bcbebb639618ab86e630df74d4808b673f05b8e95f15d1804ff053088865f450ce3cab3fb41c2d99bcae02618ede1cc2a19ab79bb1f5e62
]]></system-out>
  <system-err><![CDATA[]]></system-err>
</testsuite>
