<?xml version="1.0" encoding="UTF-8"?>
<testsuite name="com.dotcms.auth.providers.jwt.factories.SecretKeySpecFactoryTest" tests="1" skipped="0" failures="0" errors="0" timestamp="2023-06-26T19:15:24" hostname="fv-az354-410" time="1.338">
  <properties/>
  <testcase name="readAndPrepareSecret" classname="com.dotcms.auth.providers.jwt.factories.SecretKeySpecFactoryTest" time="1.338"/>
  <system-out><![CDATA[091a07962d680c5ca053f930f55027f592c8ba00f193d0e1243e574cd23ac57d02b93aa7fb4f1f9daba6bc4886e39e263ec3754490c990b60ef38ba13f4325eb
MySecretKey2
MySecretKey3
MySecretKey3
f3efa0fde7723d1cfb18bde055894a90b257ff3ca34ab69f28845cf56ebbb88be60ea359a40f463523647f9f9f599f6d4967fe302af385d8a8bc381242554db0
ad445a80dc0a394183ed7e9c12ae2c81f1b00d63ed5868681da4c6bd6ac930e1950f766006e3085cd9e62a2fe3e18cda971adc4ccb7a3296b98538347158916f
63f5bbd52890343613ee94dc6b121a4114e3f933421156efc95d2f9d2956212b95c34d87f60b16dcaedf45c37aeb1b709a40efd5a80ca90fb17a59c16d7a37b1
]]></system-out>
  <system-err><![CDATA[]]></system-err>
</testsuite>
