<?xml version="1.0" encoding="UTF-8"?>
<testsuite name="com.dotmarketing.util.LuceneQueryUtilsTest" tests="3" skipped="0" failures="0" errors="0" timestamp="2023-06-28T13:52:50" hostname="fv-az341-169" time="0.004">
  <properties/>
  <testcase name="testRetrieveAllActions" classname="com.dotmarketing.util.LuceneQueryUtilsTest" time="0.002"/>
  <testcase name="testRetrieveAllActionsQueryWithPrefix" classname="com.dotmarketing.util.LuceneQueryUtilsTest" time="0.0"/>
  <testcase name="testRetrieveAllActionsQueryWithPrefixAndExcludeInodes" classname="com.dotmarketing.util.LuceneQueryUtilsTest" time="0.001"/>
  <system-out><![CDATA[]]></system-out>
  <system-err><![CDATA[]]></system-err>
</testsuite>
