<?xml version="1.0" encoding="UTF-8"?>
<testsuite name="com.dotmarketing.portlets.htmlpageasset.business.render.HTMLPageAssetRenderedAPIImplTest" tests="5" skipped="0" failures="0" errors="0" timestamp="2023-07-11T22:58:32" hostname="fv-az189-684" time="0.278">
  <properties/>
  <testcase name="testShouldReturnPREVIEWMODE_whenPageIsNotLockAndUserHaveReadPermission" classname="com.dotmarketing.portlets.htmlpageasset.business.render.HTMLPageAssetRenderedAPIImplTest" time="0.23"/>
  <testcase name="testShouldDoAURLMapper_whenPageIsNotFoundByURI" classname="com.dotmarketing.portlets.htmlpageasset.business.render.HTMLPageAssetRenderedAPIImplTest" time="0.024"/>
  <testcase name="testShouldReturnEDITEMODE_whenPageIsLockByCurrentUser" classname="com.dotmarketing.portlets.htmlpageasset.business.render.HTMLPageAssetRenderedAPIImplTest" time="0.002"/>
  <testcase name="testShouldReturnAdminMODE_whenUserDontHavePermission" classname="com.dotmarketing.portlets.htmlpageasset.business.render.HTMLPageAssetRenderedAPIImplTest" time="0.002"/>
  <testcase name="testShouldReturnADMINMODE_whenPageIsNotLockAndUserNotHaveReadPermission" classname="com.dotmarketing.portlets.htmlpageasset.business.render.HTMLPageAssetRenderedAPIImplTest" time="0.011"/>
  <system-out><![CDATA[]]></system-out>
  <system-err><![CDATA[]]></system-err>
</testsuite>
