<?xml version="1.0" encoding="UTF-8"?>
<testsuite name="com.dotcms.auth.providers.jwt.factories.SecretKeySpecFactoryTest" tests="1" skipped="0" failures="0" errors="0" timestamp="2023-07-13T21:57:25" hostname="fv-az461-538" time="1.151">
  <properties/>
  <testcase name="readAndPrepareSecret" classname="com.dotcms.auth.providers.jwt.factories.SecretKeySpecFactoryTest" time="1.151"/>
  <system-out><![CDATA[496c62b7ebc83c15817ed8e4c2f72675c29c836e2a1ba36ecebdcb5bba3d98439c68f01ad736a306d2b0a518d1334757a32db1e6e697ab155cfa735437c15bda
MySecretKey2
MySecretKey3
MySecretKey3
1fe01ceda9715e5e18bf8cc48955e4148f67368dabd54d73316f51102107201d2aa160d05ce61a58314d379f2f79797e652aac533fc69e144745282a04409b2f
7735e90ec0934e3b685095805140a43a8b5d7ff5e4e68952793e65d2edd7f35b2997509702fb002b7a34d0983769e9a0660042253ca744b05f4bcc14e8474fe8
fab41ac210f84ccb5854a454135388fa281597c590bab7ccc0600d3ba7c5cf86a27e3e4272fc77ce9a875192526bdb79e0173598ac831620ae49a54419b3556c
]]></system-out>
  <system-err><![CDATA[]]></system-err>
</testsuite>
