<?xml version="1.0" encoding="UTF-8"?>
<testsuite name="com.dotcms.auth.providers.jwt.factories.SecretKeySpecFactoryTest" tests="1" skipped="0" failures="0" errors="0" timestamp="2023-06-29T15:19:16" hostname="fv-az444-624" time="1.443">
  <properties/>
  <testcase name="readAndPrepareSecret" classname="com.dotcms.auth.providers.jwt.factories.SecretKeySpecFactoryTest" time="1.443"/>
  <system-out><![CDATA[ee4f14658726f67de7363f10c830a5d835cf71e32a9b804d1a37762a7aea4e7af184cebabfc79adbca3a01e9ac326088cbd8c138a672e01364d970663e9573d1
MySecretKey2
MySecretKey3
MySecretKey3
df2260f1c6a5aba87e55b4e4e46c14381694fb0e98d645beed88348a26e2dbbc3f40a25d17c6bd08c06f9c481cbf4ba7f69df501c2bec05cc15b93b2a4ac97fe
161d8fef8513aa49f7aaebafc046b453f6e736070a944c218f2c0445c6a28af01814bd1e9184406e8831d53714f3eacf4d6735021a9ec3d42c4c9fe781867bf4
617921759a9c5104f86c8b4e18a379aebb484d46ffa4e68a9fcab456b15b005a94fd9c89a6730a95a6533d2fd01fa11d8e476d9f589d1bbc3f9da25d07567644
]]></system-out>
  <system-err><![CDATA[]]></system-err>
</testsuite>
