<?xml version="1.0" encoding="UTF-8"?>
<testsuite name="com.dotmarketing.portlets.workflows.ajax.WfBaseActionTest" tests="3" skipped="0" failures="0" errors="0" timestamp="2023-07-05T16:03:15" hostname="fv-az370-222" time="0.238">
  <properties/>
  <testcase name="TestOnNullCallTheDefaultCommand" classname="com.dotmarketing.portlets.workflows.ajax.WfBaseActionTest" time="0.199"/>
  <testcase name="TestNotAllowedCommands" classname="com.dotmarketing.portlets.workflows.ajax.WfBaseActionTest" time="0.015"/>
  <testcase name="TestAllowedCommands" classname="com.dotmarketing.portlets.workflows.ajax.WfBaseActionTest" time="0.022"/>
  <system-out><![CDATA[ Command ::  forbiddenMethod  on  class Mock for WfSchemeAjax, hashCode: 330448886
 Command ::  forbiddenMethod  on  class Mock for WfActionAjax, hashCode: 1224881328
 Command ::  forbiddenMethod  on  class Mock for WfActionClassAjax, hashCode: 734799272
 Command ::  forbiddenMethod  on  class Mock for WfTaskAjax, hashCode: 1340609224
 Command ::  forbiddenMethod  on  class Mock for WfRoleStoreAjax, hashCode: 862023370
 Command ::  save  on  class Mock for WfSchemeAjax, hashCode: 322022121
 Command ::  action  on  class Mock for WfSchemeAjax, hashCode: 322022121
 Command ::  deleteActionForStep  on  class Mock for WfActionAjax, hashCode: 97742959
 Command ::  save  on  class Mock for WfActionAjax, hashCode: 97742959
 Command ::  delete  on  class Mock for WfActionAjax, hashCode: 97742959
 Command ::  reorder  on  class Mock for WfActionAjax, hashCode: 97742959
 Command ::  action  on  class Mock for WfActionAjax, hashCode: 97742959
 Command ::  add  on  class Mock for WfActionAjax, hashCode: 97742959
 Command ::  action  on  class Mock for WfActionClassAjax, hashCode: 2043155690
 Command ::  reorder  on  class Mock for WfActionClassAjax, hashCode: 2043155690
 Command ::  delete  on  class Mock for WfActionClassAjax, hashCode: 2043155690
 Command ::  save  on  class Mock for WfActionClassAjax, hashCode: 2043155690
 Command ::  add  on  class Mock for WfActionClassAjax, hashCode: 2043155690
 Command ::  executeAction  on  class Mock for WfTaskAjax, hashCode: 793269563
 Command ::  executeActions  on  class Mock for WfTaskAjax, hashCode: 793269563
 Command ::  action  on  class Mock for WfTaskAjax, hashCode: 793269563
 Command ::  rolesToJson  on  class Mock for WfRoleStoreAjax, hashCode: 1341654420
 Command ::  action  on  class Mock for WfRoleStoreAjax, hashCode: 1341654420
 Command ::  assignable  on  class Mock for WfRoleStoreAjax, hashCode: 1341654420
]]></system-out>
  <system-err><![CDATA[]]></system-err>
</testsuite>
