<?xml version="1.0" encoding="UTF-8"?>
<testsuite name="com.dotmarketing.portlets.workflows.ajax.WfBaseActionTest" tests="3" skipped="0" failures="0" errors="0" timestamp="2023-07-05T19:38:24" hostname="fv-az561-796" time="0.325">
  <properties/>
  <testcase name="TestOnNullCallTheDefaultCommand" classname="com.dotmarketing.portlets.workflows.ajax.WfBaseActionTest" time="0.267"/>
  <testcase name="TestNotAllowedCommands" classname="com.dotmarketing.portlets.workflows.ajax.WfBaseActionTest" time="0.01"/>
  <testcase name="TestAllowedCommands" classname="com.dotmarketing.portlets.workflows.ajax.WfBaseActionTest" time="0.048"/>
  <system-out><![CDATA[ Command ::  forbiddenMethod  on  class Mock for WfActionClassAjax, hashCode: 50419413
 Command ::  forbiddenMethod  on  class Mock for WfRoleStoreAjax, hashCode: 891019226
 Command ::  forbiddenMethod  on  class Mock for WfSchemeAjax, hashCode: 790776963
 Command ::  forbiddenMethod  on  class Mock for WfTaskAjax, hashCode: 172485667
 Command ::  forbiddenMethod  on  class Mock for WfActionAjax, hashCode: 1903011868
 Command ::  action  on  class Mock for WfActionClassAjax, hashCode: 1841861312
 Command ::  add  on  class Mock for WfActionClassAjax, hashCode: 1841861312
 Command ::  save  on  class Mock for WfActionClassAjax, hashCode: 1841861312
 Command ::  delete  on  class Mock for WfActionClassAjax, hashCode: 1841861312
 Command ::  reorder  on  class Mock for WfActionClassAjax, hashCode: 1841861312
 Command ::  rolesToJson  on  class Mock for WfRoleStoreAjax, hashCode: 1484660777
 Command ::  assignable  on  class Mock for WfRoleStoreAjax, hashCode: 1484660777
 Command ::  action  on  class Mock for WfRoleStoreAjax, hashCode: 1484660777
 Command ::  action  on  class Mock for WfSchemeAjax, hashCode: 1396304021
 Command ::  save  on  class Mock for WfSchemeAjax, hashCode: 1396304021
 Command ::  action  on  class Mock for WfTaskAjax, hashCode: 171753952
 Command ::  executeActions  on  class Mock for WfTaskAjax, hashCode: 171753952
 Command ::  executeAction  on  class Mock for WfTaskAjax, hashCode: 171753952
 Command ::  save  on  class Mock for WfActionAjax, hashCode: 1135967597
 Command ::  deleteActionForStep  on  class Mock for WfActionAjax, hashCode: 1135967597
 Command ::  add  on  class Mock for WfActionAjax, hashCode: 1135967597
 Command ::  action  on  class Mock for WfActionAjax, hashCode: 1135967597
 Command ::  reorder  on  class Mock for WfActionAjax, hashCode: 1135967597
 Command ::  delete  on  class Mock for WfActionAjax, hashCode: 1135967597
]]></system-out>
  <system-err><![CDATA[]]></system-err>
</testsuite>
