<?xml version="1.0" encoding="UTF-8"?>
<testsuite name="com.dotmarketing.portlets.rules.actionlet.StopProcessingActionletTest" tests="4" skipped="0" failures="0" errors="0" timestamp="2023-06-28T14:28:31" hostname="fv-az626-69" time="0.01">
  <properties/>
  <testcase name="testGeneralConfiguration" classname="com.dotmarketing.portlets.rules.actionlet.StopProcessingActionletTest" time="0.001"/>
  <testcase name="testComparisons[0: An empty HTTP Status Code defaults to 200]" classname="com.dotmarketing.portlets.rules.actionlet.StopProcessingActionletTest" time="0.008"/>
  <testcase name="testComparisons[1: Set HTTP Status Code to 403]" classname="com.dotmarketing.portlets.rules.actionlet.StopProcessingActionletTest" time="0.0"/>
  <testcase name="testComparisons[2: A committed response must always return 'false']" classname="com.dotmarketing.portlets.rules.actionlet.StopProcessingActionletTest" time="0.001"/>
  <system-out><![CDATA[]]></system-out>
  <system-err><![CDATA[]]></system-err>
</testsuite>
