<?xml version="1.0" encoding="UTF-8"?>
<testsuite name="com.dotmarketing.portlets.workflows.ajax.WfBaseActionTest" tests="3" skipped="0" failures="0" errors="0" timestamp="2023-07-14T16:17:54" hostname="fv-az339-983" time="0.181">
  <properties/>
  <testcase name="TestOnNullCallTheDefaultCommand" classname="com.dotmarketing.portlets.workflows.ajax.WfBaseActionTest" time="0.124"/>
  <testcase name="TestNotAllowedCommands" classname="com.dotmarketing.portlets.workflows.ajax.WfBaseActionTest" time="0.025"/>
  <testcase name="TestAllowedCommands" classname="com.dotmarketing.portlets.workflows.ajax.WfBaseActionTest" time="0.032"/>
  <system-out><![CDATA[ Command ::  forbiddenMethod  on  class Mock for WfRoleStoreAjax, hashCode: 1762060216
 Command ::  forbiddenMethod  on  class Mock for WfActionAjax, hashCode: 266640916
 Command ::  forbiddenMethod  on  class Mock for WfTaskAjax, hashCode: 507561200
 Command ::  forbiddenMethod  on  class Mock for WfSchemeAjax, hashCode: 56093569
 Command ::  forbiddenMethod  on  class Mock for WfActionClassAjax, hashCode: 1977674511
 Command ::  rolesToJson  on  class Mock for WfRoleStoreAjax, hashCode: 670316523
 Command ::  assignable  on  class Mock for WfRoleStoreAjax, hashCode: 670316523
 Command ::  action  on  class Mock for WfRoleStoreAjax, hashCode: 670316523
 Command ::  save  on  class Mock for WfActionAjax, hashCode: 1184545934
 Command ::  deleteActionForStep  on  class Mock for WfActionAjax, hashCode: 1184545934
 Command ::  add  on  class Mock for WfActionAjax, hashCode: 1184545934
 Command ::  action  on  class Mock for WfActionAjax, hashCode: 1184545934
 Command ::  reorder  on  class Mock for WfActionAjax, hashCode: 1184545934
 Command ::  delete  on  class Mock for WfActionAjax, hashCode: 1184545934
 Command ::  action  on  class Mock for WfTaskAjax, hashCode: 2079774015
 Command ::  executeActions  on  class Mock for WfTaskAjax, hashCode: 2079774015
 Command ::  executeAction  on  class Mock for WfTaskAjax, hashCode: 2079774015
 Command ::  action  on  class Mock for WfSchemeAjax, hashCode: 2001102581
 Command ::  save  on  class Mock for WfSchemeAjax, hashCode: 2001102581
 Command ::  add  on  class Mock for WfActionClassAjax, hashCode: 563794979
 Command ::  save  on  class Mock for WfActionClassAjax, hashCode: 563794979
 Command ::  delete  on  class Mock for WfActionClassAjax, hashCode: 563794979
 Command ::  reorder  on  class Mock for WfActionClassAjax, hashCode: 563794979
 Command ::  action  on  class Mock for WfActionClassAjax, hashCode: 563794979
]]></system-out>
  <system-err><![CDATA[]]></system-err>
</testsuite>
