<?xml version="1.0" encoding="UTF-8"?>
<testsuite name="com.dotmarketing.portlets.workflows.ajax.WfBaseActionTest" tests="3" skipped="0" failures="0" errors="0" timestamp="2023-07-19T18:04:48" hostname="fv-az244-731" time="0.452">
  <properties/>
  <testcase name="TestOnNullCallTheDefaultCommand" classname="com.dotmarketing.portlets.workflows.ajax.WfBaseActionTest" time="0.274"/>
  <testcase name="TestNotAllowedCommands" classname="com.dotmarketing.portlets.workflows.ajax.WfBaseActionTest" time="0.029"/>
  <testcase name="TestAllowedCommands" classname="com.dotmarketing.portlets.workflows.ajax.WfBaseActionTest" time="0.148"/>
  <system-out><![CDATA[ Command ::  forbiddenMethod  on  class Mock for WfTaskAjax, hashCode: 97488067
 Command ::  forbiddenMethod  on  class Mock for WfActionClassAjax, hashCode: 2111554491
 Command ::  forbiddenMethod  on  class Mock for WfRoleStoreAjax, hashCode: 161927592
 Command ::  forbiddenMethod  on  class Mock for WfSchemeAjax, hashCode: 754250394
 Command ::  forbiddenMethod  on  class Mock for WfActionAjax, hashCode: 1413897036
 Command ::  executeAction  on  class Mock for WfTaskAjax, hashCode: 1498185758
 Command ::  action  on  class Mock for WfTaskAjax, hashCode: 1498185758
 Command ::  executeActions  on  class Mock for WfTaskAjax, hashCode: 1498185758
 Command ::  save  on  class Mock for WfActionClassAjax, hashCode: 796180142
 Command ::  delete  on  class Mock for WfActionClassAjax, hashCode: 796180142
 Command ::  reorder  on  class Mock for WfActionClassAjax, hashCode: 796180142
 Command ::  action  on  class Mock for WfActionClassAjax, hashCode: 796180142
 Command ::  add  on  class Mock for WfActionClassAjax, hashCode: 796180142
 Command ::  rolesToJson  on  class Mock for WfRoleStoreAjax, hashCode: 366705537
 Command ::  assignable  on  class Mock for WfRoleStoreAjax, hashCode: 366705537
 Command ::  action  on  class Mock for WfRoleStoreAjax, hashCode: 366705537
 Command ::  action  on  class Mock for WfSchemeAjax, hashCode: 1954373624
 Command ::  save  on  class Mock for WfSchemeAjax, hashCode: 1954373624
 Command ::  deleteActionForStep  on  class Mock for WfActionAjax, hashCode: 1478916806
 Command ::  add  on  class Mock for WfActionAjax, hashCode: 1478916806
 Command ::  action  on  class Mock for WfActionAjax, hashCode: 1478916806
 Command ::  reorder  on  class Mock for WfActionAjax, hashCode: 1478916806
 Command ::  delete  on  class Mock for WfActionAjax, hashCode: 1478916806
 Command ::  save  on  class Mock for WfActionAjax, hashCode: 1478916806
]]></system-out>
  <system-err><![CDATA[]]></system-err>
</testsuite>
