<?xml version="1.0" encoding="UTF-8"?>
<testsuite name="com.dotmarketing.portlets.workflows.actionlet.TranslationActionletTest" tests="3" skipped="0" failures="0" errors="0" timestamp="2023-06-27T19:58:34" hostname="fv-az280-259" time="0.051">
  <properties/>
  <testcase name="testExecuteAction_UnpersistedContent" classname="com.dotmarketing.portlets.workflows.actionlet.TranslationActionletTest" time="0.005"/>
  <testcase name="testExecuteAction_LiveContent" classname="com.dotmarketing.portlets.workflows.actionlet.TranslationActionletTest" time="0.041"/>
  <testcase name="testExecuteAction_WorkingContent" classname="com.dotmarketing.portlets.workflows.actionlet.TranslationActionletTest" time="0.004"/>
  <system-out><![CDATA[]]></system-out>
  <system-err><![CDATA[]]></system-err>
</testsuite>
