<?xml version="1.0" encoding="UTF-8"?>
<testsuite name="com.dotcms.auth.providers.jwt.factories.SecretKeySpecFactoryTest" tests="1" skipped="0" failures="0" errors="0" timestamp="2023-07-08T04:33:49" hostname="fv-az577-928" time="2.425">
  <properties/>
  <testcase name="readAndPrepareSecret" classname="com.dotcms.auth.providers.jwt.factories.SecretKeySpecFactoryTest" time="2.425"/>
  <system-out><![CDATA[20b1259b0acbf1e0bd654cf8106d43caebc77f516f7e049cead07be5d74af0be3c56a57d83a1c39ce7e94038ab225402e21987b2b5618f374943d84ab5709820
MySecretKey2
MySecretKey3
MySecretKey3
c3ab3098743485c4fc1881323d6afd17883296999e5d72c1b0fcf5bf33e463f443f97b1e9d870fa89b36a24fdb774d8731318d5e3f12da7eb8d0496df0f31c26
a184a3f0784f1c226a54a0c3eccf775c68e920754daad7c4dc43170c7e89e796655b417e5780ebae2168a29f907a8c33e63c5c300b659a93a97e1d2ed8c549d7
32ee109bd4ce34681dabf13353585b3851b5c919d213eaa6bbcbd31426bc3d255239c585d3bfdd30c59f10c4e8b5390592f191761009502ede35dc73de79a5bc
]]></system-out>
  <system-err><![CDATA[]]></system-err>
</testsuite>
