<?xml version="1.0" encoding="UTF-8"?>
<testsuite name="com.dotmarketing.util.RuntimeUtilsTest" tests="4" skipped="0" failures="0" errors="0" timestamp="2023-06-23T22:50:54" hostname="fv-az178-408" time="0.209">
  <properties/>
  <testcase name="test_runProcessAndGetOutput_withInvalidCmd" classname="com.dotmarketing.util.RuntimeUtilsTest" time="0.064"/>
  <testcase name="test_unProcessAndGetOutput" classname="com.dotmarketing.util.RuntimeUtilsTest" time="0.035"/>
  <testcase name="test_runProcessAndGetOutput_withWaitAndInvalidErrorCode" classname="com.dotmarketing.util.RuntimeUtilsTest" time="0.035"/>
  <testcase name="test_getRunProcessStream" classname="com.dotmarketing.util.RuntimeUtilsTest" time="0.074"/>
  <system-out><![CDATA[]]></system-out>
  <system-err><![CDATA[]]></system-err>
</testsuite>
