<?xml version="1.0" encoding="UTF-8"?>
<testsuite name="com.dotmarketing.portlets.osgi.AJAX.OSGIBaseAJAXTest" tests="3" skipped="0" failures="0" errors="0" timestamp="2023-07-21T17:45:56" hostname="fv-az620-708" time="0.149">
  <properties/>
  <testcase name="TestOnNullCallTheDefaultCommand" classname="com.dotmarketing.portlets.osgi.AJAX.OSGIBaseAJAXTest" time="0.106"/>
  <testcase name="TestNotAllowedCommands" classname="com.dotmarketing.portlets.osgi.AJAX.OSGIBaseAJAXTest" time="0.016"/>
  <testcase name="TestAllowedCommands" classname="com.dotmarketing.portlets.osgi.AJAX.OSGIBaseAJAXTest" time="0.027"/>
  <system-out><![CDATA[ Command ::  forbiddenMethod  on  class Mock for OSGIAJAX, hashCode: 68356701
 Command ::  add  on  class Mock for OSGIAJAX, hashCode: 274608640
 Command ::  start  on  class Mock for OSGIAJAX, hashCode: 274608640
 Command ::  restart  on  class Mock for OSGIAJAX, hashCode: 274608640
 Command ::  action  on  class Mock for OSGIAJAX, hashCode: 274608640
 Command ::  getExtraPackages  on  class Mock for OSGIAJAX, hashCode: 274608640
 Command ::  remove  on  class Mock for OSGIAJAX, hashCode: 274608640
 Command ::  deploy  on  class Mock for OSGIAJAX, hashCode: 274608640
 Command ::  modifyExtraPackages  on  class Mock for OSGIAJAX, hashCode: 274608640
 Command ::  undeploy  on  class Mock for OSGIAJAX, hashCode: 274608640
 Command ::  stop  on  class Mock for OSGIAJAX, hashCode: 274608640
]]></system-out>
  <system-err><![CDATA[]]></system-err>
</testsuite>
