<?xml version="1.0" encoding="UTF-8"?>
<testsuite name="com.dotcms.auth.providers.jwt.factories.SecretKeySpecFactoryTest" tests="1" skipped="0" failures="0" errors="0" timestamp="2023-07-13T22:17:06" hostname="fv-az617-575" time="1.361">
  <properties/>
  <testcase name="readAndPrepareSecret" classname="com.dotcms.auth.providers.jwt.factories.SecretKeySpecFactoryTest" time="1.361"/>
  <system-out><![CDATA[369f43c75abc690526b8c09bec29c54e92b71821b50f67bd9576a94975bae2ea025ca615edd9c3b7a706f0dc605c80975a2d811248a4875538eaaa23762d1c44
MySecretKey2
MySecretKey3
MySecretKey3
4fd59d66c47d66263215d5e79e03c6cf1e89f89155acc5a09b39d4974efacc48b1f230e650ba058439d160b5a2bdaa5cbfe3ca490e5a142ee83d28f7f4af924f
e3b1f129629c992c28a3a75f3a506a97df432ace0feaf547e841114279d9b37bffaf0d6223cdc1b7528234b0e4d5c4d7e3d10573358934b4dd32d0019e939bfc
1db129dc1f0b82b0dbe2baa7e2b5b4cc48520ad6ad99cb901d4fa2bce49cc0358018a1a9fc34aa8eb19cb69f2e182e3d362231ae9744825abede0e198a02b425
]]></system-out>
  <system-err><![CDATA[]]></system-err>
</testsuite>
