<?xml version="1.0" encoding="UTF-8"?>
<testsuite name="com.dotmarketing.portlets.workflows.ajax.WfBaseActionTest" tests="3" skipped="0" failures="0" errors="0" timestamp="2023-06-26T19:04:29" hostname="fv-az244-550" time="0.157">
  <properties/>
  <testcase name="TestOnNullCallTheDefaultCommand" classname="com.dotmarketing.portlets.workflows.ajax.WfBaseActionTest" time="0.12"/>
  <testcase name="TestNotAllowedCommands" classname="com.dotmarketing.portlets.workflows.ajax.WfBaseActionTest" time="0.018"/>
  <testcase name="TestAllowedCommands" classname="com.dotmarketing.portlets.workflows.ajax.WfBaseActionTest" time="0.017"/>
  <system-out><![CDATA[ Command ::  forbiddenMethod  on  class Mock for WfActionAjax, hashCode: 249311122
 Command ::  forbiddenMethod  on  class Mock for WfSchemeAjax, hashCode: 1068143474
 Command ::  forbiddenMethod  on  class Mock for WfActionClassAjax, hashCode: 384397655
 Command ::  forbiddenMethod  on  class Mock for WfRoleStoreAjax, hashCode: 1657481421
 Command ::  forbiddenMethod  on  class Mock for WfTaskAjax, hashCode: 1964226112
 Command ::  add  on  class Mock for WfActionAjax, hashCode: 1332301073
 Command ::  action  on  class Mock for WfActionAjax, hashCode: 1332301073
 Command ::  reorder  on  class Mock for WfActionAjax, hashCode: 1332301073
 Command ::  delete  on  class Mock for WfActionAjax, hashCode: 1332301073
 Command ::  save  on  class Mock for WfActionAjax, hashCode: 1332301073
 Command ::  deleteActionForStep  on  class Mock for WfActionAjax, hashCode: 1332301073
 Command ::  action  on  class Mock for WfSchemeAjax, hashCode: 847579756
 Command ::  save  on  class Mock for WfSchemeAjax, hashCode: 847579756
 Command ::  reorder  on  class Mock for WfActionClassAjax, hashCode: 37262783
 Command ::  action  on  class Mock for WfActionClassAjax, hashCode: 37262783
 Command ::  add  on  class Mock for WfActionClassAjax, hashCode: 37262783
 Command ::  save  on  class Mock for WfActionClassAjax, hashCode: 37262783
 Command ::  delete  on  class Mock for WfActionClassAjax, hashCode: 37262783
 Command ::  assignable  on  class Mock for WfRoleStoreAjax, hashCode: 1725883055
 Command ::  action  on  class Mock for WfRoleStoreAjax, hashCode: 1725883055
 Command ::  rolesToJson  on  class Mock for WfRoleStoreAjax, hashCode: 1725883055
 Command ::  action  on  class Mock for WfTaskAjax, hashCode: 749404379
 Command ::  executeActions  on  class Mock for WfTaskAjax, hashCode: 749404379
 Command ::  executeAction  on  class Mock for WfTaskAjax, hashCode: 749404379
]]></system-out>
  <system-err><![CDATA[]]></system-err>
</testsuite>
