<?xml version="1.0" encoding="UTF-8"?>
<testsuite name="com.dotmarketing.portlets.workflows.ajax.WfBaseActionTest" tests="3" skipped="0" failures="0" errors="0" timestamp="2023-07-11T17:55:38" hostname="fv-az955-798" time="0.15">
  <properties/>
  <testcase name="TestOnNullCallTheDefaultCommand" classname="com.dotmarketing.portlets.workflows.ajax.WfBaseActionTest" time="0.113"/>
  <testcase name="TestNotAllowedCommands" classname="com.dotmarketing.portlets.workflows.ajax.WfBaseActionTest" time="0.015"/>
  <testcase name="TestAllowedCommands" classname="com.dotmarketing.portlets.workflows.ajax.WfBaseActionTest" time="0.021"/>
  <system-out><![CDATA[ Command ::  forbiddenMethod  on  class Mock for WfActionAjax, hashCode: 1632176863
 Command ::  forbiddenMethod  on  class Mock for WfRoleStoreAjax, hashCode: 1284944729
 Command ::  forbiddenMethod  on  class Mock for WfTaskAjax, hashCode: 1482382108
 Command ::  forbiddenMethod  on  class Mock for WfSchemeAjax, hashCode: 339601499
 Command ::  forbiddenMethod  on  class Mock for WfActionClassAjax, hashCode: 168666686
 Command ::  action  on  class Mock for WfActionAjax, hashCode: 1484660777
 Command ::  add  on  class Mock for WfActionAjax, hashCode: 1484660777
 Command ::  deleteActionForStep  on  class Mock for WfActionAjax, hashCode: 1484660777
 Command ::  save  on  class Mock for WfActionAjax, hashCode: 1484660777
 Command ::  delete  on  class Mock for WfActionAjax, hashCode: 1484660777
 Command ::  reorder  on  class Mock for WfActionAjax, hashCode: 1484660777
 Command ::  action  on  class Mock for WfRoleStoreAjax, hashCode: 710774234
 Command ::  assignable  on  class Mock for WfRoleStoreAjax, hashCode: 710774234
 Command ::  rolesToJson  on  class Mock for WfRoleStoreAjax, hashCode: 710774234
 Command ::  action  on  class Mock for WfTaskAjax, hashCode: 1135967597
 Command ::  executeAction  on  class Mock for WfTaskAjax, hashCode: 1135967597
 Command ::  executeActions  on  class Mock for WfTaskAjax, hashCode: 1135967597
 Command ::  save  on  class Mock for WfSchemeAjax, hashCode: 987394738
 Command ::  action  on  class Mock for WfSchemeAjax, hashCode: 987394738
 Command ::  action  on  class Mock for WfActionClassAjax, hashCode: 700719281
 Command ::  reorder  on  class Mock for WfActionClassAjax, hashCode: 700719281
 Command ::  delete  on  class Mock for WfActionClassAjax, hashCode: 700719281
 Command ::  save  on  class Mock for WfActionClassAjax, hashCode: 700719281
 Command ::  add  on  class Mock for WfActionClassAjax, hashCode: 700719281
]]></system-out>
  <system-err><![CDATA[]]></system-err>
</testsuite>
