<?xml version="1.0" encoding="UTF-8"?>
<testsuite name="com.dotcms.auth.providers.jwt.factories.SecretKeySpecFactoryTest" tests="1" skipped="0" failures="0" errors="0" timestamp="2023-06-26T15:57:30" hostname="fv-az256-466" time="1.94">
  <properties/>
  <testcase name="readAndPrepareSecret" classname="com.dotcms.auth.providers.jwt.factories.SecretKeySpecFactoryTest" time="1.94"/>
  <system-out><![CDATA[5d298d4ddcae65b4dff7658d0e1ed8883798916c76d67b28fa4a3a987c74ef125d52f008cf4cc48d19c48a38091846ba7bbebc7ea7c2bb26e2f8656fb1d4c287
MySecretKey2
MySecretKey3
MySecretKey3
dbd3e07b868813ff68e602c98165df6b6da3113f327d0047c6f792a401d07ff966febf94acda2256877f490bc6976bf7d74016162b29ccdd48bd04ce07aa679d
84d73abdd340c90f9a0420495cedafec967f5a8c1debf0e1254ee46ba0337cf61e750b201d595e0adc85aa67323fb46d75b66a2cee204ce99fcf1d4d87cd50d8
c617a4ade6c650e3c694849e943d541659dc77944e938fbe5a5c37fbc54e417082b0e69ad6acf52066575e51775e07aea7468fb165a3de51ecec958e143ce249
]]></system-out>
  <system-err><![CDATA[]]></system-err>
</testsuite>
