<?xml version="1.0" encoding="UTF-8"?>
<testsuite name="com.dotcms.auth.providers.jwt.factories.SecretKeySpecFactoryTest" tests="1" skipped="0" failures="0" errors="0" timestamp="2023-07-10T22:00:53" hostname="fv-az402-543" time="1.427">
  <properties/>
  <testcase name="readAndPrepareSecret" classname="com.dotcms.auth.providers.jwt.factories.SecretKeySpecFactoryTest" time="1.427"/>
  <system-out><![CDATA[964616a627d0744724f379ee5c70a82e75adc802fd68be4888950b0f20279a48cb0e601c966b483a66d99238a42abf64fdee5b3c1afc75ace8411b3ffc714dd7
MySecretKey2
MySecretKey3
MySecretKey3
74d6ead4a37579992016047da9156d31de6dbb583b71e04b5af6c5008f3b51683323d4bc7cdbd9dcb6f41abbb5ca44a2248bf9c7793575e1323907e9ea2240d1
c4f44da3840faca76419e4cce326c56d507608c3e1b60dcf438fd34c7dd77617590d6d623e5efa5796bd1fef7b53fd18405f6c20c128db30413326d544c061f1
d12c6f3ec7d570f110d501684d4fb226a22f6cbb1ab741e4e5b65ce4245dea20795b354221e2821644efec6329ab272a1057213fe1c5d3ad6aa00ece520bd35d
]]></system-out>
  <system-err><![CDATA[]]></system-err>
</testsuite>
