<?xml version="1.0" encoding="UTF-8"?>
<testsuite name="com.dotcms.auth.providers.jwt.factories.SecretKeySpecFactoryTest" tests="1" skipped="0" failures="0" errors="0" timestamp="2023-07-19T05:47:18" hostname="fv-az1248-8" time="2.01">
  <properties/>
  <testcase name="readAndPrepareSecret" classname="com.dotcms.auth.providers.jwt.factories.SecretKeySpecFactoryTest" time="2.01"/>
  <system-out><![CDATA[1d029521f5619b717efbd975c1c606562e4ced215b42d347b43932740353b8ebd0119d5bd50719b195c86d74417d0090ff732e071c367a4113ab7d5332315fc7
MySecretKey2
MySecretKey3
MySecretKey3
9286a9a9ef9fad33875b43f89674c14c46d16ca3883e146cd9c7fcbf09eddde1d39602af01446f220435fe3815fe3163b1f2cefbfc39961ef39f47ffc25691dc
7329e842f7a3eb5316128b77359d8c6970d0d526e614393b30ec42ecf39ce9f733a40e7d0a5b8288417c5a3c2cbd41aac84dea4d7071d42208aec59e2ae227c8
b72a41dbc85845f166a3cb8a798dc2b6dfb8950a37d2927782ec6d2b4b721ddc99b240ecce6e9a7a91bf9da5958ba69bfe37c1498093723f9f9af5716f182027
]]></system-out>
  <system-err><![CDATA[]]></system-err>
</testsuite>
