<?xml version="1.0" encoding="UTF-8"?>
<testsuite name="com.dotmarketing.portlets.workflows.ajax.WfBaseActionTest" tests="3" skipped="0" failures="0" errors="0" timestamp="2023-06-26T22:07:52" hostname="fv-az1236-103" time="0.173">
  <properties/>
  <testcase name="TestOnNullCallTheDefaultCommand" classname="com.dotmarketing.portlets.workflows.ajax.WfBaseActionTest" time="0.138"/>
  <testcase name="TestNotAllowedCommands" classname="com.dotmarketing.portlets.workflows.ajax.WfBaseActionTest" time="0.016"/>
  <testcase name="TestAllowedCommands" classname="com.dotmarketing.portlets.workflows.ajax.WfBaseActionTest" time="0.018"/>
  <system-out><![CDATA[ Command ::  forbiddenMethod  on  class Mock for WfSchemeAjax, hashCode: 160504718
 Command ::  forbiddenMethod  on  class Mock for WfTaskAjax, hashCode: 674040283
 Command ::  forbiddenMethod  on  class Mock for WfActionClassAjax, hashCode: 1960807943
 Command ::  forbiddenMethod  on  class Mock for WfActionAjax, hashCode: 264959734
 Command ::  forbiddenMethod  on  class Mock for WfRoleStoreAjax, hashCode: 1864693160
 Command ::  action  on  class Mock for WfSchemeAjax, hashCode: 847579756
 Command ::  save  on  class Mock for WfSchemeAjax, hashCode: 847579756
 Command ::  action  on  class Mock for WfTaskAjax, hashCode: 37262783
 Command ::  executeActions  on  class Mock for WfTaskAjax, hashCode: 37262783
 Command ::  executeAction  on  class Mock for WfTaskAjax, hashCode: 37262783
 Command ::  action  on  class Mock for WfActionClassAjax, hashCode: 1956820070
 Command ::  add  on  class Mock for WfActionClassAjax, hashCode: 1956820070
 Command ::  save  on  class Mock for WfActionClassAjax, hashCode: 1956820070
 Command ::  delete  on  class Mock for WfActionClassAjax, hashCode: 1956820070
 Command ::  reorder  on  class Mock for WfActionClassAjax, hashCode: 1956820070
 Command ::  deleteActionForStep  on  class Mock for WfActionAjax, hashCode: 343123756
 Command ::  add  on  class Mock for WfActionAjax, hashCode: 343123756
 Command ::  action  on  class Mock for WfActionAjax, hashCode: 343123756
 Command ::  reorder  on  class Mock for WfActionAjax, hashCode: 343123756
 Command ::  delete  on  class Mock for WfActionAjax, hashCode: 343123756
 Command ::  save  on  class Mock for WfActionAjax, hashCode: 343123756
 Command ::  rolesToJson  on  class Mock for WfRoleStoreAjax, hashCode: 600505767
 Command ::  assignable  on  class Mock for WfRoleStoreAjax, hashCode: 600505767
 Command ::  action  on  class Mock for WfRoleStoreAjax, hashCode: 600505767
]]></system-out>
  <system-err><![CDATA[]]></system-err>
</testsuite>
