<?xml version="1.0" encoding="UTF-8"?>
<testsuite name="com.dotmarketing.portlets.workflows.ajax.WfBaseActionTest" tests="3" skipped="0" failures="0" errors="0" timestamp="2023-06-29T21:32:20" hostname="fv-az412-119" time="0.192">
  <properties/>
  <testcase name="TestOnNullCallTheDefaultCommand" classname="com.dotmarketing.portlets.workflows.ajax.WfBaseActionTest" time="0.152"/>
  <testcase name="TestNotAllowedCommands" classname="com.dotmarketing.portlets.workflows.ajax.WfBaseActionTest" time="0.011"/>
  <testcase name="TestAllowedCommands" classname="com.dotmarketing.portlets.workflows.ajax.WfBaseActionTest" time="0.028"/>
  <system-out><![CDATA[ Command ::  forbiddenMethod  on  class Mock for WfActionClassAjax, hashCode: 1615765679
 Command ::  forbiddenMethod  on  class Mock for WfRoleStoreAjax, hashCode: 600505767
 Command ::  forbiddenMethod  on  class Mock for WfSchemeAjax, hashCode: 479261321
 Command ::  forbiddenMethod  on  class Mock for WfActionAjax, hashCode: 1749307135
 Command ::  forbiddenMethod  on  class Mock for WfTaskAjax, hashCode: 166326165
 Command ::  save  on  class Mock for WfActionClassAjax, hashCode: 1650345517
 Command ::  delete  on  class Mock for WfActionClassAjax, hashCode: 1650345517
 Command ::  reorder  on  class Mock for WfActionClassAjax, hashCode: 1650345517
 Command ::  action  on  class Mock for WfActionClassAjax, hashCode: 1650345517
 Command ::  add  on  class Mock for WfActionClassAjax, hashCode: 1650345517
 Command ::  rolesToJson  on  class Mock for WfRoleStoreAjax, hashCode: 2102763626
 Command ::  assignable  on  class Mock for WfRoleStoreAjax, hashCode: 2102763626
 Command ::  action  on  class Mock for WfRoleStoreAjax, hashCode: 2102763626
 Command ::  action  on  class Mock for WfSchemeAjax, hashCode: 2109870336
 Command ::  save  on  class Mock for WfSchemeAjax, hashCode: 2109870336
 Command ::  deleteActionForStep  on  class Mock for WfActionAjax, hashCode: 1626338156
 Command ::  add  on  class Mock for WfActionAjax, hashCode: 1626338156
 Command ::  action  on  class Mock for WfActionAjax, hashCode: 1626338156
 Command ::  reorder  on  class Mock for WfActionAjax, hashCode: 1626338156
 Command ::  delete  on  class Mock for WfActionAjax, hashCode: 1626338156
 Command ::  save  on  class Mock for WfActionAjax, hashCode: 1626338156
 Command ::  executeAction  on  class Mock for WfTaskAjax, hashCode: 1754839081
 Command ::  action  on  class Mock for WfTaskAjax, hashCode: 1754839081
 Command ::  executeActions  on  class Mock for WfTaskAjax, hashCode: 1754839081
]]></system-out>
  <system-err><![CDATA[]]></system-err>
</testsuite>
