<?xml version="1.0" encoding="UTF-8"?>
<testsuite name="com.dotmarketing.portlets.workflows.ajax.WfBaseActionTest" tests="3" skipped="0" failures="0" errors="0" timestamp="2023-07-17T18:53:55" hostname="fv-az456-965" time="0.457">
  <properties/>
  <testcase name="TestOnNullCallTheDefaultCommand" classname="com.dotmarketing.portlets.workflows.ajax.WfBaseActionTest" time="0.316"/>
  <testcase name="TestNotAllowedCommands" classname="com.dotmarketing.portlets.workflows.ajax.WfBaseActionTest" time="0.018"/>
  <testcase name="TestAllowedCommands" classname="com.dotmarketing.portlets.workflows.ajax.WfBaseActionTest" time="0.114"/>
  <system-out><![CDATA[ Command ::  forbiddenMethod  on  class Mock for WfActionClassAjax, hashCode: 824911933
 Command ::  forbiddenMethod  on  class Mock for WfRoleStoreAjax, hashCode: 774194593
 Command ::  forbiddenMethod  on  class Mock for WfSchemeAjax, hashCode: 603902861
 Command ::  forbiddenMethod  on  class Mock for WfActionAjax, hashCode: 163391416
 Command ::  forbiddenMethod  on  class Mock for WfTaskAjax, hashCode: 1960746771
 Command ::  reorder  on  class Mock for WfActionClassAjax, hashCode: 311833880
 Command ::  action  on  class Mock for WfActionClassAjax, hashCode: 311833880
 Command ::  add  on  class Mock for WfActionClassAjax, hashCode: 311833880
 Command ::  save  on  class Mock for WfActionClassAjax, hashCode: 311833880
 Command ::  delete  on  class Mock for WfActionClassAjax, hashCode: 311833880
 Command ::  assignable  on  class Mock for WfRoleStoreAjax, hashCode: 1171525343
 Command ::  action  on  class Mock for WfRoleStoreAjax, hashCode: 1171525343
 Command ::  rolesToJson  on  class Mock for WfRoleStoreAjax, hashCode: 1171525343
 Command ::  action  on  class Mock for WfSchemeAjax, hashCode: 823885176
 Command ::  save  on  class Mock for WfSchemeAjax, hashCode: 823885176
 Command ::  add  on  class Mock for WfActionAjax, hashCode: 58623464
 Command ::  action  on  class Mock for WfActionAjax, hashCode: 58623464
 Command ::  reorder  on  class Mock for WfActionAjax, hashCode: 58623464
 Command ::  delete  on  class Mock for WfActionAjax, hashCode: 58623464
 Command ::  save  on  class Mock for WfActionAjax, hashCode: 58623464
 Command ::  deleteActionForStep  on  class Mock for WfActionAjax, hashCode: 58623464
 Command ::  action  on  class Mock for WfTaskAjax, hashCode: 1250188449
 Command ::  executeActions  on  class Mock for WfTaskAjax, hashCode: 1250188449
 Command ::  executeAction  on  class Mock for WfTaskAjax, hashCode: 1250188449
]]></system-out>
  <system-err><![CDATA[]]></system-err>
</testsuite>
