<?xml version="1.0" encoding="UTF-8"?>
<testsuite name="com.dotcms.util.GeoIp2CityDbUtilTest" tests="4" skipped="0" failures="0" errors="0" timestamp="2023-06-30T14:24:06" hostname="fv-az336-775" time="0.149">
  <properties/>
  <testcase name="test_geo_db_is_singleton" classname="com.dotcms.util.GeoIp2CityDbUtilTest" time="0.022"/>
  <testcase name="test_geo_db_works" classname="com.dotcms.util.GeoIp2CityDbUtilTest" time="0.107"/>
  <testcase name="test_Geolocation_can_reload" classname="com.dotcms.util.GeoIp2CityDbUtilTest" time="0.001"/>
  <testcase name="test_Geolocation_can_serialize" classname="com.dotcms.util.GeoIp2CityDbUtilTest" time="0.018"/>
  <system-out><![CDATA[Current dir:/home/runner/work/core/core/dotCMS
{"latitude":42.6489,"longitude":-71.1655,"country":"United States","countryCode":"US","city":"Andover","continent":"North America","continentCode":"NA","company":null,"timezone":"America/New_York","subdivision":"Massachusetts","subdivisionCode":"MA","ipAddress":"108.49.249.66"}
]]></system-out>
  <system-err><![CDATA[]]></system-err>
</testsuite>
