<?xml version="1.0" encoding="UTF-8"?>
<testsuite name="com.dotcms.auth.providers.jwt.factories.SecretKeySpecFactoryTest" tests="1" skipped="0" failures="0" errors="0" timestamp="2023-06-26T13:51:22" hostname="fv-az615-303" time="1.874">
  <properties/>
  <testcase name="readAndPrepareSecret" classname="com.dotcms.auth.providers.jwt.factories.SecretKeySpecFactoryTest" time="1.874"/>
  <system-out><![CDATA[1acba9cde5911ed4159c4c403f1b0c4b92388f95cdc3236fb5b57d26e796d75866f46602a126cb7f8659aeff6024fd541c5f3ad3a89847437a2765c3dd812274
MySecretKey2
MySecretKey3
MySecretKey3
e78c160bb85b0c13f87ad3c15a00f0fbf275ffd034ea92dd08a16392b0448cd9e28129cd344b5679587e60e50562aaa9628158cfbc81f380f56f4fa7dc058ddc
04c1145609c2e551e0a9ac25cb5fb8fa0313de46efb7c89ef9aca544ec5ee305507691f27834d80fc56d8e029a5b34fd1863a8fc9098f72cada1189acbd76618
bc5919ab30c57dad9c1ca9ca7c289663e333dccc113edbd0ffc946ddf468d228809ec59a9e3cf7077c7ef9513d28cc1a6e3beb71047f9399fdc73902427c5bc9
]]></system-out>
  <system-err><![CDATA[]]></system-err>
</testsuite>
