<?xml version="1.0" encoding="UTF-8"?>
<testsuite name="com.dotmarketing.quartz.DeleteFieldJobHelperTest" tests="3" skipped="0" failures="0" errors="0" timestamp="2023-06-28T14:28:33" hostname="fv-az626-69" time="0.015">
  <properties/>
  <testcase name="testGenerateNotificationEndDeleting" classname="com.dotmarketing.quartz.DeleteFieldJobHelperTest" time="0.011"/>
  <testcase name="testGenerateNotificationStartDeleting" classname="com.dotmarketing.quartz.DeleteFieldJobHelperTest" time="0.003"/>
  <testcase name="testGenerateNotificationUnableDeleting" classname="com.dotmarketing.quartz.DeleteFieldJobHelperTest" time="0.001"/>
  <system-out><![CDATA[]]></system-out>
  <system-err><![CDATA[]]></system-err>
</testsuite>
