<?xml version="1.0" encoding="UTF-8"?>
<testsuite name="com.dotcms.auth.providers.jwt.factories.SecretKeySpecFactoryTest" tests="1" skipped="0" failures="0" errors="0" timestamp="2023-07-18T21:47:06" hostname="fv-az612-136" time="1.57">
  <properties/>
  <testcase name="readAndPrepareSecret" classname="com.dotcms.auth.providers.jwt.factories.SecretKeySpecFactoryTest" time="1.57"/>
  <system-out><![CDATA[d748c80e02d05909dba815945e9f49ffa19283670d0ec80638dd86f8c007f63db0102337a4802301300b0cb5b7117392f297820228a8dd0ae58fb313d6d24e15
MySecretKey2
MySecretKey3
MySecretKey3
f7e0b5ceedf6d0e0bc725463b34d80ba34741fee65f6e6adf30252d3fcda3dd7bc1ea39aff60578cf87c8a7773d99f3890ff67718ec5959040a0a43fcdc7c084
4cac9ee7ced265163d8afe9f747e78a975423c344fd7c24b4ef2ffd077c65307499de5c4cd9fa00f9c463dd782209220cba8fc15cf23b4a1f73219dd73e6e514
e59b371a75e71ca096b2ed1c3bd304f9ed0897e6aea3d2334eecece6fcf309ee457a9aeb70c317b7f4fd29abe3325a62bb61e0ddc43bcae73b0d31dc4f69371f
]]></system-out>
  <system-err><![CDATA[]]></system-err>
</testsuite>
