<?xml version="1.0" encoding="UTF-8"?>
<testsuite name="com.dotcms.auth.providers.jwt.factories.SecretKeySpecFactoryTest" tests="1" skipped="0" failures="0" errors="0" timestamp="2023-06-27T17:57:14" hostname="fv-az246-4" time="1.438">
  <properties/>
  <testcase name="readAndPrepareSecret" classname="com.dotcms.auth.providers.jwt.factories.SecretKeySpecFactoryTest" time="1.438"/>
  <system-out><![CDATA[7c886fa6bba76482225baaed536bd80279cca8d604ef4bade0d07cda7ebdaad60898ad456df1c7b29f0076acebe058f83af315d4b893c7dfb0ebe4d38bd1ddd3
MySecretKey2
MySecretKey3
MySecretKey3
271b1ea5c542b9643706ab0f6107066c42beef5412b0b727bbe81f8ccaa9f0cd66d9f5b33745b66aafe506fa1ab2546ac68b71880360172054346234113f6590
21b092a60f07877924d4a606bbd81cfe0583008c3c76574a7da16c75266145f55d9f8d13869e5ffebbbc0f182c66397e43cf9f874e0300bbd7044e24d67c6133
6fea8c84a12478f9bd82dfd74388850b2b5361e1a8714a9c2cc601fcaae7614fe8969927cd53ec967da83be321092fa7a86c81f45405b49df039af7bb9d38c0c
]]></system-out>
  <system-err><![CDATA[]]></system-err>
</testsuite>
