<?xml version="1.0" encoding="UTF-8"?>
<testsuite name="com.dotcms.util.pagination.SiteViewPaginatorUnitTest" tests="2" skipped="0" failures="0" errors="0" timestamp="2023-06-26T16:35:02" hostname="fv-az790-547" time="0.117">
  <properties/>
  <testcase name="Test_Get_Items_Sorted_Pages" classname="com.dotcms.util.pagination.SiteViewPaginatorUnitTest" time="0.086"/>
  <testcase name="Test_Get_Items_Page_Size" classname="com.dotcms.util.pagination.SiteViewPaginatorUnitTest" time="0.031"/>
  <system-out><![CDATA[SYSTEM_HOST
0
1
2
3
4
5
6
]]></system-out>
  <system-err><![CDATA[]]></system-err>
</testsuite>
