<?xml version="1.0" encoding="UTF-8"?>
<testsuite name="com.dotcms.auth.providers.jwt.factories.SecretKeySpecFactoryTest" tests="1" skipped="0" failures="0" errors="0" timestamp="2023-06-27T23:33:32" hostname="fv-az337-595" time="1.338">
  <properties/>
  <testcase name="readAndPrepareSecret" classname="com.dotcms.auth.providers.jwt.factories.SecretKeySpecFactoryTest" time="1.338"/>
  <system-out><![CDATA[85f1439f0914257afde331bdd2e4fc670b4b12a1a9ed5371858d90a44109c56427c2b71d198647f5b0c7b9ca1f43b162672bb795dcad510e35f305bc57d2b8b9
MySecretKey2
MySecretKey3
MySecretKey3
84a26aa23ea0393ffb16dc3c6fc1b3a465e96139b1531efa594e2fb448e4c69938dc5900977a1f6c80de7bdb681c4423d6e6c1ff09eb16b0653a8f530836f25f
143f5df896b0642d0b50be08c62a7f0d9398aa9b602f937e613863c8122ad39b8b441b5c7d2336d536ec0ac42df1b0d6a5be5078f4dc3735e016dbc4006b9d39
bea8e3163bdddd67c1c82fab3f558dd0604a942a4fa41f1504a5729f4c9e8d2a9abcf656a2a3748d8aacff5c4d63dd3de96cf67a4a0cf7167855546fb830ae2c
]]></system-out>
  <system-err><![CDATA[]]></system-err>
</testsuite>
