<?xml version="1.0" encoding="UTF-8"?>
<testsuite name="com.dotcms.auth.providers.jwt.factories.SecretKeySpecFactoryTest" tests="1" skipped="0" failures="0" errors="0" timestamp="2023-06-24T01:55:55" hostname="fv-az562-927" time="1.315">
  <properties/>
  <testcase name="readAndPrepareSecret" classname="com.dotcms.auth.providers.jwt.factories.SecretKeySpecFactoryTest" time="1.315"/>
  <system-out><![CDATA[395d885648d27b135fdcda8a69e699bec020381a26646bda38dadce5fa9744ab87fa979fe80927424e1a56d9112af013cc15d45eecc583abe26234ccd9a9969b
MySecretKey2
MySecretKey3
MySecretKey3
97cb440cdb7881b6ac43b06981bfbc4e6fe1b3ec0eb53638ec82850beb1d1cd725b0b2e2cb3ae660e9673772cb0a4d931f489dc3948af9c31f69f189ed9b29a6
3c51861711b2420b70169d666dbd2f10931867e4f96f39a9d0d565e36dcc578b09238adacf975ec04e4c849ac23d2bf5ace2a06a980cef5fd9702280666569e5
bf86dc88cef514772b3c46c0f076e5c8bf1466ac0a32d741a4cd9ce771de320d2f13f4c78b841585d278b070a659515ab7053017d304f1e8a57bb92f1e4f7e82
]]></system-out>
  <system-err><![CDATA[]]></system-err>
</testsuite>
