<?xml version="1.0" encoding="UTF-8"?>
<testsuite name="com.dotcms.auth.providers.jwt.factories.SecretKeySpecFactoryTest" tests="1" skipped="0" failures="0" errors="0" timestamp="2023-06-28T03:10:23" hostname="fv-az559-486" time="1.406">
  <properties/>
  <testcase name="readAndPrepareSecret" classname="com.dotcms.auth.providers.jwt.factories.SecretKeySpecFactoryTest" time="1.406"/>
  <system-out><![CDATA[797f80bb0d0ea64df1479d6ae45017e31d0ec27fcc468293be2682a899caf9c73a9ab3802ac0f27ec4261d74ff44e709196054388e047ecc6f31a5e36c0df6a8
MySecretKey2
MySecretKey3
MySecretKey3
07828e147ed36d93accbfee78cb09c4c6e1d3efd6d95917542bb870721e98ab69d5594c8726bd9d5e90e636ebef0eb7fb8fc1a5fd835a9a828e7fb262bc659a4
407ecfcbf3c305a4251ad0fb98b219539d4dec46052a4ea1d190c6f1bf0d37d37874dfd4638f11e7cf1b6e1291f39868eea4cfced543cdf7d572410218fbab95
08bce46b74c0db4ef714342fe295f51d049f6dc225fd8294d4b9a1f23fce7d121e7189518d847af4b0294bc898aba188aa6bf8347eb8d65f89fba8cdcf62c1c7
]]></system-out>
  <system-err><![CDATA[]]></system-err>
</testsuite>
