<?xml version="1.0" encoding="UTF-8"?>
<testsuite name="com.dotmarketing.portlets.workflows.ajax.WfBaseActionTest" tests="3" skipped="0" failures="0" errors="0" timestamp="2023-06-30T14:25:25" hostname="fv-az336-775" time="0.204">
  <properties/>
  <testcase name="TestOnNullCallTheDefaultCommand" classname="com.dotmarketing.portlets.workflows.ajax.WfBaseActionTest" time="0.159"/>
  <testcase name="TestNotAllowedCommands" classname="com.dotmarketing.portlets.workflows.ajax.WfBaseActionTest" time="0.012"/>
  <testcase name="TestAllowedCommands" classname="com.dotmarketing.portlets.workflows.ajax.WfBaseActionTest" time="0.032"/>
  <system-out><![CDATA[ Command ::  forbiddenMethod  on  class Mock for WfActionClassAjax, hashCode: 315013299
 Command ::  forbiddenMethod  on  class Mock for WfSchemeAjax, hashCode: 2102763626
 Command ::  forbiddenMethod  on  class Mock for WfTaskAjax, hashCode: 2109870336
 Command ::  forbiddenMethod  on  class Mock for WfActionAjax, hashCode: 1626338156
 Command ::  forbiddenMethod  on  class Mock for WfRoleStoreAjax, hashCode: 1712016395
 Command ::  add  on  class Mock for WfActionClassAjax, hashCode: 57465301
 Command ::  action  on  class Mock for WfActionClassAjax, hashCode: 57465301
 Command ::  reorder  on  class Mock for WfActionClassAjax, hashCode: 57465301
 Command ::  delete  on  class Mock for WfActionClassAjax, hashCode: 57465301
 Command ::  save  on  class Mock for WfActionClassAjax, hashCode: 57465301
 Command ::  save  on  class Mock for WfSchemeAjax, hashCode: 968040766
 Command ::  action  on  class Mock for WfSchemeAjax, hashCode: 968040766
 Command ::  executeAction  on  class Mock for WfTaskAjax, hashCode: 1615558731
 Command ::  executeActions  on  class Mock for WfTaskAjax, hashCode: 1615558731
 Command ::  action  on  class Mock for WfTaskAjax, hashCode: 1615558731
 Command ::  add  on  class Mock for WfActionAjax, hashCode: 1158778446
 Command ::  deleteActionForStep  on  class Mock for WfActionAjax, hashCode: 1158778446
 Command ::  save  on  class Mock for WfActionAjax, hashCode: 1158778446
 Command ::  delete  on  class Mock for WfActionAjax, hashCode: 1158778446
 Command ::  reorder  on  class Mock for WfActionAjax, hashCode: 1158778446
 Command ::  action  on  class Mock for WfActionAjax, hashCode: 1158778446
 Command ::  assignable  on  class Mock for WfRoleStoreAjax, hashCode: 600807963
 Command ::  rolesToJson  on  class Mock for WfRoleStoreAjax, hashCode: 600807963
 Command ::  action  on  class Mock for WfRoleStoreAjax, hashCode: 600807963
]]></system-out>
  <system-err><![CDATA[]]></system-err>
</testsuite>
