<?xml version="1.0" encoding="UTF-8"?>
<testsuite name="com.dotcms.util.pagination.SiteViewPaginatorUnitTest" tests="2" skipped="0" failures="0" errors="0" timestamp="2023-07-21T23:55:21" hostname="fv-az180-422" time="0.228">
  <properties/>
  <testcase name="Test_Get_Items_Sorted_Pages" classname="com.dotcms.util.pagination.SiteViewPaginatorUnitTest" time="0.176"/>
  <testcase name="Test_Get_Items_Page_Size" classname="com.dotcms.util.pagination.SiteViewPaginatorUnitTest" time="0.052"/>
  <system-out><![CDATA[SYSTEM_HOST
0
1
2
3
5
6
8
]]></system-out>
  <system-err><![CDATA[]]></system-err>
</testsuite>
