<?xml version="1.0" encoding="UTF-8"?>
<testsuite name="com.dotmarketing.plugin.PluginMergerTest" tests="1" skipped="1" failures="0" errors="0" timestamp="2023-07-10T23:22:41" hostname="fv-az313-814" time="0.004">
  <properties/>
  <testcase name="testMergeByAttribute" classname="com.dotmarketing.plugin.PluginMergerTest" time="0.004">
    <skipped/>
  </testcase>
  <system-out><![CDATA[]]></system-out>
  <system-err><![CDATA[]]></system-err>
</testsuite>
