<?xml version="1.0" encoding="UTF-8"?>
<testsuite name="com.dotcms.auth.providers.jwt.factories.SecretKeySpecFactoryTest" tests="1" skipped="0" failures="0" errors="0" timestamp="2023-06-27T19:37:28" hostname="fv-az404-370" time="1.256">
  <properties/>
  <testcase name="readAndPrepareSecret" classname="com.dotcms.auth.providers.jwt.factories.SecretKeySpecFactoryTest" time="1.256"/>
  <system-out><![CDATA[8dad9c2232133bbdfa31d185419b81c459bbc8f9613e0807b894fcdaab73b18c837f2a77a418f74118b764c7bf4c68c87648ba85a68d6580df7ec0453334798e
MySecretKey2
MySecretKey3
MySecretKey3
bdba907cbc4931aee8f4a91b0746881c3c3627a18c1b5b5f84284e51e3f7fa2b0bf0845891969ba8cad2fd86e991e0214fa8685d8a163d1a6ba162dc546935a9
1b999de2d3c964482909c49b80053f8d9050550bedc58aff8dc3dabf8dfe5f8fbebe8f5cd90958abda9071bfbcac186168c9deb3db9673566cd613ed9aef78b9
524c82547f6c05aaae84cf373f2d8ce1687eb6714e412589790679f2c54f7bc6697abe7819b3a384b74d8cf78225bba914211b23d510123d6f518931e142f4f7
]]></system-out>
  <system-err><![CDATA[]]></system-err>
</testsuite>
