<?xml version="1.0" encoding="UTF-8"?>
<testsuite name="com.dotmarketing.db.DockerSecretsUtilTest" tests="7" skipped="0" failures="0" errors="0" timestamp="2023-06-29T23:05:03" hostname="fv-az803-935" time="0.03">
  <properties/>
  <testcase name="testLoadFromFileWhenFileDoesNotExist" classname="com.dotmarketing.db.DockerSecretsUtilTest" time="0.007"/>
  <testcase name="testLoadFromFileWithInvalidSecrets" classname="com.dotmarketing.db.DockerSecretsUtilTest" time="0.004"/>
  <testcase name="testLoadWithValidSecrets" classname="com.dotmarketing.db.DockerSecretsUtilTest" time="0.013"/>
  <testcase name="testLoadWithAnEmptyDir" classname="com.dotmarketing.db.DockerSecretsUtilTest" time="0.0"/>
  <testcase name="testLoadWhenFileDoesNotExist" classname="com.dotmarketing.db.DockerSecretsUtilTest" time="0.001"/>
  <testcase name="testLoadFromFileWithValidSecrets" classname="com.dotmarketing.db.DockerSecretsUtilTest" time="0.0"/>
  <testcase name="testLoadFromFileWhenFilePathDoesNotExist" classname="com.dotmarketing.db.DockerSecretsUtilTest" time="0.0"/>
  <system-out><![CDATA[]]></system-out>
  <system-err><![CDATA[]]></system-err>
</testsuite>
