<?xml version="1.0" encoding="UTF-8"?>
<testsuite name="com.dotcms.auth.providers.jwt.factories.SecretKeySpecFactoryTest" tests="1" skipped="0" failures="0" errors="0" timestamp="2023-07-11T16:21:28" hostname="fv-az1259-394" time="1.394">
  <properties/>
  <testcase name="readAndPrepareSecret" classname="com.dotcms.auth.providers.jwt.factories.SecretKeySpecFactoryTest" time="1.394"/>
  <system-out><![CDATA[c7bb4b257f52f3ffa7cbc6e25116bba087f168666996809da6dde7ce831a554f019b2b4cf365a6e1918ee3e361edcb060790b0beb7912831d7117ea7c6e4b6a3
MySecretKey2
MySecretKey3
MySecretKey3
ff5c7252c68ce55578231f3a2df0a61a84db03a8102d09271418f20338ad6fa74fa6c7c8750f3f779bf2ae513c77b10fe78824527505a24930e5e252ead745dd
f07771f6720d0241980157fc25ce5c7d8110b06adfddf83102d64de917b19a66a099076141123ea7feab1f430f3805eaa8953613cc46ae208213617de379fad3
7a65edbd457b2bb6825855671cbc3e7cdf185a83683929ee169ba84d5322048e1d79a4d1bf3d381b384dfc258ccb17283f237f7659e30ba1ddebf25eb69d6ef4
]]></system-out>
  <system-err><![CDATA[]]></system-err>
</testsuite>
