<?xml version="1.0" encoding="UTF-8"?>
<testsuite name="com.dotmarketing.portlets.osgi.AJAX.OSGIBaseAJAXTest" tests="3" skipped="0" failures="0" errors="0" timestamp="2023-06-29T23:07:06" hostname="fv-az614-79" time="0.049">
  <properties/>
  <testcase name="TestOnNullCallTheDefaultCommand" classname="com.dotmarketing.portlets.osgi.AJAX.OSGIBaseAJAXTest" time="0.032"/>
  <testcase name="TestNotAllowedCommands" classname="com.dotmarketing.portlets.osgi.AJAX.OSGIBaseAJAXTest" time="0.002"/>
  <testcase name="TestAllowedCommands" classname="com.dotmarketing.portlets.osgi.AJAX.OSGIBaseAJAXTest" time="0.015"/>
  <system-out><![CDATA[ Command ::  forbiddenMethod  on  class Mock for OSGIAJAX, hashCode: 488275839
 Command ::  restart  on  class Mock for OSGIAJAX, hashCode: 1049032053
 Command ::  action  on  class Mock for OSGIAJAX, hashCode: 1049032053
 Command ::  getExtraPackages  on  class Mock for OSGIAJAX, hashCode: 1049032053
 Command ::  remove  on  class Mock for OSGIAJAX, hashCode: 1049032053
 Command ::  deploy  on  class Mock for OSGIAJAX, hashCode: 1049032053
 Command ::  modifyExtraPackages  on  class Mock for OSGIAJAX, hashCode: 1049032053
 Command ::  undeploy  on  class Mock for OSGIAJAX, hashCode: 1049032053
 Command ::  stop  on  class Mock for OSGIAJAX, hashCode: 1049032053
 Command ::  add  on  class Mock for OSGIAJAX, hashCode: 1049032053
 Command ::  start  on  class Mock for OSGIAJAX, hashCode: 1049032053
]]></system-out>
  <system-err><![CDATA[]]></system-err>
</testsuite>
