<?xml version="1.0" encoding="UTF-8"?>
<testsuite name="com.dotmarketing.portlets.workflows.actionlet.SaveContentAsDraftActionletTest" tests="4" skipped="0" failures="0" errors="0" timestamp="2023-07-14T22:39:11" hostname="fv-az612-136" time="0.083">
  <properties/>
  <testcase name="shouldCallSaveDraftWithTheRightParametersWhenContentletDependenciesIsNull[0: com.dotmarketing.portlets.workflows.actionlet.SaveContentAsDraftActionletTest$TestCase@38e879d6]" classname="com.dotmarketing.portlets.workflows.actionlet.SaveContentAsDraftActionletTest" time="0.053"/>
  <testcase name="shouldCallSaveDraftWithTheRightParametersWhenContentletDependenciesIsNull[1: com.dotmarketing.portlets.workflows.actionlet.SaveContentAsDraftActionletTest$TestCase@11502d37]" classname="com.dotmarketing.portlets.workflows.actionlet.SaveContentAsDraftActionletTest" time="0.001"/>
  <testcase name="shouldCallSaveDraftWithTheRightParameters[0: com.dotmarketing.portlets.workflows.actionlet.SaveContentAsDraftActionletTest$TestCase@38e879d6]" classname="com.dotmarketing.portlets.workflows.actionlet.SaveContentAsDraftActionletTest" time="0.028"/>
  <testcase name="shouldCallSaveDraftWithTheRightParameters[1: com.dotmarketing.portlets.workflows.actionlet.SaveContentAsDraftActionletTest$TestCase@11502d37]" classname="com.dotmarketing.portlets.workflows.actionlet.SaveContentAsDraftActionletTest" time="0.001"/>
  <system-out><![CDATA[]]></system-out>
  <system-err><![CDATA[]]></system-err>
</testsuite>
