<?xml version="1.0" encoding="UTF-8"?>
<testsuite name="com.dotmarketing.portlets.workflows.ajax.WfBaseActionTest" tests="3" skipped="0" failures="0" errors="0" timestamp="2023-07-12T18:58:03" hostname="fv-az809-670" time="0.155">
  <properties/>
  <testcase name="TestOnNullCallTheDefaultCommand" classname="com.dotmarketing.portlets.workflows.ajax.WfBaseActionTest" time="0.122"/>
  <testcase name="TestNotAllowedCommands" classname="com.dotmarketing.portlets.workflows.ajax.WfBaseActionTest" time="0.009"/>
  <testcase name="TestAllowedCommands" classname="com.dotmarketing.portlets.workflows.ajax.WfBaseActionTest" time="0.023"/>
  <system-out><![CDATA[ Command ::  forbiddenMethod  on  class Mock for WfActionClassAjax, hashCode: 1839191304
 Command ::  forbiddenMethod  on  class Mock for WfSchemeAjax, hashCode: 465820913
 Command ::  forbiddenMethod  on  class Mock for WfRoleStoreAjax, hashCode: 886083976
 Command ::  forbiddenMethod  on  class Mock for WfTaskAjax, hashCode: 1136383224
 Command ::  forbiddenMethod  on  class Mock for WfActionAjax, hashCode: 1973054972
 Command ::  action  on  class Mock for WfActionClassAjax, hashCode: 2079774015
 Command ::  reorder  on  class Mock for WfActionClassAjax, hashCode: 2079774015
 Command ::  delete  on  class Mock for WfActionClassAjax, hashCode: 2079774015
 Command ::  save  on  class Mock for WfActionClassAjax, hashCode: 2079774015
 Command ::  add  on  class Mock for WfActionClassAjax, hashCode: 2079774015
 Command ::  save  on  class Mock for WfSchemeAjax, hashCode: 563794979
 Command ::  action  on  class Mock for WfSchemeAjax, hashCode: 563794979
 Command ::  action  on  class Mock for WfRoleStoreAjax, hashCode: 1137016357
 Command ::  assignable  on  class Mock for WfRoleStoreAjax, hashCode: 1137016357
 Command ::  rolesToJson  on  class Mock for WfRoleStoreAjax, hashCode: 1137016357
 Command ::  action  on  class Mock for WfTaskAjax, hashCode: 781679844
 Command ::  executeAction  on  class Mock for WfTaskAjax, hashCode: 781679844
 Command ::  executeActions  on  class Mock for WfTaskAjax, hashCode: 781679844
 Command ::  save  on  class Mock for WfActionAjax, hashCode: 1114272351
 Command ::  delete  on  class Mock for WfActionAjax, hashCode: 1114272351
 Command ::  reorder  on  class Mock for WfActionAjax, hashCode: 1114272351
 Command ::  action  on  class Mock for WfActionAjax, hashCode: 1114272351
 Command ::  add  on  class Mock for WfActionAjax, hashCode: 1114272351
 Command ::  deleteActionForStep  on  class Mock for WfActionAjax, hashCode: 1114272351
]]></system-out>
  <system-err><![CDATA[]]></system-err>
</testsuite>
