<?xml version="1.0" encoding="UTF-8"?>
<testsuite name="com.dotcms.util.diff.DiffCommandTest" tests="2" skipped="0" failures="0" errors="0" timestamp="2023-06-29T19:04:40" hostname="fv-az621-917" time="0.009">
  <properties/>
  <testcase name="applyDiff_Comparable" classname="com.dotcms.util.diff.DiffCommandTest" time="0.007"/>
  <testcase name="applyDiff_Differentiable" classname="com.dotcms.util.diff.DiffCommandTest" time="0.002"/>
  <system-out><![CDATA[{six=six, five=five}
{two=two}
{four=fourxxx, one=onexxx}
{six=com.dotcms.util.diff.DiffCommandTest$StringDifferentiable@3a12f53e, five=com.dotcms.util.diff.DiffCommandTest$StringDifferentiable@62494378}
{two=com.dotcms.util.diff.DiffCommandTest$StringDifferentiable@228be5d}
{four=com.dotcms.util.diff.DiffCommandTest$StringDifferentiable@2558d5d4, one=com.dotcms.util.diff.DiffCommandTest$StringDifferentiable@8ce7f44}
]]></system-out>
  <system-err><![CDATA[]]></system-err>
</testsuite>
