<?xml version="1.0" encoding="UTF-8"?>
<testsuite name="com.dotmarketing.portlets.workflows.ajax.WfBaseActionTest" tests="3" skipped="0" failures="0" errors="0" timestamp="2023-06-29T23:05:09" hostname="fv-az803-935" time="0.233">
  <properties/>
  <testcase name="TestOnNullCallTheDefaultCommand" classname="com.dotmarketing.portlets.workflows.ajax.WfBaseActionTest" time="0.171"/>
  <testcase name="TestNotAllowedCommands" classname="com.dotmarketing.portlets.workflows.ajax.WfBaseActionTest" time="0.029"/>
  <testcase name="TestAllowedCommands" classname="com.dotmarketing.portlets.workflows.ajax.WfBaseActionTest" time="0.032"/>
  <system-out><![CDATA[ Command ::  forbiddenMethod  on  class Mock for WfSchemeAjax, hashCode: 345491262
 Command ::  forbiddenMethod  on  class Mock for WfTaskAjax, hashCode: 1770860877
 Command ::  forbiddenMethod  on  class Mock for WfActionAjax, hashCode: 156135639
 Command ::  forbiddenMethod  on  class Mock for WfActionClassAjax, hashCode: 479702799
 Command ::  forbiddenMethod  on  class Mock for WfRoleStoreAjax, hashCode: 309744616
 Command ::  save  on  class Mock for WfSchemeAjax, hashCode: 682083952
 Command ::  action  on  class Mock for WfSchemeAjax, hashCode: 682083952
 Command ::  executeAction  on  class Mock for WfTaskAjax, hashCode: 1108844701
 Command ::  executeActions  on  class Mock for WfTaskAjax, hashCode: 1108844701
 Command ::  action  on  class Mock for WfTaskAjax, hashCode: 1108844701
 Command ::  delete  on  class Mock for WfActionAjax, hashCode: 45738984
 Command ::  reorder  on  class Mock for WfActionAjax, hashCode: 45738984
 Command ::  action  on  class Mock for WfActionAjax, hashCode: 45738984
 Command ::  add  on  class Mock for WfActionAjax, hashCode: 45738984
 Command ::  deleteActionForStep  on  class Mock for WfActionAjax, hashCode: 45738984
 Command ::  save  on  class Mock for WfActionAjax, hashCode: 45738984
 Command ::  add  on  class Mock for WfActionClassAjax, hashCode: 1626338156
 Command ::  action  on  class Mock for WfActionClassAjax, hashCode: 1626338156
 Command ::  reorder  on  class Mock for WfActionClassAjax, hashCode: 1626338156
 Command ::  delete  on  class Mock for WfActionClassAjax, hashCode: 1626338156
 Command ::  save  on  class Mock for WfActionClassAjax, hashCode: 1626338156
 Command ::  assignable  on  class Mock for WfRoleStoreAjax, hashCode: 1754839081
 Command ::  rolesToJson  on  class Mock for WfRoleStoreAjax, hashCode: 1754839081
 Command ::  action  on  class Mock for WfRoleStoreAjax, hashCode: 1754839081
]]></system-out>
  <system-err><![CDATA[]]></system-err>
</testsuite>
