<?xml version="1.0" encoding="UTF-8"?>
<testsuite name="com.dotcms.auth.providers.jwt.factories.SecretKeySpecFactoryTest" tests="1" skipped="0" failures="0" errors="0" timestamp="2023-07-08T03:56:35" hostname="fv-az1025-488" time="1.695">
  <properties/>
  <testcase name="readAndPrepareSecret" classname="com.dotcms.auth.providers.jwt.factories.SecretKeySpecFactoryTest" time="1.695"/>
  <system-out><![CDATA[1e5f315fff03a02356a4e1a77a10bcc3908180d07fc48b9885465554273424429e8806bb5c279323ec8964336eee269fd1212c90cc5e3a622d95f92b33c9a29e
MySecretKey2
MySecretKey3
MySecretKey3
bc4d6f1f1ff54c1de12a3d9c43edc1d8fa15187f12b7e2f5c8db7bf3dc881a2710e239527175e27ac1289d700fc2095323ddd98afbd2bc481d8a03bf6e370b7e
f753611f15a202e16f3c1eced60cea9bad975702acabc41e22093f3608fa29da6546759b2e71366024261c3d71a97a84cbba8ee15c920f990392f9c9e3f570d0
99b19e6cf3aef5d97905fc8824b7a35ea1ba34b265640eb632130944d6e7839147d8b22de804e6c85cc423e0239c37cdf9648c51bc07b331731a0f7ef1d4895c
]]></system-out>
  <system-err><![CDATA[]]></system-err>
</testsuite>
