<?xml version="1.0" encoding="UTF-8"?>
<testsuite name="com.dotcms.auth.providers.jwt.factories.SecretKeySpecFactoryTest" tests="1" skipped="0" failures="0" errors="0" timestamp="2023-06-30T16:12:31" hostname="fv-az627-719" time="1.69">
  <properties/>
  <testcase name="readAndPrepareSecret" classname="com.dotcms.auth.providers.jwt.factories.SecretKeySpecFactoryTest" time="1.69"/>
  <system-out><![CDATA[0274887ad73d99b82c1a6708591ee54a6b996dcee533f954424d71ed087b31cb90392a5ad59946e00b751a506a4783a8d6974eaadb094d9dad27607b89b5b27c
MySecretKey2
MySecretKey3
MySecretKey3
7a54634e760c46c6d70db2a466a37c746c78e84d04522692a233b39e696e177300c20385c4cb41181a27fe1005bd616de1abb6de9a77a93a67883d81f8d5a8ef
8ad9dc9535430333a68aad6bcb9acfdef386479ec24213d050a4100a21ec8a42504edd7c499848c2da75caa5a25f452318415c250cfdcb93b1940c684d31ab90
1896b1b18726fedf77709e88a8c378468c2df7a19940c02b93720ad5f608ffc46b8f8f91e99cc68b4b17df73538ca604c5f22190862b920003f6cc4d0f1516b7
]]></system-out>
  <system-err><![CDATA[]]></system-err>
</testsuite>
