<?xml version="1.0" encoding="UTF-8"?>
<testsuite name="com.dotmarketing.portlets.workflows.ajax.WfBaseActionTest" tests="3" skipped="0" failures="0" errors="0" timestamp="2023-06-23T22:19:46" hostname="fv-az576-706" time="0.225">
  <properties/>
  <testcase name="TestOnNullCallTheDefaultCommand" classname="com.dotmarketing.portlets.workflows.ajax.WfBaseActionTest" time="0.184"/>
  <testcase name="TestNotAllowedCommands" classname="com.dotmarketing.portlets.workflows.ajax.WfBaseActionTest" time="0.012"/>
  <testcase name="TestAllowedCommands" classname="com.dotmarketing.portlets.workflows.ajax.WfBaseActionTest" time="0.029"/>
  <system-out><![CDATA[ Command ::  forbiddenMethod  on  class Mock for WfSchemeAjax, hashCode: 37262783
 Command ::  forbiddenMethod  on  class Mock for WfRoleStoreAjax, hashCode: 1943739560
 Command ::  forbiddenMethod  on  class Mock for WfActionAjax, hashCode: 854671904
 Command ::  forbiddenMethod  on  class Mock for WfTaskAjax, hashCode: 1305185408
 Command ::  forbiddenMethod  on  class Mock for WfActionClassAjax, hashCode: 343123756
 Command ::  action  on  class Mock for WfSchemeAjax, hashCode: 345491262
 Command ::  save  on  class Mock for WfSchemeAjax, hashCode: 345491262
 Command ::  rolesToJson  on  class Mock for WfRoleStoreAjax, hashCode: 1770860877
 Command ::  assignable  on  class Mock for WfRoleStoreAjax, hashCode: 1770860877
 Command ::  action  on  class Mock for WfRoleStoreAjax, hashCode: 1770860877
 Command ::  reorder  on  class Mock for WfActionAjax, hashCode: 156135639
 Command ::  delete  on  class Mock for WfActionAjax, hashCode: 156135639
 Command ::  save  on  class Mock for WfActionAjax, hashCode: 156135639
 Command ::  deleteActionForStep  on  class Mock for WfActionAjax, hashCode: 156135639
 Command ::  add  on  class Mock for WfActionAjax, hashCode: 156135639
 Command ::  action  on  class Mock for WfActionAjax, hashCode: 156135639
 Command ::  executeActions  on  class Mock for WfTaskAjax, hashCode: 166326165
 Command ::  executeAction  on  class Mock for WfTaskAjax, hashCode: 166326165
 Command ::  action  on  class Mock for WfTaskAjax, hashCode: 166326165
 Command ::  add  on  class Mock for WfActionClassAjax, hashCode: 1108844701
 Command ::  save  on  class Mock for WfActionClassAjax, hashCode: 1108844701
 Command ::  delete  on  class Mock for WfActionClassAjax, hashCode: 1108844701
 Command ::  reorder  on  class Mock for WfActionClassAjax, hashCode: 1108844701
 Command ::  action  on  class Mock for WfActionClassAjax, hashCode: 1108844701
]]></system-out>
  <system-err><![CDATA[]]></system-err>
</testsuite>
