<?xml version="1.0" encoding="UTF-8"?>
<testsuite name="com.dotcms.auth.providers.jwt.factories.SecretKeySpecFactoryTest" tests="1" skipped="0" failures="0" errors="0" timestamp="2023-07-17T15:32:48" hostname="fv-az251-985" time="2.001">
  <properties/>
  <testcase name="readAndPrepareSecret" classname="com.dotcms.auth.providers.jwt.factories.SecretKeySpecFactoryTest" time="2.001"/>
  <system-out><![CDATA[8c57df9a79dde3bb8874704f1b7b66671bc54bc26405352d2057649741e6682b07fd590251bc726b88fbcb7615c43cc604809e47e0710bff996a8c30d316a147
MySecretKey2
MySecretKey3
MySecretKey3
45f4becac38ec6a29ec6d8fe3b54c4636e6be314a10c0deb00a295480bfcc67388a43bd4366dc9a9ce806598181fcd95c1192a821d811fdb127c18890222eb01
6f8fe16a38113b6a94afbe41da4b30ceb132dbc59b49bdc7fe6e81c6f5085e66c380a2291c1bb3a78286fd45a90b310fdba9579f2ef1ecf89c76ce7e8cbfca73
c209fbc3e72b647be9fd587710766447ad69bfbeac710aed172ab8c0789469970175eaf2d597d610d8c2d11d119347aeb13a817eaab5beb60a66c5f7c445b1b2
]]></system-out>
  <system-err><![CDATA[]]></system-err>
</testsuite>
