<?xml version="1.0" encoding="UTF-8"?>
<testsuite name="com.dotcms.util.pagination.SiteViewPaginatorUnitTest" tests="2" skipped="0" failures="0" errors="0" timestamp="2023-07-14T20:50:51" hostname="fv-az412-310" time="0.238">
  <properties/>
  <testcase name="Test_Get_Items_Sorted_Pages" classname="com.dotcms.util.pagination.SiteViewPaginatorUnitTest" time="0.174"/>
  <testcase name="Test_Get_Items_Page_Size" classname="com.dotcms.util.pagination.SiteViewPaginatorUnitTest" time="0.064"/>
  <system-out><![CDATA[SYSTEM_HOST
0
1
3
6
7
8
]]></system-out>
  <system-err><![CDATA[]]></system-err>
</testsuite>
