<?xml version="1.0" encoding="UTF-8"?>
<testsuite name="com.liferay.util.FileUtilTest" tests="11" skipped="0" failures="0" errors="0" timestamp="2023-06-23T17:12:48" hostname="fv-az313-98" time="0.154">
  <properties/>
  <testcase name="simpleCopyFilesTest" classname="com.liferay.util.FileUtilTest" time="0.002"/>
  <testcase name="test_clean_tree_deletes_folders_files_by_date" classname="com.liferay.util.FileUtilTest" time="0.005"/>
  <testcase name="simpleListFileHandlesTest" classname="com.liferay.util.FileUtilTest" time="0.012"/>
  <testcase name="test_compress_gzip_enum_outputstream" classname="com.liferay.util.FileUtilTest" time="0.005"/>
  <testcase name="simpleCopyDirsTest" classname="com.liferay.util.FileUtilTest" time="0.01"/>
  <testcase name="simpleListFilesTest" classname="com.liferay.util.FileUtilTest" time="0.008"/>
  <testcase name="test_compress_bzip2_enum_outputstream" classname="com.liferay.util.FileUtilTest" time="0.061"/>
  <testcase name="test_uncompress_outputstream" classname="com.liferay.util.FileUtilTest" time="0.001"/>
  <testcase name="test_compress_gzip_outputstream" classname="com.liferay.util.FileUtilTest" time="0.0"/>
  <testcase name="simpleMoveTest" classname="com.liferay.util.FileUtilTest" time="0.028"/>
  <testcase name="test_compress_bzip2_outputstream" classname="com.liferay.util.FileUtilTest" time="0.021"/>
  <system-out><![CDATA[]]></system-out>
  <system-err><![CDATA[]]></system-err>
</testsuite>
