<?xml version="1.0" encoding="UTF-8"?>
<testsuite name="com.dotcms.auth.providers.jwt.factories.SecretKeySpecFactoryTest" tests="1" skipped="0" failures="0" errors="0" timestamp="2023-06-30T20:41:09" hostname="fv-az563-283" time="1.904">
  <properties/>
  <testcase name="readAndPrepareSecret" classname="com.dotcms.auth.providers.jwt.factories.SecretKeySpecFactoryTest" time="1.904"/>
  <system-out><![CDATA[cb3794d4a9779633c721736b24eba2c36c63909455019136882b06c2e8c792c7051c2f979ec0807d11d0670678d40b2984d396b7c53287eec4b38fe213078cd1
MySecretKey2
MySecretKey3
MySecretKey3
b3a44c6911029aa65b336a33e770c76e89745ae41f7a2e243bdb850422220e8d51998645483a28ca64ce1239399e3b4362c5f2121c9282c28425b06d410089e9
5c0385cc41545d5822f23cb43c35519cd8638fc0c67072d40207fc40c443e6987e36c1e82c4919af7331c0bbcdf477fe5425b5d6ac073dacbe83f38c2418c811
4b43f8e3589495114afa17263af2cf17ce4915600e32fa668f6bfc69ee624f53c92b2ebcd5fc558b758353dcc4e90dbe9c5bcd4fa7ecfa69933f5c5cdb8c7131
]]></system-out>
  <system-err><![CDATA[]]></system-err>
</testsuite>
