<?xml version="1.0" encoding="UTF-8"?>
<testsuite name="com.dotcms.auth.providers.jwt.factories.SecretKeySpecFactoryTest" tests="1" skipped="0" failures="0" errors="0" timestamp="2023-06-26T15:48:30" hostname="fv-az246-4" time="1.393">
  <properties/>
  <testcase name="readAndPrepareSecret" classname="com.dotcms.auth.providers.jwt.factories.SecretKeySpecFactoryTest" time="1.393"/>
  <system-out><![CDATA[8bcfecb9417d1f6adf3c8e316ed529e68662d4caab898013460e73f8c8c8d9f06fe0a7f55361ee90809f0b1b3fa3a30b10405f577fd6668e6af58e553c9735dd
MySecretKey2
MySecretKey3
MySecretKey3
9b6b881cf0b4c696a112f48c3fabd4f9cdef4747bf6555c0116d5e93958d2c7650a0c517c6e99e653f75f462cfa724327d74038209dddb47bcedf5eea6190886
7b8f22351035c65b1b9f143d3b4165ece3361257a01fb4e8926af3f067fe3fc3d7c73dc8e3b7af0bd0ff1426a154db54924f33bbd421b7d65fd7d31145190508
16d266c21ccb91d45a50b114263002dcc9bf9a160c7b2e17edf40034b4a880534335869eb8c64b006d7e419dc0f589d2e8649313af38e6525693022c912e6f80
]]></system-out>
  <system-err><![CDATA[]]></system-err>
</testsuite>
