<?xml version="1.0" encoding="UTF-8"?>
<testsuite name="com.dotcms.util.pagination.SiteViewPaginatorUnitTest" tests="2" skipped="0" failures="0" errors="0" timestamp="2023-06-26T14:26:27" hostname="fv-az590-445" time="0.263">
  <properties/>
  <testcase name="Test_Get_Items_Sorted_Pages" classname="com.dotcms.util.pagination.SiteViewPaginatorUnitTest" time="0.201"/>
  <testcase name="Test_Get_Items_Page_Size" classname="com.dotcms.util.pagination.SiteViewPaginatorUnitTest" time="0.062"/>
  <system-out><![CDATA[SYSTEM_HOST
0
1
3
5
6
]]></system-out>
  <system-err><![CDATA[]]></system-err>
</testsuite>
