<?xml version="1.0" encoding="UTF-8"?>
<testsuite name="com.dotmarketing.portlets.osgi.AJAX.OSGIBaseAJAXTest" tests="3" skipped="0" failures="0" errors="0" timestamp="2023-06-23T20:56:30" hostname="fv-az341-124" time="0.074">
  <properties/>
  <testcase name="TestOnNullCallTheDefaultCommand" classname="com.dotmarketing.portlets.osgi.AJAX.OSGIBaseAJAXTest" time="0.053"/>
  <testcase name="TestNotAllowedCommands" classname="com.dotmarketing.portlets.osgi.AJAX.OSGIBaseAJAXTest" time="0.002"/>
  <testcase name="TestAllowedCommands" classname="com.dotmarketing.portlets.osgi.AJAX.OSGIBaseAJAXTest" time="0.018"/>
  <system-out><![CDATA[ Command ::  forbiddenMethod  on  class Mock for OSGIAJAX, hashCode: 858943217
 Command ::  stop  on  class Mock for OSGIAJAX, hashCode: 386981181
 Command ::  undeploy  on  class Mock for OSGIAJAX, hashCode: 386981181
 Command ::  modifyExtraPackages  on  class Mock for OSGIAJAX, hashCode: 386981181
 Command ::  deploy  on  class Mock for OSGIAJAX, hashCode: 386981181
 Command ::  remove  on  class Mock for OSGIAJAX, hashCode: 386981181
 Command ::  getExtraPackages  on  class Mock for OSGIAJAX, hashCode: 386981181
 Command ::  action  on  class Mock for OSGIAJAX, hashCode: 386981181
 Command ::  restart  on  class Mock for OSGIAJAX, hashCode: 386981181
 Command ::  start  on  class Mock for OSGIAJAX, hashCode: 386981181
 Command ::  add  on  class Mock for OSGIAJAX, hashCode: 386981181
]]></system-out>
  <system-err><![CDATA[]]></system-err>
</testsuite>
