<?xml version="1.0" encoding="UTF-8"?>
<testsuite name="com.dotcms.auth.providers.jwt.factories.SecretKeySpecFactoryTest" tests="1" skipped="0" failures="0" errors="0" timestamp="2023-06-26T22:34:00" hostname="fv-az440-364" time="1.681">
  <properties/>
  <testcase name="readAndPrepareSecret" classname="com.dotcms.auth.providers.jwt.factories.SecretKeySpecFactoryTest" time="1.681"/>
  <system-out><![CDATA[4392bd1bf198997fbb21e26d7616a83cc3187d2b987c8529e88bb53f86e9ba916b7cabd79bf7b365ccaafe1c471126cfa35e53ac83d49e404266ec94ea1b70ec
MySecretKey2
MySecretKey3
MySecretKey3
c6b33449541516597ef92e333b4477c8a18796f81d9d16de45953d2f1d6ee2d33a435a45d518f1bf6af4effb13416aa66b557b9949cccb823360428769d68a60
722fb9bad466c8f6cddc0e4c33b2a92abd38863a6e4b227e12b97821d06d68fb53774634ec847cf8f076fbb524a06e94ff3f06d7008f26275a679bd1aed0e621
4e567b3c82cfe507f07cdb0f8b6cd15f6195e94f969138ea25bb5467443e919c0069e91a1e5b299d6609e2dbc48eb91105869474ac8c4797b5227e4387968475
]]></system-out>
  <system-err><![CDATA[]]></system-err>
</testsuite>
