<?xml version="1.0" encoding="UTF-8"?>
<testsuite name="com.dotcms.auth.providers.jwt.factories.SecretKeySpecFactoryTest" tests="1" skipped="0" failures="0" errors="0" timestamp="2023-06-28T16:34:28" hostname="fv-az363-416" time="1.297">
  <properties/>
  <testcase name="readAndPrepareSecret" classname="com.dotcms.auth.providers.jwt.factories.SecretKeySpecFactoryTest" time="1.297"/>
  <system-out><![CDATA[9cb7d71c6c6f6ba55874af78a6b524cf807a588deb2e9c52003ce2e8d8eac600cc1fd9edd7b822997fff77e0b2953540faaeb1169fb277e6a9d1c2d3f6d9ebe9
MySecretKey2
MySecretKey3
MySecretKey3
2c71687be3db742d40d453b9cf58a53db1298e5ea01020f1dd68fd24a684d225745c79a8b2fc8f6d098a87d859d098abc77f73f337f623df4a6e38128750ad93
0da8fadae4a0c4fbe1ed2820679a7e78341273b75720319af748891126046321dae51f965cb275bb9ac10b3a075178060ea709512b2c6219f456e7a7005c3ece
06305b325a32f9622b075db1c9142c27b739b85923b26a528d57521e31050bf8cfb54e42d066f6a4a38b8c968d82c605e400da5c8ead247012b7a2077f03c59e
]]></system-out>
  <system-err><![CDATA[]]></system-err>
</testsuite>
