<?xml version="1.0" encoding="UTF-8"?>
<testsuite name="com.dotmarketing.portlets.workflows.ajax.WfBaseActionTest" tests="3" skipped="0" failures="0" errors="0" timestamp="2023-07-13T22:56:52" hostname="fv-az1241-407" time="0.191">
  <properties/>
  <testcase name="TestOnNullCallTheDefaultCommand" classname="com.dotmarketing.portlets.workflows.ajax.WfBaseActionTest" time="0.146"/>
  <testcase name="TestNotAllowedCommands" classname="com.dotmarketing.portlets.workflows.ajax.WfBaseActionTest" time="0.014"/>
  <testcase name="TestAllowedCommands" classname="com.dotmarketing.portlets.workflows.ajax.WfBaseActionTest" time="0.031"/>
  <system-out><![CDATA[ Command ::  forbiddenMethod  on  class Mock for WfActionAjax, hashCode: 677958822
 Command ::  forbiddenMethod  on  class Mock for WfSchemeAjax, hashCode: 1839191304
 Command ::  forbiddenMethod  on  class Mock for WfActionClassAjax, hashCode: 465820913
 Command ::  forbiddenMethod  on  class Mock for WfRoleStoreAjax, hashCode: 886083976
 Command ::  forbiddenMethod  on  class Mock for WfTaskAjax, hashCode: 1136383224
 Command ::  save  on  class Mock for WfActionAjax, hashCode: 1973054972
 Command ::  delete  on  class Mock for WfActionAjax, hashCode: 1973054972
 Command ::  reorder  on  class Mock for WfActionAjax, hashCode: 1973054972
 Command ::  action  on  class Mock for WfActionAjax, hashCode: 1973054972
 Command ::  add  on  class Mock for WfActionAjax, hashCode: 1973054972
 Command ::  deleteActionForStep  on  class Mock for WfActionAjax, hashCode: 1973054972
 Command ::  save  on  class Mock for WfSchemeAjax, hashCode: 2001102581
 Command ::  action  on  class Mock for WfSchemeAjax, hashCode: 2001102581
 Command ::  action  on  class Mock for WfActionClassAjax, hashCode: 563794979
 Command ::  reorder  on  class Mock for WfActionClassAjax, hashCode: 563794979
 Command ::  delete  on  class Mock for WfActionClassAjax, hashCode: 563794979
 Command ::  save  on  class Mock for WfActionClassAjax, hashCode: 563794979
 Command ::  add  on  class Mock for WfActionClassAjax, hashCode: 563794979
 Command ::  action  on  class Mock for WfRoleStoreAjax, hashCode: 803854087
 Command ::  assignable  on  class Mock for WfRoleStoreAjax, hashCode: 803854087
 Command ::  rolesToJson  on  class Mock for WfRoleStoreAjax, hashCode: 803854087
 Command ::  executeActions  on  class Mock for WfTaskAjax, hashCode: 1114272351
 Command ::  action  on  class Mock for WfTaskAjax, hashCode: 1114272351
 Command ::  executeAction  on  class Mock for WfTaskAjax, hashCode: 1114272351
]]></system-out>
  <system-err><![CDATA[]]></system-err>
</testsuite>
