<?xml version="1.0" encoding="UTF-8"?>
<testsuite name="com.dotmarketing.portlets.workflows.ajax.WfBaseActionTest" tests="3" skipped="0" failures="0" errors="0" timestamp="2023-06-23T15:28:11" hostname="fv-az357-576" time="0.231">
  <properties/>
  <testcase name="TestOnNullCallTheDefaultCommand" classname="com.dotmarketing.portlets.workflows.ajax.WfBaseActionTest" time="0.194"/>
  <testcase name="TestNotAllowedCommands" classname="com.dotmarketing.portlets.workflows.ajax.WfBaseActionTest" time="0.019"/>
  <testcase name="TestAllowedCommands" classname="com.dotmarketing.portlets.workflows.ajax.WfBaseActionTest" time="0.018"/>
  <system-out><![CDATA[ Command ::  forbiddenMethod  on  class Mock for WfSchemeAjax, hashCode: 1188774977
 Command ::  forbiddenMethod  on  class Mock for WfActionAjax, hashCode: 1788876273
 Command ::  forbiddenMethod  on  class Mock for WfTaskAjax, hashCode: 1209704218
 Command ::  forbiddenMethod  on  class Mock for WfActionClassAjax, hashCode: 1124602332
 Command ::  forbiddenMethod  on  class Mock for WfRoleStoreAjax, hashCode: 1914712779
 Command ::  save  on  class Mock for WfSchemeAjax, hashCode: 876214822
 Command ::  action  on  class Mock for WfSchemeAjax, hashCode: 876214822
 Command ::  save  on  class Mock for WfActionAjax, hashCode: 1571439538
 Command ::  delete  on  class Mock for WfActionAjax, hashCode: 1571439538
 Command ::  reorder  on  class Mock for WfActionAjax, hashCode: 1571439538
 Command ::  action  on  class Mock for WfActionAjax, hashCode: 1571439538
 Command ::  add  on  class Mock for WfActionAjax, hashCode: 1571439538
 Command ::  deleteActionForStep  on  class Mock for WfActionAjax, hashCode: 1571439538
 Command ::  executeAction  on  class Mock for WfTaskAjax, hashCode: 1947764220
 Command ::  executeActions  on  class Mock for WfTaskAjax, hashCode: 1947764220
 Command ::  action  on  class Mock for WfTaskAjax, hashCode: 1947764220
 Command ::  add  on  class Mock for WfActionClassAjax, hashCode: 105002634
 Command ::  action  on  class Mock for WfActionClassAjax, hashCode: 105002634
 Command ::  reorder  on  class Mock for WfActionClassAjax, hashCode: 105002634
 Command ::  delete  on  class Mock for WfActionClassAjax, hashCode: 105002634
 Command ::  save  on  class Mock for WfActionClassAjax, hashCode: 105002634
 Command ::  action  on  class Mock for WfRoleStoreAjax, hashCode: 21422855
 Command ::  assignable  on  class Mock for WfRoleStoreAjax, hashCode: 21422855
 Command ::  rolesToJson  on  class Mock for WfRoleStoreAjax, hashCode: 21422855
]]></system-out>
  <system-err><![CDATA[]]></system-err>
</testsuite>
