<?xml version="1.0" encoding="UTF-8"?>
<testsuite name="com.dotcms.auth.providers.jwt.factories.SecretKeySpecFactoryTest" tests="1" skipped="0" failures="0" errors="0" timestamp="2023-06-26T15:59:49" hostname="fv-az1131-791" time="1.459">
  <properties/>
  <testcase name="readAndPrepareSecret" classname="com.dotcms.auth.providers.jwt.factories.SecretKeySpecFactoryTest" time="1.459"/>
  <system-out><![CDATA[13b1592cbff7d1a8036d49c9f5897a0fd9f0e7102b1f116eeb17cd492166a9d509de6d881880dbd71bd44d8902e9e49708387163789b0a142b85577949ee8c6d
MySecretKey2
MySecretKey3
MySecretKey3
809e8ecf3614aa4c74b5b0c57ca69745e2811296e2e8439cb6ca9fb93b594cf2082b9945b17724578526b28261033d49f8026b8f383406ad010fb24240bae26a
f7d8dc46a11c6dc51f9a647e27c5a04a80b08865961949cec7e3db159a931337f3075239712e03616137e44102cf831dcf71dafc7a1a598a1611d63ea481fbd0
8e3298a7e0b87d7ca4883440b1fe349c387ac1e7e04a5cf35198b7e06e1595e5a1045e70462cfc39f8b3a1f89ad98649e2119f12a3eb49ef4335e7aa580d2ec3
]]></system-out>
  <system-err><![CDATA[]]></system-err>
</testsuite>
