<?xml version="1.0" encoding="UTF-8"?>
<testsuite name="com.dotcms.util.ReflectionUtilsTest" tests="1" skipped="0" failures="0" errors="0" timestamp="2023-06-26T20:42:45" hostname="fv-az566-551" time="0.007">
  <properties/>
  <testcase name="newInstanceTest" classname="com.dotcms.util.ReflectionUtilsTest" time="0.007"/>
  <system-out><![CDATA[]]></system-out>
  <system-err><![CDATA[]]></system-err>
</testsuite>
