<?xml version="1.0" encoding="UTF-8"?>
<testsuite name="com.dotcms.auth.providers.jwt.factories.SecretKeySpecFactoryTest" tests="1" skipped="0" failures="0" errors="0" timestamp="2023-07-03T16:38:02" hostname="fv-az440-214" time="1.959">
  <properties/>
  <testcase name="readAndPrepareSecret" classname="com.dotcms.auth.providers.jwt.factories.SecretKeySpecFactoryTest" time="1.959"/>
  <system-out><![CDATA[0abe71e9e738e17874a391baa50f48d52ee042be911adf7b274fcc24d205368b854ab41814487135bed11bf47d17296dbb14fe08f6ce68ef696b218e8469d1ae
MySecretKey2
MySecretKey3
MySecretKey3
06517ce5098404c0fa2be6cd5b18936cc61d0f8a576b50dc470ed825a8b44431464258ea39b14d5f0d07460691c78f332cce8332271f8abb3976445af50e06a9
6502fe28c87c92dcaf67794364704ae80c57572ef0da4218ecdf563e0b6c145c093dc872ff6e1822d26924f52b6d321ee125c902dd8bbd929ccb9bb885225342
6235bc52187601871f9cc1e414dacbafb5f887a31596374f8f5af78d2826a5a3a980d31f1da5cd28e9bba14e9d60192fcd5fc503a3ab1144e21b3f084abd1a03
]]></system-out>
  <system-err><![CDATA[]]></system-err>
</testsuite>
