<?xml version="1.0" encoding="UTF-8"?>
<testsuite name="com.dotmarketing.portlets.workflows.ajax.WfBaseActionTest" tests="3" skipped="0" failures="0" errors="0" timestamp="2023-06-23T15:19:56" hostname="fv-az812-266" time="0.129">
  <properties/>
  <testcase name="TestOnNullCallTheDefaultCommand" classname="com.dotmarketing.portlets.workflows.ajax.WfBaseActionTest" time="0.106"/>
  <testcase name="TestNotAllowedCommands" classname="com.dotmarketing.portlets.workflows.ajax.WfBaseActionTest" time="0.007"/>
  <testcase name="TestAllowedCommands" classname="com.dotmarketing.portlets.workflows.ajax.WfBaseActionTest" time="0.016"/>
  <system-out><![CDATA[ Command ::  forbiddenMethod  on  class Mock for WfRoleStoreAjax, hashCode: 1209704218
 Command ::  forbiddenMethod  on  class Mock for WfActionClassAjax, hashCode: 1124602332
 Command ::  forbiddenMethod  on  class Mock for WfActionAjax, hashCode: 1914712779
 Command ::  forbiddenMethod  on  class Mock for WfSchemeAjax, hashCode: 876214822
 Command ::  forbiddenMethod  on  class Mock for WfTaskAjax, hashCode: 1571439538
 Command ::  rolesToJson  on  class Mock for WfRoleStoreAjax, hashCode: 1963553727
 Command ::  assignable  on  class Mock for WfRoleStoreAjax, hashCode: 1963553727
 Command ::  action  on  class Mock for WfRoleStoreAjax, hashCode: 1963553727
 Command ::  add  on  class Mock for WfActionClassAjax, hashCode: 685395495
 Command ::  save  on  class Mock for WfActionClassAjax, hashCode: 685395495
 Command ::  delete  on  class Mock for WfActionClassAjax, hashCode: 685395495
 Command ::  reorder  on  class Mock for WfActionClassAjax, hashCode: 685395495
 Command ::  action  on  class Mock for WfActionClassAjax, hashCode: 685395495
 Command ::  save  on  class Mock for WfActionAjax, hashCode: 910517467
 Command ::  deleteActionForStep  on  class Mock for WfActionAjax, hashCode: 910517467
 Command ::  add  on  class Mock for WfActionAjax, hashCode: 910517467
 Command ::  action  on  class Mock for WfActionAjax, hashCode: 910517467
 Command ::  reorder  on  class Mock for WfActionAjax, hashCode: 910517467
 Command ::  delete  on  class Mock for WfActionAjax, hashCode: 910517467
 Command ::  action  on  class Mock for WfSchemeAjax, hashCode: 873239077
 Command ::  save  on  class Mock for WfSchemeAjax, hashCode: 873239077
 Command ::  executeAction  on  class Mock for WfTaskAjax, hashCode: 796577366
 Command ::  action  on  class Mock for WfTaskAjax, hashCode: 796577366
 Command ::  executeActions  on  class Mock for WfTaskAjax, hashCode: 796577366
]]></system-out>
  <system-err><![CDATA[]]></system-err>
</testsuite>
