<?xml version="1.0" encoding="UTF-8"?>
<testsuite name="com.dotmarketing.db.DockerSecretsUtilTest" tests="7" skipped="0" failures="0" errors="0" timestamp="2023-06-22T18:41:56" hostname="fv-az357-576" time="0.03">
  <properties/>
  <testcase name="testLoadFromFileWhenFileDoesNotExist" classname="com.dotmarketing.db.DockerSecretsUtilTest" time="0.009"/>
  <testcase name="testLoadFromFileWithInvalidSecrets" classname="com.dotmarketing.db.DockerSecretsUtilTest" time="0.009"/>
  <testcase name="testLoadWithValidSecrets" classname="com.dotmarketing.db.DockerSecretsUtilTest" time="0.002"/>
  <testcase name="testLoadWithAnEmptyDir" classname="com.dotmarketing.db.DockerSecretsUtilTest" time="0.0"/>
  <testcase name="testLoadWhenFileDoesNotExist" classname="com.dotmarketing.db.DockerSecretsUtilTest" time="0.001"/>
  <testcase name="testLoadFromFileWithValidSecrets" classname="com.dotmarketing.db.DockerSecretsUtilTest" time="0.002"/>
  <testcase name="testLoadFromFileWhenFilePathDoesNotExist" classname="com.dotmarketing.db.DockerSecretsUtilTest" time="0.001"/>
  <system-out><![CDATA[]]></system-out>
  <system-err><![CDATA[]]></system-err>
</testsuite>
