<?xml version="1.0" encoding="UTF-8"?>
<testsuite name="com.dotcms.util.diff.DiffCommandTest" tests="2" skipped="0" failures="0" errors="0" timestamp="2023-06-23T16:14:15" hostname="fv-az361-657" time="0.017">
  <properties/>
  <testcase name="applyDiff_Comparable" classname="com.dotcms.util.diff.DiffCommandTest" time="0.016"/>
  <testcase name="applyDiff_Differentiable" classname="com.dotcms.util.diff.DiffCommandTest" time="0.0"/>
  <system-out><![CDATA[{six=six, five=five}
{two=two}
{four=fourxxx, one=onexxx}
{six=com.dotcms.util.diff.DiffCommandTest$StringDifferentiable@65004d64, five=com.dotcms.util.diff.DiffCommandTest$StringDifferentiable@2def416b}
{two=com.dotcms.util.diff.DiffCommandTest$StringDifferentiable@5d7ed91c}
{four=com.dotcms.util.diff.DiffCommandTest$StringDifferentiable@b519010, one=com.dotcms.util.diff.DiffCommandTest$StringDifferentiable@6cdd9773}
]]></system-out>
  <system-err><![CDATA[]]></system-err>
</testsuite>
