<?xml version="1.0" encoding="UTF-8"?>
<testsuite name="com.dotcms.cache.transport.CacheTransportTopicTest" tests="2" skipped="0" failures="0" errors="0" timestamp="2023-07-17T15:39:30" hostname="fv-az357-263" time="2.395">
  <properties/>
  <testcase name="test_provider_topic_sending__a_ping_gets_a_pong" classname="com.dotcms.cache.transport.CacheTransportTopicTest" time="2.387"/>
  <testcase name="test_provider_override" classname="com.dotcms.cache.transport.CacheTransportTopicTest" time="0.008"/>
  <system-out><![CDATA[]]></system-out>
  <system-err><![CDATA[]]></system-err>
</testsuite>
