<?xml version="1.0" encoding="UTF-8"?>
<testsuite name="com.dotcms.auth.providers.jwt.factories.SecretKeySpecFactoryTest" tests="1" skipped="0" failures="0" errors="0" timestamp="2023-06-26T15:34:25" hostname="fv-az174-634" time="1.492">
  <properties/>
  <testcase name="readAndPrepareSecret" classname="com.dotcms.auth.providers.jwt.factories.SecretKeySpecFactoryTest" time="1.492"/>
  <system-out><![CDATA[c3625473d625a7e9743f0897d40d798be06cbf8bdb41777e40ffb4dba5a7c3caea1b52af79a30c524e9d0f9dc008c4f116510482e110efb22ed8bebfc4d783fd
MySecretKey2
MySecretKey3
MySecretKey3
f970a69921b2049020371043852ab741331c16c5101343ddfe71922c99edbde2f44afb0c929882048b174882f3523a402a652d56401b921d40bf775fe99c7094
ac8d9546b1a869752c76169c8edf55213dcb382756f10b6053f29de8b60ac27cb7add04de84a76669001bce38ffa2052b05f03aeac322e2183138916bd2f1e02
325c4a361d31570c9f9308d986890f4bb0d4cdeafcbb84dd9c364a283cd06e0caa4bc877d3a4e983b3df5ac66b729b917dc5fc59e52e949ab9685313c7a752d9
]]></system-out>
  <system-err><![CDATA[]]></system-err>
</testsuite>
