<?xml version="1.0" encoding="UTF-8"?>
<testsuite name="com.dotcms.util.diff.DiffCommandTest" tests="2" skipped="0" failures="0" errors="0" timestamp="2023-07-12T18:56:45" hostname="fv-az809-670" time="0.006">
  <properties/>
  <testcase name="applyDiff_Comparable" classname="com.dotcms.util.diff.DiffCommandTest" time="0.005"/>
  <testcase name="applyDiff_Differentiable" classname="com.dotcms.util.diff.DiffCommandTest" time="0.001"/>
  <system-out><![CDATA[{six=six, five=five}
{two=two}
{four=fourxxx, one=onexxx}
{six=com.dotcms.util.diff.DiffCommandTest$StringDifferentiable@75ba4409, five=com.dotcms.util.diff.DiffCommandTest$StringDifferentiable@b45b523}
{two=com.dotcms.util.diff.DiffCommandTest$StringDifferentiable@7d267202}
{four=com.dotcms.util.diff.DiffCommandTest$StringDifferentiable@7666e853, one=com.dotcms.util.diff.DiffCommandTest$StringDifferentiable@515b709a}
]]></system-out>
  <system-err><![CDATA[]]></system-err>
</testsuite>
