<?xml version="1.0" encoding="UTF-8"?>
<testsuite name="com.dotcms.filters.interceptor.dotcms.DefaultBackEndLoginRequiredWebInterceptorTest" tests="7" skipped="0" failures="0" errors="0" timestamp="2023-06-27T14:55:46" hostname="fv-az617-398" time="0.58">
  <properties/>
  <testcase name="intercept_isLoggedToBackend_true" classname="com.dotcms.filters.interceptor.dotcms.DefaultBackEndLoginRequiredWebInterceptorTest" time="0.273"/>
  <testcase name="intercept_isLoggedToBackend_false" classname="com.dotcms.filters.interceptor.dotcms.DefaultBackEndLoginRequiredWebInterceptorTest" time="0.222"/>
  <testcase name="test_not_match" classname="com.dotcms.filters.interceptor.dotcms.DefaultBackEndLoginRequiredWebInterceptorTest" time="0.017"/>
  <testcase name="test_anyMatchFilter_invalid" classname="com.dotcms.filters.interceptor.dotcms.DefaultBackEndLoginRequiredWebInterceptorTest" time="0.011"/>
  <testcase name="test_anyMatchFilter_valid" classname="com.dotcms.filters.interceptor.dotcms.DefaultBackEndLoginRequiredWebInterceptorTest" time="0.001"/>
  <testcase name="intercept_allowed_url_no_user" classname="com.dotcms.filters.interceptor.dotcms.DefaultBackEndLoginRequiredWebInterceptorTest" time="0.004"/>
  <testcase name="intercept_restricted_url_no_user" classname="com.dotcms.filters.interceptor.dotcms.DefaultBackEndLoginRequiredWebInterceptorTest" time="0.041"/>
  <system-out><![CDATA[]]></system-out>
  <system-err><![CDATA[]]></system-err>
</testsuite>
