<?xml version="1.0" encoding="UTF-8"?>
<testsuite name="com.dotcms.auth.providers.jwt.factories.SecretKeySpecFactoryTest" tests="1" skipped="0" failures="0" errors="0" timestamp="2023-06-26T18:23:13" hostname="fv-az398-726" time="1.277">
  <properties/>
  <testcase name="readAndPrepareSecret" classname="com.dotcms.auth.providers.jwt.factories.SecretKeySpecFactoryTest" time="1.277"/>
  <system-out><![CDATA[16b3cbbb6afbf8192f64b2f83685f11eac1a9ca4d59c1f3aea6d61c523cfbd6ba56d86a6ff8152ae07f38db97c692cf968f2ddd35df78fe49d339566ee8d83a9
MySecretKey2
MySecretKey3
MySecretKey3
7e6743b053366910274cc97812b6793693b02cd8b0eae829c67d6f91c4e5808d12b74cd2df17d8c5a4e78aec24f472de51513bc48e1b32240ca34a59dc370cf2
fb546c6c66285c3b53570440c03b41a4a6a0b1b9c4c4faec4aa2a2652491d0466e56f48798e30e73d137764e409ce8296b07f862e87c4aaa61d4e146d111e968
6159351059c350c3635c427cd16a60ccc5d24d0f7994e0240f79c759f40b1f96d2f02b18cbf74d8aebf19f26c9b84f30c9d5f22fb8400e1619f5b32893a8a6b9
]]></system-out>
  <system-err><![CDATA[]]></system-err>
</testsuite>
