<?xml version="1.0" encoding="UTF-8"?>
<testsuite name="com.dotcms.auth.providers.jwt.factories.SecretKeySpecFactoryTest" tests="1" skipped="0" failures="0" errors="0" timestamp="2023-06-26T19:00:44" hostname="fv-az244-550" time="1.535">
  <properties/>
  <testcase name="readAndPrepareSecret" classname="com.dotcms.auth.providers.jwt.factories.SecretKeySpecFactoryTest" time="1.535"/>
  <system-out><![CDATA[32561e006a0bf15b1cbc68dcf34b213ccc439ef394d745cd05efad155c2daa6a4a3aac72c1553535ac09684c01fb0b6d9cf1a9ee5db244b8730d5206010fb6df
MySecretKey2
MySecretKey3
MySecretKey3
b826becb2f3856aed3cbfa3a3ecb29fbf24d97fb0c9abd691a1706d409d3d5c43e7c66aa1d64923f2fa47aa3eccc3440af32bc060c5daae5b22393e537e9b19e
21a8e7b4a385a6ada84d163ab541540f504f1c3949422749b6b3e0553358163a9d929f9efb11490cd73ad17a19060e45902df233770918769c7ac92b29393ebf
c459bf74b28acd7a606653d0db35fcb2c86dde18c8d5ceec27088f0d96d3782daecd4bce015f50c50ae61fc1c168effb82eee3a1914547e211953d9ab42d9629
]]></system-out>
  <system-err><![CDATA[]]></system-err>
</testsuite>
