<?xml version="1.0" encoding="UTF-8"?>
<testsuite name="com.dotcms.auth.providers.jwt.factories.SecretKeySpecFactoryTest" tests="1" skipped="0" failures="0" errors="0" timestamp="2023-07-11T14:06:04" hostname="fv-az1098-923" time="1.5">
  <properties/>
  <testcase name="readAndPrepareSecret" classname="com.dotcms.auth.providers.jwt.factories.SecretKeySpecFactoryTest" time="1.5"/>
  <system-out><![CDATA[2ffca78ee860a6cd8f4273a555ab0a60d0c148d7e40acc9648c8a69c14507615dffbaa4d3f4ee616398f610710971233b000d3f6a38d1bbed39d19fd6e52a109
MySecretKey2
MySecretKey3
MySecretKey3
845e1cc23eb8855b2f1990b09d2fbc67430a9752c6df18d5619a4c99ba57b7f147a337ee9400ca63136ee5d74342a1304daed5c31c1e3d7dd96b4fad66cb3866
174e5702d0538c8dc80a7db9748a5d81caf32099de2bd5a14ffa592e76c3e351a1b02de900ef534d6ca2fdc68cdf7ab6582a13c02ab30e06b54a555945b94188
45ec82908ce4a42784d8d6e463958dc9d355a9b03997b239ff63cfa17e8182da2e416ba47badc7b4db451e889c60389ed5d5fbcec03105086dfc5676306e0721
]]></system-out>
  <system-err><![CDATA[]]></system-err>
</testsuite>
