<?xml version="1.0" encoding="UTF-8"?>
<testsuite name="com.dotcms.auth.providers.jwt.factories.SecretKeySpecFactoryTest" tests="1" skipped="0" failures="0" errors="0" timestamp="2023-07-13T14:50:19" hostname="fv-az1028-964" time="1.686">
  <properties/>
  <testcase name="readAndPrepareSecret" classname="com.dotcms.auth.providers.jwt.factories.SecretKeySpecFactoryTest" time="1.686"/>
  <system-out><![CDATA[26eecf1b6cf3598f7da4d2b38b1f4499dcb0c6abc1d3c23fb6acca5737008e2365c21dd2dca0bf8968446c96f07adaa817bec926f2f81b22f35107699fb07243
MySecretKey2
MySecretKey3
MySecretKey3
1fdf860956621f7a3c3a6cd1ef098be99ce1f824c1a5a79176c158fe1d7a8b25a72db90b5db16a0e6abfa4d4b7c2523129db7d967ec838c27f8045b382341ade
b5bc77ccb3d6f242647902305d1d8203329cf19c95f92bfa4127fed17dc5b0ee1c856c43367646bde67c5f12b6f3ccc32c92385c8ef2925e89b17868f282a16d
35c97adf82880bcaf089706fd42dea084d55281b0d804fffeb965ba90a42e72b8cbd3588e90b2a6a41f3533a0aa227493f364bacb8e42190968e8bc99ffb8f6b
]]></system-out>
  <system-err><![CDATA[]]></system-err>
</testsuite>
