<?xml version="1.0" encoding="UTF-8"?>
<testsuite name="com.dotcms.auth.providers.jwt.factories.SecretKeySpecFactoryTest" tests="1" skipped="0" failures="0" errors="0" timestamp="2023-07-12T18:09:24" hostname="fv-az162-194" time="1.515">
  <properties/>
  <testcase name="readAndPrepareSecret" classname="com.dotcms.auth.providers.jwt.factories.SecretKeySpecFactoryTest" time="1.515"/>
  <system-out><![CDATA[cec42fd175e50e4764fc1fd7123f52f34c2b3dd4d3fa94b69c11fbb17f64afac6c9e26a680ab0a5bd8e3dda78ee56002b02c9f6796246991f8455e78ab216810
MySecretKey2
MySecretKey3
MySecretKey3
ac15e071fe4424294280e6c4591ecf6f0f2e738cc5b17f611a4c57b964127221625e41641e3a1d12e5eabf06511d4711d9f5099d83fd90aa59a2f30562477633
ec345c96c7158d07f3c511ab9f02c30d28c7c2be958334fae516fc13094790ca7e4118a70fe4a3b964830a052e445a64a3de1ec9c16e4a552811b2c3e6aaa5b9
14cc07b5f8bc846b9a267f5d19c8c34df93951465780104406272ecb67b6f165581cc4193aab7e11366f45cf37bb48e4da4337edbaf0ab8a06d6979f2b7e6cf7
]]></system-out>
  <system-err><![CDATA[]]></system-err>
</testsuite>
