<?xml version="1.0" encoding="UTF-8"?>
<testsuite name="com.dotcms.auth.providers.jwt.factories.SecretKeySpecFactoryTest" tests="1" skipped="0" failures="0" errors="0" timestamp="2023-06-23T17:49:36" hostname="fv-az574-494" time="2.043">
  <properties/>
  <testcase name="readAndPrepareSecret" classname="com.dotcms.auth.providers.jwt.factories.SecretKeySpecFactoryTest" time="2.043"/>
  <system-out><![CDATA[7fd4bebf2bb63969b1477ae43e46614c9b101a48272314cafdb43c888de89fa4d50faf226cb2e51acc5f1e9a12e09cc928a1a6243a243da0b149ecbf5867d6b1
MySecretKey2
MySecretKey3
MySecretKey3
839f8ca5370eec0c1d323558647e8783bc51bd94267306cadd760675780594ee7122f4bf4e4d05f765631f892da861991707d67c99ce899701fcd41214efc439
5b2c55bae43bd5f3c4ff34c5427d1c6a84efb5624916fcf474bebd848aea7b3163f8c109974a1e04184e77247495c4162e33983bc55006c7a73cc3b9d98b4c9d
49bbc2b6f3c3f9a62ea2f3751a1d4edf68db0a366b5f3ef4a8c85c7fc88283e1c741b5a37770118c45dae7b58be49b6d263845e3b6af365de9743cd3ea4780b9
]]></system-out>
  <system-err><![CDATA[]]></system-err>
</testsuite>
