<?xml version="1.0" encoding="UTF-8"?>
<testsuite name="com.dotcms.auth.providers.jwt.factories.SecretKeySpecFactoryTest" tests="1" skipped="0" failures="0" errors="0" timestamp="2023-06-26T14:23:57" hostname="fv-az590-445" time="1.954">
  <properties/>
  <testcase name="readAndPrepareSecret" classname="com.dotcms.auth.providers.jwt.factories.SecretKeySpecFactoryTest" time="1.954"/>
  <system-out><![CDATA[866bd19cb07ffa4b5fae1ec48f108f412e410066332e09f709cc57890803679e06404ccaa3fd6bbe99d8a8030b9d68fd942154df11c403c9816076b9c6660526
MySecretKey2
MySecretKey3
MySecretKey3
cd4f832b1df23c95330a807a31f9ca02c9931c9f5131e0c16614d2df735177689a0492e644adf33bb5dddb093db8fde362751994dda865616c19c8bc2de03376
a80c5524660b2bb984464b1846b065427b3fb44cf8aaffa2e7ae9cfcc012c3ecb16691379d058db512043f72d0b4411bde7f6e16a69718e79333dd5f054dc0dc
4b04d1104e57e1b291b73a4c4651d444e38143ca01b7f6cc7fd33644a10458391d799c63144ea41f7f1866b4d011ac4567301754e626f566ca1ca94ae4e54d6b
]]></system-out>
  <system-err><![CDATA[]]></system-err>
</testsuite>
