<?xml version="1.0" encoding="UTF-8"?>
<testsuite name="com.dotcms.concurrent.DotConcurrentFactoryTest" tests="8" skipped="0" failures="0" errors="0" timestamp="2023-07-19T18:01:57" hostname="fv-az244-731" time="56.829">
  <properties/>
  <testcase name="testDefaultOne_Submitter_Config_shutdown_keep_config" classname="com.dotcms.concurrent.DotConcurrentFactoryTest" time="15.283"/>
  <testcase name="testDefaultOne_Submitter_Config" classname="com.dotcms.concurrent.DotConcurrentFactoryTest" time="10.236"/>
  <testcase name="test_delayed_queue" classname="com.dotcms.concurrent.DotConcurrentFactoryTest" time="2.001"/>
  <testcase name="testDefaultOne" classname="com.dotcms.concurrent.DotConcurrentFactoryTest" time="2.215"/>
  <testcase name="test_Conditional_Submitter" classname="com.dotcms.concurrent.DotConcurrentFactoryTest" time="16.035"/>
  <testcase name="testDefaultOne_Single_Submitter_Config" classname="com.dotcms.concurrent.DotConcurrentFactoryTest" time="10.011"/>
  <testcase name="test_toCompletableAnyFuture_success" classname="com.dotcms.concurrent.DotConcurrentFactoryTest" time="0.013"/>
  <testcase name="testSubmit_Single_Submitter_Config" classname="com.dotcms.concurrent.DotConcurrentFactoryTest" time="1.035"/>
  <system-out><![CDATA[DotConcurrentImpl{threadPoolExecutor=name = testsubmitter {com.dotcms.concurrent.DotConcurrentFactory$DotThreadPoolExecutor@53b4bdda[Running, pool size = 0, active threads = 0, queued tasks = 0, completed tasks = 0]}
MaximumPoolSize=4
keepAliveMillis=60000
queue=[]
shutdown=false}
DotConcurrentImpl{threadPoolExecutor=name = testsubmitter {com.dotcms.concurrent.DotConcurrentFactory$DotThreadPoolExecutor@53b4bdda[Running, pool size = 0, active threads = 0, queued tasks = 0, completed tasks = 0]}
MaximumPoolSize=4
keepAliveMillis=60000
queue=[]
shutdown=false}
DotConcurrentImpl{threadPoolExecutor=name = testsubmitter {com.dotcms.concurrent.DotConcurrentFactory$DotThreadPoolExecutor@53b4bdda[Running, pool size = 2, active threads = 2, queued tasks = 8, completed tasks = 0]}
MaximumPoolSize=4
keepAliveMillis=60000
queue=[com.dotcms.concurrent.DotConcurrentFactoryTest$PrintTask@5f177e0, com.dotcms.concurrent.DotConcurrentFactoryTest$PrintTask@132ba2ab, com.dotcms.concurrent.DotConcurrentFactoryTest$PrintTask@afccbdd, com.dotcms.concurrent.DotConcurrentFactoryTest$PrintTask@3f63b494, com.dotcms.concurrent.DotConcurrentFactoryTest$PrintTask@31a38aef, com.dotcms.concurrent.DotConcurrentFactoryTest$PrintTask@7f53588a, com.dotcms.concurrent.DotConcurrentFactoryTest$PrintTask@131dd69e, com.dotcms.concurrent.DotConcurrentFactoryTest$PrintTask@31f8177d]
shutdown=false}
DotConcurrentImpl{threadPoolExecutor=name = testsubmitter {com.dotcms.concurrent.DotConcurrentFactory$DotThreadPoolExecutor@53b4bdda[Running, pool size = 2, active threads = 2, queued tasks = 18, completed tasks = 0]}
MaximumPoolSize=4
keepAliveMillis=60000
queue=[com.dotcms.concurrent.DotConcurrentFactoryTest$PrintTask@5f177e0, com.dotcms.concurrent.DotConcurrentFactoryTest$PrintTask@132ba2ab, com.dotcms.concurrent.DotConcurrentFactoryTest$PrintTask@afccbdd, com.dotcms.concurrent.DotConcurrentFactoryTest$PrintTask@3f63b494, com.dotcms.concurrent.DotConcurrentFactoryTest$PrintTask@31a38aef, com.dotcms.concurrent.DotConcurrentFactoryTest$PrintTask@7f53588a, com.dotcms.concurrent.DotConcurrentFactoryTest$PrintTask@131dd69e, com.dotcms.concurrent.DotConcurrentFactoryTest$PrintTask@31f8177d, com.dotcms.concurrent.DotConcurrentFactoryTest$PrintTask@1ca1075f, com.dotcms.concurrent.DotConcurrentFactoryTest$PrintTask@79d39b49, com.dotcms.concurrent.DotConcurrentFactoryTest$PrintTask@4070bcb, com.dotcms.concurrent.DotConcurrentFactoryTest$PrintTask@7535a7c9, com.dotcms.concurrent.DotConcurrentFactoryTest$PrintTask@61baddcf, com.dotcms.concurrent.DotConcurrentFactoryTest$PrintTask@4d61b62, com.dotcms.concurrent.DotConcurrentFactoryTest$PrintTask@38330160, com.dotcms.concurrent.DotConcurrentFactoryTest$PrintTask@6060e240, com.dotcms.concurrent.DotConcurrentFactoryTest$PrintTask@57031f26, com.dotcms.concurrent.DotConcurrentFactoryTest$PrintTask@633a13af]
shutdown=false}
DotConcurrentImpl{threadPoolExecutor=name = testsubmitter {com.dotcms.concurrent.DotConcurrentFactory$DotThreadPoolExecutor@53b4bdda[Running, pool size = 2, active threads = 2, queued tasks = 28, completed tasks = 0]}
MaximumPoolSize=4
keepAliveMillis=60000
queue=[com.dotcms.concurrent.DotConcurrentFactoryTest$PrintTask@5f177e0, com.dotcms.concurrent.DotConcurrentFactoryTest$PrintTask@132ba2ab, com.dotcms.concurrent.DotConcurrentFactoryTest$PrintTask@afccbdd, com.dotcms.concurrent.DotConcurrentFactoryTest$PrintTask@3f63b494, com.dotcms.concurrent.DotConcurrentFactoryTest$PrintTask@31a38aef, com.dotcms.concurrent.DotConcurrentFactoryTest$PrintTask@7f53588a, com.dotcms.concurrent.DotConcurrentFactoryTest$PrintTask@131dd69e, com.dotcms.concurrent.DotConcurrentFactoryTest$PrintTask@31f8177d, com.dotcms.concurrent.DotConcurrentFactoryTest$PrintTask@1ca1075f, com.dotcms.concurrent.DotConcurrentFactoryTest$PrintTask@79d39b49, com.dotcms.concurrent.DotConcurrentFactoryTest$PrintTask@4070bcb, com.dotcms.concurrent.DotConcurrentFactoryTest$PrintTask@7535a7c9, com.dotcms.concurrent.DotConcurrentFactoryTest$PrintTask@61baddcf, com.dotcms.concurrent.DotConcurrentFactoryTest$PrintTask@4d61b62, com.dotcms.concurrent.DotConcurrentFactoryTest$PrintTask@38330160, com.dotcms.concurrent.DotConcurrentFactoryTest$PrintTask@6060e240, com.dotcms.concurrent.DotConcurrentFactoryTest$PrintTask@57031f26, com.dotcms.concurrent.DotConcurrentFactoryTest$PrintTask@633a13af, com.dotcms.concurrent.DotConcurrentFactoryTest$PrintTask@43a226a9, com.dotcms.concurrent.DotConcurrentFactoryTest$PrintTask@24b7ae7f, com.dotcms.concurrent.DotConcurrentFactoryTest$PrintTask@6b026fe0, com.dotcms.concurrent.DotConcurrentFactoryTest$PrintTask@5816be44, com.dotcms.concurrent.DotConcurrentFactoryTest$PrintTask@a534c81, com.dotcms.concurrent.DotConcurrentFactoryTest$PrintTask@138ecfe2, com.dotcms.concurrent.DotConcurrentFactoryTest$PrintTask@6b0bcf1c, com.dotcms.concurrent.DotConcurrentFactoryTest$PrintTask@602b8a7, com.dotcms.concurrent.DotConcurrentFactoryTest$PrintTask@1625dba2, com.dotcms.concurrent.DotConcurrentFactoryTest$PrintTask@7331e75b]
shutdown=false}
Active Threads : 2
Thread1 is running
Thread0 is running
Active Threads : 2
Active Threads : 2
Active Threads : 2
Active Threads : 2
Active Threads : 2
Thread1 is running
Thread0 is running
Thread2 is running
Thread3 is running
Active Threads : 2
Active Threads : 2
Active Threads : 2
Active Threads : 2
Active Threads : 2
Thread3 is running
Thread4 is running
Thread2 is running
Thread5 is running
Active Threads : 2
Active Threads : 2
Active Threads : 2
Active Threads : 2
Active Threads : 2
Thread4 is running
Thread6 is running
Thread5 is running
Thread7 is running
Active Threads : 2
Active Threads : 2
Active Threads : 2
Active Threads : 2
Active Threads : 2
Thread6 is running
Thread8 is running
Thread7 is running
Thread9 is running
Active Threads : 2
Active Threads : 2
Active Threads : 2
Active Threads : 2
Active Threads : 2
Thread8 is running
Thread10 is running
Thread9 is running
Thread11 is running
Active Threads : 2
Active Threads : 2
Active Threads : 2
Active Threads : 2
Thread10 is running
Thread12 is running
Thread11 is running
Thread13 is running
Active Threads : 1
Active Threads : 2
Active Threads : 2
Active Threads : 2
Active Threads : 2
Thread12 is running
Thread14 is running
Thread13 is running
Thread15 is running
Active Threads : 2
Active Threads : 2
Active Threads : 2
Active Threads : 2
Active Threads : 2
Thread14 is running
Thread16 is running
Thread15 is running
Thread17 is running
Active Threads : 2
Active Threads : 2
Active Threads : 2
Active Threads : 2
Active Threads : 2
Thread16 is running
Thread18 is running
Thread17 is running
Thread19 is running
Active Threads : 2
Active Threads : 2
Active Threads : 2
Active Threads : 2
Active Threads : 2
Thread18 is running
Thread20 is running
Thread19 is running
Thread21 is running
Active Threads : 2
Active Threads : 2
Active Threads : 2
Active Threads : 2
Active Threads : 2
Thread20 is running
Thread22 is running
Thread21 is running
Thread23 is running
Active Threads : 2
Active Threads : 2
Active Threads : 2
Active Threads : 2
Active Threads : 2
Thread22 is running
Thread24 is running
Thread23 is running
Thread25 is running
Active Threads : 2
Active Threads : 2
Active Threads : 2
Active Threads : 2
Active Threads : 2
Thread24 is running
Thread26 is running
Thread25 is running
Thread27 is running
Active Threads : 2
Active Threads : 2
Active Threads : 2
Active Threads : 2
Active Threads : 2
Thread26 is running
Thread27 is running
Thread28 is running
Thread29 is running
Active Threads : 2
Active Threads : 2
Active Threads : 2
Active Threads : 2
Active Threads : 2
Thread28 is running
Thread30 is running
Thread29 is running
Thread31 is running
Active Threads : 2
Active Threads : 2
Active Threads : 2
Active Threads : 2
Active Threads : 2
Thread30 is running
Thread31 is running
Thread33 is running
Thread32 is running
Active Threads : 2
Active Threads : 2
Active Threads : 2
Active Threads : 2
Active Threads : 2
Thread32 is running
Thread34 is running
Thread33 is running
Thread35 is running
Active Threads : 2
Active Threads : 2
Active Threads : 2
Active Threads : 2
Active Threads : 2
Thread34 is running
Thread36 is running
Thread35 is running
Thread37 is running
Active Threads : 2
Active Threads : 2
Active Threads : 2
Active Threads : 2
Active Threads : 2
Thread36 is running
Thread38 is running
Thread37 is running
Thread39 is running
Active Threads : 2
Active Threads : 2
Active Threads : 2
Active Threads : 2
Active Threads : 2
Thread38 is running
Thread39 is running
Active Threads : 0
Staring a new one submitterDotConcurrentImpl{threadPoolExecutor=name = testsubmitter {com.dotcms.concurrent.DotConcurrentFactory$DotThreadPoolExecutor@5523fae7[Running, pool size = 0, active threads = 0, queued tasks = 0, completed tasks = 0]}
MaximumPoolSize=4
keepAliveMillis=60000
queue=[]
shutdown=false}
Thread0 is running
Thread1 is running
Active Threads : 2
Active Threads : 2
Active Threads : 2
Active Threads : 2
Active Threads : 2
Thread0 is running
Thread2 is running
Thread1 is running
Thread3 is running
Active Threads : 2
Active Threads : 2
Active Threads : 2
Active Threads : 2
Active Threads : 2
Thread2 is running
Thread4 is running
Thread3 is running
Thread5 is running
Active Threads : 2
Active Threads : 2
Active Threads : 2
Active Threads : 2
Active Threads : 2
Thread4 is running
Thread5 is running
Thread7 is running
Thread6 is running
Active Threads : 2
Active Threads : 2
Active Threads : 2
Active Threads : 2
Active Threads : 2
Thread7 is running
Thread8 is running
Thread6 is running
Thread9 is running
Active Threads : 2
Active Threads : 2
Active Threads : 2
Active Threads : 2
Active Threads : 2
Thread8 is running
Thread10 is running
Thread9 is running
Thread11 is running
Active Threads : 2
Active Threads : 2
Active Threads : 2
Active Threads : 2
Active Threads : 2
Thread10 is running
Thread11 is running
Thread13 is running
Thread12 is running
Active Threads : 2
Active Threads : 2
Active Threads : 2
Active Threads : 2
Active Threads : 2
Thread13 is running
Thread12 is running
Thread15 is running
Thread14 is running
Active Threads : 2
Active Threads : 2
Active Threads : 2
Active Threads : 2
Active Threads : 2
Thread15 is running
Thread16 is running
Thread14 is running
Thread17 is running
Active Threads : 2
Active Threads : 2
Active Threads : 2
Active Threads : 2
Active Threads : 2
Thread16 is running
Thread17 is running
Thread18 is running
Thread19 is running
Active Threads : 2
Active Threads : 2
Active Threads : 2
Active Threads : 2
Active Threads : 2
Thread18 is running
Thread19 is running
Active Threads : 0
DotConcurrentImpl{threadPoolExecutor=name = testsubmitter {com.dotcms.concurrent.DotConcurrentFactory$DotThreadPoolExecutor@5307b4d0[Running, pool size = 0, active threads = 0, queued tasks = 0, completed tasks = 0]}
MaximumPoolSize=4
keepAliveMillis=60000
queue=[]
shutdown=false}
DotConcurrentImpl{threadPoolExecutor=name = testsubmitter {com.dotcms.concurrent.DotConcurrentFactory$DotThreadPoolExecutor@5307b4d0[Running, pool size = 0, active threads = 0, queued tasks = 0, completed tasks = 0]}
MaximumPoolSize=4
keepAliveMillis=60000
queue=[]
shutdown=false}
DotConcurrentImpl{threadPoolExecutor=name = testsubmitter {com.dotcms.concurrent.DotConcurrentFactory$DotThreadPoolExecutor@5307b4d0[Running, pool size = 2, active threads = 2, queued tasks = 8, completed tasks = 0]}
MaximumPoolSize=4
keepAliveMillis=60000
queue=[com.dotcms.concurrent.DotConcurrentFactoryTest$PrintTask@306342f0, com.dotcms.concurrent.DotConcurrentFactoryTest$PrintTask@415ddc83, com.dotcms.concurrent.DotConcurrentFactoryTest$PrintTask@319b4b36, com.dotcms.concurrent.DotConcurrentFactoryTest$PrintTask@9695390, com.dotcms.concurrent.DotConcurrentFactoryTest$PrintTask@2337e48f, com.dotcms.concurrent.DotConcurrentFactoryTest$PrintTask@c219dae, com.dotcms.concurrent.DotConcurrentFactoryTest$PrintTask@6788b5e7, com.dotcms.concurrent.DotConcurrentFactoryTest$PrintTask@243e8f55]
shutdown=false}
DotConcurrentImpl{threadPoolExecutor=name = testsubmitter {com.dotcms.concurrent.DotConcurrentFactory$DotThreadPoolExecutor@5307b4d0[Running, pool size = 2, active threads = 2, queued tasks = 18, completed tasks = 0]}
MaximumPoolSize=4
keepAliveMillis=60000
queue=[com.dotcms.concurrent.DotConcurrentFactoryTest$PrintTask@306342f0, com.dotcms.concurrent.DotConcurrentFactoryTest$PrintTask@415ddc83, com.dotcms.concurrent.DotConcurrentFactoryTest$PrintTask@319b4b36, com.dotcms.concurrent.DotConcurrentFactoryTest$PrintTask@9695390, com.dotcms.concurrent.DotConcurrentFactoryTest$PrintTask@2337e48f, com.dotcms.concurrent.DotConcurrentFactoryTest$PrintTask@c219dae, com.dotcms.concurrent.DotConcurrentFactoryTest$PrintTask@6788b5e7, com.dotcms.concurrent.DotConcurrentFactoryTest$PrintTask@243e8f55, com.dotcms.concurrent.DotConcurrentFactoryTest$PrintTask@38b114c1, com.dotcms.concurrent.DotConcurrentFactoryTest$PrintTask@38fd3294, com.dotcms.concurrent.DotConcurrentFactoryTest$PrintTask@1a788fe1, com.dotcms.concurrent.DotConcurrentFactoryTest$PrintTask@4a6cefdc, com.dotcms.concurrent.DotConcurrentFactoryTest$PrintTask@7acbed4c, com.dotcms.concurrent.DotConcurrentFactoryTest$PrintTask@2bf30913, com.dotcms.concurrent.DotConcurrentFactoryTest$PrintTask@752a9c0b, com.dotcms.concurrent.DotConcurrentFactoryTest$PrintTask@58158f7d, com.dotcms.concurrent.DotConcurrentFactoryTest$PrintTask@7d11a8be, com.dotcms.concurrent.DotConcurrentFactoryTest$PrintTask@4e999d9e]
shutdown=false}
DotConcurrentImpl{threadPoolExecutor=name = testsubmitter {com.dotcms.concurrent.DotConcurrentFactory$DotThreadPoolExecutor@5307b4d0[Running, pool size = 2, active threads = 2, queued tasks = 28, completed tasks = 0]}
MaximumPoolSize=4
keepAliveMillis=60000
queue=[com.dotcms.concurrent.DotConcurrentFactoryTest$PrintTask@306342f0, com.dotcms.concurrent.DotConcurrentFactoryTest$PrintTask@415ddc83, com.dotcms.concurrent.DotConcurrentFactoryTest$PrintTask@319b4b36, com.dotcms.concurrent.DotConcurrentFactoryTest$PrintTask@9695390, com.dotcms.concurrent.DotConcurrentFactoryTest$PrintTask@2337e48f, com.dotcms.concurrent.DotConcurrentFactoryTest$PrintTask@c219dae, com.dotcms.concurrent.DotConcurrentFactoryTest$PrintTask@6788b5e7, com.dotcms.concurrent.DotConcurrentFactoryTest$PrintTask@243e8f55, com.dotcms.concurrent.DotConcurrentFactoryTest$PrintTask@38b114c1, com.dotcms.concurrent.DotConcurrentFactoryTest$PrintTask@38fd3294, com.dotcms.concurrent.DotConcurrentFactoryTest$PrintTask@1a788fe1, com.dotcms.concurrent.DotConcurrentFactoryTest$PrintTask@4a6cefdc, com.dotcms.concurrent.DotConcurrentFactoryTest$PrintTask@7acbed4c, com.dotcms.concurrent.DotConcurrentFactoryTest$PrintTask@2bf30913, com.dotcms.concurrent.DotConcurrentFactoryTest$PrintTask@752a9c0b, com.dotcms.concurrent.DotConcurrentFactoryTest$PrintTask@58158f7d, com.dotcms.concurrent.DotConcurrentFactoryTest$PrintTask@7d11a8be, com.dotcms.concurrent.DotConcurrentFactoryTest$PrintTask@4e999d9e, com.dotcms.concurrent.DotConcurrentFactoryTest$PrintTask@6f728a82, com.dotcms.concurrent.DotConcurrentFactoryTest$PrintTask@1be89e76, com.dotcms.concurrent.DotConcurrentFactoryTest$PrintTask@6bcc91ed, com.dotcms.concurrent.DotConcurrentFactoryTest$PrintTask@69bb8467, com.dotcms.concurrent.DotConcurrentFactoryTest$PrintTask@12e63548, com.dotcms.concurrent.DotConcurrentFactoryTest$PrintTask@4da2024c, com.dotcms.concurrent.DotConcurrentFactoryTest$PrintTask@42eeb1ec, com.dotcms.concurrent.DotConcurrentFactoryTest$PrintTask@77c39d6a, com.dotcms.concurrent.DotConcurrentFactoryTest$PrintTask@54acbaaf, com.dotcms.concurrent.DotConcurrentFactoryTest$PrintTask@9417214]
shutdown=false}
Active Threads : 2
Thread1 is running
Thread0 is running
Active Threads : 2
Active Threads : 2
Active Threads : 2
Active Threads : 2
Thread1 is running
Thread2 is running
Thread0 is running
Thread3 is running
Active Threads : 2
Active Threads : 2
Active Threads : 2
Active Threads : 2
Active Threads : 2
Thread3 is running
Thread4 is running
Thread2 is running
Thread5 is running
Active Threads : 2
Active Threads : 2
Active Threads : 2
Active Threads : 2
Active Threads : 2
Thread4 is running
Thread6 is running
Thread5 is running
Thread7 is running
Active Threads : 2
Active Threads : 2
Active Threads : 2
Active Threads : 2
Active Threads : 2
Thread6 is running
Thread8 is running
Thread7 is running
Thread9 is running
Active Threads : 2
Active Threads : 2
Active Threads : 2
Active Threads : 2
Active Threads : 2
Thread8 is running
Thread10 is running
Thread9 is running
Thread11 is running
Active Threads : 2
Active Threads : 2
Active Threads : 2
Active Threads : 2
Active Threads : 2
Thread10 is running
Thread12 is running
Thread11 is running
Thread13 is running
Active Threads : 2
Active Threads : 2
Active Threads : 2
Active Threads : 2
Active Threads : 2
Thread12 is running
Thread14 is running
Thread13 is running
Thread15 is running
Active Threads : 2
Active Threads : 2
Active Threads : 2
Active Threads : 2
Active Threads : 2
Thread14 is running
Thread16 is running
Thread15 is running
Thread17 is running
Active Threads : 2
Active Threads : 2
Active Threads : 2
Active Threads : 2
Active Threads : 2
Thread16 is running
Thread18 is running
Thread17 is running
Thread19 is running
Active Threads : 2
Active Threads : 2
Active Threads : 2
Active Threads : 2
Active Threads : 2
Thread18 is running
Thread20 is running
Thread19 is running
Thread21 is running
Active Threads : 2
Active Threads : 2
Active Threads : 2
Active Threads : 2
Active Threads : 2
Thread20 is running
Thread22 is running
Thread21 is running
Thread23 is running
Active Threads : 2
Active Threads : 2
Active Threads : 2
Active Threads : 2
Active Threads : 2
Thread22 is running
Thread24 is running
Thread23 is running
Thread25 is running
Active Threads : 2
Active Threads : 2
Active Threads : 2
Active Threads : 2
Active Threads : 2
Thread24 is running
Thread26 is running
Thread25 is running
Thread27 is running
Active Threads : 2
Active Threads : 2
Active Threads : 2
Active Threads : 2
Active Threads : 2
Thread26 is running
Thread28 is running
Thread27 is running
Thread29 is running
Active Threads : 2
Active Threads : 2
Active Threads : 2
Active Threads : 2
Active Threads : 2
Thread28 is running
Thread30 is running
Thread29 is running
Thread31 is running
Active Threads : 2
Active Threads : 2
Active Threads : 2
Active Threads : 2
Active Threads : 2
Thread30 is running
Thread32 is running
Thread31 is running
Thread33 is running
Active Threads : 2
Active Threads : 2
Active Threads : 2
Active Threads : 2
Active Threads : 2
Thread32 is running
Thread34 is running
Thread33 is running
Thread35 is running
Active Threads : 2
Active Threads : 2
Active Threads : 2
Active Threads : 2
Active Threads : 2
Thread34 is running
Thread36 is running
Thread35 is running
Thread37 is running
Active Threads : 2
Active Threads : 2
Active Threads : 2
Active Threads : 2
Active Threads : 2
Thread36 is running
Thread38 is running
Thread37 is running
Thread39 is running
Active Threads : 2
Active Threads : 2
Active Threads : 2
Active Threads : 2
Active Threads : 2
Thread38 is running
Thread39 is running
Active Threads : 0
Staring a new one submitterDotConcurrentImpl{threadPoolExecutor=name = testsubmitter {com.dotcms.concurrent.DotConcurrentFactory$DotThreadPoolExecutor@5307b4d0[Running, pool size = 2, active threads = 0, queued tasks = 0, completed tasks = 40]}
MaximumPoolSize=4
keepAliveMillis=60000
queue=[]
shutdown=false}
Active Threads : 0
Thread0 is running
Thread1 is running
Thread0 is running
Thread2 is running
Thread1 is running
Thread3 is running
Thread2 is running
Thread4 is running
Thread3 is running
Thread5 is running
Thread4 is running
Thread6 is running
Thread5 is running
Thread7 is running
Thread6 is running
Thread8 is running
Thread7 is running
Thread9 is running
DotConcurrentImpl{threadPoolExecutor=name = dotSystemPool {com.dotcms.concurrent.DotConcurrentFactory$DotThreadPoolExecutor@641c90b3[Running, pool size = 0, active threads = 0, queued tasks = 0, completed tasks = 0]}
MaximumPoolSize=50
keepAliveMillis=60000
queue=[]
shutdown=false}
DotConcurrentImpl{threadPoolExecutor=name = dotSystemPool {com.dotcms.concurrent.DotConcurrentFactory$DotThreadPoolExecutor@641c90b3[Running, pool size = 0, active threads = 0, queued tasks = 0, completed tasks = 0]}
MaximumPoolSize=50
keepAliveMillis=60000
queue=[]
shutdown=false}
Thread0 is running
Thread1 is running
Thread2 is running
Thread3 is running
Thread4 is running
Thread5 is running
Thread6 is running
Thread8 is running
DotConcurrentImpl{threadPoolExecutor=name = dotSystemPool {com.dotcms.concurrent.DotConcurrentFactory$DotThreadPoolExecutor@641c90b3[Running, pool size = 10, active threads = 10, queued tasks = 0, completed tasks = 0]}
MaximumPoolSize=50
keepAliveMillis=60000
queue=[]
shutdown=false}
DotConcurrentImpl{threadPoolExecutor=name = dotSystemPool {com.dotcms.concurrent.DotConcurrentFactory$DotThreadPoolExecutor@641c90b3[Running, pool size = 10, active threads = 10, queued tasks = 10, completed tasks = 0]}
MaximumPoolSize=50
keepAliveMillis=60000
queue=[com.dotcms.concurrent.DotConcurrentFactoryTest$PrintTask@37e47943, com.dotcms.concurrent.DotConcurrentFactoryTest$PrintTask@58cd6120, com.dotcms.concurrent.DotConcurrentFactoryTest$PrintTask@554bb85d, com.dotcms.concurrent.DotConcurrentFactoryTest$PrintTask@36f04db, com.dotcms.concurrent.DotConcurrentFactoryTest$PrintTask@17d54b94, com.dotcms.concurrent.DotConcurrentFactoryTest$PrintTask@24a2fc2f, com.dotcms.concurrent.DotConcurrentFactoryTest$PrintTask@2c2321b6, com.dotcms.concurrent.DotConcurrentFactoryTest$PrintTask@5711b135, com.dotcms.concurrent.DotConcurrentFactoryTest$PrintTask@6aa5d9a8, com.dotcms.concurrent.DotConcurrentFactoryTest$PrintTask@59d51357]
shutdown=false}
DotConcurrentImpl{threadPoolExecutor=name = dotSystemPool {com.dotcms.concurrent.DotConcurrentFactory$DotThreadPoolExecutor@641c90b3[Running, pool size = 10, active threads = 10, queued tasks = 20, completed tasks = 0]}
MaximumPoolSize=50
keepAliveMillis=60000
queue=[com.dotcms.concurrent.DotConcurrentFactoryTest$PrintTask@37e47943, com.dotcms.concurrent.DotConcurrentFactoryTest$PrintTask@58cd6120, com.dotcms.concurrent.DotConcurrentFactoryTest$PrintTask@554bb85d, com.dotcms.concurrent.DotConcurrentFactoryTest$PrintTask@36f04db, com.dotcms.concurrent.DotConcurrentFactoryTest$PrintTask@17d54b94, com.dotcms.concurrent.DotConcurrentFactoryTest$PrintTask@24a2fc2f, com.dotcms.concurrent.DotConcurrentFactoryTest$PrintTask@2c2321b6, com.dotcms.concurrent.DotConcurrentFactoryTest$PrintTask@5711b135, com.dotcms.concurrent.DotConcurrentFactoryTest$PrintTask@6aa5d9a8, com.dotcms.concurrent.DotConcurrentFactoryTest$PrintTask@59d51357, com.dotcms.concurrent.DotConcurrentFactoryTest$PrintTask@6ccea74a, com.dotcms.concurrent.DotConcurrentFactoryTest$PrintTask@368c2bff, com.dotcms.concurrent.DotConcurrentFactoryTest$PrintTask@72a0cc1f, com.dotcms.concurrent.DotConcurrentFactoryTest$PrintTask@31e36b7, com.dotcms.concurrent.DotConcurrentFactoryTest$PrintTask@1af33569, com.dotcms.concurrent.DotConcurrentFactoryTest$PrintTask@4df7361b, com.dotcms.concurrent.DotConcurrentFactoryTest$PrintTask@39c3db8e, com.dotcms.concurrent.DotConcurrentFactoryTest$PrintTask@4b9af98f, com.dotcms.concurrent.DotConcurrentFactoryTest$PrintTask@4841c5e8, com.dotcms.concurrent.DotConcurrentFactoryTest$PrintTask@3c726515]
shutdown=false}
Thread9 is running
Thread7 is running
Active Threads : 10
Active Threads : 10
Active Threads : 10
Active Threads : 10
Thread8 is running
Thread9 is running
Thread10 is running
Thread11 is running
Active Threads : 10
Thread0 is running
Thread10 is running
Thread1 is running
Thread11 is running
Thread2 is running
Thread3 is running
Thread12 is running
Thread13 is running
Thread5 is running
Thread14 is running
Thread4 is running
Thread15 is running
Thread8 is running
Thread16 is running
Thread6 is running
Thread17 is running
Thread9 is running
Thread18 is running
Thread7 is running
Thread19 is running
Active Threads : 10
Active Threads : 10
Active Threads : 10
Active Threads : 10
Thread10 is running
Thread11 is running
Thread12 is running
Thread13 is running
Active Threads : 10
Thread10 is running
Thread20 is running
Thread11 is running
Thread21 is running
Thread13 is running
Thread12 is running
Thread22 is running
Thread23 is running
Thread14 is running
Thread24 is running
Thread15 is running
Thread25 is running
Thread17 is running
Thread16 is running
Thread26 is running
Thread27 is running
Thread18 is running
Thread28 is running
Thread19 is running
Thread29 is running
Active Threads : 10
Active Threads : 10
Active Threads : 10
Active Threads : 10
Thread13 is running
Thread14 is running
Thread12 is running
Thread15 is running
Active Threads : 10
Thread20 is running
Thread30 is running
Thread21 is running
Thread22 is running
Thread31 is running
Thread32 is running
Thread23 is running
Thread33 is running
Thread24 is running
Thread34 is running
Thread25 is running
Thread35 is running
Thread26 is running
Thread36 is running
Thread27 is running
Thread37 is running
Thread28 is running
Thread29 is running
Thread39 is running
Thread38 is running
Active Threads : 10
Active Threads : 10
Active Threads : 10
Active Threads : 10
Thread14 is running
Thread16 is running
Thread15 is running
Thread17 is running
Active Threads : 10
Thread30 is running
Thread31 is running
Thread33 is running
Thread32 is running
Thread34 is running
Thread35 is running
Thread36 is running
Thread37 is running
Thread39 is running
Thread38 is running
Active Threads : 0
Staring a new one submitterDotConcurrentImpl{threadPoolExecutor=name = dotSystemPool {com.dotcms.concurrent.DotConcurrentFactory$DotThreadPoolExecutor@641c90b3[Running, pool size = 10, active threads = 0, queued tasks = 0, completed tasks = 40]}
MaximumPoolSize=50
keepAliveMillis=60000
queue=[]
shutdown=false}
Active Threads : 0
Thread0 is running
Thread1 is running
Thread2 is running
Thread3 is running
Thread4 is running
Thread5 is running
Thread6 is running
Thread7 is running
Thread8 is running
Thread9 is running
Supplier1, a 1689789746949
Supplier1, a 1689789746950
Supplier1, a 1689789746954
Supplier1, a 1689789746950
Supplier1, a 1689789746963
Supplier1, a 1689789746971
Thread16 is running
Thread17 is running
Thread18 is running
Thread19 is running
Thread0 is running
Thread10 is running
Thread1 is running
Thread2 is running
Thread11 is running
Thread12 is running
Thread4 is running
Thread3 is running
Thread13 is running
Thread14 is running
Thread5 is running
Thread15 is running
Thread6 is running
Thread16 is running
Thread7 is running
Thread17 is running
Thread8 is running
Thread18 is running
Thread9 is running
Thread19 is running
Thread18 is running
Thread19 is running
Thread10 is running
Thread13 is running
Thread11 is running
Thread14 is running
Thread12 is running
Thread15 is running
Thread16 is running
Thread17 is running
Thread18 is running
Thread19 is running
Supplier1, b 1689789754961
Supplier1, b 1689789754961
Supplier1, b 1689789754963
Supplier1, b 1689789754963
Supplier1, b 1689789754964
Supplier1, b 1689789754971
Supplier1, a 1689789754972
Supplier1, a 1689789754972
Supplier1, a 1689789754972
Supplier1, a 1689789754972
Supplier1, a 1689789754972
Supplier1, a 1689789754972
Supplier1, b 1689789762972
Supplier1, b 1689789762972
Supplier1, b 1689789762972
Supplier1, b 1689789762972
Supplier1, b 1689789762972
Supplier1, b 1689789762973
com.dotcms.concurrent.DotConcurrentFactory$DotSingleSubmitterImpl@30cb770e
Thread0 is running
Thread0 is running
Thread1 is running
Thread1 is running
Thread2 is running
Thread2 is running
Thread3 is running
Thread3 is running
Thread4 is running
Thread4 is running
Thread5 is running
Thread5 is running
Thread6 is running
Thread6 is running
Thread7 is running
Thread7 is running
Thread8 is running
Thread8 is running
Thread9 is running
Thread9 is running
Staring a new one submittercom.dotcms.concurrent.DotConcurrentFactory$DotSingleSubmitterImpl@30cb770e
Thread0 is running
Thread0 is running
Thread1 is running
Thread1 is running
Thread2 is running
Thread2 is running
Thread3 is running
Thread3 is running
Thread4 is running
Thread4 is running
Thread5 is running
Thread5 is running
Thread6 is running
Thread6 is running
Thread7 is running
Thread7 is running
Thread8 is running
Thread8 is running
Thread9 is running
Thread9 is running
]]></system-out>
  <system-err><![CDATA[]]></system-err>
</testsuite>
