<?xml version="1.0" encoding="UTF-8"?>
<testsuite name="com.dotcms.util.diff.DiffCommandTest" tests="2" skipped="0" failures="0" errors="0" timestamp="2023-07-13T21:17:03" hostname="fv-az615-218" time="0.01">
  <properties/>
  <testcase name="applyDiff_Comparable" classname="com.dotcms.util.diff.DiffCommandTest" time="0.009"/>
  <testcase name="applyDiff_Differentiable" classname="com.dotcms.util.diff.DiffCommandTest" time="0.001"/>
  <system-out><![CDATA[{six=six, five=five}
{two=two}
{four=fourxxx, one=onexxx}
{six=com.dotcms.util.diff.DiffCommandTest$StringDifferentiable@1b6fe2b8, five=com.dotcms.util.diff.DiffCommandTest$StringDifferentiable@1c3a32fa}
{two=com.dotcms.util.diff.DiffCommandTest$StringDifferentiable@5dd3bea1}
{four=com.dotcms.util.diff.DiffCommandTest$StringDifferentiable@aa685f, one=com.dotcms.util.diff.DiffCommandTest$StringDifferentiable@643430d0}
]]></system-out>
  <system-err><![CDATA[]]></system-err>
</testsuite>
