<?xml version="1.0" encoding="UTF-8"?>
<testsuite name="com.dotcms.content.elasticsearch.util.ESUtilsTest" tests="1" skipped="0" failures="0" errors="0" timestamp="2023-07-06T20:36:38" hostname="fv-az248-4" time="0.012">
  <properties/>
  <testcase name="test_escapeExcludingSlashIncludingSpace_method" classname="com.dotcms.content.elasticsearch.util.ESUtilsTest" time="0.012"/>
  <system-out><![CDATA[]]></system-out>
  <system-err><![CDATA[]]></system-err>
</testsuite>
