<?xml version="1.0" encoding="UTF-8"?>
<testsuite name="com.dotmarketing.portlets.workflows.ajax.WfBaseActionTest" tests="3" skipped="0" failures="0" errors="0" timestamp="2023-06-23T22:08:20" hostname="fv-az399-870" time="0.265">
  <properties/>
  <testcase name="TestOnNullCallTheDefaultCommand" classname="com.dotmarketing.portlets.workflows.ajax.WfBaseActionTest" time="0.233"/>
  <testcase name="TestNotAllowedCommands" classname="com.dotmarketing.portlets.workflows.ajax.WfBaseActionTest" time="0.009"/>
  <testcase name="TestAllowedCommands" classname="com.dotmarketing.portlets.workflows.ajax.WfBaseActionTest" time="0.022"/>
  <system-out><![CDATA[ Command ::  forbiddenMethod  on  class Mock for WfSchemeAjax, hashCode: 837838841
 Command ::  forbiddenMethod  on  class Mock for WfActionClassAjax, hashCode: 2040290706
 Command ::  forbiddenMethod  on  class Mock for WfTaskAjax, hashCode: 2064037974
 Command ::  forbiddenMethod  on  class Mock for WfActionAjax, hashCode: 1927291574
 Command ::  forbiddenMethod  on  class Mock for WfRoleStoreAjax, hashCode: 722413458
 Command ::  save  on  class Mock for WfSchemeAjax, hashCode: 1839270297
 Command ::  action  on  class Mock for WfSchemeAjax, hashCode: 1839270297
 Command ::  action  on  class Mock for WfActionClassAjax, hashCode: 1966357913
 Command ::  reorder  on  class Mock for WfActionClassAjax, hashCode: 1966357913
 Command ::  delete  on  class Mock for WfActionClassAjax, hashCode: 1966357913
 Command ::  save  on  class Mock for WfActionClassAjax, hashCode: 1966357913
 Command ::  add  on  class Mock for WfActionClassAjax, hashCode: 1966357913
 Command ::  action  on  class Mock for WfTaskAjax, hashCode: 1440233373
 Command ::  executeAction  on  class Mock for WfTaskAjax, hashCode: 1440233373
 Command ::  executeActions  on  class Mock for WfTaskAjax, hashCode: 1440233373
 Command ::  reorder  on  class Mock for WfActionAjax, hashCode: 2048857187
 Command ::  action  on  class Mock for WfActionAjax, hashCode: 2048857187
 Command ::  add  on  class Mock for WfActionAjax, hashCode: 2048857187
 Command ::  deleteActionForStep  on  class Mock for WfActionAjax, hashCode: 2048857187
 Command ::  save  on  class Mock for WfActionAjax, hashCode: 2048857187
 Command ::  delete  on  class Mock for WfActionAjax, hashCode: 2048857187
 Command ::  action  on  class Mock for WfRoleStoreAjax, hashCode: 967606496
 Command ::  assignable  on  class Mock for WfRoleStoreAjax, hashCode: 967606496
 Command ::  rolesToJson  on  class Mock for WfRoleStoreAjax, hashCode: 967606496
]]></system-out>
  <system-err><![CDATA[]]></system-err>
</testsuite>
