<?xml version="1.0" encoding="UTF-8"?>
<testsuite name="com.dotcms.auth.providers.jwt.factories.SecretKeySpecFactoryTest" tests="1" skipped="0" failures="0" errors="0" timestamp="2023-07-19T14:31:20" hostname="fv-az447-779" time="1.884">
  <properties/>
  <testcase name="readAndPrepareSecret" classname="com.dotcms.auth.providers.jwt.factories.SecretKeySpecFactoryTest" time="1.884"/>
  <system-out><![CDATA[dcf5de68054d331ad25d386c870fc24f6d0db6aa6f2989164b78e18c99f99fb6c662cdff3feb5707bdb33e63c4f5563caa578c42780dede567deca9106cf8ccd
MySecretKey2
MySecretKey3
MySecretKey3
2a6f47d9560078304c272351b89fe799df7c686f4c4c3bf7d37b64dc37e1f85794cd9648b61b9a8054611a7976374e93ccb272d55bed4ab61e6d3eea7f9fd53d
d5dd10a1874d734b69a8437eb0de6acdea8a7dfce51c6dd96a80953e979b9001d99e867956f41f7951f97602a4543410fc34286e34e6e99b68a4b0f44200612d
9e4c234e5249ef6dc2813631c882ba25213d328bf60a7c4024db2b89e5f69ae7344ec4eb1ec1e929bdcc7cedb15bc2568e8c0f7d4dee8952ee64dcc062f573ac
]]></system-out>
  <system-err><![CDATA[]]></system-err>
</testsuite>
