<?xml version="1.0" encoding="UTF-8"?>
<testsuite name="com.dotcms.util.diff.DiffCommandTest" tests="2" skipped="0" failures="0" errors="0" timestamp="2023-07-06T20:13:04" hostname="fv-az613-608" time="0.01">
  <properties/>
  <testcase name="applyDiff_Comparable" classname="com.dotcms.util.diff.DiffCommandTest" time="0.009"/>
  <testcase name="applyDiff_Differentiable" classname="com.dotcms.util.diff.DiffCommandTest" time="0.001"/>
  <system-out><![CDATA[{six=six, five=five}
{two=two}
{four=fourxxx, one=onexxx}
{six=com.dotcms.util.diff.DiffCommandTest$StringDifferentiable@27df70b3, five=com.dotcms.util.diff.DiffCommandTest$StringDifferentiable@55b6ac1}
{two=com.dotcms.util.diff.DiffCommandTest$StringDifferentiable@5fb54be4}
{four=com.dotcms.util.diff.DiffCommandTest$StringDifferentiable@b153761, one=com.dotcms.util.diff.DiffCommandTest$StringDifferentiable@57938458}
]]></system-out>
  <system-err><![CDATA[]]></system-err>
</testsuite>
