<?xml version="1.0" encoding="UTF-8"?>
<testsuite name="com.dotcms.util.SecurityUtilsTest" tests="2" skipped="0" failures="0" errors="0" timestamp="2023-06-30T18:18:06" hostname="fv-az574-602" time="0.131">
  <properties/>
  <testcase name="test_valid_referers" classname="com.dotcms.util.SecurityUtilsTest" time="0.083"/>
  <testcase name="test_invalid_referers" classname="com.dotcms.util.SecurityUtilsTest" time="0.048"/>
  <system-out><![CDATA[testing good urlhttp://localhost:8080/abc123 with referer: http://localhost:8080/abc123
testing good urlhttp://127.0.0.1/abc123/test.css with referer: null
testing good urlhttp://demo.dotcms.com/dotAdmin/polyfills.js with referer: http://demo.dotcms.com/
testing good urlhttp://gmail.com/dotAdmin/polyfills.js?badstuff=true with referer: https://gmail.com/testing
testing good urlhttp://gmail.com/dotAdmin/polyfills.js?badstuff=true with referer: https://portalhost.com/testing
testing good urlhttp://demo.dotcms.com/ignorethisuri with referer: null
testing good urlhttp://demo.dotcms.com/ignoreunderthisuri/testing with referer: null
testing good urlhttp://demo.dotcms.com/ignoreunderthisuri/ with referer: null
testing good urlhttp://demo.dotcms.com/ignoreunderthisuri/235326egr4t/asdasd/asdasd with referer: null
testing bad  urlhttp://localhost:8080/abc123 with referer: null
testing bad  urlhttp://demo.dotcms.com/dotAdmin/polyfills.js with referer: http://www.dotcms.com/
testing bad  urlhttp://gmail.com/dotAdmin/polyfills.js?badstuff=true with referer: https://demo.dotcms.com/testing
testing bad  urlhttp://gmail.com/dotAdmin/polyfills.js?badstuff=true with referer: null
testing bad  urlhttp://demo.dotcms.com/ignorethisurixyz with referer: google
testing bad  urlhttp://123.dotcms.com/ignoreunderthisuri with referer: google.com
testing bad  urlhttp://345.dotcms.com/ignoreunderthisur/ with referer: badSite
testing bad  urlhttp://675.dotcms.com/./ignoreunderthisuri/235326egr4t/asdasd/asdasd with referer: localhost
]]></system-out>
  <system-err><![CDATA[]]></system-err>
</testsuite>
