<?xml version="1.0" encoding="UTF-8"?>
<testsuite name="com.dotcms.auth.providers.jwt.factories.SecretKeySpecFactoryTest" tests="1" skipped="0" failures="0" errors="0" timestamp="2023-06-30T14:44:02" hostname="fv-az206-667" time="1.781">
  <properties/>
  <testcase name="readAndPrepareSecret" classname="com.dotcms.auth.providers.jwt.factories.SecretKeySpecFactoryTest" time="1.781"/>
  <system-out><![CDATA[15db901b38f97256c04eb32385dfcaa80fbf05798b066cafba4bf833f5da3ce99f0549e4b7992075e155e4a2584d0bed936d5e57c9922e9ce3da60c7b19e2a4d
MySecretKey2
MySecretKey3
MySecretKey3
23e78ee34de74842a03ad65f846be6e5fa8f5e1d5924210c3ece00412dfc288c8c6eb6fa0e80e8eea793739e0ea6afc81058920cf6b586130355c22c8630346d
b038e7302707f4a8d43102dd5db5665f9e622868d508f9af835bca9da609d7409b4c4499aa2a6d64a618571b50ccfc2dcbdd18bce2f77de72e6a16c4a7fe2a95
e959ac973d62802d61d06cd085be26a43d4f118ce5a4002719346809c2293cc8e6047783a61ee6ac9fe323d703765cae1d1da43d206bcfdb92c6c6ba24e33b35
]]></system-out>
  <system-err><![CDATA[]]></system-err>
</testsuite>
