<?xml version="1.0" encoding="UTF-8"?>
<testsuite name="com.dotmarketing.portlets.workflows.ajax.WfBaseActionTest" tests="3" skipped="0" failures="0" errors="0" timestamp="2023-07-05T22:44:24" hostname="fv-az805-442" time="0.191">
  <properties/>
  <testcase name="TestOnNullCallTheDefaultCommand" classname="com.dotmarketing.portlets.workflows.ajax.WfBaseActionTest" time="0.157"/>
  <testcase name="TestNotAllowedCommands" classname="com.dotmarketing.portlets.workflows.ajax.WfBaseActionTest" time="0.008"/>
  <testcase name="TestAllowedCommands" classname="com.dotmarketing.portlets.workflows.ajax.WfBaseActionTest" time="0.024"/>
  <system-out><![CDATA[ Command ::  forbiddenMethod  on  class Mock for WfActionAjax, hashCode: 459097948
 Command ::  forbiddenMethod  on  class Mock for WfRoleStoreAjax, hashCode: 49429726
 Command ::  forbiddenMethod  on  class Mock for WfActionClassAjax, hashCode: 1922532942
 Command ::  forbiddenMethod  on  class Mock for WfSchemeAjax, hashCode: 639369579
 Command ::  forbiddenMethod  on  class Mock for WfTaskAjax, hashCode: 1632176863
 Command ::  reorder  on  class Mock for WfActionAjax, hashCode: 1284944729
 Command ::  delete  on  class Mock for WfActionAjax, hashCode: 1284944729
 Command ::  save  on  class Mock for WfActionAjax, hashCode: 1284944729
 Command ::  deleteActionForStep  on  class Mock for WfActionAjax, hashCode: 1284944729
 Command ::  add  on  class Mock for WfActionAjax, hashCode: 1284944729
 Command ::  action  on  class Mock for WfActionAjax, hashCode: 1284944729
 Command ::  rolesToJson  on  class Mock for WfRoleStoreAjax, hashCode: 143433608
 Command ::  assignable  on  class Mock for WfRoleStoreAjax, hashCode: 143433608
 Command ::  action  on  class Mock for WfRoleStoreAjax, hashCode: 143433608
 Command ::  add  on  class Mock for WfActionClassAjax, hashCode: 595225389
 Command ::  save  on  class Mock for WfActionClassAjax, hashCode: 595225389
 Command ::  delete  on  class Mock for WfActionClassAjax, hashCode: 595225389
 Command ::  reorder  on  class Mock for WfActionClassAjax, hashCode: 595225389
 Command ::  action  on  class Mock for WfActionClassAjax, hashCode: 595225389
 Command ::  action  on  class Mock for WfSchemeAjax, hashCode: 171753952
 Command ::  save  on  class Mock for WfSchemeAjax, hashCode: 171753952
 Command ::  executeActions  on  class Mock for WfTaskAjax, hashCode: 918336836
 Command ::  executeAction  on  class Mock for WfTaskAjax, hashCode: 918336836
 Command ::  action  on  class Mock for WfTaskAjax, hashCode: 918336836
]]></system-out>
  <system-err><![CDATA[]]></system-err>
</testsuite>
