<?xml version="1.0" encoding="UTF-8"?>
<testsuite name="com.dotcms.util.OptionalBooleanTest" tests="4" skipped="0" failures="0" errors="0" timestamp="2023-06-29T16:17:01" hostname="fv-az796-704" time="0.005">
  <properties/>
  <testcase name="testChain" classname="com.dotcms.util.OptionalBooleanTest" time="0.0"/>
  <testcase name="testFalse" classname="com.dotcms.util.OptionalBooleanTest" time="0.003"/>
  <testcase name="testNull" classname="com.dotcms.util.OptionalBooleanTest" time="0.0"/>
  <testcase name="testTrue" classname="com.dotcms.util.OptionalBooleanTest" time="0.001"/>
  <system-out><![CDATA[]]></system-out>
  <system-err><![CDATA[]]></system-err>
</testsuite>
