<?xml version="1.0" encoding="UTF-8"?>
<testsuite name="com.dotcms.auth.providers.jwt.factories.SecretKeySpecFactoryTest" tests="1" skipped="0" failures="0" errors="0" timestamp="2023-07-14T00:28:39" hostname="fv-az791-444" time="1.585">
  <properties/>
  <testcase name="readAndPrepareSecret" classname="com.dotcms.auth.providers.jwt.factories.SecretKeySpecFactoryTest" time="1.585"/>
  <system-out><![CDATA[f01e6fefd9c29ec8dc44f58fdc6e4e7cf31d83e334f5820f803628d0d73e1fe30d321f8ee2a008e563ab8144aefe6b7fd13c57bc77516b03f84aad3ba1acea61
MySecretKey2
MySecretKey3
MySecretKey3
1846c5fe515f5b31d2a65e224342ff57f3b6710e87912d0eef9b90fd183ea28bf16f94114d884d8c94d8c8d293c070e96cb231e607bf89f3b94b0455e796be99
7e994ca111527f46bb39cb83678cb24571fd4e0187442c143a050ddc5401cfcb8fbddf3e43af1009406a2ea98481aae53de8ead49c0374758481656edea71c51
c18de3493db7922762944cacc5d01af7078fab87f289f941b74123a888875aae5ca357567633e4c075eff96d8730487ab30667637b8864211fa4d2ec462bce4b
]]></system-out>
  <system-err><![CDATA[]]></system-err>
</testsuite>
