<?xml version="1.0" encoding="UTF-8"?>
<testsuite name="com.dotcms.rest.api.v1.configuration.AppContextInitResourceTest" tests="1" skipped="0" failures="0" errors="0" timestamp="2023-07-07T21:35:04" hostname="fv-az280-510" time="0.171">
  <properties/>
  <testcase name="testVerifyConfigurationData" classname="com.dotcms.rest.api.v1.configuration.AppContextInitResourceTest" time="0.171"/>
  <system-out><![CDATA[]]></system-out>
  <system-err><![CDATA[]]></system-err>
</testsuite>
