<?xml version="1.0" encoding="UTF-8"?>
<testsuite name="com.dotcms.contenttype.model.field.FieldTypeResourceTest" tests="1" skipped="0" failures="0" errors="0" timestamp="2023-06-23T15:18:14" hostname="fv-az812-266" time="0.367">
  <properties/>
  <testcase name="testGetFieldTypes" classname="com.dotcms.contenttype.model.field.FieldTypeResourceTest" time="0.367"/>
  <system-out><![CDATA[]]></system-out>
  <system-err><![CDATA[]]></system-err>
</testsuite>
