<?xml version="1.0" encoding="UTF-8"?>
<testsuite name="com.dotmarketing.filters.CMSUrlUtilTest" tests="2" skipped="0" failures="0" errors="0" timestamp="2023-06-28T14:28:27" hostname="fv-az626-69" time="0.022">
  <properties/>
  <testcase name="testGetURIFromRequestWhenFilterIsSet" classname="com.dotmarketing.filters.CMSUrlUtilTest" time="0.006"/>
  <testcase name="testGetURIFromRequestWhenFilterIsNotSet" classname="com.dotmarketing.filters.CMSUrlUtilTest" time="0.001"/>
  <system-out><![CDATA[]]></system-out>
  <system-err><![CDATA[]]></system-err>
</testsuite>
