<?xml version="1.0" encoding="UTF-8"?>
<testsuite name="com.dotcms.auth.providers.jwt.factories.SecretKeySpecFactoryTest" tests="1" skipped="0" failures="0" errors="0" timestamp="2023-06-26T22:04:35" hostname="fv-az442-905" time="1.495">
  <properties/>
  <testcase name="readAndPrepareSecret" classname="com.dotcms.auth.providers.jwt.factories.SecretKeySpecFactoryTest" time="1.495"/>
  <system-out><![CDATA[7d30ff8dc853ff7c4b57fcf279875d93b48e0aedc87e2a79087a3f25958684eb35f31f880bbd17785e86ba1fb62eb8334d4891007cd6d21d849a7af6c5b63248
MySecretKey2
MySecretKey3
MySecretKey3
f1124e3c305be8090ce461ec25b63abc6f9d91699b60e474a306c0c6c6e783ca21f5c1434bc8972bd2418db02fed8dc99c133eb9cca394b2a9fb64b6a558d6db
696722ba313dc20885abcce69091655029b67a8ddcef700a1c87d80c719fa25dc13f89a36408011c08478688398fcfccd1ffe52b2ddb514e80ecf9b98b88138b
11ad546fa3530161fe6de075844cfe3146b19ed1206860ecb2210eb5e51deb4c6d2b7c2fecdf9c433b56c1adc2f85c12ea13a089e5c4b6cabdabd1bdd6aaf213
]]></system-out>
  <system-err><![CDATA[]]></system-err>
</testsuite>
