<?xml version="1.0" encoding="UTF-8"?>
<testsuite name="com.dotcms.util.diff.DiffCommandTest" tests="2" skipped="0" failures="0" errors="0" timestamp="2023-06-28T14:27:12" hostname="fv-az626-69" time="0.006">
  <properties/>
  <testcase name="applyDiff_Comparable" classname="com.dotcms.util.diff.DiffCommandTest" time="0.005"/>
  <testcase name="applyDiff_Differentiable" classname="com.dotcms.util.diff.DiffCommandTest" time="0.001"/>
  <system-out><![CDATA[{six=six, five=five}
{two=two}
{four=fourxxx, one=onexxx}
{six=com.dotcms.util.diff.DiffCommandTest$StringDifferentiable@60a53e5a, five=com.dotcms.util.diff.DiffCommandTest$StringDifferentiable@5de2aa0e}
{two=com.dotcms.util.diff.DiffCommandTest$StringDifferentiable@48460dad}
{four=com.dotcms.util.diff.DiffCommandTest$StringDifferentiable@530e7045, one=com.dotcms.util.diff.DiffCommandTest$StringDifferentiable@1a90d390}
]]></system-out>
  <system-err><![CDATA[]]></system-err>
</testsuite>
