<?xml version="1.0" encoding="UTF-8"?>
<testsuite name="com.dotcms.auth.providers.jwt.factories.SecretKeySpecFactoryTest" tests="1" skipped="0" failures="0" errors="0" timestamp="2023-07-11T16:53:53" hostname="fv-az615-69" time="1.638">
  <properties/>
  <testcase name="readAndPrepareSecret" classname="com.dotcms.auth.providers.jwt.factories.SecretKeySpecFactoryTest" time="1.638"/>
  <system-out><![CDATA[57e78d0abffe0a759927c3024b6755ba9b740a1b6ff43e7593f2d12aa756b027703c52f30509332a52df2270111399d7d7224bc85c42235a4f22b8f50fb87576
MySecretKey2
MySecretKey3
MySecretKey3
eb56e3a78a301a8adfe18a6730521817e0657cb76c4b8e1df09fad3a9314d84c3fb9ca5b5d1293fbf74071bebcdd15f412735bd3cbe6828e69fa69db2ccc11af
4904e7b76581bea50e285e328edc9c17b539f97c5aba84fae608bf72a1a62eef34f2775c0f3c7673df2dd9135ddede518aa6c9a7810f5bad10446018bb9f5aac
8975835bd2ba5bc2beb418737165c3d8516756ace7297ce2fa898f24d625a19ccc0d77e95d7df7a72b4f978734565a6a766b4217f8468df0be969d44810c7c63
]]></system-out>
  <system-err><![CDATA[]]></system-err>
</testsuite>
