<?xml version="1.0" encoding="UTF-8"?>
<testsuite name="com.dotcms.auth.providers.jwt.factories.SecretKeySpecFactoryTest" tests="1" skipped="0" failures="0" errors="0" timestamp="2023-06-30T21:27:55" hostname="fv-az419-114" time="1.838">
  <properties/>
  <testcase name="readAndPrepareSecret" classname="com.dotcms.auth.providers.jwt.factories.SecretKeySpecFactoryTest" time="1.838"/>
  <system-out><![CDATA[15bd3b4ad3243d86b44866c86ea254411e2f221899140edc31e8535273fbb4b3e451563f1c3a430a99221477c45d9d662759f8abf76389ac2f354252cb52c09d
MySecretKey2
MySecretKey3
MySecretKey3
1962f3dba3efe9bb65df36ab002ee6a2b9d2f740016544a73ff287efebdd7017e9e4eeae4dcdde30d405d96ea11ba940ac3fc229f6b1b1c85ba8f216e7ab47a9
72aa5c4c2418d2c8d49145766999bb75a07a3414ac4932d6477515c0eed926ece93576589af750c3baa5b34a931c612b9fe48243f0db2de88d380896c5318194
0314fe09b19f2e63fbffa90d62d8a9bcbced4ff8e483d61bf8d835ea3dfac0972777f32551f6d545dfca688cf5ea0b7b30adf7226bae1cfb30519961aac752b2
]]></system-out>
  <system-err><![CDATA[]]></system-err>
</testsuite>
