<?xml version="1.0" encoding="UTF-8"?>
<testsuite name="com.dotcms.auth.providers.jwt.factories.SecretKeySpecFactoryTest" tests="1" skipped="0" failures="0" errors="0" timestamp="2023-07-05T18:24:39" hostname="fv-az1233-145" time="1.622">
  <properties/>
  <testcase name="readAndPrepareSecret" classname="com.dotcms.auth.providers.jwt.factories.SecretKeySpecFactoryTest" time="1.622"/>
  <system-out><![CDATA[caaa5ed2e67b27dc595b274366beee0727fe2fc0c12b7efb767387144fa325e65671825492fc4e470f5eab6990c5c24c2102e939d609dd0fab3c3452b61ce73b
MySecretKey2
MySecretKey3
MySecretKey3
224fe460ec47b4bdc1c8ce1cce3261d73b43100bd3df7073209f01b4a78ccdf52f487b1004105fb7c6bd431ff82100e839f0d86bb98f0ffaeec5ec9a2fd00af3
f7ff625a3afe1cfca7b819552f0a5c19f3d84640f3a53c49d3c2fe56874a0c01ae4cd2cd15d6e3257e77ed37e3f7a54c571a4dddb9e224c580350a85ad6bd31c
6ff61a585e116c15ec0262baa7bde8137005f17b60c233062b7d82bbcab2000cfc6438311d7f5d0ebc72a6b716ba5a3a4c52e48b861c719dd76bb6a578520f66
]]></system-out>
  <system-err><![CDATA[]]></system-err>
</testsuite>
