<?xml version="1.0" encoding="UTF-8"?>
<testsuite name="com.dotmarketing.portlets.workflows.ajax.WfBaseActionTest" tests="3" skipped="0" failures="0" errors="0" timestamp="2023-06-23T22:36:24" hostname="fv-az365-198" time="0.194">
  <properties/>
  <testcase name="TestOnNullCallTheDefaultCommand" classname="com.dotmarketing.portlets.workflows.ajax.WfBaseActionTest" time="0.17"/>
  <testcase name="TestNotAllowedCommands" classname="com.dotmarketing.portlets.workflows.ajax.WfBaseActionTest" time="0.008"/>
  <testcase name="TestAllowedCommands" classname="com.dotmarketing.portlets.workflows.ajax.WfBaseActionTest" time="0.016"/>
  <system-out><![CDATA[ Command ::  forbiddenMethod  on  class Mock for WfTaskAjax, hashCode: 384397655
 Command ::  forbiddenMethod  on  class Mock for WfActionClassAjax, hashCode: 1657481421
 Command ::  forbiddenMethod  on  class Mock for WfActionAjax, hashCode: 1964226112
 Command ::  forbiddenMethod  on  class Mock for WfSchemeAjax, hashCode: 1332301073
 Command ::  forbiddenMethod  on  class Mock for WfRoleStoreAjax, hashCode: 1728311545
 Command ::  executeActions  on  class Mock for WfTaskAjax, hashCode: 1780497560
 Command ::  action  on  class Mock for WfTaskAjax, hashCode: 1780497560
 Command ::  executeAction  on  class Mock for WfTaskAjax, hashCode: 1780497560
 Command ::  add  on  class Mock for WfActionClassAjax, hashCode: 37262783
 Command ::  action  on  class Mock for WfActionClassAjax, hashCode: 37262783
 Command ::  reorder  on  class Mock for WfActionClassAjax, hashCode: 37262783
 Command ::  delete  on  class Mock for WfActionClassAjax, hashCode: 37262783
 Command ::  save  on  class Mock for WfActionClassAjax, hashCode: 37262783
 Command ::  delete  on  class Mock for WfActionAjax, hashCode: 1725883055
 Command ::  reorder  on  class Mock for WfActionAjax, hashCode: 1725883055
 Command ::  action  on  class Mock for WfActionAjax, hashCode: 1725883055
 Command ::  add  on  class Mock for WfActionAjax, hashCode: 1725883055
 Command ::  deleteActionForStep  on  class Mock for WfActionAjax, hashCode: 1725883055
 Command ::  save  on  class Mock for WfActionAjax, hashCode: 1725883055
 Command ::  save  on  class Mock for WfSchemeAjax, hashCode: 345491262
 Command ::  action  on  class Mock for WfSchemeAjax, hashCode: 345491262
 Command ::  action  on  class Mock for WfRoleStoreAjax, hashCode: 1770860877
 Command ::  assignable  on  class Mock for WfRoleStoreAjax, hashCode: 1770860877
 Command ::  rolesToJson  on  class Mock for WfRoleStoreAjax, hashCode: 1770860877
]]></system-out>
  <system-err><![CDATA[]]></system-err>
</testsuite>
