<?xml version="1.0" encoding="UTF-8"?>
<testsuite name="com.dotcms.util.diff.DiffCommandTest" tests="2" skipped="0" failures="0" errors="0" timestamp="2023-07-11T16:30:01" hostname="fv-az206-849" time="0.01">
  <properties/>
  <testcase name="applyDiff_Comparable" classname="com.dotcms.util.diff.DiffCommandTest" time="0.009"/>
  <testcase name="applyDiff_Differentiable" classname="com.dotcms.util.diff.DiffCommandTest" time="0.001"/>
  <system-out><![CDATA[{six=six, five=five}
{two=two}
{four=fourxxx, one=onexxx}
{six=com.dotcms.util.diff.DiffCommandTest$StringDifferentiable@74c82989, five=com.dotcms.util.diff.DiffCommandTest$StringDifferentiable@53c3ff88}
{two=com.dotcms.util.diff.DiffCommandTest$StringDifferentiable@27e9626c}
{four=com.dotcms.util.diff.DiffCommandTest$StringDifferentiable@6a211638, one=com.dotcms.util.diff.DiffCommandTest$StringDifferentiable@5f90fe94}
]]></system-out>
  <system-err><![CDATA[]]></system-err>
</testsuite>
