<?xml version="1.0" encoding="UTF-8"?>
<testsuite name="com.dotmarketing.portlets.osgi.AJAX.OSGIBaseAJAXTest" tests="3" skipped="0" failures="0" errors="0" timestamp="2023-06-26T15:38:08" hostname="fv-az174-634" time="0.104">
  <properties/>
  <testcase name="TestOnNullCallTheDefaultCommand" classname="com.dotmarketing.portlets.osgi.AJAX.OSGIBaseAJAXTest" time="0.063"/>
  <testcase name="TestNotAllowedCommands" classname="com.dotmarketing.portlets.osgi.AJAX.OSGIBaseAJAXTest" time="0.006"/>
  <testcase name="TestAllowedCommands" classname="com.dotmarketing.portlets.osgi.AJAX.OSGIBaseAJAXTest" time="0.029"/>
  <system-out><![CDATA[ Command ::  forbiddenMethod  on  class Mock for OSGIAJAX, hashCode: 1174980663
 Command ::  deploy  on  class Mock for OSGIAJAX, hashCode: 632770501
 Command ::  remove  on  class Mock for OSGIAJAX, hashCode: 632770501
 Command ::  getExtraPackages  on  class Mock for OSGIAJAX, hashCode: 632770501
 Command ::  action  on  class Mock for OSGIAJAX, hashCode: 632770501
 Command ::  restart  on  class Mock for OSGIAJAX, hashCode: 632770501
 Command ::  start  on  class Mock for OSGIAJAX, hashCode: 632770501
 Command ::  add  on  class Mock for OSGIAJAX, hashCode: 632770501
 Command ::  stop  on  class Mock for OSGIAJAX, hashCode: 632770501
 Command ::  undeploy  on  class Mock for OSGIAJAX, hashCode: 632770501
 Command ::  modifyExtraPackages  on  class Mock for OSGIAJAX, hashCode: 632770501
]]></system-out>
  <system-err><![CDATA[]]></system-err>
</testsuite>
