<?xml version="1.0" encoding="UTF-8"?>
<testsuite name="com.dotcms.auth.providers.jwt.factories.SecretKeySpecFactoryTest" tests="1" skipped="0" failures="0" errors="0" timestamp="2023-07-11T15:34:25" hostname="fv-az564-313" time="1.601">
  <properties/>
  <testcase name="readAndPrepareSecret" classname="com.dotcms.auth.providers.jwt.factories.SecretKeySpecFactoryTest" time="1.601"/>
  <system-out><![CDATA[e03e2f8388a52e420ac66a887439ccbe543eccdcc65d74d6634ccc088a1a95a59f613ad1e8804a195bc676c61696074d5d6b65251e68251298577c89cba43841
MySecretKey2
MySecretKey3
MySecretKey3
ec86f8e1606240d1d99f79f3d56aede5fe46b17c718d2156f4657d06c35a4f51d037d07421b3115cd0ef92c31c653abb22740b4f02f9b009aee5cb3c68a484c3
379be22e92561bf12e09958c1a78146e615837fe0486a3a390a63ea7b0abf8402f21e1a92c41e0743315f477f95e66029ed58f6e6a38104d9f2141d7132a4623
7476601af24e01ebccf075c594bfba50cf545477662b27b6ad00f526d4665d43f580aac7a07d07e52886b58f072a9c40d5f0186664f9b018712d8f65c72b6d4a
]]></system-out>
  <system-err><![CDATA[]]></system-err>
</testsuite>
