<?xml version="1.0" encoding="UTF-8"?>
<testsuite name="com.dotcms.auth.providers.jwt.factories.SecretKeySpecFactoryTest" tests="1" skipped="0" failures="0" errors="0" timestamp="2023-07-11T19:16:16" hostname="fv-az1250-48" time="1.746">
  <properties/>
  <testcase name="readAndPrepareSecret" classname="com.dotcms.auth.providers.jwt.factories.SecretKeySpecFactoryTest" time="1.746"/>
  <system-out><![CDATA[f5a67de84fa7b532730ad6eaa202287370676b4886e1fa7a4a6cefd37ca5062895a748d064fb5c8c34f7fa9e7ea6907f79edf027e54e54eb0dcbf053f79bc40f
MySecretKey2
MySecretKey3
MySecretKey3
68cc7e62013894bc368304d62d034b3326715b68cdf834128eeafb6ff874d466d962c04c9ba896e7a656b013a85b5bc275dc02549f6ddb8ecb108585339973ad
fe87964f95533c9041073fa9d72d0c830486393fc50708effe055a24e35b20e3775fb621fdeaee1c0d8f83d6fd17d4e9dfb7f2d82634687eae5792f1cf5939b6
00880ee65c417a0b6d816644808caa2f707e19c62f32c6725bcf1836e10ccc9114222b188c451fb7d1a6234ab35b3cfb5fcba3324d962bab90a81c224a263b85
]]></system-out>
  <system-err><![CDATA[]]></system-err>
</testsuite>
