<?xml version="1.0" encoding="UTF-8"?>
<testsuite name="com.dotcms.util.StringStreamTest" tests="2" skipped="0" failures="0" errors="0" timestamp="2023-07-06T22:39:08" hostname="fv-az268-907" time="0.003">
  <properties/>
  <testcase name="lowercaseTest" classname="com.dotcms.util.StringStreamTest" time="0.001"/>
  <testcase name="uppercaseTest" classname="com.dotcms.util.StringStreamTest" time="0.001"/>
  <system-out><![CDATA[]]></system-out>
  <system-err><![CDATA[]]></system-err>
</testsuite>
