<?xml version="1.0" encoding="UTF-8"?>
<testsuite name="com.dotcms.auth.providers.jwt.factories.SecretKeySpecFactoryTest" tests="1" skipped="0" failures="0" errors="0" timestamp="2023-07-01T00:59:55" hostname="fv-az442-656" time="1.408">
  <properties/>
  <testcase name="readAndPrepareSecret" classname="com.dotcms.auth.providers.jwt.factories.SecretKeySpecFactoryTest" time="1.408"/>
  <system-out><![CDATA[5d7a29361f9120bbca9c5ebd381b1fc8854bec6501dcd3fa54c0bb3559f75fa242a3b423dc24bd551deeca04111040a596e2c31fb0ba9902cfdf8bd217ec4597
MySecretKey2
MySecretKey3
MySecretKey3
57345c66fae565cd54cc2be7171f2fc135f4fe4cd3af8e74acf10f07dedf0a36ff7200f5baac08fde90c3b7ba9f182606ff16e55ced493d605822ae38e9430b6
cf52063dae1bea01791d2dcd64d6de8078a7504711a50673128d51c27225826f14b6ffbe791f2463b7347799ba1e2465b206e4bf9aab63b5030794fe95cdb29a
6e89db34c8f0298bb5aec66eea60180b43275d40ea1316c8f01771d0ab5e488b4b9523e2bdcea0d0f820078f0fbd30836ed40f908a64ff538405af356473eb20
]]></system-out>
  <system-err><![CDATA[]]></system-err>
</testsuite>
