<?xml version="1.0" encoding="UTF-8"?>
<testsuite name="com.dotcms.util.PaginationUtilTest" tests="4" skipped="0" failures="0" errors="0" timestamp="2023-07-17T15:21:09" hostname="fv-az1104-43" time="0.103">
  <properties/>
  <testcase name="testPageWhenFilterIsEmpty" classname="com.dotcms.util.PaginationUtilTest" time="0.05"/>
  <testcase name="testPage" classname="com.dotcms.util.PaginationUtilTest" time="0.046"/>
  <testcase name="testPageWhenFilterIsNull" classname="com.dotcms.util.PaginationUtilTest" time="0.003"/>
  <testcase name="when_One_extraParamsIsACollection" classname="com.dotcms.util.PaginationUtilTest" time="0.002"/>
  <system-out><![CDATA[]]></system-out>
  <system-err><![CDATA[]]></system-err>
</testsuite>
