<?xml version="1.0" encoding="UTF-8"?>
<testsuite name="com.dotcms.util.pagination.SiteViewPaginatorUnitTest" tests="2" skipped="0" failures="0" errors="0" timestamp="2023-07-12T18:56:45" hostname="fv-az809-670" time="0.316">
  <properties/>
  <testcase name="Test_Get_Items_Sorted_Pages" classname="com.dotcms.util.pagination.SiteViewPaginatorUnitTest" time="0.212"/>
  <testcase name="Test_Get_Items_Page_Size" classname="com.dotcms.util.pagination.SiteViewPaginatorUnitTest" time="0.104"/>
  <system-out><![CDATA[SYSTEM_HOST
0
2
3
6
7
8
]]></system-out>
  <system-err><![CDATA[]]></system-err>
</testsuite>
