<?xml version="1.0" encoding="UTF-8"?>
<testsuite name="com.dotcms.util.pagination.SiteViewPaginatorUnitTest" tests="2" skipped="0" failures="0" errors="0" timestamp="2023-07-21T14:41:09" hostname="fv-az341-745" time="0.122">
  <properties/>
  <testcase name="Test_Get_Items_Sorted_Pages" classname="com.dotcms.util.pagination.SiteViewPaginatorUnitTest" time="0.092"/>
  <testcase name="Test_Get_Items_Page_Size" classname="com.dotcms.util.pagination.SiteViewPaginatorUnitTest" time="0.029"/>
  <system-out><![CDATA[SYSTEM_HOST
1
2
3
4
6
7
8
]]></system-out>
  <system-err><![CDATA[]]></system-err>
</testsuite>
