<?xml version="1.0" encoding="UTF-8"?>
<testsuite name="com.dotcms.auth.providers.jwt.factories.SecretKeySpecFactoryTest" tests="1" skipped="0" failures="0" errors="0" timestamp="2023-07-19T16:53:40" hostname="fv-az1230-662" time="1.957">
  <properties/>
  <testcase name="readAndPrepareSecret" classname="com.dotcms.auth.providers.jwt.factories.SecretKeySpecFactoryTest" time="1.957"/>
  <system-out><![CDATA[bd2b874f0634a44f17dcbe249706476936481a3f8fe594cd4bc776a7743b10bdf02d608c9b77057b12312cc8c433d7a9a72a8099285b178351c14778f82e57b7
MySecretKey2
MySecretKey3
MySecretKey3
340bacc30c125ccf4e9aef07582da0d8c3f28eadf17c6104d964055087eb1ad60f291309b9f9d76914d02d666e23f4f3c3cb3e9815bcbe4f33d565df9612bc03
17460a8d9fdfb98036003b185e0bb56265db5ef56afac2050d25eb31fabf41a9ef352924fcbaa4a2bbce7187a093f15d0396ad9dd3956e301d81b415ce7ef8e2
c710201ba3f9bd2ada878559b8f09645b46b095db9b965663823b9f70d56dd0012b53e0957122aa7816caee438706146f791fc4129ce9753d7c6d3f97014c8ff
]]></system-out>
  <system-err><![CDATA[]]></system-err>
</testsuite>
