<?xml version="1.0" encoding="UTF-8"?>
<testsuite name="com.dotmarketing.portlets.rules.actionlet.PersonaActionletTest" tests="3" skipped="0" failures="0" errors="0" timestamp="2023-07-18T17:04:50" hostname="fv-az805-899" time="0.113">
  <properties/>
  <testcase name="testActionletSetsPersonaOnHappyPath" classname="com.dotmarketing.portlets.rules.actionlet.PersonaActionletTest" time="0.108"/>
  <testcase name="testActionletSetsPersonaFailsGracefullyWhenVisitorAbsent" classname="com.dotmarketing.portlets.rules.actionlet.PersonaActionletTest" time="0.003"/>
  <testcase name="testActionletSetsPersonaFailsGracefullyWhenPersonaMissing" classname="com.dotmarketing.portlets.rules.actionlet.PersonaActionletTest" time="0.001"/>
  <system-out><![CDATA[]]></system-out>
  <system-err><![CDATA[]]></system-err>
</testsuite>
