<?xml version="1.0" encoding="UTF-8"?>
<testsuite name="com.dotmarketing.util.FileUtilTest" tests="1" skipped="0" failures="0" errors="0" timestamp="2023-06-26T14:27:46" hostname="fv-az590-445" time="0.004">
  <properties/>
  <testcase name="test_file_name_sanitizer" classname="com.dotmarketing.util.FileUtilTest" time="0.004"/>
  <system-out><![CDATA[]]></system-out>
  <system-err><![CDATA[]]></system-err>
</testsuite>
