<?xml version="1.0" encoding="UTF-8"?>
<testsuite name="com.dotmarketing.portlets.workflows.ajax.WfBaseActionTest" tests="3" skipped="0" failures="0" errors="0" timestamp="2023-07-14T17:03:14" hostname="fv-az950-408" time="0.264">
  <properties/>
  <testcase name="TestOnNullCallTheDefaultCommand" classname="com.dotmarketing.portlets.workflows.ajax.WfBaseActionTest" time="0.169"/>
  <testcase name="TestNotAllowedCommands" classname="com.dotmarketing.portlets.workflows.ajax.WfBaseActionTest" time="0.018"/>
  <testcase name="TestAllowedCommands" classname="com.dotmarketing.portlets.workflows.ajax.WfBaseActionTest" time="0.076"/>
  <system-out><![CDATA[ Command ::  forbiddenMethod  on  class Mock for WfActionAjax, hashCode: 1739626296
 Command ::  forbiddenMethod  on  class Mock for WfTaskAjax, hashCode: 1858275745
 Command ::  forbiddenMethod  on  class Mock for WfRoleStoreAjax, hashCode: 1973663647
 Command ::  forbiddenMethod  on  class Mock for WfSchemeAjax, hashCode: 2014618147
 Command ::  forbiddenMethod  on  class Mock for WfActionClassAjax, hashCode: 1235929792
 Command ::  save  on  class Mock for WfActionAjax, hashCode: 2064886327
 Command ::  delete  on  class Mock for WfActionAjax, hashCode: 2064886327
 Command ::  reorder  on  class Mock for WfActionAjax, hashCode: 2064886327
 Command ::  action  on  class Mock for WfActionAjax, hashCode: 2064886327
 Command ::  add  on  class Mock for WfActionAjax, hashCode: 2064886327
 Command ::  deleteActionForStep  on  class Mock for WfActionAjax, hashCode: 2064886327
 Command ::  executeActions  on  class Mock for WfTaskAjax, hashCode: 287365958
 Command ::  action  on  class Mock for WfTaskAjax, hashCode: 287365958
 Command ::  executeAction  on  class Mock for WfTaskAjax, hashCode: 287365958
 Command ::  action  on  class Mock for WfRoleStoreAjax, hashCode: 1935578472
 Command ::  assignable  on  class Mock for WfRoleStoreAjax, hashCode: 1935578472
 Command ::  rolesToJson  on  class Mock for WfRoleStoreAjax, hashCode: 1935578472
 Command ::  save  on  class Mock for WfSchemeAjax, hashCode: 317266457
 Command ::  action  on  class Mock for WfSchemeAjax, hashCode: 317266457
 Command ::  action  on  class Mock for WfActionClassAjax, hashCode: 159406126
 Command ::  reorder  on  class Mock for WfActionClassAjax, hashCode: 159406126
 Command ::  delete  on  class Mock for WfActionClassAjax, hashCode: 159406126
 Command ::  save  on  class Mock for WfActionClassAjax, hashCode: 159406126
 Command ::  add  on  class Mock for WfActionClassAjax, hashCode: 159406126
]]></system-out>
  <system-err><![CDATA[]]></system-err>
</testsuite>
