<?xml version="1.0" encoding="UTF-8"?>
<testsuite name="com.dotcms.visitor.VisitorTest" tests="1" skipped="0" failures="0" errors="0" timestamp="2023-06-27T14:53:57" hostname="fv-az254-300" time="1.295">
  <properties/>
  <testcase name="test_visitor_serializer" classname="com.dotcms.visitor.VisitorTest" time="1.295"/>
  <system-out><![CDATA[]]></system-out>
  <system-err><![CDATA[]]></system-err>
</testsuite>
