<?xml version="1.0" encoding="UTF-8"?>
<testsuite name="com.dotcms.auth.providers.jwt.factories.SecretKeySpecFactoryTest" tests="1" skipped="0" failures="0" errors="0" timestamp="2023-07-18T17:25:54" hostname="fv-az168-813" time="1.414">
  <properties/>
  <testcase name="readAndPrepareSecret" classname="com.dotcms.auth.providers.jwt.factories.SecretKeySpecFactoryTest" time="1.414"/>
  <system-out><![CDATA[4d9f571dea20cdc90f8d6b7b2047a9e75cc87e1299e7bf3a3fdf166996cf743d01152645df52c31ff45f2e07fa9aaeed58e66339bbaa6e60957620c8b707119e
MySecretKey2
MySecretKey3
MySecretKey3
04d4cdc41e7ceebbb84b7b05081388d5d820760fa6e02d9e44308d57468c8ce84e17b32119f7f6679417024a0db646ceb267fd161030b97cd6be91d7f7413062
bee6e60a1979f82d037732a69cfc85747a4e53cf3084a1a68cf4adbee0c60391f994bbad71e051474a0810ceaba51a7a07bddcfd6a969158e60f9a78f250388c
d8f533a28ad192cdb589c1b0a140101ce6322f09867540153d640318ab31dd7e17511facf6a089a2d3f07b3b5f707a709d18c356abc76d101e72f281e9d13eff
]]></system-out>
  <system-err><![CDATA[]]></system-err>
</testsuite>
