<?xml version="1.0" encoding="UTF-8"?>
<testsuite name="com.dotcms.auth.providers.jwt.factories.SecretKeySpecFactoryTest" tests="1" skipped="0" failures="0" errors="0" timestamp="2023-07-14T16:23:00" hostname="fv-az361-653" time="1.06">
  <properties/>
  <testcase name="readAndPrepareSecret" classname="com.dotcms.auth.providers.jwt.factories.SecretKeySpecFactoryTest" time="1.06"/>
  <system-out><![CDATA[ea4c9ac5b75f5a81c7ff3756ca18c4412e03ad18f642e24350fb5b935533020fa01b0ce990d49738374e0d10c80e55162300df5625f1df3d44e9e2e45899b91b
MySecretKey2
MySecretKey3
MySecretKey3
cc81a1a0b59da09de9bb835c29a50cb6b8fffeade819eede601448aa54f0ee4b3fd5653c78f230378cd48be7b50da59873c8170102a746a087969eadee665b8f
a4cbc32bb823d67db70369758028a89ee4ad8aa785b2f66924d8ac44573623044570fd6291f0a5d6036e82bb50b084acf0d56fa12f74826fcf3d0bf35e13d269
712b49889b5e5ee8f13c594e2ab9e53b295eaa4a96eaec3b3d6c4393d2ed984eee763ce9f89a67ec56f503a769c690fadcb562fd8ed0ccb6e7229a281a19afc8
]]></system-out>
  <system-err><![CDATA[]]></system-err>
</testsuite>
