<?xml version="1.0" encoding="UTF-8"?>
<testsuite name="com.dotcms.analytics.cache.AnalyticsCacheTest" tests="2" skipped="0" failures="0" errors="0" timestamp="2023-07-18T18:19:07" hostname="fv-az344-517" time="0.039">
  <properties/>
  <testcase name="test_accessToken_lifecycle" classname="com.dotcms.analytics.cache.AnalyticsCacheTest" time="0.036"/>
  <testcase name="test_putAccessToken_noAccessToken" classname="com.dotcms.analytics.cache.AnalyticsCacheTest" time="0.002"/>
  <system-out><![CDATA[]]></system-out>
  <system-err><![CDATA[]]></system-err>
</testsuite>
