<?xml version="1.0" encoding="UTF-8"?>
<testsuite name="com.dotcms.auth.providers.jwt.factories.SecretKeySpecFactoryTest" tests="1" skipped="0" failures="0" errors="0" timestamp="2023-06-28T08:19:34" hostname="fv-az341-124" time="1.845">
  <properties/>
  <testcase name="readAndPrepareSecret" classname="com.dotcms.auth.providers.jwt.factories.SecretKeySpecFactoryTest" time="1.845"/>
  <system-out><![CDATA[9edd537358eba41cdd924d5b26ad4ac167b3372402445f9a20918a72a7c272d650dd302dfebe23be9f6c2e49ad9bcd5708405d7e2f239c064cb034073a671102
MySecretKey2
MySecretKey3
MySecretKey3
9a5e90724e94a7019e8d08b70940ccc88f435527acd6222c2f2528a0723374448656b994918e00a546e031c3e28f1a4a5d6715c3c3db9178e04fa96b26976f0e
ebe2f5bbd56774557766b0eec786e6cee6d8f30c69af5a7329597625c5780879a9fabec1b7ab1cddaf5d3c791f6649cb319eac77428e21e11318e901862a0671
a997e991712528507a6327dfc9dc55ea24ff0bd4bff837b57ec4ba5225f3f2dc31d9788a6c1851abfcdbf8497810f20ce2dfc0a3d6243a4bf374f4e25945eb73
]]></system-out>
  <system-err><![CDATA[]]></system-err>
</testsuite>
