<?xml version="1.0" encoding="UTF-8"?>
<testsuite name="com.dotcms.cache.transport.CacheTransportTopicTest" tests="2" skipped="0" failures="0" errors="0" timestamp="2023-06-30T18:16:24" hostname="fv-az574-602" time="2.361">
  <properties/>
  <testcase name="test_provider_topic_sending__a_ping_gets_a_pong" classname="com.dotcms.cache.transport.CacheTransportTopicTest" time="2.353"/>
  <testcase name="test_provider_override" classname="com.dotcms.cache.transport.CacheTransportTopicTest" time="0.007"/>
  <system-out><![CDATA[]]></system-out>
  <system-err><![CDATA[]]></system-err>
</testsuite>
