<?xml version="1.0" encoding="UTF-8"?>
<testsuite name="com.dotcms.auth.providers.jwt.factories.SecretKeySpecFactoryTest" tests="1" skipped="0" failures="0" errors="0" timestamp="2023-06-28T17:44:47" hostname="fv-az618-269" time="1.474">
  <properties/>
  <testcase name="readAndPrepareSecret" classname="com.dotcms.auth.providers.jwt.factories.SecretKeySpecFactoryTest" time="1.474"/>
  <system-out><![CDATA[40ae561399bda96d058a451f92eed954cf66e87f98b63ef31fbf2ef0c5f226727b3d270c56ab900a80a909de1b17ee35b277093420e123376e495d32bcb9e9b2
MySecretKey2
MySecretKey3
MySecretKey3
dd76f54d5ff45a5dfcb50ece660b928d19a785977146db6e0b544354632d2c6fc7a21b314c0ef0616b75d75a367c33437e4ad8d8feab53ef1cc44a7b62b09537
9bf3d64c6396fc8cf4ff7aa1021c98a47f955e275793028edb151667be08849d0b7d5fdf019d825bd91749de4a25968037dd9545785a84cbc266099878f50e82
f45a74c26a8097fbadc6b5af4b72765b279fa0181084aff298fe28e071b6d04db780dd6ec630b6a68235a9225b97b90f65f949332b549602a1360f84a51a0c00
]]></system-out>
  <system-err><![CDATA[]]></system-err>
</testsuite>
