<?xml version="1.0" encoding="UTF-8"?>
<testsuite name="com.dotcms.util.diff.DiffCommandTest" tests="2" skipped="0" failures="0" errors="0" timestamp="2023-06-28T21:06:05" hostname="fv-az162-988" time="0.007">
  <properties/>
  <testcase name="applyDiff_Comparable" classname="com.dotcms.util.diff.DiffCommandTest" time="0.006"/>
  <testcase name="applyDiff_Differentiable" classname="com.dotcms.util.diff.DiffCommandTest" time="0.001"/>
  <system-out><![CDATA[{six=six, five=five}
{two=two}
{four=fourxxx, one=onexxx}
{six=com.dotcms.util.diff.DiffCommandTest$StringDifferentiable@48948c4f, five=com.dotcms.util.diff.DiffCommandTest$StringDifferentiable@420143cc}
{two=com.dotcms.util.diff.DiffCommandTest$StringDifferentiable@58dd84be}
{four=com.dotcms.util.diff.DiffCommandTest$StringDifferentiable@598c77d1, one=com.dotcms.util.diff.DiffCommandTest$StringDifferentiable@35166e5b}
]]></system-out>
  <system-err><![CDATA[]]></system-err>
</testsuite>
