<?xml version="1.0" encoding="UTF-8"?>
<testsuite name="com.dotmarketing.portlets.workflows.ajax.WfBaseActionTest" tests="3" skipped="0" failures="0" errors="0" timestamp="2023-06-30T15:42:24" hostname="fv-az203-141" time="0.207">
  <properties/>
  <testcase name="TestOnNullCallTheDefaultCommand" classname="com.dotmarketing.portlets.workflows.ajax.WfBaseActionTest" time="0.158"/>
  <testcase name="TestNotAllowedCommands" classname="com.dotmarketing.portlets.workflows.ajax.WfBaseActionTest" time="0.023"/>
  <testcase name="TestAllowedCommands" classname="com.dotmarketing.portlets.workflows.ajax.WfBaseActionTest" time="0.026"/>
  <system-out><![CDATA[ Command ::  forbiddenMethod  on  class Mock for WfTaskAjax, hashCode: 71596557
 Command ::  forbiddenMethod  on  class Mock for WfRoleStoreAjax, hashCode: 45738984
 Command ::  forbiddenMethod  on  class Mock for WfActionClassAjax, hashCode: 1516644831
 Command ::  forbiddenMethod  on  class Mock for WfActionAjax, hashCode: 812209147
 Command ::  forbiddenMethod  on  class Mock for WfSchemeAjax, hashCode: 187438719
 Command ::  action  on  class Mock for WfTaskAjax, hashCode: 478625210
 Command ::  executeActions  on  class Mock for WfTaskAjax, hashCode: 478625210
 Command ::  executeAction  on  class Mock for WfTaskAjax, hashCode: 478625210
 Command ::  rolesToJson  on  class Mock for WfRoleStoreAjax, hashCode: 1422907941
 Command ::  assignable  on  class Mock for WfRoleStoreAjax, hashCode: 1422907941
 Command ::  action  on  class Mock for WfRoleStoreAjax, hashCode: 1422907941
 Command ::  action  on  class Mock for WfActionClassAjax, hashCode: 348621439
 Command ::  add  on  class Mock for WfActionClassAjax, hashCode: 348621439
 Command ::  save  on  class Mock for WfActionClassAjax, hashCode: 348621439
 Command ::  delete  on  class Mock for WfActionClassAjax, hashCode: 348621439
 Command ::  reorder  on  class Mock for WfActionClassAjax, hashCode: 348621439
 Command ::  save  on  class Mock for WfActionAjax, hashCode: 1760424126
 Command ::  deleteActionForStep  on  class Mock for WfActionAjax, hashCode: 1760424126
 Command ::  add  on  class Mock for WfActionAjax, hashCode: 1760424126
 Command ::  action  on  class Mock for WfActionAjax, hashCode: 1760424126
 Command ::  reorder  on  class Mock for WfActionAjax, hashCode: 1760424126
 Command ::  delete  on  class Mock for WfActionAjax, hashCode: 1760424126
 Command ::  action  on  class Mock for WfSchemeAjax, hashCode: 1148668421
 Command ::  save  on  class Mock for WfSchemeAjax, hashCode: 1148668421
]]></system-out>
  <system-err><![CDATA[]]></system-err>
</testsuite>
