<?xml version="1.0" encoding="UTF-8"?>
<testsuite name="com.dotmarketing.portlets.osgi.AJAX.OSGIBaseAJAXTest" tests="3" skipped="0" failures="0" errors="0" timestamp="2023-07-18T05:26:30" hostname="fv-az614-516" time="0.088">
  <properties/>
  <testcase name="TestOnNullCallTheDefaultCommand" classname="com.dotmarketing.portlets.osgi.AJAX.OSGIBaseAJAXTest" time="0.045"/>
  <testcase name="TestNotAllowedCommands" classname="com.dotmarketing.portlets.osgi.AJAX.OSGIBaseAJAXTest" time="0.003"/>
  <testcase name="TestAllowedCommands" classname="com.dotmarketing.portlets.osgi.AJAX.OSGIBaseAJAXTest" time="0.039"/>
  <system-out><![CDATA[ Command ::  forbiddenMethod  on  class Mock for OSGIAJAX, hashCode: 671919480
 Command ::  remove  on  class Mock for OSGIAJAX, hashCode: 13499653
 Command ::  deploy  on  class Mock for OSGIAJAX, hashCode: 13499653
 Command ::  modifyExtraPackages  on  class Mock for OSGIAJAX, hashCode: 13499653
 Command ::  undeploy  on  class Mock for OSGIAJAX, hashCode: 13499653
 Command ::  stop  on  class Mock for OSGIAJAX, hashCode: 13499653
 Command ::  add  on  class Mock for OSGIAJAX, hashCode: 13499653
 Command ::  start  on  class Mock for OSGIAJAX, hashCode: 13499653
 Command ::  restart  on  class Mock for OSGIAJAX, hashCode: 13499653
 Command ::  action  on  class Mock for OSGIAJAX, hashCode: 13499653
 Command ::  getExtraPackages  on  class Mock for OSGIAJAX, hashCode: 13499653
]]></system-out>
  <system-err><![CDATA[]]></system-err>
</testsuite>
