<?xml version="1.0" encoding="UTF-8"?>
<testsuite name="com.dotcms.auth.providers.jwt.factories.SecretKeySpecFactoryTest" tests="1" skipped="0" failures="0" errors="0" timestamp="2023-07-19T22:09:48" hostname="fv-az612-336" time="1.851">
  <properties/>
  <testcase name="readAndPrepareSecret" classname="com.dotcms.auth.providers.jwt.factories.SecretKeySpecFactoryTest" time="1.851"/>
  <system-out><![CDATA[8e477084175c729ac474d67a33a827064041550608e991480a4f013c66096cb15f0cdde9ade107182166462df4994eb17b133f168b57a4a6aefea0353f2904b3
MySecretKey2
MySecretKey3
MySecretKey3
cd24716c874144ba1e0dbdb6060492c9aaab0e8cb3d627661644cbea0d818c03b329c18e64e12b29b722922bac0189c56680e1555d3a216c8bd83d02a66d4030
f58ad8e33071a626641c77a67c4263b3076ebc29aec9c4667f022296737de070b77de06ad986d1fab303b7d103d09fe9a70f6747e394d4a87dea2c50c73b2f31
512dbc55ab4551b3b947d552dc43f87d0a3aa85e801262218fe8703711c346bd5e49ed9d26e39d2e25e34976b801d7bcc867dd1da1f69373b8593aed4f63a202
]]></system-out>
  <system-err><![CDATA[]]></system-err>
</testsuite>
