<?xml version="1.0" encoding="UTF-8"?>
<testsuite name="com.dotmarketing.portlets.workflows.ajax.WfBaseActionTest" tests="3" skipped="0" failures="0" errors="0" timestamp="2023-06-30T13:44:06" hostname="fv-az585-351" time="0.21">
  <properties/>
  <testcase name="TestOnNullCallTheDefaultCommand" classname="com.dotmarketing.portlets.workflows.ajax.WfBaseActionTest" time="0.172"/>
  <testcase name="TestNotAllowedCommands" classname="com.dotmarketing.portlets.workflows.ajax.WfBaseActionTest" time="0.021"/>
  <testcase name="TestAllowedCommands" classname="com.dotmarketing.portlets.workflows.ajax.WfBaseActionTest" time="0.017"/>
  <system-out><![CDATA[ Command ::  forbiddenMethod  on  class Mock for WfActionAjax, hashCode: 315013299
 Command ::  forbiddenMethod  on  class Mock for WfRoleStoreAjax, hashCode: 2102763626
 Command ::  forbiddenMethod  on  class Mock for WfActionClassAjax, hashCode: 2109870336
 Command ::  forbiddenMethod  on  class Mock for WfSchemeAjax, hashCode: 1626338156
 Command ::  forbiddenMethod  on  class Mock for WfTaskAjax, hashCode: 1712016395
 Command ::  add  on  class Mock for WfActionAjax, hashCode: 57465301
 Command ::  deleteActionForStep  on  class Mock for WfActionAjax, hashCode: 57465301
 Command ::  save  on  class Mock for WfActionAjax, hashCode: 57465301
 Command ::  delete  on  class Mock for WfActionAjax, hashCode: 57465301
 Command ::  reorder  on  class Mock for WfActionAjax, hashCode: 57465301
 Command ::  action  on  class Mock for WfActionAjax, hashCode: 57465301
 Command ::  assignable  on  class Mock for WfRoleStoreAjax, hashCode: 968040766
 Command ::  rolesToJson  on  class Mock for WfRoleStoreAjax, hashCode: 968040766
 Command ::  action  on  class Mock for WfRoleStoreAjax, hashCode: 968040766
 Command ::  reorder  on  class Mock for WfActionClassAjax, hashCode: 1615558731
 Command ::  delete  on  class Mock for WfActionClassAjax, hashCode: 1615558731
 Command ::  save  on  class Mock for WfActionClassAjax, hashCode: 1615558731
 Command ::  add  on  class Mock for WfActionClassAjax, hashCode: 1615558731
 Command ::  action  on  class Mock for WfActionClassAjax, hashCode: 1615558731
 Command ::  save  on  class Mock for WfSchemeAjax, hashCode: 171094006
 Command ::  action  on  class Mock for WfSchemeAjax, hashCode: 171094006
 Command ::  executeAction  on  class Mock for WfTaskAjax, hashCode: 1148668421
 Command ::  executeActions  on  class Mock for WfTaskAjax, hashCode: 1148668421
 Command ::  action  on  class Mock for WfTaskAjax, hashCode: 1148668421
]]></system-out>
  <system-err><![CDATA[]]></system-err>
</testsuite>
