<?xml version="1.0" encoding="UTF-8"?>
<testsuite name="com.dotcms.auth.providers.jwt.factories.SecretKeySpecFactoryTest" tests="1" skipped="0" failures="0" errors="0" timestamp="2023-07-18T17:16:58" hostname="fv-az454-709" time="1.514">
  <properties/>
  <testcase name="readAndPrepareSecret" classname="com.dotcms.auth.providers.jwt.factories.SecretKeySpecFactoryTest" time="1.514"/>
  <system-out><![CDATA[17190275f8015dc1632c7eb4bee566ae6ab286444dd0946ffac2fb503ab748d533c559b2360c688721e75cf5188a43c5f8093b821a02581dcc71dc37cd347f02
MySecretKey2
MySecretKey3
MySecretKey3
c956f32754c58e2e61329a2110f982cd8b7fcbdfb236314c7e5e88eeb8917162ae7a9435faa88c9890209b04519a35f195f1698a2331c92fbc783cf065283576
8abe613e8d8b32cece350ff243d0baf20143e29ca2e7930fa9aad1f0cd970e686e35f77493e31c0f45909e3a11aae47bf7f27579623afd683b011108dbdaa8eb
fbc20e070f263a86638517224958d548e5fadb0905f22d9f23ffa25367aea4006a4107655add4f6cd9c2086ad14555cad092919eaa0825634f419dcf854eace7
]]></system-out>
  <system-err><![CDATA[]]></system-err>
</testsuite>
