<?xml version="1.0" encoding="UTF-8"?>
<testsuite name="com.dotmarketing.quartz.DeleteFieldJobHelperTest" tests="3" skipped="0" failures="0" errors="0" timestamp="2023-07-17T18:07:40" hostname="fv-az400-396" time="0.01">
  <properties/>
  <testcase name="testGenerateNotificationEndDeleting" classname="com.dotmarketing.quartz.DeleteFieldJobHelperTest" time="0.007"/>
  <testcase name="testGenerateNotificationStartDeleting" classname="com.dotmarketing.quartz.DeleteFieldJobHelperTest" time="0.001"/>
  <testcase name="testGenerateNotificationUnableDeleting" classname="com.dotmarketing.quartz.DeleteFieldJobHelperTest" time="0.002"/>
  <system-out><![CDATA[]]></system-out>
  <system-err><![CDATA[]]></system-err>
</testsuite>
