<?xml version="1.0" encoding="UTF-8"?>
<testsuite name="com.dotcms.util.diff.DiffCommandTest" tests="2" skipped="0" failures="0" errors="0" timestamp="2023-07-13T19:35:44" hostname="fv-az887-517" time="0.004">
  <properties/>
  <testcase name="applyDiff_Comparable" classname="com.dotcms.util.diff.DiffCommandTest" time="0.004"/>
  <testcase name="applyDiff_Differentiable" classname="com.dotcms.util.diff.DiffCommandTest" time="0.0"/>
  <system-out><![CDATA[{six=six, five=five}
{two=two}
{four=fourxxx, one=onexxx}
{six=com.dotcms.util.diff.DiffCommandTest$StringDifferentiable@f4cde50, five=com.dotcms.util.diff.DiffCommandTest$StringDifferentiable@34af327b}
{two=com.dotcms.util.diff.DiffCommandTest$StringDifferentiable@67037c82}
{four=com.dotcms.util.diff.DiffCommandTest$StringDifferentiable@44501185, one=com.dotcms.util.diff.DiffCommandTest$StringDifferentiable@2d87e901}
]]></system-out>
  <system-err><![CDATA[]]></system-err>
</testsuite>
