<?xml version="1.0" encoding="UTF-8"?>
<testsuite name="com.dotcms.auth.providers.jwt.factories.SecretKeySpecFactoryTest" tests="1" skipped="0" failures="0" errors="0" timestamp="2023-06-30T22:03:00" hostname="fv-az617-677" time="1.819">
  <properties/>
  <testcase name="readAndPrepareSecret" classname="com.dotcms.auth.providers.jwt.factories.SecretKeySpecFactoryTest" time="1.819"/>
  <system-out><![CDATA[ef5115ea9d4c7f4dcf3dadf125667ef7f3a67b4ab3d5182b33403bf4b9e9db18b5c6f097d686413650632da8e3f8713f8c65b59bddf888bf812165e1644b98c8
MySecretKey2
MySecretKey3
MySecretKey3
9a125531b3614d5fa16a9178a811420d3af36f8b80fe9a56dfed9d596e16555f97074a5b89c480f750b2ee715ef16f6ba254d2c3b0bcec56a9db39c49732de01
e162658a4a3b693154b7d2d509893eb83633f27a0c4ed271de38900737558490c62ff156974c588a6139136b6ba316ddceba9e9641e1154a3a77dfb14f671347
5106b7c5c4cd47b4c204d51758a7a762ffc765b6d9cb7dbd2d67e4ad987863016a94764f4b54b5063b3d7fcbb59f83ea43bdd25a8fcea953a2f6b7a8e2976ff4
]]></system-out>
  <system-err><![CDATA[]]></system-err>
</testsuite>
