<?xml version="1.0" encoding="UTF-8"?>
<testsuite name="com.dotcms.publishing.sitesearch.SiteSearchResultTest" tests="2" skipped="0" failures="0" errors="0" timestamp="2023-07-18T18:46:06" hostname="fv-az613-699" time="0.005">
  <properties/>
  <testcase name="testSetKeywordsReturnsListOfTrimmedStrings" classname="com.dotcms.publishing.sitesearch.SiteSearchResultTest" time="0.005"/>
  <testcase name="testSetKeywordsReturnsEmptyListWhenNoKeywordSet" classname="com.dotcms.publishing.sitesearch.SiteSearchResultTest" time="0.0"/>
  <system-out><![CDATA[]]></system-out>
  <system-err><![CDATA[]]></system-err>
</testsuite>
