<?xml version="1.0" encoding="UTF-8"?>
<testsuite name="com.dotcms.util.diff.DiffCommandTest" tests="2" skipped="0" failures="0" errors="0" timestamp="2023-07-20T04:21:43" hostname="fv-az451-216" time="0.007">
  <properties/>
  <testcase name="applyDiff_Comparable" classname="com.dotcms.util.diff.DiffCommandTest" time="0.005"/>
  <testcase name="applyDiff_Differentiable" classname="com.dotcms.util.diff.DiffCommandTest" time="0.002"/>
  <system-out><![CDATA[{six=six, five=five}
{two=two}
{four=fourxxx, one=onexxx}
{six=com.dotcms.util.diff.DiffCommandTest$StringDifferentiable@6d813d43, five=com.dotcms.util.diff.DiffCommandTest$StringDifferentiable@4be4a50c}
{two=com.dotcms.util.diff.DiffCommandTest$StringDifferentiable@188bb9d4}
{four=com.dotcms.util.diff.DiffCommandTest$StringDifferentiable@6d46aae2, one=com.dotcms.util.diff.DiffCommandTest$StringDifferentiable@949e92c}
]]></system-out>
  <system-err><![CDATA[]]></system-err>
</testsuite>
