<?xml version="1.0" encoding="UTF-8"?>
<testsuite name="com.dotcms.api.system.event.verifier.MultipleRolesVerifierTest" tests="7" skipped="0" failures="0" errors="0" timestamp="2023-07-12T15:56:14" hostname="fv-az559-241" time="0.118">
  <properties/>
  <testcase name="verifiedOrSuccess2Test" classname="com.dotcms.api.system.event.verifier.MultipleRolesVerifierTest" time="0.104"/>
  <testcase name="verifiedOrSuccess3Test" classname="com.dotcms.api.system.event.verifier.MultipleRolesVerifierTest" time="0.003"/>
  <testcase name="verifiedOrSuccess4Test" classname="com.dotcms.api.system.event.verifier.MultipleRolesVerifierTest" time="0.002"/>
  <testcase name="verifiedOrSuccessTest" classname="com.dotcms.api.system.event.verifier.MultipleRolesVerifierTest" time="0.002"/>
  <testcase name="verifiedAndSuccessTest" classname="com.dotcms.api.system.event.verifier.MultipleRolesVerifierTest" time="0.002"/>
  <testcase name="verifiedAndFailTest" classname="com.dotcms.api.system.event.verifier.MultipleRolesVerifierTest" time="0.001"/>
  <testcase name="verifiedOrFailTest" classname="com.dotcms.api.system.event.verifier.MultipleRolesVerifierTest" time="0.003"/>
  <system-out><![CDATA[]]></system-out>
  <system-err><![CDATA[]]></system-err>
</testsuite>
