<?xml version="1.0" encoding="UTF-8"?>
<testsuite name="com.dotcms.auth.providers.jwt.factories.SecretKeySpecFactoryTest" tests="1" skipped="0" failures="0" errors="0" timestamp="2023-07-21T23:52:56" hostname="fv-az180-422" time="1.243">
  <properties/>
  <testcase name="readAndPrepareSecret" classname="com.dotcms.auth.providers.jwt.factories.SecretKeySpecFactoryTest" time="1.243"/>
  <system-out><![CDATA[4f04d8ce5c6d6b2430eeb4e3f453a89190a61d2feb66268bf842fb015b105aae1bf2aca0398681c600fd4915e198a2394751b15f84c4d4303504b1d7256413cf
MySecretKey2
MySecretKey3
MySecretKey3
0c9db4645edc6a392a30dcc19128f979f75608159ffc9082410f1cc52e697b69bfa5f6940b661057ca794235dd87f661f3d16dfc04fb546566c749a4fca01dc8
4c83868461aa768424308579b43b35a272cfa785622e1a92b944400fb5d1fb1789c64598a689d2d70855c98473ff11d4a637c78b10b05e7b08372709c89e09cd
d8116c99ec46f3e399d1e28fd542a17835d2b24b509dda86506dd62a35b6706e594e326ac1af658aa8f44b80f131057664346245e9a929a69f587575f2ca7d71
]]></system-out>
  <system-err><![CDATA[]]></system-err>
</testsuite>
