<?xml version="1.0" encoding="UTF-8"?>
<testsuite name="com.dotcms.rendering.velocity.viewtools.dotcache.DotCacheToolTest" tests="5" skipped="0" failures="0" errors="0" timestamp="2023-07-18T21:49:18" hostname="fv-az612-136" time="4.91">
  <properties/>
  <testcase name="test_remove" classname="com.dotcms.rendering.velocity.viewtools.dotcache.DotCacheToolTest" time="1.204"/>
  <testcase name="test_putDebounce" classname="com.dotcms.rendering.velocity.viewtools.dotcache.DotCacheToolTest" time="1.204"/>
  <testcase name="test_cache_TTL_0" classname="com.dotcms.rendering.velocity.viewtools.dotcache.DotCacheToolTest" time="0.001"/>
  <testcase name="test_cache_TTL_2" classname="com.dotcms.rendering.velocity.viewtools.dotcache.DotCacheToolTest" time="2.501"/>
  <testcase name="test_cache_clear" classname="com.dotcms.rendering.velocity.viewtools.dotcache.DotCacheToolTest" time="0.0"/>
  <system-out><![CDATA[]]></system-out>
  <system-err><![CDATA[]]></system-err>
</testsuite>
