<?xml version="1.0" encoding="UTF-8"?>
<testsuite name="com.dotcms.auth.providers.jwt.factories.SecretKeySpecFactoryTest" tests="1" skipped="0" failures="0" errors="0" timestamp="2023-07-17T15:21:14" hostname="fv-az1243-755" time="1.52">
  <properties/>
  <testcase name="readAndPrepareSecret" classname="com.dotcms.auth.providers.jwt.factories.SecretKeySpecFactoryTest" time="1.52"/>
  <system-out><![CDATA[7073df0742f44b8035ff57100ff615dbe1b924179c34468ccf152f873fe1681d92b58a842ab1373961ddb54bb38835910f1d424069ab09f7f6fb17d9b6b1cf03
MySecretKey2
MySecretKey3
MySecretKey3
bf3e37e98a597359f9e05bfe74b474ffd35c20d704dd7d6a487f4c6dcd298e55e2810c73621d8cbfa874301ac269a1854fbdce9a3beda63510f17be8b65c40eb
fac53b89782e03cd5049e42d16c6088e2a79f7d84b172c980bb76b2e92e763aa70803693814bcc4d0e7c7b3dc501fc52d063146aee17fdc419163b035d3b079c
ceb0e9b75a7a614204f9554b707d6ac616d65e52c7b451a88a4ab1b19fa484bac7925820178a7d9edaa3dbbc0d0e2b604db01c9058deaf0ec30a95d8f7c740fc
]]></system-out>
  <system-err><![CDATA[]]></system-err>
</testsuite>
