<?xml version="1.0" encoding="UTF-8"?>
<testsuite name="com.dotmarketing.util.ZipUtilTest" tests="3" skipped="0" failures="0" errors="0" timestamp="2023-07-13T19:15:17" hostname="fv-az612-960" time="0.029">
  <properties/>
  <testcase name="testUnzipInvalidInputStream" classname="com.dotmarketing.util.ZipUtilTest" time="0.026"/>
  <testcase name="simpleChildPathMatchTest" classname="com.dotmarketing.util.ZipUtilTest" time="0.0"/>
  <testcase name="invalidFolderAttemptTest" classname="com.dotmarketing.util.ZipUtilTest" time="0.002"/>
  <system-out><![CDATA[]]></system-out>
  <system-err><![CDATA[]]></system-err>
</testsuite>
