<?xml version="1.0" encoding="UTF-8"?>
<testsuite name="com.dotcms.util.ConversionUtilsTest" tests="4" skipped="0" failures="0" errors="0" timestamp="2023-06-29T19:00:42" hostname="fv-az357-860" time="0.004">
  <properties/>
  <testcase name="toLongTest" classname="com.dotcms.util.ConversionUtilsTest" time="0.001"/>
  <testcase name="convertToArrayTest" classname="com.dotcms.util.ConversionUtilsTest" time="0.001"/>
  <testcase name="toIntTest" classname="com.dotcms.util.ConversionUtilsTest" time="0.001"/>
  <testcase name="toLongFromByteCountHumanDisplaySizeTest" classname="com.dotcms.util.ConversionUtilsTest" time="0.0"/>
  <system-out><![CDATA[]]></system-out>
  <system-err><![CDATA[]]></system-err>
</testsuite>
