<?xml version="1.0" encoding="UTF-8"?>
<testsuite name="com.dotcms.visitor.VisitorTest" tests="1" skipped="0" failures="0" errors="0" timestamp="2023-06-28T21:06:39" hostname="fv-az162-988" time="1.632">
  <properties/>
  <testcase name="test_visitor_serializer" classname="com.dotcms.visitor.VisitorTest" time="1.632"/>
  <system-out><![CDATA[]]></system-out>
  <system-err><![CDATA[]]></system-err>
</testsuite>
