<?xml version="1.0" encoding="UTF-8"?>
<testsuite name="com.dotcms.auth.providers.jwt.factories.SecretKeySpecFactoryTest" tests="1" skipped="0" failures="0" errors="0" timestamp="2023-07-17T18:37:05" hostname="fv-az741-618" time="1.341">
  <properties/>
  <testcase name="readAndPrepareSecret" classname="com.dotcms.auth.providers.jwt.factories.SecretKeySpecFactoryTest" time="1.341"/>
  <system-out><![CDATA[3e4c09e0204be83831b6324c497163125100718adcb7608adcce5e8dfb53d02b7bbd41acb8d154455acb391ba96e3b6a079dc9ade48c8e0580b7b6eefbf2c0f8
MySecretKey2
MySecretKey3
MySecretKey3
00107ecd46f5cd1c51be4e70c7a8cb92d791ef29e10469baea84d17c3860e5e2ae56c926b55c36bfd9a869d780c232c8e63bf43ee80ace21328915823ef0afc5
7661a7279bb7dbe1028b12acc175be213a8fcc891a9f3c594a72e975ae9242382d44f14af4ffe24cfd0c74f257ec1d8be24dd0487087bc5199d2134a792a3992
91a1b027918cf6f0bd9f934931aae809dbe4162f529965567f230ac2f70736ebe0f3fe4b342d7d1c1d6c4f42cc2e1fad11014156fa626ad157450b15899dac0c
]]></system-out>
  <system-err><![CDATA[]]></system-err>
</testsuite>
