<?xml version="1.0" encoding="UTF-8"?>
<testsuite name="com.dotcms.auth.providers.jwt.factories.SecretKeySpecFactoryTest" tests="1" skipped="0" failures="0" errors="0" timestamp="2023-07-14T23:34:53" hostname="fv-az412-310" time="1.484">
  <properties/>
  <testcase name="readAndPrepareSecret" classname="com.dotcms.auth.providers.jwt.factories.SecretKeySpecFactoryTest" time="1.484"/>
  <system-out><![CDATA[a37e43ec9fee862df607be0d19a0fe500a0e045e00759239629448e0eb8612dfb8c29899d685fcbb8668a9810ec9deac39897430635a0ebb986668ec107fee82
MySecretKey2
MySecretKey3
MySecretKey3
d631410b0121d4704e565cd8f2ce950106ee2235a284c311bf78f9e145ecd825293eb5c24ce4270c9f6d0aae2dc09096560a8111ae75f32b88db52ffa57dd656
ce386dac5d55db4a33460acd7bb7dc87154a9ab0f256ba34f7c0cfd490d43c5d3af20ea4537b774e29c13927ee846c4d8d914fc8a599f5dc3b8539146f465fcc
5b1f7e5b4eb90e4ed25e0bf16c74cb407111e80c332d1ce8be1a8a95f408cf12716a58265dd0329e8dd964a6b40b1b1a3285343805e16f12aa9ab6e7ccb24a2d
]]></system-out>
  <system-err><![CDATA[]]></system-err>
</testsuite>
