<?xml version="1.0" encoding="UTF-8"?>
<testsuite name="com.dotmarketing.portlets.workflows.ajax.WfBaseActionTest" tests="3" skipped="0" failures="0" errors="0" timestamp="2023-07-13T22:01:12" hostname="fv-az461-538" time="0.307">
  <properties/>
  <testcase name="TestOnNullCallTheDefaultCommand" classname="com.dotmarketing.portlets.workflows.ajax.WfBaseActionTest" time="0.264"/>
  <testcase name="TestNotAllowedCommands" classname="com.dotmarketing.portlets.workflows.ajax.WfBaseActionTest" time="0.018"/>
  <testcase name="TestAllowedCommands" classname="com.dotmarketing.portlets.workflows.ajax.WfBaseActionTest" time="0.018"/>
  <system-out><![CDATA[ Command ::  forbiddenMethod  on  class Mock for WfActionAjax, hashCode: 507561200
 Command ::  forbiddenMethod  on  class Mock for WfRoleStoreAjax, hashCode: 56093569
 Command ::  forbiddenMethod  on  class Mock for WfTaskAjax, hashCode: 1977674511
 Command ::  forbiddenMethod  on  class Mock for WfSchemeAjax, hashCode: 670316523
 Command ::  forbiddenMethod  on  class Mock for WfActionClassAjax, hashCode: 1184545934
 Command ::  save  on  class Mock for WfActionAjax, hashCode: 1165420555
 Command ::  deleteActionForStep  on  class Mock for WfActionAjax, hashCode: 1165420555
 Command ::  add  on  class Mock for WfActionAjax, hashCode: 1165420555
 Command ::  action  on  class Mock for WfActionAjax, hashCode: 1165420555
 Command ::  reorder  on  class Mock for WfActionAjax, hashCode: 1165420555
 Command ::  delete  on  class Mock for WfActionAjax, hashCode: 1165420555
 Command ::  rolesToJson  on  class Mock for WfRoleStoreAjax, hashCode: 803288493
 Command ::  assignable  on  class Mock for WfRoleStoreAjax, hashCode: 803288493
 Command ::  action  on  class Mock for WfRoleStoreAjax, hashCode: 803288493
 Command ::  executeActions  on  class Mock for WfTaskAjax, hashCode: 978590223
 Command ::  executeAction  on  class Mock for WfTaskAjax, hashCode: 978590223
 Command ::  action  on  class Mock for WfTaskAjax, hashCode: 978590223
 Command ::  action  on  class Mock for WfSchemeAjax, hashCode: 1137016357
 Command ::  save  on  class Mock for WfSchemeAjax, hashCode: 1137016357
 Command ::  save  on  class Mock for WfActionClassAjax, hashCode: 781679844
 Command ::  delete  on  class Mock for WfActionClassAjax, hashCode: 781679844
 Command ::  reorder  on  class Mock for WfActionClassAjax, hashCode: 781679844
 Command ::  action  on  class Mock for WfActionClassAjax, hashCode: 781679844
 Command ::  add  on  class Mock for WfActionClassAjax, hashCode: 781679844
]]></system-out>
  <system-err><![CDATA[]]></system-err>
</testsuite>
