<?xml version="1.0" encoding="UTF-8"?>
<testsuite name="com.dotcms.auth.providers.jwt.factories.SecretKeySpecFactoryTest" tests="1" skipped="0" failures="0" errors="0" timestamp="2023-07-14T16:59:22" hostname="fv-az950-408" time="1.283">
  <properties/>
  <testcase name="readAndPrepareSecret" classname="com.dotcms.auth.providers.jwt.factories.SecretKeySpecFactoryTest" time="1.283"/>
  <system-out><![CDATA[e965274dbf69a4534afaac8936d0deea1bf6ce66ebc3960f0f844170fab8ab476a7e25e16715ddba0fadc11a7985986704b982f7e8b2074ecafbc151516d7335
MySecretKey2
MySecretKey3
MySecretKey3
75415df752e5f38d88907377bf55c692c9fbb134aebdb1aafb4cc19a7880e460f4bddb4610f10c48861137d39a4b1f57af11d0f6b9036ac069f2c7ded83e28f3
2f1513324a859ecf1f96c43a4bbbf0cbd3ffc1e52080b485d215285e4873950a1f0b23696eee468865a0be8501c003aceadec51da0ab7295b698c16abdcaf043
d99a1c6639d11164fc9470fd5e33a9f86878fc28c7254c8da0013dd454890e1ca4d5ccfd5b9f49cfc5fbf3e00931439ad706bf25f443dc329a7d85fd5684bb41
]]></system-out>
  <system-err><![CDATA[]]></system-err>
</testsuite>
