<?xml version="1.0" encoding="UTF-8"?>
<testsuite name="com.dotcms.util.diff.DiffCommandTest" tests="2" skipped="0" failures="0" errors="0" timestamp="2023-07-18T18:15:43" hostname="fv-az951-536" time="0.006">
  <properties/>
  <testcase name="applyDiff_Comparable" classname="com.dotcms.util.diff.DiffCommandTest" time="0.005"/>
  <testcase name="applyDiff_Differentiable" classname="com.dotcms.util.diff.DiffCommandTest" time="0.0"/>
  <system-out><![CDATA[{six=six, five=five}
{two=two}
{four=fourxxx, one=onexxx}
{six=com.dotcms.util.diff.DiffCommandTest$StringDifferentiable@3be50531, five=com.dotcms.util.diff.DiffCommandTest$StringDifferentiable@577819d0}
{two=com.dotcms.util.diff.DiffCommandTest$StringDifferentiable@7f110360}
{four=com.dotcms.util.diff.DiffCommandTest$StringDifferentiable@3f28c401, one=com.dotcms.util.diff.DiffCommandTest$StringDifferentiable@2c778258}
]]></system-out>
  <system-err><![CDATA[]]></system-err>
</testsuite>
