<?xml version="1.0" encoding="UTF-8"?>
<testsuite name="com.dotcms.util.diff.DiffCommandTest" tests="2" skipped="0" failures="0" errors="0" timestamp="2023-07-06T16:11:54" hostname="fv-az306-793" time="0.005">
  <properties/>
  <testcase name="applyDiff_Comparable" classname="com.dotcms.util.diff.DiffCommandTest" time="0.003"/>
  <testcase name="applyDiff_Differentiable" classname="com.dotcms.util.diff.DiffCommandTest" time="0.002"/>
  <system-out><![CDATA[{six=six, five=five}
{two=two}
{four=fourxxx, one=onexxx}
{six=com.dotcms.util.diff.DiffCommandTest$StringDifferentiable@b153761, five=com.dotcms.util.diff.DiffCommandTest$StringDifferentiable@57938458}
{two=com.dotcms.util.diff.DiffCommandTest$StringDifferentiable@9c0f109}
{four=com.dotcms.util.diff.DiffCommandTest$StringDifferentiable@7c5f61be, one=com.dotcms.util.diff.DiffCommandTest$StringDifferentiable@5e53ef6b}
]]></system-out>
  <system-err><![CDATA[]]></system-err>
</testsuite>
