<?xml version="1.0" encoding="UTF-8"?>
<testsuite name="com.dotcms.auth.providers.jwt.factories.SecretKeySpecFactoryTest" tests="1" skipped="0" failures="0" errors="0" timestamp="2023-06-23T15:16:05" hostname="fv-az812-266" time="1.863">
  <properties/>
  <testcase name="readAndPrepareSecret" classname="com.dotcms.auth.providers.jwt.factories.SecretKeySpecFactoryTest" time="1.863"/>
  <system-out><![CDATA[85b15bf576e5a9ee9e0fe1cd995ed830b841081d880b1b8167db01e5c81a3e87caeb7eea0dfddd102589dab06fa76911d25d920a42f494821acf7f9087258cbe
MySecretKey2
MySecretKey3
MySecretKey3
329b225bb4a3163dda003c2a51e9a35c229244b68ed6b063296499848699cb70d1f9655d4064de17af2e8bed0563d297982a52a096180e86bfc237354f33a679
f38d46e535cc802d717b81ff102511d6b6395a3b5406dc0a8fba49e159e36d19ec74af0b3561d063711bf5b0ca559b46efef654444dff39f44a6214e42a0823c
925fa211af45da18870531bc8d1054007d80b3f58de252ef1b6e69d5960888282686a1d3c2837b1b6c6982a2af5de29cbc22a5426d52600baa82aa364025947b
]]></system-out>
  <system-err><![CDATA[]]></system-err>
</testsuite>
