<?xml version="1.0" encoding="UTF-8"?>
<testsuite name="com.dotcms.rest.api.v1.authentication.CreateJsonWebTokenResourceTest" tests="9" skipped="0" failures="0" errors="0" timestamp="2023-07-12T18:38:00" hostname="fv-az955-357" time="0.16">
  <properties/>
  <testcase name="testEmptyParameter" classname="com.dotcms.rest.api.v1.authentication.CreateJsonWebTokenResourceTest" time="0.013"/>
  <testcase name="testUserPasswordException" classname="com.dotcms.rest.api.v1.authentication.CreateJsonWebTokenResourceTest" time="0.06"/>
  <testcase name="testAuthException" classname="com.dotcms.rest.api.v1.authentication.CreateJsonWebTokenResourceTest" time="0.003"/>
  <testcase name="testNoSuchUserException" classname="com.dotcms.rest.api.v1.authentication.CreateJsonWebTokenResourceTest" time="0.003"/>
  <testcase name="testRequiredLayoutException" classname="com.dotcms.rest.api.v1.authentication.CreateJsonWebTokenResourceTest" time="0.002"/>
  <testcase name="testGetApiTokenAuthenticationFalse" classname="com.dotcms.rest.api.v1.authentication.CreateJsonWebTokenResourceTest" time="0.038"/>
  <testcase name="testUserActiveException" classname="com.dotcms.rest.api.v1.authentication.CreateJsonWebTokenResourceTest" time="0.005"/>
  <testcase name="testWrongParameter" classname="com.dotcms.rest.api.v1.authentication.CreateJsonWebTokenResourceTest" time="0.002"/>
  <testcase name="testUserEmailAddressException" classname="com.dotcms.rest.api.v1.authentication.CreateJsonWebTokenResourceTest" time="0.003"/>
  <system-out><![CDATA[ErrorEntity{errorCode='authentication-failed', message='authentication-failed', fieldName='null'}
ErrorEntity{errorCode='your-account-is-not-active', message='your-account-is-not-active', fieldName='null'}
]]></system-out>
  <system-err><![CDATA[]]></system-err>
</testsuite>
