<?xml version="1.0" encoding="UTF-8"?>
<testsuite name="com.dotcms.auth.providers.jwt.factories.SecretKeySpecFactoryTest" tests="1" skipped="0" failures="0" errors="0" timestamp="2023-06-29T19:40:08" hostname="fv-az402-651" time="2.012">
  <properties/>
  <testcase name="readAndPrepareSecret" classname="com.dotcms.auth.providers.jwt.factories.SecretKeySpecFactoryTest" time="2.012"/>
  <system-out><![CDATA[6223299b5d93d60e36f25c5968fe5cc5ac41436982434874109c8476c0b0c41179e82b5c580cd399cd860c27558c67bea8e53ab36d6b26e9bf826d7a19026709
MySecretKey2
MySecretKey3
MySecretKey3
cdd300e3816eb2bf4d54a9483adceeb34b8edc06395758466521afffb0915a5e062a53e775b12a1a82ff681d2cfb161d1904f52ca4c01532bee705f665d32f16
9b62eac2211a2632c7204acfa1c50d20f969b265e2b658a7b98e78afb3d1477a2cede3237d5cc20867998b5dcdfe8cdc91d5c557ac892811195eeed29861f689
1c6911e5085ef9f58c3df6a0c917897cc80aff9f6a410400dffea914e1f90d5427d57246fc0f91708efbd9831dd715672f000d0a95b665deff0d1f5c4a14d26d
]]></system-out>
  <system-err><![CDATA[]]></system-err>
</testsuite>
