<?xml version="1.0" encoding="UTF-8"?>
<testsuite name="com.dotcms.auth.providers.jwt.factories.SecretKeySpecFactoryTest" tests="1" skipped="0" failures="0" errors="0" timestamp="2023-06-28T16:18:44" hostname="fv-az447-464" time="1.3">
  <properties/>
  <testcase name="readAndPrepareSecret" classname="com.dotcms.auth.providers.jwt.factories.SecretKeySpecFactoryTest" time="1.3"/>
  <system-out><![CDATA[3722e9f0b3ff058f3d57884c76c0c1a7064b8a4884d7eb6103fa5b19f78777fc3423e2cbaf181328c5c9a4ac5eb4650cb9749db707b9c56408e2552a7a3bd1ee
MySecretKey2
MySecretKey3
MySecretKey3
041dbe79e3722706c9ef1aab3a30f7d48bc21259027e6e2911b545d3eddc4abadb881786d27d8907cb3ad251d46494be72a0d039e15d3f985a614e9d820094cc
b92675ff3df3825b5b43199459269d0f497e7011d5b94698e1d9caec8e2f3529350f06a3dac625e9013dbb84abc1ccd93d3a811b79f30ee80c727a0a52dc28b4
973caaf7e879b19040fb1bb08d1ec06a2136e2130ab11f557a0203f9bf20d07740d32bc37768c1d051f9eb71c0dad17898805451032135b575f257de9375ceb9
]]></system-out>
  <system-err><![CDATA[]]></system-err>
</testsuite>
