<?xml version="1.0" encoding="UTF-8"?>
<testsuite name="com.dotcms.auth.providers.jwt.factories.SecretKeySpecFactoryTest" tests="1" skipped="0" failures="0" errors="0" timestamp="2023-06-23T22:15:46" hostname="fv-az576-706" time="1.985">
  <properties/>
  <testcase name="readAndPrepareSecret" classname="com.dotcms.auth.providers.jwt.factories.SecretKeySpecFactoryTest" time="1.985"/>
  <system-out><![CDATA[850e24bef7128fbc9097c58c575e9bccfddec44b0e037125eaa7952867657740537626beaab0e8f0b242c529518da76acd91658975ede2e91bdd1323007c7aca
MySecretKey2
MySecretKey3
MySecretKey3
2a2f5c802b4ea27f03513872f720281e5e58e4f4bc9936f6ba5f411e3bbde1281dd5779d361d22634b9c53f07b8794b55679a8c4ed87666f83b20c02fa1ba37f
1422a71b6fe266f4d835d48ff1132dbc40b080ac34857aa663d10e9d7c5f4bd71cc8f03368d565fc8ee2aa300e22edb499af9cfaaea4f871a4bde27d86d6d11a
02be4f79ca9ed2671a5774a5543addfe5a3c3b6c7818a078edfc63a786b2d5e276434d4b05f2b264b8331f0a475b0154ac2d1610fb19536ac591afa28c2cb15c
]]></system-out>
  <system-err><![CDATA[]]></system-err>
</testsuite>
