<?xml version="1.0" encoding="UTF-8"?>
<testsuite name="com.liferay.portal.pwd.RegExpToolkitTest" tests="2" skipped="0" failures="0" errors="0" timestamp="2023-07-18T15:51:55" hostname="fv-az612-336" time="0.012">
  <properties/>
  <testcase name="testValidPasswordFormat" classname="com.liferay.portal.pwd.RegExpToolkitTest" time="0.008"/>
  <testcase name="testInvalidPasswordFormat" classname="com.liferay.portal.pwd.RegExpToolkitTest" time="0.003"/>
  <system-out><![CDATA[]]></system-out>
  <system-err><![CDATA[]]></system-err>
</testsuite>
