<?xml version="1.0" encoding="UTF-8"?>
<testsuite name="com.dotcms.auth.providers.jwt.factories.SecretKeySpecFactoryTest" tests="1" skipped="0" failures="0" errors="0" timestamp="2023-06-29T17:29:54" hostname="fv-az571-416" time="1.96">
  <properties/>
  <testcase name="readAndPrepareSecret" classname="com.dotcms.auth.providers.jwt.factories.SecretKeySpecFactoryTest" time="1.96"/>
  <system-out><![CDATA[c1f140a47de0319f49ab5cbfe0db7d55cc381d526268b3b43cd169a5fc94f6d6933492a4ec65483f6f81b053d40219602c6de7187da79f4915b3a67ee311d635
MySecretKey2
MySecretKey3
MySecretKey3
a90ef0a0cdd0114ea55f965250c459754643794adf443ad830fb55a92bf64263eee795db5debb2aaba5f5259b6cb1d729144fc6167375d4dd84dc108f9087533
46af8b0fa2001673f4063b8ff5cd9e9e65039de43c5ce303d570dc5fdf0acd9177118579d0a92939040ffced783a7ed1d7581b60359e5a4d9557179233462262
0d11fd63f51983bf0a2be7be09604473df55b52ea35f62448c70c1a3e8b13c3eb0c48ffb47c0f6bc89f4ccff154b6e8bb0a24db1bd2d1faee38e475264af476a
]]></system-out>
  <system-err><![CDATA[]]></system-err>
</testsuite>
