<?xml version="1.0" encoding="UTF-8"?>
<testsuite name="com.dotmarketing.portlets.workflows.ajax.WfBaseActionTest" tests="3" skipped="0" failures="0" errors="0" timestamp="2023-07-18T18:17:01" hostname="fv-az951-536" time="0.323">
  <properties/>
  <testcase name="TestOnNullCallTheDefaultCommand" classname="com.dotmarketing.portlets.workflows.ajax.WfBaseActionTest" time="0.294"/>
  <testcase name="TestNotAllowedCommands" classname="com.dotmarketing.portlets.workflows.ajax.WfBaseActionTest" time="0.009"/>
  <testcase name="TestAllowedCommands" classname="com.dotmarketing.portlets.workflows.ajax.WfBaseActionTest" time="0.02"/>
  <system-out><![CDATA[ Command ::  forbiddenMethod  on  class Mock for WfRoleStoreAjax, hashCode: 2014900567
 Command ::  forbiddenMethod  on  class Mock for WfSchemeAjax, hashCode: 1136754544
 Command ::  forbiddenMethod  on  class Mock for WfActionAjax, hashCode: 221317083
 Command ::  forbiddenMethod  on  class Mock for WfActionClassAjax, hashCode: 1246944514
 Command ::  forbiddenMethod  on  class Mock for WfTaskAjax, hashCode: 465876345
 Command ::  rolesToJson  on  class Mock for WfRoleStoreAjax, hashCode: 1162245235
 Command ::  action  on  class Mock for WfRoleStoreAjax, hashCode: 1162245235
 Command ::  assignable  on  class Mock for WfRoleStoreAjax, hashCode: 1162245235
 Command ::  save  on  class Mock for WfSchemeAjax, hashCode: 377607719
 Command ::  action  on  class Mock for WfSchemeAjax, hashCode: 377607719
 Command ::  delete  on  class Mock for WfActionAjax, hashCode: 2041526471
 Command ::  reorder  on  class Mock for WfActionAjax, hashCode: 2041526471
 Command ::  action  on  class Mock for WfActionAjax, hashCode: 2041526471
 Command ::  add  on  class Mock for WfActionAjax, hashCode: 2041526471
 Command ::  deleteActionForStep  on  class Mock for WfActionAjax, hashCode: 2041526471
 Command ::  save  on  class Mock for WfActionAjax, hashCode: 2041526471
 Command ::  add  on  class Mock for WfActionClassAjax, hashCode: 893170438
 Command ::  action  on  class Mock for WfActionClassAjax, hashCode: 893170438
 Command ::  reorder  on  class Mock for WfActionClassAjax, hashCode: 893170438
 Command ::  delete  on  class Mock for WfActionClassAjax, hashCode: 893170438
 Command ::  save  on  class Mock for WfActionClassAjax, hashCode: 893170438
 Command ::  executeAction  on  class Mock for WfTaskAjax, hashCode: 1354926984
 Command ::  executeActions  on  class Mock for WfTaskAjax, hashCode: 1354926984
 Command ::  action  on  class Mock for WfTaskAjax, hashCode: 1354926984
]]></system-out>
  <system-err><![CDATA[]]></system-err>
</testsuite>
