<?xml version="1.0" encoding="UTF-8"?>
<testsuite name="com.dotcms.analytics.metrics.QueryParameterValuesGetterTest" tests="3" skipped="0" failures="0" errors="0" timestamp="2023-07-17T23:26:31" hostname="fv-az617-846" time="0.098">
  <properties/>
  <testcase name="getQueryParamsFromUrlWithNoneQueryParams" classname="com.dotcms.analytics.metrics.QueryParameterValuesGetterTest" time="0.092"/>
  <testcase name="getQueryParamsFromUrlWithOneQueryParams" classname="com.dotcms.analytics.metrics.QueryParameterValuesGetterTest" time="0.002"/>
  <testcase name="getQueryParamsFromUrlWithMultiQueryParams" classname="com.dotcms.analytics.metrics.QueryParameterValuesGetterTest" time="0.002"/>
  <system-out><![CDATA[]]></system-out>
  <system-err><![CDATA[]]></system-err>
</testsuite>
