<?xml version="1.0" encoding="UTF-8"?>
<testsuite name="com.dotcms.auth.providers.jwt.factories.SecretKeySpecFactoryTest" tests="1" skipped="0" failures="0" errors="0" timestamp="2023-07-05T18:23:23" hostname="fv-az244-433" time="1.86">
  <properties/>
  <testcase name="readAndPrepareSecret" classname="com.dotcms.auth.providers.jwt.factories.SecretKeySpecFactoryTest" time="1.86"/>
  <system-out><![CDATA[ec4f1e762a76d9642e20ea999401891e8d2bb23aa9aea35038fdf25fd978474a1003281520ca8cdbdc2a909db8b9b08fc36f51923bfe16f9f2d97aef130d3909
MySecretKey2
MySecretKey3
MySecretKey3
b16bfacdfa9e5443cc10eea3448f45f5391612ae3a168013b15e421f0ca505a18d8eed348f450c63bc5bf1f5a8ba3886f1560a6f761d2387da1e7b80043718b9
cef2b87e8cfc6cafbe1e41581ab37a64fca561fb797b2579671ddc33d00273ab72ae28688b367e21d0019681970fd2d2bd430f80558eadefe352bcf938d2302b
1a2caab7beca74c1ca32beb642498200232dc867cb6331ea52bdcd291d4a69e5e250059dce7da73d6979a0d02dad5582a22c101d4d1c4e9fd6615576e14d4e02
]]></system-out>
  <system-err><![CDATA[]]></system-err>
</testsuite>
