<?xml version="1.0" encoding="UTF-8"?>
<testsuite name="com.dotmarketing.portlets.workflows.ajax.WfBaseActionTest" tests="3" skipped="0" failures="0" errors="0" timestamp="2023-07-19T15:28:06" hostname="fv-az168-813" time="0.329">
  <properties/>
  <testcase name="TestOnNullCallTheDefaultCommand" classname="com.dotmarketing.portlets.workflows.ajax.WfBaseActionTest" time="0.277"/>
  <testcase name="TestNotAllowedCommands" classname="com.dotmarketing.portlets.workflows.ajax.WfBaseActionTest" time="0.02"/>
  <testcase name="TestAllowedCommands" classname="com.dotmarketing.portlets.workflows.ajax.WfBaseActionTest" time="0.032"/>
  <system-out><![CDATA[ Command ::  forbiddenMethod  on  class Mock for WfActionClassAjax, hashCode: 298440450
 Command ::  forbiddenMethod  on  class Mock for WfActionAjax, hashCode: 824911933
 Command ::  forbiddenMethod  on  class Mock for WfRoleStoreAjax, hashCode: 774194593
 Command ::  forbiddenMethod  on  class Mock for WfSchemeAjax, hashCode: 603902861
 Command ::  forbiddenMethod  on  class Mock for WfTaskAjax, hashCode: 163391416
 Command ::  save  on  class Mock for WfActionClassAjax, hashCode: 1960746771
 Command ::  delete  on  class Mock for WfActionClassAjax, hashCode: 1960746771
 Command ::  reorder  on  class Mock for WfActionClassAjax, hashCode: 1960746771
 Command ::  action  on  class Mock for WfActionClassAjax, hashCode: 1960746771
 Command ::  add  on  class Mock for WfActionClassAjax, hashCode: 1960746771
 Command ::  save  on  class Mock for WfActionAjax, hashCode: 972320605
 Command ::  deleteActionForStep  on  class Mock for WfActionAjax, hashCode: 972320605
 Command ::  add  on  class Mock for WfActionAjax, hashCode: 972320605
 Command ::  action  on  class Mock for WfActionAjax, hashCode: 972320605
 Command ::  reorder  on  class Mock for WfActionAjax, hashCode: 972320605
 Command ::  delete  on  class Mock for WfActionAjax, hashCode: 972320605
 Command ::  rolesToJson  on  class Mock for WfRoleStoreAjax, hashCode: 1723456790
 Command ::  assignable  on  class Mock for WfRoleStoreAjax, hashCode: 1723456790
 Command ::  action  on  class Mock for WfRoleStoreAjax, hashCode: 1723456790
 Command ::  action  on  class Mock for WfSchemeAjax, hashCode: 1395654061
 Command ::  save  on  class Mock for WfSchemeAjax, hashCode: 1395654061
 Command ::  executeAction  on  class Mock for WfTaskAjax, hashCode: 290226496
 Command ::  action  on  class Mock for WfTaskAjax, hashCode: 290226496
 Command ::  executeActions  on  class Mock for WfTaskAjax, hashCode: 290226496
]]></system-out>
  <system-err><![CDATA[]]></system-err>
</testsuite>
