<?xml version="1.0" encoding="UTF-8"?>
<testsuite name="com.dotcms.auth.providers.jwt.factories.SecretKeySpecFactoryTest" tests="1" skipped="0" failures="0" errors="0" timestamp="2023-07-18T21:24:32" hostname="fv-az812-504" time="1.648">
  <properties/>
  <testcase name="readAndPrepareSecret" classname="com.dotcms.auth.providers.jwt.factories.SecretKeySpecFactoryTest" time="1.648"/>
  <system-out><![CDATA[6f43349ba95350549cf5be20543a4ba9e6e332e3090fe4701b5a657882a2d7713c4c4e8a3eed072e7d16f5250ec4fc5b7fc18ba1e971639183126e51b924389b
MySecretKey2
MySecretKey3
MySecretKey3
08edb97d5fbdb7651a69df4fb47be3dceabce46f5808823616e8d37ded92fee0bd443396b309bdae6cf5180b2eca65ff5bc4abf5bf7dc83e91501e833ff4ded9
e7fa63cd37534020a2333685890effa45bae353eec286986a19c836734884ae3d024c9acfb54ab92bcd2be1311ab1a2dc73f1449f1c71b3e534728511621bfe7
183bda521cfecd59bec1c1607198df297dcca5854e6edde570ad044f801a40efe5ecdbf73de62d6c6efb8928cdba932a9d3a60ebc109c1355bb5a89afc7c7648
]]></system-out>
  <system-err><![CDATA[]]></system-err>
</testsuite>
