<?xml version="1.0" encoding="UTF-8"?>
<testsuite name="com.dotcms.auth.providers.jwt.factories.SecretKeySpecFactoryTest" tests="1" skipped="0" failures="0" errors="0" timestamp="2023-06-27T20:11:20" hostname="fv-az612-160" time="1.685">
  <properties/>
  <testcase name="readAndPrepareSecret" classname="com.dotcms.auth.providers.jwt.factories.SecretKeySpecFactoryTest" time="1.685"/>
  <system-out><![CDATA[4210d4a8e6e7154b7899f23716a70c58ea35ff7812d0d93a59c5e3abbd1c5374984f935720abe8da97ec4204aa876d8c90c57a088b6b8279c88b6a9bdba2afaa
MySecretKey2
MySecretKey3
MySecretKey3
cce76ba6ee3291f520cc1ab19fbcc5d9a59cfd4a7cda4b2732b62f33f65c9bcc9adfca9213dc65d1f9af7f7a17492b56ecbd964b79efe6c7b57fa552be2b366b
016681a65b51ae7115a2f8bef2ffc13ddaf83d5e5d80aee37df5a25118b6dd76a047363660f0b92e405f094d852a338d588fd319cd9510de237603b8a48ed880
7a7cbd8fd7d6770cc328d9f7f00955801268236b3a23add57fad0a5e518e8a766465a6f8e11964c5f4cd6b636cec289814be5ba891e85ef0dc5e1e223d5b43d2
]]></system-out>
  <system-err><![CDATA[]]></system-err>
</testsuite>
