<?xml version="1.0" encoding="UTF-8"?>
<testsuite name="com.dotcms.auth.providers.jwt.factories.SecretKeySpecFactoryTest" tests="1" skipped="0" failures="0" errors="0" timestamp="2023-07-07T15:25:59" hostname="fv-az629-417" time="1.244">
  <properties/>
  <testcase name="readAndPrepareSecret" classname="com.dotcms.auth.providers.jwt.factories.SecretKeySpecFactoryTest" time="1.244"/>
  <system-out><![CDATA[7d090f242c2ef364643fe8425d97a574399f648c6700b9bf7ede143a7064c9efd82164e473c57c647ae0e80dc16bcf0ee9ed4ae6fcbd458e81c344528693f0f1
MySecretKey2
MySecretKey3
MySecretKey3
df7e9828b4c56d5dd632bbe5299acca6852d5651df2234f9d0129d0c63a751b51000dfd698143d2f298fe276a36025df9268248f4cd8e6298c7b27020a6de4cb
3c027d520853301f28da0c949ee203a6b95e4806ae4dbb5b170da2dc0be6e192aee7751fa14452d846d98d76b44f4aa5656cf154b305195c19cca4ed370df055
dac7ebf7fcd0b632b9a8dce4fc7b9c73c8aba1d4aa4fa3925ee4be020fd1e0984e8ce1c716302d65ce277e10fc69bf06b7c704e7eb62719ed311bb957bee14ff
]]></system-out>
  <system-err><![CDATA[]]></system-err>
</testsuite>
