<?xml version="1.0" encoding="UTF-8"?>
<testsuite name="com.dotcms.dotpubsub.PgNgDataSourceUrlTest" tests="3" skipped="0" failures="0" errors="0" timestamp="2023-07-17T13:30:00" hostname="fv-az1128-367" time="0.006">
  <properties/>
  <testcase name="test_PgNgDataSourceUrl_URL_escapes_special_chars" classname="com.dotcms.dotpubsub.PgNgDataSourceUrlTest" time="0.004"/>
  <testcase name="test_PgNgDataSourceUrl_does_not_mess_with_url" classname="com.dotcms.dotpubsub.PgNgDataSourceUrlTest" time="0.0"/>
  <testcase name="test_PgNgDataSourceUrl_builts_correctly" classname="com.dotcms.dotpubsub.PgNgDataSourceUrlTest" time="0.0"/>
  <system-out><![CDATA[]]></system-out>
  <system-err><![CDATA[]]></system-err>
</testsuite>
