<?xml version="1.0" encoding="UTF-8"?>
<testsuite name="com.dotmarketing.fixtask.tasks.FixTask00090RecreateMissingFoldersInParentPathTest" tests="9" skipped="0" failures="0" errors="0" timestamp="2023-06-23T16:53:32" hostname="fv-az354-410" time="0.052">
  <properties/>
  <testcase name="getFoldersFromParentPath_ShouldReturnOneFolderList_WhenOneLevelParentPath" classname="com.dotmarketing.fixtask.tasks.FixTask00090RecreateMissingFoldersInParentPathTest" time="0.004"/>
  <testcase name="recreateMissingFolders_ShouldCreateFolder_WhenFolderIsMissing" classname="com.dotmarketing.fixtask.tasks.FixTask00090RecreateMissingFoldersInParentPathTest" time="0.039"/>
  <testcase name="recreateMissingFoldersInParentPath_ShouldThrowNPE_WhenNullParentPath" classname="com.dotmarketing.fixtask.tasks.FixTask00090RecreateMissingFoldersInParentPathTest" time="0.0"/>
  <testcase name="getFoldersFromParentPath_ShouldThrowNPE_WhenNullParentPath" classname="com.dotmarketing.fixtask.tasks.FixTask00090RecreateMissingFoldersInParentPathTest" time="0.0"/>
  <testcase name="recreateMissingFoldersInParentPath_ShouldDoNothing_WhenSystemHost" classname="com.dotmarketing.fixtask.tasks.FixTask00090RecreateMissingFoldersInParentPathTest" time="0.001"/>
  <testcase name="getFoldersFromParentPath_ShouldReturnEmptyList_WhenBlankParentPath" classname="com.dotmarketing.fixtask.tasks.FixTask00090RecreateMissingFoldersInParentPathTest" time="0.0"/>
  <testcase name="getFoldersFromParentPath_ShouldReturnOneFolderList_WhenTwoLevelParentPath" classname="com.dotmarketing.fixtask.tasks.FixTask00090RecreateMissingFoldersInParentPathTest" time="0.0"/>
  <testcase name="recreateMissingFoldersInParentPath_ShouldDoNothing_WhenSystemFolder" classname="com.dotmarketing.fixtask.tasks.FixTask00090RecreateMissingFoldersInParentPathTest" time="0.001"/>
  <testcase name="recreateMissingFoldersInParentPath_ShouldRecreate_WhenDifferentThanSystemHostOrFolder" classname="com.dotmarketing.fixtask.tasks.FixTask00090RecreateMissingFoldersInParentPathTest" time="0.001"/>
  <system-out><![CDATA[]]></system-out>
  <system-err><![CDATA[]]></system-err>
</testsuite>
