<?xml version="1.0" encoding="UTF-8"?>
<testsuite name="com.dotcms.util.diff.DiffCommandTest" tests="2" skipped="0" failures="0" errors="0" timestamp="2023-07-12T18:56:54" hostname="fv-az842-863" time="0.012">
  <properties/>
  <testcase name="applyDiff_Comparable" classname="com.dotcms.util.diff.DiffCommandTest" time="0.007"/>
  <testcase name="applyDiff_Differentiable" classname="com.dotcms.util.diff.DiffCommandTest" time="0.005"/>
  <system-out><![CDATA[{six=six, five=five}
{two=two}
{four=fourxxx, one=onexxx}
{six=com.dotcms.util.diff.DiffCommandTest$StringDifferentiable@5dd3bea1, five=com.dotcms.util.diff.DiffCommandTest$StringDifferentiable@aa685f}
{two=com.dotcms.util.diff.DiffCommandTest$StringDifferentiable@643430d0}
{four=com.dotcms.util.diff.DiffCommandTest$StringDifferentiable@29d4634e, one=com.dotcms.util.diff.DiffCommandTest$StringDifferentiable@6932e663}
]]></system-out>
  <system-err><![CDATA[]]></system-err>
</testsuite>
