<?xml version="1.0" encoding="UTF-8"?>
<testsuite name="com.dotcms.auth.providers.jwt.factories.SecretKeySpecFactoryTest" tests="1" skipped="0" failures="0" errors="0" timestamp="2023-07-11T17:36:56" hostname="fv-az621-762" time="1.182">
  <properties/>
  <testcase name="readAndPrepareSecret" classname="com.dotcms.auth.providers.jwt.factories.SecretKeySpecFactoryTest" time="1.182"/>
  <system-out><![CDATA[71d4c69e10ef875073d64fcc52559289a2e29003f7c3675aea89900635eb9d68da50369bde474bb993f5df501eba625199b318d0fa9b14565a5993ae2ca9048c
MySecretKey2
MySecretKey3
MySecretKey3
1a374043fdd93a07d4befeeeb4a6af1bf790c859ca3723be4f81d304edc1134af9f0e507f04d4f4f6f29dd3944ba855811179b63b2ba3084e0df61a34f2966fd
711363376f6cf20da6b816cad8be26920da9f60c4d7a64a74b85d83dff0909fc646a67c2ead68237433be1edffb1ce32d18666799b9fc281f3a892cec2e1aee5
2efd53805739760fcb56c7b1f93c53db8c16d852d222a220e652ae3d85ed1fe37a6b01b3a160693540486513f4182756e27c2550a6cb6a7fc77193aca22fe851
]]></system-out>
  <system-err><![CDATA[]]></system-err>
</testsuite>
