<?xml version="1.0" encoding="UTF-8"?>
<testsuite name="com.dotcms.timemachine.ajax.TimeMachineAjaxActionTest" tests="1" skipped="0" failures="0" errors="0" timestamp="2023-07-17T15:41:17" hostname="fv-az357-263" time="0.025">
  <properties/>
  <testcase name="testGenerateNotification" classname="com.dotcms.timemachine.ajax.TimeMachineAjaxActionTest" time="0.025"/>
  <system-out><![CDATA[]]></system-out>
  <system-err><![CDATA[]]></system-err>
</testsuite>
