<?xml version="1.0" encoding="UTF-8"?>
<testsuite name="com.dotmarketing.portlets.workflows.ajax.WfBaseActionTest" tests="3" skipped="0" failures="0" errors="0" timestamp="2023-07-11T22:43:13" hostname="fv-az567-840" time="0.172">
  <properties/>
  <testcase name="TestOnNullCallTheDefaultCommand" classname="com.dotmarketing.portlets.workflows.ajax.WfBaseActionTest" time="0.148"/>
  <testcase name="TestNotAllowedCommands" classname="com.dotmarketing.portlets.workflows.ajax.WfBaseActionTest" time="0.008"/>
  <testcase name="TestAllowedCommands" classname="com.dotmarketing.portlets.workflows.ajax.WfBaseActionTest" time="0.016"/>
  <system-out><![CDATA[ Command ::  forbiddenMethod  on  class Mock for WfActionAjax, hashCode: 531103789
 Command ::  forbiddenMethod  on  class Mock for WfTaskAjax, hashCode: 2028879403
 Command ::  forbiddenMethod  on  class Mock for WfRoleStoreAjax, hashCode: 519816062
 Command ::  forbiddenMethod  on  class Mock for WfSchemeAjax, hashCode: 417315958
 Command ::  forbiddenMethod  on  class Mock for WfActionClassAjax, hashCode: 1904995669
 Command ::  save  on  class Mock for WfActionAjax, hashCode: 1266446367
 Command ::  delete  on  class Mock for WfActionAjax, hashCode: 1266446367
 Command ::  reorder  on  class Mock for WfActionAjax, hashCode: 1266446367
 Command ::  action  on  class Mock for WfActionAjax, hashCode: 1266446367
 Command ::  add  on  class Mock for WfActionAjax, hashCode: 1266446367
 Command ::  deleteActionForStep  on  class Mock for WfActionAjax, hashCode: 1266446367
 Command ::  action  on  class Mock for WfTaskAjax, hashCode: 1960746771
 Command ::  executeAction  on  class Mock for WfTaskAjax, hashCode: 1960746771
 Command ::  executeActions  on  class Mock for WfTaskAjax, hashCode: 1960746771
 Command ::  action  on  class Mock for WfRoleStoreAjax, hashCode: 2030357696
 Command ::  assignable  on  class Mock for WfRoleStoreAjax, hashCode: 2030357696
 Command ::  rolesToJson  on  class Mock for WfRoleStoreAjax, hashCode: 2030357696
 Command ::  save  on  class Mock for WfSchemeAjax, hashCode: 972320605
 Command ::  action  on  class Mock for WfSchemeAjax, hashCode: 972320605
 Command ::  add  on  class Mock for WfActionClassAjax, hashCode: 1171525343
 Command ::  action  on  class Mock for WfActionClassAjax, hashCode: 1171525343
 Command ::  reorder  on  class Mock for WfActionClassAjax, hashCode: 1171525343
 Command ::  delete  on  class Mock for WfActionClassAjax, hashCode: 1171525343
 Command ::  save  on  class Mock for WfActionClassAjax, hashCode: 1171525343
]]></system-out>
  <system-err><![CDATA[]]></system-err>
</testsuite>
