<?xml version="1.0" encoding="UTF-8"?>
<testsuite name="com.dotcms.auth.providers.jwt.factories.SecretKeySpecFactoryTest" tests="1" skipped="0" failures="0" errors="0" timestamp="2023-06-30T17:18:39" hostname="fv-az268-64" time="1.632">
  <properties/>
  <testcase name="readAndPrepareSecret" classname="com.dotcms.auth.providers.jwt.factories.SecretKeySpecFactoryTest" time="1.632"/>
  <system-out><![CDATA[1d3f5eebc378154ea76aabf439a1780f0ddaf547a45806626ed039f326f75a5c07cc677f0225736492e01c7a2c4d501f6bbd03470f1051bd493e1c8e2a8f6b27
MySecretKey2
MySecretKey3
MySecretKey3
9e0f4e86016e9ad182f10a85795e2313eda1f9d16e20a8776a3f831fdda6479089ae82810115bf43f3c158caab63b2e30eccdbe5f728b62c19f33d80825681ca
a52cdec6751ce9ff1a573ce5a367e87aa9a95bd7131fefb17cf0337b5137d35c719054be0f01c8ed67505becfb3f0c7a7ef0d44eee39593611ceb21b6bf52d67
d034fa34ec3dfca55e655fb8a873a292aadb1fcb06141926e4ab95d149c6e655beabbf15a5b897809b2df99d73c9710587101ba4e43009ade4efbbf286fb3b98
]]></system-out>
  <system-err><![CDATA[]]></system-err>
</testsuite>
