<?xml version="1.0" encoding="UTF-8"?>
<testsuite name="com.dotmarketing.portlets.osgi.AJAX.OSGIBaseAJAXTest" tests="3" skipped="0" failures="0" errors="0" timestamp="2023-07-05T16:03:14" hostname="fv-az370-222" time="0.104">
  <properties/>
  <testcase name="TestOnNullCallTheDefaultCommand" classname="com.dotmarketing.portlets.osgi.AJAX.OSGIBaseAJAXTest" time="0.067"/>
  <testcase name="TestNotAllowedCommands" classname="com.dotmarketing.portlets.osgi.AJAX.OSGIBaseAJAXTest" time="0.003"/>
  <testcase name="TestAllowedCommands" classname="com.dotmarketing.portlets.osgi.AJAX.OSGIBaseAJAXTest" time="0.025"/>
  <system-out><![CDATA[ Command ::  forbiddenMethod  on  class Mock for OSGIAJAX, hashCode: 934751778
 Command ::  stop  on  class Mock for OSGIAJAX, hashCode: 1511953759
 Command ::  undeploy  on  class Mock for OSGIAJAX, hashCode: 1511953759
 Command ::  modifyExtraPackages  on  class Mock for OSGIAJAX, hashCode: 1511953759
 Command ::  deploy  on  class Mock for OSGIAJAX, hashCode: 1511953759
 Command ::  remove  on  class Mock for OSGIAJAX, hashCode: 1511953759
 Command ::  getExtraPackages  on  class Mock for OSGIAJAX, hashCode: 1511953759
 Command ::  action  on  class Mock for OSGIAJAX, hashCode: 1511953759
 Command ::  restart  on  class Mock for OSGIAJAX, hashCode: 1511953759
 Command ::  start  on  class Mock for OSGIAJAX, hashCode: 1511953759
 Command ::  add  on  class Mock for OSGIAJAX, hashCode: 1511953759
]]></system-out>
  <system-err><![CDATA[]]></system-err>
</testsuite>
