<?xml version="1.0" encoding="UTF-8"?>
<testsuite name="com.dotcms.auth.providers.jwt.factories.SecretKeySpecFactoryTest" tests="1" skipped="0" failures="0" errors="0" timestamp="2023-07-05T17:46:28" hostname="fv-az617-863" time="2.004">
  <properties/>
  <testcase name="readAndPrepareSecret" classname="com.dotcms.auth.providers.jwt.factories.SecretKeySpecFactoryTest" time="2.004"/>
  <system-out><![CDATA[df429f4ef8de703a764c4e8fffba40ef147fd074c0521db2c12c3a3bd1029389fb8ebdeaf076b57549474b3721ad4fd8c097d58ab3cd305abb8bc40cdba956b7
MySecretKey2
MySecretKey3
MySecretKey3
38ac21a9067e1a286455cedaa86a07fb728cf589aa33c7c59385c03c1869f4db6d7ad5eff848c259ef4f424d044d0674072ba9d3aec07802fa5db3b1ce7db034
5e9917a0150888f85d5354a88414adfbe431e81581daa2e0dce432a542448b756d6c972be65ab2119017485421b97239e529d793939d4c6d0e85bc0002261cb3
1cb31c05aacbc8c54711f2b21797a45ef5f703dfc763a51d8a2fba4ab1ea188619fdf8fe653e7a80af17d83feaee3c8c336b9d89f5a0e3b8d7e26503f55fca5a
]]></system-out>
  <system-err><![CDATA[]]></system-err>
</testsuite>
