<?xml version="1.0" encoding="UTF-8"?>
<testsuite name="com.dotcms.util.diff.DiffCommandTest" tests="2" skipped="0" failures="0" errors="0" timestamp="2023-06-29T04:47:13" hostname="fv-az392-685" time="0.008">
  <properties/>
  <testcase name="applyDiff_Comparable" classname="com.dotcms.util.diff.DiffCommandTest" time="0.006"/>
  <testcase name="applyDiff_Differentiable" classname="com.dotcms.util.diff.DiffCommandTest" time="0.002"/>
  <system-out><![CDATA[{six=six, five=five}
{two=two}
{four=fourxxx, one=onexxx}
{six=com.dotcms.util.diff.DiffCommandTest$StringDifferentiable@1f52dde9, five=com.dotcms.util.diff.DiffCommandTest$StringDifferentiable@2db659ba}
{two=com.dotcms.util.diff.DiffCommandTest$StringDifferentiable@43507478}
{four=com.dotcms.util.diff.DiffCommandTest$StringDifferentiable@5240fa3b, one=com.dotcms.util.diff.DiffCommandTest$StringDifferentiable@5bf4d80f}
]]></system-out>
  <system-err><![CDATA[]]></system-err>
</testsuite>
