<?xml version="1.0" encoding="UTF-8"?>
<testsuite name="com.dotmarketing.portlets.workflows.ajax.WfBaseActionTest" tests="3" skipped="0" failures="0" errors="0" timestamp="2023-07-12T17:36:59" hostname="fv-az575-226" time="0.21">
  <properties/>
  <testcase name="TestOnNullCallTheDefaultCommand" classname="com.dotmarketing.portlets.workflows.ajax.WfBaseActionTest" time="0.166"/>
  <testcase name="TestNotAllowedCommands" classname="com.dotmarketing.portlets.workflows.ajax.WfBaseActionTest" time="0.009"/>
  <testcase name="TestAllowedCommands" classname="com.dotmarketing.portlets.workflows.ajax.WfBaseActionTest" time="0.035"/>
  <system-out><![CDATA[ Command ::  forbiddenMethod  on  class Mock for WfSchemeAjax, hashCode: 1076220011
 Command ::  forbiddenMethod  on  class Mock for WfActionClassAjax, hashCode: 677958822
 Command ::  forbiddenMethod  on  class Mock for WfActionAjax, hashCode: 1839191304
 Command ::  forbiddenMethod  on  class Mock for WfTaskAjax, hashCode: 465820913
 Command ::  forbiddenMethod  on  class Mock for WfRoleStoreAjax, hashCode: 886083976
 Command ::  action  on  class Mock for WfSchemeAjax, hashCode: 1136383224
 Command ::  save  on  class Mock for WfSchemeAjax, hashCode: 1136383224
 Command ::  save  on  class Mock for WfActionClassAjax, hashCode: 1973054972
 Command ::  delete  on  class Mock for WfActionClassAjax, hashCode: 1973054972
 Command ::  reorder  on  class Mock for WfActionClassAjax, hashCode: 1973054972
 Command ::  action  on  class Mock for WfActionClassAjax, hashCode: 1973054972
 Command ::  add  on  class Mock for WfActionClassAjax, hashCode: 1973054972
 Command ::  deleteActionForStep  on  class Mock for WfActionAjax, hashCode: 2001102581
 Command ::  add  on  class Mock for WfActionAjax, hashCode: 2001102581
 Command ::  action  on  class Mock for WfActionAjax, hashCode: 2001102581
 Command ::  reorder  on  class Mock for WfActionAjax, hashCode: 2001102581
 Command ::  delete  on  class Mock for WfActionAjax, hashCode: 2001102581
 Command ::  save  on  class Mock for WfActionAjax, hashCode: 2001102581
 Command ::  executeActions  on  class Mock for WfTaskAjax, hashCode: 1507557424
 Command ::  executeAction  on  class Mock for WfTaskAjax, hashCode: 1507557424
 Command ::  action  on  class Mock for WfTaskAjax, hashCode: 1507557424
 Command ::  rolesToJson  on  class Mock for WfRoleStoreAjax, hashCode: 1194700937
 Command ::  assignable  on  class Mock for WfRoleStoreAjax, hashCode: 1194700937
 Command ::  action  on  class Mock for WfRoleStoreAjax, hashCode: 1194700937
]]></system-out>
  <system-err><![CDATA[]]></system-err>
</testsuite>
