<?xml version="1.0" encoding="UTF-8"?>
<testsuite name="com.dotcms.auth.providers.jwt.factories.SecretKeySpecFactoryTest" tests="1" skipped="0" failures="0" errors="0" timestamp="2023-06-30T20:36:14" hostname="fv-az339-353" time="1.574">
  <properties/>
  <testcase name="readAndPrepareSecret" classname="com.dotcms.auth.providers.jwt.factories.SecretKeySpecFactoryTest" time="1.574"/>
  <system-out><![CDATA[2ea9652bfdef24b71df422954fc62a2e478885fa66265baac5c41151db26baf2b6b7e2523fefd54415a16fc9d845bd76557d3ea626120fcafab3fedc1a17fd80
MySecretKey2
MySecretKey3
MySecretKey3
9a5873a0f85a4b21a18a23e286e992882f5f1f965bcc393880d832c1f07d7ec3029c82eed3aa532867183d13ceea03036d2968c24bd6747ae85d92b152b02e51
99f4ccf4272951f7430d8741b0a9aac05f7c5df16a744031b119ed5e3f933307f26d39297f8d7e015c67fcfe7836ea873a0cf51f57e117760d1df097cb174ca3
285bc3f99efc77c0563fe700e857d150830d049b96fb1d5958b4a22bc599e8467304677019db4ba883f72de59c936bd5262d581cb5d7218218fa53ce45c9b92a
]]></system-out>
  <system-err><![CDATA[]]></system-err>
</testsuite>
