<?xml version="1.0" encoding="UTF-8"?>
<testsuite name="com.dotcms.util.diff.DiffCommandTest" tests="2" skipped="0" failures="0" errors="0" timestamp="2023-07-14T18:14:27" hostname="fv-az442-494" time="0.008">
  <properties/>
  <testcase name="applyDiff_Comparable" classname="com.dotcms.util.diff.DiffCommandTest" time="0.008"/>
  <testcase name="applyDiff_Differentiable" classname="com.dotcms.util.diff.DiffCommandTest" time="0.0"/>
  <system-out><![CDATA[{six=six, five=five}
{two=two}
{four=fourxxx, one=onexxx}
{six=com.dotcms.util.diff.DiffCommandTest$StringDifferentiable@76906a4b, five=com.dotcms.util.diff.DiffCommandTest$StringDifferentiable@23330d77}
{two=com.dotcms.util.diff.DiffCommandTest$StringDifferentiable@78857f4b}
{four=com.dotcms.util.diff.DiffCommandTest$StringDifferentiable@7afb2176, one=com.dotcms.util.diff.DiffCommandTest$StringDifferentiable@f4cde50}
]]></system-out>
  <system-err><![CDATA[]]></system-err>
</testsuite>
