<?xml version="1.0" encoding="UTF-8"?>
<testsuite name="com.dotcms.auth.providers.jwt.factories.SecretKeySpecFactoryTest" tests="1" skipped="0" failures="0" errors="0" timestamp="2023-07-17T23:06:47" hostname="fv-az397-831" time="1.42">
  <properties/>
  <testcase name="readAndPrepareSecret" classname="com.dotcms.auth.providers.jwt.factories.SecretKeySpecFactoryTest" time="1.42"/>
  <system-out><![CDATA[380b98459cce9f0d8a3851fdddc51a230f569d373913a07070be5cd373e2edb2993a4fc1656584860601e90f2745e3c841dc5f9d97dd37ad7014743d934646aa
MySecretKey2
MySecretKey3
MySecretKey3
f00e5921b5fa2ddd6e92cb0ff7691cabeab6731eb2ff05514f1a4c461728fd63073fd7eeae01ca34400309226bd9fe0cc6372bf332cb47b9537143d61038bc71
5a83c8e3aeee4553364e13b4316783df1a15dd54f1043c12fe74c4ddf63f0d25dbf4562b69adb2aaa70b98b18989bc67732fdf71c1b66cf244fc459dd1868961
e281c56a19ac6eeda7c5fb2569feff507abfe1932ba3fac6d4487725400a97367d5080649abcb3873ead92210b3388df82ee04202ae7a89def61ebb86cd627c3
]]></system-out>
  <system-err><![CDATA[]]></system-err>
</testsuite>
