<?xml version="1.0" encoding="UTF-8"?>
<testsuite name="com.dotcms.util.diff.DiffCommandTest" tests="2" skipped="0" failures="0" errors="0" timestamp="2023-07-11T05:46:20" hostname="fv-az612-31" time="0.007">
  <properties/>
  <testcase name="applyDiff_Comparable" classname="com.dotcms.util.diff.DiffCommandTest" time="0.006"/>
  <testcase name="applyDiff_Differentiable" classname="com.dotcms.util.diff.DiffCommandTest" time="0.001"/>
  <system-out><![CDATA[{six=six, five=five}
{two=two}
{four=fourxxx, one=onexxx}
{six=com.dotcms.util.diff.DiffCommandTest$StringDifferentiable@77112b3f, five=com.dotcms.util.diff.DiffCommandTest$StringDifferentiable@3969f1bd}
{two=com.dotcms.util.diff.DiffCommandTest$StringDifferentiable@780cb2b3}
{four=com.dotcms.util.diff.DiffCommandTest$StringDifferentiable@72d9d288, one=com.dotcms.util.diff.DiffCommandTest$StringDifferentiable@c6f573f}
]]></system-out>
  <system-err><![CDATA[]]></system-err>
</testsuite>
