<?xml version="1.0" encoding="UTF-8"?>
<testsuite name="com.dotmarketing.portlets.workflows.ajax.WfBaseActionTest" tests="3" skipped="0" failures="0" errors="0" timestamp="2023-06-29T19:43:56" hostname="fv-az402-651" time="0.374">
  <properties/>
  <testcase name="TestOnNullCallTheDefaultCommand" classname="com.dotmarketing.portlets.workflows.ajax.WfBaseActionTest" time="0.205"/>
  <testcase name="TestNotAllowedCommands" classname="com.dotmarketing.portlets.workflows.ajax.WfBaseActionTest" time="0.112"/>
  <testcase name="TestAllowedCommands" classname="com.dotmarketing.portlets.workflows.ajax.WfBaseActionTest" time="0.052"/>
  <system-out><![CDATA[ Command ::  forbiddenMethod  on  class Mock for WfActionClassAjax, hashCode: 1305185408
 Command ::  forbiddenMethod  on  class Mock for WfSchemeAjax, hashCode: 343123756
 Command ::  forbiddenMethod  on  class Mock for WfRoleStoreAjax, hashCode: 345491262
 Command ::  forbiddenMethod  on  class Mock for WfActionAjax, hashCode: 1770860877
 Command ::  forbiddenMethod  on  class Mock for WfTaskAjax, hashCode: 156135639
 Command ::  delete  on  class Mock for WfActionClassAjax, hashCode: 479702799
 Command ::  reorder  on  class Mock for WfActionClassAjax, hashCode: 479702799
 Command ::  action  on  class Mock for WfActionClassAjax, hashCode: 479702799
 Command ::  add  on  class Mock for WfActionClassAjax, hashCode: 479702799
 Command ::  save  on  class Mock for WfActionClassAjax, hashCode: 479702799
 Command ::  action  on  class Mock for WfSchemeAjax, hashCode: 1650345517
 Command ::  save  on  class Mock for WfSchemeAjax, hashCode: 1650345517
 Command ::  rolesToJson  on  class Mock for WfRoleStoreAjax, hashCode: 71596557
 Command ::  assignable  on  class Mock for WfRoleStoreAjax, hashCode: 71596557
 Command ::  action  on  class Mock for WfRoleStoreAjax, hashCode: 71596557
 Command ::  deleteActionForStep  on  class Mock for WfActionAjax, hashCode: 45738984
 Command ::  add  on  class Mock for WfActionAjax, hashCode: 45738984
 Command ::  action  on  class Mock for WfActionAjax, hashCode: 45738984
 Command ::  reorder  on  class Mock for WfActionAjax, hashCode: 45738984
 Command ::  delete  on  class Mock for WfActionAjax, hashCode: 45738984
 Command ::  save  on  class Mock for WfActionAjax, hashCode: 45738984
 Command ::  action  on  class Mock for WfTaskAjax, hashCode: 1626338156
 Command ::  executeActions  on  class Mock for WfTaskAjax, hashCode: 1626338156
 Command ::  executeAction  on  class Mock for WfTaskAjax, hashCode: 1626338156
]]></system-out>
  <system-err><![CDATA[]]></system-err>
</testsuite>
