<?xml version="1.0" encoding="UTF-8"?>
<testsuite name="com.dotmarketing.portlets.workflows.ajax.WfBaseActionTest" tests="3" skipped="0" failures="0" errors="0" timestamp="2023-07-19T14:35:34" hostname="fv-az792-222" time="0.175">
  <properties/>
  <testcase name="TestOnNullCallTheDefaultCommand" classname="com.dotmarketing.portlets.workflows.ajax.WfBaseActionTest" time="0.145"/>
  <testcase name="TestNotAllowedCommands" classname="com.dotmarketing.portlets.workflows.ajax.WfBaseActionTest" time="0.009"/>
  <testcase name="TestAllowedCommands" classname="com.dotmarketing.portlets.workflows.ajax.WfBaseActionTest" time="0.019"/>
  <system-out><![CDATA[ Command ::  forbiddenMethod  on  class Mock for WfTaskAjax, hashCode: 1266446367
 Command ::  forbiddenMethod  on  class Mock for WfActionClassAjax, hashCode: 229729250
 Command ::  forbiddenMethod  on  class Mock for WfSchemeAjax, hashCode: 568939032
 Command ::  forbiddenMethod  on  class Mock for WfRoleStoreAjax, hashCode: 1928748057
 Command ::  forbiddenMethod  on  class Mock for WfActionAjax, hashCode: 2030357696
 Command ::  executeAction  on  class Mock for WfTaskAjax, hashCode: 972320605
 Command ::  executeActions  on  class Mock for WfTaskAjax, hashCode: 972320605
 Command ::  action  on  class Mock for WfTaskAjax, hashCode: 972320605
 Command ::  add  on  class Mock for WfActionClassAjax, hashCode: 730816979
 Command ::  action  on  class Mock for WfActionClassAjax, hashCode: 730816979
 Command ::  reorder  on  class Mock for WfActionClassAjax, hashCode: 730816979
 Command ::  delete  on  class Mock for WfActionClassAjax, hashCode: 730816979
 Command ::  save  on  class Mock for WfActionClassAjax, hashCode: 730816979
 Command ::  save  on  class Mock for WfSchemeAjax, hashCode: 968206861
 Command ::  action  on  class Mock for WfSchemeAjax, hashCode: 968206861
 Command ::  action  on  class Mock for WfRoleStoreAjax, hashCode: 1726617412
 Command ::  assignable  on  class Mock for WfRoleStoreAjax, hashCode: 1726617412
 Command ::  rolesToJson  on  class Mock for WfRoleStoreAjax, hashCode: 1726617412
 Command ::  save  on  class Mock for WfActionAjax, hashCode: 1584755262
 Command ::  delete  on  class Mock for WfActionAjax, hashCode: 1584755262
 Command ::  reorder  on  class Mock for WfActionAjax, hashCode: 1584755262
 Command ::  action  on  class Mock for WfActionAjax, hashCode: 1584755262
 Command ::  add  on  class Mock for WfActionAjax, hashCode: 1584755262
 Command ::  deleteActionForStep  on  class Mock for WfActionAjax, hashCode: 1584755262
]]></system-out>
  <system-err><![CDATA[]]></system-err>
</testsuite>
