<?xml version="1.0" encoding="UTF-8"?>
<testsuite name="com.dotcms.auth.providers.jwt.factories.SecretKeySpecFactoryTest" tests="1" skipped="0" failures="0" errors="0" timestamp="2023-07-20T18:40:47" hostname="fv-az446-20" time="1.461">
  <properties/>
  <testcase name="readAndPrepareSecret" classname="com.dotcms.auth.providers.jwt.factories.SecretKeySpecFactoryTest" time="1.461"/>
  <system-out><![CDATA[13f7909eb80813e02264cbe0f52ceb115bf139c85a55db1f1ca20b7f924e2fc7c55fb9449b4127403b62fd17a90fffa84c9d9b168da0affc51c436038569a47f
MySecretKey2
MySecretKey3
MySecretKey3
5be48e76cccbd44f86e46d362931feedd85fa5a335a5b9d553aa03594d05daf71f15aff7e0b5952e803e624307d8d5e74f21a948f12b5b6042c1fbd0c49de43c
490ddf1053ac9ba3c7491b621681eb47419cfb1de1490d9d91b49d8d30a3d5de7a54f5808debce8891b5f44253c421ff3305a1494b3bf1c1eaf7937b1f9d28ea
d3b761cb422eadb6dcb2b93a9e7876d7d22d6193fa57811238ee23883f6955c798748e4946dbe75e82ef3804b3608e7901a5e01b7958a2de82026fed04990303
]]></system-out>
  <system-err><![CDATA[]]></system-err>
</testsuite>
