<?xml version="1.0" encoding="UTF-8"?>
<testsuite name="com.dotmarketing.portlets.workflows.ajax.WfBaseActionTest" tests="3" skipped="0" failures="0" errors="0" timestamp="2023-07-14T17:31:05" hostname="fv-az790-550" time="0.127">
  <properties/>
  <testcase name="TestOnNullCallTheDefaultCommand" classname="com.dotmarketing.portlets.workflows.ajax.WfBaseActionTest" time="0.103"/>
  <testcase name="TestNotAllowedCommands" classname="com.dotmarketing.portlets.workflows.ajax.WfBaseActionTest" time="0.008"/>
  <testcase name="TestAllowedCommands" classname="com.dotmarketing.portlets.workflows.ajax.WfBaseActionTest" time="0.016"/>
  <system-out><![CDATA[ Command ::  forbiddenMethod  on  class Mock for WfSchemeAjax, hashCode: 104207635
 Command ::  forbiddenMethod  on  class Mock for WfActionAjax, hashCode: 1076220011
 Command ::  forbiddenMethod  on  class Mock for WfTaskAjax, hashCode: 677958822
 Command ::  forbiddenMethod  on  class Mock for WfActionClassAjax, hashCode: 1839191304
 Command ::  forbiddenMethod  on  class Mock for WfRoleStoreAjax, hashCode: 465820913
 Command ::  action  on  class Mock for WfSchemeAjax, hashCode: 886083976
 Command ::  save  on  class Mock for WfSchemeAjax, hashCode: 886083976
 Command ::  save  on  class Mock for WfActionAjax, hashCode: 1136383224
 Command ::  deleteActionForStep  on  class Mock for WfActionAjax, hashCode: 1136383224
 Command ::  add  on  class Mock for WfActionAjax, hashCode: 1136383224
 Command ::  action  on  class Mock for WfActionAjax, hashCode: 1136383224
 Command ::  reorder  on  class Mock for WfActionAjax, hashCode: 1136383224
 Command ::  delete  on  class Mock for WfActionAjax, hashCode: 1136383224
 Command ::  action  on  class Mock for WfTaskAjax, hashCode: 154291450
 Command ::  executeActions  on  class Mock for WfTaskAjax, hashCode: 154291450
 Command ::  executeAction  on  class Mock for WfTaskAjax, hashCode: 154291450
 Command ::  save  on  class Mock for WfActionClassAjax, hashCode: 978590223
 Command ::  delete  on  class Mock for WfActionClassAjax, hashCode: 978590223
 Command ::  reorder  on  class Mock for WfActionClassAjax, hashCode: 978590223
 Command ::  action  on  class Mock for WfActionClassAjax, hashCode: 978590223
 Command ::  add  on  class Mock for WfActionClassAjax, hashCode: 978590223
 Command ::  action  on  class Mock for WfRoleStoreAjax, hashCode: 781679844
 Command ::  rolesToJson  on  class Mock for WfRoleStoreAjax, hashCode: 781679844
 Command ::  assignable  on  class Mock for WfRoleStoreAjax, hashCode: 781679844
]]></system-out>
  <system-err><![CDATA[]]></system-err>
</testsuite>
