<?xml version="1.0" encoding="UTF-8"?>
<testsuite name="com.dotcms.auth.providers.jwt.factories.SecretKeySpecFactoryTest" tests="1" skipped="0" failures="0" errors="0" timestamp="2023-07-11T22:56:38" hostname="fv-az955-798" time="1.557">
  <properties/>
  <testcase name="readAndPrepareSecret" classname="com.dotcms.auth.providers.jwt.factories.SecretKeySpecFactoryTest" time="1.557"/>
  <system-out><![CDATA[f21d7bd020864d1be5a13f7b85e03df172e0b4505a15121b98b8ccc79f782602e7c46b9753a27420281981f131e77546089e84111aac920e90810309240fac49
MySecretKey2
MySecretKey3
MySecretKey3
7dd109564bc008e2e67ddf364a6bf8d80e5288ab352786418b533d26561f7da90ef6f99be3ca498b804827c844bfbc913b27994e834b8d62fc6bd94f67ef2d0c
e404c2fe853f138eeee1f2d64eda3a37d8e52645ce75e4f97198c857ad822ce61f1bdefa9fd468cb2e3a2abd3c76e31efb6fccb5b65b38516c9f640e5ce1dd55
ecbf054dc85d387ad19386330ff80d11ddfd0c7c10619d3eb93df99cc286bddd66b3eae1d12162c50dced6199124e51ce92d20811b08e89bc7ef8280a26189ab
]]></system-out>
  <system-err><![CDATA[]]></system-err>
</testsuite>
