<?xml version="1.0" encoding="UTF-8"?>
<testsuite name="com.dotmarketing.portlets.workflows.ajax.WfBaseActionTest" tests="3" skipped="0" failures="0" errors="0" timestamp="2023-06-27T18:07:08" hostname="fv-az951-711" time="0.442">
  <properties/>
  <testcase name="TestOnNullCallTheDefaultCommand" classname="com.dotmarketing.portlets.workflows.ajax.WfBaseActionTest" time="0.399"/>
  <testcase name="TestNotAllowedCommands" classname="com.dotmarketing.portlets.workflows.ajax.WfBaseActionTest" time="0.012"/>
  <testcase name="TestAllowedCommands" classname="com.dotmarketing.portlets.workflows.ajax.WfBaseActionTest" time="0.03"/>
  <system-out><![CDATA[ Command ::  forbiddenMethod  on  class Mock for WfTaskAjax, hashCode: 1171694457
 Command ::  forbiddenMethod  on  class Mock for WfSchemeAjax, hashCode: 1809125326
 Command ::  forbiddenMethod  on  class Mock for WfActionClassAjax, hashCode: 120157926
 Command ::  forbiddenMethod  on  class Mock for WfRoleStoreAjax, hashCode: 2057874116
 Command ::  forbiddenMethod  on  class Mock for WfActionAjax, hashCode: 1741677242
 Command ::  executeActions  on  class Mock for WfTaskAjax, hashCode: 1648233214
 Command ::  action  on  class Mock for WfTaskAjax, hashCode: 1648233214
 Command ::  executeAction  on  class Mock for WfTaskAjax, hashCode: 1648233214
 Command ::  save  on  class Mock for WfSchemeAjax, hashCode: 514401957
 Command ::  action  on  class Mock for WfSchemeAjax, hashCode: 514401957
 Command ::  add  on  class Mock for WfActionClassAjax, hashCode: 2021997414
 Command ::  action  on  class Mock for WfActionClassAjax, hashCode: 2021997414
 Command ::  reorder  on  class Mock for WfActionClassAjax, hashCode: 2021997414
 Command ::  delete  on  class Mock for WfActionClassAjax, hashCode: 2021997414
 Command ::  save  on  class Mock for WfActionClassAjax, hashCode: 2021997414
 Command ::  action  on  class Mock for WfRoleStoreAjax, hashCode: 1177589198
 Command ::  assignable  on  class Mock for WfRoleStoreAjax, hashCode: 1177589198
 Command ::  rolesToJson  on  class Mock for WfRoleStoreAjax, hashCode: 1177589198
 Command ::  save  on  class Mock for WfActionAjax, hashCode: 418989507
 Command ::  delete  on  class Mock for WfActionAjax, hashCode: 418989507
 Command ::  reorder  on  class Mock for WfActionAjax, hashCode: 418989507
 Command ::  action  on  class Mock for WfActionAjax, hashCode: 418989507
 Command ::  add  on  class Mock for WfActionAjax, hashCode: 418989507
 Command ::  deleteActionForStep  on  class Mock for WfActionAjax, hashCode: 418989507
]]></system-out>
  <system-err><![CDATA[]]></system-err>
</testsuite>
