<?xml version="1.0" encoding="UTF-8"?>
<testsuite name="com.dotcms.concurrent.DotConcurrentFactoryTest" tests="7" skipped="0" failures="0" errors="0" timestamp="2023-06-29T19:41:11" hostname="fv-az402-651" time="56.785">
  <properties/>
  <testcase name="testDefaultOne_Submitter_Config_shutdown_keep_config" classname="com.dotcms.concurrent.DotConcurrentFactoryTest" time="15.275"/>
  <testcase name="testDefaultOne_Submitter_Config" classname="com.dotcms.concurrent.DotConcurrentFactoryTest" time="10.233"/>
  <testcase name="test_delayed_queue" classname="com.dotcms.concurrent.DotConcurrentFactoryTest" time="2.001"/>
  <testcase name="testDefaultOne" classname="com.dotcms.concurrent.DotConcurrentFactoryTest" time="2.22"/>
  <testcase name="test_Conditional_Submitter" classname="com.dotcms.concurrent.DotConcurrentFactoryTest" time="16.014"/>
  <testcase name="testDefaultOne_Single_Submitter_Config" classname="com.dotcms.concurrent.DotConcurrentFactoryTest" time="10.01"/>
  <testcase name="testSubmit_Single_Submitter_Config" classname="com.dotcms.concurrent.DotConcurrentFactoryTest" time="1.032"/>
  <system-out><![CDATA[DotConcurrentImpl{threadPoolExecutor=name = testsubmitter {com.dotcms.concurrent.DotConcurrentFactory$DotThreadPoolExecutor@1e5c691e[Running, pool size = 0, active threads = 0, queued tasks = 0, completed tasks = 0]}
MaximumPoolSize=4
keepAliveMillis=60000
queue=[]
shutdown=false}
DotConcurrentImpl{threadPoolExecutor=name = testsubmitter {com.dotcms.concurrent.DotConcurrentFactory$DotThreadPoolExecutor@1e5c691e[Running, pool size = 0, active threads = 0, queued tasks = 0, completed tasks = 0]}
MaximumPoolSize=4
keepAliveMillis=60000
queue=[]
shutdown=false}
DotConcurrentImpl{threadPoolExecutor=name = testsubmitter {com.dotcms.concurrent.DotConcurrentFactory$DotThreadPoolExecutor@1e5c691e[Running, pool size = 2, active threads = 2, queued tasks = 8, completed tasks = 0]}
MaximumPoolSize=4
keepAliveMillis=60000
queue=[com.dotcms.concurrent.DotConcurrentFactoryTest$PrintTask@76ac879c, com.dotcms.concurrent.DotConcurrentFactoryTest$PrintTask@5fe6174b, com.dotcms.concurrent.DotConcurrentFactoryTest$PrintTask@6466b83b, com.dotcms.concurrent.DotConcurrentFactoryTest$PrintTask@43ca1669, com.dotcms.concurrent.DotConcurrentFactoryTest$PrintTask@51c8e9eb, com.dotcms.concurrent.DotConcurrentFactoryTest$PrintTask@3efbe0d6, com.dotcms.concurrent.DotConcurrentFactoryTest$PrintTask@6f8d3052, com.dotcms.concurrent.DotConcurrentFactoryTest$PrintTask@7ce71a94]
shutdown=false}
DotConcurrentImpl{threadPoolExecutor=name = testsubmitter {com.dotcms.concurrent.DotConcurrentFactory$DotThreadPoolExecutor@1e5c691e[Running, pool size = 2, active threads = 2, queued tasks = 18, completed tasks = 0]}
MaximumPoolSize=4
keepAliveMillis=60000
queue=[com.dotcms.concurrent.DotConcurrentFactoryTest$PrintTask@76ac879c, com.dotcms.concurrent.DotConcurrentFactoryTest$PrintTask@5fe6174b, com.dotcms.concurrent.DotConcurrentFactoryTest$PrintTask@6466b83b, com.dotcms.concurrent.DotConcurrentFactoryTest$PrintTask@43ca1669, com.dotcms.concurrent.DotConcurrentFactoryTest$PrintTask@51c8e9eb, com.dotcms.concurrent.DotConcurrentFactoryTest$PrintTask@3efbe0d6, com.dotcms.concurrent.DotConcurrentFactoryTest$PrintTask@6f8d3052, com.dotcms.concurrent.DotConcurrentFactoryTest$PrintTask@7ce71a94, com.dotcms.concurrent.DotConcurrentFactoryTest$PrintTask@6af62352, com.dotcms.concurrent.DotConcurrentFactoryTest$PrintTask@b6a938a, com.dotcms.concurrent.DotConcurrentFactoryTest$PrintTask@d632d15, com.dotcms.concurrent.DotConcurrentFactoryTest$PrintTask@4914b597, com.dotcms.concurrent.DotConcurrentFactoryTest$PrintTask@12a3f354, com.dotcms.concurrent.DotConcurrentFactoryTest$PrintTask@4d8ad449, com.dotcms.concurrent.DotConcurrentFactoryTest$PrintTask@59155368, com.dotcms.concurrent.DotConcurrentFactoryTest$PrintTask@35c1fdd0, com.dotcms.concurrent.DotConcurrentFactoryTest$PrintTask@3875816f, com.dotcms.concurrent.DotConcurrentFactoryTest$PrintTask@234632b4]
shutdown=false}
DotConcurrentImpl{threadPoolExecutor=name = testsubmitter {com.dotcms.concurrent.DotConcurrentFactory$DotThreadPoolExecutor@1e5c691e[Running, pool size = 2, active threads = 2, queued tasks = 28, completed tasks = 0]}
MaximumPoolSize=4
keepAliveMillis=60000
queue=[com.dotcms.concurrent.DotConcurrentFactoryTest$PrintTask@76ac879c, com.dotcms.concurrent.DotConcurrentFactoryTest$PrintTask@5fe6174b, com.dotcms.concurrent.DotConcurrentFactoryTest$PrintTask@6466b83b, com.dotcms.concurrent.DotConcurrentFactoryTest$PrintTask@43ca1669, com.dotcms.concurrent.DotConcurrentFactoryTest$PrintTask@51c8e9eb, com.dotcms.concurrent.DotConcurrentFactoryTest$PrintTask@3efbe0d6, com.dotcms.concurrent.DotConcurrentFactoryTest$PrintTask@6f8d3052, com.dotcms.concurrent.DotConcurrentFactoryTest$PrintTask@7ce71a94, com.dotcms.concurrent.DotConcurrentFactoryTest$PrintTask@6af62352, com.dotcms.concurrent.DotConcurrentFactoryTest$PrintTask@b6a938a, com.dotcms.concurrent.DotConcurrentFactoryTest$PrintTask@d632d15, com.dotcms.concurrent.DotConcurrentFactoryTest$PrintTask@4914b597, com.dotcms.concurrent.DotConcurrentFactoryTest$PrintTask@12a3f354, com.dotcms.concurrent.DotConcurrentFactoryTest$PrintTask@4d8ad449, com.dotcms.concurrent.DotConcurrentFactoryTest$PrintTask@59155368, com.dotcms.concurrent.DotConcurrentFactoryTest$PrintTask@35c1fdd0, com.dotcms.concurrent.DotConcurrentFactoryTest$PrintTask@3875816f, com.dotcms.concurrent.DotConcurrentFactoryTest$PrintTask@234632b4, com.dotcms.concurrent.DotConcurrentFactoryTest$PrintTask@50bbaba7, com.dotcms.concurrent.DotConcurrentFactoryTest$PrintTask@6a2ef31d, com.dotcms.concurrent.DotConcurrentFactoryTest$PrintTask@7ec469ce, com.dotcms.concurrent.DotConcurrentFactoryTest$PrintTask@6c052730, com.dotcms.concurrent.DotConcurrentFactoryTest$PrintTask@616e5f84, com.dotcms.concurrent.DotConcurrentFactoryTest$PrintTask@7c45eeaf, com.dotcms.concurrent.DotConcurrentFactoryTest$PrintTask@219272f0, com.dotcms.concurrent.DotConcurrentFactoryTest$PrintTask@64ebed55, com.dotcms.concurrent.DotConcurrentFactoryTest$PrintTask@77ea0c33, com.dotcms.concurrent.DotConcurrentFactoryTest$PrintTask@2489b4f7]
shutdown=false}
Active Threads : 2
Thread0 is running
Thread1 is running
Active Threads : 2
Active Threads : 2
Active Threads : 2
Active Threads : 2
Active Threads : 2
Thread0 is running
Thread2 is running
Thread1 is running
Thread3 is running
Active Threads : 2
Active Threads : 2
Active Threads : 2
Active Threads : 2
Active Threads : 2
Thread2 is running
Thread4 is running
Thread3 is running
Thread5 is running
Active Threads : 2
Active Threads : 2
Active Threads : 2
Active Threads : 2
Thread4 is running
Thread6 is running
Active Threads : 2
Thread5 is running
Thread7 is running
Active Threads : 2
Active Threads : 2
Active Threads : 2
Active Threads : 2
Thread6 is running
Thread8 is running
Active Threads : 2
Thread7 is running
Thread9 is running
Active Threads : 2
Active Threads : 2
Active Threads : 2
Active Threads : 2
Thread8 is running
Thread10 is running
Thread9 is running
Thread11 is running
Active Threads : 2
Active Threads : 2
Active Threads : 2
Active Threads : 2
Active Threads : 2
Thread10 is running
Thread12 is running
Thread11 is running
Thread13 is running
Active Threads : 2
Active Threads : 2
Active Threads : 2
Active Threads : 2
Active Threads : 2
Thread12 is running
Thread14 is running
Thread13 is running
Thread15 is running
Active Threads : 2
Active Threads : 2
Active Threads : 2
Active Threads : 2
Active Threads : 2
Thread14 is running
Thread16 is running
Thread15 is running
Thread17 is running
Active Threads : 2
Active Threads : 2
Active Threads : 2
Active Threads : 2
Active Threads : 2
Thread16 is running
Thread18 is running
Thread17 is running
Thread19 is running
Active Threads : 2
Active Threads : 2
Active Threads : 2
Active Threads : 2
Active Threads : 2
Thread18 is running
Thread20 is running
Thread19 is running
Thread21 is running
Active Threads : 2
Active Threads : 2
Active Threads : 2
Active Threads : 2
Active Threads : 2
Thread20 is running
Thread22 is running
Thread21 is running
Thread23 is running
Active Threads : 2
Active Threads : 2
Active Threads : 2
Active Threads : 2
Active Threads : 2
Thread22 is running
Thread24 is running
Thread23 is running
Thread25 is running
Active Threads : 2
Active Threads : 2
Active Threads : 2
Active Threads : 2
Active Threads : 2
Thread24 is running
Thread26 is running
Thread25 is running
Thread27 is running
Active Threads : 2
Active Threads : 2
Active Threads : 2
Active Threads : 2
Active Threads : 2
Thread26 is running
Thread28 is running
Thread27 is running
Thread29 is running
Active Threads : 2
Active Threads : 2
Active Threads : 2
Active Threads : 2
Active Threads : 2
Thread28 is running
Thread30 is running
Thread29 is running
Thread31 is running
Active Threads : 2
Active Threads : 2
Active Threads : 2
Active Threads : 2
Active Threads : 2
Thread30 is running
Thread32 is running
Thread31 is running
Thread33 is running
Active Threads : 2
Active Threads : 2
Active Threads : 2
Active Threads : 2
Active Threads : 2
Thread32 is running
Thread34 is running
Thread33 is running
Thread35 is running
Active Threads : 2
Active Threads : 2
Active Threads : 2
Active Threads : 2
Active Threads : 2
Thread34 is running
Thread36 is running
Thread35 is running
Thread37 is running
Active Threads : 2
Active Threads : 2
Active Threads : 2
Active Threads : 2
Active Threads : 2
Thread36 is running
Thread38 is running
Thread37 is running
Thread39 is running
Active Threads : 2
Active Threads : 2
Active Threads : 2
Active Threads : 2
Active Threads : 2
Thread38 is running
Thread39 is running
Active Threads : 0
Staring a new one submitterDotConcurrentImpl{threadPoolExecutor=name = testsubmitter {com.dotcms.concurrent.DotConcurrentFactory$DotThreadPoolExecutor@2d8491b3[Running, pool size = 0, active threads = 0, queued tasks = 0, completed tasks = 0]}
MaximumPoolSize=4
keepAliveMillis=60000
queue=[]
shutdown=false}
Thread0 is running
Active Threads : 2
Thread1 is running
Active Threads : 2
Active Threads : 2
Active Threads : 2
Active Threads : 2
Thread0 is running
Thread2 is running
Thread1 is running
Thread3 is running
Active Threads : 2
Active Threads : 2
Active Threads : 2
Active Threads : 2
Active Threads : 2
Thread2 is running
Thread4 is running
Thread3 is running
Thread5 is running
Active Threads : 2
Active Threads : 2
Active Threads : 2
Active Threads : 2
Active Threads : 2
Thread4 is running
Thread6 is running
Thread5 is running
Thread7 is running
Active Threads : 2
Active Threads : 2
Active Threads : 2
Active Threads : 2
Active Threads : 2
Thread6 is running
Thread8 is running
Thread7 is running
Thread9 is running
Active Threads : 2
Active Threads : 2
Active Threads : 2
Active Threads : 2
Active Threads : 2
Thread8 is running
Thread10 is running
Thread9 is running
Thread11 is running
Active Threads : 2
Active Threads : 2
Active Threads : 2
Active Threads : 2
Active Threads : 2
Thread10 is running
Thread11 is running
Thread12 is running
Thread13 is running
Active Threads : 2
Active Threads : 2
Active Threads : 2
Active Threads : 2
Active Threads : 2
Thread12 is running
Thread13 is running
Thread14 is running
Thread15 is running
Active Threads : 2
Active Threads : 2
Active Threads : 2
Active Threads : 2
Active Threads : 2
Thread14 is running
Thread15 is running
Thread16 is running
Thread17 is running
Active Threads : 2
Active Threads : 2
Active Threads : 2
Active Threads : 2
Active Threads : 2
Thread16 is running
Thread18 is running
Thread17 is running
Thread19 is running
Active Threads : 2
Active Threads : 2
Active Threads : 2
Active Threads : 2
Active Threads : 2
Thread18 is running
Thread19 is running
Active Threads : 0
DotConcurrentImpl{threadPoolExecutor=name = testsubmitter {com.dotcms.concurrent.DotConcurrentFactory$DotThreadPoolExecutor@403519e1[Running, pool size = 0, active threads = 0, queued tasks = 0, completed tasks = 0]}
MaximumPoolSize=4
keepAliveMillis=60000
queue=[]
shutdown=false}
DotConcurrentImpl{threadPoolExecutor=name = testsubmitter {com.dotcms.concurrent.DotConcurrentFactory$DotThreadPoolExecutor@403519e1[Running, pool size = 0, active threads = 0, queued tasks = 0, completed tasks = 0]}
MaximumPoolSize=4
keepAliveMillis=60000
queue=[]
shutdown=false}
Thread0 is running
DotConcurrentImpl{threadPoolExecutor=name = testsubmitter {com.dotcms.concurrent.DotConcurrentFactory$DotThreadPoolExecutor@403519e1[Running, pool size = 2, active threads = 2, queued tasks = 8, completed tasks = 0]}
MaximumPoolSize=4
keepAliveMillis=60000
queue=[com.dotcms.concurrent.DotConcurrentFactoryTest$PrintTask@3f1de33e, com.dotcms.concurrent.DotConcurrentFactoryTest$PrintTask@4355bea6, com.dotcms.concurrent.DotConcurrentFactoryTest$PrintTask@ce46635, com.dotcms.concurrent.DotConcurrentFactoryTest$PrintTask@23d503fc, com.dotcms.concurrent.DotConcurrentFactoryTest$PrintTask@738110ab, com.dotcms.concurrent.DotConcurrentFactoryTest$PrintTask@1d4f30f3, com.dotcms.concurrent.DotConcurrentFactoryTest$PrintTask@32b528a1, com.dotcms.concurrent.DotConcurrentFactoryTest$PrintTask@39f407e8]
shutdown=false}
DotConcurrentImpl{threadPoolExecutor=name = testsubmitter {com.dotcms.concurrent.DotConcurrentFactory$DotThreadPoolExecutor@403519e1[Running, pool size = 2, active threads = 2, queued tasks = 18, completed tasks = 0]}
MaximumPoolSize=4
keepAliveMillis=60000
queue=[com.dotcms.concurrent.DotConcurrentFactoryTest$PrintTask@3f1de33e, com.dotcms.concurrent.DotConcurrentFactoryTest$PrintTask@4355bea6, com.dotcms.concurrent.DotConcurrentFactoryTest$PrintTask@ce46635, com.dotcms.concurrent.DotConcurrentFactoryTest$PrintTask@23d503fc, com.dotcms.concurrent.DotConcurrentFactoryTest$PrintTask@738110ab, com.dotcms.concurrent.DotConcurrentFactoryTest$PrintTask@1d4f30f3, com.dotcms.concurrent.DotConcurrentFactoryTest$PrintTask@32b528a1, com.dotcms.concurrent.DotConcurrentFactoryTest$PrintTask@39f407e8, com.dotcms.concurrent.DotConcurrentFactoryTest$PrintTask@428b5c35, com.dotcms.concurrent.DotConcurrentFactoryTest$PrintTask@2627243f, com.dotcms.concurrent.DotConcurrentFactoryTest$PrintTask@3d4ce07a, com.dotcms.concurrent.DotConcurrentFactoryTest$PrintTask@249e6b7c, com.dotcms.concurrent.DotConcurrentFactoryTest$PrintTask@3c6cf12e, com.dotcms.concurrent.DotConcurrentFactoryTest$PrintTask@23f53c40, com.dotcms.concurrent.DotConcurrentFactoryTest$PrintTask@79e04774, com.dotcms.concurrent.DotConcurrentFactoryTest$PrintTask@2ef206bf, com.dotcms.concurrent.DotConcurrentFactoryTest$PrintTask@75cc77ce, com.dotcms.concurrent.DotConcurrentFactoryTest$PrintTask@7f51520b]
shutdown=false}
DotConcurrentImpl{threadPoolExecutor=name = testsubmitter {com.dotcms.concurrent.DotConcurrentFactory$DotThreadPoolExecutor@403519e1[Running, pool size = 2, active threads = 2, queued tasks = 28, completed tasks = 0]}
MaximumPoolSize=4
keepAliveMillis=60000
queue=[com.dotcms.concurrent.DotConcurrentFactoryTest$PrintTask@3f1de33e, com.dotcms.concurrent.DotConcurrentFactoryTest$PrintTask@4355bea6, com.dotcms.concurrent.DotConcurrentFactoryTest$PrintTask@ce46635, com.dotcms.concurrent.DotConcurrentFactoryTest$PrintTask@23d503fc, com.dotcms.concurrent.DotConcurrentFactoryTest$PrintTask@738110ab, com.dotcms.concurrent.DotConcurrentFactoryTest$PrintTask@1d4f30f3, com.dotcms.concurrent.DotConcurrentFactoryTest$PrintTask@32b528a1, com.dotcms.concurrent.DotConcurrentFactoryTest$PrintTask@39f407e8, com.dotcms.concurrent.DotConcurrentFactoryTest$PrintTask@428b5c35, com.dotcms.concurrent.DotConcurrentFactoryTest$PrintTask@2627243f, com.dotcms.concurrent.DotConcurrentFactoryTest$PrintTask@3d4ce07a, com.dotcms.concurrent.DotConcurrentFactoryTest$PrintTask@249e6b7c, com.dotcms.concurrent.DotConcurrentFactoryTest$PrintTask@3c6cf12e, com.dotcms.concurrent.DotConcurrentFactoryTest$PrintTask@23f53c40, com.dotcms.concurrent.DotConcurrentFactoryTest$PrintTask@79e04774, com.dotcms.concurrent.DotConcurrentFactoryTest$PrintTask@2ef206bf, com.dotcms.concurrent.DotConcurrentFactoryTest$PrintTask@75cc77ce, com.dotcms.concurrent.DotConcurrentFactoryTest$PrintTask@7f51520b, com.dotcms.concurrent.DotConcurrentFactoryTest$PrintTask@4f17172, com.dotcms.concurrent.DotConcurrentFactoryTest$PrintTask@3a0858ad, com.dotcms.concurrent.DotConcurrentFactoryTest$PrintTask@2c6c3a25, com.dotcms.concurrent.DotConcurrentFactoryTest$PrintTask@59d8e4a9, com.dotcms.concurrent.DotConcurrentFactoryTest$PrintTask@56ad6401, com.dotcms.concurrent.DotConcurrentFactoryTest$PrintTask@2e988349, com.dotcms.concurrent.DotConcurrentFactoryTest$PrintTask@63e829ad, com.dotcms.concurrent.DotConcurrentFactoryTest$PrintTask@7d0b64d5, com.dotcms.concurrent.DotConcurrentFactoryTest$PrintTask@403b9a19, com.dotcms.concurrent.DotConcurrentFactoryTest$PrintTask@2a53db9c]
shutdown=false}
Active Threads : 2
Thread1 is running
Active Threads : 2
Active Threads : 2
Active Threads : 2
Active Threads : 2
Thread0 is running
Thread2 is running
Active Threads : 2
Thread1 is running
Thread3 is running
Active Threads : 2
Active Threads : 2
Active Threads : 2
Active Threads : 2
Thread2 is running
Thread4 is running
Active Threads : 2
Thread3 is running
Thread5 is running
Active Threads : 2
Active Threads : 2
Active Threads : 2
Active Threads : 2
Thread4 is running
Thread6 is running
Active Threads : 2
Thread5 is running
Thread7 is running
Active Threads : 2
Active Threads : 2
Active Threads : 2
Active Threads : 2
Thread6 is running
Thread8 is running
Thread7 is running
Thread9 is running
Active Threads : 2
Active Threads : 2
Active Threads : 2
Active Threads : 2
Active Threads : 2
Thread8 is running
Thread10 is running
Thread9 is running
Thread11 is running
Active Threads : 2
Active Threads : 2
Active Threads : 2
Active Threads : 2
Active Threads : 2
Thread10 is running
Thread12 is running
Thread11 is running
Thread13 is running
Active Threads : 2
Active Threads : 2
Active Threads : 2
Active Threads : 2
Active Threads : 2
Thread12 is running
Thread14 is running
Thread13 is running
Thread15 is running
Active Threads : 2
Active Threads : 2
Active Threads : 2
Active Threads : 2
Active Threads : 2
Thread14 is running
Thread16 is running
Thread15 is running
Thread17 is running
Active Threads : 2
Active Threads : 2
Active Threads : 2
Active Threads : 2
Active Threads : 2
Thread16 is running
Thread18 is running
Thread17 is running
Thread19 is running
Active Threads : 2
Active Threads : 2
Active Threads : 2
Active Threads : 2
Active Threads : 2
Thread18 is running
Thread20 is running
Thread19 is running
Thread21 is running
Active Threads : 2
Active Threads : 2
Active Threads : 2
Active Threads : 2
Active Threads : 2
Thread20 is running
Thread22 is running
Thread21 is running
Thread23 is running
Active Threads : 2
Active Threads : 2
Active Threads : 2
Active Threads : 2
Active Threads : 2
Thread22 is running
Thread24 is running
Thread23 is running
Thread25 is running
Active Threads : 2
Active Threads : 2
Active Threads : 2
Active Threads : 2
Active Threads : 2
Thread24 is running
Thread26 is running
Thread25 is running
Thread27 is running
Active Threads : 2
Active Threads : 2
Active Threads : 2
Active Threads : 2
Active Threads : 2
Thread26 is running
Thread28 is running
Thread27 is running
Thread29 is running
Active Threads : 2
Active Threads : 2
Active Threads : 2
Active Threads : 2
Active Threads : 2
Thread28 is running
Thread30 is running
Thread29 is running
Thread31 is running
Active Threads : 2
Active Threads : 2
Active Threads : 2
Active Threads : 2
Active Threads : 2
Thread30 is running
Thread32 is running
Thread31 is running
Thread33 is running
Active Threads : 2
Active Threads : 2
Active Threads : 2
Active Threads : 2
Active Threads : 2
Thread32 is running
Thread34 is running
Thread33 is running
Thread35 is running
Active Threads : 2
Active Threads : 2
Active Threads : 2
Active Threads : 2
Active Threads : 2
Thread34 is running
Thread36 is running
Thread35 is running
Thread37 is running
Active Threads : 2
Active Threads : 2
Active Threads : 2
Active Threads : 2
Active Threads : 2
Thread36 is running
Thread38 is running
Thread37 is running
Thread39 is running
Active Threads : 2
Active Threads : 2
Active Threads : 2
Active Threads : 2
Active Threads : 2
Thread38 is running
Thread39 is running
Active Threads : 0
Staring a new one submitterDotConcurrentImpl{threadPoolExecutor=name = testsubmitter {com.dotcms.concurrent.DotConcurrentFactory$DotThreadPoolExecutor@403519e1[Running, pool size = 2, active threads = 0, queued tasks = 0, completed tasks = 40]}
MaximumPoolSize=4
keepAliveMillis=60000
queue=[]
shutdown=false}
Active Threads : 0
Thread0 is running
Thread1 is running
Thread0 is running
Thread2 is running
Thread1 is running
Thread3 is running
Thread2 is running
Thread4 is running
Thread3 is running
Thread5 is running
Thread4 is running
Thread6 is running
Thread5 is running
Thread7 is running
Thread6 is running
Thread8 is running
Thread7 is running
Thread9 is running
DotConcurrentImpl{threadPoolExecutor=name = dotSystemPool {com.dotcms.concurrent.DotConcurrentFactory$DotThreadPoolExecutor@32a866b9[Running, pool size = 0, active threads = 0, queued tasks = 0, completed tasks = 0]}
MaximumPoolSize=50
keepAliveMillis=60000
queue=[]
shutdown=false}
DotConcurrentImpl{threadPoolExecutor=name = dotSystemPool {com.dotcms.concurrent.DotConcurrentFactory$DotThreadPoolExecutor@32a866b9[Running, pool size = 0, active threads = 0, queued tasks = 0, completed tasks = 0]}
MaximumPoolSize=50
keepAliveMillis=60000
queue=[]
shutdown=false}
Thread0 is running
Thread1 is running
Thread2 is running
Thread3 is running
Thread4 is running
Thread5 is running
Thread6 is running
Thread7 is running
DotConcurrentImpl{threadPoolExecutor=name = dotSystemPool {com.dotcms.concurrent.DotConcurrentFactory$DotThreadPoolExecutor@32a866b9[Running, pool size = 10, active threads = 10, queued tasks = 0, completed tasks = 0]}
MaximumPoolSize=50
keepAliveMillis=60000
queue=[]
shutdown=false}
DotConcurrentImpl{threadPoolExecutor=name = dotSystemPool {com.dotcms.concurrent.DotConcurrentFactory$DotThreadPoolExecutor@32a866b9[Running, pool size = 10, active threads = 10, queued tasks = 10, completed tasks = 0]}
MaximumPoolSize=50
keepAliveMillis=60000
queue=[com.dotcms.concurrent.DotConcurrentFactoryTest$PrintTask@1c5aabe2, com.dotcms.concurrent.DotConcurrentFactoryTest$PrintTask@3b135a37, com.dotcms.concurrent.DotConcurrentFactoryTest$PrintTask@30473bdf, com.dotcms.concurrent.DotConcurrentFactoryTest$PrintTask@6adc07c3, com.dotcms.concurrent.DotConcurrentFactoryTest$PrintTask@2390a4c1, com.dotcms.concurrent.DotConcurrentFactoryTest$PrintTask@2739066, com.dotcms.concurrent.DotConcurrentFactoryTest$PrintTask@b63da34, com.dotcms.concurrent.DotConcurrentFactoryTest$PrintTask@18b2684, com.dotcms.concurrent.DotConcurrentFactoryTest$PrintTask@271b3cd8, com.dotcms.concurrent.DotConcurrentFactoryTest$PrintTask@39f568fd]
shutdown=false}
DotConcurrentImpl{threadPoolExecutor=name = dotSystemPool {com.dotcms.concurrent.DotConcurrentFactory$DotThreadPoolExecutor@32a866b9[Running, pool size = 10, active threads = 10, queued tasks = 20, completed tasks = 0]}
MaximumPoolSize=50
keepAliveMillis=60000
queue=[com.dotcms.concurrent.DotConcurrentFactoryTest$PrintTask@1c5aabe2, com.dotcms.concurrent.DotConcurrentFactoryTest$PrintTask@3b135a37, com.dotcms.concurrent.DotConcurrentFactoryTest$PrintTask@30473bdf, com.dotcms.concurrent.DotConcurrentFactoryTest$PrintTask@6adc07c3, com.dotcms.concurrent.DotConcurrentFactoryTest$PrintTask@2390a4c1, com.dotcms.concurrent.DotConcurrentFactoryTest$PrintTask@2739066, com.dotcms.concurrent.DotConcurrentFactoryTest$PrintTask@b63da34, com.dotcms.concurrent.DotConcurrentFactoryTest$PrintTask@18b2684, com.dotcms.concurrent.DotConcurrentFactoryTest$PrintTask@271b3cd8, com.dotcms.concurrent.DotConcurrentFactoryTest$PrintTask@39f568fd, com.dotcms.concurrent.DotConcurrentFactoryTest$PrintTask@2c52a78d, com.dotcms.concurrent.DotConcurrentFactoryTest$PrintTask@74b51b85, com.dotcms.concurrent.DotConcurrentFactoryTest$PrintTask@ab61437, com.dotcms.concurrent.DotConcurrentFactoryTest$PrintTask@1896371c, com.dotcms.concurrent.DotConcurrentFactoryTest$PrintTask@2141954c, com.dotcms.concurrent.DotConcurrentFactoryTest$PrintTask@7df4dbd2, com.dotcms.concurrent.DotConcurrentFactoryTest$PrintTask@47d96ff7, com.dotcms.concurrent.DotConcurrentFactoryTest$PrintTask@6e5e9ec7, com.dotcms.concurrent.DotConcurrentFactoryTest$PrintTask@43189db5, com.dotcms.concurrent.DotConcurrentFactoryTest$PrintTask@18e9f44f]
shutdown=false}
Active Threads : 10
Thread9 is running
Thread8 is running
Active Threads : 10
Active Threads : 10
Active Threads : 10
Thread8 is running
Thread10 is running
Thread9 is running
Thread11 is running
Active Threads : 10
Thread0 is running
Thread10 is running
Thread1 is running
Thread11 is running
Thread2 is running
Thread12 is running
Thread3 is running
Thread13 is running
Thread4 is running
Thread14 is running
Thread5 is running
Thread15 is running
Thread6 is running
Thread16 is running
Thread7 is running
Thread17 is running
Thread9 is running
Thread18 is running
Thread8 is running
Thread19 is running
Active Threads : 10
Active Threads : 10
Active Threads : 10
Active Threads : 10
Thread10 is running
Thread11 is running
Thread13 is running
Thread12 is running
Active Threads : 10
Thread10 is running
Thread20 is running
Thread11 is running
Thread21 is running
Thread12 is running
Thread22 is running
Thread13 is running
Thread23 is running
Thread14 is running
Thread24 is running
Thread15 is running
Thread25 is running
Thread16 is running
Thread26 is running
Thread17 is running
Thread27 is running
Thread18 is running
Thread28 is running
Thread19 is running
Thread29 is running
Active Threads : 10
Active Threads : 10
Active Threads : 10
Active Threads : 10
Thread13 is running
Thread12 is running
Thread14 is running
Thread15 is running
Active Threads : 10
Thread20 is running
Thread30 is running
Thread21 is running
Thread31 is running
Thread22 is running
Thread32 is running
Thread23 is running
Thread33 is running
Thread24 is running
Thread34 is running
Thread25 is running
Thread35 is running
Thread26 is running
Thread36 is running
Thread27 is running
Thread37 is running
Thread28 is running
Thread38 is running
Thread29 is running
Thread39 is running
Active Threads : 10
Active Threads : 10
Active Threads : 10
Active Threads : 10
Thread14 is running
Thread15 is running
Thread16 is running
Thread17 is running
Active Threads : 10
Thread30 is running
Thread31 is running
Thread32 is running
Thread33 is running
Thread34 is running
Thread35 is running
Thread36 is running
Thread37 is running
Thread38 is running
Thread39 is running
Active Threads : 0
Staring a new one submitterDotConcurrentImpl{threadPoolExecutor=name = dotSystemPool {com.dotcms.concurrent.DotConcurrentFactory$DotThreadPoolExecutor@32a866b9[Running, pool size = 10, active threads = 0, queued tasks = 0, completed tasks = 40]}
MaximumPoolSize=50
keepAliveMillis=60000
queue=[]
shutdown=false}
Active Threads : 0
Thread0 is running
Thread1 is running
Thread2 is running
Thread3 is running
Thread4 is running
Thread5 is running
Thread6 is running
Thread7 is running
Thread8 is running
Thread9 is running
Supplier1, a 1688067701540
Supplier1, a 1688067701541
Supplier1, a 1688067701541
Supplier1, a 1688067701541
Supplier1, a 1688067701542
Supplier1, a 1688067701541
Thread16 is running
Thread17 is running
Thread18 is running
Thread19 is running
Thread0 is running
Thread1 is running
Thread10 is running
Thread11 is running
Thread2 is running
Thread12 is running
Thread3 is running
Thread13 is running
Thread5 is running
Thread6 is running
Thread14 is running
Thread15 is running
Thread8 is running
Thread7 is running
Thread16 is running
Thread17 is running
Thread9 is running
Thread4 is running
Thread18 is running
Thread19 is running
Thread19 is running
Thread18 is running
Thread13 is running
Thread12 is running
Thread11 is running
Thread10 is running
Thread14 is running
Thread16 is running
Thread18 is running
Thread17 is running
Thread19 is running
Thread15 is running
Supplier1, b 1688067709547
Supplier1, b 1688067709548
Supplier1, b 1688067709548
Supplier1, b 1688067709549
Supplier1, b 1688067709548
Supplier1, b 1688067709549
Supplier1, a 1688067709549
Supplier1, a 1688067709550
Supplier1, a 1688067709550
Supplier1, a 1688067709550
Supplier1, a 1688067709550
Supplier1, a 1688067709550
Supplier1, b 1688067717550
Supplier1, b 1688067717550
Supplier1, b 1688067717550
Supplier1, b 1688067717550
Supplier1, b 1688067717550
Supplier1, b 1688067717550
com.dotcms.concurrent.DotConcurrentFactory$DotSingleSubmitterImpl@63103f17
Thread0 is running
Thread0 is running
Thread1 is running
Thread1 is running
Thread2 is running
Thread2 is running
Thread3 is running
Thread3 is running
Thread4 is running
Thread4 is running
Thread5 is running
Thread5 is running
Thread6 is running
Thread6 is running
Thread7 is running
Thread7 is running
Thread8 is running
Thread8 is running
Thread9 is running
Thread9 is running
Staring a new one submittercom.dotcms.concurrent.DotConcurrentFactory$DotSingleSubmitterImpl@63103f17
Thread0 is running
Thread0 is running
Thread1 is running
Thread1 is running
Thread2 is running
Thread2 is running
Thread3 is running
Thread3 is running
Thread4 is running
Thread4 is running
Thread5 is running
Thread5 is running
Thread6 is running
Thread6 is running
Thread7 is running
Thread7 is running
Thread8 is running
Thread8 is running
Thread9 is running
Thread9 is running
]]></system-out>
  <system-err><![CDATA[]]></system-err>
</testsuite>
