<?xml version="1.0" encoding="UTF-8"?>
<testsuite name="com.dotcms.auth.providers.jwt.factories.SecretKeySpecFactoryTest" tests="1" skipped="0" failures="0" errors="0" timestamp="2023-06-27T16:07:08" hostname="fv-az255-852" time="1.433">
  <properties/>
  <testcase name="readAndPrepareSecret" classname="com.dotcms.auth.providers.jwt.factories.SecretKeySpecFactoryTest" time="1.433"/>
  <system-out><![CDATA[a684f6e597a8d0d350779208718673b4b41198bdbf11cc53e616210eb300260289daa2b3946f5f31bd33ea2844a881b7a75d0dd286b82c8fafc85e6bd29e97a8
MySecretKey2
MySecretKey3
MySecretKey3
5e848d4ae541c8782adcbe59a4669540595cda837368f58e4813e5985483677a2fff602e90c6c3751878f57a53bd7a89a6ab10c969c90adfef63bee1a3fadcf0
35e7b99189f8b9c27f82d6c5dbd3a023c5dfc550861c1ab04dbcb24cec0478806abec398cde3b5ab1c2d47d8d8cf5fcbcf9a3a074e327e38be6ebfea91d1105a
fa26619158440552ba5c2c218ad99f99e85f2a5dd23be4723f35b2db5a61fc8ef17aeb339f68b7a3ae0f0fbb0986cc7949fd72680b6eee81c9636f3fac95321b
]]></system-out>
  <system-err><![CDATA[]]></system-err>
</testsuite>
