<?xml version="1.0" encoding="UTF-8"?>
<testsuite name="com.dotcms.util.pagination.SiteViewPaginatorUnitTest" tests="2" skipped="0" failures="0" errors="0" timestamp="2023-06-30T20:43:39" hostname="fv-az563-283" time="0.184">
  <properties/>
  <testcase name="Test_Get_Items_Sorted_Pages" classname="com.dotcms.util.pagination.SiteViewPaginatorUnitTest" time="0.135"/>
  <testcase name="Test_Get_Items_Page_Size" classname="com.dotcms.util.pagination.SiteViewPaginatorUnitTest" time="0.049"/>
  <system-out><![CDATA[SYSTEM_HOST
0
1
6
7
8
]]></system-out>
  <system-err><![CDATA[]]></system-err>
</testsuite>
