<?xml version="1.0" encoding="UTF-8"?>
<testsuite name="com.dotcms.auth.providers.jwt.factories.SecretKeySpecFactoryTest" tests="1" skipped="0" failures="0" errors="0" timestamp="2023-06-28T22:12:41" hostname="fv-az449-448" time="1.466">
  <properties/>
  <testcase name="readAndPrepareSecret" classname="com.dotcms.auth.providers.jwt.factories.SecretKeySpecFactoryTest" time="1.466"/>
  <system-out><![CDATA[1a600d8c359e8a6c1da17c278d180e1385c17e2a5a4de8147b7ef6a9cfa7e4e28d5a50c0a4b27d449249e3f847d6f944212ae44cdeb171a870ea8b7bcf6830a5
MySecretKey2
MySecretKey3
MySecretKey3
82eab449e518e0312278ad215a67fcb30b32d6c5a8763d404821fb47bc44790dfe3cf97d703a067cc51d8c0825b8f118b55f7e06026146929b5010f4d745706a
1a5d6663be132063fc1b1ddac2792ef9c586228e3f846a1cd72191ddf5978d478a09bb5f890d9cc64241bf5d4bccd707e0a0b37c94951e5eb65589da9b1bfcb4
2cad2872efd029791c28e558e7367c3069dbfab7c6319bf797a90a806e2f3019b2565fbd98c2c7bb2ee5de97da370f37f5c88fc6d7b096334bb942623fa66d6c
]]></system-out>
  <system-err><![CDATA[]]></system-err>
</testsuite>
