<?xml version="1.0" encoding="UTF-8"?>
<testsuite name="com.dotcms.rest.api.v1.workflow.WorkflowResourceTest" tests="7" skipped="0" failures="0" errors="0" timestamp="2023-07-10T20:55:57" hostname="fv-az168-868" time="0.281">
  <properties/>
  <testcase name="testEmptySchemaParameters" classname="com.dotcms.rest.api.v1.workflow.WorkflowResourceTest" time="0.02"/>
  <testcase name="testUpdateNonExistingScheme" classname="com.dotcms.rest.api.v1.workflow.WorkflowResourceTest" time="0.242"/>
  <testcase name="testUpdateScheme" classname="com.dotcms.rest.api.v1.workflow.WorkflowResourceTest" time="0.003"/>
  <testcase name="testSaveExistingSchemeDupeName" classname="com.dotcms.rest.api.v1.workflow.WorkflowResourceTest" time="0.004"/>
  <testcase name="testSaveScheme" classname="com.dotcms.rest.api.v1.workflow.WorkflowResourceTest" time="0.006"/>
  <testcase name="testNullSchemaParameters" classname="com.dotcms.rest.api.v1.workflow.WorkflowResourceTest" time="0.001"/>
  <testcase name="testSchemaEmptyParameters" classname="com.dotcms.rest.api.v1.workflow.WorkflowResourceTest" time="0.001"/>
  <system-out><![CDATA[]]></system-out>
  <system-err><![CDATA[]]></system-err>
</testsuite>
