<?xml version="1.0" encoding="UTF-8"?>
<testsuite name="com.dotmarketing.quartz.DeleteFieldJobHelperTest" tests="3" skipped="0" failures="0" errors="0" timestamp="2023-07-10T18:47:28" hostname="fv-az409-374" time="0.014">
  <properties/>
  <testcase name="testGenerateNotificationEndDeleting" classname="com.dotmarketing.quartz.DeleteFieldJobHelperTest" time="0.012"/>
  <testcase name="testGenerateNotificationStartDeleting" classname="com.dotmarketing.quartz.DeleteFieldJobHelperTest" time="0.001"/>
  <testcase name="testGenerateNotificationUnableDeleting" classname="com.dotmarketing.quartz.DeleteFieldJobHelperTest" time="0.001"/>
  <system-out><![CDATA[]]></system-out>
  <system-err><![CDATA[]]></system-err>
</testsuite>
