<?xml version="1.0" encoding="UTF-8"?>
<testsuite name="com.dotcms.auth.providers.jwt.factories.SecretKeySpecFactoryTest" tests="1" skipped="0" failures="0" errors="0" timestamp="2023-07-10T15:32:06" hostname="fv-az567-840" time="1.274">
  <properties/>
  <testcase name="readAndPrepareSecret" classname="com.dotcms.auth.providers.jwt.factories.SecretKeySpecFactoryTest" time="1.274"/>
  <system-out><![CDATA[6a0eef5e311f4e6398742e75ffa2d7254911fa7bb7278063f23f608071e751bc5ea38cd4a787b5359684615110fe22cf4e50e289cd2dcafbd245da20b9b9f928
MySecretKey2
MySecretKey3
MySecretKey3
2474f9f9cc68a70a81e2b873426db38067cbcc79e936e6aab4eb4b0e0aecdb98f1107df710426b0fbd49d31172cc239c19a307443756157b0ca851cb4557cf37
d8b3c657e7ac868b6f4d930b1e2dc8332150b6da50b51054693d91f11bf055387c0d1a516a2952682e6680896f6550fc5a193e5009f3c5aa3b2329002756c3a0
8c6a1ef34fccb4affcbd4f0c1ec31265418df27d4811701f6e000af05f79a479dccc0be41e888607d122a74e2a9ed1d1edaa64ec5b3a61e7b62287dbe12150a5
]]></system-out>
  <system-err><![CDATA[]]></system-err>
</testsuite>
