<?xml version="1.0" encoding="UTF-8"?>
<testsuite name="com.dotcms.auth.providers.jwt.factories.SecretKeySpecFactoryTest" tests="1" skipped="0" failures="0" errors="0" timestamp="2023-07-06T20:54:54" hostname="fv-az559-290" time="1.556">
  <properties/>
  <testcase name="readAndPrepareSecret" classname="com.dotcms.auth.providers.jwt.factories.SecretKeySpecFactoryTest" time="1.556"/>
  <system-out><![CDATA[1c99fd9bbcd39c45ad367e249e5b6c8d968b0f397e1a0774f5a43fb59b93cd25c42db6e3536b139f9188f799effcd21776db673dfa85584fd58cf0b6fb755be8
MySecretKey2
MySecretKey3
MySecretKey3
2a9a6a340ad9d3d05fcac407243a2df8c799448d3e2f7ae040bb8933e70792382ec05891f2958fc5ffe7bad9b513ec02da5e2bf03020675c045b75f3b57dcc91
4fc4764a965d152058c897d0766f1cb7060fdc4a2bd13bb9b50be23dbe1a2ffa04411dbf4b6fa51e744864f321a4ccbc641e438354612332a9bca37890d8fa32
131460976031a4f088f277ce7f014aba9934c8bcce808138dc4ac7fca7f5ae0dd044342be7cb390c65b49b1d53646655b75832aac5b9f7857f70878163cd7f6b
]]></system-out>
  <system-err><![CDATA[]]></system-err>
</testsuite>
