<?xml version="1.0" encoding="UTF-8"?>
<testsuite name="com.dotmarketing.portlets.osgi.AJAX.OSGIBaseAJAXTest" tests="3" skipped="0" failures="0" errors="0" timestamp="2023-06-30T15:24:00" hostname="fv-az795-491" time="0.234">
  <properties/>
  <testcase name="TestOnNullCallTheDefaultCommand" classname="com.dotmarketing.portlets.osgi.AJAX.OSGIBaseAJAXTest" time="0.175"/>
  <testcase name="TestNotAllowedCommands" classname="com.dotmarketing.portlets.osgi.AJAX.OSGIBaseAJAXTest" time="0.007"/>
  <testcase name="TestAllowedCommands" classname="com.dotmarketing.portlets.osgi.AJAX.OSGIBaseAJAXTest" time="0.05"/>
  <system-out><![CDATA[ Command ::  forbiddenMethod  on  class Mock for OSGIAJAX, hashCode: 1090914018
 Command ::  getExtraPackages  on  class Mock for OSGIAJAX, hashCode: 908058185
 Command ::  remove  on  class Mock for OSGIAJAX, hashCode: 908058185
 Command ::  deploy  on  class Mock for OSGIAJAX, hashCode: 908058185
 Command ::  modifyExtraPackages  on  class Mock for OSGIAJAX, hashCode: 908058185
 Command ::  undeploy  on  class Mock for OSGIAJAX, hashCode: 908058185
 Command ::  stop  on  class Mock for OSGIAJAX, hashCode: 908058185
 Command ::  add  on  class Mock for OSGIAJAX, hashCode: 908058185
 Command ::  start  on  class Mock for OSGIAJAX, hashCode: 908058185
 Command ::  restart  on  class Mock for OSGIAJAX, hashCode: 908058185
 Command ::  action  on  class Mock for OSGIAJAX, hashCode: 908058185
]]></system-out>
  <system-err><![CDATA[]]></system-err>
</testsuite>
