<?xml version="1.0" encoding="UTF-8"?>
<testsuite name="com.dotmarketing.portlets.workflows.ajax.WfBaseActionTest" tests="3" skipped="0" failures="0" errors="0" timestamp="2023-07-19T15:20:35" hostname="fv-az392-924" time="0.165">
  <properties/>
  <testcase name="TestOnNullCallTheDefaultCommand" classname="com.dotmarketing.portlets.workflows.ajax.WfBaseActionTest" time="0.137"/>
  <testcase name="TestNotAllowedCommands" classname="com.dotmarketing.portlets.workflows.ajax.WfBaseActionTest" time="0.009"/>
  <testcase name="TestAllowedCommands" classname="com.dotmarketing.portlets.workflows.ajax.WfBaseActionTest" time="0.019"/>
  <system-out><![CDATA[ Command ::  forbiddenMethod  on  class Mock for WfActionAjax, hashCode: 1904995669
 Command ::  forbiddenMethod  on  class Mock for WfRoleStoreAjax, hashCode: 1266446367
 Command ::  forbiddenMethod  on  class Mock for WfTaskAjax, hashCode: 229729250
 Command ::  forbiddenMethod  on  class Mock for WfSchemeAjax, hashCode: 568939032
 Command ::  forbiddenMethod  on  class Mock for WfActionClassAjax, hashCode: 1928748057
 Command ::  save  on  class Mock for WfActionAjax, hashCode: 2030357696
 Command ::  deleteActionForStep  on  class Mock for WfActionAjax, hashCode: 2030357696
 Command ::  add  on  class Mock for WfActionAjax, hashCode: 2030357696
 Command ::  action  on  class Mock for WfActionAjax, hashCode: 2030357696
 Command ::  reorder  on  class Mock for WfActionAjax, hashCode: 2030357696
 Command ::  delete  on  class Mock for WfActionAjax, hashCode: 2030357696
 Command ::  rolesToJson  on  class Mock for WfRoleStoreAjax, hashCode: 730816979
 Command ::  assignable  on  class Mock for WfRoleStoreAjax, hashCode: 730816979
 Command ::  action  on  class Mock for WfRoleStoreAjax, hashCode: 730816979
 Command ::  action  on  class Mock for WfTaskAjax, hashCode: 1723456790
 Command ::  executeActions  on  class Mock for WfTaskAjax, hashCode: 1723456790
 Command ::  executeAction  on  class Mock for WfTaskAjax, hashCode: 1723456790
 Command ::  action  on  class Mock for WfSchemeAjax, hashCode: 968206861
 Command ::  save  on  class Mock for WfSchemeAjax, hashCode: 968206861
 Command ::  add  on  class Mock for WfActionClassAjax, hashCode: 1726617412
 Command ::  save  on  class Mock for WfActionClassAjax, hashCode: 1726617412
 Command ::  delete  on  class Mock for WfActionClassAjax, hashCode: 1726617412
 Command ::  reorder  on  class Mock for WfActionClassAjax, hashCode: 1726617412
 Command ::  action  on  class Mock for WfActionClassAjax, hashCode: 1726617412
]]></system-out>
  <system-err><![CDATA[]]></system-err>
</testsuite>
