<?xml version="1.0" encoding="UTF-8"?>
<testsuite name="com.dotcms.auth.providers.jwt.factories.SecretKeySpecFactoryTest" tests="1" skipped="0" failures="0" errors="0" timestamp="2023-07-11T17:18:58" hostname="fv-az216-508" time="1.253">
  <properties/>
  <testcase name="readAndPrepareSecret" classname="com.dotcms.auth.providers.jwt.factories.SecretKeySpecFactoryTest" time="1.253"/>
  <system-out><![CDATA[2ff78b23bc9d20b1a01e645c9a66d28fb3d9363c5834a35fec0bd1c80c5c6351369de967c8c109157cbfbfab572bc6f6d992de96bbefb8587346b45eed201d74
MySecretKey2
MySecretKey3
MySecretKey3
ba752fccd575daa3bec5d3e0e7be5d72b56ce59f66dcdf68778e63f413117dd1b5a6dbaed37877e86c19ae74a37d7a4e8c0840aaaac56ee18752fb25bf641361
f0810c6510bace421255cbcbc80e3f7052be0af564a920ab44a6ae1a29066567d4f2fded8e65c5ca98e4564c711835aa0a288b28313eb93f80e87cfed365218f
2b3d27ee8467a31a9dc37fed1b38675ec57ac607fe68a257b4055c62ee9e0eabbc52f30aef3df84e2192457e86f7e536acd9688f38a3c70594079ebaeb3e7469
]]></system-out>
  <system-err><![CDATA[]]></system-err>
</testsuite>
