<?xml version="1.0" encoding="UTF-8"?>
<testsuite name="com.dotcms.util.network.IPUtilsTest" tests="4" skipped="0" failures="0" errors="0" timestamp="2023-06-30T23:11:20" hostname="fv-az251-599" time="0.195">
  <properties/>
  <testcase name="test_false_cases" classname="com.dotcms.util.network.IPUtilsTest" time="0.004"/>
  <testcase name="test_ip_private_subnets" classname="com.dotcms.util.network.IPUtilsTest" time="0.005"/>
  <testcase name="test_true_cases" classname="com.dotcms.util.network.IPUtilsTest" time="0.001"/>
  <testcase name="test_ip_public_subnets" classname="com.dotcms.util.network.IPUtilsTest" time="0.185"/>
  <system-out><![CDATA[]]></system-out>
  <system-err><![CDATA[]]></system-err>
</testsuite>
