<?xml version="1.0" encoding="UTF-8"?>
<testsuite name="com.dotcms.auth.providers.jwt.factories.SecretKeySpecFactoryTest" tests="1" skipped="0" failures="0" errors="0" timestamp="2023-07-07T17:04:09" hostname="fv-az254-482" time="1.871">
  <properties/>
  <testcase name="readAndPrepareSecret" classname="com.dotcms.auth.providers.jwt.factories.SecretKeySpecFactoryTest" time="1.871"/>
  <system-out><![CDATA[c1cd4fc83f793bb0f16257c73620468a3ac5dd7d9b14f1a4603b978fd6d2ad302232d1c1ce1107846113984c7e5a6a2765eace0ade21f3ba2bd45b19614876de
MySecretKey2
MySecretKey3
MySecretKey3
953003f7df4126d7a082cc76cf55b1ed2575a8774a5ac5a81b536b30d6e780f73fa0ca8d90f953e68d556b5c62b37f63212c488f1c45d95269af11567e943800
d13e46ad6251ff1a1472b573ae52bb671110cb7514e7d54ea2b803013020bd3a550aa40c53ca60e08ccc3f928d716104571763923df8dfbce7f31818ab52c555
f30246683b258db66e82c7f898b2ee2b8dbe522e2538f440897b196cad202623a64cf6bfc1847077bdaffb1080947a913e414198135b4c5efee7fa6006814eb9
]]></system-out>
  <system-err><![CDATA[]]></system-err>
</testsuite>
