<?xml version="1.0" encoding="UTF-8"?>
<testsuite name="com.dotmarketing.portlets.workflows.ajax.WfBaseActionTest" tests="3" skipped="0" failures="0" errors="0" timestamp="2023-07-13T19:37:03" hostname="fv-az887-517" time="0.165">
  <properties/>
  <testcase name="TestOnNullCallTheDefaultCommand" classname="com.dotmarketing.portlets.workflows.ajax.WfBaseActionTest" time="0.127"/>
  <testcase name="TestNotAllowedCommands" classname="com.dotmarketing.portlets.workflows.ajax.WfBaseActionTest" time="0.015"/>
  <testcase name="TestAllowedCommands" classname="com.dotmarketing.portlets.workflows.ajax.WfBaseActionTest" time="0.023"/>
  <system-out><![CDATA[ Command ::  forbiddenMethod  on  class Mock for WfTaskAjax, hashCode: 373943097
 Command ::  forbiddenMethod  on  class Mock for WfSchemeAjax, hashCode: 250362974
 Command ::  forbiddenMethod  on  class Mock for WfActionAjax, hashCode: 559779387
 Command ::  forbiddenMethod  on  class Mock for WfRoleStoreAjax, hashCode: 642449767
 Command ::  forbiddenMethod  on  class Mock for WfActionClassAjax, hashCode: 913493816
 Command ::  executeAction  on  class Mock for WfTaskAjax, hashCode: 1462731664
 Command ::  executeActions  on  class Mock for WfTaskAjax, hashCode: 1462731664
 Command ::  action  on  class Mock for WfTaskAjax, hashCode: 1462731664
 Command ::  save  on  class Mock for WfSchemeAjax, hashCode: 937965713
 Command ::  action  on  class Mock for WfSchemeAjax, hashCode: 937965713
 Command ::  deleteActionForStep  on  class Mock for WfActionAjax, hashCode: 1935578472
 Command ::  save  on  class Mock for WfActionAjax, hashCode: 1935578472
 Command ::  delete  on  class Mock for WfActionAjax, hashCode: 1935578472
 Command ::  reorder  on  class Mock for WfActionAjax, hashCode: 1935578472
 Command ::  action  on  class Mock for WfActionAjax, hashCode: 1935578472
 Command ::  add  on  class Mock for WfActionAjax, hashCode: 1935578472
 Command ::  rolesToJson  on  class Mock for WfRoleStoreAjax, hashCode: 1906197834
 Command ::  action  on  class Mock for WfRoleStoreAjax, hashCode: 1906197834
 Command ::  assignable  on  class Mock for WfRoleStoreAjax, hashCode: 1906197834
 Command ::  action  on  class Mock for WfActionClassAjax, hashCode: 911744129
 Command ::  reorder  on  class Mock for WfActionClassAjax, hashCode: 911744129
 Command ::  delete  on  class Mock for WfActionClassAjax, hashCode: 911744129
 Command ::  save  on  class Mock for WfActionClassAjax, hashCode: 911744129
 Command ::  add  on  class Mock for WfActionClassAjax, hashCode: 911744129
]]></system-out>
  <system-err><![CDATA[]]></system-err>
</testsuite>
