<?xml version="1.0" encoding="UTF-8"?>
<testsuite name="com.dotmarketing.portlets.workflows.ajax.WfBaseActionTest" tests="3" skipped="0" failures="0" errors="0" timestamp="2023-07-19T05:51:14" hostname="fv-az1248-8" time="0.166">
  <properties/>
  <testcase name="TestOnNullCallTheDefaultCommand" classname="com.dotmarketing.portlets.workflows.ajax.WfBaseActionTest" time="0.134"/>
  <testcase name="TestNotAllowedCommands" classname="com.dotmarketing.portlets.workflows.ajax.WfBaseActionTest" time="0.009"/>
  <testcase name="TestAllowedCommands" classname="com.dotmarketing.portlets.workflows.ajax.WfBaseActionTest" time="0.023"/>
  <system-out><![CDATA[ Command ::  forbiddenMethod  on  class Mock for WfRoleStoreAjax, hashCode: 1084879513
 Command ::  forbiddenMethod  on  class Mock for WfActionAjax, hashCode: 1099762186
 Command ::  forbiddenMethod  on  class Mock for WfTaskAjax, hashCode: 298440450
 Command ::  forbiddenMethod  on  class Mock for WfActionClassAjax, hashCode: 824911933
 Command ::  forbiddenMethod  on  class Mock for WfSchemeAjax, hashCode: 774194593
 Command ::  action  on  class Mock for WfRoleStoreAjax, hashCode: 603902861
 Command ::  rolesToJson  on  class Mock for WfRoleStoreAjax, hashCode: 603902861
 Command ::  assignable  on  class Mock for WfRoleStoreAjax, hashCode: 603902861
 Command ::  save  on  class Mock for WfActionAjax, hashCode: 163391416
 Command ::  deleteActionForStep  on  class Mock for WfActionAjax, hashCode: 163391416
 Command ::  add  on  class Mock for WfActionAjax, hashCode: 163391416
 Command ::  action  on  class Mock for WfActionAjax, hashCode: 163391416
 Command ::  reorder  on  class Mock for WfActionAjax, hashCode: 163391416
 Command ::  delete  on  class Mock for WfActionAjax, hashCode: 163391416
 Command ::  action  on  class Mock for WfTaskAjax, hashCode: 2030357696
 Command ::  executeActions  on  class Mock for WfTaskAjax, hashCode: 2030357696
 Command ::  executeAction  on  class Mock for WfTaskAjax, hashCode: 2030357696
 Command ::  add  on  class Mock for WfActionClassAjax, hashCode: 451523470
 Command ::  save  on  class Mock for WfActionClassAjax, hashCode: 451523470
 Command ::  delete  on  class Mock for WfActionClassAjax, hashCode: 451523470
 Command ::  reorder  on  class Mock for WfActionClassAjax, hashCode: 451523470
 Command ::  action  on  class Mock for WfActionClassAjax, hashCode: 451523470
 Command ::  action  on  class Mock for WfSchemeAjax, hashCode: 58623464
 Command ::  save  on  class Mock for WfSchemeAjax, hashCode: 58623464
]]></system-out>
  <system-err><![CDATA[]]></system-err>
</testsuite>
