<?xml version="1.0" encoding="UTF-8"?>
<testsuite name="com.dotmarketing.portlets.workflows.ajax.WfBaseActionTest" tests="3" skipped="0" failures="0" errors="0" timestamp="2023-06-26T18:26:56" hostname="fv-az398-726" time="0.198">
  <properties/>
  <testcase name="TestOnNullCallTheDefaultCommand" classname="com.dotmarketing.portlets.workflows.ajax.WfBaseActionTest" time="0.168"/>
  <testcase name="TestNotAllowedCommands" classname="com.dotmarketing.portlets.workflows.ajax.WfBaseActionTest" time="0.013"/>
  <testcase name="TestAllowedCommands" classname="com.dotmarketing.portlets.workflows.ajax.WfBaseActionTest" time="0.017"/>
  <system-out><![CDATA[ Command ::  forbiddenMethod  on  class Mock for WfSchemeAjax, hashCode: 1770754776
 Command ::  forbiddenMethod  on  class Mock for WfActionClassAjax, hashCode: 1703274364
 Command ::  forbiddenMethod  on  class Mock for WfRoleStoreAjax, hashCode: 505900409
 Command ::  forbiddenMethod  on  class Mock for WfTaskAjax, hashCode: 659930454
 Command ::  forbiddenMethod  on  class Mock for WfActionAjax, hashCode: 1348328163
 Command ::  action  on  class Mock for WfSchemeAjax, hashCode: 1071663185
 Command ::  save  on  class Mock for WfSchemeAjax, hashCode: 1071663185
 Command ::  save  on  class Mock for WfActionClassAjax, hashCode: 1440233373
 Command ::  delete  on  class Mock for WfActionClassAjax, hashCode: 1440233373
 Command ::  reorder  on  class Mock for WfActionClassAjax, hashCode: 1440233373
 Command ::  action  on  class Mock for WfActionClassAjax, hashCode: 1440233373
 Command ::  add  on  class Mock for WfActionClassAjax, hashCode: 1440233373
 Command ::  action  on  class Mock for WfRoleStoreAjax, hashCode: 852418932
 Command ::  rolesToJson  on  class Mock for WfRoleStoreAjax, hashCode: 852418932
 Command ::  assignable  on  class Mock for WfRoleStoreAjax, hashCode: 852418932
 Command ::  action  on  class Mock for WfTaskAjax, hashCode: 718526840
 Command ::  executeActions  on  class Mock for WfTaskAjax, hashCode: 718526840
 Command ::  executeAction  on  class Mock for WfTaskAjax, hashCode: 718526840
 Command ::  save  on  class Mock for WfActionAjax, hashCode: 1063398867
 Command ::  deleteActionForStep  on  class Mock for WfActionAjax, hashCode: 1063398867
 Command ::  add  on  class Mock for WfActionAjax, hashCode: 1063398867
 Command ::  action  on  class Mock for WfActionAjax, hashCode: 1063398867
 Command ::  reorder  on  class Mock for WfActionAjax, hashCode: 1063398867
 Command ::  delete  on  class Mock for WfActionAjax, hashCode: 1063398867
]]></system-out>
  <system-err><![CDATA[]]></system-err>
</testsuite>
