<?xml version="1.0" encoding="UTF-8"?>
<testsuite name="com.dotmarketing.portlets.osgi.AJAX.OSGIBaseAJAXTest" tests="3" skipped="0" failures="0" errors="0" timestamp="2023-06-23T15:28:10" hostname="fv-az357-576" time="0.05">
  <properties/>
  <testcase name="TestOnNullCallTheDefaultCommand" classname="com.dotmarketing.portlets.osgi.AJAX.OSGIBaseAJAXTest" time="0.035"/>
  <testcase name="TestNotAllowedCommands" classname="com.dotmarketing.portlets.osgi.AJAX.OSGIBaseAJAXTest" time="0.002"/>
  <testcase name="TestAllowedCommands" classname="com.dotmarketing.portlets.osgi.AJAX.OSGIBaseAJAXTest" time="0.011"/>
  <system-out><![CDATA[ Command ::  forbiddenMethod  on  class Mock for OSGIAJAX, hashCode: 2090783392
 Command ::  getExtraPackages  on  class Mock for OSGIAJAX, hashCode: 431679133
 Command ::  action  on  class Mock for OSGIAJAX, hashCode: 431679133
 Command ::  restart  on  class Mock for OSGIAJAX, hashCode: 431679133
 Command ::  start  on  class Mock for OSGIAJAX, hashCode: 431679133
 Command ::  add  on  class Mock for OSGIAJAX, hashCode: 431679133
 Command ::  stop  on  class Mock for OSGIAJAX, hashCode: 431679133
 Command ::  undeploy  on  class Mock for OSGIAJAX, hashCode: 431679133
 Command ::  modifyExtraPackages  on  class Mock for OSGIAJAX, hashCode: 431679133
 Command ::  deploy  on  class Mock for OSGIAJAX, hashCode: 431679133
 Command ::  remove  on  class Mock for OSGIAJAX, hashCode: 431679133
]]></system-out>
  <system-err><![CDATA[]]></system-err>
</testsuite>
