<?xml version="1.0" encoding="UTF-8"?>
<testsuite name="com.dotcms.auth.providers.jwt.factories.SecretKeySpecFactoryTest" tests="1" skipped="0" failures="0" errors="0" timestamp="2023-07-19T15:16:43" hostname="fv-az392-924" time="1.954">
  <properties/>
  <testcase name="readAndPrepareSecret" classname="com.dotcms.auth.providers.jwt.factories.SecretKeySpecFactoryTest" time="1.954"/>
  <system-out><![CDATA[76d79093f692d4b338aa8055f4188a01321a7470bb8c48e63cab6f3f3aea786bd284f1d01c5c0cac8b987d4a9ef5121dbc94b253812677f326737f0ec23f82f0
MySecretKey2
MySecretKey3
MySecretKey3
b225f7f131a5f525d0b7c713e5e7a1e57879b85e1c901c60be7701261c76d61f94eff9b110a0aac32a361ad1ffa2b366530be427202059369d4145fd90a463ef
1a682a17f13dac71a4af4215eb5767e628b2ea633806407c15877067ed9ed7909c13b8b93997530631a3532f2be1c99b2f8c010a94eff5c96c040311bd618da7
7420e849f3539be68f0a4b0b2b2330a7421193360e87106dbdd225f50da737bc110b5ef5207a36bad7db7d277b91ec3e9c7032fff4e7be01752c67210e86c185
]]></system-out>
  <system-err><![CDATA[]]></system-err>
</testsuite>
