<?xml version="1.0" encoding="UTF-8"?>
<testsuite name="com.dotmarketing.portlets.rules.conditionlet.UsersCountryConditionletTest" tests="11" skipped="0" failures="0" errors="0" timestamp="2023-06-29T04:46:23" hostname="fv-az173-426" time="0.049">
  <properties/>
  <testcase name="testComparisons[0: If Ip resolves to GB and GB is in values, evaluate to true.]" classname="com.dotmarketing.portlets.rules.conditionlet.UsersCountryConditionletTest" time="0.001"/>
  <testcase name="testComparisons[1: If Ip resolves to GB and US is specified, evaluate to false.]" classname="com.dotmarketing.portlets.rules.conditionlet.UsersCountryConditionletTest" time="0.0"/>
  <testcase name="testComparisons[2: If Ip resolves to 'unknown' and US is specified, evaluate to false.]" classname="com.dotmarketing.portlets.rules.conditionlet.UsersCountryConditionletTest" time="0.0"/>
  <testcase name="testComparisons[3: Is Not: If Ip resolves to GB and GB is specified, evaluate to false.]" classname="com.dotmarketing.portlets.rules.conditionlet.UsersCountryConditionletTest" time="0.0"/>
  <testcase name="testComparisons[4: Is Not: If Ip resolves to GB and US is specified, evaluate to true.]" classname="com.dotmarketing.portlets.rules.conditionlet.UsersCountryConditionletTest" time="0.0"/>
  <testcase name="testComparisons[5: Is Not: If Ip resolves to 'unknown' and US is specified, evaluate to true.]" classname="com.dotmarketing.portlets.rules.conditionlet.UsersCountryConditionletTest" time="0.0"/>
  <testcase name="testSingleCountryEvaluatesFalseIfIpCannotBeResolved" classname="com.dotmarketing.portlets.rules.conditionlet.UsersCountryConditionletTest" time="0.046"/>
  <testcase name="testCannotValidateWhenComparisonIsNull" classname="com.dotmarketing.portlets.rules.conditionlet.UsersCountryConditionletTest" time="0.001"/>
  <testcase name="testCannotValidateWhenComparisonNotSet" classname="com.dotmarketing.portlets.rules.conditionlet.UsersCountryConditionletTest" time="0.0"/>
  <testcase name="testUnsupportedComparisonThrowsException" classname="com.dotmarketing.portlets.rules.conditionlet.UsersCountryConditionletTest" time="0.0"/>
  <testcase name="testEvaluatesToFalseWhenArgumentsAreEmptyOrMissing" classname="com.dotmarketing.portlets.rules.conditionlet.UsersCountryConditionletTest" time="0.0"/>
  <system-out><![CDATA[]]></system-out>
  <system-err><![CDATA[]]></system-err>
</testsuite>
