<?xml version="1.0" encoding="UTF-8"?>
<testsuite name="com.dotcms.rest.api.v1.authentication.AuthenticationResourceTest" tests="10" skipped="0" failures="0" errors="0" timestamp="2023-07-07T21:35:03" hostname="fv-az280-510" time="0.238">
  <properties/>
  <testcase name="testEmptyParameter" classname="com.dotcms.rest.api.v1.authentication.AuthenticationResourceTest" time="0.169"/>
  <testcase name="testUserPasswordException" classname="com.dotcms.rest.api.v1.authentication.AuthenticationResourceTest" time="0.04"/>
  <testcase name="testgetUsersWithLoginAs" classname="com.dotcms.rest.api.v1.authentication.AuthenticationResourceTest" time="0.006"/>
  <testcase name="testAuthException" classname="com.dotcms.rest.api.v1.authentication.AuthenticationResourceTest" time="0.002"/>
  <testcase name="testgetUsersWithoutLoginAs" classname="com.dotcms.rest.api.v1.authentication.AuthenticationResourceTest" time="0.002"/>
  <testcase name="testNoSuchUserException" classname="com.dotcms.rest.api.v1.authentication.AuthenticationResourceTest" time="0.002"/>
  <testcase name="testRequiredLayoutException" classname="com.dotcms.rest.api.v1.authentication.AuthenticationResourceTest" time="0.002"/>
  <testcase name="testUserActiveException" classname="com.dotcms.rest.api.v1.authentication.AuthenticationResourceTest" time="0.003"/>
  <testcase name="testWrongParameter" classname="com.dotcms.rest.api.v1.authentication.AuthenticationResourceTest" time="0.009"/>
  <testcase name="testUserEmailAddressException" classname="com.dotcms.rest.api.v1.authentication.AuthenticationResourceTest" time="0.002"/>
  <system-out><![CDATA[ErrorEntity{errorCode='your-account-is-not-active', message='your-account-is-not-active', fieldName='null'}
]]></system-out>
  <system-err><![CDATA[Jul 07, 2023 9:35:03 PM com.dotcms.repackage.org.hibernate.validator.internal.util.Version <clinit>
INFO: HV000001: Hibernate Validator 4.3.2.Final
]]></system-err>
</testsuite>
