<?xml version="1.0" encoding="UTF-8"?>
<testsuite name="com.dotcms.auth.providers.jwt.factories.SecretKeySpecFactoryTest" tests="1" skipped="0" failures="0" errors="0" timestamp="2023-07-17T14:46:02" hostname="fv-az262-5" time="1.751">
  <properties/>
  <testcase name="readAndPrepareSecret" classname="com.dotcms.auth.providers.jwt.factories.SecretKeySpecFactoryTest" time="1.751"/>
  <system-out><![CDATA[6653b150101e2294a3a1c307fc59ae6bb25f4ba9f27d3e389280b8786e3467b0d176bd57a3dc1d86235ee0b20c1103489efd4bcf338d87112f850d50cbb52b7f
MySecretKey2
MySecretKey3
MySecretKey3
98a95833c8a8237a1b57025657004bc8eeaaee2d8dc93ea83ac50bb1a42b8bf6cd9b43682485e93eccb26070c56ed0bb8ac7244e6f4ce82830d6fd490a798996
fabdcaa1fb8bea90f39afa71c72fda797ee725accf10bd745cc565948b9fa6dd657634c6cd1efde1ec1f1ee28440147b8af225bfc9312e6c7ac7985f50dd09b3
4a157040e3fffc80964f6935caee66d577f159dc8eaa14807b02326fa245f2b30bd0d04a3b7f0b5c36422481e3190cfd990baa034ff95688ec4c6ecd3e3cc50f
]]></system-out>
  <system-err><![CDATA[]]></system-err>
</testsuite>
