<?xml version="1.0" encoding="UTF-8"?>
<testsuite name="com.dotmarketing.portlets.contentlet.model.ResourceLinkTest" tests="9" skipped="0" failures="0" errors="0" timestamp="2023-07-21T05:24:33" hostname="fv-az411-784" time="0.157">
  <properties/>
  <testcase name="test_newContentlet_withAdminUser_expectEmptyLink" classname="com.dotmarketing.portlets.contentlet.model.ResourceLinkTest" time="0.01"/>
  <testcase name="test_html_ResourceLink_Expect_Downloadable_Secure_Site_Port_Number" classname="com.dotmarketing.portlets.contentlet.model.ResourceLinkTest" time="0.103"/>
  <testcase name="test_vm_ResourceLink_With_LimitedUser_ExpectRestricted_NoPortNumber" classname="com.dotmarketing.portlets.contentlet.model.ResourceLinkTest" time="0.009"/>
  <testcase name="test_new_contentlet_limited_user_expect_empty_link" classname="com.dotmarketing.portlets.contentlet.model.ResourceLinkTest" time="0.001"/>
  <testcase name="test_vtl_ResourceLink_WithLimitedUser_Expect_Downloadable_No_Port_Number" classname="com.dotmarketing.portlets.contentlet.model.ResourceLinkTest" time="0.004"/>
  <testcase name="test_new_contentlet_no_inode" classname="com.dotmarketing.portlets.contentlet.model.ResourceLinkTest" time="0.001"/>
  <testcase name="test_Html_ResourceLink_Expect_Downloadable_No_Port_Number" classname="com.dotmarketing.portlets.contentlet.model.ResourceLinkTest" time="0.009"/>
  <testcase name="test_vtl_ResourceLink_WithAdminUser_Expect_Downloadable_No_Port_Number" classname="com.dotmarketing.portlets.contentlet.model.ResourceLinkTest" time="0.007"/>
  <testcase name="test_vm_ResourceLink_With_Admin_User_Expect_Downloadable_NoPortNumber" classname="com.dotmarketing.portlets.contentlet.model.ResourceLinkTest" time="0.009"/>
  <system-out><![CDATA[]]></system-out>
  <system-err><![CDATA[]]></system-err>
</testsuite>
