<?xml version="1.0" encoding="UTF-8"?>
<testsuite name="com.dotcms.auth.providers.jwt.factories.SecretKeySpecFactoryTest" tests="1" skipped="0" failures="0" errors="0" timestamp="2023-07-17T20:03:17" hostname="fv-az934-332" time="1.053">
  <properties/>
  <testcase name="readAndPrepareSecret" classname="com.dotcms.auth.providers.jwt.factories.SecretKeySpecFactoryTest" time="1.053"/>
  <system-out><![CDATA[e603b1a1c780bec6b0a42441ee64ee59cbfc0a8e91ac99666e1f5ad30417e367a24d9c995d69f4edc12740fead43b4df5427ec6aaba189d81149619e85a14008
MySecretKey2
MySecretKey3
MySecretKey3
bf407b1c7c69214be84b17ecb0c2dc4964c50f2acf2c4ea57939861aa466c7743772707ab9f2a1f59e786bedd99649aaca282a1c1b826b7fe3df0bf05b13e3a0
9455f1dc106b26999600049572689debe9dd49925ac08bfc54230a872ce1c640c41b5510992cfd9cd336631793d284bc744467ad0e8486ad837ba0c13f04162d
a5030fc83ea070e02e2959691b08032ad097a31e811440e02ac5273f91a8679ae6fe8b0a5c64561781c1699c2daf1861c5bd764a14ef1f735651d70942b1e0be
]]></system-out>
  <system-err><![CDATA[]]></system-err>
</testsuite>
