<?xml version="1.0" encoding="UTF-8"?>
<testsuite name="com.dotcms.auth.providers.jwt.factories.SecretKeySpecFactoryTest" tests="1" skipped="0" failures="0" errors="0" timestamp="2023-06-30T21:38:44" hostname="fv-az749-544" time="1.631">
  <properties/>
  <testcase name="readAndPrepareSecret" classname="com.dotcms.auth.providers.jwt.factories.SecretKeySpecFactoryTest" time="1.631"/>
  <system-out><![CDATA[1d091113ad717bda40e61f4dc6980cafe941d03c7d9aa1dda868460100718af77c177941afc300081841942f55e552441bca695e1efe7210ca71a6febaa63b31
MySecretKey2
MySecretKey3
MySecretKey3
4b8dfac5d31368d74b608d23e0263aa690a9bdf1d53fd8a4aa38bec73604871779d0fc1acf4092419c407dc8af77cfdd012c64f6c55b8e14c576be89f29a5ca9
eb5c84cd334481846f15407621cf66c8c132548145a849f857584ce463d09aeb4d380074130b8f43b6705d94cfa670904abac36587ba2b7eb6bc309b643bc32c
74cb8f298d7ea9945793e1b4f3a53a6915405f4fbeb89dc34f6c8fc37aeb9f4b5beb76f71e5d2f142a81d7c95a6a8f7f4a71b228fc7a6942910f1ab3dde59ea1
]]></system-out>
  <system-err><![CDATA[]]></system-err>
</testsuite>
