<?xml version="1.0" encoding="UTF-8"?>
<testsuite name="com.dotcms.enterprise.priv.util.SearchSourceBuilderUtilTest" tests="1" skipped="0" failures="0" errors="0" timestamp="2023-07-05T19:36:37" hostname="fv-az561-796" time="0.94">
  <properties/>
  <testcase name="testGetSearchSourceBuilder" classname="com.dotcms.enterprise.priv.util.SearchSourceBuilderUtilTest" time="0.94"/>
  <system-out><![CDATA[]]></system-out>
  <system-err><![CDATA[]]></system-err>
</testsuite>
