<?xml version="1.0" encoding="UTF-8"?>
<testsuite name="com.dotmarketing.portlets.workflows.ajax.WfBaseActionTest" tests="3" skipped="0" failures="0" errors="0" timestamp="2023-06-27T16:46:53" hostname="fv-az206-664" time="0.144">
  <properties/>
  <testcase name="TestOnNullCallTheDefaultCommand" classname="com.dotmarketing.portlets.workflows.ajax.WfBaseActionTest" time="0.104"/>
  <testcase name="TestNotAllowedCommands" classname="com.dotmarketing.portlets.workflows.ajax.WfBaseActionTest" time="0.018"/>
  <testcase name="TestAllowedCommands" classname="com.dotmarketing.portlets.workflows.ajax.WfBaseActionTest" time="0.022"/>
  <system-out><![CDATA[ Command ::  forbiddenMethod  on  class Mock for WfRoleStoreAjax, hashCode: 1943739560
 Command ::  forbiddenMethod  on  class Mock for WfActionClassAjax, hashCode: 854671904
 Command ::  forbiddenMethod  on  class Mock for WfActionAjax, hashCode: 1305185408
 Command ::  forbiddenMethod  on  class Mock for WfTaskAjax, hashCode: 343123756
 Command ::  forbiddenMethod  on  class Mock for WfSchemeAjax, hashCode: 345491262
 Command ::  rolesToJson  on  class Mock for WfRoleStoreAjax, hashCode: 1770860877
 Command ::  assignable  on  class Mock for WfRoleStoreAjax, hashCode: 1770860877
 Command ::  action  on  class Mock for WfRoleStoreAjax, hashCode: 1770860877
 Command ::  add  on  class Mock for WfActionClassAjax, hashCode: 156135639
 Command ::  save  on  class Mock for WfActionClassAjax, hashCode: 156135639
 Command ::  delete  on  class Mock for WfActionClassAjax, hashCode: 156135639
 Command ::  reorder  on  class Mock for WfActionClassAjax, hashCode: 156135639
 Command ::  action  on  class Mock for WfActionClassAjax, hashCode: 156135639
 Command ::  save  on  class Mock for WfActionAjax, hashCode: 166326165
 Command ::  deleteActionForStep  on  class Mock for WfActionAjax, hashCode: 166326165
 Command ::  add  on  class Mock for WfActionAjax, hashCode: 166326165
 Command ::  action  on  class Mock for WfActionAjax, hashCode: 166326165
 Command ::  reorder  on  class Mock for WfActionAjax, hashCode: 166326165
 Command ::  delete  on  class Mock for WfActionAjax, hashCode: 166326165
 Command ::  executeActions  on  class Mock for WfTaskAjax, hashCode: 315013299
 Command ::  executeAction  on  class Mock for WfTaskAjax, hashCode: 315013299
 Command ::  action  on  class Mock for WfTaskAjax, hashCode: 315013299
 Command ::  action  on  class Mock for WfSchemeAjax, hashCode: 1516644831
 Command ::  save  on  class Mock for WfSchemeAjax, hashCode: 1516644831
]]></system-out>
  <system-err><![CDATA[]]></system-err>
</testsuite>
