<?xml version="1.0" encoding="UTF-8"?>
<testsuite name="com.dotcms.auth.providers.jwt.factories.SecretKeySpecFactoryTest" tests="1" skipped="0" failures="0" errors="0" timestamp="2023-06-26T16:32:28" hostname="fv-az790-547" time="1.96">
  <properties/>
  <testcase name="readAndPrepareSecret" classname="com.dotcms.auth.providers.jwt.factories.SecretKeySpecFactoryTest" time="1.96"/>
  <system-out><![CDATA[a5746b3249dded9332e8ddb156b0bb23154c317c70f8bfda0def854f95f022405553b64799c85d0e627f2e28565b04eb5a01e90a2198968bd93fa1ddfa6f263e
MySecretKey2
MySecretKey3
MySecretKey3
63482624c68547a571acfb530d69e4fc000fd9aaed49210b4dd0f6ffee0a6ca59823d8068bbbc00f25c3b25648d4cb5b6afe769924f3f53c99faba8c5596b43d
a922cac5b6f5b052ec0abbb72dc83bf481c05039f9da275bd92d6c2df3283721771f5427344c1e91b39693ebb359322e216629a61aece0fb81b23ac7ae8b384e
2d57a1a8e083f70fc98896f8da9157568a04e81c3bfdc682e20d13567451d3001ea6b13c95da6abc4792580fcc61d01dfaff38bc531aa02647ba1794560e4f24
]]></system-out>
  <system-err><![CDATA[]]></system-err>
</testsuite>
