<?xml version="1.0" encoding="UTF-8"?>
<testsuite name="com.liferay.util.MathUtilTest" tests="1" skipped="0" failures="0" errors="0" timestamp="2023-07-20T03:08:33" hostname="fv-az257-148" time="0.007">
  <properties/>
  <testcase name="testHappyPath" classname="com.liferay.util.MathUtilTest" time="0.007"/>
  <system-out><![CDATA[]]></system-out>
  <system-err><![CDATA[]]></system-err>
</testsuite>
