<?xml version="1.0" encoding="UTF-8"?>
<testsuite name="com.dotcms.auth.providers.jwt.factories.SecretKeySpecFactoryTest" tests="1" skipped="0" failures="0" errors="0" timestamp="2023-06-28T15:48:26" hostname="fv-az554-967" time="1.433">
  <properties/>
  <testcase name="readAndPrepareSecret" classname="com.dotcms.auth.providers.jwt.factories.SecretKeySpecFactoryTest" time="1.433"/>
  <system-out><![CDATA[cd00497b84444d4cc38e78cc7d039f0f6cee5645a461bd08ced5679dc9063aa6b6cb416761917c633bbce0b6781a2d3743e79f8c82d96e49a57aebc12389c431
MySecretKey2
MySecretKey3
MySecretKey3
4f246e608216bb36a4675f16e24dbe02d7bcf565f4c357e49048f92ee40952a6a1cde710ae18585cb60cca30f8bcfcb70b0b06b8d7309b7dd09816ce736aad1b
67a06c1a12c004fed902281e105e4dec73c702c7d7931442fa13d704035dc93c1d9731da7adc57c9e22727d940ad5a56a60b64a55ecd2042e4f9f59546282b49
dc64febb134eda6d418a03783b9b0dc7bb6d46251d85a4a5a913c371b92ce5bfc022cbe0500cca727d7a4f5c94565a4b967c9f3fa4e7e0ac00295dc739ba4011
]]></system-out>
  <system-err><![CDATA[]]></system-err>
</testsuite>
