<?xml version="1.0" encoding="UTF-8"?>
<testsuite name="com.dotcms.auth.providers.jwt.factories.SecretKeySpecFactoryTest" tests="1" skipped="0" failures="0" errors="0" timestamp="2023-06-29T21:22:44" hostname="fv-az586-632" time="2.199">
  <properties/>
  <testcase name="readAndPrepareSecret" classname="com.dotcms.auth.providers.jwt.factories.SecretKeySpecFactoryTest" time="2.199"/>
  <system-out><![CDATA[841b89b9ffaa0445a1ed9eb52665c0cfead00f4cb6b675294d1cbfc098b778ac064982764ba4b3eee946b0c021f6cd39d6578b18c5e5c79e8e576aad93761488
MySecretKey2
MySecretKey3
MySecretKey3
8aba7b953f41c8046da6d6a8a5c23d58f11ca10a1dec646576b615fe58556d8a1af68edee9a2a387fb956ebfa79e27e6095ddd9ac973e45a0893c4b75f25789f
211c768769df5457ab216df05ead604d94ef9a3e15cff9f5a45fa1d65bd05a734546afbc73ab3b53828379aad313e1ab6b4126fd608472ab6d38e6358e7651de
791646cb2c40b9fa8a4ccc81ca592a33ab8bc4d2d6f2ff6b2d291a422785accc1e9e5b53af5e8ac2b31b3ebe76cb8f4af4299b60a39a9d3a78388a171f8b808c
]]></system-out>
  <system-err><![CDATA[]]></system-err>
</testsuite>
