<?xml version="1.0" encoding="UTF-8"?>
<testsuite name="com.dotcms.auth.providers.jwt.factories.SecretKeySpecFactoryTest" tests="1" skipped="0" failures="0" errors="0" timestamp="2023-06-29T19:51:19" hostname="fv-az257-841" time="1.978">
  <properties/>
  <testcase name="readAndPrepareSecret" classname="com.dotcms.auth.providers.jwt.factories.SecretKeySpecFactoryTest" time="1.978"/>
  <system-out><![CDATA[780836080214dafd0478258ec2d9e761026981dc7547e5b046527556e6bb0a0b64de14b30874f3dcd16a360239ec675afee164412fdbb4982ca392a314517559
MySecretKey2
MySecretKey3
MySecretKey3
f5f5be2b3e4ced3ab82f287f783dc51c926476a4ffc2e25d5e78f21d1656a31f3ee154e9a320eab978d6276b1f8e2c3bd729910051a9b852c1cedccac4bbaa7f
2ca390fa095539e7180ffcc7e1aaff578906d6f7394db291b19ecc89fbd1af8ba4211090c41a2a98563f5616c2971ed1ad072b6083ddedd6633651e8837e506a
bc8dd4eea5272a02dd42209d50329e2842ac0592de509cf16666d08b7a1daad66b494c2adf54692343996b573f1695bb5cf5fb6e40a403e82a1f4863c1109911
]]></system-out>
  <system-err><![CDATA[]]></system-err>
</testsuite>
