<?xml version="1.0" encoding="UTF-8"?>
<testsuite name="com.dotmarketing.portlets.osgi.AJAX.OSGIBaseAJAXTest" tests="3" skipped="0" failures="0" errors="0" timestamp="2023-07-21T16:02:13" hostname="fv-az454-899" time="0.148">
  <properties/>
  <testcase name="TestOnNullCallTheDefaultCommand" classname="com.dotmarketing.portlets.osgi.AJAX.OSGIBaseAJAXTest" time="0.1"/>
  <testcase name="TestNotAllowedCommands" classname="com.dotmarketing.portlets.osgi.AJAX.OSGIBaseAJAXTest" time="0.014"/>
  <testcase name="TestAllowedCommands" classname="com.dotmarketing.portlets.osgi.AJAX.OSGIBaseAJAXTest" time="0.033"/>
  <system-out><![CDATA[ Command ::  forbiddenMethod  on  class Mock for OSGIAJAX, hashCode: 1166727979
 Command ::  action  on  class Mock for OSGIAJAX, hashCode: 192177782
 Command ::  getExtraPackages  on  class Mock for OSGIAJAX, hashCode: 192177782
 Command ::  remove  on  class Mock for OSGIAJAX, hashCode: 192177782
 Command ::  deploy  on  class Mock for OSGIAJAX, hashCode: 192177782
 Command ::  modifyExtraPackages  on  class Mock for OSGIAJAX, hashCode: 192177782
 Command ::  undeploy  on  class Mock for OSGIAJAX, hashCode: 192177782
 Command ::  stop  on  class Mock for OSGIAJAX, hashCode: 192177782
 Command ::  add  on  class Mock for OSGIAJAX, hashCode: 192177782
 Command ::  start  on  class Mock for OSGIAJAX, hashCode: 192177782
 Command ::  restart  on  class Mock for OSGIAJAX, hashCode: 192177782
]]></system-out>
  <system-err><![CDATA[]]></system-err>
</testsuite>
