<?xml version="1.0" encoding="UTF-8"?>
<testsuite name="com.dotcms.auth.providers.jwt.factories.SecretKeySpecFactoryTest" tests="1" skipped="0" failures="0" errors="0" timestamp="2023-06-29T18:58:10" hostname="fv-az357-860" time="1.251">
  <properties/>
  <testcase name="readAndPrepareSecret" classname="com.dotcms.auth.providers.jwt.factories.SecretKeySpecFactoryTest" time="1.251"/>
  <system-out><![CDATA[cb0a1a5d1246047449d7280d1a094bd07335c2b3cbeca527b0e12480e4c5a3c3ac2a67f1dd68ba4d644f2c746bf2d2b80f6084701340cda763a7aa20794fc6be
MySecretKey2
MySecretKey3
MySecretKey3
4124b68ef894292110c34cfd71a6c7e593d80fc7e9ac8fd4a9f796ed29e848611896226565076d48a76a0f5202b0c056652bdacc6091e78ef33ac1818fbe46ee
8d7f178d3069420a17f3567f79de2df00c31d8064b66198b2a2eaf2804b9badaf91e7cd119e317cb599a793bf6d13dbe1d5af5858a0b5e17798bc8165b45fc93
74c7badd1ef6fa3258fec7d4373571dda6fdfd9f66964eb5ca942afeb1ef48ff272c4cbd2c090363dd0fbef152aba881a479e6b5c4012e6954620c855ed6a06b
]]></system-out>
  <system-err><![CDATA[]]></system-err>
</testsuite>
