<?xml version="1.0" encoding="UTF-8"?>
<testsuite name="com.dotcms.util.diff.DiffCommandTest" tests="2" skipped="0" failures="0" errors="0" timestamp="2023-06-23T22:18:24" hostname="fv-az576-706" time="0.015">
  <properties/>
  <testcase name="applyDiff_Comparable" classname="com.dotcms.util.diff.DiffCommandTest" time="0.011"/>
  <testcase name="applyDiff_Differentiable" classname="com.dotcms.util.diff.DiffCommandTest" time="0.004"/>
  <system-out><![CDATA[{six=six, five=five}
{two=two}
{four=fourxxx, one=onexxx}
{six=com.dotcms.util.diff.DiffCommandTest$StringDifferentiable@c99c829, five=com.dotcms.util.diff.DiffCommandTest$StringDifferentiable@5a913365}
{two=com.dotcms.util.diff.DiffCommandTest$StringDifferentiable@4ca26f7e}
{four=com.dotcms.util.diff.DiffCommandTest$StringDifferentiable@6d189d8, one=com.dotcms.util.diff.DiffCommandTest$StringDifferentiable@444bc1ab}
]]></system-out>
  <system-err><![CDATA[]]></system-err>
</testsuite>
