<?xml version="1.0" encoding="UTF-8"?>
<testsuite name="com.dotcms.auth.providers.jwt.factories.SecretKeySpecFactoryTest" tests="1" skipped="0" failures="0" errors="0" timestamp="2023-07-10T16:46:32" hostname="fv-az444-180" time="1.478">
  <properties/>
  <testcase name="readAndPrepareSecret" classname="com.dotcms.auth.providers.jwt.factories.SecretKeySpecFactoryTest" time="1.478"/>
  <system-out><![CDATA[fc81dfb3243230e48d46fb6ea02bdaae3e1355f12ea6784dcd327aae2c5cd23739388fdf6d3294afd06e5af79fe4f4ccb50b0daaf3eb2383f499b7b5900350ef
MySecretKey2
MySecretKey3
MySecretKey3
258bce51cb366ad0d9821738bbb2b3000ec2f4b5d2a3591176e14d9caa89da889f8dec4b8fd817d4db25e839c11fd4811c74adeab030849d90a491d46b74bf54
77ebda040ffc47028025a9ec7089be636c2ea9baef786d9301617dfa0674d17da29d50d2056582040d2ee1644e19c4c9befbb979b6481acf7ca95a338b7dc392
f75f6f66e9c7a4de9b62144e1254d96cb823cb0d344abf9bf0eb5afd17f11c641d6947124172adbcadbbac39e232acef5e6d8b3d793bcd9990779d21585b8a62
]]></system-out>
  <system-err><![CDATA[]]></system-err>
</testsuite>
