<?xml version="1.0" encoding="UTF-8"?>
<testsuite name="com.dotcms.contenttype.model.field.FieldTypeResourceTest" tests="1" skipped="0" failures="0" errors="0" timestamp="2023-06-26T15:58:24" hostname="fv-az593-480" time="0.397">
  <properties/>
  <testcase name="testGetFieldTypes" classname="com.dotcms.contenttype.model.field.FieldTypeResourceTest" time="0.397"/>
  <system-out><![CDATA[]]></system-out>
  <system-err><![CDATA[]]></system-err>
</testsuite>
