<?xml version="1.0" encoding="UTF-8"?>
<testsuite name="com.dotmarketing.portlets.rules.actionlet.PersonaActionletTest" tests="3" skipped="0" failures="0" errors="0" timestamp="2023-06-22T17:56:06" hostname="fv-az398-726" time="0.077">
  <properties/>
  <testcase name="testActionletSetsPersonaOnHappyPath" classname="com.dotmarketing.portlets.rules.actionlet.PersonaActionletTest" time="0.072"/>
  <testcase name="testActionletSetsPersonaFailsGracefullyWhenVisitorAbsent" classname="com.dotmarketing.portlets.rules.actionlet.PersonaActionletTest" time="0.003"/>
  <testcase name="testActionletSetsPersonaFailsGracefullyWhenPersonaMissing" classname="com.dotmarketing.portlets.rules.actionlet.PersonaActionletTest" time="0.002"/>
  <system-out><![CDATA[]]></system-out>
  <system-err><![CDATA[]]></system-err>
</testsuite>
