<?xml version="1.0" encoding="UTF-8"?>
<testsuite name="com.dotcms.util.pagination.SiteViewPaginatorUnitTest" tests="2" skipped="0" failures="0" errors="0" timestamp="2023-07-14T00:14:44" hostname="fv-az554-11" time="0.131">
  <properties/>
  <testcase name="Test_Get_Items_Sorted_Pages" classname="com.dotcms.util.pagination.SiteViewPaginatorUnitTest" time="0.096"/>
  <testcase name="Test_Get_Items_Page_Size" classname="com.dotcms.util.pagination.SiteViewPaginatorUnitTest" time="0.034"/>
  <system-out><![CDATA[SYSTEM_HOST
0
3
4
5
7
8
]]></system-out>
  <system-err><![CDATA[]]></system-err>
</testsuite>
