<?xml version="1.0" encoding="UTF-8"?>
<testsuite name="com.dotmarketing.portlets.osgi.AJAX.OSGIBaseAJAXTest" tests="3" skipped="0" failures="0" errors="0" timestamp="2023-07-21T02:46:24" hostname="fv-az398-443" time="0.141">
  <properties/>
  <testcase name="TestOnNullCallTheDefaultCommand" classname="com.dotmarketing.portlets.osgi.AJAX.OSGIBaseAJAXTest" time="0.095"/>
  <testcase name="TestNotAllowedCommands" classname="com.dotmarketing.portlets.osgi.AJAX.OSGIBaseAJAXTest" time="0.007"/>
  <testcase name="TestAllowedCommands" classname="com.dotmarketing.portlets.osgi.AJAX.OSGIBaseAJAXTest" time="0.039"/>
  <system-out><![CDATA[ Command ::  forbiddenMethod  on  class Mock for OSGIAJAX, hashCode: 592587183
 Command ::  getExtraPackages  on  class Mock for OSGIAJAX, hashCode: 1307043593
 Command ::  remove  on  class Mock for OSGIAJAX, hashCode: 1307043593
 Command ::  deploy  on  class Mock for OSGIAJAX, hashCode: 1307043593
 Command ::  modifyExtraPackages  on  class Mock for OSGIAJAX, hashCode: 1307043593
 Command ::  undeploy  on  class Mock for OSGIAJAX, hashCode: 1307043593
 Command ::  stop  on  class Mock for OSGIAJAX, hashCode: 1307043593
 Command ::  add  on  class Mock for OSGIAJAX, hashCode: 1307043593
 Command ::  start  on  class Mock for OSGIAJAX, hashCode: 1307043593
 Command ::  restart  on  class Mock for OSGIAJAX, hashCode: 1307043593
 Command ::  action  on  class Mock for OSGIAJAX, hashCode: 1307043593
]]></system-out>
  <system-err><![CDATA[]]></system-err>
</testsuite>
