<?xml version="1.0" encoding="UTF-8"?>
<testsuite name="com.dotmarketing.portlets.osgi.AJAX.OSGIBaseAJAXTest" tests="3" skipped="0" failures="0" errors="0" timestamp="2023-07-18T16:11:40" hostname="fv-az162-832" time="0.054">
  <properties/>
  <testcase name="TestOnNullCallTheDefaultCommand" classname="com.dotmarketing.portlets.osgi.AJAX.OSGIBaseAJAXTest" time="0.04"/>
  <testcase name="TestNotAllowedCommands" classname="com.dotmarketing.portlets.osgi.AJAX.OSGIBaseAJAXTest" time="0.003"/>
  <testcase name="TestAllowedCommands" classname="com.dotmarketing.portlets.osgi.AJAX.OSGIBaseAJAXTest" time="0.011"/>
  <system-out><![CDATA[ Command ::  forbiddenMethod  on  class Mock for OSGIAJAX, hashCode: 32588930
 Command ::  getExtraPackages  on  class Mock for OSGIAJAX, hashCode: 671919480
 Command ::  remove  on  class Mock for OSGIAJAX, hashCode: 671919480
 Command ::  deploy  on  class Mock for OSGIAJAX, hashCode: 671919480
 Command ::  modifyExtraPackages  on  class Mock for OSGIAJAX, hashCode: 671919480
 Command ::  undeploy  on  class Mock for OSGIAJAX, hashCode: 671919480
 Command ::  stop  on  class Mock for OSGIAJAX, hashCode: 671919480
 Command ::  add  on  class Mock for OSGIAJAX, hashCode: 671919480
 Command ::  start  on  class Mock for OSGIAJAX, hashCode: 671919480
 Command ::  restart  on  class Mock for OSGIAJAX, hashCode: 671919480
 Command ::  action  on  class Mock for OSGIAJAX, hashCode: 671919480
]]></system-out>
  <system-err><![CDATA[]]></system-err>
</testsuite>
