<?xml version="1.0" encoding="UTF-8"?>
<testsuite name="com.dotcms.util.StringStreamTest" tests="2" skipped="0" failures="0" errors="0" timestamp="2023-07-10T17:53:23" hostname="fv-az749-250" time="0.01">
  <properties/>
  <testcase name="lowercaseTest" classname="com.dotcms.util.StringStreamTest" time="0.009"/>
  <testcase name="uppercaseTest" classname="com.dotcms.util.StringStreamTest" time="0.0"/>
  <system-out><![CDATA[]]></system-out>
  <system-err><![CDATA[]]></system-err>
</testsuite>
