<?xml version="1.0" encoding="UTF-8"?>
<testsuite name="com.dotcms.util.FunctionUtilsTest" tests="5" skipped="0" failures="0" errors="0" timestamp="2023-07-18T16:10:24" hostname="fv-az162-832" time="0.004">
  <properties/>
  <testcase name="ifTrueTest" classname="com.dotcms.util.FunctionUtilsTest" time="0.002"/>
  <testcase name="ifElseTestWithValidOptional" classname="com.dotcms.util.FunctionUtilsTest" time="0.0"/>
  <testcase name="ifElseTestWithNullableOptional" classname="com.dotcms.util.FunctionUtilsTest" time="0.0"/>
  <testcase name="ifElseTest" classname="com.dotcms.util.FunctionUtilsTest" time="0.0"/>
  <testcase name="ifElseTestWithEmptyOptional" classname="com.dotcms.util.FunctionUtilsTest" time="0.001"/>
  <system-out><![CDATA[]]></system-out>
  <system-err><![CDATA[]]></system-err>
</testsuite>
