<?xml version="1.0" encoding="UTF-8"?>
<testsuite name="com.dotcms.filters.NormalizationFilterTest" tests="9" skipped="0" failures="0" errors="0" timestamp="2023-06-29T01:19:45" hostname="fv-az1259-857" time="0.029">
  <properties/>
  <testcase name="test_uri_normalizer_invalid_uris" classname="com.dotcms.filters.NormalizationFilterTest" time="0.008"/>
  <testcase name="test_stripping_bad_chars" classname="com.dotcms.filters.NormalizationFilterTest" time="0.008"/>
  <testcase name="test_allow_spaces_in_uri" classname="com.dotcms.filters.NormalizationFilterTest" time="0.001"/>
  <testcase name="test_uri_normalization_valid_URI" classname="com.dotcms.filters.NormalizationFilterTest" time="0.001"/>
  <testcase name="test_uri_normalizer_dot_and_double_dots" classname="com.dotcms.filters.NormalizationFilterTest" time="0.002"/>
  <testcase name="test_double_slashes_are_blocked" classname="com.dotcms.filters.NormalizationFilterTest" time="0.001"/>
  <testcase name="test_uri_normalization_invalid_URI" classname="com.dotcms.filters.NormalizationFilterTest" time="0.006"/>
  <testcase name="test_allow_utf8_in_uri" classname="com.dotcms.filters.NormalizationFilterTest" time="0.0"/>
  <testcase name="test_uri_normalizer_fixes_semicolons" classname="com.dotcms.filters.NormalizationFilterTest" time="0.002"/>
  <system-out><![CDATA[]]></system-out>
  <system-err><![CDATA[]]></system-err>
</testsuite>
