<?xml version="1.0" encoding="UTF-8"?>
<testsuite name="com.dotmarketing.portlets.workflows.ajax.WfBaseActionTest" tests="3" skipped="0" failures="0" errors="0" timestamp="2023-06-27T14:54:43" hostname="fv-az254-300" time="0.24">
  <properties/>
  <testcase name="TestOnNullCallTheDefaultCommand" classname="com.dotmarketing.portlets.workflows.ajax.WfBaseActionTest" time="0.208"/>
  <testcase name="TestNotAllowedCommands" classname="com.dotmarketing.portlets.workflows.ajax.WfBaseActionTest" time="0.011"/>
  <testcase name="TestAllowedCommands" classname="com.dotmarketing.portlets.workflows.ajax.WfBaseActionTest" time="0.021"/>
  <system-out><![CDATA[ Command ::  forbiddenMethod  on  class Mock for WfTaskAjax, hashCode: 1964226112
 Command ::  forbiddenMethod  on  class Mock for WfRoleStoreAjax, hashCode: 1332301073
 Command ::  forbiddenMethod  on  class Mock for WfActionClassAjax, hashCode: 1728311545
 Command ::  forbiddenMethod  on  class Mock for WfSchemeAjax, hashCode: 1780497560
 Command ::  forbiddenMethod  on  class Mock for WfActionAjax, hashCode: 1257873661
 Command ::  action  on  class Mock for WfTaskAjax, hashCode: 1771548060
 Command ::  executeAction  on  class Mock for WfTaskAjax, hashCode: 1771548060
 Command ::  executeActions  on  class Mock for WfTaskAjax, hashCode: 1771548060
 Command ::  action  on  class Mock for WfRoleStoreAjax, hashCode: 854671904
 Command ::  assignable  on  class Mock for WfRoleStoreAjax, hashCode: 854671904
 Command ::  rolesToJson  on  class Mock for WfRoleStoreAjax, hashCode: 854671904
 Command ::  add  on  class Mock for WfActionClassAjax, hashCode: 1305185408
 Command ::  action  on  class Mock for WfActionClassAjax, hashCode: 1305185408
 Command ::  reorder  on  class Mock for WfActionClassAjax, hashCode: 1305185408
 Command ::  delete  on  class Mock for WfActionClassAjax, hashCode: 1305185408
 Command ::  save  on  class Mock for WfActionClassAjax, hashCode: 1305185408
 Command ::  save  on  class Mock for WfSchemeAjax, hashCode: 1615765679
 Command ::  action  on  class Mock for WfSchemeAjax, hashCode: 1615765679
 Command ::  save  on  class Mock for WfActionAjax, hashCode: 600505767
 Command ::  delete  on  class Mock for WfActionAjax, hashCode: 600505767
 Command ::  reorder  on  class Mock for WfActionAjax, hashCode: 600505767
 Command ::  action  on  class Mock for WfActionAjax, hashCode: 600505767
 Command ::  add  on  class Mock for WfActionAjax, hashCode: 600505767
 Command ::  deleteActionForStep  on  class Mock for WfActionAjax, hashCode: 600505767
]]></system-out>
  <system-err><![CDATA[]]></system-err>
</testsuite>
