<?xml version="1.0" encoding="UTF-8"?>
<testsuite name="com.dotcms.auth.providers.jwt.factories.SecretKeySpecFactoryTest" tests="1" skipped="0" failures="0" errors="0" timestamp="2023-06-30T19:43:09" hostname="fv-az361-558" time="1.361">
  <properties/>
  <testcase name="readAndPrepareSecret" classname="com.dotcms.auth.providers.jwt.factories.SecretKeySpecFactoryTest" time="1.361"/>
  <system-out><![CDATA[c0dbc5e35a53417184eaa30903d1c25219f8f94994fca82ae34ca3d3dddffca57df6d51c87febe6c327377d6da89fb3847679574dae53a51b78226d74d767752
MySecretKey2
MySecretKey3
MySecretKey3
bf8d3fae590669813e17807bd029ab42f30828793bbedaa1eba34346643325e0b47ae71a0a198f9cb302894b40855f4e8fd975de80a25b151906ef16b6e8373d
84699a9aa74b0f393bac0579e60c86edf011d53fbe35d880cfe22f9c477a50d65a0849cadd0b910714fd589e6d6ef719ea9f36ee678def9c25f4a9bcc8f8d492
fac1381aecc311f2e90956c903276b85aec9089e44c9a6170753e7455eaca74510786471ebb9b68f494a3c8b91df31e5759fa0e4e4bae35f5965c1d07ffae551
]]></system-out>
  <system-err><![CDATA[]]></system-err>
</testsuite>
