<?xml version="1.0" encoding="UTF-8"?>
<testsuite name="com.dotcms.auth.providers.jwt.factories.SecretKeySpecFactoryTest" tests="1" skipped="0" failures="0" errors="0" timestamp="2023-06-23T22:48:56" hostname="fv-az338-385" time="1.38">
  <properties/>
  <testcase name="readAndPrepareSecret" classname="com.dotcms.auth.providers.jwt.factories.SecretKeySpecFactoryTest" time="1.38"/>
  <system-out><![CDATA[347f7f996d2ac6439479b6ca1112d51dacb49003a5cfe6d00e3c419f6bf2cb74554c3122be2eca0f3f5126ce18da3e7b032f75edcbd95d29b87d7d103c2960cd
MySecretKey2
MySecretKey3
MySecretKey3
73787a893d56cfed22f01c60050b5aefa0243a2e2639fec40cedc4a08696203b7c36d67abd5090d9ecd5c6127b6b9375eaf34040f85bf252256a74c0f5aaa279
ff8daf71e6ecc7416d625b95b487daf787f412f5a70e11a090802e0217bfa0497ce2b40babf2fcf0746704105df542c3c8dce8b978809c5489f8c1aaeccb9072
b76b4d1b97952d51dc039274f755e43d459130d23f0b4bd5b901bb3556b056ad4a512188bec3ba60ccdb5b23311ecc45e6b344df8e3942fca67816c9fc0a7b0f
]]></system-out>
  <system-err><![CDATA[]]></system-err>
</testsuite>
