<?xml version="1.0" encoding="UTF-8"?>
<testsuite name="com.dotcms.auth.providers.jwt.factories.SecretKeySpecFactoryTest" tests="1" skipped="0" failures="0" errors="0" timestamp="2023-07-19T19:21:42" hostname="fv-az244-731" time="2.178">
  <properties/>
  <testcase name="readAndPrepareSecret" classname="com.dotcms.auth.providers.jwt.factories.SecretKeySpecFactoryTest" time="2.178"/>
  <system-out><![CDATA[7bd113080e8495b17926ecef5737ccf0290e250e83cefd84c13c36be696804bd912a40ae2157c91e51e22bfafcbf9d3d1baf0df8afe39619c0286e3c725d4bbc
MySecretKey2
MySecretKey3
MySecretKey3
596d922284bca945651022adc4e5b9b7e0bd5d0fc857c846beea323edafe76d941007d8f1d52acf0d1283aaeb66f5deb2f3d334efcb5f20b65e0aeb445c09668
6d6555badd256aa7089245772626fbeb5e5c88b42c5c801e6d67f5a6cf0e9a2e3771cbf786fa7aa953af12838612d0b4ba428d801c4e71a6ed6afc1f3bac345e
35294e600f832daddb623c657dd682a6942348e4d8888db5de7ef4ac909b1c6d232245f7ceb8d5e1bbb3aa36a63f9da926c3946ff02e90539fd53cf015b8fe2f
]]></system-out>
  <system-err><![CDATA[]]></system-err>
</testsuite>
