<?xml version="1.0" encoding="UTF-8"?>
<testsuite name="com.dotcms.util.diff.DiffCommandTest" tests="2" skipped="0" failures="0" errors="0" timestamp="2023-07-14T21:53:43" hostname="fv-az257-148" time="0.007">
  <properties/>
  <testcase name="applyDiff_Comparable" classname="com.dotcms.util.diff.DiffCommandTest" time="0.005"/>
  <testcase name="applyDiff_Differentiable" classname="com.dotcms.util.diff.DiffCommandTest" time="0.002"/>
  <system-out><![CDATA[{six=six, five=five}
{two=two}
{four=fourxxx, one=onexxx}
{six=com.dotcms.util.diff.DiffCommandTest$StringDifferentiable@7afb2176, five=com.dotcms.util.diff.DiffCommandTest$StringDifferentiable@f4cde50}
{two=com.dotcms.util.diff.DiffCommandTest$StringDifferentiable@34af327b}
{four=com.dotcms.util.diff.DiffCommandTest$StringDifferentiable@67037c82, one=com.dotcms.util.diff.DiffCommandTest$StringDifferentiable@44501185}
]]></system-out>
  <system-err><![CDATA[]]></system-err>
</testsuite>
