<?xml version="1.0" encoding="UTF-8"?>
<testsuite name="com.dotcms.auth.providers.jwt.factories.SecretKeySpecFactoryTest" tests="1" skipped="0" failures="0" errors="0" timestamp="2023-06-26T18:06:53" hostname="fv-az646-389" time="1.395">
  <properties/>
  <testcase name="readAndPrepareSecret" classname="com.dotcms.auth.providers.jwt.factories.SecretKeySpecFactoryTest" time="1.395"/>
  <system-out><![CDATA[72ac0eb3301d5a3048e4bc4e3b7e9e44a40cfcf8595d61d2ca0337c5dd6e148a103067636fafcc2556559e93db054aca80f1bfca104048a09be1823707c2acbe
MySecretKey2
MySecretKey3
MySecretKey3
49a4fd5dada6e6891ad481da0569546026f84fd2dadc2682c1172ad12aa3b7dca94ae56ed746a7e331522132a09c500db80912f1c5c5ac339b02713a5aefa878
20e6f6ddd469600222bb72709cebb299a7c3e62c9997c4af3b463d57a28491e83fbc71ccda20eb80d33327883ec21f16197f41b1dae74fa7462c0e9cac3c16f4
c08dddb6571cf18270735cbbf8da1073b4a4e356474ced181ef55725476af92366ff0e59b6d04c505751f95fbc4f509cdc48a988ac4db50a6e394f2b9c6cb7d0
]]></system-out>
  <system-err><![CDATA[]]></system-err>
</testsuite>
