<?xml version="1.0" encoding="UTF-8"?>
<testsuite name="com.dotcms.auth.providers.jwt.factories.SecretKeySpecFactoryTest" tests="1" skipped="0" failures="0" errors="0" timestamp="2023-07-05T19:34:33" hostname="fv-az561-796" time="2.121">
  <properties/>
  <testcase name="readAndPrepareSecret" classname="com.dotcms.auth.providers.jwt.factories.SecretKeySpecFactoryTest" time="2.121"/>
  <system-out><![CDATA[570522f955da89f501510dc4047eb9c4222ec618f34cd91f31a514ab17f5f74956bfa2bab1f1e3ab8719bfbf9735455293eeeea754d438d5fc9591c389ce0ec1
MySecretKey2
MySecretKey3
MySecretKey3
78ec722688540dbc7c86a6ba921909729d6f9029e5032c8cfdd5bbacde4850799cefa7daf2360f5916cff8e2576b40c8cc98a15b6963a64a56d378f3e99896dc
2f047a51b493304bc9de1d791b4735f70d8a7a1184c1e76d09304e1a9cd79cb51ae00bca8cfa57e1a0a2f9cc6c758168b844cbf8b90bbfbff3d5d621914a8cb9
b5dd935f8de325e711a5bf1dc2c8e8f28655f72396a2450b06d436b6d59201e455bb2634073117646fb4f9cdb6b75267b63252f5aca8a92eb943a272082eeac6
]]></system-out>
  <system-err><![CDATA[]]></system-err>
</testsuite>
