<?xml version="1.0" encoding="UTF-8"?>
<testsuite name="com.dotcms.util.diff.DiffCommandTest" tests="2" skipped="0" failures="0" errors="0" timestamp="2023-06-27T14:29:25" hostname="fv-az586-867" time="0.012">
  <properties/>
  <testcase name="applyDiff_Comparable" classname="com.dotcms.util.diff.DiffCommandTest" time="0.01"/>
  <testcase name="applyDiff_Differentiable" classname="com.dotcms.util.diff.DiffCommandTest" time="0.002"/>
  <system-out><![CDATA[{six=six, five=five}
{two=two}
{four=fourxxx, one=onexxx}
{six=com.dotcms.util.diff.DiffCommandTest$StringDifferentiable@444bc1ab, five=com.dotcms.util.diff.DiffCommandTest$StringDifferentiable@1792c85c}
{two=com.dotcms.util.diff.DiffCommandTest$StringDifferentiable@48948c4f}
{four=com.dotcms.util.diff.DiffCommandTest$StringDifferentiable@420143cc, one=com.dotcms.util.diff.DiffCommandTest$StringDifferentiable@58dd84be}
]]></system-out>
  <system-err><![CDATA[]]></system-err>
</testsuite>
