<?xml version="1.0" encoding="UTF-8"?>
<testsuite name="com.dotcms.auth.providers.jwt.factories.SecretKeySpecFactoryTest" tests="1" skipped="0" failures="0" errors="0" timestamp="2023-07-07T16:56:59" hostname="fv-az561-33" time="1.69">
  <properties/>
  <testcase name="readAndPrepareSecret" classname="com.dotcms.auth.providers.jwt.factories.SecretKeySpecFactoryTest" time="1.69"/>
  <system-out><![CDATA[d03a6ab58f7d643c834ec2bd3ea7b92a16d80b6a229cc0186e6c0f46212f242ab1892f8d8f6dc222ebcffde77b25cb6ccec8e85d1f89931dcf3d6e2b65f95c00
MySecretKey2
MySecretKey3
MySecretKey3
dcb974b5100a8e6814aa17e38b6baa25bf6dceb7e759bbe016dc4ea0507d12d655cbf0053a4272c54dfe5049b674b7fe36b4ab4567b83d3dff2c80c0975cd23a
a50f7f36f64a260178d78f9a10f6fd233f1abb172b96629c261f4cc434b7ada4ed2aa8e8745f03d11c704a3f6163a88dfe5e97006506203c7acefef8ba6a0e04
7d1fb434db7e1d4a7d10cebfd97409b951f2debcb5918afed4dc1338f1c11718a8c3a32e4b0127146acd9ec0595a876dce11a3ab22de29199f60031b9b3f2acd
]]></system-out>
  <system-err><![CDATA[]]></system-err>
</testsuite>
