<?xml version="1.0" encoding="UTF-8"?>
<testsuite name="com.dotcms.util.diff.DiffCommandTest" tests="2" skipped="0" failures="0" errors="0" timestamp="2023-06-29T16:42:52" hostname="fv-az502-91" time="0.006">
  <properties/>
  <testcase name="applyDiff_Comparable" classname="com.dotcms.util.diff.DiffCommandTest" time="0.005"/>
  <testcase name="applyDiff_Differentiable" classname="com.dotcms.util.diff.DiffCommandTest" time="0.001"/>
  <system-out><![CDATA[{six=six, five=five}
{two=two}
{four=fourxxx, one=onexxx}
{six=com.dotcms.util.diff.DiffCommandTest$StringDifferentiable@7a6e4000, five=com.dotcms.util.diff.DiffCommandTest$StringDifferentiable@9d57cec}
{two=com.dotcms.util.diff.DiffCommandTest$StringDifferentiable@5ea8ab76}
{four=com.dotcms.util.diff.DiffCommandTest$StringDifferentiable@6ff904de, one=com.dotcms.util.diff.DiffCommandTest$StringDifferentiable@679f3761}
]]></system-out>
  <system-err><![CDATA[]]></system-err>
</testsuite>
