<?xml version="1.0" encoding="UTF-8"?>
<testsuite name="com.dotcms.auth.providers.jwt.factories.SecretKeySpecFactoryTest" tests="1" skipped="0" failures="0" errors="0" timestamp="2023-07-12T14:14:22" hostname="fv-az301-662" time="1.824">
  <properties/>
  <testcase name="readAndPrepareSecret" classname="com.dotcms.auth.providers.jwt.factories.SecretKeySpecFactoryTest" time="1.824"/>
  <system-out><![CDATA[933c63eceb2cd66d24ccba673233cad5d7f990e003cf060e427ade0ebe3442fc7194cc41beda8fc7bc8dfe3175661f1d118c9add6dccd41c8ca1f1708a74bab8
MySecretKey2
MySecretKey3
MySecretKey3
572f31a041fbfc2a5067f915609a22d62cfa1570933082f534af8783b501aef6cb35c60e01456becdff6e8e242e81319d6566ee549a98ff9e384b40d3fa9017c
629f26f448ecff9d9b9e2d3f9a756250a6e563b204611e81dbef5d949eb31146d10993b5bfd808dfa8f2004f5b78734f7d8384b9a73a6b441b1028d944c2083d
04741f80b3ad996191062e420d7488200a7e6eacf6fdbff529d6036137af9372ef2f03a4fd944f7ab06dadd89ed46eb721f43dedb58620ed83e237c2b1202db9
]]></system-out>
  <system-err><![CDATA[]]></system-err>
</testsuite>
