<?xml version="1.0" encoding="UTF-8"?>
<testsuite name="com.dotcms.analytics.bayesian.BetaDistributionWrapperTest" tests="1" skipped="0" failures="0" errors="0" timestamp="2023-07-13T15:54:44" hostname="fv-az178-328" time="0.171">
  <properties/>
  <testcase name="test_pdfElements" classname="com.dotcms.analytics.bayesian.BetaDistributionWrapperTest" time="0.171"/>
  <system-out><![CDATA[]]></system-out>
  <system-err><![CDATA[]]></system-err>
</testsuite>
