<?xml version="1.0" encoding="UTF-8"?>
<testsuite name="com.dotmarketing.portlets.workflows.ajax.WfBaseActionTest" tests="3" skipped="0" failures="0" errors="0" timestamp="2023-07-19T20:25:42" hostname="fv-az488-38" time="0.13">
  <properties/>
  <testcase name="TestOnNullCallTheDefaultCommand" classname="com.dotmarketing.portlets.workflows.ajax.WfBaseActionTest" time="0.102"/>
  <testcase name="TestNotAllowedCommands" classname="com.dotmarketing.portlets.workflows.ajax.WfBaseActionTest" time="0.006"/>
  <testcase name="TestAllowedCommands" classname="com.dotmarketing.portlets.workflows.ajax.WfBaseActionTest" time="0.022"/>
  <system-out><![CDATA[ Command ::  forbiddenMethod  on  class Mock for WfRoleStoreAjax, hashCode: 1914679332
 Command ::  forbiddenMethod  on  class Mock for WfActionAjax, hashCode: 849136278
 Command ::  forbiddenMethod  on  class Mock for WfActionClassAjax, hashCode: 35657929
 Command ::  forbiddenMethod  on  class Mock for WfSchemeAjax, hashCode: 516843172
 Command ::  forbiddenMethod  on  class Mock for WfTaskAjax, hashCode: 421527704
 Command ::  rolesToJson  on  class Mock for WfRoleStoreAjax, hashCode: 684773689
 Command ::  assignable  on  class Mock for WfRoleStoreAjax, hashCode: 684773689
 Command ::  action  on  class Mock for WfRoleStoreAjax, hashCode: 684773689
 Command ::  delete  on  class Mock for WfActionAjax, hashCode: 263987375
 Command ::  save  on  class Mock for WfActionAjax, hashCode: 263987375
 Command ::  deleteActionForStep  on  class Mock for WfActionAjax, hashCode: 263987375
 Command ::  add  on  class Mock for WfActionAjax, hashCode: 263987375
 Command ::  action  on  class Mock for WfActionAjax, hashCode: 263987375
 Command ::  reorder  on  class Mock for WfActionAjax, hashCode: 263987375
 Command ::  action  on  class Mock for WfActionClassAjax, hashCode: 567158282
 Command ::  add  on  class Mock for WfActionClassAjax, hashCode: 567158282
 Command ::  save  on  class Mock for WfActionClassAjax, hashCode: 567158282
 Command ::  delete  on  class Mock for WfActionClassAjax, hashCode: 567158282
 Command ::  reorder  on  class Mock for WfActionClassAjax, hashCode: 567158282
 Command ::  action  on  class Mock for WfSchemeAjax, hashCode: 1688217751
 Command ::  save  on  class Mock for WfSchemeAjax, hashCode: 1688217751
 Command ::  executeActions  on  class Mock for WfTaskAjax, hashCode: 1625511230
 Command ::  executeAction  on  class Mock for WfTaskAjax, hashCode: 1625511230
 Command ::  action  on  class Mock for WfTaskAjax, hashCode: 1625511230
]]></system-out>
  <system-err><![CDATA[]]></system-err>
</testsuite>
