<?xml version="1.0" encoding="UTF-8"?>
<testsuite name="com.dotcms.rest.api.v1.authentication.AuthenticationResourceTest" tests="10" skipped="0" failures="0" errors="0" timestamp="2023-07-05T22:42:56" hostname="fv-az805-442" time="0.326">
  <properties/>
  <testcase name="testEmptyParameter" classname="com.dotcms.rest.api.v1.authentication.AuthenticationResourceTest" time="0.2"/>
  <testcase name="testUserPasswordException" classname="com.dotcms.rest.api.v1.authentication.AuthenticationResourceTest" time="0.062"/>
  <testcase name="testgetUsersWithLoginAs" classname="com.dotcms.rest.api.v1.authentication.AuthenticationResourceTest" time="0.009"/>
  <testcase name="testAuthException" classname="com.dotcms.rest.api.v1.authentication.AuthenticationResourceTest" time="0.009"/>
  <testcase name="testgetUsersWithoutLoginAs" classname="com.dotcms.rest.api.v1.authentication.AuthenticationResourceTest" time="0.016"/>
  <testcase name="testNoSuchUserException" classname="com.dotcms.rest.api.v1.authentication.AuthenticationResourceTest" time="0.003"/>
  <testcase name="testRequiredLayoutException" classname="com.dotcms.rest.api.v1.authentication.AuthenticationResourceTest" time="0.002"/>
  <testcase name="testUserActiveException" classname="com.dotcms.rest.api.v1.authentication.AuthenticationResourceTest" time="0.015"/>
  <testcase name="testWrongParameter" classname="com.dotcms.rest.api.v1.authentication.AuthenticationResourceTest" time="0.001"/>
  <testcase name="testUserEmailAddressException" classname="com.dotcms.rest.api.v1.authentication.AuthenticationResourceTest" time="0.002"/>
  <system-out><![CDATA[ErrorEntity{errorCode='your-account-is-not-active', message='your-account-is-not-active', fieldName='null'}
]]></system-out>
  <system-err><![CDATA[Jul 05, 2023 10:42:56 PM com.dotcms.repackage.org.hibernate.validator.internal.util.Version <clinit>
INFO: HV000001: Hibernate Validator 4.3.2.Final
]]></system-err>
</testsuite>
