<?xml version="1.0" encoding="UTF-8"?>
<testsuite name="com.dotcms.util.pagination.SiteViewPaginatorUnitTest" tests="2" skipped="0" failures="0" errors="0" timestamp="2023-07-12T16:54:39" hostname="fv-az218-756" time="0.219">
  <properties/>
  <testcase name="Test_Get_Items_Sorted_Pages" classname="com.dotcms.util.pagination.SiteViewPaginatorUnitTest" time="0.142"/>
  <testcase name="Test_Get_Items_Page_Size" classname="com.dotcms.util.pagination.SiteViewPaginatorUnitTest" time="0.076"/>
  <system-out><![CDATA[SYSTEM_HOST
0
2
3
5
7
8
]]></system-out>
  <system-err><![CDATA[]]></system-err>
</testsuite>
