<?xml version="1.0" encoding="UTF-8"?>
<testsuite name="com.dotmarketing.util.NumberUtilTest" tests="10" skipped="0" failures="0" errors="0" timestamp="2023-07-10T15:04:27" hostname="fv-az341-658" time="0.008">
  <properties/>
  <testcase name="testToIntInvalid" classname="com.dotmarketing.util.NumberUtilTest" time="0.001"/>
  <testcase name="testToIntEmpty2" classname="com.dotmarketing.util.NumberUtilTest" time="0.001"/>
  <testcase name="testToInt" classname="com.dotmarketing.util.NumberUtilTest" time="0.0"/>
  <testcase name="testToLongEmpty" classname="com.dotmarketing.util.NumberUtilTest" time="0.0"/>
  <testcase name="testToIntEmpty" classname="com.dotmarketing.util.NumberUtilTest" time="0.0"/>
  <testcase name="testLongInt" classname="com.dotmarketing.util.NumberUtilTest" time="0.0"/>
  <testcase name="testToIntNull" classname="com.dotmarketing.util.NumberUtilTest" time="0.001"/>
  <testcase name="testToLongInvalid" classname="com.dotmarketing.util.NumberUtilTest" time="0.0"/>
  <testcase name="testToLongNull" classname="com.dotmarketing.util.NumberUtilTest" time="0.001"/>
  <testcase name="testToLongEmpty2" classname="com.dotmarketing.util.NumberUtilTest" time="0.0"/>
  <system-out><![CDATA[]]></system-out>
  <system-err><![CDATA[]]></system-err>
</testsuite>
