<?xml version="1.0" encoding="UTF-8"?>
<testsuite name="com.dotcms.auth.providers.jwt.factories.SecretKeySpecFactoryTest" tests="1" skipped="0" failures="0" errors="0" timestamp="2023-07-17T23:49:22" hostname="fv-az615-953" time="1.441">
  <properties/>
  <testcase name="readAndPrepareSecret" classname="com.dotcms.auth.providers.jwt.factories.SecretKeySpecFactoryTest" time="1.441"/>
  <system-out><![CDATA[10a5d0b22aa9a9b0eaf0001b1b8f394cc52625abef71e7d54cded8043b701269be31657d30d8fb52ca1e27b2c54d9ef5343f252d92e52fbac67f6fefc4cee170
MySecretKey2
MySecretKey3
MySecretKey3
b6130ede7fa2925c6b3018fe753d5a29e5c883164141fed1791bcfd413aa6b404367054ce4dcd246781994b9213af2c08861e991a314c5a656fc77cb2cbe2121
7cf022548bd1f8354777d38654377ad5da756a8df88933d11aecf1c9c5b22ef98583e4248c1fccb612455b24314b713377f13945d688553f7c0fb6e81007addf
2df489d0540def1e85695030a1e0a6551ff3ca07077137003aef140a1aba4e09a527d45b7e6c66757f02da849fb04bd84ade160d07b9d23d983289061d82a1b9
]]></system-out>
  <system-err><![CDATA[]]></system-err>
</testsuite>
