<?xml version="1.0" encoding="UTF-8"?>
<testsuite name="com.dotcms.auth.providers.jwt.factories.SecretKeySpecFactoryTest" tests="1" skipped="0" failures="0" errors="0" timestamp="2023-06-28T16:17:58" hostname="fv-az576-793" time="1.965">
  <properties/>
  <testcase name="readAndPrepareSecret" classname="com.dotcms.auth.providers.jwt.factories.SecretKeySpecFactoryTest" time="1.965"/>
  <system-out><![CDATA[52c13a6dd638b62b9325eafa8e4b16e7806fedbed1ce255d872e09d084f1ab3eeddea52ed6010bc692869a3c57ef50ede2be0f95c4f5df18e47378b2db0d7d56
MySecretKey2
MySecretKey3
MySecretKey3
ff97efef95ce47928537d7d23cf318f95acd93f1982f727c5053fe8023a354bd7b6437f41d52fee855e2f387be33f096916f2279f50210df75b2a22897f5d6c6
156d4f61787b7b1048e89008f1a05711e6c6a064aa3a847ac5a0489c963952ed8f510c27ed2269199a1a954cab0b0c0f7ead238b9b4a7836005968f3d3259e6b
b4629d6de8e0a2e2f6c0c71bedad70c8f35e73277dbc3508ca62b63da7ce41933314f7a2683fbfe383714477c1b3fd00743900919578fcec7912db52c10305c5
]]></system-out>
  <system-err><![CDATA[]]></system-err>
</testsuite>
