<?xml version="1.0" encoding="UTF-8"?>
<testsuite name="com.dotcms.auth.providers.jwt.factories.SecretKeySpecFactoryTest" tests="1" skipped="0" failures="0" errors="0" timestamp="2023-06-23T17:09:02" hostname="fv-az313-98" time="1.189">
  <properties/>
  <testcase name="readAndPrepareSecret" classname="com.dotcms.auth.providers.jwt.factories.SecretKeySpecFactoryTest" time="1.189"/>
  <system-out><![CDATA[3f55bbb58b6027f045164e651d936c9da2d4885c1eb7b20fbe2e8f3fd3b92bd8125142219e381dd32db00309f04d5f10b935fcb6d303a52c9a545a92ae3e694d
MySecretKey2
MySecretKey3
MySecretKey3
03ae6133edbdbe5eaf68a797dc091956f59ec4d6543554056489b82bf91d509c9f6b393576d1e08916d4c4627b930f02cdea210d17054bdb5221e32a975eab86
7a28eea1219c5c5f4ba6b4e7dcad36ef5f544dbebdf21359c5ba3c72c60624af89458308fab2700b3397741ffe60424381d06db17dd480754b2fa82743226539
c49d5282164f2419c4cfacf272e98529f016d6cbe950b7303b913c5dcd2ae1809cf991ad2eeadd62ed1358990a4744184317a587276717d6bf0105173e8c9e32
]]></system-out>
  <system-err><![CDATA[]]></system-err>
</testsuite>
