<?xml version="1.0" encoding="UTF-8"?>
<testsuite name="com.dotcms.util.PaginationUtilTest" tests="4" skipped="0" failures="0" errors="0" timestamp="2023-07-07T18:23:11" hostname="fv-az627-709" time="0.081">
  <properties/>
  <testcase name="testPageWhenFilterIsEmpty" classname="com.dotcms.util.PaginationUtilTest" time="0.037"/>
  <testcase name="testPage" classname="com.dotcms.util.PaginationUtilTest" time="0.039"/>
  <testcase name="testPageWhenFilterIsNull" classname="com.dotcms.util.PaginationUtilTest" time="0.002"/>
  <testcase name="when_One_extraParamsIsACollection" classname="com.dotcms.util.PaginationUtilTest" time="0.003"/>
  <system-out><![CDATA[]]></system-out>
  <system-err><![CDATA[]]></system-err>
</testsuite>
