<?xml version="1.0" encoding="UTF-8"?>
<testsuite name="com.dotcms.analytics.cache.AnalyticsCacheTest" tests="2" skipped="0" failures="0" errors="0" timestamp="2023-06-30T20:09:35" hostname="fv-az456-372" time="0.072">
  <properties/>
  <testcase name="test_accessToken_lifecycle" classname="com.dotcms.analytics.cache.AnalyticsCacheTest" time="0.067"/>
  <testcase name="test_putAccessToken_noAccessToken" classname="com.dotcms.analytics.cache.AnalyticsCacheTest" time="0.004"/>
  <system-out><![CDATA[]]></system-out>
  <system-err><![CDATA[]]></system-err>
</testsuite>
