<?xml version="1.0" encoding="UTF-8"?>
<testsuite name="com.dotcms.auth.providers.jwt.factories.SecretKeySpecFactoryTest" tests="1" skipped="0" failures="0" errors="0" timestamp="2023-07-13T17:48:04" hostname="fv-az401-469" time="1.795">
  <properties/>
  <testcase name="readAndPrepareSecret" classname="com.dotcms.auth.providers.jwt.factories.SecretKeySpecFactoryTest" time="1.795"/>
  <system-out><![CDATA[afa835ed82bab82caedf1cfde451533ea4b6efb01170f6fc46802ceddb13d4080d5c501f7b8cce5a8ee2171f8394c0ddb91164906358b5ff30a6a674b965f687
MySecretKey2
MySecretKey3
MySecretKey3
34d9e33100958163e3a01442004edaa405defd01d0d448fd238ba98856fc32928c61bdc1d20eb5ff2c3d60ad0d15be3431a2e19688c6d849870b1545709b9825
155c15ad0b22b505ca364befb6dc589454c2f1a249284b7a07e4f99a547492f9ed668759194046979acd8cc65c91dac00867b0f93bf2301ee4eee18ff2821c7b
c08c07d78474c5e1153fe7df68df7e97ce8c0971bf7940a5ced7faa646c22195299fa3134b3099230d70069764860ae7a613fd1fba869748dd3e41a25ed73b55
]]></system-out>
  <system-err><![CDATA[]]></system-err>
</testsuite>
