<?xml version="1.0" encoding="UTF-8"?>
<testsuite name="com.dotcms.analytics.cache.AnalyticsCacheTest" tests="2" skipped="0" failures="0" errors="0" timestamp="2023-07-17T20:01:47" hostname="fv-az621-935" time="0.034">
  <properties/>
  <testcase name="test_accessToken_lifecycle" classname="com.dotcms.analytics.cache.AnalyticsCacheTest" time="0.031"/>
  <testcase name="test_putAccessToken_noAccessToken" classname="com.dotcms.analytics.cache.AnalyticsCacheTest" time="0.003"/>
  <system-out><![CDATA[]]></system-out>
  <system-err><![CDATA[]]></system-err>
</testsuite>
