<?xml version="1.0" encoding="UTF-8"?>
<testsuite name="com.dotcms.concurrent.DotConcurrentFactoryTest" tests="8" skipped="0" failures="0" errors="0" timestamp="2023-07-17T18:04:47" hostname="fv-az400-396" time="57.915">
  <properties/>
  <testcase name="testDefaultOne_Submitter_Config_shutdown_keep_config" classname="com.dotcms.concurrent.DotConcurrentFactoryTest" time="15.278"/>
  <testcase name="testDefaultOne_Submitter_Config" classname="com.dotcms.concurrent.DotConcurrentFactoryTest" time="10.238"/>
  <testcase name="test_delayed_queue" classname="com.dotcms.concurrent.DotConcurrentFactoryTest" time="2.001"/>
  <testcase name="testDefaultOne" classname="com.dotcms.concurrent.DotConcurrentFactoryTest" time="3.315"/>
  <testcase name="test_Conditional_Submitter" classname="com.dotcms.concurrent.DotConcurrentFactoryTest" time="16.02"/>
  <testcase name="testDefaultOne_Single_Submitter_Config" classname="com.dotcms.concurrent.DotConcurrentFactoryTest" time="10.011"/>
  <testcase name="test_toCompletableAnyFuture_success" classname="com.dotcms.concurrent.DotConcurrentFactoryTest" time="0.011"/>
  <testcase name="testSubmit_Single_Submitter_Config" classname="com.dotcms.concurrent.DotConcurrentFactoryTest" time="1.041"/>
  <system-out><![CDATA[DotConcurrentImpl{threadPoolExecutor=name = testsubmitter {com.dotcms.concurrent.DotConcurrentFactory$DotThreadPoolExecutor@163f489e[Running, pool size = 0, active threads = 0, queued tasks = 0, completed tasks = 0]}
MaximumPoolSize=4
keepAliveMillis=60000
queue=[]
shutdown=false}
DotConcurrentImpl{threadPoolExecutor=name = testsubmitter {com.dotcms.concurrent.DotConcurrentFactory$DotThreadPoolExecutor@163f489e[Running, pool size = 0, active threads = 0, queued tasks = 0, completed tasks = 0]}
MaximumPoolSize=4
keepAliveMillis=60000
queue=[]
shutdown=false}
DotConcurrentImpl{threadPoolExecutor=name = testsubmitter {com.dotcms.concurrent.DotConcurrentFactory$DotThreadPoolExecutor@163f489e[Running, pool size = 2, active threads = 2, queued tasks = 8, completed tasks = 0]}
MaximumPoolSize=4
keepAliveMillis=60000
queue=[com.dotcms.concurrent.DotConcurrentFactoryTest$PrintTask@2b08970c, com.dotcms.concurrent.DotConcurrentFactoryTest$PrintTask@786b78fb, com.dotcms.concurrent.DotConcurrentFactoryTest$PrintTask@520a7546, com.dotcms.concurrent.DotConcurrentFactoryTest$PrintTask@440c09f6, com.dotcms.concurrent.DotConcurrentFactoryTest$PrintTask@2bd3568c, com.dotcms.concurrent.DotConcurrentFactoryTest$PrintTask@85c4fad, com.dotcms.concurrent.DotConcurrentFactoryTest$PrintTask@97dbba5, com.dotcms.concurrent.DotConcurrentFactoryTest$PrintTask@2d9a40c5]
shutdown=false}
DotConcurrentImpl{threadPoolExecutor=name = testsubmitter {com.dotcms.concurrent.DotConcurrentFactory$DotThreadPoolExecutor@163f489e[Running, pool size = 2, active threads = 2, queued tasks = 18, completed tasks = 0]}
MaximumPoolSize=4
keepAliveMillis=60000
queue=[com.dotcms.concurrent.DotConcurrentFactoryTest$PrintTask@2b08970c, com.dotcms.concurrent.DotConcurrentFactoryTest$PrintTask@786b78fb, com.dotcms.concurrent.DotConcurrentFactoryTest$PrintTask@520a7546, com.dotcms.concurrent.DotConcurrentFactoryTest$PrintTask@440c09f6, com.dotcms.concurrent.DotConcurrentFactoryTest$PrintTask@2bd3568c, com.dotcms.concurrent.DotConcurrentFactoryTest$PrintTask@85c4fad, com.dotcms.concurrent.DotConcurrentFactoryTest$PrintTask@97dbba5, com.dotcms.concurrent.DotConcurrentFactoryTest$PrintTask@2d9a40c5, com.dotcms.concurrent.DotConcurrentFactoryTest$PrintTask@1ccc04cc, com.dotcms.concurrent.DotConcurrentFactoryTest$PrintTask@768711df, com.dotcms.concurrent.DotConcurrentFactoryTest$PrintTask@12c33c39, com.dotcms.concurrent.DotConcurrentFactoryTest$PrintTask@6d20cacc, com.dotcms.concurrent.DotConcurrentFactoryTest$PrintTask@113649c0, com.dotcms.concurrent.DotConcurrentFactoryTest$PrintTask@5ff1bbd0, com.dotcms.concurrent.DotConcurrentFactoryTest$PrintTask@54d866e3, com.dotcms.concurrent.DotConcurrentFactoryTest$PrintTask@3fc5b01e, com.dotcms.concurrent.DotConcurrentFactoryTest$PrintTask@1c9e866f, com.dotcms.concurrent.DotConcurrentFactoryTest$PrintTask@4e639117]
shutdown=false}
DotConcurrentImpl{threadPoolExecutor=name = testsubmitter {com.dotcms.concurrent.DotConcurrentFactory$DotThreadPoolExecutor@163f489e[Running, pool size = 2, active threads = 2, queued tasks = 28, completed tasks = 0]}
MaximumPoolSize=4
keepAliveMillis=60000
queue=[com.dotcms.concurrent.DotConcurrentFactoryTest$PrintTask@2b08970c, com.dotcms.concurrent.DotConcurrentFactoryTest$PrintTask@786b78fb, com.dotcms.concurrent.DotConcurrentFactoryTest$PrintTask@520a7546, com.dotcms.concurrent.DotConcurrentFactoryTest$PrintTask@440c09f6, com.dotcms.concurrent.DotConcurrentFactoryTest$PrintTask@2bd3568c, com.dotcms.concurrent.DotConcurrentFactoryTest$PrintTask@85c4fad, com.dotcms.concurrent.DotConcurrentFactoryTest$PrintTask@97dbba5, com.dotcms.concurrent.DotConcurrentFactoryTest$PrintTask@2d9a40c5, com.dotcms.concurrent.DotConcurrentFactoryTest$PrintTask@1ccc04cc, com.dotcms.concurrent.DotConcurrentFactoryTest$PrintTask@768711df, com.dotcms.concurrent.DotConcurrentFactoryTest$PrintTask@12c33c39, com.dotcms.concurrent.DotConcurrentFactoryTest$PrintTask@6d20cacc, com.dotcms.concurrent.DotConcurrentFactoryTest$PrintTask@113649c0, com.dotcms.concurrent.DotConcurrentFactoryTest$PrintTask@5ff1bbd0, com.dotcms.concurrent.DotConcurrentFactoryTest$PrintTask@54d866e3, com.dotcms.concurrent.DotConcurrentFactoryTest$PrintTask@3fc5b01e, com.dotcms.concurrent.DotConcurrentFactoryTest$PrintTask@1c9e866f, com.dotcms.concurrent.DotConcurrentFactoryTest$PrintTask@4e639117, com.dotcms.concurrent.DotConcurrentFactoryTest$PrintTask@591b1946, com.dotcms.concurrent.DotConcurrentFactoryTest$PrintTask@4b4c173b, com.dotcms.concurrent.DotConcurrentFactoryTest$PrintTask@23094dc3, com.dotcms.concurrent.DotConcurrentFactoryTest$PrintTask@71309b9c, com.dotcms.concurrent.DotConcurrentFactoryTest$PrintTask@70606dd5, com.dotcms.concurrent.DotConcurrentFactoryTest$PrintTask@5bbe492d, com.dotcms.concurrent.DotConcurrentFactoryTest$PrintTask@323060cc, com.dotcms.concurrent.DotConcurrentFactoryTest$PrintTask@4729f16d, com.dotcms.concurrent.DotConcurrentFactoryTest$PrintTask@34d42298, com.dotcms.concurrent.DotConcurrentFactoryTest$PrintTask@1d0af20e]
shutdown=false}
Active Threads : 2
Thread0 is running
Thread1 is running
Active Threads : 2
Active Threads : 2
Active Threads : 2
Active Threads : 2
Thread0 is running
Thread2 is running
Active Threads : 2
Thread1 is running
Thread3 is running
Active Threads : 2
Active Threads : 2
Active Threads : 2
Active Threads : 2
Thread2 is running
Thread4 is running
Active Threads : 2
Thread3 is running
Thread5 is running
Active Threads : 2
Active Threads : 2
Active Threads : 2
Active Threads : 2
Thread4 is running
Thread6 is running
Thread5 is running
Thread7 is running
Active Threads : 2
Active Threads : 2
Active Threads : 2
Active Threads : 2
Active Threads : 2
Thread6 is running
Thread8 is running
Thread7 is running
Thread9 is running
Active Threads : 2
Active Threads : 2
Active Threads : 2
Active Threads : 2
Active Threads : 2
Thread8 is running
Thread10 is running
Thread9 is running
Thread11 is running
Active Threads : 2
Active Threads : 2
Active Threads : 2
Active Threads : 2
Active Threads : 2
Thread10 is running
Thread12 is running
Thread11 is running
Thread13 is running
Active Threads : 2
Active Threads : 2
Active Threads : 2
Active Threads : 2
Active Threads : 2
Thread12 is running
Thread14 is running
Thread13 is running
Thread15 is running
Active Threads : 2
Active Threads : 2
Active Threads : 2
Active Threads : 2
Active Threads : 2
Thread14 is running
Thread16 is running
Thread15 is running
Thread17 is running
Active Threads : 2
Active Threads : 2
Active Threads : 2
Active Threads : 2
Active Threads : 2
Thread16 is running
Thread18 is running
Thread17 is running
Thread19 is running
Active Threads : 2
Active Threads : 2
Active Threads : 2
Active Threads : 2
Active Threads : 2
Thread18 is running
Thread20 is running
Thread19 is running
Thread21 is running
Active Threads : 2
Active Threads : 2
Active Threads : 2
Active Threads : 2
Active Threads : 2
Thread20 is running
Thread22 is running
Thread21 is running
Thread23 is running
Active Threads : 2
Active Threads : 2
Active Threads : 2
Active Threads : 2
Active Threads : 2
Thread22 is running
Thread23 is running
Thread24 is running
Thread25 is running
Active Threads : 2
Active Threads : 2
Active Threads : 2
Active Threads : 2
Active Threads : 2
Thread24 is running
Thread26 is running
Thread25 is running
Thread27 is running
Active Threads : 2
Active Threads : 2
Active Threads : 2
Active Threads : 2
Active Threads : 2
Thread26 is running
Thread27 is running
Thread28 is running
Thread29 is running
Active Threads : 2
Active Threads : 2
Active Threads : 2
Active Threads : 2
Active Threads : 2
Thread28 is running
Thread29 is running
Thread30 is running
Thread31 is running
Active Threads : 2
Active Threads : 2
Active Threads : 2
Active Threads : 2
Active Threads : 2
Thread30 is running
Thread31 is running
Thread32 is running
Thread33 is running
Active Threads : 2
Active Threads : 2
Active Threads : 2
Active Threads : 2
Active Threads : 2
Thread32 is running
Thread33 is running
Thread34 is running
Thread35 is running
Active Threads : 2
Active Threads : 2
Active Threads : 2
Active Threads : 2
Active Threads : 2
Thread35 is running
Thread34 is running
Thread36 is running
Thread37 is running
Active Threads : 2
Active Threads : 2
Active Threads : 2
Active Threads : 2
Active Threads : 2
Thread36 is running
Thread37 is running
Thread39 is running
Thread38 is running
Active Threads : 2
Active Threads : 2
Active Threads : 2
Active Threads : 2
Active Threads : 2
Thread39 is running
Thread38 is running
Active Threads : 0
Staring a new one submitterDotConcurrentImpl{threadPoolExecutor=name = testsubmitter {com.dotcms.concurrent.DotConcurrentFactory$DotThreadPoolExecutor@24a7e906[Running, pool size = 0, active threads = 0, queued tasks = 0, completed tasks = 0]}
MaximumPoolSize=4
keepAliveMillis=60000
queue=[]
shutdown=false}
Thread0 is running
Active Threads : 2
Thread1 is running
Active Threads : 2
Active Threads : 2
Active Threads : 2
Active Threads : 2
Thread0 is running
Thread2 is running
Thread1 is running
Thread3 is running
Active Threads : 2
Active Threads : 2
Active Threads : 2
Active Threads : 2
Active Threads : 2
Thread2 is running
Thread3 is running
Thread4 is running
Thread5 is running
Active Threads : 2
Active Threads : 2
Active Threads : 2
Active Threads : 2
Active Threads : 2
Thread4 is running
Thread5 is running
Thread6 is running
Thread7 is running
Active Threads : 2
Active Threads : 2
Active Threads : 2
Active Threads : 2
Active Threads : 2
Thread6 is running
Thread7 is running
Thread8 is running
Thread9 is running
Active Threads : 2
Active Threads : 2
Active Threads : 2
Active Threads : 2
Active Threads : 2
Thread8 is running
Thread10 is running
Thread9 is running
Thread11 is running
Active Threads : 2
Active Threads : 2
Active Threads : 2
Active Threads : 2
Active Threads : 2
Thread10 is running
Thread12 is running
Thread11 is running
Thread13 is running
Active Threads : 2
Active Threads : 2
Active Threads : 2
Active Threads : 2
Active Threads : 2
Thread12 is running
Thread13 is running
Thread14 is running
Thread15 is running
Active Threads : 2
Active Threads : 2
Active Threads : 2
Active Threads : 2
Active Threads : 2
Thread14 is running
Thread16 is running
Thread15 is running
Thread17 is running
Active Threads : 2
Active Threads : 2
Active Threads : 2
Active Threads : 2
Active Threads : 2
Thread16 is running
Thread17 is running
Thread18 is running
Thread19 is running
Active Threads : 2
Active Threads : 2
Active Threads : 2
Active Threads : 2
Active Threads : 2
Thread18 is running
Thread19 is running
Active Threads : 0
DotConcurrentImpl{threadPoolExecutor=name = testsubmitter {com.dotcms.concurrent.DotConcurrentFactory$DotThreadPoolExecutor@5088044[Running, pool size = 0, active threads = 0, queued tasks = 0, completed tasks = 0]}
MaximumPoolSize=4
keepAliveMillis=60000
queue=[]
shutdown=false}
DotConcurrentImpl{threadPoolExecutor=name = testsubmitter {com.dotcms.concurrent.DotConcurrentFactory$DotThreadPoolExecutor@5088044[Running, pool size = 0, active threads = 0, queued tasks = 0, completed tasks = 0]}
MaximumPoolSize=4
keepAliveMillis=60000
queue=[]
shutdown=false}
Thread0 is running
Thread1 is running
DotConcurrentImpl{threadPoolExecutor=name = testsubmitter {com.dotcms.concurrent.DotConcurrentFactory$DotThreadPoolExecutor@5088044[Running, pool size = 2, active threads = 2, queued tasks = 8, completed tasks = 0]}
MaximumPoolSize=4
keepAliveMillis=60000
queue=[com.dotcms.concurrent.DotConcurrentFactoryTest$PrintTask@1347eaeb, com.dotcms.concurrent.DotConcurrentFactoryTest$PrintTask@16c221e4, com.dotcms.concurrent.DotConcurrentFactoryTest$PrintTask@2d1eadd7, com.dotcms.concurrent.DotConcurrentFactoryTest$PrintTask@1d70dc00, com.dotcms.concurrent.DotConcurrentFactoryTest$PrintTask@314c6df7, com.dotcms.concurrent.DotConcurrentFactoryTest$PrintTask@3606b73b, com.dotcms.concurrent.DotConcurrentFactoryTest$PrintTask@6e2ed439, com.dotcms.concurrent.DotConcurrentFactoryTest$PrintTask@75a59520]
shutdown=false}
DotConcurrentImpl{threadPoolExecutor=name = testsubmitter {com.dotcms.concurrent.DotConcurrentFactory$DotThreadPoolExecutor@5088044[Running, pool size = 2, active threads = 2, queued tasks = 18, completed tasks = 0]}
MaximumPoolSize=4
keepAliveMillis=60000
queue=[com.dotcms.concurrent.DotConcurrentFactoryTest$PrintTask@1347eaeb, com.dotcms.concurrent.DotConcurrentFactoryTest$PrintTask@16c221e4, com.dotcms.concurrent.DotConcurrentFactoryTest$PrintTask@2d1eadd7, com.dotcms.concurrent.DotConcurrentFactoryTest$PrintTask@1d70dc00, com.dotcms.concurrent.DotConcurrentFactoryTest$PrintTask@314c6df7, com.dotcms.concurrent.DotConcurrentFactoryTest$PrintTask@3606b73b, com.dotcms.concurrent.DotConcurrentFactoryTest$PrintTask@6e2ed439, com.dotcms.concurrent.DotConcurrentFactoryTest$PrintTask@75a59520, com.dotcms.concurrent.DotConcurrentFactoryTest$PrintTask@27546db6, com.dotcms.concurrent.DotConcurrentFactoryTest$PrintTask@24e8a908, com.dotcms.concurrent.DotConcurrentFactoryTest$PrintTask@3c7f2eb0, com.dotcms.concurrent.DotConcurrentFactoryTest$PrintTask@652aa08a, com.dotcms.concurrent.DotConcurrentFactoryTest$PrintTask@61175844, com.dotcms.concurrent.DotConcurrentFactoryTest$PrintTask@560d87, com.dotcms.concurrent.DotConcurrentFactoryTest$PrintTask@4519a993, com.dotcms.concurrent.DotConcurrentFactoryTest$PrintTask@75877f4a, com.dotcms.concurrent.DotConcurrentFactoryTest$PrintTask@2e09ccc6, com.dotcms.concurrent.DotConcurrentFactoryTest$PrintTask@1e83d6b5]
shutdown=false}
DotConcurrentImpl{threadPoolExecutor=name = testsubmitter {com.dotcms.concurrent.DotConcurrentFactory$DotThreadPoolExecutor@5088044[Running, pool size = 2, active threads = 2, queued tasks = 28, completed tasks = 0]}
MaximumPoolSize=4
keepAliveMillis=60000
queue=[com.dotcms.concurrent.DotConcurrentFactoryTest$PrintTask@1347eaeb, com.dotcms.concurrent.DotConcurrentFactoryTest$PrintTask@16c221e4, com.dotcms.concurrent.DotConcurrentFactoryTest$PrintTask@2d1eadd7, com.dotcms.concurrent.DotConcurrentFactoryTest$PrintTask@1d70dc00, com.dotcms.concurrent.DotConcurrentFactoryTest$PrintTask@314c6df7, com.dotcms.concurrent.DotConcurrentFactoryTest$PrintTask@3606b73b, com.dotcms.concurrent.DotConcurrentFactoryTest$PrintTask@6e2ed439, com.dotcms.concurrent.DotConcurrentFactoryTest$PrintTask@75a59520, com.dotcms.concurrent.DotConcurrentFactoryTest$PrintTask@27546db6, com.dotcms.concurrent.DotConcurrentFactoryTest$PrintTask@24e8a908, com.dotcms.concurrent.DotConcurrentFactoryTest$PrintTask@3c7f2eb0, com.dotcms.concurrent.DotConcurrentFactoryTest$PrintTask@652aa08a, com.dotcms.concurrent.DotConcurrentFactoryTest$PrintTask@61175844, com.dotcms.concurrent.DotConcurrentFactoryTest$PrintTask@560d87, com.dotcms.concurrent.DotConcurrentFactoryTest$PrintTask@4519a993, com.dotcms.concurrent.DotConcurrentFactoryTest$PrintTask@75877f4a, com.dotcms.concurrent.DotConcurrentFactoryTest$PrintTask@2e09ccc6, com.dotcms.concurrent.DotConcurrentFactoryTest$PrintTask@1e83d6b5, com.dotcms.concurrent.DotConcurrentFactoryTest$PrintTask@165eb1c7, com.dotcms.concurrent.DotConcurrentFactoryTest$PrintTask@58edf169, com.dotcms.concurrent.DotConcurrentFactoryTest$PrintTask@3862694e, com.dotcms.concurrent.DotConcurrentFactoryTest$PrintTask@38543689, com.dotcms.concurrent.DotConcurrentFactoryTest$PrintTask@5be778cd, com.dotcms.concurrent.DotConcurrentFactoryTest$PrintTask@6cb6bc61, com.dotcms.concurrent.DotConcurrentFactoryTest$PrintTask@473590a0, com.dotcms.concurrent.DotConcurrentFactoryTest$PrintTask@5ecc06b1, com.dotcms.concurrent.DotConcurrentFactoryTest$PrintTask@3e0d3cb5, com.dotcms.concurrent.DotConcurrentFactoryTest$PrintTask@6701caa1]
shutdown=false}
Active Threads : 2
Active Threads : 2
Active Threads : 2
Active Threads : 2
Active Threads : 2
Thread0 is running
Thread2 is running
Thread1 is running
Thread3 is running
Active Threads : 2
Active Threads : 2
Active Threads : 2
Active Threads : 2
Active Threads : 2
Thread2 is running
Thread4 is running
Thread3 is running
Thread5 is running
Active Threads : 2
Active Threads : 2
Active Threads : 2
Active Threads : 2
Active Threads : 2
Thread4 is running
Thread6 is running
Thread5 is running
Thread7 is running
Active Threads : 2
Active Threads : 2
Active Threads : 2
Active Threads : 2
Active Threads : 2
Thread6 is running
Thread8 is running
Thread7 is running
Thread9 is running
Active Threads : 2
Active Threads : 2
Active Threads : 2
Active Threads : 2
Active Threads : 2
Thread8 is running
Thread10 is running
Thread9 is running
Thread11 is running
Active Threads : 2
Active Threads : 2
Active Threads : 2
Active Threads : 2
Active Threads : 2
Thread10 is running
Thread12 is running
Thread11 is running
Thread13 is running
Active Threads : 2
Active Threads : 2
Active Threads : 2
Active Threads : 2
Active Threads : 2
Thread12 is running
Thread14 is running
Thread13 is running
Thread15 is running
Active Threads : 2
Active Threads : 2
Active Threads : 2
Active Threads : 2
Active Threads : 2
Thread14 is running
Thread16 is running
Thread15 is running
Thread17 is running
Active Threads : 2
Active Threads : 2
Active Threads : 2
Active Threads : 2
Active Threads : 2
Thread16 is running
Thread18 is running
Thread17 is running
Thread19 is running
Active Threads : 2
Active Threads : 2
Active Threads : 2
Active Threads : 2
Active Threads : 2
Thread18 is running
Thread20 is running
Thread19 is running
Thread21 is running
Active Threads : 2
Active Threads : 2
Active Threads : 2
Active Threads : 2
Active Threads : 2
Thread20 is running
Thread22 is running
Thread21 is running
Thread23 is running
Active Threads : 2
Active Threads : 2
Active Threads : 2
Active Threads : 2
Active Threads : 2
Thread22 is running
Thread24 is running
Thread23 is running
Thread25 is running
Active Threads : 2
Active Threads : 2
Active Threads : 2
Active Threads : 2
Active Threads : 2
Thread24 is running
Thread26 is running
Thread25 is running
Thread27 is running
Active Threads : 2
Active Threads : 2
Active Threads : 2
Active Threads : 2
Active Threads : 2
Thread26 is running
Thread28 is running
Thread27 is running
Thread29 is running
Active Threads : 2
Active Threads : 2
Active Threads : 2
Active Threads : 2
Active Threads : 2
Thread28 is running
Thread30 is running
Thread29 is running
Thread31 is running
Active Threads : 2
Active Threads : 2
Active Threads : 2
Active Threads : 2
Active Threads : 2
Thread30 is running
Thread32 is running
Thread31 is running
Thread33 is running
Active Threads : 2
Active Threads : 2
Active Threads : 2
Active Threads : 2
Active Threads : 2
Thread32 is running
Thread34 is running
Thread33 is running
Thread35 is running
Active Threads : 2
Active Threads : 2
Active Threads : 2
Active Threads : 2
Active Threads : 2
Thread34 is running
Thread36 is running
Thread35 is running
Thread37 is running
Active Threads : 2
Active Threads : 2
Active Threads : 2
Active Threads : 2
Active Threads : 2
Thread36 is running
Thread38 is running
Thread37 is running
Thread39 is running
Active Threads : 2
Active Threads : 2
Active Threads : 2
Active Threads : 2
Active Threads : 2
Thread38 is running
Thread39 is running
Active Threads : 0
Staring a new one submitterDotConcurrentImpl{threadPoolExecutor=name = testsubmitter {com.dotcms.concurrent.DotConcurrentFactory$DotThreadPoolExecutor@5088044[Running, pool size = 2, active threads = 0, queued tasks = 0, completed tasks = 40]}
MaximumPoolSize=4
keepAliveMillis=60000
queue=[]
shutdown=false}
Active Threads : 0
Thread0 is running
Thread1 is running
Thread0 is running
Thread1 is running
Thread2 is running
Thread3 is running
Thread2 is running
Thread4 is running
Thread3 is running
Thread5 is running
Thread4 is running
Thread6 is running
Thread5 is running
Thread7 is running
Thread6 is running
Thread7 is running
Thread8 is running
Thread9 is running
DotConcurrentImpl{threadPoolExecutor=name = dotSystemPool {com.dotcms.concurrent.DotConcurrentFactory$DotThreadPoolExecutor@65a2fab7[Running, pool size = 0, active threads = 0, queued tasks = 0, completed tasks = 0]}
MaximumPoolSize=50
keepAliveMillis=60000
queue=[]
shutdown=false}
DotConcurrentImpl{threadPoolExecutor=name = dotSystemPool {com.dotcms.concurrent.DotConcurrentFactory$DotThreadPoolExecutor@65a2fab7[Running, pool size = 0, active threads = 0, queued tasks = 0, completed tasks = 0]}
MaximumPoolSize=50
keepAliveMillis=60000
queue=[]
shutdown=false}
Thread0 is running
Thread1 is running
Thread2 is running
Thread3 is running
Thread4 is running
Thread6 is running
Thread5 is running
Thread8 is running
DotConcurrentImpl{threadPoolExecutor=name = dotSystemPool {com.dotcms.concurrent.DotConcurrentFactory$DotThreadPoolExecutor@65a2fab7[Running, pool size = 10, active threads = 10, queued tasks = 0, completed tasks = 0]}
MaximumPoolSize=50
keepAliveMillis=60000
queue=[]
shutdown=false}
DotConcurrentImpl{threadPoolExecutor=name = dotSystemPool {com.dotcms.concurrent.DotConcurrentFactory$DotThreadPoolExecutor@65a2fab7[Running, pool size = 10, active threads = 10, queued tasks = 10, completed tasks = 0]}
MaximumPoolSize=50
keepAliveMillis=60000
queue=[com.dotcms.concurrent.DotConcurrentFactoryTest$PrintTask@768a3d6f, com.dotcms.concurrent.DotConcurrentFactoryTest$PrintTask@25cb17ce, com.dotcms.concurrent.DotConcurrentFactoryTest$PrintTask@cb924df, com.dotcms.concurrent.DotConcurrentFactoryTest$PrintTask@53b4bdda, com.dotcms.concurrent.DotConcurrentFactoryTest$PrintTask@74f28386, com.dotcms.concurrent.DotConcurrentFactoryTest$PrintTask@9fa8fb1, com.dotcms.concurrent.DotConcurrentFactoryTest$PrintTask@4ca0dd8d, com.dotcms.concurrent.DotConcurrentFactoryTest$PrintTask@3a8ce3ae, com.dotcms.concurrent.DotConcurrentFactoryTest$PrintTask@5a02b9ca, com.dotcms.concurrent.DotConcurrentFactoryTest$PrintTask@7d8323c]
shutdown=false}
DotConcurrentImpl{threadPoolExecutor=name = dotSystemPool {com.dotcms.concurrent.DotConcurrentFactory$DotThreadPoolExecutor@65a2fab7[Running, pool size = 10, active threads = 10, queued tasks = 20, completed tasks = 0]}
MaximumPoolSize=50
keepAliveMillis=60000
queue=[com.dotcms.concurrent.DotConcurrentFactoryTest$PrintTask@768a3d6f, com.dotcms.concurrent.DotConcurrentFactoryTest$PrintTask@25cb17ce, com.dotcms.concurrent.DotConcurrentFactoryTest$PrintTask@cb924df, com.dotcms.concurrent.DotConcurrentFactoryTest$PrintTask@53b4bdda, com.dotcms.concurrent.DotConcurrentFactoryTest$PrintTask@74f28386, com.dotcms.concurrent.DotConcurrentFactoryTest$PrintTask@9fa8fb1, com.dotcms.concurrent.DotConcurrentFactoryTest$PrintTask@4ca0dd8d, com.dotcms.concurrent.DotConcurrentFactoryTest$PrintTask@3a8ce3ae, com.dotcms.concurrent.DotConcurrentFactoryTest$PrintTask@5a02b9ca, com.dotcms.concurrent.DotConcurrentFactoryTest$PrintTask@7d8323c, com.dotcms.concurrent.DotConcurrentFactoryTest$PrintTask@4ddecbff, com.dotcms.concurrent.DotConcurrentFactoryTest$PrintTask@1012c079, com.dotcms.concurrent.DotConcurrentFactoryTest$PrintTask@5f91e758, com.dotcms.concurrent.DotConcurrentFactoryTest$PrintTask@191e7744, com.dotcms.concurrent.DotConcurrentFactoryTest$PrintTask@2224d6ab, com.dotcms.concurrent.DotConcurrentFactoryTest$PrintTask@24b3cb9e, com.dotcms.concurrent.DotConcurrentFactoryTest$PrintTask@74c85377, com.dotcms.concurrent.DotConcurrentFactoryTest$PrintTask@1e06aefd, com.dotcms.concurrent.DotConcurrentFactoryTest$PrintTask@1a93b218, com.dotcms.concurrent.DotConcurrentFactoryTest$PrintTask@204665ef]
shutdown=false}
Active Threads : 10
Thread7 is running
Thread9 is running
Active Threads : 10
Active Threads : 10
Active Threads : 10
Thread8 is running
Thread10 is running
Thread9 is running
Thread11 is running
Active Threads : 10
Thread0 is running
Thread10 is running
Thread1 is running
Thread11 is running
Thread2 is running
Thread12 is running
Thread3 is running
Thread13 is running
Thread4 is running
Thread14 is running
Thread6 is running
Thread15 is running
Thread5 is running
Thread16 is running
Thread8 is running
Thread17 is running
Active Threads : 10
Thread9 is running
Thread18 is running
Thread7 is running
Thread19 is running
Active Threads : 10
Active Threads : 10
Active Threads : 10
Thread10 is running
Thread12 is running
Thread11 is running
Thread13 is running
Active Threads : 10
Thread10 is running
Thread20 is running
Thread11 is running
Thread21 is running
Thread12 is running
Thread22 is running
Thread13 is running
Thread23 is running
Thread14 is running
Thread24 is running
Thread15 is running
Thread25 is running
Thread16 is running
Thread26 is running
Thread17 is running
Thread27 is running
Thread18 is running
Thread28 is running
Active Threads : 10
Thread19 is running
Thread29 is running
Active Threads : 10
Active Threads : 10
Active Threads : 10
Thread12 is running
Thread13 is running
Thread14 is running
Thread15 is running
Active Threads : 10
Thread20 is running
Thread30 is running
Thread21 is running
Thread31 is running
Thread22 is running
Thread32 is running
Thread23 is running
Thread33 is running
Thread24 is running
Thread34 is running
Thread25 is running
Thread35 is running
Thread26 is running
Thread36 is running
Thread27 is running
Thread37 is running
Thread28 is running
Thread38 is running
Active Threads : 10
Thread29 is running
Thread39 is running
Active Threads : 10
Active Threads : 10
Active Threads : 10
Thread14 is running
Thread15 is running
Thread16 is running
Thread17 is running
Active Threads : 10
Thread30 is running
Thread31 is running
Thread32 is running
Thread33 is running
Thread34 is running
Thread35 is running
Thread36 is running
Thread37 is running
Thread38 is running
Active Threads : 1
Thread39 is running
Active Threads : 0
Staring a new one submitterDotConcurrentImpl{threadPoolExecutor=name = dotSystemPool {com.dotcms.concurrent.DotConcurrentFactory$DotThreadPoolExecutor@65a2fab7[Running, pool size = 10, active threads = 0, queued tasks = 0, completed tasks = 40]}
MaximumPoolSize=50
keepAliveMillis=60000
queue=[]
shutdown=false}
Thread0 is running
Thread1 is running
Active Threads : 1
Thread2 is running
Thread3 is running
Thread4 is running
Thread5 is running
Thread6 is running
Thread7 is running
Thread8 is running
Thread9 is running
Active Threads : 10
Thread16 is running
Thread17 is running
Thread18 is running
Thread19 is running
Active Threads : 10
Active Threads : 10
Active Threads : 10
Thread0 is running
Thread1 is running
Thread10 is running
Thread11 is running
Thread2 is running
Thread3 is running
Thread12 is running
Thread13 is running
Thread4 is running
Thread14 is running
Thread5 is running
Thread15 is running
Thread6 is running
Thread16 is running
Thread7 is running
Thread17 is running
Thread8 is running
Thread18 is running
Thread9 is running
Thread19 is running
Active Threads : 10
Active Threads : 10
Thread19 is running
Thread18 is running
Active Threads : 10
Active Threads : 10
Active Threads : 10
Thread10 is running
Thread13 is running
Thread14 is running
Thread15 is running
Thread16 is running
Thread17 is running
Thread18 is running
Thread19 is running
Thread11 is running
Thread12 is running
Active Threads : 0
Supplier1, a 1689617118087
Supplier1, a 1689617118082
Supplier1, a 1689617118090
Supplier1, a 1689617118082
Supplier1, a 1689617118082
Supplier1, a 1689617118082
Supplier1, b 1689617126090
Supplier1, b 1689617126092
Supplier1, b 1689617126092
Supplier1, b 1689617126092
Supplier1, b 1689617126092
Supplier1, b 1689617126090
Supplier1, a 1689617126093
Supplier1, a 1689617126093
Supplier1, a 1689617126093
Supplier1, a 1689617126093
Supplier1, a 1689617126093
Supplier1, a 1689617126093
Supplier1, b 1689617134093
Supplier1, b 1689617134093
Supplier1, b 1689617134093
Supplier1, b 1689617134094
Supplier1, b 1689617134094
Supplier1, b 1689617134094
com.dotcms.concurrent.DotConcurrentFactory$DotSingleSubmitterImpl@415ddc83
Thread0 is running
Thread0 is running
Thread1 is running
Thread1 is running
Thread2 is running
Thread2 is running
Thread3 is running
Thread3 is running
Thread4 is running
Thread4 is running
Thread5 is running
Thread5 is running
Thread6 is running
Thread6 is running
Thread7 is running
Thread7 is running
Thread8 is running
Thread8 is running
Thread9 is running
Thread9 is running
Staring a new one submittercom.dotcms.concurrent.DotConcurrentFactory$DotSingleSubmitterImpl@415ddc83
Thread0 is running
Thread0 is running
Thread1 is running
Thread1 is running
Thread2 is running
Thread2 is running
Thread3 is running
Thread3 is running
Thread4 is running
Thread4 is running
Thread5 is running
Thread5 is running
Thread6 is running
Thread6 is running
Thread7 is running
Thread7 is running
Thread8 is running
Thread8 is running
Thread9 is running
Thread9 is running
]]></system-out>
  <system-err><![CDATA[]]></system-err>
</testsuite>
