<?xml version="1.0" encoding="UTF-8"?>
<testsuite name="com.dotmarketing.portlets.workflows.ajax.WfBaseActionTest" tests="3" skipped="0" failures="0" errors="0" timestamp="2023-06-29T19:24:47" hostname="fv-az397-405" time="0.118">
  <properties/>
  <testcase name="TestOnNullCallTheDefaultCommand" classname="com.dotmarketing.portlets.workflows.ajax.WfBaseActionTest" time="0.098"/>
  <testcase name="TestNotAllowedCommands" classname="com.dotmarketing.portlets.workflows.ajax.WfBaseActionTest" time="0.006"/>
  <testcase name="TestAllowedCommands" classname="com.dotmarketing.portlets.workflows.ajax.WfBaseActionTest" time="0.014"/>
  <system-out><![CDATA[ Command ::  forbiddenMethod  on  class Mock for WfActionClassAjax, hashCode: 514401957
 Command ::  forbiddenMethod  on  class Mock for WfSchemeAjax, hashCode: 2021997414
 Command ::  forbiddenMethod  on  class Mock for WfTaskAjax, hashCode: 1412474885
 Command ::  forbiddenMethod  on  class Mock for WfRoleStoreAjax, hashCode: 482806069
 Command ::  forbiddenMethod  on  class Mock for WfActionAjax, hashCode: 395410829
 Command ::  save  on  class Mock for WfActionClassAjax, hashCode: 1012099400
 Command ::  delete  on  class Mock for WfActionClassAjax, hashCode: 1012099400
 Command ::  reorder  on  class Mock for WfActionClassAjax, hashCode: 1012099400
 Command ::  action  on  class Mock for WfActionClassAjax, hashCode: 1012099400
 Command ::  add  on  class Mock for WfActionClassAjax, hashCode: 1012099400
 Command ::  action  on  class Mock for WfSchemeAjax, hashCode: 301186385
 Command ::  save  on  class Mock for WfSchemeAjax, hashCode: 301186385
 Command ::  action  on  class Mock for WfTaskAjax, hashCode: 1874727585
 Command ::  executeActions  on  class Mock for WfTaskAjax, hashCode: 1874727585
 Command ::  executeAction  on  class Mock for WfTaskAjax, hashCode: 1874727585
 Command ::  assignable  on  class Mock for WfRoleStoreAjax, hashCode: 330448886
 Command ::  action  on  class Mock for WfRoleStoreAjax, hashCode: 330448886
 Command ::  rolesToJson  on  class Mock for WfRoleStoreAjax, hashCode: 330448886
 Command ::  add  on  class Mock for WfActionAjax, hashCode: 1224881328
 Command ::  action  on  class Mock for WfActionAjax, hashCode: 1224881328
 Command ::  reorder  on  class Mock for WfActionAjax, hashCode: 1224881328
 Command ::  delete  on  class Mock for WfActionAjax, hashCode: 1224881328
 Command ::  save  on  class Mock for WfActionAjax, hashCode: 1224881328
 Command ::  deleteActionForStep  on  class Mock for WfActionAjax, hashCode: 1224881328
]]></system-out>
  <system-err><![CDATA[]]></system-err>
</testsuite>
