<?xml version="1.0" encoding="UTF-8"?>
<testsuite name="com.dotcms.auth.providers.jwt.factories.SecretKeySpecFactoryTest" tests="1" skipped="0" failures="0" errors="0" timestamp="2023-07-05T14:20:56" hostname="fv-az267-190" time="1.434">
  <properties/>
  <testcase name="readAndPrepareSecret" classname="com.dotcms.auth.providers.jwt.factories.SecretKeySpecFactoryTest" time="1.434"/>
  <system-out><![CDATA[4b6fd828a3de27ed9f173d0843f06095ad9e6b9e7e36ffadb60a34a29e4c461ec63dfb20d8d0b7c164be93ae7652f998d4f79d458a331800e217f0773d1856c2
MySecretKey2
MySecretKey3
MySecretKey3
8169d35965dabd883510beff3631a76c1cbbbd985ba870ed664db3bb12d5d6fa8a8ca247b54c8591c081d72edb54eb11305b3b67b9f140e8efc062baa9ff0701
08470dfd15b5df60ec6a2ba36323cc71aead2cdd633897a666ffa9bb261664fc45ea3ac248b6cb674e2c53b08d537a5ef388635cf39491197bc63357243e9884
e5ffec2dcbd7d06d465131577c1b71475d652a61e315fad317f116388c2efa13534af202fbe33875d4a7374ef0a3694b09ceb09706037f5deb1b795693312466
]]></system-out>
  <system-err><![CDATA[]]></system-err>
</testsuite>
