<?xml version="1.0" encoding="UTF-8"?>
<testsuite name="com.liferay.util.FileUtilTest" tests="11" skipped="0" failures="0" errors="0" timestamp="2023-07-11T20:01:04" hostname="fv-az450-691" time="0.112">
  <properties/>
  <testcase name="simpleCopyFilesTest" classname="com.liferay.util.FileUtilTest" time="0.003"/>
  <testcase name="test_clean_tree_deletes_folders_files_by_date" classname="com.liferay.util.FileUtilTest" time="0.016"/>
  <testcase name="simpleListFileHandlesTest" classname="com.liferay.util.FileUtilTest" time="0.012"/>
  <testcase name="test_compress_gzip_enum_outputstream" classname="com.liferay.util.FileUtilTest" time="0.002"/>
  <testcase name="simpleCopyDirsTest" classname="com.liferay.util.FileUtilTest" time="0.003"/>
  <testcase name="simpleListFilesTest" classname="com.liferay.util.FileUtilTest" time="0.0"/>
  <testcase name="test_compress_bzip2_enum_outputstream" classname="com.liferay.util.FileUtilTest" time="0.057"/>
  <testcase name="test_uncompress_outputstream" classname="com.liferay.util.FileUtilTest" time="0.0"/>
  <testcase name="test_compress_gzip_outputstream" classname="com.liferay.util.FileUtilTest" time="0.0"/>
  <testcase name="simpleMoveTest" classname="com.liferay.util.FileUtilTest" time="0.011"/>
  <testcase name="test_compress_bzip2_outputstream" classname="com.liferay.util.FileUtilTest" time="0.005"/>
  <system-out><![CDATA[]]></system-out>
  <system-err><![CDATA[]]></system-err>
</testsuite>
