<?xml version="1.0" encoding="UTF-8"?>
<testsuite name="com.dotmarketing.portlets.workflows.ajax.WfBaseActionTest" tests="3" skipped="0" failures="0" errors="0" timestamp="2023-06-26T16:36:21" hostname="fv-az790-547" time="0.164">
  <properties/>
  <testcase name="TestOnNullCallTheDefaultCommand" classname="com.dotmarketing.portlets.workflows.ajax.WfBaseActionTest" time="0.129"/>
  <testcase name="TestNotAllowedCommands" classname="com.dotmarketing.portlets.workflows.ajax.WfBaseActionTest" time="0.01"/>
  <testcase name="TestAllowedCommands" classname="com.dotmarketing.portlets.workflows.ajax.WfBaseActionTest" time="0.024"/>
  <system-out><![CDATA[ Command ::  forbiddenMethod  on  class Mock for WfRoleStoreAjax, hashCode: 264959734
 Command ::  forbiddenMethod  on  class Mock for WfActionAjax, hashCode: 1864693160
 Command ::  forbiddenMethod  on  class Mock for WfTaskAjax, hashCode: 847579756
 Command ::  forbiddenMethod  on  class Mock for WfSchemeAjax, hashCode: 37262783
 Command ::  forbiddenMethod  on  class Mock for WfActionClassAjax, hashCode: 1943739560
 Command ::  rolesToJson  on  class Mock for WfRoleStoreAjax, hashCode: 854671904
 Command ::  action  on  class Mock for WfRoleStoreAjax, hashCode: 854671904
 Command ::  assignable  on  class Mock for WfRoleStoreAjax, hashCode: 854671904
 Command ::  deleteActionForStep  on  class Mock for WfActionAjax, hashCode: 1305185408
 Command ::  save  on  class Mock for WfActionAjax, hashCode: 1305185408
 Command ::  delete  on  class Mock for WfActionAjax, hashCode: 1305185408
 Command ::  reorder  on  class Mock for WfActionAjax, hashCode: 1305185408
 Command ::  action  on  class Mock for WfActionAjax, hashCode: 1305185408
 Command ::  add  on  class Mock for WfActionAjax, hashCode: 1305185408
 Command ::  executeAction  on  class Mock for WfTaskAjax, hashCode: 1615765679
 Command ::  executeActions  on  class Mock for WfTaskAjax, hashCode: 1615765679
 Command ::  action  on  class Mock for WfTaskAjax, hashCode: 1615765679
 Command ::  save  on  class Mock for WfSchemeAjax, hashCode: 156135639
 Command ::  action  on  class Mock for WfSchemeAjax, hashCode: 156135639
 Command ::  action  on  class Mock for WfActionClassAjax, hashCode: 479702799
 Command ::  reorder  on  class Mock for WfActionClassAjax, hashCode: 479702799
 Command ::  delete  on  class Mock for WfActionClassAjax, hashCode: 479702799
 Command ::  save  on  class Mock for WfActionClassAjax, hashCode: 479702799
 Command ::  add  on  class Mock for WfActionClassAjax, hashCode: 479702799
]]></system-out>
  <system-err><![CDATA[]]></system-err>
</testsuite>
