<?xml version="1.0" encoding="UTF-8"?>
<testsuite name="com.dotmarketing.portlets.osgi.AJAX.OSGIBaseAJAXTest" tests="3" skipped="0" failures="0" errors="0" timestamp="2023-06-30T22:16:03" hostname="fv-az262-663" time="0.109">
  <properties/>
  <testcase name="TestOnNullCallTheDefaultCommand" classname="com.dotmarketing.portlets.osgi.AJAX.OSGIBaseAJAXTest" time="0.079"/>
  <testcase name="TestNotAllowedCommands" classname="com.dotmarketing.portlets.osgi.AJAX.OSGIBaseAJAXTest" time="0.004"/>
  <testcase name="TestAllowedCommands" classname="com.dotmarketing.portlets.osgi.AJAX.OSGIBaseAJAXTest" time="0.025"/>
  <system-out><![CDATA[ Command ::  forbiddenMethod  on  class Mock for OSGIAJAX, hashCode: 421155519
 Command ::  stop  on  class Mock for OSGIAJAX, hashCode: 1711080379
 Command ::  undeploy  on  class Mock for OSGIAJAX, hashCode: 1711080379
 Command ::  modifyExtraPackages  on  class Mock for OSGIAJAX, hashCode: 1711080379
 Command ::  deploy  on  class Mock for OSGIAJAX, hashCode: 1711080379
 Command ::  remove  on  class Mock for OSGIAJAX, hashCode: 1711080379
 Command ::  getExtraPackages  on  class Mock for OSGIAJAX, hashCode: 1711080379
 Command ::  action  on  class Mock for OSGIAJAX, hashCode: 1711080379
 Command ::  restart  on  class Mock for OSGIAJAX, hashCode: 1711080379
 Command ::  start  on  class Mock for OSGIAJAX, hashCode: 1711080379
 Command ::  add  on  class Mock for OSGIAJAX, hashCode: 1711080379
]]></system-out>
  <system-err><![CDATA[]]></system-err>
</testsuite>
