<?xml version="1.0" encoding="UTF-8"?>
<testsuite name="com.dotcms.auth.providers.jwt.factories.SecretKeySpecFactoryTest" tests="1" skipped="0" failures="0" errors="0" timestamp="2023-07-05T20:27:08" hostname="fv-az593-327" time="1.545">
  <properties/>
  <testcase name="readAndPrepareSecret" classname="com.dotcms.auth.providers.jwt.factories.SecretKeySpecFactoryTest" time="1.545"/>
  <system-out><![CDATA[03b813d6ce6d9fd30b27a72dcd6321496f01446de18379c91fcc5191d6f01d2a010d6aeddafc9b92221972bbee03462ac69cadc6a6919e7701d22fbddc145998
MySecretKey2
MySecretKey3
MySecretKey3
c1349132b6dbb0f7b4cb376eb483b7095756d726fd7693f690be3246955bd6a5af9915d9b2260a5cfb7e5a25381b0ef1c2827670c4e1ef7d9427d687dce62d1a
c2f8b05476a022f40cb03b33d52b5a102d47a0b46c00eab6b2dafe3e6d1528ddedcef90f3c34a5bf39214fd8ab7f1cb6ad24417a870eb1e7ac8ab2cd4502494d
d4f97dbea33e6ffb2c2d2bdca645b7d7dc78a0b888b8e473a5035b3384e3ba84d986f821bfa93f9edff27aeecbb529ecc7aee83842b66340d3f6355d8e83eace
]]></system-out>
  <system-err><![CDATA[]]></system-err>
</testsuite>
