<?xml version="1.0" encoding="UTF-8"?>
<testsuite name="com.dotcms.auth.providers.jwt.factories.SecretKeySpecFactoryTest" tests="1" skipped="0" failures="0" errors="0" timestamp="2023-07-03T16:42:44" hostname="fv-az305-256" time="1.536">
  <properties/>
  <testcase name="readAndPrepareSecret" classname="com.dotcms.auth.providers.jwt.factories.SecretKeySpecFactoryTest" time="1.536"/>
  <system-out><![CDATA[ce532e5056d20f0ef051ec98eac281a9f77945653cf91a2025496ca225de64fb811402783a86b599b94730fa10e0be42020705d1dba412d0b4801f35896493af
MySecretKey2
MySecretKey3
MySecretKey3
b885d47a8af7b3a03ca8801b4694015b2dd25dea3c46c9259deb07d4d493ea97a74d0c519b84a2c226f50d349f01bd827509421e06fcaee0dce00ce06977f038
f9aae4c2c04abf41603e350ff853ed5177ab71b2862529bd207046506211d8dea088c49f54099b6450181ce73b5bb5b33ca935145e0ae910d0ba07ac30fb6033
db69f0444eecd91ab40813768c87fde8a3edacb6e4467bdcc91199c3fb85207ca001210d85eba3367e60a43deac21e4b8cf8f86aaa4747557af6a8bc8a5a1aa7
]]></system-out>
  <system-err><![CDATA[]]></system-err>
</testsuite>
