<?xml version="1.0" encoding="UTF-8"?>
<testsuite name="com.dotcms.util.pagination.SitePaginatorTest" tests="6" skipped="0" failures="0" errors="0" timestamp="2023-06-27T23:49:38" hostname="fv-az626-69" time="0.125">
  <properties/>
  <testcase name="testGetItemsWithStoppedAndArchived" classname="com.dotcms.util.pagination.SitePaginatorTest" time="0.123"/>
  <testcase name="testGetItems" classname="com.dotcms.util.pagination.SitePaginatorTest" time="0.001"/>
  <testcase name="testGetItemsWithStopped" classname="com.dotcms.util.pagination.SitePaginatorTest" time="0.0"/>
  <testcase name="testGetItemsWithSystem" classname="com.dotcms.util.pagination.SitePaginatorTest" time="0.0"/>
  <testcase name="test_GetItems_StoppedAndLiveSites" classname="com.dotcms.util.pagination.SitePaginatorTest" time="0.001"/>
  <testcase name="testGetItemsWithArchived" classname="com.dotcms.util.pagination.SitePaginatorTest" time="0.0"/>
  <system-out><![CDATA[]]></system-out>
  <system-err><![CDATA[]]></system-err>
</testsuite>
