<?xml version="1.0" encoding="UTF-8"?>
<testsuite name="com.dotmarketing.portlets.htmlpageasset.business.render.HTMLPageAssetRenderedAPIImplTest" tests="5" skipped="0" failures="0" errors="0" timestamp="2023-06-26T16:00:07" hostname="fv-az593-480" time="0.222">
  <properties/>
  <testcase name="testShouldReturnPREVIEWMODE_whenPageIsNotLockAndUserHaveReadPermission" classname="com.dotmarketing.portlets.htmlpageasset.business.render.HTMLPageAssetRenderedAPIImplTest" time="0.178"/>
  <testcase name="testShouldDoAURLMapper_whenPageIsNotFoundByURI" classname="com.dotmarketing.portlets.htmlpageasset.business.render.HTMLPageAssetRenderedAPIImplTest" time="0.036"/>
  <testcase name="testShouldReturnEDITEMODE_whenPageIsLockByCurrentUser" classname="com.dotmarketing.portlets.htmlpageasset.business.render.HTMLPageAssetRenderedAPIImplTest" time="0.002"/>
  <testcase name="testShouldReturnAdminMODE_whenUserDontHavePermission" classname="com.dotmarketing.portlets.htmlpageasset.business.render.HTMLPageAssetRenderedAPIImplTest" time="0.002"/>
  <testcase name="testShouldReturnADMINMODE_whenPageIsNotLockAndUserNotHaveReadPermission" classname="com.dotmarketing.portlets.htmlpageasset.business.render.HTMLPageAssetRenderedAPIImplTest" time="0.002"/>
  <system-out><![CDATA[]]></system-out>
  <system-err><![CDATA[]]></system-err>
</testsuite>
