<?xml version="1.0" encoding="UTF-8"?>
<testsuite name="com.dotcms.auth.providers.jwt.factories.SecretKeySpecFactoryTest" tests="1" skipped="0" failures="0" errors="0" timestamp="2023-07-18T15:24:58" hostname="fv-az470-121" time="1.928">
  <properties/>
  <testcase name="readAndPrepareSecret" classname="com.dotcms.auth.providers.jwt.factories.SecretKeySpecFactoryTest" time="1.928"/>
  <system-out><![CDATA[00e303486dee8142294d70de63f8be8b502707fb8a6b666f06c34c6727b25cdd75d97518c2a2bf49847a27e1b7a2eaabb08c453c5de2f1f4f0f299aa111a6dee
MySecretKey2
MySecretKey3
MySecretKey3
a015ab08a4f6f87b1c7ae5542fe0d69184a7ddc5dbce3dd3fd52dfbb104d153412c5fe4d8ed48d1cebf17a22722cc9473e0fa0d391be68c6acd4ac7f0ab8982e
a29ac353e28a8af22fdb4ae0e4894a6d12fb04fe55f8a20816a38d896e143cdf4f57d5ef9771eab176a1d877a44b93267e6544292459e28673fcb2cb39e54932
1b7bd18f29268cdf40e9d4e93138586f9424df5a419db02cf9bec20e80f6586b40bd08f8d88e5716ab9dcc3e6ce0a68563174a234b831a3f4dfddc735ab41222
]]></system-out>
  <system-err><![CDATA[]]></system-err>
</testsuite>
