<?xml version="1.0" encoding="UTF-8"?>
<testsuite name="com.dotcms.util.DbExporterUtilTest" tests="4" skipped="0" failures="0" errors="0" timestamp="2023-06-28T00:01:33" hostname="fv-az401-312" time="0.145">
  <properties/>
  <testcase name="test_finding_executables" classname="com.dotcms.util.DbExporterUtilTest" time="0.104"/>
  <testcase name="test_copy_pgdump" classname="com.dotcms.util.DbExporterUtilTest" time="0.011"/>
  <testcase name="test_arch_lookup" classname="com.dotcms.util.DbExporterUtilTest" time="0.001"/>
  <testcase name="test_getting_pg_dumps_path" classname="com.dotcms.util.DbExporterUtilTest" time="0.028"/>
  <system-out><![CDATA[]]></system-out>
  <system-err><![CDATA[]]></system-err>
</testsuite>
