<?xml version="1.0" encoding="UTF-8"?>
<testsuite name="com.dotmarketing.portlets.rules.model.RuleTest" tests="31" skipped="0" failures="0" errors="0" timestamp="2023-06-28T17:48:35" hostname="fv-az618-269" time="0.035">
  <properties/>
  <testcase name="testComparisons[0: Evaluates to true if no groups.]" classname="com.dotmarketing.portlets.rules.model.RuleTest" time="0.003"/>
  <testcase name="testComparisons[1: Evaluates to true if one 'AND' group that itself is true.]" classname="com.dotmarketing.portlets.rules.model.RuleTest" time="0.004"/>
  <testcase name="testComparisons[2: Evaluates to false if one 'AND' group that itself is false.]" classname="com.dotmarketing.portlets.rules.model.RuleTest" time="0.0"/>
  <testcase name="testComparisons[3: Evaluates to true if one 'OR' group that itself is true.]" classname="com.dotmarketing.portlets.rules.model.RuleTest" time="0.001"/>
  <testcase name="testComparisons[4: Evaluates to false if one 'OR' group that itself is false.]" classname="com.dotmarketing.portlets.rules.model.RuleTest" time="0.005"/>
  <testcase name="testComparisons[5: (true &amp;&amp; true) should be true.]" classname="com.dotmarketing.portlets.rules.model.RuleTest" time="0.001"/>
  <testcase name="testComparisons[6: (true &amp;&amp; false) should be false.]" classname="com.dotmarketing.portlets.rules.model.RuleTest" time="0.0"/>
  <testcase name="testComparisons[7: (true || false) should be true.]" classname="com.dotmarketing.portlets.rules.model.RuleTest" time="0.0"/>
  <testcase name="testComparisons[8: (false || true) should be true.]" classname="com.dotmarketing.portlets.rules.model.RuleTest" time="0.0"/>
  <testcase name="testComparisons[9: (false || false) should be false.]" classname="com.dotmarketing.portlets.rules.model.RuleTest" time="0.001"/>
  <testcase name="testComparisons[10: A || B &amp; C should evaluate as ( A || ( B &amp;&amp; C) ):  (true || ( true &amp;&amp; true ) ) ==&gt; true.]" classname="com.dotmarketing.portlets.rules.model.RuleTest" time="0.0"/>
  <testcase name="testComparisons[11: A || B &amp; C should evaluate as ( A || ( B &amp;&amp; C) ):  (true || ( true &amp;&amp; false ) ) ==&gt; true.]" classname="com.dotmarketing.portlets.rules.model.RuleTest" time="0.0"/>
  <testcase name="testComparisons[12: A || B &amp; C should evaluate as ( A || ( B &amp;&amp; C) ):  (true || ( false &amp;&amp; true ) ) ==&gt; true.]" classname="com.dotmarketing.portlets.rules.model.RuleTest" time="0.0"/>
  <testcase name="testComparisons[13: A || B &amp; C should evaluate as ( A || ( B &amp;&amp; C) ):  (true || ( false &amp;&amp; false ) ) ==&gt; true.]" classname="com.dotmarketing.portlets.rules.model.RuleTest" time="0.001"/>
  <testcase name="testComparisons[14: A || B &amp; C should evaluate as ( A || ( B &amp;&amp; C) ):  (false || ( true &amp;&amp; true ) ) ==&gt; true.]" classname="com.dotmarketing.portlets.rules.model.RuleTest" time="0.0"/>
  <testcase name="testComparisons[15: A || B &amp;&amp; C || D should evaluate as ( A || ( B &amp;&amp; C) || D ):  (true || ( true &amp;&amp; true ) || true ) ==&gt; true.]" classname="com.dotmarketing.portlets.rules.model.RuleTest" time="0.001"/>
  <testcase name="testComparisons[16: A || B &amp;&amp; C || D should evaluate as ( A || ( B &amp;&amp; C) || D ):  (true || ( true &amp;&amp; true ) || false ) ==&gt; true.]" classname="com.dotmarketing.portlets.rules.model.RuleTest" time="0.001"/>
  <testcase name="testComparisons[17: A || B &amp;&amp; C || D should evaluate as ( A || ( B &amp;&amp; C) || D ):  (true || ( true &amp;&amp; false ) || true ) ==&gt; true.]" classname="com.dotmarketing.portlets.rules.model.RuleTest" time="0.005"/>
  <testcase name="testComparisons[18: A || B &amp;&amp; C || D should evaluate as ( A || ( B &amp;&amp; C) || D ):  (true || ( true &amp;&amp; false ) || false ) ==&gt; true.]" classname="com.dotmarketing.portlets.rules.model.RuleTest" time="0.001"/>
  <testcase name="testComparisons[19: A || B &amp;&amp; C || D should evaluate as ( A || ( B &amp;&amp; C) || D ):  (true || ( false &amp;&amp; true ) || true ) ==&gt; true.]" classname="com.dotmarketing.portlets.rules.model.RuleTest" time="0.0"/>
  <testcase name="testComparisons[20: A || B &amp;&amp; C || D should evaluate as ( A || ( B &amp;&amp; C) || D ):  (true || ( false &amp;&amp; true ) || false ) ==&gt; true.]" classname="com.dotmarketing.portlets.rules.model.RuleTest" time="0.0"/>
  <testcase name="testComparisons[21: A || B &amp;&amp; C || D should evaluate as ( A || ( B &amp;&amp; C) || D ):  (true || ( false &amp;&amp; false ) || true ) ==&gt; true.]" classname="com.dotmarketing.portlets.rules.model.RuleTest" time="0.0"/>
  <testcase name="testComparisons[22: A || B &amp;&amp; C || D should evaluate as ( A || ( B &amp;&amp; C) || D ):  (true || ( false &amp;&amp; false ) || false ) ==&gt; true.]" classname="com.dotmarketing.portlets.rules.model.RuleTest" time="0.001"/>
  <testcase name="testComparisons[23: A || B &amp;&amp; C || D should evaluate as ( A || ( B &amp;&amp; C) || D ):  (false || ( true &amp;&amp; true ) || true ) ==&gt; true.]" classname="com.dotmarketing.portlets.rules.model.RuleTest" time="0.001"/>
  <testcase name="testComparisons[24: A || B &amp;&amp; C || D should evaluate as ( A || ( B &amp;&amp; C) || D ):  (false || ( true &amp;&amp; true ) || false ) ==&gt; true.]" classname="com.dotmarketing.portlets.rules.model.RuleTest" time="0.001"/>
  <testcase name="testComparisons[25: A || B &amp;&amp; C || D should evaluate as ( A || ( B &amp;&amp; C) || D ):  (false || ( true &amp;&amp; false ) || true ) ==&gt; true.]" classname="com.dotmarketing.portlets.rules.model.RuleTest" time="0.0"/>
  <testcase name="testComparisons[26: A || B &amp;&amp; C || D should evaluate as ( A || ( B &amp;&amp; C) || D ):  (false || ( true &amp;&amp; false ) || false ) ==&gt; false.]" classname="com.dotmarketing.portlets.rules.model.RuleTest" time="0.001"/>
  <testcase name="testComparisons[27: A || B &amp;&amp; C || D should evaluate as ( A || ( B &amp;&amp; C) || D ):  (false || ( false &amp;&amp; true ) || true ) ==&gt; true.]" classname="com.dotmarketing.portlets.rules.model.RuleTest" time="0.005"/>
  <testcase name="testComparisons[28: A || B &amp;&amp; C || D should evaluate as ( A || ( B &amp;&amp; C) || D ):  (false || ( false &amp;&amp; true ) || false ) ==&gt; false.]" classname="com.dotmarketing.portlets.rules.model.RuleTest" time="0.001"/>
  <testcase name="testComparisons[29: A || B &amp;&amp; C || D should evaluate as ( A || ( B &amp;&amp; C) || D ):  (false || ( false &amp;&amp; false ) || true ) ==&gt; true.]" classname="com.dotmarketing.portlets.rules.model.RuleTest" time="0.0"/>
  <testcase name="testComparisons[30: A || B &amp;&amp; C || D should evaluate as ( A || ( B &amp;&amp; C) || D ):  (false || ( false &amp;&amp; false ) || false ) ==&gt; false.]" classname="com.dotmarketing.portlets.rules.model.RuleTest" time="0.001"/>
  <system-out><![CDATA[]]></system-out>
  <system-err><![CDATA[]]></system-err>
</testsuite>
