<?xml version="1.0" encoding="UTF-8"?>
<testsuite name="com.dotcms.auth.providers.jwt.factories.SecretKeySpecFactoryTest" tests="1" skipped="0" failures="0" errors="0" timestamp="2023-06-28T02:32:08" hostname="fv-az419-855" time="1.487">
  <properties/>
  <testcase name="readAndPrepareSecret" classname="com.dotcms.auth.providers.jwt.factories.SecretKeySpecFactoryTest" time="1.487"/>
  <system-out><![CDATA[a69e6ba0b5ccc7c447a607281eb899c49ab9464b1947a8be67a40367888543d69d09958f916c671a4ac2e429bca8b9136001ca1245b8d5a8f4553a7a2bdc727b
MySecretKey2
MySecretKey3
MySecretKey3
06bbfbec0a2d7fb8b9715017a451616f3b921457f56e85fb43b3a6f40b767a6a668c1266f1006c5d6cf3251fc80dd6c87a543a20bcd0510d7c9a9f6a9564378d
5088fb5d91d9086e5781a81153cc3d4a878f7725e1d85f9ce095e35f2c1d69f07e42da74e9ea36aa64299f9e491fa618e4368b947adca044fb868f3521d2adc4
5906c2d745424c8f82874be6b7724c256e137b1c18c23a0e3f6b6b68c57c727a6e9b37558547cab59dfa25bd53181cb59b9218afb96bfbefeecdbf97d12b068f
]]></system-out>
  <system-err><![CDATA[]]></system-err>
</testsuite>
