<?xml version="1.0" encoding="UTF-8"?>
<testsuite name="com.dotcms.content.elasticsearch.business.ESContentletAPIHelperTest" tests="1" skipped="0" failures="0" errors="0" timestamp="2023-06-30T16:14:32" hostname="fv-az627-719" time="0.079">
  <properties/>
  <testcase name="testGenerateNotificationStartDeleting" classname="com.dotcms.content.elasticsearch.business.ESContentletAPIHelperTest" time="0.079"/>
  <system-out><![CDATA[]]></system-out>
  <system-err><![CDATA[]]></system-err>
</testsuite>
