<?xml version="1.0" encoding="UTF-8"?>
<testsuite name="com.dotmarketing.business.RelationshipAPIUnitTest" tests="2" skipped="0" failures="0" errors="0" timestamp="2023-07-18T21:27:33" hostname="fv-az812-504" time="0.039">
  <properties/>
  <testcase name="testSave_SelfRelationshipWithNonUniqueRelationTypeValue_ShouldThrowException" classname="com.dotmarketing.business.RelationshipAPIUnitTest" time="0.032"/>
  <testcase name="testSave_RelationshipWithNonUniqueRelationTypeValue_ShouldThrowException" classname="com.dotmarketing.business.RelationshipAPIUnitTest" time="0.001"/>
  <system-out><![CDATA[]]></system-out>
  <system-err><![CDATA[]]></system-err>
</testsuite>
