<?xml version="1.0" encoding="UTF-8"?>
<testsuite name="com.dotcms.auth.providers.jwt.factories.SecretKeySpecFactoryTest" tests="1" skipped="0" failures="0" errors="0" timestamp="2023-06-30T23:08:42" hostname="fv-az251-599" time="1.973">
  <properties/>
  <testcase name="readAndPrepareSecret" classname="com.dotcms.auth.providers.jwt.factories.SecretKeySpecFactoryTest" time="1.973"/>
  <system-out><![CDATA[e82d8d7beaba8cb252dfaf44210cd1b916d5c9c8d60218e4980c81e198d3a8f10e452024d88e0b3b794681cd2e79a556f8691436fc2d06e20a3126da9af93079
MySecretKey2
MySecretKey3
MySecretKey3
ff63c7b1906cbc9c32baba1f2e9cbcaa747a7124014e69c991730b61da8f18b28094cc45d519bb70799ac5ed8e605cc9ad8ceb3a4cc755bc00a6a3b03a82b2c4
47ea8128d63686654b27f7107564eb18d3d4f421442432f7cf529de429e3478a6c791e397f2ec5ea9f5710ef075681df05abc4d89edcc14a98e16ea17b9481bd
66dc9002384b109553b45c0691ef5a22483b0cf4171942b481da2d030a0fdcedcebbf03be0d3346ea2df35c1bd5a0dc1e49ade0a27127b2b13e99e29c3f173ab
]]></system-out>
  <system-err><![CDATA[]]></system-err>
</testsuite>
