<?xml version="1.0" encoding="UTF-8"?>
<testsuite name="com.dotcms.auth.providers.jwt.factories.SecretKeySpecFactoryTest" tests="1" skipped="0" failures="0" errors="0" timestamp="2023-06-26T21:48:46" hostname="fv-az578-351" time="1.671">
  <properties/>
  <testcase name="readAndPrepareSecret" classname="com.dotcms.auth.providers.jwt.factories.SecretKeySpecFactoryTest" time="1.671"/>
  <system-out><![CDATA[14395d861835ff8823b2bc0b629c5a13f2cc428f841f80fe010583b992d2089f65d97d792629578bb9a7049c69ec6bea877916844bdd94e2c45dfe98728dd048
MySecretKey2
MySecretKey3
MySecretKey3
24d6235d4a89e907bbd32152b5b6ddd1531bc06141f2929a10b0da6e714c06a87bf782959a54d4da489013459a93ef097895c2cc7bc73ec8c7bacafe33974ef4
a99b82d100d9e29bd37dd278a4b098e27bf920a00bcb5e4c82fb0a9b04a01c4cf8d95b659d0b35e6e0f6e57c29961fe6495e47b073f2c8fd91a0ffa962ed93e5
61962600e18ad3a653c9a0805c74e957267f25c2cdda38d693564a23ac6b173fe2b59c097e24fa9dc377062acde5b794514a777548fbfc827e1db5254de8ddb0
]]></system-out>
  <system-err><![CDATA[]]></system-err>
</testsuite>
