<?xml version="1.0" encoding="UTF-8"?>
<testsuite name="com.dotmarketing.portlets.osgi.AJAX.OSGIBaseAJAXTest" tests="3" skipped="0" failures="0" errors="0" timestamp="2023-07-06T20:14:21" hostname="fv-az613-608" time="0.084">
  <properties/>
  <testcase name="TestOnNullCallTheDefaultCommand" classname="com.dotmarketing.portlets.osgi.AJAX.OSGIBaseAJAXTest" time="0.07"/>
  <testcase name="TestNotAllowedCommands" classname="com.dotmarketing.portlets.osgi.AJAX.OSGIBaseAJAXTest" time="0.002"/>
  <testcase name="TestAllowedCommands" classname="com.dotmarketing.portlets.osgi.AJAX.OSGIBaseAJAXTest" time="0.011"/>
  <system-out><![CDATA[ Command ::  forbiddenMethod  on  class Mock for OSGIAJAX, hashCode: 344392536
 Command ::  restart  on  class Mock for OSGIAJAX, hashCode: 857634390
 Command ::  start  on  class Mock for OSGIAJAX, hashCode: 857634390
 Command ::  add  on  class Mock for OSGIAJAX, hashCode: 857634390
 Command ::  stop  on  class Mock for OSGIAJAX, hashCode: 857634390
 Command ::  undeploy  on  class Mock for OSGIAJAX, hashCode: 857634390
 Command ::  modifyExtraPackages  on  class Mock for OSGIAJAX, hashCode: 857634390
 Command ::  deploy  on  class Mock for OSGIAJAX, hashCode: 857634390
 Command ::  remove  on  class Mock for OSGIAJAX, hashCode: 857634390
 Command ::  getExtraPackages  on  class Mock for OSGIAJAX, hashCode: 857634390
 Command ::  action  on  class Mock for OSGIAJAX, hashCode: 857634390
]]></system-out>
  <system-err><![CDATA[]]></system-err>
</testsuite>
