<?xml version="1.0" encoding="UTF-8"?>
<testsuite name="com.dotcms.util.pagination.SiteViewPaginatorUnitTest" tests="2" skipped="0" failures="0" errors="0" timestamp="2023-07-18T19:06:41" hostname="fv-az552-989" time="0.12">
  <properties/>
  <testcase name="Test_Get_Items_Sorted_Pages" classname="com.dotcms.util.pagination.SiteViewPaginatorUnitTest" time="0.083"/>
  <testcase name="Test_Get_Items_Page_Size" classname="com.dotcms.util.pagination.SiteViewPaginatorUnitTest" time="0.036"/>
  <system-out><![CDATA[SYSTEM_HOST
2
3
4
6
]]></system-out>
  <system-err><![CDATA[]]></system-err>
</testsuite>
