<?xml version="1.0" encoding="UTF-8"?>
<testsuite name="com.dotcms.auth.providers.jwt.factories.SecretKeySpecFactoryTest" tests="1" skipped="0" failures="0" errors="0" timestamp="2023-06-26T21:47:02" hostname="fv-az301-138" time="1.085">
  <properties/>
  <testcase name="readAndPrepareSecret" classname="com.dotcms.auth.providers.jwt.factories.SecretKeySpecFactoryTest" time="1.085"/>
  <system-out><![CDATA[aa5d790e2c606c8b97e0dd0056817ebba9a98e4ee962088e036029f801d66361d61d8496adb24130e8ef4440e9373813663c9f4e84acaa7d9986bfb7f80021fa
MySecretKey2
MySecretKey3
MySecretKey3
b86ee86abd9ccb0d79b0304ad495af4c8d8fc922678be16c02c668c59955cd0159dd9c4770d2a3f25374a6df892dacc7a07403c25e46e08e019bdfe38bb77d37
5a404f22289bfb5bd75153c89af6d303d9b785c07ec7a4341f8826ba4a9b8489035a018a511057a8928a2fbc50003b3a79655b449d24348d51ddb96f03a46757
67c7ff94e360b3daca778c9076828810d183d51896f2aefb3d711100648e6e408d5badc851a3c6e24643b944536462fd6c6b6ea1111d3c4c2d8e3bebef072dc2
]]></system-out>
  <system-err><![CDATA[]]></system-err>
</testsuite>
