<?xml version="1.0" encoding="UTF-8"?>
<testsuite name="com.dotcms.auth.providers.jwt.factories.SecretKeySpecFactoryTest" tests="1" skipped="0" failures="0" errors="0" timestamp="2023-07-10T17:38:55" hostname="fv-az404-711" time="1.523">
  <properties/>
  <testcase name="readAndPrepareSecret" classname="com.dotcms.auth.providers.jwt.factories.SecretKeySpecFactoryTest" time="1.523"/>
  <system-out><![CDATA[8217f7ea99c028fd3a022c366a10b2d4f87fa883a5332dbc297ad1705bd72b39ab4797443e76aad017a1dc3c081c35f2a5ff09c4380afa923fcd7d1aaadeae52
MySecretKey2
MySecretKey3
MySecretKey3
e47c6e4f4a4192a51837fa5cc7f40b915e1c4263dd5960375c596f3f98b13e0e54b6c4abe5b1e8595f1e5d201aaabfbfedfb6096a5efb0d15045c44a8a67c95c
49ce482c27be329f91faea40bb9af1d90c931bb034e2613081855a7c0ea6df042be0c871a60a7dea339f4a1aa4e87af23e6df66f0a34eeaf4db2b0f2dc8e5456
fe141f4d85b472042a6394886d8ce80e3ad2005f4834a352ecdab960d011f4bf77c79dbd0b0ae67c0c803e70bf5a34b50dbdc46e8bb77b80dc02e0b6dc05b446
]]></system-out>
  <system-err><![CDATA[]]></system-err>
</testsuite>
