<?xml version="1.0" encoding="UTF-8"?>
<testsuite name="com.dotcms.util.pagination.UserPaginatorTest" tests="2" skipped="0" failures="0" errors="0" timestamp="2023-07-03T14:29:40" hostname="fv-az587-620" time="32.387">
  <properties/>
  <testcase name="testGetItems" classname="com.dotcms.util.pagination.UserPaginatorTest" time="32.385"/>
  <testcase name="testGetItemsException" classname="com.dotcms.util.pagination.UserPaginatorTest" time="0.002"/>
  <system-out><![CDATA[]]></system-out>
  <system-err><![CDATA[]]></system-err>
</testsuite>
