<?xml version="1.0" encoding="UTF-8"?>
<testsuite name="com.dotcms.auth.providers.jwt.factories.SecretKeySpecFactoryTest" tests="1" skipped="0" failures="0" errors="0" timestamp="2023-06-28T19:18:28" hostname="fv-az583-972" time="1.779">
  <properties/>
  <testcase name="readAndPrepareSecret" classname="com.dotcms.auth.providers.jwt.factories.SecretKeySpecFactoryTest" time="1.779"/>
  <system-out><![CDATA[5d68b9b407ff0872486fdb361ce636789f0a01efa501196baade1f0d57995687ca8dfa067ce69023258b17e36b3d234c870e4c7cfba57ef1f183dd9ae6e02174
MySecretKey2
MySecretKey3
MySecretKey3
e1ca3d464cc472d443b90d633fd6121584528af8fd437a69af3874e7f6c9e4fbc3f54ba40f9e871773f9925fd3accbddcb321b8a8e930aa3ea5600f3039c6cb9
864c62f4fa0f1659b44552e9836101624440b949e43843f1cf449c8dab478a4d9cb6067d68ec49c8081653c389eaa1f34059b1605357d12cb97d60b416e63265
4d58cef3eb0f388192de2a073bc385b2db684c5f78955ea614bfb6ee1f877ddf1a48fdbd5e9cca78e029a2bce47a611aabed439e578f0ad5224ba50132300ff5
]]></system-out>
  <system-err><![CDATA[]]></system-err>
</testsuite>
