<?xml version="1.0" encoding="UTF-8"?>
<testsuite name="com.dotmarketing.portlets.osgi.AJAX.OSGIBaseAJAXTest" tests="3" skipped="0" failures="0" errors="0" timestamp="2023-07-19T15:28:04" hostname="fv-az168-813" time="0.176">
  <properties/>
  <testcase name="TestOnNullCallTheDefaultCommand" classname="com.dotmarketing.portlets.osgi.AJAX.OSGIBaseAJAXTest" time="0.142"/>
  <testcase name="TestNotAllowedCommands" classname="com.dotmarketing.portlets.osgi.AJAX.OSGIBaseAJAXTest" time="0.005"/>
  <testcase name="TestAllowedCommands" classname="com.dotmarketing.portlets.osgi.AJAX.OSGIBaseAJAXTest" time="0.018"/>
  <system-out><![CDATA[ Command ::  forbiddenMethod  on  class Mock for OSGIAJAX, hashCode: 1201465738
 Command ::  action  on  class Mock for OSGIAJAX, hashCode: 592587183
 Command ::  getExtraPackages  on  class Mock for OSGIAJAX, hashCode: 592587183
 Command ::  remove  on  class Mock for OSGIAJAX, hashCode: 592587183
 Command ::  deploy  on  class Mock for OSGIAJAX, hashCode: 592587183
 Command ::  modifyExtraPackages  on  class Mock for OSGIAJAX, hashCode: 592587183
 Command ::  undeploy  on  class Mock for OSGIAJAX, hashCode: 592587183
 Command ::  stop  on  class Mock for OSGIAJAX, hashCode: 592587183
 Command ::  add  on  class Mock for OSGIAJAX, hashCode: 592587183
 Command ::  start  on  class Mock for OSGIAJAX, hashCode: 592587183
 Command ::  restart  on  class Mock for OSGIAJAX, hashCode: 592587183
]]></system-out>
  <system-err><![CDATA[]]></system-err>
</testsuite>
