<?xml version="1.0" encoding="UTF-8"?>
<testsuite name="com.dotcms.auth.providers.jwt.factories.SecretKeySpecFactoryTest" tests="1" skipped="0" failures="0" errors="0" timestamp="2023-07-17T18:00:29" hostname="fv-az455-56" time="2.032">
  <properties/>
  <testcase name="readAndPrepareSecret" classname="com.dotcms.auth.providers.jwt.factories.SecretKeySpecFactoryTest" time="2.032"/>
  <system-out><![CDATA[23f349e96b22a62ada9daeb0ddb2489ee066eb6f7f8bad0b58be9d8718347edbe1ab4a228127424768a0a9b85883f34ca0a7f27cd11080377a8a495b9486a724
MySecretKey2
MySecretKey3
MySecretKey3
eb72df8cac6c6e14a368ba16c5f5b136523d635f3b1a1eba6a37cf5723dd8cdffff419e59c1454eddb6562aed37b44c8295d72e57af53e7b8119a5b24d8ff13d
1475dd16b01415af265d16bde2a64450c5e73e9cbe238df590279b0d862b0b81a259788c22c56a2ba8b38b8765ef9ec17e82c5eac692ad4e859f9c0f730a69fd
c539c88bc39f5e4195219a6e5004ca1fa3f29f0d1a894909bca63f844615731f21170f299364c842d9f644f890597859b5e98b8590e9712c9533ac007f3a5ba2
]]></system-out>
  <system-err><![CDATA[]]></system-err>
</testsuite>
