<?xml version="1.0" encoding="UTF-8"?>
<testsuite name="com.dotmarketing.portlets.osgi.AJAX.OSGIBaseAJAXTest" tests="3" skipped="0" failures="0" errors="0" timestamp="2023-07-12T15:17:30" hostname="fv-az454-435" time="0.092">
  <properties/>
  <testcase name="TestOnNullCallTheDefaultCommand" classname="com.dotmarketing.portlets.osgi.AJAX.OSGIBaseAJAXTest" time="0.072"/>
  <testcase name="TestNotAllowedCommands" classname="com.dotmarketing.portlets.osgi.AJAX.OSGIBaseAJAXTest" time="0.003"/>
  <testcase name="TestAllowedCommands" classname="com.dotmarketing.portlets.osgi.AJAX.OSGIBaseAJAXTest" time="0.015"/>
  <system-out><![CDATA[ Command ::  forbiddenMethod  on  class Mock for OSGIAJAX, hashCode: 168830322
 Command ::  getExtraPackages  on  class Mock for OSGIAJAX, hashCode: 625305194
 Command ::  remove  on  class Mock for OSGIAJAX, hashCode: 625305194
 Command ::  deploy  on  class Mock for OSGIAJAX, hashCode: 625305194
 Command ::  modifyExtraPackages  on  class Mock for OSGIAJAX, hashCode: 625305194
 Command ::  undeploy  on  class Mock for OSGIAJAX, hashCode: 625305194
 Command ::  stop  on  class Mock for OSGIAJAX, hashCode: 625305194
 Command ::  add  on  class Mock for OSGIAJAX, hashCode: 625305194
 Command ::  start  on  class Mock for OSGIAJAX, hashCode: 625305194
 Command ::  restart  on  class Mock for OSGIAJAX, hashCode: 625305194
 Command ::  action  on  class Mock for OSGIAJAX, hashCode: 625305194
]]></system-out>
  <system-err><![CDATA[]]></system-err>
</testsuite>
