<?xml version="1.0" encoding="UTF-8"?>
<testsuite name="com.dotmarketing.util.XMLUtilsTest" tests="4" skipped="0" failures="0" errors="0" timestamp="2023-06-30T17:22:37" hostname="fv-az268-64" time="0.032">
  <properties/>
  <testcase name="isValidXML_null_Test" classname="com.dotmarketing.util.XMLUtilsTest" time="0.003"/>
  <testcase name="isValidXML_invalid_Test" classname="com.dotmarketing.util.XMLUtilsTest" time="0.027"/>
  <testcase name="isValidXML_empty_Test" classname="com.dotmarketing.util.XMLUtilsTest" time="0.001"/>
  <testcase name="isValidXML_valid_Test" classname="com.dotmarketing.util.XMLUtilsTest" time="0.001"/>
  <system-out><![CDATA[]]></system-out>
  <system-err><![CDATA[[Fatal Error] :3:1: XML document structures must start and end within the same entity.
]]></system-err>
</testsuite>
