<?xml version="1.0" encoding="UTF-8"?>
<testsuite name="com.dotcms.auth.providers.jwt.factories.SecretKeySpecFactoryTest" tests="1" skipped="0" failures="0" errors="0" timestamp="2023-07-11T16:57:17" hostname="fv-az1256-472" time="1.358">
  <properties/>
  <testcase name="readAndPrepareSecret" classname="com.dotcms.auth.providers.jwt.factories.SecretKeySpecFactoryTest" time="1.358"/>
  <system-out><![CDATA[0075e5459ef462e66fc2ae3c03bb2870ab73dea083070a5ed4fac20a4f72a17bf5e209764c5775b308af9abac10ed38fcdcc78ff2664bcb4d27d2a22f31a7a85
MySecretKey2
MySecretKey3
MySecretKey3
5940fcc2c32d794b639bde9a0eebde270072e2fc1cfbd09e8ba214d604393900558f475007e17a62e4b50c7203298dafe5dbf44b0ffbd7d9dd1447e20ed0a502
aa793f41ac0889b35aed0bf314376e2d501aba829e7c6574c733310a038261c394ca676516964396b6b46c47effa9f9c9b9464a96ad282a8679349df8f2fefe2
99344a2055cb0c9553e58be2dfffbce90b6fff7045040faee74482d67adc4897b673d0f45d90bd37c608c6d0774c8b1f001b08f6444b25f600ff4ab21a506e12
]]></system-out>
  <system-err><![CDATA[]]></system-err>
</testsuite>
