<?xml version="1.0" encoding="UTF-8"?>
<testsuite name="com.dotcms.rest.api.v1.workflow.WorkflowResourceTest" tests="7" skipped="0" failures="0" errors="0" timestamp="2023-06-28T15:50:51" hostname="fv-az554-967" time="0.514">
  <properties/>
  <testcase name="testEmptySchemaParameters" classname="com.dotcms.rest.api.v1.workflow.WorkflowResourceTest" time="0.03"/>
  <testcase name="testUpdateNonExistingScheme" classname="com.dotcms.rest.api.v1.workflow.WorkflowResourceTest" time="0.438"/>
  <testcase name="testUpdateScheme" classname="com.dotcms.rest.api.v1.workflow.WorkflowResourceTest" time="0.013"/>
  <testcase name="testSaveExistingSchemeDupeName" classname="com.dotcms.rest.api.v1.workflow.WorkflowResourceTest" time="0.018"/>
  <testcase name="testSaveScheme" classname="com.dotcms.rest.api.v1.workflow.WorkflowResourceTest" time="0.002"/>
  <testcase name="testNullSchemaParameters" classname="com.dotcms.rest.api.v1.workflow.WorkflowResourceTest" time="0.001"/>
  <testcase name="testSchemaEmptyParameters" classname="com.dotcms.rest.api.v1.workflow.WorkflowResourceTest" time="0.001"/>
  <system-out><![CDATA[]]></system-out>
  <system-err><![CDATA[]]></system-err>
</testsuite>
