<?xml version="1.0" encoding="UTF-8"?>
<testsuite name="com.dotcms.auth.providers.jwt.factories.SecretKeySpecFactoryTest" tests="1" skipped="0" failures="0" errors="0" timestamp="2023-06-30T20:56:03" hostname="fv-az629-494" time="1.261">
  <properties/>
  <testcase name="readAndPrepareSecret" classname="com.dotcms.auth.providers.jwt.factories.SecretKeySpecFactoryTest" time="1.261"/>
  <system-out><![CDATA[51a44b96fa17d4eaab85d572a145bbe1353149790eea21414f9c05c6ca8e9f707d32dc02ad5d39ad858e826fc7d67383d837ef7f5a183f45b1d60f0e813b2ebd
MySecretKey2
MySecretKey3
MySecretKey3
d71657ca7346f487957382cc837f90a61ccac8fce9098cff51cebb6725521004b015f93d2b618622f1de1214e94591e426e56c6767edc2a699d216848891649c
239051b3f11880d57ec1819cf3556eefd04ae8e5834f5b85ea09798b1af9d0b20a5776728aba42e806a5304ce03737c57332ed441ec454122e0be9fb4b61f574
b39a41aa7201445b362df68d790e932f5a93dcf8b73874c0322dba8423dfa2ba61f92279ec1ac183fb0b6f451303cbf1b4477cc74eed43c94551ce9ba5a25337
]]></system-out>
  <system-err><![CDATA[]]></system-err>
</testsuite>
