<?xml version="1.0" encoding="UTF-8"?>
<testsuite name="v2.languages.LanguagesResourceTest" tests="4" skipped="0" failures="0" errors="0" timestamp="2023-07-17T15:22:34" hostname="fv-az1104-43" time="0.107">
  <properties/>
  <testcase name="test_when_contentInodeIsNotNull_and_throwDotSecurityException" classname="v2.languages.LanguagesResourceTest" time="0.016"/>
  <testcase name="list" classname="v2.languages.LanguagesResourceTest" time="0.082"/>
  <testcase name="test_when_contentInodeIsNotNull_should_listLanguageByInode" classname="v2.languages.LanguagesResourceTest" time="0.001"/>
  <testcase name="test_when_contentInodeIsNotNull_and_throwDotDataException" classname="v2.languages.LanguagesResourceTest" time="0.008"/>
  <system-out><![CDATA[]]></system-out>
  <system-err><![CDATA[]]></system-err>
</testsuite>
