<?xml version="1.0" encoding="UTF-8"?>
<testsuite name="com.dotcms.auth.providers.jwt.factories.SecretKeySpecFactoryTest" tests="1" skipped="0" failures="0" errors="0" timestamp="2023-07-03T15:14:04" hostname="fv-az456-372" time="1.737">
  <properties/>
  <testcase name="readAndPrepareSecret" classname="com.dotcms.auth.providers.jwt.factories.SecretKeySpecFactoryTest" time="1.737"/>
  <system-out><![CDATA[4dbc5dfb36f1661f5bdd0ed1fac30b86b19c1d38450aa6cb792a09f1eacd9de5d88c11b672562495a4ceb8f0977683d08deeb98e506b0ea79a2662b874b6073b
MySecretKey2
MySecretKey3
MySecretKey3
fbcbad85020bf153cb49b322e232fe033c7829f40241b436677de7c782fc4eaca6e33a8249bcd72fb426bd3b39884aca011981c06c9509b486181afbb9279954
790196d21e330aab9cac95f517c93e7e11f6bfde9cfd147ae9fe009eb378266efdf79db4458a59e4ad0e21f61283da129cb32394f04557fac8105a5a389f2999
504915b112cf7b8eace3736d5735d7c641d7c5cfa77ec2aa1ff2ca49d811031e8a6c21533bf085a557dccf75943827908f4cdc9c9188e63ffa4aabf76a231983
]]></system-out>
  <system-err><![CDATA[]]></system-err>
</testsuite>
