<?xml version="1.0" encoding="UTF-8"?>
<testsuite name="com.dotcms.util.GeoIp2CityDbUtilTest" tests="4" skipped="0" failures="0" errors="0" timestamp="2023-07-18T19:11:38" hostname="fv-az507-177" time="0.276">
  <properties/>
  <testcase name="test_geo_db_is_singleton" classname="com.dotcms.util.GeoIp2CityDbUtilTest" time="0.05"/>
  <testcase name="test_geo_db_works" classname="com.dotcms.util.GeoIp2CityDbUtilTest" time="0.173"/>
  <testcase name="test_Geolocation_can_reload" classname="com.dotcms.util.GeoIp2CityDbUtilTest" time="0.004"/>
  <testcase name="test_Geolocation_can_serialize" classname="com.dotcms.util.GeoIp2CityDbUtilTest" time="0.049"/>
  <system-out><![CDATA[Current dir:/home/runner/work/core/core/dotCMS
{"latitude":42.6489,"longitude":-71.1655,"country":"United States","countryCode":"US","city":"Andover","continent":"North America","continentCode":"NA","company":null,"timezone":"America/New_York","subdivision":"Massachusetts","subdivisionCode":"MA","ipAddress":"108.49.249.66"}
]]></system-out>
  <system-err><![CDATA[]]></system-err>
</testsuite>
