<?xml version="1.0" encoding="UTF-8"?>
<testsuite name="com.dotcms.filters.interceptor.jwt.JsonWebTokenInterceptorTest" tests="3" skipped="0" failures="0" errors="0" timestamp="2023-07-20T17:25:25" hostname="fv-az341-523" time="0.308">
  <properties/>
  <testcase name="interceptLoggedUserTest" classname="com.dotcms.filters.interceptor.jwt.JsonWebTokenInterceptorTest" time="0.267"/>
  <testcase name="interceptOnNonHttpsTest" classname="com.dotcms.filters.interceptor.jwt.JsonWebTokenInterceptorTest" time="0.004"/>
  <testcase name="interceptNonAccessTokenTest" classname="com.dotcms.filters.interceptor.jwt.JsonWebTokenInterceptorTest" time="0.037"/>
  <system-out><![CDATA[Gettings cookies
]]></system-out>
  <system-err><![CDATA[]]></system-err>
</testsuite>
