<?xml version="1.0" encoding="UTF-8"?>
<testsuite name="com.dotcms.auth.providers.jwt.factories.SecretKeySpecFactoryTest" tests="1" skipped="0" failures="0" errors="0" timestamp="2023-06-29T01:17:41" hostname="fv-az1259-857" time="1.449">
  <properties/>
  <testcase name="readAndPrepareSecret" classname="com.dotcms.auth.providers.jwt.factories.SecretKeySpecFactoryTest" time="1.449"/>
  <system-out><![CDATA[085ad63fd495a0cfe9c3c57b04571b16fe2a78c83ac98395a68b589b3cf52fd36777d2fbe17b74db521e8e1e2498c783a80347e9582861ce86652120c155a77f
MySecretKey2
MySecretKey3
MySecretKey3
e59c9e71b96f13bd74211a8bcb977467b7a8c3551e6774e75984c6571ef65c073a9557c57c260fa6a3974b4e92b3d50b5339eb03be44edd35fca1645042ae9b6
c6db6415d6a13abc88ef88436b5234961c5d40f5837c95c4a4840e5c1f38ec28ceb8beb495ee5a8016707f1a329a5d4a28418796573827e775ec9121f5014055
72e829d566d6b724d32993ccac4fc6776b62e8b6ae18eda4a0897bb93d87fe474c7f603549855d04a5cb1f4adfe3ff61ec906e555e7a1bdbc7582661ff8fe197
]]></system-out>
  <system-err><![CDATA[]]></system-err>
</testsuite>
