<?xml version="1.0" encoding="UTF-8"?>
<testsuite name="com.dotcms.auth.providers.jwt.factories.SecretKeySpecFactoryTest" tests="1" skipped="0" failures="0" errors="0" timestamp="2023-06-26T16:35:56" hostname="fv-az574-494" time="1.593">
  <properties/>
  <testcase name="readAndPrepareSecret" classname="com.dotcms.auth.providers.jwt.factories.SecretKeySpecFactoryTest" time="1.593"/>
  <system-out><![CDATA[a265e274582e371c75cc4317396fa8f5e02ac3a767a26b81625fa5f55ee4fb10fc4efddc5733241486592f8a1b700d2efe9c652491c4ac616a64740004d9c1d7
MySecretKey2
MySecretKey3
MySecretKey3
69e7e38b499d1f46af3b5198c5760771d15a44907aebcc787f35dd12e6bf107c922467aeab854832894fbf45c38326b81a4893b385c720987a3db37eacd41f00
4a7de6a91458e6c300fb0b56582f93ec6a519bf537aa9913820cf1c5122bdba88aa0e02d50043fadd236f9a738fbd5eb19a8c09487688c7ec19d0cad5420c7c6
5ace9b7f0eed03bec2dc8e5c6a9c00d0950308706d51917c385eb54ac6e7812917816a44e3e19663d6545b9d1138e8be75a5277df0ddd176ecf979a06a4adfd9
]]></system-out>
  <system-err><![CDATA[]]></system-err>
</testsuite>
