<?xml version="1.0" encoding="UTF-8"?>
<testsuite name="com.dotcms.auth.providers.jwt.factories.SecretKeySpecFactoryTest" tests="1" skipped="0" failures="0" errors="0" timestamp="2023-07-14T17:27:15" hostname="fv-az790-550" time="1.395">
  <properties/>
  <testcase name="readAndPrepareSecret" classname="com.dotcms.auth.providers.jwt.factories.SecretKeySpecFactoryTest" time="1.395"/>
  <system-out><![CDATA[6b4bc38e80eb1fc36c65e454039cfa84888ab71964fd89c0cfb68c33d0ab87383fcff4e34fb7d02fc6678950712644349c7e07b2545f1e503cd94bac3f4ea271
MySecretKey2
MySecretKey3
MySecretKey3
f9cb6c1305df6d4bc71b0f300c5aad6f2fe7e4e2d638de6b5579a31be7a4b3d304745667d1e49f64a811c1185ed29271b5819196ce037cc672a089ec36db2bb3
e4c90c40ab343292f5cc19d51754cf1945f14912132743fb2484167bb7941255b5bb9e9c5181eae492bd3e729379d3ee5f6402524c68bf8c4d39924d28a82d63
26d6744d94ce58e7c76c89a518573224cd128e65c731c45c276673cd227ded96cce7820dc0debbb463e8672038a9c41992f56b51014e23d73c9c479f2dd954b3
]]></system-out>
  <system-err><![CDATA[]]></system-err>
</testsuite>
