<?xml version="1.0" encoding="UTF-8"?>
<testsuite name="com.dotmarketing.portlets.osgi.AJAX.OSGIBaseAJAXTest" tests="3" skipped="0" failures="0" errors="0" timestamp="2023-06-23T22:23:07" hostname="fv-az1233-35" time="0.062">
  <properties/>
  <testcase name="TestOnNullCallTheDefaultCommand" classname="com.dotmarketing.portlets.osgi.AJAX.OSGIBaseAJAXTest" time="0.046"/>
  <testcase name="TestNotAllowedCommands" classname="com.dotmarketing.portlets.osgi.AJAX.OSGIBaseAJAXTest" time="0.003"/>
  <testcase name="TestAllowedCommands" classname="com.dotmarketing.portlets.osgi.AJAX.OSGIBaseAJAXTest" time="0.012"/>
  <system-out><![CDATA[ Command ::  forbiddenMethod  on  class Mock for OSGIAJAX, hashCode: 1228354363
 Command ::  undeploy  on  class Mock for OSGIAJAX, hashCode: 615146066
 Command ::  modifyExtraPackages  on  class Mock for OSGIAJAX, hashCode: 615146066
 Command ::  deploy  on  class Mock for OSGIAJAX, hashCode: 615146066
 Command ::  remove  on  class Mock for OSGIAJAX, hashCode: 615146066
 Command ::  getExtraPackages  on  class Mock for OSGIAJAX, hashCode: 615146066
 Command ::  action  on  class Mock for OSGIAJAX, hashCode: 615146066
 Command ::  restart  on  class Mock for OSGIAJAX, hashCode: 615146066
 Command ::  start  on  class Mock for OSGIAJAX, hashCode: 615146066
 Command ::  add  on  class Mock for OSGIAJAX, hashCode: 615146066
 Command ::  stop  on  class Mock for OSGIAJAX, hashCode: 615146066
]]></system-out>
  <system-err><![CDATA[]]></system-err>
</testsuite>
