<?xml version="1.0" encoding="UTF-8"?>
<testsuite name="com.dotmarketing.portlets.workflows.ajax.WfBaseActionTest" tests="3" skipped="0" failures="0" errors="0" timestamp="2023-07-14T21:55:04" hostname="fv-az257-148" time="0.315">
  <properties/>
  <testcase name="TestOnNullCallTheDefaultCommand" classname="com.dotmarketing.portlets.workflows.ajax.WfBaseActionTest" time="0.234"/>
  <testcase name="TestNotAllowedCommands" classname="com.dotmarketing.portlets.workflows.ajax.WfBaseActionTest" time="0.039"/>
  <testcase name="TestAllowedCommands" classname="com.dotmarketing.portlets.workflows.ajax.WfBaseActionTest" time="0.042"/>
  <system-out><![CDATA[ Command ::  forbiddenMethod  on  class Mock for WfActionClassAjax, hashCode: 1858275745
 Command ::  forbiddenMethod  on  class Mock for WfTaskAjax, hashCode: 1973663647
 Command ::  forbiddenMethod  on  class Mock for WfSchemeAjax, hashCode: 2014618147
 Command ::  forbiddenMethod  on  class Mock for WfActionAjax, hashCode: 1235929792
 Command ::  forbiddenMethod  on  class Mock for WfRoleStoreAjax, hashCode: 2064886327
 Command ::  add  on  class Mock for WfActionClassAjax, hashCode: 697430012
 Command ::  action  on  class Mock for WfActionClassAjax, hashCode: 697430012
 Command ::  reorder  on  class Mock for WfActionClassAjax, hashCode: 697430012
 Command ::  delete  on  class Mock for WfActionClassAjax, hashCode: 697430012
 Command ::  save  on  class Mock for WfActionClassAjax, hashCode: 697430012
 Command ::  executeAction  on  class Mock for WfTaskAjax, hashCode: 485494527
 Command ::  executeActions  on  class Mock for WfTaskAjax, hashCode: 485494527
 Command ::  action  on  class Mock for WfTaskAjax, hashCode: 485494527
 Command ::  save  on  class Mock for WfSchemeAjax, hashCode: 317266457
 Command ::  action  on  class Mock for WfSchemeAjax, hashCode: 317266457
 Command ::  delete  on  class Mock for WfActionAjax, hashCode: 159406126
 Command ::  reorder  on  class Mock for WfActionAjax, hashCode: 159406126
 Command ::  action  on  class Mock for WfActionAjax, hashCode: 159406126
 Command ::  add  on  class Mock for WfActionAjax, hashCode: 159406126
 Command ::  deleteActionForStep  on  class Mock for WfActionAjax, hashCode: 159406126
 Command ::  save  on  class Mock for WfActionAjax, hashCode: 159406126
 Command ::  action  on  class Mock for WfRoleStoreAjax, hashCode: 1051055537
 Command ::  assignable  on  class Mock for WfRoleStoreAjax, hashCode: 1051055537
 Command ::  rolesToJson  on  class Mock for WfRoleStoreAjax, hashCode: 1051055537
]]></system-out>
  <system-err><![CDATA[]]></system-err>
</testsuite>
