<?xml version="1.0" encoding="UTF-8"?>
<testsuite name="com.dotcms.auth.providers.jwt.factories.SecretKeySpecFactoryTest" tests="1" skipped="0" failures="0" errors="0" timestamp="2023-07-14T16:14:04" hostname="fv-az339-983" time="1.566">
  <properties/>
  <testcase name="readAndPrepareSecret" classname="com.dotcms.auth.providers.jwt.factories.SecretKeySpecFactoryTest" time="1.566"/>
  <system-out><![CDATA[96666409a4fe8c4ac20136b1aa09cd966db22205c6b9c346d9c713f074ac69e3c9e5ff0a25a7cff86d828a551e34454e457ea08dfb816ea41e6a22e68562ea02
MySecretKey2
MySecretKey3
MySecretKey3
9e99f9e80445c47d1dab6c460f7815cde3fa15fa6e4db2d0069be41ab6756c301025a94cd70bb9ecad2306422f176162294a52f0ee08367932489a24f8736979
efe10ae5e42aea8f9454ec9a5ae9464307d2ffd11f8eff344dd634d2133105cd0d759efea34cd6308a61df6c11d753bad13474871bf01b8d37cfbaa7c3a48523
f01b661cfe8750e91357a29b33161900f4326b66260775013c76399cf51d278f200b3b6704537429520a611adb027a3a8d008c0ec848dd45666e8dba976e33d1
]]></system-out>
  <system-err><![CDATA[]]></system-err>
</testsuite>
