<?xml version="1.0" encoding="UTF-8"?>
<testsuite name="com.dotcms.util.WhileBlackListTest" tests="2" skipped="0" failures="0" errors="0" timestamp="2023-07-17T17:41:38" hostname="fv-az620-591" time="0.012">
  <properties/>
  <testcase name="white_and_black_filter_pattern_success" classname="com.dotcms.util.WhileBlackListTest" time="0.006"/>
  <testcase name="white_and_black_is_allowed_pattern_success" classname="com.dotcms.util.WhileBlackListTest" time="0.001"/>
  <system-out><![CDATA[]]></system-out>
  <system-err><![CDATA[]]></system-err>
</testsuite>
