<?xml version="1.0" encoding="UTF-8"?>
<testsuite name="com.dotmarketing.portlets.osgi.AJAX.OSGIBaseAJAXTest" tests="3" skipped="0" failures="0" errors="0" timestamp="2023-07-13T20:35:20" hostname="fv-az358-465" time="0.106">
  <properties/>
  <testcase name="TestOnNullCallTheDefaultCommand" classname="com.dotmarketing.portlets.osgi.AJAX.OSGIBaseAJAXTest" time="0.082"/>
  <testcase name="TestNotAllowedCommands" classname="com.dotmarketing.portlets.osgi.AJAX.OSGIBaseAJAXTest" time="0.005"/>
  <testcase name="TestAllowedCommands" classname="com.dotmarketing.portlets.osgi.AJAX.OSGIBaseAJAXTest" time="0.014"/>
  <system-out><![CDATA[ Command ::  forbiddenMethod  on  class Mock for OSGIAJAX, hashCode: 792968855
 Command ::  add  on  class Mock for OSGIAJAX, hashCode: 787868677
 Command ::  stop  on  class Mock for OSGIAJAX, hashCode: 787868677
 Command ::  undeploy  on  class Mock for OSGIAJAX, hashCode: 787868677
 Command ::  modifyExtraPackages  on  class Mock for OSGIAJAX, hashCode: 787868677
 Command ::  deploy  on  class Mock for OSGIAJAX, hashCode: 787868677
 Command ::  remove  on  class Mock for OSGIAJAX, hashCode: 787868677
 Command ::  getExtraPackages  on  class Mock for OSGIAJAX, hashCode: 787868677
 Command ::  action  on  class Mock for OSGIAJAX, hashCode: 787868677
 Command ::  restart  on  class Mock for OSGIAJAX, hashCode: 787868677
 Command ::  start  on  class Mock for OSGIAJAX, hashCode: 787868677
]]></system-out>
  <system-err><![CDATA[]]></system-err>
</testsuite>
