<?xml version="1.0" encoding="UTF-8"?>
<testsuite name="com.dotmarketing.image.filter.SVGImageReadingTest" tests="1" skipped="0" failures="0" errors="0" timestamp="2023-07-10T18:47:25" hostname="fv-az409-374" time="1.95">
  <properties/>
  <testcase name="Test_Embedded_SVG_Readability_Good_Image" classname="com.dotmarketing.image.filter.SVGImageReadingTest" time="1.95"/>
  <system-out><![CDATA[]]></system-out>
  <system-err><![CDATA[]]></system-err>
</testsuite>
