<?xml version="1.0" encoding="UTF-8"?>
<testsuite name="com.dotcms.concurrent.DotConcurrentFactoryTest" tests="7" skipped="0" failures="0" errors="0" timestamp="2023-07-19T14:32:23" hostname="fv-az447-779" time="56.784">
  <properties/>
  <testcase name="testDefaultOne_Submitter_Config_shutdown_keep_config" classname="com.dotcms.concurrent.DotConcurrentFactoryTest" time="15.273"/>
  <testcase name="testDefaultOne_Submitter_Config" classname="com.dotcms.concurrent.DotConcurrentFactoryTest" time="10.231"/>
  <testcase name="test_delayed_queue" classname="com.dotcms.concurrent.DotConcurrentFactoryTest" time="2.001"/>
  <testcase name="testDefaultOne" classname="com.dotcms.concurrent.DotConcurrentFactoryTest" time="2.214"/>
  <testcase name="test_Conditional_Submitter" classname="com.dotcms.concurrent.DotConcurrentFactoryTest" time="16.013"/>
  <testcase name="testDefaultOne_Single_Submitter_Config" classname="com.dotcms.concurrent.DotConcurrentFactoryTest" time="10.013"/>
  <testcase name="testSubmit_Single_Submitter_Config" classname="com.dotcms.concurrent.DotConcurrentFactoryTest" time="1.039"/>
  <system-out><![CDATA[DotConcurrentImpl{threadPoolExecutor=name = testsubmitter {com.dotcms.concurrent.DotConcurrentFactory$DotThreadPoolExecutor@2aa2d00d[Running, pool size = 0, active threads = 0, queued tasks = 0, completed tasks = 0]}
MaximumPoolSize=4
keepAliveMillis=60000
queue=[]
shutdown=false}
DotConcurrentImpl{threadPoolExecutor=name = testsubmitter {com.dotcms.concurrent.DotConcurrentFactory$DotThreadPoolExecutor@2aa2d00d[Running, pool size = 0, active threads = 0, queued tasks = 0, completed tasks = 0]}
MaximumPoolSize=4
keepAliveMillis=60000
queue=[]
shutdown=false}
Thread0 is running
DotConcurrentImpl{threadPoolExecutor=name = testsubmitter {com.dotcms.concurrent.DotConcurrentFactory$DotThreadPoolExecutor@2aa2d00d[Running, pool size = 2, active threads = 2, queued tasks = 8, completed tasks = 0]}
MaximumPoolSize=4
keepAliveMillis=60000
queue=[com.dotcms.concurrent.DotConcurrentFactoryTest$PrintTask@5a0c3ce5, com.dotcms.concurrent.DotConcurrentFactoryTest$PrintTask@339aa610, com.dotcms.concurrent.DotConcurrentFactoryTest$PrintTask@2db63c26, com.dotcms.concurrent.DotConcurrentFactoryTest$PrintTask@580feb76, com.dotcms.concurrent.DotConcurrentFactoryTest$PrintTask@63df0f86, com.dotcms.concurrent.DotConcurrentFactoryTest$PrintTask@5939fcb, com.dotcms.concurrent.DotConcurrentFactoryTest$PrintTask@19d8c453, com.dotcms.concurrent.DotConcurrentFactoryTest$PrintTask@3e2bc845]
shutdown=false}
DotConcurrentImpl{threadPoolExecutor=name = testsubmitter {com.dotcms.concurrent.DotConcurrentFactory$DotThreadPoolExecutor@2aa2d00d[Running, pool size = 2, active threads = 2, queued tasks = 18, completed tasks = 0]}
MaximumPoolSize=4
keepAliveMillis=60000
queue=[com.dotcms.concurrent.DotConcurrentFactoryTest$PrintTask@5a0c3ce5, com.dotcms.concurrent.DotConcurrentFactoryTest$PrintTask@339aa610, com.dotcms.concurrent.DotConcurrentFactoryTest$PrintTask@2db63c26, com.dotcms.concurrent.DotConcurrentFactoryTest$PrintTask@580feb76, com.dotcms.concurrent.DotConcurrentFactoryTest$PrintTask@63df0f86, com.dotcms.concurrent.DotConcurrentFactoryTest$PrintTask@5939fcb, com.dotcms.concurrent.DotConcurrentFactoryTest$PrintTask@19d8c453, com.dotcms.concurrent.DotConcurrentFactoryTest$PrintTask@3e2bc845, com.dotcms.concurrent.DotConcurrentFactoryTest$PrintTask@25934339, com.dotcms.concurrent.DotConcurrentFactoryTest$PrintTask@3c67fd87, com.dotcms.concurrent.DotConcurrentFactoryTest$PrintTask@63425c04, com.dotcms.concurrent.DotConcurrentFactoryTest$PrintTask@3cbc9c9, com.dotcms.concurrent.DotConcurrentFactoryTest$PrintTask@3c7ec802, com.dotcms.concurrent.DotConcurrentFactoryTest$PrintTask@3ff681cf, com.dotcms.concurrent.DotConcurrentFactoryTest$PrintTask@4ea55849, com.dotcms.concurrent.DotConcurrentFactoryTest$PrintTask@137d45d5, com.dotcms.concurrent.DotConcurrentFactoryTest$PrintTask@5989b160, com.dotcms.concurrent.DotConcurrentFactoryTest$PrintTask@52fabb67]
shutdown=false}
DotConcurrentImpl{threadPoolExecutor=name = testsubmitter {com.dotcms.concurrent.DotConcurrentFactory$DotThreadPoolExecutor@2aa2d00d[Running, pool size = 2, active threads = 2, queued tasks = 28, completed tasks = 0]}
MaximumPoolSize=4
keepAliveMillis=60000
queue=[com.dotcms.concurrent.DotConcurrentFactoryTest$PrintTask@5a0c3ce5, com.dotcms.concurrent.DotConcurrentFactoryTest$PrintTask@339aa610, com.dotcms.concurrent.DotConcurrentFactoryTest$PrintTask@2db63c26, com.dotcms.concurrent.DotConcurrentFactoryTest$PrintTask@580feb76, com.dotcms.concurrent.DotConcurrentFactoryTest$PrintTask@63df0f86, com.dotcms.concurrent.DotConcurrentFactoryTest$PrintTask@5939fcb, com.dotcms.concurrent.DotConcurrentFactoryTest$PrintTask@19d8c453, com.dotcms.concurrent.DotConcurrentFactoryTest$PrintTask@3e2bc845, com.dotcms.concurrent.DotConcurrentFactoryTest$PrintTask@25934339, com.dotcms.concurrent.DotConcurrentFactoryTest$PrintTask@3c67fd87, com.dotcms.concurrent.DotConcurrentFactoryTest$PrintTask@63425c04, com.dotcms.concurrent.DotConcurrentFactoryTest$PrintTask@3cbc9c9, com.dotcms.concurrent.DotConcurrentFactoryTest$PrintTask@3c7ec802, com.dotcms.concurrent.DotConcurrentFactoryTest$PrintTask@3ff681cf, com.dotcms.concurrent.DotConcurrentFactoryTest$PrintTask@4ea55849, com.dotcms.concurrent.DotConcurrentFactoryTest$PrintTask@137d45d5, com.dotcms.concurrent.DotConcurrentFactoryTest$PrintTask@5989b160, com.dotcms.concurrent.DotConcurrentFactoryTest$PrintTask@52fabb67, com.dotcms.concurrent.DotConcurrentFactoryTest$PrintTask@3679d661, com.dotcms.concurrent.DotConcurrentFactoryTest$PrintTask@4f536e96, com.dotcms.concurrent.DotConcurrentFactoryTest$PrintTask@5b45d4ad, com.dotcms.concurrent.DotConcurrentFactoryTest$PrintTask@5c637d21, com.dotcms.concurrent.DotConcurrentFactoryTest$PrintTask@24516212, com.dotcms.concurrent.DotConcurrentFactoryTest$PrintTask@70a28fd0, com.dotcms.concurrent.DotConcurrentFactoryTest$PrintTask@537ddd5, com.dotcms.concurrent.DotConcurrentFactoryTest$PrintTask@42fa2227, com.dotcms.concurrent.DotConcurrentFactoryTest$PrintTask@6d949998, com.dotcms.concurrent.DotConcurrentFactoryTest$PrintTask@92c47f5]
shutdown=false}
Active Threads : 2
Thread1 is running
Active Threads : 2
Active Threads : 2
Active Threads : 2
Active Threads : 2
Thread0 is running
Thread2 is running
Active Threads : 2
Thread1 is running
Thread3 is running
Active Threads : 2
Active Threads : 2
Active Threads : 2
Active Threads : 2
Thread2 is running
Thread4 is running
Active Threads : 2
Thread3 is running
Thread5 is running
Active Threads : 2
Active Threads : 2
Active Threads : 2
Active Threads : 2
Thread4 is running
Thread6 is running
Thread5 is running
Thread7 is running
Active Threads : 2
Active Threads : 2
Active Threads : 2
Active Threads : 2
Active Threads : 2
Thread6 is running
Thread8 is running
Thread7 is running
Thread9 is running
Active Threads : 2
Active Threads : 2
Active Threads : 2
Active Threads : 2
Active Threads : 2
Thread8 is running
Thread10 is running
Thread9 is running
Thread11 is running
Active Threads : 2
Active Threads : 2
Active Threads : 2
Active Threads : 2
Active Threads : 2
Thread10 is running
Thread12 is running
Thread11 is running
Thread13 is running
Active Threads : 2
Active Threads : 2
Active Threads : 2
Active Threads : 2
Active Threads : 2
Thread12 is running
Thread14 is running
Thread13 is running
Thread15 is running
Active Threads : 2
Active Threads : 2
Active Threads : 2
Active Threads : 2
Active Threads : 2
Thread14 is running
Thread16 is running
Thread15 is running
Thread17 is running
Active Threads : 2
Active Threads : 2
Active Threads : 2
Active Threads : 2
Active Threads : 2
Thread16 is running
Thread18 is running
Thread17 is running
Thread19 is running
Active Threads : 2
Active Threads : 2
Active Threads : 2
Active Threads : 2
Active Threads : 2
Thread18 is running
Thread20 is running
Thread19 is running
Thread21 is running
Active Threads : 2
Active Threads : 2
Active Threads : 2
Active Threads : 2
Active Threads : 2
Thread20 is running
Thread22 is running
Thread21 is running
Thread23 is running
Active Threads : 2
Active Threads : 2
Active Threads : 2
Active Threads : 2
Active Threads : 2
Thread22 is running
Thread24 is running
Thread23 is running
Thread25 is running
Active Threads : 2
Active Threads : 2
Active Threads : 2
Active Threads : 2
Active Threads : 2
Thread24 is running
Thread26 is running
Thread25 is running
Thread27 is running
Active Threads : 2
Active Threads : 2
Active Threads : 2
Active Threads : 2
Active Threads : 2
Thread26 is running
Thread28 is running
Thread27 is running
Thread29 is running
Active Threads : 2
Active Threads : 2
Active Threads : 2
Active Threads : 2
Active Threads : 2
Thread28 is running
Thread30 is running
Thread29 is running
Thread31 is running
Active Threads : 2
Active Threads : 2
Active Threads : 2
Active Threads : 2
Active Threads : 2
Thread30 is running
Thread32 is running
Thread31 is running
Thread33 is running
Active Threads : 2
Active Threads : 2
Active Threads : 2
Active Threads : 2
Active Threads : 2
Thread32 is running
Thread34 is running
Thread33 is running
Thread35 is running
Active Threads : 2
Active Threads : 2
Active Threads : 2
Active Threads : 2
Active Threads : 2
Thread34 is running
Thread36 is running
Thread35 is running
Thread37 is running
Active Threads : 2
Active Threads : 2
Active Threads : 2
Active Threads : 2
Active Threads : 2
Thread36 is running
Thread38 is running
Thread37 is running
Thread39 is running
Active Threads : 2
Active Threads : 2
Active Threads : 2
Active Threads : 2
Active Threads : 2
Thread38 is running
Thread39 is running
Active Threads : 0
Staring a new one submitterDotConcurrentImpl{threadPoolExecutor=name = testsubmitter {com.dotcms.concurrent.DotConcurrentFactory$DotThreadPoolExecutor@21360d04[Running, pool size = 0, active threads = 0, queued tasks = 0, completed tasks = 0]}
MaximumPoolSize=4
keepAliveMillis=60000
queue=[]
shutdown=false}
Active Threads : 2
Thread1 is running
Thread0 is running
Active Threads : 2
Active Threads : 2
Active Threads : 2
Active Threads : 2
Thread1 is running
Thread2 is running
Thread0 is running
Thread3 is running
Active Threads : 2
Active Threads : 2
Active Threads : 2
Active Threads : 2
Active Threads : 2
Thread3 is running
Thread4 is running
Thread2 is running
Thread5 is running
Active Threads : 2
Active Threads : 2
Active Threads : 2
Active Threads : 2
Active Threads : 2
Thread4 is running
Thread6 is running
Thread5 is running
Thread7 is running
Active Threads : 2
Active Threads : 2
Active Threads : 2
Active Threads : 2
Active Threads : 2
Thread6 is running
Thread8 is running
Thread7 is running
Thread9 is running
Active Threads : 2
Active Threads : 2
Active Threads : 2
Active Threads : 2
Active Threads : 2
Thread8 is running
Thread10 is running
Thread9 is running
Thread11 is running
Active Threads : 2
Active Threads : 2
Active Threads : 2
Active Threads : 2
Active Threads : 2
Thread10 is running
Thread12 is running
Thread11 is running
Thread13 is running
Active Threads : 2
Active Threads : 2
Active Threads : 2
Active Threads : 2
Active Threads : 2
Thread12 is running
Thread14 is running
Thread13 is running
Thread15 is running
Active Threads : 2
Active Threads : 2
Active Threads : 2
Active Threads : 2
Active Threads : 2
Thread14 is running
Thread16 is running
Thread15 is running
Thread17 is running
Active Threads : 2
Active Threads : 2
Active Threads : 2
Active Threads : 2
Active Threads : 2
Thread16 is running
Thread18 is running
Thread17 is running
Thread19 is running
Active Threads : 2
Active Threads : 2
Active Threads : 2
Active Threads : 2
Active Threads : 2
Thread18 is running
Thread19 is running
Active Threads : 0
DotConcurrentImpl{threadPoolExecutor=name = testsubmitter {com.dotcms.concurrent.DotConcurrentFactory$DotThreadPoolExecutor@7f81f6f[Running, pool size = 0, active threads = 0, queued tasks = 0, completed tasks = 0]}
MaximumPoolSize=4
keepAliveMillis=60000
queue=[]
shutdown=false}
DotConcurrentImpl{threadPoolExecutor=name = testsubmitter {com.dotcms.concurrent.DotConcurrentFactory$DotThreadPoolExecutor@7f81f6f[Running, pool size = 0, active threads = 0, queued tasks = 0, completed tasks = 0]}
MaximumPoolSize=4
keepAliveMillis=60000
queue=[]
shutdown=false}
Thread0 is running
DotConcurrentImpl{threadPoolExecutor=name = testsubmitter {com.dotcms.concurrent.DotConcurrentFactory$DotThreadPoolExecutor@7f81f6f[Running, pool size = 2, active threads = 2, queued tasks = 8, completed tasks = 0]}
MaximumPoolSize=4
keepAliveMillis=60000
queue=[com.dotcms.concurrent.DotConcurrentFactoryTest$PrintTask@562a5452, com.dotcms.concurrent.DotConcurrentFactoryTest$PrintTask@d92d385, com.dotcms.concurrent.DotConcurrentFactoryTest$PrintTask@608544b7, com.dotcms.concurrent.DotConcurrentFactoryTest$PrintTask@98afda, com.dotcms.concurrent.DotConcurrentFactoryTest$PrintTask@414f35f, com.dotcms.concurrent.DotConcurrentFactoryTest$PrintTask@1f0116a3, com.dotcms.concurrent.DotConcurrentFactoryTest$PrintTask@55eb5908, com.dotcms.concurrent.DotConcurrentFactoryTest$PrintTask@1048da10]
shutdown=false}
DotConcurrentImpl{threadPoolExecutor=name = testsubmitter {com.dotcms.concurrent.DotConcurrentFactory$DotThreadPoolExecutor@7f81f6f[Running, pool size = 2, active threads = 2, queued tasks = 18, completed tasks = 0]}
MaximumPoolSize=4
keepAliveMillis=60000
queue=[com.dotcms.concurrent.DotConcurrentFactoryTest$PrintTask@562a5452, com.dotcms.concurrent.DotConcurrentFactoryTest$PrintTask@d92d385, com.dotcms.concurrent.DotConcurrentFactoryTest$PrintTask@608544b7, com.dotcms.concurrent.DotConcurrentFactoryTest$PrintTask@98afda, com.dotcms.concurrent.DotConcurrentFactoryTest$PrintTask@414f35f, com.dotcms.concurrent.DotConcurrentFactoryTest$PrintTask@1f0116a3, com.dotcms.concurrent.DotConcurrentFactoryTest$PrintTask@55eb5908, com.dotcms.concurrent.DotConcurrentFactoryTest$PrintTask@1048da10, com.dotcms.concurrent.DotConcurrentFactoryTest$PrintTask@33e54d4d, com.dotcms.concurrent.DotConcurrentFactoryTest$PrintTask@24c6e19c, com.dotcms.concurrent.DotConcurrentFactoryTest$PrintTask@2b6adf15, com.dotcms.concurrent.DotConcurrentFactoryTest$PrintTask@7d240832, com.dotcms.concurrent.DotConcurrentFactoryTest$PrintTask@6432adfe, com.dotcms.concurrent.DotConcurrentFactoryTest$PrintTask@77eb7ae5, com.dotcms.concurrent.DotConcurrentFactoryTest$PrintTask@a84817a, com.dotcms.concurrent.DotConcurrentFactoryTest$PrintTask@57bc7d80, com.dotcms.concurrent.DotConcurrentFactoryTest$PrintTask@269077d4, com.dotcms.concurrent.DotConcurrentFactoryTest$PrintTask@a001db1]
shutdown=false}
DotConcurrentImpl{threadPoolExecutor=name = testsubmitter {com.dotcms.concurrent.DotConcurrentFactory$DotThreadPoolExecutor@7f81f6f[Running, pool size = 2, active threads = 2, queued tasks = 28, completed tasks = 0]}
MaximumPoolSize=4
keepAliveMillis=60000
queue=[com.dotcms.concurrent.DotConcurrentFactoryTest$PrintTask@562a5452, com.dotcms.concurrent.DotConcurrentFactoryTest$PrintTask@d92d385, com.dotcms.concurrent.DotConcurrentFactoryTest$PrintTask@608544b7, com.dotcms.concurrent.DotConcurrentFactoryTest$PrintTask@98afda, com.dotcms.concurrent.DotConcurrentFactoryTest$PrintTask@414f35f, com.dotcms.concurrent.DotConcurrentFactoryTest$PrintTask@1f0116a3, com.dotcms.concurrent.DotConcurrentFactoryTest$PrintTask@55eb5908, com.dotcms.concurrent.DotConcurrentFactoryTest$PrintTask@1048da10, com.dotcms.concurrent.DotConcurrentFactoryTest$PrintTask@33e54d4d, com.dotcms.concurrent.DotConcurrentFactoryTest$PrintTask@24c6e19c, com.dotcms.concurrent.DotConcurrentFactoryTest$PrintTask@2b6adf15, com.dotcms.concurrent.DotConcurrentFactoryTest$PrintTask@7d240832, com.dotcms.concurrent.DotConcurrentFactoryTest$PrintTask@6432adfe, com.dotcms.concurrent.DotConcurrentFactoryTest$PrintTask@77eb7ae5, com.dotcms.concurrent.DotConcurrentFactoryTest$PrintTask@a84817a, com.dotcms.concurrent.DotConcurrentFactoryTest$PrintTask@57bc7d80, com.dotcms.concurrent.DotConcurrentFactoryTest$PrintTask@269077d4, com.dotcms.concurrent.DotConcurrentFactoryTest$PrintTask@a001db1, com.dotcms.concurrent.DotConcurrentFactoryTest$PrintTask@24a1d2da, com.dotcms.concurrent.DotConcurrentFactoryTest$PrintTask@1045ebb3, com.dotcms.concurrent.DotConcurrentFactoryTest$PrintTask@35ce10b8, com.dotcms.concurrent.DotConcurrentFactoryTest$PrintTask@3fa97e25, com.dotcms.concurrent.DotConcurrentFactoryTest$PrintTask@15344c08, com.dotcms.concurrent.DotConcurrentFactoryTest$PrintTask@2a13356e, com.dotcms.concurrent.DotConcurrentFactoryTest$PrintTask@6f9dbb44, com.dotcms.concurrent.DotConcurrentFactoryTest$PrintTask@1bb1b8c4, com.dotcms.concurrent.DotConcurrentFactoryTest$PrintTask@2cd2e3b6, com.dotcms.concurrent.DotConcurrentFactoryTest$PrintTask@1f591b07]
shutdown=false}
Active Threads : 2
Thread1 is running
Active Threads : 2
Active Threads : 2
Active Threads : 2
Active Threads : 2
Thread0 is running
Thread2 is running
Active Threads : 2
Thread1 is running
Thread3 is running
Active Threads : 2
Active Threads : 2
Active Threads : 2
Active Threads : 2
Thread2 is running
Thread4 is running
Thread3 is running
Thread5 is running
Active Threads : 2
Active Threads : 2
Active Threads : 2
Active Threads : 2
Active Threads : 2
Thread4 is running
Thread6 is running
Thread5 is running
Thread7 is running
Active Threads : 2
Active Threads : 2
Active Threads : 2
Active Threads : 2
Active Threads : 2
Thread6 is running
Thread8 is running
Thread7 is running
Thread9 is running
Active Threads : 2
Active Threads : 2
Active Threads : 2
Active Threads : 2
Active Threads : 2
Thread8 is running
Thread10 is running
Thread9 is running
Thread11 is running
Active Threads : 2
Active Threads : 2
Active Threads : 2
Active Threads : 2
Active Threads : 2
Thread10 is running
Thread12 is running
Thread11 is running
Thread13 is running
Active Threads : 2
Active Threads : 2
Active Threads : 2
Active Threads : 2
Active Threads : 2
Thread12 is running
Thread14 is running
Thread13 is running
Thread15 is running
Active Threads : 2
Active Threads : 2
Active Threads : 2
Active Threads : 2
Active Threads : 2
Thread14 is running
Thread16 is running
Thread15 is running
Thread17 is running
Active Threads : 2
Active Threads : 2
Active Threads : 2
Active Threads : 2
Active Threads : 2
Thread16 is running
Thread18 is running
Thread17 is running
Thread19 is running
Active Threads : 2
Active Threads : 2
Active Threads : 2
Active Threads : 2
Active Threads : 2
Thread18 is running
Thread20 is running
Thread19 is running
Thread21 is running
Active Threads : 2
Active Threads : 2
Active Threads : 2
Active Threads : 2
Active Threads : 2
Thread20 is running
Thread22 is running
Thread21 is running
Thread23 is running
Active Threads : 2
Active Threads : 2
Active Threads : 2
Active Threads : 2
Active Threads : 2
Thread22 is running
Thread24 is running
Thread23 is running
Thread25 is running
Active Threads : 2
Active Threads : 2
Active Threads : 2
Active Threads : 2
Active Threads : 2
Thread24 is running
Thread26 is running
Thread25 is running
Thread27 is running
Active Threads : 2
Active Threads : 2
Active Threads : 2
Active Threads : 2
Active Threads : 2
Thread26 is running
Thread28 is running
Thread27 is running
Thread29 is running
Active Threads : 2
Active Threads : 2
Active Threads : 2
Active Threads : 2
Active Threads : 2
Thread28 is running
Thread30 is running
Thread29 is running
Thread31 is running
Active Threads : 2
Active Threads : 2
Active Threads : 2
Active Threads : 2
Active Threads : 2
Thread30 is running
Thread32 is running
Thread31 is running
Thread33 is running
Active Threads : 2
Active Threads : 2
Active Threads : 2
Active Threads : 2
Active Threads : 2
Thread32 is running
Thread34 is running
Thread33 is running
Thread35 is running
Active Threads : 2
Active Threads : 2
Active Threads : 2
Active Threads : 2
Active Threads : 2
Thread34 is running
Thread36 is running
Thread35 is running
Thread37 is running
Active Threads : 2
Active Threads : 2
Active Threads : 2
Active Threads : 2
Active Threads : 2
Thread36 is running
Thread38 is running
Thread37 is running
Thread39 is running
Active Threads : 2
Active Threads : 2
Active Threads : 2
Active Threads : 2
Active Threads : 2
Thread38 is running
Thread39 is running
Active Threads : 0
Staring a new one submitterDotConcurrentImpl{threadPoolExecutor=name = testsubmitter {com.dotcms.concurrent.DotConcurrentFactory$DotThreadPoolExecutor@7f81f6f[Running, pool size = 2, active threads = 0, queued tasks = 0, completed tasks = 40]}
MaximumPoolSize=4
keepAliveMillis=60000
queue=[]
shutdown=false}
Active Threads : 0
Thread0 is running
Thread1 is running
Thread0 is running
Thread1 is running
Thread2 is running
Thread3 is running
Thread2 is running
Thread4 is running
Thread3 is running
Thread5 is running
Thread4 is running
Thread6 is running
Thread5 is running
Thread7 is running
Thread6 is running
Thread8 is running
Thread7 is running
Thread9 is running
DotConcurrentImpl{threadPoolExecutor=name = dotSystemPool {com.dotcms.concurrent.DotConcurrentFactory$DotThreadPoolExecutor@3009a556[Running, pool size = 0, active threads = 0, queued tasks = 0, completed tasks = 0]}
MaximumPoolSize=50
keepAliveMillis=60000
queue=[]
shutdown=false}
DotConcurrentImpl{threadPoolExecutor=name = dotSystemPool {com.dotcms.concurrent.DotConcurrentFactory$DotThreadPoolExecutor@3009a556[Running, pool size = 0, active threads = 0, queued tasks = 0, completed tasks = 0]}
MaximumPoolSize=50
keepAliveMillis=60000
queue=[]
shutdown=false}
Thread0 is running
Thread1 is running
Thread2 is running
Thread3 is running
Thread5 is running
Thread4 is running
Thread6 is running
Thread7 is running
DotConcurrentImpl{threadPoolExecutor=name = dotSystemPool {com.dotcms.concurrent.DotConcurrentFactory$DotThreadPoolExecutor@3009a556[Running, pool size = 10, active threads = 10, queued tasks = 0, completed tasks = 0]}
MaximumPoolSize=50
keepAliveMillis=60000
queue=[]
shutdown=false}
DotConcurrentImpl{threadPoolExecutor=name = dotSystemPool {com.dotcms.concurrent.DotConcurrentFactory$DotThreadPoolExecutor@3009a556[Running, pool size = 10, active threads = 10, queued tasks = 10, completed tasks = 0]}
MaximumPoolSize=50
keepAliveMillis=60000
queue=[com.dotcms.concurrent.DotConcurrentFactoryTest$PrintTask@31e6e57a, com.dotcms.concurrent.DotConcurrentFactoryTest$PrintTask@5b13c761, com.dotcms.concurrent.DotConcurrentFactoryTest$PrintTask@67e10cdb, com.dotcms.concurrent.DotConcurrentFactoryTest$PrintTask@4c3f0844, com.dotcms.concurrent.DotConcurrentFactoryTest$PrintTask@4af4e98c, com.dotcms.concurrent.DotConcurrentFactoryTest$PrintTask@f19177c, com.dotcms.concurrent.DotConcurrentFactoryTest$PrintTask@60f14590, com.dotcms.concurrent.DotConcurrentFactoryTest$PrintTask@54b81ce2, com.dotcms.concurrent.DotConcurrentFactoryTest$PrintTask@396d2770, com.dotcms.concurrent.DotConcurrentFactoryTest$PrintTask@7e0875d6]
shutdown=false}
DotConcurrentImpl{threadPoolExecutor=name = dotSystemPool {com.dotcms.concurrent.DotConcurrentFactory$DotThreadPoolExecutor@3009a556[Running, pool size = 10, active threads = 10, queued tasks = 20, completed tasks = 0]}
MaximumPoolSize=50
keepAliveMillis=60000
queue=[com.dotcms.concurrent.DotConcurrentFactoryTest$PrintTask@31e6e57a, com.dotcms.concurrent.DotConcurrentFactoryTest$PrintTask@5b13c761, com.dotcms.concurrent.DotConcurrentFactoryTest$PrintTask@67e10cdb, com.dotcms.concurrent.DotConcurrentFactoryTest$PrintTask@4c3f0844, com.dotcms.concurrent.DotConcurrentFactoryTest$PrintTask@4af4e98c, com.dotcms.concurrent.DotConcurrentFactoryTest$PrintTask@f19177c, com.dotcms.concurrent.DotConcurrentFactoryTest$PrintTask@60f14590, com.dotcms.concurrent.DotConcurrentFactoryTest$PrintTask@54b81ce2, com.dotcms.concurrent.DotConcurrentFactoryTest$PrintTask@396d2770, com.dotcms.concurrent.DotConcurrentFactoryTest$PrintTask@7e0875d6, com.dotcms.concurrent.DotConcurrentFactoryTest$PrintTask@143f7242, com.dotcms.concurrent.DotConcurrentFactoryTest$PrintTask@f4232b, com.dotcms.concurrent.DotConcurrentFactoryTest$PrintTask@50f2c2e2, com.dotcms.concurrent.DotConcurrentFactoryTest$PrintTask@6de9bbef, com.dotcms.concurrent.DotConcurrentFactoryTest$PrintTask@2ab7972, com.dotcms.concurrent.DotConcurrentFactoryTest$PrintTask@2367ff77, com.dotcms.concurrent.DotConcurrentFactoryTest$PrintTask@65c4dc2b, com.dotcms.concurrent.DotConcurrentFactoryTest$PrintTask@45d235bf, com.dotcms.concurrent.DotConcurrentFactoryTest$PrintTask@1c6ba49e, com.dotcms.concurrent.DotConcurrentFactoryTest$PrintTask@6b7c23]
shutdown=false}
Thread9 is running
Active Threads : 10
Thread8 is running
Active Threads : 10
Active Threads : 10
Active Threads : 10
Thread8 is running
Thread9 is running
Thread10 is running
Thread11 is running
Active Threads : 10
Thread0 is running
Thread10 is running
Thread1 is running
Thread11 is running
Thread2 is running
Thread12 is running
Thread3 is running
Thread13 is running
Thread5 is running
Thread14 is running
Thread4 is running
Thread15 is running
Thread6 is running
Thread16 is running
Thread7 is running
Thread17 is running
Active Threads : 10
Thread9 is running
Thread18 is running
Thread8 is running
Thread19 is running
Active Threads : 10
Active Threads : 10
Active Threads : 10
Thread11 is running
Thread12 is running
Thread10 is running
Thread13 is running
Active Threads : 10
Thread10 is running
Thread20 is running
Thread11 is running
Thread21 is running
Thread12 is running
Thread22 is running
Thread13 is running
Thread23 is running
Thread14 is running
Thread24 is running
Thread15 is running
Thread25 is running
Thread16 is running
Thread26 is running
Thread17 is running
Thread27 is running
Active Threads : 10
Thread18 is running
Thread28 is running
Thread19 is running
Thread29 is running
Active Threads : 10
Active Threads : 10
Active Threads : 10
Thread12 is running
Thread14 is running
Thread13 is running
Thread15 is running
Active Threads : 10
Thread20 is running
Thread30 is running
Thread21 is running
Thread31 is running
Thread22 is running
Thread32 is running
Thread23 is running
Thread33 is running
Thread24 is running
Thread34 is running
Thread25 is running
Thread35 is running
Thread26 is running
Thread36 is running
Thread27 is running
Thread37 is running
Thread28 is running
Thread38 is running
Thread29 is running
Thread39 is running
Active Threads : 10
Active Threads : 10
Active Threads : 10
Active Threads : 10
Thread14 is running
Thread16 is running
Thread15 is running
Thread17 is running
Active Threads : 10
Thread30 is running
Thread31 is running
Thread32 is running
Thread33 is running
Thread34 is running
Thread35 is running
Thread36 is running
Thread37 is running
Thread38 is running
Thread39 is running
Active Threads : 0
Staring a new one submitterDotConcurrentImpl{threadPoolExecutor=name = dotSystemPool {com.dotcms.concurrent.DotConcurrentFactory$DotThreadPoolExecutor@3009a556[Running, pool size = 10, active threads = 0, queued tasks = 0, completed tasks = 40]}
MaximumPoolSize=50
keepAliveMillis=60000
queue=[]
shutdown=false}
Active Threads : 0
Thread0 is running
Thread1 is running
Thread2 is running
Thread3 is running
Thread4 is running
Thread5 is running
Thread6 is running
Thread7 is running
Thread8 is running
Thread9 is running
Supplier1, a 1689777173306
Supplier1, a 1689777173309
Supplier1, a 1689777173310
Supplier1, a 1689777173307
Supplier1, a 1689777173306
Supplier1, a 1689777173312
Thread16 is running
Thread17 is running
Thread19 is running
Thread18 is running
Thread0 is running
Thread1 is running
Thread10 is running
Thread11 is running
Thread2 is running
Thread12 is running
Thread3 is running
Thread13 is running
Thread4 is running
Thread14 is running
Thread5 is running
Thread15 is running
Thread7 is running
Thread16 is running
Thread6 is running
Thread17 is running
Thread9 is running
Thread8 is running
Thread18 is running
Thread19 is running
Thread19 is running
Thread18 is running
Thread10 is running
Thread11 is running
Thread13 is running
Thread12 is running
Thread17 is running
Thread16 is running
Thread14 is running
Thread15 is running
Thread18 is running
Thread19 is running
Supplier1, b 1689777181309
Supplier1, b 1689777181310
Supplier1, b 1689777181310
Supplier1, b 1689777181310
Supplier1, b 1689777181311
Supplier1, b 1689777181312
Supplier1, a 1689777181313
Supplier1, a 1689777181313
Supplier1, a 1689777181313
Supplier1, a 1689777181313
Supplier1, a 1689777181313
Supplier1, a 1689777181313
Supplier1, b 1689777189313
Supplier1, b 1689777189313
Supplier1, b 1689777189313
Supplier1, b 1689777189313
Supplier1, b 1689777189313
Supplier1, b 1689777189314
com.dotcms.concurrent.DotConcurrentFactory$DotSingleSubmitterImpl@6c4b2b2
Thread0 is running
Thread0 is running
Thread1 is running
Thread1 is running
Thread2 is running
Thread2 is running
Thread3 is running
Thread3 is running
Thread4 is running
Thread4 is running
Thread5 is running
Thread5 is running
Thread6 is running
Thread6 is running
Thread7 is running
Thread7 is running
Thread8 is running
Thread8 is running
Thread9 is running
Thread9 is running
Staring a new one submittercom.dotcms.concurrent.DotConcurrentFactory$DotSingleSubmitterImpl@6c4b2b2
Thread0 is running
Thread0 is running
Thread1 is running
Thread1 is running
Thread2 is running
Thread2 is running
Thread3 is running
Thread3 is running
Thread4 is running
Thread4 is running
Thread5 is running
Thread5 is running
Thread6 is running
Thread6 is running
Thread7 is running
Thread7 is running
Thread8 is running
Thread8 is running
Thread9 is running
Thread9 is running
]]></system-out>
  <system-err><![CDATA[]]></system-err>
</testsuite>
