<?xml version="1.0" encoding="UTF-8"?>
<testsuite name="com.dotcms.rest.api.v1.authentication.CreateJsonWebTokenResourceTest" tests="9" skipped="0" failures="0" errors="0" timestamp="2023-07-17T15:37:38" hostname="fv-az389-311" time="0.174">
  <properties/>
  <testcase name="testEmptyParameter" classname="com.dotcms.rest.api.v1.authentication.CreateJsonWebTokenResourceTest" time="0.019"/>
  <testcase name="testUserPasswordException" classname="com.dotcms.rest.api.v1.authentication.CreateJsonWebTokenResourceTest" time="0.054"/>
  <testcase name="testAuthException" classname="com.dotcms.rest.api.v1.authentication.CreateJsonWebTokenResourceTest" time="0.004"/>
  <testcase name="testNoSuchUserException" classname="com.dotcms.rest.api.v1.authentication.CreateJsonWebTokenResourceTest" time="0.014"/>
  <testcase name="testRequiredLayoutException" classname="com.dotcms.rest.api.v1.authentication.CreateJsonWebTokenResourceTest" time="0.009"/>
  <testcase name="testGetApiTokenAuthenticationFalse" classname="com.dotcms.rest.api.v1.authentication.CreateJsonWebTokenResourceTest" time="0.002"/>
  <testcase name="testUserActiveException" classname="com.dotcms.rest.api.v1.authentication.CreateJsonWebTokenResourceTest" time="0.024"/>
  <testcase name="testWrongParameter" classname="com.dotcms.rest.api.v1.authentication.CreateJsonWebTokenResourceTest" time="0.013"/>
  <testcase name="testUserEmailAddressException" classname="com.dotcms.rest.api.v1.authentication.CreateJsonWebTokenResourceTest" time="0.002"/>
  <system-out><![CDATA[ErrorEntity{errorCode='authentication-failed', message='authentication-failed', fieldName='null'}
ErrorEntity{errorCode='your-account-is-not-active', message='your-account-is-not-active', fieldName='null'}
]]></system-out>
  <system-err><![CDATA[]]></system-err>
</testsuite>
