<?xml version="1.0" encoding="UTF-8"?>
<testsuite name="com.dotcms.util.diff.DiffCommandTest" tests="2" skipped="0" failures="0" errors="0" timestamp="2023-07-14T15:01:59" hostname="fv-az1236-819" time="0.017">
  <properties/>
  <testcase name="applyDiff_Comparable" classname="com.dotcms.util.diff.DiffCommandTest" time="0.009"/>
  <testcase name="applyDiff_Differentiable" classname="com.dotcms.util.diff.DiffCommandTest" time="0.008"/>
  <system-out><![CDATA[{six=six, five=five}
{two=two}
{four=fourxxx, one=onexxx}
{six=com.dotcms.util.diff.DiffCommandTest$StringDifferentiable@23330d77, five=com.dotcms.util.diff.DiffCommandTest$StringDifferentiable@78857f4b}
{two=com.dotcms.util.diff.DiffCommandTest$StringDifferentiable@7afb2176}
{four=com.dotcms.util.diff.DiffCommandTest$StringDifferentiable@f4cde50, one=com.dotcms.util.diff.DiffCommandTest$StringDifferentiable@34af327b}
]]></system-out>
  <system-err><![CDATA[]]></system-err>
</testsuite>
