<?xml version="1.0" encoding="UTF-8"?>
<testsuite name="com.dotmarketing.portlets.workflows.ajax.WfBaseActionTest" tests="3" skipped="0" failures="0" errors="0" timestamp="2023-06-30T15:24:02" hostname="fv-az795-491" time="0.27">
  <properties/>
  <testcase name="TestOnNullCallTheDefaultCommand" classname="com.dotmarketing.portlets.workflows.ajax.WfBaseActionTest" time="0.219"/>
  <testcase name="TestNotAllowedCommands" classname="com.dotmarketing.portlets.workflows.ajax.WfBaseActionTest" time="0.018"/>
  <testcase name="TestAllowedCommands" classname="com.dotmarketing.portlets.workflows.ajax.WfBaseActionTest" time="0.032"/>
  <system-out><![CDATA[ Command ::  forbiddenMethod  on  class Mock for WfSchemeAjax, hashCode: 71596557
 Command ::  forbiddenMethod  on  class Mock for WfTaskAjax, hashCode: 45738984
 Command ::  forbiddenMethod  on  class Mock for WfRoleStoreAjax, hashCode: 1516644831
 Command ::  forbiddenMethod  on  class Mock for WfActionClassAjax, hashCode: 812209147
 Command ::  forbiddenMethod  on  class Mock for WfActionAjax, hashCode: 187438719
 Command ::  action  on  class Mock for WfSchemeAjax, hashCode: 478625210
 Command ::  save  on  class Mock for WfSchemeAjax, hashCode: 478625210
 Command ::  executeAction  on  class Mock for WfTaskAjax, hashCode: 1754839081
 Command ::  action  on  class Mock for WfTaskAjax, hashCode: 1754839081
 Command ::  executeActions  on  class Mock for WfTaskAjax, hashCode: 1754839081
 Command ::  rolesToJson  on  class Mock for WfRoleStoreAjax, hashCode: 348621439
 Command ::  assignable  on  class Mock for WfRoleStoreAjax, hashCode: 348621439
 Command ::  action  on  class Mock for WfRoleStoreAjax, hashCode: 348621439
 Command ::  reorder  on  class Mock for WfActionClassAjax, hashCode: 319277791
 Command ::  action  on  class Mock for WfActionClassAjax, hashCode: 319277791
 Command ::  add  on  class Mock for WfActionClassAjax, hashCode: 319277791
 Command ::  save  on  class Mock for WfActionClassAjax, hashCode: 319277791
 Command ::  delete  on  class Mock for WfActionClassAjax, hashCode: 319277791
 Command ::  deleteActionForStep  on  class Mock for WfActionAjax, hashCode: 2124623751
 Command ::  add  on  class Mock for WfActionAjax, hashCode: 2124623751
 Command ::  action  on  class Mock for WfActionAjax, hashCode: 2124623751
 Command ::  reorder  on  class Mock for WfActionAjax, hashCode: 2124623751
 Command ::  delete  on  class Mock for WfActionAjax, hashCode: 2124623751
 Command ::  save  on  class Mock for WfActionAjax, hashCode: 2124623751
]]></system-out>
  <system-err><![CDATA[]]></system-err>
</testsuite>
