<?xml version="1.0" encoding="UTF-8"?>
<testsuite name="com.dotmarketing.portlets.osgi.AJAX.OSGIBaseAJAXTest" tests="3" skipped="0" failures="0" errors="0" timestamp="2023-06-27T23:37:20" hostname="fv-az337-595" time="0.075">
  <properties/>
  <testcase name="TestOnNullCallTheDefaultCommand" classname="com.dotmarketing.portlets.osgi.AJAX.OSGIBaseAJAXTest" time="0.049"/>
  <testcase name="TestNotAllowedCommands" classname="com.dotmarketing.portlets.osgi.AJAX.OSGIBaseAJAXTest" time="0.004"/>
  <testcase name="TestAllowedCommands" classname="com.dotmarketing.portlets.osgi.AJAX.OSGIBaseAJAXTest" time="0.021"/>
  <system-out><![CDATA[ Command ::  forbiddenMethod  on  class Mock for OSGIAJAX, hashCode: 361458786
 Command ::  undeploy  on  class Mock for OSGIAJAX, hashCode: 451628203
 Command ::  modifyExtraPackages  on  class Mock for OSGIAJAX, hashCode: 451628203
 Command ::  deploy  on  class Mock for OSGIAJAX, hashCode: 451628203
 Command ::  remove  on  class Mock for OSGIAJAX, hashCode: 451628203
 Command ::  getExtraPackages  on  class Mock for OSGIAJAX, hashCode: 451628203
 Command ::  action  on  class Mock for OSGIAJAX, hashCode: 451628203
 Command ::  restart  on  class Mock for OSGIAJAX, hashCode: 451628203
 Command ::  start  on  class Mock for OSGIAJAX, hashCode: 451628203
 Command ::  add  on  class Mock for OSGIAJAX, hashCode: 451628203
 Command ::  stop  on  class Mock for OSGIAJAX, hashCode: 451628203
]]></system-out>
  <system-err><![CDATA[]]></system-err>
</testsuite>
