<?xml version="1.0" encoding="UTF-8"?>
<testsuite name="com.dotmarketing.portlets.workflows.ajax.WfBaseActionTest" tests="3" skipped="0" failures="0" errors="0" timestamp="2023-07-20T03:08:31" hostname="fv-az257-148" time="0.531">
  <properties/>
  <testcase name="TestOnNullCallTheDefaultCommand" classname="com.dotmarketing.portlets.workflows.ajax.WfBaseActionTest" time="0.362"/>
  <testcase name="TestNotAllowedCommands" classname="com.dotmarketing.portlets.workflows.ajax.WfBaseActionTest" time="0.089"/>
  <testcase name="TestAllowedCommands" classname="com.dotmarketing.portlets.workflows.ajax.WfBaseActionTest" time="0.079"/>
  <system-out><![CDATA[ Command ::  forbiddenMethod  on  class Mock for WfTaskAjax, hashCode: 568939032
 Command ::  forbiddenMethod  on  class Mock for WfSchemeAjax, hashCode: 1928748057
 Command ::  forbiddenMethod  on  class Mock for WfActionClassAjax, hashCode: 2030357696
 Command ::  forbiddenMethod  on  class Mock for WfRoleStoreAjax, hashCode: 972320605
 Command ::  forbiddenMethod  on  class Mock for WfActionAjax, hashCode: 1171525343
 Command ::  action  on  class Mock for WfTaskAjax, hashCode: 823885176
 Command ::  executeActions  on  class Mock for WfTaskAjax, hashCode: 823885176
 Command ::  executeAction  on  class Mock for WfTaskAjax, hashCode: 823885176
 Command ::  action  on  class Mock for WfSchemeAjax, hashCode: 1395654061
 Command ::  save  on  class Mock for WfSchemeAjax, hashCode: 1395654061
 Command ::  save  on  class Mock for WfActionClassAjax, hashCode: 290226496
 Command ::  delete  on  class Mock for WfActionClassAjax, hashCode: 290226496
 Command ::  reorder  on  class Mock for WfActionClassAjax, hashCode: 290226496
 Command ::  action  on  class Mock for WfActionClassAjax, hashCode: 290226496
 Command ::  add  on  class Mock for WfActionClassAjax, hashCode: 290226496
 Command ::  rolesToJson  on  class Mock for WfRoleStoreAjax, hashCode: 497081386
 Command ::  assignable  on  class Mock for WfRoleStoreAjax, hashCode: 497081386
 Command ::  action  on  class Mock for WfRoleStoreAjax, hashCode: 497081386
 Command ::  save  on  class Mock for WfActionAjax, hashCode: 12092002
 Command ::  deleteActionForStep  on  class Mock for WfActionAjax, hashCode: 12092002
 Command ::  add  on  class Mock for WfActionAjax, hashCode: 12092002
 Command ::  action  on  class Mock for WfActionAjax, hashCode: 12092002
 Command ::  reorder  on  class Mock for WfActionAjax, hashCode: 12092002
 Command ::  delete  on  class Mock for WfActionAjax, hashCode: 12092002
]]></system-out>
  <system-err><![CDATA[]]></system-err>
</testsuite>
