<?xml version="1.0" encoding="UTF-8"?>
<testsuite name="com.dotmarketing.portlets.osgi.AJAX.OSGIBaseAJAXTest" tests="3" skipped="0" failures="0" errors="0" timestamp="2023-06-29T04:48:31" hostname="fv-az392-685" time="0.124">
  <properties/>
  <testcase name="TestOnNullCallTheDefaultCommand" classname="com.dotmarketing.portlets.osgi.AJAX.OSGIBaseAJAXTest" time="0.077"/>
  <testcase name="TestNotAllowedCommands" classname="com.dotmarketing.portlets.osgi.AJAX.OSGIBaseAJAXTest" time="0.012"/>
  <testcase name="TestAllowedCommands" classname="com.dotmarketing.portlets.osgi.AJAX.OSGIBaseAJAXTest" time="0.034"/>
  <system-out><![CDATA[ Command ::  forbiddenMethod  on  class Mock for OSGIAJAX, hashCode: 218550895
 Command ::  modifyExtraPackages  on  class Mock for OSGIAJAX, hashCode: 2014315255
 Command ::  deploy  on  class Mock for OSGIAJAX, hashCode: 2014315255
 Command ::  remove  on  class Mock for OSGIAJAX, hashCode: 2014315255
 Command ::  getExtraPackages  on  class Mock for OSGIAJAX, hashCode: 2014315255
 Command ::  action  on  class Mock for OSGIAJAX, hashCode: 2014315255
 Command ::  restart  on  class Mock for OSGIAJAX, hashCode: 2014315255
 Command ::  start  on  class Mock for OSGIAJAX, hashCode: 2014315255
 Command ::  add  on  class Mock for OSGIAJAX, hashCode: 2014315255
 Command ::  stop  on  class Mock for OSGIAJAX, hashCode: 2014315255
 Command ::  undeploy  on  class Mock for OSGIAJAX, hashCode: 2014315255
]]></system-out>
  <system-err><![CDATA[]]></system-err>
</testsuite>
