<?xml version="1.0" encoding="UTF-8"?>
<testsuite name="com.dotcms.contenttype.business.FieldAPIImplTest" tests="4" skipped="0" failures="0" errors="0" timestamp="2023-07-11T14:47:19" hostname="fv-az735-544" time="0.379">
  <properties/>
  <testcase name="shouldFieldInternationalizationWork" classname="com.dotcms.contenttype.business.FieldAPIImplTest" time="0.308"/>
  <testcase name="test_loadVariables_nullField" classname="com.dotcms.contenttype.business.FieldAPIImplTest" time="0.0"/>
  <testcase name="shouldFieldInternationalizationNotWork" classname="com.dotcms.contenttype.business.FieldAPIImplTest" time="0.032"/>
  <testcase name="test_loadVariables" classname="com.dotcms.contenttype.business.FieldAPIImplTest" time="0.038"/>
  <system-out><![CDATA[]]></system-out>
  <system-err><![CDATA[]]></system-err>
</testsuite>
