<?xml version="1.0" encoding="UTF-8"?>
<testsuite name="com.dotmarketing.portlets.workflows.ajax.WfBaseActionTest" tests="3" skipped="0" failures="0" errors="0" timestamp="2023-07-08T04:00:24" hostname="fv-az1025-488" time="0.14">
  <properties/>
  <testcase name="TestOnNullCallTheDefaultCommand" classname="com.dotmarketing.portlets.workflows.ajax.WfBaseActionTest" time="0.108"/>
  <testcase name="TestNotAllowedCommands" classname="com.dotmarketing.portlets.workflows.ajax.WfBaseActionTest" time="0.012"/>
  <testcase name="TestAllowedCommands" classname="com.dotmarketing.portlets.workflows.ajax.WfBaseActionTest" time="0.02"/>
  <system-out><![CDATA[ Command ::  forbiddenMethod  on  class Mock for WfActionClassAjax, hashCode: 49429726
 Command ::  forbiddenMethod  on  class Mock for WfSchemeAjax, hashCode: 1922532942
 Command ::  forbiddenMethod  on  class Mock for WfRoleStoreAjax, hashCode: 639369579
 Command ::  forbiddenMethod  on  class Mock for WfActionAjax, hashCode: 1632176863
 Command ::  forbiddenMethod  on  class Mock for WfTaskAjax, hashCode: 1284944729
 Command ::  save  on  class Mock for WfActionClassAjax, hashCode: 1482382108
 Command ::  delete  on  class Mock for WfActionClassAjax, hashCode: 1482382108
 Command ::  reorder  on  class Mock for WfActionClassAjax, hashCode: 1482382108
 Command ::  action  on  class Mock for WfActionClassAjax, hashCode: 1482382108
 Command ::  add  on  class Mock for WfActionClassAjax, hashCode: 1482382108
 Command ::  action  on  class Mock for WfSchemeAjax, hashCode: 595225389
 Command ::  save  on  class Mock for WfSchemeAjax, hashCode: 595225389
 Command ::  rolesToJson  on  class Mock for WfRoleStoreAjax, hashCode: 878871665
 Command ::  assignable  on  class Mock for WfRoleStoreAjax, hashCode: 878871665
 Command ::  action  on  class Mock for WfRoleStoreAjax, hashCode: 878871665
 Command ::  delete  on  class Mock for WfActionAjax, hashCode: 602587868
 Command ::  save  on  class Mock for WfActionAjax, hashCode: 602587868
 Command ::  deleteActionForStep  on  class Mock for WfActionAjax, hashCode: 602587868
 Command ::  add  on  class Mock for WfActionAjax, hashCode: 602587868
 Command ::  action  on  class Mock for WfActionAjax, hashCode: 602587868
 Command ::  reorder  on  class Mock for WfActionAjax, hashCode: 602587868
 Command ::  executeActions  on  class Mock for WfTaskAjax, hashCode: 795510586
 Command ::  executeAction  on  class Mock for WfTaskAjax, hashCode: 795510586
 Command ::  action  on  class Mock for WfTaskAjax, hashCode: 795510586
]]></system-out>
  <system-err><![CDATA[]]></system-err>
</testsuite>
