<?xml version="1.0" encoding="UTF-8"?>
<testsuite name="com.dotcms.auth.providers.jwt.factories.SecretKeySpecFactoryTest" tests="1" skipped="0" failures="0" errors="0" timestamp="2023-06-28T02:38:58" hostname="fv-az1246-735" time="1.392">
  <properties/>
  <testcase name="readAndPrepareSecret" classname="com.dotcms.auth.providers.jwt.factories.SecretKeySpecFactoryTest" time="1.392"/>
  <system-out><![CDATA[43116911d84bffd007ab062fe2b679b9e1e0e61326653882e1d85868e329e58ee337d398d7653e60997d961c3ffa7447dea3bcb4e6a904fb603d2f01d8dd7c52
MySecretKey2
MySecretKey3
MySecretKey3
e2827d24415afc4bad8fe5e41fc858449e665fab0611465c932eed86099bad551591df1a41cdd133da1ed86709a7ab10b7a7ac1a004844fed6f29a5ee987d32d
a3822844e177923d1791825f85a09641ac6ee53633d3de33a3fc715982a4f33fcc4c47e10ac9f60e12ef9488387b51f567a71a6ae8a01629284776f048146172
3f9ad05a2cf3dd7d603afc98d1dd3d34cf58f36d83350e5ff16dd75c79deee3418886517e9c20de4a8424e44947c8fd6cda3e207705b800832360e6bb31dbf72
]]></system-out>
  <system-err><![CDATA[]]></system-err>
</testsuite>
