<?xml version="1.0" encoding="UTF-8"?>
<testsuite name="com.dotmarketing.portlets.osgi.AJAX.OSGIBaseAJAXTest" tests="3" skipped="0" failures="0" errors="0" timestamp="2023-07-10T22:14:44" hostname="fv-az450-691" time="0.053">
  <properties/>
  <testcase name="TestOnNullCallTheDefaultCommand" classname="com.dotmarketing.portlets.osgi.AJAX.OSGIBaseAJAXTest" time="0.037"/>
  <testcase name="TestNotAllowedCommands" classname="com.dotmarketing.portlets.osgi.AJAX.OSGIBaseAJAXTest" time="0.003"/>
  <testcase name="TestAllowedCommands" classname="com.dotmarketing.portlets.osgi.AJAX.OSGIBaseAJAXTest" time="0.012"/>
  <system-out><![CDATA[ Command ::  forbiddenMethod  on  class Mock for OSGIAJAX, hashCode: 19856763
 Command ::  add  on  class Mock for OSGIAJAX, hashCode: 1971242664
 Command ::  stop  on  class Mock for OSGIAJAX, hashCode: 1971242664
 Command ::  undeploy  on  class Mock for OSGIAJAX, hashCode: 1971242664
 Command ::  modifyExtraPackages  on  class Mock for OSGIAJAX, hashCode: 1971242664
 Command ::  deploy  on  class Mock for OSGIAJAX, hashCode: 1971242664
 Command ::  remove  on  class Mock for OSGIAJAX, hashCode: 1971242664
 Command ::  getExtraPackages  on  class Mock for OSGIAJAX, hashCode: 1971242664
 Command ::  action  on  class Mock for OSGIAJAX, hashCode: 1971242664
 Command ::  restart  on  class Mock for OSGIAJAX, hashCode: 1971242664
 Command ::  start  on  class Mock for OSGIAJAX, hashCode: 1971242664
]]></system-out>
  <system-err><![CDATA[]]></system-err>
</testsuite>
