<?xml version="1.0" encoding="UTF-8"?>
<testsuite name="com.dotmarketing.portlets.workflows.ajax.WfBaseActionTest" tests="3" skipped="0" failures="0" errors="0" timestamp="2023-07-08T03:33:16" hostname="fv-az1025-488" time="0.232">
  <properties/>
  <testcase name="TestOnNullCallTheDefaultCommand" classname="com.dotmarketing.portlets.workflows.ajax.WfBaseActionTest" time="0.169"/>
  <testcase name="TestNotAllowedCommands" classname="com.dotmarketing.portlets.workflows.ajax.WfBaseActionTest" time="0.025"/>
  <testcase name="TestAllowedCommands" classname="com.dotmarketing.portlets.workflows.ajax.WfBaseActionTest" time="0.037"/>
  <system-out><![CDATA[ Command ::  forbiddenMethod  on  class Mock for WfActionClassAjax, hashCode: 229198938
 Command ::  forbiddenMethod  on  class Mock for WfRoleStoreAjax, hashCode: 50419413
 Command ::  forbiddenMethod  on  class Mock for WfSchemeAjax, hashCode: 891019226
 Command ::  forbiddenMethod  on  class Mock for WfActionAjax, hashCode: 790776963
 Command ::  forbiddenMethod  on  class Mock for WfTaskAjax, hashCode: 172485667
 Command ::  add  on  class Mock for WfActionClassAjax, hashCode: 1903011868
 Command ::  action  on  class Mock for WfActionClassAjax, hashCode: 1903011868
 Command ::  reorder  on  class Mock for WfActionClassAjax, hashCode: 1903011868
 Command ::  delete  on  class Mock for WfActionClassAjax, hashCode: 1903011868
 Command ::  save  on  class Mock for WfActionClassAjax, hashCode: 1903011868
 Command ::  action  on  class Mock for WfRoleStoreAjax, hashCode: 168666686
 Command ::  assignable  on  class Mock for WfRoleStoreAjax, hashCode: 168666686
 Command ::  rolesToJson  on  class Mock for WfRoleStoreAjax, hashCode: 168666686
 Command ::  save  on  class Mock for WfSchemeAjax, hashCode: 1484660777
 Command ::  action  on  class Mock for WfSchemeAjax, hashCode: 1484660777
 Command ::  save  on  class Mock for WfActionAjax, hashCode: 1396304021
 Command ::  delete  on  class Mock for WfActionAjax, hashCode: 1396304021
 Command ::  reorder  on  class Mock for WfActionAjax, hashCode: 1396304021
 Command ::  action  on  class Mock for WfActionAjax, hashCode: 1396304021
 Command ::  add  on  class Mock for WfActionAjax, hashCode: 1396304021
 Command ::  deleteActionForStep  on  class Mock for WfActionAjax, hashCode: 1396304021
 Command ::  executeActions  on  class Mock for WfTaskAjax, hashCode: 1135967597
 Command ::  action  on  class Mock for WfTaskAjax, hashCode: 1135967597
 Command ::  executeAction  on  class Mock for WfTaskAjax, hashCode: 1135967597
]]></system-out>
  <system-err><![CDATA[]]></system-err>
</testsuite>
