<?xml version="1.0" encoding="UTF-8"?>
<testsuite name="com.dotcms.util.FriendClassTest" tests="1" skipped="0" failures="0" errors="0" timestamp="2023-07-21T23:55:20" hostname="fv-az180-422" time="0.002">
  <properties/>
  <testcase name="isFriendTest" classname="com.dotcms.util.FriendClassTest" time="0.002"/>
  <system-out><![CDATA[]]></system-out>
  <system-err><![CDATA[]]></system-err>
</testsuite>
