<?xml version="1.0" encoding="UTF-8"?>
<testsuite name="com.dotcms.auth.providers.jwt.factories.SecretKeySpecFactoryTest" tests="1" skipped="0" failures="0" errors="0" timestamp="2023-07-18T22:45:30" hostname="fv-az203-716" time="1.107">
  <properties/>
  <testcase name="readAndPrepareSecret" classname="com.dotcms.auth.providers.jwt.factories.SecretKeySpecFactoryTest" time="1.107"/>
  <system-out><![CDATA[59d52254b1c399eaca3f81d220ae0159345826c5e30bdb07188f45bcd7c339985d797be7017fb82d16df9fbe7f4b3f64a98fd6f1f024482f41e4a19fce2f5ce2
MySecretKey2
MySecretKey3
MySecretKey3
7a3caada955694058c4653601e944ebf1ab05a28da4ceeb3e02230c6d0396f5399adab39b58f7f4b538ee22426b034493434c9dc0042b42abbca60f07006434e
4017145ae648e598afe321a5b0cd2b47e64cd17ce5a406aed15bbb712ea292f0a73cff54a55f9bc720acf72ddcd0d93a3c9eb18a441da0fa5c5fe44bcb779a84
09573d65ee02f4ae7e3689377c3a4db7ebdd4a52b77fa1cedabca399e566b70bea169a7f1f95f000c5695c962d32491741124611eb61a2d0a6b35f42be03cb58
]]></system-out>
  <system-err><![CDATA[]]></system-err>
</testsuite>
