<?xml version="1.0" encoding="UTF-8"?>
<testsuite name="com.dotcms.auth.providers.jwt.factories.SecretKeySpecFactoryTest" tests="1" skipped="0" failures="0" errors="0" timestamp="2023-07-07T19:07:52" hostname="fv-az341-658" time="1.491">
  <properties/>
  <testcase name="readAndPrepareSecret" classname="com.dotcms.auth.providers.jwt.factories.SecretKeySpecFactoryTest" time="1.491"/>
  <system-out><![CDATA[7c556f5d6afc6f6bd72347efedfdadfb9a7b1bef555be53dce3fd08dea5441217f514cd10143b22f93e0a66d15368834eae377c99ad6ef55646e14309c334908
MySecretKey2
MySecretKey3
MySecretKey3
35249f38657e3bf027c5e1ef3e01f42095f4fc3d371bb36668822ffcacdd36e196c644e8eb59274bd02607633313eb5bbe8dc029b604c8fc3392799d974118f6
c32fa578315cce1cee473d4319a1ab9fdaa034eaebf90cdd1b111c25230acad2b4c7523469bee36b0e0a566cfd11e2d4f8b2b57651b77286ca231c6ad9b35d6f
63c5a642ff5f5437cb29d19c0cad597bb0e8ba3a45bed5021e2278cd881fa3a504904ac7091d66104f298d509594c01cade52b977281718925d2e0e96a0bd6b4
]]></system-out>
  <system-err><![CDATA[]]></system-err>
</testsuite>
