<?xml version="1.0" encoding="UTF-8"?>
<testsuite name="com.dotcms.rest.ContentHelperTest" tests="3" skipped="0" failures="0" errors="0" timestamp="2023-06-26T18:09:15" hostname="fv-az646-389" time="0.031">
  <properties/>
  <testcase name="testGetNullUrl" classname="com.dotcms.rest.ContentHelperTest" time="0.023"/>
  <testcase name="testGetNotFoundUrl" classname="com.dotcms.rest.ContentHelperTest" time="0.002"/>
  <testcase name="testGetFoundUrl" classname="com.dotcms.rest.ContentHelperTest" time="0.002"/>
  <system-out><![CDATA[]]></system-out>
  <system-err><![CDATA[]]></system-err>
</testsuite>
