<?xml version="1.0" encoding="UTF-8"?>
<testsuite name="com.dotcms.util.diff.DiffCommandTest" tests="2" skipped="0" failures="0" errors="0" timestamp="2023-07-14T23:13:27" hostname="fv-az551-988" time="0.007">
  <properties/>
  <testcase name="applyDiff_Comparable" classname="com.dotcms.util.diff.DiffCommandTest" time="0.007"/>
  <testcase name="applyDiff_Differentiable" classname="com.dotcms.util.diff.DiffCommandTest" time="0.0"/>
  <system-out><![CDATA[{six=six, five=five}
{two=two}
{four=fourxxx, one=onexxx}
{six=com.dotcms.util.diff.DiffCommandTest$StringDifferentiable@5001c08a, five=com.dotcms.util.diff.DiffCommandTest$StringDifferentiable@79e9ca4e}
{two=com.dotcms.util.diff.DiffCommandTest$StringDifferentiable@7d4b0968}
{four=com.dotcms.util.diff.DiffCommandTest$StringDifferentiable@1e83b879, one=com.dotcms.util.diff.DiffCommandTest$StringDifferentiable@40d83eb3}
]]></system-out>
  <system-err><![CDATA[]]></system-err>
</testsuite>
