<?xml version="1.0" encoding="UTF-8"?>
<testsuite name="com.dotcms.auth.providers.jwt.factories.SecretKeySpecFactoryTest" tests="1" skipped="0" failures="0" errors="0" timestamp="2023-07-19T15:54:52" hostname="fv-az617-832" time="1.616">
  <properties/>
  <testcase name="readAndPrepareSecret" classname="com.dotcms.auth.providers.jwt.factories.SecretKeySpecFactoryTest" time="1.616"/>
  <system-out><![CDATA[4af4349202aef315ff32a304bec4662346c07fa4d8a91ab69f8c78a1f28a566fa90384a249f5d508abf26867a9fc4be530ae1faac4c8d21287318fce9f97dd4d
MySecretKey2
MySecretKey3
MySecretKey3
f32844a25cee5fe259e5d8d058fa95a87a6025dbadf260926da30eb18a345c5886325eeec5c3c8a49de33086b2ab00a72a10d9828c61fa06cf4f6cd7dfa96247
f7183d7d0db4e39e69232a279f735c33f64fe80c8744be388bb74d42cbd237c27cb384844e957a261ca974f91c3d956626f7538c9a6a76be1297cf95e353e691
a12c9a769fd769614c74b4045a8128572b8e9c4b4ef93f03e3336a639293b0ddd4f26b4e0d7fe17c0244515078e637149026c71aca2950d9e1da0d561150b523
]]></system-out>
  <system-err><![CDATA[]]></system-err>
</testsuite>
