<?xml version="1.0" encoding="UTF-8"?>
<testsuite name="com.dotcms.rest.api.v1.workflow.WorkflowResourceTest" tests="7" skipped="0" failures="0" errors="0" timestamp="2023-07-13T21:24:59" hostname="fv-az810-341" time="0.484">
  <properties/>
  <testcase name="testEmptySchemaParameters" classname="com.dotcms.rest.api.v1.workflow.WorkflowResourceTest" time="0.02"/>
  <testcase name="testUpdateNonExistingScheme" classname="com.dotcms.rest.api.v1.workflow.WorkflowResourceTest" time="0.435"/>
  <testcase name="testUpdateScheme" classname="com.dotcms.rest.api.v1.workflow.WorkflowResourceTest" time="0.016"/>
  <testcase name="testSaveExistingSchemeDupeName" classname="com.dotcms.rest.api.v1.workflow.WorkflowResourceTest" time="0.004"/>
  <testcase name="testSaveScheme" classname="com.dotcms.rest.api.v1.workflow.WorkflowResourceTest" time="0.005"/>
  <testcase name="testNullSchemaParameters" classname="com.dotcms.rest.api.v1.workflow.WorkflowResourceTest" time="0.0"/>
  <testcase name="testSchemaEmptyParameters" classname="com.dotcms.rest.api.v1.workflow.WorkflowResourceTest" time="0.001"/>
  <system-out><![CDATA[]]></system-out>
  <system-err><![CDATA[]]></system-err>
</testsuite>
