<?xml version="1.0" encoding="UTF-8"?>
<testsuite name="com.dotcms.auth.providers.jwt.factories.SecretKeySpecFactoryTest" tests="1" skipped="0" failures="0" errors="0" timestamp="2023-07-05T15:59:30" hostname="fv-az370-222" time="1.418">
  <properties/>
  <testcase name="readAndPrepareSecret" classname="com.dotcms.auth.providers.jwt.factories.SecretKeySpecFactoryTest" time="1.418"/>
  <system-out><![CDATA[4b96f6696016879c3921c1e4239168ed2812102fc90303bfcae8f481b3958539e24a5e309184f326394a43f8338ea239325499ff654e62e0a10047ac1c5c8539
MySecretKey2
MySecretKey3
MySecretKey3
6d9a296b3cadaf1f58f70480e38cefa0d8bfcf09a949ca74bb02e4e28eafbdfd26d860efe9b82d441fd032404b9c7bb274a14fa9bc3c1669d55f633c0a532051
26076a7bd5cfcd1d28622171bdb19cc280394b1cb0e861ede8d5afad397901bdb6ea24c10be9854357146572aa8123622e9cadcc8d89dd1974e2f7d819ec9e21
a5b5e4462a47134baa518c39bc3b885ea99dab45027bf0e8495046de7910308094bf2937a4b327a5e544630f29ef44cda22e6d52b97adf5793db006a8f143e18
]]></system-out>
  <system-err><![CDATA[]]></system-err>
</testsuite>
