<?xml version="1.0" encoding="UTF-8"?>
<testsuite name="com.dotcms.auth.providers.jwt.factories.SecretKeySpecFactoryTest" tests="1" skipped="0" failures="0" errors="0" timestamp="2023-06-28T19:35:23" hostname="fv-az471-873" time="1.534">
  <properties/>
  <testcase name="readAndPrepareSecret" classname="com.dotcms.auth.providers.jwt.factories.SecretKeySpecFactoryTest" time="1.534"/>
  <system-out><![CDATA[347879275f05b0eb3d076d8347644f56cb18427baa13c3236342fa1d7e73e8ef937395c230d3001a544ad2205130efbb5d488e6230656ce0f04b9335fc414296
MySecretKey2
MySecretKey3
MySecretKey3
ba91eff207926356f69e0d9e99fda699d78c13285bde726132c1fb985ab227f02734da8539df8f16a14dbd4a896f489d2c0a56ee572487b803f359002213160a
37b11e7b000d3862ae00a460016a47fa0b5483cf95caa0d51ead61a015dc76e3e5fc570e7de09775b52916a566cc8571b6e2934ff87059498ec0827a62b28e90
551e12b708b260a8bb3eb29cdeff338233cd1f32f10318c89f8b7b4182601773d59269e6575ab703fcf12e601aa8c4d31be970f57ec4b958ca092b1d2a08fd5b
]]></system-out>
  <system-err><![CDATA[]]></system-err>
</testsuite>
