<?xml version="1.0" encoding="UTF-8"?>
<testsuite name="com.dotmarketing.util.DNSUtilUnitTest" tests="3" skipped="0" failures="0" errors="0" timestamp="2023-06-30T13:44:07" hostname="fv-az585-351" time="0.583">
  <properties/>
  <testcase name="notExistsIP" classname="com.dotmarketing.util.DNSUtilUnitTest" time="0.002"/>
  <testcase name="reverseDns" classname="com.dotmarketing.util.DNSUtilUnitTest" time="0.571"/>
  <testcase name="anyIP" classname="com.dotmarketing.util.DNSUtilUnitTest" time="0.01"/>
  <system-out><![CDATA[]]></system-out>
  <system-err><![CDATA[]]></system-err>
</testsuite>
