<?xml version="1.0" encoding="UTF-8"?>
<testsuite name="com.dotcms.auth.providers.jwt.factories.SecretKeySpecFactoryTest" tests="1" skipped="0" failures="0" errors="0" timestamp="2023-07-10T17:00:21" hostname="fv-az216-508" time="1.912">
  <properties/>
  <testcase name="readAndPrepareSecret" classname="com.dotcms.auth.providers.jwt.factories.SecretKeySpecFactoryTest" time="1.912"/>
  <system-out><![CDATA[7bd9a34b849f792f092adbf52fc01ed47d11f311c218c84917153432822ee8b150564dcadb6e60768c428fdca5011173818293d07e7551b8533cae4c113b60d5
MySecretKey2
MySecretKey3
MySecretKey3
d178e377ee73ef7e365f0f0fc17813eb7f17d93d4d0a1d1a9deebc7492d252e76f151ec8c39ea491d88af71a22975c84b73c36c1df4fe9996c7804c46166d601
4c7b9525ff0727d7d96d3ef66cb7fb20961c8c9b86bb9a845dae71037962909ff4f180c345f06f94d3f846024efb6503a8f491e219942b5fd180d6969e4afa42
63701e1a9ba3ed3795d09b639a0f320b9ab1cacf412bcc0da58206cc2a27b803982c17a1da86570ad53eddc3289eb3ec04946846950916c83c56166a2833b847
]]></system-out>
  <system-err><![CDATA[]]></system-err>
</testsuite>
