<?xml version="1.0" encoding="UTF-8"?>
<testsuite name="com.dotcms.util.ThreadUtilsTest" tests="4" skipped="0" failures="0" errors="0" timestamp="2023-07-18T21:12:56" hostname="fv-az178-895" time="0.15">
  <properties/>
  <testcase name="Test_Get_Thread_Non_Existing_Thread_Name" classname="com.dotcms.util.ThreadUtilsTest" time="0.012"/>
  <testcase name="Test_Get_Thread_When_Null_Is_Passed" classname="com.dotcms.util.ThreadUtilsTest" time="0.0"/>
  <testcase name="Test_Sleep" classname="com.dotcms.util.ThreadUtilsTest" time="0.134"/>
  <testcase name="Test_Get_Thread_Compare_With_Current_Thread" classname="com.dotcms.util.ThreadUtilsTest" time="0.003"/>
  <system-out><![CDATA[]]></system-out>
  <system-err><![CDATA[]]></system-err>
</testsuite>
