<?xml version="1.0" encoding="UTF-8"?>
<testsuite name="com.dotcms.auth.providers.jwt.factories.SecretKeySpecFactoryTest" tests="1" skipped="0" failures="0" errors="0" timestamp="2023-07-19T14:31:43" hostname="fv-az792-222" time="1.818">
  <properties/>
  <testcase name="readAndPrepareSecret" classname="com.dotcms.auth.providers.jwt.factories.SecretKeySpecFactoryTest" time="1.818"/>
  <system-out><![CDATA[79686ea2b7b5191724d1c435a44181af5fd08c4ffc6cf52a7356ad4645c437d0f8e6d54e9e6ee5db49f47f25915846bee721378f4525255a2e32c369fc6c7cd5
MySecretKey2
MySecretKey3
MySecretKey3
21bbc9a9c82d7c98a5487a2d3249c3dbf7665a37fc7a62be61d0e3c3fa76e6cf1676291e8161d94c1b1c6b6ee1daf8cc2d7a548b3d7cb487e496dcbd2a29449b
38e3773ea067927fbda93714186cb585939651f06810e23590a892e8d51587cfe6063b7051858ca984c32de17b5202609373da9a7e6c2f85aecfaf4cf07e99ea
e087f99c423a2609d8b4c9b39117ba67b357b75d37c3dc7cbe3ee90a8b1d6d257bc418801b64a73a12220fa774e93c0b485ab5bdcc572dc064a3dfe03e574274
]]></system-out>
  <system-err><![CDATA[]]></system-err>
</testsuite>
