<?xml version="1.0" encoding="UTF-8"?>
<testsuite name="com.dotmarketing.business.cache.provider.CacheSizingUtilTest" tests="3" skipped="0" failures="0" errors="0" timestamp="2023-07-18T17:20:09" hostname="fv-az454-709" time="0.01">
  <properties/>
  <testcase name="test_sizeof_optional_works" classname="com.dotmarketing.business.cache.provider.CacheSizingUtilTest" time="0.004"/>
  <testcase name="test_sizeof_works" classname="com.dotmarketing.business.cache.provider.CacheSizingUtilTest" time="0.002"/>
  <testcase name="test_sizeof_null_works" classname="com.dotmarketing.business.cache.provider.CacheSizingUtilTest" time="0.004"/>
  <system-out><![CDATA[]]></system-out>
  <system-err><![CDATA[]]></system-err>
</testsuite>
