<?xml version="1.0" encoding="UTF-8"?>
<testsuite name="com.dotcms.enterprise.priv.util.SearchSourceBuilderUtilTest" tests="1" skipped="0" failures="0" errors="0" timestamp="2023-06-27T14:48:51" hostname="fv-az1259-189" time="0.796">
  <properties/>
  <testcase name="testGetSearchSourceBuilder" classname="com.dotcms.enterprise.priv.util.SearchSourceBuilderUtilTest" time="0.796"/>
  <system-out><![CDATA[]]></system-out>
  <system-err><![CDATA[]]></system-err>
</testsuite>
