<?xml version="1.0" encoding="UTF-8"?>
<testsuite name="com.dotcms.api.system.event.verifier.MultipleRolesVerifierTest" tests="7" skipped="0" failures="0" errors="0" timestamp="2023-07-12T17:33:04" hostname="fv-az575-226" time="0.104">
  <properties/>
  <testcase name="verifiedOrSuccess2Test" classname="com.dotcms.api.system.event.verifier.MultipleRolesVerifierTest" time="0.083"/>
  <testcase name="verifiedOrSuccess3Test" classname="com.dotcms.api.system.event.verifier.MultipleRolesVerifierTest" time="0.001"/>
  <testcase name="verifiedOrSuccess4Test" classname="com.dotcms.api.system.event.verifier.MultipleRolesVerifierTest" time="0.002"/>
  <testcase name="verifiedOrSuccessTest" classname="com.dotcms.api.system.event.verifier.MultipleRolesVerifierTest" time="0.002"/>
  <testcase name="verifiedAndSuccessTest" classname="com.dotcms.api.system.event.verifier.MultipleRolesVerifierTest" time="0.007"/>
  <testcase name="verifiedAndFailTest" classname="com.dotcms.api.system.event.verifier.MultipleRolesVerifierTest" time="0.006"/>
  <testcase name="verifiedOrFailTest" classname="com.dotcms.api.system.event.verifier.MultipleRolesVerifierTest" time="0.002"/>
  <system-out><![CDATA[]]></system-out>
  <system-err><![CDATA[]]></system-err>
</testsuite>
