<?xml version="1.0" encoding="UTF-8"?>
<testsuite name="com.dotcms.auth.providers.jwt.factories.SecretKeySpecFactoryTest" tests="1" skipped="0" failures="0" errors="0" timestamp="2023-07-20T16:32:40" hostname="fv-az445-516" time="1.688">
  <properties/>
  <testcase name="readAndPrepareSecret" classname="com.dotcms.auth.providers.jwt.factories.SecretKeySpecFactoryTest" time="1.688"/>
  <system-out><![CDATA[d5accdd77fe6e23503c1549354622862d0134d91b77693c60259864eb193d2db86e31800d30b3d65bbb495b319d3ca22afc3983468337067a61fa1ea971c30ab
MySecretKey2
MySecretKey3
MySecretKey3
af3672853c0a608395e958a369c1153414b15a8119cd924f8726a5c8c771e463d2045399d8092e9165a10fe68585c91e1af5c15010be2606311b3804350d5559
8b6fe0a1d100f5901049fb6831edd6e6f4cb759b47fa93a1e023b9f7ffbc432568840ef0d4722778c9f675cd4f2cd47266d3feeb5056dd4a2a879a6236c00e65
68a19b4d5bd2396c604f0c9737051ec83a9870881cf522c2eb342cf198947fe1f8654fbbfb6641fb37b5cefaaac003d189df9f6d15a6a3d56629932d93eba543
]]></system-out>
  <system-err><![CDATA[]]></system-err>
</testsuite>
