<?xml version="1.0" encoding="UTF-8"?>
<testsuite name="com.dotcms.auth.providers.jwt.factories.SecretKeySpecFactoryTest" tests="1" skipped="0" failures="0" errors="0" timestamp="2023-06-27T03:37:36" hostname="fv-az1107-695" time="1.548">
  <properties/>
  <testcase name="readAndPrepareSecret" classname="com.dotcms.auth.providers.jwt.factories.SecretKeySpecFactoryTest" time="1.548"/>
  <system-out><![CDATA[0484ae83540b86643a54121ac512c4b5a7630cd464ae51e83fc53f509586f6a6ebc6f56aa69a58a357c4e69de569c61d6a22afcaad244c8a5838183185d20fdd
MySecretKey2
MySecretKey3
MySecretKey3
4fadc1fdd5b424130076f3f9db75b7b62aecf4b7a36594eca6a11d2726be37a285bc55f002ae5fe5b9f071b878fc9d1073122c7d7b68223b3e258c5999149463
d0f53ccd9bee4313d2afa8cf2a277352c5f167eb917638f7026fccbc8dca262aa9f58bb7d397a91f2c9a7007ac10afe413a411094fa235810f3c4a6e710ad396
70f0975db8d8cb0b4104c78a66aa00c28fcd0f8445ecb58c1654ec0737c7d9016b01059d925b9f1aa3bd1093af789c1247c3c3c3cf78c9f783aa785e86a5a39e
]]></system-out>
  <system-err><![CDATA[]]></system-err>
</testsuite>
