<?xml version="1.0" encoding="UTF-8"?>
<testsuite name="com.dotcms.auth.providers.jwt.factories.SecretKeySpecFactoryTest" tests="1" skipped="0" failures="0" errors="0" timestamp="2023-07-05T22:02:37" hostname="fv-az357-915" time="1.591">
  <properties/>
  <testcase name="readAndPrepareSecret" classname="com.dotcms.auth.providers.jwt.factories.SecretKeySpecFactoryTest" time="1.591"/>
  <system-out><![CDATA[343e20121e060d8c1f8e15260ad3204045cb005efff05d03169c5998c2590ea24e2daa88037ac6816433730bc05fecc2f910e48a8112bba48d5404072188df42
MySecretKey2
MySecretKey3
MySecretKey3
4ba6bb5b7fa175a1f84a7de35756bfb1a5ab7ae9f4304107ce79c51714942b6aa3dcf346d8ae3244eca7fb9d2e7dd88df7da39086f0fdfb61abb212cd4379e81
fb1d98645e19ec8e582732585d75bc0066b3712a9e42ccdfce340f564fd77fb639ecd25fef5a1c077588a9ed26108aae6c5cc33afb9dcca660c4c25b7ce8d5c1
76bb5089bdeea93035221278a9be2161e301babc81d3a4c6999013b09a11cdfaaf8caa635501a55da9eca6209d36e879351847ea1571d0578bb06937d6600efe
]]></system-out>
  <system-err><![CDATA[]]></system-err>
</testsuite>
