<?xml version="1.0" encoding="UTF-8"?>
<testsuite name="com.dotcms.util.FunctionUtilsTest" tests="5" skipped="0" failures="0" errors="0" timestamp="2023-07-14T19:30:50" hostname="fv-az572-783" time="0.015">
  <properties/>
  <testcase name="ifTrueTest" classname="com.dotcms.util.FunctionUtilsTest" time="0.009"/>
  <testcase name="ifElseTestWithValidOptional" classname="com.dotcms.util.FunctionUtilsTest" time="0.001"/>
  <testcase name="ifElseTestWithNullableOptional" classname="com.dotcms.util.FunctionUtilsTest" time="0.001"/>
  <testcase name="ifElseTest" classname="com.dotcms.util.FunctionUtilsTest" time="0.002"/>
  <testcase name="ifElseTestWithEmptyOptional" classname="com.dotcms.util.FunctionUtilsTest" time="0.001"/>
  <system-out><![CDATA[]]></system-out>
  <system-err><![CDATA[]]></system-err>
</testsuite>
