<?xml version="1.0" encoding="UTF-8"?>
<testsuite name="com.dotmarketing.portlets.rules.conditionlet.VisitorsCurrentURLConditionletTest" tests="18" skipped="0" failures="0" errors="0" timestamp="2023-06-27T22:38:28" hostname="fv-az955-152" time="0.005">
  <properties/>
  <testcase name="testComparisons[0: If /products/ is set and the current URL is /products/, evaluate to true.]" classname="com.dotmarketing.portlets.rules.conditionlet.VisitorsCurrentURLConditionletTest" time="0.001"/>
  <testcase name="testComparisons[1: Case sencitive- If /Products/ is set and current URL is /products/ , evaluate to false.]" classname="com.dotmarketing.portlets.rules.conditionlet.VisitorsCurrentURLConditionletTest" time="0.0"/>
  <testcase name="testComparisons[2: If /products/ set and current URL is /about-us/ , evaluate to false.]" classname="com.dotmarketing.portlets.rules.conditionlet.VisitorsCurrentURLConditionletTest" time="0.0"/>
  <testcase name="testComparisons[3: Is Not: If /products/ set and current URL is /about-us/ , evaluate to true.]" classname="com.dotmarketing.portlets.rules.conditionlet.VisitorsCurrentURLConditionletTest" time="0.0"/>
  <testcase name="testComparisons[4: Is Not: If /products/ set and current URL is /products/ , evaluate to false.]" classname="com.dotmarketing.portlets.rules.conditionlet.VisitorsCurrentURLConditionletTest" time="0.0"/>
  <testcase name="testComparisons[5: Starts with: If /prod set and current URL is /products/ , evaluate to true.]" classname="com.dotmarketing.portlets.rules.conditionlet.VisitorsCurrentURLConditionletTest" time="0.0"/>
  <testcase name="testComparisons[6: Starts with: If /prod set and current URL is /about-us/ , evaluate to true.]" classname="com.dotmarketing.portlets.rules.conditionlet.VisitorsCurrentURLConditionletTest" time="0.0"/>
  <testcase name="testComparisons[7: Ends with: If ducts/ set and current URL is /products/ , evaluate to true.]" classname="com.dotmarketing.portlets.rules.conditionlet.VisitorsCurrentURLConditionletTest" time="0.0"/>
  <testcase name="testComparisons[8: Ends with: If ducts/ set and current URL is /about-us/ , evaluate to true.]" classname="com.dotmarketing.portlets.rules.conditionlet.VisitorsCurrentURLConditionletTest" time="0.0"/>
  <testcase name="testComparisons[9: Contains: If product set and current URL is /products/ , evaluate to true.]" classname="com.dotmarketing.portlets.rules.conditionlet.VisitorsCurrentURLConditionletTest" time="0.0"/>
  <testcase name="testComparisons[10: Contains: If product set and current URL is /about-us/ , evaluate to true.]" classname="com.dotmarketing.portlets.rules.conditionlet.VisitorsCurrentURLConditionletTest" time="0.0"/>
  <testcase name="testComparisons[11: Regexp: If \/pro.* set and current URL is /products/ , evaluate to true.]" classname="com.dotmarketing.portlets.rules.conditionlet.VisitorsCurrentURLConditionletTest" time="0.002"/>
  <testcase name="testComparisons[12: Regexp: If \/pro.* set and current URL is /about-us/ , evaluate to false.]" classname="com.dotmarketing.portlets.rules.conditionlet.VisitorsCurrentURLConditionletTest" time="0.0"/>
  <testcase name="testComparisons[13: Regexp: If \/test(.*) set and current URL is /products/ , evaluate to true.]" classname="com.dotmarketing.portlets.rules.conditionlet.VisitorsCurrentURLConditionletTest" time="0.0"/>
  <testcase name="testComparisons[14: Regexp: If \/test(.*) set and current URL is /products/ , evaluate to true.]" classname="com.dotmarketing.portlets.rules.conditionlet.VisitorsCurrentURLConditionletTest" time="0.0"/>
  <testcase name="testCannotValidateWhenComparisonIsNull" classname="com.dotmarketing.portlets.rules.conditionlet.VisitorsCurrentURLConditionletTest" time="0.001"/>
  <testcase name="testCannotValidateWhenComparisonNotSet" classname="com.dotmarketing.portlets.rules.conditionlet.VisitorsCurrentURLConditionletTest" time="0.0"/>
  <testcase name="testEvaluatesToFalseWhenArgumentsAreEmptyOrMissing" classname="com.dotmarketing.portlets.rules.conditionlet.VisitorsCurrentURLConditionletTest" time="0.0"/>
  <system-out><![CDATA[]]></system-out>
  <system-err><![CDATA[]]></system-err>
</testsuite>
