<?xml version="1.0" encoding="UTF-8"?>
<testsuite name="com.dotcms.util.diff.DiffCommandTest" tests="2" skipped="0" failures="0" errors="0" timestamp="2023-07-17T18:03:02" hostname="fv-az455-56" time="0.012">
  <properties/>
  <testcase name="applyDiff_Comparable" classname="com.dotcms.util.diff.DiffCommandTest" time="0.007"/>
  <testcase name="applyDiff_Differentiable" classname="com.dotcms.util.diff.DiffCommandTest" time="0.005"/>
  <system-out><![CDATA[{six=six, five=five}
{two=two}
{four=fourxxx, one=onexxx}
{six=com.dotcms.util.diff.DiffCommandTest$StringDifferentiable@318ae1b5, five=com.dotcms.util.diff.DiffCommandTest$StringDifferentiable@73313c6c}
{two=com.dotcms.util.diff.DiffCommandTest$StringDifferentiable@6e89b005}
{four=com.dotcms.util.diff.DiffCommandTest$StringDifferentiable@78424d0a, one=com.dotcms.util.diff.DiffCommandTest$StringDifferentiable@1ea38cfe}
]]></system-out>
  <system-err><![CDATA[]]></system-err>
</testsuite>
