<?xml version="1.0" encoding="UTF-8"?>
<testsuite name="com.dotcms.auth.providers.jwt.factories.SecretKeySpecFactoryTest" tests="1" skipped="0" failures="0" errors="0" timestamp="2023-07-03T16:21:27" hostname="fv-az1025-316" time="1.615">
  <properties/>
  <testcase name="readAndPrepareSecret" classname="com.dotcms.auth.providers.jwt.factories.SecretKeySpecFactoryTest" time="1.615"/>
  <system-out><![CDATA[2024d6eee1673d52e0c31eea2030fe4374628b931839467e7d11b3d5671b7b427965454235210b1084f8cb23efb498afc5ef59b21a67d2f4fdd86ed743751d0f
MySecretKey2
MySecretKey3
MySecretKey3
a6b3edf2df728b274c73c4b0cd1b3b50bcb74e0e8d1cf0d9b1a10eed08cb7b03d48a4f27c8b63b205b5ea4f1e9505110dad616e9b6d8ebf52d83ffebdbad0648
7aa3e17fe084c56739202a692088d8ad9bb1e19863757055089ae2b8a5adba6459a4395437d448370424ecd4c3438e2e7e20b413b144abb530c9f0673dd75530
3cee8758b1663f0aed03a45d5fedd7c2aeac318012c1d9b3cc2556ef3c5e309b7811d69e4b27862e2fb840ecb3803c968a2ecb8d97d0e71f76d40c249278c479
]]></system-out>
  <system-err><![CDATA[]]></system-err>
</testsuite>
