<?xml version="1.0" encoding="UTF-8"?>
<testsuite name="com.dotmarketing.portlets.workflows.ajax.WfBaseActionTest" tests="3" skipped="0" failures="0" errors="0" timestamp="2023-07-07T14:50:11" hostname="fv-az548-686" time="0.227">
  <properties/>
  <testcase name="TestOnNullCallTheDefaultCommand" classname="com.dotmarketing.portlets.workflows.ajax.WfBaseActionTest" time="0.181"/>
  <testcase name="TestNotAllowedCommands" classname="com.dotmarketing.portlets.workflows.ajax.WfBaseActionTest" time="0.017"/>
  <testcase name="TestAllowedCommands" classname="com.dotmarketing.portlets.workflows.ajax.WfBaseActionTest" time="0.028"/>
  <system-out><![CDATA[ Command ::  forbiddenMethod  on  class Mock for WfRoleStoreAjax, hashCode: 544658055
 Command ::  forbiddenMethod  on  class Mock for WfActionClassAjax, hashCode: 586440925
 Command ::  forbiddenMethod  on  class Mock for WfSchemeAjax, hashCode: 229198938
 Command ::  forbiddenMethod  on  class Mock for WfTaskAjax, hashCode: 50419413
 Command ::  forbiddenMethod  on  class Mock for WfActionAjax, hashCode: 891019226
 Command ::  action  on  class Mock for WfRoleStoreAjax, hashCode: 790776963
 Command ::  assignable  on  class Mock for WfRoleStoreAjax, hashCode: 790776963
 Command ::  rolesToJson  on  class Mock for WfRoleStoreAjax, hashCode: 790776963
 Command ::  add  on  class Mock for WfActionClassAjax, hashCode: 172485667
 Command ::  action  on  class Mock for WfActionClassAjax, hashCode: 172485667
 Command ::  reorder  on  class Mock for WfActionClassAjax, hashCode: 172485667
 Command ::  delete  on  class Mock for WfActionClassAjax, hashCode: 172485667
 Command ::  save  on  class Mock for WfActionClassAjax, hashCode: 172485667
 Command ::  save  on  class Mock for WfSchemeAjax, hashCode: 339601499
 Command ::  action  on  class Mock for WfSchemeAjax, hashCode: 339601499
 Command ::  executeAction  on  class Mock for WfTaskAjax, hashCode: 168666686
 Command ::  executeActions  on  class Mock for WfTaskAjax, hashCode: 168666686
 Command ::  action  on  class Mock for WfTaskAjax, hashCode: 168666686
 Command ::  save  on  class Mock for WfActionAjax, hashCode: 878871665
 Command ::  delete  on  class Mock for WfActionAjax, hashCode: 878871665
 Command ::  reorder  on  class Mock for WfActionAjax, hashCode: 878871665
 Command ::  action  on  class Mock for WfActionAjax, hashCode: 878871665
 Command ::  add  on  class Mock for WfActionAjax, hashCode: 878871665
 Command ::  deleteActionForStep  on  class Mock for WfActionAjax, hashCode: 878871665
]]></system-out>
  <system-err><![CDATA[]]></system-err>
</testsuite>
