<?xml version="1.0" encoding="UTF-8"?>
<testsuite name="com.dotcms.auth.providers.jwt.factories.SecretKeySpecFactoryTest" tests="1" skipped="0" failures="0" errors="0" timestamp="2023-07-19T02:30:35" hostname="fv-az193-732" time="1.417">
  <properties/>
  <testcase name="readAndPrepareSecret" classname="com.dotcms.auth.providers.jwt.factories.SecretKeySpecFactoryTest" time="1.417"/>
  <system-out><![CDATA[b08064a89bc88f8ccd76fdd98ccf65a9a8dbc51f6384d932f293ea4850cfcc2fbce864dbc08ce03d9f74f3d29b8134ac50528616142bb5acff4fa164f40425bd
MySecretKey2
MySecretKey3
MySecretKey3
2f85ac7dcda152e92c882b54b1283eb1e47d85e894e3e3435ed867aecb847127b25b901ef2e42a0331c83a58fb098449e06656e8345df6d8de887310f61f79ef
004de5ca22061a5c2ee5bf94c86e226e7377ff0040ea7eb43cc5bb8bc5910a738c5bd367d9eed5f368842ad2e0b756bbb5ec3b2141e891c719f3aaa69c44cc51
0bb52e9ce4f4f943b5b0138f5b0fc03bfd57ac46fef6a61eb14f8c555e368ec77f1f7a427fb04b1fbd3c30f0e518acf521b0766444af5d77fb12fc24ba361834
]]></system-out>
  <system-err><![CDATA[]]></system-err>
</testsuite>
