<?xml version="1.0" encoding="UTF-8"?>
<testsuite name="com.dotcms.auth.providers.jwt.factories.SecretKeySpecFactoryTest" tests="1" skipped="0" failures="0" errors="0" timestamp="2023-06-23T15:24:29" hostname="fv-az357-576" time="1.325">
  <properties/>
  <testcase name="readAndPrepareSecret" classname="com.dotcms.auth.providers.jwt.factories.SecretKeySpecFactoryTest" time="1.325"/>
  <system-out><![CDATA[af0c3796c50359d89ac1885bad94da689292ab27908bfb2a59387af3795c586a6d6fe314fd4065c64c147cc1ed514c507e510e17e66799972969a88f3125e049
MySecretKey2
MySecretKey3
MySecretKey3
f4eb8a35669bf7a3c63780d69bd55ad29e30a4a0ebb351204ab79d8a8a8ecb9eb56c3192450b9cd7aaa94036cd9c7d2d4f4fe0c8adc9ebfd09421d01d962ce80
d27a8212183953114fc615769b9cee25297b569748e1318703872e4df2190811a5013a1a7cae09102e3a23c4a147d6fe18f0bd6d0c945d90f6837ad05303ca61
75279bf01f9d4f91e4a8f232ed719ab3a1197349c752001e57fe608ea416c0e6c666c785fd9cb66bec63def90343648305c0ad013abde3cefe5443491767e8e0
]]></system-out>
  <system-err><![CDATA[]]></system-err>
</testsuite>
