<?xml version="1.0" encoding="UTF-8"?>
<testsuite name="com.dotcms.auth.providers.jwt.factories.SecretKeySpecFactoryTest" tests="1" skipped="0" failures="0" errors="0" timestamp="2023-06-28T22:17:00" hostname="fv-az408-140" time="1.887">
  <properties/>
  <testcase name="readAndPrepareSecret" classname="com.dotcms.auth.providers.jwt.factories.SecretKeySpecFactoryTest" time="1.887"/>
  <system-out><![CDATA[67399267a877be53819abe9c44a2cfe708c3d0b43511b5dd5be650d79e86bfdb9238b66cb513543dd0779e4138ed832dd20650b69314f91d00b136ab374cd899
MySecretKey2
MySecretKey3
MySecretKey3
e46618a1b83e901ed89b063c1a3d9c3774d98b756bdb2914d56707dcea201dd6c4b7bc7f15d7586257a087cbf7460a8c321ae101fd71b62f003b562587005626
c238a8f8dbb70154d372b8a06026d0b9f028e8ef02c38ef2d5054703af158d52f8fe3af337ea6ecf8c64751765bfdcab319db81cf05128309e8857b5f616eb04
545bfd9cfc277fa6671cfb94c3e83bad5d203a38aab66880e96e1e78adffdeb4d4e35252698d18737dac2e7809fc25869d7d9669969e4310d44bf02df5ca504d
]]></system-out>
  <system-err><![CDATA[]]></system-err>
</testsuite>
