<?xml version="1.0" encoding="UTF-8"?>
<testsuite name="com.dotmarketing.common.reindex.ReindexThreadUnitTest" tests="1" skipped="0" failures="0" errors="0" timestamp="2023-07-18T15:58:42" hostname="fv-az883-365" time="0.066">
  <properties/>
  <testcase name="testGenerateNotification" classname="com.dotmarketing.common.reindex.ReindexThreadUnitTest" time="0.066"/>
  <system-out><![CDATA[]]></system-out>
  <system-err><![CDATA[]]></system-err>
</testsuite>
