<?xml version="1.0" encoding="UTF-8"?>
<testsuite name="com.dotcms.auth.providers.jwt.factories.SecretKeySpecFactoryTest" tests="1" skipped="0" failures="0" errors="0" timestamp="2023-07-10T21:08:02" hostname="fv-az642-756" time="1.304">
  <properties/>
  <testcase name="readAndPrepareSecret" classname="com.dotcms.auth.providers.jwt.factories.SecretKeySpecFactoryTest" time="1.304"/>
  <system-out><![CDATA[1a239015edfe179da3bcc5ad98b4ef815b681cb26e98fdc5cc5a0e06972a88a66e4aa877afa06bf5bee5a358e762d66458084ae2d80dc727ca483175a6e3389b
MySecretKey2
MySecretKey3
MySecretKey3
93ba0cc0b8d1fe93dda49250a0e5ec52fbfa551213c36f234e2d6b734f61befb5dd5e134109a64d727ec13abf4706e18e8027978f13feb7aeabf5284582eae25
8055da2c6d85bc7ec25178fc5feb8b2e6559fecf46d7d9dffb632e9fd085a41c2dec53e5d18b02d42235da92926a3d77c75607bc5cebdf19014a5e654b1fd720
6e61627c5d28ed94d255930c1bacea122ff20cb8afac513efc6b3682f48976913c9b9b9034c7020a1a55083b2532a0573de0c3f43296f883aa431d753d91dee6
]]></system-out>
  <system-err><![CDATA[]]></system-err>
</testsuite>
