<?xml version="1.0" encoding="UTF-8"?>
<testsuite name="com.dotcms.auth.providers.jwt.factories.SecretKeySpecFactoryTest" tests="1" skipped="0" failures="0" errors="0" timestamp="2023-07-14T21:51:11" hostname="fv-az257-148" time="2.219">
  <properties/>
  <testcase name="readAndPrepareSecret" classname="com.dotcms.auth.providers.jwt.factories.SecretKeySpecFactoryTest" time="2.219"/>
  <system-out><![CDATA[b3528e980324af94924dc79d7d6e6be97d5b74480e4637668f3fdf89ae1dbb166bd6ecdb2aafcc0e890a8693a1cd33e7bc187a0a6650e41f07b27b693b75fab8
MySecretKey2
MySecretKey3
MySecretKey3
4111e0236dd73863fe14ecf7adb65b1b18608cb2de9fc355e36e706f432bfae7f4db44899585e168d3f08e24b091fff844c3b0e52f043ca3aef6762b3e95b848
02448d3f43743f4e9e8f787308757db738d06782bfe5d02f5427c176edcf8da78895d46757aeb8dd8f2d2c37f8d86c99c397adedddd0ff05fa9d55f9228db856
cc7f60dabd7effe1cfa1b1ffeab5542ad5fec24cc2375423eca004c18fbfe3dec224752d00a53e070d93d0794ea6ca65a4d75ba6f85e0c4f0b3778e2fe337f80
]]></system-out>
  <system-err><![CDATA[]]></system-err>
</testsuite>
