<?xml version="1.0" encoding="UTF-8"?>
<testsuite name="com.dotcms.concurrent.DebouncerTest" tests="2" skipped="0" failures="0" errors="0" timestamp="2023-07-21T02:43:27" hostname="fv-az398-443" time="16.206">
  <properties/>
  <testcase name="test_that_debouncer_prevents_multiple_runs" classname="com.dotcms.concurrent.DebouncerTest" time="7.003"/>
  <testcase name="test_that_debouncer_reschedules_the_runnable" classname="com.dotcms.concurrent.DebouncerTest" time="9.203"/>
  <system-out><![CDATA[]]></system-out>
  <system-err><![CDATA[]]></system-err>
</testsuite>
