<?xml version="1.0" encoding="UTF-8"?>
<testsuite name="com.dotmarketing.portlets.workflows.ajax.WfBaseActionTest" tests="3" skipped="0" failures="0" errors="0" timestamp="2023-06-30T18:19:26" hostname="fv-az574-602" time="0.228">
  <properties/>
  <testcase name="TestOnNullCallTheDefaultCommand" classname="com.dotmarketing.portlets.workflows.ajax.WfBaseActionTest" time="0.147"/>
  <testcase name="TestNotAllowedCommands" classname="com.dotmarketing.portlets.workflows.ajax.WfBaseActionTest" time="0.033"/>
  <testcase name="TestAllowedCommands" classname="com.dotmarketing.portlets.workflows.ajax.WfBaseActionTest" time="0.048"/>
  <system-out><![CDATA[ Command ::  forbiddenMethod  on  class Mock for WfActionClassAjax, hashCode: 10036925
 Command ::  forbiddenMethod  on  class Mock for WfActionAjax, hashCode: 1455583331
 Command ::  forbiddenMethod  on  class Mock for WfTaskAjax, hashCode: 330448886
 Command ::  forbiddenMethod  on  class Mock for WfRoleStoreAjax, hashCode: 1224881328
 Command ::  forbiddenMethod  on  class Mock for WfSchemeAjax, hashCode: 734799272
 Command ::  action  on  class Mock for WfActionClassAjax, hashCode: 1340609224
 Command ::  reorder  on  class Mock for WfActionClassAjax, hashCode: 1340609224
 Command ::  delete  on  class Mock for WfActionClassAjax, hashCode: 1340609224
 Command ::  save  on  class Mock for WfActionClassAjax, hashCode: 1340609224
 Command ::  add  on  class Mock for WfActionClassAjax, hashCode: 1340609224
 Command ::  delete  on  class Mock for WfActionAjax, hashCode: 1031560756
 Command ::  reorder  on  class Mock for WfActionAjax, hashCode: 1031560756
 Command ::  action  on  class Mock for WfActionAjax, hashCode: 1031560756
 Command ::  add  on  class Mock for WfActionAjax, hashCode: 1031560756
 Command ::  deleteActionForStep  on  class Mock for WfActionAjax, hashCode: 1031560756
 Command ::  save  on  class Mock for WfActionAjax, hashCode: 1031560756
 Command ::  executeActions  on  class Mock for WfTaskAjax, hashCode: 1119909147
 Command ::  action  on  class Mock for WfTaskAjax, hashCode: 1119909147
 Command ::  executeAction  on  class Mock for WfTaskAjax, hashCode: 1119909147
 Command ::  action  on  class Mock for WfRoleStoreAjax, hashCode: 902544514
 Command ::  assignable  on  class Mock for WfRoleStoreAjax, hashCode: 902544514
 Command ::  rolesToJson  on  class Mock for WfRoleStoreAjax, hashCode: 902544514
 Command ::  save  on  class Mock for WfSchemeAjax, hashCode: 1303665343
 Command ::  action  on  class Mock for WfSchemeAjax, hashCode: 1303665343
]]></system-out>
  <system-err><![CDATA[]]></system-err>
</testsuite>
