<?xml version="1.0" encoding="UTF-8"?>
<testsuite name="com.dotmarketing.portlets.workflows.ajax.WfBaseActionTest" tests="3" skipped="0" failures="0" errors="0" timestamp="2023-07-18T17:39:39" hostname="fv-az790-550" time="0.166">
  <properties/>
  <testcase name="TestOnNullCallTheDefaultCommand" classname="com.dotmarketing.portlets.workflows.ajax.WfBaseActionTest" time="0.125"/>
  <testcase name="TestNotAllowedCommands" classname="com.dotmarketing.portlets.workflows.ajax.WfBaseActionTest" time="0.018"/>
  <testcase name="TestAllowedCommands" classname="com.dotmarketing.portlets.workflows.ajax.WfBaseActionTest" time="0.023"/>
  <system-out><![CDATA[ Command ::  forbiddenMethod  on  class Mock for WfActionAjax, hashCode: 1246944514
 Command ::  forbiddenMethod  on  class Mock for WfRoleStoreAjax, hashCode: 465876345
 Command ::  forbiddenMethod  on  class Mock for WfSchemeAjax, hashCode: 1162245235
 Command ::  forbiddenMethod  on  class Mock for WfActionClassAjax, hashCode: 377607719
 Command ::  forbiddenMethod  on  class Mock for WfTaskAjax, hashCode: 2041526471
 Command ::  save  on  class Mock for WfActionAjax, hashCode: 1332782048
 Command ::  delete  on  class Mock for WfActionAjax, hashCode: 1332782048
 Command ::  reorder  on  class Mock for WfActionAjax, hashCode: 1332782048
 Command ::  action  on  class Mock for WfActionAjax, hashCode: 1332782048
 Command ::  add  on  class Mock for WfActionAjax, hashCode: 1332782048
 Command ::  deleteActionForStep  on  class Mock for WfActionAjax, hashCode: 1332782048
 Command ::  action  on  class Mock for WfRoleStoreAjax, hashCode: 1694145899
 Command ::  assignable  on  class Mock for WfRoleStoreAjax, hashCode: 1694145899
 Command ::  rolesToJson  on  class Mock for WfRoleStoreAjax, hashCode: 1694145899
 Command ::  save  on  class Mock for WfSchemeAjax, hashCode: 1688217751
 Command ::  action  on  class Mock for WfSchemeAjax, hashCode: 1688217751
 Command ::  action  on  class Mock for WfActionClassAjax, hashCode: 1625511230
 Command ::  reorder  on  class Mock for WfActionClassAjax, hashCode: 1625511230
 Command ::  delete  on  class Mock for WfActionClassAjax, hashCode: 1625511230
 Command ::  save  on  class Mock for WfActionClassAjax, hashCode: 1625511230
 Command ::  add  on  class Mock for WfActionClassAjax, hashCode: 1625511230
 Command ::  executeActions  on  class Mock for WfTaskAjax, hashCode: 656698793
 Command ::  action  on  class Mock for WfTaskAjax, hashCode: 656698793
 Command ::  executeAction  on  class Mock for WfTaskAjax, hashCode: 656698793
]]></system-out>
  <system-err><![CDATA[]]></system-err>
</testsuite>
