<?xml version="1.0" encoding="UTF-8"?>
<testsuite name="com.dotmarketing.portlets.workflows.ajax.WfBaseActionTest" tests="3" skipped="0" failures="0" errors="0" timestamp="2023-06-26T21:07:37" hostname="fv-az166-290" time="0.163">
  <properties/>
  <testcase name="TestOnNullCallTheDefaultCommand" classname="com.dotmarketing.portlets.workflows.ajax.WfBaseActionTest" time="0.134"/>
  <testcase name="TestNotAllowedCommands" classname="com.dotmarketing.portlets.workflows.ajax.WfBaseActionTest" time="0.008"/>
  <testcase name="TestAllowedCommands" classname="com.dotmarketing.portlets.workflows.ajax.WfBaseActionTest" time="0.02"/>
  <system-out><![CDATA[ Command ::  forbiddenMethod  on  class Mock for WfActionClassAjax, hashCode: 1848975334
 Command ::  forbiddenMethod  on  class Mock for WfSchemeAjax, hashCode: 1709135627
 Command ::  forbiddenMethod  on  class Mock for WfTaskAjax, hashCode: 2040951118
 Command ::  forbiddenMethod  on  class Mock for WfRoleStoreAjax, hashCode: 160504718
 Command ::  forbiddenMethod  on  class Mock for WfActionAjax, hashCode: 674040283
 Command ::  save  on  class Mock for WfActionClassAjax, hashCode: 1960807943
 Command ::  delete  on  class Mock for WfActionClassAjax, hashCode: 1960807943
 Command ::  reorder  on  class Mock for WfActionClassAjax, hashCode: 1960807943
 Command ::  action  on  class Mock for WfActionClassAjax, hashCode: 1960807943
 Command ::  add  on  class Mock for WfActionClassAjax, hashCode: 1960807943
 Command ::  action  on  class Mock for WfSchemeAjax, hashCode: 1780497560
 Command ::  save  on  class Mock for WfSchemeAjax, hashCode: 1780497560
 Command ::  executeAction  on  class Mock for WfTaskAjax, hashCode: 1257873661
 Command ::  action  on  class Mock for WfTaskAjax, hashCode: 1257873661
 Command ::  executeActions  on  class Mock for WfTaskAjax, hashCode: 1257873661
 Command ::  rolesToJson  on  class Mock for WfRoleStoreAjax, hashCode: 1943739560
 Command ::  assignable  on  class Mock for WfRoleStoreAjax, hashCode: 1943739560
 Command ::  action  on  class Mock for WfRoleStoreAjax, hashCode: 1943739560
 Command ::  save  on  class Mock for WfActionAjax, hashCode: 854671904
 Command ::  deleteActionForStep  on  class Mock for WfActionAjax, hashCode: 854671904
 Command ::  add  on  class Mock for WfActionAjax, hashCode: 854671904
 Command ::  action  on  class Mock for WfActionAjax, hashCode: 854671904
 Command ::  reorder  on  class Mock for WfActionAjax, hashCode: 854671904
 Command ::  delete  on  class Mock for WfActionAjax, hashCode: 854671904
]]></system-out>
  <system-err><![CDATA[]]></system-err>
</testsuite>
