<?xml version="1.0" encoding="UTF-8"?>
<testsuite name="com.dotcms.enterprise.priv.util.SearchSourceBuilderUtilTest" tests="1" skipped="0" failures="0" errors="0" timestamp="2023-07-14T17:24:53" hostname="fv-az887-517" time="0.788">
  <properties/>
  <testcase name="testGetSearchSourceBuilder" classname="com.dotcms.enterprise.priv.util.SearchSourceBuilderUtilTest" time="0.788"/>
  <system-out><![CDATA[]]></system-out>
  <system-err><![CDATA[]]></system-err>
</testsuite>
