<?xml version="1.0" encoding="UTF-8"?>
<testsuite name="com.dotcms.util.diff.DiffCommandTest" tests="2" skipped="0" failures="0" errors="0" timestamp="2023-06-30T15:22:42" hostname="fv-az795-491" time="0.008">
  <properties/>
  <testcase name="applyDiff_Comparable" classname="com.dotcms.util.diff.DiffCommandTest" time="0.007"/>
  <testcase name="applyDiff_Differentiable" classname="com.dotcms.util.diff.DiffCommandTest" time="0.001"/>
  <system-out><![CDATA[{six=six, five=five}
{two=two}
{four=fourxxx, one=onexxx}
{six=com.dotcms.util.diff.DiffCommandTest$StringDifferentiable@228be5d, five=com.dotcms.util.diff.DiffCommandTest$StringDifferentiable@2558d5d4}
{two=com.dotcms.util.diff.DiffCommandTest$StringDifferentiable@8ce7f44}
{four=com.dotcms.util.diff.DiffCommandTest$StringDifferentiable@20b4bfa6, one=com.dotcms.util.diff.DiffCommandTest$StringDifferentiable@672927bb}
]]></system-out>
  <system-err><![CDATA[]]></system-err>
</testsuite>
