<?xml version="1.0" encoding="UTF-8"?>
<testsuite name="com.dotcms.util.HttpRequestDataUtilTest" tests="6" skipped="0" failures="0" errors="0" timestamp="2023-06-26T18:25:38" hostname="fv-az398-726" time="0.003">
  <properties/>
  <testcase name="test_getHeaderCaseInsensitive[0: com.dotcms.util.HttpRequestDataUtilTest$ParamTestCase@e50a1b7]" classname="com.dotcms.util.HttpRequestDataUtilTest" time="0.001"/>
  <testcase name="test_getHeaderCaseInsensitive[1: com.dotcms.util.HttpRequestDataUtilTest$ParamTestCase@3d5e2624]" classname="com.dotcms.util.HttpRequestDataUtilTest" time="0.001"/>
  <testcase name="test_getHeaderCaseInsensitive[2: com.dotcms.util.HttpRequestDataUtilTest$ParamTestCase@3ca8513b]" classname="com.dotcms.util.HttpRequestDataUtilTest" time="0.0"/>
  <testcase name="test_getParamCaseInsensitive[0: com.dotcms.util.HttpRequestDataUtilTest$ParamTestCase@e50a1b7]" classname="com.dotcms.util.HttpRequestDataUtilTest" time="0.0"/>
  <testcase name="test_getParamCaseInsensitive[1: com.dotcms.util.HttpRequestDataUtilTest$ParamTestCase@3d5e2624]" classname="com.dotcms.util.HttpRequestDataUtilTest" time="0.0"/>
  <testcase name="test_getParamCaseInsensitive[2: com.dotcms.util.HttpRequestDataUtilTest$ParamTestCase@3ca8513b]" classname="com.dotcms.util.HttpRequestDataUtilTest" time="0.001"/>
  <system-out><![CDATA[]]></system-out>
  <system-err><![CDATA[]]></system-err>
</testsuite>
