<?xml version="1.0" encoding="UTF-8"?>
<testsuite name="com.dotcms.auth.providers.jwt.factories.SecretKeySpecFactoryTest" tests="1" skipped="0" failures="0" errors="0" timestamp="2023-06-23T20:45:30" hostname="fv-az361-657" time="1.034">
  <properties/>
  <testcase name="readAndPrepareSecret" classname="com.dotcms.auth.providers.jwt.factories.SecretKeySpecFactoryTest" time="1.034"/>
  <system-out><![CDATA[47de077e72a8dc73fed50b2d12febfe7fcf27fa589533946361bde394b4b95a6b7bf7c745e36ca29dc6a0583836c8e2cc4c7de7361447971f5431bf3bcd8c385
MySecretKey2
MySecretKey3
MySecretKey3
b3812e143ce27b8bf2b4a68053ed6deb2708679ed16babee54683986e2f180e7b9dc1f2c2e23ceb41f119c88d375df9373427f5898c024e67866c9bfb8951372
35bc8d4a710791d810165257520f730b3ec242489d3eda3850f85bedfd5e829625c219f7d19617279d5f682d3a72afd73c2f4c5895ef97767fee1d51aa495d43
15a7c8d4fab5b324361c1cb9fa7e6f884ced39324bcd6856a9d4e7f9400fa046d4c7af3ba2fd70dadca26bfc7786b466e76b4be5a5063bb73b04fbb3301473e7
]]></system-out>
  <system-err><![CDATA[]]></system-err>
</testsuite>
