<?xml version="1.0" encoding="UTF-8"?>
<testsuite name="com.dotcms.analytics.cache.AnalyticsCacheTest" tests="2" skipped="0" failures="0" errors="0" timestamp="2023-07-05T14:20:50" hostname="fv-az267-190" time="0.046">
  <properties/>
  <testcase name="test_accessToken_lifecycle" classname="com.dotcms.analytics.cache.AnalyticsCacheTest" time="0.045"/>
  <testcase name="test_putAccessToken_noAccessToken" classname="com.dotcms.analytics.cache.AnalyticsCacheTest" time="0.001"/>
  <system-out><![CDATA[]]></system-out>
  <system-err><![CDATA[]]></system-err>
</testsuite>
