<?xml version="1.0" encoding="UTF-8"?>
<testsuite name="com.dotcms.util.pagination.SiteViewPaginatorUnitTest" tests="2" skipped="0" failures="0" errors="0" timestamp="2023-07-19T14:34:15" hostname="fv-az792-222" time="0.152">
  <properties/>
  <testcase name="Test_Get_Items_Sorted_Pages" classname="com.dotcms.util.pagination.SiteViewPaginatorUnitTest" time="0.111"/>
  <testcase name="Test_Get_Items_Page_Size" classname="com.dotcms.util.pagination.SiteViewPaginatorUnitTest" time="0.041"/>
  <system-out><![CDATA[SYSTEM_HOST
0
1
2
3
5
6
]]></system-out>
  <system-err><![CDATA[]]></system-err>
</testsuite>
