<?xml version="1.0" encoding="UTF-8"?>
<testsuite name="com.dotcms.auth.providers.jwt.factories.SecretKeySpecFactoryTest" tests="1" skipped="0" failures="0" errors="0" timestamp="2023-07-04T00:35:40" hostname="fv-az627-719" time="1.179">
  <properties/>
  <testcase name="readAndPrepareSecret" classname="com.dotcms.auth.providers.jwt.factories.SecretKeySpecFactoryTest" time="1.179"/>
  <system-out><![CDATA[7e1ddd7894e9bd14671cebb7eab159473a478572648c509bcdd48265a60d4b87e7f6e09630ab9f3d745b4a037408a60de0edaea58a5c09129b18325bd2e8624c
MySecretKey2
MySecretKey3
MySecretKey3
147d510a6971107caaac3e788ab4788ee7ed8f744b46640cc27d5174564d3ace8c6e37365ccdab0e895cfc1f8f387625d371c9c00e450336a15d0ca8e7ecbede
ac9ade4495b64ed6b244f8040adf9516f011d2ac92861df43b4496714f3378fe03bea38f6c95c42173e10bf2672fb687f1b0b48c2e71414c2d6f3d2395bcb324
09a9f15d6d569870b5a0a87257bdeee85590c771841d28696b2835ca567e0ac2797d069dfba357754c60e02e8dca22136c0a6994cb0dc8e0547f315b8113896d
]]></system-out>
  <system-err><![CDATA[]]></system-err>
</testsuite>
