<?xml version="1.0" encoding="UTF-8"?>
<testsuite name="com.dotcms.auth.providers.jwt.factories.SecretKeySpecFactoryTest" tests="1" skipped="0" failures="0" errors="0" timestamp="2023-07-21T22:14:28" hostname="fv-az244-479" time="1.756">
  <properties/>
  <testcase name="readAndPrepareSecret" classname="com.dotcms.auth.providers.jwt.factories.SecretKeySpecFactoryTest" time="1.756"/>
  <system-out><![CDATA[18b977f24093c74e8b60934cd0dac16e204353876a5c7143687c3b25a8205ff73424ef6e3b0b0ebb7f11cefe83d79a4e5b90ddf878d0cae44773ff129ddc3683
MySecretKey2
MySecretKey3
MySecretKey3
1a7ebb5b5f2c60afe56cdf5d4fb1012691745a296653ae39db6c70dcfc697bb2d9e089705c0a0a5061c7b61752895f2a1b6366d1fde23c16b93bb8ddcc8cb6e3
cb1c9370c403aa088957144ac4e0b4621e5bb05b805f23f53409e240a18e02175f8990939dd9efdbf4871fd94a3e3337c8a78b55f11ea3748ccf6eafa64c8861
dada5cbe809a87a06063b03c51eb27acf431a10af38e916de972723dc33185c6a4030904e04c89c2b6512639eb0250452587f7deb4b8b384ed21d2ba2f587f9b
]]></system-out>
  <system-err><![CDATA[]]></system-err>
</testsuite>
