<?xml version="1.0" encoding="UTF-8"?>
<testsuite name="com.dotcms.util.diff.DiffCommandTest" tests="2" skipped="0" failures="0" errors="0" timestamp="2023-06-27T20:13:53" hostname="fv-az612-160" time="0.005">
  <properties/>
  <testcase name="applyDiff_Comparable" classname="com.dotcms.util.diff.DiffCommandTest" time="0.004"/>
  <testcase name="applyDiff_Differentiable" classname="com.dotcms.util.diff.DiffCommandTest" time="0.001"/>
  <system-out><![CDATA[{six=six, five=five}
{two=two}
{four=fourxxx, one=onexxx}
{six=com.dotcms.util.diff.DiffCommandTest$StringDifferentiable@5de2aa0e, five=com.dotcms.util.diff.DiffCommandTest$StringDifferentiable@48460dad}
{two=com.dotcms.util.diff.DiffCommandTest$StringDifferentiable@530e7045}
{four=com.dotcms.util.diff.DiffCommandTest$StringDifferentiable@1a90d390, one=com.dotcms.util.diff.DiffCommandTest$StringDifferentiable@526ab816}
]]></system-out>
  <system-err><![CDATA[]]></system-err>
</testsuite>
