<?xml version="1.0" encoding="UTF-8"?>
<testsuite name="com.dotcms.auth.providers.jwt.factories.SecretKeySpecFactoryTest" tests="1" skipped="0" failures="0" errors="0" timestamp="2023-06-26T21:45:28" hostname="fv-az1032-241" time="1.462">
  <properties/>
  <testcase name="readAndPrepareSecret" classname="com.dotcms.auth.providers.jwt.factories.SecretKeySpecFactoryTest" time="1.462"/>
  <system-out><![CDATA[56dfceffebd7f5fbe1a4371a9298deb9d815029a543e49c8fd2afc6d71916044354018531f7fa1deb5dc3930ad8b813f13870a4f548fa93fbbb8c44c9c2179fa
MySecretKey2
MySecretKey3
MySecretKey3
6c5f2ee44ecdf0e4fde97debb2304fd9cd956331facc64d98a56ed8f649132a68331697bbe4c41bb0ea49653fd8fc46deeed3435ac153b68b9188406f0a72aba
7f42129959e4bceff5ed8b1699adbc22a11eb01a2d0d768cb101588c0c81e56a38d84664a412a34e7898fbc56192fb009269df82f5165a04d76f0d66f80a1b0e
3b97b4abe53ac1cdacd8f9dd807b4f03df55a5765205a5709702d74f48b4669cc4bf8e8087d79c0f810af1d752d7ed58e080ba079d1c435ee277f184f43eecbf
]]></system-out>
  <system-err><![CDATA[]]></system-err>
</testsuite>
