<?xml version="1.0" encoding="UTF-8"?>
<testsuite name="com.dotcms.util.pagination.SiteViewPaginatorUnitTest" tests="2" skipped="0" failures="0" errors="0" timestamp="2023-07-18T03:07:26" hostname="fv-az1242-585" time="0.149">
  <properties/>
  <testcase name="Test_Get_Items_Sorted_Pages" classname="com.dotcms.util.pagination.SiteViewPaginatorUnitTest" time="0.11"/>
  <testcase name="Test_Get_Items_Page_Size" classname="com.dotcms.util.pagination.SiteViewPaginatorUnitTest" time="0.038"/>
  <system-out><![CDATA[SYSTEM_HOST
0
1
2
5
6
7
]]></system-out>
  <system-err><![CDATA[]]></system-err>
</testsuite>
