<?xml version="1.0" encoding="UTF-8"?>
<testsuite name="com.dotcms.util.pagination.CategoriesPaginatorTest" tests="2" skipped="0" failures="0" errors="0" timestamp="2023-07-17T17:41:38" hostname="fv-az620-591" time="0.141">
  <properties/>
  <testcase name="when_orderByIsNotNull_and_ExistsItemsByFilter_should_returnItems" classname="com.dotcms.util.pagination.CategoriesPaginatorTest" time="0.14"/>
  <testcase name="when_orderByIsNotNull_and_NotexistsItemsByFilter_should_returnItems" classname="com.dotcms.util.pagination.CategoriesPaginatorTest" time="0.001"/>
  <system-out><![CDATA[]]></system-out>
  <system-err><![CDATA[]]></system-err>
</testsuite>
