<?xml version="1.0" encoding="UTF-8"?>
<testsuite name="com.dotcms.variant.business.web.CurrentVariantWebInterceptorTest" tests="10" skipped="0" failures="0" errors="0" timestamp="2023-06-27T17:02:44" hostname="fv-az1135-364" time="0.032">
  <properties/>
  <testcase name="whenParameterIsSet" classname="com.dotcms.variant.business.web.CurrentVariantWebInterceptorTest" time="0.002"/>
  <testcase name="whenSessionAttributeIsSetLoginModeFE" classname="com.dotcms.variant.business.web.CurrentVariantWebInterceptorTest" time="0.008"/>
  <testcase name="whenSessionAttributeIsSet" classname="com.dotcms.variant.business.web.CurrentVariantWebInterceptorTest" time="0.001"/>
  <testcase name="whenRefererIsSet[0: http://localhost:8080/blog?variantName=variantFromReferer]" classname="com.dotcms.variant.business.web.CurrentVariantWebInterceptorTest" time="0.001"/>
  <testcase name="whenRefererIsSet[1: http://localhost:8080/blog?firstParameter=firstValue&amp;variantName=variantFromReferer]" classname="com.dotcms.variant.business.web.CurrentVariantWebInterceptorTest" time="0.001"/>
  <testcase name="whenRefererIsSet[2: http://localhost:8080/blog?variantName=variantFromReferer&amp;secondParameter=secondValue]" classname="com.dotcms.variant.business.web.CurrentVariantWebInterceptorTest" time="0.003"/>
  <testcase name="whenRefererIsSet[3: http://localhost:8080/blog?firstParameter=firstValue&amp;variantName=variantFromReferer&amp;thirdParameter=thirdValue]" classname="com.dotcms.variant.business.web.CurrentVariantWebInterceptorTest" time="0.001"/>
  <testcase name="whenNoParameterOrRefererIsSet" classname="com.dotcms.variant.business.web.CurrentVariantWebInterceptorTest" time="0.001"/>
  <testcase name="whenSessionIsNotCreated" classname="com.dotcms.variant.business.web.CurrentVariantWebInterceptorTest" time="0.001"/>
  <testcase name="whenSessionAttributeIsSetButExpire" classname="com.dotcms.variant.business.web.CurrentVariantWebInterceptorTest" time="0.008"/>
  <system-out><![CDATA[]]></system-out>
  <system-err><![CDATA[]]></system-err>
</testsuite>
