<?xml version="1.0" encoding="UTF-8"?>
<testsuite name="com.dotcms.util.DotAssertTest" tests="6" skipped="0" failures="0" errors="0" timestamp="2023-07-05T22:05:10" hostname="fv-az357-915" time="0.008">
  <properties/>
  <testcase name="notNullTest" classname="com.dotcms.util.DotAssertTest" time="0.001"/>
  <testcase name="notEmptyTest" classname="com.dotcms.util.DotAssertTest" time="0.0"/>
  <testcase name="notEmptyMapTest" classname="com.dotcms.util.DotAssertTest" time="0.004"/>
  <testcase name="notEmptyCollectionTest" classname="com.dotcms.util.DotAssertTest" time="0.001"/>
  <testcase name="isTrueTest" classname="com.dotcms.util.DotAssertTest" time="0.0"/>
  <testcase name="isNullTest" classname="com.dotcms.util.DotAssertTest" time="0.0"/>
  <system-out><![CDATA[]]></system-out>
  <system-err><![CDATA[]]></system-err>
</testsuite>
