<?xml version="1.0" encoding="UTF-8"?>
<testsuite name="com.dotcms.auth.providers.jwt.factories.SecretKeySpecFactoryTest" tests="1" skipped="0" failures="0" errors="0" timestamp="2023-06-23T18:03:22" hostname="fv-az551-628" time="1.822">
  <properties/>
  <testcase name="readAndPrepareSecret" classname="com.dotcms.auth.providers.jwt.factories.SecretKeySpecFactoryTest" time="1.822"/>
  <system-out><![CDATA[5906fda4abc2ae02364fd68d99d6abe5e56f3376d59b931d14327fc767b99a01d7e468336e34f2a60864cd2f4699f6461cee72de65ec2d5b30ac8f2f49292f6c
MySecretKey2
MySecretKey3
MySecretKey3
9596ddd0e9361d3a7b4691d3cfc41d1ff8e44130103c730d9705bffdf2770b6f5f6336750f84ef3230dfb19970479390c11fa99c7ebc7fef041f79dfdb4f1180
9b53eb295c70f3b1a4b7f59d864e791e51ed69bdd9a3546a3caa0ed90bb47f64779eb9a0289cc983fd65474a081f8de89fb9c7f9fffe97e07652671757265fa8
f2344c6571e90fcc735fd8a0d32aa0c979e219965cbc6c56f4337c36c3e7493e33706ac3447031dd177538ad3f7e8dcdb1b7013507e7644c21c8b7f94c85fdad
]]></system-out>
  <system-err><![CDATA[]]></system-err>
</testsuite>
