<?xml version="1.0" encoding="UTF-8"?>
<testsuite name="com.dotmarketing.fixtask.tasks.FixTask00090RecreateMissingFoldersInParentPathTest" tests="9" skipped="0" failures="0" errors="0" timestamp="2023-07-08T04:37:38" hostname="fv-az577-928" time="0.067">
  <properties/>
  <testcase name="getFoldersFromParentPath_ShouldReturnOneFolderList_WhenOneLevelParentPath" classname="com.dotmarketing.fixtask.tasks.FixTask00090RecreateMissingFoldersInParentPathTest" time="0.001"/>
  <testcase name="recreateMissingFolders_ShouldCreateFolder_WhenFolderIsMissing" classname="com.dotmarketing.fixtask.tasks.FixTask00090RecreateMissingFoldersInParentPathTest" time="0.058"/>
  <testcase name="recreateMissingFoldersInParentPath_ShouldThrowNPE_WhenNullParentPath" classname="com.dotmarketing.fixtask.tasks.FixTask00090RecreateMissingFoldersInParentPathTest" time="0.001"/>
  <testcase name="getFoldersFromParentPath_ShouldThrowNPE_WhenNullParentPath" classname="com.dotmarketing.fixtask.tasks.FixTask00090RecreateMissingFoldersInParentPathTest" time="0.0"/>
  <testcase name="recreateMissingFoldersInParentPath_ShouldDoNothing_WhenSystemHost" classname="com.dotmarketing.fixtask.tasks.FixTask00090RecreateMissingFoldersInParentPathTest" time="0.005"/>
  <testcase name="getFoldersFromParentPath_ShouldReturnEmptyList_WhenBlankParentPath" classname="com.dotmarketing.fixtask.tasks.FixTask00090RecreateMissingFoldersInParentPathTest" time="0.0"/>
  <testcase name="getFoldersFromParentPath_ShouldReturnOneFolderList_WhenTwoLevelParentPath" classname="com.dotmarketing.fixtask.tasks.FixTask00090RecreateMissingFoldersInParentPathTest" time="0.0"/>
  <testcase name="recreateMissingFoldersInParentPath_ShouldDoNothing_WhenSystemFolder" classname="com.dotmarketing.fixtask.tasks.FixTask00090RecreateMissingFoldersInParentPathTest" time="0.001"/>
  <testcase name="recreateMissingFoldersInParentPath_ShouldRecreate_WhenDifferentThanSystemHostOrFolder" classname="com.dotmarketing.fixtask.tasks.FixTask00090RecreateMissingFoldersInParentPathTest" time="0.001"/>
  <system-out><![CDATA[]]></system-out>
  <system-err><![CDATA[]]></system-err>
</testsuite>
