<?xml version="1.0" encoding="UTF-8"?>
<testsuite name="com.dotmarketing.portlets.osgi.AJAX.OSGIBaseAJAXTest" tests="3" skipped="0" failures="0" errors="0" timestamp="2023-07-20T22:29:05" hostname="fv-az283-961" time="0.095">
  <properties/>
  <testcase name="TestOnNullCallTheDefaultCommand" classname="com.dotmarketing.portlets.osgi.AJAX.OSGIBaseAJAXTest" time="0.064"/>
  <testcase name="TestNotAllowedCommands" classname="com.dotmarketing.portlets.osgi.AJAX.OSGIBaseAJAXTest" time="0.005"/>
  <testcase name="TestAllowedCommands" classname="com.dotmarketing.portlets.osgi.AJAX.OSGIBaseAJAXTest" time="0.025"/>
  <system-out><![CDATA[ Command ::  forbiddenMethod  on  class Mock for OSGIAJAX, hashCode: 2143989835
 Command ::  add  on  class Mock for OSGIAJAX, hashCode: 1941525295
 Command ::  start  on  class Mock for OSGIAJAX, hashCode: 1941525295
 Command ::  restart  on  class Mock for OSGIAJAX, hashCode: 1941525295
 Command ::  action  on  class Mock for OSGIAJAX, hashCode: 1941525295
 Command ::  getExtraPackages  on  class Mock for OSGIAJAX, hashCode: 1941525295
 Command ::  remove  on  class Mock for OSGIAJAX, hashCode: 1941525295
 Command ::  deploy  on  class Mock for OSGIAJAX, hashCode: 1941525295
 Command ::  modifyExtraPackages  on  class Mock for OSGIAJAX, hashCode: 1941525295
 Command ::  undeploy  on  class Mock for OSGIAJAX, hashCode: 1941525295
 Command ::  stop  on  class Mock for OSGIAJAX, hashCode: 1941525295
]]></system-out>
  <system-err><![CDATA[]]></system-err>
</testsuite>
