<?xml version="1.0" encoding="UTF-8"?>
<testsuite name="com.dotmarketing.portlets.workflows.ajax.WfBaseActionTest" tests="3" skipped="0" failures="0" errors="0" timestamp="2023-06-29T01:21:25" hostname="fv-az1259-857" time="0.156">
  <properties/>
  <testcase name="TestOnNullCallTheDefaultCommand" classname="com.dotmarketing.portlets.workflows.ajax.WfBaseActionTest" time="0.12"/>
  <testcase name="TestNotAllowedCommands" classname="com.dotmarketing.portlets.workflows.ajax.WfBaseActionTest" time="0.015"/>
  <testcase name="TestAllowedCommands" classname="com.dotmarketing.portlets.workflows.ajax.WfBaseActionTest" time="0.021"/>
  <system-out><![CDATA[ Command ::  forbiddenMethod  on  class Mock for WfActionClassAjax, hashCode: 86635671
 Command ::  forbiddenMethod  on  class Mock for WfRoleStoreAjax, hashCode: 1615765679
 Command ::  forbiddenMethod  on  class Mock for WfActionAjax, hashCode: 600505767
 Command ::  forbiddenMethod  on  class Mock for WfTaskAjax, hashCode: 479261321
 Command ::  forbiddenMethod  on  class Mock for WfSchemeAjax, hashCode: 1749307135
 Command ::  reorder  on  class Mock for WfActionClassAjax, hashCode: 166326165
 Command ::  delete  on  class Mock for WfActionClassAjax, hashCode: 166326165
 Command ::  save  on  class Mock for WfActionClassAjax, hashCode: 166326165
 Command ::  add  on  class Mock for WfActionClassAjax, hashCode: 166326165
 Command ::  action  on  class Mock for WfActionClassAjax, hashCode: 166326165
 Command ::  assignable  on  class Mock for WfRoleStoreAjax, hashCode: 315013299
 Command ::  rolesToJson  on  class Mock for WfRoleStoreAjax, hashCode: 315013299
 Command ::  action  on  class Mock for WfRoleStoreAjax, hashCode: 315013299
 Command ::  add  on  class Mock for WfActionAjax, hashCode: 2102763626
 Command ::  deleteActionForStep  on  class Mock for WfActionAjax, hashCode: 2102763626
 Command ::  save  on  class Mock for WfActionAjax, hashCode: 2102763626
 Command ::  delete  on  class Mock for WfActionAjax, hashCode: 2102763626
 Command ::  reorder  on  class Mock for WfActionAjax, hashCode: 2102763626
 Command ::  action  on  class Mock for WfActionAjax, hashCode: 2102763626
 Command ::  executeAction  on  class Mock for WfTaskAjax, hashCode: 187438719
 Command ::  executeActions  on  class Mock for WfTaskAjax, hashCode: 187438719
 Command ::  action  on  class Mock for WfTaskAjax, hashCode: 187438719
 Command ::  save  on  class Mock for WfSchemeAjax, hashCode: 57465301
 Command ::  action  on  class Mock for WfSchemeAjax, hashCode: 57465301
]]></system-out>
  <system-err><![CDATA[]]></system-err>
</testsuite>
