<?xml version="1.0" encoding="UTF-8"?>
<testsuite name="com.dotcms.auth.providers.jwt.factories.SecretKeySpecFactoryTest" tests="1" skipped="0" failures="0" errors="0" timestamp="2023-06-22T15:42:30" hostname="fv-az470-666" time="1.7">
  <properties/>
  <testcase name="readAndPrepareSecret" classname="com.dotcms.auth.providers.jwt.factories.SecretKeySpecFactoryTest" time="1.7"/>
  <system-out><![CDATA[4f3cd2f46c3df5eabd45fd5d7c07ba83a738fd78c5e5ccc7a4ca9d0d3779bc636ae5a830eb39b6d90a587f327af368042d02a4b65fd867f0bd4640f575bcfcd5
MySecretKey2
MySecretKey3
MySecretKey3
218f2d8d024adf8d997979519adfd6bfa0ffc864818ecb8134105d762927d45de647145143b4bcd6ed334563fcbef5dea0fee9f9f0fd6065f0c97ebf931d2f7c
2273dbfa4d84a094961e3244961aa97849d4fc82c3149d28d502977a0598755f9844d13024b1cafcfcc99878aae2a3a76e6c2c421585e592daad6ed139572294
5780d53a84925eb5ec41ba65b24d40e7c6cca909c530427a3f3e837b85399d7aa8ae97b9ab4d2ceda6bd77ecb2f6883e1bafe64c8de56757529382c0c5269e57
]]></system-out>
  <system-err><![CDATA[]]></system-err>
</testsuite>
