<?xml version="1.0" encoding="UTF-8"?>
<testsuite name="com.dotcms.auth.providers.jwt.factories.SecretKeySpecFactoryTest" tests="1" skipped="0" failures="0" errors="0" timestamp="2023-07-17T18:03:43" hostname="fv-az400-396" time="1.965">
  <properties/>
  <testcase name="readAndPrepareSecret" classname="com.dotcms.auth.providers.jwt.factories.SecretKeySpecFactoryTest" time="1.965"/>
  <system-out><![CDATA[a41df2f8ee81e82b2c1dde91b141322b81fced6b987649c78970c44a27cc2c23415d4ae6789d3daa706b324c83e3f3430b530a0765a347bc9f18fd88e7c96550
MySecretKey2
MySecretKey3
MySecretKey3
d7bf18d30d4a1959479976fe6e08772d154573c6747db232c51956869b93b3878e941b6edcc44481d0e5c4d29e36182e74c3affb5515012895a841e8d20e83a0
1d4895645d86cce541674bad968bc899ba6edededb14e10df636419dbe68cde03d510cd699d2bc671b0ee0b5a520f835238d83c9a1e502f546e1c924dc2b15cc
8661226646e2508b92a5d26f0289a952232b73c22489b993b795b1a510ab3b207633bb745efcaa344fe389804c320198b0bff270b24eb63ce6a066a374715c50
]]></system-out>
  <system-err><![CDATA[]]></system-err>
</testsuite>
