<?xml version="1.0" encoding="UTF-8"?>
<testsuite name="com.dotcms.auth.providers.jwt.factories.SecretKeySpecFactoryTest" tests="1" skipped="0" failures="0" errors="0" timestamp="2023-07-11T19:57:15" hostname="fv-az450-691" time="1.605">
  <properties/>
  <testcase name="readAndPrepareSecret" classname="com.dotcms.auth.providers.jwt.factories.SecretKeySpecFactoryTest" time="1.605"/>
  <system-out><![CDATA[6f95be612007b78d244a31e63df8184a947ae26c36896e2ee5569ce2d4b2d038814f6b4118d6e7d149f58993020b7d18b1057356f33ebc4af0bf245b97d683e7
MySecretKey2
MySecretKey3
MySecretKey3
afdcef3a1427677d4414d454b14e74d86f9dc949ea396265e58468debdd0789b5038c36ff4d7eb36348e8642323b185fb95343596098d6dcc68894967c98be2c
e171a50e61910857474cace6bfe57390be4d5c93f59cfa931e93fce8ef1746ab523eb915784a6d5d7ad6d96a53ec3af25858741f442b0a9a172700aa798f7a1a
62f900d5443879da4a43a499c0e79697a7074074067b9c9fb2b01fca3348acb23f74f43356324c1d241aee868687f3c7130d3636ccd0eb4fd93a42f0784637fb
]]></system-out>
  <system-err><![CDATA[]]></system-err>
</testsuite>
