<?xml version="1.0" encoding="UTF-8"?>
<testsuite name="com.dotcms.security.ContentSecurityPolicyUtilTest" tests="7" skipped="0" failures="0" errors="0" timestamp="2023-06-23T22:18:16" hostname="fv-az576-706" time="0.078">
  <properties/>
  <testcase name="calculateContentSecurityPolicyWithStyleBlocks" classname="com.dotcms.security.ContentSecurityPolicyUtilTest" time="0.011"/>
  <testcase name="calculateContentSecurityPolicyWithSciptBlocks" classname="com.dotcms.security.ContentSecurityPolicyUtilTest" time="0.017"/>
  <testcase name="noCalculateContentSecurityPolicyWHenPageModeIsDifferentThanLIVE" classname="com.dotcms.security.ContentSecurityPolicyUtilTest" time="0.002"/>
  <testcase name="calculateContentSecurityPolicyWithNoStyleBlocks" classname="com.dotcms.security.ContentSecurityPolicyUtilTest" time="0.015"/>
  <testcase name="calculateContentSecurityPolicyWithMoreThanOneStyleBlocks" classname="com.dotcms.security.ContentSecurityPolicyUtilTest" time="0.006"/>
  <testcase name="calculateContentSecurityPolicyWithNoSciptBlocks" classname="com.dotcms.security.ContentSecurityPolicyUtilTest" time="0.012"/>
  <testcase name="calculateContentSecurityPolicyWithMoreThanOneSciptBlocks" classname="com.dotcms.security.ContentSecurityPolicyUtilTest" time="0.002"/>
  <system-out><![CDATA[]]></system-out>
  <system-err><![CDATA[]]></system-err>
</testsuite>
