<?xml version="1.0" encoding="UTF-8"?>
<testsuite name="com.dotmarketing.portlets.workflows.ajax.WfBaseActionTest" tests="3" skipped="0" failures="0" errors="0" timestamp="2023-07-12T16:15:36" hostname="fv-az1236-735" time="0.159">
  <properties/>
  <testcase name="TestOnNullCallTheDefaultCommand" classname="com.dotmarketing.portlets.workflows.ajax.WfBaseActionTest" time="0.132"/>
  <testcase name="TestNotAllowedCommands" classname="com.dotmarketing.portlets.workflows.ajax.WfBaseActionTest" time="0.008"/>
  <testcase name="TestAllowedCommands" classname="com.dotmarketing.portlets.workflows.ajax.WfBaseActionTest" time="0.018"/>
  <system-out><![CDATA[ Command ::  forbiddenMethod  on  class Mock for WfRoleStoreAjax, hashCode: 465820913
 Command ::  forbiddenMethod  on  class Mock for WfSchemeAjax, hashCode: 886083976
 Command ::  forbiddenMethod  on  class Mock for WfActionAjax, hashCode: 1136383224
 Command ::  forbiddenMethod  on  class Mock for WfTaskAjax, hashCode: 1973054972
 Command ::  forbiddenMethod  on  class Mock for WfActionClassAjax, hashCode: 2079774015
 Command ::  action  on  class Mock for WfRoleStoreAjax, hashCode: 803288493
 Command ::  assignable  on  class Mock for WfRoleStoreAjax, hashCode: 803288493
 Command ::  rolesToJson  on  class Mock for WfRoleStoreAjax, hashCode: 803288493
 Command ::  save  on  class Mock for WfSchemeAjax, hashCode: 978590223
 Command ::  action  on  class Mock for WfSchemeAjax, hashCode: 978590223
 Command ::  delete  on  class Mock for WfActionAjax, hashCode: 133222880
 Command ::  reorder  on  class Mock for WfActionAjax, hashCode: 133222880
 Command ::  action  on  class Mock for WfActionAjax, hashCode: 133222880
 Command ::  add  on  class Mock for WfActionAjax, hashCode: 133222880
 Command ::  deleteActionForStep  on  class Mock for WfActionAjax, hashCode: 133222880
 Command ::  save  on  class Mock for WfActionAjax, hashCode: 133222880
 Command ::  executeActions  on  class Mock for WfTaskAjax, hashCode: 1194700937
 Command ::  action  on  class Mock for WfTaskAjax, hashCode: 1194700937
 Command ::  executeAction  on  class Mock for WfTaskAjax, hashCode: 1194700937
 Command ::  action  on  class Mock for WfActionClassAjax, hashCode: 918549171
 Command ::  reorder  on  class Mock for WfActionClassAjax, hashCode: 918549171
 Command ::  delete  on  class Mock for WfActionClassAjax, hashCode: 918549171
 Command ::  save  on  class Mock for WfActionClassAjax, hashCode: 918549171
 Command ::  add  on  class Mock for WfActionClassAjax, hashCode: 918549171
]]></system-out>
  <system-err><![CDATA[]]></system-err>
</testsuite>
