<?xml version="1.0" encoding="UTF-8"?>
<testsuite name="com.dotmarketing.portlets.rules.conditionlet.UsersBrowserConditionletTest" tests="2" skipped="0" failures="0" errors="0" timestamp="2023-06-28T16:38:15" hostname="fv-az363-416" time="0.004">
  <properties/>
  <testcase name="testIsComparison" classname="com.dotmarketing.portlets.rules.conditionlet.UsersBrowserConditionletTest" time="0.002"/>
  <testcase name="testIsNotComparison" classname="com.dotmarketing.portlets.rules.conditionlet.UsersBrowserConditionletTest" time="0.001"/>
  <system-out><![CDATA[]]></system-out>
  <system-err><![CDATA[]]></system-err>
</testsuite>
