<?xml version="1.0" encoding="UTF-8"?>
<testsuite name="com.dotcms.rest.ContentHelperTest" tests="3" skipped="0" failures="0" errors="0" timestamp="2023-07-12T18:55:27" hostname="fv-az341-475" time="0.028">
  <properties/>
  <testcase name="testGetNullUrl" classname="com.dotcms.rest.ContentHelperTest" time="0.025"/>
  <testcase name="testGetNotFoundUrl" classname="com.dotcms.rest.ContentHelperTest" time="0.001"/>
  <testcase name="testGetFoundUrl" classname="com.dotcms.rest.ContentHelperTest" time="0.001"/>
  <system-out><![CDATA[]]></system-out>
  <system-err><![CDATA[]]></system-err>
</testsuite>
