<?xml version="1.0" encoding="UTF-8"?>
<testsuite name="com.dotcms.auth.providers.jwt.factories.SecretKeySpecFactoryTest" tests="1" skipped="0" failures="0" errors="0" timestamp="2023-06-29T21:28:25" hostname="fv-az412-119" time="1.921">
  <properties/>
  <testcase name="readAndPrepareSecret" classname="com.dotcms.auth.providers.jwt.factories.SecretKeySpecFactoryTest" time="1.921"/>
  <system-out><![CDATA[1e7a04791c695037a98ffa5ed282b003ed17e07136e02cd94c93fc9f747db5dad745d396210c954ae6e8df2b72ec72cab8769571beec0af01eab380328d6c3ef
MySecretKey2
MySecretKey3
MySecretKey3
34dc76c3fa8c836b71bd6363a7dbae78feb15803cb7624c68ea6e16f938f660c80d331403f9bef4871cf6e5e571ee630244a149c64c5c57976b8ebc51be2f00a
1cfd997fc4d488f5a7b33f38c4d50849d362048ecf34b73b7f09767d36e78d00edbf7e7b459ead8d7951141e4f39ccdf79d3037b7af099eeda438bc4c8228a38
62e5c20686a2af9e36c9c2abd16685a3412f5f19b98242eaa593694d62a42fcabaa504199db0dd2ee1356cd26912f17026e9267e7e2bbc4bf1358216a1d2ed13
]]></system-out>
  <system-err><![CDATA[]]></system-err>
</testsuite>
