<?xml version="1.0" encoding="UTF-8"?>
<testsuite name="com.dotcms.rest.api.v1.authentication.LogoutResourceTest" tests="1" skipped="0" failures="0" errors="0" timestamp="2023-07-18T17:38:14" hostname="fv-az790-550" time="0.011">
  <properties/>
  <testcase name="testLogout" classname="com.dotcms.rest.api.v1.authentication.LogoutResourceTest" time="0.011"/>
  <system-out><![CDATA[]]></system-out>
  <system-err><![CDATA[]]></system-err>
</testsuite>
