<?xml version="1.0" encoding="UTF-8"?>
<testsuite name="com.dotcms.util.network.IPUtilsTest" tests="4" skipped="0" failures="0" errors="0" timestamp="2023-07-05T20:29:35" hostname="fv-az593-327" time="0.215">
  <properties/>
  <testcase name="test_false_cases" classname="com.dotcms.util.network.IPUtilsTest" time="0.002"/>
  <testcase name="test_ip_private_subnets" classname="com.dotcms.util.network.IPUtilsTest" time="0.011"/>
  <testcase name="test_true_cases" classname="com.dotcms.util.network.IPUtilsTest" time="0.001"/>
  <testcase name="test_ip_public_subnets" classname="com.dotcms.util.network.IPUtilsTest" time="0.197"/>
  <system-out><![CDATA[]]></system-out>
  <system-err><![CDATA[]]></system-err>
</testsuite>
