<?xml version="1.0" encoding="UTF-8"?>
<testsuite name="com.dotmarketing.util.ZipUtilTest" tests="3" skipped="0" failures="0" errors="0" timestamp="2023-07-17T23:10:34" hostname="fv-az397-831" time="0.048">
  <properties/>
  <testcase name="testUnzipInvalidInputStream" classname="com.dotmarketing.util.ZipUtilTest" time="0.047"/>
  <testcase name="simpleChildPathMatchTest" classname="com.dotmarketing.util.ZipUtilTest" time="0.001"/>
  <testcase name="invalidFolderAttemptTest" classname="com.dotmarketing.util.ZipUtilTest" time="0.0"/>
  <system-out><![CDATA[]]></system-out>
  <system-err><![CDATA[]]></system-err>
</testsuite>
