<?xml version="1.0" encoding="UTF-8"?>
<testsuite name="com.dotmarketing.portlets.workflows.ajax.WfBaseActionTest" tests="3" skipped="0" failures="0" errors="0" timestamp="2023-06-27T22:38:29" hostname="fv-az955-152" time="0.271">
  <properties/>
  <testcase name="TestOnNullCallTheDefaultCommand" classname="com.dotmarketing.portlets.workflows.ajax.WfBaseActionTest" time="0.184"/>
  <testcase name="TestNotAllowedCommands" classname="com.dotmarketing.portlets.workflows.ajax.WfBaseActionTest" time="0.015"/>
  <testcase name="TestAllowedCommands" classname="com.dotmarketing.portlets.workflows.ajax.WfBaseActionTest" time="0.071"/>
  <system-out><![CDATA[ Command ::  forbiddenMethod  on  class Mock for WfSchemeAjax, hashCode: 189676382
 Command ::  forbiddenMethod  on  class Mock for WfTaskAjax, hashCode: 1251421027
 Command ::  forbiddenMethod  on  class Mock for WfActionAjax, hashCode: 509335620
 Command ::  forbiddenMethod  on  class Mock for WfRoleStoreAjax, hashCode: 2067803694
 Command ::  forbiddenMethod  on  class Mock for WfActionClassAjax, hashCode: 1933445858
 Command ::  save  on  class Mock for WfSchemeAjax, hashCode: 2139054058
 Command ::  action  on  class Mock for WfSchemeAjax, hashCode: 2139054058
 Command ::  executeAction  on  class Mock for WfTaskAjax, hashCode: 1947459165
 Command ::  executeActions  on  class Mock for WfTaskAjax, hashCode: 1947459165
 Command ::  action  on  class Mock for WfTaskAjax, hashCode: 1947459165
 Command ::  delete  on  class Mock for WfActionAjax, hashCode: 1868446415
 Command ::  reorder  on  class Mock for WfActionAjax, hashCode: 1868446415
 Command ::  action  on  class Mock for WfActionAjax, hashCode: 1868446415
 Command ::  add  on  class Mock for WfActionAjax, hashCode: 1868446415
 Command ::  deleteActionForStep  on  class Mock for WfActionAjax, hashCode: 1868446415
 Command ::  save  on  class Mock for WfActionAjax, hashCode: 1868446415
 Command ::  assignable  on  class Mock for WfRoleStoreAjax, hashCode: 415066530
 Command ::  rolesToJson  on  class Mock for WfRoleStoreAjax, hashCode: 415066530
 Command ::  action  on  class Mock for WfRoleStoreAjax, hashCode: 415066530
 Command ::  add  on  class Mock for WfActionClassAjax, hashCode: 949677076
 Command ::  action  on  class Mock for WfActionClassAjax, hashCode: 949677076
 Command ::  reorder  on  class Mock for WfActionClassAjax, hashCode: 949677076
 Command ::  delete  on  class Mock for WfActionClassAjax, hashCode: 949677076
 Command ::  save  on  class Mock for WfActionClassAjax, hashCode: 949677076
]]></system-out>
  <system-err><![CDATA[]]></system-err>
</testsuite>
