<?xml version="1.0" encoding="UTF-8"?>
<testsuite name="com.dotcms.auth.providers.jwt.factories.SecretKeySpecFactoryTest" tests="1" skipped="0" failures="0" errors="0" timestamp="2023-06-27T14:54:36" hostname="fv-az395-584" time="1.097">
  <properties/>
  <testcase name="readAndPrepareSecret" classname="com.dotcms.auth.providers.jwt.factories.SecretKeySpecFactoryTest" time="1.097"/>
  <system-out><![CDATA[e12a04982f508e2da95a1373e88420fd6d5ed09d0f79d20ac1afcbe2d6496ebb9022606e590d2e7b3c45468ee39b2e88d1e98435485146530674982bca4500bc
MySecretKey2
MySecretKey3
MySecretKey3
12f69aab2ef201087ba77247ead28076aaf63ad99914d9e4a76ef7af97ea294ba481576d4d08e5a6e3f7abf9de938de574c14da4164a053d48bd139f55ce9047
136538ba0a820c3b416bd0450940991c93d4acdedb48f56b3901f46eeb354c65476da82ada06725fb84294e59a8e54b8fe8f68fbb0d730f21c76a6e521862414
d630dfea57da281728650224a5469c9dea632ed717974b5f182b83b273dc59c6229722d066f254faf1891c670daf4bec3005d68ae2eea21c0a69861e9261f606
]]></system-out>
  <system-err><![CDATA[]]></system-err>
</testsuite>
