<?xml version="1.0" encoding="UTF-8"?>
<testsuite name="com.dotcms.util.pagination.SiteViewPaginatorUnitTest" tests="2" skipped="0" failures="0" errors="0" timestamp="2023-07-13T15:41:06" hostname="fv-az403-173" time="0.246">
  <properties/>
  <testcase name="Test_Get_Items_Sorted_Pages" classname="com.dotcms.util.pagination.SiteViewPaginatorUnitTest" time="0.175"/>
  <testcase name="Test_Get_Items_Page_Size" classname="com.dotcms.util.pagination.SiteViewPaginatorUnitTest" time="0.07"/>
  <system-out><![CDATA[SYSTEM_HOST
0
2
4
5
6
8
]]></system-out>
  <system-err><![CDATA[]]></system-err>
</testsuite>
