<?xml version="1.0" encoding="UTF-8"?>
<testsuite name="com.dotcms.timemachine.ajax.TimeMachineAjaxActionTest" tests="1" skipped="0" failures="0" errors="0" timestamp="2023-06-29T21:30:58" hostname="fv-az412-119" time="0.022">
  <properties/>
  <testcase name="testGenerateNotification" classname="com.dotcms.timemachine.ajax.TimeMachineAjaxActionTest" time="0.022"/>
  <system-out><![CDATA[]]></system-out>
  <system-err><![CDATA[]]></system-err>
</testsuite>
