<?xml version="1.0" encoding="UTF-8"?>
<testsuite name="com.dotmarketing.util.PasswordGeneratorTest" tests="1" skipped="0" failures="0" errors="0" timestamp="2023-07-21T16:53:21" hostname="fv-az413-360" time="0.034">
  <properties/>
  <testcase name="Test_Generate_Password_Then_Test_We_Have_At_Least_One_Match_Per_Group" classname="com.dotmarketing.util.PasswordGeneratorTest" time="0.034"/>
  <system-out><![CDATA[]]></system-out>
  <system-err><![CDATA[]]></system-err>
</testsuite>
