<?xml version="1.0" encoding="UTF-8"?>
<testsuite name="com.dotcms.util.diff.DiffCommandTest" tests="2" skipped="0" failures="0" errors="0" timestamp="2023-06-26T19:03:10" hostname="fv-az244-550" time="0.004">
  <properties/>
  <testcase name="applyDiff_Comparable" classname="com.dotcms.util.diff.DiffCommandTest" time="0.003"/>
  <testcase name="applyDiff_Differentiable" classname="com.dotcms.util.diff.DiffCommandTest" time="0.0"/>
  <system-out><![CDATA[{six=six, five=five}
{two=two}
{four=fourxxx, one=onexxx}
{six=com.dotcms.util.diff.DiffCommandTest$StringDifferentiable@1db96ceb, five=com.dotcms.util.diff.DiffCommandTest$StringDifferentiable@17f02abb}
{two=com.dotcms.util.diff.DiffCommandTest$StringDifferentiable@390e66f4}
{four=com.dotcms.util.diff.DiffCommandTest$StringDifferentiable@c99c829, one=com.dotcms.util.diff.DiffCommandTest$StringDifferentiable@5a913365}
]]></system-out>
  <system-err><![CDATA[]]></system-err>
</testsuite>
