<?xml version="1.0" encoding="UTF-8"?>
<testsuite name="com.dotcms.concurrent.DebouncerTest" tests="2" skipped="0" failures="0" errors="0" timestamp="2023-06-30T21:57:58" hostname="fv-az354-187" time="16.207">
  <properties/>
  <testcase name="test_that_debouncer_prevents_multiple_runs" classname="com.dotcms.concurrent.DebouncerTest" time="7.003"/>
  <testcase name="test_that_debouncer_reschedules_the_runnable" classname="com.dotcms.concurrent.DebouncerTest" time="9.204"/>
  <system-out><![CDATA[]]></system-out>
  <system-err><![CDATA[]]></system-err>
</testsuite>
