<?xml version="1.0" encoding="UTF-8"?>
<testsuite name="com.dotcms.auth.providers.jwt.factories.SecretKeySpecFactoryTest" tests="1" skipped="0" failures="0" errors="0" timestamp="2023-06-27T23:19:46" hostname="fv-az166-290" time="2.313">
  <properties/>
  <testcase name="readAndPrepareSecret" classname="com.dotcms.auth.providers.jwt.factories.SecretKeySpecFactoryTest" time="2.313"/>
  <system-out><![CDATA[935db3e3ad6c83a681eb8179d586748e8a244348ebf8e88b9e0ff9db8de96698c938b00fae2a402558003e65db99c2cd2d937aa15adf5b3978dbfe0fea63260b
MySecretKey2
MySecretKey3
MySecretKey3
afbe9b4fcde07376ccb016fe5c18da28de21a02c0b4c259a356686711b20b5ff3b3756830d2639ad234eeec174b92573cc50426493a903cafb6c097f62f618c8
8f17c2700b82e4f91d8019bbb23cc8650c2958a3d9083f03d8f46b0ae1c82759ca9065bea7e65437bc80593a9a5eb899254e5b720a1b0a2ed5fcfeb0e6f44e29
85d2c3a037fd1a6f57c2ebdede4f294c9ee4ef696e40e72d6f32567cd4c088ecd3377f68901dcda4c1881ca617f1b43028559e5c40fb557e9171873f3dfc62fc
]]></system-out>
  <system-err><![CDATA[]]></system-err>
</testsuite>
