<?xml version="1.0" encoding="UTF-8"?>
<testsuite name="com.dotcms.util.diff.DiffCommandTest" tests="2" skipped="0" failures="0" errors="0" timestamp="2023-07-13T17:50:32" hostname="fv-az401-469" time="0.004">
  <properties/>
  <testcase name="applyDiff_Comparable" classname="com.dotcms.util.diff.DiffCommandTest" time="0.003"/>
  <testcase name="applyDiff_Differentiable" classname="com.dotcms.util.diff.DiffCommandTest" time="0.001"/>
  <system-out><![CDATA[{six=six, five=five}
{two=two}
{four=fourxxx, one=onexxx}
{six=com.dotcms.util.diff.DiffCommandTest$StringDifferentiable@54c6edbd, five=com.dotcms.util.diff.DiffCommandTest$StringDifferentiable@5001c08a}
{two=com.dotcms.util.diff.DiffCommandTest$StringDifferentiable@79e9ca4e}
{four=com.dotcms.util.diff.DiffCommandTest$StringDifferentiable@7d4b0968, one=com.dotcms.util.diff.DiffCommandTest$StringDifferentiable@1e83b879}
]]></system-out>
  <system-err><![CDATA[]]></system-err>
</testsuite>
