<?xml version="1.0" encoding="UTF-8"?>
<testsuite name="com.dotcms.util.diff.DiffCommandTest" tests="2" skipped="0" failures="0" errors="0" timestamp="2023-07-11T21:15:58" hostname="fv-az255-202" time="0.013">
  <properties/>
  <testcase name="applyDiff_Comparable" classname="com.dotcms.util.diff.DiffCommandTest" time="0.011"/>
  <testcase name="applyDiff_Differentiable" classname="com.dotcms.util.diff.DiffCommandTest" time="0.001"/>
  <system-out><![CDATA[{six=six, five=five}
{two=two}
{four=fourxxx, one=onexxx}
{six=com.dotcms.util.diff.DiffCommandTest$StringDifferentiable@643430d0, five=com.dotcms.util.diff.DiffCommandTest$StringDifferentiable@29d4634e}
{two=com.dotcms.util.diff.DiffCommandTest$StringDifferentiable@6932e663}
{four=com.dotcms.util.diff.DiffCommandTest$StringDifferentiable@3a89938a, one=com.dotcms.util.diff.DiffCommandTest$StringDifferentiable@7f7e96bb}
]]></system-out>
  <system-err><![CDATA[]]></system-err>
</testsuite>
