<?xml version="1.0" encoding="UTF-8"?>
<testsuite name="com.dotcms.rendering.velocity.viewtools.dotcache.DotCacheToolTest" tests="5" skipped="0" failures="0" errors="0" timestamp="2023-07-17T18:52:21" hostname="fv-az456-965" time="4.91">
  <properties/>
  <testcase name="test_remove" classname="com.dotcms.rendering.velocity.viewtools.dotcache.DotCacheToolTest" time="1.206"/>
  <testcase name="test_putDebounce" classname="com.dotcms.rendering.velocity.viewtools.dotcache.DotCacheToolTest" time="1.202"/>
  <testcase name="test_cache_TTL_0" classname="com.dotcms.rendering.velocity.viewtools.dotcache.DotCacheToolTest" time="0.0"/>
  <testcase name="test_cache_TTL_2" classname="com.dotcms.rendering.velocity.viewtools.dotcache.DotCacheToolTest" time="2.5"/>
  <testcase name="test_cache_clear" classname="com.dotcms.rendering.velocity.viewtools.dotcache.DotCacheToolTest" time="0.0"/>
  <system-out><![CDATA[]]></system-out>
  <system-err><![CDATA[]]></system-err>
</testsuite>
