<?xml version="1.0" encoding="UTF-8"?>
<testsuite name="com.dotcms.util.pagination.SiteViewPaginatorUnitTest" tests="2" skipped="0" failures="0" errors="0" timestamp="2023-06-23T17:11:28" hostname="fv-az313-98" time="0.194">
  <properties/>
  <testcase name="Test_Get_Items_Sorted_Pages" classname="com.dotcms.util.pagination.SiteViewPaginatorUnitTest" time="0.129"/>
  <testcase name="Test_Get_Items_Page_Size" classname="com.dotcms.util.pagination.SiteViewPaginatorUnitTest" time="0.063"/>
  <system-out><![CDATA[SYSTEM_HOST
1
2
3
4
5
6
7
]]></system-out>
  <system-err><![CDATA[]]></system-err>
</testsuite>
