<?xml version="1.0" encoding="UTF-8"?>
<testsuite name="com.dotcms.auth.providers.jwt.factories.SecretKeySpecFactoryTest" tests="1" skipped="0" failures="0" errors="0" timestamp="2023-07-17T15:20:48" hostname="fv-az454-709" time="1.429">
  <properties/>
  <testcase name="readAndPrepareSecret" classname="com.dotcms.auth.providers.jwt.factories.SecretKeySpecFactoryTest" time="1.429"/>
  <system-out><![CDATA[4b5c88efb5d912417b636cba99335f59b65a42ccf2bed0bb335cf17554adf35f0ff4a621985ba7fb7a2ae6e5fb81b5494288440d6585b6fc0c0ca42911664458
MySecretKey2
MySecretKey3
MySecretKey3
66c4312bb6f1deecb2e2c6cc9577d82b718a03fd3c2c5a50823b50b21b199b8ff8e5d7efea8a46a9c8636ed79340b06df6a9dabb423c135487ac4340a29f2355
c2a0bb87b52d533c0a015751e0fa9b00dadba16d6a1167e5be7b3cbb07e03c19f02dbc2eeeb15a88500df8c3e171016ec606b7c358281faa5971e1539c083cbb
49627a97f2dc8c39ce1762dfe433d4621cad03c90b0b13843c0cb022c09eae10186538407bd661a05da3ffb16c22b5ff25ca6adc5571607dc48700fb1a4382d2
]]></system-out>
  <system-err><![CDATA[]]></system-err>
</testsuite>
