<?xml version="1.0" encoding="UTF-8"?>
<testsuite name="com.dotcms.util.DotPreconditionUnitTest" tests="2" skipped="0" failures="0" errors="0" timestamp="2023-07-17T17:41:37" hostname="fv-az620-591" time="0.002">
  <properties/>
  <testcase name="throwException" classname="com.dotcms.util.DotPreconditionUnitTest" time="0.001"/>
  <testcase name="NotThrowException" classname="com.dotcms.util.DotPreconditionUnitTest" time="0.0"/>
  <system-out><![CDATA[]]></system-out>
  <system-err><![CDATA[]]></system-err>
</testsuite>
