<?xml version="1.0" encoding="UTF-8"?>
<testsuite name="com.dotcms.auth.providers.jwt.factories.SecretKeySpecFactoryTest" tests="1" skipped="0" failures="0" errors="0" timestamp="2023-07-12T17:01:37" hostname="fv-az178-38" time="2.081">
  <properties/>
  <testcase name="readAndPrepareSecret" classname="com.dotcms.auth.providers.jwt.factories.SecretKeySpecFactoryTest" time="2.081"/>
  <system-out><![CDATA[57e7bd7dbc6002f5c6390f28395f01446ed2f14843d1e42f0cda5dae842cfe694aece2bc8fc2550c3e7dc1fde2032a5930eb989dd3960561ca0580d0698cc2d2
MySecretKey2
MySecretKey3
MySecretKey3
75abc03ee5ef8e5e53116ca441e9f508cc4713b0ed2f9fd00cec8167d403ce474b569e6a3d1874ea450d72c0a28f97e8bae2847b5634866def53e0830d301bc9
be284154ebec3a17e29b87ee315733c228714b075941a9726e2da7dabba2c74e062ec46f817112a76ff7684ba72f6025e3adcb22f3cd5db46f40b175fd49ea64
478f873a22cd4b390745102488cc16b028d337ae5bd253d908f3e6257238d85eaa875da15baa323341ef0020d2915d3c4c02ce75d332094783cb70b4d69c67f6
]]></system-out>
  <system-err><![CDATA[]]></system-err>
</testsuite>
