<?xml version="1.0" encoding="UTF-8"?>
<testsuite name="com.dotcms.auth.providers.jwt.factories.SecretKeySpecFactoryTest" tests="1" skipped="0" failures="0" errors="0" timestamp="2023-07-17T20:06:11" hostname="fv-az1246-802" time="1.528">
  <properties/>
  <testcase name="readAndPrepareSecret" classname="com.dotcms.auth.providers.jwt.factories.SecretKeySpecFactoryTest" time="1.528"/>
  <system-out><![CDATA[bbd25a9399b486417357d1d7ccdab0fde9ddd970cc2edbfce79e0e13040099d8e217e92a0fadfaac5ba954b38943806a123494760b638c06bca8ecd9edde8809
MySecretKey2
MySecretKey3
MySecretKey3
ff273d9e633186cf78344f84d30b7311984ef4da2d30ed2ecefd83fde1e690b673c65fa522d198ff689f17b32b1e3bc292a482c0cd1f1f006f12560d61ce7424
0d284c523a97c5a677d6451ad44dd3c0349c57b71a69f792fa9e425e493dd2d2914e44d92b8b6b88edef8198d69b8c2d13b3b5645103d7e6275700152dfcc61e
38c7b0d864d97b42ae8b65052effa3aca903c48ecb226cf9e2d1cfa3a5be88af102fb7197cbaeb6884bd63b96933e2646b13b604185b8278982a1dc44af0efb7
]]></system-out>
  <system-err><![CDATA[]]></system-err>
</testsuite>
