<?xml version="1.0" encoding="UTF-8"?>
<testsuite name="com.dotmarketing.portlets.osgi.AJAX.OSGIBaseAJAXTest" tests="3" skipped="0" failures="0" errors="0" timestamp="2023-06-30T20:13:37" hostname="fv-az456-372" time="0.057">
  <properties/>
  <testcase name="TestOnNullCallTheDefaultCommand" classname="com.dotmarketing.portlets.osgi.AJAX.OSGIBaseAJAXTest" time="0.041"/>
  <testcase name="TestNotAllowedCommands" classname="com.dotmarketing.portlets.osgi.AJAX.OSGIBaseAJAXTest" time="0.003"/>
  <testcase name="TestAllowedCommands" classname="com.dotmarketing.portlets.osgi.AJAX.OSGIBaseAJAXTest" time="0.013"/>
  <system-out><![CDATA[ Command ::  forbiddenMethod  on  class Mock for OSGIAJAX, hashCode: 857634390
 Command ::  getExtraPackages  on  class Mock for OSGIAJAX, hashCode: 1127085526
 Command ::  remove  on  class Mock for OSGIAJAX, hashCode: 1127085526
 Command ::  deploy  on  class Mock for OSGIAJAX, hashCode: 1127085526
 Command ::  modifyExtraPackages  on  class Mock for OSGIAJAX, hashCode: 1127085526
 Command ::  undeploy  on  class Mock for OSGIAJAX, hashCode: 1127085526
 Command ::  stop  on  class Mock for OSGIAJAX, hashCode: 1127085526
 Command ::  add  on  class Mock for OSGIAJAX, hashCode: 1127085526
 Command ::  start  on  class Mock for OSGIAJAX, hashCode: 1127085526
 Command ::  restart  on  class Mock for OSGIAJAX, hashCode: 1127085526
 Command ::  action  on  class Mock for OSGIAJAX, hashCode: 1127085526
]]></system-out>
  <system-err><![CDATA[]]></system-err>
</testsuite>
