<?xml version="1.0" encoding="UTF-8"?>
<testsuite name="com.dotcms.mock.MockResponseTest" tests="2" skipped="0" failures="0" errors="0" timestamp="2023-07-13T21:18:36" hostname="fv-az736-712" time="0.003">
  <properties/>
  <testcase name="testBaseRequest" classname="com.dotcms.mock.MockResponseTest" time="0.002"/>
  <testcase name="testHttpRequest" classname="com.dotcms.mock.MockResponseTest" time="0.0"/>
  <system-out><![CDATA[]]></system-out>
  <system-err><![CDATA[]]></system-err>
</testsuite>
