<?xml version="1.0" encoding="UTF-8"?>
<testsuite name="com.dotmarketing.portlets.osgi.AJAX.OSGIBaseAJAXTest" tests="3" skipped="0" failures="0" errors="0" timestamp="2023-07-12T18:58:01" hostname="fv-az809-670" time="0.087">
  <properties/>
  <testcase name="TestOnNullCallTheDefaultCommand" classname="com.dotmarketing.portlets.osgi.AJAX.OSGIBaseAJAXTest" time="0.066"/>
  <testcase name="TestNotAllowedCommands" classname="com.dotmarketing.portlets.osgi.AJAX.OSGIBaseAJAXTest" time="0.004"/>
  <testcase name="TestAllowedCommands" classname="com.dotmarketing.portlets.osgi.AJAX.OSGIBaseAJAXTest" time="0.016"/>
  <system-out><![CDATA[ Command ::  forbiddenMethod  on  class Mock for OSGIAJAX, hashCode: 103925647
 Command ::  action  on  class Mock for OSGIAJAX, hashCode: 1411574773
 Command ::  restart  on  class Mock for OSGIAJAX, hashCode: 1411574773
 Command ::  start  on  class Mock for OSGIAJAX, hashCode: 1411574773
 Command ::  add  on  class Mock for OSGIAJAX, hashCode: 1411574773
 Command ::  stop  on  class Mock for OSGIAJAX, hashCode: 1411574773
 Command ::  undeploy  on  class Mock for OSGIAJAX, hashCode: 1411574773
 Command ::  modifyExtraPackages  on  class Mock for OSGIAJAX, hashCode: 1411574773
 Command ::  deploy  on  class Mock for OSGIAJAX, hashCode: 1411574773
 Command ::  remove  on  class Mock for OSGIAJAX, hashCode: 1411574773
 Command ::  getExtraPackages  on  class Mock for OSGIAJAX, hashCode: 1411574773
]]></system-out>
  <system-err><![CDATA[]]></system-err>
</testsuite>
