<?xml version="1.0" encoding="UTF-8"?>
<testsuite name="com.dotcms.cube.CubeJSClientTest" tests="3" skipped="0" failures="0" errors="0" timestamp="2023-07-07T17:35:38" hostname="fv-az590-181" time="0.575">
  <properties/>
  <testcase name="sendWrongQuery" classname="com.dotcms.cube.CubeJSClientTest" time="0.053"/>
  <testcase name="sendAllOk" classname="com.dotcms.cube.CubeJSClientTest" time="0.495"/>
  <testcase name="http404" classname="com.dotcms.cube.CubeJSClientTest" time="0.022"/>
  <system-out><![CDATA[]]></system-out>
  <system-err><![CDATA[]]></system-err>
</testsuite>
