<?xml version="1.0" encoding="UTF-8"?>
<testsuite name="com.dotcms.util.pagination.SiteViewPaginatorUnitTest" tests="2" skipped="0" failures="0" errors="0" timestamp="2023-06-23T17:40:54" hostname="fv-az397-542" time="0.109">
  <properties/>
  <testcase name="Test_Get_Items_Sorted_Pages" classname="com.dotcms.util.pagination.SiteViewPaginatorUnitTest" time="0.083"/>
  <testcase name="Test_Get_Items_Page_Size" classname="com.dotcms.util.pagination.SiteViewPaginatorUnitTest" time="0.026"/>
  <system-out><![CDATA[SYSTEM_HOST
0
1
2
3
4
]]></system-out>
  <system-err><![CDATA[]]></system-err>
</testsuite>
