<?xml version="1.0" encoding="UTF-8"?>
<testsuite name="com.dotmarketing.portlets.osgi.AJAX.OSGIBaseAJAXTest" tests="3" skipped="0" failures="0" errors="0" timestamp="2023-06-24T01:59:38" hostname="fv-az562-927" time="0.059">
  <properties/>
  <testcase name="TestOnNullCallTheDefaultCommand" classname="com.dotmarketing.portlets.osgi.AJAX.OSGIBaseAJAXTest" time="0.04"/>
  <testcase name="TestNotAllowedCommands" classname="com.dotmarketing.portlets.osgi.AJAX.OSGIBaseAJAXTest" time="0.003"/>
  <testcase name="TestAllowedCommands" classname="com.dotmarketing.portlets.osgi.AJAX.OSGIBaseAJAXTest" time="0.015"/>
  <system-out><![CDATA[ Command ::  forbiddenMethod  on  class Mock for OSGIAJAX, hashCode: 529407292
 Command ::  action  on  class Mock for OSGIAJAX, hashCode: 1268965863
 Command ::  restart  on  class Mock for OSGIAJAX, hashCode: 1268965863
 Command ::  start  on  class Mock for OSGIAJAX, hashCode: 1268965863
 Command ::  add  on  class Mock for OSGIAJAX, hashCode: 1268965863
 Command ::  stop  on  class Mock for OSGIAJAX, hashCode: 1268965863
 Command ::  undeploy  on  class Mock for OSGIAJAX, hashCode: 1268965863
 Command ::  modifyExtraPackages  on  class Mock for OSGIAJAX, hashCode: 1268965863
 Command ::  deploy  on  class Mock for OSGIAJAX, hashCode: 1268965863
 Command ::  remove  on  class Mock for OSGIAJAX, hashCode: 1268965863
 Command ::  getExtraPackages  on  class Mock for OSGIAJAX, hashCode: 1268965863
]]></system-out>
  <system-err><![CDATA[]]></system-err>
</testsuite>
