<?xml version="1.0" encoding="UTF-8"?>
<testsuite name="com.dotcms.filters.interceptor.jwt.JsonWebTokenInterceptorTest" tests="3" skipped="0" failures="0" errors="0" timestamp="2023-07-13T19:47:31" hostname="fv-az359-855" time="0.229">
  <properties/>
  <testcase name="interceptLoggedUserTest" classname="com.dotcms.filters.interceptor.jwt.JsonWebTokenInterceptorTest" time="0.204"/>
  <testcase name="interceptOnNonHttpsTest" classname="com.dotcms.filters.interceptor.jwt.JsonWebTokenInterceptorTest" time="0.003"/>
  <testcase name="interceptNonAccessTokenTest" classname="com.dotcms.filters.interceptor.jwt.JsonWebTokenInterceptorTest" time="0.019"/>
  <system-out><![CDATA[Gettings cookies
]]></system-out>
  <system-err><![CDATA[]]></system-err>
</testsuite>
