<?xml version="1.0" encoding="UTF-8"?>
<testsuite name="com.dotcms.util.pagination.SitePaginatorTest" tests="6" skipped="0" failures="0" errors="0" timestamp="2023-07-10T17:47:19" hostname="fv-az809-345" time="0.165">
  <properties/>
  <testcase name="testGetItemsWithStoppedAndArchived" classname="com.dotcms.util.pagination.SitePaginatorTest" time="0.151"/>
  <testcase name="testGetItems" classname="com.dotcms.util.pagination.SitePaginatorTest" time="0.001"/>
  <testcase name="testGetItemsWithStopped" classname="com.dotcms.util.pagination.SitePaginatorTest" time="0.001"/>
  <testcase name="testGetItemsWithSystem" classname="com.dotcms.util.pagination.SitePaginatorTest" time="0.001"/>
  <testcase name="test_GetItems_StoppedAndLiveSites" classname="com.dotcms.util.pagination.SitePaginatorTest" time="0.001"/>
  <testcase name="testGetItemsWithArchived" classname="com.dotcms.util.pagination.SitePaginatorTest" time="0.001"/>
  <system-out><![CDATA[]]></system-out>
  <system-err><![CDATA[]]></system-err>
</testsuite>
