<?xml version="1.0" encoding="UTF-8"?>
<testsuite name="com.dotcms.auth.providers.jwt.factories.SecretKeySpecFactoryTest" tests="1" skipped="0" failures="0" errors="0" timestamp="2023-07-11T13:29:50" hostname="fv-az1032-278" time="1.649">
  <properties/>
  <testcase name="readAndPrepareSecret" classname="com.dotcms.auth.providers.jwt.factories.SecretKeySpecFactoryTest" time="1.649"/>
  <system-out><![CDATA[6d8de2e096b8358613601f05858f93857888466261c64058072a90623b1880ff348f11a535363e6c7f9307116b828c1654161ea46b4b7626fbfdd1815dad2cc9
MySecretKey2
MySecretKey3
MySecretKey3
4c1755a631f7d2cd1dd1992864aafbb7db61020805b7824460aafb0045eab85a6b4e9a82f0868e344e62a9fd018474c889f6e8ccb6b3ba69f261939a0637323f
1fed549ad86c2aa988bf1e3be99bac08f8a333e2dc3027cf048c296bd0eebf980a1c37a4dc16311aa737c5133483fde6de935a1eebcb09d4397ef70c507882c0
c8f4886107e4658830e28e74fd171bd3e2cd04d27b31d5dfc70e7dbfd6d11b09b2d457754c642556f00c111f1adec6bce5ba609625fdba4145e26945e7ab2565
]]></system-out>
  <system-err><![CDATA[]]></system-err>
</testsuite>
