<?xml version="1.0" encoding="UTF-8"?>
<testsuite name="com.dotcms.auth.providers.jwt.factories.SecretKeySpecFactoryTest" tests="1" skipped="0" failures="0" errors="0" timestamp="2023-06-30T04:21:55" hostname="fv-az447-885" time="1.653">
  <properties/>
  <testcase name="readAndPrepareSecret" classname="com.dotcms.auth.providers.jwt.factories.SecretKeySpecFactoryTest" time="1.653"/>
  <system-out><![CDATA[a2954f2e6842f65027db6da074099510cb1de535b80653622b580bf05617426a052c6fe768174f06c95eea99740d65acf7ea6169debe4373c867d19d50d4ee4d
MySecretKey2
MySecretKey3
MySecretKey3
92c079b21634117c2f67e1e605df4adba99a946e91ae3d12e30006372e88953374cbae0a115f96100a41e49a96c81e189f0598080c452ee4921734c969aa2e30
9180f00c6b72bcffc1dc4107c25b416be669041c4b50ce378afd89de6bc14860f1f1ca181cc1c22ce277208eaf54da37c05082d974682b27541af51d270ddcd9
5df6a8c9db072fa87ab37405dfaeef8c9bdb6233a91c809c16e4620a7aeb6d88aa7f9ba2f95f04045b75e42d71ffcf538ceb70a244cd79278dd4bb8ad28eecde
]]></system-out>
  <system-err><![CDATA[]]></system-err>
</testsuite>
