<?xml version="1.0" encoding="UTF-8"?>
<testsuite name="com.dotcms.util.diff.DiffCommandTest" tests="2" skipped="0" failures="0" errors="0" timestamp="2023-07-17T15:23:47" hostname="fv-az1243-755" time="0.004">
  <properties/>
  <testcase name="applyDiff_Comparable" classname="com.dotcms.util.diff.DiffCommandTest" time="0.004"/>
  <testcase name="applyDiff_Differentiable" classname="com.dotcms.util.diff.DiffCommandTest" time="0.0"/>
  <system-out><![CDATA[{six=six, five=five}
{two=two}
{four=fourxxx, one=onexxx}
{six=com.dotcms.util.diff.DiffCommandTest$StringDifferentiable@26cf239e, five=com.dotcms.util.diff.DiffCommandTest$StringDifferentiable@1276205c}
{two=com.dotcms.util.diff.DiffCommandTest$StringDifferentiable@29855559}
{four=com.dotcms.util.diff.DiffCommandTest$StringDifferentiable@7cc47585, one=com.dotcms.util.diff.DiffCommandTest$StringDifferentiable@23487a50}
]]></system-out>
  <system-err><![CDATA[]]></system-err>
</testsuite>
