<?xml version="1.0" encoding="UTF-8"?>
<testsuite name="com.dotcms.auth.providers.jwt.factories.SecretKeySpecFactoryTest" tests="1" skipped="0" failures="0" errors="0" timestamp="2023-07-17T18:50:07" hostname="fv-az456-965" time="1.256">
  <properties/>
  <testcase name="readAndPrepareSecret" classname="com.dotcms.auth.providers.jwt.factories.SecretKeySpecFactoryTest" time="1.256"/>
  <system-out><![CDATA[b7f68ddfa86ae48b8116c0ecb44c1de20cdd909397581ef5dff1b3fefe76c7dee6d2491cdfdf3ac28536b00905d1e2a68f023bbbb06b15b1bc649378775997cd
MySecretKey2
MySecretKey3
MySecretKey3
356af5f4af6ad9df8048751fb79e044ce8af5c02c4d1106a942b9e22bd8a293ed8bb75d3c987e1157718fa73c59e962723c7df8f4c8ffc5cabc5b1c55fc9ca90
795a8b335746de45ecd2055dd6c0f2d843256503ae84908f58a9f4c5d02c47872f99087ee72443cacc5f712c0862d9b3d7e4e02cf8318d15df6bd2788de94455
79863bff80a17283d5d173de7dc50a34c764c8e472ba6a85ae4c8a3fd70e8910a732ebaca2c050c5ba736d4201075fd2e641dff1044a0576a1aa39671b204724
]]></system-out>
  <system-err><![CDATA[]]></system-err>
</testsuite>
