<?xml version="1.0" encoding="UTF-8"?>
<testsuite name="com.dotcms.auth.providers.jwt.factories.SecretKeySpecFactoryTest" tests="1" skipped="0" failures="0" errors="0" timestamp="2023-07-12T18:35:37" hostname="fv-az955-357" time="1.282">
  <properties/>
  <testcase name="readAndPrepareSecret" classname="com.dotcms.auth.providers.jwt.factories.SecretKeySpecFactoryTest" time="1.282"/>
  <system-out><![CDATA[242f6a368868bc261c13a308637e048f7908b2efed4dc2def160dc58a9b1b235bdf9f5d56d5b07013bca64a8501fdc6e4e0372b3792404f51793f1ab08edc4c0
MySecretKey2
MySecretKey3
MySecretKey3
7023a2d2a4c07cc48056600154dff60060e22d37f403f3d7ad39108829a057291582878b62679d03814273844c942ad73b1be42c38854953ae502f7f7a53cf35
829863bae96491c273856046c884fbf667a14dc83728a846e1c1e4f4d3ae92b6cece3f547784232dee1d07d8f7ff882ac4164ba9c9c1524e65a07d538687f29f
903971acf892f0c4add50682edf8cf49267bcd1a2dd21c1439833dde314344412f612dbc2db7d083128c0141822b957c76ae4b3c6f5452827fe89e59423df2f9
]]></system-out>
  <system-err><![CDATA[]]></system-err>
</testsuite>
