<?xml version="1.0" encoding="UTF-8"?>
<testsuite name="com.dotmarketing.portlets.workflows.ajax.WfBaseActionTest" tests="3" skipped="0" failures="0" errors="0" timestamp="2023-06-29T21:26:40" hostname="fv-az586-632" time="0.291">
  <properties/>
  <testcase name="TestOnNullCallTheDefaultCommand" classname="com.dotmarketing.portlets.workflows.ajax.WfBaseActionTest" time="0.2"/>
  <testcase name="TestNotAllowedCommands" classname="com.dotmarketing.portlets.workflows.ajax.WfBaseActionTest" time="0.043"/>
  <testcase name="TestAllowedCommands" classname="com.dotmarketing.portlets.workflows.ajax.WfBaseActionTest" time="0.048"/>
  <system-out><![CDATA[ Command ::  forbiddenMethod  on  class Mock for WfTaskAjax, hashCode: 86635671
 Command ::  forbiddenMethod  on  class Mock for WfActionAjax, hashCode: 1615765679
 Command ::  forbiddenMethod  on  class Mock for WfRoleStoreAjax, hashCode: 600505767
 Command ::  forbiddenMethod  on  class Mock for WfActionClassAjax, hashCode: 479261321
 Command ::  forbiddenMethod  on  class Mock for WfSchemeAjax, hashCode: 1749307135
 Command ::  action  on  class Mock for WfTaskAjax, hashCode: 166326165
 Command ::  executeActions  on  class Mock for WfTaskAjax, hashCode: 166326165
 Command ::  executeAction  on  class Mock for WfTaskAjax, hashCode: 166326165
 Command ::  save  on  class Mock for WfActionAjax, hashCode: 1108844701
 Command ::  deleteActionForStep  on  class Mock for WfActionAjax, hashCode: 1108844701
 Command ::  add  on  class Mock for WfActionAjax, hashCode: 1108844701
 Command ::  action  on  class Mock for WfActionAjax, hashCode: 1108844701
 Command ::  reorder  on  class Mock for WfActionAjax, hashCode: 1108844701
 Command ::  delete  on  class Mock for WfActionAjax, hashCode: 1108844701
 Command ::  action  on  class Mock for WfRoleStoreAjax, hashCode: 1516644831
 Command ::  rolesToJson  on  class Mock for WfRoleStoreAjax, hashCode: 1516644831
 Command ::  assignable  on  class Mock for WfRoleStoreAjax, hashCode: 1516644831
 Command ::  add  on  class Mock for WfActionClassAjax, hashCode: 812209147
 Command ::  save  on  class Mock for WfActionClassAjax, hashCode: 812209147
 Command ::  delete  on  class Mock for WfActionClassAjax, hashCode: 812209147
 Command ::  reorder  on  class Mock for WfActionClassAjax, hashCode: 812209147
 Command ::  action  on  class Mock for WfActionClassAjax, hashCode: 812209147
 Command ::  action  on  class Mock for WfSchemeAjax, hashCode: 57465301
 Command ::  save  on  class Mock for WfSchemeAjax, hashCode: 57465301
]]></system-out>
  <system-err><![CDATA[]]></system-err>
</testsuite>
