<?xml version="1.0" encoding="UTF-8"?>
<testsuite name="com.dotmarketing.portlets.osgi.AJAX.OSGIBaseAJAXTest" tests="3" skipped="0" failures="0" errors="0" timestamp="2023-07-11T16:57:46" hostname="fv-az615-69" time="0.152">
  <properties/>
  <testcase name="TestOnNullCallTheDefaultCommand" classname="com.dotmarketing.portlets.osgi.AJAX.OSGIBaseAJAXTest" time="0.075"/>
  <testcase name="TestNotAllowedCommands" classname="com.dotmarketing.portlets.osgi.AJAX.OSGIBaseAJAXTest" time="0.018"/>
  <testcase name="TestAllowedCommands" classname="com.dotmarketing.portlets.osgi.AJAX.OSGIBaseAJAXTest" time="0.059"/>
  <system-out><![CDATA[ Command ::  forbiddenMethod  on  class Mock for OSGIAJAX, hashCode: 868885422
 Command ::  action  on  class Mock for OSGIAJAX, hashCode: 1626162695
 Command ::  getExtraPackages  on  class Mock for OSGIAJAX, hashCode: 1626162695
 Command ::  remove  on  class Mock for OSGIAJAX, hashCode: 1626162695
 Command ::  deploy  on  class Mock for OSGIAJAX, hashCode: 1626162695
 Command ::  modifyExtraPackages  on  class Mock for OSGIAJAX, hashCode: 1626162695
 Command ::  undeploy  on  class Mock for OSGIAJAX, hashCode: 1626162695
 Command ::  stop  on  class Mock for OSGIAJAX, hashCode: 1626162695
 Command ::  add  on  class Mock for OSGIAJAX, hashCode: 1626162695
 Command ::  start  on  class Mock for OSGIAJAX, hashCode: 1626162695
 Command ::  restart  on  class Mock for OSGIAJAX, hashCode: 1626162695
]]></system-out>
  <system-err><![CDATA[]]></system-err>
</testsuite>
