<?xml version="1.0" encoding="UTF-8"?>
<testsuite name="com.dotcms.auth.providers.jwt.factories.SecretKeySpecFactoryTest" tests="1" skipped="0" failures="0" errors="0" timestamp="2023-06-28T02:45:25" hostname="fv-az575-595" time="1.251">
  <properties/>
  <testcase name="readAndPrepareSecret" classname="com.dotcms.auth.providers.jwt.factories.SecretKeySpecFactoryTest" time="1.251"/>
  <system-out><![CDATA[12b24fbd89bb705a37f88074b7c94d98b4f2860489a8af73cf09301a432eeba19cea38ae4252566cd8af68347bfc457f75e7f0f8aad1942257a6bb39b2de50ec
MySecretKey2
MySecretKey3
MySecretKey3
ab48dd2625fd46c378bf6ce4404e0a01de51bf9458b817fc4779a24d965019c3c543da9735c91fafc4d1f3c6c92a4fe885edfaa14bc0919e6b19983916087eac
2b099ab6006ded731f0f47523026260bb122b8b8d4fb8bb71d5b66a04a82074fbfdad4c215b729f4f19cc5862be8ad691f6006d9861946a35697cd274c0be703
f509c47ed963cffa8123fce3e33fa361e42a4ed963b27e031bb49ebc17bb2767a37dd9b8ad075f65effe9a5595c6b254f847dbbbff1c766de715d5d5e25fc529
]]></system-out>
  <system-err><![CDATA[]]></system-err>
</testsuite>
