<?xml version="1.0" encoding="UTF-8"?>
<testsuite name="com.dotmarketing.portlets.contentlet.model.ResourceLinkTest" tests="9" skipped="0" failures="0" errors="0" timestamp="2023-07-12T16:00:12" hostname="fv-az559-241" time="0.111">
  <properties/>
  <testcase name="test_newContentlet_withAdminUser_expectEmptyLink" classname="com.dotmarketing.portlets.contentlet.model.ResourceLinkTest" time="0.009"/>
  <testcase name="test_html_ResourceLink_Expect_Downloadable_Secure_Site_Port_Number" classname="com.dotmarketing.portlets.contentlet.model.ResourceLinkTest" time="0.057"/>
  <testcase name="test_vm_ResourceLink_With_LimitedUser_ExpectRestricted_NoPortNumber" classname="com.dotmarketing.portlets.contentlet.model.ResourceLinkTest" time="0.013"/>
  <testcase name="test_new_contentlet_limited_user_expect_empty_link" classname="com.dotmarketing.portlets.contentlet.model.ResourceLinkTest" time="0.002"/>
  <testcase name="test_vtl_ResourceLink_WithLimitedUser_Expect_Downloadable_No_Port_Number" classname="com.dotmarketing.portlets.contentlet.model.ResourceLinkTest" time="0.003"/>
  <testcase name="test_new_contentlet_no_inode" classname="com.dotmarketing.portlets.contentlet.model.ResourceLinkTest" time="0.001"/>
  <testcase name="test_Html_ResourceLink_Expect_Downloadable_No_Port_Number" classname="com.dotmarketing.portlets.contentlet.model.ResourceLinkTest" time="0.011"/>
  <testcase name="test_vtl_ResourceLink_WithAdminUser_Expect_Downloadable_No_Port_Number" classname="com.dotmarketing.portlets.contentlet.model.ResourceLinkTest" time="0.003"/>
  <testcase name="test_vm_ResourceLink_With_Admin_User_Expect_Downloadable_NoPortNumber" classname="com.dotmarketing.portlets.contentlet.model.ResourceLinkTest" time="0.011"/>
  <system-out><![CDATA[]]></system-out>
  <system-err><![CDATA[]]></system-err>
</testsuite>
