<?xml version="1.0" encoding="UTF-8"?>
<testsuite name="com.dotcms.auth.providers.jwt.factories.SecretKeySpecFactoryTest" tests="1" skipped="0" failures="0" errors="0" timestamp="2023-07-11T15:22:26" hostname="fv-az442-77" time="2.154">
  <properties/>
  <testcase name="readAndPrepareSecret" classname="com.dotcms.auth.providers.jwt.factories.SecretKeySpecFactoryTest" time="2.154"/>
  <system-out><![CDATA[4ba460e56a976f218861cad1b3e8c9a4a33248a71f6e6f1efed507879bee63788e77a1d7807244c3dce912f2b0ea2d99170fc384979fe3e952a36c47f0d929b9
MySecretKey2
MySecretKey3
MySecretKey3
1d28e674c3fd114b94c43b94e3156191d4346172e424f286fdccc4bc602602a27e633c1ca638f11f90d55ffd51c237424015fe6e395cd03ae8ce5d2d451446ad
b9c11659213c05d49aeb461b2317e27307460b6936dc2adb3af6242419b955a6017f7145e7ef9617e402aa3324cd9cd678a0ad938e05a4b1931e2cca164228be
80992dbed18cd5c80994fdbd720c0d2780cd954aa89c6135afc8e62dc4a3418e3284c79cbd4ac0e38e70bdf038d1c855ee59db5b69c8dd507b1b65c8ad6c7e6c
]]></system-out>
  <system-err><![CDATA[]]></system-err>
</testsuite>
