<?xml version="1.0" encoding="UTF-8"?>
<testsuite name="com.dotcms.util.pagination.SiteViewPaginatorUnitTest" tests="2" skipped="0" failures="0" errors="0" timestamp="2023-06-30T21:42:43" hostname="fv-az790-106" time="0.113">
  <properties/>
  <testcase name="Test_Get_Items_Sorted_Pages" classname="com.dotcms.util.pagination.SiteViewPaginatorUnitTest" time="0.087"/>
  <testcase name="Test_Get_Items_Page_Size" classname="com.dotcms.util.pagination.SiteViewPaginatorUnitTest" time="0.025"/>
  <system-out><![CDATA[SYSTEM_HOST
0
1
2
4
6
7
8
]]></system-out>
  <system-err><![CDATA[]]></system-err>
</testsuite>
