<?xml version="1.0" encoding="UTF-8"?>
<testsuite name="com.dotcms.util.diff.DiffCommandTest" tests="2" skipped="0" failures="0" errors="0" timestamp="2023-06-30T04:24:25" hostname="fv-az447-885" time="0.01">
  <properties/>
  <testcase name="applyDiff_Comparable" classname="com.dotcms.util.diff.DiffCommandTest" time="0.008"/>
  <testcase name="applyDiff_Differentiable" classname="com.dotcms.util.diff.DiffCommandTest" time="0.002"/>
  <system-out><![CDATA[{six=six, five=five}
{two=two}
{four=fourxxx, one=onexxx}
{six=com.dotcms.util.diff.DiffCommandTest$StringDifferentiable@5bf4d80f, five=com.dotcms.util.diff.DiffCommandTest$StringDifferentiable@44902142}
{two=com.dotcms.util.diff.DiffCommandTest$StringDifferentiable@4236e1c}
{four=com.dotcms.util.diff.DiffCommandTest$StringDifferentiable@51e7dd81, one=com.dotcms.util.diff.DiffCommandTest$StringDifferentiable@2c2e4312}
]]></system-out>
  <system-err><![CDATA[]]></system-err>
</testsuite>
