<?xml version="1.0" encoding="UTF-8"?>
<testsuite name="com.dotcms.auth.providers.jwt.factories.SecretKeySpecFactoryTest" tests="1" skipped="0" failures="0" errors="0" timestamp="2023-06-29T17:29:21" hostname="fv-az1125-668" time="2.047">
  <properties/>
  <testcase name="readAndPrepareSecret" classname="com.dotcms.auth.providers.jwt.factories.SecretKeySpecFactoryTest" time="2.047"/>
  <system-out><![CDATA[373f8fb31eeabe663f95c3af5cd9984465bc29d1082c7f7c1717b28c918639a64403159f307169e05ba172794faa3211889c904371bce6e8e6af533292fadd74
MySecretKey2
MySecretKey3
MySecretKey3
810c783bf5bf72c03e2ef4016317fece6033f3f64a649d17ad6728c116cbe246ba7bd7279df9056d74b1f98ccba4274e104dae36dc5b900aed4d563e9355ce34
fcb2c0fd9df46e87059bbcf08f8b16fe0321c6ba9942304b5e984829da8b66e21e8f9538d7c2c4f51b8439c26812b46b64a8ebe0c60dec90c150d804c59f6eb7
5e19783fefbf79ef30ab844bab8114ea05a16ff95edd1c7f5de56be1654ff2df0e1f6fe8b1b73e2e8baf530ae6c33c3dee9db7f3dbba38c2671d2142b68b3fab
]]></system-out>
  <system-err><![CDATA[]]></system-err>
</testsuite>
