<?xml version="1.0" encoding="UTF-8"?>
<testsuite name="com.dotmarketing.portlets.workflows.ajax.WfBaseActionTest" tests="3" skipped="0" failures="0" errors="0" timestamp="2023-07-14T22:25:34" hostname="fv-az452-391" time="0.172">
  <properties/>
  <testcase name="TestOnNullCallTheDefaultCommand" classname="com.dotmarketing.portlets.workflows.ajax.WfBaseActionTest" time="0.133"/>
  <testcase name="TestNotAllowedCommands" classname="com.dotmarketing.portlets.workflows.ajax.WfBaseActionTest" time="0.017"/>
  <testcase name="TestAllowedCommands" classname="com.dotmarketing.portlets.workflows.ajax.WfBaseActionTest" time="0.021"/>
  <system-out><![CDATA[ Command ::  forbiddenMethod  on  class Mock for WfSchemeAjax, hashCode: 104207635
 Command ::  forbiddenMethod  on  class Mock for WfRoleStoreAjax, hashCode: 1076220011
 Command ::  forbiddenMethod  on  class Mock for WfActionClassAjax, hashCode: 677958822
 Command ::  forbiddenMethod  on  class Mock for WfTaskAjax, hashCode: 1839191304
 Command ::  forbiddenMethod  on  class Mock for WfActionAjax, hashCode: 465820913
 Command ::  save  on  class Mock for WfSchemeAjax, hashCode: 886083976
 Command ::  action  on  class Mock for WfSchemeAjax, hashCode: 886083976
 Command ::  action  on  class Mock for WfRoleStoreAjax, hashCode: 1136383224
 Command ::  assignable  on  class Mock for WfRoleStoreAjax, hashCode: 1136383224
 Command ::  rolesToJson  on  class Mock for WfRoleStoreAjax, hashCode: 1136383224
 Command ::  add  on  class Mock for WfActionClassAjax, hashCode: 1973054972
 Command ::  action  on  class Mock for WfActionClassAjax, hashCode: 1973054972
 Command ::  reorder  on  class Mock for WfActionClassAjax, hashCode: 1973054972
 Command ::  delete  on  class Mock for WfActionClassAjax, hashCode: 1973054972
 Command ::  save  on  class Mock for WfActionClassAjax, hashCode: 1973054972
 Command ::  executeActions  on  class Mock for WfTaskAjax, hashCode: 2001102581
 Command ::  action  on  class Mock for WfTaskAjax, hashCode: 2001102581
 Command ::  executeAction  on  class Mock for WfTaskAjax, hashCode: 2001102581
 Command ::  delete  on  class Mock for WfActionAjax, hashCode: 133222880
 Command ::  reorder  on  class Mock for WfActionAjax, hashCode: 133222880
 Command ::  action  on  class Mock for WfActionAjax, hashCode: 133222880
 Command ::  add  on  class Mock for WfActionAjax, hashCode: 133222880
 Command ::  deleteActionForStep  on  class Mock for WfActionAjax, hashCode: 133222880
 Command ::  save  on  class Mock for WfActionAjax, hashCode: 133222880
]]></system-out>
  <system-err><![CDATA[]]></system-err>
</testsuite>
