<?xml version="1.0" encoding="UTF-8"?>
<testsuite name="com.dotcms.security.ContentSecurityPolicyUtilTest" tests="7" skipped="0" failures="0" errors="0" timestamp="2023-07-18T17:03:26" hostname="fv-az805-899" time="0.029">
  <properties/>
  <testcase name="calculateContentSecurityPolicyWithStyleBlocks" classname="com.dotcms.security.ContentSecurityPolicyUtilTest" time="0.016"/>
  <testcase name="calculateContentSecurityPolicyWithSciptBlocks" classname="com.dotcms.security.ContentSecurityPolicyUtilTest" time="0.002"/>
  <testcase name="noCalculateContentSecurityPolicyWHenPageModeIsDifferentThanLIVE" classname="com.dotcms.security.ContentSecurityPolicyUtilTest" time="0.001"/>
  <testcase name="calculateContentSecurityPolicyWithNoStyleBlocks" classname="com.dotcms.security.ContentSecurityPolicyUtilTest" time="0.0"/>
  <testcase name="calculateContentSecurityPolicyWithMoreThanOneStyleBlocks" classname="com.dotcms.security.ContentSecurityPolicyUtilTest" time="0.0"/>
  <testcase name="calculateContentSecurityPolicyWithNoSciptBlocks" classname="com.dotcms.security.ContentSecurityPolicyUtilTest" time="0.001"/>
  <testcase name="calculateContentSecurityPolicyWithMoreThanOneSciptBlocks" classname="com.dotcms.security.ContentSecurityPolicyUtilTest" time="0.008"/>
  <system-out><![CDATA[]]></system-out>
  <system-err><![CDATA[]]></system-err>
</testsuite>
