<?xml version="1.0" encoding="UTF-8"?>
<testsuite name="com.dotcms.auth.providers.jwt.factories.SecretKeySpecFactoryTest" tests="1" skipped="0" failures="0" errors="0" timestamp="2023-07-19T20:21:57" hostname="fv-az488-38" time="1.584">
  <properties/>
  <testcase name="readAndPrepareSecret" classname="com.dotcms.auth.providers.jwt.factories.SecretKeySpecFactoryTest" time="1.584"/>
  <system-out><![CDATA[9fb869e082cc15cff056ff915c6f677318d7c661a33525c93262bc37db1775019823712f326f2fe044e45b5add0f51d40a594444f04f50a027a5123ff13d9d54
MySecretKey2
MySecretKey3
MySecretKey3
25af7fd719e1d90354fd6635b5d9115a10c4e8fc569263a25de2194810825d71dc87225f5afc0b8fdce53e6d6fe0cd1535c0328650c78705bcf9f4c71ee6cd9d
0d9f3a9f7e5987e96f3c4232d8e4599840149c71a222c8b45e5f79fdb596b65f78631250e246398295d99eff12a35f916cd795c09bfc3153cd476d06a156524e
7769d399b37804d6325c6b3b2da329fae0147adad4ce1c49e3131bd2f15fc6a5133f8b0a2ed8860e8bc059bd2fd4e9043935e27648cb13a30bf1a10562262e3b
]]></system-out>
  <system-err><![CDATA[]]></system-err>
</testsuite>
