<?xml version="1.0" encoding="UTF-8"?>
<testsuite name="com.dotcms.util.diff.DiffCommandTest" tests="2" skipped="0" failures="0" errors="0" timestamp="2023-06-27T16:27:58" hostname="fv-az555-891" time="0.007">
  <properties/>
  <testcase name="applyDiff_Comparable" classname="com.dotcms.util.diff.DiffCommandTest" time="0.004"/>
  <testcase name="applyDiff_Differentiable" classname="com.dotcms.util.diff.DiffCommandTest" time="0.001"/>
  <system-out><![CDATA[{six=six, five=five}
{two=two}
{four=fourxxx, one=onexxx}
{six=com.dotcms.util.diff.DiffCommandTest$StringDifferentiable@668246ca, five=com.dotcms.util.diff.DiffCommandTest$StringDifferentiable@4a3e8e38}
{two=com.dotcms.util.diff.DiffCommandTest$StringDifferentiable@1280f8c8}
{four=com.dotcms.util.diff.DiffCommandTest$StringDifferentiable@68029970, one=com.dotcms.util.diff.DiffCommandTest$StringDifferentiable@1cc226ac}
]]></system-out>
  <system-err><![CDATA[]]></system-err>
</testsuite>
