<?xml version="1.0" encoding="UTF-8"?>
<testsuite name="com.dotcms.auth.providers.jwt.factories.SecretKeySpecFactoryTest" tests="1" skipped="0" failures="0" errors="0" timestamp="2023-07-13T19:38:41" hostname="fv-az879-460" time="1.81">
  <properties/>
  <testcase name="readAndPrepareSecret" classname="com.dotcms.auth.providers.jwt.factories.SecretKeySpecFactoryTest" time="1.81"/>
  <system-out><![CDATA[c21589fedf892ed70d79a0767e77d50e1a9ba25cbf7146e8cc669585dea879d1dcdfa11d1390fbc3b323d279f2c848fafc953711311e9a6797a68c197a83b802
MySecretKey2
MySecretKey3
MySecretKey3
eab9e9b8978f3fae1ca0bf92e75b119d9ec170fb2217b420c08dde55a4aec2400a0f47e2186fa357ec97e2fb64117f41eb6e01b88b98df9be5eb8b39b1a1cff9
094074625fb3a23dccf0e91bc8365a7269ea0ac2722bf543b2f4972f972f944198d85f04276ed5d2a23682bad24a0ae856c7c77aa2cadb6639a2965901a05b4f
405a5a07676c8a34359bcfa4f61f6e480d9cd3a4bafd37f6e07ecd998a4ba5029a4d71701d90c04e63302a345583325268bb4efe773138d767395d1ae54eb1b1
]]></system-out>
  <system-err><![CDATA[]]></system-err>
</testsuite>
