<?xml version="1.0" encoding="UTF-8"?>
<testsuite name="com.dotmarketing.portlets.workflows.ajax.WfBaseActionTest" tests="3" skipped="0" failures="0" errors="0" timestamp="2023-07-05T16:52:51" hostname="fv-az615-773" time="0.18">
  <properties/>
  <testcase name="TestOnNullCallTheDefaultCommand" classname="com.dotmarketing.portlets.workflows.ajax.WfBaseActionTest" time="0.145"/>
  <testcase name="TestNotAllowedCommands" classname="com.dotmarketing.portlets.workflows.ajax.WfBaseActionTest" time="0.011"/>
  <testcase name="TestAllowedCommands" classname="com.dotmarketing.portlets.workflows.ajax.WfBaseActionTest" time="0.024"/>
  <system-out><![CDATA[ Command ::  forbiddenMethod  on  class Mock for WfActionAjax, hashCode: 459097948
 Command ::  forbiddenMethod  on  class Mock for WfTaskAjax, hashCode: 49429726
 Command ::  forbiddenMethod  on  class Mock for WfSchemeAjax, hashCode: 1922532942
 Command ::  forbiddenMethod  on  class Mock for WfActionClassAjax, hashCode: 639369579
 Command ::  forbiddenMethod  on  class Mock for WfRoleStoreAjax, hashCode: 1632176863
 Command ::  save  on  class Mock for WfActionAjax, hashCode: 1284944729
 Command ::  delete  on  class Mock for WfActionAjax, hashCode: 1284944729
 Command ::  reorder  on  class Mock for WfActionAjax, hashCode: 1284944729
 Command ::  action  on  class Mock for WfActionAjax, hashCode: 1284944729
 Command ::  add  on  class Mock for WfActionAjax, hashCode: 1284944729
 Command ::  deleteActionForStep  on  class Mock for WfActionAjax, hashCode: 1284944729
 Command ::  executeAction  on  class Mock for WfTaskAjax, hashCode: 143433608
 Command ::  executeActions  on  class Mock for WfTaskAjax, hashCode: 143433608
 Command ::  action  on  class Mock for WfTaskAjax, hashCode: 143433608
 Command ::  save  on  class Mock for WfSchemeAjax, hashCode: 1484660777
 Command ::  action  on  class Mock for WfSchemeAjax, hashCode: 1484660777
 Command ::  add  on  class Mock for WfActionClassAjax, hashCode: 1396304021
 Command ::  action  on  class Mock for WfActionClassAjax, hashCode: 1396304021
 Command ::  reorder  on  class Mock for WfActionClassAjax, hashCode: 1396304021
 Command ::  delete  on  class Mock for WfActionClassAjax, hashCode: 1396304021
 Command ::  save  on  class Mock for WfActionClassAjax, hashCode: 1396304021
 Command ::  action  on  class Mock for WfRoleStoreAjax, hashCode: 1135967597
 Command ::  assignable  on  class Mock for WfRoleStoreAjax, hashCode: 1135967597
 Command ::  rolesToJson  on  class Mock for WfRoleStoreAjax, hashCode: 1135967597
]]></system-out>
  <system-err><![CDATA[]]></system-err>
</testsuite>
