<?xml version="1.0" encoding="UTF-8"?>
<testsuite name="com.dotcms.auth.providers.jwt.factories.SecretKeySpecFactoryTest" tests="1" skipped="0" failures="0" errors="0" timestamp="2023-06-22T18:38:15" hostname="fv-az357-576" time="1.54">
  <properties/>
  <testcase name="readAndPrepareSecret" classname="com.dotcms.auth.providers.jwt.factories.SecretKeySpecFactoryTest" time="1.54"/>
  <system-out><![CDATA[72be7f2a9b1a8faaa7cef6297e3df7b605335c8f5ef3ec667724b58d1f3ae18315938db86eebfdd05dcf82a2f48044cb37e62c7cb9e2f87b95e86ff95972311b
MySecretKey2
MySecretKey3
MySecretKey3
d53323a604dd4550bf9b78af3500e25650464e46aff991a33876a330700352648cf4f4a8f9608982d4884826fa4af293ba15b69ef45ad1c3abb11d28e5bcf935
4d21d725a50b485aaf06592ad17d08421bf9e1494e3584a0b0285ca846b41421b76034ccd598750f99e851be1a531d7cc20242791bc19ac67f3b4cdfbac4ef2c
a3a1cb30c81ba2fa8e4c7f95052d0188e3e81228aecce71514d32928e0171139a8e8a92944c74aadc18f02cbd9b0732b4b4a561f90e9b9e4b4df5c10e676d374
]]></system-out>
  <system-err><![CDATA[]]></system-err>
</testsuite>
