<?xml version="1.0" encoding="UTF-8"?>
<testsuite name="com.dotcms.util.pagination.SiteViewPaginatorUnitTest" tests="2" skipped="0" failures="0" errors="0" timestamp="2023-06-27T19:57:17" hostname="fv-az280-259" time="0.105">
  <properties/>
  <testcase name="Test_Get_Items_Sorted_Pages" classname="com.dotcms.util.pagination.SiteViewPaginatorUnitTest" time="0.077"/>
  <testcase name="Test_Get_Items_Page_Size" classname="com.dotcms.util.pagination.SiteViewPaginatorUnitTest" time="0.028"/>
  <system-out><![CDATA[SYSTEM_HOST
1
2
4
6
7
8
]]></system-out>
  <system-err><![CDATA[]]></system-err>
</testsuite>
