<?xml version="1.0" encoding="UTF-8"?>
<testsuite name="com.dotcms.contenttype.business.FieldAPIImplTest" tests="4" skipped="0" failures="0" errors="0" timestamp="2023-06-30T23:10:50" hostname="fv-az251-599" time="0.557">
  <properties/>
  <testcase name="shouldFieldInternationalizationWork" classname="com.dotcms.contenttype.business.FieldAPIImplTest" time="0.51"/>
  <testcase name="test_loadVariables_nullField" classname="com.dotcms.contenttype.business.FieldAPIImplTest" time="0.0"/>
  <testcase name="shouldFieldInternationalizationNotWork" classname="com.dotcms.contenttype.business.FieldAPIImplTest" time="0.022"/>
  <testcase name="test_loadVariables" classname="com.dotcms.contenttype.business.FieldAPIImplTest" time="0.021"/>
  <system-out><![CDATA[]]></system-out>
  <system-err><![CDATA[]]></system-err>
</testsuite>
