<?xml version="1.0" encoding="UTF-8"?>
<testsuite name="com.dotmarketing.portlets.workflows.ajax.WfBaseActionTest" tests="3" skipped="0" failures="0" errors="0" timestamp="2023-07-21T22:18:17" hostname="fv-az244-479" time="0.159">
  <properties/>
  <testcase name="TestOnNullCallTheDefaultCommand" classname="com.dotmarketing.portlets.workflows.ajax.WfBaseActionTest" time="0.124"/>
  <testcase name="TestNotAllowedCommands" classname="com.dotmarketing.portlets.workflows.ajax.WfBaseActionTest" time="0.011"/>
  <testcase name="TestAllowedCommands" classname="com.dotmarketing.portlets.workflows.ajax.WfBaseActionTest" time="0.022"/>
  <system-out><![CDATA[ Command ::  forbiddenMethod  on  class Mock for WfActionAjax, hashCode: 1112362420
 Command ::  forbiddenMethod  on  class Mock for WfActionClassAjax, hashCode: 402514300
 Command ::  forbiddenMethod  on  class Mock for WfTaskAjax, hashCode: 1183057967
 Command ::  forbiddenMethod  on  class Mock for WfSchemeAjax, hashCode: 601914985
 Command ::  forbiddenMethod  on  class Mock for WfRoleStoreAjax, hashCode: 1292006377
 Command ::  deleteActionForStep  on  class Mock for WfActionAjax, hashCode: 1113810031
 Command ::  save  on  class Mock for WfActionAjax, hashCode: 1113810031
 Command ::  delete  on  class Mock for WfActionAjax, hashCode: 1113810031
 Command ::  reorder  on  class Mock for WfActionAjax, hashCode: 1113810031
 Command ::  action  on  class Mock for WfActionAjax, hashCode: 1113810031
 Command ::  add  on  class Mock for WfActionAjax, hashCode: 1113810031
 Command ::  delete  on  class Mock for WfActionClassAjax, hashCode: 732636221
 Command ::  save  on  class Mock for WfActionClassAjax, hashCode: 732636221
 Command ::  add  on  class Mock for WfActionClassAjax, hashCode: 732636221
 Command ::  action  on  class Mock for WfActionClassAjax, hashCode: 732636221
 Command ::  reorder  on  class Mock for WfActionClassAjax, hashCode: 732636221
 Command ::  executeAction  on  class Mock for WfTaskAjax, hashCode: 755996482
 Command ::  executeActions  on  class Mock for WfTaskAjax, hashCode: 755996482
 Command ::  action  on  class Mock for WfTaskAjax, hashCode: 755996482
 Command ::  save  on  class Mock for WfSchemeAjax, hashCode: 832947875
 Command ::  action  on  class Mock for WfSchemeAjax, hashCode: 832947875
 Command ::  rolesToJson  on  class Mock for WfRoleStoreAjax, hashCode: 833541726
 Command ::  action  on  class Mock for WfRoleStoreAjax, hashCode: 833541726
 Command ::  assignable  on  class Mock for WfRoleStoreAjax, hashCode: 833541726
]]></system-out>
  <system-err><![CDATA[]]></system-err>
</testsuite>
