<?xml version="1.0" encoding="UTF-8"?>
<testsuite name="com.dotcms.auth.providers.jwt.factories.SecretKeySpecFactoryTest" tests="1" skipped="0" failures="0" errors="0" timestamp="2023-07-07T19:18:32" hostname="fv-az612-850" time="1.705">
  <properties/>
  <testcase name="readAndPrepareSecret" classname="com.dotcms.auth.providers.jwt.factories.SecretKeySpecFactoryTest" time="1.705"/>
  <system-out><![CDATA[a4092b0c67978e5af59fbff4d0b29a415f31f3345866a69eebbea6ee52477cbad3a5e0c5785a37f94b0673b5050ec24f998d270e506836d72a260f3faf12fca3
MySecretKey2
MySecretKey3
MySecretKey3
80e49f0be2ee80e496d180cf095aabfc47272cbd40eae47eb6df7854f9500adbe9a2f08176d8c4f9258377f2719c2e38305d949e1bc4ceaef39e73688d207a95
7e4acbcd9365c13b7453172108fec8dc993f39f185d13c1296d823f139098267c79299f4434ce378c162623da3d9aaf4a34025f761c7764147f02e2b1dca9b6f
3d7aaa5139ea0bc8bdff2fc15d2a70230daf71974797bef0d6db8f3e1588e2b0682f6a1d377fd38b5f47ea7c4b5c15ef7dce0bcb4ec109aaaaee651b93d94279
]]></system-out>
  <system-err><![CDATA[]]></system-err>
</testsuite>
