<?xml version="1.0" encoding="UTF-8"?>
<testsuite name="com.dotmarketing.common.reindex.ReindexThreadUnitTest" tests="1" skipped="0" failures="0" errors="0" timestamp="2023-06-23T17:12:42" hostname="fv-az313-98" time="0.068">
  <properties/>
  <testcase name="testGenerateNotification" classname="com.dotmarketing.common.reindex.ReindexThreadUnitTest" time="0.068"/>
  <system-out><![CDATA[]]></system-out>
  <system-err><![CDATA[]]></system-err>
</testsuite>
