<?xml version="1.0" encoding="UTF-8"?>
<testsuite name="com.dotcms.util.pagination.SiteViewPaginatorUnitTest" tests="2" skipped="0" failures="0" errors="0" timestamp="2023-06-29T19:42:37" hostname="fv-az402-651" time="0.233">
  <properties/>
  <testcase name="Test_Get_Items_Sorted_Pages" classname="com.dotcms.util.pagination.SiteViewPaginatorUnitTest" time="0.179"/>
  <testcase name="Test_Get_Items_Page_Size" classname="com.dotcms.util.pagination.SiteViewPaginatorUnitTest" time="0.053"/>
  <system-out><![CDATA[SYSTEM_HOST
1
2
3
4
5
6
7
]]></system-out>
  <system-err><![CDATA[]]></system-err>
</testsuite>
