<?xml version="1.0" encoding="UTF-8"?>
<testsuite name="com.dotcms.auth.providers.jwt.factories.SecretKeySpecFactoryTest" tests="1" skipped="0" failures="0" errors="0" timestamp="2023-07-18T18:19:12" hostname="fv-az344-517" time="1.575">
  <properties/>
  <testcase name="readAndPrepareSecret" classname="com.dotcms.auth.providers.jwt.factories.SecretKeySpecFactoryTest" time="1.575"/>
  <system-out><![CDATA[60377704d63a3742eb2f098f0e5524cec5fb15ad32d02f87bf9d2d02ffa094ea8f8505d61e7366e5db9959cefcec8206f2801ee1ccfbc0c7dd5320d1e8d27a73
MySecretKey2
MySecretKey3
MySecretKey3
5f3e4351550c07dfdd9b70a832ef30b3161d1d8986bdf3d89c52d34c86e498415a98d8c8fbaf7b1abe262e240c223a84340c2b41cbc2b0db2916afa2d870fc37
8eb75c9e37ea9ba7c4a30b22dd36081ae4e7b0a24d36b1b38bc1d54a7c757ce425cb39d67b7ab60a889c288993b8c3da51df31f3aafedd1017e961e64dff48ba
e43b4c0319173f08ff044603e0547b9955cde788f4c8649b35a72b5869f2521d9e46983a2f7f33c732f883c342ea22b8ae38e8ff39c190cec962ca5ea6f49cc7
]]></system-out>
  <system-err><![CDATA[]]></system-err>
</testsuite>
