<?xml version="1.0" encoding="UTF-8"?>
<testsuite name="com.dotcms.auth.providers.jwt.factories.SecretKeySpecFactoryTest" tests="1" skipped="0" failures="0" errors="0" timestamp="2023-07-21T02:42:40" hostname="fv-az398-443" time="1.625">
  <properties/>
  <testcase name="readAndPrepareSecret" classname="com.dotcms.auth.providers.jwt.factories.SecretKeySpecFactoryTest" time="1.625"/>
  <system-out><![CDATA[7c28af01d501472a9e2d362086f4de0a7476823fadda612e9eb0ad225733458b863d750f4fdd0e7705479590a12023419617084c6f29a586c9c3b51c8a0c4be3
MySecretKey2
MySecretKey3
MySecretKey3
144b3f1078051b3487c2f493a02943585b0a837415cb534090b461e8eb81a904e0ba52b2b5efc97ab8e9f22299954c7fd1688fe28cb344309dac6942baf01eff
ac10a8780322d6f6fc0648e3aae30231ace7713eb2efe81f09b73101d69c216fd9a2cd0a39f4e1732874f0a62c24187200da4ec3fcfab58354339825cb0aadab
7715c04cf42b6a2afb511adc50bbfd962a9a23f7a48a1f3002d828a801f80afeb71bf44fbc59333626e2cf77c36e80344388cd1116efbaeb1d99e6b70bfc7d06
]]></system-out>
  <system-err><![CDATA[]]></system-err>
</testsuite>
