<?xml version="1.0" encoding="UTF-8"?>
<testsuite name="com.dotcms.auth.providers.jwt.factories.SecretKeySpecFactoryTest" tests="1" skipped="0" failures="0" errors="0" timestamp="2023-07-18T16:41:58" hostname="fv-az244-731" time="1.489">
  <properties/>
  <testcase name="readAndPrepareSecret" classname="com.dotcms.auth.providers.jwt.factories.SecretKeySpecFactoryTest" time="1.489"/>
  <system-out><![CDATA[85aebbfe1ae995995ca30229e8519c59be98583949806d1738ee28f00467b82acf4fefd3f4190a94f8f11ae683a17962cfecc2b5b0664b03e90fb293597b2a5b
MySecretKey2
MySecretKey3
MySecretKey3
f168c632ca1dff3936c0a9f6f1ae74d64cb2e867dfea3a1d65b7dfea3c417eb92ecd2efeb03c20b88a21a9f31ed0ea3fbb5dbad9321ee06c271c07effdcadced
9769cf2b23ac419ba7e8753c9d07aad3c79cf9d859ff1a0d845f5b6302e6a1c6c2ef6fcac3e6ed05eb98db54d2e1e9127710c5c1187c6b42b2f0078c7f55b6c8
0806cbdafccc1b5c7008f287e79cf4b27f901980fb310494930400eea8d1cb44452f3aaed570b8f63e12c233772c7dd37f006cb1cd27dd87a9df783dd3dc2987
]]></system-out>
  <system-err><![CDATA[]]></system-err>
</testsuite>
