<?xml version="1.0" encoding="UTF-8"?>
<testsuite name="com.dotmarketing.portlets.workflows.ajax.WfBaseActionTest" tests="3" skipped="0" failures="0" errors="0" timestamp="2023-07-17T14:45:05" hostname="fv-az445-915" time="0.197">
  <properties/>
  <testcase name="TestOnNullCallTheDefaultCommand" classname="com.dotmarketing.portlets.workflows.ajax.WfBaseActionTest" time="0.156"/>
  <testcase name="TestNotAllowedCommands" classname="com.dotmarketing.portlets.workflows.ajax.WfBaseActionTest" time="0.02"/>
  <testcase name="TestAllowedCommands" classname="com.dotmarketing.portlets.workflows.ajax.WfBaseActionTest" time="0.021"/>
  <system-out><![CDATA[ Command ::  forbiddenMethod  on  class Mock for WfTaskAjax, hashCode: 1998575761
 Command ::  forbiddenMethod  on  class Mock for WfSchemeAjax, hashCode: 1762060216
 Command ::  forbiddenMethod  on  class Mock for WfActionAjax, hashCode: 266640916
 Command ::  forbiddenMethod  on  class Mock for WfActionClassAjax, hashCode: 507561200
 Command ::  forbiddenMethod  on  class Mock for WfRoleStoreAjax, hashCode: 56093569
 Command ::  executeAction  on  class Mock for WfTaskAjax, hashCode: 1977674511
 Command ::  executeActions  on  class Mock for WfTaskAjax, hashCode: 1977674511
 Command ::  action  on  class Mock for WfTaskAjax, hashCode: 1977674511
 Command ::  save  on  class Mock for WfSchemeAjax, hashCode: 886083976
 Command ::  action  on  class Mock for WfSchemeAjax, hashCode: 886083976
 Command ::  delete  on  class Mock for WfActionAjax, hashCode: 1136383224
 Command ::  reorder  on  class Mock for WfActionAjax, hashCode: 1136383224
 Command ::  action  on  class Mock for WfActionAjax, hashCode: 1136383224
 Command ::  add  on  class Mock for WfActionAjax, hashCode: 1136383224
 Command ::  deleteActionForStep  on  class Mock for WfActionAjax, hashCode: 1136383224
 Command ::  save  on  class Mock for WfActionAjax, hashCode: 1136383224
 Command ::  reorder  on  class Mock for WfActionClassAjax, hashCode: 154291450
 Command ::  delete  on  class Mock for WfActionClassAjax, hashCode: 154291450
 Command ::  save  on  class Mock for WfActionClassAjax, hashCode: 154291450
 Command ::  add  on  class Mock for WfActionClassAjax, hashCode: 154291450
 Command ::  action  on  class Mock for WfActionClassAjax, hashCode: 154291450
 Command ::  action  on  class Mock for WfRoleStoreAjax, hashCode: 133222880
 Command ::  assignable  on  class Mock for WfRoleStoreAjax, hashCode: 133222880
 Command ::  rolesToJson  on  class Mock for WfRoleStoreAjax, hashCode: 133222880
]]></system-out>
  <system-err><![CDATA[]]></system-err>
</testsuite>
