<?xml version="1.0" encoding="UTF-8"?>
<testsuite name="com.dotmarketing.portlets.workflows.ajax.WfBaseActionTest" tests="3" skipped="0" failures="0" errors="0" timestamp="2023-07-18T16:11:42" hostname="fv-az162-832" time="0.174">
  <properties/>
  <testcase name="TestOnNullCallTheDefaultCommand" classname="com.dotmarketing.portlets.workflows.ajax.WfBaseActionTest" time="0.136"/>
  <testcase name="TestNotAllowedCommands" classname="com.dotmarketing.portlets.workflows.ajax.WfBaseActionTest" time="0.016"/>
  <testcase name="TestAllowedCommands" classname="com.dotmarketing.portlets.workflows.ajax.WfBaseActionTest" time="0.022"/>
  <system-out><![CDATA[ Command ::  forbiddenMethod  on  class Mock for WfActionClassAjax, hashCode: 519816062
 Command ::  forbiddenMethod  on  class Mock for WfActionAjax, hashCode: 417315958
 Command ::  forbiddenMethod  on  class Mock for WfTaskAjax, hashCode: 1904995669
 Command ::  forbiddenMethod  on  class Mock for WfRoleStoreAjax, hashCode: 1266446367
 Command ::  forbiddenMethod  on  class Mock for WfSchemeAjax, hashCode: 229729250
 Command ::  add  on  class Mock for WfActionClassAjax, hashCode: 568939032
 Command ::  save  on  class Mock for WfActionClassAjax, hashCode: 568939032
 Command ::  delete  on  class Mock for WfActionClassAjax, hashCode: 568939032
 Command ::  reorder  on  class Mock for WfActionClassAjax, hashCode: 568939032
 Command ::  action  on  class Mock for WfActionClassAjax, hashCode: 568939032
 Command ::  save  on  class Mock for WfActionAjax, hashCode: 2032329460
 Command ::  deleteActionForStep  on  class Mock for WfActionAjax, hashCode: 2032329460
 Command ::  add  on  class Mock for WfActionAjax, hashCode: 2032329460
 Command ::  action  on  class Mock for WfActionAjax, hashCode: 2032329460
 Command ::  reorder  on  class Mock for WfActionAjax, hashCode: 2032329460
 Command ::  delete  on  class Mock for WfActionAjax, hashCode: 2032329460
 Command ::  executeAction  on  class Mock for WfTaskAjax, hashCode: 823885176
 Command ::  action  on  class Mock for WfTaskAjax, hashCode: 823885176
 Command ::  executeActions  on  class Mock for WfTaskAjax, hashCode: 823885176
 Command ::  rolesToJson  on  class Mock for WfRoleStoreAjax, hashCode: 1395654061
 Command ::  assignable  on  class Mock for WfRoleStoreAjax, hashCode: 1395654061
 Command ::  action  on  class Mock for WfRoleStoreAjax, hashCode: 1395654061
 Command ::  action  on  class Mock for WfSchemeAjax, hashCode: 290226496
 Command ::  save  on  class Mock for WfSchemeAjax, hashCode: 290226496
]]></system-out>
  <system-err><![CDATA[]]></system-err>
</testsuite>
