<?xml version="1.0" encoding="UTF-8"?>
<testsuite name="com.dotcms.util.HttpRequestDataUtilTest" tests="9" skipped="0" failures="0" errors="0" timestamp="2023-07-21T15:55:50" hostname="fv-az313-39" time="0.015">
  <properties/>
  <testcase name="getQueryParamsFromUrlWithNoneQueryParams" classname="com.dotcms.util.HttpRequestDataUtilTest" time="0.0"/>
  <testcase name="test_getHeaderCaseInsensitive[0: com.dotcms.util.HttpRequestDataUtilTest$ParamTestCase@7de37176]" classname="com.dotcms.util.HttpRequestDataUtilTest" time="0.001"/>
  <testcase name="test_getHeaderCaseInsensitive[1: com.dotcms.util.HttpRequestDataUtilTest$ParamTestCase@1bb0088c]" classname="com.dotcms.util.HttpRequestDataUtilTest" time="0.002"/>
  <testcase name="test_getHeaderCaseInsensitive[2: com.dotcms.util.HttpRequestDataUtilTest$ParamTestCase@2b788472]" classname="com.dotcms.util.HttpRequestDataUtilTest" time="0.001"/>
  <testcase name="test_getParamCaseInsensitive[0: com.dotcms.util.HttpRequestDataUtilTest$ParamTestCase@7de37176]" classname="com.dotcms.util.HttpRequestDataUtilTest" time="0.0"/>
  <testcase name="test_getParamCaseInsensitive[1: com.dotcms.util.HttpRequestDataUtilTest$ParamTestCase@1bb0088c]" classname="com.dotcms.util.HttpRequestDataUtilTest" time="0.001"/>
  <testcase name="test_getParamCaseInsensitive[2: com.dotcms.util.HttpRequestDataUtilTest$ParamTestCase@2b788472]" classname="com.dotcms.util.HttpRequestDataUtilTest" time="0.001"/>
  <testcase name="getQueryParamsFromUrlWithOneQueryParams" classname="com.dotcms.util.HttpRequestDataUtilTest" time="0.0"/>
  <testcase name="getQueryParamsFromUrlWithMultiQueryParams" classname="com.dotcms.util.HttpRequestDataUtilTest" time="0.0"/>
  <system-out><![CDATA[]]></system-out>
  <system-err><![CDATA[]]></system-err>
</testsuite>
