<?xml version="1.0" encoding="UTF-8"?>
<testsuite name="com.dotcms.mock.MockResponseTest" tests="2" skipped="0" failures="0" errors="0" timestamp="2023-06-28T15:50:43" hostname="fv-az554-967" time="0.016">
  <properties/>
  <testcase name="testBaseRequest" classname="com.dotcms.mock.MockResponseTest" time="0.015"/>
  <testcase name="testHttpRequest" classname="com.dotcms.mock.MockResponseTest" time="0.0"/>
  <system-out><![CDATA[]]></system-out>
  <system-err><![CDATA[]]></system-err>
</testsuite>
