<?xml version="1.0" encoding="UTF-8"?>
<testsuite name="com.dotcms.publishing.sitesearch.SiteSearchResultTest" tests="2" skipped="0" failures="0" errors="0" timestamp="2023-07-17T15:23:01" hostname="fv-az454-709" time="0.004">
  <properties/>
  <testcase name="testSetKeywordsReturnsListOfTrimmedStrings" classname="com.dotcms.publishing.sitesearch.SiteSearchResultTest" time="0.003"/>
  <testcase name="testSetKeywordsReturnsEmptyListWhenNoKeywordSet" classname="com.dotcms.publishing.sitesearch.SiteSearchResultTest" time="0.001"/>
  <system-out><![CDATA[]]></system-out>
  <system-err><![CDATA[]]></system-err>
</testsuite>
