<?xml version="1.0" encoding="UTF-8"?>
<testsuite name="com.dotcms.auth.providers.jwt.factories.SecretKeySpecFactoryTest" tests="1" skipped="0" failures="0" errors="0" timestamp="2023-07-13T19:45:18" hostname="fv-az359-855" time="1.576">
  <properties/>
  <testcase name="readAndPrepareSecret" classname="com.dotcms.auth.providers.jwt.factories.SecretKeySpecFactoryTest" time="1.576"/>
  <system-out><![CDATA[4ce30e988c7f6e99e7b134de2c0ad09f8bff7865a9f6157f413e0321c100b8da1576e3bde9f3cf56903d5e4d9874e6d370ddb4309c4e032ae07194cfaaa63c90
MySecretKey2
MySecretKey3
MySecretKey3
28f32a0e4b26da4f12776957db79b7341be6abd6a4d5c4424f843562a8306acdfc7c2fca9936140f0b112af0e0a24de33aa0f0f02fadaaf82c25fb612c806a8d
a6173a980df9f35e7f8060c4454b9fff2f4777647373787a96f104c2d94df6fcc54861150548da0b25f5e9e941725235438c19e80603bb32f8be93600d4575a7
a5ee9c560566632a56dbde16471b848b7ce8aba9fbba6f5a36542a14e8802d1dfb8f19071bd06b0fcd72f96d4426442887a087b5957697fb0b3926aae3885b9b
]]></system-out>
  <system-err><![CDATA[]]></system-err>
</testsuite>
