<?xml version="1.0" encoding="UTF-8"?>
<testsuite name="com.dotcms.auth.providers.jwt.factories.SecretKeySpecFactoryTest" tests="1" skipped="0" failures="0" errors="0" timestamp="2023-06-21T16:50:10" hostname="fv-az1256-924" time="1.563">
  <properties/>
  <testcase name="readAndPrepareSecret" classname="com.dotcms.auth.providers.jwt.factories.SecretKeySpecFactoryTest" time="1.563"/>
  <system-out><![CDATA[35a71e0503a2b04f8f525a300d81f1496fffd8979da4b59bac0af90458e9991f1ce52c4989ffdf23c3cbc0894a24da54a1accdcef8cdc17c8685b3faba978d6a
MySecretKey2
MySecretKey3
MySecretKey3
0b18568d356bde6fb6db7cdc0f30eda53524c835d848077a682322a4b1296f6abadb9e4dc54444bf776ad7f3be8aa046225d66e01378123015473e76c24ef0c9
f9120d32ce8d4bc98a7f272f4650289279783e5de04c97d9a9988f12da5f44dc454e980bb7faa59b2bd2c49755619f13b624752c63d0b7ea5a2e93f8eacc9c40
f4b3f1be18fac23a9062d1fc9e17923d3dfc43ca85eec639ea7acf5508614d6da23f363811edf9d53780acf6e97a7799a5750492c4df5fa40a7c7499d258c456
]]></system-out>
  <system-err><![CDATA[]]></system-err>
</testsuite>
