<?xml version="1.0" encoding="UTF-8"?>
<testsuite name="com.dotcms.auth.providers.jwt.factories.SecretKeySpecFactoryTest" tests="1" skipped="0" failures="0" errors="0" timestamp="2023-07-17T15:35:15" hostname="fv-az389-311" time="1.147">
  <properties/>
  <testcase name="readAndPrepareSecret" classname="com.dotcms.auth.providers.jwt.factories.SecretKeySpecFactoryTest" time="1.147"/>
  <system-out><![CDATA[da5b40f9da2693e91b86ec05c0bab7739875cde529447d78952c5cb257ab4c9259f90ba7b659926a890b123f24ecf4e9467e20fcf34f177cd6429b54b08ab5c7
MySecretKey2
MySecretKey3
MySecretKey3
e58896eaddbb102e8b7f22b3580d7a06a4299e969389d0187e8102d8136a0a353c2a2d0d066b7da7c15797cc5e2ff663749a809b3f9876ef5fba8ca9d9e5118a
b5bbf62f6b06cb30909fd4543123b3914b074cbd9a76f7a744dc904fe94b0a90ba04d437fe6fbe88b33b91228b362c9f63214ebec97e14cb907349f2d635c63f
9833159b897025ac932446ceb783f12c01633b9d085ad3e0830f191b77476f925aa7be57af4f49a75befd1fd4f5023e3bb8fe2e1d75ac96288157599962591e2
]]></system-out>
  <system-err><![CDATA[]]></system-err>
</testsuite>
