<?xml version="1.0" encoding="UTF-8"?>
<testsuite name="com.dotmarketing.portlets.osgi.AJAX.OSGIBaseAJAXTest" tests="3" skipped="0" failures="0" errors="0" timestamp="2023-06-29T16:18:18" hostname="fv-az796-704" time="0.072">
  <properties/>
  <testcase name="TestOnNullCallTheDefaultCommand" classname="com.dotmarketing.portlets.osgi.AJAX.OSGIBaseAJAXTest" time="0.048"/>
  <testcase name="TestNotAllowedCommands" classname="com.dotmarketing.portlets.osgi.AJAX.OSGIBaseAJAXTest" time="0.012"/>
  <testcase name="TestAllowedCommands" classname="com.dotmarketing.portlets.osgi.AJAX.OSGIBaseAJAXTest" time="0.011"/>
  <system-out><![CDATA[ Command ::  forbiddenMethod  on  class Mock for OSGIAJAX, hashCode: 1743648619
 Command ::  deploy  on  class Mock for OSGIAJAX, hashCode: 1597959392
 Command ::  remove  on  class Mock for OSGIAJAX, hashCode: 1597959392
 Command ::  getExtraPackages  on  class Mock for OSGIAJAX, hashCode: 1597959392
 Command ::  action  on  class Mock for OSGIAJAX, hashCode: 1597959392
 Command ::  restart  on  class Mock for OSGIAJAX, hashCode: 1597959392
 Command ::  start  on  class Mock for OSGIAJAX, hashCode: 1597959392
 Command ::  add  on  class Mock for OSGIAJAX, hashCode: 1597959392
 Command ::  stop  on  class Mock for OSGIAJAX, hashCode: 1597959392
 Command ::  undeploy  on  class Mock for OSGIAJAX, hashCode: 1597959392
 Command ::  modifyExtraPackages  on  class Mock for OSGIAJAX, hashCode: 1597959392
]]></system-out>
  <system-err><![CDATA[]]></system-err>
</testsuite>
