<?xml version="1.0" encoding="UTF-8"?>
<testsuite name="com.dotcms.auth.providers.jwt.factories.SecretKeySpecFactoryTest" tests="1" skipped="0" failures="0" errors="0" timestamp="2023-07-10T20:53:33" hostname="fv-az168-868" time="1.944">
  <properties/>
  <testcase name="readAndPrepareSecret" classname="com.dotcms.auth.providers.jwt.factories.SecretKeySpecFactoryTest" time="1.944"/>
  <system-out><![CDATA[ea214498218165ec760487c721b4268f11b42807d111122b0c6deaf8b1f0b56fc05b631bb5eeeff1274a28cccc999196a6aa3f70d0f60ec0a86d03f5d70f7faa
MySecretKey2
MySecretKey3
MySecretKey3
24a8170cc7a45d590c8a064def355c4322c694ae097647ecf4f74db581819cabdc56d3a7450f1a03062d67e1e35b1edaca0aa998f26e75265b849ccb3ad195c3
3e2fb5000aae53c2f16d1bc87e0d1eba4e53d42f0540e93097907fdf721e6edf56d8460fafc2280d3c9c4f8ad768869ddde4c2e3efd6cb6f81c2b09cd32b98cb
6e47edc782dd5dce1a0846fd7593bd1da040c5c638567fadd051698c03de780d7e9eeae520ad6c6d20f0ce704cce450a4b97354e45732e7cded34fea5efe0f3c
]]></system-out>
  <system-err><![CDATA[]]></system-err>
</testsuite>
