<?xml version="1.0" encoding="UTF-8"?>
<testsuite name="com.dotcms.auth.providers.jwt.factories.SecretKeySpecFactoryTest" tests="1" skipped="0" failures="0" errors="0" timestamp="2023-07-21T05:20:40" hostname="fv-az411-784" time="1.472">
  <properties/>
  <testcase name="readAndPrepareSecret" classname="com.dotcms.auth.providers.jwt.factories.SecretKeySpecFactoryTest" time="1.472"/>
  <system-out><![CDATA[af9ab737a86f7fdc17c8763b509dde8ccc7018d3ed6bdb85fd6a184bebb8c10aa969312abea378607dffd88ee151baf19961dca4a777236ae7233a0a1b7e9f81
MySecretKey2
MySecretKey3
MySecretKey3
06dcf2104b59f3754aee7a1177b98e3ce4c5de3e551cb87c74faf4b080bc976885ad9a2ead5469ff23d7114e1e4b2ac4422a966a44c3b148ba2ba10620e17687
f1d029064687eede98d9bc7aff72575db5fd9fc45e38ecce93c2f514fc0ddb33e4202736ce750075c9dd34c62c6cd1b289f45aa6f57e3110e35afaaea9077ac0
54bb3e9fb5d5f7101b0113eb3bc8de3764f5a65375026019a6218afcbbcc9b1e834889b287f0da424acb5920c69ea911873b18fbaa58135c051a29cc7db548de
]]></system-out>
  <system-err><![CDATA[]]></system-err>
</testsuite>
