<?xml version="1.0" encoding="UTF-8"?>
<testsuite name="com.dotcms.auth.providers.jwt.factories.SecretKeySpecFactoryTest" tests="1" skipped="0" failures="0" errors="0" timestamp="2023-06-28T21:03:34" hostname="fv-az162-988" time="1.944">
  <properties/>
  <testcase name="readAndPrepareSecret" classname="com.dotcms.auth.providers.jwt.factories.SecretKeySpecFactoryTest" time="1.944"/>
  <system-out><![CDATA[68e71a6f355e1a36f69329985fdd776a6c271bd0ee585587dcf6afce3c25d422dd2839b166cb38c43a2bf9b7bd4c2385f1ac3413c45a6a2daf05a945be56b610
MySecretKey2
MySecretKey3
MySecretKey3
c5494e9d25c5ff2b501c8b9d98cd7b06874135c85418f19c490fd7df885be1e87426b6b53c7125c05b18b2aa8f97d75fecb28aa5eff87943e32908c35ba04611
a35fadf3d49a89dce2806950db3adca05cae84a588943d4d173aabe0cd1d24b9e2678b8f93dc2bf3acf2e6d0b901cf0a334f2a2782659026902f794798ac4b45
35d91d575aec2a6904089d5f62d458b0bb335afe960ab94f35e94f665ded8e556b7740c517d58ed14c2ce20be0bf5ec5e995f39fa49bb8a9a71ca5cafd75604e
]]></system-out>
  <system-err><![CDATA[]]></system-err>
</testsuite>
