<?xml version="1.0" encoding="UTF-8"?>
<testsuite name="com.dotmarketing.portlets.workflows.actionlet.TranslationActionletTest" tests="3" skipped="0" failures="0" errors="0" timestamp="2023-07-21T05:21:12" hostname="fv-az1128-258" time="0.058">
  <properties/>
  <testcase name="testExecuteAction_UnpersistedContent" classname="com.dotmarketing.portlets.workflows.actionlet.TranslationActionletTest" time="0.005"/>
  <testcase name="testExecuteAction_LiveContent" classname="com.dotmarketing.portlets.workflows.actionlet.TranslationActionletTest" time="0.047"/>
  <testcase name="testExecuteAction_WorkingContent" classname="com.dotmarketing.portlets.workflows.actionlet.TranslationActionletTest" time="0.006"/>
  <system-out><![CDATA[]]></system-out>
  <system-err><![CDATA[]]></system-err>
</testsuite>
