<?xml version="1.0" encoding="UTF-8"?>
<testsuite name="com.dotmarketing.portlets.osgi.AJAX.OSGIBaseAJAXTest" tests="3" skipped="0" failures="0" errors="0" timestamp="2023-06-27T18:38:52" hostname="fv-az254-300" time="0.174">
  <properties/>
  <testcase name="TestOnNullCallTheDefaultCommand" classname="com.dotmarketing.portlets.osgi.AJAX.OSGIBaseAJAXTest" time="0.128"/>
  <testcase name="TestNotAllowedCommands" classname="com.dotmarketing.portlets.osgi.AJAX.OSGIBaseAJAXTest" time="0.006"/>
  <testcase name="TestAllowedCommands" classname="com.dotmarketing.portlets.osgi.AJAX.OSGIBaseAJAXTest" time="0.038"/>
  <system-out><![CDATA[ Command ::  forbiddenMethod  on  class Mock for OSGIAJAX, hashCode: 700988787
 Command ::  getExtraPackages  on  class Mock for OSGIAJAX, hashCode: 938831048
 Command ::  remove  on  class Mock for OSGIAJAX, hashCode: 938831048
 Command ::  deploy  on  class Mock for OSGIAJAX, hashCode: 938831048
 Command ::  modifyExtraPackages  on  class Mock for OSGIAJAX, hashCode: 938831048
 Command ::  undeploy  on  class Mock for OSGIAJAX, hashCode: 938831048
 Command ::  stop  on  class Mock for OSGIAJAX, hashCode: 938831048
 Command ::  add  on  class Mock for OSGIAJAX, hashCode: 938831048
 Command ::  start  on  class Mock for OSGIAJAX, hashCode: 938831048
 Command ::  restart  on  class Mock for OSGIAJAX, hashCode: 938831048
 Command ::  action  on  class Mock for OSGIAJAX, hashCode: 938831048
]]></system-out>
  <system-err><![CDATA[]]></system-err>
</testsuite>
