<?xml version="1.0" encoding="UTF-8"?>
<testsuite name="com.dotcms.auth.providers.jwt.factories.SecretKeySpecFactoryTest" tests="1" skipped="0" failures="0" errors="0" timestamp="2023-07-04T15:58:43" hostname="fv-az451-778" time="1.526">
  <properties/>
  <testcase name="readAndPrepareSecret" classname="com.dotcms.auth.providers.jwt.factories.SecretKeySpecFactoryTest" time="1.526"/>
  <system-out><![CDATA[2e8a8d8f4c46b39c09561442a6d47c9c95e27ee3d38bf078d30211ba864918488e94c56231a6ba3285021aa63204d6be2670c1ec49f171a03acc703c924158ad
MySecretKey2
MySecretKey3
MySecretKey3
2cb09611cadb9075efd6ef2b8bdf00d40fca3dd00b5c1503234f1fb00771978dbe97e83a2ede2039e7ad916b92ed800459e7f341e17cfbf773c746c7e319ce15
356d944fd8a408c0638c9121f9b4b752d5e2311433fc5229b95a66aeae585691556eb18f2bff0026a997d74284811a70250ded53c46095746c266825a3711580
d2f38153a3ba76243b7fa45e65516cf2ef51ab5fa684ec3300dba74a5e98bc525ffed07eccdf5d50487bee549ec99bcef1494440c4c5c5d0e32fb88205d64a33
]]></system-out>
  <system-err><![CDATA[]]></system-err>
</testsuite>
