<?xml version="1.0" encoding="UTF-8"?>
<testsuite name="com.dotcms.util.diff.DiffCommandTest" tests="2" skipped="0" failures="0" errors="0" timestamp="2023-07-19T18:03:26" hostname="fv-az244-731" time="0.008">
  <properties/>
  <testcase name="applyDiff_Comparable" classname="com.dotcms.util.diff.DiffCommandTest" time="0.007"/>
  <testcase name="applyDiff_Differentiable" classname="com.dotcms.util.diff.DiffCommandTest" time="0.001"/>
  <system-out><![CDATA[{six=six, five=five}
{two=two}
{four=fourxxx, one=onexxx}
{six=com.dotcms.util.diff.DiffCommandTest$StringDifferentiable@37d465f8, five=com.dotcms.util.diff.DiffCommandTest$StringDifferentiable@4bc0d64a}
{two=com.dotcms.util.diff.DiffCommandTest$StringDifferentiable@4b140b6e}
{four=com.dotcms.util.diff.DiffCommandTest$StringDifferentiable@63390697, one=com.dotcms.util.diff.DiffCommandTest$StringDifferentiable@775654ad}
]]></system-out>
  <system-err><![CDATA[]]></system-err>
</testsuite>
