<?xml version="1.0" encoding="UTF-8"?>
<testsuite name="com.dotmarketing.portlets.osgi.AJAX.OSGIBaseAJAXTest" tests="3" skipped="0" failures="0" errors="0" timestamp="2023-07-17T14:45:03" hostname="fv-az445-915" time="0.085">
  <properties/>
  <testcase name="TestOnNullCallTheDefaultCommand" classname="com.dotmarketing.portlets.osgi.AJAX.OSGIBaseAJAXTest" time="0.065"/>
  <testcase name="TestNotAllowedCommands" classname="com.dotmarketing.portlets.osgi.AJAX.OSGIBaseAJAXTest" time="0.003"/>
  <testcase name="TestAllowedCommands" classname="com.dotmarketing.portlets.osgi.AJAX.OSGIBaseAJAXTest" time="0.017"/>
  <system-out><![CDATA[ Command ::  forbiddenMethod  on  class Mock for OSGIAJAX, hashCode: 303898491
 Command ::  undeploy  on  class Mock for OSGIAJAX, hashCode: 1608076333
 Command ::  modifyExtraPackages  on  class Mock for OSGIAJAX, hashCode: 1608076333
 Command ::  deploy  on  class Mock for OSGIAJAX, hashCode: 1608076333
 Command ::  remove  on  class Mock for OSGIAJAX, hashCode: 1608076333
 Command ::  getExtraPackages  on  class Mock for OSGIAJAX, hashCode: 1608076333
 Command ::  action  on  class Mock for OSGIAJAX, hashCode: 1608076333
 Command ::  restart  on  class Mock for OSGIAJAX, hashCode: 1608076333
 Command ::  start  on  class Mock for OSGIAJAX, hashCode: 1608076333
 Command ::  add  on  class Mock for OSGIAJAX, hashCode: 1608076333
 Command ::  stop  on  class Mock for OSGIAJAX, hashCode: 1608076333
]]></system-out>
  <system-err><![CDATA[]]></system-err>
</testsuite>
