<?xml version="1.0" encoding="UTF-8"?>
<testsuite name="com.dotcms.notifications.BaseContentTypeSystemEventProcessorTest" tests="1" skipped="0" failures="0" errors="0" timestamp="2023-06-26T16:19:45" hostname="fv-az206-664" time="0.08">
  <properties/>
  <testcase name="testProcess" classname="com.dotcms.notifications.BaseContentTypeSystemEventProcessorTest" time="0.08"/>
  <system-out><![CDATA[]]></system-out>
  <system-err><![CDATA[]]></system-err>
</testsuite>
