<?xml version="1.0" encoding="UTF-8"?>
<testsuite name="com.dotmarketing.portlets.workflows.ajax.WfBaseActionTest" tests="3" skipped="0" failures="0" errors="0" timestamp="2023-07-05T20:30:54" hostname="fv-az593-327" time="0.297">
  <properties/>
  <testcase name="TestOnNullCallTheDefaultCommand" classname="com.dotmarketing.portlets.workflows.ajax.WfBaseActionTest" time="0.235"/>
  <testcase name="TestNotAllowedCommands" classname="com.dotmarketing.portlets.workflows.ajax.WfBaseActionTest" time="0.026"/>
  <testcase name="TestAllowedCommands" classname="com.dotmarketing.portlets.workflows.ajax.WfBaseActionTest" time="0.034"/>
  <system-out><![CDATA[ Command ::  forbiddenMethod  on  class Mock for WfSchemeAjax, hashCode: 229198938
 Command ::  forbiddenMethod  on  class Mock for WfActionAjax, hashCode: 50419413
 Command ::  forbiddenMethod  on  class Mock for WfTaskAjax, hashCode: 891019226
 Command ::  forbiddenMethod  on  class Mock for WfActionClassAjax, hashCode: 790776963
 Command ::  forbiddenMethod  on  class Mock for WfRoleStoreAjax, hashCode: 172485667
 Command ::  save  on  class Mock for WfSchemeAjax, hashCode: 1903011868
 Command ::  action  on  class Mock for WfSchemeAjax, hashCode: 1903011868
 Command ::  deleteActionForStep  on  class Mock for WfActionAjax, hashCode: 1841861312
 Command ::  save  on  class Mock for WfActionAjax, hashCode: 1841861312
 Command ::  delete  on  class Mock for WfActionAjax, hashCode: 1841861312
 Command ::  reorder  on  class Mock for WfActionAjax, hashCode: 1841861312
 Command ::  action  on  class Mock for WfActionAjax, hashCode: 1841861312
 Command ::  add  on  class Mock for WfActionAjax, hashCode: 1841861312
 Command ::  executeAction  on  class Mock for WfTaskAjax, hashCode: 1484660777
 Command ::  executeActions  on  class Mock for WfTaskAjax, hashCode: 1484660777
 Command ::  action  on  class Mock for WfTaskAjax, hashCode: 1484660777
 Command ::  action  on  class Mock for WfActionClassAjax, hashCode: 602587868
 Command ::  reorder  on  class Mock for WfActionClassAjax, hashCode: 602587868
 Command ::  delete  on  class Mock for WfActionClassAjax, hashCode: 602587868
 Command ::  save  on  class Mock for WfActionClassAjax, hashCode: 602587868
 Command ::  add  on  class Mock for WfActionClassAjax, hashCode: 602587868
 Command ::  rolesToJson  on  class Mock for WfRoleStoreAjax, hashCode: 795510586
 Command ::  action  on  class Mock for WfRoleStoreAjax, hashCode: 795510586
 Command ::  assignable  on  class Mock for WfRoleStoreAjax, hashCode: 795510586
]]></system-out>
  <system-err><![CDATA[]]></system-err>
</testsuite>
