<?xml version="1.0" encoding="UTF-8"?>
<testsuite name="com.dotcms.auth.providers.jwt.factories.SecretKeySpecFactoryTest" tests="1" skipped="0" failures="0" errors="0" timestamp="2023-06-26T20:40:17" hostname="fv-az566-551" time="1.345">
  <properties/>
  <testcase name="readAndPrepareSecret" classname="com.dotcms.auth.providers.jwt.factories.SecretKeySpecFactoryTest" time="1.345"/>
  <system-out><![CDATA[5544e817c18cdec690d1837ab960d8b66f4b765c0eff658dbf64ed6e6867de9ef3483eeda4241a7f69daa513c037ac86b151cfe7285f9db9dc44f33b16e9569a
MySecretKey2
MySecretKey3
MySecretKey3
05759104722b9a87d43998d1f70d53dbaa025febba818de858fa6c87bf5bb891bb58eeca5e02cbb0afaf8625e00ce1070c0b5cf13a1f4586b5c82ab76d9f05cb
6fdfab877e06568cddf65628959af3a2ef0a3905e4aa13d837707d697bba7bfbd6aaab9f511a3e5a8753aa1a87b315e78fc132fb88fe2a0ae28468144c16b049
d4a803b182213dfef5eea15e0f7e12ba01388f2e7681336f63bc909595985057b912e7ae37a9990b0c56cc261bc56a24e62fd2c5a0dc592077905ba3b0f7ebcb
]]></system-out>
  <system-err><![CDATA[]]></system-err>
</testsuite>
