<?xml version="1.0" encoding="UTF-8"?>
<testsuite name="com.dotcms.auth.providers.jwt.factories.SecretKeySpecFactoryTest" tests="1" skipped="0" failures="0" errors="0" timestamp="2023-06-30T18:11:59" hostname="fv-az741-151" time="1.599">
  <properties/>
  <testcase name="readAndPrepareSecret" classname="com.dotcms.auth.providers.jwt.factories.SecretKeySpecFactoryTest" time="1.599"/>
  <system-out><![CDATA[6ec1b3418114db8aa86ef50369f58c2b8663b435d441470a0704e41eca77207228e9ac9302bb7893e261aa0e0dc024740035cd26b704c36f293442e9f4ae3d9e
MySecretKey2
MySecretKey3
MySecretKey3
d94c55020a34c3ac745b721b912cd4bddced1370200f5dab051447538bb05eed5d7c15d1d717568a030053c7b8a957e0ba81662b44a10e3fc9aaf74b7cd28e59
1f2d03b6584ce22e3212df864e824f96549b6cf5ec5793fa1d4e1545aa4e65451f27af6b5c3a47ea61faad3d3740a5fb86f3bab51022e6db18f51fe732d9bc64
38daa61a9b0ab5de25cac20da870a09981a65eafd2ca35f9fb25a23fe16ebc39e5a8fdb20072016a0bd463b35e6357afdeb01047826b8e921007f62643082597
]]></system-out>
  <system-err><![CDATA[]]></system-err>
</testsuite>
