<?xml version="1.0" encoding="UTF-8"?>
<testsuite name="com.dotcms.analytics.cache.AnalyticsCacheTest" tests="2" skipped="0" failures="0" errors="0" timestamp="2023-07-11T16:21:23" hostname="fv-az1259-394" time="0.026">
  <properties/>
  <testcase name="test_accessToken_lifecycle" classname="com.dotcms.analytics.cache.AnalyticsCacheTest" time="0.025"/>
  <testcase name="test_putAccessToken_noAccessToken" classname="com.dotcms.analytics.cache.AnalyticsCacheTest" time="0.001"/>
  <system-out><![CDATA[]]></system-out>
  <system-err><![CDATA[]]></system-err>
</testsuite>
