<?xml version="1.0" encoding="UTF-8"?>
<testsuite name="com.dotmarketing.business.cache.provider.h22.H22CacheTest" tests="10" skipped="7" failures="0" errors="0" timestamp="2023-06-30T15:34:39" hostname="fv-az617-677" time="36.921">
  <properties/>
  <testcase name="Test_Exhaust_Thread_Pool[0: com.dotmarketing.business.cache.provider.h22.H22CacheTest$ToleranceTestCase@27231934]" classname="com.dotmarketing.business.cache.provider.h22.H22CacheTest" time="0.007">
    <skipped/>
  </testcase>
  <testcase name="Test_Exhaust_Thread_Pool[1: com.dotmarketing.business.cache.provider.h22.H22CacheTest$ToleranceTestCase@65036e0c]" classname="com.dotmarketing.business.cache.provider.h22.H22CacheTest" time="0.0">
    <skipped/>
  </testcase>
  <testcase name="Test_Exhaust_Thread_Pool[2: com.dotmarketing.business.cache.provider.h22.H22CacheTest$ToleranceTestCase@24575771]" classname="com.dotmarketing.business.cache.provider.h22.H22CacheTest" time="0.0">
    <skipped/>
  </testcase>
  <testcase name="Test_Exhaust_Thread_Pool[3: com.dotmarketing.business.cache.provider.h22.H22CacheTest$ToleranceTestCase@5e01b2a4]" classname="com.dotmarketing.business.cache.provider.h22.H22CacheTest" time="0.0">
    <skipped/>
  </testcase>
  <testcase name="Test_Exhaust_Thread_Pool[4: com.dotmarketing.business.cache.provider.h22.H22CacheTest$ToleranceTestCase@61d4eae9]" classname="com.dotmarketing.business.cache.provider.h22.H22CacheTest" time="0.0">
    <skipped/>
  </testcase>
  <testcase name="Test_Exhaust_Thread_Pool[5: com.dotmarketing.business.cache.provider.h22.H22CacheTest$ToleranceTestCase@1fd99bd1]" classname="com.dotmarketing.business.cache.provider.h22.H22CacheTest" time="0.0">
    <skipped/>
  </testcase>
  <testcase name="Test_Exhaust_Thread_Pool[6: com.dotmarketing.business.cache.provider.h22.H22CacheTest$ToleranceTestCase@12bab84]" classname="com.dotmarketing.business.cache.provider.h22.H22CacheTest" time="0.0">
    <skipped/>
  </testcase>
  <testcase name="test_basic_cache_operations" classname="com.dotmarketing.business.cache.provider.h22.H22CacheTest" time="18.063"/>
  <testcase name="test_multi_threaded_h22_including_recovery" classname="com.dotmarketing.business.cache.provider.h22.H22CacheTest" time="13.081"/>
  <testcase name="test_special_cases_like_long_names" classname="com.dotmarketing.business.cache.provider.h22.H22CacheTest" time="5.767"/>
  <system-out><![CDATA[]]></system-out>
  <system-err><![CDATA[]]></system-err>
</testsuite>
