<?xml version="1.0" encoding="UTF-8"?>
<testsuite name="com.dotmarketing.portlets.rules.util.LogicalStatementTest" tests="19" skipped="0" failures="0" errors="0" timestamp="2023-07-17T18:07:39" hostname="fv-az400-396" time="0.003">
  <properties/>
  <testcase name="testComparisons[0: Evaluates to true if no conditions.]" classname="com.dotmarketing.portlets.rules.util.LogicalStatementTest" time="0.0"/>
  <testcase name="testComparisons[1: A || B &amp; C should evaluate as ( A || ( B &amp;&amp; C) ):  (true || ( false &amp;&amp; true ) ) ==&gt; true.]" classname="com.dotmarketing.portlets.rules.util.LogicalStatementTest" time="0.0"/>
  <testcase name="testComparisons[2: A || B &amp;&amp; C || D should evaluate as ( A || ( B &amp;&amp; C) || D ):  (true || ( true &amp;&amp; true ) || true ) ==&gt; true.]" classname="com.dotmarketing.portlets.rules.util.LogicalStatementTest" time="0.0"/>
  <testcase name="testComparisons[3: A || B &amp;&amp; C || D should evaluate as ( A || ( B &amp;&amp; C) || D ):  (true || ( true &amp;&amp; true ) || false ) ==&gt; true.]" classname="com.dotmarketing.portlets.rules.util.LogicalStatementTest" time="0.0"/>
  <testcase name="testComparisons[4: A || B &amp;&amp; C || D should evaluate as ( A || ( B &amp;&amp; C) || D ):  (true || ( true &amp;&amp; false ) || true ) ==&gt; true.]" classname="com.dotmarketing.portlets.rules.util.LogicalStatementTest" time="0.0"/>
  <testcase name="testComparisons[5: A || B &amp;&amp; C || D should evaluate as ( A || ( B &amp;&amp; C) || D ):  (true || ( true &amp;&amp; false ) || false ) ==&gt; true.]" classname="com.dotmarketing.portlets.rules.util.LogicalStatementTest" time="0.0"/>
  <testcase name="testComparisons[6: A || B &amp;&amp; C || D should evaluate as ( A || ( B &amp;&amp; C) || D ):  (true || ( false &amp;&amp; true ) || true ) ==&gt; true.]" classname="com.dotmarketing.portlets.rules.util.LogicalStatementTest" time="0.0"/>
  <testcase name="testComparisons[7: A || B &amp;&amp; C || D should evaluate as ( A || ( B &amp;&amp; C) || D ):  (true || ( false &amp;&amp; true ) || false ) ==&gt; true.]" classname="com.dotmarketing.portlets.rules.util.LogicalStatementTest" time="0.0"/>
  <testcase name="testComparisons[8: A || B &amp;&amp; C || D should evaluate as ( A || ( B &amp;&amp; C) || D ):  (true || ( false &amp;&amp; false ) || true ) ==&gt; true.]" classname="com.dotmarketing.portlets.rules.util.LogicalStatementTest" time="0.0"/>
  <testcase name="testComparisons[9: A || B &amp;&amp; C || D should evaluate as ( A || ( B &amp;&amp; C) || D ):  (true || ( false &amp;&amp; false ) || false ) ==&gt; true.]" classname="com.dotmarketing.portlets.rules.util.LogicalStatementTest" time="0.0"/>
  <testcase name="testComparisons[10: A || B &amp;&amp; C || D should evaluate as ( A || ( B &amp;&amp; C) || D ):  (false || ( true &amp;&amp; true ) || true ) ==&gt; true.]" classname="com.dotmarketing.portlets.rules.util.LogicalStatementTest" time="0.001"/>
  <testcase name="testComparisons[11: A || B &amp;&amp; C || D should evaluate as ( A || ( B &amp;&amp; C) || D ):  (false || ( true &amp;&amp; true ) || false ) ==&gt; true.]" classname="com.dotmarketing.portlets.rules.util.LogicalStatementTest" time="0.0"/>
  <testcase name="testComparisons[12: A || B &amp;&amp; C || D should evaluate as ( A || ( B &amp;&amp; C) || D ):  (false || ( true &amp;&amp; false ) || true ) ==&gt; true.]" classname="com.dotmarketing.portlets.rules.util.LogicalStatementTest" time="0.0"/>
  <testcase name="testComparisons[13: A || B &amp;&amp; C || D should evaluate as ( A || ( B &amp;&amp; C) || D ):  (false || ( true &amp;&amp; false ) || false ) ==&gt; false.]" classname="com.dotmarketing.portlets.rules.util.LogicalStatementTest" time="0.0"/>
  <testcase name="testComparisons[14: A || B &amp;&amp; C || D should evaluate as ( A || ( B &amp;&amp; C) || D ):  (false || ( false &amp;&amp; true ) || true ) ==&gt; true.]" classname="com.dotmarketing.portlets.rules.util.LogicalStatementTest" time="0.0"/>
  <testcase name="testComparisons[15: A || B &amp;&amp; C || D should evaluate as ( A || ( B &amp;&amp; C) || D ):  (false || ( false &amp;&amp; true ) || false ) ==&gt; false.]" classname="com.dotmarketing.portlets.rules.util.LogicalStatementTest" time="0.002"/>
  <testcase name="testComparisons[16: A || B &amp;&amp; C || D should evaluate as ( A || ( B &amp;&amp; C) || D ):  (false || ( false &amp;&amp; false ) || true ) ==&gt; true.]" classname="com.dotmarketing.portlets.rules.util.LogicalStatementTest" time="0.0"/>
  <testcase name="testComparisons[17: A || B &amp;&amp; C || D should evaluate as ( A || ( B &amp;&amp; C) || D ):  (false || ( false &amp;&amp; false ) || false ) ==&gt; false.]" classname="com.dotmarketing.portlets.rules.util.LogicalStatementTest" time="0.0"/>
  <testcase name="testComparisons[18: A || B &amp;&amp; C || D &amp;&amp; E &amp;&amp; F || G:  (false || ( true &amp;&amp; false ) || (false &amp;&amp; true &amp;&amp; false) || true ) ==&gt; true.]" classname="com.dotmarketing.portlets.rules.util.LogicalStatementTest" time="0.0"/>
  <system-out><![CDATA[]]></system-out>
  <system-err><![CDATA[]]></system-err>
</testsuite>
