<?xml version="1.0" encoding="UTF-8"?>
<testsuite name="com.dotcms.auth.providers.jwt.factories.SecretKeySpecFactoryTest" tests="1" skipped="0" failures="0" errors="0" timestamp="2023-07-20T18:52:06" hostname="fv-az612-909" time="1.568">
  <properties/>
  <testcase name="readAndPrepareSecret" classname="com.dotcms.auth.providers.jwt.factories.SecretKeySpecFactoryTest" time="1.568"/>
  <system-out><![CDATA[8551c13bfcb28e5082fd0c2e1062c2314f419317a4e66a25f942f662a34f334542da7643d35838f82b4bc2d135502f9eec255605931476341e4f22ccc6a88705
MySecretKey2
MySecretKey3
MySecretKey3
832fd66f6a107fce7a2de6d1ce5010795aeecce1e5f02a49faccdf19deb410948ae0836f3c3795be5fa719f27629c7453bfde300bd8cf389c2e49f4a5bad4587
5b88f2eeee1e6a0cc4c2e7d1f800b12abe38e9d7c3b0172174b148cf156a7648a96d555c179a9abe0345362b4e19765afc764386f5a8739df3ef94adc780f034
e3e4110c451df458c673609a8fec59c6b65c4763edcacb1b3ecaefade5c1c479e86fd5117de737febfba4ec7446a8fe8c083a50b253df90ff9d49835ce5c9a13
]]></system-out>
  <system-err><![CDATA[]]></system-err>
</testsuite>
