<?xml version="1.0" encoding="UTF-8"?>
<testsuite name="com.dotcms.util.diff.DiffCommandTest" tests="2" skipped="0" failures="0" errors="0" timestamp="2023-07-17T21:37:26" hostname="fv-az401-175" time="0.005">
  <properties/>
  <testcase name="applyDiff_Comparable" classname="com.dotcms.util.diff.DiffCommandTest" time="0.004"/>
  <testcase name="applyDiff_Differentiable" classname="com.dotcms.util.diff.DiffCommandTest" time="0.001"/>
  <system-out><![CDATA[{six=six, five=five}
{two=two}
{four=fourxxx, one=onexxx}
{six=com.dotcms.util.diff.DiffCommandTest$StringDifferentiable@949e92c, five=com.dotcms.util.diff.DiffCommandTest$StringDifferentiable@67ebe1cc}
{two=com.dotcms.util.diff.DiffCommandTest$StringDifferentiable@22ebb1fc}
{four=com.dotcms.util.diff.DiffCommandTest$StringDifferentiable@7aa21ef9, one=com.dotcms.util.diff.DiffCommandTest$StringDifferentiable@3ce49808}
]]></system-out>
  <system-err><![CDATA[]]></system-err>
</testsuite>
