<?xml version="1.0" encoding="UTF-8"?>
<testsuite name="com.dotmarketing.util.RegEXTest" tests="6" skipped="0" failures="0" errors="0" timestamp="2023-07-19T15:28:07" hostname="fv-az168-813" time="0.026">
  <properties/>
  <testcase name="testCaseUnSensitiveAndCaseSensitiveLowerRegex" classname="com.dotmarketing.util.RegEXTest" time="0.003"/>
  <testcase name="test_replace_token_by_white_space_on_pattern" classname="com.dotmarketing.util.RegEXTest" time="0.008"/>
  <testcase name="testCaseUnSensitiveAndCaseSensitiveMixRegex" classname="com.dotmarketing.util.RegEXTest" time="0.001"/>
  <testcase name="testCaseUnSensitiveAndCaseSensitiveLowerRegexWildcard" classname="com.dotmarketing.util.RegEXTest" time="0.001"/>
  <testcase name="test_replace_token_by_white_space" classname="com.dotmarketing.util.RegEXTest" time="0.011"/>
  <testcase name="testCaseUnSensitiveAndCaseSensitiveLowerRegexWildcardEnd" classname="com.dotmarketing.util.RegEXTest" time="0.001"/>
  <system-out><![CDATA[]]></system-out>
  <system-err><![CDATA[]]></system-err>
</testsuite>
