<?xml version="1.0" encoding="UTF-8"?>
<testsuite name="com.dotmarketing.portlets.osgi.AJAX.OSGIBaseAJAXTest" tests="3" skipped="0" failures="0" errors="0" timestamp="2023-06-29T16:46:21" hostname="fv-az586-632" time="0.076">
  <properties/>
  <testcase name="TestOnNullCallTheDefaultCommand" classname="com.dotmarketing.portlets.osgi.AJAX.OSGIBaseAJAXTest" time="0.052"/>
  <testcase name="TestNotAllowedCommands" classname="com.dotmarketing.portlets.osgi.AJAX.OSGIBaseAJAXTest" time="0.007"/>
  <testcase name="TestAllowedCommands" classname="com.dotmarketing.portlets.osgi.AJAX.OSGIBaseAJAXTest" time="0.016"/>
  <system-out><![CDATA[ Command ::  forbiddenMethod  on  class Mock for OSGIAJAX, hashCode: 533515434
 Command ::  modifyExtraPackages  on  class Mock for OSGIAJAX, hashCode: 865009303
 Command ::  undeploy  on  class Mock for OSGIAJAX, hashCode: 865009303
 Command ::  stop  on  class Mock for OSGIAJAX, hashCode: 865009303
 Command ::  add  on  class Mock for OSGIAJAX, hashCode: 865009303
 Command ::  start  on  class Mock for OSGIAJAX, hashCode: 865009303
 Command ::  restart  on  class Mock for OSGIAJAX, hashCode: 865009303
 Command ::  action  on  class Mock for OSGIAJAX, hashCode: 865009303
 Command ::  getExtraPackages  on  class Mock for OSGIAJAX, hashCode: 865009303
 Command ::  remove  on  class Mock for OSGIAJAX, hashCode: 865009303
 Command ::  deploy  on  class Mock for OSGIAJAX, hashCode: 865009303
]]></system-out>
  <system-err><![CDATA[]]></system-err>
</testsuite>
