<?xml version="1.0" encoding="UTF-8"?>
<testsuite name="com.dotmarketing.portlets.rules.actionlet.SendRedirectActionletTest" tests="7" skipped="0" failures="0" errors="0" timestamp="2023-07-14T16:26:40" hostname="fv-az361-653" time="0.025">
  <properties/>
  <testcase name="testExecuteAction" classname="com.dotmarketing.portlets.rules.actionlet.SendRedirectActionletTest" time="0.015"/>
  <testcase name="testGeneralConfiguration" classname="com.dotmarketing.portlets.rules.actionlet.SendRedirectActionletTest" time="0.0"/>
  <testcase name="testValidateParameters[0: com.dotmarketing.portlets.rules.actionlet.SendRedirectActionletTest$SimpleUrlCase@3eb4319e]" classname="com.dotmarketing.portlets.rules.actionlet.SendRedirectActionletTest" time="0.001"/>
  <testcase name="testValidateParameters[1: com.dotmarketing.portlets.rules.actionlet.SendRedirectActionletTest$SimpleUrlCase@3bd9c8b3]" classname="com.dotmarketing.portlets.rules.actionlet.SendRedirectActionletTest" time="0.005"/>
  <testcase name="testValidateParameters[2: com.dotmarketing.portlets.rules.actionlet.SendRedirectActionletTest$SimpleUrlCase@4502b8f6]" classname="com.dotmarketing.portlets.rules.actionlet.SendRedirectActionletTest" time="0.0"/>
  <testcase name="testValidateParameters[3: com.dotmarketing.portlets.rules.actionlet.SendRedirectActionletTest$SimpleUrlCase@3d05188]" classname="com.dotmarketing.portlets.rules.actionlet.SendRedirectActionletTest" time="0.0"/>
  <testcase name="testValidateParameters[4: com.dotmarketing.portlets.rules.actionlet.SendRedirectActionletTest$SimpleUrlCase@1cf7a8ad]" classname="com.dotmarketing.portlets.rules.actionlet.SendRedirectActionletTest" time="0.001"/>
  <system-out><![CDATA[]]></system-out>
  <system-err><![CDATA[]]></system-err>
</testsuite>
