<?xml version="1.0" encoding="UTF-8"?>
<testsuite name="com.dotmarketing.portlets.workflows.ajax.WfBaseActionTest" tests="3" skipped="0" failures="0" errors="0" timestamp="2023-07-10T22:14:45" hostname="fv-az450-691" time="0.149">
  <properties/>
  <testcase name="TestOnNullCallTheDefaultCommand" classname="com.dotmarketing.portlets.workflows.ajax.WfBaseActionTest" time="0.126"/>
  <testcase name="TestNotAllowedCommands" classname="com.dotmarketing.portlets.workflows.ajax.WfBaseActionTest" time="0.008"/>
  <testcase name="TestAllowedCommands" classname="com.dotmarketing.portlets.workflows.ajax.WfBaseActionTest" time="0.015"/>
  <system-out><![CDATA[ Command ::  forbiddenMethod  on  class Mock for WfRoleStoreAjax, hashCode: 132544640
 Command ::  forbiddenMethod  on  class Mock for WfActionClassAjax, hashCode: 845164413
 Command ::  forbiddenMethod  on  class Mock for WfSchemeAjax, hashCode: 50204827
 Command ::  forbiddenMethod  on  class Mock for WfActionAjax, hashCode: 2057382385
 Command ::  forbiddenMethod  on  class Mock for WfTaskAjax, hashCode: 2094048319
 Command ::  action  on  class Mock for WfRoleStoreAjax, hashCode: 153202164
 Command ::  assignable  on  class Mock for WfRoleStoreAjax, hashCode: 153202164
 Command ::  rolesToJson  on  class Mock for WfRoleStoreAjax, hashCode: 153202164
 Command ::  add  on  class Mock for WfActionClassAjax, hashCode: 1048761306
 Command ::  action  on  class Mock for WfActionClassAjax, hashCode: 1048761306
 Command ::  reorder  on  class Mock for WfActionClassAjax, hashCode: 1048761306
 Command ::  delete  on  class Mock for WfActionClassAjax, hashCode: 1048761306
 Command ::  save  on  class Mock for WfActionClassAjax, hashCode: 1048761306
 Command ::  save  on  class Mock for WfSchemeAjax, hashCode: 1593999187
 Command ::  action  on  class Mock for WfSchemeAjax, hashCode: 1593999187
 Command ::  delete  on  class Mock for WfActionAjax, hashCode: 722107232
 Command ::  reorder  on  class Mock for WfActionAjax, hashCode: 722107232
 Command ::  action  on  class Mock for WfActionAjax, hashCode: 722107232
 Command ::  add  on  class Mock for WfActionAjax, hashCode: 722107232
 Command ::  deleteActionForStep  on  class Mock for WfActionAjax, hashCode: 722107232
 Command ::  save  on  class Mock for WfActionAjax, hashCode: 722107232
 Command ::  executeAction  on  class Mock for WfTaskAjax, hashCode: 1908651346
 Command ::  executeActions  on  class Mock for WfTaskAjax, hashCode: 1908651346
 Command ::  action  on  class Mock for WfTaskAjax, hashCode: 1908651346
]]></system-out>
  <system-err><![CDATA[]]></system-err>
</testsuite>
