<?xml version="1.0" encoding="UTF-8"?>
<testsuite name="com.dotcms.analytics.helper.BayesianHelperTest" tests="3" skipped="0" failures="0" errors="0" timestamp="2023-07-12T17:33:03" hostname="fv-az575-226" time="0.279">
  <properties/>
  <testcase name="test_toBayesianInput_noDefault" classname="com.dotcms.analytics.helper.BayesianHelperTest" time="0.212"/>
  <testcase name="test_toBayesianInput_noTest" classname="com.dotcms.analytics.helper.BayesianHelperTest" time="0.056"/>
  <testcase name="test_toBayesianInput" classname="com.dotcms.analytics.helper.BayesianHelperTest" time="0.011"/>
  <system-out><![CDATA[]]></system-out>
  <system-err><![CDATA[]]></system-err>
</testsuite>
