<?xml version="1.0" encoding="UTF-8"?>
<testsuite name="com.dotcms.cube.CubeJSClientTest" tests="3" skipped="0" failures="0" errors="0" timestamp="2023-07-20T20:58:48" hostname="fv-az553-228" time="0.567">
  <properties/>
  <testcase name="sendWrongQuery" classname="com.dotcms.cube.CubeJSClientTest" time="0.078"/>
  <testcase name="sendAllOk" classname="com.dotcms.cube.CubeJSClientTest" time="0.477"/>
  <testcase name="http404" classname="com.dotcms.cube.CubeJSClientTest" time="0.01"/>
  <system-out><![CDATA[]]></system-out>
  <system-err><![CDATA[]]></system-err>
</testsuite>
