<?xml version="1.0" encoding="UTF-8"?>
<testsuite name="com.dotcms.auth.providers.jwt.factories.SecretKeySpecFactoryTest" tests="1" skipped="0" failures="0" errors="0" timestamp="2023-07-17T14:09:06" hostname="fv-az404-376" time="1.579">
  <properties/>
  <testcase name="readAndPrepareSecret" classname="com.dotcms.auth.providers.jwt.factories.SecretKeySpecFactoryTest" time="1.579"/>
  <system-out><![CDATA[8c8f9165b5cb6a7c66975e924ff311f71ad7398efba868730b24dddf1556364b6c66c37bd35e042f1178c7f714a3875af27a12e0ac8c16cf43c7034bbeef476c
MySecretKey2
MySecretKey3
MySecretKey3
165ec880ba345d7f5d858bac3c4b2b558b6b1c393bc3ac8498aa4d5219e3930ed31cbfa431631d7080f5ed1b62c8d6b32725e98ca1ce55b16d2f7b53a2bfc632
82c348441daa885be9b863a4d07da56f4a96a8c4411779b5596409812793923ed09af9f86b62087d015c812d49305ce1827606289fee62897a64be78227bfc9e
77c87875e5d6347bd8ce6b40530cc19fdd27889e1624e3bd1ead3b13f172ac96b0de3795bca189a28d813539a11cbe268df8b915ceda61b2fc49cf5dc789efa4
]]></system-out>
  <system-err><![CDATA[]]></system-err>
</testsuite>
