<?xml version="1.0" encoding="UTF-8"?>
<testsuite name="com.dotcms.auth.providers.jwt.factories.SecretKeySpecFactoryTest" tests="1" skipped="0" failures="0" errors="0" timestamp="2023-06-23T20:52:41" hostname="fv-az341-124" time="1.713">
  <properties/>
  <testcase name="readAndPrepareSecret" classname="com.dotcms.auth.providers.jwt.factories.SecretKeySpecFactoryTest" time="1.713"/>
  <system-out><![CDATA[c988518f0bab9ad636ec178b1c86a886990a77d996eefc0d30336929cfb9fca3d69b52f4a2ad42b5d7f8859c71bec20fab9d406e2a36c7abcc0c634c3df4e915
MySecretKey2
MySecretKey3
MySecretKey3
add148a4ae48a604691ca58e26652729b99243bdb5cf290e2b847a5274aba5b4d6574074c60f58eaed04724a99d2f911306cee030f47fc861e45cfd42a70312c
4311b1f073c5c4f0589fa47ea4a953ccdf25f832e51df46c36926fcb61fe5918cbb1534f219e3f50b8524f2a1e9bf8a16e5bb670cd360d80c2ec8a93a9317f47
eaedbc3918f0a4f3dd265e8e91a40c4b43f0a323ba745e142d6521ea2053198a421e4efec9efc371ec7673e3dcbe59e4b5ac77bf7e90d27500276db23e9cdc86
]]></system-out>
  <system-err><![CDATA[]]></system-err>
</testsuite>
