<?xml version="1.0" encoding="UTF-8"?>
<testsuite name="com.dotcms.auth.providers.jwt.factories.SecretKeySpecFactoryTest" tests="1" skipped="0" failures="0" errors="0" timestamp="2023-06-29T19:52:29" hostname="fv-az344-336" time="1.388">
  <properties/>
  <testcase name="readAndPrepareSecret" classname="com.dotcms.auth.providers.jwt.factories.SecretKeySpecFactoryTest" time="1.388"/>
  <system-out><![CDATA[5e1780851478450adf63285eeded350291dc734e13dcfb563e78862b0902c302fdc10caf0af3ae583b541e00968ca4c08587ee3d4ea17ecc4a6e998aeed4b9ff
MySecretKey2
MySecretKey3
MySecretKey3
c514fa43401ddb6537cbffe308ba3598f256515ef328c7f600c31c2ee1f675e8501f15dba44c6a70149e3248005cec51cdcd60435f3d5e2730d20fee86b8bf41
28b189c65554665524d0ca86bf43afeabab16f9a4fdcf548302dda53efe9ff61cda7120f5bd14c94c07ae2f489299005b5621b2abb394fdb0aecd805fb26dfad
a2396ffcffd01039469b8f99fd72a74f793d759bc6046a06c4a6f9b59a42f28e9366c05cce9b9dfa1d4a763afbf84d0d3accc2862fcf9fd6d3055a66cb21e011
]]></system-out>
  <system-err><![CDATA[]]></system-err>
</testsuite>
