<?xml version="1.0" encoding="UTF-8"?>
<testsuite name="com.dotcms.auth.providers.jwt.factories.SecretKeySpecFactoryTest" tests="1" skipped="0" failures="0" errors="0" timestamp="2023-07-11T21:13:23" hostname="fv-az255-202" time="1.818">
  <properties/>
  <testcase name="readAndPrepareSecret" classname="com.dotcms.auth.providers.jwt.factories.SecretKeySpecFactoryTest" time="1.818"/>
  <system-out><![CDATA[28ee7dc19eea61da24443d35b370daeaa8d00997bbd2ee8d67260c63460ce8e78b151868753ef63fc79e30838aeed518f9a90d1048a31ad929248293098c9668
MySecretKey2
MySecretKey3
MySecretKey3
5150aabe98cf5223f1a7c7c23517e4dcf310c8c68e398bfb39cf5b6dacaa8711523e5bf15128fc4cab1894975b144a284e481278fef92f18d75a05ac7881990a
6bc489b8c998217480e98d9c6c5e24bcb95799d4db1b50eca3dfcefe5837243367f99feb5417067f1ae57f7a6f480096ec8cab1d40914b501b2b30643135dc31
5027330e1b7fbe75876ef2406909df3d4569158e3095214feb94065d3b422aa6248fa8b47225182208b69b0e8b1cd9368fc2a8a3e3b12e862c2a4dbaed21cbe7
]]></system-out>
  <system-err><![CDATA[]]></system-err>
</testsuite>
