<?xml version="1.0" encoding="UTF-8"?>
<testsuite name="com.dotcms.util.BloomFilterTest" tests="1" skipped="0" failures="0" errors="0" timestamp="2023-07-17T15:23:46" hostname="fv-az1243-755" time="0.201">
  <properties/>
  <testcase name="test_bloom_filter" classname="com.dotcms.util.BloomFilterTest" time="0.201"/>
  <system-out><![CDATA[]]></system-out>
  <system-err><![CDATA[]]></system-err>
</testsuite>
