<?xml version="1.0" encoding="UTF-8"?>
<testsuite name="com.dotcms.util.diff.DiffCommandTest" tests="2" skipped="0" failures="0" errors="0" timestamp="2023-06-30T19:50:38" hostname="fv-az407-6" time="0.004">
  <properties/>
  <testcase name="applyDiff_Comparable" classname="com.dotcms.util.diff.DiffCommandTest" time="0.004"/>
  <testcase name="applyDiff_Differentiable" classname="com.dotcms.util.diff.DiffCommandTest" time="0.0"/>
  <system-out><![CDATA[{six=six, five=five}
{two=two}
{four=fourxxx, one=onexxx}
{six=com.dotcms.util.diff.DiffCommandTest$StringDifferentiable@6aeadef8, five=com.dotcms.util.diff.DiffCommandTest$StringDifferentiable@3d8904d0}
{two=com.dotcms.util.diff.DiffCommandTest$StringDifferentiable@4a2c19ed}
{four=com.dotcms.util.diff.DiffCommandTest$StringDifferentiable@5e33237a, one=com.dotcms.util.diff.DiffCommandTest$StringDifferentiable@62922b5a}
]]></system-out>
  <system-err><![CDATA[]]></system-err>
</testsuite>
