<?xml version="1.0" encoding="UTF-8"?>
<testsuite name="com.liferay.util.FileUtilTest" tests="11" skipped="0" failures="0" errors="0" timestamp="2023-07-06T16:43:21" hostname="fv-az736-511" time="0.168">
  <properties/>
  <testcase name="simpleCopyFilesTest" classname="com.liferay.util.FileUtilTest" time="0.005"/>
  <testcase name="test_clean_tree_deletes_folders_files_by_date" classname="com.liferay.util.FileUtilTest" time="0.005"/>
  <testcase name="simpleListFileHandlesTest" classname="com.liferay.util.FileUtilTest" time="0.033"/>
  <testcase name="test_compress_gzip_enum_outputstream" classname="com.liferay.util.FileUtilTest" time="0.014"/>
  <testcase name="simpleCopyDirsTest" classname="com.liferay.util.FileUtilTest" time="0.004"/>
  <testcase name="simpleListFilesTest" classname="com.liferay.util.FileUtilTest" time="0.004"/>
  <testcase name="test_compress_bzip2_enum_outputstream" classname="com.liferay.util.FileUtilTest" time="0.053"/>
  <testcase name="test_uncompress_outputstream" classname="com.liferay.util.FileUtilTest" time="0.001"/>
  <testcase name="test_compress_gzip_outputstream" classname="com.liferay.util.FileUtilTest" time="0.001"/>
  <testcase name="simpleMoveTest" classname="com.liferay.util.FileUtilTest" time="0.007"/>
  <testcase name="test_compress_bzip2_outputstream" classname="com.liferay.util.FileUtilTest" time="0.027"/>
  <system-out><![CDATA[]]></system-out>
  <system-err><![CDATA[]]></system-err>
</testsuite>
