<?xml version="1.0" encoding="UTF-8"?>
<testsuite name="com.dotcms.listeners.SessionMonitorTest" tests="2" skipped="0" failures="0" errors="0" timestamp="2023-07-18T18:15:28" hostname="fv-az951-536" time="0.094">
  <properties/>
  <testcase name="testSessionDestroyedWithLogout" classname="com.dotcms.listeners.SessionMonitorTest" time="0.088"/>
  <testcase name="testSessionDestroyedWithoutLogout" classname="com.dotcms.listeners.SessionMonitorTest" time="0.003"/>
  <system-out><![CDATA[]]></system-out>
  <system-err><![CDATA[]]></system-err>
</testsuite>
