<?xml version="1.0" encoding="UTF-8"?>
<testsuite name="com.dotmarketing.portlets.workflows.ajax.WfBaseActionTest" tests="3" skipped="0" failures="0" errors="0" timestamp="2023-07-13T19:33:47" hostname="fv-az413-315" time="0.161">
  <properties/>
  <testcase name="TestOnNullCallTheDefaultCommand" classname="com.dotmarketing.portlets.workflows.ajax.WfBaseActionTest" time="0.129"/>
  <testcase name="TestNotAllowedCommands" classname="com.dotmarketing.portlets.workflows.ajax.WfBaseActionTest" time="0.008"/>
  <testcase name="TestAllowedCommands" classname="com.dotmarketing.portlets.workflows.ajax.WfBaseActionTest" time="0.024"/>
  <system-out><![CDATA[ Command ::  forbiddenMethod  on  class Mock for WfRoleStoreAjax, hashCode: 795777757
 Command ::  forbiddenMethod  on  class Mock for WfActionAjax, hashCode: 1252581610
 Command ::  forbiddenMethod  on  class Mock for WfActionClassAjax, hashCode: 862458669
 Command ::  forbiddenMethod  on  class Mock for WfSchemeAjax, hashCode: 1195160790
 Command ::  forbiddenMethod  on  class Mock for WfTaskAjax, hashCode: 44522268
 Command ::  rolesToJson  on  class Mock for WfRoleStoreAjax, hashCode: 531103789
 Command ::  assignable  on  class Mock for WfRoleStoreAjax, hashCode: 531103789
 Command ::  action  on  class Mock for WfRoleStoreAjax, hashCode: 531103789
 Command ::  save  on  class Mock for WfActionAjax, hashCode: 2028879403
 Command ::  deleteActionForStep  on  class Mock for WfActionAjax, hashCode: 2028879403
 Command ::  add  on  class Mock for WfActionAjax, hashCode: 2028879403
 Command ::  action  on  class Mock for WfActionAjax, hashCode: 2028879403
 Command ::  reorder  on  class Mock for WfActionAjax, hashCode: 2028879403
 Command ::  delete  on  class Mock for WfActionAjax, hashCode: 2028879403
 Command ::  add  on  class Mock for WfActionClassAjax, hashCode: 824911933
 Command ::  save  on  class Mock for WfActionClassAjax, hashCode: 824911933
 Command ::  delete  on  class Mock for WfActionClassAjax, hashCode: 824911933
 Command ::  reorder  on  class Mock for WfActionClassAjax, hashCode: 824911933
 Command ::  action  on  class Mock for WfActionClassAjax, hashCode: 824911933
 Command ::  action  on  class Mock for WfSchemeAjax, hashCode: 229729250
 Command ::  save  on  class Mock for WfSchemeAjax, hashCode: 229729250
 Command ::  executeAction  on  class Mock for WfTaskAjax, hashCode: 568939032
 Command ::  action  on  class Mock for WfTaskAjax, hashCode: 568939032
 Command ::  executeActions  on  class Mock for WfTaskAjax, hashCode: 568939032
]]></system-out>
  <system-err><![CDATA[]]></system-err>
</testsuite>
