<?xml version="1.0" encoding="UTF-8"?>
<testsuite name="com.dotcms.filters.NormalizationFilterTest" tests="9" skipped="0" failures="0" errors="0" timestamp="2023-07-10T16:48:42" hostname="fv-az444-180" time="0.027">
  <properties/>
  <testcase name="test_uri_normalizer_invalid_uris" classname="com.dotcms.filters.NormalizationFilterTest" time="0.009"/>
  <testcase name="test_stripping_bad_chars" classname="com.dotcms.filters.NormalizationFilterTest" time="0.007"/>
  <testcase name="test_allow_spaces_in_uri" classname="com.dotcms.filters.NormalizationFilterTest" time="0.0"/>
  <testcase name="test_uri_normalization_valid_URI" classname="com.dotcms.filters.NormalizationFilterTest" time="0.001"/>
  <testcase name="test_uri_normalizer_dot_and_double_dots" classname="com.dotcms.filters.NormalizationFilterTest" time="0.004"/>
  <testcase name="test_double_slashes_are_blocked" classname="com.dotcms.filters.NormalizationFilterTest" time="0.0"/>
  <testcase name="test_uri_normalization_invalid_URI" classname="com.dotcms.filters.NormalizationFilterTest" time="0.001"/>
  <testcase name="test_allow_utf8_in_uri" classname="com.dotcms.filters.NormalizationFilterTest" time="0.001"/>
  <testcase name="test_uri_normalizer_fixes_semicolons" classname="com.dotcms.filters.NormalizationFilterTest" time="0.003"/>
  <system-out><![CDATA[]]></system-out>
  <system-err><![CDATA[]]></system-err>
</testsuite>
