<?xml version="1.0" encoding="UTF-8"?>
<testsuite name="com.dotcms.auth.providers.jwt.factories.SecretKeySpecFactoryTest" tests="1" skipped="0" failures="0" errors="0" timestamp="2023-07-11T02:13:48" hostname="fv-az452-294" time="1.238">
  <properties/>
  <testcase name="readAndPrepareSecret" classname="com.dotcms.auth.providers.jwt.factories.SecretKeySpecFactoryTest" time="1.238"/>
  <system-out><![CDATA[ef7a9de86b2ce187c5b0883b98ca74248d68722e78a26d9ebe3bb586bc62dfb86f83844f908c9ddd665a6ea852826a69154cc0f4e4619e42434d3ebc2e822cee
MySecretKey2
MySecretKey3
MySecretKey3
89faa7a749f914f6cffd9f807b7a4f72395334fb30381f3157c83d6fc30dd4a69cc1b71334dac1145344bd84001d2a9be39d1514b269eb8b564899b87ec82c90
5ba194a93597127a27e905732599846288bb57ab2d1571bee78ab11422d85f379d7ef6efd24e6b90d071ee2d3990817c064528c35b610080925e5ba64c44f7da
043e0ad7de2d2c2d9f5ab856aa5a6119c104a0c2e199b39581c58baba7c7e407064f98d55735b5330e465318ecb2f811d3510b184d99b5d718fa8120609ed17f
]]></system-out>
  <system-err><![CDATA[]]></system-err>
</testsuite>
