<?xml version="1.0" encoding="UTF-8"?>
<testsuite name="com.dotcms.auth.providers.jwt.factories.SecretKeySpecFactoryTest" tests="1" skipped="0" failures="0" errors="0" timestamp="2023-07-08T03:29:27" hostname="fv-az1025-488" time="1.401">
  <properties/>
  <testcase name="readAndPrepareSecret" classname="com.dotcms.auth.providers.jwt.factories.SecretKeySpecFactoryTest" time="1.401"/>
  <system-out><![CDATA[0f06783f09db6bbf778c2164423bb6f3ab3c7e0bb11b0b16cda020baa37dbf14b98c2ce5abbc0df4e4324dfa3a40d3a7a82d246adbdb354ab41f3798f4fc1971
MySecretKey2
MySecretKey3
MySecretKey3
dd15fa07e06736790083fb44b1c1304c4014900160045874e48a0d192cbd240ed8198cfe3ef24fc260adcf7a36ee6ff57ddd97b4166f24a1739a6659a514957d
e9c7f77d5ab0aa0c285c11f7badf7a52aead5e9938f14115f11276c09b02be025ffca2e7722848a9b0767075369ce733e13c1e6a8bdf8f8c1e8f772f1668a9af
994d3df34924712d5828056c5717d6495725fdf54deeba9f00e80fb41185b2483fef2de9eb06f365e80f04b4055bed9e651f24ccc9f64414149df885c40f2190
]]></system-out>
  <system-err><![CDATA[]]></system-err>
</testsuite>
