<?xml version="1.0" encoding="UTF-8"?>
<testsuite name="com.dotcms.contenttype.model.field.FieldTypeResourceTest" tests="1" skipped="0" failures="0" errors="0" timestamp="2023-07-08T04:35:53" hostname="fv-az577-928" time="0.611">
  <properties/>
  <testcase name="testGetFieldTypes" classname="com.dotcms.contenttype.model.field.FieldTypeResourceTest" time="0.611"/>
  <system-out><![CDATA[]]></system-out>
  <system-err><![CDATA[]]></system-err>
</testsuite>
