<?xml version="1.0" encoding="UTF-8"?>
<testsuite name="com.dotcms.util.diff.DiffCommandTest" tests="2" skipped="0" failures="0" errors="0" timestamp="2023-07-19T20:24:24" hostname="fv-az488-38" time="0.005">
  <properties/>
  <testcase name="applyDiff_Comparable" classname="com.dotcms.util.diff.DiffCommandTest" time="0.004"/>
  <testcase name="applyDiff_Differentiable" classname="com.dotcms.util.diff.DiffCommandTest" time="0.001"/>
  <system-out><![CDATA[{six=six, five=five}
{two=two}
{four=fourxxx, one=onexxx}
{six=com.dotcms.util.diff.DiffCommandTest$StringDifferentiable@577819d0, five=com.dotcms.util.diff.DiffCommandTest$StringDifferentiable@7f110360}
{two=com.dotcms.util.diff.DiffCommandTest$StringDifferentiable@3f28c401}
{four=com.dotcms.util.diff.DiffCommandTest$StringDifferentiable@2c778258, one=com.dotcms.util.diff.DiffCommandTest$StringDifferentiable@3b56b89f}
]]></system-out>
  <system-err><![CDATA[]]></system-err>
</testsuite>
