<?xml version="1.0" encoding="UTF-8"?>
<testsuite name="com.dotmarketing.portlets.workflows.ajax.WfBaseActionTest" tests="3" skipped="0" failures="0" errors="0" timestamp="2023-07-20T17:09:15" hostname="fv-az189-825" time="0.18">
  <properties/>
  <testcase name="TestOnNullCallTheDefaultCommand" classname="com.dotmarketing.portlets.workflows.ajax.WfBaseActionTest" time="0.139"/>
  <testcase name="TestNotAllowedCommands" classname="com.dotmarketing.portlets.workflows.ajax.WfBaseActionTest" time="0.017"/>
  <testcase name="TestAllowedCommands" classname="com.dotmarketing.portlets.workflows.ajax.WfBaseActionTest" time="0.024"/>
  <system-out><![CDATA[ Command ::  forbiddenMethod  on  class Mock for WfActionAjax, hashCode: 1266446367
 Command ::  forbiddenMethod  on  class Mock for WfRoleStoreAjax, hashCode: 229729250
 Command ::  forbiddenMethod  on  class Mock for WfSchemeAjax, hashCode: 568939032
 Command ::  forbiddenMethod  on  class Mock for WfActionClassAjax, hashCode: 1928748057
 Command ::  forbiddenMethod  on  class Mock for WfTaskAjax, hashCode: 2030357696
 Command ::  delete  on  class Mock for WfActionAjax, hashCode: 972320605
 Command ::  save  on  class Mock for WfActionAjax, hashCode: 972320605
 Command ::  deleteActionForStep  on  class Mock for WfActionAjax, hashCode: 972320605
 Command ::  add  on  class Mock for WfActionAjax, hashCode: 972320605
 Command ::  action  on  class Mock for WfActionAjax, hashCode: 972320605
 Command ::  reorder  on  class Mock for WfActionAjax, hashCode: 972320605
 Command ::  rolesToJson  on  class Mock for WfRoleStoreAjax, hashCode: 1723456790
 Command ::  assignable  on  class Mock for WfRoleStoreAjax, hashCode: 1723456790
 Command ::  action  on  class Mock for WfRoleStoreAjax, hashCode: 1723456790
 Command ::  action  on  class Mock for WfSchemeAjax, hashCode: 1395654061
 Command ::  save  on  class Mock for WfSchemeAjax, hashCode: 1395654061
 Command ::  save  on  class Mock for WfActionClassAjax, hashCode: 290226496
 Command ::  delete  on  class Mock for WfActionClassAjax, hashCode: 290226496
 Command ::  reorder  on  class Mock for WfActionClassAjax, hashCode: 290226496
 Command ::  action  on  class Mock for WfActionClassAjax, hashCode: 290226496
 Command ::  add  on  class Mock for WfActionClassAjax, hashCode: 290226496
 Command ::  executeActions  on  class Mock for WfTaskAjax, hashCode: 497081386
 Command ::  executeAction  on  class Mock for WfTaskAjax, hashCode: 497081386
 Command ::  action  on  class Mock for WfTaskAjax, hashCode: 497081386
]]></system-out>
  <system-err><![CDATA[]]></system-err>
</testsuite>
