<?xml version="1.0" encoding="UTF-8"?>
<testsuite name="com.dotcms.auth.providers.jwt.factories.SecretKeySpecFactoryTest" tests="1" skipped="0" failures="0" errors="0" timestamp="2023-07-11T14:31:13" hostname="fv-az851-866" time="1.266">
  <properties/>
  <testcase name="readAndPrepareSecret" classname="com.dotcms.auth.providers.jwt.factories.SecretKeySpecFactoryTest" time="1.266"/>
  <system-out><![CDATA[9d194a3c20de3d88df4a18630a971089b0e70cf87137d32742166e5c7109587f598affc031424c656cc2df034b54f225a1fa9b06711a5d4c98559b1fbaf2daed
MySecretKey2
MySecretKey3
MySecretKey3
8cddab5146e1bc31bcc2850cc8dc9dca0cccb6e837638cb97f0ea9f63e122f250003d166db22a3040ad7207d0e53999d8369f519a1c03b2c310dfd04333a8907
d8b15bc3efe2294a5fa48878ac7e8eba0d34d1d291a7e5e62259ea5dab0597688fe08ef556bc413d783f4f6493e406c55b798988d94db48139e903a1795a96c5
8fb937a418d2b388d58f6f8c41c169c67ad0a0a44483e70fd1acdcc02bdcbac01416866f3f1853fa7553245fe3a4be1ba7a8010f8194ce7f8b5357a0db53c88d
]]></system-out>
  <system-err><![CDATA[]]></system-err>
</testsuite>
