<?xml version="1.0" encoding="UTF-8"?>
<testsuite name="com.dotmarketing.portlets.rules.conditionlet.HttpMethodConditionletTest" tests="5" skipped="0" failures="0" errors="0" timestamp="2023-06-23T20:46:36" hostname="fv-az365-198" time="0.004">
  <properties/>
  <testcase name="testGeneralConfiguration" classname="com.dotmarketing.portlets.rules.conditionlet.HttpMethodConditionletTest" time="0.002"/>
  <testcase name="testComparisons[0: Comparison 'IS' should eval 'true' for HTTP Method value 'GET' and user value 'GET']" classname="com.dotmarketing.portlets.rules.conditionlet.HttpMethodConditionletTest" time="0.001"/>
  <testcase name="testComparisons[1: Comparison 'IS' should eval 'false' for HTTP Method value 'GET' and user value 'POST']" classname="com.dotmarketing.portlets.rules.conditionlet.HttpMethodConditionletTest" time="0.0"/>
  <testcase name="testComparisons[2: Comparison 'IS_NOT' should eval 'true' for HTTP Method value 'GET' and user value 'DELETE']" classname="com.dotmarketing.portlets.rules.conditionlet.HttpMethodConditionletTest" time="0.0"/>
  <testcase name="testComparisons[3: Comparison 'IS_NOT' should eval 'false' for HTTP Method value 'PATCH' and user value 'PATCH']" classname="com.dotmarketing.portlets.rules.conditionlet.HttpMethodConditionletTest" time="0.0"/>
  <system-out><![CDATA[]]></system-out>
  <system-err><![CDATA[]]></system-err>
</testsuite>
