<?xml version="1.0" encoding="UTF-8"?>
<testsuite name="com.dotmarketing.portlets.workflows.ajax.WfBaseActionTest" tests="3" skipped="0" failures="0" errors="0" timestamp="2023-06-30T19:51:59" hostname="fv-az407-6" time="0.154">
  <properties/>
  <testcase name="TestOnNullCallTheDefaultCommand" classname="com.dotmarketing.portlets.workflows.ajax.WfBaseActionTest" time="0.111"/>
  <testcase name="TestNotAllowedCommands" classname="com.dotmarketing.portlets.workflows.ajax.WfBaseActionTest" time="0.007"/>
  <testcase name="TestAllowedCommands" classname="com.dotmarketing.portlets.workflows.ajax.WfBaseActionTest" time="0.035"/>
  <system-out><![CDATA[ Command ::  forbiddenMethod  on  class Mock for WfTaskAjax, hashCode: 731075658
 Command ::  forbiddenMethod  on  class Mock for WfActionAjax, hashCode: 600799209
 Command ::  forbiddenMethod  on  class Mock for WfSchemeAjax, hashCode: 195312695
 Command ::  forbiddenMethod  on  class Mock for WfActionClassAjax, hashCode: 1588575413
 Command ::  forbiddenMethod  on  class Mock for WfRoleStoreAjax, hashCode: 1854885124
 Command ::  action  on  class Mock for WfTaskAjax, hashCode: 1950737865
 Command ::  executeActions  on  class Mock for WfTaskAjax, hashCode: 1950737865
 Command ::  executeAction  on  class Mock for WfTaskAjax, hashCode: 1950737865
 Command ::  save  on  class Mock for WfActionAjax, hashCode: 304420741
 Command ::  deleteActionForStep  on  class Mock for WfActionAjax, hashCode: 304420741
 Command ::  add  on  class Mock for WfActionAjax, hashCode: 304420741
 Command ::  action  on  class Mock for WfActionAjax, hashCode: 304420741
 Command ::  reorder  on  class Mock for WfActionAjax, hashCode: 304420741
 Command ::  delete  on  class Mock for WfActionAjax, hashCode: 304420741
 Command ::  action  on  class Mock for WfSchemeAjax, hashCode: 482673548
 Command ::  save  on  class Mock for WfSchemeAjax, hashCode: 482673548
 Command ::  save  on  class Mock for WfActionClassAjax, hashCode: 1914131212
 Command ::  delete  on  class Mock for WfActionClassAjax, hashCode: 1914131212
 Command ::  reorder  on  class Mock for WfActionClassAjax, hashCode: 1914131212
 Command ::  action  on  class Mock for WfActionClassAjax, hashCode: 1914131212
 Command ::  add  on  class Mock for WfActionClassAjax, hashCode: 1914131212
 Command ::  action  on  class Mock for WfRoleStoreAjax, hashCode: 1105975
 Command ::  rolesToJson  on  class Mock for WfRoleStoreAjax, hashCode: 1105975
 Command ::  assignable  on  class Mock for WfRoleStoreAjax, hashCode: 1105975
]]></system-out>
  <system-err><![CDATA[]]></system-err>
</testsuite>
