<?xml version="1.0" encoding="UTF-8"?>
<testsuite name="com.dotmarketing.util.DNSUtilUnitTest" tests="3" skipped="0" failures="0" errors="0" timestamp="2023-07-07T23:47:28" hostname="fv-az470-332" time="0.1">
  <properties/>
  <testcase name="notExistsIP" classname="com.dotmarketing.util.DNSUtilUnitTest" time="0.004"/>
  <testcase name="reverseDns" classname="com.dotmarketing.util.DNSUtilUnitTest" time="0.033"/>
  <testcase name="anyIP" classname="com.dotmarketing.util.DNSUtilUnitTest" time="0.006"/>
  <system-out><![CDATA[]]></system-out>
  <system-err><![CDATA[]]></system-err>
</testsuite>
