<?xml version="1.0" encoding="UTF-8"?>
<testsuite name="com.dotcms.auth.providers.jwt.factories.SecretKeySpecFactoryTest" tests="1" skipped="0" failures="0" errors="0" timestamp="2023-07-17T21:34:54" hostname="fv-az401-175" time="1.585">
  <properties/>
  <testcase name="readAndPrepareSecret" classname="com.dotcms.auth.providers.jwt.factories.SecretKeySpecFactoryTest" time="1.585"/>
  <system-out><![CDATA[e2de79f441b94c7275d25128a28a43deb1ae5a190b04cd574905762b393334762ad70045e05e32f924c016ef5704920fc52bcb5f6d25a5fed2ad5da95134e1a5
MySecretKey2
MySecretKey3
MySecretKey3
85ee59b42979341748ef18607275554ae906f07c315e36fe1d9abb1bc0dab29ec98909ea5357d1bc9d531f002240a8bee4648d2758f98105a030cb2a66c5468a
37ed36e1db85ea769b1833651e0335c9b4af3343c7b596824e06c9a1fabcdc033d337494337b5861dbb49bf7deeddfa8594dc86d3662c9ff87e00cc2b4fd8e21
532e3a299421d285a6a52d774766bbfaa1d1ede8c3526262ae92aba10cc02f0275ac5857fc442e466c03860ff6effa843785bd571f0a47f335479a0db3ad8e7c
]]></system-out>
  <system-err><![CDATA[]]></system-err>
</testsuite>
