<?xml version="1.0" encoding="UTF-8"?>
<testsuite name="com.dotcms.auth.providers.jwt.factories.SecretKeySpecFactoryTest" tests="1" skipped="0" failures="0" errors="0" timestamp="2023-06-27T23:47:11" hostname="fv-az626-69" time="1.425">
  <properties/>
  <testcase name="readAndPrepareSecret" classname="com.dotcms.auth.providers.jwt.factories.SecretKeySpecFactoryTest" time="1.425"/>
  <system-out><![CDATA[1c54557085e5e52aa3e8a2dbdb5ebe8ea6ca5640e40588db4485de1817d597a42fa056bbcbe43654e5f05606d3a3d90f247f175ef0d5a528fc0e3fde916a15ee
MySecretKey2
MySecretKey3
MySecretKey3
106cbd98ba950f4083be4c60948fa30542efc9b760bfed565ce31b6afe00a3a1408b17075d72d9326f740baca14931d3aa73b4240e81617f3006c211a4037353
368633ad6b474a2debc5b7ee8ea75370fc9e94d23b6ec44a67afb0639805ce5dcd4528f369a926975ee1fdb0c6caebaa909f5fb0f5d741a56333d30e06f7160d
8eea4b60f619d95adfd1942b2eaa1f7db78d1506c1f5fb888e229ffb65eae073f25e884afca7a7f54c7e7f045023a9452168353350f312a2b63a064e6ee17f4e
]]></system-out>
  <system-err><![CDATA[]]></system-err>
</testsuite>
