<?xml version="1.0" encoding="UTF-8"?>
<testsuite name="com.dotmarketing.portlets.rules.conditionlet.UsersBrowserConditionletTest" tests="2" skipped="0" failures="0" errors="0" timestamp="2023-07-19T16:57:29" hostname="fv-az1230-662" time="0.004">
  <properties/>
  <testcase name="testIsComparison" classname="com.dotmarketing.portlets.rules.conditionlet.UsersBrowserConditionletTest" time="0.002"/>
  <testcase name="testIsNotComparison" classname="com.dotmarketing.portlets.rules.conditionlet.UsersBrowserConditionletTest" time="0.001"/>
  <system-out><![CDATA[]]></system-out>
  <system-err><![CDATA[]]></system-err>
</testsuite>
