<?xml version="1.0" encoding="UTF-8"?>
<testsuite name="com.liferay.portal.pwd.RegExpToolkitTest" tests="2" skipped="0" failures="0" errors="0" timestamp="2023-06-30T14:38:27" hostname="fv-az254-767" time="0.024">
  <properties/>
  <testcase name="testValidPasswordFormat" classname="com.liferay.portal.pwd.RegExpToolkitTest" time="0.014"/>
  <testcase name="testInvalidPasswordFormat" classname="com.liferay.portal.pwd.RegExpToolkitTest" time="0.01"/>
  <system-out><![CDATA[]]></system-out>
  <system-err><![CDATA[]]></system-err>
</testsuite>
