<?xml version="1.0" encoding="UTF-8"?>
<testsuite name="com.dotmarketing.portlets.osgi.AJAX.OSGIBaseAJAXTest" tests="3" skipped="0" failures="0" errors="0" timestamp="2023-07-10T20:57:06" hostname="fv-az413-110" time="0.072">
  <properties/>
  <testcase name="TestOnNullCallTheDefaultCommand" classname="com.dotmarketing.portlets.osgi.AJAX.OSGIBaseAJAXTest" time="0.039"/>
  <testcase name="TestNotAllowedCommands" classname="com.dotmarketing.portlets.osgi.AJAX.OSGIBaseAJAXTest" time="0.003"/>
  <testcase name="TestAllowedCommands" classname="com.dotmarketing.portlets.osgi.AJAX.OSGIBaseAJAXTest" time="0.029"/>
  <system-out><![CDATA[ Command ::  forbiddenMethod  on  class Mock for OSGIAJAX, hashCode: 674491445
 Command ::  getExtraPackages  on  class Mock for OSGIAJAX, hashCode: 2030512878
 Command ::  remove  on  class Mock for OSGIAJAX, hashCode: 2030512878
 Command ::  deploy  on  class Mock for OSGIAJAX, hashCode: 2030512878
 Command ::  modifyExtraPackages  on  class Mock for OSGIAJAX, hashCode: 2030512878
 Command ::  undeploy  on  class Mock for OSGIAJAX, hashCode: 2030512878
 Command ::  stop  on  class Mock for OSGIAJAX, hashCode: 2030512878
 Command ::  add  on  class Mock for OSGIAJAX, hashCode: 2030512878
 Command ::  start  on  class Mock for OSGIAJAX, hashCode: 2030512878
 Command ::  restart  on  class Mock for OSGIAJAX, hashCode: 2030512878
 Command ::  action  on  class Mock for OSGIAJAX, hashCode: 2030512878
]]></system-out>
  <system-err><![CDATA[]]></system-err>
</testsuite>
