<?xml version="1.0" encoding="UTF-8"?>
<testsuite name="com.dotmarketing.portlets.workflows.ajax.WfBaseActionTest" tests="3" skipped="0" failures="0" errors="0" timestamp="2023-07-18T15:30:25" hostname="fv-az583-710" time="0.144">
  <properties/>
  <testcase name="TestOnNullCallTheDefaultCommand" classname="com.dotmarketing.portlets.workflows.ajax.WfBaseActionTest" time="0.115"/>
  <testcase name="TestNotAllowedCommands" classname="com.dotmarketing.portlets.workflows.ajax.WfBaseActionTest" time="0.008"/>
  <testcase name="TestAllowedCommands" classname="com.dotmarketing.portlets.workflows.ajax.WfBaseActionTest" time="0.02"/>
  <system-out><![CDATA[ Command ::  forbiddenMethod  on  class Mock for WfActionAjax, hashCode: 1084879513
 Command ::  forbiddenMethod  on  class Mock for WfTaskAjax, hashCode: 1099762186
 Command ::  forbiddenMethod  on  class Mock for WfActionClassAjax, hashCode: 298440450
 Command ::  forbiddenMethod  on  class Mock for WfSchemeAjax, hashCode: 824911933
 Command ::  forbiddenMethod  on  class Mock for WfRoleStoreAjax, hashCode: 774194593
 Command ::  deleteActionForStep  on  class Mock for WfActionAjax, hashCode: 603902861
 Command ::  add  on  class Mock for WfActionAjax, hashCode: 603902861
 Command ::  action  on  class Mock for WfActionAjax, hashCode: 603902861
 Command ::  reorder  on  class Mock for WfActionAjax, hashCode: 603902861
 Command ::  delete  on  class Mock for WfActionAjax, hashCode: 603902861
 Command ::  save  on  class Mock for WfActionAjax, hashCode: 603902861
 Command ::  executeAction  on  class Mock for WfTaskAjax, hashCode: 1928748057
 Command ::  action  on  class Mock for WfTaskAjax, hashCode: 1928748057
 Command ::  executeActions  on  class Mock for WfTaskAjax, hashCode: 1928748057
 Command ::  add  on  class Mock for WfActionClassAjax, hashCode: 2032329460
 Command ::  save  on  class Mock for WfActionClassAjax, hashCode: 2032329460
 Command ::  delete  on  class Mock for WfActionClassAjax, hashCode: 2032329460
 Command ::  reorder  on  class Mock for WfActionClassAjax, hashCode: 2032329460
 Command ::  action  on  class Mock for WfActionClassAjax, hashCode: 2032329460
 Command ::  action  on  class Mock for WfSchemeAjax, hashCode: 823885176
 Command ::  save  on  class Mock for WfSchemeAjax, hashCode: 823885176
 Command ::  rolesToJson  on  class Mock for WfRoleStoreAjax, hashCode: 58623464
 Command ::  assignable  on  class Mock for WfRoleStoreAjax, hashCode: 58623464
 Command ::  action  on  class Mock for WfRoleStoreAjax, hashCode: 58623464
]]></system-out>
  <system-err><![CDATA[]]></system-err>
</testsuite>
