<?xml version="1.0" encoding="UTF-8"?>
<testsuite name="com.dotcms.auth.providers.jwt.factories.SecretKeySpecFactoryTest" tests="1" skipped="0" failures="0" errors="0" timestamp="2023-07-18T23:48:41" hostname="fv-az812-504" time="1.426">
  <properties/>
  <testcase name="readAndPrepareSecret" classname="com.dotcms.auth.providers.jwt.factories.SecretKeySpecFactoryTest" time="1.426"/>
  <system-out><![CDATA[1e8a648e40a22f542942f2d7dbc786d0ff2731ee57798912003e67e93fd913d4abc38888008d2057f644cb94d20e39062fac43b8fe8da73dfa66a5c3ab65dab1
MySecretKey2
MySecretKey3
MySecretKey3
28dff76653e87f82a9e41c37ae26d62014dd60e89898d4b01b879da23c4643b31bea0955fbff7adb9a378e7aacaedf2e512e310546043c2b1f5fba2d5dd14099
79164dfbb225674d8f657c6fa3d1f6b3685ac9cdd2b6475a732b57dfbf4b5e02486400d1b39822c85da9e4f2a59c5881d074decbb0fa0f1aef6d35ba0884fc0e
dca370785c3d0d2315b449237f9690c3fda63c8ca4261a93dc7ef75bafc332943f0440f9612e500cf9fea6ead2f80a308b4749e5ebab037613de2472eb9544b6
]]></system-out>
  <system-err><![CDATA[]]></system-err>
</testsuite>
