<?xml version="1.0" encoding="UTF-8"?>
<testsuite name="com.dotmarketing.portlets.osgi.AJAX.OSGIBaseAJAXTest" tests="3" skipped="0" failures="0" errors="0" timestamp="2023-07-07T19:22:30" hostname="fv-az612-850" time="0.083">
  <properties/>
  <testcase name="TestOnNullCallTheDefaultCommand" classname="com.dotmarketing.portlets.osgi.AJAX.OSGIBaseAJAXTest" time="0.054"/>
  <testcase name="TestNotAllowedCommands" classname="com.dotmarketing.portlets.osgi.AJAX.OSGIBaseAJAXTest" time="0.005"/>
  <testcase name="TestAllowedCommands" classname="com.dotmarketing.portlets.osgi.AJAX.OSGIBaseAJAXTest" time="0.022"/>
  <system-out><![CDATA[ Command ::  forbiddenMethod  on  class Mock for OSGIAJAX, hashCode: 165533661
 Command ::  modifyExtraPackages  on  class Mock for OSGIAJAX, hashCode: 404585755
 Command ::  undeploy  on  class Mock for OSGIAJAX, hashCode: 404585755
 Command ::  stop  on  class Mock for OSGIAJAX, hashCode: 404585755
 Command ::  add  on  class Mock for OSGIAJAX, hashCode: 404585755
 Command ::  start  on  class Mock for OSGIAJAX, hashCode: 404585755
 Command ::  restart  on  class Mock for OSGIAJAX, hashCode: 404585755
 Command ::  action  on  class Mock for OSGIAJAX, hashCode: 404585755
 Command ::  getExtraPackages  on  class Mock for OSGIAJAX, hashCode: 404585755
 Command ::  remove  on  class Mock for OSGIAJAX, hashCode: 404585755
 Command ::  deploy  on  class Mock for OSGIAJAX, hashCode: 404585755
]]></system-out>
  <system-err><![CDATA[]]></system-err>
</testsuite>
