<?xml version="1.0" encoding="UTF-8"?>
<testsuite name="com.dotcms.auth.providers.jwt.factories.SecretKeySpecFactoryTest" tests="1" skipped="0" failures="0" errors="0" timestamp="2023-07-07T21:32:46" hostname="fv-az280-510" time="1.285">
  <properties/>
  <testcase name="readAndPrepareSecret" classname="com.dotcms.auth.providers.jwt.factories.SecretKeySpecFactoryTest" time="1.285"/>
  <system-out><![CDATA[2efb2109118bd9158d915b8c7b46c5b454228f41c28d2ac9f1f460d9cef4baf3d4b479071729defce96129f320626c77c1c190bb35f3e206c95196c741668db2
MySecretKey2
MySecretKey3
MySecretKey3
416242bd8c0bc2f6306c4065ba10d47381986233d7eeac9ca98db36a9d6580733fb83b768799878573119c70726d8b0b7b60929d2e8fc48c185bd6fa7e11e42c
59d59c2ed361110a24de53b0d2a06cc5e01e2239663871cf73911990ca3cab55d637ce59f8c2429af243622c1c0d42cfcd539269745d4118600f59f2ce4163f8
d0b938f660aeb30753ae6f11eaf59f10a45763eb3c04eea200bbac5c86b40f07a7fd4447c2dcb41696d04785a6cf6ffe471c2fb01498f6921217d999540fe4cc
]]></system-out>
  <system-err><![CDATA[]]></system-err>
</testsuite>
