<?xml version="1.0" encoding="UTF-8"?>
<testsuite name="com.dotcms.auth.providers.jwt.factories.SecretKeySpecFactoryTest" tests="1" skipped="0" failures="0" errors="0" timestamp="2023-06-27T19:06:44" hostname="fv-az851-756" time="1.264">
  <properties/>
  <testcase name="readAndPrepareSecret" classname="com.dotcms.auth.providers.jwt.factories.SecretKeySpecFactoryTest" time="1.264"/>
  <system-out><![CDATA[594548409ae375e599b854d76707d0be9e46c0fdc60c48fd32a615d7245ec09ee2b1297f8c826de6f9843a89aa2ec200fae4096d7635561f772733807f85e7db
MySecretKey2
MySecretKey3
MySecretKey3
646d8f20fe73d59d03340515d71afda3b5ae0cc4a5800629d23126c220cff538a66e5d278f809aa45a277fadab9115c38f64b99185b77a5ecb729d913921be38
37ae012382fb80a87de9b2609055e74dafda1b7f40095e11df4b4ad13245b3028c58dfbca3d9d037543ef06e2c37a667e1dcdd3ef4a33d3b010e245f15341ead
d1978a37328eff38e9829ca66cf1ba4b1a8c2e4a022bf720c0039be45126cc91e04e922da1c8a2a6723520edff12fa8e61597100978e2149f079146dad1949a5
]]></system-out>
  <system-err><![CDATA[]]></system-err>
</testsuite>
