<?xml version="1.0" encoding="UTF-8"?>
<testsuite name="com.liferay.util.ValidatorTest" tests="2" skipped="0" failures="0" errors="0" timestamp="2023-06-23T22:19:48" hostname="fv-az576-706" time="0.002">
  <properties/>
  <testcase name="testInvalidEmails" classname="com.liferay.util.ValidatorTest" time="0.001"/>
  <testcase name="testValidEmails" classname="com.liferay.util.ValidatorTest" time="0.0"/>
  <system-out><![CDATA[]]></system-out>
  <system-err><![CDATA[]]></system-err>
</testsuite>
