<?xml version="1.0" encoding="UTF-8"?>
<testsuite name="com.dotcms.cube.CubeJSClientTest" tests="3" skipped="0" failures="0" errors="0" timestamp="2023-07-10T21:10:10" hostname="fv-az642-756" time="0.434">
  <properties/>
  <testcase name="sendWrongQuery" classname="com.dotcms.cube.CubeJSClientTest" time="0.025"/>
  <testcase name="sendAllOk" classname="com.dotcms.cube.CubeJSClientTest" time="0.397"/>
  <testcase name="http404" classname="com.dotcms.cube.CubeJSClientTest" time="0.012"/>
  <system-out><![CDATA[]]></system-out>
  <system-err><![CDATA[]]></system-err>
</testsuite>
