<?xml version="1.0" encoding="UTF-8"?>
<testsuite name="com.dotcms.util.diff.DiffCommandTest" tests="2" skipped="0" failures="0" errors="0" timestamp="2023-07-13T20:37:54" hostname="fv-az955-629" time="0.015">
  <properties/>
  <testcase name="applyDiff_Comparable" classname="com.dotcms.util.diff.DiffCommandTest" time="0.004"/>
  <testcase name="applyDiff_Differentiable" classname="com.dotcms.util.diff.DiffCommandTest" time="0.011"/>
  <system-out><![CDATA[{six=six, five=five}
{two=two}
{four=fourxxx, one=onexxx}
{six=com.dotcms.util.diff.DiffCommandTest$StringDifferentiable@2f357261, five=com.dotcms.util.diff.DiffCommandTest$StringDifferentiable@54c6edbd}
{two=com.dotcms.util.diff.DiffCommandTest$StringDifferentiable@5001c08a}
{four=com.dotcms.util.diff.DiffCommandTest$StringDifferentiable@79e9ca4e, one=com.dotcms.util.diff.DiffCommandTest$StringDifferentiable@7d4b0968}
]]></system-out>
  <system-err><![CDATA[]]></system-err>
</testsuite>
