<?xml version="1.0" encoding="UTF-8"?>
<testsuite name="com.dotcms.auth.providers.jwt.factories.SecretKeySpecFactoryTest" tests="1" skipped="0" failures="0" errors="0" timestamp="2023-06-27T14:46:44" hostname="fv-az1259-189" time="1.254">
  <properties/>
  <testcase name="readAndPrepareSecret" classname="com.dotcms.auth.providers.jwt.factories.SecretKeySpecFactoryTest" time="1.254"/>
  <system-out><![CDATA[9b0ba4ecdb5f8ec9c877651ad7219515b310a01e997982985c2ab779f67811567127613fb7bf2b9de7c8d851dc16934699dcf178fdee4d301725f2f48ed54135
MySecretKey2
MySecretKey3
MySecretKey3
47bc031f069266b2593c8671a44ec8c83935ede232757059a1287dc9ceaca289f06886c453a0470b91881afeeedf57fa6714091b5e11bd1ced82ad0d41a7517e
4cda656d42d68ac88dab97730d6a0c4549919086e88f5e0c6c6d67cf7981a82258ab6c4050e2499045501c902d1fe83885c76f159600c54141e3a15f0f845736
41f47a1ec9a89c902dd3977e5f924637515a8dd5a85deb4a6a10bd4fe4f1e6946ca37d94af2c2121bdb71fa96c4ff5b7d795ed5c528d7ab7320d126dfe1b3774
]]></system-out>
  <system-err><![CDATA[]]></system-err>
</testsuite>
