<?xml version="1.0" encoding="UTF-8"?>
<testsuite name="com.dotcms.dotpubsub.DotPubSubEventTest" tests="2" skipped="0" failures="0" errors="0" timestamp="2023-06-28T16:36:36" hostname="fv-az363-416" time="0.002">
  <properties/>
  <testcase name="test_DotPubSubEvent_to_json_and_back" classname="com.dotcms.dotpubsub.DotPubSubEventTest" time="0.002"/>
  <testcase name="test_DotPubSubEvent_Builder" classname="com.dotcms.dotpubsub.DotPubSubEventTest" time="0.0"/>
  <system-out><![CDATA[]]></system-out>
  <system-err><![CDATA[]]></system-err>
</testsuite>
