<?xml version="1.0" encoding="UTF-8"?>
<testsuite name="com.dotcms.rest.api.v1.authentication.ForgotPasswordResourceTest" tests="5" skipped="0" failures="0" errors="0" timestamp="2023-06-26T23:46:38" hostname="fv-az351-37" time="0.122">
  <properties/>
  <testcase name="testEmptyParameter" classname="com.dotcms.rest.api.v1.authentication.ForgotPasswordResourceTest" time="0.014"/>
  <testcase name="testNoSuchUserExceptionExposingNoData" classname="com.dotcms.rest.api.v1.authentication.ForgotPasswordResourceTest" time="0.045"/>
  <testcase name="testNoSuchUserExceptionExposingData" classname="com.dotcms.rest.api.v1.authentication.ForgotPasswordResourceTest" time="0.007"/>
  <testcase name="testUserEmailAddressException" classname="com.dotcms.rest.api.v1.authentication.ForgotPasswordResourceTest" time="0.05"/>
  <testcase name="testSendPasswordException" classname="com.dotcms.rest.api.v1.authentication.ForgotPasswordResourceTest" time="0.004"/>
  <system-out><![CDATA[OutboundJaxrsResponse{status=200, reason=OK, hasEntity=true, closed=false, buffered=false}
ResponseEntityView{errors=[], entity=null, messages=[], i18nMessagesMap={}, pagination=null}
OutboundJaxrsResponse{status=400, reason=Bad Request, hasEntity=true, closed=false, buffered=false}
ResponseEntityView{errors=[ErrorEntity{errorCode='the-email-address-you-requested-is-not-registered-in-our-database', message='the-email-address-you-requested-is-not-registered-in-our-database', fieldName='null'}], entity=, messages=[], i18nMessagesMap={}, pagination=null}
OutboundJaxrsResponse{status=400, reason=Bad Request, hasEntity=true, closed=false, buffered=false}
ResponseEntityView{errors=[ErrorEntity{errorCode='please-enter-a-valid-email-address', message='please-enter-a-valid-email-address', fieldName='null'}], entity=, messages=[], i18nMessagesMap={}, pagination=null}
OutboundJaxrsResponse{status=400, reason=Bad Request, hasEntity=true, closed=false, buffered=false}
ResponseEntityView{errors=[ErrorEntity{errorCode='a-new-password-can-only-be-sent-to-an-external-email-address', message='a-new-password-can-only-be-sent-to-an-external-email-address', fieldName='null'}], entity=, messages=[], i18nMessagesMap={}, pagination=null}
]]></system-out>
  <system-err><![CDATA[]]></system-err>
</testsuite>
