<?xml version="1.0" encoding="UTF-8"?>
<testsuite name="com.dotmarketing.portlets.rules.conditionlet.PersonaConditionletTest" tests="8" skipped="0" failures="0" errors="0" timestamp="2023-07-21T16:02:14" hostname="fv-az454-899" time="0.013">
  <properties/>
  <testcase name="testComparisons[0: com.dotmarketing.portlets.rules.conditionlet.PersonaConditionletTest$TestCase@384d1155]" classname="com.dotmarketing.portlets.rules.conditionlet.PersonaConditionletTest" time="0.011"/>
  <testcase name="testComparisons[1: com.dotmarketing.portlets.rules.conditionlet.PersonaConditionletTest$TestCase@7bcbdba8]" classname="com.dotmarketing.portlets.rules.conditionlet.PersonaConditionletTest" time="0.0"/>
  <testcase name="testComparisons[2: com.dotmarketing.portlets.rules.conditionlet.PersonaConditionletTest$TestCase@7839ac1]" classname="com.dotmarketing.portlets.rules.conditionlet.PersonaConditionletTest" time="0.001"/>
  <testcase name="testComparisons[3: com.dotmarketing.portlets.rules.conditionlet.PersonaConditionletTest$TestCase@7b42f749]" classname="com.dotmarketing.portlets.rules.conditionlet.PersonaConditionletTest" time="0.0"/>
  <testcase name="testCannotValidateWhenComparisonIsNull" classname="com.dotmarketing.portlets.rules.conditionlet.PersonaConditionletTest" time="0.0"/>
  <testcase name="testCannotValidateWhenComparisonNotSet" classname="com.dotmarketing.portlets.rules.conditionlet.PersonaConditionletTest" time="0.0"/>
  <testcase name="testUnsupportedComparisonThrowsException" classname="com.dotmarketing.portlets.rules.conditionlet.PersonaConditionletTest" time="0.001"/>
  <testcase name="testEvaluatesToFalseWhenArgumentsAreEmptyOrMissing" classname="com.dotmarketing.portlets.rules.conditionlet.PersonaConditionletTest" time="0.0"/>
  <system-out><![CDATA[]]></system-out>
  <system-err><![CDATA[]]></system-err>
</testsuite>
