<?xml version="1.0" encoding="UTF-8"?>
<testsuite name="com.dotcms.util.diff.DiffCommandTest" tests="2" skipped="0" failures="0" errors="0" timestamp="2023-07-20T06:59:29" hostname="fv-az1025-50" time="0.007">
  <properties/>
  <testcase name="applyDiff_Comparable" classname="com.dotcms.util.diff.DiffCommandTest" time="0.006"/>
  <testcase name="applyDiff_Differentiable" classname="com.dotcms.util.diff.DiffCommandTest" time="0.001"/>
  <system-out><![CDATA[{six=six, five=five}
{two=two}
{four=fourxxx, one=onexxx}
{six=com.dotcms.util.diff.DiffCommandTest$StringDifferentiable@133cd08f, five=com.dotcms.util.diff.DiffCommandTest$StringDifferentiable@6d813d43}
{two=com.dotcms.util.diff.DiffCommandTest$StringDifferentiable@4be4a50c}
{four=com.dotcms.util.diff.DiffCommandTest$StringDifferentiable@188bb9d4, one=com.dotcms.util.diff.DiffCommandTest$StringDifferentiable@6d46aae2}
]]></system-out>
  <system-err><![CDATA[]]></system-err>
</testsuite>
