<?xml version="1.0" encoding="UTF-8"?>
<testsuite name="com.dotcms.util.pagination.SiteViewPaginatorUnitTest" tests="2" skipped="0" failures="0" errors="0" timestamp="2023-06-28T14:27:13" hostname="fv-az626-69" time="0.252">
  <properties/>
  <testcase name="Test_Get_Items_Sorted_Pages" classname="com.dotcms.util.pagination.SiteViewPaginatorUnitTest" time="0.194"/>
  <testcase name="Test_Get_Items_Page_Size" classname="com.dotcms.util.pagination.SiteViewPaginatorUnitTest" time="0.058"/>
  <system-out><![CDATA[SYSTEM_HOST
0
1
2
4
5
6
7
]]></system-out>
  <system-err><![CDATA[]]></system-err>
</testsuite>
