<?xml version="1.0" encoding="UTF-8"?>
<testsuite name="com.dotmarketing.portlets.workflows.ajax.WfBaseActionTest" tests="3" skipped="0" failures="0" errors="0" timestamp="2023-06-28T16:38:16" hostname="fv-az363-416" time="0.186">
  <properties/>
  <testcase name="TestOnNullCallTheDefaultCommand" classname="com.dotmarketing.portlets.workflows.ajax.WfBaseActionTest" time="0.146"/>
  <testcase name="TestNotAllowedCommands" classname="com.dotmarketing.portlets.workflows.ajax.WfBaseActionTest" time="0.018"/>
  <testcase name="TestAllowedCommands" classname="com.dotmarketing.portlets.workflows.ajax.WfBaseActionTest" time="0.022"/>
  <system-out><![CDATA[ Command ::  forbiddenMethod  on  class Mock for WfTaskAjax, hashCode: 1964226112
 Command ::  forbiddenMethod  on  class Mock for WfActionAjax, hashCode: 1332301073
 Command ::  forbiddenMethod  on  class Mock for WfSchemeAjax, hashCode: 1728311545
 Command ::  forbiddenMethod  on  class Mock for WfActionClassAjax, hashCode: 1780497560
 Command ::  forbiddenMethod  on  class Mock for WfRoleStoreAjax, hashCode: 1257873661
 Command ::  executeActions  on  class Mock for WfTaskAjax, hashCode: 1771548060
 Command ::  executeAction  on  class Mock for WfTaskAjax, hashCode: 1771548060
 Command ::  action  on  class Mock for WfTaskAjax, hashCode: 1771548060
 Command ::  reorder  on  class Mock for WfActionAjax, hashCode: 854671904
 Command ::  delete  on  class Mock for WfActionAjax, hashCode: 854671904
 Command ::  save  on  class Mock for WfActionAjax, hashCode: 854671904
 Command ::  deleteActionForStep  on  class Mock for WfActionAjax, hashCode: 854671904
 Command ::  add  on  class Mock for WfActionAjax, hashCode: 854671904
 Command ::  action  on  class Mock for WfActionAjax, hashCode: 854671904
 Command ::  action  on  class Mock for WfSchemeAjax, hashCode: 86635671
 Command ::  save  on  class Mock for WfSchemeAjax, hashCode: 86635671
 Command ::  add  on  class Mock for WfActionClassAjax, hashCode: 1615765679
 Command ::  save  on  class Mock for WfActionClassAjax, hashCode: 1615765679
 Command ::  delete  on  class Mock for WfActionClassAjax, hashCode: 1615765679
 Command ::  reorder  on  class Mock for WfActionClassAjax, hashCode: 1615765679
 Command ::  action  on  class Mock for WfActionClassAjax, hashCode: 1615765679
 Command ::  rolesToJson  on  class Mock for WfRoleStoreAjax, hashCode: 479702799
 Command ::  assignable  on  class Mock for WfRoleStoreAjax, hashCode: 479702799
 Command ::  action  on  class Mock for WfRoleStoreAjax, hashCode: 479702799
]]></system-out>
  <system-err><![CDATA[]]></system-err>
</testsuite>
