<?xml version="1.0" encoding="UTF-8"?>
<testsuite name="com.dotcms.util.diff.DiffCommandTest" tests="2" skipped="0" failures="0" errors="0" timestamp="2023-06-30T16:17:53" hostname="fv-az267-190" time="0.021">
  <properties/>
  <testcase name="applyDiff_Comparable" classname="com.dotcms.util.diff.DiffCommandTest" time="0.017"/>
  <testcase name="applyDiff_Differentiable" classname="com.dotcms.util.diff.DiffCommandTest" time="0.003"/>
  <system-out><![CDATA[{six=six, five=five}
{two=two}
{four=fourxxx, one=onexxx}
{six=com.dotcms.util.diff.DiffCommandTest$StringDifferentiable@4824d6ef, five=com.dotcms.util.diff.DiffCommandTest$StringDifferentiable@4ef366c9}
{two=com.dotcms.util.diff.DiffCommandTest$StringDifferentiable@5e398255}
{four=com.dotcms.util.diff.DiffCommandTest$StringDifferentiable@2d67010a, one=com.dotcms.util.diff.DiffCommandTest$StringDifferentiable@439a29e7}
]]></system-out>
  <system-err><![CDATA[]]></system-err>
</testsuite>
