<?xml version="1.0" encoding="UTF-8"?>
<testsuite name="com.dotcms.auth.providers.jwt.factories.SecretKeySpecFactoryTest" tests="1" skipped="0" failures="0" errors="0" timestamp="2023-07-12T22:33:02" hostname="fv-az370-918" time="1.66">
  <properties/>
  <testcase name="readAndPrepareSecret" classname="com.dotcms.auth.providers.jwt.factories.SecretKeySpecFactoryTest" time="1.66"/>
  <system-out><![CDATA[1472098635f7f20883c48597a8760a91c65506f4a1e77637487525e31944abb6ba55fefac97fe9680042abe7c99a1f8a915e5f409319fdb82de824c23d2f56af
MySecretKey2
MySecretKey3
MySecretKey3
8f7df043d89eac92d21d2c6a2109575e0595e5916083bcd111bad4cc18d24469b134adf38f893f89b2ca8e10563cc7547ef65f8ee43328f165f260db3bf69dde
91788407fe622483281c3f8d554f45d21fdf86e769ce28d9298d51e6f55601043c4851458ebdb7ca83481852b6f79f0315dbc186976430c43295e0ad17f6adc6
48e1d0facd150e554d42c89cb818391a49e5a35dd36fb05294f3dce599b37e43aa707ca3ca2afac80481fec334fb9852c0332cd38677a85e56fc93f52a98d963
]]></system-out>
  <system-err><![CDATA[]]></system-err>
</testsuite>
