<?xml version="1.0" encoding="UTF-8"?>
<testsuite name="com.dotcms.auth.providers.jwt.factories.SecretKeySpecFactoryTest" tests="1" skipped="0" failures="0" errors="0" timestamp="2023-07-18T15:54:58" hostname="fv-az883-365" time="1.449">
  <properties/>
  <testcase name="readAndPrepareSecret" classname="com.dotcms.auth.providers.jwt.factories.SecretKeySpecFactoryTest" time="1.449"/>
  <system-out><![CDATA[00936837682c52a066876894f9d67ae6398ebbf1a5780b2f8ba1820c4f44dc629406b9801a77e366ee8a7fe499ccf22ba5c6395c9d2ab2e53cc8e8ed349300bf
MySecretKey2
MySecretKey3
MySecretKey3
f47f4c84db8e4711d0dbc65c130a3f6fed573cd512d59c7e661eb4a14783f83e2b998b0e388d5f1abbd5e3cd09d6b761f1e05666a7d7ad0b926cfe3c8806ed86
8b8d35eb539062f20670fa356f895fdb5870bf05c3314f8a0cea7a645de6a2704b841f503f0932e997e770594b1f75edd0aec6d00620f2bfc1af8209bcd91c80
2f7dff8928206357dade935b8fa135ee383b1297facad434bdc23bb39f26d3215d9ab048cecec38505f7909c3a1346978270b766a4777f772d3607dfba19b5f9
]]></system-out>
  <system-err><![CDATA[]]></system-err>
</testsuite>
