<?xml version="1.0" encoding="UTF-8"?>
<testsuite name="com.dotcms.auth.providers.jwt.factories.SecretKeySpecFactoryTest" tests="1" skipped="0" failures="0" errors="0" timestamp="2023-07-11T22:54:40" hostname="fv-az189-684" time="1.799">
  <properties/>
  <testcase name="readAndPrepareSecret" classname="com.dotcms.auth.providers.jwt.factories.SecretKeySpecFactoryTest" time="1.799"/>
  <system-out><![CDATA[de8f233728e2bf9298c9987b7e9e672593d1ce489d95d8acccfaf356bfde19cadd8dce1c23734d4387d939faa153a73d285fa39978ef1d90e98b7d60352c1fcd
MySecretKey2
MySecretKey3
MySecretKey3
1036e1711dd06f3d439d287d1d73b18088557906bdf9a9478cb1194414d138d7693b85aa8f9f49f7bc696d4d71c835777337f3589847f352df6271a6f00444dc
88ebed8cb796943369109ad8bf27eec57ca258958dc6c5481df78366735f0132adb8a45ad72a859b9994024ee41c2867aa026567770026c542a31b53fc2d7a78
beca97b70eff93b59ef8efb80ad953ecdbb6eaeeb0aa409b6acb835f0ef0967a85ec1f7a771cba01dcb2490039e0592be80977b3bed7ec8db1ba0cc3902c57e1
]]></system-out>
  <system-err><![CDATA[]]></system-err>
</testsuite>
