<?xml version="1.0" encoding="UTF-8"?>
<testsuite name="com.dotcms.auth.providers.jwt.factories.SecretKeySpecFactoryTest" tests="1" skipped="0" failures="0" errors="0" timestamp="2023-07-10T22:11:01" hostname="fv-az450-691" time="1.594">
  <properties/>
  <testcase name="readAndPrepareSecret" classname="com.dotcms.auth.providers.jwt.factories.SecretKeySpecFactoryTest" time="1.594"/>
  <system-out><![CDATA[fc8b09c38477faf66d63f846ac9cf1e355c1b72435071a778e0ef5da09f8f899b5fa103db25fe805567d173f5789cd0afe40335c9f4f1ca300d2e7d5812afa34
MySecretKey2
MySecretKey3
MySecretKey3
31000035b53413e4c3ee9ed60511998a2f13179f8496f98d6b824ce2198a1651fd17ad2684a44f63fd255ec6eecc2cf16d7984d839e435ab741e8cdef90475b5
6ae9395e90e16dd167265038c55e92501c25898e5ea61a8813c83d9ac47ba1226de03d33ec1f6c95a976d80b06d5af48c5fba0151ce61844b932da6d35bb147f
3c44bbd1e345995d8c83d99075e34ad7285567000debcb03e7e9be1918f940e9d2bf666b8faaa243be3130ae1d2809a2cf3fabf109848c65c3c9324f1aca733d
]]></system-out>
  <system-err><![CDATA[]]></system-err>
</testsuite>
