<?xml version="1.0" encoding="UTF-8"?>
<testsuite name="com.dotmarketing.portlets.workflows.ajax.WfBaseActionTest" tests="3" skipped="0" failures="0" errors="0" timestamp="2023-07-21T05:24:35" hostname="fv-az411-784" time="0.246">
  <properties/>
  <testcase name="TestOnNullCallTheDefaultCommand" classname="com.dotmarketing.portlets.workflows.ajax.WfBaseActionTest" time="0.185"/>
  <testcase name="TestNotAllowedCommands" classname="com.dotmarketing.portlets.workflows.ajax.WfBaseActionTest" time="0.021"/>
  <testcase name="TestAllowedCommands" classname="com.dotmarketing.portlets.workflows.ajax.WfBaseActionTest" time="0.04"/>
  <system-out><![CDATA[ Command ::  forbiddenMethod  on  class Mock for WfActionClassAjax, hashCode: 229198938
 Command ::  forbiddenMethod  on  class Mock for WfTaskAjax, hashCode: 50419413
 Command ::  forbiddenMethod  on  class Mock for WfActionAjax, hashCode: 891019226
 Command ::  forbiddenMethod  on  class Mock for WfSchemeAjax, hashCode: 790776963
 Command ::  forbiddenMethod  on  class Mock for WfRoleStoreAjax, hashCode: 172485667
 Command ::  save  on  class Mock for WfActionClassAjax, hashCode: 1903011868
 Command ::  delete  on  class Mock for WfActionClassAjax, hashCode: 1903011868
 Command ::  reorder  on  class Mock for WfActionClassAjax, hashCode: 1903011868
 Command ::  action  on  class Mock for WfActionClassAjax, hashCode: 1903011868
 Command ::  add  on  class Mock for WfActionClassAjax, hashCode: 1903011868
 Command ::  executeAction  on  class Mock for WfTaskAjax, hashCode: 168666686
 Command ::  action  on  class Mock for WfTaskAjax, hashCode: 168666686
 Command ::  executeActions  on  class Mock for WfTaskAjax, hashCode: 168666686
 Command ::  save  on  class Mock for WfActionAjax, hashCode: 878871665
 Command ::  deleteActionForStep  on  class Mock for WfActionAjax, hashCode: 878871665
 Command ::  add  on  class Mock for WfActionAjax, hashCode: 878871665
 Command ::  action  on  class Mock for WfActionAjax, hashCode: 878871665
 Command ::  reorder  on  class Mock for WfActionAjax, hashCode: 878871665
 Command ::  delete  on  class Mock for WfActionAjax, hashCode: 878871665
 Command ::  action  on  class Mock for WfSchemeAjax, hashCode: 918336836
 Command ::  save  on  class Mock for WfSchemeAjax, hashCode: 918336836
 Command ::  rolesToJson  on  class Mock for WfRoleStoreAjax, hashCode: 795510586
 Command ::  assignable  on  class Mock for WfRoleStoreAjax, hashCode: 795510586
 Command ::  action  on  class Mock for WfRoleStoreAjax, hashCode: 795510586
]]></system-out>
  <system-err><![CDATA[]]></system-err>
</testsuite>
