<?xml version="1.0" encoding="UTF-8"?>
<testsuite name="com.dotcms.util.pagination.SiteViewPaginatorUnitTest" tests="2" skipped="0" failures="0" errors="0" timestamp="2023-06-29T20:34:07" hostname="fv-az402-966" time="0.113">
  <properties/>
  <testcase name="Test_Get_Items_Sorted_Pages" classname="com.dotcms.util.pagination.SiteViewPaginatorUnitTest" time="0.085"/>
  <testcase name="Test_Get_Items_Page_Size" classname="com.dotcms.util.pagination.SiteViewPaginatorUnitTest" time="0.028"/>
  <system-out><![CDATA[SYSTEM_HOST
0
3
4
5
6
7
]]></system-out>
  <system-err><![CDATA[]]></system-err>
</testsuite>
