<?xml version="1.0" encoding="UTF-8"?>
<testsuite name="com.dotcms.auth.providers.jwt.factories.SecretKeySpecFactoryTest" tests="1" skipped="0" failures="0" errors="0" timestamp="2023-07-03T20:22:17" hostname="fv-az988-24" time="1.42">
  <properties/>
  <testcase name="readAndPrepareSecret" classname="com.dotcms.auth.providers.jwt.factories.SecretKeySpecFactoryTest" time="1.42"/>
  <system-out><![CDATA[2dabc27b09c074139b06c29f71f3cf3032da0776e255dac4c8828e4eda789c8294133012394d3966e5bcb7392bf5256af5d0a5b66bc3cd50d9381a5b6035e388
MySecretKey2
MySecretKey3
MySecretKey3
eb65aff246ae3a6fc8db7da01fd940f2f0dfdb5ed58bad117427c6e5f68e2ccda5e96d2fb8514bb9d39d984170a143b693bc7bc3efa06c249e5501cce9c0770b
650104beeec67bf991cc9bbf729ee973c2981b27949352f120cb2411ddc67457a8e044ffed0e6064f77e9cf3fd8bafd19fa30d4a12e25c776414fcbc25224a9d
9a22a779941525cac1031755b0fb491b43f8ddb4a929a2758a07d95c0dd88200eed7be380d8d9e5a4fd00bd1ed373f65afc8bee394e6db3c49fd30ae6e1470ea
]]></system-out>
  <system-err><![CDATA[]]></system-err>
</testsuite>
