<?xml version="1.0" encoding="UTF-8"?>
<testsuite name="com.dotcms.auth.providers.jwt.factories.SecretKeySpecFactoryTest" tests="1" skipped="0" failures="0" errors="0" timestamp="2023-06-23T22:04:26" hostname="fv-az399-870" time="1.741">
  <properties/>
  <testcase name="readAndPrepareSecret" classname="com.dotcms.auth.providers.jwt.factories.SecretKeySpecFactoryTest" time="1.741"/>
  <system-out><![CDATA[d91aea97009a94948db2f03af44dc36678305b746a4a038ed8fe5b596458ac95e41bb07a4814ad584900c12ca4046ef289de8e38133fcb8ad666e6f090d22071
MySecretKey2
MySecretKey3
MySecretKey3
74b52d4e4ba57b0360d6cee3e669405b965b1d94c35c4be3f7aa0078c94cf9d6eee754539871431422dfc52eda536afb19cd7bb901800ad43dd7b089b3e4486e
53d3362a0b50079a356a448664162cb5c21fa61415ad94e3a12cc98bc4eab20b8234718eb2be16f2fed41e9335143752b803b4b417ccc66d672951dd4d29c7a3
1a2b4571e841fce06256afd8f9455ad7fffb544ada068639c615db2098b8e5b1510bc7e7f05929eb02089599b094bef7a1ab70cd314cbadce1df6c9b2c9f7d91
]]></system-out>
  <system-err><![CDATA[]]></system-err>
</testsuite>
