<?xml version="1.0" encoding="UTF-8"?>
<testsuite name="com.dotmarketing.portlets.osgi.AJAX.OSGIBaseAJAXTest" tests="3" skipped="0" failures="0" errors="0" timestamp="2023-07-17T23:10:31" hostname="fv-az397-831" time="0.122">
  <properties/>
  <testcase name="TestOnNullCallTheDefaultCommand" classname="com.dotmarketing.portlets.osgi.AJAX.OSGIBaseAJAXTest" time="0.107"/>
  <testcase name="TestNotAllowedCommands" classname="com.dotmarketing.portlets.osgi.AJAX.OSGIBaseAJAXTest" time="0.003"/>
  <testcase name="TestAllowedCommands" classname="com.dotmarketing.portlets.osgi.AJAX.OSGIBaseAJAXTest" time="0.012"/>
  <system-out><![CDATA[ Command ::  forbiddenMethod  on  class Mock for OSGIAJAX, hashCode: 2134097144
 Command ::  stop  on  class Mock for OSGIAJAX, hashCode: 476101524
 Command ::  undeploy  on  class Mock for OSGIAJAX, hashCode: 476101524
 Command ::  modifyExtraPackages  on  class Mock for OSGIAJAX, hashCode: 476101524
 Command ::  deploy  on  class Mock for OSGIAJAX, hashCode: 476101524
 Command ::  remove  on  class Mock for OSGIAJAX, hashCode: 476101524
 Command ::  getExtraPackages  on  class Mock for OSGIAJAX, hashCode: 476101524
 Command ::  action  on  class Mock for OSGIAJAX, hashCode: 476101524
 Command ::  restart  on  class Mock for OSGIAJAX, hashCode: 476101524
 Command ::  start  on  class Mock for OSGIAJAX, hashCode: 476101524
 Command ::  add  on  class Mock for OSGIAJAX, hashCode: 476101524
]]></system-out>
  <system-err><![CDATA[]]></system-err>
</testsuite>
