<?xml version="1.0" encoding="UTF-8"?>
<testsuite name="com.dotcms.auth.providers.jwt.factories.SecretKeySpecFactoryTest" tests="1" skipped="0" failures="0" errors="0" timestamp="2023-07-17T16:44:37" hostname="fv-az162-832" time="1.624">
  <properties/>
  <testcase name="readAndPrepareSecret" classname="com.dotcms.auth.providers.jwt.factories.SecretKeySpecFactoryTest" time="1.624"/>
  <system-out><![CDATA[0875a30a4288d9df6639f1beaa77fb1e91a1999983322600341cce5b7ffaefe1c7b625e59865119cf56d56a73d6f4c99d3b923ba34395188a727a1d16e9ed215
MySecretKey2
MySecretKey3
MySecretKey3
4537e726951b2b043e598288cba5e5042bf739637fc0a7b2c8281fa99ef9148c4dd3b673d7e0feea66bfc8fea323c9092e8c5006bee007fe43c478699529c028
5c0a71796a1f8b646a2e3b1b7e141f3e92841b38f5ae164c1475c31064a01d58015f5f5daccfb94b570c83474ed6fb632d082005b2fd9077d5b0031c0a3dcbf6
95719e7627cdd5aa748246fe9cb3b8ff87908f93d879f9a3c89464d50e718e162ed85d3944ca37ff91e1bea3da5864a033a386c6d39372d250f7aec4909eee22
]]></system-out>
  <system-err><![CDATA[]]></system-err>
</testsuite>
