<?xml version="1.0" encoding="UTF-8"?>
<testsuite name="com.dotcms.auth.providers.jwt.factories.SecretKeySpecFactoryTest" tests="1" skipped="0" failures="0" errors="0" timestamp="2023-07-17T23:26:38" hostname="fv-az617-846" time="1.914">
  <properties/>
  <testcase name="readAndPrepareSecret" classname="com.dotcms.auth.providers.jwt.factories.SecretKeySpecFactoryTest" time="1.914"/>
  <system-out><![CDATA[9f707bff1d59c06322d7da4f3f56bc41269559f6513756d3c852109bd6502b9228e2710bfc5d2389f994650be4b079146667270841e0cef73c07fe8f66c50647
MySecretKey2
MySecretKey3
MySecretKey3
91619ea9d731789b5ccba988474c0323b050a5c2e055cabf5d196c1ab59eca8ed8e4de03c5d0fe848863c7638f1b35e5fe515ebb5a551f7a534e6a7e35f26685
777b4adc922bd8b612ed0d28e93396888cf78408abfe66d258e72bc220204cc3b04bd02a59525761197e20efc652a55f6dd3d833d59832ebf4f4c95d61dd2cd9
5eebdb96a8b1cfacc32efecf3e3254935ce3d621701c75de026fabd013c33cfdf66f7f78b59521a5d3583abd21a0ea4df3c6be88da79e4873972a4609eaf4b8a
]]></system-out>
  <system-err><![CDATA[]]></system-err>
</testsuite>
