<?xml version="1.0" encoding="UTF-8"?>
<testsuite name="com.dotcms.auth.providers.jwt.factories.SecretKeySpecFactoryTest" tests="1" skipped="0" failures="0" errors="0" timestamp="2023-07-05T16:49:00" hostname="fv-az615-773" time="1.824">
  <properties/>
  <testcase name="readAndPrepareSecret" classname="com.dotcms.auth.providers.jwt.factories.SecretKeySpecFactoryTest" time="1.824"/>
  <system-out><![CDATA[76e03649219a88be748c37e150d4f5ad989a3e6ef825576bfa1a56a834774586b4d6104fe57bb3a3193144c5dd1f4e5b6c42daa973b775bba1c25b1cb9da703d
MySecretKey2
MySecretKey3
MySecretKey3
ca11391b8b580190551a933ebd53f861509268ae73e55771f49819fab56f3d5e01dd26db4dd546656dfa56a27ba4357db5e88bc3d950d741fa31605c4cf6d008
d9a58287cd3b0c7ec5b54562f341bb8cb894f24dda58101c5fca21a832d0eb59d65a9ab92594070ab394891dbd4ba95e14f760a8fa83c9e561ced4373c51a393
6b06e30f8b88182d4bb19c794a6cf70fa9e6a00dccaa66f0e0b1d8cf11ffd66c55928cdbb3a3beef062b083d004982d10929fa98c88abf19f3dbbe26319774d9
]]></system-out>
  <system-err><![CDATA[]]></system-err>
</testsuite>
