<?xml version="1.0" encoding="UTF-8"?>
<testsuite name="com.dotcms.util.pagination.UserPaginatorTest" tests="2" skipped="0" failures="0" errors="0" timestamp="2023-06-27T17:59:47" hostname="fv-az246-4" time="31.945">
  <properties/>
  <testcase name="testGetItems" classname="com.dotcms.util.pagination.UserPaginatorTest" time="31.944"/>
  <testcase name="testGetItemsException" classname="com.dotcms.util.pagination.UserPaginatorTest" time="0.001"/>
  <system-out><![CDATA[]]></system-out>
  <system-err><![CDATA[]]></system-err>
</testsuite>
