<?xml version="1.0" encoding="UTF-8"?>
<testsuite name="com.dotcms.util.marshal.MarshalUtilsTest" tests="5" skipped="0" failures="0" errors="0" timestamp="2023-07-06T20:37:03" hostname="fv-az248-4" time="0.071">
  <properties/>
  <testcase name="marshalSqlTimeTest" classname="com.dotcms.util.marshal.MarshalUtilsTest" time="0.047"/>
  <testcase name="metaDataMarshalTest" classname="com.dotcms.util.marshal.MarshalUtilsTest" time="0.003"/>
  <testcase name="marshalTest" classname="com.dotcms.util.marshal.MarshalUtilsTest" time="0.009"/>
  <testcase name="marshalTimeStampTest" classname="com.dotcms.util.marshal.MarshalUtilsTest" time="0.006"/>
  <testcase name="marshalSQLDateTest" classname="com.dotcms.util.marshal.MarshalUtilsTest" time="0.006"/>
  <system-out><![CDATA[{"companyId":"myCompany","lastModified":371030400000,"userId":"jsanca"}
{"companyId":"myCompany","lastModified":371030400000,"userId":"jsanca"}
{"companyId":"myCompany","lastModified":371030400000,"userId":"jsanca"}
{"companyId":"myCompany","lastModified":371030400000,"userId":"jsanca"}
]]></system-out>
  <system-err><![CDATA[]]></system-err>
</testsuite>
