<?xml version="1.0" encoding="UTF-8"?>
<testsuite name="com.dotcms.auth.providers.jwt.factories.SecretKeySpecFactoryTest" tests="1" skipped="0" failures="0" errors="0" timestamp="2023-06-29T04:44:45" hostname="fv-az392-685" time="1.474">
  <properties/>
  <testcase name="readAndPrepareSecret" classname="com.dotcms.auth.providers.jwt.factories.SecretKeySpecFactoryTest" time="1.474"/>
  <system-out><![CDATA[84f456ccc656e211966e79bed578af973f5658457b5091a525fe21b8d3a02a659f7c771e6147b7b7f531d8dac2f397afe0fa17fbd5ba1f28f45ac3b932294800
MySecretKey2
MySecretKey3
MySecretKey3
fd3811884856c26bca0b9ddea9147d7b6f9d7af5c70fc81f7bc357ce00a2e25ad7c31fb72ab3c0bcd39d90e07cc646e34c12759706fcc44bf3494f19333d0781
cdccad7de10a133e6b193508b0027e9df916a4e4ef7afc5275208e24790f9544ca3dc70a728c5485d81e51759c73d36f4459eec1e039580fd26d98f8cfb0fc53
e474f882a738299c46c7a746dd2e38a0e478c21f381703d0a1b6513dc8e4a774223e6c571bcb312d493ba46b7f73ad284ead1ae4fd3946200250f8f522641deb
]]></system-out>
  <system-err><![CDATA[]]></system-err>
</testsuite>
