<?xml version="1.0" encoding="UTF-8"?>
<testsuite name="com.dotcms.auth.providers.jwt.factories.SecretKeySpecFactoryTest" tests="1" skipped="0" failures="0" errors="0" timestamp="2023-07-11T22:39:23" hostname="fv-az567-840" time="1.391">
  <properties/>
  <testcase name="readAndPrepareSecret" classname="com.dotcms.auth.providers.jwt.factories.SecretKeySpecFactoryTest" time="1.391"/>
  <system-out><![CDATA[51afc97ff841987931856bd8a8ee216e9638c94cf1ae5252ec82da77a3944c001a167d63b70e8a69c86478abc0546d6aac0e9774b5adfff4645ff25a59d87ddf
MySecretKey2
MySecretKey3
MySecretKey3
ce0df2c2b87c2982ec82316f748e88d9f439913e289ef22f294381c6007034cf518ea91aa9a6c73600b0ed559fea1a1e50dc7552970a09c7480c18d683595f32
c3b48ee893650ab94e34d1c004d27280d6cffdd16dca6e642256d8a1ca4a63725f17b9eb60a88290d14e52f343b2bfdd69076d65454157fbf9310808cb271f68
e993344e9d8be9aa4d0a11bb60f7bc33dec7f6d148adc72712759ac128cbdb2f8f1571516127276f7c834f9ed36f2e2b8ef5cbfa1c41adf1474ee6c259b07ea1
]]></system-out>
  <system-err><![CDATA[]]></system-err>
</testsuite>
