<?xml version="1.0" encoding="UTF-8"?>
<testsuite name="com.dotcms.auth.providers.jwt.factories.SecretKeySpecFactoryTest" tests="1" skipped="0" failures="0" errors="0" timestamp="2023-07-10T14:11:19" hostname="fv-az336-51" time="1.36">
  <properties/>
  <testcase name="readAndPrepareSecret" classname="com.dotcms.auth.providers.jwt.factories.SecretKeySpecFactoryTest" time="1.36"/>
  <system-out><![CDATA[12cd59a5304acaa6829be167ae41110b1fbcb6049fff0bd579d3b00b9e64d6ec5e67b853756a8ff58ad870401c95d1560a7e25828a38ec029f87bba4c10e5339
MySecretKey2
MySecretKey3
MySecretKey3
a937c008b844fdb2502af552c1d0e7b308f7de28dc918128ed81c5f1bbfe088cd9edd6b4954598f6e798440a4e7db580a327626fe9644e2e3ac945bfe1fa5077
52229c6747683368d1fea1e547b7e332c4a91ef009ce50e5b18e9168d0b24ba74838df64a2d08cceea7c20855057b0bc19d1cd543a83d637ad6f16396b03c00d
3d7c203e7ce3616305a4cb76e2b7721b60f8183f835a38988a374b1990e92b870c9ef43dc130023502d46958a61cb0002325046f49666af7e4c93136c3d818d8
]]></system-out>
  <system-err><![CDATA[]]></system-err>
</testsuite>
