<?xml version="1.0" encoding="UTF-8"?>
<testsuite name="com.dotcms.auth.providers.jwt.factories.SecretKeySpecFactoryTest" tests="1" skipped="0" failures="0" errors="0" timestamp="2023-06-23T18:20:34" hostname="fv-az404-370" time="1.478">
  <properties/>
  <testcase name="readAndPrepareSecret" classname="com.dotcms.auth.providers.jwt.factories.SecretKeySpecFactoryTest" time="1.478"/>
  <system-out><![CDATA[0c306341de54e2ea62f87d44abfcd5ce60b409e48cfaff577037c0f2b6a350f973c107a1d0280e656fabc539fd8abd36c857d40f2e345e976b083263e8516b6c
MySecretKey2
MySecretKey3
MySecretKey3
ee564650a838d5f2bc7cef1c0f57601d887ab0955c65d6c467279fd1ff36dc1268ef57a345a3542c31c52d37069c3a27c3a9e7e3c3a06c733581183563bca04b
8a3569fa2cd19890b7a70acf969a15816919a2da2ba722a4b1b64cd356ce72d5b34db876bc7cbd15e1818fa4925e822eff58089a8368b217e1dd9e41dc82574a
fd953a59255fff0f55320055be5884fe389ec11714e6b26a4302a8d59f510250f66c9149d62391517aace2319a553aeaaaaa31a91a7ab1000a78a0f9d0f6d0bf
]]></system-out>
  <system-err><![CDATA[]]></system-err>
</testsuite>
