<?xml version="1.0" encoding="UTF-8"?>
<testsuite name="com.dotcms.util.PaginationUtilTest" tests="4" skipped="0" failures="0" errors="0" timestamp="2023-06-26T15:51:01" hostname="fv-az246-4" time="0.053">
  <properties/>
  <testcase name="testPageWhenFilterIsEmpty" classname="com.dotcms.util.PaginationUtilTest" time="0.011"/>
  <testcase name="testPage" classname="com.dotcms.util.PaginationUtilTest" time="0.038"/>
  <testcase name="testPageWhenFilterIsNull" classname="com.dotcms.util.PaginationUtilTest" time="0.002"/>
  <testcase name="when_One_extraParamsIsACollection" classname="com.dotcms.util.PaginationUtilTest" time="0.002"/>
  <system-out><![CDATA[]]></system-out>
  <system-err><![CDATA[]]></system-err>
</testsuite>
