<?xml version="1.0" encoding="UTF-8"?>
<testsuite name="com.dotcms.timemachine.ajax.TimeMachineAjaxActionTest" tests="1" skipped="0" failures="0" errors="0" timestamp="2023-07-19T14:34:13" hostname="fv-az792-222" time="0.024">
  <properties/>
  <testcase name="testGenerateNotification" classname="com.dotcms.timemachine.ajax.TimeMachineAjaxActionTest" time="0.024"/>
  <system-out><![CDATA[]]></system-out>
  <system-err><![CDATA[]]></system-err>
</testsuite>
