<?xml version="1.0" encoding="UTF-8"?>
<testsuite name="com.dotcms.util.pagination.SiteViewPaginatorUnitTest" tests="2" skipped="0" failures="0" errors="0" timestamp="2023-07-14T17:29:48" hostname="fv-az790-550" time="0.232">
  <properties/>
  <testcase name="Test_Get_Items_Sorted_Pages" classname="com.dotcms.util.pagination.SiteViewPaginatorUnitTest" time="0.164"/>
  <testcase name="Test_Get_Items_Page_Size" classname="com.dotcms.util.pagination.SiteViewPaginatorUnitTest" time="0.068"/>
  <system-out><![CDATA[SYSTEM_HOST
0
1
2
3
6
]]></system-out>
  <system-err><![CDATA[]]></system-err>
</testsuite>
