<?xml version="1.0" encoding="UTF-8"?>
<testsuite name="com.dotcms.rest.api.v1.authentication.LogoutResourceTest" tests="1" skipped="0" failures="0" errors="0" timestamp="2023-06-30T22:37:06" hostname="fv-az173-860" time="0.015">
  <properties/>
  <testcase name="testLogout" classname="com.dotcms.rest.api.v1.authentication.LogoutResourceTest" time="0.015"/>
  <system-out><![CDATA[]]></system-out>
  <system-err><![CDATA[]]></system-err>
</testsuite>
