<?xml version="1.0" encoding="UTF-8"?>
<testsuite name="com.dotmarketing.business.BlockDirectiveCacheImplTest" tests="4" skipped="0" failures="0" errors="0" timestamp="2023-06-26T21:48:27" hostname="fv-az1032-241" time="2.503">
  <properties/>
  <testcase name="test_remove" classname="com.dotmarketing.business.BlockDirectiveCacheImplTest" time="0.001"/>
  <testcase name="test_cache_TTL_0" classname="com.dotmarketing.business.BlockDirectiveCacheImplTest" time="0.0"/>
  <testcase name="test_cache_TTL_2" classname="com.dotmarketing.business.BlockDirectiveCacheImplTest" time="2.501"/>
  <testcase name="test_cache_clear" classname="com.dotmarketing.business.BlockDirectiveCacheImplTest" time="0.0"/>
  <system-out><![CDATA[]]></system-out>
  <system-err><![CDATA[]]></system-err>
</testsuite>
