<?xml version="1.0" encoding="UTF-8"?>
<testsuite name="com.dotcms.auth.providers.jwt.factories.SecretKeySpecFactoryTest" tests="1" skipped="0" failures="0" errors="0" timestamp="2023-06-27T18:47:06" hostname="fv-az167-285" time="1.383">
  <properties/>
  <testcase name="readAndPrepareSecret" classname="com.dotcms.auth.providers.jwt.factories.SecretKeySpecFactoryTest" time="1.383"/>
  <system-out><![CDATA[3b8a4c26fb6026705074a808c780545c45e4c71dc1f4449c452d510b5481e87b3e8c8b5afeea42be7b1dea07c3115da4e4c4f543652d23acd4bfd0e4c76758cb
MySecretKey2
MySecretKey3
MySecretKey3
03ba895c9fbaff47a25d8fda0beee5b59a3a12e92155a1b07fc66a33e435bd1c85759e3a12fdc39f500ebc00df28a81003d3205e76bceefd1df003e77af7ca35
a0e2bb937cd0129e16f5199a2150df6821880729f727283084c42d0f3d8afd5f842548247730a9a8b20c12cbebacf780684e04aeae6e03c4fa9de85ff8f42c49
72984e4c198746614a86bb62f2cd66e5102b801a13cc9a88012959dfd3625c44bdf8030a46bfaded04c2fd9f83fe3d04b8517e52a74f349110f35bcbae2649c0
]]></system-out>
  <system-err><![CDATA[]]></system-err>
</testsuite>
