<?xml version="1.0" encoding="UTF-8"?>
<testsuite name="com.dotcms.auth.providers.jwt.factories.SecretKeySpecFactoryTest" tests="1" skipped="0" failures="0" errors="0" timestamp="2023-07-14T18:12:00" hostname="fv-az442-494" time="1.3">
  <properties/>
  <testcase name="readAndPrepareSecret" classname="com.dotcms.auth.providers.jwt.factories.SecretKeySpecFactoryTest" time="1.3"/>
  <system-out><![CDATA[c27edf1646becd2d85a7499af73c6293f7addc6edbe7fc42410126b89ecd787574c6779726327115b9c6c1a842513be9a1a22e36fec0ff56f0d187554e0db748
MySecretKey2
MySecretKey3
MySecretKey3
cb3fc8c3a191b2d3006d7e277b0ac7c4af4404f950f8f273c4462c8740d8b458cf0b26885fc13f40a2e3bcb038934f718a2f567d6c9ec82e31684097b7f560ef
6784800db929dab68a2b03d0242d324914a36653990826b27c76fdb4057f6b8677f35d63f46f1dfe437713f38ae51a7158c2e8365b6032268af583b7c19a1cc9
0203b937f5e5788cc09ea8a90b4877a420600d593ca62e21e4a0aa0245f9bd45195fd387e2a44533d6da209b20454674aba9930d467fd44682b94a547dadee2a
]]></system-out>
  <system-err><![CDATA[]]></system-err>
</testsuite>
