<?xml version="1.0" encoding="UTF-8"?>
<testsuite name="com.dotmarketing.util.PasswordGeneratorTest" tests="1" skipped="0" failures="0" errors="0" timestamp="2023-07-19T17:14:21" hostname="fv-az1241-947" time="0.038">
  <properties/>
  <testcase name="Test_Generate_Password_Then_Test_We_Have_At_Least_One_Match_Per_Group" classname="com.dotmarketing.util.PasswordGeneratorTest" time="0.038"/>
  <system-out><![CDATA[]]></system-out>
  <system-err><![CDATA[]]></system-err>
</testsuite>
