<?xml version="1.0" encoding="UTF-8"?>
<testsuite name="com.dotcms.util.StringStreamTest" tests="2" skipped="0" failures="0" errors="0" timestamp="2023-06-23T17:40:53" hostname="fv-az397-542" time="0.008">
  <properties/>
  <testcase name="lowercaseTest" classname="com.dotcms.util.StringStreamTest" time="0.002"/>
  <testcase name="uppercaseTest" classname="com.dotcms.util.StringStreamTest" time="0.006"/>
  <system-out><![CDATA[]]></system-out>
  <system-err><![CDATA[]]></system-err>
</testsuite>
