<?xml version="1.0" encoding="UTF-8"?>
<testsuite name="com.dotcms.auth.providers.jwt.factories.SecretKeySpecFactoryTest" tests="1" skipped="0" failures="0" errors="0" timestamp="2023-07-06T22:36:35" hostname="fv-az268-907" time="1.569">
  <properties/>
  <testcase name="readAndPrepareSecret" classname="com.dotcms.auth.providers.jwt.factories.SecretKeySpecFactoryTest" time="1.569"/>
  <system-out><![CDATA[d385fdff32d845bd075724f7eadee79ba312224f6b5a6fd3ac14f805f6491d8ca0c8d850c7ffa7e5c6f63bfe79a5c4d8b2d3078459439e3aa71822dc1d3e1aff
MySecretKey2
MySecretKey3
MySecretKey3
8660dd9149c561cfaab102dad3020c30a7d0b8e043cecfcd0e31c3491218a25e1aa9246fead813b92d81035372b5b6f63e72821c7802ebac43ffd364fff19b3d
ddba720a2ce049b5f3ce878a3b83da2f44314adfe72705ecdc8c93b3a5a0d06ae75b09ac3f533c930eac9d7edb0403938adbf9e3ade9703518e17d5dcc60f51e
d1cf52d89870cd41832d3b05045c74e9f42c466004ee3002b39b8a37026efd6dd040c499257e1869f5d71a193b391794092f9baa042d0ad0a7e96fad1f44423e
]]></system-out>
  <system-err><![CDATA[]]></system-err>
</testsuite>
