<?xml version="1.0" encoding="UTF-8"?>
<testsuite name="com.dotcms.analytics.bayesian.BetaDistributionWrapperTest" tests="1" skipped="0" failures="0" errors="0" timestamp="2023-07-10T19:58:19" hostname="fv-az437-589" time="0.106">
  <properties/>
  <testcase name="test_pdfElements" classname="com.dotcms.analytics.bayesian.BetaDistributionWrapperTest" time="0.106"/>
  <system-out><![CDATA[]]></system-out>
  <system-err><![CDATA[]]></system-err>
</testsuite>
