<?xml version="1.0" encoding="UTF-8"?>
<testsuite name="com.dotmarketing.portlets.workflows.ajax.WfBaseActionTest" tests="3" skipped="0" failures="0" errors="0" timestamp="2023-07-18T20:46:23" hostname="fv-az618-565" time="0.179">
  <properties/>
  <testcase name="TestOnNullCallTheDefaultCommand" classname="com.dotmarketing.portlets.workflows.ajax.WfBaseActionTest" time="0.133"/>
  <testcase name="TestNotAllowedCommands" classname="com.dotmarketing.portlets.workflows.ajax.WfBaseActionTest" time="0.019"/>
  <testcase name="TestAllowedCommands" classname="com.dotmarketing.portlets.workflows.ajax.WfBaseActionTest" time="0.026"/>
  <system-out><![CDATA[ Command ::  forbiddenMethod  on  class Mock for WfRoleStoreAjax, hashCode: 1217745665
 Command ::  forbiddenMethod  on  class Mock for WfSchemeAjax, hashCode: 226669525
 Command ::  forbiddenMethod  on  class Mock for WfActionAjax, hashCode: 738081628
 Command ::  forbiddenMethod  on  class Mock for WfTaskAjax, hashCode: 2133035008
 Command ::  forbiddenMethod  on  class Mock for WfActionClassAjax, hashCode: 1731173289
 Command ::  action  on  class Mock for WfRoleStoreAjax, hashCode: 1598723764
 Command ::  assignable  on  class Mock for WfRoleStoreAjax, hashCode: 1598723764
 Command ::  rolesToJson  on  class Mock for WfRoleStoreAjax, hashCode: 1598723764
 Command ::  save  on  class Mock for WfSchemeAjax, hashCode: 1918414678
 Command ::  action  on  class Mock for WfSchemeAjax, hashCode: 1918414678
 Command ::  save  on  class Mock for WfActionAjax, hashCode: 383559261
 Command ::  delete  on  class Mock for WfActionAjax, hashCode: 383559261
 Command ::  reorder  on  class Mock for WfActionAjax, hashCode: 383559261
 Command ::  action  on  class Mock for WfActionAjax, hashCode: 383559261
 Command ::  add  on  class Mock for WfActionAjax, hashCode: 383559261
 Command ::  deleteActionForStep  on  class Mock for WfActionAjax, hashCode: 383559261
 Command ::  action  on  class Mock for WfTaskAjax, hashCode: 413071403
 Command ::  executeAction  on  class Mock for WfTaskAjax, hashCode: 413071403
 Command ::  executeActions  on  class Mock for WfTaskAjax, hashCode: 413071403
 Command ::  save  on  class Mock for WfActionClassAjax, hashCode: 1762060216
 Command ::  add  on  class Mock for WfActionClassAjax, hashCode: 1762060216
 Command ::  action  on  class Mock for WfActionClassAjax, hashCode: 1762060216
 Command ::  reorder  on  class Mock for WfActionClassAjax, hashCode: 1762060216
 Command ::  delete  on  class Mock for WfActionClassAjax, hashCode: 1762060216
]]></system-out>
  <system-err><![CDATA[]]></system-err>
</testsuite>
