<?xml version="1.0" encoding="UTF-8"?>
<testsuite name="com.dotcms.util.pagination.CategoriesPaginatorTest" tests="2" skipped="0" failures="0" errors="0" timestamp="2023-07-18T17:28:19" hostname="fv-az168-813" time="0.112">
  <properties/>
  <testcase name="when_orderByIsNotNull_and_ExistsItemsByFilter_should_returnItems" classname="com.dotcms.util.pagination.CategoriesPaginatorTest" time="0.111"/>
  <testcase name="when_orderByIsNotNull_and_NotexistsItemsByFilter_should_returnItems" classname="com.dotcms.util.pagination.CategoriesPaginatorTest" time="0.001"/>
  <system-out><![CDATA[]]></system-out>
  <system-err><![CDATA[]]></system-err>
</testsuite>
