<?xml version="1.0" encoding="UTF-8"?>
<testsuite name="com.dotmarketing.portlets.rules.conditionlet.DateTimeConditionletTest" tests="9" skipped="0" failures="0" errors="0" timestamp="2023-07-13T20:35:20" hostname="fv-az358-465" time="0.012">
  <properties/>
  <testcase name="testComparisons[0: If 2016-01-01T00:00 set and visitor's datetime is 2016-01-01T01:00 , evaluate to true.]" classname="com.dotmarketing.portlets.rules.conditionlet.DateTimeConditionletTest" time="0.004"/>
  <testcase name="testComparisons[1: If 2016-01-01T01:00 set and visitor's datetime is 2016-01-01T00:00 , evaluate to false.]" classname="com.dotmarketing.portlets.rules.conditionlet.DateTimeConditionletTest" time="0.0"/>
  <testcase name="testComparisons[2: If 2016-01-01T01:00 set and visitor's datetime is 2016-01-01T00:00 , evaluate to true.]" classname="com.dotmarketing.portlets.rules.conditionlet.DateTimeConditionletTest" time="0.0"/>
  <testcase name="testComparisons[3: If 2016-01-01T00:00 set and visitor's datetime is 2016-01-01T01:00 , evaluate to true.]" classname="com.dotmarketing.portlets.rules.conditionlet.DateTimeConditionletTest" time="0.003"/>
  <testcase name="testComparisons[4: If 2016-01-01T00:00, 2016-01-01T02:00 set and visitor's datetime is 2016-01-01T01:00 , evaluate to true.]" classname="com.dotmarketing.portlets.rules.conditionlet.DateTimeConditionletTest" time="0.001"/>
  <testcase name="testCannotValidateWhenComparisonIsNull" classname="com.dotmarketing.portlets.rules.conditionlet.DateTimeConditionletTest" time="0.001"/>
  <testcase name="testCannotValidateWhenComparisonNotSet" classname="com.dotmarketing.portlets.rules.conditionlet.DateTimeConditionletTest" time="0.0"/>
  <testcase name="testUnsupportedComparisonThrowsException" classname="com.dotmarketing.portlets.rules.conditionlet.DateTimeConditionletTest" time="0.001"/>
  <testcase name="testEvaluatesToFalseWhenArgumentsAreEmptyOrMissing" classname="com.dotmarketing.portlets.rules.conditionlet.DateTimeConditionletTest" time="0.0"/>
  <system-out><![CDATA[]]></system-out>
  <system-err><![CDATA[]]></system-err>
</testsuite>
