<?xml version="1.0" encoding="UTF-8"?>
<testsuite name="com.dotcms.auth.providers.jwt.factories.SecretKeySpecFactoryTest" tests="1" skipped="0" failures="0" errors="0" timestamp="2023-07-12T22:44:30" hostname="fv-az451-659" time="1.272">
  <properties/>
  <testcase name="readAndPrepareSecret" classname="com.dotcms.auth.providers.jwt.factories.SecretKeySpecFactoryTest" time="1.272"/>
  <system-out><![CDATA[9dbfc3e2352d802392714049f39b4b604c6e8e151ae4eda8de1590625081df640bcec52629c325f1b7f6e3500741ace9c69c45d576f43f8474406ade2dd700d7
MySecretKey2
MySecretKey3
MySecretKey3
b77fe3f27693d97071b7efdfc283c33ea16de4be90149d38f63cafe7c25f8ab328d534c4ed2071687167adcc32eb8fe9c81532e57a1eab3bc614e0cb832608ea
f186c34a58293779c8ea755044f7073ab706fdf17cd14597ad576f0a3459091d69557d52e5056068c3be94d73ffee62c538e45113b41a58eaf6ee8d2c0014ff2
270a7556aa5ac463d88913db489e2fada836d870d9416570d262164d6248fd1eb2bc0d126e2114e3a22527ee7326d1f4527f96d2754d5873bbf68a53ab046090
]]></system-out>
  <system-err><![CDATA[]]></system-err>
</testsuite>
