<?xml version="1.0" encoding="UTF-8"?>
<testsuite name="com.dotcms.content.elasticsearch.business.ESContentletAPIHelperTest" tests="1" skipped="0" failures="0" errors="0" timestamp="2023-07-18T15:50:09" hostname="fv-az612-336" time="0.121">
  <properties/>
  <testcase name="testGenerateNotificationStartDeleting" classname="com.dotcms.content.elasticsearch.business.ESContentletAPIHelperTest" time="0.121"/>
  <system-out><![CDATA[]]></system-out>
  <system-err><![CDATA[]]></system-err>
</testsuite>
