<?xml version="1.0" encoding="UTF-8"?>
<testsuite name="com.dotcms.listeners.SessionMonitorTest" tests="2" skipped="0" failures="0" errors="0" timestamp="2023-06-30T13:42:34" hostname="fv-az585-351" time="0.032">
  <properties/>
  <testcase name="testSessionDestroyedWithLogout" classname="com.dotcms.listeners.SessionMonitorTest" time="0.03"/>
  <testcase name="testSessionDestroyedWithoutLogout" classname="com.dotcms.listeners.SessionMonitorTest" time="0.001"/>
  <system-out><![CDATA[]]></system-out>
  <system-err><![CDATA[]]></system-err>
</testsuite>
