<?xml version="1.0" encoding="UTF-8"?>
<testsuite name="com.dotcms.util.TestExceptionUtil" tests="4" skipped="0" failures="0" errors="0" timestamp="2023-07-21T05:19:54" hostname="fv-az1128-258" time="0.008">
  <properties/>
  <testcase name="TestExceptionIsNotCausedBy" classname="com.dotcms.util.TestExceptionUtil" time="0.0"/>
  <testcase name="TestExceptionIsCausedBy" classname="com.dotcms.util.TestExceptionUtil" time="0.0"/>
  <testcase name="TestException_getCauseBy" classname="com.dotcms.util.TestExceptionUtil" time="0.0"/>
  <testcase name="TestExceptionIsCausedByMany" classname="com.dotcms.util.TestExceptionUtil" time="0.008"/>
  <system-out><![CDATA[]]></system-out>
  <system-err><![CDATA[]]></system-err>
</testsuite>
