<?xml version="1.0" encoding="UTF-8"?>
<testsuite name="com.dotcms.auth.providers.jwt.factories.SecretKeySpecFactoryTest" tests="1" skipped="0" failures="0" errors="0" timestamp="2023-06-30T15:31:33" hostname="fv-az617-677" time="2.11">
  <properties/>
  <testcase name="readAndPrepareSecret" classname="com.dotcms.auth.providers.jwt.factories.SecretKeySpecFactoryTest" time="2.11"/>
  <system-out><![CDATA[b3bf4796d1b253c5afde59db94b0f8d3d13a281cabe8e9cbb1e765916da1ee21a4bb6ce90aa382502dddade0cdddcb1ab5e46662b59befc87e4e6230d885a152
MySecretKey2
MySecretKey3
MySecretKey3
874ac1857e54de6f3e3290580162f7b201ee2771900f9517fd6ee340ca6125d65efb159783d23313bb51324915f425d0ef54157dce7619654a0e1ff8c60ad3df
f1a7b5a54d248bde08d9387465d90fe32143db8299df13d6e268ae4c09624db399d38b91b2bd1bed73de0306efd3811ff450d100eb14cdfd7bc74f866cfd4af4
8877e148d875a63ee152889586172ba8208a935598fcdf0c7d1c314e9da35fd2224f92d95dae3367bc938ec13acb842881524267b3acf77d5a997187af6496b9
]]></system-out>
  <system-err><![CDATA[]]></system-err>
</testsuite>
