<?xml version="1.0" encoding="UTF-8"?>
<testsuite name="com.dotcms.listeners.SessionMonitorTest" tests="2" skipped="0" failures="0" errors="0" timestamp="2023-07-13T17:30:12" hostname="fv-az799-554" time="0.074">
  <properties/>
  <testcase name="testSessionDestroyedWithLogout" classname="com.dotcms.listeners.SessionMonitorTest" time="0.061"/>
  <testcase name="testSessionDestroyedWithoutLogout" classname="com.dotcms.listeners.SessionMonitorTest" time="0.002"/>
  <system-out><![CDATA[]]></system-out>
  <system-err><![CDATA[]]></system-err>
</testsuite>
