<?xml version="1.0" encoding="UTF-8"?>
<testsuite name="com.dotcms.publisher.endpoint.bean.factory.PublishingEndPointFactoryTest" tests="5" skipped="0" failures="0" errors="0" timestamp="2023-07-11T16:58:42" hostname="fv-az283-278" time="0.006">
  <properties/>
  <testcase name="getPublishingEndPoint_whenProtocolNotSet_returnNull" classname="com.dotcms.publisher.endpoint.bean.factory.PublishingEndPointFactoryTest" time="0.002"/>
  <testcase name="getPublishingEndPoint_whenProtocolIsHttp_return_PushPublishingEndPoint" classname="com.dotcms.publisher.endpoint.bean.factory.PublishingEndPointFactoryTest" time="0.0"/>
  <testcase name="getPublishingEndPoint_whenProtocolIsHttpS_return_PushPublishingEndPoint" classname="com.dotcms.publisher.endpoint.bean.factory.PublishingEndPointFactoryTest" time="0.0"/>
  <testcase name="getPublishingEndPoint_whenProtocolIsStatic_return_StaticPublishingEndPoint" classname="com.dotcms.publisher.endpoint.bean.factory.PublishingEndPointFactoryTest" time="0.001"/>
  <testcase name="getPublishingEndPoint_whenProtocolIsAWS_S3_return_AWSS3PublishingEndPoint" classname="com.dotcms.publisher.endpoint.bean.factory.PublishingEndPointFactoryTest" time="0.001"/>
  <system-out><![CDATA[]]></system-out>
  <system-err><![CDATA[]]></system-err>
</testsuite>
