<?xml version="1.0" encoding="UTF-8"?>
<testsuite name="com.dotmarketing.util.LuceneQueryUtilsTest" tests="3" skipped="0" failures="0" errors="0" timestamp="2023-06-27T16:46:53" hostname="fv-az206-664" time="0.008">
  <properties/>
  <testcase name="testRetrieveAllActions" classname="com.dotmarketing.util.LuceneQueryUtilsTest" time="0.001"/>
  <testcase name="testRetrieveAllActionsQueryWithPrefix" classname="com.dotmarketing.util.LuceneQueryUtilsTest" time="0.0"/>
  <testcase name="testRetrieveAllActionsQueryWithPrefixAndExcludeInodes" classname="com.dotmarketing.util.LuceneQueryUtilsTest" time="0.0"/>
  <system-out><![CDATA[]]></system-out>
  <system-err><![CDATA[]]></system-err>
</testsuite>
