<?xml version="1.0" encoding="UTF-8"?>
<testsuite name="com.dotmarketing.portlets.workflows.ajax.WfBaseActionTest" tests="3" skipped="0" failures="0" errors="0" timestamp="2023-06-22T23:37:38" hostname="fv-az620-565" time="0.408">
  <properties/>
  <testcase name="TestOnNullCallTheDefaultCommand" classname="com.dotmarketing.portlets.workflows.ajax.WfBaseActionTest" time="0.357"/>
  <testcase name="TestNotAllowedCommands" classname="com.dotmarketing.portlets.workflows.ajax.WfBaseActionTest" time="0.02"/>
  <testcase name="TestAllowedCommands" classname="com.dotmarketing.portlets.workflows.ajax.WfBaseActionTest" time="0.031"/>
  <system-out><![CDATA[ Command ::  forbiddenMethod  on  class Mock for WfActionAjax, hashCode: 703436429
 Command ::  forbiddenMethod  on  class Mock for WfRoleStoreAjax, hashCode: 1851687509
 Command ::  forbiddenMethod  on  class Mock for WfActionClassAjax, hashCode: 935107580
 Command ::  forbiddenMethod  on  class Mock for WfTaskAjax, hashCode: 779061982
 Command ::  forbiddenMethod  on  class Mock for WfSchemeAjax, hashCode: 244990080
 Command ::  save  on  class Mock for WfActionAjax, hashCode: 669134522
 Command ::  delete  on  class Mock for WfActionAjax, hashCode: 669134522
 Command ::  reorder  on  class Mock for WfActionAjax, hashCode: 669134522
 Command ::  action  on  class Mock for WfActionAjax, hashCode: 669134522
 Command ::  add  on  class Mock for WfActionAjax, hashCode: 669134522
 Command ::  deleteActionForStep  on  class Mock for WfActionAjax, hashCode: 669134522
 Command ::  action  on  class Mock for WfRoleStoreAjax, hashCode: 105002634
 Command ::  assignable  on  class Mock for WfRoleStoreAjax, hashCode: 105002634
 Command ::  rolesToJson  on  class Mock for WfRoleStoreAjax, hashCode: 105002634
 Command ::  save  on  class Mock for WfActionClassAjax, hashCode: 1753984644
 Command ::  add  on  class Mock for WfActionClassAjax, hashCode: 1753984644
 Command ::  action  on  class Mock for WfActionClassAjax, hashCode: 1753984644
 Command ::  reorder  on  class Mock for WfActionClassAjax, hashCode: 1753984644
 Command ::  delete  on  class Mock for WfActionClassAjax, hashCode: 1753984644
 Command ::  executeAction  on  class Mock for WfTaskAjax, hashCode: 1918894330
 Command ::  executeActions  on  class Mock for WfTaskAjax, hashCode: 1918894330
 Command ::  action  on  class Mock for WfTaskAjax, hashCode: 1918894330
 Command ::  save  on  class Mock for WfSchemeAjax, hashCode: 1230990040
 Command ::  action  on  class Mock for WfSchemeAjax, hashCode: 1230990040
]]></system-out>
  <system-err><![CDATA[]]></system-err>
</testsuite>
