<?xml version="1.0" encoding="UTF-8"?>
<testsuite name="com.dotcms.auth.providers.jwt.factories.SecretKeySpecFactoryTest" tests="1" skipped="0" failures="0" errors="0" timestamp="2023-07-17T18:44:30" hostname="fv-az488-38" time="1.513">
  <properties/>
  <testcase name="readAndPrepareSecret" classname="com.dotcms.auth.providers.jwt.factories.SecretKeySpecFactoryTest" time="1.513"/>
  <system-out><![CDATA[e7917fffecdc7c2413bc7e621fbab09061dc602b810cd82a58c94ade1e67acd000521b5180d5f9a27b6640cd85e1b2d04b0011ab3ddd05b43e78e503e0ca685f
MySecretKey2
MySecretKey3
MySecretKey3
a897d1c2ea82c65b60e0baed31ba5b3841bc9d525a7fda6bf23e5683eb6fd56c5589e502c777b689c233b6b3d04f6d2a61368ced8d451a675bdfe5ce3238d9c7
b24cb82a0b704e4d512b3eab763e636c94ef42f813652a9ea285c56d243f100080f5b6533c3ceb39d7129cb4d4dda8b791e8d5af5b9e6423ba87ada9e186727f
f7d05a98e1ed12362851752656f1e2c8df8c107d20986bb6dec6b12675a14521f0d98c006f52617c2d6e9d7f2f0c95aa8f17ef1ee25211441c3a96f7ff3c255e
]]></system-out>
  <system-err><![CDATA[]]></system-err>
</testsuite>
