<?xml version="1.0" encoding="UTF-8"?>
<testsuite name="com.dotcms.auth.providers.jwt.factories.SecretKeySpecFactoryTest" tests="1" skipped="0" failures="0" errors="0" timestamp="2023-07-21T15:53:24" hostname="fv-az313-39" time="1.285">
  <properties/>
  <testcase name="readAndPrepareSecret" classname="com.dotcms.auth.providers.jwt.factories.SecretKeySpecFactoryTest" time="1.285"/>
  <system-out><![CDATA[4a66f2e7d1639f6dbb6156ad52b80dab5ed5450df1a643ce5d533428d57c3a9bf81589f03f9e791726dd96a62e1ca66b3d3c70b53fd9f3c81b5c1b593f30fb2a
MySecretKey2
MySecretKey3
MySecretKey3
d5b79865ebfa61131623a550baa67f2307cd7c9de1ab983b3401770c44325f996d649de13efc3f1948349388ded21c3ea97dd7e1f2723af8c417d19a8bf849cd
83a08824c3ca6fc479c22eccff3775ef44182201d54af4fcddfd727eaea764b99da560965940e10663957bf525387b71b93c35558e66a0b4f6494e0ce03e9b4a
c2398788c9532752c6e39fc5f8b38406dc0d26eb1f867f8b0d4aa45e354d8a65ee6c1f8abc7b0716d5409829f81e5c6fc90e85e75aa0c728c8f41bd162b89407
]]></system-out>
  <system-err><![CDATA[]]></system-err>
</testsuite>
