<?xml version="1.0" encoding="UTF-8"?>
<testsuite name="com.dotcms.translate.GoogleTranslationServiceTest" tests="10" skipped="0" failures="0" errors="0" timestamp="2023-06-30T18:14:22" hostname="fv-az741-151" time="0.109">
  <properties/>
  <testcase name="testTranslateString" classname="com.dotcms.translate.GoogleTranslationServiceTest" time="0.053"/>
  <testcase name="testTranslateString_BadJSON" classname="com.dotcms.translate.GoogleTranslationServiceTest" time="0.004"/>
  <testcase name="testTranslateStrings_NullItems" classname="com.dotcms.translate.GoogleTranslationServiceTest" time="0.001"/>
  <testcase name="testTranslateString_SameLanguage" classname="com.dotcms.translate.GoogleTranslationServiceTest" time="0.001"/>
  <testcase name="translateContent_nullFields" classname="com.dotcms.translate.GoogleTranslationServiceTest" time="0.014"/>
  <testcase name="translateContent" classname="com.dotcms.translate.GoogleTranslationServiceTest" time="0.019"/>
  <testcase name="translateContent_emtpyFields" classname="com.dotcms.translate.GoogleTranslationServiceTest" time="0.0"/>
  <testcase name="testTranslateStrings" classname="com.dotcms.translate.GoogleTranslationServiceTest" time="0.004"/>
  <testcase name="translateContent_multiLanguages" classname="com.dotcms.translate.GoogleTranslationServiceTest" time="0.01"/>
  <testcase name="translateContent_NullContent" classname="com.dotcms.translate.GoogleTranslationServiceTest" time="0.0"/>
  <system-out><![CDATA[]]></system-out>
  <system-err><![CDATA[]]></system-err>
</testsuite>
