<?xml version="1.0" encoding="UTF-8"?>
<testsuite name="com.dotcms.auth.providers.jwt.factories.SecretKeySpecFactoryTest" tests="1" skipped="0" failures="0" errors="0" timestamp="2023-07-13T15:56:44" hostname="fv-az572-754" time="1.868">
  <properties/>
  <testcase name="readAndPrepareSecret" classname="com.dotcms.auth.providers.jwt.factories.SecretKeySpecFactoryTest" time="1.868"/>
  <system-out><![CDATA[110ebe902b3b39f2c0a1396451fd0a569112da45edb35e5c9d2f610258349b74ed79144e74cf0b0ddbfb318f20cbafd8f55b7f24c13814cfe871059735de4259
MySecretKey2
MySecretKey3
MySecretKey3
f37f0d898503e448cb27fb1ff4901c7cac9f73eb5ba5961ccd78ef590dc435423bb2a348d2d67ec341551bdef0a84a798e758182135cb28f06815bbed6f5467c
74ede9f1d3f4fcf6929f4e1d0f4a46f3ede62a4a2c67bd7527730622d63633dbdf4d7608b95bc53af4d9dde586f75904ec0302bd46ffb6389fd47075691dc25b
15bd0195c90feea12dcbfcfb333c8921709509b5204d7c3678807af6c26997ce182dd47c62bd7e872161fdb48cd921f57805b9081f6316615c3eb38563c8f97f
]]></system-out>
  <system-err><![CDATA[]]></system-err>
</testsuite>
