<?xml version="1.0" encoding="UTF-8"?>
<testsuite name="com.dotcms.api.system.event.verifier.MultipleRolesVerifierTest" tests="7" skipped="0" failures="0" errors="0" timestamp="2023-06-29T23:03:15" hostname="fv-az614-79" time="0.082">
  <properties/>
  <testcase name="verifiedOrSuccess2Test" classname="com.dotcms.api.system.event.verifier.MultipleRolesVerifierTest" time="0.066"/>
  <testcase name="verifiedOrSuccess3Test" classname="com.dotcms.api.system.event.verifier.MultipleRolesVerifierTest" time="0.001"/>
  <testcase name="verifiedOrSuccess4Test" classname="com.dotcms.api.system.event.verifier.MultipleRolesVerifierTest" time="0.001"/>
  <testcase name="verifiedOrSuccessTest" classname="com.dotcms.api.system.event.verifier.MultipleRolesVerifierTest" time="0.001"/>
  <testcase name="verifiedAndSuccessTest" classname="com.dotcms.api.system.event.verifier.MultipleRolesVerifierTest" time="0.001"/>
  <testcase name="verifiedAndFailTest" classname="com.dotcms.api.system.event.verifier.MultipleRolesVerifierTest" time="0.001"/>
  <testcase name="verifiedOrFailTest" classname="com.dotcms.api.system.event.verifier.MultipleRolesVerifierTest" time="0.002"/>
  <system-out><![CDATA[]]></system-out>
  <system-err><![CDATA[]]></system-err>
</testsuite>
