<?xml version="1.0" encoding="UTF-8"?>
<testsuite name="com.dotmarketing.portlets.workflows.ajax.WfBaseActionTest" tests="3" skipped="0" failures="0" errors="0" timestamp="2023-07-17T23:30:36" hostname="fv-az617-846" time="0.347">
  <properties/>
  <testcase name="TestOnNullCallTheDefaultCommand" classname="com.dotmarketing.portlets.workflows.ajax.WfBaseActionTest" time="0.256"/>
  <testcase name="TestNotAllowedCommands" classname="com.dotmarketing.portlets.workflows.ajax.WfBaseActionTest" time="0.028"/>
  <testcase name="TestAllowedCommands" classname="com.dotmarketing.portlets.workflows.ajax.WfBaseActionTest" time="0.061"/>
  <system-out><![CDATA[ Command ::  forbiddenMethod  on  class Mock for WfActionAjax, hashCode: 465876345
 Command ::  forbiddenMethod  on  class Mock for WfTaskAjax, hashCode: 1162245235
 Command ::  forbiddenMethod  on  class Mock for WfActionClassAjax, hashCode: 377607719
 Command ::  forbiddenMethod  on  class Mock for WfRoleStoreAjax, hashCode: 2041526471
 Command ::  forbiddenMethod  on  class Mock for WfSchemeAjax, hashCode: 1332782048
 Command ::  delete  on  class Mock for WfActionAjax, hashCode: 567158282
 Command ::  reorder  on  class Mock for WfActionAjax, hashCode: 567158282
 Command ::  action  on  class Mock for WfActionAjax, hashCode: 567158282
 Command ::  add  on  class Mock for WfActionAjax, hashCode: 567158282
 Command ::  deleteActionForStep  on  class Mock for WfActionAjax, hashCode: 567158282
 Command ::  save  on  class Mock for WfActionAjax, hashCode: 567158282
 Command ::  executeAction  on  class Mock for WfTaskAjax, hashCode: 1688217751
 Command ::  executeActions  on  class Mock for WfTaskAjax, hashCode: 1688217751
 Command ::  action  on  class Mock for WfTaskAjax, hashCode: 1688217751
 Command ::  action  on  class Mock for WfActionClassAjax, hashCode: 1961855203
 Command ::  reorder  on  class Mock for WfActionClassAjax, hashCode: 1961855203
 Command ::  delete  on  class Mock for WfActionClassAjax, hashCode: 1961855203
 Command ::  save  on  class Mock for WfActionClassAjax, hashCode: 1961855203
 Command ::  add  on  class Mock for WfActionClassAjax, hashCode: 1961855203
 Command ::  action  on  class Mock for WfRoleStoreAjax, hashCode: 1103080990
 Command ::  assignable  on  class Mock for WfRoleStoreAjax, hashCode: 1103080990
 Command ::  rolesToJson  on  class Mock for WfRoleStoreAjax, hashCode: 1103080990
 Command ::  save  on  class Mock for WfSchemeAjax, hashCode: 1012638755
 Command ::  action  on  class Mock for WfSchemeAjax, hashCode: 1012638755
]]></system-out>
  <system-err><![CDATA[]]></system-err>
</testsuite>
