<?xml version="1.0" encoding="UTF-8"?>
<testsuite name="com.dotmarketing.util.XMLUtilsTest" tests="4" skipped="0" failures="0" errors="0" timestamp="2023-07-14T19:50:11" hostname="fv-az1250-816" time="0.045">
  <properties/>
  <testcase name="isValidXML_null_Test" classname="com.dotmarketing.util.XMLUtilsTest" time="0.011"/>
  <testcase name="isValidXML_invalid_Test" classname="com.dotmarketing.util.XMLUtilsTest" time="0.025"/>
  <testcase name="isValidXML_empty_Test" classname="com.dotmarketing.util.XMLUtilsTest" time="0.0"/>
  <testcase name="isValidXML_valid_Test" classname="com.dotmarketing.util.XMLUtilsTest" time="0.009"/>
  <system-out><![CDATA[]]></system-out>
  <system-err><![CDATA[[Fatal Error] :3:1: XML document structures must start and end within the same entity.
]]></system-err>
</testsuite>
