<?xml version="1.0" encoding="UTF-8"?>
<testsuite name="com.dotcms.auth.providers.jwt.factories.SecretKeySpecFactoryTest" tests="1" skipped="0" failures="0" errors="0" timestamp="2023-06-21T16:04:22" hostname="fv-az306-218" time="1.248">
  <properties/>
  <testcase name="readAndPrepareSecret" classname="com.dotcms.auth.providers.jwt.factories.SecretKeySpecFactoryTest" time="1.248"/>
  <system-out><![CDATA[0e7531bb2dfe352eb92ec4b93dfce460a469febabb748804cc26e62b686718ba942c560c31f3960a72789dfcc5a75a2d1b7b60bcf78839ee74bbbac7a2a02c2f
MySecretKey2
MySecretKey3
MySecretKey3
aeff259793de1070f600d40826330d9a7773d8f208dc7a3ae31349edfd202d864056feab10713503ab99deaf21c143c4267b2bc02faea2245708ba3b7a821953
bd491640908e98f7a297da5ca94d6301fc852d5434f04a2faba8aff6638e503bd50e7599953062cf1574df15785a9a760ec04261fcaeee254c054388d6aa036e
9fd73a941cd9e5114d171c9c46e109316e81e201d9431487019a7378f1b77934f14994cda46d7e36f02f5edc349dff5199d05e9fb53c2b84632453fcd4e1cd0a
]]></system-out>
  <system-err><![CDATA[]]></system-err>
</testsuite>
