<?xml version="1.0" encoding="UTF-8"?>
<testsuite name="com.dotcms.util.diff.DiffCommandTest" tests="2" skipped="0" failures="0" errors="0" timestamp="2023-07-17T17:41:38" hostname="fv-az620-591" time="0.017">
  <properties/>
  <testcase name="applyDiff_Comparable" classname="com.dotcms.util.diff.DiffCommandTest" time="0.015"/>
  <testcase name="applyDiff_Differentiable" classname="com.dotcms.util.diff.DiffCommandTest" time="0.001"/>
  <system-out><![CDATA[{six=six, five=five}
{two=two}
{four=fourxxx, one=onexxx}
{six=com.dotcms.util.diff.DiffCommandTest$StringDifferentiable@4929097, five=com.dotcms.util.diff.DiffCommandTest$StringDifferentiable@7d2af85a}
{two=com.dotcms.util.diff.DiffCommandTest$StringDifferentiable@da8bf1}
{four=com.dotcms.util.diff.DiffCommandTest$StringDifferentiable@5c27f8da, one=com.dotcms.util.diff.DiffCommandTest$StringDifferentiable@4c21cde1}
]]></system-out>
  <system-err><![CDATA[]]></system-err>
</testsuite>
