<?xml version="1.0" encoding="UTF-8"?>
<testsuite name="com.dotmarketing.util.ZipUtilTest" tests="3" skipped="0" failures="0" errors="0" timestamp="2023-07-10T16:50:24" hostname="fv-az444-180" time="0.032">
  <properties/>
  <testcase name="testUnzipInvalidInputStream" classname="com.dotmarketing.util.ZipUtilTest" time="0.031"/>
  <testcase name="simpleChildPathMatchTest" classname="com.dotmarketing.util.ZipUtilTest" time="0.0"/>
  <testcase name="invalidFolderAttemptTest" classname="com.dotmarketing.util.ZipUtilTest" time="0.0"/>
  <system-out><![CDATA[]]></system-out>
  <system-err><![CDATA[]]></system-err>
</testsuite>
