<?xml version="1.0" encoding="UTF-8"?>
<testsuite name="com.dotmarketing.portlets.workflows.ajax.WfBaseActionTest" tests="3" skipped="0" failures="0" errors="0" timestamp="2023-06-26T21:40:54" hostname="fv-az206-664" time="0.213">
  <properties/>
  <testcase name="TestOnNullCallTheDefaultCommand" classname="com.dotmarketing.portlets.workflows.ajax.WfBaseActionTest" time="0.159"/>
  <testcase name="TestNotAllowedCommands" classname="com.dotmarketing.portlets.workflows.ajax.WfBaseActionTest" time="0.018"/>
  <testcase name="TestAllowedCommands" classname="com.dotmarketing.portlets.workflows.ajax.WfBaseActionTest" time="0.035"/>
  <system-out><![CDATA[ Command ::  forbiddenMethod  on  class Mock for WfTaskAjax, hashCode: 674040283
 Command ::  forbiddenMethod  on  class Mock for WfActionClassAjax, hashCode: 1960807943
 Command ::  forbiddenMethod  on  class Mock for WfRoleStoreAjax, hashCode: 264959734
 Command ::  forbiddenMethod  on  class Mock for WfActionAjax, hashCode: 1864693160
 Command ::  forbiddenMethod  on  class Mock for WfSchemeAjax, hashCode: 847579756
 Command ::  executeAction  on  class Mock for WfTaskAjax, hashCode: 37262783
 Command ::  action  on  class Mock for WfTaskAjax, hashCode: 37262783
 Command ::  executeActions  on  class Mock for WfTaskAjax, hashCode: 37262783
 Command ::  save  on  class Mock for WfActionClassAjax, hashCode: 1956820070
 Command ::  delete  on  class Mock for WfActionClassAjax, hashCode: 1956820070
 Command ::  reorder  on  class Mock for WfActionClassAjax, hashCode: 1956820070
 Command ::  action  on  class Mock for WfActionClassAjax, hashCode: 1956820070
 Command ::  add  on  class Mock for WfActionClassAjax, hashCode: 1956820070
 Command ::  rolesToJson  on  class Mock for WfRoleStoreAjax, hashCode: 343123756
 Command ::  assignable  on  class Mock for WfRoleStoreAjax, hashCode: 343123756
 Command ::  action  on  class Mock for WfRoleStoreAjax, hashCode: 343123756
 Command ::  deleteActionForStep  on  class Mock for WfActionAjax, hashCode: 345491262
 Command ::  add  on  class Mock for WfActionAjax, hashCode: 345491262
 Command ::  action  on  class Mock for WfActionAjax, hashCode: 345491262
 Command ::  reorder  on  class Mock for WfActionAjax, hashCode: 345491262
 Command ::  delete  on  class Mock for WfActionAjax, hashCode: 345491262
 Command ::  save  on  class Mock for WfActionAjax, hashCode: 345491262
 Command ::  action  on  class Mock for WfSchemeAjax, hashCode: 479261321
 Command ::  save  on  class Mock for WfSchemeAjax, hashCode: 479261321
]]></system-out>
  <system-err><![CDATA[]]></system-err>
</testsuite>
