<?xml version="1.0" encoding="UTF-8"?>
<testsuite name="com.dotcms.auth.providers.jwt.factories.SecretKeySpecFactoryTest" tests="1" skipped="0" failures="0" errors="0" timestamp="2023-07-10T17:50:51" hostname="fv-az749-250" time="1.451">
  <properties/>
  <testcase name="readAndPrepareSecret" classname="com.dotcms.auth.providers.jwt.factories.SecretKeySpecFactoryTest" time="1.451"/>
  <system-out><![CDATA[ab09e84cf94ca1a06ec12417e554a08ffa6de43b748b189646848aa78109ebe7c815377a8dec2781c9304684c621bd0958eae73f3c34214e0d6ac7c059fe2231
MySecretKey2
MySecretKey3
MySecretKey3
05fe0d1c5f27b5e403bc4b0c38bfad6ead29057ad1a6e3916c92bc0dbfbc49c63909fc468c8f5cad18f4bb3ec85abaf147e2ada665edea7ed5283362cdb3843e
f6927a0d4a02dddc70e735af1770e89f798b96bd3794b0495fbb4e36bcb58fb1c276464b244f6e52af987b70ac5c0b1ee992b6d4a5eb2cdfd9241ee7a4c8c851
6acb7079bb905015026876b14a8107031ff8a7b981d41898e03a8f653220b12358b93ffd94f963608eff2087465f3b3659c40760c5dc2d39ae3fa43c49df82ae
]]></system-out>
  <system-err><![CDATA[]]></system-err>
</testsuite>
