<?xml version="1.0" encoding="UTF-8"?>
<testsuite name="com.dotcms.auth.providers.jwt.factories.SecretKeySpecFactoryTest" tests="1" skipped="0" failures="0" errors="0" timestamp="2023-07-10T20:53:13" hostname="fv-az413-110" time="1.425">
  <properties/>
  <testcase name="readAndPrepareSecret" classname="com.dotcms.auth.providers.jwt.factories.SecretKeySpecFactoryTest" time="1.425"/>
  <system-out><![CDATA[8f7bd56deb203c7e17a18c7e06f59a9ddc6a805e454161fd847f2446f2fe9a27b6bde8bc4a9d20d6607688d68ff198dd8ca3a43d2db572867d18c125be2b7657
MySecretKey2
MySecretKey3
MySecretKey3
7ec5e42b4ca97c3d804aed81da3d2654d5df6c3071cdf6407d700e19c29666687403a30fddd85a2c1ca5f3731f5e0339e75b13b6abdcd3ec8e7338197023bcb3
bed9f790caef9db826da17758a23cd7486d9069ea287954f8f8bd87bbae0450d45874ed42c3157456136736804418db4b55a1d7710217f046db073d8482a024a
dd3393a03ef03c7bde36fab2ae62b0bc99ea127d8586f0cc80e2cbdecc6e32e0384216e894c07a5ee66200b68dc1e534fb65d4871a37cff596f56ce02c63263e
]]></system-out>
  <system-err><![CDATA[]]></system-err>
</testsuite>
