<?xml version="1.0" encoding="UTF-8"?>
<testsuite name="com.dotmarketing.portlets.osgi.AJAX.OSGIBaseAJAXTest" tests="3" skipped="0" failures="0" errors="0" timestamp="2023-07-03T16:46:27" hostname="fv-az305-256" time="0.097">
  <properties/>
  <testcase name="TestOnNullCallTheDefaultCommand" classname="com.dotmarketing.portlets.osgi.AJAX.OSGIBaseAJAXTest" time="0.066"/>
  <testcase name="TestNotAllowedCommands" classname="com.dotmarketing.portlets.osgi.AJAX.OSGIBaseAJAXTest" time="0.006"/>
  <testcase name="TestAllowedCommands" classname="com.dotmarketing.portlets.osgi.AJAX.OSGIBaseAJAXTest" time="0.025"/>
  <system-out><![CDATA[ Command ::  forbiddenMethod  on  class Mock for OSGIAJAX, hashCode: 1127085526
 Command ::  stop  on  class Mock for OSGIAJAX, hashCode: 783890961
 Command ::  undeploy  on  class Mock for OSGIAJAX, hashCode: 783890961
 Command ::  modifyExtraPackages  on  class Mock for OSGIAJAX, hashCode: 783890961
 Command ::  deploy  on  class Mock for OSGIAJAX, hashCode: 783890961
 Command ::  remove  on  class Mock for OSGIAJAX, hashCode: 783890961
 Command ::  getExtraPackages  on  class Mock for OSGIAJAX, hashCode: 783890961
 Command ::  action  on  class Mock for OSGIAJAX, hashCode: 783890961
 Command ::  restart  on  class Mock for OSGIAJAX, hashCode: 783890961
 Command ::  start  on  class Mock for OSGIAJAX, hashCode: 783890961
 Command ::  add  on  class Mock for OSGIAJAX, hashCode: 783890961
]]></system-out>
  <system-err><![CDATA[]]></system-err>
</testsuite>
