<?xml version="1.0" encoding="UTF-8"?>
<testsuite name="com.dotcms.util.LowerKeyMapTest" tests="1" skipped="0" failures="0" errors="0" timestamp="2023-07-12T18:38:08" hostname="fv-az955-357" time="0.002">
  <properties/>
  <testcase name="put_lowerKeyMapTest" classname="com.dotcms.util.LowerKeyMapTest" time="0.002"/>
  <system-out><![CDATA[]]></system-out>
  <system-err><![CDATA[]]></system-err>
</testsuite>
