<?xml version="1.0" encoding="UTF-8"?>
<testsuite name="com.dotcms.auth.providers.jwt.factories.SecretKeySpecFactoryTest" tests="1" skipped="0" failures="0" errors="0" timestamp="2023-07-20T19:17:10" hostname="fv-az440-335" time="1.38">
  <properties/>
  <testcase name="readAndPrepareSecret" classname="com.dotcms.auth.providers.jwt.factories.SecretKeySpecFactoryTest" time="1.38"/>
  <system-out><![CDATA[4239aa21b4767727ceedeb6505ec8cb3cb018c9fb2678d6657ffba15637cf62db920ea8cd99efe4356b1978ddda6fc8dc5c08de2f054f37c4bc3ce0308e222e4
MySecretKey2
MySecretKey3
MySecretKey3
db02838e8ec384824f6667f82c37cb702f283c523421f1ecf61cff2527a9fa6b4e2346a434a038a07b9bbc33d683f960062f0cc84085ccf6746533063dc036fd
7e8a90e3c0c5498425cedfc8d25a9313bb2bc5d38411bff2f51cb8f2c8b0483794ac894c3a1265f42a05f558be9b63dfbcafa2165d5a339c0a3673bf002cc886
e2af96189b50b09d2f5795a9c04ed1c55061726b33364e0fcf299f5c8b892bc06bf5cf4e546623b1d851d93fe7a8d618cb5ea2f4df2c9f64953194d2eca37e15
]]></system-out>
  <system-err><![CDATA[]]></system-err>
</testsuite>
