<?xml version="1.0" encoding="UTF-8"?>
<testsuite name="com.dotcms.auth.providers.jwt.factories.SecretKeySpecFactoryTest" tests="1" skipped="0" failures="0" errors="0" timestamp="2023-07-20T20:37:07" hostname="fv-az1032-138" time="1.784">
  <properties/>
  <testcase name="readAndPrepareSecret" classname="com.dotcms.auth.providers.jwt.factories.SecretKeySpecFactoryTest" time="1.784"/>
  <system-out><![CDATA[8b55297429c3633d893e9e0ca36c2b8ed7526a97377c531b4d40acf7ab484de5a90a27616a073e2ee1c531ba26ebae5cbf9296214740778fba6f9845a956b740
MySecretKey2
MySecretKey3
MySecretKey3
4c1984dc02863de20d6a2ca00b6f96f3a6e1c13fc2143fbd86b0841d99ec3270d3cca7eeceef21c74fa804e7bf826de8f9ce2831ef64b37a2d0b22c6864c7506
385b6185207b32e973d777d30a871ba1c7e7be01bdeb2baaf711d146204698231277a404a3bd66dedecdd4a98f4dc54856aa304f04913de0ed412aaabb9d655d
dc150682d51cdef5c047fd544565c4e4bb2e689881491ef727b4386f41bc7888688808874c3b5497e05f427f48b74de1f52bc935e251dde5259429a5678c16da
]]></system-out>
  <system-err><![CDATA[]]></system-err>
</testsuite>
