<?xml version="1.0" encoding="UTF-8"?>
<testsuite name="com.dotmarketing.db.DataSourceStrategyProviderTest" tests="10" skipped="0" failures="0" errors="0" timestamp="2023-07-05T14:24:39" hostname="fv-az267-190" time="0.182">
  <properties/>
  <testcase name="testGetFallback[0: DBProperties]" classname="com.dotmarketing.db.DataSourceStrategyProviderTest" time="0.102"/>
  <testcase name="testGetFallback[1: SystemEnv]" classname="com.dotmarketing.db.DataSourceStrategyProviderTest" time="0.004"/>
  <testcase name="testGetFallback[2: DockerSecret]" classname="com.dotmarketing.db.DataSourceStrategyProviderTest" time="0.007"/>
  <testcase name="testGetFallback[3: Tomcat]" classname="com.dotmarketing.db.DataSourceStrategyProviderTest" time="0.002"/>
  <testcase name="testGetFallback[4: CustomProvider]" classname="com.dotmarketing.db.DataSourceStrategyProviderTest" time="0.026"/>
  <testcase name="testGet[0: DBProperties]" classname="com.dotmarketing.db.DataSourceStrategyProviderTest" time="0.013"/>
  <testcase name="testGet[1: SystemEnv]" classname="com.dotmarketing.db.DataSourceStrategyProviderTest" time="0.002"/>
  <testcase name="testGet[2: DockerSecret]" classname="com.dotmarketing.db.DataSourceStrategyProviderTest" time="0.014"/>
  <testcase name="testGet[3: Tomcat]" classname="com.dotmarketing.db.DataSourceStrategyProviderTest" time="0.002"/>
  <testcase name="testGet[4: CustomProvider]" classname="com.dotmarketing.db.DataSourceStrategyProviderTest" time="0.006"/>
  <system-out><![CDATA[]]></system-out>
  <system-err><![CDATA[]]></system-err>
</testsuite>
