<?xml version="1.0" encoding="UTF-8"?>
<testsuite name="com.dotcms.auth.providers.jwt.factories.SecretKeySpecFactoryTest" tests="1" skipped="0" failures="0" errors="0" timestamp="2023-07-12T15:13:38" hostname="fv-az454-435" time="1.666">
  <properties/>
  <testcase name="readAndPrepareSecret" classname="com.dotcms.auth.providers.jwt.factories.SecretKeySpecFactoryTest" time="1.666"/>
  <system-out><![CDATA[c6a233192608f085fc24812c495005f7f94b75755fb37b870c625b11a7ccb8eadf004d63db40786eb0186f6ef7e9232d7a7535af4b3fc80720843ba45a55b997
MySecretKey2
MySecretKey3
MySecretKey3
32a6420798618ae817a1b938f4a87f3900fd63072a85d4f0086f2e0a8edd9ce6a3467b18460b805d384dda1a32604a200e8501c92bb2e94f72859cf33b1eaeca
f9c3b48352a7d213e6356ebe2256a3bb22c568e40a3b6cfb86ae75079ee9d1c04689b388b89f954c15c437255c7e091e627af7707b9abe9eb64420e27414b6bc
f3f5aa5d0984dd5c66cd4ee49b57abbc88b6cd4f91d28a1dcd09df0f337a6464208501fa7bb1c35bb192d71f74f1355013d96905ca3183900040baa5a22ce6b8
]]></system-out>
  <system-err><![CDATA[]]></system-err>
</testsuite>
