<?xml version="1.0" encoding="UTF-8"?>
<testsuite name="com.dotcms.auth.providers.jwt.factories.SecretKeySpecFactoryTest" tests="1" skipped="0" failures="0" errors="0" timestamp="2023-07-01T01:49:19" hostname="fv-az409-496" time="1.628">
  <properties/>
  <testcase name="readAndPrepareSecret" classname="com.dotcms.auth.providers.jwt.factories.SecretKeySpecFactoryTest" time="1.628"/>
  <system-out><![CDATA[e66162a92d9402536e0b2ae1207579e3cfd2c3575934648138d862dcb4cf9952da9014349025e93a57aeb175f6a9f807b902b2adc0fec7e9988248bb37a0f355
MySecretKey2
MySecretKey3
MySecretKey3
d08cebf613facecd6bc04aeb497833cc080a4fef2d8f7cbebeadee46918c18a2ef78b443270d8a34a94da347402d849059f0bf7e664ed0799e594b389254f09a
28e11440b3faa652d0535850bf9c31a0732cd15edea1fd7fa6fc017e2a0f1d3146475602d612fab915f9cae0706a77c5277f0fd0874179082ef45f1a1c5bcd31
a1899536acd76ff0d7852b5e2dce0e63a509ed46609e3d3dff065b6414f6cc6a27b338d7c1e98830651d8df2866c975835a1b76a97ce733970d98eb4b64b4508
]]></system-out>
  <system-err><![CDATA[]]></system-err>
</testsuite>
