<?xml version="1.0" encoding="UTF-8"?>
<testsuite name="com.dotmarketing.portlets.workflows.ajax.WfBaseActionTest" tests="3" skipped="0" failures="0" errors="0" timestamp="2023-07-18T18:34:34" hostname="fv-az621-121" time="0.219">
  <properties/>
  <testcase name="TestOnNullCallTheDefaultCommand" classname="com.dotmarketing.portlets.workflows.ajax.WfBaseActionTest" time="0.19"/>
  <testcase name="TestNotAllowedCommands" classname="com.dotmarketing.portlets.workflows.ajax.WfBaseActionTest" time="0.008"/>
  <testcase name="TestAllowedCommands" classname="com.dotmarketing.portlets.workflows.ajax.WfBaseActionTest" time="0.02"/>
  <system-out><![CDATA[ Command ::  forbiddenMethod  on  class Mock for WfActionAjax, hashCode: 1099762186
 Command ::  forbiddenMethod  on  class Mock for WfActionClassAjax, hashCode: 298440450
 Command ::  forbiddenMethod  on  class Mock for WfSchemeAjax, hashCode: 824911933
 Command ::  forbiddenMethod  on  class Mock for WfRoleStoreAjax, hashCode: 774194593
 Command ::  forbiddenMethod  on  class Mock for WfTaskAjax, hashCode: 603902861
 Command ::  add  on  class Mock for WfActionAjax, hashCode: 163391416
 Command ::  deleteActionForStep  on  class Mock for WfActionAjax, hashCode: 163391416
 Command ::  save  on  class Mock for WfActionAjax, hashCode: 163391416
 Command ::  delete  on  class Mock for WfActionAjax, hashCode: 163391416
 Command ::  reorder  on  class Mock for WfActionAjax, hashCode: 163391416
 Command ::  action  on  class Mock for WfActionAjax, hashCode: 163391416
 Command ::  reorder  on  class Mock for WfActionClassAjax, hashCode: 2030357696
 Command ::  delete  on  class Mock for WfActionClassAjax, hashCode: 2030357696
 Command ::  save  on  class Mock for WfActionClassAjax, hashCode: 2030357696
 Command ::  add  on  class Mock for WfActionClassAjax, hashCode: 2030357696
 Command ::  action  on  class Mock for WfActionClassAjax, hashCode: 2030357696
 Command ::  save  on  class Mock for WfSchemeAjax, hashCode: 730816979
 Command ::  action  on  class Mock for WfSchemeAjax, hashCode: 730816979
 Command ::  assignable  on  class Mock for WfRoleStoreAjax, hashCode: 1723456790
 Command ::  rolesToJson  on  class Mock for WfRoleStoreAjax, hashCode: 1723456790
 Command ::  action  on  class Mock for WfRoleStoreAjax, hashCode: 1723456790
 Command ::  executeAction  on  class Mock for WfTaskAjax, hashCode: 1395654061
 Command ::  executeActions  on  class Mock for WfTaskAjax, hashCode: 1395654061
 Command ::  action  on  class Mock for WfTaskAjax, hashCode: 1395654061
]]></system-out>
  <system-err><![CDATA[]]></system-err>
</testsuite>
