<?xml version="1.0" encoding="UTF-8"?>
<testsuite name="com.dotmarketing.portlets.osgi.AJAX.OSGIBaseAJAXTest" tests="3" skipped="0" failures="0" errors="0" timestamp="2023-06-30T17:18:01" hostname="fv-az578-307" time="0.175">
  <properties/>
  <testcase name="TestOnNullCallTheDefaultCommand" classname="com.dotmarketing.portlets.osgi.AJAX.OSGIBaseAJAXTest" time="0.139"/>
  <testcase name="TestNotAllowedCommands" classname="com.dotmarketing.portlets.osgi.AJAX.OSGIBaseAJAXTest" time="0.007"/>
  <testcase name="TestAllowedCommands" classname="com.dotmarketing.portlets.osgi.AJAX.OSGIBaseAJAXTest" time="0.029"/>
  <system-out><![CDATA[ Command ::  forbiddenMethod  on  class Mock for OSGIAJAX, hashCode: 578692649
 Command ::  deploy  on  class Mock for OSGIAJAX, hashCode: 111220311
 Command ::  remove  on  class Mock for OSGIAJAX, hashCode: 111220311
 Command ::  getExtraPackages  on  class Mock for OSGIAJAX, hashCode: 111220311
 Command ::  action  on  class Mock for OSGIAJAX, hashCode: 111220311
 Command ::  restart  on  class Mock for OSGIAJAX, hashCode: 111220311
 Command ::  start  on  class Mock for OSGIAJAX, hashCode: 111220311
 Command ::  add  on  class Mock for OSGIAJAX, hashCode: 111220311
 Command ::  stop  on  class Mock for OSGIAJAX, hashCode: 111220311
 Command ::  undeploy  on  class Mock for OSGIAJAX, hashCode: 111220311
 Command ::  modifyExtraPackages  on  class Mock for OSGIAJAX, hashCode: 111220311
]]></system-out>
  <system-err><![CDATA[]]></system-err>
</testsuite>
