<?xml version="1.0" encoding="UTF-8"?>
<testsuite name="com.dotmarketing.portlets.workflows.ajax.WfBaseActionTest" tests="3" skipped="0" failures="0" errors="0" timestamp="2023-06-27T23:37:21" hostname="fv-az337-595" time="0.364">
  <properties/>
  <testcase name="TestOnNullCallTheDefaultCommand" classname="com.dotmarketing.portlets.workflows.ajax.WfBaseActionTest" time="0.333"/>
  <testcase name="TestNotAllowedCommands" classname="com.dotmarketing.portlets.workflows.ajax.WfBaseActionTest" time="0.009"/>
  <testcase name="TestAllowedCommands" classname="com.dotmarketing.portlets.workflows.ajax.WfBaseActionTest" time="0.022"/>
  <system-out><![CDATA[ Command ::  forbiddenMethod  on  class Mock for WfActionClassAjax, hashCode: 1405449103
 Command ::  forbiddenMethod  on  class Mock for WfTaskAjax, hashCode: 1800764039
 Command ::  forbiddenMethod  on  class Mock for WfActionAjax, hashCode: 1016338739
 Command ::  forbiddenMethod  on  class Mock for WfSchemeAjax, hashCode: 93812742
 Command ::  forbiddenMethod  on  class Mock for WfRoleStoreAjax, hashCode: 2006244870
 Command ::  delete  on  class Mock for WfActionClassAjax, hashCode: 968911181
 Command ::  save  on  class Mock for WfActionClassAjax, hashCode: 968911181
 Command ::  add  on  class Mock for WfActionClassAjax, hashCode: 968911181
 Command ::  action  on  class Mock for WfActionClassAjax, hashCode: 968911181
 Command ::  reorder  on  class Mock for WfActionClassAjax, hashCode: 968911181
 Command ::  executeActions  on  class Mock for WfTaskAjax, hashCode: 1648233214
 Command ::  action  on  class Mock for WfTaskAjax, hashCode: 1648233214
 Command ::  executeAction  on  class Mock for WfTaskAjax, hashCode: 1648233214
 Command ::  delete  on  class Mock for WfActionAjax, hashCode: 514401957
 Command ::  reorder  on  class Mock for WfActionAjax, hashCode: 514401957
 Command ::  action  on  class Mock for WfActionAjax, hashCode: 514401957
 Command ::  add  on  class Mock for WfActionAjax, hashCode: 514401957
 Command ::  deleteActionForStep  on  class Mock for WfActionAjax, hashCode: 514401957
 Command ::  save  on  class Mock for WfActionAjax, hashCode: 514401957
 Command ::  save  on  class Mock for WfSchemeAjax, hashCode: 1304974817
 Command ::  action  on  class Mock for WfSchemeAjax, hashCode: 1304974817
 Command ::  action  on  class Mock for WfRoleStoreAjax, hashCode: 1177589198
 Command ::  assignable  on  class Mock for WfRoleStoreAjax, hashCode: 1177589198
 Command ::  rolesToJson  on  class Mock for WfRoleStoreAjax, hashCode: 1177589198
]]></system-out>
  <system-err><![CDATA[]]></system-err>
</testsuite>
