<?xml version="1.0" encoding="UTF-8"?>
<testsuite name="com.dotcms.analytics.metrics.QueryParameterValuesTransformerTest" tests="1" skipped="0" failures="0" errors="0" timestamp="2023-07-21T23:52:51" hostname="fv-az180-422" time="0.525">
  <properties/>
  <testcase name="transformQueryParamsValues" classname="com.dotcms.analytics.metrics.QueryParameterValuesTransformerTest" time="0.525"/>
  <system-out><![CDATA[]]></system-out>
  <system-err><![CDATA[]]></system-err>
</testsuite>
