<?xml version="1.0" encoding="UTF-8"?>
<testsuite name="com.dotmarketing.business.cache.provider.h22.H22CacheTest" tests="10" skipped="7" failures="0" errors="0" timestamp="2023-07-11T16:57:05" hostname="fv-az615-69" time="37.431">
  <properties/>
  <testcase name="Test_Exhaust_Thread_Pool[0: com.dotmarketing.business.cache.provider.h22.H22CacheTest$ToleranceTestCase@2c2a5b05]" classname="com.dotmarketing.business.cache.provider.h22.H22CacheTest" time="0.002">
    <skipped/>
  </testcase>
  <testcase name="Test_Exhaust_Thread_Pool[1: com.dotmarketing.business.cache.provider.h22.H22CacheTest$ToleranceTestCase@4b9c04c]" classname="com.dotmarketing.business.cache.provider.h22.H22CacheTest" time="0.001">
    <skipped/>
  </testcase>
  <testcase name="Test_Exhaust_Thread_Pool[2: com.dotmarketing.business.cache.provider.h22.H22CacheTest$ToleranceTestCase@4c32d4a7]" classname="com.dotmarketing.business.cache.provider.h22.H22CacheTest" time="0.003">
    <skipped/>
  </testcase>
  <testcase name="Test_Exhaust_Thread_Pool[3: com.dotmarketing.business.cache.provider.h22.H22CacheTest$ToleranceTestCase@113d3c1c]" classname="com.dotmarketing.business.cache.provider.h22.H22CacheTest" time="0.0">
    <skipped/>
  </testcase>
  <testcase name="Test_Exhaust_Thread_Pool[4: com.dotmarketing.business.cache.provider.h22.H22CacheTest$ToleranceTestCase@6f31bf4d]" classname="com.dotmarketing.business.cache.provider.h22.H22CacheTest" time="0.0">
    <skipped/>
  </testcase>
  <testcase name="Test_Exhaust_Thread_Pool[5: com.dotmarketing.business.cache.provider.h22.H22CacheTest$ToleranceTestCase@25c0b947]" classname="com.dotmarketing.business.cache.provider.h22.H22CacheTest" time="0.0">
    <skipped/>
  </testcase>
  <testcase name="Test_Exhaust_Thread_Pool[6: com.dotmarketing.business.cache.provider.h22.H22CacheTest$ToleranceTestCase@7f8dd6b4]" classname="com.dotmarketing.business.cache.provider.h22.H22CacheTest" time="0.0">
    <skipped/>
  </testcase>
  <testcase name="test_basic_cache_operations" classname="com.dotmarketing.business.cache.provider.h22.H22CacheTest" time="18.066"/>
  <testcase name="test_multi_threaded_h22_including_recovery" classname="com.dotmarketing.business.cache.provider.h22.H22CacheTest" time="13.103"/>
  <testcase name="test_special_cases_like_long_names" classname="com.dotmarketing.business.cache.provider.h22.H22CacheTest" time="6.245"/>
  <system-out><![CDATA[]]></system-out>
  <system-err><![CDATA[]]></system-err>
</testsuite>
