<?xml version="1.0" encoding="UTF-8"?>
<testsuite name="com.dotmarketing.portlets.workflows.ajax.WfBaseActionTest" tests="3" skipped="0" failures="0" errors="0" timestamp="2023-07-21T17:45:58" hostname="fv-az620-708" time="0.356">
  <properties/>
  <testcase name="TestOnNullCallTheDefaultCommand" classname="com.dotmarketing.portlets.workflows.ajax.WfBaseActionTest" time="0.294"/>
  <testcase name="TestNotAllowedCommands" classname="com.dotmarketing.portlets.workflows.ajax.WfBaseActionTest" time="0.027"/>
  <testcase name="TestAllowedCommands" classname="com.dotmarketing.portlets.workflows.ajax.WfBaseActionTest" time="0.035"/>
  <system-out><![CDATA[ Command ::  forbiddenMethod  on  class Mock for WfActionAjax, hashCode: 402514300
 Command ::  forbiddenMethod  on  class Mock for WfActionClassAjax, hashCode: 1183057967
 Command ::  forbiddenMethod  on  class Mock for WfTaskAjax, hashCode: 601914985
 Command ::  forbiddenMethod  on  class Mock for WfSchemeAjax, hashCode: 1292006377
 Command ::  forbiddenMethod  on  class Mock for WfRoleStoreAjax, hashCode: 1113810031
 Command ::  deleteActionForStep  on  class Mock for WfActionAjax, hashCode: 968501775
 Command ::  add  on  class Mock for WfActionAjax, hashCode: 968501775
 Command ::  action  on  class Mock for WfActionAjax, hashCode: 968501775
 Command ::  reorder  on  class Mock for WfActionAjax, hashCode: 968501775
 Command ::  delete  on  class Mock for WfActionAjax, hashCode: 968501775
 Command ::  save  on  class Mock for WfActionAjax, hashCode: 968501775
 Command ::  add  on  class Mock for WfActionClassAjax, hashCode: 315088332
 Command ::  save  on  class Mock for WfActionClassAjax, hashCode: 315088332
 Command ::  delete  on  class Mock for WfActionClassAjax, hashCode: 315088332
 Command ::  reorder  on  class Mock for WfActionClassAjax, hashCode: 315088332
 Command ::  action  on  class Mock for WfActionClassAjax, hashCode: 315088332
 Command ::  action  on  class Mock for WfTaskAjax, hashCode: 502345396
 Command ::  executeActions  on  class Mock for WfTaskAjax, hashCode: 502345396
 Command ::  executeAction  on  class Mock for WfTaskAjax, hashCode: 502345396
 Command ::  action  on  class Mock for WfSchemeAjax, hashCode: 833541726
 Command ::  save  on  class Mock for WfSchemeAjax, hashCode: 833541726
 Command ::  rolesToJson  on  class Mock for WfRoleStoreAjax, hashCode: 976326795
 Command ::  assignable  on  class Mock for WfRoleStoreAjax, hashCode: 976326795
 Command ::  action  on  class Mock for WfRoleStoreAjax, hashCode: 976326795
]]></system-out>
  <system-err><![CDATA[]]></system-err>
</testsuite>
