<?xml version="1.0" encoding="UTF-8"?>
<testsuite name="com.dotmarketing.portlets.contentlet.model.ResourceLinkTest" tests="9" skipped="0" failures="0" errors="0" timestamp="2023-07-07T16:38:32" hostname="fv-az254-482" time="0.18">
  <properties/>
  <testcase name="test_newContentlet_withAdminUser_expectEmptyLink" classname="com.dotmarketing.portlets.contentlet.model.ResourceLinkTest" time="0.019"/>
  <testcase name="test_html_ResourceLink_Expect_Downloadable_Secure_Site_Port_Number" classname="com.dotmarketing.portlets.contentlet.model.ResourceLinkTest" time="0.101"/>
  <testcase name="test_vm_ResourceLink_With_LimitedUser_ExpectRestricted_NoPortNumber" classname="com.dotmarketing.portlets.contentlet.model.ResourceLinkTest" time="0.012"/>
  <testcase name="test_new_contentlet_limited_user_expect_empty_link" classname="com.dotmarketing.portlets.contentlet.model.ResourceLinkTest" time="0.002"/>
  <testcase name="test_vtl_ResourceLink_WithLimitedUser_Expect_Downloadable_No_Port_Number" classname="com.dotmarketing.portlets.contentlet.model.ResourceLinkTest" time="0.009"/>
  <testcase name="test_new_contentlet_no_inode" classname="com.dotmarketing.portlets.contentlet.model.ResourceLinkTest" time="0.003"/>
  <testcase name="test_Html_ResourceLink_Expect_Downloadable_No_Port_Number" classname="com.dotmarketing.portlets.contentlet.model.ResourceLinkTest" time="0.009"/>
  <testcase name="test_vtl_ResourceLink_WithAdminUser_Expect_Downloadable_No_Port_Number" classname="com.dotmarketing.portlets.contentlet.model.ResourceLinkTest" time="0.011"/>
  <testcase name="test_vm_ResourceLink_With_Admin_User_Expect_Downloadable_NoPortNumber" classname="com.dotmarketing.portlets.contentlet.model.ResourceLinkTest" time="0.012"/>
  <system-out><![CDATA[]]></system-out>
  <system-err><![CDATA[]]></system-err>
</testsuite>
