<?xml version="1.0" encoding="UTF-8"?>
<testsuite name="com.dotcms.auth.providers.jwt.factories.SecretKeySpecFactoryTest" tests="1" skipped="0" failures="0" errors="0" timestamp="2023-07-10T19:40:00" hostname="fv-az447-833" time="1.424">
  <properties/>
  <testcase name="readAndPrepareSecret" classname="com.dotcms.auth.providers.jwt.factories.SecretKeySpecFactoryTest" time="1.424"/>
  <system-out><![CDATA[46d3a362d5fe208c7843777e2fad55341328bd1f30caea28ff8d9367d30bd4ea8dc6c01e38afaab98881ddca0ec452598a97059f0847252b0b4036a85223d31f
MySecretKey2
MySecretKey3
MySecretKey3
4b1219f0ba5dd03078f24afaf108b131f301cfa631eda17e4b373f35094ddba3605912825df334c48f3843e0b913b9820d193bcbf020471186211e0ba5c1272a
953447cbc881d6152021fb1568f52283046e0bcb3cee706a9430647263fda33b836fe23853f6af25773d3c71df57fe0d9ee286e55b86ad493b407548d58f3935
7e2a2397eceba27b2e9a871dd2d11ff3f89d2b4f6059e005bca27eae92ad9dc2377e410c7260fbacb54ca4cca8d79074f459e5572b70d99335dd22f14ee1e4ee
]]></system-out>
  <system-err><![CDATA[]]></system-err>
</testsuite>
