<?xml version="1.0" encoding="UTF-8"?>
<testsuite name="com.dotcms.auth.providers.jwt.factories.SecretKeySpecFactoryTest" tests="1" skipped="0" failures="0" errors="0" timestamp="2023-07-13T18:17:11" hostname="fv-az344-438" time="1.626">
  <properties/>
  <testcase name="readAndPrepareSecret" classname="com.dotcms.auth.providers.jwt.factories.SecretKeySpecFactoryTest" time="1.626"/>
  <system-out><![CDATA[befc9d571aaf4ff53181da061a9d77211134704d9e12e657bbb87ea88aa3d123722bab1a61bc798363572611a3ea07cd39ea9ef627c869d47aba38d983bb391b
MySecretKey2
MySecretKey3
MySecretKey3
cf2037f323d19a5e4ac3de9b43060e91de2a833890c2ab56253538bdfa1d920f8c6c5b447f862af407274acfc0a74824944cb0be7910066aff4b64eb01c7a51f
e5973a0af752430b91c6a421b2c16e423715ab70bf0481918f71e452fb089dd52f2dd0d90f96e050b2108bf4ba67fd6a394d41391f9811a9783d02fc5df163bb
2c5a048b43c96b7aea5630aeb488df52d3d50b9c07f11647a1396c03fa2dccd7fa2a0d464b9abe890d2504132cd70e8b00abe9e7377ac0d0d7ea397eaed865a8
]]></system-out>
  <system-err><![CDATA[]]></system-err>
</testsuite>
