<?xml version="1.0" encoding="UTF-8"?>
<testsuite name="com.dotcms.util.ThreadUtilsTest" tests="4" skipped="0" failures="0" errors="0" timestamp="2023-07-20T22:27:46" hostname="fv-az283-961" time="0.118">
  <properties/>
  <testcase name="Test_Get_Thread_Non_Existing_Thread_Name" classname="com.dotcms.util.ThreadUtilsTest" time="0.014"/>
  <testcase name="Test_Get_Thread_When_Null_Is_Passed" classname="com.dotcms.util.ThreadUtilsTest" time="0.0"/>
  <testcase name="Test_Sleep" classname="com.dotcms.util.ThreadUtilsTest" time="0.1"/>
  <testcase name="Test_Get_Thread_Compare_With_Current_Thread" classname="com.dotcms.util.ThreadUtilsTest" time="0.003"/>
  <system-out><![CDATA[]]></system-out>
  <system-err><![CDATA[]]></system-err>
</testsuite>
