<?xml version="1.0" encoding="UTF-8"?>
<testsuite name="com.dotmarketing.portlets.workflows.ajax.WfBaseActionTest" tests="3" skipped="0" failures="0" errors="0" timestamp="2023-07-12T18:57:31" hostname="fv-az412-903" time="0.263">
  <properties/>
  <testcase name="TestOnNullCallTheDefaultCommand" classname="com.dotmarketing.portlets.workflows.ajax.WfBaseActionTest" time="0.198"/>
  <testcase name="TestNotAllowedCommands" classname="com.dotmarketing.portlets.workflows.ajax.WfBaseActionTest" time="0.02"/>
  <testcase name="TestAllowedCommands" classname="com.dotmarketing.portlets.workflows.ajax.WfBaseActionTest" time="0.045"/>
  <system-out><![CDATA[ Command ::  forbiddenMethod  on  class Mock for WfActionClassAjax, hashCode: 1762060216
 Command ::  forbiddenMethod  on  class Mock for WfSchemeAjax, hashCode: 266640916
 Command ::  forbiddenMethod  on  class Mock for WfTaskAjax, hashCode: 507561200
 Command ::  forbiddenMethod  on  class Mock for WfActionAjax, hashCode: 56093569
 Command ::  forbiddenMethod  on  class Mock for WfRoleStoreAjax, hashCode: 1977674511
 Command ::  action  on  class Mock for WfActionClassAjax, hashCode: 670316523
 Command ::  reorder  on  class Mock for WfActionClassAjax, hashCode: 670316523
 Command ::  delete  on  class Mock for WfActionClassAjax, hashCode: 670316523
 Command ::  save  on  class Mock for WfActionClassAjax, hashCode: 670316523
 Command ::  add  on  class Mock for WfActionClassAjax, hashCode: 670316523
 Command ::  save  on  class Mock for WfSchemeAjax, hashCode: 1973054972
 Command ::  action  on  class Mock for WfSchemeAjax, hashCode: 1973054972
 Command ::  executeAction  on  class Mock for WfTaskAjax, hashCode: 2079774015
 Command ::  executeActions  on  class Mock for WfTaskAjax, hashCode: 2079774015
 Command ::  action  on  class Mock for WfTaskAjax, hashCode: 2079774015
 Command ::  deleteActionForStep  on  class Mock for WfActionAjax, hashCode: 2001102581
 Command ::  save  on  class Mock for WfActionAjax, hashCode: 2001102581
 Command ::  delete  on  class Mock for WfActionAjax, hashCode: 2001102581
 Command ::  reorder  on  class Mock for WfActionAjax, hashCode: 2001102581
 Command ::  action  on  class Mock for WfActionAjax, hashCode: 2001102581
 Command ::  add  on  class Mock for WfActionAjax, hashCode: 2001102581
 Command ::  rolesToJson  on  class Mock for WfRoleStoreAjax, hashCode: 1507557424
 Command ::  action  on  class Mock for WfRoleStoreAjax, hashCode: 1507557424
 Command ::  assignable  on  class Mock for WfRoleStoreAjax, hashCode: 1507557424
]]></system-out>
  <system-err><![CDATA[]]></system-err>
</testsuite>
