<?xml version="1.0" encoding="UTF-8"?>
<testsuite name="com.dotcms.translate.TranslationUtilTest" tests="5" skipped="0" failures="0" errors="0" timestamp="2023-07-04T00:45:41" hostname="fv-az455-211" time="0.006">
  <properties/>
  <testcase name="testFilterFields_FilterTypeDate_NullExclude" classname="com.dotcms.translate.TranslationUtilTest" time="0.002"/>
  <testcase name="testFilterFields_NullFilter_NullExclude" classname="com.dotcms.translate.TranslationUtilTest" time="0.0"/>
  <testcase name="testFilterFields_FilterTextTypes_NullExclude" classname="com.dotcms.translate.TranslationUtilTest" time="0.001"/>
  <testcase name="testFilterFields_FilterTypeDate_OneExclusion" classname="com.dotcms.translate.TranslationUtilTest" time="0.0"/>
  <testcase name="testFilterFields_FilterTypeDate_OneBadExclusion" classname="com.dotcms.translate.TranslationUtilTest" time="0.0"/>
  <system-out><![CDATA[]]></system-out>
  <system-err><![CDATA[]]></system-err>
</testsuite>
