<?xml version="1.0" encoding="UTF-8"?>
<testsuite name="com.dotcms.util.ThreadUtilsTest" tests="4" skipped="0" failures="0" errors="0" timestamp="2023-07-19T01:18:54" hostname="fv-az616-900" time="0.11">
  <properties/>
  <testcase name="Test_Get_Thread_Non_Existing_Thread_Name" classname="com.dotcms.util.ThreadUtilsTest" time="0.007"/>
  <testcase name="Test_Get_Thread_When_Null_Is_Passed" classname="com.dotcms.util.ThreadUtilsTest" time="0.001"/>
  <testcase name="Test_Sleep" classname="com.dotcms.util.ThreadUtilsTest" time="0.1"/>
  <testcase name="Test_Get_Thread_Compare_With_Current_Thread" classname="com.dotcms.util.ThreadUtilsTest" time="0.002"/>
  <system-out><![CDATA[]]></system-out>
  <system-err><![CDATA[]]></system-err>
</testsuite>
