<?xml version="1.0" encoding="UTF-8"?>
<testsuite name="com.dotcms.auth.providers.jwt.factories.SecretKeySpecFactoryTest" tests="1" skipped="0" failures="0" errors="0" timestamp="2023-07-07T14:27:08" hostname="fv-az1125-920" time="1.364">
  <properties/>
  <testcase name="readAndPrepareSecret" classname="com.dotcms.auth.providers.jwt.factories.SecretKeySpecFactoryTest" time="1.364"/>
  <system-out><![CDATA[5b229924c7985e5403182765f20a1c87d5d6bee77b178869d1e28540b144404994d698f6f47833c89bed5da36c19fad87e48840287fcfae6fe92e3d3b7e1d586
MySecretKey2
MySecretKey3
MySecretKey3
7b77a24e641c083a1ec6af76c68b5ea3515faae22bc85e4b947b34669a117a565f5cb5ac6d2ef7f2dadde9de86e486b51363d22ffb46d71fdcbe56dc3cc6e517
9c63037efb1ed1d3cab2611a649da828c4cedf1cb797e04036c0814eab47a5b14f7ca83665488ddf8ac829bd58707c201762a1292aa0a2154f5510a36a68789e
c3cc4f7b3c4848be6049012ae3c924be9b2aa85c43df5f8d4f835513d37cb7f786519836a63f99cc5ac128fbaf8f68f3ad4772178c8b941af932fbea9bc42d61
]]></system-out>
  <system-err><![CDATA[]]></system-err>
</testsuite>
