<?xml version="1.0" encoding="UTF-8"?>
<testsuite name="com.dotcms.contenttype.model.field.FieldTypeResourceTest" tests="1" skipped="0" failures="0" errors="0" timestamp="2023-07-18T19:11:09" hostname="fv-az507-177" time="0.739">
  <properties/>
  <testcase name="testGetFieldTypes" classname="com.dotcms.contenttype.model.field.FieldTypeResourceTest" time="0.739"/>
  <system-out><![CDATA[]]></system-out>
  <system-err><![CDATA[]]></system-err>
</testsuite>
