<?xml version="1.0" encoding="UTF-8"?>
<testsuite name="com.dotmarketing.portlets.workflows.ajax.WfBaseActionTest" tests="3" skipped="0" failures="0" errors="0" timestamp="2023-07-19T14:35:04" hostname="fv-az447-779" time="0.245">
  <properties/>
  <testcase name="TestOnNullCallTheDefaultCommand" classname="com.dotmarketing.portlets.workflows.ajax.WfBaseActionTest" time="0.185"/>
  <testcase name="TestNotAllowedCommands" classname="com.dotmarketing.portlets.workflows.ajax.WfBaseActionTest" time="0.021"/>
  <testcase name="TestAllowedCommands" classname="com.dotmarketing.portlets.workflows.ajax.WfBaseActionTest" time="0.034"/>
  <system-out><![CDATA[ Command ::  forbiddenMethod  on  class Mock for WfTaskAjax, hashCode: 115730426
 Command ::  forbiddenMethod  on  class Mock for WfSchemeAjax, hashCode: 1821818827
 Command ::  forbiddenMethod  on  class Mock for WfActionAjax, hashCode: 1492680518
 Command ::  forbiddenMethod  on  class Mock for WfActionClassAjax, hashCode: 1947674595
 Command ::  forbiddenMethod  on  class Mock for WfRoleStoreAjax, hashCode: 1112362420
 Command ::  action  on  class Mock for WfTaskAjax, hashCode: 402514300
 Command ::  executeAction  on  class Mock for WfTaskAjax, hashCode: 402514300
 Command ::  executeActions  on  class Mock for WfTaskAjax, hashCode: 402514300
 Command ::  save  on  class Mock for WfSchemeAjax, hashCode: 1533969017
 Command ::  action  on  class Mock for WfSchemeAjax, hashCode: 1533969017
 Command ::  reorder  on  class Mock for WfActionAjax, hashCode: 732025794
 Command ::  action  on  class Mock for WfActionAjax, hashCode: 732025794
 Command ::  add  on  class Mock for WfActionAjax, hashCode: 732025794
 Command ::  deleteActionForStep  on  class Mock for WfActionAjax, hashCode: 732025794
 Command ::  save  on  class Mock for WfActionAjax, hashCode: 732025794
 Command ::  delete  on  class Mock for WfActionAjax, hashCode: 732025794
 Command ::  reorder  on  class Mock for WfActionClassAjax, hashCode: 968501775
 Command ::  delete  on  class Mock for WfActionClassAjax, hashCode: 968501775
 Command ::  save  on  class Mock for WfActionClassAjax, hashCode: 968501775
 Command ::  add  on  class Mock for WfActionClassAjax, hashCode: 968501775
 Command ::  action  on  class Mock for WfActionClassAjax, hashCode: 968501775
 Command ::  action  on  class Mock for WfRoleStoreAjax, hashCode: 315088332
 Command ::  assignable  on  class Mock for WfRoleStoreAjax, hashCode: 315088332
 Command ::  rolesToJson  on  class Mock for WfRoleStoreAjax, hashCode: 315088332
]]></system-out>
  <system-err><![CDATA[]]></system-err>
</testsuite>
