<?xml version="1.0" encoding="UTF-8"?>
<testsuite name="com.dotmarketing.portlets.workflows.ajax.WfBaseActionTest" tests="3" skipped="0" failures="0" errors="0" timestamp="2023-06-21T16:08:10" hostname="fv-az306-218" time="0.181">
  <properties/>
  <testcase name="TestOnNullCallTheDefaultCommand" classname="com.dotmarketing.portlets.workflows.ajax.WfBaseActionTest" time="0.135"/>
  <testcase name="TestNotAllowedCommands" classname="com.dotmarketing.portlets.workflows.ajax.WfBaseActionTest" time="0.021"/>
  <testcase name="TestAllowedCommands" classname="com.dotmarketing.portlets.workflows.ajax.WfBaseActionTest" time="0.024"/>
  <system-out><![CDATA[ Command ::  forbiddenMethod  on  class Mock for WfSchemeAjax, hashCode: 703436429
 Command ::  forbiddenMethod  on  class Mock for WfActionAjax, hashCode: 1851687509
 Command ::  forbiddenMethod  on  class Mock for WfRoleStoreAjax, hashCode: 935107580
 Command ::  forbiddenMethod  on  class Mock for WfActionClassAjax, hashCode: 779061982
 Command ::  forbiddenMethod  on  class Mock for WfTaskAjax, hashCode: 244990080
 Command ::  save  on  class Mock for WfSchemeAjax, hashCode: 669134522
 Command ::  action  on  class Mock for WfSchemeAjax, hashCode: 669134522
 Command ::  delete  on  class Mock for WfActionAjax, hashCode: 1947764220
 Command ::  reorder  on  class Mock for WfActionAjax, hashCode: 1947764220
 Command ::  action  on  class Mock for WfActionAjax, hashCode: 1947764220
 Command ::  add  on  class Mock for WfActionAjax, hashCode: 1947764220
 Command ::  deleteActionForStep  on  class Mock for WfActionAjax, hashCode: 1947764220
 Command ::  save  on  class Mock for WfActionAjax, hashCode: 1947764220
 Command ::  assignable  on  class Mock for WfRoleStoreAjax, hashCode: 1753984644
 Command ::  rolesToJson  on  class Mock for WfRoleStoreAjax, hashCode: 1753984644
 Command ::  action  on  class Mock for WfRoleStoreAjax, hashCode: 1753984644
 Command ::  action  on  class Mock for WfActionClassAjax, hashCode: 473448423
 Command ::  reorder  on  class Mock for WfActionClassAjax, hashCode: 473448423
 Command ::  delete  on  class Mock for WfActionClassAjax, hashCode: 473448423
 Command ::  save  on  class Mock for WfActionClassAjax, hashCode: 473448423
 Command ::  add  on  class Mock for WfActionClassAjax, hashCode: 473448423
 Command ::  executeAction  on  class Mock for WfTaskAjax, hashCode: 420634213
 Command ::  executeActions  on  class Mock for WfTaskAjax, hashCode: 420634213
 Command ::  action  on  class Mock for WfTaskAjax, hashCode: 420634213
]]></system-out>
  <system-err><![CDATA[]]></system-err>
</testsuite>
