<?xml version="1.0" encoding="UTF-8"?>
<testsuite name="com.dotmarketing.portlets.osgi.AJAX.OSGIBaseAJAXTest" tests="3" skipped="0" failures="0" errors="0" timestamp="2023-06-23T22:50:51" hostname="fv-az178-408" time="0.08">
  <properties/>
  <testcase name="TestOnNullCallTheDefaultCommand" classname="com.dotmarketing.portlets.osgi.AJAX.OSGIBaseAJAXTest" time="0.052"/>
  <testcase name="TestNotAllowedCommands" classname="com.dotmarketing.portlets.osgi.AJAX.OSGIBaseAJAXTest" time="0.004"/>
  <testcase name="TestAllowedCommands" classname="com.dotmarketing.portlets.osgi.AJAX.OSGIBaseAJAXTest" time="0.023"/>
  <system-out><![CDATA[ Command ::  forbiddenMethod  on  class Mock for OSGIAJAX, hashCode: 331033816
 Command ::  action  on  class Mock for OSGIAJAX, hashCode: 1445639769
 Command ::  restart  on  class Mock for OSGIAJAX, hashCode: 1445639769
 Command ::  start  on  class Mock for OSGIAJAX, hashCode: 1445639769
 Command ::  add  on  class Mock for OSGIAJAX, hashCode: 1445639769
 Command ::  stop  on  class Mock for OSGIAJAX, hashCode: 1445639769
 Command ::  undeploy  on  class Mock for OSGIAJAX, hashCode: 1445639769
 Command ::  modifyExtraPackages  on  class Mock for OSGIAJAX, hashCode: 1445639769
 Command ::  deploy  on  class Mock for OSGIAJAX, hashCode: 1445639769
 Command ::  remove  on  class Mock for OSGIAJAX, hashCode: 1445639769
 Command ::  getExtraPackages  on  class Mock for OSGIAJAX, hashCode: 1445639769
]]></system-out>
  <system-err><![CDATA[]]></system-err>
</testsuite>
