<?xml version="1.0" encoding="UTF-8"?>
<testsuite name="com.dotmarketing.business.cache.provider.CacheSizingUtilTest" tests="3" skipped="0" failures="0" errors="0" timestamp="2023-06-27T20:14:30" hostname="fv-az612-160" time="0.01">
  <properties/>
  <testcase name="test_sizeof_optional_works" classname="com.dotmarketing.business.cache.provider.CacheSizingUtilTest" time="0.003"/>
  <testcase name="test_sizeof_works" classname="com.dotmarketing.business.cache.provider.CacheSizingUtilTest" time="0.0"/>
  <testcase name="test_sizeof_null_works" classname="com.dotmarketing.business.cache.provider.CacheSizingUtilTest" time="0.006"/>
  <system-out><![CDATA[]]></system-out>
  <system-err><![CDATA[]]></system-err>
</testsuite>
