<?xml version="1.0" encoding="UTF-8"?>
<testsuite name="com.dotmarketing.portlets.osgi.AJAX.OSGIBaseAJAXTest" tests="3" skipped="0" failures="0" errors="0" timestamp="2023-07-11T16:25:14" hostname="fv-az1259-394" time="0.052">
  <properties/>
  <testcase name="TestOnNullCallTheDefaultCommand" classname="com.dotmarketing.portlets.osgi.AJAX.OSGIBaseAJAXTest" time="0.035"/>
  <testcase name="TestNotAllowedCommands" classname="com.dotmarketing.portlets.osgi.AJAX.OSGIBaseAJAXTest" time="0.002"/>
  <testcase name="TestAllowedCommands" classname="com.dotmarketing.portlets.osgi.AJAX.OSGIBaseAJAXTest" time="0.014"/>
  <system-out><![CDATA[ Command ::  forbiddenMethod  on  class Mock for OSGIAJAX, hashCode: 1424085379
 Command ::  modifyExtraPackages  on  class Mock for OSGIAJAX, hashCode: 421155519
 Command ::  undeploy  on  class Mock for OSGIAJAX, hashCode: 421155519
 Command ::  stop  on  class Mock for OSGIAJAX, hashCode: 421155519
 Command ::  add  on  class Mock for OSGIAJAX, hashCode: 421155519
 Command ::  start  on  class Mock for OSGIAJAX, hashCode: 421155519
 Command ::  restart  on  class Mock for OSGIAJAX, hashCode: 421155519
 Command ::  action  on  class Mock for OSGIAJAX, hashCode: 421155519
 Command ::  getExtraPackages  on  class Mock for OSGIAJAX, hashCode: 421155519
 Command ::  remove  on  class Mock for OSGIAJAX, hashCode: 421155519
 Command ::  deploy  on  class Mock for OSGIAJAX, hashCode: 421155519
]]></system-out>
  <system-err><![CDATA[]]></system-err>
</testsuite>
