<?xml version="1.0" encoding="UTF-8"?>
<testsuite name="com.dotmarketing.portlets.workflows.ajax.WfBaseActionTest" tests="3" skipped="0" failures="0" errors="0" timestamp="2023-07-10T20:57:24" hostname="fv-az168-868" time="0.187">
  <properties/>
  <testcase name="TestOnNullCallTheDefaultCommand" classname="com.dotmarketing.portlets.workflows.ajax.WfBaseActionTest" time="0.146"/>
  <testcase name="TestNotAllowedCommands" classname="com.dotmarketing.portlets.workflows.ajax.WfBaseActionTest" time="0.011"/>
  <testcase name="TestAllowedCommands" classname="com.dotmarketing.portlets.workflows.ajax.WfBaseActionTest" time="0.03"/>
  <system-out><![CDATA[ Command ::  forbiddenMethod  on  class Mock for WfTaskAjax, hashCode: 586440925
 Command ::  forbiddenMethod  on  class Mock for WfActionClassAjax, hashCode: 229198938
 Command ::  forbiddenMethod  on  class Mock for WfSchemeAjax, hashCode: 50419413
 Command ::  forbiddenMethod  on  class Mock for WfActionAjax, hashCode: 891019226
 Command ::  forbiddenMethod  on  class Mock for WfRoleStoreAjax, hashCode: 790776963
 Command ::  action  on  class Mock for WfTaskAjax, hashCode: 172485667
 Command ::  executeActions  on  class Mock for WfTaskAjax, hashCode: 172485667
 Command ::  executeAction  on  class Mock for WfTaskAjax, hashCode: 172485667
 Command ::  action  on  class Mock for WfActionClassAjax, hashCode: 1482382108
 Command ::  add  on  class Mock for WfActionClassAjax, hashCode: 1482382108
 Command ::  save  on  class Mock for WfActionClassAjax, hashCode: 1482382108
 Command ::  delete  on  class Mock for WfActionClassAjax, hashCode: 1482382108
 Command ::  reorder  on  class Mock for WfActionClassAjax, hashCode: 1482382108
 Command ::  action  on  class Mock for WfSchemeAjax, hashCode: 595225389
 Command ::  save  on  class Mock for WfSchemeAjax, hashCode: 595225389
 Command ::  save  on  class Mock for WfActionAjax, hashCode: 878871665
 Command ::  deleteActionForStep  on  class Mock for WfActionAjax, hashCode: 878871665
 Command ::  add  on  class Mock for WfActionAjax, hashCode: 878871665
 Command ::  action  on  class Mock for WfActionAjax, hashCode: 878871665
 Command ::  reorder  on  class Mock for WfActionAjax, hashCode: 878871665
 Command ::  delete  on  class Mock for WfActionAjax, hashCode: 878871665
 Command ::  action  on  class Mock for WfRoleStoreAjax, hashCode: 918336836
 Command ::  rolesToJson  on  class Mock for WfRoleStoreAjax, hashCode: 918336836
 Command ::  assignable  on  class Mock for WfRoleStoreAjax, hashCode: 918336836
]]></system-out>
  <system-err><![CDATA[]]></system-err>
</testsuite>
