<?xml version="1.0" encoding="UTF-8"?>
<testsuite name="com.dotmarketing.portlets.htmlpageasset.business.render.HTMLPageAssetRenderedAPIImplTest" tests="5" skipped="0" failures="0" errors="0" timestamp="2023-07-06T20:14:21" hostname="fv-az613-608" time="0.179">
  <properties/>
  <testcase name="testShouldReturnPREVIEWMODE_whenPageIsNotLockAndUserHaveReadPermission" classname="com.dotmarketing.portlets.htmlpageasset.business.render.HTMLPageAssetRenderedAPIImplTest" time="0.147"/>
  <testcase name="testShouldDoAURLMapper_whenPageIsNotFoundByURI" classname="com.dotmarketing.portlets.htmlpageasset.business.render.HTMLPageAssetRenderedAPIImplTest" time="0.021"/>
  <testcase name="testShouldReturnEDITEMODE_whenPageIsLockByCurrentUser" classname="com.dotmarketing.portlets.htmlpageasset.business.render.HTMLPageAssetRenderedAPIImplTest" time="0.001"/>
  <testcase name="testShouldReturnAdminMODE_whenUserDontHavePermission" classname="com.dotmarketing.portlets.htmlpageasset.business.render.HTMLPageAssetRenderedAPIImplTest" time="0.003"/>
  <testcase name="testShouldReturnADMINMODE_whenPageIsNotLockAndUserNotHaveReadPermission" classname="com.dotmarketing.portlets.htmlpageasset.business.render.HTMLPageAssetRenderedAPIImplTest" time="0.006"/>
  <system-out><![CDATA[]]></system-out>
  <system-err><![CDATA[]]></system-err>
</testsuite>
