<?xml version="1.0" encoding="UTF-8"?>
<testsuite name="com.dotmarketing.util.FileUtilTest" tests="1" skipped="0" failures="0" errors="0" timestamp="2023-06-29T18:41:56" hostname="fv-az454-150" time="0.007">
  <properties/>
  <testcase name="test_file_name_sanitizer" classname="com.dotmarketing.util.FileUtilTest" time="0.007"/>
  <system-out><![CDATA[]]></system-out>
  <system-err><![CDATA[]]></system-err>
</testsuite>
