<?xml version="1.0" encoding="UTF-8"?>
<testsuite name="com.dotcms.auth.providers.jwt.factories.SecretKeySpecFactoryTest" tests="1" skipped="0" failures="0" errors="0" timestamp="2023-06-30T13:40:18" hostname="fv-az585-351" time="1.415">
  <properties/>
  <testcase name="readAndPrepareSecret" classname="com.dotcms.auth.providers.jwt.factories.SecretKeySpecFactoryTest" time="1.415"/>
  <system-out><![CDATA[a79337ebc6cdf29d1f42fdaeef0292215544bf29e1edbbfa85ef5d3ab3f1df738f2c4eaa9594792c0c16fd68754f80a82dc0571f9db2372c2688dddc6c5cf28d
MySecretKey2
MySecretKey3
MySecretKey3
70630eaf9e9b74ca31f1c4e558be034979fbb729643f52b14ae9d2b1d80d81211710b5b8c6db14b06a6e5d6484f7c59fd895e2d4b3e671355679ee80d6e52002
9948b07127ad184a9e127783be403ccc2555606038b7e382f290c8143b5b575596b38047f20fcaac25b426211b457fc31d25cd1ed2d6df1156f04f08ac0182ba
7bf7a934d3cc045e49a9051e199f056c4f1cc1e56cc2967d0f17d91602eeacbd1bb73abbb6e928aff4c2d0fdf5442525ff205955add490b5f7ac5a35859ebf75
]]></system-out>
  <system-err><![CDATA[]]></system-err>
</testsuite>
