<?xml version="1.0" encoding="UTF-8"?>
<testsuite name="com.dotcms.mock.MockRequestTest" tests="7" skipped="0" failures="0" errors="0" timestamp="2023-06-28T03:12:42" hostname="fv-az559-486" time="0.016">
  <properties/>
  <testcase name="testMockInternalRequest" classname="com.dotcms.mock.MockRequestTest" time="0.003"/>
  <testcase name="testBaseRequest" classname="com.dotcms.mock.MockRequestTest" time="0.0"/>
  <testcase name="testMockHeaderRequest" classname="com.dotcms.mock.MockRequestTest" time="0.001"/>
  <testcase name="testMockAttributeRequest" classname="com.dotcms.mock.MockRequestTest" time="0.0"/>
  <testcase name="testMockHttpRequest" classname="com.dotcms.mock.MockRequestTest" time="0.007"/>
  <testcase name="testMockHttpRequestWithNullValues" classname="com.dotcms.mock.MockRequestTest" time="0.002"/>
  <testcase name="testMockSessionRequest" classname="com.dotcms.mock.MockRequestTest" time="0.002"/>
  <system-out><![CDATA[]]></system-out>
  <system-err><![CDATA[]]></system-err>
</testsuite>
