<?xml version="1.0" encoding="UTF-8"?>
<testsuite name="com.dotcms.util.pagination.SiteViewPaginatorUnitTest" tests="2" skipped="0" failures="0" errors="0" timestamp="2023-06-28T02:41:29" hostname="fv-az1246-735" time="0.155">
  <properties/>
  <testcase name="Test_Get_Items_Sorted_Pages" classname="com.dotcms.util.pagination.SiteViewPaginatorUnitTest" time="0.103"/>
  <testcase name="Test_Get_Items_Page_Size" classname="com.dotcms.util.pagination.SiteViewPaginatorUnitTest" time="0.052"/>
  <system-out><![CDATA[SYSTEM_HOST
1
2
3
4
6
8
]]></system-out>
  <system-err><![CDATA[]]></system-err>
</testsuite>
