<?xml version="1.0" encoding="UTF-8"?>
<testsuite name="com.dotcms.auth.providers.jwt.factories.SecretKeySpecFactoryTest" tests="1" skipped="0" failures="0" errors="0" timestamp="2023-06-29T04:42:35" hostname="fv-az173-426" time="1.405">
  <properties/>
  <testcase name="readAndPrepareSecret" classname="com.dotcms.auth.providers.jwt.factories.SecretKeySpecFactoryTest" time="1.405"/>
  <system-out><![CDATA[057b7baa29aab7e26810771f8e8b178aa4a4d8300193c4261ac7218e5ee5327eebbc7234cdb1bf290f43d0b1a4d92d154352a9770f160554070b22d4ed203412
MySecretKey2
MySecretKey3
MySecretKey3
a14f26a3e71632d87b1e26dbc7f1cf06ea1d81df7463c8988a6b76f2fb7f920e7530f498242ec242fcce3068a41af26147e80ae59273dfcf7a4697b2eafa881f
6365f85f1bbca89c75b1b01c846339bda5e514afaa2e7af92abfd96079424bf8398c046bcc630ebe08992657cba3aa441f1d4365040a0b5077bb2ac74cb5c30e
1e0fe73b848cffefe2e7ae9917e16ab33c49d0e8744813ec5e92aac936de685a31ef810410ba6b500f556d8afcb384b1b072ec0e3ba2688c01755722d590501f
]]></system-out>
  <system-err><![CDATA[]]></system-err>
</testsuite>
