<?xml version="1.0" encoding="UTF-8"?>
<testsuite name="com.dotcms.auth.providers.jwt.factories.SecretKeySpecFactoryTest" tests="1" skipped="0" failures="0" errors="0" timestamp="2023-07-12T17:52:34" hostname="fv-az563-550" time="1.691">
  <properties/>
  <testcase name="readAndPrepareSecret" classname="com.dotcms.auth.providers.jwt.factories.SecretKeySpecFactoryTest" time="1.691"/>
  <system-out><![CDATA[39f212f17e005504f1e8d34ca42a24150a12eac04477a8dbf3861c0f2eb349122598d043926e0226cfd87942d7e4f0f1c00110b45b5f14631cc61418c2668068
MySecretKey2
MySecretKey3
MySecretKey3
5e0c98cf900568adf85a297a55d43e9d5a068c93818356f2ed520e9e76d7c4dbeec7a42600a4d29912639457b5e9290eaf14f4f13fedad295077cf48b9b02d41
b0994e9b2b11c8cfda539d7e759abe862bbbb80751b6be807bec3dc4754a1a40aa1375416f38f11475f1fcfa1d6d03880810cd866b5c138dab43c81113cbed1f
0944a53fa9a750ba12d6fa3bc6bf331ce32f6dc17e35946eb061f1f1b6dad90a1732c61a1855d7c36cf1974f7e0c4a047f04394ee734b6270522d58026f49aed
]]></system-out>
  <system-err><![CDATA[]]></system-err>
</testsuite>
