<?xml version="1.0" encoding="UTF-8"?>
<testsuite name="com.dotcms.auth.providers.jwt.factories.SecretKeySpecFactoryTest" tests="1" skipped="0" failures="0" errors="0" timestamp="2023-07-18T18:43:48" hostname="fv-az613-699" time="1.537">
  <properties/>
  <testcase name="readAndPrepareSecret" classname="com.dotcms.auth.providers.jwt.factories.SecretKeySpecFactoryTest" time="1.537"/>
  <system-out><![CDATA[33471061cadf963316ac4f7b68f04e6b43826d9ea5a3e74e76ba398cbd59e2f0435c251f47f6fdbd56df468c81b3b074e7506d4bf9a825315b1208f460e8f7ca
MySecretKey2
MySecretKey3
MySecretKey3
ad9ab8bf2c44c64122531c02e875152fecfc82aa80d02749c1fca26d474998e5b76e41f589d1bf4c0c206a6fb51d001e1809f65e9b7092902043b9d2d14482d5
60dd06acfb06d6a0550cbdf64a1ec457c1808a5c556fed343d2998b4c1be47b026644070697b28ebf4ec8e607d04a828083b1cc60d7fb81aad4cbdd6e39721a6
3592bfc579e685c5f1d2744fbeb76d230eb3495a3118981c3d38bb0d9e17f6aca2c56f0f155f88b2a24949631617383e6c2230bec6fa23499c776f61e5dff18c
]]></system-out>
  <system-err><![CDATA[]]></system-err>
</testsuite>
