<?xml version="1.0" encoding="UTF-8"?>
<testsuite name="com.dotcms.auth.providers.jwt.factories.SecretKeySpecFactoryTest" tests="1" skipped="0" failures="0" errors="0" timestamp="2023-06-30T14:34:30" hostname="fv-az254-767" time="1.689">
  <properties/>
  <testcase name="readAndPrepareSecret" classname="com.dotcms.auth.providers.jwt.factories.SecretKeySpecFactoryTest" time="1.689"/>
  <system-out><![CDATA[cc242cc656392e2cc9f70b5129935e895f9c3f58b9e246044c3f67c009d7ab2abf81f71a3b1c83696016b96ff34946a61b25eb901462c3250398ed69ae51d0be
MySecretKey2
MySecretKey3
MySecretKey3
bf4c5a70c5eb76ecff5133be3070113f6b746ffb6822ca28e6f6da86a2986d097a544aa215a21bcffc35b4448a80701bd15b9b0b62f03ae1abde53ec5ffcf90f
6f11dee53f00e74e9a6cd750b6de23814fdc3e31f04aff77e41117111561e2e8e5468d8327dbae5c9727da0c4221beb147c547c58199cdd0331a4f9a0c557ef6
8e22d7622671354914e68f398248cdb19529a8fc77cbbcadab6f66779e63cad99c6cd38bfc360c4a2faffbb20017436c0be22245f87667ebc2bb1bf8bad6e375
]]></system-out>
  <system-err><![CDATA[]]></system-err>
</testsuite>
