<?xml version="1.0" encoding="UTF-8"?>
<testsuite name="com.dotmarketing.util.PasswordGeneratorTest" tests="1" skipped="0" failures="0" errors="0" timestamp="2023-06-27T20:15:13" hostname="fv-az612-160" time="0.035">
  <properties/>
  <testcase name="Test_Generate_Password_Then_Test_We_Have_At_Least_One_Match_Per_Group" classname="com.dotmarketing.util.PasswordGeneratorTest" time="0.035"/>
  <system-out><![CDATA[]]></system-out>
  <system-err><![CDATA[]]></system-err>
</testsuite>
