<?xml version="1.0" encoding="UTF-8"?>
<testsuite name="com.dotcms.util.pagination.SiteViewPaginatorUnitTest" tests="2" skipped="0" failures="0" errors="0" timestamp="2023-07-11T16:56:27" hostname="fv-az615-69" time="0.134">
  <properties/>
  <testcase name="Test_Get_Items_Sorted_Pages" classname="com.dotcms.util.pagination.SiteViewPaginatorUnitTest" time="0.078"/>
  <testcase name="Test_Get_Items_Page_Size" classname="com.dotcms.util.pagination.SiteViewPaginatorUnitTest" time="0.056"/>
  <system-out><![CDATA[SYSTEM_HOST
1
2
3
4
5
7
]]></system-out>
  <system-err><![CDATA[]]></system-err>
</testsuite>
