<?xml version="1.0" encoding="UTF-8"?>
<testsuite name="com.dotcms.concurrent.DotConcurrentFactoryTest" tests="7" skipped="0" failures="0" errors="0" timestamp="2023-07-21T14:39:41" hostname="fv-az341-745" time="57.812">
  <properties/>
  <testcase name="testDefaultOne_Submitter_Config_shutdown_keep_config" classname="com.dotcms.concurrent.DotConcurrentFactoryTest" time="15.304"/>
  <testcase name="testDefaultOne_Submitter_Config" classname="com.dotcms.concurrent.DotConcurrentFactoryTest" time="10.237"/>
  <testcase name="test_delayed_queue" classname="com.dotcms.concurrent.DotConcurrentFactoryTest" time="2.001"/>
  <testcase name="testDefaultOne" classname="com.dotcms.concurrent.DotConcurrentFactoryTest" time="3.215"/>
  <testcase name="test_Conditional_Submitter" classname="com.dotcms.concurrent.DotConcurrentFactoryTest" time="16.018"/>
  <testcase name="testDefaultOne_Single_Submitter_Config" classname="com.dotcms.concurrent.DotConcurrentFactoryTest" time="10.01"/>
  <testcase name="testSubmit_Single_Submitter_Config" classname="com.dotcms.concurrent.DotConcurrentFactoryTest" time="1.027"/>
  <system-out><![CDATA[DotConcurrentImpl{threadPoolExecutor=name = testsubmitter {com.dotcms.concurrent.DotConcurrentFactory$DotThreadPoolExecutor@92c47f5[Running, pool size = 0, active threads = 0, queued tasks = 0, completed tasks = 0]}
MaximumPoolSize=4
keepAliveMillis=60000
queue=[]
shutdown=false}
DotConcurrentImpl{threadPoolExecutor=name = testsubmitter {com.dotcms.concurrent.DotConcurrentFactory$DotThreadPoolExecutor@92c47f5[Running, pool size = 0, active threads = 0, queued tasks = 0, completed tasks = 0]}
MaximumPoolSize=4
keepAliveMillis=60000
queue=[]
shutdown=false}
Thread0 is running
DotConcurrentImpl{threadPoolExecutor=name = testsubmitter {com.dotcms.concurrent.DotConcurrentFactory$DotThreadPoolExecutor@92c47f5[Running, pool size = 2, active threads = 2, queued tasks = 8, completed tasks = 0]}
MaximumPoolSize=4
keepAliveMillis=60000
queue=[com.dotcms.concurrent.DotConcurrentFactoryTest$PrintTask@6432adfe, com.dotcms.concurrent.DotConcurrentFactoryTest$PrintTask@77eb7ae5, com.dotcms.concurrent.DotConcurrentFactoryTest$PrintTask@a84817a, com.dotcms.concurrent.DotConcurrentFactoryTest$PrintTask@57bc7d80, com.dotcms.concurrent.DotConcurrentFactoryTest$PrintTask@269077d4, com.dotcms.concurrent.DotConcurrentFactoryTest$PrintTask@a001db1, com.dotcms.concurrent.DotConcurrentFactoryTest$PrintTask@24a1d2da, com.dotcms.concurrent.DotConcurrentFactoryTest$PrintTask@1045ebb3]
shutdown=false}
DotConcurrentImpl{threadPoolExecutor=name = testsubmitter {com.dotcms.concurrent.DotConcurrentFactory$DotThreadPoolExecutor@92c47f5[Running, pool size = 2, active threads = 2, queued tasks = 18, completed tasks = 0]}
MaximumPoolSize=4
keepAliveMillis=60000
queue=[com.dotcms.concurrent.DotConcurrentFactoryTest$PrintTask@6432adfe, com.dotcms.concurrent.DotConcurrentFactoryTest$PrintTask@77eb7ae5, com.dotcms.concurrent.DotConcurrentFactoryTest$PrintTask@a84817a, com.dotcms.concurrent.DotConcurrentFactoryTest$PrintTask@57bc7d80, com.dotcms.concurrent.DotConcurrentFactoryTest$PrintTask@269077d4, com.dotcms.concurrent.DotConcurrentFactoryTest$PrintTask@a001db1, com.dotcms.concurrent.DotConcurrentFactoryTest$PrintTask@24a1d2da, com.dotcms.concurrent.DotConcurrentFactoryTest$PrintTask@1045ebb3, com.dotcms.concurrent.DotConcurrentFactoryTest$PrintTask@35ce10b8, com.dotcms.concurrent.DotConcurrentFactoryTest$PrintTask@3fa97e25, com.dotcms.concurrent.DotConcurrentFactoryTest$PrintTask@15344c08, com.dotcms.concurrent.DotConcurrentFactoryTest$PrintTask@2a13356e, com.dotcms.concurrent.DotConcurrentFactoryTest$PrintTask@6f9dbb44, com.dotcms.concurrent.DotConcurrentFactoryTest$PrintTask@1bb1b8c4, com.dotcms.concurrent.DotConcurrentFactoryTest$PrintTask@2cd2e3b6, com.dotcms.concurrent.DotConcurrentFactoryTest$PrintTask@1f591b07, com.dotcms.concurrent.DotConcurrentFactoryTest$PrintTask@1d9cc433, com.dotcms.concurrent.DotConcurrentFactoryTest$PrintTask@b7d38dc]
shutdown=false}
DotConcurrentImpl{threadPoolExecutor=name = testsubmitter {com.dotcms.concurrent.DotConcurrentFactory$DotThreadPoolExecutor@92c47f5[Running, pool size = 2, active threads = 2, queued tasks = 28, completed tasks = 0]}
MaximumPoolSize=4
keepAliveMillis=60000
queue=[com.dotcms.concurrent.DotConcurrentFactoryTest$PrintTask@6432adfe, com.dotcms.concurrent.DotConcurrentFactoryTest$PrintTask@77eb7ae5, com.dotcms.concurrent.DotConcurrentFactoryTest$PrintTask@a84817a, com.dotcms.concurrent.DotConcurrentFactoryTest$PrintTask@57bc7d80, com.dotcms.concurrent.DotConcurrentFactoryTest$PrintTask@269077d4, com.dotcms.concurrent.DotConcurrentFactoryTest$PrintTask@a001db1, com.dotcms.concurrent.DotConcurrentFactoryTest$PrintTask@24a1d2da, com.dotcms.concurrent.DotConcurrentFactoryTest$PrintTask@1045ebb3, com.dotcms.concurrent.DotConcurrentFactoryTest$PrintTask@35ce10b8, com.dotcms.concurrent.DotConcurrentFactoryTest$PrintTask@3fa97e25, com.dotcms.concurrent.DotConcurrentFactoryTest$PrintTask@15344c08, com.dotcms.concurrent.DotConcurrentFactoryTest$PrintTask@2a13356e, com.dotcms.concurrent.DotConcurrentFactoryTest$PrintTask@6f9dbb44, com.dotcms.concurrent.DotConcurrentFactoryTest$PrintTask@1bb1b8c4, com.dotcms.concurrent.DotConcurrentFactoryTest$PrintTask@2cd2e3b6, com.dotcms.concurrent.DotConcurrentFactoryTest$PrintTask@1f591b07, com.dotcms.concurrent.DotConcurrentFactoryTest$PrintTask@1d9cc433, com.dotcms.concurrent.DotConcurrentFactoryTest$PrintTask@b7d38dc, com.dotcms.concurrent.DotConcurrentFactoryTest$PrintTask@3009a556, com.dotcms.concurrent.DotConcurrentFactoryTest$PrintTask@675f1173, com.dotcms.concurrent.DotConcurrentFactoryTest$PrintTask@1c99fcf7, com.dotcms.concurrent.DotConcurrentFactoryTest$PrintTask@7ec09c60, com.dotcms.concurrent.DotConcurrentFactoryTest$PrintTask@31eb5fb, com.dotcms.concurrent.DotConcurrentFactoryTest$PrintTask@1c55e862, com.dotcms.concurrent.DotConcurrentFactoryTest$PrintTask@4ff8c15b, com.dotcms.concurrent.DotConcurrentFactoryTest$PrintTask@35217758, com.dotcms.concurrent.DotConcurrentFactoryTest$PrintTask@4366bd6a, com.dotcms.concurrent.DotConcurrentFactoryTest$PrintTask@70435b9c]
shutdown=false}
Active Threads : 2
Thread1 is running
Active Threads : 2
Active Threads : 2
Active Threads : 2
Active Threads : 2
Thread0 is running
Thread2 is running
Active Threads : 2
Thread1 is running
Thread3 is running
Active Threads : 2
Active Threads : 2
Active Threads : 2
Active Threads : 2
Thread2 is running
Thread4 is running
Active Threads : 2
Thread3 is running
Thread5 is running
Active Threads : 2
Active Threads : 2
Active Threads : 2
Active Threads : 2
Thread4 is running
Thread6 is running
Active Threads : 2
Thread5 is running
Thread7 is running
Active Threads : 2
Active Threads : 2
Active Threads : 2
Active Threads : 2
Thread6 is running
Thread8 is running
Active Threads : 2
Thread7 is running
Thread9 is running
Active Threads : 2
Active Threads : 2
Active Threads : 2
Active Threads : 2
Thread8 is running
Thread10 is running
Thread9 is running
Thread11 is running
Active Threads : 2
Active Threads : 2
Active Threads : 2
Active Threads : 2
Active Threads : 2
Thread10 is running
Thread12 is running
Thread11 is running
Thread13 is running
Active Threads : 2
Active Threads : 2
Active Threads : 2
Active Threads : 2
Active Threads : 2
Thread12 is running
Thread14 is running
Thread13 is running
Thread15 is running
Active Threads : 2
Active Threads : 2
Active Threads : 2
Active Threads : 2
Active Threads : 2
Thread14 is running
Thread16 is running
Thread15 is running
Thread17 is running
Active Threads : 2
Active Threads : 2
Active Threads : 2
Active Threads : 2
Active Threads : 2
Thread16 is running
Thread18 is running
Thread17 is running
Thread19 is running
Active Threads : 2
Active Threads : 2
Active Threads : 2
Active Threads : 2
Active Threads : 2
Thread18 is running
Thread20 is running
Thread19 is running
Thread21 is running
Active Threads : 2
Active Threads : 2
Active Threads : 2
Active Threads : 2
Active Threads : 2
Thread20 is running
Thread22 is running
Thread21 is running
Thread23 is running
Active Threads : 2
Active Threads : 2
Active Threads : 2
Active Threads : 2
Active Threads : 2
Thread22 is running
Thread24 is running
Thread23 is running
Thread25 is running
Active Threads : 2
Active Threads : 2
Active Threads : 2
Active Threads : 2
Active Threads : 2
Thread24 is running
Thread26 is running
Thread25 is running
Thread27 is running
Active Threads : 2
Active Threads : 2
Active Threads : 2
Active Threads : 2
Active Threads : 2
Thread26 is running
Thread28 is running
Thread27 is running
Thread29 is running
Active Threads : 2
Active Threads : 2
Active Threads : 2
Active Threads : 2
Active Threads : 2
Thread28 is running
Thread30 is running
Thread29 is running
Thread31 is running
Active Threads : 2
Active Threads : 2
Active Threads : 2
Active Threads : 2
Active Threads : 2
Thread30 is running
Thread32 is running
Thread31 is running
Thread33 is running
Active Threads : 2
Active Threads : 2
Active Threads : 2
Active Threads : 2
Active Threads : 2
Thread32 is running
Thread34 is running
Thread33 is running
Thread35 is running
Active Threads : 2
Active Threads : 2
Active Threads : 2
Active Threads : 2
Active Threads : 2
Thread34 is running
Thread36 is running
Thread35 is running
Thread37 is running
Active Threads : 2
Active Threads : 2
Active Threads : 2
Active Threads : 2
Active Threads : 2
Thread36 is running
Thread38 is running
Thread37 is running
Thread39 is running
Active Threads : 2
Active Threads : 2
Active Threads : 2
Active Threads : 2
Active Threads : 2
Thread38 is running
Thread39 is running
Active Threads : 0
Staring a new one submitterDotConcurrentImpl{threadPoolExecutor=name = testsubmitter {com.dotcms.concurrent.DotConcurrentFactory$DotThreadPoolExecutor@471d8d1e[Running, pool size = 0, active threads = 0, queued tasks = 0, completed tasks = 0]}
MaximumPoolSize=4
keepAliveMillis=60000
queue=[]
shutdown=false}
Thread0 is running
Thread1 is running
Active Threads : 2
Active Threads : 2
Active Threads : 2
Active Threads : 2
Active Threads : 2
Thread0 is running
Thread2 is running
Thread1 is running
Thread3 is running
Active Threads : 2
Active Threads : 2
Active Threads : 2
Active Threads : 2
Active Threads : 2
Thread2 is running
Thread4 is running
Thread3 is running
Thread5 is running
Active Threads : 2
Active Threads : 2
Active Threads : 2
Active Threads : 2
Active Threads : 2
Thread4 is running
Thread6 is running
Thread5 is running
Thread7 is running
Active Threads : 2
Active Threads : 2
Active Threads : 2
Active Threads : 2
Active Threads : 2
Thread6 is running
Thread8 is running
Thread7 is running
Thread9 is running
Active Threads : 2
Active Threads : 2
Active Threads : 2
Active Threads : 2
Active Threads : 2
Thread8 is running
Thread10 is running
Thread9 is running
Thread11 is running
Active Threads : 2
Active Threads : 2
Active Threads : 2
Active Threads : 2
Active Threads : 2
Thread10 is running
Thread12 is running
Thread11 is running
Thread13 is running
Active Threads : 2
Active Threads : 2
Active Threads : 2
Active Threads : 2
Active Threads : 2
Thread12 is running
Thread14 is running
Thread13 is running
Thread15 is running
Active Threads : 2
Active Threads : 2
Active Threads : 2
Active Threads : 2
Active Threads : 2
Thread14 is running
Thread16 is running
Thread15 is running
Thread17 is running
Active Threads : 2
Active Threads : 2
Active Threads : 2
Active Threads : 2
Active Threads : 2
Thread16 is running
Thread18 is running
Thread17 is running
Thread19 is running
Active Threads : 2
Active Threads : 2
Active Threads : 2
Active Threads : 2
Active Threads : 2
Thread18 is running
Thread19 is running
Active Threads : 0
DotConcurrentImpl{threadPoolExecutor=name = testsubmitter {com.dotcms.concurrent.DotConcurrentFactory$DotThreadPoolExecutor@4af4e98c[Running, pool size = 0, active threads = 0, queued tasks = 0, completed tasks = 0]}
MaximumPoolSize=4
keepAliveMillis=60000
queue=[]
shutdown=false}
DotConcurrentImpl{threadPoolExecutor=name = testsubmitter {com.dotcms.concurrent.DotConcurrentFactory$DotThreadPoolExecutor@4af4e98c[Running, pool size = 0, active threads = 0, queued tasks = 0, completed tasks = 0]}
MaximumPoolSize=4
keepAliveMillis=60000
queue=[]
shutdown=false}
Thread0 is running
DotConcurrentImpl{threadPoolExecutor=name = testsubmitter {com.dotcms.concurrent.DotConcurrentFactory$DotThreadPoolExecutor@4af4e98c[Running, pool size = 2, active threads = 2, queued tasks = 8, completed tasks = 0]}
MaximumPoolSize=4
keepAliveMillis=60000
queue=[com.dotcms.concurrent.DotConcurrentFactoryTest$PrintTask@396d2770, com.dotcms.concurrent.DotConcurrentFactoryTest$PrintTask@7e0875d6, com.dotcms.concurrent.DotConcurrentFactoryTest$PrintTask@143f7242, com.dotcms.concurrent.DotConcurrentFactoryTest$PrintTask@f4232b, com.dotcms.concurrent.DotConcurrentFactoryTest$PrintTask@50f2c2e2, com.dotcms.concurrent.DotConcurrentFactoryTest$PrintTask@6de9bbef, com.dotcms.concurrent.DotConcurrentFactoryTest$PrintTask@2ab7972, com.dotcms.concurrent.DotConcurrentFactoryTest$PrintTask@2367ff77]
shutdown=false}
DotConcurrentImpl{threadPoolExecutor=name = testsubmitter {com.dotcms.concurrent.DotConcurrentFactory$DotThreadPoolExecutor@4af4e98c[Running, pool size = 2, active threads = 2, queued tasks = 18, completed tasks = 0]}
MaximumPoolSize=4
keepAliveMillis=60000
queue=[com.dotcms.concurrent.DotConcurrentFactoryTest$PrintTask@396d2770, com.dotcms.concurrent.DotConcurrentFactoryTest$PrintTask@7e0875d6, com.dotcms.concurrent.DotConcurrentFactoryTest$PrintTask@143f7242, com.dotcms.concurrent.DotConcurrentFactoryTest$PrintTask@f4232b, com.dotcms.concurrent.DotConcurrentFactoryTest$PrintTask@50f2c2e2, com.dotcms.concurrent.DotConcurrentFactoryTest$PrintTask@6de9bbef, com.dotcms.concurrent.DotConcurrentFactoryTest$PrintTask@2ab7972, com.dotcms.concurrent.DotConcurrentFactoryTest$PrintTask@2367ff77, com.dotcms.concurrent.DotConcurrentFactoryTest$PrintTask@65c4dc2b, com.dotcms.concurrent.DotConcurrentFactoryTest$PrintTask@45d235bf, com.dotcms.concurrent.DotConcurrentFactoryTest$PrintTask@1c6ba49e, com.dotcms.concurrent.DotConcurrentFactoryTest$PrintTask@6b7c23, com.dotcms.concurrent.DotConcurrentFactoryTest$PrintTask@438dcd81, com.dotcms.concurrent.DotConcurrentFactoryTest$PrintTask@17a67782, com.dotcms.concurrent.DotConcurrentFactoryTest$PrintTask@56a86ebc, com.dotcms.concurrent.DotConcurrentFactoryTest$PrintTask@df98a2e, com.dotcms.concurrent.DotConcurrentFactoryTest$PrintTask@2035bfd5, com.dotcms.concurrent.DotConcurrentFactoryTest$PrintTask@40bd636]
shutdown=false}
DotConcurrentImpl{threadPoolExecutor=name = testsubmitter {com.dotcms.concurrent.DotConcurrentFactory$DotThreadPoolExecutor@4af4e98c[Running, pool size = 2, active threads = 2, queued tasks = 28, completed tasks = 0]}
MaximumPoolSize=4
keepAliveMillis=60000
queue=[com.dotcms.concurrent.DotConcurrentFactoryTest$PrintTask@396d2770, com.dotcms.concurrent.DotConcurrentFactoryTest$PrintTask@7e0875d6, com.dotcms.concurrent.DotConcurrentFactoryTest$PrintTask@143f7242, com.dotcms.concurrent.DotConcurrentFactoryTest$PrintTask@f4232b, com.dotcms.concurrent.DotConcurrentFactoryTest$PrintTask@50f2c2e2, com.dotcms.concurrent.DotConcurrentFactoryTest$PrintTask@6de9bbef, com.dotcms.concurrent.DotConcurrentFactoryTest$PrintTask@2ab7972, com.dotcms.concurrent.DotConcurrentFactoryTest$PrintTask@2367ff77, com.dotcms.concurrent.DotConcurrentFactoryTest$PrintTask@65c4dc2b, com.dotcms.concurrent.DotConcurrentFactoryTest$PrintTask@45d235bf, com.dotcms.concurrent.DotConcurrentFactoryTest$PrintTask@1c6ba49e, com.dotcms.concurrent.DotConcurrentFactoryTest$PrintTask@6b7c23, com.dotcms.concurrent.DotConcurrentFactoryTest$PrintTask@438dcd81, com.dotcms.concurrent.DotConcurrentFactoryTest$PrintTask@17a67782, com.dotcms.concurrent.DotConcurrentFactoryTest$PrintTask@56a86ebc, com.dotcms.concurrent.DotConcurrentFactoryTest$PrintTask@df98a2e, com.dotcms.concurrent.DotConcurrentFactoryTest$PrintTask@2035bfd5, com.dotcms.concurrent.DotConcurrentFactoryTest$PrintTask@40bd636, com.dotcms.concurrent.DotConcurrentFactoryTest$PrintTask@11c39585, com.dotcms.concurrent.DotConcurrentFactoryTest$PrintTask@502ad569, com.dotcms.concurrent.DotConcurrentFactoryTest$PrintTask@5dec13ae, com.dotcms.concurrent.DotConcurrentFactoryTest$PrintTask@78cd443, com.dotcms.concurrent.DotConcurrentFactoryTest$PrintTask@a6e068a, com.dotcms.concurrent.DotConcurrentFactoryTest$PrintTask@c690b33, com.dotcms.concurrent.DotConcurrentFactoryTest$PrintTask@31a51873, com.dotcms.concurrent.DotConcurrentFactoryTest$PrintTask@50eaecc8, com.dotcms.concurrent.DotConcurrentFactoryTest$PrintTask@2a4afa09, com.dotcms.concurrent.DotConcurrentFactoryTest$PrintTask@6e3e5ce0]
shutdown=false}
Active Threads : 2
Thread1 is running
Active Threads : 2
Active Threads : 2
Active Threads : 2
Active Threads : 2
Thread0 is running
Thread2 is running
Thread1 is running
Thread3 is running
Active Threads : 2
Active Threads : 2
Active Threads : 2
Active Threads : 2
Active Threads : 2
Thread2 is running
Thread4 is running
Thread3 is running
Thread5 is running
Active Threads : 2
Active Threads : 2
Active Threads : 2
Active Threads : 2
Active Threads : 2
Thread4 is running
Thread6 is running
Thread5 is running
Thread7 is running
Active Threads : 2
Active Threads : 2
Active Threads : 2
Active Threads : 2
Active Threads : 2
Thread6 is running
Thread8 is running
Thread7 is running
Thread9 is running
Active Threads : 2
Active Threads : 2
Active Threads : 2
Active Threads : 2
Active Threads : 2
Thread8 is running
Thread10 is running
Thread9 is running
Thread11 is running
Active Threads : 2
Active Threads : 2
Active Threads : 2
Active Threads : 2
Active Threads : 2
Thread10 is running
Thread12 is running
Thread11 is running
Thread13 is running
Active Threads : 2
Active Threads : 2
Active Threads : 2
Active Threads : 2
Active Threads : 2
Thread12 is running
Thread14 is running
Thread13 is running
Thread15 is running
Active Threads : 2
Active Threads : 2
Active Threads : 2
Active Threads : 2
Active Threads : 2
Thread14 is running
Thread16 is running
Thread15 is running
Thread17 is running
Active Threads : 2
Active Threads : 2
Active Threads : 2
Active Threads : 2
Active Threads : 2
Thread16 is running
Thread18 is running
Thread17 is running
Thread19 is running
Active Threads : 2
Active Threads : 2
Active Threads : 2
Active Threads : 2
Active Threads : 2
Thread18 is running
Thread20 is running
Thread19 is running
Thread21 is running
Active Threads : 2
Active Threads : 2
Active Threads : 2
Active Threads : 2
Active Threads : 2
Thread20 is running
Thread22 is running
Thread21 is running
Thread23 is running
Active Threads : 2
Active Threads : 2
Active Threads : 2
Active Threads : 2
Active Threads : 2
Thread22 is running
Thread24 is running
Thread23 is running
Thread25 is running
Active Threads : 2
Active Threads : 2
Active Threads : 2
Active Threads : 2
Active Threads : 2
Thread24 is running
Thread26 is running
Thread25 is running
Thread27 is running
Active Threads : 2
Active Threads : 2
Active Threads : 2
Active Threads : 2
Active Threads : 2
Thread26 is running
Thread28 is running
Thread27 is running
Thread29 is running
Active Threads : 2
Active Threads : 2
Active Threads : 2
Active Threads : 2
Active Threads : 2
Thread29 is running
Thread30 is running
Thread28 is running
Thread31 is running
Active Threads : 2
Active Threads : 2
Active Threads : 2
Active Threads : 2
Active Threads : 2
Thread30 is running
Thread31 is running
Thread33 is running
Thread32 is running
Active Threads : 2
Active Threads : 2
Active Threads : 2
Active Threads : 2
Active Threads : 2
Thread33 is running
Thread34 is running
Thread32 is running
Thread35 is running
Active Threads : 2
Active Threads : 2
Active Threads : 2
Active Threads : 2
Active Threads : 2
Thread34 is running
Thread36 is running
Thread35 is running
Thread37 is running
Active Threads : 2
Active Threads : 2
Active Threads : 2
Active Threads : 2
Active Threads : 2
Thread36 is running
Thread38 is running
Thread37 is running
Thread39 is running
Active Threads : 2
Active Threads : 2
Active Threads : 2
Active Threads : 2
Active Threads : 2
Thread38 is running
Thread39 is running
Active Threads : 0
Staring a new one submitterDotConcurrentImpl{threadPoolExecutor=name = testsubmitter {com.dotcms.concurrent.DotConcurrentFactory$DotThreadPoolExecutor@4af4e98c[Running, pool size = 2, active threads = 0, queued tasks = 0, completed tasks = 40]}
MaximumPoolSize=4
keepAliveMillis=60000
queue=[]
shutdown=false}
Active Threads : 0
Thread0 is running
Thread1 is running
Thread0 is running
Thread1 is running
Thread2 is running
Thread3 is running
Thread2 is running
Thread4 is running
Thread3 is running
Thread5 is running
Thread5 is running
Thread6 is running
Thread4 is running
Thread7 is running
Thread6 is running
Thread8 is running
Thread7 is running
Thread9 is running
DotConcurrentImpl{threadPoolExecutor=name = dotSystemPool {com.dotcms.concurrent.DotConcurrentFactory$DotThreadPoolExecutor@d2dafea[Running, pool size = 0, active threads = 0, queued tasks = 0, completed tasks = 0]}
MaximumPoolSize=50
keepAliveMillis=60000
queue=[]
shutdown=false}
DotConcurrentImpl{threadPoolExecutor=name = dotSystemPool {com.dotcms.concurrent.DotConcurrentFactory$DotThreadPoolExecutor@d2dafea[Running, pool size = 0, active threads = 0, queued tasks = 0, completed tasks = 0]}
MaximumPoolSize=50
keepAliveMillis=60000
queue=[]
shutdown=false}
Thread0 is running
Thread1 is running
Thread3 is running
Thread4 is running
Thread5 is running
Thread2 is running
Thread6 is running
Thread8 is running
DotConcurrentImpl{threadPoolExecutor=name = dotSystemPool {com.dotcms.concurrent.DotConcurrentFactory$DotThreadPoolExecutor@d2dafea[Running, pool size = 10, active threads = 10, queued tasks = 0, completed tasks = 0]}
MaximumPoolSize=50
keepAliveMillis=60000
queue=[]
shutdown=false}
Thread9 is running
DotConcurrentImpl{threadPoolExecutor=name = dotSystemPool {com.dotcms.concurrent.DotConcurrentFactory$DotThreadPoolExecutor@d2dafea[Running, pool size = 10, active threads = 10, queued tasks = 10, completed tasks = 0]}
MaximumPoolSize=50
keepAliveMillis=60000
queue=[com.dotcms.concurrent.DotConcurrentFactoryTest$PrintTask@53148595, com.dotcms.concurrent.DotConcurrentFactoryTest$PrintTask@3e30ccbd, com.dotcms.concurrent.DotConcurrentFactoryTest$PrintTask@1f7264fa, com.dotcms.concurrent.DotConcurrentFactoryTest$PrintTask@3b08b831, com.dotcms.concurrent.DotConcurrentFactoryTest$PrintTask@4c47bae8, com.dotcms.concurrent.DotConcurrentFactoryTest$PrintTask@74aad2f9, com.dotcms.concurrent.DotConcurrentFactoryTest$PrintTask@78733d22, com.dotcms.concurrent.DotConcurrentFactoryTest$PrintTask@644db2d, com.dotcms.concurrent.DotConcurrentFactoryTest$PrintTask@7725b1f7, com.dotcms.concurrent.DotConcurrentFactoryTest$PrintTask@553a88f0]
shutdown=false}
DotConcurrentImpl{threadPoolExecutor=name = dotSystemPool {com.dotcms.concurrent.DotConcurrentFactory$DotThreadPoolExecutor@d2dafea[Running, pool size = 10, active threads = 10, queued tasks = 20, completed tasks = 0]}
MaximumPoolSize=50
keepAliveMillis=60000
queue=[com.dotcms.concurrent.DotConcurrentFactoryTest$PrintTask@53148595, com.dotcms.concurrent.DotConcurrentFactoryTest$PrintTask@3e30ccbd, com.dotcms.concurrent.DotConcurrentFactoryTest$PrintTask@1f7264fa, com.dotcms.concurrent.DotConcurrentFactoryTest$PrintTask@3b08b831, com.dotcms.concurrent.DotConcurrentFactoryTest$PrintTask@4c47bae8, com.dotcms.concurrent.DotConcurrentFactoryTest$PrintTask@74aad2f9, com.dotcms.concurrent.DotConcurrentFactoryTest$PrintTask@78733d22, com.dotcms.concurrent.DotConcurrentFactoryTest$PrintTask@644db2d, com.dotcms.concurrent.DotConcurrentFactoryTest$PrintTask@7725b1f7, com.dotcms.concurrent.DotConcurrentFactoryTest$PrintTask@553a88f0, com.dotcms.concurrent.DotConcurrentFactoryTest$PrintTask@34c12558, com.dotcms.concurrent.DotConcurrentFactoryTest$PrintTask@147c1d5e, com.dotcms.concurrent.DotConcurrentFactoryTest$PrintTask@4e0cac2f, com.dotcms.concurrent.DotConcurrentFactoryTest$PrintTask@4f70d016, com.dotcms.concurrent.DotConcurrentFactoryTest$PrintTask@7226d745, com.dotcms.concurrent.DotConcurrentFactoryTest$PrintTask@6c4b2b2, com.dotcms.concurrent.DotConcurrentFactoryTest$PrintTask@2d821b91, com.dotcms.concurrent.DotConcurrentFactoryTest$PrintTask@64bb9e57, com.dotcms.concurrent.DotConcurrentFactoryTest$PrintTask@20e3f17a, com.dotcms.concurrent.DotConcurrentFactoryTest$PrintTask@31196f6]
shutdown=false}
Active Threads : 10
Thread7 is running
Active Threads : 10
Active Threads : 10
Active Threads : 10
Thread8 is running
Thread10 is running
Thread9 is running
Thread11 is running
Active Threads : 10
Thread0 is running
Thread10 is running
Thread1 is running
Thread11 is running
Thread3 is running
Thread12 is running
Thread4 is running
Thread13 is running
Thread5 is running
Thread14 is running
Thread2 is running
Thread15 is running
Thread6 is running
Thread16 is running
Thread8 is running
Thread17 is running
Thread9 is running
Thread18 is running
Active Threads : 10
Thread7 is running
Thread19 is running
Active Threads : 10
Active Threads : 10
Active Threads : 10
Thread10 is running
Thread12 is running
Thread11 is running
Thread13 is running
Active Threads : 10
Thread10 is running
Thread20 is running
Thread11 is running
Thread21 is running
Thread12 is running
Thread22 is running
Thread13 is running
Thread23 is running
Thread14 is running
Thread24 is running
Thread16 is running
Thread25 is running
Thread15 is running
Thread26 is running
Thread17 is running
Thread27 is running
Thread18 is running
Thread28 is running
Thread19 is running
Thread29 is running
Active Threads : 10
Active Threads : 10
Active Threads : 10
Active Threads : 10
Thread12 is running
Thread13 is running
Thread14 is running
Thread15 is running
Active Threads : 10
Thread20 is running
Thread21 is running
Thread30 is running
Thread31 is running
Thread22 is running
Thread32 is running
Thread23 is running
Thread33 is running
Thread24 is running
Thread34 is running
Thread25 is running
Thread35 is running
Thread26 is running
Thread36 is running
Thread27 is running
Thread37 is running
Thread28 is running
Thread38 is running
Thread29 is running
Thread39 is running
Active Threads : 10
Active Threads : 10
Active Threads : 10
Active Threads : 10
Thread14 is running
Thread15 is running
Thread16 is running
Thread17 is running
Active Threads : 10
Thread31 is running
Thread30 is running
Thread32 is running
Thread33 is running
Thread34 is running
Thread35 is running
Thread36 is running
Thread37 is running
Thread38 is running
Thread39 is running
Active Threads : 0
Staring a new one submitterDotConcurrentImpl{threadPoolExecutor=name = dotSystemPool {com.dotcms.concurrent.DotConcurrentFactory$DotThreadPoolExecutor@d2dafea[Running, pool size = 10, active threads = 0, queued tasks = 0, completed tasks = 40]}
MaximumPoolSize=50
keepAliveMillis=60000
queue=[]
shutdown=false}
Thread0 is running
Thread1 is running
Thread2 is running
Thread3 is running
Thread4 is running
Thread5 is running
Thread6 is running
Thread7 is running
Thread8 is running
Thread9 is running
Active Threads : 6
Active Threads : 10
Active Threads : 10
Thread16 is running
Thread17 is running
Thread18 is running
Thread19 is running
Active Threads : 10
Active Threads : 10
Thread0 is running
Thread2 is running
Thread10 is running
Thread11 is running
Thread3 is running
Thread12 is running
Thread4 is running
Thread13 is running
Thread5 is running
Thread14 is running
Thread1 is running
Thread9 is running
Thread15 is running
Thread16 is running
Thread8 is running
Thread17 is running
Thread7 is running
Thread18 is running
Thread6 is running
Thread19 is running
Active Threads : 10
Active Threads : 10
Active Threads : 10
Thread18 is running
Thread19 is running
Active Threads : 10
Active Threads : 10
Thread10 is running
Thread11 is running
Thread16 is running
Thread12 is running
Thread17 is running
Thread13 is running
Thread18 is running
Thread14 is running
Thread19 is running
Thread15 is running
Active Threads : 0
Supplier1, a 1689950412609
Supplier1, a 1689950412610
Supplier1, a 1689950412609
Supplier1, a 1689950412609
Supplier1, a 1689950412614
Supplier1, a 1689950412609
Supplier1, b 1689950420616
Supplier1, b 1689950420616
Supplier1, b 1689950420616
Supplier1, b 1689950420617
Supplier1, b 1689950420617
Supplier1, b 1689950420618
Supplier1, a 1689950420618
Supplier1, a 1689950420619
Supplier1, a 1689950420619
Supplier1, a 1689950420619
Supplier1, a 1689950420620
Supplier1, a 1689950420620
Supplier1, b 1689950428619
Supplier1, b 1689950428619
Supplier1, b 1689950428619
Supplier1, b 1689950428619
Supplier1, b 1689950428620
Supplier1, b 1689950428620
com.dotcms.concurrent.DotConcurrentFactory$DotSingleSubmitterImpl@3404ab06
Thread0 is running
Thread0 is running
Thread1 is running
Thread1 is running
Thread2 is running
Thread2 is running
Thread3 is running
Thread3 is running
Thread4 is running
Thread4 is running
Thread5 is running
Thread5 is running
Thread6 is running
Thread6 is running
Thread7 is running
Thread7 is running
Thread8 is running
Thread8 is running
Thread9 is running
Thread9 is running
Staring a new one submittercom.dotcms.concurrent.DotConcurrentFactory$DotSingleSubmitterImpl@3404ab06
Thread0 is running
Thread0 is running
Thread1 is running
Thread1 is running
Thread2 is running
Thread2 is running
Thread3 is running
Thread3 is running
Thread4 is running
Thread4 is running
Thread5 is running
Thread5 is running
Thread6 is running
Thread6 is running
Thread7 is running
Thread7 is running
Thread8 is running
Thread8 is running
Thread9 is running
Thread9 is running
]]></system-out>
  <system-err><![CDATA[]]></system-err>
</testsuite>
