<?xml version="1.0" encoding="UTF-8"?>
<testsuite name="com.dotcms.util.diff.DiffCommandTest" tests="2" skipped="0" failures="0" errors="0" timestamp="2023-07-13T19:32:26" hostname="fv-az413-315" time="0.006">
  <properties/>
  <testcase name="applyDiff_Comparable" classname="com.dotcms.util.diff.DiffCommandTest" time="0.006"/>
  <testcase name="applyDiff_Differentiable" classname="com.dotcms.util.diff.DiffCommandTest" time="0.0"/>
  <system-out><![CDATA[{six=six, five=five}
{two=two}
{four=fourxxx, one=onexxx}
{six=com.dotcms.util.diff.DiffCommandTest$StringDifferentiable@effb880, five=com.dotcms.util.diff.DiffCommandTest$StringDifferentiable@6120b101}
{two=com.dotcms.util.diff.DiffCommandTest$StringDifferentiable@777a9520}
{four=com.dotcms.util.diff.DiffCommandTest$StringDifferentiable@7e461516, one=com.dotcms.util.diff.DiffCommandTest$StringDifferentiable@d8e89e6}
]]></system-out>
  <system-err><![CDATA[]]></system-err>
</testsuite>
