<?xml version="1.0" encoding="UTF-8"?>
<testsuite name="com.dotcms.auth.providers.jwt.factories.SecretKeySpecFactoryTest" tests="1" skipped="0" failures="0" errors="0" timestamp="2023-07-18T21:48:52" hostname="fv-az1233-524" time="1.591">
  <properties/>
  <testcase name="readAndPrepareSecret" classname="com.dotcms.auth.providers.jwt.factories.SecretKeySpecFactoryTest" time="1.591"/>
  <system-out><![CDATA[8a9d1a930c8b053eae333f0518499ef1ed2235fec73bd94b826773083f69c0f1ac40c4cb8c9140d0db67c0d15cc037cc3e90f984a1582912c11c0cd4a10eb0b3
MySecretKey2
MySecretKey3
MySecretKey3
367895686dd0ba6f18e6d9cbf3bbc8816c1634bee1b0ed6abc4c04c68ce5718995b9797868f4519808c30d1ab93fea206c6c2b858224add5540065a46a53a053
ac9df745d0a606aa0062c670da37b2b083729062b054dc8f704d549bcfda5e60ca5d069e568f64a8670a092446d57fbadf056c5e4d54fa6bd38e5394db3a3581
d60c0a702e23f89b86d60465c9a6bac7d41713a530cc6659bb904c98083d72e083a46a0af7a64a391199f860ec31fb59aa34f8f380361965f0fec8d43d56bcdd
]]></system-out>
  <system-err><![CDATA[]]></system-err>
</testsuite>
