<?xml version="1.0" encoding="UTF-8"?>
<testsuite name="com.dotcms.analytics.helper.BayesianHelperTest" tests="3" skipped="0" failures="0" errors="0" timestamp="2023-06-26T16:32:23" hostname="fv-az790-547" time="0.137">
  <properties/>
  <testcase name="test_toBayesianInput_noDefault" classname="com.dotcms.analytics.helper.BayesianHelperTest" time="0.116"/>
  <testcase name="test_toBayesianInput_noTest" classname="com.dotcms.analytics.helper.BayesianHelperTest" time="0.007"/>
  <testcase name="test_toBayesianInput" classname="com.dotcms.analytics.helper.BayesianHelperTest" time="0.013"/>
  <system-out><![CDATA[]]></system-out>
  <system-err><![CDATA[]]></system-err>
</testsuite>
