<?xml version="1.0" encoding="UTF-8"?>
<testsuite name="com.dotcms.auth.providers.jwt.factories.SecretKeySpecFactoryTest" tests="1" skipped="0" failures="0" errors="0" timestamp="2023-07-13T20:35:21" hostname="fv-az955-629" time="1.388">
  <properties/>
  <testcase name="readAndPrepareSecret" classname="com.dotcms.auth.providers.jwt.factories.SecretKeySpecFactoryTest" time="1.388"/>
  <system-out><![CDATA[e419f1756e088c92450ea065a1ecd60d390c9cf558f2f315108728bc68b51baeb406d705bb7440cf15dcfa4aa15133865f89356a78ba5b931ac79a43a7c2c5ea
MySecretKey2
MySecretKey3
MySecretKey3
beb45ad17060d7121c49d21a2e32219bb169db26cf20c86027940d6a13622d4c64d59cce2e5b75a36f0e5b1c5204b80420f6f33300aba556e429a95cd14c59b1
94541ab8a4a3469bf4780963a7708e15a8109ac9aa78f27776e2431c70e8d04f7830dcfc9fbee57e355a6f547d2eb489b392a743c1556a22ef2d1faa76510bff
c136c0e91769da7a8cf2f55942d7c27cfaa4b103ff7f07b0b8754fd2909206905206859d3726ebd19bd494638dca92a3fe445c70ced3d073ed25c9cf74ea208d
]]></system-out>
  <system-err><![CDATA[]]></system-err>
</testsuite>
