<?xml version="1.0" encoding="UTF-8"?>
<testsuite name="com.dotcms.auth.providers.jwt.factories.SecretKeySpecFactoryTest" tests="1" skipped="0" failures="0" errors="0" timestamp="2023-06-30T14:51:49" hostname="fv-az189-858" time="1.11">
  <properties/>
  <testcase name="readAndPrepareSecret" classname="com.dotcms.auth.providers.jwt.factories.SecretKeySpecFactoryTest" time="1.11"/>
  <system-out><![CDATA[f172cb95fbb91a3f7b31e1cb4d6269277f582b326f541a4068eff68550eb8dd4ecf19fabc4f0c719f82d7f1d04669b28a053767611e2f2e2a88953dee3d02a26
MySecretKey2
MySecretKey3
MySecretKey3
876c258df78d3066cec7b07eea767b51f9dad0d6adbc3e5593403aff71d6f758d73f5c5fa5b9830914564149411b23f3d51809ae804bc17b844ce1e4af97d888
8e3996d3706df6fa28032980ed36b23288e101a92c57e9fe527ff1f8240c36b2c35e6170795b35bdb82932b5ff9c8a020ca0d7e429076409820af79c6f72498c
b5d10223764fd82562f2ffdcc19f56df72f152618b435f5d2507a7440e8be2d3f184dba4388282cfeb5585c5877afb2c48f969748525fe014eb1188d948edde0
]]></system-out>
  <system-err><![CDATA[]]></system-err>
</testsuite>
