<?xml version="1.0" encoding="UTF-8"?>
<testsuite name="com.dotmarketing.portlets.workflows.ajax.WfBaseActionTest" tests="3" skipped="0" failures="0" errors="0" timestamp="2023-06-28T19:24:10" hostname="fv-az627-595" time="0.161">
  <properties/>
  <testcase name="TestOnNullCallTheDefaultCommand" classname="com.dotmarketing.portlets.workflows.ajax.WfBaseActionTest" time="0.133"/>
  <testcase name="TestNotAllowedCommands" classname="com.dotmarketing.portlets.workflows.ajax.WfBaseActionTest" time="0.009"/>
  <testcase name="TestAllowedCommands" classname="com.dotmarketing.portlets.workflows.ajax.WfBaseActionTest" time="0.017"/>
  <system-out><![CDATA[ Command ::  forbiddenMethod  on  class Mock for WfTaskAjax, hashCode: 160504718
 Command ::  forbiddenMethod  on  class Mock for WfActionClassAjax, hashCode: 674040283
 Command ::  forbiddenMethod  on  class Mock for WfActionAjax, hashCode: 1960807943
 Command ::  forbiddenMethod  on  class Mock for WfRoleStoreAjax, hashCode: 264959734
 Command ::  forbiddenMethod  on  class Mock for WfSchemeAjax, hashCode: 1864693160
 Command ::  action  on  class Mock for WfTaskAjax, hashCode: 847579756
 Command ::  executeActions  on  class Mock for WfTaskAjax, hashCode: 847579756
 Command ::  executeAction  on  class Mock for WfTaskAjax, hashCode: 847579756
 Command ::  add  on  class Mock for WfActionClassAjax, hashCode: 1771548060
 Command ::  save  on  class Mock for WfActionClassAjax, hashCode: 1771548060
 Command ::  delete  on  class Mock for WfActionClassAjax, hashCode: 1771548060
 Command ::  reorder  on  class Mock for WfActionClassAjax, hashCode: 1771548060
 Command ::  action  on  class Mock for WfActionClassAjax, hashCode: 1771548060
 Command ::  deleteActionForStep  on  class Mock for WfActionAjax, hashCode: 1305185408
 Command ::  add  on  class Mock for WfActionAjax, hashCode: 1305185408
 Command ::  action  on  class Mock for WfActionAjax, hashCode: 1305185408
 Command ::  reorder  on  class Mock for WfActionAjax, hashCode: 1305185408
 Command ::  delete  on  class Mock for WfActionAjax, hashCode: 1305185408
 Command ::  save  on  class Mock for WfActionAjax, hashCode: 1305185408
 Command ::  rolesToJson  on  class Mock for WfRoleStoreAjax, hashCode: 1615765679
 Command ::  assignable  on  class Mock for WfRoleStoreAjax, hashCode: 1615765679
 Command ::  action  on  class Mock for WfRoleStoreAjax, hashCode: 1615765679
 Command ::  action  on  class Mock for WfSchemeAjax, hashCode: 600505767
 Command ::  save  on  class Mock for WfSchemeAjax, hashCode: 600505767
]]></system-out>
  <system-err><![CDATA[]]></system-err>
</testsuite>
