<?xml version="1.0" encoding="UTF-8"?>
<testsuite name="com.liferay.util.MathUtilTest" tests="1" skipped="0" failures="0" errors="0" timestamp="2023-07-17T18:40:56" hostname="fv-az741-618" time="0.008">
  <properties/>
  <testcase name="testHappyPath" classname="com.liferay.util.MathUtilTest" time="0.008"/>
  <system-out><![CDATA[]]></system-out>
  <system-err><![CDATA[]]></system-err>
</testsuite>
