<?xml version="1.0" encoding="UTF-8"?>
<testsuite name="com.dotcms.mock.MockResponseTest" tests="2" skipped="0" failures="0" errors="0" timestamp="2023-06-27T18:37:15" hostname="fv-az254-300" time="0.007">
  <properties/>
  <testcase name="testBaseRequest" classname="com.dotcms.mock.MockResponseTest" time="0.004"/>
  <testcase name="testHttpRequest" classname="com.dotcms.mock.MockResponseTest" time="0.002"/>
  <system-out><![CDATA[]]></system-out>
  <system-err><![CDATA[]]></system-err>
</testsuite>
