<?xml version="1.0" encoding="UTF-8"?>
<testsuite name="com.dotmarketing.portlets.workflows.ajax.WfBaseActionTest" tests="3" skipped="0" failures="0" errors="0" timestamp="2023-06-30T15:35:20" hostname="fv-az617-677" time="0.354">
  <properties/>
  <testcase name="TestOnNullCallTheDefaultCommand" classname="com.dotmarketing.portlets.workflows.ajax.WfBaseActionTest" time="0.285"/>
  <testcase name="TestNotAllowedCommands" classname="com.dotmarketing.portlets.workflows.ajax.WfBaseActionTest" time="0.029"/>
  <testcase name="TestAllowedCommands" classname="com.dotmarketing.portlets.workflows.ajax.WfBaseActionTest" time="0.04"/>
  <system-out><![CDATA[ Command ::  forbiddenMethod  on  class Mock for WfActionClassAjax, hashCode: 406365826
 Command ::  forbiddenMethod  on  class Mock for WfActionAjax, hashCode: 352885917
 Command ::  forbiddenMethod  on  class Mock for WfTaskAjax, hashCode: 552629277
 Command ::  forbiddenMethod  on  class Mock for WfSchemeAjax, hashCode: 1916755767
 Command ::  forbiddenMethod  on  class Mock for WfRoleStoreAjax, hashCode: 580033001
 Command ::  save  on  class Mock for WfActionClassAjax, hashCode: 536220289
 Command ::  delete  on  class Mock for WfActionClassAjax, hashCode: 536220289
 Command ::  reorder  on  class Mock for WfActionClassAjax, hashCode: 536220289
 Command ::  action  on  class Mock for WfActionClassAjax, hashCode: 536220289
 Command ::  add  on  class Mock for WfActionClassAjax, hashCode: 536220289
 Command ::  save  on  class Mock for WfActionAjax, hashCode: 2048847743
 Command ::  deleteActionForStep  on  class Mock for WfActionAjax, hashCode: 2048847743
 Command ::  add  on  class Mock for WfActionAjax, hashCode: 2048847743
 Command ::  action  on  class Mock for WfActionAjax, hashCode: 2048847743
 Command ::  reorder  on  class Mock for WfActionAjax, hashCode: 2048847743
 Command ::  delete  on  class Mock for WfActionAjax, hashCode: 2048847743
 Command ::  executeAction  on  class Mock for WfTaskAjax, hashCode: 1900280994
 Command ::  action  on  class Mock for WfTaskAjax, hashCode: 1900280994
 Command ::  executeActions  on  class Mock for WfTaskAjax, hashCode: 1900280994
 Command ::  action  on  class Mock for WfSchemeAjax, hashCode: 79477352
 Command ::  save  on  class Mock for WfSchemeAjax, hashCode: 79477352
 Command ::  rolesToJson  on  class Mock for WfRoleStoreAjax, hashCode: 1101289027
 Command ::  assignable  on  class Mock for WfRoleStoreAjax, hashCode: 1101289027
 Command ::  action  on  class Mock for WfRoleStoreAjax, hashCode: 1101289027
]]></system-out>
  <system-err><![CDATA[]]></system-err>
</testsuite>
