<?xml version="1.0" encoding="UTF-8"?>
<testsuite name="com.dotmarketing.portlets.workflows.ajax.WfBaseActionTest" tests="3" skipped="0" failures="0" errors="0" timestamp="2023-07-12T18:58:13" hostname="fv-az842-863" time="0.179">
  <properties/>
  <testcase name="TestOnNullCallTheDefaultCommand" classname="com.dotmarketing.portlets.workflows.ajax.WfBaseActionTest" time="0.144"/>
  <testcase name="TestNotAllowedCommands" classname="com.dotmarketing.portlets.workflows.ajax.WfBaseActionTest" time="0.011"/>
  <testcase name="TestAllowedCommands" classname="com.dotmarketing.portlets.workflows.ajax.WfBaseActionTest" time="0.024"/>
  <system-out><![CDATA[ Command ::  forbiddenMethod  on  class Mock for WfSchemeAjax, hashCode: 266640916
 Command ::  forbiddenMethod  on  class Mock for WfActionClassAjax, hashCode: 507561200
 Command ::  forbiddenMethod  on  class Mock for WfActionAjax, hashCode: 56093569
 Command ::  forbiddenMethod  on  class Mock for WfTaskAjax, hashCode: 1977674511
 Command ::  forbiddenMethod  on  class Mock for WfRoleStoreAjax, hashCode: 670316523
 Command ::  action  on  class Mock for WfSchemeAjax, hashCode: 1184545934
 Command ::  save  on  class Mock for WfSchemeAjax, hashCode: 1184545934
 Command ::  reorder  on  class Mock for WfActionClassAjax, hashCode: 1165420555
 Command ::  action  on  class Mock for WfActionClassAjax, hashCode: 1165420555
 Command ::  add  on  class Mock for WfActionClassAjax, hashCode: 1165420555
 Command ::  save  on  class Mock for WfActionClassAjax, hashCode: 1165420555
 Command ::  delete  on  class Mock for WfActionClassAjax, hashCode: 1165420555
 Command ::  save  on  class Mock for WfActionAjax, hashCode: 803288493
 Command ::  deleteActionForStep  on  class Mock for WfActionAjax, hashCode: 803288493
 Command ::  add  on  class Mock for WfActionAjax, hashCode: 803288493
 Command ::  action  on  class Mock for WfActionAjax, hashCode: 803288493
 Command ::  reorder  on  class Mock for WfActionAjax, hashCode: 803288493
 Command ::  delete  on  class Mock for WfActionAjax, hashCode: 803288493
 Command ::  action  on  class Mock for WfTaskAjax, hashCode: 1137016357
 Command ::  executeActions  on  class Mock for WfTaskAjax, hashCode: 1137016357
 Command ::  executeAction  on  class Mock for WfTaskAjax, hashCode: 1137016357
 Command ::  assignable  on  class Mock for WfRoleStoreAjax, hashCode: 803854087
 Command ::  action  on  class Mock for WfRoleStoreAjax, hashCode: 803854087
 Command ::  rolesToJson  on  class Mock for WfRoleStoreAjax, hashCode: 803854087
]]></system-out>
  <system-err><![CDATA[]]></system-err>
</testsuite>
