<?xml version="1.0" encoding="UTF-8"?>
<testsuite name="com.dotmarketing.portlets.workflows.ajax.WfBaseActionTest" tests="3" skipped="0" failures="0" errors="0" timestamp="2023-07-10T21:11:51" hostname="fv-az642-756" time="0.122">
  <properties/>
  <testcase name="TestOnNullCallTheDefaultCommand" classname="com.dotmarketing.portlets.workflows.ajax.WfBaseActionTest" time="0.099"/>
  <testcase name="TestNotAllowedCommands" classname="com.dotmarketing.portlets.workflows.ajax.WfBaseActionTest" time="0.007"/>
  <testcase name="TestAllowedCommands" classname="com.dotmarketing.portlets.workflows.ajax.WfBaseActionTest" time="0.016"/>
  <system-out><![CDATA[ Command ::  forbiddenMethod  on  class Mock for WfActionClassAjax, hashCode: 586440925
 Command ::  forbiddenMethod  on  class Mock for WfSchemeAjax, hashCode: 229198938
 Command ::  forbiddenMethod  on  class Mock for WfActionAjax, hashCode: 50419413
 Command ::  forbiddenMethod  on  class Mock for WfRoleStoreAjax, hashCode: 891019226
 Command ::  forbiddenMethod  on  class Mock for WfTaskAjax, hashCode: 790776963
 Command ::  save  on  class Mock for WfActionClassAjax, hashCode: 172485667
 Command ::  delete  on  class Mock for WfActionClassAjax, hashCode: 172485667
 Command ::  reorder  on  class Mock for WfActionClassAjax, hashCode: 172485667
 Command ::  action  on  class Mock for WfActionClassAjax, hashCode: 172485667
 Command ::  add  on  class Mock for WfActionClassAjax, hashCode: 172485667
 Command ::  action  on  class Mock for WfSchemeAjax, hashCode: 339601499
 Command ::  save  on  class Mock for WfSchemeAjax, hashCode: 339601499
 Command ::  save  on  class Mock for WfActionAjax, hashCode: 168666686
 Command ::  deleteActionForStep  on  class Mock for WfActionAjax, hashCode: 168666686
 Command ::  add  on  class Mock for WfActionAjax, hashCode: 168666686
 Command ::  action  on  class Mock for WfActionAjax, hashCode: 168666686
 Command ::  reorder  on  class Mock for WfActionAjax, hashCode: 168666686
 Command ::  delete  on  class Mock for WfActionAjax, hashCode: 168666686
 Command ::  action  on  class Mock for WfRoleStoreAjax, hashCode: 602587868
 Command ::  rolesToJson  on  class Mock for WfRoleStoreAjax, hashCode: 602587868
 Command ::  assignable  on  class Mock for WfRoleStoreAjax, hashCode: 602587868
 Command ::  action  on  class Mock for WfTaskAjax, hashCode: 710774234
 Command ::  executeActions  on  class Mock for WfTaskAjax, hashCode: 710774234
 Command ::  executeAction  on  class Mock for WfTaskAjax, hashCode: 710774234
]]></system-out>
  <system-err><![CDATA[]]></system-err>
</testsuite>
