<?xml version="1.0" encoding="UTF-8"?>
<testsuite name="com.dotcms.auth.providers.jwt.factories.SecretKeySpecFactoryTest" tests="1" skipped="0" failures="0" errors="0" timestamp="2023-07-13T17:11:08" hostname="fv-az1233-242" time="2.041">
  <properties/>
  <testcase name="readAndPrepareSecret" classname="com.dotcms.auth.providers.jwt.factories.SecretKeySpecFactoryTest" time="2.041"/>
  <system-out><![CDATA[71ec4660faf21248b3e63dccb8014db532426247377e2beaa1a1e68573b5342de39eb63ea0050df5f37978181cc90cc68e8d843cb235b294ab63d4c668b9ccd3
MySecretKey2
MySecretKey3
MySecretKey3
12c3756dd89242b1be606131ee7c172c3a5469d6a8dabfde40eb07e03e23deba327f0896b97f33e8cf25c62ac36c08525edb897272b47ef15f262646b565ab1b
28aaba3ca67eff3af51117f526ae3f2eb1d0d4f72a756453cb38d5adcaf4d492e9c057975db99e662d1bfa7b275ec3d2960578606d3a2765e54d31201df256d5
e875c4c44b959587e21692d74080ae773a64d984b492ab93eaaa8b239a54fb56412d24d0ab19a38a0465860c463e2e3ebf9ab77d9a61a927b95320ca30ddac34
]]></system-out>
  <system-err><![CDATA[]]></system-err>
</testsuite>
