<?xml version="1.0" encoding="UTF-8"?>
<testsuite name="com.dotcms.auth.providers.jwt.factories.SecretKeySpecFactoryTest" tests="1" skipped="0" failures="0" errors="0" timestamp="2023-06-23T16:49:53" hostname="fv-az612-160" time="1.348">
  <properties/>
  <testcase name="readAndPrepareSecret" classname="com.dotcms.auth.providers.jwt.factories.SecretKeySpecFactoryTest" time="1.348"/>
  <system-out><![CDATA[553003e5c499ed1e07e1f92b4d3a43da2989ccda60eda695732ab9973300dae0090a21f571e510a5474a24e8d6c6efc19c2cd470cdb8850210735bb09a052a2f
MySecretKey2
MySecretKey3
MySecretKey3
b65c424d3abcbabc5330b871910ab81111c2bf146d4fb910dd7e6b252c5bdeeff17224f0928454f3fdcaa234158e85470820904bb8f9b36c912cb7b265ae399c
b26a97d3713476737791821b06aad93343338eea58ff88b1d19fe0b41e1343e09fa2621b67d79aa70dd4f63f6187ad9aa42d9dfc30e8e25053f734b1db05437a
58b5f5b33e7359b5472d1d27969cccab392eb9e156ac512b4b79848acd09132a15b9b7c6ec6b6e2d7b1948d1448f1822e2f446fef837518d3883725f7e910df2
]]></system-out>
  <system-err><![CDATA[]]></system-err>
</testsuite>
