<?xml version="1.0" encoding="UTF-8"?>
<testsuite name="com.dotcms.util.pagination.SiteViewPaginatorUnitTest" tests="2" skipped="0" failures="0" errors="0" timestamp="2023-06-27T14:56:05" hostname="fv-az617-398" time="0.136">
  <properties/>
  <testcase name="Test_Get_Items_Sorted_Pages" classname="com.dotcms.util.pagination.SiteViewPaginatorUnitTest" time="0.101"/>
  <testcase name="Test_Get_Items_Page_Size" classname="com.dotcms.util.pagination.SiteViewPaginatorUnitTest" time="0.035"/>
  <system-out><![CDATA[SYSTEM_HOST
0
2
5
6
7
8
]]></system-out>
  <system-err><![CDATA[]]></system-err>
</testsuite>
