<?xml version="1.0" encoding="UTF-8"?>
<testsuite name="com.dotcms.auth.providers.jwt.factories.SecretKeySpecFactoryTest" tests="1" skipped="0" failures="0" errors="0" timestamp="2023-07-18T18:45:27" hostname="fv-az1032-957" time="1.186">
  <properties/>
  <testcase name="readAndPrepareSecret" classname="com.dotcms.auth.providers.jwt.factories.SecretKeySpecFactoryTest" time="1.186"/>
  <system-out><![CDATA[d33eb6d617ea12c4038d883faf9a898171bc33dbf0e0f4c104dca44fd78d37c690b324ac1282a0f7725d00495b9a629ed0c06fee073780cb0a9e9db19bb07198
MySecretKey2
MySecretKey3
MySecretKey3
aeb33308cb93fb51fe2aa612aeb959dec7ac098de4a3db631afb6a4550df9356bd5f6856615780d810e2e8fcfd4a6020399e7b5706bd691069b5953243038cd4
2fd60b7b5d8a47688aacf119c0b6d0d2ce2f928fc7d5c7b2c4e784246938a8ae1e188dc17b515f5be296c3af4b3cf91c4f4d61bb3f89602839b354087717d0c4
6cb011d8cd2bf05b74079297a6f0b04f6219039acd5351a5af0fb758a78e15a1031d9a174902b8f6d7dd0c295f509fade9e420f69965893e0c4219c4d61a85af
]]></system-out>
  <system-err><![CDATA[]]></system-err>
</testsuite>
