<?xml version="1.0" encoding="UTF-8"?>
<testsuite name="com.dotcms.mock.MockResponseTest" tests="2" skipped="0" failures="0" errors="0" timestamp="2023-07-18T21:51:04" hostname="fv-az1233-524" time="0.005">
  <properties/>
  <testcase name="testBaseRequest" classname="com.dotcms.mock.MockResponseTest" time="0.001"/>
  <testcase name="testHttpRequest" classname="com.dotcms.mock.MockResponseTest" time="0.001"/>
  <system-out><![CDATA[]]></system-out>
  <system-err><![CDATA[]]></system-err>
</testsuite>
