<?xml version="1.0" encoding="UTF-8"?>
<testsuite name="com.dotcms.auth.providers.jwt.factories.SecretKeySpecFactoryTest" tests="1" skipped="0" failures="0" errors="0" timestamp="2023-06-30T19:20:52" hostname="fv-az351-989" time="1.294">
  <properties/>
  <testcase name="readAndPrepareSecret" classname="com.dotcms.auth.providers.jwt.factories.SecretKeySpecFactoryTest" time="1.294"/>
  <system-out><![CDATA[f7b71dd5daa7930a78f347c5bf790acc8c368416855079ac56823f7b7c734bee4e53744d2d212f126657b8a4c251d17af95b9052ecc248d370c1bfbc2830e728
MySecretKey2
MySecretKey3
MySecretKey3
1c10c121e244e4789afb0029f4828c5b664807fe3489061ba43a89e6becb2bef39f62ba33261984a2fb5debd85e2fef054a794a844c28de84496e339600dbbb7
cafba35bc92ac6aeb5d0dbc6abb75f15bd83141e674f41999021bc4daac06b858ba845843bcd29087fd34d29ce625fa7e74a5999f0ae0422761f3cde7169463f
2a054b2366b2f6422f0b00e23bb769f0ca793480380e4b10a7370091281cddd066cd6533f349d7ba7f314640480bf59fa34484275fea340762f68915b08a6cfc
]]></system-out>
  <system-err><![CDATA[]]></system-err>
</testsuite>
