<?xml version="1.0" encoding="UTF-8"?>
<testsuite name="com.dotcms.auth.providers.jwt.factories.SecretKeySpecFactoryTest" tests="1" skipped="0" failures="0" errors="0" timestamp="2023-07-06T18:58:55" hostname="fv-az364-572" time="1.18">
  <properties/>
  <testcase name="readAndPrepareSecret" classname="com.dotcms.auth.providers.jwt.factories.SecretKeySpecFactoryTest" time="1.18"/>
  <system-out><![CDATA[bf113a92bd9334ad1deeef75bc96cacd85adcf0ee3d4ffec62bdc3e749286be7be2e21f98a68f0b2a1c1c78853cd329ddfc2351dabdae468a9ac2e5b9603f6df
MySecretKey2
MySecretKey3
MySecretKey3
c361d33da0518f7ce7a070daaa9283222fe7000b0087b18341aff3066a433e08c02a06773369f3b70f5b0556489b2737921de232965b842fb233dc797525ffcf
bfb4bbc44dc887875c3a5be68e1b5fe0062e4489fa6028e726171346a3adf0594f5922b064d57d19e13cacaf8718803b60ba74111faee0d0a28caaecf7fce9d8
74a11c5080525f49558e47bf609dbc9867ecff8aa9ff1ba674927a8e2918a92fae3d9e04c0815454f62c4bc02f8c9eef17f507dae99657f1674c92553b09ecbe
]]></system-out>
  <system-err><![CDATA[]]></system-err>
</testsuite>
