<?xml version="1.0" encoding="UTF-8"?>
<testsuite name="com.dotmarketing.util.DateUtilTest" tests="38" skipped="0" failures="0" errors="0" timestamp="2023-07-14T21:55:05" hostname="fv-az257-148" time="0.109">
  <properties/>
  <testcase name="testReplaceDateTimeWithFormatSuccess[0: com.dotmarketing.util.DateUtilTest$TestCase@22bb378f]" classname="com.dotmarketing.util.DateUtilTest" time="0.004"/>
  <testcase name="testReplaceDateTimeWithFormatSuccess[1: com.dotmarketing.util.DateUtilTest$TestCase@6fbc4bf2]" classname="com.dotmarketing.util.DateUtilTest" time="0.007"/>
  <testcase name="testReplaceDateTimeWithFormatSuccess[2: com.dotmarketing.util.DateUtilTest$TestCase@4f6fedc7]" classname="com.dotmarketing.util.DateUtilTest" time="0.001"/>
  <testcase name="testReplaceDateTimeWithFormatSuccess[3: com.dotmarketing.util.DateUtilTest$TestCase@3b195113]" classname="com.dotmarketing.util.DateUtilTest" time="0.0"/>
  <testcase name="testReplaceDateTimeWithFormatSuccess[4: com.dotmarketing.util.DateUtilTest$TestCase@40650eb0]" classname="com.dotmarketing.util.DateUtilTest" time="0.001"/>
  <testcase name="testReplaceDateTimeWithFormatSuccess[5: com.dotmarketing.util.DateUtilTest$TestCase@4d0b2e95]" classname="com.dotmarketing.util.DateUtilTest" time="0.0"/>
  <testcase name="testReplaceDateTimeWithFormatSuccess[6: com.dotmarketing.util.DateUtilTest$TestCase@7dbaf326]" classname="com.dotmarketing.util.DateUtilTest" time="0.001"/>
  <testcase name="testReplaceDateTimeWithFormatWithError" classname="com.dotmarketing.util.DateUtilTest" time="0.001"/>
  <testcase name="testReplaceDateWithFormatWithError" classname="com.dotmarketing.util.DateUtilTest" time="0.001"/>
  <testcase name="timeReachNullPointerException" classname="com.dotmarketing.util.DateUtilTest" time="0.0"/>
  <testcase name="test_time_zone_string" classname="com.dotmarketing.util.DateUtilTest" time="0.001"/>
  <testcase name="testPrettyDateSince" classname="com.dotmarketing.util.DateUtilTest" time="0.024"/>
  <testcase name="test_parseISO_bad_date" classname="com.dotmarketing.util.DateUtilTest" time="0.0"/>
  <testcase name="test_parseISO_null" classname="com.dotmarketing.util.DateUtilTest" time="0.0"/>
  <testcase name="testReplaceDateWithFormatSuccess" classname="com.dotmarketing.util.DateUtilTest" time="0.002"/>
  <testcase name="test_parseISO_longiso_date" classname="com.dotmarketing.util.DateUtilTest" time="0.01"/>
  <testcase name="timeReach" classname="com.dotmarketing.util.DateUtilTest" time="0.0"/>
  <testcase name="test_time_zone[0: sun.util.calendar.ZoneInfo[id=&quot;GMT&quot;,offset=0,dstSavings=0,useDaylight=false,transitions=0,lastRule=null]]" classname="com.dotmarketing.util.DateUtilTest" time="0.0"/>
  <testcase name="test_time_zone[1: sun.util.calendar.ZoneInfo[id=&quot;US/Eastern&quot;,offset=-18000000,dstSavings=3600000,useDaylight=true,transitions=235,lastRule=java.util.SimpleTimeZone[id=US/Eastern,offset=-18000000,dstSavings=3600000,useDaylight=true,startYear=0,startMode=3,startMonth=2,startDay=8,startDayOfWeek=1,startTime=7200000,startTimeMode=0,endMode=3,endMonth=10,endDay=1,endDayOfWeek=1,endTime=7200000,endTimeMode=0]]]" classname="com.dotmarketing.util.DateUtilTest" time="0.003"/>
  <testcase name="test_time_zone[2: sun.util.calendar.ZoneInfo[id=&quot;UTC&quot;,offset=0,dstSavings=0,useDaylight=false,transitions=0,lastRule=null]]" classname="com.dotmarketing.util.DateUtilTest" time="0.002"/>
  <testcase name="testReplaceTimeWithFormatWithError" classname="com.dotmarketing.util.DateUtilTest" time="0.006"/>
  <testcase name="test_time_zone_string_no_formats" classname="com.dotmarketing.util.DateUtilTest" time="0.002"/>
  <testcase name="testMaxTime" classname="com.dotmarketing.util.DateUtilTest" time="0.0"/>
  <testcase name="testMinTime" classname="com.dotmarketing.util.DateUtilTest" time="0.0"/>
  <testcase name="timeReachWithTemporalUnit" classname="com.dotmarketing.util.DateUtilTest" time="0.0"/>
  <testcase name="testaddDate" classname="com.dotmarketing.util.DateUtilTest" time="0.001"/>
  <testcase name="testMillisToSeconds1" classname="com.dotmarketing.util.DateUtilTest" time="0.0"/>
  <testcase name="testMillisToSeconds2" classname="com.dotmarketing.util.DateUtilTest" time="0.0"/>
  <testcase name="testMillisToSeconds3" classname="com.dotmarketing.util.DateUtilTest" time="0.0"/>
  <testcase name="testReplaceTimeWithFormatSuccess[0: com.dotmarketing.util.DateUtilTest$TestCase@64a23bfe]" classname="com.dotmarketing.util.DateUtilTest" time="0.01"/>
  <testcase name="testReplaceTimeWithFormatSuccess[1: com.dotmarketing.util.DateUtilTest$TestCase@70c9ce79]" classname="com.dotmarketing.util.DateUtilTest" time="0.01"/>
  <testcase name="testReplaceTimeWithFormatSuccess[2: com.dotmarketing.util.DateUtilTest$TestCase@5ac02085]" classname="com.dotmarketing.util.DateUtilTest" time="0.001"/>
  <testcase name="testReplaceTimeWithFormatSuccess[3: com.dotmarketing.util.DateUtilTest$TestCase@3613f7a]" classname="com.dotmarketing.util.DateUtilTest" time="0.0"/>
  <testcase name="testReplaceTimeWithFormatSuccess[4: com.dotmarketing.util.DateUtilTest$TestCase@76698923]" classname="com.dotmarketing.util.DateUtilTest" time="0.001"/>
  <testcase name="testReplaceTimeWithFormatSuccess[5: com.dotmarketing.util.DateUtilTest$TestCase@48ed3b91]" classname="com.dotmarketing.util.DateUtilTest" time="0.0"/>
  <testcase name="timeReachWithTemporalUnitAndFuture" classname="com.dotmarketing.util.DateUtilTest" time="0.001"/>
  <testcase name="test_parseISO_short_date" classname="com.dotmarketing.util.DateUtilTest" time="0.0"/>
  <testcase name="testDiffDates" classname="com.dotmarketing.util.DateUtilTest" time="0.004"/>
  <system-out><![CDATA[Pretty Date: last-month, from 2/25/16, 12:00 AM to 4/1/16, 12:00 AM
Pretty Date: x-weeks-ago, from 3/4/16, 12:00 AM to 4/1/16, 12:00 AM
Pretty Date: x-months-ago, from 1/4/16, 12:00 AM to 4/1/16, 12:00 AM
Pretty Date: last-week, from 3/20/16, 12:00 AM to 4/1/16, 12:00 AM
Pretty Date: x-days-ago, from 3/27/16, 12:00 AM to 4/1/16, 12:00 AM
Pretty Date: yesterday, from 3/31/16, 12:00 AM to 4/1/16, 12:00 AM
{diffHours=9504, diffMinutes=0, diffMonths=12, diffDays=396, diffSeconds=0, diffYears=1}
]]></system-out>
  <system-err><![CDATA[]]></system-err>
</testsuite>
