<?xml version="1.0" encoding="UTF-8"?>
<testsuite name="com.dotcms.util.pagination.TemplatePaginatorTest" tests="1" skipped="0" failures="0" errors="0" timestamp="2023-07-18T20:43:00" hostname="fv-az442-494" time="0.117">
  <properties/>
  <testcase name="testGetEmptyTemplateList" classname="com.dotcms.util.pagination.TemplatePaginatorTest" time="0.117"/>
  <system-out><![CDATA[]]></system-out>
  <system-err><![CDATA[]]></system-err>
</testsuite>
