<?xml version="1.0" encoding="UTF-8"?>
<testsuite name="com.dotmarketing.business.cache.provider.h22.H22CacheTest" tests="10" skipped="7" failures="0" errors="0" timestamp="2023-07-06T22:26:57" hostname="fv-az567-299" time="35.837">
  <properties/>
  <testcase name="Test_Exhaust_Thread_Pool[0: com.dotmarketing.business.cache.provider.h22.H22CacheTest$ToleranceTestCase@1bbd1468]" classname="com.dotmarketing.business.cache.provider.h22.H22CacheTest" time="0.0">
    <skipped/>
  </testcase>
  <testcase name="Test_Exhaust_Thread_Pool[1: com.dotmarketing.business.cache.provider.h22.H22CacheTest$ToleranceTestCase@d877797]" classname="com.dotmarketing.business.cache.provider.h22.H22CacheTest" time="0.0">
    <skipped/>
  </testcase>
  <testcase name="Test_Exhaust_Thread_Pool[2: com.dotmarketing.business.cache.provider.h22.H22CacheTest$ToleranceTestCase@64b76dc4]" classname="com.dotmarketing.business.cache.provider.h22.H22CacheTest" time="0.001">
    <skipped/>
  </testcase>
  <testcase name="Test_Exhaust_Thread_Pool[3: com.dotmarketing.business.cache.provider.h22.H22CacheTest$ToleranceTestCase@4d633635]" classname="com.dotmarketing.business.cache.provider.h22.H22CacheTest" time="0.001">
    <skipped/>
  </testcase>
  <testcase name="Test_Exhaust_Thread_Pool[4: com.dotmarketing.business.cache.provider.h22.H22CacheTest$ToleranceTestCase@3e0e75a5]" classname="com.dotmarketing.business.cache.provider.h22.H22CacheTest" time="0.0">
    <skipped/>
  </testcase>
  <testcase name="Test_Exhaust_Thread_Pool[5: com.dotmarketing.business.cache.provider.h22.H22CacheTest$ToleranceTestCase@883863c]" classname="com.dotmarketing.business.cache.provider.h22.H22CacheTest" time="0.0">
    <skipped/>
  </testcase>
  <testcase name="Test_Exhaust_Thread_Pool[6: com.dotmarketing.business.cache.provider.h22.H22CacheTest$ToleranceTestCase@578503a5]" classname="com.dotmarketing.business.cache.provider.h22.H22CacheTest" time="0.0">
    <skipped/>
  </testcase>
  <testcase name="test_basic_cache_operations" classname="com.dotmarketing.business.cache.provider.h22.H22CacheTest" time="17.545"/>
  <testcase name="test_multi_threaded_h22_including_recovery" classname="com.dotmarketing.business.cache.provider.h22.H22CacheTest" time="13.056"/>
  <testcase name="test_special_cases_like_long_names" classname="com.dotmarketing.business.cache.provider.h22.H22CacheTest" time="5.232"/>
  <system-out><![CDATA[]]></system-out>
  <system-err><![CDATA[]]></system-err>
</testsuite>
