<?xml version="1.0" encoding="UTF-8"?>
<testsuite name="com.dotcms.mock.response.MockAsyncResponseTest" tests="1" skipped="1" failures="0" errors="0" timestamp="2023-06-26T15:11:38" hostname="fv-az620-565" time="0.001">
  <properties/>
  <testcase name="testDeleteScheme" classname="com.dotcms.mock.response.MockAsyncResponseTest" time="0.001">
    <skipped/>
  </testcase>
  <system-out><![CDATA[]]></system-out>
  <system-err><![CDATA[]]></system-err>
</testsuite>
