<?xml version="1.0" encoding="UTF-8"?>
<testsuite name="com.dotcms.util.pagination.SiteViewPaginatorUnitTest" tests="2" skipped="0" failures="0" errors="0" timestamp="2023-07-10T20:55:48" hostname="fv-az413-110" time="0.249">
  <properties/>
  <testcase name="Test_Get_Items_Sorted_Pages" classname="com.dotcms.util.pagination.SiteViewPaginatorUnitTest" time="0.205"/>
  <testcase name="Test_Get_Items_Page_Size" classname="com.dotcms.util.pagination.SiteViewPaginatorUnitTest" time="0.044"/>
  <system-out><![CDATA[SYSTEM_HOST
0
1
3
4
5
6
7
8
]]></system-out>
  <system-err><![CDATA[]]></system-err>
</testsuite>
