<?xml version="1.0" encoding="UTF-8"?>
<testsuite name="com.dotcms.util.pagination.SiteViewPaginatorUnitTest" tests="2" skipped="0" failures="0" errors="0" timestamp="2023-07-18T21:12:57" hostname="fv-az178-895" time="0.164">
  <properties/>
  <testcase name="Test_Get_Items_Sorted_Pages" classname="com.dotcms.util.pagination.SiteViewPaginatorUnitTest" time="0.124"/>
  <testcase name="Test_Get_Items_Page_Size" classname="com.dotcms.util.pagination.SiteViewPaginatorUnitTest" time="0.04"/>
  <system-out><![CDATA[SYSTEM_HOST
0
1
4
5
6
7
]]></system-out>
  <system-err><![CDATA[]]></system-err>
</testsuite>
