<?xml version="1.0" encoding="UTF-8"?>
<testsuite name="com.dotmarketing.portlets.osgi.AJAX.OSGIBaseAJAXTest" tests="3" skipped="0" failures="0" errors="0" timestamp="2023-06-23T23:40:47" hostname="fv-az309-60" time="0.11">
  <properties/>
  <testcase name="TestOnNullCallTheDefaultCommand" classname="com.dotmarketing.portlets.osgi.AJAX.OSGIBaseAJAXTest" time="0.065"/>
  <testcase name="TestNotAllowedCommands" classname="com.dotmarketing.portlets.osgi.AJAX.OSGIBaseAJAXTest" time="0.003"/>
  <testcase name="TestAllowedCommands" classname="com.dotmarketing.portlets.osgi.AJAX.OSGIBaseAJAXTest" time="0.042"/>
  <system-out><![CDATA[ Command ::  forbiddenMethod  on  class Mock for OSGIAJAX, hashCode: 1184203528
 Command ::  getExtraPackages  on  class Mock for OSGIAJAX, hashCode: 1498757904
 Command ::  remove  on  class Mock for OSGIAJAX, hashCode: 1498757904
 Command ::  deploy  on  class Mock for OSGIAJAX, hashCode: 1498757904
 Command ::  modifyExtraPackages  on  class Mock for OSGIAJAX, hashCode: 1498757904
 Command ::  undeploy  on  class Mock for OSGIAJAX, hashCode: 1498757904
 Command ::  stop  on  class Mock for OSGIAJAX, hashCode: 1498757904
 Command ::  add  on  class Mock for OSGIAJAX, hashCode: 1498757904
 Command ::  start  on  class Mock for OSGIAJAX, hashCode: 1498757904
 Command ::  restart  on  class Mock for OSGIAJAX, hashCode: 1498757904
 Command ::  action  on  class Mock for OSGIAJAX, hashCode: 1498757904
]]></system-out>
  <system-err><![CDATA[]]></system-err>
</testsuite>
