<?xml version="1.0" encoding="UTF-8"?>
<testsuite name="com.dotmarketing.portlets.workflows.ajax.WfBaseActionTest" tests="3" skipped="0" failures="0" errors="0" timestamp="2023-07-11T05:47:38" hostname="fv-az612-31" time="0.235">
  <properties/>
  <testcase name="TestOnNullCallTheDefaultCommand" classname="com.dotmarketing.portlets.workflows.ajax.WfBaseActionTest" time="0.178"/>
  <testcase name="TestNotAllowedCommands" classname="com.dotmarketing.portlets.workflows.ajax.WfBaseActionTest" time="0.02"/>
  <testcase name="TestAllowedCommands" classname="com.dotmarketing.portlets.workflows.ajax.WfBaseActionTest" time="0.036"/>
  <system-out><![CDATA[ Command ::  forbiddenMethod  on  class Mock for WfSchemeAjax, hashCode: 602587868
 Command ::  forbiddenMethod  on  class Mock for WfTaskAjax, hashCode: 710774234
 Command ::  forbiddenMethod  on  class Mock for WfActionAjax, hashCode: 1135967597
 Command ::  forbiddenMethod  on  class Mock for WfActionClassAjax, hashCode: 1772092496
 Command ::  forbiddenMethod  on  class Mock for WfRoleStoreAjax, hashCode: 1382825617
 Command ::  save  on  class Mock for WfSchemeAjax, hashCode: 1060054181
 Command ::  action  on  class Mock for WfSchemeAjax, hashCode: 1060054181
 Command ::  executeAction  on  class Mock for WfTaskAjax, hashCode: 1705163494
 Command ::  executeActions  on  class Mock for WfTaskAjax, hashCode: 1705163494
 Command ::  action  on  class Mock for WfTaskAjax, hashCode: 1705163494
 Command ::  deleteActionForStep  on  class Mock for WfActionAjax, hashCode: 834975285
 Command ::  save  on  class Mock for WfActionAjax, hashCode: 834975285
 Command ::  delete  on  class Mock for WfActionAjax, hashCode: 834975285
 Command ::  reorder  on  class Mock for WfActionAjax, hashCode: 834975285
 Command ::  action  on  class Mock for WfActionAjax, hashCode: 834975285
 Command ::  add  on  class Mock for WfActionAjax, hashCode: 834975285
 Command ::  add  on  class Mock for WfActionClassAjax, hashCode: 946037419
 Command ::  action  on  class Mock for WfActionClassAjax, hashCode: 946037419
 Command ::  reorder  on  class Mock for WfActionClassAjax, hashCode: 946037419
 Command ::  delete  on  class Mock for WfActionClassAjax, hashCode: 946037419
 Command ::  save  on  class Mock for WfActionClassAjax, hashCode: 946037419
 Command ::  rolesToJson  on  class Mock for WfRoleStoreAjax, hashCode: 1062794589
 Command ::  action  on  class Mock for WfRoleStoreAjax, hashCode: 1062794589
 Command ::  assignable  on  class Mock for WfRoleStoreAjax, hashCode: 1062794589
]]></system-out>
  <system-err><![CDATA[]]></system-err>
</testsuite>
