<?xml version="1.0" encoding="UTF-8"?>
<testsuite name="com.dotcms.auth.providers.jwt.factories.SecretKeySpecFactoryTest" tests="1" skipped="0" failures="0" errors="0" timestamp="2023-06-29T20:31:37" hostname="fv-az402-966" time="1.473">
  <properties/>
  <testcase name="readAndPrepareSecret" classname="com.dotcms.auth.providers.jwt.factories.SecretKeySpecFactoryTest" time="1.473"/>
  <system-out><![CDATA[50cb541b437dd64ecfab2790720013382a1861161ec8d0a9c8a4480cf2f7b6f3f89ce8fd9ce2a74f4fa84142df50a74360a7699999de8348f15489b5b4125fc6
MySecretKey2
MySecretKey3
MySecretKey3
41ca3af95cc18900bcc7c5c78e00bbbe4591012c27f1026b03053afe41e0a5c2770a49484e4f66c73a83f53b6c80f3958da164a2f5a7b794061e301d84b8248b
dca596d2ab9a19ba19492dd75931300bb1271f53d8441a7d8a3d5c4cad8e42a7013887af52258a52d4ab14969a33ea7a9342a24dd41a0f7603d5b446cfd64a3a
8f620e7ff17df04bff9563c9ff01454bb724871cd2037106c47799de0dfbdcfe1eab32b9595bfd7d06c0d0996718bb63790bb082795ebb68ee1b76b6e43e5aae
]]></system-out>
  <system-err><![CDATA[]]></system-err>
</testsuite>
