<?xml version="1.0" encoding="UTF-8"?>
<testsuite name="com.dotcms.auth.providers.jwt.factories.SecretKeySpecFactoryTest" tests="1" skipped="0" failures="0" errors="0" timestamp="2023-07-10T15:00:40" hostname="fv-az341-658" time="1.302">
  <properties/>
  <testcase name="readAndPrepareSecret" classname="com.dotcms.auth.providers.jwt.factories.SecretKeySpecFactoryTest" time="1.302"/>
  <system-out><![CDATA[c97559b3fe2e2614643f87de894fd9500a028dbb5494a516fab48a3c399b0c562aa2cbbc1a0fd68fe41d483f11366f50cc81613659b70ab6d56f3749dc668244
MySecretKey2
MySecretKey3
MySecretKey3
12bbfe279b6a288a9ad890edbdcc9322bd7726fd033da34271964b46601a7f782ea6373b2c7ca54b4c52b908a6a7cd117d9b12d4c776cf46d5873c85e3dea05b
67489b7b81646c1b481ab73c556fdfcbe84f6fe856e763c9376c90078c1c2093a0b1c82831f8cfc546f37ce87b97348ea72a8c66abfccf390a7951332adb037d
46d599ef769ef10c643317df66c4dd5242ab3fcf51b9a1699ded238dea9389cdee393d75ba9aa89244b524219d740ead48d4c99023405c65249e333ba095ce8d
]]></system-out>
  <system-err><![CDATA[]]></system-err>
</testsuite>
