<?xml version="1.0" encoding="UTF-8"?>
<testsuite name="com.dotcms.auth.providers.jwt.factories.SecretKeySpecFactoryTest" tests="1" skipped="0" failures="0" errors="0" timestamp="2023-06-23T19:46:05" hostname="fv-az812-266" time="1.422">
  <properties/>
  <testcase name="readAndPrepareSecret" classname="com.dotcms.auth.providers.jwt.factories.SecretKeySpecFactoryTest" time="1.422"/>
  <system-out><![CDATA[b7e8e6afa874ea710991b634debe0293e45201fe295c2b7279b99e1eb1045146b7c0a577c97da65f64eab5412cd1d3488bc67990ac96c89505fd06c166cc1a07
MySecretKey2
MySecretKey3
MySecretKey3
e8ed35675778ff24ead8b3f344e8e835d490c900273978254c63c87e8c90b2b367b9de531553f302d8fe66387358f9a6bfb1e2d7ebcb5d6ca82d139d0268f75d
e0f8cd3f2a31255474d219eb8b1f8b3ab0777a850147d56d4bf1031226984b37c43bf7140d1f548acf0bb6e99257b68a728a7ff82b3c76921e24d6a3bdd93026
a66c2a81919d6039590d5fd3723abccc10266d959e954d6fecf34b6f5ce0377dd533cde1c47aa6a3d2e9ca8988ddc8dac957b4808176039cac448cad73ee5d63
]]></system-out>
  <system-err><![CDATA[]]></system-err>
</testsuite>
