<?xml version="1.0" encoding="UTF-8"?>
<testsuite name="com.dotcms.util.CollectionsUtilsTest" tests="14" skipped="0" failures="0" errors="0" timestamp="2023-07-13T17:13:38" hostname="fv-az1233-242" time="0.014">
  <properties/>
  <testcase name="join_one_element" classname="com.dotcms.util.CollectionsUtilsTest" time="0.001"/>
  <testcase name="merge_last" classname="com.dotcms.util.CollectionsUtilsTest" time="0.002"/>
  <testcase name="partitionsTest" classname="com.dotcms.util.CollectionsUtilsTest" time="0.001"/>
  <testcase name="groupByKeyTest" classname="com.dotcms.util.CollectionsUtilsTest" time="0.001"/>
  <testcase name="join_null" classname="com.dotcms.util.CollectionsUtilsTest" time="0.001"/>
  <testcase name="partitions_not_matchTest" classname="com.dotcms.util.CollectionsUtilsTest" time="0.001"/>
  <testcase name="collectionTest" classname="com.dotcms.util.CollectionsUtilsTest" time="0.001"/>
  <testcase name="join_elements" classname="com.dotcms.util.CollectionsUtilsTest" time="0.001"/>
  <testcase name="classified_by_id_computeSubValueIfAbsentTest" classname="com.dotcms.util.CollectionsUtilsTest" time="0.001"/>
  <testcase name="join_empty" classname="com.dotcms.util.CollectionsUtilsTest" time="0.0"/>
  <testcase name="merge_compare" classname="com.dotcms.util.CollectionsUtilsTest" time="0.001"/>
  <testcase name="testRemoveDontExistKey" classname="com.dotcms.util.CollectionsUtilsTest" time="0.0"/>
  <testcase name="testRemoveKey" classname="com.dotcms.util.CollectionsUtilsTest" time="0.0"/>
  <testcase name="merge_current" classname="com.dotcms.util.CollectionsUtilsTest" time="0.001"/>
  <system-out><![CDATA[]]></system-out>
  <system-err><![CDATA[]]></system-err>
</testsuite>
