<?xml version="1.0" encoding="UTF-8"?>
<testsuite name="com.dotcms.util.diff.DiffCommandTest" tests="2" skipped="0" failures="0" errors="0" timestamp="2023-06-24T01:58:21" hostname="fv-az562-927" time="0.006">
  <properties/>
  <testcase name="applyDiff_Comparable" classname="com.dotcms.util.diff.DiffCommandTest" time="0.004"/>
  <testcase name="applyDiff_Differentiable" classname="com.dotcms.util.diff.DiffCommandTest" time="0.002"/>
  <system-out><![CDATA[{six=six, five=five}
{two=two}
{four=fourxxx, one=onexxx}
{six=com.dotcms.util.diff.DiffCommandTest$StringDifferentiable@5a913365, five=com.dotcms.util.diff.DiffCommandTest$StringDifferentiable@4ca26f7e}
{two=com.dotcms.util.diff.DiffCommandTest$StringDifferentiable@6d189d8}
{four=com.dotcms.util.diff.DiffCommandTest$StringDifferentiable@444bc1ab, one=com.dotcms.util.diff.DiffCommandTest$StringDifferentiable@1792c85c}
]]></system-out>
  <system-err><![CDATA[]]></system-err>
</testsuite>
