<?xml version="1.0" encoding="UTF-8"?>
<testsuite name="com.dotmarketing.db.DataSourceStrategyProviderTest" tests="10" skipped="0" failures="0" errors="0" timestamp="2023-07-14T23:14:42" hostname="fv-az551-988" time="0.219">
  <properties/>
  <testcase name="testGetFallback[0: DBProperties]" classname="com.dotmarketing.db.DataSourceStrategyProviderTest" time="0.124"/>
  <testcase name="testGetFallback[1: SystemEnv]" classname="com.dotmarketing.db.DataSourceStrategyProviderTest" time="0.006"/>
  <testcase name="testGetFallback[2: DockerSecret]" classname="com.dotmarketing.db.DataSourceStrategyProviderTest" time="0.03"/>
  <testcase name="testGetFallback[3: Tomcat]" classname="com.dotmarketing.db.DataSourceStrategyProviderTest" time="0.008"/>
  <testcase name="testGetFallback[4: CustomProvider]" classname="com.dotmarketing.db.DataSourceStrategyProviderTest" time="0.005"/>
  <testcase name="testGet[0: DBProperties]" classname="com.dotmarketing.db.DataSourceStrategyProviderTest" time="0.007"/>
  <testcase name="testGet[1: SystemEnv]" classname="com.dotmarketing.db.DataSourceStrategyProviderTest" time="0.003"/>
  <testcase name="testGet[2: DockerSecret]" classname="com.dotmarketing.db.DataSourceStrategyProviderTest" time="0.011"/>
  <testcase name="testGet[3: Tomcat]" classname="com.dotmarketing.db.DataSourceStrategyProviderTest" time="0.006"/>
  <testcase name="testGet[4: CustomProvider]" classname="com.dotmarketing.db.DataSourceStrategyProviderTest" time="0.006"/>
  <system-out><![CDATA[]]></system-out>
  <system-err><![CDATA[]]></system-err>
</testsuite>
