<?xml version="1.0" encoding="UTF-8"?>
<testsuite name="com.dotcms.concurrent.DotConcurrentFactoryTest" tests="8" skipped="0" failures="0" errors="0" timestamp="2023-06-26T18:24:16" hostname="fv-az398-726" time="56.738">
  <properties/>
  <testcase name="testDefaultOne_Submitter_Config_shutdown_keep_config" classname="com.dotcms.concurrent.DotConcurrentFactoryTest" time="15.25"/>
  <testcase name="testDefaultOne_Submitter_Config" classname="com.dotcms.concurrent.DotConcurrentFactoryTest" time="10.223"/>
  <testcase name="test_delayed_queue" classname="com.dotcms.concurrent.DotConcurrentFactoryTest" time="2.0"/>
  <testcase name="testDefaultOne" classname="com.dotcms.concurrent.DotConcurrentFactoryTest" time="2.214"/>
  <testcase name="test_Conditional_Submitter" classname="com.dotcms.concurrent.DotConcurrentFactoryTest" time="16.012"/>
  <testcase name="testDefaultOne_Single_Submitter_Config" classname="com.dotcms.concurrent.DotConcurrentFactoryTest" time="10.009"/>
  <testcase name="test_toCompletableAnyFuture_success" classname="com.dotcms.concurrent.DotConcurrentFactoryTest" time="0.007"/>
  <testcase name="testSubmit_Single_Submitter_Config" classname="com.dotcms.concurrent.DotConcurrentFactoryTest" time="1.023"/>
  <system-out><![CDATA[DotConcurrentImpl{threadPoolExecutor=name = testsubmitter {com.dotcms.concurrent.DotConcurrentFactory$DotThreadPoolExecutor@d632d15[Running, pool size = 0, active threads = 0, queued tasks = 0, completed tasks = 0]}
MaximumPoolSize=4
keepAliveMillis=60000
queue=[]
shutdown=false}
DotConcurrentImpl{threadPoolExecutor=name = testsubmitter {com.dotcms.concurrent.DotConcurrentFactory$DotThreadPoolExecutor@d632d15[Running, pool size = 0, active threads = 0, queued tasks = 0, completed tasks = 0]}
MaximumPoolSize=4
keepAliveMillis=60000
queue=[]
shutdown=false}
Thread0 is running
DotConcurrentImpl{threadPoolExecutor=name = testsubmitter {com.dotcms.concurrent.DotConcurrentFactory$DotThreadPoolExecutor@d632d15[Running, pool size = 2, active threads = 2, queued tasks = 8, completed tasks = 0]}
MaximumPoolSize=4
keepAliveMillis=60000
queue=[com.dotcms.concurrent.DotConcurrentFactoryTest$PrintTask@e0e562f, com.dotcms.concurrent.DotConcurrentFactoryTest$PrintTask@403519e1, com.dotcms.concurrent.DotConcurrentFactoryTest$PrintTask@5e845605, com.dotcms.concurrent.DotConcurrentFactoryTest$PrintTask@2b4c8647, com.dotcms.concurrent.DotConcurrentFactoryTest$PrintTask@570f022f, com.dotcms.concurrent.DotConcurrentFactoryTest$PrintTask@3f1de33e, com.dotcms.concurrent.DotConcurrentFactoryTest$PrintTask@4355bea6, com.dotcms.concurrent.DotConcurrentFactoryTest$PrintTask@ce46635]
shutdown=false}
DotConcurrentImpl{threadPoolExecutor=name = testsubmitter {com.dotcms.concurrent.DotConcurrentFactory$DotThreadPoolExecutor@d632d15[Running, pool size = 2, active threads = 2, queued tasks = 18, completed tasks = 0]}
MaximumPoolSize=4
keepAliveMillis=60000
queue=[com.dotcms.concurrent.DotConcurrentFactoryTest$PrintTask@e0e562f, com.dotcms.concurrent.DotConcurrentFactoryTest$PrintTask@403519e1, com.dotcms.concurrent.DotConcurrentFactoryTest$PrintTask@5e845605, com.dotcms.concurrent.DotConcurrentFactoryTest$PrintTask@2b4c8647, com.dotcms.concurrent.DotConcurrentFactoryTest$PrintTask@570f022f, com.dotcms.concurrent.DotConcurrentFactoryTest$PrintTask@3f1de33e, com.dotcms.concurrent.DotConcurrentFactoryTest$PrintTask@4355bea6, com.dotcms.concurrent.DotConcurrentFactoryTest$PrintTask@ce46635, com.dotcms.concurrent.DotConcurrentFactoryTest$PrintTask@23d503fc, com.dotcms.concurrent.DotConcurrentFactoryTest$PrintTask@738110ab, com.dotcms.concurrent.DotConcurrentFactoryTest$PrintTask@1d4f30f3, com.dotcms.concurrent.DotConcurrentFactoryTest$PrintTask@32b528a1, com.dotcms.concurrent.DotConcurrentFactoryTest$PrintTask@39f407e8, com.dotcms.concurrent.DotConcurrentFactoryTest$PrintTask@428b5c35, com.dotcms.concurrent.DotConcurrentFactoryTest$PrintTask@2627243f, com.dotcms.concurrent.DotConcurrentFactoryTest$PrintTask@3d4ce07a, com.dotcms.concurrent.DotConcurrentFactoryTest$PrintTask@249e6b7c, com.dotcms.concurrent.DotConcurrentFactoryTest$PrintTask@3c6cf12e]
shutdown=false}
DotConcurrentImpl{threadPoolExecutor=name = testsubmitter {com.dotcms.concurrent.DotConcurrentFactory$DotThreadPoolExecutor@d632d15[Running, pool size = 2, active threads = 2, queued tasks = 28, completed tasks = 0]}
MaximumPoolSize=4
keepAliveMillis=60000
queue=[com.dotcms.concurrent.DotConcurrentFactoryTest$PrintTask@e0e562f, com.dotcms.concurrent.DotConcurrentFactoryTest$PrintTask@403519e1, com.dotcms.concurrent.DotConcurrentFactoryTest$PrintTask@5e845605, com.dotcms.concurrent.DotConcurrentFactoryTest$PrintTask@2b4c8647, com.dotcms.concurrent.DotConcurrentFactoryTest$PrintTask@570f022f, com.dotcms.concurrent.DotConcurrentFactoryTest$PrintTask@3f1de33e, com.dotcms.concurrent.DotConcurrentFactoryTest$PrintTask@4355bea6, com.dotcms.concurrent.DotConcurrentFactoryTest$PrintTask@ce46635, com.dotcms.concurrent.DotConcurrentFactoryTest$PrintTask@23d503fc, com.dotcms.concurrent.DotConcurrentFactoryTest$PrintTask@738110ab, com.dotcms.concurrent.DotConcurrentFactoryTest$PrintTask@1d4f30f3, com.dotcms.concurrent.DotConcurrentFactoryTest$PrintTask@32b528a1, com.dotcms.concurrent.DotConcurrentFactoryTest$PrintTask@39f407e8, com.dotcms.concurrent.DotConcurrentFactoryTest$PrintTask@428b5c35, com.dotcms.concurrent.DotConcurrentFactoryTest$PrintTask@2627243f, com.dotcms.concurrent.DotConcurrentFactoryTest$PrintTask@3d4ce07a, com.dotcms.concurrent.DotConcurrentFactoryTest$PrintTask@249e6b7c, com.dotcms.concurrent.DotConcurrentFactoryTest$PrintTask@3c6cf12e, com.dotcms.concurrent.DotConcurrentFactoryTest$PrintTask@23f53c40, com.dotcms.concurrent.DotConcurrentFactoryTest$PrintTask@79e04774, com.dotcms.concurrent.DotConcurrentFactoryTest$PrintTask@2ef206bf, com.dotcms.concurrent.DotConcurrentFactoryTest$PrintTask@75cc77ce, com.dotcms.concurrent.DotConcurrentFactoryTest$PrintTask@7f51520b, com.dotcms.concurrent.DotConcurrentFactoryTest$PrintTask@4f17172, com.dotcms.concurrent.DotConcurrentFactoryTest$PrintTask@3a0858ad, com.dotcms.concurrent.DotConcurrentFactoryTest$PrintTask@2c6c3a25, com.dotcms.concurrent.DotConcurrentFactoryTest$PrintTask@59d8e4a9, com.dotcms.concurrent.DotConcurrentFactoryTest$PrintTask@56ad6401]
shutdown=false}
Active Threads : 2
Thread1 is running
Active Threads : 2
Active Threads : 2
Active Threads : 2
Active Threads : 2
Active Threads : 2
Thread0 is running
Thread2 is running
Thread1 is running
Thread3 is running
Active Threads : 2
Active Threads : 2
Active Threads : 2
Active Threads : 2
Thread2 is running
Thread3 is running
Thread4 is running
Thread5 is running
Active Threads : 2
Active Threads : 2
Active Threads : 2
Active Threads : 2
Active Threads : 2
Thread4 is running
Thread5 is running
Thread7 is running
Thread6 is running
Active Threads : 2
Active Threads : 2
Active Threads : 2
Active Threads : 2
Active Threads : 2
Thread6 is running
Thread7 is running
Thread9 is running
Thread8 is running
Active Threads : 2
Active Threads : 2
Active Threads : 2
Active Threads : 2
Active Threads : 2
Thread9 is running
Thread8 is running
Thread11 is running
Thread10 is running
Active Threads : 2
Active Threads : 2
Active Threads : 2
Active Threads : 2
Active Threads : 2
Thread11 is running
Thread12 is running
Thread10 is running
Thread13 is running
Active Threads : 2
Active Threads : 2
Active Threads : 2
Active Threads : 2
Active Threads : 2
Thread12 is running
Thread14 is running
Thread13 is running
Thread15 is running
Active Threads : 2
Active Threads : 2
Active Threads : 2
Active Threads : 2
Active Threads : 2
Thread14 is running
Thread16 is running
Thread15 is running
Thread17 is running
Active Threads : 2
Active Threads : 2
Active Threads : 2
Active Threads : 2
Active Threads : 2
Thread16 is running
Thread18 is running
Thread17 is running
Thread19 is running
Active Threads : 2
Active Threads : 2
Active Threads : 2
Active Threads : 2
Active Threads : 2
Thread18 is running
Thread19 is running
Thread20 is running
Thread21 is running
Active Threads : 2
Active Threads : 2
Active Threads : 2
Active Threads : 2
Active Threads : 2
Thread20 is running
Thread21 is running
Thread22 is running
Thread23 is running
Active Threads : 2
Active Threads : 2
Active Threads : 2
Active Threads : 2
Active Threads : 2
Thread22 is running
Thread23 is running
Thread24 is running
Thread25 is running
Active Threads : 2
Active Threads : 2
Active Threads : 2
Active Threads : 2
Active Threads : 2
Thread24 is running
Thread25 is running
Thread26 is running
Thread27 is running
Active Threads : 2
Active Threads : 2
Active Threads : 2
Active Threads : 2
Active Threads : 2
Thread26 is running
Thread27 is running
Thread28 is running
Thread29 is running
Active Threads : 2
Active Threads : 2
Active Threads : 2
Active Threads : 2
Active Threads : 2
Thread28 is running
Thread30 is running
Thread29 is running
Thread31 is running
Active Threads : 2
Active Threads : 2
Active Threads : 2
Active Threads : 2
Active Threads : 2
Thread30 is running
Thread32 is running
Thread31 is running
Thread33 is running
Active Threads : 2
Active Threads : 2
Active Threads : 2
Active Threads : 2
Active Threads : 2
Thread32 is running
Thread33 is running
Thread35 is running
Thread34 is running
Active Threads : 2
Active Threads : 2
Active Threads : 2
Active Threads : 2
Active Threads : 2
Thread35 is running
Thread34 is running
Thread36 is running
Thread37 is running
Active Threads : 2
Active Threads : 2
Active Threads : 2
Active Threads : 2
Active Threads : 2
Thread36 is running
Thread38 is running
Thread37 is running
Thread39 is running
Active Threads : 2
Active Threads : 2
Active Threads : 2
Active Threads : 2
Active Threads : 2
Thread38 is running
Thread39 is running
Active Threads : 0
Staring a new one submitterDotConcurrentImpl{threadPoolExecutor=name = testsubmitter {com.dotcms.concurrent.DotConcurrentFactory$DotThreadPoolExecutor@63e829ad[Running, pool size = 0, active threads = 0, queued tasks = 0, completed tasks = 0]}
MaximumPoolSize=4
keepAliveMillis=60000
queue=[]
shutdown=false}
Thread0 is running
Active Threads : 2
Thread1 is running
Active Threads : 2
Active Threads : 2
Active Threads : 2
Active Threads : 2
Thread0 is running
Thread2 is running
Thread1 is running
Thread3 is running
Active Threads : 2
Active Threads : 2
Active Threads : 2
Active Threads : 2
Active Threads : 2
Thread2 is running
Thread4 is running
Thread3 is running
Thread5 is running
Active Threads : 2
Active Threads : 2
Active Threads : 2
Active Threads : 2
Active Threads : 2
Thread4 is running
Thread6 is running
Thread5 is running
Thread7 is running
Active Threads : 2
Active Threads : 2
Active Threads : 2
Active Threads : 2
Active Threads : 2
Thread6 is running
Thread8 is running
Thread7 is running
Thread9 is running
Active Threads : 2
Active Threads : 2
Active Threads : 2
Active Threads : 2
Active Threads : 2
Thread8 is running
Thread10 is running
Thread9 is running
Thread11 is running
Active Threads : 2
Active Threads : 2
Active Threads : 2
Active Threads : 2
Active Threads : 2
Thread10 is running
Thread12 is running
Thread11 is running
Thread13 is running
Active Threads : 2
Active Threads : 2
Active Threads : 2
Active Threads : 2
Active Threads : 2
Thread12 is running
Thread14 is running
Thread13 is running
Thread15 is running
Active Threads : 2
Active Threads : 2
Active Threads : 2
Active Threads : 2
Active Threads : 2
Thread14 is running
Thread16 is running
Thread15 is running
Thread17 is running
Active Threads : 2
Active Threads : 2
Active Threads : 2
Active Threads : 2
Active Threads : 2
Thread16 is running
Thread18 is running
Thread17 is running
Thread19 is running
Active Threads : 2
Active Threads : 2
Active Threads : 2
Active Threads : 2
Active Threads : 2
Thread18 is running
Thread19 is running
Active Threads : 0
DotConcurrentImpl{threadPoolExecutor=name = testsubmitter {com.dotcms.concurrent.DotConcurrentFactory$DotThreadPoolExecutor@2edfca29[Running, pool size = 0, active threads = 0, queued tasks = 0, completed tasks = 0]}
MaximumPoolSize=4
keepAliveMillis=60000
queue=[]
shutdown=false}
DotConcurrentImpl{threadPoolExecutor=name = testsubmitter {com.dotcms.concurrent.DotConcurrentFactory$DotThreadPoolExecutor@2edfca29[Running, pool size = 0, active threads = 0, queued tasks = 0, completed tasks = 0]}
MaximumPoolSize=4
keepAliveMillis=60000
queue=[]
shutdown=false}
Thread0 is running
DotConcurrentImpl{threadPoolExecutor=name = testsubmitter {com.dotcms.concurrent.DotConcurrentFactory$DotThreadPoolExecutor@2edfca29[Running, pool size = 2, active threads = 2, queued tasks = 8, completed tasks = 0]}
MaximumPoolSize=4
keepAliveMillis=60000
queue=[com.dotcms.concurrent.DotConcurrentFactoryTest$PrintTask@7f613215, com.dotcms.concurrent.DotConcurrentFactoryTest$PrintTask@e8d1eee, com.dotcms.concurrent.DotConcurrentFactoryTest$PrintTask@16a432f8, com.dotcms.concurrent.DotConcurrentFactoryTest$PrintTask@4017b606, com.dotcms.concurrent.DotConcurrentFactoryTest$PrintTask@3610d58b, com.dotcms.concurrent.DotConcurrentFactoryTest$PrintTask@508cd7c9, com.dotcms.concurrent.DotConcurrentFactoryTest$PrintTask@67881cd2, com.dotcms.concurrent.DotConcurrentFactoryTest$PrintTask@1ad231a3]
shutdown=false}
DotConcurrentImpl{threadPoolExecutor=name = testsubmitter {com.dotcms.concurrent.DotConcurrentFactory$DotThreadPoolExecutor@2edfca29[Running, pool size = 2, active threads = 2, queued tasks = 18, completed tasks = 0]}
MaximumPoolSize=4
keepAliveMillis=60000
queue=[com.dotcms.concurrent.DotConcurrentFactoryTest$PrintTask@7f613215, com.dotcms.concurrent.DotConcurrentFactoryTest$PrintTask@e8d1eee, com.dotcms.concurrent.DotConcurrentFactoryTest$PrintTask@16a432f8, com.dotcms.concurrent.DotConcurrentFactoryTest$PrintTask@4017b606, com.dotcms.concurrent.DotConcurrentFactoryTest$PrintTask@3610d58b, com.dotcms.concurrent.DotConcurrentFactoryTest$PrintTask@508cd7c9, com.dotcms.concurrent.DotConcurrentFactoryTest$PrintTask@67881cd2, com.dotcms.concurrent.DotConcurrentFactoryTest$PrintTask@1ad231a3, com.dotcms.concurrent.DotConcurrentFactoryTest$PrintTask@2a5e13ff, com.dotcms.concurrent.DotConcurrentFactoryTest$PrintTask@1c5aabe2, com.dotcms.concurrent.DotConcurrentFactoryTest$PrintTask@3b135a37, com.dotcms.concurrent.DotConcurrentFactoryTest$PrintTask@30473bdf, com.dotcms.concurrent.DotConcurrentFactoryTest$PrintTask@6adc07c3, com.dotcms.concurrent.DotConcurrentFactoryTest$PrintTask@2390a4c1, com.dotcms.concurrent.DotConcurrentFactoryTest$PrintTask@2739066, com.dotcms.concurrent.DotConcurrentFactoryTest$PrintTask@b63da34, com.dotcms.concurrent.DotConcurrentFactoryTest$PrintTask@18b2684, com.dotcms.concurrent.DotConcurrentFactoryTest$PrintTask@271b3cd8]
shutdown=false}
DotConcurrentImpl{threadPoolExecutor=name = testsubmitter {com.dotcms.concurrent.DotConcurrentFactory$DotThreadPoolExecutor@2edfca29[Running, pool size = 2, active threads = 2, queued tasks = 28, completed tasks = 0]}
MaximumPoolSize=4
keepAliveMillis=60000
queue=[com.dotcms.concurrent.DotConcurrentFactoryTest$PrintTask@7f613215, com.dotcms.concurrent.DotConcurrentFactoryTest$PrintTask@e8d1eee, com.dotcms.concurrent.DotConcurrentFactoryTest$PrintTask@16a432f8, com.dotcms.concurrent.DotConcurrentFactoryTest$PrintTask@4017b606, com.dotcms.concurrent.DotConcurrentFactoryTest$PrintTask@3610d58b, com.dotcms.concurrent.DotConcurrentFactoryTest$PrintTask@508cd7c9, com.dotcms.concurrent.DotConcurrentFactoryTest$PrintTask@67881cd2, com.dotcms.concurrent.DotConcurrentFactoryTest$PrintTask@1ad231a3, com.dotcms.concurrent.DotConcurrentFactoryTest$PrintTask@2a5e13ff, com.dotcms.concurrent.DotConcurrentFactoryTest$PrintTask@1c5aabe2, com.dotcms.concurrent.DotConcurrentFactoryTest$PrintTask@3b135a37, com.dotcms.concurrent.DotConcurrentFactoryTest$PrintTask@30473bdf, com.dotcms.concurrent.DotConcurrentFactoryTest$PrintTask@6adc07c3, com.dotcms.concurrent.DotConcurrentFactoryTest$PrintTask@2390a4c1, com.dotcms.concurrent.DotConcurrentFactoryTest$PrintTask@2739066, com.dotcms.concurrent.DotConcurrentFactoryTest$PrintTask@b63da34, com.dotcms.concurrent.DotConcurrentFactoryTest$PrintTask@18b2684, com.dotcms.concurrent.DotConcurrentFactoryTest$PrintTask@271b3cd8, com.dotcms.concurrent.DotConcurrentFactoryTest$PrintTask@39f568fd, com.dotcms.concurrent.DotConcurrentFactoryTest$PrintTask@2c52a78d, com.dotcms.concurrent.DotConcurrentFactoryTest$PrintTask@74b51b85, com.dotcms.concurrent.DotConcurrentFactoryTest$PrintTask@ab61437, com.dotcms.concurrent.DotConcurrentFactoryTest$PrintTask@1896371c, com.dotcms.concurrent.DotConcurrentFactoryTest$PrintTask@2141954c, com.dotcms.concurrent.DotConcurrentFactoryTest$PrintTask@7df4dbd2, com.dotcms.concurrent.DotConcurrentFactoryTest$PrintTask@47d96ff7, com.dotcms.concurrent.DotConcurrentFactoryTest$PrintTask@6e5e9ec7, com.dotcms.concurrent.DotConcurrentFactoryTest$PrintTask@43189db5]
shutdown=false}
Active Threads : 2
Thread1 is running
Active Threads : 2
Active Threads : 2
Active Threads : 2
Active Threads : 2
Thread0 is running
Thread2 is running
Thread1 is running
Thread3 is running
Active Threads : 2
Active Threads : 2
Active Threads : 2
Active Threads : 2
Active Threads : 2
Thread2 is running
Thread4 is running
Thread3 is running
Thread5 is running
Active Threads : 2
Active Threads : 2
Active Threads : 2
Active Threads : 2
Active Threads : 2
Thread4 is running
Thread6 is running
Thread5 is running
Thread7 is running
Active Threads : 2
Active Threads : 2
Active Threads : 2
Active Threads : 2
Active Threads : 2
Thread6 is running
Thread8 is running
Thread7 is running
Thread9 is running
Active Threads : 2
Active Threads : 2
Active Threads : 2
Active Threads : 2
Active Threads : 2
Thread8 is running
Thread10 is running
Thread9 is running
Thread11 is running
Active Threads : 2
Active Threads : 2
Active Threads : 2
Active Threads : 2
Active Threads : 2
Thread10 is running
Thread12 is running
Thread11 is running
Thread13 is running
Active Threads : 2
Active Threads : 2
Active Threads : 2
Active Threads : 2
Active Threads : 2
Thread12 is running
Thread14 is running
Thread13 is running
Thread15 is running
Active Threads : 2
Active Threads : 2
Active Threads : 2
Active Threads : 2
Active Threads : 2
Thread14 is running
Thread16 is running
Thread15 is running
Thread17 is running
Active Threads : 2
Active Threads : 2
Active Threads : 2
Active Threads : 2
Active Threads : 2
Thread16 is running
Thread18 is running
Thread17 is running
Thread19 is running
Active Threads : 2
Active Threads : 2
Active Threads : 2
Active Threads : 2
Active Threads : 2
Thread18 is running
Thread20 is running
Thread19 is running
Thread21 is running
Active Threads : 2
Active Threads : 2
Active Threads : 2
Active Threads : 2
Active Threads : 2
Thread20 is running
Thread22 is running
Thread21 is running
Thread23 is running
Active Threads : 2
Active Threads : 2
Active Threads : 2
Active Threads : 2
Active Threads : 2
Thread22 is running
Thread24 is running
Thread23 is running
Thread25 is running
Active Threads : 2
Active Threads : 2
Active Threads : 2
Active Threads : 2
Active Threads : 2
Thread24 is running
Thread26 is running
Thread25 is running
Thread27 is running
Active Threads : 2
Active Threads : 2
Active Threads : 2
Active Threads : 2
Active Threads : 2
Thread26 is running
Thread28 is running
Thread27 is running
Thread29 is running
Active Threads : 2
Active Threads : 2
Active Threads : 2
Active Threads : 2
Active Threads : 2
Thread28 is running
Thread30 is running
Thread29 is running
Thread31 is running
Active Threads : 2
Active Threads : 2
Active Threads : 2
Active Threads : 2
Active Threads : 2
Thread30 is running
Thread32 is running
Thread31 is running
Thread33 is running
Active Threads : 2
Active Threads : 2
Active Threads : 2
Active Threads : 2
Active Threads : 2
Thread32 is running
Thread34 is running
Thread33 is running
Thread35 is running
Active Threads : 2
Active Threads : 2
Active Threads : 2
Active Threads : 2
Active Threads : 2
Thread34 is running
Thread36 is running
Thread35 is running
Thread37 is running
Active Threads : 2
Active Threads : 2
Active Threads : 2
Active Threads : 2
Active Threads : 2
Thread36 is running
Thread38 is running
Thread37 is running
Thread39 is running
Active Threads : 2
Active Threads : 2
Active Threads : 2
Active Threads : 2
Active Threads : 2
Thread38 is running
Thread39 is running
Active Threads : 0
Staring a new one submitterDotConcurrentImpl{threadPoolExecutor=name = testsubmitter {com.dotcms.concurrent.DotConcurrentFactory$DotThreadPoolExecutor@2edfca29[Running, pool size = 2, active threads = 0, queued tasks = 0, completed tasks = 40]}
MaximumPoolSize=4
keepAliveMillis=60000
queue=[]
shutdown=false}
Active Threads : 0
Thread0 is running
Thread1 is running
Thread0 is running
Thread1 is running
Thread2 is running
Thread3 is running
Thread2 is running
Thread3 is running
Thread4 is running
Thread5 is running
Thread4 is running
Thread6 is running
Thread5 is running
Thread7 is running
Thread6 is running
Thread8 is running
Thread7 is running
Thread9 is running
DotConcurrentImpl{threadPoolExecutor=name = dotSystemPool {com.dotcms.concurrent.DotConcurrentFactory$DotThreadPoolExecutor@e719a8b[Running, pool size = 0, active threads = 0, queued tasks = 0, completed tasks = 0]}
MaximumPoolSize=50
keepAliveMillis=60000
queue=[]
shutdown=false}
DotConcurrentImpl{threadPoolExecutor=name = dotSystemPool {com.dotcms.concurrent.DotConcurrentFactory$DotThreadPoolExecutor@e719a8b[Running, pool size = 0, active threads = 0, queued tasks = 0, completed tasks = 0]}
MaximumPoolSize=50
keepAliveMillis=60000
queue=[]
shutdown=false}
Thread0 is running
Thread1 is running
Thread2 is running
Thread3 is running
Thread4 is running
Thread5 is running
Thread6 is running
Thread7 is running
Thread8 is running
DotConcurrentImpl{threadPoolExecutor=name = dotSystemPool {com.dotcms.concurrent.DotConcurrentFactory$DotThreadPoolExecutor@e719a8b[Running, pool size = 10, active threads = 10, queued tasks = 0, completed tasks = 0]}
MaximumPoolSize=50
keepAliveMillis=60000
queue=[]
shutdown=false}
DotConcurrentImpl{threadPoolExecutor=name = dotSystemPool {com.dotcms.concurrent.DotConcurrentFactory$DotThreadPoolExecutor@e719a8b[Running, pool size = 10, active threads = 10, queued tasks = 10, completed tasks = 0]}
MaximumPoolSize=50
keepAliveMillis=60000
queue=[com.dotcms.concurrent.DotConcurrentFactoryTest$PrintTask@4caaf3df, com.dotcms.concurrent.DotConcurrentFactoryTest$PrintTask@683424c9, com.dotcms.concurrent.DotConcurrentFactoryTest$PrintTask@9ae41ca, com.dotcms.concurrent.DotConcurrentFactoryTest$PrintTask@5d651e4b, com.dotcms.concurrent.DotConcurrentFactoryTest$PrintTask@464a2a33, com.dotcms.concurrent.DotConcurrentFactoryTest$PrintTask@f115c5f, com.dotcms.concurrent.DotConcurrentFactoryTest$PrintTask@744aec66, com.dotcms.concurrent.DotConcurrentFactoryTest$PrintTask@1a823e2, com.dotcms.concurrent.DotConcurrentFactoryTest$PrintTask@16a49a56, com.dotcms.concurrent.DotConcurrentFactoryTest$PrintTask@13d2df79]
shutdown=false}
DotConcurrentImpl{threadPoolExecutor=name = dotSystemPool {com.dotcms.concurrent.DotConcurrentFactory$DotThreadPoolExecutor@e719a8b[Running, pool size = 10, active threads = 10, queued tasks = 20, completed tasks = 0]}
MaximumPoolSize=50
keepAliveMillis=60000
queue=[com.dotcms.concurrent.DotConcurrentFactoryTest$PrintTask@4caaf3df, com.dotcms.concurrent.DotConcurrentFactoryTest$PrintTask@683424c9, com.dotcms.concurrent.DotConcurrentFactoryTest$PrintTask@9ae41ca, com.dotcms.concurrent.DotConcurrentFactoryTest$PrintTask@5d651e4b, com.dotcms.concurrent.DotConcurrentFactoryTest$PrintTask@464a2a33, com.dotcms.concurrent.DotConcurrentFactoryTest$PrintTask@f115c5f, com.dotcms.concurrent.DotConcurrentFactoryTest$PrintTask@744aec66, com.dotcms.concurrent.DotConcurrentFactoryTest$PrintTask@1a823e2, com.dotcms.concurrent.DotConcurrentFactoryTest$PrintTask@16a49a56, com.dotcms.concurrent.DotConcurrentFactoryTest$PrintTask@13d2df79, com.dotcms.concurrent.DotConcurrentFactoryTest$PrintTask@305828b9, com.dotcms.concurrent.DotConcurrentFactoryTest$PrintTask@702fba63, com.dotcms.concurrent.DotConcurrentFactoryTest$PrintTask@42ebe81a, com.dotcms.concurrent.DotConcurrentFactoryTest$PrintTask@4747ce29, com.dotcms.concurrent.DotConcurrentFactoryTest$PrintTask@362b3b98, com.dotcms.concurrent.DotConcurrentFactoryTest$PrintTask@3bda639c, com.dotcms.concurrent.DotConcurrentFactoryTest$PrintTask@26ecf7c5, com.dotcms.concurrent.DotConcurrentFactoryTest$PrintTask@5fa353b7, com.dotcms.concurrent.DotConcurrentFactoryTest$PrintTask@303b4420, com.dotcms.concurrent.DotConcurrentFactoryTest$PrintTask@58151738]
shutdown=false}
Active Threads : 10
Thread9 is running
Active Threads : 10
Active Threads : 10
Active Threads : 10
Thread8 is running
Thread10 is running
Thread9 is running
Thread11 is running
Active Threads : 10
Thread0 is running
Thread10 is running
Thread1 is running
Thread11 is running
Thread2 is running
Thread12 is running
Thread3 is running
Thread13 is running
Thread4 is running
Thread14 is running
Thread5 is running
Thread15 is running
Thread6 is running
Thread16 is running
Thread7 is running
Thread17 is running
Thread8 is running
Thread18 is running
Thread9 is running
Active Threads : 9
Thread19 is running
Active Threads : 10
Active Threads : 10
Active Threads : 10
Thread10 is running
Thread11 is running
Thread12 is running
Thread13 is running
Active Threads : 10
Thread10 is running
Thread20 is running
Thread11 is running
Thread21 is running
Thread12 is running
Thread22 is running
Thread13 is running
Thread23 is running
Thread14 is running
Thread24 is running
Thread15 is running
Thread25 is running
Thread16 is running
Thread26 is running
Thread17 is running
Thread27 is running
Thread18 is running
Thread28 is running
Thread19 is running
Thread29 is running
Active Threads : 10
Active Threads : 10
Active Threads : 10
Active Threads : 10
Thread12 is running
Thread13 is running
Thread14 is running
Thread15 is running
Active Threads : 10
Thread20 is running
Thread30 is running
Thread21 is running
Thread31 is running
Thread22 is running
Thread32 is running
Thread23 is running
Thread33 is running
Thread24 is running
Thread34 is running
Thread25 is running
Thread35 is running
Thread26 is running
Thread36 is running
Thread27 is running
Thread37 is running
Thread28 is running
Thread38 is running
Thread29 is running
Thread39 is running
Active Threads : 10
Active Threads : 10
Active Threads : 10
Active Threads : 10
Thread14 is running
Thread15 is running
Thread16 is running
Thread17 is running
Active Threads : 10
Thread30 is running
Thread31 is running
Thread32 is running
Thread33 is running
Thread34 is running
Thread35 is running
Thread36 is running
Thread37 is running
Thread38 is running
Thread39 is running
Active Threads : 0
Staring a new one submitterDotConcurrentImpl{threadPoolExecutor=name = dotSystemPool {com.dotcms.concurrent.DotConcurrentFactory$DotThreadPoolExecutor@e719a8b[Running, pool size = 10, active threads = 0, queued tasks = 0, completed tasks = 40]}
MaximumPoolSize=50
keepAliveMillis=60000
queue=[]
shutdown=false}
Active Threads : 0
Thread0 is running
Thread1 is running
Thread2 is running
Thread3 is running
Thread4 is running
Thread5 is running
Thread6 is running
Thread7 is running
Thread8 is running
Thread9 is running
Supplier1, a 1687803886604
Supplier1, a 1687803886606
Supplier1, a 1687803886606
Supplier1, a 1687803886610
Supplier1, a 1687803886611
Supplier1, a 1687803886606
Thread16 is running
Thread17 is running
Thread18 is running
Thread19 is running
Thread1 is running
Thread0 is running
Thread10 is running
Thread11 is running
Thread2 is running
Thread12 is running
Thread3 is running
Thread13 is running
Thread4 is running
Thread14 is running
Thread5 is running
Thread15 is running
Thread6 is running
Thread16 is running
Thread7 is running
Thread17 is running
Thread8 is running
Thread18 is running
Thread9 is running
Thread19 is running
Thread18 is running
Thread19 is running
Thread10 is running
Thread12 is running
Thread13 is running
Thread11 is running
Thread15 is running
Thread14 is running
Thread16 is running
Thread18 is running
Thread19 is running
Thread17 is running
Supplier1, b 1687803894606
Supplier1, b 1687803894606
Supplier1, b 1687803894607
Supplier1, b 1687803894611
Supplier1, b 1687803894611
Supplier1, b 1687803894612
Supplier1, a 1687803894612
Supplier1, a 1687803894612
Supplier1, a 1687803894612
Supplier1, a 1687803894612
Supplier1, a 1687803894612
Supplier1, a 1687803894612
Supplier1, b 1687803902612
Supplier1, b 1687803902612
Supplier1, b 1687803902612
Supplier1, b 1687803902612
Supplier1, b 1687803902613
Supplier1, b 1687803902613
com.dotcms.concurrent.DotConcurrentFactory$DotSingleSubmitterImpl@fde08f8
Thread0 is running
Thread0 is running
Thread1 is running
Thread1 is running
Thread2 is running
Thread2 is running
Thread3 is running
Thread3 is running
Thread4 is running
Thread4 is running
Thread5 is running
Thread5 is running
Thread6 is running
Thread6 is running
Thread7 is running
Thread7 is running
Thread8 is running
Thread8 is running
Thread9 is running
Thread9 is running
Staring a new one submittercom.dotcms.concurrent.DotConcurrentFactory$DotSingleSubmitterImpl@fde08f8
Thread0 is running
Thread0 is running
Thread1 is running
Thread1 is running
Thread2 is running
Thread2 is running
Thread3 is running
Thread3 is running
Thread4 is running
Thread4 is running
Thread5 is running
Thread5 is running
Thread6 is running
Thread6 is running
Thread7 is running
Thread7 is running
Thread8 is running
Thread8 is running
Thread9 is running
Thread9 is running
]]></system-out>
  <system-err><![CDATA[]]></system-err>
</testsuite>
