<?xml version="1.0" encoding="UTF-8"?>
<testsuite name="com.dotmarketing.portlets.rules.actionlet.StopProcessingActionletTest" tests="4" skipped="0" failures="0" errors="0" timestamp="2023-07-13T15:42:23" hostname="fv-az403-173" time="0.005">
  <properties/>
  <testcase name="testGeneralConfiguration" classname="com.dotmarketing.portlets.rules.actionlet.StopProcessingActionletTest" time="0.001"/>
  <testcase name="testComparisons[0: An empty HTTP Status Code defaults to 200]" classname="com.dotmarketing.portlets.rules.actionlet.StopProcessingActionletTest" time="0.003"/>
  <testcase name="testComparisons[1: Set HTTP Status Code to 403]" classname="com.dotmarketing.portlets.rules.actionlet.StopProcessingActionletTest" time="0.001"/>
  <testcase name="testComparisons[2: A committed response must always return 'false']" classname="com.dotmarketing.portlets.rules.actionlet.StopProcessingActionletTest" time="0.0"/>
  <system-out><![CDATA[]]></system-out>
  <system-err><![CDATA[]]></system-err>
</testsuite>
