<?xml version="1.0" encoding="UTF-8"?>
<testsuite name="com.dotcms.util.DotAssertTest" tests="6" skipped="0" failures="0" errors="0" timestamp="2023-06-27T16:09:37" hostname="fv-az255-852" time="0.025">
  <properties/>
  <testcase name="notNullTest" classname="com.dotcms.util.DotAssertTest" time="0.002"/>
  <testcase name="notEmptyTest" classname="com.dotcms.util.DotAssertTest" time="0.001"/>
  <testcase name="notEmptyMapTest" classname="com.dotcms.util.DotAssertTest" time="0.002"/>
  <testcase name="notEmptyCollectionTest" classname="com.dotcms.util.DotAssertTest" time="0.001"/>
  <testcase name="isTrueTest" classname="com.dotcms.util.DotAssertTest" time="0.018"/>
  <testcase name="isNullTest" classname="com.dotcms.util.DotAssertTest" time="0.001"/>
  <system-out><![CDATA[]]></system-out>
  <system-err><![CDATA[]]></system-err>
</testsuite>
