<?xml version="1.0" encoding="UTF-8"?>
<testsuite name="com.dotcms.filters.interceptor.dotcms.WebInterceptorTest" tests="3" skipped="0" failures="0" errors="0" timestamp="2023-07-08T04:36:02" hostname="fv-az577-928" time="0.01">
  <properties/>
  <testcase name="intercept_is_next_true" classname="com.dotcms.filters.interceptor.dotcms.WebInterceptorTest" time="0.007"/>
  <testcase name="intercept_is_skip_no_chain_true" classname="com.dotcms.filters.interceptor.dotcms.WebInterceptorTest" time="0.0"/>
  <testcase name="intercept_is_skip_true" classname="com.dotcms.filters.interceptor.dotcms.WebInterceptorTest" time="0.003"/>
  <system-out><![CDATA[]]></system-out>
  <system-err><![CDATA[]]></system-err>
</testsuite>
