<?xml version="1.0" encoding="UTF-8"?>
<testsuite name="com.dotcms.auth.providers.jwt.factories.SecretKeySpecFactoryTest" tests="1" skipped="0" failures="0" errors="0" timestamp="2023-06-30T22:34:42" hostname="fv-az173-860" time="1.519">
  <properties/>
  <testcase name="readAndPrepareSecret" classname="com.dotcms.auth.providers.jwt.factories.SecretKeySpecFactoryTest" time="1.519"/>
  <system-out><![CDATA[0e4b1af3ae2cd8a182504b0945439cc0309546cbd8ff49d8e192d8e62c6f57932a9e01f820f04d810133681eaba5a3af9082e2484b81a5203b07dab8426ec1a5
MySecretKey2
MySecretKey3
MySecretKey3
30798f788d8b023fa565231bac0e895a6eee0dbe973d30879b70afc296447d01aa04fff8a7ab7de1a4d7eb033cf7ec662a82643e370e784f4d59599cbf3a437e
631be068d9775516b22f3f90f9942880402b31656f37d6ea588bee4a5f43ec84867c49fcadfcb737b13adeb984b505a7ef7554b37fc15619e247c30d77f4cf8a
d1e42a7b03515b568ffd05795005e86bc96003ddf64ef9c0acbd73b4062bacc169a9249276d6020884f03a6e79cf708d42d0b45185ab21654f2fff96c70862b9
]]></system-out>
  <system-err><![CDATA[]]></system-err>
</testsuite>
