<?xml version="1.0" encoding="UTF-8"?>
<testsuite name="com.dotcms.auth.providers.jwt.factories.SecretKeySpecFactoryTest" tests="1" skipped="0" failures="0" errors="0" timestamp="2023-06-30T17:14:11" hostname="fv-az578-307" time="1.566">
  <properties/>
  <testcase name="readAndPrepareSecret" classname="com.dotcms.auth.providers.jwt.factories.SecretKeySpecFactoryTest" time="1.566"/>
  <system-out><![CDATA[f1959da931493a228d0e912f639c0f29a8375bc44a335df6963c89688af91cf1becb49f96a3baeba8c8f15d3182e98cf8d5d3cbb2c92d9714c688f374f56a716
MySecretKey2
MySecretKey3
MySecretKey3
bc8162f81c42dedab9350c5fa01af20cf4c57673805d25c5fdffa835a87b1445d567bb317bf87c0922fdc3b69a77a003aefb2f07c43ee1e100e27461a9a5902e
32d43184b07907e15deda5ead517897693865fa619f508cca50ff503b83d69f0760eddfa505ea95a5e1ceafbd8cfc6a63f39274c8c31f696ddcb7ea75a110056
ec3e3c60cca32db3ea0d89988261d087420fdfc7f60de544b6da7eee02e88a41f3efae49b01ec5019cd2ff2790ddb55971bfd68c2029fdacdabc10a398de3063
]]></system-out>
  <system-err><![CDATA[]]></system-err>
</testsuite>
