<?xml version="1.0" encoding="UTF-8"?>
<testsuite name="com.dotmarketing.portlets.workflows.ajax.WfBaseActionTest" tests="3" skipped="0" failures="0" errors="0" timestamp="2023-07-11T15:26:14" hostname="fv-az442-77" time="0.198">
  <properties/>
  <testcase name="TestOnNullCallTheDefaultCommand" classname="com.dotmarketing.portlets.workflows.ajax.WfBaseActionTest" time="0.16"/>
  <testcase name="TestNotAllowedCommands" classname="com.dotmarketing.portlets.workflows.ajax.WfBaseActionTest" time="0.013"/>
  <testcase name="TestAllowedCommands" classname="com.dotmarketing.portlets.workflows.ajax.WfBaseActionTest" time="0.024"/>
  <system-out><![CDATA[ Command ::  forbiddenMethod  on  class Mock for WfSchemeAjax, hashCode: 1761923394
 Command ::  forbiddenMethod  on  class Mock for WfActionAjax, hashCode: 104207635
 Command ::  forbiddenMethod  on  class Mock for WfRoleStoreAjax, hashCode: 1076220011
 Command ::  forbiddenMethod  on  class Mock for WfActionClassAjax, hashCode: 677958822
 Command ::  forbiddenMethod  on  class Mock for WfTaskAjax, hashCode: 1839191304
 Command ::  save  on  class Mock for WfSchemeAjax, hashCode: 465820913
 Command ::  action  on  class Mock for WfSchemeAjax, hashCode: 465820913
 Command ::  delete  on  class Mock for WfActionAjax, hashCode: 886083976
 Command ::  reorder  on  class Mock for WfActionAjax, hashCode: 886083976
 Command ::  action  on  class Mock for WfActionAjax, hashCode: 886083976
 Command ::  add  on  class Mock for WfActionAjax, hashCode: 886083976
 Command ::  deleteActionForStep  on  class Mock for WfActionAjax, hashCode: 886083976
 Command ::  save  on  class Mock for WfActionAjax, hashCode: 886083976
 Command ::  action  on  class Mock for WfRoleStoreAjax, hashCode: 1727512845
 Command ::  assignable  on  class Mock for WfRoleStoreAjax, hashCode: 1727512845
 Command ::  rolesToJson  on  class Mock for WfRoleStoreAjax, hashCode: 1727512845
 Command ::  add  on  class Mock for WfActionClassAjax, hashCode: 154291450
 Command ::  action  on  class Mock for WfActionClassAjax, hashCode: 154291450
 Command ::  reorder  on  class Mock for WfActionClassAjax, hashCode: 154291450
 Command ::  delete  on  class Mock for WfActionClassAjax, hashCode: 154291450
 Command ::  save  on  class Mock for WfActionClassAjax, hashCode: 154291450
 Command ::  executeActions  on  class Mock for WfTaskAjax, hashCode: 133222880
 Command ::  action  on  class Mock for WfTaskAjax, hashCode: 133222880
 Command ::  executeAction  on  class Mock for WfTaskAjax, hashCode: 133222880
]]></system-out>
  <system-err><![CDATA[]]></system-err>
</testsuite>
