<?xml version="1.0" encoding="UTF-8"?>
<testsuite name="com.dotcms.util.TestExceptionUtil" tests="4" skipped="0" failures="0" errors="0" timestamp="2023-06-23T20:45:19" hostname="fv-az365-198" time="0.006">
  <properties/>
  <testcase name="TestExceptionIsNotCausedBy" classname="com.dotcms.util.TestExceptionUtil" time="0.001"/>
  <testcase name="TestExceptionIsCausedBy" classname="com.dotcms.util.TestExceptionUtil" time="0.0"/>
  <testcase name="TestException_getCauseBy" classname="com.dotcms.util.TestExceptionUtil" time="0.005"/>
  <testcase name="TestExceptionIsCausedByMany" classname="com.dotcms.util.TestExceptionUtil" time="0.0"/>
  <system-out><![CDATA[]]></system-out>
  <system-err><![CDATA[]]></system-err>
</testsuite>
