<?xml version="1.0" encoding="UTF-8"?>
<testsuite name="com.dotmarketing.portlets.rules.conditionlet.PagesViewedConditionletTest" tests="12" skipped="0" failures="0" errors="0" timestamp="2023-06-29T23:07:06" hostname="fv-az614-79" time="0.01">
  <properties/>
  <testcase name="testComparisons[0: Expect true for '1' 'equal' '1' ['actualSessionPageViews' 'comparison' 'sessionPageViewsInput']]" classname="com.dotmarketing.portlets.rules.conditionlet.PagesViewedConditionletTest" time="0.001"/>
  <testcase name="testComparisons[1: Expect false for '0' 'equal' '1' ['actualSessionPageViews' 'comparison' 'sessionPageViewsInput']]" classname="com.dotmarketing.portlets.rules.conditionlet.PagesViewedConditionletTest" time="0.001"/>
  <testcase name="testComparisons[2: Expect true for '10' 'greaterThan' '2' ['actualSessionPageViews' 'comparison' 'sessionPageViewsInput']]" classname="com.dotmarketing.portlets.rules.conditionlet.PagesViewedConditionletTest" time="0.0"/>
  <testcase name="testComparisons[3: Expect false for '10' 'greaterThan' '10' ['actualSessionPageViews' 'comparison' 'sessionPageViewsInput']]" classname="com.dotmarketing.portlets.rules.conditionlet.PagesViewedConditionletTest" time="0.0"/>
  <testcase name="testComparisons[4: Expect true for '9' 'lessThan' '10' ['actualSessionPageViews' 'comparison' 'sessionPageViewsInput']]" classname="com.dotmarketing.portlets.rules.conditionlet.PagesViewedConditionletTest" time="0.0"/>
  <testcase name="testComparisons[5: Expect false for '10' 'lessThan' '10' ['actualSessionPageViews' 'comparison' 'sessionPageViewsInput']]" classname="com.dotmarketing.portlets.rules.conditionlet.PagesViewedConditionletTest" time="0.0"/>
  <testcase name="testComparisons[6: Expect true for '9' 'lessThanOrEqual' '10' ['actualSessionPageViews' 'comparison' 'sessionPageViewsInput']]" classname="com.dotmarketing.portlets.rules.conditionlet.PagesViewedConditionletTest" time="0.0"/>
  <testcase name="testComparisons[7: Expect true for '10' 'lessThanOrEqual' '10' ['actualSessionPageViews' 'comparison' 'sessionPageViewsInput']]" classname="com.dotmarketing.portlets.rules.conditionlet.PagesViewedConditionletTest" time="0.0"/>
  <testcase name="testComparisons[8: Expect false for '11' 'lessThanOrEqual' '10' ['actualSessionPageViews' 'comparison' 'sessionPageViewsInput']]" classname="com.dotmarketing.portlets.rules.conditionlet.PagesViewedConditionletTest" time="0.0"/>
  <testcase name="testComparisons[9: Expect true for '12' 'greaterThanOrEqual' '10' ['actualSessionPageViews' 'comparison' 'sessionPageViewsInput']]" classname="com.dotmarketing.portlets.rules.conditionlet.PagesViewedConditionletTest" time="0.006"/>
  <testcase name="testComparisons[10: Expect true for '10' 'greaterThanOrEqual' '10' ['actualSessionPageViews' 'comparison' 'sessionPageViewsInput']]" classname="com.dotmarketing.portlets.rules.conditionlet.PagesViewedConditionletTest" time="0.0"/>
  <testcase name="testComparisons[11: Expect false for '9' 'greaterThanOrEqual' '10' ['actualSessionPageViews' 'comparison' 'sessionPageViewsInput']]" classname="com.dotmarketing.portlets.rules.conditionlet.PagesViewedConditionletTest" time="0.0"/>
  <system-out><![CDATA[]]></system-out>
  <system-err><![CDATA[]]></system-err>
</testsuite>
