<?xml version="1.0" encoding="UTF-8"?>
<testsuite name="com.dotcms.dotpubsub.DotPubSubEventTest" tests="2" skipped="0" failures="0" errors="0" timestamp="2023-07-21T17:44:10" hostname="fv-az620-708" time="0.011">
  <properties/>
  <testcase name="test_DotPubSubEvent_to_json_and_back" classname="com.dotcms.dotpubsub.DotPubSubEventTest" time="0.007"/>
  <testcase name="test_DotPubSubEvent_Builder" classname="com.dotcms.dotpubsub.DotPubSubEventTest" time="0.002"/>
  <system-out><![CDATA[]]></system-out>
  <system-err><![CDATA[]]></system-err>
</testsuite>
