<?xml version="1.0" encoding="UTF-8"?>
<testsuite name="com.dotcms.content.elasticsearch.ESQueryCacheTest" tests="4" skipped="0" failures="0" errors="0" timestamp="2023-07-19T00:26:19" hostname="fv-az790-550" time="0.841">
  <properties/>
  <testcase name="test_hash" classname="com.dotcms.content.elasticsearch.ESQueryCacheTest" time="0.81"/>
  <testcase name="test_clear_cache" classname="com.dotcms.content.elasticsearch.ESQueryCacheTest" time="0.029"/>
  <testcase name="test_get_hits_by_query" classname="com.dotcms.content.elasticsearch.ESQueryCacheTest" time="0.001"/>
  <testcase name="test_get_hits_by_request" classname="com.dotcms.content.elasticsearch.ESQueryCacheTest" time="0.0"/>
  <system-out><![CDATA[]]></system-out>
  <system-err><![CDATA[]]></system-err>
</testsuite>
