<?xml version="1.0" encoding="UTF-8"?>
<testsuite name="com.dotcms.util.CounterSetTest" tests="2" skipped="0" failures="0" errors="0" timestamp="2023-07-13T17:06:32" hostname="fv-az586-815" time="0.019">
  <properties/>
  <testcase name="getCommonItems_3_repeat_20_items_concurrent" classname="com.dotcms.util.CounterSetTest" time="0.017"/>
  <testcase name="getCommonItems_3_repeat_20_items" classname="com.dotcms.util.CounterSetTest" time="0.002"/>
  <system-out><![CDATA[]]></system-out>
  <system-err><![CDATA[]]></system-err>
</testsuite>
