<?xml version="1.0" encoding="UTF-8"?>
<testsuite name="com.dotmarketing.portlets.workflows.ajax.WfBaseActionTest" tests="3" skipped="0" failures="0" errors="0" timestamp="2023-07-06T22:27:37" hostname="fv-az567-299" time="0.23">
  <properties/>
  <testcase name="TestOnNullCallTheDefaultCommand" classname="com.dotmarketing.portlets.workflows.ajax.WfBaseActionTest" time="0.195"/>
  <testcase name="TestNotAllowedCommands" classname="com.dotmarketing.portlets.workflows.ajax.WfBaseActionTest" time="0.013"/>
  <testcase name="TestAllowedCommands" classname="com.dotmarketing.portlets.workflows.ajax.WfBaseActionTest" time="0.022"/>
  <system-out><![CDATA[ Command ::  forbiddenMethod  on  class Mock for WfActionAjax, hashCode: 1301136460
 Command ::  forbiddenMethod  on  class Mock for WfTaskAjax, hashCode: 695840139
 Command ::  forbiddenMethod  on  class Mock for WfRoleStoreAjax, hashCode: 1937813581
 Command ::  forbiddenMethod  on  class Mock for WfActionClassAjax, hashCode: 550911999
 Command ::  forbiddenMethod  on  class Mock for WfSchemeAjax, hashCode: 1670804345
 Command ::  reorder  on  class Mock for WfActionAjax, hashCode: 147550967
 Command ::  action  on  class Mock for WfActionAjax, hashCode: 147550967
 Command ::  add  on  class Mock for WfActionAjax, hashCode: 147550967
 Command ::  deleteActionForStep  on  class Mock for WfActionAjax, hashCode: 147550967
 Command ::  save  on  class Mock for WfActionAjax, hashCode: 147550967
 Command ::  delete  on  class Mock for WfActionAjax, hashCode: 147550967
 Command ::  action  on  class Mock for WfTaskAjax, hashCode: 491549883
 Command ::  executeAction  on  class Mock for WfTaskAjax, hashCode: 491549883
 Command ::  executeActions  on  class Mock for WfTaskAjax, hashCode: 491549883
 Command ::  action  on  class Mock for WfRoleStoreAjax, hashCode: 482006631
 Command ::  assignable  on  class Mock for WfRoleStoreAjax, hashCode: 482006631
 Command ::  rolesToJson  on  class Mock for WfRoleStoreAjax, hashCode: 482006631
 Command ::  add  on  class Mock for WfActionClassAjax, hashCode: 1648185402
 Command ::  action  on  class Mock for WfActionClassAjax, hashCode: 1648185402
 Command ::  reorder  on  class Mock for WfActionClassAjax, hashCode: 1648185402
 Command ::  delete  on  class Mock for WfActionClassAjax, hashCode: 1648185402
 Command ::  save  on  class Mock for WfActionClassAjax, hashCode: 1648185402
 Command ::  save  on  class Mock for WfSchemeAjax, hashCode: 1152608554
 Command ::  action  on  class Mock for WfSchemeAjax, hashCode: 1152608554
]]></system-out>
  <system-err><![CDATA[]]></system-err>
</testsuite>
