<?xml version="1.0" encoding="UTF-8"?>
<testsuite name="com.liferay.util.MathUtilTest" tests="1" skipped="0" failures="0" errors="0" timestamp="2023-07-18T21:52:36" hostname="fv-az1233-524" time="0.001">
  <properties/>
  <testcase name="testHappyPath" classname="com.liferay.util.MathUtilTest" time="0.001"/>
  <system-out><![CDATA[]]></system-out>
  <system-err><![CDATA[]]></system-err>
</testsuite>
