<?xml version="1.0" encoding="UTF-8"?>
<testsuite name="com.dotmarketing.portlets.osgi.AJAX.OSGIBaseAJAXTest" tests="3" skipped="0" failures="0" errors="0" timestamp="2023-06-26T16:21:17" hostname="fv-az206-664" time="0.06">
  <properties/>
  <testcase name="TestOnNullCallTheDefaultCommand" classname="com.dotmarketing.portlets.osgi.AJAX.OSGIBaseAJAXTest" time="0.042"/>
  <testcase name="TestNotAllowedCommands" classname="com.dotmarketing.portlets.osgi.AJAX.OSGIBaseAJAXTest" time="0.003"/>
  <testcase name="TestAllowedCommands" classname="com.dotmarketing.portlets.osgi.AJAX.OSGIBaseAJAXTest" time="0.015"/>
  <system-out><![CDATA[ Command ::  forbiddenMethod  on  class Mock for OSGIAJAX, hashCode: 700988787
 Command ::  restart  on  class Mock for OSGIAJAX, hashCode: 938831048
 Command ::  action  on  class Mock for OSGIAJAX, hashCode: 938831048
 Command ::  getExtraPackages  on  class Mock for OSGIAJAX, hashCode: 938831048
 Command ::  remove  on  class Mock for OSGIAJAX, hashCode: 938831048
 Command ::  deploy  on  class Mock for OSGIAJAX, hashCode: 938831048
 Command ::  modifyExtraPackages  on  class Mock for OSGIAJAX, hashCode: 938831048
 Command ::  undeploy  on  class Mock for OSGIAJAX, hashCode: 938831048
 Command ::  stop  on  class Mock for OSGIAJAX, hashCode: 938831048
 Command ::  add  on  class Mock for OSGIAJAX, hashCode: 938831048
 Command ::  start  on  class Mock for OSGIAJAX, hashCode: 938831048
]]></system-out>
  <system-err><![CDATA[]]></system-err>
</testsuite>
