<?xml version="1.0" encoding="UTF-8"?>
<testsuite name="com.dotcms.auth.providers.jwt.factories.SecretKeySpecFactoryTest" tests="1" skipped="0" failures="0" errors="0" timestamp="2023-07-14T00:12:08" hostname="fv-az554-11" time="1.469">
  <properties/>
  <testcase name="readAndPrepareSecret" classname="com.dotcms.auth.providers.jwt.factories.SecretKeySpecFactoryTest" time="1.469"/>
  <system-out><![CDATA[6ab56711b2144a1dc755afe9cc486f3ee359651a8aec20ed05b8287da03713cbfd1f10de748b178349e852d73c3dd8b8add88cd097741b989eb031b2de25faa7
MySecretKey2
MySecretKey3
MySecretKey3
c3062be01838b871f0c7362334d74bd7bf9884c3bac762493febbf6d606cb3bb8be54a269bc695a98387eb2918650dabfd400ab9b7e9db63fb9552ce0f55ebb3
40734cad1e951464e616d6121c06eccb7af3b4bdb2951d273b145003e9601f051b651af56d0440f40fb84c749440090c0179645cf952d9f847044f2a3172a117
1d200eab1b690adb03ae7d56e392cee0a8426a9e5fe11414f4474b9ab6e40de6aeb2b30c995ee3c6ba115be1fe5f82c269cba05ab2901878be075ac14f501819
]]></system-out>
  <system-err><![CDATA[]]></system-err>
</testsuite>
