<?xml version="1.0" encoding="UTF-8"?>
<testsuite name="com.dotcms.auth.providers.jwt.factories.SecretKeySpecFactoryTest" tests="1" skipped="0" failures="0" errors="0" timestamp="2023-06-27T23:15:46" hostname="fv-az1243-404" time="1.661">
  <properties/>
  <testcase name="readAndPrepareSecret" classname="com.dotcms.auth.providers.jwt.factories.SecretKeySpecFactoryTest" time="1.661"/>
  <system-out><![CDATA[4ab6bbacfd1432b022cdcfb8b97509ac92ff3757bd7ba9aad8ad5c182902055143843357c0622ea1d412edbbafcbf08a6818c8ca9428f30b590798f865cdc0b9
MySecretKey2
MySecretKey3
MySecretKey3
3e4098d96d2cb08437b68e92f12eee184439d54a28559c69277478b2a08660206f5dd2c223d6c9347fb7e0b598b140d81e684c37461830587fabd87fd2cfc0c2
3f58ca84e9ae972628887c0424c8f422b5def31ef8bc16e79a9d6be81f3f372f66378c32509e38ded4547e7f813c854e36bcd7b2dd44bed43329bbfe9011b567
63e5f9dfc6b381f59e14ae0af5238bb4fe5141ea87670b67e1c1491ad4db5d98ad720b5b581e9f3c9fc8c84280e664834251b0c4341606b6c86439e1f0d438d3
]]></system-out>
  <system-err><![CDATA[]]></system-err>
</testsuite>
