<?xml version="1.0" encoding="UTF-8"?>
<testsuite name="com.dotcms.auth.providers.jwt.factories.SecretKeySpecFactoryTest" tests="1" skipped="0" failures="0" errors="0" timestamp="2023-07-14T19:28:18" hostname="fv-az572-783" time="1.797">
  <properties/>
  <testcase name="readAndPrepareSecret" classname="com.dotcms.auth.providers.jwt.factories.SecretKeySpecFactoryTest" time="1.797"/>
  <system-out><![CDATA[739a8da81f71379886118472dffde8d25400c99958f4d6af78d027f50e8875c670f80084e60f6556667472788b0f2495a54a78ea1a6084946627cd29d94c5ced
MySecretKey2
MySecretKey3
MySecretKey3
a1829c51995b919d80d64d0b8707351390cef87b493e36a3fcedb111666d6da9aac4f3fc4850983319741fd1696e96b7f89e4865917b24f93678a563fe144128
5b6a729c9ddfcef66f1231fd434c595ba3692d78f880f89e4c41d286474fc9ded5091c1c2a2f87e399b9032ed34ce8f60d6645c4d02e22346f0e7301ca51aff9
75c07c318dbf4244d2beb4722a932c48b24490e7d887a82a24711f1e6b9841443a7a1bcede14f9ccbec2f46297eb4021d7b52a43caf6ff6626d07b3ba7321ff7
]]></system-out>
  <system-err><![CDATA[]]></system-err>
</testsuite>
