<?xml version="1.0" encoding="UTF-8"?>
<testsuite name="com.dotcms.auth.providers.jwt.factories.SecretKeySpecFactoryTest" tests="1" skipped="0" failures="0" errors="0" timestamp="2023-06-28T15:09:28" hostname="fv-az795-491" time="1.508">
  <properties/>
  <testcase name="readAndPrepareSecret" classname="com.dotcms.auth.providers.jwt.factories.SecretKeySpecFactoryTest" time="1.508"/>
  <system-out><![CDATA[169367e1ec6df761c8beaeb69e7b8d3e7e3b1879cb181bac1aeed76c893639f2ea67b662834c122482d58d5cd3c87609ca9f82b9b22f5aab83580811155adefb
MySecretKey2
MySecretKey3
MySecretKey3
fdbf5e4cc9965225b81d97df18f0cde3a013b9a29180051d674a695dfde15d7bb79d01ec02f42f692f6d7f1e9e5298a09dd0443d21bc05eb79db8f40357569d9
e5f1198ce60d42dad7cb75f4385dc8be3cd5a3a3addbf477b675f454a099e76b5fb2693a258c3712a7cd22b685e6962492b418115b57e23146a1b970c5b6b505
a9cc6f5cd191562bc2bb1c9f3507745015e372778986dd9f35fa8693471c923edf494893bea24c1f97c9fa6a39e7d2d6954ec9fbcfbca44e64f4b9a2006eee28
]]></system-out>
  <system-err><![CDATA[]]></system-err>
</testsuite>
