<?xml version="1.0" encoding="UTF-8"?>
<testsuite name="com.dotcms.auth.providers.jwt.factories.SecretKeySpecFactoryTest" tests="1" skipped="0" failures="0" errors="0" timestamp="2023-07-14T01:22:44" hostname="fv-az453-417" time="1.11">
  <properties/>
  <testcase name="readAndPrepareSecret" classname="com.dotcms.auth.providers.jwt.factories.SecretKeySpecFactoryTest" time="1.11"/>
  <system-out><![CDATA[8188762683aad2444a82365eccc1b4fcfc50ccaea50d9e18c5c389b30f9953065b9861956cd4470ac459fdd2ee21bafd9bee0543e2c49ab756fd57877699cd14
MySecretKey2
MySecretKey3
MySecretKey3
11e95f9c5062de0a67dfe2a27924f4f38d3641ea35dd08f70fd028d53f45be5f3c5bcbc6041a70bc4221f9b71d7324f933003246148b0650fb6e8a5593a0e5de
3bbb98fe4b43d2f463d084ee900046b4cbc4e8fde01433df9964a122781b3979a78c6d4e9b2fc4c8e2762b757c6fdb6a2f9781a80e06b190c567b03818873dac
6e23b577bf48f63899431562dc3232ee81f519a4e71af162aafb32671a8758d1b4f277dae20ddbd9cf22508fd8d8eccd589f5664f87e089453392cb71d989bad
]]></system-out>
  <system-err><![CDATA[]]></system-err>
</testsuite>
