<?xml version="1.0" encoding="UTF-8"?>
<testsuite name="com.dotcms.auth.providers.jwt.factories.SecretKeySpecFactoryTest" tests="1" skipped="0" failures="0" errors="0" timestamp="2023-07-17T22:30:27" hostname="fv-az313-957" time="1.689">
  <properties/>
  <testcase name="readAndPrepareSecret" classname="com.dotcms.auth.providers.jwt.factories.SecretKeySpecFactoryTest" time="1.689"/>
  <system-out><![CDATA[bfd3b97d96a1b233841f3645dd32dc456198e188009bee1446eb59242536dbb1914acd25be571bbbcf981fb109b65508cafbaa70342d73af5036e8dcf40227af
MySecretKey2
MySecretKey3
MySecretKey3
023516642944b867b51357e72d5bc01d3393bad8d783e90abc988b46e3c324307646a06899a67c0a303a391046183776c8c4e15b4914d3e110389b16a10edd2d
8ff152d0c30d5e79b8854e67454678949daadd91d30b1f27adfe754f2f8d01e2d9e8e27f187f79be5ff69b8a15543d67d0135f7fe3be1f6d9e4fc8a797053ae6
9e5c0deac133070da53482431f23f33ac199dca3efddd9dcad15463c3819a7e13d48e325227657ff125a85af7cd012f439e9b178758aa9c0fa64271200bb87e3
]]></system-out>
  <system-err><![CDATA[]]></system-err>
</testsuite>
