<?xml version="1.0" encoding="UTF-8"?>
<testsuite name="com.dotcms.dotpubsub.PgNgDataSourceUrlTest" tests="3" skipped="0" failures="0" errors="0" timestamp="2023-07-17T15:20:43" hostname="fv-az1104-43" time="0.01">
  <properties/>
  <testcase name="test_PgNgDataSourceUrl_URL_escapes_special_chars" classname="com.dotcms.dotpubsub.PgNgDataSourceUrlTest" time="0.007"/>
  <testcase name="test_PgNgDataSourceUrl_does_not_mess_with_url" classname="com.dotcms.dotpubsub.PgNgDataSourceUrlTest" time="0.0"/>
  <testcase name="test_PgNgDataSourceUrl_builts_correctly" classname="com.dotcms.dotpubsub.PgNgDataSourceUrlTest" time="0.0"/>
  <system-out><![CDATA[]]></system-out>
  <system-err><![CDATA[]]></system-err>
</testsuite>
