<?xml version="1.0" encoding="UTF-8"?>
<testsuite name="com.dotcms.content.elasticsearch.util.ESUtilsTest" tests="1" skipped="0" failures="0" errors="0" timestamp="2023-07-13T19:35:18" hostname="fv-az887-517" time="0.006">
  <properties/>
  <testcase name="test_escapeExcludingSlashIncludingSpace_method" classname="com.dotcms.content.elasticsearch.util.ESUtilsTest" time="0.006"/>
  <system-out><![CDATA[]]></system-out>
  <system-err><![CDATA[]]></system-err>
</testsuite>
