<?xml version="1.0" encoding="UTF-8"?>
<testsuite name="com.dotmarketing.portlets.osgi.AJAX.OSGIBaseAJAXTest" tests="3" skipped="0" failures="0" errors="0" timestamp="2023-07-18T18:34:32" hostname="fv-az621-121" time="0.058">
  <properties/>
  <testcase name="TestOnNullCallTheDefaultCommand" classname="com.dotmarketing.portlets.osgi.AJAX.OSGIBaseAJAXTest" time="0.043"/>
  <testcase name="TestNotAllowedCommands" classname="com.dotmarketing.portlets.osgi.AJAX.OSGIBaseAJAXTest" time="0.003"/>
  <testcase name="TestAllowedCommands" classname="com.dotmarketing.portlets.osgi.AJAX.OSGIBaseAJAXTest" time="0.012"/>
  <system-out><![CDATA[ Command ::  forbiddenMethod  on  class Mock for OSGIAJAX, hashCode: 1870579119
 Command ::  undeploy  on  class Mock for OSGIAJAX, hashCode: 835081554
 Command ::  modifyExtraPackages  on  class Mock for OSGIAJAX, hashCode: 835081554
 Command ::  deploy  on  class Mock for OSGIAJAX, hashCode: 835081554
 Command ::  remove  on  class Mock for OSGIAJAX, hashCode: 835081554
 Command ::  getExtraPackages  on  class Mock for OSGIAJAX, hashCode: 835081554
 Command ::  action  on  class Mock for OSGIAJAX, hashCode: 835081554
 Command ::  restart  on  class Mock for OSGIAJAX, hashCode: 835081554
 Command ::  start  on  class Mock for OSGIAJAX, hashCode: 835081554
 Command ::  add  on  class Mock for OSGIAJAX, hashCode: 835081554
 Command ::  stop  on  class Mock for OSGIAJAX, hashCode: 835081554
]]></system-out>
  <system-err><![CDATA[]]></system-err>
</testsuite>
