<?xml version="1.0" encoding="UTF-8"?>
<testsuite name="com.dotcms.util.diff.DiffCommandTest" tests="2" skipped="0" failures="0" errors="0" timestamp="2023-07-18T17:35:16" hostname="fv-az344-517" time="0.004">
  <properties/>
  <testcase name="applyDiff_Comparable" classname="com.dotcms.util.diff.DiffCommandTest" time="0.003"/>
  <testcase name="applyDiff_Differentiable" classname="com.dotcms.util.diff.DiffCommandTest" time="0.001"/>
  <system-out><![CDATA[{six=six, five=five}
{two=two}
{four=fourxxx, one=onexxx}
{six=com.dotcms.util.diff.DiffCommandTest$StringDifferentiable@5130418d, five=com.dotcms.util.diff.DiffCommandTest$StringDifferentiable@133cd08f}
{two=com.dotcms.util.diff.DiffCommandTest$StringDifferentiable@6d813d43}
{four=com.dotcms.util.diff.DiffCommandTest$StringDifferentiable@4be4a50c, one=com.dotcms.util.diff.DiffCommandTest$StringDifferentiable@188bb9d4}
]]></system-out>
  <system-err><![CDATA[]]></system-err>
</testsuite>
