<?xml version="1.0" encoding="UTF-8"?>
<testsuite name="com.dotmarketing.portlets.osgi.AJAX.OSGIBaseAJAXTest" tests="3" skipped="0" failures="0" errors="0" timestamp="2023-07-05T19:38:21" hostname="fv-az561-796" time="0.172">
  <properties/>
  <testcase name="TestOnNullCallTheDefaultCommand" classname="com.dotmarketing.portlets.osgi.AJAX.OSGIBaseAJAXTest" time="0.128"/>
  <testcase name="TestNotAllowedCommands" classname="com.dotmarketing.portlets.osgi.AJAX.OSGIBaseAJAXTest" time="0.011"/>
  <testcase name="TestAllowedCommands" classname="com.dotmarketing.portlets.osgi.AJAX.OSGIBaseAJAXTest" time="0.03"/>
  <system-out><![CDATA[ Command ::  forbiddenMethod  on  class Mock for OSGIAJAX, hashCode: 54630179
 Command ::  stop  on  class Mock for OSGIAJAX, hashCode: 35060053
 Command ::  add  on  class Mock for OSGIAJAX, hashCode: 35060053
 Command ::  start  on  class Mock for OSGIAJAX, hashCode: 35060053
 Command ::  restart  on  class Mock for OSGIAJAX, hashCode: 35060053
 Command ::  action  on  class Mock for OSGIAJAX, hashCode: 35060053
 Command ::  getExtraPackages  on  class Mock for OSGIAJAX, hashCode: 35060053
 Command ::  remove  on  class Mock for OSGIAJAX, hashCode: 35060053
 Command ::  deploy  on  class Mock for OSGIAJAX, hashCode: 35060053
 Command ::  modifyExtraPackages  on  class Mock for OSGIAJAX, hashCode: 35060053
 Command ::  undeploy  on  class Mock for OSGIAJAX, hashCode: 35060053
]]></system-out>
  <system-err><![CDATA[]]></system-err>
</testsuite>
