<?xml version="1.0" encoding="UTF-8"?>
<testsuite name="com.dotcms.util.diff.DiffCommandTest" tests="2" skipped="0" failures="0" errors="0" timestamp="2023-06-30T20:43:39" hostname="fv-az563-283" time="0.006">
  <properties/>
  <testcase name="applyDiff_Comparable" classname="com.dotcms.util.diff.DiffCommandTest" time="0.005"/>
  <testcase name="applyDiff_Differentiable" classname="com.dotcms.util.diff.DiffCommandTest" time="0.001"/>
  <system-out><![CDATA[{six=six, five=five}
{two=two}
{four=fourxxx, one=onexxx}
{six=com.dotcms.util.diff.DiffCommandTest$StringDifferentiable@679f3761, five=com.dotcms.util.diff.DiffCommandTest$StringDifferentiable@450f0562}
{two=com.dotcms.util.diff.DiffCommandTest$StringDifferentiable@5ee7e5ae}
{four=com.dotcms.util.diff.DiffCommandTest$StringDifferentiable@791fc558, one=com.dotcms.util.diff.DiffCommandTest$StringDifferentiable@6725d125}
]]></system-out>
  <system-err><![CDATA[]]></system-err>
</testsuite>
