<?xml version="1.0" encoding="UTF-8"?>
<testsuite name="com.dotcms.auth.providers.jwt.factories.SecretKeySpecFactoryTest" tests="1" skipped="0" failures="0" errors="0" timestamp="2023-07-05T15:26:48" hostname="fv-az1100-713" time="1.683">
  <properties/>
  <testcase name="readAndPrepareSecret" classname="com.dotcms.auth.providers.jwt.factories.SecretKeySpecFactoryTest" time="1.683"/>
  <system-out><![CDATA[5eec5d85c647bec274ccbb07c3c345026aeea6a03b59f379eebeaf5bb05b1d01ae94e31415f79b6bb3ddbea42bc01b2e865c1f26837a8fa21501386b7d981324
MySecretKey2
MySecretKey3
MySecretKey3
2de8e45225fed75b8645d23a1e95593bd8d75414c6979523894ac47b4ccefacbbcbbc79819bec9377e1fc3d2f12c43af32d6eab6d8fc031d67a322a0a21fea66
546986dc2ccaeb10891977d472c218c6a8916a8f83458f76bb42b1dd3255116e4fbedee31a64ac93b1b464a46d9b03ac8ac52c3f4cd27082305fc28bab39fad5
956553d51efe9118df06cc369fd49da1c028515acf65df6348b08e568ddfef6a5d91cffeb64f18d48cc9c0bdb24732c846a393bd0ef4001af5648c3038dec027
]]></system-out>
  <system-err><![CDATA[]]></system-err>
</testsuite>
