<?xml version="1.0" encoding="UTF-8"?>
<testsuite name="com.dotcms.cube.CubeJSClientTest" tests="3" skipped="0" failures="0" errors="0" timestamp="2023-07-19T19:23:52" hostname="fv-az244-731" time="0.712">
  <properties/>
  <testcase name="sendWrongQuery" classname="com.dotcms.cube.CubeJSClientTest" time="0.089"/>
  <testcase name="sendAllOk" classname="com.dotcms.cube.CubeJSClientTest" time="0.589"/>
  <testcase name="http404" classname="com.dotcms.cube.CubeJSClientTest" time="0.032"/>
  <system-out><![CDATA[]]></system-out>
  <system-err><![CDATA[]]></system-err>
</testsuite>
