<?xml version="1.0" encoding="UTF-8"?>
<testsuite name="com.dotmarketing.portlets.rules.conditionlet.PersonaConditionletTest" tests="8" skipped="0" failures="0" errors="0" timestamp="2023-07-19T14:35:03" hostname="fv-az447-779" time="0.005">
  <properties/>
  <testcase name="testComparisons[0: com.dotmarketing.portlets.rules.conditionlet.PersonaConditionletTest$TestCase@19404af1]" classname="com.dotmarketing.portlets.rules.conditionlet.PersonaConditionletTest" time="0.002"/>
  <testcase name="testComparisons[1: com.dotmarketing.portlets.rules.conditionlet.PersonaConditionletTest$TestCase@47328b8]" classname="com.dotmarketing.portlets.rules.conditionlet.PersonaConditionletTest" time="0.001"/>
  <testcase name="testComparisons[2: com.dotmarketing.portlets.rules.conditionlet.PersonaConditionletTest$TestCase@3730cc0a]" classname="com.dotmarketing.portlets.rules.conditionlet.PersonaConditionletTest" time="0.0"/>
  <testcase name="testComparisons[3: com.dotmarketing.portlets.rules.conditionlet.PersonaConditionletTest$TestCase@72a1e07e]" classname="com.dotmarketing.portlets.rules.conditionlet.PersonaConditionletTest" time="0.0"/>
  <testcase name="testCannotValidateWhenComparisonIsNull" classname="com.dotmarketing.portlets.rules.conditionlet.PersonaConditionletTest" time="0.0"/>
  <testcase name="testCannotValidateWhenComparisonNotSet" classname="com.dotmarketing.portlets.rules.conditionlet.PersonaConditionletTest" time="0.001"/>
  <testcase name="testUnsupportedComparisonThrowsException" classname="com.dotmarketing.portlets.rules.conditionlet.PersonaConditionletTest" time="0.001"/>
  <testcase name="testEvaluatesToFalseWhenArgumentsAreEmptyOrMissing" classname="com.dotmarketing.portlets.rules.conditionlet.PersonaConditionletTest" time="0.0"/>
  <system-out><![CDATA[]]></system-out>
  <system-err><![CDATA[]]></system-err>
</testsuite>
