<?xml version="1.0" encoding="UTF-8"?>
<testsuite name="com.dotcms.auth.providers.jwt.factories.SecretKeySpecFactoryTest" tests="1" skipped="0" failures="0" errors="0" timestamp="2023-06-27T17:58:06" hostname="fv-az360-536" time="1.452">
  <properties/>
  <testcase name="readAndPrepareSecret" classname="com.dotcms.auth.providers.jwt.factories.SecretKeySpecFactoryTest" time="1.452"/>
  <system-out><![CDATA[b64a5a7ea40b91e235f4fac125c970ae08bfb1b0b1ed8f6d2db19df347e12ee3a8d89a1042e678b6d403b6bc87d9a54824fe5a408f3697e68ef7ccda6ca8ac7d
MySecretKey2
MySecretKey3
MySecretKey3
aab80ee39039f3ea7331ea9c7afe4cae80ff81877f06e70eeb8e44076ef3b1aec32f1fec7bd19bc9b57870bae848cf5e3269f96578f760f8b2f65a993be83b19
8cc53dff57a4d9e738332bc461ffd7d191ac31afa36139a159611f52714bdb819719561487bc2dad015ac21f5a1b78a6d7d03573bbd463889c39eda2885c59f3
46aed0e15cf91803ecbb5f4273197f9166ad66c986665839440b2f22442a473f2a72338512c9269e95c924041b3cd7651583c1dd8d655e90c87242e5648ab736
]]></system-out>
  <system-err><![CDATA[]]></system-err>
</testsuite>
