<?xml version="1.0" encoding="UTF-8"?>
<testsuite name="com.dotcms.util.diff.DiffCommandTest" tests="2" skipped="0" failures="0" errors="0" timestamp="2023-06-30T23:06:31" hostname="fv-az402-651" time="0.015">
  <properties/>
  <testcase name="applyDiff_Comparable" classname="com.dotcms.util.diff.DiffCommandTest" time="0.014"/>
  <testcase name="applyDiff_Differentiable" classname="com.dotcms.util.diff.DiffCommandTest" time="0.001"/>
  <system-out><![CDATA[{six=six, five=five}
{two=two}
{four=fourxxx, one=onexxx}
{six=com.dotcms.util.diff.DiffCommandTest$StringDifferentiable@5fb54be4, five=com.dotcms.util.diff.DiffCommandTest$StringDifferentiable@b153761}
{two=com.dotcms.util.diff.DiffCommandTest$StringDifferentiable@57938458}
{four=com.dotcms.util.diff.DiffCommandTest$StringDifferentiable@9c0f109, one=com.dotcms.util.diff.DiffCommandTest$StringDifferentiable@7c5f61be}
]]></system-out>
  <system-err><![CDATA[]]></system-err>
</testsuite>
