<?xml version="1.0" encoding="UTF-8"?>
<testsuite name="com.dotcms.util.pagination.SiteViewPaginatorUnitTest" tests="2" skipped="0" failures="0" errors="0" timestamp="2023-07-14T17:25:16" hostname="fv-az887-517" time="0.103">
  <properties/>
  <testcase name="Test_Get_Items_Sorted_Pages" classname="com.dotcms.util.pagination.SiteViewPaginatorUnitTest" time="0.077"/>
  <testcase name="Test_Get_Items_Page_Size" classname="com.dotcms.util.pagination.SiteViewPaginatorUnitTest" time="0.026"/>
  <system-out><![CDATA[SYSTEM_HOST
0
3
4
6
7
]]></system-out>
  <system-err><![CDATA[]]></system-err>
</testsuite>
