<?xml version="1.0" encoding="UTF-8"?>
<testsuite name="com.dotcms.auth.providers.jwt.factories.SecretKeySpecFactoryTest" tests="1" skipped="0" failures="0" errors="0" timestamp="2023-07-11T02:13:18" hostname="fv-az244-222" time="1.362">
  <properties/>
  <testcase name="readAndPrepareSecret" classname="com.dotcms.auth.providers.jwt.factories.SecretKeySpecFactoryTest" time="1.362"/>
  <system-out><![CDATA[ca6c3a731c04b0af651e18fde304808e42c8c7fdea488767279c55de8021b30a41ce396053809cc50123482c5cc369fbb59bacb6c8ba0368b5a9d13539153477
MySecretKey2
MySecretKey3
MySecretKey3
580cc5035984f67fb1bad67313b36ae2771844bc51d92cba86d196780e3a04d59f2f64d82d2dc1bed38b0d47f80b93f369e02335c1627088c506765157904527
6420e0a779982a1ff252522ade3ea2b064a815e37871d4a18247d0eab7e889a69371bcc1b8cd588b0a2b9c344cf86ff4a300dbd94c20489e36cfc84eacdd8de9
da3ba35bf71606b0aacc271829c683304c69bacaf20d7e3e3be717fcef2accd930a869fd3877ac8311f202da880a70a4e7d8f0d7e14d39a16aa37b2af91b72f5
]]></system-out>
  <system-err><![CDATA[]]></system-err>
</testsuite>
