<?xml version="1.0" encoding="UTF-8"?>
<testsuite name="com.dotcms.contenttype.business.FieldAPIImplTest" tests="4" skipped="0" failures="0" errors="0" timestamp="2023-06-30T19:35:13" hostname="fv-az1104-758" time="0.347">
  <properties/>
  <testcase name="shouldFieldInternationalizationWork" classname="com.dotcms.contenttype.business.FieldAPIImplTest" time="0.31"/>
  <testcase name="test_loadVariables_nullField" classname="com.dotcms.contenttype.business.FieldAPIImplTest" time="0.001"/>
  <testcase name="shouldFieldInternationalizationNotWork" classname="com.dotcms.contenttype.business.FieldAPIImplTest" time="0.017"/>
  <testcase name="test_loadVariables" classname="com.dotcms.contenttype.business.FieldAPIImplTest" time="0.017"/>
  <system-out><![CDATA[]]></system-out>
  <system-err><![CDATA[]]></system-err>
</testsuite>
