<?xml version="1.0" encoding="UTF-8"?>
<testsuite name="com.dotmarketing.portlets.workflows.ajax.WfBaseActionTest" tests="3" skipped="0" failures="0" errors="0" timestamp="2023-06-26T15:13:17" hostname="fv-az620-565" time="0.387">
  <properties/>
  <testcase name="TestOnNullCallTheDefaultCommand" classname="com.dotmarketing.portlets.workflows.ajax.WfBaseActionTest" time="0.324"/>
  <testcase name="TestNotAllowedCommands" classname="com.dotmarketing.portlets.workflows.ajax.WfBaseActionTest" time="0.022"/>
  <testcase name="TestAllowedCommands" classname="com.dotmarketing.portlets.workflows.ajax.WfBaseActionTest" time="0.041"/>
  <system-out><![CDATA[ Command ::  forbiddenMethod  on  class Mock for WfSchemeAjax, hashCode: 160504718
 Command ::  forbiddenMethod  on  class Mock for WfRoleStoreAjax, hashCode: 674040283
 Command ::  forbiddenMethod  on  class Mock for WfActionAjax, hashCode: 1960807943
 Command ::  forbiddenMethod  on  class Mock for WfActionClassAjax, hashCode: 264959734
 Command ::  forbiddenMethod  on  class Mock for WfTaskAjax, hashCode: 1864693160
 Command ::  save  on  class Mock for WfSchemeAjax, hashCode: 847579756
 Command ::  action  on  class Mock for WfSchemeAjax, hashCode: 847579756
 Command ::  assignable  on  class Mock for WfRoleStoreAjax, hashCode: 37262783
 Command ::  rolesToJson  on  class Mock for WfRoleStoreAjax, hashCode: 37262783
 Command ::  action  on  class Mock for WfRoleStoreAjax, hashCode: 37262783
 Command ::  add  on  class Mock for WfActionAjax, hashCode: 1943739560
 Command ::  deleteActionForStep  on  class Mock for WfActionAjax, hashCode: 1943739560
 Command ::  save  on  class Mock for WfActionAjax, hashCode: 1943739560
 Command ::  delete  on  class Mock for WfActionAjax, hashCode: 1943739560
 Command ::  reorder  on  class Mock for WfActionAjax, hashCode: 1943739560
 Command ::  action  on  class Mock for WfActionAjax, hashCode: 1943739560
 Command ::  action  on  class Mock for WfActionClassAjax, hashCode: 749404379
 Command ::  reorder  on  class Mock for WfActionClassAjax, hashCode: 749404379
 Command ::  delete  on  class Mock for WfActionClassAjax, hashCode: 749404379
 Command ::  save  on  class Mock for WfActionClassAjax, hashCode: 749404379
 Command ::  add  on  class Mock for WfActionClassAjax, hashCode: 749404379
 Command ::  executeAction  on  class Mock for WfTaskAjax, hashCode: 1770860877
 Command ::  executeActions  on  class Mock for WfTaskAjax, hashCode: 1770860877
 Command ::  action  on  class Mock for WfTaskAjax, hashCode: 1770860877
]]></system-out>
  <system-err><![CDATA[]]></system-err>
</testsuite>
