<?xml version="1.0" encoding="UTF-8"?>
<testsuite name="com.dotmarketing.portlets.osgi.AJAX.OSGIBaseAJAXTest" tests="3" skipped="0" failures="0" errors="0" timestamp="2023-07-14T14:32:49" hostname="fv-az280-239" time="0.067">
  <properties/>
  <testcase name="TestOnNullCallTheDefaultCommand" classname="com.dotmarketing.portlets.osgi.AJAX.OSGIBaseAJAXTest" time="0.047"/>
  <testcase name="TestNotAllowedCommands" classname="com.dotmarketing.portlets.osgi.AJAX.OSGIBaseAJAXTest" time="0.003"/>
  <testcase name="TestAllowedCommands" classname="com.dotmarketing.portlets.osgi.AJAX.OSGIBaseAJAXTest" time="0.016"/>
  <system-out><![CDATA[ Command ::  forbiddenMethod  on  class Mock for OSGIAJAX, hashCode: 625305194
 Command ::  action  on  class Mock for OSGIAJAX, hashCode: 165533661
 Command ::  getExtraPackages  on  class Mock for OSGIAJAX, hashCode: 165533661
 Command ::  remove  on  class Mock for OSGIAJAX, hashCode: 165533661
 Command ::  deploy  on  class Mock for OSGIAJAX, hashCode: 165533661
 Command ::  modifyExtraPackages  on  class Mock for OSGIAJAX, hashCode: 165533661
 Command ::  undeploy  on  class Mock for OSGIAJAX, hashCode: 165533661
 Command ::  stop  on  class Mock for OSGIAJAX, hashCode: 165533661
 Command ::  add  on  class Mock for OSGIAJAX, hashCode: 165533661
 Command ::  start  on  class Mock for OSGIAJAX, hashCode: 165533661
 Command ::  restart  on  class Mock for OSGIAJAX, hashCode: 165533661
]]></system-out>
  <system-err><![CDATA[]]></system-err>
</testsuite>
