<?xml version="1.0" encoding="UTF-8"?>
<testsuite name="com.dotcms.auth.providers.jwt.factories.SecretKeySpecFactoryTest" tests="1" skipped="0" failures="0" errors="0" timestamp="2023-07-04T00:43:08" hostname="fv-az455-211" time="1.736">
  <properties/>
  <testcase name="readAndPrepareSecret" classname="com.dotcms.auth.providers.jwt.factories.SecretKeySpecFactoryTest" time="1.736"/>
  <system-out><![CDATA[ee4866405ad2a0cfa8823b75a7a55de026cdcdbf7dea1d439203cd1ee35b9d3fc7a6493da9d21b9fa99a723ebf40462205254994765d602358204aaa572399c9
MySecretKey2
MySecretKey3
MySecretKey3
513f27e4debc84ac61273d84399890e765842a3a11082d71196ba5701d7ab3b12fed53e466ab9307d05251f7414fa505828540429684d16f0cec567c0d5424ed
f0b2aafc0d862716f205d359ee818c23e684d0943cbdf993af4d8df7766a7170a55c90f654b166f2a960f41c613fe87760669a0e53ad603e994b9c7a8851acf8
02df06e6ece9a069e6bc649c7dc7eaa270875040e986cbd6c7584c49072f0fdb7476b4671a29be79fd9148e819577f435c0798cf79efafab2eec7abc6b7b17b3
]]></system-out>
  <system-err><![CDATA[]]></system-err>
</testsuite>
