<?xml version="1.0" encoding="UTF-8"?>
<testsuite name="com.dotmarketing.portlets.osgi.AJAX.OSGIBaseAJAXTest" tests="3" skipped="0" failures="0" errors="0" timestamp="2023-07-19T14:35:03" hostname="fv-az447-779" time="0.059">
  <properties/>
  <testcase name="TestOnNullCallTheDefaultCommand" classname="com.dotmarketing.portlets.osgi.AJAX.OSGIBaseAJAXTest" time="0.04"/>
  <testcase name="TestNotAllowedCommands" classname="com.dotmarketing.portlets.osgi.AJAX.OSGIBaseAJAXTest" time="0.004"/>
  <testcase name="TestAllowedCommands" classname="com.dotmarketing.portlets.osgi.AJAX.OSGIBaseAJAXTest" time="0.014"/>
  <system-out><![CDATA[ Command ::  forbiddenMethod  on  class Mock for OSGIAJAX, hashCode: 1635182086
 Command ::  action  on  class Mock for OSGIAJAX, hashCode: 157014085
 Command ::  restart  on  class Mock for OSGIAJAX, hashCode: 157014085
 Command ::  start  on  class Mock for OSGIAJAX, hashCode: 157014085
 Command ::  add  on  class Mock for OSGIAJAX, hashCode: 157014085
 Command ::  stop  on  class Mock for OSGIAJAX, hashCode: 157014085
 Command ::  undeploy  on  class Mock for OSGIAJAX, hashCode: 157014085
 Command ::  modifyExtraPackages  on  class Mock for OSGIAJAX, hashCode: 157014085
 Command ::  deploy  on  class Mock for OSGIAJAX, hashCode: 157014085
 Command ::  remove  on  class Mock for OSGIAJAX, hashCode: 157014085
 Command ::  getExtraPackages  on  class Mock for OSGIAJAX, hashCode: 157014085
]]></system-out>
  <system-err><![CDATA[]]></system-err>
</testsuite>
