<?xml version="1.0" encoding="UTF-8"?>
<testsuite name="com.dotcms.util.DotPreconditionUnitTest" tests="2" skipped="0" failures="0" errors="0" timestamp="2023-06-28T13:53:23" hostname="fv-az363-416" time="0.001">
  <properties/>
  <testcase name="throwException" classname="com.dotcms.util.DotPreconditionUnitTest" time="0.001"/>
  <testcase name="NotThrowException" classname="com.dotcms.util.DotPreconditionUnitTest" time="0.0"/>
  <system-out><![CDATA[]]></system-out>
  <system-err><![CDATA[]]></system-err>
</testsuite>
