<?xml version="1.0" encoding="UTF-8"?>
<testsuite name="com.dotcms.util.ConversionUtilsTest" tests="4" skipped="0" failures="0" errors="0" timestamp="2023-06-28T22:15:06" hostname="fv-az449-448" time="0.003">
  <properties/>
  <testcase name="toLongTest" classname="com.dotcms.util.ConversionUtilsTest" time="0.0"/>
  <testcase name="convertToArrayTest" classname="com.dotcms.util.ConversionUtilsTest" time="0.001"/>
  <testcase name="toIntTest" classname="com.dotcms.util.ConversionUtilsTest" time="0.0"/>
  <testcase name="toLongFromByteCountHumanDisplaySizeTest" classname="com.dotcms.util.ConversionUtilsTest" time="0.0"/>
  <system-out><![CDATA[]]></system-out>
  <system-err><![CDATA[]]></system-err>
</testsuite>
