<?xml version="1.0" encoding="UTF-8"?>
<testsuite name="com.dotcms.util.pagination.TemplatePaginatorTest" tests="1" skipped="0" failures="0" errors="0" timestamp="2023-07-12T15:16:13" hostname="fv-az454-435" time="0.252">
  <properties/>
  <testcase name="testGetEmptyTemplateList" classname="com.dotcms.util.pagination.TemplatePaginatorTest" time="0.252"/>
  <system-out><![CDATA[]]></system-out>
  <system-err><![CDATA[]]></system-err>
</testsuite>
