<?xml version="1.0" encoding="UTF-8"?>
<testsuite name="com.dotmarketing.filters.CMSUrlUtilTest" tests="2" skipped="0" failures="0" errors="0" timestamp="2023-06-26T15:16:25" hostname="fv-az254-300" time="0.012">
  <properties/>
  <testcase name="testGetURIFromRequestWhenFilterIsSet" classname="com.dotmarketing.filters.CMSUrlUtilTest" time="0.012"/>
  <testcase name="testGetURIFromRequestWhenFilterIsNotSet" classname="com.dotmarketing.filters.CMSUrlUtilTest" time="0.0"/>
  <system-out><![CDATA[]]></system-out>
  <system-err><![CDATA[]]></system-err>
</testsuite>
