<?xml version="1.0" encoding="UTF-8"?>
<testsuite name="com.dotmarketing.util.RegEXTest" tests="6" skipped="0" failures="0" errors="0" timestamp="2023-06-27T19:58:35" hostname="fv-az280-259" time="0.006">
  <properties/>
  <testcase name="testCaseUnSensitiveAndCaseSensitiveLowerRegex" classname="com.dotmarketing.util.RegEXTest" time="0.002"/>
  <testcase name="test_replace_token_by_white_space_on_pattern" classname="com.dotmarketing.util.RegEXTest" time="0.002"/>
  <testcase name="testCaseUnSensitiveAndCaseSensitiveMixRegex" classname="com.dotmarketing.util.RegEXTest" time="0.0"/>
  <testcase name="testCaseUnSensitiveAndCaseSensitiveLowerRegexWildcard" classname="com.dotmarketing.util.RegEXTest" time="0.001"/>
  <testcase name="test_replace_token_by_white_space" classname="com.dotmarketing.util.RegEXTest" time="0.0"/>
  <testcase name="testCaseUnSensitiveAndCaseSensitiveLowerRegexWildcardEnd" classname="com.dotmarketing.util.RegEXTest" time="0.0"/>
  <system-out><![CDATA[]]></system-out>
  <system-err><![CDATA[]]></system-err>
</testsuite>
