<?xml version="1.0" encoding="UTF-8"?>
<testsuite name="com.dotcms.rest.api.v1.configuration.AppContextInitResourceTest" tests="1" skipped="0" failures="0" errors="0" timestamp="2023-06-22T00:10:38" hostname="fv-az561-920" time="0.17">
  <properties/>
  <testcase name="testVerifyConfigurationData" classname="com.dotcms.rest.api.v1.configuration.AppContextInitResourceTest" time="0.17"/>
  <system-out><![CDATA[]]></system-out>
  <system-err><![CDATA[]]></system-err>
</testsuite>
