<?xml version="1.0" encoding="UTF-8"?>
<testsuite name="com.dotcms.util.diff.DiffCommandTest" tests="2" skipped="0" failures="0" errors="0" timestamp="2023-06-23T22:21:48" hostname="fv-az1233-35" time="0.006">
  <properties/>
  <testcase name="applyDiff_Comparable" classname="com.dotcms.util.diff.DiffCommandTest" time="0.005"/>
  <testcase name="applyDiff_Differentiable" classname="com.dotcms.util.diff.DiffCommandTest" time="0.001"/>
  <system-out><![CDATA[{six=six, five=five}
{two=two}
{four=fourxxx, one=onexxx}
{six=com.dotcms.util.diff.DiffCommandTest$StringDifferentiable@4ca26f7e, five=com.dotcms.util.diff.DiffCommandTest$StringDifferentiable@6d189d8}
{two=com.dotcms.util.diff.DiffCommandTest$StringDifferentiable@444bc1ab}
{four=com.dotcms.util.diff.DiffCommandTest$StringDifferentiable@1792c85c, one=com.dotcms.util.diff.DiffCommandTest$StringDifferentiable@48948c4f}
]]></system-out>
  <system-err><![CDATA[]]></system-err>
</testsuite>
