<?xml version="1.0" encoding="UTF-8"?>
<testsuite name="com.dotcms.rendering.velocity.viewtools.navigation.NavResultTest" tests="5" skipped="0" failures="0" errors="0" timestamp="2023-07-06T18:25:55" hostname="fv-az417-45" time="0.004">
  <properties/>
  <testcase name="getEnclosingPermissionClassName_on_null_type" classname="com.dotcms.rendering.velocity.viewtools.navigation.NavResultTest" time="0.003"/>
  <testcase name="getEnclosingPermissionClassName_on_htmlpage_type" classname="com.dotcms.rendering.velocity.viewtools.navigation.NavResultTest" time="0.0"/>
  <testcase name="getEnclosingPermissionClassName_on_folder_type" classname="com.dotcms.rendering.velocity.viewtools.navigation.NavResultTest" time="0.0"/>
  <testcase name="getEnclosingPermissionClassName_on_link_type" classname="com.dotcms.rendering.velocity.viewtools.navigation.NavResultTest" time="0.0"/>
  <testcase name="getEnclosingPermissionClassName_on_unknown_type" classname="com.dotcms.rendering.velocity.viewtools.navigation.NavResultTest" time="0.0"/>
  <system-out><![CDATA[]]></system-out>
  <system-err><![CDATA[]]></system-err>
</testsuite>
