<?xml version="1.0" encoding="UTF-8"?>
<testsuite name="com.dotcms.auth.providers.jwt.factories.SecretKeySpecFactoryTest" tests="1" skipped="0" failures="0" errors="0" timestamp="2023-07-14T22:35:19" hostname="fv-az612-136" time="1.522">
  <properties/>
  <testcase name="readAndPrepareSecret" classname="com.dotcms.auth.providers.jwt.factories.SecretKeySpecFactoryTest" time="1.522"/>
  <system-out><![CDATA[514452727cd9171b5533d5a45900f9b03023ea644ac070659891990fcead0b481b4fc80d81507ac28c8bae51c28844a346ad73deeeb977a92faf9cacfd5d6225
MySecretKey2
MySecretKey3
MySecretKey3
c3106dd373024e666441cb4192524ec49ccc11ab28d2fb5cdf419d6967f8359eb693f747bafda9af9643d71c437b5b36bbb41bd9d5d16bc490545220f7d23193
81817c473acfbd3581fc777a6237d01256536cb6e768abebd2f2114de51b2dacc97406605f83cd38c3bd0acffdad97e19a3a88e3ede9e75c3656423794af6172
08f972516c52839f6ac15d2caf55be0e29c4bad590448ab4b16a24374977cb38dc10fe9b842bfa20e7957faf56da8a99e0348aefe7ffb9e6a554cbf1fe9a8ba9
]]></system-out>
  <system-err><![CDATA[]]></system-err>
</testsuite>
