<?xml version="1.0" encoding="UTF-8"?>
<testsuite name="com.dotmarketing.portlets.workflows.ajax.WfBaseActionTest" tests="3" skipped="0" failures="0" errors="0" timestamp="2023-06-29T19:43:59" hostname="fv-az955-492" time="0.144">
  <properties/>
  <testcase name="TestOnNullCallTheDefaultCommand" classname="com.dotmarketing.portlets.workflows.ajax.WfBaseActionTest" time="0.121"/>
  <testcase name="TestNotAllowedCommands" classname="com.dotmarketing.portlets.workflows.ajax.WfBaseActionTest" time="0.007"/>
  <testcase name="TestAllowedCommands" classname="com.dotmarketing.portlets.workflows.ajax.WfBaseActionTest" time="0.016"/>
  <system-out><![CDATA[ Command ::  forbiddenMethod  on  class Mock for WfRoleStoreAjax, hashCode: 86635671
 Command ::  forbiddenMethod  on  class Mock for WfActionAjax, hashCode: 1615765679
 Command ::  forbiddenMethod  on  class Mock for WfTaskAjax, hashCode: 600505767
 Command ::  forbiddenMethod  on  class Mock for WfSchemeAjax, hashCode: 479261321
 Command ::  forbiddenMethod  on  class Mock for WfActionClassAjax, hashCode: 1749307135
 Command ::  action  on  class Mock for WfRoleStoreAjax, hashCode: 166326165
 Command ::  assignable  on  class Mock for WfRoleStoreAjax, hashCode: 166326165
 Command ::  rolesToJson  on  class Mock for WfRoleStoreAjax, hashCode: 166326165
 Command ::  save  on  class Mock for WfActionAjax, hashCode: 1650345517
 Command ::  delete  on  class Mock for WfActionAjax, hashCode: 1650345517
 Command ::  reorder  on  class Mock for WfActionAjax, hashCode: 1650345517
 Command ::  action  on  class Mock for WfActionAjax, hashCode: 1650345517
 Command ::  add  on  class Mock for WfActionAjax, hashCode: 1650345517
 Command ::  deleteActionForStep  on  class Mock for WfActionAjax, hashCode: 1650345517
 Command ::  executeAction  on  class Mock for WfTaskAjax, hashCode: 2102763626
 Command ::  executeActions  on  class Mock for WfTaskAjax, hashCode: 2102763626
 Command ::  action  on  class Mock for WfTaskAjax, hashCode: 2102763626
 Command ::  save  on  class Mock for WfSchemeAjax, hashCode: 812209147
 Command ::  action  on  class Mock for WfSchemeAjax, hashCode: 812209147
 Command ::  save  on  class Mock for WfActionClassAjax, hashCode: 187438719
 Command ::  add  on  class Mock for WfActionClassAjax, hashCode: 187438719
 Command ::  action  on  class Mock for WfActionClassAjax, hashCode: 187438719
 Command ::  reorder  on  class Mock for WfActionClassAjax, hashCode: 187438719
 Command ::  delete  on  class Mock for WfActionClassAjax, hashCode: 187438719
]]></system-out>
  <system-err><![CDATA[]]></system-err>
</testsuite>
