<?xml version="1.0" encoding="UTF-8"?>
<testsuite name="com.dotcms.auth.providers.jwt.factories.SecretKeySpecFactoryTest" tests="1" skipped="0" failures="0" errors="0" timestamp="2023-07-10T19:52:55" hostname="fv-az805-829" time="1.382">
  <properties/>
  <testcase name="readAndPrepareSecret" classname="com.dotcms.auth.providers.jwt.factories.SecretKeySpecFactoryTest" time="1.382"/>
  <system-out><![CDATA[78c08ed2c1dcc7b78e6b5e73702fb17afd002cc095184be5724e58c5d45b6c7c75b881b33d084d2512597cda21fb1fab9b04590b50a3135d1a867f99623584e5
MySecretKey2
MySecretKey3
MySecretKey3
858405f3b55e456734a2c836721e24d194d996c080b11348826e8bfb800805fdd5d95d244562e33f72f9f5f9c3eb71dd7aa476b57f21bfa18afa0af40db1243b
11360c0ec6f864dae0229d1037210e4e8d6ebacedffa7cb114ebe9c85dfae5ba027b1779239d6169f7ef42ac1996763360967c6dd1522fc3d1f9e1f6ef6c9a9c
e0380ee9b8f051c69bd88b4def5c3ce9d4c5b81ae9fccc71aecb53725e5b5828dafe01ae03bae042b8c8e3e3343f68533a65953b382d489f7475fa5a0918d57c
]]></system-out>
  <system-err><![CDATA[]]></system-err>
</testsuite>
