<?xml version="1.0" encoding="UTF-8"?>
<testsuite name="com.dotcms.business.expiring.ExpiringMapTest" tests="6" skipped="0" failures="0" errors="0" timestamp="2023-07-07T21:32:47" hostname="fv-az280-510" time="43.059">
  <properties/>
  <testcase name="put_4_seconds_duration_messages_in_timeout_interval_should_be_ignore_after_should_not_contains" classname="com.dotcms.business.expiring.ExpiringMapTest" time="5.047"/>
  <testcase name="Put_Using_Cache_TTL_No_Expiring_Strategy" classname="com.dotcms.business.expiring.ExpiringMapTest" time="5.002"/>
  <testcase name="put_4_seconds_timeunit_messages_in_timeout_interval_should_be_ignore_after_should_not_contains" classname="com.dotcms.business.expiring.ExpiringMapTest" time="5.002"/>
  <testcase name="put_3_seconds_default_strategy_messages_in_timeout_interval_should_be_ignore_after_should_not_contains" classname="com.dotcms.business.expiring.ExpiringMapTest" time="5.001"/>
  <testcase name="put_4000_millis_ttl_messages_in_timeout_interval_should_be_ignore_after_should_not_contains" classname="com.dotcms.business.expiring.ExpiringMapTest" time="5.002"/>
  <testcase name="put_with_custom_strategy_messages_in_timeout_interval_should_be_ignore_after_should_not_contains" classname="com.dotcms.business.expiring.ExpiringMapTest" time="18.005"/>
  <system-out><![CDATA[]]></system-out>
  <system-err><![CDATA[]]></system-err>
</testsuite>
