<?xml version="1.0" encoding="UTF-8"?>
<testsuite name="com.dotcms.auth.providers.jwt.factories.SecretKeySpecFactoryTest" tests="1" skipped="0" failures="0" errors="0" timestamp="2023-07-07T21:19:11" hostname="fv-az343-933" time="2.011">
  <properties/>
  <testcase name="readAndPrepareSecret" classname="com.dotcms.auth.providers.jwt.factories.SecretKeySpecFactoryTest" time="2.011"/>
  <system-out><![CDATA[3220b98816e3e2bc90c7735f4c9b2164af44ebce05b69183f9b96064ec6d16866f4ffda08b6e37d09d47b9bdcb0d96050204e4ad69bc23c4d0eb47713dc2d59a
MySecretKey2
MySecretKey3
MySecretKey3
794fcf57d47a890cc3c7f401e557c9b92221363602d990cf38ab13dcff31cbaa1f2922ade42a8e7ed50f196af9d84a8e4ad9c8e6c3337fc93268fb544c389483
e8bc68e1cc7d503c67e2afd299499ade76b092370b26a048b859d4e3af1a28247c3880251a0e33e6e4acb7160bbaffb8df5fdb2818c3278468e719b108cadb2c
708574b3e7c45eb9b5a153b805b1ba1c9aa50bc9b3ce2b9347f58cd0058664209e3784d275977085ff00d2cb6c2f139723a89d90298964a9ce57bc5a434b83c1
]]></system-out>
  <system-err><![CDATA[]]></system-err>
</testsuite>
