<?xml version="1.0" encoding="UTF-8"?>
<testsuite name="com.dotcms.auth.providers.jwt.factories.SecretKeySpecFactoryTest" tests="1" skipped="0" failures="0" errors="0" timestamp="2023-06-30T18:15:40" hostname="fv-az574-602" time="1.51">
  <properties/>
  <testcase name="readAndPrepareSecret" classname="com.dotcms.auth.providers.jwt.factories.SecretKeySpecFactoryTest" time="1.51"/>
  <system-out><![CDATA[16961b4cc2453724d3964aed568838d46de1f1548cbd930dfe54dc59c1dd2d09a30458fc2cac0b5f894f7cd98a19123d20594f70acdf5d291eea5f268d11a66c
MySecretKey2
MySecretKey3
MySecretKey3
e7db994cbd3aa7807474dbe4300d35317731699cf370e03e158f9cf5e7611b1ffd79a11607f7418bf280f88d59f4500e45d633d52011957d6fb8c25eb6a53661
d0a664c531028d3db7e98e042caf206d4ac48d76dd2c1606e84b02ae0d140426349cafcf23e649737801b10b9fb14bc429d044320996c1231abca40dddac1c38
9800bed282ac4d805741fedc9dc273038a41d5c5dc3a4f87b123bf6e8ffc28042b76781b760d1d3dbf41c78878a70f3609655c2e0d22846869a29871050ec642
]]></system-out>
  <system-err><![CDATA[]]></system-err>
</testsuite>
