<?xml version="1.0" encoding="UTF-8"?>
<testsuite name="com.dotmarketing.portlets.workflows.ajax.WfBaseActionTest" tests="3" skipped="0" failures="0" errors="0" timestamp="2023-07-10T19:56:42" hostname="fv-az805-829" time="0.138">
  <properties/>
  <testcase name="TestOnNullCallTheDefaultCommand" classname="com.dotmarketing.portlets.workflows.ajax.WfBaseActionTest" time="0.107"/>
  <testcase name="TestNotAllowedCommands" classname="com.dotmarketing.portlets.workflows.ajax.WfBaseActionTest" time="0.01"/>
  <testcase name="TestAllowedCommands" classname="com.dotmarketing.portlets.workflows.ajax.WfBaseActionTest" time="0.019"/>
  <system-out><![CDATA[ Command ::  forbiddenMethod  on  class Mock for WfRoleStoreAjax, hashCode: 586440925
 Command ::  forbiddenMethod  on  class Mock for WfTaskAjax, hashCode: 229198938
 Command ::  forbiddenMethod  on  class Mock for WfActionClassAjax, hashCode: 50419413
 Command ::  forbiddenMethod  on  class Mock for WfSchemeAjax, hashCode: 891019226
 Command ::  forbiddenMethod  on  class Mock for WfActionAjax, hashCode: 790776963
 Command ::  rolesToJson  on  class Mock for WfRoleStoreAjax, hashCode: 172485667
 Command ::  assignable  on  class Mock for WfRoleStoreAjax, hashCode: 172485667
 Command ::  action  on  class Mock for WfRoleStoreAjax, hashCode: 172485667
 Command ::  executeAction  on  class Mock for WfTaskAjax, hashCode: 1903011868
 Command ::  action  on  class Mock for WfTaskAjax, hashCode: 1903011868
 Command ::  executeActions  on  class Mock for WfTaskAjax, hashCode: 1903011868
 Command ::  save  on  class Mock for WfActionClassAjax, hashCode: 339601499
 Command ::  delete  on  class Mock for WfActionClassAjax, hashCode: 339601499
 Command ::  reorder  on  class Mock for WfActionClassAjax, hashCode: 339601499
 Command ::  action  on  class Mock for WfActionClassAjax, hashCode: 339601499
 Command ::  add  on  class Mock for WfActionClassAjax, hashCode: 339601499
 Command ::  action  on  class Mock for WfSchemeAjax, hashCode: 878871665
 Command ::  save  on  class Mock for WfSchemeAjax, hashCode: 878871665
 Command ::  deleteActionForStep  on  class Mock for WfActionAjax, hashCode: 602587868
 Command ::  add  on  class Mock for WfActionAjax, hashCode: 602587868
 Command ::  action  on  class Mock for WfActionAjax, hashCode: 602587868
 Command ::  reorder  on  class Mock for WfActionAjax, hashCode: 602587868
 Command ::  delete  on  class Mock for WfActionAjax, hashCode: 602587868
 Command ::  save  on  class Mock for WfActionAjax, hashCode: 602587868
]]></system-out>
  <system-err><![CDATA[]]></system-err>
</testsuite>
