<?xml version="1.0" encoding="UTF-8"?>
<testsuite name="com.dotmarketing.portlets.workflow.business.WorkflowStateFilterTest" tests="11" skipped="0" failures="0" errors="0" timestamp="2023-07-17T21:38:44" hostname="fv-az401-175" time="0.004">
  <properties/>
  <testcase name="test_filter_true_on_editing_render_mode" classname="com.dotmarketing.portlets.workflow.business.WorkflowStateFilterTest" time="0.004"/>
  <testcase name="test_filter_true_on_listing_render_mode_with_both_states" classname="com.dotmarketing.portlets.workflow.business.WorkflowStateFilterTest" time="0.0"/>
  <testcase name="testPublishFilter" classname="com.dotmarketing.portlets.workflow.business.WorkflowStateFilterTest" time="0.0"/>
  <testcase name="testNewFilter" classname="com.dotmarketing.portlets.workflow.business.WorkflowStateFilterTest" time="0.0"/>
  <testcase name="test_filter_false_on_listing_render_mode" classname="com.dotmarketing.portlets.workflow.business.WorkflowStateFilterTest" time="0.0"/>
  <testcase name="test_filter_no_editing_nor_listing_on_render_mode_false" classname="com.dotmarketing.portlets.workflow.business.WorkflowStateFilterTest" time="0.0"/>
  <testcase name="testEmptyFilter" classname="com.dotmarketing.portlets.workflow.business.WorkflowStateFilterTest" time="0.0"/>
  <testcase name="test_filter_true_on_listing_render_mode" classname="com.dotmarketing.portlets.workflow.business.WorkflowStateFilterTest" time="0.0"/>
  <testcase name="test_filter_true_on_editing_render_mode_with_both_states" classname="com.dotmarketing.portlets.workflow.business.WorkflowStateFilterTest" time="0.0"/>
  <testcase name="test_filter_false_on_editing_render_mode" classname="com.dotmarketing.portlets.workflow.business.WorkflowStateFilterTest" time="0.0"/>
  <testcase name="testUnpublishFilter" classname="com.dotmarketing.portlets.workflow.business.WorkflowStateFilterTest" time="0.0"/>
  <system-out><![CDATA[]]></system-out>
  <system-err><![CDATA[]]></system-err>
</testsuite>
