<?xml version="1.0" encoding="UTF-8"?>
<testsuite name="com.dotcms.util.ReflectionUtilsTest" tests="1" skipped="0" failures="0" errors="0" timestamp="2023-07-20T22:03:50" hostname="fv-az1104-934" time="0.009">
  <properties/>
  <testcase name="newInstanceTest" classname="com.dotcms.util.ReflectionUtilsTest" time="0.009"/>
  <system-out><![CDATA[]]></system-out>
  <system-err><![CDATA[]]></system-err>
</testsuite>
