<?xml version="1.0" encoding="UTF-8"?>
<testsuite name="com.dotcms.auth.providers.jwt.factories.SecretKeySpecFactoryTest" tests="1" skipped="0" failures="0" errors="0" timestamp="2023-07-21T17:42:05" hostname="fv-az620-708" time="1.885">
  <properties/>
  <testcase name="readAndPrepareSecret" classname="com.dotcms.auth.providers.jwt.factories.SecretKeySpecFactoryTest" time="1.885"/>
  <system-out><![CDATA[fe84d47ccb9b1e540348be821b22c9946c369dbf3a09aea95e593bbf7447937edfe6a28b01a57bb8d60ec93756e8f32c5b146ef4d7b0afa42ec8336b328e0e60
MySecretKey2
MySecretKey3
MySecretKey3
c9cf80f272df386e0723936e5695b4e5a44d3f2409019ef39d8d9224ea9ec2b2e1de1ffbcd1ab0367d9025cc2beb3491745772236d246be1737060fc0c2e5b51
dec3d39e2102550bab883aa50ad760e83215e27bb6fd839d4f7d8b061b3bd24dfab683d06336d1010e7588ab7a7d529b88a8dc055a055137bccd2a498fc0ee0f
2223b297c28e7fda54fff6032ab685b62597bd79d9cd945be4f73a856799c13874cb2e79fc564d41d07acc7458c3f39caeec555c14694285a7102d2687ee4bf6
]]></system-out>
  <system-err><![CDATA[]]></system-err>
</testsuite>
