<?xml version="1.0" encoding="UTF-8"?>
<testsuite name="com.dotcms.filters.interceptor.dotcms.WebInterceptorTest" tests="3" skipped="0" failures="0" errors="0" timestamp="2023-06-30T20:43:20" hostname="fv-az563-283" time="0.011">
  <properties/>
  <testcase name="intercept_is_next_true" classname="com.dotcms.filters.interceptor.dotcms.WebInterceptorTest" time="0.003"/>
  <testcase name="intercept_is_skip_no_chain_true" classname="com.dotcms.filters.interceptor.dotcms.WebInterceptorTest" time="0.001"/>
  <testcase name="intercept_is_skip_true" classname="com.dotcms.filters.interceptor.dotcms.WebInterceptorTest" time="0.002"/>
  <system-out><![CDATA[]]></system-out>
  <system-err><![CDATA[]]></system-err>
</testsuite>
