<?xml version="1.0" encoding="UTF-8"?>
<testsuite name="com.dotmarketing.portlets.contentlet.model.ResourceLinkTest" tests="9" skipped="0" failures="0" errors="0" timestamp="2023-06-29T16:44:11" hostname="fv-az502-91" time="0.243">
  <properties/>
  <testcase name="test_newContentlet_withAdminUser_expectEmptyLink" classname="com.dotmarketing.portlets.contentlet.model.ResourceLinkTest" time="0.023"/>
  <testcase name="test_html_ResourceLink_Expect_Downloadable_Secure_Site_Port_Number" classname="com.dotmarketing.portlets.contentlet.model.ResourceLinkTest" time="0.137"/>
  <testcase name="test_vm_ResourceLink_With_LimitedUser_ExpectRestricted_NoPortNumber" classname="com.dotmarketing.portlets.contentlet.model.ResourceLinkTest" time="0.009"/>
  <testcase name="test_new_contentlet_limited_user_expect_empty_link" classname="com.dotmarketing.portlets.contentlet.model.ResourceLinkTest" time="0.016"/>
  <testcase name="test_vtl_ResourceLink_WithLimitedUser_Expect_Downloadable_No_Port_Number" classname="com.dotmarketing.portlets.contentlet.model.ResourceLinkTest" time="0.009"/>
  <testcase name="test_new_contentlet_no_inode" classname="com.dotmarketing.portlets.contentlet.model.ResourceLinkTest" time="0.003"/>
  <testcase name="test_Html_ResourceLink_Expect_Downloadable_No_Port_Number" classname="com.dotmarketing.portlets.contentlet.model.ResourceLinkTest" time="0.008"/>
  <testcase name="test_vtl_ResourceLink_WithAdminUser_Expect_Downloadable_No_Port_Number" classname="com.dotmarketing.portlets.contentlet.model.ResourceLinkTest" time="0.008"/>
  <testcase name="test_vm_ResourceLink_With_Admin_User_Expect_Downloadable_NoPortNumber" classname="com.dotmarketing.portlets.contentlet.model.ResourceLinkTest" time="0.012"/>
  <system-out><![CDATA[]]></system-out>
  <system-err><![CDATA[]]></system-err>
</testsuite>
