<?xml version="1.0" encoding="UTF-8"?>
<testsuite name="com.liferay.portal.pwd.RegExpToolkitTest" tests="2" skipped="0" failures="0" errors="0" timestamp="2023-07-11T14:35:02" hostname="fv-az851-866" time="0.016">
  <properties/>
  <testcase name="testValidPasswordFormat" classname="com.liferay.portal.pwd.RegExpToolkitTest" time="0.01"/>
  <testcase name="testInvalidPasswordFormat" classname="com.liferay.portal.pwd.RegExpToolkitTest" time="0.006"/>
  <system-out><![CDATA[]]></system-out>
  <system-err><![CDATA[]]></system-err>
</testsuite>
