<?xml version="1.0" encoding="UTF-8"?>
<testsuite name="com.dotmarketing.portlets.osgi.AJAX.OSGIBaseAJAXTest" tests="3" skipped="0" failures="0" errors="0" timestamp="2023-07-14T01:26:26" hostname="fv-az453-417" time="0.061">
  <properties/>
  <testcase name="TestOnNullCallTheDefaultCommand" classname="com.dotmarketing.portlets.osgi.AJAX.OSGIBaseAJAXTest" time="0.035"/>
  <testcase name="TestNotAllowedCommands" classname="com.dotmarketing.portlets.osgi.AJAX.OSGIBaseAJAXTest" time="0.004"/>
  <testcase name="TestAllowedCommands" classname="com.dotmarketing.portlets.osgi.AJAX.OSGIBaseAJAXTest" time="0.022"/>
  <system-out><![CDATA[ Command ::  forbiddenMethod  on  class Mock for OSGIAJAX, hashCode: 1101447963
 Command ::  remove  on  class Mock for OSGIAJAX, hashCode: 704419380
 Command ::  getExtraPackages  on  class Mock for OSGIAJAX, hashCode: 704419380
 Command ::  action  on  class Mock for OSGIAJAX, hashCode: 704419380
 Command ::  restart  on  class Mock for OSGIAJAX, hashCode: 704419380
 Command ::  start  on  class Mock for OSGIAJAX, hashCode: 704419380
 Command ::  add  on  class Mock for OSGIAJAX, hashCode: 704419380
 Command ::  stop  on  class Mock for OSGIAJAX, hashCode: 704419380
 Command ::  undeploy  on  class Mock for OSGIAJAX, hashCode: 704419380
 Command ::  modifyExtraPackages  on  class Mock for OSGIAJAX, hashCode: 704419380
 Command ::  deploy  on  class Mock for OSGIAJAX, hashCode: 704419380
]]></system-out>
  <system-err><![CDATA[]]></system-err>
</testsuite>
