<?xml version="1.0" encoding="UTF-8"?>
<testsuite name="com.dotcms.util.diff.DiffCommandTest" tests="2" skipped="0" failures="0" errors="0" timestamp="2023-06-30T19:45:41" hostname="fv-az361-558" time="0.013">
  <properties/>
  <testcase name="applyDiff_Comparable" classname="com.dotcms.util.diff.DiffCommandTest" time="0.012"/>
  <testcase name="applyDiff_Differentiable" classname="com.dotcms.util.diff.DiffCommandTest" time="0.0"/>
  <system-out><![CDATA[{six=six, five=five}
{two=two}
{four=fourxxx, one=onexxx}
{six=com.dotcms.util.diff.DiffCommandTest$StringDifferentiable@450f0562, five=com.dotcms.util.diff.DiffCommandTest$StringDifferentiable@5ee7e5ae}
{two=com.dotcms.util.diff.DiffCommandTest$StringDifferentiable@791fc558}
{four=com.dotcms.util.diff.DiffCommandTest$StringDifferentiable@6725d125, one=com.dotcms.util.diff.DiffCommandTest$StringDifferentiable@5a3cecb6}
]]></system-out>
  <system-err><![CDATA[]]></system-err>
</testsuite>
