<?xml version="1.0" encoding="UTF-8"?>
<testsuite name="com.dotcms.auth.providers.jwt.factories.SecretKeySpecFactoryTest" tests="1" skipped="0" failures="0" errors="0" timestamp="2023-07-06T16:09:22" hostname="fv-az306-793" time="1.443">
  <properties/>
  <testcase name="readAndPrepareSecret" classname="com.dotcms.auth.providers.jwt.factories.SecretKeySpecFactoryTest" time="1.443"/>
  <system-out><![CDATA[8ca0483ad1ccef3ca114acb59616fd1f6fed8b55afe33e8cf0fbe811afc73efdaaf8ca299cf2c92f7fdbf4d76c05df6db7cb7d9e60b3ab39a0216341358ced27
MySecretKey2
MySecretKey3
MySecretKey3
5193c1e66bf8d5ded850da07c8a46cc0d07ecb2d6463bf185523e26df4b03fec6b9081371b23debce7f6d77411319499430f2fc3b34459075de5106fdd8f941d
37db9c7c18925a6f1db9d9beed607ff67a35ec9cdf072466ce2040166d5c0a09a05e6a47e51dffb8b335cca8ea60100d3e94e239139491050351a633939b2160
420d952fd5b36a4b63bf5f60c3e84e62dcd8079f0e9ff472718a589138baac25ee926b026a5695bced8dd0a0e4de342b6491114889be5d1e93f3d7a8f4aedecc
]]></system-out>
  <system-err><![CDATA[]]></system-err>
</testsuite>
