<?xml version="1.0" encoding="UTF-8"?>
<testsuite name="com.dotmarketing.portlets.workflows.ajax.WfBaseActionTest" tests="3" skipped="0" failures="0" errors="0" timestamp="2023-07-20T22:05:10" hostname="fv-az1104-934" time="0.184">
  <properties/>
  <testcase name="TestOnNullCallTheDefaultCommand" classname="com.dotmarketing.portlets.workflows.ajax.WfBaseActionTest" time="0.143"/>
  <testcase name="TestNotAllowedCommands" classname="com.dotmarketing.portlets.workflows.ajax.WfBaseActionTest" time="0.008"/>
  <testcase name="TestAllowedCommands" classname="com.dotmarketing.portlets.workflows.ajax.WfBaseActionTest" time="0.033"/>
  <system-out><![CDATA[ Command ::  forbiddenMethod  on  class Mock for WfTaskAjax, hashCode: 1112362420
 Command ::  forbiddenMethod  on  class Mock for WfActionClassAjax, hashCode: 402514300
 Command ::  forbiddenMethod  on  class Mock for WfActionAjax, hashCode: 1183057967
 Command ::  forbiddenMethod  on  class Mock for WfRoleStoreAjax, hashCode: 601914985
 Command ::  forbiddenMethod  on  class Mock for WfSchemeAjax, hashCode: 1292006377
 Command ::  action  on  class Mock for WfTaskAjax, hashCode: 1113810031
 Command ::  executeActions  on  class Mock for WfTaskAjax, hashCode: 1113810031
 Command ::  executeAction  on  class Mock for WfTaskAjax, hashCode: 1113810031
 Command ::  add  on  class Mock for WfActionClassAjax, hashCode: 1499532239
 Command ::  save  on  class Mock for WfActionClassAjax, hashCode: 1499532239
 Command ::  delete  on  class Mock for WfActionClassAjax, hashCode: 1499532239
 Command ::  reorder  on  class Mock for WfActionClassAjax, hashCode: 1499532239
 Command ::  action  on  class Mock for WfActionClassAjax, hashCode: 1499532239
 Command ::  save  on  class Mock for WfActionAjax, hashCode: 1352241096
 Command ::  deleteActionForStep  on  class Mock for WfActionAjax, hashCode: 1352241096
 Command ::  add  on  class Mock for WfActionAjax, hashCode: 1352241096
 Command ::  action  on  class Mock for WfActionAjax, hashCode: 1352241096
 Command ::  reorder  on  class Mock for WfActionAjax, hashCode: 1352241096
 Command ::  delete  on  class Mock for WfActionAjax, hashCode: 1352241096
 Command ::  action  on  class Mock for WfRoleStoreAjax, hashCode: 832947875
 Command ::  rolesToJson  on  class Mock for WfRoleStoreAjax, hashCode: 832947875
 Command ::  assignable  on  class Mock for WfRoleStoreAjax, hashCode: 832947875
 Command ::  action  on  class Mock for WfSchemeAjax, hashCode: 833541726
 Command ::  save  on  class Mock for WfSchemeAjax, hashCode: 833541726
]]></system-out>
  <system-err><![CDATA[]]></system-err>
</testsuite>
