<?xml version="1.0" encoding="UTF-8"?>
<testsuite name="com.dotcms.auth.providers.jwt.factories.SecretKeySpecFactoryTest" tests="1" skipped="0" failures="0" errors="0" timestamp="2023-07-13T21:16:21" hostname="fv-az736-712" time="1.531">
  <properties/>
  <testcase name="readAndPrepareSecret" classname="com.dotcms.auth.providers.jwt.factories.SecretKeySpecFactoryTest" time="1.531"/>
  <system-out><![CDATA[b3eb28785b56b724b2134ad136cf84027f8c936f85c25587b576b94523507feb1eabae45e3793a2521aff72f5c2ab2c9c4afebc6df8df36c84bd2f819d52d49d
MySecretKey2
MySecretKey3
MySecretKey3
6f297c317b6c345fe842ab6dfad8b9c8733268c092ec5d4fdb07b6215ef9ec249851643b0e8652f1088dee816b88a4c6c27d353d2fa4d7b43f3ec8401ae0c220
6a981c39c38f84d814ac78f3a31c45c2360590c1078317078ed6ea3ed4d7ccfa0e45e25a52ddcd05327dbb19d365953511fa36358fc3701a679b646687e74253
c7ade03ccfd6601803cdaa1c0d8a0022f7b99b3e93686c41e3e59b4748b4b269a0e34622fb89b4eabb961b2f4c9a0f19421f7c2b646c4a6038f56f06b6700db3
]]></system-out>
  <system-err><![CDATA[]]></system-err>
</testsuite>
