<?xml version="1.0" encoding="UTF-8"?>
<testsuite name="com.dotcms.auth.providers.jwt.factories.SecretKeySpecFactoryTest" tests="1" skipped="0" failures="0" errors="0" timestamp="2023-06-22T13:29:23" hostname="fv-az570-235" time="1.36">
  <properties/>
  <testcase name="readAndPrepareSecret" classname="com.dotcms.auth.providers.jwt.factories.SecretKeySpecFactoryTest" time="1.36"/>
  <system-out><![CDATA[3ea8e3afd0b60a9983a3f28ffded4f17480e3d606e9abae4df27be463911a811a172ca38faf66eb37b783d208fd7ad2ffa8c86594b96e6753b3713ceac8b5694
MySecretKey2
MySecretKey3
MySecretKey3
2f115280de22817d37e0795f0416e8bd66db1ce8fa6c09c7b77000c3f0c660468be19980be4575e8d2004f06b471eb3be3fee6382162f086966a36f0a9cfc346
f44c82ead42704ed127975737a5d2990d2a9130d29350a2e5c4562c3f1a93f85f25510a70be12ad2b59f85c4a3dfee2556a4e6c63ad8da8f59c4a53376a63b43
ec4fc7c52541e5a671d0a725376fd24bb63153b53f3266bd87c8cc46ee04a9b0a39b8047c1fb45c1afebec19830cd4bb84f7f758be138b6cb888905c3f5c5743
]]></system-out>
  <system-err><![CDATA[]]></system-err>
</testsuite>
