<?xml version="1.0" encoding="UTF-8"?>
<testsuite name="com.dotcms.filters.interceptor.jwt.JsonWebTokenInterceptorTest" tests="3" skipped="0" failures="0" errors="0" timestamp="2023-07-05T18:25:39" hostname="fv-az244-433" time="0.453">
  <properties/>
  <testcase name="interceptLoggedUserTest" classname="com.dotcms.filters.interceptor.jwt.JsonWebTokenInterceptorTest" time="0.425"/>
  <testcase name="interceptOnNonHttpsTest" classname="com.dotcms.filters.interceptor.jwt.JsonWebTokenInterceptorTest" time="0.004"/>
  <testcase name="interceptNonAccessTokenTest" classname="com.dotcms.filters.interceptor.jwt.JsonWebTokenInterceptorTest" time="0.024"/>
  <system-out><![CDATA[Gettings cookies
]]></system-out>
  <system-err><![CDATA[]]></system-err>
</testsuite>
