<?xml version="1.0" encoding="UTF-8"?>
<testsuite name="com.dotcms.util.diff.DiffCommandTest" tests="2" skipped="0" failures="0" errors="0" timestamp="2023-07-17T19:52:15" hostname="fv-az193-732" time="0.019">
  <properties/>
  <testcase name="applyDiff_Comparable" classname="com.dotcms.util.diff.DiffCommandTest" time="0.017"/>
  <testcase name="applyDiff_Differentiable" classname="com.dotcms.util.diff.DiffCommandTest" time="0.002"/>
  <system-out><![CDATA[{six=six, five=five}
{two=two}
{four=fourxxx, one=onexxx}
{six=com.dotcms.util.diff.DiffCommandTest$StringDifferentiable@6d46aae2, five=com.dotcms.util.diff.DiffCommandTest$StringDifferentiable@949e92c}
{two=com.dotcms.util.diff.DiffCommandTest$StringDifferentiable@67ebe1cc}
{four=com.dotcms.util.diff.DiffCommandTest$StringDifferentiable@22ebb1fc, one=com.dotcms.util.diff.DiffCommandTest$StringDifferentiable@7aa21ef9}
]]></system-out>
  <system-err><![CDATA[]]></system-err>
</testsuite>
