<?xml version="1.0" encoding="UTF-8"?>
<testsuite name="com.dotcms.util.HttpRequestDataUtilTest" tests="6" skipped="0" failures="0" errors="0" timestamp="2023-06-26T19:50:03" hostname="fv-az257-270" time="0.011">
  <properties/>
  <testcase name="test_getHeaderCaseInsensitive[0: com.dotcms.util.HttpRequestDataUtilTest$ParamTestCase@1dd492c5]" classname="com.dotcms.util.HttpRequestDataUtilTest" time="0.002"/>
  <testcase name="test_getHeaderCaseInsensitive[1: com.dotcms.util.HttpRequestDataUtilTest$ParamTestCase@16d323bb]" classname="com.dotcms.util.HttpRequestDataUtilTest" time="0.0"/>
  <testcase name="test_getHeaderCaseInsensitive[2: com.dotcms.util.HttpRequestDataUtilTest$ParamTestCase@1e0270f2]" classname="com.dotcms.util.HttpRequestDataUtilTest" time="0.001"/>
  <testcase name="test_getParamCaseInsensitive[0: com.dotcms.util.HttpRequestDataUtilTest$ParamTestCase@1dd492c5]" classname="com.dotcms.util.HttpRequestDataUtilTest" time="0.002"/>
  <testcase name="test_getParamCaseInsensitive[1: com.dotcms.util.HttpRequestDataUtilTest$ParamTestCase@16d323bb]" classname="com.dotcms.util.HttpRequestDataUtilTest" time="0.003"/>
  <testcase name="test_getParamCaseInsensitive[2: com.dotcms.util.HttpRequestDataUtilTest$ParamTestCase@1e0270f2]" classname="com.dotcms.util.HttpRequestDataUtilTest" time="0.001"/>
  <system-out><![CDATA[]]></system-out>
  <system-err><![CDATA[]]></system-err>
</testsuite>
