<?xml version="1.0" encoding="UTF-8"?>
<testsuite name="com.dotmarketing.portlets.workflows.ajax.WfBaseActionTest" tests="3" skipped="0" failures="0" errors="0" timestamp="2023-06-30T19:37:00" hostname="fv-az1104-758" time="0.366">
  <properties/>
  <testcase name="TestOnNullCallTheDefaultCommand" classname="com.dotmarketing.portlets.workflows.ajax.WfBaseActionTest" time="0.251"/>
  <testcase name="TestNotAllowedCommands" classname="com.dotmarketing.portlets.workflows.ajax.WfBaseActionTest" time="0.041"/>
  <testcase name="TestAllowedCommands" classname="com.dotmarketing.portlets.workflows.ajax.WfBaseActionTest" time="0.069"/>
  <system-out><![CDATA[ Command ::  forbiddenMethod  on  class Mock for WfActionAjax, hashCode: 1874727585
 Command ::  forbiddenMethod  on  class Mock for WfActionClassAjax, hashCode: 1524061919
 Command ::  forbiddenMethod  on  class Mock for WfTaskAjax, hashCode: 201727035
 Command ::  forbiddenMethod  on  class Mock for WfSchemeAjax, hashCode: 696513249
 Command ::  forbiddenMethod  on  class Mock for WfRoleStoreAjax, hashCode: 387388206
 Command ::  deleteActionForStep  on  class Mock for WfActionAjax, hashCode: 2034951470
 Command ::  add  on  class Mock for WfActionAjax, hashCode: 2034951470
 Command ::  action  on  class Mock for WfActionAjax, hashCode: 2034951470
 Command ::  reorder  on  class Mock for WfActionAjax, hashCode: 2034951470
 Command ::  delete  on  class Mock for WfActionAjax, hashCode: 2034951470
 Command ::  save  on  class Mock for WfActionAjax, hashCode: 2034951470
 Command ::  add  on  class Mock for WfActionClassAjax, hashCode: 97742959
 Command ::  save  on  class Mock for WfActionClassAjax, hashCode: 97742959
 Command ::  delete  on  class Mock for WfActionClassAjax, hashCode: 97742959
 Command ::  reorder  on  class Mock for WfActionClassAjax, hashCode: 97742959
 Command ::  action  on  class Mock for WfActionClassAjax, hashCode: 97742959
 Command ::  executeAction  on  class Mock for WfTaskAjax, hashCode: 2043155690
 Command ::  action  on  class Mock for WfTaskAjax, hashCode: 2043155690
 Command ::  executeActions  on  class Mock for WfTaskAjax, hashCode: 2043155690
 Command ::  action  on  class Mock for WfSchemeAjax, hashCode: 1961000845
 Command ::  save  on  class Mock for WfSchemeAjax, hashCode: 1961000845
 Command ::  rolesToJson  on  class Mock for WfRoleStoreAjax, hashCode: 793269563
 Command ::  assignable  on  class Mock for WfRoleStoreAjax, hashCode: 793269563
 Command ::  action  on  class Mock for WfRoleStoreAjax, hashCode: 793269563
]]></system-out>
  <system-err><![CDATA[]]></system-err>
</testsuite>
