<?xml version="1.0" encoding="UTF-8"?>
<testsuite name="com.dotcms.system.event.local.LocalSystemEventsAPITest" tests="11" skipped="1" failures="0" errors="0" timestamp="2023-06-28T00:01:26" hostname="fv-az401-312" time="6.032">
  <properties/>
  <testcase name="Test_Non_Blocking_Notification_On_Event_Consumed_With_No_Subscribers" classname="com.dotcms.system.event.local.LocalSystemEventsAPITest" time="2.003"/>
  <testcase name="delegatePlusAnnotationSubscribeTest" classname="com.dotcms.system.event.local.LocalSystemEventsAPITest" time="0.013"/>
  <testcase name="delegateSubscribeTest" classname="com.dotcms.system.event.local.LocalSystemEventsAPITest" time="0.001"/>
  <testcase name="Test_Send_Event_For_Limited_Audience" classname="com.dotcms.system.event.local.LocalSystemEventsAPITest" time="2.005"/>
  <testcase name="orphanSubscriberTest" classname="com.dotcms.system.event.local.LocalSystemEventsAPITest" time="0.001"/>
  <testcase name="annotationSubscribeTest" classname="com.dotcms.system.event.local.LocalSystemEventsAPITest" time="0.001"/>
  <testcase name="invalidAnnotatedSubscriberTest" classname="com.dotcms.system.event.local.LocalSystemEventsAPITest" time="0.001"/>
  <testcase name="deleteAnnotatedSubscriberTest" classname="com.dotcms.system.event.local.LocalSystemEventsAPITest" time="0.002"/>
  <testcase name="twoAnnotationSubscribeTest" classname="com.dotcms.system.event.local.LocalSystemEventsAPITest" time="0.001"/>
  <testcase name="deleteAnnotated2SubscriberTest" classname="com.dotcms.system.event.local.LocalSystemEventsAPITest" time="0.0">
    <skipped/>
  </testcase>
  <testcase name="Test_Non_Blocking_Notification_On_Event_Consumed_With_Subscribers" classname="com.dotcms.system.event.local.LocalSystemEventsAPITest" time="2.002"/>
  <system-out><![CDATA[works??
it works??
yeah works??
it works??
it works??
yeah it works??
yeah it works??
yeah it works??
yeah it works??
OrphanEvent: OrphanEvent{event=com.dotcms.system.event.local.MyOrphanEvent@18a4d1c7}
works??
Worked
works??
works??
works??
it works??
it works??
it works??
yeah works??
yeah works??
yeah it works??
yeah it works??
yeah it works??
Async notify Event 2.
Async notify Event 2.
Async notify Event 2.
]]></system-out>
  <system-err><![CDATA[]]></system-err>
</testsuite>
