<?xml version="1.0" encoding="UTF-8"?>
<testsuite name="com.dotcms.rest.api.v1.workflow.WorkflowResourceTest" tests="7" skipped="0" failures="0" errors="0" timestamp="2023-06-28T02:41:21" hostname="fv-az1246-735" time="0.446">
  <properties/>
  <testcase name="testEmptySchemaParameters" classname="com.dotcms.rest.api.v1.workflow.WorkflowResourceTest" time="0.016"/>
  <testcase name="testUpdateNonExistingScheme" classname="com.dotcms.rest.api.v1.workflow.WorkflowResourceTest" time="0.415"/>
  <testcase name="testUpdateScheme" classname="com.dotcms.rest.api.v1.workflow.WorkflowResourceTest" time="0.003"/>
  <testcase name="testSaveExistingSchemeDupeName" classname="com.dotcms.rest.api.v1.workflow.WorkflowResourceTest" time="0.005"/>
  <testcase name="testSaveScheme" classname="com.dotcms.rest.api.v1.workflow.WorkflowResourceTest" time="0.005"/>
  <testcase name="testNullSchemaParameters" classname="com.dotcms.rest.api.v1.workflow.WorkflowResourceTest" time="0.001"/>
  <testcase name="testSchemaEmptyParameters" classname="com.dotcms.rest.api.v1.workflow.WorkflowResourceTest" time="0.0"/>
  <system-out><![CDATA[]]></system-out>
  <system-err><![CDATA[]]></system-err>
</testsuite>
