<?xml version="1.0" encoding="UTF-8"?>
<testsuite name="com.dotmarketing.portlets.workflows.ajax.WfBaseActionTest" tests="3" skipped="0" failures="0" errors="0" timestamp="2023-07-18T15:51:54" hostname="fv-az612-336" time="0.159">
  <properties/>
  <testcase name="TestOnNullCallTheDefaultCommand" classname="com.dotmarketing.portlets.workflows.ajax.WfBaseActionTest" time="0.125"/>
  <testcase name="TestNotAllowedCommands" classname="com.dotmarketing.portlets.workflows.ajax.WfBaseActionTest" time="0.015"/>
  <testcase name="TestAllowedCommands" classname="com.dotmarketing.portlets.workflows.ajax.WfBaseActionTest" time="0.019"/>
  <system-out><![CDATA[ Command ::  forbiddenMethod  on  class Mock for WfActionClassAjax, hashCode: 519816062
 Command ::  forbiddenMethod  on  class Mock for WfSchemeAjax, hashCode: 417315958
 Command ::  forbiddenMethod  on  class Mock for WfRoleStoreAjax, hashCode: 1904995669
 Command ::  forbiddenMethod  on  class Mock for WfTaskAjax, hashCode: 1266446367
 Command ::  forbiddenMethod  on  class Mock for WfActionAjax, hashCode: 229729250
 Command ::  action  on  class Mock for WfActionClassAjax, hashCode: 568939032
 Command ::  reorder  on  class Mock for WfActionClassAjax, hashCode: 568939032
 Command ::  delete  on  class Mock for WfActionClassAjax, hashCode: 568939032
 Command ::  save  on  class Mock for WfActionClassAjax, hashCode: 568939032
 Command ::  add  on  class Mock for WfActionClassAjax, hashCode: 568939032
 Command ::  save  on  class Mock for WfSchemeAjax, hashCode: 2032329460
 Command ::  action  on  class Mock for WfSchemeAjax, hashCode: 2032329460
 Command ::  action  on  class Mock for WfRoleStoreAjax, hashCode: 451523470
 Command ::  assignable  on  class Mock for WfRoleStoreAjax, hashCode: 451523470
 Command ::  rolesToJson  on  class Mock for WfRoleStoreAjax, hashCode: 451523470
 Command ::  executeAction  on  class Mock for WfTaskAjax, hashCode: 730816979
 Command ::  executeActions  on  class Mock for WfTaskAjax, hashCode: 730816979
 Command ::  action  on  class Mock for WfTaskAjax, hashCode: 730816979
 Command ::  save  on  class Mock for WfActionAjax, hashCode: 58623464
 Command ::  delete  on  class Mock for WfActionAjax, hashCode: 58623464
 Command ::  reorder  on  class Mock for WfActionAjax, hashCode: 58623464
 Command ::  action  on  class Mock for WfActionAjax, hashCode: 58623464
 Command ::  add  on  class Mock for WfActionAjax, hashCode: 58623464
 Command ::  deleteActionForStep  on  class Mock for WfActionAjax, hashCode: 58623464
]]></system-out>
  <system-err><![CDATA[]]></system-err>
</testsuite>
