<?xml version="1.0" encoding="UTF-8"?>
<testsuite name="com.dotcms.util.pagination.SiteViewPaginatorUnitTest" tests="2" skipped="0" failures="0" errors="0" timestamp="2023-07-10T21:09:09" hostname="fv-az400-299" time="0.165">
  <properties/>
  <testcase name="Test_Get_Items_Sorted_Pages" classname="com.dotcms.util.pagination.SiteViewPaginatorUnitTest" time="0.115"/>
  <testcase name="Test_Get_Items_Page_Size" classname="com.dotcms.util.pagination.SiteViewPaginatorUnitTest" time="0.05"/>
  <system-out><![CDATA[SYSTEM_HOST
1
2
4
5
6
8
]]></system-out>
  <system-err><![CDATA[]]></system-err>
</testsuite>
