<?xml version="1.0" encoding="UTF-8"?>
<testsuite name="com.dotmarketing.business.cache.provider.h22.H22CacheTest" tests="10" skipped="7" failures="0" errors="0" timestamp="2023-07-21T17:45:15" hostname="fv-az620-708" time="36.913">
  <properties/>
  <testcase name="Test_Exhaust_Thread_Pool[0: com.dotmarketing.business.cache.provider.h22.H22CacheTest$ToleranceTestCase@5c47f35f]" classname="com.dotmarketing.business.cache.provider.h22.H22CacheTest" time="0.007">
    <skipped/>
  </testcase>
  <testcase name="Test_Exhaust_Thread_Pool[1: com.dotmarketing.business.cache.provider.h22.H22CacheTest$ToleranceTestCase@1b78eba4]" classname="com.dotmarketing.business.cache.provider.h22.H22CacheTest" time="0.0">
    <skipped/>
  </testcase>
  <testcase name="Test_Exhaust_Thread_Pool[2: com.dotmarketing.business.cache.provider.h22.H22CacheTest$ToleranceTestCase@356650cd]" classname="com.dotmarketing.business.cache.provider.h22.H22CacheTest" time="0.001">
    <skipped/>
  </testcase>
  <testcase name="Test_Exhaust_Thread_Pool[3: com.dotmarketing.business.cache.provider.h22.H22CacheTest$ToleranceTestCase@2c22f6f]" classname="com.dotmarketing.business.cache.provider.h22.H22CacheTest" time="0.0">
    <skipped/>
  </testcase>
  <testcase name="Test_Exhaust_Thread_Pool[4: com.dotmarketing.business.cache.provider.h22.H22CacheTest$ToleranceTestCase@617cf963]" classname="com.dotmarketing.business.cache.provider.h22.H22CacheTest" time="0.001">
    <skipped/>
  </testcase>
  <testcase name="Test_Exhaust_Thread_Pool[5: com.dotmarketing.business.cache.provider.h22.H22CacheTest$ToleranceTestCase@3d051b23]" classname="com.dotmarketing.business.cache.provider.h22.H22CacheTest" time="0.0">
    <skipped/>
  </testcase>
  <testcase name="Test_Exhaust_Thread_Pool[6: com.dotmarketing.business.cache.provider.h22.H22CacheTest$ToleranceTestCase@3ae2c476]" classname="com.dotmarketing.business.cache.provider.h22.H22CacheTest" time="0.001">
    <skipped/>
  </testcase>
  <testcase name="test_basic_cache_operations" classname="com.dotmarketing.business.cache.provider.h22.H22CacheTest" time="18.08"/>
  <testcase name="test_multi_threaded_h22_including_recovery" classname="com.dotmarketing.business.cache.provider.h22.H22CacheTest" time="13.082"/>
  <testcase name="test_special_cases_like_long_names" classname="com.dotmarketing.business.cache.provider.h22.H22CacheTest" time="5.74"/>
  <system-out><![CDATA[]]></system-out>
  <system-err><![CDATA[]]></system-err>
</testsuite>
