<?xml version="1.0" encoding="UTF-8"?>
<testsuite name="com.dotcms.util.pagination.SiteViewPaginatorUnitTest" tests="2" skipped="0" failures="0" errors="0" timestamp="2023-07-08T03:59:07" hostname="fv-az1025-488" time="0.13">
  <properties/>
  <testcase name="Test_Get_Items_Sorted_Pages" classname="com.dotcms.util.pagination.SiteViewPaginatorUnitTest" time="0.07"/>
  <testcase name="Test_Get_Items_Page_Size" classname="com.dotcms.util.pagination.SiteViewPaginatorUnitTest" time="0.06"/>
  <system-out><![CDATA[SYSTEM_HOST
0
1
2
4
5
6
8
]]></system-out>
  <system-err><![CDATA[]]></system-err>
</testsuite>
