<?xml version="1.0" encoding="UTF-8"?>
<testsuite name="com.dotmarketing.portlets.workflows.ajax.WfBaseActionTest" tests="3" skipped="0" failures="0" errors="0" timestamp="2023-07-19T01:20:14" hostname="fv-az616-900" time="0.307">
  <properties/>
  <testcase name="TestOnNullCallTheDefaultCommand" classname="com.dotmarketing.portlets.workflows.ajax.WfBaseActionTest" time="0.232"/>
  <testcase name="TestNotAllowedCommands" classname="com.dotmarketing.portlets.workflows.ajax.WfBaseActionTest" time="0.025"/>
  <testcase name="TestAllowedCommands" classname="com.dotmarketing.portlets.workflows.ajax.WfBaseActionTest" time="0.049"/>
  <system-out><![CDATA[ Command ::  forbiddenMethod  on  class Mock for WfActionAjax, hashCode: 1341654420
 Command ::  forbiddenMethod  on  class Mock for WfRoleStoreAjax, hashCode: 459097948
 Command ::  forbiddenMethod  on  class Mock for WfActionClassAjax, hashCode: 49429726
 Command ::  forbiddenMethod  on  class Mock for WfSchemeAjax, hashCode: 1922532942
 Command ::  forbiddenMethod  on  class Mock for WfTaskAjax, hashCode: 639369579
 Command ::  save  on  class Mock for WfActionAjax, hashCode: 1632176863
 Command ::  deleteActionForStep  on  class Mock for WfActionAjax, hashCode: 1632176863
 Command ::  add  on  class Mock for WfActionAjax, hashCode: 1632176863
 Command ::  action  on  class Mock for WfActionAjax, hashCode: 1632176863
 Command ::  reorder  on  class Mock for WfActionAjax, hashCode: 1632176863
 Command ::  delete  on  class Mock for WfActionAjax, hashCode: 1632176863
 Command ::  action  on  class Mock for WfRoleStoreAjax, hashCode: 1841861312
 Command ::  rolesToJson  on  class Mock for WfRoleStoreAjax, hashCode: 1841861312
 Command ::  assignable  on  class Mock for WfRoleStoreAjax, hashCode: 1841861312
 Command ::  delete  on  class Mock for WfActionClassAjax, hashCode: 143433608
 Command ::  reorder  on  class Mock for WfActionClassAjax, hashCode: 143433608
 Command ::  action  on  class Mock for WfActionClassAjax, hashCode: 143433608
 Command ::  add  on  class Mock for WfActionClassAjax, hashCode: 143433608
 Command ::  save  on  class Mock for WfActionClassAjax, hashCode: 143433608
 Command ::  action  on  class Mock for WfSchemeAjax, hashCode: 1396304021
 Command ::  save  on  class Mock for WfSchemeAjax, hashCode: 1396304021
 Command ::  action  on  class Mock for WfTaskAjax, hashCode: 171753952
 Command ::  executeActions  on  class Mock for WfTaskAjax, hashCode: 171753952
 Command ::  executeAction  on  class Mock for WfTaskAjax, hashCode: 171753952
]]></system-out>
  <system-err><![CDATA[]]></system-err>
</testsuite>
