<?xml version="1.0" encoding="UTF-8"?>
<testsuite name="com.dotcms.auth.providers.jwt.factories.SecretKeySpecFactoryTest" tests="1" skipped="0" failures="0" errors="0" timestamp="2023-07-13T15:54:56" hostname="fv-az178-328" time="2.299">
  <properties/>
  <testcase name="readAndPrepareSecret" classname="com.dotcms.auth.providers.jwt.factories.SecretKeySpecFactoryTest" time="2.299"/>
  <system-out><![CDATA[1b17d176f1fbf2ea248eb49569ccc19e7e058ed2e254ea6f1bd6971e56ea918867a8c0b5c75963f58a3f1bf1c222191df84d87357e9e7c1faf02615d81670879
MySecretKey2
MySecretKey3
MySecretKey3
d3229c8722fa30e03cac9168a72a4c85fd21ee6159235c30c9b21fc7c0ca6a0d3c5a4c1b8f73c851553d4b524a2e0ed077139fcc71fa0744edbe932c167a2210
b37f0c9c076a3d5db799069af561e39a2587c18cef7f32bcb82cc037c358bf6071b27f2ed55d306fb4c3e707026f79496038b03bd3e163596993ac93795debe7
77e839bd8012b3ebc060493fa2980bd6470e4a4c6db1723ca68b2b894ee6e34772eb4b4eb37b9f54826bc15fb3a29bae289d1e7181c40a044988a73366490ff6
]]></system-out>
  <system-err><![CDATA[]]></system-err>
</testsuite>
