<?xml version="1.0" encoding="UTF-8"?>
<testsuite name="com.dotcms.auth.providers.jwt.factories.SecretKeySpecFactoryTest" tests="1" skipped="0" failures="0" errors="0" timestamp="2023-07-12T18:53:05" hostname="fv-az341-475" time="2.13">
  <properties/>
  <testcase name="readAndPrepareSecret" classname="com.dotcms.auth.providers.jwt.factories.SecretKeySpecFactoryTest" time="2.13"/>
  <system-out><![CDATA[3810f137b33863cae44f63c751a957272830f0b639adbc5bc7f4b7dd37ca23277549c908a5520d6b361f6c3f66923ef73d0f438b1463c85d6cc914805cedda22
MySecretKey2
MySecretKey3
MySecretKey3
eff96048b2d25b95aa1bf2d9c82551b0eba077ba5c506caa1996e1fe2cd62af11e3dfff4c24483d2248b7c0da6ec267fdbb5ccb98a6891d7043e0e73b299a8d5
dd6f3df80b1decdd48f6432e941a54191c980fb60dfe6545068450f4a68a91e85f94a1cbdf81059db42d59a9c65118034b062a10a1870bc6c7d9d80ce3276eef
d5b610284f565b01d1fc79817183d739d13a71b3fe6dfac684ddb28d9ef9bab90bb3dd2b2a0367c68501729fbfa6d46c237f087c3b15e6f4f3a3ee134576255d
]]></system-out>
  <system-err><![CDATA[]]></system-err>
</testsuite>
