<?xml version="1.0" encoding="UTF-8"?>
<testsuite name="com.dotcms.util.DotAssertTest" tests="6" skipped="0" failures="0" errors="0" timestamp="2023-06-28T14:27:11" hostname="fv-az626-69" time="0.016">
  <properties/>
  <testcase name="notNullTest" classname="com.dotcms.util.DotAssertTest" time="0.003"/>
  <testcase name="notEmptyTest" classname="com.dotcms.util.DotAssertTest" time="0.002"/>
  <testcase name="notEmptyMapTest" classname="com.dotcms.util.DotAssertTest" time="0.002"/>
  <testcase name="notEmptyCollectionTest" classname="com.dotcms.util.DotAssertTest" time="0.002"/>
  <testcase name="isTrueTest" classname="com.dotcms.util.DotAssertTest" time="0.002"/>
  <testcase name="isNullTest" classname="com.dotcms.util.DotAssertTest" time="0.002"/>
  <system-out><![CDATA[]]></system-out>
  <system-err><![CDATA[]]></system-err>
</testsuite>
