<?xml version="1.0" encoding="UTF-8"?>
<testsuite name="com.dotmarketing.portlets.workflows.ajax.WfBaseActionTest" tests="3" skipped="0" failures="0" errors="0" timestamp="2023-06-23T16:15:33" hostname="fv-az361-657" time="0.297">
  <properties/>
  <testcase name="TestOnNullCallTheDefaultCommand" classname="com.dotmarketing.portlets.workflows.ajax.WfBaseActionTest" time="0.232"/>
  <testcase name="TestNotAllowedCommands" classname="com.dotmarketing.portlets.workflows.ajax.WfBaseActionTest" time="0.03"/>
  <testcase name="TestAllowedCommands" classname="com.dotmarketing.portlets.workflows.ajax.WfBaseActionTest" time="0.035"/>
  <system-out><![CDATA[ Command ::  forbiddenMethod  on  class Mock for WfActionAjax, hashCode: 1188774977
 Command ::  forbiddenMethod  on  class Mock for WfSchemeAjax, hashCode: 1788876273
 Command ::  forbiddenMethod  on  class Mock for WfRoleStoreAjax, hashCode: 1209704218
 Command ::  forbiddenMethod  on  class Mock for WfActionClassAjax, hashCode: 1124602332
 Command ::  forbiddenMethod  on  class Mock for WfTaskAjax, hashCode: 1914712779
 Command ::  save  on  class Mock for WfActionAjax, hashCode: 876214822
 Command ::  deleteActionForStep  on  class Mock for WfActionAjax, hashCode: 876214822
 Command ::  add  on  class Mock for WfActionAjax, hashCode: 876214822
 Command ::  action  on  class Mock for WfActionAjax, hashCode: 876214822
 Command ::  reorder  on  class Mock for WfActionAjax, hashCode: 876214822
 Command ::  delete  on  class Mock for WfActionAjax, hashCode: 876214822
 Command ::  action  on  class Mock for WfSchemeAjax, hashCode: 669134522
 Command ::  save  on  class Mock for WfSchemeAjax, hashCode: 669134522
 Command ::  rolesToJson  on  class Mock for WfRoleStoreAjax, hashCode: 1947764220
 Command ::  assignable  on  class Mock for WfRoleStoreAjax, hashCode: 1947764220
 Command ::  action  on  class Mock for WfRoleStoreAjax, hashCode: 1947764220
 Command ::  delete  on  class Mock for WfActionClassAjax, hashCode: 2090067017
 Command ::  reorder  on  class Mock for WfActionClassAjax, hashCode: 2090067017
 Command ::  action  on  class Mock for WfActionClassAjax, hashCode: 2090067017
 Command ::  add  on  class Mock for WfActionClassAjax, hashCode: 2090067017
 Command ::  save  on  class Mock for WfActionClassAjax, hashCode: 2090067017
 Command ::  action  on  class Mock for WfTaskAjax, hashCode: 473448423
 Command ::  executeActions  on  class Mock for WfTaskAjax, hashCode: 473448423
 Command ::  executeAction  on  class Mock for WfTaskAjax, hashCode: 473448423
]]></system-out>
  <system-err><![CDATA[]]></system-err>
</testsuite>
