<?xml version="1.0" encoding="UTF-8"?>
<testsuite name="com.dotmarketing.portlets.contentlet.model.ContentletTest" tests="1" skipped="0" failures="0" errors="0" timestamp="2023-07-17T16:48:25" hostname="fv-az162-832" time="0.021">
  <properties/>
  <testcase name="testGetTitle_WhenExistingTitleField_returnItsValue" classname="com.dotmarketing.portlets.contentlet.model.ContentletTest" time="0.021"/>
  <system-out><![CDATA[]]></system-out>
  <system-err><![CDATA[]]></system-err>
</testsuite>
