<?xml version="1.0" encoding="UTF-8"?>
<testsuite name="com.dotcms.auth.providers.jwt.factories.SecretKeySpecFactoryTest" tests="1" skipped="0" failures="0" errors="0" timestamp="2023-07-06T18:23:36" hostname="fv-az417-45" time="1.653">
  <properties/>
  <testcase name="readAndPrepareSecret" classname="com.dotcms.auth.providers.jwt.factories.SecretKeySpecFactoryTest" time="1.653"/>
  <system-out><![CDATA[2b39a9686e6b5c4f532f69c67f8639c4eb366a93a6dba76417b1cdc198f56b12082e3115eb9d3d202878d778a43d5e982432b014661dff32f67bb92ff8424a87
MySecretKey2
MySecretKey3
MySecretKey3
37a27287054789a6427ddfcdc6f28989c9e74825be7e59867cb7c250edc12ffacbc09d3beaa396ccda49f07023afbce15e03b998446889b62bc53299de021eaf
5a0c1222457d03d6772489034588b134db2b5a561970a7d987606398735dcfcaec51dc711f8b028f6c564b332b38336dfee274d99dbcc272a7834a47606ef845
c12d04b1c8831e18072643327f0d045faa07ecd504d4b20999d1ff5de55fdcf6c180e674ed21db0a8da55a751754f7d15e91469f06772f4136a47801df501985
]]></system-out>
  <system-err><![CDATA[]]></system-err>
</testsuite>
