<?xml version="1.0" encoding="UTF-8"?>
<testsuite name="com.dotcms.util.pagination.SiteViewPaginatorUnitTest" tests="2" skipped="0" failures="0" errors="0" timestamp="2023-07-19T19:24:21" hostname="fv-az244-731" time="0.395">
  <properties/>
  <testcase name="Test_Get_Items_Sorted_Pages" classname="com.dotcms.util.pagination.SiteViewPaginatorUnitTest" time="0.29"/>
  <testcase name="Test_Get_Items_Page_Size" classname="com.dotcms.util.pagination.SiteViewPaginatorUnitTest" time="0.104"/>
  <system-out><![CDATA[SYSTEM_HOST
0
2
3
4
5
6
7
8
]]></system-out>
  <system-err><![CDATA[]]></system-err>
</testsuite>
