<?xml version="1.0" encoding="UTF-8"?>
<testsuite name="com.dotcms.util.FriendClassTest" tests="1" skipped="0" failures="0" errors="0" timestamp="2023-06-30T17:16:42" hostname="fv-az578-307" time="0.006">
  <properties/>
  <testcase name="isFriendTest" classname="com.dotcms.util.FriendClassTest" time="0.006"/>
  <system-out><![CDATA[]]></system-out>
  <system-err><![CDATA[]]></system-err>
</testsuite>
