<?xml version="1.0" encoding="UTF-8"?>
<testsuite name="com.dotmarketing.portlets.workflows.ajax.WfBaseActionTest" tests="3" skipped="0" failures="0" errors="0" timestamp="2023-07-06T18:27:21" hostname="fv-az417-45" time="0.189">
  <properties/>
  <testcase name="TestOnNullCallTheDefaultCommand" classname="com.dotmarketing.portlets.workflows.ajax.WfBaseActionTest" time="0.151"/>
  <testcase name="TestNotAllowedCommands" classname="com.dotmarketing.portlets.workflows.ajax.WfBaseActionTest" time="0.014"/>
  <testcase name="TestAllowedCommands" classname="com.dotmarketing.portlets.workflows.ajax.WfBaseActionTest" time="0.024"/>
  <system-out><![CDATA[ Command ::  forbiddenMethod  on  class Mock for WfRoleStoreAjax, hashCode: 50419413
 Command ::  forbiddenMethod  on  class Mock for WfActionClassAjax, hashCode: 891019226
 Command ::  forbiddenMethod  on  class Mock for WfActionAjax, hashCode: 790776963
 Command ::  forbiddenMethod  on  class Mock for WfTaskAjax, hashCode: 172485667
 Command ::  forbiddenMethod  on  class Mock for WfSchemeAjax, hashCode: 1903011868
 Command ::  action  on  class Mock for WfRoleStoreAjax, hashCode: 1841861312
 Command ::  assignable  on  class Mock for WfRoleStoreAjax, hashCode: 1841861312
 Command ::  rolesToJson  on  class Mock for WfRoleStoreAjax, hashCode: 1841861312
 Command ::  action  on  class Mock for WfActionClassAjax, hashCode: 143433608
 Command ::  reorder  on  class Mock for WfActionClassAjax, hashCode: 143433608
 Command ::  delete  on  class Mock for WfActionClassAjax, hashCode: 143433608
 Command ::  save  on  class Mock for WfActionClassAjax, hashCode: 143433608
 Command ::  add  on  class Mock for WfActionClassAjax, hashCode: 143433608
 Command ::  action  on  class Mock for WfActionAjax, hashCode: 1396304021
 Command ::  add  on  class Mock for WfActionAjax, hashCode: 1396304021
 Command ::  deleteActionForStep  on  class Mock for WfActionAjax, hashCode: 1396304021
 Command ::  save  on  class Mock for WfActionAjax, hashCode: 1396304021
 Command ::  delete  on  class Mock for WfActionAjax, hashCode: 1396304021
 Command ::  reorder  on  class Mock for WfActionAjax, hashCode: 1396304021
 Command ::  action  on  class Mock for WfTaskAjax, hashCode: 1135967597
 Command ::  executeAction  on  class Mock for WfTaskAjax, hashCode: 1135967597
 Command ::  executeActions  on  class Mock for WfTaskAjax, hashCode: 1135967597
 Command ::  save  on  class Mock for WfSchemeAjax, hashCode: 987394738
 Command ::  action  on  class Mock for WfSchemeAjax, hashCode: 987394738
]]></system-out>
  <system-err><![CDATA[]]></system-err>
</testsuite>
