<?xml version="1.0" encoding="UTF-8"?>
<testsuite name="com.dotmarketing.portlets.osgi.AJAX.OSGIBaseAJAXTest" tests="3" skipped="0" failures="0" errors="0" timestamp="2023-06-27T18:07:06" hostname="fv-az951-711" time="0.179">
  <properties/>
  <testcase name="TestOnNullCallTheDefaultCommand" classname="com.dotmarketing.portlets.osgi.AJAX.OSGIBaseAJAXTest" time="0.123"/>
  <testcase name="TestNotAllowedCommands" classname="com.dotmarketing.portlets.osgi.AJAX.OSGIBaseAJAXTest" time="0.005"/>
  <testcase name="TestAllowedCommands" classname="com.dotmarketing.portlets.osgi.AJAX.OSGIBaseAJAXTest" time="0.044"/>
  <system-out><![CDATA[ Command ::  forbiddenMethod  on  class Mock for OSGIAJAX, hashCode: 1217549420
 Command ::  deploy  on  class Mock for OSGIAJAX, hashCode: 1350452891
 Command ::  remove  on  class Mock for OSGIAJAX, hashCode: 1350452891
 Command ::  getExtraPackages  on  class Mock for OSGIAJAX, hashCode: 1350452891
 Command ::  action  on  class Mock for OSGIAJAX, hashCode: 1350452891
 Command ::  restart  on  class Mock for OSGIAJAX, hashCode: 1350452891
 Command ::  start  on  class Mock for OSGIAJAX, hashCode: 1350452891
 Command ::  add  on  class Mock for OSGIAJAX, hashCode: 1350452891
 Command ::  stop  on  class Mock for OSGIAJAX, hashCode: 1350452891
 Command ::  undeploy  on  class Mock for OSGIAJAX, hashCode: 1350452891
 Command ::  modifyExtraPackages  on  class Mock for OSGIAJAX, hashCode: 1350452891
]]></system-out>
  <system-err><![CDATA[]]></system-err>
</testsuite>
