<?xml version="1.0" encoding="UTF-8"?>
<testsuite name="com.dotcms.auth.providers.jwt.factories.SecretKeySpecFactoryTest" tests="1" skipped="0" failures="0" errors="0" timestamp="2023-07-20T22:25:14" hostname="fv-az283-961" time="1.784">
  <properties/>
  <testcase name="readAndPrepareSecret" classname="com.dotcms.auth.providers.jwt.factories.SecretKeySpecFactoryTest" time="1.784"/>
  <system-out><![CDATA[613023cb11911df2128df5de7afe3aec57b39a07cfd1a16f99817d661293a591587476e712ae1c0ae1f310a04aba48e6ef00f136f336e37ce3f486d6c1c8a35a
MySecretKey2
MySecretKey3
MySecretKey3
e4539d73651326dedff34ca9dfa165dc495c3aacc65ddbc78db0f9fa18868f3de2aac90a8a5f6b7a13dfdecc5f22816ae252e5415ea77cc459590c5e36251a87
242c79761794f32415cacf105946a04c8f56f119dfe1197d1e5e6f8d710b133416175e80acc40d64d802abbdc63ed1abaa8ea603a9312dc46b8430e15ae1710b
29a641779d21cb23c1b37781b42a88de79dad81770ba7d2bf58954debdbf0d9b195c6064b487f670d57d6535c24157c54c006c75cd0d010a068ffff27af97dee
]]></system-out>
  <system-err><![CDATA[]]></system-err>
</testsuite>
