<?xml version="1.0" encoding="UTF-8"?>
<testsuite name="com.dotcms.util.pagination.SiteViewPaginatorUnitTest" tests="2" skipped="0" failures="0" errors="0" timestamp="2023-06-28T19:37:53" hostname="fv-az471-873" time="0.183">
  <properties/>
  <testcase name="Test_Get_Items_Sorted_Pages" classname="com.dotcms.util.pagination.SiteViewPaginatorUnitTest" time="0.13"/>
  <testcase name="Test_Get_Items_Page_Size" classname="com.dotcms.util.pagination.SiteViewPaginatorUnitTest" time="0.052"/>
  <system-out><![CDATA[SYSTEM_HOST
0
1
3
4
6
7
8
]]></system-out>
  <system-err><![CDATA[]]></system-err>
</testsuite>
