<?xml version="1.0" encoding="UTF-8"?>
<testsuite name="com.dotcms.auth.providers.jwt.factories.SecretKeySpecFactoryTest" tests="1" skipped="0" failures="0" errors="0" timestamp="2023-07-06T20:10:32" hostname="fv-az613-608" time="1.284">
  <properties/>
  <testcase name="readAndPrepareSecret" classname="com.dotcms.auth.providers.jwt.factories.SecretKeySpecFactoryTest" time="1.284"/>
  <system-out><![CDATA[868a09803fd754eba39003a071c7d6e9fd7dd9cc16efbb17a48384a0bfb369e946e9e4a65b859f4e844d12aaccb9db1350bed0ef3299b8e1e83ad2631693169a
MySecretKey2
MySecretKey3
MySecretKey3
21d1cd04e6e4d1eea8b8436f570467ab490e12824092c9e4dbc8d74367420571bad75afbb1bb72187e7d0351826a669ba24645d30e932dc8b8f30e97e34fe1f4
b144e9067b772aa7b8ed9ab4e0838936bc613e405ecc9c63b7a9217a8c508bfd95126e5bff7e49704598aa0a8dbf32f42227bb52a9b4d4112d98a739757ed4ca
72734a15addb5d37429aa4f2bb18fa4d82afad6e62ab56f68533ca6ef23d9a9e0562d826bb57eb449afb01574a8b5c8625a79a7755985a5c9f7885c7714978f4
]]></system-out>
  <system-err><![CDATA[]]></system-err>
</testsuite>
