<?xml version="1.0" encoding="UTF-8"?>
<testsuite name="com.dotcms.cube.CubeJSTest" tests="12" skipped="0" failures="0" errors="0" timestamp="2023-06-23T20:54:45" hostname="fv-az341-124" time="0.024">
  <properties/>
  <testcase name="dimensionsAndFilter" classname="com.dotcms.cube.CubeJSTest" time="0.009"/>
  <testcase name="measures" classname="com.dotcms.cube.CubeJSTest" time="0.0"/>
  <testcase name="andFilter" classname="com.dotcms.cube.CubeJSTest" time="0.002"/>
  <testcase name="order" classname="com.dotcms.cube.CubeJSTest" time="0.001"/>
  <testcase name="dimensionAndTwoFilters" classname="com.dotcms.cube.CubeJSTest" time="0.001"/>
  <testcase name="filterWithoutDimensions" classname="com.dotcms.cube.CubeJSTest" time="0.0"/>
  <testcase name="orFilter" classname="com.dotcms.cube.CubeJSTest" time="0.001"/>
  <testcase name="dimensions" classname="com.dotcms.cube.CubeJSTest" time="0.001"/>
  <testcase name="measuresAndFilter" classname="com.dotcms.cube.CubeJSTest" time="0.0"/>
  <testcase name="dimensionsAndMeasures" classname="com.dotcms.cube.CubeJSTest" time="0.0"/>
  <testcase name="dimensionAndMeasuresAndFilter" classname="com.dotcms.cube.CubeJSTest" time="0.002"/>
  <testcase name="andOrFilter" classname="com.dotcms.cube.CubeJSTest" time="0.001"/>
  <system-out><![CDATA[]]></system-out>
  <system-err><![CDATA[]]></system-err>
</testsuite>
