<?xml version="1.0" encoding="UTF-8"?>
<testsuite name="com.dotcms.auth.providers.jwt.factories.SecretKeySpecFactoryTest" tests="1" skipped="0" failures="0" errors="0" timestamp="2023-06-27T18:33:59" hostname="fv-az189-858" time="1.543">
  <properties/>
  <testcase name="readAndPrepareSecret" classname="com.dotcms.auth.providers.jwt.factories.SecretKeySpecFactoryTest" time="1.543"/>
  <system-out><![CDATA[f88b0c6d4186dcd7e1429fa2c1f3944fc7b3788a4cd42ee87dfa4d9a5706fd1d66623fe1770bc12718d1aa76474eb85af41d619da0c54cbdd59ebd05892edbc1
MySecretKey2
MySecretKey3
MySecretKey3
53764113796e20ec8b9808e813089aab120b6a0944f7bf982e23f06d738954be230d6e83e977ba710d20d25671817a053cd4031225acdb5530c8a5effb3e4f55
b0360826c127e1bb5222e994d8b17ea9f23db8251c62c830ccc9bc36a2c572dd1af500c56a529ae7404b5fc0bdadc510f058c92f984ff3b13874ff209b531669
08ba09ebfe5508a1cd342d3366b3b4ae62679e7f86575de527c972ed24a13ff00e73724b9962239dc2d26f83a9a86fdfd35f06fd883e49b4b0eb7b9eccc79e66
]]></system-out>
  <system-err><![CDATA[]]></system-err>
</testsuite>
