<?xml version="1.0" encoding="UTF-8"?>
<testsuite name="com.dotcms.util.pagination.UserPaginatorTest" tests="2" skipped="0" failures="0" errors="0" timestamp="2023-06-30T14:46:33" hostname="fv-az206-667" time="32.322">
  <properties/>
  <testcase name="testGetItems" classname="com.dotcms.util.pagination.UserPaginatorTest" time="32.32"/>
  <testcase name="testGetItemsException" classname="com.dotcms.util.pagination.UserPaginatorTest" time="0.002"/>
  <system-out><![CDATA[]]></system-out>
  <system-err><![CDATA[]]></system-err>
</testsuite>
