<?xml version="1.0" encoding="UTF-8"?>
<testsuite name="com.dotcms.auth.providers.jwt.factories.SecretKeySpecFactoryTest" tests="1" skipped="0" failures="0" errors="0" timestamp="2023-07-18T19:04:15" hostname="fv-az552-989" time="1.74">
  <properties/>
  <testcase name="readAndPrepareSecret" classname="com.dotcms.auth.providers.jwt.factories.SecretKeySpecFactoryTest" time="1.74"/>
  <system-out><![CDATA[1e5c55fcc6f9014cc369323b009b91f863067e83fdfef3f3a6a78ec132adaed8661f1b8d405c9a8407b07e46b7ba1fdedc00690faa689aa26ee07bd5ad3ef15e
MySecretKey2
MySecretKey3
MySecretKey3
9697f48ca3d901b1724ef34ad6bce06e810f4b19b6f41b35affdedae123159a2350b7fb3446653b25dc46f4a6a7b39c023f9d4ed25c8af26bce4a04b9c67b831
e6653d1e8a72f9c9651cc824e451e4a0b53f87299e5ff43b657f5ce0fea243bbcda3a9d831a74891cb5e45bd7dd2290a9a27594a330b910dd25c6e467508cb4f
f9589852d8851fe8ce4272ecd5324b01c6b5543670ead613c4850ba55570a403b1876d0af5403e56326f89217abedbf64bfbc83051edb372ebe7b69d93d2a595
]]></system-out>
  <system-err><![CDATA[]]></system-err>
</testsuite>
