<?xml version="1.0" encoding="UTF-8"?>
<testsuite name="com.dotcms.concurrent.DotConcurrentFactoryTest" tests="7" skipped="0" failures="0" errors="0" timestamp="2023-07-20T20:57:47" hostname="fv-az553-228" time="57.805">
  <properties/>
  <testcase name="testDefaultOne_Submitter_Config_shutdown_keep_config" classname="com.dotcms.concurrent.DotConcurrentFactoryTest" time="15.285"/>
  <testcase name="testDefaultOne_Submitter_Config" classname="com.dotcms.concurrent.DotConcurrentFactoryTest" time="10.236"/>
  <testcase name="test_delayed_queue" classname="com.dotcms.concurrent.DotConcurrentFactoryTest" time="2.001"/>
  <testcase name="testDefaultOne" classname="com.dotcms.concurrent.DotConcurrentFactoryTest" time="3.214"/>
  <testcase name="test_Conditional_Submitter" classname="com.dotcms.concurrent.DotConcurrentFactoryTest" time="16.019"/>
  <testcase name="testDefaultOne_Single_Submitter_Config" classname="com.dotcms.concurrent.DotConcurrentFactoryTest" time="10.013"/>
  <testcase name="testSubmit_Single_Submitter_Config" classname="com.dotcms.concurrent.DotConcurrentFactoryTest" time="1.035"/>
  <system-out><![CDATA[DotConcurrentImpl{threadPoolExecutor=name = testsubmitter {com.dotcms.concurrent.DotConcurrentFactory$DotThreadPoolExecutor@389103ae[Running, pool size = 0, active threads = 0, queued tasks = 0, completed tasks = 0]}
MaximumPoolSize=4
keepAliveMillis=60000
queue=[]
shutdown=false}
DotConcurrentImpl{threadPoolExecutor=name = testsubmitter {com.dotcms.concurrent.DotConcurrentFactory$DotThreadPoolExecutor@389103ae[Running, pool size = 0, active threads = 0, queued tasks = 0, completed tasks = 0]}
MaximumPoolSize=4
keepAliveMillis=60000
queue=[]
shutdown=false}
DotConcurrentImpl{threadPoolExecutor=name = testsubmitter {com.dotcms.concurrent.DotConcurrentFactory$DotThreadPoolExecutor@389103ae[Running, pool size = 2, active threads = 2, queued tasks = 8, completed tasks = 0]}
MaximumPoolSize=4
keepAliveMillis=60000
queue=[com.dotcms.concurrent.DotConcurrentFactoryTest$PrintTask@1049dca2, com.dotcms.concurrent.DotConcurrentFactoryTest$PrintTask@400309be, com.dotcms.concurrent.DotConcurrentFactoryTest$PrintTask@1a4f36f2, com.dotcms.concurrent.DotConcurrentFactoryTest$PrintTask@6c6a33fb, com.dotcms.concurrent.DotConcurrentFactoryTest$PrintTask@32185e18, com.dotcms.concurrent.DotConcurrentFactoryTest$PrintTask@6a0eff1c, com.dotcms.concurrent.DotConcurrentFactoryTest$PrintTask@995bc09, com.dotcms.concurrent.DotConcurrentFactoryTest$PrintTask@345db32b]
shutdown=false}
DotConcurrentImpl{threadPoolExecutor=name = testsubmitter {com.dotcms.concurrent.DotConcurrentFactory$DotThreadPoolExecutor@389103ae[Running, pool size = 2, active threads = 2, queued tasks = 18, completed tasks = 0]}
MaximumPoolSize=4
keepAliveMillis=60000
queue=[com.dotcms.concurrent.DotConcurrentFactoryTest$PrintTask@1049dca2, com.dotcms.concurrent.DotConcurrentFactoryTest$PrintTask@400309be, com.dotcms.concurrent.DotConcurrentFactoryTest$PrintTask@1a4f36f2, com.dotcms.concurrent.DotConcurrentFactoryTest$PrintTask@6c6a33fb, com.dotcms.concurrent.DotConcurrentFactoryTest$PrintTask@32185e18, com.dotcms.concurrent.DotConcurrentFactoryTest$PrintTask@6a0eff1c, com.dotcms.concurrent.DotConcurrentFactoryTest$PrintTask@995bc09, com.dotcms.concurrent.DotConcurrentFactoryTest$PrintTask@345db32b, com.dotcms.concurrent.DotConcurrentFactoryTest$PrintTask@44c5d326, com.dotcms.concurrent.DotConcurrentFactoryTest$PrintTask@59ae22bd, com.dotcms.concurrent.DotConcurrentFactoryTest$PrintTask@7dffa875, com.dotcms.concurrent.DotConcurrentFactoryTest$PrintTask@2462880a, com.dotcms.concurrent.DotConcurrentFactoryTest$PrintTask@4ed43343, com.dotcms.concurrent.DotConcurrentFactoryTest$PrintTask@66475bee, com.dotcms.concurrent.DotConcurrentFactoryTest$PrintTask@667bfb53, com.dotcms.concurrent.DotConcurrentFactoryTest$PrintTask@56690d4e, com.dotcms.concurrent.DotConcurrentFactoryTest$PrintTask@394862eb, com.dotcms.concurrent.DotConcurrentFactoryTest$PrintTask@650cd607]
shutdown=false}
DotConcurrentImpl{threadPoolExecutor=name = testsubmitter {com.dotcms.concurrent.DotConcurrentFactory$DotThreadPoolExecutor@389103ae[Running, pool size = 2, active threads = 2, queued tasks = 28, completed tasks = 0]}
MaximumPoolSize=4
keepAliveMillis=60000
queue=[com.dotcms.concurrent.DotConcurrentFactoryTest$PrintTask@1049dca2, com.dotcms.concurrent.DotConcurrentFactoryTest$PrintTask@400309be, com.dotcms.concurrent.DotConcurrentFactoryTest$PrintTask@1a4f36f2, com.dotcms.concurrent.DotConcurrentFactoryTest$PrintTask@6c6a33fb, com.dotcms.concurrent.DotConcurrentFactoryTest$PrintTask@32185e18, com.dotcms.concurrent.DotConcurrentFactoryTest$PrintTask@6a0eff1c, com.dotcms.concurrent.DotConcurrentFactoryTest$PrintTask@995bc09, com.dotcms.concurrent.DotConcurrentFactoryTest$PrintTask@345db32b, com.dotcms.concurrent.DotConcurrentFactoryTest$PrintTask@44c5d326, com.dotcms.concurrent.DotConcurrentFactoryTest$PrintTask@59ae22bd, com.dotcms.concurrent.DotConcurrentFactoryTest$PrintTask@7dffa875, com.dotcms.concurrent.DotConcurrentFactoryTest$PrintTask@2462880a, com.dotcms.concurrent.DotConcurrentFactoryTest$PrintTask@4ed43343, com.dotcms.concurrent.DotConcurrentFactoryTest$PrintTask@66475bee, com.dotcms.concurrent.DotConcurrentFactoryTest$PrintTask@667bfb53, com.dotcms.concurrent.DotConcurrentFactoryTest$PrintTask@56690d4e, com.dotcms.concurrent.DotConcurrentFactoryTest$PrintTask@394862eb, com.dotcms.concurrent.DotConcurrentFactoryTest$PrintTask@650cd607, com.dotcms.concurrent.DotConcurrentFactoryTest$PrintTask@5c140896, com.dotcms.concurrent.DotConcurrentFactoryTest$PrintTask@42097d27, com.dotcms.concurrent.DotConcurrentFactoryTest$PrintTask@382c10b7, com.dotcms.concurrent.DotConcurrentFactoryTest$PrintTask@3b13455b, com.dotcms.concurrent.DotConcurrentFactoryTest$PrintTask@47bfba17, com.dotcms.concurrent.DotConcurrentFactoryTest$PrintTask@4e561782, com.dotcms.concurrent.DotConcurrentFactoryTest$PrintTask@16a71f57, com.dotcms.concurrent.DotConcurrentFactoryTest$PrintTask@37bfb945, com.dotcms.concurrent.DotConcurrentFactoryTest$PrintTask@d6ad2a7, com.dotcms.concurrent.DotConcurrentFactoryTest$PrintTask@737e2e8f]
shutdown=false}
Active Threads : 2
Thread0 is running
Thread1 is running
Active Threads : 2
Active Threads : 2
Active Threads : 2
Active Threads : 2
Active Threads : 2
Thread0 is running
Thread1 is running
Thread2 is running
Thread3 is running
Active Threads : 2
Active Threads : 2
Active Threads : 2
Active Threads : 2
Thread2 is running
Thread3 is running
Thread4 is running
Thread5 is running
Active Threads : 2
Active Threads : 2
Active Threads : 2
Active Threads : 2
Active Threads : 2
Thread4 is running
Thread6 is running
Thread5 is running
Thread7 is running
Active Threads : 2
Active Threads : 2
Active Threads : 2
Active Threads : 2
Active Threads : 2
Thread6 is running
Thread8 is running
Thread7 is running
Thread9 is running
Active Threads : 2
Active Threads : 2
Active Threads : 2
Active Threads : 2
Active Threads : 2
Thread8 is running
Thread10 is running
Thread9 is running
Thread11 is running
Active Threads : 2
Active Threads : 2
Active Threads : 2
Active Threads : 2
Active Threads : 2
Thread10 is running
Thread12 is running
Thread11 is running
Thread13 is running
Active Threads : 2
Active Threads : 2
Active Threads : 2
Active Threads : 2
Active Threads : 2
Thread12 is running
Thread14 is running
Thread13 is running
Thread15 is running
Active Threads : 2
Active Threads : 2
Active Threads : 2
Active Threads : 2
Active Threads : 2
Thread14 is running
Thread16 is running
Thread15 is running
Thread17 is running
Active Threads : 2
Active Threads : 2
Active Threads : 2
Active Threads : 2
Active Threads : 2
Thread16 is running
Thread18 is running
Thread17 is running
Thread19 is running
Active Threads : 2
Active Threads : 2
Active Threads : 2
Active Threads : 2
Active Threads : 2
Thread18 is running
Thread20 is running
Thread19 is running
Thread21 is running
Active Threads : 2
Active Threads : 2
Active Threads : 2
Active Threads : 2
Active Threads : 2
Thread20 is running
Thread22 is running
Thread21 is running
Thread23 is running
Active Threads : 2
Active Threads : 2
Active Threads : 2
Active Threads : 2
Active Threads : 2
Thread22 is running
Thread23 is running
Thread24 is running
Thread25 is running
Active Threads : 2
Active Threads : 2
Active Threads : 2
Active Threads : 2
Active Threads : 2
Thread24 is running
Thread26 is running
Thread25 is running
Thread27 is running
Active Threads : 2
Active Threads : 2
Active Threads : 2
Active Threads : 2
Active Threads : 2
Thread27 is running
Thread26 is running
Thread28 is running
Thread29 is running
Active Threads : 2
Active Threads : 2
Active Threads : 2
Active Threads : 2
Active Threads : 2
Thread29 is running
Thread28 is running
Thread30 is running
Thread31 is running
Active Threads : 2
Active Threads : 2
Active Threads : 2
Active Threads : 2
Active Threads : 2
Thread30 is running
Thread31 is running
Thread32 is running
Thread33 is running
Active Threads : 2
Active Threads : 2
Active Threads : 2
Active Threads : 2
Active Threads : 2
Thread32 is running
Thread33 is running
Thread34 is running
Thread35 is running
Active Threads : 2
Active Threads : 2
Active Threads : 2
Active Threads : 2
Active Threads : 2
Thread34 is running
Thread36 is running
Thread35 is running
Thread37 is running
Active Threads : 2
Active Threads : 2
Active Threads : 2
Active Threads : 2
Active Threads : 2
Thread36 is running
Thread37 is running
Thread38 is running
Thread39 is running
Active Threads : 2
Active Threads : 2
Active Threads : 2
Active Threads : 2
Active Threads : 2
Thread38 is running
Thread39 is running
Active Threads : 0
Staring a new one submitterDotConcurrentImpl{threadPoolExecutor=name = testsubmitter {com.dotcms.concurrent.DotConcurrentFactory$DotThreadPoolExecutor@17b23565[Running, pool size = 0, active threads = 0, queued tasks = 0, completed tasks = 0]}
MaximumPoolSize=4
keepAliveMillis=60000
queue=[]
shutdown=false}
Thread0 is running
Active Threads : 2
Thread1 is running
Active Threads : 2
Active Threads : 2
Active Threads : 2
Active Threads : 2
Thread0 is running
Thread2 is running
Thread1 is running
Thread3 is running
Active Threads : 2
Active Threads : 2
Active Threads : 2
Active Threads : 2
Active Threads : 2
Thread2 is running
Thread4 is running
Thread3 is running
Thread5 is running
Active Threads : 2
Active Threads : 2
Active Threads : 2
Active Threads : 2
Active Threads : 2
Thread4 is running
Thread6 is running
Thread5 is running
Thread7 is running
Active Threads : 2
Active Threads : 2
Active Threads : 2
Active Threads : 2
Active Threads : 2
Thread6 is running
Thread8 is running
Thread7 is running
Thread9 is running
Active Threads : 2
Active Threads : 2
Active Threads : 2
Active Threads : 2
Active Threads : 2
Thread8 is running
Thread10 is running
Thread9 is running
Thread11 is running
Active Threads : 2
Active Threads : 2
Active Threads : 2
Active Threads : 2
Active Threads : 2
Thread10 is running
Thread12 is running
Thread11 is running
Thread13 is running
Active Threads : 2
Active Threads : 2
Active Threads : 2
Active Threads : 2
Active Threads : 2
Thread12 is running
Thread14 is running
Thread13 is running
Thread15 is running
Active Threads : 2
Active Threads : 2
Active Threads : 2
Active Threads : 2
Active Threads : 2
Thread14 is running
Thread16 is running
Thread15 is running
Thread17 is running
Active Threads : 2
Active Threads : 2
Active Threads : 2
Active Threads : 2
Active Threads : 2
Thread16 is running
Thread18 is running
Thread17 is running
Thread19 is running
Active Threads : 2
Active Threads : 2
Active Threads : 2
Active Threads : 2
Active Threads : 2
Thread18 is running
Thread19 is running
Active Threads : 0
DotConcurrentImpl{threadPoolExecutor=name = testsubmitter {com.dotcms.concurrent.DotConcurrentFactory$DotThreadPoolExecutor@6123fbb[Running, pool size = 0, active threads = 0, queued tasks = 0, completed tasks = 0]}
MaximumPoolSize=4
keepAliveMillis=60000
queue=[]
shutdown=false}
DotConcurrentImpl{threadPoolExecutor=name = testsubmitter {com.dotcms.concurrent.DotConcurrentFactory$DotThreadPoolExecutor@6123fbb[Running, pool size = 0, active threads = 0, queued tasks = 0, completed tasks = 0]}
MaximumPoolSize=4
keepAliveMillis=60000
queue=[]
shutdown=false}
Thread0 is running
DotConcurrentImpl{threadPoolExecutor=name = testsubmitter {com.dotcms.concurrent.DotConcurrentFactory$DotThreadPoolExecutor@6123fbb[Running, pool size = 2, active threads = 2, queued tasks = 8, completed tasks = 0]}
MaximumPoolSize=4
keepAliveMillis=60000
queue=[com.dotcms.concurrent.DotConcurrentFactoryTest$PrintTask@524a277c, com.dotcms.concurrent.DotConcurrentFactoryTest$PrintTask@7837bdc, com.dotcms.concurrent.DotConcurrentFactoryTest$PrintTask@39505aa7, com.dotcms.concurrent.DotConcurrentFactoryTest$PrintTask@6d8ad40c, com.dotcms.concurrent.DotConcurrentFactoryTest$PrintTask@6ef86f06, com.dotcms.concurrent.DotConcurrentFactoryTest$PrintTask@72b9a49e, com.dotcms.concurrent.DotConcurrentFactoryTest$PrintTask@49874d0c, com.dotcms.concurrent.DotConcurrentFactoryTest$PrintTask@7296ca84]
shutdown=false}
DotConcurrentImpl{threadPoolExecutor=name = testsubmitter {com.dotcms.concurrent.DotConcurrentFactory$DotThreadPoolExecutor@6123fbb[Running, pool size = 2, active threads = 2, queued tasks = 18, completed tasks = 0]}
MaximumPoolSize=4
keepAliveMillis=60000
queue=[com.dotcms.concurrent.DotConcurrentFactoryTest$PrintTask@524a277c, com.dotcms.concurrent.DotConcurrentFactoryTest$PrintTask@7837bdc, com.dotcms.concurrent.DotConcurrentFactoryTest$PrintTask@39505aa7, com.dotcms.concurrent.DotConcurrentFactoryTest$PrintTask@6d8ad40c, com.dotcms.concurrent.DotConcurrentFactoryTest$PrintTask@6ef86f06, com.dotcms.concurrent.DotConcurrentFactoryTest$PrintTask@72b9a49e, com.dotcms.concurrent.DotConcurrentFactoryTest$PrintTask@49874d0c, com.dotcms.concurrent.DotConcurrentFactoryTest$PrintTask@7296ca84, com.dotcms.concurrent.DotConcurrentFactoryTest$PrintTask@5fbb0b8f, com.dotcms.concurrent.DotConcurrentFactoryTest$PrintTask@6099c9b2, com.dotcms.concurrent.DotConcurrentFactoryTest$PrintTask@13851780, com.dotcms.concurrent.DotConcurrentFactoryTest$PrintTask@57033d9e, com.dotcms.concurrent.DotConcurrentFactoryTest$PrintTask@5063a382, com.dotcms.concurrent.DotConcurrentFactoryTest$PrintTask@7e993465, com.dotcms.concurrent.DotConcurrentFactoryTest$PrintTask@459b0521, com.dotcms.concurrent.DotConcurrentFactoryTest$PrintTask@b3a3fc1, com.dotcms.concurrent.DotConcurrentFactoryTest$PrintTask@4688e297, com.dotcms.concurrent.DotConcurrentFactoryTest$PrintTask@7185cc3f]
shutdown=false}
DotConcurrentImpl{threadPoolExecutor=name = testsubmitter {com.dotcms.concurrent.DotConcurrentFactory$DotThreadPoolExecutor@6123fbb[Running, pool size = 2, active threads = 2, queued tasks = 28, completed tasks = 0]}
MaximumPoolSize=4
keepAliveMillis=60000
queue=[com.dotcms.concurrent.DotConcurrentFactoryTest$PrintTask@524a277c, com.dotcms.concurrent.DotConcurrentFactoryTest$PrintTask@7837bdc, com.dotcms.concurrent.DotConcurrentFactoryTest$PrintTask@39505aa7, com.dotcms.concurrent.DotConcurrentFactoryTest$PrintTask@6d8ad40c, com.dotcms.concurrent.DotConcurrentFactoryTest$PrintTask@6ef86f06, com.dotcms.concurrent.DotConcurrentFactoryTest$PrintTask@72b9a49e, com.dotcms.concurrent.DotConcurrentFactoryTest$PrintTask@49874d0c, com.dotcms.concurrent.DotConcurrentFactoryTest$PrintTask@7296ca84, com.dotcms.concurrent.DotConcurrentFactoryTest$PrintTask@5fbb0b8f, com.dotcms.concurrent.DotConcurrentFactoryTest$PrintTask@6099c9b2, com.dotcms.concurrent.DotConcurrentFactoryTest$PrintTask@13851780, com.dotcms.concurrent.DotConcurrentFactoryTest$PrintTask@57033d9e, com.dotcms.concurrent.DotConcurrentFactoryTest$PrintTask@5063a382, com.dotcms.concurrent.DotConcurrentFactoryTest$PrintTask@7e993465, com.dotcms.concurrent.DotConcurrentFactoryTest$PrintTask@459b0521, com.dotcms.concurrent.DotConcurrentFactoryTest$PrintTask@b3a3fc1, com.dotcms.concurrent.DotConcurrentFactoryTest$PrintTask@4688e297, com.dotcms.concurrent.DotConcurrentFactoryTest$PrintTask@7185cc3f, com.dotcms.concurrent.DotConcurrentFactoryTest$PrintTask@6c2a7d23, com.dotcms.concurrent.DotConcurrentFactoryTest$PrintTask@36b48350, com.dotcms.concurrent.DotConcurrentFactoryTest$PrintTask@3729434b, com.dotcms.concurrent.DotConcurrentFactoryTest$PrintTask@689295a5, com.dotcms.concurrent.DotConcurrentFactoryTest$PrintTask@576e3ef1, com.dotcms.concurrent.DotConcurrentFactoryTest$PrintTask@4552994f, com.dotcms.concurrent.DotConcurrentFactoryTest$PrintTask@381ca9b5, com.dotcms.concurrent.DotConcurrentFactoryTest$PrintTask@44df3cae, com.dotcms.concurrent.DotConcurrentFactoryTest$PrintTask@62601b72, com.dotcms.concurrent.DotConcurrentFactoryTest$PrintTask@33a96e90]
shutdown=false}
Thread1 is running
Active Threads : 2
Active Threads : 2
Active Threads : 2
Active Threads : 2
Active Threads : 2
Thread0 is running
Thread2 is running
Thread1 is running
Thread3 is running
Active Threads : 2
Active Threads : 2
Active Threads : 2
Active Threads : 2
Active Threads : 2
Thread2 is running
Thread4 is running
Thread3 is running
Thread5 is running
Active Threads : 2
Active Threads : 2
Active Threads : 2
Active Threads : 2
Active Threads : 2
Thread4 is running
Thread6 is running
Thread5 is running
Thread7 is running
Active Threads : 2
Active Threads : 2
Active Threads : 2
Active Threads : 2
Active Threads : 2
Thread6 is running
Thread8 is running
Thread7 is running
Thread9 is running
Active Threads : 2
Active Threads : 2
Active Threads : 2
Active Threads : 2
Active Threads : 2
Thread8 is running
Thread10 is running
Thread9 is running
Thread11 is running
Active Threads : 2
Active Threads : 2
Active Threads : 2
Active Threads : 2
Active Threads : 2
Thread10 is running
Thread12 is running
Thread11 is running
Thread13 is running
Active Threads : 2
Active Threads : 2
Active Threads : 2
Active Threads : 2
Active Threads : 2
Thread12 is running
Thread14 is running
Thread13 is running
Thread15 is running
Active Threads : 2
Active Threads : 2
Active Threads : 2
Active Threads : 2
Active Threads : 2
Thread14 is running
Thread16 is running
Thread15 is running
Thread17 is running
Active Threads : 2
Active Threads : 2
Active Threads : 2
Active Threads : 2
Active Threads : 2
Thread16 is running
Thread18 is running
Thread17 is running
Thread19 is running
Active Threads : 2
Active Threads : 2
Active Threads : 2
Active Threads : 2
Active Threads : 2
Thread18 is running
Thread20 is running
Thread19 is running
Thread21 is running
Active Threads : 2
Active Threads : 2
Active Threads : 2
Active Threads : 2
Active Threads : 2
Thread20 is running
Thread22 is running
Thread21 is running
Thread23 is running
Active Threads : 2
Active Threads : 2
Active Threads : 2
Active Threads : 2
Active Threads : 2
Thread22 is running
Thread24 is running
Thread23 is running
Thread25 is running
Active Threads : 2
Active Threads : 2
Active Threads : 2
Active Threads : 2
Active Threads : 2
Thread24 is running
Thread26 is running
Thread25 is running
Thread27 is running
Active Threads : 2
Active Threads : 2
Active Threads : 2
Active Threads : 2
Active Threads : 2
Thread26 is running
Thread28 is running
Thread27 is running
Thread29 is running
Active Threads : 2
Active Threads : 2
Active Threads : 2
Active Threads : 2
Active Threads : 2
Thread28 is running
Thread30 is running
Thread29 is running
Thread31 is running
Active Threads : 2
Active Threads : 2
Active Threads : 2
Active Threads : 2
Active Threads : 2
Thread30 is running
Thread32 is running
Thread31 is running
Thread33 is running
Active Threads : 2
Active Threads : 2
Active Threads : 2
Active Threads : 2
Active Threads : 2
Thread32 is running
Thread34 is running
Thread33 is running
Thread35 is running
Active Threads : 2
Active Threads : 2
Active Threads : 2
Active Threads : 2
Active Threads : 2
Thread34 is running
Thread36 is running
Thread35 is running
Thread37 is running
Active Threads : 2
Active Threads : 2
Active Threads : 2
Active Threads : 2
Active Threads : 2
Thread36 is running
Thread38 is running
Thread37 is running
Thread39 is running
Active Threads : 2
Active Threads : 2
Active Threads : 2
Active Threads : 2
Active Threads : 2
Thread38 is running
Thread39 is running
Active Threads : 0
Staring a new one submitterDotConcurrentImpl{threadPoolExecutor=name = testsubmitter {com.dotcms.concurrent.DotConcurrentFactory$DotThreadPoolExecutor@6123fbb[Running, pool size = 2, active threads = 0, queued tasks = 0, completed tasks = 40]}
MaximumPoolSize=4
keepAliveMillis=60000
queue=[]
shutdown=false}
Active Threads : 0
Thread0 is running
Thread1 is running
Thread0 is running
Thread2 is running
Thread1 is running
Thread3 is running
Thread2 is running
Thread4 is running
Thread3 is running
Thread5 is running
Thread4 is running
Thread5 is running
Thread7 is running
Thread6 is running
Thread7 is running
Thread8 is running
Thread6 is running
Thread9 is running
DotConcurrentImpl{threadPoolExecutor=name = dotSystemPool {com.dotcms.concurrent.DotConcurrentFactory$DotThreadPoolExecutor@31fb69fa[Running, pool size = 0, active threads = 0, queued tasks = 0, completed tasks = 0]}
MaximumPoolSize=50
keepAliveMillis=60000
queue=[]
shutdown=false}
DotConcurrentImpl{threadPoolExecutor=name = dotSystemPool {com.dotcms.concurrent.DotConcurrentFactory$DotThreadPoolExecutor@31fb69fa[Running, pool size = 0, active threads = 0, queued tasks = 0, completed tasks = 0]}
MaximumPoolSize=50
keepAliveMillis=60000
queue=[]
shutdown=false}
Thread0 is running
Thread1 is running
Thread3 is running
Thread2 is running
Thread4 is running
Thread5 is running
Thread8 is running
Thread6 is running
Thread7 is running
DotConcurrentImpl{threadPoolExecutor=name = dotSystemPool {com.dotcms.concurrent.DotConcurrentFactory$DotThreadPoolExecutor@31fb69fa[Running, pool size = 10, active threads = 10, queued tasks = 0, completed tasks = 0]}
MaximumPoolSize=50
keepAliveMillis=60000
queue=[]
shutdown=false}
DotConcurrentImpl{threadPoolExecutor=name = dotSystemPool {com.dotcms.concurrent.DotConcurrentFactory$DotThreadPoolExecutor@31fb69fa[Running, pool size = 10, active threads = 10, queued tasks = 10, completed tasks = 0]}
MaximumPoolSize=50
keepAliveMillis=60000
queue=[com.dotcms.concurrent.DotConcurrentFactoryTest$PrintTask@41c733a6, com.dotcms.concurrent.DotConcurrentFactoryTest$PrintTask@1afede3b, com.dotcms.concurrent.DotConcurrentFactoryTest$PrintTask@480fa1f5, com.dotcms.concurrent.DotConcurrentFactoryTest$PrintTask@2aa2d00d, com.dotcms.concurrent.DotConcurrentFactoryTest$PrintTask@52808cfc, com.dotcms.concurrent.DotConcurrentFactoryTest$PrintTask@3ee38f91, com.dotcms.concurrent.DotConcurrentFactoryTest$PrintTask@bd681b1, com.dotcms.concurrent.DotConcurrentFactoryTest$PrintTask@37c81a7e, com.dotcms.concurrent.DotConcurrentFactoryTest$PrintTask@61799717, com.dotcms.concurrent.DotConcurrentFactoryTest$PrintTask@43c403ae]
shutdown=false}
DotConcurrentImpl{threadPoolExecutor=name = dotSystemPool {com.dotcms.concurrent.DotConcurrentFactory$DotThreadPoolExecutor@31fb69fa[Running, pool size = 10, active threads = 10, queued tasks = 20, completed tasks = 0]}
MaximumPoolSize=50
keepAliveMillis=60000
queue=[com.dotcms.concurrent.DotConcurrentFactoryTest$PrintTask@41c733a6, com.dotcms.concurrent.DotConcurrentFactoryTest$PrintTask@1afede3b, com.dotcms.concurrent.DotConcurrentFactoryTest$PrintTask@480fa1f5, com.dotcms.concurrent.DotConcurrentFactoryTest$PrintTask@2aa2d00d, com.dotcms.concurrent.DotConcurrentFactoryTest$PrintTask@52808cfc, com.dotcms.concurrent.DotConcurrentFactoryTest$PrintTask@3ee38f91, com.dotcms.concurrent.DotConcurrentFactoryTest$PrintTask@bd681b1, com.dotcms.concurrent.DotConcurrentFactoryTest$PrintTask@37c81a7e, com.dotcms.concurrent.DotConcurrentFactoryTest$PrintTask@61799717, com.dotcms.concurrent.DotConcurrentFactoryTest$PrintTask@43c403ae, com.dotcms.concurrent.DotConcurrentFactoryTest$PrintTask@7ca0d96e, com.dotcms.concurrent.DotConcurrentFactoryTest$PrintTask@bcc376e, com.dotcms.concurrent.DotConcurrentFactoryTest$PrintTask@26a0c82f, com.dotcms.concurrent.DotConcurrentFactoryTest$PrintTask@451a6626, com.dotcms.concurrent.DotConcurrentFactoryTest$PrintTask@3f8bac42, com.dotcms.concurrent.DotConcurrentFactoryTest$PrintTask@55168b9a, com.dotcms.concurrent.DotConcurrentFactoryTest$PrintTask@75d7d0a7, com.dotcms.concurrent.DotConcurrentFactoryTest$PrintTask@636aa36d, com.dotcms.concurrent.DotConcurrentFactoryTest$PrintTask@161eafe, com.dotcms.concurrent.DotConcurrentFactoryTest$PrintTask@60cafb13]
shutdown=false}
Active Threads : 10
Thread9 is running
Active Threads : 10
Active Threads : 10
Active Threads : 10
Thread8 is running
Thread10 is running
Thread9 is running
Thread11 is running
Active Threads : 10
Thread0 is running
Thread10 is running
Thread1 is running
Thread11 is running
Thread3 is running
Thread12 is running
Thread2 is running
Thread13 is running
Thread4 is running
Thread14 is running
Thread5 is running
Thread15 is running
Thread8 is running
Thread16 is running
Thread6 is running
Thread17 is running
Thread7 is running
Thread18 is running
Thread9 is running
Thread19 is running
Active Threads : 10
Active Threads : 10
Active Threads : 10
Active Threads : 10
Thread10 is running
Thread12 is running
Thread11 is running
Thread13 is running
Active Threads : 10
Thread10 is running
Thread20 is running
Thread11 is running
Thread21 is running
Thread12 is running
Thread22 is running
Thread13 is running
Thread23 is running
Thread14 is running
Thread24 is running
Thread15 is running
Thread25 is running
Thread16 is running
Thread26 is running
Thread17 is running
Thread27 is running
Thread18 is running
Thread28 is running
Thread19 is running
Thread29 is running
Active Threads : 10
Active Threads : 10
Active Threads : 10
Active Threads : 10
Thread12 is running
Thread13 is running
Thread14 is running
Thread15 is running
Active Threads : 10
Thread20 is running
Thread21 is running
Thread30 is running
Thread31 is running
Thread22 is running
Thread32 is running
Thread23 is running
Thread33 is running
Thread24 is running
Thread34 is running
Thread25 is running
Thread35 is running
Thread26 is running
Thread36 is running
Thread27 is running
Thread37 is running
Thread28 is running
Thread38 is running
Thread29 is running
Thread39 is running
Active Threads : 10
Active Threads : 10
Active Threads : 10
Active Threads : 10
Thread15 is running
Thread14 is running
Thread16 is running
Thread17 is running
Active Threads : 10
Thread31 is running
Thread30 is running
Thread32 is running
Thread33 is running
Thread34 is running
Thread35 is running
Thread36 is running
Thread37 is running
Thread38 is running
Thread39 is running
Active Threads : 0
Staring a new one submitterDotConcurrentImpl{threadPoolExecutor=name = dotSystemPool {com.dotcms.concurrent.DotConcurrentFactory$DotThreadPoolExecutor@31fb69fa[Running, pool size = 10, active threads = 0, queued tasks = 0, completed tasks = 40]}
MaximumPoolSize=50
keepAliveMillis=60000
queue=[]
shutdown=false}
Thread0 is running
Thread1 is running
Thread2 is running
Thread3 is running
Thread4 is running
Thread5 is running
Thread6 is running
Active Threads : 2
Thread7 is running
Thread8 is running
Thread9 is running
Active Threads : 10
Active Threads : 10
Thread16 is running
Thread18 is running
Thread17 is running
Thread19 is running
Active Threads : 10
Active Threads : 10
Thread0 is running
Thread1 is running
Thread10 is running
Thread2 is running
Thread11 is running
Thread12 is running
Thread4 is running
Thread3 is running
Thread13 is running
Thread14 is running
Thread5 is running
Thread15 is running
Thread7 is running
Thread8 is running
Thread16 is running
Thread17 is running
Thread6 is running
Thread9 is running
Thread18 is running
Thread19 is running
Active Threads : 10
Active Threads : 10
Active Threads : 10
Thread18 is running
Thread19 is running
Active Threads : 10
Active Threads : 10
Thread10 is running
Thread12 is running
Thread15 is running
Thread13 is running
Thread11 is running
Thread17 is running
Thread14 is running
Thread19 is running
Thread16 is running
Thread18 is running
Active Threads : 0
Supplier1, a 1689886697836
Supplier1, a 1689886697839
Supplier1, a 1689886697837
Supplier1, a 1689886697836
Supplier1, a 1689886697836
Supplier1, a 1689886697837
Supplier1, b 1689886705845
Supplier1, b 1689886705845
Supplier1, b 1689886705846
Supplier1, b 1689886705846
Supplier1, b 1689886705845
Supplier1, b 1689886705845
Supplier1, a 1689886705847
Supplier1, a 1689886705847
Supplier1, a 1689886705847
Supplier1, a 1689886705847
Supplier1, a 1689886705848
Supplier1, a 1689886705848
Supplier1, b 1689886713847
Supplier1, b 1689886713847
Supplier1, b 1689886713847
Supplier1, b 1689886713848
Supplier1, b 1689886713848
Supplier1, b 1689886713848
com.dotcms.concurrent.DotConcurrentFactory$DotSingleSubmitterImpl@d92d385
Thread0 is running
Thread0 is running
Thread1 is running
Thread1 is running
Thread2 is running
Thread2 is running
Thread3 is running
Thread3 is running
Thread4 is running
Thread4 is running
Thread5 is running
Thread5 is running
Thread6 is running
Thread6 is running
Thread7 is running
Thread7 is running
Thread8 is running
Thread8 is running
Thread9 is running
Thread9 is running
Staring a new one submittercom.dotcms.concurrent.DotConcurrentFactory$DotSingleSubmitterImpl@d92d385
Thread0 is running
Thread0 is running
Thread1 is running
Thread1 is running
Thread2 is running
Thread2 is running
Thread3 is running
Thread3 is running
Thread4 is running
Thread4 is running
Thread5 is running
Thread5 is running
Thread6 is running
Thread6 is running
Thread7 is running
Thread7 is running
Thread8 is running
Thread8 is running
Thread9 is running
Thread9 is running
]]></system-out>
  <system-err><![CDATA[]]></system-err>
</testsuite>
