<?xml version="1.0" encoding="UTF-8"?>
<testsuite name="com.dotcms.util.pagination.SiteViewPaginatorUnitTest" tests="2" skipped="0" failures="0" errors="0" timestamp="2023-06-26T16:00:08" hostname="fv-az256-466" time="0.205">
  <properties/>
  <testcase name="Test_Get_Items_Sorted_Pages" classname="com.dotcms.util.pagination.SiteViewPaginatorUnitTest" time="0.154"/>
  <testcase name="Test_Get_Items_Page_Size" classname="com.dotcms.util.pagination.SiteViewPaginatorUnitTest" time="0.049"/>
  <system-out><![CDATA[SYSTEM_HOST
0
1
3
4
6
7
]]></system-out>
  <system-err><![CDATA[]]></system-err>
</testsuite>
