<?xml version="1.0" encoding="UTF-8"?>
<testsuite name="com.dotcms.auth.providers.jwt.factories.SecretKeySpecFactoryTest" tests="1" skipped="0" failures="0" errors="0" timestamp="2023-06-29T16:40:20" hostname="fv-az502-91" time="1.901">
  <properties/>
  <testcase name="readAndPrepareSecret" classname="com.dotcms.auth.providers.jwt.factories.SecretKeySpecFactoryTest" time="1.901"/>
  <system-out><![CDATA[8697dae9f0783a258806d6a86cfd3a4418096221f17d2f63c756b66a8f741742a87d77f4edbef171bc79843ac82c6db40c2da4d52ceb0f2d64b6d8f9015348a7
MySecretKey2
MySecretKey3
MySecretKey3
9be674cf99069e2582c000e354d9d463b638f530b9865d2ea248bf4f63fa29a7707c5aeab7f9910c80dcf5d9cbdfe6c927ac1195007e500d42214b84fb5fe4b3
252f79e4844ccc7f26c68484d21fd0cf5d2849083cc6d6cd9ade019798dff1e817258283a5b810fecf757183ce9d1ead6d8cb8321eba7020d5ee21d4f091d839
adfdbedb9e4657a4eec057e16552636cd52243a729b1015b3bd6a97861194eb7735c0363ff4dd6de8a0e9a79b2d240310e1b86379a0b5cfd32a0f548d9548287
]]></system-out>
  <system-err><![CDATA[]]></system-err>
</testsuite>
