<?xml version="1.0" encoding="UTF-8"?>
<testsuite name="com.dotcms.auth.providers.jwt.factories.SecretKeySpecFactoryTest" tests="1" skipped="0" failures="0" errors="0" timestamp="2023-07-19T15:24:06" hostname="fv-az168-813" time="1.984">
  <properties/>
  <testcase name="readAndPrepareSecret" classname="com.dotcms.auth.providers.jwt.factories.SecretKeySpecFactoryTest" time="1.984"/>
  <system-out><![CDATA[747bdf8294bb6852a1b8d318606c61e064a023c7d3f2771b937906232db4ad026a451eadb5cd38d7dd06e96aa2bedce55d0e4755d83358a38e6e92d8e5777225
MySecretKey2
MySecretKey3
MySecretKey3
9b42db88c9979588bd2d3ab3aadbe9018f9940431a67749c3c6ecac12fcc0d5f744d9d4a33854c052c95d164965ee11210bfcedac2dde9021a7a1bef8ecbec2a
f6690828b692fed03e728a367d53f287ba238cfd6686a426bd8e67f3a0f814df529c277db4a30358bd403a258be32fce564f82e57c9b4cfaf1c52b87179a9f09
11acb22a55b09c4bd8b28317527b931328879770756b797d645dec3dda5bf66999edbdac2beb58f92d6129f2a999589564d02bf8cb361a7089c37124f6d7889d
]]></system-out>
  <system-err><![CDATA[]]></system-err>
</testsuite>
