<?xml version="1.0" encoding="UTF-8"?>
<testsuite name="com.dotcms.auth.providers.jwt.factories.SecretKeySpecFactoryTest" tests="1" skipped="0" failures="0" errors="0" timestamp="2023-06-23T23:37:03" hostname="fv-az309-60" time="1.215">
  <properties/>
  <testcase name="readAndPrepareSecret" classname="com.dotcms.auth.providers.jwt.factories.SecretKeySpecFactoryTest" time="1.215"/>
  <system-out><![CDATA[e0882b7dd1be63a1518bcd49323935dc99ae0736a7c9155cb9b64a311a17effdc3290d5d414c429024533d4a64830c1843198fa07906036fc86957d7fd5b7333
MySecretKey2
MySecretKey3
MySecretKey3
3f363fd9b6ab623d96bfa3e3e8e199248dc6e759b5dcb25ef84973f3a61e01aa38f757af0c3cfe2295f39b567fdad570617e131fc271fbaa41d951eab56256be
a560c8572b7612d8db1f922a9d97df42c42bd780ae81c9d54d7257130166ec08912eba7bbbee64ec95b79718686b046ae88b461b3d0357cc1f11c84655b8c081
ef7cfc76d06e1fee80a961e3b4663ada67d98ba8e5694861f37c19d8f9f5bde9db17b3b476c027e73986d64e5c6631cdec9d191498b8d6e0fc884b128099566a
]]></system-out>
  <system-err><![CDATA[]]></system-err>
</testsuite>
