<?xml version="1.0" encoding="UTF-8"?>
<testsuite name="com.dotmarketing.portlets.workflows.ajax.WfBaseActionTest" tests="3" skipped="0" failures="0" errors="0" timestamp="2023-06-24T01:59:40" hostname="fv-az562-927" time="0.224">
  <properties/>
  <testcase name="TestOnNullCallTheDefaultCommand" classname="com.dotmarketing.portlets.workflows.ajax.WfBaseActionTest" time="0.181"/>
  <testcase name="TestNotAllowedCommands" classname="com.dotmarketing.portlets.workflows.ajax.WfBaseActionTest" time="0.019"/>
  <testcase name="TestAllowedCommands" classname="com.dotmarketing.portlets.workflows.ajax.WfBaseActionTest" time="0.022"/>
  <system-out><![CDATA[ Command ::  forbiddenMethod  on  class Mock for WfSchemeAjax, hashCode: 1771548060
 Command ::  forbiddenMethod  on  class Mock for WfRoleStoreAjax, hashCode: 1956820070
 Command ::  forbiddenMethod  on  class Mock for WfActionClassAjax, hashCode: 1725883055
 Command ::  forbiddenMethod  on  class Mock for WfActionAjax, hashCode: 749404379
 Command ::  forbiddenMethod  on  class Mock for WfTaskAjax, hashCode: 86635671
 Command ::  save  on  class Mock for WfSchemeAjax, hashCode: 1615765679
 Command ::  action  on  class Mock for WfSchemeAjax, hashCode: 1615765679
 Command ::  assignable  on  class Mock for WfRoleStoreAjax, hashCode: 600505767
 Command ::  rolesToJson  on  class Mock for WfRoleStoreAjax, hashCode: 600505767
 Command ::  action  on  class Mock for WfRoleStoreAjax, hashCode: 600505767
 Command ::  action  on  class Mock for WfActionClassAjax, hashCode: 479261321
 Command ::  reorder  on  class Mock for WfActionClassAjax, hashCode: 479261321
 Command ::  delete  on  class Mock for WfActionClassAjax, hashCode: 479261321
 Command ::  save  on  class Mock for WfActionClassAjax, hashCode: 479261321
 Command ::  add  on  class Mock for WfActionClassAjax, hashCode: 479261321
 Command ::  add  on  class Mock for WfActionAjax, hashCode: 682083952
 Command ::  deleteActionForStep  on  class Mock for WfActionAjax, hashCode: 682083952
 Command ::  save  on  class Mock for WfActionAjax, hashCode: 682083952
 Command ::  delete  on  class Mock for WfActionAjax, hashCode: 682083952
 Command ::  reorder  on  class Mock for WfActionAjax, hashCode: 682083952
 Command ::  action  on  class Mock for WfActionAjax, hashCode: 682083952
 Command ::  executeAction  on  class Mock for WfTaskAjax, hashCode: 45738984
 Command ::  executeActions  on  class Mock for WfTaskAjax, hashCode: 45738984
 Command ::  action  on  class Mock for WfTaskAjax, hashCode: 45738984
]]></system-out>
  <system-err><![CDATA[]]></system-err>
</testsuite>
