<?xml version="1.0" encoding="UTF-8"?>
<testsuite name="com.dotcms.util.LowerKeyMapTest" tests="1" skipped="0" failures="0" errors="0" timestamp="2023-07-13T19:47:45" hostname="fv-az359-855" time="0.003">
  <properties/>
  <testcase name="put_lowerKeyMapTest" classname="com.dotcms.util.LowerKeyMapTest" time="0.003"/>
  <system-out><![CDATA[]]></system-out>
  <system-err><![CDATA[]]></system-err>
</testsuite>
