<?xml version="1.0" encoding="UTF-8"?>
<testsuite name="com.dotcms.auth.providers.jwt.factories.SecretKeySpecFactoryTest" tests="1" skipped="0" failures="0" errors="0" timestamp="2023-06-28T21:52:11" hostname="fv-az313-711" time="1.41">
  <properties/>
  <testcase name="readAndPrepareSecret" classname="com.dotcms.auth.providers.jwt.factories.SecretKeySpecFactoryTest" time="1.41"/>
  <system-out><![CDATA[08546b6eca39514212becc9e51fbdd22f603270c2f87559264c39672366577d69598429df2cc0c20623a3f93e2b386f1847a0597dfdc538be82fcc53b3525994
MySecretKey2
MySecretKey3
MySecretKey3
b00732c2579107d3b66272f4ff25e2d2da3cd8c1aa6b005ef4aed80345b2d50a035495f96c407f9466ec5baf63e4d9cef04a669af074510936755a986aa722bc
9179962a046dec7fcc09b82adde3e28391f93f09b68b55a922193fa39e2b67bcaf2c38bb4d1e409a1eb8452aa18f9949d737d0f5b363c956487ea402dff38d5c
714f77a9977fc6a43dd16ceed93c1e473f21b6d8ef7be2141d9a09ae8d927d8bca15a58c63b2872ca291094b32f051e316e489052e12f8f58fbdccbc24814be8
]]></system-out>
  <system-err><![CDATA[]]></system-err>
</testsuite>
