<?xml version="1.0" encoding="UTF-8"?>
<testsuite name="com.dotcms.rendering.velocity.viewtools.ContainerWebAPITest" tests="7" skipped="0" failures="0" errors="0" timestamp="2023-06-26T15:50:48" hostname="fv-az246-4" time="0.338">
  <properties/>
  <testcase name="doesUserHasPermissionToAddContentThrowDotDataExceptionGettingSystemUser" classname="com.dotcms.rendering.velocity.viewtools.ContainerWebAPITest" time="0.097"/>
  <testcase name="doesUserHasPermissionToAddContentWithNullParameter" classname="com.dotcms.rendering.velocity.viewtools.ContainerWebAPITest" time="0.001"/>
  <testcase name="doesUserHasPermissionToAddContentNullList" classname="com.dotcms.rendering.velocity.viewtools.ContainerWebAPITest" time="0.18"/>
  <testcase name="doesUserHasPermissionToAddContentEmptyList" classname="com.dotcms.rendering.velocity.viewtools.ContainerWebAPITest" time="0.007"/>
  <testcase name="doesUserHasPermissionToAddContentThrowDotSecurityExceptionFindingContainer" classname="com.dotcms.rendering.velocity.viewtools.ContainerWebAPITest" time="0.04"/>
  <testcase name="doesUserHasPermissionToAddContentThrowDotDataExceptionFindingContainer" classname="com.dotcms.rendering.velocity.viewtools.ContainerWebAPITest" time="0.003"/>
  <testcase name="doesUserHasPermissionToAddContent" classname="com.dotcms.rendering.velocity.viewtools.ContainerWebAPITest" time="0.002"/>
  <system-out><![CDATA[]]></system-out>
  <system-err><![CDATA[]]></system-err>
</testsuite>
