<?xml version="1.0" encoding="UTF-8"?>
<testsuite name="com.dotmarketing.util.RuntimeUtilsTest" tests="4" skipped="0" failures="0" errors="0" timestamp="2023-07-18T15:30:26" hostname="fv-az583-710" time="0.095">
  <properties/>
  <testcase name="test_runProcessAndGetOutput_withInvalidCmd" classname="com.dotmarketing.util.RuntimeUtilsTest" time="0.022"/>
  <testcase name="test_unProcessAndGetOutput" classname="com.dotmarketing.util.RuntimeUtilsTest" time="0.024"/>
  <testcase name="test_runProcessAndGetOutput_withWaitAndInvalidErrorCode" classname="com.dotmarketing.util.RuntimeUtilsTest" time="0.023"/>
  <testcase name="test_getRunProcessStream" classname="com.dotmarketing.util.RuntimeUtilsTest" time="0.024"/>
  <system-out><![CDATA[]]></system-out>
  <system-err><![CDATA[]]></system-err>
</testsuite>
