<?xml version="1.0" encoding="UTF-8"?>
<testsuite name="com.dotcms.auth.providers.jwt.factories.SecretKeySpecFactoryTest" tests="1" skipped="0" failures="0" errors="0" timestamp="2023-07-17T20:01:51" hostname="fv-az621-935" time="1.284">
  <properties/>
  <testcase name="readAndPrepareSecret" classname="com.dotcms.auth.providers.jwt.factories.SecretKeySpecFactoryTest" time="1.284"/>
  <system-out><![CDATA[3a835be879352eed5cd15793b8356846fd8ceefda1009202fb9e425a727a4b5a90c567417f373be54441e9053d938f136d05a78a25d5f64975aca38a286609eb
MySecretKey2
MySecretKey3
MySecretKey3
82e512e09b72b108ee30f4ca41535fee04edaf5ac3626ed5a9df48c687befc45f3eee86a84006723f0c9538b580cca1a515fd76d1001d6bb9a3c39c2037f65f5
aeee7b55c7bd934be6469269ddfc7ee55470c8df099b6390d8330cac9d64955e94bf54ee792c9ecf33266edbb2927bfb81b38429f3d03c9ddcdfb5d432c32780
870feeac942fb600e72c4187db0abbb2690963245ba1fab33ed0f4926bbd575122bd7506e2a63980ba623fd4880da672cb108d775f19eb7da2c5470192ec0834
]]></system-out>
  <system-err><![CDATA[]]></system-err>
</testsuite>
