<?xml version="1.0" encoding="UTF-8"?>
<testsuite name="com.dotcms.enterprise.priv.util.SearchSourceBuilderUtilTest" tests="1" skipped="0" failures="0" errors="0" timestamp="2023-07-06T20:56:59" hostname="fv-az559-290" time="1.07">
  <properties/>
  <testcase name="testGetSearchSourceBuilder" classname="com.dotcms.enterprise.priv.util.SearchSourceBuilderUtilTest" time="1.07"/>
  <system-out><![CDATA[]]></system-out>
  <system-err><![CDATA[]]></system-err>
</testsuite>
