<?xml version="1.0" encoding="UTF-8"?>
<testsuite name="com.dotcms.auth.providers.jwt.factories.SecretKeySpecFactoryTest" tests="1" skipped="0" failures="0" errors="0" timestamp="2023-07-20T06:56:58" hostname="fv-az1025-50" time="1.625">
  <properties/>
  <testcase name="readAndPrepareSecret" classname="com.dotcms.auth.providers.jwt.factories.SecretKeySpecFactoryTest" time="1.625"/>
  <system-out><![CDATA[d31fcb76f9e069b30bc7713e035ab990c81640dbf4b846df35d692d43c7ff13e9dfa137f7c7410cad1917ad88ac0187724e7f7e20d8979b638d4d687cf2fc5c8
MySecretKey2
MySecretKey3
MySecretKey3
d64147b926bad5ee7e14c9ef53de946395c7b5dd9e964169355ccf4c9363c0fdb4aa4c54423f4f7db0f9c7d56d06c0e4b97268f2f5cd82d798067902eccbfccb
274ca67eba05f9f2eac7d0879460a4ffec966c6fbec03abbae375124807466686df6722c98e4a6d2ab8d042d25c8275201180ca956a4299e8c1ac942f756a601
0f49ed2f1335b06b7db9c52f34314f77825a8dda05550f818024c99b1439f74191eaf4130a1000ed174595296e08099fc066787aaef19e0afc8c269f0887a1ee
]]></system-out>
  <system-err><![CDATA[]]></system-err>
</testsuite>
