<?xml version="1.0" encoding="UTF-8"?>
<testsuite name="com.dotmarketing.portlets.osgi.AJAX.OSGIBaseAJAXTest" tests="3" skipped="0" failures="0" errors="0" timestamp="2023-07-12T18:57:29" hostname="fv-az412-903" time="0.174">
  <properties/>
  <testcase name="TestOnNullCallTheDefaultCommand" classname="com.dotmarketing.portlets.osgi.AJAX.OSGIBaseAJAXTest" time="0.141"/>
  <testcase name="TestNotAllowedCommands" classname="com.dotmarketing.portlets.osgi.AJAX.OSGIBaseAJAXTest" time="0.003"/>
  <testcase name="TestAllowedCommands" classname="com.dotmarketing.portlets.osgi.AJAX.OSGIBaseAJAXTest" time="0.02"/>
  <system-out><![CDATA[ Command ::  forbiddenMethod  on  class Mock for OSGIAJAX, hashCode: 792968855
 Command ::  action  on  class Mock for OSGIAJAX, hashCode: 787868677
 Command ::  restart  on  class Mock for OSGIAJAX, hashCode: 787868677
 Command ::  start  on  class Mock for OSGIAJAX, hashCode: 787868677
 Command ::  add  on  class Mock for OSGIAJAX, hashCode: 787868677
 Command ::  stop  on  class Mock for OSGIAJAX, hashCode: 787868677
 Command ::  undeploy  on  class Mock for OSGIAJAX, hashCode: 787868677
 Command ::  modifyExtraPackages  on  class Mock for OSGIAJAX, hashCode: 787868677
 Command ::  deploy  on  class Mock for OSGIAJAX, hashCode: 787868677
 Command ::  remove  on  class Mock for OSGIAJAX, hashCode: 787868677
 Command ::  getExtraPackages  on  class Mock for OSGIAJAX, hashCode: 787868677
]]></system-out>
  <system-err><![CDATA[]]></system-err>
</testsuite>
