<?xml version="1.0" encoding="UTF-8"?>
<testsuite name="com.dotmarketing.portlets.osgi.AJAX.OSGIBaseAJAXTest" tests="3" skipped="0" failures="0" errors="0" timestamp="2023-07-07T14:50:10" hostname="fv-az548-686" time="0.142">
  <properties/>
  <testcase name="TestOnNullCallTheDefaultCommand" classname="com.dotmarketing.portlets.osgi.AJAX.OSGIBaseAJAXTest" time="0.099"/>
  <testcase name="TestNotAllowedCommands" classname="com.dotmarketing.portlets.osgi.AJAX.OSGIBaseAJAXTest" time="0.003"/>
  <testcase name="TestAllowedCommands" classname="com.dotmarketing.portlets.osgi.AJAX.OSGIBaseAJAXTest" time="0.027"/>
  <system-out><![CDATA[ Command ::  forbiddenMethod  on  class Mock for OSGIAJAX, hashCode: 315788328
 Command ::  restart  on  class Mock for OSGIAJAX, hashCode: 531574446
 Command ::  start  on  class Mock for OSGIAJAX, hashCode: 531574446
 Command ::  add  on  class Mock for OSGIAJAX, hashCode: 531574446
 Command ::  stop  on  class Mock for OSGIAJAX, hashCode: 531574446
 Command ::  undeploy  on  class Mock for OSGIAJAX, hashCode: 531574446
 Command ::  modifyExtraPackages  on  class Mock for OSGIAJAX, hashCode: 531574446
 Command ::  deploy  on  class Mock for OSGIAJAX, hashCode: 531574446
 Command ::  remove  on  class Mock for OSGIAJAX, hashCode: 531574446
 Command ::  getExtraPackages  on  class Mock for OSGIAJAX, hashCode: 531574446
 Command ::  action  on  class Mock for OSGIAJAX, hashCode: 531574446
]]></system-out>
  <system-err><![CDATA[]]></system-err>
</testsuite>
