<?xml version="1.0" encoding="UTF-8"?>
<testsuite name="com.dotcms.auth.providers.jwt.factories.SecretKeySpecFactoryTest" tests="1" skipped="0" failures="0" errors="0" timestamp="2023-07-07T16:34:42" hostname="fv-az254-482" time="1.395">
  <properties/>
  <testcase name="readAndPrepareSecret" classname="com.dotcms.auth.providers.jwt.factories.SecretKeySpecFactoryTest" time="1.395"/>
  <system-out><![CDATA[e5855a4f73982b743b70964f7968b03f69a80b9327b9ed7b41f39d1caf03471feda208263d4be394259232fbbf74a7cf8625a0780250c672404241088a287412
MySecretKey2
MySecretKey3
MySecretKey3
a4321e424b73900b3053b8a9882344aba9c1498f935f0aab7f22baff92dd4af3783f790942c940e5092e7601559f54800e778755fc1506bb9ae5e1b8509e6047
a5bce67766c481ddd400e25586b38e3106c3583793e63fcdf1f48a0eea6a2737dd0ca546ea34d7a90e5c50a8c085937d51ed2ed55017791273af859771f051fa
8c8438231a36fe2444a2cbdc223208814ae0a46e7e4cfd143106d407b5d7a493eeb96c411727413bcbba306611af008ed1aa84bbdedcefd34fdcbc62ed2d515b
]]></system-out>
  <system-err><![CDATA[]]></system-err>
</testsuite>
