<?xml version="1.0" encoding="UTF-8"?>
<testsuite name="com.dotmarketing.portlets.workflows.ajax.WfBaseActionTest" tests="3" skipped="0" failures="0" errors="0" timestamp="2023-07-18T15:58:47" hostname="fv-az883-365" time="0.311">
  <properties/>
  <testcase name="TestOnNullCallTheDefaultCommand" classname="com.dotmarketing.portlets.workflows.ajax.WfBaseActionTest" time="0.196"/>
  <testcase name="TestNotAllowedCommands" classname="com.dotmarketing.portlets.workflows.ajax.WfBaseActionTest" time="0.063"/>
  <testcase name="TestAllowedCommands" classname="com.dotmarketing.portlets.workflows.ajax.WfBaseActionTest" time="0.052"/>
  <system-out><![CDATA[ Command ::  forbiddenMethod  on  class Mock for WfRoleStoreAjax, hashCode: 1904995669
 Command ::  forbiddenMethod  on  class Mock for WfActionAjax, hashCode: 1266446367
 Command ::  forbiddenMethod  on  class Mock for WfActionClassAjax, hashCode: 229729250
 Command ::  forbiddenMethod  on  class Mock for WfSchemeAjax, hashCode: 568939032
 Command ::  forbiddenMethod  on  class Mock for WfTaskAjax, hashCode: 1928748057
 Command ::  action  on  class Mock for WfRoleStoreAjax, hashCode: 2030357696
 Command ::  assignable  on  class Mock for WfRoleStoreAjax, hashCode: 2030357696
 Command ::  rolesToJson  on  class Mock for WfRoleStoreAjax, hashCode: 2030357696
 Command ::  delete  on  class Mock for WfActionAjax, hashCode: 972320605
 Command ::  reorder  on  class Mock for WfActionAjax, hashCode: 972320605
 Command ::  action  on  class Mock for WfActionAjax, hashCode: 972320605
 Command ::  add  on  class Mock for WfActionAjax, hashCode: 972320605
 Command ::  deleteActionForStep  on  class Mock for WfActionAjax, hashCode: 972320605
 Command ::  save  on  class Mock for WfActionAjax, hashCode: 972320605
 Command ::  add  on  class Mock for WfActionClassAjax, hashCode: 1723456790
 Command ::  action  on  class Mock for WfActionClassAjax, hashCode: 1723456790
 Command ::  reorder  on  class Mock for WfActionClassAjax, hashCode: 1723456790
 Command ::  delete  on  class Mock for WfActionClassAjax, hashCode: 1723456790
 Command ::  save  on  class Mock for WfActionClassAjax, hashCode: 1723456790
 Command ::  save  on  class Mock for WfSchemeAjax, hashCode: 1726617412
 Command ::  action  on  class Mock for WfSchemeAjax, hashCode: 1726617412
 Command ::  executeAction  on  class Mock for WfTaskAjax, hashCode: 1584755262
 Command ::  executeActions  on  class Mock for WfTaskAjax, hashCode: 1584755262
 Command ::  action  on  class Mock for WfTaskAjax, hashCode: 1584755262
]]></system-out>
  <system-err><![CDATA[]]></system-err>
</testsuite>
