<?xml version="1.0" encoding="UTF-8"?>
<testsuite name="com.dotcms.auth.providers.jwt.factories.SecretKeySpecFactoryTest" tests="1" skipped="0" failures="0" errors="0" timestamp="2023-07-14T17:41:59" hostname="fv-az487-488" time="1.667">
  <properties/>
  <testcase name="readAndPrepareSecret" classname="com.dotcms.auth.providers.jwt.factories.SecretKeySpecFactoryTest" time="1.667"/>
  <system-out><![CDATA[ebe6fbeea46678100e5092defb1d8b31817db4429cd611edea25615e5ea60bb2a5906222d6b0d02708b86ae9bc080a8fc2156963205b41a3b1c7711cdf80f4b9
MySecretKey2
MySecretKey3
MySecretKey3
e47d6477ab0b3a2140a5d161b85b36dbb35fea06bdbe0bbdb79ff7e0f0a05c2fd66907c77e1597c78306b134c9af9a73bda16159712e16291567b8381705b0fb
0e5ae83c8c19406bb75a026c97604814de86281d59115a785fc794ccdb28152ac0d69a83ba9c5a99de0140827cb747fd172b5476a56fc9e35042367b8a1b43e7
a52ef47c4cf752d4ae757a669b6dcce3c859f223e1741bd381c8dc3465efa6847232812cc753b33e1d6375aa8da982dfe3a622866e35372b1ea89d006c81bd7a
]]></system-out>
  <system-err><![CDATA[]]></system-err>
</testsuite>
