<?xml version="1.0" encoding="UTF-8"?>
<testsuite name="com.dotcms.auth.providers.jwt.factories.SecretKeySpecFactoryTest" tests="1" skipped="0" failures="0" errors="0" timestamp="2023-06-28T15:45:56" hostname="fv-az550-287" time="1.335">
  <properties/>
  <testcase name="readAndPrepareSecret" classname="com.dotcms.auth.providers.jwt.factories.SecretKeySpecFactoryTest" time="1.335"/>
  <system-out><![CDATA[66312605411dc9d69bff9fc7c0ed9a042f1c859d2ec642b18868a8cadfa24ee291a710c06632a29186e0336837b3f76373ca33fd397e2f144d2e4b1b60a7cb95
MySecretKey2
MySecretKey3
MySecretKey3
5b33bcca93c84fc3cd1af15fe62a01a09bb14854e2a1af6684502f7c2222b3a1ab8efdd44d1d39750b31d6952a2ed8551a040ab0faa4198d2f2f940b55f60a19
5e145ab1939b0606ead2161a068b660beb2043c2cb6e93ae75b0e5dc9143ad9ebd59df8ed18b02d1de8d151ce85afecd6a2c0f0bcfbfd6bcf17d7f09b9e72645
fd57d7b31ec0e3c6787879166dd447864ea18e4b35de8b088959f721af7568f94adecbb321067216dcf237c03cb5f165b616a05a27562f02141297ca5a2b538c
]]></system-out>
  <system-err><![CDATA[]]></system-err>
</testsuite>
