<?xml version="1.0" encoding="UTF-8"?>
<testsuite name="com.dotmarketing.portlets.osgi.AJAX.OSGIBaseAJAXTest" tests="3" skipped="0" failures="0" errors="0" timestamp="2023-06-22T13:33:05" hostname="fv-az570-235" time="0.052">
  <properties/>
  <testcase name="TestOnNullCallTheDefaultCommand" classname="com.dotmarketing.portlets.osgi.AJAX.OSGIBaseAJAXTest" time="0.035"/>
  <testcase name="TestNotAllowedCommands" classname="com.dotmarketing.portlets.osgi.AJAX.OSGIBaseAJAXTest" time="0.003"/>
  <testcase name="TestAllowedCommands" classname="com.dotmarketing.portlets.osgi.AJAX.OSGIBaseAJAXTest" time="0.013"/>
  <system-out><![CDATA[ Command ::  forbiddenMethod  on  class Mock for OSGIAJAX, hashCode: 417998295
 Command ::  start  on  class Mock for OSGIAJAX, hashCode: 1217961955
 Command ::  add  on  class Mock for OSGIAJAX, hashCode: 1217961955
 Command ::  stop  on  class Mock for OSGIAJAX, hashCode: 1217961955
 Command ::  undeploy  on  class Mock for OSGIAJAX, hashCode: 1217961955
 Command ::  modifyExtraPackages  on  class Mock for OSGIAJAX, hashCode: 1217961955
 Command ::  deploy  on  class Mock for OSGIAJAX, hashCode: 1217961955
 Command ::  remove  on  class Mock for OSGIAJAX, hashCode: 1217961955
 Command ::  getExtraPackages  on  class Mock for OSGIAJAX, hashCode: 1217961955
 Command ::  action  on  class Mock for OSGIAJAX, hashCode: 1217961955
 Command ::  restart  on  class Mock for OSGIAJAX, hashCode: 1217961955
]]></system-out>
  <system-err><![CDATA[]]></system-err>
</testsuite>
