<?xml version="1.0" encoding="UTF-8"?>
<testsuite name="com.dotmarketing.portlets.osgi.AJAX.OSGIBaseAJAXTest" tests="3" skipped="0" failures="0" errors="0" timestamp="2023-06-30T15:35:19" hostname="fv-az617-677" time="0.07">
  <properties/>
  <testcase name="TestOnNullCallTheDefaultCommand" classname="com.dotmarketing.portlets.osgi.AJAX.OSGIBaseAJAXTest" time="0.044"/>
  <testcase name="TestNotAllowedCommands" classname="com.dotmarketing.portlets.osgi.AJAX.OSGIBaseAJAXTest" time="0.004"/>
  <testcase name="TestAllowedCommands" classname="com.dotmarketing.portlets.osgi.AJAX.OSGIBaseAJAXTest" time="0.022"/>
  <system-out><![CDATA[ Command ::  forbiddenMethod  on  class Mock for OSGIAJAX, hashCode: 1335763979
 Command ::  deploy  on  class Mock for OSGIAJAX, hashCode: 1154351679
 Command ::  modifyExtraPackages  on  class Mock for OSGIAJAX, hashCode: 1154351679
 Command ::  undeploy  on  class Mock for OSGIAJAX, hashCode: 1154351679
 Command ::  stop  on  class Mock for OSGIAJAX, hashCode: 1154351679
 Command ::  add  on  class Mock for OSGIAJAX, hashCode: 1154351679
 Command ::  start  on  class Mock for OSGIAJAX, hashCode: 1154351679
 Command ::  restart  on  class Mock for OSGIAJAX, hashCode: 1154351679
 Command ::  action  on  class Mock for OSGIAJAX, hashCode: 1154351679
 Command ::  getExtraPackages  on  class Mock for OSGIAJAX, hashCode: 1154351679
 Command ::  remove  on  class Mock for OSGIAJAX, hashCode: 1154351679
]]></system-out>
  <system-err><![CDATA[]]></system-err>
</testsuite>
