<?xml version="1.0" encoding="UTF-8"?>
<testsuite name="com.dotmarketing.portlets.workflows.ajax.WfBaseActionTest" tests="3" skipped="0" failures="0" errors="0" timestamp="2023-07-03T16:46:28" hostname="fv-az305-256" time="0.31">
  <properties/>
  <testcase name="TestOnNullCallTheDefaultCommand" classname="com.dotmarketing.portlets.workflows.ajax.WfBaseActionTest" time="0.244"/>
  <testcase name="TestNotAllowedCommands" classname="com.dotmarketing.portlets.workflows.ajax.WfBaseActionTest" time="0.019"/>
  <testcase name="TestAllowedCommands" classname="com.dotmarketing.portlets.workflows.ajax.WfBaseActionTest" time="0.039"/>
  <system-out><![CDATA[ Command ::  forbiddenMethod  on  class Mock for WfSchemeAjax, hashCode: 49429726
 Command ::  forbiddenMethod  on  class Mock for WfActionClassAjax, hashCode: 1922532942
 Command ::  forbiddenMethod  on  class Mock for WfTaskAjax, hashCode: 639369579
 Command ::  forbiddenMethod  on  class Mock for WfActionAjax, hashCode: 1632176863
 Command ::  forbiddenMethod  on  class Mock for WfRoleStoreAjax, hashCode: 1284944729
 Command ::  save  on  class Mock for WfSchemeAjax, hashCode: 1482382108
 Command ::  action  on  class Mock for WfSchemeAjax, hashCode: 1482382108
 Command ::  action  on  class Mock for WfActionClassAjax, hashCode: 339601499
 Command ::  reorder  on  class Mock for WfActionClassAjax, hashCode: 339601499
 Command ::  delete  on  class Mock for WfActionClassAjax, hashCode: 339601499
 Command ::  save  on  class Mock for WfActionClassAjax, hashCode: 339601499
 Command ::  add  on  class Mock for WfActionClassAjax, hashCode: 339601499
 Command ::  action  on  class Mock for WfTaskAjax, hashCode: 878871665
 Command ::  executeAction  on  class Mock for WfTaskAjax, hashCode: 878871665
 Command ::  executeActions  on  class Mock for WfTaskAjax, hashCode: 878871665
 Command ::  action  on  class Mock for WfActionAjax, hashCode: 171753952
 Command ::  add  on  class Mock for WfActionAjax, hashCode: 171753952
 Command ::  deleteActionForStep  on  class Mock for WfActionAjax, hashCode: 171753952
 Command ::  save  on  class Mock for WfActionAjax, hashCode: 171753952
 Command ::  delete  on  class Mock for WfActionAjax, hashCode: 171753952
 Command ::  reorder  on  class Mock for WfActionAjax, hashCode: 171753952
 Command ::  action  on  class Mock for WfRoleStoreAjax, hashCode: 1772092496
 Command ::  assignable  on  class Mock for WfRoleStoreAjax, hashCode: 1772092496
 Command ::  rolesToJson  on  class Mock for WfRoleStoreAjax, hashCode: 1772092496
]]></system-out>
  <system-err><![CDATA[]]></system-err>
</testsuite>
