<?xml version="1.0" encoding="UTF-8"?>
<testsuite name="com.dotcms.util.pagination.SiteViewPaginatorUnitTest" tests="2" skipped="0" failures="0" errors="0" timestamp="2023-07-17T16:47:09" hostname="fv-az162-832" time="0.222">
  <properties/>
  <testcase name="Test_Get_Items_Sorted_Pages" classname="com.dotcms.util.pagination.SiteViewPaginatorUnitTest" time="0.173"/>
  <testcase name="Test_Get_Items_Page_Size" classname="com.dotcms.util.pagination.SiteViewPaginatorUnitTest" time="0.049"/>
  <system-out><![CDATA[SYSTEM_HOST
0
2
3
4
5
7
8
]]></system-out>
  <system-err><![CDATA[]]></system-err>
</testsuite>
