<?xml version="1.0" encoding="UTF-8"?>
<testsuite name="com.dotmarketing.portlets.osgi.AJAX.OSGIBaseAJAXTest" tests="3" skipped="0" failures="0" errors="0" timestamp="2023-06-29T16:44:12" hostname="fv-az502-91" time="0.11">
  <properties/>
  <testcase name="TestOnNullCallTheDefaultCommand" classname="com.dotmarketing.portlets.osgi.AJAX.OSGIBaseAJAXTest" time="0.081"/>
  <testcase name="TestNotAllowedCommands" classname="com.dotmarketing.portlets.osgi.AJAX.OSGIBaseAJAXTest" time="0.004"/>
  <testcase name="TestAllowedCommands" classname="com.dotmarketing.portlets.osgi.AJAX.OSGIBaseAJAXTest" time="0.024"/>
  <system-out><![CDATA[ Command ::  forbiddenMethod  on  class Mock for OSGIAJAX, hashCode: 481956045
 Command ::  action  on  class Mock for OSGIAJAX, hashCode: 1930095345
 Command ::  restart  on  class Mock for OSGIAJAX, hashCode: 1930095345
 Command ::  start  on  class Mock for OSGIAJAX, hashCode: 1930095345
 Command ::  add  on  class Mock for OSGIAJAX, hashCode: 1930095345
 Command ::  stop  on  class Mock for OSGIAJAX, hashCode: 1930095345
 Command ::  undeploy  on  class Mock for OSGIAJAX, hashCode: 1930095345
 Command ::  modifyExtraPackages  on  class Mock for OSGIAJAX, hashCode: 1930095345
 Command ::  deploy  on  class Mock for OSGIAJAX, hashCode: 1930095345
 Command ::  remove  on  class Mock for OSGIAJAX, hashCode: 1930095345
 Command ::  getExtraPackages  on  class Mock for OSGIAJAX, hashCode: 1930095345
]]></system-out>
  <system-err><![CDATA[]]></system-err>
</testsuite>
