<?xml version="1.0" encoding="UTF-8"?>
<testsuite name="com.dotmarketing.portlets.workflows.ajax.WfBaseActionTest" tests="3" skipped="0" failures="0" errors="0" timestamp="2023-06-29T23:07:07" hostname="fv-az614-79" time="0.163">
  <properties/>
  <testcase name="TestOnNullCallTheDefaultCommand" classname="com.dotmarketing.portlets.workflows.ajax.WfBaseActionTest" time="0.12"/>
  <testcase name="TestNotAllowedCommands" classname="com.dotmarketing.portlets.workflows.ajax.WfBaseActionTest" time="0.019"/>
  <testcase name="TestAllowedCommands" classname="com.dotmarketing.portlets.workflows.ajax.WfBaseActionTest" time="0.023"/>
  <system-out><![CDATA[ Command ::  forbiddenMethod  on  class Mock for WfRoleStoreAjax, hashCode: 345491262
 Command ::  forbiddenMethod  on  class Mock for WfActionClassAjax, hashCode: 1770860877
 Command ::  forbiddenMethod  on  class Mock for WfActionAjax, hashCode: 156135639
 Command ::  forbiddenMethod  on  class Mock for WfTaskAjax, hashCode: 479702799
 Command ::  forbiddenMethod  on  class Mock for WfSchemeAjax, hashCode: 309744616
 Command ::  rolesToJson  on  class Mock for WfRoleStoreAjax, hashCode: 682083952
 Command ::  assignable  on  class Mock for WfRoleStoreAjax, hashCode: 682083952
 Command ::  action  on  class Mock for WfRoleStoreAjax, hashCode: 682083952
 Command ::  save  on  class Mock for WfActionClassAjax, hashCode: 1108844701
 Command ::  delete  on  class Mock for WfActionClassAjax, hashCode: 1108844701
 Command ::  reorder  on  class Mock for WfActionClassAjax, hashCode: 1108844701
 Command ::  action  on  class Mock for WfActionClassAjax, hashCode: 1108844701
 Command ::  add  on  class Mock for WfActionClassAjax, hashCode: 1108844701
 Command ::  deleteActionForStep  on  class Mock for WfActionAjax, hashCode: 1516644831
 Command ::  add  on  class Mock for WfActionAjax, hashCode: 1516644831
 Command ::  action  on  class Mock for WfActionAjax, hashCode: 1516644831
 Command ::  reorder  on  class Mock for WfActionAjax, hashCode: 1516644831
 Command ::  delete  on  class Mock for WfActionAjax, hashCode: 1516644831
 Command ::  save  on  class Mock for WfActionAjax, hashCode: 1516644831
 Command ::  executeAction  on  class Mock for WfTaskAjax, hashCode: 1712016395
 Command ::  action  on  class Mock for WfTaskAjax, hashCode: 1712016395
 Command ::  executeActions  on  class Mock for WfTaskAjax, hashCode: 1712016395
 Command ::  action  on  class Mock for WfSchemeAjax, hashCode: 1754839081
 Command ::  save  on  class Mock for WfSchemeAjax, hashCode: 1754839081
]]></system-out>
  <system-err><![CDATA[]]></system-err>
</testsuite>
