<?xml version="1.0" encoding="UTF-8"?>
<testsuite name="com.dotcms.auth.providers.jwt.factories.SecretKeySpecFactoryTest" tests="1" skipped="0" failures="0" errors="0" timestamp="2023-07-07T14:44:41" hostname="fv-az1111-236" time="1.79">
  <properties/>
  <testcase name="readAndPrepareSecret" classname="com.dotcms.auth.providers.jwt.factories.SecretKeySpecFactoryTest" time="1.79"/>
  <system-out><![CDATA[b756307e42f65d0e4bc1330c48edb84084c6052401056ab949ec1309e3b11f949f98e455467de290f86d1a9cbef3d59a59e9ed1c57c9e08db154e13bed5b1e2c
MySecretKey2
MySecretKey3
MySecretKey3
76747f7069825ea3e3aa7ba27ccd1a34f31ea6d6621dac0b72e6841dcb7b2a9c1021e92a8af2f274eafe9a0a4545e93eb614aaec332c354590b2999474b99524
ee6679fd32f629a5b2d1be5e046b20f8a03ef18f7d36a9e4008df1a02b8da95502c0f5bf02da30a235b49fd7ae9ce6b9d61ae18c5030951bdaf217f82a8c60d4
51b39f2b35805ac064a149e365c08cc40f88112a986135bb87247145bfaae3008951a2a1a71a5a304d7cf6ea5f255aef8d5ce54acb15ad0cde0747d53510d34b
]]></system-out>
  <system-err><![CDATA[]]></system-err>
</testsuite>
