<?xml version="1.0" encoding="UTF-8"?>
<testsuite name="com.dotcms.util.pagination.SiteViewPaginatorUnitTest" tests="2" skipped="0" failures="0" errors="0" timestamp="2023-07-18T15:29:08" hostname="fv-az583-710" time="0.274">
  <properties/>
  <testcase name="Test_Get_Items_Sorted_Pages" classname="com.dotcms.util.pagination.SiteViewPaginatorUnitTest" time="0.179"/>
  <testcase name="Test_Get_Items_Page_Size" classname="com.dotcms.util.pagination.SiteViewPaginatorUnitTest" time="0.09"/>
  <system-out><![CDATA[SYSTEM_HOST
0
1
2
3
6
]]></system-out>
  <system-err><![CDATA[]]></system-err>
</testsuite>
