<?xml version="1.0" encoding="UTF-8"?>
<testsuite name="com.dotmarketing.db.DockerSecretsUtilTest" tests="7" skipped="0" failures="0" errors="0" timestamp="2023-07-06T22:27:33" hostname="fv-az567-299" time="0.026">
  <properties/>
  <testcase name="testLoadFromFileWhenFileDoesNotExist" classname="com.dotmarketing.db.DockerSecretsUtilTest" time="0.013"/>
  <testcase name="testLoadFromFileWithInvalidSecrets" classname="com.dotmarketing.db.DockerSecretsUtilTest" time="0.009"/>
  <testcase name="testLoadWithValidSecrets" classname="com.dotmarketing.db.DockerSecretsUtilTest" time="0.001"/>
  <testcase name="testLoadWithAnEmptyDir" classname="com.dotmarketing.db.DockerSecretsUtilTest" time="0.001"/>
  <testcase name="testLoadWhenFileDoesNotExist" classname="com.dotmarketing.db.DockerSecretsUtilTest" time="0.0"/>
  <testcase name="testLoadFromFileWithValidSecrets" classname="com.dotmarketing.db.DockerSecretsUtilTest" time="0.001"/>
  <testcase name="testLoadFromFileWhenFilePathDoesNotExist" classname="com.dotmarketing.db.DockerSecretsUtilTest" time="0.0"/>
  <system-out><![CDATA[]]></system-out>
  <system-err><![CDATA[]]></system-err>
</testsuite>
