<?xml version="1.0" encoding="UTF-8"?>
<testsuite name="com.dotcms.auth.providers.jwt.factories.SecretKeySpecFactoryTest" tests="1" skipped="0" failures="0" errors="0" timestamp="2023-06-27T14:53:02" hostname="fv-az577-978" time="1.47">
  <properties/>
  <testcase name="readAndPrepareSecret" classname="com.dotcms.auth.providers.jwt.factories.SecretKeySpecFactoryTest" time="1.47"/>
  <system-out><![CDATA[5c51f1c56f3f3abf67e04a73fca473f166a971423da8f2f6826d74e20356af072fcc33f9414ec60e336952d4e165c00aeaf80aac8b86d0a0c259e2a511e280cb
MySecretKey2
MySecretKey3
MySecretKey3
8894cd0fd764579d091e8925144f76594cb96b77a038cab3c23db8ef6ff82ec5b90bf958fe4bde97fc2a3f5efc5b75e47cb4655293988ebd41c7de3137eefef2
a2cb0370ddf0a4aa853119eafd0ccc29dd31e546ef44b7e431de06b684338588696e6dff571a54374ff38c5a174ce5095b44af71959df5c68b904015e2599af2
449a101345be156ae782c12f3e80cf5e07eb8e7047033710c4e734c68e18f1bf8dd484b1cb5ae86c2291494fcb4e916df121af22338d2295cf436699c1b53bdf
]]></system-out>
  <system-err><![CDATA[]]></system-err>
</testsuite>
