<?xml version="1.0" encoding="UTF-8"?>
<testsuite name="com.dotcms.notifications.BaseContentTypeSystemEventProcessorTest" tests="1" skipped="0" failures="0" errors="0" timestamp="2023-07-10T22:05:28" hostname="fv-az442-489" time="0.095">
  <properties/>
  <testcase name="testProcess" classname="com.dotcms.notifications.BaseContentTypeSystemEventProcessorTest" time="0.095"/>
  <system-out><![CDATA[]]></system-out>
  <system-err><![CDATA[]]></system-err>
</testsuite>
