<?xml version="1.0" encoding="UTF-8"?>
<testsuite name="com.liferay.util.StringUtilTest" tests="14" skipped="0" failures="0" errors="0" timestamp="2023-07-19T14:35:35" hostname="fv-az792-222" time="0.002">
  <properties/>
  <testcase name="testReplaceOnceNothing" classname="com.liferay.util.StringUtilTest" time="0.0"/>
  <testcase name="testReplaceOnceNull" classname="com.liferay.util.StringUtilTest" time="0.0"/>
  <testcase name="testReplaceAll" classname="com.liferay.util.StringUtilTest" time="0.0"/>
  <testcase name="testReplaceAllNull" classname="com.liferay.util.StringUtilTest" time="0.0"/>
  <testcase name="testReplaceAllInvalidLength2" classname="com.liferay.util.StringUtilTest" time="0.0"/>
  <testcase name="testReplaceAllExtraNotMatchReplacements" classname="com.liferay.util.StringUtilTest" time="0.0"/>
  <testcase name="testReplaceAll2" classname="com.liferay.util.StringUtilTest" time="0.0"/>
  <testcase name="testReplaceAll3" classname="com.liferay.util.StringUtilTest" time="0.0"/>
  <testcase name="testReplaceOnce" classname="com.liferay.util.StringUtilTest" time="0.0"/>
  <testcase name="testReplaceAllSingle" classname="com.liferay.util.StringUtilTest" time="0.0"/>
  <testcase name="testReplaceOnce2" classname="com.liferay.util.StringUtilTest" time="0.0"/>
  <testcase name="testReplaceAllNothing" classname="com.liferay.util.StringUtilTest" time="0.0"/>
  <testcase name="testReplaceAllInvalidLength" classname="com.liferay.util.StringUtilTest" time="0.0"/>
  <testcase name="testReplaceAllGroup" classname="com.liferay.util.StringUtilTest" time="0.0"/>
  <system-out><![CDATA[]]></system-out>
  <system-err><![CDATA[]]></system-err>
</testsuite>
