<?xml version="1.0" encoding="UTF-8"?>
<testsuite name="com.dotcms.auth.providers.jwt.factories.SecretKeySpecFactoryTest" tests="1" skipped="0" failures="0" errors="0" timestamp="2023-07-13T21:14:30" hostname="fv-az615-218" time="1.713">
  <properties/>
  <testcase name="readAndPrepareSecret" classname="com.dotcms.auth.providers.jwt.factories.SecretKeySpecFactoryTest" time="1.713"/>
  <system-out><![CDATA[d44224e638e21e6aa47b46cf854cd026a29368bfdbcbeb1a3fd0285e6c5cc92c1d9f994329b605b0c4a2fb3a6baf901b57a7df415720cf8599bfc6583925fff4
MySecretKey2
MySecretKey3
MySecretKey3
ebd8f00862a3053ca050f34b664b6834f56f1d0597f2436509d2f83ee421ff898c1e28e2574f67004c877d3f375388ebe809afdabcba24a17f0943bd19813031
f25b114a907765a61f23fa4ec6405625c6365233aae7d72de5010de93d2aefd525f408e121baed6770f94f92ff5fca6b2a62df84bfdf2d6885f379d637b95604
2e632940d4d9480d71abd9fd2092b3c624e9a3730c84340156cda609459ddeec1995c90b90f1e8c2a4a2f2b48f521b15c69aefbbdef5605f8fa577886c5d871d
]]></system-out>
  <system-err><![CDATA[]]></system-err>
</testsuite>
