<?xml version="1.0" encoding="UTF-8"?>
<testsuite name="com.dotcms.util.pagination.UserPaginatorTest" tests="2" skipped="0" failures="0" errors="0" timestamp="2023-06-30T20:43:40" hostname="fv-az563-283" time="32.184">
  <properties/>
  <testcase name="testGetItems" classname="com.dotcms.util.pagination.UserPaginatorTest" time="32.181"/>
  <testcase name="testGetItemsException" classname="com.dotcms.util.pagination.UserPaginatorTest" time="0.003"/>
  <system-out><![CDATA[]]></system-out>
  <system-err><![CDATA[]]></system-err>
</testsuite>
