<?xml version="1.0" encoding="UTF-8"?>
<testsuite name="com.dotcms.util.diff.DiffCommandTest" tests="2" skipped="0" failures="0" errors="0" timestamp="2023-07-11T16:59:48" hostname="fv-az1256-472" time="0.004">
  <properties/>
  <testcase name="applyDiff_Comparable" classname="com.dotcms.util.diff.DiffCommandTest" time="0.003"/>
  <testcase name="applyDiff_Differentiable" classname="com.dotcms.util.diff.DiffCommandTest" time="0.001"/>
  <system-out><![CDATA[{six=six, five=five}
{two=two}
{four=fourxxx, one=onexxx}
{six=com.dotcms.util.diff.DiffCommandTest$StringDifferentiable@4c257543, five=com.dotcms.util.diff.DiffCommandTest$StringDifferentiable@2ffa374e}
{two=com.dotcms.util.diff.DiffCommandTest$StringDifferentiable@1f2ff50a}
{four=com.dotcms.util.diff.DiffCommandTest$StringDifferentiable@7aa1fa9b, one=com.dotcms.util.diff.DiffCommandTest$StringDifferentiable@1d4907e1}
]]></system-out>
  <system-err><![CDATA[]]></system-err>
</testsuite>
