<?xml version="1.0" encoding="UTF-8"?>
<testsuite name="com.dotcms.business.expiring.ExpiringMapTest" tests="6" skipped="0" failures="0" errors="0" timestamp="2023-07-03T14:27:08" hostname="fv-az587-620" time="43.11">
  <properties/>
  <testcase name="put_4_seconds_duration_messages_in_timeout_interval_should_be_ignore_after_should_not_contains" classname="com.dotcms.business.expiring.ExpiringMapTest" time="5.097"/>
  <testcase name="Put_Using_Cache_TTL_No_Expiring_Strategy" classname="com.dotcms.business.expiring.ExpiringMapTest" time="5.002"/>
  <testcase name="put_4_seconds_timeunit_messages_in_timeout_interval_should_be_ignore_after_should_not_contains" classname="com.dotcms.business.expiring.ExpiringMapTest" time="5.002"/>
  <testcase name="put_3_seconds_default_strategy_messages_in_timeout_interval_should_be_ignore_after_should_not_contains" classname="com.dotcms.business.expiring.ExpiringMapTest" time="5.002"/>
  <testcase name="put_4000_millis_ttl_messages_in_timeout_interval_should_be_ignore_after_should_not_contains" classname="com.dotcms.business.expiring.ExpiringMapTest" time="5.001"/>
  <testcase name="put_with_custom_strategy_messages_in_timeout_interval_should_be_ignore_after_should_not_contains" classname="com.dotcms.business.expiring.ExpiringMapTest" time="18.006"/>
  <system-out><![CDATA[]]></system-out>
  <system-err><![CDATA[]]></system-err>
</testsuite>
