<?xml version="1.0" encoding="UTF-8"?>
<testsuite name="com.dotmarketing.portlets.workflows.ajax.WfBaseActionTest" tests="3" skipped="0" failures="0" errors="0" timestamp="2023-06-29T17:33:47" hostname="fv-az571-416" time="0.36">
  <properties/>
  <testcase name="TestOnNullCallTheDefaultCommand" classname="com.dotmarketing.portlets.workflows.ajax.WfBaseActionTest" time="0.286"/>
  <testcase name="TestNotAllowedCommands" classname="com.dotmarketing.portlets.workflows.ajax.WfBaseActionTest" time="0.041"/>
  <testcase name="TestAllowedCommands" classname="com.dotmarketing.portlets.workflows.ajax.WfBaseActionTest" time="0.033"/>
  <system-out><![CDATA[ Command ::  forbiddenMethod  on  class Mock for WfActionAjax, hashCode: 319277791
 Command ::  forbiddenMethod  on  class Mock for WfActionClassAjax, hashCode: 1224184399
 Command ::  forbiddenMethod  on  class Mock for WfRoleStoreAjax, hashCode: 1158778446
 Command ::  forbiddenMethod  on  class Mock for WfTaskAjax, hashCode: 171094006
 Command ::  forbiddenMethod  on  class Mock for WfSchemeAjax, hashCode: 1148668421
 Command ::  save  on  class Mock for WfActionAjax, hashCode: 1016978571
 Command ::  deleteActionForStep  on  class Mock for WfActionAjax, hashCode: 1016978571
 Command ::  add  on  class Mock for WfActionAjax, hashCode: 1016978571
 Command ::  action  on  class Mock for WfActionAjax, hashCode: 1016978571
 Command ::  reorder  on  class Mock for WfActionAjax, hashCode: 1016978571
 Command ::  delete  on  class Mock for WfActionAjax, hashCode: 1016978571
 Command ::  save  on  class Mock for WfActionClassAjax, hashCode: 1802532415
 Command ::  delete  on  class Mock for WfActionClassAjax, hashCode: 1802532415
 Command ::  reorder  on  class Mock for WfActionClassAjax, hashCode: 1802532415
 Command ::  action  on  class Mock for WfActionClassAjax, hashCode: 1802532415
 Command ::  add  on  class Mock for WfActionClassAjax, hashCode: 1802532415
 Command ::  rolesToJson  on  class Mock for WfRoleStoreAjax, hashCode: 552629277
 Command ::  assignable  on  class Mock for WfRoleStoreAjax, hashCode: 552629277
 Command ::  action  on  class Mock for WfRoleStoreAjax, hashCode: 552629277
 Command ::  executeAction  on  class Mock for WfTaskAjax, hashCode: 1916755767
 Command ::  action  on  class Mock for WfTaskAjax, hashCode: 1916755767
 Command ::  executeActions  on  class Mock for WfTaskAjax, hashCode: 1916755767
 Command ::  action  on  class Mock for WfSchemeAjax, hashCode: 389558710
 Command ::  save  on  class Mock for WfSchemeAjax, hashCode: 389558710
]]></system-out>
  <system-err><![CDATA[]]></system-err>
</testsuite>
