<?xml version="1.0" encoding="UTF-8"?>
<testsuite name="com.dotmarketing.portlets.workflows.ajax.WfBaseActionTest" tests="3" skipped="0" failures="0" errors="0" timestamp="2023-06-26T14:27:45" hostname="fv-az590-445" time="0.288">
  <properties/>
  <testcase name="TestOnNullCallTheDefaultCommand" classname="com.dotmarketing.portlets.workflows.ajax.WfBaseActionTest" time="0.237"/>
  <testcase name="TestNotAllowedCommands" classname="com.dotmarketing.portlets.workflows.ajax.WfBaseActionTest" time="0.021"/>
  <testcase name="TestAllowedCommands" classname="com.dotmarketing.portlets.workflows.ajax.WfBaseActionTest" time="0.03"/>
  <system-out><![CDATA[ Command ::  forbiddenMethod  on  class Mock for WfTaskAjax, hashCode: 160504718
 Command ::  forbiddenMethod  on  class Mock for WfSchemeAjax, hashCode: 674040283
 Command ::  forbiddenMethod  on  class Mock for WfRoleStoreAjax, hashCode: 1960807943
 Command ::  forbiddenMethod  on  class Mock for WfActionAjax, hashCode: 264959734
 Command ::  forbiddenMethod  on  class Mock for WfActionClassAjax, hashCode: 1864693160
 Command ::  executeAction  on  class Mock for WfTaskAjax, hashCode: 847579756
 Command ::  executeActions  on  class Mock for WfTaskAjax, hashCode: 847579756
 Command ::  action  on  class Mock for WfTaskAjax, hashCode: 847579756
 Command ::  save  on  class Mock for WfSchemeAjax, hashCode: 1771548060
 Command ::  action  on  class Mock for WfSchemeAjax, hashCode: 1771548060
 Command ::  rolesToJson  on  class Mock for WfRoleStoreAjax, hashCode: 1956820070
 Command ::  action  on  class Mock for WfRoleStoreAjax, hashCode: 1956820070
 Command ::  assignable  on  class Mock for WfRoleStoreAjax, hashCode: 1956820070
 Command ::  delete  on  class Mock for WfActionAjax, hashCode: 1725883055
 Command ::  reorder  on  class Mock for WfActionAjax, hashCode: 1725883055
 Command ::  action  on  class Mock for WfActionAjax, hashCode: 1725883055
 Command ::  add  on  class Mock for WfActionAjax, hashCode: 1725883055
 Command ::  deleteActionForStep  on  class Mock for WfActionAjax, hashCode: 1725883055
 Command ::  save  on  class Mock for WfActionAjax, hashCode: 1725883055
 Command ::  action  on  class Mock for WfActionClassAjax, hashCode: 345491262
 Command ::  reorder  on  class Mock for WfActionClassAjax, hashCode: 345491262
 Command ::  delete  on  class Mock for WfActionClassAjax, hashCode: 345491262
 Command ::  save  on  class Mock for WfActionClassAjax, hashCode: 345491262
 Command ::  add  on  class Mock for WfActionClassAjax, hashCode: 345491262
]]></system-out>
  <system-err><![CDATA[]]></system-err>
</testsuite>
