<?xml version="1.0" encoding="UTF-8"?>
<testsuite name="com.dotmarketing.portlets.workflows.ajax.WfBaseActionTest" tests="3" skipped="0" failures="0" errors="0" timestamp="2023-07-18T05:26:31" hostname="fv-az614-516" time="0.23">
  <properties/>
  <testcase name="TestOnNullCallTheDefaultCommand" classname="com.dotmarketing.portlets.workflows.ajax.WfBaseActionTest" time="0.173"/>
  <testcase name="TestNotAllowedCommands" classname="com.dotmarketing.portlets.workflows.ajax.WfBaseActionTest" time="0.021"/>
  <testcase name="TestAllowedCommands" classname="com.dotmarketing.portlets.workflows.ajax.WfBaseActionTest" time="0.036"/>
  <system-out><![CDATA[ Command ::  forbiddenMethod  on  class Mock for WfActionAjax, hashCode: 824911933
 Command ::  forbiddenMethod  on  class Mock for WfTaskAjax, hashCode: 774194593
 Command ::  forbiddenMethod  on  class Mock for WfActionClassAjax, hashCode: 603902861
 Command ::  forbiddenMethod  on  class Mock for WfRoleStoreAjax, hashCode: 163391416
 Command ::  forbiddenMethod  on  class Mock for WfSchemeAjax, hashCode: 1960746771
 Command ::  deleteActionForStep  on  class Mock for WfActionAjax, hashCode: 311833880
 Command ::  add  on  class Mock for WfActionAjax, hashCode: 311833880
 Command ::  action  on  class Mock for WfActionAjax, hashCode: 311833880
 Command ::  reorder  on  class Mock for WfActionAjax, hashCode: 311833880
 Command ::  delete  on  class Mock for WfActionAjax, hashCode: 311833880
 Command ::  save  on  class Mock for WfActionAjax, hashCode: 311833880
 Command ::  action  on  class Mock for WfTaskAjax, hashCode: 1171525343
 Command ::  executeActions  on  class Mock for WfTaskAjax, hashCode: 1171525343
 Command ::  executeAction  on  class Mock for WfTaskAjax, hashCode: 1171525343
 Command ::  save  on  class Mock for WfActionClassAjax, hashCode: 1723456790
 Command ::  delete  on  class Mock for WfActionClassAjax, hashCode: 1723456790
 Command ::  reorder  on  class Mock for WfActionClassAjax, hashCode: 1723456790
 Command ::  action  on  class Mock for WfActionClassAjax, hashCode: 1723456790
 Command ::  add  on  class Mock for WfActionClassAjax, hashCode: 1723456790
 Command ::  rolesToJson  on  class Mock for WfRoleStoreAjax, hashCode: 1726617412
 Command ::  assignable  on  class Mock for WfRoleStoreAjax, hashCode: 1726617412
 Command ::  action  on  class Mock for WfRoleStoreAjax, hashCode: 1726617412
 Command ::  action  on  class Mock for WfSchemeAjax, hashCode: 1584755262
 Command ::  save  on  class Mock for WfSchemeAjax, hashCode: 1584755262
]]></system-out>
  <system-err><![CDATA[]]></system-err>
</testsuite>
