<?xml version="1.0" encoding="UTF-8"?>
<testsuite name="com.dotcms.auth.providers.jwt.factories.SecretKeySpecFactoryTest" tests="1" skipped="0" failures="0" errors="0" timestamp="2023-07-17T23:10:00" hostname="fv-az934-332" time="1.68">
  <properties/>
  <testcase name="readAndPrepareSecret" classname="com.dotcms.auth.providers.jwt.factories.SecretKeySpecFactoryTest" time="1.68"/>
  <system-out><![CDATA[8291317414dccbb2491ca3ef4bd9d42342e93e1a768ff1b78b605e66d2fd5c0ff61653e93d4bed22f541d279182983ac0d2a96198971f9fb934e5cb37b096aad
MySecretKey2
MySecretKey3
MySecretKey3
7b6b897e1cccd1f05eea01f42d0ccf2ad26030a6af6b30e7970bc459ca5e4235645011458f4bab860bb71421c58566f95ed37e72a281fa5bf84aac0851563872
1abc27e193a23d9d7899a76e1245dc92488ec96ce3077cd6329e69ef54fafbb0d741e06b585ea6e2817657ed87453b18df5aecdeb6ad098c9ac40c3260128035
dfcd8a166efc88e532fbf88ce29badc753bc04cbfc2d3e37abc5b075945f7c638a6d2aa7034e9d044549f88b52a83aefa55eff2101d037d7dd5cd9f68cd85c38
]]></system-out>
  <system-err><![CDATA[]]></system-err>
</testsuite>
