<?xml version="1.0" encoding="UTF-8"?>
<testsuite name="com.dotcms.auth.providers.jwt.factories.SecretKeySpecFactoryTest" tests="1" skipped="0" failures="0" errors="0" timestamp="2023-06-22T00:08:16" hostname="fv-az561-920" time="1.054">
  <properties/>
  <testcase name="readAndPrepareSecret" classname="com.dotcms.auth.providers.jwt.factories.SecretKeySpecFactoryTest" time="1.054"/>
  <system-out><![CDATA[dd4fad4be4684e708ede7dacb492cbd16a28ea944ec4db324562ead69300680020a397f0600b017b2f8f241c274ff2a263b7f963f2be2466a3e6e62d1f30a6d4
MySecretKey2
MySecretKey3
MySecretKey3
83c18ae8cd2ebb76c19360c1b02b3639e9f36993fc92368b159af96a0233e138bfb0e948abfe0bd07dbf080b9addadfd4dc3525def09499fa1d0b74e25a40301
dbb5b4ef3ff72da3ad1395e4ab724b6455b4033357bba84340c20171536d1b736af612babccb9bba0d689bff4def7c7d472d1da37b39030286745e64de47522e
a9cdd89a44a2a2aabf3d7760899a718cfe6b33e65f85f749a151601b04f9142f438aa69909521b31b40a01a288a64bad28e04812a3873eba7c6396006910521d
]]></system-out>
  <system-err><![CDATA[]]></system-err>
</testsuite>
