<?xml version="1.0" encoding="UTF-8"?>
<testsuite name="com.dotcms.auth.providers.jwt.factories.SecretKeySpecFactoryTest" tests="1" skipped="0" failures="0" errors="0" timestamp="2023-07-14T19:23:05" hostname="fv-az736-698" time="1.245">
  <properties/>
  <testcase name="readAndPrepareSecret" classname="com.dotcms.auth.providers.jwt.factories.SecretKeySpecFactoryTest" time="1.245"/>
  <system-out><![CDATA[5e409d929fffab28907243d5664bd2b8f1dfedf8bf15714c3ac29f2000b757b7c21d78067de970c84a33a4047bb9a827c5d2fffc14e7b762a8909484a9b69268
MySecretKey2
MySecretKey3
MySecretKey3
80ab2a6f108d9025d36ce388c33126033e58def9a5c959a65671ee2276ad3a2b9b23fb3edc5e8ec8184b6a55deb2c83fb8a3c973b382043ca28b37a95cc7196b
9a06c35be81531554ba13f1278f4bcacedafaff31c9b314449177e6506f53eb1764e3916ca3053bdee0fc80a9e9863d543c06f8a20cbeac0f644c224a5df1d03
cb3d0be5c3b6218fdfb04154ae534a6d202c5649cfcb3b8e1d84a5080fe6f7e5a7e8619d694309071bd3077b80f2680865c31a565d704afabb122bfe57f09ad0
]]></system-out>
  <system-err><![CDATA[]]></system-err>
</testsuite>
