<?xml version="1.0" encoding="UTF-8"?>
<testsuite name="com.dotmarketing.util.FileUtilTest" tests="1" skipped="0" failures="0" errors="0" timestamp="2023-07-17T17:42:59" hostname="fv-az620-591" time="0.015">
  <properties/>
  <testcase name="test_file_name_sanitizer" classname="com.dotmarketing.util.FileUtilTest" time="0.015"/>
  <system-out><![CDATA[]]></system-out>
  <system-err><![CDATA[]]></system-err>
</testsuite>
