<?xml version="1.0" encoding="UTF-8"?>
<testsuite name="com.dotcms.auth.providers.jwt.factories.SecretKeySpecFactoryTest" tests="1" skipped="0" failures="0" errors="0" timestamp="2023-07-13T19:33:11" hostname="fv-az887-517" time="1.427">
  <properties/>
  <testcase name="readAndPrepareSecret" classname="com.dotcms.auth.providers.jwt.factories.SecretKeySpecFactoryTest" time="1.427"/>
  <system-out><![CDATA[62a8a31450a65f1296ddbb166dd190ab6fbec5c54dba460f2e5f0869fd0dda1ab79efcb812a08968e79e7b8403155aeff5d720988404f2c03b2d4db72d983201
MySecretKey2
MySecretKey3
MySecretKey3
0f6ad8449cf241f32f1d57330d04686ee6891a72dc78744d445a96252260a78b0cb241004d59496b9d1752cffc1b95d22dcb80bda0e264606581b8d1038e3a18
30c304f4646640ec6e0493a90a25029f7e0e6df077be2e3719454343f5b6b154bd5e03d5a8dfe25832c40fa77aa51e87d72bb3d63644f0355a5114fa82dabc50
4d0e9b31ebd9df18858f9eb1ba53e3217a398d0a8782c85b4bab21a8c4b129094a5ba1329f191fbe8ac92685cd46673b1a223a7407a24329ab9161dc9f249bea
]]></system-out>
  <system-err><![CDATA[]]></system-err>
</testsuite>
