<?xml version="1.0" encoding="UTF-8"?>
<testsuite name="com.dotmarketing.util.ZipUtilTest" tests="3" skipped="0" failures="0" errors="0" timestamp="2023-06-28T15:56:49" hostname="fv-az395-584" time="0.019">
  <properties/>
  <testcase name="testUnzipInvalidInputStream" classname="com.dotmarketing.util.ZipUtilTest" time="0.019"/>
  <testcase name="simpleChildPathMatchTest" classname="com.dotmarketing.util.ZipUtilTest" time="0.0"/>
  <testcase name="invalidFolderAttemptTest" classname="com.dotmarketing.util.ZipUtilTest" time="0.0"/>
  <system-out><![CDATA[]]></system-out>
  <system-err><![CDATA[]]></system-err>
</testsuite>
