<?xml version="1.0" encoding="UTF-8"?>
<testsuite name="com.dotmarketing.portlets.rules.conditionlet.UsersBrowserConditionletTest" tests="2" skipped="0" failures="0" errors="0" timestamp="2023-07-21T16:02:14" hostname="fv-az454-899" time="0.009">
  <properties/>
  <testcase name="testIsComparison" classname="com.dotmarketing.portlets.rules.conditionlet.UsersBrowserConditionletTest" time="0.006"/>
  <testcase name="testIsNotComparison" classname="com.dotmarketing.portlets.rules.conditionlet.UsersBrowserConditionletTest" time="0.003"/>
  <system-out><![CDATA[]]></system-out>
  <system-err><![CDATA[]]></system-err>
</testsuite>
