<?xml version="1.0" encoding="UTF-8"?>
<testsuite name="com.dotmarketing.portlets.workflows.ajax.WfBaseActionTest" tests="3" skipped="0" failures="0" errors="0" timestamp="2023-06-23T22:52:46" hostname="fv-az338-385" time="0.198">
  <properties/>
  <testcase name="TestOnNullCallTheDefaultCommand" classname="com.dotmarketing.portlets.workflows.ajax.WfBaseActionTest" time="0.151"/>
  <testcase name="TestNotAllowedCommands" classname="com.dotmarketing.portlets.workflows.ajax.WfBaseActionTest" time="0.02"/>
  <testcase name="TestAllowedCommands" classname="com.dotmarketing.portlets.workflows.ajax.WfBaseActionTest" time="0.027"/>
  <system-out><![CDATA[ Command ::  forbiddenMethod  on  class Mock for WfActionClassAjax, hashCode: 384397655
 Command ::  forbiddenMethod  on  class Mock for WfTaskAjax, hashCode: 1657481421
 Command ::  forbiddenMethod  on  class Mock for WfRoleStoreAjax, hashCode: 1964226112
 Command ::  forbiddenMethod  on  class Mock for WfSchemeAjax, hashCode: 1332301073
 Command ::  forbiddenMethod  on  class Mock for WfActionAjax, hashCode: 1728311545
 Command ::  add  on  class Mock for WfActionClassAjax, hashCode: 1780497560
 Command ::  save  on  class Mock for WfActionClassAjax, hashCode: 1780497560
 Command ::  delete  on  class Mock for WfActionClassAjax, hashCode: 1780497560
 Command ::  reorder  on  class Mock for WfActionClassAjax, hashCode: 1780497560
 Command ::  action  on  class Mock for WfActionClassAjax, hashCode: 1780497560
 Command ::  action  on  class Mock for WfTaskAjax, hashCode: 1943739560
 Command ::  executeActions  on  class Mock for WfTaskAjax, hashCode: 1943739560
 Command ::  executeAction  on  class Mock for WfTaskAjax, hashCode: 1943739560
 Command ::  assignable  on  class Mock for WfRoleStoreAjax, hashCode: 1725883055
 Command ::  action  on  class Mock for WfRoleStoreAjax, hashCode: 1725883055
 Command ::  rolesToJson  on  class Mock for WfRoleStoreAjax, hashCode: 1725883055
 Command ::  action  on  class Mock for WfSchemeAjax, hashCode: 749404379
 Command ::  save  on  class Mock for WfSchemeAjax, hashCode: 749404379
 Command ::  save  on  class Mock for WfActionAjax, hashCode: 86635671
 Command ::  deleteActionForStep  on  class Mock for WfActionAjax, hashCode: 86635671
 Command ::  add  on  class Mock for WfActionAjax, hashCode: 86635671
 Command ::  action  on  class Mock for WfActionAjax, hashCode: 86635671
 Command ::  reorder  on  class Mock for WfActionAjax, hashCode: 86635671
 Command ::  delete  on  class Mock for WfActionAjax, hashCode: 86635671
]]></system-out>
  <system-err><![CDATA[]]></system-err>
</testsuite>
