<?xml version="1.0" encoding="UTF-8"?>
<testsuite name="com.dotmarketing.portlets.osgi.AJAX.OSGIBaseAJAXTest" tests="3" skipped="0" failures="0" errors="0" timestamp="2023-07-21T16:53:19" hostname="fv-az413-360" time="0.049">
  <properties/>
  <testcase name="TestOnNullCallTheDefaultCommand" classname="com.dotmarketing.portlets.osgi.AJAX.OSGIBaseAJAXTest" time="0.035"/>
  <testcase name="TestNotAllowedCommands" classname="com.dotmarketing.portlets.osgi.AJAX.OSGIBaseAJAXTest" time="0.003"/>
  <testcase name="TestAllowedCommands" classname="com.dotmarketing.portlets.osgi.AJAX.OSGIBaseAJAXTest" time="0.011"/>
  <system-out><![CDATA[ Command ::  forbiddenMethod  on  class Mock for OSGIAJAX, hashCode: 209949620
 Command ::  restart  on  class Mock for OSGIAJAX, hashCode: 2029504135
 Command ::  start  on  class Mock for OSGIAJAX, hashCode: 2029504135
 Command ::  add  on  class Mock for OSGIAJAX, hashCode: 2029504135
 Command ::  stop  on  class Mock for OSGIAJAX, hashCode: 2029504135
 Command ::  undeploy  on  class Mock for OSGIAJAX, hashCode: 2029504135
 Command ::  modifyExtraPackages  on  class Mock for OSGIAJAX, hashCode: 2029504135
 Command ::  deploy  on  class Mock for OSGIAJAX, hashCode: 2029504135
 Command ::  remove  on  class Mock for OSGIAJAX, hashCode: 2029504135
 Command ::  getExtraPackages  on  class Mock for OSGIAJAX, hashCode: 2029504135
 Command ::  action  on  class Mock for OSGIAJAX, hashCode: 2029504135
]]></system-out>
  <system-err><![CDATA[]]></system-err>
</testsuite>
