<?xml version="1.0" encoding="UTF-8"?>
<testsuite name="com.dotcms.auth.providers.jwt.factories.SecretKeySpecFactoryTest" tests="1" skipped="0" failures="0" errors="0" timestamp="2023-07-18T15:48:01" hostname="fv-az612-336" time="1.211">
  <properties/>
  <testcase name="readAndPrepareSecret" classname="com.dotcms.auth.providers.jwt.factories.SecretKeySpecFactoryTest" time="1.211"/>
  <system-out><![CDATA[3319d5a00e0428932a26437f3161a1e4a7ae179d05a2d96bbffddf195083c03fae40d895eba02bcff5a14597568746f9f5d6569c6aa91d6fb6a2dc5562781624
MySecretKey2
MySecretKey3
MySecretKey3
700504dfe444f0afa584300143c78daa213afc66470dcf4915f6309f9c26f03f50e05680a400251a0e6ce16393a355dfad849c63a2baf9f4877d6c3680e05152
e7ddef53cb30f2614504b5ba36157acdff1bdbd69a9472d7f6cc2e68be71ce5e52f131040eb7ac41c483a3bfc63855328091a28498156aa838a104f970fb8d3e
bb03d0f0237c4e16f4c2a02d71f3a61f1d142fe76298503cf2573e8972b6cd51bac9a453cde057fe76a4c350575c850238e302ea9356828383eb21f45a3a4b02
]]></system-out>
  <system-err><![CDATA[]]></system-err>
</testsuite>
