<?xml version="1.0" encoding="UTF-8"?>
<testsuite name="com.dotcms.util.pagination.TemplatePaginatorTest" tests="1" skipped="0" failures="0" errors="0" timestamp="2023-06-26T22:06:34" hostname="fv-az1236-103" time="0.153">
  <properties/>
  <testcase name="testGetEmptyTemplateList" classname="com.dotcms.util.pagination.TemplatePaginatorTest" time="0.153"/>
  <system-out><![CDATA[]]></system-out>
  <system-err><![CDATA[]]></system-err>
</testsuite>
