<?xml version="1.0" encoding="UTF-8"?>
<testsuite name="com.dotmarketing.portlets.rules.actionlet.SetRequestAttributeActionletTest" tests="7" skipped="0" failures="0" errors="0" timestamp="2023-06-26T14:27:43" hostname="fv-az590-445" time="0.031">
  <properties/>
  <testcase name="testGeneralConfiguration" classname="com.dotmarketing.portlets.rules.actionlet.SetRequestAttributeActionletTest" time="0.001"/>
  <testcase name="testValidateParameters[0: Null key is not valid]" classname="com.dotmarketing.portlets.rules.actionlet.SetRequestAttributeActionletTest" time="0.017"/>
  <testcase name="testValidateParameters[1: An empty string for key is invalid]" classname="com.dotmarketing.portlets.rules.actionlet.SetRequestAttributeActionletTest" time="0.004"/>
  <testcase name="testValidateParameters[2: A single character key is valid]" classname="com.dotmarketing.portlets.rules.actionlet.SetRequestAttributeActionletTest" time="0.0"/>
  <testcase name="testValidateParameters[3: A null value is valid]" classname="com.dotmarketing.portlets.rules.actionlet.SetRequestAttributeActionletTest" time="0.001"/>
  <testcase name="testValidateParameters[4: An empty string value is valid]" classname="com.dotmarketing.portlets.rules.actionlet.SetRequestAttributeActionletTest" time="0.0"/>
  <testcase name="testExecuteActionTreatsNullValueAsEmptyString" classname="com.dotmarketing.portlets.rules.actionlet.SetRequestAttributeActionletTest" time="0.001"/>
  <system-out><![CDATA[]]></system-out>
  <system-err><![CDATA[]]></system-err>
</testsuite>
