<?xml version="1.0" encoding="UTF-8"?>
<testsuite name="com.dotcms.auth.providers.jwt.factories.SecretKeySpecFactoryTest" tests="1" skipped="0" failures="0" errors="0" timestamp="2023-06-26T15:56:21" hostname="fv-az593-480" time="1.305">
  <properties/>
  <testcase name="readAndPrepareSecret" classname="com.dotcms.auth.providers.jwt.factories.SecretKeySpecFactoryTest" time="1.305"/>
  <system-out><![CDATA[4bf38e6fd3bc98e258ea5c7823743f2b28052c724036c6097c4ab824e43ed442e1ebec01734bd5daa0407f0f08ddb7c72212f4023ecb1096735aa4b29cbe9f90
MySecretKey2
MySecretKey3
MySecretKey3
16ba271238fc1df19780c13a57c0bb7620ea2a9d97a076b91b6a6eb1a01e5f55db18e18106db3e1513bb895c3b30f4aea6bd797cc58b5c813d73143999847d0c
f67f3eec18130111f5cf42821cc6e7c8490b7dbca68084e96c76e9370031e7ca61a4d7e6fa4207ef58baf93aafefa2ff6c98a45d005b1b57c8aeb5afe03b876d
38cd0498326bb491c5d0fb71b64a4f00ae33cd80363a1e494ebca66660d6ce2ae0af13a0037efebe52a59f047932e6cc99925e15e50e0c204975af356461cf9d
]]></system-out>
  <system-err><![CDATA[]]></system-err>
</testsuite>
