<?xml version="1.0" encoding="UTF-8"?>
<testsuite name="com.dotmarketing.portlets.osgi.AJAX.OSGIBaseAJAXTest" tests="3" skipped="0" failures="0" errors="0" timestamp="2023-07-20T22:05:08" hostname="fv-az1104-934" time="0.125">
  <properties/>
  <testcase name="TestOnNullCallTheDefaultCommand" classname="com.dotmarketing.portlets.osgi.AJAX.OSGIBaseAJAXTest" time="0.082"/>
  <testcase name="TestNotAllowedCommands" classname="com.dotmarketing.portlets.osgi.AJAX.OSGIBaseAJAXTest" time="0.006"/>
  <testcase name="TestAllowedCommands" classname="com.dotmarketing.portlets.osgi.AJAX.OSGIBaseAJAXTest" time="0.03"/>
  <system-out><![CDATA[ Command ::  forbiddenMethod  on  class Mock for OSGIAJAX, hashCode: 1166727979
 Command ::  add  on  class Mock for OSGIAJAX, hashCode: 192177782
 Command ::  start  on  class Mock for OSGIAJAX, hashCode: 192177782
 Command ::  restart  on  class Mock for OSGIAJAX, hashCode: 192177782
 Command ::  action  on  class Mock for OSGIAJAX, hashCode: 192177782
 Command ::  getExtraPackages  on  class Mock for OSGIAJAX, hashCode: 192177782
 Command ::  remove  on  class Mock for OSGIAJAX, hashCode: 192177782
 Command ::  deploy  on  class Mock for OSGIAJAX, hashCode: 192177782
 Command ::  modifyExtraPackages  on  class Mock for OSGIAJAX, hashCode: 192177782
 Command ::  undeploy  on  class Mock for OSGIAJAX, hashCode: 192177782
 Command ::  stop  on  class Mock for OSGIAJAX, hashCode: 192177782
]]></system-out>
  <system-err><![CDATA[]]></system-err>
</testsuite>
