<?xml version="1.0" encoding="UTF-8"?>
<testsuite name="com.dotcms.auth.providers.jwt.factories.SecretKeySpecFactoryTest" tests="1" skipped="0" failures="0" errors="0" timestamp="2023-06-28T02:31:26" hostname="fv-az407-493" time="1.367">
  <properties/>
  <testcase name="readAndPrepareSecret" classname="com.dotcms.auth.providers.jwt.factories.SecretKeySpecFactoryTest" time="1.367"/>
  <system-out><![CDATA[dfbb21a47c56ae4012400d0c5da72070bd7e58c7cb515a6f1773a59a10789ff2ed848bdf0a569d6a7631c8871180641443eed7835b9261d93d4aa6603e76267a
MySecretKey2
MySecretKey3
MySecretKey3
24dcde42fc3a57f4f719f964202164084a1f31b55fadac84e908bbeddce9a9e622a76eaa45a60bbcdb05fdb4fed1292400738e47d6e4c728f18ba7d74c363437
5b497c65e766ca5f599254c9c9fb0a509d9afc5c33bf7f13b0b06c2fb7bca0be81383a987b488508e877b963e7e130dea238b14f6e27a83cba49cfad8596b9c5
afc7143f92b866bfff1d2e7e34bced9c8fb54b72b889feede3ab57b8573fbb55b2efec57494437209382a90796414d8ac5041e974e2be5a578bd020d6a6c99cb
]]></system-out>
  <system-err><![CDATA[]]></system-err>
</testsuite>
