<?xml version="1.0" encoding="UTF-8"?>
<testsuite name="com.dotmarketing.portlets.workflows.ajax.WfBaseActionTest" tests="3" skipped="0" failures="0" errors="0" timestamp="2023-07-17T16:48:27" hostname="fv-az162-832" time="0.134">
  <properties/>
  <testcase name="TestOnNullCallTheDefaultCommand" classname="com.dotmarketing.portlets.workflows.ajax.WfBaseActionTest" time="0.107"/>
  <testcase name="TestNotAllowedCommands" classname="com.dotmarketing.portlets.workflows.ajax.WfBaseActionTest" time="0.009"/>
  <testcase name="TestAllowedCommands" classname="com.dotmarketing.portlets.workflows.ajax.WfBaseActionTest" time="0.018"/>
  <system-out><![CDATA[ Command ::  forbiddenMethod  on  class Mock for WfActionAjax, hashCode: 1761923394
 Command ::  forbiddenMethod  on  class Mock for WfRoleStoreAjax, hashCode: 104207635
 Command ::  forbiddenMethod  on  class Mock for WfActionClassAjax, hashCode: 1076220011
 Command ::  forbiddenMethod  on  class Mock for WfTaskAjax, hashCode: 677958822
 Command ::  forbiddenMethod  on  class Mock for WfSchemeAjax, hashCode: 1839191304
 Command ::  save  on  class Mock for WfActionAjax, hashCode: 465820913
 Command ::  delete  on  class Mock for WfActionAjax, hashCode: 465820913
 Command ::  reorder  on  class Mock for WfActionAjax, hashCode: 465820913
 Command ::  action  on  class Mock for WfActionAjax, hashCode: 465820913
 Command ::  add  on  class Mock for WfActionAjax, hashCode: 465820913
 Command ::  deleteActionForStep  on  class Mock for WfActionAjax, hashCode: 465820913
 Command ::  action  on  class Mock for WfRoleStoreAjax, hashCode: 1165420555
 Command ::  assignable  on  class Mock for WfRoleStoreAjax, hashCode: 1165420555
 Command ::  rolesToJson  on  class Mock for WfRoleStoreAjax, hashCode: 1165420555
 Command ::  action  on  class Mock for WfActionClassAjax, hashCode: 1727512845
 Command ::  reorder  on  class Mock for WfActionClassAjax, hashCode: 1727512845
 Command ::  delete  on  class Mock for WfActionClassAjax, hashCode: 1727512845
 Command ::  save  on  class Mock for WfActionClassAjax, hashCode: 1727512845
 Command ::  add  on  class Mock for WfActionClassAjax, hashCode: 1727512845
 Command ::  executeActions  on  class Mock for WfTaskAjax, hashCode: 978590223
 Command ::  action  on  class Mock for WfTaskAjax, hashCode: 978590223
 Command ::  executeAction  on  class Mock for WfTaskAjax, hashCode: 978590223
 Command ::  save  on  class Mock for WfSchemeAjax, hashCode: 1137016357
 Command ::  action  on  class Mock for WfSchemeAjax, hashCode: 1137016357
]]></system-out>
  <system-err><![CDATA[]]></system-err>
</testsuite>
