<?xml version="1.0" encoding="UTF-8"?>
<testsuite name="com.dotcms.auth.providers.jwt.factories.SecretKeySpecFactoryTest" tests="1" skipped="0" failures="0" errors="0" timestamp="2023-07-10T18:43:44" hostname="fv-az409-374" time="1.434">
  <properties/>
  <testcase name="readAndPrepareSecret" classname="com.dotcms.auth.providers.jwt.factories.SecretKeySpecFactoryTest" time="1.434"/>
  <system-out><![CDATA[9bfa17c245e24772b33336936229e69987170a31b10c33086339bb7b31d612f17f6f9670bf8a0af666ccbb1097caf24d0b1036e7e0ff24643d4408ddfe55240e
MySecretKey2
MySecretKey3
MySecretKey3
5c26e9ed7e9460fabf33dac8c537fd310f531ca95fcbee5cb72f29532198cd8c5fd39a6921faaa10b60cf232315f5a60a47a944c013f522693959cd18013f4cc
8804f0c37a81b87aa03de5983222b438a5b19bfad685053806f7b5d59c3e3412d5cab744112d0f8954fd82bc2f87422bf0edf2cc1ad9789401b1064b8ddc083a
d90da72556da57acadc9862f3cf1b55d5c1f0639f268a7313e61a6b0030575bb3b55972d6f78686c69e927c8f610317e05aacdcfb75ab6dab63054c2448cec75
]]></system-out>
  <system-err><![CDATA[]]></system-err>
</testsuite>
