<?xml version="1.0" encoding="UTF-8"?>
<testsuite name="com.dotcms.auth.providers.jwt.factories.SecretKeySpecFactoryTest" tests="1" skipped="0" failures="0" errors="0" timestamp="2023-07-20T22:01:16" hostname="fv-az1104-934" time="1.848">
  <properties/>
  <testcase name="readAndPrepareSecret" classname="com.dotcms.auth.providers.jwt.factories.SecretKeySpecFactoryTest" time="1.848"/>
  <system-out><![CDATA[4aa089df73a071226e1258f801e65602d60fac23cf052d7e08d0bc2cccae95c34986664c41ebad9f6b8f83389ee65893050e9b82088f4cecbadf08ee4904f1ba
MySecretKey2
MySecretKey3
MySecretKey3
48b8be5549d40e9ff5657871e93ba4cee31cdab73d9300c6171496a10e67e74bf5f05c60ee56977025f65407e720c3e2e3e8222eda654621e8f453e1df5d8d84
9e5956c8d9698a506348b1f6fa3f0ae71caa66083f53e3591a042e3db6744c290690c7101641f008244b1f6dbeebff73f46b705d265b09f085c0305378c9aa89
b19f3d12953d1c6d75ac603998ff38f5ba0b6a354f874fdf3206b0abff03eab37970b9d425965413e34400493664e515cefe5cbd628b227341774b0377736380
]]></system-out>
  <system-err><![CDATA[]]></system-err>
</testsuite>
