<?xml version="1.0" encoding="UTF-8"?>
<testsuite name="com.dotcms.content.elasticsearch.business.ESContentletAPIHelperTest" tests="1" skipped="0" failures="0" errors="0" timestamp="2023-06-29T19:42:09" hostname="fv-az402-651" time="0.157">
  <properties/>
  <testcase name="testGenerateNotificationStartDeleting" classname="com.dotcms.content.elasticsearch.business.ESContentletAPIHelperTest" time="0.157"/>
  <system-out><![CDATA[]]></system-out>
  <system-err><![CDATA[]]></system-err>
</testsuite>
