<?xml version="1.0" encoding="UTF-8"?>
<testsuite name="com.dotcms.util.DotAssertTest" tests="6" skipped="0" failures="0" errors="0" timestamp="2023-07-17T15:41:18" hostname="fv-az357-263" time="0.01">
  <properties/>
  <testcase name="notNullTest" classname="com.dotcms.util.DotAssertTest" time="0.001"/>
  <testcase name="notEmptyTest" classname="com.dotcms.util.DotAssertTest" time="0.001"/>
  <testcase name="notEmptyMapTest" classname="com.dotcms.util.DotAssertTest" time="0.002"/>
  <testcase name="notEmptyCollectionTest" classname="com.dotcms.util.DotAssertTest" time="0.002"/>
  <testcase name="isTrueTest" classname="com.dotcms.util.DotAssertTest" time="0.001"/>
  <testcase name="isNullTest" classname="com.dotcms.util.DotAssertTest" time="0.001"/>
  <system-out><![CDATA[]]></system-out>
  <system-err><![CDATA[]]></system-err>
</testsuite>
