<?xml version="1.0" encoding="UTF-8"?>
<testsuite name="com.dotmarketing.image.filter.ResizeCalcTest" tests="10" skipped="0" failures="0" errors="0" timestamp="2023-07-12T17:36:54" hostname="fv-az575-226" time="0.006">
  <properties/>
  <testcase name="test_square_resize_height" classname="com.dotmarketing.image.filter.ResizeCalcTest" time="0.006"/>
  <testcase name="test_portrait_maxWidth" classname="com.dotmarketing.image.filter.ResizeCalcTest" time="0.0"/>
  <testcase name="test_bothMinParams" classname="com.dotmarketing.image.filter.ResizeCalcTest" time="0.0"/>
  <testcase name="test_portrait_resize" classname="com.dotmarketing.image.filter.ResizeCalcTest" time="0.0"/>
  <testcase name="test_landscape_resize" classname="com.dotmarketing.image.filter.ResizeCalcTest" time="0.0"/>
  <testcase name="test_portrait_maxHeight" classname="com.dotmarketing.image.filter.ResizeCalcTest" time="0.0"/>
  <testcase name="test_square_resize_both" classname="com.dotmarketing.image.filter.ResizeCalcTest" time="0.0"/>
  <testcase name="test_smallerThan_max" classname="com.dotmarketing.image.filter.ResizeCalcTest" time="0.0"/>
  <testcase name="test_bothMaxParams" classname="com.dotmarketing.image.filter.ResizeCalcTest" time="0.0"/>
  <testcase name="test_square_resize_width" classname="com.dotmarketing.image.filter.ResizeCalcTest" time="0.0"/>
  <system-out><![CDATA[]]></system-out>
  <system-err><![CDATA[]]></system-err>
</testsuite>
