<?xml version="1.0" encoding="UTF-8"?>
<testsuite name="com.dotcms.auth.providers.jwt.factories.SecretKeySpecFactoryTest" tests="1" skipped="0" failures="0" errors="0" timestamp="2023-06-27T02:46:15" hostname="fv-az455-779" time="2.065">
  <properties/>
  <testcase name="readAndPrepareSecret" classname="com.dotcms.auth.providers.jwt.factories.SecretKeySpecFactoryTest" time="2.065"/>
  <system-out><![CDATA[75bebb80a492b2dede558e206c9ddba28a99e2fbdacf4ac4f7e5cf1b38f2f680a4b23baf28128da6e8b01fa991864ca84ef43cdab8a1046fea8c3c049df4bc7f
MySecretKey2
MySecretKey3
MySecretKey3
88589869dfbc144f23d0fdc82268e77dbc6b8756945773b364319ed7bb19c39efc683bedae66102fe2b4b332c9a94066e4d6b55f2d5c5671edbc1d5ade7a5fdd
e1c149ebf8426a95fad58100d5ab48b507bc4558a9e5788970138012b50cc9eeec541ff50c5ff6819984d3f8e90f24e8489dc3c6425e4a59d2a3c364c31965e4
d1c7501329e4679674c66794ed3a569db87a83e16f2cafd09cc3a0c9fb405832329e5ee2a0ebb26aea8b3b8faa2e6c2c807b9bb65d8bdaefe23167541f218a4a
]]></system-out>
  <system-err><![CDATA[]]></system-err>
</testsuite>
