<?xml version="1.0" encoding="UTF-8"?>
<testsuite name="com.dotcms.auth.providers.jwt.factories.SecretKeySpecFactoryTest" tests="1" skipped="0" failures="0" errors="0" timestamp="2023-07-05T16:23:01" hostname="fv-az736-59" time="1.467">
  <properties/>
  <testcase name="readAndPrepareSecret" classname="com.dotcms.auth.providers.jwt.factories.SecretKeySpecFactoryTest" time="1.467"/>
  <system-out><![CDATA[0431edf67c84ebcc68c5e4f136661a220f5c4f84bd16ceee46109816374fc5e351ae57523e15791635d7a2f906b1180f4fe795ad145d72263757123c61ef6cb9
MySecretKey2
MySecretKey3
MySecretKey3
243ca388ebc5ea7e16f78dc328b6dbfb78e2c5ddbd6d308613598f644e134dba860ab71b1b63ba433816bc51ef0ba20488a600c4e17f3c684ec044858a261545
492afeb76135fbf730589b47ea336474d591b915ab5dfe7b91faac5439d027c4a8efefc64fe605c18732540dcfc7cde48ecb2970c078bb1a327d1e3bdd07de02
b23e35d735ab0ef3de882fce646633d4ea9846223e88b44ccf7ce001a1c8a3fff8c9b43534ae8b8e3ea43037a5b58918e91a3d267c80ffaeb01211d5a0942ff6
]]></system-out>
  <system-err><![CDATA[]]></system-err>
</testsuite>
