<?xml version="1.0" encoding="UTF-8"?>
<testsuite name="com.dotmarketing.business.cache.provider.h22.H22CacheTest" tests="10" skipped="7" failures="0" errors="0" timestamp="2023-06-27T16:28:35" hostname="fv-az555-891" time="36.309">
  <properties/>
  <testcase name="Test_Exhaust_Thread_Pool[0: com.dotmarketing.business.cache.provider.h22.H22CacheTest$ToleranceTestCase@5a63c4b2]" classname="com.dotmarketing.business.cache.provider.h22.H22CacheTest" time="0.0">
    <skipped/>
  </testcase>
  <testcase name="Test_Exhaust_Thread_Pool[1: com.dotmarketing.business.cache.provider.h22.H22CacheTest$ToleranceTestCase@6c1e4574]" classname="com.dotmarketing.business.cache.provider.h22.H22CacheTest" time="0.0">
    <skipped/>
  </testcase>
  <testcase name="Test_Exhaust_Thread_Pool[2: com.dotmarketing.business.cache.provider.h22.H22CacheTest$ToleranceTestCase@7649e84c]" classname="com.dotmarketing.business.cache.provider.h22.H22CacheTest" time="0.0">
    <skipped/>
  </testcase>
  <testcase name="Test_Exhaust_Thread_Pool[3: com.dotmarketing.business.cache.provider.h22.H22CacheTest$ToleranceTestCase@52b7b391]" classname="com.dotmarketing.business.cache.provider.h22.H22CacheTest" time="0.0">
    <skipped/>
  </testcase>
  <testcase name="Test_Exhaust_Thread_Pool[4: com.dotmarketing.business.cache.provider.h22.H22CacheTest$ToleranceTestCase@16b5bb21]" classname="com.dotmarketing.business.cache.provider.h22.H22CacheTest" time="0.0">
    <skipped/>
  </testcase>
  <testcase name="Test_Exhaust_Thread_Pool[5: com.dotmarketing.business.cache.provider.h22.H22CacheTest$ToleranceTestCase@89e7966]" classname="com.dotmarketing.business.cache.provider.h22.H22CacheTest" time="0.001">
    <skipped/>
  </testcase>
  <testcase name="Test_Exhaust_Thread_Pool[6: com.dotmarketing.business.cache.provider.h22.H22CacheTest$ToleranceTestCase@312cebb1]" classname="com.dotmarketing.business.cache.provider.h22.H22CacheTest" time="0.0">
    <skipped/>
  </testcase>
  <testcase name="test_basic_cache_operations" classname="com.dotmarketing.business.cache.provider.h22.H22CacheTest" time="17.56"/>
  <testcase name="test_multi_threaded_h22_including_recovery" classname="com.dotmarketing.business.cache.provider.h22.H22CacheTest" time="13.05"/>
  <testcase name="test_special_cases_like_long_names" classname="com.dotmarketing.business.cache.provider.h22.H22CacheTest" time="5.697"/>
  <system-out><![CDATA[]]></system-out>
  <system-err><![CDATA[]]></system-err>
</testsuite>
