<?xml version="1.0" encoding="UTF-8"?>
<testsuite name="com.dotmarketing.portlets.workflows.ajax.WfBaseActionTest" tests="3" skipped="0" failures="0" errors="0" timestamp="2023-06-27T16:29:15" hostname="fv-az555-891" time="0.122">
  <properties/>
  <testcase name="TestOnNullCallTheDefaultCommand" classname="com.dotmarketing.portlets.workflows.ajax.WfBaseActionTest" time="0.1"/>
  <testcase name="TestNotAllowedCommands" classname="com.dotmarketing.portlets.workflows.ajax.WfBaseActionTest" time="0.007"/>
  <testcase name="TestAllowedCommands" classname="com.dotmarketing.portlets.workflows.ajax.WfBaseActionTest" time="0.015"/>
  <system-out><![CDATA[ Command ::  forbiddenMethod  on  class Mock for WfSchemeAjax, hashCode: 237461523
 Command ::  forbiddenMethod  on  class Mock for WfActionClassAjax, hashCode: 1371292014
 Command ::  forbiddenMethod  on  class Mock for WfRoleStoreAjax, hashCode: 1293655309
 Command ::  forbiddenMethod  on  class Mock for WfActionAjax, hashCode: 1454353858
 Command ::  forbiddenMethod  on  class Mock for WfTaskAjax, hashCode: 1973010018
 Command ::  action  on  class Mock for WfSchemeAjax, hashCode: 1658695767
 Command ::  save  on  class Mock for WfSchemeAjax, hashCode: 1658695767
 Command ::  add  on  class Mock for WfActionClassAjax, hashCode: 1676485806
 Command ::  save  on  class Mock for WfActionClassAjax, hashCode: 1676485806
 Command ::  delete  on  class Mock for WfActionClassAjax, hashCode: 1676485806
 Command ::  reorder  on  class Mock for WfActionClassAjax, hashCode: 1676485806
 Command ::  action  on  class Mock for WfActionClassAjax, hashCode: 1676485806
 Command ::  assignable  on  class Mock for WfRoleStoreAjax, hashCode: 234765587
 Command ::  action  on  class Mock for WfRoleStoreAjax, hashCode: 234765587
 Command ::  rolesToJson  on  class Mock for WfRoleStoreAjax, hashCode: 234765587
 Command ::  save  on  class Mock for WfActionAjax, hashCode: 809043539
 Command ::  deleteActionForStep  on  class Mock for WfActionAjax, hashCode: 809043539
 Command ::  add  on  class Mock for WfActionAjax, hashCode: 809043539
 Command ::  action  on  class Mock for WfActionAjax, hashCode: 809043539
 Command ::  reorder  on  class Mock for WfActionAjax, hashCode: 809043539
 Command ::  delete  on  class Mock for WfActionAjax, hashCode: 809043539
 Command ::  action  on  class Mock for WfTaskAjax, hashCode: 511974220
 Command ::  executeActions  on  class Mock for WfTaskAjax, hashCode: 511974220
 Command ::  executeAction  on  class Mock for WfTaskAjax, hashCode: 511974220
]]></system-out>
  <system-err><![CDATA[]]></system-err>
</testsuite>
