<?xml version="1.0" encoding="UTF-8"?>
<testsuite name="com.dotmarketing.portlets.workflows.ajax.WfBaseActionTest" tests="3" skipped="0" failures="0" errors="0" timestamp="2023-07-06T22:40:27" hostname="fv-az268-907" time="0.165">
  <properties/>
  <testcase name="TestOnNullCallTheDefaultCommand" classname="com.dotmarketing.portlets.workflows.ajax.WfBaseActionTest" time="0.125"/>
  <testcase name="TestNotAllowedCommands" classname="com.dotmarketing.portlets.workflows.ajax.WfBaseActionTest" time="0.015"/>
  <testcase name="TestAllowedCommands" classname="com.dotmarketing.portlets.workflows.ajax.WfBaseActionTest" time="0.024"/>
  <system-out><![CDATA[ Command ::  forbiddenMethod  on  class Mock for WfActionAjax, hashCode: 50419413
 Command ::  forbiddenMethod  on  class Mock for WfActionClassAjax, hashCode: 891019226
 Command ::  forbiddenMethod  on  class Mock for WfRoleStoreAjax, hashCode: 790776963
 Command ::  forbiddenMethod  on  class Mock for WfSchemeAjax, hashCode: 172485667
 Command ::  forbiddenMethod  on  class Mock for WfTaskAjax, hashCode: 1903011868
 Command ::  deleteActionForStep  on  class Mock for WfActionAjax, hashCode: 1841861312
 Command ::  add  on  class Mock for WfActionAjax, hashCode: 1841861312
 Command ::  action  on  class Mock for WfActionAjax, hashCode: 1841861312
 Command ::  reorder  on  class Mock for WfActionAjax, hashCode: 1841861312
 Command ::  delete  on  class Mock for WfActionAjax, hashCode: 1841861312
 Command ::  save  on  class Mock for WfActionAjax, hashCode: 1841861312
 Command ::  save  on  class Mock for WfActionClassAjax, hashCode: 1484660777
 Command ::  delete  on  class Mock for WfActionClassAjax, hashCode: 1484660777
 Command ::  reorder  on  class Mock for WfActionClassAjax, hashCode: 1484660777
 Command ::  action  on  class Mock for WfActionClassAjax, hashCode: 1484660777
 Command ::  add  on  class Mock for WfActionClassAjax, hashCode: 1484660777
 Command ::  rolesToJson  on  class Mock for WfRoleStoreAjax, hashCode: 710774234
 Command ::  assignable  on  class Mock for WfRoleStoreAjax, hashCode: 710774234
 Command ::  action  on  class Mock for WfRoleStoreAjax, hashCode: 710774234
 Command ::  action  on  class Mock for WfSchemeAjax, hashCode: 1135967597
 Command ::  save  on  class Mock for WfSchemeAjax, hashCode: 1135967597
 Command ::  executeAction  on  class Mock for WfTaskAjax, hashCode: 1772092496
 Command ::  action  on  class Mock for WfTaskAjax, hashCode: 1772092496
 Command ::  executeActions  on  class Mock for WfTaskAjax, hashCode: 1772092496
]]></system-out>
  <system-err><![CDATA[]]></system-err>
</testsuite>
