<?xml version="1.0" encoding="UTF-8"?>
<testsuite name="com.dotcms.util.diff.DiffCommandTest" tests="2" skipped="0" failures="0" errors="0" timestamp="2023-07-19T22:45:38" hostname="fv-az795-144" time="0.005">
  <properties/>
  <testcase name="applyDiff_Comparable" classname="com.dotcms.util.diff.DiffCommandTest" time="0.004"/>
  <testcase name="applyDiff_Differentiable" classname="com.dotcms.util.diff.DiffCommandTest" time="0.001"/>
  <system-out><![CDATA[{six=six, five=five}
{two=two}
{four=fourxxx, one=onexxx}
{six=com.dotcms.util.diff.DiffCommandTest$StringDifferentiable@4c2bb696, five=com.dotcms.util.diff.DiffCommandTest$StringDifferentiable@355a7bde}
{two=com.dotcms.util.diff.DiffCommandTest$StringDifferentiable@252f5a6f}
{four=com.dotcms.util.diff.DiffCommandTest$StringDifferentiable@2b338c15, one=com.dotcms.util.diff.DiffCommandTest$StringDifferentiable@3abd00e3}
]]></system-out>
  <system-err><![CDATA[]]></system-err>
</testsuite>
