<?xml version="1.0" encoding="UTF-8"?>
<testsuite name="com.dotmarketing.portlets.workflows.ajax.WfBaseActionTest" tests="3" skipped="0" failures="0" errors="0" timestamp="2023-06-29T20:35:24" hostname="fv-az402-966" time="0.148">
  <properties/>
  <testcase name="TestOnNullCallTheDefaultCommand" classname="com.dotmarketing.portlets.workflows.ajax.WfBaseActionTest" time="0.109"/>
  <testcase name="TestNotAllowedCommands" classname="com.dotmarketing.portlets.workflows.ajax.WfBaseActionTest" time="0.017"/>
  <testcase name="TestAllowedCommands" classname="com.dotmarketing.portlets.workflows.ajax.WfBaseActionTest" time="0.02"/>
  <system-out><![CDATA[ Command ::  forbiddenMethod  on  class Mock for WfActionAjax, hashCode: 345491262
 Command ::  forbiddenMethod  on  class Mock for WfActionClassAjax, hashCode: 1770860877
 Command ::  forbiddenMethod  on  class Mock for WfRoleStoreAjax, hashCode: 156135639
 Command ::  forbiddenMethod  on  class Mock for WfSchemeAjax, hashCode: 479702799
 Command ::  forbiddenMethod  on  class Mock for WfTaskAjax, hashCode: 309744616
 Command ::  delete  on  class Mock for WfActionAjax, hashCode: 682083952
 Command ::  reorder  on  class Mock for WfActionAjax, hashCode: 682083952
 Command ::  action  on  class Mock for WfActionAjax, hashCode: 682083952
 Command ::  add  on  class Mock for WfActionAjax, hashCode: 682083952
 Command ::  deleteActionForStep  on  class Mock for WfActionAjax, hashCode: 682083952
 Command ::  save  on  class Mock for WfActionAjax, hashCode: 682083952
 Command ::  reorder  on  class Mock for WfActionClassAjax, hashCode: 45738984
 Command ::  delete  on  class Mock for WfActionClassAjax, hashCode: 45738984
 Command ::  save  on  class Mock for WfActionClassAjax, hashCode: 45738984
 Command ::  add  on  class Mock for WfActionClassAjax, hashCode: 45738984
 Command ::  action  on  class Mock for WfActionClassAjax, hashCode: 45738984
 Command ::  assignable  on  class Mock for WfRoleStoreAjax, hashCode: 1626338156
 Command ::  rolesToJson  on  class Mock for WfRoleStoreAjax, hashCode: 1626338156
 Command ::  action  on  class Mock for WfRoleStoreAjax, hashCode: 1626338156
 Command ::  save  on  class Mock for WfSchemeAjax, hashCode: 1712016395
 Command ::  action  on  class Mock for WfSchemeAjax, hashCode: 1712016395
 Command ::  executeAction  on  class Mock for WfTaskAjax, hashCode: 57465301
 Command ::  executeActions  on  class Mock for WfTaskAjax, hashCode: 57465301
 Command ::  action  on  class Mock for WfTaskAjax, hashCode: 57465301
]]></system-out>
  <system-err><![CDATA[]]></system-err>
</testsuite>
