<?xml version="1.0" encoding="UTF-8"?>
<testsuite name="com.dotcms.notifications.BaseContentTypeSystemEventProcessorTest" tests="1" skipped="0" failures="0" errors="0" timestamp="2023-07-19T14:33:59" hostname="fv-az792-222" time="0.116">
  <properties/>
  <testcase name="testProcess" classname="com.dotcms.notifications.BaseContentTypeSystemEventProcessorTest" time="0.116"/>
  <system-out><![CDATA[]]></system-out>
  <system-err><![CDATA[]]></system-err>
</testsuite>
