<?xml version="1.0" encoding="UTF-8"?>
<testsuite name="com.dotmarketing.portlets.osgi.AJAX.OSGIBaseAJAXTest" tests="3" skipped="0" failures="0" errors="0" timestamp="2023-07-19T18:04:46" hostname="fv-az244-731" time="0.066">
  <properties/>
  <testcase name="TestOnNullCallTheDefaultCommand" classname="com.dotmarketing.portlets.osgi.AJAX.OSGIBaseAJAXTest" time="0.05"/>
  <testcase name="TestNotAllowedCommands" classname="com.dotmarketing.portlets.osgi.AJAX.OSGIBaseAJAXTest" time="0.003"/>
  <testcase name="TestAllowedCommands" classname="com.dotmarketing.portlets.osgi.AJAX.OSGIBaseAJAXTest" time="0.013"/>
  <system-out><![CDATA[ Command ::  forbiddenMethod  on  class Mock for OSGIAJAX, hashCode: 525736839
 Command ::  restart  on  class Mock for OSGIAJAX, hashCode: 2119569564
 Command ::  action  on  class Mock for OSGIAJAX, hashCode: 2119569564
 Command ::  getExtraPackages  on  class Mock for OSGIAJAX, hashCode: 2119569564
 Command ::  remove  on  class Mock for OSGIAJAX, hashCode: 2119569564
 Command ::  deploy  on  class Mock for OSGIAJAX, hashCode: 2119569564
 Command ::  modifyExtraPackages  on  class Mock for OSGIAJAX, hashCode: 2119569564
 Command ::  undeploy  on  class Mock for OSGIAJAX, hashCode: 2119569564
 Command ::  stop  on  class Mock for OSGIAJAX, hashCode: 2119569564
 Command ::  add  on  class Mock for OSGIAJAX, hashCode: 2119569564
 Command ::  start  on  class Mock for OSGIAJAX, hashCode: 2119569564
]]></system-out>
  <system-err><![CDATA[]]></system-err>
</testsuite>
