<?xml version="1.0" encoding="UTF-8"?>
<testsuite name="com.dotcms.auth.providers.jwt.factories.SecretKeySpecFactoryTest" tests="1" skipped="0" failures="0" errors="0" timestamp="2023-06-26T19:47:31" hostname="fv-az257-270" time="2.205">
  <properties/>
  <testcase name="readAndPrepareSecret" classname="com.dotcms.auth.providers.jwt.factories.SecretKeySpecFactoryTest" time="2.205"/>
  <system-out><![CDATA[6d6264958b6393551d275b5e61ff44892a43cc3f982fd5089f80282165fbdc86a3d3344d1b0ecfd92367060f517a18f2a63bfc9ad75a7fdc631073d81538ad33
MySecretKey2
MySecretKey3
MySecretKey3
924b28fa3f4258334310ba643cf0f8f02cf04d05ce8a0f3a202a8586a906e5725cccd4d8629deadfe14a81aea7ede9d940e7bb0f3dbc8ac1d5cf6002a1e82518
1a56d947d4661040cc180e21bd7965f983677106aec38a1a1667b6e2c8a00c04e95ac9296038f539bf067595a2d1d2cccb0f629a0cf686d92096e3448bb5e7fd
b3e39cf8446f55cf8687bf82525a76d9befcad8e3711c354ad727ac77399e1d6b707c97d25e0692cc262b2cfe1dca37974c09119ace3318e3d1314135158c476
]]></system-out>
  <system-err><![CDATA[]]></system-err>
</testsuite>
