<?xml version="1.0" encoding="UTF-8"?>
<testsuite name="com.dotcms.auth.providers.jwt.factories.SecretKeySpecFactoryTest" tests="1" skipped="0" failures="0" errors="0" timestamp="2023-06-28T16:00:55" hostname="fv-az403-985" time="1.235">
  <properties/>
  <testcase name="readAndPrepareSecret" classname="com.dotcms.auth.providers.jwt.factories.SecretKeySpecFactoryTest" time="1.235"/>
  <system-out><![CDATA[97f034eb394f3f7e6cb3a1ecaefa984ef2aa8a2b39df8d972355506d677031ab285acc8392cbd280df1681f7baa2773b325e8ce5f8c240b02072a97b2a827612
MySecretKey2
MySecretKey3
MySecretKey3
399ce68d2ac5b5d24e66b2278df95d94779f5866b3f1344a3542494640ba3d33e6e475d43f42842d34a76caa6fde1669bd4a811bb9087673db88abac183ea731
2a662cefa8b5c04fa30f77c39d48fd2de1daba131cae565dae853c529713bfaa97cd60564ae7df1dd4cede779b24267141932d36f51021c65b5e00289ea7b02b
528601443d9e30a04df666e926a2eb5cb654884cd5db3f20efd29ad40caf6552256c9c5bb62606cc16a11cad9363b521be25823d30cf2bda62b8c504ef3aa6b2
]]></system-out>
  <system-err><![CDATA[]]></system-err>
</testsuite>
