<?xml version="1.0" encoding="UTF-8"?>
<testsuite name="com.dotcms.auth.providers.jwt.factories.SecretKeySpecFactoryTest" tests="1" skipped="0" failures="0" errors="0" timestamp="2023-07-06T22:23:49" hostname="fv-az567-299" time="1.293">
  <properties/>
  <testcase name="readAndPrepareSecret" classname="com.dotcms.auth.providers.jwt.factories.SecretKeySpecFactoryTest" time="1.293"/>
  <system-out><![CDATA[b882d0c8a75a677a8cf1cb622fbab8301d026330928b6ce01eec1636bd498f0c1763ca099a7becb08707adbe671227a7c5235d4bd553370e0846de841f14a8c0
MySecretKey2
MySecretKey3
MySecretKey3
fe4a85181811b129c5d82fd53c49dd4700e411bd8f02cba298401c2314e243cdc560d6542041447cf2423ae0e0c176cc80d4857fd975e792aa83c40d32b971dc
ddbf4004da51fd835abdc594fe02db8deac1d97573fe63cdea2817b4cc5453f9fabebd2a09b282736e95799b7f08660805cc7dfeb4c4001ddbddaf8434cc7611
fa92bd340a8b3e94b73197e535c8f08d314f2734d78dbd27e592d0589c492c2b227a31fb3e65e5ee39e45d3dd5336d41b1ddd813d5584b3f68915df6ec624aa0
]]></system-out>
  <system-err><![CDATA[]]></system-err>
</testsuite>
