<?xml version="1.0" encoding="UTF-8"?>
<testsuite name="com.dotmarketing.portlets.workflows.ajax.WfBaseActionTest" tests="3" skipped="0" failures="0" errors="0" timestamp="2023-06-23T18:07:12" hostname="fv-az551-628" time="0.3">
  <properties/>
  <testcase name="TestOnNullCallTheDefaultCommand" classname="com.dotmarketing.portlets.workflows.ajax.WfBaseActionTest" time="0.246"/>
  <testcase name="TestNotAllowedCommands" classname="com.dotmarketing.portlets.workflows.ajax.WfBaseActionTest" time="0.021"/>
  <testcase name="TestAllowedCommands" classname="com.dotmarketing.portlets.workflows.ajax.WfBaseActionTest" time="0.032"/>
  <system-out><![CDATA[ Command ::  forbiddenMethod  on  class Mock for WfActionClassAjax, hashCode: 1209704218
 Command ::  forbiddenMethod  on  class Mock for WfActionAjax, hashCode: 1124602332
 Command ::  forbiddenMethod  on  class Mock for WfSchemeAjax, hashCode: 1914712779
 Command ::  forbiddenMethod  on  class Mock for WfTaskAjax, hashCode: 876214822
 Command ::  forbiddenMethod  on  class Mock for WfRoleStoreAjax, hashCode: 1571439538
 Command ::  save  on  class Mock for WfActionClassAjax, hashCode: 1963553727
 Command ::  delete  on  class Mock for WfActionClassAjax, hashCode: 1963553727
 Command ::  reorder  on  class Mock for WfActionClassAjax, hashCode: 1963553727
 Command ::  action  on  class Mock for WfActionClassAjax, hashCode: 1963553727
 Command ::  add  on  class Mock for WfActionClassAjax, hashCode: 1963553727
 Command ::  deleteActionForStep  on  class Mock for WfActionAjax, hashCode: 2090067017
 Command ::  add  on  class Mock for WfActionAjax, hashCode: 2090067017
 Command ::  action  on  class Mock for WfActionAjax, hashCode: 2090067017
 Command ::  reorder  on  class Mock for WfActionAjax, hashCode: 2090067017
 Command ::  delete  on  class Mock for WfActionAjax, hashCode: 2090067017
 Command ::  save  on  class Mock for WfActionAjax, hashCode: 2090067017
 Command ::  action  on  class Mock for WfSchemeAjax, hashCode: 473448423
 Command ::  save  on  class Mock for WfSchemeAjax, hashCode: 473448423
 Command ::  executeActions  on  class Mock for WfTaskAjax, hashCode: 873239077
 Command ::  executeAction  on  class Mock for WfTaskAjax, hashCode: 873239077
 Command ::  action  on  class Mock for WfTaskAjax, hashCode: 873239077
 Command ::  rolesToJson  on  class Mock for WfRoleStoreAjax, hashCode: 420634213
 Command ::  assignable  on  class Mock for WfRoleStoreAjax, hashCode: 420634213
 Command ::  action  on  class Mock for WfRoleStoreAjax, hashCode: 420634213
]]></system-out>
  <system-err><![CDATA[]]></system-err>
</testsuite>
