<?xml version="1.0" encoding="UTF-8"?>
<testsuite name="com.dotmarketing.portlets.workflows.ajax.WfBaseActionTest" tests="3" skipped="0" failures="0" errors="0" timestamp="2023-06-23T17:42:11" hostname="fv-az397-542" time="0.267">
  <properties/>
  <testcase name="TestOnNullCallTheDefaultCommand" classname="com.dotmarketing.portlets.workflows.ajax.WfBaseActionTest" time="0.203"/>
  <testcase name="TestNotAllowedCommands" classname="com.dotmarketing.portlets.workflows.ajax.WfBaseActionTest" time="0.022"/>
  <testcase name="TestAllowedCommands" classname="com.dotmarketing.portlets.workflows.ajax.WfBaseActionTest" time="0.041"/>
  <system-out><![CDATA[ Command ::  forbiddenMethod  on  class Mock for WfTaskAjax, hashCode: 703436429
 Command ::  forbiddenMethod  on  class Mock for WfSchemeAjax, hashCode: 1851687509
 Command ::  forbiddenMethod  on  class Mock for WfActionAjax, hashCode: 935107580
 Command ::  forbiddenMethod  on  class Mock for WfRoleStoreAjax, hashCode: 779061982
 Command ::  forbiddenMethod  on  class Mock for WfActionClassAjax, hashCode: 244990080
 Command ::  action  on  class Mock for WfTaskAjax, hashCode: 669134522
 Command ::  executeAction  on  class Mock for WfTaskAjax, hashCode: 669134522
 Command ::  executeActions  on  class Mock for WfTaskAjax, hashCode: 669134522
 Command ::  save  on  class Mock for WfSchemeAjax, hashCode: 1244824651
 Command ::  action  on  class Mock for WfSchemeAjax, hashCode: 1244824651
 Command ::  save  on  class Mock for WfActionAjax, hashCode: 105002634
 Command ::  delete  on  class Mock for WfActionAjax, hashCode: 105002634
 Command ::  reorder  on  class Mock for WfActionAjax, hashCode: 105002634
 Command ::  action  on  class Mock for WfActionAjax, hashCode: 105002634
 Command ::  add  on  class Mock for WfActionAjax, hashCode: 105002634
 Command ::  deleteActionForStep  on  class Mock for WfActionAjax, hashCode: 105002634
 Command ::  action  on  class Mock for WfRoleStoreAjax, hashCode: 21422855
 Command ::  assignable  on  class Mock for WfRoleStoreAjax, hashCode: 21422855
 Command ::  rolesToJson  on  class Mock for WfRoleStoreAjax, hashCode: 21422855
 Command ::  add  on  class Mock for WfActionClassAjax, hashCode: 1918894330
 Command ::  action  on  class Mock for WfActionClassAjax, hashCode: 1918894330
 Command ::  reorder  on  class Mock for WfActionClassAjax, hashCode: 1918894330
 Command ::  delete  on  class Mock for WfActionClassAjax, hashCode: 1918894330
 Command ::  save  on  class Mock for WfActionClassAjax, hashCode: 1918894330
]]></system-out>
  <system-err><![CDATA[]]></system-err>
</testsuite>
