<?xml version="1.0" encoding="UTF-8"?>
<testsuite name="com.dotcms.util.diff.DiffCommandTest" tests="2" skipped="0" failures="0" errors="0" timestamp="2023-07-12T15:58:53" hostname="fv-az559-241" time="0.005">
  <properties/>
  <testcase name="applyDiff_Comparable" classname="com.dotcms.util.diff.DiffCommandTest" time="0.004"/>
  <testcase name="applyDiff_Differentiable" classname="com.dotcms.util.diff.DiffCommandTest" time="0.001"/>
  <system-out><![CDATA[{six=six, five=five}
{two=two}
{four=fourxxx, one=onexxx}
{six=com.dotcms.util.diff.DiffCommandTest$StringDifferentiable@7f7e96bb, five=com.dotcms.util.diff.DiffCommandTest$StringDifferentiable@75ba4409}
{two=com.dotcms.util.diff.DiffCommandTest$StringDifferentiable@b45b523}
{four=com.dotcms.util.diff.DiffCommandTest$StringDifferentiable@7d267202, one=com.dotcms.util.diff.DiffCommandTest$StringDifferentiable@7666e853}
]]></system-out>
  <system-err><![CDATA[]]></system-err>
</testsuite>
