<?xml version="1.0" encoding="UTF-8"?>
<testsuite name="com.dotcms.auth.providers.jwt.factories.SecretKeySpecFactoryTest" tests="1" skipped="0" failures="0" errors="0" timestamp="2023-06-26T21:37:09" hostname="fv-az206-664" time="1.369">
  <properties/>
  <testcase name="readAndPrepareSecret" classname="com.dotcms.auth.providers.jwt.factories.SecretKeySpecFactoryTest" time="1.369"/>
  <system-out><![CDATA[2292c0ad7c0e6b4a2503e8053f44405ab5758372aa6da5dd813a982a07b35b23efc4dbbc4a8e659ca4d5c2e76bd1e3b9226a61aee19e9c126030d8a4bef809a9
MySecretKey2
MySecretKey3
MySecretKey3
c53aab8967e9a9d1e56aac48ae00e5317a943f81f9abb43fde963f31c386fab9a3760445dbc865fa5b400362db55786cf59fc2637f4467571c797ec9607a08b6
30e39025edc341e79097e06333a17494cfe62146d6c4db44ac0208730e5b51a15e03afb0dd22a2640db7ed6f300a806429ebd712a33121242ec11bcdec2887e4
fae18fbb84fecbb277bfffb6e63ca988ee6d7484dd9f57c160fce14cd87351c68a6a949b5ff5774a118a586f5eff80b8308c18da6e1572a737997679e000fe7d
]]></system-out>
  <system-err><![CDATA[]]></system-err>
</testsuite>
