<?xml version="1.0" encoding="UTF-8"?>
<testsuite name="com.dotcms.auth.providers.jwt.factories.SecretKeySpecFactoryTest" tests="1" skipped="0" failures="0" errors="0" timestamp="2023-06-30T15:38:31" hostname="fv-az203-141" time="1.961">
  <properties/>
  <testcase name="readAndPrepareSecret" classname="com.dotcms.auth.providers.jwt.factories.SecretKeySpecFactoryTest" time="1.961"/>
  <system-out><![CDATA[12b41738d4bf1df6aeaa0a915aee838d25eaf3c9697b5004c21adb239851e04e7cf821519438fce27a7558d818d503237e7d6d91b4747195ba63a2da0e32e678
MySecretKey2
MySecretKey3
MySecretKey3
592a6ec4ec0c213a028b96e7ac233a252eab2e10922ce3dc0b1b6b61a15ec18669d04b25745e32bb64d3eb736f024497528c31cce026f077f1dbb6ad0ac5d89f
c1b46e57e1f874dfa88d1a19b8301781fc9d17ea1f1cb68662a15b05eeb700c71686ccb49812882dbe3032f7818de76074669b9ba513dc76515552080938d98d
b170e59290b9eb579db2af1adc8b167799cd38ec0c40a99f19be3ca8753683b46dc8143504febd870f234d753b3a0e6c2eae459cf15c7f18a0bec59f851f5c64
]]></system-out>
  <system-err><![CDATA[]]></system-err>
</testsuite>
