<?xml version="1.0" encoding="UTF-8"?>
<testsuite name="com.dotmarketing.portlets.osgi.AJAX.OSGIBaseAJAXTest" tests="3" skipped="0" failures="0" errors="0" timestamp="2023-06-29T19:24:45" hostname="fv-az397-405" time="0.059">
  <properties/>
  <testcase name="TestOnNullCallTheDefaultCommand" classname="com.dotmarketing.portlets.osgi.AJAX.OSGIBaseAJAXTest" time="0.041"/>
  <testcase name="TestNotAllowedCommands" classname="com.dotmarketing.portlets.osgi.AJAX.OSGIBaseAJAXTest" time="0.004"/>
  <testcase name="TestAllowedCommands" classname="com.dotmarketing.portlets.osgi.AJAX.OSGIBaseAJAXTest" time="0.014"/>
  <system-out><![CDATA[ Command ::  forbiddenMethod  on  class Mock for OSGIAJAX, hashCode: 773421158
 Command ::  deploy  on  class Mock for OSGIAJAX, hashCode: 380987913
 Command ::  modifyExtraPackages  on  class Mock for OSGIAJAX, hashCode: 380987913
 Command ::  undeploy  on  class Mock for OSGIAJAX, hashCode: 380987913
 Command ::  stop  on  class Mock for OSGIAJAX, hashCode: 380987913
 Command ::  add  on  class Mock for OSGIAJAX, hashCode: 380987913
 Command ::  start  on  class Mock for OSGIAJAX, hashCode: 380987913
 Command ::  restart  on  class Mock for OSGIAJAX, hashCode: 380987913
 Command ::  action  on  class Mock for OSGIAJAX, hashCode: 380987913
 Command ::  getExtraPackages  on  class Mock for OSGIAJAX, hashCode: 380987913
 Command ::  remove  on  class Mock for OSGIAJAX, hashCode: 380987913
]]></system-out>
  <system-err><![CDATA[]]></system-err>
</testsuite>
