<?xml version="1.0" encoding="UTF-8"?>
<testsuite name="com.dotcms.auth.providers.jwt.factories.SecretKeySpecFactoryTest" tests="1" skipped="0" failures="0" errors="0" timestamp="2023-07-10T17:44:46" hostname="fv-az809-345" time="1.374">
  <properties/>
  <testcase name="readAndPrepareSecret" classname="com.dotcms.auth.providers.jwt.factories.SecretKeySpecFactoryTest" time="1.374"/>
  <system-out><![CDATA[5c7bcab103ede23d68f0b33b78f640e91ce8bcfae5a9b64148e9a5116fa3997d44fa97525c24f6337deb500273b564e4917a2ac8b7d4342b9edb630191f97ca7
MySecretKey2
MySecretKey3
MySecretKey3
699dd8126452fff40f4fcc4636d1c9b3422fb1eab39cb1d44120f8141545c84e723cc25d1f7ddcd83e7150e778d1e0b8569d496f243c01b0f8a92d729f4101c2
4d06c98f29fd4b8d19a9b97d9e075f91723c81581c780d6ae4135f217c0df85f3a0bcda794d246c67b1d3d9defd8ae8f193bb8592d35ac4d57d193f0bd0cd970
7e2bf379f020d1e8bc6c3181ade58b5615c1fc5bb35369e5bfb48879e4789ac2748d5ae9c1dd902db5b81804ac328543834723c18240c14c875fb438c2b0eae3
]]></system-out>
  <system-err><![CDATA[]]></system-err>
</testsuite>
