<?xml version="1.0" encoding="UTF-8"?>
<testsuite name="com.dotcms.util.diff.DiffCommandTest" tests="2" skipped="0" failures="0" errors="0" timestamp="2023-07-05T19:37:03" hostname="fv-az561-796" time="0.019">
  <properties/>
  <testcase name="applyDiff_Comparable" classname="com.dotcms.util.diff.DiffCommandTest" time="0.015"/>
  <testcase name="applyDiff_Differentiable" classname="com.dotcms.util.diff.DiffCommandTest" time="0.001"/>
  <system-out><![CDATA[{six=six, five=five}
{two=two}
{four=fourxxx, one=onexxx}
{six=com.dotcms.util.diff.DiffCommandTest$StringDifferentiable@9c0f109, five=com.dotcms.util.diff.DiffCommandTest$StringDifferentiable@7c5f61be}
{two=com.dotcms.util.diff.DiffCommandTest$StringDifferentiable@5e53ef6b}
{four=com.dotcms.util.diff.DiffCommandTest$StringDifferentiable@15a911bd, one=com.dotcms.util.diff.DiffCommandTest$StringDifferentiable@1b6fe2b8}
]]></system-out>
  <system-err><![CDATA[]]></system-err>
</testsuite>
