<?xml version="1.0" encoding="UTF-8"?>
<testsuite name="com.dotmarketing.portlets.workflows.ajax.WfBaseActionTest" tests="3" skipped="0" failures="0" errors="0" timestamp="2023-07-21T16:53:20" hostname="fv-az413-360" time="0.187">
  <properties/>
  <testcase name="TestOnNullCallTheDefaultCommand" classname="com.dotmarketing.portlets.workflows.ajax.WfBaseActionTest" time="0.143"/>
  <testcase name="TestNotAllowedCommands" classname="com.dotmarketing.portlets.workflows.ajax.WfBaseActionTest" time="0.022"/>
  <testcase name="TestAllowedCommands" classname="com.dotmarketing.portlets.workflows.ajax.WfBaseActionTest" time="0.02"/>
  <system-out><![CDATA[ Command ::  forbiddenMethod  on  class Mock for WfTaskAjax, hashCode: 601914985
 Command ::  forbiddenMethod  on  class Mock for WfActionClassAjax, hashCode: 1292006377
 Command ::  forbiddenMethod  on  class Mock for WfSchemeAjax, hashCode: 1113810031
 Command ::  forbiddenMethod  on  class Mock for WfRoleStoreAjax, hashCode: 968501775
 Command ::  forbiddenMethod  on  class Mock for WfActionAjax, hashCode: 16272528
 Command ::  executeAction  on  class Mock for WfTaskAjax, hashCode: 1126795541
 Command ::  executeActions  on  class Mock for WfTaskAjax, hashCode: 1126795541
 Command ::  action  on  class Mock for WfTaskAjax, hashCode: 1126795541
 Command ::  save  on  class Mock for WfActionClassAjax, hashCode: 585225002
 Command ::  add  on  class Mock for WfActionClassAjax, hashCode: 585225002
 Command ::  action  on  class Mock for WfActionClassAjax, hashCode: 585225002
 Command ::  reorder  on  class Mock for WfActionClassAjax, hashCode: 585225002
 Command ::  delete  on  class Mock for WfActionClassAjax, hashCode: 585225002
 Command ::  save  on  class Mock for WfSchemeAjax, hashCode: 1623319122
 Command ::  action  on  class Mock for WfSchemeAjax, hashCode: 1623319122
 Command ::  assignable  on  class Mock for WfRoleStoreAjax, hashCode: 624872017
 Command ::  rolesToJson  on  class Mock for WfRoleStoreAjax, hashCode: 624872017
 Command ::  action  on  class Mock for WfRoleStoreAjax, hashCode: 624872017
 Command ::  add  on  class Mock for WfActionAjax, hashCode: 1435317997
 Command ::  deleteActionForStep  on  class Mock for WfActionAjax, hashCode: 1435317997
 Command ::  save  on  class Mock for WfActionAjax, hashCode: 1435317997
 Command ::  delete  on  class Mock for WfActionAjax, hashCode: 1435317997
 Command ::  reorder  on  class Mock for WfActionAjax, hashCode: 1435317997
 Command ::  action  on  class Mock for WfActionAjax, hashCode: 1435317997
]]></system-out>
  <system-err><![CDATA[]]></system-err>
</testsuite>
