<?xml version="1.0" encoding="UTF-8"?>
<testsuite name="com.dotmarketing.portlets.osgi.AJAX.OSGIBaseAJAXTest" tests="3" skipped="0" failures="0" errors="0" timestamp="2023-07-20T21:00:32" hostname="fv-az553-228" time="0.139">
  <properties/>
  <testcase name="TestOnNullCallTheDefaultCommand" classname="com.dotmarketing.portlets.osgi.AJAX.OSGIBaseAJAXTest" time="0.081"/>
  <testcase name="TestNotAllowedCommands" classname="com.dotmarketing.portlets.osgi.AJAX.OSGIBaseAJAXTest" time="0.012"/>
  <testcase name="TestAllowedCommands" classname="com.dotmarketing.portlets.osgi.AJAX.OSGIBaseAJAXTest" time="0.046"/>
  <system-out><![CDATA[ Command ::  forbiddenMethod  on  class Mock for OSGIAJAX, hashCode: 138702446
 Command ::  remove  on  class Mock for OSGIAJAX, hashCode: 1361503354
 Command ::  deploy  on  class Mock for OSGIAJAX, hashCode: 1361503354
 Command ::  modifyExtraPackages  on  class Mock for OSGIAJAX, hashCode: 1361503354
 Command ::  undeploy  on  class Mock for OSGIAJAX, hashCode: 1361503354
 Command ::  stop  on  class Mock for OSGIAJAX, hashCode: 1361503354
 Command ::  add  on  class Mock for OSGIAJAX, hashCode: 1361503354
 Command ::  start  on  class Mock for OSGIAJAX, hashCode: 1361503354
 Command ::  restart  on  class Mock for OSGIAJAX, hashCode: 1361503354
 Command ::  action  on  class Mock for OSGIAJAX, hashCode: 1361503354
 Command ::  getExtraPackages  on  class Mock for OSGIAJAX, hashCode: 1361503354
]]></system-out>
  <system-err><![CDATA[]]></system-err>
</testsuite>
