<?xml version="1.0" encoding="UTF-8"?>
<testsuite name="com.dotmarketing.portlets.workflows.util.WorkflowEmailUtilTest" tests="3" skipped="0" failures="0" errors="0" timestamp="2023-07-18T17:36:35" hostname="fv-az344-517" time="0.027">
  <properties/>
  <testcase name="Test_Resolve_Sender_Included_On_The_Company_EmailAddress" classname="com.dotmarketing.portlets.workflows.util.WorkflowEmailUtilTest" time="0.023"/>
  <testcase name="Test_Resolve_Sender" classname="com.dotmarketing.portlets.workflows.util.WorkflowEmailUtilTest" time="0.002"/>
  <testcase name="Test_Resolve_Sender_No_Company_Email_FallBack" classname="com.dotmarketing.portlets.workflows.util.WorkflowEmailUtilTest" time="0.002"/>
  <system-out><![CDATA[]]></system-out>
  <system-err><![CDATA[]]></system-err>
</testsuite>
