<?xml version="1.0" encoding="UTF-8"?>
<testsuite name="com.dotcms.auth.providers.jwt.factories.SecretKeySpecFactoryTest" tests="1" skipped="0" failures="0" errors="0" timestamp="2023-07-21T05:17:28" hostname="fv-az1128-258" time="1.363">
  <properties/>
  <testcase name="readAndPrepareSecret" classname="com.dotcms.auth.providers.jwt.factories.SecretKeySpecFactoryTest" time="1.363"/>
  <system-out><![CDATA[a592212daedf08ff8199693feac396b027f054e833d624769047728508eb81f3686371214c608e3ba26fbd3865efefe48e2679706309bfeb886f9fcd896d33bb
MySecretKey2
MySecretKey3
MySecretKey3
33ce049e2ead093ca6d3ee5935bc8bebdb45d3a6246ea32c15a4e0d111969c29d0212819572a31cb0bd6fe2a68d6583047e274c72b9b90aa6449c4866b802bd4
a799514cd637f751235b36b070077dbf502ac22bc4e60be6d7b2a67ab7a040f69e72c57616edc611bae27c80d6ddbfd91da1c1b8b10de24a83b10c9d84eda2f2
4dc33c74e3a18de2bf96589f5cc1b7194a317d193dc4fa9d73163735d07f9073ff77f05f3db81008d85de92367393f07f34779693ff516640bd187e8c57bd54c
]]></system-out>
  <system-err><![CDATA[]]></system-err>
</testsuite>
