<?xml version="1.0" encoding="UTF-8"?>
<testsuite name="com.dotcms.auth.providers.jwt.factories.SecretKeySpecFactoryTest" tests="1" skipped="0" failures="0" errors="0" timestamp="2023-07-17T16:34:30" hostname="fv-az173-972" time="1.741">
  <properties/>
  <testcase name="readAndPrepareSecret" classname="com.dotcms.auth.providers.jwt.factories.SecretKeySpecFactoryTest" time="1.741"/>
  <system-out><![CDATA[c158bf81e65a748b246b112d2d844407bc3dcc61b2709560438852377ccfd88ec3c7fc36a2074bbe73926159061b950fa320dd4b962d260f23a1387fc2795ca1
MySecretKey2
MySecretKey3
MySecretKey3
3ce8899b284c521801c7744f1d659ebceafb95ae0304a09f98aef81889825ab6a46a3353d3c01d1b577479e6020dd31b17056e2304b6aaaf1dde442710dc8556
cf39e60808e68ce1b53e0d3e39de5b08366d7fdb62e275cbce78a33cb63990aa3dbd75dea324edb94bb4a09b070d223755a21e70726a5ca89a520b53e7aeea37
276307e8db9a0c0f650e319bfedb118087e9ddf1290fadd0788506f796ca5071b8f743054ec5e931524d37d23134f04a667e336b3816f26f3ee8cca016e67718
]]></system-out>
  <system-err><![CDATA[]]></system-err>
</testsuite>
