<?xml version="1.0" encoding="UTF-8"?>
<testsuite name="com.dotcms.auth.providers.jwt.factories.SecretKeySpecFactoryTest" tests="1" skipped="0" failures="0" errors="0" timestamp="2023-06-26T16:17:31" hostname="fv-az206-664" time="1.755">
  <properties/>
  <testcase name="readAndPrepareSecret" classname="com.dotcms.auth.providers.jwt.factories.SecretKeySpecFactoryTest" time="1.755"/>
  <system-out><![CDATA[87cd7ff656cbd012ff787b99951712c8c287104af96fabc1a07b745ace98606779e68ba56ffd989519816244b13f7758cbb6ea95f22782353db126a3a4a6fc07
MySecretKey2
MySecretKey3
MySecretKey3
31212078351d51cddf6af5eb67a7b97e44b1c808d90f08277870643f77b81636ac074930244c95a6efe57a3ef50ef7aa6bb62714f0db7438f17f88d6052a5b1c
1756dbb71a2a9cef6aaead5039ac7493f7dd510c80d75dc8019257f40a18f308d1d6ff81bea1e85915f6c55dba3020bcb5e5bdc1f62d560467ef3e23a84ba403
02e5e81616d2fd1420046ff71ece664b434b8d3d256eb7a3a9a4a0083d3f421b461a9a12d7e8987119736718403db897f8083f44ede800693cfad27fea54a0b6
]]></system-out>
  <system-err><![CDATA[]]></system-err>
</testsuite>
