<?xml version="1.0" encoding="UTF-8"?>
<testsuite name="com.dotcms.auth.providers.jwt.factories.SecretKeySpecFactoryTest" tests="1" skipped="0" failures="0" errors="0" timestamp="2023-06-27T16:59:47" hostname="fv-az1135-364" time="1.138">
  <properties/>
  <testcase name="readAndPrepareSecret" classname="com.dotcms.auth.providers.jwt.factories.SecretKeySpecFactoryTest" time="1.138"/>
  <system-out><![CDATA[fcae26975d899257471029806a667a3ec02131da83bf1bb7fe167e271717ba378e4f3693d5dc3ef645babb66e7c806bd1da6e8c7ed2670caf3680ab8681e1e46
MySecretKey2
MySecretKey3
MySecretKey3
d64f190e0fafdada0dfd581e11b5c47099117281a150f9770736d16faea8e0759e50b7069381af38e39ff5afa71c51ef9ec9d75231241230541debd3f069e436
de99d8b78f96e93e060e962373fa78668a423f39c6b526783abe9a3fd94a13e16574276b86fa8ba6a6987f38f4bbb3e3c805d04ce4cf4dc41b0b0c0bc31f1938
03647fe70363157e71e93b77473232fc3dfbdeee8be923a65a42ec60701c722621b61641588790e604d0490067918a78a9afd9ffef7e6f861ee92c50e7aa6844
]]></system-out>
  <system-err><![CDATA[]]></system-err>
</testsuite>
