<?xml version="1.0" encoding="UTF-8"?>
<testsuite name="com.dotcms.auth.providers.jwt.factories.SecretKeySpecFactoryTest" tests="1" skipped="0" failures="0" errors="0" timestamp="2023-07-07T14:34:40" hostname="fv-az189-68" time="1.466">
  <properties/>
  <testcase name="readAndPrepareSecret" classname="com.dotcms.auth.providers.jwt.factories.SecretKeySpecFactoryTest" time="1.466"/>
  <system-out><![CDATA[569d3cc47e305879602db3bad1e35c68bcab58427d0c8149c9d01b6cb30991271ba6c906ed1d59de67fdd39ba2bda1761a9504457e5dda1e1cadefab3d6cf7e4
MySecretKey2
MySecretKey3
MySecretKey3
af41386085d56c9016f81c713bc377d3524f31f9e4cb237612d86528dcc88f7eb8afc393a1a2b4fbd3d0ca3ddb25f1c5a8f8b633eb5f0896b69b0a3abaa7f73e
0f7d89e9b5e2f4da161c5dd198e97e21ea89b0d1055be5a3ad0d200c0faaea4b43c480b32c7536d47b336860c31279c4e4690592fb0387019ca34f65d23e9c97
86f3544a8840fe936164a0e02cd627feab163f5b17d341d7dd6276331e4929f95e36a47db840372cf60b7e723c5d60183761af57265087930be072ff95152f1d
]]></system-out>
  <system-err><![CDATA[]]></system-err>
</testsuite>
