<?xml version="1.0" encoding="UTF-8"?>
<testsuite name="com.dotmarketing.portlets.workflows.ajax.WfBaseActionTest" tests="3" skipped="0" failures="0" errors="0" timestamp="2023-07-17T15:25:06" hostname="fv-az1243-755" time="0.171">
  <properties/>
  <testcase name="TestOnNullCallTheDefaultCommand" classname="com.dotmarketing.portlets.workflows.ajax.WfBaseActionTest" time="0.113"/>
  <testcase name="TestNotAllowedCommands" classname="com.dotmarketing.portlets.workflows.ajax.WfBaseActionTest" time="0.016"/>
  <testcase name="TestAllowedCommands" classname="com.dotmarketing.portlets.workflows.ajax.WfBaseActionTest" time="0.041"/>
  <system-out><![CDATA[ Command ::  forbiddenMethod  on  class Mock for WfActionClassAjax, hashCode: 1388807275
 Command ::  forbiddenMethod  on  class Mock for WfRoleStoreAjax, hashCode: 765736435
 Command ::  forbiddenMethod  on  class Mock for WfTaskAjax, hashCode: 936215445
 Command ::  forbiddenMethod  on  class Mock for WfActionAjax, hashCode: 287062409
 Command ::  forbiddenMethod  on  class Mock for WfSchemeAjax, hashCode: 783640665
 Command ::  add  on  class Mock for WfActionClassAjax, hashCode: 531371470
 Command ::  save  on  class Mock for WfActionClassAjax, hashCode: 531371470
 Command ::  delete  on  class Mock for WfActionClassAjax, hashCode: 531371470
 Command ::  reorder  on  class Mock for WfActionClassAjax, hashCode: 531371470
 Command ::  action  on  class Mock for WfActionClassAjax, hashCode: 531371470
 Command ::  rolesToJson  on  class Mock for WfRoleStoreAjax, hashCode: 917243834
 Command ::  assignable  on  class Mock for WfRoleStoreAjax, hashCode: 917243834
 Command ::  action  on  class Mock for WfRoleStoreAjax, hashCode: 917243834
 Command ::  executeActions  on  class Mock for WfTaskAjax, hashCode: 2116396959
 Command ::  executeAction  on  class Mock for WfTaskAjax, hashCode: 2116396959
 Command ::  action  on  class Mock for WfTaskAjax, hashCode: 2116396959
 Command ::  deleteActionForStep  on  class Mock for WfActionAjax, hashCode: 1593717267
 Command ::  add  on  class Mock for WfActionAjax, hashCode: 1593717267
 Command ::  action  on  class Mock for WfActionAjax, hashCode: 1593717267
 Command ::  reorder  on  class Mock for WfActionAjax, hashCode: 1593717267
 Command ::  delete  on  class Mock for WfActionAjax, hashCode: 1593717267
 Command ::  save  on  class Mock for WfActionAjax, hashCode: 1593717267
 Command ::  action  on  class Mock for WfSchemeAjax, hashCode: 1617622156
 Command ::  save  on  class Mock for WfSchemeAjax, hashCode: 1617622156
]]></system-out>
  <system-err><![CDATA[]]></system-err>
</testsuite>
