<?xml version="1.0" encoding="UTF-8"?>
<testsuite name="com.dotcms.analytics.helper.BayesianHelperTest" tests="3" skipped="0" failures="0" errors="0" timestamp="2023-06-28T16:18:40" hostname="fv-az447-464" time="0.102">
  <properties/>
  <testcase name="test_toBayesianInput_noDefault" classname="com.dotcms.analytics.helper.BayesianHelperTest" time="0.09"/>
  <testcase name="test_toBayesianInput_noTest" classname="com.dotcms.analytics.helper.BayesianHelperTest" time="0.004"/>
  <testcase name="test_toBayesianInput" classname="com.dotcms.analytics.helper.BayesianHelperTest" time="0.008"/>
  <system-out><![CDATA[]]></system-out>
  <system-err><![CDATA[]]></system-err>
</testsuite>
