<?xml version="1.0" encoding="UTF-8"?>
<testsuite name="com.dotmarketing.portlets.workflows.ajax.WfBaseActionTest" tests="3" skipped="0" failures="0" errors="0" timestamp="2023-06-30T04:25:46" hostname="fv-az447-885" time="0.186">
  <properties/>
  <testcase name="TestOnNullCallTheDefaultCommand" classname="com.dotmarketing.portlets.workflows.ajax.WfBaseActionTest" time="0.151"/>
  <testcase name="TestNotAllowedCommands" classname="com.dotmarketing.portlets.workflows.ajax.WfBaseActionTest" time="0.009"/>
  <testcase name="TestAllowedCommands" classname="com.dotmarketing.portlets.workflows.ajax.WfBaseActionTest" time="0.026"/>
  <system-out><![CDATA[ Command ::  forbiddenMethod  on  class Mock for WfTaskAjax, hashCode: 748811675
 Command ::  forbiddenMethod  on  class Mock for WfActionAjax, hashCode: 406365826
 Command ::  forbiddenMethod  on  class Mock for WfRoleStoreAjax, hashCode: 352885917
 Command ::  forbiddenMethod  on  class Mock for WfActionClassAjax, hashCode: 552629277
 Command ::  forbiddenMethod  on  class Mock for WfSchemeAjax, hashCode: 1916755767
 Command ::  executeActions  on  class Mock for WfTaskAjax, hashCode: 580033001
 Command ::  action  on  class Mock for WfTaskAjax, hashCode: 580033001
 Command ::  executeAction  on  class Mock for WfTaskAjax, hashCode: 580033001
 Command ::  delete  on  class Mock for WfActionAjax, hashCode: 339128142
 Command ::  reorder  on  class Mock for WfActionAjax, hashCode: 339128142
 Command ::  action  on  class Mock for WfActionAjax, hashCode: 339128142
 Command ::  add  on  class Mock for WfActionAjax, hashCode: 339128142
 Command ::  deleteActionForStep  on  class Mock for WfActionAjax, hashCode: 339128142
 Command ::  save  on  class Mock for WfActionAjax, hashCode: 339128142
 Command ::  action  on  class Mock for WfRoleStoreAjax, hashCode: 830931821
 Command ::  assignable  on  class Mock for WfRoleStoreAjax, hashCode: 830931821
 Command ::  rolesToJson  on  class Mock for WfRoleStoreAjax, hashCode: 830931821
 Command ::  action  on  class Mock for WfActionClassAjax, hashCode: 1975416929
 Command ::  reorder  on  class Mock for WfActionClassAjax, hashCode: 1975416929
 Command ::  delete  on  class Mock for WfActionClassAjax, hashCode: 1975416929
 Command ::  save  on  class Mock for WfActionClassAjax, hashCode: 1975416929
 Command ::  add  on  class Mock for WfActionClassAjax, hashCode: 1975416929
 Command ::  save  on  class Mock for WfSchemeAjax, hashCode: 79477352
 Command ::  action  on  class Mock for WfSchemeAjax, hashCode: 79477352
]]></system-out>
  <system-err><![CDATA[]]></system-err>
</testsuite>
