<?xml version="1.0" encoding="UTF-8"?>
<testsuite name="com.dotcms.auth.providers.jwt.factories.SecretKeySpecFactoryTest" tests="1" skipped="0" failures="0" errors="0" timestamp="2023-06-27T14:53:34" hostname="fv-az617-398" time="1.181">
  <properties/>
  <testcase name="readAndPrepareSecret" classname="com.dotcms.auth.providers.jwt.factories.SecretKeySpecFactoryTest" time="1.181"/>
  <system-out><![CDATA[baf2664b2d93c395991815a4edc00bab6d1441aa50a71a5203fcc8318dea22b4b48f3f9fe5e6e2292acf27d0388827aa129001d574bb52f970378086d51204ce
MySecretKey2
MySecretKey3
MySecretKey3
a0866020b76e8c2222adf5fde50ac68abed350f4cd8290a64a3be4ae699912f1c9444bbce12a836f40cf3de8fa4838499203967113ccba5ead0e2da5a4a3c498
7428f8f76d5b3ce9e6f97371d353e920f92a2e06c289df751a9b590dbd61d4c9cdea2dec4171d70f842e71f5629bcb80acc8b3faaa077f63d5650b8421f671e7
718058ba7ee78890b2d2cc2dabcf7f775e060c75490d115e7b68eb6df11aa344c1b811150f018e912aa19954cde8b5e8eb41934403d5b6d0423cbaa02fe9812a
]]></system-out>
  <system-err><![CDATA[]]></system-err>
</testsuite>
