<?xml version="1.0" encoding="UTF-8"?>
<testsuite name="com.dotmarketing.portlets.workflows.ajax.WfBaseActionTest" tests="3" skipped="0" failures="0" errors="0" timestamp="2023-07-14T22:39:11" hostname="fv-az612-136" time="0.144">
  <properties/>
  <testcase name="TestOnNullCallTheDefaultCommand" classname="com.dotmarketing.portlets.workflows.ajax.WfBaseActionTest" time="0.118"/>
  <testcase name="TestNotAllowedCommands" classname="com.dotmarketing.portlets.workflows.ajax.WfBaseActionTest" time="0.009"/>
  <testcase name="TestAllowedCommands" classname="com.dotmarketing.portlets.workflows.ajax.WfBaseActionTest" time="0.017"/>
  <system-out><![CDATA[ Command ::  forbiddenMethod  on  class Mock for WfRoleStoreAjax, hashCode: 295190476
 Command ::  forbiddenMethod  on  class Mock for WfActionClassAjax, hashCode: 1850955565
 Command ::  forbiddenMethod  on  class Mock for WfSchemeAjax, hashCode: 1223900606
 Command ::  forbiddenMethod  on  class Mock for WfTaskAjax, hashCode: 300799777
 Command ::  forbiddenMethod  on  class Mock for WfActionAjax, hashCode: 1886310721
 Command ::  rolesToJson  on  class Mock for WfRoleStoreAjax, hashCode: 1925162107
 Command ::  assignable  on  class Mock for WfRoleStoreAjax, hashCode: 1925162107
 Command ::  action  on  class Mock for WfRoleStoreAjax, hashCode: 1925162107
 Command ::  add  on  class Mock for WfActionClassAjax, hashCode: 1575336948
 Command ::  save  on  class Mock for WfActionClassAjax, hashCode: 1575336948
 Command ::  delete  on  class Mock for WfActionClassAjax, hashCode: 1575336948
 Command ::  reorder  on  class Mock for WfActionClassAjax, hashCode: 1575336948
 Command ::  action  on  class Mock for WfActionClassAjax, hashCode: 1575336948
 Command ::  action  on  class Mock for WfSchemeAjax, hashCode: 2052962153
 Command ::  save  on  class Mock for WfSchemeAjax, hashCode: 2052962153
 Command ::  executeAction  on  class Mock for WfTaskAjax, hashCode: 1495235480
 Command ::  action  on  class Mock for WfTaskAjax, hashCode: 1495235480
 Command ::  executeActions  on  class Mock for WfTaskAjax, hashCode: 1495235480
 Command ::  deleteActionForStep  on  class Mock for WfActionAjax, hashCode: 1256793653
 Command ::  add  on  class Mock for WfActionAjax, hashCode: 1256793653
 Command ::  action  on  class Mock for WfActionAjax, hashCode: 1256793653
 Command ::  reorder  on  class Mock for WfActionAjax, hashCode: 1256793653
 Command ::  delete  on  class Mock for WfActionAjax, hashCode: 1256793653
 Command ::  save  on  class Mock for WfActionAjax, hashCode: 1256793653
]]></system-out>
  <system-err><![CDATA[]]></system-err>
</testsuite>
