<?xml version="1.0" encoding="UTF-8"?>
<testsuite name="com.dotmarketing.portlets.osgi.AJAX.OSGIBaseAJAXTest" tests="3" skipped="0" failures="0" errors="0" timestamp="2023-07-14T18:15:43" hostname="fv-az442-494" time="0.089">
  <properties/>
  <testcase name="TestOnNullCallTheDefaultCommand" classname="com.dotmarketing.portlets.osgi.AJAX.OSGIBaseAJAXTest" time="0.071"/>
  <testcase name="TestNotAllowedCommands" classname="com.dotmarketing.portlets.osgi.AJAX.OSGIBaseAJAXTest" time="0.004"/>
  <testcase name="TestAllowedCommands" classname="com.dotmarketing.portlets.osgi.AJAX.OSGIBaseAJAXTest" time="0.014"/>
  <system-out><![CDATA[ Command ::  forbiddenMethod  on  class Mock for OSGIAJAX, hashCode: 446458517
 Command ::  getExtraPackages  on  class Mock for OSGIAJAX, hashCode: 1355646586
 Command ::  remove  on  class Mock for OSGIAJAX, hashCode: 1355646586
 Command ::  deploy  on  class Mock for OSGIAJAX, hashCode: 1355646586
 Command ::  modifyExtraPackages  on  class Mock for OSGIAJAX, hashCode: 1355646586
 Command ::  undeploy  on  class Mock for OSGIAJAX, hashCode: 1355646586
 Command ::  stop  on  class Mock for OSGIAJAX, hashCode: 1355646586
 Command ::  add  on  class Mock for OSGIAJAX, hashCode: 1355646586
 Command ::  start  on  class Mock for OSGIAJAX, hashCode: 1355646586
 Command ::  restart  on  class Mock for OSGIAJAX, hashCode: 1355646586
 Command ::  action  on  class Mock for OSGIAJAX, hashCode: 1355646586
]]></system-out>
  <system-err><![CDATA[]]></system-err>
</testsuite>
