<?xml version="1.0" encoding="UTF-8"?>
<testsuite name="com.dotcms.util.pagination.SiteViewPaginatorUnitTest" tests="2" skipped="0" failures="0" errors="0" timestamp="2023-07-03T16:40:34" hostname="fv-az440-214" time="0.196">
  <properties/>
  <testcase name="Test_Get_Items_Sorted_Pages" classname="com.dotcms.util.pagination.SiteViewPaginatorUnitTest" time="0.156"/>
  <testcase name="Test_Get_Items_Page_Size" classname="com.dotcms.util.pagination.SiteViewPaginatorUnitTest" time="0.039"/>
  <system-out><![CDATA[SYSTEM_HOST
0
1
2
3
4
7
]]></system-out>
  <system-err><![CDATA[]]></system-err>
</testsuite>
