<?xml version="1.0" encoding="UTF-8"?>
<testsuite name="com.dotmarketing.portlets.workflows.ajax.WfBaseActionTest" tests="3" skipped="0" failures="0" errors="0" timestamp="2023-07-21T16:02:15" hostname="fv-az454-899" time="0.199">
  <properties/>
  <testcase name="TestOnNullCallTheDefaultCommand" classname="com.dotmarketing.portlets.workflows.ajax.WfBaseActionTest" time="0.159"/>
  <testcase name="TestNotAllowedCommands" classname="com.dotmarketing.portlets.workflows.ajax.WfBaseActionTest" time="0.011"/>
  <testcase name="TestAllowedCommands" classname="com.dotmarketing.portlets.workflows.ajax.WfBaseActionTest" time="0.028"/>
  <system-out><![CDATA[ Command ::  forbiddenMethod  on  class Mock for WfRoleStoreAjax, hashCode: 1112362420
 Command ::  forbiddenMethod  on  class Mock for WfSchemeAjax, hashCode: 402514300
 Command ::  forbiddenMethod  on  class Mock for WfTaskAjax, hashCode: 1183057967
 Command ::  forbiddenMethod  on  class Mock for WfActionClassAjax, hashCode: 601914985
 Command ::  forbiddenMethod  on  class Mock for WfActionAjax, hashCode: 1292006377
 Command ::  assignable  on  class Mock for WfRoleStoreAjax, hashCode: 1113810031
 Command ::  action  on  class Mock for WfRoleStoreAjax, hashCode: 1113810031
 Command ::  rolesToJson  on  class Mock for WfRoleStoreAjax, hashCode: 1113810031
 Command ::  action  on  class Mock for WfSchemeAjax, hashCode: 968501775
 Command ::  save  on  class Mock for WfSchemeAjax, hashCode: 968501775
 Command ::  action  on  class Mock for WfTaskAjax, hashCode: 16272528
 Command ::  executeActions  on  class Mock for WfTaskAjax, hashCode: 16272528
 Command ::  executeAction  on  class Mock for WfTaskAjax, hashCode: 16272528
 Command ::  save  on  class Mock for WfActionClassAjax, hashCode: 315088332
 Command ::  delete  on  class Mock for WfActionClassAjax, hashCode: 315088332
 Command ::  reorder  on  class Mock for WfActionClassAjax, hashCode: 315088332
 Command ::  action  on  class Mock for WfActionClassAjax, hashCode: 315088332
 Command ::  add  on  class Mock for WfActionClassAjax, hashCode: 315088332
 Command ::  add  on  class Mock for WfActionAjax, hashCode: 502345396
 Command ::  action  on  class Mock for WfActionAjax, hashCode: 502345396
 Command ::  reorder  on  class Mock for WfActionAjax, hashCode: 502345396
 Command ::  delete  on  class Mock for WfActionAjax, hashCode: 502345396
 Command ::  save  on  class Mock for WfActionAjax, hashCode: 502345396
 Command ::  deleteActionForStep  on  class Mock for WfActionAjax, hashCode: 502345396
]]></system-out>
  <system-err><![CDATA[]]></system-err>
</testsuite>
