<?xml version="1.0" encoding="UTF-8"?>
<testsuite name="com.dotmarketing.portlets.workflows.ajax.WfBaseActionTest" tests="3" skipped="0" failures="0" errors="0" timestamp="2023-06-27T23:50:56" hostname="fv-az626-69" time="0.186">
  <properties/>
  <testcase name="TestOnNullCallTheDefaultCommand" classname="com.dotmarketing.portlets.workflows.ajax.WfBaseActionTest" time="0.142"/>
  <testcase name="TestNotAllowedCommands" classname="com.dotmarketing.portlets.workflows.ajax.WfBaseActionTest" time="0.019"/>
  <testcase name="TestAllowedCommands" classname="com.dotmarketing.portlets.workflows.ajax.WfBaseActionTest" time="0.025"/>
  <system-out><![CDATA[ Command ::  forbiddenMethod  on  class Mock for WfActionAjax, hashCode: 505900409
 Command ::  forbiddenMethod  on  class Mock for WfTaskAjax, hashCode: 659930454
 Command ::  forbiddenMethod  on  class Mock for WfSchemeAjax, hashCode: 1348328163
 Command ::  forbiddenMethod  on  class Mock for WfRoleStoreAjax, hashCode: 1071663185
 Command ::  forbiddenMethod  on  class Mock for WfActionClassAjax, hashCode: 1440233373
 Command ::  delete  on  class Mock for WfActionAjax, hashCode: 1919748757
 Command ::  reorder  on  class Mock for WfActionAjax, hashCode: 1919748757
 Command ::  action  on  class Mock for WfActionAjax, hashCode: 1919748757
 Command ::  add  on  class Mock for WfActionAjax, hashCode: 1919748757
 Command ::  deleteActionForStep  on  class Mock for WfActionAjax, hashCode: 1919748757
 Command ::  save  on  class Mock for WfActionAjax, hashCode: 1919748757
 Command ::  executeAction  on  class Mock for WfTaskAjax, hashCode: 718526840
 Command ::  executeActions  on  class Mock for WfTaskAjax, hashCode: 718526840
 Command ::  action  on  class Mock for WfTaskAjax, hashCode: 718526840
 Command ::  save  on  class Mock for WfSchemeAjax, hashCode: 1063398867
 Command ::  action  on  class Mock for WfSchemeAjax, hashCode: 1063398867
 Command ::  action  on  class Mock for WfRoleStoreAjax, hashCode: 1454899543
 Command ::  assignable  on  class Mock for WfRoleStoreAjax, hashCode: 1454899543
 Command ::  rolesToJson  on  class Mock for WfRoleStoreAjax, hashCode: 1454899543
 Command ::  action  on  class Mock for WfActionClassAjax, hashCode: 1681230679
 Command ::  reorder  on  class Mock for WfActionClassAjax, hashCode: 1681230679
 Command ::  delete  on  class Mock for WfActionClassAjax, hashCode: 1681230679
 Command ::  save  on  class Mock for WfActionClassAjax, hashCode: 1681230679
 Command ::  add  on  class Mock for WfActionClassAjax, hashCode: 1681230679
]]></system-out>
  <system-err><![CDATA[]]></system-err>
</testsuite>
