<?xml version="1.0" encoding="UTF-8"?>
<testsuite name="com.dotcms.auth.providers.jwt.factories.SecretKeySpecFactoryTest" tests="1" skipped="0" failures="0" errors="0" timestamp="2023-07-12T18:54:13" hostname="fv-az809-670" time="1.882">
  <properties/>
  <testcase name="readAndPrepareSecret" classname="com.dotcms.auth.providers.jwt.factories.SecretKeySpecFactoryTest" time="1.882"/>
  <system-out><![CDATA[18cfecd375cb0e424dc90f1e3042c1973837f48afe2617788cdb1c4fd36327618e0a810612bdf172594a1141a20acea318cc732217bf42dee078c012c4155a2a
MySecretKey2
MySecretKey3
MySecretKey3
27733b4e30853139c9ba524d411c8cb6fe706560b753c1e0ead6ab50ebd03c2dedc703934f520a2430168733ab493463a686bf0be4b46bf57cbe8a2ec4efc114
d1948ac8492abad0cd80fa0b7960f7734f3d305ec79a0e8588dc9d2c48e5b338f2f13487d9d20d511d85221f5007af9cba3f56c89397e07dd9c0f3f484d5a4a3
38aad1b5fc726728773d89d3bd7b5aa9cfa11a53c133e15eab9265bd46e68bab2a091a81df78c210c12fec5cde3cba5867524a63e64a0e221f15f5a318056a7a
]]></system-out>
  <system-err><![CDATA[]]></system-err>
</testsuite>
