<?xml version="1.0" encoding="UTF-8"?>
<testsuite name="com.dotmarketing.portlets.workflows.ajax.WfBaseActionTest" tests="3" skipped="0" failures="0" errors="0" timestamp="2023-07-14T23:14:48" hostname="fv-az551-988" time="0.306">
  <properties/>
  <testcase name="TestOnNullCallTheDefaultCommand" classname="com.dotmarketing.portlets.workflows.ajax.WfBaseActionTest" time="0.237"/>
  <testcase name="TestNotAllowedCommands" classname="com.dotmarketing.portlets.workflows.ajax.WfBaseActionTest" time="0.03"/>
  <testcase name="TestAllowedCommands" classname="com.dotmarketing.portlets.workflows.ajax.WfBaseActionTest" time="0.038"/>
  <system-out><![CDATA[ Command ::  forbiddenMethod  on  class Mock for WfTaskAjax, hashCode: 1099762186
 Command ::  forbiddenMethod  on  class Mock for WfRoleStoreAjax, hashCode: 298440450
 Command ::  forbiddenMethod  on  class Mock for WfSchemeAjax, hashCode: 824911933
 Command ::  forbiddenMethod  on  class Mock for WfActionClassAjax, hashCode: 774194593
 Command ::  forbiddenMethod  on  class Mock for WfActionAjax, hashCode: 603902861
 Command ::  action  on  class Mock for WfTaskAjax, hashCode: 163391416
 Command ::  executeActions  on  class Mock for WfTaskAjax, hashCode: 163391416
 Command ::  executeAction  on  class Mock for WfTaskAjax, hashCode: 163391416
 Command ::  assignable  on  class Mock for WfRoleStoreAjax, hashCode: 1928748057
 Command ::  action  on  class Mock for WfRoleStoreAjax, hashCode: 1928748057
 Command ::  rolesToJson  on  class Mock for WfRoleStoreAjax, hashCode: 1928748057
 Command ::  action  on  class Mock for WfSchemeAjax, hashCode: 2030357696
 Command ::  save  on  class Mock for WfSchemeAjax, hashCode: 2030357696
 Command ::  reorder  on  class Mock for WfActionClassAjax, hashCode: 972320605
 Command ::  action  on  class Mock for WfActionClassAjax, hashCode: 972320605
 Command ::  add  on  class Mock for WfActionClassAjax, hashCode: 972320605
 Command ::  save  on  class Mock for WfActionClassAjax, hashCode: 972320605
 Command ::  delete  on  class Mock for WfActionClassAjax, hashCode: 972320605
 Command ::  save  on  class Mock for WfActionAjax, hashCode: 1723456790
 Command ::  deleteActionForStep  on  class Mock for WfActionAjax, hashCode: 1723456790
 Command ::  add  on  class Mock for WfActionAjax, hashCode: 1723456790
 Command ::  action  on  class Mock for WfActionAjax, hashCode: 1723456790
 Command ::  reorder  on  class Mock for WfActionAjax, hashCode: 1723456790
 Command ::  delete  on  class Mock for WfActionAjax, hashCode: 1723456790
]]></system-out>
  <system-err><![CDATA[]]></system-err>
</testsuite>
