<?xml version="1.0" encoding="UTF-8"?>
<testsuite name="com.dotcms.auth.providers.jwt.factories.SecretKeySpecFactoryTest" tests="1" skipped="0" failures="0" errors="0" timestamp="2023-06-26T15:23:55" hostname="fv-az306-701" time="1.175">
  <properties/>
  <testcase name="readAndPrepareSecret" classname="com.dotcms.auth.providers.jwt.factories.SecretKeySpecFactoryTest" time="1.175"/>
  <system-out><![CDATA[bcf4b51fa19d28019f3641a2a715d823b54baee5b459850c0e8a56a4431e5fc10745f9320d9a8a2686400322077bc8f95949a8605800f7d69360888b7f73d95a
MySecretKey2
MySecretKey3
MySecretKey3
df37a91cf0d38c99881c5142d78200f677ad93db69651fb462fad3bbcfed9a56a9a468fcae230c5efe67be5b9e4ae3df1c79b91f34a57a519c2fdfa8e1b45179
a7388e259398efeb50a2ce01b4734a6ec119f627e8008ab87f031ba1826e879535c245b76a0ab5e23a77d6a59d2624cdea4a421bdceb69d40b02216461bb6189
aa070f4b8523ab02b6212c7211903b7514278b91560dcdfa8b3cf8c77d7a96a3376089bd90eb171733151426791c147c01666df7e00354610096cf9044a50c57
]]></system-out>
  <system-err><![CDATA[]]></system-err>
</testsuite>
