<?xml version="1.0" encoding="UTF-8"?>
<testsuite name="com.dotmarketing.filters.VanityUrlRequestWrapperTest" tests="2" skipped="0" failures="0" errors="0" timestamp="2023-07-06T20:38:18" hostname="fv-az248-4" time="0.037">
  <properties/>
  <testcase name="test_that_vanity_urls_with_query_params_override_incoming_requests" classname="com.dotmarketing.filters.VanityUrlRequestWrapperTest" time="0.032"/>
  <testcase name="test_that_query_string_has_all_the_parameters" classname="com.dotmarketing.filters.VanityUrlRequestWrapperTest" time="0.002"/>
  <system-out><![CDATA[]]></system-out>
  <system-err><![CDATA[]]></system-err>
</testsuite>
