<?xml version="1.0" encoding="UTF-8"?>
<testsuite name="com.dotcms.dotpubsub.PgNgDataSourceUrlTest" tests="3" skipped="0" failures="0" errors="0" timestamp="2023-07-07T19:20:42" hostname="fv-az612-850" time="0.02">
  <properties/>
  <testcase name="test_PgNgDataSourceUrl_URL_escapes_special_chars" classname="com.dotcms.dotpubsub.PgNgDataSourceUrlTest" time="0.005"/>
  <testcase name="test_PgNgDataSourceUrl_does_not_mess_with_url" classname="com.dotcms.dotpubsub.PgNgDataSourceUrlTest" time="0.002"/>
  <testcase name="test_PgNgDataSourceUrl_builts_correctly" classname="com.dotcms.dotpubsub.PgNgDataSourceUrlTest" time="0.003"/>
  <system-out><![CDATA[]]></system-out>
  <system-err><![CDATA[]]></system-err>
</testsuite>
