<?xml version="1.0" encoding="UTF-8"?>
<testsuite name="com.dotmarketing.portlets.workflows.actionlet.SaveContentAsDraftActionletTest" tests="4" skipped="0" failures="0" errors="0" timestamp="2023-06-23T22:08:19" hostname="fv-az399-870" time="0.184">
  <properties/>
  <testcase name="shouldCallSaveDraftWithTheRightParametersWhenContentletDependenciesIsNull[0: com.dotmarketing.portlets.workflows.actionlet.SaveContentAsDraftActionletTest$TestCase@38133a28]" classname="com.dotmarketing.portlets.workflows.actionlet.SaveContentAsDraftActionletTest" time="0.125"/>
  <testcase name="shouldCallSaveDraftWithTheRightParametersWhenContentletDependenciesIsNull[1: com.dotmarketing.portlets.workflows.actionlet.SaveContentAsDraftActionletTest$TestCase@7b9e5e80]" classname="com.dotmarketing.portlets.workflows.actionlet.SaveContentAsDraftActionletTest" time="0.003"/>
  <testcase name="shouldCallSaveDraftWithTheRightParameters[0: com.dotmarketing.portlets.workflows.actionlet.SaveContentAsDraftActionletTest$TestCase@38133a28]" classname="com.dotmarketing.portlets.workflows.actionlet.SaveContentAsDraftActionletTest" time="0.049"/>
  <testcase name="shouldCallSaveDraftWithTheRightParameters[1: com.dotmarketing.portlets.workflows.actionlet.SaveContentAsDraftActionletTest$TestCase@7b9e5e80]" classname="com.dotmarketing.portlets.workflows.actionlet.SaveContentAsDraftActionletTest" time="0.006"/>
  <system-out><![CDATA[]]></system-out>
  <system-err><![CDATA[]]></system-err>
</testsuite>
