<?xml version="1.0" encoding="UTF-8"?>
<testsuite name="com.dotmarketing.util.ZipUtilTest" tests="3" skipped="0" failures="0" errors="0" timestamp="2023-06-23T16:53:37" hostname="fv-az354-410" time="0.025">
  <properties/>
  <testcase name="testUnzipInvalidInputStream" classname="com.dotmarketing.util.ZipUtilTest" time="0.023"/>
  <testcase name="simpleChildPathMatchTest" classname="com.dotmarketing.util.ZipUtilTest" time="0.0"/>
  <testcase name="invalidFolderAttemptTest" classname="com.dotmarketing.util.ZipUtilTest" time="0.001"/>
  <system-out><![CDATA[]]></system-out>
  <system-err><![CDATA[]]></system-err>
</testsuite>
