<?xml version="1.0" encoding="UTF-8"?>
<testsuite name="com.dotcms.auth.providers.jwt.factories.SecretKeySpecFactoryTest" tests="1" skipped="0" failures="0" errors="0" timestamp="2023-06-30T17:54:08" hostname="fv-az587-620" time="1.668">
  <properties/>
  <testcase name="readAndPrepareSecret" classname="com.dotcms.auth.providers.jwt.factories.SecretKeySpecFactoryTest" time="1.668"/>
  <system-out><![CDATA[8c02372e34c28fc7f3cdbcb79d273765c35d4f39045277e23fc13d17778b4a4cb890db6a6f71aa3576c367ea8e05801141e4739d79a9f52df9ef38cdcfc47f79
MySecretKey2
MySecretKey3
MySecretKey3
ff6fe20828820964dcaa591134418414b6bf665892ce046eed84e0350e0975dd97bfd668b2b83934153f4385b31f50e66d54889492b1b5be37a2a0f9199553a5
27cfb185e8425c6650ed02acc70fea96d91e384955c8ad45d9ab68ebdfb692dd396b28f8f0831a8254a69d3b3fe58de6bdff71552595f544afaf54929380c6f5
6c67825944f43836f8b0c483eeab73eb6ea16e30668f9f275db644ef48f07a0f0719983bd6ae511147ae91fcf75e6505a2b5ad0246969780ebd0f99a5d79659c
]]></system-out>
  <system-err><![CDATA[]]></system-err>
</testsuite>
