<?xml version="1.0" encoding="UTF-8"?>
<testsuite name="com.dotcms.auth.providers.jwt.factories.SecretKeySpecFactoryTest" tests="1" skipped="0" failures="0" errors="0" timestamp="2023-07-12T16:52:08" hostname="fv-az218-756" time="1.763">
  <properties/>
  <testcase name="readAndPrepareSecret" classname="com.dotcms.auth.providers.jwt.factories.SecretKeySpecFactoryTest" time="1.763"/>
  <system-out><![CDATA[a491923d20c20397ffc96d47cd1380b11cfde4e0eb6fbf9e57426609324bbb81aab1174b4074ec35989ca2cb1ee71a9879bc5f32e35f10c15dbcdcd16c2f6f5b
MySecretKey2
MySecretKey3
MySecretKey3
5d2d2eb2340f6cf1b240abceeb5919c7203f3a46d38ce77f56a85bff7d01ae22c610d5b4b25fa884786c6fa315531d4221afaf6f42bd9ffcc7a5e7d03763efde
7103adacaf8165d38a8f7aa1408b0b7d86129fc94d577cc61e0d18c910ac0a38704b4325053c593c271880daee35e8980d72548f8abbceac97371dc7f04c4ac5
09107331240c1bfc0c18f27d3e6b1a7893172b7b42bff4195d65092c89b0219acd062002c67968e0bf24feba7ffca21e99a1044890618bb72517c5da8e567848
]]></system-out>
  <system-err><![CDATA[]]></system-err>
</testsuite>
