<?xml version="1.0" encoding="UTF-8"?>
<testsuite name="com.dotcms.auth.providers.jwt.factories.SecretKeySpecFactoryTest" tests="1" skipped="0" failures="0" errors="0" timestamp="2023-07-13T15:38:37" hostname="fv-az403-173" time="1.481">
  <properties/>
  <testcase name="readAndPrepareSecret" classname="com.dotcms.auth.providers.jwt.factories.SecretKeySpecFactoryTest" time="1.481"/>
  <system-out><![CDATA[fe05c3096129d497f07ba6bc28075438a29dca81b459df7014ce101ac82515f5ee34153593fd6c99b947b1297604b79f10c7a1491586c3fca62dd0a2a96d9469
MySecretKey2
MySecretKey3
MySecretKey3
0f392eadb940371b13209855af81d91b9512d08b9773f9512589557fcac9c99349db59dff38a6afc64d9e5b74c47d6c2b71bca8394a1cb5c27efcb724e33a97a
b3a30c6aeb66c5faee0749cb5517485d941c235658bb00b14305c1261b2557900400013d84c7024da6ff493a3bc87add072115e0a0cac04ac7b7f3a1ac376295
cc99467afd6c0d9daab41584cf2d9986aa07521166a2e55a3dd9585b212cbd3f2aa41cfaa93bf78a4280964c9d0d6a7001520d8326b2e2e2e8f1d45b1515e6c4
]]></system-out>
  <system-err><![CDATA[]]></system-err>
</testsuite>
