<?xml version="1.0" encoding="UTF-8"?>
<testsuite name="com.dotcms.rendering.velocity.viewtools.navigation.NavResultTest" tests="5" skipped="0" failures="0" errors="0" timestamp="2023-07-11T15:36:47" hostname="fv-az564-313" time="0.005">
  <properties/>
  <testcase name="getEnclosingPermissionClassName_on_null_type" classname="com.dotcms.rendering.velocity.viewtools.navigation.NavResultTest" time="0.005"/>
  <testcase name="getEnclosingPermissionClassName_on_htmlpage_type" classname="com.dotcms.rendering.velocity.viewtools.navigation.NavResultTest" time="0.0"/>
  <testcase name="getEnclosingPermissionClassName_on_folder_type" classname="com.dotcms.rendering.velocity.viewtools.navigation.NavResultTest" time="0.0"/>
  <testcase name="getEnclosingPermissionClassName_on_link_type" classname="com.dotcms.rendering.velocity.viewtools.navigation.NavResultTest" time="0.0"/>
  <testcase name="getEnclosingPermissionClassName_on_unknown_type" classname="com.dotcms.rendering.velocity.viewtools.navigation.NavResultTest" time="0.0"/>
  <system-out><![CDATA[]]></system-out>
  <system-err><![CDATA[]]></system-err>
</testsuite>
