<?xml version="1.0" encoding="UTF-8"?>
<testsuite name="com.dotmarketing.quartz.DeleteFieldJobHelperTest" tests="3" skipped="0" failures="0" errors="0" timestamp="2023-06-30T04:25:46" hostname="fv-az447-885" time="0.006">
  <properties/>
  <testcase name="testGenerateNotificationEndDeleting" classname="com.dotmarketing.quartz.DeleteFieldJobHelperTest" time="0.004"/>
  <testcase name="testGenerateNotificationStartDeleting" classname="com.dotmarketing.quartz.DeleteFieldJobHelperTest" time="0.001"/>
  <testcase name="testGenerateNotificationUnableDeleting" classname="com.dotmarketing.quartz.DeleteFieldJobHelperTest" time="0.001"/>
  <system-out><![CDATA[]]></system-out>
  <system-err><![CDATA[]]></system-err>
</testsuite>
