<?xml version="1.0" encoding="UTF-8"?>
<testsuite name="com.dotmarketing.portlets.workflows.ajax.WfBaseActionTest" tests="3" skipped="0" failures="0" errors="0" timestamp="2023-07-20T22:29:07" hostname="fv-az283-961" time="0.267">
  <properties/>
  <testcase name="TestOnNullCallTheDefaultCommand" classname="com.dotmarketing.portlets.workflows.ajax.WfBaseActionTest" time="0.188"/>
  <testcase name="TestNotAllowedCommands" classname="com.dotmarketing.portlets.workflows.ajax.WfBaseActionTest" time="0.024"/>
  <testcase name="TestAllowedCommands" classname="com.dotmarketing.portlets.workflows.ajax.WfBaseActionTest" time="0.048"/>
  <system-out><![CDATA[ Command ::  forbiddenMethod  on  class Mock for WfActionAjax, hashCode: 229729250
 Command ::  forbiddenMethod  on  class Mock for WfSchemeAjax, hashCode: 568939032
 Command ::  forbiddenMethod  on  class Mock for WfTaskAjax, hashCode: 1928748057
 Command ::  forbiddenMethod  on  class Mock for WfActionClassAjax, hashCode: 2030357696
 Command ::  forbiddenMethod  on  class Mock for WfRoleStoreAjax, hashCode: 972320605
 Command ::  delete  on  class Mock for WfActionAjax, hashCode: 1171525343
 Command ::  save  on  class Mock for WfActionAjax, hashCode: 1171525343
 Command ::  deleteActionForStep  on  class Mock for WfActionAjax, hashCode: 1171525343
 Command ::  add  on  class Mock for WfActionAjax, hashCode: 1171525343
 Command ::  action  on  class Mock for WfActionAjax, hashCode: 1171525343
 Command ::  reorder  on  class Mock for WfActionAjax, hashCode: 1171525343
 Command ::  action  on  class Mock for WfSchemeAjax, hashCode: 1395654061
 Command ::  save  on  class Mock for WfSchemeAjax, hashCode: 1395654061
 Command ::  executeActions  on  class Mock for WfTaskAjax, hashCode: 290226496
 Command ::  executeAction  on  class Mock for WfTaskAjax, hashCode: 290226496
 Command ::  action  on  class Mock for WfTaskAjax, hashCode: 290226496
 Command ::  add  on  class Mock for WfActionClassAjax, hashCode: 1584755262
 Command ::  save  on  class Mock for WfActionClassAjax, hashCode: 1584755262
 Command ::  delete  on  class Mock for WfActionClassAjax, hashCode: 1584755262
 Command ::  reorder  on  class Mock for WfActionClassAjax, hashCode: 1584755262
 Command ::  action  on  class Mock for WfActionClassAjax, hashCode: 1584755262
 Command ::  rolesToJson  on  class Mock for WfRoleStoreAjax, hashCode: 504431474
 Command ::  assignable  on  class Mock for WfRoleStoreAjax, hashCode: 504431474
 Command ::  action  on  class Mock for WfRoleStoreAjax, hashCode: 504431474
]]></system-out>
  <system-err><![CDATA[]]></system-err>
</testsuite>
