<?xml version="1.0" encoding="UTF-8"?>
<testsuite name="com.liferay.util.FileUtilTest" tests="11" skipped="0" failures="0" errors="0" timestamp="2023-06-28T02:35:58" hostname="fv-az419-855" time="0.16">
  <properties/>
  <testcase name="simpleCopyFilesTest" classname="com.liferay.util.FileUtilTest" time="0.007"/>
  <testcase name="test_clean_tree_deletes_folders_files_by_date" classname="com.liferay.util.FileUtilTest" time="0.012"/>
  <testcase name="simpleListFileHandlesTest" classname="com.liferay.util.FileUtilTest" time="0.033"/>
  <testcase name="test_compress_gzip_enum_outputstream" classname="com.liferay.util.FileUtilTest" time="0.003"/>
  <testcase name="simpleCopyDirsTest" classname="com.liferay.util.FileUtilTest" time="0.003"/>
  <testcase name="simpleListFilesTest" classname="com.liferay.util.FileUtilTest" time="0.001"/>
  <testcase name="test_compress_bzip2_enum_outputstream" classname="com.liferay.util.FileUtilTest" time="0.057"/>
  <testcase name="test_uncompress_outputstream" classname="com.liferay.util.FileUtilTest" time="0.001"/>
  <testcase name="test_compress_gzip_outputstream" classname="com.liferay.util.FileUtilTest" time="0.008"/>
  <testcase name="simpleMoveTest" classname="com.liferay.util.FileUtilTest" time="0.008"/>
  <testcase name="test_compress_bzip2_outputstream" classname="com.liferay.util.FileUtilTest" time="0.017"/>
  <system-out><![CDATA[]]></system-out>
  <system-err><![CDATA[]]></system-err>
</testsuite>
