<?xml version="1.0" encoding="UTF-8"?>
<testsuite name="com.dotcms.util.pagination.SiteViewPaginatorUnitTest" tests="2" skipped="0" failures="0" errors="0" timestamp="2023-07-20T06:59:29" hostname="fv-az1025-50" time="0.209">
  <properties/>
  <testcase name="Test_Get_Items_Sorted_Pages" classname="com.dotcms.util.pagination.SiteViewPaginatorUnitTest" time="0.14"/>
  <testcase name="Test_Get_Items_Page_Size" classname="com.dotcms.util.pagination.SiteViewPaginatorUnitTest" time="0.069"/>
  <system-out><![CDATA[SYSTEM_HOST
1
2
3
5
6
7
8
]]></system-out>
  <system-err><![CDATA[]]></system-err>
</testsuite>
