<?xml version="1.0" encoding="UTF-8"?>
<testsuite name="com.dotcms.util.marshal.MarshalUtilsTest" tests="5" skipped="0" failures="0" errors="0" timestamp="2023-07-12T22:35:30" hostname="fv-az370-918" time="0.115">
  <properties/>
  <testcase name="marshalSqlTimeTest" classname="com.dotcms.util.marshal.MarshalUtilsTest" time="0.073"/>
  <testcase name="metaDataMarshalTest" classname="com.dotcms.util.marshal.MarshalUtilsTest" time="0.008"/>
  <testcase name="marshalTest" classname="com.dotcms.util.marshal.MarshalUtilsTest" time="0.012"/>
  <testcase name="marshalTimeStampTest" classname="com.dotcms.util.marshal.MarshalUtilsTest" time="0.008"/>
  <testcase name="marshalSQLDateTest" classname="com.dotcms.util.marshal.MarshalUtilsTest" time="0.014"/>
  <system-out><![CDATA[{"companyId":"myCompany","lastModified":371030400000,"userId":"jsanca"}
{"companyId":"myCompany","lastModified":371030400000,"userId":"jsanca"}
{"companyId":"myCompany","lastModified":371030400000,"userId":"jsanca"}
{"companyId":"myCompany","lastModified":371030400000,"userId":"jsanca"}
]]></system-out>
  <system-err><![CDATA[]]></system-err>
</testsuite>
