<?xml version="1.0" encoding="UTF-8"?>
<testsuite name="com.dotcms.auth.providers.jwt.factories.SecretKeySpecFactoryTest" tests="1" skipped="0" failures="0" errors="0" timestamp="2023-06-28T14:24:42" hostname="fv-az626-69" time="1.812">
  <properties/>
  <testcase name="readAndPrepareSecret" classname="com.dotcms.auth.providers.jwt.factories.SecretKeySpecFactoryTest" time="1.812"/>
  <system-out><![CDATA[6c3137deefecb5f11649e47c94e2269bd40760372923b24195bf44286f92ff4bc4b3efe9596813aa8e22874a38544eb636472b98141f7b9650dc389b523a4af0
MySecretKey2
MySecretKey3
MySecretKey3
7ac534dbfb121073f7b9ea4b111aefeeff702bf660d76ba50599657b32ec4f1c210be7e5bf730d4ac788c050d3767016160bb7fa9d838b5d1996a2f3c5bcbb32
b153146b5ed4bbae413acc6109d260bd03c90a5573494424fa882e486df8659e9a4f055426b3fd6edd8fff86ac7f2ba0a7cb4989dbe5ca16d49c1031089eb586
d9faa4e78b037366f22cff261ef1eb6d51acee66218998a476a3a22968f47f61bb249d3f21a0aeef439e518f089a3c9cbb8e5a07584c8f442f386deb54341c36
]]></system-out>
  <system-err><![CDATA[]]></system-err>
</testsuite>
