<?xml version="1.0" encoding="UTF-8"?>
<testsuite name="com.dotcms.auth.providers.jwt.factories.SecretKeySpecFactoryTest" tests="1" skipped="0" failures="0" errors="0" timestamp="2023-06-26T17:56:09" hostname="fv-az586-768" time="1.518">
  <properties/>
  <testcase name="readAndPrepareSecret" classname="com.dotcms.auth.providers.jwt.factories.SecretKeySpecFactoryTest" time="1.518"/>
  <system-out><![CDATA[88c105d66e3a7a16accc7668936630012031a1dcc5b1969044eacddd00fc4dc3536f7242e0b8ddd6b7f5e4b8ce3e41556657e966637f144de29f8e63b565e757
MySecretKey2
MySecretKey3
MySecretKey3
824bad7921b2567871da50e4f86464c323a0492213ffe4e59a6acbc647bbcb4b1bac022268e2f405f2e6bdb090b4e06ada730628f0f17d49bf4031dbcaaebadb
66bdc8beb0dacbe32d128ac5061f8f2b80165ac2cfab59709564dd1ad8970dc3d538e1a760c2b5b887e55decc1d9ff874b64aafe004cac8ac874acfd2ba15d82
eec73bc9181fc44dd57a8bd05866d928a029ae4bdc8b59662f630bcdff3297545dbfa4737e3718a7b70f60d3ed7d6b855ba8aa28584ae06aeb19f479df56b61d
]]></system-out>
  <system-err><![CDATA[]]></system-err>
</testsuite>
