<?xml version="1.0" encoding="UTF-8"?>
<testsuite name="com.dotcms.auth.providers.jwt.factories.SecretKeySpecFactoryTest" tests="1" skipped="0" failures="0" errors="0" timestamp="2023-07-20T17:05:30" hostname="fv-az189-825" time="1.486">
  <properties/>
  <testcase name="readAndPrepareSecret" classname="com.dotcms.auth.providers.jwt.factories.SecretKeySpecFactoryTest" time="1.486"/>
  <system-out><![CDATA[52cf5c542a991c7252919e0ee15a34129a8d781219c56fbafa71d18d0fa3c995750a7a1ce03f34e8eddaf2d64fc71859f08b1adbf847e7cefbbc0a37d1dd6972
MySecretKey2
MySecretKey3
MySecretKey3
060da982609381518300ff9a951385b505b330c6c02d2344b2aa7e8a9f7b103c02504de0caeed137eb538489ba09663277fda66493f7550a088975fc4b5f726a
f0e9cfc6aca9f35dc87525e2a2e29a9a26fe0a2b8d5c7a43217f663d1ce35073d0270a0c461d718f3b585eb8dfaeabb3ba1a43016955468cfbff4ca45e631dad
ace2fd2002d3191a0699019919fe5c5e83649587155d11e94951211e59152432b22ff814ffd0ce54a5ce75ab43a38161fa74495f9f106a676ee06750ad578579
]]></system-out>
  <system-err><![CDATA[]]></system-err>
</testsuite>
