<?xml version="1.0" encoding="UTF-8"?>
<testsuite name="com.dotcms.visitor.VisitorTest" tests="1" skipped="0" failures="0" errors="0" timestamp="2023-07-21T23:55:53" hostname="fv-az180-422" time="1.35">
  <properties/>
  <testcase name="test_visitor_serializer" classname="com.dotcms.visitor.VisitorTest" time="1.35"/>
  <system-out><![CDATA[]]></system-out>
  <system-err><![CDATA[]]></system-err>
</testsuite>
