<?xml version="1.0" encoding="UTF-8"?>
<testsuite name="com.dotcms.auth.providers.jwt.factories.SecretKeySpecFactoryTest" tests="1" skipped="0" failures="0" errors="0" timestamp="2023-07-14T20:48:14" hostname="fv-az412-310" time="2.039">
  <properties/>
  <testcase name="readAndPrepareSecret" classname="com.dotcms.auth.providers.jwt.factories.SecretKeySpecFactoryTest" time="2.039"/>
  <system-out><![CDATA[df04373d76e5abfc592da7b9ae8dca5fd612a8447327ece3253495a22bda9ba5f9d37ab92612f4719f69f190247a618585da93a625b4c4890c6fccb93cb509c2
MySecretKey2
MySecretKey3
MySecretKey3
049efdf8f636f9fdec97324bfdbbdb88f2f5a2da5642a83314d6cb7694d561326222256e91e6fc012a1a83cb47c4d4bb5942fd26ff4597e086f6704af0c541a5
834101082b1e41c1e219b28eb159b8551cc20fc46f9edddd9da9e019ab10ba6f8f14acbabe9f9f6a08fc441099d9868218f9620e4f5bcc90e031bc880bebaab7
e9216dcf42cf39038a5f08d8f1de24ded28e0499f90ec6ed95b24762c0f6af743e1279aa5c7e1c655f53bd2c0cd26b153f8d25c4317f7c308ec14a8624e45277
]]></system-out>
  <system-err><![CDATA[]]></system-err>
</testsuite>
