<?xml version="1.0" encoding="UTF-8"?>
<testsuite name="com.dotcms.auth.providers.jwt.factories.SecretKeySpecFactoryTest" tests="1" skipped="0" failures="0" errors="0" timestamp="2023-07-10T23:55:32" hostname="fv-az203-15" time="1.447">
  <properties/>
  <testcase name="readAndPrepareSecret" classname="com.dotcms.auth.providers.jwt.factories.SecretKeySpecFactoryTest" time="1.447"/>
  <system-out><![CDATA[0de8974265a28226959af00b318d1a8c6c0c766b62d6aafb8ec756e3b867e9cdfefc0558859e3718ec3c3c86667117723db8f5950b7498951462e3291c476203
MySecretKey2
MySecretKey3
MySecretKey3
b31ee7a3d897b5bf7072f20621c86bd09d6d91cf25cff2cffa7e7beae6b5ef4df364e85ce018715180851c5e4036f284749ec3081cc9cfaf25dc3d9f1fff9cb7
574024f59c57e74b28b59b4ae6bfac0c5f54729f8b07f2e6759e31814db608726a3cf44fea1a913fbcd94785cf9fa2986f3f8519e08d85c99532ca9ed8157dc1
9bef8c4d0d2e9a4f645c8dfbd37a2af98f15f961479cec36b53363de809f74f583eaca39833d94695e9a0126f3e928be09e62c8a0cfbfa61c3c4b4ac857c88f4
]]></system-out>
  <system-err><![CDATA[]]></system-err>
</testsuite>
