<?xml version="1.0" encoding="UTF-8"?>
<testsuite name="com.dotmarketing.portlets.osgi.AJAX.OSGIBaseAJAXTest" tests="3" skipped="0" failures="0" errors="0" timestamp="2023-06-30T16:19:12" hostname="fv-az267-190" time="0.061">
  <properties/>
  <testcase name="TestOnNullCallTheDefaultCommand" classname="com.dotmarketing.portlets.osgi.AJAX.OSGIBaseAJAXTest" time="0.037"/>
  <testcase name="TestNotAllowedCommands" classname="com.dotmarketing.portlets.osgi.AJAX.OSGIBaseAJAXTest" time="0.012"/>
  <testcase name="TestAllowedCommands" classname="com.dotmarketing.portlets.osgi.AJAX.OSGIBaseAJAXTest" time="0.012"/>
  <system-out><![CDATA[ Command ::  forbiddenMethod  on  class Mock for OSGIAJAX, hashCode: 1502228513
 Command ::  stop  on  class Mock for OSGIAJAX, hashCode: 2125754626
 Command ::  undeploy  on  class Mock for OSGIAJAX, hashCode: 2125754626
 Command ::  modifyExtraPackages  on  class Mock for OSGIAJAX, hashCode: 2125754626
 Command ::  deploy  on  class Mock for OSGIAJAX, hashCode: 2125754626
 Command ::  remove  on  class Mock for OSGIAJAX, hashCode: 2125754626
 Command ::  getExtraPackages  on  class Mock for OSGIAJAX, hashCode: 2125754626
 Command ::  action  on  class Mock for OSGIAJAX, hashCode: 2125754626
 Command ::  restart  on  class Mock for OSGIAJAX, hashCode: 2125754626
 Command ::  start  on  class Mock for OSGIAJAX, hashCode: 2125754626
 Command ::  add  on  class Mock for OSGIAJAX, hashCode: 2125754626
]]></system-out>
  <system-err><![CDATA[]]></system-err>
</testsuite>
