<?xml version="1.0" encoding="UTF-8"?>
<testsuite name="com.dotcms.auth.providers.jwt.factories.SecretKeySpecFactoryTest" tests="1" skipped="0" failures="0" errors="0" timestamp="2023-07-06T20:34:30" hostname="fv-az248-4" time="1.462">
  <properties/>
  <testcase name="readAndPrepareSecret" classname="com.dotcms.auth.providers.jwt.factories.SecretKeySpecFactoryTest" time="1.462"/>
  <system-out><![CDATA[fb6bbf738b2b641e06596879c3333560637edcc61e663d6556c709856f4b2342eaa0b39c65058f3990f8dc97006a0daf295a2758791b5230eaf395801ac64e33
MySecretKey2
MySecretKey3
MySecretKey3
cf52dbef28e197314315b93fe3017dd66bff87fcb0a0574ac55b1db8da1288ec72217784f7689483ed11421921360970a076ba1e5eede55c4713b3558efe35ad
cdccc7e6dd5bc87c9306e14ce7a38ad38f53061453add7c67a0182ff88ae54dc2339f6a7645e0d269c590d0751d636c6413e2959e1d9edb3c800bad9834caf3b
63c7deed6bc7917c2d5142e16db86b66d6fefe31b0894ee47115dbf6678ce14bf4a4c0d09e600e7b1a9e0f7dbef9f8dc92e7b4bdf45e3ce51063e97e1df91ed3
]]></system-out>
  <system-err><![CDATA[]]></system-err>
</testsuite>
