<?xml version="1.0" encoding="UTF-8"?>
<testsuite name="com.dotcms.auth.providers.jwt.factories.SecretKeySpecFactoryTest" tests="1" skipped="0" failures="0" errors="0" timestamp="2023-07-07T18:16:17" hostname="fv-az455-920" time="2.164">
  <properties/>
  <testcase name="readAndPrepareSecret" classname="com.dotcms.auth.providers.jwt.factories.SecretKeySpecFactoryTest" time="2.164"/>
  <system-out><![CDATA[40eadf8b314dcf227bcdb9888c1ec154cf05431f7330f11d2b4de1766468428dddac6a86ece173e9a6fee46c07d0775e463ca460d14531347f31e98d32e0a653
MySecretKey2
MySecretKey3
MySecretKey3
8e85cba19535214941a207b01ebc9471be384e12d0b3ccb6bf6a5faf8f95777da979e8181caa5ada423fd539d4dbbae1abdc2c687009d046d05cffb1a13219f7
ef97b822b74233a3bedea56f34c59837d2ba899a35c4d7fafe8bd43bfabf281b5be8221514f4236bab3cc2498e99d2d2547636f28aff3d84abf71fddae0ff51b
4237b3d6f00bcc71b4a89a535cd4292fb8e0fb283240cd2ded62ee49d2802d3382c0991dea4d3d3da73e4fff8acdc61a90aeb4ee2e8ce1778c8e85fc94d1c00b
]]></system-out>
  <system-err><![CDATA[]]></system-err>
</testsuite>
