<?xml version="1.0" encoding="UTF-8"?>
<testsuite name="com.dotmarketing.util.FileUtilTest" tests="1" skipped="0" failures="0" errors="0" timestamp="2023-07-12T18:13:14" hostname="fv-az162-194" time="0.009">
  <properties/>
  <testcase name="test_file_name_sanitizer" classname="com.dotmarketing.util.FileUtilTest" time="0.009"/>
  <system-out><![CDATA[]]></system-out>
  <system-err><![CDATA[]]></system-err>
</testsuite>
