<?xml version="1.0" encoding="UTF-8"?>
<testsuite name="com.dotcms.auth.providers.jwt.factories.SecretKeySpecFactoryTest" tests="1" skipped="0" failures="0" errors="0" timestamp="2023-06-28T19:32:00" hostname="fv-az452-705" time="1.307">
  <properties/>
  <testcase name="readAndPrepareSecret" classname="com.dotcms.auth.providers.jwt.factories.SecretKeySpecFactoryTest" time="1.307"/>
  <system-out><![CDATA[7f60f5ff53d28cdbf11145abf9e2cc7948ffd91bb9e18787b5ac736478a4c70359d108391f76cf457b96e80a5ad34e66a5ff5ee00b73dc7166e9df1a706883df
MySecretKey2
MySecretKey3
MySecretKey3
6a10ee871a95f69642746c75482590d3aadeb0830f6e04f6f1fe3737a08fd0f4965bb852127178ee5b76fa588d8a8f6408f194d5ed6e6f911c3f906ee9e7cddc
8f9871044c46481ff691abdece357b3a31b14318024975cf6d5e853aa9de7e5fd5c569d89564eeefaa1a2b088eeeaef1f88c33dce1c691145ef587af1d02d1e5
d1b64e6309b6d6d43d683fcc9f64f55ef38d3aef806dea82e314951fcf28da4a2546c0f0c2f37b52a492c10e0215050a5adadd99300e0daa6c8b12f5073391b4
]]></system-out>
  <system-err><![CDATA[]]></system-err>
</testsuite>
