<?xml version="1.0" encoding="UTF-8"?>
<testsuite name="com.dotcms.util.network.IPUtilsTest" tests="4" skipped="0" failures="0" errors="0" timestamp="2023-06-30T04:24:26" hostname="fv-az447-885" time="0.137">
  <properties/>
  <testcase name="test_false_cases" classname="com.dotcms.util.network.IPUtilsTest" time="0.004"/>
  <testcase name="test_ip_private_subnets" classname="com.dotcms.util.network.IPUtilsTest" time="0.004"/>
  <testcase name="test_true_cases" classname="com.dotcms.util.network.IPUtilsTest" time="0.001"/>
  <testcase name="test_ip_public_subnets" classname="com.dotcms.util.network.IPUtilsTest" time="0.127"/>
  <system-out><![CDATA[]]></system-out>
  <system-err><![CDATA[]]></system-err>
</testsuite>
