<?xml version="1.0" encoding="UTF-8"?>
<testsuite name="com.dotmarketing.portlets.workflows.ajax.WfBaseActionTest" tests="3" skipped="0" failures="0" errors="0" timestamp="2023-06-28T21:07:27" hostname="fv-az162-988" time="0.33">
  <properties/>
  <testcase name="TestOnNullCallTheDefaultCommand" classname="com.dotmarketing.portlets.workflows.ajax.WfBaseActionTest" time="0.248"/>
  <testcase name="TestNotAllowedCommands" classname="com.dotmarketing.portlets.workflows.ajax.WfBaseActionTest" time="0.023"/>
  <testcase name="TestAllowedCommands" classname="com.dotmarketing.portlets.workflows.ajax.WfBaseActionTest" time="0.051"/>
  <system-out><![CDATA[ Command ::  forbiddenMethod  on  class Mock for WfTaskAjax, hashCode: 674040283
 Command ::  forbiddenMethod  on  class Mock for WfSchemeAjax, hashCode: 1960807943
 Command ::  forbiddenMethod  on  class Mock for WfActionAjax, hashCode: 264959734
 Command ::  forbiddenMethod  on  class Mock for WfRoleStoreAjax, hashCode: 1864693160
 Command ::  forbiddenMethod  on  class Mock for WfActionClassAjax, hashCode: 847579756
 Command ::  executeAction  on  class Mock for WfTaskAjax, hashCode: 37262783
 Command ::  executeActions  on  class Mock for WfTaskAjax, hashCode: 37262783
 Command ::  action  on  class Mock for WfTaskAjax, hashCode: 37262783
 Command ::  save  on  class Mock for WfSchemeAjax, hashCode: 1956820070
 Command ::  action  on  class Mock for WfSchemeAjax, hashCode: 1956820070
 Command ::  save  on  class Mock for WfActionAjax, hashCode: 1725883055
 Command ::  delete  on  class Mock for WfActionAjax, hashCode: 1725883055
 Command ::  reorder  on  class Mock for WfActionAjax, hashCode: 1725883055
 Command ::  action  on  class Mock for WfActionAjax, hashCode: 1725883055
 Command ::  add  on  class Mock for WfActionAjax, hashCode: 1725883055
 Command ::  deleteActionForStep  on  class Mock for WfActionAjax, hashCode: 1725883055
 Command ::  action  on  class Mock for WfRoleStoreAjax, hashCode: 345491262
 Command ::  assignable  on  class Mock for WfRoleStoreAjax, hashCode: 345491262
 Command ::  rolesToJson  on  class Mock for WfRoleStoreAjax, hashCode: 345491262
 Command ::  add  on  class Mock for WfActionClassAjax, hashCode: 1770860877
 Command ::  action  on  class Mock for WfActionClassAjax, hashCode: 1770860877
 Command ::  reorder  on  class Mock for WfActionClassAjax, hashCode: 1770860877
 Command ::  delete  on  class Mock for WfActionClassAjax, hashCode: 1770860877
 Command ::  save  on  class Mock for WfActionClassAjax, hashCode: 1770860877
]]></system-out>
  <system-err><![CDATA[]]></system-err>
</testsuite>
