<?xml version="1.0" encoding="UTF-8"?>
<testsuite name="com.dotcms.auth.providers.jwt.factories.SecretKeySpecFactoryTest" tests="1" skipped="0" failures="0" errors="0" timestamp="2023-07-18T17:35:55" hostname="fv-az790-550" time="1.495">
  <properties/>
  <testcase name="readAndPrepareSecret" classname="com.dotcms.auth.providers.jwt.factories.SecretKeySpecFactoryTest" time="1.495"/>
  <system-out><![CDATA[e5723533364bf30e9408fa791fc91ca449699c174a0ef38395a200a3f539d8b9839ce4c1c3ad663c31c5404a2c6bc6060dc95556035bd98a510d0045482ddff8
MySecretKey2
MySecretKey3
MySecretKey3
a5ca3062db434342b86be0dc89aba4de1cd3f370f7d6332d40462fb169d550c19c0cf3aa4f75cb873c11e449ae39ec51642466bd9b373846ea396b5084acc6ab
20031613ded41a6967b40b3d97f83c78659ae20b4f53b1e0dd4e01d2b904251f88f1c3c672ef21666c23e4850dd1a4a38e30d719c5debc565a42bde98ee6afe1
5c93f58bf9f5e0e007b71341ba6f7487d6ef61c0a2ddd70aa68e0740530ed0d75cca06568d00779892252eddcd53bd58de1af72988d3c57be370dead914da94e
]]></system-out>
  <system-err><![CDATA[]]></system-err>
</testsuite>
