<?xml version="1.0" encoding="UTF-8"?>
<testsuite name="com.dotmarketing.portlets.osgi.AJAX.OSGIBaseAJAXTest" tests="3" skipped="0" failures="0" errors="0" timestamp="2023-07-11T16:31:19" hostname="fv-az206-849" time="0.096">
  <properties/>
  <testcase name="TestOnNullCallTheDefaultCommand" classname="com.dotmarketing.portlets.osgi.AJAX.OSGIBaseAJAXTest" time="0.056"/>
  <testcase name="TestNotAllowedCommands" classname="com.dotmarketing.portlets.osgi.AJAX.OSGIBaseAJAXTest" time="0.015"/>
  <testcase name="TestAllowedCommands" classname="com.dotmarketing.portlets.osgi.AJAX.OSGIBaseAJAXTest" time="0.024"/>
  <system-out><![CDATA[ Command ::  forbiddenMethod  on  class Mock for OSGIAJAX, hashCode: 128288442
 Command ::  start  on  class Mock for OSGIAJAX, hashCode: 2132353786
 Command ::  add  on  class Mock for OSGIAJAX, hashCode: 2132353786
 Command ::  stop  on  class Mock for OSGIAJAX, hashCode: 2132353786
 Command ::  undeploy  on  class Mock for OSGIAJAX, hashCode: 2132353786
 Command ::  modifyExtraPackages  on  class Mock for OSGIAJAX, hashCode: 2132353786
 Command ::  deploy  on  class Mock for OSGIAJAX, hashCode: 2132353786
 Command ::  remove  on  class Mock for OSGIAJAX, hashCode: 2132353786
 Command ::  getExtraPackages  on  class Mock for OSGIAJAX, hashCode: 2132353786
 Command ::  action  on  class Mock for OSGIAJAX, hashCode: 2132353786
 Command ::  restart  on  class Mock for OSGIAJAX, hashCode: 2132353786
]]></system-out>
  <system-err><![CDATA[]]></system-err>
</testsuite>
