<?xml version="1.0" encoding="UTF-8"?>
<testsuite name="com.dotcms.mock.MockRequestTest" tests="7" skipped="0" failures="0" errors="0" timestamp="2023-06-29T19:42:26" hostname="fv-az955-492" time="0.021">
  <properties/>
  <testcase name="testMockInternalRequest" classname="com.dotcms.mock.MockRequestTest" time="0.002"/>
  <testcase name="testBaseRequest" classname="com.dotcms.mock.MockRequestTest" time="0.001"/>
  <testcase name="testMockHeaderRequest" classname="com.dotcms.mock.MockRequestTest" time="0.0"/>
  <testcase name="testMockAttributeRequest" classname="com.dotcms.mock.MockRequestTest" time="0.0"/>
  <testcase name="testMockHttpRequest" classname="com.dotcms.mock.MockRequestTest" time="0.009"/>
  <testcase name="testMockHttpRequestWithNullValues" classname="com.dotcms.mock.MockRequestTest" time="0.009"/>
  <testcase name="testMockSessionRequest" classname="com.dotcms.mock.MockRequestTest" time="0.0"/>
  <system-out><![CDATA[]]></system-out>
  <system-err><![CDATA[]]></system-err>
</testsuite>
