<?xml version="1.0" encoding="UTF-8"?>
<testsuite name="com.dotmarketing.portlets.contentlet.model.ContentletTest" tests="1" skipped="0" failures="0" errors="0" timestamp="2023-07-18T15:58:45" hostname="fv-az883-365" time="0.015">
  <properties/>
  <testcase name="testGetTitle_WhenExistingTitleField_returnItsValue" classname="com.dotmarketing.portlets.contentlet.model.ContentletTest" time="0.015"/>
  <system-out><![CDATA[]]></system-out>
  <system-err><![CDATA[]]></system-err>
</testsuite>
