<?xml version="1.0" encoding="UTF-8"?>
<testsuite name="com.dotmarketing.filters.CMSUrlUtilTest" tests="2" skipped="0" failures="0" errors="0" timestamp="2023-07-07T20:54:29" hostname="fv-az422-848" time="0.028">
  <properties/>
  <testcase name="testGetURIFromRequestWhenFilterIsSet" classname="com.dotmarketing.filters.CMSUrlUtilTest" time="0.016"/>
  <testcase name="testGetURIFromRequestWhenFilterIsNotSet" classname="com.dotmarketing.filters.CMSUrlUtilTest" time="0.011"/>
  <system-out><![CDATA[]]></system-out>
  <system-err><![CDATA[]]></system-err>
</testsuite>
