<?xml version="1.0" encoding="UTF-8"?>
<testsuite name="com.dotmarketing.portlets.workflows.ajax.WfBaseActionTest" tests="3" skipped="0" failures="0" errors="0" timestamp="2023-06-30T14:38:26" hostname="fv-az254-767" time="0.327">
  <properties/>
  <testcase name="TestOnNullCallTheDefaultCommand" classname="com.dotmarketing.portlets.workflows.ajax.WfBaseActionTest" time="0.24"/>
  <testcase name="TestNotAllowedCommands" classname="com.dotmarketing.portlets.workflows.ajax.WfBaseActionTest" time="0.03"/>
  <testcase name="TestAllowedCommands" classname="com.dotmarketing.portlets.workflows.ajax.WfBaseActionTest" time="0.057"/>
  <system-out><![CDATA[ Command ::  forbiddenMethod  on  class Mock for WfActionAjax, hashCode: 682083952
 Command ::  forbiddenMethod  on  class Mock for WfActionClassAjax, hashCode: 1108844701
 Command ::  forbiddenMethod  on  class Mock for WfSchemeAjax, hashCode: 315013299
 Command ::  forbiddenMethod  on  class Mock for WfTaskAjax, hashCode: 2102763626
 Command ::  forbiddenMethod  on  class Mock for WfRoleStoreAjax, hashCode: 2109870336
 Command ::  save  on  class Mock for WfActionAjax, hashCode: 1626338156
 Command ::  deleteActionForStep  on  class Mock for WfActionAjax, hashCode: 1626338156
 Command ::  add  on  class Mock for WfActionAjax, hashCode: 1626338156
 Command ::  action  on  class Mock for WfActionAjax, hashCode: 1626338156
 Command ::  reorder  on  class Mock for WfActionAjax, hashCode: 1626338156
 Command ::  delete  on  class Mock for WfActionAjax, hashCode: 1626338156
 Command ::  add  on  class Mock for WfActionClassAjax, hashCode: 1754839081
 Command ::  save  on  class Mock for WfActionClassAjax, hashCode: 1754839081
 Command ::  delete  on  class Mock for WfActionClassAjax, hashCode: 1754839081
 Command ::  reorder  on  class Mock for WfActionClassAjax, hashCode: 1754839081
 Command ::  action  on  class Mock for WfActionClassAjax, hashCode: 1754839081
 Command ::  action  on  class Mock for WfSchemeAjax, hashCode: 319277791
 Command ::  save  on  class Mock for WfSchemeAjax, hashCode: 319277791
 Command ::  action  on  class Mock for WfTaskAjax, hashCode: 1224184399
 Command ::  executeActions  on  class Mock for WfTaskAjax, hashCode: 1224184399
 Command ::  executeAction  on  class Mock for WfTaskAjax, hashCode: 1224184399
 Command ::  assignable  on  class Mock for WfRoleStoreAjax, hashCode: 2124623751
 Command ::  action  on  class Mock for WfRoleStoreAjax, hashCode: 2124623751
 Command ::  rolesToJson  on  class Mock for WfRoleStoreAjax, hashCode: 2124623751
]]></system-out>
  <system-err><![CDATA[]]></system-err>
</testsuite>
