<?xml version="1.0" encoding="UTF-8"?>
<testsuite name="com.dotcms.util.diff.DiffCommandTest" tests="2" skipped="0" failures="0" errors="0" timestamp="2023-06-26T16:00:08" hostname="fv-az256-466" time="0.01">
  <properties/>
  <testcase name="applyDiff_Comparable" classname="com.dotcms.util.diff.DiffCommandTest" time="0.009"/>
  <testcase name="applyDiff_Differentiable" classname="com.dotcms.util.diff.DiffCommandTest" time="0.001"/>
  <system-out><![CDATA[{six=six, five=five}
{two=two}
{four=fourxxx, one=onexxx}
{six=com.dotcms.util.diff.DiffCommandTest$StringDifferentiable@390e66f4, five=com.dotcms.util.diff.DiffCommandTest$StringDifferentiable@c99c829}
{two=com.dotcms.util.diff.DiffCommandTest$StringDifferentiable@5a913365}
{four=com.dotcms.util.diff.DiffCommandTest$StringDifferentiable@4ca26f7e, one=com.dotcms.util.diff.DiffCommandTest$StringDifferentiable@6d189d8}
]]></system-out>
  <system-err><![CDATA[]]></system-err>
</testsuite>
