<?xml version="1.0" encoding="UTF-8"?>
<testsuite name="com.dotmarketing.portlets.workflows.ajax.WfBaseActionTest" tests="3" skipped="0" failures="0" errors="0" timestamp="2023-06-27T19:58:34" hostname="fv-az280-259" time="0.144">
  <properties/>
  <testcase name="TestOnNullCallTheDefaultCommand" classname="com.dotmarketing.portlets.workflows.ajax.WfBaseActionTest" time="0.107"/>
  <testcase name="TestNotAllowedCommands" classname="com.dotmarketing.portlets.workflows.ajax.WfBaseActionTest" time="0.019"/>
  <testcase name="TestAllowedCommands" classname="com.dotmarketing.portlets.workflows.ajax.WfBaseActionTest" time="0.018"/>
  <system-out><![CDATA[ Command ::  forbiddenMethod  on  class Mock for WfTaskAjax, hashCode: 1657481421
 Command ::  forbiddenMethod  on  class Mock for WfSchemeAjax, hashCode: 1964226112
 Command ::  forbiddenMethod  on  class Mock for WfActionAjax, hashCode: 1332301073
 Command ::  forbiddenMethod  on  class Mock for WfActionClassAjax, hashCode: 1728311545
 Command ::  forbiddenMethod  on  class Mock for WfRoleStoreAjax, hashCode: 1780497560
 Command ::  executeAction  on  class Mock for WfTaskAjax, hashCode: 1257873661
 Command ::  executeActions  on  class Mock for WfTaskAjax, hashCode: 1257873661
 Command ::  action  on  class Mock for WfTaskAjax, hashCode: 1257873661
 Command ::  save  on  class Mock for WfSchemeAjax, hashCode: 1943739560
 Command ::  action  on  class Mock for WfSchemeAjax, hashCode: 1943739560
 Command ::  delete  on  class Mock for WfActionAjax, hashCode: 854671904
 Command ::  reorder  on  class Mock for WfActionAjax, hashCode: 854671904
 Command ::  action  on  class Mock for WfActionAjax, hashCode: 854671904
 Command ::  add  on  class Mock for WfActionAjax, hashCode: 854671904
 Command ::  deleteActionForStep  on  class Mock for WfActionAjax, hashCode: 854671904
 Command ::  save  on  class Mock for WfActionAjax, hashCode: 854671904
 Command ::  add  on  class Mock for WfActionClassAjax, hashCode: 86635671
 Command ::  action  on  class Mock for WfActionClassAjax, hashCode: 86635671
 Command ::  reorder  on  class Mock for WfActionClassAjax, hashCode: 86635671
 Command ::  delete  on  class Mock for WfActionClassAjax, hashCode: 86635671
 Command ::  save  on  class Mock for WfActionClassAjax, hashCode: 86635671
 Command ::  action  on  class Mock for WfRoleStoreAjax, hashCode: 156135639
 Command ::  assignable  on  class Mock for WfRoleStoreAjax, hashCode: 156135639
 Command ::  rolesToJson  on  class Mock for WfRoleStoreAjax, hashCode: 156135639
]]></system-out>
  <system-err><![CDATA[]]></system-err>
</testsuite>
