<?xml version="1.0" encoding="UTF-8"?>
<testsuite name="com.dotmarketing.portlets.workflows.ajax.WfBaseActionTest" tests="3" skipped="0" failures="0" errors="0" timestamp="2023-07-17T17:42:58" hostname="fv-az620-591" time="0.155">
  <properties/>
  <testcase name="TestOnNullCallTheDefaultCommand" classname="com.dotmarketing.portlets.workflows.ajax.WfBaseActionTest" time="0.121"/>
  <testcase name="TestNotAllowedCommands" classname="com.dotmarketing.portlets.workflows.ajax.WfBaseActionTest" time="0.011"/>
  <testcase name="TestAllowedCommands" classname="com.dotmarketing.portlets.workflows.ajax.WfBaseActionTest" time="0.022"/>
  <system-out><![CDATA[ Command ::  forbiddenMethod  on  class Mock for WfActionClassAjax, hashCode: 862458669
 Command ::  forbiddenMethod  on  class Mock for WfActionAjax, hashCode: 1195160790
 Command ::  forbiddenMethod  on  class Mock for WfRoleStoreAjax, hashCode: 44522268
 Command ::  forbiddenMethod  on  class Mock for WfSchemeAjax, hashCode: 531103789
 Command ::  forbiddenMethod  on  class Mock for WfTaskAjax, hashCode: 2028879403
 Command ::  action  on  class Mock for WfActionClassAjax, hashCode: 519816062
 Command ::  reorder  on  class Mock for WfActionClassAjax, hashCode: 519816062
 Command ::  delete  on  class Mock for WfActionClassAjax, hashCode: 519816062
 Command ::  save  on  class Mock for WfActionClassAjax, hashCode: 519816062
 Command ::  add  on  class Mock for WfActionClassAjax, hashCode: 519816062
 Command ::  delete  on  class Mock for WfActionAjax, hashCode: 774194593
 Command ::  reorder  on  class Mock for WfActionAjax, hashCode: 774194593
 Command ::  action  on  class Mock for WfActionAjax, hashCode: 774194593
 Command ::  add  on  class Mock for WfActionAjax, hashCode: 774194593
 Command ::  deleteActionForStep  on  class Mock for WfActionAjax, hashCode: 774194593
 Command ::  save  on  class Mock for WfActionAjax, hashCode: 774194593
 Command ::  action  on  class Mock for WfRoleStoreAjax, hashCode: 568939032
 Command ::  assignable  on  class Mock for WfRoleStoreAjax, hashCode: 568939032
 Command ::  rolesToJson  on  class Mock for WfRoleStoreAjax, hashCode: 568939032
 Command ::  save  on  class Mock for WfSchemeAjax, hashCode: 1928748057
 Command ::  action  on  class Mock for WfSchemeAjax, hashCode: 1928748057
 Command ::  executeAction  on  class Mock for WfTaskAjax, hashCode: 2030357696
 Command ::  executeActions  on  class Mock for WfTaskAjax, hashCode: 2030357696
 Command ::  action  on  class Mock for WfTaskAjax, hashCode: 2030357696
]]></system-out>
  <system-err><![CDATA[]]></system-err>
</testsuite>
