<?xml version="1.0" encoding="UTF-8"?>
<testsuite name="com.dotmarketing.portlets.workflows.ajax.WfBaseActionTest" tests="3" skipped="0" failures="0" errors="0" timestamp="2023-06-26T18:29:08" hostname="fv-az306-701" time="0.233">
  <properties/>
  <testcase name="TestOnNullCallTheDefaultCommand" classname="com.dotmarketing.portlets.workflows.ajax.WfBaseActionTest" time="0.188"/>
  <testcase name="TestNotAllowedCommands" classname="com.dotmarketing.portlets.workflows.ajax.WfBaseActionTest" time="0.019"/>
  <testcase name="TestAllowedCommands" classname="com.dotmarketing.portlets.workflows.ajax.WfBaseActionTest" time="0.026"/>
  <system-out><![CDATA[ Command ::  forbiddenMethod  on  class Mock for WfSchemeAjax, hashCode: 1709135627
 Command ::  forbiddenMethod  on  class Mock for WfActionClassAjax, hashCode: 2040951118
 Command ::  forbiddenMethod  on  class Mock for WfActionAjax, hashCode: 160504718
 Command ::  forbiddenMethod  on  class Mock for WfRoleStoreAjax, hashCode: 674040283
 Command ::  forbiddenMethod  on  class Mock for WfTaskAjax, hashCode: 1960807943
 Command ::  save  on  class Mock for WfSchemeAjax, hashCode: 264959734
 Command ::  action  on  class Mock for WfSchemeAjax, hashCode: 264959734
 Command ::  add  on  class Mock for WfActionClassAjax, hashCode: 1864693160
 Command ::  action  on  class Mock for WfActionClassAjax, hashCode: 1864693160
 Command ::  reorder  on  class Mock for WfActionClassAjax, hashCode: 1864693160
 Command ::  delete  on  class Mock for WfActionClassAjax, hashCode: 1864693160
 Command ::  save  on  class Mock for WfActionClassAjax, hashCode: 1864693160
 Command ::  reorder  on  class Mock for WfActionAjax, hashCode: 1771548060
 Command ::  action  on  class Mock for WfActionAjax, hashCode: 1771548060
 Command ::  add  on  class Mock for WfActionAjax, hashCode: 1771548060
 Command ::  deleteActionForStep  on  class Mock for WfActionAjax, hashCode: 1771548060
 Command ::  save  on  class Mock for WfActionAjax, hashCode: 1771548060
 Command ::  delete  on  class Mock for WfActionAjax, hashCode: 1771548060
 Command ::  action  on  class Mock for WfRoleStoreAjax, hashCode: 1305185408
 Command ::  assignable  on  class Mock for WfRoleStoreAjax, hashCode: 1305185408
 Command ::  rolesToJson  on  class Mock for WfRoleStoreAjax, hashCode: 1305185408
 Command ::  action  on  class Mock for WfTaskAjax, hashCode: 343123756
 Command ::  executeAction  on  class Mock for WfTaskAjax, hashCode: 343123756
 Command ::  executeActions  on  class Mock for WfTaskAjax, hashCode: 343123756
]]></system-out>
  <system-err><![CDATA[]]></system-err>
</testsuite>
