<?xml version="1.0" encoding="UTF-8"?>
<testsuite name="com.dotcms.util.ConversionUtilsTest" tests="4" skipped="0" failures="0" errors="0" timestamp="2023-06-30T15:41:03" hostname="fv-az203-141" time="0.007">
  <properties/>
  <testcase name="toLongTest" classname="com.dotcms.util.ConversionUtilsTest" time="0.001"/>
  <testcase name="convertToArrayTest" classname="com.dotcms.util.ConversionUtilsTest" time="0.002"/>
  <testcase name="toIntTest" classname="com.dotcms.util.ConversionUtilsTest" time="0.003"/>
  <testcase name="toLongFromByteCountHumanDisplaySizeTest" classname="com.dotcms.util.ConversionUtilsTest" time="0.001"/>
  <system-out><![CDATA[]]></system-out>
  <system-err><![CDATA[]]></system-err>
</testsuite>
