<?xml version="1.0" encoding="UTF-8"?>
<testsuite name="com.dotmarketing.portlets.osgi.AJAX.OSGIBaseAJAXTest" tests="3" skipped="0" failures="0" errors="0" timestamp="2023-07-11T22:43:11" hostname="fv-az567-840" time="0.057">
  <properties/>
  <testcase name="TestOnNullCallTheDefaultCommand" classname="com.dotmarketing.portlets.osgi.AJAX.OSGIBaseAJAXTest" time="0.039"/>
  <testcase name="TestNotAllowedCommands" classname="com.dotmarketing.portlets.osgi.AJAX.OSGIBaseAJAXTest" time="0.004"/>
  <testcase name="TestAllowedCommands" classname="com.dotmarketing.portlets.osgi.AJAX.OSGIBaseAJAXTest" time="0.013"/>
  <system-out><![CDATA[ Command ::  forbiddenMethod  on  class Mock for OSGIAJAX, hashCode: 239867311
 Command ::  add  on  class Mock for OSGIAJAX, hashCode: 1870579119
 Command ::  stop  on  class Mock for OSGIAJAX, hashCode: 1870579119
 Command ::  undeploy  on  class Mock for OSGIAJAX, hashCode: 1870579119
 Command ::  modifyExtraPackages  on  class Mock for OSGIAJAX, hashCode: 1870579119
 Command ::  deploy  on  class Mock for OSGIAJAX, hashCode: 1870579119
 Command ::  remove  on  class Mock for OSGIAJAX, hashCode: 1870579119
 Command ::  getExtraPackages  on  class Mock for OSGIAJAX, hashCode: 1870579119
 Command ::  action  on  class Mock for OSGIAJAX, hashCode: 1870579119
 Command ::  restart  on  class Mock for OSGIAJAX, hashCode: 1870579119
 Command ::  start  on  class Mock for OSGIAJAX, hashCode: 1870579119
]]></system-out>
  <system-err><![CDATA[]]></system-err>
</testsuite>
