<?xml version="1.0" encoding="UTF-8"?>
<testsuite name="com.dotcms.auth.providers.jwt.factories.SecretKeySpecFactoryTest" tests="1" skipped="0" failures="0" errors="0" timestamp="2023-06-27T14:50:50" hostname="fv-az254-300" time="1.445">
  <properties/>
  <testcase name="readAndPrepareSecret" classname="com.dotcms.auth.providers.jwt.factories.SecretKeySpecFactoryTest" time="1.445"/>
  <system-out><![CDATA[9c99e71814d1cead087a92b812674c848c01fa80fb3e8eb74ff6a5328edaf1258c9bd15540db567145f73d0a41eff2c5ed30449ba834a8d14f0a15a6092dc750
MySecretKey2
MySecretKey3
MySecretKey3
014fe00e246ca8a99abb70c2037f1a0f97cdcae7ced1e40d3f38ab18459ec1de2f11585411093149cdc13d2e2ec759f65563b5607fb589d65c56102b90b02a1f
f1d0d131ce0316f902bfaca7ddde6a7adcd131afaca317f0e1fc9296dd9ede532a5b640785aa428cb49ffd9f609402fa45e611a030855721b1095bc6215f4579
fccd87a2608c8b316967cbcbb7e665252a0187dd7f796f4ca6c5c389dc153f44fcbd0dc5f7961776bfead0a229d833ff5d03e187ee5a1c5ab6326a6495c4c4b6
]]></system-out>
  <system-err><![CDATA[]]></system-err>
</testsuite>
