<?xml version="1.0" encoding="UTF-8"?>
<testsuite name="com.dotcms.auth.providers.jwt.factories.SecretKeySpecFactoryTest" tests="1" skipped="0" failures="0" errors="0" timestamp="2023-07-13T17:27:56" hostname="fv-az799-554" time="1.696">
  <properties/>
  <testcase name="readAndPrepareSecret" classname="com.dotcms.auth.providers.jwt.factories.SecretKeySpecFactoryTest" time="1.696"/>
  <system-out><![CDATA[1c46dafb81a2f02116a735fdfbcd3ad4dd65a7112623cca4487e03af7523dee0eff821ec03bd066ff986b2825e642b0a2c691a74576c50783d6c4a04d8a6e478
MySecretKey2
MySecretKey3
MySecretKey3
16a86e81382001ccfb1509ba0341a96b3e5ab7b2f7515b51ed209cf83c8a6c04630dc03edb74a2240a13305d2765149a33818d976d6ae4b19e4e28e3aed1da87
1e0bca69fc9b0a2ea73d2d16394baf9c995423f471f8edc2cdae05ad34236d80437aa9cdf74bef2a3c5f44724790b1f370c08a60b820b718c6bd6c1bf7b41729
dd7dd66c6accb3a81ad2f722273ca163b291b3b90190c55e96089398f4af6a4098d81e83de8d9ca4cb50e89990e6b89fd5679e1febc91b8a3317769a919d9eba
]]></system-out>
  <system-err><![CDATA[]]></system-err>
</testsuite>
