<?xml version="1.0" encoding="UTF-8"?>
<testsuite name="com.dotmarketing.portlets.workflows.ajax.WfBaseActionTest" tests="3" skipped="0" failures="0" errors="0" timestamp="2023-07-11T16:31:21" hostname="fv-az206-849" time="0.269">
  <properties/>
  <testcase name="TestOnNullCallTheDefaultCommand" classname="com.dotmarketing.portlets.workflows.ajax.WfBaseActionTest" time="0.216"/>
  <testcase name="TestNotAllowedCommands" classname="com.dotmarketing.portlets.workflows.ajax.WfBaseActionTest" time="0.021"/>
  <testcase name="TestAllowedCommands" classname="com.dotmarketing.portlets.workflows.ajax.WfBaseActionTest" time="0.031"/>
  <system-out><![CDATA[ Command ::  forbiddenMethod  on  class Mock for WfRoleStoreAjax, hashCode: 56093569
 Command ::  forbiddenMethod  on  class Mock for WfTaskAjax, hashCode: 1977674511
 Command ::  forbiddenMethod  on  class Mock for WfActionAjax, hashCode: 670316523
 Command ::  forbiddenMethod  on  class Mock for WfActionClassAjax, hashCode: 1184545934
 Command ::  forbiddenMethod  on  class Mock for WfSchemeAjax, hashCode: 1165420555
 Command ::  action  on  class Mock for WfRoleStoreAjax, hashCode: 1727512845
 Command ::  assignable  on  class Mock for WfRoleStoreAjax, hashCode: 1727512845
 Command ::  rolesToJson  on  class Mock for WfRoleStoreAjax, hashCode: 1727512845
 Command ::  action  on  class Mock for WfTaskAjax, hashCode: 154291450
 Command ::  executeAction  on  class Mock for WfTaskAjax, hashCode: 154291450
 Command ::  executeActions  on  class Mock for WfTaskAjax, hashCode: 154291450
 Command ::  action  on  class Mock for WfActionAjax, hashCode: 978590223
 Command ::  add  on  class Mock for WfActionAjax, hashCode: 978590223
 Command ::  deleteActionForStep  on  class Mock for WfActionAjax, hashCode: 978590223
 Command ::  save  on  class Mock for WfActionAjax, hashCode: 978590223
 Command ::  delete  on  class Mock for WfActionAjax, hashCode: 978590223
 Command ::  reorder  on  class Mock for WfActionAjax, hashCode: 978590223
 Command ::  add  on  class Mock for WfActionClassAjax, hashCode: 781679844
 Command ::  action  on  class Mock for WfActionClassAjax, hashCode: 781679844
 Command ::  reorder  on  class Mock for WfActionClassAjax, hashCode: 781679844
 Command ::  delete  on  class Mock for WfActionClassAjax, hashCode: 781679844
 Command ::  save  on  class Mock for WfActionClassAjax, hashCode: 781679844
 Command ::  save  on  class Mock for WfSchemeAjax, hashCode: 918549171
 Command ::  action  on  class Mock for WfSchemeAjax, hashCode: 918549171
]]></system-out>
  <system-err><![CDATA[]]></system-err>
</testsuite>
