<?xml version="1.0" encoding="UTF-8"?>
<testsuite name="com.dotcms.auth.providers.jwt.factories.SecretKeySpecFactoryTest" tests="1" skipped="0" failures="0" errors="0" timestamp="2023-07-20T17:23:09" hostname="fv-az341-523" time="2.178">
  <properties/>
  <testcase name="readAndPrepareSecret" classname="com.dotcms.auth.providers.jwt.factories.SecretKeySpecFactoryTest" time="2.178"/>
  <system-out><![CDATA[4494c22eff302d245c29973eaa199c3d32d8f617673b6872256d733136b764ccd67ec23e44f39a3291aae8b726b99777f8d1f00c47e795580143339b2777ca6d
MySecretKey2
MySecretKey3
MySecretKey3
1b37bbe056c42c9afc5500f4e118d7eb7f0542802084830aad52e8438ca4de1844bb767a47ba7213cd4744424925cb97b905ad8f58fef7e0ff0b5df9e5c8cc99
562d6704647eb21ee4e8e580782ac60b32d01eb49ba4d9f895a2a0b72903cc28d4caff386f2326d8da05b9d8f94ec0cb9847495a1dc6084113a449b4c891a3d5
5b281e2167640c4fbdd1be8dc1d24f32c26368817ebb69259792b9403657cfbd1e1392b355facb1976fbcb73fe893e8d4c781217b1f0bb9f874d0b43753bb6c1
]]></system-out>
  <system-err><![CDATA[]]></system-err>
</testsuite>
