<?xml version="1.0" encoding="UTF-8"?>
<testsuite name="com.dotcms.auth.providers.jwt.factories.SecretKeySpecFactoryTest" tests="1" skipped="0" failures="0" errors="0" timestamp="2023-06-21T19:53:08" hostname="fv-az934-543" time="1.311">
  <properties/>
  <testcase name="readAndPrepareSecret" classname="com.dotcms.auth.providers.jwt.factories.SecretKeySpecFactoryTest" time="1.311"/>
  <system-out><![CDATA[94da91f8a61fd34edf1bce26798f825d208924479fe181713df2c48acc641abcb5d553f4d44ddcacaf2f15a2039e973c84f40b4add481d3e576fcf104349bc9b
MySecretKey2
MySecretKey3
MySecretKey3
6d135b251b4b43ee2fa4db46c14a6816c1931b55b0adb7e2f80113027322a3dbefb2ed50fb9479ec555b288d7f9359c00c9e070873839d023d01a07a463dabb4
dc1bfe140de8d79eb36aaebabda0a2137bac4c44aa451c50d0b9847c84773e2ce9c9b337d68418ea52aa9679d193104823c349e555e4202fec209a7bb94d4b4a
9316e23a147c46efb76a54925458a4480eaf41c1ad7e86c58ae94af947e69237a49fea7fc50441ce258dd9000d8beac3191672e1d32521e69013d8a03479807b
]]></system-out>
  <system-err><![CDATA[]]></system-err>
</testsuite>
