<?xml version="1.0" encoding="UTF-8"?>
<testsuite name="com.dotmarketing.portlets.osgi.AJAX.OSGIBaseAJAXTest" tests="3" skipped="0" failures="0" errors="0" timestamp="2023-06-30T19:36:59" hostname="fv-az1104-758" time="0.159">
  <properties/>
  <testcase name="TestOnNullCallTheDefaultCommand" classname="com.dotmarketing.portlets.osgi.AJAX.OSGIBaseAJAXTest" time="0.108"/>
  <testcase name="TestNotAllowedCommands" classname="com.dotmarketing.portlets.osgi.AJAX.OSGIBaseAJAXTest" time="0.009"/>
  <testcase name="TestAllowedCommands" classname="com.dotmarketing.portlets.osgi.AJAX.OSGIBaseAJAXTest" time="0.042"/>
  <system-out><![CDATA[ Command ::  forbiddenMethod  on  class Mock for OSGIAJAX, hashCode: 353978803
 Command ::  getExtraPackages  on  class Mock for OSGIAJAX, hashCode: 934751778
 Command ::  remove  on  class Mock for OSGIAJAX, hashCode: 934751778
 Command ::  deploy  on  class Mock for OSGIAJAX, hashCode: 934751778
 Command ::  modifyExtraPackages  on  class Mock for OSGIAJAX, hashCode: 934751778
 Command ::  undeploy  on  class Mock for OSGIAJAX, hashCode: 934751778
 Command ::  stop  on  class Mock for OSGIAJAX, hashCode: 934751778
 Command ::  add  on  class Mock for OSGIAJAX, hashCode: 934751778
 Command ::  start  on  class Mock for OSGIAJAX, hashCode: 934751778
 Command ::  restart  on  class Mock for OSGIAJAX, hashCode: 934751778
 Command ::  action  on  class Mock for OSGIAJAX, hashCode: 934751778
]]></system-out>
  <system-err><![CDATA[]]></system-err>
</testsuite>
