<?xml version="1.0" encoding="UTF-8"?>
<testsuite name="com.dotcms.util.LowerKeyMapTest" tests="1" skipped="0" failures="0" errors="0" timestamp="2023-07-12T16:39:28" hostname="fv-az851-740" time="0.004">
  <properties/>
  <testcase name="put_lowerKeyMapTest" classname="com.dotcms.util.LowerKeyMapTest" time="0.004"/>
  <system-out><![CDATA[]]></system-out>
  <system-err><![CDATA[]]></system-err>
</testsuite>
