<?xml version="1.0" encoding="UTF-8"?>
<testsuite name="com.dotcms.util.diff.DiffCommandTest" tests="2" skipped="0" failures="0" errors="0" timestamp="2023-07-13T19:13:58" hostname="fv-az612-960" time="0.008">
  <properties/>
  <testcase name="applyDiff_Comparable" classname="com.dotcms.util.diff.DiffCommandTest" time="0.004"/>
  <testcase name="applyDiff_Differentiable" classname="com.dotcms.util.diff.DiffCommandTest" time="0.003"/>
  <system-out><![CDATA[{six=six, five=five}
{two=two}
{four=fourxxx, one=onexxx}
{six=com.dotcms.util.diff.DiffCommandTest$StringDifferentiable@1c3a32fa, five=com.dotcms.util.diff.DiffCommandTest$StringDifferentiable@5dd3bea1}
{two=com.dotcms.util.diff.DiffCommandTest$StringDifferentiable@aa685f}
{four=com.dotcms.util.diff.DiffCommandTest$StringDifferentiable@643430d0, one=com.dotcms.util.diff.DiffCommandTest$StringDifferentiable@29d4634e}
]]></system-out>
  <system-err><![CDATA[]]></system-err>
</testsuite>
