<?xml version="1.0" encoding="UTF-8"?>
<testsuite name="com.dotmarketing.portlets.workflows.ajax.WfBaseActionTest" tests="3" skipped="0" failures="0" errors="0" timestamp="2023-07-18T21:52:35" hostname="fv-az1233-524" time="0.12">
  <properties/>
  <testcase name="TestOnNullCallTheDefaultCommand" classname="com.dotmarketing.portlets.workflows.ajax.WfBaseActionTest" time="0.1"/>
  <testcase name="TestNotAllowedCommands" classname="com.dotmarketing.portlets.workflows.ajax.WfBaseActionTest" time="0.007"/>
  <testcase name="TestAllowedCommands" classname="com.dotmarketing.portlets.workflows.ajax.WfBaseActionTest" time="0.013"/>
  <system-out><![CDATA[ Command ::  forbiddenMethod  on  class Mock for WfTaskAjax, hashCode: 1341654420
 Command ::  forbiddenMethod  on  class Mock for WfActionAjax, hashCode: 459097948
 Command ::  forbiddenMethod  on  class Mock for WfRoleStoreAjax, hashCode: 49429726
 Command ::  forbiddenMethod  on  class Mock for WfActionClassAjax, hashCode: 1922532942
 Command ::  forbiddenMethod  on  class Mock for WfSchemeAjax, hashCode: 639369579
 Command ::  action  on  class Mock for WfTaskAjax, hashCode: 1632176863
 Command ::  executeActions  on  class Mock for WfTaskAjax, hashCode: 1632176863
 Command ::  executeAction  on  class Mock for WfTaskAjax, hashCode: 1632176863
 Command ::  save  on  class Mock for WfActionAjax, hashCode: 1903011868
 Command ::  deleteActionForStep  on  class Mock for WfActionAjax, hashCode: 1903011868
 Command ::  add  on  class Mock for WfActionAjax, hashCode: 1903011868
 Command ::  action  on  class Mock for WfActionAjax, hashCode: 1903011868
 Command ::  reorder  on  class Mock for WfActionAjax, hashCode: 1903011868
 Command ::  delete  on  class Mock for WfActionAjax, hashCode: 1903011868
 Command ::  assignable  on  class Mock for WfRoleStoreAjax, hashCode: 168666686
 Command ::  action  on  class Mock for WfRoleStoreAjax, hashCode: 168666686
 Command ::  rolesToJson  on  class Mock for WfRoleStoreAjax, hashCode: 168666686
 Command ::  save  on  class Mock for WfActionClassAjax, hashCode: 1484660777
 Command ::  delete  on  class Mock for WfActionClassAjax, hashCode: 1484660777
 Command ::  reorder  on  class Mock for WfActionClassAjax, hashCode: 1484660777
 Command ::  action  on  class Mock for WfActionClassAjax, hashCode: 1484660777
 Command ::  add  on  class Mock for WfActionClassAjax, hashCode: 1484660777
 Command ::  action  on  class Mock for WfSchemeAjax, hashCode: 710774234
 Command ::  save  on  class Mock for WfSchemeAjax, hashCode: 710774234
]]></system-out>
  <system-err><![CDATA[]]></system-err>
</testsuite>
