<?xml version="1.0" encoding="UTF-8"?>
<testsuite name="com.dotcms.rendering.velocity.util.VelocityUtilTest" tests="11" skipped="0" failures="0" errors="0" timestamp="2023-06-30T14:23:53" hostname="fv-az336-775" time="0.01">
  <properties/>
  <testcase name="testConvertToVelocityVariable[0: (123, one23, false)]" classname="com.dotcms.rendering.velocity.util.VelocityUtilTest" time="0.005"/>
  <testcase name="testConvertToVelocityVariable[1: (123, One23, true)]" classname="com.dotcms.rendering.velocity.util.VelocityUtilTest" time="0.0"/>
  <testcase name="testConvertToVelocityVariable[2: (_123, _123, false)]" classname="com.dotcms.rendering.velocity.util.VelocityUtilTest" time="0.0"/>
  <testcase name="testConvertToVelocityVariable[3: (_123a, _123a, false)]" classname="com.dotcms.rendering.velocity.util.VelocityUtilTest" time="0.001"/>
  <testcase name="testConvertToVelocityVariable[4: (_123a, _123a, true)]" classname="com.dotcms.rendering.velocity.util.VelocityUtilTest" time="0.0"/>
  <testcase name="testConvertToVelocityVariable[5: (asd123asd, asd123asd, false)]" classname="com.dotcms.rendering.velocity.util.VelocityUtilTest" time="0.0"/>
  <testcase name="testConvertToVelocityVariable[6: (asd123asd, Asd123asd, true)]" classname="com.dotcms.rendering.velocity.util.VelocityUtilTest" time="0.0"/>
  <testcase name="testConvertToVelocityVariable[7: (#%#$, ____, true)]" classname="com.dotcms.rendering.velocity.util.VelocityUtilTest" time="0.0"/>
  <testcase name="testConvertToVelocityVariable[8: (#%#$1, ____1, true)]" classname="com.dotcms.rendering.velocity.util.VelocityUtilTest" time="0.001"/>
  <testcase name="testConvertToVelocityVariable[9: (#%#$abc, ____abc, true)]" classname="com.dotcms.rendering.velocity.util.VelocityUtilTest" time="0.0"/>
  <testcase name="testConvertToVelocityVariable[10: (#%#$abc, ____abc, false)]" classname="com.dotcms.rendering.velocity.util.VelocityUtilTest" time="0.0"/>
  <system-out><![CDATA[]]></system-out>
  <system-err><![CDATA[]]></system-err>
</testsuite>
