<?xml version="1.0" encoding="UTF-8"?>
<testsuite name="v2.languages.LanguagesResourceTest" tests="4" skipped="0" failures="0" errors="0" timestamp="2023-07-04T00:39:31" hostname="fv-az627-719" time="0.097">
  <properties/>
  <testcase name="test_when_contentInodeIsNotNull_and_throwDotSecurityException" classname="v2.languages.LanguagesResourceTest" time="0.013"/>
  <testcase name="list" classname="v2.languages.LanguagesResourceTest" time="0.081"/>
  <testcase name="test_when_contentInodeIsNotNull_should_listLanguageByInode" classname="v2.languages.LanguagesResourceTest" time="0.003"/>
  <testcase name="test_when_contentInodeIsNotNull_and_throwDotDataException" classname="v2.languages.LanguagesResourceTest" time="0.0"/>
  <system-out><![CDATA[]]></system-out>
  <system-err><![CDATA[]]></system-err>
</testsuite>
