<?xml version="1.0" encoding="UTF-8"?>
<testsuite name="com.dotcms.auth.providers.jwt.factories.SecretKeySpecFactoryTest" tests="1" skipped="0" failures="0" errors="0" timestamp="2023-07-11T05:43:48" hostname="fv-az612-31" time="1.286">
  <properties/>
  <testcase name="readAndPrepareSecret" classname="com.dotcms.auth.providers.jwt.factories.SecretKeySpecFactoryTest" time="1.286"/>
  <system-out><![CDATA[d51931e969b47826eb03604e71ac582cacf3c3dac043744b22ca53f0e841d72ec43c978dc43838e7bc0df9973833e6caefdef09ab6d87174a1ddc1cecf8d49a4
MySecretKey2
MySecretKey3
MySecretKey3
f04fa41cfa7722d3d28bf385ad3cea7f15cd7875b969a246bcd1844e905cfa023a2f3a0119ad38d73b30edc2114ef22e1c27d5187a6f2f1b6c185cd0641bde36
2e7403084bc9620e794617342fcd95ee86b48414fefd66bfea56cff93ee5fd3dae99da619864d460c854a9505953090a61ea2426a4186037498d3bade3b24c69
44601a43b053f18766e8b55b39ea0aa357c97b680173ec4fd18e1b45607da9e79ff31673e3cc30cb3a02ba625cdadc61fb3e117cbafb9c886302ab5fda170d72
]]></system-out>
  <system-err><![CDATA[]]></system-err>
</testsuite>
