<?xml version="1.0" encoding="UTF-8"?>
<testsuite name="com.dotcms.util.diff.DiffCommandTest" tests="2" skipped="0" failures="0" errors="0" timestamp="2023-06-27T22:37:11" hostname="fv-az955-152" time="0.005">
  <properties/>
  <testcase name="applyDiff_Comparable" classname="com.dotcms.util.diff.DiffCommandTest" time="0.005"/>
  <testcase name="applyDiff_Differentiable" classname="com.dotcms.util.diff.DiffCommandTest" time="0.0"/>
  <system-out><![CDATA[{six=six, five=five}
{two=two}
{four=fourxxx, one=onexxx}
{six=com.dotcms.util.diff.DiffCommandTest$StringDifferentiable@14316ee0, five=com.dotcms.util.diff.DiffCommandTest$StringDifferentiable@72e5e5e8}
{two=com.dotcms.util.diff.DiffCommandTest$StringDifferentiable@15f621a0}
{four=com.dotcms.util.diff.DiffCommandTest$StringDifferentiable@670a54df, one=com.dotcms.util.diff.DiffCommandTest$StringDifferentiable@785370b0}
]]></system-out>
  <system-err><![CDATA[]]></system-err>
</testsuite>
