<?xml version="1.0" encoding="UTF-8"?>
<testsuite name="com.dotcms.util.StringStreamTest" tests="2" skipped="0" failures="0" errors="0" timestamp="2023-07-20T15:56:51" hostname="fv-az805-192" time="0.009">
  <properties/>
  <testcase name="lowercaseTest" classname="com.dotcms.util.StringStreamTest" time="0.002"/>
  <testcase name="uppercaseTest" classname="com.dotcms.util.StringStreamTest" time="0.007"/>
  <system-out><![CDATA[]]></system-out>
  <system-err><![CDATA[]]></system-err>
</testsuite>
