<?xml version="1.0" encoding="UTF-8"?>
<testsuite name="com.dotcms.analytics.helper.BayesianHelperTest" tests="3" skipped="0" failures="0" errors="0" timestamp="2023-06-26T21:45:23" hostname="fv-az1032-241" time="0.136">
  <properties/>
  <testcase name="test_toBayesianInput_noDefault" classname="com.dotcms.analytics.helper.BayesianHelperTest" time="0.117"/>
  <testcase name="test_toBayesianInput_noTest" classname="com.dotcms.analytics.helper.BayesianHelperTest" time="0.008"/>
  <testcase name="test_toBayesianInput" classname="com.dotcms.analytics.helper.BayesianHelperTest" time="0.01"/>
  <system-out><![CDATA[]]></system-out>
  <system-err><![CDATA[]]></system-err>
</testsuite>
