<?xml version="1.0" encoding="UTF-8"?>
<testsuite name="com.dotcms.auth.providers.jwt.factories.SecretKeySpecFactoryTest" tests="1" skipped="0" failures="0" errors="0" timestamp="2023-06-30T23:03:58" hostname="fv-az402-651" time="1.778">
  <properties/>
  <testcase name="readAndPrepareSecret" classname="com.dotcms.auth.providers.jwt.factories.SecretKeySpecFactoryTest" time="1.778"/>
  <system-out><![CDATA[8d1cdb8ef2d053eba1c796d423619515075306f50a70f3f55c56173caabc585e90e52893563998168c4b50057e56cca8ad87d6f48ebda0859b6e3bf4661f1c61
MySecretKey2
MySecretKey3
MySecretKey3
d9b396a53f03c8df87dadd7446d090bb6bb47c494d35b283e78dd1c87529493174c36d8d83256dfe7d2a411f390b00d123ed4883067b99f9e55186ae9a4df970
38bc2c608563883f598c3fe688b49e454b8ef2946c9987e7afb8b108aad7bd38483e74ed4c9ed36bd402ccfd9c0da33b1ce71587bc98338421f0adc7c07fe3b7
0c4416c05af1f7aaecb6c72fb1ce9ab7416ee2555dd440b36e2e267f125367ebe9027d7be201f5bc472449cbd44001826abafc5da56c2eedcbb4f94928bfce4d
]]></system-out>
  <system-err><![CDATA[]]></system-err>
</testsuite>
