<?xml version="1.0" encoding="UTF-8"?>
<testsuite name="v2.languages.LanguagesResourceTest" tests="4" skipped="0" failures="0" errors="0" timestamp="2023-07-03T15:18:01" hostname="fv-az456-372" time="0.124">
  <properties/>
  <testcase name="test_when_contentInodeIsNotNull_and_throwDotSecurityException" classname="v2.languages.LanguagesResourceTest" time="0.008"/>
  <testcase name="list" classname="v2.languages.LanguagesResourceTest" time="0.1"/>
  <testcase name="test_when_contentInodeIsNotNull_should_listLanguageByInode" classname="v2.languages.LanguagesResourceTest" time="0.007"/>
  <testcase name="test_when_contentInodeIsNotNull_and_throwDotDataException" classname="v2.languages.LanguagesResourceTest" time="0.004"/>
  <system-out><![CDATA[]]></system-out>
  <system-err><![CDATA[]]></system-err>
</testsuite>
