<?xml version="1.0" encoding="UTF-8"?>
<testsuite name="v2.languages.LanguagesResourceTest" tests="4" skipped="0" failures="0" errors="0" timestamp="2023-07-17T23:30:38" hostname="fv-az617-846" time="0.133">
  <properties/>
  <testcase name="test_when_contentInodeIsNotNull_and_throwDotSecurityException" classname="v2.languages.LanguagesResourceTest" time="0.022"/>
  <testcase name="list" classname="v2.languages.LanguagesResourceTest" time="0.1"/>
  <testcase name="test_when_contentInodeIsNotNull_should_listLanguageByInode" classname="v2.languages.LanguagesResourceTest" time="0.002"/>
  <testcase name="test_when_contentInodeIsNotNull_and_throwDotDataException" classname="v2.languages.LanguagesResourceTest" time="0.008"/>
  <system-out><![CDATA[]]></system-out>
  <system-err><![CDATA[]]></system-err>
</testsuite>
