<?xml version="1.0" encoding="UTF-8"?>
<testsuite name="com.dotcms.auth.providers.jwt.factories.SecretKeySpecFactoryTest" tests="1" skipped="0" failures="0" errors="0" timestamp="2023-07-18T20:42:35" hostname="fv-az618-565" time="1.615">
  <properties/>
  <testcase name="readAndPrepareSecret" classname="com.dotcms.auth.providers.jwt.factories.SecretKeySpecFactoryTest" time="1.615"/>
  <system-out><![CDATA[875f20cc34029efd6efabe650bbcd66228b54455f581b9c4fe22203192d72c0299bfc1f0239b18ffbb593b208eb5c6bbad85294fa42ce7d17f7653bd15768c8f
MySecretKey2
MySecretKey3
MySecretKey3
307f3751140af276e97495bbfadd8306acff76c4bc643e13037f1f7e13a244df86b53f6651651a5a8d76910863055732145495c0e5f06c675b78078f57553dd4
e37c579dcc3aeefb43e337357e213ff1bbb017ef1cb939ce12a1782b67534164deea78bd0cbe6badff7b8933025c155c7086f623ed5e4d7f7dbf57658d2649f2
010965325f5420caa5118b5b08d90c90ff0085132b05933340bd150e35b07877262a72c1bac16ac2cb51fa7d4ea1e4e694268c82ef4fd8da97d07885c17f2fc6
]]></system-out>
  <system-err><![CDATA[]]></system-err>
</testsuite>
