<?xml version="1.0" encoding="UTF-8"?>
<testsuite name="com.dotmarketing.portlets.osgi.AJAX.OSGIBaseAJAXTest" tests="3" skipped="0" failures="0" errors="0" timestamp="2023-06-28T16:52:35" hostname="fv-az809-683" time="0.066">
  <properties/>
  <testcase name="TestOnNullCallTheDefaultCommand" classname="com.dotmarketing.portlets.osgi.AJAX.OSGIBaseAJAXTest" time="0.038"/>
  <testcase name="TestNotAllowedCommands" classname="com.dotmarketing.portlets.osgi.AJAX.OSGIBaseAJAXTest" time="0.003"/>
  <testcase name="TestAllowedCommands" classname="com.dotmarketing.portlets.osgi.AJAX.OSGIBaseAJAXTest" time="0.025"/>
  <system-out><![CDATA[ Command ::  forbiddenMethod  on  class Mock for OSGIAJAX, hashCode: 386981181
 Command ::  getExtraPackages  on  class Mock for OSGIAJAX, hashCode: 1474301635
 Command ::  remove  on  class Mock for OSGIAJAX, hashCode: 1474301635
 Command ::  deploy  on  class Mock for OSGIAJAX, hashCode: 1474301635
 Command ::  modifyExtraPackages  on  class Mock for OSGIAJAX, hashCode: 1474301635
 Command ::  undeploy  on  class Mock for OSGIAJAX, hashCode: 1474301635
 Command ::  stop  on  class Mock for OSGIAJAX, hashCode: 1474301635
 Command ::  add  on  class Mock for OSGIAJAX, hashCode: 1474301635
 Command ::  start  on  class Mock for OSGIAJAX, hashCode: 1474301635
 Command ::  restart  on  class Mock for OSGIAJAX, hashCode: 1474301635
 Command ::  action  on  class Mock for OSGIAJAX, hashCode: 1474301635
]]></system-out>
  <system-err><![CDATA[]]></system-err>
</testsuite>
