<?xml version="1.0" encoding="UTF-8"?>
<testsuite name="com.dotmarketing.util.StringUtilsTest" tests="43" skipped="0" failures="0" errors="0" timestamp="2023-07-11T13:33:33" hostname="fv-az1032-278" time="0.155">
  <properties/>
  <testcase name="Test_ConvertCamelToSnake_StringOfLength1Parameter_ShouldReturnLowerCaseString" classname="com.dotmarketing.util.StringUtilsTest" time="0.0"/>
  <testcase name="Test_ConvertCamelToSnake_SnakeCaseStringParameter_ShouldReturnSnakeCaseString" classname="com.dotmarketing.util.StringUtilsTest" time="0.0"/>
  <testcase name="test_Valid_and_Invalid_Sequences" classname="com.dotmarketing.util.StringUtilsTest" time="0.0"/>
  <testcase name="testDoMoreThanOneButWithAMissingParamInterpolate" classname="com.dotmarketing.util.StringUtilsTest" time="0.0"/>
  <testcase name="testIsHtml_WhenIncompleHtml_ShouldBeFalse" classname="com.dotmarketing.util.StringUtilsTest" time="0.0"/>
  <testcase name="testIsHtml_WhenInvalidHtml_ShouldBeFalse" classname="com.dotmarketing.util.StringUtilsTest" time="0.0"/>
  <testcase name="testDoInterpolate" classname="com.dotmarketing.util.StringUtilsTest" time="0.0"/>
  <testcase name="test_camelCaseLower" classname="com.dotmarketing.util.StringUtilsTest" time="0.001"/>
  <testcase name="test_camelCaseUpper" classname="com.dotmarketing.util.StringUtilsTest" time="0.001"/>
  <testcase name="testCheckNull2Interpolate" classname="com.dotmarketing.util.StringUtilsTest" time="0.0"/>
  <testcase name="testDoNothingInterpolate" classname="com.dotmarketing.util.StringUtilsTest" time="0.0"/>
  <testcase name="testCheckNull3Interpolate" classname="com.dotmarketing.util.StringUtilsTest" time="0.0"/>
  <testcase name="Test_Has_White_Spaces" classname="com.dotmarketing.util.StringUtilsTest" time="0.0"/>
  <testcase name="Test_ConvertCamelToSnake_NullParameter_ShouldReturnBlankString" classname="com.dotmarketing.util.StringUtilsTest" time="0.0"/>
  <testcase name="test_getBasePath" classname="com.dotmarketing.util.StringUtilsTest" time="0.007"/>
  <testcase name="testQuotedTextMatch[0: 'Tumblr' is an amazing app, 1]" classname="com.dotmarketing.util.StringUtilsTest" time="0.001"/>
  <testcase name="testQuotedTextMatch[1: Tumblr is an amazing 'app', 1]" classname="com.dotmarketing.util.StringUtilsTest" time="0.001"/>
  <testcase name="testQuotedTextMatch[2: Tumblr is an 'amazing' app, 1]" classname="com.dotmarketing.util.StringUtilsTest" time="0.0"/>
  <testcase name="testQuotedTextMatch[3: Tumblr is 'awesome' and 'amazing' , 2]" classname="com.dotmarketing.util.StringUtilsTest" time="0.0"/>
  <testcase name="testQuotedTextMatch[4: Tumblr's users' are disappointed , 0]" classname="com.dotmarketing.util.StringUtilsTest" time="0.0"/>
  <testcase name="testQuotedTextMatch[5: Tumblr's 'acquisition' complete but users' loyalty doubtful, 1]" classname="com.dotmarketing.util.StringUtilsTest" time="0.0"/>
  <testcase name="testQuotedTextMatch[6: Tumblr's la la la '123 456' text can be hard to parse. , 0]" classname="com.dotmarketing.util.StringUtilsTest" time="0.0"/>
  <testcase name="testQuotedTextMatch[7: ## Container: Blank Container\n## This is autogenerated code that cannot be changed\n#parseContainer('d71d56b4-0a8b-4bb2-be15-ffa5a23366ea','1539784124854')\n, 2]" classname="com.dotmarketing.util.StringUtilsTest" time="0.0"/>
  <testcase name="testQuotedTextMatch[8:  &quot;lol&quot; &quot;Hahaha&quot; , 2]" classname="com.dotmarketing.util.StringUtilsTest" time="0.0"/>
  <testcase name="testQuotedTextMatch[9: ## Container: Blank Container in double quotes \n## This is autogenerated code that cannot be changed\n#parseContainer(&quot;d71d56b4-0a8b-4bb2-be15-ffa5a23366ea&quot;,'1539784124854')\n, 2]" classname="com.dotmarketing.util.StringUtilsTest" time="0.0"/>
  <testcase name="test_Null_Sequence" classname="com.dotmarketing.util.StringUtilsTest" time="0.0"/>
  <testcase name="testCheckNullInterpolate" classname="com.dotmarketing.util.StringUtilsTest" time="0.0"/>
  <testcase name="test_shareSamePath" classname="com.dotmarketing.util.StringUtilsTest" time="0.0"/>
  <testcase name="testDoInterpolateParamsNull" classname="com.dotmarketing.util.StringUtilsTest" time="0.001"/>
  <testcase name="test_Valid_Sequences" classname="com.dotmarketing.util.StringUtilsTest" time="0.0"/>
  <testcase name="Test_ConvertCamelToSnake_CamelCaseStringParameter_ShouldReturnSnakeCaseString" classname="com.dotmarketing.util.StringUtilsTest" time="0.0"/>
  <testcase name="testDoMoreThanOneInterpolate" classname="com.dotmarketing.util.StringUtilsTest" time="0.0"/>
  <testcase name="testDoMoreThanOneButWithARepeatedParamInterpolate" classname="com.dotmarketing.util.StringUtilsTest" time="0.0"/>
  <testcase name="testLowercaseStringExceptMatchingTokens[0: +contentType: (webpagecontent or blog), +contenttype: (webpagecontent or blog)]" classname="com.dotmarketing.util.StringUtilsTest" time="0.0"/>
  <testcase name="testLowercaseStringExceptMatchingTokens[1: +contentType: (webpagecontent OR blog), +contenttype: (webpagecontent OR blog)]" classname="com.dotmarketing.util.StringUtilsTest" time="0.0"/>
  <testcase name="testLowercaseStringExceptMatchingTokens[2: +blog.title:&quot;to live or to die&quot;, +blog.title:&quot;to live or to die&quot;]" classname="com.dotmarketing.util.StringUtilsTest" time="0.0"/>
  <testcase name="testLowercaseStringExceptMatchingTokens[3: +blog.title:&quot;TO live OR to die&quot;, +blog.title:&quot;to live OR to die&quot;]" classname="com.dotmarketing.util.StringUtilsTest" time="0.0"/>
  <testcase name="testLowercaseStringExceptMatchingTokens[4: +blog.title:&quot;to live OR TO die&quot;, +blog.title:&quot;to live OR TO die&quot;]" classname="com.dotmarketing.util.StringUtilsTest" time="0.0"/>
  <testcase name="testDotVar" classname="com.dotmarketing.util.StringUtilsTest" time="0.0"/>
  <testcase name="testIsHtml_WhenIncompleHtml2_ShouldBeFalse" classname="com.dotmarketing.util.StringUtilsTest" time="0.0"/>
  <testcase name="testIsHtml_WhenValidMultiLineHtml_ShouldBeTrue" classname="com.dotmarketing.util.StringUtilsTest" time="0.132"/>
  <testcase name="testIsHtml_WhenValidHtml_ShouldBeTrue" classname="com.dotmarketing.util.StringUtilsTest" time="0.001"/>
  <testcase name="Test_ConvertCamelToSnake_BlankStringParameter_ShouldReturnBlankString" classname="com.dotmarketing.util.StringUtilsTest" time="0.0"/>
  <system-out><![CDATA[customvar_{language-Id}:{sys:user.home}-hostId:{hostId}--{language.Id}>>:{language:I.d}-
]]></system-out>
  <system-err><![CDATA[]]></system-err>
</testsuite>
