<?xml version="1.0" encoding="UTF-8"?>
<testsuite name="com.dotcms.auth.providers.jwt.factories.SecretKeySpecFactoryTest" tests="1" skipped="0" failures="0" errors="0" timestamp="2023-07-07T23:43:39" hostname="fv-az470-332" time="1.732">
  <properties/>
  <testcase name="readAndPrepareSecret" classname="com.dotcms.auth.providers.jwt.factories.SecretKeySpecFactoryTest" time="1.732"/>
  <system-out><![CDATA[2190c97322db75713154fc100d76b6be57fadd34278aea0c4f53954ada40597d407d5124a5caf22202ac2680703b154757740eae2d9b36b82c89642591be165d
MySecretKey2
MySecretKey3
MySecretKey3
a3bb16979dfd63dd0fb8350beef5a9f9071b7a67a3740f0a1be7b932ba2d5f91dc3cca7af2c1eee8d7db323dcc194fd6e421d952f5a07567889470ec97e46235
0df4ae903e04698002099a84f5b16d816e324e4db39632fb4d71f36850ab167abe8aab803fb9b65a20dd0f814b5b69a9ebb8fcbeaa7dd517e39fe8cf3651d6af
c3ec85e8a0b4002fb0da55ab067a85fe3df2e0ba961fdc17837a991f9bb4aeff2299369216114f118dfb82d8f29e7e1947ef8b2dda473a40f9d058a31275b9a9
]]></system-out>
  <system-err><![CDATA[]]></system-err>
</testsuite>
