<?xml version="1.0" encoding="UTF-8"?>
<testsuite name="com.dotmarketing.portlets.osgi.AJAX.OSGIBaseAJAXTest" tests="3" skipped="0" failures="0" errors="0" timestamp="2023-07-08T03:33:14" hostname="fv-az1025-488" time="0.082">
  <properties/>
  <testcase name="TestOnNullCallTheDefaultCommand" classname="com.dotmarketing.portlets.osgi.AJAX.OSGIBaseAJAXTest" time="0.058"/>
  <testcase name="TestNotAllowedCommands" classname="com.dotmarketing.portlets.osgi.AJAX.OSGIBaseAJAXTest" time="0.003"/>
  <testcase name="TestAllowedCommands" classname="com.dotmarketing.portlets.osgi.AJAX.OSGIBaseAJAXTest" time="0.021"/>
  <system-out><![CDATA[ Command ::  forbiddenMethod  on  class Mock for OSGIAJAX, hashCode: 421155519
 Command ::  deploy  on  class Mock for OSGIAJAX, hashCode: 1711080379
 Command ::  remove  on  class Mock for OSGIAJAX, hashCode: 1711080379
 Command ::  getExtraPackages  on  class Mock for OSGIAJAX, hashCode: 1711080379
 Command ::  action  on  class Mock for OSGIAJAX, hashCode: 1711080379
 Command ::  restart  on  class Mock for OSGIAJAX, hashCode: 1711080379
 Command ::  start  on  class Mock for OSGIAJAX, hashCode: 1711080379
 Command ::  add  on  class Mock for OSGIAJAX, hashCode: 1711080379
 Command ::  stop  on  class Mock for OSGIAJAX, hashCode: 1711080379
 Command ::  undeploy  on  class Mock for OSGIAJAX, hashCode: 1711080379
 Command ::  modifyExtraPackages  on  class Mock for OSGIAJAX, hashCode: 1711080379
]]></system-out>
  <system-err><![CDATA[]]></system-err>
</testsuite>
