<?xml version="1.0" encoding="UTF-8"?>
<testsuite name="com.dotcms.filters.interceptor.dotcms.DefaultBackEndLoginRequiredWebInterceptorTest" tests="7" skipped="0" failures="0" errors="0" timestamp="2023-06-23T17:40:35" hostname="fv-az397-542" time="0.414">
  <properties/>
  <testcase name="intercept_isLoggedToBackend_true" classname="com.dotcms.filters.interceptor.dotcms.DefaultBackEndLoginRequiredWebInterceptorTest" time="0.235"/>
  <testcase name="intercept_isLoggedToBackend_false" classname="com.dotcms.filters.interceptor.dotcms.DefaultBackEndLoginRequiredWebInterceptorTest" time="0.119"/>
  <testcase name="test_not_match" classname="com.dotcms.filters.interceptor.dotcms.DefaultBackEndLoginRequiredWebInterceptorTest" time="0.011"/>
  <testcase name="test_anyMatchFilter_invalid" classname="com.dotcms.filters.interceptor.dotcms.DefaultBackEndLoginRequiredWebInterceptorTest" time="0.001"/>
  <testcase name="test_anyMatchFilter_valid" classname="com.dotcms.filters.interceptor.dotcms.DefaultBackEndLoginRequiredWebInterceptorTest" time="0.001"/>
  <testcase name="intercept_allowed_url_no_user" classname="com.dotcms.filters.interceptor.dotcms.DefaultBackEndLoginRequiredWebInterceptorTest" time="0.004"/>
  <testcase name="intercept_restricted_url_no_user" classname="com.dotcms.filters.interceptor.dotcms.DefaultBackEndLoginRequiredWebInterceptorTest" time="0.036"/>
  <system-out><![CDATA[]]></system-out>
  <system-err><![CDATA[]]></system-err>
</testsuite>
