<?xml version="1.0" encoding="UTF-8"?>
<testsuite name="com.dotcms.auth.providers.jwt.factories.SecretKeySpecFactoryTest" tests="1" skipped="0" failures="0" errors="0" timestamp="2023-07-21T16:49:35" hostname="fv-az413-360" time="1.348">
  <properties/>
  <testcase name="readAndPrepareSecret" classname="com.dotcms.auth.providers.jwt.factories.SecretKeySpecFactoryTest" time="1.348"/>
  <system-out><![CDATA[8223027e990acae68ba536e07a84a2261d8d7aab64e6d25bcf73cf3f2f22433a75b73e6ac74fc23700cb201683c2451835219a924d0bec690feb4a24355351ab
MySecretKey2
MySecretKey3
MySecretKey3
2ba2e8f8061f7e550f9302a5646bc81fa3e0e685cbfa4a72401d822260ad1ba9118c558cc96f573c81004995b97001eb08a9ac3de9bde30a7d71f524ce54b573
e11dc0c58387b5588159e2da36dcdb01449279432873e61e714a324ab58e5d915b89be821b7534bc1377632356056416815234e46643f9ea5e8c93815a787f24
81ba761ad854a12515969f73d282cde15f29a4421c307bf10ec261375b8e6557250ffa7137fdef817f307930616171e2c00d38847b633f1d3c05735849644297
]]></system-out>
  <system-err><![CDATA[]]></system-err>
</testsuite>
