<?xml version="1.0" encoding="UTF-8"?>
<testsuite name="com.dotcms.auth.providers.jwt.factories.SecretKeySpecFactoryTest" tests="1" skipped="0" failures="0" errors="0" timestamp="2023-07-18T19:38:40" hostname="fv-az1231-779" time="1.733">
  <properties/>
  <testcase name="readAndPrepareSecret" classname="com.dotcms.auth.providers.jwt.factories.SecretKeySpecFactoryTest" time="1.733"/>
  <system-out><![CDATA[2e4e7180bb7d7614dda995a84d2aa200023aa2c6aa1d46a966d04b313d38ee451e07fc1f158a01d2658b799c9f3196b91ddaf20515828e9554c588fcd9238a21
MySecretKey2
MySecretKey3
MySecretKey3
1c29d9e8353f05f28b4f5e6da5041aa175873e3d54acb4cf77faac8a0734e4efb14a53f349bdb1af86d0ef9af886b47a39b412eb20fcd3e26d3f00f5b4196723
98c08b3691d09f22172a66f112d13e5117cd585761cee193f176b992f642301adc8a8c2400c08fe3fda091b2fb9a14bfbff21dfa36edb0ec3fc8ce19da7e8277
ccea44976906634a36eda423658acd4ea78bcdaec8010fa8d2884fa750ea20f9bf6f59f71860b628351252e2c668eab59d33b1af22933664ddf3fa57a8ff91f0
]]></system-out>
  <system-err><![CDATA[]]></system-err>
</testsuite>
