<?xml version="1.0" encoding="UTF-8"?>
<testsuite name="com.dotcms.auth.providers.jwt.factories.SecretKeySpecFactoryTest" tests="1" skipped="0" failures="0" errors="0" timestamp="2023-06-26T14:58:17" hostname="fv-az216-857" time="1.961">
  <properties/>
  <testcase name="readAndPrepareSecret" classname="com.dotcms.auth.providers.jwt.factories.SecretKeySpecFactoryTest" time="1.961"/>
  <system-out><![CDATA[3b421d3cd66773ffa2ff9cd5f4f19495c60611d3d9a30e809dfa04c9972d318cf4cea5f215989e849cf7603a960e991bbcc373dd2c7d52746674ea41cd589adc
MySecretKey2
MySecretKey3
MySecretKey3
f6bc122c3d19d133d6abea802cda4e2f63d0a51b01dae008f8ee3db704fe72fa6f8550297cac09451919e415db59494028bf5c3ba08177a053f1b2899408a563
9655629fce6c80b89fef0a1e818f59a4363b4dc0ac4fb107e13d7a6250728cb7d609e9e5dc6d0f7cf65c1b5c065487456fba7033df5bfcce533b569aca55365b
8f8a28e8a42f361ad273f0448d9000bc76bba8ff33ef128abdf76e2e1b75280b3fcbd8bf3317034c40f8ba9119c5c78a25ec232d1b4600cdf1d77d12f76e2a6f
]]></system-out>
  <system-err><![CDATA[]]></system-err>
</testsuite>
