<?xml version="1.0" encoding="UTF-8"?>
<testsuite name="com.dotcms.util.diff.DiffCommandTest" tests="2" skipped="0" failures="0" errors="0" timestamp="2023-06-22T23:36:15" hostname="fv-az620-565" time="0.018">
  <properties/>
  <testcase name="applyDiff_Comparable" classname="com.dotcms.util.diff.DiffCommandTest" time="0.016"/>
  <testcase name="applyDiff_Differentiable" classname="com.dotcms.util.diff.DiffCommandTest" time="0.002"/>
  <system-out><![CDATA[{six=six, five=five}
{two=two}
{four=fourxxx, one=onexxx}
{six=com.dotcms.util.diff.DiffCommandTest$StringDifferentiable@5d7ed91c, five=com.dotcms.util.diff.DiffCommandTest$StringDifferentiable@b519010}
{two=com.dotcms.util.diff.DiffCommandTest$StringDifferentiable@6cdd9773}
{four=com.dotcms.util.diff.DiffCommandTest$StringDifferentiable@3b6e779a, one=com.dotcms.util.diff.DiffCommandTest$StringDifferentiable@1073efd2}
]]></system-out>
  <system-err><![CDATA[]]></system-err>
</testsuite>
