<?xml version="1.0" encoding="UTF-8"?>
<testsuite name="com.dotcms.auth.providers.jwt.factories.SecretKeySpecFactoryTest" tests="1" skipped="0" failures="0" errors="0" timestamp="2023-07-18T17:32:49" hostname="fv-az344-517" time="1.558">
  <properties/>
  <testcase name="readAndPrepareSecret" classname="com.dotcms.auth.providers.jwt.factories.SecretKeySpecFactoryTest" time="1.558"/>
  <system-out><![CDATA[4eb089cb6fe45c5b1d853063bd4ffc38dd921006b18e869930dc7628ad5de5d5b6f3b7625f508c7bfb6489a3eada0e204a4c2f471dd286b359e356c172e10b2f
MySecretKey2
MySecretKey3
MySecretKey3
76a32cbb866652b36a93483fc408ead1f6793872e8239694fb8db2041058840850800c170eb545709664862e5f539dc493987f385eb563abafa1cd7b9f6dc518
76e0d058c6729dc0caff090bbd30f9a446d8234cc00d2123702b0cec0ca1435b623feadde26ffbe8a8c48bfd511039e613d9b8c1170d1cb8464cf170960650a0
294c0db9e30431888776e13d56ec3453da4b65aabe4b95cd8f332241d535971552c0ed4255c9bc48941ec9ebb802cca3f09d46995744b3129553fb1e4b09cd46
]]></system-out>
  <system-err><![CDATA[]]></system-err>
</testsuite>
