<?xml version="1.0" encoding="UTF-8"?>
<testsuite name="com.dotcms.auth.providers.jwt.factories.SecretKeySpecFactoryTest" tests="1" skipped="0" failures="0" errors="0" timestamp="2023-07-17T19:49:42" hostname="fv-az193-732" time="1.645">
  <properties/>
  <testcase name="readAndPrepareSecret" classname="com.dotcms.auth.providers.jwt.factories.SecretKeySpecFactoryTest" time="1.645"/>
  <system-out><![CDATA[390f676cf51ea57f0d3836d168721448131ccb53a70ca5aadd3caade20094ef24f40dfb79953a6e72a844b914307887d417982d99f0bd686f79bd7428f48c150
MySecretKey2
MySecretKey3
MySecretKey3
992df9961bf29eb5784309f5a29106760d05164e7be24e973574dacdd527aefe087e107a206a9400e772e527b9a25f06723dbe1d62b97f889ff42fb5c43304f8
09b289cf62e358646b34e710e68831c862f3a3cd12ddbe5c3dcacd607abbdf94230d040cd77b804e255451791be4e2b3b10b6c94c471c9b746907c321ed9a610
28abc38483b6b04fd0e00ddeda31498f2be4dabb482b7a424cdbd2bf306a5387a85b1be3c5f7bac65a8169de60a7b0a58d7994a132f91dd8f8a2bf21b963b138
]]></system-out>
  <system-err><![CDATA[]]></system-err>
</testsuite>
