<?xml version="1.0" encoding="UTF-8"?>
<testsuite name="com.dotmarketing.portlets.rules.conditionlet.PersonaConditionletTest" tests="8" skipped="0" failures="0" errors="0" timestamp="2023-07-14T17:03:13" hostname="fv-az950-408" time="0.009">
  <properties/>
  <testcase name="testComparisons[0: com.dotmarketing.portlets.rules.conditionlet.PersonaConditionletTest$TestCase@71e2632]" classname="com.dotmarketing.portlets.rules.conditionlet.PersonaConditionletTest" time="0.003"/>
  <testcase name="testComparisons[1: com.dotmarketing.portlets.rules.conditionlet.PersonaConditionletTest$TestCase@6de8d277]" classname="com.dotmarketing.portlets.rules.conditionlet.PersonaConditionletTest" time="0.001"/>
  <testcase name="testComparisons[2: com.dotmarketing.portlets.rules.conditionlet.PersonaConditionletTest$TestCase@5df8eb16]" classname="com.dotmarketing.portlets.rules.conditionlet.PersonaConditionletTest" time="0.001"/>
  <testcase name="testComparisons[3: com.dotmarketing.portlets.rules.conditionlet.PersonaConditionletTest$TestCase@6bcce893]" classname="com.dotmarketing.portlets.rules.conditionlet.PersonaConditionletTest" time="0.0"/>
  <testcase name="testCannotValidateWhenComparisonIsNull" classname="com.dotmarketing.portlets.rules.conditionlet.PersonaConditionletTest" time="0.0"/>
  <testcase name="testCannotValidateWhenComparisonNotSet" classname="com.dotmarketing.portlets.rules.conditionlet.PersonaConditionletTest" time="0.0"/>
  <testcase name="testUnsupportedComparisonThrowsException" classname="com.dotmarketing.portlets.rules.conditionlet.PersonaConditionletTest" time="0.001"/>
  <testcase name="testEvaluatesToFalseWhenArgumentsAreEmptyOrMissing" classname="com.dotmarketing.portlets.rules.conditionlet.PersonaConditionletTest" time="0.0"/>
  <system-out><![CDATA[]]></system-out>
  <system-err><![CDATA[]]></system-err>
</testsuite>
