<?xml version="1.0" encoding="UTF-8"?>
<testsuite name="com.dotcms.util.diff.DiffCommandTest" tests="2" skipped="0" failures="0" errors="0" timestamp="2023-06-23T16:52:18" hostname="fv-az354-410" time="0.005">
  <properties/>
  <testcase name="applyDiff_Comparable" classname="com.dotcms.util.diff.DiffCommandTest" time="0.005"/>
  <testcase name="applyDiff_Differentiable" classname="com.dotcms.util.diff.DiffCommandTest" time="0.0"/>
  <system-out><![CDATA[{six=six, five=five}
{two=two}
{four=fourxxx, one=onexxx}
{six=com.dotcms.util.diff.DiffCommandTest$StringDifferentiable@2def416b, five=com.dotcms.util.diff.DiffCommandTest$StringDifferentiable@5d7ed91c}
{two=com.dotcms.util.diff.DiffCommandTest$StringDifferentiable@b519010}
{four=com.dotcms.util.diff.DiffCommandTest$StringDifferentiable@6cdd9773, one=com.dotcms.util.diff.DiffCommandTest$StringDifferentiable@3b6e779a}
]]></system-out>
  <system-err><![CDATA[]]></system-err>
</testsuite>
