<?xml version="1.0" encoding="UTF-8"?>
<testsuite name="com.dotcms.auth.providers.jwt.factories.SecretKeySpecFactoryTest" tests="1" skipped="0" failures="0" errors="0" timestamp="2023-07-12T16:36:55" hostname="fv-az851-740" time="1.666">
  <properties/>
  <testcase name="readAndPrepareSecret" classname="com.dotcms.auth.providers.jwt.factories.SecretKeySpecFactoryTest" time="1.666"/>
  <system-out><![CDATA[21c17b6971969aff9b96939ca1dc3d48594ce988278055e3215044552992ccde9e9b3dc6bc7a57a57989e5d982898da220141468298ab367de33b010dac8c15f
MySecretKey2
MySecretKey3
MySecretKey3
ff48a509503c7c46d0284bf7936bedf82e8865421b9bda758f73b7d470042716076566d4ab79fa61876ad78257f5461736c65b5d83ca25086cb2c7dec26ee66c
2d7b09a91e248f0073fbc403aa52344e66c6f0d63482d9feb1816033af54629999a29baf81c1ea19481e4abe9b2063487c1cafda9dcf0fe0abd9b14440d00b62
5f9219664e163b60326bc87dd8e9393d125ee89ebee521dd088ca91901fe757d1c4a0aa727942fdf6b3121abddb4ab5a2ae6924c3dbc69d1304e62d52f3f5230
]]></system-out>
  <system-err><![CDATA[]]></system-err>
</testsuite>
