<?xml version="1.0" encoding="UTF-8"?>
<testsuite name="com.dotcms.util.diff.DiffCommandTest" tests="2" skipped="0" failures="0" errors="0" timestamp="2023-06-23T22:07:00" hostname="fv-az399-870" time="0.015">
  <properties/>
  <testcase name="applyDiff_Comparable" classname="com.dotcms.util.diff.DiffCommandTest" time="0.014"/>
  <testcase name="applyDiff_Differentiable" classname="com.dotcms.util.diff.DiffCommandTest" time="0.001"/>
  <system-out><![CDATA[{six=six, five=five}
{two=two}
{four=fourxxx, one=onexxx}
{six=com.dotcms.util.diff.DiffCommandTest$StringDifferentiable@131dbd60, five=com.dotcms.util.diff.DiffCommandTest$StringDifferentiable@662525b5}
{two=com.dotcms.util.diff.DiffCommandTest$StringDifferentiable@4d4788bc}
{four=com.dotcms.util.diff.DiffCommandTest$StringDifferentiable@7ea55512, one=com.dotcms.util.diff.DiffCommandTest$StringDifferentiable@2d111b}
]]></system-out>
  <system-err><![CDATA[]]></system-err>
</testsuite>
