<?xml version="1.0" encoding="UTF-8"?>
<testsuite name="com.dotcms.auth.providers.jwt.factories.SecretKeySpecFactoryTest" tests="1" skipped="0" failures="0" errors="0" timestamp="2023-07-10T21:27:20" hostname="fv-az851-866" time="1.556">
  <properties/>
  <testcase name="readAndPrepareSecret" classname="com.dotcms.auth.providers.jwt.factories.SecretKeySpecFactoryTest" time="1.556"/>
  <system-out><![CDATA[0cb7fccf75ee404b65c1450f9686e961eb0df1ff31919fe3fff9cf96efeebc5c9170dd77ff40e2220e091f8eb53f3e99cd865353594afe68611a7ece19c6c542
MySecretKey2
MySecretKey3
MySecretKey3
a6fe8c7d718c22a8dc596c89014bde25ef4a17a9b167334ef3701c8448969fa13fd52aa627fd4dd47359f8023d4df6f6d948ef2dfd5edfa8e5644e5fed6d7d3d
c9681aea81e91f5577d27bf84832f33e7ea531a8e1cca75c5569f8f1232a517144dedd71a78a5166ca730f5eefc5f4d628a8410870a98b4817e53484b7c80278
1a1a550699808736082d1891f16291dd176dfb9311d9d8c43e327fa75bb97e1cc3b24d9cf2f87e83b8df24b3854fbdfa58463867fa1c40f0f1612034c27c5f1c
]]></system-out>
  <system-err><![CDATA[]]></system-err>
</testsuite>
