<?xml version="1.0" encoding="UTF-8"?>
<testsuite name="com.dotcms.auth.providers.jwt.factories.SecretKeySpecFactoryTest" tests="1" skipped="0" failures="0" errors="0" timestamp="2023-06-23T17:38:27" hostname="fv-az397-542" time="1.724">
  <properties/>
  <testcase name="readAndPrepareSecret" classname="com.dotcms.auth.providers.jwt.factories.SecretKeySpecFactoryTest" time="1.724"/>
  <system-out><![CDATA[92d5d928e4d037cb652c119d3aed6dd22364170818bcf582dce8f094942cdcfd9a291589a30d5a8d1cbf3f805b8e00faeb59d2bdc0d489126e4b737ca03d7684
MySecretKey2
MySecretKey3
MySecretKey3
2a3fef2ef92714d48d275ec502346f1d4c3f92f46f6111d8e0fe740f111ab4629021bbaaedfa3bbc25730d20d9efdb9229a0690dfea67b88cbab597bdf9cc241
d759dc3d1872984b726ee28e69efae0c9592d4603096458199dea8eb55cbc79a94b0f9336b7d46fe0f6f1487bd882252afb1d436b4cc64d2910380d8119a1ece
3264425daab4bf39f9c89a357279e27be5b5a1663e9e658418a09eed6f81299acadca638ef4b8d0b70f3826b28e81b0c46173786d0a59ec0882b1039c93fc9cb
]]></system-out>
  <system-err><![CDATA[]]></system-err>
</testsuite>
