<?xml version="1.0" encoding="UTF-8"?>
<testsuite name="com.dotcms.auth.providers.jwt.factories.SecretKeySpecFactoryTest" tests="1" skipped="0" failures="0" errors="0" timestamp="2023-06-27T19:54:46" hostname="fv-az280-259" time="1.444">
  <properties/>
  <testcase name="readAndPrepareSecret" classname="com.dotcms.auth.providers.jwt.factories.SecretKeySpecFactoryTest" time="1.444"/>
  <system-out><![CDATA[d6efd84fd50bbcf6077b474e73095f3dd631d7f217bf42152b03278f7e931ffc27bc66e549aae6a05c7f24cbea7796dddc07ab894717768632258395ad04aeb1
MySecretKey2
MySecretKey3
MySecretKey3
ca78bc125abf6bcdf1e95b9483da770f330bc4b75c6f87053c5598de2a5e7f67f5d2b23168aade544664f46499062f8fae7d10e5dfee58289ff9571a3c89592c
d2560cae3b79be965a339c6166cc8844ff078bb31af1a75fe43c36a2c6749f1a3b2782f49426bcb24f65f3a141068cdc16bd8dedef2d9bb57c42a2d5a01495fc
9e8de3a919660c9e011029646c2f2a5eb29f85bedb062ea3b5b902d64ac0282063e2d02467c8adea81e281cd3ab79b7a8c7b5376249e71ac0bd43d66b090d8db
]]></system-out>
  <system-err><![CDATA[]]></system-err>
</testsuite>
