<?xml version="1.0" encoding="UTF-8"?>
<testsuite name="com.dotcms.util.diff.DiffCommandTest" tests="2" skipped="0" failures="0" errors="0" timestamp="2023-07-20T22:27:46" hostname="fv-az283-961" time="0.006">
  <properties/>
  <testcase name="applyDiff_Comparable" classname="com.dotcms.util.diff.DiffCommandTest" time="0.005"/>
  <testcase name="applyDiff_Differentiable" classname="com.dotcms.util.diff.DiffCommandTest" time="0.001"/>
  <system-out><![CDATA[{six=six, five=five}
{two=two}
{four=fourxxx, one=onexxx}
{six=com.dotcms.util.diff.DiffCommandTest$StringDifferentiable@188bb9d4, five=com.dotcms.util.diff.DiffCommandTest$StringDifferentiable@6d46aae2}
{two=com.dotcms.util.diff.DiffCommandTest$StringDifferentiable@949e92c}
{four=com.dotcms.util.diff.DiffCommandTest$StringDifferentiable@67ebe1cc, one=com.dotcms.util.diff.DiffCommandTest$StringDifferentiable@22ebb1fc}
]]></system-out>
  <system-err><![CDATA[]]></system-err>
</testsuite>
