<?xml version="1.0" encoding="UTF-8"?>
<testsuite name="com.dotcms.util.diff.DiffCommandTest" tests="2" skipped="0" failures="0" errors="0" timestamp="2023-06-30T15:34:02" hostname="fv-az617-677" time="0.005">
  <properties/>
  <testcase name="applyDiff_Comparable" classname="com.dotcms.util.diff.DiffCommandTest" time="0.004"/>
  <testcase name="applyDiff_Differentiable" classname="com.dotcms.util.diff.DiffCommandTest" time="0.001"/>
  <system-out><![CDATA[{six=six, five=five}
{two=two}
{four=fourxxx, one=onexxx}
{six=com.dotcms.util.diff.DiffCommandTest$StringDifferentiable@4236e1c, five=com.dotcms.util.diff.DiffCommandTest$StringDifferentiable@51e7dd81}
{two=com.dotcms.util.diff.DiffCommandTest$StringDifferentiable@2c2e4312}
{four=com.dotcms.util.diff.DiffCommandTest$StringDifferentiable@6971fde4, one=com.dotcms.util.diff.DiffCommandTest$StringDifferentiable@763d2d58}
]]></system-out>
  <system-err><![CDATA[]]></system-err>
</testsuite>
