<?xml version="1.0" encoding="UTF-8"?>
<testsuite name="com.dotmarketing.portlets.osgi.AJAX.OSGIBaseAJAXTest" tests="3" skipped="0" failures="0" errors="0" timestamp="2023-06-26T20:44:04" hostname="fv-az566-551" time="0.072">
  <properties/>
  <testcase name="TestOnNullCallTheDefaultCommand" classname="com.dotmarketing.portlets.osgi.AJAX.OSGIBaseAJAXTest" time="0.046"/>
  <testcase name="TestNotAllowedCommands" classname="com.dotmarketing.portlets.osgi.AJAX.OSGIBaseAJAXTest" time="0.003"/>
  <testcase name="TestAllowedCommands" classname="com.dotmarketing.portlets.osgi.AJAX.OSGIBaseAJAXTest" time="0.021"/>
  <system-out><![CDATA[ Command ::  forbiddenMethod  on  class Mock for OSGIAJAX, hashCode: 1469518912
 Command ::  stop  on  class Mock for OSGIAJAX, hashCode: 915348629
 Command ::  undeploy  on  class Mock for OSGIAJAX, hashCode: 915348629
 Command ::  modifyExtraPackages  on  class Mock for OSGIAJAX, hashCode: 915348629
 Command ::  deploy  on  class Mock for OSGIAJAX, hashCode: 915348629
 Command ::  remove  on  class Mock for OSGIAJAX, hashCode: 915348629
 Command ::  getExtraPackages  on  class Mock for OSGIAJAX, hashCode: 915348629
 Command ::  action  on  class Mock for OSGIAJAX, hashCode: 915348629
 Command ::  restart  on  class Mock for OSGIAJAX, hashCode: 915348629
 Command ::  start  on  class Mock for OSGIAJAX, hashCode: 915348629
 Command ::  add  on  class Mock for OSGIAJAX, hashCode: 915348629
]]></system-out>
  <system-err><![CDATA[]]></system-err>
</testsuite>
