<?xml version="1.0" encoding="UTF-8"?>
<testsuite name="com.dotcms.auth.providers.jwt.factories.SecretKeySpecFactoryTest" tests="1" skipped="0" failures="0" errors="0" timestamp="2023-07-18T19:09:04" hostname="fv-az507-177" time="2.14">
  <properties/>
  <testcase name="readAndPrepareSecret" classname="com.dotcms.auth.providers.jwt.factories.SecretKeySpecFactoryTest" time="2.14"/>
  <system-out><![CDATA[98c56f874951ecfd56eead036c45a5d68b20f8567b7cfb9c4721cba27a2af54b27d39d3b6e06868a92a1ec8e8f31bdab1e9fd6a6d849735cec240708e29288f3
MySecretKey2
MySecretKey3
MySecretKey3
cb8ad46e2cc5849cf2d2489555c6fe97c0224d9986dd27622aaf6adb1a58269a1f42d43f10751e04651124981897c838047c3f9d64ef9d2c28fe882dc6a151ec
d226cffaed75caa7cd64c5c0b5cc77050cdb9f0415a0c60d62b53cd5ba2e4bf59f8a493777374bbe24634b8374086a949d54306761f9a680084e913d7dd43c53
eee798051380ecd4cb2c8657f469e3577d83f528014356e820687f28073d20f91eb5fe38ccf4e912dcf6989d0d3f6521eecee3b6bff04bf40d61b669a0e83f54
]]></system-out>
  <system-err><![CDATA[]]></system-err>
</testsuite>
