<?xml version="1.0" encoding="UTF-8"?>
<testsuite name="com.dotmarketing.portlets.workflows.ajax.WfBaseActionTest" tests="3" skipped="0" failures="0" errors="0" timestamp="2023-06-30T16:19:13" hostname="fv-az267-190" time="0.159">
  <properties/>
  <testcase name="TestOnNullCallTheDefaultCommand" classname="com.dotmarketing.portlets.workflows.ajax.WfBaseActionTest" time="0.128"/>
  <testcase name="TestNotAllowedCommands" classname="com.dotmarketing.portlets.workflows.ajax.WfBaseActionTest" time="0.009"/>
  <testcase name="TestAllowedCommands" classname="com.dotmarketing.portlets.workflows.ajax.WfBaseActionTest" time="0.021"/>
  <system-out><![CDATA[ Command ::  forbiddenMethod  on  class Mock for WfActionAjax, hashCode: 387388206
 Command ::  forbiddenMethod  on  class Mock for WfTaskAjax, hashCode: 2034951470
 Command ::  forbiddenMethod  on  class Mock for WfActionClassAjax, hashCode: 482383339
 Command ::  forbiddenMethod  on  class Mock for WfSchemeAjax, hashCode: 1031560756
 Command ::  forbiddenMethod  on  class Mock for WfRoleStoreAjax, hashCode: 488948467
 Command ::  save  on  class Mock for WfActionAjax, hashCode: 1552819949
 Command ::  delete  on  class Mock for WfActionAjax, hashCode: 1552819949
 Command ::  reorder  on  class Mock for WfActionAjax, hashCode: 1552819949
 Command ::  action  on  class Mock for WfActionAjax, hashCode: 1552819949
 Command ::  add  on  class Mock for WfActionAjax, hashCode: 1552819949
 Command ::  deleteActionForStep  on  class Mock for WfActionAjax, hashCode: 1552819949
 Command ::  executeActions  on  class Mock for WfTaskAjax, hashCode: 1961000845
 Command ::  action  on  class Mock for WfTaskAjax, hashCode: 1961000845
 Command ::  executeAction  on  class Mock for WfTaskAjax, hashCode: 1961000845
 Command ::  action  on  class Mock for WfActionClassAjax, hashCode: 1192215548
 Command ::  reorder  on  class Mock for WfActionClassAjax, hashCode: 1192215548
 Command ::  delete  on  class Mock for WfActionClassAjax, hashCode: 1192215548
 Command ::  save  on  class Mock for WfActionClassAjax, hashCode: 1192215548
 Command ::  add  on  class Mock for WfActionClassAjax, hashCode: 1192215548
 Command ::  save  on  class Mock for WfSchemeAjax, hashCode: 229198938
 Command ::  action  on  class Mock for WfSchemeAjax, hashCode: 229198938
 Command ::  action  on  class Mock for WfRoleStoreAjax, hashCode: 50419413
 Command ::  assignable  on  class Mock for WfRoleStoreAjax, hashCode: 50419413
 Command ::  rolesToJson  on  class Mock for WfRoleStoreAjax, hashCode: 50419413
]]></system-out>
  <system-err><![CDATA[]]></system-err>
</testsuite>
