<?xml version="1.0" encoding="UTF-8"?>
<testsuite name="com.dotmarketing.portlets.osgi.AJAX.OSGIBaseAJAXTest" tests="3" skipped="0" failures="0" errors="0" timestamp="2023-07-18T18:17:00" hostname="fv-az951-536" time="0.129">
  <properties/>
  <testcase name="TestOnNullCallTheDefaultCommand" classname="com.dotmarketing.portlets.osgi.AJAX.OSGIBaseAJAXTest" time="0.107"/>
  <testcase name="TestNotAllowedCommands" classname="com.dotmarketing.portlets.osgi.AJAX.OSGIBaseAJAXTest" time="0.003"/>
  <testcase name="TestAllowedCommands" classname="com.dotmarketing.portlets.osgi.AJAX.OSGIBaseAJAXTest" time="0.015"/>
  <system-out><![CDATA[ Command ::  forbiddenMethod  on  class Mock for OSGIAJAX, hashCode: 430554942
 Command ::  start  on  class Mock for OSGIAJAX, hashCode: 780038208
 Command ::  add  on  class Mock for OSGIAJAX, hashCode: 780038208
 Command ::  stop  on  class Mock for OSGIAJAX, hashCode: 780038208
 Command ::  undeploy  on  class Mock for OSGIAJAX, hashCode: 780038208
 Command ::  modifyExtraPackages  on  class Mock for OSGIAJAX, hashCode: 780038208
 Command ::  deploy  on  class Mock for OSGIAJAX, hashCode: 780038208
 Command ::  remove  on  class Mock for OSGIAJAX, hashCode: 780038208
 Command ::  getExtraPackages  on  class Mock for OSGIAJAX, hashCode: 780038208
 Command ::  action  on  class Mock for OSGIAJAX, hashCode: 780038208
 Command ::  restart  on  class Mock for OSGIAJAX, hashCode: 780038208
]]></system-out>
  <system-err><![CDATA[]]></system-err>
</testsuite>
