<?xml version="1.0" encoding="UTF-8"?>
<testsuite name="com.dotcms.auth.providers.jwt.factories.SecretKeySpecFactoryTest" tests="1" skipped="0" failures="0" errors="0" timestamp="2023-07-19T00:24:19" hostname="fv-az790-550" time="1.424">
  <properties/>
  <testcase name="readAndPrepareSecret" classname="com.dotcms.auth.providers.jwt.factories.SecretKeySpecFactoryTest" time="1.424"/>
  <system-out><![CDATA[81c17f10d7d0c5ff2490e1c2728f4f9781be3e799c947dc2969bfff791b5ef7007f6c2aa6b57ae96d23c6bf83a0504cd13463c88dd246b1851d2f8d773263cf7
MySecretKey2
MySecretKey3
MySecretKey3
1c45150edabb5342a88c09710c8ef13644e2c91d872e7184e8739c91b487605fa43341ff1b78a834c4a981f680a1160fbebd1c92834644df1c3bc8d3f06a5be0
19818d866de5fe7bf253bb33bfe6e771e44f3fe70762f4ee86f97358cb3f0ad71e1251a01c65762594559f4b9a38206234b5224d394b20ba0235d773b11ffaad
841ae13f40ece3829105b9cb55e0fb897e04198b89886550e8465beebe56e3109a82a1ef50d534f80385da7c59afaf03175b885be2fa7a367b9dd95a13af5330
]]></system-out>
  <system-err><![CDATA[]]></system-err>
</testsuite>
