<?xml version="1.0" encoding="UTF-8"?>
<testsuite name="com.dotcms.auth.providers.jwt.factories.SecretKeySpecFactoryTest" tests="1" skipped="0" failures="0" errors="0" timestamp="2023-07-11T17:30:34" hostname="fv-az586-284" time="2.337">
  <properties/>
  <testcase name="readAndPrepareSecret" classname="com.dotcms.auth.providers.jwt.factories.SecretKeySpecFactoryTest" time="2.337"/>
  <system-out><![CDATA[bc72136a7e46de00b3e129c553146c76ffc1491ecf938afb26af9103aada2912ee513b98dd43785795a9206cacf564ff9c9da943b15fab63ab2f4d61edaea828
MySecretKey2
MySecretKey3
MySecretKey3
0c8cb12b62fccff0926cea6830d383dbbb1a9a2b09f1611e49148a9349584bb375750cceae6026044839ed44dfbe86f11fc8b0f4aa88a67340116f0c17095680
7d1540e691638bca5efca1b8b72bbc0a70a3956030978346fa44c2a5dad75176a24ee5c59067af8ee971ff6bacd3cfe807f1cf379ba266356a16d5371b720a9e
7865aa5c1f47e2884ca3b014f0dbc0931b681fff447b3d5ca36dc2a97a3e3770f791344939fd5b9bef924fdcd7a105e420c66f0c6f5303c195dd83dd75fefd0f
]]></system-out>
  <system-err><![CDATA[]]></system-err>
</testsuite>
