<?xml version="1.0" encoding="UTF-8"?>
<testsuite name="com.dotcms.auth.providers.jwt.factories.SecretKeySpecFactoryTest" tests="1" skipped="0" failures="0" errors="0" timestamp="2023-06-29T19:21:04" hostname="fv-az397-405" time="1.391">
  <properties/>
  <testcase name="readAndPrepareSecret" classname="com.dotcms.auth.providers.jwt.factories.SecretKeySpecFactoryTest" time="1.391"/>
  <system-out><![CDATA[ba86f05317b1c346d228b3623a3a72ba8029f74d714c1339a417759f3b7b190be8f5be447544b712d61ded06b48b72bf4b5d92596ce38a1a61ed2b43620fc46c
MySecretKey2
MySecretKey3
MySecretKey3
eb05b13a546e9d1956f805adfb04bc45e19bb6d8f2835732a22abb74ceebf4a2878949a8ca9c5e01dcbe3ab3ee6b8309cc7fa586dd3d46c316db6f3c9884458b
f0e817e00d82469d76b10782c7c5e202fe3c37d48bb3be527a745c7de8bdda4770d556ba845ac3f4ad02b4615501bf085199edbe20565b01d5ba1688045dd072
b52bb16c2b7f193afdb78f02b12992667762862200a825f9602ef1ae3ec066d47039211f4fde3ed75cf5009d3cdb1b2154e1171912f7ee8f2d7ee796bd85f663
]]></system-out>
  <system-err><![CDATA[]]></system-err>
</testsuite>
