<?xml version="1.0" encoding="UTF-8"?>
<testsuite name="com.dotcms.util.pagination.SiteViewPaginatorUnitTest" tests="2" skipped="0" failures="0" errors="0" timestamp="2023-07-12T18:38:09" hostname="fv-az955-357" time="0.266">
  <properties/>
  <testcase name="Test_Get_Items_Sorted_Pages" classname="com.dotcms.util.pagination.SiteViewPaginatorUnitTest" time="0.218"/>
  <testcase name="Test_Get_Items_Page_Size" classname="com.dotcms.util.pagination.SiteViewPaginatorUnitTest" time="0.048"/>
  <system-out><![CDATA[SYSTEM_HOST
0
2
3
5
6
7
]]></system-out>
  <system-err><![CDATA[]]></system-err>
</testsuite>
