<?xml version="1.0" encoding="UTF-8"?>
<testsuite name="com.dotcms.auth.providers.jwt.factories.SecretKeySpecFactoryTest" tests="1" skipped="0" failures="0" errors="0" timestamp="2023-07-11T18:46:50" hostname="fv-az1025-488" time="1.711">
  <properties/>
  <testcase name="readAndPrepareSecret" classname="com.dotcms.auth.providers.jwt.factories.SecretKeySpecFactoryTest" time="1.711"/>
  <system-out><![CDATA[ac0e505b10c2e6fe10a9a074eff552eb171feff56a1851c3ec2a09ff80f74b304bd1125b5955835ad2b80065f76a9bfa9e3f0e4db2f3497498104eecbb17bbd7
MySecretKey2
MySecretKey3
MySecretKey3
00f9cb1184e5d0a4c62b157de09265024288af91bc0318ad096951d70bac09a0a6cab450d718ca4cec76aa2e3c6d9f36cf685a9f46e16ffe4c1d89ab0a053f56
3286bd8059356b96356de20644ddf8a13c625c07a3a069a1ff0b9e58925aa683c50643704f8377c979cf0cbdd86b71b486dad752ae7ee63e31b959c0f147f2ba
2ff07688f0e049c3343db5cfd618c841322d27cfca83869f8259c9511fda78bd74fd1029a3f9ee00fb3ea710dc517887bfda852152aac86c16f556857c127a0d
]]></system-out>
  <system-err><![CDATA[]]></system-err>
</testsuite>
