<?xml version="1.0" encoding="UTF-8"?>
<testsuite name="com.dotcms.util.pagination.SiteViewPaginatorUnitTest" tests="2" skipped="0" failures="0" errors="0" timestamp="2023-07-18T18:33:14" hostname="fv-az621-121" time="0.127">
  <properties/>
  <testcase name="Test_Get_Items_Sorted_Pages" classname="com.dotcms.util.pagination.SiteViewPaginatorUnitTest" time="0.093"/>
  <testcase name="Test_Get_Items_Page_Size" classname="com.dotcms.util.pagination.SiteViewPaginatorUnitTest" time="0.033"/>
  <system-out><![CDATA[SYSTEM_HOST
0
1
2
3
5
]]></system-out>
  <system-err><![CDATA[]]></system-err>
</testsuite>
