<?xml version="1.0" encoding="UTF-8"?>
<testsuite name="com.dotcms.rest.api.v1.site.SiteResourceTest" tests="4" skipped="0" failures="0" errors="0" timestamp="2023-07-12T18:55:27" hostname="fv-az341-475" time="0.257">
  <properties/>
  <testcase name="testCurrentSites" classname="com.dotcms.rest.api.v1.site.SiteResourceTest" time="0.222"/>
  <testcase name="testSwitchNullEmptyAndInvalidFilter" classname="com.dotcms.rest.api.v1.site.SiteResourceTest" time="0.021"/>
  <testcase name="testSwitchExistingHost" classname="com.dotcms.rest.api.v1.site.SiteResourceTest" time="0.008"/>
  <testcase name="testNullAndEmptyFilter" classname="com.dotcms.rest.api.v1.site.SiteResourceTest" time="0.004"/>
  <system-out><![CDATA[OutboundJaxrsResponse{status=500, reason=Internal Server Error, hasEntity=true, closed=false, buffered=false}
{message=null}
OutboundJaxrsResponse{status=404, reason=Not Found, hasEntity=false, closed=false, buffered=false}
null
OutboundJaxrsResponse{status=404, reason=Not Found, hasEntity=false, closed=false, buffered=false}
null
OutboundJaxrsResponse{status=404, reason=Not Found, hasEntity=false, closed=false, buffered=false}
null
OutboundJaxrsResponse{status=200, reason=OK, hasEntity=true, closed=false, buffered=false}
ResponseEntityView{errors=[], entity={hostSwitched=true}, messages=[], i18nMessagesMap={}, pagination=null}
{CMS_SELECTED_HOST_ID=48190c8c-42c4-46af-8d1a-0cd5db894798}
]]></system-out>
  <system-err><![CDATA[]]></system-err>
</testsuite>
