<?xml version="1.0" encoding="UTF-8"?>
<testsuite name="com.dotcms.concurrent.DotConcurrentFactoryTest" tests="7" skipped="0" failures="0" errors="0" timestamp="2023-07-11T05:44:51" hostname="fv-az612-31" time="62.79">
  <properties/>
  <testcase name="testDefaultOne_Submitter_Config_shutdown_keep_config" classname="com.dotcms.concurrent.DotConcurrentFactoryTest" time="15.275"/>
  <testcase name="testDefaultOne_Submitter_Config" classname="com.dotcms.concurrent.DotConcurrentFactoryTest" time="15.243"/>
  <testcase name="test_delayed_queue" classname="com.dotcms.concurrent.DotConcurrentFactoryTest" time="2.001"/>
  <testcase name="testDefaultOne" classname="com.dotcms.concurrent.DotConcurrentFactoryTest" time="3.214"/>
  <testcase name="test_Conditional_Submitter" classname="com.dotcms.concurrent.DotConcurrentFactoryTest" time="16.018"/>
  <testcase name="testDefaultOne_Single_Submitter_Config" classname="com.dotcms.concurrent.DotConcurrentFactoryTest" time="10.01"/>
  <testcase name="testSubmit_Single_Submitter_Config" classname="com.dotcms.concurrent.DotConcurrentFactoryTest" time="1.023"/>
  <system-out><![CDATA[DotConcurrentImpl{threadPoolExecutor=name = testsubmitter {com.dotcms.concurrent.DotConcurrentFactory$DotThreadPoolExecutor@70cd83f5[Running, pool size = 0, active threads = 0, queued tasks = 0, completed tasks = 0]}
MaximumPoolSize=4
keepAliveMillis=60000
queue=[]
shutdown=false}
DotConcurrentImpl{threadPoolExecutor=name = testsubmitter {com.dotcms.concurrent.DotConcurrentFactory$DotThreadPoolExecutor@70cd83f5[Running, pool size = 0, active threads = 0, queued tasks = 0, completed tasks = 0]}
MaximumPoolSize=4
keepAliveMillis=60000
queue=[]
shutdown=false}
DotConcurrentImpl{threadPoolExecutor=name = testsubmitter {com.dotcms.concurrent.DotConcurrentFactory$DotThreadPoolExecutor@70cd83f5[Running, pool size = 2, active threads = 2, queued tasks = 8, completed tasks = 0]}
MaximumPoolSize=4
keepAliveMillis=60000
queue=[com.dotcms.concurrent.DotConcurrentFactoryTest$PrintTask@26e84a9a, com.dotcms.concurrent.DotConcurrentFactoryTest$PrintTask@5f0c0ef5, com.dotcms.concurrent.DotConcurrentFactoryTest$PrintTask@3a400ce6, com.dotcms.concurrent.DotConcurrentFactoryTest$PrintTask@3ed09d54, com.dotcms.concurrent.DotConcurrentFactoryTest$PrintTask@5a08ac8e, com.dotcms.concurrent.DotConcurrentFactoryTest$PrintTask@654c6a9c, com.dotcms.concurrent.DotConcurrentFactoryTest$PrintTask@5fd16def, com.dotcms.concurrent.DotConcurrentFactoryTest$PrintTask@65d1617c]
shutdown=false}
DotConcurrentImpl{threadPoolExecutor=name = testsubmitter {com.dotcms.concurrent.DotConcurrentFactory$DotThreadPoolExecutor@70cd83f5[Running, pool size = 2, active threads = 2, queued tasks = 18, completed tasks = 0]}
MaximumPoolSize=4
keepAliveMillis=60000
queue=[com.dotcms.concurrent.DotConcurrentFactoryTest$PrintTask@26e84a9a, com.dotcms.concurrent.DotConcurrentFactoryTest$PrintTask@5f0c0ef5, com.dotcms.concurrent.DotConcurrentFactoryTest$PrintTask@3a400ce6, com.dotcms.concurrent.DotConcurrentFactoryTest$PrintTask@3ed09d54, com.dotcms.concurrent.DotConcurrentFactoryTest$PrintTask@5a08ac8e, com.dotcms.concurrent.DotConcurrentFactoryTest$PrintTask@654c6a9c, com.dotcms.concurrent.DotConcurrentFactoryTest$PrintTask@5fd16def, com.dotcms.concurrent.DotConcurrentFactoryTest$PrintTask@65d1617c, com.dotcms.concurrent.DotConcurrentFactoryTest$PrintTask@7a22dd94, com.dotcms.concurrent.DotConcurrentFactoryTest$PrintTask@7cbc50c6, com.dotcms.concurrent.DotConcurrentFactoryTest$PrintTask@28d6f4ab, com.dotcms.concurrent.DotConcurrentFactoryTest$PrintTask@46e2ba4c, com.dotcms.concurrent.DotConcurrentFactoryTest$PrintTask@2ac00179, com.dotcms.concurrent.DotConcurrentFactoryTest$PrintTask@34644e87, com.dotcms.concurrent.DotConcurrentFactoryTest$PrintTask@2b08970c, com.dotcms.concurrent.DotConcurrentFactoryTest$PrintTask@786b78fb, com.dotcms.concurrent.DotConcurrentFactoryTest$PrintTask@520a7546, com.dotcms.concurrent.DotConcurrentFactoryTest$PrintTask@440c09f6]
shutdown=false}
DotConcurrentImpl{threadPoolExecutor=name = testsubmitter {com.dotcms.concurrent.DotConcurrentFactory$DotThreadPoolExecutor@70cd83f5[Running, pool size = 2, active threads = 2, queued tasks = 28, completed tasks = 0]}
MaximumPoolSize=4
keepAliveMillis=60000
queue=[com.dotcms.concurrent.DotConcurrentFactoryTest$PrintTask@26e84a9a, com.dotcms.concurrent.DotConcurrentFactoryTest$PrintTask@5f0c0ef5, com.dotcms.concurrent.DotConcurrentFactoryTest$PrintTask@3a400ce6, com.dotcms.concurrent.DotConcurrentFactoryTest$PrintTask@3ed09d54, com.dotcms.concurrent.DotConcurrentFactoryTest$PrintTask@5a08ac8e, com.dotcms.concurrent.DotConcurrentFactoryTest$PrintTask@654c6a9c, com.dotcms.concurrent.DotConcurrentFactoryTest$PrintTask@5fd16def, com.dotcms.concurrent.DotConcurrentFactoryTest$PrintTask@65d1617c, com.dotcms.concurrent.DotConcurrentFactoryTest$PrintTask@7a22dd94, com.dotcms.concurrent.DotConcurrentFactoryTest$PrintTask@7cbc50c6, com.dotcms.concurrent.DotConcurrentFactoryTest$PrintTask@28d6f4ab, com.dotcms.concurrent.DotConcurrentFactoryTest$PrintTask@46e2ba4c, com.dotcms.concurrent.DotConcurrentFactoryTest$PrintTask@2ac00179, com.dotcms.concurrent.DotConcurrentFactoryTest$PrintTask@34644e87, com.dotcms.concurrent.DotConcurrentFactoryTest$PrintTask@2b08970c, com.dotcms.concurrent.DotConcurrentFactoryTest$PrintTask@786b78fb, com.dotcms.concurrent.DotConcurrentFactoryTest$PrintTask@520a7546, com.dotcms.concurrent.DotConcurrentFactoryTest$PrintTask@440c09f6, com.dotcms.concurrent.DotConcurrentFactoryTest$PrintTask@2bd3568c, com.dotcms.concurrent.DotConcurrentFactoryTest$PrintTask@85c4fad, com.dotcms.concurrent.DotConcurrentFactoryTest$PrintTask@97dbba5, com.dotcms.concurrent.DotConcurrentFactoryTest$PrintTask@2d9a40c5, com.dotcms.concurrent.DotConcurrentFactoryTest$PrintTask@1ccc04cc, com.dotcms.concurrent.DotConcurrentFactoryTest$PrintTask@768711df, com.dotcms.concurrent.DotConcurrentFactoryTest$PrintTask@12c33c39, com.dotcms.concurrent.DotConcurrentFactoryTest$PrintTask@6d20cacc, com.dotcms.concurrent.DotConcurrentFactoryTest$PrintTask@113649c0, com.dotcms.concurrent.DotConcurrentFactoryTest$PrintTask@5ff1bbd0]
shutdown=false}
Active Threads : 2
Thread0 is running
Thread1 is running
Active Threads : 2
Active Threads : 2
Active Threads : 2
Active Threads : 2
Active Threads : 2
Thread0 is running
Thread2 is running
Thread1 is running
Thread3 is running
Active Threads : 2
Active Threads : 2
Active Threads : 2
Active Threads : 2
Thread2 is running
Thread4 is running
Active Threads : 2
Thread3 is running
Thread5 is running
Active Threads : 2
Active Threads : 2
Active Threads : 2
Active Threads : 2
Thread4 is running
Thread6 is running
Thread5 is running
Thread7 is running
Active Threads : 2
Active Threads : 2
Active Threads : 2
Active Threads : 2
Active Threads : 2
Thread6 is running
Thread8 is running
Thread7 is running
Thread9 is running
Active Threads : 2
Active Threads : 2
Active Threads : 2
Active Threads : 2
Active Threads : 2
Thread8 is running
Thread10 is running
Thread9 is running
Thread11 is running
Active Threads : 2
Active Threads : 2
Active Threads : 2
Active Threads : 2
Active Threads : 2
Thread10 is running
Thread12 is running
Thread11 is running
Thread13 is running
Active Threads : 2
Active Threads : 2
Active Threads : 2
Active Threads : 2
Active Threads : 2
Thread12 is running
Thread14 is running
Thread13 is running
Thread15 is running
Active Threads : 2
Active Threads : 2
Active Threads : 2
Active Threads : 2
Active Threads : 2
Thread14 is running
Thread16 is running
Thread15 is running
Thread17 is running
Active Threads : 2
Active Threads : 2
Active Threads : 2
Active Threads : 2
Active Threads : 2
Thread16 is running
Thread18 is running
Thread17 is running
Thread19 is running
Active Threads : 2
Active Threads : 2
Active Threads : 2
Active Threads : 2
Active Threads : 2
Thread18 is running
Thread20 is running
Thread19 is running
Thread21 is running
Active Threads : 2
Active Threads : 2
Active Threads : 2
Active Threads : 2
Active Threads : 2
Thread20 is running
Thread22 is running
Thread21 is running
Thread23 is running
Active Threads : 2
Active Threads : 2
Active Threads : 2
Active Threads : 2
Active Threads : 2
Thread22 is running
Thread24 is running
Thread23 is running
Thread25 is running
Active Threads : 2
Active Threads : 2
Active Threads : 2
Active Threads : 2
Active Threads : 2
Thread24 is running
Thread26 is running
Thread25 is running
Thread27 is running
Active Threads : 2
Active Threads : 2
Active Threads : 2
Active Threads : 2
Active Threads : 2
Thread26 is running
Thread28 is running
Thread27 is running
Thread29 is running
Active Threads : 2
Active Threads : 2
Active Threads : 2
Active Threads : 2
Active Threads : 2
Thread28 is running
Thread30 is running
Thread29 is running
Thread31 is running
Active Threads : 2
Active Threads : 2
Active Threads : 2
Active Threads : 2
Active Threads : 2
Thread30 is running
Thread32 is running
Thread31 is running
Thread33 is running
Active Threads : 2
Active Threads : 2
Active Threads : 2
Active Threads : 2
Active Threads : 2
Thread32 is running
Thread33 is running
Thread34 is running
Thread35 is running
Active Threads : 2
Active Threads : 2
Active Threads : 2
Active Threads : 2
Active Threads : 2
Thread34 is running
Thread35 is running
Thread37 is running
Thread36 is running
Active Threads : 2
Active Threads : 2
Active Threads : 2
Active Threads : 2
Active Threads : 2
Thread37 is running
Thread36 is running
Thread38 is running
Thread39 is running
Active Threads : 2
Active Threads : 2
Active Threads : 2
Active Threads : 2
Active Threads : 2
Thread38 is running
Thread39 is running
Active Threads : 0
Staring a new one submitterDotConcurrentImpl{threadPoolExecutor=name = testsubmitter {com.dotcms.concurrent.DotConcurrentFactory$DotThreadPoolExecutor@3fc5b01e[Running, pool size = 0, active threads = 0, queued tasks = 0, completed tasks = 0]}
MaximumPoolSize=4
keepAliveMillis=60000
queue=[]
shutdown=false}
Thread0 is running
Active Threads : 2
Thread1 is running
Active Threads : 2
Active Threads : 2
Active Threads : 2
Active Threads : 2
Thread0 is running
Thread2 is running
Thread1 is running
Thread3 is running
Active Threads : 2
Active Threads : 2
Active Threads : 2
Active Threads : 2
Active Threads : 2
Thread2 is running
Thread4 is running
Thread3 is running
Thread5 is running
Active Threads : 2
Active Threads : 2
Active Threads : 2
Active Threads : 2
Active Threads : 2
Thread4 is running
Thread6 is running
Thread5 is running
Thread7 is running
Active Threads : 2
Active Threads : 2
Active Threads : 2
Active Threads : 2
Active Threads : 2
Thread6 is running
Thread8 is running
Thread7 is running
Thread9 is running
Active Threads : 2
Active Threads : 2
Active Threads : 2
Active Threads : 2
Active Threads : 2
Thread8 is running
Thread9 is running
Thread10 is running
Thread11 is running
Active Threads : 2
Active Threads : 2
Active Threads : 2
Active Threads : 2
Active Threads : 2
Thread11 is running
Thread10 is running
Thread12 is running
Thread13 is running
Active Threads : 2
Active Threads : 2
Active Threads : 2
Active Threads : 2
Active Threads : 2
Thread13 is running
Thread14 is running
Thread12 is running
Thread15 is running
Active Threads : 2
Active Threads : 2
Active Threads : 2
Active Threads : 2
Active Threads : 2
Thread14 is running
Thread15 is running
Thread16 is running
Thread17 is running
Active Threads : 2
Active Threads : 2
Active Threads : 2
Active Threads : 2
Active Threads : 2
Thread16 is running
Thread17 is running
Thread18 is running
Thread19 is running
Active Threads : 2
Active Threads : 2
Active Threads : 2
Active Threads : 2
Active Threads : 2
Thread19 is running
Thread18 is running
Active Threads : 0
DotConcurrentImpl{threadPoolExecutor=name = testsubmitter {com.dotcms.concurrent.DotConcurrentFactory$DotThreadPoolExecutor@23094dc3[Running, pool size = 0, active threads = 0, queued tasks = 0, completed tasks = 0]}
MaximumPoolSize=4
keepAliveMillis=60000
queue=[]
shutdown=false}
DotConcurrentImpl{threadPoolExecutor=name = testsubmitter {com.dotcms.concurrent.DotConcurrentFactory$DotThreadPoolExecutor@23094dc3[Running, pool size = 0, active threads = 0, queued tasks = 0, completed tasks = 0]}
MaximumPoolSize=4
keepAliveMillis=60000
queue=[]
shutdown=false}
Thread0 is running
DotConcurrentImpl{threadPoolExecutor=name = testsubmitter {com.dotcms.concurrent.DotConcurrentFactory$DotThreadPoolExecutor@23094dc3[Running, pool size = 2, active threads = 2, queued tasks = 8, completed tasks = 0]}
MaximumPoolSize=4
keepAliveMillis=60000
queue=[com.dotcms.concurrent.DotConcurrentFactoryTest$PrintTask@323060cc, com.dotcms.concurrent.DotConcurrentFactoryTest$PrintTask@4729f16d, com.dotcms.concurrent.DotConcurrentFactoryTest$PrintTask@34d42298, com.dotcms.concurrent.DotConcurrentFactoryTest$PrintTask@1d0af20e, com.dotcms.concurrent.DotConcurrentFactoryTest$PrintTask@2c8dc763, com.dotcms.concurrent.DotConcurrentFactoryTest$PrintTask@24a7e906, com.dotcms.concurrent.DotConcurrentFactoryTest$PrintTask@31f2cfe8, com.dotcms.concurrent.DotConcurrentFactoryTest$PrintTask@7b22c15a]
shutdown=false}
DotConcurrentImpl{threadPoolExecutor=name = testsubmitter {com.dotcms.concurrent.DotConcurrentFactory$DotThreadPoolExecutor@23094dc3[Running, pool size = 2, active threads = 2, queued tasks = 18, completed tasks = 0]}
MaximumPoolSize=4
keepAliveMillis=60000
queue=[com.dotcms.concurrent.DotConcurrentFactoryTest$PrintTask@323060cc, com.dotcms.concurrent.DotConcurrentFactoryTest$PrintTask@4729f16d, com.dotcms.concurrent.DotConcurrentFactoryTest$PrintTask@34d42298, com.dotcms.concurrent.DotConcurrentFactoryTest$PrintTask@1d0af20e, com.dotcms.concurrent.DotConcurrentFactoryTest$PrintTask@2c8dc763, com.dotcms.concurrent.DotConcurrentFactoryTest$PrintTask@24a7e906, com.dotcms.concurrent.DotConcurrentFactoryTest$PrintTask@31f2cfe8, com.dotcms.concurrent.DotConcurrentFactoryTest$PrintTask@7b22c15a, com.dotcms.concurrent.DotConcurrentFactoryTest$PrintTask@3956b782, com.dotcms.concurrent.DotConcurrentFactoryTest$PrintTask@22a28677, com.dotcms.concurrent.DotConcurrentFactoryTest$PrintTask@5088044, com.dotcms.concurrent.DotConcurrentFactoryTest$PrintTask@68cdb9ae, com.dotcms.concurrent.DotConcurrentFactoryTest$PrintTask@64abe992, com.dotcms.concurrent.DotConcurrentFactoryTest$PrintTask@520c4a4e, com.dotcms.concurrent.DotConcurrentFactoryTest$PrintTask@1347eaeb, com.dotcms.concurrent.DotConcurrentFactoryTest$PrintTask@16c221e4, com.dotcms.concurrent.DotConcurrentFactoryTest$PrintTask@2d1eadd7, com.dotcms.concurrent.DotConcurrentFactoryTest$PrintTask@1d70dc00]
shutdown=false}
DotConcurrentImpl{threadPoolExecutor=name = testsubmitter {com.dotcms.concurrent.DotConcurrentFactory$DotThreadPoolExecutor@23094dc3[Running, pool size = 2, active threads = 2, queued tasks = 28, completed tasks = 0]}
MaximumPoolSize=4
keepAliveMillis=60000
queue=[com.dotcms.concurrent.DotConcurrentFactoryTest$PrintTask@323060cc, com.dotcms.concurrent.DotConcurrentFactoryTest$PrintTask@4729f16d, com.dotcms.concurrent.DotConcurrentFactoryTest$PrintTask@34d42298, com.dotcms.concurrent.DotConcurrentFactoryTest$PrintTask@1d0af20e, com.dotcms.concurrent.DotConcurrentFactoryTest$PrintTask@2c8dc763, com.dotcms.concurrent.DotConcurrentFactoryTest$PrintTask@24a7e906, com.dotcms.concurrent.DotConcurrentFactoryTest$PrintTask@31f2cfe8, com.dotcms.concurrent.DotConcurrentFactoryTest$PrintTask@7b22c15a, com.dotcms.concurrent.DotConcurrentFactoryTest$PrintTask@3956b782, com.dotcms.concurrent.DotConcurrentFactoryTest$PrintTask@22a28677, com.dotcms.concurrent.DotConcurrentFactoryTest$PrintTask@5088044, com.dotcms.concurrent.DotConcurrentFactoryTest$PrintTask@68cdb9ae, com.dotcms.concurrent.DotConcurrentFactoryTest$PrintTask@64abe992, com.dotcms.concurrent.DotConcurrentFactoryTest$PrintTask@520c4a4e, com.dotcms.concurrent.DotConcurrentFactoryTest$PrintTask@1347eaeb, com.dotcms.concurrent.DotConcurrentFactoryTest$PrintTask@16c221e4, com.dotcms.concurrent.DotConcurrentFactoryTest$PrintTask@2d1eadd7, com.dotcms.concurrent.DotConcurrentFactoryTest$PrintTask@1d70dc00, com.dotcms.concurrent.DotConcurrentFactoryTest$PrintTask@314c6df7, com.dotcms.concurrent.DotConcurrentFactoryTest$PrintTask@3606b73b, com.dotcms.concurrent.DotConcurrentFactoryTest$PrintTask@6e2ed439, com.dotcms.concurrent.DotConcurrentFactoryTest$PrintTask@75a59520, com.dotcms.concurrent.DotConcurrentFactoryTest$PrintTask@27546db6, com.dotcms.concurrent.DotConcurrentFactoryTest$PrintTask@24e8a908, com.dotcms.concurrent.DotConcurrentFactoryTest$PrintTask@3c7f2eb0, com.dotcms.concurrent.DotConcurrentFactoryTest$PrintTask@652aa08a, com.dotcms.concurrent.DotConcurrentFactoryTest$PrintTask@61175844, com.dotcms.concurrent.DotConcurrentFactoryTest$PrintTask@560d87]
shutdown=false}
Active Threads : 2
Thread1 is running
Active Threads : 2
Active Threads : 2
Active Threads : 2
Active Threads : 2
Thread0 is running
Thread2 is running
Thread1 is running
Thread3 is running
Active Threads : 2
Active Threads : 2
Active Threads : 2
Active Threads : 2
Active Threads : 2
Thread2 is running
Thread4 is running
Thread3 is running
Thread5 is running
Active Threads : 2
Active Threads : 2
Active Threads : 2
Active Threads : 2
Active Threads : 2
Thread4 is running
Thread6 is running
Thread5 is running
Thread7 is running
Active Threads : 2
Active Threads : 2
Active Threads : 2
Active Threads : 2
Active Threads : 2
Thread6 is running
Thread8 is running
Thread7 is running
Thread9 is running
Active Threads : 2
Active Threads : 2
Active Threads : 2
Active Threads : 2
Active Threads : 2
Thread8 is running
Thread10 is running
Thread9 is running
Thread11 is running
Active Threads : 2
Active Threads : 2
Active Threads : 2
Active Threads : 2
Active Threads : 2
Thread10 is running
Thread12 is running
Thread11 is running
Thread13 is running
Active Threads : 2
Active Threads : 2
Active Threads : 2
Active Threads : 2
Active Threads : 2
Thread12 is running
Thread14 is running
Thread13 is running
Thread15 is running
Active Threads : 2
Active Threads : 2
Active Threads : 2
Active Threads : 2
Active Threads : 2
Thread14 is running
Thread16 is running
Thread15 is running
Thread17 is running
Active Threads : 2
Active Threads : 2
Active Threads : 2
Active Threads : 2
Active Threads : 2
Thread16 is running
Thread18 is running
Thread17 is running
Thread19 is running
Active Threads : 2
Active Threads : 2
Active Threads : 2
Active Threads : 2
Active Threads : 2
Thread18 is running
Thread20 is running
Thread19 is running
Thread21 is running
Active Threads : 2
Active Threads : 2
Active Threads : 2
Active Threads : 2
Active Threads : 2
Thread20 is running
Thread21 is running
Thread22 is running
Thread23 is running
Active Threads : 2
Active Threads : 2
Active Threads : 2
Active Threads : 2
Active Threads : 2
Thread22 is running
Thread24 is running
Thread23 is running
Thread25 is running
Active Threads : 2
Active Threads : 2
Active Threads : 2
Active Threads : 2
Active Threads : 2
Thread24 is running
Thread25 is running
Thread26 is running
Thread27 is running
Active Threads : 2
Active Threads : 2
Active Threads : 2
Active Threads : 2
Active Threads : 2
Thread26 is running
Thread27 is running
Thread28 is running
Thread29 is running
Active Threads : 2
Active Threads : 2
Active Threads : 2
Active Threads : 2
Active Threads : 2
Thread28 is running
Thread30 is running
Thread29 is running
Thread31 is running
Active Threads : 2
Active Threads : 2
Active Threads : 2
Active Threads : 2
Active Threads : 2
Thread30 is running
Thread31 is running
Thread32 is running
Thread33 is running
Active Threads : 2
Active Threads : 2
Active Threads : 2
Active Threads : 2
Active Threads : 2
Thread32 is running
Thread34 is running
Thread33 is running
Thread35 is running
Active Threads : 2
Active Threads : 2
Active Threads : 2
Active Threads : 2
Active Threads : 2
Thread34 is running
Thread36 is running
Thread35 is running
Thread37 is running
Active Threads : 2
Active Threads : 2
Active Threads : 2
Active Threads : 2
Active Threads : 2
Thread36 is running
Thread38 is running
Thread37 is running
Thread39 is running
Active Threads : 2
Active Threads : 2
Active Threads : 2
Active Threads : 2
Active Threads : 2
Thread38 is running
Thread39 is running
Active Threads : 0
Staring a new one submitterDotConcurrentImpl{threadPoolExecutor=name = testsubmitter {com.dotcms.concurrent.DotConcurrentFactory$DotThreadPoolExecutor@23094dc3[Running, pool size = 2, active threads = 0, queued tasks = 0, completed tasks = 40]}
MaximumPoolSize=4
keepAliveMillis=60000
queue=[]
shutdown=false}
Thread0 is running
Thread1 is running
Active Threads : 2
Active Threads : 2
Active Threads : 2
Active Threads : 2
Active Threads : 2
Thread0 is running
Thread2 is running
Thread1 is running
Thread3 is running
Active Threads : 2
Active Threads : 2
Active Threads : 2
Active Threads : 2
Active Threads : 2
Thread2 is running
Thread4 is running
Thread3 is running
Thread5 is running
Active Threads : 2
Active Threads : 2
Active Threads : 2
Active Threads : 2
Active Threads : 2
Thread4 is running
Thread6 is running
Thread5 is running
Thread7 is running
Active Threads : 2
Active Threads : 2
Active Threads : 2
Active Threads : 2
Active Threads : 2
Thread6 is running
Thread8 is running
Thread7 is running
Thread9 is running
Active Threads : 2
Active Threads : 2
Active Threads : 2
Active Threads : 2
Active Threads : 2
Thread8 is running
Thread10 is running
Thread9 is running
Thread11 is running
Active Threads : 2
Active Threads : 2
Active Threads : 2
Active Threads : 2
Active Threads : 2
Thread10 is running
Thread12 is running
Thread11 is running
Thread13 is running
Active Threads : 2
Active Threads : 2
Active Threads : 2
Active Threads : 2
Active Threads : 2
Thread12 is running
Thread13 is running
Thread14 is running
Thread15 is running
Active Threads : 2
Active Threads : 2
Active Threads : 2
Active Threads : 2
Active Threads : 2
Thread15 is running
Thread14 is running
Thread17 is running
Thread16 is running
Active Threads : 2
Active Threads : 2
Active Threads : 2
Active Threads : 2
Active Threads : 2
Thread16 is running
Thread18 is running
Thread17 is running
Thread19 is running
Active Threads : 2
Active Threads : 2
Active Threads : 2
Active Threads : 2
Active Threads : 2
Thread18 is running
Thread19 is running
Active Threads : 0
DotConcurrentImpl{threadPoolExecutor=name = dotSystemPool {com.dotcms.concurrent.DotConcurrentFactory$DotThreadPoolExecutor@2e09ccc6[Running, pool size = 0, active threads = 0, queued tasks = 0, completed tasks = 0]}
MaximumPoolSize=50
keepAliveMillis=60000
queue=[]
shutdown=false}
DotConcurrentImpl{threadPoolExecutor=name = dotSystemPool {com.dotcms.concurrent.DotConcurrentFactory$DotThreadPoolExecutor@2e09ccc6[Running, pool size = 0, active threads = 0, queued tasks = 0, completed tasks = 0]}
MaximumPoolSize=50
keepAliveMillis=60000
queue=[]
shutdown=false}
Thread0 is running
Thread2 is running
Thread1 is running
Thread4 is running
Thread3 is running
Thread6 is running
Thread5 is running
DotConcurrentImpl{threadPoolExecutor=name = dotSystemPool {com.dotcms.concurrent.DotConcurrentFactory$DotThreadPoolExecutor@2e09ccc6[Running, pool size = 10, active threads = 10, queued tasks = 0, completed tasks = 0]}
MaximumPoolSize=50
keepAliveMillis=60000
queue=[]
shutdown=false}
DotConcurrentImpl{threadPoolExecutor=name = dotSystemPool {com.dotcms.concurrent.DotConcurrentFactory$DotThreadPoolExecutor@2e09ccc6[Running, pool size = 10, active threads = 10, queued tasks = 10, completed tasks = 0]}
MaximumPoolSize=50
keepAliveMillis=60000
queue=[com.dotcms.concurrent.DotConcurrentFactoryTest$PrintTask@c5af671, com.dotcms.concurrent.DotConcurrentFactoryTest$PrintTask@329d80c5, com.dotcms.concurrent.DotConcurrentFactoryTest$PrintTask@65a2fab7, com.dotcms.concurrent.DotConcurrentFactoryTest$PrintTask@c1f7060, com.dotcms.concurrent.DotConcurrentFactoryTest$PrintTask@572de6ec, com.dotcms.concurrent.DotConcurrentFactoryTest$PrintTask@968cf64, com.dotcms.concurrent.DotConcurrentFactoryTest$PrintTask@7bedfbbc, com.dotcms.concurrent.DotConcurrentFactoryTest$PrintTask@c8608d1, com.dotcms.concurrent.DotConcurrentFactoryTest$PrintTask@3424952b, com.dotcms.concurrent.DotConcurrentFactoryTest$PrintTask@7b787f24]
shutdown=false}
DotConcurrentImpl{threadPoolExecutor=name = dotSystemPool {com.dotcms.concurrent.DotConcurrentFactory$DotThreadPoolExecutor@2e09ccc6[Running, pool size = 10, active threads = 10, queued tasks = 20, completed tasks = 0]}
MaximumPoolSize=50
keepAliveMillis=60000
queue=[com.dotcms.concurrent.DotConcurrentFactoryTest$PrintTask@c5af671, com.dotcms.concurrent.DotConcurrentFactoryTest$PrintTask@329d80c5, com.dotcms.concurrent.DotConcurrentFactoryTest$PrintTask@65a2fab7, com.dotcms.concurrent.DotConcurrentFactoryTest$PrintTask@c1f7060, com.dotcms.concurrent.DotConcurrentFactoryTest$PrintTask@572de6ec, com.dotcms.concurrent.DotConcurrentFactoryTest$PrintTask@968cf64, com.dotcms.concurrent.DotConcurrentFactoryTest$PrintTask@7bedfbbc, com.dotcms.concurrent.DotConcurrentFactoryTest$PrintTask@c8608d1, com.dotcms.concurrent.DotConcurrentFactoryTest$PrintTask@3424952b, com.dotcms.concurrent.DotConcurrentFactoryTest$PrintTask@7b787f24, com.dotcms.concurrent.DotConcurrentFactoryTest$PrintTask@6fdc4bec, com.dotcms.concurrent.DotConcurrentFactoryTest$PrintTask@53200646, com.dotcms.concurrent.DotConcurrentFactoryTest$PrintTask@433d4cc4, com.dotcms.concurrent.DotConcurrentFactoryTest$PrintTask@7b848ad8, com.dotcms.concurrent.DotConcurrentFactoryTest$PrintTask@768a3d6f, com.dotcms.concurrent.DotConcurrentFactoryTest$PrintTask@25cb17ce, com.dotcms.concurrent.DotConcurrentFactoryTest$PrintTask@cb924df, com.dotcms.concurrent.DotConcurrentFactoryTest$PrintTask@53b4bdda, com.dotcms.concurrent.DotConcurrentFactoryTest$PrintTask@74f28386, com.dotcms.concurrent.DotConcurrentFactoryTest$PrintTask@9fa8fb1]
shutdown=false}
Active Threads : 10
Thread9 is running
Thread8 is running
Thread7 is running
Active Threads : 10
Active Threads : 10
Active Threads : 10
Active Threads : 10
Thread0 is running
Thread10 is running
Thread2 is running
Thread11 is running
Thread1 is running
Thread12 is running
Thread4 is running
Thread13 is running
Thread3 is running
Thread14 is running
Thread5 is running
Thread15 is running
Thread6 is running
Thread16 is running
Thread9 is running
Thread17 is running
Active Threads : 10
Thread8 is running
Thread18 is running
Thread7 is running
Thread19 is running
Active Threads : 10
Active Threads : 10
Active Threads : 10
Active Threads : 10
Thread10 is running
Thread20 is running
Thread11 is running
Thread21 is running
Thread12 is running
Thread22 is running
Thread13 is running
Thread23 is running
Thread14 is running
Thread24 is running
Thread15 is running
Thread25 is running
Thread16 is running
Thread26 is running
Thread17 is running
Thread27 is running
Thread18 is running
Thread28 is running
Thread19 is running
Thread29 is running
Active Threads : 10
Active Threads : 10
Active Threads : 10
Active Threads : 10
Active Threads : 10
Thread20 is running
Thread30 is running
Thread21 is running
Thread31 is running
Thread22 is running
Thread32 is running
Thread23 is running
Thread33 is running
Thread24 is running
Thread34 is running
Thread25 is running
Thread35 is running
Thread26 is running
Thread36 is running
Thread27 is running
Thread37 is running
Thread28 is running
Thread38 is running
Thread29 is running
Thread39 is running
Active Threads : 10
Active Threads : 10
Active Threads : 10
Active Threads : 10
Active Threads : 10
Thread30 is running
Thread31 is running
Thread32 is running
Thread33 is running
Thread34 is running
Thread35 is running
Thread36 is running
Thread37 is running
Thread38 is running
Thread39 is running
Active Threads : 0
Staring a new one submitterDotConcurrentImpl{threadPoolExecutor=name = dotSystemPool {com.dotcms.concurrent.DotConcurrentFactory$DotThreadPoolExecutor@2e09ccc6[Running, pool size = 10, active threads = 0, queued tasks = 0, completed tasks = 40]}
MaximumPoolSize=50
keepAliveMillis=60000
queue=[]
shutdown=false}
Thread0 is running
Thread1 is running
Thread2 is running
Thread3 is running
Thread4 is running
Thread5 is running
Thread6 is running
Active Threads : 7
Thread7 is running
Thread9 is running
Thread8 is running
Active Threads : 10
Active Threads : 10
Active Threads : 10
Active Threads : 10
Thread1 is running
Thread4 is running
Thread10 is running
Thread11 is running
Thread3 is running
Thread5 is running
Thread12 is running
Thread13 is running
Thread2 is running
Thread6 is running
Thread14 is running
Thread15 is running
Thread0 is running
Thread16 is running
Thread9 is running
Thread17 is running
Thread7 is running
Thread18 is running
Thread8 is running
Thread19 is running
Active Threads : 10
Active Threads : 10
Active Threads : 10
Active Threads : 10
Active Threads : 10
Thread10 is running
Thread12 is running
Thread14 is running
Thread11 is running
Thread13 is running
Thread15 is running
Thread16 is running
Thread17 is running
Thread18 is running
Thread19 is running
Active Threads : 0
Supplier1, a 1689054327230
Supplier1, a 1689054327235
Supplier1, a 1689054327236
Supplier1, a 1689054327230
Supplier1, a 1689054327239
Supplier1, a 1689054327243
Supplier1, b 1689054335235
Supplier1, b 1689054335236
Supplier1, b 1689054335236
Supplier1, b 1689054335239
Supplier1, b 1689054335239
Supplier1, b 1689054335243
Supplier1, a 1689054335244
Supplier1, a 1689054335244
Supplier1, a 1689054335244
Supplier1, a 1689054335244
Supplier1, a 1689054335244
Supplier1, a 1689054335244
Supplier1, b 1689054343244
Supplier1, b 1689054343244
Supplier1, b 1689054343244
Supplier1, b 1689054343244
Supplier1, b 1689054343244
Supplier1, b 1689054343244
com.dotcms.concurrent.DotConcurrentFactory$DotSingleSubmitterImpl@602b8a7
Thread0 is running
Thread0 is running
Thread1 is running
Thread1 is running
Thread2 is running
Thread2 is running
Thread3 is running
Thread3 is running
Thread4 is running
Thread4 is running
Thread5 is running
Thread5 is running
Thread6 is running
Thread6 is running
Thread7 is running
Thread7 is running
Thread8 is running
Thread8 is running
Thread9 is running
Thread9 is running
Staring a new one submittercom.dotcms.concurrent.DotConcurrentFactory$DotSingleSubmitterImpl@602b8a7
Thread0 is running
Thread0 is running
Thread1 is running
Thread1 is running
Thread2 is running
Thread2 is running
Thread3 is running
Thread3 is running
Thread4 is running
Thread4 is running
Thread5 is running
Thread5 is running
Thread6 is running
Thread6 is running
Thread7 is running
Thread7 is running
Thread8 is running
Thread8 is running
Thread9 is running
Thread9 is running
]]></system-out>
  <system-err><![CDATA[]]></system-err>
</testsuite>
