<?xml version="1.0" encoding="UTF-8"?>
<testsuite name="com.dotmarketing.portlets.workflows.ajax.WfBaseActionTest" tests="3" skipped="0" failures="0" errors="0" timestamp="2023-07-14T18:15:44" hostname="fv-az442-494" time="0.202">
  <properties/>
  <testcase name="TestOnNullCallTheDefaultCommand" classname="com.dotmarketing.portlets.workflows.ajax.WfBaseActionTest" time="0.165"/>
  <testcase name="TestNotAllowedCommands" classname="com.dotmarketing.portlets.workflows.ajax.WfBaseActionTest" time="0.017"/>
  <testcase name="TestAllowedCommands" classname="com.dotmarketing.portlets.workflows.ajax.WfBaseActionTest" time="0.019"/>
  <system-out><![CDATA[ Command ::  forbiddenMethod  on  class Mock for WfRoleStoreAjax, hashCode: 1062794589
 Command ::  forbiddenMethod  on  class Mock for WfTaskAjax, hashCode: 725221844
 Command ::  forbiddenMethod  on  class Mock for WfActionAjax, hashCode: 373943097
 Command ::  forbiddenMethod  on  class Mock for WfActionClassAjax, hashCode: 250362974
 Command ::  forbiddenMethod  on  class Mock for WfSchemeAjax, hashCode: 559779387
 Command ::  assignable  on  class Mock for WfRoleStoreAjax, hashCode: 642449767
 Command ::  action  on  class Mock for WfRoleStoreAjax, hashCode: 642449767
 Command ::  rolesToJson  on  class Mock for WfRoleStoreAjax, hashCode: 642449767
 Command ::  action  on  class Mock for WfTaskAjax, hashCode: 913493816
 Command ::  executeActions  on  class Mock for WfTaskAjax, hashCode: 913493816
 Command ::  executeAction  on  class Mock for WfTaskAjax, hashCode: 913493816
 Command ::  save  on  class Mock for WfActionAjax, hashCode: 822860112
 Command ::  deleteActionForStep  on  class Mock for WfActionAjax, hashCode: 822860112
 Command ::  add  on  class Mock for WfActionAjax, hashCode: 822860112
 Command ::  action  on  class Mock for WfActionAjax, hashCode: 822860112
 Command ::  reorder  on  class Mock for WfActionAjax, hashCode: 822860112
 Command ::  delete  on  class Mock for WfActionAjax, hashCode: 822860112
 Command ::  add  on  class Mock for WfActionClassAjax, hashCode: 1689488046
 Command ::  save  on  class Mock for WfActionClassAjax, hashCode: 1689488046
 Command ::  delete  on  class Mock for WfActionClassAjax, hashCode: 1689488046
 Command ::  reorder  on  class Mock for WfActionClassAjax, hashCode: 1689488046
 Command ::  action  on  class Mock for WfActionClassAjax, hashCode: 1689488046
 Command ::  action  on  class Mock for WfSchemeAjax, hashCode: 738046130
 Command ::  save  on  class Mock for WfSchemeAjax, hashCode: 738046130
]]></system-out>
  <system-err><![CDATA[]]></system-err>
</testsuite>
