<?xml version="1.0" encoding="UTF-8"?>
<testsuite name="com.dotcms.rest.api.v1.authentication.ForgotPasswordResourceTest" tests="5" skipped="0" failures="0" errors="0" timestamp="2023-07-01T01:02:19" hostname="fv-az442-656" time="0.072">
  <properties/>
  <testcase name="testEmptyParameter" classname="com.dotcms.rest.api.v1.authentication.ForgotPasswordResourceTest" time="0.009"/>
  <testcase name="testNoSuchUserExceptionExposingNoData" classname="com.dotcms.rest.api.v1.authentication.ForgotPasswordResourceTest" time="0.015"/>
  <testcase name="testNoSuchUserExceptionExposingData" classname="com.dotcms.rest.api.v1.authentication.ForgotPasswordResourceTest" time="0.016"/>
  <testcase name="testUserEmailAddressException" classname="com.dotcms.rest.api.v1.authentication.ForgotPasswordResourceTest" time="0.029"/>
  <testcase name="testSendPasswordException" classname="com.dotcms.rest.api.v1.authentication.ForgotPasswordResourceTest" time="0.003"/>
  <system-out><![CDATA[OutboundJaxrsResponse{status=200, reason=OK, hasEntity=true, closed=false, buffered=false}
ResponseEntityView{errors=[], entity=null, messages=[], i18nMessagesMap={}, pagination=null}
OutboundJaxrsResponse{status=400, reason=Bad Request, hasEntity=true, closed=false, buffered=false}
ResponseEntityView{errors=[ErrorEntity{errorCode='the-email-address-you-requested-is-not-registered-in-our-database', message='the-email-address-you-requested-is-not-registered-in-our-database', fieldName='null'}], entity=, messages=[], i18nMessagesMap={}, pagination=null}
OutboundJaxrsResponse{status=400, reason=Bad Request, hasEntity=true, closed=false, buffered=false}
ResponseEntityView{errors=[ErrorEntity{errorCode='please-enter-a-valid-email-address', message='please-enter-a-valid-email-address', fieldName='null'}], entity=, messages=[], i18nMessagesMap={}, pagination=null}
OutboundJaxrsResponse{status=400, reason=Bad Request, hasEntity=true, closed=false, buffered=false}
ResponseEntityView{errors=[ErrorEntity{errorCode='a-new-password-can-only-be-sent-to-an-external-email-address', message='a-new-password-can-only-be-sent-to-an-external-email-address', fieldName='null'}], entity=, messages=[], i18nMessagesMap={}, pagination=null}
]]></system-out>
  <system-err><![CDATA[]]></system-err>
</testsuite>
