<?xml version="1.0" encoding="UTF-8"?>
<testsuite name="com.dotcms.auth.providers.jwt.factories.SecretKeySpecFactoryTest" tests="1" skipped="0" failures="0" errors="0" timestamp="2023-07-12T16:11:44" hostname="fv-az1236-735" time="1.453">
  <properties/>
  <testcase name="readAndPrepareSecret" classname="com.dotcms.auth.providers.jwt.factories.SecretKeySpecFactoryTest" time="1.453"/>
  <system-out><![CDATA[118dcf7ddb5e6f283561953142bc53601264da8e7a1ff75cc326fff63be8c3df660f327378c2a69b1a18168ba61ddc870bfbaf16e164604ab781e7d24bc779cc
MySecretKey2
MySecretKey3
MySecretKey3
24851004c84e8b90ff04cc09c38f9cc93cd2ea31b2dc4361c3ae62e9961e3dfede797721e719be4b04122816858c2c466d50a42c72cb33bd4894094c1c1ee29a
c051b9e4110748088183f29231023ac38b5b8b3a4fd74238ec1e04729ca912933534f04802cef38900eb6bc5a10399c403376126f82735f55c8e6550974d88f7
939936cb01ef8a7e37df66cb292a903aa659cf55993a5a9c14f838abce4c4170933911c45add27945424ead6682d4b6e5efd57eacc4c25650874ec6e8dda0039
]]></system-out>
  <system-err><![CDATA[]]></system-err>
</testsuite>
