<?xml version="1.0" encoding="UTF-8"?>
<testsuite name="com.dotcms.auth.providers.jwt.factories.SecretKeySpecFactoryTest" tests="1" skipped="0" failures="0" errors="0" timestamp="2023-06-27T23:59:00" hostname="fv-az401-312" time="1.627">
  <properties/>
  <testcase name="readAndPrepareSecret" classname="com.dotcms.auth.providers.jwt.factories.SecretKeySpecFactoryTest" time="1.627"/>
  <system-out><![CDATA[1ecad6ff98b0c13bee1f1b2b12e03ed63af48005f0cd0dc9abc729bdf9df7192bf5b520502778564f865bd31069b9ab5cae0d2646d79b1fa5b3ff08543c8059c
MySecretKey2
MySecretKey3
MySecretKey3
0a5d0c625f07df2f52e1815351914c6da41096e0162179add70d0b1e30c695154c0be4695507194420c1f54fc5658dbf323216daac97043874bac9bf3f6c1b8c
d91adb4f17edca060dfd0d2f033460c76063ce1ee34322bfc731277348d4641c296f03a81a071e83cb85c21ca64b3f2fa46c3b6225d1d923198823d367855b87
506adac53e822fafefcf812e39f6778990ba749170ec4486d7a2bb54f4f928a5a54e76bcee38912b47aa988698fc29c885af6421357686bc1999be9374dc6240
]]></system-out>
  <system-err><![CDATA[]]></system-err>
</testsuite>
