<?xml version="1.0" encoding="UTF-8"?>
<testsuite name="com.dotcms.auth.providers.jwt.factories.SecretKeySpecFactoryTest" tests="1" skipped="0" failures="0" errors="0" timestamp="2023-06-23T22:32:37" hostname="fv-az365-198" time="1.7">
  <properties/>
  <testcase name="readAndPrepareSecret" classname="com.dotcms.auth.providers.jwt.factories.SecretKeySpecFactoryTest" time="1.7"/>
  <system-out><![CDATA[cbc6e2932481698bab03ae31df39e5731f69c8cbd3f57144cb2df1d5dda0c9f3cc089288b1c1e55f9df6bb20d9e8ce59f2d6e4eed62b5d8d9747093bc080e506
MySecretKey2
MySecretKey3
MySecretKey3
649f9e190cdbbbf75498e3a881f47266bfd3c321e2fa59f8d6918288bf3eb3d62607391f9910c6d72ea41a204de72051f08b4e6ba31629fc86c8dedced02ac6f
6f330e52f841876e07a59e144a8df058da6f1a066968d3bf1352cf2d3702e8babd838f6c6bd79a212f36fa747edbdc95a7f8f8b6f0380ff18812d6ac19cdcb04
33fa5d2fb7784df9c202cc000b2f1696cf8c1a237b53520e4204ed1ce1f76832073af7d6fd21cf9243d9d836c1082a26930a569c5a94fd09a75a217f61632644
]]></system-out>
  <system-err><![CDATA[]]></system-err>
</testsuite>
