<?xml version="1.0" encoding="UTF-8"?>
<testsuite name="com.dotcms.auth.providers.jwt.factories.SecretKeySpecFactoryTest" tests="1" skipped="0" failures="0" errors="0" timestamp="2023-06-29T23:01:17" hostname="fv-az803-935" time="1.559">
  <properties/>
  <testcase name="readAndPrepareSecret" classname="com.dotcms.auth.providers.jwt.factories.SecretKeySpecFactoryTest" time="1.559"/>
  <system-out><![CDATA[06b825ff3c6eb7e5e5bb56eaa27a80064c3f3bcd1b187126a3b1d29e455647c8a3d6c08b703063947cda9dffdae02d2cb810bbc64cbc6d1ece58e88b84ccf828
MySecretKey2
MySecretKey3
MySecretKey3
6f8f39c5f363b6f35efc414c6c41a053e5602beacd160fa70c832e905d29e9332ea8f60dc45b7e5464a3f91175c1bdd539b7b2f26e93e71c1522c83dae17706c
40fad1220f411a360bad95c8e0542e94097329da411fd3704716312f35ddca984b45a16dbccf03b2b432f40383ad2bf302a8df3897d9c9ad29caa661f6b9e4c0
a63032cb3862126ffb68bec229d162ded80dc2c8e16f009af458187721978ece913f4e22a63502024ad604b1ae28f6bf4bc59033e35f1065b4097430aa7eff01
]]></system-out>
  <system-err><![CDATA[]]></system-err>
</testsuite>
