<?xml version="1.0" encoding="UTF-8"?>
<testsuite name="com.dotmarketing.portlets.rules.actionlet.SendRedirectActionletTest" tests="7" skipped="0" failures="0" errors="0" timestamp="2023-07-21T17:45:56" hostname="fv-az620-708" time="0.024">
  <properties/>
  <testcase name="testExecuteAction" classname="com.dotmarketing.portlets.rules.actionlet.SendRedirectActionletTest" time="0.019"/>
  <testcase name="testGeneralConfiguration" classname="com.dotmarketing.portlets.rules.actionlet.SendRedirectActionletTest" time="0.001"/>
  <testcase name="testValidateParameters[0: com.dotmarketing.portlets.rules.actionlet.SendRedirectActionletTest$SimpleUrlCase@6632588b]" classname="com.dotmarketing.portlets.rules.actionlet.SendRedirectActionletTest" time="0.002"/>
  <testcase name="testValidateParameters[1: com.dotmarketing.portlets.rules.actionlet.SendRedirectActionletTest$SimpleUrlCase@4e0b78eb]" classname="com.dotmarketing.portlets.rules.actionlet.SendRedirectActionletTest" time="0.0"/>
  <testcase name="testValidateParameters[2: com.dotmarketing.portlets.rules.actionlet.SendRedirectActionletTest$SimpleUrlCase@45a328cb]" classname="com.dotmarketing.portlets.rules.actionlet.SendRedirectActionletTest" time="0.0"/>
  <testcase name="testValidateParameters[3: com.dotmarketing.portlets.rules.actionlet.SendRedirectActionletTest$SimpleUrlCase@437f5c49]" classname="com.dotmarketing.portlets.rules.actionlet.SendRedirectActionletTest" time="0.001"/>
  <testcase name="testValidateParameters[4: com.dotmarketing.portlets.rules.actionlet.SendRedirectActionletTest$SimpleUrlCase@377db2ad]" classname="com.dotmarketing.portlets.rules.actionlet.SendRedirectActionletTest" time="0.0"/>
  <system-out><![CDATA[]]></system-out>
  <system-err><![CDATA[]]></system-err>
</testsuite>
