<?xml version="1.0" encoding="UTF-8"?>
<testsuite name="com.dotmarketing.portlets.workflows.ajax.WfBaseActionTest" tests="3" skipped="0" failures="0" errors="0" timestamp="2023-07-07T21:23:04" hostname="fv-az343-933" time="0.18">
  <properties/>
  <testcase name="TestOnNullCallTheDefaultCommand" classname="com.dotmarketing.portlets.workflows.ajax.WfBaseActionTest" time="0.133"/>
  <testcase name="TestNotAllowedCommands" classname="com.dotmarketing.portlets.workflows.ajax.WfBaseActionTest" time="0.019"/>
  <testcase name="TestAllowedCommands" classname="com.dotmarketing.portlets.workflows.ajax.WfBaseActionTest" time="0.028"/>
  <system-out><![CDATA[ Command ::  forbiddenMethod  on  class Mock for WfRoleStoreAjax, hashCode: 229198938
 Command ::  forbiddenMethod  on  class Mock for WfSchemeAjax, hashCode: 50419413
 Command ::  forbiddenMethod  on  class Mock for WfActionAjax, hashCode: 891019226
 Command ::  forbiddenMethod  on  class Mock for WfTaskAjax, hashCode: 790776963
 Command ::  forbiddenMethod  on  class Mock for WfActionClassAjax, hashCode: 172485667
 Command ::  assignable  on  class Mock for WfRoleStoreAjax, hashCode: 1903011868
 Command ::  rolesToJson  on  class Mock for WfRoleStoreAjax, hashCode: 1903011868
 Command ::  action  on  class Mock for WfRoleStoreAjax, hashCode: 1903011868
 Command ::  save  on  class Mock for WfSchemeAjax, hashCode: 1841861312
 Command ::  action  on  class Mock for WfSchemeAjax, hashCode: 1841861312
 Command ::  add  on  class Mock for WfActionAjax, hashCode: 143433608
 Command ::  deleteActionForStep  on  class Mock for WfActionAjax, hashCode: 143433608
 Command ::  save  on  class Mock for WfActionAjax, hashCode: 143433608
 Command ::  delete  on  class Mock for WfActionAjax, hashCode: 143433608
 Command ::  reorder  on  class Mock for WfActionAjax, hashCode: 143433608
 Command ::  action  on  class Mock for WfActionAjax, hashCode: 143433608
 Command ::  executeAction  on  class Mock for WfTaskAjax, hashCode: 1396304021
 Command ::  executeActions  on  class Mock for WfTaskAjax, hashCode: 1396304021
 Command ::  action  on  class Mock for WfTaskAjax, hashCode: 1396304021
 Command ::  add  on  class Mock for WfActionClassAjax, hashCode: 710774234
 Command ::  action  on  class Mock for WfActionClassAjax, hashCode: 710774234
 Command ::  reorder  on  class Mock for WfActionClassAjax, hashCode: 710774234
 Command ::  delete  on  class Mock for WfActionClassAjax, hashCode: 710774234
 Command ::  save  on  class Mock for WfActionClassAjax, hashCode: 710774234
]]></system-out>
  <system-err><![CDATA[]]></system-err>
</testsuite>
