<?xml version="1.0" encoding="UTF-8"?>
<testsuite name="com.dotcms.util.diff.DiffCommandTest" tests="2" skipped="0" failures="0" errors="0" timestamp="2023-06-26T18:27:50" hostname="fv-az306-701" time="0.004">
  <properties/>
  <testcase name="applyDiff_Comparable" classname="com.dotcms.util.diff.DiffCommandTest" time="0.003"/>
  <testcase name="applyDiff_Differentiable" classname="com.dotcms.util.diff.DiffCommandTest" time="0.001"/>
  <system-out><![CDATA[{six=six, five=five}
{two=two}
{four=fourxxx, one=onexxx}
{six=com.dotcms.util.diff.DiffCommandTest$StringDifferentiable@17f02abb, five=com.dotcms.util.diff.DiffCommandTest$StringDifferentiable@390e66f4}
{two=com.dotcms.util.diff.DiffCommandTest$StringDifferentiable@c99c829}
{four=com.dotcms.util.diff.DiffCommandTest$StringDifferentiable@5a913365, one=com.dotcms.util.diff.DiffCommandTest$StringDifferentiable@4ca26f7e}
]]></system-out>
  <system-err><![CDATA[]]></system-err>
</testsuite>
