<?xml version="1.0" encoding="UTF-8"?>
<testsuite name="com.dotcms.auth.providers.jwt.factories.SecretKeySpecFactoryTest" tests="1" skipped="0" failures="0" errors="0" timestamp="2023-07-11T17:58:32" hostname="fv-az438-953" time="1.516">
  <properties/>
  <testcase name="readAndPrepareSecret" classname="com.dotcms.auth.providers.jwt.factories.SecretKeySpecFactoryTest" time="1.516"/>
  <system-out><![CDATA[777d7fe18b855c894ebdbf8fdef1c246103a48afe3bdea8135aec04c30594e28e0f03e4db07e6f3a031f3228ac1cf781aab3f75c2093c489256392be2ec9a6f4
MySecretKey2
MySecretKey3
MySecretKey3
7325ebc1602a9f8cc331f78d116a031bd7cf100e69e3fce42b64100a941e67e767d81866ce1386f46624948cd1a5fedfbbe20ecf17d0ab2ab89edfcd4c85fade
7df353df60f716be41f6c07257ee7624bf0c21f23d431cf14466dd504facc9721505c8650f7079ed818153eee9cd3ff7ec65662cc1fd5deb44713247616e8183
eab4298e01494bbf268a2b4f2faf750d3215677d5013572b2349daf59b106c29ad5d56abd0dff197b01962ff7a93a77609dd59db141289528ce9a73de82df81e
]]></system-out>
  <system-err><![CDATA[]]></system-err>
</testsuite>
