<?xml version="1.0" encoding="UTF-8"?>
<testsuite name="com.dotcms.content.elasticsearch.util.ESUtilsTest" tests="1" skipped="0" failures="0" errors="0" timestamp="2023-07-20T17:25:12" hostname="fv-az341-523" time="0.008">
  <properties/>
  <testcase name="test_escapeExcludingSlashIncludingSpace_method" classname="com.dotcms.content.elasticsearch.util.ESUtilsTest" time="0.008"/>
  <system-out><![CDATA[]]></system-out>
  <system-err><![CDATA[]]></system-err>
</testsuite>
