<?xml version="1.0" encoding="UTF-8"?>
<testsuite name="com.dotcms.auth.providers.jwt.factories.SecretKeySpecFactoryTest" tests="1" skipped="0" failures="0" errors="0" timestamp="2023-07-03T14:27:06" hostname="fv-az587-620" time="1.793">
  <properties/>
  <testcase name="readAndPrepareSecret" classname="com.dotcms.auth.providers.jwt.factories.SecretKeySpecFactoryTest" time="1.793"/>
  <system-out><![CDATA[e84295621a3ad5d95f17ce832c04e6d5b02a0d92876767386f95d423a48ba462e5e35f29d9270ba5cce7f071b1d1419b9c2427d0c4f99467057a932e25e3ecb0
MySecretKey2
MySecretKey3
MySecretKey3
76359b5fb967831ef71f7780390fd82bc5e6082bdbc1543b5ac190359dd50c710d8b1a5059d0b24d53eef30b06e09e5b151361c2311fe3abe661c8d2ccb2b3cf
6af15a3ee12fa3d7e36cfa3a63711f69037b76b9d818b7f2fe996d9da3d9cdceb55546823850920361fe91ad985e36b337909c8833fdadc5e710b8bacb777e43
5f7ffb55f0dad8e1f5f476bd8c19bd2ff40073dc739e2eef4db09d5603db4b7ff20e1016251f9de88663230b51647c70d444b2235e43e70a806df7df76a072b3
]]></system-out>
  <system-err><![CDATA[]]></system-err>
</testsuite>
