<?xml version="1.0" encoding="UTF-8"?>
<testsuite name="com.dotcms.auth.providers.jwt.factories.SecretKeySpecFactoryTest" tests="1" skipped="0" failures="0" errors="0" timestamp="2023-07-18T17:00:34" hostname="fv-az934-332" time="1.593">
  <properties/>
  <testcase name="readAndPrepareSecret" classname="com.dotcms.auth.providers.jwt.factories.SecretKeySpecFactoryTest" time="1.593"/>
  <system-out><![CDATA[b6c607df4b55fddc695a95e5c1c9e73375d652fc8dc06e7ab4483d0ce02fd12cac000ea8322b0959515616b055b6cc2ef26e93c82ce856ac5c027a00fa498fc2
MySecretKey2
MySecretKey3
MySecretKey3
e50bf5c43f7e2632e1ba4e20a8c1e960333160358041e83e7b732275c82d2415f449ac7d30f592ac4573d880feed678c6b806758f03d36cfa6b8961ab3e31c38
b0a323a2a604a607ae6dade7f022edc19323f715666d2dc743ee85edee8bce375a117a9f68c9f93b8ba98d782c86a57289b717190284586447c417403ece2955
5bd5842dcfc0e8cd378291ff5c7c7d71ab5c82ea7d081ab80a108cd44ab465d2991d66391d00cf5ea9f75291c42ca19dcb657e4014bcf3279df8890e23313889
]]></system-out>
  <system-err><![CDATA[]]></system-err>
</testsuite>
