<?xml version="1.0" encoding="UTF-8"?>
<testsuite name="com.dotcms.auth.providers.jwt.factories.SecretKeySpecFactoryTest" tests="1" skipped="0" failures="0" errors="0" timestamp="2023-07-06T17:06:17" hostname="fv-az487-835" time="1.523">
  <properties/>
  <testcase name="readAndPrepareSecret" classname="com.dotcms.auth.providers.jwt.factories.SecretKeySpecFactoryTest" time="1.523"/>
  <system-out><![CDATA[e51a8538b5e30bb0aa59ebe06b07110828ee089d7483a805782d53839f061330a06f739ade1733ee3cd59e9acfcfb121ab8a324aca6b5bb05c939754ef235afa
MySecretKey2
MySecretKey3
MySecretKey3
2945eef9eefd52338a20a16b8a49641f9fbad270289866e5a42f637b4bcbe984fc3869286e0d2edd535b59245366992ea763e9e2733af2e6ff23daedb02a4ddc
cb897bec349f53b963c90980e7a06f69b297c7d487d20d2f335df5c00d41d2d9e9d4d1e294c38d41a32d322640410965c50a77c251d75ed2c26d64e644fd5e36
d1e0a4d4458363d67e7795f02f1e068d2991fa522245eb9a1f0783874abba84ff5f5997cbd019026b9a1238e763ce58f812fc837cf2587aa6bd940e57f7c7765
]]></system-out>
  <system-err><![CDATA[]]></system-err>
</testsuite>
