<?xml version="1.0" encoding="UTF-8"?>
<testsuite name="com.dotcms.auth.providers.jwt.factories.SecretKeySpecFactoryTest" tests="1" skipped="0" failures="0" errors="0" timestamp="2023-06-27T18:34:54" hostname="fv-az254-300" time="2.683">
  <properties/>
  <testcase name="readAndPrepareSecret" classname="com.dotcms.auth.providers.jwt.factories.SecretKeySpecFactoryTest" time="2.683"/>
  <system-out><![CDATA[1cfcbecb6daf3e1957d86a78e4f288fb8dfcae7066656b64846007cd348fbb924430e106ca7584c561f05a1a240a71e0e075833cb60bd7478571ac4562e47c2f
MySecretKey2
MySecretKey3
MySecretKey3
0d07e02c6582fe6cfba58ba08487ff801d957433cfe76cead8c40542e9d79afa1676cdb8b0969a4acc1536cc6d0094b2843d1f157f3cd5dd1e0ee0161256cd38
6c320f1d589d23d1f2f93a50c821039adf906e5faca4110aa5a37a92d27c27ddaa61a42e32d628e45903dd325e0f93e56b89222956a9fc3da7bcf032c3861981
709f32312d4afacc786573518fb2641afe7b48861500587016d7ec7605f7fbc333315ada27e8ab20a8a2ee9ffaccaa5701eebc84f309406c53295aeb354a510c
]]></system-out>
  <system-err><![CDATA[]]></system-err>
</testsuite>
