<?xml version="1.0" encoding="UTF-8"?>
<testsuite name="com.dotcms.content.elasticsearch.ESQueryCacheTest" tests="4" skipped="0" failures="0" errors="0" timestamp="2023-07-17T18:52:07" hostname="fv-az456-965" time="0.959">
  <properties/>
  <testcase name="test_hash" classname="com.dotcms.content.elasticsearch.ESQueryCacheTest" time="0.924"/>
  <testcase name="test_clear_cache" classname="com.dotcms.content.elasticsearch.ESQueryCacheTest" time="0.031"/>
  <testcase name="test_get_hits_by_query" classname="com.dotcms.content.elasticsearch.ESQueryCacheTest" time="0.001"/>
  <testcase name="test_get_hits_by_request" classname="com.dotcms.content.elasticsearch.ESQueryCacheTest" time="0.001"/>
  <system-out><![CDATA[]]></system-out>
  <system-err><![CDATA[]]></system-err>
</testsuite>
