<?xml version="1.0" encoding="UTF-8"?>
<testsuite name="com.dotmarketing.filters.CMSUrlUtilTest" tests="2" skipped="0" failures="0" errors="0" timestamp="2023-06-26T15:13:11" hostname="fv-az620-565" time="0.013">
  <properties/>
  <testcase name="testGetURIFromRequestWhenFilterIsSet" classname="com.dotmarketing.filters.CMSUrlUtilTest" time="0.008"/>
  <testcase name="testGetURIFromRequestWhenFilterIsNotSet" classname="com.dotmarketing.filters.CMSUrlUtilTest" time="0.005"/>
  <system-out><![CDATA[]]></system-out>
  <system-err><![CDATA[]]></system-err>
</testsuite>
