<?xml version="1.0" encoding="UTF-8"?>
<testsuite name="com.dotcms.auth.providers.jwt.factories.SecretKeySpecFactoryTest" tests="1" skipped="0" failures="0" errors="0" timestamp="2023-06-30T14:21:36" hostname="fv-az336-775" time="1.431">
  <properties/>
  <testcase name="readAndPrepareSecret" classname="com.dotcms.auth.providers.jwt.factories.SecretKeySpecFactoryTest" time="1.431"/>
  <system-out><![CDATA[2992894d23bd184d05cd5d64a307534744770ca0e6b16edd7afb569f14a5c9b899955e59173c02b23eb393e179c1084a240b2a4806f5894845739a72418012d9
MySecretKey2
MySecretKey3
MySecretKey3
88b7589f0e71c96a2be655954fd3a960da4b964ff5a705cebfb99f27b2243e15194ddc2810bad082ed9b0dc9dce4fea20b91071ab34152b86870b61855a6d27d
8807c24f7674272c1de552b690ab1cbc42995e5953367a5370f6c37c9e2007a56df0a0548c123cf19e3f13813df3933a8220273a648d77ce63fc382b98441265
95d9c360a0f9085790a9e335c6196f8a3788c7fc01dbe81c1ae823ae754cbcf7b320ba872ce74321b45251e94795368e81b1a3c08c1a9ba613982635eccb053a
]]></system-out>
  <system-err><![CDATA[]]></system-err>
</testsuite>
