<?xml version="1.0" encoding="UTF-8"?>
<testsuite name="com.dotcms.auth.providers.jwt.factories.SecretKeySpecFactoryTest" tests="1" skipped="0" failures="0" errors="0" timestamp="2023-06-30T15:54:56" hostname="fv-az936-969" time="1.463">
  <properties/>
  <testcase name="readAndPrepareSecret" classname="com.dotcms.auth.providers.jwt.factories.SecretKeySpecFactoryTest" time="1.463"/>
  <system-out><![CDATA[ff224edb8c54fae1363103f865717be4c7add2329b8e860b5a59fd599feebc4751682c2dff8a86eb3c6208ec485a2915a800c1492f17a23ff0b923da10cce8de
MySecretKey2
MySecretKey3
MySecretKey3
131d408f0d00f2826d36226eceffdad4733592322f20f49fc9ba5236d21402df1a4d00b3db7d5e1fb320a515fffcf881776d292c25340e05d4e46a506830af00
98ab8eee1ddf157ffafd408dee2745c9c80117e538d047832fec6e61b9072d68098b3bb4ef1f355649d93aeabea16cd364718a221d08dba99f0a7cde0ad714bc
93a2e57b93a16717be672a954a4bbae0656cddec9c57be1f9378bab4e7a9826e0174bfe57b0c176acc2c075426079cdebf7ca34b62bec562cf4b596194b5fcc8
]]></system-out>
  <system-err><![CDATA[]]></system-err>
</testsuite>
