<?xml version="1.0" encoding="UTF-8"?>
<testsuite name="com.dotcms.auth.providers.jwt.factories.SecretKeySpecFactoryTest" tests="1" skipped="0" failures="0" errors="0" timestamp="2023-06-28T13:49:06" hostname="fv-az341-169" time="1.103">
  <properties/>
  <testcase name="readAndPrepareSecret" classname="com.dotcms.auth.providers.jwt.factories.SecretKeySpecFactoryTest" time="1.103"/>
  <system-out><![CDATA[633ce7debfd3305d7cb7aca5e544d0ae3322dd6f036483120ad83685444375f949892c0e714006759da00e0f2dc0bb84751156d2cb12c53e11bca073c1ae74a6
MySecretKey2
MySecretKey3
MySecretKey3
070fa4a5cf931d6cd4c1bdf0f2ac40c40bd93ad7a8da59f38ea379fd67067c3dad11ac05396b2f8c9beade547012f7c13df6085d94281b308df0da418bd00c30
dad09a1d1f632e31544cd26350b6cdc7c53ade5e1730d28e910cdf42a98f661b92d957ac89110037b087143789e0a6b78124db69ac6a3f1a378b3ca3defb1a4d
8367ab1da42736a0eefc62a1430b368fdbd82e8eca0c6d2787828ab05eab6c033d545608407a670d866b045637c4e090d7a964a8fc39ef110712e821f42f2ef4
]]></system-out>
  <system-err><![CDATA[]]></system-err>
</testsuite>
