<?xml version="1.0" encoding="UTF-8"?>
<testsuite name="com.dotmarketing.portlets.osgi.AJAX.OSGIBaseAJAXTest" tests="3" skipped="0" failures="0" errors="0" timestamp="2023-06-30T15:58:41" hostname="fv-az936-969" time="0.052">
  <properties/>
  <testcase name="TestOnNullCallTheDefaultCommand" classname="com.dotmarketing.portlets.osgi.AJAX.OSGIBaseAJAXTest" time="0.035"/>
  <testcase name="TestNotAllowedCommands" classname="com.dotmarketing.portlets.osgi.AJAX.OSGIBaseAJAXTest" time="0.003"/>
  <testcase name="TestAllowedCommands" classname="com.dotmarketing.portlets.osgi.AJAX.OSGIBaseAJAXTest" time="0.013"/>
  <system-out><![CDATA[ Command ::  forbiddenMethod  on  class Mock for OSGIAJAX, hashCode: 841960170
 Command ::  restart  on  class Mock for OSGIAJAX, hashCode: 2038234457
 Command ::  action  on  class Mock for OSGIAJAX, hashCode: 2038234457
 Command ::  getExtraPackages  on  class Mock for OSGIAJAX, hashCode: 2038234457
 Command ::  remove  on  class Mock for OSGIAJAX, hashCode: 2038234457
 Command ::  deploy  on  class Mock for OSGIAJAX, hashCode: 2038234457
 Command ::  modifyExtraPackages  on  class Mock for OSGIAJAX, hashCode: 2038234457
 Command ::  undeploy  on  class Mock for OSGIAJAX, hashCode: 2038234457
 Command ::  stop  on  class Mock for OSGIAJAX, hashCode: 2038234457
 Command ::  add  on  class Mock for OSGIAJAX, hashCode: 2038234457
 Command ::  start  on  class Mock for OSGIAJAX, hashCode: 2038234457
]]></system-out>
  <system-err><![CDATA[]]></system-err>
</testsuite>
