<?xml version="1.0" encoding="UTF-8"?>
<testsuite name="com.dotcms.util.diff.DiffCommandTest" tests="2" skipped="0" failures="0" errors="0" timestamp="2023-06-26T19:17:56" hostname="fv-az354-410" time="0.052">
  <properties/>
  <testcase name="applyDiff_Comparable" classname="com.dotcms.util.diff.DiffCommandTest" time="0.052"/>
  <testcase name="applyDiff_Differentiable" classname="com.dotcms.util.diff.DiffCommandTest" time="0.0"/>
  <system-out><![CDATA[{six=six, five=five}
{two=two}
{four=fourxxx, one=onexxx}
{six=com.dotcms.util.diff.DiffCommandTest$StringDifferentiable@5c198f9f, five=com.dotcms.util.diff.DiffCommandTest$StringDifferentiable@8e6d682}
{two=com.dotcms.util.diff.DiffCommandTest$StringDifferentiable@630ff7}
{four=com.dotcms.util.diff.DiffCommandTest$StringDifferentiable@552fff75, one=com.dotcms.util.diff.DiffCommandTest$StringDifferentiable@45daf738}
]]></system-out>
  <system-err><![CDATA[]]></system-err>
</testsuite>
