<?xml version="1.0" encoding="UTF-8"?>
<testsuite name="com.dotmarketing.portlets.workflows.ajax.WfBaseActionTest" tests="3" skipped="0" failures="0" errors="0" timestamp="2023-06-30T18:15:41" hostname="fv-az741-151" time="0.131">
  <properties/>
  <testcase name="TestOnNullCallTheDefaultCommand" classname="com.dotmarketing.portlets.workflows.ajax.WfBaseActionTest" time="0.106"/>
  <testcase name="TestNotAllowedCommands" classname="com.dotmarketing.portlets.workflows.ajax.WfBaseActionTest" time="0.007"/>
  <testcase name="TestAllowedCommands" classname="com.dotmarketing.portlets.workflows.ajax.WfBaseActionTest" time="0.017"/>
  <system-out><![CDATA[ Command ::  forbiddenMethod  on  class Mock for WfSchemeAjax, hashCode: 10036925
 Command ::  forbiddenMethod  on  class Mock for WfRoleStoreAjax, hashCode: 1455583331
 Command ::  forbiddenMethod  on  class Mock for WfTaskAjax, hashCode: 330448886
 Command ::  forbiddenMethod  on  class Mock for WfActionAjax, hashCode: 1224881328
 Command ::  forbiddenMethod  on  class Mock for WfActionClassAjax, hashCode: 734799272
 Command ::  action  on  class Mock for WfSchemeAjax, hashCode: 1340609224
 Command ::  save  on  class Mock for WfSchemeAjax, hashCode: 1340609224
 Command ::  rolesToJson  on  class Mock for WfRoleStoreAjax, hashCode: 862023370
 Command ::  assignable  on  class Mock for WfRoleStoreAjax, hashCode: 862023370
 Command ::  action  on  class Mock for WfRoleStoreAjax, hashCode: 862023370
 Command ::  executeAction  on  class Mock for WfTaskAjax, hashCode: 322022121
 Command ::  action  on  class Mock for WfTaskAjax, hashCode: 322022121
 Command ::  executeActions  on  class Mock for WfTaskAjax, hashCode: 322022121
 Command ::  deleteActionForStep  on  class Mock for WfActionAjax, hashCode: 488948467
 Command ::  add  on  class Mock for WfActionAjax, hashCode: 488948467
 Command ::  action  on  class Mock for WfActionAjax, hashCode: 488948467
 Command ::  reorder  on  class Mock for WfActionAjax, hashCode: 488948467
 Command ::  delete  on  class Mock for WfActionAjax, hashCode: 488948467
 Command ::  save  on  class Mock for WfActionAjax, hashCode: 488948467
 Command ::  add  on  class Mock for WfActionClassAjax, hashCode: 408897578
 Command ::  save  on  class Mock for WfActionClassAjax, hashCode: 408897578
 Command ::  delete  on  class Mock for WfActionClassAjax, hashCode: 408897578
 Command ::  reorder  on  class Mock for WfActionClassAjax, hashCode: 408897578
 Command ::  action  on  class Mock for WfActionClassAjax, hashCode: 408897578
]]></system-out>
  <system-err><![CDATA[]]></system-err>
</testsuite>
