<?xml version="1.0" encoding="UTF-8"?>
<testsuite name="com.dotmarketing.db.DataSourceStrategyProviderTest" tests="10" skipped="0" failures="0" errors="0" timestamp="2023-06-26T18:29:04" hostname="fv-az306-701" time="0.196">
  <properties/>
  <testcase name="testGetFallback[0: DBProperties]" classname="com.dotmarketing.db.DataSourceStrategyProviderTest" time="0.136"/>
  <testcase name="testGetFallback[1: SystemEnv]" classname="com.dotmarketing.db.DataSourceStrategyProviderTest" time="0.002"/>
  <testcase name="testGetFallback[2: DockerSecret]" classname="com.dotmarketing.db.DataSourceStrategyProviderTest" time="0.004"/>
  <testcase name="testGetFallback[3: Tomcat]" classname="com.dotmarketing.db.DataSourceStrategyProviderTest" time="0.002"/>
  <testcase name="testGetFallback[4: CustomProvider]" classname="com.dotmarketing.db.DataSourceStrategyProviderTest" time="0.02"/>
  <testcase name="testGet[0: DBProperties]" classname="com.dotmarketing.db.DataSourceStrategyProviderTest" time="0.001"/>
  <testcase name="testGet[1: SystemEnv]" classname="com.dotmarketing.db.DataSourceStrategyProviderTest" time="0.007"/>
  <testcase name="testGet[2: DockerSecret]" classname="com.dotmarketing.db.DataSourceStrategyProviderTest" time="0.001"/>
  <testcase name="testGet[3: Tomcat]" classname="com.dotmarketing.db.DataSourceStrategyProviderTest" time="0.002"/>
  <testcase name="testGet[4: CustomProvider]" classname="com.dotmarketing.db.DataSourceStrategyProviderTest" time="0.019"/>
  <system-out><![CDATA[]]></system-out>
  <system-err><![CDATA[]]></system-err>
</testsuite>
