<?xml version="1.0" encoding="UTF-8"?>
<testsuite name="com.dotcms.contenttype.model.field.FieldTypeResourceTest" tests="1" skipped="0" failures="0" errors="0" timestamp="2023-07-12T14:16:29" hostname="fv-az301-662" time="0.444">
  <properties/>
  <testcase name="testGetFieldTypes" classname="com.dotcms.contenttype.model.field.FieldTypeResourceTest" time="0.444"/>
  <system-out><![CDATA[]]></system-out>
  <system-err><![CDATA[]]></system-err>
</testsuite>
