<?xml version="1.0" encoding="UTF-8"?>
<testsuite name="com.dotcms.auth.providers.jwt.factories.SecretKeySpecFactoryTest" tests="1" skipped="0" failures="0" errors="0" timestamp="2023-06-28T13:50:58" hostname="fv-az363-416" time="1.182">
  <properties/>
  <testcase name="readAndPrepareSecret" classname="com.dotcms.auth.providers.jwt.factories.SecretKeySpecFactoryTest" time="1.182"/>
  <system-out><![CDATA[cd2edf8a944a66ee2ab0a66afa71aa805d94bd7462100733c6ed67caf6603eeb2f7abbaf69e18885e391ab5ee12ccd06868a566b4fefa1e4e983df66a3abfbc2
MySecretKey2
MySecretKey3
MySecretKey3
88b56db007583da5707ec32d36031ef43a75ac5198a6c916726c4850ebb98d555c4903ec061a77826446cadba31e98950f7d0ebd85e8dcede0bb367984a6023f
37ca9daf75aad6ab196dc8771192e6bd3b9d43310b6556006c457c0ceecc0831a2d42649074dc4ffff1788d71821a3bcd86872277235de0b464cf9bf724e63d6
1b33268b03271d4874a6d52eefe8543fecd0a7df26f9a0f95d2fe32636e1bf42bf67fb4f980e6b4d9a2311c74c7b1b7e98270e7ea51ce55011ea3fa8f9d99baf
]]></system-out>
  <system-err><![CDATA[]]></system-err>
</testsuite>
