<?xml version="1.0" encoding="UTF-8"?>
<testsuite name="com.dotmarketing.util.DateUtilTest" tests="38" skipped="0" failures="0" errors="0" timestamp="2023-06-30T14:47:52" hostname="fv-az206-667" time="0.095">
  <properties/>
  <testcase name="testReplaceDateTimeWithFormatSuccess[0: com.dotmarketing.util.DateUtilTest$TestCase@682c50ca]" classname="com.dotmarketing.util.DateUtilTest" time="0.004"/>
  <testcase name="testReplaceDateTimeWithFormatSuccess[1: com.dotmarketing.util.DateUtilTest$TestCase@74379a02]" classname="com.dotmarketing.util.DateUtilTest" time="0.013"/>
  <testcase name="testReplaceDateTimeWithFormatSuccess[2: com.dotmarketing.util.DateUtilTest$TestCase@4ce115d7]" classname="com.dotmarketing.util.DateUtilTest" time="0.001"/>
  <testcase name="testReplaceDateTimeWithFormatSuccess[3: com.dotmarketing.util.DateUtilTest$TestCase@133f4ac8]" classname="com.dotmarketing.util.DateUtilTest" time="0.0"/>
  <testcase name="testReplaceDateTimeWithFormatSuccess[4: com.dotmarketing.util.DateUtilTest$TestCase@199fe265]" classname="com.dotmarketing.util.DateUtilTest" time="0.001"/>
  <testcase name="testReplaceDateTimeWithFormatSuccess[5: com.dotmarketing.util.DateUtilTest$TestCase@51308cde]" classname="com.dotmarketing.util.DateUtilTest" time="0.0"/>
  <testcase name="testReplaceDateTimeWithFormatSuccess[6: com.dotmarketing.util.DateUtilTest$TestCase@15bb6482]" classname="com.dotmarketing.util.DateUtilTest" time="0.001"/>
  <testcase name="testReplaceDateTimeWithFormatWithError" classname="com.dotmarketing.util.DateUtilTest" time="0.002"/>
  <testcase name="testReplaceDateWithFormatWithError" classname="com.dotmarketing.util.DateUtilTest" time="0.001"/>
  <testcase name="timeReachNullPointerException" classname="com.dotmarketing.util.DateUtilTest" time="0.0"/>
  <testcase name="test_time_zone_string" classname="com.dotmarketing.util.DateUtilTest" time="0.0"/>
  <testcase name="testPrettyDateSince" classname="com.dotmarketing.util.DateUtilTest" time="0.007"/>
  <testcase name="test_parseISO_bad_date" classname="com.dotmarketing.util.DateUtilTest" time="0.0"/>
  <testcase name="test_parseISO_null" classname="com.dotmarketing.util.DateUtilTest" time="0.0"/>
  <testcase name="testReplaceDateWithFormatSuccess" classname="com.dotmarketing.util.DateUtilTest" time="0.007"/>
  <testcase name="test_parseISO_longiso_date" classname="com.dotmarketing.util.DateUtilTest" time="0.001"/>
  <testcase name="timeReach" classname="com.dotmarketing.util.DateUtilTest" time="0.0"/>
  <testcase name="test_time_zone[0: sun.util.calendar.ZoneInfo[id=&quot;GMT&quot;,offset=0,dstSavings=0,useDaylight=false,transitions=0,lastRule=null]]" classname="com.dotmarketing.util.DateUtilTest" time="0.0"/>
  <testcase name="test_time_zone[1: sun.util.calendar.ZoneInfo[id=&quot;US/Eastern&quot;,offset=-18000000,dstSavings=3600000,useDaylight=true,transitions=235,lastRule=java.util.SimpleTimeZone[id=US/Eastern,offset=-18000000,dstSavings=3600000,useDaylight=true,startYear=0,startMode=3,startMonth=2,startDay=8,startDayOfWeek=1,startTime=7200000,startTimeMode=0,endMode=3,endMonth=10,endDay=1,endDayOfWeek=1,endTime=7200000,endTimeMode=0]]]" classname="com.dotmarketing.util.DateUtilTest" time="0.02"/>
  <testcase name="test_time_zone[2: sun.util.calendar.ZoneInfo[id=&quot;UTC&quot;,offset=0,dstSavings=0,useDaylight=false,transitions=0,lastRule=null]]" classname="com.dotmarketing.util.DateUtilTest" time="0.005"/>
  <testcase name="testReplaceTimeWithFormatWithError" classname="com.dotmarketing.util.DateUtilTest" time="0.001"/>
  <testcase name="test_time_zone_string_no_formats" classname="com.dotmarketing.util.DateUtilTest" time="0.007"/>
  <testcase name="testMaxTime" classname="com.dotmarketing.util.DateUtilTest" time="0.001"/>
  <testcase name="testMinTime" classname="com.dotmarketing.util.DateUtilTest" time="0.0"/>
  <testcase name="timeReachWithTemporalUnit" classname="com.dotmarketing.util.DateUtilTest" time="0.0"/>
  <testcase name="testaddDate" classname="com.dotmarketing.util.DateUtilTest" time="0.001"/>
  <testcase name="testMillisToSeconds1" classname="com.dotmarketing.util.DateUtilTest" time="0.0"/>
  <testcase name="testMillisToSeconds2" classname="com.dotmarketing.util.DateUtilTest" time="0.0"/>
  <testcase name="testMillisToSeconds3" classname="com.dotmarketing.util.DateUtilTest" time="0.0"/>
  <testcase name="testReplaceTimeWithFormatSuccess[0: com.dotmarketing.util.DateUtilTest$TestCase@1a515cdf]" classname="com.dotmarketing.util.DateUtilTest" time="0.007"/>
  <testcase name="testReplaceTimeWithFormatSuccess[1: com.dotmarketing.util.DateUtilTest$TestCase@4fd26537]" classname="com.dotmarketing.util.DateUtilTest" time="0.01"/>
  <testcase name="testReplaceTimeWithFormatSuccess[2: com.dotmarketing.util.DateUtilTest$TestCase@103873b]" classname="com.dotmarketing.util.DateUtilTest" time="0.001"/>
  <testcase name="testReplaceTimeWithFormatSuccess[3: com.dotmarketing.util.DateUtilTest$TestCase@2533be41]" classname="com.dotmarketing.util.DateUtilTest" time="0.0"/>
  <testcase name="testReplaceTimeWithFormatSuccess[4: com.dotmarketing.util.DateUtilTest$TestCase@3594b99c]" classname="com.dotmarketing.util.DateUtilTest" time="0.0"/>
  <testcase name="testReplaceTimeWithFormatSuccess[5: com.dotmarketing.util.DateUtilTest$TestCase@69b389c4]" classname="com.dotmarketing.util.DateUtilTest" time="0.001"/>
  <testcase name="timeReachWithTemporalUnitAndFuture" classname="com.dotmarketing.util.DateUtilTest" time="0.0"/>
  <testcase name="test_parseISO_short_date" classname="com.dotmarketing.util.DateUtilTest" time="0.0"/>
  <testcase name="testDiffDates" classname="com.dotmarketing.util.DateUtilTest" time="0.001"/>
  <system-out><![CDATA[Pretty Date: last-month, from 2/25/16, 12:00 AM to 4/1/16, 12:00 AM
Pretty Date: x-weeks-ago, from 3/4/16, 12:00 AM to 4/1/16, 12:00 AM
Pretty Date: x-months-ago, from 1/4/16, 12:00 AM to 4/1/16, 12:00 AM
Pretty Date: last-week, from 3/20/16, 12:00 AM to 4/1/16, 12:00 AM
Pretty Date: x-days-ago, from 3/27/16, 12:00 AM to 4/1/16, 12:00 AM
Pretty Date: yesterday, from 3/31/16, 12:00 AM to 4/1/16, 12:00 AM
{diffHours=9504, diffMinutes=0, diffMonths=12, diffDays=396, diffSeconds=0, diffYears=1}
]]></system-out>
  <system-err><![CDATA[]]></system-err>
</testsuite>
