<?xml version="1.0" encoding="UTF-8"?>
<testsuite name="com.dotcms.analytics.bayesian.BayesianAPIImplTest" tests="8" skipped="0" failures="0" errors="0" timestamp="2023-06-30T14:43:53" hostname="fv-az206-667" time="2.406">
  <properties/>
  <testcase name="test_doBayesian_AB" classname="com.dotcms.analytics.bayesian.BayesianAPIImplTest" time="2.381"/>
  <testcase name="test_calculateABTesting_invalidTestFailures" classname="com.dotcms.analytics.bayesian.BayesianAPIImplTest" time="0.0"/>
  <testcase name="test_calculateABTesting_invalidControlSuccesses" classname="com.dotcms.analytics.bayesian.BayesianAPIImplTest" time="0.001"/>
  <testcase name="test_calculateABTesting_invalidPriorBeta" classname="com.dotcms.analytics.bayesian.BayesianAPIImplTest" time="0.001"/>
  <testcase name="test_calculateABTesting_invalidTestSuccesses" classname="com.dotcms.analytics.bayesian.BayesianAPIImplTest" time="0.002"/>
  <testcase name="test_calculateABCTesting" classname="com.dotcms.analytics.bayesian.BayesianAPIImplTest" time="0.016"/>
  <testcase name="test_calculateABTesting_invalidControlFailures" classname="com.dotcms.analytics.bayesian.BayesianAPIImplTest" time="0.001"/>
  <testcase name="test_calculateABTesting_invalidPriorAlpha" classname="com.dotcms.analytics.bayesian.BayesianAPIImplTest" time="0.001"/>
  <system-out><![CDATA[]]></system-out>
  <system-err><![CDATA[]]></system-err>
</testsuite>
