<?xml version="1.0" encoding="UTF-8"?>
<testsuite name="com.dotcms.auth.providers.jwt.factories.SecretKeySpecFactoryTest" tests="1" skipped="0" failures="0" errors="0" timestamp="2023-06-26T23:44:18" hostname="fv-az351-37" time="1.573">
  <properties/>
  <testcase name="readAndPrepareSecret" classname="com.dotcms.auth.providers.jwt.factories.SecretKeySpecFactoryTest" time="1.573"/>
  <system-out><![CDATA[8a10bf4bd5af885565dcba663b17f3a704a2e43b4cd796c097e47038b8e6dbc4822d516858ba6b6df69a91a84e1ebdcdbbde4067fb21c5062cdf4692cbde271c
MySecretKey2
MySecretKey3
MySecretKey3
89d0fa58502c5cb02436c1453381b8d011083b1f4216ebbf69908b2e1474e0f431847649b68aac99760be3b93493634b01a18c50190a400eff88462d9496a434
e6e8436932c84f128ad8b3db96c74237548387d8c95dd306a7beb63cfe62b683a049ba486be0f6327fba927e4053ce70f59f9291c8083a1746796b72a6e97eb7
3dccac28cfb557c82cad29784fa06358529f89d068cab6dcd8a20b499e463fd4655fa76d00c28382b964d31d6d5e7c3f12f8120d926bd7d6c1c76ee45390e9b1
]]></system-out>
  <system-err><![CDATA[]]></system-err>
</testsuite>
