<?xml version="1.0" encoding="UTF-8"?>
<testsuite name="com.dotcms.auth.providers.jwt.factories.SecretKeySpecFactoryTest" tests="1" skipped="0" failures="0" errors="0" timestamp="2023-06-23T22:46:58" hostname="fv-az178-408" time="1.553">
  <properties/>
  <testcase name="readAndPrepareSecret" classname="com.dotcms.auth.providers.jwt.factories.SecretKeySpecFactoryTest" time="1.553"/>
  <system-out><![CDATA[b0d260216746a68d9a3a740148a96ec9efb9063842ea87ed9abe2c7b6d0f6b33ec3a63678b885e370ad55e9d1ecb922764deb8ec4643bad11c128c51b6060860
MySecretKey2
MySecretKey3
MySecretKey3
4194b65440ef11ca9debb4878c3cda3d931a967b3b7e5a96a34973367a6e907afd2110f4bb408cc5c924cfa679e6937c511cd7e12c26eb2d8c4a681d31772f1e
29f166016d977bdaa3493f32ead527f66329d41fed5eeee9329110c2e4f2bcd8cbce27ee93115fe96811fdc171fe35a02722679d3cd15771286fa0792dd6c2ab
bdcb2de7838b1acad38d4a72bc1ca54e35fc8c654193f7e0c93bab4c561a3af10b79e892cfe1783267db0309b12559b3fefa5299223a0311eff82ba6cb8d84c4
]]></system-out>
  <system-err><![CDATA[]]></system-err>
</testsuite>
