<?xml version="1.0" encoding="UTF-8"?>
<testsuite name="com.dotcms.auth.providers.jwt.factories.SecretKeySpecFactoryTest" tests="1" skipped="0" failures="0" errors="0" timestamp="2023-07-13T17:03:56" hostname="fv-az586-815" time="1.827">
  <properties/>
  <testcase name="readAndPrepareSecret" classname="com.dotcms.auth.providers.jwt.factories.SecretKeySpecFactoryTest" time="1.827"/>
  <system-out><![CDATA[d8c7e57f0324bdccfdd35d115d120775009f7b680548a0c1e4ccf856f9a91fc76861a51d7cc3455622498506a9b355c72b7d87be54a087d46d5ddb4e42430add
MySecretKey2
MySecretKey3
MySecretKey3
d470adc346da60406fa6a8c3c2377c156a44e589d88f0d15b26811428a7d3d7c26dbd9909fd1a1e63351ead0083569264eec5c8ad5b3bb54113e328dae4298ef
6acbdca463b3e27cfd5a4fc98cee2c26633bd1f5b21c17089996cdbaeff130e21c20e3da21dd496a603e4d6b85b60e7894e50fc55816722bb905b791283af163
18a49cd39c689e90f2fd510f23b576340e261be351ac33b632b2822680adf4c47238a3749ceef160f1c72957bbffaf1f434eda77cd85725c7aaf343f4da10d9b
]]></system-out>
  <system-err><![CDATA[]]></system-err>
</testsuite>
