<?xml version="1.0" encoding="UTF-8"?>
<testsuite name="com.dotcms.util.diff.DiffCommandTest" tests="2" skipped="0" failures="0" errors="0" timestamp="2023-07-11T16:56:27" hostname="fv-az615-69" time="0.019">
  <properties/>
  <testcase name="applyDiff_Comparable" classname="com.dotcms.util.diff.DiffCommandTest" time="0.017"/>
  <testcase name="applyDiff_Differentiable" classname="com.dotcms.util.diff.DiffCommandTest" time="0.001"/>
  <system-out><![CDATA[{six=six, five=five}
{two=two}
{four=fourxxx, one=onexxx}
{six=com.dotcms.util.diff.DiffCommandTest$StringDifferentiable@2ffa374e, five=com.dotcms.util.diff.DiffCommandTest$StringDifferentiable@1f2ff50a}
{two=com.dotcms.util.diff.DiffCommandTest$StringDifferentiable@7aa1fa9b}
{four=com.dotcms.util.diff.DiffCommandTest$StringDifferentiable@1d4907e1, one=com.dotcms.util.diff.DiffCommandTest$StringDifferentiable@63f71341}
]]></system-out>
  <system-err><![CDATA[]]></system-err>
</testsuite>
