<?xml version="1.0" encoding="UTF-8"?>
<testsuite name="com.dotcms.auth.providers.jwt.factories.SecretKeySpecFactoryTest" tests="1" skipped="0" failures="0" errors="0" timestamp="2023-06-29T18:38:10" hostname="fv-az454-150" time="1.568">
  <properties/>
  <testcase name="readAndPrepareSecret" classname="com.dotcms.auth.providers.jwt.factories.SecretKeySpecFactoryTest" time="1.568"/>
  <system-out><![CDATA[f4609a6d670cabffba823aaeacb7ced7a12b4a8ab2755303c00589fe6a14e7b412edcb65f68727762f760882c82df9c79335935744602e5a152b65f5680cfd20
MySecretKey2
MySecretKey3
MySecretKey3
e7508e8ea6e166a4a336b9add8d798e8461da7b4f22c0e6a69efb436941465e373b0496af6312db9ba42fc2ea39082cf9686e988339a9e3a4aeefdbba87d766b
c509cac2a39cdc72fd3b8bbd7e46ca27c629a5c79e60e3378941bfefbadaa1ffdd91872a816dc64ef289aa6913da0f1c04d648253a0cf575a06a3a7896a2c108
0c230d3533dba9d2d7d77d53dbb02cbd392e1f9656331edfd9becf9ce4b7456da18c0822fa39852da1a0b1fd4596ee2368f69cf41d69892cae8c1f4aa163bcae
]]></system-out>
  <system-err><![CDATA[]]></system-err>
</testsuite>
