<?xml version="1.0" encoding="UTF-8"?>
<testsuite name="com.dotcms.util.diff.DiffCommandTest" tests="2" skipped="0" failures="0" errors="0" timestamp="2023-07-08T04:36:22" hostname="fv-az577-928" time="0.005">
  <properties/>
  <testcase name="applyDiff_Comparable" classname="com.dotcms.util.diff.DiffCommandTest" time="0.005"/>
  <testcase name="applyDiff_Differentiable" classname="com.dotcms.util.diff.DiffCommandTest" time="0.0"/>
  <system-out><![CDATA[{six=six, five=five}
{two=two}
{four=fourxxx, one=onexxx}
{six=com.dotcms.util.diff.DiffCommandTest$StringDifferentiable@7c5f61be, five=com.dotcms.util.diff.DiffCommandTest$StringDifferentiable@5e53ef6b}
{two=com.dotcms.util.diff.DiffCommandTest$StringDifferentiable@15a911bd}
{four=com.dotcms.util.diff.DiffCommandTest$StringDifferentiable@1b6fe2b8, one=com.dotcms.util.diff.DiffCommandTest$StringDifferentiable@1c3a32fa}
]]></system-out>
  <system-err><![CDATA[]]></system-err>
</testsuite>
