<?xml version="1.0" encoding="UTF-8"?>
<testsuite name="com.dotcms.auth.providers.jwt.factories.SecretKeySpecFactoryTest" tests="1" skipped="0" failures="0" errors="0" timestamp="2023-07-11T16:27:28" hostname="fv-az206-849" time="2.171">
  <properties/>
  <testcase name="readAndPrepareSecret" classname="com.dotcms.auth.providers.jwt.factories.SecretKeySpecFactoryTest" time="2.171"/>
  <system-out><![CDATA[56db1282a6f150dc0b3738f8012ba8a52e080dbc2ce386875f0d0c3b5335e6402836df5860d7e932b17e60b65a16caf3648bfb127f5c6363702212c9508e63ad
MySecretKey2
MySecretKey3
MySecretKey3
aac9d9de7d8555dbe890bce19506eee6ac8e81b191fe8c19501a36070c52c0a0e4a8111122cbdc41be9be6048aafe8313accaf9c09043a98e34f16bdfb4810c2
63e9a1d232ede2638e738ada749f427c08c52ca47450f3b197e45e32b5c623745f699a858721e329591fee932f358f8172a2c6532cf0b4f65eef5d844e4c0413
c0eec0ef3b5637390e650293945caa6289dbd84b1e057659d3bf5f05dacf657e65e0f7dbf7b0a6e9939b8a0f571aa6985082482c44206cce2e5019a3b212984f
]]></system-out>
  <system-err><![CDATA[]]></system-err>
</testsuite>
