<?xml version="1.0" encoding="UTF-8"?>
<testsuite name="com.dotcms.auth.providers.jwt.factories.SecretKeySpecFactoryTest" tests="1" skipped="0" failures="0" errors="0" timestamp="2023-07-07T20:50:43" hostname="fv-az422-848" time="1.393">
  <properties/>
  <testcase name="readAndPrepareSecret" classname="com.dotcms.auth.providers.jwt.factories.SecretKeySpecFactoryTest" time="1.393"/>
  <system-out><![CDATA[7332a681cfbace8620c0eacf9e8463d88899f91058ceba302475cca3ba27f555b6ad9456867526ea3839ff5ce1608801980c246dcc7f84a1b5c1132458c4ac39
MySecretKey2
MySecretKey3
MySecretKey3
34566e671b21c951a58e81bdae7c19d2dbc6f94c8f4b8b6e0a4599135daea7be357ce46bf6b74165ad8b050e7e31d6f87c96f369f9e953623d473ec1988c8f97
eb150108fd5b2b275e84699bbf995706696a7855b14524870b1d61c6034fa62d4fe199c617d5aa341b13340be60d66a5a68da3bf645ac75ec49d632d5b55ad48
bec251969eec9644e3b91b530ab8f3e8359f33258635c0aa0a929373a8d3b9804a38f863dbef7bd44477e3130faeff69e5f45f157f406603be7bd67cb7140827
]]></system-out>
  <system-err><![CDATA[]]></system-err>
</testsuite>
