<?xml version="1.0" encoding="UTF-8"?>
<testsuite name="com.dotcms.auth.providers.jwt.factories.SecretKeySpecFactoryTest" tests="1" skipped="0" failures="0" errors="0" timestamp="2023-06-30T14:57:35" hostname="fv-az627-719" time="1.29">
  <properties/>
  <testcase name="readAndPrepareSecret" classname="com.dotcms.auth.providers.jwt.factories.SecretKeySpecFactoryTest" time="1.29"/>
  <system-out><![CDATA[5fc24bdfcdd6ea6b95a36e7dbadb3cbb262998f906b91aaf3a0a0beba1604a1cc15d3cdfa10a6b18967b0ed90a2b6a032c008ee85e8e0317177d3f10ea53ed04
MySecretKey2
MySecretKey3
MySecretKey3
5ac94114eabb5feb056573868d750aea7fce82757a7f53f66fa39ab71c4630091a917e96799e8c1085e29c57189202561f3b1217fc5f71852725fc774c9af693
22c6881b09d5848ae3a18b03b1679ac991f40b08bfd69cd5c671ed7b3ac696bc978964d178040bc24a547eec564bd248f8226fd59ee2c3bff6bd33f7c25f06c7
bdcfbd1231038ec2a1856e2ce9bd0616879cf062e7c7b494a24eefbc2182c16baf039452253279b550c7d55981e73d79893dbd7d903aae546247d6757be655b3
]]></system-out>
  <system-err><![CDATA[]]></system-err>
</testsuite>
