<?xml version="1.0" encoding="UTF-8"?>
<testsuite name="com.dotcms.auth.providers.jwt.factories.SecretKeySpecFactoryTest" tests="1" skipped="0" failures="0" errors="0" timestamp="2023-07-18T16:07:59" hostname="fv-az162-832" time="1.546">
  <properties/>
  <testcase name="readAndPrepareSecret" classname="com.dotcms.auth.providers.jwt.factories.SecretKeySpecFactoryTest" time="1.546"/>
  <system-out><![CDATA[434dab283e3d194c295cabcf2e8340ba7694c77267b476a5fce62e3d5eaa4da8415cc157c6de25f6de67a3a9bfa31607dce0692e0f160e7ac4ae2c4845c47bee
MySecretKey2
MySecretKey3
MySecretKey3
7f78b897410d46175f1c4d8ea05ce2810ed4410f69aca60e97981dbd8f99d6c08449b718f1c5fd42b6c70ffae80ddc0b9d193291ea8c9ceafbba0f2070f6928e
7f316470b97a5e9b4bc86b595f7c7f137154112d626a4272b69872e5b676f414bab8cb57db92e2d9cb897aa345bbf750b3e86b971bd70ccd1241d692a23ab4be
45ece626f8a81722535cc13214c010a9a43d1adcbd5980cfbc0262b2feab107762e880ada9ad793a573c994e2b82655f25ac0ac15cd39c17fef02d4c95489db4
]]></system-out>
  <system-err><![CDATA[]]></system-err>
</testsuite>
