<?xml version="1.0" encoding="UTF-8"?>
<testsuite name="com.dotcms.auth.providers.jwt.factories.SecretKeySpecFactoryTest" tests="1" skipped="0" failures="0" errors="0" timestamp="2023-06-22T23:33:39" hostname="fv-az620-565" time="1.893">
  <properties/>
  <testcase name="readAndPrepareSecret" classname="com.dotcms.auth.providers.jwt.factories.SecretKeySpecFactoryTest" time="1.893"/>
  <system-out><![CDATA[1673411560a67a39c897205a765d57934e70334816525699af372eb3e39809c992a7278f1f5d49bf4b9e11dcdfea9bc79136d04bcc2f95bd0ef2cbca1c3ed407
MySecretKey2
MySecretKey3
MySecretKey3
f9b2e0beb005877549fb16384241ad45e95ac6a26a0948527c15af296d39a3e2d42604e817c4bc2a6769a9c39ed1b5b2446d62ae91022104304f8ade4b862fef
51ebe161cabe995ad53ff761bb64e3a26830309a8474571f45f40894a7c5c0c495ad89cdeb9893a9a4210c66fee29a12860ccc67a03c262f2e924b409949454a
4a6838545835976d5f6621d5a14d56448a542368c7e936d771676e4516021514669ceb68e9c9547c4bb300a15694f14d3ac042640163d30f56184d8595a5e93d
]]></system-out>
  <system-err><![CDATA[]]></system-err>
</testsuite>
