<?xml version="1.0" encoding="UTF-8"?>
<testsuite name="com.dotmarketing.portlets.contentlet.model.ContentletTest" tests="1" skipped="0" failures="0" errors="0" timestamp="2023-06-29T23:05:06" hostname="fv-az803-935" time="0.03">
  <properties/>
  <testcase name="testGetTitle_WhenExistingTitleField_returnItsValue" classname="com.dotmarketing.portlets.contentlet.model.ContentletTest" time="0.03"/>
  <system-out><![CDATA[]]></system-out>
  <system-err><![CDATA[]]></system-err>
</testsuite>
