<?xml version="1.0" encoding="UTF-8"?>
<testsuite name="com.dotmarketing.business.cache.provider.CacheSizingUtilTest" tests="3" skipped="0" failures="0" errors="0" timestamp="2023-07-13T17:31:04" hostname="fv-az799-554" time="0.014">
  <properties/>
  <testcase name="test_sizeof_optional_works" classname="com.dotmarketing.business.cache.provider.CacheSizingUtilTest" time="0.004"/>
  <testcase name="test_sizeof_works" classname="com.dotmarketing.business.cache.provider.CacheSizingUtilTest" time="0.005"/>
  <testcase name="test_sizeof_null_works" classname="com.dotmarketing.business.cache.provider.CacheSizingUtilTest" time="0.005"/>
  <system-out><![CDATA[]]></system-out>
  <system-err><![CDATA[]]></system-err>
</testsuite>
