<?xml version="1.0" encoding="UTF-8"?>
<testsuite name="com.dotmarketing.portlets.rules.actionlet.PersonaActionletTest" tests="3" skipped="0" failures="0" errors="0" timestamp="2023-06-30T16:19:12" hostname="fv-az267-190" time="0.068">
  <properties/>
  <testcase name="testActionletSetsPersonaOnHappyPath" classname="com.dotmarketing.portlets.rules.actionlet.PersonaActionletTest" time="0.063"/>
  <testcase name="testActionletSetsPersonaFailsGracefullyWhenVisitorAbsent" classname="com.dotmarketing.portlets.rules.actionlet.PersonaActionletTest" time="0.003"/>
  <testcase name="testActionletSetsPersonaFailsGracefullyWhenPersonaMissing" classname="com.dotmarketing.portlets.rules.actionlet.PersonaActionletTest" time="0.002"/>
  <system-out><![CDATA[]]></system-out>
  <system-err><![CDATA[]]></system-err>
</testsuite>
