<?xml version="1.0" encoding="UTF-8"?>
<testsuite name="com.dotcms.auth.providers.jwt.factories.SecretKeySpecFactoryTest" tests="1" skipped="0" failures="0" errors="0" timestamp="2023-07-17T13:30:43" hostname="fv-az1256-342" time="1.433">
  <properties/>
  <testcase name="readAndPrepareSecret" classname="com.dotcms.auth.providers.jwt.factories.SecretKeySpecFactoryTest" time="1.433"/>
  <system-out><![CDATA[a740c7d207e4d32f75ad639ab7b2f9cc8008a874b07b65feff36364030d14950e0ae7072a67c122041d3a722158d4006ab01b28edd0aaafde0ff17a33aea7261
MySecretKey2
MySecretKey3
MySecretKey3
603c36fc5298a1068104c69ea9435aa88814c881994f09f2e6695804f2031a026ceb685b8ce9d666e980fa8e6daf9bc71520958fcaf1f52e3a3f2b890abf3fdd
6d1d07d4f621558501c7b8021de8fbd08923be2558512d4923d5782cb413a33751f7fd615baf2c51bb20f18a85d37101deae3549de8851423f64132d6f760e13
919b826998ce9b3b024999426c4558bccaffb2a7ad66b20277f9b8dc5a992410301c57a4e6d11facf7d47aa0ccbf183ae3ab44eb12a3acd7c0f2203843db6d65
]]></system-out>
  <system-err><![CDATA[]]></system-err>
</testsuite>
