<?xml version="1.0" encoding="UTF-8"?>
<testsuite name="com.dotmarketing.portlets.osgi.AJAX.OSGIBaseAJAXTest" tests="3" skipped="0" failures="0" errors="0" timestamp="2023-07-17T18:07:37" hostname="fv-az400-396" time="0.094">
  <properties/>
  <testcase name="TestOnNullCallTheDefaultCommand" classname="com.dotmarketing.portlets.osgi.AJAX.OSGIBaseAJAXTest" time="0.063"/>
  <testcase name="TestNotAllowedCommands" classname="com.dotmarketing.portlets.osgi.AJAX.OSGIBaseAJAXTest" time="0.003"/>
  <testcase name="TestAllowedCommands" classname="com.dotmarketing.portlets.osgi.AJAX.OSGIBaseAJAXTest" time="0.026"/>
  <system-out><![CDATA[ Command ::  forbiddenMethod  on  class Mock for OSGIAJAX, hashCode: 657222941
 Command ::  action  on  class Mock for OSGIAJAX, hashCode: 1292807095
 Command ::  restart  on  class Mock for OSGIAJAX, hashCode: 1292807095
 Command ::  start  on  class Mock for OSGIAJAX, hashCode: 1292807095
 Command ::  add  on  class Mock for OSGIAJAX, hashCode: 1292807095
 Command ::  stop  on  class Mock for OSGIAJAX, hashCode: 1292807095
 Command ::  undeploy  on  class Mock for OSGIAJAX, hashCode: 1292807095
 Command ::  modifyExtraPackages  on  class Mock for OSGIAJAX, hashCode: 1292807095
 Command ::  deploy  on  class Mock for OSGIAJAX, hashCode: 1292807095
 Command ::  remove  on  class Mock for OSGIAJAX, hashCode: 1292807095
 Command ::  getExtraPackages  on  class Mock for OSGIAJAX, hashCode: 1292807095
]]></system-out>
  <system-err><![CDATA[]]></system-err>
</testsuite>
