<?xml version="1.0" encoding="UTF-8"?>
<testsuite name="com.dotmarketing.portlets.osgi.AJAX.OSGIBaseAJAXTest" tests="3" skipped="0" failures="0" errors="0" timestamp="2023-06-26T18:29:06" hostname="fv-az306-701" time="0.05">
  <properties/>
  <testcase name="TestOnNullCallTheDefaultCommand" classname="com.dotmarketing.portlets.osgi.AJAX.OSGIBaseAJAXTest" time="0.036"/>
  <testcase name="TestNotAllowedCommands" classname="com.dotmarketing.portlets.osgi.AJAX.OSGIBaseAJAXTest" time="0.002"/>
  <testcase name="TestAllowedCommands" classname="com.dotmarketing.portlets.osgi.AJAX.OSGIBaseAJAXTest" time="0.011"/>
  <system-out><![CDATA[ Command ::  forbiddenMethod  on  class Mock for OSGIAJAX, hashCode: 1871625681
 Command ::  restart  on  class Mock for OSGIAJAX, hashCode: 858943217
 Command ::  start  on  class Mock for OSGIAJAX, hashCode: 858943217
 Command ::  add  on  class Mock for OSGIAJAX, hashCode: 858943217
 Command ::  stop  on  class Mock for OSGIAJAX, hashCode: 858943217
 Command ::  undeploy  on  class Mock for OSGIAJAX, hashCode: 858943217
 Command ::  modifyExtraPackages  on  class Mock for OSGIAJAX, hashCode: 858943217
 Command ::  deploy  on  class Mock for OSGIAJAX, hashCode: 858943217
 Command ::  remove  on  class Mock for OSGIAJAX, hashCode: 858943217
 Command ::  getExtraPackages  on  class Mock for OSGIAJAX, hashCode: 858943217
 Command ::  action  on  class Mock for OSGIAJAX, hashCode: 858943217
]]></system-out>
  <system-err><![CDATA[]]></system-err>
</testsuite>
