<?xml version="1.0" encoding="UTF-8"?>
<testsuite name="com.dotmarketing.portlets.workflows.ajax.WfBaseActionTest" tests="3" skipped="0" failures="0" errors="0" timestamp="2023-06-27T17:03:31" hostname="fv-az1135-364" time="0.213">
  <properties/>
  <testcase name="TestOnNullCallTheDefaultCommand" classname="com.dotmarketing.portlets.workflows.ajax.WfBaseActionTest" time="0.16"/>
  <testcase name="TestNotAllowedCommands" classname="com.dotmarketing.portlets.workflows.ajax.WfBaseActionTest" time="0.017"/>
  <testcase name="TestAllowedCommands" classname="com.dotmarketing.portlets.workflows.ajax.WfBaseActionTest" time="0.035"/>
  <system-out><![CDATA[ Command ::  forbiddenMethod  on  class Mock for WfRoleStoreAjax, hashCode: 505900409
 Command ::  forbiddenMethod  on  class Mock for WfSchemeAjax, hashCode: 659930454
 Command ::  forbiddenMethod  on  class Mock for WfTaskAjax, hashCode: 1348328163
 Command ::  forbiddenMethod  on  class Mock for WfActionAjax, hashCode: 1071663185
 Command ::  forbiddenMethod  on  class Mock for WfActionClassAjax, hashCode: 1440233373
 Command ::  rolesToJson  on  class Mock for WfRoleStoreAjax, hashCode: 1919748757
 Command ::  assignable  on  class Mock for WfRoleStoreAjax, hashCode: 1919748757
 Command ::  action  on  class Mock for WfRoleStoreAjax, hashCode: 1919748757
 Command ::  action  on  class Mock for WfSchemeAjax, hashCode: 1852813410
 Command ::  save  on  class Mock for WfSchemeAjax, hashCode: 1852813410
 Command ::  executeAction  on  class Mock for WfTaskAjax, hashCode: 678263834
 Command ::  action  on  class Mock for WfTaskAjax, hashCode: 678263834
 Command ::  executeActions  on  class Mock for WfTaskAjax, hashCode: 678263834
 Command ::  deleteActionForStep  on  class Mock for WfActionAjax, hashCode: 2083259360
 Command ::  add  on  class Mock for WfActionAjax, hashCode: 2083259360
 Command ::  action  on  class Mock for WfActionAjax, hashCode: 2083259360
 Command ::  reorder  on  class Mock for WfActionAjax, hashCode: 2083259360
 Command ::  delete  on  class Mock for WfActionAjax, hashCode: 2083259360
 Command ::  save  on  class Mock for WfActionAjax, hashCode: 2083259360
 Command ::  save  on  class Mock for WfActionClassAjax, hashCode: 1681230679
 Command ::  delete  on  class Mock for WfActionClassAjax, hashCode: 1681230679
 Command ::  reorder  on  class Mock for WfActionClassAjax, hashCode: 1681230679
 Command ::  action  on  class Mock for WfActionClassAjax, hashCode: 1681230679
 Command ::  add  on  class Mock for WfActionClassAjax, hashCode: 1681230679
]]></system-out>
  <system-err><![CDATA[]]></system-err>
</testsuite>
