<?xml version="1.0" encoding="UTF-8"?>
<testsuite name="com.dotcms.auth.providers.jwt.factories.SecretKeySpecFactoryTest" tests="1" skipped="0" failures="0" errors="0" timestamp="2023-07-13T21:22:36" hostname="fv-az810-341" time="1.355">
  <properties/>
  <testcase name="readAndPrepareSecret" classname="com.dotcms.auth.providers.jwt.factories.SecretKeySpecFactoryTest" time="1.355"/>
  <system-out><![CDATA[5e956ddaddcfc65b40156da328511f96511a1fc90eedba0ce613cf5d9fde9ee136fbb83466f2f1ed06c44356124ce036ff9fe94784ee45506032f1ffe33e89f8
MySecretKey2
MySecretKey3
MySecretKey3
3bd1794b49e653431d94e92b65d582805020977089a50edc3203a439f21bd1b8a272dd86bc348e5f26a07f68813ff48314fa4e8d096e23d41f97226f17d61fbb
a712b69ae1207db7685c3b4d180c4c065e118b0b56847be25ab90ba508bc079c14939192a66f3ad0c0cdd19fa1084ae6261366bf1510d61fd606f11a151703a8
b5147efd3595baef4f0fc67f4149a5984b9a98e7fc3b7a0631a36091583a39c7b00d0d0d20c20bdc4b08af0f94ef330dd83a5254d8e2d9160ed47a0a4f527d84
]]></system-out>
  <system-err><![CDATA[]]></system-err>
</testsuite>
