<?xml version="1.0" encoding="UTF-8"?>
<testsuite name="com.dotcms.auth.providers.jwt.factories.SecretKeySpecFactoryTest" tests="1" skipped="0" failures="0" errors="0" timestamp="2023-07-18T15:22:05" hostname="fv-az593-79" time="1.215">
  <properties/>
  <testcase name="readAndPrepareSecret" classname="com.dotcms.auth.providers.jwt.factories.SecretKeySpecFactoryTest" time="1.215"/>
  <system-out><![CDATA[b2c867bb8fcaa29e1280bebdfbb589f271ac2816dda0194a52e54ba92b1648d659541c05a735307b1642a56116237370af2b2c5d7126bfbcd4074f8fbe757f5a
MySecretKey2
MySecretKey3
MySecretKey3
a3a273bc544e89bb5a0ed744fcea884566e8bc3f40aa2a44d3dcbac0eae875a612b0f41429509ed98d17a48ada2078bef0f6c8ea09f5609a0606f2dc8b796918
f558a361ad0cf48613361632152317b1231fab90db57c65d95ed73a11ac3ce472a796e68d43e98f49d5909ad419a99451360fc8c2ac1e792cdd0acfef580c443
dc49bfe19de1bc208355791380328e03ccaead8631f10bfa97848534011f6873943b6ca33f752a86c961cfd05db751820fd744971c64f8b76a4ca4179a45e70f
]]></system-out>
  <system-err><![CDATA[]]></system-err>
</testsuite>
