<?xml version="1.0" encoding="UTF-8"?>
<testsuite name="com.dotmarketing.util.ContentTypeUtilTest" tests="1" skipped="0" failures="0" errors="0" timestamp="2023-07-20T16:36:29" hostname="fv-az445-516" time="0.139">
  <properties/>
  <testcase name="testGetActionUrl" classname="com.dotmarketing.util.ContentTypeUtilTest" time="0.139"/>
  <system-out><![CDATA[actionUrl = /ctx/portal_public/layout?p_l_id=71b8a1ca-37b6-4b6e-a43b-c7482f28db6c&p_p_id=content&p_p_action=1&p_p_state=maximized&_content_inode=&_content_referer=%2Fctx%2Fportal_public%2Flayout%3Fp_l_id%3D71b8a1ca-37b6-4b6e-a43b-c7482f28db6c%26p_p_id%3Dcontent%26p_p_action%3D1%26p_p_state%3Dmaximized%26_content_inode%3D%26_content_structure_id%3D38a3f133-85e1-4b07-b55e-179f38303b90%26_content_cmd%3Dnew%26_content_lang%3D1%26_content_struts_action%3D%252Fext%252Fcontentlet%252Fview_contentlets&_content_selectedStructure=38a3f133-85e1-4b07-b55e-179f38303b90&_content_cmd=new&_content_lang=1&_content_struts_action=%2Fext%2Fcontentlet%2Fedit_contentlet
]]></system-out>
  <system-err><![CDATA[]]></system-err>
</testsuite>
