<?xml version="1.0" encoding="UTF-8"?>
<testsuite name="com.dotcms.util.OptionalBooleanTest" tests="4" skipped="0" failures="0" errors="0" timestamp="2023-07-13T20:37:53" hostname="fv-az955-629" time="0.002">
  <properties/>
  <testcase name="testChain" classname="com.dotcms.util.OptionalBooleanTest" time="0.001"/>
  <testcase name="testFalse" classname="com.dotcms.util.OptionalBooleanTest" time="0.0"/>
  <testcase name="testNull" classname="com.dotcms.util.OptionalBooleanTest" time="0.0"/>
  <testcase name="testTrue" classname="com.dotcms.util.OptionalBooleanTest" time="0.001"/>
  <system-out><![CDATA[]]></system-out>
  <system-err><![CDATA[]]></system-err>
</testsuite>
