<?xml version="1.0" encoding="UTF-8"?>
<testsuite name="com.dotmarketing.portlets.rules.conditionlet.RequestParameterConditionletTest" tests="18" skipped="0" failures="0" errors="0" timestamp="2023-06-26T16:21:18" hostname="fv-az206-664" time="0.029">
  <properties/>
  <testcase name="testComparisons[0: Comparison 'Exists' should eval true for parameter value == '' and user value == ''.]" classname="com.dotmarketing.portlets.rules.conditionlet.RequestParameterConditionletTest" time="0.001"/>
  <testcase name="testComparisons[1: Comparison 'Exists' should eval false for parameter value == null and user value == ''.]" classname="com.dotmarketing.portlets.rules.conditionlet.RequestParameterConditionletTest" time="0.001"/>
  <testcase name="testComparisons[2: Comparison 'Is' should eval true for parameter value == '' and user value == ''.]" classname="com.dotmarketing.portlets.rules.conditionlet.RequestParameterConditionletTest" time="0.0"/>
  <testcase name="testComparisons[3: Comparison 'Is' should eval true for parameter value == '1' and user value == '1'.]" classname="com.dotmarketing.portlets.rules.conditionlet.RequestParameterConditionletTest" time="0.0"/>
  <testcase name="testComparisons[4: Comparison 'Is' should eval false for parameter value == '1' and user value == ''.]" classname="com.dotmarketing.portlets.rules.conditionlet.RequestParameterConditionletTest" time="0.0"/>
  <testcase name="testComparisons[5: Comparison 'Is' should not be case sensitive - should eval true for parameter value == 'One' and user value == 'one'.]" classname="com.dotmarketing.portlets.rules.conditionlet.RequestParameterConditionletTest" time="0.0"/>
  <testcase name="testComparisons[6: Comparison 'Is Not' should eval false for parameter value == '' and user value == ''.]" classname="com.dotmarketing.portlets.rules.conditionlet.RequestParameterConditionletTest" time="0.0"/>
  <testcase name="testComparisons[7: Comparison 'Is Not' should eval false for parameter value == '1' and user value == '1'.]" classname="com.dotmarketing.portlets.rules.conditionlet.RequestParameterConditionletTest" time="0.005"/>
  <testcase name="testComparisons[8: Comparison 'Is Not' should eval true for parameter value == '1' and user value == ''.]" classname="com.dotmarketing.portlets.rules.conditionlet.RequestParameterConditionletTest" time="0.001"/>
  <testcase name="testComparisons[9: Comparison 'Is Not' should eval true for parameter value == null and user value == 'any'.]" classname="com.dotmarketing.portlets.rules.conditionlet.RequestParameterConditionletTest" time="0.001"/>
  <testcase name="testComparisons[10: Comparison 'Is Not' should not be case sensitive - should eval false for parameter value == 'One' and user value == 'one'.]" classname="com.dotmarketing.portlets.rules.conditionlet.RequestParameterConditionletTest" time="0.0"/>
  <testcase name="testComparisons[11: Comparison 'Starts With' should eval true for parameter value == 'This is a test of the Request Parameter Conditionlet' and user value == 'this is a '.]" classname="com.dotmarketing.portlets.rules.conditionlet.RequestParameterConditionletTest" time="0.001"/>
  <testcase name="testComparisons[12: Comparison 'Starts With' should eval false for parameter value == 'This is a test of the Request Parameter Conditionlet' and user value == 'this is not'.]" classname="com.dotmarketing.portlets.rules.conditionlet.RequestParameterConditionletTest" time="0.001"/>
  <testcase name="testComparisons[13: Comparison 'Ends With' should eval true for parameter value == 'This is a test of the Request Parameter Conditionlet' and user value == 'Conditionlet'.]" classname="com.dotmarketing.portlets.rules.conditionlet.RequestParameterConditionletTest" time="0.001"/>
  <testcase name="testComparisons[14: Comparison 'Ends With' should eval false for parameter value == 'This is a test of the Request Parameter Conditionlet' and user value == 'test'.]" classname="com.dotmarketing.portlets.rules.conditionlet.RequestParameterConditionletTest" time="0.001"/>
  <testcase name="testComparisons[15: Comparison 'Contains' should eval true for parameter value == 'This is a test of the Request Parameter Conditionlet' and user value == 'test of'.]" classname="com.dotmarketing.portlets.rules.conditionlet.RequestParameterConditionletTest" time="0.002"/>
  <testcase name="testComparisons[16: Comparison 'Ends With' should eval false for parameter value == 'This is a test of the Request Parameter Conditionlet' and user value == 'bob'.]" classname="com.dotmarketing.portlets.rules.conditionlet.RequestParameterConditionletTest" time="0.001"/>
  <testcase name="testComparisons[17: Comparison 'Regex' should eval true for parameter value == 'This is a test of the Request Parameter Conditionlet' and user value == '.*test.*Parameter.*'.]" classname="com.dotmarketing.portlets.rules.conditionlet.RequestParameterConditionletTest" time="0.0"/>
  <system-out><![CDATA[]]></system-out>
  <system-err><![CDATA[]]></system-err>
</testsuite>
