<?xml version="1.0" encoding="UTF-8"?>
<testsuite name="com.dotcms.rest.api.v1.system.i18n.I18NResourceTest" tests="14" skipped="0" failures="0" errors="0" timestamp="2023-06-23T20:55:04" hostname="fv-az341-124" time="0.084">
  <properties/>
  <testcase name="testMessageToJsonDoesNotAllowNullRoot" classname="com.dotcms.rest.api.v1.system.i18n.I18NResourceTest" time="0.047"/>
  <testcase name="testMessageToJsonProvidesSimpleKeyValueAtRoot" classname="com.dotcms.rest.api.v1.system.i18n.I18NResourceTest" time="0.017"/>
  <testcase name="testName" classname="com.dotcms.rest.api.v1.system.i18n.I18NResourceTest" time="0.001"/>
  <testcase name="testMessageToJsonProvidesChildTreeEvenIfValueAlreadyPresentForKey" classname="com.dotcms.rest.api.v1.system.i18n.I18NResourceTest" time="0.003"/>
  <testcase name="testGetSubTreeReturnsEndOfTreeWhenEndKeyTokenIsAfterLastElement" classname="com.dotcms.rest.api.v1.system.i18n.I18NResourceTest" time="0.0"/>
  <testcase name="testCheckHasResultThrowsExceptionWhenNoResult" classname="com.dotcms.rest.api.v1.system.i18n.I18NResourceTest" time="0.006"/>
  <testcase name="testCheckHasResultDoesNotThrowForMultipleResults" classname="com.dotcms.rest.api.v1.system.i18n.I18NResourceTest" time="0.007"/>
  <testcase name="testGetSubTreeReturnsMiddleOfTreeWhenKeysLieWithinBoundsOfMap" classname="com.dotcms.rest.api.v1.system.i18n.I18NResourceTest" time="0.0"/>
  <testcase name="testMessageToJsonProvidesDottedResultAsNestedJsonObject" classname="com.dotcms.rest.api.v1.system.i18n.I18NResourceTest" time="0.0"/>
  <testcase name="testCheckHasResultDoesNotThrowForSingleResult" classname="com.dotcms.rest.api.v1.system.i18n.I18NResourceTest" time="0.0"/>
  <testcase name="testGetSubTreeReturnsAllChildrenWhenParentRequestedUsingEqualStartAndEndKeys" classname="com.dotcms.rest.api.v1.system.i18n.I18NResourceTest" time="0.0"/>
  <testcase name="testCheckHasResultDoesNotThrowForSingleAndMultipleResults" classname="com.dotcms.rest.api.v1.system.i18n.I18NResourceTest" time="0.0"/>
  <testcase name="testGetSubTreeReturnsStartOfTreeWhenStartKeyTokenIsBeforeFirstElement" classname="com.dotcms.rest.api.v1.system.i18n.I18NResourceTest" time="0.0"/>
  <testcase name="testMessageToJsonDoesNotAllowEmptyPathKeys" classname="com.dotcms.rest.api.v1.system.i18n.I18NResourceTest" time="0.0"/>
  <system-out><![CDATA[]]></system-out>
  <system-err><![CDATA[]]></system-err>
</testsuite>
