<?xml version="1.0" encoding="UTF-8"?>
<testsuite name="com.dotcms.auth.providers.jwt.factories.SecretKeySpecFactoryTest" tests="1" skipped="0" failures="0" errors="0" timestamp="2023-07-05T20:53:22" hostname="fv-az1098-920" time="1.27">
  <properties/>
  <testcase name="readAndPrepareSecret" classname="com.dotcms.auth.providers.jwt.factories.SecretKeySpecFactoryTest" time="1.27"/>
  <system-out><![CDATA[9f601f29b9eb8cd8a73a760602a9b220d7439023942124debb3b7608e2a049867881ea72595b5b1fecc0e8f35c4a13a00065ba1a276e6cf43b06f351fc73c32d
MySecretKey2
MySecretKey3
MySecretKey3
c9d63e08e8524b01e712caaa3832e3c301be16992aa2983b785ed434b83cf9e196124c896b2e02f2e098d3d499d68a19c53c40548c895d4dc2dd04931886fb2a
a88911faa7900c033508689dfef176eb9bf77ab26ca350da9aa00a48bf6c9f02890abda7b844fc945fa97a34661b0ca147849af9a260ed219fc8dacc625648d1
d269fb5021e17e3a7020fdd852521ad215dfaf1330e6f8104a3ed62b33b6f77a066b9deb2faddee72e59d91019d25f7c1f2032d697174d063da2a1e5263a781c
]]></system-out>
  <system-err><![CDATA[]]></system-err>
</testsuite>
