<?xml version="1.0" encoding="UTF-8"?>
<testsuite name="com.dotcms.util.pagination.SiteViewPaginatorUnitTest" tests="2" skipped="0" failures="0" errors="0" timestamp="2023-07-14T19:18:53" hostname="fv-az365-508" time="0.171">
  <properties/>
  <testcase name="Test_Get_Items_Sorted_Pages" classname="com.dotcms.util.pagination.SiteViewPaginatorUnitTest" time="0.118"/>
  <testcase name="Test_Get_Items_Page_Size" classname="com.dotcms.util.pagination.SiteViewPaginatorUnitTest" time="0.053"/>
  <system-out><![CDATA[SYSTEM_HOST
0
1
3
4
6
8
]]></system-out>
  <system-err><![CDATA[]]></system-err>
</testsuite>
