<?xml version="1.0" encoding="UTF-8"?>
<testsuite xmlns:xsi="http://www.w3.org/2001/XMLSchema-instance" xsi:noNamespaceSchemaLocation="https://maven.apache.org/surefire/maven-surefire-plugin/xsd/surefire-test-report-3.0.xsd" version="3.0" name="com.dotcms.api.traversal.FolderTraversalServiceIntegrationTest" time="12.745" tests="9" errors="0" skipped="0" failures="0">
  <properties>
    <property name="awt.toolkit" value="sun.awt.X11.XToolkit"/>
    <property name="java.specification.version" value="11"/>
    <property name="sun.cpu.isalist" value=""/>
    <property name="test.url" value="http://localhost:8081"/>
    <property name="sun.jnu.encoding" value="UTF-8"/>
    <property name="java.class.path" value="/home/runner/work/core/core/tools/dotcms-cli/api-data-model/target/test-classes:/home/runner/work/core/core/tools/dotcms-cli/api-data-model/target/classes:/home/runner/.m2/repository/io/quarkus/quarkus-arc/2.9.1.Final/quarkus-arc-2.9.1.Final.jar:/home/runner/.m2/repository/io/quarkus/arc/arc/2.9.1.Final/arc-2.9.1.Final.jar:/home/runner/.m2/repository/jakarta/enterprise/jakarta.enterprise.cdi-api/2.0.2/jakarta.enterprise.cdi-api-2.0.2.jar:/home/runner/.m2/repository/jakarta/el/jakarta.el-api/3.0.3/jakarta.el-api-3.0.3.jar:/home/runner/.m2/repository/jakarta/annotation/jakarta.annotation-api/1.3.5/jakarta.annotation-api-1.3.5.jar:/home/runner/.m2/repository/jakarta/transaction/jakarta.transaction-api/1.3.3/jakarta.transaction-api-1.3.3.jar:/home/runner/.m2/repository/org/jboss/logging/jboss-logging/3.4.3.Final/jboss-logging-3.4.3.Final.jar:/home/runner/.m2/repository/io/quarkus/quarkus-core/2.9.1.Final/quarkus-core-2.9.1.Final.jar:/home/runner/.m2/repository/jakarta/inject/jakarta.inject-api/1.0/jakarta.inject-api-1.0.jar:/home/runner/.m2/repository/io/quarkus/quarkus-ide-launcher/2.9.1.Final/quarkus-ide-launcher-2.9.1.Final.jar:/home/runner/.m2/repository/io/quarkus/quarkus-development-mode-spi/2.9.1.Final/quarkus-development-mode-spi-2.9.1.Final.jar:/home/runner/.m2/repository/io/smallrye/config/smallrye-config/2.10.0/smallrye-config-2.10.0.jar:/home/runner/.m2/repository/io/smallrye/config/smallrye-config-core/2.10.0/smallrye-config-core-2.10.0.jar:/home/runner/.m2/repository/io/smallrye/common/smallrye-common-expression/1.11.0/smallrye-common-expression-1.11.0.jar:/home/runner/.m2/repository/io/smallrye/common/smallrye-common-function/1.11.0/smallrye-common-function-1.11.0.jar:/home/runner/.m2/repository/io/smallrye/common/smallrye-common-classloader/1.11.0/smallrye-common-classloader-1.11.0.jar:/home/runner/.m2/repository/io/smallrye/config/smallrye-config-common/2.10.0/smallrye-config-common-2.10.0.jar:/home/runner/.m2/repository/org/jboss/logmanager/jboss-logmanager-embedded/1.0.9/jboss-logmanager-embedded-1.0.9.jar:/home/runner/.m2/repository/org/jboss/logging/jboss-logging-annotations/2.2.1.Final/jboss-logging-annotations-2.2.1.Final.jar:/home/runner/.m2/repository/org/jboss/threads/jboss-threads/3.4.2.Final/jboss-threads-3.4.2.Final.jar:/home/runner/.m2/repository/org/jboss/slf4j/slf4j-jboss-logmanager/1.1.0.Final/slf4j-jboss-logmanager-1.1.0.Final.jar:/home/runner/.m2/repository/org/graalvm/sdk/graal-sdk/22.0.0.2/graal-sdk-22.0.0.2.jar:/home/runner/.m2/repository/org/wildfly/common/wildfly-common/1.5.4.Final-format-001/wildfly-common-1.5.4.Final-format-001.jar:/home/runner/.m2/repository/io/quarkus/quarkus-bootstrap-runner/2.9.1.Final/quarkus-bootstrap-runner-2.9.1.Final.jar:/home/runner/.m2/repository/io/quarkus/quarkus-fs-util/0.0.9/quarkus-fs-util-0.0.9.jar:/home/runner/.m2/repository/org/eclipse/microprofile/context-propagation/microprofile-context-propagation-api/1.2/microprofile-context-propagation-api-1.2.jar:/home/runner/.m2/repository/io/quarkus/quarkus-junit5/2.9.1.Final/quarkus-junit5-2.9.1.Final.jar:/home/runner/.m2/repository/io/quarkus/quarkus-bootstrap-core/2.9.1.Final/quarkus-bootstrap-core-2.9.1.Final.jar:/home/runner/.m2/repository/io/quarkus/quarkus-bootstrap-app-model/2.9.1.Final/quarkus-bootstrap-app-model-2.9.1.Final.jar:/home/runner/.m2/repository/io/quarkus/quarkus-bootstrap-gradle-resolver/2.9.1.Final/quarkus-bootstrap-gradle-resolver-2.9.1.Final.jar:/home/runner/.m2/repository/io/smallrye/common/smallrye-common-io/1.11.0/smallrye-common-io-1.11.0.jar:/home/runner/.m2/repository/org/eclipse/sisu/org.eclipse.sisu.inject/0.3.5/org.eclipse.sisu.inject-0.3.5.jar:/home/runner/.m2/repository/io/quarkus/quarkus-test-common/2.9.1.Final/quarkus-test-common-2.9.1.Final.jar:/home/runner/.m2/repository/io/quarkus/quarkus-core-deployment/2.9.1.Final/quarkus-core-deployment-2.9.1.Final.jar:/home/runner/.m2/repository/org/aesh/readline/2.2/readline-2.2.jar:/home/runner/.m2/repository/org/fusesource/jansi/jansi/1.18/jansi-1.18.jar:/home/runner/.m2/repository/org/aesh/aesh/2.6/aesh-2.6.jar:/home/runner/.m2/repository/io/quarkus/gizmo/gizmo/1.0.10.Final/gizmo-1.0.10.Final.jar:/home/runner/.m2/repository/org/ow2/asm/asm-util/9.2/asm-util-9.2.jar:/home/runner/.m2/repository/org/ow2/asm/asm/9.3/asm-9.3.jar:/home/runner/.m2/repository/org/ow2/asm/asm-commons/9.3/asm-commons-9.3.jar:/home/runner/.m2/repository/org/ow2/asm/asm-tree/9.3/asm-tree-9.3.jar:/home/runner/.m2/repository/org/ow2/asm/asm-analysis/9.3/asm-analysis-9.3.jar:/home/runner/.m2/repository/io/quarkus/quarkus-class-change-agent/2.9.1.Final/quarkus-class-change-agent-2.9.1.Final.jar:/home/runner/.m2/repository/io/quarkus/quarkus-devtools-utilities/2.9.1.Final/quarkus-devtools-utilities-2.9.1.Final.jar:/home/runner/.m2/repository/io/quarkus/quarkus-builder/2.9.1.Final/quarkus-builder-2.9.1.Final.jar:/home/runner/.m2/repository/org/junit/platform/junit-platform-launcher/1.8.2/junit-platform-launcher-1.8.2.jar:/home/runner/.m2/repository/org/jboss/jandex/2.4.2.Final/jandex-2.4.2.Final.jar:/home/runner/.m2/repository/io/quarkus/quarkus-junit5-properties/2.9.1.Final/quarkus-junit5-properties-2.9.1.Final.jar:/home/runner/.m2/repository/com/thoughtworks/xstream/xstream/1.4.19/xstream-1.4.19.jar:/home/runner/.m2/repository/io/github/x-stream/mxparser/1.2.2/mxparser-1.2.2.jar:/home/runner/.m2/repository/xmlpull/xmlpull/1.1.3.1/xmlpull-1.1.3.1.jar:/home/runner/.m2/repository/org/immutables/value/2.8.2/value-2.8.2.jar:/home/runner/.m2/repository/io/quarkus/quarkus-resteasy-reactive-jackson/2.9.1.Final/quarkus-resteasy-reactive-jackson-2.9.1.Final.jar:/home/runner/.m2/repository/io/quarkus/quarkus-resteasy-reactive/2.9.1.Final/quarkus-resteasy-reactive-2.9.1.Final.jar:/home/runner/.m2/repository/io/quarkus/quarkus-resteasy-reactive-common/2.9.1.Final/quarkus-resteasy-reactive-common-2.9.1.Final.jar:/home/runner/.m2/repository/io/quarkus/resteasy/reactive/resteasy-reactive-common/2.9.1.Final/resteasy-reactive-common-2.9.1.Final.jar:/home/runner/.m2/repository/io/quarkus/resteasy/reactive/resteasy-reactive-vertx/2.9.1.Final/resteasy-reactive-vertx-2.9.1.Final.jar:/home/runner/.m2/repository/io/smallrye/reactive/smallrye-mutiny-vertx-core/2.21.0/smallrye-mutiny-vertx-core-2.21.0.jar:/home/runner/.m2/repository/io/smallrye/reactive/smallrye-mutiny-vertx-runtime/2.21.0/smallrye-mutiny-vertx-runtime-2.21.0.jar:/home/runner/.m2/repository/io/smallrye/reactive/vertx-mutiny-generator/2.21.0/vertx-mutiny-generator-2.21.0.jar:/home/runner/.m2/repository/io/vertx/vertx-codegen/4.2.7/vertx-codegen-4.2.7.jar:/home/runner/.m2/repository/io/quarkus/resteasy/reactive/resteasy-reactive/2.9.1.Final/resteasy-reactive-2.9.1.Final.jar:/home/runner/.m2/repository/org/jboss/spec/javax/ws/rs/jboss-jaxrs-api_2.1_spec/2.0.1.Final/jboss-jaxrs-api_2.1_spec-2.0.1.Final.jar:/home/runner/.m2/repository/io/quarkus/quarkus-jsonp/2.9.1.Final/quarkus-jsonp-2.9.1.Final.jar:/home/runner/.m2/repository/org/glassfish/jakarta.json/1.1.6/jakarta.json-1.1.6.jar:/home/runner/.m2/repository/io/quarkus/quarkus-resteasy-reactive-jackson-common/2.9.1.Final/quarkus-resteasy-reactive-jackson-common-2.9.1.Final.jar:/home/runner/.m2/repository/io/quarkus/resteasy/reactive/resteasy-reactive-jackson/2.9.1.Final/resteasy-reactive-jackson-2.9.1.Final.jar:/home/runner/.m2/repository/com/google/code/findbugs/jsr305/3.0.2/jsr305-3.0.2.jar:/home/runner/.m2/repository/io/rest-assured/rest-assured/4.5.1/rest-assured-4.5.1.jar:/home/runner/.m2/repository/org/codehaus/groovy/groovy/3.0.9/groovy-3.0.9.jar:/home/runner/.m2/repository/org/codehaus/groovy/groovy-xml/3.0.9/groovy-xml-3.0.9.jar:/home/runner/.m2/repository/org/apache/httpcomponents/httpclient/4.5.13/httpclient-4.5.13.jar:/home/runner/.m2/repository/org/apache/httpcomponents/httpcore/4.4.15/httpcore-4.4.15.jar:/home/runner/.m2/repository/commons-codec/commons-codec/1.15/commons-codec-1.15.jar:/home/runner/.m2/repository/org/apache/httpcomponents/httpmime/4.5.13/httpmime-4.5.13.jar:/home/runner/.m2/repository/org/hamcrest/hamcrest/2.1/hamcrest-2.1.jar:/home/runner/.m2/repository/org/ccil/cowan/tagsoup/tagsoup/1.2.1/tagsoup-1.2.1.jar:/home/runner/.m2/repository/io/rest-assured/json-path/4.5.1/json-path-4.5.1.jar:/home/runner/.m2/repository/org/codehaus/groovy/groovy-json/3.0.9/groovy-json-3.0.9.jar:/home/runner/.m2/repository/io/rest-assured/rest-assured-common/4.5.1/rest-assured-common-4.5.1.jar:/home/runner/.m2/repository/io/rest-assured/xml-path/4.5.1/xml-path-4.5.1.jar:/home/runner/.m2/repository/org/apache/commons/commons-lang3/3.12.0/commons-lang3-3.12.0.jar:/home/runner/.m2/repository/com/github/jonpeterson/jackson-module-model-versioning/1.2.2/jackson-module-model-versioning-1.2.2.jar:/home/runner/.m2/repository/com/fasterxml/jackson/core/jackson-databind/2.13.2.2/jackson-databind-2.13.2.2.jar:/home/runner/.m2/repository/com/fasterxml/jackson/core/jackson-annotations/2.13.2/jackson-annotations-2.13.2.jar:/home/runner/.m2/repository/com/fasterxml/jackson/datatype/jackson-datatype-guava/2.13.3/jackson-datatype-guava-2.13.3.jar:/home/runner/.m2/repository/com/google/guava/guava/31.1-jre/guava-31.1-jre.jar:/home/runner/.m2/repository/com/google/guava/failureaccess/1.0.1/failureaccess-1.0.1.jar:/home/runner/.m2/repository/org/checkerframework/checker-qual/3.21.4/checker-qual-3.21.4.jar:/home/runner/.m2/repository/com/google/errorprone/error_prone_annotations/2.13.1/error_prone_annotations-2.13.1.jar:/home/runner/.m2/repository/com/google/j2objc/j2objc-annotations/1.3/j2objc-annotations-1.3.jar:/home/runner/.m2/repository/com/fasterxml/jackson/core/jackson-core/2.13.2/jackson-core-2.13.2.jar:/home/runner/.m2/repository/io/quarkus/quarkus-smallrye-openapi/2.9.1.Final/quarkus-smallrye-openapi-2.9.1.Final.jar:/home/runner/.m2/repository/io/smallrye/smallrye-open-api-core/2.1.22/smallrye-open-api-core-2.1.22.jar:/home/runner/.m2/repository/org/eclipse/microprofile/openapi/microprofile-openapi-api/2.0.1/microprofile-openapi-api-2.0.1.jar:/home/runner/.m2/repository/org/eclipse/microprofile/config/microprofile-config-api/2.0.1/microprofile-config-api-2.0.1.jar:/home/runner/.m2/repository/io/quarkus/quarkus-vertx-http/2.9.1.Final/quarkus-vertx-http-2.9.1.Final.jar:/home/runner/.m2/repository/io/quarkus/quarkus-security-runtime-spi/2.9.1.Final/quarkus-security-runtime-spi-2.9.1.Final.jar:/home/runner/.m2/repository/io/quarkus/quarkus-mutiny/2.9.1.Final/quarkus-mutiny-2.9.1.Final.jar:/home/runner/.m2/repository/io/smallrye/reactive/mutiny/1.4.0/mutiny-1.4.0.jar:/home/runner/.m2/repository/io/quarkus/quarkus-smallrye-context-propagation/2.9.1.Final/quarkus-smallrye-context-propagation-2.9.1.Final.jar:/home/runner/.m2/repository/io/smallrye/smallrye-context-propagation/1.2.2/smallrye-context-propagation-1.2.2.jar:/home/runner/.m2/repository/io/smallrye/smallrye-context-propagation-api/1.2.2/smallrye-context-propagation-api-1.2.2.jar:/home/runner/.m2/repository/io/smallrye/smallrye-context-propagation-storage/1.2.2/smallrye-context-propagation-storage-1.2.2.jar:/home/runner/.m2/repository/io/smallrye/reactive/mutiny-smallrye-context-propagation/1.4.0/mutiny-smallrye-context-propagation-1.4.0.jar:/home/runner/.m2/repository/io/smallrye/common/smallrye-common-vertx-context/1.11.0/smallrye-common-vertx-context-1.11.0.jar:/home/runner/.m2/repository/io/vertx/vertx-core/4.2.7/vertx-core-4.2.7.jar:/home/runner/.m2/repository/io/netty/netty-common/4.1.74.Final/netty-common-4.1.74.Final.jar:/home/runner/.m2/repository/io/netty/netty-buffer/4.1.74.Final/netty-buffer-4.1.74.Final.jar:/home/runner/.m2/repository/io/netty/netty-transport/4.1.74.Final/netty-transport-4.1.74.Final.jar:/home/runner/.m2/repository/io/netty/netty-handler/4.1.74.Final/netty-handler-4.1.74.Final.jar:/home/runner/.m2/repository/io/netty/netty-tcnative-classes/2.0.48.Final/netty-tcnative-classes-2.0.48.Final.jar:/home/runner/.m2/repository/io/netty/netty-handler-proxy/4.1.74.Final/netty-handler-proxy-4.1.74.Final.jar:/home/runner/.m2/repository/io/netty/netty-codec-socks/4.1.74.Final/netty-codec-socks-4.1.74.Final.jar:/home/runner/.m2/repository/io/netty/netty-codec-http/4.1.74.Final/netty-codec-http-4.1.74.Final.jar:/home/runner/.m2/repository/io/netty/netty-codec-http2/4.1.74.Final/netty-codec-http2-4.1.74.Final.jar:/home/runner/.m2/repository/io/netty/netty-resolver/4.1.74.Final/netty-resolver-4.1.74.Final.jar:/home/runner/.m2/repository/io/netty/netty-resolver-dns/4.1.74.Final/netty-resolver-dns-4.1.74.Final.jar:/home/runner/.m2/repository/io/netty/netty-codec-dns/4.1.74.Final/netty-codec-dns-4.1.74.Final.jar:/home/runner/.m2/repository/io/smallrye/common/smallrye-common-constraint/1.11.0/smallrye-common-constraint-1.11.0.jar:/home/runner/.m2/repository/io/quarkus/quarkus-vertx-http-dev-console-runtime-spi/2.9.1.Final/quarkus-vertx-http-dev-console-runtime-spi-2.9.1.Final.jar:/home/runner/.m2/repository/io/quarkus/security/quarkus-security/1.1.4.Final/quarkus-security-1.1.4.Final.jar:/home/runner/.m2/repository/io/quarkus/quarkus-vertx/2.9.1.Final/quarkus-vertx-2.9.1.Final.jar:/home/runner/.m2/repository/io/quarkus/quarkus-netty/2.9.1.Final/quarkus-netty-2.9.1.Final.jar:/home/runner/.m2/repository/io/netty/netty-codec/4.1.74.Final/netty-codec-4.1.74.Final.jar:/home/runner/.m2/repository/io/netty/netty-codec-haproxy/4.1.74.Final/netty-codec-haproxy-4.1.74.Final.jar:/home/runner/.m2/repository/io/smallrye/common/smallrye-common-annotation/1.11.0/smallrye-common-annotation-1.11.0.jar:/home/runner/.m2/repository/io/smallrye/smallrye-fault-tolerance-vertx/5.4.0/smallrye-fault-tolerance-vertx-5.4.0.jar:/home/runner/.m2/repository/io/smallrye/reactive/smallrye-mutiny-vertx-web/2.21.0/smallrye-mutiny-vertx-web-2.21.0.jar:/home/runner/.m2/repository/io/smallrye/reactive/smallrye-mutiny-vertx-web-common/2.21.0/smallrye-mutiny-vertx-web-common-2.21.0.jar:/home/runner/.m2/repository/io/smallrye/reactive/smallrye-mutiny-vertx-auth-common/2.21.0/smallrye-mutiny-vertx-auth-common-2.21.0.jar:/home/runner/.m2/repository/io/smallrye/reactive/smallrye-mutiny-vertx-bridge-common/2.21.0/smallrye-mutiny-vertx-bridge-common-2.21.0.jar:/home/runner/.m2/repository/io/vertx/vertx-web/4.2.7/vertx-web-4.2.7.jar:/home/runner/.m2/repository/io/vertx/vertx-web-common/4.2.7/vertx-web-common-4.2.7.jar:/home/runner/.m2/repository/io/vertx/vertx-auth-common/4.2.7/vertx-auth-common-4.2.7.jar:/home/runner/.m2/repository/io/vertx/vertx-bridge-common/4.2.7/vertx-bridge-common-4.2.7.jar:/home/runner/.m2/repository/io/quarkus/quarkus-swagger-ui/2.9.1.Final/quarkus-swagger-ui-2.9.1.Final.jar:/home/runner/.m2/repository/io/quarkus/quarkus-rest-client/2.9.1.Final/quarkus-rest-client-2.9.1.Final.jar:/home/runner/.m2/repository/io/quarkus/quarkus-resteasy-common/2.9.1.Final/quarkus-resteasy-common-2.9.1.Final.jar:/home/runner/.m2/repository/org/jboss/resteasy/resteasy-core/4.7.5.Final/resteasy-core-4.7.5.Final.jar:/home/runner/.m2/repository/org/jboss/resteasy/resteasy-core-spi/4.7.5.Final/resteasy-core-spi-4.7.5.Final.jar:/home/runner/.m2/repository/org/reactivestreams/reactive-streams/1.0.3/reactive-streams-1.0.3.jar:/home/runner/.m2/repository/jakarta/validation/jakarta.validation-api/2.0.2/jakarta.validation-api-2.0.2.jar:/home/runner/.m2/repository/com/ibm/async/asyncutil/0.1.0/asyncutil-0.1.0.jar:/home/runner/.m2/repository/com/sun/activation/jakarta.activation/1.2.1/jakarta.activation-1.2.1.jar:/home/runner/.m2/repository/io/quarkus/quarkus-apache-httpclient/2.9.1.Final/quarkus-apache-httpclient-2.9.1.Final.jar:/home/runner/.m2/repository/io/quarkus/quarkus-rest-client-config/2.9.1.Final/quarkus-rest-client-config-2.9.1.Final.jar:/home/runner/.m2/repository/org/eclipse/microprofile/rest/client/microprofile-rest-client-api/2.0/microprofile-rest-client-api-2.0.jar:/home/runner/.m2/repository/org/jboss/resteasy/resteasy-client-microprofile/4.7.5.Final/resteasy-client-microprofile-4.7.5.Final.jar:/home/runner/.m2/repository/org/jboss/resteasy/resteasy-client-microprofile-base/4.7.5.Final/resteasy-client-microprofile-base-4.7.5.Final.jar:/home/runner/.m2/repository/org/jboss/resteasy/resteasy-client/4.7.5.Final/resteasy-client-4.7.5.Final.jar:/home/runner/.m2/repository/org/jboss/resteasy/resteasy-client-api/4.7.5.Final/resteasy-client-api-4.7.5.Final.jar:/home/runner/.m2/repository/commons-io/commons-io/2.11.0/commons-io-2.11.0.jar:/home/runner/.m2/repository/org/jboss/resteasy/resteasy-cdi/4.7.5.Final/resteasy-cdi-4.7.5.Final.jar:/home/runner/.m2/repository/jakarta/interceptor/jakarta.interceptor-api/1.2.5/jakarta.interceptor-api-1.2.5.jar:/home/runner/.m2/repository/org/apache/httpcomponents/httpasyncclient/4.1.5/httpasyncclient-4.1.5.jar:/home/runner/.m2/repository/org/apache/httpcomponents/httpcore-nio/4.4.15/httpcore-nio-4.4.15.jar:/home/runner/.m2/repository/org/jboss/logging/commons-logging-jboss-logging/1.0.0.Final/commons-logging-jboss-logging-1.0.0.Final.jar:/home/runner/.m2/repository/io/quarkus/quarkus-rest-client-jackson/2.9.1.Final/quarkus-rest-client-jackson-2.9.1.Final.jar:/home/runner/.m2/repository/io/quarkus/quarkus-jackson/2.9.1.Final/quarkus-jackson-2.9.1.Final.jar:/home/runner/.m2/repository/com/fasterxml/jackson/datatype/jackson-datatype-jsr310/2.13.2/jackson-datatype-jsr310-2.13.2.jar:/home/runner/.m2/repository/com/fasterxml/jackson/datatype/jackson-datatype-jdk8/2.13.2/jackson-datatype-jdk8-2.13.2.jar:/home/runner/.m2/repository/com/fasterxml/jackson/module/jackson-module-parameter-names/2.13.2/jackson-module-parameter-names-2.13.2.jar:/home/runner/.m2/repository/org/jboss/resteasy/resteasy-jackson2-provider/4.7.5.Final/resteasy-jackson2-provider-4.7.5.Final.jar:/home/runner/.m2/repository/com/fasterxml/jackson/jaxrs/jackson-jaxrs-json-provider/2.13.2/jackson-jaxrs-json-provider-2.13.2.jar:/home/runner/.m2/repository/com/fasterxml/jackson/jaxrs/jackson-jaxrs-base/2.13.2/jackson-jaxrs-base-2.13.2.jar:/home/runner/.m2/repository/com/fasterxml/jackson/module/jackson-module-jaxb-annotations/2.13.2/jackson-module-jaxb-annotations-2.13.2.jar:/home/runner/.m2/repository/com/github/java-json-tools/json-patch/1.13/json-patch-1.13.jar:/home/runner/.m2/repository/com/github/java-json-tools/msg-simple/1.2/msg-simple-1.2.jar:/home/runner/.m2/repository/com/github/java-json-tools/btf/1.3/btf-1.3.jar:/home/runner/.m2/repository/com/github/java-json-tools/jackson-coreutils/2.0/jackson-coreutils-2.0.jar:/home/runner/.m2/repository/org/jboss/spec/javax/xml/bind/jboss-jaxb-api_2.3_spec/2.0.0.Final/jboss-jaxb-api_2.3_spec-2.0.0.Final.jar:/home/runner/.m2/repository/com/fasterxml/jackson/dataformat/jackson-dataformat-yaml/2.13.2/jackson-dataformat-yaml-2.13.2.jar:/home/runner/.m2/repository/org/yaml/snakeyaml/1.30/snakeyaml-1.30.jar:/home/runner/.m2/repository/io/quarkus/quarkus-devtools-registry-client/2.9.1.Final/quarkus-devtools-registry-client-2.9.1.Final.jar:/home/runner/.m2/repository/io/quarkus/quarkus-devtools-artifact-api/2.9.1.Final/quarkus-devtools-artifact-api-2.9.1.Final.jar:/home/runner/.m2/repository/io/quarkus/quarkus-devtools-message-writer/2.9.1.Final/quarkus-devtools-message-writer-2.9.1.Final.jar:/home/runner/.m2/repository/io/smallrye/common/smallrye-common-os/1.11.0/smallrye-common-os-1.11.0.jar:/home/runner/.m2/repository/io/quarkus/quarkus-bootstrap-maven-resolver/2.9.1.Final/quarkus-bootstrap-maven-resolver-2.9.1.Final.jar:/home/runner/.m2/repository/org/apache/maven/maven-embedder/3.8.4/maven-embedder-3.8.4.jar:/home/runner/.m2/repository/org/apache/maven/maven-settings/3.8.4/maven-settings-3.8.4.jar:/home/runner/.m2/repository/org/apache/maven/maven-core/3.8.4/maven-core-3.8.4.jar:/home/runner/.m2/repository/org/apache/maven/maven-artifact/3.8.4/maven-artifact-3.8.4.jar:/home/runner/.m2/repository/org/codehaus/plexus/plexus-component-annotations/2.1.0/plexus-component-annotations-2.1.0.jar:/home/runner/.m2/repository/org/apache/maven/maven-plugin-api/3.8.4/maven-plugin-api-3.8.4.jar:/home/runner/.m2/repository/org/apache/maven/maven-model/3.8.4/maven-model-3.8.4.jar:/home/runner/.m2/repository/org/apache/maven/maven-model-builder/3.8.4/maven-model-builder-3.8.4.jar:/home/runner/.m2/repository/org/apache/maven/maven-builder-support/3.8.4/maven-builder-support-3.8.4.jar:/home/runner/.m2/repository/org/apache/maven/resolver/maven-resolver-api/1.6.3/maven-resolver-api-1.6.3.jar:/home/runner/.m2/repository/org/apache/maven/resolver/maven-resolver-util/1.6.3/maven-resolver-util-1.6.3.jar:/home/runner/.m2/repository/org/apache/maven/shared/maven-shared-utils/3.3.4/maven-shared-utils-3.3.4.jar:/home/runner/.m2/repository/com/google/inject/guice/4.2.2/guice-4.2.2-no_aop.jar:/home/runner/.m2/repository/org/codehaus/plexus/plexus-classworlds/2.6.0/plexus-classworlds-2.6.0.jar:/home/runner/.m2/repository/org/codehaus/plexus/plexus-sec-dispatcher/2.0/plexus-sec-dispatcher-2.0.jar:/home/runner/.m2/repository/org/codehaus/plexus/plexus-cipher/2.0/plexus-cipher-2.0.jar:/home/runner/.m2/repository/commons-cli/commons-cli/1.4/commons-cli-1.4.jar:/home/runner/.m2/repository/org/eclipse/sisu/org.eclipse.sisu.plexus/0.3.5/org.eclipse.sisu.plexus-0.3.5.jar:/home/runner/.m2/repository/org/apache/maven/maven-settings-builder/3.8.4/maven-settings-builder-3.8.4.jar:/home/runner/.m2/repository/org/codehaus/plexus/plexus-interpolation/1.26/plexus-interpolation-1.26.jar:/home/runner/.m2/repository/org/apache/maven/maven-resolver-provider/3.8.4/maven-resolver-provider-3.8.4.jar:/home/runner/.m2/repository/org/apache/maven/maven-repository-metadata/3.8.4/maven-repository-metadata-3.8.4.jar:/home/runner/.m2/repository/org/apache/maven/resolver/maven-resolver-spi/1.6.3/maven-resolver-spi-1.6.3.jar:/home/runner/.m2/repository/org/apache/maven/resolver/maven-resolver-impl/1.6.3/maven-resolver-impl-1.6.3.jar:/home/runner/.m2/repository/org/codehaus/plexus/plexus-utils/3.3.0/plexus-utils-3.3.0.jar:/home/runner/.m2/repository/org/apache/maven/resolver/maven-resolver-connector-basic/1.6.3/maven-resolver-connector-basic-1.6.3.jar:/home/runner/.m2/repository/org/apache/maven/resolver/maven-resolver-transport-wagon/1.6.3/maven-resolver-transport-wagon-1.6.3.jar:/home/runner/.m2/repository/org/apache/maven/wagon/wagon-http/3.4.3/wagon-http-3.4.3.jar:/home/runner/.m2/repository/org/apache/maven/wagon/wagon-http-shared/3.4.3/wagon-http-shared-3.4.3.jar:/home/runner/.m2/repository/org/jsoup/jsoup/1.14.2/jsoup-1.14.2.jar:/home/runner/.m2/repository/org/apache/maven/wagon/wagon-provider-api/3.4.3/wagon-provider-api-3.4.3.jar:/home/runner/.m2/repository/org/apache/maven/wagon/wagon-file/3.4.3/wagon-file-3.4.3.jar:/home/runner/.m2/repository/org/junit/jupiter/junit-jupiter/5.8.2/junit-jupiter-5.8.2.jar:/home/runner/.m2/repository/org/junit/jupiter/junit-jupiter-api/5.8.2/junit-jupiter-api-5.8.2.jar:/home/runner/.m2/repository/org/opentest4j/opentest4j/1.2.0/opentest4j-1.2.0.jar:/home/runner/.m2/repository/org/junit/platform/junit-platform-commons/1.8.2/junit-platform-commons-1.8.2.jar:/home/runner/.m2/repository/org/apiguardian/apiguardian-api/1.1.2/apiguardian-api-1.1.2.jar:/home/runner/.m2/repository/org/junit/jupiter/junit-jupiter-params/5.8.2/junit-jupiter-params-5.8.2.jar:/home/runner/.m2/repository/org/junit/jupiter/junit-jupiter-engine/5.8.2/junit-jupiter-engine-5.8.2.jar:/home/runner/.m2/repository/org/junit/platform/junit-platform-engine/1.8.2/junit-platform-engine-1.8.2.jar:/home/runner/.m2/repository/org/testcontainers/junit-jupiter/1.17.6/junit-jupiter-1.17.6.jar:/home/runner/.m2/repository/org/testcontainers/testcontainers/1.17.6/testcontainers-1.17.6.jar:/home/runner/.m2/repository/junit/junit/4.13.2/junit-4.13.2.jar:/home/runner/.m2/repository/org/slf4j/slf4j-api/1.7.36/slf4j-api-1.7.36.jar:/home/runner/.m2/repository/org/apache/commons/commons-compress/1.21/commons-compress-1.21.jar:/home/runner/.m2/repository/org/rnorth/duct-tape/duct-tape/1.0.8/duct-tape-1.0.8.jar:/home/runner/.m2/repository/org/jetbrains/annotations/17.0.0/annotations-17.0.0.jar:/home/runner/.m2/repository/com/github/docker-java/docker-java-api/3.2.13/docker-java-api-3.2.13.jar:/home/runner/.m2/repository/com/github/docker-java/docker-java-transport-zerodep/3.2.13/docker-java-transport-zerodep-3.2.13.jar:/home/runner/.m2/repository/com/github/docker-java/docker-java-transport/3.2.13/docker-java-transport-3.2.13.jar:/home/runner/.m2/repository/net/java/dev/jna/jna/5.8.0/jna-5.8.0.jar:/home/runner/.m2/repository/org/testcontainers/postgresql/1.17.6/postgresql-1.17.6.jar:/home/runner/.m2/repository/org/testcontainers/jdbc/1.17.1/jdbc-1.17.1.jar:/home/runner/.m2/repository/org/testcontainers/database-commons/1.17.1/database-commons-1.17.1.jar:/home/runner/.m2/repository/org/testcontainers/elasticsearch/1.17.6/elasticsearch-1.17.6.jar:"/>
    <property name="java.vm.vendor" value="Eclipse Adoptium"/>
    <property name="sun.arch.data.model" value="64"/>
    <property name="java.vendor.url" value="https://adoptium.net/"/>
    <property name="user.timezone" value="Etc/UTC"/>
    <property name="java.vm.specification.version" value="11"/>
    <property name="os.name" value="Linux"/>
    <property name="sun.java.launcher" value="SUN_STANDARD"/>
    <property name="mp.openapi.extensions.smallrye.defaultProduces" value="application/json"/>
    <property name="sun.boot.library.path" value="/usr/lib/jvm/temurin-11-jdk-amd64/lib"/>
    <property name="sun.java.command" value="/home/runner/work/core/core/tools/dotcms-cli/api-data-model/target/surefire/surefirebooter12816306209610645722.jar /home/runner/work/core/core/tools/dotcms-cli/api-data-model/target/surefire 2023-08-04T12-53-42_566-jvmRun1 surefire3876504876019672242tmp surefire_07246001538805098117tmp"/>
    <property name="jdk.debug" value="release"/>
    <property name="maven.home" value="/home/runner/.m2/wrapper/dists/apache-maven-3.8.4-bin/52ccbt68d252mdldqsfsn03jlf/apache-maven-3.8.4"/>
    <property name="surefire.test.class.path" value="/home/runner/work/core/core/tools/dotcms-cli/api-data-model/target/test-classes:/home/runner/work/core/core/tools/dotcms-cli/api-data-model/target/classes:/home/runner/.m2/repository/io/quarkus/quarkus-arc/2.9.1.Final/quarkus-arc-2.9.1.Final.jar:/home/runner/.m2/repository/io/quarkus/arc/arc/2.9.1.Final/arc-2.9.1.Final.jar:/home/runner/.m2/repository/jakarta/enterprise/jakarta.enterprise.cdi-api/2.0.2/jakarta.enterprise.cdi-api-2.0.2.jar:/home/runner/.m2/repository/jakarta/el/jakarta.el-api/3.0.3/jakarta.el-api-3.0.3.jar:/home/runner/.m2/repository/jakarta/annotation/jakarta.annotation-api/1.3.5/jakarta.annotation-api-1.3.5.jar:/home/runner/.m2/repository/jakarta/transaction/jakarta.transaction-api/1.3.3/jakarta.transaction-api-1.3.3.jar:/home/runner/.m2/repository/org/jboss/logging/jboss-logging/3.4.3.Final/jboss-logging-3.4.3.Final.jar:/home/runner/.m2/repository/io/quarkus/quarkus-core/2.9.1.Final/quarkus-core-2.9.1.Final.jar:/home/runner/.m2/repository/jakarta/inject/jakarta.inject-api/1.0/jakarta.inject-api-1.0.jar:/home/runner/.m2/repository/io/quarkus/quarkus-ide-launcher/2.9.1.Final/quarkus-ide-launcher-2.9.1.Final.jar:/home/runner/.m2/repository/io/quarkus/quarkus-development-mode-spi/2.9.1.Final/quarkus-development-mode-spi-2.9.1.Final.jar:/home/runner/.m2/repository/io/smallrye/config/smallrye-config/2.10.0/smallrye-config-2.10.0.jar:/home/runner/.m2/repository/io/smallrye/config/smallrye-config-core/2.10.0/smallrye-config-core-2.10.0.jar:/home/runner/.m2/repository/io/smallrye/common/smallrye-common-expression/1.11.0/smallrye-common-expression-1.11.0.jar:/home/runner/.m2/repository/io/smallrye/common/smallrye-common-function/1.11.0/smallrye-common-function-1.11.0.jar:/home/runner/.m2/repository/io/smallrye/common/smallrye-common-classloader/1.11.0/smallrye-common-classloader-1.11.0.jar:/home/runner/.m2/repository/io/smallrye/config/smallrye-config-common/2.10.0/smallrye-config-common-2.10.0.jar:/home/runner/.m2/repository/org/jboss/logmanager/jboss-logmanager-embedded/1.0.9/jboss-logmanager-embedded-1.0.9.jar:/home/runner/.m2/repository/org/jboss/logging/jboss-logging-annotations/2.2.1.Final/jboss-logging-annotations-2.2.1.Final.jar:/home/runner/.m2/repository/org/jboss/threads/jboss-threads/3.4.2.Final/jboss-threads-3.4.2.Final.jar:/home/runner/.m2/repository/org/jboss/slf4j/slf4j-jboss-logmanager/1.1.0.Final/slf4j-jboss-logmanager-1.1.0.Final.jar:/home/runner/.m2/repository/org/graalvm/sdk/graal-sdk/22.0.0.2/graal-sdk-22.0.0.2.jar:/home/runner/.m2/repository/org/wildfly/common/wildfly-common/1.5.4.Final-format-001/wildfly-common-1.5.4.Final-format-001.jar:/home/runner/.m2/repository/io/quarkus/quarkus-bootstrap-runner/2.9.1.Final/quarkus-bootstrap-runner-2.9.1.Final.jar:/home/runner/.m2/repository/io/quarkus/quarkus-fs-util/0.0.9/quarkus-fs-util-0.0.9.jar:/home/runner/.m2/repository/org/eclipse/microprofile/context-propagation/microprofile-context-propagation-api/1.2/microprofile-context-propagation-api-1.2.jar:/home/runner/.m2/repository/io/quarkus/quarkus-junit5/2.9.1.Final/quarkus-junit5-2.9.1.Final.jar:/home/runner/.m2/repository/io/quarkus/quarkus-bootstrap-core/2.9.1.Final/quarkus-bootstrap-core-2.9.1.Final.jar:/home/runner/.m2/repository/io/quarkus/quarkus-bootstrap-app-model/2.9.1.Final/quarkus-bootstrap-app-model-2.9.1.Final.jar:/home/runner/.m2/repository/io/quarkus/quarkus-bootstrap-gradle-resolver/2.9.1.Final/quarkus-bootstrap-gradle-resolver-2.9.1.Final.jar:/home/runner/.m2/repository/io/smallrye/common/smallrye-common-io/1.11.0/smallrye-common-io-1.11.0.jar:/home/runner/.m2/repository/org/eclipse/sisu/org.eclipse.sisu.inject/0.3.5/org.eclipse.sisu.inject-0.3.5.jar:/home/runner/.m2/repository/io/quarkus/quarkus-test-common/2.9.1.Final/quarkus-test-common-2.9.1.Final.jar:/home/runner/.m2/repository/io/quarkus/quarkus-core-deployment/2.9.1.Final/quarkus-core-deployment-2.9.1.Final.jar:/home/runner/.m2/repository/org/aesh/readline/2.2/readline-2.2.jar:/home/runner/.m2/repository/org/fusesource/jansi/jansi/1.18/jansi-1.18.jar:/home/runner/.m2/repository/org/aesh/aesh/2.6/aesh-2.6.jar:/home/runner/.m2/repository/io/quarkus/gizmo/gizmo/1.0.10.Final/gizmo-1.0.10.Final.jar:/home/runner/.m2/repository/org/ow2/asm/asm-util/9.2/asm-util-9.2.jar:/home/runner/.m2/repository/org/ow2/asm/asm/9.3/asm-9.3.jar:/home/runner/.m2/repository/org/ow2/asm/asm-commons/9.3/asm-commons-9.3.jar:/home/runner/.m2/repository/org/ow2/asm/asm-tree/9.3/asm-tree-9.3.jar:/home/runner/.m2/repository/org/ow2/asm/asm-analysis/9.3/asm-analysis-9.3.jar:/home/runner/.m2/repository/io/quarkus/quarkus-class-change-agent/2.9.1.Final/quarkus-class-change-agent-2.9.1.Final.jar:/home/runner/.m2/repository/io/quarkus/quarkus-devtools-utilities/2.9.1.Final/quarkus-devtools-utilities-2.9.1.Final.jar:/home/runner/.m2/repository/io/quarkus/quarkus-builder/2.9.1.Final/quarkus-builder-2.9.1.Final.jar:/home/runner/.m2/repository/org/junit/platform/junit-platform-launcher/1.8.2/junit-platform-launcher-1.8.2.jar:/home/runner/.m2/repository/org/jboss/jandex/2.4.2.Final/jandex-2.4.2.Final.jar:/home/runner/.m2/repository/io/quarkus/quarkus-junit5-properties/2.9.1.Final/quarkus-junit5-properties-2.9.1.Final.jar:/home/runner/.m2/repository/com/thoughtworks/xstream/xstream/1.4.19/xstream-1.4.19.jar:/home/runner/.m2/repository/io/github/x-stream/mxparser/1.2.2/mxparser-1.2.2.jar:/home/runner/.m2/repository/xmlpull/xmlpull/1.1.3.1/xmlpull-1.1.3.1.jar:/home/runner/.m2/repository/org/immutables/value/2.8.2/value-2.8.2.jar:/home/runner/.m2/repository/io/quarkus/quarkus-resteasy-reactive-jackson/2.9.1.Final/quarkus-resteasy-reactive-jackson-2.9.1.Final.jar:/home/runner/.m2/repository/io/quarkus/quarkus-resteasy-reactive/2.9.1.Final/quarkus-resteasy-reactive-2.9.1.Final.jar:/home/runner/.m2/repository/io/quarkus/quarkus-resteasy-reactive-common/2.9.1.Final/quarkus-resteasy-reactive-common-2.9.1.Final.jar:/home/runner/.m2/repository/io/quarkus/resteasy/reactive/resteasy-reactive-common/2.9.1.Final/resteasy-reactive-common-2.9.1.Final.jar:/home/runner/.m2/repository/io/quarkus/resteasy/reactive/resteasy-reactive-vertx/2.9.1.Final/resteasy-reactive-vertx-2.9.1.Final.jar:/home/runner/.m2/repository/io/smallrye/reactive/smallrye-mutiny-vertx-core/2.21.0/smallrye-mutiny-vertx-core-2.21.0.jar:/home/runner/.m2/repository/io/smallrye/reactive/smallrye-mutiny-vertx-runtime/2.21.0/smallrye-mutiny-vertx-runtime-2.21.0.jar:/home/runner/.m2/repository/io/smallrye/reactive/vertx-mutiny-generator/2.21.0/vertx-mutiny-generator-2.21.0.jar:/home/runner/.m2/repository/io/vertx/vertx-codegen/4.2.7/vertx-codegen-4.2.7.jar:/home/runner/.m2/repository/io/quarkus/resteasy/reactive/resteasy-reactive/2.9.1.Final/resteasy-reactive-2.9.1.Final.jar:/home/runner/.m2/repository/org/jboss/spec/javax/ws/rs/jboss-jaxrs-api_2.1_spec/2.0.1.Final/jboss-jaxrs-api_2.1_spec-2.0.1.Final.jar:/home/runner/.m2/repository/io/quarkus/quarkus-jsonp/2.9.1.Final/quarkus-jsonp-2.9.1.Final.jar:/home/runner/.m2/repository/org/glassfish/jakarta.json/1.1.6/jakarta.json-1.1.6.jar:/home/runner/.m2/repository/io/quarkus/quarkus-resteasy-reactive-jackson-common/2.9.1.Final/quarkus-resteasy-reactive-jackson-common-2.9.1.Final.jar:/home/runner/.m2/repository/io/quarkus/resteasy/reactive/resteasy-reactive-jackson/2.9.1.Final/resteasy-reactive-jackson-2.9.1.Final.jar:/home/runner/.m2/repository/com/google/code/findbugs/jsr305/3.0.2/jsr305-3.0.2.jar:/home/runner/.m2/repository/io/rest-assured/rest-assured/4.5.1/rest-assured-4.5.1.jar:/home/runner/.m2/repository/org/codehaus/groovy/groovy/3.0.9/groovy-3.0.9.jar:/home/runner/.m2/repository/org/codehaus/groovy/groovy-xml/3.0.9/groovy-xml-3.0.9.jar:/home/runner/.m2/repository/org/apache/httpcomponents/httpclient/4.5.13/httpclient-4.5.13.jar:/home/runner/.m2/repository/org/apache/httpcomponents/httpcore/4.4.15/httpcore-4.4.15.jar:/home/runner/.m2/repository/commons-codec/commons-codec/1.15/commons-codec-1.15.jar:/home/runner/.m2/repository/org/apache/httpcomponents/httpmime/4.5.13/httpmime-4.5.13.jar:/home/runner/.m2/repository/org/hamcrest/hamcrest/2.1/hamcrest-2.1.jar:/home/runner/.m2/repository/org/ccil/cowan/tagsoup/tagsoup/1.2.1/tagsoup-1.2.1.jar:/home/runner/.m2/repository/io/rest-assured/json-path/4.5.1/json-path-4.5.1.jar:/home/runner/.m2/repository/org/codehaus/groovy/groovy-json/3.0.9/groovy-json-3.0.9.jar:/home/runner/.m2/repository/io/rest-assured/rest-assured-common/4.5.1/rest-assured-common-4.5.1.jar:/home/runner/.m2/repository/io/rest-assured/xml-path/4.5.1/xml-path-4.5.1.jar:/home/runner/.m2/repository/org/apache/commons/commons-lang3/3.12.0/commons-lang3-3.12.0.jar:/home/runner/.m2/repository/com/github/jonpeterson/jackson-module-model-versioning/1.2.2/jackson-module-model-versioning-1.2.2.jar:/home/runner/.m2/repository/com/fasterxml/jackson/core/jackson-databind/2.13.2.2/jackson-databind-2.13.2.2.jar:/home/runner/.m2/repository/com/fasterxml/jackson/core/jackson-annotations/2.13.2/jackson-annotations-2.13.2.jar:/home/runner/.m2/repository/com/fasterxml/jackson/datatype/jackson-datatype-guava/2.13.3/jackson-datatype-guava-2.13.3.jar:/home/runner/.m2/repository/com/google/guava/guava/31.1-jre/guava-31.1-jre.jar:/home/runner/.m2/repository/com/google/guava/failureaccess/1.0.1/failureaccess-1.0.1.jar:/home/runner/.m2/repository/org/checkerframework/checker-qual/3.21.4/checker-qual-3.21.4.jar:/home/runner/.m2/repository/com/google/errorprone/error_prone_annotations/2.13.1/error_prone_annotations-2.13.1.jar:/home/runner/.m2/repository/com/google/j2objc/j2objc-annotations/1.3/j2objc-annotations-1.3.jar:/home/runner/.m2/repository/com/fasterxml/jackson/core/jackson-core/2.13.2/jackson-core-2.13.2.jar:/home/runner/.m2/repository/io/quarkus/quarkus-smallrye-openapi/2.9.1.Final/quarkus-smallrye-openapi-2.9.1.Final.jar:/home/runner/.m2/repository/io/smallrye/smallrye-open-api-core/2.1.22/smallrye-open-api-core-2.1.22.jar:/home/runner/.m2/repository/org/eclipse/microprofile/openapi/microprofile-openapi-api/2.0.1/microprofile-openapi-api-2.0.1.jar:/home/runner/.m2/repository/org/eclipse/microprofile/config/microprofile-config-api/2.0.1/microprofile-config-api-2.0.1.jar:/home/runner/.m2/repository/io/quarkus/quarkus-vertx-http/2.9.1.Final/quarkus-vertx-http-2.9.1.Final.jar:/home/runner/.m2/repository/io/quarkus/quarkus-security-runtime-spi/2.9.1.Final/quarkus-security-runtime-spi-2.9.1.Final.jar:/home/runner/.m2/repository/io/quarkus/quarkus-mutiny/2.9.1.Final/quarkus-mutiny-2.9.1.Final.jar:/home/runner/.m2/repository/io/smallrye/reactive/mutiny/1.4.0/mutiny-1.4.0.jar:/home/runner/.m2/repository/io/quarkus/quarkus-smallrye-context-propagation/2.9.1.Final/quarkus-smallrye-context-propagation-2.9.1.Final.jar:/home/runner/.m2/repository/io/smallrye/smallrye-context-propagation/1.2.2/smallrye-context-propagation-1.2.2.jar:/home/runner/.m2/repository/io/smallrye/smallrye-context-propagation-api/1.2.2/smallrye-context-propagation-api-1.2.2.jar:/home/runner/.m2/repository/io/smallrye/smallrye-context-propagation-storage/1.2.2/smallrye-context-propagation-storage-1.2.2.jar:/home/runner/.m2/repository/io/smallrye/reactive/mutiny-smallrye-context-propagation/1.4.0/mutiny-smallrye-context-propagation-1.4.0.jar:/home/runner/.m2/repository/io/smallrye/common/smallrye-common-vertx-context/1.11.0/smallrye-common-vertx-context-1.11.0.jar:/home/runner/.m2/repository/io/vertx/vertx-core/4.2.7/vertx-core-4.2.7.jar:/home/runner/.m2/repository/io/netty/netty-common/4.1.74.Final/netty-common-4.1.74.Final.jar:/home/runner/.m2/repository/io/netty/netty-buffer/4.1.74.Final/netty-buffer-4.1.74.Final.jar:/home/runner/.m2/repository/io/netty/netty-transport/4.1.74.Final/netty-transport-4.1.74.Final.jar:/home/runner/.m2/repository/io/netty/netty-handler/4.1.74.Final/netty-handler-4.1.74.Final.jar:/home/runner/.m2/repository/io/netty/netty-tcnative-classes/2.0.48.Final/netty-tcnative-classes-2.0.48.Final.jar:/home/runner/.m2/repository/io/netty/netty-handler-proxy/4.1.74.Final/netty-handler-proxy-4.1.74.Final.jar:/home/runner/.m2/repository/io/netty/netty-codec-socks/4.1.74.Final/netty-codec-socks-4.1.74.Final.jar:/home/runner/.m2/repository/io/netty/netty-codec-http/4.1.74.Final/netty-codec-http-4.1.74.Final.jar:/home/runner/.m2/repository/io/netty/netty-codec-http2/4.1.74.Final/netty-codec-http2-4.1.74.Final.jar:/home/runner/.m2/repository/io/netty/netty-resolver/4.1.74.Final/netty-resolver-4.1.74.Final.jar:/home/runner/.m2/repository/io/netty/netty-resolver-dns/4.1.74.Final/netty-resolver-dns-4.1.74.Final.jar:/home/runner/.m2/repository/io/netty/netty-codec-dns/4.1.74.Final/netty-codec-dns-4.1.74.Final.jar:/home/runner/.m2/repository/io/smallrye/common/smallrye-common-constraint/1.11.0/smallrye-common-constraint-1.11.0.jar:/home/runner/.m2/repository/io/quarkus/quarkus-vertx-http-dev-console-runtime-spi/2.9.1.Final/quarkus-vertx-http-dev-console-runtime-spi-2.9.1.Final.jar:/home/runner/.m2/repository/io/quarkus/security/quarkus-security/1.1.4.Final/quarkus-security-1.1.4.Final.jar:/home/runner/.m2/repository/io/quarkus/quarkus-vertx/2.9.1.Final/quarkus-vertx-2.9.1.Final.jar:/home/runner/.m2/repository/io/quarkus/quarkus-netty/2.9.1.Final/quarkus-netty-2.9.1.Final.jar:/home/runner/.m2/repository/io/netty/netty-codec/4.1.74.Final/netty-codec-4.1.74.Final.jar:/home/runner/.m2/repository/io/netty/netty-codec-haproxy/4.1.74.Final/netty-codec-haproxy-4.1.74.Final.jar:/home/runner/.m2/repository/io/smallrye/common/smallrye-common-annotation/1.11.0/smallrye-common-annotation-1.11.0.jar:/home/runner/.m2/repository/io/smallrye/smallrye-fault-tolerance-vertx/5.4.0/smallrye-fault-tolerance-vertx-5.4.0.jar:/home/runner/.m2/repository/io/smallrye/reactive/smallrye-mutiny-vertx-web/2.21.0/smallrye-mutiny-vertx-web-2.21.0.jar:/home/runner/.m2/repository/io/smallrye/reactive/smallrye-mutiny-vertx-web-common/2.21.0/smallrye-mutiny-vertx-web-common-2.21.0.jar:/home/runner/.m2/repository/io/smallrye/reactive/smallrye-mutiny-vertx-auth-common/2.21.0/smallrye-mutiny-vertx-auth-common-2.21.0.jar:/home/runner/.m2/repository/io/smallrye/reactive/smallrye-mutiny-vertx-bridge-common/2.21.0/smallrye-mutiny-vertx-bridge-common-2.21.0.jar:/home/runner/.m2/repository/io/vertx/vertx-web/4.2.7/vertx-web-4.2.7.jar:/home/runner/.m2/repository/io/vertx/vertx-web-common/4.2.7/vertx-web-common-4.2.7.jar:/home/runner/.m2/repository/io/vertx/vertx-auth-common/4.2.7/vertx-auth-common-4.2.7.jar:/home/runner/.m2/repository/io/vertx/vertx-bridge-common/4.2.7/vertx-bridge-common-4.2.7.jar:/home/runner/.m2/repository/io/quarkus/quarkus-swagger-ui/2.9.1.Final/quarkus-swagger-ui-2.9.1.Final.jar:/home/runner/.m2/repository/io/quarkus/quarkus-rest-client/2.9.1.Final/quarkus-rest-client-2.9.1.Final.jar:/home/runner/.m2/repository/io/quarkus/quarkus-resteasy-common/2.9.1.Final/quarkus-resteasy-common-2.9.1.Final.jar:/home/runner/.m2/repository/org/jboss/resteasy/resteasy-core/4.7.5.Final/resteasy-core-4.7.5.Final.jar:/home/runner/.m2/repository/org/jboss/resteasy/resteasy-core-spi/4.7.5.Final/resteasy-core-spi-4.7.5.Final.jar:/home/runner/.m2/repository/org/reactivestreams/reactive-streams/1.0.3/reactive-streams-1.0.3.jar:/home/runner/.m2/repository/jakarta/validation/jakarta.validation-api/2.0.2/jakarta.validation-api-2.0.2.jar:/home/runner/.m2/repository/com/ibm/async/asyncutil/0.1.0/asyncutil-0.1.0.jar:/home/runner/.m2/repository/com/sun/activation/jakarta.activation/1.2.1/jakarta.activation-1.2.1.jar:/home/runner/.m2/repository/io/quarkus/quarkus-apache-httpclient/2.9.1.Final/quarkus-apache-httpclient-2.9.1.Final.jar:/home/runner/.m2/repository/io/quarkus/quarkus-rest-client-config/2.9.1.Final/quarkus-rest-client-config-2.9.1.Final.jar:/home/runner/.m2/repository/org/eclipse/microprofile/rest/client/microprofile-rest-client-api/2.0/microprofile-rest-client-api-2.0.jar:/home/runner/.m2/repository/org/jboss/resteasy/resteasy-client-microprofile/4.7.5.Final/resteasy-client-microprofile-4.7.5.Final.jar:/home/runner/.m2/repository/org/jboss/resteasy/resteasy-client-microprofile-base/4.7.5.Final/resteasy-client-microprofile-base-4.7.5.Final.jar:/home/runner/.m2/repository/org/jboss/resteasy/resteasy-client/4.7.5.Final/resteasy-client-4.7.5.Final.jar:/home/runner/.m2/repository/org/jboss/resteasy/resteasy-client-api/4.7.5.Final/resteasy-client-api-4.7.5.Final.jar:/home/runner/.m2/repository/commons-io/commons-io/2.11.0/commons-io-2.11.0.jar:/home/runner/.m2/repository/org/jboss/resteasy/resteasy-cdi/4.7.5.Final/resteasy-cdi-4.7.5.Final.jar:/home/runner/.m2/repository/jakarta/interceptor/jakarta.interceptor-api/1.2.5/jakarta.interceptor-api-1.2.5.jar:/home/runner/.m2/repository/org/apache/httpcomponents/httpasyncclient/4.1.5/httpasyncclient-4.1.5.jar:/home/runner/.m2/repository/org/apache/httpcomponents/httpcore-nio/4.4.15/httpcore-nio-4.4.15.jar:/home/runner/.m2/repository/org/jboss/logging/commons-logging-jboss-logging/1.0.0.Final/commons-logging-jboss-logging-1.0.0.Final.jar:/home/runner/.m2/repository/io/quarkus/quarkus-rest-client-jackson/2.9.1.Final/quarkus-rest-client-jackson-2.9.1.Final.jar:/home/runner/.m2/repository/io/quarkus/quarkus-jackson/2.9.1.Final/quarkus-jackson-2.9.1.Final.jar:/home/runner/.m2/repository/com/fasterxml/jackson/datatype/jackson-datatype-jsr310/2.13.2/jackson-datatype-jsr310-2.13.2.jar:/home/runner/.m2/repository/com/fasterxml/jackson/datatype/jackson-datatype-jdk8/2.13.2/jackson-datatype-jdk8-2.13.2.jar:/home/runner/.m2/repository/com/fasterxml/jackson/module/jackson-module-parameter-names/2.13.2/jackson-module-parameter-names-2.13.2.jar:/home/runner/.m2/repository/org/jboss/resteasy/resteasy-jackson2-provider/4.7.5.Final/resteasy-jackson2-provider-4.7.5.Final.jar:/home/runner/.m2/repository/com/fasterxml/jackson/jaxrs/jackson-jaxrs-json-provider/2.13.2/jackson-jaxrs-json-provider-2.13.2.jar:/home/runner/.m2/repository/com/fasterxml/jackson/jaxrs/jackson-jaxrs-base/2.13.2/jackson-jaxrs-base-2.13.2.jar:/home/runner/.m2/repository/com/fasterxml/jackson/module/jackson-module-jaxb-annotations/2.13.2/jackson-module-jaxb-annotations-2.13.2.jar:/home/runner/.m2/repository/com/github/java-json-tools/json-patch/1.13/json-patch-1.13.jar:/home/runner/.m2/repository/com/github/java-json-tools/msg-simple/1.2/msg-simple-1.2.jar:/home/runner/.m2/repository/com/github/java-json-tools/btf/1.3/btf-1.3.jar:/home/runner/.m2/repository/com/github/java-json-tools/jackson-coreutils/2.0/jackson-coreutils-2.0.jar:/home/runner/.m2/repository/org/jboss/spec/javax/xml/bind/jboss-jaxb-api_2.3_spec/2.0.0.Final/jboss-jaxb-api_2.3_spec-2.0.0.Final.jar:/home/runner/.m2/repository/com/fasterxml/jackson/dataformat/jackson-dataformat-yaml/2.13.2/jackson-dataformat-yaml-2.13.2.jar:/home/runner/.m2/repository/org/yaml/snakeyaml/1.30/snakeyaml-1.30.jar:/home/runner/.m2/repository/io/quarkus/quarkus-devtools-registry-client/2.9.1.Final/quarkus-devtools-registry-client-2.9.1.Final.jar:/home/runner/.m2/repository/io/quarkus/quarkus-devtools-artifact-api/2.9.1.Final/quarkus-devtools-artifact-api-2.9.1.Final.jar:/home/runner/.m2/repository/io/quarkus/quarkus-devtools-message-writer/2.9.1.Final/quarkus-devtools-message-writer-2.9.1.Final.jar:/home/runner/.m2/repository/io/smallrye/common/smallrye-common-os/1.11.0/smallrye-common-os-1.11.0.jar:/home/runner/.m2/repository/io/quarkus/quarkus-bootstrap-maven-resolver/2.9.1.Final/quarkus-bootstrap-maven-resolver-2.9.1.Final.jar:/home/runner/.m2/repository/org/apache/maven/maven-embedder/3.8.4/maven-embedder-3.8.4.jar:/home/runner/.m2/repository/org/apache/maven/maven-settings/3.8.4/maven-settings-3.8.4.jar:/home/runner/.m2/repository/org/apache/maven/maven-core/3.8.4/maven-core-3.8.4.jar:/home/runner/.m2/repository/org/apache/maven/maven-artifact/3.8.4/maven-artifact-3.8.4.jar:/home/runner/.m2/repository/org/codehaus/plexus/plexus-component-annotations/2.1.0/plexus-component-annotations-2.1.0.jar:/home/runner/.m2/repository/org/apache/maven/maven-plugin-api/3.8.4/maven-plugin-api-3.8.4.jar:/home/runner/.m2/repository/org/apache/maven/maven-model/3.8.4/maven-model-3.8.4.jar:/home/runner/.m2/repository/org/apache/maven/maven-model-builder/3.8.4/maven-model-builder-3.8.4.jar:/home/runner/.m2/repository/org/apache/maven/maven-builder-support/3.8.4/maven-builder-support-3.8.4.jar:/home/runner/.m2/repository/org/apache/maven/resolver/maven-resolver-api/1.6.3/maven-resolver-api-1.6.3.jar:/home/runner/.m2/repository/org/apache/maven/resolver/maven-resolver-util/1.6.3/maven-resolver-util-1.6.3.jar:/home/runner/.m2/repository/org/apache/maven/shared/maven-shared-utils/3.3.4/maven-shared-utils-3.3.4.jar:/home/runner/.m2/repository/com/google/inject/guice/4.2.2/guice-4.2.2-no_aop.jar:/home/runner/.m2/repository/org/codehaus/plexus/plexus-classworlds/2.6.0/plexus-classworlds-2.6.0.jar:/home/runner/.m2/repository/org/codehaus/plexus/plexus-sec-dispatcher/2.0/plexus-sec-dispatcher-2.0.jar:/home/runner/.m2/repository/org/codehaus/plexus/plexus-cipher/2.0/plexus-cipher-2.0.jar:/home/runner/.m2/repository/commons-cli/commons-cli/1.4/commons-cli-1.4.jar:/home/runner/.m2/repository/org/eclipse/sisu/org.eclipse.sisu.plexus/0.3.5/org.eclipse.sisu.plexus-0.3.5.jar:/home/runner/.m2/repository/org/apache/maven/maven-settings-builder/3.8.4/maven-settings-builder-3.8.4.jar:/home/runner/.m2/repository/org/codehaus/plexus/plexus-interpolation/1.26/plexus-interpolation-1.26.jar:/home/runner/.m2/repository/org/apache/maven/maven-resolver-provider/3.8.4/maven-resolver-provider-3.8.4.jar:/home/runner/.m2/repository/org/apache/maven/maven-repository-metadata/3.8.4/maven-repository-metadata-3.8.4.jar:/home/runner/.m2/repository/org/apache/maven/resolver/maven-resolver-spi/1.6.3/maven-resolver-spi-1.6.3.jar:/home/runner/.m2/repository/org/apache/maven/resolver/maven-resolver-impl/1.6.3/maven-resolver-impl-1.6.3.jar:/home/runner/.m2/repository/org/codehaus/plexus/plexus-utils/3.3.0/plexus-utils-3.3.0.jar:/home/runner/.m2/repository/org/apache/maven/resolver/maven-resolver-connector-basic/1.6.3/maven-resolver-connector-basic-1.6.3.jar:/home/runner/.m2/repository/org/apache/maven/resolver/maven-resolver-transport-wagon/1.6.3/maven-resolver-transport-wagon-1.6.3.jar:/home/runner/.m2/repository/org/apache/maven/wagon/wagon-http/3.4.3/wagon-http-3.4.3.jar:/home/runner/.m2/repository/org/apache/maven/wagon/wagon-http-shared/3.4.3/wagon-http-shared-3.4.3.jar:/home/runner/.m2/repository/org/jsoup/jsoup/1.14.2/jsoup-1.14.2.jar:/home/runner/.m2/repository/org/apache/maven/wagon/wagon-provider-api/3.4.3/wagon-provider-api-3.4.3.jar:/home/runner/.m2/repository/org/apache/maven/wagon/wagon-file/3.4.3/wagon-file-3.4.3.jar:/home/runner/.m2/repository/org/junit/jupiter/junit-jupiter/5.8.2/junit-jupiter-5.8.2.jar:/home/runner/.m2/repository/org/junit/jupiter/junit-jupiter-api/5.8.2/junit-jupiter-api-5.8.2.jar:/home/runner/.m2/repository/org/opentest4j/opentest4j/1.2.0/opentest4j-1.2.0.jar:/home/runner/.m2/repository/org/junit/platform/junit-platform-commons/1.8.2/junit-platform-commons-1.8.2.jar:/home/runner/.m2/repository/org/apiguardian/apiguardian-api/1.1.2/apiguardian-api-1.1.2.jar:/home/runner/.m2/repository/org/junit/jupiter/junit-jupiter-params/5.8.2/junit-jupiter-params-5.8.2.jar:/home/runner/.m2/repository/org/junit/jupiter/junit-jupiter-engine/5.8.2/junit-jupiter-engine-5.8.2.jar:/home/runner/.m2/repository/org/junit/platform/junit-platform-engine/1.8.2/junit-platform-engine-1.8.2.jar:/home/runner/.m2/repository/org/testcontainers/junit-jupiter/1.17.6/junit-jupiter-1.17.6.jar:/home/runner/.m2/repository/org/testcontainers/testcontainers/1.17.6/testcontainers-1.17.6.jar:/home/runner/.m2/repository/junit/junit/4.13.2/junit-4.13.2.jar:/home/runner/.m2/repository/org/slf4j/slf4j-api/1.7.36/slf4j-api-1.7.36.jar:/home/runner/.m2/repository/org/apache/commons/commons-compress/1.21/commons-compress-1.21.jar:/home/runner/.m2/repository/org/rnorth/duct-tape/duct-tape/1.0.8/duct-tape-1.0.8.jar:/home/runner/.m2/repository/org/jetbrains/annotations/17.0.0/annotations-17.0.0.jar:/home/runner/.m2/repository/com/github/docker-java/docker-java-api/3.2.13/docker-java-api-3.2.13.jar:/home/runner/.m2/repository/com/github/docker-java/docker-java-transport-zerodep/3.2.13/docker-java-transport-zerodep-3.2.13.jar:/home/runner/.m2/repository/com/github/docker-java/docker-java-transport/3.2.13/docker-java-transport-3.2.13.jar:/home/runner/.m2/repository/net/java/dev/jna/jna/5.8.0/jna-5.8.0.jar:/home/runner/.m2/repository/org/testcontainers/postgresql/1.17.6/postgresql-1.17.6.jar:/home/runner/.m2/repository/org/testcontainers/jdbc/1.17.1/jdbc-1.17.1.jar:/home/runner/.m2/repository/org/testcontainers/database-commons/1.17.1/database-commons-1.17.1.jar:/home/runner/.m2/repository/org/testcontainers/elasticsearch/1.17.6/elasticsearch-1.17.6.jar:"/>
    <property name="sun.cpu.endian" value="little"/>
    <property name="user.home" value="/home/runner"/>
    <property name="user.language" value="en"/>
    <property name="java.specification.vendor" value="Oracle Corporation"/>
    <property name="io.netty.allocator.maxOrder" value="3"/>
    <property name="java.version.date" value="2023-04-18"/>
    <property name="java.home" value="/usr/lib/jvm/temurin-11-jdk-amd64"/>
    <property name="file.separator" value="/"/>
    <property name="basedir" value="/home/runner/work/core/core/tools/dotcms-cli/api-data-model"/>
    <property name="java.vm.compressedOopsMode" value="32-bit"/>
    <property name="line.separator" value="&#10;"/>
    <property name="java.specification.name" value="Java Platform API Specification"/>
    <property name="java.vm.specification.vendor" value="Oracle Corporation"/>
    <property name="java.awt.graphicsenv" value="sun.awt.X11GraphicsEnvironment"/>
    <property name="surefire.real.class.path" value="/home/runner/work/core/core/tools/dotcms-cli/api-data-model/target/surefire/surefirebooter12816306209610645722.jar"/>
    <property name="sun.management.compiler" value="HotSpot 64-Bit Tiered Compilers"/>
    <property name="java.runtime.version" value="11.0.19+7"/>
    <property name="user.name" value="runner"/>
    <property name="path.separator" value=":"/>
    <property name="os.version" value="5.15.0-1042-azure"/>
    <property name="java.runtime.name" value="OpenJDK Runtime Environment"/>
    <property name="file.encoding" value="UTF-8"/>
    <property name="jnidispatch.path" value="/home/runner/.cache/JNA/temp/jna16040282688620979258.tmp"/>
    <property name="java.vm.name" value="OpenJDK 64-Bit Server VM"/>
    <property name="jna.platform.library.path" value="/usr/lib/x86_64-linux-gnu:/lib/x86_64-linux-gnu:/usr/lib64:/lib64:/usr/lib:/lib:/lib32:/usr/local/lib:/usr/lib/x86_64-linux-gnu/libfakeroot"/>
    <property name="java.vendor.version" value="Temurin-11.0.19+7"/>
    <property name="localRepository" value="/home/runner/.m2/repository"/>
    <property name="jna.loaded" value="true"/>
    <property name="java.vendor.url.bug" value="https://github.com/adoptium/adoptium-support/issues"/>
    <property name="java.io.tmpdir" value="/tmp"/>
    <property name="quarkus.log.file.path" value="target/quarkus.log"/>
    <property name="java.version" value="11.0.19"/>
    <property name="java.util.concurrent.ForkJoinPool.common.threadFactory" value="io.quarkus.bootstrap.forkjoin.QuarkusForkJoinWorkerThreadFactory"/>
    <property name="user.dir" value="/home/runner/work/core/core/tools/dotcms-cli/api-data-model"/>
    <property name="os.arch" value="amd64"/>
    <property name="java.vm.specification.name" value="Java Virtual Machine Specification"/>
    <property name="vertx.disableDnsResolver" value="true"/>
    <property name="java.awt.printerjob" value="sun.print.PSPrinterJob"/>
    <property name="sun.os.patch.level" value="unknown"/>
    <property name="java.util.logging.manager" value="org.jboss.logmanager.LogManager"/>
    <property name="java.library.path" value="/usr/java/packages/lib:/usr/lib64:/lib64:/lib:/usr/lib"/>
    <property name="java.vm.info" value="mixed mode"/>
    <property name="java.vendor" value="Eclipse Adoptium"/>
    <property name="vertx.disableTCCL" value="true"/>
    <property name="java.vm.version" value="11.0.19+7"/>
    <property name="sun.io.unicode.encoding" value="UnicodeLittle"/>
    <property name="io.netty.machineId" value="08:7f:e2:fe:5a:34:b8:ba"/>
    <property name="java.class.version" value="55.0"/>
    <property name="mp.openapi.extensions.smallrye.defaultConsumes" value="application/json"/>
  </properties>
  <testcase name="Test_Include" classname="com.dotcms.api.traversal.FolderTraversalServiceIntegrationTest" time="1.465">
    <system-out><![CDATA[2023-08-04 12:56:31,877 INFO  [com.dot.ContainerResource] (docker-java-stream-824381349) STDOUT: 12:56:31.877  INFO  util.SecurityLogger - class com.dotcms.cms.login.LoginServiceAPIFactory$LoginServiceImpl : User dotcms.org.1 has successfully login from IP: 172.18.0.1 -- ip:172.18.0.1,user:Admin User [ID: dotcms.org.1][email:admin@dotcms.com]
2023-08-04 12:56:31,877 INFO  [com.dot.ContainerResource] (docker-java-stream-824381349) STDOUT: 12:56:31.877  INFO  util.SecurityLogger - class com.dotcms.rest.api.v1.authentication.CreateJsonWebTokenResource : A Json Web Token admin@dotcms.com is being created from IP: 172.18.0.1 -- ip:172.18.0.1,user:Admin User [ID: dotcms.org.1][email:admin@dotcms.com]
2023-08-04 12:56:31,897 INFO  [com.dot.ContainerResource] (docker-java-stream-824381349) STDOUT: 12:56:31.896  INFO  util.ActivityLogger - class com.dotcms.content.elasticsearch.business.ESContentletAPIImpl: system : Saving Content , StartDate: N/D; EndDate: N/D; User:dotcms.org.1; ContentIdentifier: 
2023-08-04 12:56:31,905 INFO  [com.dot.ContainerResource] (docker-java-stream-824381349) STDOUT: 12:56:31.905  WARN  client.RestClient - request [POST http://elasticsearch:9200/cluster_51b0cac1ff.working_20230804125536/_search?typed_keys=true&max_concurrent_shard_requests=5&ignore_unavailable=false&expand_wildcards=open&allow_no_indices=true&ignore_throttled=true&search_type=query_then_fetch&batched_reduce_size=512&ccs_minimize_roundtrips=true] returned 2 warnings: [299 Elasticsearch-7.16.1-5b38441b16b1ebb16a27c107a4c3865776e20c53 "Elasticsearch built-in security features are not enabled. Without authentication, your cluster could be accessible to anyone. See https://www.elastic.co/guide/en/elasticsearch/reference/7.16/security-minimal-setup.html to enable security."],[299 Elasticsearch-7.16.1-5b38441b16b1ebb16a27c107a4c3865776e20c53 "[ignore_throttled] parameter is deprecated because frozen indices have been deprecated. Consider cold or frozen tiers in place of frozen indices."]
2023-08-04 12:56:31,911 INFO  [com.dot.ContainerResource] (docker-java-stream-824381349) STDOUT: 12:56:31.911  WARN  client.RestClient - request [POST http://elasticsearch:9200/cluster_51b0cac1ff.live_20230804125536/_search?typed_keys=true&max_concurrent_shard_requests=5&ignore_unavailable=false&expand_wildcards=open&allow_no_indices=true&ignore_throttled=true&search_type=query_then_fetch&batched_reduce_size=512&ccs_minimize_roundtrips=true] returned 2 warnings: [299 Elasticsearch-7.16.1-5b38441b16b1ebb16a27c107a4c3865776e20c53 "Elasticsearch built-in security features are not enabled. Without authentication, your cluster could be accessible to anyone. See https://www.elastic.co/guide/en/elasticsearch/reference/7.16/security-minimal-setup.html to enable security."],[299 Elasticsearch-7.16.1-5b38441b16b1ebb16a27c107a4c3865776e20c53 "[ignore_throttled] parameter is deprecated because frozen indices have been deprecated. Consider cold or frozen tiers in place of frozen indices."]
2023-08-04 12:56:31,914 INFO  [com.dot.ContainerResource] (docker-java-stream-824381349) STDOUT: 12:56:31.914  INFO  business.IdentifierAPIImpl - Creating new identifier for versionable asset of type `content` and title `site-1691153791888` 
2023-08-04 12:56:31,914 INFO  [com.dot.ContainerResource] (docker-java-stream-824381349) STDOUT: 12:56:31.914  INFO  business.DeterministicIdentifierAPIImpl - hashing id: host:system host/site-1691153791888 to 0b193c75e78d08855fd2521214d1d97b
2023-08-04 12:56:31,933 INFO  [com.dot.ContainerResource] (docker-java-stream-824381349) STDOUT: 12:56:31.933  INFO  business.ContentletIndexAPIImpl - Indexing: 0b193c75e78d08855fd2521214d1d97b : site-1691153791888, includeDependencies: true, policy: DEFER
2023-08-04 12:56:31,934 INFO  [com.dot.ContainerResource] (docker-java-stream-824381349) STDOUT: 12:56:31.934  INFO  reindex.ReindexQueueAPIImpl - addIdentifierReindex: 0b193c75e78d08855fd2521214d1d97b
2023-08-04 12:56:31,961 INFO  [com.dot.ContainerResource] (docker-java-stream-824381349) STDOUT: 12:56:31.960  INFO  util.ActivityLogger - class com.dotcms.content.elasticsearch.business.ESContentletAPIImpl: System Host : Content Saved , StartDate: N/D; EndDate: N/D; User:dotcms.org.1; ContentIdentifier: 0b193c75e78d08855fd2521214d1d97b
2023-08-04 12:56:31,964 INFO  [com.dot.ContainerResource] (docker-java-stream-824381349) STDOUT: 12:56:31.963  INFO  reindex.ReindexThread - --- Unpausing reindex thread 
2023-08-04 12:56:31,981 INFO  [com.dot.ContainerResource] (docker-java-stream-824381349) STDOUT: 12:56:31.981  INFO  util.ActivityLogger - class com.dotcms.content.elasticsearch.business.ESContentletAPIImpl: System Host : Publishing Content , StartDate: N/D; EndDate: N/D; User:dotcms.org.1; ContentIdentifier: 0b193c75e78d08855fd2521214d1d97b
2023-08-04 12:56:31,984 INFO  [com.dot.ContainerResource] (docker-java-stream-824381349) STDOUT: 12:56:31.984  INFO  business.ContentletIndexAPIImpl - Indexing: 0b193c75e78d08855fd2521214d1d97b : site-1691153791888, includeDependencies: true, policy: DEFER
2023-08-04 12:56:31,985 INFO  [com.dot.ContainerResource] (docker-java-stream-824381349) STDOUT: 12:56:31.985  INFO  reindex.ReindexQueueAPIImpl - addIdentifierReindex: 0b193c75e78d08855fd2521214d1d97b
2023-08-04 12:56:32,017 INFO  [com.dot.ContainerResource] (docker-java-stream-824381349) STDOUT: 12:56:32.016  INFO  util.ActivityLogger - class com.dotcms.content.elasticsearch.business.ESContentletAPIImpl: System Host : Content Published , StartDate: N/D; EndDate: N/D; User:dotcms.org.1; ContentIdentifier: 0b193c75e78d08855fd2521214d1d97b
2023-08-04 12:56:32,045 INFO  [com.dot.ContainerResource] (docker-java-stream-824381349) STDOUT: 12:56:32.045  INFO  business.DeterministicIdentifierAPIImpl - hashing id: folder:site-1691153791888/folder1 to d342d703dfd616c5e7a0502d4ad64591
2023-08-04 12:56:32,051 INFO  [com.dot.ContainerResource] (docker-java-stream-824381349) STDOUT: 12:56:32.051  INFO  business.DeterministicIdentifierAPIImpl - hashing id: folder:site-1691153791888/folder1/subfolder1-1 to 4b86cff060dcb62c12d6dd45ad858fee
2023-08-04 12:56:32,057 INFO  [com.dot.ContainerResource] (docker-java-stream-824381349) STDOUT: 12:56:32.057  INFO  business.DeterministicIdentifierAPIImpl - hashing id: folder:site-1691153791888/folder1/subfolder1-1/subfolder1-1-1 to 5e9b9e5314bc618caf89e5739e8f1177
2023-08-04 12:56:32,064 INFO  [com.dot.ContainerResource] (docker-java-stream-824381349) STDOUT: 12:56:32.063  INFO  business.DeterministicIdentifierAPIImpl - hashing id: folder:site-1691153791888/folder1/subfolder1-1/subfolder1-1-2 to 3a0ce21f044bd1bcb375058dc582cc53
2023-08-04 12:56:32,080 INFO  [com.dot.ContainerResource] (docker-java-stream-824381349) STDOUT: 12:56:32.079  INFO  business.DeterministicIdentifierAPIImpl - hashing id: folder:site-1691153791888/folder1/subfolder1-1/subfolder1-1-3 to 60d4e6efd7e129374e0863b5eafc6554
2023-08-04 12:56:32,085 INFO  [com.dot.ContainerResource] (docker-java-stream-824381349) STDOUT: 12:56:32.085  INFO  business.DeterministicIdentifierAPIImpl - hashing id: folder:site-1691153791888/folder1/subfolder1-2 to 998bd2a6cd864133344e13c980a2e6f1
2023-08-04 12:56:32,090 INFO  [com.dot.ContainerResource] (docker-java-stream-824381349) STDOUT: 12:56:32.090  INFO  business.DeterministicIdentifierAPIImpl - hashing id: folder:site-1691153791888/folder1/subfolder1-2/subfolder1-2-1 to 3b5926d9e777e543a944ec8328794f7a
2023-08-04 12:56:32,098 INFO  [com.dot.ContainerResource] (docker-java-stream-824381349) STDOUT: 12:56:32.098  INFO  business.DeterministicIdentifierAPIImpl - hashing id: folder:site-1691153791888/folder1/subfolder1-2/subfolder1-2-2 to 537e1b4624ac9335c61f205154bc3abd
2023-08-04 12:56:32,105 INFO  [com.dot.ContainerResource] (docker-java-stream-824381349) STDOUT: 12:56:32.104  INFO  business.DeterministicIdentifierAPIImpl - hashing id: folder:site-1691153791888/folder1/subfolder1-2/subfolder1-2-3 to a385e0f31214b155cc0c1092316afb41
2023-08-04 12:56:32,107 INFO  [com.dot.ContainerResource] (docker-java-stream-824381349) STDOUT: 12:56:32.107  INFO  reindex.BulkProcessorListener - -----------
2023-08-04 12:56:32,108 INFO  [com.dot.ContainerResource] (docker-java-stream-824381349) STDOUT: 12:56:32.108  INFO  reindex.BulkProcessorListener - Reindexing Server #  : 1 of 1
2023-08-04 12:56:32,108 INFO  [com.dot.ContainerResource] (docker-java-stream-824381349) STDOUT: 12:56:32.108  INFO  reindex.BulkProcessorListener - Total Indexed        : 0
2023-08-04 12:56:32,108 INFO  [com.dot.ContainerResource] (docker-java-stream-824381349) STDOUT: 12:56:32.108  INFO  reindex.BulkProcessorListener - ReindexEntries found : 1
2023-08-04 12:56:32,109 INFO  [com.dot.ContainerResource] (docker-java-stream-824381349) STDOUT: 12:56:32.109  INFO  reindex.BulkProcessorListener - BulkRequests created : 2
2023-08-04 12:56:32,109 INFO  [com.dot.ContainerResource] (docker-java-stream-824381349) STDOUT: 12:56:32.109  INFO  reindex.BulkProcessorListener - -----------
2023-08-04 12:56:32,120 INFO  [com.dot.ContainerResource] (docker-java-stream-824381349) STDOUT: 12:56:32.112  INFO  business.DeterministicIdentifierAPIImpl - hashing id: folder:site-1691153791888/folder1/subfolder1-3 to 6c4b50f9ebd5c8a96610c860b51f818d
2023-08-04 12:56:32,131 INFO  [com.dot.ContainerResource] (docker-java-stream-824381349) STDOUT: 12:56:32.128  WARN  client.RestClient - request [POST http://elasticsearch:9200/_bulk?timeout=1m] returned 1 warnings: [299 Elasticsearch-7.16.1-5b38441b16b1ebb16a27c107a4c3865776e20c53 "Elasticsearch built-in security features are not enabled. Without authentication, your cluster could be accessible to anyone. See https://www.elastic.co/guide/en/elasticsearch/reference/7.16/security-minimal-setup.html to enable security."]
2023-08-04 12:56:32,138 INFO  [com.dot.ContainerResource] (docker-java-stream-824381349) STDOUT: 12:56:32.138  INFO  business.DeterministicIdentifierAPIImpl - hashing id: folder:site-1691153791888/folder2 to c3b61025b51545b66f30111cac470d9e
2023-08-04 12:56:32,145 INFO  [com.dot.ContainerResource] (docker-java-stream-824381349) STDOUT: 12:56:32.145  INFO  business.DeterministicIdentifierAPIImpl - hashing id: folder:site-1691153791888/folder2/subfolder2-1 to 34e990f0a9625a19497d61b9e8873c08
2023-08-04 12:56:32,151 INFO  [com.dot.ContainerResource] (docker-java-stream-824381349) STDOUT: 12:56:32.150  INFO  business.DeterministicIdentifierAPIImpl - hashing id: folder:site-1691153791888/folder2/subfolder2-1/subfolder2-1-1 to 36dc09b11b354f6e8488436baec7d426
2023-08-04 12:56:32,158 INFO  [com.dot.ContainerResource] (docker-java-stream-824381349) STDOUT: 12:56:32.158  INFO  business.DeterministicIdentifierAPIImpl - hashing id: folder:site-1691153791888/folder2/subfolder2-1/subfolder2-1-2 to 0bf8c8d8c461d066473a78bc46fd639b
2023-08-04 12:56:32,165 INFO  [com.dot.ContainerResource] (docker-java-stream-824381349) STDOUT: 12:56:32.164  INFO  business.DeterministicIdentifierAPIImpl - hashing id: folder:site-1691153791888/folder2/subfolder2-1/subfolder2-1-3 to 2f444e8d7f30677abab83f8c1fa5f2d0
2023-08-04 12:56:32,170 INFO  [com.dot.ContainerResource] (docker-java-stream-824381349) STDOUT: 12:56:32.170  INFO  business.DeterministicIdentifierAPIImpl - hashing id: folder:site-1691153791888/folder2/subfolder2-2 to 43a71e39d44d0f28bff3cc92c1cb04d6
2023-08-04 12:56:32,176 INFO  [com.dot.ContainerResource] (docker-java-stream-824381349) STDOUT: 12:56:32.175  INFO  business.DeterministicIdentifierAPIImpl - hashing id: folder:site-1691153791888/folder2/subfolder2-3 to 144f57f851d40b35792c2a0329770ed6
2023-08-04 12:56:32,182 INFO  [com.dot.ContainerResource] (docker-java-stream-824381349) STDOUT: 12:56:32.182  INFO  business.DeterministicIdentifierAPIImpl - hashing id: folder:site-1691153791888/folder3 to 44dfe4b807f44e94769ba2d86dfdb7dd
2023-08-04 12:56:32,204 INFO  [com.dot.ContainerResource] (docker-java-stream-824381349) STDOUT: 12:56:32.204  INFO  asset.WebAssetResource - User [dotcms.org.1] is requesting assets info for path [//site-1691153791888/]
2023-08-04 12:56:32,220 INFO  [com.dot.ContainerResource] (docker-java-stream-824381349) STDOUT: 12:56:32.219  WARN  client.RestClient - request [POST http://elasticsearch:9200/cluster_51b0cac1ff.working_20230804125536/_search?typed_keys=true&max_concurrent_shard_requests=5&ignore_unavailable=false&expand_wildcards=open&allow_no_indices=true&ignore_throttled=true&search_type=query_then_fetch&batched_reduce_size=512&ccs_minimize_roundtrips=true] returned 2 warnings: [299 Elasticsearch-7.16.1-5b38441b16b1ebb16a27c107a4c3865776e20c53 "Elasticsearch built-in security features are not enabled. Without authentication, your cluster could be accessible to anyone. See https://www.elastic.co/guide/en/elasticsearch/reference/7.16/security-minimal-setup.html to enable security."],[299 Elasticsearch-7.16.1-5b38441b16b1ebb16a27c107a4c3865776e20c53 "[ignore_throttled] parameter is deprecated because frozen indices have been deprecated. Consider cold or frozen tiers in place of frozen indices."]
2023-08-04 12:56:32,233 INFO  [com.dot.ContainerResource] (docker-java-stream-824381349) STDOUT: 12:56:32.233  INFO  asset.WebAssetResource - User [dotcms.org.1] is requesting assets info for path [//site-1691153791888/folder1]
2023-08-04 12:56:32,243 INFO  [com.dot.ContainerResource] (docker-java-stream-824381349) STDOUT: 12:56:32.242  WARN  client.RestClient - request [POST http://elasticsearch:9200/cluster_51b0cac1ff.working_20230804125536/_search?typed_keys=true&max_concurrent_shard_requests=5&ignore_unavailable=false&expand_wildcards=open&allow_no_indices=true&ignore_throttled=true&search_type=query_then_fetch&batched_reduce_size=512&ccs_minimize_roundtrips=true] returned 2 warnings: [299 Elasticsearch-7.16.1-5b38441b16b1ebb16a27c107a4c3865776e20c53 "Elasticsearch built-in security features are not enabled. Without authentication, your cluster could be accessible to anyone. See https://www.elastic.co/guide/en/elasticsearch/reference/7.16/security-minimal-setup.html to enable security."],[299 Elasticsearch-7.16.1-5b38441b16b1ebb16a27c107a4c3865776e20c53 "[ignore_throttled] parameter is deprecated because frozen indices have been deprecated. Consider cold or frozen tiers in place of frozen indices."]
2023-08-04 12:56:32,270 INFO  [com.dot.ContainerResource] (docker-java-stream-824381349) STDOUT: 12:56:32.269  INFO  asset.WebAssetResource - User [dotcms.org.1] is requesting assets info for path [//site-1691153791888/folder2]
2023-08-04 12:56:32,291 INFO  [com.dot.ContainerResource] (docker-java-stream-824381349) STDOUT: 12:56:32.277  WARN  client.RestClient - request [POST http://elasticsearch:9200/cluster_51b0cac1ff.working_20230804125536/_search?typed_keys=true&max_concurrent_shard_requests=5&ignore_unavailable=false&expand_wildcards=open&allow_no_indices=true&ignore_throttled=true&search_type=query_then_fetch&batched_reduce_size=512&ccs_minimize_roundtrips=true] returned 2 warnings: [299 Elasticsearch-7.16.1-5b38441b16b1ebb16a27c107a4c3865776e20c53 "Elasticsearch built-in security features are not enabled. Without authentication, your cluster could be accessible to anyone. See https://www.elastic.co/guide/en/elasticsearch/reference/7.16/security-minimal-setup.html to enable security."],[299 Elasticsearch-7.16.1-5b38441b16b1ebb16a27c107a4c3865776e20c53 "[ignore_throttled] parameter is deprecated because frozen indices have been deprecated. Consider cold or frozen tiers in place of frozen indices."]
2023-08-04 12:56:32,295 INFO  [com.dot.ContainerResource] (docker-java-stream-824381349) STDOUT: 12:56:32.294  INFO  asset.WebAssetResource - User [dotcms.org.1] is requesting assets info for path [//site-1691153791888/folder3]
2023-08-04 12:56:32,303 INFO  [com.dot.ContainerResource] (docker-java-stream-824381349) STDOUT: 12:56:32.300  WARN  client.RestClient - request [POST http://elasticsearch:9200/cluster_51b0cac1ff.working_20230804125536/_search?typed_keys=true&max_concurrent_shard_requests=5&ignore_unavailable=false&expand_wildcards=open&allow_no_indices=true&ignore_throttled=true&search_type=query_then_fetch&batched_reduce_size=512&ccs_minimize_roundtrips=true] returned 2 warnings: [299 Elasticsearch-7.16.1-5b38441b16b1ebb16a27c107a4c3865776e20c53 "Elasticsearch built-in security features are not enabled. Without authentication, your cluster could be accessible to anyone. See https://www.elastic.co/guide/en/elasticsearch/reference/7.16/security-minimal-setup.html to enable security."],[299 Elasticsearch-7.16.1-5b38441b16b1ebb16a27c107a4c3865776e20c53 "[ignore_throttled] parameter is deprecated because frozen indices have been deprecated. Consider cold or frozen tiers in place of frozen indices."]
2023-08-04 12:56:32,318 INFO  [com.dot.ContainerResource] (docker-java-stream-824381349) STDOUT: 12:56:32.316  INFO  asset.WebAssetResource - User [dotcms.org.1] is requesting assets info for path [//site-1691153791888/folder1/subFolder1-1]
2023-08-04 12:56:32,325 INFO  [com.dot.ContainerResource] (docker-java-stream-824381349) STDOUT: 12:56:32.323  WARN  client.RestClient - request [POST http://elasticsearch:9200/cluster_51b0cac1ff.working_20230804125536/_search?typed_keys=true&max_concurrent_shard_requests=5&ignore_unavailable=false&expand_wildcards=open&allow_no_indices=true&ignore_throttled=true&search_type=query_then_fetch&batched_reduce_size=512&ccs_minimize_roundtrips=true] returned 2 warnings: [299 Elasticsearch-7.16.1-5b38441b16b1ebb16a27c107a4c3865776e20c53 "Elasticsearch built-in security features are not enabled. Without authentication, your cluster could be accessible to anyone. See https://www.elastic.co/guide/en/elasticsearch/reference/7.16/security-minimal-setup.html to enable security."],[299 Elasticsearch-7.16.1-5b38441b16b1ebb16a27c107a4c3865776e20c53 "[ignore_throttled] parameter is deprecated because frozen indices have been deprecated. Consider cold or frozen tiers in place of frozen indices."]
2023-08-04 12:56:32,334 INFO  [com.dot.ContainerResource] (docker-java-stream-824381349) STDOUT: 12:56:32.334  INFO  asset.WebAssetResource - User [dotcms.org.1] is requesting assets info for path [//site-1691153791888/folder1/subFolder1-2]
2023-08-04 12:56:32,341 INFO  [com.dot.ContainerResource] (docker-java-stream-824381349) STDOUT: 12:56:32.341  WARN  client.RestClient - request [POST http://elasticsearch:9200/cluster_51b0cac1ff.working_20230804125536/_search?typed_keys=true&max_concurrent_shard_requests=5&ignore_unavailable=false&expand_wildcards=open&allow_no_indices=true&ignore_throttled=true&search_type=query_then_fetch&batched_reduce_size=512&ccs_minimize_roundtrips=true] returned 2 warnings: [299 Elasticsearch-7.16.1-5b38441b16b1ebb16a27c107a4c3865776e20c53 "Elasticsearch built-in security features are not enabled. Without authentication, your cluster could be accessible to anyone. See https://www.elastic.co/guide/en/elasticsearch/reference/7.16/security-minimal-setup.html to enable security."],[299 Elasticsearch-7.16.1-5b38441b16b1ebb16a27c107a4c3865776e20c53 "[ignore_throttled] parameter is deprecated because frozen indices have been deprecated. Consider cold or frozen tiers in place of frozen indices."]
2023-08-04 12:56:32,356 INFO  [com.dot.ContainerResource] (docker-java-stream-824381349) STDOUT: 12:56:32.355  INFO  asset.WebAssetResource - User [dotcms.org.1] is requesting assets info for path [//site-1691153791888/folder1/subFolder1-3]
2023-08-04 12:56:32,362 INFO  [com.dot.ContainerResource] (docker-java-stream-824381349) STDOUT: 12:56:32.361  WARN  client.RestClient - request [POST http://elasticsearch:9200/cluster_51b0cac1ff.working_20230804125536/_search?typed_keys=true&max_concurrent_shard_requests=5&ignore_unavailable=false&expand_wildcards=open&allow_no_indices=true&ignore_throttled=true&search_type=query_then_fetch&batched_reduce_size=512&ccs_minimize_roundtrips=true] returned 2 warnings: [299 Elasticsearch-7.16.1-5b38441b16b1ebb16a27c107a4c3865776e20c53 "Elasticsearch built-in security features are not enabled. Without authentication, your cluster could be accessible to anyone. See https://www.elastic.co/guide/en/elasticsearch/reference/7.16/security-minimal-setup.html to enable security."],[299 Elasticsearch-7.16.1-5b38441b16b1ebb16a27c107a4c3865776e20c53 "[ignore_throttled] parameter is deprecated because frozen indices have been deprecated. Consider cold or frozen tiers in place of frozen indices."]
2023-08-04 12:56:32,372 INFO  [com.dot.ContainerResource] (docker-java-stream-824381349) STDOUT: 12:56:32.371  INFO  asset.WebAssetResource - User [dotcms.org.1] is requesting assets info for path [//site-1691153791888/folder1/subFolder1-1/subFolder1-1-1]
2023-08-04 12:56:32,379 INFO  [com.dot.ContainerResource] (docker-java-stream-824381349) STDOUT: 12:56:32.378  WARN  client.RestClient - request [POST http://elasticsearch:9200/cluster_51b0cac1ff.working_20230804125536/_search?typed_keys=true&max_concurrent_shard_requests=5&ignore_unavailable=false&expand_wildcards=open&allow_no_indices=true&ignore_throttled=true&search_type=query_then_fetch&batched_reduce_size=512&ccs_minimize_roundtrips=true] returned 2 warnings: [299 Elasticsearch-7.16.1-5b38441b16b1ebb16a27c107a4c3865776e20c53 "Elasticsearch built-in security features are not enabled. Without authentication, your cluster could be accessible to anyone. See https://www.elastic.co/guide/en/elasticsearch/reference/7.16/security-minimal-setup.html to enable security."],[299 Elasticsearch-7.16.1-5b38441b16b1ebb16a27c107a4c3865776e20c53 "[ignore_throttled] parameter is deprecated because frozen indices have been deprecated. Consider cold or frozen tiers in place of frozen indices."]
2023-08-04 12:56:32,387 INFO  [com.dot.ContainerResource] (docker-java-stream-824381349) STDOUT: 12:56:32.387  INFO  asset.WebAssetResource - User [dotcms.org.1] is requesting assets info for path [//site-1691153791888/folder1/subFolder1-1/subFolder1-1-2]
2023-08-04 12:56:32,397 INFO  [com.dot.ContainerResource] (docker-java-stream-824381349) STDOUT: 12:56:32.397  WARN  client.RestClient - request [POST http://elasticsearch:9200/cluster_51b0cac1ff.working_20230804125536/_search?typed_keys=true&max_concurrent_shard_requests=5&ignore_unavailable=false&expand_wildcards=open&allow_no_indices=true&ignore_throttled=true&search_type=query_then_fetch&batched_reduce_size=512&ccs_minimize_roundtrips=true] returned 2 warnings: [299 Elasticsearch-7.16.1-5b38441b16b1ebb16a27c107a4c3865776e20c53 "Elasticsearch built-in security features are not enabled. Without authentication, your cluster could be accessible to anyone. See https://www.elastic.co/guide/en/elasticsearch/reference/7.16/security-minimal-setup.html to enable security."],[299 Elasticsearch-7.16.1-5b38441b16b1ebb16a27c107a4c3865776e20c53 "[ignore_throttled] parameter is deprecated because frozen indices have been deprecated. Consider cold or frozen tiers in place of frozen indices."]
2023-08-04 12:56:32,408 INFO  [com.dot.ContainerResource] (docker-java-stream-824381349) STDOUT: 12:56:32.407  INFO  asset.WebAssetResource - User [dotcms.org.1] is requesting assets info for path [//site-1691153791888/folder1/subFolder1-1/subFolder1-1-3]
2023-08-04 12:56:32,414 INFO  [com.dot.ContainerResource] (docker-java-stream-824381349) STDOUT: 12:56:32.414  WARN  client.RestClient - request [POST http://elasticsearch:9200/cluster_51b0cac1ff.working_20230804125536/_search?typed_keys=true&max_concurrent_shard_requests=5&ignore_unavailable=false&expand_wildcards=open&allow_no_indices=true&ignore_throttled=true&search_type=query_then_fetch&batched_reduce_size=512&ccs_minimize_roundtrips=true] returned 2 warnings: [299 Elasticsearch-7.16.1-5b38441b16b1ebb16a27c107a4c3865776e20c53 "Elasticsearch built-in security features are not enabled. Without authentication, your cluster could be accessible to anyone. See https://www.elastic.co/guide/en/elasticsearch/reference/7.16/security-minimal-setup.html to enable security."],[299 Elasticsearch-7.16.1-5b38441b16b1ebb16a27c107a4c3865776e20c53 "[ignore_throttled] parameter is deprecated because frozen indices have been deprecated. Consider cold or frozen tiers in place of frozen indices."]
2023-08-04 12:56:32,424 INFO  [com.dot.ContainerResource] (docker-java-stream-824381349) STDOUT: 12:56:32.424  INFO  asset.WebAssetResource - User [dotcms.org.1] is requesting assets info for path [//site-1691153791888/folder1/subFolder1-2/subFolder1-2-1]
2023-08-04 12:56:32,430 INFO  [com.dot.ContainerResource] (docker-java-stream-824381349) STDOUT: 12:56:32.430  WARN  client.RestClient - request [POST http://elasticsearch:9200/cluster_51b0cac1ff.working_20230804125536/_search?typed_keys=true&max_concurrent_shard_requests=5&ignore_unavailable=false&expand_wildcards=open&allow_no_indices=true&ignore_throttled=true&search_type=query_then_fetch&batched_reduce_size=512&ccs_minimize_roundtrips=true] returned 2 warnings: [299 Elasticsearch-7.16.1-5b38441b16b1ebb16a27c107a4c3865776e20c53 "Elasticsearch built-in security features are not enabled. Without authentication, your cluster could be accessible to anyone. See https://www.elastic.co/guide/en/elasticsearch/reference/7.16/security-minimal-setup.html to enable security."],[299 Elasticsearch-7.16.1-5b38441b16b1ebb16a27c107a4c3865776e20c53 "[ignore_throttled] parameter is deprecated because frozen indices have been deprecated. Consider cold or frozen tiers in place of frozen indices."]
2023-08-04 12:56:32,440 INFO  [com.dot.ContainerResource] (docker-java-stream-824381349) STDOUT: 12:56:32.439  INFO  asset.WebAssetResource - User [dotcms.org.1] is requesting assets info for path [//site-1691153791888/folder1/subFolder1-2/subFolder1-2-2]
2023-08-04 12:56:32,446 INFO  [com.dot.ContainerResource] (docker-java-stream-824381349) STDOUT: 12:56:32.446  WARN  client.RestClient - request [POST http://elasticsearch:9200/cluster_51b0cac1ff.working_20230804125536/_search?typed_keys=true&max_concurrent_shard_requests=5&ignore_unavailable=false&expand_wildcards=open&allow_no_indices=true&ignore_throttled=true&search_type=query_then_fetch&batched_reduce_size=512&ccs_minimize_roundtrips=true] returned 2 warnings: [299 Elasticsearch-7.16.1-5b38441b16b1ebb16a27c107a4c3865776e20c53 "Elasticsearch built-in security features are not enabled. Without authentication, your cluster could be accessible to anyone. See https://www.elastic.co/guide/en/elasticsearch/reference/7.16/security-minimal-setup.html to enable security."],[299 Elasticsearch-7.16.1-5b38441b16b1ebb16a27c107a4c3865776e20c53 "[ignore_throttled] parameter is deprecated because frozen indices have been deprecated. Consider cold or frozen tiers in place of frozen indices."]
2023-08-04 12:56:32,455 INFO  [com.dot.ContainerResource] (docker-java-stream-824381349) STDOUT: 12:56:32.454  INFO  asset.WebAssetResource - User [dotcms.org.1] is requesting assets info for path [//site-1691153791888/folder1/subFolder1-2/subFolder1-2-3]
2023-08-04 12:56:32,461 INFO  [com.dot.ContainerResource] (docker-java-stream-824381349) STDOUT: 12:56:32.461  WARN  client.RestClient - request [POST http://elasticsearch:9200/cluster_51b0cac1ff.working_20230804125536/_search?typed_keys=true&max_concurrent_shard_requests=5&ignore_unavailable=false&expand_wildcards=open&allow_no_indices=true&ignore_throttled=true&search_type=query_then_fetch&batched_reduce_size=512&ccs_minimize_roundtrips=true] returned 2 warnings: [299 Elasticsearch-7.16.1-5b38441b16b1ebb16a27c107a4c3865776e20c53 "Elasticsearch built-in security features are not enabled. Without authentication, your cluster could be accessible to anyone. See https://www.elastic.co/guide/en/elasticsearch/reference/7.16/security-minimal-setup.html to enable security."],[299 Elasticsearch-7.16.1-5b38441b16b1ebb16a27c107a4c3865776e20c53 "[ignore_throttled] parameter is deprecated because frozen indices have been deprecated. Consider cold or frozen tiers in place of frozen indices."]
2023-08-04 12:56:32,471 INFO  [com.dot.ContainerResource] (docker-java-stream-824381349) STDOUT: 12:56:32.471  INFO  asset.WebAssetResource - User [dotcms.org.1] is requesting assets info for path [//site-1691153791888/folder2/subFolder2-1]
2023-08-04 12:56:32,476 INFO  [com.dot.ContainerResource] (docker-java-stream-824381349) STDOUT: 12:56:32.476  WARN  client.RestClient - request [POST http://elasticsearch:9200/cluster_51b0cac1ff.working_20230804125536/_search?typed_keys=true&max_concurrent_shard_requests=5&ignore_unavailable=false&expand_wildcards=open&allow_no_indices=true&ignore_throttled=true&search_type=query_then_fetch&batched_reduce_size=512&ccs_minimize_roundtrips=true] returned 2 warnings: [299 Elasticsearch-7.16.1-5b38441b16b1ebb16a27c107a4c3865776e20c53 "Elasticsearch built-in security features are not enabled. Without authentication, your cluster could be accessible to anyone. See https://www.elastic.co/guide/en/elasticsearch/reference/7.16/security-minimal-setup.html to enable security."],[299 Elasticsearch-7.16.1-5b38441b16b1ebb16a27c107a4c3865776e20c53 "[ignore_throttled] parameter is deprecated because frozen indices have been deprecated. Consider cold or frozen tiers in place of frozen indices."]
2023-08-04 12:56:32,492 INFO  [com.dot.ContainerResource] (docker-java-stream-824381349) STDOUT: 12:56:32.491  INFO  asset.WebAssetResource - User [dotcms.org.1] is requesting assets info for path [//site-1691153791888/folder2/subFolder2-2]
2023-08-04 12:56:32,499 INFO  [com.dot.ContainerResource] (docker-java-stream-824381349) STDOUT: 12:56:32.499  WARN  client.RestClient - request [POST http://elasticsearch:9200/cluster_51b0cac1ff.working_20230804125536/_search?typed_keys=true&max_concurrent_shard_requests=5&ignore_unavailable=false&expand_wildcards=open&allow_no_indices=true&ignore_throttled=true&search_type=query_then_fetch&batched_reduce_size=512&ccs_minimize_roundtrips=true] returned 2 warnings: [299 Elasticsearch-7.16.1-5b38441b16b1ebb16a27c107a4c3865776e20c53 "Elasticsearch built-in security features are not enabled. Without authentication, your cluster could be accessible to anyone. See https://www.elastic.co/guide/en/elasticsearch/reference/7.16/security-minimal-setup.html to enable security."],[299 Elasticsearch-7.16.1-5b38441b16b1ebb16a27c107a4c3865776e20c53 "[ignore_throttled] parameter is deprecated because frozen indices have been deprecated. Consider cold or frozen tiers in place of frozen indices."]
2023-08-04 12:56:32,507 INFO  [com.dot.ContainerResource] (docker-java-stream-824381349) STDOUT: 12:56:32.506  INFO  asset.WebAssetResource - User [dotcms.org.1] is requesting assets info for path [//site-1691153791888/folder2/subFolder2-3]
2023-08-04 12:56:32,513 INFO  [com.dot.ContainerResource] (docker-java-stream-824381349) STDOUT: 12:56:32.512  WARN  client.RestClient - request [POST http://elasticsearch:9200/cluster_51b0cac1ff.working_20230804125536/_search?typed_keys=true&max_concurrent_shard_requests=5&ignore_unavailable=false&expand_wildcards=open&allow_no_indices=true&ignore_throttled=true&search_type=query_then_fetch&batched_reduce_size=512&ccs_minimize_roundtrips=true] returned 2 warnings: [299 Elasticsearch-7.16.1-5b38441b16b1ebb16a27c107a4c3865776e20c53 "Elasticsearch built-in security features are not enabled. Without authentication, your cluster could be accessible to anyone. See https://www.elastic.co/guide/en/elasticsearch/reference/7.16/security-minimal-setup.html to enable security."],[299 Elasticsearch-7.16.1-5b38441b16b1ebb16a27c107a4c3865776e20c53 "[ignore_throttled] parameter is deprecated because frozen indices have been deprecated. Consider cold or frozen tiers in place of frozen indices."]
2023-08-04 12:56:32,522 INFO  [com.dot.ContainerResource] (docker-java-stream-824381349) STDOUT: 12:56:32.521  INFO  asset.WebAssetResource - User [dotcms.org.1] is requesting assets info for path [//site-1691153791888/folder2/subFolder2-1/subFolder2-1-1]
2023-08-04 12:56:32,530 INFO  [com.dot.ContainerResource] (docker-java-stream-824381349) STDOUT: 12:56:32.530  WARN  client.RestClient - request [POST http://elasticsearch:9200/cluster_51b0cac1ff.working_20230804125536/_search?typed_keys=true&max_concurrent_shard_requests=5&ignore_unavailable=false&expand_wildcards=open&allow_no_indices=true&ignore_throttled=true&search_type=query_then_fetch&batched_reduce_size=512&ccs_minimize_roundtrips=true] returned 2 warnings: [299 Elasticsearch-7.16.1-5b38441b16b1ebb16a27c107a4c3865776e20c53 "Elasticsearch built-in security features are not enabled. Without authentication, your cluster could be accessible to anyone. See https://www.elastic.co/guide/en/elasticsearch/reference/7.16/security-minimal-setup.html to enable security."],[299 Elasticsearch-7.16.1-5b38441b16b1ebb16a27c107a4c3865776e20c53 "[ignore_throttled] parameter is deprecated because frozen indices have been deprecated. Consider cold or frozen tiers in place of frozen indices."]
2023-08-04 12:56:32,543 INFO  [com.dot.ContainerResource] (docker-java-stream-824381349) STDOUT: 12:56:32.543  INFO  asset.WebAssetResource - User [dotcms.org.1] is requesting assets info for path [//site-1691153791888/folder2/subFolder2-1/subFolder2-1-2]
2023-08-04 12:56:32,550 INFO  [com.dot.ContainerResource] (docker-java-stream-824381349) STDOUT: 12:56:32.549  WARN  client.RestClient - request [POST http://elasticsearch:9200/cluster_51b0cac1ff.working_20230804125536/_search?typed_keys=true&max_concurrent_shard_requests=5&ignore_unavailable=false&expand_wildcards=open&allow_no_indices=true&ignore_throttled=true&search_type=query_then_fetch&batched_reduce_size=512&ccs_minimize_roundtrips=true] returned 2 warnings: [299 Elasticsearch-7.16.1-5b38441b16b1ebb16a27c107a4c3865776e20c53 "Elasticsearch built-in security features are not enabled. Without authentication, your cluster could be accessible to anyone. See https://www.elastic.co/guide/en/elasticsearch/reference/7.16/security-minimal-setup.html to enable security."],[299 Elasticsearch-7.16.1-5b38441b16b1ebb16a27c107a4c3865776e20c53 "[ignore_throttled] parameter is deprecated because frozen indices have been deprecated. Consider cold or frozen tiers in place of frozen indices."]
2023-08-04 12:56:32,564 INFO  [com.dot.ContainerResource] (docker-java-stream-824381349) STDOUT: 12:56:32.561  INFO  asset.WebAssetResource - User [dotcms.org.1] is requesting assets info for path [//site-1691153791888/folder2/subFolder2-1/subFolder2-1-3]
2023-08-04 12:56:32,569 INFO  [com.dot.ContainerResource] (docker-java-stream-824381349) STDOUT: 12:56:32.568  WARN  client.RestClient - request [POST http://elasticsearch:9200/cluster_51b0cac1ff.working_20230804125536/_search?typed_keys=true&max_concurrent_shard_requests=5&ignore_unavailable=false&expand_wildcards=open&allow_no_indices=true&ignore_throttled=true&search_type=query_then_fetch&batched_reduce_size=512&ccs_minimize_roundtrips=true] returned 2 warnings: [299 Elasticsearch-7.16.1-5b38441b16b1ebb16a27c107a4c3865776e20c53 "Elasticsearch built-in security features are not enabled. Without authentication, your cluster could be accessible to anyone. See https://www.elastic.co/guide/en/elasticsearch/reference/7.16/security-minimal-setup.html to enable security."],[299 Elasticsearch-7.16.1-5b38441b16b1ebb16a27c107a4c3865776e20c53 "[ignore_throttled] parameter is deprecated because frozen indices have been deprecated. Consider cold or frozen tiers in place of frozen indices."]
]]></system-out>
  </testcase>
  <testcase name="Test_Not_Found" classname="com.dotcms.api.traversal.FolderTraversalServiceIntegrationTest" time="0.833">
    <system-out><![CDATA[2023-08-04 12:56:33,372 INFO  [com.dot.ContainerResource] (docker-java-stream-824381349) STDOUT: 12:56:33.371  INFO  util.SecurityLogger - class com.dotcms.cms.login.LoginServiceAPIFactory$LoginServiceImpl : User dotcms.org.1 has successfully login from IP: 172.18.0.1 -- ip:172.18.0.1,user:Admin User [ID: dotcms.org.1][email:admin@dotcms.com]
2023-08-04 12:56:33,373 INFO  [com.dot.ContainerResource] (docker-java-stream-824381349) STDOUT: 12:56:33.371  INFO  util.SecurityLogger - class com.dotcms.rest.api.v1.authentication.CreateJsonWebTokenResource : A Json Web Token admin@dotcms.com is being created from IP: 172.18.0.1 -- ip:172.18.0.1,user:Admin User [ID: dotcms.org.1][email:admin@dotcms.com]
2023-08-04 12:56:33,383 INFO  [com.dot.ContainerResource] (docker-java-stream-824381349) STDOUT: 12:56:33.382  INFO  asset.WebAssetResource - User [dotcms.org.1] is requesting assets info for path [//default/folderDoesNotExist]
2023-08-04 12:56:33,402 INFO  [com.dot.ContainerResource] (docker-java-stream-824381349) STDOUT: 12:56:33.401  WARN  client.RestClient - request [POST http://elasticsearch:9200/cluster_51b0cac1ff.working_20230804125536/_search?typed_keys=true&max_concurrent_shard_requests=5&ignore_unavailable=false&expand_wildcards=open&allow_no_indices=true&ignore_throttled=true&search_type=query_then_fetch&batched_reduce_size=512&ccs_minimize_roundtrips=true] returned 2 warnings: [299 Elasticsearch-7.16.1-5b38441b16b1ebb16a27c107a4c3865776e20c53 "Elasticsearch built-in security features are not enabled. Without authentication, your cluster could be accessible to anyone. See https://www.elastic.co/guide/en/elasticsearch/reference/7.16/security-minimal-setup.html to enable security."],[299 Elasticsearch-7.16.1-5b38441b16b1ebb16a27c107a4c3865776e20c53 "[ignore_throttled] parameter is deprecated because frozen indices have been deprecated. Consider cold or frozen tiers in place of frozen indices."]
2023-08-04 12:56:33,407 INFO  [com.dot.ContainerResource] (docker-java-stream-824381349) STDOUT: 12:56:33.406  INFO  util.SecurityLogger - class com.dotcms.rest.exception.mapper.NotFoundInDbExceptionMapper :  Asset [folderDoesNotExist] not found -- ip:172.18.0.1,user:Admin User [ID: dotcms.org.1][email:admin@dotcms.com]
]]></system-out>
  </testcase>
  <testcase name="Test_Exclude" classname="com.dotcms.api.traversal.FolderTraversalServiceIntegrationTest" time="1.649">
    <system-out><![CDATA[2023-08-04 12:56:34,210 INFO  [com.dot.ContainerResource] (docker-java-stream-824381349) STDOUT: 12:56:34.208  INFO  util.SecurityLogger - class com.dotcms.cms.login.LoginServiceAPIFactory$LoginServiceImpl : User dotcms.org.1 has successfully login from IP: 172.18.0.1 -- ip:172.18.0.1,user:Admin User [ID: dotcms.org.1][email:admin@dotcms.com]
2023-08-04 12:56:34,211 INFO  [com.dot.ContainerResource] (docker-java-stream-824381349) STDOUT: 12:56:34.208  INFO  util.SecurityLogger - class com.dotcms.rest.api.v1.authentication.CreateJsonWebTokenResource : A Json Web Token admin@dotcms.com is being created from IP: 172.18.0.1 -- ip:172.18.0.1,user:Admin User [ID: dotcms.org.1][email:admin@dotcms.com]
2023-08-04 12:56:34,223 INFO  [com.dot.ContainerResource] (docker-java-stream-824381349) STDOUT: 12:56:34.223  INFO  util.ActivityLogger - class com.dotcms.content.elasticsearch.business.ESContentletAPIImpl: system : Saving Content , StartDate: N/D; EndDate: N/D; User:dotcms.org.1; ContentIdentifier: 
2023-08-04 12:56:34,233 INFO  [com.dot.ContainerResource] (docker-java-stream-824381349) STDOUT: 12:56:34.232  WARN  client.RestClient - request [POST http://elasticsearch:9200/cluster_51b0cac1ff.working_20230804125536/_search?typed_keys=true&max_concurrent_shard_requests=5&ignore_unavailable=false&expand_wildcards=open&allow_no_indices=true&ignore_throttled=true&search_type=query_then_fetch&batched_reduce_size=512&ccs_minimize_roundtrips=true] returned 2 warnings: [299 Elasticsearch-7.16.1-5b38441b16b1ebb16a27c107a4c3865776e20c53 "Elasticsearch built-in security features are not enabled. Without authentication, your cluster could be accessible to anyone. See https://www.elastic.co/guide/en/elasticsearch/reference/7.16/security-minimal-setup.html to enable security."],[299 Elasticsearch-7.16.1-5b38441b16b1ebb16a27c107a4c3865776e20c53 "[ignore_throttled] parameter is deprecated because frozen indices have been deprecated. Consider cold or frozen tiers in place of frozen indices."]
2023-08-04 12:56:34,238 INFO  [com.dot.ContainerResource] (docker-java-stream-824381349) STDOUT: 12:56:34.237  WARN  client.RestClient - request [POST http://elasticsearch:9200/cluster_51b0cac1ff.live_20230804125536/_search?typed_keys=true&max_concurrent_shard_requests=5&ignore_unavailable=false&expand_wildcards=open&allow_no_indices=true&ignore_throttled=true&search_type=query_then_fetch&batched_reduce_size=512&ccs_minimize_roundtrips=true] returned 2 warnings: [299 Elasticsearch-7.16.1-5b38441b16b1ebb16a27c107a4c3865776e20c53 "Elasticsearch built-in security features are not enabled. Without authentication, your cluster could be accessible to anyone. See https://www.elastic.co/guide/en/elasticsearch/reference/7.16/security-minimal-setup.html to enable security."],[299 Elasticsearch-7.16.1-5b38441b16b1ebb16a27c107a4c3865776e20c53 "[ignore_throttled] parameter is deprecated because frozen indices have been deprecated. Consider cold or frozen tiers in place of frozen indices."]
2023-08-04 12:56:34,240 INFO  [com.dot.ContainerResource] (docker-java-stream-824381349) STDOUT: 12:56:34.240  INFO  business.IdentifierAPIImpl - Creating new identifier for versionable asset of type `content` and title `site-1691153794214` 
2023-08-04 12:56:34,241 INFO  [com.dot.ContainerResource] (docker-java-stream-824381349) STDOUT: 12:56:34.240  INFO  business.DeterministicIdentifierAPIImpl - hashing id: host:system host/site-1691153794214 to 4b37d3173f7adf53566c88e896a68316
2023-08-04 12:56:34,258 INFO  [com.dot.ContainerResource] (docker-java-stream-824381349) STDOUT: 12:56:34.258  INFO  business.ContentletIndexAPIImpl - Indexing: 4b37d3173f7adf53566c88e896a68316 : site-1691153794214, includeDependencies: true, policy: DEFER
2023-08-04 12:56:34,259 INFO  [com.dot.ContainerResource] (docker-java-stream-824381349) STDOUT: 12:56:34.259  INFO  reindex.ReindexQueueAPIImpl - addIdentifierReindex: 4b37d3173f7adf53566c88e896a68316
2023-08-04 12:56:34,326 INFO  [com.dot.ContainerResource] (docker-java-stream-824381349) STDOUT: 12:56:34.326  INFO  util.ActivityLogger - class com.dotcms.content.elasticsearch.business.ESContentletAPIImpl: System Host : Content Saved , StartDate: N/D; EndDate: N/D; User:dotcms.org.1; ContentIdentifier: 4b37d3173f7adf53566c88e896a68316
2023-08-04 12:56:34,330 INFO  [com.dot.ContainerResource] (docker-java-stream-824381349) STDOUT: 12:56:34.329  INFO  reindex.ReindexThread - --- Unpausing reindex thread 
2023-08-04 12:56:34,359 INFO  [com.dot.ContainerResource] (docker-java-stream-824381349) STDOUT: 12:56:34.358  INFO  util.ActivityLogger - class com.dotcms.content.elasticsearch.business.ESContentletAPIImpl: System Host : Publishing Content , StartDate: N/D; EndDate: N/D; User:dotcms.org.1; ContentIdentifier: 4b37d3173f7adf53566c88e896a68316
2023-08-04 12:56:34,363 INFO  [com.dot.ContainerResource] (docker-java-stream-824381349) STDOUT: 12:56:34.362  INFO  business.ContentletIndexAPIImpl - Indexing: 4b37d3173f7adf53566c88e896a68316 : site-1691153794214, includeDependencies: true, policy: DEFER
2023-08-04 12:56:34,363 INFO  [com.dot.ContainerResource] (docker-java-stream-824381349) STDOUT: 12:56:34.363  INFO  reindex.ReindexQueueAPIImpl - addIdentifierReindex: 4b37d3173f7adf53566c88e896a68316
2023-08-04 12:56:34,387 INFO  [com.dot.ContainerResource] (docker-java-stream-824381349) STDOUT: 12:56:34.386  INFO  util.ActivityLogger - class com.dotcms.content.elasticsearch.business.ESContentletAPIImpl: System Host : Content Published , StartDate: N/D; EndDate: N/D; User:dotcms.org.1; ContentIdentifier: 4b37d3173f7adf53566c88e896a68316
2023-08-04 12:56:34,412 INFO  [com.dot.ContainerResource] (docker-java-stream-824381349) STDOUT: 12:56:34.411  INFO  business.DeterministicIdentifierAPIImpl - hashing id: folder:site-1691153794214/folder1 to b622c47c961f0b95637bd71475adfbe3
2023-08-04 12:56:34,418 INFO  [com.dot.ContainerResource] (docker-java-stream-824381349) STDOUT: 12:56:34.417  INFO  business.DeterministicIdentifierAPIImpl - hashing id: folder:site-1691153794214/folder1/subfolder1-1 to bc0a38d5039c373146b1eb260f51dd27
2023-08-04 12:56:34,420 INFO  [com.dot.ContainerResource] (docker-java-stream-824381349) STDOUT: 12:56:34.420  INFO  reindex.BulkProcessorListener - -----------
2023-08-04 12:56:34,421 INFO  [com.dot.ContainerResource] (docker-java-stream-824381349) STDOUT: 12:56:34.420  INFO  reindex.BulkProcessorListener - Reindexing Server #  : 1 of 1
2023-08-04 12:56:34,421 INFO  [com.dot.ContainerResource] (docker-java-stream-824381349) STDOUT: 12:56:34.420  INFO  reindex.BulkProcessorListener - Total Indexed        : 0
2023-08-04 12:56:34,429 INFO  [com.dot.ContainerResource] (docker-java-stream-824381349) STDOUT: 12:56:34.420  INFO  reindex.BulkProcessorListener - ReindexEntries found : 1
2023-08-04 12:56:34,429 INFO  [com.dot.ContainerResource] (docker-java-stream-824381349) STDOUT: 12:56:34.420  INFO  reindex.BulkProcessorListener - BulkRequests created : 4
2023-08-04 12:56:34,429 INFO  [com.dot.ContainerResource] (docker-java-stream-824381349) STDOUT: 12:56:34.420  INFO  reindex.BulkProcessorListener - -----------
2023-08-04 12:56:34,432 INFO  [com.dot.ContainerResource] (docker-java-stream-824381349) STDOUT: 12:56:34.432  INFO  business.DeterministicIdentifierAPIImpl - hashing id: folder:site-1691153794214/folder1/subfolder1-1/subfolder1-1-1 to 952991b210bf38d08bf0d8d84c9010d2
2023-08-04 12:56:34,445 INFO  [com.dot.ContainerResource] (docker-java-stream-824381349) STDOUT: 12:56:34.445  INFO  business.DeterministicIdentifierAPIImpl - hashing id: folder:site-1691153794214/folder1/subfolder1-1/subfolder1-1-2 to fbb49b60eb096f7af956a2149e8bb13b
2023-08-04 12:56:34,452 INFO  [com.dot.ContainerResource] (docker-java-stream-824381349) STDOUT: 12:56:34.451  WARN  client.RestClient - request [POST http://elasticsearch:9200/_bulk?timeout=1m] returned 1 warnings: [299 Elasticsearch-7.16.1-5b38441b16b1ebb16a27c107a4c3865776e20c53 "Elasticsearch built-in security features are not enabled. Without authentication, your cluster could be accessible to anyone. See https://www.elastic.co/guide/en/elasticsearch/reference/7.16/security-minimal-setup.html to enable security."]
2023-08-04 12:56:34,455 INFO  [com.dot.ContainerResource] (docker-java-stream-824381349) STDOUT: 12:56:34.455  INFO  business.DeterministicIdentifierAPIImpl - hashing id: folder:site-1691153794214/folder1/subfolder1-1/subfolder1-1-3 to 978d31464834883b74c28ffaa42df94b
2023-08-04 12:56:34,463 INFO  [com.dot.ContainerResource] (docker-java-stream-824381349) STDOUT: 12:56:34.463  INFO  business.DeterministicIdentifierAPIImpl - hashing id: folder:site-1691153794214/folder1/subfolder1-2 to 65e051904368373f414da68e4d2778ed
2023-08-04 12:56:34,472 INFO  [com.dot.ContainerResource] (docker-java-stream-824381349) STDOUT: 12:56:34.472  INFO  business.DeterministicIdentifierAPIImpl - hashing id: folder:site-1691153794214/folder1/subfolder1-2/subfolder1-2-1 to 8623f2dbf7a78a861d0a88497df79b29
2023-08-04 12:56:34,480 INFO  [com.dot.ContainerResource] (docker-java-stream-824381349) STDOUT: 12:56:34.479  INFO  business.DeterministicIdentifierAPIImpl - hashing id: folder:site-1691153794214/folder1/subfolder1-2/subfolder1-2-2 to b1038c4e5062ccce38e924ac4f461229
2023-08-04 12:56:34,487 INFO  [com.dot.ContainerResource] (docker-java-stream-824381349) STDOUT: 12:56:34.486  INFO  business.DeterministicIdentifierAPIImpl - hashing id: folder:site-1691153794214/folder1/subfolder1-2/subfolder1-2-3 to 96749890850591b7df879aee8728d5e0
2023-08-04 12:56:34,496 INFO  [com.dot.ContainerResource] (docker-java-stream-824381349) STDOUT: 12:56:34.495  INFO  business.DeterministicIdentifierAPIImpl - hashing id: folder:site-1691153794214/folder1/subfolder1-3 to b0ed20231a678c6828c44de566794547
2023-08-04 12:56:34,502 INFO  [com.dot.ContainerResource] (docker-java-stream-824381349) STDOUT: 12:56:34.502  INFO  business.DeterministicIdentifierAPIImpl - hashing id: folder:site-1691153794214/folder2 to 6dec44d8ed81f19b8e11b26784275feb
2023-08-04 12:56:34,507 INFO  [com.dot.ContainerResource] (docker-java-stream-824381349) STDOUT: 12:56:34.506  INFO  business.DeterministicIdentifierAPIImpl - hashing id: folder:site-1691153794214/folder2/subfolder2-1 to 7d0c88252b97a05a997c611b1bbbf63b
2023-08-04 12:56:34,515 INFO  [com.dot.ContainerResource] (docker-java-stream-824381349) STDOUT: 12:56:34.515  INFO  business.DeterministicIdentifierAPIImpl - hashing id: folder:site-1691153794214/folder2/subfolder2-1/subfolder2-1-1 to 505b9adc03abac4bbdd3e8d602eb5078
2023-08-04 12:56:34,524 INFO  [com.dot.ContainerResource] (docker-java-stream-824381349) STDOUT: 12:56:34.524  INFO  business.DeterministicIdentifierAPIImpl - hashing id: folder:site-1691153794214/folder2/subfolder2-1/subfolder2-1-2 to 1b949095f3cb23e3f34a4c799aad8c0c
2023-08-04 12:56:34,531 INFO  [com.dot.ContainerResource] (docker-java-stream-824381349) STDOUT: 12:56:34.531  INFO  business.DeterministicIdentifierAPIImpl - hashing id: folder:site-1691153794214/folder2/subfolder2-1/subfolder2-1-3 to efd76da2b01571f4d9823bac3c3945bb
2023-08-04 12:56:34,541 INFO  [com.dot.ContainerResource] (docker-java-stream-824381349) STDOUT: 12:56:34.540  INFO  business.DeterministicIdentifierAPIImpl - hashing id: folder:site-1691153794214/folder2/subfolder2-2 to 719b395430f702bcad7cf2f2a5360134
2023-08-04 12:56:34,557 INFO  [com.dot.ContainerResource] (docker-java-stream-824381349) STDOUT: 12:56:34.557  INFO  business.DeterministicIdentifierAPIImpl - hashing id: folder:site-1691153794214/folder2/subfolder2-3 to f403fdb969ce1fa6e492f68d60e4ce78
2023-08-04 12:56:34,564 INFO  [com.dot.ContainerResource] (docker-java-stream-824381349) STDOUT: 12:56:34.564  INFO  business.DeterministicIdentifierAPIImpl - hashing id: folder:site-1691153794214/folder3 to 4bb4ae3e2ef323c96a8938c0886058df
2023-08-04 12:56:34,579 INFO  [com.dot.ContainerResource] (docker-java-stream-824381349) STDOUT: 12:56:34.579  INFO  asset.WebAssetResource - User [dotcms.org.1] is requesting assets info for path [//site-1691153794214/]
2023-08-04 12:56:34,593 INFO  [com.dot.ContainerResource] (docker-java-stream-824381349) STDOUT: 12:56:34.592  WARN  client.RestClient - request [POST http://elasticsearch:9200/cluster_51b0cac1ff.working_20230804125536/_search?typed_keys=true&max_concurrent_shard_requests=5&ignore_unavailable=false&expand_wildcards=open&allow_no_indices=true&ignore_throttled=true&search_type=query_then_fetch&batched_reduce_size=512&ccs_minimize_roundtrips=true] returned 2 warnings: [299 Elasticsearch-7.16.1-5b38441b16b1ebb16a27c107a4c3865776e20c53 "Elasticsearch built-in security features are not enabled. Without authentication, your cluster could be accessible to anyone. See https://www.elastic.co/guide/en/elasticsearch/reference/7.16/security-minimal-setup.html to enable security."],[299 Elasticsearch-7.16.1-5b38441b16b1ebb16a27c107a4c3865776e20c53 "[ignore_throttled] parameter is deprecated because frozen indices have been deprecated. Consider cold or frozen tiers in place of frozen indices."]
2023-08-04 12:56:34,605 INFO  [com.dot.ContainerResource] (docker-java-stream-824381349) STDOUT: 12:56:34.603  INFO  asset.WebAssetResource - User [dotcms.org.1] is requesting assets info for path [//site-1691153794214/folder1]
2023-08-04 12:56:34,608 INFO  [com.dot.ContainerResource] (docker-java-stream-824381349) STDOUT: 12:56:34.607  WARN  client.RestClient - request [POST http://elasticsearch:9200/cluster_51b0cac1ff.working_20230804125536/_search?typed_keys=true&max_concurrent_shard_requests=5&ignore_unavailable=false&expand_wildcards=open&allow_no_indices=true&ignore_throttled=true&search_type=query_then_fetch&batched_reduce_size=512&ccs_minimize_roundtrips=true] returned 2 warnings: [299 Elasticsearch-7.16.1-5b38441b16b1ebb16a27c107a4c3865776e20c53 "Elasticsearch built-in security features are not enabled. Without authentication, your cluster could be accessible to anyone. See https://www.elastic.co/guide/en/elasticsearch/reference/7.16/security-minimal-setup.html to enable security."],[299 Elasticsearch-7.16.1-5b38441b16b1ebb16a27c107a4c3865776e20c53 "[ignore_throttled] parameter is deprecated because frozen indices have been deprecated. Consider cold or frozen tiers in place of frozen indices."]
2023-08-04 12:56:34,623 INFO  [com.dot.ContainerResource] (docker-java-stream-824381349) STDOUT: 12:56:34.622  INFO  asset.WebAssetResource - User [dotcms.org.1] is requesting assets info for path [//site-1691153794214/folder2]
2023-08-04 12:56:34,636 INFO  [com.dot.ContainerResource] (docker-java-stream-824381349) STDOUT: 12:56:34.630  WARN  client.RestClient - request [POST http://elasticsearch:9200/cluster_51b0cac1ff.working_20230804125536/_search?typed_keys=true&max_concurrent_shard_requests=5&ignore_unavailable=false&expand_wildcards=open&allow_no_indices=true&ignore_throttled=true&search_type=query_then_fetch&batched_reduce_size=512&ccs_minimize_roundtrips=true] returned 2 warnings: [299 Elasticsearch-7.16.1-5b38441b16b1ebb16a27c107a4c3865776e20c53 "Elasticsearch built-in security features are not enabled. Without authentication, your cluster could be accessible to anyone. See https://www.elastic.co/guide/en/elasticsearch/reference/7.16/security-minimal-setup.html to enable security."],[299 Elasticsearch-7.16.1-5b38441b16b1ebb16a27c107a4c3865776e20c53 "[ignore_throttled] parameter is deprecated because frozen indices have been deprecated. Consider cold or frozen tiers in place of frozen indices."]
2023-08-04 12:56:34,657 INFO  [com.dot.ContainerResource] (docker-java-stream-824381349) STDOUT: 12:56:34.652  INFO  asset.WebAssetResource - User [dotcms.org.1] is requesting assets info for path [//site-1691153794214/folder3]
2023-08-04 12:56:34,661 INFO  [com.dot.ContainerResource] (docker-java-stream-824381349) STDOUT: 12:56:34.660  WARN  client.RestClient - request [POST http://elasticsearch:9200/cluster_51b0cac1ff.working_20230804125536/_search?typed_keys=true&max_concurrent_shard_requests=5&ignore_unavailable=false&expand_wildcards=open&allow_no_indices=true&ignore_throttled=true&search_type=query_then_fetch&batched_reduce_size=512&ccs_minimize_roundtrips=true] returned 2 warnings: [299 Elasticsearch-7.16.1-5b38441b16b1ebb16a27c107a4c3865776e20c53 "Elasticsearch built-in security features are not enabled. Without authentication, your cluster could be accessible to anyone. See https://www.elastic.co/guide/en/elasticsearch/reference/7.16/security-minimal-setup.html to enable security."],[299 Elasticsearch-7.16.1-5b38441b16b1ebb16a27c107a4c3865776e20c53 "[ignore_throttled] parameter is deprecated because frozen indices have been deprecated. Consider cold or frozen tiers in place of frozen indices."]
2023-08-04 12:56:34,677 INFO  [com.dot.ContainerResource] (docker-java-stream-824381349) STDOUT: 12:56:34.676  INFO  asset.WebAssetResource - User [dotcms.org.1] is requesting assets info for path [//site-1691153794214/folder1/subFolder1-1]
2023-08-04 12:56:34,692 INFO  [com.dot.ContainerResource] (docker-java-stream-824381349) STDOUT: 12:56:34.691  WARN  client.RestClient - request [POST http://elasticsearch:9200/cluster_51b0cac1ff.working_20230804125536/_search?typed_keys=true&max_concurrent_shard_requests=5&ignore_unavailable=false&expand_wildcards=open&allow_no_indices=true&ignore_throttled=true&search_type=query_then_fetch&batched_reduce_size=512&ccs_minimize_roundtrips=true] returned 2 warnings: [299 Elasticsearch-7.16.1-5b38441b16b1ebb16a27c107a4c3865776e20c53 "Elasticsearch built-in security features are not enabled. Without authentication, your cluster could be accessible to anyone. See https://www.elastic.co/guide/en/elasticsearch/reference/7.16/security-minimal-setup.html to enable security."],[299 Elasticsearch-7.16.1-5b38441b16b1ebb16a27c107a4c3865776e20c53 "[ignore_throttled] parameter is deprecated because frozen indices have been deprecated. Consider cold or frozen tiers in place of frozen indices."]
2023-08-04 12:56:34,707 INFO  [com.dot.ContainerResource] (docker-java-stream-824381349) STDOUT: 12:56:34.705  INFO  asset.WebAssetResource - User [dotcms.org.1] is requesting assets info for path [//site-1691153794214/folder1/subFolder1-2]
2023-08-04 12:56:34,713 INFO  [com.dot.ContainerResource] (docker-java-stream-824381349) STDOUT: 12:56:34.711  WARN  client.RestClient - request [POST http://elasticsearch:9200/cluster_51b0cac1ff.working_20230804125536/_search?typed_keys=true&max_concurrent_shard_requests=5&ignore_unavailable=false&expand_wildcards=open&allow_no_indices=true&ignore_throttled=true&search_type=query_then_fetch&batched_reduce_size=512&ccs_minimize_roundtrips=true] returned 2 warnings: [299 Elasticsearch-7.16.1-5b38441b16b1ebb16a27c107a4c3865776e20c53 "Elasticsearch built-in security features are not enabled. Without authentication, your cluster could be accessible to anyone. See https://www.elastic.co/guide/en/elasticsearch/reference/7.16/security-minimal-setup.html to enable security."],[299 Elasticsearch-7.16.1-5b38441b16b1ebb16a27c107a4c3865776e20c53 "[ignore_throttled] parameter is deprecated because frozen indices have been deprecated. Consider cold or frozen tiers in place of frozen indices."]
2023-08-04 12:56:34,726 INFO  [com.dot.ContainerResource] (docker-java-stream-824381349) STDOUT: 12:56:34.726  INFO  asset.WebAssetResource - User [dotcms.org.1] is requesting assets info for path [//site-1691153794214/folder1/subFolder1-3]
2023-08-04 12:56:34,737 INFO  [com.dot.ContainerResource] (docker-java-stream-824381349) STDOUT: 12:56:34.737  WARN  client.RestClient - request [POST http://elasticsearch:9200/cluster_51b0cac1ff.working_20230804125536/_search?typed_keys=true&max_concurrent_shard_requests=5&ignore_unavailable=false&expand_wildcards=open&allow_no_indices=true&ignore_throttled=true&search_type=query_then_fetch&batched_reduce_size=512&ccs_minimize_roundtrips=true] returned 2 warnings: [299 Elasticsearch-7.16.1-5b38441b16b1ebb16a27c107a4c3865776e20c53 "Elasticsearch built-in security features are not enabled. Without authentication, your cluster could be accessible to anyone. See https://www.elastic.co/guide/en/elasticsearch/reference/7.16/security-minimal-setup.html to enable security."],[299 Elasticsearch-7.16.1-5b38441b16b1ebb16a27c107a4c3865776e20c53 "[ignore_throttled] parameter is deprecated because frozen indices have been deprecated. Consider cold or frozen tiers in place of frozen indices."]
2023-08-04 12:56:34,748 INFO  [com.dot.ContainerResource] (docker-java-stream-824381349) STDOUT: 12:56:34.747  INFO  asset.WebAssetResource - User [dotcms.org.1] is requesting assets info for path [//site-1691153794214/folder1/subFolder1-1/subFolder1-1-1]
2023-08-04 12:56:34,760 INFO  [com.dot.ContainerResource] (docker-java-stream-824381349) STDOUT: 12:56:34.756  WARN  client.RestClient - request [POST http://elasticsearch:9200/cluster_51b0cac1ff.working_20230804125536/_search?typed_keys=true&max_concurrent_shard_requests=5&ignore_unavailable=false&expand_wildcards=open&allow_no_indices=true&ignore_throttled=true&search_type=query_then_fetch&batched_reduce_size=512&ccs_minimize_roundtrips=true] returned 2 warnings: [299 Elasticsearch-7.16.1-5b38441b16b1ebb16a27c107a4c3865776e20c53 "Elasticsearch built-in security features are not enabled. Without authentication, your cluster could be accessible to anyone. See https://www.elastic.co/guide/en/elasticsearch/reference/7.16/security-minimal-setup.html to enable security."],[299 Elasticsearch-7.16.1-5b38441b16b1ebb16a27c107a4c3865776e20c53 "[ignore_throttled] parameter is deprecated because frozen indices have been deprecated. Consider cold or frozen tiers in place of frozen indices."]
2023-08-04 12:56:34,769 INFO  [com.dot.ContainerResource] (docker-java-stream-824381349) STDOUT: 12:56:34.768  INFO  asset.WebAssetResource - User [dotcms.org.1] is requesting assets info for path [//site-1691153794214/folder1/subFolder1-1/subFolder1-1-2]
2023-08-04 12:56:34,777 INFO  [com.dot.ContainerResource] (docker-java-stream-824381349) STDOUT: 12:56:34.774  WARN  client.RestClient - request [POST http://elasticsearch:9200/cluster_51b0cac1ff.working_20230804125536/_search?typed_keys=true&max_concurrent_shard_requests=5&ignore_unavailable=false&expand_wildcards=open&allow_no_indices=true&ignore_throttled=true&search_type=query_then_fetch&batched_reduce_size=512&ccs_minimize_roundtrips=true] returned 2 warnings: [299 Elasticsearch-7.16.1-5b38441b16b1ebb16a27c107a4c3865776e20c53 "Elasticsearch built-in security features are not enabled. Without authentication, your cluster could be accessible to anyone. See https://www.elastic.co/guide/en/elasticsearch/reference/7.16/security-minimal-setup.html to enable security."],[299 Elasticsearch-7.16.1-5b38441b16b1ebb16a27c107a4c3865776e20c53 "[ignore_throttled] parameter is deprecated because frozen indices have been deprecated. Consider cold or frozen tiers in place of frozen indices."]
2023-08-04 12:56:34,788 INFO  [com.dot.ContainerResource] (docker-java-stream-824381349) STDOUT: 12:56:34.788  INFO  asset.WebAssetResource - User [dotcms.org.1] is requesting assets info for path [//site-1691153794214/folder1/subFolder1-1/subFolder1-1-3]
2023-08-04 12:56:34,794 INFO  [com.dot.ContainerResource] (docker-java-stream-824381349) STDOUT: 12:56:34.794  WARN  client.RestClient - request [POST http://elasticsearch:9200/cluster_51b0cac1ff.working_20230804125536/_search?typed_keys=true&max_concurrent_shard_requests=5&ignore_unavailable=false&expand_wildcards=open&allow_no_indices=true&ignore_throttled=true&search_type=query_then_fetch&batched_reduce_size=512&ccs_minimize_roundtrips=true] returned 2 warnings: [299 Elasticsearch-7.16.1-5b38441b16b1ebb16a27c107a4c3865776e20c53 "Elasticsearch built-in security features are not enabled. Without authentication, your cluster could be accessible to anyone. See https://www.elastic.co/guide/en/elasticsearch/reference/7.16/security-minimal-setup.html to enable security."],[299 Elasticsearch-7.16.1-5b38441b16b1ebb16a27c107a4c3865776e20c53 "[ignore_throttled] parameter is deprecated because frozen indices have been deprecated. Consider cold or frozen tiers in place of frozen indices."]
2023-08-04 12:56:34,810 INFO  [com.dot.ContainerResource] (docker-java-stream-824381349) STDOUT: 12:56:34.810  INFO  asset.WebAssetResource - User [dotcms.org.1] is requesting assets info for path [//site-1691153794214/folder1/subFolder1-2/subFolder1-2-1]
2023-08-04 12:56:34,827 INFO  [com.dot.ContainerResource] (docker-java-stream-824381349) STDOUT: 12:56:34.822  WARN  client.RestClient - request [POST http://elasticsearch:9200/cluster_51b0cac1ff.working_20230804125536/_search?typed_keys=true&max_concurrent_shard_requests=5&ignore_unavailable=false&expand_wildcards=open&allow_no_indices=true&ignore_throttled=true&search_type=query_then_fetch&batched_reduce_size=512&ccs_minimize_roundtrips=true] returned 2 warnings: [299 Elasticsearch-7.16.1-5b38441b16b1ebb16a27c107a4c3865776e20c53 "Elasticsearch built-in security features are not enabled. Without authentication, your cluster could be accessible to anyone. See https://www.elastic.co/guide/en/elasticsearch/reference/7.16/security-minimal-setup.html to enable security."],[299 Elasticsearch-7.16.1-5b38441b16b1ebb16a27c107a4c3865776e20c53 "[ignore_throttled] parameter is deprecated because frozen indices have been deprecated. Consider cold or frozen tiers in place of frozen indices."]
2023-08-04 12:56:34,850 INFO  [com.dot.ContainerResource] (docker-java-stream-824381349) STDOUT: 12:56:34.849  INFO  asset.WebAssetResource - User [dotcms.org.1] is requesting assets info for path [//site-1691153794214/folder1/subFolder1-2/subFolder1-2-2]
2023-08-04 12:56:34,861 INFO  [com.dot.ContainerResource] (docker-java-stream-824381349) STDOUT: 12:56:34.860  WARN  client.RestClient - request [POST http://elasticsearch:9200/cluster_51b0cac1ff.working_20230804125536/_search?typed_keys=true&max_concurrent_shard_requests=5&ignore_unavailable=false&expand_wildcards=open&allow_no_indices=true&ignore_throttled=true&search_type=query_then_fetch&batched_reduce_size=512&ccs_minimize_roundtrips=true] returned 2 warnings: [299 Elasticsearch-7.16.1-5b38441b16b1ebb16a27c107a4c3865776e20c53 "Elasticsearch built-in security features are not enabled. Without authentication, your cluster could be accessible to anyone. See https://www.elastic.co/guide/en/elasticsearch/reference/7.16/security-minimal-setup.html to enable security."],[299 Elasticsearch-7.16.1-5b38441b16b1ebb16a27c107a4c3865776e20c53 "[ignore_throttled] parameter is deprecated because frozen indices have been deprecated. Consider cold or frozen tiers in place of frozen indices."]
2023-08-04 12:56:34,879 INFO  [com.dot.ContainerResource] (docker-java-stream-824381349) STDOUT: 12:56:34.878  INFO  asset.WebAssetResource - User [dotcms.org.1] is requesting assets info for path [//site-1691153794214/folder1/subFolder1-2/subFolder1-2-3]
2023-08-04 12:56:34,885 INFO  [com.dot.ContainerResource] (docker-java-stream-824381349) STDOUT: 12:56:34.884  WARN  client.RestClient - request [POST http://elasticsearch:9200/cluster_51b0cac1ff.working_20230804125536/_search?typed_keys=true&max_concurrent_shard_requests=5&ignore_unavailable=false&expand_wildcards=open&allow_no_indices=true&ignore_throttled=true&search_type=query_then_fetch&batched_reduce_size=512&ccs_minimize_roundtrips=true] returned 2 warnings: [299 Elasticsearch-7.16.1-5b38441b16b1ebb16a27c107a4c3865776e20c53 "Elasticsearch built-in security features are not enabled. Without authentication, your cluster could be accessible to anyone. See https://www.elastic.co/guide/en/elasticsearch/reference/7.16/security-minimal-setup.html to enable security."],[299 Elasticsearch-7.16.1-5b38441b16b1ebb16a27c107a4c3865776e20c53 "[ignore_throttled] parameter is deprecated because frozen indices have been deprecated. Consider cold or frozen tiers in place of frozen indices."]
2023-08-04 12:56:34,898 INFO  [com.dot.ContainerResource] (docker-java-stream-824381349) STDOUT: 12:56:34.896  INFO  asset.WebAssetResource - User [dotcms.org.1] is requesting assets info for path [//site-1691153794214/folder2/subFolder2-1]
2023-08-04 12:56:34,902 INFO  [com.dot.ContainerResource] (docker-java-stream-824381349) STDOUT: 12:56:34.901  WARN  client.RestClient - request [POST http://elasticsearch:9200/cluster_51b0cac1ff.working_20230804125536/_search?typed_keys=true&max_concurrent_shard_requests=5&ignore_unavailable=false&expand_wildcards=open&allow_no_indices=true&ignore_throttled=true&search_type=query_then_fetch&batched_reduce_size=512&ccs_minimize_roundtrips=true] returned 2 warnings: [299 Elasticsearch-7.16.1-5b38441b16b1ebb16a27c107a4c3865776e20c53 "Elasticsearch built-in security features are not enabled. Without authentication, your cluster could be accessible to anyone. See https://www.elastic.co/guide/en/elasticsearch/reference/7.16/security-minimal-setup.html to enable security."],[299 Elasticsearch-7.16.1-5b38441b16b1ebb16a27c107a4c3865776e20c53 "[ignore_throttled] parameter is deprecated because frozen indices have been deprecated. Consider cold or frozen tiers in place of frozen indices."]
2023-08-04 12:56:34,926 INFO  [com.dot.ContainerResource] (docker-java-stream-824381349) STDOUT: 12:56:34.925  INFO  asset.WebAssetResource - User [dotcms.org.1] is requesting assets info for path [//site-1691153794214/folder2/subFolder2-2]
2023-08-04 12:56:34,931 INFO  [com.dot.ContainerResource] (docker-java-stream-824381349) STDOUT: 12:56:34.931  WARN  client.RestClient - request [POST http://elasticsearch:9200/cluster_51b0cac1ff.working_20230804125536/_search?typed_keys=true&max_concurrent_shard_requests=5&ignore_unavailable=false&expand_wildcards=open&allow_no_indices=true&ignore_throttled=true&search_type=query_then_fetch&batched_reduce_size=512&ccs_minimize_roundtrips=true] returned 2 warnings: [299 Elasticsearch-7.16.1-5b38441b16b1ebb16a27c107a4c3865776e20c53 "Elasticsearch built-in security features are not enabled. Without authentication, your cluster could be accessible to anyone. See https://www.elastic.co/guide/en/elasticsearch/reference/7.16/security-minimal-setup.html to enable security."],[299 Elasticsearch-7.16.1-5b38441b16b1ebb16a27c107a4c3865776e20c53 "[ignore_throttled] parameter is deprecated because frozen indices have been deprecated. Consider cold or frozen tiers in place of frozen indices."]
2023-08-04 12:56:34,940 INFO  [com.dot.ContainerResource] (docker-java-stream-824381349) STDOUT: 12:56:34.939  INFO  asset.WebAssetResource - User [dotcms.org.1] is requesting assets info for path [//site-1691153794214/folder2/subFolder2-3]
2023-08-04 12:56:34,946 INFO  [com.dot.ContainerResource] (docker-java-stream-824381349) STDOUT: 12:56:34.945  WARN  client.RestClient - request [POST http://elasticsearch:9200/cluster_51b0cac1ff.working_20230804125536/_search?typed_keys=true&max_concurrent_shard_requests=5&ignore_unavailable=false&expand_wildcards=open&allow_no_indices=true&ignore_throttled=true&search_type=query_then_fetch&batched_reduce_size=512&ccs_minimize_roundtrips=true] returned 2 warnings: [299 Elasticsearch-7.16.1-5b38441b16b1ebb16a27c107a4c3865776e20c53 "Elasticsearch built-in security features are not enabled. Without authentication, your cluster could be accessible to anyone. See https://www.elastic.co/guide/en/elasticsearch/reference/7.16/security-minimal-setup.html to enable security."],[299 Elasticsearch-7.16.1-5b38441b16b1ebb16a27c107a4c3865776e20c53 "[ignore_throttled] parameter is deprecated because frozen indices have been deprecated. Consider cold or frozen tiers in place of frozen indices."]
2023-08-04 12:56:34,956 INFO  [com.dot.ContainerResource] (docker-java-stream-824381349) STDOUT: 12:56:34.955  INFO  asset.WebAssetResource - User [dotcms.org.1] is requesting assets info for path [//site-1691153794214/folder2/subFolder2-1/subFolder2-1-1]
2023-08-04 12:56:34,962 INFO  [com.dot.ContainerResource] (docker-java-stream-824381349) STDOUT: 12:56:34.961  WARN  client.RestClient - request [POST http://elasticsearch:9200/cluster_51b0cac1ff.working_20230804125536/_search?typed_keys=true&max_concurrent_shard_requests=5&ignore_unavailable=false&expand_wildcards=open&allow_no_indices=true&ignore_throttled=true&search_type=query_then_fetch&batched_reduce_size=512&ccs_minimize_roundtrips=true] returned 2 warnings: [299 Elasticsearch-7.16.1-5b38441b16b1ebb16a27c107a4c3865776e20c53 "Elasticsearch built-in security features are not enabled. Without authentication, your cluster could be accessible to anyone. See https://www.elastic.co/guide/en/elasticsearch/reference/7.16/security-minimal-setup.html to enable security."],[299 Elasticsearch-7.16.1-5b38441b16b1ebb16a27c107a4c3865776e20c53 "[ignore_throttled] parameter is deprecated because frozen indices have been deprecated. Consider cold or frozen tiers in place of frozen indices."]
2023-08-04 12:56:34,992 INFO  [com.dot.ContainerResource] (docker-java-stream-824381349) STDOUT: 12:56:34.987  INFO  asset.WebAssetResource - User [dotcms.org.1] is requesting assets info for path [//site-1691153794214/folder2/subFolder2-1/subFolder2-1-2]
2023-08-04 12:56:35,029 INFO  [com.dot.ContainerResource] (docker-java-stream-824381349) STDOUT: 12:56:35.028  WARN  client.RestClient - request [POST http://elasticsearch:9200/cluster_51b0cac1ff.working_20230804125536/_search?typed_keys=true&max_concurrent_shard_requests=5&ignore_unavailable=false&expand_wildcards=open&allow_no_indices=true&ignore_throttled=true&search_type=query_then_fetch&batched_reduce_size=512&ccs_minimize_roundtrips=true] returned 2 warnings: [299 Elasticsearch-7.16.1-5b38441b16b1ebb16a27c107a4c3865776e20c53 "Elasticsearch built-in security features are not enabled. Without authentication, your cluster could be accessible to anyone. See https://www.elastic.co/guide/en/elasticsearch/reference/7.16/security-minimal-setup.html to enable security."],[299 Elasticsearch-7.16.1-5b38441b16b1ebb16a27c107a4c3865776e20c53 "[ignore_throttled] parameter is deprecated because frozen indices have been deprecated. Consider cold or frozen tiers in place of frozen indices."]
2023-08-04 12:56:35,044 INFO  [com.dot.ContainerResource] (docker-java-stream-824381349) STDOUT: 12:56:35.044  INFO  asset.WebAssetResource - User [dotcms.org.1] is requesting assets info for path [//site-1691153794214/folder2/subFolder2-1/subFolder2-1-3]
2023-08-04 12:56:35,061 INFO  [com.dot.ContainerResource] (docker-java-stream-824381349) STDOUT: 12:56:35.061  WARN  client.RestClient - request [POST http://elasticsearch:9200/cluster_51b0cac1ff.working_20230804125536/_search?typed_keys=true&max_concurrent_shard_requests=5&ignore_unavailable=false&expand_wildcards=open&allow_no_indices=true&ignore_throttled=true&search_type=query_then_fetch&batched_reduce_size=512&ccs_minimize_roundtrips=true] returned 2 warnings: [299 Elasticsearch-7.16.1-5b38441b16b1ebb16a27c107a4c3865776e20c53 "Elasticsearch built-in security features are not enabled. Without authentication, your cluster could be accessible to anyone. See https://www.elastic.co/guide/en/elasticsearch/reference/7.16/security-minimal-setup.html to enable security."],[299 Elasticsearch-7.16.1-5b38441b16b1ebb16a27c107a4c3865776e20c53 "[ignore_throttled] parameter is deprecated because frozen indices have been deprecated. Consider cold or frozen tiers in place of frozen indices."]
]]></system-out>
  </testcase>
  <testcase name="Test_Folders_Depth_Zero" classname="com.dotcms.api.traversal.FolderTraversalServiceIntegrationTest" time="1.201">
    <system-out><![CDATA[2023-08-04 12:56:35,956 INFO  [com.dot.ContainerResource] (docker-java-stream-824381349) STDOUT: 12:56:35.955  INFO  util.SecurityLogger - class com.dotcms.cms.login.LoginServiceAPIFactory$LoginServiceImpl : User dotcms.org.1 has successfully login from IP: 172.18.0.1 -- ip:172.18.0.1,user:Admin User [ID: dotcms.org.1][email:admin@dotcms.com]
2023-08-04 12:56:35,956 INFO  [com.dot.ContainerResource] (docker-java-stream-824381349) STDOUT: 12:56:35.955  INFO  util.SecurityLogger - class com.dotcms.rest.api.v1.authentication.CreateJsonWebTokenResource : A Json Web Token admin@dotcms.com is being created from IP: 172.18.0.1 -- ip:172.18.0.1,user:Admin User [ID: dotcms.org.1][email:admin@dotcms.com]
2023-08-04 12:56:35,976 INFO  [com.dot.ContainerResource] (docker-java-stream-824381349) STDOUT: 12:56:35.976  INFO  util.ActivityLogger - class com.dotcms.content.elasticsearch.business.ESContentletAPIImpl: system : Saving Content , StartDate: N/D; EndDate: N/D; User:dotcms.org.1; ContentIdentifier: 
2023-08-04 12:56:35,983 INFO  [com.dot.ContainerResource] (docker-java-stream-824381349) STDOUT: 12:56:35.982  WARN  client.RestClient - request [POST http://elasticsearch:9200/cluster_51b0cac1ff.working_20230804125536/_search?typed_keys=true&max_concurrent_shard_requests=5&ignore_unavailable=false&expand_wildcards=open&allow_no_indices=true&ignore_throttled=true&search_type=query_then_fetch&batched_reduce_size=512&ccs_minimize_roundtrips=true] returned 2 warnings: [299 Elasticsearch-7.16.1-5b38441b16b1ebb16a27c107a4c3865776e20c53 "Elasticsearch built-in security features are not enabled. Without authentication, your cluster could be accessible to anyone. See https://www.elastic.co/guide/en/elasticsearch/reference/7.16/security-minimal-setup.html to enable security."],[299 Elasticsearch-7.16.1-5b38441b16b1ebb16a27c107a4c3865776e20c53 "[ignore_throttled] parameter is deprecated because frozen indices have been deprecated. Consider cold or frozen tiers in place of frozen indices."]
2023-08-04 12:56:35,986 INFO  [com.dot.ContainerResource] (docker-java-stream-824381349) STDOUT: 12:56:35.986  WARN  client.RestClient - request [POST http://elasticsearch:9200/cluster_51b0cac1ff.live_20230804125536/_search?typed_keys=true&max_concurrent_shard_requests=5&ignore_unavailable=false&expand_wildcards=open&allow_no_indices=true&ignore_throttled=true&search_type=query_then_fetch&batched_reduce_size=512&ccs_minimize_roundtrips=true] returned 2 warnings: [299 Elasticsearch-7.16.1-5b38441b16b1ebb16a27c107a4c3865776e20c53 "Elasticsearch built-in security features are not enabled. Without authentication, your cluster could be accessible to anyone. See https://www.elastic.co/guide/en/elasticsearch/reference/7.16/security-minimal-setup.html to enable security."],[299 Elasticsearch-7.16.1-5b38441b16b1ebb16a27c107a4c3865776e20c53 "[ignore_throttled] parameter is deprecated because frozen indices have been deprecated. Consider cold or frozen tiers in place of frozen indices."]
2023-08-04 12:56:35,988 INFO  [com.dot.ContainerResource] (docker-java-stream-824381349) STDOUT: 12:56:35.988  INFO  business.IdentifierAPIImpl - Creating new identifier for versionable asset of type `content` and title `site-1691153795963` 
2023-08-04 12:56:35,988 INFO  [com.dot.ContainerResource] (docker-java-stream-824381349) STDOUT: 12:56:35.988  INFO  business.DeterministicIdentifierAPIImpl - hashing id: host:system host/site-1691153795963 to 1435739b8f1ff0d6b69737c704390126
2023-08-04 12:56:36,008 INFO  [com.dot.ContainerResource] (docker-java-stream-824381349) STDOUT: 12:56:36.007  INFO  business.ContentletIndexAPIImpl - Indexing: 1435739b8f1ff0d6b69737c704390126 : site-1691153795963, includeDependencies: true, policy: DEFER
2023-08-04 12:56:36,008 INFO  [com.dot.ContainerResource] (docker-java-stream-824381349) STDOUT: 12:56:36.007  INFO  reindex.ReindexQueueAPIImpl - addIdentifierReindex: 1435739b8f1ff0d6b69737c704390126
2023-08-04 12:56:36,030 INFO  [com.dot.ContainerResource] (docker-java-stream-824381349) STDOUT: 12:56:36.029  INFO  util.ActivityLogger - class com.dotcms.content.elasticsearch.business.ESContentletAPIImpl: System Host : Content Saved , StartDate: N/D; EndDate: N/D; User:dotcms.org.1; ContentIdentifier: 1435739b8f1ff0d6b69737c704390126
2023-08-04 12:56:36,036 INFO  [com.dot.ContainerResource] (docker-java-stream-824381349) STDOUT: 12:56:36.033  INFO  reindex.ReindexThread - --- Unpausing reindex thread 
2023-08-04 12:56:36,049 INFO  [com.dot.ContainerResource] (docker-java-stream-824381349) STDOUT: 12:56:36.046  INFO  util.ActivityLogger - class com.dotcms.content.elasticsearch.business.ESContentletAPIImpl: System Host : Publishing Content , StartDate: N/D; EndDate: N/D; User:dotcms.org.1; ContentIdentifier: 1435739b8f1ff0d6b69737c704390126
2023-08-04 12:56:36,050 INFO  [com.dot.ContainerResource] (docker-java-stream-824381349) STDOUT: 12:56:36.048  INFO  business.ContentletIndexAPIImpl - Indexing: 1435739b8f1ff0d6b69737c704390126 : site-1691153795963, includeDependencies: true, policy: DEFER
2023-08-04 12:56:36,050 INFO  [com.dot.ContainerResource] (docker-java-stream-824381349) STDOUT: 12:56:36.048  INFO  reindex.ReindexQueueAPIImpl - addIdentifierReindex: 1435739b8f1ff0d6b69737c704390126
2023-08-04 12:56:36,070 INFO  [com.dot.ContainerResource] (docker-java-stream-824381349) STDOUT: 12:56:36.070  INFO  util.ActivityLogger - class com.dotcms.content.elasticsearch.business.ESContentletAPIImpl: System Host : Content Published , StartDate: N/D; EndDate: N/D; User:dotcms.org.1; ContentIdentifier: 1435739b8f1ff0d6b69737c704390126
2023-08-04 12:56:36,088 INFO  [com.dot.ContainerResource] (docker-java-stream-824381349) STDOUT: 12:56:36.087  INFO  business.DeterministicIdentifierAPIImpl - hashing id: folder:site-1691153795963/folder1 to d71d317060f450015f485839ab708bbd
2023-08-04 12:56:36,092 INFO  [com.dot.ContainerResource] (docker-java-stream-824381349) STDOUT: 12:56:36.091  INFO  business.DeterministicIdentifierAPIImpl - hashing id: folder:site-1691153795963/folder1/subfolder1-1 to 9501d6768a567f6ce4cb80f6bf01626b
2023-08-04 12:56:36,096 INFO  [com.dot.ContainerResource] (docker-java-stream-824381349) STDOUT: 12:56:36.095  INFO  business.DeterministicIdentifierAPIImpl - hashing id: folder:site-1691153795963/folder1/subfolder1-1/subfolder1-1-1 to 186383b53362dfb6305caae17fd5ffb1
2023-08-04 12:56:36,101 INFO  [com.dot.ContainerResource] (docker-java-stream-824381349) STDOUT: 12:56:36.101  INFO  business.DeterministicIdentifierAPIImpl - hashing id: folder:site-1691153795963/folder1/subfolder1-1/subfolder1-1-2 to 8c7c6c1a6864de09a35f36b05b28b723
2023-08-04 12:56:36,106 INFO  [com.dot.ContainerResource] (docker-java-stream-824381349) STDOUT: 12:56:36.106  INFO  business.DeterministicIdentifierAPIImpl - hashing id: folder:site-1691153795963/folder1/subfolder1-1/subfolder1-1-3 to 5fef64168937ff8b86ae074b7f9924a1
2023-08-04 12:56:36,111 INFO  [com.dot.ContainerResource] (docker-java-stream-824381349) STDOUT: 12:56:36.110  INFO  business.DeterministicIdentifierAPIImpl - hashing id: folder:site-1691153795963/folder1/subfolder1-2 to 9945ded6fd19d0d088948a6a14b0a76c
2023-08-04 12:56:36,115 INFO  [com.dot.ContainerResource] (docker-java-stream-824381349) STDOUT: 12:56:36.114  INFO  business.DeterministicIdentifierAPIImpl - hashing id: folder:site-1691153795963/folder1/subfolder1-2/subfolder1-2-1 to e9e25f935346c429ad1fa39aa6ef2f90
2023-08-04 12:56:36,120 INFO  [com.dot.ContainerResource] (docker-java-stream-824381349) STDOUT: 12:56:36.120  INFO  business.DeterministicIdentifierAPIImpl - hashing id: folder:site-1691153795963/folder1/subfolder1-2/subfolder1-2-2 to 06de1166ebed7efb5133a0e4b23554f3
2023-08-04 12:56:36,124 INFO  [com.dot.ContainerResource] (docker-java-stream-824381349) STDOUT: 12:56:36.124  INFO  business.DeterministicIdentifierAPIImpl - hashing id: folder:site-1691153795963/folder1/subfolder1-2/subfolder1-2-3 to d20c74fb943776089c26c8786ab8a5e1
2023-08-04 12:56:36,128 INFO  [com.dot.ContainerResource] (docker-java-stream-824381349) STDOUT: 12:56:36.128  INFO  business.DeterministicIdentifierAPIImpl - hashing id: folder:site-1691153795963/folder1/subfolder1-3 to 1d0cf787bb64b8f86f20c9eba3d18cc2
2023-08-04 12:56:36,132 INFO  [com.dot.ContainerResource] (docker-java-stream-824381349) STDOUT: 12:56:36.132  INFO  business.DeterministicIdentifierAPIImpl - hashing id: folder:site-1691153795963/folder2 to 810ee097729e10e8ce7640981ab065dd
2023-08-04 12:56:36,151 INFO  [com.dot.ContainerResource] (docker-java-stream-824381349) STDOUT: 12:56:36.150  INFO  business.DeterministicIdentifierAPIImpl - hashing id: folder:site-1691153795963/folder2/subfolder2-1 to 0149824793ec56720262d020d2f6ff77
2023-08-04 12:56:36,154 INFO  [com.dot.ContainerResource] (docker-java-stream-824381349) STDOUT: 12:56:36.154  INFO  business.DeterministicIdentifierAPIImpl - hashing id: folder:site-1691153795963/folder2/subfolder2-1/subfolder2-1-1 to a31589b4ae4313628886356a7f22eb91
2023-08-04 12:56:36,172 INFO  [com.dot.ContainerResource] (docker-java-stream-824381349) STDOUT: 12:56:36.171  INFO  business.DeterministicIdentifierAPIImpl - hashing id: folder:site-1691153795963/folder2/subfolder2-1/subfolder2-1-2 to 54893d91570956f00a03a2d975ce3245
2023-08-04 12:56:36,182 INFO  [com.dot.ContainerResource] (docker-java-stream-824381349) STDOUT: 12:56:36.182  INFO  business.DeterministicIdentifierAPIImpl - hashing id: folder:site-1691153795963/folder2/subfolder2-1/subfolder2-1-3 to 4279d95c2aab209cd0b9ac9e0c5a9d57
2023-08-04 12:56:36,190 INFO  [com.dot.ContainerResource] (docker-java-stream-824381349) STDOUT: 12:56:36.190  INFO  business.DeterministicIdentifierAPIImpl - hashing id: folder:site-1691153795963/folder2/subfolder2-2 to 1802f5208a8412519c0b2269e96f79e0
2023-08-04 12:56:36,193 INFO  [com.dot.ContainerResource] (docker-java-stream-824381349) STDOUT: 12:56:36.193  INFO  business.DeterministicIdentifierAPIImpl - hashing id: folder:site-1691153795963/folder2/subfolder2-3 to 296ccb30d758d79967976388561576e6
2023-08-04 12:56:36,208 INFO  [com.dot.ContainerResource] (docker-java-stream-824381349) STDOUT: 12:56:36.207  INFO  business.DeterministicIdentifierAPIImpl - hashing id: folder:site-1691153795963/folder3 to efee4339ef1a822529469423690dbe5f
2023-08-04 12:56:36,225 INFO  [com.dot.ContainerResource] (docker-java-stream-824381349) STDOUT: 12:56:36.225  INFO  asset.WebAssetResource - User [dotcms.org.1] is requesting assets info for path [//site-1691153795963/]
2023-08-04 12:56:36,250 INFO  [com.dot.ContainerResource] (docker-java-stream-824381349) STDOUT: 12:56:36.248  WARN  client.RestClient - request [POST http://elasticsearch:9200/cluster_51b0cac1ff.working_20230804125536/_search?typed_keys=true&max_concurrent_shard_requests=5&ignore_unavailable=false&expand_wildcards=open&allow_no_indices=true&ignore_throttled=true&search_type=query_then_fetch&batched_reduce_size=512&ccs_minimize_roundtrips=true] returned 2 warnings: [299 Elasticsearch-7.16.1-5b38441b16b1ebb16a27c107a4c3865776e20c53 "Elasticsearch built-in security features are not enabled. Without authentication, your cluster could be accessible to anyone. See https://www.elastic.co/guide/en/elasticsearch/reference/7.16/security-minimal-setup.html to enable security."],[299 Elasticsearch-7.16.1-5b38441b16b1ebb16a27c107a4c3865776e20c53 "[ignore_throttled] parameter is deprecated because frozen indices have been deprecated. Consider cold or frozen tiers in place of frozen indices."]
2023-08-04 12:56:36,256 INFO  [com.dot.ContainerResource] (docker-java-stream-824381349) STDOUT: 12:56:36.256  INFO  reindex.BulkProcessorListener - -----------
2023-08-04 12:56:36,257 INFO  [com.dot.ContainerResource] (docker-java-stream-824381349) STDOUT: 12:56:36.256  INFO  reindex.BulkProcessorListener - Reindexing Server #  : 1 of 1
2023-08-04 12:56:36,257 INFO  [com.dot.ContainerResource] (docker-java-stream-824381349) STDOUT: 12:56:36.257  INFO  reindex.BulkProcessorListener - Total Indexed        : 0
2023-08-04 12:56:36,258 INFO  [com.dot.ContainerResource] (docker-java-stream-824381349) STDOUT: 12:56:36.257  INFO  reindex.BulkProcessorListener - ReindexEntries found : 1
2023-08-04 12:56:36,264 INFO  [com.dot.ContainerResource] (docker-java-stream-824381349) STDOUT: 12:56:36.260  INFO  reindex.BulkProcessorListener - BulkRequests created : 2
2023-08-04 12:56:36,264 INFO  [com.dot.ContainerResource] (docker-java-stream-824381349) STDOUT: 12:56:36.260  INFO  reindex.BulkProcessorListener - -----------
]]></system-out>
  </testcase>
  <testcase name="Test_Include2" classname="com.dotcms.api.traversal.FolderTraversalServiceIntegrationTest" time="1.618">
    <system-out><![CDATA[2023-08-04 12:56:36,288 INFO  [com.dot.ContainerResource] (docker-java-stream-824381349) STDOUT: 12:56:36.284  WARN  client.RestClient - request [POST http://elasticsearch:9200/_bulk?timeout=1m] returned 1 warnings: [299 Elasticsearch-7.16.1-5b38441b16b1ebb16a27c107a4c3865776e20c53 "Elasticsearch built-in security features are not enabled. Without authentication, your cluster could be accessible to anyone. See https://www.elastic.co/guide/en/elasticsearch/reference/7.16/security-minimal-setup.html to enable security."]
2023-08-04 12:56:36,542 INFO  [com.dot.ContainerResource] (docker-java-stream-824381349) STDOUT: 12:56:36.541  INFO  reindex.ReindexThread - --- ReindexThread Paused (every 3600000 millis)
2023-08-04 12:56:37,151 INFO  [com.dot.ContainerResource] (docker-java-stream-824381349) STDOUT: 12:56:37.150  INFO  util.SecurityLogger - class com.dotcms.cms.login.LoginServiceAPIFactory$LoginServiceImpl : User dotcms.org.1 has successfully login from IP: 172.18.0.1 -- ip:172.18.0.1,user:Admin User [ID: dotcms.org.1][email:admin@dotcms.com]
2023-08-04 12:56:37,151 INFO  [com.dot.ContainerResource] (docker-java-stream-824381349) STDOUT: 12:56:37.151  INFO  util.SecurityLogger - class com.dotcms.rest.api.v1.authentication.CreateJsonWebTokenResource : A Json Web Token admin@dotcms.com is being created from IP: 172.18.0.1 -- ip:172.18.0.1,user:Admin User [ID: dotcms.org.1][email:admin@dotcms.com]
2023-08-04 12:56:37,174 INFO  [com.dot.ContainerResource] (docker-java-stream-824381349) STDOUT: 12:56:37.174  INFO  util.ActivityLogger - class com.dotcms.content.elasticsearch.business.ESContentletAPIImpl: system : Saving Content , StartDate: N/D; EndDate: N/D; User:dotcms.org.1; ContentIdentifier: 
2023-08-04 12:56:37,187 INFO  [com.dot.ContainerResource] (docker-java-stream-824381349) STDOUT: 12:56:37.186  WARN  client.RestClient - request [POST http://elasticsearch:9200/cluster_51b0cac1ff.working_20230804125536/_search?typed_keys=true&max_concurrent_shard_requests=5&ignore_unavailable=false&expand_wildcards=open&allow_no_indices=true&ignore_throttled=true&search_type=query_then_fetch&batched_reduce_size=512&ccs_minimize_roundtrips=true] returned 2 warnings: [299 Elasticsearch-7.16.1-5b38441b16b1ebb16a27c107a4c3865776e20c53 "Elasticsearch built-in security features are not enabled. Without authentication, your cluster could be accessible to anyone. See https://www.elastic.co/guide/en/elasticsearch/reference/7.16/security-minimal-setup.html to enable security."],[299 Elasticsearch-7.16.1-5b38441b16b1ebb16a27c107a4c3865776e20c53 "[ignore_throttled] parameter is deprecated because frozen indices have been deprecated. Consider cold or frozen tiers in place of frozen indices."]
2023-08-04 12:56:37,192 INFO  [com.dot.ContainerResource] (docker-java-stream-824381349) STDOUT: 12:56:37.191  WARN  client.RestClient - request [POST http://elasticsearch:9200/cluster_51b0cac1ff.live_20230804125536/_search?typed_keys=true&max_concurrent_shard_requests=5&ignore_unavailable=false&expand_wildcards=open&allow_no_indices=true&ignore_throttled=true&search_type=query_then_fetch&batched_reduce_size=512&ccs_minimize_roundtrips=true] returned 2 warnings: [299 Elasticsearch-7.16.1-5b38441b16b1ebb16a27c107a4c3865776e20c53 "Elasticsearch built-in security features are not enabled. Without authentication, your cluster could be accessible to anyone. See https://www.elastic.co/guide/en/elasticsearch/reference/7.16/security-minimal-setup.html to enable security."],[299 Elasticsearch-7.16.1-5b38441b16b1ebb16a27c107a4c3865776e20c53 "[ignore_throttled] parameter is deprecated because frozen indices have been deprecated. Consider cold or frozen tiers in place of frozen indices."]
2023-08-04 12:56:37,196 INFO  [com.dot.ContainerResource] (docker-java-stream-824381349) STDOUT: 12:56:37.196  INFO  business.IdentifierAPIImpl - Creating new identifier for versionable asset of type `content` and title `site-1691153797167` 
2023-08-04 12:56:37,196 INFO  [com.dot.ContainerResource] (docker-java-stream-824381349) STDOUT: 12:56:37.196  INFO  business.DeterministicIdentifierAPIImpl - hashing id: host:system host/site-1691153797167 to 85a928a7253855f94fd8709ec67e71d0
2023-08-04 12:56:37,221 INFO  [com.dot.ContainerResource] (docker-java-stream-824381349) STDOUT: 12:56:37.221  INFO  business.ContentletIndexAPIImpl - Indexing: 85a928a7253855f94fd8709ec67e71d0 : site-1691153797167, includeDependencies: true, policy: DEFER
2023-08-04 12:56:37,221 INFO  [com.dot.ContainerResource] (docker-java-stream-824381349) STDOUT: 12:56:37.221  INFO  reindex.ReindexQueueAPIImpl - addIdentifierReindex: 85a928a7253855f94fd8709ec67e71d0
2023-08-04 12:56:37,257 INFO  [com.dot.ContainerResource] (docker-java-stream-824381349) STDOUT: 12:56:37.257  INFO  util.ActivityLogger - class com.dotcms.content.elasticsearch.business.ESContentletAPIImpl: System Host : Content Saved , StartDate: N/D; EndDate: N/D; User:dotcms.org.1; ContentIdentifier: 85a928a7253855f94fd8709ec67e71d0
2023-08-04 12:56:37,261 INFO  [com.dot.ContainerResource] (docker-java-stream-824381349) STDOUT: 12:56:37.260  INFO  reindex.ReindexThread - --- Unpausing reindex thread 
2023-08-04 12:56:37,289 INFO  [com.dot.ContainerResource] (docker-java-stream-824381349) STDOUT: 12:56:37.289  INFO  util.ActivityLogger - class com.dotcms.content.elasticsearch.business.ESContentletAPIImpl: System Host : Publishing Content , StartDate: N/D; EndDate: N/D; User:dotcms.org.1; ContentIdentifier: 85a928a7253855f94fd8709ec67e71d0
2023-08-04 12:56:37,295 INFO  [com.dot.ContainerResource] (docker-java-stream-824381349) STDOUT: 12:56:37.295  INFO  business.ContentletIndexAPIImpl - Indexing: 85a928a7253855f94fd8709ec67e71d0 : site-1691153797167, includeDependencies: true, policy: DEFER
2023-08-04 12:56:37,296 INFO  [com.dot.ContainerResource] (docker-java-stream-824381349) STDOUT: 12:56:37.296  INFO  reindex.ReindexQueueAPIImpl - addIdentifierReindex: 85a928a7253855f94fd8709ec67e71d0
2023-08-04 12:56:37,314 INFO  [com.dot.ContainerResource] (docker-java-stream-824381349) STDOUT: 12:56:37.313  INFO  reindex.BulkProcessorListener - -----------
2023-08-04 12:56:37,314 INFO  [com.dot.ContainerResource] (docker-java-stream-824381349) STDOUT: 12:56:37.313  INFO  reindex.BulkProcessorListener - Reindexing Server #  : 1 of 1
2023-08-04 12:56:37,314 INFO  [com.dot.ContainerResource] (docker-java-stream-824381349) STDOUT: 12:56:37.313  INFO  reindex.BulkProcessorListener - Total Indexed        : 0
2023-08-04 12:56:37,315 INFO  [com.dot.ContainerResource] (docker-java-stream-824381349) STDOUT: 12:56:37.313  INFO  reindex.BulkProcessorListener - ReindexEntries found : 1
2023-08-04 12:56:37,315 INFO  [com.dot.ContainerResource] (docker-java-stream-824381349) STDOUT: 12:56:37.313  INFO  reindex.BulkProcessorListener - BulkRequests created : 1
2023-08-04 12:56:37,315 INFO  [com.dot.ContainerResource] (docker-java-stream-824381349) STDOUT: 12:56:37.313  INFO  reindex.BulkProcessorListener - -----------
2023-08-04 12:56:37,328 INFO  [com.dot.ContainerResource] (docker-java-stream-824381349) STDOUT: 12:56:37.325  WARN  client.RestClient - request [POST http://elasticsearch:9200/_bulk?timeout=1m] returned 1 warnings: [299 Elasticsearch-7.16.1-5b38441b16b1ebb16a27c107a4c3865776e20c53 "Elasticsearch built-in security features are not enabled. Without authentication, your cluster could be accessible to anyone. See https://www.elastic.co/guide/en/elasticsearch/reference/7.16/security-minimal-setup.html to enable security."]
2023-08-04 12:56:37,347 INFO  [com.dot.ContainerResource] (docker-java-stream-824381349) STDOUT: 12:56:37.346  INFO  util.ActivityLogger - class com.dotcms.content.elasticsearch.business.ESContentletAPIImpl: System Host : Content Published , StartDate: N/D; EndDate: N/D; User:dotcms.org.1; ContentIdentifier: 85a928a7253855f94fd8709ec67e71d0
2023-08-04 12:56:37,348 INFO  [com.dot.ContainerResource] (docker-java-stream-824381349) STDOUT: 12:56:37.348  INFO  reindex.ReindexThread - --- Unpausing reindex thread 
2023-08-04 12:56:37,376 INFO  [com.dot.ContainerResource] (docker-java-stream-824381349) STDOUT: 12:56:37.375  INFO  business.DeterministicIdentifierAPIImpl - hashing id: folder:site-1691153797167/folder1 to c24d1db8b85e238f4ae9ea793354632b
2023-08-04 12:56:37,382 INFO  [com.dot.ContainerResource] (docker-java-stream-824381349) STDOUT: 12:56:37.381  INFO  business.DeterministicIdentifierAPIImpl - hashing id: folder:site-1691153797167/folder1/subfolder1-1 to d204ee8f765e459719453f78e0c15888
2023-08-04 12:56:37,388 INFO  [com.dot.ContainerResource] (docker-java-stream-824381349) STDOUT: 12:56:37.388  INFO  business.DeterministicIdentifierAPIImpl - hashing id: folder:site-1691153797167/folder1/subfolder1-1/subfolder1-1-1 to c700556b68f8db56bf90146397171caa
2023-08-04 12:56:37,397 INFO  [com.dot.ContainerResource] (docker-java-stream-824381349) STDOUT: 12:56:37.396  INFO  business.DeterministicIdentifierAPIImpl - hashing id: folder:site-1691153797167/folder1/subfolder1-1/subfolder1-1-2 to d6d320c64b5747f8612011f3e3ac5ecb
2023-08-04 12:56:37,402 INFO  [com.dot.ContainerResource] (docker-java-stream-824381349) STDOUT: 12:56:37.402  INFO  business.DeterministicIdentifierAPIImpl - hashing id: folder:site-1691153797167/folder1/subfolder1-1/subfolder1-1-3 to 2a013c4295bb1a937c49041b03a2cbc9
2023-08-04 12:56:37,408 INFO  [com.dot.ContainerResource] (docker-java-stream-824381349) STDOUT: 12:56:37.408  INFO  business.DeterministicIdentifierAPIImpl - hashing id: folder:site-1691153797167/folder1/subfolder1-2 to 0076533e4474c0917fb21af466234b90
2023-08-04 12:56:37,413 INFO  [com.dot.ContainerResource] (docker-java-stream-824381349) STDOUT: 12:56:37.413  INFO  business.DeterministicIdentifierAPIImpl - hashing id: folder:site-1691153797167/folder1/subfolder1-2/subfolder1-2-1 to 92bc154787da163f95e3b29b9caf3e94
2023-08-04 12:56:37,421 INFO  [com.dot.ContainerResource] (docker-java-stream-824381349) STDOUT: 12:56:37.420  INFO  business.DeterministicIdentifierAPIImpl - hashing id: folder:site-1691153797167/folder1/subfolder1-2/subfolder1-2-2 to f6cc8d624f84268d9750e4c7af11afd1
2023-08-04 12:56:37,426 INFO  [com.dot.ContainerResource] (docker-java-stream-824381349) STDOUT: 12:56:37.426  INFO  business.DeterministicIdentifierAPIImpl - hashing id: folder:site-1691153797167/folder1/subfolder1-2/subfolder1-2-3 to 7559cfdd96867f6a32d75f2ac0a052a3
2023-08-04 12:56:37,432 INFO  [com.dot.ContainerResource] (docker-java-stream-824381349) STDOUT: 12:56:37.432  INFO  business.DeterministicIdentifierAPIImpl - hashing id: folder:site-1691153797167/folder1/subfolder1-3 to aa908f6377bbab1bb49b79614e2ee300
2023-08-04 12:56:37,437 INFO  [com.dot.ContainerResource] (docker-java-stream-824381349) STDOUT: 12:56:37.437  INFO  business.DeterministicIdentifierAPIImpl - hashing id: folder:site-1691153797167/folder2 to ac6fcd6bc12c4702487338d6edb596c2
2023-08-04 12:56:37,453 INFO  [com.dot.ContainerResource] (docker-java-stream-824381349) STDOUT: 12:56:37.452  INFO  business.DeterministicIdentifierAPIImpl - hashing id: folder:site-1691153797167/folder2/subfolder2-1 to 7c02396eedfd7a33bcb2787b8df45430
2023-08-04 12:56:37,457 INFO  [com.dot.ContainerResource] (docker-java-stream-824381349) STDOUT: 12:56:37.457  INFO  business.DeterministicIdentifierAPIImpl - hashing id: folder:site-1691153797167/folder2/subfolder2-1/subfolder2-1-1 to 70c761b940438423a0ddb1c284fcc326
2023-08-04 12:56:37,463 INFO  [com.dot.ContainerResource] (docker-java-stream-824381349) STDOUT: 12:56:37.463  INFO  business.DeterministicIdentifierAPIImpl - hashing id: folder:site-1691153797167/folder2/subfolder2-1/subfolder2-1-2 to b92e026510b00b37077a55490ce165d9
2023-08-04 12:56:37,469 INFO  [com.dot.ContainerResource] (docker-java-stream-824381349) STDOUT: 12:56:37.468  INFO  business.DeterministicIdentifierAPIImpl - hashing id: folder:site-1691153797167/folder2/subfolder2-1/subfolder2-1-3 to 6ba3287cb5033a3412784f06ca71a9e8
2023-08-04 12:56:37,474 INFO  [com.dot.ContainerResource] (docker-java-stream-824381349) STDOUT: 12:56:37.474  INFO  business.DeterministicIdentifierAPIImpl - hashing id: folder:site-1691153797167/folder2/subfolder2-2 to d8466765d2c67fd25e3acb9a8b9cae97
2023-08-04 12:56:37,479 INFO  [com.dot.ContainerResource] (docker-java-stream-824381349) STDOUT: 12:56:37.479  INFO  business.DeterministicIdentifierAPIImpl - hashing id: folder:site-1691153797167/folder2/subfolder2-3 to a0d3dfab175a5bb758c93f82542773bb
2023-08-04 12:56:37,484 INFO  [com.dot.ContainerResource] (docker-java-stream-824381349) STDOUT: 12:56:37.484  INFO  business.DeterministicIdentifierAPIImpl - hashing id: folder:site-1691153797167/folder3 to 5098d2f71a19af72ac1356153e151648
2023-08-04 12:56:37,500 INFO  [com.dot.ContainerResource] (docker-java-stream-824381349) STDOUT: 12:56:37.499  INFO  asset.WebAssetResource - User [dotcms.org.1] is requesting assets info for path [//site-1691153797167/]
2023-08-04 12:56:37,505 INFO  [com.dot.ContainerResource] (docker-java-stream-824381349) STDOUT: 12:56:37.504  WARN  client.RestClient - request [POST http://elasticsearch:9200/cluster_51b0cac1ff.working_20230804125536/_search?typed_keys=true&max_concurrent_shard_requests=5&ignore_unavailable=false&expand_wildcards=open&allow_no_indices=true&ignore_throttled=true&search_type=query_then_fetch&batched_reduce_size=512&ccs_minimize_roundtrips=true] returned 2 warnings: [299 Elasticsearch-7.16.1-5b38441b16b1ebb16a27c107a4c3865776e20c53 "Elasticsearch built-in security features are not enabled. Without authentication, your cluster could be accessible to anyone. See https://www.elastic.co/guide/en/elasticsearch/reference/7.16/security-minimal-setup.html to enable security."],[299 Elasticsearch-7.16.1-5b38441b16b1ebb16a27c107a4c3865776e20c53 "[ignore_throttled] parameter is deprecated because frozen indices have been deprecated. Consider cold or frozen tiers in place of frozen indices."]
2023-08-04 12:56:37,514 INFO  [com.dot.ContainerResource] (docker-java-stream-824381349) STDOUT: 12:56:37.514  INFO  asset.WebAssetResource - User [dotcms.org.1] is requesting assets info for path [//site-1691153797167/folder1]
2023-08-04 12:56:37,519 INFO  [com.dot.ContainerResource] (docker-java-stream-824381349) STDOUT: 12:56:37.519  WARN  client.RestClient - request [POST http://elasticsearch:9200/cluster_51b0cac1ff.working_20230804125536/_search?typed_keys=true&max_concurrent_shard_requests=5&ignore_unavailable=false&expand_wildcards=open&allow_no_indices=true&ignore_throttled=true&search_type=query_then_fetch&batched_reduce_size=512&ccs_minimize_roundtrips=true] returned 2 warnings: [299 Elasticsearch-7.16.1-5b38441b16b1ebb16a27c107a4c3865776e20c53 "Elasticsearch built-in security features are not enabled. Without authentication, your cluster could be accessible to anyone. See https://www.elastic.co/guide/en/elasticsearch/reference/7.16/security-minimal-setup.html to enable security."],[299 Elasticsearch-7.16.1-5b38441b16b1ebb16a27c107a4c3865776e20c53 "[ignore_throttled] parameter is deprecated because frozen indices have been deprecated. Consider cold or frozen tiers in place of frozen indices."]
2023-08-04 12:56:37,529 INFO  [com.dot.ContainerResource] (docker-java-stream-824381349) STDOUT: 12:56:37.529  INFO  asset.WebAssetResource - User [dotcms.org.1] is requesting assets info for path [//site-1691153797167/folder2]
2023-08-04 12:56:37,534 INFO  [com.dot.ContainerResource] (docker-java-stream-824381349) STDOUT: 12:56:37.534  WARN  client.RestClient - request [POST http://elasticsearch:9200/cluster_51b0cac1ff.working_20230804125536/_search?typed_keys=true&max_concurrent_shard_requests=5&ignore_unavailable=false&expand_wildcards=open&allow_no_indices=true&ignore_throttled=true&search_type=query_then_fetch&batched_reduce_size=512&ccs_minimize_roundtrips=true] returned 2 warnings: [299 Elasticsearch-7.16.1-5b38441b16b1ebb16a27c107a4c3865776e20c53 "Elasticsearch built-in security features are not enabled. Without authentication, your cluster could be accessible to anyone. See https://www.elastic.co/guide/en/elasticsearch/reference/7.16/security-minimal-setup.html to enable security."],[299 Elasticsearch-7.16.1-5b38441b16b1ebb16a27c107a4c3865776e20c53 "[ignore_throttled] parameter is deprecated because frozen indices have been deprecated. Consider cold or frozen tiers in place of frozen indices."]
2023-08-04 12:56:37,542 INFO  [com.dot.ContainerResource] (docker-java-stream-824381349) STDOUT: 12:56:37.542  INFO  asset.WebAssetResource - User [dotcms.org.1] is requesting assets info for path [//site-1691153797167/folder3]
2023-08-04 12:56:37,548 INFO  [com.dot.ContainerResource] (docker-java-stream-824381349) STDOUT: 12:56:37.547  WARN  client.RestClient - request [POST http://elasticsearch:9200/cluster_51b0cac1ff.working_20230804125536/_search?typed_keys=true&max_concurrent_shard_requests=5&ignore_unavailable=false&expand_wildcards=open&allow_no_indices=true&ignore_throttled=true&search_type=query_then_fetch&batched_reduce_size=512&ccs_minimize_roundtrips=true] returned 2 warnings: [299 Elasticsearch-7.16.1-5b38441b16b1ebb16a27c107a4c3865776e20c53 "Elasticsearch built-in security features are not enabled. Without authentication, your cluster could be accessible to anyone. See https://www.elastic.co/guide/en/elasticsearch/reference/7.16/security-minimal-setup.html to enable security."],[299 Elasticsearch-7.16.1-5b38441b16b1ebb16a27c107a4c3865776e20c53 "[ignore_throttled] parameter is deprecated because frozen indices have been deprecated. Consider cold or frozen tiers in place of frozen indices."]
2023-08-04 12:56:37,573 INFO  [com.dot.ContainerResource] (docker-java-stream-824381349) STDOUT: 12:56:37.572  INFO  asset.WebAssetResource - User [dotcms.org.1] is requesting assets info for path [//site-1691153797167/folder1/subFolder1-1]
2023-08-04 12:56:37,579 INFO  [com.dot.ContainerResource] (docker-java-stream-824381349) STDOUT: 12:56:37.578  WARN  client.RestClient - request [POST http://elasticsearch:9200/cluster_51b0cac1ff.working_20230804125536/_search?typed_keys=true&max_concurrent_shard_requests=5&ignore_unavailable=false&expand_wildcards=open&allow_no_indices=true&ignore_throttled=true&search_type=query_then_fetch&batched_reduce_size=512&ccs_minimize_roundtrips=true] returned 2 warnings: [299 Elasticsearch-7.16.1-5b38441b16b1ebb16a27c107a4c3865776e20c53 "Elasticsearch built-in security features are not enabled. Without authentication, your cluster could be accessible to anyone. See https://www.elastic.co/guide/en/elasticsearch/reference/7.16/security-minimal-setup.html to enable security."],[299 Elasticsearch-7.16.1-5b38441b16b1ebb16a27c107a4c3865776e20c53 "[ignore_throttled] parameter is deprecated because frozen indices have been deprecated. Consider cold or frozen tiers in place of frozen indices."]
2023-08-04 12:56:37,586 INFO  [com.dot.ContainerResource] (docker-java-stream-824381349) STDOUT: 12:56:37.586  INFO  reindex.BulkProcessorListener - -----------
2023-08-04 12:56:37,587 INFO  [com.dot.ContainerResource] (docker-java-stream-824381349) STDOUT: 12:56:37.586  INFO  reindex.BulkProcessorListener - Reindexing Server #  : 1 of 1
2023-08-04 12:56:37,587 INFO  [com.dot.ContainerResource] (docker-java-stream-824381349) STDOUT: 12:56:37.587  INFO  reindex.BulkProcessorListener - Total Indexed        : 0
2023-08-04 12:56:37,587 INFO  [com.dot.ContainerResource] (docker-java-stream-824381349) STDOUT: 12:56:37.587  INFO  reindex.BulkProcessorListener - ReindexEntries found : 1
2023-08-04 12:56:37,588 INFO  [com.dot.ContainerResource] (docker-java-stream-824381349) STDOUT: 12:56:37.588  INFO  reindex.BulkProcessorListener - BulkRequests created : 2
2023-08-04 12:56:37,588 INFO  [com.dot.ContainerResource] (docker-java-stream-824381349) STDOUT: 12:56:37.588  INFO  reindex.BulkProcessorListener - -----------
2023-08-04 12:56:37,602 INFO  [com.dot.ContainerResource] (docker-java-stream-824381349) STDOUT: 12:56:37.600  WARN  client.RestClient - request [POST http://elasticsearch:9200/_bulk?timeout=1m] returned 1 warnings: [299 Elasticsearch-7.16.1-5b38441b16b1ebb16a27c107a4c3865776e20c53 "Elasticsearch built-in security features are not enabled. Without authentication, your cluster could be accessible to anyone. See https://www.elastic.co/guide/en/elasticsearch/reference/7.16/security-minimal-setup.html to enable security."]
2023-08-04 12:56:37,609 INFO  [com.dot.ContainerResource] (docker-java-stream-824381349) STDOUT: 12:56:37.608  INFO  asset.WebAssetResource - User [dotcms.org.1] is requesting assets info for path [//site-1691153797167/folder1/subFolder1-2]
2023-08-04 12:56:37,628 INFO  [com.dot.ContainerResource] (docker-java-stream-824381349) STDOUT: 12:56:37.627  WARN  client.RestClient - request [POST http://elasticsearch:9200/cluster_51b0cac1ff.working_20230804125536/_search?typed_keys=true&max_concurrent_shard_requests=5&ignore_unavailable=false&expand_wildcards=open&allow_no_indices=true&ignore_throttled=true&search_type=query_then_fetch&batched_reduce_size=512&ccs_minimize_roundtrips=true] returned 2 warnings: [299 Elasticsearch-7.16.1-5b38441b16b1ebb16a27c107a4c3865776e20c53 "Elasticsearch built-in security features are not enabled. Without authentication, your cluster could be accessible to anyone. See https://www.elastic.co/guide/en/elasticsearch/reference/7.16/security-minimal-setup.html to enable security."],[299 Elasticsearch-7.16.1-5b38441b16b1ebb16a27c107a4c3865776e20c53 "[ignore_throttled] parameter is deprecated because frozen indices have been deprecated. Consider cold or frozen tiers in place of frozen indices."]
2023-08-04 12:56:37,645 INFO  [com.dot.ContainerResource] (docker-java-stream-824381349) STDOUT: 12:56:37.644  INFO  asset.WebAssetResource - User [dotcms.org.1] is requesting assets info for path [//site-1691153797167/folder1/subFolder1-3]
2023-08-04 12:56:37,656 INFO  [com.dot.ContainerResource] (docker-java-stream-824381349) STDOUT: 12:56:37.655  WARN  client.RestClient - request [POST http://elasticsearch:9200/cluster_51b0cac1ff.working_20230804125536/_search?typed_keys=true&max_concurrent_shard_requests=5&ignore_unavailable=false&expand_wildcards=open&allow_no_indices=true&ignore_throttled=true&search_type=query_then_fetch&batched_reduce_size=512&ccs_minimize_roundtrips=true] returned 2 warnings: [299 Elasticsearch-7.16.1-5b38441b16b1ebb16a27c107a4c3865776e20c53 "Elasticsearch built-in security features are not enabled. Without authentication, your cluster could be accessible to anyone. See https://www.elastic.co/guide/en/elasticsearch/reference/7.16/security-minimal-setup.html to enable security."],[299 Elasticsearch-7.16.1-5b38441b16b1ebb16a27c107a4c3865776e20c53 "[ignore_throttled] parameter is deprecated because frozen indices have been deprecated. Consider cold or frozen tiers in place of frozen indices."]
2023-08-04 12:56:37,676 INFO  [com.dot.ContainerResource] (docker-java-stream-824381349) STDOUT: 12:56:37.675  INFO  asset.WebAssetResource - User [dotcms.org.1] is requesting assets info for path [//site-1691153797167/folder1/subFolder1-1/subFolder1-1-1]
2023-08-04 12:56:37,684 INFO  [com.dot.ContainerResource] (docker-java-stream-824381349) STDOUT: 12:56:37.683  WARN  client.RestClient - request [POST http://elasticsearch:9200/cluster_51b0cac1ff.working_20230804125536/_search?typed_keys=true&max_concurrent_shard_requests=5&ignore_unavailable=false&expand_wildcards=open&allow_no_indices=true&ignore_throttled=true&search_type=query_then_fetch&batched_reduce_size=512&ccs_minimize_roundtrips=true] returned 2 warnings: [299 Elasticsearch-7.16.1-5b38441b16b1ebb16a27c107a4c3865776e20c53 "Elasticsearch built-in security features are not enabled. Without authentication, your cluster could be accessible to anyone. See https://www.elastic.co/guide/en/elasticsearch/reference/7.16/security-minimal-setup.html to enable security."],[299 Elasticsearch-7.16.1-5b38441b16b1ebb16a27c107a4c3865776e20c53 "[ignore_throttled] parameter is deprecated because frozen indices have been deprecated. Consider cold or frozen tiers in place of frozen indices."]
2023-08-04 12:56:37,693 INFO  [com.dot.ContainerResource] (docker-java-stream-824381349) STDOUT: 12:56:37.693  INFO  asset.WebAssetResource - User [dotcms.org.1] is requesting assets info for path [//site-1691153797167/folder1/subFolder1-1/subFolder1-1-2]
2023-08-04 12:56:37,705 INFO  [com.dot.ContainerResource] (docker-java-stream-824381349) STDOUT: 12:56:37.700  WARN  client.RestClient - request [POST http://elasticsearch:9200/cluster_51b0cac1ff.working_20230804125536/_search?typed_keys=true&max_concurrent_shard_requests=5&ignore_unavailable=false&expand_wildcards=open&allow_no_indices=true&ignore_throttled=true&search_type=query_then_fetch&batched_reduce_size=512&ccs_minimize_roundtrips=true] returned 2 warnings: [299 Elasticsearch-7.16.1-5b38441b16b1ebb16a27c107a4c3865776e20c53 "Elasticsearch built-in security features are not enabled. Without authentication, your cluster could be accessible to anyone. See https://www.elastic.co/guide/en/elasticsearch/reference/7.16/security-minimal-setup.html to enable security."],[299 Elasticsearch-7.16.1-5b38441b16b1ebb16a27c107a4c3865776e20c53 "[ignore_throttled] parameter is deprecated because frozen indices have been deprecated. Consider cold or frozen tiers in place of frozen indices."]
2023-08-04 12:56:37,710 INFO  [com.dot.ContainerResource] (docker-java-stream-824381349) STDOUT: 12:56:37.709  INFO  asset.WebAssetResource - User [dotcms.org.1] is requesting assets info for path [//site-1691153797167/folder1/subFolder1-1/subFolder1-1-3]
2023-08-04 12:56:37,715 INFO  [com.dot.ContainerResource] (docker-java-stream-824381349) STDOUT: 12:56:37.715  WARN  client.RestClient - request [POST http://elasticsearch:9200/cluster_51b0cac1ff.working_20230804125536/_search?typed_keys=true&max_concurrent_shard_requests=5&ignore_unavailable=false&expand_wildcards=open&allow_no_indices=true&ignore_throttled=true&search_type=query_then_fetch&batched_reduce_size=512&ccs_minimize_roundtrips=true] returned 2 warnings: [299 Elasticsearch-7.16.1-5b38441b16b1ebb16a27c107a4c3865776e20c53 "Elasticsearch built-in security features are not enabled. Without authentication, your cluster could be accessible to anyone. See https://www.elastic.co/guide/en/elasticsearch/reference/7.16/security-minimal-setup.html to enable security."],[299 Elasticsearch-7.16.1-5b38441b16b1ebb16a27c107a4c3865776e20c53 "[ignore_throttled] parameter is deprecated because frozen indices have been deprecated. Consider cold or frozen tiers in place of frozen indices."]
2023-08-04 12:56:37,723 INFO  [com.dot.ContainerResource] (docker-java-stream-824381349) STDOUT: 12:56:37.723  INFO  asset.WebAssetResource - User [dotcms.org.1] is requesting assets info for path [//site-1691153797167/folder1/subFolder1-2/subFolder1-2-1]
2023-08-04 12:56:37,729 INFO  [com.dot.ContainerResource] (docker-java-stream-824381349) STDOUT: 12:56:37.728  WARN  client.RestClient - request [POST http://elasticsearch:9200/cluster_51b0cac1ff.working_20230804125536/_search?typed_keys=true&max_concurrent_shard_requests=5&ignore_unavailable=false&expand_wildcards=open&allow_no_indices=true&ignore_throttled=true&search_type=query_then_fetch&batched_reduce_size=512&ccs_minimize_roundtrips=true] returned 2 warnings: [299 Elasticsearch-7.16.1-5b38441b16b1ebb16a27c107a4c3865776e20c53 "Elasticsearch built-in security features are not enabled. Without authentication, your cluster could be accessible to anyone. See https://www.elastic.co/guide/en/elasticsearch/reference/7.16/security-minimal-setup.html to enable security."],[299 Elasticsearch-7.16.1-5b38441b16b1ebb16a27c107a4c3865776e20c53 "[ignore_throttled] parameter is deprecated because frozen indices have been deprecated. Consider cold or frozen tiers in place of frozen indices."]
2023-08-04 12:56:37,746 INFO  [com.dot.ContainerResource] (docker-java-stream-824381349) STDOUT: 12:56:37.746  INFO  asset.WebAssetResource - User [dotcms.org.1] is requesting assets info for path [//site-1691153797167/folder1/subFolder1-2/subFolder1-2-2]
2023-08-04 12:56:37,751 INFO  [com.dot.ContainerResource] (docker-java-stream-824381349) STDOUT: 12:56:37.750  WARN  client.RestClient - request [POST http://elasticsearch:9200/cluster_51b0cac1ff.working_20230804125536/_search?typed_keys=true&max_concurrent_shard_requests=5&ignore_unavailable=false&expand_wildcards=open&allow_no_indices=true&ignore_throttled=true&search_type=query_then_fetch&batched_reduce_size=512&ccs_minimize_roundtrips=true] returned 2 warnings: [299 Elasticsearch-7.16.1-5b38441b16b1ebb16a27c107a4c3865776e20c53 "Elasticsearch built-in security features are not enabled. Without authentication, your cluster could be accessible to anyone. See https://www.elastic.co/guide/en/elasticsearch/reference/7.16/security-minimal-setup.html to enable security."],[299 Elasticsearch-7.16.1-5b38441b16b1ebb16a27c107a4c3865776e20c53 "[ignore_throttled] parameter is deprecated because frozen indices have been deprecated. Consider cold or frozen tiers in place of frozen indices."]
2023-08-04 12:56:37,761 INFO  [com.dot.ContainerResource] (docker-java-stream-824381349) STDOUT: 12:56:37.760  INFO  asset.WebAssetResource - User [dotcms.org.1] is requesting assets info for path [//site-1691153797167/folder1/subFolder1-2/subFolder1-2-3]
2023-08-04 12:56:37,769 INFO  [com.dot.ContainerResource] (docker-java-stream-824381349) STDOUT: 12:56:37.769  WARN  client.RestClient - request [POST http://elasticsearch:9200/cluster_51b0cac1ff.working_20230804125536/_search?typed_keys=true&max_concurrent_shard_requests=5&ignore_unavailable=false&expand_wildcards=open&allow_no_indices=true&ignore_throttled=true&search_type=query_then_fetch&batched_reduce_size=512&ccs_minimize_roundtrips=true] returned 2 warnings: [299 Elasticsearch-7.16.1-5b38441b16b1ebb16a27c107a4c3865776e20c53 "Elasticsearch built-in security features are not enabled. Without authentication, your cluster could be accessible to anyone. See https://www.elastic.co/guide/en/elasticsearch/reference/7.16/security-minimal-setup.html to enable security."],[299 Elasticsearch-7.16.1-5b38441b16b1ebb16a27c107a4c3865776e20c53 "[ignore_throttled] parameter is deprecated because frozen indices have been deprecated. Consider cold or frozen tiers in place of frozen indices."]
2023-08-04 12:56:37,779 INFO  [com.dot.ContainerResource] (docker-java-stream-824381349) STDOUT: 12:56:37.778  INFO  asset.WebAssetResource - User [dotcms.org.1] is requesting assets info for path [//site-1691153797167/folder2/subFolder2-1]
2023-08-04 12:56:37,784 INFO  [com.dot.ContainerResource] (docker-java-stream-824381349) STDOUT: 12:56:37.783  WARN  client.RestClient - request [POST http://elasticsearch:9200/cluster_51b0cac1ff.working_20230804125536/_search?typed_keys=true&max_concurrent_shard_requests=5&ignore_unavailable=false&expand_wildcards=open&allow_no_indices=true&ignore_throttled=true&search_type=query_then_fetch&batched_reduce_size=512&ccs_minimize_roundtrips=true] returned 2 warnings: [299 Elasticsearch-7.16.1-5b38441b16b1ebb16a27c107a4c3865776e20c53 "Elasticsearch built-in security features are not enabled. Without authentication, your cluster could be accessible to anyone. See https://www.elastic.co/guide/en/elasticsearch/reference/7.16/security-minimal-setup.html to enable security."],[299 Elasticsearch-7.16.1-5b38441b16b1ebb16a27c107a4c3865776e20c53 "[ignore_throttled] parameter is deprecated because frozen indices have been deprecated. Consider cold or frozen tiers in place of frozen indices."]
2023-08-04 12:56:37,808 INFO  [com.dot.ContainerResource] (docker-java-stream-824381349) STDOUT: 12:56:37.806  INFO  asset.WebAssetResource - User [dotcms.org.1] is requesting assets info for path [//site-1691153797167/folder2/subFolder2-2]
2023-08-04 12:56:37,814 INFO  [com.dot.ContainerResource] (docker-java-stream-824381349) STDOUT: 12:56:37.813  WARN  client.RestClient - request [POST http://elasticsearch:9200/cluster_51b0cac1ff.working_20230804125536/_search?typed_keys=true&max_concurrent_shard_requests=5&ignore_unavailable=false&expand_wildcards=open&allow_no_indices=true&ignore_throttled=true&search_type=query_then_fetch&batched_reduce_size=512&ccs_minimize_roundtrips=true] returned 2 warnings: [299 Elasticsearch-7.16.1-5b38441b16b1ebb16a27c107a4c3865776e20c53 "Elasticsearch built-in security features are not enabled. Without authentication, your cluster could be accessible to anyone. See https://www.elastic.co/guide/en/elasticsearch/reference/7.16/security-minimal-setup.html to enable security."],[299 Elasticsearch-7.16.1-5b38441b16b1ebb16a27c107a4c3865776e20c53 "[ignore_throttled] parameter is deprecated because frozen indices have been deprecated. Consider cold or frozen tiers in place of frozen indices."]
2023-08-04 12:56:37,823 INFO  [com.dot.ContainerResource] (docker-java-stream-824381349) STDOUT: 12:56:37.823  INFO  asset.WebAssetResource - User [dotcms.org.1] is requesting assets info for path [//site-1691153797167/folder2/subFolder2-3]
2023-08-04 12:56:37,831 INFO  [com.dot.ContainerResource] (docker-java-stream-824381349) STDOUT: 12:56:37.830  WARN  client.RestClient - request [POST http://elasticsearch:9200/cluster_51b0cac1ff.working_20230804125536/_search?typed_keys=true&max_concurrent_shard_requests=5&ignore_unavailable=false&expand_wildcards=open&allow_no_indices=true&ignore_throttled=true&search_type=query_then_fetch&batched_reduce_size=512&ccs_minimize_roundtrips=true] returned 2 warnings: [299 Elasticsearch-7.16.1-5b38441b16b1ebb16a27c107a4c3865776e20c53 "Elasticsearch built-in security features are not enabled. Without authentication, your cluster could be accessible to anyone. See https://www.elastic.co/guide/en/elasticsearch/reference/7.16/security-minimal-setup.html to enable security."],[299 Elasticsearch-7.16.1-5b38441b16b1ebb16a27c107a4c3865776e20c53 "[ignore_throttled] parameter is deprecated because frozen indices have been deprecated. Consider cold or frozen tiers in place of frozen indices."]
2023-08-04 12:56:37,840 INFO  [com.dot.ContainerResource] (docker-java-stream-824381349) STDOUT: 12:56:37.839  INFO  asset.WebAssetResource - User [dotcms.org.1] is requesting assets info for path [//site-1691153797167/folder2/subFolder2-1/subFolder2-1-1]
2023-08-04 12:56:37,852 INFO  [com.dot.ContainerResource] (docker-java-stream-824381349) STDOUT: 12:56:37.852  WARN  client.RestClient - request [POST http://elasticsearch:9200/cluster_51b0cac1ff.working_20230804125536/_search?typed_keys=true&max_concurrent_shard_requests=5&ignore_unavailable=false&expand_wildcards=open&allow_no_indices=true&ignore_throttled=true&search_type=query_then_fetch&batched_reduce_size=512&ccs_minimize_roundtrips=true] returned 2 warnings: [299 Elasticsearch-7.16.1-5b38441b16b1ebb16a27c107a4c3865776e20c53 "Elasticsearch built-in security features are not enabled. Without authentication, your cluster could be accessible to anyone. See https://www.elastic.co/guide/en/elasticsearch/reference/7.16/security-minimal-setup.html to enable security."],[299 Elasticsearch-7.16.1-5b38441b16b1ebb16a27c107a4c3865776e20c53 "[ignore_throttled] parameter is deprecated because frozen indices have been deprecated. Consider cold or frozen tiers in place of frozen indices."]
2023-08-04 12:56:37,863 INFO  [com.dot.ContainerResource] (docker-java-stream-824381349) STDOUT: 12:56:37.863  INFO  asset.WebAssetResource - User [dotcms.org.1] is requesting assets info for path [//site-1691153797167/folder2/subFolder2-1/subFolder2-1-2]
2023-08-04 12:56:37,869 INFO  [com.dot.ContainerResource] (docker-java-stream-824381349) STDOUT: 12:56:37.869  WARN  client.RestClient - request [POST http://elasticsearch:9200/cluster_51b0cac1ff.working_20230804125536/_search?typed_keys=true&max_concurrent_shard_requests=5&ignore_unavailable=false&expand_wildcards=open&allow_no_indices=true&ignore_throttled=true&search_type=query_then_fetch&batched_reduce_size=512&ccs_minimize_roundtrips=true] returned 2 warnings: [299 Elasticsearch-7.16.1-5b38441b16b1ebb16a27c107a4c3865776e20c53 "Elasticsearch built-in security features are not enabled. Without authentication, your cluster could be accessible to anyone. See https://www.elastic.co/guide/en/elasticsearch/reference/7.16/security-minimal-setup.html to enable security."],[299 Elasticsearch-7.16.1-5b38441b16b1ebb16a27c107a4c3865776e20c53 "[ignore_throttled] parameter is deprecated because frozen indices have been deprecated. Consider cold or frozen tiers in place of frozen indices."]
2023-08-04 12:56:37,876 INFO  [com.dot.ContainerResource] (docker-java-stream-824381349) STDOUT: 12:56:37.875  INFO  asset.WebAssetResource - User [dotcms.org.1] is requesting assets info for path [//site-1691153797167/folder2/subFolder2-1/subFolder2-1-3]
2023-08-04 12:56:37,890 INFO  [com.dot.ContainerResource] (docker-java-stream-824381349) STDOUT: 12:56:37.889  WARN  client.RestClient - request [POST http://elasticsearch:9200/cluster_51b0cac1ff.working_20230804125536/_search?typed_keys=true&max_concurrent_shard_requests=5&ignore_unavailable=false&expand_wildcards=open&allow_no_indices=true&ignore_throttled=true&search_type=query_then_fetch&batched_reduce_size=512&ccs_minimize_roundtrips=true] returned 2 warnings: [299 Elasticsearch-7.16.1-5b38441b16b1ebb16a27c107a4c3865776e20c53 "Elasticsearch built-in security features are not enabled. Without authentication, your cluster could be accessible to anyone. See https://www.elastic.co/guide/en/elasticsearch/reference/7.16/security-minimal-setup.html to enable security."],[299 Elasticsearch-7.16.1-5b38441b16b1ebb16a27c107a4c3865776e20c53 "[ignore_throttled] parameter is deprecated because frozen indices have been deprecated. Consider cold or frozen tiers in place of frozen indices."]
]]></system-out>
  </testcase>
  <testcase name="Test_Include3" classname="com.dotcms.api.traversal.FolderTraversalServiceIntegrationTest" time="1.674">
    <system-out><![CDATA[2023-08-04 12:56:38,731 INFO  [com.dot.ContainerResource] (docker-java-stream-824381349) STDOUT: 12:56:38.730  INFO  util.SecurityLogger - class com.dotcms.cms.login.LoginServiceAPIFactory$LoginServiceImpl : User dotcms.org.1 has successfully login from IP: 172.18.0.1 -- ip:172.18.0.1,user:Admin User [ID: dotcms.org.1][email:admin@dotcms.com]
2023-08-04 12:56:38,732 INFO  [com.dot.ContainerResource] (docker-java-stream-824381349) STDOUT: 12:56:38.731  INFO  util.SecurityLogger - class com.dotcms.rest.api.v1.authentication.CreateJsonWebTokenResource : A Json Web Token admin@dotcms.com is being created from IP: 172.18.0.1 -- ip:172.18.0.1,user:Admin User [ID: dotcms.org.1][email:admin@dotcms.com]
2023-08-04 12:56:38,748 INFO  [com.dot.ContainerResource] (docker-java-stream-824381349) STDOUT: 12:56:38.748  INFO  util.ActivityLogger - class com.dotcms.content.elasticsearch.business.ESContentletAPIImpl: system : Saving Content , StartDate: N/D; EndDate: N/D; User:dotcms.org.1; ContentIdentifier: 
2023-08-04 12:56:38,756 INFO  [com.dot.ContainerResource] (docker-java-stream-824381349) STDOUT: 12:56:38.756  WARN  client.RestClient - request [POST http://elasticsearch:9200/cluster_51b0cac1ff.working_20230804125536/_search?typed_keys=true&max_concurrent_shard_requests=5&ignore_unavailable=false&expand_wildcards=open&allow_no_indices=true&ignore_throttled=true&search_type=query_then_fetch&batched_reduce_size=512&ccs_minimize_roundtrips=true] returned 2 warnings: [299 Elasticsearch-7.16.1-5b38441b16b1ebb16a27c107a4c3865776e20c53 "Elasticsearch built-in security features are not enabled. Without authentication, your cluster could be accessible to anyone. See https://www.elastic.co/guide/en/elasticsearch/reference/7.16/security-minimal-setup.html to enable security."],[299 Elasticsearch-7.16.1-5b38441b16b1ebb16a27c107a4c3865776e20c53 "[ignore_throttled] parameter is deprecated because frozen indices have been deprecated. Consider cold or frozen tiers in place of frozen indices."]
2023-08-04 12:56:38,764 INFO  [com.dot.ContainerResource] (docker-java-stream-824381349) STDOUT: 12:56:38.764  WARN  client.RestClient - request [POST http://elasticsearch:9200/cluster_51b0cac1ff.live_20230804125536/_search?typed_keys=true&max_concurrent_shard_requests=5&ignore_unavailable=false&expand_wildcards=open&allow_no_indices=true&ignore_throttled=true&search_type=query_then_fetch&batched_reduce_size=512&ccs_minimize_roundtrips=true] returned 2 warnings: [299 Elasticsearch-7.16.1-5b38441b16b1ebb16a27c107a4c3865776e20c53 "Elasticsearch built-in security features are not enabled. Without authentication, your cluster could be accessible to anyone. See https://www.elastic.co/guide/en/elasticsearch/reference/7.16/security-minimal-setup.html to enable security."],[299 Elasticsearch-7.16.1-5b38441b16b1ebb16a27c107a4c3865776e20c53 "[ignore_throttled] parameter is deprecated because frozen indices have been deprecated. Consider cold or frozen tiers in place of frozen indices."]
2023-08-04 12:56:38,767 INFO  [com.dot.ContainerResource] (docker-java-stream-824381349) STDOUT: 12:56:38.767  INFO  business.IdentifierAPIImpl - Creating new identifier for versionable asset of type `content` and title `site-1691153798739` 
2023-08-04 12:56:38,768 INFO  [com.dot.ContainerResource] (docker-java-stream-824381349) STDOUT: 12:56:38.767  INFO  business.DeterministicIdentifierAPIImpl - hashing id: host:system host/site-1691153798739 to 05d9d044d79dd08bb6884eed777cdbdc
2023-08-04 12:56:38,789 INFO  [com.dot.ContainerResource] (docker-java-stream-824381349) STDOUT: 12:56:38.789  INFO  business.ContentletIndexAPIImpl - Indexing: 05d9d044d79dd08bb6884eed777cdbdc : site-1691153798739, includeDependencies: true, policy: DEFER
2023-08-04 12:56:38,790 INFO  [com.dot.ContainerResource] (docker-java-stream-824381349) STDOUT: 12:56:38.789  INFO  reindex.ReindexQueueAPIImpl - addIdentifierReindex: 05d9d044d79dd08bb6884eed777cdbdc
2023-08-04 12:56:38,827 INFO  [com.dot.ContainerResource] (docker-java-stream-824381349) STDOUT: 12:56:38.827  INFO  util.ActivityLogger - class com.dotcms.content.elasticsearch.business.ESContentletAPIImpl: System Host : Content Saved , StartDate: N/D; EndDate: N/D; User:dotcms.org.1; ContentIdentifier: 05d9d044d79dd08bb6884eed777cdbdc
2023-08-04 12:56:38,845 INFO  [com.dot.ContainerResource] (docker-java-stream-824381349) STDOUT: 12:56:38.843  INFO  reindex.ReindexThread - --- Unpausing reindex thread 
2023-08-04 12:56:38,859 INFO  [com.dot.ContainerResource] (docker-java-stream-824381349) STDOUT: 12:56:38.858  INFO  util.ActivityLogger - class com.dotcms.content.elasticsearch.business.ESContentletAPIImpl: System Host : Publishing Content , StartDate: N/D; EndDate: N/D; User:dotcms.org.1; ContentIdentifier: 05d9d044d79dd08bb6884eed777cdbdc
2023-08-04 12:56:38,873 INFO  [com.dot.ContainerResource] (docker-java-stream-824381349) STDOUT: 12:56:38.873  INFO  reindex.BulkProcessorListener - -----------
2023-08-04 12:56:38,874 INFO  [com.dot.ContainerResource] (docker-java-stream-824381349) STDOUT: 12:56:38.873  INFO  reindex.BulkProcessorListener - Reindexing Server #  : 1 of 1
2023-08-04 12:56:38,876 INFO  [com.dot.ContainerResource] (docker-java-stream-824381349) STDOUT: 12:56:38.873  INFO  reindex.BulkProcessorListener - Total Indexed        : 0
2023-08-04 12:56:38,876 INFO  [com.dot.ContainerResource] (docker-java-stream-824381349) STDOUT: 12:56:38.873  INFO  reindex.BulkProcessorListener - ReindexEntries found : 1
2023-08-04 12:56:38,876 INFO  [com.dot.ContainerResource] (docker-java-stream-824381349) STDOUT: 12:56:38.873  INFO  reindex.BulkProcessorListener - BulkRequests created : 1
2023-08-04 12:56:38,877 INFO  [com.dot.ContainerResource] (docker-java-stream-824381349) STDOUT: 12:56:38.873  INFO  reindex.BulkProcessorListener - -----------
2023-08-04 12:56:38,877 INFO  [com.dot.ContainerResource] (docker-java-stream-824381349) STDOUT: 12:56:38.875  INFO  business.ContentletIndexAPIImpl - Indexing: 05d9d044d79dd08bb6884eed777cdbdc : site-1691153798739, includeDependencies: true, policy: DEFER
2023-08-04 12:56:38,884 INFO  [com.dot.ContainerResource] (docker-java-stream-824381349) STDOUT: 12:56:38.883  WARN  client.RestClient - request [POST http://elasticsearch:9200/_bulk?timeout=1m] returned 1 warnings: [299 Elasticsearch-7.16.1-5b38441b16b1ebb16a27c107a4c3865776e20c53 "Elasticsearch built-in security features are not enabled. Without authentication, your cluster could be accessible to anyone. See https://www.elastic.co/guide/en/elasticsearch/reference/7.16/security-minimal-setup.html to enable security."]
2023-08-04 12:56:38,895 INFO  [com.dot.ContainerResource] (docker-java-stream-824381349) STDOUT: 12:56:38.888  INFO  reindex.ReindexQueueAPIImpl - addIdentifierReindex: 05d9d044d79dd08bb6884eed777cdbdc
2023-08-04 12:56:38,910 INFO  [com.dot.ContainerResource] (docker-java-stream-824381349) STDOUT: 12:56:38.909  INFO  util.ActivityLogger - class com.dotcms.content.elasticsearch.business.ESContentletAPIImpl: System Host : Content Published , StartDate: N/D; EndDate: N/D; User:dotcms.org.1; ContentIdentifier: 05d9d044d79dd08bb6884eed777cdbdc
2023-08-04 12:56:38,918 INFO  [com.dot.ContainerResource] (docker-java-stream-824381349) STDOUT: 12:56:38.917  INFO  reindex.ReindexThread - --- Unpausing reindex thread 
2023-08-04 12:56:38,937 INFO  [com.dot.ContainerResource] (docker-java-stream-824381349) STDOUT: 12:56:38.937  INFO  business.DeterministicIdentifierAPIImpl - hashing id: folder:site-1691153798739/folder1 to 6a795e3fdbd19e318a3b01fb69b039bc
2023-08-04 12:56:38,941 INFO  [com.dot.ContainerResource] (docker-java-stream-824381349) STDOUT: 12:56:38.941  INFO  business.DeterministicIdentifierAPIImpl - hashing id: folder:site-1691153798739/folder1/subfolder1-1 to c1aa7e599ce9da48861a1336bfa95ad0
2023-08-04 12:56:38,945 INFO  [com.dot.ContainerResource] (docker-java-stream-824381349) STDOUT: 12:56:38.944  INFO  business.DeterministicIdentifierAPIImpl - hashing id: folder:site-1691153798739/folder1/subfolder1-1/subfolder1-1-1 to 5db042aeb7ed2dcd43d1189256bbf975
2023-08-04 12:56:38,950 INFO  [com.dot.ContainerResource] (docker-java-stream-824381349) STDOUT: 12:56:38.950  INFO  business.DeterministicIdentifierAPIImpl - hashing id: folder:site-1691153798739/folder1/subfolder1-1/subfolder1-1-2 to 31a8bd581c0b511d0875f89e6f914044
2023-08-04 12:56:38,962 INFO  [com.dot.ContainerResource] (docker-java-stream-824381349) STDOUT: 12:56:38.961  INFO  business.DeterministicIdentifierAPIImpl - hashing id: folder:site-1691153798739/folder1/subfolder1-1/subfolder1-1-3 to 68d729b0c2dbad0e342024ef4f5565e4
2023-08-04 12:56:38,970 INFO  [com.dot.ContainerResource] (docker-java-stream-824381349) STDOUT: 12:56:38.970  INFO  business.DeterministicIdentifierAPIImpl - hashing id: folder:site-1691153798739/folder1/subfolder1-2 to 612fbd4d2bafc1e48319a45d3eb4fb02
2023-08-04 12:56:38,974 INFO  [com.dot.ContainerResource] (docker-java-stream-824381349) STDOUT: 12:56:38.974  INFO  business.DeterministicIdentifierAPIImpl - hashing id: folder:site-1691153798739/folder1/subfolder1-2/subfolder1-2-1 to 8c40f3c02ecceb24de5d4418859908e3
2023-08-04 12:56:38,980 INFO  [com.dot.ContainerResource] (docker-java-stream-824381349) STDOUT: 12:56:38.980  INFO  business.DeterministicIdentifierAPIImpl - hashing id: folder:site-1691153798739/folder1/subfolder1-2/subfolder1-2-2 to 683abaa4018e5039133ac825891b5fd1
2023-08-04 12:56:38,985 INFO  [com.dot.ContainerResource] (docker-java-stream-824381349) STDOUT: 12:56:38.985  INFO  business.DeterministicIdentifierAPIImpl - hashing id: folder:site-1691153798739/folder1/subfolder1-2/subfolder1-2-3 to ab3b7e993daea48a145c9ded84da36a0
2023-08-04 12:56:38,989 INFO  [com.dot.ContainerResource] (docker-java-stream-824381349) STDOUT: 12:56:38.989  INFO  business.DeterministicIdentifierAPIImpl - hashing id: folder:site-1691153798739/folder1/subfolder1-3 to cd888ffbf804422f75dcb585a04ba1e8
2023-08-04 12:56:38,994 INFO  [com.dot.ContainerResource] (docker-java-stream-824381349) STDOUT: 12:56:38.993  INFO  business.DeterministicIdentifierAPIImpl - hashing id: folder:site-1691153798739/folder2 to 3df5be664cca7fb9d6d238b6b3f67e2c
2023-08-04 12:56:38,997 INFO  [com.dot.ContainerResource] (docker-java-stream-824381349) STDOUT: 12:56:38.997  INFO  business.DeterministicIdentifierAPIImpl - hashing id: folder:site-1691153798739/folder2/subfolder2-1 to 1b992a120f243719ec0ff7811f1339ab
2023-08-04 12:56:39,001 INFO  [com.dot.ContainerResource] (docker-java-stream-824381349) STDOUT: 12:56:39.001  INFO  business.DeterministicIdentifierAPIImpl - hashing id: folder:site-1691153798739/folder2/subfolder2-1/subfolder2-1-1 to 95e71092b4257c3a07e9b024ce9ad4a8
2023-08-04 12:56:39,007 INFO  [com.dot.ContainerResource] (docker-java-stream-824381349) STDOUT: 12:56:39.007  INFO  business.DeterministicIdentifierAPIImpl - hashing id: folder:site-1691153798739/folder2/subfolder2-1/subfolder2-1-2 to 4f1247d36b822f59f1a4dcf21eca7d2f
2023-08-04 12:56:39,012 INFO  [com.dot.ContainerResource] (docker-java-stream-824381349) STDOUT: 12:56:39.012  INFO  business.DeterministicIdentifierAPIImpl - hashing id: folder:site-1691153798739/folder2/subfolder2-1/subfolder2-1-3 to d61b0325a79df46ba6e61d0b153c3cc2
2023-08-04 12:56:39,016 INFO  [com.dot.ContainerResource] (docker-java-stream-824381349) STDOUT: 12:56:39.016  INFO  business.DeterministicIdentifierAPIImpl - hashing id: folder:site-1691153798739/folder2/subfolder2-2 to 81363d12518870bf0306a4e27a37b90b
2023-08-04 12:56:39,021 INFO  [com.dot.ContainerResource] (docker-java-stream-824381349) STDOUT: 12:56:39.021  INFO  business.DeterministicIdentifierAPIImpl - hashing id: folder:site-1691153798739/folder2/subfolder2-3 to b708cb78336d73d0cce651a27a51817b
2023-08-04 12:56:39,025 INFO  [com.dot.ContainerResource] (docker-java-stream-824381349) STDOUT: 12:56:39.024  INFO  business.DeterministicIdentifierAPIImpl - hashing id: folder:site-1691153798739/folder3 to 144747fc5912f84ef2458750f6ef4451
2023-08-04 12:56:39,041 INFO  [com.dot.ContainerResource] (docker-java-stream-824381349) STDOUT: 12:56:39.040  INFO  asset.WebAssetResource - User [dotcms.org.1] is requesting assets info for path [//site-1691153798739/]
2023-08-04 12:56:39,047 INFO  [com.dot.ContainerResource] (docker-java-stream-824381349) STDOUT: 12:56:39.046  WARN  client.RestClient - request [POST http://elasticsearch:9200/cluster_51b0cac1ff.working_20230804125536/_search?typed_keys=true&max_concurrent_shard_requests=5&ignore_unavailable=false&expand_wildcards=open&allow_no_indices=true&ignore_throttled=true&search_type=query_then_fetch&batched_reduce_size=512&ccs_minimize_roundtrips=true] returned 2 warnings: [299 Elasticsearch-7.16.1-5b38441b16b1ebb16a27c107a4c3865776e20c53 "Elasticsearch built-in security features are not enabled. Without authentication, your cluster could be accessible to anyone. See https://www.elastic.co/guide/en/elasticsearch/reference/7.16/security-minimal-setup.html to enable security."],[299 Elasticsearch-7.16.1-5b38441b16b1ebb16a27c107a4c3865776e20c53 "[ignore_throttled] parameter is deprecated because frozen indices have been deprecated. Consider cold or frozen tiers in place of frozen indices."]
2023-08-04 12:56:39,071 INFO  [com.dot.ContainerResource] (docker-java-stream-824381349) STDOUT: 12:56:39.071  INFO  asset.WebAssetResource - User [dotcms.org.1] is requesting assets info for path [//site-1691153798739/folder1]
2023-08-04 12:56:39,081 INFO  [com.dot.ContainerResource] (docker-java-stream-824381349) STDOUT: 12:56:39.080  WARN  client.RestClient - request [POST http://elasticsearch:9200/cluster_51b0cac1ff.working_20230804125536/_search?typed_keys=true&max_concurrent_shard_requests=5&ignore_unavailable=false&expand_wildcards=open&allow_no_indices=true&ignore_throttled=true&search_type=query_then_fetch&batched_reduce_size=512&ccs_minimize_roundtrips=true] returned 2 warnings: [299 Elasticsearch-7.16.1-5b38441b16b1ebb16a27c107a4c3865776e20c53 "Elasticsearch built-in security features are not enabled. Without authentication, your cluster could be accessible to anyone. See https://www.elastic.co/guide/en/elasticsearch/reference/7.16/security-minimal-setup.html to enable security."],[299 Elasticsearch-7.16.1-5b38441b16b1ebb16a27c107a4c3865776e20c53 "[ignore_throttled] parameter is deprecated because frozen indices have been deprecated. Consider cold or frozen tiers in place of frozen indices."]
2023-08-04 12:56:39,088 INFO  [com.dot.ContainerResource] (docker-java-stream-824381349) STDOUT: 12:56:39.088  INFO  asset.WebAssetResource - User [dotcms.org.1] is requesting assets info for path [//site-1691153798739/folder2]
2023-08-04 12:56:39,094 INFO  [com.dot.ContainerResource] (docker-java-stream-824381349) STDOUT: 12:56:39.093  WARN  client.RestClient - request [POST http://elasticsearch:9200/cluster_51b0cac1ff.working_20230804125536/_search?typed_keys=true&max_concurrent_shard_requests=5&ignore_unavailable=false&expand_wildcards=open&allow_no_indices=true&ignore_throttled=true&search_type=query_then_fetch&batched_reduce_size=512&ccs_minimize_roundtrips=true] returned 2 warnings: [299 Elasticsearch-7.16.1-5b38441b16b1ebb16a27c107a4c3865776e20c53 "Elasticsearch built-in security features are not enabled. Without authentication, your cluster could be accessible to anyone. See https://www.elastic.co/guide/en/elasticsearch/reference/7.16/security-minimal-setup.html to enable security."],[299 Elasticsearch-7.16.1-5b38441b16b1ebb16a27c107a4c3865776e20c53 "[ignore_throttled] parameter is deprecated because frozen indices have been deprecated. Consider cold or frozen tiers in place of frozen indices."]
2023-08-04 12:56:39,120 INFO  [com.dot.ContainerResource] (docker-java-stream-824381349) STDOUT: 12:56:39.106  INFO  asset.WebAssetResource - User [dotcms.org.1] is requesting assets info for path [//site-1691153798739/folder3]
2023-08-04 12:56:39,149 INFO  [com.dot.ContainerResource] (docker-java-stream-824381349) STDOUT: 12:56:39.148  INFO  reindex.BulkProcessorListener - -----------
2023-08-04 12:56:39,149 INFO  [com.dot.ContainerResource] (docker-java-stream-824381349) STDOUT: 12:56:39.148  INFO  reindex.BulkProcessorListener - Reindexing Server #  : 1 of 1
2023-08-04 12:56:39,149 INFO  [com.dot.ContainerResource] (docker-java-stream-824381349) STDOUT: 12:56:39.148  INFO  reindex.BulkProcessorListener - Total Indexed        : 0
2023-08-04 12:56:39,150 INFO  [com.dot.ContainerResource] (docker-java-stream-824381349) STDOUT: 12:56:39.148  INFO  reindex.BulkProcessorListener - ReindexEntries found : 1
2023-08-04 12:56:39,150 INFO  [com.dot.ContainerResource] (docker-java-stream-824381349) STDOUT: 12:56:39.148  INFO  reindex.BulkProcessorListener - BulkRequests created : 2
2023-08-04 12:56:39,150 INFO  [com.dot.ContainerResource] (docker-java-stream-824381349) STDOUT: 12:56:39.148  INFO  reindex.BulkProcessorListener - -----------
2023-08-04 12:56:39,151 INFO  [com.dot.ContainerResource] (docker-java-stream-824381349) STDOUT: 12:56:39.148  WARN  client.RestClient - request [POST http://elasticsearch:9200/cluster_51b0cac1ff.working_20230804125536/_search?typed_keys=true&max_concurrent_shard_requests=5&ignore_unavailable=false&expand_wildcards=open&allow_no_indices=true&ignore_throttled=true&search_type=query_then_fetch&batched_reduce_size=512&ccs_minimize_roundtrips=true] returned 2 warnings: [299 Elasticsearch-7.16.1-5b38441b16b1ebb16a27c107a4c3865776e20c53 "Elasticsearch built-in security features are not enabled. Without authentication, your cluster could be accessible to anyone. See https://www.elastic.co/guide/en/elasticsearch/reference/7.16/security-minimal-setup.html to enable security."],[299 Elasticsearch-7.16.1-5b38441b16b1ebb16a27c107a4c3865776e20c53 "[ignore_throttled] parameter is deprecated because frozen indices have been deprecated. Consider cold or frozen tiers in place of frozen indices."]
2023-08-04 12:56:39,169 INFO  [com.dot.ContainerResource] (docker-java-stream-824381349) STDOUT: 12:56:39.168  INFO  asset.WebAssetResource - User [dotcms.org.1] is requesting assets info for path [//site-1691153798739/folder1/subFolder1-1]
2023-08-04 12:56:39,178 INFO  [com.dot.ContainerResource] (docker-java-stream-824381349) STDOUT: 12:56:39.173  WARN  client.RestClient - request [POST http://elasticsearch:9200/_bulk?timeout=1m] returned 1 warnings: [299 Elasticsearch-7.16.1-5b38441b16b1ebb16a27c107a4c3865776e20c53 "Elasticsearch built-in security features are not enabled. Without authentication, your cluster could be accessible to anyone. See https://www.elastic.co/guide/en/elasticsearch/reference/7.16/security-minimal-setup.html to enable security."]
2023-08-04 12:56:39,190 INFO  [com.dot.ContainerResource] (docker-java-stream-824381349) STDOUT: 12:56:39.189  WARN  client.RestClient - request [POST http://elasticsearch:9200/cluster_51b0cac1ff.working_20230804125536/_search?typed_keys=true&max_concurrent_shard_requests=5&ignore_unavailable=false&expand_wildcards=open&allow_no_indices=true&ignore_throttled=true&search_type=query_then_fetch&batched_reduce_size=512&ccs_minimize_roundtrips=true] returned 2 warnings: [299 Elasticsearch-7.16.1-5b38441b16b1ebb16a27c107a4c3865776e20c53 "Elasticsearch built-in security features are not enabled. Without authentication, your cluster could be accessible to anyone. See https://www.elastic.co/guide/en/elasticsearch/reference/7.16/security-minimal-setup.html to enable security."],[299 Elasticsearch-7.16.1-5b38441b16b1ebb16a27c107a4c3865776e20c53 "[ignore_throttled] parameter is deprecated because frozen indices have been deprecated. Consider cold or frozen tiers in place of frozen indices."]
2023-08-04 12:56:39,208 INFO  [com.dot.ContainerResource] (docker-java-stream-824381349) STDOUT: 12:56:39.206  INFO  asset.WebAssetResource - User [dotcms.org.1] is requesting assets info for path [//site-1691153798739/folder1/subFolder1-2]
2023-08-04 12:56:39,220 INFO  [com.dot.ContainerResource] (docker-java-stream-824381349) STDOUT: 12:56:39.220  WARN  client.RestClient - request [POST http://elasticsearch:9200/cluster_51b0cac1ff.working_20230804125536/_search?typed_keys=true&max_concurrent_shard_requests=5&ignore_unavailable=false&expand_wildcards=open&allow_no_indices=true&ignore_throttled=true&search_type=query_then_fetch&batched_reduce_size=512&ccs_minimize_roundtrips=true] returned 2 warnings: [299 Elasticsearch-7.16.1-5b38441b16b1ebb16a27c107a4c3865776e20c53 "Elasticsearch built-in security features are not enabled. Without authentication, your cluster could be accessible to anyone. See https://www.elastic.co/guide/en/elasticsearch/reference/7.16/security-minimal-setup.html to enable security."],[299 Elasticsearch-7.16.1-5b38441b16b1ebb16a27c107a4c3865776e20c53 "[ignore_throttled] parameter is deprecated because frozen indices have been deprecated. Consider cold or frozen tiers in place of frozen indices."]
2023-08-04 12:56:39,246 INFO  [com.dot.ContainerResource] (docker-java-stream-824381349) STDOUT: 12:56:39.246  INFO  asset.WebAssetResource - User [dotcms.org.1] is requesting assets info for path [//site-1691153798739/folder1/subFolder1-3]
2023-08-04 12:56:39,277 INFO  [com.dot.ContainerResource] (docker-java-stream-824381349) STDOUT: 12:56:39.276  WARN  client.RestClient - request [POST http://elasticsearch:9200/cluster_51b0cac1ff.working_20230804125536/_search?typed_keys=true&max_concurrent_shard_requests=5&ignore_unavailable=false&expand_wildcards=open&allow_no_indices=true&ignore_throttled=true&search_type=query_then_fetch&batched_reduce_size=512&ccs_minimize_roundtrips=true] returned 2 warnings: [299 Elasticsearch-7.16.1-5b38441b16b1ebb16a27c107a4c3865776e20c53 "Elasticsearch built-in security features are not enabled. Without authentication, your cluster could be accessible to anyone. See https://www.elastic.co/guide/en/elasticsearch/reference/7.16/security-minimal-setup.html to enable security."],[299 Elasticsearch-7.16.1-5b38441b16b1ebb16a27c107a4c3865776e20c53 "[ignore_throttled] parameter is deprecated because frozen indices have been deprecated. Consider cold or frozen tiers in place of frozen indices."]
2023-08-04 12:56:39,293 INFO  [com.dot.ContainerResource] (docker-java-stream-824381349) STDOUT: 12:56:39.293  INFO  asset.WebAssetResource - User [dotcms.org.1] is requesting assets info for path [//site-1691153798739/folder1/subFolder1-1/subFolder1-1-1]
2023-08-04 12:56:39,309 INFO  [com.dot.ContainerResource] (docker-java-stream-824381349) STDOUT: 12:56:39.308  WARN  client.RestClient - request [POST http://elasticsearch:9200/cluster_51b0cac1ff.working_20230804125536/_search?typed_keys=true&max_concurrent_shard_requests=5&ignore_unavailable=false&expand_wildcards=open&allow_no_indices=true&ignore_throttled=true&search_type=query_then_fetch&batched_reduce_size=512&ccs_minimize_roundtrips=true] returned 2 warnings: [299 Elasticsearch-7.16.1-5b38441b16b1ebb16a27c107a4c3865776e20c53 "Elasticsearch built-in security features are not enabled. Without authentication, your cluster could be accessible to anyone. See https://www.elastic.co/guide/en/elasticsearch/reference/7.16/security-minimal-setup.html to enable security."],[299 Elasticsearch-7.16.1-5b38441b16b1ebb16a27c107a4c3865776e20c53 "[ignore_throttled] parameter is deprecated because frozen indices have been deprecated. Consider cold or frozen tiers in place of frozen indices."]
2023-08-04 12:56:39,322 INFO  [com.dot.ContainerResource] (docker-java-stream-824381349) STDOUT: 12:56:39.321  INFO  asset.WebAssetResource - User [dotcms.org.1] is requesting assets info for path [//site-1691153798739/folder1/subFolder1-1/subFolder1-1-2]
2023-08-04 12:56:39,331 INFO  [com.dot.ContainerResource] (docker-java-stream-824381349) STDOUT: 12:56:39.330  WARN  client.RestClient - request [POST http://elasticsearch:9200/cluster_51b0cac1ff.working_20230804125536/_search?typed_keys=true&max_concurrent_shard_requests=5&ignore_unavailable=false&expand_wildcards=open&allow_no_indices=true&ignore_throttled=true&search_type=query_then_fetch&batched_reduce_size=512&ccs_minimize_roundtrips=true] returned 2 warnings: [299 Elasticsearch-7.16.1-5b38441b16b1ebb16a27c107a4c3865776e20c53 "Elasticsearch built-in security features are not enabled. Without authentication, your cluster could be accessible to anyone. See https://www.elastic.co/guide/en/elasticsearch/reference/7.16/security-minimal-setup.html to enable security."],[299 Elasticsearch-7.16.1-5b38441b16b1ebb16a27c107a4c3865776e20c53 "[ignore_throttled] parameter is deprecated because frozen indices have been deprecated. Consider cold or frozen tiers in place of frozen indices."]
2023-08-04 12:56:39,347 INFO  [com.dot.ContainerResource] (docker-java-stream-824381349) STDOUT: 12:56:39.346  INFO  asset.WebAssetResource - User [dotcms.org.1] is requesting assets info for path [//site-1691153798739/folder1/subFolder1-1/subFolder1-1-3]
2023-08-04 12:56:39,357 INFO  [com.dot.ContainerResource] (docker-java-stream-824381349) STDOUT: 12:56:39.356  WARN  client.RestClient - request [POST http://elasticsearch:9200/cluster_51b0cac1ff.working_20230804125536/_search?typed_keys=true&max_concurrent_shard_requests=5&ignore_unavailable=false&expand_wildcards=open&allow_no_indices=true&ignore_throttled=true&search_type=query_then_fetch&batched_reduce_size=512&ccs_minimize_roundtrips=true] returned 2 warnings: [299 Elasticsearch-7.16.1-5b38441b16b1ebb16a27c107a4c3865776e20c53 "Elasticsearch built-in security features are not enabled. Without authentication, your cluster could be accessible to anyone. See https://www.elastic.co/guide/en/elasticsearch/reference/7.16/security-minimal-setup.html to enable security."],[299 Elasticsearch-7.16.1-5b38441b16b1ebb16a27c107a4c3865776e20c53 "[ignore_throttled] parameter is deprecated because frozen indices have been deprecated. Consider cold or frozen tiers in place of frozen indices."]
2023-08-04 12:56:39,378 INFO  [com.dot.ContainerResource] (docker-java-stream-824381349) STDOUT: 12:56:39.378  INFO  asset.WebAssetResource - User [dotcms.org.1] is requesting assets info for path [//site-1691153798739/folder1/subFolder1-2/subFolder1-2-1]
2023-08-04 12:56:39,384 INFO  [com.dot.ContainerResource] (docker-java-stream-824381349) STDOUT: 12:56:39.383  WARN  client.RestClient - request [POST http://elasticsearch:9200/cluster_51b0cac1ff.working_20230804125536/_search?typed_keys=true&max_concurrent_shard_requests=5&ignore_unavailable=false&expand_wildcards=open&allow_no_indices=true&ignore_throttled=true&search_type=query_then_fetch&batched_reduce_size=512&ccs_minimize_roundtrips=true] returned 2 warnings: [299 Elasticsearch-7.16.1-5b38441b16b1ebb16a27c107a4c3865776e20c53 "Elasticsearch built-in security features are not enabled. Without authentication, your cluster could be accessible to anyone. See https://www.elastic.co/guide/en/elasticsearch/reference/7.16/security-minimal-setup.html to enable security."],[299 Elasticsearch-7.16.1-5b38441b16b1ebb16a27c107a4c3865776e20c53 "[ignore_throttled] parameter is deprecated because frozen indices have been deprecated. Consider cold or frozen tiers in place of frozen indices."]
2023-08-04 12:56:39,397 INFO  [com.dot.ContainerResource] (docker-java-stream-824381349) STDOUT: 12:56:39.396  INFO  asset.WebAssetResource - User [dotcms.org.1] is requesting assets info for path [//site-1691153798739/folder1/subFolder1-2/subFolder1-2-2]
2023-08-04 12:56:39,403 INFO  [com.dot.ContainerResource] (docker-java-stream-824381349) STDOUT: 12:56:39.403  WARN  client.RestClient - request [POST http://elasticsearch:9200/cluster_51b0cac1ff.working_20230804125536/_search?typed_keys=true&max_concurrent_shard_requests=5&ignore_unavailable=false&expand_wildcards=open&allow_no_indices=true&ignore_throttled=true&search_type=query_then_fetch&batched_reduce_size=512&ccs_minimize_roundtrips=true] returned 2 warnings: [299 Elasticsearch-7.16.1-5b38441b16b1ebb16a27c107a4c3865776e20c53 "Elasticsearch built-in security features are not enabled. Without authentication, your cluster could be accessible to anyone. See https://www.elastic.co/guide/en/elasticsearch/reference/7.16/security-minimal-setup.html to enable security."],[299 Elasticsearch-7.16.1-5b38441b16b1ebb16a27c107a4c3865776e20c53 "[ignore_throttled] parameter is deprecated because frozen indices have been deprecated. Consider cold or frozen tiers in place of frozen indices."]
2023-08-04 12:56:39,415 INFO  [com.dot.ContainerResource] (docker-java-stream-824381349) STDOUT: 12:56:39.415  INFO  asset.WebAssetResource - User [dotcms.org.1] is requesting assets info for path [//site-1691153798739/folder1/subFolder1-2/subFolder1-2-3]
2023-08-04 12:56:39,424 INFO  [com.dot.ContainerResource] (docker-java-stream-824381349) STDOUT: 12:56:39.423  WARN  client.RestClient - request [POST http://elasticsearch:9200/cluster_51b0cac1ff.working_20230804125536/_search?typed_keys=true&max_concurrent_shard_requests=5&ignore_unavailable=false&expand_wildcards=open&allow_no_indices=true&ignore_throttled=true&search_type=query_then_fetch&batched_reduce_size=512&ccs_minimize_roundtrips=true] returned 2 warnings: [299 Elasticsearch-7.16.1-5b38441b16b1ebb16a27c107a4c3865776e20c53 "Elasticsearch built-in security features are not enabled. Without authentication, your cluster could be accessible to anyone. See https://www.elastic.co/guide/en/elasticsearch/reference/7.16/security-minimal-setup.html to enable security."],[299 Elasticsearch-7.16.1-5b38441b16b1ebb16a27c107a4c3865776e20c53 "[ignore_throttled] parameter is deprecated because frozen indices have been deprecated. Consider cold or frozen tiers in place of frozen indices."]
2023-08-04 12:56:39,435 INFO  [com.dot.ContainerResource] (docker-java-stream-824381349) STDOUT: 12:56:39.434  INFO  asset.WebAssetResource - User [dotcms.org.1] is requesting assets info for path [//site-1691153798739/folder2/subFolder2-1]
2023-08-04 12:56:39,440 INFO  [com.dot.ContainerResource] (docker-java-stream-824381349) STDOUT: 12:56:39.439  WARN  client.RestClient - request [POST http://elasticsearch:9200/cluster_51b0cac1ff.working_20230804125536/_search?typed_keys=true&max_concurrent_shard_requests=5&ignore_unavailable=false&expand_wildcards=open&allow_no_indices=true&ignore_throttled=true&search_type=query_then_fetch&batched_reduce_size=512&ccs_minimize_roundtrips=true] returned 2 warnings: [299 Elasticsearch-7.16.1-5b38441b16b1ebb16a27c107a4c3865776e20c53 "Elasticsearch built-in security features are not enabled. Without authentication, your cluster could be accessible to anyone. See https://www.elastic.co/guide/en/elasticsearch/reference/7.16/security-minimal-setup.html to enable security."],[299 Elasticsearch-7.16.1-5b38441b16b1ebb16a27c107a4c3865776e20c53 "[ignore_throttled] parameter is deprecated because frozen indices have been deprecated. Consider cold or frozen tiers in place of frozen indices."]
2023-08-04 12:56:39,457 INFO  [com.dot.ContainerResource] (docker-java-stream-824381349) STDOUT: 12:56:39.457  INFO  asset.WebAssetResource - User [dotcms.org.1] is requesting assets info for path [//site-1691153798739/folder2/subFolder2-2]
2023-08-04 12:56:39,465 INFO  [com.dot.ContainerResource] (docker-java-stream-824381349) STDOUT: 12:56:39.465  WARN  client.RestClient - request [POST http://elasticsearch:9200/cluster_51b0cac1ff.working_20230804125536/_search?typed_keys=true&max_concurrent_shard_requests=5&ignore_unavailable=false&expand_wildcards=open&allow_no_indices=true&ignore_throttled=true&search_type=query_then_fetch&batched_reduce_size=512&ccs_minimize_roundtrips=true] returned 2 warnings: [299 Elasticsearch-7.16.1-5b38441b16b1ebb16a27c107a4c3865776e20c53 "Elasticsearch built-in security features are not enabled. Without authentication, your cluster could be accessible to anyone. See https://www.elastic.co/guide/en/elasticsearch/reference/7.16/security-minimal-setup.html to enable security."],[299 Elasticsearch-7.16.1-5b38441b16b1ebb16a27c107a4c3865776e20c53 "[ignore_throttled] parameter is deprecated because frozen indices have been deprecated. Consider cold or frozen tiers in place of frozen indices."]
2023-08-04 12:56:39,472 INFO  [com.dot.ContainerResource] (docker-java-stream-824381349) STDOUT: 12:56:39.472  INFO  asset.WebAssetResource - User [dotcms.org.1] is requesting assets info for path [//site-1691153798739/folder2/subFolder2-3]
2023-08-04 12:56:39,481 INFO  [com.dot.ContainerResource] (docker-java-stream-824381349) STDOUT: 12:56:39.480  WARN  client.RestClient - request [POST http://elasticsearch:9200/cluster_51b0cac1ff.working_20230804125536/_search?typed_keys=true&max_concurrent_shard_requests=5&ignore_unavailable=false&expand_wildcards=open&allow_no_indices=true&ignore_throttled=true&search_type=query_then_fetch&batched_reduce_size=512&ccs_minimize_roundtrips=true] returned 2 warnings: [299 Elasticsearch-7.16.1-5b38441b16b1ebb16a27c107a4c3865776e20c53 "Elasticsearch built-in security features are not enabled. Without authentication, your cluster could be accessible to anyone. See https://www.elastic.co/guide/en/elasticsearch/reference/7.16/security-minimal-setup.html to enable security."],[299 Elasticsearch-7.16.1-5b38441b16b1ebb16a27c107a4c3865776e20c53 "[ignore_throttled] parameter is deprecated because frozen indices have been deprecated. Consider cold or frozen tiers in place of frozen indices."]
2023-08-04 12:56:39,495 INFO  [com.dot.ContainerResource] (docker-java-stream-824381349) STDOUT: 12:56:39.494  INFO  asset.WebAssetResource - User [dotcms.org.1] is requesting assets info for path [//site-1691153798739/folder2/subFolder2-1/subFolder2-1-1]
2023-08-04 12:56:39,505 INFO  [com.dot.ContainerResource] (docker-java-stream-824381349) STDOUT: 12:56:39.505  WARN  client.RestClient - request [POST http://elasticsearch:9200/cluster_51b0cac1ff.working_20230804125536/_search?typed_keys=true&max_concurrent_shard_requests=5&ignore_unavailable=false&expand_wildcards=open&allow_no_indices=true&ignore_throttled=true&search_type=query_then_fetch&batched_reduce_size=512&ccs_minimize_roundtrips=true] returned 2 warnings: [299 Elasticsearch-7.16.1-5b38441b16b1ebb16a27c107a4c3865776e20c53 "Elasticsearch built-in security features are not enabled. Without authentication, your cluster could be accessible to anyone. See https://www.elastic.co/guide/en/elasticsearch/reference/7.16/security-minimal-setup.html to enable security."],[299 Elasticsearch-7.16.1-5b38441b16b1ebb16a27c107a4c3865776e20c53 "[ignore_throttled] parameter is deprecated because frozen indices have been deprecated. Consider cold or frozen tiers in place of frozen indices."]
2023-08-04 12:56:39,513 INFO  [com.dot.ContainerResource] (docker-java-stream-824381349) STDOUT: 12:56:39.513  INFO  asset.WebAssetResource - User [dotcms.org.1] is requesting assets info for path [//site-1691153798739/folder2/subFolder2-1/subFolder2-1-2]
2023-08-04 12:56:39,525 INFO  [com.dot.ContainerResource] (docker-java-stream-824381349) STDOUT: 12:56:39.524  WARN  client.RestClient - request [POST http://elasticsearch:9200/cluster_51b0cac1ff.working_20230804125536/_search?typed_keys=true&max_concurrent_shard_requests=5&ignore_unavailable=false&expand_wildcards=open&allow_no_indices=true&ignore_throttled=true&search_type=query_then_fetch&batched_reduce_size=512&ccs_minimize_roundtrips=true] returned 2 warnings: [299 Elasticsearch-7.16.1-5b38441b16b1ebb16a27c107a4c3865776e20c53 "Elasticsearch built-in security features are not enabled. Without authentication, your cluster could be accessible to anyone. See https://www.elastic.co/guide/en/elasticsearch/reference/7.16/security-minimal-setup.html to enable security."],[299 Elasticsearch-7.16.1-5b38441b16b1ebb16a27c107a4c3865776e20c53 "[ignore_throttled] parameter is deprecated because frozen indices have been deprecated. Consider cold or frozen tiers in place of frozen indices."]
2023-08-04 12:56:39,539 INFO  [com.dot.ContainerResource] (docker-java-stream-824381349) STDOUT: 12:56:39.539  INFO  asset.WebAssetResource - User [dotcms.org.1] is requesting assets info for path [//site-1691153798739/folder2/subFolder2-1/subFolder2-1-3]
2023-08-04 12:56:39,554 INFO  [com.dot.ContainerResource] (docker-java-stream-824381349) STDOUT: 12:56:39.554  WARN  client.RestClient - request [POST http://elasticsearch:9200/cluster_51b0cac1ff.working_20230804125536/_search?typed_keys=true&max_concurrent_shard_requests=5&ignore_unavailable=false&expand_wildcards=open&allow_no_indices=true&ignore_throttled=true&search_type=query_then_fetch&batched_reduce_size=512&ccs_minimize_roundtrips=true] returned 2 warnings: [299 Elasticsearch-7.16.1-5b38441b16b1ebb16a27c107a4c3865776e20c53 "Elasticsearch built-in security features are not enabled. Without authentication, your cluster could be accessible to anyone. See https://www.elastic.co/guide/en/elasticsearch/reference/7.16/security-minimal-setup.html to enable security."],[299 Elasticsearch-7.16.1-5b38441b16b1ebb16a27c107a4c3865776e20c53 "[ignore_throttled] parameter is deprecated because frozen indices have been deprecated. Consider cold or frozen tiers in place of frozen indices."]
]]></system-out>
  </testcase>
  <testcase name="Test_Folders_Check" classname="com.dotcms.api.traversal.FolderTraversalServiceIntegrationTest" time="1.461">
    <system-out><![CDATA[2023-08-04 12:56:40,382 INFO  [com.dot.ContainerResource] (docker-java-stream-824381349) STDOUT: 12:56:40.382  INFO  util.SecurityLogger - class com.dotcms.cms.login.LoginServiceAPIFactory$LoginServiceImpl : User dotcms.org.1 has successfully login from IP: 172.18.0.1 -- ip:172.18.0.1,user:Admin User [ID: dotcms.org.1][email:admin@dotcms.com]
2023-08-04 12:56:40,383 INFO  [com.dot.ContainerResource] (docker-java-stream-824381349) STDOUT: 12:56:40.382  INFO  util.SecurityLogger - class com.dotcms.rest.api.v1.authentication.CreateJsonWebTokenResource : A Json Web Token admin@dotcms.com is being created from IP: 172.18.0.1 -- ip:172.18.0.1,user:Admin User [ID: dotcms.org.1][email:admin@dotcms.com]
2023-08-04 12:56:40,398 INFO  [com.dot.ContainerResource] (docker-java-stream-824381349) STDOUT: 12:56:40.396  INFO  util.ActivityLogger - class com.dotcms.content.elasticsearch.business.ESContentletAPIImpl: system : Saving Content , StartDate: N/D; EndDate: N/D; User:dotcms.org.1; ContentIdentifier: 
2023-08-04 12:56:40,402 INFO  [com.dot.ContainerResource] (docker-java-stream-824381349) STDOUT: 12:56:40.401  WARN  client.RestClient - request [POST http://elasticsearch:9200/cluster_51b0cac1ff.working_20230804125536/_search?typed_keys=true&max_concurrent_shard_requests=5&ignore_unavailable=false&expand_wildcards=open&allow_no_indices=true&ignore_throttled=true&search_type=query_then_fetch&batched_reduce_size=512&ccs_minimize_roundtrips=true] returned 2 warnings: [299 Elasticsearch-7.16.1-5b38441b16b1ebb16a27c107a4c3865776e20c53 "Elasticsearch built-in security features are not enabled. Without authentication, your cluster could be accessible to anyone. See https://www.elastic.co/guide/en/elasticsearch/reference/7.16/security-minimal-setup.html to enable security."],[299 Elasticsearch-7.16.1-5b38441b16b1ebb16a27c107a4c3865776e20c53 "[ignore_throttled] parameter is deprecated because frozen indices have been deprecated. Consider cold or frozen tiers in place of frozen indices."]
2023-08-04 12:56:40,408 INFO  [com.dot.ContainerResource] (docker-java-stream-824381349) STDOUT: 12:56:40.408  WARN  client.RestClient - request [POST http://elasticsearch:9200/cluster_51b0cac1ff.live_20230804125536/_search?typed_keys=true&max_concurrent_shard_requests=5&ignore_unavailable=false&expand_wildcards=open&allow_no_indices=true&ignore_throttled=true&search_type=query_then_fetch&batched_reduce_size=512&ccs_minimize_roundtrips=true] returned 2 warnings: [299 Elasticsearch-7.16.1-5b38441b16b1ebb16a27c107a4c3865776e20c53 "Elasticsearch built-in security features are not enabled. Without authentication, your cluster could be accessible to anyone. See https://www.elastic.co/guide/en/elasticsearch/reference/7.16/security-minimal-setup.html to enable security."],[299 Elasticsearch-7.16.1-5b38441b16b1ebb16a27c107a4c3865776e20c53 "[ignore_throttled] parameter is deprecated because frozen indices have been deprecated. Consider cold or frozen tiers in place of frozen indices."]
2023-08-04 12:56:40,412 INFO  [com.dot.ContainerResource] (docker-java-stream-824381349) STDOUT: 12:56:40.412  INFO  business.IdentifierAPIImpl - Creating new identifier for versionable asset of type `content` and title `site-1691153800390` 
2023-08-04 12:56:40,412 INFO  [com.dot.ContainerResource] (docker-java-stream-824381349) STDOUT: 12:56:40.412  INFO  business.DeterministicIdentifierAPIImpl - hashing id: host:system host/site-1691153800390 to d73fe93e96b7655b743eae148ce79fad
2023-08-04 12:56:40,436 INFO  [com.dot.ContainerResource] (docker-java-stream-824381349) STDOUT: 12:56:40.434  INFO  business.ContentletIndexAPIImpl - Indexing: d73fe93e96b7655b743eae148ce79fad : site-1691153800390, includeDependencies: true, policy: DEFER
2023-08-04 12:56:40,437 INFO  [com.dot.ContainerResource] (docker-java-stream-824381349) STDOUT: 12:56:40.435  INFO  reindex.ReindexQueueAPIImpl - addIdentifierReindex: d73fe93e96b7655b743eae148ce79fad
2023-08-04 12:56:40,448 INFO  [com.dot.ContainerResource] (docker-java-stream-824381349) STDOUT: 12:56:40.447  INFO  util.ActivityLogger - class com.dotcms.content.elasticsearch.business.ESContentletAPIImpl: System Host : Content Saved , StartDate: N/D; EndDate: N/D; User:dotcms.org.1; ContentIdentifier: d73fe93e96b7655b743eae148ce79fad
2023-08-04 12:56:40,449 INFO  [com.dot.ContainerResource] (docker-java-stream-824381349) STDOUT: 12:56:40.449  INFO  reindex.ReindexThread - --- Unpausing reindex thread 
2023-08-04 12:56:40,467 INFO  [com.dot.ContainerResource] (docker-java-stream-824381349) STDOUT: 12:56:40.467  INFO  util.ActivityLogger - class com.dotcms.content.elasticsearch.business.ESContentletAPIImpl: System Host : Publishing Content , StartDate: N/D; EndDate: N/D; User:dotcms.org.1; ContentIdentifier: d73fe93e96b7655b743eae148ce79fad
2023-08-04 12:56:40,469 INFO  [com.dot.ContainerResource] (docker-java-stream-824381349) STDOUT: 12:56:40.469  INFO  business.ContentletIndexAPIImpl - Indexing: d73fe93e96b7655b743eae148ce79fad : site-1691153800390, includeDependencies: true, policy: DEFER
2023-08-04 12:56:40,469 INFO  [com.dot.ContainerResource] (docker-java-stream-824381349) STDOUT: 12:56:40.469  INFO  reindex.ReindexQueueAPIImpl - addIdentifierReindex: d73fe93e96b7655b743eae148ce79fad
2023-08-04 12:56:40,487 INFO  [com.dot.ContainerResource] (docker-java-stream-824381349) STDOUT: 12:56:40.483  INFO  util.ActivityLogger - class com.dotcms.content.elasticsearch.business.ESContentletAPIImpl: System Host : Content Published , StartDate: N/D; EndDate: N/D; User:dotcms.org.1; ContentIdentifier: d73fe93e96b7655b743eae148ce79fad
2023-08-04 12:56:40,507 INFO  [com.dot.ContainerResource] (docker-java-stream-824381349) STDOUT: 12:56:40.507  INFO  business.DeterministicIdentifierAPIImpl - hashing id: folder:site-1691153800390/folder1 to da728ca2b809fc1a60ecefbd6879b7e0
2023-08-04 12:56:40,514 INFO  [com.dot.ContainerResource] (docker-java-stream-824381349) STDOUT: 12:56:40.514  INFO  business.DeterministicIdentifierAPIImpl - hashing id: folder:site-1691153800390/folder1/subfolder1-1 to 66130307f772a9eb2a0ca87ca9bcc738
2023-08-04 12:56:40,517 INFO  [com.dot.ContainerResource] (docker-java-stream-824381349) STDOUT: 12:56:40.517  INFO  business.DeterministicIdentifierAPIImpl - hashing id: folder:site-1691153800390/folder1/subfolder1-1/subfolder1-1-1 to 1aafd9fd11afb7ce7063c165647769af
2023-08-04 12:56:40,524 INFO  [com.dot.ContainerResource] (docker-java-stream-824381349) STDOUT: 12:56:40.523  INFO  business.DeterministicIdentifierAPIImpl - hashing id: folder:site-1691153800390/folder1/subfolder1-1/subfolder1-1-2 to 196f68767e685cca74c01a3fd902eabf
2023-08-04 12:56:40,530 INFO  [com.dot.ContainerResource] (docker-java-stream-824381349) STDOUT: 12:56:40.530  INFO  business.DeterministicIdentifierAPIImpl - hashing id: folder:site-1691153800390/folder1/subfolder1-1/subfolder1-1-3 to 3fbe5bea950dcb62e958e05586ad6bb8
2023-08-04 12:56:40,536 INFO  [com.dot.ContainerResource] (docker-java-stream-824381349) STDOUT: 12:56:40.535  INFO  business.DeterministicIdentifierAPIImpl - hashing id: folder:site-1691153800390/folder1/subfolder1-2 to 172c74ab91b36de05171889941be76f1
2023-08-04 12:56:40,540 INFO  [com.dot.ContainerResource] (docker-java-stream-824381349) STDOUT: 12:56:40.540  INFO  business.DeterministicIdentifierAPIImpl - hashing id: folder:site-1691153800390/folder1/subfolder1-2/subfolder1-2-1 to 0b94931cf51f7bc86e5a0965bd21f99f
2023-08-04 12:56:40,547 INFO  [com.dot.ContainerResource] (docker-java-stream-824381349) STDOUT: 12:56:40.547  INFO  business.DeterministicIdentifierAPIImpl - hashing id: folder:site-1691153800390/folder1/subfolder1-2/subfolder1-2-2 to 564afd9a4d14b00019cc0ed790a35864
2023-08-04 12:56:40,556 INFO  [com.dot.ContainerResource] (docker-java-stream-824381349) STDOUT: 12:56:40.556  INFO  business.DeterministicIdentifierAPIImpl - hashing id: folder:site-1691153800390/folder1/subfolder1-2/subfolder1-2-3 to 1985304bfe6898b8415a0136eaef329f
2023-08-04 12:56:40,565 INFO  [com.dot.ContainerResource] (docker-java-stream-824381349) STDOUT: 12:56:40.565  INFO  business.DeterministicIdentifierAPIImpl - hashing id: folder:site-1691153800390/folder1/subfolder1-3 to a0b37a427ddb6e0c73dd031f3570ae7d
2023-08-04 12:56:40,575 INFO  [com.dot.ContainerResource] (docker-java-stream-824381349) STDOUT: 12:56:40.575  INFO  business.DeterministicIdentifierAPIImpl - hashing id: folder:site-1691153800390/folder2 to 856d8e4821cb4c757a35b0cab4d6dc3f
2023-08-04 12:56:40,583 INFO  [com.dot.ContainerResource] (docker-java-stream-824381349) STDOUT: 12:56:40.583  INFO  business.DeterministicIdentifierAPIImpl - hashing id: folder:site-1691153800390/folder2/subfolder2-1 to 586235601d05db346cd8e34730ae7b9d
2023-08-04 12:56:40,586 INFO  [com.dot.ContainerResource] (docker-java-stream-824381349) STDOUT: 12:56:40.586  INFO  business.DeterministicIdentifierAPIImpl - hashing id: folder:site-1691153800390/folder2/subfolder2-1/subfolder2-1-1 to d2e87b3375fa8ae0354c09b92f448b1b
2023-08-04 12:56:40,596 INFO  [com.dot.ContainerResource] (docker-java-stream-824381349) STDOUT: 12:56:40.596  INFO  business.DeterministicIdentifierAPIImpl - hashing id: folder:site-1691153800390/folder2/subfolder2-1/subfolder2-1-2 to ddd72b1cdd87c2a62d742846897e667f
2023-08-04 12:56:40,599 INFO  [com.dot.ContainerResource] (docker-java-stream-824381349) STDOUT: 12:56:40.599  INFO  business.DeterministicIdentifierAPIImpl - hashing id: folder:site-1691153800390/folder2/subfolder2-1/subfolder2-1-3 to 9c6e80e250af39c14a17827b67f55bdc
2023-08-04 12:56:40,602 INFO  [com.dot.ContainerResource] (docker-java-stream-824381349) STDOUT: 12:56:40.602  INFO  business.DeterministicIdentifierAPIImpl - hashing id: folder:site-1691153800390/folder2/subfolder2-2 to 5f321aec809c940425574bf6c1df2752
2023-08-04 12:56:40,605 INFO  [com.dot.ContainerResource] (docker-java-stream-824381349) STDOUT: 12:56:40.605  INFO  business.DeterministicIdentifierAPIImpl - hashing id: folder:site-1691153800390/folder2/subfolder2-3 to 63178dfe1d07f7ae999acfbfdccb207e
2023-08-04 12:56:40,608 INFO  [com.dot.ContainerResource] (docker-java-stream-824381349) STDOUT: 12:56:40.608  INFO  business.DeterministicIdentifierAPIImpl - hashing id: folder:site-1691153800390/folder3 to 2ca17f90321461a7ad15eacfbb2ac770
2023-08-04 12:56:40,619 INFO  [com.dot.ContainerResource] (docker-java-stream-824381349) STDOUT: 12:56:40.619  INFO  asset.WebAssetResource - User [dotcms.org.1] is requesting assets info for path [//site-1691153800390/]
2023-08-04 12:56:40,624 INFO  [com.dot.ContainerResource] (docker-java-stream-824381349) STDOUT: 12:56:40.623  WARN  client.RestClient - request [POST http://elasticsearch:9200/cluster_51b0cac1ff.working_20230804125536/_search?typed_keys=true&max_concurrent_shard_requests=5&ignore_unavailable=false&expand_wildcards=open&allow_no_indices=true&ignore_throttled=true&search_type=query_then_fetch&batched_reduce_size=512&ccs_minimize_roundtrips=true] returned 2 warnings: [299 Elasticsearch-7.16.1-5b38441b16b1ebb16a27c107a4c3865776e20c53 "Elasticsearch built-in security features are not enabled. Without authentication, your cluster could be accessible to anyone. See https://www.elastic.co/guide/en/elasticsearch/reference/7.16/security-minimal-setup.html to enable security."],[299 Elasticsearch-7.16.1-5b38441b16b1ebb16a27c107a4c3865776e20c53 "[ignore_throttled] parameter is deprecated because frozen indices have been deprecated. Consider cold or frozen tiers in place of frozen indices."]
2023-08-04 12:56:40,635 INFO  [com.dot.ContainerResource] (docker-java-stream-824381349) STDOUT: 12:56:40.635  INFO  asset.WebAssetResource - User [dotcms.org.1] is requesting assets info for path [//site-1691153800390/folder1]
2023-08-04 12:56:40,646 INFO  [com.dot.ContainerResource] (docker-java-stream-824381349) STDOUT: 12:56:40.645  WARN  client.RestClient - request [POST http://elasticsearch:9200/cluster_51b0cac1ff.working_20230804125536/_search?typed_keys=true&max_concurrent_shard_requests=5&ignore_unavailable=false&expand_wildcards=open&allow_no_indices=true&ignore_throttled=true&search_type=query_then_fetch&batched_reduce_size=512&ccs_minimize_roundtrips=true] returned 2 warnings: [299 Elasticsearch-7.16.1-5b38441b16b1ebb16a27c107a4c3865776e20c53 "Elasticsearch built-in security features are not enabled. Without authentication, your cluster could be accessible to anyone. See https://www.elastic.co/guide/en/elasticsearch/reference/7.16/security-minimal-setup.html to enable security."],[299 Elasticsearch-7.16.1-5b38441b16b1ebb16a27c107a4c3865776e20c53 "[ignore_throttled] parameter is deprecated because frozen indices have been deprecated. Consider cold or frozen tiers in place of frozen indices."]
2023-08-04 12:56:40,656 INFO  [com.dot.ContainerResource] (docker-java-stream-824381349) STDOUT: 12:56:40.656  INFO  asset.WebAssetResource - User [dotcms.org.1] is requesting assets info for path [//site-1691153800390/folder2]
2023-08-04 12:56:40,673 INFO  [com.dot.ContainerResource] (docker-java-stream-824381349) STDOUT: 12:56:40.672  WARN  client.RestClient - request [POST http://elasticsearch:9200/cluster_51b0cac1ff.working_20230804125536/_search?typed_keys=true&max_concurrent_shard_requests=5&ignore_unavailable=false&expand_wildcards=open&allow_no_indices=true&ignore_throttled=true&search_type=query_then_fetch&batched_reduce_size=512&ccs_minimize_roundtrips=true] returned 2 warnings: [299 Elasticsearch-7.16.1-5b38441b16b1ebb16a27c107a4c3865776e20c53 "Elasticsearch built-in security features are not enabled. Without authentication, your cluster could be accessible to anyone. See https://www.elastic.co/guide/en/elasticsearch/reference/7.16/security-minimal-setup.html to enable security."],[299 Elasticsearch-7.16.1-5b38441b16b1ebb16a27c107a4c3865776e20c53 "[ignore_throttled] parameter is deprecated because frozen indices have been deprecated. Consider cold or frozen tiers in place of frozen indices."]
2023-08-04 12:56:40,679 INFO  [com.dot.ContainerResource] (docker-java-stream-824381349) STDOUT: 12:56:40.679  INFO  asset.WebAssetResource - User [dotcms.org.1] is requesting assets info for path [//site-1691153800390/folder3]
2023-08-04 12:56:40,685 INFO  [com.dot.ContainerResource] (docker-java-stream-824381349) STDOUT: 12:56:40.685  WARN  client.RestClient - request [POST http://elasticsearch:9200/cluster_51b0cac1ff.working_20230804125536/_search?typed_keys=true&max_concurrent_shard_requests=5&ignore_unavailable=false&expand_wildcards=open&allow_no_indices=true&ignore_throttled=true&search_type=query_then_fetch&batched_reduce_size=512&ccs_minimize_roundtrips=true] returned 2 warnings: [299 Elasticsearch-7.16.1-5b38441b16b1ebb16a27c107a4c3865776e20c53 "Elasticsearch built-in security features are not enabled. Without authentication, your cluster could be accessible to anyone. See https://www.elastic.co/guide/en/elasticsearch/reference/7.16/security-minimal-setup.html to enable security."],[299 Elasticsearch-7.16.1-5b38441b16b1ebb16a27c107a4c3865776e20c53 "[ignore_throttled] parameter is deprecated because frozen indices have been deprecated. Consider cold or frozen tiers in place of frozen indices."]
2023-08-04 12:56:40,697 INFO  [com.dot.ContainerResource] (docker-java-stream-824381349) STDOUT: 12:56:40.697  INFO  asset.WebAssetResource - User [dotcms.org.1] is requesting assets info for path [//site-1691153800390/folder1/subFolder1-1]
2023-08-04 12:56:40,705 INFO  [com.dot.ContainerResource] (docker-java-stream-824381349) STDOUT: 12:56:40.704  INFO  reindex.BulkProcessorListener - -----------
2023-08-04 12:56:40,706 INFO  [com.dot.ContainerResource] (docker-java-stream-824381349) STDOUT: 12:56:40.705  INFO  reindex.BulkProcessorListener - Reindexing Server #  : 1 of 1
2023-08-04 12:56:40,706 INFO  [com.dot.ContainerResource] (docker-java-stream-824381349) STDOUT: 12:56:40.706  INFO  reindex.BulkProcessorListener - Total Indexed        : 0
2023-08-04 12:56:40,706 INFO  [com.dot.ContainerResource] (docker-java-stream-824381349) STDOUT: 12:56:40.706  INFO  reindex.BulkProcessorListener - ReindexEntries found : 1
2023-08-04 12:56:40,707 INFO  [com.dot.ContainerResource] (docker-java-stream-824381349) STDOUT: 12:56:40.706  INFO  reindex.BulkProcessorListener - BulkRequests created : 2
2023-08-04 12:56:40,707 INFO  [com.dot.ContainerResource] (docker-java-stream-824381349) STDOUT: 12:56:40.707  INFO  reindex.BulkProcessorListener - -----------
2023-08-04 12:56:40,716 INFO  [com.dot.ContainerResource] (docker-java-stream-824381349) STDOUT: 12:56:40.715  WARN  client.RestClient - request [POST http://elasticsearch:9200/cluster_51b0cac1ff.working_20230804125536/_search?typed_keys=true&max_concurrent_shard_requests=5&ignore_unavailable=false&expand_wildcards=open&allow_no_indices=true&ignore_throttled=true&search_type=query_then_fetch&batched_reduce_size=512&ccs_minimize_roundtrips=true] returned 2 warnings: [299 Elasticsearch-7.16.1-5b38441b16b1ebb16a27c107a4c3865776e20c53 "Elasticsearch built-in security features are not enabled. Without authentication, your cluster could be accessible to anyone. See https://www.elastic.co/guide/en/elasticsearch/reference/7.16/security-minimal-setup.html to enable security."],[299 Elasticsearch-7.16.1-5b38441b16b1ebb16a27c107a4c3865776e20c53 "[ignore_throttled] parameter is deprecated because frozen indices have been deprecated. Consider cold or frozen tiers in place of frozen indices."]
2023-08-04 12:56:40,724 INFO  [com.dot.ContainerResource] (docker-java-stream-824381349) STDOUT: 12:56:40.723  INFO  asset.WebAssetResource - User [dotcms.org.1] is requesting assets info for path [//site-1691153800390/folder1/subFolder1-2]
2023-08-04 12:56:40,733 INFO  [com.dot.ContainerResource] (docker-java-stream-824381349) STDOUT: 12:56:40.732  WARN  client.RestClient - request [POST http://elasticsearch:9200/_bulk?timeout=1m] returned 1 warnings: [299 Elasticsearch-7.16.1-5b38441b16b1ebb16a27c107a4c3865776e20c53 "Elasticsearch built-in security features are not enabled. Without authentication, your cluster could be accessible to anyone. See https://www.elastic.co/guide/en/elasticsearch/reference/7.16/security-minimal-setup.html to enable security."]
2023-08-04 12:56:40,745 INFO  [com.dot.ContainerResource] (docker-java-stream-824381349) STDOUT: 12:56:40.744  WARN  client.RestClient - request [POST http://elasticsearch:9200/cluster_51b0cac1ff.working_20230804125536/_search?typed_keys=true&max_concurrent_shard_requests=5&ignore_unavailable=false&expand_wildcards=open&allow_no_indices=true&ignore_throttled=true&search_type=query_then_fetch&batched_reduce_size=512&ccs_minimize_roundtrips=true] returned 2 warnings: [299 Elasticsearch-7.16.1-5b38441b16b1ebb16a27c107a4c3865776e20c53 "Elasticsearch built-in security features are not enabled. Without authentication, your cluster could be accessible to anyone. See https://www.elastic.co/guide/en/elasticsearch/reference/7.16/security-minimal-setup.html to enable security."],[299 Elasticsearch-7.16.1-5b38441b16b1ebb16a27c107a4c3865776e20c53 "[ignore_throttled] parameter is deprecated because frozen indices have been deprecated. Consider cold or frozen tiers in place of frozen indices."]
2023-08-04 12:56:40,753 INFO  [com.dot.ContainerResource] (docker-java-stream-824381349) STDOUT: 12:56:40.753  INFO  asset.WebAssetResource - User [dotcms.org.1] is requesting assets info for path [//site-1691153800390/folder1/subFolder1-3]
2023-08-04 12:56:40,758 INFO  [com.dot.ContainerResource] (docker-java-stream-824381349) STDOUT: 12:56:40.758  WARN  client.RestClient - request [POST http://elasticsearch:9200/cluster_51b0cac1ff.working_20230804125536/_search?typed_keys=true&max_concurrent_shard_requests=5&ignore_unavailable=false&expand_wildcards=open&allow_no_indices=true&ignore_throttled=true&search_type=query_then_fetch&batched_reduce_size=512&ccs_minimize_roundtrips=true] returned 2 warnings: [299 Elasticsearch-7.16.1-5b38441b16b1ebb16a27c107a4c3865776e20c53 "Elasticsearch built-in security features are not enabled. Without authentication, your cluster could be accessible to anyone. See https://www.elastic.co/guide/en/elasticsearch/reference/7.16/security-minimal-setup.html to enable security."],[299 Elasticsearch-7.16.1-5b38441b16b1ebb16a27c107a4c3865776e20c53 "[ignore_throttled] parameter is deprecated because frozen indices have been deprecated. Consider cold or frozen tiers in place of frozen indices."]
2023-08-04 12:56:40,766 INFO  [com.dot.ContainerResource] (docker-java-stream-824381349) STDOUT: 12:56:40.766  INFO  asset.WebAssetResource - User [dotcms.org.1] is requesting assets info for path [//site-1691153800390/folder1/subFolder1-1/subFolder1-1-1]
2023-08-04 12:56:40,772 INFO  [com.dot.ContainerResource] (docker-java-stream-824381349) STDOUT: 12:56:40.771  WARN  client.RestClient - request [POST http://elasticsearch:9200/cluster_51b0cac1ff.working_20230804125536/_search?typed_keys=true&max_concurrent_shard_requests=5&ignore_unavailable=false&expand_wildcards=open&allow_no_indices=true&ignore_throttled=true&search_type=query_then_fetch&batched_reduce_size=512&ccs_minimize_roundtrips=true] returned 2 warnings: [299 Elasticsearch-7.16.1-5b38441b16b1ebb16a27c107a4c3865776e20c53 "Elasticsearch built-in security features are not enabled. Without authentication, your cluster could be accessible to anyone. See https://www.elastic.co/guide/en/elasticsearch/reference/7.16/security-minimal-setup.html to enable security."],[299 Elasticsearch-7.16.1-5b38441b16b1ebb16a27c107a4c3865776e20c53 "[ignore_throttled] parameter is deprecated because frozen indices have been deprecated. Consider cold or frozen tiers in place of frozen indices."]
2023-08-04 12:56:40,784 INFO  [com.dot.ContainerResource] (docker-java-stream-824381349) STDOUT: 12:56:40.783  INFO  asset.WebAssetResource - User [dotcms.org.1] is requesting assets info for path [//site-1691153800390/folder1/subFolder1-1/subFolder1-1-2]
2023-08-04 12:56:40,810 INFO  [com.dot.ContainerResource] (docker-java-stream-824381349) STDOUT: 12:56:40.809  WARN  client.RestClient - request [POST http://elasticsearch:9200/cluster_51b0cac1ff.working_20230804125536/_search?typed_keys=true&max_concurrent_shard_requests=5&ignore_unavailable=false&expand_wildcards=open&allow_no_indices=true&ignore_throttled=true&search_type=query_then_fetch&batched_reduce_size=512&ccs_minimize_roundtrips=true] returned 2 warnings: [299 Elasticsearch-7.16.1-5b38441b16b1ebb16a27c107a4c3865776e20c53 "Elasticsearch built-in security features are not enabled. Without authentication, your cluster could be accessible to anyone. See https://www.elastic.co/guide/en/elasticsearch/reference/7.16/security-minimal-setup.html to enable security."],[299 Elasticsearch-7.16.1-5b38441b16b1ebb16a27c107a4c3865776e20c53 "[ignore_throttled] parameter is deprecated because frozen indices have been deprecated. Consider cold or frozen tiers in place of frozen indices."]
2023-08-04 12:56:40,816 INFO  [com.dot.ContainerResource] (docker-java-stream-824381349) STDOUT: 12:56:40.815  INFO  asset.WebAssetResource - User [dotcms.org.1] is requesting assets info for path [//site-1691153800390/folder1/subFolder1-1/subFolder1-1-3]
2023-08-04 12:56:40,832 INFO  [com.dot.ContainerResource] (docker-java-stream-824381349) STDOUT: 12:56:40.832  WARN  client.RestClient - request [POST http://elasticsearch:9200/cluster_51b0cac1ff.working_20230804125536/_search?typed_keys=true&max_concurrent_shard_requests=5&ignore_unavailable=false&expand_wildcards=open&allow_no_indices=true&ignore_throttled=true&search_type=query_then_fetch&batched_reduce_size=512&ccs_minimize_roundtrips=true] returned 2 warnings: [299 Elasticsearch-7.16.1-5b38441b16b1ebb16a27c107a4c3865776e20c53 "Elasticsearch built-in security features are not enabled. Without authentication, your cluster could be accessible to anyone. See https://www.elastic.co/guide/en/elasticsearch/reference/7.16/security-minimal-setup.html to enable security."],[299 Elasticsearch-7.16.1-5b38441b16b1ebb16a27c107a4c3865776e20c53 "[ignore_throttled] parameter is deprecated because frozen indices have been deprecated. Consider cold or frozen tiers in place of frozen indices."]
2023-08-04 12:56:40,854 INFO  [com.dot.ContainerResource] (docker-java-stream-824381349) STDOUT: 12:56:40.853  INFO  asset.WebAssetResource - User [dotcms.org.1] is requesting assets info for path [//site-1691153800390/folder1/subFolder1-2/subFolder1-2-1]
2023-08-04 12:56:40,863 INFO  [com.dot.ContainerResource] (docker-java-stream-824381349) STDOUT: 12:56:40.862  WARN  client.RestClient - request [POST http://elasticsearch:9200/cluster_51b0cac1ff.working_20230804125536/_search?typed_keys=true&max_concurrent_shard_requests=5&ignore_unavailable=false&expand_wildcards=open&allow_no_indices=true&ignore_throttled=true&search_type=query_then_fetch&batched_reduce_size=512&ccs_minimize_roundtrips=true] returned 2 warnings: [299 Elasticsearch-7.16.1-5b38441b16b1ebb16a27c107a4c3865776e20c53 "Elasticsearch built-in security features are not enabled. Without authentication, your cluster could be accessible to anyone. See https://www.elastic.co/guide/en/elasticsearch/reference/7.16/security-minimal-setup.html to enable security."],[299 Elasticsearch-7.16.1-5b38441b16b1ebb16a27c107a4c3865776e20c53 "[ignore_throttled] parameter is deprecated because frozen indices have been deprecated. Consider cold or frozen tiers in place of frozen indices."]
2023-08-04 12:56:40,896 INFO  [com.dot.ContainerResource] (docker-java-stream-824381349) STDOUT: 12:56:40.883  INFO  asset.WebAssetResource - User [dotcms.org.1] is requesting assets info for path [//site-1691153800390/folder1/subFolder1-2/subFolder1-2-2]
2023-08-04 12:56:40,925 INFO  [com.dot.ContainerResource] (docker-java-stream-824381349) STDOUT: 12:56:40.924  WARN  client.RestClient - request [POST http://elasticsearch:9200/cluster_51b0cac1ff.working_20230804125536/_search?typed_keys=true&max_concurrent_shard_requests=5&ignore_unavailable=false&expand_wildcards=open&allow_no_indices=true&ignore_throttled=true&search_type=query_then_fetch&batched_reduce_size=512&ccs_minimize_roundtrips=true] returned 2 warnings: [299 Elasticsearch-7.16.1-5b38441b16b1ebb16a27c107a4c3865776e20c53 "Elasticsearch built-in security features are not enabled. Without authentication, your cluster could be accessible to anyone. See https://www.elastic.co/guide/en/elasticsearch/reference/7.16/security-minimal-setup.html to enable security."],[299 Elasticsearch-7.16.1-5b38441b16b1ebb16a27c107a4c3865776e20c53 "[ignore_throttled] parameter is deprecated because frozen indices have been deprecated. Consider cold or frozen tiers in place of frozen indices."]
2023-08-04 12:56:40,933 INFO  [com.dot.ContainerResource] (docker-java-stream-824381349) STDOUT: 12:56:40.932  INFO  asset.WebAssetResource - User [dotcms.org.1] is requesting assets info for path [//site-1691153800390/folder1/subFolder1-2/subFolder1-2-3]
2023-08-04 12:56:40,938 INFO  [com.dot.ContainerResource] (docker-java-stream-824381349) STDOUT: 12:56:40.938  WARN  client.RestClient - request [POST http://elasticsearch:9200/cluster_51b0cac1ff.working_20230804125536/_search?typed_keys=true&max_concurrent_shard_requests=5&ignore_unavailable=false&expand_wildcards=open&allow_no_indices=true&ignore_throttled=true&search_type=query_then_fetch&batched_reduce_size=512&ccs_minimize_roundtrips=true] returned 2 warnings: [299 Elasticsearch-7.16.1-5b38441b16b1ebb16a27c107a4c3865776e20c53 "Elasticsearch built-in security features are not enabled. Without authentication, your cluster could be accessible to anyone. See https://www.elastic.co/guide/en/elasticsearch/reference/7.16/security-minimal-setup.html to enable security."],[299 Elasticsearch-7.16.1-5b38441b16b1ebb16a27c107a4c3865776e20c53 "[ignore_throttled] parameter is deprecated because frozen indices have been deprecated. Consider cold or frozen tiers in place of frozen indices."]
2023-08-04 12:56:40,946 INFO  [com.dot.ContainerResource] (docker-java-stream-824381349) STDOUT: 12:56:40.946  INFO  asset.WebAssetResource - User [dotcms.org.1] is requesting assets info for path [//site-1691153800390/folder2/subFolder2-1]
2023-08-04 12:56:40,951 INFO  [com.dot.ContainerResource] (docker-java-stream-824381349) STDOUT: 12:56:40.951  WARN  client.RestClient - request [POST http://elasticsearch:9200/cluster_51b0cac1ff.working_20230804125536/_search?typed_keys=true&max_concurrent_shard_requests=5&ignore_unavailable=false&expand_wildcards=open&allow_no_indices=true&ignore_throttled=true&search_type=query_then_fetch&batched_reduce_size=512&ccs_minimize_roundtrips=true] returned 2 warnings: [299 Elasticsearch-7.16.1-5b38441b16b1ebb16a27c107a4c3865776e20c53 "Elasticsearch built-in security features are not enabled. Without authentication, your cluster could be accessible to anyone. See https://www.elastic.co/guide/en/elasticsearch/reference/7.16/security-minimal-setup.html to enable security."],[299 Elasticsearch-7.16.1-5b38441b16b1ebb16a27c107a4c3865776e20c53 "[ignore_throttled] parameter is deprecated because frozen indices have been deprecated. Consider cold or frozen tiers in place of frozen indices."]
2023-08-04 12:56:40,960 INFO  [com.dot.ContainerResource] (docker-java-stream-824381349) STDOUT: 12:56:40.960  INFO  asset.WebAssetResource - User [dotcms.org.1] is requesting assets info for path [//site-1691153800390/folder2/subFolder2-2]
2023-08-04 12:56:40,968 INFO  [com.dot.ContainerResource] (docker-java-stream-824381349) STDOUT: 12:56:40.967  WARN  client.RestClient - request [POST http://elasticsearch:9200/cluster_51b0cac1ff.working_20230804125536/_search?typed_keys=true&max_concurrent_shard_requests=5&ignore_unavailable=false&expand_wildcards=open&allow_no_indices=true&ignore_throttled=true&search_type=query_then_fetch&batched_reduce_size=512&ccs_minimize_roundtrips=true] returned 2 warnings: [299 Elasticsearch-7.16.1-5b38441b16b1ebb16a27c107a4c3865776e20c53 "Elasticsearch built-in security features are not enabled. Without authentication, your cluster could be accessible to anyone. See https://www.elastic.co/guide/en/elasticsearch/reference/7.16/security-minimal-setup.html to enable security."],[299 Elasticsearch-7.16.1-5b38441b16b1ebb16a27c107a4c3865776e20c53 "[ignore_throttled] parameter is deprecated because frozen indices have been deprecated. Consider cold or frozen tiers in place of frozen indices."]
2023-08-04 12:56:40,975 INFO  [com.dot.ContainerResource] (docker-java-stream-824381349) STDOUT: 12:56:40.974  INFO  asset.WebAssetResource - User [dotcms.org.1] is requesting assets info for path [//site-1691153800390/folder2/subFolder2-3]
2023-08-04 12:56:40,981 INFO  [com.dot.ContainerResource] (docker-java-stream-824381349) STDOUT: 12:56:40.981  WARN  client.RestClient - request [POST http://elasticsearch:9200/cluster_51b0cac1ff.working_20230804125536/_search?typed_keys=true&max_concurrent_shard_requests=5&ignore_unavailable=false&expand_wildcards=open&allow_no_indices=true&ignore_throttled=true&search_type=query_then_fetch&batched_reduce_size=512&ccs_minimize_roundtrips=true] returned 2 warnings: [299 Elasticsearch-7.16.1-5b38441b16b1ebb16a27c107a4c3865776e20c53 "Elasticsearch built-in security features are not enabled. Without authentication, your cluster could be accessible to anyone. See https://www.elastic.co/guide/en/elasticsearch/reference/7.16/security-minimal-setup.html to enable security."],[299 Elasticsearch-7.16.1-5b38441b16b1ebb16a27c107a4c3865776e20c53 "[ignore_throttled] parameter is deprecated because frozen indices have been deprecated. Consider cold or frozen tiers in place of frozen indices."]
2023-08-04 12:56:40,990 INFO  [com.dot.ContainerResource] (docker-java-stream-824381349) STDOUT: 12:56:40.990  INFO  asset.WebAssetResource - User [dotcms.org.1] is requesting assets info for path [//site-1691153800390/folder2/subFolder2-1/subFolder2-1-1]
2023-08-04 12:56:40,995 INFO  [com.dot.ContainerResource] (docker-java-stream-824381349) STDOUT: 12:56:40.995  WARN  client.RestClient - request [POST http://elasticsearch:9200/cluster_51b0cac1ff.working_20230804125536/_search?typed_keys=true&max_concurrent_shard_requests=5&ignore_unavailable=false&expand_wildcards=open&allow_no_indices=true&ignore_throttled=true&search_type=query_then_fetch&batched_reduce_size=512&ccs_minimize_roundtrips=true] returned 2 warnings: [299 Elasticsearch-7.16.1-5b38441b16b1ebb16a27c107a4c3865776e20c53 "Elasticsearch built-in security features are not enabled. Without authentication, your cluster could be accessible to anyone. See https://www.elastic.co/guide/en/elasticsearch/reference/7.16/security-minimal-setup.html to enable security."],[299 Elasticsearch-7.16.1-5b38441b16b1ebb16a27c107a4c3865776e20c53 "[ignore_throttled] parameter is deprecated because frozen indices have been deprecated. Consider cold or frozen tiers in place of frozen indices."]
2023-08-04 12:56:41,006 INFO  [com.dot.ContainerResource] (docker-java-stream-824381349) STDOUT: 12:56:41.005  INFO  asset.WebAssetResource - User [dotcms.org.1] is requesting assets info for path [//site-1691153800390/folder2/subFolder2-1/subFolder2-1-2]
2023-08-04 12:56:41,010 INFO  [com.dot.ContainerResource] (docker-java-stream-824381349) STDOUT: 12:56:41.010  WARN  client.RestClient - request [POST http://elasticsearch:9200/cluster_51b0cac1ff.working_20230804125536/_search?typed_keys=true&max_concurrent_shard_requests=5&ignore_unavailable=false&expand_wildcards=open&allow_no_indices=true&ignore_throttled=true&search_type=query_then_fetch&batched_reduce_size=512&ccs_minimize_roundtrips=true] returned 2 warnings: [299 Elasticsearch-7.16.1-5b38441b16b1ebb16a27c107a4c3865776e20c53 "Elasticsearch built-in security features are not enabled. Without authentication, your cluster could be accessible to anyone. See https://www.elastic.co/guide/en/elasticsearch/reference/7.16/security-minimal-setup.html to enable security."],[299 Elasticsearch-7.16.1-5b38441b16b1ebb16a27c107a4c3865776e20c53 "[ignore_throttled] parameter is deprecated because frozen indices have been deprecated. Consider cold or frozen tiers in place of frozen indices."]
2023-08-04 12:56:41,022 INFO  [com.dot.ContainerResource] (docker-java-stream-824381349) STDOUT: 12:56:41.021  INFO  asset.WebAssetResource - User [dotcms.org.1] is requesting assets info for path [//site-1691153800390/folder2/subFolder2-1/subFolder2-1-3]
2023-08-04 12:56:41,027 INFO  [com.dot.ContainerResource] (docker-java-stream-824381349) STDOUT: 12:56:41.026  WARN  client.RestClient - request [POST http://elasticsearch:9200/cluster_51b0cac1ff.working_20230804125536/_search?typed_keys=true&max_concurrent_shard_requests=5&ignore_unavailable=false&expand_wildcards=open&allow_no_indices=true&ignore_throttled=true&search_type=query_then_fetch&batched_reduce_size=512&ccs_minimize_roundtrips=true] returned 2 warnings: [299 Elasticsearch-7.16.1-5b38441b16b1ebb16a27c107a4c3865776e20c53 "Elasticsearch built-in security features are not enabled. Without authentication, your cluster could be accessible to anyone. See https://www.elastic.co/guide/en/elasticsearch/reference/7.16/security-minimal-setup.html to enable security."],[299 Elasticsearch-7.16.1-5b38441b16b1ebb16a27c107a4c3865776e20c53 "[ignore_throttled] parameter is deprecated because frozen indices have been deprecated. Consider cold or frozen tiers in place of frozen indices."]
]]></system-out>
  </testcase>
  <testcase name="Test_Exclude2" classname="com.dotcms.api.traversal.FolderTraversalServiceIntegrationTest" time="1.455">
    <system-out><![CDATA[2023-08-04 12:56:41,812 INFO  [com.dot.ContainerResource] (docker-java-stream-824381349) STDOUT: 12:56:41.811  INFO  util.SecurityLogger - class com.dotcms.cms.login.LoginServiceAPIFactory$LoginServiceImpl : User dotcms.org.1 has successfully login from IP: 172.18.0.1 -- ip:172.18.0.1,user:Admin User [ID: dotcms.org.1][email:admin@dotcms.com]
2023-08-04 12:56:41,812 INFO  [com.dot.ContainerResource] (docker-java-stream-824381349) STDOUT: 12:56:41.812  INFO  util.SecurityLogger - class com.dotcms.rest.api.v1.authentication.CreateJsonWebTokenResource : A Json Web Token admin@dotcms.com is being created from IP: 172.18.0.1 -- ip:172.18.0.1,user:Admin User [ID: dotcms.org.1][email:admin@dotcms.com]
2023-08-04 12:56:41,834 INFO  [com.dot.ContainerResource] (docker-java-stream-824381349) STDOUT: 12:56:41.832  INFO  util.ActivityLogger - class com.dotcms.content.elasticsearch.business.ESContentletAPIImpl: system : Saving Content , StartDate: N/D; EndDate: N/D; User:dotcms.org.1; ContentIdentifier: 
2023-08-04 12:56:41,842 INFO  [com.dot.ContainerResource] (docker-java-stream-824381349) STDOUT: 12:56:41.841  WARN  client.RestClient - request [POST http://elasticsearch:9200/cluster_51b0cac1ff.working_20230804125536/_search?typed_keys=true&max_concurrent_shard_requests=5&ignore_unavailable=false&expand_wildcards=open&allow_no_indices=true&ignore_throttled=true&search_type=query_then_fetch&batched_reduce_size=512&ccs_minimize_roundtrips=true] returned 2 warnings: [299 Elasticsearch-7.16.1-5b38441b16b1ebb16a27c107a4c3865776e20c53 "Elasticsearch built-in security features are not enabled. Without authentication, your cluster could be accessible to anyone. See https://www.elastic.co/guide/en/elasticsearch/reference/7.16/security-minimal-setup.html to enable security."],[299 Elasticsearch-7.16.1-5b38441b16b1ebb16a27c107a4c3865776e20c53 "[ignore_throttled] parameter is deprecated because frozen indices have been deprecated. Consider cold or frozen tiers in place of frozen indices."]
2023-08-04 12:56:41,851 INFO  [com.dot.ContainerResource] (docker-java-stream-824381349) STDOUT: 12:56:41.851  WARN  client.RestClient - request [POST http://elasticsearch:9200/cluster_51b0cac1ff.live_20230804125536/_search?typed_keys=true&max_concurrent_shard_requests=5&ignore_unavailable=false&expand_wildcards=open&allow_no_indices=true&ignore_throttled=true&search_type=query_then_fetch&batched_reduce_size=512&ccs_minimize_roundtrips=true] returned 2 warnings: [299 Elasticsearch-7.16.1-5b38441b16b1ebb16a27c107a4c3865776e20c53 "Elasticsearch built-in security features are not enabled. Without authentication, your cluster could be accessible to anyone. See https://www.elastic.co/guide/en/elasticsearch/reference/7.16/security-minimal-setup.html to enable security."],[299 Elasticsearch-7.16.1-5b38441b16b1ebb16a27c107a4c3865776e20c53 "[ignore_throttled] parameter is deprecated because frozen indices have been deprecated. Consider cold or frozen tiers in place of frozen indices."]
2023-08-04 12:56:41,863 INFO  [com.dot.ContainerResource] (docker-java-stream-824381349) STDOUT: 12:56:41.863  INFO  business.IdentifierAPIImpl - Creating new identifier for versionable asset of type `content` and title `site-1691153801820` 
2023-08-04 12:56:41,868 INFO  [com.dot.ContainerResource] (docker-java-stream-824381349) STDOUT: 12:56:41.868  INFO  business.DeterministicIdentifierAPIImpl - hashing id: host:system host/site-1691153801820 to 6b3c5b02fcc78d56571fc54d06b2a889
2023-08-04 12:56:41,898 INFO  [com.dot.ContainerResource] (docker-java-stream-824381349) STDOUT: 12:56:41.897  INFO  business.ContentletIndexAPIImpl - Indexing: 6b3c5b02fcc78d56571fc54d06b2a889 : site-1691153801820, includeDependencies: true, policy: DEFER
2023-08-04 12:56:41,899 INFO  [com.dot.ContainerResource] (docker-java-stream-824381349) STDOUT: 12:56:41.898  INFO  reindex.ReindexQueueAPIImpl - addIdentifierReindex: 6b3c5b02fcc78d56571fc54d06b2a889
2023-08-04 12:56:41,951 INFO  [com.dot.ContainerResource] (docker-java-stream-824381349) STDOUT: 12:56:41.950  INFO  util.ActivityLogger - class com.dotcms.content.elasticsearch.business.ESContentletAPIImpl: System Host : Content Saved , StartDate: N/D; EndDate: N/D; User:dotcms.org.1; ContentIdentifier: 6b3c5b02fcc78d56571fc54d06b2a889
2023-08-04 12:56:41,953 INFO  [com.dot.ContainerResource] (docker-java-stream-824381349) STDOUT: 12:56:41.952  INFO  reindex.ReindexThread - --- Unpausing reindex thread 
2023-08-04 12:56:41,973 INFO  [com.dot.ContainerResource] (docker-java-stream-824381349) STDOUT: 12:56:41.973  INFO  util.ActivityLogger - class com.dotcms.content.elasticsearch.business.ESContentletAPIImpl: System Host : Publishing Content , StartDate: N/D; EndDate: N/D; User:dotcms.org.1; ContentIdentifier: 6b3c5b02fcc78d56571fc54d06b2a889
2023-08-04 12:56:41,975 INFO  [com.dot.ContainerResource] (docker-java-stream-824381349) STDOUT: 12:56:41.975  INFO  business.ContentletIndexAPIImpl - Indexing: 6b3c5b02fcc78d56571fc54d06b2a889 : site-1691153801820, includeDependencies: true, policy: DEFER
2023-08-04 12:56:41,976 INFO  [com.dot.ContainerResource] (docker-java-stream-824381349) STDOUT: 12:56:41.976  INFO  reindex.ReindexQueueAPIImpl - addIdentifierReindex: 6b3c5b02fcc78d56571fc54d06b2a889
2023-08-04 12:56:42,003 INFO  [com.dot.ContainerResource] (docker-java-stream-824381349) STDOUT: 12:56:42.003  INFO  reindex.BulkProcessorListener - -----------
2023-08-04 12:56:42,004 INFO  [com.dot.ContainerResource] (docker-java-stream-824381349) STDOUT: 12:56:42.003  INFO  util.ActivityLogger - class com.dotcms.content.elasticsearch.business.ESContentletAPIImpl: System Host : Content Published , StartDate: N/D; EndDate: N/D; User:dotcms.org.1; ContentIdentifier: 6b3c5b02fcc78d56571fc54d06b2a889
2023-08-04 12:56:42,004 INFO  [com.dot.ContainerResource] (docker-java-stream-824381349) STDOUT: 12:56:42.004  INFO  reindex.BulkProcessorListener - Reindexing Server #  : 1 of 1
2023-08-04 12:56:42,007 INFO  [com.dot.ContainerResource] (docker-java-stream-824381349) STDOUT: 12:56:42.006  INFO  reindex.BulkProcessorListener - Total Indexed        : 0
2023-08-04 12:56:42,007 INFO  [com.dot.ContainerResource] (docker-java-stream-824381349) STDOUT: 12:56:42.007  INFO  reindex.BulkProcessorListener - ReindexEntries found : 1
2023-08-04 12:56:42,007 INFO  [com.dot.ContainerResource] (docker-java-stream-824381349) STDOUT: 12:56:42.007  INFO  reindex.BulkProcessorListener - BulkRequests created : 1
2023-08-04 12:56:42,018 INFO  [com.dot.ContainerResource] (docker-java-stream-824381349) STDOUT: 12:56:42.017  INFO  reindex.BulkProcessorListener - -----------
2023-08-04 12:56:42,032 INFO  [com.dot.ContainerResource] (docker-java-stream-824381349) STDOUT: 12:56:42.032  WARN  client.RestClient - request [POST http://elasticsearch:9200/_bulk?timeout=1m] returned 1 warnings: [299 Elasticsearch-7.16.1-5b38441b16b1ebb16a27c107a4c3865776e20c53 "Elasticsearch built-in security features are not enabled. Without authentication, your cluster could be accessible to anyone. See https://www.elastic.co/guide/en/elasticsearch/reference/7.16/security-minimal-setup.html to enable security."]
2023-08-04 12:56:42,045 INFO  [com.dot.ContainerResource] (docker-java-stream-824381349) STDOUT: 12:56:42.045  INFO  business.DeterministicIdentifierAPIImpl - hashing id: folder:site-1691153801820/folder1 to 428cdb74d6b53dd9fdbb45ff99899961
2023-08-04 12:56:42,051 INFO  [com.dot.ContainerResource] (docker-java-stream-824381349) STDOUT: 12:56:42.050  INFO  business.DeterministicIdentifierAPIImpl - hashing id: folder:site-1691153801820/folder1/subfolder1-1 to 42faca8a75b9d8fd7659af18556e89a9
2023-08-04 12:56:42,060 INFO  [com.dot.ContainerResource] (docker-java-stream-824381349) STDOUT: 12:56:42.059  INFO  business.DeterministicIdentifierAPIImpl - hashing id: folder:site-1691153801820/folder1/subfolder1-1/subfolder1-1-1 to 6f1b4994c6583ba1f5b46fb6e9803b7b
2023-08-04 12:56:42,070 INFO  [com.dot.ContainerResource] (docker-java-stream-824381349) STDOUT: 12:56:42.069  INFO  business.DeterministicIdentifierAPIImpl - hashing id: folder:site-1691153801820/folder1/subfolder1-1/subfolder1-1-2 to 204a30a50586770654627f99750c276e
2023-08-04 12:56:42,076 INFO  [com.dot.ContainerResource] (docker-java-stream-824381349) STDOUT: 12:56:42.076  INFO  business.DeterministicIdentifierAPIImpl - hashing id: folder:site-1691153801820/folder1/subfolder1-1/subfolder1-1-3 to e89617c2a47a60c53b0c8696b85e6da9
2023-08-04 12:56:42,082 INFO  [com.dot.ContainerResource] (docker-java-stream-824381349) STDOUT: 12:56:42.081  INFO  business.DeterministicIdentifierAPIImpl - hashing id: folder:site-1691153801820/folder1/subfolder1-2 to 45b6c4ee87383b0e7a2e298ef0231323
2023-08-04 12:56:42,086 INFO  [com.dot.ContainerResource] (docker-java-stream-824381349) STDOUT: 12:56:42.086  INFO  business.DeterministicIdentifierAPIImpl - hashing id: folder:site-1691153801820/folder1/subfolder1-2/subfolder1-2-1 to edfb9060fa423842ce5a24ade4582789
2023-08-04 12:56:42,092 INFO  [com.dot.ContainerResource] (docker-java-stream-824381349) STDOUT: 12:56:42.092  INFO  business.DeterministicIdentifierAPIImpl - hashing id: folder:site-1691153801820/folder1/subfolder1-2/subfolder1-2-2 to 663146dc6aa4fa7d82b30f08070aada5
2023-08-04 12:56:42,098 INFO  [com.dot.ContainerResource] (docker-java-stream-824381349) STDOUT: 12:56:42.097  INFO  business.DeterministicIdentifierAPIImpl - hashing id: folder:site-1691153801820/folder1/subfolder1-2/subfolder1-2-3 to 1ff5a06f85717429e8f145efe28f7cf6
2023-08-04 12:56:42,108 INFO  [com.dot.ContainerResource] (docker-java-stream-824381349) STDOUT: 12:56:42.103  INFO  business.DeterministicIdentifierAPIImpl - hashing id: folder:site-1691153801820/folder1/subfolder1-3 to eca7035156ebc501954f49a6dc3ab799
2023-08-04 12:56:42,108 INFO  [com.dot.ContainerResource] (docker-java-stream-824381349) STDOUT: 12:56:42.107  INFO  business.DeterministicIdentifierAPIImpl - hashing id: folder:site-1691153801820/folder2 to 9bbd89624b9efb849a36542a07b2000f
2023-08-04 12:56:42,112 INFO  [com.dot.ContainerResource] (docker-java-stream-824381349) STDOUT: 12:56:42.112  INFO  business.DeterministicIdentifierAPIImpl - hashing id: folder:site-1691153801820/folder2/subfolder2-1 to 82ca76a5d16b10c666a68e1165f7b3b6
2023-08-04 12:56:42,117 INFO  [com.dot.ContainerResource] (docker-java-stream-824381349) STDOUT: 12:56:42.117  INFO  business.DeterministicIdentifierAPIImpl - hashing id: folder:site-1691153801820/folder2/subfolder2-1/subfolder2-1-1 to 95b1b0d9c8c837b03e4fe29d3edc8cd1
2023-08-04 12:56:42,124 INFO  [com.dot.ContainerResource] (docker-java-stream-824381349) STDOUT: 12:56:42.123  INFO  business.DeterministicIdentifierAPIImpl - hashing id: folder:site-1691153801820/folder2/subfolder2-1/subfolder2-1-2 to 6efe4c5e51cf98c9deca87fb8c714dee
2023-08-04 12:56:42,128 INFO  [com.dot.ContainerResource] (docker-java-stream-824381349) STDOUT: 12:56:42.128  INFO  business.DeterministicIdentifierAPIImpl - hashing id: folder:site-1691153801820/folder2/subfolder2-1/subfolder2-1-3 to fbfd1252c8fbe3a13fc4e9633b93ba40
2023-08-04 12:56:42,134 INFO  [com.dot.ContainerResource] (docker-java-stream-824381349) STDOUT: 12:56:42.133  INFO  business.DeterministicIdentifierAPIImpl - hashing id: folder:site-1691153801820/folder2/subfolder2-2 to 07de699655c659845dbb632a56b34fc9
2023-08-04 12:56:42,138 INFO  [com.dot.ContainerResource] (docker-java-stream-824381349) STDOUT: 12:56:42.138  INFO  business.DeterministicIdentifierAPIImpl - hashing id: folder:site-1691153801820/folder2/subfolder2-3 to 18e642bf57709d04a46380ae626d9bb4
2023-08-04 12:56:42,143 INFO  [com.dot.ContainerResource] (docker-java-stream-824381349) STDOUT: 12:56:42.143  INFO  business.DeterministicIdentifierAPIImpl - hashing id: folder:site-1691153801820/folder3 to df9aa0e5c22b381ef6f42736a85409d1
2023-08-04 12:56:42,155 INFO  [com.dot.ContainerResource] (docker-java-stream-824381349) STDOUT: 12:56:42.154  INFO  asset.WebAssetResource - User [dotcms.org.1] is requesting assets info for path [//site-1691153801820/]
2023-08-04 12:56:42,159 INFO  [com.dot.ContainerResource] (docker-java-stream-824381349) STDOUT: 12:56:42.158  WARN  client.RestClient - request [POST http://elasticsearch:9200/cluster_51b0cac1ff.working_20230804125536/_search?typed_keys=true&max_concurrent_shard_requests=5&ignore_unavailable=false&expand_wildcards=open&allow_no_indices=true&ignore_throttled=true&search_type=query_then_fetch&batched_reduce_size=512&ccs_minimize_roundtrips=true] returned 2 warnings: [299 Elasticsearch-7.16.1-5b38441b16b1ebb16a27c107a4c3865776e20c53 "Elasticsearch built-in security features are not enabled. Without authentication, your cluster could be accessible to anyone. See https://www.elastic.co/guide/en/elasticsearch/reference/7.16/security-minimal-setup.html to enable security."],[299 Elasticsearch-7.16.1-5b38441b16b1ebb16a27c107a4c3865776e20c53 "[ignore_throttled] parameter is deprecated because frozen indices have been deprecated. Consider cold or frozen tiers in place of frozen indices."]
2023-08-04 12:56:42,166 INFO  [com.dot.ContainerResource] (docker-java-stream-824381349) STDOUT: 12:56:42.166  INFO  asset.WebAssetResource - User [dotcms.org.1] is requesting assets info for path [//site-1691153801820/folder1]
2023-08-04 12:56:42,174 INFO  [com.dot.ContainerResource] (docker-java-stream-824381349) STDOUT: 12:56:42.173  WARN  client.RestClient - request [POST http://elasticsearch:9200/cluster_51b0cac1ff.working_20230804125536/_search?typed_keys=true&max_concurrent_shard_requests=5&ignore_unavailable=false&expand_wildcards=open&allow_no_indices=true&ignore_throttled=true&search_type=query_then_fetch&batched_reduce_size=512&ccs_minimize_roundtrips=true] returned 2 warnings: [299 Elasticsearch-7.16.1-5b38441b16b1ebb16a27c107a4c3865776e20c53 "Elasticsearch built-in security features are not enabled. Without authentication, your cluster could be accessible to anyone. See https://www.elastic.co/guide/en/elasticsearch/reference/7.16/security-minimal-setup.html to enable security."],[299 Elasticsearch-7.16.1-5b38441b16b1ebb16a27c107a4c3865776e20c53 "[ignore_throttled] parameter is deprecated because frozen indices have been deprecated. Consider cold or frozen tiers in place of frozen indices."]
2023-08-04 12:56:42,183 INFO  [com.dot.ContainerResource] (docker-java-stream-824381349) STDOUT: 12:56:42.182  INFO  asset.WebAssetResource - User [dotcms.org.1] is requesting assets info for path [//site-1691153801820/folder2]
2023-08-04 12:56:42,188 INFO  [com.dot.ContainerResource] (docker-java-stream-824381349) STDOUT: 12:56:42.188  WARN  client.RestClient - request [POST http://elasticsearch:9200/cluster_51b0cac1ff.working_20230804125536/_search?typed_keys=true&max_concurrent_shard_requests=5&ignore_unavailable=false&expand_wildcards=open&allow_no_indices=true&ignore_throttled=true&search_type=query_then_fetch&batched_reduce_size=512&ccs_minimize_roundtrips=true] returned 2 warnings: [299 Elasticsearch-7.16.1-5b38441b16b1ebb16a27c107a4c3865776e20c53 "Elasticsearch built-in security features are not enabled. Without authentication, your cluster could be accessible to anyone. See https://www.elastic.co/guide/en/elasticsearch/reference/7.16/security-minimal-setup.html to enable security."],[299 Elasticsearch-7.16.1-5b38441b16b1ebb16a27c107a4c3865776e20c53 "[ignore_throttled] parameter is deprecated because frozen indices have been deprecated. Consider cold or frozen tiers in place of frozen indices."]
2023-08-04 12:56:42,199 INFO  [com.dot.ContainerResource] (docker-java-stream-824381349) STDOUT: 12:56:42.199  INFO  asset.WebAssetResource - User [dotcms.org.1] is requesting assets info for path [//site-1691153801820/folder3]
2023-08-04 12:56:42,209 INFO  [com.dot.ContainerResource] (docker-java-stream-824381349) STDOUT: 12:56:42.209  WARN  client.RestClient - request [POST http://elasticsearch:9200/cluster_51b0cac1ff.working_20230804125536/_search?typed_keys=true&max_concurrent_shard_requests=5&ignore_unavailable=false&expand_wildcards=open&allow_no_indices=true&ignore_throttled=true&search_type=query_then_fetch&batched_reduce_size=512&ccs_minimize_roundtrips=true] returned 2 warnings: [299 Elasticsearch-7.16.1-5b38441b16b1ebb16a27c107a4c3865776e20c53 "Elasticsearch built-in security features are not enabled. Without authentication, your cluster could be accessible to anyone. See https://www.elastic.co/guide/en/elasticsearch/reference/7.16/security-minimal-setup.html to enable security."],[299 Elasticsearch-7.16.1-5b38441b16b1ebb16a27c107a4c3865776e20c53 "[ignore_throttled] parameter is deprecated because frozen indices have been deprecated. Consider cold or frozen tiers in place of frozen indices."]
2023-08-04 12:56:42,243 INFO  [com.dot.ContainerResource] (docker-java-stream-824381349) STDOUT: 12:56:42.242  INFO  asset.WebAssetResource - User [dotcms.org.1] is requesting assets info for path [//site-1691153801820/folder1/subFolder1-1]
2023-08-04 12:56:42,251 INFO  [com.dot.ContainerResource] (docker-java-stream-824381349) STDOUT: 12:56:42.251  WARN  client.RestClient - request [POST http://elasticsearch:9200/cluster_51b0cac1ff.working_20230804125536/_search?typed_keys=true&max_concurrent_shard_requests=5&ignore_unavailable=false&expand_wildcards=open&allow_no_indices=true&ignore_throttled=true&search_type=query_then_fetch&batched_reduce_size=512&ccs_minimize_roundtrips=true] returned 2 warnings: [299 Elasticsearch-7.16.1-5b38441b16b1ebb16a27c107a4c3865776e20c53 "Elasticsearch built-in security features are not enabled. Without authentication, your cluster could be accessible to anyone. See https://www.elastic.co/guide/en/elasticsearch/reference/7.16/security-minimal-setup.html to enable security."],[299 Elasticsearch-7.16.1-5b38441b16b1ebb16a27c107a4c3865776e20c53 "[ignore_throttled] parameter is deprecated because frozen indices have been deprecated. Consider cold or frozen tiers in place of frozen indices."]
2023-08-04 12:56:42,263 INFO  [com.dot.ContainerResource] (docker-java-stream-824381349) STDOUT: 12:56:42.263  INFO  asset.WebAssetResource - User [dotcms.org.1] is requesting assets info for path [//site-1691153801820/folder1/subFolder1-2]
2023-08-04 12:56:42,276 INFO  [com.dot.ContainerResource] (docker-java-stream-824381349) STDOUT: 12:56:42.276  WARN  client.RestClient - request [POST http://elasticsearch:9200/cluster_51b0cac1ff.working_20230804125536/_search?typed_keys=true&max_concurrent_shard_requests=5&ignore_unavailable=false&expand_wildcards=open&allow_no_indices=true&ignore_throttled=true&search_type=query_then_fetch&batched_reduce_size=512&ccs_minimize_roundtrips=true] returned 2 warnings: [299 Elasticsearch-7.16.1-5b38441b16b1ebb16a27c107a4c3865776e20c53 "Elasticsearch built-in security features are not enabled. Without authentication, your cluster could be accessible to anyone. See https://www.elastic.co/guide/en/elasticsearch/reference/7.16/security-minimal-setup.html to enable security."],[299 Elasticsearch-7.16.1-5b38441b16b1ebb16a27c107a4c3865776e20c53 "[ignore_throttled] parameter is deprecated because frozen indices have been deprecated. Consider cold or frozen tiers in place of frozen indices."]
2023-08-04 12:56:42,299 INFO  [com.dot.ContainerResource] (docker-java-stream-824381349) STDOUT: 12:56:42.298  INFO  asset.WebAssetResource - User [dotcms.org.1] is requesting assets info for path [//site-1691153801820/folder1/subFolder1-3]
2023-08-04 12:56:42,307 INFO  [com.dot.ContainerResource] (docker-java-stream-824381349) STDOUT: 12:56:42.306  WARN  client.RestClient - request [POST http://elasticsearch:9200/cluster_51b0cac1ff.working_20230804125536/_search?typed_keys=true&max_concurrent_shard_requests=5&ignore_unavailable=false&expand_wildcards=open&allow_no_indices=true&ignore_throttled=true&search_type=query_then_fetch&batched_reduce_size=512&ccs_minimize_roundtrips=true] returned 2 warnings: [299 Elasticsearch-7.16.1-5b38441b16b1ebb16a27c107a4c3865776e20c53 "Elasticsearch built-in security features are not enabled. Without authentication, your cluster could be accessible to anyone. See https://www.elastic.co/guide/en/elasticsearch/reference/7.16/security-minimal-setup.html to enable security."],[299 Elasticsearch-7.16.1-5b38441b16b1ebb16a27c107a4c3865776e20c53 "[ignore_throttled] parameter is deprecated because frozen indices have been deprecated. Consider cold or frozen tiers in place of frozen indices."]
2023-08-04 12:56:42,314 INFO  [com.dot.ContainerResource] (docker-java-stream-824381349) STDOUT: 12:56:42.314  INFO  asset.WebAssetResource - User [dotcms.org.1] is requesting assets info for path [//site-1691153801820/folder1/subFolder1-1/subFolder1-1-1]
2023-08-04 12:56:42,319 INFO  [com.dot.ContainerResource] (docker-java-stream-824381349) STDOUT: 12:56:42.319  WARN  client.RestClient - request [POST http://elasticsearch:9200/cluster_51b0cac1ff.working_20230804125536/_search?typed_keys=true&max_concurrent_shard_requests=5&ignore_unavailable=false&expand_wildcards=open&allow_no_indices=true&ignore_throttled=true&search_type=query_then_fetch&batched_reduce_size=512&ccs_minimize_roundtrips=true] returned 2 warnings: [299 Elasticsearch-7.16.1-5b38441b16b1ebb16a27c107a4c3865776e20c53 "Elasticsearch built-in security features are not enabled. Without authentication, your cluster could be accessible to anyone. See https://www.elastic.co/guide/en/elasticsearch/reference/7.16/security-minimal-setup.html to enable security."],[299 Elasticsearch-7.16.1-5b38441b16b1ebb16a27c107a4c3865776e20c53 "[ignore_throttled] parameter is deprecated because frozen indices have been deprecated. Consider cold or frozen tiers in place of frozen indices."]
2023-08-04 12:56:42,339 INFO  [com.dot.ContainerResource] (docker-java-stream-824381349) STDOUT: 12:56:42.338  INFO  asset.WebAssetResource - User [dotcms.org.1] is requesting assets info for path [//site-1691153801820/folder1/subFolder1-1/subFolder1-1-2]
2023-08-04 12:56:42,344 INFO  [com.dot.ContainerResource] (docker-java-stream-824381349) STDOUT: 12:56:42.344  WARN  client.RestClient - request [POST http://elasticsearch:9200/cluster_51b0cac1ff.working_20230804125536/_search?typed_keys=true&max_concurrent_shard_requests=5&ignore_unavailable=false&expand_wildcards=open&allow_no_indices=true&ignore_throttled=true&search_type=query_then_fetch&batched_reduce_size=512&ccs_minimize_roundtrips=true] returned 2 warnings: [299 Elasticsearch-7.16.1-5b38441b16b1ebb16a27c107a4c3865776e20c53 "Elasticsearch built-in security features are not enabled. Without authentication, your cluster could be accessible to anyone. See https://www.elastic.co/guide/en/elasticsearch/reference/7.16/security-minimal-setup.html to enable security."],[299 Elasticsearch-7.16.1-5b38441b16b1ebb16a27c107a4c3865776e20c53 "[ignore_throttled] parameter is deprecated because frozen indices have been deprecated. Consider cold or frozen tiers in place of frozen indices."]
2023-08-04 12:56:42,352 INFO  [com.dot.ContainerResource] (docker-java-stream-824381349) STDOUT: 12:56:42.352  INFO  asset.WebAssetResource - User [dotcms.org.1] is requesting assets info for path [//site-1691153801820/folder1/subFolder1-1/subFolder1-1-3]
2023-08-04 12:56:42,358 INFO  [com.dot.ContainerResource] (docker-java-stream-824381349) STDOUT: 12:56:42.358  WARN  client.RestClient - request [POST http://elasticsearch:9200/cluster_51b0cac1ff.working_20230804125536/_search?typed_keys=true&max_concurrent_shard_requests=5&ignore_unavailable=false&expand_wildcards=open&allow_no_indices=true&ignore_throttled=true&search_type=query_then_fetch&batched_reduce_size=512&ccs_minimize_roundtrips=true] returned 2 warnings: [299 Elasticsearch-7.16.1-5b38441b16b1ebb16a27c107a4c3865776e20c53 "Elasticsearch built-in security features are not enabled. Without authentication, your cluster could be accessible to anyone. See https://www.elastic.co/guide/en/elasticsearch/reference/7.16/security-minimal-setup.html to enable security."],[299 Elasticsearch-7.16.1-5b38441b16b1ebb16a27c107a4c3865776e20c53 "[ignore_throttled] parameter is deprecated because frozen indices have been deprecated. Consider cold or frozen tiers in place of frozen indices."]
2023-08-04 12:56:42,366 INFO  [com.dot.ContainerResource] (docker-java-stream-824381349) STDOUT: 12:56:42.366  INFO  asset.WebAssetResource - User [dotcms.org.1] is requesting assets info for path [//site-1691153801820/folder1/subFolder1-2/subFolder1-2-1]
2023-08-04 12:56:42,370 INFO  [com.dot.ContainerResource] (docker-java-stream-824381349) STDOUT: 12:56:42.370  WARN  client.RestClient - request [POST http://elasticsearch:9200/cluster_51b0cac1ff.working_20230804125536/_search?typed_keys=true&max_concurrent_shard_requests=5&ignore_unavailable=false&expand_wildcards=open&allow_no_indices=true&ignore_throttled=true&search_type=query_then_fetch&batched_reduce_size=512&ccs_minimize_roundtrips=true] returned 2 warnings: [299 Elasticsearch-7.16.1-5b38441b16b1ebb16a27c107a4c3865776e20c53 "Elasticsearch built-in security features are not enabled. Without authentication, your cluster could be accessible to anyone. See https://www.elastic.co/guide/en/elasticsearch/reference/7.16/security-minimal-setup.html to enable security."],[299 Elasticsearch-7.16.1-5b38441b16b1ebb16a27c107a4c3865776e20c53 "[ignore_throttled] parameter is deprecated because frozen indices have been deprecated. Consider cold or frozen tiers in place of frozen indices."]
2023-08-04 12:56:42,378 INFO  [com.dot.ContainerResource] (docker-java-stream-824381349) STDOUT: 12:56:42.378  INFO  asset.WebAssetResource - User [dotcms.org.1] is requesting assets info for path [//site-1691153801820/folder1/subFolder1-2/subFolder1-2-2]
2023-08-04 12:56:42,383 INFO  [com.dot.ContainerResource] (docker-java-stream-824381349) STDOUT: 12:56:42.383  WARN  client.RestClient - request [POST http://elasticsearch:9200/cluster_51b0cac1ff.working_20230804125536/_search?typed_keys=true&max_concurrent_shard_requests=5&ignore_unavailable=false&expand_wildcards=open&allow_no_indices=true&ignore_throttled=true&search_type=query_then_fetch&batched_reduce_size=512&ccs_minimize_roundtrips=true] returned 2 warnings: [299 Elasticsearch-7.16.1-5b38441b16b1ebb16a27c107a4c3865776e20c53 "Elasticsearch built-in security features are not enabled. Without authentication, your cluster could be accessible to anyone. See https://www.elastic.co/guide/en/elasticsearch/reference/7.16/security-minimal-setup.html to enable security."],[299 Elasticsearch-7.16.1-5b38441b16b1ebb16a27c107a4c3865776e20c53 "[ignore_throttled] parameter is deprecated because frozen indices have been deprecated. Consider cold or frozen tiers in place of frozen indices."]
2023-08-04 12:56:42,392 INFO  [com.dot.ContainerResource] (docker-java-stream-824381349) STDOUT: 12:56:42.391  INFO  asset.WebAssetResource - User [dotcms.org.1] is requesting assets info for path [//site-1691153801820/folder1/subFolder1-2/subFolder1-2-3]
2023-08-04 12:56:42,396 INFO  [com.dot.ContainerResource] (docker-java-stream-824381349) STDOUT: 12:56:42.396  WARN  client.RestClient - request [POST http://elasticsearch:9200/cluster_51b0cac1ff.working_20230804125536/_search?typed_keys=true&max_concurrent_shard_requests=5&ignore_unavailable=false&expand_wildcards=open&allow_no_indices=true&ignore_throttled=true&search_type=query_then_fetch&batched_reduce_size=512&ccs_minimize_roundtrips=true] returned 2 warnings: [299 Elasticsearch-7.16.1-5b38441b16b1ebb16a27c107a4c3865776e20c53 "Elasticsearch built-in security features are not enabled. Without authentication, your cluster could be accessible to anyone. See https://www.elastic.co/guide/en/elasticsearch/reference/7.16/security-minimal-setup.html to enable security."],[299 Elasticsearch-7.16.1-5b38441b16b1ebb16a27c107a4c3865776e20c53 "[ignore_throttled] parameter is deprecated because frozen indices have been deprecated. Consider cold or frozen tiers in place of frozen indices."]
2023-08-04 12:56:42,407 INFO  [com.dot.ContainerResource] (docker-java-stream-824381349) STDOUT: 12:56:42.407  INFO  asset.WebAssetResource - User [dotcms.org.1] is requesting assets info for path [//site-1691153801820/folder2/subFolder2-1]
2023-08-04 12:56:42,417 INFO  [com.dot.ContainerResource] (docker-java-stream-824381349) STDOUT: 12:56:42.416  WARN  client.RestClient - request [POST http://elasticsearch:9200/cluster_51b0cac1ff.working_20230804125536/_search?typed_keys=true&max_concurrent_shard_requests=5&ignore_unavailable=false&expand_wildcards=open&allow_no_indices=true&ignore_throttled=true&search_type=query_then_fetch&batched_reduce_size=512&ccs_minimize_roundtrips=true] returned 2 warnings: [299 Elasticsearch-7.16.1-5b38441b16b1ebb16a27c107a4c3865776e20c53 "Elasticsearch built-in security features are not enabled. Without authentication, your cluster could be accessible to anyone. See https://www.elastic.co/guide/en/elasticsearch/reference/7.16/security-minimal-setup.html to enable security."],[299 Elasticsearch-7.16.1-5b38441b16b1ebb16a27c107a4c3865776e20c53 "[ignore_throttled] parameter is deprecated because frozen indices have been deprecated. Consider cold or frozen tiers in place of frozen indices."]
2023-08-04 12:56:42,427 INFO  [com.dot.ContainerResource] (docker-java-stream-824381349) STDOUT: 12:56:42.426  INFO  asset.WebAssetResource - User [dotcms.org.1] is requesting assets info for path [//site-1691153801820/folder2/subFolder2-2]
2023-08-04 12:56:42,431 INFO  [com.dot.ContainerResource] (docker-java-stream-824381349) STDOUT: 12:56:42.431  WARN  client.RestClient - request [POST http://elasticsearch:9200/cluster_51b0cac1ff.working_20230804125536/_search?typed_keys=true&max_concurrent_shard_requests=5&ignore_unavailable=false&expand_wildcards=open&allow_no_indices=true&ignore_throttled=true&search_type=query_then_fetch&batched_reduce_size=512&ccs_minimize_roundtrips=true] returned 2 warnings: [299 Elasticsearch-7.16.1-5b38441b16b1ebb16a27c107a4c3865776e20c53 "Elasticsearch built-in security features are not enabled. Without authentication, your cluster could be accessible to anyone. See https://www.elastic.co/guide/en/elasticsearch/reference/7.16/security-minimal-setup.html to enable security."],[299 Elasticsearch-7.16.1-5b38441b16b1ebb16a27c107a4c3865776e20c53 "[ignore_throttled] parameter is deprecated because frozen indices have been deprecated. Consider cold or frozen tiers in place of frozen indices."]
2023-08-04 12:56:42,437 INFO  [com.dot.ContainerResource] (docker-java-stream-824381349) STDOUT: 12:56:42.437  INFO  asset.WebAssetResource - User [dotcms.org.1] is requesting assets info for path [//site-1691153801820/folder2/subFolder2-3]
2023-08-04 12:56:42,443 INFO  [com.dot.ContainerResource] (docker-java-stream-824381349) STDOUT: 12:56:42.442  WARN  client.RestClient - request [POST http://elasticsearch:9200/cluster_51b0cac1ff.working_20230804125536/_search?typed_keys=true&max_concurrent_shard_requests=5&ignore_unavailable=false&expand_wildcards=open&allow_no_indices=true&ignore_throttled=true&search_type=query_then_fetch&batched_reduce_size=512&ccs_minimize_roundtrips=true] returned 2 warnings: [299 Elasticsearch-7.16.1-5b38441b16b1ebb16a27c107a4c3865776e20c53 "Elasticsearch built-in security features are not enabled. Without authentication, your cluster could be accessible to anyone. See https://www.elastic.co/guide/en/elasticsearch/reference/7.16/security-minimal-setup.html to enable security."],[299 Elasticsearch-7.16.1-5b38441b16b1ebb16a27c107a4c3865776e20c53 "[ignore_throttled] parameter is deprecated because frozen indices have been deprecated. Consider cold or frozen tiers in place of frozen indices."]
2023-08-04 12:56:42,451 INFO  [com.dot.ContainerResource] (docker-java-stream-824381349) STDOUT: 12:56:42.450  INFO  asset.WebAssetResource - User [dotcms.org.1] is requesting assets info for path [//site-1691153801820/folder2/subFolder2-1/subFolder2-1-1]
2023-08-04 12:56:42,456 INFO  [com.dot.ContainerResource] (docker-java-stream-824381349) STDOUT: 12:56:42.455  WARN  client.RestClient - request [POST http://elasticsearch:9200/cluster_51b0cac1ff.working_20230804125536/_search?typed_keys=true&max_concurrent_shard_requests=5&ignore_unavailable=false&expand_wildcards=open&allow_no_indices=true&ignore_throttled=true&search_type=query_then_fetch&batched_reduce_size=512&ccs_minimize_roundtrips=true] returned 2 warnings: [299 Elasticsearch-7.16.1-5b38441b16b1ebb16a27c107a4c3865776e20c53 "Elasticsearch built-in security features are not enabled. Without authentication, your cluster could be accessible to anyone. See https://www.elastic.co/guide/en/elasticsearch/reference/7.16/security-minimal-setup.html to enable security."],[299 Elasticsearch-7.16.1-5b38441b16b1ebb16a27c107a4c3865776e20c53 "[ignore_throttled] parameter is deprecated because frozen indices have been deprecated. Consider cold or frozen tiers in place of frozen indices."]
2023-08-04 12:56:42,464 INFO  [com.dot.ContainerResource] (docker-java-stream-824381349) STDOUT: 12:56:42.463  INFO  asset.WebAssetResource - User [dotcms.org.1] is requesting assets info for path [//site-1691153801820/folder2/subFolder2-1/subFolder2-1-2]
2023-08-04 12:56:42,469 INFO  [com.dot.ContainerResource] (docker-java-stream-824381349) STDOUT: 12:56:42.469  WARN  client.RestClient - request [POST http://elasticsearch:9200/cluster_51b0cac1ff.working_20230804125536/_search?typed_keys=true&max_concurrent_shard_requests=5&ignore_unavailable=false&expand_wildcards=open&allow_no_indices=true&ignore_throttled=true&search_type=query_then_fetch&batched_reduce_size=512&ccs_minimize_roundtrips=true] returned 2 warnings: [299 Elasticsearch-7.16.1-5b38441b16b1ebb16a27c107a4c3865776e20c53 "Elasticsearch built-in security features are not enabled. Without authentication, your cluster could be accessible to anyone. See https://www.elastic.co/guide/en/elasticsearch/reference/7.16/security-minimal-setup.html to enable security."],[299 Elasticsearch-7.16.1-5b38441b16b1ebb16a27c107a4c3865776e20c53 "[ignore_throttled] parameter is deprecated because frozen indices have been deprecated. Consider cold or frozen tiers in place of frozen indices."]
2023-08-04 12:56:42,476 INFO  [com.dot.ContainerResource] (docker-java-stream-824381349) STDOUT: 12:56:42.475  INFO  asset.WebAssetResource - User [dotcms.org.1] is requesting assets info for path [//site-1691153801820/folder2/subFolder2-1/subFolder2-1-3]
2023-08-04 12:56:42,483 INFO  [com.dot.ContainerResource] (docker-java-stream-824381349) STDOUT: 12:56:42.483  WARN  client.RestClient - request [POST http://elasticsearch:9200/cluster_51b0cac1ff.working_20230804125536/_search?typed_keys=true&max_concurrent_shard_requests=5&ignore_unavailable=false&expand_wildcards=open&allow_no_indices=true&ignore_throttled=true&search_type=query_then_fetch&batched_reduce_size=512&ccs_minimize_roundtrips=true] returned 2 warnings: [299 Elasticsearch-7.16.1-5b38441b16b1ebb16a27c107a4c3865776e20c53 "Elasticsearch built-in security features are not enabled. Without authentication, your cluster could be accessible to anyone. See https://www.elastic.co/guide/en/elasticsearch/reference/7.16/security-minimal-setup.html to enable security."],[299 Elasticsearch-7.16.1-5b38441b16b1ebb16a27c107a4c3865776e20c53 "[ignore_throttled] parameter is deprecated because frozen indices have been deprecated. Consider cold or frozen tiers in place of frozen indices."]
]]></system-out>
  </testcase>
  <testcase name="Test_Exclude3" classname="com.dotcms.api.traversal.FolderTraversalServiceIntegrationTest" time="1.364">
    <system-out><![CDATA[2023-08-04 12:56:43,238 INFO  [com.dot.ContainerResource] (docker-java-stream-824381349) STDOUT: 12:56:43.238  INFO  util.SecurityLogger - class com.dotcms.cms.login.LoginServiceAPIFactory$LoginServiceImpl : User dotcms.org.1 has successfully login from IP: 172.18.0.1 -- ip:172.18.0.1,user:Admin User [ID: dotcms.org.1][email:admin@dotcms.com]
2023-08-04 12:56:43,239 INFO  [com.dot.ContainerResource] (docker-java-stream-824381349) STDOUT: 12:56:43.238  INFO  util.SecurityLogger - class com.dotcms.rest.api.v1.authentication.CreateJsonWebTokenResource : A Json Web Token admin@dotcms.com is being created from IP: 172.18.0.1 -- ip:172.18.0.1,user:Admin User [ID: dotcms.org.1][email:admin@dotcms.com]
2023-08-04 12:56:43,248 INFO  [com.dot.ContainerResource] (docker-java-stream-824381349) STDOUT: 12:56:43.248  INFO  util.ActivityLogger - class com.dotcms.content.elasticsearch.business.ESContentletAPIImpl: system : Saving Content , StartDate: N/D; EndDate: N/D; User:dotcms.org.1; ContentIdentifier: 
2023-08-04 12:56:43,254 INFO  [com.dot.ContainerResource] (docker-java-stream-824381349) STDOUT: 12:56:43.253  WARN  client.RestClient - request [POST http://elasticsearch:9200/cluster_51b0cac1ff.working_20230804125536/_search?typed_keys=true&max_concurrent_shard_requests=5&ignore_unavailable=false&expand_wildcards=open&allow_no_indices=true&ignore_throttled=true&search_type=query_then_fetch&batched_reduce_size=512&ccs_minimize_roundtrips=true] returned 2 warnings: [299 Elasticsearch-7.16.1-5b38441b16b1ebb16a27c107a4c3865776e20c53 "Elasticsearch built-in security features are not enabled. Without authentication, your cluster could be accessible to anyone. See https://www.elastic.co/guide/en/elasticsearch/reference/7.16/security-minimal-setup.html to enable security."],[299 Elasticsearch-7.16.1-5b38441b16b1ebb16a27c107a4c3865776e20c53 "[ignore_throttled] parameter is deprecated because frozen indices have been deprecated. Consider cold or frozen tiers in place of frozen indices."]
2023-08-04 12:56:43,258 INFO  [com.dot.ContainerResource] (docker-java-stream-824381349) STDOUT: 12:56:43.258  WARN  client.RestClient - request [POST http://elasticsearch:9200/cluster_51b0cac1ff.live_20230804125536/_search?typed_keys=true&max_concurrent_shard_requests=5&ignore_unavailable=false&expand_wildcards=open&allow_no_indices=true&ignore_throttled=true&search_type=query_then_fetch&batched_reduce_size=512&ccs_minimize_roundtrips=true] returned 2 warnings: [299 Elasticsearch-7.16.1-5b38441b16b1ebb16a27c107a4c3865776e20c53 "Elasticsearch built-in security features are not enabled. Without authentication, your cluster could be accessible to anyone. See https://www.elastic.co/guide/en/elasticsearch/reference/7.16/security-minimal-setup.html to enable security."],[299 Elasticsearch-7.16.1-5b38441b16b1ebb16a27c107a4c3865776e20c53 "[ignore_throttled] parameter is deprecated because frozen indices have been deprecated. Consider cold or frozen tiers in place of frozen indices."]
2023-08-04 12:56:43,260 INFO  [com.dot.ContainerResource] (docker-java-stream-824381349) STDOUT: 12:56:43.260  INFO  business.IdentifierAPIImpl - Creating new identifier for versionable asset of type `content` and title `site-1691153803243` 
2023-08-04 12:56:43,261 INFO  [com.dot.ContainerResource] (docker-java-stream-824381349) STDOUT: 12:56:43.260  INFO  business.DeterministicIdentifierAPIImpl - hashing id: host:system host/site-1691153803243 to f64ede8504e85286375b400b454468e6
2023-08-04 12:56:43,282 INFO  [com.dot.ContainerResource] (docker-java-stream-824381349) STDOUT: 12:56:43.281  INFO  business.ContentletIndexAPIImpl - Indexing: f64ede8504e85286375b400b454468e6 : site-1691153803243, includeDependencies: true, policy: DEFER
2023-08-04 12:56:43,282 INFO  [com.dot.ContainerResource] (docker-java-stream-824381349) STDOUT: 12:56:43.282  INFO  reindex.ReindexQueueAPIImpl - addIdentifierReindex: f64ede8504e85286375b400b454468e6
2023-08-04 12:56:43,311 INFO  [com.dot.ContainerResource] (docker-java-stream-824381349) STDOUT: 12:56:43.310  INFO  util.ActivityLogger - class com.dotcms.content.elasticsearch.business.ESContentletAPIImpl: System Host : Content Saved , StartDate: N/D; EndDate: N/D; User:dotcms.org.1; ContentIdentifier: f64ede8504e85286375b400b454468e6
2023-08-04 12:56:43,314 INFO  [com.dot.ContainerResource] (docker-java-stream-824381349) STDOUT: 12:56:43.313  INFO  reindex.ReindexThread - --- Unpausing reindex thread 
2023-08-04 12:56:43,329 INFO  [com.dot.ContainerResource] (docker-java-stream-824381349) STDOUT: 12:56:43.328  INFO  util.ActivityLogger - class com.dotcms.content.elasticsearch.business.ESContentletAPIImpl: System Host : Publishing Content , StartDate: N/D; EndDate: N/D; User:dotcms.org.1; ContentIdentifier: f64ede8504e85286375b400b454468e6
2023-08-04 12:56:43,334 INFO  [com.dot.ContainerResource] (docker-java-stream-824381349) STDOUT: 12:56:43.334  INFO  business.ContentletIndexAPIImpl - Indexing: f64ede8504e85286375b400b454468e6 : site-1691153803243, includeDependencies: true, policy: DEFER
2023-08-04 12:56:43,335 INFO  [com.dot.ContainerResource] (docker-java-stream-824381349) STDOUT: 12:56:43.334  INFO  reindex.ReindexQueueAPIImpl - addIdentifierReindex: f64ede8504e85286375b400b454468e6
2023-08-04 12:56:43,357 INFO  [com.dot.ContainerResource] (docker-java-stream-824381349) STDOUT: 12:56:43.356  INFO  util.ActivityLogger - class com.dotcms.content.elasticsearch.business.ESContentletAPIImpl: System Host : Content Published , StartDate: N/D; EndDate: N/D; User:dotcms.org.1; ContentIdentifier: f64ede8504e85286375b400b454468e6
2023-08-04 12:56:43,369 INFO  [com.dot.ContainerResource] (docker-java-stream-824381349) STDOUT: 12:56:43.368  INFO  business.DeterministicIdentifierAPIImpl - hashing id: folder:site-1691153803243/folder1 to 25ed230c4705f6a7828c1277c0a4fa86
2023-08-04 12:56:43,374 INFO  [com.dot.ContainerResource] (docker-java-stream-824381349) STDOUT: 12:56:43.373  INFO  business.DeterministicIdentifierAPIImpl - hashing id: folder:site-1691153803243/folder1/subfolder1-1 to 2bce6d33ef4e1526719ffc0b74d4d1d6
2023-08-04 12:56:43,379 INFO  [com.dot.ContainerResource] (docker-java-stream-824381349) STDOUT: 12:56:43.378  INFO  business.DeterministicIdentifierAPIImpl - hashing id: folder:site-1691153803243/folder1/subfolder1-1/subfolder1-1-1 to 7480aa349382da747f95fa90d1950f19
2023-08-04 12:56:43,385 INFO  [com.dot.ContainerResource] (docker-java-stream-824381349) STDOUT: 12:56:43.385  INFO  business.DeterministicIdentifierAPIImpl - hashing id: folder:site-1691153803243/folder1/subfolder1-1/subfolder1-1-2 to 6bbf8d28ace9e797aaa37bea1e71d263
2023-08-04 12:56:43,391 INFO  [com.dot.ContainerResource] (docker-java-stream-824381349) STDOUT: 12:56:43.390  INFO  business.DeterministicIdentifierAPIImpl - hashing id: folder:site-1691153803243/folder1/subfolder1-1/subfolder1-1-3 to 03574e9c84c98d3372427c147fa3da8a
2023-08-04 12:56:43,395 INFO  [com.dot.ContainerResource] (docker-java-stream-824381349) STDOUT: 12:56:43.395  INFO  business.DeterministicIdentifierAPIImpl - hashing id: folder:site-1691153803243/folder1/subfolder1-2 to bfdaf5524bc4885f2ae90ca67aae34a9
2023-08-04 12:56:43,399 INFO  [com.dot.ContainerResource] (docker-java-stream-824381349) STDOUT: 12:56:43.399  INFO  business.DeterministicIdentifierAPIImpl - hashing id: folder:site-1691153803243/folder1/subfolder1-2/subfolder1-2-1 to 953d19bcd8bc4046480b4d10a8416123
2023-08-04 12:56:43,405 INFO  [com.dot.ContainerResource] (docker-java-stream-824381349) STDOUT: 12:56:43.405  INFO  business.DeterministicIdentifierAPIImpl - hashing id: folder:site-1691153803243/folder1/subfolder1-2/subfolder1-2-2 to c45fb182ca398769eac8beedc086bef7
2023-08-04 12:56:43,410 INFO  [com.dot.ContainerResource] (docker-java-stream-824381349) STDOUT: 12:56:43.410  INFO  business.DeterministicIdentifierAPIImpl - hashing id: folder:site-1691153803243/folder1/subfolder1-2/subfolder1-2-3 to ba300d387ceb181f9028372a6c1357c7
2023-08-04 12:56:43,415 INFO  [com.dot.ContainerResource] (docker-java-stream-824381349) STDOUT: 12:56:43.415  INFO  business.DeterministicIdentifierAPIImpl - hashing id: folder:site-1691153803243/folder1/subfolder1-3 to f4d903b8c46db56172016df0b4e4f9df
2023-08-04 12:56:43,421 INFO  [com.dot.ContainerResource] (docker-java-stream-824381349) STDOUT: 12:56:43.421  INFO  business.DeterministicIdentifierAPIImpl - hashing id: folder:site-1691153803243/folder2 to a9d2128bad0162e24c8b68b525994fde
2023-08-04 12:56:43,427 INFO  [com.dot.ContainerResource] (docker-java-stream-824381349) STDOUT: 12:56:43.425  INFO  business.DeterministicIdentifierAPIImpl - hashing id: folder:site-1691153803243/folder2/subfolder2-1 to eb4c8f4c9f51e6d42fa4b6a99a2a1ba3
2023-08-04 12:56:43,430 INFO  [com.dot.ContainerResource] (docker-java-stream-824381349) STDOUT: 12:56:43.430  INFO  business.DeterministicIdentifierAPIImpl - hashing id: folder:site-1691153803243/folder2/subfolder2-1/subfolder2-1-1 to 992027df83eb1a9eed17d74594b89354
2023-08-04 12:56:43,436 INFO  [com.dot.ContainerResource] (docker-java-stream-824381349) STDOUT: 12:56:43.436  INFO  business.DeterministicIdentifierAPIImpl - hashing id: folder:site-1691153803243/folder2/subfolder2-1/subfolder2-1-2 to ee7393afa2d6a44d7814fb12240c3687
2023-08-04 12:56:43,441 INFO  [com.dot.ContainerResource] (docker-java-stream-824381349) STDOUT: 12:56:43.441  INFO  business.DeterministicIdentifierAPIImpl - hashing id: folder:site-1691153803243/folder2/subfolder2-1/subfolder2-1-3 to 663b93baad1d548bd2ed39de12313953
2023-08-04 12:56:43,446 INFO  [com.dot.ContainerResource] (docker-java-stream-824381349) STDOUT: 12:56:43.446  INFO  business.DeterministicIdentifierAPIImpl - hashing id: folder:site-1691153803243/folder2/subfolder2-2 to c398b6288559911075ee80f573c42e3c
2023-08-04 12:56:43,451 INFO  [com.dot.ContainerResource] (docker-java-stream-824381349) STDOUT: 12:56:43.451  INFO  business.DeterministicIdentifierAPIImpl - hashing id: folder:site-1691153803243/folder2/subfolder2-3 to 123264fc70a327f52d0198c4c3a918a5
2023-08-04 12:56:43,457 INFO  [com.dot.ContainerResource] (docker-java-stream-824381349) STDOUT: 12:56:43.457  INFO  business.DeterministicIdentifierAPIImpl - hashing id: folder:site-1691153803243/folder3 to 95106b574feec355a7f4b52ce4b0a763
2023-08-04 12:56:43,479 INFO  [com.dot.ContainerResource] (docker-java-stream-824381349) STDOUT: 12:56:43.479  INFO  asset.WebAssetResource - User [dotcms.org.1] is requesting assets info for path [//site-1691153803243/]
2023-08-04 12:56:43,492 INFO  [com.dot.ContainerResource] (docker-java-stream-824381349) STDOUT: 12:56:43.492  WARN  client.RestClient - request [POST http://elasticsearch:9200/cluster_51b0cac1ff.working_20230804125536/_search?typed_keys=true&max_concurrent_shard_requests=5&ignore_unavailable=false&expand_wildcards=open&allow_no_indices=true&ignore_throttled=true&search_type=query_then_fetch&batched_reduce_size=512&ccs_minimize_roundtrips=true] returned 2 warnings: [299 Elasticsearch-7.16.1-5b38441b16b1ebb16a27c107a4c3865776e20c53 "Elasticsearch built-in security features are not enabled. Without authentication, your cluster could be accessible to anyone. See https://www.elastic.co/guide/en/elasticsearch/reference/7.16/security-minimal-setup.html to enable security."],[299 Elasticsearch-7.16.1-5b38441b16b1ebb16a27c107a4c3865776e20c53 "[ignore_throttled] parameter is deprecated because frozen indices have been deprecated. Consider cold or frozen tiers in place of frozen indices."]
2023-08-04 12:56:43,512 INFO  [com.dot.ContainerResource] (docker-java-stream-824381349) STDOUT: 12:56:43.506  INFO  asset.WebAssetResource - User [dotcms.org.1] is requesting assets info for path [//site-1691153803243/folder1]
2023-08-04 12:56:43,519 INFO  [com.dot.ContainerResource] (docker-java-stream-824381349) STDOUT: 12:56:43.519  WARN  client.RestClient - request [POST http://elasticsearch:9200/cluster_51b0cac1ff.working_20230804125536/_search?typed_keys=true&max_concurrent_shard_requests=5&ignore_unavailable=false&expand_wildcards=open&allow_no_indices=true&ignore_throttled=true&search_type=query_then_fetch&batched_reduce_size=512&ccs_minimize_roundtrips=true] returned 2 warnings: [299 Elasticsearch-7.16.1-5b38441b16b1ebb16a27c107a4c3865776e20c53 "Elasticsearch built-in security features are not enabled. Without authentication, your cluster could be accessible to anyone. See https://www.elastic.co/guide/en/elasticsearch/reference/7.16/security-minimal-setup.html to enable security."],[299 Elasticsearch-7.16.1-5b38441b16b1ebb16a27c107a4c3865776e20c53 "[ignore_throttled] parameter is deprecated because frozen indices have been deprecated. Consider cold or frozen tiers in place of frozen indices."]
2023-08-04 12:56:43,527 INFO  [com.dot.ContainerResource] (docker-java-stream-824381349) STDOUT: 12:56:43.526  INFO  asset.WebAssetResource - User [dotcms.org.1] is requesting assets info for path [//site-1691153803243/folder2]
2023-08-04 12:56:43,532 INFO  [com.dot.ContainerResource] (docker-java-stream-824381349) STDOUT: 12:56:43.531  WARN  client.RestClient - request [POST http://elasticsearch:9200/cluster_51b0cac1ff.working_20230804125536/_search?typed_keys=true&max_concurrent_shard_requests=5&ignore_unavailable=false&expand_wildcards=open&allow_no_indices=true&ignore_throttled=true&search_type=query_then_fetch&batched_reduce_size=512&ccs_minimize_roundtrips=true] returned 2 warnings: [299 Elasticsearch-7.16.1-5b38441b16b1ebb16a27c107a4c3865776e20c53 "Elasticsearch built-in security features are not enabled. Without authentication, your cluster could be accessible to anyone. See https://www.elastic.co/guide/en/elasticsearch/reference/7.16/security-minimal-setup.html to enable security."],[299 Elasticsearch-7.16.1-5b38441b16b1ebb16a27c107a4c3865776e20c53 "[ignore_throttled] parameter is deprecated because frozen indices have been deprecated. Consider cold or frozen tiers in place of frozen indices."]
2023-08-04 12:56:43,546 INFO  [com.dot.ContainerResource] (docker-java-stream-824381349) STDOUT: 12:56:43.546  INFO  reindex.BulkProcessorListener - -----------
2023-08-04 12:56:43,547 INFO  [com.dot.ContainerResource] (docker-java-stream-824381349) STDOUT: 12:56:43.546  INFO  reindex.BulkProcessorListener - Reindexing Server #  : 1 of 1
2023-08-04 12:56:43,547 INFO  [com.dot.ContainerResource] (docker-java-stream-824381349) STDOUT: 12:56:43.546  INFO  reindex.BulkProcessorListener - Total Indexed        : 0
2023-08-04 12:56:43,547 INFO  [com.dot.ContainerResource] (docker-java-stream-824381349) STDOUT: 12:56:43.546  INFO  reindex.BulkProcessorListener - ReindexEntries found : 1
2023-08-04 12:56:43,548 INFO  [com.dot.ContainerResource] (docker-java-stream-824381349) STDOUT: 12:56:43.546  INFO  reindex.BulkProcessorListener - BulkRequests created : 2
2023-08-04 12:56:43,548 INFO  [com.dot.ContainerResource] (docker-java-stream-824381349) STDOUT: 12:56:43.546  INFO  reindex.BulkProcessorListener - -----------
2023-08-04 12:56:43,551 INFO  [com.dot.ContainerResource] (docker-java-stream-824381349) STDOUT: 12:56:43.550  INFO  asset.WebAssetResource - User [dotcms.org.1] is requesting assets info for path [//site-1691153803243/folder3]
2023-08-04 12:56:43,562 INFO  [com.dot.ContainerResource] (docker-java-stream-824381349) STDOUT: 12:56:43.562  WARN  client.RestClient - request [POST http://elasticsearch:9200/_bulk?timeout=1m] returned 1 warnings: [299 Elasticsearch-7.16.1-5b38441b16b1ebb16a27c107a4c3865776e20c53 "Elasticsearch built-in security features are not enabled. Without authentication, your cluster could be accessible to anyone. See https://www.elastic.co/guide/en/elasticsearch/reference/7.16/security-minimal-setup.html to enable security."]
2023-08-04 12:56:43,569 INFO  [com.dot.ContainerResource] (docker-java-stream-824381349) STDOUT: 12:56:43.568  WARN  client.RestClient - request [POST http://elasticsearch:9200/cluster_51b0cac1ff.working_20230804125536/_search?typed_keys=true&max_concurrent_shard_requests=5&ignore_unavailable=false&expand_wildcards=open&allow_no_indices=true&ignore_throttled=true&search_type=query_then_fetch&batched_reduce_size=512&ccs_minimize_roundtrips=true] returned 2 warnings: [299 Elasticsearch-7.16.1-5b38441b16b1ebb16a27c107a4c3865776e20c53 "Elasticsearch built-in security features are not enabled. Without authentication, your cluster could be accessible to anyone. See https://www.elastic.co/guide/en/elasticsearch/reference/7.16/security-minimal-setup.html to enable security."],[299 Elasticsearch-7.16.1-5b38441b16b1ebb16a27c107a4c3865776e20c53 "[ignore_throttled] parameter is deprecated because frozen indices have been deprecated. Consider cold or frozen tiers in place of frozen indices."]
2023-08-04 12:56:43,577 INFO  [com.dot.ContainerResource] (docker-java-stream-824381349) STDOUT: 12:56:43.575  INFO  asset.WebAssetResource - User [dotcms.org.1] is requesting assets info for path [//site-1691153803243/folder1/subFolder1-1]
2023-08-04 12:56:43,582 INFO  [com.dot.ContainerResource] (docker-java-stream-824381349) STDOUT: 12:56:43.580  WARN  client.RestClient - request [POST http://elasticsearch:9200/cluster_51b0cac1ff.working_20230804125536/_search?typed_keys=true&max_concurrent_shard_requests=5&ignore_unavailable=false&expand_wildcards=open&allow_no_indices=true&ignore_throttled=true&search_type=query_then_fetch&batched_reduce_size=512&ccs_minimize_roundtrips=true] returned 2 warnings: [299 Elasticsearch-7.16.1-5b38441b16b1ebb16a27c107a4c3865776e20c53 "Elasticsearch built-in security features are not enabled. Without authentication, your cluster could be accessible to anyone. See https://www.elastic.co/guide/en/elasticsearch/reference/7.16/security-minimal-setup.html to enable security."],[299 Elasticsearch-7.16.1-5b38441b16b1ebb16a27c107a4c3865776e20c53 "[ignore_throttled] parameter is deprecated because frozen indices have been deprecated. Consider cold or frozen tiers in place of frozen indices."]
2023-08-04 12:56:43,596 INFO  [com.dot.ContainerResource] (docker-java-stream-824381349) STDOUT: 12:56:43.590  INFO  asset.WebAssetResource - User [dotcms.org.1] is requesting assets info for path [//site-1691153803243/folder1/subFolder1-2]
2023-08-04 12:56:43,609 INFO  [com.dot.ContainerResource] (docker-java-stream-824381349) STDOUT: 12:56:43.604  WARN  client.RestClient - request [POST http://elasticsearch:9200/cluster_51b0cac1ff.working_20230804125536/_search?typed_keys=true&max_concurrent_shard_requests=5&ignore_unavailable=false&expand_wildcards=open&allow_no_indices=true&ignore_throttled=true&search_type=query_then_fetch&batched_reduce_size=512&ccs_minimize_roundtrips=true] returned 2 warnings: [299 Elasticsearch-7.16.1-5b38441b16b1ebb16a27c107a4c3865776e20c53 "Elasticsearch built-in security features are not enabled. Without authentication, your cluster could be accessible to anyone. See https://www.elastic.co/guide/en/elasticsearch/reference/7.16/security-minimal-setup.html to enable security."],[299 Elasticsearch-7.16.1-5b38441b16b1ebb16a27c107a4c3865776e20c53 "[ignore_throttled] parameter is deprecated because frozen indices have been deprecated. Consider cold or frozen tiers in place of frozen indices."]
2023-08-04 12:56:43,619 INFO  [com.dot.ContainerResource] (docker-java-stream-824381349) STDOUT: 12:56:43.611  INFO  asset.WebAssetResource - User [dotcms.org.1] is requesting assets info for path [//site-1691153803243/folder1/subFolder1-3]
2023-08-04 12:56:43,628 INFO  [com.dot.ContainerResource] (docker-java-stream-824381349) STDOUT: 12:56:43.628  WARN  client.RestClient - request [POST http://elasticsearch:9200/cluster_51b0cac1ff.working_20230804125536/_search?typed_keys=true&max_concurrent_shard_requests=5&ignore_unavailable=false&expand_wildcards=open&allow_no_indices=true&ignore_throttled=true&search_type=query_then_fetch&batched_reduce_size=512&ccs_minimize_roundtrips=true] returned 2 warnings: [299 Elasticsearch-7.16.1-5b38441b16b1ebb16a27c107a4c3865776e20c53 "Elasticsearch built-in security features are not enabled. Without authentication, your cluster could be accessible to anyone. See https://www.elastic.co/guide/en/elasticsearch/reference/7.16/security-minimal-setup.html to enable security."],[299 Elasticsearch-7.16.1-5b38441b16b1ebb16a27c107a4c3865776e20c53 "[ignore_throttled] parameter is deprecated because frozen indices have been deprecated. Consider cold or frozen tiers in place of frozen indices."]
2023-08-04 12:56:43,643 INFO  [com.dot.ContainerResource] (docker-java-stream-824381349) STDOUT: 12:56:43.642  INFO  asset.WebAssetResource - User [dotcms.org.1] is requesting assets info for path [//site-1691153803243/folder1/subFolder1-1/subFolder1-1-1]
2023-08-04 12:56:43,676 INFO  [com.dot.ContainerResource] (docker-java-stream-824381349) STDOUT: 12:56:43.675  WARN  client.RestClient - request [POST http://elasticsearch:9200/cluster_51b0cac1ff.working_20230804125536/_search?typed_keys=true&max_concurrent_shard_requests=5&ignore_unavailable=false&expand_wildcards=open&allow_no_indices=true&ignore_throttled=true&search_type=query_then_fetch&batched_reduce_size=512&ccs_minimize_roundtrips=true] returned 2 warnings: [299 Elasticsearch-7.16.1-5b38441b16b1ebb16a27c107a4c3865776e20c53 "Elasticsearch built-in security features are not enabled. Without authentication, your cluster could be accessible to anyone. See https://www.elastic.co/guide/en/elasticsearch/reference/7.16/security-minimal-setup.html to enable security."],[299 Elasticsearch-7.16.1-5b38441b16b1ebb16a27c107a4c3865776e20c53 "[ignore_throttled] parameter is deprecated because frozen indices have been deprecated. Consider cold or frozen tiers in place of frozen indices."]
2023-08-04 12:56:43,692 INFO  [com.dot.ContainerResource] (docker-java-stream-824381349) STDOUT: 12:56:43.691  INFO  asset.WebAssetResource - User [dotcms.org.1] is requesting assets info for path [//site-1691153803243/folder1/subFolder1-1/subFolder1-1-2]
2023-08-04 12:56:43,697 INFO  [com.dot.ContainerResource] (docker-java-stream-824381349) STDOUT: 12:56:43.696  WARN  client.RestClient - request [POST http://elasticsearch:9200/cluster_51b0cac1ff.working_20230804125536/_search?typed_keys=true&max_concurrent_shard_requests=5&ignore_unavailable=false&expand_wildcards=open&allow_no_indices=true&ignore_throttled=true&search_type=query_then_fetch&batched_reduce_size=512&ccs_minimize_roundtrips=true] returned 2 warnings: [299 Elasticsearch-7.16.1-5b38441b16b1ebb16a27c107a4c3865776e20c53 "Elasticsearch built-in security features are not enabled. Without authentication, your cluster could be accessible to anyone. See https://www.elastic.co/guide/en/elasticsearch/reference/7.16/security-minimal-setup.html to enable security."],[299 Elasticsearch-7.16.1-5b38441b16b1ebb16a27c107a4c3865776e20c53 "[ignore_throttled] parameter is deprecated because frozen indices have been deprecated. Consider cold or frozen tiers in place of frozen indices."]
2023-08-04 12:56:43,706 INFO  [com.dot.ContainerResource] (docker-java-stream-824381349) STDOUT: 12:56:43.705  INFO  asset.WebAssetResource - User [dotcms.org.1] is requesting assets info for path [//site-1691153803243/folder1/subFolder1-1/subFolder1-1-3]
2023-08-04 12:56:43,710 INFO  [com.dot.ContainerResource] (docker-java-stream-824381349) STDOUT: 12:56:43.709  WARN  client.RestClient - request [POST http://elasticsearch:9200/cluster_51b0cac1ff.working_20230804125536/_search?typed_keys=true&max_concurrent_shard_requests=5&ignore_unavailable=false&expand_wildcards=open&allow_no_indices=true&ignore_throttled=true&search_type=query_then_fetch&batched_reduce_size=512&ccs_minimize_roundtrips=true] returned 2 warnings: [299 Elasticsearch-7.16.1-5b38441b16b1ebb16a27c107a4c3865776e20c53 "Elasticsearch built-in security features are not enabled. Without authentication, your cluster could be accessible to anyone. See https://www.elastic.co/guide/en/elasticsearch/reference/7.16/security-minimal-setup.html to enable security."],[299 Elasticsearch-7.16.1-5b38441b16b1ebb16a27c107a4c3865776e20c53 "[ignore_throttled] parameter is deprecated because frozen indices have been deprecated. Consider cold or frozen tiers in place of frozen indices."]
2023-08-04 12:56:43,718 INFO  [com.dot.ContainerResource] (docker-java-stream-824381349) STDOUT: 12:56:43.718  INFO  asset.WebAssetResource - User [dotcms.org.1] is requesting assets info for path [//site-1691153803243/folder1/subFolder1-2/subFolder1-2-1]
2023-08-04 12:56:43,725 INFO  [com.dot.ContainerResource] (docker-java-stream-824381349) STDOUT: 12:56:43.725  WARN  client.RestClient - request [POST http://elasticsearch:9200/cluster_51b0cac1ff.working_20230804125536/_search?typed_keys=true&max_concurrent_shard_requests=5&ignore_unavailable=false&expand_wildcards=open&allow_no_indices=true&ignore_throttled=true&search_type=query_then_fetch&batched_reduce_size=512&ccs_minimize_roundtrips=true] returned 2 warnings: [299 Elasticsearch-7.16.1-5b38441b16b1ebb16a27c107a4c3865776e20c53 "Elasticsearch built-in security features are not enabled. Without authentication, your cluster could be accessible to anyone. See https://www.elastic.co/guide/en/elasticsearch/reference/7.16/security-minimal-setup.html to enable security."],[299 Elasticsearch-7.16.1-5b38441b16b1ebb16a27c107a4c3865776e20c53 "[ignore_throttled] parameter is deprecated because frozen indices have been deprecated. Consider cold or frozen tiers in place of frozen indices."]
2023-08-04 12:56:43,736 INFO  [com.dot.ContainerResource] (docker-java-stream-824381349) STDOUT: 12:56:43.735  INFO  asset.WebAssetResource - User [dotcms.org.1] is requesting assets info for path [//site-1691153803243/folder1/subFolder1-2/subFolder1-2-2]
2023-08-04 12:56:43,740 INFO  [com.dot.ContainerResource] (docker-java-stream-824381349) STDOUT: 12:56:43.740  WARN  client.RestClient - request [POST http://elasticsearch:9200/cluster_51b0cac1ff.working_20230804125536/_search?typed_keys=true&max_concurrent_shard_requests=5&ignore_unavailable=false&expand_wildcards=open&allow_no_indices=true&ignore_throttled=true&search_type=query_then_fetch&batched_reduce_size=512&ccs_minimize_roundtrips=true] returned 2 warnings: [299 Elasticsearch-7.16.1-5b38441b16b1ebb16a27c107a4c3865776e20c53 "Elasticsearch built-in security features are not enabled. Without authentication, your cluster could be accessible to anyone. See https://www.elastic.co/guide/en/elasticsearch/reference/7.16/security-minimal-setup.html to enable security."],[299 Elasticsearch-7.16.1-5b38441b16b1ebb16a27c107a4c3865776e20c53 "[ignore_throttled] parameter is deprecated because frozen indices have been deprecated. Consider cold or frozen tiers in place of frozen indices."]
2023-08-04 12:56:43,746 INFO  [com.dot.ContainerResource] (docker-java-stream-824381349) STDOUT: 12:56:43.746  INFO  asset.WebAssetResource - User [dotcms.org.1] is requesting assets info for path [//site-1691153803243/folder1/subFolder1-2/subFolder1-2-3]
2023-08-04 12:56:43,751 INFO  [com.dot.ContainerResource] (docker-java-stream-824381349) STDOUT: 12:56:43.750  WARN  client.RestClient - request [POST http://elasticsearch:9200/cluster_51b0cac1ff.working_20230804125536/_search?typed_keys=true&max_concurrent_shard_requests=5&ignore_unavailable=false&expand_wildcards=open&allow_no_indices=true&ignore_throttled=true&search_type=query_then_fetch&batched_reduce_size=512&ccs_minimize_roundtrips=true] returned 2 warnings: [299 Elasticsearch-7.16.1-5b38441b16b1ebb16a27c107a4c3865776e20c53 "Elasticsearch built-in security features are not enabled. Without authentication, your cluster could be accessible to anyone. See https://www.elastic.co/guide/en/elasticsearch/reference/7.16/security-minimal-setup.html to enable security."],[299 Elasticsearch-7.16.1-5b38441b16b1ebb16a27c107a4c3865776e20c53 "[ignore_throttled] parameter is deprecated because frozen indices have been deprecated. Consider cold or frozen tiers in place of frozen indices."]
2023-08-04 12:56:43,762 INFO  [com.dot.ContainerResource] (docker-java-stream-824381349) STDOUT: 12:56:43.762  INFO  asset.WebAssetResource - User [dotcms.org.1] is requesting assets info for path [//site-1691153803243/folder2/subFolder2-1]
2023-08-04 12:56:43,767 INFO  [com.dot.ContainerResource] (docker-java-stream-824381349) STDOUT: 12:56:43.767  WARN  client.RestClient - request [POST http://elasticsearch:9200/cluster_51b0cac1ff.working_20230804125536/_search?typed_keys=true&max_concurrent_shard_requests=5&ignore_unavailable=false&expand_wildcards=open&allow_no_indices=true&ignore_throttled=true&search_type=query_then_fetch&batched_reduce_size=512&ccs_minimize_roundtrips=true] returned 2 warnings: [299 Elasticsearch-7.16.1-5b38441b16b1ebb16a27c107a4c3865776e20c53 "Elasticsearch built-in security features are not enabled. Without authentication, your cluster could be accessible to anyone. See https://www.elastic.co/guide/en/elasticsearch/reference/7.16/security-minimal-setup.html to enable security."],[299 Elasticsearch-7.16.1-5b38441b16b1ebb16a27c107a4c3865776e20c53 "[ignore_throttled] parameter is deprecated because frozen indices have been deprecated. Consider cold or frozen tiers in place of frozen indices."]
2023-08-04 12:56:43,779 INFO  [com.dot.ContainerResource] (docker-java-stream-824381349) STDOUT: 12:56:43.779  INFO  asset.WebAssetResource - User [dotcms.org.1] is requesting assets info for path [//site-1691153803243/folder2/subFolder2-2]
2023-08-04 12:56:43,793 INFO  [com.dot.ContainerResource] (docker-java-stream-824381349) STDOUT: 12:56:43.784  WARN  client.RestClient - request [POST http://elasticsearch:9200/cluster_51b0cac1ff.working_20230804125536/_search?typed_keys=true&max_concurrent_shard_requests=5&ignore_unavailable=false&expand_wildcards=open&allow_no_indices=true&ignore_throttled=true&search_type=query_then_fetch&batched_reduce_size=512&ccs_minimize_roundtrips=true] returned 2 warnings: [299 Elasticsearch-7.16.1-5b38441b16b1ebb16a27c107a4c3865776e20c53 "Elasticsearch built-in security features are not enabled. Without authentication, your cluster could be accessible to anyone. See https://www.elastic.co/guide/en/elasticsearch/reference/7.16/security-minimal-setup.html to enable security."],[299 Elasticsearch-7.16.1-5b38441b16b1ebb16a27c107a4c3865776e20c53 "[ignore_throttled] parameter is deprecated because frozen indices have been deprecated. Consider cold or frozen tiers in place of frozen indices."]
2023-08-04 12:56:43,806 INFO  [com.dot.ContainerResource] (docker-java-stream-824381349) STDOUT: 12:56:43.806  INFO  asset.WebAssetResource - User [dotcms.org.1] is requesting assets info for path [//site-1691153803243/folder2/subFolder2-3]
2023-08-04 12:56:43,811 INFO  [com.dot.ContainerResource] (docker-java-stream-824381349) STDOUT: 12:56:43.810  WARN  client.RestClient - request [POST http://elasticsearch:9200/cluster_51b0cac1ff.working_20230804125536/_search?typed_keys=true&max_concurrent_shard_requests=5&ignore_unavailable=false&expand_wildcards=open&allow_no_indices=true&ignore_throttled=true&search_type=query_then_fetch&batched_reduce_size=512&ccs_minimize_roundtrips=true] returned 2 warnings: [299 Elasticsearch-7.16.1-5b38441b16b1ebb16a27c107a4c3865776e20c53 "Elasticsearch built-in security features are not enabled. Without authentication, your cluster could be accessible to anyone. See https://www.elastic.co/guide/en/elasticsearch/reference/7.16/security-minimal-setup.html to enable security."],[299 Elasticsearch-7.16.1-5b38441b16b1ebb16a27c107a4c3865776e20c53 "[ignore_throttled] parameter is deprecated because frozen indices have been deprecated. Consider cold or frozen tiers in place of frozen indices."]
2023-08-04 12:56:43,817 INFO  [com.dot.ContainerResource] (docker-java-stream-824381349) STDOUT: 12:56:43.817  INFO  asset.WebAssetResource - User [dotcms.org.1] is requesting assets info for path [//site-1691153803243/folder2/subFolder2-1/subFolder2-1-1]
2023-08-04 12:56:43,822 INFO  [com.dot.ContainerResource] (docker-java-stream-824381349) STDOUT: 12:56:43.821  WARN  client.RestClient - request [POST http://elasticsearch:9200/cluster_51b0cac1ff.working_20230804125536/_search?typed_keys=true&max_concurrent_shard_requests=5&ignore_unavailable=false&expand_wildcards=open&allow_no_indices=true&ignore_throttled=true&search_type=query_then_fetch&batched_reduce_size=512&ccs_minimize_roundtrips=true] returned 2 warnings: [299 Elasticsearch-7.16.1-5b38441b16b1ebb16a27c107a4c3865776e20c53 "Elasticsearch built-in security features are not enabled. Without authentication, your cluster could be accessible to anyone. See https://www.elastic.co/guide/en/elasticsearch/reference/7.16/security-minimal-setup.html to enable security."],[299 Elasticsearch-7.16.1-5b38441b16b1ebb16a27c107a4c3865776e20c53 "[ignore_throttled] parameter is deprecated because frozen indices have been deprecated. Consider cold or frozen tiers in place of frozen indices."]
2023-08-04 12:56:43,829 INFO  [com.dot.ContainerResource] (docker-java-stream-824381349) STDOUT: 12:56:43.829  INFO  asset.WebAssetResource - User [dotcms.org.1] is requesting assets info for path [//site-1691153803243/folder2/subFolder2-1/subFolder2-1-2]
2023-08-04 12:56:43,834 INFO  [com.dot.ContainerResource] (docker-java-stream-824381349) STDOUT: 12:56:43.834  WARN  client.RestClient - request [POST http://elasticsearch:9200/cluster_51b0cac1ff.working_20230804125536/_search?typed_keys=true&max_concurrent_shard_requests=5&ignore_unavailable=false&expand_wildcards=open&allow_no_indices=true&ignore_throttled=true&search_type=query_then_fetch&batched_reduce_size=512&ccs_minimize_roundtrips=true] returned 2 warnings: [299 Elasticsearch-7.16.1-5b38441b16b1ebb16a27c107a4c3865776e20c53 "Elasticsearch built-in security features are not enabled. Without authentication, your cluster could be accessible to anyone. See https://www.elastic.co/guide/en/elasticsearch/reference/7.16/security-minimal-setup.html to enable security."],[299 Elasticsearch-7.16.1-5b38441b16b1ebb16a27c107a4c3865776e20c53 "[ignore_throttled] parameter is deprecated because frozen indices have been deprecated. Consider cold or frozen tiers in place of frozen indices."]
2023-08-04 12:56:43,844 INFO  [com.dot.ContainerResource] (docker-java-stream-824381349) STDOUT: 12:56:43.844  INFO  asset.WebAssetResource - User [dotcms.org.1] is requesting assets info for path [//site-1691153803243/folder2/subFolder2-1/subFolder2-1-3]
2023-08-04 12:56:43,849 INFO  [com.dot.ContainerResource] (docker-java-stream-824381349) STDOUT: 12:56:43.849  WARN  client.RestClient - request [POST http://elasticsearch:9200/cluster_51b0cac1ff.working_20230804125536/_search?typed_keys=true&max_concurrent_shard_requests=5&ignore_unavailable=false&expand_wildcards=open&allow_no_indices=true&ignore_throttled=true&search_type=query_then_fetch&batched_reduce_size=512&ccs_minimize_roundtrips=true] returned 2 warnings: [299 Elasticsearch-7.16.1-5b38441b16b1ebb16a27c107a4c3865776e20c53 "Elasticsearch built-in security features are not enabled. Without authentication, your cluster could be accessible to anyone. See https://www.elastic.co/guide/en/elasticsearch/reference/7.16/security-minimal-setup.html to enable security."],[299 Elasticsearch-7.16.1-5b38441b16b1ebb16a27c107a4c3865776e20c53 "[ignore_throttled] parameter is deprecated because frozen indices have been deprecated. Consider cold or frozen tiers in place of frozen indices."]
]]></system-out>
  </testcase>
</testsuite>