<?xml version="1.0" encoding="UTF-8"?>
<testsuite xmlns:xsi="http://www.w3.org/2001/XMLSchema-instance" xsi:noNamespaceSchemaLocation="https://maven.apache.org/surefire/maven-surefire-plugin/xsd/surefire-test-report-3.0.xsd" version="3.0" name="com.dotcms.api.AssetAPIIntegrationTest" time="126.358" tests="5" errors="0" skipped="0" failures="0">
  <properties>
    <property name="awt.toolkit" value="sun.awt.X11.XToolkit"/>
    <property name="java.specification.version" value="11"/>
    <property name="sun.cpu.isalist" value=""/>
    <property name="test.url" value="http://localhost:8081"/>
    <property name="sun.jnu.encoding" value="UTF-8"/>
    <property name="java.class.path" value="/home/runner/work/core/core/tools/dotcms-cli/api-data-model/target/test-classes:/home/runner/work/core/core/tools/dotcms-cli/api-data-model/target/classes:/home/runner/.m2/repository/io/quarkus/quarkus-arc/2.9.1.Final/quarkus-arc-2.9.1.Final.jar:/home/runner/.m2/repository/io/quarkus/arc/arc/2.9.1.Final/arc-2.9.1.Final.jar:/home/runner/.m2/repository/jakarta/enterprise/jakarta.enterprise.cdi-api/2.0.2/jakarta.enterprise.cdi-api-2.0.2.jar:/home/runner/.m2/repository/jakarta/el/jakarta.el-api/3.0.3/jakarta.el-api-3.0.3.jar:/home/runner/.m2/repository/jakarta/annotation/jakarta.annotation-api/1.3.5/jakarta.annotation-api-1.3.5.jar:/home/runner/.m2/repository/jakarta/transaction/jakarta.transaction-api/1.3.3/jakarta.transaction-api-1.3.3.jar:/home/runner/.m2/repository/org/jboss/logging/jboss-logging/3.4.3.Final/jboss-logging-3.4.3.Final.jar:/home/runner/.m2/repository/io/quarkus/quarkus-core/2.9.1.Final/quarkus-core-2.9.1.Final.jar:/home/runner/.m2/repository/jakarta/inject/jakarta.inject-api/1.0/jakarta.inject-api-1.0.jar:/home/runner/.m2/repository/io/quarkus/quarkus-ide-launcher/2.9.1.Final/quarkus-ide-launcher-2.9.1.Final.jar:/home/runner/.m2/repository/io/quarkus/quarkus-development-mode-spi/2.9.1.Final/quarkus-development-mode-spi-2.9.1.Final.jar:/home/runner/.m2/repository/io/smallrye/config/smallrye-config/2.10.0/smallrye-config-2.10.0.jar:/home/runner/.m2/repository/io/smallrye/config/smallrye-config-core/2.10.0/smallrye-config-core-2.10.0.jar:/home/runner/.m2/repository/io/smallrye/common/smallrye-common-expression/1.11.0/smallrye-common-expression-1.11.0.jar:/home/runner/.m2/repository/io/smallrye/common/smallrye-common-function/1.11.0/smallrye-common-function-1.11.0.jar:/home/runner/.m2/repository/io/smallrye/common/smallrye-common-classloader/1.11.0/smallrye-common-classloader-1.11.0.jar:/home/runner/.m2/repository/io/smallrye/config/smallrye-config-common/2.10.0/smallrye-config-common-2.10.0.jar:/home/runner/.m2/repository/org/jboss/logmanager/jboss-logmanager-embedded/1.0.9/jboss-logmanager-embedded-1.0.9.jar:/home/runner/.m2/repository/org/jboss/logging/jboss-logging-annotations/2.2.1.Final/jboss-logging-annotations-2.2.1.Final.jar:/home/runner/.m2/repository/org/jboss/threads/jboss-threads/3.4.2.Final/jboss-threads-3.4.2.Final.jar:/home/runner/.m2/repository/org/jboss/slf4j/slf4j-jboss-logmanager/1.1.0.Final/slf4j-jboss-logmanager-1.1.0.Final.jar:/home/runner/.m2/repository/org/graalvm/sdk/graal-sdk/22.0.0.2/graal-sdk-22.0.0.2.jar:/home/runner/.m2/repository/org/wildfly/common/wildfly-common/1.5.4.Final-format-001/wildfly-common-1.5.4.Final-format-001.jar:/home/runner/.m2/repository/io/quarkus/quarkus-bootstrap-runner/2.9.1.Final/quarkus-bootstrap-runner-2.9.1.Final.jar:/home/runner/.m2/repository/io/quarkus/quarkus-fs-util/0.0.9/quarkus-fs-util-0.0.9.jar:/home/runner/.m2/repository/org/eclipse/microprofile/context-propagation/microprofile-context-propagation-api/1.2/microprofile-context-propagation-api-1.2.jar:/home/runner/.m2/repository/io/quarkus/quarkus-junit5/2.9.1.Final/quarkus-junit5-2.9.1.Final.jar:/home/runner/.m2/repository/io/quarkus/quarkus-bootstrap-core/2.9.1.Final/quarkus-bootstrap-core-2.9.1.Final.jar:/home/runner/.m2/repository/io/quarkus/quarkus-bootstrap-app-model/2.9.1.Final/quarkus-bootstrap-app-model-2.9.1.Final.jar:/home/runner/.m2/repository/io/quarkus/quarkus-bootstrap-gradle-resolver/2.9.1.Final/quarkus-bootstrap-gradle-resolver-2.9.1.Final.jar:/home/runner/.m2/repository/io/smallrye/common/smallrye-common-io/1.11.0/smallrye-common-io-1.11.0.jar:/home/runner/.m2/repository/org/eclipse/sisu/org.eclipse.sisu.inject/0.3.5/org.eclipse.sisu.inject-0.3.5.jar:/home/runner/.m2/repository/io/quarkus/quarkus-test-common/2.9.1.Final/quarkus-test-common-2.9.1.Final.jar:/home/runner/.m2/repository/io/quarkus/quarkus-core-deployment/2.9.1.Final/quarkus-core-deployment-2.9.1.Final.jar:/home/runner/.m2/repository/org/aesh/readline/2.2/readline-2.2.jar:/home/runner/.m2/repository/org/fusesource/jansi/jansi/1.18/jansi-1.18.jar:/home/runner/.m2/repository/org/aesh/aesh/2.6/aesh-2.6.jar:/home/runner/.m2/repository/io/quarkus/gizmo/gizmo/1.0.10.Final/gizmo-1.0.10.Final.jar:/home/runner/.m2/repository/org/ow2/asm/asm-util/9.2/asm-util-9.2.jar:/home/runner/.m2/repository/org/ow2/asm/asm/9.3/asm-9.3.jar:/home/runner/.m2/repository/org/ow2/asm/asm-commons/9.3/asm-commons-9.3.jar:/home/runner/.m2/repository/org/ow2/asm/asm-tree/9.3/asm-tree-9.3.jar:/home/runner/.m2/repository/org/ow2/asm/asm-analysis/9.3/asm-analysis-9.3.jar:/home/runner/.m2/repository/io/quarkus/quarkus-class-change-agent/2.9.1.Final/quarkus-class-change-agent-2.9.1.Final.jar:/home/runner/.m2/repository/io/quarkus/quarkus-devtools-utilities/2.9.1.Final/quarkus-devtools-utilities-2.9.1.Final.jar:/home/runner/.m2/repository/io/quarkus/quarkus-builder/2.9.1.Final/quarkus-builder-2.9.1.Final.jar:/home/runner/.m2/repository/org/junit/platform/junit-platform-launcher/1.8.2/junit-platform-launcher-1.8.2.jar:/home/runner/.m2/repository/org/jboss/jandex/2.4.2.Final/jandex-2.4.2.Final.jar:/home/runner/.m2/repository/io/quarkus/quarkus-junit5-properties/2.9.1.Final/quarkus-junit5-properties-2.9.1.Final.jar:/home/runner/.m2/repository/com/thoughtworks/xstream/xstream/1.4.19/xstream-1.4.19.jar:/home/runner/.m2/repository/io/github/x-stream/mxparser/1.2.2/mxparser-1.2.2.jar:/home/runner/.m2/repository/xmlpull/xmlpull/1.1.3.1/xmlpull-1.1.3.1.jar:/home/runner/.m2/repository/org/immutables/value/2.8.2/value-2.8.2.jar:/home/runner/.m2/repository/io/quarkus/quarkus-resteasy-reactive-jackson/2.9.1.Final/quarkus-resteasy-reactive-jackson-2.9.1.Final.jar:/home/runner/.m2/repository/io/quarkus/quarkus-resteasy-reactive/2.9.1.Final/quarkus-resteasy-reactive-2.9.1.Final.jar:/home/runner/.m2/repository/io/quarkus/quarkus-resteasy-reactive-common/2.9.1.Final/quarkus-resteasy-reactive-common-2.9.1.Final.jar:/home/runner/.m2/repository/io/quarkus/resteasy/reactive/resteasy-reactive-common/2.9.1.Final/resteasy-reactive-common-2.9.1.Final.jar:/home/runner/.m2/repository/io/quarkus/resteasy/reactive/resteasy-reactive-vertx/2.9.1.Final/resteasy-reactive-vertx-2.9.1.Final.jar:/home/runner/.m2/repository/io/smallrye/reactive/smallrye-mutiny-vertx-core/2.21.0/smallrye-mutiny-vertx-core-2.21.0.jar:/home/runner/.m2/repository/io/smallrye/reactive/smallrye-mutiny-vertx-runtime/2.21.0/smallrye-mutiny-vertx-runtime-2.21.0.jar:/home/runner/.m2/repository/io/smallrye/reactive/vertx-mutiny-generator/2.21.0/vertx-mutiny-generator-2.21.0.jar:/home/runner/.m2/repository/io/vertx/vertx-codegen/4.2.7/vertx-codegen-4.2.7.jar:/home/runner/.m2/repository/io/quarkus/resteasy/reactive/resteasy-reactive/2.9.1.Final/resteasy-reactive-2.9.1.Final.jar:/home/runner/.m2/repository/org/jboss/spec/javax/ws/rs/jboss-jaxrs-api_2.1_spec/2.0.1.Final/jboss-jaxrs-api_2.1_spec-2.0.1.Final.jar:/home/runner/.m2/repository/io/quarkus/quarkus-jsonp/2.9.1.Final/quarkus-jsonp-2.9.1.Final.jar:/home/runner/.m2/repository/org/glassfish/jakarta.json/1.1.6/jakarta.json-1.1.6.jar:/home/runner/.m2/repository/io/quarkus/quarkus-resteasy-reactive-jackson-common/2.9.1.Final/quarkus-resteasy-reactive-jackson-common-2.9.1.Final.jar:/home/runner/.m2/repository/io/quarkus/resteasy/reactive/resteasy-reactive-jackson/2.9.1.Final/resteasy-reactive-jackson-2.9.1.Final.jar:/home/runner/.m2/repository/com/google/code/findbugs/jsr305/3.0.2/jsr305-3.0.2.jar:/home/runner/.m2/repository/io/rest-assured/rest-assured/4.5.1/rest-assured-4.5.1.jar:/home/runner/.m2/repository/org/codehaus/groovy/groovy/3.0.9/groovy-3.0.9.jar:/home/runner/.m2/repository/org/codehaus/groovy/groovy-xml/3.0.9/groovy-xml-3.0.9.jar:/home/runner/.m2/repository/org/apache/httpcomponents/httpclient/4.5.13/httpclient-4.5.13.jar:/home/runner/.m2/repository/org/apache/httpcomponents/httpcore/4.4.15/httpcore-4.4.15.jar:/home/runner/.m2/repository/commons-codec/commons-codec/1.15/commons-codec-1.15.jar:/home/runner/.m2/repository/org/apache/httpcomponents/httpmime/4.5.13/httpmime-4.5.13.jar:/home/runner/.m2/repository/org/hamcrest/hamcrest/2.1/hamcrest-2.1.jar:/home/runner/.m2/repository/org/ccil/cowan/tagsoup/tagsoup/1.2.1/tagsoup-1.2.1.jar:/home/runner/.m2/repository/io/rest-assured/json-path/4.5.1/json-path-4.5.1.jar:/home/runner/.m2/repository/org/codehaus/groovy/groovy-json/3.0.9/groovy-json-3.0.9.jar:/home/runner/.m2/repository/io/rest-assured/rest-assured-common/4.5.1/rest-assured-common-4.5.1.jar:/home/runner/.m2/repository/io/rest-assured/xml-path/4.5.1/xml-path-4.5.1.jar:/home/runner/.m2/repository/org/apache/commons/commons-lang3/3.12.0/commons-lang3-3.12.0.jar:/home/runner/.m2/repository/com/github/jonpeterson/jackson-module-model-versioning/1.2.2/jackson-module-model-versioning-1.2.2.jar:/home/runner/.m2/repository/com/fasterxml/jackson/core/jackson-databind/2.13.2.2/jackson-databind-2.13.2.2.jar:/home/runner/.m2/repository/com/fasterxml/jackson/core/jackson-annotations/2.13.2/jackson-annotations-2.13.2.jar:/home/runner/.m2/repository/com/fasterxml/jackson/datatype/jackson-datatype-guava/2.13.3/jackson-datatype-guava-2.13.3.jar:/home/runner/.m2/repository/com/google/guava/guava/31.1-jre/guava-31.1-jre.jar:/home/runner/.m2/repository/com/google/guava/failureaccess/1.0.1/failureaccess-1.0.1.jar:/home/runner/.m2/repository/org/checkerframework/checker-qual/3.21.4/checker-qual-3.21.4.jar:/home/runner/.m2/repository/com/google/errorprone/error_prone_annotations/2.13.1/error_prone_annotations-2.13.1.jar:/home/runner/.m2/repository/com/google/j2objc/j2objc-annotations/1.3/j2objc-annotations-1.3.jar:/home/runner/.m2/repository/com/fasterxml/jackson/core/jackson-core/2.13.2/jackson-core-2.13.2.jar:/home/runner/.m2/repository/io/quarkus/quarkus-smallrye-openapi/2.9.1.Final/quarkus-smallrye-openapi-2.9.1.Final.jar:/home/runner/.m2/repository/io/smallrye/smallrye-open-api-core/2.1.22/smallrye-open-api-core-2.1.22.jar:/home/runner/.m2/repository/org/eclipse/microprofile/openapi/microprofile-openapi-api/2.0.1/microprofile-openapi-api-2.0.1.jar:/home/runner/.m2/repository/org/eclipse/microprofile/config/microprofile-config-api/2.0.1/microprofile-config-api-2.0.1.jar:/home/runner/.m2/repository/io/quarkus/quarkus-vertx-http/2.9.1.Final/quarkus-vertx-http-2.9.1.Final.jar:/home/runner/.m2/repository/io/quarkus/quarkus-security-runtime-spi/2.9.1.Final/quarkus-security-runtime-spi-2.9.1.Final.jar:/home/runner/.m2/repository/io/quarkus/quarkus-mutiny/2.9.1.Final/quarkus-mutiny-2.9.1.Final.jar:/home/runner/.m2/repository/io/smallrye/reactive/mutiny/1.4.0/mutiny-1.4.0.jar:/home/runner/.m2/repository/io/quarkus/quarkus-smallrye-context-propagation/2.9.1.Final/quarkus-smallrye-context-propagation-2.9.1.Final.jar:/home/runner/.m2/repository/io/smallrye/smallrye-context-propagation/1.2.2/smallrye-context-propagation-1.2.2.jar:/home/runner/.m2/repository/io/smallrye/smallrye-context-propagation-api/1.2.2/smallrye-context-propagation-api-1.2.2.jar:/home/runner/.m2/repository/io/smallrye/smallrye-context-propagation-storage/1.2.2/smallrye-context-propagation-storage-1.2.2.jar:/home/runner/.m2/repository/io/smallrye/reactive/mutiny-smallrye-context-propagation/1.4.0/mutiny-smallrye-context-propagation-1.4.0.jar:/home/runner/.m2/repository/io/smallrye/common/smallrye-common-vertx-context/1.11.0/smallrye-common-vertx-context-1.11.0.jar:/home/runner/.m2/repository/io/vertx/vertx-core/4.2.7/vertx-core-4.2.7.jar:/home/runner/.m2/repository/io/netty/netty-common/4.1.74.Final/netty-common-4.1.74.Final.jar:/home/runner/.m2/repository/io/netty/netty-buffer/4.1.74.Final/netty-buffer-4.1.74.Final.jar:/home/runner/.m2/repository/io/netty/netty-transport/4.1.74.Final/netty-transport-4.1.74.Final.jar:/home/runner/.m2/repository/io/netty/netty-handler/4.1.74.Final/netty-handler-4.1.74.Final.jar:/home/runner/.m2/repository/io/netty/netty-tcnative-classes/2.0.48.Final/netty-tcnative-classes-2.0.48.Final.jar:/home/runner/.m2/repository/io/netty/netty-handler-proxy/4.1.74.Final/netty-handler-proxy-4.1.74.Final.jar:/home/runner/.m2/repository/io/netty/netty-codec-socks/4.1.74.Final/netty-codec-socks-4.1.74.Final.jar:/home/runner/.m2/repository/io/netty/netty-codec-http/4.1.74.Final/netty-codec-http-4.1.74.Final.jar:/home/runner/.m2/repository/io/netty/netty-codec-http2/4.1.74.Final/netty-codec-http2-4.1.74.Final.jar:/home/runner/.m2/repository/io/netty/netty-resolver/4.1.74.Final/netty-resolver-4.1.74.Final.jar:/home/runner/.m2/repository/io/netty/netty-resolver-dns/4.1.74.Final/netty-resolver-dns-4.1.74.Final.jar:/home/runner/.m2/repository/io/netty/netty-codec-dns/4.1.74.Final/netty-codec-dns-4.1.74.Final.jar:/home/runner/.m2/repository/io/smallrye/common/smallrye-common-constraint/1.11.0/smallrye-common-constraint-1.11.0.jar:/home/runner/.m2/repository/io/quarkus/quarkus-vertx-http-dev-console-runtime-spi/2.9.1.Final/quarkus-vertx-http-dev-console-runtime-spi-2.9.1.Final.jar:/home/runner/.m2/repository/io/quarkus/security/quarkus-security/1.1.4.Final/quarkus-security-1.1.4.Final.jar:/home/runner/.m2/repository/io/quarkus/quarkus-vertx/2.9.1.Final/quarkus-vertx-2.9.1.Final.jar:/home/runner/.m2/repository/io/quarkus/quarkus-netty/2.9.1.Final/quarkus-netty-2.9.1.Final.jar:/home/runner/.m2/repository/io/netty/netty-codec/4.1.74.Final/netty-codec-4.1.74.Final.jar:/home/runner/.m2/repository/io/netty/netty-codec-haproxy/4.1.74.Final/netty-codec-haproxy-4.1.74.Final.jar:/home/runner/.m2/repository/io/smallrye/common/smallrye-common-annotation/1.11.0/smallrye-common-annotation-1.11.0.jar:/home/runner/.m2/repository/io/smallrye/smallrye-fault-tolerance-vertx/5.4.0/smallrye-fault-tolerance-vertx-5.4.0.jar:/home/runner/.m2/repository/io/smallrye/reactive/smallrye-mutiny-vertx-web/2.21.0/smallrye-mutiny-vertx-web-2.21.0.jar:/home/runner/.m2/repository/io/smallrye/reactive/smallrye-mutiny-vertx-web-common/2.21.0/smallrye-mutiny-vertx-web-common-2.21.0.jar:/home/runner/.m2/repository/io/smallrye/reactive/smallrye-mutiny-vertx-auth-common/2.21.0/smallrye-mutiny-vertx-auth-common-2.21.0.jar:/home/runner/.m2/repository/io/smallrye/reactive/smallrye-mutiny-vertx-bridge-common/2.21.0/smallrye-mutiny-vertx-bridge-common-2.21.0.jar:/home/runner/.m2/repository/io/vertx/vertx-web/4.2.7/vertx-web-4.2.7.jar:/home/runner/.m2/repository/io/vertx/vertx-web-common/4.2.7/vertx-web-common-4.2.7.jar:/home/runner/.m2/repository/io/vertx/vertx-auth-common/4.2.7/vertx-auth-common-4.2.7.jar:/home/runner/.m2/repository/io/vertx/vertx-bridge-common/4.2.7/vertx-bridge-common-4.2.7.jar:/home/runner/.m2/repository/io/quarkus/quarkus-swagger-ui/2.9.1.Final/quarkus-swagger-ui-2.9.1.Final.jar:/home/runner/.m2/repository/io/quarkus/quarkus-rest-client/2.9.1.Final/quarkus-rest-client-2.9.1.Final.jar:/home/runner/.m2/repository/io/quarkus/quarkus-resteasy-common/2.9.1.Final/quarkus-resteasy-common-2.9.1.Final.jar:/home/runner/.m2/repository/org/jboss/resteasy/resteasy-core/4.7.5.Final/resteasy-core-4.7.5.Final.jar:/home/runner/.m2/repository/org/jboss/resteasy/resteasy-core-spi/4.7.5.Final/resteasy-core-spi-4.7.5.Final.jar:/home/runner/.m2/repository/org/reactivestreams/reactive-streams/1.0.3/reactive-streams-1.0.3.jar:/home/runner/.m2/repository/jakarta/validation/jakarta.validation-api/2.0.2/jakarta.validation-api-2.0.2.jar:/home/runner/.m2/repository/com/ibm/async/asyncutil/0.1.0/asyncutil-0.1.0.jar:/home/runner/.m2/repository/com/sun/activation/jakarta.activation/1.2.1/jakarta.activation-1.2.1.jar:/home/runner/.m2/repository/io/quarkus/quarkus-apache-httpclient/2.9.1.Final/quarkus-apache-httpclient-2.9.1.Final.jar:/home/runner/.m2/repository/io/quarkus/quarkus-rest-client-config/2.9.1.Final/quarkus-rest-client-config-2.9.1.Final.jar:/home/runner/.m2/repository/org/eclipse/microprofile/rest/client/microprofile-rest-client-api/2.0/microprofile-rest-client-api-2.0.jar:/home/runner/.m2/repository/org/jboss/resteasy/resteasy-client-microprofile/4.7.5.Final/resteasy-client-microprofile-4.7.5.Final.jar:/home/runner/.m2/repository/org/jboss/resteasy/resteasy-client-microprofile-base/4.7.5.Final/resteasy-client-microprofile-base-4.7.5.Final.jar:/home/runner/.m2/repository/org/jboss/resteasy/resteasy-client/4.7.5.Final/resteasy-client-4.7.5.Final.jar:/home/runner/.m2/repository/org/jboss/resteasy/resteasy-client-api/4.7.5.Final/resteasy-client-api-4.7.5.Final.jar:/home/runner/.m2/repository/commons-io/commons-io/2.11.0/commons-io-2.11.0.jar:/home/runner/.m2/repository/org/jboss/resteasy/resteasy-cdi/4.7.5.Final/resteasy-cdi-4.7.5.Final.jar:/home/runner/.m2/repository/jakarta/interceptor/jakarta.interceptor-api/1.2.5/jakarta.interceptor-api-1.2.5.jar:/home/runner/.m2/repository/org/apache/httpcomponents/httpasyncclient/4.1.5/httpasyncclient-4.1.5.jar:/home/runner/.m2/repository/org/apache/httpcomponents/httpcore-nio/4.4.15/httpcore-nio-4.4.15.jar:/home/runner/.m2/repository/org/jboss/logging/commons-logging-jboss-logging/1.0.0.Final/commons-logging-jboss-logging-1.0.0.Final.jar:/home/runner/.m2/repository/io/quarkus/quarkus-rest-client-jackson/2.9.1.Final/quarkus-rest-client-jackson-2.9.1.Final.jar:/home/runner/.m2/repository/io/quarkus/quarkus-jackson/2.9.1.Final/quarkus-jackson-2.9.1.Final.jar:/home/runner/.m2/repository/com/fasterxml/jackson/datatype/jackson-datatype-jsr310/2.13.2/jackson-datatype-jsr310-2.13.2.jar:/home/runner/.m2/repository/com/fasterxml/jackson/datatype/jackson-datatype-jdk8/2.13.2/jackson-datatype-jdk8-2.13.2.jar:/home/runner/.m2/repository/com/fasterxml/jackson/module/jackson-module-parameter-names/2.13.2/jackson-module-parameter-names-2.13.2.jar:/home/runner/.m2/repository/org/jboss/resteasy/resteasy-jackson2-provider/4.7.5.Final/resteasy-jackson2-provider-4.7.5.Final.jar:/home/runner/.m2/repository/com/fasterxml/jackson/jaxrs/jackson-jaxrs-json-provider/2.13.2/jackson-jaxrs-json-provider-2.13.2.jar:/home/runner/.m2/repository/com/fasterxml/jackson/jaxrs/jackson-jaxrs-base/2.13.2/jackson-jaxrs-base-2.13.2.jar:/home/runner/.m2/repository/com/fasterxml/jackson/module/jackson-module-jaxb-annotations/2.13.2/jackson-module-jaxb-annotations-2.13.2.jar:/home/runner/.m2/repository/com/github/java-json-tools/json-patch/1.13/json-patch-1.13.jar:/home/runner/.m2/repository/com/github/java-json-tools/msg-simple/1.2/msg-simple-1.2.jar:/home/runner/.m2/repository/com/github/java-json-tools/btf/1.3/btf-1.3.jar:/home/runner/.m2/repository/com/github/java-json-tools/jackson-coreutils/2.0/jackson-coreutils-2.0.jar:/home/runner/.m2/repository/org/jboss/spec/javax/xml/bind/jboss-jaxb-api_2.3_spec/2.0.0.Final/jboss-jaxb-api_2.3_spec-2.0.0.Final.jar:/home/runner/.m2/repository/com/fasterxml/jackson/dataformat/jackson-dataformat-yaml/2.13.2/jackson-dataformat-yaml-2.13.2.jar:/home/runner/.m2/repository/org/yaml/snakeyaml/1.30/snakeyaml-1.30.jar:/home/runner/.m2/repository/io/quarkus/quarkus-devtools-registry-client/2.9.1.Final/quarkus-devtools-registry-client-2.9.1.Final.jar:/home/runner/.m2/repository/io/quarkus/quarkus-devtools-artifact-api/2.9.1.Final/quarkus-devtools-artifact-api-2.9.1.Final.jar:/home/runner/.m2/repository/io/quarkus/quarkus-devtools-message-writer/2.9.1.Final/quarkus-devtools-message-writer-2.9.1.Final.jar:/home/runner/.m2/repository/io/smallrye/common/smallrye-common-os/1.11.0/smallrye-common-os-1.11.0.jar:/home/runner/.m2/repository/io/quarkus/quarkus-bootstrap-maven-resolver/2.9.1.Final/quarkus-bootstrap-maven-resolver-2.9.1.Final.jar:/home/runner/.m2/repository/org/apache/maven/maven-embedder/3.8.4/maven-embedder-3.8.4.jar:/home/runner/.m2/repository/org/apache/maven/maven-settings/3.8.4/maven-settings-3.8.4.jar:/home/runner/.m2/repository/org/apache/maven/maven-core/3.8.4/maven-core-3.8.4.jar:/home/runner/.m2/repository/org/apache/maven/maven-artifact/3.8.4/maven-artifact-3.8.4.jar:/home/runner/.m2/repository/org/codehaus/plexus/plexus-component-annotations/2.1.0/plexus-component-annotations-2.1.0.jar:/home/runner/.m2/repository/org/apache/maven/maven-plugin-api/3.8.4/maven-plugin-api-3.8.4.jar:/home/runner/.m2/repository/org/apache/maven/maven-model/3.8.4/maven-model-3.8.4.jar:/home/runner/.m2/repository/org/apache/maven/maven-model-builder/3.8.4/maven-model-builder-3.8.4.jar:/home/runner/.m2/repository/org/apache/maven/maven-builder-support/3.8.4/maven-builder-support-3.8.4.jar:/home/runner/.m2/repository/org/apache/maven/resolver/maven-resolver-api/1.6.3/maven-resolver-api-1.6.3.jar:/home/runner/.m2/repository/org/apache/maven/resolver/maven-resolver-util/1.6.3/maven-resolver-util-1.6.3.jar:/home/runner/.m2/repository/org/apache/maven/shared/maven-shared-utils/3.3.4/maven-shared-utils-3.3.4.jar:/home/runner/.m2/repository/com/google/inject/guice/4.2.2/guice-4.2.2-no_aop.jar:/home/runner/.m2/repository/org/codehaus/plexus/plexus-classworlds/2.6.0/plexus-classworlds-2.6.0.jar:/home/runner/.m2/repository/org/codehaus/plexus/plexus-sec-dispatcher/2.0/plexus-sec-dispatcher-2.0.jar:/home/runner/.m2/repository/org/codehaus/plexus/plexus-cipher/2.0/plexus-cipher-2.0.jar:/home/runner/.m2/repository/commons-cli/commons-cli/1.4/commons-cli-1.4.jar:/home/runner/.m2/repository/org/eclipse/sisu/org.eclipse.sisu.plexus/0.3.5/org.eclipse.sisu.plexus-0.3.5.jar:/home/runner/.m2/repository/org/apache/maven/maven-settings-builder/3.8.4/maven-settings-builder-3.8.4.jar:/home/runner/.m2/repository/org/codehaus/plexus/plexus-interpolation/1.26/plexus-interpolation-1.26.jar:/home/runner/.m2/repository/org/apache/maven/maven-resolver-provider/3.8.4/maven-resolver-provider-3.8.4.jar:/home/runner/.m2/repository/org/apache/maven/maven-repository-metadata/3.8.4/maven-repository-metadata-3.8.4.jar:/home/runner/.m2/repository/org/apache/maven/resolver/maven-resolver-spi/1.6.3/maven-resolver-spi-1.6.3.jar:/home/runner/.m2/repository/org/apache/maven/resolver/maven-resolver-impl/1.6.3/maven-resolver-impl-1.6.3.jar:/home/runner/.m2/repository/org/codehaus/plexus/plexus-utils/3.3.0/plexus-utils-3.3.0.jar:/home/runner/.m2/repository/org/apache/maven/resolver/maven-resolver-connector-basic/1.6.3/maven-resolver-connector-basic-1.6.3.jar:/home/runner/.m2/repository/org/apache/maven/resolver/maven-resolver-transport-wagon/1.6.3/maven-resolver-transport-wagon-1.6.3.jar:/home/runner/.m2/repository/org/apache/maven/wagon/wagon-http/3.4.3/wagon-http-3.4.3.jar:/home/runner/.m2/repository/org/apache/maven/wagon/wagon-http-shared/3.4.3/wagon-http-shared-3.4.3.jar:/home/runner/.m2/repository/org/jsoup/jsoup/1.14.2/jsoup-1.14.2.jar:/home/runner/.m2/repository/org/apache/maven/wagon/wagon-provider-api/3.4.3/wagon-provider-api-3.4.3.jar:/home/runner/.m2/repository/org/apache/maven/wagon/wagon-file/3.4.3/wagon-file-3.4.3.jar:/home/runner/.m2/repository/org/junit/jupiter/junit-jupiter/5.8.2/junit-jupiter-5.8.2.jar:/home/runner/.m2/repository/org/junit/jupiter/junit-jupiter-api/5.8.2/junit-jupiter-api-5.8.2.jar:/home/runner/.m2/repository/org/opentest4j/opentest4j/1.2.0/opentest4j-1.2.0.jar:/home/runner/.m2/repository/org/junit/platform/junit-platform-commons/1.8.2/junit-platform-commons-1.8.2.jar:/home/runner/.m2/repository/org/apiguardian/apiguardian-api/1.1.2/apiguardian-api-1.1.2.jar:/home/runner/.m2/repository/org/junit/jupiter/junit-jupiter-params/5.8.2/junit-jupiter-params-5.8.2.jar:/home/runner/.m2/repository/org/junit/jupiter/junit-jupiter-engine/5.8.2/junit-jupiter-engine-5.8.2.jar:/home/runner/.m2/repository/org/junit/platform/junit-platform-engine/1.8.2/junit-platform-engine-1.8.2.jar:/home/runner/.m2/repository/org/testcontainers/junit-jupiter/1.17.6/junit-jupiter-1.17.6.jar:/home/runner/.m2/repository/org/testcontainers/testcontainers/1.17.6/testcontainers-1.17.6.jar:/home/runner/.m2/repository/junit/junit/4.13.2/junit-4.13.2.jar:/home/runner/.m2/repository/org/slf4j/slf4j-api/1.7.36/slf4j-api-1.7.36.jar:/home/runner/.m2/repository/org/apache/commons/commons-compress/1.21/commons-compress-1.21.jar:/home/runner/.m2/repository/org/rnorth/duct-tape/duct-tape/1.0.8/duct-tape-1.0.8.jar:/home/runner/.m2/repository/org/jetbrains/annotations/17.0.0/annotations-17.0.0.jar:/home/runner/.m2/repository/com/github/docker-java/docker-java-api/3.2.13/docker-java-api-3.2.13.jar:/home/runner/.m2/repository/com/github/docker-java/docker-java-transport-zerodep/3.2.13/docker-java-transport-zerodep-3.2.13.jar:/home/runner/.m2/repository/com/github/docker-java/docker-java-transport/3.2.13/docker-java-transport-3.2.13.jar:/home/runner/.m2/repository/net/java/dev/jna/jna/5.8.0/jna-5.8.0.jar:/home/runner/.m2/repository/org/testcontainers/postgresql/1.17.6/postgresql-1.17.6.jar:/home/runner/.m2/repository/org/testcontainers/jdbc/1.17.1/jdbc-1.17.1.jar:/home/runner/.m2/repository/org/testcontainers/database-commons/1.17.1/database-commons-1.17.1.jar:/home/runner/.m2/repository/org/testcontainers/elasticsearch/1.17.6/elasticsearch-1.17.6.jar:"/>
    <property name="java.vm.vendor" value="Eclipse Adoptium"/>
    <property name="sun.arch.data.model" value="64"/>
    <property name="java.vendor.url" value="https://adoptium.net/"/>
    <property name="user.timezone" value="Etc/UTC"/>
    <property name="java.vm.specification.version" value="11"/>
    <property name="os.name" value="Linux"/>
    <property name="sun.java.launcher" value="SUN_STANDARD"/>
    <property name="mp.openapi.extensions.smallrye.defaultProduces" value="application/json"/>
    <property name="sun.boot.library.path" value="/usr/lib/jvm/temurin-11-jdk-amd64/lib"/>
    <property name="sun.java.command" value="/home/runner/work/core/core/tools/dotcms-cli/api-data-model/target/surefire/surefirebooter12816306209610645722.jar /home/runner/work/core/core/tools/dotcms-cli/api-data-model/target/surefire 2023-08-04T12-53-42_566-jvmRun1 surefire3876504876019672242tmp surefire_07246001538805098117tmp"/>
    <property name="jdk.debug" value="release"/>
    <property name="maven.home" value="/home/runner/.m2/wrapper/dists/apache-maven-3.8.4-bin/52ccbt68d252mdldqsfsn03jlf/apache-maven-3.8.4"/>
    <property name="surefire.test.class.path" value="/home/runner/work/core/core/tools/dotcms-cli/api-data-model/target/test-classes:/home/runner/work/core/core/tools/dotcms-cli/api-data-model/target/classes:/home/runner/.m2/repository/io/quarkus/quarkus-arc/2.9.1.Final/quarkus-arc-2.9.1.Final.jar:/home/runner/.m2/repository/io/quarkus/arc/arc/2.9.1.Final/arc-2.9.1.Final.jar:/home/runner/.m2/repository/jakarta/enterprise/jakarta.enterprise.cdi-api/2.0.2/jakarta.enterprise.cdi-api-2.0.2.jar:/home/runner/.m2/repository/jakarta/el/jakarta.el-api/3.0.3/jakarta.el-api-3.0.3.jar:/home/runner/.m2/repository/jakarta/annotation/jakarta.annotation-api/1.3.5/jakarta.annotation-api-1.3.5.jar:/home/runner/.m2/repository/jakarta/transaction/jakarta.transaction-api/1.3.3/jakarta.transaction-api-1.3.3.jar:/home/runner/.m2/repository/org/jboss/logging/jboss-logging/3.4.3.Final/jboss-logging-3.4.3.Final.jar:/home/runner/.m2/repository/io/quarkus/quarkus-core/2.9.1.Final/quarkus-core-2.9.1.Final.jar:/home/runner/.m2/repository/jakarta/inject/jakarta.inject-api/1.0/jakarta.inject-api-1.0.jar:/home/runner/.m2/repository/io/quarkus/quarkus-ide-launcher/2.9.1.Final/quarkus-ide-launcher-2.9.1.Final.jar:/home/runner/.m2/repository/io/quarkus/quarkus-development-mode-spi/2.9.1.Final/quarkus-development-mode-spi-2.9.1.Final.jar:/home/runner/.m2/repository/io/smallrye/config/smallrye-config/2.10.0/smallrye-config-2.10.0.jar:/home/runner/.m2/repository/io/smallrye/config/smallrye-config-core/2.10.0/smallrye-config-core-2.10.0.jar:/home/runner/.m2/repository/io/smallrye/common/smallrye-common-expression/1.11.0/smallrye-common-expression-1.11.0.jar:/home/runner/.m2/repository/io/smallrye/common/smallrye-common-function/1.11.0/smallrye-common-function-1.11.0.jar:/home/runner/.m2/repository/io/smallrye/common/smallrye-common-classloader/1.11.0/smallrye-common-classloader-1.11.0.jar:/home/runner/.m2/repository/io/smallrye/config/smallrye-config-common/2.10.0/smallrye-config-common-2.10.0.jar:/home/runner/.m2/repository/org/jboss/logmanager/jboss-logmanager-embedded/1.0.9/jboss-logmanager-embedded-1.0.9.jar:/home/runner/.m2/repository/org/jboss/logging/jboss-logging-annotations/2.2.1.Final/jboss-logging-annotations-2.2.1.Final.jar:/home/runner/.m2/repository/org/jboss/threads/jboss-threads/3.4.2.Final/jboss-threads-3.4.2.Final.jar:/home/runner/.m2/repository/org/jboss/slf4j/slf4j-jboss-logmanager/1.1.0.Final/slf4j-jboss-logmanager-1.1.0.Final.jar:/home/runner/.m2/repository/org/graalvm/sdk/graal-sdk/22.0.0.2/graal-sdk-22.0.0.2.jar:/home/runner/.m2/repository/org/wildfly/common/wildfly-common/1.5.4.Final-format-001/wildfly-common-1.5.4.Final-format-001.jar:/home/runner/.m2/repository/io/quarkus/quarkus-bootstrap-runner/2.9.1.Final/quarkus-bootstrap-runner-2.9.1.Final.jar:/home/runner/.m2/repository/io/quarkus/quarkus-fs-util/0.0.9/quarkus-fs-util-0.0.9.jar:/home/runner/.m2/repository/org/eclipse/microprofile/context-propagation/microprofile-context-propagation-api/1.2/microprofile-context-propagation-api-1.2.jar:/home/runner/.m2/repository/io/quarkus/quarkus-junit5/2.9.1.Final/quarkus-junit5-2.9.1.Final.jar:/home/runner/.m2/repository/io/quarkus/quarkus-bootstrap-core/2.9.1.Final/quarkus-bootstrap-core-2.9.1.Final.jar:/home/runner/.m2/repository/io/quarkus/quarkus-bootstrap-app-model/2.9.1.Final/quarkus-bootstrap-app-model-2.9.1.Final.jar:/home/runner/.m2/repository/io/quarkus/quarkus-bootstrap-gradle-resolver/2.9.1.Final/quarkus-bootstrap-gradle-resolver-2.9.1.Final.jar:/home/runner/.m2/repository/io/smallrye/common/smallrye-common-io/1.11.0/smallrye-common-io-1.11.0.jar:/home/runner/.m2/repository/org/eclipse/sisu/org.eclipse.sisu.inject/0.3.5/org.eclipse.sisu.inject-0.3.5.jar:/home/runner/.m2/repository/io/quarkus/quarkus-test-common/2.9.1.Final/quarkus-test-common-2.9.1.Final.jar:/home/runner/.m2/repository/io/quarkus/quarkus-core-deployment/2.9.1.Final/quarkus-core-deployment-2.9.1.Final.jar:/home/runner/.m2/repository/org/aesh/readline/2.2/readline-2.2.jar:/home/runner/.m2/repository/org/fusesource/jansi/jansi/1.18/jansi-1.18.jar:/home/runner/.m2/repository/org/aesh/aesh/2.6/aesh-2.6.jar:/home/runner/.m2/repository/io/quarkus/gizmo/gizmo/1.0.10.Final/gizmo-1.0.10.Final.jar:/home/runner/.m2/repository/org/ow2/asm/asm-util/9.2/asm-util-9.2.jar:/home/runner/.m2/repository/org/ow2/asm/asm/9.3/asm-9.3.jar:/home/runner/.m2/repository/org/ow2/asm/asm-commons/9.3/asm-commons-9.3.jar:/home/runner/.m2/repository/org/ow2/asm/asm-tree/9.3/asm-tree-9.3.jar:/home/runner/.m2/repository/org/ow2/asm/asm-analysis/9.3/asm-analysis-9.3.jar:/home/runner/.m2/repository/io/quarkus/quarkus-class-change-agent/2.9.1.Final/quarkus-class-change-agent-2.9.1.Final.jar:/home/runner/.m2/repository/io/quarkus/quarkus-devtools-utilities/2.9.1.Final/quarkus-devtools-utilities-2.9.1.Final.jar:/home/runner/.m2/repository/io/quarkus/quarkus-builder/2.9.1.Final/quarkus-builder-2.9.1.Final.jar:/home/runner/.m2/repository/org/junit/platform/junit-platform-launcher/1.8.2/junit-platform-launcher-1.8.2.jar:/home/runner/.m2/repository/org/jboss/jandex/2.4.2.Final/jandex-2.4.2.Final.jar:/home/runner/.m2/repository/io/quarkus/quarkus-junit5-properties/2.9.1.Final/quarkus-junit5-properties-2.9.1.Final.jar:/home/runner/.m2/repository/com/thoughtworks/xstream/xstream/1.4.19/xstream-1.4.19.jar:/home/runner/.m2/repository/io/github/x-stream/mxparser/1.2.2/mxparser-1.2.2.jar:/home/runner/.m2/repository/xmlpull/xmlpull/1.1.3.1/xmlpull-1.1.3.1.jar:/home/runner/.m2/repository/org/immutables/value/2.8.2/value-2.8.2.jar:/home/runner/.m2/repository/io/quarkus/quarkus-resteasy-reactive-jackson/2.9.1.Final/quarkus-resteasy-reactive-jackson-2.9.1.Final.jar:/home/runner/.m2/repository/io/quarkus/quarkus-resteasy-reactive/2.9.1.Final/quarkus-resteasy-reactive-2.9.1.Final.jar:/home/runner/.m2/repository/io/quarkus/quarkus-resteasy-reactive-common/2.9.1.Final/quarkus-resteasy-reactive-common-2.9.1.Final.jar:/home/runner/.m2/repository/io/quarkus/resteasy/reactive/resteasy-reactive-common/2.9.1.Final/resteasy-reactive-common-2.9.1.Final.jar:/home/runner/.m2/repository/io/quarkus/resteasy/reactive/resteasy-reactive-vertx/2.9.1.Final/resteasy-reactive-vertx-2.9.1.Final.jar:/home/runner/.m2/repository/io/smallrye/reactive/smallrye-mutiny-vertx-core/2.21.0/smallrye-mutiny-vertx-core-2.21.0.jar:/home/runner/.m2/repository/io/smallrye/reactive/smallrye-mutiny-vertx-runtime/2.21.0/smallrye-mutiny-vertx-runtime-2.21.0.jar:/home/runner/.m2/repository/io/smallrye/reactive/vertx-mutiny-generator/2.21.0/vertx-mutiny-generator-2.21.0.jar:/home/runner/.m2/repository/io/vertx/vertx-codegen/4.2.7/vertx-codegen-4.2.7.jar:/home/runner/.m2/repository/io/quarkus/resteasy/reactive/resteasy-reactive/2.9.1.Final/resteasy-reactive-2.9.1.Final.jar:/home/runner/.m2/repository/org/jboss/spec/javax/ws/rs/jboss-jaxrs-api_2.1_spec/2.0.1.Final/jboss-jaxrs-api_2.1_spec-2.0.1.Final.jar:/home/runner/.m2/repository/io/quarkus/quarkus-jsonp/2.9.1.Final/quarkus-jsonp-2.9.1.Final.jar:/home/runner/.m2/repository/org/glassfish/jakarta.json/1.1.6/jakarta.json-1.1.6.jar:/home/runner/.m2/repository/io/quarkus/quarkus-resteasy-reactive-jackson-common/2.9.1.Final/quarkus-resteasy-reactive-jackson-common-2.9.1.Final.jar:/home/runner/.m2/repository/io/quarkus/resteasy/reactive/resteasy-reactive-jackson/2.9.1.Final/resteasy-reactive-jackson-2.9.1.Final.jar:/home/runner/.m2/repository/com/google/code/findbugs/jsr305/3.0.2/jsr305-3.0.2.jar:/home/runner/.m2/repository/io/rest-assured/rest-assured/4.5.1/rest-assured-4.5.1.jar:/home/runner/.m2/repository/org/codehaus/groovy/groovy/3.0.9/groovy-3.0.9.jar:/home/runner/.m2/repository/org/codehaus/groovy/groovy-xml/3.0.9/groovy-xml-3.0.9.jar:/home/runner/.m2/repository/org/apache/httpcomponents/httpclient/4.5.13/httpclient-4.5.13.jar:/home/runner/.m2/repository/org/apache/httpcomponents/httpcore/4.4.15/httpcore-4.4.15.jar:/home/runner/.m2/repository/commons-codec/commons-codec/1.15/commons-codec-1.15.jar:/home/runner/.m2/repository/org/apache/httpcomponents/httpmime/4.5.13/httpmime-4.5.13.jar:/home/runner/.m2/repository/org/hamcrest/hamcrest/2.1/hamcrest-2.1.jar:/home/runner/.m2/repository/org/ccil/cowan/tagsoup/tagsoup/1.2.1/tagsoup-1.2.1.jar:/home/runner/.m2/repository/io/rest-assured/json-path/4.5.1/json-path-4.5.1.jar:/home/runner/.m2/repository/org/codehaus/groovy/groovy-json/3.0.9/groovy-json-3.0.9.jar:/home/runner/.m2/repository/io/rest-assured/rest-assured-common/4.5.1/rest-assured-common-4.5.1.jar:/home/runner/.m2/repository/io/rest-assured/xml-path/4.5.1/xml-path-4.5.1.jar:/home/runner/.m2/repository/org/apache/commons/commons-lang3/3.12.0/commons-lang3-3.12.0.jar:/home/runner/.m2/repository/com/github/jonpeterson/jackson-module-model-versioning/1.2.2/jackson-module-model-versioning-1.2.2.jar:/home/runner/.m2/repository/com/fasterxml/jackson/core/jackson-databind/2.13.2.2/jackson-databind-2.13.2.2.jar:/home/runner/.m2/repository/com/fasterxml/jackson/core/jackson-annotations/2.13.2/jackson-annotations-2.13.2.jar:/home/runner/.m2/repository/com/fasterxml/jackson/datatype/jackson-datatype-guava/2.13.3/jackson-datatype-guava-2.13.3.jar:/home/runner/.m2/repository/com/google/guava/guava/31.1-jre/guava-31.1-jre.jar:/home/runner/.m2/repository/com/google/guava/failureaccess/1.0.1/failureaccess-1.0.1.jar:/home/runner/.m2/repository/org/checkerframework/checker-qual/3.21.4/checker-qual-3.21.4.jar:/home/runner/.m2/repository/com/google/errorprone/error_prone_annotations/2.13.1/error_prone_annotations-2.13.1.jar:/home/runner/.m2/repository/com/google/j2objc/j2objc-annotations/1.3/j2objc-annotations-1.3.jar:/home/runner/.m2/repository/com/fasterxml/jackson/core/jackson-core/2.13.2/jackson-core-2.13.2.jar:/home/runner/.m2/repository/io/quarkus/quarkus-smallrye-openapi/2.9.1.Final/quarkus-smallrye-openapi-2.9.1.Final.jar:/home/runner/.m2/repository/io/smallrye/smallrye-open-api-core/2.1.22/smallrye-open-api-core-2.1.22.jar:/home/runner/.m2/repository/org/eclipse/microprofile/openapi/microprofile-openapi-api/2.0.1/microprofile-openapi-api-2.0.1.jar:/home/runner/.m2/repository/org/eclipse/microprofile/config/microprofile-config-api/2.0.1/microprofile-config-api-2.0.1.jar:/home/runner/.m2/repository/io/quarkus/quarkus-vertx-http/2.9.1.Final/quarkus-vertx-http-2.9.1.Final.jar:/home/runner/.m2/repository/io/quarkus/quarkus-security-runtime-spi/2.9.1.Final/quarkus-security-runtime-spi-2.9.1.Final.jar:/home/runner/.m2/repository/io/quarkus/quarkus-mutiny/2.9.1.Final/quarkus-mutiny-2.9.1.Final.jar:/home/runner/.m2/repository/io/smallrye/reactive/mutiny/1.4.0/mutiny-1.4.0.jar:/home/runner/.m2/repository/io/quarkus/quarkus-smallrye-context-propagation/2.9.1.Final/quarkus-smallrye-context-propagation-2.9.1.Final.jar:/home/runner/.m2/repository/io/smallrye/smallrye-context-propagation/1.2.2/smallrye-context-propagation-1.2.2.jar:/home/runner/.m2/repository/io/smallrye/smallrye-context-propagation-api/1.2.2/smallrye-context-propagation-api-1.2.2.jar:/home/runner/.m2/repository/io/smallrye/smallrye-context-propagation-storage/1.2.2/smallrye-context-propagation-storage-1.2.2.jar:/home/runner/.m2/repository/io/smallrye/reactive/mutiny-smallrye-context-propagation/1.4.0/mutiny-smallrye-context-propagation-1.4.0.jar:/home/runner/.m2/repository/io/smallrye/common/smallrye-common-vertx-context/1.11.0/smallrye-common-vertx-context-1.11.0.jar:/home/runner/.m2/repository/io/vertx/vertx-core/4.2.7/vertx-core-4.2.7.jar:/home/runner/.m2/repository/io/netty/netty-common/4.1.74.Final/netty-common-4.1.74.Final.jar:/home/runner/.m2/repository/io/netty/netty-buffer/4.1.74.Final/netty-buffer-4.1.74.Final.jar:/home/runner/.m2/repository/io/netty/netty-transport/4.1.74.Final/netty-transport-4.1.74.Final.jar:/home/runner/.m2/repository/io/netty/netty-handler/4.1.74.Final/netty-handler-4.1.74.Final.jar:/home/runner/.m2/repository/io/netty/netty-tcnative-classes/2.0.48.Final/netty-tcnative-classes-2.0.48.Final.jar:/home/runner/.m2/repository/io/netty/netty-handler-proxy/4.1.74.Final/netty-handler-proxy-4.1.74.Final.jar:/home/runner/.m2/repository/io/netty/netty-codec-socks/4.1.74.Final/netty-codec-socks-4.1.74.Final.jar:/home/runner/.m2/repository/io/netty/netty-codec-http/4.1.74.Final/netty-codec-http-4.1.74.Final.jar:/home/runner/.m2/repository/io/netty/netty-codec-http2/4.1.74.Final/netty-codec-http2-4.1.74.Final.jar:/home/runner/.m2/repository/io/netty/netty-resolver/4.1.74.Final/netty-resolver-4.1.74.Final.jar:/home/runner/.m2/repository/io/netty/netty-resolver-dns/4.1.74.Final/netty-resolver-dns-4.1.74.Final.jar:/home/runner/.m2/repository/io/netty/netty-codec-dns/4.1.74.Final/netty-codec-dns-4.1.74.Final.jar:/home/runner/.m2/repository/io/smallrye/common/smallrye-common-constraint/1.11.0/smallrye-common-constraint-1.11.0.jar:/home/runner/.m2/repository/io/quarkus/quarkus-vertx-http-dev-console-runtime-spi/2.9.1.Final/quarkus-vertx-http-dev-console-runtime-spi-2.9.1.Final.jar:/home/runner/.m2/repository/io/quarkus/security/quarkus-security/1.1.4.Final/quarkus-security-1.1.4.Final.jar:/home/runner/.m2/repository/io/quarkus/quarkus-vertx/2.9.1.Final/quarkus-vertx-2.9.1.Final.jar:/home/runner/.m2/repository/io/quarkus/quarkus-netty/2.9.1.Final/quarkus-netty-2.9.1.Final.jar:/home/runner/.m2/repository/io/netty/netty-codec/4.1.74.Final/netty-codec-4.1.74.Final.jar:/home/runner/.m2/repository/io/netty/netty-codec-haproxy/4.1.74.Final/netty-codec-haproxy-4.1.74.Final.jar:/home/runner/.m2/repository/io/smallrye/common/smallrye-common-annotation/1.11.0/smallrye-common-annotation-1.11.0.jar:/home/runner/.m2/repository/io/smallrye/smallrye-fault-tolerance-vertx/5.4.0/smallrye-fault-tolerance-vertx-5.4.0.jar:/home/runner/.m2/repository/io/smallrye/reactive/smallrye-mutiny-vertx-web/2.21.0/smallrye-mutiny-vertx-web-2.21.0.jar:/home/runner/.m2/repository/io/smallrye/reactive/smallrye-mutiny-vertx-web-common/2.21.0/smallrye-mutiny-vertx-web-common-2.21.0.jar:/home/runner/.m2/repository/io/smallrye/reactive/smallrye-mutiny-vertx-auth-common/2.21.0/smallrye-mutiny-vertx-auth-common-2.21.0.jar:/home/runner/.m2/repository/io/smallrye/reactive/smallrye-mutiny-vertx-bridge-common/2.21.0/smallrye-mutiny-vertx-bridge-common-2.21.0.jar:/home/runner/.m2/repository/io/vertx/vertx-web/4.2.7/vertx-web-4.2.7.jar:/home/runner/.m2/repository/io/vertx/vertx-web-common/4.2.7/vertx-web-common-4.2.7.jar:/home/runner/.m2/repository/io/vertx/vertx-auth-common/4.2.7/vertx-auth-common-4.2.7.jar:/home/runner/.m2/repository/io/vertx/vertx-bridge-common/4.2.7/vertx-bridge-common-4.2.7.jar:/home/runner/.m2/repository/io/quarkus/quarkus-swagger-ui/2.9.1.Final/quarkus-swagger-ui-2.9.1.Final.jar:/home/runner/.m2/repository/io/quarkus/quarkus-rest-client/2.9.1.Final/quarkus-rest-client-2.9.1.Final.jar:/home/runner/.m2/repository/io/quarkus/quarkus-resteasy-common/2.9.1.Final/quarkus-resteasy-common-2.9.1.Final.jar:/home/runner/.m2/repository/org/jboss/resteasy/resteasy-core/4.7.5.Final/resteasy-core-4.7.5.Final.jar:/home/runner/.m2/repository/org/jboss/resteasy/resteasy-core-spi/4.7.5.Final/resteasy-core-spi-4.7.5.Final.jar:/home/runner/.m2/repository/org/reactivestreams/reactive-streams/1.0.3/reactive-streams-1.0.3.jar:/home/runner/.m2/repository/jakarta/validation/jakarta.validation-api/2.0.2/jakarta.validation-api-2.0.2.jar:/home/runner/.m2/repository/com/ibm/async/asyncutil/0.1.0/asyncutil-0.1.0.jar:/home/runner/.m2/repository/com/sun/activation/jakarta.activation/1.2.1/jakarta.activation-1.2.1.jar:/home/runner/.m2/repository/io/quarkus/quarkus-apache-httpclient/2.9.1.Final/quarkus-apache-httpclient-2.9.1.Final.jar:/home/runner/.m2/repository/io/quarkus/quarkus-rest-client-config/2.9.1.Final/quarkus-rest-client-config-2.9.1.Final.jar:/home/runner/.m2/repository/org/eclipse/microprofile/rest/client/microprofile-rest-client-api/2.0/microprofile-rest-client-api-2.0.jar:/home/runner/.m2/repository/org/jboss/resteasy/resteasy-client-microprofile/4.7.5.Final/resteasy-client-microprofile-4.7.5.Final.jar:/home/runner/.m2/repository/org/jboss/resteasy/resteasy-client-microprofile-base/4.7.5.Final/resteasy-client-microprofile-base-4.7.5.Final.jar:/home/runner/.m2/repository/org/jboss/resteasy/resteasy-client/4.7.5.Final/resteasy-client-4.7.5.Final.jar:/home/runner/.m2/repository/org/jboss/resteasy/resteasy-client-api/4.7.5.Final/resteasy-client-api-4.7.5.Final.jar:/home/runner/.m2/repository/commons-io/commons-io/2.11.0/commons-io-2.11.0.jar:/home/runner/.m2/repository/org/jboss/resteasy/resteasy-cdi/4.7.5.Final/resteasy-cdi-4.7.5.Final.jar:/home/runner/.m2/repository/jakarta/interceptor/jakarta.interceptor-api/1.2.5/jakarta.interceptor-api-1.2.5.jar:/home/runner/.m2/repository/org/apache/httpcomponents/httpasyncclient/4.1.5/httpasyncclient-4.1.5.jar:/home/runner/.m2/repository/org/apache/httpcomponents/httpcore-nio/4.4.15/httpcore-nio-4.4.15.jar:/home/runner/.m2/repository/org/jboss/logging/commons-logging-jboss-logging/1.0.0.Final/commons-logging-jboss-logging-1.0.0.Final.jar:/home/runner/.m2/repository/io/quarkus/quarkus-rest-client-jackson/2.9.1.Final/quarkus-rest-client-jackson-2.9.1.Final.jar:/home/runner/.m2/repository/io/quarkus/quarkus-jackson/2.9.1.Final/quarkus-jackson-2.9.1.Final.jar:/home/runner/.m2/repository/com/fasterxml/jackson/datatype/jackson-datatype-jsr310/2.13.2/jackson-datatype-jsr310-2.13.2.jar:/home/runner/.m2/repository/com/fasterxml/jackson/datatype/jackson-datatype-jdk8/2.13.2/jackson-datatype-jdk8-2.13.2.jar:/home/runner/.m2/repository/com/fasterxml/jackson/module/jackson-module-parameter-names/2.13.2/jackson-module-parameter-names-2.13.2.jar:/home/runner/.m2/repository/org/jboss/resteasy/resteasy-jackson2-provider/4.7.5.Final/resteasy-jackson2-provider-4.7.5.Final.jar:/home/runner/.m2/repository/com/fasterxml/jackson/jaxrs/jackson-jaxrs-json-provider/2.13.2/jackson-jaxrs-json-provider-2.13.2.jar:/home/runner/.m2/repository/com/fasterxml/jackson/jaxrs/jackson-jaxrs-base/2.13.2/jackson-jaxrs-base-2.13.2.jar:/home/runner/.m2/repository/com/fasterxml/jackson/module/jackson-module-jaxb-annotations/2.13.2/jackson-module-jaxb-annotations-2.13.2.jar:/home/runner/.m2/repository/com/github/java-json-tools/json-patch/1.13/json-patch-1.13.jar:/home/runner/.m2/repository/com/github/java-json-tools/msg-simple/1.2/msg-simple-1.2.jar:/home/runner/.m2/repository/com/github/java-json-tools/btf/1.3/btf-1.3.jar:/home/runner/.m2/repository/com/github/java-json-tools/jackson-coreutils/2.0/jackson-coreutils-2.0.jar:/home/runner/.m2/repository/org/jboss/spec/javax/xml/bind/jboss-jaxb-api_2.3_spec/2.0.0.Final/jboss-jaxb-api_2.3_spec-2.0.0.Final.jar:/home/runner/.m2/repository/com/fasterxml/jackson/dataformat/jackson-dataformat-yaml/2.13.2/jackson-dataformat-yaml-2.13.2.jar:/home/runner/.m2/repository/org/yaml/snakeyaml/1.30/snakeyaml-1.30.jar:/home/runner/.m2/repository/io/quarkus/quarkus-devtools-registry-client/2.9.1.Final/quarkus-devtools-registry-client-2.9.1.Final.jar:/home/runner/.m2/repository/io/quarkus/quarkus-devtools-artifact-api/2.9.1.Final/quarkus-devtools-artifact-api-2.9.1.Final.jar:/home/runner/.m2/repository/io/quarkus/quarkus-devtools-message-writer/2.9.1.Final/quarkus-devtools-message-writer-2.9.1.Final.jar:/home/runner/.m2/repository/io/smallrye/common/smallrye-common-os/1.11.0/smallrye-common-os-1.11.0.jar:/home/runner/.m2/repository/io/quarkus/quarkus-bootstrap-maven-resolver/2.9.1.Final/quarkus-bootstrap-maven-resolver-2.9.1.Final.jar:/home/runner/.m2/repository/org/apache/maven/maven-embedder/3.8.4/maven-embedder-3.8.4.jar:/home/runner/.m2/repository/org/apache/maven/maven-settings/3.8.4/maven-settings-3.8.4.jar:/home/runner/.m2/repository/org/apache/maven/maven-core/3.8.4/maven-core-3.8.4.jar:/home/runner/.m2/repository/org/apache/maven/maven-artifact/3.8.4/maven-artifact-3.8.4.jar:/home/runner/.m2/repository/org/codehaus/plexus/plexus-component-annotations/2.1.0/plexus-component-annotations-2.1.0.jar:/home/runner/.m2/repository/org/apache/maven/maven-plugin-api/3.8.4/maven-plugin-api-3.8.4.jar:/home/runner/.m2/repository/org/apache/maven/maven-model/3.8.4/maven-model-3.8.4.jar:/home/runner/.m2/repository/org/apache/maven/maven-model-builder/3.8.4/maven-model-builder-3.8.4.jar:/home/runner/.m2/repository/org/apache/maven/maven-builder-support/3.8.4/maven-builder-support-3.8.4.jar:/home/runner/.m2/repository/org/apache/maven/resolver/maven-resolver-api/1.6.3/maven-resolver-api-1.6.3.jar:/home/runner/.m2/repository/org/apache/maven/resolver/maven-resolver-util/1.6.3/maven-resolver-util-1.6.3.jar:/home/runner/.m2/repository/org/apache/maven/shared/maven-shared-utils/3.3.4/maven-shared-utils-3.3.4.jar:/home/runner/.m2/repository/com/google/inject/guice/4.2.2/guice-4.2.2-no_aop.jar:/home/runner/.m2/repository/org/codehaus/plexus/plexus-classworlds/2.6.0/plexus-classworlds-2.6.0.jar:/home/runner/.m2/repository/org/codehaus/plexus/plexus-sec-dispatcher/2.0/plexus-sec-dispatcher-2.0.jar:/home/runner/.m2/repository/org/codehaus/plexus/plexus-cipher/2.0/plexus-cipher-2.0.jar:/home/runner/.m2/repository/commons-cli/commons-cli/1.4/commons-cli-1.4.jar:/home/runner/.m2/repository/org/eclipse/sisu/org.eclipse.sisu.plexus/0.3.5/org.eclipse.sisu.plexus-0.3.5.jar:/home/runner/.m2/repository/org/apache/maven/maven-settings-builder/3.8.4/maven-settings-builder-3.8.4.jar:/home/runner/.m2/repository/org/codehaus/plexus/plexus-interpolation/1.26/plexus-interpolation-1.26.jar:/home/runner/.m2/repository/org/apache/maven/maven-resolver-provider/3.8.4/maven-resolver-provider-3.8.4.jar:/home/runner/.m2/repository/org/apache/maven/maven-repository-metadata/3.8.4/maven-repository-metadata-3.8.4.jar:/home/runner/.m2/repository/org/apache/maven/resolver/maven-resolver-spi/1.6.3/maven-resolver-spi-1.6.3.jar:/home/runner/.m2/repository/org/apache/maven/resolver/maven-resolver-impl/1.6.3/maven-resolver-impl-1.6.3.jar:/home/runner/.m2/repository/org/codehaus/plexus/plexus-utils/3.3.0/plexus-utils-3.3.0.jar:/home/runner/.m2/repository/org/apache/maven/resolver/maven-resolver-connector-basic/1.6.3/maven-resolver-connector-basic-1.6.3.jar:/home/runner/.m2/repository/org/apache/maven/resolver/maven-resolver-transport-wagon/1.6.3/maven-resolver-transport-wagon-1.6.3.jar:/home/runner/.m2/repository/org/apache/maven/wagon/wagon-http/3.4.3/wagon-http-3.4.3.jar:/home/runner/.m2/repository/org/apache/maven/wagon/wagon-http-shared/3.4.3/wagon-http-shared-3.4.3.jar:/home/runner/.m2/repository/org/jsoup/jsoup/1.14.2/jsoup-1.14.2.jar:/home/runner/.m2/repository/org/apache/maven/wagon/wagon-provider-api/3.4.3/wagon-provider-api-3.4.3.jar:/home/runner/.m2/repository/org/apache/maven/wagon/wagon-file/3.4.3/wagon-file-3.4.3.jar:/home/runner/.m2/repository/org/junit/jupiter/junit-jupiter/5.8.2/junit-jupiter-5.8.2.jar:/home/runner/.m2/repository/org/junit/jupiter/junit-jupiter-api/5.8.2/junit-jupiter-api-5.8.2.jar:/home/runner/.m2/repository/org/opentest4j/opentest4j/1.2.0/opentest4j-1.2.0.jar:/home/runner/.m2/repository/org/junit/platform/junit-platform-commons/1.8.2/junit-platform-commons-1.8.2.jar:/home/runner/.m2/repository/org/apiguardian/apiguardian-api/1.1.2/apiguardian-api-1.1.2.jar:/home/runner/.m2/repository/org/junit/jupiter/junit-jupiter-params/5.8.2/junit-jupiter-params-5.8.2.jar:/home/runner/.m2/repository/org/junit/jupiter/junit-jupiter-engine/5.8.2/junit-jupiter-engine-5.8.2.jar:/home/runner/.m2/repository/org/junit/platform/junit-platform-engine/1.8.2/junit-platform-engine-1.8.2.jar:/home/runner/.m2/repository/org/testcontainers/junit-jupiter/1.17.6/junit-jupiter-1.17.6.jar:/home/runner/.m2/repository/org/testcontainers/testcontainers/1.17.6/testcontainers-1.17.6.jar:/home/runner/.m2/repository/junit/junit/4.13.2/junit-4.13.2.jar:/home/runner/.m2/repository/org/slf4j/slf4j-api/1.7.36/slf4j-api-1.7.36.jar:/home/runner/.m2/repository/org/apache/commons/commons-compress/1.21/commons-compress-1.21.jar:/home/runner/.m2/repository/org/rnorth/duct-tape/duct-tape/1.0.8/duct-tape-1.0.8.jar:/home/runner/.m2/repository/org/jetbrains/annotations/17.0.0/annotations-17.0.0.jar:/home/runner/.m2/repository/com/github/docker-java/docker-java-api/3.2.13/docker-java-api-3.2.13.jar:/home/runner/.m2/repository/com/github/docker-java/docker-java-transport-zerodep/3.2.13/docker-java-transport-zerodep-3.2.13.jar:/home/runner/.m2/repository/com/github/docker-java/docker-java-transport/3.2.13/docker-java-transport-3.2.13.jar:/home/runner/.m2/repository/net/java/dev/jna/jna/5.8.0/jna-5.8.0.jar:/home/runner/.m2/repository/org/testcontainers/postgresql/1.17.6/postgresql-1.17.6.jar:/home/runner/.m2/repository/org/testcontainers/jdbc/1.17.1/jdbc-1.17.1.jar:/home/runner/.m2/repository/org/testcontainers/database-commons/1.17.1/database-commons-1.17.1.jar:/home/runner/.m2/repository/org/testcontainers/elasticsearch/1.17.6/elasticsearch-1.17.6.jar:"/>
    <property name="sun.cpu.endian" value="little"/>
    <property name="user.home" value="/home/runner"/>
    <property name="user.language" value="en"/>
    <property name="java.specification.vendor" value="Oracle Corporation"/>
    <property name="io.netty.allocator.maxOrder" value="3"/>
    <property name="java.version.date" value="2023-04-18"/>
    <property name="java.home" value="/usr/lib/jvm/temurin-11-jdk-amd64"/>
    <property name="file.separator" value="/"/>
    <property name="basedir" value="/home/runner/work/core/core/tools/dotcms-cli/api-data-model"/>
    <property name="java.vm.compressedOopsMode" value="32-bit"/>
    <property name="line.separator" value="&#10;"/>
    <property name="java.specification.name" value="Java Platform API Specification"/>
    <property name="java.vm.specification.vendor" value="Oracle Corporation"/>
    <property name="java.awt.graphicsenv" value="sun.awt.X11GraphicsEnvironment"/>
    <property name="surefire.real.class.path" value="/home/runner/work/core/core/tools/dotcms-cli/api-data-model/target/surefire/surefirebooter12816306209610645722.jar"/>
    <property name="sun.management.compiler" value="HotSpot 64-Bit Tiered Compilers"/>
    <property name="java.runtime.version" value="11.0.19+7"/>
    <property name="user.name" value="runner"/>
    <property name="path.separator" value=":"/>
    <property name="os.version" value="5.15.0-1042-azure"/>
    <property name="java.runtime.name" value="OpenJDK Runtime Environment"/>
    <property name="file.encoding" value="UTF-8"/>
    <property name="jnidispatch.path" value="/home/runner/.cache/JNA/temp/jna16040282688620979258.tmp"/>
    <property name="java.vm.name" value="OpenJDK 64-Bit Server VM"/>
    <property name="jna.platform.library.path" value="/usr/lib/x86_64-linux-gnu:/lib/x86_64-linux-gnu:/usr/lib64:/lib64:/usr/lib:/lib:/lib32:/usr/local/lib:/usr/lib/x86_64-linux-gnu/libfakeroot"/>
    <property name="java.vendor.version" value="Temurin-11.0.19+7"/>
    <property name="localRepository" value="/home/runner/.m2/repository"/>
    <property name="jna.loaded" value="true"/>
    <property name="java.vendor.url.bug" value="https://github.com/adoptium/adoptium-support/issues"/>
    <property name="java.io.tmpdir" value="/tmp"/>
    <property name="quarkus.log.file.path" value="target/quarkus.log"/>
    <property name="java.version" value="11.0.19"/>
    <property name="java.util.concurrent.ForkJoinPool.common.threadFactory" value="io.quarkus.bootstrap.forkjoin.QuarkusForkJoinWorkerThreadFactory"/>
    <property name="user.dir" value="/home/runner/work/core/core/tools/dotcms-cli/api-data-model"/>
    <property name="os.arch" value="amd64"/>
    <property name="java.vm.specification.name" value="Java Virtual Machine Specification"/>
    <property name="vertx.disableDnsResolver" value="true"/>
    <property name="java.awt.printerjob" value="sun.print.PSPrinterJob"/>
    <property name="sun.os.patch.level" value="unknown"/>
    <property name="java.util.logging.manager" value="org.jboss.logmanager.LogManager"/>
    <property name="java.library.path" value="/usr/java/packages/lib:/usr/lib64:/lib64:/lib:/usr/lib"/>
    <property name="java.vm.info" value="mixed mode"/>
    <property name="java.vendor" value="Eclipse Adoptium"/>
    <property name="vertx.disableTCCL" value="true"/>
    <property name="java.vm.version" value="11.0.19+7"/>
    <property name="sun.io.unicode.encoding" value="UnicodeLittle"/>
    <property name="io.netty.machineId" value="08:7f:e2:fe:5a:34:b8:ba"/>
    <property name="java.class.version" value="55.0"/>
    <property name="mp.openapi.extensions.smallrye.defaultConsumes" value="application/json"/>
  </properties>
  <testcase name="Test_Asset_By_Path_Not_Found" classname="com.dotcms.api.AssetAPIIntegrationTest" time="36.062">
    <system-out><![CDATA[2023-08-04 12:53:48,710 INFO  [org.jbo.threads] (main) JBoss Threads version 3.4.2.Final
2023-08-04 12:53:50,342 WARN  [io.qua.dep.ste.ReflectiveHierarchyStep] (build-8) Unable to properly register the hierarchy of the following classes for reflection as they are not in the Jandex index:
	- com.google.common.collect.ImmutableList (sources: JacksonProcessor > com.dotcms.contenttype.model.field.BinaryField, JacksonProcessor > com.dotcms.contenttype.model.field.CategoryField, JacksonProcessor > com.dotcms.contenttype.model.field.CheckboxField, JacksonProcessor > com.dotcms.contenttype.model.field.ColumnField, JacksonProcessor > com.dotcms.contenttype.model.field.ConstantField, JacksonProcessor > com.dotcms.contenttype.model.field.CustomField, JacksonProcessor > com.dotcms.contenttype.model.field.DateField, JacksonProcessor > com.dotcms.contenttype.model.field.DateTimeField, JacksonProcessor > com.dotcms.contenttype.model.field.EmptyField, JacksonProcessor > com.dotcms.contenttype.model.field.FieldLayoutColumn, JacksonProcessor > com.dotcms.contenttype.model.field.FieldLayoutRow, JacksonProcessor > com.dotcms.contenttype.model.field.FileField, JacksonProcessor > com.dotcms.contenttype.model.field.HiddenField, JacksonProcessor > com.dotcms.contenttype.model.field.HostFolderField, JacksonProcessor > com.dotcms.contenttype.model.field.ImageField, JacksonProcessor > com.dotcms.contenttype.model.field.KeyValueField, JacksonProcessor > com.dotcms.contenttype.model.field.LineDividerField, JacksonProcessor > com.dotcms.contenttype.model.field.MultiSelectField, JacksonProcessor > com.dotcms.contenttype.model.field.PermissionTabField, JacksonProcessor > com.dotcms.contenttype.model.field.RadioField, JacksonProcessor > com.dotcms.contenttype.model.field.RelationshipField, JacksonProcessor > com.dotcms.contenttype.model.field.RelationshipsTabField, JacksonProcessor > com.dotcms.contenttype.model.field.RowField, JacksonProcessor > com.dotcms.contenttype.model.field.SelectField, JacksonProcessor > com.dotcms.contenttype.model.field.StoryBlockField, JacksonProcessor > com.dotcms.contenttype.model.field.TabDividerField, JacksonProcessor > com.dotcms.contenttype.model.field.TagField, JacksonProcessor > com.dotcms.contenttype.model.field.TextAreaField, JacksonProcessor > com.dotcms.contenttype.model.field.TextField, JacksonProcessor > com.dotcms.contenttype.model.field.TimeField, JacksonProcessor > com.dotcms.contenttype.model.field.WysiwygField, JacksonProcessor > com.dotcms.contenttype.model.type.DotAssetContentType, JacksonProcessor > com.dotcms.contenttype.model.type.FileAssetContentType, JacksonProcessor > com.dotcms.contenttype.model.type.FormContentType, JacksonProcessor > com.dotcms.contenttype.model.type.KeyValueContentType, JacksonProcessor > com.dotcms.contenttype.model.type.PageContentType, JacksonProcessor > com.dotcms.contenttype.model.type.PersonaContentType, JacksonProcessor > com.dotcms.contenttype.model.type.SimpleContentType, JacksonProcessor > com.dotcms.contenttype.model.type.VanityUrlContentType, JacksonProcessor > com.dotcms.contenttype.model.type.WidgetContentType, JacksonProcessor > com.dotcms.model.AbstractResponseEntityView, JacksonProcessor > com.dotcms.model.asset.AbstractAssetVersionsView, JacksonProcessor > com.dotcms.model.asset.AbstractFolderView, JacksonProcessor > com.dotcms.model.asset.AbstractWebAssetView)
	- com.google.common.collect.ImmutableList$Builder (source: JacksonProcessor > com.dotcms.model.ResponseEntityView$Builder)
	- com.google.common.collect.ImmutableMap (sources: JacksonProcessor > com.dotcms.model.AbstractResponseEntityView, JacksonProcessor > com.dotcms.model.asset.AbstractAssetView, JacksonProcessor > com.dotcms.model.contenttype.AbstractFilterContentTypesRequest)
	- com.google.common.collect.ImmutableMap$Builder (source: JacksonProcessor > com.dotcms.model.ResponseEntityView$Builder)
	- io.quarkus.maven.dependency.ArtifactKey (source: JacksonProcessor > io.quarkus.registry.config.RegistriesConfigImpl$Builder)
Consider adding them to the index either by creating a Jandex index for your dependency via the Maven plugin, an empty META-INF/beans.xml or quarkus.index-dependency properties.
2023-08-04 12:53:50,509 WARN  [org.tes.uti.TestcontainersConfiguration] (main) Attempted to read Testcontainers configuration file at file:/home/runner/.testcontainers.properties but the file was not found. Exception message: FileNotFoundException: /home/runner/.testcontainers.properties (No such file or directory)
2023-08-04 12:53:50,511 INFO  [org.tes.uti.ImageNameSubstitutor] (main) Image name substitution will be performed by: DefaultImageNameSubstitutor (composite of 'ConfigurationFileImageNameSubstitutor' and 'PrefixingImageNameSubstitutor')
2023-08-04 12:53:51,078 INFO  [org.tes.doc.DockerClientProviderStrategy] (pool-4-thread-1) Found Docker environment with local Unix socket (unix:///var/run/docker.sock)
2023-08-04 12:53:51,080 INFO  [org.tes.DockerClientFactory] (pool-4-thread-1) Docker host IP address is localhost
2023-08-04 12:53:51,095 INFO  [org.tes.DockerClientFactory] (pool-4-thread-1) Connected to docker: 
  Server Version: 23.0.6+azure-2
  API Version: 1.42
  Operating System: Ubuntu 22.04.2 LTS
  Total Memory: 6931 MB
2023-08-04 12:53:51,095 INFO  [org.tes.uti.RyukResourceReaper] (pool-4-thread-1) Ryuk started - will monitor and terminate Testcontainers containers on JVM exit
2023-08-04 12:53:51,095 INFO  [org.tes.DockerClientFactory] (pool-4-thread-1) Checking the system...
2023-08-04 12:53:51,096 INFO  [org.tes.DockerClientFactory] (pool-4-thread-1) ✔︎ Docker server version should be at least 1.6.0
2023-08-04 12:53:51,117 INFO  [🐳 .3.4]] (pool-4-thread-1) Pulling docker image: testcontainers/ryuk:0.3.4. Please be patient; this may take some time but only needs to be done once.
2023-08-04 12:53:51,851 INFO  [🐳 .3.4]] (docker-java-stream-289205122) Starting to pull image
2023-08-04 12:53:51,871 INFO  [🐳 .3.4]] (docker-java-stream-289205122) Pulling image layers:  0 pending,  0 downloaded,  0 extracted, (0 bytes/0 bytes)
2023-08-04 12:53:52,237 INFO  [🐳 .3.4]] (docker-java-stream-289205122) Pulling image layers:  2 pending,  1 downloaded,  0 extracted, (316 KB/? MB)
2023-08-04 12:53:52,279 INFO  [🐳 .3.4]] (docker-java-stream-289205122) Pulling image layers:  1 pending,  2 downloaded,  0 extracted, (316 KB/? MB)
2023-08-04 12:53:52,288 INFO  [🐳 .3.4]] (docker-java-stream-289205122) Pulling image layers:  0 pending,  3 downloaded,  0 extracted, (2 MB/5 MB)
2023-08-04 12:53:52,440 INFO  [🐳 .3.4]] (docker-java-stream-289205122) Pulling image layers:  0 pending,  3 downloaded,  1 extracted, (5 MB/5 MB)
2023-08-04 12:53:52,644 INFO  [🐳 .3.4]] (docker-java-stream-289205122) Pulling image layers:  0 pending,  3 downloaded,  2 extracted, (5 MB/5 MB)
2023-08-04 12:53:52,802 INFO  [🐳 .3.4]] (docker-java-stream-289205122) Pulling image layers:  0 pending,  3 downloaded,  3 extracted, (5 MB/5 MB)
2023-08-04 12:53:52,837 INFO  [🐳 .3.4]] (pool-4-thread-1) Creating container for image: testcontainers/ryuk:0.3.4
2023-08-04 12:53:52,893 INFO  [🐳 .3.4]] (pool-4-thread-1) Container testcontainers/ryuk:0.3.4 is starting: 517fcf5962f05358580ad4b775812da145855d68bc72fee2afa76cb1e7776072
2023-08-04 12:53:53,324 INFO  [🐳 .3.4]] (pool-4-thread-1) Container testcontainers/ryuk:0.3.4 started in PT2.226822S
2023-08-04 12:53:53,331 INFO  [org.tes.con.DockerComposeContainer] (pool-4-thread-1) Preemptively checking local images for '${DOTCMS_IMAGE}:latest', referenced via a compose file or transitive Dockerfile. If not available, it will be pulled.
2023-08-04 12:53:53,332 WARN  [org.tes.con.DockerComposeContainer] (pool-4-thread-1) Unable to pre-fetch an image (${DOTCMS_IMAGE}:latest) depended upon by Docker Compose build - startup will continue but may fail. Exception message was: Illegal group reference
2023-08-04 12:53:53,332 INFO  [org.tes.con.DockerComposeContainer] (pool-4-thread-1) Preemptively checking local images for 'docker.elastic.co/elasticsearch/elasticsearch:7.16.1', referenced via a compose file or transitive Dockerfile. If not available, it will be pulled.
2023-08-04 12:53:53,337 INFO  [🐳 .ela.co/.16.1]] (pool-4-thread-1) Pulling docker image: docker.elastic.co/elasticsearch/elasticsearch:7.16.1. Please be patient; this may take some time but only needs to be done once.
2023-08-04 12:53:55,347 INFO  [🐳 .ela.co/.16.1]] (docker-java-stream-1435080084) Starting to pull image
2023-08-04 12:53:55,348 INFO  [🐳 .ela.co/.16.1]] (docker-java-stream-1435080084) Pulling image layers:  0 pending,  0 downloaded,  0 extracted, (0 bytes/0 bytes)
2023-08-04 12:53:57,100 INFO  [🐳 .ela.co/.16.1]] (docker-java-stream-1435080084) Pulling image layers:  7 pending,  1 downloaded,  0 extracted, (82 KB/? MB)
2023-08-04 12:53:57,184 INFO  [🐳 .ela.co/.16.1]] (docker-java-stream-1435080084) Pulling image layers:  6 pending,  2 downloaded,  0 extracted, (402 KB/? MB)
2023-08-04 12:53:57,310 INFO  [🐳 .ela.co/.16.1]] (docker-java-stream-1435080084) Pulling image layers:  5 pending,  3 downloaded,  0 extracted, (13 MB/? MB)
2023-08-04 12:53:57,392 INFO  [🐳 .ela.co/.16.1]] (docker-java-stream-1435080084) Pulling image layers:  4 pending,  4 downloaded,  0 extracted, (13 MB/? MB)
2023-08-04 12:53:57,558 INFO  [🐳 .ela.co/.16.1]] (docker-java-stream-1435080084) Pulling image layers:  3 pending,  5 downloaded,  0 extracted, (25 MB/? MB)
2023-08-04 12:53:57,840 INFO  [🐳 .ela.co/.16.1]] (docker-java-stream-1435080084) Pulling image layers:  2 pending,  6 downloaded,  0 extracted, (51 MB/? MB)
2023-08-04 12:53:58,031 INFO  [🐳 .ela.co/.16.1]] (docker-java-stream-1435080084) Pulling image layers:  1 pending,  7 downloaded,  0 extracted, (78 MB/? MB)
2023-08-04 12:53:58,881 INFO  [🐳 .ela.co/.16.1]] (docker-java-stream-1435080084) Pulling image layers:  1 pending,  7 downloaded,  1 extracted, (221 MB/? MB)
2023-08-04 12:54:00,390 INFO  [🐳 .ela.co/.16.1]] (docker-java-stream-1435080084) Pulling image layers:  0 pending,  8 downloaded,  1 extracted, (376 MB/391 MB)
2023-08-04 12:54:01,200 INFO  [🐳 .ela.co/.16.1]] (docker-java-stream-1435080084) Pulling image layers:  0 pending,  8 downloaded,  2 extracted, (376 MB/391 MB)
2023-08-04 12:54:01,291 INFO  [🐳 .ela.co/.16.1]] (docker-java-stream-1435080084) Pulling image layers:  0 pending,  8 downloaded,  3 extracted, (376 MB/391 MB)
2023-08-04 12:54:07,792 INFO  [🐳 .ela.co/.16.1]] (docker-java-stream-1435080084) Pulling image layers:  0 pending,  8 downloaded,  4 extracted, (391 MB/391 MB)
2023-08-04 12:54:07,852 INFO  [🐳 .ela.co/.16.1]] (docker-java-stream-1435080084) Pulling image layers:  0 pending,  8 downloaded,  5 extracted, (391 MB/391 MB)
2023-08-04 12:54:07,912 INFO  [🐳 .ela.co/.16.1]] (docker-java-stream-1435080084) Pulling image layers:  0 pending,  8 downloaded,  6 extracted, (391 MB/391 MB)
2023-08-04 12:54:07,975 INFO  [🐳 .ela.co/.16.1]] (docker-java-stream-1435080084) Pulling image layers:  0 pending,  8 downloaded,  7 extracted, (391 MB/391 MB)
2023-08-04 12:54:08,048 INFO  [🐳 .ela.co/.16.1]] (docker-java-stream-1435080084) Pulling image layers:  0 pending,  8 downloaded,  8 extracted, (391 MB/391 MB)
2023-08-04 12:54:08,054 INFO  [🐳 .ela.co/.16.1]] (docker-java-stream-1435080084) Pull complete. 8 layers, pulled in 12s (downloaded 391 MB at 32 MB/s)
2023-08-04 12:54:08,058 INFO  [org.tes.con.DockerComposeContainer] (pool-4-thread-1) Preemptively checking local images for 'postgres:15', referenced via a compose file or transitive Dockerfile. If not available, it will be pulled.
2023-08-04 12:54:08,059 INFO  [🐳 [postgres:15]] (pool-4-thread-1) Pulling docker image: postgres:15. Please be patient; this may take some time but only needs to be done once.
2023-08-04 12:54:08,727 INFO  [🐳 [postgres:15]] (docker-java-stream-1823912210) Starting to pull image
2023-08-04 12:54:08,728 INFO  [🐳 [postgres:15]] (docker-java-stream-1823912210) Pulling image layers:  0 pending,  0 downloaded,  0 extracted, (0 bytes/0 bytes)
2023-08-04 12:54:09,087 INFO  [🐳 [postgres:15]] (docker-java-stream-1823912210) Pulling image layers: 12 pending,  1 downloaded,  0 extracted, (1 KB/? MB)
2023-08-04 12:54:09,202 INFO  [🐳 [postgres:15]] (docker-java-stream-1823912210) Pulling image layers: 11 pending,  2 downloaded,  0 extracted, (333 KB/? MB)
2023-08-04 12:54:09,375 INFO  [🐳 [postgres:15]] (docker-java-stream-1823912210) Pulling image layers: 10 pending,  3 downloaded,  0 extracted, (25 MB/? MB)
2023-08-04 12:54:09,404 INFO  [🐳 [postgres:15]] (docker-java-stream-1823912210) Pulling image layers:  9 pending,  4 downloaded,  0 extracted, (25 MB/? MB)
2023-08-04 12:54:09,595 INFO  [🐳 [postgres:15]] (docker-java-stream-1823912210) Pulling image layers:  8 pending,  5 downloaded,  0 extracted, (30 MB/? MB)
2023-08-04 12:54:09,607 INFO  [🐳 [postgres:15]] (docker-java-stream-1823912210) Pulling image layers:  7 pending,  6 downloaded,  0 extracted, (30 MB/? MB)
2023-08-04 12:54:09,691 INFO  [🐳 [postgres:15]] (docker-java-stream-1823912210) Pulling image layers:  6 pending,  7 downloaded,  0 extracted, (30 MB/? MB)
2023-08-04 12:54:09,798 INFO  [🐳 [postgres:15]] (docker-java-stream-1823912210) Pulling image layers:  5 pending,  8 downloaded,  0 extracted, (30 MB/? MB)
2023-08-04 12:54:09,908 INFO  [🐳 [postgres:15]] (docker-java-stream-1823912210) Pulling image layers:  4 pending,  9 downloaded,  0 extracted, (30 MB/? MB)
2023-08-04 12:54:09,994 INFO  [🐳 [postgres:15]] (docker-java-stream-1823912210) Pulling image layers:  3 pending, 10 downloaded,  0 extracted, (39 MB/? MB)
2023-08-04 12:54:10,089 INFO  [🐳 [postgres:15]] (docker-java-stream-1823912210) Pulling image layers:  2 pending, 11 downloaded,  0 extracted, (54 MB/? MB)
2023-08-04 12:54:10,217 INFO  [🐳 [postgres:15]] (docker-java-stream-1823912210) Pulling image layers:  1 pending, 12 downloaded,  0 extracted, (70 MB/? MB)
2023-08-04 12:54:10,683 INFO  [🐳 [postgres:15]] (docker-java-stream-1823912210) Pulling image layers:  0 pending, 13 downloaded,  0 extracted, (118 MB/141 MB)
2023-08-04 12:54:10,897 INFO  [🐳 [postgres:15]] (docker-java-stream-1823912210) Pulling image layers:  0 pending, 13 downloaded,  1 extracted, (120 MB/141 MB)
2023-08-04 12:54:11,700 INFO  [🐳 [postgres:15]] (docker-java-stream-1823912210) Pulling image layers:  0 pending, 13 downloaded,  2 extracted, (120 MB/141 MB)
2023-08-04 12:54:11,904 INFO  [🐳 [postgres:15]] (docker-java-stream-1823912210) Pulling image layers:  0 pending, 13 downloaded,  3 extracted, (124 MB/141 MB)
2023-08-04 12:54:12,026 INFO  [🐳 [postgres:15]] (docker-java-stream-1823912210) Pulling image layers:  0 pending, 13 downloaded,  4 extracted, (125 MB/141 MB)
2023-08-04 12:54:12,438 INFO  [🐳 [postgres:15]] (docker-java-stream-1823912210) Pulling image layers:  0 pending, 13 downloaded,  5 extracted, (128 MB/141 MB)
2023-08-04 12:54:12,555 INFO  [🐳 [postgres:15]] (docker-java-stream-1823912210) Pulling image layers:  0 pending, 13 downloaded,  6 extracted, (129 MB/141 MB)
2023-08-04 12:54:12,606 INFO  [🐳 [postgres:15]] (docker-java-stream-1823912210) Pulling image layers:  0 pending, 13 downloaded,  7 extracted, (129 MB/141 MB)
2023-08-04 12:54:12,664 INFO  [🐳 [postgres:15]] (docker-java-stream-1823912210) Pulling image layers:  0 pending, 13 downloaded,  8 extracted, (129 MB/141 MB)
2023-08-04 12:54:16,797 INFO  [🐳 [postgres:15]] (docker-java-stream-1823912210) Pulling image layers:  0 pending, 13 downloaded,  9 extracted, (141 MB/141 MB)
2023-08-04 12:54:16,871 INFO  [🐳 [postgres:15]] (docker-java-stream-1823912210) Pulling image layers:  0 pending, 13 downloaded, 10 extracted, (141 MB/141 MB)
2023-08-04 12:54:16,930 INFO  [🐳 [postgres:15]] (docker-java-stream-1823912210) Pulling image layers:  0 pending, 13 downloaded, 11 extracted, (141 MB/141 MB)
2023-08-04 12:54:16,988 INFO  [🐳 [postgres:15]] (docker-java-stream-1823912210) Pulling image layers:  0 pending, 13 downloaded, 12 extracted, (141 MB/141 MB)
2023-08-04 12:54:17,044 INFO  [🐳 [postgres:15]] (docker-java-stream-1823912210) Pulling image layers:  0 pending, 13 downloaded, 13 extracted, (141 MB/141 MB)
2023-08-04 12:54:17,052 INFO  [🐳 [postgres:15]] (docker-java-stream-1823912210) Pull complete. 13 layers, pulled in 8s (downloaded 141 MB at 17 MB/s)
2023-08-04 12:54:17,066 INFO  [🐳 .29.2]] (pool-4-thread-1) Pulling docker image: docker/compose:1.29.2. Please be patient; this may take some time but only needs to be done once.
2023-08-04 12:54:17,773 INFO  [🐳 .29.2]] (docker-java-stream-1042572278) Starting to pull image
2023-08-04 12:54:17,774 INFO  [🐳 .29.2]] (docker-java-stream-1042572278) Pulling image layers:  0 pending,  0 downloaded,  0 extracted, (0 bytes/0 bytes)
2023-08-04 12:54:17,987 INFO  [🐳 .29.2]] (docker-java-stream-1042572278) Pulling image layers:  3 pending,  1 downloaded,  0 extracted, (27 KB/? MB)
2023-08-04 12:54:18,073 INFO  [🐳 .29.2]] (docker-java-stream-1042572278) Pulling image layers:  2 pending,  2 downloaded,  0 extracted, (2 MB/? MB)
2023-08-04 12:54:18,213 INFO  [🐳 .29.2]] (docker-java-stream-1042572278) Pulling image layers:  1 pending,  3 downloaded,  0 extracted, (17 MB/? MB)
2023-08-04 12:54:18,242 INFO  [🐳 .29.2]] (docker-java-stream-1042572278) Pulling image layers:  1 pending,  3 downloaded,  1 extracted, (18 MB/? MB)
2023-08-04 12:54:18,347 INFO  [🐳 .29.2]] (docker-java-stream-1042572278) Pulling image layers:  1 pending,  3 downloaded,  2 extracted, (20 MB/? MB)
2023-08-04 12:54:18,391 INFO  [🐳 .29.2]] (docker-java-stream-1042572278) Pulling image layers:  0 pending,  4 downloaded,  2 extracted, (20 MB/27 MB)
2023-08-04 12:54:18,984 INFO  [🐳 .29.2]] (docker-java-stream-1042572278) Pulling image layers:  0 pending,  4 downloaded,  3 extracted, (21 MB/27 MB)
2023-08-04 12:54:19,146 INFO  [🐳 .29.2]] (docker-java-stream-1042572278) Pulling image layers:  0 pending,  4 downloaded,  4 extracted, (27 MB/27 MB)
2023-08-04 12:54:19,152 INFO  [🐳 .29.2]] (docker-java-stream-1042572278) Pull complete. 4 layers, pulled in 1s (downloaded 27 MB at 27 MB/s)
2023-08-04 12:54:19,155 INFO  [🐳 .29.2]] (pool-4-thread-1) Creating container for image: docker/compose:1.29.2
2023-08-04 12:54:19,734 INFO  [🐳 .29.2]] (pool-4-thread-1) Container docker/compose:1.29.2 is starting: 6579837a4e1efbb14b69ce310903e3759155d2352281a7254eddd6b204c3b78d
2023-08-04 12:54:39,824 INFO  [🐳 .29.2]] (pool-4-thread-1) Container docker/compose:1.29.2 started in PT20.668631S
2023-08-04 12:54:39,827 INFO  [🐳 .29.2]] (pool-4-thread-1) Docker Compose container is running for command: up -d
2023-08-04 12:54:39,845 INFO  [🐳 .29.2]] (docker-java-stream-1838333318) STDERR: Creating network "dotcms-envkgegk3_dotcms-net" with the default driver
2023-08-04 12:54:39,846 INFO  [🐳 .29.2]] (docker-java-stream-1838333318) STDERR: Creating volume "dotcms-envkgegk3_postgres-data" with default driver
2023-08-04 12:54:39,849 INFO  [🐳 .29.2]] (pool-4-thread-1) Docker Compose has finished running
2023-08-04 12:54:39,850 INFO  [🐳 .29.2]] (docker-java-stream-1838333318) STDERR: Creating volume "dotcms-envkgegk3_elasticsearch-data" with default driver
2023-08-04 12:54:39,851 INFO  [🐳 .29.2]] (docker-java-stream-1838333318) STDERR: Creating volume "dotcms-envkgegk3_dotcms-shared" with default driver
2023-08-04 12:54:39,851 INFO  [🐳 .29.2]] (docker-java-stream-1838333318) STDERR: Pulling dotcms (dotcms/dotcms:master_latest_SNAPSHOT)...
2023-08-04 12:54:39,852 INFO  [🐳 .29.2]] (docker-java-stream-1838333318) STDOUT: master_latest_SNAPSHOT: Pulling from dotcms/dotcms
2023-08-04 12:54:39,856 INFO  [🐳 .29.2]] (docker-java-stream-1838333318) STDOUT: Digest: sha256:d93bde4fd515bde4d04cd88df762b4b6767955f4d74dbf3e3641939cb4de11d8
2023-08-04 12:54:39,856 INFO  [🐳 .29.2]] (docker-java-stream-1838333318) STDOUT: Status: Downloaded newer image for dotcms/dotcms:master_latest_SNAPSHOT
2023-08-04 12:54:39,856 INFO  [🐳 .29.2]] (docker-java-stream-1838333318) STDERR: Creating dotcms-envkgegk3_postgres_1 ... 
2023-08-04 12:54:39,856 INFO  [🐳 .29.2]] (docker-java-stream-1838333318) STDERR: Creating dotcms-envkgegk3_elasticsearch_1 ... 
2023-08-04 12:54:39,857 INFO  [🐳 .29.2]] (docker-java-stream-1838333318) STDERR: Creating dotcms-envkgegk3_postgres_1      ... done
2023-08-04 12:54:39,857 INFO  [🐳 .29.2]] (docker-java-stream-1838333318) STDERR: Creating dotcms-envkgegk3_elasticsearch_1 ... done
2023-08-04 12:54:39,857 INFO  [🐳 .29.2]] (docker-java-stream-1838333318) STDERR: Creating dotcms-envkgegk3_dotcms_1        ... 
2023-08-04 12:54:39,857 INFO  [🐳 .29.2]] (docker-java-stream-1838333318) STDERR: Creating dotcms-envkgegk3_dotcms_1        ... done
2023-08-04 12:54:39,865 INFO  [🐳 .7.4.3-r0]] (pool-4-thread-1) Pulling docker image: alpine/socat:1.7.4.3-r0. Please be patient; this may take some time but only needs to be done once.
2023-08-04 12:54:40,509 INFO  [🐳 .7.4.3-r0]] (docker-java-stream--10949359) Starting to pull image
2023-08-04 12:54:40,510 INFO  [🐳 .7.4.3-r0]] (docker-java-stream--10949359) Pulling image layers:  0 pending,  0 downloaded,  0 extracted, (0 bytes/0 bytes)
2023-08-04 12:54:41,345 INFO  [🐳 .7.4.3-r0]] (docker-java-stream--10949359) Pulling image layers:  1 pending,  1 downloaded,  0 extracted, (34 KB/? MB)
2023-08-04 12:54:41,371 INFO  [🐳 .7.4.3-r0]] (docker-java-stream--10949359) Pulling image layers:  0 pending,  2 downloaded,  0 extracted, (34 KB/3 MB)
2023-08-04 12:54:41,626 INFO  [🐳 .7.4.3-r0]] (docker-java-stream--10949359) Pulling image layers:  0 pending,  2 downloaded,  1 extracted, (2 MB/3 MB)
2023-08-04 12:54:41,779 INFO  [🐳 .7.4.3-r0]] (docker-java-stream--10949359) Pulling image layers:  0 pending,  2 downloaded,  2 extracted, (3 MB/3 MB)
2023-08-04 12:54:41,786 INFO  [🐳 .7.4.3-r0]] (docker-java-stream--10949359) Pull complete. 2 layers, pulled in 1s (downloaded 3 MB at 3 MB/s)
2023-08-04 12:54:41,787 INFO  [🐳 .7.4.3-r0]] (pool-4-thread-1) Creating container for image: alpine/socat:1.7.4.3-r0
2023-08-04 12:54:41,888 INFO  [🐳 .7.4.3-r0]] (pool-4-thread-1) Container alpine/socat:1.7.4.3-r0 is starting: 0c15353c7abc588eb416f53639574c64d9e9ab68e006c4324a2211d21c835c06
2023-08-04 12:54:42,729 INFO  [🐳 .7.4.3-r0]] (pool-4-thread-1) Container alpine/socat:1.7.4.3-r0 started in PT2.870947S
2023-08-04 12:54:42,748 INFO  [com.dot.ContainerResource] (docker-java-stream-824381349) STDOUT: Using default starter
2023-08-04 12:54:42,755 INFO  [com.dot.ContainerResource] (docker-java-stream-824381349) STDOUT: 
2023-08-04 12:54:42,760 INFO  [com.dot.ContainerResource] (docker-java-stream-824381349) STDOUT: Starting dotCMS ...
2023-08-04 12:54:42,760 INFO  [com.dot.ContainerResource] (docker-java-stream-824381349) STDOUT: -------------------
2023-08-04 12:54:42,761 INFO  [com.dot.ContainerResource] (docker-java-stream-824381349) STDOUT: 
2023-08-04 12:54:42,809 INFO  [com.dot.ContainerResource] (docker-java-stream-824381349) STDERR: NOTE: Picked up JDK_JAVA_OPTIONS:  --add-opens=java.base/java.lang=ALL-UNNAMED --add-opens=java.base/java.io=ALL-UNNAMED --add-opens=java.base/java.util=ALL-UNNAMED --add-opens=java.base/java.util.concurrent=ALL-UNNAMED --add-opens=java.rmi/sun.rmi.transport=ALL-UNNAMED
2023-08-04 12:54:42,809 INFO  [com.dot.ContainerResource] (docker-java-stream-824381349) STDERR: 04-Aug-2023 12:54:40.794 WARNING [main] org.apache.tomcat.util.net.SSLHostConfigCertificate.setStoreType The property [Certificate.certificateKeystorePassword] was set on the SSLHostConfigCertificate named [_default_] and is for certificate storage type [KEYSTORE] but the certificate is being used with a storage of type [PEM]
2023-08-04 12:54:42,809 INFO  [com.dot.ContainerResource] (docker-java-stream-824381349) STDERR: 04-Aug-2023 12:54:40.886 INFO [main] org.apache.catalina.startup.VersionLoggerListener.log Server version name:   Apache Tomcat/9.0.60
2023-08-04 12:54:42,809 INFO  [com.dot.ContainerResource] (docker-java-stream-824381349) STDERR: 04-Aug-2023 12:54:40.886 INFO [main] org.apache.catalina.startup.VersionLoggerListener.log Server built:          Mar 9 2022 14:52:25 UTC
2023-08-04 12:54:42,809 INFO  [com.dot.ContainerResource] (docker-java-stream-824381349) STDERR: 04-Aug-2023 12:54:40.886 INFO [main] org.apache.catalina.startup.VersionLoggerListener.log Server version number: 9.0.60.0
2023-08-04 12:54:42,809 INFO  [com.dot.ContainerResource] (docker-java-stream-824381349) STDERR: 04-Aug-2023 12:54:40.887 INFO [main] org.apache.catalina.startup.VersionLoggerListener.log OS Name:               Linux
2023-08-04 12:54:42,809 INFO  [com.dot.ContainerResource] (docker-java-stream-824381349) STDERR: 04-Aug-2023 12:54:40.887 INFO [main] org.apache.catalina.startup.VersionLoggerListener.log OS Version:            5.15.0-1042-azure
2023-08-04 12:54:42,810 INFO  [com.dot.ContainerResource] (docker-java-stream-824381349) STDERR: 04-Aug-2023 12:54:40.887 INFO [main] org.apache.catalina.startup.VersionLoggerListener.log Architecture:          amd64
2023-08-04 12:54:42,810 INFO  [com.dot.ContainerResource] (docker-java-stream-824381349) STDERR: 04-Aug-2023 12:54:40.887 INFO [main] org.apache.catalina.startup.VersionLoggerListener.log Java Home:             /java
2023-08-04 12:54:42,810 INFO  [com.dot.ContainerResource] (docker-java-stream-824381349) STDERR: 04-Aug-2023 12:54:40.887 INFO [main] org.apache.catalina.startup.VersionLoggerListener.log JVM Version:           11.0.17+8-LTS
2023-08-04 12:54:42,816 INFO  [com.dot.ContainerResource] (docker-java-stream-824381349) STDERR: 04-Aug-2023 12:54:40.887 INFO [main] org.apache.catalina.startup.VersionLoggerListener.log JVM Vendor:            Amazon.com Inc.
2023-08-04 12:54:42,817 INFO  [com.dot.ContainerResource] (docker-java-stream-824381349) STDERR: 04-Aug-2023 12:54:40.887 INFO [main] org.apache.catalina.startup.VersionLoggerListener.log CATALINA_BASE:         /srv/dotserver/tomcat-9.0.60
2023-08-04 12:54:42,817 INFO  [com.dot.ContainerResource] (docker-java-stream-824381349) STDERR: 04-Aug-2023 12:54:40.887 INFO [main] org.apache.catalina.startup.VersionLoggerListener.log CATALINA_HOME:         /srv/dotserver/tomcat-9.0.60
2023-08-04 12:54:42,817 INFO  [com.dot.ContainerResource] (docker-java-stream-824381349) STDERR: 04-Aug-2023 12:54:40.916 INFO [main] org.apache.catalina.startup.VersionLoggerListener.log Command line argument: --add-opens=java.base/java.lang=ALL-UNNAMED
2023-08-04 12:54:42,817 INFO  [com.dot.ContainerResource] (docker-java-stream-824381349) STDERR: 04-Aug-2023 12:54:40.917 INFO [main] org.apache.catalina.startup.VersionLoggerListener.log Command line argument: --add-opens=java.base/java.io=ALL-UNNAMED
2023-08-04 12:54:42,817 INFO  [com.dot.ContainerResource] (docker-java-stream-824381349) STDERR: 04-Aug-2023 12:54:40.917 INFO [main] org.apache.catalina.startup.VersionLoggerListener.log Command line argument: --add-opens=java.base/java.util=ALL-UNNAMED
2023-08-04 12:54:42,817 INFO  [com.dot.ContainerResource] (docker-java-stream-824381349) STDERR: 04-Aug-2023 12:54:40.917 INFO [main] org.apache.catalina.startup.VersionLoggerListener.log Command line argument: --add-opens=java.base/java.util.concurrent=ALL-UNNAMED
2023-08-04 12:54:42,817 INFO  [com.dot.ContainerResource] (docker-java-stream-824381349) STDERR: 04-Aug-2023 12:54:40.917 INFO [main] org.apache.catalina.startup.VersionLoggerListener.log Command line argument: --add-opens=java.rmi/sun.rmi.transport=ALL-UNNAMED
2023-08-04 12:54:42,817 INFO  [com.dot.ContainerResource] (docker-java-stream-824381349) STDERR: 04-Aug-2023 12:54:40.917 INFO [main] org.apache.catalina.startup.VersionLoggerListener.log Command line argument: -Djava.util.logging.config.file=/srv/dotserver/tomcat/conf/logging.properties
2023-08-04 12:54:42,817 INFO  [com.dot.ContainerResource] (docker-java-stream-824381349) STDERR: 04-Aug-2023 12:54:40.917 INFO [main] org.apache.catalina.startup.VersionLoggerListener.log Command line argument: -Djava.util.logging.manager=org.apache.juli.ClassLoaderLogManager
2023-08-04 12:54:42,818 INFO  [com.dot.ContainerResource] (docker-java-stream-824381349) STDERR: 04-Aug-2023 12:54:40.917 INFO [main] org.apache.catalina.startup.VersionLoggerListener.log Command line argument: -Djava.awt.headless=true
2023-08-04 12:54:42,818 INFO  [com.dot.ContainerResource] (docker-java-stream-824381349) STDERR: 04-Aug-2023 12:54:40.917 INFO [main] org.apache.catalina.startup.VersionLoggerListener.log Command line argument: -Xverify:none
2023-08-04 12:54:42,818 INFO  [com.dot.ContainerResource] (docker-java-stream-824381349) STDERR: 04-Aug-2023 12:54:40.917 INFO [main] org.apache.catalina.startup.VersionLoggerListener.log Command line argument: -Dfile.encoding=UTF8
2023-08-04 12:54:42,818 INFO  [com.dot.ContainerResource] (docker-java-stream-824381349) STDERR: 04-Aug-2023 12:54:40.917 INFO [main] org.apache.catalina.startup.VersionLoggerListener.log Command line argument: -Dpdfbox.fontcache=/data/local/dotsecure
2023-08-04 12:54:42,818 INFO  [com.dot.ContainerResource] (docker-java-stream-824381349) STDERR: 04-Aug-2023 12:54:40.918 INFO [main] org.apache.catalina.startup.VersionLoggerListener.log Command line argument: -Dlog4j2.formatMsgNoLookups=true
2023-08-04 12:54:42,818 INFO  [com.dot.ContainerResource] (docker-java-stream-824381349) STDERR: 04-Aug-2023 12:54:40.918 INFO [main] org.apache.catalina.startup.VersionLoggerListener.log Command line argument: -Djava.library.path=/usr/lib/x86_64-linux-gnu/
2023-08-04 12:54:42,818 INFO  [com.dot.ContainerResource] (docker-java-stream-824381349) STDERR: 04-Aug-2023 12:54:40.918 INFO [main] org.apache.catalina.startup.VersionLoggerListener.log Command line argument: -XX:+UseShenandoahGC
2023-08-04 12:54:42,818 INFO  [com.dot.ContainerResource] (docker-java-stream-824381349) STDERR: 04-Aug-2023 12:54:40.918 INFO [main] org.apache.catalina.startup.VersionLoggerListener.log Command line argument: -XX:+UnlockExperimentalVMOptions
2023-08-04 12:54:42,818 INFO  [com.dot.ContainerResource] (docker-java-stream-824381349) STDERR: 04-Aug-2023 12:54:40.918 INFO [main] org.apache.catalina.startup.VersionLoggerListener.log Command line argument: -XX:ShenandoahUncommitDelay=1000
2023-08-04 12:54:42,818 INFO  [com.dot.ContainerResource] (docker-java-stream-824381349) STDERR: 04-Aug-2023 12:54:40.918 INFO [main] org.apache.catalina.startup.VersionLoggerListener.log Command line argument: -XX:ShenandoahGuaranteedGCInterval=10000
2023-08-04 12:54:42,818 INFO  [com.dot.ContainerResource] (docker-java-stream-824381349) STDERR: 04-Aug-2023 12:54:40.918 INFO [main] org.apache.catalina.startup.VersionLoggerListener.log Command line argument: -Xmx1G
2023-08-04 12:54:42,819 INFO  [com.dot.ContainerResource] (docker-java-stream-824381349) STDERR: 04-Aug-2023 12:54:40.918 INFO [main] org.apache.catalina.startup.VersionLoggerListener.log Command line argument: -Xmx1g
2023-08-04 12:54:42,819 INFO  [com.dot.ContainerResource] (docker-java-stream-824381349) STDERR: 04-Aug-2023 12:54:40.918 INFO [main] org.apache.catalina.startup.VersionLoggerListener.log Command line argument: -Djdk.tls.ephemeralDHKeySize=2048
2023-08-04 12:54:42,819 INFO  [com.dot.ContainerResource] (docker-java-stream-824381349) STDERR: 04-Aug-2023 12:54:40.919 INFO [main] org.apache.catalina.startup.VersionLoggerListener.log Command line argument: -Djava.protocol.handler.pkgs=org.apache.catalina.webresources
2023-08-04 12:54:42,819 INFO  [com.dot.ContainerResource] (docker-java-stream-824381349) STDERR: 04-Aug-2023 12:54:40.919 INFO [main] org.apache.catalina.startup.VersionLoggerListener.log Command line argument: -Dorg.apache.catalina.security.SecurityListener.UMASK=0027
2023-08-04 12:54:42,819 INFO  [com.dot.ContainerResource] (docker-java-stream-824381349) STDERR: 04-Aug-2023 12:54:40.920 INFO [main] org.apache.catalina.startup.VersionLoggerListener.log Command line argument: -Dorg.apache.tomcat.util.digester.PROPERTY_SOURCE=org.apache.tomcat.util.digester.EnvironmentPropertySource
2023-08-04 12:54:42,819 INFO  [com.dot.ContainerResource] (docker-java-stream-824381349) STDERR: 04-Aug-2023 12:54:40.920 INFO [main] org.apache.catalina.startup.VersionLoggerListener.log Command line argument: -Dfile.encoding=UTF8
2023-08-04 12:54:42,819 INFO  [com.dot.ContainerResource] (docker-java-stream-824381349) STDERR: 04-Aug-2023 12:54:40.920 INFO [main] org.apache.catalina.startup.VersionLoggerListener.log Command line argument: --illegal-access=warn
2023-08-04 12:54:42,819 INFO  [com.dot.ContainerResource] (docker-java-stream-824381349) STDERR: 04-Aug-2023 12:54:40.920 INFO [main] org.apache.catalina.startup.VersionLoggerListener.log Command line argument: --add-opens=java.base/java.lang=ALL-UNNAMED
2023-08-04 12:54:42,819 INFO  [com.dot.ContainerResource] (docker-java-stream-824381349) STDERR: 04-Aug-2023 12:54:40.920 INFO [main] org.apache.catalina.startup.VersionLoggerListener.log Command line argument: --add-opens=java.base/java.io=ALL-UNNAMED
2023-08-04 12:54:42,819 INFO  [com.dot.ContainerResource] (docker-java-stream-824381349) STDERR: 04-Aug-2023 12:54:40.921 INFO [main] org.apache.catalina.startup.VersionLoggerListener.log Command line argument: --add-opens=java.rmi/sun.rmi.transport=ALL-UNNAMED
2023-08-04 12:54:42,820 INFO  [com.dot.ContainerResource] (docker-java-stream-824381349) STDERR: 04-Aug-2023 12:54:40.921 INFO [main] org.apache.catalina.startup.VersionLoggerListener.log Command line argument: -Djavax.xml.transform.TransformerFactory=com.sun.org.apache.xalan.internal.xsltc.trax.TransformerFactoryImpl
2023-08-04 12:54:42,820 INFO  [com.dot.ContainerResource] (docker-java-stream-824381349) STDERR: 04-Aug-2023 12:54:40.921 INFO [main] org.apache.catalina.startup.VersionLoggerListener.log Command line argument: -Djavax.xml.parsers.DocumentBuilderFactory=com.sun.org.apache.xerces.internal.jaxp.DocumentBuilderFactoryImpl
2023-08-04 12:54:42,820 INFO  [com.dot.ContainerResource] (docker-java-stream-824381349) STDERR: 04-Aug-2023 12:54:40.921 INFO [main] org.apache.catalina.startup.VersionLoggerListener.log Command line argument: -Djavax.xml.parsers.SAXParserFactory=com.sun.org.apache.xerces.internal.jaxp.SAXParserFactoryImpl
2023-08-04 12:54:42,820 INFO  [com.dot.ContainerResource] (docker-java-stream-824381349) STDERR: 04-Aug-2023 12:54:40.921 INFO [main] org.apache.catalina.startup.VersionLoggerListener.log Command line argument: -Dorg.apache.tomcat.util.digester.PROPERTY_SOURCE=org.
2023-08-04 12:54:42,836 INFO  [com.dot.ContainerResource] (docker-java-stream-824381349) STDERR: apache.tomcat.util.digester.EnvironmentPropertySource
2023-08-04 12:54:42,836 INFO  [com.dot.ContainerResource] (docker-java-stream-824381349) STDERR: 04-Aug-2023 12:54:40.921 INFO [main] org.apache.catalina.startup.VersionLoggerListener.log Command line argument: -Dignore.endorsed.dirs=
2023-08-04 12:54:42,837 INFO  [com.dot.ContainerResource] (docker-java-stream-824381349) STDERR: 04-Aug-2023 12:54:40.921 INFO [main] org.apache.catalina.startup.VersionLoggerListener.log Command line argument: -Dcatalina.base=/srv/dotserver/tomcat
2023-08-04 12:54:42,837 INFO  [com.dot.ContainerResource] (docker-java-stream-824381349) STDERR: 04-Aug-2023 12:54:40.921 INFO [main] org.apache.catalina.startup.VersionLoggerListener.log Command line argument: -Dcatalina.home=/srv/dotserver/tomcat
2023-08-04 12:54:42,837 INFO  [com.dot.ContainerResource] (docker-java-stream-824381349) STDERR: 04-Aug-2023 12:54:40.921 INFO [main] org.apache.catalina.startup.VersionLoggerListener.log Command line argument: -Djava.io.tmpdir=/srv/dotserver/tomcat/temp
2023-08-04 12:54:42,837 INFO  [com.dot.ContainerResource] (docker-java-stream-824381349) STDERR: 04-Aug-2023 12:54:40.932 INFO [main] org.apache.catalina.core.AprLifecycleListener.lifecycleEvent An older version [1.2.23] of the Apache Tomcat Native library is installed, while Tomcat recommends a minimum version of [1.2.30]
2023-08-04 12:54:42,837 INFO  [com.dot.ContainerResource] (docker-java-stream-824381349) STDERR: 04-Aug-2023 12:54:40.932 INFO [main] org.apache.catalina.core.AprLifecycleListener.lifecycleEvent Loaded Apache Tomcat Native library [1.2.23] using APR version [1.6.5].
2023-08-04 12:54:42,837 INFO  [com.dot.ContainerResource] (docker-java-stream-824381349) STDERR: 04-Aug-2023 12:54:40.932 INFO [main] org.apache.catalina.core.AprLifecycleListener.lifecycleEvent APR capabilities: IPv6 [true], sendfile [true], accept filters [false], random [true], UDS [false].
2023-08-04 12:54:42,838 INFO  [com.dot.ContainerResource] (docker-java-stream-824381349) STDERR: 04-Aug-2023 12:54:40.932 INFO [main] org.apache.catalina.core.AprLifecycleListener.lifecycleEvent APR/OpenSSL configuration: useAprConnector [false], useOpenSSL [true]
2023-08-04 12:54:42,838 INFO  [com.dot.ContainerResource] (docker-java-stream-824381349) STDERR: 04-Aug-2023 12:54:40.941 INFO [main] org.apache.catalina.core.AprLifecycleListener.initializeSSL OpenSSL successfully initialized [OpenSSL 1.1.1f  31 Mar 2020]
2023-08-04 12:54:42,838 INFO  [com.dot.ContainerResource] (docker-java-stream-824381349) STDERR: 04-Aug-2023 12:54:41.964 INFO [main] org.apache.coyote.AbstractProtocol.init Initializing ProtocolHandler ["http-nio2-8080"]
2023-08-04 12:54:42,839 INFO  [com.dot.ContainerResource] (docker-java-stream-824381349) STDERR: 04-Aug-2023 12:54:41.991 WARNING [main] org.apache.tomcat.util.net.Nio2Endpoint.bind The NIO2 connector requires an exclusive executor to operate properly on shutdown
2023-08-04 12:54:42,842 INFO  [com.dot.ContainerResource] (docker-java-stream-824381349) STDERR: 04-Aug-2023 12:54:42.129 INFO [main] org.apache.coyote.AbstractProtocol.init Initializing ProtocolHandler ["http-nio2-8081"]
2023-08-04 12:54:42,843 INFO  [com.dot.ContainerResource] (docker-java-stream-824381349) STDERR: 04-Aug-2023 12:54:42.130 WARNING [main] org.apache.tomcat.util.net.Nio2Endpoint.bind The NIO2 connector requires an exclusive executor to operate properly on shutdown
2023-08-04 12:54:42,843 INFO  [com.dot.ContainerResource] (docker-java-stream-824381349) STDERR: 04-Aug-2023 12:54:42.131 INFO [main] org.apache.coyote.AbstractProtocol.init Initializing ProtocolHandler ["http-nio2-8082"]
2023-08-04 12:54:42,847 INFO  [com.dot.ContainerResource] (docker-java-stream-824381349) STDERR: 04-Aug-2023 12:54:42.131 WARNING [main] org.apache.tomcat.util.net.Nio2Endpoint.bind The NIO2 connector requires an exclusive executor to operate properly on shutdown
2023-08-04 12:54:42,847 INFO  [com.dot.ContainerResource] (docker-java-stream-824381349) STDERR: 04-Aug-2023 12:54:42.133 INFO [main] org.apache.coyote.AbstractProtocol.init Initializing ProtocolHandler ["https-openssl-nio2-8443"]
2023-08-04 12:54:42,847 INFO  [com.dot.ContainerResource] (docker-java-stream-824381349) STDERR: 04-Aug-2023 12:54:42.133 WARNING [main] org.apache.tomcat.util.net.Nio2Endpoint.bind The NIO2 connector requires an exclusive executor to operate properly on shutdown
2023-08-04 12:54:42,847 INFO  [com.dot.ContainerResource] (docker-java-stream-824381349) STDERR: 04-Aug-2023 12:54:42.436 INFO [main] org.apache.catalina.startup.Catalina.load Server initialization in [2132] milliseconds
2023-08-04 12:54:42,848 INFO  [com.dot.ContainerResource] (docker-java-stream-824381349) STDERR: 04-Aug-2023 12:54:42.626 INFO [main] org.apache.catalina.core.StandardService.startInternal Starting service [Catalina]
2023-08-04 12:54:42,848 INFO  [com.dot.ContainerResource] (docker-java-stream-824381349) STDERR: 04-Aug-2023 12:54:42.626 INFO [main] org.apache.catalina.core.StandardEngine.startInternal Starting Servlet engine: [Apache Tomcat/9.0.60]
2023-08-04 12:54:42,848 INFO  [com.dot.ContainerResource] (docker-java-stream-824381349) STDERR: 04-Aug-2023 12:54:42.685 INFO [main] org.apache.catalina.startup.HostConfig.deployDirectory Deploying web application directory [/srv/dotserver/tomcat-9.0.60/webapps/ROOT]
2023-08-04 12:54:43,088 INFO  [org.tes.con.wai.str.HttpWaitStrategy] (ducttape-0) /dotcms-envkgegk3_elasticsearch_1: Waiting for 60 seconds for URL: http://localhost:32770/ (where port 32770 maps to container port 9200)
2023-08-04 12:54:51,241 INFO  [com.dot.ContainerResource] (docker-java-stream-824381349) STDOUT: 12:54:51.201  INFO  loggers.Log4jUtil - Async Logger enabled: true
2023-08-04 12:54:51,262 INFO  [com.dot.ContainerResource] (docker-java-stream-824381349) STDOUT: 12:54:51.235  INFO  listeners.ContextLifecycleListener - Installing the web socket
2023-08-04 12:54:53,459 INFO  [com.dot.ContainerResource] (docker-java-stream-824381349) STDOUT: 12:54:53.459  INFO  business.CacheLocator - loading cache administrator: ChainableCacheAdministratorImpl
2023-08-04 12:54:53,870 INFO  [com.dot.ContainerResource] (docker-java-stream-824381349) STDERR: SLF4J: No SLF4J providers were found.
2023-08-04 12:54:53,892 INFO  [com.dot.ContainerResource] (docker-java-stream-824381349) STDERR: SLF4J: Defaulting to no-operation (NOP) logger implementation
2023-08-04 12:54:53,892 INFO  [com.dot.ContainerResource] (docker-java-stream-824381349) STDERR: SLF4J: See https://www.slf4j.org/codes.html#noProviders for further details.
2023-08-04 12:54:54,861 INFO  [com.dot.ContainerResource] (docker-java-stream-824381349) STDOUT: 12:54:54.860  INFO  db.DataSourceStrategyProvider - Datasource loaded using custom class com.dotmarketing.db.SystemEnvDataSourceStrategy
2023-08-04 12:54:54,923 INFO  [com.dot.ContainerResource] (docker-java-stream-824381349) STDOUT: 12:54:54.923  INFO  cfg.Environment - Hibernate 2.1.8
2023-08-04 12:54:54,930 INFO  [com.dot.ContainerResource] (docker-java-stream-824381349) STDOUT: 12:54:54.929  INFO  cfg.Environment - hibernate.properties not found
2023-08-04 12:54:54,948 INFO  [com.dot.ContainerResource] (docker-java-stream-824381349) STDOUT: 12:54:54.947  INFO  cfg.Environment - using CGLIB reflection optimizer
2023-08-04 12:54:54,950 INFO  [com.dot.ContainerResource] (docker-java-stream-824381349) STDOUT: 12:54:54.950  INFO  cfg.Environment - using JDK 1.4 java.sql.Timestamp handling
2023-08-04 12:54:54,979 INFO  [com.dot.ContainerResource] (docker-java-stream-824381349) STDOUT: 12:54:54.979  INFO  cfg.Configuration - configuring from resource: /hibernate.cfg.xml
2023-08-04 12:54:54,980 INFO  [com.dot.ContainerResource] (docker-java-stream-824381349) STDOUT: 12:54:54.980  INFO  cfg.Configuration - Configuration resource: /hibernate.cfg.xml
2023-08-04 12:54:55,255 INFO  [com.dot.ContainerResource] (docker-java-stream-824381349) STDOUT: 12:54:55.253  INFO  cfg.Configuration - Configured SessionFactory: null
2023-08-04 12:54:55,256 INFO  [com.dot.ContainerResource] (docker-java-stream-824381349) STDOUT: 12:54:55.253  INFO  cfg.Configuration - Mapping resource: META-INF/portal-hbm.xml
2023-08-04 12:54:55,461 INFO  [com.dot.ContainerResource] (docker-java-stream-824381349) STDOUT: 12:54:55.454  INFO  cfg.Binder - Mapping class: com.liferay.portal.ejb.AddressHBM -> Address
2023-08-04 12:54:55,700 INFO  [com.dot.ContainerResource] (docker-java-stream-824381349) STDOUT: 12:54:55.700  INFO  cfg.Binder - Mapping class: com.liferay.portal.ejb.CompanyHBM -> Company
2023-08-04 12:54:55,709 INFO  [com.dot.ContainerResource] (docker-java-stream-824381349) STDOUT: 12:54:55.709  INFO  cfg.Binder - Mapping class: com.liferay.portal.ejb.ImageHBM -> Image
2023-08-04 12:54:55,712 INFO  [com.dot.ContainerResource] (docker-java-stream-824381349) STDOUT: 12:54:55.711  INFO  cfg.Binder - Mapping class: com.liferay.portal.ejb.PasswordTrackerHBM -> PasswordTracker
2023-08-04 12:54:55,718 INFO  [com.dot.ContainerResource] (docker-java-stream-824381349) STDOUT: 12:54:55.718  INFO  cfg.Binder - Mapping class: com.liferay.portal.ejb.UserHBM -> User_
2023-08-04 12:54:55,723 INFO  [com.dot.ContainerResource] (docker-java-stream-824381349) STDOUT: 12:54:55.723  INFO  cfg.Binder - Mapping class: com.liferay.portal.ejb.UserTrackerHBM -> UserTracker
2023-08-04 12:54:55,732 INFO  [com.dot.ContainerResource] (docker-java-stream-824381349) STDOUT: 12:54:55.732  INFO  cfg.Binder - Mapping class: com.liferay.portal.ejb.UserTrackerPathHBM -> UserTrackerPath
2023-08-04 12:54:55,738 INFO  [com.dot.ContainerResource] (docker-java-stream-824381349) STDOUT: 12:54:55.738  INFO  cfg.Binder - Mapping class: com.liferay.portlet.admin.ejb.AdminConfigHBM -> AdminConfig
2023-08-04 12:54:55,739 INFO  [com.dot.ContainerResource] (docker-java-stream-824381349) STDOUT: 12:54:55.739  INFO  cfg.Configuration - Mapping resource: com/dotmarketing/beans/DotCMSSeq.hbm.xml
2023-08-04 12:54:55,799 INFO  [com.dot.ContainerResource] (docker-java-stream-824381349) STDOUT: 12:54:55.798  INFO  cfg.Binder - Mapping class: com.dotmarketing.beans.Inode -> inode
2023-08-04 12:54:55,842 INFO  [com.dot.ContainerResource] (docker-java-stream-824381349) STDOUT: 12:54:55.842  INFO  cfg.Binder - Mapping joined-subclass: com.dotmarketing.portlets.containers.model.Container -> dot_containers
2023-08-04 12:54:55,852 INFO  [com.dot.ContainerResource] (docker-java-stream-824381349) STDOUT: 12:54:55.851  INFO  cfg.Binder - Mapping joined-subclass: com.dotmarketing.portlets.links.model.Link -> links
2023-08-04 12:54:55,869 INFO  [com.dot.ContainerResource] (docker-java-stream-824381349) STDOUT: 12:54:55.869  INFO  cfg.Binder - Mapping joined-subclass: com.dotmarketing.portlets.structure.model.Field -> field
2023-08-04 12:54:55,879 INFO  [com.dot.ContainerResource] (docker-java-stream-824381349) STDOUT: 12:54:55.874  INFO  cfg.Binder - Mapping class: com.dotmarketing.portlets.workflows.model.WorkflowTask -> workflow_task
2023-08-04 12:54:55,889 INFO  [com.dot.ContainerResource] (docker-java-stream-824381349) STDOUT: 12:54:55.888  INFO  cfg.Binder - Mapping class: com.dotmarketing.portlets.workflows.model.WorkflowComment -> workflow_comment
2023-08-04 12:54:55,896 INFO  [com.dot.ContainerResource] (docker-java-stream-824381349) STDOUT: 12:54:55.895  INFO  cfg.Binder - Mapping class: com.dotmarketing.portlets.workflows.model.WorkflowHistory -> workflow_history
2023-08-04 12:54:55,908 INFO  [com.dot.ContainerResource] (docker-java-stream-824381349) STDOUT: 12:54:55.907  INFO  cfg.Binder - Mapping class: com.dotmarketing.portlets.workflows.model.WorkFlowTaskFiles -> workflowtask_files
2023-08-04 12:54:55,913 INFO  [com.dot.ContainerResource] (docker-java-stream-824381349) STDOUT: 12:54:55.912  INFO  cfg.Binder - Mapping class: com.dotmarketing.beans.Permission -> permission
2023-08-04 12:54:55,923 INFO  [com.dot.ContainerResource] (docker-java-stream-824381349) STDOUT: 12:54:55.923  INFO  cfg.Binder - Mapping class: com.dotmarketing.beans.PermissionReference -> permission_reference
2023-08-04 12:54:55,930 INFO  [com.dot.ContainerResource] (docker-java-stream-824381349) STDOUT: 12:54:55.930  INFO  cfg.Binder - Mapping class: com.dotmarketing.beans.Tree -> tree
2023-08-04 12:54:56,321 INFO  [com.dot.ContainerResource] (docker-java-stream-824381349) STDOUT: 12:54:56.320  INFO  cfg.Binder - Mapping class: com.dotmarketing.beans.MultiTree -> multi_tree
2023-08-04 12:54:56,393 INFO  [com.dot.ContainerResource] (docker-java-stream-824381349) STDOUT: 12:54:56.391  INFO  util.ReflectHelper - reflection optimizer disabled for: com.dotmarketing.beans.MultiTree, BulkBeanException: Index 1 out of bounds for length 0 (property setParent1)
2023-08-04 12:54:56,397 INFO  [com.dot.ContainerResource] (docker-java-stream-824381349) STDOUT: 12:54:56.396  INFO  cfg.Binder - Mapping class: com.dotmarketing.beans.Clickstream -> clickstream
2023-08-04 12:54:56,443 INFO  [com.dot.ContainerResource] (docker-java-stream-824381349) STDOUT: 12:54:56.439  INFO  cfg.Binder - Mapping class: com.dotmarketing.beans.ClickstreamRequest -> clickstream_request
2023-08-04 12:54:56,444 INFO  [com.dot.ContainerResource] (docker-java-stream-824381349) STDOUT: 12:54:56.443  INFO  cfg.Binder - Mapping class: com.dotmarketing.beans.Clickstream404 -> clickstream_404
2023-08-04 12:54:56,451 INFO  [com.dot.ContainerResource] (docker-java-stream-824381349) STDOUT: 12:54:56.449  INFO  cfg.Binder - Mapping class: com.dotmarketing.tag.model.Tag -> tag
2023-08-04 12:54:56,453 INFO  [com.dot.ContainerResource] (docker-java-stream-824381349) STDOUT: 12:54:56.453  INFO  cfg.Binder - Mapping class: com.dotmarketing.tag.model.TagInode -> tag_inode
2023-08-04 12:54:56,559 INFO  [com.dot.ContainerResource] (docker-java-stream-824381349) STDOUT: 12:54:56.552  INFO  cfg.Binder - Mapping class: com.dotmarketing.beans.ChallengeQuestion -> challenge_question
2023-08-04 12:54:56,560 INFO  [com.dot.ContainerResource] (docker-java-stream-824381349) STDOUT: 12:54:56.554  INFO  cfg.Binder - Mapping class: com.dotmarketing.beans.UsersToDelete -> users_to_delete
2023-08-04 12:54:56,575 INFO  [com.dot.ContainerResource] (docker-java-stream-824381349) STDOUT: 12:54:56.558  INFO  cfg.Binder - Mapping class: com.dotmarketing.plugin.model.Plugin -> plugin
2023-08-04 12:54:56,590 INFO  [com.dot.ContainerResource] (docker-java-stream-824381349) STDOUT: 12:54:56.587  INFO  cfg.Binder - Mapping class: com.dotmarketing.business.Role -> cms_role
2023-08-04 12:54:56,596 INFO  [com.dot.ContainerResource] (docker-java-stream-824381349) STDOUT: 12:54:56.592  INFO  cfg.Binder - Mapping class: com.dotmarketing.business.UsersRoles -> users_cms_roles
2023-08-04 12:54:56,597 INFO  [com.dot.ContainerResource] (docker-java-stream-824381349) STDOUT: 12:54:56.596  INFO  cfg.Binder - Mapping class: com.dotmarketing.business.LayoutsRoles -> layouts_cms_roles
2023-08-04 12:54:56,599 INFO  [com.dot.ContainerResource] (docker-java-stream-824381349) STDOUT: 12:54:56.598  INFO  cfg.Binder - Mapping class: com.dotmarketing.business.Layout -> cms_layout
2023-08-04 12:54:56,605 INFO  [com.dot.ContainerResource] (docker-java-stream-824381349) STDOUT: 12:54:56.602  INFO  cfg.Binder - Mapping class: com.dotmarketing.business.PortletsLayouts -> cms_layouts_portlets
2023-08-04 12:54:56,609 INFO  [com.dot.ContainerResource] (docker-java-stream-824381349) STDOUT: 12:54:56.606  INFO  cfg.Binder - Mapping class: com.dotmarketing.portlets.hostvariable.model.HostVariable -> host_variable
2023-08-04 12:54:56,610 INFO  [com.dot.ContainerResource] (docker-java-stream-824381349) STDOUT: 12:54:56.609  INFO  cfg.Binder - Mapping class: com.dotmarketing.beans.FixAudit -> fixes_audit
2023-08-04 12:54:56,616 INFO  [com.dot.ContainerResource] (docker-java-stream-824381349) STDOUT: 12:54:56.613  INFO  cfg.Binder - Mapping class: com.dotmarketing.beans.ContainerStructure -> container_structures
2023-08-04 12:54:56,621 INFO  [com.dot.ContainerResource] (docker-java-stream-824381349) STDOUT: 12:54:56.620  INFO  cfg.Binder - Mapping class: com.dotmarketing.portlets.templates.model.TemplateVersionInfo -> template_version_info
2023-08-04 12:54:56,627 INFO  [com.dot.ContainerResource] (docker-java-stream-824381349) STDOUT: 12:54:56.624  INFO  cfg.Binder - Mapping class: com.dotmarketing.portlets.containers.model.ContainerVersionInfo -> container_version_info
2023-08-04 12:54:56,630 INFO  [com.dot.ContainerResource] (docker-java-stream-824381349) STDOUT: 12:54:56.629  INFO  cfg.Binder - Mapping class: com.dotmarketing.portlets.links.model.LinkVersionInfo -> link_version_info
2023-08-04 12:54:56,631 INFO  [com.dot.ContainerResource] (docker-java-stream-824381349) STDOUT: 12:54:56.629  INFO  cfg.Configuration - Mapping resource: com/dotmarketing/beans/DotCMSSeq_NOSQLGEN.hbm.xml
2023-08-04 12:54:56,663 INFO  [com.dot.ContainerResource] (docker-java-stream-824381349) STDOUT: 12:54:56.656  INFO  cfg.Binder - Mapping class: com.dotmarketing.plugin.model.PluginProperty -> plugin_property
2023-08-04 12:54:56,757 INFO  [com.dot.ContainerResource] (docker-java-stream-824381349) STDOUT: 12:54:56.757  INFO  cfg.Configuration - processing one-to-many association mappings
2023-08-04 12:54:56,760 INFO  [com.dot.ContainerResource] (docker-java-stream-824381349) STDOUT: 12:54:56.760  INFO  cfg.Binder - Mapping collection: com.dotmarketing.beans.Clickstream.clickstreamRequests -> clickstream_request
2023-08-04 12:54:56,761 INFO  [com.dot.ContainerResource] (docker-java-stream-824381349) STDOUT: 12:54:56.761  INFO  cfg.Configuration - processing one-to-one association property references
2023-08-04 12:54:56,762 INFO  [com.dot.ContainerResource] (docker-java-stream-824381349) STDOUT: 12:54:56.762  INFO  cfg.Configuration - processing foreign key constraints
2023-08-04 12:54:56,779 INFO  [com.dot.ContainerResource] (docker-java-stream-824381349) STDOUT: 12:54:56.778  INFO  dialect.Dialect - Using dialect: com.dotcms.repackage.net.sf.hibernate.dialect.PostgreSQLDialect
2023-08-04 12:54:56,785 INFO  [com.dot.ContainerResource] (docker-java-stream-824381349) STDOUT: 12:54:56.785  INFO  cfg.SettingsFactory - Use outer join fetching: true
2023-08-04 12:54:56,801 INFO  [com.dot.ContainerResource] (docker-java-stream-824381349) STDOUT: 12:54:56.800  WARN  connection.UserSuppliedConnectionProvider - No connection properties specified - the user must supply JDBC connections
2023-08-04 12:54:56,807 INFO  [com.dot.ContainerResource] (docker-java-stream-824381349) STDOUT: 12:54:56.806  INFO  transaction.TransactionManagerLookupFactory - No TransactionManagerLookup configured (in JTA environment, use of process level read-write cache is not recommended)
2023-08-04 12:54:56,818 INFO  [com.dot.ContainerResource] (docker-java-stream-824381349) STDOUT: 12:54:56.817  INFO  cfg.SettingsFactory - Use scrollable result sets: true
2023-08-04 12:54:56,820 INFO  [com.dot.ContainerResource] (docker-java-stream-824381349) STDOUT: 12:54:56.819  INFO  cfg.SettingsFactory - Use JDBC3 getGeneratedKeys(): false
2023-08-04 12:54:56,821 INFO  [com.dot.ContainerResource] (docker-java-stream-824381349) STDOUT: 12:54:56.820  INFO  cfg.SettingsFactory - Optimize cache for minimal puts: false
2023-08-04 12:54:56,822 INFO  [com.dot.ContainerResource] (docker-java-stream-824381349) STDOUT: 12:54:56.821  INFO  cfg.SettingsFactory - Query language substitutions: {}
2023-08-04 12:54:56,822 INFO  [com.dot.ContainerResource] (docker-java-stream-824381349) STDOUT: 12:54:56.822  INFO  cfg.SettingsFactory - cache provider: com.dotmarketing.db.NoCacheProvider
2023-08-04 12:54:56,829 INFO  [com.dot.ContainerResource] (docker-java-stream-824381349) STDOUT: 12:54:56.828  INFO  cfg.Configuration - instantiating and configuring caches
2023-08-04 12:54:56,845 INFO  [com.dot.ContainerResource] (docker-java-stream-824381349) STDOUT: 12:54:56.844  INFO  impl.SessionFactoryImpl - building session factory
2023-08-04 12:54:56,995 INFO  [com.dot.ContainerResource] (docker-java-stream-824381349) STDOUT: 12:54:56.994  INFO  util.ReflectHelper - reflection optimizer disabled for: com.dotmarketing.beans.MultiTree, BulkBeanException: Index 1 out of bounds for length 0 (property setTreeOrder)
2023-08-04 12:54:57,965 INFO  [com.dot.ContainerResource] (docker-java-stream-824381349) STDOUT: 12:54:57.962  INFO  impl.SessionFactoryObjectFactory - Not binding factory to JNDI, no JNDI name configured
2023-08-04 12:54:58,451 INFO  [com.dot.ContainerResource] (docker-java-stream-824381349) STDOUT: 12:54:58.450  WARN  license.LicenseManager - Cannot upsert License to db (every 120000 millis)
2023-08-04 12:54:58,457 INFO  [com.dot.ContainerResource] (docker-java-stream-824381349) STDOUT: 12:54:58.457  INFO  servlets.InitServlet - 
2023-08-04 12:54:58,458 INFO  [com.dot.ContainerResource] (docker-java-stream-824381349) STDOUT: 12:54:58.458  INFO  servlets.InitServlet -  * Copyright (c) 2023 dotCMS Inc. 
2023-08-04 12:54:58,459 INFO  [com.dot.ContainerResource] (docker-java-stream-824381349) STDOUT: 12:54:58.459  INFO  servlets.InitServlet -  * This software, code and any modifications to the code are licensed under the terms of the dotCMS Enterprise License 
2023-08-04 12:54:58,459 INFO  [com.dot.ContainerResource] (docker-java-stream-824381349) STDOUT: 12:54:58.459  INFO  servlets.InitServlet -  * which can be found here : https://www.github.com/dotCMS/core/LICENSE 
2023-08-04 12:54:58,460 INFO  [com.dot.ContainerResource] (docker-java-stream-824381349) STDOUT: 12:54:58.460  INFO  servlets.InitServlet - 
2023-08-04 12:54:58,478 INFO  [com.dot.ContainerResource] (docker-java-stream-824381349) STDOUT: 12:54:58.478  INFO  h22.H22Cache - Initing H22 cache db:0
2023-08-04 12:54:58,484 INFO  [com.dot.ContainerResource] (docker-java-stream-824381349) STDOUT: 12:54:58.484  INFO  h22.H22Cache - Building new H22 Cache, db:0
2023-08-04 12:54:58,514 INFO  [com.dot.ContainerResource] (docker-java-stream-824381349) STDOUT: 12:54:58.513  INFO  h22.H22HikariPool - H22 on disk cache:jdbc:h2:/data/local/dotsecure/h22cache/0/2023-08-04_12-54-58/cache;MVCC=TRUE;DB_CLOSE_ON_EXIT=FALSE
2023-08-04 12:54:59,129 INFO  [com.dot.ContainerResource] (docker-java-stream-824381349) STDOUT: 12:54:59.128  INFO  h22.H22Cache - Initing H22 cache db:1
2023-08-04 12:54:59,130 INFO  [com.dot.ContainerResource] (docker-java-stream-824381349) STDOUT: 12:54:59.130  INFO  h22.H22Cache - Building new H22 Cache, db:1
2023-08-04 12:54:59,132 INFO  [com.dot.ContainerResource] (docker-java-stream-824381349) STDOUT: 12:54:59.131  INFO  h22.H22HikariPool - H22 on disk cache:jdbc:h2:/data/local/dotsecure/h22cache/1/2023-08-04_12-54-59/cache;MVCC=TRUE;DB_CLOSE_ON_EXIT=FALSE
2023-08-04 12:54:59,216 INFO  [com.dot.ContainerResource] (docker-java-stream-824381349) STDOUT: 12:54:59.216  INFO  timedcache.TimedCacheProvider - ===== Initializing [Timed Cache Provider].
2023-08-04 12:54:59,223 INFO  [com.dot.ContainerResource] (docker-java-stream-824381349) STDOUT: 12:54:59.222  INFO  timedcache.TimedCacheProvider - ***	 Cache Config Memory : esquerycache: 10000
2023-08-04 12:54:59,223 INFO  [com.dot.ContainerResource] (docker-java-stream-824381349) STDOUT: 12:54:59.223  INFO  timedcache.TimedCacheProvider - ***	 Cache Config Memory : esquerycountcache: 10000
2023-08-04 12:54:59,224 INFO  [com.dot.ContainerResource] (docker-java-stream-824381349) STDOUT: 12:54:59.224  INFO  timedcache.TimedCacheProvider - ***	 Cache Config Memory : graphqlquerycache: 5000
2023-08-04 12:54:59,225 INFO  [com.dot.ContainerResource] (docker-java-stream-824381349) STDOUT: 12:54:59.225  INFO  timedcache.TimedCacheProvider - ***	 Cache Config Memory : default: 1000
2023-08-04 12:54:59,228 INFO  [com.dot.ContainerResource] (docker-java-stream-824381349) STDOUT: 12:54:59.228  INFO  timedcache.TimedCacheProvider - ***	 Cache Config Memory : adminconfigpool: 100
2023-08-04 12:54:59,229 INFO  [com.dot.ContainerResource] (docker-java-stream-824381349) STDOUT: 12:54:59.229  INFO  timedcache.TimedCacheProvider - ***	 Cache Config Memory : companypool: 10
2023-08-04 12:54:59,230 INFO  [com.dot.ContainerResource] (docker-java-stream-824381349) STDOUT: 12:54:59.229  INFO  timedcache.TimedCacheProvider - ***	 Cache Config Memory : contentletcache: 5000
2023-08-04 12:54:59,230 INFO  [com.dot.ContainerResource] (docker-java-stream-824381349) STDOUT: 12:54:59.230  INFO  timedcache.TimedCacheProvider - ***	 Cache Config Memory : categoryparentscache: 30000
2023-08-04 12:54:59,231 INFO  [com.dot.ContainerResource] (docker-java-stream-824381349) STDOUT: 12:54:59.230  INFO  timedcache.TimedCacheProvider - ***	 Cache Config Memory : taginodecache: 50000
2023-08-04 12:54:59,232 INFO  [com.dot.ContainerResource] (docker-java-stream-824381349) STDOUT: 12:54:59.231  INFO  timedcache.TimedCacheProvider - ***	 Cache Config Memory : taginodesbyinodecache: 50000
2023-08-04 12:54:59,232 INFO  [com.dot.ContainerResource] (docker-java-stream-824381349) STDOUT: 12:54:59.232  INFO  timedcache.TimedCacheProvider - ***	 Cache Config Memory : tagcache: 50000
2023-08-04 12:54:59,234 INFO  [com.dot.ContainerResource] (docker-java-stream-824381349) STDOUT: 12:54:59.233  INFO  timedcache.TimedCacheProvider - ***	 Cache Config Memory : csscache: 2500
2023-08-04 12:54:59,236 INFO  [com.dot.ContainerResource] (docker-java-stream-824381349) STDOUT: 12:54:59.235  INFO  timedcache.TimedCacheProvider - ***	 Cache Config Memory : assetmetadatacache: 10000
2023-08-04 12:54:59,239 INFO  [com.dot.ContainerResource] (docker-java-stream-824381349) STDOUT: 12:54:59.238  INFO  timedcache.TimedCacheProvider - ***	 Cache Config Memory : identifiercache: 50000
2023-08-04 12:54:59,239 INFO  [com.dot.ContainerResource] (docker-java-stream-824381349) STDOUT: 12:54:59.239  INFO  timedcache.TimedCacheProvider - ***	 Cache Config Memory : identifier404cache: 30000
2023-08-04 12:54:59,240 INFO  [com.dot.ContainerResource] (docker-java-stream-824381349) STDOUT: 12:54:59.239  INFO  timedcache.TimedCacheProvider - ***	 Cache Config Memory : indiciescache: 8
2023-08-04 12:54:59,240 INFO  [com.dot.ContainerResource] (docker-java-stream-824381349) STDOUT: 12:54:59.240  INFO  timedcache.TimedCacheProvider - ***	 Cache Config Memory : logmappercache: 10
2023-08-04 12:54:59,241 INFO  [com.dot.ContainerResource] (docker-java-stream-824381349) STDOUT: 12:54:59.241  INFO  timedcache.TimedCacheProvider - ***	 Cache Config Memory : navcache: 1000
2023-08-04 12:54:59,242 INFO  [com.dot.ContainerResource] (docker-java-stream-824381349) STDOUT: 12:54:59.241  INFO  timedcache.TimedCacheProvider - ***	 Cache Config Memory : parentpermissionablecache: 10000
2023-08-04 12:54:59,243 INFO  [com.dot.ContainerResource] (docker-java-stream-824381349) STDOUT: 12:54:59.243  INFO  timedcache.TimedCacheProvider - ***	 Cache Config Memory : permissioncache: 50000
2023-08-04 12:54:59,244 INFO  [com.dot.ContainerResource] (docker-java-stream-824381349) STDOUT: 12:54:59.243  INFO  timedcache.TimedCacheProvider - ***	 Cache Config Memory : portletpool: 100
2023-08-04 12:54:59,254 INFO  [com.dot.ContainerResource] (docker-java-stream-824381349) STDOUT: 12:54:59.252  INFO  timedcache.TimedCacheProvider - ***	 Cache Config Memory : publishingendpointcache: 100
2023-08-04 12:54:59,255 INFO  [com.dot.ContainerResource] (docker-java-stream-824381349) STDOUT: 12:54:59.253  INFO  timedcache.TimedCacheProvider - ***	 Cache Config Memory : pushedassetscache: 5000
2023-08-04 12:54:59,255 INFO  [com.dot.ContainerResource] (docker-java-stream-824381349) STDOUT: 12:54:59.253  INFO  timedcache.TimedCacheProvider - ***	 Cache Config Memory : templatecache: 500
2023-08-04 12:54:59,255 INFO  [com.dot.ContainerResource] (docker-java-stream-824381349) STDOUT: 12:54:59.254  INFO  timedcache.TimedCacheProvider - ***	 Cache Config Memory : translatedquerycache: 5000
2023-08-04 12:54:59,255 INFO  [com.dot.ContainerResource] (docker-java-stream-824381349) STDOUT: 12:54:59.254  INFO  timedcache.TimedCacheProvider - ***	 Cache Config Memory : versioncache: 50000
2023-08-04 12:54:59,267 INFO  [com.dot.ContainerResource] (docker-java-stream-824381349) STDOUT: 12:54:59.264  INFO  timedcache.TimedCacheProvider - ***	 Cache Config Memory : versioninfocache: 50000
2023-08-04 12:54:59,268 INFO  [com.dot.ContainerResource] (docker-java-stream-824381349) STDOUT: 12:54:59.264  INFO  timedcache.TimedCacheProvider - ***	 Cache Config Memory : workflowactioncache: 10000
2023-08-04 12:54:59,268 INFO  [com.dot.ContainerResource] (docker-java-stream-824381349) STDOUT: 12:54:59.265  INFO  timedcache.TimedCacheProvider - ***	 Cache Config Memory : workflowtaskcache: 10000
2023-08-04 12:54:59,268 INFO  [com.dot.ContainerResource] (docker-java-stream-824381349) STDOUT: 12:54:59.265  INFO  timedcache.TimedCacheProvider - ***	 Cache Config Memory : shortyidcache: 25000
2023-08-04 12:54:59,268 INFO  [com.dot.ContainerResource] (docker-java-stream-824381349) STDOUT: 12:54:59.265  INFO  timedcache.TimedCacheProvider - ***	 Cache Config Memory : velocitycache: 5000
2023-08-04 12:54:59,268 INFO  [com.dot.ContainerResource] (docker-java-stream-824381349) STDOUT: 12:54:59.265  INFO  timedcache.TimedCacheProvider - ***	 Cache Config Memory : vanityurldirectcache: 25000
2023-08-04 12:54:59,268 INFO  [com.dot.ContainerResource] (docker-java-stream-824381349) STDOUT: 12:54:59.266  INFO  timedcache.TimedCacheProvider - ***	 Cache Config Memory : vanityurlsitecache: 5000
2023-08-04 12:55:00,926 INFO  [com.dot.ContainerResource] (docker-java-stream-824381349) STDOUT: 12:55:00.925  INFO  servlet.VisitorFilter - VisitorLogger Filter Started
2023-08-04 12:55:00,993 INFO  [com.dot.ContainerResource] (docker-java-stream-824381349) STDERR: 04-Aug-2023 12:55:00.993 INFO [main] org.apache.catalina.core.ApplicationContext.log org.tuckey.web.filters.urlrewrite.UrlRewriteFilter INFO: loaded (conf ok)
2023-08-04 12:55:01,877 INFO  [com.dot.ContainerResource] (docker-java-stream-824381349) STDOUT: 12:55:01.877  INFO  util.SystemProperties - Loading file:/srv/dotserver/tomcat-9.0.60/webapps/ROOT/WEB-INF/classes/system.properties
2023-08-04 12:55:01,880 INFO  [com.dot.ContainerResource] (docker-java-stream-824381349) STDOUT: 12:55:01.879  INFO  util.SystemProperties - Loading file:/srv/dotserver/tomcat-9.0.60/webapps/ROOT/WEB-INF/classes/system-ext.properties
2023-08-04 12:55:01,888 INFO  [com.dot.ContainerResource] (docker-java-stream-824381349) STDOUT: 12:55:01.888  INFO  util.SystemProperties - Loading file:/srv/dotserver/tomcat-9.0.60/webapps/ROOT/WEB-INF/classes/system.properties
2023-08-04 12:55:01,890 INFO  [com.dot.ContainerResource] (docker-java-stream-824381349) STDOUT: 12:55:01.890  INFO  util.SystemProperties - Loading file:/srv/dotserver/tomcat-9.0.60/webapps/ROOT/WEB-INF/classes/system-ext.properties
2023-08-04 12:55:03,830 INFO  [com.dot.ContainerResource] (docker-java-stream-824381349) STDOUT: 12:55:03.829  INFO  util.PropsLoader - Loading file:/srv/dotserver/tomcat-9.0.60/webapps/ROOT/WEB-INF/classes/portal.properties
2023-08-04 12:55:03,834 INFO  [com.dot.ContainerResource] (docker-java-stream-824381349) STDOUT: 12:55:03.833  INFO  util.PropsLoader - Loading file:/srv/dotserver/tomcat-9.0.60/webapps/ROOT/WEB-INF/classes/portal-ext.properties
2023-08-04 12:55:11,389 INFO  [io.quarkus] (main) api-data-model 1.0.0-SNAPSHOT on JVM (powered by Quarkus 2.9.1.Final) started in 83.338s. Listening on: http://localhost:8081
2023-08-04 12:55:11,390 INFO  [io.quarkus] (main) Profile test activated. 
2023-08-04 12:55:11,390 INFO  [io.quarkus] (main) Installed features: [cdi, rest-client, rest-client-jackson, resteasy-reactive, resteasy-reactive-jackson, smallrye-context-propagation, smallrye-openapi, swagger-ui, vertx]
2023-08-04 12:55:11,844 INFO  [com.dot.ContainerResource] (docker-java-stream-824381349) STDERR: 04-Aug-2023 12:55:11.837 WARNING [main] org.glassfish.jersey.internal.Errors.logErrors The following warnings have been detected: HINT: A HTTP GET method, public final void com.dotcms.rest.api.v1.categories.CategoriesResource.export(javax.servlet.http.HttpServletRequest,javax.servlet.http.HttpServletResponse,java.lang.String,java.lang.String) throws com.dotmarketing.exception.DotDataException,com.dotmarketing.exception.DotSecurityException,java.io.IOException, returns a void type. It can be intentional and perfectly fine, but it is a little uncommon that GET method returns always "204 No Content".
2023-08-04 12:55:11,848 INFO  [com.dot.ContainerResource] (docker-java-stream-824381349) STDERR: WARNING: The (sub)resource method findVersions in com.dotcms.rest.api.v1.content.ContentVersionResource contains empty path annotation.
2023-08-04 12:55:11,849 INFO  [com.dot.ContainerResource] (docker-java-stream-824381349) STDERR: WARNING: The (sub)resource method getJvmInfo in com.dotcms.rest.api.v1.maintenance.JVMInfoResource contains empty path annotation.
2023-08-04 12:55:11,849 INFO  [com.dot.ContainerResource] (docker-java-stream-824381349) STDERR: WARNING: A HTTP GET method, public javax.ws.rs.core.Response com.dotcms.rest.elasticsearch.ESContentResourcePortlet.search(javax.servlet.http.HttpServletRequest,javax.servlet.http.HttpServletResponse,java.lang.String,java.lang.String,boolean,boolean) throws com.dotmarketing.exception.DotDataException,com.dotmarketing.exception.DotSecurityException, should not consume any entity.
2023-08-04 12:55:11,854 INFO  [com.dot.ContainerResource] (docker-java-stream-824381349) STDERR: WARNING: The (sub)resource method listAvailableApps in com.dotcms.rest.api.v1.apps.AppsResource contains empty path annotation.
2023-08-04 12:55:11,854 INFO  [com.dot.ContainerResource] (docker-java-stream-824381349) STDERR: WARNING: The (sub)resource method createApp in com.dotcms.rest.api.v1.apps.AppsResource contains empty path annotation.
2023-08-04 12:55:11,854 INFO  [com.dot.ContainerResource] (docker-java-stream-824381349) STDERR: WARNING: The (sub)resource method deleteIndividualAppSecret in com.dotcms.rest.api.v1.apps.AppsResource contains empty path annotation.
2023-08-04 12:55:11,855 INFO  [com.dot.ContainerResource] (docker-java-stream-824381349) STDERR: WARNING: The (sub)resource method getAssetsInfo in com.dotcms.rest.api.v1.asset.WebAssetResource contains empty path annotation.
2023-08-04 12:55:11,855 INFO  [com.dot.ContainerResource] (docker-java-stream-824381349) STDERR: WARNING: The (sub)resource method saveUpdateAsset in com.dotcms.rest.api.v1.asset.WebAssetResource contains empty path annotation.
2023-08-04 12:55:11,855 INFO  [com.dot.ContainerResource] (docker-java-stream-824381349) STDERR: WARNING: A HTTP GET method, public javax.ws.rs.core.Response com.dotcms.rest.api.v1.vtl.VTLResource.get(javax.servlet.http.HttpServletRequest,javax.servlet.http.HttpServletResponse,javax.ws.rs.core.UriInfo,java.lang.String,java.util.Map), should not consume any entity.
2023-08-04 12:55:11,855 INFO  [com.dot.ContainerResource] (docker-java-stream-824381349) STDERR: WARNING: A HTTP GET method, public javax.ws.rs.core.Response com.dotcms.rest.api.v1.vtl.VTLResource.get(javax.servlet.http.HttpServletRequest,javax.servlet.http.HttpServletResponse,javax.ws.rs.core.UriInfo,java.lang.String,java.lang.String,java.util.Map), should not consume any entity.
2023-08-04 12:55:11,855 INFO  [com.dot.ContainerResource] (docker-java-stream-824381349) STDERR: WARNING: A HTTP GET method, public javax.ws.rs.core.Response com.dotcms.rest.api.v1.vtl.VTLResource.dynamicGet(javax.servlet.http.HttpServletRequest,javax.servlet.http.HttpServletResponse,javax.ws.rs.core.UriInfo,java.lang.String,java.lang.String), should not consume any entity.
2023-08-04 12:55:11,855 INFO  [com.dot.ContainerResource] (docker-java-stream-824381349) STDERR: WARNING: A HTTP GET method, public javax.ws.rs.core.Response com.dotcms.rest.api.v1.vtl.VTLResource.dynamicGet(javax.servlet.http.HttpServletRequest,javax.servlet.http.HttpServletResponse,javax.ws.rs.core.UriInfo,java.lang.String), should not consume any entity.
2023-08-04 12:55:11,855 INFO  [com.dot.ContainerResource] (docker-java-stream-824381349) STDERR: WARNING: The (sub)resource method statusCheck in com.dotcms.rest.api.v1.system.monitor.MonitorResource contains empty path annotation.
2023-08-04 12:55:11,855 INFO  [com.dot.ContainerResource] (docker-java-stream-824381349) STDERR: WARNING: The (sub)resource method issueApiToken in com.dotcms.rest.api.v1.authentication.ApiTokenResource contains empty path annotation.
2023-08-04 12:55:11,855 INFO  [com.dot.ContainerResource] (docker-java-stream-824381349) STDERR: WARNING: The (sub)resource method getIndexStatus in com.dotcms.rest.api.v1.index.ESIndexResource contains empty path annotation.
2023-08-04 12:55:11,855 INFO  [com.dot.ContainerResource] (docker-java-stream-824381349) STDERR: 
2023-08-04 12:55:13,685 INFO  [com.dot.ContainerResource] (docker-java-stream-824381349) STDOUT: 12:55:13.672  INFO  tiles.TilesPlugin - Tiles definition factory loaded for module ''.
2023-08-04 12:55:13,717 INFO  [com.dot.ContainerResource] (docker-java-stream-824381349) STDOUT: 12:55:13.712  INFO  validator.ValidatorPlugIn - Loading validation rules file from '/WEB-INF/validator-rules.xml'
2023-08-04 12:55:13,717 INFO  [com.dot.ContainerResource] (docker-java-stream-824381349) STDOUT: 12:55:13.713  INFO  validator.ValidatorPlugIn - Loading validation rules file from '/WEB-INF/validation.xml'
2023-08-04 12:55:14,376 INFO  [com.dot.ContainerResource] (docker-java-stream-824381349) STDOUT: 12:55:14.374  INFO  util.RestHighLevelClientProvider - disabling String.intern() in Jackson
2023-08-04 12:55:14,382 INFO  [com.dot.ContainerResource] (docker-java-stream-824381349) STDOUT: 12:55:14.382  WARN  util.DotRestHighLevelClientProvider - Elastic RestHighLevelClient will be initialized without certificates
2023-08-04 12:55:14,408 INFO  [com.dot.ContainerResource] (docker-java-stream-824381349) STDOUT: 12:55:14.395  INFO  util.DotRestHighLevelClientProvider - Initializing Elastic RestHighLevelClient using Basic authentication
2023-08-04 12:55:14,422 INFO  [com.dot.ContainerResource] (docker-java-stream-824381349) STDOUT: 12:55:14.419  INFO  util.DotRestHighLevelClientProvider - Initializing Elastic RestHighLevelClient using endpoints [
2023-08-04 12:55:14,422 INFO  [com.dot.ContainerResource] (docker-java-stream-824381349) STDOUT: 12:55:14.420  INFO  util.DotRestHighLevelClientProvider -   - http://elasticsearch:9200
2023-08-04 12:55:14,422 INFO  [com.dot.ContainerResource] (docker-java-stream-824381349) STDOUT: 12:55:14.420  INFO  util.DotRestHighLevelClientProvider - ]
2023-08-04 12:55:14,422 INFO  [com.dot.ContainerResource] (docker-java-stream-824381349) STDOUT: 12:55:14.420  WARN  util.DotRestHighLevelClientProvider - Initializing Elastic RestHighLevelClient using an unsecured http connection
2023-08-04 12:55:15,420 INFO  [com.dot.ContainerResource] (docker-java-stream-824381349) STDOUT: 12:55:15.420  INFO  util.DotRestHighLevelClientProvider - RestHighLevelClientProvider com.dotcms.content.elasticsearch.util.DotRestHighLevelClientProvider loaded successfully
2023-08-04 12:55:15,788 INFO  [com.dot.ContainerResource] (docker-java-stream-824381349) STDOUT: 12:55:15.780  WARN  client.RestClient - request [GET http://elasticsearch:9200/_nodes/stats] returned 1 warnings: [299 Elasticsearch-7.16.1-5b38441b16b1ebb16a27c107a4c3865776e20c53 "Elasticsearch built-in security features are not enabled. Without authentication, your cluster could be accessible to anyone. See https://www.elastic.co/guide/en/elasticsearch/reference/7.16/security-minimal-setup.html to enable security."]
2023-08-04 12:55:15,994 INFO  [com.dot.ContainerResource] (docker-java-stream-824381349) STDOUT: 12:55:15.993  INFO  startup.StartupTasksExecutor - Running Startup Tasks
2023-08-04 12:55:16,249 INFO  [com.dot.ContainerResource] (docker-java-stream-824381349) STDOUT: 12:55:16.248  INFO  runalways.Task00001LoadSchema - -------------------------------------------------------------------------------------
2023-08-04 12:55:16,250 INFO  [com.dot.ContainerResource] (docker-java-stream-824381349) STDOUT: 12:55:16.249  INFO  runalways.Task00001LoadSchema - 
2023-08-04 12:55:16,250 INFO  [com.dot.ContainerResource] (docker-java-stream-824381349) STDOUT: 12:55:16.249  INFO  runalways.Task00001LoadSchema - Empty dotCMS database found.  Loading initial dotCMS schema for PostgreSQL
2023-08-04 12:55:16,250 INFO  [com.dot.ContainerResource] (docker-java-stream-824381349) STDOUT: 12:55:16.250  INFO  runalways.Task00001LoadSchema - 
2023-08-04 12:55:16,251 INFO  [com.dot.ContainerResource] (docker-java-stream-824381349) STDOUT: 12:55:16.251  INFO  runalways.Task00001LoadSchema - -------------------------------------------------------------------------------------
2023-08-04 12:55:16,252 INFO  [com.dot.ContainerResource] (docker-java-stream-824381349) STDOUT: 12:55:16.252  INFO  startup.StartupTasksExecutor - Running Startup Tasks : Task00001LoadSchema
2023-08-04 12:55:16,253 INFO  [com.dot.ContainerResource] (docker-java-stream-824381349) STDOUT: 12:55:16.252  INFO  runalways.Task00001LoadSchema - Loading schema
2023-08-04 12:55:16,304 INFO  [com.dot.ContainerResource] (docker-java-stream-824381349) STDOUT: 12:55:16.299  INFO  timedcache.TimedCacheProvider - ===== Initializing [Timed Cache Provider].
2023-08-04 12:55:16,305 INFO  [com.dot.ContainerResource] (docker-java-stream-824381349) STDOUT: 12:55:16.305  INFO  timedcache.TimedCacheProvider - ***	 Cache Config Memory : esquerycache: 10000
2023-08-04 12:55:16,306 INFO  [com.dot.ContainerResource] (docker-java-stream-824381349) STDOUT: 12:55:16.306  INFO  timedcache.TimedCacheProvider - ***	 Cache Config Memory : esquerycountcache: 10000
2023-08-04 12:55:16,307 INFO  [com.dot.ContainerResource] (docker-java-stream-824381349) STDOUT: 12:55:16.306  INFO  timedcache.TimedCacheProvider - ***	 Cache Config Memory : graphqlquerycache: 5000
2023-08-04 12:55:16,308 INFO  [com.dot.ContainerResource] (docker-java-stream-824381349) STDOUT: 12:55:16.307  INFO  timedcache.TimedCacheProvider - ***	 Cache Config Memory : default: 1000
2023-08-04 12:55:16,309 INFO  [com.dot.ContainerResource] (docker-java-stream-824381349) STDOUT: 12:55:16.308  INFO  timedcache.TimedCacheProvider - ***	 Cache Config Memory : adminconfigpool: 100
2023-08-04 12:55:16,309 INFO  [com.dot.ContainerResource] (docker-java-stream-824381349) STDOUT: 12:55:16.309  INFO  timedcache.TimedCacheProvider - ***	 Cache Config Memory : companypool: 10
2023-08-04 12:55:16,310 INFO  [com.dot.ContainerResource] (docker-java-stream-824381349) STDOUT: 12:55:16.310  INFO  timedcache.TimedCacheProvider - ***	 Cache Config Memory : contentletcache: 5000
2023-08-04 12:55:16,311 INFO  [com.dot.ContainerResource] (docker-java-stream-824381349) STDOUT: 12:55:16.311  INFO  timedcache.TimedCacheProvider - ***	 Cache Config Memory : categoryparentscache: 30000
2023-08-04 12:55:16,312 INFO  [com.dot.ContainerResource] (docker-java-stream-824381349) STDOUT: 12:55:16.312  INFO  timedcache.TimedCacheProvider - ***	 Cache Config Memory : taginodecache: 50000
2023-08-04 12:55:16,313 INFO  [com.dot.ContainerResource] (docker-java-stream-824381349) STDOUT: 12:55:16.313  INFO  timedcache.TimedCacheProvider - ***	 Cache Config Memory : taginodesbyinodecache: 50000
2023-08-04 12:55:16,314 INFO  [com.dot.ContainerResource] (docker-java-stream-824381349) STDOUT: 12:55:16.313  INFO  timedcache.TimedCacheProvider - ***	 Cache Config Memory : tagcache: 50000
2023-08-04 12:55:16,317 INFO  [com.dot.ContainerResource] (docker-java-stream-824381349) STDOUT: 12:55:16.317  INFO  timedcache.TimedCacheProvider - ***	 Cache Config Memory : csscache: 2500
2023-08-04 12:55:16,318 INFO  [com.dot.ContainerResource] (docker-java-stream-824381349) STDOUT: 12:55:16.318  INFO  timedcache.TimedCacheProvider - ***	 Cache Config Memory : assetmetadatacache: 10000
2023-08-04 12:55:16,320 INFO  [com.dot.ContainerResource] (docker-java-stream-824381349) STDOUT: 12:55:16.319  INFO  timedcache.TimedCacheProvider - ***	 Cache Config Memory : identifiercache: 50000
2023-08-04 12:55:16,322 INFO  [com.dot.ContainerResource] (docker-java-stream-824381349) STDOUT: 12:55:16.322  INFO  timedcache.TimedCacheProvider - ***	 Cache Config Memory : identifier404cache: 30000
2023-08-04 12:55:16,327 INFO  [com.dot.ContainerResource] (docker-java-stream-824381349) STDOUT: 12:55:16.326  INFO  timedcache.TimedCacheProvider - ***	 Cache Config Memory : indiciescache: 8
2023-08-04 12:55:16,328 INFO  [com.dot.ContainerResource] (docker-java-stream-824381349) STDOUT: 12:55:16.328  INFO  timedcache.TimedCacheProvider - ***	 Cache Config Memory : logmappercache: 10
2023-08-04 12:55:16,329 INFO  [com.dot.ContainerResource] (docker-java-stream-824381349) STDOUT: 12:55:16.328  INFO  timedcache.TimedCacheProvider - ***	 Cache Config Memory : navcache: 1000
2023-08-04 12:55:16,330 INFO  [com.dot.ContainerResource] (docker-java-stream-824381349) STDOUT: 12:55:16.330  INFO  timedcache.TimedCacheProvider - ***	 Cache Config Memory : parentpermissionablecache: 10000
2023-08-04 12:55:16,331 INFO  [com.dot.ContainerResource] (docker-java-stream-824381349) STDOUT: 12:55:16.330  INFO  timedcache.TimedCacheProvider - ***	 Cache Config Memory : permissioncache: 50000
2023-08-04 12:55:16,332 INFO  [com.dot.ContainerResource] (docker-java-stream-824381349) STDOUT: 12:55:16.332  INFO  timedcache.TimedCacheProvider - ***	 Cache Config Memory : portletpool: 100
2023-08-04 12:55:16,336 INFO  [com.dot.ContainerResource] (docker-java-stream-824381349) STDOUT: 12:55:16.335  INFO  timedcache.TimedCacheProvider - ***	 Cache Config Memory : publishingendpointcache: 100
2023-08-04 12:55:16,340 INFO  [com.dot.ContainerResource] (docker-java-stream-824381349) STDOUT: 12:55:16.339  INFO  timedcache.TimedCacheProvider - ***	 Cache Config Memory : pushedassetscache: 5000
2023-08-04 12:55:16,344 INFO  [com.dot.ContainerResource] (docker-java-stream-824381349) STDOUT: 12:55:16.343  INFO  timedcache.TimedCacheProvider - ***	 Cache Config Memory : templatecache: 500
2023-08-04 12:55:16,344 INFO  [com.dot.ContainerResource] (docker-java-stream-824381349) STDOUT: 12:55:16.344  INFO  timedcache.TimedCacheProvider - ***	 Cache Config Memory : translatedquerycache: 5000
2023-08-04 12:55:16,350 INFO  [com.dot.ContainerResource] (docker-java-stream-824381349) STDOUT: 12:55:16.350  INFO  timedcache.TimedCacheProvider - ***	 Cache Config Memory : versioncache: 50000
2023-08-04 12:55:16,351 INFO  [com.dot.ContainerResource] (docker-java-stream-824381349) STDOUT: 12:55:16.350  INFO  timedcache.TimedCacheProvider - ***	 Cache Config Memory : versioninfocache: 50000
2023-08-04 12:55:16,351 INFO  [com.dot.ContainerResource] (docker-java-stream-824381349) STDOUT: 12:55:16.351  INFO  timedcache.TimedCacheProvider - ***	 Cache Config Memory : workflowactioncache: 10000
2023-08-04 12:55:16,352 INFO  [com.dot.ContainerResource] (docker-java-stream-824381349) STDOUT: 12:55:16.352  INFO  timedcache.TimedCacheProvider - ***	 Cache Config Memory : workflowtaskcache: 10000
2023-08-04 12:55:16,353 INFO  [com.dot.ContainerResource] (docker-java-stream-824381349) STDOUT: 12:55:16.352  INFO  timedcache.TimedCacheProvider - ***	 Cache Config Memory : shortyidcache: 25000
2023-08-04 12:55:16,353 INFO  [com.dot.ContainerResource] (docker-java-stream-824381349) STDOUT: 12:55:16.353  INFO  timedcache.TimedCacheProvider - ***	 Cache Config Memory : velocitycache: 5000
2023-08-04 12:55:16,354 INFO  [com.dot.ContainerResource] (docker-java-stream-824381349) STDOUT: 12:55:16.354  INFO  timedcache.TimedCacheProvider - ***	 Cache Config Memory : vanityurldirectcache: 25000
2023-08-04 12:55:16,355 INFO  [com.dot.ContainerResource] (docker-java-stream-824381349) STDOUT: 12:55:16.354  INFO  timedcache.TimedCacheProvider - ***	 Cache Config Memory : vanityurlsitecache: 5000
2023-08-04 12:55:16,355 INFO  [com.dot.ContainerResource] (docker-java-stream-824381349) STDOUT: 12:55:16.355  INFO  h22.H22Cache - Start Full Cache Flush in h22
2023-08-04 12:55:16,357 INFO  [com.dot.ContainerResource] (docker-java-stream-824381349) STDOUT: 12:55:16.356  INFO  h22.H22Cache - Building new H22 Cache, db:0
2023-08-04 12:55:16,359 INFO  [com.dot.ContainerResource] (docker-java-stream-824381349) STDOUT: 12:55:16.357  INFO  h22.H22HikariPool - H22 on disk cache:jdbc:h2:/data/local/dotsecure/h22cache/0/2023-08-04_12-55-16/cache;MVCC=TRUE;DB_CLOSE_ON_EXIT=FALSE
2023-08-04 12:55:16,617 INFO  [com.dot.ContainerResource] (docker-java-stream-824381349) STDOUT: 12:55:16.616  INFO  h22.H22Cache - Building new H22 Cache, db:1
2023-08-04 12:55:16,618 INFO  [com.dot.ContainerResource] (docker-java-stream-824381349) STDOUT: 12:55:16.617  INFO  h22.H22HikariPool - H22 on disk cache:jdbc:h2:/data/local/dotsecure/h22cache/1/2023-08-04_12-55-16/cache;MVCC=TRUE;DB_CLOSE_ON_EXIT=FALSE
2023-08-04 12:55:16,719 INFO  [com.dot.ContainerResource] (docker-java-stream-824381349) STDOUT: 12:55:16.718  INFO  h22.H22Cache - End Full Cache Flush in h22 : 361ms
2023-08-04 12:55:17,850 INFO  [com.dot.ContainerResource] (docker-java-stream-824381349) STDOUT: 12:55:17.847  INFO  runalways.Task00001LoadSchema - Schema created (511 statements executed)
2023-08-04 12:55:17,870 INFO  [com.dot.ContainerResource] (docker-java-stream-824381349) STDOUT: 12:55:17.867  INFO  startup.StartupTasksExecutor - Not Running Startup Tasks: Task00002LoadClusterLicenses
2023-08-04 12:55:17,870 INFO  [com.dot.ContainerResource] (docker-java-stream-824381349) STDOUT: 12:55:17.867  INFO  startup.StartupTasksExecutor - Running Startup Tasks : Task00003CreateSystemRoles
2023-08-04 12:55:17,874 INFO  [com.dot.ContainerResource] (docker-java-stream-824381349) STDOUT: 12:55:17.874  INFO  timedcache.TimedCacheProvider - ===== Initializing [Timed Cache Provider].
2023-08-04 12:55:17,877 INFO  [com.dot.ContainerResource] (docker-java-stream-824381349) STDOUT: 12:55:17.876  INFO  timedcache.TimedCacheProvider - ***	 Cache Config Memory : esquerycache: 10000
2023-08-04 12:55:17,879 INFO  [com.dot.ContainerResource] (docker-java-stream-824381349) STDOUT: 12:55:17.878  INFO  timedcache.TimedCacheProvider - ***	 Cache Config Memory : esquerycountcache: 10000
2023-08-04 12:55:17,880 INFO  [com.dot.ContainerResource] (docker-java-stream-824381349) STDOUT: 12:55:17.879  INFO  timedcache.TimedCacheProvider - ***	 Cache Config Memory : graphqlquerycache: 5000
2023-08-04 12:55:17,882 INFO  [com.dot.ContainerResource] (docker-java-stream-824381349) STDOUT: 12:55:17.881  INFO  timedcache.TimedCacheProvider - ***	 Cache Config Memory : default: 1000
2023-08-04 12:55:17,882 INFO  [com.dot.ContainerResource] (docker-java-stream-824381349) STDOUT: 12:55:17.882  INFO  timedcache.TimedCacheProvider - ***	 Cache Config Memory : adminconfigpool: 100
2023-08-04 12:55:17,884 INFO  [com.dot.ContainerResource] (docker-java-stream-824381349) STDOUT: 12:55:17.883  INFO  timedcache.TimedCacheProvider - ***	 Cache Config Memory : companypool: 10
2023-08-04 12:55:17,888 INFO  [com.dot.ContainerResource] (docker-java-stream-824381349) STDOUT: 12:55:17.888  INFO  timedcache.TimedCacheProvider - ***	 Cache Config Memory : contentletcache: 5000
2023-08-04 12:55:17,891 INFO  [com.dot.ContainerResource] (docker-java-stream-824381349) STDOUT: 12:55:17.890  INFO  timedcache.TimedCacheProvider - ***	 Cache Config Memory : categoryparentscache: 30000
2023-08-04 12:55:17,891 INFO  [com.dot.ContainerResource] (docker-java-stream-824381349) STDOUT: 12:55:17.891  INFO  timedcache.TimedCacheProvider - ***	 Cache Config Memory : taginodecache: 50000
2023-08-04 12:55:17,892 INFO  [com.dot.ContainerResource] (docker-java-stream-824381349) STDOUT: 12:55:17.892  INFO  timedcache.TimedCacheProvider - ***	 Cache Config Memory : taginodesbyinodecache: 50000
2023-08-04 12:55:17,893 INFO  [com.dot.ContainerResource] (docker-java-stream-824381349) STDOUT: 12:55:17.893  INFO  timedcache.TimedCacheProvider - ***	 Cache Config Memory : tagcache: 50000
2023-08-04 12:55:17,894 INFO  [com.dot.ContainerResource] (docker-java-stream-824381349) STDOUT: 12:55:17.894  INFO  timedcache.TimedCacheProvider - ***	 Cache Config Memory : csscache: 2500
2023-08-04 12:55:17,895 INFO  [com.dot.ContainerResource] (docker-java-stream-824381349) STDOUT: 12:55:17.894  INFO  timedcache.TimedCacheProvider - ***	 Cache Config Memory : assetmetadatacache: 10000
2023-08-04 12:55:17,895 INFO  [com.dot.ContainerResource] (docker-java-stream-824381349) STDOUT: 12:55:17.895  INFO  timedcache.TimedCacheProvider - ***	 Cache Config Memory : identifiercache: 50000
2023-08-04 12:55:17,896 INFO  [com.dot.ContainerResource] (docker-java-stream-824381349) STDOUT: 12:55:17.896  INFO  timedcache.TimedCacheProvider - ***	 Cache Config Memory : identifier404cache: 30000
2023-08-04 12:55:17,897 INFO  [com.dot.ContainerResource] (docker-java-stream-824381349) STDOUT: 12:55:17.897  INFO  timedcache.TimedCacheProvider - ***	 Cache Config Memory : indiciescache: 8
2023-08-04 12:55:17,898 INFO  [com.dot.ContainerResource] (docker-java-stream-824381349) STDOUT: 12:55:17.897  INFO  timedcache.TimedCacheProvider - ***	 Cache Config Memory : logmappercache: 10
2023-08-04 12:55:17,899 INFO  [com.dot.ContainerResource] (docker-java-stream-824381349) STDOUT: 12:55:17.899  INFO  startup.StartupTasksExecutor - Running Startup Tasks : Task00004LoadStarter
2023-08-04 12:55:17,900 INFO  [com.dot.ContainerResource] (docker-java-stream-824381349) STDOUT: 12:55:17.899  INFO  timedcache.TimedCacheProvider - ***	 Cache Config Memory : navcache: 1000
2023-08-04 12:55:17,903 INFO  [com.dot.ContainerResource] (docker-java-stream-824381349) STDOUT: 12:55:17.902  INFO  timedcache.TimedCacheProvider - ***	 Cache Config Memory : parentpermissionablecache: 10000
2023-08-04 12:55:17,903 INFO  [com.dot.ContainerResource] (docker-java-stream-824381349) STDOUT: 12:55:17.903  INFO  timedcache.TimedCacheProvider - ***	 Cache Config Memory : permissioncache: 50000
2023-08-04 12:55:17,905 INFO  [com.dot.ContainerResource] (docker-java-stream-824381349) STDOUT: 12:55:17.905  INFO  timedcache.TimedCacheProvider - ***	 Cache Config Memory : portletpool: 100
2023-08-04 12:55:17,906 INFO  [com.dot.ContainerResource] (docker-java-stream-824381349) STDOUT: 12:55:17.905  INFO  timedcache.TimedCacheProvider - ***	 Cache Config Memory : publishingendpointcache: 100
2023-08-04 12:55:17,906 INFO  [com.dot.ContainerResource] (docker-java-stream-824381349) STDOUT: 12:55:17.906  INFO  timedcache.TimedCacheProvider - ***	 Cache Config Memory : pushedassetscache: 5000
2023-08-04 12:55:17,907 INFO  [com.dot.ContainerResource] (docker-java-stream-824381349) STDOUT: 12:55:17.907  INFO  timedcache.TimedCacheProvider - ***	 Cache Config Memory : templatecache: 500
2023-08-04 12:55:17,908 INFO  [com.dot.ContainerResource] (docker-java-stream-824381349) STDOUT: 12:55:17.907  INFO  timedcache.TimedCacheProvider - ***	 Cache Config Memory : translatedquerycache: 5000
2023-08-04 12:55:17,908 INFO  [com.dot.ContainerResource] (docker-java-stream-824381349) STDOUT: 12:55:17.908  INFO  timedcache.TimedCacheProvider - ***	 Cache Config Memory : versioncache: 50000
2023-08-04 12:55:17,910 INFO  [com.dot.ContainerResource] (docker-java-stream-824381349) STDOUT: 12:55:17.909  INFO  timedcache.TimedCacheProvider - ***	 Cache Config Memory : versioninfocache: 50000
2023-08-04 12:55:17,911 INFO  [com.dot.ContainerResource] (docker-java-stream-824381349) STDOUT: 12:55:17.911  INFO  timedcache.TimedCacheProvider - ***	 Cache Config Memory : workflowactioncache: 10000
2023-08-04 12:55:17,912 INFO  [com.dot.ContainerResource] (docker-java-stream-824381349) STDOUT: 12:55:17.912  INFO  timedcache.TimedCacheProvider - ***	 Cache Config Memory : workflowtaskcache: 10000
2023-08-04 12:55:17,913 INFO  [com.dot.ContainerResource] (docker-java-stream-824381349) STDOUT: 12:55:17.913  INFO  timedcache.TimedCacheProvider - ***	 Cache Config Memory : shortyidcache: 25000
2023-08-04 12:55:17,914 INFO  [com.dot.ContainerResource] (docker-java-stream-824381349) STDOUT: 12:55:17.913  INFO  timedcache.TimedCacheProvider - ***	 Cache Config Memory : velocitycache: 5000
2023-08-04 12:55:17,915 INFO  [com.dot.ContainerResource] (docker-java-stream-824381349) STDOUT: 12:55:17.915  INFO  timedcache.TimedCacheProvider - ***	 Cache Config Memory : vanityurldirectcache: 25000
2023-08-04 12:55:17,916 INFO  [com.dot.ContainerResource] (docker-java-stream-824381349) STDOUT: 12:55:17.916  INFO  timedcache.TimedCacheProvider - ***	 Cache Config Memory : vanityurlsitecache: 5000
2023-08-04 12:55:17,918 INFO  [com.dot.ContainerResource] (docker-java-stream-824381349) STDOUT: 12:55:17.918  INFO  h22.H22Cache - Start Full Cache Flush in h22
2023-08-04 12:55:17,919 INFO  [com.dot.ContainerResource] (docker-java-stream-824381349) STDOUT: 12:55:17.919  INFO  h22.H22Cache - Building new H22 Cache, db:0
2023-08-04 12:55:17,920 INFO  [com.dot.ContainerResource] (docker-java-stream-824381349) STDOUT: 12:55:17.920  INFO  h22.H22HikariPool - H22 on disk cache:jdbc:h2:/data/local/dotsecure/h22cache/0/2023-08-04_12-55-17/cache;MVCC=TRUE;DB_CLOSE_ON_EXIT=FALSE
2023-08-04 12:55:17,980 INFO  [com.dot.ContainerResource] (docker-java-stream-824381349) STDOUT: 12:55:17.980  INFO  db.DotCMSInitDb - There are no inodes - initializing db with starter site
2023-08-04 12:55:18,092 INFO  [com.dot.ContainerResource] (docker-java-stream-824381349) STDOUT: 12:55:18.091  INFO  h22.H22Cache - Building new H22 Cache, db:1
2023-08-04 12:55:18,094 INFO  [com.dot.ContainerResource] (docker-java-stream-824381349) STDOUT: 12:55:18.091  INFO  h22.H22HikariPool - H22 on disk cache:jdbc:h2:/data/local/dotsecure/h22cache/1/2023-08-04_12-55-18/cache;MVCC=TRUE;DB_CLOSE_ON_EXIT=FALSE
2023-08-04 12:55:18,225 INFO  [com.dot.ContainerResource] (docker-java-stream-824381349) STDOUT: 12:55:18.225  INFO  h22.H22Cache - End Full Cache Flush in h22 : 305ms
2023-08-04 12:55:18,241 INFO  [com.dot.ContainerResource] (docker-java-stream-824381349) STDOUT: 12:55:18.240  INFO  starter.ImportStarterUtil - Found 21 files to import
2023-08-04 12:55:18,254 INFO  [com.dot.ContainerResource] (docker-java-stream-824381349) STDOUT: 12:55:18.254  WARN  util.FileUtil - /data/local/dotsecure/backup/temp/assets/messages/cms_language_zh_CN.properties is empty
2023-08-04 12:55:18,263 INFO  [com.dot.ContainerResource] (docker-java-stream-824381349) STDOUT: 12:55:18.262  WARN  util.FileUtil - /data/local/dotsecure/backup/temp/assets/messages/cms_language_fr_FR.properties is empty
2023-08-04 12:55:18,279 INFO  [com.dot.ContainerResource] (docker-java-stream-824381349) STDOUT: 12:55:18.279  WARN  util.FileUtil - /data/local/dotsecure/backup/temp/assets/messages/cms_language_en_CA.properties is empty
2023-08-04 12:55:18,282 INFO  [com.dot.ContainerResource] (docker-java-stream-824381349) STDOUT: 12:55:18.282  WARN  util.FileUtil - /data/local/dotsecure/backup/temp/assets/messages/cms_language_en_US.properties is empty
2023-08-04 12:55:18,283 INFO  [com.dot.ContainerResource] (docker-java-stream-824381349) STDOUT: 12:55:18.283  WARN  util.FileUtil - /data/local/dotsecure/backup/temp/assets/messages/cms_language_es_ES.properties is empty
2023-08-04 12:55:18,283 INFO  [com.dot.ContainerResource] (docker-java-stream-824381349) STDOUT: 12:55:18.283  WARN  util.FileUtil - /data/local/dotsecure/backup/temp/assets/messages/cms_language_fr_CA.properties is empty
2023-08-04 12:55:18,300 INFO  [com.dot.ContainerResource] (docker-java-stream-824381349) STDOUT: 12:55:18.300  INFO  starter.ImportStarterUtil - About to delete all records from link_version_info
2023-08-04 12:55:18,304 INFO  [com.dot.ContainerResource] (docker-java-stream-824381349) STDOUT: 12:55:18.304  INFO  starter.ImportStarterUtil - Deleted all records from link_version_info
2023-08-04 12:55:18,305 INFO  [com.dot.ContainerResource] (docker-java-stream-824381349) STDOUT: 12:55:18.305  INFO  starter.ImportStarterUtil - About to delete all records from clickstream_request
2023-08-04 12:55:18,306 INFO  [com.dot.ContainerResource] (docker-java-stream-824381349) STDOUT: 12:55:18.306  INFO  starter.ImportStarterUtil - Deleted all records from clickstream_request
2023-08-04 12:55:18,307 INFO  [com.dot.ContainerResource] (docker-java-stream-824381349) STDOUT: 12:55:18.307  INFO  starter.ImportStarterUtil - About to delete all records from workflow_comment
2023-08-04 12:55:18,308 INFO  [com.dot.ContainerResource] (docker-java-stream-824381349) STDOUT: 12:55:18.308  INFO  starter.ImportStarterUtil - Deleted all records from workflow_comment
2023-08-04 12:55:18,308 INFO  [com.dot.ContainerResource] (docker-java-stream-824381349) STDOUT: 12:55:18.308  INFO  starter.ImportStarterUtil - About to delete all records from container_structures
2023-08-04 12:55:18,309 INFO  [com.dot.ContainerResource] (docker-java-stream-824381349) STDOUT: 12:55:18.309  INFO  starter.ImportStarterUtil - Deleted all records from container_structures
2023-08-04 12:55:18,310 INFO  [com.dot.ContainerResource] (docker-java-stream-824381349) STDOUT: 12:55:18.309  INFO  starter.ImportStarterUtil - About to delete all records from AdminConfig
2023-08-04 12:55:18,311 INFO  [com.dot.ContainerResource] (docker-java-stream-824381349) STDOUT: 12:55:18.310  INFO  starter.ImportStarterUtil - Deleted all records from AdminConfig
2023-08-04 12:55:18,311 INFO  [com.dot.ContainerResource] (docker-java-stream-824381349) STDOUT: 12:55:18.311  INFO  starter.ImportStarterUtil - About to delete all records from links
2023-08-04 12:55:18,312 INFO  [com.dot.ContainerResource] (docker-java-stream-824381349) STDOUT: 12:55:18.312  INFO  starter.ImportStarterUtil - Deleted all records from links
2023-08-04 12:55:18,313 INFO  [com.dot.ContainerResource] (docker-java-stream-824381349) STDOUT: 12:55:18.312  INFO  starter.ImportStarterUtil - About to delete all records from multi_tree
2023-08-04 12:55:18,314 INFO  [com.dot.ContainerResource] (docker-java-stream-824381349) STDOUT: 12:55:18.314  INFO  starter.ImportStarterUtil - Deleted all records from multi_tree
2023-08-04 12:55:18,315 INFO  [com.dot.ContainerResource] (docker-java-stream-824381349) STDOUT: 12:55:18.315  INFO  starter.ImportStarterUtil - About to delete all records from UserTrackerPath
2023-08-04 12:55:18,317 INFO  [com.dot.ContainerResource] (docker-java-stream-824381349) STDOUT: 12:55:18.316  INFO  starter.ImportStarterUtil - Deleted all records from UserTrackerPath
2023-08-04 12:55:18,318 INFO  [com.dot.ContainerResource] (docker-java-stream-824381349) STDOUT: 12:55:18.318  INFO  starter.ImportStarterUtil - About to delete all records from permission
2023-08-04 12:55:18,320 INFO  [com.dot.ContainerResource] (docker-java-stream-824381349) STDOUT: 12:55:18.319  INFO  starter.ImportStarterUtil - Deleted all records from permission
2023-08-04 12:55:18,321 INFO  [com.dot.ContainerResource] (docker-java-stream-824381349) STDOUT: 12:55:18.321  INFO  starter.ImportStarterUtil - About to delete all records from challenge_question
2023-08-04 12:55:18,326 INFO  [com.dot.ContainerResource] (docker-java-stream-824381349) STDOUT: 12:55:18.326  INFO  starter.ImportStarterUtil - Deleted all records from challenge_question
2023-08-04 12:55:18,327 INFO  [com.dot.ContainerResource] (docker-java-stream-824381349) STDOUT: 12:55:18.327  INFO  starter.ImportStarterUtil - About to delete all records from dot_containers
2023-08-04 12:55:18,328 INFO  [com.dot.ContainerResource] (docker-java-stream-824381349) STDOUT: 12:55:18.328  INFO  starter.ImportStarterUtil - Deleted all records from dot_containers
2023-08-04 12:55:18,329 INFO  [com.dot.ContainerResource] (docker-java-stream-824381349) STDOUT: 12:55:18.329  INFO  starter.ImportStarterUtil - About to delete all records from UserTracker
2023-08-04 12:55:18,330 INFO  [com.dot.ContainerResource] (docker-java-stream-824381349) STDOUT: 12:55:18.330  INFO  starter.ImportStarterUtil - Deleted all records from UserTracker
2023-08-04 12:55:18,331 INFO  [com.dot.ContainerResource] (docker-java-stream-824381349) STDOUT: 12:55:18.330  INFO  starter.ImportStarterUtil - About to delete all records from clickstream
2023-08-04 12:55:18,332 INFO  [com.dot.ContainerResource] (docker-java-stream-824381349) STDOUT: 12:55:18.332  INFO  starter.ImportStarterUtil - Deleted all records from clickstream
2023-08-04 12:55:18,333 INFO  [com.dot.ContainerResource] (docker-java-stream-824381349) STDOUT: 12:55:18.332  INFO  starter.ImportStarterUtil - About to delete all records from fixes_audit
2023-08-04 12:55:18,334 INFO  [com.dot.ContainerResource] (docker-java-stream-824381349) STDOUT: 12:55:18.333  INFO  starter.ImportStarterUtil - Deleted all records from fixes_audit
2023-08-04 12:55:18,334 INFO  [com.dot.ContainerResource] (docker-java-stream-824381349) STDOUT: 12:55:18.334  INFO  starter.ImportStarterUtil - About to delete all records from workflow_task
2023-08-04 12:55:18,338 INFO  [com.dot.ContainerResource] (docker-java-stream-824381349) STDOUT: 12:55:18.335  INFO  starter.ImportStarterUtil - Deleted all records from workflow_task
2023-08-04 12:55:18,339 INFO  [com.dot.ContainerResource] (docker-java-stream-824381349) STDOUT: 12:55:18.338  INFO  starter.ImportStarterUtil - About to delete all records from clickstream_404
2023-08-04 12:55:18,340 INFO  [com.dot.ContainerResource] (docker-java-stream-824381349) STDOUT: 12:55:18.340  INFO  starter.ImportStarterUtil - Deleted all records from clickstream_404
2023-08-04 12:55:18,341 INFO  [com.dot.ContainerResource] (docker-java-stream-824381349) STDOUT: 12:55:18.340  INFO  starter.ImportStarterUtil - About to delete all records from tag
2023-08-04 12:55:18,342 INFO  [com.dot.ContainerResource] (docker-java-stream-824381349) STDOUT: 12:55:18.341  INFO  starter.ImportStarterUtil - Deleted all records from tag
2023-08-04 12:55:18,342 INFO  [com.dot.ContainerResource] (docker-java-stream-824381349) STDOUT: 12:55:18.342  INFO  starter.ImportStarterUtil - About to delete all records from container_version_info
2023-08-04 12:55:18,343 INFO  [com.dot.ContainerResource] (docker-java-stream-824381349) STDOUT: 12:55:18.343  INFO  starter.ImportStarterUtil - Deleted all records from container_version_info
2023-08-04 12:55:18,344 INFO  [com.dot.ContainerResource] (docker-java-stream-824381349) STDOUT: 12:55:18.344  INFO  starter.ImportStarterUtil - About to delete all records from PasswordTracker
2023-08-04 12:55:18,345 INFO  [com.dot.ContainerResource] (docker-java-stream-824381349) STDOUT: 12:55:18.345  INFO  starter.ImportStarterUtil - Deleted all records from PasswordTracker
2023-08-04 12:55:18,345 INFO  [com.dot.ContainerResource] (docker-java-stream-824381349) STDOUT: 12:55:18.345  INFO  starter.ImportStarterUtil - About to delete all records from tag_inode
2023-08-04 12:55:18,348 INFO  [com.dot.ContainerResource] (docker-java-stream-824381349) STDOUT: 12:55:18.347  INFO  starter.ImportStarterUtil - Deleted all records from tag_inode
2023-08-04 12:55:18,350 INFO  [com.dot.ContainerResource] (docker-java-stream-824381349) STDOUT: 12:55:18.348  INFO  starter.ImportStarterUtil - About to delete all records from field
2023-08-04 12:55:18,351 INFO  [com.dot.ContainerResource] (docker-java-stream-824381349) STDOUT: 12:55:18.351  INFO  starter.ImportStarterUtil - Deleted all records from field
2023-08-04 12:55:18,352 INFO  [com.dot.ContainerResource] (docker-java-stream-824381349) STDOUT: 12:55:18.351  INFO  starter.ImportStarterUtil - About to delete all records from template_version_info
2023-08-04 12:55:18,353 INFO  [com.dot.ContainerResource] (docker-java-stream-824381349) STDOUT: 12:55:18.353  INFO  starter.ImportStarterUtil - Deleted all records from template_version_info
2023-08-04 12:55:18,354 INFO  [com.dot.ContainerResource] (docker-java-stream-824381349) STDOUT: 12:55:18.353  INFO  starter.ImportStarterUtil - About to delete all records from permission_reference
2023-08-04 12:55:18,355 INFO  [com.dot.ContainerResource] (docker-java-stream-824381349) STDOUT: 12:55:18.355  INFO  starter.ImportStarterUtil - Deleted all records from permission_reference
2023-08-04 12:55:18,356 INFO  [com.dot.ContainerResource] (docker-java-stream-824381349) STDOUT: 12:55:18.355  INFO  starter.ImportStarterUtil - About to delete all records from host_variable
2023-08-04 12:55:18,356 INFO  [com.dot.ContainerResource] (docker-java-stream-824381349) STDOUT: 12:55:18.356  INFO  starter.ImportStarterUtil - Deleted all records from host_variable
2023-08-04 12:55:18,357 INFO  [com.dot.ContainerResource] (docker-java-stream-824381349) STDOUT: 12:55:18.357  INFO  starter.ImportStarterUtil - About to delete all records from workflowtask_files
2023-08-04 12:55:18,359 INFO  [com.dot.ContainerResource] (docker-java-stream-824381349) STDOUT: 12:55:18.358  INFO  starter.ImportStarterUtil - Deleted all records from workflowtask_files
2023-08-04 12:55:18,359 INFO  [com.dot.ContainerResource] (docker-java-stream-824381349) STDOUT: 12:55:18.359  INFO  starter.ImportStarterUtil - About to delete all records from workflow_history
2023-08-04 12:55:18,361 INFO  [com.dot.ContainerResource] (docker-java-stream-824381349) STDOUT: 12:55:18.361  INFO  starter.ImportStarterUtil - Deleted all records from workflow_history
2023-08-04 12:55:18,362 INFO  [com.dot.ContainerResource] (docker-java-stream-824381349) STDOUT: 12:55:18.362  INFO  starter.ImportStarterUtil - About to delete all records from tree
2023-08-04 12:55:18,363 INFO  [com.dot.ContainerResource] (docker-java-stream-824381349) STDOUT: 12:55:18.363  INFO  starter.ImportStarterUtil - Deleted all records from tree
2023-08-04 12:55:18,364 INFO  [com.dot.ContainerResource] (docker-java-stream-824381349) STDOUT: 12:55:18.364  INFO  starter.ImportStarterUtil - About to delete all records from users_to_delete
2023-08-04 12:55:18,369 INFO  [com.dot.ContainerResource] (docker-java-stream-824381349) STDOUT: 12:55:18.368  INFO  starter.ImportStarterUtil - Deleted all records from users_to_delete
2023-08-04 12:55:18,369 INFO  [com.dot.ContainerResource] (docker-java-stream-824381349) STDOUT: 12:55:18.369  INFO  starter.ImportStarterUtil - About to delete all records from cms_layouts_portlets
2023-08-04 12:55:18,370 INFO  [com.dot.ContainerResource] (docker-java-stream-824381349) STDOUT: 12:55:18.370  INFO  starter.ImportStarterUtil - Deleted all records from cms_layouts_portlets
2023-08-04 12:55:18,375 INFO  [com.dot.ContainerResource] (docker-java-stream-824381349) STDOUT: 12:55:18.374  INFO  starter.ImportStarterUtil - About to delete all records from layouts_cms_roles
2023-08-04 12:55:18,387 INFO  [com.dot.ContainerResource] (docker-java-stream-824381349) STDOUT: 12:55:18.375  INFO  starter.ImportStarterUtil - Deleted all records from layouts_cms_roles
2023-08-04 12:55:18,397 INFO  [com.dot.ContainerResource] (docker-java-stream-824381349) STDOUT: 12:55:18.375  INFO  starter.ImportStarterUtil - About to delete all records from users_cms_roles
2023-08-04 12:55:18,398 INFO  [com.dot.ContainerResource] (docker-java-stream-824381349) STDOUT: 12:55:18.378  INFO  starter.ImportStarterUtil - Deleted all records from users_cms_roles
2023-08-04 12:55:18,398 INFO  [com.dot.ContainerResource] (docker-java-stream-824381349) STDOUT: 12:55:18.378  INFO  starter.ImportStarterUtil - About to delete all records from cms_role
2023-08-04 12:55:18,398 INFO  [com.dot.ContainerResource] (docker-java-stream-824381349) STDOUT: 12:55:18.387  INFO  starter.ImportStarterUtil - Deleted all records from cms_role
2023-08-04 12:55:18,408 INFO  [com.dot.ContainerResource] (docker-java-stream-824381349) STDOUT: 12:55:18.387  INFO  starter.ImportStarterUtil - About to delete all records from cms_layout
2023-08-04 12:55:18,408 INFO  [com.dot.ContainerResource] (docker-java-stream-824381349) STDOUT: 12:55:18.396  INFO  starter.ImportStarterUtil - Deleted all records from cms_layout
2023-08-04 12:55:18,408 INFO  [com.dot.ContainerResource] (docker-java-stream-824381349) STDOUT: 12:55:18.396  INFO  starter.ImportStarterUtil - About to delete all records from structure
2023-08-04 12:55:18,409 INFO  [com.dot.ContainerResource] (docker-java-stream-824381349) STDOUT: 12:55:18.397  INFO  starter.ImportStarterUtil - Deleted all records from structure
2023-08-04 12:55:18,409 INFO  [com.dot.ContainerResource] (docker-java-stream-824381349) STDOUT: 12:55:18.397  INFO  starter.ImportStarterUtil - About to delete all records from folder
2023-08-04 12:55:18,421 INFO  [com.dot.ContainerResource] (docker-java-stream-824381349) STDOUT: 12:55:18.398  INFO  starter.ImportStarterUtil - Deleted all records from folder
2023-08-04 12:55:18,421 INFO  [com.dot.ContainerResource] (docker-java-stream-824381349) STDOUT: 12:55:18.398  INFO  starter.ImportStarterUtil - About to delete all records from identifier
2023-08-04 12:55:18,421 INFO  [com.dot.ContainerResource] (docker-java-stream-824381349) STDOUT: 12:55:18.402  INFO  starter.ImportStarterUtil - Deleted all records from identifier
2023-08-04 12:55:18,421 INFO  [com.dot.ContainerResource] (docker-java-stream-824381349) STDOUT: 12:55:18.402  INFO  starter.ImportStarterUtil - About to delete all records from inode
2023-08-04 12:55:18,421 INFO  [com.dot.ContainerResource] (docker-java-stream-824381349) STDOUT: 12:55:18.402  INFO  starter.ImportStarterUtil - Deleted all records from inode
2023-08-04 12:55:18,421 INFO  [com.dot.ContainerResource] (docker-java-stream-824381349) STDOUT: 12:55:18.402  INFO  starter.ImportStarterUtil - About to delete all records from user_
2023-08-04 12:55:18,422 INFO  [com.dot.ContainerResource] (docker-java-stream-824381349) STDOUT: 12:55:18.421  INFO  starter.ImportStarterUtil - Deleted all records from user_
2023-08-04 12:55:18,422 INFO  [com.dot.ContainerResource] (docker-java-stream-824381349) STDOUT: 12:55:18.421  INFO  starter.ImportStarterUtil - About to delete all records from company
2023-08-04 12:55:18,427 INFO  [com.dot.ContainerResource] (docker-java-stream-824381349) STDOUT: 12:55:18.426  INFO  starter.ImportStarterUtil - Deleted all records from company
2023-08-04 12:55:18,428 INFO  [com.dot.ContainerResource] (docker-java-stream-824381349) STDOUT: 12:55:18.426  INFO  starter.ImportStarterUtil - About to delete all records from counter
2023-08-04 12:55:18,428 INFO  [com.dot.ContainerResource] (docker-java-stream-824381349) STDOUT: 12:55:18.426  INFO  starter.ImportStarterUtil - Deleted all records from counter
2023-08-04 12:55:18,428 INFO  [com.dot.ContainerResource] (docker-java-stream-824381349) STDOUT: 12:55:18.426  INFO  starter.ImportStarterUtil - About to delete all records from image
2023-08-04 12:55:18,428 INFO  [com.dot.ContainerResource] (docker-java-stream-824381349) STDOUT: 12:55:18.427  INFO  starter.ImportStarterUtil - Deleted all records from image
2023-08-04 12:55:18,428 INFO  [com.dot.ContainerResource] (docker-java-stream-824381349) STDOUT: 12:55:18.427  INFO  starter.ImportStarterUtil - About to delete all records from portlet
2023-08-04 12:55:18,440 INFO  [com.dot.ContainerResource] (docker-java-stream-824381349) STDOUT: 12:55:18.434  INFO  starter.ImportStarterUtil - Deleted all records from portlet
2023-08-04 12:55:18,440 INFO  [com.dot.ContainerResource] (docker-java-stream-824381349) STDOUT: 12:55:18.434  INFO  starter.ImportStarterUtil - About to delete all records from portletpreferences
2023-08-04 12:55:18,441 INFO  [com.dot.ContainerResource] (docker-java-stream-824381349) STDOUT: 12:55:18.434  INFO  starter.ImportStarterUtil - Deleted all records from portletpreferences
2023-08-04 12:55:18,441 INFO  [com.dot.ContainerResource] (docker-java-stream-824381349) STDOUT: 12:55:18.434  INFO  starter.ImportStarterUtil - About to delete all records from address
2023-08-04 12:55:18,441 INFO  [com.dot.ContainerResource] (docker-java-stream-824381349) STDOUT: 12:55:18.435  INFO  starter.ImportStarterUtil - Deleted all records from address
2023-08-04 12:55:18,441 INFO  [com.dot.ContainerResource] (docker-java-stream-824381349) STDOUT: 12:55:18.435  INFO  starter.ImportStarterUtil - About to delete all records from plugin_property
2023-08-04 12:55:18,441 INFO  [com.dot.ContainerResource] (docker-java-stream-824381349) STDOUT: 12:55:18.435  INFO  starter.ImportStarterUtil - Deleted all records from plugin_property
2023-08-04 12:55:18,441 INFO  [com.dot.ContainerResource] (docker-java-stream-824381349) STDOUT: 12:55:18.435  INFO  starter.ImportStarterUtil - About to delete all records from plugin
2023-08-04 12:55:18,456 INFO  [com.dot.ContainerResource] (docker-java-stream-824381349) STDOUT: 12:55:18.436  INFO  starter.ImportStarterUtil - Deleted all records from plugin
2023-08-04 12:55:18,657 INFO  [com.dot.ContainerResource] (docker-java-stream-824381349) STDOUT: 12:55:18.653  INFO  starter.ImportStarterUtil - **** Importing the file: /data/local/dotsecure/backup/temp/com.liferay.portal.model.Company.json *****
2023-08-04 12:55:18,661 INFO  [com.dot.ContainerResource] (docker-java-stream-824381349) STDOUT: 12:55:18.660  INFO  starter.ImportStarterUtil - Importing:	com.liferay.portal.model.Company
2023-08-04 12:55:19,081 INFO  [com.dot.ContainerResource] (docker-java-stream-824381349) STDOUT: 12:55:19.077  INFO  starter.ImportStarterUtil - Found :	1 com.liferay.portal.model.Company(s)
2023-08-04 12:55:19,374 INFO  [com.dot.ContainerResource] (docker-java-stream-824381349) STDOUT: 12:55:19.374  INFO  starter.ImportStarterUtil - **** Importing the file: /data/local/dotsecure/backup/temp/com.dotmarketing.business.Role_0000000000.json *****
2023-08-04 12:55:19,380 INFO  [com.dot.ContainerResource] (docker-java-stream-824381349) STDOUT: 12:55:19.380  INFO  starter.ImportStarterUtil - Importing:	com.dotmarketing.business.Role
2023-08-04 12:55:19,399 INFO  [com.dot.ContainerResource] (docker-java-stream-824381349) STDOUT: 12:55:19.399  INFO  starter.ImportStarterUtil - Found :	18 com.dotmarketing.business.Role(s)
2023-08-04 12:55:19,414 INFO  [com.dot.ContainerResource] (docker-java-stream-824381349) STDOUT: 12:55:19.413  INFO  starter.ImportStarterUtil - roleKey:cms_users = 0
2023-08-04 12:55:19,426 INFO  [com.dot.ContainerResource] (docker-java-stream-824381349) STDOUT: 12:55:19.425  INFO  starter.ImportStarterUtil - roleKey:System = 0
2023-08-04 12:55:19,431 INFO  [com.dot.ContainerResource] (docker-java-stream-824381349) STDOUT: 12:55:19.430  INFO  starter.ImportStarterUtil - roleKey:DOTCMS_BACK_END_USER = 0
2023-08-04 12:55:19,432 INFO  [com.dot.ContainerResource] (docker-java-stream-824381349) STDOUT: 12:55:19.431  INFO  starter.ImportStarterUtil - roleKey:cms_workflow_any_who_can_view = 0
2023-08-04 12:55:19,436 INFO  [com.dot.ContainerResource] (docker-java-stream-824381349) STDOUT: 12:55:19.436  INFO  starter.ImportStarterUtil - roleKey:Form Editor = 0
2023-08-04 12:55:19,437 INFO  [com.dot.ContainerResource] (docker-java-stream-824381349) STDOUT: 12:55:19.437  INFO  starter.ImportStarterUtil - roleKey:dotcms.org.default = 0
2023-08-04 12:55:19,442 INFO  [com.dot.ContainerResource] (docker-java-stream-824381349) STDOUT: 12:55:19.441  INFO  starter.ImportStarterUtil - roleKey:cms_workflow_any_who_can_edit_permissions = 0
2023-08-04 12:55:19,447 INFO  [com.dot.ContainerResource] (docker-java-stream-824381349) STDOUT: 12:55:19.444  INFO  starter.ImportStarterUtil - roleKey:cms_workflow_any_who_can_edit = 0
2023-08-04 12:55:19,452 INFO  [com.dot.ContainerResource] (docker-java-stream-824381349) STDOUT: 12:55:19.452  INFO  starter.ImportStarterUtil - roleKey:CMS Anonymous = 0
2023-08-04 12:55:19,454 INFO  [com.dot.ContainerResource] (docker-java-stream-824381349) STDOUT: 12:55:19.453  INFO  starter.ImportStarterUtil - roleKey:CMS Owner = 0
2023-08-04 12:55:19,456 INFO  [com.dot.ContainerResource] (docker-java-stream-824381349) STDOUT: 12:55:19.456  INFO  starter.ImportStarterUtil - roleKey:Login As = 0
2023-08-04 12:55:19,461 INFO  [com.dot.ContainerResource] (docker-java-stream-824381349) STDOUT: 12:55:19.461  INFO  starter.ImportStarterUtil - roleKey:LDAP User = 0
2023-08-04 12:55:19,463 INFO  [com.dot.ContainerResource] (docker-java-stream-824381349) STDOUT: 12:55:19.462  INFO  starter.ImportStarterUtil - roleKey:CMS Administrator = 0
2023-08-04 12:55:19,465 INFO  [com.dot.ContainerResource] (docker-java-stream-824381349) STDOUT: 12:55:19.465  INFO  starter.ImportStarterUtil - roleKey:DOTCMS_FRONT_END_USER = 0
2023-08-04 12:55:19,469 INFO  [com.dot.ContainerResource] (docker-java-stream-824381349) STDOUT: 12:55:19.469  INFO  starter.ImportStarterUtil - roleKey:cms_workflow_any_who_can_publish = 0
2023-08-04 12:55:19,471 INFO  [com.dot.ContainerResource] (docker-java-stream-824381349) STDOUT: 12:55:19.471  INFO  starter.ImportStarterUtil - roleKey:dotcms.org.1 = 0
2023-08-04 12:55:19,477 INFO  [com.dot.ContainerResource] (docker-java-stream-824381349) STDOUT: 12:55:19.477  INFO  starter.ImportStarterUtil - roleKey:anonymous = 0
2023-08-04 12:55:19,478 INFO  [com.dot.ContainerResource] (docker-java-stream-824381349) STDOUT: 12:55:19.478  INFO  starter.ImportStarterUtil - roleKey:Scripting Developer = 0
2023-08-04 12:55:19,482 INFO  [com.dot.ContainerResource] (docker-java-stream-824381349) STDOUT: 12:55:19.481  INFO  starter.ImportStarterUtil - **** Importing the file: /data/local/dotsecure/backup/temp/com.liferay.portal.model.User.json *****
2023-08-04 12:55:19,484 INFO  [com.dot.ContainerResource] (docker-java-stream-824381349) STDOUT: 12:55:19.483  INFO  starter.ImportStarterUtil - Importing:	com.liferay.portal.model.User
2023-08-04 12:55:19,562 INFO  [com.dot.ContainerResource] (docker-java-stream-824381349) STDOUT: 12:55:19.562  INFO  starter.ImportStarterUtil - Found :	4 com.liferay.portal.model.User(s)
2023-08-04 12:55:19,724 INFO  [com.dot.ContainerResource] (docker-java-stream-824381349) STDOUT: 12:55:19.719  WARN  util.LocaleUtil - null is not a valid language id
2023-08-04 12:55:19,761 INFO  [com.dot.ContainerResource] (docker-java-stream-824381349) STDOUT: 12:55:19.761  WARN  business.UserHelper - Error loading user with id dotcms.org.1
2023-08-04 12:55:19,922 INFO  [com.dot.ContainerResource] (docker-java-stream-824381349) STDERR: WARNING: Illegal reflective access by org.exolab.castor.xml.BaseXercesOutputFormat (file:/srv/dotserver/tomcat-9.0.60/webapps/ROOT/WEB-INF/lib/castor-xml-1.4.1.jar) to method com.sun.org.apache.xml.internal.serialize.OutputFormat.setMethod(java.lang.String)
2023-08-04 12:55:19,923 INFO  [com.dot.ContainerResource] (docker-java-stream-824381349) STDERR: WARNING: Illegal reflective access by org.exolab.castor.xml.BaseXercesOutputFormat (file:/srv/dotserver/tomcat-9.0.60/webapps/ROOT/WEB-INF/lib/castor-xml-1.4.1.jar) to method com.sun.org.apache.xml.internal.serialize.OutputFormat.setVersion(java.lang.String)
2023-08-04 12:55:19,924 INFO  [com.dot.ContainerResource] (docker-java-stream-824381349) STDERR: WARNING: Illegal reflective access by org.exolab.castor.xml.BaseXercesOutputFormat (file:/srv/dotserver/tomcat-9.0.60/webapps/ROOT/WEB-INF/lib/castor-xml-1.4.1.jar) to method com.sun.org.apache.xml.internal.serialize.OutputFormat.setIndenting(boolean)
2023-08-04 12:55:19,925 INFO  [com.dot.ContainerResource] (docker-java-stream-824381349) STDERR: WARNING: Illegal reflective access by org.exolab.castor.xml.BaseXercesOutputFormat (file:/srv/dotserver/tomcat-9.0.60/webapps/ROOT/WEB-INF/lib/castor-xml-1.4.1.jar) to method com.sun.org.apache.xml.internal.serialize.OutputFormat.setPreserveSpace(boolean)
2023-08-04 12:55:19,926 INFO  [com.dot.ContainerResource] (docker-java-stream-824381349) STDERR: WARNING: Illegal reflective access by org.exolab.castor.xml.BaseXercesJDK5Serializer (file:/srv/dotserver/tomcat-9.0.60/webapps/ROOT/WEB-INF/lib/castor-xml-1.4.1.jar) to method com.sun.org.apache.xml.internal.serialize.XMLSerializer.setOutputFormat(com.sun.org.apache.xml.internal.serialize.OutputFormat)
2023-08-04 12:55:19,940 INFO  [com.dot.ContainerResource] (docker-java-stream-824381349) STDERR: WARNING: Illegal reflective access by org.exolab.castor.xml.BaseXercesJDK5Serializer (file:/srv/dotserver/tomcat-9.0.60/webapps/ROOT/WEB-INF/lib/castor-xml-1.4.1.jar) to method com.sun.org.apache.xml.internal.serialize.BaseMarkupSerializer.setOutputCharStream(java.io.Writer)
2023-08-04 12:55:19,942 INFO  [com.dot.ContainerResource] (docker-java-stream-824381349) STDERR: WARNING: Illegal reflective access by org.exolab.castor.xml.BaseXercesJDK5Serializer (file:/srv/dotserver/tomcat-9.0.60/webapps/ROOT/WEB-INF/lib/castor-xml-1.4.1.jar) to method com.sun.org.apache.xml.internal.serialize.BaseMarkupSerializer.asDocumentHandler()
2023-08-04 12:55:19,944 INFO  [com.dot.ContainerResource] (docker-java-stream-824381349) STDOUT: 12:55:19.944  INFO  xml.Marshaller - Marshaller called using one of the *static*  marshal(Object, *) methods. This will ignore any  mapping files as specified. Please consider switching to  using Marshaller instances and calling one of the marshal(*) methods.
2023-08-04 12:55:20,939 INFO  [com.dot.ContainerResource] (docker-java-stream-824381349) STDOUT: 12:55:20.938  INFO  timedcache.TimedCacheProvider - ===== Initializing [Timed Cache Provider].
2023-08-04 12:55:20,940 INFO  [com.dot.ContainerResource] (docker-java-stream-824381349) STDOUT: 12:55:20.939  INFO  timedcache.TimedCacheProvider - ***	 Cache Config Memory : esquerycache: 10000
2023-08-04 12:55:20,940 INFO  [com.dot.ContainerResource] (docker-java-stream-824381349) STDOUT: 12:55:20.939  INFO  timedcache.TimedCacheProvider - ***	 Cache Config Memory : esquerycountcache: 10000
2023-08-04 12:55:20,941 INFO  [com.dot.ContainerResource] (docker-java-stream-824381349) STDOUT: 12:55:20.939  INFO  timedcache.TimedCacheProvider - ***	 Cache Config Memory : graphqlquerycache: 5000
2023-08-04 12:55:20,941 INFO  [com.dot.ContainerResource] (docker-java-stream-824381349) STDOUT: 12:55:20.939  INFO  timedcache.TimedCacheProvider - ***	 Cache Config Memory : default: 1000
2023-08-04 12:55:20,942 INFO  [com.dot.ContainerResource] (docker-java-stream-824381349) STDOUT: 12:55:20.939  INFO  timedcache.TimedCacheProvider - ***	 Cache Config Memory : adminconfigpool: 100
2023-08-04 12:55:20,942 INFO  [com.dot.ContainerResource] (docker-java-stream-824381349) STDOUT: 12:55:20.939  INFO  timedcache.TimedCacheProvider - ***	 Cache Config Memory : companypool: 10
2023-08-04 12:55:20,942 INFO  [com.dot.ContainerResource] (docker-java-stream-824381349) STDOUT: 12:55:20.939  INFO  timedcache.TimedCacheProvider - ***	 Cache Config Memory : contentletcache: 5000
2023-08-04 12:55:20,952 INFO  [com.dot.ContainerResource] (docker-java-stream-824381349) STDOUT: 12:55:20.939  INFO  timedcache.TimedCacheProvider - ***	 Cache Config Memory : categoryparentscache: 30000
2023-08-04 12:55:20,952 INFO  [com.dot.ContainerResource] (docker-java-stream-824381349) STDOUT: 12:55:20.939  INFO  timedcache.TimedCacheProvider - ***	 Cache Config Memory : taginodecache: 50000
2023-08-04 12:55:20,952 INFO  [com.dot.ContainerResource] (docker-java-stream-824381349) STDOUT: 12:55:20.939  INFO  timedcache.TimedCacheProvider - ***	 Cache Config Memory : taginodesbyinodecache: 50000
2023-08-04 12:55:20,952 INFO  [com.dot.ContainerResource] (docker-java-stream-824381349) STDOUT: 12:55:20.939  INFO  timedcache.TimedCacheProvider - ***	 Cache Config Memory : tagcache: 50000
2023-08-04 12:55:20,952 INFO  [com.dot.ContainerResource] (docker-java-stream-824381349) STDOUT: 12:55:20.939  INFO  timedcache.TimedCacheProvider - ***	 Cache Config Memory : csscache: 2500
2023-08-04 12:55:20,952 INFO  [com.dot.ContainerResource] (docker-java-stream-824381349) STDOUT: 12:55:20.939  INFO  timedcache.TimedCacheProvider - ***	 Cache Config Memory : assetmetadatacache: 10000
2023-08-04 12:55:20,952 INFO  [com.dot.ContainerResource] (docker-java-stream-824381349) STDOUT: 12:55:20.939  INFO  timedcache.TimedCacheProvider - ***	 Cache Config Memory : identifiercache: 50000
2023-08-04 12:55:20,952 INFO  [com.dot.ContainerResource] (docker-java-stream-824381349) STDOUT: 12:55:20.939  INFO  timedcache.TimedCacheProvider - ***	 Cache Config Memory : identifier404cache: 30000
2023-08-04 12:55:20,952 INFO  [com.dot.ContainerResource] (docker-java-stream-824381349) STDOUT: 12:55:20.939  INFO  timedcache.TimedCacheProvider - ***	 Cache Config Memory : indiciescache: 8
2023-08-04 12:55:20,952 INFO  [com.dot.ContainerResource] (docker-java-stream-824381349) STDOUT: 12:55:20.939  INFO  timedcache.TimedCacheProvider - ***	 Cache Config Memory : logmappercache: 10
2023-08-04 12:55:20,952 INFO  [com.dot.ContainerResource] (docker-java-stream-824381349) STDOUT: 12:55:20.939  INFO  timedcache.TimedCacheProvider - ***	 Cache Config Memory : navcache: 1000
2023-08-04 12:55:20,953 INFO  [com.dot.ContainerResource] (docker-java-stream-824381349) STDOUT: 12:55:20.939  INFO  timedcache.TimedCacheProvider - ***	 Cache Config Memory : parentpermissionablecache: 10000
2023-08-04 12:55:20,953 INFO  [com.dot.ContainerResource] (docker-java-stream-824381349) STDOUT: 12:55:20.939  INFO  timedcache.TimedCacheProvider - ***	 Cache Config Memory : permissioncache: 50000
2023-08-04 12:55:20,953 INFO  [com.dot.ContainerResource] (docker-java-stream-824381349) STDOUT: 12:55:20.939  INFO  timedcache.TimedCacheProvider - ***	 Cache Config Memory : portletpool: 100
2023-08-04 12:55:20,953 INFO  [com.dot.ContainerResource] (docker-java-stream-824381349) STDOUT: 12:55:20.939  INFO  timedcache.TimedCacheProvider - ***	 Cache Config Memory : publishingendpointcache: 100
2023-08-04 12:55:20,953 INFO  [com.dot.ContainerResource] (docker-java-stream-824381349) STDOUT: 12:55:20.939  INFO  timedcache.TimedCacheProvider - ***	 Cache Config Memory : pushedassetscache: 5000
2023-08-04 12:55:20,963 INFO  [com.dot.ContainerResource] (docker-java-stream-824381349) STDOUT: 12:55:20.960  INFO  timedcache.TimedCacheProvider - ***	 Cache Config Memory : templatecache: 500
2023-08-04 12:55:20,963 INFO  [com.dot.ContainerResource] (docker-java-stream-824381349) STDOUT: 12:55:20.961  INFO  timedcache.TimedCacheProvider - ***	 Cache Config Memory : translatedquerycache: 5000
2023-08-04 12:55:20,963 INFO  [com.dot.ContainerResource] (docker-java-stream-824381349) STDOUT: 12:55:20.961  INFO  timedcache.TimedCacheProvider - ***	 Cache Config Memory : versioncache: 50000
2023-08-04 12:55:20,963 INFO  [com.dot.ContainerResource] (docker-java-stream-824381349) STDOUT: 12:55:20.961  INFO  timedcache.TimedCacheProvider - ***	 Cache Config Memory : versioninfocache: 50000
2023-08-04 12:55:20,964 INFO  [com.dot.ContainerResource] (docker-java-stream-824381349) STDOUT: 12:55:20.961  INFO  timedcache.TimedCacheProvider - ***	 Cache Config Memory : workflowactioncache: 10000
2023-08-04 12:55:20,964 INFO  [com.dot.ContainerResource] (docker-java-stream-824381349) STDOUT: 12:55:20.961  INFO  timedcache.TimedCacheProvider - ***	 Cache Config Memory : workflowtaskcache: 10000
2023-08-04 12:55:20,964 INFO  [com.dot.ContainerResource] (docker-java-stream-824381349) STDOUT: 12:55:20.961  INFO  timedcache.TimedCacheProvider - ***	 Cache Config Memory : shortyidcache: 25000
2023-08-04 12:55:20,965 INFO  [com.dot.ContainerResource] (docker-java-stream-824381349) STDOUT: 12:55:20.961  INFO  timedcache.TimedCacheProvider - ***	 Cache Config Memory : velocitycache: 5000
2023-08-04 12:55:20,965 INFO  [com.dot.ContainerResource] (docker-java-stream-824381349) STDOUT: 12:55:20.961  INFO  timedcache.TimedCacheProvider - ***	 Cache Config Memory : vanityurldirectcache: 25000
2023-08-04 12:55:20,965 INFO  [com.dot.ContainerResource] (docker-java-stream-824381349) STDOUT: 12:55:20.961  INFO  timedcache.TimedCacheProvider - ***	 Cache Config Memory : vanityurlsitecache: 5000
2023-08-04 12:55:20,966 INFO  [com.dot.ContainerResource] (docker-java-stream-824381349) STDOUT: 12:55:20.961  INFO  h22.H22Cache - Start Full Cache Flush in h22
2023-08-04 12:55:20,966 INFO  [com.dot.ContainerResource] (docker-java-stream-824381349) STDOUT: 12:55:20.961  INFO  h22.H22Cache - Building new H22 Cache, db:0
2023-08-04 12:55:20,967 INFO  [com.dot.ContainerResource] (docker-java-stream-824381349) STDOUT: 12:55:20.961  INFO  h22.H22HikariPool - H22 on disk cache:jdbc:h2:/data/local/dotsecure/h22cache/0/2023-08-04_12-55-20/cache;MVCC=TRUE;DB_CLOSE_ON_EXIT=FALSE
2023-08-04 12:55:21,185 INFO  [com.dot.ContainerResource] (docker-java-stream-824381349) STDOUT: 12:55:21.169  INFO  h22.H22Cache - Building new H22 Cache, db:1
2023-08-04 12:55:21,186 INFO  [com.dot.ContainerResource] (docker-java-stream-824381349) STDOUT: 12:55:21.169  INFO  h22.H22HikariPool - H22 on disk cache:jdbc:h2:/data/local/dotsecure/h22cache/1/2023-08-04_12-55-21/cache;MVCC=TRUE;DB_CLOSE_ON_EXIT=FALSE
2023-08-04 12:55:21,322 INFO  [com.dot.ContainerResource] (docker-java-stream-824381349) STDOUT: 12:55:21.321  INFO  h22.H22Cache - End Full Cache Flush in h22 : 359ms
2023-08-04 12:55:21,731 INFO  [com.dot.ContainerResource] (docker-java-stream-824381349) STDOUT: 12:55:21.731  WARN  business.UserHelper - Error loading user with id system
2023-08-04 12:55:22,621 INFO  [com.dot.ContainerResource] (docker-java-stream-824381349) STDOUT: 12:55:22.621  INFO  util.SecurityLogger - class com.dotmarketing.business.RoleAPIImpl : Adding role:'Admin User' to user:dotcms.org.1 email:admin@dotcms.com -- ip:ukn,user:null
2023-08-04 12:55:22,625 INFO  [com.dot.ContainerResource] (docker-java-stream-824381349) STDOUT: 12:55:22.625  WARN  business.UserHelper - Error loading user with id anonymous
2023-08-04 12:55:23,403 INFO  [com.dot.ContainerResource] (docker-java-stream-824381349) STDOUT: 12:55:23.402  INFO  util.SecurityLogger - class com.dotmarketing.business.RoleAPIImpl : Adding role:'anonymous user anonymous' to user:anonymous email:anonymous@dotcms.anonymoususer -- ip:ukn,user:null
2023-08-04 12:55:23,405 INFO  [com.dot.ContainerResource] (docker-java-stream-824381349) STDOUT: 12:55:23.405  INFO  starter.ImportStarterUtil - 
2023-08-04 12:55:23,405 INFO  [com.dot.ContainerResource] (docker-java-stream-824381349) STDOUT: 12:55:23.405  INFO  starter.ImportStarterUtil - 
2023-08-04 12:55:23,405 INFO  [com.dot.ContainerResource] (docker-java-stream-824381349) STDOUT: 12:55:23.405  INFO  starter.ImportStarterUtil - **** Importing the file: /data/local/dotsecure/backup/temp/com.dotmarketing.business.UsersRoles_0000000000.json *****
2023-08-04 12:55:23,405 INFO  [com.dot.ContainerResource] (docker-java-stream-824381349) STDOUT: 12:55:23.405  INFO  starter.ImportStarterUtil - Importing:	com.dotmarketing.business.UsersRoles
2023-08-04 12:55:23,407 INFO  [com.dot.ContainerResource] (docker-java-stream-824381349) STDOUT: 12:55:23.407  INFO  starter.ImportStarterUtil - Found :	14 com.dotmarketing.business.UsersRoles(s)
2023-08-04 12:55:23,415 INFO  [com.dot.ContainerResource] (docker-java-stream-824381349) STDOUT: 12:55:23.414  INFO  starter.ImportStarterUtil - **** Importing the file: /data/local/dotsecure/backup/temp/com.dotmarketing.business.Layout_0000000000.json *****
2023-08-04 12:55:23,415 INFO  [com.dot.ContainerResource] (docker-java-stream-824381349) STDOUT: 12:55:23.415  INFO  starter.ImportStarterUtil - Importing:	com.dotmarketing.business.Layout
2023-08-04 12:55:23,421 INFO  [com.dot.ContainerResource] (docker-java-stream-824381349) STDOUT: 12:55:23.416  INFO  starter.ImportStarterUtil - Found :	11 com.dotmarketing.business.Layout(s)
2023-08-04 12:55:23,433 INFO  [com.dot.ContainerResource] (docker-java-stream-824381349) STDOUT: 12:55:23.432  INFO  starter.ImportStarterUtil - **** Importing the file: /data/local/dotsecure/backup/temp/com.dotmarketing.business.PortletsLayouts_0000000000.json *****
2023-08-04 12:55:23,433 INFO  [com.dot.ContainerResource] (docker-java-stream-824381349) STDOUT: 12:55:23.432  INFO  starter.ImportStarterUtil - Importing:	com.dotmarketing.business.PortletsLayouts
2023-08-04 12:55:23,438 INFO  [com.dot.ContainerResource] (docker-java-stream-824381349) STDOUT: 12:55:23.437  INFO  starter.ImportStarterUtil - Found :	36 com.dotmarketing.business.PortletsLayouts(s)
2023-08-04 12:55:23,463 INFO  [com.dot.ContainerResource] (docker-java-stream-824381349) STDOUT: 12:55:23.462  INFO  starter.ImportStarterUtil - **** Importing the file: /data/local/dotsecure/backup/temp/com.dotmarketing.business.LayoutsRoles_0000000000.json *****
2023-08-04 12:55:23,463 INFO  [com.dot.ContainerResource] (docker-java-stream-824381349) STDOUT: 12:55:23.463  INFO  starter.ImportStarterUtil - Importing:	com.dotmarketing.business.LayoutsRoles
2023-08-04 12:55:23,465 INFO  [com.dot.ContainerResource] (docker-java-stream-824381349) STDOUT: 12:55:23.465  INFO  starter.ImportStarterUtil - Found :	7 com.dotmarketing.business.LayoutsRoles(s)
2023-08-04 12:55:23,473 INFO  [com.dot.ContainerResource] (docker-java-stream-824381349) STDOUT: 12:55:23.473  INFO  starter.ImportStarterUtil - **** Importing the file: /data/local/dotsecure/backup/temp/com.dotmarketing.portlets.languagesmanager.model.Language_0000000000.json *****
2023-08-04 12:55:23,474 INFO  [com.dot.ContainerResource] (docker-java-stream-824381349) STDOUT: 12:55:23.474  INFO  starter.ImportStarterUtil - Importing:	com.dotmarketing.portlets.languagesmanager.model.Language
2023-08-04 12:55:23,478 INFO  [com.dot.ContainerResource] (docker-java-stream-824381349) STDOUT: 12:55:23.478  INFO  starter.ImportStarterUtil - Found :	1 com.dotmarketing.portlets.languagesmanager.model.Language(s)
2023-08-04 12:55:23,491 INFO  [com.dot.ContainerResource] (docker-java-stream-824381349) STDOUT: 12:55:23.491  INFO  starter.ImportStarterUtil - Importing folder path /System foldersystem folder
2023-08-04 12:55:23,530 INFO  [com.dot.ContainerResource] (docker-java-stream-824381349) STDOUT: 12:55:23.529  INFO  starter.ImportStarterUtil - **** Importing the file: /data/local/dotsecure/backup/temp/com.dotmarketing.portlets.folders.model.Folder_0000000000.json *****
2023-08-04 12:55:23,534 INFO  [com.dot.ContainerResource] (docker-java-stream-824381349) STDOUT: 12:55:23.530  INFO  starter.ImportStarterUtil - Importing:	com.dotmarketing.portlets.folders.model.Folder
2023-08-04 12:55:23,555 INFO  [com.dot.ContainerResource] (docker-java-stream-824381349) STDOUT: 12:55:23.552  INFO  starter.ImportStarterUtil - Found :	1 com.dotmarketing.portlets.folders.model.Folder(s)
2023-08-04 12:55:24,193 INFO  [com.dot.ContainerResource] (docker-java-stream-824381349) STDOUT: 12:55:24.193  INFO  business.ContentTypeAPIImpl - Content type not found with given id: c938b15f-bcb6-49ef-8651-14d455a97045. Continuing...
2023-08-04 12:55:24,411 INFO  [com.dot.ContainerResource] (docker-java-stream-824381349) STDOUT: 12:55:24.411  INFO  util.ActivityLogger - class com.dotmarketing.util.ActivityLogger: system : Save Field Action , User system/system user added field Site/Folder to Persona Structure.
2023-08-04 12:55:24,470 INFO  [com.dot.ContainerResource] (docker-java-stream-824381349) STDOUT: 12:55:24.470  INFO  util.ActivityLogger - class com.dotmarketing.util.ActivityLogger: system : Save Field Action , User system/system user added field Name to Persona Structure.
2023-08-04 12:55:24,506 INFO  [com.dot.ContainerResource] (docker-java-stream-824381349) STDOUT: 12:55:24.506  INFO  util.ActivityLogger - class com.dotmarketing.util.ActivityLogger: system : Save Field Action , User system/system user added field Key Tag to Persona Structure.
2023-08-04 12:55:24,546 INFO  [com.dot.ContainerResource] (docker-java-stream-824381349) STDOUT: 12:55:24.546  INFO  util.ActivityLogger - class com.dotmarketing.util.ActivityLogger: system : Save Field Action , User system/system user added field Photo to Persona Structure.
2023-08-04 12:55:24,584 INFO  [com.dot.ContainerResource] (docker-java-stream-824381349) STDOUT: 12:55:24.584  INFO  util.ActivityLogger - class com.dotmarketing.util.ActivityLogger: system : Save Field Action , User system/system user added field Other Tags to Persona Structure.
2023-08-04 12:55:24,630 INFO  [com.dot.ContainerResource] (docker-java-stream-824381349) STDOUT: 12:55:24.630  INFO  util.ActivityLogger - class com.dotmarketing.util.ActivityLogger: system : Save Field Action , User system/system user added field Description to Persona Structure.
2023-08-04 12:55:24,659 INFO  [com.dot.ContainerResource] (docker-java-stream-824381349) STDOUT: 12:55:24.658  INFO  util.ActivityLogger - class com.dotcms.contenttype.business.ContentTypeAPIImpl: system : Save ContentType Action , User system/system user system user added ContentType Persona to host id:SYSTEM_HOST
2023-08-04 12:55:24,661 INFO  [com.dot.ContainerResource] (docker-java-stream-824381349) STDOUT: 12:55:24.661  INFO  business.ContentTypeAPIImpl - UserId : system : ContentType : ContentType saved : Persona
2023-08-04 12:55:24,662 INFO  [com.dot.ContainerResource] (docker-java-stream-824381349) STDOUT: 12:55:24.661  INFO  util.AdminLogger - UserId : system : class com.dotcms.contenttype.business.ContentTypeAPIImpl : ContentType : ContentType saved : Persona
2023-08-04 12:55:24,677 INFO  [com.dot.ContainerResource] (docker-java-stream-824381349) STDOUT: 12:55:24.676  INFO  business.ContentTypeAPIImpl - Content type not found with given id: f4d7c1b8-2c88-4071-abf1-a5328977b07d. Continuing...
2023-08-04 12:55:24,691 INFO  [com.dot.ContainerResource] (docker-java-stream-824381349) STDOUT: 12:55:24.691  INFO  util.ActivityLogger - class com.dotmarketing.util.ActivityLogger: system : Save Field Action , User system/system user added field Key to Language Variable Structure.
2023-08-04 12:55:24,719 INFO  [com.dot.ContainerResource] (docker-java-stream-824381349) STDOUT: 12:55:24.718  INFO  util.ActivityLogger - class com.dotmarketing.util.ActivityLogger: system : Save Field Action , User system/system user added field Value to Language Variable Structure.
2023-08-04 12:55:24,727 INFO  [com.dot.ContainerResource] (docker-java-stream-824381349) STDOUT: 12:55:24.726  INFO  util.ActivityLogger - class com.dotcms.contenttype.business.ContentTypeAPIImpl: system : Save ContentType Action , User system/system user system user added ContentType Language Variable to host id:SYSTEM_HOST
2023-08-04 12:55:24,727 INFO  [com.dot.ContainerResource] (docker-java-stream-824381349) STDOUT: 12:55:24.726  INFO  business.ContentTypeAPIImpl - UserId : system : ContentType : ContentType saved : Language Variable
2023-08-04 12:55:24,728 INFO  [com.dot.ContainerResource] (docker-java-stream-824381349) STDOUT: 12:55:24.726  INFO  util.AdminLogger - UserId : system : class com.dotcms.contenttype.business.ContentTypeAPIImpl : ContentType : ContentType saved : Language Variable
2023-08-04 12:55:24,783 INFO  [com.dot.ContainerResource] (docker-java-stream-824381349) STDOUT: 12:55:24.782  INFO  business.ContentTypeAPIImpl - Content type not found with given id: 4d21b6d8-1711-4ae6-9419-89e2b1ae5a06. Continuing...
2023-08-04 12:55:24,808 INFO  [com.dot.ContainerResource] (docker-java-stream-824381349) STDOUT: 12:55:24.808  INFO  util.ActivityLogger - class com.dotmarketing.util.ActivityLogger: system : Save Field Action , User system/system user added field Form ID to Forms Structure.
2023-08-04 12:55:24,833 INFO  [com.dot.ContainerResource] (docker-java-stream-824381349) STDOUT: 12:55:24.832  INFO  util.ActivityLogger - class com.dotmarketing.util.ActivityLogger: system : Save Field Action , User system/system user added field Widget Title to Forms Structure.
2023-08-04 12:55:24,863 INFO  [com.dot.ContainerResource] (docker-java-stream-824381349) STDOUT: 12:55:24.862  INFO  util.ActivityLogger - class com.dotmarketing.util.ActivityLogger: system : Save Field Action , User system/system user added field Widget Usage to Forms Structure.
2023-08-04 12:55:24,897 INFO  [com.dot.ContainerResource] (docker-java-stream-824381349) STDOUT: 12:55:24.896  INFO  util.ActivityLogger - class com.dotmarketing.util.ActivityLogger: system : Save Field Action , User system/system user added field Widget Code to Forms Structure.
2023-08-04 12:55:24,930 INFO  [com.dot.ContainerResource] (docker-java-stream-824381349) STDOUT: 12:55:24.930  INFO  util.ActivityLogger - class com.dotmarketing.util.ActivityLogger: system : Save Field Action , User system/system user added field Widget Pre-Execute to Forms Structure.
2023-08-04 12:55:24,943 INFO  [com.dot.ContainerResource] (docker-java-stream-824381349) STDOUT: 12:55:24.943  INFO  util.ActivityLogger - class com.dotcms.contenttype.business.ContentTypeAPIImpl: system : Save ContentType Action , User system/system user system user added ContentType Forms to host id:SYSTEM_HOST
2023-08-04 12:55:24,944 INFO  [com.dot.ContainerResource] (docker-java-stream-824381349) STDOUT: 12:55:24.943  INFO  business.ContentTypeAPIImpl - UserId : system : ContentType : ContentType saved : Forms
2023-08-04 12:55:24,944 INFO  [com.dot.ContainerResource] (docker-java-stream-824381349) STDOUT: 12:55:24.943  INFO  util.AdminLogger - UserId : system : class com.dotcms.contenttype.business.ContentTypeAPIImpl : ContentType : ContentType saved : Forms
2023-08-04 12:55:24,974 INFO  [com.dot.ContainerResource] (docker-java-stream-824381349) STDOUT: 12:55:24.973  INFO  business.ContentTypeAPIImpl - Content type not found with given id: f2d8a1c7-2b77-2081-bcf1-b5348988c08d. Continuing...
2023-08-04 12:55:24,996 INFO  [com.dot.ContainerResource] (docker-java-stream-824381349) STDOUT: 12:55:24.996  INFO  util.ActivityLogger - class com.dotmarketing.util.ActivityLogger: system : Save Field Action , User system/system user added field Site or Folder to dotAsset Structure.
2023-08-04 12:55:25,020 INFO  [com.dot.ContainerResource] (docker-java-stream-824381349) STDOUT: 12:55:25.020  INFO  util.ActivityLogger - class com.dotmarketing.util.ActivityLogger: system : Save Field Action , User system/system user added field Asset to dotAsset Structure.
2023-08-04 12:55:25,053 INFO  [com.dot.ContainerResource] (docker-java-stream-824381349) STDOUT: 12:55:25.052  INFO  util.ActivityLogger - class com.dotmarketing.util.ActivityLogger: system : Save Field Action , User system/system user added field Tags to dotAsset Structure.
2023-08-04 12:55:25,061 INFO  [com.dot.ContainerResource] (docker-java-stream-824381349) STDOUT: 12:55:25.060  INFO  util.ActivityLogger - class com.dotcms.contenttype.business.ContentTypeAPIImpl: system : Save ContentType Action , User system/system user system user added ContentType dotAsset to host id:SYSTEM_HOST
2023-08-04 12:55:25,061 INFO  [com.dot.ContainerResource] (docker-java-stream-824381349) STDOUT: 12:55:25.061  INFO  business.ContentTypeAPIImpl - UserId : system : ContentType : ContentType saved : dotAsset
2023-08-04 12:55:25,061 INFO  [com.dot.ContainerResource] (docker-java-stream-824381349) STDOUT: 12:55:25.061  INFO  util.AdminLogger - UserId : system : class com.dotcms.contenttype.business.ContentTypeAPIImpl : ContentType : ContentType saved : dotAsset
2023-08-04 12:55:25,137 INFO  [com.dot.ContainerResource] (docker-java-stream-824381349) STDOUT: 12:55:25.136  INFO  business.ContentTypeAPIImpl - Content type not found with given id: 33888b6f-7a8e-4069-b1b6-5c1aa9d0a48d. Continuing...
2023-08-04 12:55:25,150 INFO  [com.dot.ContainerResource] (docker-java-stream-824381349) STDOUT: 12:55:25.149  INFO  util.ActivityLogger - class com.dotmarketing.util.ActivityLogger: system : Save Field Action , User system/system user added field Host Or Folder to File Asset Structure.
2023-08-04 12:55:25,162 INFO  [com.dot.ContainerResource] (docker-java-stream-824381349) STDOUT: 12:55:25.162  INFO  util.ActivityLogger - class com.dotmarketing.util.ActivityLogger: system : Save Field Action , User system/system user added field File Name to File Asset Structure.
2023-08-04 12:55:25,176 INFO  [com.dot.ContainerResource] (docker-java-stream-824381349) STDOUT: 12:55:25.175  INFO  util.ActivityLogger - class com.dotmarketing.util.ActivityLogger: system : Save Field Action , User system/system user added field File Asset to File Asset Structure.
2023-08-04 12:55:25,191 INFO  [com.dot.ContainerResource] (docker-java-stream-824381349) STDOUT: 12:55:25.191  INFO  util.ActivityLogger - class com.dotmarketing.util.ActivityLogger: system : Save Field Action , User system/system user added field Title to File Asset Structure.
2023-08-04 12:55:25,209 INFO  [com.dot.ContainerResource] (docker-java-stream-824381349) STDOUT: 12:55:25.209  INFO  util.ActivityLogger - class com.dotmarketing.util.ActivityLogger: system : Save Field Action , User system/system user added field Metadata to File Asset Structure.
2023-08-04 12:55:25,228 INFO  [com.dot.ContainerResource] (docker-java-stream-824381349) STDOUT: 12:55:25.228  INFO  util.ActivityLogger - class com.dotmarketing.util.ActivityLogger: system : Save Field Action , User system/system user added field Metadata to File Asset Structure.
2023-08-04 12:55:25,249 INFO  [com.dot.ContainerResource] (docker-java-stream-824381349) STDOUT: 12:55:25.249  INFO  util.ActivityLogger - class com.dotmarketing.util.ActivityLogger: system : Save Field Action , User system/system user added field Show On Menu to File Asset Structure.
2023-08-04 12:55:25,272 INFO  [com.dot.ContainerResource] (docker-java-stream-824381349) STDOUT: 12:55:25.272  INFO  util.ActivityLogger - class com.dotmarketing.util.ActivityLogger: system : Save Field Action , User system/system user added field Sort Order to File Asset Structure.
2023-08-04 12:55:25,297 INFO  [com.dot.ContainerResource] (docker-java-stream-824381349) STDOUT: 12:55:25.296  INFO  util.ActivityLogger - class com.dotmarketing.util.ActivityLogger: system : Save Field Action , User system/system user added field Description to File Asset Structure.
2023-08-04 12:55:25,323 INFO  [com.dot.ContainerResource] (docker-java-stream-824381349) STDOUT: 12:55:25.323  INFO  util.ActivityLogger - class com.dotcms.contenttype.business.ContentTypeAPIImpl: system : Save ContentType Action , User system/system user system user added ContentType File Asset to host id:SYSTEM_HOST
2023-08-04 12:55:25,324 INFO  [com.dot.ContainerResource] (docker-java-stream-824381349) STDOUT: 12:55:25.323  INFO  business.ContentTypeAPIImpl - UserId : system : ContentType : ContentType saved : File Asset
2023-08-04 12:55:25,324 INFO  [com.dot.ContainerResource] (docker-java-stream-824381349) STDOUT: 12:55:25.323  INFO  util.AdminLogger - UserId : system : class com.dotcms.contenttype.business.ContentTypeAPIImpl : ContentType : ContentType saved : File Asset
2023-08-04 12:55:25,354 INFO  [com.dot.ContainerResource] (docker-java-stream-824381349) STDOUT: 12:55:25.354  INFO  business.ContentTypeAPIImpl - Content type not found with given id: 8e850645-bb92-4fda-a765-e67063a59be0. Continuing...
2023-08-04 12:55:25,368 INFO  [com.dot.ContainerResource] (docker-java-stream-824381349) STDOUT: 12:55:25.368  INFO  util.ActivityLogger - class com.dotmarketing.util.ActivityLogger: system : Save Field Action , User system/system user added field Title to Vanity URL Structure.
2023-08-04 12:55:25,379 INFO  [com.dot.ContainerResource] (docker-java-stream-824381349) STDOUT: 12:55:25.378  INFO  util.ActivityLogger - class com.dotmarketing.util.ActivityLogger: system : Save Field Action , User system/system user added field Site to Vanity URL Structure.
2023-08-04 12:55:25,391 INFO  [com.dot.ContainerResource] (docker-java-stream-824381349) STDOUT: 12:55:25.390  INFO  util.ActivityLogger - class com.dotmarketing.util.ActivityLogger: system : Save Field Action , User system/system user added field Uri to Vanity URL Structure.
2023-08-04 12:55:25,405 INFO  [com.dot.ContainerResource] (docker-java-stream-824381349) STDOUT: 12:55:25.404  INFO  util.ActivityLogger - class com.dotmarketing.util.ActivityLogger: system : Save Field Action , User system/system user added field Action to Vanity URL Structure.
2023-08-04 12:55:25,419 INFO  [com.dot.ContainerResource] (docker-java-stream-824381349) STDOUT: 12:55:25.419  INFO  util.ActivityLogger - class com.dotmarketing.util.ActivityLogger: system : Save Field Action , User system/system user added field Forward To to Vanity URL Structure.
2023-08-04 12:55:25,465 INFO  [com.dot.ContainerResource] (docker-java-stream-824381349) STDOUT: 12:55:25.465  INFO  util.ActivityLogger - class com.dotmarketing.util.ActivityLogger: system : Save Field Action , User system/system user added field Order to Vanity URL Structure.
2023-08-04 12:55:25,475 INFO  [com.dot.ContainerResource] (docker-java-stream-824381349) STDOUT: 12:55:25.475  INFO  util.ActivityLogger - class com.dotcms.contenttype.business.ContentTypeAPIImpl: system : Save ContentType Action , User system/system user system user added ContentType Vanity URL to host id:SYSTEM_HOST
2023-08-04 12:55:25,475 INFO  [com.dot.ContainerResource] (docker-java-stream-824381349) STDOUT: 12:55:25.475  INFO  business.ContentTypeAPIImpl - UserId : system : ContentType : ContentType saved : Vanity URL
2023-08-04 12:55:25,476 INFO  [com.dot.ContainerResource] (docker-java-stream-824381349) STDOUT: 12:55:25.475  INFO  util.AdminLogger - UserId : system : class com.dotcms.contenttype.business.ContentTypeAPIImpl : ContentType : ContentType saved : Vanity URL
2023-08-04 12:55:25,488 INFO  [com.dot.ContainerResource] (docker-java-stream-824381349) STDOUT: 12:55:25.488  INFO  business.ContentTypeAPIImpl - Content type not found with given id: c541abb1-69b3-4bc5-8430-5e09e5239cc8. Continuing...
2023-08-04 12:55:25,499 INFO  [com.dot.ContainerResource] (docker-java-stream-824381349) STDOUT: 12:55:25.499  INFO  util.ActivityLogger - class com.dotmarketing.util.ActivityLogger: system : Save Field Action , User system/system user added field Title to Page Structure.
2023-08-04 12:55:25,557 INFO  [com.dot.ContainerResource] (docker-java-stream-824381349) STDOUT: 12:55:25.557  INFO  util.ActivityLogger - class com.dotmarketing.util.ActivityLogger: system : Save Field Action , User system/system user added field Url to Page Structure.
2023-08-04 12:55:25,581 INFO  [com.dot.ContainerResource] (docker-java-stream-824381349) STDOUT: 12:55:25.581  INFO  util.ActivityLogger - class com.dotmarketing.util.ActivityLogger: system : Save Field Action , User system/system user added field Host or Folder to Page Structure.
2023-08-04 12:55:25,600 INFO  [com.dot.ContainerResource] (docker-java-stream-824381349) STDOUT: 12:55:25.599  INFO  util.ActivityLogger - class com.dotmarketing.util.ActivityLogger: system : Save Field Action , User system/system user added field Template to Page Structure.
2023-08-04 12:55:25,616 INFO  [com.dot.ContainerResource] (docker-java-stream-824381349) STDOUT: 12:55:25.615  INFO  util.ActivityLogger - class com.dotmarketing.util.ActivityLogger: system : Save Field Action , User system/system user added field Friendly Name to Page Structure.
2023-08-04 12:55:25,635 INFO  [com.dot.ContainerResource] (docker-java-stream-824381349) STDOUT: 12:55:25.635  INFO  util.ActivityLogger - class com.dotmarketing.util.ActivityLogger: system : Save Field Action , User system/system user added field Show on Menu to Page Structure.
2023-08-04 12:55:25,655 INFO  [com.dot.ContainerResource] (docker-java-stream-824381349) STDOUT: 12:55:25.654  INFO  util.ActivityLogger - class com.dotmarketing.util.ActivityLogger: system : Save Field Action , User system/system user added field Sort Order to Page Structure.
2023-08-04 12:55:25,676 INFO  [com.dot.ContainerResource] (docker-java-stream-824381349) STDOUT: 12:55:25.676  INFO  util.ActivityLogger - class com.dotmarketing.util.ActivityLogger: system : Save Field Action , User system/system user added field Cache TTL to Page Structure.
2023-08-04 12:55:25,700 INFO  [com.dot.ContainerResource] (docker-java-stream-824381349) STDOUT: 12:55:25.699  INFO  util.ActivityLogger - class com.dotmarketing.util.ActivityLogger: system : Save Field Action , User system/system user added field Advanced Properties to Page Structure.
2023-08-04 12:55:25,727 INFO  [com.dot.ContainerResource] (docker-java-stream-824381349) STDOUT: 12:55:25.727  INFO  util.ActivityLogger - class com.dotmarketing.util.ActivityLogger: system : Save Field Action , User system/system user added field Redirect Url to Page Structure.
2023-08-04 12:55:25,752 INFO  [com.dot.ContainerResource] (docker-java-stream-824381349) STDOUT: 12:55:25.752  INFO  util.ActivityLogger - class com.dotmarketing.util.ActivityLogger: system : Save Field Action , User system/system user added field HTTPS Required to Page Structure.
2023-08-04 12:55:25,779 INFO  [com.dot.ContainerResource] (docker-java-stream-824381349) STDOUT: 12:55:25.778  INFO  util.ActivityLogger - class com.dotmarketing.util.ActivityLogger: system : Save Field Action , User system/system user added field SEO Description to Page Structure.
2023-08-04 12:55:25,808 INFO  [com.dot.ContainerResource] (docker-java-stream-824381349) STDOUT: 12:55:25.808  INFO  util.ActivityLogger - class com.dotmarketing.util.ActivityLogger: system : Save Field Action , User system/system user added field SEO Keywords to Page Structure.
2023-08-04 12:55:25,849 INFO  [com.dot.ContainerResource] (docker-java-stream-824381349) STDOUT: 12:55:25.848  INFO  util.ActivityLogger - class com.dotmarketing.util.ActivityLogger: system : Save Field Action , User system/system user added field Page Metadata to Page Structure.
2023-08-04 12:55:25,879 INFO  [com.dot.ContainerResource] (docker-java-stream-824381349) STDOUT: 12:55:25.879  INFO  util.ActivityLogger - class com.dotmarketing.util.ActivityLogger: system : Save Field Action , User system/system user added field Canonical URL to Page Structure.
2023-08-04 12:55:25,894 INFO  [com.dot.ContainerResource] (docker-java-stream-824381349) STDOUT: 12:55:25.894  INFO  util.ActivityLogger - class com.dotcms.contenttype.business.ContentTypeAPIImpl: system : Save ContentType Action , User system/system user system user added ContentType Page to host id:SYSTEM_HOST
2023-08-04 12:55:25,895 INFO  [com.dot.ContainerResource] (docker-java-stream-824381349) STDOUT: 12:55:25.895  INFO  business.ContentTypeAPIImpl - UserId : system : ContentType : ContentType saved : Page
2023-08-04 12:55:25,895 INFO  [com.dot.ContainerResource] (docker-java-stream-824381349) STDOUT: 12:55:25.895  INFO  util.AdminLogger - UserId : system : class com.dotcms.contenttype.business.ContentTypeAPIImpl : ContentType : ContentType saved : Page
2023-08-04 12:55:25,954 INFO  [com.dot.ContainerResource] (docker-java-stream-824381349) STDOUT: 12:55:25.953  INFO  business.ContentTypeAPIImpl - Content type not found with given id: 855a2d72-f2f3-4169-8b04-ac5157c4380c. Continuing...
2023-08-04 12:55:25,964 INFO  [com.dot.ContainerResource] (docker-java-stream-824381349) STDOUT: 12:55:25.963  INFO  util.ActivityLogger - class com.dotmarketing.util.ActivityLogger: system : Save Field Action , User system/system user added field fields-2 to Host Structure.
2023-08-04 12:55:25,973 INFO  [com.dot.ContainerResource] (docker-java-stream-824381349) STDOUT: 12:55:25.973  INFO  util.ActivityLogger - class com.dotmarketing.util.ActivityLogger: system : Save Field Action , User system/system user added field fields-3 to Host Structure.
2023-08-04 12:55:25,985 INFO  [com.dot.ContainerResource] (docker-java-stream-824381349) STDOUT: 12:55:25.984  INFO  util.ActivityLogger - class com.dotmarketing.util.ActivityLogger: system : Save Field Action , User system/system user added field Site Key to Host Structure.
2023-08-04 12:55:25,998 INFO  [com.dot.ContainerResource] (docker-java-stream-824381349) STDOUT: 12:55:25.997  INFO  util.ActivityLogger - class com.dotmarketing.util.ActivityLogger: system : Save Field Action , User system/system user added field Aliases to Host Structure.
2023-08-04 12:55:26,020 INFO  [com.dot.ContainerResource] (docker-java-stream-824381349) STDOUT: 12:55:26.020  INFO  util.ActivityLogger - class com.dotmarketing.util.ActivityLogger: system : Save Field Action , User system/system user added field Tag Storage to Host Structure.
2023-08-04 12:55:26,038 INFO  [com.dot.ContainerResource] (docker-java-stream-824381349) STDOUT: 12:55:26.038  INFO  util.ActivityLogger - class com.dotmarketing.util.ActivityLogger: system : Save Field Action , User system/system user added field Is Default to Host Structure.
2023-08-04 12:55:26,064 INFO  [com.dot.ContainerResource] (docker-java-stream-824381349) STDOUT: 12:55:26.061  INFO  util.ActivityLogger - class com.dotmarketing.util.ActivityLogger: system : Save Field Action , User system/system user added field Is System Host to Host Structure.
2023-08-04 12:55:26,086 INFO  [com.dot.ContainerResource] (docker-java-stream-824381349) STDOUT: 12:55:26.085  INFO  util.ActivityLogger - class com.dotmarketing.util.ActivityLogger: system : Save Field Action , User system/system user added field Host Thumbnail to Host Structure.
2023-08-04 12:55:26,110 INFO  [com.dot.ContainerResource] (docker-java-stream-824381349) STDOUT: 12:55:26.110  INFO  util.ActivityLogger - class com.dotmarketing.util.ActivityLogger: system : Save Field Action , User system/system user added field Run Dashboard to Host Structure.
2023-08-04 12:55:26,119 INFO  [com.dot.ContainerResource] (docker-java-stream-824381349) STDOUT: 12:55:26.119  INFO  util.ActivityLogger - class com.dotcms.contenttype.business.ContentTypeAPIImpl: system : Save ContentType Action , User system/system user system user added ContentType Host to host id:SYSTEM_HOST
2023-08-04 12:55:26,124 INFO  [com.dot.ContainerResource] (docker-java-stream-824381349) STDOUT: 12:55:26.119  INFO  business.ContentTypeAPIImpl - UserId : system : ContentType : ContentType saved : Host
2023-08-04 12:55:26,135 INFO  [com.dot.ContainerResource] (docker-java-stream-824381349) STDOUT: 12:55:26.119  INFO  util.AdminLogger - UserId : system : class com.dotcms.contenttype.business.ContentTypeAPIImpl : ContentType : ContentType saved : Host
2023-08-04 12:55:26,135 INFO  [com.dot.ContainerResource] (docker-java-stream-824381349) STDOUT: 12:55:26.121  INFO  business.ContentTypeAPIImpl - Content type not found with given id: 2c46b6586c38852ac08a824a303ced80. Continuing...
2023-08-04 12:55:26,151 INFO  [com.dot.ContainerResource] (docker-java-stream-824381349) STDOUT: 12:55:26.139  INFO  util.ActivityLogger - class com.dotmarketing.util.ActivityLogger: system : Save Field Action , User system/system user added field Site or Folder to Image Structure.
2023-08-04 12:55:26,161 INFO  [com.dot.ContainerResource] (docker-java-stream-824381349) STDOUT: 12:55:26.154  INFO  util.ActivityLogger - class com.dotmarketing.util.ActivityLogger: system : Save Field Action , User system/system user added field Asset to Image Structure.
2023-08-04 12:55:26,187 INFO  [com.dot.ContainerResource] (docker-java-stream-824381349) STDOUT: 12:55:26.186  INFO  util.ActivityLogger - class com.dotmarketing.util.ActivityLogger: system : Save Field Action , User system/system user added field Tags to Image Structure.
2023-08-04 12:55:26,192 INFO  [com.dot.ContainerResource] (docker-java-stream-824381349) STDOUT: 12:55:26.192  INFO  util.ActivityLogger - class com.dotcms.contenttype.business.ContentTypeAPIImpl: system : Save ContentType Action , User system/system user system user added ContentType Image to host id:8a7d5e23-da1e-420a-b4f0-471e7da8ea2d
2023-08-04 12:55:26,193 INFO  [com.dot.ContainerResource] (docker-java-stream-824381349) STDOUT: 12:55:26.193  INFO  business.ContentTypeAPIImpl - UserId : system : ContentType : ContentType saved : Image
2023-08-04 12:55:26,193 INFO  [com.dot.ContainerResource] (docker-java-stream-824381349) STDOUT: 12:55:26.193  INFO  util.AdminLogger - UserId : system : class com.dotcms.contenttype.business.ContentTypeAPIImpl : ContentType : ContentType saved : Image
2023-08-04 12:55:26,200 INFO  [com.dot.ContainerResource] (docker-java-stream-824381349) STDOUT: 12:55:26.200  INFO  business.ContentTypeAPIImpl - Content type not found with given id: c77450b834901a20c8193ef9d561ee5b. Continuing...
2023-08-04 12:55:26,217 INFO  [com.dot.ContainerResource] (docker-java-stream-824381349) STDOUT: 12:55:26.217  INFO  util.ActivityLogger - class com.dotmarketing.util.ActivityLogger: system : Save Field Action , User system/system user added field Site or Folder to Video Structure.
2023-08-04 12:55:26,235 INFO  [com.dot.ContainerResource] (docker-java-stream-824381349) STDOUT: 12:55:26.234  INFO  util.ActivityLogger - class com.dotmarketing.util.ActivityLogger: system : Save Field Action , User system/system user added field Asset to Video Structure.
2023-08-04 12:55:26,254 INFO  [com.dot.ContainerResource] (docker-java-stream-824381349) STDOUT: 12:55:26.253  INFO  util.ActivityLogger - class com.dotmarketing.util.ActivityLogger: system : Save Field Action , User system/system user added field Tags to Video Structure.
2023-08-04 12:55:26,259 INFO  [com.dot.ContainerResource] (docker-java-stream-824381349) STDOUT: 12:55:26.259  INFO  util.ActivityLogger - class com.dotcms.contenttype.business.ContentTypeAPIImpl: system : Save ContentType Action , User system/system user system user added ContentType Video to host id:8a7d5e23-da1e-420a-b4f0-471e7da8ea2d
2023-08-04 12:55:26,259 INFO  [com.dot.ContainerResource] (docker-java-stream-824381349) STDOUT: 12:55:26.259  INFO  business.ContentTypeAPIImpl - UserId : system : ContentType : ContentType saved : Video
2023-08-04 12:55:26,260 INFO  [com.dot.ContainerResource] (docker-java-stream-824381349) STDOUT: 12:55:26.259  INFO  util.AdminLogger - UserId : system : class com.dotcms.contenttype.business.ContentTypeAPIImpl : ContentType : ContentType saved : Video
2023-08-04 12:55:26,278 INFO  [com.dot.ContainerResource] (docker-java-stream-824381349) STDOUT: 12:55:26.278  INFO  business.ContentTypeAPIImpl - Content type not found with given id: 2a3e91e4-fbbf-4876-8c5b-2233c1739b05. Continuing...
2023-08-04 12:55:26,291 INFO  [com.dot.ContainerResource] (docker-java-stream-824381349) STDOUT: 12:55:26.290  INFO  util.ActivityLogger - class com.dotmarketing.util.ActivityLogger: system : Save Field Action , User system/system user added field Row Field to Content (Generic) Structure.
2023-08-04 12:55:26,300 INFO  [com.dot.ContainerResource] (docker-java-stream-824381349) STDOUT: 12:55:26.300  INFO  util.ActivityLogger - class com.dotmarketing.util.ActivityLogger: system : Save Field Action , User system/system user added field Column Field to Content (Generic) Structure.
2023-08-04 12:55:26,316 INFO  [com.dot.ContainerResource] (docker-java-stream-824381349) STDOUT: 12:55:26.315  INFO  util.ActivityLogger - class com.dotmarketing.util.ActivityLogger: system : Save Field Action , User system/system user added field Title to Content (Generic) Structure.
2023-08-04 12:55:26,343 INFO  [com.dot.ContainerResource] (docker-java-stream-824381349) STDOUT: 12:55:26.343  INFO  util.ActivityLogger - class com.dotmarketing.util.ActivityLogger: system : Save Field Action , User system/system user added field Site to Content (Generic) Structure.
2023-08-04 12:55:26,367 INFO  [com.dot.ContainerResource] (docker-java-stream-824381349) STDOUT: 12:55:26.366  INFO  util.ActivityLogger - class com.dotmarketing.util.ActivityLogger: system : Save Field Action , User system/system user added field Body to Content (Generic) Structure.
2023-08-04 12:55:26,383 INFO  [com.dot.ContainerResource] (docker-java-stream-824381349) STDOUT: 12:55:26.382  INFO  util.ActivityLogger - class com.dotcms.contenttype.business.ContentTypeAPIImpl: system : Save ContentType Action , User system/system user system user added ContentType Content (Generic) to host id:SYSTEM_HOST
2023-08-04 12:55:26,383 INFO  [com.dot.ContainerResource] (docker-java-stream-824381349) STDOUT: 12:55:26.383  INFO  business.ContentTypeAPIImpl - UserId : system : ContentType : ContentType saved : Content (Generic)
2023-08-04 12:55:26,383 INFO  [com.dot.ContainerResource] (docker-java-stream-824381349) STDOUT: 12:55:26.383  INFO  util.AdminLogger - UserId : system : class com.dotcms.contenttype.business.ContentTypeAPIImpl : ContentType : ContentType saved : Content (Generic)
2023-08-04 12:55:26,386 INFO  [com.dot.ContainerResource] (docker-java-stream-824381349) STDOUT: 12:55:26.386  INFO  business.ContentTypeAPIImpl - Content type not found with given id: ce930143870e11569f93f8a9fff5da19. Continuing...
2023-08-04 12:55:26,413 INFO  [com.dot.ContainerResource] (docker-java-stream-824381349) STDOUT: 12:55:26.412  INFO  util.ActivityLogger - class com.dotmarketing.util.ActivityLogger: system : Save Field Action , User system/system user added field Screenshot to Dot Favorite Page Structure.
2023-08-04 12:55:26,422 INFO  [com.dot.ContainerResource] (docker-java-stream-824381349) STDOUT: 12:55:26.422  INFO  util.ActivityLogger - class com.dotmarketing.util.ActivityLogger: system : Save Field Action , User system/system user added field title to Dot Favorite Page Structure.
2023-08-04 12:55:26,433 INFO  [com.dot.ContainerResource] (docker-java-stream-824381349) STDOUT: 12:55:26.433  INFO  util.ActivityLogger - class com.dotmarketing.util.ActivityLogger: system : Save Field Action , User system/system user added field url to Dot Favorite Page Structure.
2023-08-04 12:55:26,446 INFO  [com.dot.ContainerResource] (docker-java-stream-824381349) STDOUT: 12:55:26.445  INFO  util.ActivityLogger - class com.dotmarketing.util.ActivityLogger: system : Save Field Action , User system/system user added field order to Dot Favorite Page Structure.
2023-08-04 12:55:26,451 INFO  [com.dot.ContainerResource] (docker-java-stream-824381349) STDOUT: 12:55:26.450  INFO  util.ActivityLogger - class com.dotcms.contenttype.business.ContentTypeAPIImpl: system : Save ContentType Action , User system/system user system user added ContentType Dot Favorite Page to host id:SYSTEM_HOST
2023-08-04 12:55:26,451 INFO  [com.dot.ContainerResource] (docker-java-stream-824381349) STDOUT: 12:55:26.451  INFO  business.ContentTypeAPIImpl - UserId : system : ContentType : ContentType saved : Dot Favorite Page
2023-08-04 12:55:26,452 INFO  [com.dot.ContainerResource] (docker-java-stream-824381349) STDOUT: 12:55:26.452  INFO  util.AdminLogger - UserId : system : class com.dotcms.contenttype.business.ContentTypeAPIImpl : ContentType : ContentType saved : Dot Favorite Page
2023-08-04 12:55:26,474 INFO  [com.dot.ContainerResource] (docker-java-stream-824381349) STDOUT: 12:55:26.474  INFO  business.ContentTypeAPIImpl - Content type not found with given id: c6e3a3c6-a0c6-494b-9ae8-bde7322bc68e. Continuing...
2023-08-04 12:55:26,486 INFO  [com.dot.ContainerResource] (docker-java-stream-824381349) STDOUT: 12:55:26.486  INFO  util.ActivityLogger - class com.dotmarketing.util.ActivityLogger: system : Save Field Action , User system/system user added field fields-0 to Device Structure.
2023-08-04 12:55:26,580 INFO  [com.dot.ContainerResource] (docker-java-stream-824381349) STDOUT: 12:55:26.579  INFO  util.ActivityLogger - class com.dotmarketing.util.ActivityLogger: system : Save Field Action , User system/system user added field fields-1 to Device Structure.
2023-08-04 12:55:26,633 INFO  [com.dot.ContainerResource] (docker-java-stream-824381349) STDOUT: 12:55:26.627  INFO  util.ActivityLogger - class com.dotmarketing.util.ActivityLogger: system : Save Field Action , User system/system user added field Name to Device Structure.
2023-08-04 12:55:26,648 INFO  [com.dot.ContainerResource] (docker-java-stream-824381349) STDOUT: 12:55:26.642  INFO  util.ActivityLogger - class com.dotmarketing.util.ActivityLogger: system : Save Field Action , User system/system user added field Physical Width to Device Structure.
2023-08-04 12:55:26,664 INFO  [com.dot.ContainerResource] (docker-java-stream-824381349) STDOUT: 12:55:26.663  INFO  util.ActivityLogger - class com.dotmarketing.util.ActivityLogger: system : Save Field Action , User system/system user added field Physical Height to Device Structure.
2023-08-04 12:55:26,704 INFO  [com.dot.ContainerResource] (docker-java-stream-824381349) STDOUT: 12:55:26.704  INFO  util.ActivityLogger - class com.dotmarketing.util.ActivityLogger: system : Save Field Action , User system/system user added field CSS Width to Device Structure.
2023-08-04 12:55:26,753 INFO  [com.dot.ContainerResource] (docker-java-stream-824381349) STDOUT: 12:55:26.753  INFO  util.ActivityLogger - class com.dotmarketing.util.ActivityLogger: system : Save Field Action , User system/system user added field CSS Height to Device Structure.
2023-08-04 12:55:26,778 INFO  [com.dot.ContainerResource] (docker-java-stream-824381349) STDOUT: 12:55:26.777  INFO  util.ActivityLogger - class com.dotmarketing.util.ActivityLogger: system : Save Field Action , User system/system user added field Pixel Ratio to Device Structure.
2023-08-04 12:55:26,797 INFO  [com.dot.ContainerResource] (docker-java-stream-824381349) STDOUT: 12:55:26.796  INFO  util.ActivityLogger - class com.dotmarketing.util.ActivityLogger: system : Save Field Action , User system/system user added field Physical ppi to Device Structure.
2023-08-04 12:55:26,834 INFO  [com.dot.ContainerResource] (docker-java-stream-824381349) STDOUT: 12:55:26.833  INFO  util.ActivityLogger - class com.dotmarketing.util.ActivityLogger: system : Save Field Action , User system/system user added field CSS ppi to Device Structure.
2023-08-04 12:55:26,843 INFO  [com.dot.ContainerResource] (docker-java-stream-824381349) STDOUT: 12:55:26.842  INFO  util.ActivityLogger - class com.dotcms.contenttype.business.ContentTypeAPIImpl: system : Save ContentType Action , User system/system user system user added ContentType Device to host id:SYSTEM_HOST
2023-08-04 12:55:26,843 INFO  [com.dot.ContainerResource] (docker-java-stream-824381349) STDOUT: 12:55:26.842  INFO  business.ContentTypeAPIImpl - UserId : system : ContentType : ContentType saved : Device
2023-08-04 12:55:26,843 INFO  [com.dot.ContainerResource] (docker-java-stream-824381349) STDOUT: 12:55:26.842  INFO  util.AdminLogger - UserId : system : class com.dotcms.contenttype.business.ContentTypeAPIImpl : ContentType : ContentType saved : Device
2023-08-04 12:55:26,844 INFO  [com.dot.ContainerResource] (docker-java-stream-824381349) STDOUT: 12:55:26.843  INFO  starter.ImportStarterUtil - **** Importing the file: /data/local/dotsecure/backup/temp/com.dotmarketing.portlets.contentlet.model.Contentlet_0000000000.json *****
2023-08-04 12:55:26,844 INFO  [com.dot.ContainerResource] (docker-java-stream-824381349) STDOUT: 12:55:26.843  INFO  starter.ImportStarterUtil - Importing:	com.dotmarketing.portlets.contentlet.model.Contentlet
2023-08-04 12:55:27,104 INFO  [com.dot.ContainerResource] (docker-java-stream-824381349) STDOUT: 12:55:27.103  INFO  starter.ImportStarterUtil - Found :	5 com.dotmarketing.portlets.contentlet.model.Contentlet(s)
2023-08-04 12:55:27,341 INFO  [com.dot.ContainerResource] (docker-java-stream-824381349) STDOUT: 12:55:27.340  INFO  timedcache.TimedCacheProvider - ***	 Building Cache : esquerycache, size:10000, seconds:3600,Concurrency:32 (every 60000 millis)
2023-08-04 12:55:27,851 INFO  [com.dot.ContainerResource] (docker-java-stream-824381349) STDOUT: 12:55:27.851  INFO  util.SecurityLogger - class com.dotmarketing.portlets.workflows.business.WorkflowAPIImpl : Workflow Scheme 'System Workflow' [d61a59e1-a49c-46f2-a929-db2b4bfa88b2] has been saved by User ID 'system' -- ip:ukn,user:null
2023-08-04 12:55:27,859 INFO  [com.dot.ContainerResource] (docker-java-stream-824381349) STDOUT: 12:55:27.859  INFO  util.SecurityLogger - class com.dotmarketing.portlets.workflows.business.WorkflowAPIImpl : Workflow Step 'New' [6cb7e3bd-1710-4eed-8838-d3db60f78f19] has been saved by User ID 'system' -- ip:ukn,user:null
2023-08-04 12:55:27,863 INFO  [com.dot.ContainerResource] (docker-java-stream-824381349) STDOUT: 12:55:27.862  INFO  util.SecurityLogger - class com.dotmarketing.portlets.workflows.business.WorkflowAPIImpl : Workflow Step 'Draft' [ee24a4cb-2d15-4c98-b1bd-6327126451f3] has been saved by User ID 'system' -- ip:ukn,user:null
2023-08-04 12:55:27,865 INFO  [com.dot.ContainerResource] (docker-java-stream-824381349) STDOUT: 12:55:27.865  INFO  util.SecurityLogger - class com.dotmarketing.portlets.workflows.business.WorkflowAPIImpl : Workflow Step 'Published' [dc3c9cd0-8467-404b-bf95-cb7df3fbc293] has been saved by User ID 'system' -- ip:ukn,user:null
2023-08-04 12:55:27,868 INFO  [com.dot.ContainerResource] (docker-java-stream-824381349) STDOUT: 12:55:27.868  INFO  util.SecurityLogger - class com.dotmarketing.portlets.workflows.business.WorkflowAPIImpl : Workflow Step 'Archived' [d6b095b6-b65f-4bdb-bbfd-701d663dfee2] has been saved by User ID 'system' -- ip:ukn,user:null
2023-08-04 12:55:27,875 INFO  [com.dot.ContainerResource] (docker-java-stream-824381349) STDOUT: 12:55:27.874  INFO  util.SecurityLogger - class com.dotmarketing.portlets.workflows.business.WorkflowAPIImpl : Action id: '4da13a42-5d59-480c-ad8f-94a3adf809fe' has been reordered by user: system -- ip:ukn,user:null
2023-08-04 12:55:27,884 INFO  [com.dot.ContainerResource] (docker-java-stream-824381349) STDOUT: 12:55:27.883  INFO  util.SecurityLogger - class com.dotmarketing.portlets.workflows.business.WorkflowAPIImpl : Action id: '963f6a04-5320-42e7-ab74-6d876d199946' has been reordered by user: system -- ip:ukn,user:null
2023-08-04 12:55:27,888 INFO  [com.dot.ContainerResource] (docker-java-stream-824381349) STDOUT: 12:55:27.888  INFO  util.SecurityLogger - class com.dotmarketing.portlets.workflows.business.WorkflowAPIImpl : Action id: '777f1c6b-c877-4a37-ba4b-10627316c2cc' has been reordered by user: system -- ip:ukn,user:null
2023-08-04 12:55:27,891 INFO  [com.dot.ContainerResource] (docker-java-stream-824381349) STDOUT: 12:55:27.891  INFO  util.SecurityLogger - class com.dotmarketing.portlets.workflows.business.WorkflowAPIImpl : Action id: '1e0f1c6b-b67f-4c99-983d-db2b4bfa88b2' has been reordered by user: system -- ip:ukn,user:null
2023-08-04 12:55:27,897 INFO  [com.dot.ContainerResource] (docker-java-stream-824381349) STDOUT: 12:55:27.897  INFO  util.SecurityLogger - class com.dotmarketing.portlets.workflows.business.WorkflowAPIImpl : Action id: 'bc477b07-8f84-48d2-85b8-20d07512af4b' has been reordered by user: system -- ip:ukn,user:null
2023-08-04 12:55:27,901 INFO  [com.dot.ContainerResource] (docker-java-stream-824381349) STDOUT: 12:55:27.901  INFO  util.SecurityLogger - class com.dotmarketing.portlets.workflows.business.WorkflowAPIImpl : Action id: 'b9d89c80-3d88-4311-8365-187323c96436' has been reordered by user: system -- ip:ukn,user:null
2023-08-04 12:55:27,904 INFO  [com.dot.ContainerResource] (docker-java-stream-824381349) STDOUT: 12:55:27.903  INFO  util.SecurityLogger - class com.dotmarketing.portlets.workflows.business.WorkflowAPIImpl : Action id: 'ceca71a0-deee-4999-bd47-b01baa1bcfc8' has been reordered by user: system -- ip:ukn,user:null
2023-08-04 12:55:27,908 INFO  [com.dot.ContainerResource] (docker-java-stream-824381349) STDOUT: 12:55:27.908  INFO  util.SecurityLogger - class com.dotmarketing.portlets.workflows.business.WorkflowAPIImpl : Action id: 'c92f9aa1-9503-4567-ac30-d3242b54d02d' has been reordered by user: system -- ip:ukn,user:null
2023-08-04 12:55:27,911 INFO  [com.dot.ContainerResource] (docker-java-stream-824381349) STDOUT: 12:55:27.911  INFO  util.SecurityLogger - class com.dotmarketing.portlets.workflows.business.WorkflowAPIImpl : Action id: '38efc763-d78f-4e4b-b092-59cd8c579b93' has been reordered by user: system -- ip:ukn,user:null
2023-08-04 12:55:27,929 INFO  [com.dot.ContainerResource] (docker-java-stream-824381349) STDOUT: 12:55:27.928  INFO  util.SecurityLogger - class com.dotmarketing.portlets.workflows.business.WorkflowAPIImpl : The action id: 'ceca71a0-deee-4999-bd47-b01baa1bcfc8' has been saved by the user: system -- ip:ukn,user:null
2023-08-04 12:55:27,934 INFO  [com.dot.ContainerResource] (docker-java-stream-824381349) STDOUT: 12:55:27.933  INFO  util.SecurityLogger - class com.dotmarketing.portlets.workflows.business.WorkflowAPIImpl : The action id: 'b9d89c80-3d88-4311-8365-187323c96436' has been saved by the user: system -- ip:ukn,user:null
2023-08-04 12:55:27,941 INFO  [com.dot.ContainerResource] (docker-java-stream-824381349) STDOUT: 12:55:27.941  INFO  util.SecurityLogger - class com.dotmarketing.portlets.workflows.business.WorkflowAPIImpl : The action id: '777f1c6b-c877-4a37-ba4b-10627316c2cc' has been saved by the user: system -- ip:ukn,user:null
2023-08-04 12:55:27,947 INFO  [com.dot.ContainerResource] (docker-java-stream-824381349) STDOUT: 12:55:27.946  INFO  util.SecurityLogger - class com.dotmarketing.portlets.workflows.business.WorkflowAPIImpl : The action id: '963f6a04-5320-42e7-ab74-6d876d199946' has been saved by the user: system -- ip:ukn,user:null
2023-08-04 12:55:27,950 INFO  [com.dot.ContainerResource] (docker-java-stream-824381349) STDOUT: 12:55:27.950  INFO  util.SecurityLogger - class com.dotmarketing.portlets.workflows.business.WorkflowAPIImpl : The action id: 'ceca71a0-deee-4999-bd47-b01baa1bcfc8' has been saved by the user: system -- ip:ukn,user:null
2023-08-04 12:55:27,954 INFO  [com.dot.ContainerResource] (docker-java-stream-824381349) STDOUT: 12:55:27.954  INFO  util.SecurityLogger - class com.dotmarketing.portlets.workflows.business.WorkflowAPIImpl : The action id: '38efc763-d78f-4e4b-b092-59cd8c579b93' has been saved by the user: system -- ip:ukn,user:null
2023-08-04 12:55:27,961 INFO  [com.dot.ContainerResource] (docker-java-stream-824381349) STDOUT: 12:55:27.961  INFO  util.SecurityLogger - class com.dotmarketing.portlets.workflows.business.WorkflowAPIImpl : The action id: '4da13a42-5d59-480c-ad8f-94a3adf809fe' has been saved by the user: system -- ip:ukn,user:null
2023-08-04 12:55:27,964 INFO  [com.dot.ContainerResource] (docker-java-stream-824381349) STDOUT: 12:55:27.964  INFO  util.SecurityLogger - class com.dotmarketing.portlets.workflows.business.WorkflowAPIImpl : The action id: 'b9d89c80-3d88-4311-8365-187323c96436' has been saved by the user: system -- ip:ukn,user:null
2023-08-04 12:55:27,968 INFO  [com.dot.ContainerResource] (docker-java-stream-824381349) STDOUT: 12:55:27.968  INFO  util.SecurityLogger - class com.dotmarketing.portlets.workflows.business.WorkflowAPIImpl : The action id: 'bc477b07-8f84-48d2-85b8-20d07512af4b' has been saved by the user: system -- ip:ukn,user:null
2023-08-04 12:55:27,972 INFO  [com.dot.ContainerResource] (docker-java-stream-824381349) STDOUT: 12:55:27.972  INFO  util.SecurityLogger - class com.dotmarketing.portlets.workflows.business.WorkflowAPIImpl : The action id: '963f6a04-5320-42e7-ab74-6d876d199946' has been saved by the user: system -- ip:ukn,user:null
2023-08-04 12:55:27,976 INFO  [com.dot.ContainerResource] (docker-java-stream-824381349) STDOUT: 12:55:27.975  INFO  util.SecurityLogger - class com.dotmarketing.portlets.workflows.business.WorkflowAPIImpl : The action id: 'ceca71a0-deee-4999-bd47-b01baa1bcfc8' has been saved by the user: system -- ip:ukn,user:null
2023-08-04 12:55:27,979 INFO  [com.dot.ContainerResource] (docker-java-stream-824381349) STDOUT: 12:55:27.978  INFO  util.SecurityLogger - class com.dotmarketing.portlets.workflows.business.WorkflowAPIImpl : The action id: '38efc763-d78f-4e4b-b092-59cd8c579b93' has been saved by the user: system -- ip:ukn,user:null
2023-08-04 12:55:27,983 INFO  [com.dot.ContainerResource] (docker-java-stream-824381349) STDOUT: 12:55:27.983  INFO  util.SecurityLogger - class com.dotmarketing.portlets.workflows.business.WorkflowAPIImpl : The action id: '4da13a42-5d59-480c-ad8f-94a3adf809fe' has been saved by the user: system -- ip:ukn,user:null
2023-08-04 12:55:27,986 INFO  [com.dot.ContainerResource] (docker-java-stream-824381349) STDOUT: 12:55:27.986  INFO  util.SecurityLogger - class com.dotmarketing.portlets.workflows.business.WorkflowAPIImpl : The action id: 'b9d89c80-3d88-4311-8365-187323c96436' has been saved by the user: system -- ip:ukn,user:null
2023-08-04 12:55:27,989 INFO  [com.dot.ContainerResource] (docker-java-stream-824381349) STDOUT: 12:55:27.989  INFO  util.SecurityLogger - class com.dotmarketing.portlets.workflows.business.WorkflowAPIImpl : The action id: 'bc477b07-8f84-48d2-85b8-20d07512af4b' has been saved by the user: system -- ip:ukn,user:null
2023-08-04 12:55:27,997 INFO  [com.dot.ContainerResource] (docker-java-stream-824381349) STDOUT: 12:55:27.997  INFO  util.SecurityLogger - class com.dotmarketing.portlets.workflows.business.WorkflowAPIImpl : The action id: 'c92f9aa1-9503-4567-ac30-d3242b54d02d' has been saved by the user: system -- ip:ukn,user:null
2023-08-04 12:55:28,001 INFO  [com.dot.ContainerResource] (docker-java-stream-824381349) STDOUT: 12:55:28.000  INFO  util.SecurityLogger - class com.dotmarketing.portlets.workflows.business.WorkflowAPIImpl : The action id: '777f1c6b-c877-4a37-ba4b-10627316c2cc' has been saved by the user: system -- ip:ukn,user:null
2023-08-04 12:55:28,004 INFO  [com.dot.ContainerResource] (docker-java-stream-824381349) STDOUT: 12:55:28.004  INFO  util.SecurityLogger - class com.dotmarketing.portlets.workflows.business.WorkflowAPIImpl : The action id: '1e0f1c6b-b67f-4c99-983d-db2b4bfa88b2' has been saved by the user: system -- ip:ukn,user:null
2023-08-04 12:55:28,071 INFO  [com.dot.ContainerResource] (docker-java-stream-824381349) STDOUT: 12:55:28.071  INFO  util.SecurityLogger - class com.dotmarketing.portlets.workflows.business.WorkflowAPIImpl : Saving class parameters by the user: system -- ip:ukn,user:null
2023-08-04 12:55:28,079 INFO  [com.dot.ContainerResource] (docker-java-stream-824381349) STDOUT: 12:55:28.079  INFO  starter.ImportStarterUtil - **** Importing the file: /data/local/dotsecure/backup/temp/com.dotmarketing.beans.Permission_0000000000.json *****
2023-08-04 12:55:28,080 INFO  [com.dot.ContainerResource] (docker-java-stream-824381349) STDOUT: 12:55:28.080  INFO  starter.ImportStarterUtil - Importing:	com.dotmarketing.beans.Permission
2023-08-04 12:55:28,085 INFO  [com.dot.ContainerResource] (docker-java-stream-824381349) STDOUT: 12:55:28.084  INFO  starter.ImportStarterUtil - Found :	21 com.dotmarketing.beans.Permission(s)
2023-08-04 12:55:28,101 INFO  [com.dot.ContainerResource] (docker-java-stream-824381349) STDOUT: 12:55:28.100  INFO  starter.ImportStarterUtil - **** Importing the file: /data/local/dotsecure/backup/temp/com.dotmarketing.portlets.contentlet.model.ContentletVersionInfo_0000000000.json *****
2023-08-04 12:55:28,101 INFO  [com.dot.ContainerResource] (docker-java-stream-824381349) STDOUT: 12:55:28.101  INFO  starter.ImportStarterUtil - Importing:	com.dotmarketing.portlets.contentlet.model.ContentletVersionInfo
2023-08-04 12:55:28,103 INFO  [com.dot.ContainerResource] (docker-java-stream-824381349) STDOUT: 12:55:28.103  INFO  starter.ImportStarterUtil - Found :	3 com.dotmarketing.portlets.contentlet.model.ContentletVersionInfo(s)
2023-08-04 12:55:28,155 INFO  [com.dot.ContainerResource] (docker-java-stream-824381349) STDOUT: 12:55:28.155  INFO  starter.ImportStarterUtil - **** Importing the file: /data/local/dotsecure/backup/temp/com.dotmarketing.portlets.workflows.model.WorkflowTask_0000000000.json *****
2023-08-04 12:55:28,156 INFO  [com.dot.ContainerResource] (docker-java-stream-824381349) STDOUT: 12:55:28.155  INFO  starter.ImportStarterUtil - Importing:	com.dotmarketing.portlets.workflows.model.WorkflowTask
2023-08-04 12:55:28,159 INFO  [com.dot.ContainerResource] (docker-java-stream-824381349) STDOUT: 12:55:28.158  INFO  starter.ImportStarterUtil - Found :	1 com.dotmarketing.portlets.workflows.model.WorkflowTask(s)
2023-08-04 12:55:28,164 INFO  [com.dot.ContainerResource] (docker-java-stream-824381349) STDOUT: 12:55:28.164  INFO  starter.ImportStarterUtil - **** Importing the file: /data/local/dotsecure/backup/temp/Image.json *****
2023-08-04 12:55:28,165 INFO  [com.dot.ContainerResource] (docker-java-stream-824381349) STDOUT: 12:55:28.164  INFO  starter.ImportStarterUtil - Importing:	Image
2023-08-04 12:55:33,577 INFO  [com.dot.ContainerResource] (docker-java-stream-824381349) STDOUT: 12:55:33.576  INFO  starter.ImportStarterUtil - Found :	1 Image(s)
2023-08-04 12:55:33,579 INFO  [com.dot.ContainerResource] (docker-java-stream-824381349) STDOUT: 12:55:33.578  INFO  starter.ImportStarterUtil - **** Importing the file: /data/local/dotsecure/backup/temp/Portlet.json *****
2023-08-04 12:55:33,579 INFO  [com.dot.ContainerResource] (docker-java-stream-824381349) STDOUT: 12:55:33.578  INFO  starter.ImportStarterUtil - Importing:	Portlet
2023-08-04 12:55:33,580 INFO  [com.dot.ContainerResource] (docker-java-stream-824381349) STDOUT: 12:55:33.579  INFO  starter.ImportStarterUtil - Found :	3 Portlet(s)
2023-08-04 12:55:33,586 INFO  [com.dot.ContainerResource] (docker-java-stream-824381349) STDOUT: 12:55:33.586  INFO  starter.ImportStarterUtil - Done Importing
2023-08-04 12:55:33,591 INFO  [com.dot.ContainerResource] (docker-java-stream-824381349) STDOUT: 12:55:33.591  INFO  runonce.Task210321RemoveOldMetadataFiles -  executing metadata clean up under path /data/shared/assets
2023-08-04 12:55:33,604 INFO  [com.dot.ContainerResource] (docker-java-stream-824381349) STDOUT: 12:55:33.600  INFO  db.DotCMSInitDb -  `1` old metadata entries removed and `0` old content files from the starter.
2023-08-04 12:55:33,605 INFO  [com.dot.ContainerResource] (docker-java-stream-824381349) STDOUT: 12:55:33.601  INFO  timedcache.TimedCacheProvider - ===== Initializing [Timed Cache Provider].
2023-08-04 12:55:33,605 INFO  [com.dot.ContainerResource] (docker-java-stream-824381349) STDOUT: 12:55:33.601  INFO  timedcache.TimedCacheProvider - ***	 Cache Config Memory : esquerycache: 10000
2023-08-04 12:55:33,605 INFO  [com.dot.ContainerResource] (docker-java-stream-824381349) STDOUT: 12:55:33.601  INFO  timedcache.TimedCacheProvider - ***	 Cache Config Memory : esquerycountcache: 10000
2023-08-04 12:55:33,605 INFO  [com.dot.ContainerResource] (docker-java-stream-824381349) STDOUT: 12:55:33.601  INFO  timedcache.TimedCacheProvider - ***	 Cache Config Memory : graphqlquerycache: 5000
2023-08-04 12:55:33,605 INFO  [com.dot.ContainerResource] (docker-java-stream-824381349) STDOUT: 12:55:33.601  INFO  timedcache.TimedCacheProvider - ***	 Cache Config Memory : default: 1000
2023-08-04 12:55:33,605 INFO  [com.dot.ContainerResource] (docker-java-stream-824381349) STDOUT: 12:55:33.601  INFO  timedcache.TimedCacheProvider - ***	 Cache Config Memory : adminconfigpool: 100
2023-08-04 12:55:33,605 INFO  [com.dot.ContainerResource] (docker-java-stream-824381349) STDOUT: 12:55:33.601  INFO  timedcache.TimedCacheProvider - ***	 Cache Config Memory : companypool: 10
2023-08-04 12:55:33,605 INFO  [com.dot.ContainerResource] (docker-java-stream-824381349) STDOUT: 12:55:33.601  INFO  timedcache.TimedCacheProvider - ***	 Cache Config Memory : contentletcache: 5000
2023-08-04 12:55:33,605 INFO  [com.dot.ContainerResource] (docker-java-stream-824381349) STDOUT: 12:55:33.601  INFO  timedcache.TimedCacheProvider - ***	 Cache Config Memory : categoryparentscache: 30000
2023-08-04 12:55:33,605 INFO  [com.dot.ContainerResource] (docker-java-stream-824381349) STDOUT: 12:55:33.601  INFO  timedcache.TimedCacheProvider - ***	 Cache Config Memory : taginodecache: 50000
2023-08-04 12:55:33,605 INFO  [com.dot.ContainerResource] (docker-java-stream-824381349) STDOUT: 12:55:33.601  INFO  timedcache.TimedCacheProvider - ***	 Cache Config Memory : taginodesbyinodecache: 50000
2023-08-04 12:55:33,605 INFO  [com.dot.ContainerResource] (docker-java-stream-824381349) STDOUT: 12:55:33.601  INFO  timedcache.TimedCacheProvider - ***	 Cache Config Memory : tagcache: 50000
2023-08-04 12:55:33,605 INFO  [com.dot.ContainerResource] (docker-java-stream-824381349) STDOUT: 12:55:33.601  INFO  timedcache.TimedCacheProvider - ***	 Cache Config Memory : csscache: 2500
2023-08-04 12:55:33,605 INFO  [com.dot.ContainerResource] (docker-java-stream-824381349) STDOUT: 12:55:33.601  INFO  timedcache.TimedCacheProvider - ***	 Cache Config Memory : assetmetadatacache: 10000
2023-08-04 12:55:33,605 INFO  [com.dot.ContainerResource] (docker-java-stream-824381349) STDOUT: 12:55:33.601  INFO  timedcache.TimedCacheProvider - ***	 Cache Config Memory : identifiercache: 50000
2023-08-04 12:55:33,605 INFO  [com.dot.ContainerResource] (docker-java-stream-824381349) STDOUT: 12:55:33.601  INFO  timedcache.TimedCacheProvider - ***	 Cache Config Memory : identifier404cache: 30000
2023-08-04 12:55:33,605 INFO  [com.dot.ContainerResource] (docker-java-stream-824381349) STDOUT: 12:55:33.601  INFO  timedcache.TimedCacheProvider - ***	 Cache Config Memory : indiciescache: 8
2023-08-04 12:55:33,605 INFO  [com.dot.ContainerResource] (docker-java-stream-824381349) STDOUT: 12:55:33.601  INFO  timedcache.TimedCacheProvider - ***	 Cache Config Memory : logmappercache: 10
2023-08-04 12:55:33,605 INFO  [com.dot.ContainerResource] (docker-java-stream-824381349) STDOUT: 12:55:33.601  INFO  timedcache.TimedCacheProvider - ***	 Cache Config Memory : navcache: 1000
2023-08-04 12:55:33,605 INFO  [com.dot.ContainerResource] (docker-java-stream-824381349) STDOUT: 12:55:33.601  INFO  timedcache.TimedCacheProvider - ***	 Cache Config Memory : parentpermissionablecache: 10000
2023-08-04 12:55:33,605 INFO  [com.dot.ContainerResource] (docker-java-stream-824381349) STDOUT: 12:55:33.601  INFO  timedcache.TimedCacheProvider - ***	 Cache Config Memory : permissioncache: 50000
2023-08-04 12:55:33,605 INFO  [com.dot.ContainerResource] (docker-java-stream-824381349) STDOUT: 12:55:33.601  INFO  timedcache.TimedCacheProvider - ***	 Cache Config Memory : portletpool: 100
2023-08-04 12:55:33,605 INFO  [com.dot.ContainerResource] (docker-java-stream-824381349) STDOUT: 12:55:33.601  INFO  timedcache.TimedCacheProvider - ***	 Cache Config Memory : publishingendpointcache: 100
2023-08-04 12:55:33,605 INFO  [com.dot.ContainerResource] (docker-java-stream-824381349) STDOUT: 12:55:33.601  INFO  timedcache.TimedCacheProvider - ***	 Cache Config Memory : pushedassetscache: 5000
2023-08-04 12:55:33,605 INFO  [com.dot.ContainerResource] (docker-java-stream-824381349) STDOUT: 12:55:33.601  INFO  timedcache.TimedCacheProvider - ***	 Cache Config Memory : templatecache: 500
2023-08-04 12:55:33,605 INFO  [com.dot.ContainerResource] (docker-java-stream-824381349) STDOUT: 12:55:33.601  INFO  timedcache.TimedCacheProvider - ***	 Cache Config Memory : translatedquerycache: 5000
2023-08-04 12:55:33,605 INFO  [com.dot.ContainerResource] (docker-java-stream-824381349) STDOUT: 12:55:33.601  INFO  timedcache.TimedCacheProvider - ***	 Cache Config Memory : versioncache: 50000
2023-08-04 12:55:33,606 INFO  [com.dot.ContainerResource] (docker-java-stream-824381349) STDOUT: 12:55:33.601  INFO  timedcache.TimedCacheProvider - ***	 Cache Config Memory : versioninfocache: 50000
2023-08-04 12:55:33,606 INFO  [com.dot.ContainerResource] (docker-java-stream-824381349) STDOUT: 12:55:33.601  INFO  timedcache.TimedCacheProvider - ***	 Cache Config Memory : workflowactioncache: 10000
2023-08-04 12:55:33,606 INFO  [com.dot.ContainerResource] (docker-java-stream-824381349) STDOUT: 12:55:33.602  INFO  timedcache.TimedCacheProvider - ***	 Cache Config Memory : workflowtaskcache: 10000
2023-08-04 12:55:33,606 INFO  [com.dot.ContainerResource] (docker-java-stream-824381349) STDOUT: 12:55:33.602  INFO  timedcache.TimedCacheProvider - ***	 Cache Config Memory : shortyidcache: 25000
2023-08-04 12:55:33,606 INFO  [com.dot.ContainerResource] (docker-java-stream-824381349) STDOUT: 12:55:33.602  INFO  timedcache.TimedCacheProvider - ***	 Cache Config Memory : velocitycache: 5000
2023-08-04 12:55:33,608 INFO  [com.dot.ContainerResource] (docker-java-stream-824381349) STDOUT: 12:55:33.602  INFO  timedcache.TimedCacheProvider - ***	 Cache Config Memory : vanityurldirectcache: 25000
2023-08-04 12:55:33,608 INFO  [com.dot.ContainerResource] (docker-java-stream-824381349) STDOUT: 12:55:33.602  INFO  timedcache.TimedCacheProvider - ***	 Cache Config Memory : vanityurlsitecache: 5000
2023-08-04 12:55:33,608 INFO  [com.dot.ContainerResource] (docker-java-stream-824381349) STDOUT: 12:55:33.602  INFO  h22.H22Cache - Start Full Cache Flush in h22
2023-08-04 12:55:33,608 INFO  [com.dot.ContainerResource] (docker-java-stream-824381349) STDOUT: 12:55:33.602  INFO  h22.H22Cache - Building new H22 Cache, db:0
2023-08-04 12:55:33,608 INFO  [com.dot.ContainerResource] (docker-java-stream-824381349) STDOUT: 12:55:33.602  INFO  h22.H22HikariPool - H22 on disk cache:jdbc:h2:/data/local/dotsecure/h22cache/0/2023-08-04_12-55-33/cache;MVCC=TRUE;DB_CLOSE_ON_EXIT=FALSE
2023-08-04 12:55:33,692 INFO  [com.dot.ContainerResource] (docker-java-stream-824381349) STDOUT: 12:55:33.690  INFO  h22.H22Cache - Building new H22 Cache, db:1
2023-08-04 12:55:33,692 INFO  [com.dot.ContainerResource] (docker-java-stream-824381349) STDOUT: 12:55:33.691  INFO  h22.H22HikariPool - H22 on disk cache:jdbc:h2:/data/local/dotsecure/h22cache/1/2023-08-04_12-55-33/cache;MVCC=TRUE;DB_CLOSE_ON_EXIT=FALSE
2023-08-04 12:55:33,760 INFO  [com.dot.ContainerResource] (docker-java-stream-824381349) STDOUT: 12:55:33.759  INFO  h22.H22Cache - End Full Cache Flush in h22 : 157ms
2023-08-04 12:55:33,810 INFO  [com.dot.ContainerResource] (docker-java-stream-824381349) STDOUT: 12:55:33.809  INFO  reindex.ReindexThread - --- Recreating ReindexThread from stopped
2023-08-04 12:55:33,812 INFO  [com.dot.ContainerResource] (docker-java-stream-824381349) STDOUT: 12:55:33.811  INFO  framework.OSGISystem - Starting: OSGi System Framework
2023-08-04 12:55:33,813 INFO  [com.dot.ContainerResource] (docker-java-stream-824381349) STDOUT: 12:55:33.813  INFO  framework.OSGISystem - Felix System base dir: /srv/dotserver/tomcat-9.0.60/webapps/ROOT/WEB-INF/felix-system
2023-08-04 12:55:33,820 INFO  [com.dot.ContainerResource] (docker-java-stream-824381349) STDOUT: 12:55:33.820  INFO  framework.OSGIUtil - Loading Factory org.apache.felix.framework.FrameworkFactory
2023-08-04 12:55:34,276 INFO  [com.dot.ContainerResource] (docker-java-stream-824381349) STDOUT: SAML OSGI STARTING INIT.....
2023-08-04 12:55:34,276 INFO  [com.dot.ContainerResource] (docker-java-stream-824381349) STDOUT: SAML version: 21.04, build number: 1
2023-08-04 12:55:34,278 INFO  [com.dot.ContainerResource] (docker-java-stream-824381349) STDOUT: 12:55:34.277  INFO  init.SamlInitializer - SAML Init STARTED...
2023-08-04 12:55:35,217 INFO  [com.dot.ContainerResource] (docker-java-stream-824381349) STDOUT: 12:55:35.216  INFO  init.SamlInitializer - Doing instance of Java Crypto validator
2023-08-04 12:55:35,217 INFO  [com.dot.ContainerResource] (docker-java-stream-824381349) STDOUT: 12:55:35.217  INFO  init.SamlInitializer - Getting the Security Providers
2023-08-04 12:55:35,218 INFO  [com.dot.ContainerResource] (docker-java-stream-824381349) STDOUT: 12:55:35.217  INFO  init.SamlInitializer - - SUN (DSA key/parameter generation; DSA signing; SHA-1, MD5 digests; SecureRandom; X.509 certificates; PKCS12, JKS & DKS keystores; PKIX CertPathValidator; PKIX CertPathBuilder; LDAP, Collection CertStores, JavaPolicy Policy; JavaLoginConfig Configuration)
2023-08-04 12:55:35,218 INFO  [com.dot.ContainerResource] (docker-java-stream-824381349) STDOUT: 12:55:35.218  INFO  init.SamlInitializer - - Sun RSA signature provider
2023-08-04 12:55:35,218 INFO  [com.dot.ContainerResource] (docker-java-stream-824381349) STDOUT: 12:55:35.218  INFO  init.SamlInitializer - - Sun Elliptic Curve provider (EC, ECDSA, ECDH)
2023-08-04 12:55:35,218 INFO  [com.dot.ContainerResource] (docker-java-stream-824381349) STDOUT: 12:55:35.218  INFO  init.SamlInitializer - - Sun JSSE provider(PKCS12, SunX509/PKIX key/trust factories, SSLv3/TLSv1/TLSv1.1/TLSv1.2/TLSv1.3/DTLSv1.0/DTLSv1.2)
2023-08-04 12:55:35,218 INFO  [com.dot.ContainerResource] (docker-java-stream-824381349) STDOUT: 12:55:35.218  INFO  init.SamlInitializer - - SunJCE Provider (implements RSA, DES, Triple DES, AES, Blowfish, ARCFOUR, RC2, PBE, Diffie-Hellman, HMAC, ChaCha20)
2023-08-04 12:55:35,218 INFO  [com.dot.ContainerResource] (docker-java-stream-824381349) STDOUT: 12:55:35.218  INFO  init.SamlInitializer - - Sun (Kerberos v5, SPNEGO)
2023-08-04 12:55:35,218 INFO  [com.dot.ContainerResource] (docker-java-stream-824381349) STDOUT: 12:55:35.218  INFO  init.SamlInitializer - - Sun SASL provider(implements client mechanisms for: DIGEST-MD5, EXTERNAL, PLAIN, CRAM-MD5, NTLM; server mechanisms for: DIGEST-MD5, CRAM-MD5, NTLM)
2023-08-04 12:55:35,219 INFO  [com.dot.ContainerResource] (docker-java-stream-824381349) STDOUT: 12:55:35.218  INFO  init.SamlInitializer - - JdkLDAP Provider (implements LDAP CertStore)
2023-08-04 12:55:35,219 INFO  [com.dot.ContainerResource] (docker-java-stream-824381349) STDOUT: 12:55:35.219  INFO  init.SamlInitializer - Doing Init of SignatureValidationProvider
2023-08-04 12:55:35,222 INFO  [com.dot.ContainerResource] (docker-java-stream-824381349) STDOUT: 12:55:35.222  INFO  init.SamlInitializer - SAML Init DONE
2023-08-04 12:55:35,222 INFO  [com.dot.ContainerResource] (docker-java-stream-824381349) STDOUT: 12:55:35.222  INFO  init.SamlInitializer - Setting basic parser pool
2023-08-04 12:55:35,224 INFO  [com.dot.ContainerResource] (docker-java-stream-824381349) STDOUT: 12:55:35.224  INFO  osgi.Activator - Adding the SAML Web Filter
2023-08-04 12:55:35,281 INFO  [com.dot.ContainerResource] (docker-java-stream-824381349) STDERR: 04-Aug-2023 12:55:35.279 INFO [FelixStartLevel] org.apache.catalina.core.ApplicationContext.log org.tuckey.web.filters.urlrewrite.UrlRewriteFilter INFO: loaded (conf ok)
2023-08-04 12:55:35,284 INFO  [com.dot.ContainerResource] (docker-java-stream-824381349) STDOUT: 12:55:35.284  INFO  osgi.Activator - Adding the SAML Web Service: com.dotcms.auth.providers.saml.v1.DotSamlResource
2023-08-04 12:55:35,674 INFO  [com.dot.ContainerResource] (docker-java-stream-824381349) STDERR: 04-Aug-2023 12:55:35.673 WARNING [FelixStartLevel] org.glassfish.jersey.internal.Errors.logErrors The following warnings have been detected: HINT: A HTTP GET method, public final void com.dotcms.rest.api.v1.categories.CategoriesResource.export(javax.servlet.http.HttpServletRequest,javax.servlet.http.HttpServletResponse,java.lang.String,java.lang.String) throws com.dotmarketing.exception.DotDataException,com.dotmarketing.exception.DotSecurityException,java.io.IOException, returns a void type. It can be intentional and perfectly fine, but it is a little uncommon that GET method returns always "204 No Content".
2023-08-04 12:55:35,675 INFO  [com.dot.ContainerResource] (docker-java-stream-824381349) STDERR: WARNING: The (sub)resource method findVersions in com.dotcms.rest.api.v1.content.ContentVersionResource contains empty path annotation.
2023-08-04 12:55:35,675 INFO  [com.dot.ContainerResource] (docker-java-stream-824381349) STDERR: WARNING: The (sub)resource method getJvmInfo in com.dotcms.rest.api.v1.maintenance.JVMInfoResource contains empty path annotation.
2023-08-04 12:55:35,675 INFO  [com.dot.ContainerResource] (docker-java-stream-824381349) STDERR: WARNING: A HTTP GET method, public javax.ws.rs.core.Response com.dotcms.rest.elasticsearch.ESContentResourcePortlet.search(javax.servlet.http.HttpServletRequest,javax.servlet.http.HttpServletResponse,java.lang.String,java.lang.String,boolean,boolean) throws com.dotmarketing.exception.DotDataException,com.dotmarketing.exception.DotSecurityException, should not consume any entity.
2023-08-04 12:55:35,675 INFO  [com.dot.ContainerResource] (docker-java-stream-824381349) STDERR: HINT: A HTTP GET method, public void com.dotcms.auth.providers.saml.v1.DotSamlResource.logoutGet(java.lang.String,javax.servlet.http.HttpServletRequest,javax.servlet.http.HttpServletResponse) throws java.io.IOException,java.net.URISyntaxException, returns a void type. It can be intentional and perfectly fine, but it is a little uncommon that GET method returns always "204 No Content".
2023-08-04 12:55:35,675 INFO  [com.dot.ContainerResource] (docker-java-stream-824381349) STDERR: HINT: A HTTP GET method, public void com.dotcms.auth.providers.saml.v1.DotSamlResource.metadata(java.lang.String,javax.servlet.http.HttpServletRequest,javax.servlet.http.HttpServletResponse) throws java.io.IOException, returns a void type. It can be intentional and perfectly fine, but it is a little uncommon that GET method returns always "204 No Content".
2023-08-04 12:55:35,675 INFO  [com.dot.ContainerResource] (docker-java-stream-824381349) STDERR: WARNING: The (sub)resource method listAvailableApps in com.dotcms.rest.api.v1.apps.AppsResource contains empty path annotation.
2023-08-04 12:55:35,675 INFO  [com.dot.ContainerResource] (docker-java-stream-824381349) STDERR: WARNING: The (sub)resource method createApp in com.dotcms.rest.api.v1.apps.AppsResource contains empty path annotation.
2023-08-04 12:55:35,675 INFO  [com.dot.ContainerResource] (docker-java-stream-824381349) STDERR: WARNING: The (sub)resource method deleteIndividualAppSecret in com.dotcms.rest.api.v1.apps.AppsResource contains empty path annotation.
2023-08-04 12:55:35,675 INFO  [com.dot.ContainerResource] (docker-java-stream-824381349) STDERR: WARNING: The (sub)resource method getAssetsInfo in com.dotcms.rest.api.v1.asset.WebAssetResource contains empty path annotation.
2023-08-04 12:55:35,675 INFO  [com.dot.ContainerResource] (docker-java-stream-824381349) STDERR: WARNING: The (sub)resource method saveUpdateAsset in com.dotcms.rest.api.v1.asset.WebAssetResource contains empty path annotation.
2023-08-04 12:55:35,675 INFO  [com.dot.ContainerResource] (docker-java-stream-824381349) STDERR: WARNING: A HTTP GET method, public javax.ws.rs.core.Response com.dotcms.rest.api.v1.vtl.VTLResource.get(javax.servlet.http.HttpServletRequest,javax.servlet.http.HttpServletResponse,javax.ws.rs.core.UriInfo,java.lang.String,java.util.Map), should not consume any entity.
2023-08-04 12:55:35,675 INFO  [com.dot.ContainerResource] (docker-java-stream-824381349) STDERR: WARNING: A HTTP GET method, public javax.ws.rs.core.Response com.dotcms.rest.api.v1.vtl.VTLResource.get(javax.servlet.http.HttpServletRequest,javax.servlet.http.HttpServletResponse,javax.ws.rs.core.UriInfo,java.lang.String,java.lang.String,java.util.Map), should not consume any entity.
2023-08-04 12:55:35,675 INFO  [com.dot.ContainerResource] (docker-java-stream-824381349) STDERR: WARNING: A HTTP GET method, public javax.ws.rs.core.Response com.dotcms.rest.api.v1.vtl.VTLResource.dynamicGet(javax.servlet.http.HttpServletRequest,javax.servlet.http.HttpServletResponse,javax.ws.rs.core.UriInfo,java.lang.String,java.lang.String), should not consume any entity.
2023-08-04 12:55:35,675 INFO  [com.dot.ContainerResource] (docker-java-stream-824381349) STDERR: WARNING: A HTTP GET method, public javax.ws.rs.core.Response com.dotcms.rest.api.v1.vtl.VTLResource.dynamicGet(javax.servlet.http.HttpServletRequest,javax.servlet.http.HttpServletResponse,javax.ws.rs.core.UriInfo,java.lang.String), should not consume any entity.
2023-08-04 12:55:35,675 INFO  [com.dot.ContainerResource] (docker-java-stream-824381349) STDERR: WARNING: The (sub)resource method statusCheck in com.dotcms.rest.api.v1.system.monitor.MonitorResource contains empty path annotation.
2023-08-04 12:55:35,675 INFO  [com.dot.ContainerResource] (docker-java-stream-824381349) STDERR: WARNING: The (sub)resource method issueApiToken in com.dotcms.rest.api.v1.authentication.ApiTokenResource contains empty path annotation.
2023-08-04 12:55:35,675 INFO  [com.dot.ContainerResource] (docker-java-stream-824381349) STDERR: WARNING: The (sub)resource method getIndexStatus in com.dotcms.rest.api.v1.index.ESIndexResource contains empty path annotation.
2023-08-04 12:55:35,675 INFO  [com.dot.ContainerResource] (docker-java-stream-824381349) STDERR: 
2023-08-04 12:55:35,676 INFO  [com.dot.ContainerResource] (docker-java-stream-824381349) STDOUT: 12:55:35.676  INFO  osgi.Activator - Subscribing to  AppSecretSavedEvent events
2023-08-04 12:55:35,678 INFO  [com.dot.ContainerResource] (docker-java-stream-824381349) STDOUT: SAML OSGI STARTED.....
2023-08-04 12:55:36,354 INFO  [com.dot.ContainerResource] (docker-java-stream-824381349) STDOUT: 12:55:36.354  INFO  framework.OSGISystem - Started : OSGi System Framework
2023-08-04 12:55:36,355 INFO  [com.dot.ContainerResource] (docker-java-stream-824381349) STDOUT: 12:55:36.355  INFO  reindex.ReindexThread - --- ReindexThread Running (every 60000 millis)
2023-08-04 12:55:36,356 INFO  [com.dot.ContainerResource] (docker-java-stream-824381349) STDOUT: 12:55:36.356  INFO  db.DotCMSInitDb - Building Initial Index
2023-08-04 12:55:36,356 INFO  [com.dot.ContainerResource] (docker-java-stream-824381349) STDOUT: 12:55:36.356  INFO  reindex.ReindexThread - ---  ReindexThread is starting, background indexing will begin
2023-08-04 12:55:36,444 INFO  [com.dot.ContainerResource] (docker-java-stream-824381349) STDOUT: 12:55:36.444  INFO  business.ESIndexAPI - createIndex : Trying to create index: cluster_51b0cac1ff.working_20230804125536 with shards: 0
2023-08-04 12:55:36,445 INFO  [com.dot.ContainerResource] (docker-java-stream-824381349) STDOUT: 12:55:36.445  INFO  util.AdminLogger - class com.dotcms.content.elasticsearch.business.ESIndexAPI : createIndex : Trying to create index: cluster_51b0cac1ff.working_20230804125536 with shards: 0
2023-08-04 12:55:36,445 INFO  [com.dot.ContainerResource] (docker-java-stream-824381349) STDOUT: 12:55:36.445  WARN  business.ESIndexAPI - Unable to parse shards from config
2023-08-04 12:55:36,446 INFO  [com.dot.ContainerResource] (docker-java-stream-824381349) STDOUT: 12:55:36.445  WARN  business.ESIndexAPI - null
2023-08-04 12:55:36,446 INFO  [com.dot.ContainerResource] (docker-java-stream-824381349) STDOUT: 12:55:36.446  WARN  business.ESIndexAPI - java.base/java.lang.Integer.parseInt(Integer.java:614)
2023-08-04 12:55:36,602 INFO  [com.dot.ContainerResource] (docker-java-stream-824381349) STDOUT: 12:55:36.602  WARN  client.RestClient - request [PUT http://elasticsearch:9200/cluster_51b0cac1ff.working_20230804125536?master_timeout=30s&timeout=15000ms] returned 1 warnings: [299 Elasticsearch-7.16.1-5b38441b16b1ebb16a27c107a4c3865776e20c53 "Elasticsearch built-in security features are not enabled. Without authentication, your cluster could be accessible to anyone. See https://www.elastic.co/guide/en/elasticsearch/reference/7.16/security-minimal-setup.html to enable security."]
2023-08-04 12:55:36,613 INFO  [com.dot.ContainerResource] (docker-java-stream-824381349) STDOUT: 12:55:36.612  INFO  business.ESIndexAPI - createIndex : Index created: cluster_51b0cac1ff.working_20230804125536 with shards: 1
2023-08-04 12:55:36,613 INFO  [com.dot.ContainerResource] (docker-java-stream-824381349) STDOUT: 12:55:36.613  INFO  util.AdminLogger - class com.dotcms.content.elasticsearch.business.ESIndexAPI : createIndex : Index created: cluster_51b0cac1ff.working_20230804125536 with shards: 1
2023-08-04 12:55:36,792 INFO  [com.dot.ContainerResource] (docker-java-stream-824381349) STDOUT: 12:55:36.792  WARN  client.RestClient - request [PUT http://elasticsearch:9200/cluster_51b0cac1ff.working_20230804125536/_mapping?master_timeout=30s&ignore_unavailable=false&expand_wildcards=open%2Cclosed&allow_no_indices=false&ignore_throttled=false&timeout=15000ms] returned 2 warnings: [299 Elasticsearch-7.16.1-5b38441b16b1ebb16a27c107a4c3865776e20c53 "Elasticsearch built-in security features are not enabled. Without authentication, your cluster could be accessible to anyone. See https://www.elastic.co/guide/en/elasticsearch/reference/7.16/security-minimal-setup.html to enable security."],[299 Elasticsearch-7.16.1-5b38441b16b1ebb16a27c107a4c3865776e20c53 "[ignore_throttled] parameter is deprecated because frozen indices have been deprecated. Consider cold or frozen tiers in place of frozen indices."]
2023-08-04 12:55:36,793 INFO  [com.dot.ContainerResource] (docker-java-stream-824381349) STDOUT: 12:55:36.792  INFO  business.ESIndexAPI - createIndex : Trying to create index: cluster_51b0cac1ff.live_20230804125536 with shards: 0
2023-08-04 12:55:36,793 INFO  [com.dot.ContainerResource] (docker-java-stream-824381349) STDOUT: 12:55:36.792  INFO  util.AdminLogger - class com.dotcms.content.elasticsearch.business.ESIndexAPI : createIndex : Trying to create index: cluster_51b0cac1ff.live_20230804125536 with shards: 0
2023-08-04 12:55:36,793 INFO  [com.dot.ContainerResource] (docker-java-stream-824381349) STDOUT: 12:55:36.793  WARN  business.ESIndexAPI - Unable to parse shards from config
2023-08-04 12:55:36,794 INFO  [com.dot.ContainerResource] (docker-java-stream-824381349) STDOUT: 12:55:36.793  WARN  business.ESIndexAPI - null
2023-08-04 12:55:36,794 INFO  [com.dot.ContainerResource] (docker-java-stream-824381349) STDOUT: 12:55:36.793  WARN  business.ESIndexAPI - java.base/java.lang.Integer.parseInt(Integer.java:614)
2023-08-04 12:55:36,934 INFO  [com.dot.ContainerResource] (docker-java-stream-824381349) STDOUT: 12:55:36.934  WARN  client.RestClient - request [PUT http://elasticsearch:9200/cluster_51b0cac1ff.live_20230804125536?master_timeout=30s&timeout=15000ms] returned 1 warnings: [299 Elasticsearch-7.16.1-5b38441b16b1ebb16a27c107a4c3865776e20c53 "Elasticsearch built-in security features are not enabled. Without authentication, your cluster could be accessible to anyone. See https://www.elastic.co/guide/en/elasticsearch/reference/7.16/security-minimal-setup.html to enable security."]
2023-08-04 12:55:36,935 INFO  [com.dot.ContainerResource] (docker-java-stream-824381349) STDOUT: 12:55:36.934  INFO  business.ESIndexAPI - createIndex : Index created: cluster_51b0cac1ff.live_20230804125536 with shards: 1
2023-08-04 12:55:36,935 INFO  [com.dot.ContainerResource] (docker-java-stream-824381349) STDOUT: 12:55:36.934  INFO  util.AdminLogger - class com.dotcms.content.elasticsearch.business.ESIndexAPI : createIndex : Index created: cluster_51b0cac1ff.live_20230804125536 with shards: 1
2023-08-04 12:55:37,033 INFO  [com.dot.ContainerResource] (docker-java-stream-824381349) STDOUT: 12:55:37.033  WARN  client.RestClient - request [PUT http://elasticsearch:9200/cluster_51b0cac1ff.live_20230804125536/_mapping?master_timeout=30s&ignore_unavailable=false&expand_wildcards=open%2Cclosed&allow_no_indices=false&ignore_throttled=false&timeout=15000ms] returned 2 warnings: [299 Elasticsearch-7.16.1-5b38441b16b1ebb16a27c107a4c3865776e20c53 "Elasticsearch built-in security features are not enabled. Without authentication, your cluster could be accessible to anyone. See https://www.elastic.co/guide/en/elasticsearch/reference/7.16/security-minimal-setup.html to enable security."],[299 Elasticsearch-7.16.1-5b38441b16b1ebb16a27c107a4c3865776e20c53 "[ignore_throttled] parameter is deprecated because frozen indices have been deprecated. Consider cold or frozen tiers in place of frozen indices."]
2023-08-04 12:55:37,286 INFO  [com.dot.ContainerResource] (docker-java-stream-824381349) STDOUT: 12:55:37.285  WARN  client.RestClient - request [PUT http://elasticsearch:9200/cluster_51b0cac1ff.working_20230804125536,cluster_51b0cac1ff.live_20230804125536/_mapping?master_timeout=30s&ignore_unavailable=false&expand_wildcards=open%2Cclosed&allow_no_indices=false&ignore_throttled=false&timeout=15000ms] returned 2 warnings: [299 Elasticsearch-7.16.1-5b38441b16b1ebb16a27c107a4c3865776e20c53 "Elasticsearch built-in security features are not enabled. Without authentication, your cluster could be accessible to anyone. See https://www.elastic.co/guide/en/elasticsearch/reference/7.16/security-minimal-setup.html to enable security."],[299 Elasticsearch-7.16.1-5b38441b16b1ebb16a27c107a4c3865776e20c53 "[ignore_throttled] parameter is deprecated because frozen indices have been deprecated. Consider cold or frozen tiers in place of frozen indices."]
2023-08-04 12:55:37,402 INFO  [com.dot.ContainerResource] (docker-java-stream-824381349) STDOUT: 12:55:37.402  WARN  client.RestClient - request [PUT http://elasticsearch:9200/cluster_51b0cac1ff.working_20230804125536,cluster_51b0cac1ff.live_20230804125536/_mapping?master_timeout=30s&ignore_unavailable=false&expand_wildcards=open%2Cclosed&allow_no_indices=false&ignore_throttled=false&timeout=15000ms] returned 2 warnings: [299 Elasticsearch-7.16.1-5b38441b16b1ebb16a27c107a4c3865776e20c53 "Elasticsearch built-in security features are not enabled. Without authentication, your cluster could be accessible to anyone. See https://www.elastic.co/guide/en/elasticsearch/reference/7.16/security-minimal-setup.html to enable security."],[299 Elasticsearch-7.16.1-5b38441b16b1ebb16a27c107a4c3865776e20c53 "[ignore_throttled] parameter is deprecated because frozen indices have been deprecated. Consider cold or frozen tiers in place of frozen indices."]
2023-08-04 12:55:37,502 INFO  [com.dot.ContainerResource] (docker-java-stream-824381349) STDOUT: 12:55:37.502  WARN  client.RestClient - request [PUT http://elasticsearch:9200/cluster_51b0cac1ff.working_20230804125536,cluster_51b0cac1ff.live_20230804125536/_mapping?master_timeout=30s&ignore_unavailable=false&expand_wildcards=open%2Cclosed&allow_no_indices=false&ignore_throttled=false&timeout=15000ms] returned 2 warnings: [299 Elasticsearch-7.16.1-5b38441b16b1ebb16a27c107a4c3865776e20c53 "Elasticsearch built-in security features are not enabled. Without authentication, your cluster could be accessible to anyone. See https://www.elastic.co/guide/en/elasticsearch/reference/7.16/security-minimal-setup.html to enable security."],[299 Elasticsearch-7.16.1-5b38441b16b1ebb16a27c107a4c3865776e20c53 "[ignore_throttled] parameter is deprecated because frozen indices have been deprecated. Consider cold or frozen tiers in place of frozen indices."]
2023-08-04 12:55:37,603 INFO  [com.dot.ContainerResource] (docker-java-stream-824381349) STDOUT: 12:55:37.602  WARN  client.RestClient - request [PUT http://elasticsearch:9200/cluster_51b0cac1ff.working_20230804125536,cluster_51b0cac1ff.live_20230804125536/_mapping?master_timeout=30s&ignore_unavailable=false&expand_wildcards=open%2Cclosed&allow_no_indices=false&ignore_throttled=false&timeout=15000ms] returned 2 warnings: [299 Elasticsearch-7.16.1-5b38441b16b1ebb16a27c107a4c3865776e20c53 "Elasticsearch built-in security features are not enabled. Without authentication, your cluster could be accessible to anyone. See https://www.elastic.co/guide/en/elasticsearch/reference/7.16/security-minimal-setup.html to enable security."],[299 Elasticsearch-7.16.1-5b38441b16b1ebb16a27c107a4c3865776e20c53 "[ignore_throttled] parameter is deprecated because frozen indices have been deprecated. Consider cold or frozen tiers in place of frozen indices."]
2023-08-04 12:55:37,700 INFO  [com.dot.ContainerResource] (docker-java-stream-824381349) STDOUT: 12:55:37.699  WARN  client.RestClient - request [PUT http://elasticsearch:9200/cluster_51b0cac1ff.working_20230804125536,cluster_51b0cac1ff.live_20230804125536/_mapping?master_timeout=30s&ignore_unavailable=false&expand_wildcards=open%2Cclosed&allow_no_indices=false&ignore_throttled=false&timeout=15000ms] returned 2 warnings: [299 Elasticsearch-7.16.1-5b38441b16b1ebb16a27c107a4c3865776e20c53 "Elasticsearch built-in security features are not enabled. Without authentication, your cluster could be accessible to anyone. See https://www.elastic.co/guide/en/elasticsearch/reference/7.16/security-minimal-setup.html to enable security."],[299 Elasticsearch-7.16.1-5b38441b16b1ebb16a27c107a4c3865776e20c53 "[ignore_throttled] parameter is deprecated because frozen indices have been deprecated. Consider cold or frozen tiers in place of frozen indices."]
2023-08-04 12:55:37,817 INFO  [com.dot.ContainerResource] (docker-java-stream-824381349) STDOUT: 12:55:37.817  WARN  client.RestClient - request [PUT http://elasticsearch:9200/cluster_51b0cac1ff.working_20230804125536,cluster_51b0cac1ff.live_20230804125536/_mapping?master_timeout=30s&ignore_unavailable=false&expand_wildcards=open%2Cclosed&allow_no_indices=false&ignore_throttled=false&timeout=15000ms] returned 2 warnings: [299 Elasticsearch-7.16.1-5b38441b16b1ebb16a27c107a4c3865776e20c53 "Elasticsearch built-in security features are not enabled. Without authentication, your cluster could be accessible to anyone. See https://www.elastic.co/guide/en/elasticsearch/reference/7.16/security-minimal-setup.html to enable security."],[299 Elasticsearch-7.16.1-5b38441b16b1ebb16a27c107a4c3865776e20c53 "[ignore_throttled] parameter is deprecated because frozen indices have been deprecated. Consider cold or frozen tiers in place of frozen indices."]
2023-08-04 12:55:37,937 INFO  [com.dot.ContainerResource] (docker-java-stream-824381349) STDOUT: 12:55:37.936  WARN  client.RestClient - request [PUT http://elasticsearch:9200/cluster_51b0cac1ff.working_20230804125536,cluster_51b0cac1ff.live_20230804125536/_mapping?master_timeout=30s&ignore_unavailable=false&expand_wildcards=open%2Cclosed&allow_no_indices=false&ignore_throttled=false&timeout=15000ms] returned 2 warnings: [299 Elasticsearch-7.16.1-5b38441b16b1ebb16a27c107a4c3865776e20c53 "Elasticsearch built-in security features are not enabled. Without authentication, your cluster could be accessible to anyone. See https://www.elastic.co/guide/en/elasticsearch/reference/7.16/security-minimal-setup.html to enable security."],[299 Elasticsearch-7.16.1-5b38441b16b1ebb16a27c107a4c3865776e20c53 "[ignore_throttled] parameter is deprecated because frozen indices have been deprecated. Consider cold or frozen tiers in place of frozen indices."]
2023-08-04 12:55:38,020 INFO  [com.dot.ContainerResource] (docker-java-stream-824381349) STDOUT: 12:55:38.020  WARN  client.RestClient - request [PUT http://elasticsearch:9200/cluster_51b0cac1ff.working_20230804125536,cluster_51b0cac1ff.live_20230804125536/_mapping?master_timeout=30s&ignore_unavailable=false&expand_wildcards=open%2Cclosed&allow_no_indices=false&ignore_throttled=false&timeout=15000ms] returned 2 warnings: [299 Elasticsearch-7.16.1-5b38441b16b1ebb16a27c107a4c3865776e20c53 "Elasticsearch built-in security features are not enabled. Without authentication, your cluster could be accessible to anyone. See https://www.elastic.co/guide/en/elasticsearch/reference/7.16/security-minimal-setup.html to enable security."],[299 Elasticsearch-7.16.1-5b38441b16b1ebb16a27c107a4c3865776e20c53 "[ignore_throttled] parameter is deprecated because frozen indices have been deprecated. Consider cold or frozen tiers in place of frozen indices."]
2023-08-04 12:55:38,112 INFO  [com.dot.ContainerResource] (docker-java-stream-824381349) STDOUT: 12:55:38.111  WARN  client.RestClient - request [PUT http://elasticsearch:9200/cluster_51b0cac1ff.working_20230804125536,cluster_51b0cac1ff.live_20230804125536/_mapping?master_timeout=30s&ignore_unavailable=false&expand_wildcards=open%2Cclosed&allow_no_indices=false&ignore_throttled=false&timeout=15000ms] returned 2 warnings: [299 Elasticsearch-7.16.1-5b38441b16b1ebb16a27c107a4c3865776e20c53 "Elasticsearch built-in security features are not enabled. Without authentication, your cluster could be accessible to anyone. See https://www.elastic.co/guide/en/elasticsearch/reference/7.16/security-minimal-setup.html to enable security."],[299 Elasticsearch-7.16.1-5b38441b16b1ebb16a27c107a4c3865776e20c53 "[ignore_throttled] parameter is deprecated because frozen indices have been deprecated. Consider cold or frozen tiers in place of frozen indices."]
2023-08-04 12:55:38,177 INFO  [com.dot.ContainerResource] (docker-java-stream-824381349) STDOUT: 12:55:38.176  WARN  client.RestClient - request [PUT http://elasticsearch:9200/cluster_51b0cac1ff.working_20230804125536,cluster_51b0cac1ff.live_20230804125536/_mapping?master_timeout=30s&ignore_unavailable=false&expand_wildcards=open%2Cclosed&allow_no_indices=false&ignore_throttled=false&timeout=15000ms] returned 2 warnings: [299 Elasticsearch-7.16.1-5b38441b16b1ebb16a27c107a4c3865776e20c53 "Elasticsearch built-in security features are not enabled. Without authentication, your cluster could be accessible to anyone. See https://www.elastic.co/guide/en/elasticsearch/reference/7.16/security-minimal-setup.html to enable security."],[299 Elasticsearch-7.16.1-5b38441b16b1ebb16a27c107a4c3865776e20c53 "[ignore_throttled] parameter is deprecated because frozen indices have been deprecated. Consider cold or frozen tiers in place of frozen indices."]
2023-08-04 12:55:38,262 INFO  [com.dot.ContainerResource] (docker-java-stream-824381349) STDOUT: 12:55:38.260  WARN  client.RestClient - request [PUT http://elasticsearch:9200/cluster_51b0cac1ff.working_20230804125536,cluster_51b0cac1ff.live_20230804125536/_mapping?master_timeout=30s&ignore_unavailable=false&expand_wildcards=open%2Cclosed&allow_no_indices=false&ignore_throttled=false&timeout=15000ms] returned 2 warnings: [299 Elasticsearch-7.16.1-5b38441b16b1ebb16a27c107a4c3865776e20c53 "Elasticsearch built-in security features are not enabled. Without authentication, your cluster could be accessible to anyone. See https://www.elastic.co/guide/en/elasticsearch/reference/7.16/security-minimal-setup.html to enable security."],[299 Elasticsearch-7.16.1-5b38441b16b1ebb16a27c107a4c3865776e20c53 "[ignore_throttled] parameter is deprecated because frozen indices have been deprecated. Consider cold or frozen tiers in place of frozen indices."]
2023-08-04 12:55:38,329 INFO  [com.dot.ContainerResource] (docker-java-stream-824381349) STDOUT: 12:55:38.329  WARN  client.RestClient - request [PUT http://elasticsearch:9200/cluster_51b0cac1ff.working_20230804125536,cluster_51b0cac1ff.live_20230804125536/_mapping?master_timeout=30s&ignore_unavailable=false&expand_wildcards=open%2Cclosed&allow_no_indices=false&ignore_throttled=false&timeout=15000ms] returned 2 warnings: [299 Elasticsearch-7.16.1-5b38441b16b1ebb16a27c107a4c3865776e20c53 "Elasticsearch built-in security features are not enabled. Without authentication, your cluster could be accessible to anyone. See https://www.elastic.co/guide/en/elasticsearch/reference/7.16/security-minimal-setup.html to enable security."],[299 Elasticsearch-7.16.1-5b38441b16b1ebb16a27c107a4c3865776e20c53 "[ignore_throttled] parameter is deprecated because frozen indices have been deprecated. Consider cold or frozen tiers in place of frozen indices."]
2023-08-04 12:55:38,396 INFO  [com.dot.ContainerResource] (docker-java-stream-824381349) STDOUT: 12:55:38.395  WARN  client.RestClient - request [PUT http://elasticsearch:9200/cluster_51b0cac1ff.working_20230804125536,cluster_51b0cac1ff.live_20230804125536/_mapping?master_timeout=30s&ignore_unavailable=false&expand_wildcards=open%2Cclosed&allow_no_indices=false&ignore_throttled=false&timeout=15000ms] returned 2 warnings: [299 Elasticsearch-7.16.1-5b38441b16b1ebb16a27c107a4c3865776e20c53 "Elasticsearch built-in security features are not enabled. Without authentication, your cluster could be accessible to anyone. See https://www.elastic.co/guide/en/elasticsearch/reference/7.16/security-minimal-setup.html to enable security."],[299 Elasticsearch-7.16.1-5b38441b16b1ebb16a27c107a4c3865776e20c53 "[ignore_throttled] parameter is deprecated because frozen indices have been deprecated. Consider cold or frozen tiers in place of frozen indices."]
2023-08-04 12:55:38,430 INFO  [com.dot.ContainerResource] (docker-java-stream-824381349) STDOUT: 12:55:38.429  INFO  db.DotCMSInitDb - Records left to index : 3
2023-08-04 12:55:38,437 INFO  [com.dot.ContainerResource] (docker-java-stream-824381349) STDOUT: 12:55:38.434  INFO  reindex.ReindexThread - --- Unpausing reindex thread 
2023-08-04 12:55:39,607 INFO  [com.dot.ContainerResource] (docker-java-stream-824381349) STDOUT: 12:55:39.607  INFO  reindex.BulkProcessorListener - -----------
2023-08-04 12:55:39,609 INFO  [com.dot.ContainerResource] (docker-java-stream-824381349) STDOUT: 12:55:39.609  INFO  reindex.BulkProcessorListener - Reindexing Server #  : 1 of 1
2023-08-04 12:55:39,610 INFO  [com.dot.ContainerResource] (docker-java-stream-824381349) STDOUT: 12:55:39.609  INFO  reindex.BulkProcessorListener - Total Indexed        : 0
2023-08-04 12:55:39,610 INFO  [com.dot.ContainerResource] (docker-java-stream-824381349) STDOUT: 12:55:39.609  INFO  reindex.BulkProcessorListener - ReindexEntries found : 3
2023-08-04 12:55:39,610 INFO  [com.dot.ContainerResource] (docker-java-stream-824381349) STDOUT: 12:55:39.609  INFO  reindex.BulkProcessorListener - BulkRequests created : 6
2023-08-04 12:55:39,611 INFO  [com.dot.ContainerResource] (docker-java-stream-824381349) STDOUT: 12:55:39.610  INFO  reindex.BulkProcessorListener - -----------
2023-08-04 12:55:40,278 INFO  [com.dot.ContainerResource] (docker-java-stream-824381349) STDOUT: 12:55:40.271  WARN  client.RestClient - request [POST http://elasticsearch:9200/_bulk?timeout=1m] returned 1 warnings: [299 Elasticsearch-7.16.1-5b38441b16b1ebb16a27c107a4c3865776e20c53 "Elasticsearch built-in security features are not enabled. Without authentication, your cluster could be accessible to anyone. See https://www.elastic.co/guide/en/elasticsearch/reference/7.16/security-minimal-setup.html to enable security."]
2023-08-04 12:55:40,431 INFO  [com.dot.ContainerResource] (docker-java-stream-824381349) STDOUT: 12:55:40.431  INFO  db.DotCMSInitDb - Records left to index : 0
2023-08-04 12:55:40,432 INFO  [com.dot.ContainerResource] (docker-java-stream-824381349) STDOUT: 12:55:40.431  INFO  reindex.ReindexThread - --- Unpausing reindex thread 
2023-08-04 12:55:40,434 INFO  [com.dot.ContainerResource] (docker-java-stream-824381349) STDOUT: 12:55:40.434  INFO  db.DotCMSInitDb - Setting up initial password.
2023-08-04 12:55:40,449 INFO  [com.dot.ContainerResource] (docker-java-stream-824381349) STDOUT: 12:55:40.448  INFO  startup.StartupTasksExecutor - Not Running Startup Tasks: Task00005LoadFixassets
2023-08-04 12:55:40,530 INFO  [com.dot.ContainerResource] (docker-java-stream-824381349) STDOUT: 12:55:40.525  INFO  startup.StartupTasksExecutor - Running Startup Tasks : Task00006CreateSystemLayout
2023-08-04 12:55:40,586 INFO  [com.dot.ContainerResource] (docker-java-stream-824381349) STDOUT: 12:55:40.585  INFO  startup.StartupTasksExecutor - Not Running Startup Tasks: Task00007RemoveSitesearchQuartzJob
2023-08-04 12:55:40,596 INFO  [com.dot.ContainerResource] (docker-java-stream-824381349) STDOUT: 12:55:40.595  INFO  startup.StartupTasksExecutor - Running Startup Tasks : Task00040CheckAnonymousUser
2023-08-04 12:55:40,697 INFO  [com.dot.ContainerResource] (docker-java-stream-824381349) STDOUT: 12:55:40.697  INFO  apps.SecretsKeyStoreHelper - KeyStore loaded successfully after `1` tries.
2023-08-04 12:55:40,697 INFO  [com.dot.ContainerResource] (docker-java-stream-824381349) STDOUT: 12:55:40.697  INFO  startup.StartupTasksExecutor - Not Running Startup Tasks: Task00050LoadAppsSecrets
2023-08-04 12:55:40,698 INFO  [com.dot.ContainerResource] (docker-java-stream-824381349) STDOUT: 12:55:40.697  INFO  startup.StartupTasksExecutor - Finishing startup tasks.
2023-08-04 12:55:40,698 INFO  [com.dot.ContainerResource] (docker-java-stream-824381349) STDOUT: 12:55:40.698  INFO  startup.StartupTasksExecutor - ---
2023-08-04 12:55:40,698 INFO  [com.dot.ContainerResource] (docker-java-stream-824381349) STDOUT: 12:55:40.698  INFO  startup.StartupTasksExecutor - 
2023-08-04 12:55:40,698 INFO  [com.dot.ContainerResource] (docker-java-stream-824381349) STDOUT: 12:55:40.698  INFO  startup.StartupTasksExecutor - Running Upgrade Tasks
2023-08-04 12:55:40,698 INFO  [com.dot.ContainerResource] (docker-java-stream-824381349) STDOUT: 12:55:40.698  INFO  startup.StartupTasksExecutor - Database version: 0
2023-08-04 12:55:41,933 INFO  [com.dot.ContainerResource] (docker-java-stream-824381349) STDOUT: 12:55:41.932  INFO  startup.StartupTasksExecutor - Database upgraded to version: 760
2023-08-04 12:55:41,933 INFO  [com.dot.ContainerResource] (docker-java-stream-824381349) STDOUT: 12:55:41.933  INFO  startup.StartupTasksExecutor - Database upgraded to version: 765
2023-08-04 12:55:41,934 INFO  [com.dot.ContainerResource] (docker-java-stream-824381349) STDOUT: 12:55:41.933  INFO  startup.StartupTasksExecutor - Database upgraded to version: 766
2023-08-04 12:55:41,934 INFO  [com.dot.ContainerResource] (docker-java-stream-824381349) STDOUT: 12:55:41.934  INFO  startup.StartupTasksExecutor - Database upgraded to version: 767
2023-08-04 12:55:41,935 INFO  [com.dot.ContainerResource] (docker-java-stream-824381349) STDOUT: 12:55:41.934  INFO  startup.StartupTasksExecutor - Database upgraded to version: 768
2023-08-04 12:55:41,935 INFO  [com.dot.ContainerResource] (docker-java-stream-824381349) STDOUT: 12:55:41.935  INFO  startup.StartupTasksExecutor - Database upgraded to version: 769
2023-08-04 12:55:41,936 INFO  [com.dot.ContainerResource] (docker-java-stream-824381349) STDOUT: 12:55:41.936  INFO  startup.StartupTasksExecutor - Database upgraded to version: 775
2023-08-04 12:55:41,937 INFO  [com.dot.ContainerResource] (docker-java-stream-824381349) STDOUT: 12:55:41.937  INFO  startup.StartupTasksExecutor - Database upgraded to version: 780
2023-08-04 12:55:41,939 INFO  [com.dot.ContainerResource] (docker-java-stream-824381349) STDOUT: 12:55:41.939  INFO  startup.StartupTasksExecutor - Database upgraded to version: 782
2023-08-04 12:55:41,940 INFO  [com.dot.ContainerResource] (docker-java-stream-824381349) STDOUT: 12:55:41.940  INFO  startup.StartupTasksExecutor - Database upgraded to version: 785
2023-08-04 12:55:41,941 INFO  [com.dot.ContainerResource] (docker-java-stream-824381349) STDOUT: 12:55:41.941  INFO  startup.StartupTasksExecutor - Database upgraded to version: 790
2023-08-04 12:55:41,942 INFO  [com.dot.ContainerResource] (docker-java-stream-824381349) STDOUT: 12:55:41.942  INFO  startup.StartupTasksExecutor - Database upgraded to version: 795
2023-08-04 12:55:41,943 INFO  [com.dot.ContainerResource] (docker-java-stream-824381349) STDOUT: 12:55:41.943  INFO  startup.StartupTasksExecutor - Database upgraded to version: 800
2023-08-04 12:55:41,944 INFO  [com.dot.ContainerResource] (docker-java-stream-824381349) STDOUT: 12:55:41.944  INFO  startup.StartupTasksExecutor - Database upgraded to version: 805
2023-08-04 12:55:41,945 INFO  [com.dot.ContainerResource] (docker-java-stream-824381349) STDOUT: 12:55:41.945  INFO  startup.StartupTasksExecutor - Database upgraded to version: 810
2023-08-04 12:55:41,946 INFO  [com.dot.ContainerResource] (docker-java-stream-824381349) STDOUT: 12:55:41.945  INFO  startup.StartupTasksExecutor - Database upgraded to version: 815
2023-08-04 12:55:41,947 INFO  [com.dot.ContainerResource] (docker-java-stream-824381349) STDOUT: 12:55:41.947  INFO  startup.StartupTasksExecutor - Database upgraded to version: 820
2023-08-04 12:55:41,948 INFO  [com.dot.ContainerResource] (docker-java-stream-824381349) STDOUT: 12:55:41.948  INFO  startup.StartupTasksExecutor - Database upgraded to version: 825
2023-08-04 12:55:41,949 INFO  [com.dot.ContainerResource] (docker-java-stream-824381349) STDOUT: 12:55:41.949  INFO  startup.StartupTasksExecutor - Database upgraded to version: 835
2023-08-04 12:55:41,950 INFO  [com.dot.ContainerResource] (docker-java-stream-824381349) STDOUT: 12:55:41.950  INFO  startup.StartupTasksExecutor - Database upgraded to version: 840
2023-08-04 12:55:41,951 INFO  [com.dot.ContainerResource] (docker-java-stream-824381349) STDOUT: 12:55:41.951  INFO  startup.StartupTasksExecutor - Database upgraded to version: 845
2023-08-04 12:55:41,952 INFO  [com.dot.ContainerResource] (docker-java-stream-824381349) STDOUT: 12:55:41.952  INFO  startup.StartupTasksExecutor - Database upgraded to version: 850
2023-08-04 12:55:41,953 INFO  [com.dot.ContainerResource] (docker-java-stream-824381349) STDOUT: 12:55:41.953  INFO  startup.StartupTasksExecutor - Database upgraded to version: 855
2023-08-04 12:55:41,955 INFO  [com.dot.ContainerResource] (docker-java-stream-824381349) STDOUT: 12:55:41.954  INFO  startup.StartupTasksExecutor - Database upgraded to version: 860
2023-08-04 12:55:41,955 INFO  [com.dot.ContainerResource] (docker-java-stream-824381349) STDOUT: 12:55:41.955  INFO  startup.StartupTasksExecutor - Database upgraded to version: 865
2023-08-04 12:55:41,956 INFO  [com.dot.ContainerResource] (docker-java-stream-824381349) STDOUT: 12:55:41.956  INFO  startup.StartupTasksExecutor - Database upgraded to version: 900
2023-08-04 12:55:41,957 INFO  [com.dot.ContainerResource] (docker-java-stream-824381349) STDOUT: 12:55:41.957  INFO  startup.StartupTasksExecutor - Database upgraded to version: 905
2023-08-04 12:55:41,958 INFO  [com.dot.ContainerResource] (docker-java-stream-824381349) STDOUT: 12:55:41.958  INFO  startup.StartupTasksExecutor - Database upgraded to version: 910
2023-08-04 12:55:41,959 INFO  [com.dot.ContainerResource] (docker-java-stream-824381349) STDOUT: 12:55:41.958  INFO  startup.StartupTasksExecutor - Database upgraded to version: 920
2023-08-04 12:55:41,960 INFO  [com.dot.ContainerResource] (docker-java-stream-824381349) STDOUT: 12:55:41.959  INFO  startup.StartupTasksExecutor - Database upgraded to version: 922
2023-08-04 12:55:41,960 INFO  [com.dot.ContainerResource] (docker-java-stream-824381349) STDOUT: 12:55:41.960  INFO  startup.StartupTasksExecutor - Database upgraded to version: 925
2023-08-04 12:55:41,961 INFO  [com.dot.ContainerResource] (docker-java-stream-824381349) STDOUT: 12:55:41.961  INFO  startup.StartupTasksExecutor - Database upgraded to version: 930
2023-08-04 12:55:41,963 INFO  [com.dot.ContainerResource] (docker-java-stream-824381349) STDOUT: 12:55:41.962  INFO  startup.StartupTasksExecutor - Database upgraded to version: 935
2023-08-04 12:55:41,963 INFO  [com.dot.ContainerResource] (docker-java-stream-824381349) STDOUT: 12:55:41.963  INFO  startup.StartupTasksExecutor - Database upgraded to version: 940
2023-08-04 12:55:41,964 INFO  [com.dot.ContainerResource] (docker-java-stream-824381349) STDOUT: 12:55:41.964  INFO  startup.StartupTasksExecutor - Database upgraded to version: 945
2023-08-04 12:55:41,966 INFO  [com.dot.ContainerResource] (docker-java-stream-824381349) STDOUT: 12:55:41.965  INFO  startup.StartupTasksExecutor - Database upgraded to version: 950
2023-08-04 12:55:41,967 INFO  [com.dot.ContainerResource] (docker-java-stream-824381349) STDOUT: 12:55:41.967  INFO  startup.StartupTasksExecutor - Database upgraded to version: 1000
2023-08-04 12:55:41,996 INFO  [com.dot.ContainerResource] (docker-java-stream-824381349) STDOUT: 12:55:41.990  INFO  startup.StartupTasksExecutor - Database upgraded to version: 1005
2023-08-04 12:55:41,996 INFO  [com.dot.ContainerResource] (docker-java-stream-824381349) STDOUT: 12:55:41.994  INFO  startup.StartupTasksExecutor - Database upgraded to version: 1015
2023-08-04 12:55:42,004 INFO  [com.dot.ContainerResource] (docker-java-stream-824381349) STDOUT: 12:55:42.000  INFO  startup.StartupTasksExecutor - Database upgraded to version: 1016
2023-08-04 12:55:42,004 INFO  [com.dot.ContainerResource] (docker-java-stream-824381349) STDOUT: 12:55:42.003  INFO  startup.StartupTasksExecutor - Database upgraded to version: 1020
2023-08-04 12:55:42,013 INFO  [com.dot.ContainerResource] (docker-java-stream-824381349) STDOUT: 12:55:42.004  INFO  startup.StartupTasksExecutor - Database upgraded to version: 1030
2023-08-04 12:55:42,013 INFO  [com.dot.ContainerResource] (docker-java-stream-824381349) STDOUT: 12:55:42.010  INFO  startup.StartupTasksExecutor - Database upgraded to version: 1035
2023-08-04 12:55:42,013 INFO  [com.dot.ContainerResource] (docker-java-stream-824381349) STDOUT: 12:55:42.012  INFO  startup.StartupTasksExecutor - Database upgraded to version: 1045
2023-08-04 12:55:42,021 INFO  [com.dot.ContainerResource] (docker-java-stream-824381349) STDOUT: 12:55:42.016  INFO  startup.StartupTasksExecutor - Database upgraded to version: 1050
2023-08-04 12:55:42,021 INFO  [com.dot.ContainerResource] (docker-java-stream-824381349) STDOUT: 12:55:42.017  INFO  startup.StartupTasksExecutor - Database upgraded to version: 1055
2023-08-04 12:55:42,021 INFO  [com.dot.ContainerResource] (docker-java-stream-824381349) STDOUT: 12:55:42.017  INFO  startup.StartupTasksExecutor - Database upgraded to version: 1060
2023-08-04 12:55:42,021 INFO  [com.dot.ContainerResource] (docker-java-stream-824381349) STDOUT: 12:55:42.019  INFO  startup.StartupTasksExecutor - Database upgraded to version: 1065
2023-08-04 12:55:42,021 INFO  [com.dot.ContainerResource] (docker-java-stream-824381349) STDOUT: 12:55:42.019  INFO  startup.StartupTasksExecutor - Database upgraded to version: 1070
2023-08-04 12:55:42,021 INFO  [com.dot.ContainerResource] (docker-java-stream-824381349) STDOUT: 12:55:42.020  INFO  startup.StartupTasksExecutor - Database upgraded to version: 1080
2023-08-04 12:55:42,021 INFO  [com.dot.ContainerResource] (docker-java-stream-824381349) STDOUT: 12:55:42.020  INFO  startup.StartupTasksExecutor - Database upgraded to version: 1085
2023-08-04 12:55:42,021 INFO  [com.dot.ContainerResource] (docker-java-stream-824381349) STDOUT: 12:55:42.021  INFO  startup.StartupTasksExecutor - Database upgraded to version: 1090
2023-08-04 12:55:42,028 INFO  [com.dot.ContainerResource] (docker-java-stream-824381349) STDOUT: 12:55:42.026  INFO  startup.StartupTasksExecutor - Database upgraded to version: 1095
2023-08-04 12:55:42,028 INFO  [com.dot.ContainerResource] (docker-java-stream-824381349) STDOUT: 12:55:42.027  INFO  startup.StartupTasksExecutor - Database upgraded to version: 1096
2023-08-04 12:55:42,028 INFO  [com.dot.ContainerResource] (docker-java-stream-824381349) STDOUT: 12:55:42.027  INFO  startup.StartupTasksExecutor - Database upgraded to version: 3000
2023-08-04 12:55:42,028 INFO  [com.dot.ContainerResource] (docker-java-stream-824381349) STDOUT: 12:55:42.028  INFO  startup.StartupTasksExecutor - Database upgraded to version: 3005
2023-08-04 12:55:42,030 INFO  [com.dot.ContainerResource] (docker-java-stream-824381349) STDOUT: 12:55:42.028  INFO  startup.StartupTasksExecutor - Database upgraded to version: 3010
2023-08-04 12:55:42,030 INFO  [com.dot.ContainerResource] (docker-java-stream-824381349) STDOUT: 12:55:42.029  INFO  startup.StartupTasksExecutor - Database upgraded to version: 3015
2023-08-04 12:55:42,033 INFO  [com.dot.ContainerResource] (docker-java-stream-824381349) STDOUT: 12:55:42.032  INFO  startup.StartupTasksExecutor - Database upgraded to version: 3020
2023-08-04 12:55:42,033 INFO  [com.dot.ContainerResource] (docker-java-stream-824381349) STDOUT: 12:55:42.033  INFO  startup.StartupTasksExecutor - Database upgraded to version: 3025
2023-08-04 12:55:42,034 INFO  [com.dot.ContainerResource] (docker-java-stream-824381349) STDOUT: 12:55:42.033  INFO  startup.StartupTasksExecutor - Database upgraded to version: 3030
2023-08-04 12:55:42,034 INFO  [com.dot.ContainerResource] (docker-java-stream-824381349) STDOUT: 12:55:42.034  INFO  startup.StartupTasksExecutor - Database upgraded to version: 3035
2023-08-04 12:55:42,035 INFO  [com.dot.ContainerResource] (docker-java-stream-824381349) STDOUT: 12:55:42.034  INFO  startup.StartupTasksExecutor - Database upgraded to version: 3040
2023-08-04 12:55:42,035 INFO  [com.dot.ContainerResource] (docker-java-stream-824381349) STDOUT: 12:55:42.035  INFO  startup.StartupTasksExecutor - Database upgraded to version: 3042
2023-08-04 12:55:42,035 INFO  [com.dot.ContainerResource] (docker-java-stream-824381349) STDOUT: 12:55:42.035  INFO  startup.StartupTasksExecutor - Database upgraded to version: 3045
2023-08-04 12:55:42,036 INFO  [com.dot.ContainerResource] (docker-java-stream-824381349) STDOUT: 12:55:42.035  INFO  startup.StartupTasksExecutor - Database upgraded to version: 3050
2023-08-04 12:55:42,036 INFO  [com.dot.ContainerResource] (docker-java-stream-824381349) STDOUT: 12:55:42.036  INFO  startup.StartupTasksExecutor - Database upgraded to version: 3055
2023-08-04 12:55:42,037 INFO  [com.dot.ContainerResource] (docker-java-stream-824381349) STDOUT: 12:55:42.036  INFO  startup.StartupTasksExecutor - Database upgraded to version: 3060
2023-08-04 12:55:42,038 INFO  [com.dot.ContainerResource] (docker-java-stream-824381349) STDOUT: 12:55:42.037  INFO  startup.StartupTasksExecutor - Database upgraded to version: 3065
2023-08-04 12:55:42,038 INFO  [com.dot.ContainerResource] (docker-java-stream-824381349) STDOUT: 12:55:42.038  INFO  startup.StartupTasksExecutor - Database upgraded to version: 3100
2023-08-04 12:55:42,049 INFO  [com.dot.ContainerResource] (docker-java-stream-824381349) STDOUT: 12:55:42.048  INFO  startup.StartupTasksExecutor - Database upgraded to version: 3105
2023-08-04 12:55:42,051 INFO  [com.dot.ContainerResource] (docker-java-stream-824381349) STDOUT: 12:55:42.049  INFO  startup.StartupTasksExecutor - Database upgraded to version: 3120
2023-08-04 12:55:42,051 INFO  [com.dot.ContainerResource] (docker-java-stream-824381349) STDOUT: 12:55:42.050  INFO  startup.StartupTasksExecutor - Database upgraded to version: 3130
2023-08-04 12:55:42,052 INFO  [com.dot.ContainerResource] (docker-java-stream-824381349) STDOUT: 12:55:42.051  INFO  startup.StartupTasksExecutor - Database upgraded to version: 3135
2023-08-04 12:55:42,052 INFO  [com.dot.ContainerResource] (docker-java-stream-824381349) STDOUT: 12:55:42.051  INFO  startup.StartupTasksExecutor - Database upgraded to version: 3140
2023-08-04 12:55:42,053 INFO  [com.dot.ContainerResource] (docker-java-stream-824381349) STDOUT: 12:55:42.052  INFO  startup.StartupTasksExecutor - Database upgraded to version: 3150
2023-08-04 12:55:42,053 INFO  [com.dot.ContainerResource] (docker-java-stream-824381349) STDOUT: 12:55:42.052  INFO  startup.StartupTasksExecutor - Database upgraded to version: 3160
2023-08-04 12:55:42,053 INFO  [com.dot.ContainerResource] (docker-java-stream-824381349) STDOUT: 12:55:42.053  INFO  startup.StartupTasksExecutor - Database upgraded to version: 3165
2023-08-04 12:55:42,053 INFO  [com.dot.ContainerResource] (docker-java-stream-824381349) STDOUT: 12:55:42.053  INFO  startup.StartupTasksExecutor - Database upgraded to version: 3500
2023-08-04 12:55:42,054 INFO  [com.dot.ContainerResource] (docker-java-stream-824381349) STDOUT: 12:55:42.053  INFO  startup.StartupTasksExecutor - Database upgraded to version: 3505
2023-08-04 12:55:42,054 INFO  [com.dot.ContainerResource] (docker-java-stream-824381349) STDOUT: 12:55:42.054  INFO  startup.StartupTasksExecutor - Database upgraded to version: 3510
2023-08-04 12:55:42,055 INFO  [com.dot.ContainerResource] (docker-java-stream-824381349) STDOUT: 12:55:42.054  INFO  startup.StartupTasksExecutor - Database upgraded to version: 3515
2023-08-04 12:55:42,055 INFO  [com.dot.ContainerResource] (docker-java-stream-824381349) STDOUT: 12:55:42.055  INFO  startup.StartupTasksExecutor - Database upgraded to version: 3520
2023-08-04 12:55:42,056 INFO  [com.dot.ContainerResource] (docker-java-stream-824381349) STDOUT: 12:55:42.055  INFO  startup.StartupTasksExecutor - Database upgraded to version: 3525
2023-08-04 12:55:42,056 INFO  [com.dot.ContainerResource] (docker-java-stream-824381349) STDOUT: 12:55:42.056  INFO  startup.StartupTasksExecutor - Database upgraded to version: 3530
2023-08-04 12:55:42,057 INFO  [com.dot.ContainerResource] (docker-java-stream-824381349) STDOUT: 12:55:42.057  INFO  startup.StartupTasksExecutor - Database upgraded to version: 3535
2023-08-04 12:55:42,061 INFO  [com.dot.ContainerResource] (docker-java-stream-824381349) STDOUT: 12:55:42.060  INFO  startup.StartupTasksExecutor - Database upgraded to version: 3540
2023-08-04 12:55:42,062 INFO  [com.dot.ContainerResource] (docker-java-stream-824381349) STDOUT: 12:55:42.061  INFO  startup.StartupTasksExecutor - Database upgraded to version: 3545
2023-08-04 12:55:42,062 INFO  [com.dot.ContainerResource] (docker-java-stream-824381349) STDOUT: 12:55:42.062  INFO  startup.StartupTasksExecutor - Database upgraded to version: 3550
2023-08-04 12:55:42,063 INFO  [com.dot.ContainerResource] (docker-java-stream-824381349) STDOUT: 12:55:42.062  INFO  startup.StartupTasksExecutor - Database upgraded to version: 3555
2023-08-04 12:55:42,064 INFO  [com.dot.ContainerResource] (docker-java-stream-824381349) STDOUT: 12:55:42.064  INFO  startup.StartupTasksExecutor - Database upgraded to version: 3560
2023-08-04 12:55:42,065 INFO  [com.dot.ContainerResource] (docker-java-stream-824381349) STDOUT: 12:55:42.064  INFO  startup.StartupTasksExecutor - Database upgraded to version: 3565
2023-08-04 12:55:42,065 INFO  [com.dot.ContainerResource] (docker-java-stream-824381349) STDOUT: 12:55:42.065  INFO  startup.StartupTasksExecutor - Database upgraded to version: 3600
2023-08-04 12:55:42,066 INFO  [com.dot.ContainerResource] (docker-java-stream-824381349) STDOUT: 12:55:42.066  INFO  startup.StartupTasksExecutor - Database upgraded to version: 3605
2023-08-04 12:55:42,067 INFO  [com.dot.ContainerResource] (docker-java-stream-824381349) STDOUT: 12:55:42.066  INFO  startup.StartupTasksExecutor - Database upgraded to version: 3700
2023-08-04 12:55:42,067 INFO  [com.dot.ContainerResource] (docker-java-stream-824381349) STDOUT: 12:55:42.067  INFO  startup.StartupTasksExecutor - Database upgraded to version: 3705
2023-08-04 12:55:42,068 INFO  [com.dot.ContainerResource] (docker-java-stream-824381349) STDOUT: 12:55:42.068  INFO  startup.StartupTasksExecutor - Database upgraded to version: 3710
2023-08-04 12:55:42,069 INFO  [com.dot.ContainerResource] (docker-java-stream-824381349) STDOUT: 12:55:42.069  INFO  startup.StartupTasksExecutor - Database upgraded to version: 3715
2023-08-04 12:55:42,070 INFO  [com.dot.ContainerResource] (docker-java-stream-824381349) STDOUT: 12:55:42.070  INFO  startup.StartupTasksExecutor - Database upgraded to version: 3720
2023-08-04 12:55:42,071 INFO  [com.dot.ContainerResource] (docker-java-stream-824381349) STDOUT: 12:55:42.071  INFO  startup.StartupTasksExecutor - Database upgraded to version: 3725
2023-08-04 12:55:42,072 INFO  [com.dot.ContainerResource] (docker-java-stream-824381349) STDOUT: 12:55:42.072  INFO  startup.StartupTasksExecutor - Database upgraded to version: 3735
2023-08-04 12:55:42,073 INFO  [com.dot.ContainerResource] (docker-java-stream-824381349) STDOUT: 12:55:42.073  INFO  startup.StartupTasksExecutor - Database upgraded to version: 3740
2023-08-04 12:55:42,074 INFO  [com.dot.ContainerResource] (docker-java-stream-824381349) STDOUT: 12:55:42.074  INFO  startup.StartupTasksExecutor - Database upgraded to version: 3745
2023-08-04 12:55:42,075 INFO  [com.dot.ContainerResource] (docker-java-stream-824381349) STDOUT: 12:55:42.075  INFO  startup.StartupTasksExecutor - Database upgraded to version: 3800
2023-08-04 12:55:42,076 INFO  [com.dot.ContainerResource] (docker-java-stream-824381349) STDOUT: 12:55:42.076  INFO  startup.StartupTasksExecutor - Database upgraded to version: 4100
2023-08-04 12:55:42,077 INFO  [com.dot.ContainerResource] (docker-java-stream-824381349) STDOUT: 12:55:42.076  INFO  startup.StartupTasksExecutor - Database upgraded to version: 4105
2023-08-04 12:55:42,078 INFO  [com.dot.ContainerResource] (docker-java-stream-824381349) STDOUT: 12:55:42.077  INFO  startup.StartupTasksExecutor - Database upgraded to version: 4110
2023-08-04 12:55:42,078 INFO  [com.dot.ContainerResource] (docker-java-stream-824381349) STDOUT: 12:55:42.078  INFO  startup.StartupTasksExecutor - Database upgraded to version: 4115
2023-08-04 12:55:42,079 INFO  [com.dot.ContainerResource] (docker-java-stream-824381349) STDOUT: 12:55:42.079  INFO  startup.StartupTasksExecutor - Database upgraded to version: 4120
2023-08-04 12:55:42,080 INFO  [com.dot.ContainerResource] (docker-java-stream-824381349) STDOUT: 12:55:42.080  INFO  startup.StartupTasksExecutor - Database upgraded to version: 4200
2023-08-04 12:55:42,081 INFO  [com.dot.ContainerResource] (docker-java-stream-824381349) STDOUT: 12:55:42.081  INFO  startup.StartupTasksExecutor - Database upgraded to version: 4205
2023-08-04 12:55:42,082 INFO  [com.dot.ContainerResource] (docker-java-stream-824381349) STDOUT: 12:55:42.082  INFO  startup.StartupTasksExecutor - Database upgraded to version: 4210
2023-08-04 12:55:42,083 INFO  [com.dot.ContainerResource] (docker-java-stream-824381349) STDOUT: 12:55:42.083  INFO  startup.StartupTasksExecutor - Database upgraded to version: 4215
2023-08-04 12:55:42,084 INFO  [com.dot.ContainerResource] (docker-java-stream-824381349) STDOUT: 12:55:42.084  INFO  startup.StartupTasksExecutor - Database upgraded to version: 4220
2023-08-04 12:55:42,085 INFO  [com.dot.ContainerResource] (docker-java-stream-824381349) STDOUT: 12:55:42.085  INFO  startup.StartupTasksExecutor - Database upgraded to version: 4230
2023-08-04 12:55:42,086 INFO  [com.dot.ContainerResource] (docker-java-stream-824381349) STDOUT: 12:55:42.085  INFO  startup.StartupTasksExecutor - Database upgraded to version: 4235
2023-08-04 12:55:42,086 INFO  [com.dot.ContainerResource] (docker-java-stream-824381349) STDOUT: 12:55:42.086  INFO  startup.StartupTasksExecutor - Database upgraded to version: 4300
2023-08-04 12:55:42,088 INFO  [com.dot.ContainerResource] (docker-java-stream-824381349) STDOUT: 12:55:42.088  INFO  startup.StartupTasksExecutor - Database upgraded to version: 4305
2023-08-04 12:55:42,089 INFO  [com.dot.ContainerResource] (docker-java-stream-824381349) STDOUT: 12:55:42.089  INFO  startup.StartupTasksExecutor - Database upgraded to version: 4310
2023-08-04 12:55:42,090 INFO  [com.dot.ContainerResource] (docker-java-stream-824381349) STDOUT: 12:55:42.089  INFO  startup.StartupTasksExecutor - Database upgraded to version: 4315
2023-08-04 12:55:42,090 INFO  [com.dot.ContainerResource] (docker-java-stream-824381349) STDOUT: 12:55:42.090  INFO  startup.StartupTasksExecutor - Database upgraded to version: 4320
2023-08-04 12:55:42,091 INFO  [com.dot.ContainerResource] (docker-java-stream-824381349) STDOUT: 12:55:42.091  INFO  startup.StartupTasksExecutor - Database upgraded to version: 4330
2023-08-04 12:55:42,092 INFO  [com.dot.ContainerResource] (docker-java-stream-824381349) STDOUT: 12:55:42.092  INFO  startup.StartupTasksExecutor - Database upgraded to version: 4335
2023-08-04 12:55:42,093 INFO  [com.dot.ContainerResource] (docker-java-stream-824381349) STDOUT: 12:55:42.093  INFO  startup.StartupTasksExecutor - Database upgraded to version: 4340
2023-08-04 12:55:42,094 INFO  [com.dot.ContainerResource] (docker-java-stream-824381349) STDOUT: 12:55:42.094  INFO  startup.StartupTasksExecutor - Database upgraded to version: 4345
2023-08-04 12:55:42,096 INFO  [com.dot.ContainerResource] (docker-java-stream-824381349) STDOUT: 12:55:42.096  INFO  startup.StartupTasksExecutor - Database upgraded to version: 4350
2023-08-04 12:55:42,097 INFO  [com.dot.ContainerResource] (docker-java-stream-824381349) STDOUT: 12:55:42.096  INFO  startup.StartupTasksExecutor - Database upgraded to version: 4355
2023-08-04 12:55:42,097 INFO  [com.dot.ContainerResource] (docker-java-stream-824381349) STDOUT: 12:55:42.097  INFO  startup.StartupTasksExecutor - Database upgraded to version: 4360
2023-08-04 12:55:42,099 INFO  [com.dot.ContainerResource] (docker-java-stream-824381349) STDOUT: 12:55:42.098  INFO  startup.StartupTasksExecutor - Database upgraded to version: 4365
2023-08-04 12:55:42,101 INFO  [com.dot.ContainerResource] (docker-java-stream-824381349) STDOUT: 12:55:42.100  INFO  startup.StartupTasksExecutor - Database upgraded to version: 4370
2023-08-04 12:55:42,102 INFO  [com.dot.ContainerResource] (docker-java-stream-824381349) STDOUT: 12:55:42.102  INFO  startup.StartupTasksExecutor - Database upgraded to version: 4375
2023-08-04 12:55:42,103 INFO  [com.dot.ContainerResource] (docker-java-stream-824381349) STDOUT: 12:55:42.103  INFO  startup.StartupTasksExecutor - Database upgraded to version: 4380
2023-08-04 12:55:42,105 INFO  [com.dot.ContainerResource] (docker-java-stream-824381349) STDOUT: 12:55:42.105  INFO  startup.StartupTasksExecutor - Database upgraded to version: 4385
2023-08-04 12:55:42,106 INFO  [com.dot.ContainerResource] (docker-java-stream-824381349) STDOUT: 12:55:42.106  INFO  startup.StartupTasksExecutor - Database upgraded to version: 4390
2023-08-04 12:55:42,108 INFO  [com.dot.ContainerResource] (docker-java-stream-824381349) STDOUT: 12:55:42.108  INFO  startup.StartupTasksExecutor - Database upgraded to version: 5030
2023-08-04 12:55:42,110 INFO  [com.dot.ContainerResource] (docker-java-stream-824381349) STDOUT: 12:55:42.110  INFO  startup.StartupTasksExecutor - Database upgraded to version: 5035
2023-08-04 12:55:42,111 INFO  [com.dot.ContainerResource] (docker-java-stream-824381349) STDOUT: 12:55:42.111  INFO  startup.StartupTasksExecutor - Database upgraded to version: 5040
2023-08-04 12:55:42,112 INFO  [com.dot.ContainerResource] (docker-java-stream-824381349) STDOUT: 12:55:42.112  INFO  startup.StartupTasksExecutor - Database upgraded to version: 5050
2023-08-04 12:55:42,114 INFO  [com.dot.ContainerResource] (docker-java-stream-824381349) STDOUT: 12:55:42.114  INFO  startup.StartupTasksExecutor - Database upgraded to version: 5060
2023-08-04 12:55:42,115 INFO  [com.dot.ContainerResource] (docker-java-stream-824381349) STDOUT: 12:55:42.115  INFO  startup.StartupTasksExecutor - Database upgraded to version: 5070
2023-08-04 12:55:42,116 INFO  [com.dot.ContainerResource] (docker-java-stream-824381349) STDOUT: 12:55:42.116  INFO  startup.StartupTasksExecutor - Database upgraded to version: 5080
2023-08-04 12:55:42,117 INFO  [com.dot.ContainerResource] (docker-java-stream-824381349) STDOUT: 12:55:42.117  INFO  startup.StartupTasksExecutor - Database upgraded to version: 5150
2023-08-04 12:55:42,118 INFO  [com.dot.ContainerResource] (docker-java-stream-824381349) STDOUT: 12:55:42.118  INFO  startup.StartupTasksExecutor - Database upgraded to version: 5160
2023-08-04 12:55:42,119 INFO  [com.dot.ContainerResource] (docker-java-stream-824381349) STDOUT: 12:55:42.118  INFO  startup.StartupTasksExecutor - Database upgraded to version: 5165
2023-08-04 12:55:42,120 INFO  [com.dot.ContainerResource] (docker-java-stream-824381349) STDOUT: 12:55:42.119  INFO  startup.StartupTasksExecutor - Database upgraded to version: 5170
2023-08-04 12:55:42,120 INFO  [com.dot.ContainerResource] (docker-java-stream-824381349) STDOUT: 12:55:42.120  INFO  startup.StartupTasksExecutor - Database upgraded to version: 5175
2023-08-04 12:55:42,122 INFO  [com.dot.ContainerResource] (docker-java-stream-824381349) STDOUT: 12:55:42.121  INFO  startup.StartupTasksExecutor - Database upgraded to version: 5180
2023-08-04 12:55:42,123 INFO  [com.dot.ContainerResource] (docker-java-stream-824381349) STDOUT: 12:55:42.122  INFO  startup.StartupTasksExecutor - Database upgraded to version: 5190
2023-08-04 12:55:42,124 INFO  [com.dot.ContainerResource] (docker-java-stream-824381349) STDOUT: 12:55:42.123  INFO  startup.StartupTasksExecutor - Database upgraded to version: 5195
2023-08-04 12:55:42,124 INFO  [com.dot.ContainerResource] (docker-java-stream-824381349) STDOUT: 12:55:42.124  INFO  startup.StartupTasksExecutor - Database upgraded to version: 5200
2023-08-04 12:55:42,125 INFO  [com.dot.ContainerResource] (docker-java-stream-824381349) STDOUT: 12:55:42.125  INFO  startup.StartupTasksExecutor - Database upgraded to version: 5210
2023-08-04 12:55:42,126 INFO  [com.dot.ContainerResource] (docker-java-stream-824381349) STDOUT: 12:55:42.126  INFO  startup.StartupTasksExecutor - Database upgraded to version: 5215
2023-08-04 12:55:42,127 INFO  [com.dot.ContainerResource] (docker-java-stream-824381349) STDOUT: 12:55:42.127  INFO  startup.StartupTasksExecutor - Database upgraded to version: 5220
2023-08-04 12:55:42,128 INFO  [com.dot.ContainerResource] (docker-java-stream-824381349) STDOUT: 12:55:42.128  INFO  startup.StartupTasksExecutor - Database upgraded to version: 5225
2023-08-04 12:55:42,129 INFO  [com.dot.ContainerResource] (docker-java-stream-824381349) STDOUT: 12:55:42.129  INFO  startup.StartupTasksExecutor - Database upgraded to version: 5300
2023-08-04 12:55:42,130 INFO  [com.dot.ContainerResource] (docker-java-stream-824381349) STDOUT: 12:55:42.129  INFO  startup.StartupTasksExecutor - Database upgraded to version: 5305
2023-08-04 12:55:42,130 INFO  [com.dot.ContainerResource] (docker-java-stream-824381349) STDOUT: 12:55:42.130  INFO  startup.StartupTasksExecutor - Database upgraded to version: 5350
2023-08-04 12:55:42,131 INFO  [com.dot.ContainerResource] (docker-java-stream-824381349) STDOUT: 12:55:42.131  INFO  startup.StartupTasksExecutor - Database upgraded to version: 5370
2023-08-04 12:55:42,132 INFO  [com.dot.ContainerResource] (docker-java-stream-824381349) STDOUT: 12:55:42.132  INFO  startup.StartupTasksExecutor - Database upgraded to version: 5380
2023-08-04 12:55:42,133 INFO  [com.dot.ContainerResource] (docker-java-stream-824381349) STDOUT: 12:55:42.133  INFO  startup.StartupTasksExecutor - Database upgraded to version: 5390
2023-08-04 12:55:42,134 INFO  [com.dot.ContainerResource] (docker-java-stream-824381349) STDOUT: 12:55:42.133  INFO  startup.StartupTasksExecutor - Database upgraded to version: 5395
2023-08-04 12:55:42,134 INFO  [com.dot.ContainerResource] (docker-java-stream-824381349) STDOUT: 12:55:42.134  INFO  startup.StartupTasksExecutor - Database upgraded to version: 201013
2023-08-04 12:55:42,135 INFO  [com.dot.ContainerResource] (docker-java-stream-824381349) STDOUT: 12:55:42.135  INFO  startup.StartupTasksExecutor - Database upgraded to version: 201014
2023-08-04 12:55:42,136 INFO  [com.dot.ContainerResource] (docker-java-stream-824381349) STDOUT: 12:55:42.136  INFO  startup.StartupTasksExecutor - Database upgraded to version: 201102
2023-08-04 12:55:42,137 INFO  [com.dot.ContainerResource] (docker-java-stream-824381349) STDOUT: 12:55:42.137  INFO  startup.StartupTasksExecutor - Database upgraded to version: 210218
2023-08-04 12:55:42,138 INFO  [com.dot.ContainerResource] (docker-java-stream-824381349) STDOUT: 12:55:42.138  INFO  startup.StartupTasksExecutor - Database upgraded to version: 210316
2023-08-04 12:55:42,139 INFO  [com.dot.ContainerResource] (docker-java-stream-824381349) STDOUT: 12:55:42.138  INFO  startup.StartupTasksExecutor - Database upgraded to version: 210319
2023-08-04 12:55:42,139 INFO  [com.dot.ContainerResource] (docker-java-stream-824381349) STDOUT: 12:55:42.139  INFO  startup.StartupTasksExecutor - Database upgraded to version: 210321
2023-08-04 12:55:42,140 INFO  [com.dot.ContainerResource] (docker-java-stream-824381349) STDOUT: 12:55:42.139  INFO  startup.StartupTasksExecutor - Database upgraded to version: 210506
2023-08-04 12:55:42,140 INFO  [com.dot.ContainerResource] (docker-java-stream-824381349) STDOUT: 12:55:42.140  INFO  startup.StartupTasksExecutor - Database upgraded to version: 210510
2023-08-04 12:55:42,142 INFO  [com.dot.ContainerResource] (docker-java-stream-824381349) STDOUT: 12:55:42.141  INFO  startup.StartupTasksExecutor - Database upgraded to version: 210520
2023-08-04 12:55:42,142 INFO  [com.dot.ContainerResource] (docker-java-stream-824381349) STDOUT: 12:55:42.141  INFO  startup.StartupTasksExecutor - Database upgraded to version: 210527
2023-08-04 12:55:42,142 INFO  [com.dot.ContainerResource] (docker-java-stream-824381349) STDOUT: 12:55:42.142  INFO  startup.StartupTasksExecutor - Database upgraded to version: 210719
2023-08-04 12:55:42,143 INFO  [com.dot.ContainerResource] (docker-java-stream-824381349) STDOUT: 12:55:42.143  INFO  startup.StartupTasksExecutor - Database upgraded to version: 210802
2023-08-04 12:55:42,144 INFO  [com.dot.ContainerResource] (docker-java-stream-824381349) STDOUT: 12:55:42.144  INFO  startup.StartupTasksExecutor - Database upgraded to version: 210805
2023-08-04 12:55:42,147 INFO  [com.dot.ContainerResource] (docker-java-stream-824381349) STDOUT: 12:55:42.146  INFO  startup.StartupTasksExecutor - Database upgraded to version: 210816
2023-08-04 12:55:42,148 INFO  [com.dot.ContainerResource] (docker-java-stream-824381349) STDOUT: 12:55:42.147  INFO  startup.StartupTasksExecutor - Database upgraded to version: 210901
2023-08-04 12:55:42,149 INFO  [com.dot.ContainerResource] (docker-java-stream-824381349) STDOUT: 12:55:42.149  INFO  startup.StartupTasksExecutor - Database upgraded to version: 211007
2023-08-04 12:55:42,150 INFO  [com.dot.ContainerResource] (docker-java-stream-824381349) STDOUT: 12:55:42.150  INFO  startup.StartupTasksExecutor - Database upgraded to version: 211012
2023-08-04 12:55:42,151 INFO  [com.dot.ContainerResource] (docker-java-stream-824381349) STDOUT: 12:55:42.150  INFO  startup.StartupTasksExecutor - Database upgraded to version: 211020
2023-08-04 12:55:42,151 INFO  [com.dot.ContainerResource] (docker-java-stream-824381349) STDOUT: 12:55:42.151  INFO  startup.StartupTasksExecutor - Database upgraded to version: 211101
2023-08-04 12:55:42,152 INFO  [com.dot.ContainerResource] (docker-java-stream-824381349) STDOUT: 12:55:42.152  INFO  startup.StartupTasksExecutor - Database upgraded to version: 211103
2023-08-04 12:55:42,153 INFO  [com.dot.ContainerResource] (docker-java-stream-824381349) STDOUT: 12:55:42.153  INFO  startup.StartupTasksExecutor - Database upgraded to version: 220202
2023-08-04 12:55:42,154 INFO  [com.dot.ContainerResource] (docker-java-stream-824381349) STDOUT: 12:55:42.153  INFO  startup.StartupTasksExecutor - Database upgraded to version: 220203
2023-08-04 12:55:42,155 INFO  [com.dot.ContainerResource] (docker-java-stream-824381349) STDOUT: 12:55:42.154  INFO  startup.StartupTasksExecutor - Database upgraded to version: 220214
2023-08-04 12:55:42,155 INFO  [com.dot.ContainerResource] (docker-java-stream-824381349) STDOUT: 12:55:42.155  INFO  startup.StartupTasksExecutor - Database upgraded to version: 220215
2023-08-04 12:55:42,156 INFO  [com.dot.ContainerResource] (docker-java-stream-824381349) STDOUT: 12:55:42.156  INFO  startup.StartupTasksExecutor - Database upgraded to version: 220330
2023-08-04 12:55:42,157 INFO  [com.dot.ContainerResource] (docker-java-stream-824381349) STDOUT: 12:55:42.157  INFO  startup.StartupTasksExecutor - Database upgraded to version: 220401
2023-08-04 12:55:42,159 INFO  [com.dot.ContainerResource] (docker-java-stream-824381349) STDOUT: 12:55:42.159  INFO  startup.StartupTasksExecutor - Database upgraded to version: 220402
2023-08-04 12:55:42,160 INFO  [com.dot.ContainerResource] (docker-java-stream-824381349) STDOUT: 12:55:42.160  INFO  startup.StartupTasksExecutor - Database upgraded to version: 220413
2023-08-04 12:55:42,161 INFO  [com.dot.ContainerResource] (docker-java-stream-824381349) STDOUT: 12:55:42.161  INFO  startup.StartupTasksExecutor - Database upgraded to version: 220512
2023-08-04 12:55:42,162 INFO  [com.dot.ContainerResource] (docker-java-stream-824381349) STDOUT: 12:55:42.161  INFO  startup.StartupTasksExecutor - Database upgraded to version: 220606
2023-08-04 12:55:42,162 INFO  [com.dot.ContainerResource] (docker-java-stream-824381349) STDOUT: 12:55:42.162  INFO  startup.StartupTasksExecutor - Database upgraded to version: 220822
2023-08-04 12:55:42,163 INFO  [com.dot.ContainerResource] (docker-java-stream-824381349) STDOUT: 12:55:42.163  INFO  startup.StartupTasksExecutor - Database upgraded to version: 220824
2023-08-04 12:55:42,164 INFO  [com.dot.ContainerResource] (docker-java-stream-824381349) STDOUT: 12:55:42.164  INFO  startup.StartupTasksExecutor - Database upgraded to version: 220825
2023-08-04 12:55:42,165 INFO  [com.dot.ContainerResource] (docker-java-stream-824381349) STDOUT: 12:55:42.165  INFO  startup.StartupTasksExecutor - Database upgraded to version: 220829
2023-08-04 12:55:42,166 INFO  [com.dot.ContainerResource] (docker-java-stream-824381349) STDOUT: 12:55:42.166  INFO  startup.StartupTasksExecutor - Database upgraded to version: 220912
2023-08-04 12:55:42,167 INFO  [com.dot.ContainerResource] (docker-java-stream-824381349) STDOUT: 12:55:42.166  INFO  startup.StartupTasksExecutor - Database upgraded to version: 220928
2023-08-04 12:55:42,167 INFO  [com.dot.ContainerResource] (docker-java-stream-824381349) STDOUT: 12:55:42.167  INFO  startup.StartupTasksExecutor - Database upgraded to version: 221007
2023-08-04 12:55:42,168 INFO  [com.dot.ContainerResource] (docker-java-stream-824381349) STDOUT: 12:55:42.168  INFO  startup.StartupTasksExecutor - Database upgraded to version: 221018
2023-08-04 12:55:42,169 INFO  [com.dot.ContainerResource] (docker-java-stream-824381349) STDOUT: 12:55:42.169  INFO  startup.StartupTasksExecutor - Database upgraded to version: 230110
2023-08-04 12:55:42,170 INFO  [com.dot.ContainerResource] (docker-java-stream-824381349) STDOUT: 12:55:42.170  INFO  startup.StartupTasksExecutor - Database upgraded to version: 230119
2023-08-04 12:55:42,171 INFO  [com.dot.ContainerResource] (docker-java-stream-824381349) STDOUT: 12:55:42.171  INFO  startup.StartupTasksExecutor - Database upgraded to version: 230328
2023-08-04 12:55:42,172 INFO  [com.dot.ContainerResource] (docker-java-stream-824381349) STDOUT: 12:55:42.172  INFO  startup.StartupTasksExecutor - Database upgraded to version: 230426
2023-08-04 12:55:42,173 INFO  [com.dot.ContainerResource] (docker-java-stream-824381349) STDOUT: 12:55:42.173  INFO  startup.StartupTasksExecutor - Database upgraded to version: 230523
2023-08-04 12:55:42,174 INFO  [com.dot.ContainerResource] (docker-java-stream-824381349) STDOUT: 12:55:42.174  INFO  startup.StartupTasksExecutor - Database upgraded to version: 230630
2023-08-04 12:55:42,175 INFO  [com.dot.ContainerResource] (docker-java-stream-824381349) STDOUT: 12:55:42.175  INFO  startup.StartupTasksExecutor - Database upgraded to version: 230701
2023-08-04 12:55:42,176 INFO  [com.dot.ContainerResource] (docker-java-stream-824381349) STDOUT: 12:55:42.175  INFO  startup.StartupTasksExecutor - Database upgraded to version: 230707
2023-08-04 12:55:42,176 INFO  [com.dot.ContainerResource] (docker-java-stream-824381349) STDOUT: 12:55:42.176  INFO  startup.StartupTasksExecutor - Database upgraded to version: 230713
2023-08-04 12:55:42,177 INFO  [com.dot.ContainerResource] (docker-java-stream-824381349) STDOUT: 12:55:42.176  INFO  reindex.ReindexThread - --- Unpausing reindex thread 
2023-08-04 12:55:42,177 INFO  [com.dot.ContainerResource] (docker-java-stream-824381349) STDOUT: 12:55:42.177  INFO  startup.StartupTasksExecutor - Finishing upgrade tasks.
2023-08-04 12:55:42,177 INFO  [com.dot.ContainerResource] (docker-java-stream-824381349) STDOUT: 12:55:42.177  INFO  startup.StartupTasksExecutor - Running Backported Tasks
2023-08-04 12:55:42,177 INFO  [com.dot.ContainerResource] (docker-java-stream-824381349) STDOUT: 12:55:42.177  INFO  startup.StartupTasksExecutor - Finishing Backported tasks.
2023-08-04 12:55:42,195 INFO  [com.dot.ContainerResource] (docker-java-stream-824381349) STDOUT: 12:55:42.195  INFO  util.Config - Setting property: CACHE_BINDPORT to 5701
2023-08-04 12:55:42,204 INFO  [com.dot.ContainerResource] (docker-java-stream-824381349) STDOUT: 12:55:42.204  INFO  cluster.ClusterFactory - Cluster topography has changed. This might force a rewire
2023-08-04 12:55:42,205 INFO  [com.dot.ContainerResource] (docker-java-stream-824381349) STDOUT: 12:55:42.204  INFO  cluster.ClusterFactory - Expecting Servers:[]
2023-08-04 12:55:42,217 INFO  [com.dot.ContainerResource] (docker-java-stream-824381349) STDOUT: 12:55:42.217  INFO  cluster.ClusterFactory - Found Servers:[server={serverId=3222fa96-4910-4bab-8f7c-4afa7cd57c97, clusterId=51b0cac1ff, ipAddress=172.18.0.4, host=null, name=618a5a3f482b, esTransportTcpPort=null, esNetworkPort=null, esHttpPort=9200, cachePort=5701, lastHeartBeat=1691153742201, key=null, licenseSerial=1cfc7c95-9fe0-4dcb-abe7-c31b9f0517fd, startupTime=0}]
2023-08-04 12:55:42,217 INFO  [com.dot.ContainerResource] (docker-java-stream-824381349) STDOUT: 12:55:42.217  INFO  cluster.ClusterFactory - Cluster Active. Rewiring
2023-08-04 12:55:42,219 INFO  [com.dot.ContainerResource] (docker-java-stream-824381349) STDOUT: 12:55:42.219  INFO  business.ChainableCacheAdministratorImpl - ***	 Cluster Update
2023-08-04 12:55:42,219 INFO  [com.dot.ContainerResource] (docker-java-stream-824381349) STDOUT: 12:55:42.219  INFO  transport.PubSubCacheTransport - initing PubSubCacheTransport
2023-08-04 12:55:42,221 INFO  [com.dot.ContainerResource] (docker-java-stream-824381349) STDOUT: 12:55:42.221  INFO  dotpubsub.PostgresPubSubImpl - Starting PostgresPubSub. Have servers:1
2023-08-04 12:55:42,222 INFO  [com.dot.ContainerResource] (docker-java-stream-824381349) STDOUT: 12:55:42.221  INFO  dotpubsub.PostgresPubSubImpl - PGNotificationListener connecting to pub/sub...
2023-08-04 12:55:43,100 INFO  [com.dot.ContainerResource] (docker-java-stream-824381349) STDOUT: 12:55:43.100  INFO  dotpubsub.PostgresPubSubImpl -  - LISTEN dotcache_topic
2023-08-04 12:55:43,117 INFO  [com.dot.ContainerResource] (docker-java-stream-824381349) STDOUT: 12:55:43.117  INFO  transport.PubSubCacheTransport - Sending PING to cluster 
2023-08-04 12:55:43,132 INFO  [com.dot.ContainerResource] (docker-java-stream-824381349) STDOUT: 12:55:43.132  INFO  license.LicenseManager - Updating server 3222fa96-4910-4bab-8f7c-4afa7cd57c97 start time to 1691153679633
2023-08-04 12:55:43,137 INFO  [com.dot.ContainerResource] (docker-java-stream-824381349) STDOUT: 12:55:43.137  INFO  transport.CacheTransportTopic - Got PING from server:3222fa9649. sending PONG
2023-08-04 12:55:43,139 INFO  [com.dot.ContainerResource] (docker-java-stream-824381349) STDOUT: 12:55:43.139  INFO  servlet.MainServlet - SuppressPropertiesBeanIntrospector enabled for legacy Struts applications
2023-08-04 12:55:43,140 INFO  [com.dot.ContainerResource] (docker-java-stream-824381349) STDOUT: 12:55:43.140  INFO  transport.CacheTransportTopic - Got PONG from server:{"t":"PONG","top":"dotcache_topic","o":"3222fa9649"}.
2023-08-04 12:55:43,444 INFO  [com.dot.ContainerResource] (docker-java-stream-824381349) STDOUT: 12:55:43.444  INFO  config.DotInitializationService - Initializing DotCMS services
2023-08-04 12:55:43,445 INFO  [com.dot.ContainerResource] (docker-java-stream-824381349) STDOUT: 12:55:43.445  INFO  config.DotInitializationService - Initializing :com.dotcms.api.system.event.SystemEventProcessorFactoryInitializer
2023-08-04 12:55:43,448 INFO  [com.dot.ContainerResource] (docker-java-stream-824381349) STDOUT: 12:55:43.447  INFO  config.DotInitializationService - Initializing Done:com.dotcms.api.system.event.SystemEventProcessorFactoryInitializer, duration:0 seconds
2023-08-04 12:55:43,448 INFO  [com.dot.ContainerResource] (docker-java-stream-824381349) STDOUT: 12:55:43.448  INFO  config.DotInitializationService - Initializing :com.dotcms.api.system.event.PayloadVerifierFactoryInitializer
2023-08-04 12:55:43,455 INFO  [com.dot.ContainerResource] (docker-java-stream-824381349) STDOUT: 12:55:43.455  INFO  config.DotInitializationService - Initializing Done:com.dotcms.api.system.event.PayloadVerifierFactoryInitializer, duration:0 seconds
2023-08-04 12:55:43,457 INFO  [com.dot.ContainerResource] (docker-java-stream-824381349) STDOUT: 12:55:43.455  INFO  config.DotInitializationService - Initializing :com.dotcms.system.event.local.business.LocalSystemEventSubscribersInitializer
2023-08-04 12:55:43,682 INFO  [com.dot.ContainerResource] (docker-java-stream-824381349) STDOUT: 12:55:43.681  INFO  config.DotInitializationService - Initializing Done:com.dotcms.system.event.local.business.LocalSystemEventSubscribersInitializer, duration:0 seconds
2023-08-04 12:55:43,682 INFO  [com.dot.ContainerResource] (docker-java-stream-824381349) STDOUT: 12:55:43.681  INFO  config.DotInitializationService - Initializing :com.dotmarketing.portlets.personas.business.PersonaAPIImpl
2023-08-04 12:55:43,689 INFO  [com.dot.ContainerResource] (docker-java-stream-824381349) STDOUT: 12:55:43.689  INFO  config.DotInitializationService - Initializing Done:com.dotmarketing.portlets.personas.business.PersonaAPIImpl, duration:0 seconds
2023-08-04 12:55:43,690 INFO  [com.dot.ContainerResource] (docker-java-stream-824381349) STDOUT: 12:55:43.689  INFO  config.DotInitializationService - Initializing :com.dotcms.rendering.velocity.events.ExceptionHandlersInitializer
2023-08-04 12:55:43,695 INFO  [com.dot.ContainerResource] (docker-java-stream-824381349) STDOUT: 12:55:43.695  INFO  config.DotInitializationService - Initializing Done:com.dotcms.rendering.velocity.events.ExceptionHandlersInitializer, duration:0 seconds
2023-08-04 12:55:43,697 INFO  [com.dot.ContainerResource] (docker-java-stream-824381349) STDOUT: 12:55:43.695  INFO  config.DotInitializationService - Initializing :com.dotcms.publishing.PublisherAPIImpl
2023-08-04 12:55:43,701 INFO  [com.dot.ContainerResource] (docker-java-stream-824381349) STDOUT: 12:55:43.701  INFO  publishing.PublisherAPIImpl - Push Publishing Filters directory does not exist. Creating it under: /data/shared/assets/server/publishing-filters
2023-08-04 12:55:43,704 INFO  [com.dot.ContainerResource] (docker-java-stream-824381349) STDOUT: 12:55:43.704  INFO  publishing.PublisherAPIImpl - dotcms filters files copied
2023-08-04 12:55:43,705 INFO  [com.dot.ContainerResource] (docker-java-stream-824381349) STDOUT: 12:55:43.704  INFO  publishing.PublisherAPIImpl - Push Publishing Filters Directory: Lazy(/data/shared/assets/server/publishing-filters)
2023-08-04 12:55:43,711 INFO  [com.dot.ContainerResource] (docker-java-stream-824381349) STDOUT: 12:55:43.711  INFO  publishing.PublisherAPIImpl - Loading Push Publish Filter: Intelligent.yml
2023-08-04 12:55:43,811 INFO  [com.dot.ContainerResource] (docker-java-stream-824381349) STDOUT: 12:55:43.810  INFO  publishing.PublisherAPIImpl - FilterDescriptor{key=Intelligent.yml, title=Everything and Dependencies, sort=3, default=true, roles=DOTCMS_BACK_END_USER, filters{{excludeQuery=, excludeClasses=[], dependencies=true, excludeDependencyQuery=, excludeDependencyClasses=[], forcePush=false, relationships=true}}}
2023-08-04 12:55:43,813 INFO  [com.dot.ContainerResource] (docker-java-stream-824381349) STDOUT: 12:55:43.813  INFO  publishing.PublisherAPIImpl - Loading Push Publish Filter: ContentOnly.yml
2023-08-04 12:55:43,819 INFO  [com.dot.ContainerResource] (docker-java-stream-824381349) STDOUT: 12:55:43.819  INFO  publishing.PublisherAPIImpl - FilterDescriptor{key=ContentOnly.yml, title=Content and Relationships, sort=1, default=false, roles=DOTCMS_BACK_END_USER, filters{{excludeQuery=, excludeClasses=[ContentType, Template, Containers, Folder, Host, Links, Workflow, Language, Rule, User, OSGI], dependencies=true, excludeDependencyQuery=, excludeDependencyClasses=[ContentType, Template, Containers, Folder, Host, Links, Workflow, Language, Rule], forcePush=false, relationships=true}}}
2023-08-04 12:55:43,826 INFO  [com.dot.ContainerResource] (docker-java-stream-824381349) STDOUT: 12:55:43.824  INFO  publishing.PublisherAPIImpl - Loading Push Publish Filter: ShallowPush.yml
2023-08-04 12:55:43,828 INFO  [com.dot.ContainerResource] (docker-java-stream-824381349) STDOUT: 12:55:43.828  INFO  publishing.PublisherAPIImpl - FilterDescriptor{key=ShallowPush.yml, title=Only Selected Items, sort=5, default=false, roles=DOTCMS_BACK_END_USER, filters{{excludeQuery=, excludeClasses=[], dependencies=false, excludeDependencyQuery=, excludeDependencyClasses=[], forcePush=false, relationships=false}}}
2023-08-04 12:55:43,828 INFO  [com.dot.ContainerResource] (docker-java-stream-824381349) STDOUT: 12:55:43.828  INFO  publishing.PublisherAPIImpl - Loading Push Publish Filter: WebContentOnly.yml
2023-08-04 12:55:43,833 INFO  [com.dot.ContainerResource] (docker-java-stream-824381349) STDOUT: 12:55:43.832  INFO  publishing.PublisherAPIImpl - FilterDescriptor{key=WebContentOnly.yml, title=Content, Assets and Pages, sort=2, default=false, roles=DOTCMS_BACK_END_USER, filters{{excludeQuery=, excludeClasses=[Host, Workflow, ContentType, User, OSGI, Language], dependencies=true, excludeDependencyQuery=, excludeDependencyClasses=[Host, Workflow, ContentType, Language], forcePush=false, relationships=true}}}
2023-08-04 12:55:43,833 INFO  [com.dot.ContainerResource] (docker-java-stream-824381349) STDOUT: 12:55:43.833  INFO  publishing.PublisherAPIImpl - Loading Push Publish Filter: ForcePush.yml
2023-08-04 12:55:43,836 INFO  [com.dot.ContainerResource] (docker-java-stream-824381349) STDOUT: 12:55:43.835  INFO  publishing.PublisherAPIImpl - FilterDescriptor{key=ForcePush.yml, title=Force Push Everything, sort=4, default=false, roles=DOTCMS_BACK_END_USER, filters{{excludeQuery=, excludeClasses=[], dependencies=true, excludeDependencyQuery=, excludeDependencyClasses=[], forcePush=true, relationships=true}}}
2023-08-04 12:55:43,836 INFO  [com.dot.ContainerResource] (docker-java-stream-824381349) STDOUT: 12:55:43.836  INFO  config.DotInitializationService - Initializing Done:com.dotcms.publishing.PublisherAPIImpl, duration:0 seconds
2023-08-04 12:55:43,837 INFO  [com.dot.ContainerResource] (docker-java-stream-824381349) STDOUT: 12:55:43.836  INFO  config.DotInitializationService - Initializing :com.dotmarketing.portlets.containers.business.ContainerAPIImpl
2023-08-04 12:55:43,839 INFO  [com.dot.ContainerResource] (docker-java-stream-824381349) STDOUT: 12:55:43.839  INFO  config.DotInitializationService - Initializing Done:com.dotmarketing.portlets.containers.business.ContainerAPIImpl, duration:0 seconds
2023-08-04 12:55:43,840 INFO  [com.dot.ContainerResource] (docker-java-stream-824381349) STDOUT: 12:55:43.839  INFO  config.DotInitializationService - Initializing :com.dotmarketing.business.ThemeAPIImpl
2023-08-04 12:55:43,842 INFO  [com.dot.ContainerResource] (docker-java-stream-824381349) STDOUT: 12:55:43.841  INFO  config.DotInitializationService - Initializing Done:com.dotmarketing.business.ThemeAPIImpl, duration:0 seconds
2023-08-04 12:55:43,842 INFO  [com.dot.ContainerResource] (docker-java-stream-824381349) STDOUT: 12:55:43.842  INFO  config.DotInitializationService - Initializing :com.dotmarketing.portlets.templates.business.TemplateAPIImpl
2023-08-04 12:55:43,846 INFO  [com.dot.ContainerResource] (docker-java-stream-824381349) STDOUT: 12:55:43.846  INFO  config.DotInitializationService - Initializing Done:com.dotmarketing.portlets.templates.business.TemplateAPIImpl, duration:0 seconds
2023-08-04 12:55:43,846 INFO  [com.dot.ContainerResource] (docker-java-stream-824381349) STDOUT: 12:55:43.846  INFO  config.DotInitializationService - Initializing :com.dotcms.contenttype.business.ContentTypeInitializer
2023-08-04 12:55:43,853 INFO  [com.dot.ContainerResource] (docker-java-stream-824381349) STDOUT: 12:55:43.853  INFO  config.DotInitializationService - Initializing Done:com.dotcms.contenttype.business.ContentTypeInitializer, duration:0 seconds
2023-08-04 12:55:43,853 INFO  [com.dot.ContainerResource] (docker-java-stream-824381349) STDOUT: 12:55:43.853  INFO  config.DotInitializationService - Initializing :com.dotcms.variant.business.DefaultVariantInitializer
2023-08-04 12:55:43,878 INFO  [com.dot.ContainerResource] (docker-java-stream-824381349) STDOUT: 12:55:43.876  INFO  config.DotInitializationService - Initializing Done:com.dotcms.variant.business.DefaultVariantInitializer, duration:0 seconds
2023-08-04 12:55:43,878 INFO  [com.dot.ContainerResource] (docker-java-stream-824381349) STDOUT: 12:55:43.876  INFO  startup.StartupTasksExecutor - ---
2023-08-04 12:55:43,878 INFO  [com.dot.ContainerResource] (docker-java-stream-824381349) STDOUT: 12:55:43.876  INFO  startup.StartupTasksExecutor - 
2023-08-04 12:55:43,879 INFO  [com.dot.ContainerResource] (docker-java-stream-824381349) STDOUT: 12:55:43.876  INFO  startup.StartupTasksExecutor - Running Data Upgrade Tasks
2023-08-04 12:55:43,879 INFO  [com.dot.ContainerResource] (docker-java-stream-824381349) STDOUT: 12:55:43.876  INFO  startup.StartupTasksExecutor - Database data version: 0
2023-08-04 12:55:43,879 INFO  [com.dot.ContainerResource] (docker-java-stream-824381349) STDOUT: 12:55:43.879  INFO  startup.StartupTasksExecutor - Data upgraded to version: 230320
2023-08-04 12:55:43,880 INFO  [com.dot.ContainerResource] (docker-java-stream-824381349) STDOUT: 12:55:43.879  INFO  startup.StartupTasksExecutor - Finishing data upgrade tasks.
2023-08-04 12:55:43,902 INFO  [com.dot.ContainerResource] (docker-java-stream-824381349) STDOUT: 12:55:43.902  INFO  servlets.StartupLogger - InitServlet: Setting Default Timezone: Coordinated Universal Time
2023-08-04 12:55:43,903 INFO  [com.dot.ContainerResource] (docker-java-stream-824381349) STDOUT: 12:55:43.903  INFO  servlets.StartupLogger - 
2023-08-04 12:55:43,903 INFO  [com.dot.ContainerResource] (docker-java-stream-824381349) STDOUT: 12:55:43.903  INFO  servlets.StartupLogger -    Initializing dotCMS
2023-08-04 12:55:43,904 INFO  [com.dot.ContainerResource] (docker-java-stream-824381349) STDOUT: 12:55:43.903  INFO  servlets.StartupLogger -    Using database: PostgreSQL
2023-08-04 12:55:43,904 INFO  [com.dot.ContainerResource] (docker-java-stream-824381349) STDOUT: 12:55:43.904  INFO  servlets.StartupLogger -    Using dialect : com.dotcms.repackage.net.sf.hibernate.dialect.PostgreSQLDialect
2023-08-04 12:55:43,904 INFO  [com.dot.ContainerResource] (docker-java-stream-824381349) STDOUT: 12:55:43.904  INFO  servlets.StartupLogger -    Company Name  : dotcms.org
2023-08-04 12:55:43,905 INFO  [com.dot.ContainerResource] (docker-java-stream-824381349) STDOUT: 12:55:43.904  INFO  servlets.StartupLogger - 
2023-08-04 12:55:43,905 INFO  [com.dot.ContainerResource] (docker-java-stream-824381349) STDOUT: 12:55:43.905  INFO  servlets.StartupLogger -    License       : PLATFORM EDITION
2023-08-04 12:55:43,916 INFO  [com.dot.ContainerResource] (docker-java-stream-824381349) STDOUT: 12:55:43.910  INFO  servlets.StartupLogger -    Licensed to   : dotCMS Internal
2023-08-04 12:55:43,917 INFO  [com.dot.ContainerResource] (docker-java-stream-824381349) STDOUT: 12:55:43.910  INFO  servlets.StartupLogger -    Server id     : 3222fa96
2023-08-04 12:55:43,917 INFO  [com.dot.ContainerResource] (docker-java-stream-824381349) STDOUT: 12:55:43.910  INFO  servlets.StartupLogger -    License id    : 1cfc7c95
2023-08-04 12:55:43,917 INFO  [com.dot.ContainerResource] (docker-java-stream-824381349) STDOUT: 12:55:43.910  INFO  servlets.StartupLogger -    Expires       : Thu, 20 Aug 2099 04:00 AM
2023-08-04 12:55:43,917 INFO  [com.dot.ContainerResource] (docker-java-stream-824381349) STDOUT: 12:55:43.910  INFO  servlets.StartupLogger - 
2023-08-04 12:55:43,917 INFO  [com.dot.ContainerResource] (docker-java-stream-824381349) STDOUT: 12:55:43.910  INFO  servlets.InitServlet - 
2023-08-04 12:55:43,917 INFO  [com.dot.ContainerResource] (docker-java-stream-824381349) STDOUT: 12:55:43.910  INFO  servlets.InitServlet - 
2023-08-04 12:55:43,952 INFO  [com.dot.ContainerResource] (docker-java-stream-824381349) STDOUT: 12:55:43.951  INFO  dotpubsub.PostgresPubSubImpl -  - LISTEN cluster_actions
2023-08-04 12:55:43,961 INFO  [com.dot.ContainerResource] (docker-java-stream-824381349) STDOUT: 12:55:43.961  INFO  business.VanityUrlAPIImpl - Populating 0 Vanity URLs for Site default
2023-08-04 12:55:43,965 INFO  [com.dot.ContainerResource] (docker-java-stream-824381349) STDOUT: 12:55:43.965  INFO  business.VanityUrlAPIImpl - Populating 0 Vanity URLs for Site System Host
2023-08-04 12:55:43,966 INFO  [com.dot.ContainerResource] (docker-java-stream-824381349) STDOUT: 12:55:43.966  INFO  business.VanityUrlAPIImpl - Populating 0 Vanity URLs for Site System Host
2023-08-04 12:55:44,021 INFO  [com.dot.ContainerResource] (docker-java-stream-824381349) STDOUT: 12:55:44.021  INFO  impl.StdSchedulerFactory - Using default implementation for ThreadExecutor
2023-08-04 12:55:44,023 INFO  [com.dot.ContainerResource] (docker-java-stream-824381349) STDOUT: 12:55:44.023  INFO  simpl.SimpleThreadPool - Job execution threads will use class loader of thread: main
2023-08-04 12:55:44,040 INFO  [com.dot.ContainerResource] (docker-java-stream-824381349) STDOUT: 12:55:44.040  INFO  core.SchedulerSignalerImpl - Initialized Scheduler Signaller of type: class org.quartz.core.SchedulerSignalerImpl
2023-08-04 12:55:44,044 INFO  [com.dot.ContainerResource] (docker-java-stream-824381349) STDOUT: 12:55:44.044  INFO  core.QuartzScheduler - Quartz Scheduler v.1.8.6 created.
2023-08-04 12:55:44,048 INFO  [com.dot.ContainerResource] (docker-java-stream-824381349) STDOUT: 12:55:44.048  INFO  quartz.DotJobStore - Using db table-based data access locking (synchronization).
2023-08-04 12:55:44,053 INFO  [com.dot.ContainerResource] (docker-java-stream-824381349) STDOUT: 12:55:44.053  INFO  quartz.DotJobStore - JobStoreCMT initialized.
2023-08-04 12:55:44,054 INFO  [com.dot.ContainerResource] (docker-java-stream-824381349) STDOUT: 12:55:44.054  INFO  core.QuartzScheduler - Scheduler meta-data: Quartz Scheduler (v1.8.6) 'dotCMSQuartz' with instanceId 'NON_CLUSTERED'
2023-08-04 12:55:44,054 INFO  [com.dot.ContainerResource] (docker-java-stream-824381349) STDOUT:   Scheduler class: 'org.quartz.core.QuartzScheduler' - running locally.
2023-08-04 12:55:44,055 INFO  [com.dot.ContainerResource] (docker-java-stream-824381349) STDOUT:   NOT STARTED.
2023-08-04 12:55:44,055 INFO  [com.dot.ContainerResource] (docker-java-stream-824381349) STDOUT:   Currently in standby mode.
2023-08-04 12:55:44,055 INFO  [com.dot.ContainerResource] (docker-java-stream-824381349) STDOUT:   Number of jobs executed: 0
2023-08-04 12:55:44,056 INFO  [com.dot.ContainerResource] (docker-java-stream-824381349) STDOUT:   Using thread pool 'org.quartz.simpl.SimpleThreadPool' - with 10 threads.
2023-08-04 12:55:44,056 INFO  [com.dot.ContainerResource] (docker-java-stream-824381349) STDOUT:   Using job-store 'com.dotmarketing.quartz.DotJobStore' - which supports persistence. and is clustered.
2023-08-04 12:55:44,056 INFO  [com.dot.ContainerResource] (docker-java-stream-824381349) STDOUT: 
2023-08-04 12:55:44,057 INFO  [com.dot.ContainerResource] (docker-java-stream-824381349) STDOUT: 12:55:44.054  INFO  impl.StdSchedulerFactory - Quartz scheduler 'dotCMSQuartz' initialized from an externally provided properties instance.
2023-08-04 12:55:44,057 INFO  [com.dot.ContainerResource] (docker-java-stream-824381349) STDOUT: 12:55:44.054  INFO  impl.StdSchedulerFactory - Quartz scheduler version: 1.8.6
2023-08-04 12:55:44,057 INFO  [com.dot.ContainerResource] (docker-java-stream-824381349) STDOUT: 12:55:44.054  INFO  init.DotInitScheduler - Automatic Content Reindexation Cron Thread schedule disabled on this server
2023-08-04 12:55:44,057 INFO  [com.dot.ContainerResource] (docker-java-stream-824381349) STDOUT: 12:55:44.054  INFO  init.DotInitScheduler - Deleting ContentReindexerJob Job
2023-08-04 12:55:44,062 INFO  [com.dot.ContainerResource] (docker-java-stream-824381349) STDOUT: 12:55:44.062  INFO  init.DotInitScheduler - Users To Delete Cron Thread schedule disabled on this server
2023-08-04 12:55:44,062 INFO  [com.dot.ContainerResource] (docker-java-stream-824381349) STDOUT: 12:55:44.062  INFO  init.DotInitScheduler - Deleting UsersToDeleteJob Job
2023-08-04 12:55:44,139 INFO  [com.dot.ContainerResource] (docker-java-stream-824381349) STDOUT: 12:55:44.136  INFO  init.DotInitScheduler - LinkCheckerJob Cron Job schedule disabled on this server
2023-08-04 12:55:44,227 INFO  [com.dot.ContainerResource] (docker-java-stream-824381349) STDOUT: 12:55:44.227  INFO  job.AccessTokenRenewJob$AccessTokensRenewJobScheduler - Stateful AnalyticsAccessTokenRenewJob (trigger31:group31) job was schedule to run at Fri Aug 04 12:56:00 UTC 2023
2023-08-04 12:55:44,269 INFO  [com.dot.ContainerResource] (docker-java-stream-824381349) STDOUT: 12:55:44.268  INFO  core.QuartzScheduler - Scheduler dotCMSQuartz_$_NON_CLUSTERED started.
2023-08-04 12:55:44,339 INFO  [com.dot.ContainerResource] (docker-java-stream-824381349) STDOUT: 12:55:44.338  INFO  runtime.ConcurrentParserPoolImpl - Initializing Velocity Parser Pool - min: 20 max:100 @ main
2023-08-04 12:55:44,467 INFO  [com.dot.ContainerResource] (docker-java-stream-824381349) STDOUT: 12:55:44.466  INFO  servlets.InitServlet - Starting System OSGi Framework
2023-08-04 12:55:44,470 INFO  [com.dot.ContainerResource] (docker-java-stream-824381349) STDOUT: 12:55:44.467  INFO  reindex.ReindexThread - --- Unpausing reindex thread 
2023-08-04 12:55:44,475 INFO  [com.dot.ContainerResource] (docker-java-stream-824381349) STDOUT: 12:55:44.475  INFO  servlets.BinaryExporterServlet - Exporter "Content Image Fields Resizer" registered for path /resize-image
2023-08-04 12:55:44,476 INFO  [com.dot.ContainerResource] (docker-java-stream-824381349) STDOUT: 12:55:44.476  INFO  servlets.InitServlet - Starting Client OSGi Framework
2023-08-04 12:55:44,481 INFO  [com.dot.ContainerResource] (docker-java-stream-824381349) STDOUT: 12:55:44.481  INFO  servlets.BinaryExporterServlet - Exporter "Export Field Content" registered for path /raw-data
2023-08-04 12:55:44,482 INFO  [com.dot.ContainerResource] (docker-java-stream-824381349) STDOUT: 12:55:44.482  INFO  servlets.BinaryExporterServlet - Exporter "Image Filter Exporter" registered for path /image
2023-08-04 12:55:44,483 INFO  [com.dot.ContainerResource] (docker-java-stream-824381349) STDOUT: 12:55:44.483  INFO  servlets.BinaryExporterServlet - Exporter "Image Thumbnail Field Exporter" registered for path /image-thumbnail
2023-08-04 12:55:44,491 INFO  [com.dot.ContainerResource] (docker-java-stream-824381349) STDOUT: 12:55:44.491  INFO  dotpubsub.PostgresPubSubImpl - Starting PostgresPubSub. Have servers:1
2023-08-04 12:55:44,492 INFO  [com.dot.ContainerResource] (docker-java-stream-824381349) STDOUT: 12:55:44.492  INFO  dotpubsub.PostgresPubSubImpl - PGNotificationListener already connected. Returning
2023-08-04 12:55:44,493 INFO  [com.dot.ContainerResource] (docker-java-stream-824381349) STDOUT: 12:55:44.492  INFO  dotpubsub.PostgresPubSubImpl -  - LISTEN cluster_actions
2023-08-04 12:55:44,496 INFO  [com.dot.ContainerResource] (docker-java-stream-824381349) STDOUT: 12:55:44.496  INFO  dotpubsub.PostgresPubSubImpl -  - LISTEN dotcache_topic
2023-08-04 12:55:44,500 INFO  [com.dot.ContainerResource] (docker-java-stream-824381349) STDOUT: 12:55:44.500  INFO  dotpubsub.PostgresPubSubImpl -  - LISTEN osgi_restart_topic
2023-08-04 12:55:44,502 INFO  [com.dot.ContainerResource] (docker-java-stream-824381349) STDOUT: 12:55:44.502  INFO  framework.OSGIUtil - Felix base dir: /srv/dotserver/tomcat-9.0.60/webapps/ROOT/WEB-INF/felix
2023-08-04 12:55:44,503 INFO  [com.dot.ContainerResource] (docker-java-stream-824381349) STDOUT: 12:55:44.503  INFO  framework.OSGIUtil - Found property  felix.auto.deploy.action=install,start
2023-08-04 12:55:44,503 INFO  [com.dot.ContainerResource] (docker-java-stream-824381349) STDOUT: 12:55:44.503  INFO  framework.OSGIUtil - Found property  felix.fileinstall.log.level=3
2023-08-04 12:55:44,503 INFO  [com.dot.ContainerResource] (docker-java-stream-824381349) STDOUT: 12:55:44.503  INFO  framework.OSGIUtil - Found property  felix.org.osgi.framework.startlevel.beginning=2
2023-08-04 12:55:44,504 INFO  [com.dot.ContainerResource] (docker-java-stream-824381349) STDOUT: 12:55:44.504  INFO  framework.OSGIUtil - Found property  felix.org.osgi.framework.storage.clean=onFirstInit
2023-08-04 12:55:44,504 INFO  [com.dot.ContainerResource] (docker-java-stream-824381349) STDOUT: 12:55:44.504  INFO  framework.OSGIUtil - Found property  felix.log.level=3
2023-08-04 12:55:44,504 INFO  [com.dot.ContainerResource] (docker-java-stream-824381349) STDOUT: 12:55:44.504  INFO  framework.OSGIUtil - Found property  felix.cache.locking=false
2023-08-04 12:55:44,505 INFO  [com.dot.ContainerResource] (docker-java-stream-824381349) STDOUT: 12:55:44.505  INFO  framework.OSGIUtil - Found property  felix.fileinstall.dir=/data/shared/felix/load
2023-08-04 12:55:44,505 INFO  [com.dot.ContainerResource] (docker-java-stream-824381349) STDOUT: 12:55:44.505  INFO  framework.OSGIUtil - Found property  felix.upload.dir=/data/shared/felix/upload
2023-08-04 12:55:44,505 INFO  [com.dot.ContainerResource] (docker-java-stream-824381349) STDOUT: 12:55:44.505  INFO  framework.OSGIUtil - Found property  felix.undeployed.dir=/data/shared/felix/undeployed
2023-08-04 12:55:44,506 INFO  [com.dot.ContainerResource] (docker-java-stream-824381349) STDOUT: 12:55:44.506  INFO  framework.OSGIUtil - Building Directory:/srv/dotserver/tomcat-9.0.60/webapps/ROOT/WEB-INF/felix
2023-08-04 12:55:44,506 INFO  [com.dot.ContainerResource] (docker-java-stream-824381349) STDOUT: 12:55:44.506  INFO  framework.OSGIUtil - Building Directory:/data/shared/felix/upload
2023-08-04 12:55:44,507 INFO  [com.dot.ContainerResource] (docker-java-stream-824381349) STDOUT: 12:55:44.507  INFO  framework.OSGIUtil - Building Directory:/data/shared/felix/load
2023-08-04 12:55:44,507 INFO  [com.dot.ContainerResource] (docker-java-stream-824381349) STDOUT: 12:55:44.507  INFO  framework.OSGIUtil - Building Directory:/data/shared/felix/undeployed
2023-08-04 12:55:44,508 INFO  [com.dot.ContainerResource] (docker-java-stream-824381349) STDOUT: 12:55:44.507  INFO  framework.OSGIUtil - Building Directory:/srv/dotserver/tomcat-9.0.60/webapps/ROOT/WEB-INF/felix/bundle
2023-08-04 12:55:44,508 INFO  [com.dot.ContainerResource] (docker-java-stream-824381349) STDOUT: 12:55:44.508  INFO  framework.OSGIUtil - Building Directory:/srv/dotserver/tomcat-9.0.60/webapps/ROOT/WEB-INF/felix/felix-cache
2023-08-04 12:55:44,524 INFO  [com.dot.ContainerResource] (docker-java-stream-824381349) STDOUT: 12:55:44.524  INFO  framework.OSGIUtil - Starting the osgi reload on folder: /data/shared/felix/upload
2023-08-04 12:55:44,545 INFO  [com.dot.ContainerResource] (docker-java-stream-824381349) STDERR: 04-Aug-2023 12:55:44.544 INFO [main] org.apache.catalina.startup.HostConfig.deployDirectory Deployment of web application directory [/srv/dotserver/tomcat-9.0.60/webapps/ROOT] has finished in [61,861] ms
2023-08-04 12:55:44,550 INFO  [com.dot.ContainerResource] (docker-java-stream-824381349) STDOUT: 12:55:44.550  INFO  framework.OSGIUtil - Loading Factory org.apache.felix.framework.FrameworkFactory
2023-08-04 12:55:44,602 INFO  [com.dot.ContainerResource] (docker-java-stream-824381349) STDERR: 04-Aug-2023 12:55:44.601 INFO [main] org.apache.coyote.AbstractProtocol.start Starting ProtocolHandler ["http-nio2-8080"]
2023-08-04 12:55:44,609 INFO  [com.dot.ContainerResource] (docker-java-stream-824381349) STDERR: 04-Aug-2023 12:55:44.609 INFO [main] org.apache.coyote.AbstractProtocol.start Starting ProtocolHandler ["http-nio2-8081"]
2023-08-04 12:55:44,610 INFO  [com.dot.ContainerResource] (docker-java-stream-824381349) STDERR: 04-Aug-2023 12:55:44.609 INFO [main] org.apache.coyote.AbstractProtocol.start Starting ProtocolHandler ["http-nio2-8082"]
2023-08-04 12:55:44,610 INFO  [com.dot.ContainerResource] (docker-java-stream-824381349) STDERR: 04-Aug-2023 12:55:44.610 INFO [main] org.apache.coyote.AbstractProtocol.start Starting ProtocolHandler ["https-openssl-nio2-8443"]
2023-08-04 12:55:44,610 INFO  [com.dot.ContainerResource] (docker-java-stream-824381349) STDERR: 04-Aug-2023 12:55:44.610 INFO [main] org.apache.catalina.startup.Catalina.start Server startup in [62174] milliseconds
2023-08-04 12:55:44,769 INFO  [com.dot.ContainerResource] (docker-java-stream-824381349) STDOUT: 12:55:44.769  INFO  apps.SecretsKeyStoreHelper - KeyStore loaded successfully after `1` tries.
2023-08-04 12:55:44,786 INFO  [com.dot.ContainerResource] (docker-java-stream-824381349) STDOUT: 12:55:44.786  INFO  apps.SecretsKeyStoreHelper - KeyStore loaded successfully after `1` tries.
2023-08-04 12:55:44,842 INFO  [com.dot.ContainerResource] (docker-java-stream-824381349) STDOUT: 12:55:44.842  WARN  struts.MultiMessageResources - Duplicate resource property definition (key=was ==> is now): contenttypes.content.copy=Copy ==> Copy
2023-08-04 12:55:44,845 INFO  [com.dot.ContainerResource] (docker-java-stream-824381349) STDOUT: 12:55:44.845  WARN  struts.MultiMessageResources - Duplicate resource property definition (key=was ==> is now): message.category.import=Importing Categories.  This operation cannot be cancelled or undone. ==> IMPORT
2023-08-04 12:55:44,846 INFO  [com.dot.ContainerResource] (docker-java-stream-824381349) STDOUT: 12:55:44.846  WARN  struts.MultiMessageResources - Duplicate resource property definition (key=was ==> is now): message.containers.create.content_type_code=Content Type Code ==> Content Type Code
2023-08-04 12:55:44,848 INFO  [com.dot.ContainerResource] (docker-java-stream-824381349) STDOUT: 12:55:44.848  WARN  struts.MultiMessageResources - Duplicate resource property definition (key=was ==> is now): Save=Save ==> Save
2023-08-04 12:55:44,869 INFO  [com.dot.ContainerResource] (docker-java-stream-824381349) STDOUT: 12:55:44.861  WARN  struts.MultiMessageResources - Duplicate resource property definition (key=was ==> is now): Move=Move ==> Move
2023-08-04 12:55:44,869 INFO  [com.dot.ContainerResource] (docker-java-stream-824381349) STDOUT: 12:55:44.862  WARN  struts.MultiMessageResources - Duplicate resource property definition (key=was ==> is now): archived=archived ==> Archived
2023-08-04 12:55:44,914 INFO  [com.dot.ContainerResource] (docker-java-stream-824381349) STDOUT: [INFO] Started bridged http service
2023-08-04 12:55:44,930 INFO  [com.dot.ContainerResource] (docker-java-stream-824381349) STDOUT: 12:55:44.930  INFO  framework.OSGIUtil - osgi felix framework started
2023-08-04 12:55:44,960 INFO  [com.dot.ContainerResource] (docker-java-stream-824381349) STDOUT: 12:55:44.957  WARN  client.RestClient - request [GET http://elasticsearch:9200/_cluster/health?master_timeout=15000ms&level=cluster&timeout=15000ms] returned 1 warnings: [299 Elasticsearch-7.16.1-5b38441b16b1ebb16a27c107a4c3865776e20c53 "Elasticsearch built-in security features are not enabled. Without authentication, your cluster could be accessible to anyone. See https://www.elastic.co/guide/en/elasticsearch/reference/7.16/security-minimal-setup.html to enable security."]
2023-08-04 12:55:44,994 INFO  [com.dot.ContainerResource] (docker-java-stream-824381349) STDOUT: 12:55:44.993  INFO  saml.DotSamlProxyFactory - SAML Osgi Bundle has been started
2023-08-04 12:55:45,000 INFO  [com.dot.ContainerResource] (docker-java-stream-824381349) STDOUT: 12:55:44.999  WARN  impl.SamlConfigurationServiceImpl - The /data/shared/assets/saml/dotcms-saml-default.properties does not exists or can not read
2023-08-04 12:55:45,070 INFO  [com.dot.ContainerResource] (docker-java-stream-824381349) STDOUT: 12:55:45.070  INFO  apps.SecretsKeyStoreHelper - KeyStore loaded successfully after `1` tries.
2023-08-04 12:55:45,165 INFO  [com.dot.ContainerResource] (docker-java-stream-824381349) STDOUT: 12:55:45.165  INFO  util.GeoIp2CityDbUtil - Connecting to GeoIP2 database:/srv/dotserver/tomcat-9.0.60/webapps/ROOT/WEB-INF/geoip2/GeoLite2-City.mmdb
2023-08-04 12:55:45,228 INFO  [com.dot.ContainerResource] (docker-java-stream-824381349) STDOUT: 12:55:45.227  WARN  rules.RulesAPIImpl - Actionlet with name 'CountRulesActionlet' already registered.
2023-08-04 12:55:45,228 INFO  [com.dot.ContainerResource] (docker-java-stream-824381349) STDOUT: 12:55:45.227  WARN  rules.RulesAPIImpl - Actionlet with name 'SetSessionAttributeActionlet' already registered.
2023-08-04 12:55:45,228 INFO  [com.dot.ContainerResource] (docker-java-stream-824381349) STDOUT: 12:55:45.227  WARN  rules.RulesAPIImpl - Actionlet with name 'SetRequestAttributeActionlet' already registered.
2023-08-04 12:55:45,229 INFO  [com.dot.ContainerResource] (docker-java-stream-824381349) STDOUT: 12:55:45.227  WARN  rules.RulesAPIImpl - Actionlet with name 'SetResponseHeaderActionlet' already registered.
2023-08-04 12:55:45,229 INFO  [com.dot.ContainerResource] (docker-java-stream-824381349) STDOUT: 12:55:45.227  WARN  rules.RulesAPIImpl - Actionlet with name 'PersonaActionlet' already registered.
2023-08-04 12:55:45,229 INFO  [com.dot.ContainerResource] (docker-java-stream-824381349) STDOUT: 12:55:45.227  WARN  rules.RulesAPIImpl - Actionlet with name 'VisitorTagsActionlet' already registered.
2023-08-04 12:55:45,229 INFO  [com.dot.ContainerResource] (docker-java-stream-824381349) STDOUT: 12:55:45.227  WARN  rules.RulesAPIImpl - Actionlet with name 'SendRedirectActionlet' already registered.
2023-08-04 12:55:45,229 INFO  [com.dot.ContainerResource] (docker-java-stream-824381349) STDOUT: 12:55:45.227  WARN  rules.RulesAPIImpl - Actionlet with name 'StopProcessingActionlet' already registered.
2023-08-04 12:55:45,370 INFO  [com.dot.ContainerResource] (docker-java-stream-824381349) STDERR: 04-Aug-2023 12:55:45.369 INFO [url:POST//default/api/v1/authentication/api-token | lang:1 | ip:172.18.0.1 | Admin:false | start:08-04-2023 12:55:44 UTC] com.dotcms.repackage.org.hibernate.validator.internal.util.Version.<clinit> HV000001: Hibernate Validator 4.3.2.Final
2023-08-04 12:55:46,353 INFO  [com.dot.ContainerResource] (docker-java-stream-824381349) STDOUT: 12:55:46.352  INFO  util.SecurityLogger - class com.dotmarketing.cms.login.factories.LoginFactory : User (dotcms.org.1) password was re-hashed 600000 times -- ip:172.18.0.1,user:null
2023-08-04 12:55:46,810 INFO  [com.dot.ContainerResource] (docker-java-stream-824381349) STDOUT: 12:55:46.809  INFO  util.SecurityLogger - class com.dotcms.cms.login.LoginServiceAPIFactory$LoginServiceImpl : User dotcms.org.1 has successfully login from IP: 172.18.0.1 -- ip:172.18.0.1,user:Admin User [ID: dotcms.org.1][email:admin@dotcms.com]
2023-08-04 12:55:46,832 INFO  [com.dot.ContainerResource] (docker-java-stream-824381349) STDOUT: 12:55:46.827  INFO  util.SecurityLogger - class com.dotcms.rest.api.v1.authentication.CreateJsonWebTokenResource : A Json Web Token admin@dotcms.com is being created from IP: 172.18.0.1 -- ip:172.18.0.1,user:Admin User [ID: dotcms.org.1][email:admin@dotcms.com]
2023-08-04 12:55:47,267 INFO  [com.dot.ContainerResource] (docker-java-stream-824381349) STDOUT: 12:55:47.266  INFO  asset.WebAssetResource - User [dotcms.org.1] is requesting assets info for path [//default/folderDoesNotExist]
2023-08-04 12:55:47,430 INFO  [com.dot.ContainerResource] (docker-java-stream-824381349) STDOUT: 12:55:47.429  WARN  client.RestClient - request [POST http://elasticsearch:9200/cluster_51b0cac1ff.working_20230804125536/_search?typed_keys=true&max_concurrent_shard_requests=5&ignore_unavailable=false&expand_wildcards=open&allow_no_indices=true&ignore_throttled=true&search_type=query_then_fetch&batched_reduce_size=512&ccs_minimize_roundtrips=true] returned 2 warnings: [299 Elasticsearch-7.16.1-5b38441b16b1ebb16a27c107a4c3865776e20c53 "Elasticsearch built-in security features are not enabled. Without authentication, your cluster could be accessible to anyone. See https://www.elastic.co/guide/en/elasticsearch/reference/7.16/security-minimal-setup.html to enable security."],[299 Elasticsearch-7.16.1-5b38441b16b1ebb16a27c107a4c3865776e20c53 "[ignore_throttled] parameter is deprecated because frozen indices have been deprecated. Consider cold or frozen tiers in place of frozen indices."]
2023-08-04 12:55:47,447 INFO  [com.dot.ContainerResource] (docker-java-stream-824381349) STDOUT: 12:55:47.447  INFO  util.SecurityLogger - class com.dotcms.rest.exception.mapper.NotFoundInDbExceptionMapper :  Asset [folderDoesNotExist] not found -- ip:172.18.0.1,user:Admin User [ID: dotcms.org.1][email:admin@dotcms.com]
]]></system-out>
  </testcase>
  <testcase name="Test_Asset_By_Path_Root" classname="com.dotcms.api.AssetAPIIntegrationTest" time="1.094">
    <system-out><![CDATA[2023-08-04 12:55:48,330 INFO  [com.dot.ContainerResource] (docker-java-stream-824381349) STDOUT: 12:55:48.329  INFO  util.SecurityLogger - class com.dotcms.cms.login.LoginServiceAPIFactory$LoginServiceImpl : User dotcms.org.1 has successfully login from IP: 172.18.0.1 -- ip:172.18.0.1,user:Admin User [ID: dotcms.org.1][email:admin@dotcms.com]
2023-08-04 12:55:48,330 INFO  [com.dot.ContainerResource] (docker-java-stream-824381349) STDOUT: 12:55:48.329  INFO  util.SecurityLogger - class com.dotcms.rest.api.v1.authentication.CreateJsonWebTokenResource : A Json Web Token admin@dotcms.com is being created from IP: 172.18.0.1 -- ip:172.18.0.1,user:Admin User [ID: dotcms.org.1][email:admin@dotcms.com]
2023-08-04 12:55:48,432 INFO  [com.dot.ContainerResource] (docker-java-stream-824381349) STDOUT: 12:55:48.432  INFO  business.DeterministicIdentifierAPIImpl - hashing id: folder:default/folder-cclvvwvhjt to 834b309b6e1ad8e86aade8406ed5f6c2
2023-08-04 12:55:48,451 INFO  [com.dot.ContainerResource] (docker-java-stream-824381349) STDOUT: 12:55:48.451  INFO  business.DeterministicIdentifierAPIImpl - hashing id: folder:default/folder-vpjcyyqwjk to 00896f3889e44419a35dc011a21c501c
2023-08-04 12:55:48,462 INFO  [com.dot.ContainerResource] (docker-java-stream-824381349) STDOUT: 12:55:48.461  INFO  business.DeterministicIdentifierAPIImpl - hashing id: folder:default/folder-eupsuyiohj to d5858ede5dae31b94db6def2cbb73c62
2023-08-04 12:55:48,503 INFO  [com.dot.ContainerResource] (docker-java-stream-824381349) STDOUT: 12:55:48.503  INFO  asset.WebAssetResource - User [dotcms.org.1] is requesting assets info for path [//default/]
2023-08-04 12:55:48,528 INFO  [com.dot.ContainerResource] (docker-java-stream-824381349) STDOUT: 12:55:48.528  WARN  client.RestClient - request [POST http://elasticsearch:9200/cluster_51b0cac1ff.working_20230804125536/_search?typed_keys=true&max_concurrent_shard_requests=5&ignore_unavailable=false&expand_wildcards=open&allow_no_indices=true&ignore_throttled=true&search_type=query_then_fetch&batched_reduce_size=512&ccs_minimize_roundtrips=true] returned 2 warnings: [299 Elasticsearch-7.16.1-5b38441b16b1ebb16a27c107a4c3865776e20c53 "Elasticsearch built-in security features are not enabled. Without authentication, your cluster could be accessible to anyone. See https://www.elastic.co/guide/en/elasticsearch/reference/7.16/security-minimal-setup.html to enable security."],[299 Elasticsearch-7.16.1-5b38441b16b1ebb16a27c107a4c3865776e20c53 "[ignore_throttled] parameter is deprecated because frozen indices have been deprecated. Consider cold or frozen tiers in place of frozen indices."]
]]></system-out>
  </testcase>
  <testcase name="Test_Asset_By_Path_Inner_Folders" classname="com.dotcms.api.AssetAPIIntegrationTest" time="0.888">
    <system-out><![CDATA[2023-08-04 12:55:49,373 INFO  [com.dot.ContainerResource] (docker-java-stream-824381349) STDOUT: 12:55:49.372  INFO  util.SecurityLogger - class com.dotcms.cms.login.LoginServiceAPIFactory$LoginServiceImpl : User dotcms.org.1 has successfully login from IP: 172.18.0.1 -- ip:172.18.0.1,user:Admin User [ID: dotcms.org.1][email:admin@dotcms.com]
2023-08-04 12:55:49,373 INFO  [com.dot.ContainerResource] (docker-java-stream-824381349) STDOUT: 12:55:49.373  INFO  util.SecurityLogger - class com.dotcms.rest.api.v1.authentication.CreateJsonWebTokenResource : A Json Web Token admin@dotcms.com is being created from IP: 172.18.0.1 -- ip:172.18.0.1,user:Admin User [ID: dotcms.org.1][email:admin@dotcms.com]
2023-08-04 12:55:49,404 INFO  [com.dot.ContainerResource] (docker-java-stream-824381349) STDOUT: 12:55:49.403  INFO  business.DeterministicIdentifierAPIImpl - hashing id: folder:default/folder-dfinvzkqww to 23b3e998f54af9da0ef31bc41d23e524
2023-08-04 12:55:49,414 INFO  [com.dot.ContainerResource] (docker-java-stream-824381349) STDOUT: 12:55:49.413  INFO  business.DeterministicIdentifierAPIImpl - hashing id: folder:default/folder-dfinvzkqww/folder-ocdfjbjmre to 04173c400a9dcd825019f26e8aabf28e
2023-08-04 12:55:49,428 INFO  [com.dot.ContainerResource] (docker-java-stream-824381349) STDOUT: 12:55:49.428  INFO  business.DeterministicIdentifierAPIImpl - hashing id: folder:default/folder-dfinvzkqww/folder-ghaxuumckz to 357baafa29a2f80660e59fe35a43c475
2023-08-04 12:55:49,455 INFO  [com.dot.ContainerResource] (docker-java-stream-824381349) STDOUT: 12:55:49.455  INFO  asset.WebAssetResource - User [dotcms.org.1] is requesting assets info for path [//default/folder-dfinVzkqwW]
2023-08-04 12:55:49,477 INFO  [com.dot.ContainerResource] (docker-java-stream-824381349) STDOUT: 12:55:49.477  WARN  client.RestClient - request [POST http://elasticsearch:9200/cluster_51b0cac1ff.working_20230804125536/_search?typed_keys=true&max_concurrent_shard_requests=5&ignore_unavailable=false&expand_wildcards=open&allow_no_indices=true&ignore_throttled=true&search_type=query_then_fetch&batched_reduce_size=512&ccs_minimize_roundtrips=true] returned 2 warnings: [299 Elasticsearch-7.16.1-5b38441b16b1ebb16a27c107a4c3865776e20c53 "Elasticsearch built-in security features are not enabled. Without authentication, your cluster could be accessible to anyone. See https://www.elastic.co/guide/en/elasticsearch/reference/7.16/security-minimal-setup.html to enable security."],[299 Elasticsearch-7.16.1-5b38441b16b1ebb16a27c107a4c3865776e20c53 "[ignore_throttled] parameter is deprecated because frozen indices have been deprecated. Consider cold or frozen tiers in place of frozen indices."]
]]></system-out>
  </testcase>
  <testcase name="Test_Asset_By_Path_Inner_Folders_Three_Levels" classname="com.dotcms.api.AssetAPIIntegrationTest" time="0.889">
    <system-out><![CDATA[2023-08-04 12:55:50,256 INFO  [com.dot.ContainerResource] (docker-java-stream-824381349) STDOUT: 12:55:50.256  INFO  util.SecurityLogger - class com.dotcms.cms.login.LoginServiceAPIFactory$LoginServiceImpl : User dotcms.org.1 has successfully login from IP: 172.18.0.1 -- ip:172.18.0.1,user:Admin User [ID: dotcms.org.1][email:admin@dotcms.com]
2023-08-04 12:55:50,257 INFO  [com.dot.ContainerResource] (docker-java-stream-824381349) STDOUT: 12:55:50.257  INFO  util.SecurityLogger - class com.dotcms.rest.api.v1.authentication.CreateJsonWebTokenResource : A Json Web Token admin@dotcms.com is being created from IP: 172.18.0.1 -- ip:172.18.0.1,user:Admin User [ID: dotcms.org.1][email:admin@dotcms.com]
2023-08-04 12:55:50,279 INFO  [com.dot.ContainerResource] (docker-java-stream-824381349) STDOUT: 12:55:50.279  INFO  business.DeterministicIdentifierAPIImpl - hashing id: folder:default/folder-hxazipxlxx to 4afa6e16602443f8b52a6dc050f41d8b
2023-08-04 12:55:50,286 INFO  [com.dot.ContainerResource] (docker-java-stream-824381349) STDOUT: 12:55:50.286  INFO  business.DeterministicIdentifierAPIImpl - hashing id: folder:default/folder-hxazipxlxx/folder-nmzgxamvpq to d39a3fbbcb1f4d2e7b30d5bb5016d45f
2023-08-04 12:55:50,303 INFO  [com.dot.ContainerResource] (docker-java-stream-824381349) STDOUT: 12:55:50.302  INFO  business.DeterministicIdentifierAPIImpl - hashing id: folder:default/folder-hxazipxlxx/folder-nmzgxamvpq/folder-gaoxktscmt to 3ff9d98e8940f10d04376c844ddbf8d1
2023-08-04 12:55:50,342 INFO  [com.dot.ContainerResource] (docker-java-stream-824381349) STDOUT: 12:55:50.341  INFO  asset.WebAssetResource - User [dotcms.org.1] is requesting assets info for path [//default//folder-HxAZipXLxX/folder-NmzGxaMVpQ/folder-GAoXktScmT]
2023-08-04 12:55:50,371 INFO  [com.dot.ContainerResource] (docker-java-stream-824381349) STDOUT: 12:55:50.369  WARN  client.RestClient - request [POST http://elasticsearch:9200/cluster_51b0cac1ff.working_20230804125536/_search?typed_keys=true&max_concurrent_shard_requests=5&ignore_unavailable=false&expand_wildcards=open&allow_no_indices=true&ignore_throttled=true&search_type=query_then_fetch&batched_reduce_size=512&ccs_minimize_roundtrips=true] returned 2 warnings: [299 Elasticsearch-7.16.1-5b38441b16b1ebb16a27c107a4c3865776e20c53 "Elasticsearch built-in security features are not enabled. Without authentication, your cluster could be accessible to anyone. See https://www.elastic.co/guide/en/elasticsearch/reference/7.16/security-minimal-setup.html to enable security."],[299 Elasticsearch-7.16.1-5b38441b16b1ebb16a27c107a4c3865776e20c53 "[ignore_throttled] parameter is deprecated because frozen indices have been deprecated. Consider cold or frozen tiers in place of frozen indices."]
]]></system-out>
  </testcase>
  <testcase name="Test_Download_Not_Found" classname="com.dotcms.api.AssetAPIIntegrationTest" time="0.997">
    <system-out><![CDATA[2023-08-04 12:55:51,331 INFO  [com.dot.ContainerResource] (docker-java-stream-824381349) STDOUT: 12:55:51.330  INFO  util.SecurityLogger - class com.dotcms.cms.login.LoginServiceAPIFactory$LoginServiceImpl : User dotcms.org.1 has successfully login from IP: 172.18.0.1 -- ip:172.18.0.1,user:Admin User [ID: dotcms.org.1][email:admin@dotcms.com]
2023-08-04 12:55:51,333 INFO  [com.dot.ContainerResource] (docker-java-stream-824381349) STDOUT: 12:55:51.332  INFO  util.SecurityLogger - class com.dotcms.rest.api.v1.authentication.CreateJsonWebTokenResource : A Json Web Token admin@dotcms.com is being created from IP: 172.18.0.1 -- ip:172.18.0.1,user:Admin User [ID: dotcms.org.1][email:admin@dotcms.com]
2023-08-04 12:55:51,375 INFO  [com.dot.ContainerResource] (docker-java-stream-824381349) STDOUT: 12:55:51.374  INFO  asset.WebAssetResource - User [dotcms.org.1] is requesting asset content for download for path [//default/folderDoesNotExist/image.png]
2023-08-04 12:55:51,379 INFO  [com.dot.ContainerResource] (docker-java-stream-824381349) STDOUT: 12:55:51.378  INFO  util.SecurityLogger - class com.dotcms.rest.exception.mapper.NotFoundInDbExceptionMapper : Unable to determine a valid folder or asset from uri: [//default/folderDoesNotExist/image.png]. -- ip:172.18.0.1,user:Admin User [ID: dotcms.org.1][email:admin@dotcms.com]
]]></system-out>
  </testcase>
</testsuite>