<?xml version="1.0" encoding="UTF-8"?>
<testsuite xmlns:xsi="http://www.w3.org/2001/XMLSchema-instance" xsi:noNamespaceSchemaLocation="https://maven.apache.org/surefire/maven-surefire-plugin/xsd/surefire-test-report-3.0.xsd" version="3.0" name="com.dotcms.api.ContentTypeAPIIntegrationTest" time="25.653" tests="12" errors="0" skipped="0" failures="0">
  <properties>
    <property name="awt.toolkit" value="sun.awt.X11.XToolkit"/>
    <property name="java.specification.version" value="11"/>
    <property name="sun.cpu.isalist" value=""/>
    <property name="test.url" value="http://localhost:8081"/>
    <property name="sun.jnu.encoding" value="UTF-8"/>
    <property name="java.class.path" value="/home/runner/work/core/core/tools/dotcms-cli/api-data-model/target/test-classes:/home/runner/work/core/core/tools/dotcms-cli/api-data-model/target/classes:/home/runner/.m2/repository/io/quarkus/quarkus-arc/2.9.1.Final/quarkus-arc-2.9.1.Final.jar:/home/runner/.m2/repository/io/quarkus/arc/arc/2.9.1.Final/arc-2.9.1.Final.jar:/home/runner/.m2/repository/jakarta/enterprise/jakarta.enterprise.cdi-api/2.0.2/jakarta.enterprise.cdi-api-2.0.2.jar:/home/runner/.m2/repository/jakarta/el/jakarta.el-api/3.0.3/jakarta.el-api-3.0.3.jar:/home/runner/.m2/repository/jakarta/annotation/jakarta.annotation-api/1.3.5/jakarta.annotation-api-1.3.5.jar:/home/runner/.m2/repository/jakarta/transaction/jakarta.transaction-api/1.3.3/jakarta.transaction-api-1.3.3.jar:/home/runner/.m2/repository/org/jboss/logging/jboss-logging/3.4.3.Final/jboss-logging-3.4.3.Final.jar:/home/runner/.m2/repository/io/quarkus/quarkus-core/2.9.1.Final/quarkus-core-2.9.1.Final.jar:/home/runner/.m2/repository/jakarta/inject/jakarta.inject-api/1.0/jakarta.inject-api-1.0.jar:/home/runner/.m2/repository/io/quarkus/quarkus-ide-launcher/2.9.1.Final/quarkus-ide-launcher-2.9.1.Final.jar:/home/runner/.m2/repository/io/quarkus/quarkus-development-mode-spi/2.9.1.Final/quarkus-development-mode-spi-2.9.1.Final.jar:/home/runner/.m2/repository/io/smallrye/config/smallrye-config/2.10.0/smallrye-config-2.10.0.jar:/home/runner/.m2/repository/io/smallrye/config/smallrye-config-core/2.10.0/smallrye-config-core-2.10.0.jar:/home/runner/.m2/repository/io/smallrye/common/smallrye-common-expression/1.11.0/smallrye-common-expression-1.11.0.jar:/home/runner/.m2/repository/io/smallrye/common/smallrye-common-function/1.11.0/smallrye-common-function-1.11.0.jar:/home/runner/.m2/repository/io/smallrye/common/smallrye-common-classloader/1.11.0/smallrye-common-classloader-1.11.0.jar:/home/runner/.m2/repository/io/smallrye/config/smallrye-config-common/2.10.0/smallrye-config-common-2.10.0.jar:/home/runner/.m2/repository/org/jboss/logmanager/jboss-logmanager-embedded/1.0.9/jboss-logmanager-embedded-1.0.9.jar:/home/runner/.m2/repository/org/jboss/logging/jboss-logging-annotations/2.2.1.Final/jboss-logging-annotations-2.2.1.Final.jar:/home/runner/.m2/repository/org/jboss/threads/jboss-threads/3.4.2.Final/jboss-threads-3.4.2.Final.jar:/home/runner/.m2/repository/org/jboss/slf4j/slf4j-jboss-logmanager/1.1.0.Final/slf4j-jboss-logmanager-1.1.0.Final.jar:/home/runner/.m2/repository/org/graalvm/sdk/graal-sdk/22.0.0.2/graal-sdk-22.0.0.2.jar:/home/runner/.m2/repository/org/wildfly/common/wildfly-common/1.5.4.Final-format-001/wildfly-common-1.5.4.Final-format-001.jar:/home/runner/.m2/repository/io/quarkus/quarkus-bootstrap-runner/2.9.1.Final/quarkus-bootstrap-runner-2.9.1.Final.jar:/home/runner/.m2/repository/io/quarkus/quarkus-fs-util/0.0.9/quarkus-fs-util-0.0.9.jar:/home/runner/.m2/repository/org/eclipse/microprofile/context-propagation/microprofile-context-propagation-api/1.2/microprofile-context-propagation-api-1.2.jar:/home/runner/.m2/repository/io/quarkus/quarkus-junit5/2.9.1.Final/quarkus-junit5-2.9.1.Final.jar:/home/runner/.m2/repository/io/quarkus/quarkus-bootstrap-core/2.9.1.Final/quarkus-bootstrap-core-2.9.1.Final.jar:/home/runner/.m2/repository/io/quarkus/quarkus-bootstrap-app-model/2.9.1.Final/quarkus-bootstrap-app-model-2.9.1.Final.jar:/home/runner/.m2/repository/io/quarkus/quarkus-bootstrap-gradle-resolver/2.9.1.Final/quarkus-bootstrap-gradle-resolver-2.9.1.Final.jar:/home/runner/.m2/repository/io/smallrye/common/smallrye-common-io/1.11.0/smallrye-common-io-1.11.0.jar:/home/runner/.m2/repository/org/eclipse/sisu/org.eclipse.sisu.inject/0.3.5/org.eclipse.sisu.inject-0.3.5.jar:/home/runner/.m2/repository/io/quarkus/quarkus-test-common/2.9.1.Final/quarkus-test-common-2.9.1.Final.jar:/home/runner/.m2/repository/io/quarkus/quarkus-core-deployment/2.9.1.Final/quarkus-core-deployment-2.9.1.Final.jar:/home/runner/.m2/repository/org/aesh/readline/2.2/readline-2.2.jar:/home/runner/.m2/repository/org/fusesource/jansi/jansi/1.18/jansi-1.18.jar:/home/runner/.m2/repository/org/aesh/aesh/2.6/aesh-2.6.jar:/home/runner/.m2/repository/io/quarkus/gizmo/gizmo/1.0.10.Final/gizmo-1.0.10.Final.jar:/home/runner/.m2/repository/org/ow2/asm/asm-util/9.2/asm-util-9.2.jar:/home/runner/.m2/repository/org/ow2/asm/asm/9.3/asm-9.3.jar:/home/runner/.m2/repository/org/ow2/asm/asm-commons/9.3/asm-commons-9.3.jar:/home/runner/.m2/repository/org/ow2/asm/asm-tree/9.3/asm-tree-9.3.jar:/home/runner/.m2/repository/org/ow2/asm/asm-analysis/9.3/asm-analysis-9.3.jar:/home/runner/.m2/repository/io/quarkus/quarkus-class-change-agent/2.9.1.Final/quarkus-class-change-agent-2.9.1.Final.jar:/home/runner/.m2/repository/io/quarkus/quarkus-devtools-utilities/2.9.1.Final/quarkus-devtools-utilities-2.9.1.Final.jar:/home/runner/.m2/repository/io/quarkus/quarkus-builder/2.9.1.Final/quarkus-builder-2.9.1.Final.jar:/home/runner/.m2/repository/org/junit/platform/junit-platform-launcher/1.8.2/junit-platform-launcher-1.8.2.jar:/home/runner/.m2/repository/org/jboss/jandex/2.4.2.Final/jandex-2.4.2.Final.jar:/home/runner/.m2/repository/io/quarkus/quarkus-junit5-properties/2.9.1.Final/quarkus-junit5-properties-2.9.1.Final.jar:/home/runner/.m2/repository/com/thoughtworks/xstream/xstream/1.4.19/xstream-1.4.19.jar:/home/runner/.m2/repository/io/github/x-stream/mxparser/1.2.2/mxparser-1.2.2.jar:/home/runner/.m2/repository/xmlpull/xmlpull/1.1.3.1/xmlpull-1.1.3.1.jar:/home/runner/.m2/repository/org/immutables/value/2.8.2/value-2.8.2.jar:/home/runner/.m2/repository/io/quarkus/quarkus-resteasy-reactive-jackson/2.9.1.Final/quarkus-resteasy-reactive-jackson-2.9.1.Final.jar:/home/runner/.m2/repository/io/quarkus/quarkus-resteasy-reactive/2.9.1.Final/quarkus-resteasy-reactive-2.9.1.Final.jar:/home/runner/.m2/repository/io/quarkus/quarkus-resteasy-reactive-common/2.9.1.Final/quarkus-resteasy-reactive-common-2.9.1.Final.jar:/home/runner/.m2/repository/io/quarkus/resteasy/reactive/resteasy-reactive-common/2.9.1.Final/resteasy-reactive-common-2.9.1.Final.jar:/home/runner/.m2/repository/io/quarkus/resteasy/reactive/resteasy-reactive-vertx/2.9.1.Final/resteasy-reactive-vertx-2.9.1.Final.jar:/home/runner/.m2/repository/io/smallrye/reactive/smallrye-mutiny-vertx-core/2.21.0/smallrye-mutiny-vertx-core-2.21.0.jar:/home/runner/.m2/repository/io/smallrye/reactive/smallrye-mutiny-vertx-runtime/2.21.0/smallrye-mutiny-vertx-runtime-2.21.0.jar:/home/runner/.m2/repository/io/smallrye/reactive/vertx-mutiny-generator/2.21.0/vertx-mutiny-generator-2.21.0.jar:/home/runner/.m2/repository/io/vertx/vertx-codegen/4.2.7/vertx-codegen-4.2.7.jar:/home/runner/.m2/repository/io/quarkus/resteasy/reactive/resteasy-reactive/2.9.1.Final/resteasy-reactive-2.9.1.Final.jar:/home/runner/.m2/repository/org/jboss/spec/javax/ws/rs/jboss-jaxrs-api_2.1_spec/2.0.1.Final/jboss-jaxrs-api_2.1_spec-2.0.1.Final.jar:/home/runner/.m2/repository/io/quarkus/quarkus-jsonp/2.9.1.Final/quarkus-jsonp-2.9.1.Final.jar:/home/runner/.m2/repository/org/glassfish/jakarta.json/1.1.6/jakarta.json-1.1.6.jar:/home/runner/.m2/repository/io/quarkus/quarkus-resteasy-reactive-jackson-common/2.9.1.Final/quarkus-resteasy-reactive-jackson-common-2.9.1.Final.jar:/home/runner/.m2/repository/io/quarkus/resteasy/reactive/resteasy-reactive-jackson/2.9.1.Final/resteasy-reactive-jackson-2.9.1.Final.jar:/home/runner/.m2/repository/com/google/code/findbugs/jsr305/3.0.2/jsr305-3.0.2.jar:/home/runner/.m2/repository/io/rest-assured/rest-assured/4.5.1/rest-assured-4.5.1.jar:/home/runner/.m2/repository/org/codehaus/groovy/groovy/3.0.9/groovy-3.0.9.jar:/home/runner/.m2/repository/org/codehaus/groovy/groovy-xml/3.0.9/groovy-xml-3.0.9.jar:/home/runner/.m2/repository/org/apache/httpcomponents/httpclient/4.5.13/httpclient-4.5.13.jar:/home/runner/.m2/repository/org/apache/httpcomponents/httpcore/4.4.15/httpcore-4.4.15.jar:/home/runner/.m2/repository/commons-codec/commons-codec/1.15/commons-codec-1.15.jar:/home/runner/.m2/repository/org/apache/httpcomponents/httpmime/4.5.13/httpmime-4.5.13.jar:/home/runner/.m2/repository/org/hamcrest/hamcrest/2.1/hamcrest-2.1.jar:/home/runner/.m2/repository/org/ccil/cowan/tagsoup/tagsoup/1.2.1/tagsoup-1.2.1.jar:/home/runner/.m2/repository/io/rest-assured/json-path/4.5.1/json-path-4.5.1.jar:/home/runner/.m2/repository/org/codehaus/groovy/groovy-json/3.0.9/groovy-json-3.0.9.jar:/home/runner/.m2/repository/io/rest-assured/rest-assured-common/4.5.1/rest-assured-common-4.5.1.jar:/home/runner/.m2/repository/io/rest-assured/xml-path/4.5.1/xml-path-4.5.1.jar:/home/runner/.m2/repository/org/apache/commons/commons-lang3/3.12.0/commons-lang3-3.12.0.jar:/home/runner/.m2/repository/com/github/jonpeterson/jackson-module-model-versioning/1.2.2/jackson-module-model-versioning-1.2.2.jar:/home/runner/.m2/repository/com/fasterxml/jackson/core/jackson-databind/2.13.2.2/jackson-databind-2.13.2.2.jar:/home/runner/.m2/repository/com/fasterxml/jackson/core/jackson-annotations/2.13.2/jackson-annotations-2.13.2.jar:/home/runner/.m2/repository/com/fasterxml/jackson/datatype/jackson-datatype-guava/2.13.3/jackson-datatype-guava-2.13.3.jar:/home/runner/.m2/repository/com/google/guava/guava/31.1-jre/guava-31.1-jre.jar:/home/runner/.m2/repository/com/google/guava/failureaccess/1.0.1/failureaccess-1.0.1.jar:/home/runner/.m2/repository/org/checkerframework/checker-qual/3.21.4/checker-qual-3.21.4.jar:/home/runner/.m2/repository/com/google/errorprone/error_prone_annotations/2.13.1/error_prone_annotations-2.13.1.jar:/home/runner/.m2/repository/com/google/j2objc/j2objc-annotations/1.3/j2objc-annotations-1.3.jar:/home/runner/.m2/repository/com/fasterxml/jackson/core/jackson-core/2.13.2/jackson-core-2.13.2.jar:/home/runner/.m2/repository/io/quarkus/quarkus-smallrye-openapi/2.9.1.Final/quarkus-smallrye-openapi-2.9.1.Final.jar:/home/runner/.m2/repository/io/smallrye/smallrye-open-api-core/2.1.22/smallrye-open-api-core-2.1.22.jar:/home/runner/.m2/repository/org/eclipse/microprofile/openapi/microprofile-openapi-api/2.0.1/microprofile-openapi-api-2.0.1.jar:/home/runner/.m2/repository/org/eclipse/microprofile/config/microprofile-config-api/2.0.1/microprofile-config-api-2.0.1.jar:/home/runner/.m2/repository/io/quarkus/quarkus-vertx-http/2.9.1.Final/quarkus-vertx-http-2.9.1.Final.jar:/home/runner/.m2/repository/io/quarkus/quarkus-security-runtime-spi/2.9.1.Final/quarkus-security-runtime-spi-2.9.1.Final.jar:/home/runner/.m2/repository/io/quarkus/quarkus-mutiny/2.9.1.Final/quarkus-mutiny-2.9.1.Final.jar:/home/runner/.m2/repository/io/smallrye/reactive/mutiny/1.4.0/mutiny-1.4.0.jar:/home/runner/.m2/repository/io/quarkus/quarkus-smallrye-context-propagation/2.9.1.Final/quarkus-smallrye-context-propagation-2.9.1.Final.jar:/home/runner/.m2/repository/io/smallrye/smallrye-context-propagation/1.2.2/smallrye-context-propagation-1.2.2.jar:/home/runner/.m2/repository/io/smallrye/smallrye-context-propagation-api/1.2.2/smallrye-context-propagation-api-1.2.2.jar:/home/runner/.m2/repository/io/smallrye/smallrye-context-propagation-storage/1.2.2/smallrye-context-propagation-storage-1.2.2.jar:/home/runner/.m2/repository/io/smallrye/reactive/mutiny-smallrye-context-propagation/1.4.0/mutiny-smallrye-context-propagation-1.4.0.jar:/home/runner/.m2/repository/io/smallrye/common/smallrye-common-vertx-context/1.11.0/smallrye-common-vertx-context-1.11.0.jar:/home/runner/.m2/repository/io/vertx/vertx-core/4.2.7/vertx-core-4.2.7.jar:/home/runner/.m2/repository/io/netty/netty-common/4.1.74.Final/netty-common-4.1.74.Final.jar:/home/runner/.m2/repository/io/netty/netty-buffer/4.1.74.Final/netty-buffer-4.1.74.Final.jar:/home/runner/.m2/repository/io/netty/netty-transport/4.1.74.Final/netty-transport-4.1.74.Final.jar:/home/runner/.m2/repository/io/netty/netty-handler/4.1.74.Final/netty-handler-4.1.74.Final.jar:/home/runner/.m2/repository/io/netty/netty-tcnative-classes/2.0.48.Final/netty-tcnative-classes-2.0.48.Final.jar:/home/runner/.m2/repository/io/netty/netty-handler-proxy/4.1.74.Final/netty-handler-proxy-4.1.74.Final.jar:/home/runner/.m2/repository/io/netty/netty-codec-socks/4.1.74.Final/netty-codec-socks-4.1.74.Final.jar:/home/runner/.m2/repository/io/netty/netty-codec-http/4.1.74.Final/netty-codec-http-4.1.74.Final.jar:/home/runner/.m2/repository/io/netty/netty-codec-http2/4.1.74.Final/netty-codec-http2-4.1.74.Final.jar:/home/runner/.m2/repository/io/netty/netty-resolver/4.1.74.Final/netty-resolver-4.1.74.Final.jar:/home/runner/.m2/repository/io/netty/netty-resolver-dns/4.1.74.Final/netty-resolver-dns-4.1.74.Final.jar:/home/runner/.m2/repository/io/netty/netty-codec-dns/4.1.74.Final/netty-codec-dns-4.1.74.Final.jar:/home/runner/.m2/repository/io/smallrye/common/smallrye-common-constraint/1.11.0/smallrye-common-constraint-1.11.0.jar:/home/runner/.m2/repository/io/quarkus/quarkus-vertx-http-dev-console-runtime-spi/2.9.1.Final/quarkus-vertx-http-dev-console-runtime-spi-2.9.1.Final.jar:/home/runner/.m2/repository/io/quarkus/security/quarkus-security/1.1.4.Final/quarkus-security-1.1.4.Final.jar:/home/runner/.m2/repository/io/quarkus/quarkus-vertx/2.9.1.Final/quarkus-vertx-2.9.1.Final.jar:/home/runner/.m2/repository/io/quarkus/quarkus-netty/2.9.1.Final/quarkus-netty-2.9.1.Final.jar:/home/runner/.m2/repository/io/netty/netty-codec/4.1.74.Final/netty-codec-4.1.74.Final.jar:/home/runner/.m2/repository/io/netty/netty-codec-haproxy/4.1.74.Final/netty-codec-haproxy-4.1.74.Final.jar:/home/runner/.m2/repository/io/smallrye/common/smallrye-common-annotation/1.11.0/smallrye-common-annotation-1.11.0.jar:/home/runner/.m2/repository/io/smallrye/smallrye-fault-tolerance-vertx/5.4.0/smallrye-fault-tolerance-vertx-5.4.0.jar:/home/runner/.m2/repository/io/smallrye/reactive/smallrye-mutiny-vertx-web/2.21.0/smallrye-mutiny-vertx-web-2.21.0.jar:/home/runner/.m2/repository/io/smallrye/reactive/smallrye-mutiny-vertx-web-common/2.21.0/smallrye-mutiny-vertx-web-common-2.21.0.jar:/home/runner/.m2/repository/io/smallrye/reactive/smallrye-mutiny-vertx-auth-common/2.21.0/smallrye-mutiny-vertx-auth-common-2.21.0.jar:/home/runner/.m2/repository/io/smallrye/reactive/smallrye-mutiny-vertx-bridge-common/2.21.0/smallrye-mutiny-vertx-bridge-common-2.21.0.jar:/home/runner/.m2/repository/io/vertx/vertx-web/4.2.7/vertx-web-4.2.7.jar:/home/runner/.m2/repository/io/vertx/vertx-web-common/4.2.7/vertx-web-common-4.2.7.jar:/home/runner/.m2/repository/io/vertx/vertx-auth-common/4.2.7/vertx-auth-common-4.2.7.jar:/home/runner/.m2/repository/io/vertx/vertx-bridge-common/4.2.7/vertx-bridge-common-4.2.7.jar:/home/runner/.m2/repository/io/quarkus/quarkus-swagger-ui/2.9.1.Final/quarkus-swagger-ui-2.9.1.Final.jar:/home/runner/.m2/repository/io/quarkus/quarkus-rest-client/2.9.1.Final/quarkus-rest-client-2.9.1.Final.jar:/home/runner/.m2/repository/io/quarkus/quarkus-resteasy-common/2.9.1.Final/quarkus-resteasy-common-2.9.1.Final.jar:/home/runner/.m2/repository/org/jboss/resteasy/resteasy-core/4.7.5.Final/resteasy-core-4.7.5.Final.jar:/home/runner/.m2/repository/org/jboss/resteasy/resteasy-core-spi/4.7.5.Final/resteasy-core-spi-4.7.5.Final.jar:/home/runner/.m2/repository/org/reactivestreams/reactive-streams/1.0.3/reactive-streams-1.0.3.jar:/home/runner/.m2/repository/jakarta/validation/jakarta.validation-api/2.0.2/jakarta.validation-api-2.0.2.jar:/home/runner/.m2/repository/com/ibm/async/asyncutil/0.1.0/asyncutil-0.1.0.jar:/home/runner/.m2/repository/com/sun/activation/jakarta.activation/1.2.1/jakarta.activation-1.2.1.jar:/home/runner/.m2/repository/io/quarkus/quarkus-apache-httpclient/2.9.1.Final/quarkus-apache-httpclient-2.9.1.Final.jar:/home/runner/.m2/repository/io/quarkus/quarkus-rest-client-config/2.9.1.Final/quarkus-rest-client-config-2.9.1.Final.jar:/home/runner/.m2/repository/org/eclipse/microprofile/rest/client/microprofile-rest-client-api/2.0/microprofile-rest-client-api-2.0.jar:/home/runner/.m2/repository/org/jboss/resteasy/resteasy-client-microprofile/4.7.5.Final/resteasy-client-microprofile-4.7.5.Final.jar:/home/runner/.m2/repository/org/jboss/resteasy/resteasy-client-microprofile-base/4.7.5.Final/resteasy-client-microprofile-base-4.7.5.Final.jar:/home/runner/.m2/repository/org/jboss/resteasy/resteasy-client/4.7.5.Final/resteasy-client-4.7.5.Final.jar:/home/runner/.m2/repository/org/jboss/resteasy/resteasy-client-api/4.7.5.Final/resteasy-client-api-4.7.5.Final.jar:/home/runner/.m2/repository/commons-io/commons-io/2.11.0/commons-io-2.11.0.jar:/home/runner/.m2/repository/org/jboss/resteasy/resteasy-cdi/4.7.5.Final/resteasy-cdi-4.7.5.Final.jar:/home/runner/.m2/repository/jakarta/interceptor/jakarta.interceptor-api/1.2.5/jakarta.interceptor-api-1.2.5.jar:/home/runner/.m2/repository/org/apache/httpcomponents/httpasyncclient/4.1.5/httpasyncclient-4.1.5.jar:/home/runner/.m2/repository/org/apache/httpcomponents/httpcore-nio/4.4.15/httpcore-nio-4.4.15.jar:/home/runner/.m2/repository/org/jboss/logging/commons-logging-jboss-logging/1.0.0.Final/commons-logging-jboss-logging-1.0.0.Final.jar:/home/runner/.m2/repository/io/quarkus/quarkus-rest-client-jackson/2.9.1.Final/quarkus-rest-client-jackson-2.9.1.Final.jar:/home/runner/.m2/repository/io/quarkus/quarkus-jackson/2.9.1.Final/quarkus-jackson-2.9.1.Final.jar:/home/runner/.m2/repository/com/fasterxml/jackson/datatype/jackson-datatype-jsr310/2.13.2/jackson-datatype-jsr310-2.13.2.jar:/home/runner/.m2/repository/com/fasterxml/jackson/datatype/jackson-datatype-jdk8/2.13.2/jackson-datatype-jdk8-2.13.2.jar:/home/runner/.m2/repository/com/fasterxml/jackson/module/jackson-module-parameter-names/2.13.2/jackson-module-parameter-names-2.13.2.jar:/home/runner/.m2/repository/org/jboss/resteasy/resteasy-jackson2-provider/4.7.5.Final/resteasy-jackson2-provider-4.7.5.Final.jar:/home/runner/.m2/repository/com/fasterxml/jackson/jaxrs/jackson-jaxrs-json-provider/2.13.2/jackson-jaxrs-json-provider-2.13.2.jar:/home/runner/.m2/repository/com/fasterxml/jackson/jaxrs/jackson-jaxrs-base/2.13.2/jackson-jaxrs-base-2.13.2.jar:/home/runner/.m2/repository/com/fasterxml/jackson/module/jackson-module-jaxb-annotations/2.13.2/jackson-module-jaxb-annotations-2.13.2.jar:/home/runner/.m2/repository/com/github/java-json-tools/json-patch/1.13/json-patch-1.13.jar:/home/runner/.m2/repository/com/github/java-json-tools/msg-simple/1.2/msg-simple-1.2.jar:/home/runner/.m2/repository/com/github/java-json-tools/btf/1.3/btf-1.3.jar:/home/runner/.m2/repository/com/github/java-json-tools/jackson-coreutils/2.0/jackson-coreutils-2.0.jar:/home/runner/.m2/repository/org/jboss/spec/javax/xml/bind/jboss-jaxb-api_2.3_spec/2.0.0.Final/jboss-jaxb-api_2.3_spec-2.0.0.Final.jar:/home/runner/.m2/repository/com/fasterxml/jackson/dataformat/jackson-dataformat-yaml/2.13.2/jackson-dataformat-yaml-2.13.2.jar:/home/runner/.m2/repository/org/yaml/snakeyaml/1.30/snakeyaml-1.30.jar:/home/runner/.m2/repository/io/quarkus/quarkus-devtools-registry-client/2.9.1.Final/quarkus-devtools-registry-client-2.9.1.Final.jar:/home/runner/.m2/repository/io/quarkus/quarkus-devtools-artifact-api/2.9.1.Final/quarkus-devtools-artifact-api-2.9.1.Final.jar:/home/runner/.m2/repository/io/quarkus/quarkus-devtools-message-writer/2.9.1.Final/quarkus-devtools-message-writer-2.9.1.Final.jar:/home/runner/.m2/repository/io/smallrye/common/smallrye-common-os/1.11.0/smallrye-common-os-1.11.0.jar:/home/runner/.m2/repository/io/quarkus/quarkus-bootstrap-maven-resolver/2.9.1.Final/quarkus-bootstrap-maven-resolver-2.9.1.Final.jar:/home/runner/.m2/repository/org/apache/maven/maven-embedder/3.8.4/maven-embedder-3.8.4.jar:/home/runner/.m2/repository/org/apache/maven/maven-settings/3.8.4/maven-settings-3.8.4.jar:/home/runner/.m2/repository/org/apache/maven/maven-core/3.8.4/maven-core-3.8.4.jar:/home/runner/.m2/repository/org/apache/maven/maven-artifact/3.8.4/maven-artifact-3.8.4.jar:/home/runner/.m2/repository/org/codehaus/plexus/plexus-component-annotations/2.1.0/plexus-component-annotations-2.1.0.jar:/home/runner/.m2/repository/org/apache/maven/maven-plugin-api/3.8.4/maven-plugin-api-3.8.4.jar:/home/runner/.m2/repository/org/apache/maven/maven-model/3.8.4/maven-model-3.8.4.jar:/home/runner/.m2/repository/org/apache/maven/maven-model-builder/3.8.4/maven-model-builder-3.8.4.jar:/home/runner/.m2/repository/org/apache/maven/maven-builder-support/3.8.4/maven-builder-support-3.8.4.jar:/home/runner/.m2/repository/org/apache/maven/resolver/maven-resolver-api/1.6.3/maven-resolver-api-1.6.3.jar:/home/runner/.m2/repository/org/apache/maven/resolver/maven-resolver-util/1.6.3/maven-resolver-util-1.6.3.jar:/home/runner/.m2/repository/org/apache/maven/shared/maven-shared-utils/3.3.4/maven-shared-utils-3.3.4.jar:/home/runner/.m2/repository/com/google/inject/guice/4.2.2/guice-4.2.2-no_aop.jar:/home/runner/.m2/repository/org/codehaus/plexus/plexus-classworlds/2.6.0/plexus-classworlds-2.6.0.jar:/home/runner/.m2/repository/org/codehaus/plexus/plexus-sec-dispatcher/2.0/plexus-sec-dispatcher-2.0.jar:/home/runner/.m2/repository/org/codehaus/plexus/plexus-cipher/2.0/plexus-cipher-2.0.jar:/home/runner/.m2/repository/commons-cli/commons-cli/1.4/commons-cli-1.4.jar:/home/runner/.m2/repository/org/eclipse/sisu/org.eclipse.sisu.plexus/0.3.5/org.eclipse.sisu.plexus-0.3.5.jar:/home/runner/.m2/repository/org/apache/maven/maven-settings-builder/3.8.4/maven-settings-builder-3.8.4.jar:/home/runner/.m2/repository/org/codehaus/plexus/plexus-interpolation/1.26/plexus-interpolation-1.26.jar:/home/runner/.m2/repository/org/apache/maven/maven-resolver-provider/3.8.4/maven-resolver-provider-3.8.4.jar:/home/runner/.m2/repository/org/apache/maven/maven-repository-metadata/3.8.4/maven-repository-metadata-3.8.4.jar:/home/runner/.m2/repository/org/apache/maven/resolver/maven-resolver-spi/1.6.3/maven-resolver-spi-1.6.3.jar:/home/runner/.m2/repository/org/apache/maven/resolver/maven-resolver-impl/1.6.3/maven-resolver-impl-1.6.3.jar:/home/runner/.m2/repository/org/codehaus/plexus/plexus-utils/3.3.0/plexus-utils-3.3.0.jar:/home/runner/.m2/repository/org/apache/maven/resolver/maven-resolver-connector-basic/1.6.3/maven-resolver-connector-basic-1.6.3.jar:/home/runner/.m2/repository/org/apache/maven/resolver/maven-resolver-transport-wagon/1.6.3/maven-resolver-transport-wagon-1.6.3.jar:/home/runner/.m2/repository/org/apache/maven/wagon/wagon-http/3.4.3/wagon-http-3.4.3.jar:/home/runner/.m2/repository/org/apache/maven/wagon/wagon-http-shared/3.4.3/wagon-http-shared-3.4.3.jar:/home/runner/.m2/repository/org/jsoup/jsoup/1.14.2/jsoup-1.14.2.jar:/home/runner/.m2/repository/org/apache/maven/wagon/wagon-provider-api/3.4.3/wagon-provider-api-3.4.3.jar:/home/runner/.m2/repository/org/apache/maven/wagon/wagon-file/3.4.3/wagon-file-3.4.3.jar:/home/runner/.m2/repository/org/junit/jupiter/junit-jupiter/5.8.2/junit-jupiter-5.8.2.jar:/home/runner/.m2/repository/org/junit/jupiter/junit-jupiter-api/5.8.2/junit-jupiter-api-5.8.2.jar:/home/runner/.m2/repository/org/opentest4j/opentest4j/1.2.0/opentest4j-1.2.0.jar:/home/runner/.m2/repository/org/junit/platform/junit-platform-commons/1.8.2/junit-platform-commons-1.8.2.jar:/home/runner/.m2/repository/org/apiguardian/apiguardian-api/1.1.2/apiguardian-api-1.1.2.jar:/home/runner/.m2/repository/org/junit/jupiter/junit-jupiter-params/5.8.2/junit-jupiter-params-5.8.2.jar:/home/runner/.m2/repository/org/junit/jupiter/junit-jupiter-engine/5.8.2/junit-jupiter-engine-5.8.2.jar:/home/runner/.m2/repository/org/junit/platform/junit-platform-engine/1.8.2/junit-platform-engine-1.8.2.jar:/home/runner/.m2/repository/org/testcontainers/junit-jupiter/1.17.6/junit-jupiter-1.17.6.jar:/home/runner/.m2/repository/org/testcontainers/testcontainers/1.17.6/testcontainers-1.17.6.jar:/home/runner/.m2/repository/junit/junit/4.13.2/junit-4.13.2.jar:/home/runner/.m2/repository/org/slf4j/slf4j-api/1.7.36/slf4j-api-1.7.36.jar:/home/runner/.m2/repository/org/apache/commons/commons-compress/1.21/commons-compress-1.21.jar:/home/runner/.m2/repository/org/rnorth/duct-tape/duct-tape/1.0.8/duct-tape-1.0.8.jar:/home/runner/.m2/repository/org/jetbrains/annotations/17.0.0/annotations-17.0.0.jar:/home/runner/.m2/repository/com/github/docker-java/docker-java-api/3.2.13/docker-java-api-3.2.13.jar:/home/runner/.m2/repository/com/github/docker-java/docker-java-transport-zerodep/3.2.13/docker-java-transport-zerodep-3.2.13.jar:/home/runner/.m2/repository/com/github/docker-java/docker-java-transport/3.2.13/docker-java-transport-3.2.13.jar:/home/runner/.m2/repository/net/java/dev/jna/jna/5.8.0/jna-5.8.0.jar:/home/runner/.m2/repository/org/testcontainers/postgresql/1.17.6/postgresql-1.17.6.jar:/home/runner/.m2/repository/org/testcontainers/jdbc/1.17.1/jdbc-1.17.1.jar:/home/runner/.m2/repository/org/testcontainers/database-commons/1.17.1/database-commons-1.17.1.jar:/home/runner/.m2/repository/org/testcontainers/elasticsearch/1.17.6/elasticsearch-1.17.6.jar:"/>
    <property name="java.vm.vendor" value="Eclipse Adoptium"/>
    <property name="sun.arch.data.model" value="64"/>
    <property name="java.vendor.url" value="https://adoptium.net/"/>
    <property name="user.timezone" value="Etc/UTC"/>
    <property name="java.vm.specification.version" value="11"/>
    <property name="os.name" value="Linux"/>
    <property name="sun.java.launcher" value="SUN_STANDARD"/>
    <property name="mp.openapi.extensions.smallrye.defaultProduces" value="application/json"/>
    <property name="sun.boot.library.path" value="/usr/lib/jvm/temurin-11-jdk-amd64/lib"/>
    <property name="sun.java.command" value="/home/runner/work/core/core/tools/dotcms-cli/api-data-model/target/surefire/surefirebooter12816306209610645722.jar /home/runner/work/core/core/tools/dotcms-cli/api-data-model/target/surefire 2023-08-04T12-53-42_566-jvmRun1 surefire3876504876019672242tmp surefire_07246001538805098117tmp"/>
    <property name="jdk.debug" value="release"/>
    <property name="maven.home" value="/home/runner/.m2/wrapper/dists/apache-maven-3.8.4-bin/52ccbt68d252mdldqsfsn03jlf/apache-maven-3.8.4"/>
    <property name="surefire.test.class.path" value="/home/runner/work/core/core/tools/dotcms-cli/api-data-model/target/test-classes:/home/runner/work/core/core/tools/dotcms-cli/api-data-model/target/classes:/home/runner/.m2/repository/io/quarkus/quarkus-arc/2.9.1.Final/quarkus-arc-2.9.1.Final.jar:/home/runner/.m2/repository/io/quarkus/arc/arc/2.9.1.Final/arc-2.9.1.Final.jar:/home/runner/.m2/repository/jakarta/enterprise/jakarta.enterprise.cdi-api/2.0.2/jakarta.enterprise.cdi-api-2.0.2.jar:/home/runner/.m2/repository/jakarta/el/jakarta.el-api/3.0.3/jakarta.el-api-3.0.3.jar:/home/runner/.m2/repository/jakarta/annotation/jakarta.annotation-api/1.3.5/jakarta.annotation-api-1.3.5.jar:/home/runner/.m2/repository/jakarta/transaction/jakarta.transaction-api/1.3.3/jakarta.transaction-api-1.3.3.jar:/home/runner/.m2/repository/org/jboss/logging/jboss-logging/3.4.3.Final/jboss-logging-3.4.3.Final.jar:/home/runner/.m2/repository/io/quarkus/quarkus-core/2.9.1.Final/quarkus-core-2.9.1.Final.jar:/home/runner/.m2/repository/jakarta/inject/jakarta.inject-api/1.0/jakarta.inject-api-1.0.jar:/home/runner/.m2/repository/io/quarkus/quarkus-ide-launcher/2.9.1.Final/quarkus-ide-launcher-2.9.1.Final.jar:/home/runner/.m2/repository/io/quarkus/quarkus-development-mode-spi/2.9.1.Final/quarkus-development-mode-spi-2.9.1.Final.jar:/home/runner/.m2/repository/io/smallrye/config/smallrye-config/2.10.0/smallrye-config-2.10.0.jar:/home/runner/.m2/repository/io/smallrye/config/smallrye-config-core/2.10.0/smallrye-config-core-2.10.0.jar:/home/runner/.m2/repository/io/smallrye/common/smallrye-common-expression/1.11.0/smallrye-common-expression-1.11.0.jar:/home/runner/.m2/repository/io/smallrye/common/smallrye-common-function/1.11.0/smallrye-common-function-1.11.0.jar:/home/runner/.m2/repository/io/smallrye/common/smallrye-common-classloader/1.11.0/smallrye-common-classloader-1.11.0.jar:/home/runner/.m2/repository/io/smallrye/config/smallrye-config-common/2.10.0/smallrye-config-common-2.10.0.jar:/home/runner/.m2/repository/org/jboss/logmanager/jboss-logmanager-embedded/1.0.9/jboss-logmanager-embedded-1.0.9.jar:/home/runner/.m2/repository/org/jboss/logging/jboss-logging-annotations/2.2.1.Final/jboss-logging-annotations-2.2.1.Final.jar:/home/runner/.m2/repository/org/jboss/threads/jboss-threads/3.4.2.Final/jboss-threads-3.4.2.Final.jar:/home/runner/.m2/repository/org/jboss/slf4j/slf4j-jboss-logmanager/1.1.0.Final/slf4j-jboss-logmanager-1.1.0.Final.jar:/home/runner/.m2/repository/org/graalvm/sdk/graal-sdk/22.0.0.2/graal-sdk-22.0.0.2.jar:/home/runner/.m2/repository/org/wildfly/common/wildfly-common/1.5.4.Final-format-001/wildfly-common-1.5.4.Final-format-001.jar:/home/runner/.m2/repository/io/quarkus/quarkus-bootstrap-runner/2.9.1.Final/quarkus-bootstrap-runner-2.9.1.Final.jar:/home/runner/.m2/repository/io/quarkus/quarkus-fs-util/0.0.9/quarkus-fs-util-0.0.9.jar:/home/runner/.m2/repository/org/eclipse/microprofile/context-propagation/microprofile-context-propagation-api/1.2/microprofile-context-propagation-api-1.2.jar:/home/runner/.m2/repository/io/quarkus/quarkus-junit5/2.9.1.Final/quarkus-junit5-2.9.1.Final.jar:/home/runner/.m2/repository/io/quarkus/quarkus-bootstrap-core/2.9.1.Final/quarkus-bootstrap-core-2.9.1.Final.jar:/home/runner/.m2/repository/io/quarkus/quarkus-bootstrap-app-model/2.9.1.Final/quarkus-bootstrap-app-model-2.9.1.Final.jar:/home/runner/.m2/repository/io/quarkus/quarkus-bootstrap-gradle-resolver/2.9.1.Final/quarkus-bootstrap-gradle-resolver-2.9.1.Final.jar:/home/runner/.m2/repository/io/smallrye/common/smallrye-common-io/1.11.0/smallrye-common-io-1.11.0.jar:/home/runner/.m2/repository/org/eclipse/sisu/org.eclipse.sisu.inject/0.3.5/org.eclipse.sisu.inject-0.3.5.jar:/home/runner/.m2/repository/io/quarkus/quarkus-test-common/2.9.1.Final/quarkus-test-common-2.9.1.Final.jar:/home/runner/.m2/repository/io/quarkus/quarkus-core-deployment/2.9.1.Final/quarkus-core-deployment-2.9.1.Final.jar:/home/runner/.m2/repository/org/aesh/readline/2.2/readline-2.2.jar:/home/runner/.m2/repository/org/fusesource/jansi/jansi/1.18/jansi-1.18.jar:/home/runner/.m2/repository/org/aesh/aesh/2.6/aesh-2.6.jar:/home/runner/.m2/repository/io/quarkus/gizmo/gizmo/1.0.10.Final/gizmo-1.0.10.Final.jar:/home/runner/.m2/repository/org/ow2/asm/asm-util/9.2/asm-util-9.2.jar:/home/runner/.m2/repository/org/ow2/asm/asm/9.3/asm-9.3.jar:/home/runner/.m2/repository/org/ow2/asm/asm-commons/9.3/asm-commons-9.3.jar:/home/runner/.m2/repository/org/ow2/asm/asm-tree/9.3/asm-tree-9.3.jar:/home/runner/.m2/repository/org/ow2/asm/asm-analysis/9.3/asm-analysis-9.3.jar:/home/runner/.m2/repository/io/quarkus/quarkus-class-change-agent/2.9.1.Final/quarkus-class-change-agent-2.9.1.Final.jar:/home/runner/.m2/repository/io/quarkus/quarkus-devtools-utilities/2.9.1.Final/quarkus-devtools-utilities-2.9.1.Final.jar:/home/runner/.m2/repository/io/quarkus/quarkus-builder/2.9.1.Final/quarkus-builder-2.9.1.Final.jar:/home/runner/.m2/repository/org/junit/platform/junit-platform-launcher/1.8.2/junit-platform-launcher-1.8.2.jar:/home/runner/.m2/repository/org/jboss/jandex/2.4.2.Final/jandex-2.4.2.Final.jar:/home/runner/.m2/repository/io/quarkus/quarkus-junit5-properties/2.9.1.Final/quarkus-junit5-properties-2.9.1.Final.jar:/home/runner/.m2/repository/com/thoughtworks/xstream/xstream/1.4.19/xstream-1.4.19.jar:/home/runner/.m2/repository/io/github/x-stream/mxparser/1.2.2/mxparser-1.2.2.jar:/home/runner/.m2/repository/xmlpull/xmlpull/1.1.3.1/xmlpull-1.1.3.1.jar:/home/runner/.m2/repository/org/immutables/value/2.8.2/value-2.8.2.jar:/home/runner/.m2/repository/io/quarkus/quarkus-resteasy-reactive-jackson/2.9.1.Final/quarkus-resteasy-reactive-jackson-2.9.1.Final.jar:/home/runner/.m2/repository/io/quarkus/quarkus-resteasy-reactive/2.9.1.Final/quarkus-resteasy-reactive-2.9.1.Final.jar:/home/runner/.m2/repository/io/quarkus/quarkus-resteasy-reactive-common/2.9.1.Final/quarkus-resteasy-reactive-common-2.9.1.Final.jar:/home/runner/.m2/repository/io/quarkus/resteasy/reactive/resteasy-reactive-common/2.9.1.Final/resteasy-reactive-common-2.9.1.Final.jar:/home/runner/.m2/repository/io/quarkus/resteasy/reactive/resteasy-reactive-vertx/2.9.1.Final/resteasy-reactive-vertx-2.9.1.Final.jar:/home/runner/.m2/repository/io/smallrye/reactive/smallrye-mutiny-vertx-core/2.21.0/smallrye-mutiny-vertx-core-2.21.0.jar:/home/runner/.m2/repository/io/smallrye/reactive/smallrye-mutiny-vertx-runtime/2.21.0/smallrye-mutiny-vertx-runtime-2.21.0.jar:/home/runner/.m2/repository/io/smallrye/reactive/vertx-mutiny-generator/2.21.0/vertx-mutiny-generator-2.21.0.jar:/home/runner/.m2/repository/io/vertx/vertx-codegen/4.2.7/vertx-codegen-4.2.7.jar:/home/runner/.m2/repository/io/quarkus/resteasy/reactive/resteasy-reactive/2.9.1.Final/resteasy-reactive-2.9.1.Final.jar:/home/runner/.m2/repository/org/jboss/spec/javax/ws/rs/jboss-jaxrs-api_2.1_spec/2.0.1.Final/jboss-jaxrs-api_2.1_spec-2.0.1.Final.jar:/home/runner/.m2/repository/io/quarkus/quarkus-jsonp/2.9.1.Final/quarkus-jsonp-2.9.1.Final.jar:/home/runner/.m2/repository/org/glassfish/jakarta.json/1.1.6/jakarta.json-1.1.6.jar:/home/runner/.m2/repository/io/quarkus/quarkus-resteasy-reactive-jackson-common/2.9.1.Final/quarkus-resteasy-reactive-jackson-common-2.9.1.Final.jar:/home/runner/.m2/repository/io/quarkus/resteasy/reactive/resteasy-reactive-jackson/2.9.1.Final/resteasy-reactive-jackson-2.9.1.Final.jar:/home/runner/.m2/repository/com/google/code/findbugs/jsr305/3.0.2/jsr305-3.0.2.jar:/home/runner/.m2/repository/io/rest-assured/rest-assured/4.5.1/rest-assured-4.5.1.jar:/home/runner/.m2/repository/org/codehaus/groovy/groovy/3.0.9/groovy-3.0.9.jar:/home/runner/.m2/repository/org/codehaus/groovy/groovy-xml/3.0.9/groovy-xml-3.0.9.jar:/home/runner/.m2/repository/org/apache/httpcomponents/httpclient/4.5.13/httpclient-4.5.13.jar:/home/runner/.m2/repository/org/apache/httpcomponents/httpcore/4.4.15/httpcore-4.4.15.jar:/home/runner/.m2/repository/commons-codec/commons-codec/1.15/commons-codec-1.15.jar:/home/runner/.m2/repository/org/apache/httpcomponents/httpmime/4.5.13/httpmime-4.5.13.jar:/home/runner/.m2/repository/org/hamcrest/hamcrest/2.1/hamcrest-2.1.jar:/home/runner/.m2/repository/org/ccil/cowan/tagsoup/tagsoup/1.2.1/tagsoup-1.2.1.jar:/home/runner/.m2/repository/io/rest-assured/json-path/4.5.1/json-path-4.5.1.jar:/home/runner/.m2/repository/org/codehaus/groovy/groovy-json/3.0.9/groovy-json-3.0.9.jar:/home/runner/.m2/repository/io/rest-assured/rest-assured-common/4.5.1/rest-assured-common-4.5.1.jar:/home/runner/.m2/repository/io/rest-assured/xml-path/4.5.1/xml-path-4.5.1.jar:/home/runner/.m2/repository/org/apache/commons/commons-lang3/3.12.0/commons-lang3-3.12.0.jar:/home/runner/.m2/repository/com/github/jonpeterson/jackson-module-model-versioning/1.2.2/jackson-module-model-versioning-1.2.2.jar:/home/runner/.m2/repository/com/fasterxml/jackson/core/jackson-databind/2.13.2.2/jackson-databind-2.13.2.2.jar:/home/runner/.m2/repository/com/fasterxml/jackson/core/jackson-annotations/2.13.2/jackson-annotations-2.13.2.jar:/home/runner/.m2/repository/com/fasterxml/jackson/datatype/jackson-datatype-guava/2.13.3/jackson-datatype-guava-2.13.3.jar:/home/runner/.m2/repository/com/google/guava/guava/31.1-jre/guava-31.1-jre.jar:/home/runner/.m2/repository/com/google/guava/failureaccess/1.0.1/failureaccess-1.0.1.jar:/home/runner/.m2/repository/org/checkerframework/checker-qual/3.21.4/checker-qual-3.21.4.jar:/home/runner/.m2/repository/com/google/errorprone/error_prone_annotations/2.13.1/error_prone_annotations-2.13.1.jar:/home/runner/.m2/repository/com/google/j2objc/j2objc-annotations/1.3/j2objc-annotations-1.3.jar:/home/runner/.m2/repository/com/fasterxml/jackson/core/jackson-core/2.13.2/jackson-core-2.13.2.jar:/home/runner/.m2/repository/io/quarkus/quarkus-smallrye-openapi/2.9.1.Final/quarkus-smallrye-openapi-2.9.1.Final.jar:/home/runner/.m2/repository/io/smallrye/smallrye-open-api-core/2.1.22/smallrye-open-api-core-2.1.22.jar:/home/runner/.m2/repository/org/eclipse/microprofile/openapi/microprofile-openapi-api/2.0.1/microprofile-openapi-api-2.0.1.jar:/home/runner/.m2/repository/org/eclipse/microprofile/config/microprofile-config-api/2.0.1/microprofile-config-api-2.0.1.jar:/home/runner/.m2/repository/io/quarkus/quarkus-vertx-http/2.9.1.Final/quarkus-vertx-http-2.9.1.Final.jar:/home/runner/.m2/repository/io/quarkus/quarkus-security-runtime-spi/2.9.1.Final/quarkus-security-runtime-spi-2.9.1.Final.jar:/home/runner/.m2/repository/io/quarkus/quarkus-mutiny/2.9.1.Final/quarkus-mutiny-2.9.1.Final.jar:/home/runner/.m2/repository/io/smallrye/reactive/mutiny/1.4.0/mutiny-1.4.0.jar:/home/runner/.m2/repository/io/quarkus/quarkus-smallrye-context-propagation/2.9.1.Final/quarkus-smallrye-context-propagation-2.9.1.Final.jar:/home/runner/.m2/repository/io/smallrye/smallrye-context-propagation/1.2.2/smallrye-context-propagation-1.2.2.jar:/home/runner/.m2/repository/io/smallrye/smallrye-context-propagation-api/1.2.2/smallrye-context-propagation-api-1.2.2.jar:/home/runner/.m2/repository/io/smallrye/smallrye-context-propagation-storage/1.2.2/smallrye-context-propagation-storage-1.2.2.jar:/home/runner/.m2/repository/io/smallrye/reactive/mutiny-smallrye-context-propagation/1.4.0/mutiny-smallrye-context-propagation-1.4.0.jar:/home/runner/.m2/repository/io/smallrye/common/smallrye-common-vertx-context/1.11.0/smallrye-common-vertx-context-1.11.0.jar:/home/runner/.m2/repository/io/vertx/vertx-core/4.2.7/vertx-core-4.2.7.jar:/home/runner/.m2/repository/io/netty/netty-common/4.1.74.Final/netty-common-4.1.74.Final.jar:/home/runner/.m2/repository/io/netty/netty-buffer/4.1.74.Final/netty-buffer-4.1.74.Final.jar:/home/runner/.m2/repository/io/netty/netty-transport/4.1.74.Final/netty-transport-4.1.74.Final.jar:/home/runner/.m2/repository/io/netty/netty-handler/4.1.74.Final/netty-handler-4.1.74.Final.jar:/home/runner/.m2/repository/io/netty/netty-tcnative-classes/2.0.48.Final/netty-tcnative-classes-2.0.48.Final.jar:/home/runner/.m2/repository/io/netty/netty-handler-proxy/4.1.74.Final/netty-handler-proxy-4.1.74.Final.jar:/home/runner/.m2/repository/io/netty/netty-codec-socks/4.1.74.Final/netty-codec-socks-4.1.74.Final.jar:/home/runner/.m2/repository/io/netty/netty-codec-http/4.1.74.Final/netty-codec-http-4.1.74.Final.jar:/home/runner/.m2/repository/io/netty/netty-codec-http2/4.1.74.Final/netty-codec-http2-4.1.74.Final.jar:/home/runner/.m2/repository/io/netty/netty-resolver/4.1.74.Final/netty-resolver-4.1.74.Final.jar:/home/runner/.m2/repository/io/netty/netty-resolver-dns/4.1.74.Final/netty-resolver-dns-4.1.74.Final.jar:/home/runner/.m2/repository/io/netty/netty-codec-dns/4.1.74.Final/netty-codec-dns-4.1.74.Final.jar:/home/runner/.m2/repository/io/smallrye/common/smallrye-common-constraint/1.11.0/smallrye-common-constraint-1.11.0.jar:/home/runner/.m2/repository/io/quarkus/quarkus-vertx-http-dev-console-runtime-spi/2.9.1.Final/quarkus-vertx-http-dev-console-runtime-spi-2.9.1.Final.jar:/home/runner/.m2/repository/io/quarkus/security/quarkus-security/1.1.4.Final/quarkus-security-1.1.4.Final.jar:/home/runner/.m2/repository/io/quarkus/quarkus-vertx/2.9.1.Final/quarkus-vertx-2.9.1.Final.jar:/home/runner/.m2/repository/io/quarkus/quarkus-netty/2.9.1.Final/quarkus-netty-2.9.1.Final.jar:/home/runner/.m2/repository/io/netty/netty-codec/4.1.74.Final/netty-codec-4.1.74.Final.jar:/home/runner/.m2/repository/io/netty/netty-codec-haproxy/4.1.74.Final/netty-codec-haproxy-4.1.74.Final.jar:/home/runner/.m2/repository/io/smallrye/common/smallrye-common-annotation/1.11.0/smallrye-common-annotation-1.11.0.jar:/home/runner/.m2/repository/io/smallrye/smallrye-fault-tolerance-vertx/5.4.0/smallrye-fault-tolerance-vertx-5.4.0.jar:/home/runner/.m2/repository/io/smallrye/reactive/smallrye-mutiny-vertx-web/2.21.0/smallrye-mutiny-vertx-web-2.21.0.jar:/home/runner/.m2/repository/io/smallrye/reactive/smallrye-mutiny-vertx-web-common/2.21.0/smallrye-mutiny-vertx-web-common-2.21.0.jar:/home/runner/.m2/repository/io/smallrye/reactive/smallrye-mutiny-vertx-auth-common/2.21.0/smallrye-mutiny-vertx-auth-common-2.21.0.jar:/home/runner/.m2/repository/io/smallrye/reactive/smallrye-mutiny-vertx-bridge-common/2.21.0/smallrye-mutiny-vertx-bridge-common-2.21.0.jar:/home/runner/.m2/repository/io/vertx/vertx-web/4.2.7/vertx-web-4.2.7.jar:/home/runner/.m2/repository/io/vertx/vertx-web-common/4.2.7/vertx-web-common-4.2.7.jar:/home/runner/.m2/repository/io/vertx/vertx-auth-common/4.2.7/vertx-auth-common-4.2.7.jar:/home/runner/.m2/repository/io/vertx/vertx-bridge-common/4.2.7/vertx-bridge-common-4.2.7.jar:/home/runner/.m2/repository/io/quarkus/quarkus-swagger-ui/2.9.1.Final/quarkus-swagger-ui-2.9.1.Final.jar:/home/runner/.m2/repository/io/quarkus/quarkus-rest-client/2.9.1.Final/quarkus-rest-client-2.9.1.Final.jar:/home/runner/.m2/repository/io/quarkus/quarkus-resteasy-common/2.9.1.Final/quarkus-resteasy-common-2.9.1.Final.jar:/home/runner/.m2/repository/org/jboss/resteasy/resteasy-core/4.7.5.Final/resteasy-core-4.7.5.Final.jar:/home/runner/.m2/repository/org/jboss/resteasy/resteasy-core-spi/4.7.5.Final/resteasy-core-spi-4.7.5.Final.jar:/home/runner/.m2/repository/org/reactivestreams/reactive-streams/1.0.3/reactive-streams-1.0.3.jar:/home/runner/.m2/repository/jakarta/validation/jakarta.validation-api/2.0.2/jakarta.validation-api-2.0.2.jar:/home/runner/.m2/repository/com/ibm/async/asyncutil/0.1.0/asyncutil-0.1.0.jar:/home/runner/.m2/repository/com/sun/activation/jakarta.activation/1.2.1/jakarta.activation-1.2.1.jar:/home/runner/.m2/repository/io/quarkus/quarkus-apache-httpclient/2.9.1.Final/quarkus-apache-httpclient-2.9.1.Final.jar:/home/runner/.m2/repository/io/quarkus/quarkus-rest-client-config/2.9.1.Final/quarkus-rest-client-config-2.9.1.Final.jar:/home/runner/.m2/repository/org/eclipse/microprofile/rest/client/microprofile-rest-client-api/2.0/microprofile-rest-client-api-2.0.jar:/home/runner/.m2/repository/org/jboss/resteasy/resteasy-client-microprofile/4.7.5.Final/resteasy-client-microprofile-4.7.5.Final.jar:/home/runner/.m2/repository/org/jboss/resteasy/resteasy-client-microprofile-base/4.7.5.Final/resteasy-client-microprofile-base-4.7.5.Final.jar:/home/runner/.m2/repository/org/jboss/resteasy/resteasy-client/4.7.5.Final/resteasy-client-4.7.5.Final.jar:/home/runner/.m2/repository/org/jboss/resteasy/resteasy-client-api/4.7.5.Final/resteasy-client-api-4.7.5.Final.jar:/home/runner/.m2/repository/commons-io/commons-io/2.11.0/commons-io-2.11.0.jar:/home/runner/.m2/repository/org/jboss/resteasy/resteasy-cdi/4.7.5.Final/resteasy-cdi-4.7.5.Final.jar:/home/runner/.m2/repository/jakarta/interceptor/jakarta.interceptor-api/1.2.5/jakarta.interceptor-api-1.2.5.jar:/home/runner/.m2/repository/org/apache/httpcomponents/httpasyncclient/4.1.5/httpasyncclient-4.1.5.jar:/home/runner/.m2/repository/org/apache/httpcomponents/httpcore-nio/4.4.15/httpcore-nio-4.4.15.jar:/home/runner/.m2/repository/org/jboss/logging/commons-logging-jboss-logging/1.0.0.Final/commons-logging-jboss-logging-1.0.0.Final.jar:/home/runner/.m2/repository/io/quarkus/quarkus-rest-client-jackson/2.9.1.Final/quarkus-rest-client-jackson-2.9.1.Final.jar:/home/runner/.m2/repository/io/quarkus/quarkus-jackson/2.9.1.Final/quarkus-jackson-2.9.1.Final.jar:/home/runner/.m2/repository/com/fasterxml/jackson/datatype/jackson-datatype-jsr310/2.13.2/jackson-datatype-jsr310-2.13.2.jar:/home/runner/.m2/repository/com/fasterxml/jackson/datatype/jackson-datatype-jdk8/2.13.2/jackson-datatype-jdk8-2.13.2.jar:/home/runner/.m2/repository/com/fasterxml/jackson/module/jackson-module-parameter-names/2.13.2/jackson-module-parameter-names-2.13.2.jar:/home/runner/.m2/repository/org/jboss/resteasy/resteasy-jackson2-provider/4.7.5.Final/resteasy-jackson2-provider-4.7.5.Final.jar:/home/runner/.m2/repository/com/fasterxml/jackson/jaxrs/jackson-jaxrs-json-provider/2.13.2/jackson-jaxrs-json-provider-2.13.2.jar:/home/runner/.m2/repository/com/fasterxml/jackson/jaxrs/jackson-jaxrs-base/2.13.2/jackson-jaxrs-base-2.13.2.jar:/home/runner/.m2/repository/com/fasterxml/jackson/module/jackson-module-jaxb-annotations/2.13.2/jackson-module-jaxb-annotations-2.13.2.jar:/home/runner/.m2/repository/com/github/java-json-tools/json-patch/1.13/json-patch-1.13.jar:/home/runner/.m2/repository/com/github/java-json-tools/msg-simple/1.2/msg-simple-1.2.jar:/home/runner/.m2/repository/com/github/java-json-tools/btf/1.3/btf-1.3.jar:/home/runner/.m2/repository/com/github/java-json-tools/jackson-coreutils/2.0/jackson-coreutils-2.0.jar:/home/runner/.m2/repository/org/jboss/spec/javax/xml/bind/jboss-jaxb-api_2.3_spec/2.0.0.Final/jboss-jaxb-api_2.3_spec-2.0.0.Final.jar:/home/runner/.m2/repository/com/fasterxml/jackson/dataformat/jackson-dataformat-yaml/2.13.2/jackson-dataformat-yaml-2.13.2.jar:/home/runner/.m2/repository/org/yaml/snakeyaml/1.30/snakeyaml-1.30.jar:/home/runner/.m2/repository/io/quarkus/quarkus-devtools-registry-client/2.9.1.Final/quarkus-devtools-registry-client-2.9.1.Final.jar:/home/runner/.m2/repository/io/quarkus/quarkus-devtools-artifact-api/2.9.1.Final/quarkus-devtools-artifact-api-2.9.1.Final.jar:/home/runner/.m2/repository/io/quarkus/quarkus-devtools-message-writer/2.9.1.Final/quarkus-devtools-message-writer-2.9.1.Final.jar:/home/runner/.m2/repository/io/smallrye/common/smallrye-common-os/1.11.0/smallrye-common-os-1.11.0.jar:/home/runner/.m2/repository/io/quarkus/quarkus-bootstrap-maven-resolver/2.9.1.Final/quarkus-bootstrap-maven-resolver-2.9.1.Final.jar:/home/runner/.m2/repository/org/apache/maven/maven-embedder/3.8.4/maven-embedder-3.8.4.jar:/home/runner/.m2/repository/org/apache/maven/maven-settings/3.8.4/maven-settings-3.8.4.jar:/home/runner/.m2/repository/org/apache/maven/maven-core/3.8.4/maven-core-3.8.4.jar:/home/runner/.m2/repository/org/apache/maven/maven-artifact/3.8.4/maven-artifact-3.8.4.jar:/home/runner/.m2/repository/org/codehaus/plexus/plexus-component-annotations/2.1.0/plexus-component-annotations-2.1.0.jar:/home/runner/.m2/repository/org/apache/maven/maven-plugin-api/3.8.4/maven-plugin-api-3.8.4.jar:/home/runner/.m2/repository/org/apache/maven/maven-model/3.8.4/maven-model-3.8.4.jar:/home/runner/.m2/repository/org/apache/maven/maven-model-builder/3.8.4/maven-model-builder-3.8.4.jar:/home/runner/.m2/repository/org/apache/maven/maven-builder-support/3.8.4/maven-builder-support-3.8.4.jar:/home/runner/.m2/repository/org/apache/maven/resolver/maven-resolver-api/1.6.3/maven-resolver-api-1.6.3.jar:/home/runner/.m2/repository/org/apache/maven/resolver/maven-resolver-util/1.6.3/maven-resolver-util-1.6.3.jar:/home/runner/.m2/repository/org/apache/maven/shared/maven-shared-utils/3.3.4/maven-shared-utils-3.3.4.jar:/home/runner/.m2/repository/com/google/inject/guice/4.2.2/guice-4.2.2-no_aop.jar:/home/runner/.m2/repository/org/codehaus/plexus/plexus-classworlds/2.6.0/plexus-classworlds-2.6.0.jar:/home/runner/.m2/repository/org/codehaus/plexus/plexus-sec-dispatcher/2.0/plexus-sec-dispatcher-2.0.jar:/home/runner/.m2/repository/org/codehaus/plexus/plexus-cipher/2.0/plexus-cipher-2.0.jar:/home/runner/.m2/repository/commons-cli/commons-cli/1.4/commons-cli-1.4.jar:/home/runner/.m2/repository/org/eclipse/sisu/org.eclipse.sisu.plexus/0.3.5/org.eclipse.sisu.plexus-0.3.5.jar:/home/runner/.m2/repository/org/apache/maven/maven-settings-builder/3.8.4/maven-settings-builder-3.8.4.jar:/home/runner/.m2/repository/org/codehaus/plexus/plexus-interpolation/1.26/plexus-interpolation-1.26.jar:/home/runner/.m2/repository/org/apache/maven/maven-resolver-provider/3.8.4/maven-resolver-provider-3.8.4.jar:/home/runner/.m2/repository/org/apache/maven/maven-repository-metadata/3.8.4/maven-repository-metadata-3.8.4.jar:/home/runner/.m2/repository/org/apache/maven/resolver/maven-resolver-spi/1.6.3/maven-resolver-spi-1.6.3.jar:/home/runner/.m2/repository/org/apache/maven/resolver/maven-resolver-impl/1.6.3/maven-resolver-impl-1.6.3.jar:/home/runner/.m2/repository/org/codehaus/plexus/plexus-utils/3.3.0/plexus-utils-3.3.0.jar:/home/runner/.m2/repository/org/apache/maven/resolver/maven-resolver-connector-basic/1.6.3/maven-resolver-connector-basic-1.6.3.jar:/home/runner/.m2/repository/org/apache/maven/resolver/maven-resolver-transport-wagon/1.6.3/maven-resolver-transport-wagon-1.6.3.jar:/home/runner/.m2/repository/org/apache/maven/wagon/wagon-http/3.4.3/wagon-http-3.4.3.jar:/home/runner/.m2/repository/org/apache/maven/wagon/wagon-http-shared/3.4.3/wagon-http-shared-3.4.3.jar:/home/runner/.m2/repository/org/jsoup/jsoup/1.14.2/jsoup-1.14.2.jar:/home/runner/.m2/repository/org/apache/maven/wagon/wagon-provider-api/3.4.3/wagon-provider-api-3.4.3.jar:/home/runner/.m2/repository/org/apache/maven/wagon/wagon-file/3.4.3/wagon-file-3.4.3.jar:/home/runner/.m2/repository/org/junit/jupiter/junit-jupiter/5.8.2/junit-jupiter-5.8.2.jar:/home/runner/.m2/repository/org/junit/jupiter/junit-jupiter-api/5.8.2/junit-jupiter-api-5.8.2.jar:/home/runner/.m2/repository/org/opentest4j/opentest4j/1.2.0/opentest4j-1.2.0.jar:/home/runner/.m2/repository/org/junit/platform/junit-platform-commons/1.8.2/junit-platform-commons-1.8.2.jar:/home/runner/.m2/repository/org/apiguardian/apiguardian-api/1.1.2/apiguardian-api-1.1.2.jar:/home/runner/.m2/repository/org/junit/jupiter/junit-jupiter-params/5.8.2/junit-jupiter-params-5.8.2.jar:/home/runner/.m2/repository/org/junit/jupiter/junit-jupiter-engine/5.8.2/junit-jupiter-engine-5.8.2.jar:/home/runner/.m2/repository/org/junit/platform/junit-platform-engine/1.8.2/junit-platform-engine-1.8.2.jar:/home/runner/.m2/repository/org/testcontainers/junit-jupiter/1.17.6/junit-jupiter-1.17.6.jar:/home/runner/.m2/repository/org/testcontainers/testcontainers/1.17.6/testcontainers-1.17.6.jar:/home/runner/.m2/repository/junit/junit/4.13.2/junit-4.13.2.jar:/home/runner/.m2/repository/org/slf4j/slf4j-api/1.7.36/slf4j-api-1.7.36.jar:/home/runner/.m2/repository/org/apache/commons/commons-compress/1.21/commons-compress-1.21.jar:/home/runner/.m2/repository/org/rnorth/duct-tape/duct-tape/1.0.8/duct-tape-1.0.8.jar:/home/runner/.m2/repository/org/jetbrains/annotations/17.0.0/annotations-17.0.0.jar:/home/runner/.m2/repository/com/github/docker-java/docker-java-api/3.2.13/docker-java-api-3.2.13.jar:/home/runner/.m2/repository/com/github/docker-java/docker-java-transport-zerodep/3.2.13/docker-java-transport-zerodep-3.2.13.jar:/home/runner/.m2/repository/com/github/docker-java/docker-java-transport/3.2.13/docker-java-transport-3.2.13.jar:/home/runner/.m2/repository/net/java/dev/jna/jna/5.8.0/jna-5.8.0.jar:/home/runner/.m2/repository/org/testcontainers/postgresql/1.17.6/postgresql-1.17.6.jar:/home/runner/.m2/repository/org/testcontainers/jdbc/1.17.1/jdbc-1.17.1.jar:/home/runner/.m2/repository/org/testcontainers/database-commons/1.17.1/database-commons-1.17.1.jar:/home/runner/.m2/repository/org/testcontainers/elasticsearch/1.17.6/elasticsearch-1.17.6.jar:"/>
    <property name="sun.cpu.endian" value="little"/>
    <property name="user.home" value="/home/runner"/>
    <property name="user.language" value="en"/>
    <property name="java.specification.vendor" value="Oracle Corporation"/>
    <property name="io.netty.allocator.maxOrder" value="3"/>
    <property name="java.version.date" value="2023-04-18"/>
    <property name="java.home" value="/usr/lib/jvm/temurin-11-jdk-amd64"/>
    <property name="file.separator" value="/"/>
    <property name="basedir" value="/home/runner/work/core/core/tools/dotcms-cli/api-data-model"/>
    <property name="java.vm.compressedOopsMode" value="32-bit"/>
    <property name="line.separator" value="&#10;"/>
    <property name="java.specification.name" value="Java Platform API Specification"/>
    <property name="java.vm.specification.vendor" value="Oracle Corporation"/>
    <property name="java.awt.graphicsenv" value="sun.awt.X11GraphicsEnvironment"/>
    <property name="surefire.real.class.path" value="/home/runner/work/core/core/tools/dotcms-cli/api-data-model/target/surefire/surefirebooter12816306209610645722.jar"/>
    <property name="sun.management.compiler" value="HotSpot 64-Bit Tiered Compilers"/>
    <property name="java.runtime.version" value="11.0.19+7"/>
    <property name="user.name" value="runner"/>
    <property name="path.separator" value=":"/>
    <property name="os.version" value="5.15.0-1042-azure"/>
    <property name="java.runtime.name" value="OpenJDK Runtime Environment"/>
    <property name="file.encoding" value="UTF-8"/>
    <property name="jnidispatch.path" value="/home/runner/.cache/JNA/temp/jna16040282688620979258.tmp"/>
    <property name="java.vm.name" value="OpenJDK 64-Bit Server VM"/>
    <property name="jna.platform.library.path" value="/usr/lib/x86_64-linux-gnu:/lib/x86_64-linux-gnu:/usr/lib64:/lib64:/usr/lib:/lib:/lib32:/usr/local/lib:/usr/lib/x86_64-linux-gnu/libfakeroot"/>
    <property name="java.vendor.version" value="Temurin-11.0.19+7"/>
    <property name="localRepository" value="/home/runner/.m2/repository"/>
    <property name="jna.loaded" value="true"/>
    <property name="java.vendor.url.bug" value="https://github.com/adoptium/adoptium-support/issues"/>
    <property name="java.io.tmpdir" value="/tmp"/>
    <property name="quarkus.log.file.path" value="target/quarkus.log"/>
    <property name="java.version" value="11.0.19"/>
    <property name="java.util.concurrent.ForkJoinPool.common.threadFactory" value="io.quarkus.bootstrap.forkjoin.QuarkusForkJoinWorkerThreadFactory"/>
    <property name="user.dir" value="/home/runner/work/core/core/tools/dotcms-cli/api-data-model"/>
    <property name="os.arch" value="amd64"/>
    <property name="java.vm.specification.name" value="Java Virtual Machine Specification"/>
    <property name="vertx.disableDnsResolver" value="true"/>
    <property name="java.awt.printerjob" value="sun.print.PSPrinterJob"/>
    <property name="sun.os.patch.level" value="unknown"/>
    <property name="java.util.logging.manager" value="org.jboss.logmanager.LogManager"/>
    <property name="java.library.path" value="/usr/java/packages/lib:/usr/lib64:/lib64:/lib:/usr/lib"/>
    <property name="java.vm.info" value="mixed mode"/>
    <property name="java.vendor" value="Eclipse Adoptium"/>
    <property name="vertx.disableTCCL" value="true"/>
    <property name="java.vm.version" value="11.0.19+7"/>
    <property name="sun.io.unicode.encoding" value="UnicodeLittle"/>
    <property name="io.netty.machineId" value="08:7f:e2:fe:5a:34:b8:ba"/>
    <property name="java.class.version" value="55.0"/>
    <property name="mp.openapi.extensions.smallrye.defaultConsumes" value="application/json"/>
  </properties>
  <testcase name="Test_Deserialize_Class_Alias_Content_Type" classname="com.dotcms.api.ContentTypeAPIIntegrationTest" time="1.199">
    <system-out><![CDATA[2023-08-04 12:55:53,841 INFO  [com.dot.ContainerResource] (docker-java-stream-824381349) STDOUT: 12:55:53.841  INFO  util.SecurityLogger - class com.dotcms.cms.login.LoginServiceAPIFactory$LoginServiceImpl : User dotcms.org.1 has successfully login from IP: 172.18.0.1 -- ip:172.18.0.1,user:Admin User [ID: dotcms.org.1][email:admin@dotcms.com]
2023-08-04 12:55:53,842 INFO  [com.dot.ContainerResource] (docker-java-stream-824381349) STDOUT: 12:55:53.841  INFO  util.SecurityLogger - class com.dotcms.rest.api.v1.authentication.CreateJsonWebTokenResource : A Json Web Token admin@dotcms.com is being created from IP: 172.18.0.1 -- ip:172.18.0.1,user:Admin User [ID: dotcms.org.1][email:admin@dotcms.com]
]]></system-out>
  </testcase>
  <testcase name="Test_Create_Then_Update_Then_Delete_Content_Type" classname="com.dotcms.api.ContentTypeAPIIntegrationTest" time="3.653">
    <system-out><![CDATA[2023-08-04 12:55:55,115 INFO  [com.dot.ContainerResource] (docker-java-stream-824381349) STDOUT: 12:55:55.115  INFO  util.SecurityLogger - class com.dotcms.cms.login.LoginServiceAPIFactory$LoginServiceImpl : User dotcms.org.1 has successfully login from IP: 172.18.0.1 -- ip:172.18.0.1,user:Admin User [ID: dotcms.org.1][email:admin@dotcms.com]
2023-08-04 12:55:55,116 INFO  [com.dot.ContainerResource] (docker-java-stream-824381349) STDOUT: 12:55:55.115  INFO  util.SecurityLogger - class com.dotcms.rest.api.v1.authentication.CreateJsonWebTokenResource : A Json Web Token admin@dotcms.com is being created from IP: 172.18.0.1 -- ip:172.18.0.1,user:Admin User [ID: dotcms.org.1][email:admin@dotcms.com]
2023-08-04 12:55:55,354 INFO  [com.dot.ContainerResource] (docker-java-stream-824381349) STDOUT: 12:55:55.354  INFO  business.DeterministicIdentifierAPIImpl - hashing id: content:_var_1691153755124 to b50db4ad87087e8055babed0832062c5
2023-08-04 12:55:55,362 INFO  [com.dot.ContainerResource] (docker-java-stream-824381349) STDOUT: 12:55:55.362  INFO  business.DeterministicIdentifierAPIImpl - hashing id: content:_var_1691153755124:lol to d61633524b225b80c106b4ad3e4a19de
2023-08-04 12:55:55,377 INFO  [com.dot.ContainerResource] (docker-java-stream-824381349) STDOUT: 12:55:55.377  INFO  util.ActivityLogger - class com.dotmarketing.util.ActivityLogger: system : Save Field Action , User system/system user added field _bin_var_1691153755124 to _var_1691153755124 Structure.
2023-08-04 12:55:55,381 INFO  [com.dot.ContainerResource] (docker-java-stream-824381349) STDOUT: 12:55:55.381  INFO  util.ActivityLogger - class com.dotcms.contenttype.business.ContentTypeAPIImpl: system : Save ContentType Action , User dotcms.org.1/Admin User added ContentType _var_1691153755124 to host id:SYSTEM_HOST
2023-08-04 12:55:55,381 INFO  [com.dot.ContainerResource] (docker-java-stream-824381349) STDOUT: 12:55:55.381  INFO  business.ContentTypeAPIImpl - UserId : dotcms.org.1 : ContentType : ContentType saved : _var_1691153755124
2023-08-04 12:55:55,382 INFO  [com.dot.ContainerResource] (docker-java-stream-824381349) STDOUT: 12:55:55.381  INFO  util.AdminLogger - UserId : dotcms.org.1 : class com.dotcms.contenttype.business.ContentTypeAPIImpl : ContentType : ContentType saved : _var_1691153755124
2023-08-04 12:55:55,382 INFO  [com.dot.ContainerResource] (docker-java-stream-824381349) STDOUT: 12:55:55.382  INFO  business.WorkflowAPIImpl - Saving Schemas [  ] for Content type 'b50db4ad87087e8055babed0832062c5'
2023-08-04 12:55:55,384 INFO  [com.dot.ContainerResource] (docker-java-stream-824381349) STDOUT: 12:55:55.384  INFO  util.SecurityLogger - class com.dotmarketing.portlets.workflows.business.WorkflowAPIImpl : Saving Schemas [  ] for Content type 'b50db4ad87087e8055babed0832062c5' -- ip:172.18.0.1,user:Admin User [ID: dotcms.org.1][email:admin@dotcms.com]
2023-08-04 12:55:55,676 INFO  [com.dot.ContainerResource] (docker-java-stream-824381349) STDOUT: 12:55:55.676  WARN  client.RestClient - request [POST http://elasticsearch:9200/cluster_51b0cac1ff.live_20230804125536/_search?typed_keys=true&max_concurrent_shard_requests=5&ignore_unavailable=false&expand_wildcards=open&allow_no_indices=true&ignore_throttled=true&search_type=query_then_fetch&batched_reduce_size=512&ccs_minimize_roundtrips=true] returned 2 warnings: [299 Elasticsearch-7.16.1-5b38441b16b1ebb16a27c107a4c3865776e20c53 "Elasticsearch built-in security features are not enabled. Without authentication, your cluster could be accessible to anyone. See https://www.elastic.co/guide/en/elasticsearch/reference/7.16/security-minimal-setup.html to enable security."],[299 Elasticsearch-7.16.1-5b38441b16b1ebb16a27c107a4c3865776e20c53 "[ignore_throttled] parameter is deprecated because frozen indices have been deprecated. Consider cold or frozen tiers in place of frozen indices."]
2023-08-04 12:55:55,704 INFO  [com.dot.ContainerResource] (docker-java-stream-824381349) STDOUT: 12:55:55.704  WARN  client.RestClient - request [POST http://elasticsearch:9200/cluster_51b0cac1ff.live_20230804125536/_search?typed_keys=true&max_concurrent_shard_requests=5&ignore_unavailable=false&expand_wildcards=open&allow_no_indices=true&ignore_throttled=true&search_type=query_then_fetch&batched_reduce_size=512&ccs_minimize_roundtrips=true] returned 2 warnings: [299 Elasticsearch-7.16.1-5b38441b16b1ebb16a27c107a4c3865776e20c53 "Elasticsearch built-in security features are not enabled. Without authentication, your cluster could be accessible to anyone. See https://www.elastic.co/guide/en/elasticsearch/reference/7.16/security-minimal-setup.html to enable security."],[299 Elasticsearch-7.16.1-5b38441b16b1ebb16a27c107a4c3865776e20c53 "[ignore_throttled] parameter is deprecated because frozen indices have been deprecated. Consider cold or frozen tiers in place of frozen indices."]
2023-08-04 12:55:55,729 INFO  [com.dot.ContainerResource] (docker-java-stream-824381349) STDOUT: 12:55:55.728  WARN  client.RestClient - request [POST http://elasticsearch:9200/cluster_51b0cac1ff.live_20230804125536/_search?typed_keys=true&max_concurrent_shard_requests=5&ignore_unavailable=false&expand_wildcards=open&allow_no_indices=true&ignore_throttled=true&search_type=query_then_fetch&batched_reduce_size=512&ccs_minimize_roundtrips=true] returned 2 warnings: [299 Elasticsearch-7.16.1-5b38441b16b1ebb16a27c107a4c3865776e20c53 "Elasticsearch built-in security features are not enabled. Without authentication, your cluster could be accessible to anyone. See https://www.elastic.co/guide/en/elasticsearch/reference/7.16/security-minimal-setup.html to enable security."],[299 Elasticsearch-7.16.1-5b38441b16b1ebb16a27c107a4c3865776e20c53 "[ignore_throttled] parameter is deprecated because frozen indices have been deprecated. Consider cold or frozen tiers in place of frozen indices."]
2023-08-04 12:55:55,746 INFO  [com.dot.ContainerResource] (docker-java-stream-824381349) STDOUT: 12:55:55.744  WARN  client.RestClient - request [POST http://elasticsearch:9200/cluster_51b0cac1ff.live_20230804125536/_search?typed_keys=true&max_concurrent_shard_requests=5&ignore_unavailable=false&expand_wildcards=open&allow_no_indices=true&ignore_throttled=true&search_type=query_then_fetch&batched_reduce_size=512&ccs_minimize_roundtrips=true] returned 2 warnings: [299 Elasticsearch-7.16.1-5b38441b16b1ebb16a27c107a4c3865776e20c53 "Elasticsearch built-in security features are not enabled. Without authentication, your cluster could be accessible to anyone. See https://www.elastic.co/guide/en/elasticsearch/reference/7.16/security-minimal-setup.html to enable security."],[299 Elasticsearch-7.16.1-5b38441b16b1ebb16a27c107a4c3865776e20c53 "[ignore_throttled] parameter is deprecated because frozen indices have been deprecated. Consider cold or frozen tiers in place of frozen indices."]
2023-08-04 12:55:55,766 INFO  [com.dot.ContainerResource] (docker-java-stream-824381349) STDOUT: 12:55:55.764  WARN  client.RestClient - request [POST http://elasticsearch:9200/cluster_51b0cac1ff.live_20230804125536/_search?typed_keys=true&max_concurrent_shard_requests=5&ignore_unavailable=false&expand_wildcards=open&allow_no_indices=true&ignore_throttled=true&search_type=query_then_fetch&batched_reduce_size=512&ccs_minimize_roundtrips=true] returned 2 warnings: [299 Elasticsearch-7.16.1-5b38441b16b1ebb16a27c107a4c3865776e20c53 "Elasticsearch built-in security features are not enabled. Without authentication, your cluster could be accessible to anyone. See https://www.elastic.co/guide/en/elasticsearch/reference/7.16/security-minimal-setup.html to enable security."],[299 Elasticsearch-7.16.1-5b38441b16b1ebb16a27c107a4c3865776e20c53 "[ignore_throttled] parameter is deprecated because frozen indices have been deprecated. Consider cold or frozen tiers in place of frozen indices."]
2023-08-04 12:55:55,774 INFO  [com.dot.ContainerResource] (docker-java-stream-824381349) STDOUT: 12:55:55.773  WARN  client.RestClient - request [POST http://elasticsearch:9200/cluster_51b0cac1ff.live_20230804125536/_search?typed_keys=true&max_concurrent_shard_requests=5&ignore_unavailable=false&expand_wildcards=open&allow_no_indices=true&ignore_throttled=true&search_type=query_then_fetch&batched_reduce_size=512&ccs_minimize_roundtrips=true] returned 2 warnings: [299 Elasticsearch-7.16.1-5b38441b16b1ebb16a27c107a4c3865776e20c53 "Elasticsearch built-in security features are not enabled. Without authentication, your cluster could be accessible to anyone. See https://www.elastic.co/guide/en/elasticsearch/reference/7.16/security-minimal-setup.html to enable security."],[299 Elasticsearch-7.16.1-5b38441b16b1ebb16a27c107a4c3865776e20c53 "[ignore_throttled] parameter is deprecated because frozen indices have been deprecated. Consider cold or frozen tiers in place of frozen indices."]
2023-08-04 12:55:55,787 INFO  [com.dot.ContainerResource] (docker-java-stream-824381349) STDOUT: 12:55:55.786  WARN  client.RestClient - request [POST http://elasticsearch:9200/cluster_51b0cac1ff.live_20230804125536/_search?typed_keys=true&max_concurrent_shard_requests=5&ignore_unavailable=false&expand_wildcards=open&allow_no_indices=true&ignore_throttled=true&search_type=query_then_fetch&batched_reduce_size=512&ccs_minimize_roundtrips=true] returned 2 warnings: [299 Elasticsearch-7.16.1-5b38441b16b1ebb16a27c107a4c3865776e20c53 "Elasticsearch built-in security features are not enabled. Without authentication, your cluster could be accessible to anyone. See https://www.elastic.co/guide/en/elasticsearch/reference/7.16/security-minimal-setup.html to enable security."],[299 Elasticsearch-7.16.1-5b38441b16b1ebb16a27c107a4c3865776e20c53 "[ignore_throttled] parameter is deprecated because frozen indices have been deprecated. Consider cold or frozen tiers in place of frozen indices."]
2023-08-04 12:55:55,798 INFO  [com.dot.ContainerResource] (docker-java-stream-824381349) STDOUT: 12:55:55.798  WARN  client.RestClient - request [POST http://elasticsearch:9200/cluster_51b0cac1ff.live_20230804125536/_search?typed_keys=true&max_concurrent_shard_requests=5&ignore_unavailable=false&expand_wildcards=open&allow_no_indices=true&ignore_throttled=true&search_type=query_then_fetch&batched_reduce_size=512&ccs_minimize_roundtrips=true] returned 2 warnings: [299 Elasticsearch-7.16.1-5b38441b16b1ebb16a27c107a4c3865776e20c53 "Elasticsearch built-in security features are not enabled. Without authentication, your cluster could be accessible to anyone. See https://www.elastic.co/guide/en/elasticsearch/reference/7.16/security-minimal-setup.html to enable security."],[299 Elasticsearch-7.16.1-5b38441b16b1ebb16a27c107a4c3865776e20c53 "[ignore_throttled] parameter is deprecated because frozen indices have been deprecated. Consider cold or frozen tiers in place of frozen indices."]
2023-08-04 12:55:55,806 INFO  [com.dot.ContainerResource] (docker-java-stream-824381349) STDOUT: 12:55:55.805  WARN  client.RestClient - request [POST http://elasticsearch:9200/cluster_51b0cac1ff.live_20230804125536/_search?typed_keys=true&max_concurrent_shard_requests=5&ignore_unavailable=false&expand_wildcards=open&allow_no_indices=true&ignore_throttled=true&search_type=query_then_fetch&batched_reduce_size=512&ccs_minimize_roundtrips=true] returned 2 warnings: [299 Elasticsearch-7.16.1-5b38441b16b1ebb16a27c107a4c3865776e20c53 "Elasticsearch built-in security features are not enabled. Without authentication, your cluster could be accessible to anyone. See https://www.elastic.co/guide/en/elasticsearch/reference/7.16/security-minimal-setup.html to enable security."],[299 Elasticsearch-7.16.1-5b38441b16b1ebb16a27c107a4c3865776e20c53 "[ignore_throttled] parameter is deprecated because frozen indices have been deprecated. Consider cold or frozen tiers in place of frozen indices."]
2023-08-04 12:55:55,813 INFO  [com.dot.ContainerResource] (docker-java-stream-824381349) STDOUT: 12:55:55.813  WARN  client.RestClient - request [POST http://elasticsearch:9200/cluster_51b0cac1ff.live_20230804125536/_search?typed_keys=true&max_concurrent_shard_requests=5&ignore_unavailable=false&expand_wildcards=open&allow_no_indices=true&ignore_throttled=true&search_type=query_then_fetch&batched_reduce_size=512&ccs_minimize_roundtrips=true] returned 2 warnings: [299 Elasticsearch-7.16.1-5b38441b16b1ebb16a27c107a4c3865776e20c53 "Elasticsearch built-in security features are not enabled. Without authentication, your cluster could be accessible to anyone. See https://www.elastic.co/guide/en/elasticsearch/reference/7.16/security-minimal-setup.html to enable security."],[299 Elasticsearch-7.16.1-5b38441b16b1ebb16a27c107a4c3865776e20c53 "[ignore_throttled] parameter is deprecated because frozen indices have been deprecated. Consider cold or frozen tiers in place of frozen indices."]
2023-08-04 12:55:55,825 INFO  [com.dot.ContainerResource] (docker-java-stream-824381349) STDOUT: 12:55:55.824  WARN  client.RestClient - request [POST http://elasticsearch:9200/cluster_51b0cac1ff.live_20230804125536/_search?typed_keys=true&max_concurrent_shard_requests=5&ignore_unavailable=false&expand_wildcards=open&allow_no_indices=true&ignore_throttled=true&search_type=query_then_fetch&batched_reduce_size=512&ccs_minimize_roundtrips=true] returned 2 warnings: [299 Elasticsearch-7.16.1-5b38441b16b1ebb16a27c107a4c3865776e20c53 "Elasticsearch built-in security features are not enabled. Without authentication, your cluster could be accessible to anyone. See https://www.elastic.co/guide/en/elasticsearch/reference/7.16/security-minimal-setup.html to enable security."],[299 Elasticsearch-7.16.1-5b38441b16b1ebb16a27c107a4c3865776e20c53 "[ignore_throttled] parameter is deprecated because frozen indices have been deprecated. Consider cold or frozen tiers in place of frozen indices."]
2023-08-04 12:55:55,832 INFO  [com.dot.ContainerResource] (docker-java-stream-824381349) STDOUT: 12:55:55.832  WARN  client.RestClient - request [POST http://elasticsearch:9200/cluster_51b0cac1ff.live_20230804125536/_search?typed_keys=true&max_concurrent_shard_requests=5&ignore_unavailable=false&expand_wildcards=open&allow_no_indices=true&ignore_throttled=true&search_type=query_then_fetch&batched_reduce_size=512&ccs_minimize_roundtrips=true] returned 2 warnings: [299 Elasticsearch-7.16.1-5b38441b16b1ebb16a27c107a4c3865776e20c53 "Elasticsearch built-in security features are not enabled. Without authentication, your cluster could be accessible to anyone. See https://www.elastic.co/guide/en/elasticsearch/reference/7.16/security-minimal-setup.html to enable security."],[299 Elasticsearch-7.16.1-5b38441b16b1ebb16a27c107a4c3865776e20c53 "[ignore_throttled] parameter is deprecated because frozen indices have been deprecated. Consider cold or frozen tiers in place of frozen indices."]
2023-08-04 12:55:55,840 INFO  [com.dot.ContainerResource] (docker-java-stream-824381349) STDOUT: 12:55:55.839  WARN  client.RestClient - request [POST http://elasticsearch:9200/cluster_51b0cac1ff.live_20230804125536/_search?typed_keys=true&max_concurrent_shard_requests=5&ignore_unavailable=false&expand_wildcards=open&allow_no_indices=true&ignore_throttled=true&search_type=query_then_fetch&batched_reduce_size=512&ccs_minimize_roundtrips=true] returned 2 warnings: [299 Elasticsearch-7.16.1-5b38441b16b1ebb16a27c107a4c3865776e20c53 "Elasticsearch built-in security features are not enabled. Without authentication, your cluster could be accessible to anyone. See https://www.elastic.co/guide/en/elasticsearch/reference/7.16/security-minimal-setup.html to enable security."],[299 Elasticsearch-7.16.1-5b38441b16b1ebb16a27c107a4c3865776e20c53 "[ignore_throttled] parameter is deprecated because frozen indices have been deprecated. Consider cold or frozen tiers in place of frozen indices."]
2023-08-04 12:55:55,848 INFO  [com.dot.ContainerResource] (docker-java-stream-824381349) STDOUT: 12:55:55.848  WARN  client.RestClient - request [POST http://elasticsearch:9200/cluster_51b0cac1ff.live_20230804125536/_search?typed_keys=true&max_concurrent_shard_requests=5&ignore_unavailable=false&expand_wildcards=open&allow_no_indices=true&ignore_throttled=true&search_type=query_then_fetch&batched_reduce_size=512&ccs_minimize_roundtrips=true] returned 2 warnings: [299 Elasticsearch-7.16.1-5b38441b16b1ebb16a27c107a4c3865776e20c53 "Elasticsearch built-in security features are not enabled. Without authentication, your cluster could be accessible to anyone. See https://www.elastic.co/guide/en/elasticsearch/reference/7.16/security-minimal-setup.html to enable security."],[299 Elasticsearch-7.16.1-5b38441b16b1ebb16a27c107a4c3865776e20c53 "[ignore_throttled] parameter is deprecated because frozen indices have been deprecated. Consider cold or frozen tiers in place of frozen indices."]
2023-08-04 12:55:55,860 INFO  [com.dot.ContainerResource] (docker-java-stream-824381349) STDOUT: 12:55:55.860  WARN  client.RestClient - request [POST http://elasticsearch:9200/cluster_51b0cac1ff.live_20230804125536/_search?typed_keys=true&max_concurrent_shard_requests=5&ignore_unavailable=false&expand_wildcards=open&allow_no_indices=true&ignore_throttled=true&search_type=query_then_fetch&batched_reduce_size=512&ccs_minimize_roundtrips=true] returned 2 warnings: [299 Elasticsearch-7.16.1-5b38441b16b1ebb16a27c107a4c3865776e20c53 "Elasticsearch built-in security features are not enabled. Without authentication, your cluster could be accessible to anyone. See https://www.elastic.co/guide/en/elasticsearch/reference/7.16/security-minimal-setup.html to enable security."],[299 Elasticsearch-7.16.1-5b38441b16b1ebb16a27c107a4c3865776e20c53 "[ignore_throttled] parameter is deprecated because frozen indices have been deprecated. Consider cold or frozen tiers in place of frozen indices."]
2023-08-04 12:55:55,868 INFO  [com.dot.ContainerResource] (docker-java-stream-824381349) STDOUT: 12:55:55.868  WARN  client.RestClient - request [POST http://elasticsearch:9200/cluster_51b0cac1ff.live_20230804125536/_search?typed_keys=true&max_concurrent_shard_requests=5&ignore_unavailable=false&expand_wildcards=open&allow_no_indices=true&ignore_throttled=true&search_type=query_then_fetch&batched_reduce_size=512&ccs_minimize_roundtrips=true] returned 2 warnings: [299 Elasticsearch-7.16.1-5b38441b16b1ebb16a27c107a4c3865776e20c53 "Elasticsearch built-in security features are not enabled. Without authentication, your cluster could be accessible to anyone. See https://www.elastic.co/guide/en/elasticsearch/reference/7.16/security-minimal-setup.html to enable security."],[299 Elasticsearch-7.16.1-5b38441b16b1ebb16a27c107a4c3865776e20c53 "[ignore_throttled] parameter is deprecated because frozen indices have been deprecated. Consider cold or frozen tiers in place of frozen indices."]
2023-08-04 12:55:55,880 INFO  [com.dot.ContainerResource] (docker-java-stream-824381349) STDOUT: 12:55:55.880  WARN  client.RestClient - request [POST http://elasticsearch:9200/cluster_51b0cac1ff.live_20230804125536/_search?typed_keys=true&max_concurrent_shard_requests=5&ignore_unavailable=false&expand_wildcards=open&allow_no_indices=true&ignore_throttled=true&search_type=query_then_fetch&batched_reduce_size=512&ccs_minimize_roundtrips=true] returned 2 warnings: [299 Elasticsearch-7.16.1-5b38441b16b1ebb16a27c107a4c3865776e20c53 "Elasticsearch built-in security features are not enabled. Without authentication, your cluster could be accessible to anyone. See https://www.elastic.co/guide/en/elasticsearch/reference/7.16/security-minimal-setup.html to enable security."],[299 Elasticsearch-7.16.1-5b38441b16b1ebb16a27c107a4c3865776e20c53 "[ignore_throttled] parameter is deprecated because frozen indices have been deprecated. Consider cold or frozen tiers in place of frozen indices."]
2023-08-04 12:55:55,888 INFO  [com.dot.ContainerResource] (docker-java-stream-824381349) STDOUT: 12:55:55.887  WARN  client.RestClient - request [POST http://elasticsearch:9200/cluster_51b0cac1ff.live_20230804125536/_search?typed_keys=true&max_concurrent_shard_requests=5&ignore_unavailable=false&expand_wildcards=open&allow_no_indices=true&ignore_throttled=true&search_type=query_then_fetch&batched_reduce_size=512&ccs_minimize_roundtrips=true] returned 2 warnings: [299 Elasticsearch-7.16.1-5b38441b16b1ebb16a27c107a4c3865776e20c53 "Elasticsearch built-in security features are not enabled. Without authentication, your cluster could be accessible to anyone. See https://www.elastic.co/guide/en/elasticsearch/reference/7.16/security-minimal-setup.html to enable security."],[299 Elasticsearch-7.16.1-5b38441b16b1ebb16a27c107a4c3865776e20c53 "[ignore_throttled] parameter is deprecated because frozen indices have been deprecated. Consider cold or frozen tiers in place of frozen indices."]
2023-08-04 12:55:55,899 INFO  [com.dot.ContainerResource] (docker-java-stream-824381349) STDOUT: 12:55:55.897  WARN  client.RestClient - request [POST http://elasticsearch:9200/cluster_51b0cac1ff.live_20230804125536/_search?typed_keys=true&max_concurrent_shard_requests=5&ignore_unavailable=false&expand_wildcards=open&allow_no_indices=true&ignore_throttled=true&search_type=query_then_fetch&batched_reduce_size=512&ccs_minimize_roundtrips=true] returned 2 warnings: [299 Elasticsearch-7.16.1-5b38441b16b1ebb16a27c107a4c3865776e20c53 "Elasticsearch built-in security features are not enabled. Without authentication, your cluster could be accessible to anyone. See https://www.elastic.co/guide/en/elasticsearch/reference/7.16/security-minimal-setup.html to enable security."],[299 Elasticsearch-7.16.1-5b38441b16b1ebb16a27c107a4c3865776e20c53 "[ignore_throttled] parameter is deprecated because frozen indices have been deprecated. Consider cold or frozen tiers in place of frozen indices."]
2023-08-04 12:55:55,908 INFO  [com.dot.ContainerResource] (docker-java-stream-824381349) STDOUT: 12:55:55.908  WARN  client.RestClient - request [POST http://elasticsearch:9200/cluster_51b0cac1ff.live_20230804125536/_search?typed_keys=true&max_concurrent_shard_requests=5&ignore_unavailable=false&expand_wildcards=open&allow_no_indices=true&ignore_throttled=true&search_type=query_then_fetch&batched_reduce_size=512&ccs_minimize_roundtrips=true] returned 2 warnings: [299 Elasticsearch-7.16.1-5b38441b16b1ebb16a27c107a4c3865776e20c53 "Elasticsearch built-in security features are not enabled. Without authentication, your cluster could be accessible to anyone. See https://www.elastic.co/guide/en/elasticsearch/reference/7.16/security-minimal-setup.html to enable security."],[299 Elasticsearch-7.16.1-5b38441b16b1ebb16a27c107a4c3865776e20c53 "[ignore_throttled] parameter is deprecated because frozen indices have been deprecated. Consider cold or frozen tiers in place of frozen indices."]
2023-08-04 12:55:56,135 INFO  [com.dot.ContainerResource] (docker-java-stream-824381349) STDOUT: 12:55:56.134  INFO  util.ActivityLogger - class com.dotcms.contenttype.business.ContentTypeAPIImpl: system : Save ContentType Action , User dotcms.org.1/Admin User added ContentType _var_1691153755124 to host id:SYSTEM_HOST
2023-08-04 12:55:56,136 INFO  [com.dot.ContainerResource] (docker-java-stream-824381349) STDOUT: 12:55:56.134  INFO  business.ContentTypeAPIImpl - UserId : dotcms.org.1 : ContentType : ContentType saved : _var_1691153755124
2023-08-04 12:55:56,136 INFO  [com.dot.ContainerResource] (docker-java-stream-824381349) STDOUT: 12:55:56.134  INFO  util.AdminLogger - UserId : dotcms.org.1 : class com.dotcms.contenttype.business.ContentTypeAPIImpl : ContentType : ContentType saved : _var_1691153755124
2023-08-04 12:55:56,136 INFO  [com.dot.ContainerResource] (docker-java-stream-824381349) STDOUT: 12:55:56.134  INFO  business.WorkflowAPIImpl - Saving Schemas [  ] for Content type 'b50db4ad87087e8055babed0832062c5'
2023-08-04 12:55:56,136 INFO  [com.dot.ContainerResource] (docker-java-stream-824381349) STDOUT: 12:55:56.134  INFO  util.SecurityLogger - class com.dotmarketing.portlets.workflows.business.WorkflowAPIImpl : Saving Schemas [  ] for Content type 'b50db4ad87087e8055babed0832062c5' -- ip:172.18.0.1,user:Admin User [ID: dotcms.org.1][email:admin@dotcms.com]
2023-08-04 12:55:56,207 INFO  [com.dot.ContainerResource] (docker-java-stream-824381349) STDOUT: 12:55:56.205  INFO  reindex.ReindexThread - --- Unpausing reindex thread 
2023-08-04 12:55:56,337 INFO  [com.dot.ContainerResource] (docker-java-stream-824381349) STDOUT: 12:55:56.337  INFO  business.DeterministicIdentifierAPIImpl - hashing id: content:_var_1691153755124_disposed_1691153756324 to 1ff2d442c55cc7e9af109972bb324188
2023-08-04 12:55:56,380 INFO  [com.dot.ContainerResource] (docker-java-stream-824381349) STDOUT: 12:55:56.361  INFO  business.ContentTypeAPIImpl - ::: CT (_var_1691153755124) with inode:(b50db4ad87087e8055babed0832062c5) Will be deleted shortly. A Copy  with  name (_var_1691153755124_disposed_1691153756324) and inode (1ff2d442c55cc7e9af109972bb324188) will be used to dispose all contentlets in background. :::
2023-08-04 12:55:56,582 INFO  [com.dot.ContainerResource] (docker-java-stream-824381349) STDOUT: 12:55:56.581  WARN  client.RestClient - request [POST http://elasticsearch:9200/cluster_51b0cac1ff.working_20230804125536,cluster_51b0cac1ff.live_20230804125536/_delete_by_query?slices=1&requests_per_second=-1&ignore_unavailable=false&expand_wildcards=open&allow_no_indices=true&ignore_throttled=true&wait_for_completion=true&timeout=15000ms] returned 2 warnings: [299 Elasticsearch-7.16.1-5b38441b16b1ebb16a27c107a4c3865776e20c53 "Elasticsearch built-in security features are not enabled. Without authentication, your cluster could be accessible to anyone. See https://www.elastic.co/guide/en/elasticsearch/reference/7.16/security-minimal-setup.html to enable security."],[299 Elasticsearch-7.16.1-5b38441b16b1ebb16a27c107a4c3865776e20c53 "[ignore_throttled] parameter is deprecated because frozen indices have been deprecated. Consider cold or frozen tiers in place of frozen indices."]
2023-08-04 12:55:56,639 INFO  [com.dot.ContainerResource] (docker-java-stream-824381349) STDOUT: 12:55:56.638  INFO  business.ContentletIndexAPIImpl - Records deleted: 0 from contentType: _var_1691153755124
2023-08-04 12:55:56,657 INFO  [com.dot.ContainerResource] (docker-java-stream-824381349) STDOUT: 12:55:56.656  WARN  client.RestClient - request [POST http://elasticsearch:9200/cluster_51b0cac1ff.live_20230804125536/_search?typed_keys=true&max_concurrent_shard_requests=5&ignore_unavailable=false&expand_wildcards=open&allow_no_indices=true&ignore_throttled=true&search_type=query_then_fetch&batched_reduce_size=512&ccs_minimize_roundtrips=true] returned 2 warnings: [299 Elasticsearch-7.16.1-5b38441b16b1ebb16a27c107a4c3865776e20c53 "Elasticsearch built-in security features are not enabled. Without authentication, your cluster could be accessible to anyone. See https://www.elastic.co/guide/en/elasticsearch/reference/7.16/security-minimal-setup.html to enable security."],[299 Elasticsearch-7.16.1-5b38441b16b1ebb16a27c107a4c3865776e20c53 "[ignore_throttled] parameter is deprecated because frozen indices have been deprecated. Consider cold or frozen tiers in place of frozen indices."]
2023-08-04 12:55:56,677 INFO  [com.dot.ContainerResource] (docker-java-stream-824381349) STDOUT: 12:55:56.676  WARN  client.RestClient - request [POST http://elasticsearch:9200/cluster_51b0cac1ff.live_20230804125536/_search?typed_keys=true&max_concurrent_shard_requests=5&ignore_unavailable=false&expand_wildcards=open&allow_no_indices=true&ignore_throttled=true&search_type=query_then_fetch&batched_reduce_size=512&ccs_minimize_roundtrips=true] returned 2 warnings: [299 Elasticsearch-7.16.1-5b38441b16b1ebb16a27c107a4c3865776e20c53 "Elasticsearch built-in security features are not enabled. Without authentication, your cluster could be accessible to anyone. See https://www.elastic.co/guide/en/elasticsearch/reference/7.16/security-minimal-setup.html to enable security."],[299 Elasticsearch-7.16.1-5b38441b16b1ebb16a27c107a4c3865776e20c53 "[ignore_throttled] parameter is deprecated because frozen indices have been deprecated. Consider cold or frozen tiers in place of frozen indices."]
2023-08-04 12:55:56,695 INFO  [com.dot.ContainerResource] (docker-java-stream-824381349) STDOUT: 12:55:56.694  WARN  client.RestClient - request [POST http://elasticsearch:9200/cluster_51b0cac1ff.live_20230804125536/_search?typed_keys=true&max_concurrent_shard_requests=5&ignore_unavailable=false&expand_wildcards=open&allow_no_indices=true&ignore_throttled=true&search_type=query_then_fetch&batched_reduce_size=512&ccs_minimize_roundtrips=true] returned 2 warnings: [299 Elasticsearch-7.16.1-5b38441b16b1ebb16a27c107a4c3865776e20c53 "Elasticsearch built-in security features are not enabled. Without authentication, your cluster could be accessible to anyone. See https://www.elastic.co/guide/en/elasticsearch/reference/7.16/security-minimal-setup.html to enable security."],[299 Elasticsearch-7.16.1-5b38441b16b1ebb16a27c107a4c3865776e20c53 "[ignore_throttled] parameter is deprecated because frozen indices have been deprecated. Consider cold or frozen tiers in place of frozen indices."]
2023-08-04 12:55:56,717 INFO  [com.dot.ContainerResource] (docker-java-stream-824381349) STDOUT: 12:55:56.717  WARN  client.RestClient - request [POST http://elasticsearch:9200/cluster_51b0cac1ff.live_20230804125536/_search?typed_keys=true&max_concurrent_shard_requests=5&ignore_unavailable=false&expand_wildcards=open&allow_no_indices=true&ignore_throttled=true&search_type=query_then_fetch&batched_reduce_size=512&ccs_minimize_roundtrips=true] returned 2 warnings: [299 Elasticsearch-7.16.1-5b38441b16b1ebb16a27c107a4c3865776e20c53 "Elasticsearch built-in security features are not enabled. Without authentication, your cluster could be accessible to anyone. See https://www.elastic.co/guide/en/elasticsearch/reference/7.16/security-minimal-setup.html to enable security."],[299 Elasticsearch-7.16.1-5b38441b16b1ebb16a27c107a4c3865776e20c53 "[ignore_throttled] parameter is deprecated because frozen indices have been deprecated. Consider cold or frozen tiers in place of frozen indices."]
2023-08-04 12:55:56,733 INFO  [com.dot.ContainerResource] (docker-java-stream-824381349) STDOUT: 12:55:56.733  WARN  client.RestClient - request [POST http://elasticsearch:9200/cluster_51b0cac1ff.live_20230804125536/_search?typed_keys=true&max_concurrent_shard_requests=5&ignore_unavailable=false&expand_wildcards=open&allow_no_indices=true&ignore_throttled=true&search_type=query_then_fetch&batched_reduce_size=512&ccs_minimize_roundtrips=true] returned 2 warnings: [299 Elasticsearch-7.16.1-5b38441b16b1ebb16a27c107a4c3865776e20c53 "Elasticsearch built-in security features are not enabled. Without authentication, your cluster could be accessible to anyone. See https://www.elastic.co/guide/en/elasticsearch/reference/7.16/security-minimal-setup.html to enable security."],[299 Elasticsearch-7.16.1-5b38441b16b1ebb16a27c107a4c3865776e20c53 "[ignore_throttled] parameter is deprecated because frozen indices have been deprecated. Consider cold or frozen tiers in place of frozen indices."]
2023-08-04 12:55:56,762 INFO  [com.dot.ContainerResource] (docker-java-stream-824381349) STDOUT: 12:55:56.760  WARN  client.RestClient - request [POST http://elasticsearch:9200/cluster_51b0cac1ff.live_20230804125536/_search?typed_keys=true&max_concurrent_shard_requests=5&ignore_unavailable=false&expand_wildcards=open&allow_no_indices=true&ignore_throttled=true&search_type=query_then_fetch&batched_reduce_size=512&ccs_minimize_roundtrips=true] returned 2 warnings: [299 Elasticsearch-7.16.1-5b38441b16b1ebb16a27c107a4c3865776e20c53 "Elasticsearch built-in security features are not enabled. Without authentication, your cluster could be accessible to anyone. See https://www.elastic.co/guide/en/elasticsearch/reference/7.16/security-minimal-setup.html to enable security."],[299 Elasticsearch-7.16.1-5b38441b16b1ebb16a27c107a4c3865776e20c53 "[ignore_throttled] parameter is deprecated because frozen indices have been deprecated. Consider cold or frozen tiers in place of frozen indices."]
2023-08-04 12:55:56,788 INFO  [com.dot.ContainerResource] (docker-java-stream-824381349) STDOUT: 12:55:56.787  WARN  client.RestClient - request [POST http://elasticsearch:9200/cluster_51b0cac1ff.live_20230804125536/_search?typed_keys=true&max_concurrent_shard_requests=5&ignore_unavailable=false&expand_wildcards=open&allow_no_indices=true&ignore_throttled=true&search_type=query_then_fetch&batched_reduce_size=512&ccs_minimize_roundtrips=true] returned 2 warnings: [299 Elasticsearch-7.16.1-5b38441b16b1ebb16a27c107a4c3865776e20c53 "Elasticsearch built-in security features are not enabled. Without authentication, your cluster could be accessible to anyone. See https://www.elastic.co/guide/en/elasticsearch/reference/7.16/security-minimal-setup.html to enable security."],[299 Elasticsearch-7.16.1-5b38441b16b1ebb16a27c107a4c3865776e20c53 "[ignore_throttled] parameter is deprecated because frozen indices have been deprecated. Consider cold or frozen tiers in place of frozen indices."]
2023-08-04 12:55:56,807 INFO  [com.dot.ContainerResource] (docker-java-stream-824381349) STDOUT: 12:55:56.804  WARN  client.RestClient - request [POST http://elasticsearch:9200/cluster_51b0cac1ff.live_20230804125536/_search?typed_keys=true&max_concurrent_shard_requests=5&ignore_unavailable=false&expand_wildcards=open&allow_no_indices=true&ignore_throttled=true&search_type=query_then_fetch&batched_reduce_size=512&ccs_minimize_roundtrips=true] returned 2 warnings: [299 Elasticsearch-7.16.1-5b38441b16b1ebb16a27c107a4c3865776e20c53 "Elasticsearch built-in security features are not enabled. Without authentication, your cluster could be accessible to anyone. See https://www.elastic.co/guide/en/elasticsearch/reference/7.16/security-minimal-setup.html to enable security."],[299 Elasticsearch-7.16.1-5b38441b16b1ebb16a27c107a4c3865776e20c53 "[ignore_throttled] parameter is deprecated because frozen indices have been deprecated. Consider cold or frozen tiers in place of frozen indices."]
2023-08-04 12:55:56,813 INFO  [com.dot.ContainerResource] (docker-java-stream-824381349) STDOUT: 12:55:56.812  WARN  client.RestClient - request [POST http://elasticsearch:9200/cluster_51b0cac1ff.live_20230804125536/_search?typed_keys=true&max_concurrent_shard_requests=5&ignore_unavailable=false&expand_wildcards=open&allow_no_indices=true&ignore_throttled=true&search_type=query_then_fetch&batched_reduce_size=512&ccs_minimize_roundtrips=true] returned 2 warnings: [299 Elasticsearch-7.16.1-5b38441b16b1ebb16a27c107a4c3865776e20c53 "Elasticsearch built-in security features are not enabled. Without authentication, your cluster could be accessible to anyone. See https://www.elastic.co/guide/en/elasticsearch/reference/7.16/security-minimal-setup.html to enable security."],[299 Elasticsearch-7.16.1-5b38441b16b1ebb16a27c107a4c3865776e20c53 "[ignore_throttled] parameter is deprecated because frozen indices have been deprecated. Consider cold or frozen tiers in place of frozen indices."]
2023-08-04 12:55:56,826 INFO  [com.dot.ContainerResource] (docker-java-stream-824381349) STDOUT: 12:55:56.826  WARN  client.RestClient - request [POST http://elasticsearch:9200/cluster_51b0cac1ff.live_20230804125536/_search?typed_keys=true&max_concurrent_shard_requests=5&ignore_unavailable=false&expand_wildcards=open&allow_no_indices=true&ignore_throttled=true&search_type=query_then_fetch&batched_reduce_size=512&ccs_minimize_roundtrips=true] returned 2 warnings: [299 Elasticsearch-7.16.1-5b38441b16b1ebb16a27c107a4c3865776e20c53 "Elasticsearch built-in security features are not enabled. Without authentication, your cluster could be accessible to anyone. See https://www.elastic.co/guide/en/elasticsearch/reference/7.16/security-minimal-setup.html to enable security."],[299 Elasticsearch-7.16.1-5b38441b16b1ebb16a27c107a4c3865776e20c53 "[ignore_throttled] parameter is deprecated because frozen indices have been deprecated. Consider cold or frozen tiers in place of frozen indices."]
2023-08-04 12:55:56,836 INFO  [com.dot.ContainerResource] (docker-java-stream-824381349) STDOUT: 12:55:56.835  WARN  client.RestClient - request [POST http://elasticsearch:9200/cluster_51b0cac1ff.live_20230804125536/_search?typed_keys=true&max_concurrent_shard_requests=5&ignore_unavailable=false&expand_wildcards=open&allow_no_indices=true&ignore_throttled=true&search_type=query_then_fetch&batched_reduce_size=512&ccs_minimize_roundtrips=true] returned 2 warnings: [299 Elasticsearch-7.16.1-5b38441b16b1ebb16a27c107a4c3865776e20c53 "Elasticsearch built-in security features are not enabled. Without authentication, your cluster could be accessible to anyone. See https://www.elastic.co/guide/en/elasticsearch/reference/7.16/security-minimal-setup.html to enable security."],[299 Elasticsearch-7.16.1-5b38441b16b1ebb16a27c107a4c3865776e20c53 "[ignore_throttled] parameter is deprecated because frozen indices have been deprecated. Consider cold or frozen tiers in place of frozen indices."]
2023-08-04 12:55:56,845 INFO  [com.dot.ContainerResource] (docker-java-stream-824381349) STDOUT: 12:55:56.845  WARN  client.RestClient - request [POST http://elasticsearch:9200/cluster_51b0cac1ff.live_20230804125536/_search?typed_keys=true&max_concurrent_shard_requests=5&ignore_unavailable=false&expand_wildcards=open&allow_no_indices=true&ignore_throttled=true&search_type=query_then_fetch&batched_reduce_size=512&ccs_minimize_roundtrips=true] returned 2 warnings: [299 Elasticsearch-7.16.1-5b38441b16b1ebb16a27c107a4c3865776e20c53 "Elasticsearch built-in security features are not enabled. Without authentication, your cluster could be accessible to anyone. See https://www.elastic.co/guide/en/elasticsearch/reference/7.16/security-minimal-setup.html to enable security."],[299 Elasticsearch-7.16.1-5b38441b16b1ebb16a27c107a4c3865776e20c53 "[ignore_throttled] parameter is deprecated because frozen indices have been deprecated. Consider cold or frozen tiers in place of frozen indices."]
2023-08-04 12:55:56,854 INFO  [com.dot.ContainerResource] (docker-java-stream-824381349) STDOUT: 12:55:56.854  WARN  client.RestClient - request [POST http://elasticsearch:9200/cluster_51b0cac1ff.live_20230804125536/_search?typed_keys=true&max_concurrent_shard_requests=5&ignore_unavailable=false&expand_wildcards=open&allow_no_indices=true&ignore_throttled=true&search_type=query_then_fetch&batched_reduce_size=512&ccs_minimize_roundtrips=true] returned 2 warnings: [299 Elasticsearch-7.16.1-5b38441b16b1ebb16a27c107a4c3865776e20c53 "Elasticsearch built-in security features are not enabled. Without authentication, your cluster could be accessible to anyone. See https://www.elastic.co/guide/en/elasticsearch/reference/7.16/security-minimal-setup.html to enable security."],[299 Elasticsearch-7.16.1-5b38441b16b1ebb16a27c107a4c3865776e20c53 "[ignore_throttled] parameter is deprecated because frozen indices have been deprecated. Consider cold or frozen tiers in place of frozen indices."]
2023-08-04 12:55:56,855 INFO  [com.dot.ContainerResource] (docker-java-stream-824381349) STDOUT: 12:55:56.855  INFO  business.ContentTypeDestroyAPIImpl - Relocated from (500) to (1000) out of (0) contentlets..
2023-08-04 12:55:56,855 INFO  [com.dot.ContainerResource] (docker-java-stream-824381349) STDOUT: 12:55:56.855  INFO  business.ContentTypeFactoryImpl - ::: Relocated 0 contentlets for ContentType [_var_1691153755124] to [_var_1691153755124_disposed_1691153756324] :::
2023-08-04 12:55:56,879 INFO  [com.dot.ContainerResource] (docker-java-stream-824381349) STDOUT: 12:55:56.878  WARN  client.RestClient - request [POST http://elasticsearch:9200/cluster_51b0cac1ff.live_20230804125536/_search?typed_keys=true&max_concurrent_shard_requests=5&ignore_unavailable=false&expand_wildcards=open&allow_no_indices=true&ignore_throttled=true&search_type=query_then_fetch&batched_reduce_size=512&ccs_minimize_roundtrips=true] returned 2 warnings: [299 Elasticsearch-7.16.1-5b38441b16b1ebb16a27c107a4c3865776e20c53 "Elasticsearch built-in security features are not enabled. Without authentication, your cluster could be accessible to anyone. See https://www.elastic.co/guide/en/elasticsearch/reference/7.16/security-minimal-setup.html to enable security."],[299 Elasticsearch-7.16.1-5b38441b16b1ebb16a27c107a4c3865776e20c53 "[ignore_throttled] parameter is deprecated because frozen indices have been deprecated. Consider cold or frozen tiers in place of frozen indices."]
2023-08-04 12:55:56,880 INFO  [com.dot.ContainerResource] (docker-java-stream-824381349) STDOUT: 12:55:56.880  INFO  business.WorkflowFactoryImpl - Deleting the schemes associated to the content type: b50db4ad87087e8055babed0832062c5
2023-08-04 12:55:56,896 INFO  [com.dot.ContainerResource] (docker-java-stream-824381349) STDOUT: 12:55:56.891  INFO  reindex.ReindexThread - --- Unpausing reindex thread 
2023-08-04 12:55:56,896 INFO  [com.dot.ContainerResource] (docker-java-stream-824381349) STDOUT: 12:55:56.893  INFO  business.ContentTypeAPIImpl -  Content type (_var_1691153755124) will be deleted asynchronously using Quartz Job.
2023-08-04 12:55:56,913 INFO  [com.dot.ContainerResource] (docker-java-stream-824381349) STDOUT: 12:55:56.912  WARN  client.RestClient - request [POST http://elasticsearch:9200/cluster_51b0cac1ff.live_20230804125536/_search?typed_keys=true&max_concurrent_shard_requests=5&ignore_unavailable=false&expand_wildcards=open&allow_no_indices=true&ignore_throttled=true&search_type=query_then_fetch&batched_reduce_size=512&ccs_minimize_roundtrips=true] returned 2 warnings: [299 Elasticsearch-7.16.1-5b38441b16b1ebb16a27c107a4c3865776e20c53 "Elasticsearch built-in security features are not enabled. Without authentication, your cluster could be accessible to anyone. See https://www.elastic.co/guide/en/elasticsearch/reference/7.16/security-minimal-setup.html to enable security."],[299 Elasticsearch-7.16.1-5b38441b16b1ebb16a27c107a4c3865776e20c53 "[ignore_throttled] parameter is deprecated because frozen indices have been deprecated. Consider cold or frozen tiers in place of frozen indices."]
2023-08-04 12:55:56,922 INFO  [com.dot.ContainerResource] (docker-java-stream-824381349) STDOUT: 12:55:56.922  WARN  client.RestClient - request [POST http://elasticsearch:9200/cluster_51b0cac1ff.live_20230804125536/_search?typed_keys=true&max_concurrent_shard_requests=5&ignore_unavailable=false&expand_wildcards=open&allow_no_indices=true&ignore_throttled=true&search_type=query_then_fetch&batched_reduce_size=512&ccs_minimize_roundtrips=true] returned 2 warnings: [299 Elasticsearch-7.16.1-5b38441b16b1ebb16a27c107a4c3865776e20c53 "Elasticsearch built-in security features are not enabled. Without authentication, your cluster could be accessible to anyone. See https://www.elastic.co/guide/en/elasticsearch/reference/7.16/security-minimal-setup.html to enable security."],[299 Elasticsearch-7.16.1-5b38441b16b1ebb16a27c107a4c3865776e20c53 "[ignore_throttled] parameter is deprecated because frozen indices have been deprecated. Consider cold or frozen tiers in place of frozen indices."]
Waiting for CT to be deleted
2023-08-04 12:55:56,963 INFO  [com.dot.ContainerResource] (docker-java-stream-824381349) STDOUT: 12:55:56.963  INFO  quartz.DotStatefulJob - New Task for job `ContentTypeDeleteJob` scheduled for execution `56 55 12 4 8 ? 2023`.
2023-08-04 12:55:56,971 INFO  [com.dot.ContainerResource] (docker-java-stream-824381349) STDOUT: 12:55:56.970  INFO  job.ContentTypeDeleteJob - Removing contentlets from CT with inode [1ff2d442c55cc7e9af109972bb324188] and name [_var_1691153755124_disposed_1691153756324] .
2023-08-04 12:55:56,973 INFO  [com.dot.ContainerResource] (docker-java-stream-824381349) STDOUT: 12:55:56.972  INFO  business.ContentTypeDestroyAPIImpl - There are (0) contents of type (_var_1691153755124). Will remove them sequentially using (100) batchSize 
2023-08-04 12:55:56,976 INFO  [com.dot.ContainerResource] (docker-java-stream-824381349) STDOUT: 12:55:56.975  INFO  business.ContentTypeDestroyAPIImpl -  :: for (_var_1691153755124) allCount is (0) with leftovers (0) :: 
2023-08-04 12:55:56,976 INFO  [com.dot.ContainerResource] (docker-java-stream-824381349) STDOUT: 12:55:56.975  INFO  business.ContentTypeDestroyAPIImpl - Destroying Content-Type with inode: [1ff2d442c55cc7e9af109972bb324188] and var: [_var_1691153755124_disposed_1691153756324].
2023-08-04 12:55:56,978 INFO  [com.dot.ContainerResource] (docker-java-stream-824381349) STDOUT: 12:55:56.978  INFO  business.WorkflowFactoryImpl - Deleting the schemes associated to the content type: 1ff2d442c55cc7e9af109972bb324188
2023-08-04 12:55:57,006 INFO  [com.dot.ContainerResource] (docker-java-stream-824381349) STDOUT: 12:55:57.002  INFO  business.ContentTypeDestroyAPIImpl -  I'm done destroying (0) pieces of Content of type (_var_1691153755124_disposed_1691153756324). it took me : [00:00:00] 
]]></system-out>
  </testcase>
  <testcase name="Test_Get_Single_Content_Type" classname="com.dotcms.api.ContentTypeAPIIntegrationTest" time="11.372">
    <system-out><![CDATA[2023-08-04 12:55:58,708 INFO  [com.dot.ContainerResource] (docker-java-stream-824381349) STDOUT: 12:55:58.707  INFO  util.SecurityLogger - class com.dotcms.cms.login.LoginServiceAPIFactory$LoginServiceImpl : User dotcms.org.1 has successfully login from IP: 172.18.0.1 -- ip:172.18.0.1,user:Admin User [ID: dotcms.org.1][email:admin@dotcms.com]
2023-08-04 12:55:58,708 INFO  [com.dot.ContainerResource] (docker-java-stream-824381349) STDOUT: 12:55:58.708  INFO  util.SecurityLogger - class com.dotcms.rest.api.v1.authentication.CreateJsonWebTokenResource : A Json Web Token admin@dotcms.com is being created from IP: 172.18.0.1 -- ip:172.18.0.1,user:Admin User [ID: dotcms.org.1][email:admin@dotcms.com]
2023-08-04 12:55:58,769 INFO  [com.dot.ContainerResource] (docker-java-stream-824381349) STDOUT: 12:55:58.768  WARN  client.RestClient - request [POST http://elasticsearch:9200/cluster_51b0cac1ff.live_20230804125536/_search?typed_keys=true&max_concurrent_shard_requests=5&ignore_unavailable=false&expand_wildcards=open&allow_no_indices=true&ignore_throttled=true&search_type=query_then_fetch&batched_reduce_size=512&ccs_minimize_roundtrips=true] returned 2 warnings: [299 Elasticsearch-7.16.1-5b38441b16b1ebb16a27c107a4c3865776e20c53 "Elasticsearch built-in security features are not enabled. Without authentication, your cluster could be accessible to anyone. See https://www.elastic.co/guide/en/elasticsearch/reference/7.16/security-minimal-setup.html to enable security."],[299 Elasticsearch-7.16.1-5b38441b16b1ebb16a27c107a4c3865776e20c53 "[ignore_throttled] parameter is deprecated because frozen indices have been deprecated. Consider cold or frozen tiers in place of frozen indices."]
2023-08-04 12:55:58,780 INFO  [com.dot.ContainerResource] (docker-java-stream-824381349) STDOUT: 12:55:58.780  WARN  client.RestClient - request [POST http://elasticsearch:9200/cluster_51b0cac1ff.live_20230804125536/_search?typed_keys=true&max_concurrent_shard_requests=5&ignore_unavailable=false&expand_wildcards=open&allow_no_indices=true&ignore_throttled=true&search_type=query_then_fetch&batched_reduce_size=512&ccs_minimize_roundtrips=true] returned 2 warnings: [299 Elasticsearch-7.16.1-5b38441b16b1ebb16a27c107a4c3865776e20c53 "Elasticsearch built-in security features are not enabled. Without authentication, your cluster could be accessible to anyone. See https://www.elastic.co/guide/en/elasticsearch/reference/7.16/security-minimal-setup.html to enable security."],[299 Elasticsearch-7.16.1-5b38441b16b1ebb16a27c107a4c3865776e20c53 "[ignore_throttled] parameter is deprecated because frozen indices have been deprecated. Consider cold or frozen tiers in place of frozen indices."]
2023-08-04 12:55:58,797 INFO  [com.dot.ContainerResource] (docker-java-stream-824381349) STDOUT: 12:55:58.796  WARN  client.RestClient - request [POST http://elasticsearch:9200/cluster_51b0cac1ff.live_20230804125536/_search?typed_keys=true&max_concurrent_shard_requests=5&ignore_unavailable=false&expand_wildcards=open&allow_no_indices=true&ignore_throttled=true&search_type=query_then_fetch&batched_reduce_size=512&ccs_minimize_roundtrips=true] returned 2 warnings: [299 Elasticsearch-7.16.1-5b38441b16b1ebb16a27c107a4c3865776e20c53 "Elasticsearch built-in security features are not enabled. Without authentication, your cluster could be accessible to anyone. See https://www.elastic.co/guide/en/elasticsearch/reference/7.16/security-minimal-setup.html to enable security."],[299 Elasticsearch-7.16.1-5b38441b16b1ebb16a27c107a4c3865776e20c53 "[ignore_throttled] parameter is deprecated because frozen indices have been deprecated. Consider cold or frozen tiers in place of frozen indices."]
2023-08-04 12:55:58,807 INFO  [com.dot.ContainerResource] (docker-java-stream-824381349) STDOUT: 12:55:58.807  WARN  client.RestClient - request [POST http://elasticsearch:9200/cluster_51b0cac1ff.live_20230804125536/_search?typed_keys=true&max_concurrent_shard_requests=5&ignore_unavailable=false&expand_wildcards=open&allow_no_indices=true&ignore_throttled=true&search_type=query_then_fetch&batched_reduce_size=512&ccs_minimize_roundtrips=true] returned 2 warnings: [299 Elasticsearch-7.16.1-5b38441b16b1ebb16a27c107a4c3865776e20c53 "Elasticsearch built-in security features are not enabled. Without authentication, your cluster could be accessible to anyone. See https://www.elastic.co/guide/en/elasticsearch/reference/7.16/security-minimal-setup.html to enable security."],[299 Elasticsearch-7.16.1-5b38441b16b1ebb16a27c107a4c3865776e20c53 "[ignore_throttled] parameter is deprecated because frozen indices have been deprecated. Consider cold or frozen tiers in place of frozen indices."]
2023-08-04 12:55:58,817 INFO  [com.dot.ContainerResource] (docker-java-stream-824381349) STDOUT: 12:55:58.817  WARN  client.RestClient - request [POST http://elasticsearch:9200/cluster_51b0cac1ff.live_20230804125536/_search?typed_keys=true&max_concurrent_shard_requests=5&ignore_unavailable=false&expand_wildcards=open&allow_no_indices=true&ignore_throttled=true&search_type=query_then_fetch&batched_reduce_size=512&ccs_minimize_roundtrips=true] returned 2 warnings: [299 Elasticsearch-7.16.1-5b38441b16b1ebb16a27c107a4c3865776e20c53 "Elasticsearch built-in security features are not enabled. Without authentication, your cluster could be accessible to anyone. See https://www.elastic.co/guide/en/elasticsearch/reference/7.16/security-minimal-setup.html to enable security."],[299 Elasticsearch-7.16.1-5b38441b16b1ebb16a27c107a4c3865776e20c53 "[ignore_throttled] parameter is deprecated because frozen indices have been deprecated. Consider cold or frozen tiers in place of frozen indices."]
2023-08-04 12:55:58,824 INFO  [com.dot.ContainerResource] (docker-java-stream-824381349) STDOUT: 12:55:58.823  WARN  client.RestClient - request [POST http://elasticsearch:9200/cluster_51b0cac1ff.live_20230804125536/_search?typed_keys=true&max_concurrent_shard_requests=5&ignore_unavailable=false&expand_wildcards=open&allow_no_indices=true&ignore_throttled=true&search_type=query_then_fetch&batched_reduce_size=512&ccs_minimize_roundtrips=true] returned 2 warnings: [299 Elasticsearch-7.16.1-5b38441b16b1ebb16a27c107a4c3865776e20c53 "Elasticsearch built-in security features are not enabled. Without authentication, your cluster could be accessible to anyone. See https://www.elastic.co/guide/en/elasticsearch/reference/7.16/security-minimal-setup.html to enable security."],[299 Elasticsearch-7.16.1-5b38441b16b1ebb16a27c107a4c3865776e20c53 "[ignore_throttled] parameter is deprecated because frozen indices have been deprecated. Consider cold or frozen tiers in place of frozen indices."]
2023-08-04 12:55:58,832 INFO  [com.dot.ContainerResource] (docker-java-stream-824381349) STDOUT: 12:55:58.831  WARN  client.RestClient - request [POST http://elasticsearch:9200/cluster_51b0cac1ff.live_20230804125536/_search?typed_keys=true&max_concurrent_shard_requests=5&ignore_unavailable=false&expand_wildcards=open&allow_no_indices=true&ignore_throttled=true&search_type=query_then_fetch&batched_reduce_size=512&ccs_minimize_roundtrips=true] returned 2 warnings: [299 Elasticsearch-7.16.1-5b38441b16b1ebb16a27c107a4c3865776e20c53 "Elasticsearch built-in security features are not enabled. Without authentication, your cluster could be accessible to anyone. See https://www.elastic.co/guide/en/elasticsearch/reference/7.16/security-minimal-setup.html to enable security."],[299 Elasticsearch-7.16.1-5b38441b16b1ebb16a27c107a4c3865776e20c53 "[ignore_throttled] parameter is deprecated because frozen indices have been deprecated. Consider cold or frozen tiers in place of frozen indices."]
2023-08-04 12:55:58,839 INFO  [com.dot.ContainerResource] (docker-java-stream-824381349) STDOUT: 12:55:58.839  WARN  client.RestClient - request [POST http://elasticsearch:9200/cluster_51b0cac1ff.live_20230804125536/_search?typed_keys=true&max_concurrent_shard_requests=5&ignore_unavailable=false&expand_wildcards=open&allow_no_indices=true&ignore_throttled=true&search_type=query_then_fetch&batched_reduce_size=512&ccs_minimize_roundtrips=true] returned 2 warnings: [299 Elasticsearch-7.16.1-5b38441b16b1ebb16a27c107a4c3865776e20c53 "Elasticsearch built-in security features are not enabled. Without authentication, your cluster could be accessible to anyone. See https://www.elastic.co/guide/en/elasticsearch/reference/7.16/security-minimal-setup.html to enable security."],[299 Elasticsearch-7.16.1-5b38441b16b1ebb16a27c107a4c3865776e20c53 "[ignore_throttled] parameter is deprecated because frozen indices have been deprecated. Consider cold or frozen tiers in place of frozen indices."]
2023-08-04 12:55:58,847 INFO  [com.dot.ContainerResource] (docker-java-stream-824381349) STDOUT: 12:55:58.846  WARN  client.RestClient - request [POST http://elasticsearch:9200/cluster_51b0cac1ff.live_20230804125536/_search?typed_keys=true&max_concurrent_shard_requests=5&ignore_unavailable=false&expand_wildcards=open&allow_no_indices=true&ignore_throttled=true&search_type=query_then_fetch&batched_reduce_size=512&ccs_minimize_roundtrips=true] returned 2 warnings: [299 Elasticsearch-7.16.1-5b38441b16b1ebb16a27c107a4c3865776e20c53 "Elasticsearch built-in security features are not enabled. Without authentication, your cluster could be accessible to anyone. See https://www.elastic.co/guide/en/elasticsearch/reference/7.16/security-minimal-setup.html to enable security."],[299 Elasticsearch-7.16.1-5b38441b16b1ebb16a27c107a4c3865776e20c53 "[ignore_throttled] parameter is deprecated because frozen indices have been deprecated. Consider cold or frozen tiers in place of frozen indices."]
2023-08-04 12:55:58,856 INFO  [com.dot.ContainerResource] (docker-java-stream-824381349) STDOUT: 12:55:58.855  WARN  client.RestClient - request [POST http://elasticsearch:9200/cluster_51b0cac1ff.live_20230804125536/_search?typed_keys=true&max_concurrent_shard_requests=5&ignore_unavailable=false&expand_wildcards=open&allow_no_indices=true&ignore_throttled=true&search_type=query_then_fetch&batched_reduce_size=512&ccs_minimize_roundtrips=true] returned 2 warnings: [299 Elasticsearch-7.16.1-5b38441b16b1ebb16a27c107a4c3865776e20c53 "Elasticsearch built-in security features are not enabled. Without authentication, your cluster could be accessible to anyone. See https://www.elastic.co/guide/en/elasticsearch/reference/7.16/security-minimal-setup.html to enable security."],[299 Elasticsearch-7.16.1-5b38441b16b1ebb16a27c107a4c3865776e20c53 "[ignore_throttled] parameter is deprecated because frozen indices have been deprecated. Consider cold or frozen tiers in place of frozen indices."]
2023-08-04 12:55:58,878 INFO  [com.dot.ContainerResource] (docker-java-stream-824381349) STDOUT: 12:55:58.877  WARN  client.RestClient - request [POST http://elasticsearch:9200/cluster_51b0cac1ff.live_20230804125536/_search?typed_keys=true&max_concurrent_shard_requests=5&ignore_unavailable=false&expand_wildcards=open&allow_no_indices=true&ignore_throttled=true&search_type=query_then_fetch&batched_reduce_size=512&ccs_minimize_roundtrips=true] returned 2 warnings: [299 Elasticsearch-7.16.1-5b38441b16b1ebb16a27c107a4c3865776e20c53 "Elasticsearch built-in security features are not enabled. Without authentication, your cluster could be accessible to anyone. See https://www.elastic.co/guide/en/elasticsearch/reference/7.16/security-minimal-setup.html to enable security."],[299 Elasticsearch-7.16.1-5b38441b16b1ebb16a27c107a4c3865776e20c53 "[ignore_throttled] parameter is deprecated because frozen indices have been deprecated. Consider cold or frozen tiers in place of frozen indices."]
2023-08-04 12:55:58,886 INFO  [com.dot.ContainerResource] (docker-java-stream-824381349) STDOUT: 12:55:58.885  WARN  client.RestClient - request [POST http://elasticsearch:9200/cluster_51b0cac1ff.live_20230804125536/_search?typed_keys=true&max_concurrent_shard_requests=5&ignore_unavailable=false&expand_wildcards=open&allow_no_indices=true&ignore_throttled=true&search_type=query_then_fetch&batched_reduce_size=512&ccs_minimize_roundtrips=true] returned 2 warnings: [299 Elasticsearch-7.16.1-5b38441b16b1ebb16a27c107a4c3865776e20c53 "Elasticsearch built-in security features are not enabled. Without authentication, your cluster could be accessible to anyone. See https://www.elastic.co/guide/en/elasticsearch/reference/7.16/security-minimal-setup.html to enable security."],[299 Elasticsearch-7.16.1-5b38441b16b1ebb16a27c107a4c3865776e20c53 "[ignore_throttled] parameter is deprecated because frozen indices have been deprecated. Consider cold or frozen tiers in place of frozen indices."]
2023-08-04 12:55:58,895 INFO  [com.dot.ContainerResource] (docker-java-stream-824381349) STDOUT: 12:55:58.895  WARN  client.RestClient - request [POST http://elasticsearch:9200/cluster_51b0cac1ff.live_20230804125536/_search?typed_keys=true&max_concurrent_shard_requests=5&ignore_unavailable=false&expand_wildcards=open&allow_no_indices=true&ignore_throttled=true&search_type=query_then_fetch&batched_reduce_size=512&ccs_minimize_roundtrips=true] returned 2 warnings: [299 Elasticsearch-7.16.1-5b38441b16b1ebb16a27c107a4c3865776e20c53 "Elasticsearch built-in security features are not enabled. Without authentication, your cluster could be accessible to anyone. See https://www.elastic.co/guide/en/elasticsearch/reference/7.16/security-minimal-setup.html to enable security."],[299 Elasticsearch-7.16.1-5b38441b16b1ebb16a27c107a4c3865776e20c53 "[ignore_throttled] parameter is deprecated because frozen indices have been deprecated. Consider cold or frozen tiers in place of frozen indices."]
2023-08-04 12:55:58,902 INFO  [com.dot.ContainerResource] (docker-java-stream-824381349) STDOUT: 12:55:58.902  WARN  client.RestClient - request [POST http://elasticsearch:9200/cluster_51b0cac1ff.live_20230804125536/_search?typed_keys=true&max_concurrent_shard_requests=5&ignore_unavailable=false&expand_wildcards=open&allow_no_indices=true&ignore_throttled=true&search_type=query_then_fetch&batched_reduce_size=512&ccs_minimize_roundtrips=true] returned 2 warnings: [299 Elasticsearch-7.16.1-5b38441b16b1ebb16a27c107a4c3865776e20c53 "Elasticsearch built-in security features are not enabled. Without authentication, your cluster could be accessible to anyone. See https://www.elastic.co/guide/en/elasticsearch/reference/7.16/security-minimal-setup.html to enable security."],[299 Elasticsearch-7.16.1-5b38441b16b1ebb16a27c107a4c3865776e20c53 "[ignore_throttled] parameter is deprecated because frozen indices have been deprecated. Consider cold or frozen tiers in place of frozen indices."]
2023-08-04 12:55:58,911 INFO  [com.dot.ContainerResource] (docker-java-stream-824381349) STDOUT: 12:55:58.911  WARN  client.RestClient - request [POST http://elasticsearch:9200/cluster_51b0cac1ff.live_20230804125536/_search?typed_keys=true&max_concurrent_shard_requests=5&ignore_unavailable=false&expand_wildcards=open&allow_no_indices=true&ignore_throttled=true&search_type=query_then_fetch&batched_reduce_size=512&ccs_minimize_roundtrips=true] returned 2 warnings: [299 Elasticsearch-7.16.1-5b38441b16b1ebb16a27c107a4c3865776e20c53 "Elasticsearch built-in security features are not enabled. Without authentication, your cluster could be accessible to anyone. See https://www.elastic.co/guide/en/elasticsearch/reference/7.16/security-minimal-setup.html to enable security."],[299 Elasticsearch-7.16.1-5b38441b16b1ebb16a27c107a4c3865776e20c53 "[ignore_throttled] parameter is deprecated because frozen indices have been deprecated. Consider cold or frozen tiers in place of frozen indices."]
2023-08-04 12:55:58,918 INFO  [com.dot.ContainerResource] (docker-java-stream-824381349) STDOUT: 12:55:58.918  WARN  client.RestClient - request [POST http://elasticsearch:9200/cluster_51b0cac1ff.live_20230804125536/_search?typed_keys=true&max_concurrent_shard_requests=5&ignore_unavailable=false&expand_wildcards=open&allow_no_indices=true&ignore_throttled=true&search_type=query_then_fetch&batched_reduce_size=512&ccs_minimize_roundtrips=true] returned 2 warnings: [299 Elasticsearch-7.16.1-5b38441b16b1ebb16a27c107a4c3865776e20c53 "Elasticsearch built-in security features are not enabled. Without authentication, your cluster could be accessible to anyone. See https://www.elastic.co/guide/en/elasticsearch/reference/7.16/security-minimal-setup.html to enable security."],[299 Elasticsearch-7.16.1-5b38441b16b1ebb16a27c107a4c3865776e20c53 "[ignore_throttled] parameter is deprecated because frozen indices have been deprecated. Consider cold or frozen tiers in place of frozen indices."]
2023-08-04 12:55:58,927 INFO  [com.dot.ContainerResource] (docker-java-stream-824381349) STDOUT: 12:55:58.926  WARN  client.RestClient - request [POST http://elasticsearch:9200/cluster_51b0cac1ff.live_20230804125536/_search?typed_keys=true&max_concurrent_shard_requests=5&ignore_unavailable=false&expand_wildcards=open&allow_no_indices=true&ignore_throttled=true&search_type=query_then_fetch&batched_reduce_size=512&ccs_minimize_roundtrips=true] returned 2 warnings: [299 Elasticsearch-7.16.1-5b38441b16b1ebb16a27c107a4c3865776e20c53 "Elasticsearch built-in security features are not enabled. Without authentication, your cluster could be accessible to anyone. See https://www.elastic.co/guide/en/elasticsearch/reference/7.16/security-minimal-setup.html to enable security."],[299 Elasticsearch-7.16.1-5b38441b16b1ebb16a27c107a4c3865776e20c53 "[ignore_throttled] parameter is deprecated because frozen indices have been deprecated. Consider cold or frozen tiers in place of frozen indices."]
2023-08-04 12:55:58,934 INFO  [com.dot.ContainerResource] (docker-java-stream-824381349) STDOUT: 12:55:58.934  WARN  client.RestClient - request [POST http://elasticsearch:9200/cluster_51b0cac1ff.live_20230804125536/_search?typed_keys=true&max_concurrent_shard_requests=5&ignore_unavailable=false&expand_wildcards=open&allow_no_indices=true&ignore_throttled=true&search_type=query_then_fetch&batched_reduce_size=512&ccs_minimize_roundtrips=true] returned 2 warnings: [299 Elasticsearch-7.16.1-5b38441b16b1ebb16a27c107a4c3865776e20c53 "Elasticsearch built-in security features are not enabled. Without authentication, your cluster could be accessible to anyone. See https://www.elastic.co/guide/en/elasticsearch/reference/7.16/security-minimal-setup.html to enable security."],[299 Elasticsearch-7.16.1-5b38441b16b1ebb16a27c107a4c3865776e20c53 "[ignore_throttled] parameter is deprecated because frozen indices have been deprecated. Consider cold or frozen tiers in place of frozen indices."]
2023-08-04 12:55:58,947 INFO  [com.dot.ContainerResource] (docker-java-stream-824381349) STDOUT: 12:55:58.947  WARN  client.RestClient - request [POST http://elasticsearch:9200/cluster_51b0cac1ff.live_20230804125536/_search?typed_keys=true&max_concurrent_shard_requests=5&ignore_unavailable=false&expand_wildcards=open&allow_no_indices=true&ignore_throttled=true&search_type=query_then_fetch&batched_reduce_size=512&ccs_minimize_roundtrips=true] returned 2 warnings: [299 Elasticsearch-7.16.1-5b38441b16b1ebb16a27c107a4c3865776e20c53 "Elasticsearch built-in security features are not enabled. Without authentication, your cluster could be accessible to anyone. See https://www.elastic.co/guide/en/elasticsearch/reference/7.16/security-minimal-setup.html to enable security."],[299 Elasticsearch-7.16.1-5b38441b16b1ebb16a27c107a4c3865776e20c53 "[ignore_throttled] parameter is deprecated because frozen indices have been deprecated. Consider cold or frozen tiers in place of frozen indices."]
2023-08-04 12:55:58,957 INFO  [com.dot.ContainerResource] (docker-java-stream-824381349) STDOUT: 12:55:58.957  WARN  client.RestClient - request [POST http://elasticsearch:9200/cluster_51b0cac1ff.live_20230804125536/_search?typed_keys=true&max_concurrent_shard_requests=5&ignore_unavailable=false&expand_wildcards=open&allow_no_indices=true&ignore_throttled=true&search_type=query_then_fetch&batched_reduce_size=512&ccs_minimize_roundtrips=true] returned 2 warnings: [299 Elasticsearch-7.16.1-5b38441b16b1ebb16a27c107a4c3865776e20c53 "Elasticsearch built-in security features are not enabled. Without authentication, your cluster could be accessible to anyone. See https://www.elastic.co/guide/en/elasticsearch/reference/7.16/security-minimal-setup.html to enable security."],[299 Elasticsearch-7.16.1-5b38441b16b1ebb16a27c107a4c3865776e20c53 "[ignore_throttled] parameter is deprecated because frozen indices have been deprecated. Consider cold or frozen tiers in place of frozen indices."]
2023-08-04 12:55:58,967 INFO  [com.dot.ContainerResource] (docker-java-stream-824381349) STDOUT: 12:55:58.966  WARN  client.RestClient - request [POST http://elasticsearch:9200/cluster_51b0cac1ff.live_20230804125536/_search?typed_keys=true&max_concurrent_shard_requests=5&ignore_unavailable=false&expand_wildcards=open&allow_no_indices=true&ignore_throttled=true&search_type=query_then_fetch&batched_reduce_size=512&ccs_minimize_roundtrips=true] returned 2 warnings: [299 Elasticsearch-7.16.1-5b38441b16b1ebb16a27c107a4c3865776e20c53 "Elasticsearch built-in security features are not enabled. Without authentication, your cluster could be accessible to anyone. See https://www.elastic.co/guide/en/elasticsearch/reference/7.16/security-minimal-setup.html to enable security."],[299 Elasticsearch-7.16.1-5b38441b16b1ebb16a27c107a4c3865776e20c53 "[ignore_throttled] parameter is deprecated because frozen indices have been deprecated. Consider cold or frozen tiers in place of frozen indices."]
2023-08-04 12:55:58,975 INFO  [com.dot.ContainerResource] (docker-java-stream-824381349) STDOUT: 12:55:58.974  WARN  client.RestClient - request [POST http://elasticsearch:9200/cluster_51b0cac1ff.live_20230804125536/_search?typed_keys=true&max_concurrent_shard_requests=5&ignore_unavailable=false&expand_wildcards=open&allow_no_indices=true&ignore_throttled=true&search_type=query_then_fetch&batched_reduce_size=512&ccs_minimize_roundtrips=true] returned 2 warnings: [299 Elasticsearch-7.16.1-5b38441b16b1ebb16a27c107a4c3865776e20c53 "Elasticsearch built-in security features are not enabled. Without authentication, your cluster could be accessible to anyone. See https://www.elastic.co/guide/en/elasticsearch/reference/7.16/security-minimal-setup.html to enable security."],[299 Elasticsearch-7.16.1-5b38441b16b1ebb16a27c107a4c3865776e20c53 "[ignore_throttled] parameter is deprecated because frozen indices have been deprecated. Consider cold or frozen tiers in place of frozen indices."]
2023-08-04 12:55:58,982 INFO  [com.dot.ContainerResource] (docker-java-stream-824381349) STDOUT: 12:55:58.981  WARN  client.RestClient - request [POST http://elasticsearch:9200/cluster_51b0cac1ff.live_20230804125536/_search?typed_keys=true&max_concurrent_shard_requests=5&ignore_unavailable=false&expand_wildcards=open&allow_no_indices=true&ignore_throttled=true&search_type=query_then_fetch&batched_reduce_size=512&ccs_minimize_roundtrips=true] returned 2 warnings: [299 Elasticsearch-7.16.1-5b38441b16b1ebb16a27c107a4c3865776e20c53 "Elasticsearch built-in security features are not enabled. Without authentication, your cluster could be accessible to anyone. See https://www.elastic.co/guide/en/elasticsearch/reference/7.16/security-minimal-setup.html to enable security."],[299 Elasticsearch-7.16.1-5b38441b16b1ebb16a27c107a4c3865776e20c53 "[ignore_throttled] parameter is deprecated because frozen indices have been deprecated. Consider cold or frozen tiers in place of frozen indices."]
2023-08-04 12:55:59,002 INFO  [com.dot.ContainerResource] (docker-java-stream-824381349) STDOUT: 12:55:59.001  WARN  client.RestClient - request [POST http://elasticsearch:9200/cluster_51b0cac1ff.live_20230804125536/_search?typed_keys=true&max_concurrent_shard_requests=5&ignore_unavailable=false&expand_wildcards=open&allow_no_indices=true&ignore_throttled=true&search_type=query_then_fetch&batched_reduce_size=512&ccs_minimize_roundtrips=true] returned 2 warnings: [299 Elasticsearch-7.16.1-5b38441b16b1ebb16a27c107a4c3865776e20c53 "Elasticsearch built-in security features are not enabled. Without authentication, your cluster could be accessible to anyone. See https://www.elastic.co/guide/en/elasticsearch/reference/7.16/security-minimal-setup.html to enable security."],[299 Elasticsearch-7.16.1-5b38441b16b1ebb16a27c107a4c3865776e20c53 "[ignore_throttled] parameter is deprecated because frozen indices have been deprecated. Consider cold or frozen tiers in place of frozen indices."]
2023-08-04 12:55:59,014 INFO  [com.dot.ContainerResource] (docker-java-stream-824381349) STDOUT: 12:55:59.014  WARN  client.RestClient - request [POST http://elasticsearch:9200/cluster_51b0cac1ff.live_20230804125536/_search?typed_keys=true&max_concurrent_shard_requests=5&ignore_unavailable=false&expand_wildcards=open&allow_no_indices=true&ignore_throttled=true&search_type=query_then_fetch&batched_reduce_size=512&ccs_minimize_roundtrips=true] returned 2 warnings: [299 Elasticsearch-7.16.1-5b38441b16b1ebb16a27c107a4c3865776e20c53 "Elasticsearch built-in security features are not enabled. Without authentication, your cluster could be accessible to anyone. See https://www.elastic.co/guide/en/elasticsearch/reference/7.16/security-minimal-setup.html to enable security."],[299 Elasticsearch-7.16.1-5b38441b16b1ebb16a27c107a4c3865776e20c53 "[ignore_throttled] parameter is deprecated because frozen indices have been deprecated. Consider cold or frozen tiers in place of frozen indices."]
2023-08-04 12:55:59,023 INFO  [com.dot.ContainerResource] (docker-java-stream-824381349) STDOUT: 12:55:59.022  WARN  client.RestClient - request [POST http://elasticsearch:9200/cluster_51b0cac1ff.live_20230804125536/_search?typed_keys=true&max_concurrent_shard_requests=5&ignore_unavailable=false&expand_wildcards=open&allow_no_indices=true&ignore_throttled=true&search_type=query_then_fetch&batched_reduce_size=512&ccs_minimize_roundtrips=true] returned 2 warnings: [299 Elasticsearch-7.16.1-5b38441b16b1ebb16a27c107a4c3865776e20c53 "Elasticsearch built-in security features are not enabled. Without authentication, your cluster could be accessible to anyone. See https://www.elastic.co/guide/en/elasticsearch/reference/7.16/security-minimal-setup.html to enable security."],[299 Elasticsearch-7.16.1-5b38441b16b1ebb16a27c107a4c3865776e20c53 "[ignore_throttled] parameter is deprecated because frozen indices have been deprecated. Consider cold or frozen tiers in place of frozen indices."]
2023-08-04 12:55:59,030 INFO  [com.dot.ContainerResource] (docker-java-stream-824381349) STDOUT: 12:55:59.029  WARN  client.RestClient - request [POST http://elasticsearch:9200/cluster_51b0cac1ff.live_20230804125536/_search?typed_keys=true&max_concurrent_shard_requests=5&ignore_unavailable=false&expand_wildcards=open&allow_no_indices=true&ignore_throttled=true&search_type=query_then_fetch&batched_reduce_size=512&ccs_minimize_roundtrips=true] returned 2 warnings: [299 Elasticsearch-7.16.1-5b38441b16b1ebb16a27c107a4c3865776e20c53 "Elasticsearch built-in security features are not enabled. Without authentication, your cluster could be accessible to anyone. See https://www.elastic.co/guide/en/elasticsearch/reference/7.16/security-minimal-setup.html to enable security."],[299 Elasticsearch-7.16.1-5b38441b16b1ebb16a27c107a4c3865776e20c53 "[ignore_throttled] parameter is deprecated because frozen indices have been deprecated. Consider cold or frozen tiers in place of frozen indices."]
2023-08-04 12:55:59,036 INFO  [com.dot.ContainerResource] (docker-java-stream-824381349) STDOUT: 12:55:59.036  WARN  client.RestClient - request [POST http://elasticsearch:9200/cluster_51b0cac1ff.live_20230804125536/_search?typed_keys=true&max_concurrent_shard_requests=5&ignore_unavailable=false&expand_wildcards=open&allow_no_indices=true&ignore_throttled=true&search_type=query_then_fetch&batched_reduce_size=512&ccs_minimize_roundtrips=true] returned 2 warnings: [299 Elasticsearch-7.16.1-5b38441b16b1ebb16a27c107a4c3865776e20c53 "Elasticsearch built-in security features are not enabled. Without authentication, your cluster could be accessible to anyone. See https://www.elastic.co/guide/en/elasticsearch/reference/7.16/security-minimal-setup.html to enable security."],[299 Elasticsearch-7.16.1-5b38441b16b1ebb16a27c107a4c3865776e20c53 "[ignore_throttled] parameter is deprecated because frozen indices have been deprecated. Consider cold or frozen tiers in place of frozen indices."]
2023-08-04 12:55:59,053 INFO  [com.dot.ContainerResource] (docker-java-stream-824381349) STDOUT: 12:55:59.053  WARN  client.RestClient - request [POST http://elasticsearch:9200/cluster_51b0cac1ff.live_20230804125536/_search?typed_keys=true&max_concurrent_shard_requests=5&ignore_unavailable=false&expand_wildcards=open&allow_no_indices=true&ignore_throttled=true&search_type=query_then_fetch&batched_reduce_size=512&ccs_minimize_roundtrips=true] returned 2 warnings: [299 Elasticsearch-7.16.1-5b38441b16b1ebb16a27c107a4c3865776e20c53 "Elasticsearch built-in security features are not enabled. Without authentication, your cluster could be accessible to anyone. See https://www.elastic.co/guide/en/elasticsearch/reference/7.16/security-minimal-setup.html to enable security."],[299 Elasticsearch-7.16.1-5b38441b16b1ebb16a27c107a4c3865776e20c53 "[ignore_throttled] parameter is deprecated because frozen indices have been deprecated. Consider cold or frozen tiers in place of frozen indices."]
2023-08-04 12:55:59,062 INFO  [com.dot.ContainerResource] (docker-java-stream-824381349) STDOUT: 12:55:59.062  WARN  client.RestClient - request [POST http://elasticsearch:9200/cluster_51b0cac1ff.live_20230804125536/_search?typed_keys=true&max_concurrent_shard_requests=5&ignore_unavailable=false&expand_wildcards=open&allow_no_indices=true&ignore_throttled=true&search_type=query_then_fetch&batched_reduce_size=512&ccs_minimize_roundtrips=true] returned 2 warnings: [299 Elasticsearch-7.16.1-5b38441b16b1ebb16a27c107a4c3865776e20c53 "Elasticsearch built-in security features are not enabled. Without authentication, your cluster could be accessible to anyone. See https://www.elastic.co/guide/en/elasticsearch/reference/7.16/security-minimal-setup.html to enable security."],[299 Elasticsearch-7.16.1-5b38441b16b1ebb16a27c107a4c3865776e20c53 "[ignore_throttled] parameter is deprecated because frozen indices have been deprecated. Consider cold or frozen tiers in place of frozen indices."]
2023-08-04 12:55:59,073 INFO  [com.dot.ContainerResource] (docker-java-stream-824381349) STDOUT: 12:55:59.073  WARN  client.RestClient - request [POST http://elasticsearch:9200/cluster_51b0cac1ff.live_20230804125536/_search?typed_keys=true&max_concurrent_shard_requests=5&ignore_unavailable=false&expand_wildcards=open&allow_no_indices=true&ignore_throttled=true&search_type=query_then_fetch&batched_reduce_size=512&ccs_minimize_roundtrips=true] returned 2 warnings: [299 Elasticsearch-7.16.1-5b38441b16b1ebb16a27c107a4c3865776e20c53 "Elasticsearch built-in security features are not enabled. Without authentication, your cluster could be accessible to anyone. See https://www.elastic.co/guide/en/elasticsearch/reference/7.16/security-minimal-setup.html to enable security."],[299 Elasticsearch-7.16.1-5b38441b16b1ebb16a27c107a4c3865776e20c53 "[ignore_throttled] parameter is deprecated because frozen indices have been deprecated. Consider cold or frozen tiers in place of frozen indices."]
2023-08-04 12:55:59,080 INFO  [com.dot.ContainerResource] (docker-java-stream-824381349) STDOUT: 12:55:59.079  WARN  client.RestClient - request [POST http://elasticsearch:9200/cluster_51b0cac1ff.live_20230804125536/_search?typed_keys=true&max_concurrent_shard_requests=5&ignore_unavailable=false&expand_wildcards=open&allow_no_indices=true&ignore_throttled=true&search_type=query_then_fetch&batched_reduce_size=512&ccs_minimize_roundtrips=true] returned 2 warnings: [299 Elasticsearch-7.16.1-5b38441b16b1ebb16a27c107a4c3865776e20c53 "Elasticsearch built-in security features are not enabled. Without authentication, your cluster could be accessible to anyone. See https://www.elastic.co/guide/en/elasticsearch/reference/7.16/security-minimal-setup.html to enable security."],[299 Elasticsearch-7.16.1-5b38441b16b1ebb16a27c107a4c3865776e20c53 "[ignore_throttled] parameter is deprecated because frozen indices have been deprecated. Consider cold or frozen tiers in place of frozen indices."]
2023-08-04 12:55:59,086 INFO  [com.dot.ContainerResource] (docker-java-stream-824381349) STDOUT: 12:55:59.085  WARN  client.RestClient - request [POST http://elasticsearch:9200/cluster_51b0cac1ff.live_20230804125536/_search?typed_keys=true&max_concurrent_shard_requests=5&ignore_unavailable=false&expand_wildcards=open&allow_no_indices=true&ignore_throttled=true&search_type=query_then_fetch&batched_reduce_size=512&ccs_minimize_roundtrips=true] returned 2 warnings: [299 Elasticsearch-7.16.1-5b38441b16b1ebb16a27c107a4c3865776e20c53 "Elasticsearch built-in security features are not enabled. Without authentication, your cluster could be accessible to anyone. See https://www.elastic.co/guide/en/elasticsearch/reference/7.16/security-minimal-setup.html to enable security."],[299 Elasticsearch-7.16.1-5b38441b16b1ebb16a27c107a4c3865776e20c53 "[ignore_throttled] parameter is deprecated because frozen indices have been deprecated. Consider cold or frozen tiers in place of frozen indices."]
2023-08-04 12:55:59,093 INFO  [com.dot.ContainerResource] (docker-java-stream-824381349) STDOUT: 12:55:59.093  WARN  client.RestClient - request [POST http://elasticsearch:9200/cluster_51b0cac1ff.live_20230804125536/_search?typed_keys=true&max_concurrent_shard_requests=5&ignore_unavailable=false&expand_wildcards=open&allow_no_indices=true&ignore_throttled=true&search_type=query_then_fetch&batched_reduce_size=512&ccs_minimize_roundtrips=true] returned 2 warnings: [299 Elasticsearch-7.16.1-5b38441b16b1ebb16a27c107a4c3865776e20c53 "Elasticsearch built-in security features are not enabled. Without authentication, your cluster could be accessible to anyone. See https://www.elastic.co/guide/en/elasticsearch/reference/7.16/security-minimal-setup.html to enable security."],[299 Elasticsearch-7.16.1-5b38441b16b1ebb16a27c107a4c3865776e20c53 "[ignore_throttled] parameter is deprecated because frozen indices have been deprecated. Consider cold or frozen tiers in place of frozen indices."]
2023-08-04 12:55:59,101 INFO  [com.dot.ContainerResource] (docker-java-stream-824381349) STDOUT: 12:55:59.100  WARN  client.RestClient - request [POST http://elasticsearch:9200/cluster_51b0cac1ff.live_20230804125536/_search?typed_keys=true&max_concurrent_shard_requests=5&ignore_unavailable=false&expand_wildcards=open&allow_no_indices=true&ignore_throttled=true&search_type=query_then_fetch&batched_reduce_size=512&ccs_minimize_roundtrips=true] returned 2 warnings: [299 Elasticsearch-7.16.1-5b38441b16b1ebb16a27c107a4c3865776e20c53 "Elasticsearch built-in security features are not enabled. Without authentication, your cluster could be accessible to anyone. See https://www.elastic.co/guide/en/elasticsearch/reference/7.16/security-minimal-setup.html to enable security."],[299 Elasticsearch-7.16.1-5b38441b16b1ebb16a27c107a4c3865776e20c53 "[ignore_throttled] parameter is deprecated because frozen indices have been deprecated. Consider cold or frozen tiers in place of frozen indices."]
2023-08-04 12:55:59,108 INFO  [com.dot.ContainerResource] (docker-java-stream-824381349) STDOUT: 12:55:59.108  WARN  client.RestClient - request [POST http://elasticsearch:9200/cluster_51b0cac1ff.live_20230804125536/_search?typed_keys=true&max_concurrent_shard_requests=5&ignore_unavailable=false&expand_wildcards=open&allow_no_indices=true&ignore_throttled=true&search_type=query_then_fetch&batched_reduce_size=512&ccs_minimize_roundtrips=true] returned 2 warnings: [299 Elasticsearch-7.16.1-5b38441b16b1ebb16a27c107a4c3865776e20c53 "Elasticsearch built-in security features are not enabled. Without authentication, your cluster could be accessible to anyone. See https://www.elastic.co/guide/en/elasticsearch/reference/7.16/security-minimal-setup.html to enable security."],[299 Elasticsearch-7.16.1-5b38441b16b1ebb16a27c107a4c3865776e20c53 "[ignore_throttled] parameter is deprecated because frozen indices have been deprecated. Consider cold or frozen tiers in place of frozen indices."]
2023-08-04 12:55:59,115 INFO  [com.dot.ContainerResource] (docker-java-stream-824381349) STDOUT: 12:55:59.114  WARN  client.RestClient - request [POST http://elasticsearch:9200/cluster_51b0cac1ff.live_20230804125536/_search?typed_keys=true&max_concurrent_shard_requests=5&ignore_unavailable=false&expand_wildcards=open&allow_no_indices=true&ignore_throttled=true&search_type=query_then_fetch&batched_reduce_size=512&ccs_minimize_roundtrips=true] returned 2 warnings: [299 Elasticsearch-7.16.1-5b38441b16b1ebb16a27c107a4c3865776e20c53 "Elasticsearch built-in security features are not enabled. Without authentication, your cluster could be accessible to anyone. See https://www.elastic.co/guide/en/elasticsearch/reference/7.16/security-minimal-setup.html to enable security."],[299 Elasticsearch-7.16.1-5b38441b16b1ebb16a27c107a4c3865776e20c53 "[ignore_throttled] parameter is deprecated because frozen indices have been deprecated. Consider cold or frozen tiers in place of frozen indices."]
2023-08-04 12:55:59,125 INFO  [com.dot.ContainerResource] (docker-java-stream-824381349) STDOUT: 12:55:59.124  WARN  client.RestClient - request [POST http://elasticsearch:9200/cluster_51b0cac1ff.live_20230804125536/_search?typed_keys=true&max_concurrent_shard_requests=5&ignore_unavailable=false&expand_wildcards=open&allow_no_indices=true&ignore_throttled=true&search_type=query_then_fetch&batched_reduce_size=512&ccs_minimize_roundtrips=true] returned 2 warnings: [299 Elasticsearch-7.16.1-5b38441b16b1ebb16a27c107a4c3865776e20c53 "Elasticsearch built-in security features are not enabled. Without authentication, your cluster could be accessible to anyone. See https://www.elastic.co/guide/en/elasticsearch/reference/7.16/security-minimal-setup.html to enable security."],[299 Elasticsearch-7.16.1-5b38441b16b1ebb16a27c107a4c3865776e20c53 "[ignore_throttled] parameter is deprecated because frozen indices have been deprecated. Consider cold or frozen tiers in place of frozen indices."]
2023-08-04 12:55:59,133 INFO  [com.dot.ContainerResource] (docker-java-stream-824381349) STDOUT: 12:55:59.132  WARN  client.RestClient - request [POST http://elasticsearch:9200/cluster_51b0cac1ff.live_20230804125536/_search?typed_keys=true&max_concurrent_shard_requests=5&ignore_unavailable=false&expand_wildcards=open&allow_no_indices=true&ignore_throttled=true&search_type=query_then_fetch&batched_reduce_size=512&ccs_minimize_roundtrips=true] returned 2 warnings: [299 Elasticsearch-7.16.1-5b38441b16b1ebb16a27c107a4c3865776e20c53 "Elasticsearch built-in security features are not enabled. Without authentication, your cluster could be accessible to anyone. See https://www.elastic.co/guide/en/elasticsearch/reference/7.16/security-minimal-setup.html to enable security."],[299 Elasticsearch-7.16.1-5b38441b16b1ebb16a27c107a4c3865776e20c53 "[ignore_throttled] parameter is deprecated because frozen indices have been deprecated. Consider cold or frozen tiers in place of frozen indices."]
2023-08-04 12:55:59,150 INFO  [com.dot.ContainerResource] (docker-java-stream-824381349) STDOUT: 12:55:59.147  WARN  client.RestClient - request [POST http://elasticsearch:9200/cluster_51b0cac1ff.live_20230804125536/_search?typed_keys=true&max_concurrent_shard_requests=5&ignore_unavailable=false&expand_wildcards=open&allow_no_indices=true&ignore_throttled=true&search_type=query_then_fetch&batched_reduce_size=512&ccs_minimize_roundtrips=true] returned 2 warnings: [299 Elasticsearch-7.16.1-5b38441b16b1ebb16a27c107a4c3865776e20c53 "Elasticsearch built-in security features are not enabled. Without authentication, your cluster could be accessible to anyone. See https://www.elastic.co/guide/en/elasticsearch/reference/7.16/security-minimal-setup.html to enable security."],[299 Elasticsearch-7.16.1-5b38441b16b1ebb16a27c107a4c3865776e20c53 "[ignore_throttled] parameter is deprecated because frozen indices have been deprecated. Consider cold or frozen tiers in place of frozen indices."]
2023-08-04 12:55:59,157 INFO  [com.dot.ContainerResource] (docker-java-stream-824381349) STDOUT: 12:55:59.157  WARN  client.RestClient - request [POST http://elasticsearch:9200/cluster_51b0cac1ff.live_20230804125536/_search?typed_keys=true&max_concurrent_shard_requests=5&ignore_unavailable=false&expand_wildcards=open&allow_no_indices=true&ignore_throttled=true&search_type=query_then_fetch&batched_reduce_size=512&ccs_minimize_roundtrips=true] returned 2 warnings: [299 Elasticsearch-7.16.1-5b38441b16b1ebb16a27c107a4c3865776e20c53 "Elasticsearch built-in security features are not enabled. Without authentication, your cluster could be accessible to anyone. See https://www.elastic.co/guide/en/elasticsearch/reference/7.16/security-minimal-setup.html to enable security."],[299 Elasticsearch-7.16.1-5b38441b16b1ebb16a27c107a4c3865776e20c53 "[ignore_throttled] parameter is deprecated because frozen indices have been deprecated. Consider cold or frozen tiers in place of frozen indices."]
2023-08-04 12:55:59,169 INFO  [com.dot.ContainerResource] (docker-java-stream-824381349) STDOUT: 12:55:59.168  WARN  client.RestClient - request [POST http://elasticsearch:9200/cluster_51b0cac1ff.live_20230804125536/_search?typed_keys=true&max_concurrent_shard_requests=5&ignore_unavailable=false&expand_wildcards=open&allow_no_indices=true&ignore_throttled=true&search_type=query_then_fetch&batched_reduce_size=512&ccs_minimize_roundtrips=true] returned 2 warnings: [299 Elasticsearch-7.16.1-5b38441b16b1ebb16a27c107a4c3865776e20c53 "Elasticsearch built-in security features are not enabled. Without authentication, your cluster could be accessible to anyone. See https://www.elastic.co/guide/en/elasticsearch/reference/7.16/security-minimal-setup.html to enable security."],[299 Elasticsearch-7.16.1-5b38441b16b1ebb16a27c107a4c3865776e20c53 "[ignore_throttled] parameter is deprecated because frozen indices have been deprecated. Consider cold or frozen tiers in place of frozen indices."]
2023-08-04 12:55:59,177 INFO  [com.dot.ContainerResource] (docker-java-stream-824381349) STDOUT: 12:55:59.177  WARN  client.RestClient - request [POST http://elasticsearch:9200/cluster_51b0cac1ff.live_20230804125536/_search?typed_keys=true&max_concurrent_shard_requests=5&ignore_unavailable=false&expand_wildcards=open&allow_no_indices=true&ignore_throttled=true&search_type=query_then_fetch&batched_reduce_size=512&ccs_minimize_roundtrips=true] returned 2 warnings: [299 Elasticsearch-7.16.1-5b38441b16b1ebb16a27c107a4c3865776e20c53 "Elasticsearch built-in security features are not enabled. Without authentication, your cluster could be accessible to anyone. See https://www.elastic.co/guide/en/elasticsearch/reference/7.16/security-minimal-setup.html to enable security."],[299 Elasticsearch-7.16.1-5b38441b16b1ebb16a27c107a4c3865776e20c53 "[ignore_throttled] parameter is deprecated because frozen indices have been deprecated. Consider cold or frozen tiers in place of frozen indices."]
2023-08-04 12:55:59,186 INFO  [com.dot.ContainerResource] (docker-java-stream-824381349) STDOUT: 12:55:59.186  WARN  client.RestClient - request [POST http://elasticsearch:9200/cluster_51b0cac1ff.live_20230804125536/_search?typed_keys=true&max_concurrent_shard_requests=5&ignore_unavailable=false&expand_wildcards=open&allow_no_indices=true&ignore_throttled=true&search_type=query_then_fetch&batched_reduce_size=512&ccs_minimize_roundtrips=true] returned 2 warnings: [299 Elasticsearch-7.16.1-5b38441b16b1ebb16a27c107a4c3865776e20c53 "Elasticsearch built-in security features are not enabled. Without authentication, your cluster could be accessible to anyone. See https://www.elastic.co/guide/en/elasticsearch/reference/7.16/security-minimal-setup.html to enable security."],[299 Elasticsearch-7.16.1-5b38441b16b1ebb16a27c107a4c3865776e20c53 "[ignore_throttled] parameter is deprecated because frozen indices have been deprecated. Consider cold or frozen tiers in place of frozen indices."]
2023-08-04 12:55:59,198 INFO  [com.dot.ContainerResource] (docker-java-stream-824381349) STDOUT: 12:55:59.195  WARN  client.RestClient - request [POST http://elasticsearch:9200/cluster_51b0cac1ff.live_20230804125536/_search?typed_keys=true&max_concurrent_shard_requests=5&ignore_unavailable=false&expand_wildcards=open&allow_no_indices=true&ignore_throttled=true&search_type=query_then_fetch&batched_reduce_size=512&ccs_minimize_roundtrips=true] returned 2 warnings: [299 Elasticsearch-7.16.1-5b38441b16b1ebb16a27c107a4c3865776e20c53 "Elasticsearch built-in security features are not enabled. Without authentication, your cluster could be accessible to anyone. See https://www.elastic.co/guide/en/elasticsearch/reference/7.16/security-minimal-setup.html to enable security."],[299 Elasticsearch-7.16.1-5b38441b16b1ebb16a27c107a4c3865776e20c53 "[ignore_throttled] parameter is deprecated because frozen indices have been deprecated. Consider cold or frozen tiers in place of frozen indices."]
2023-08-04 12:55:59,208 INFO  [com.dot.ContainerResource] (docker-java-stream-824381349) STDOUT: 12:55:59.205  WARN  client.RestClient - request [POST http://elasticsearch:9200/cluster_51b0cac1ff.live_20230804125536/_search?typed_keys=true&max_concurrent_shard_requests=5&ignore_unavailable=false&expand_wildcards=open&allow_no_indices=true&ignore_throttled=true&search_type=query_then_fetch&batched_reduce_size=512&ccs_minimize_roundtrips=true] returned 2 warnings: [299 Elasticsearch-7.16.1-5b38441b16b1ebb16a27c107a4c3865776e20c53 "Elasticsearch built-in security features are not enabled. Without authentication, your cluster could be accessible to anyone. See https://www.elastic.co/guide/en/elasticsearch/reference/7.16/security-minimal-setup.html to enable security."],[299 Elasticsearch-7.16.1-5b38441b16b1ebb16a27c107a4c3865776e20c53 "[ignore_throttled] parameter is deprecated because frozen indices have been deprecated. Consider cold or frozen tiers in place of frozen indices."]
2023-08-04 12:55:59,216 INFO  [com.dot.ContainerResource] (docker-java-stream-824381349) STDOUT: 12:55:59.213  WARN  client.RestClient - request [POST http://elasticsearch:9200/cluster_51b0cac1ff.live_20230804125536/_search?typed_keys=true&max_concurrent_shard_requests=5&ignore_unavailable=false&expand_wildcards=open&allow_no_indices=true&ignore_throttled=true&search_type=query_then_fetch&batched_reduce_size=512&ccs_minimize_roundtrips=true] returned 2 warnings: [299 Elasticsearch-7.16.1-5b38441b16b1ebb16a27c107a4c3865776e20c53 "Elasticsearch built-in security features are not enabled. Without authentication, your cluster could be accessible to anyone. See https://www.elastic.co/guide/en/elasticsearch/reference/7.16/security-minimal-setup.html to enable security."],[299 Elasticsearch-7.16.1-5b38441b16b1ebb16a27c107a4c3865776e20c53 "[ignore_throttled] parameter is deprecated because frozen indices have been deprecated. Consider cold or frozen tiers in place of frozen indices."]
2023-08-04 12:55:59,236 INFO  [com.dot.ContainerResource] (docker-java-stream-824381349) STDOUT: 12:55:59.233  WARN  client.RestClient - request [POST http://elasticsearch:9200/cluster_51b0cac1ff.live_20230804125536/_search?typed_keys=true&max_concurrent_shard_requests=5&ignore_unavailable=false&expand_wildcards=open&allow_no_indices=true&ignore_throttled=true&search_type=query_then_fetch&batched_reduce_size=512&ccs_minimize_roundtrips=true] returned 2 warnings: [299 Elasticsearch-7.16.1-5b38441b16b1ebb16a27c107a4c3865776e20c53 "Elasticsearch built-in security features are not enabled. Without authentication, your cluster could be accessible to anyone. See https://www.elastic.co/guide/en/elasticsearch/reference/7.16/security-minimal-setup.html to enable security."],[299 Elasticsearch-7.16.1-5b38441b16b1ebb16a27c107a4c3865776e20c53 "[ignore_throttled] parameter is deprecated because frozen indices have been deprecated. Consider cold or frozen tiers in place of frozen indices."]
2023-08-04 12:55:59,249 INFO  [com.dot.ContainerResource] (docker-java-stream-824381349) STDOUT: 12:55:59.249  WARN  client.RestClient - request [POST http://elasticsearch:9200/cluster_51b0cac1ff.live_20230804125536/_search?typed_keys=true&max_concurrent_shard_requests=5&ignore_unavailable=false&expand_wildcards=open&allow_no_indices=true&ignore_throttled=true&search_type=query_then_fetch&batched_reduce_size=512&ccs_minimize_roundtrips=true] returned 2 warnings: [299 Elasticsearch-7.16.1-5b38441b16b1ebb16a27c107a4c3865776e20c53 "Elasticsearch built-in security features are not enabled. Without authentication, your cluster could be accessible to anyone. See https://www.elastic.co/guide/en/elasticsearch/reference/7.16/security-minimal-setup.html to enable security."],[299 Elasticsearch-7.16.1-5b38441b16b1ebb16a27c107a4c3865776e20c53 "[ignore_throttled] parameter is deprecated because frozen indices have been deprecated. Consider cold or frozen tiers in place of frozen indices."]
2023-08-04 12:55:59,272 INFO  [com.dot.ContainerResource] (docker-java-stream-824381349) STDOUT: 12:55:59.266  WARN  client.RestClient - request [POST http://elasticsearch:9200/cluster_51b0cac1ff.live_20230804125536/_search?typed_keys=true&max_concurrent_shard_requests=5&ignore_unavailable=false&expand_wildcards=open&allow_no_indices=true&ignore_throttled=true&search_type=query_then_fetch&batched_reduce_size=512&ccs_minimize_roundtrips=true] returned 2 warnings: [299 Elasticsearch-7.16.1-5b38441b16b1ebb16a27c107a4c3865776e20c53 "Elasticsearch built-in security features are not enabled. Without authentication, your cluster could be accessible to anyone. See https://www.elastic.co/guide/en/elasticsearch/reference/7.16/security-minimal-setup.html to enable security."],[299 Elasticsearch-7.16.1-5b38441b16b1ebb16a27c107a4c3865776e20c53 "[ignore_throttled] parameter is deprecated because frozen indices have been deprecated. Consider cold or frozen tiers in place of frozen indices."]
2023-08-04 12:55:59,276 INFO  [com.dot.ContainerResource] (docker-java-stream-824381349) STDOUT: 12:55:59.274  WARN  client.RestClient - request [POST http://elasticsearch:9200/cluster_51b0cac1ff.live_20230804125536/_search?typed_keys=true&max_concurrent_shard_requests=5&ignore_unavailable=false&expand_wildcards=open&allow_no_indices=true&ignore_throttled=true&search_type=query_then_fetch&batched_reduce_size=512&ccs_minimize_roundtrips=true] returned 2 warnings: [299 Elasticsearch-7.16.1-5b38441b16b1ebb16a27c107a4c3865776e20c53 "Elasticsearch built-in security features are not enabled. Without authentication, your cluster could be accessible to anyone. See https://www.elastic.co/guide/en/elasticsearch/reference/7.16/security-minimal-setup.html to enable security."],[299 Elasticsearch-7.16.1-5b38441b16b1ebb16a27c107a4c3865776e20c53 "[ignore_throttled] parameter is deprecated because frozen indices have been deprecated. Consider cold or frozen tiers in place of frozen indices."]
2023-08-04 12:55:59,284 INFO  [com.dot.ContainerResource] (docker-java-stream-824381349) STDOUT: 12:55:59.282  WARN  client.RestClient - request [POST http://elasticsearch:9200/cluster_51b0cac1ff.live_20230804125536/_search?typed_keys=true&max_concurrent_shard_requests=5&ignore_unavailable=false&expand_wildcards=open&allow_no_indices=true&ignore_throttled=true&search_type=query_then_fetch&batched_reduce_size=512&ccs_minimize_roundtrips=true] returned 2 warnings: [299 Elasticsearch-7.16.1-5b38441b16b1ebb16a27c107a4c3865776e20c53 "Elasticsearch built-in security features are not enabled. Without authentication, your cluster could be accessible to anyone. See https://www.elastic.co/guide/en/elasticsearch/reference/7.16/security-minimal-setup.html to enable security."],[299 Elasticsearch-7.16.1-5b38441b16b1ebb16a27c107a4c3865776e20c53 "[ignore_throttled] parameter is deprecated because frozen indices have been deprecated. Consider cold or frozen tiers in place of frozen indices."]
2023-08-04 12:55:59,299 INFO  [com.dot.ContainerResource] (docker-java-stream-824381349) STDOUT: 12:55:59.299  WARN  client.RestClient - request [POST http://elasticsearch:9200/cluster_51b0cac1ff.live_20230804125536/_search?typed_keys=true&max_concurrent_shard_requests=5&ignore_unavailable=false&expand_wildcards=open&allow_no_indices=true&ignore_throttled=true&search_type=query_then_fetch&batched_reduce_size=512&ccs_minimize_roundtrips=true] returned 2 warnings: [299 Elasticsearch-7.16.1-5b38441b16b1ebb16a27c107a4c3865776e20c53 "Elasticsearch built-in security features are not enabled. Without authentication, your cluster could be accessible to anyone. See https://www.elastic.co/guide/en/elasticsearch/reference/7.16/security-minimal-setup.html to enable security."],[299 Elasticsearch-7.16.1-5b38441b16b1ebb16a27c107a4c3865776e20c53 "[ignore_throttled] parameter is deprecated because frozen indices have been deprecated. Consider cold or frozen tiers in place of frozen indices."]
2023-08-04 12:55:59,309 INFO  [com.dot.ContainerResource] (docker-java-stream-824381349) STDOUT: 12:55:59.308  WARN  client.RestClient - request [POST http://elasticsearch:9200/cluster_51b0cac1ff.live_20230804125536/_search?typed_keys=true&max_concurrent_shard_requests=5&ignore_unavailable=false&expand_wildcards=open&allow_no_indices=true&ignore_throttled=true&search_type=query_then_fetch&batched_reduce_size=512&ccs_minimize_roundtrips=true] returned 2 warnings: [299 Elasticsearch-7.16.1-5b38441b16b1ebb16a27c107a4c3865776e20c53 "Elasticsearch built-in security features are not enabled. Without authentication, your cluster could be accessible to anyone. See https://www.elastic.co/guide/en/elasticsearch/reference/7.16/security-minimal-setup.html to enable security."],[299 Elasticsearch-7.16.1-5b38441b16b1ebb16a27c107a4c3865776e20c53 "[ignore_throttled] parameter is deprecated because frozen indices have been deprecated. Consider cold or frozen tiers in place of frozen indices."]
2023-08-04 12:55:59,316 INFO  [com.dot.ContainerResource] (docker-java-stream-824381349) STDOUT: 12:55:59.316  WARN  client.RestClient - request [POST http://elasticsearch:9200/cluster_51b0cac1ff.live_20230804125536/_search?typed_keys=true&max_concurrent_shard_requests=5&ignore_unavailable=false&expand_wildcards=open&allow_no_indices=true&ignore_throttled=true&search_type=query_then_fetch&batched_reduce_size=512&ccs_minimize_roundtrips=true] returned 2 warnings: [299 Elasticsearch-7.16.1-5b38441b16b1ebb16a27c107a4c3865776e20c53 "Elasticsearch built-in security features are not enabled. Without authentication, your cluster could be accessible to anyone. See https://www.elastic.co/guide/en/elasticsearch/reference/7.16/security-minimal-setup.html to enable security."],[299 Elasticsearch-7.16.1-5b38441b16b1ebb16a27c107a4c3865776e20c53 "[ignore_throttled] parameter is deprecated because frozen indices have been deprecated. Consider cold or frozen tiers in place of frozen indices."]
2023-08-04 12:55:59,325 INFO  [com.dot.ContainerResource] (docker-java-stream-824381349) STDOUT: 12:55:59.324  WARN  client.RestClient - request [POST http://elasticsearch:9200/cluster_51b0cac1ff.live_20230804125536/_search?typed_keys=true&max_concurrent_shard_requests=5&ignore_unavailable=false&expand_wildcards=open&allow_no_indices=true&ignore_throttled=true&search_type=query_then_fetch&batched_reduce_size=512&ccs_minimize_roundtrips=true] returned 2 warnings: [299 Elasticsearch-7.16.1-5b38441b16b1ebb16a27c107a4c3865776e20c53 "Elasticsearch built-in security features are not enabled. Without authentication, your cluster could be accessible to anyone. See https://www.elastic.co/guide/en/elasticsearch/reference/7.16/security-minimal-setup.html to enable security."],[299 Elasticsearch-7.16.1-5b38441b16b1ebb16a27c107a4c3865776e20c53 "[ignore_throttled] parameter is deprecated because frozen indices have been deprecated. Consider cold or frozen tiers in place of frozen indices."]
2023-08-04 12:55:59,337 INFO  [com.dot.ContainerResource] (docker-java-stream-824381349) STDOUT: 12:55:59.336  WARN  client.RestClient - request [POST http://elasticsearch:9200/cluster_51b0cac1ff.live_20230804125536/_search?typed_keys=true&max_concurrent_shard_requests=5&ignore_unavailable=false&expand_wildcards=open&allow_no_indices=true&ignore_throttled=true&search_type=query_then_fetch&batched_reduce_size=512&ccs_minimize_roundtrips=true] returned 2 warnings: [299 Elasticsearch-7.16.1-5b38441b16b1ebb16a27c107a4c3865776e20c53 "Elasticsearch built-in security features are not enabled. Without authentication, your cluster could be accessible to anyone. See https://www.elastic.co/guide/en/elasticsearch/reference/7.16/security-minimal-setup.html to enable security."],[299 Elasticsearch-7.16.1-5b38441b16b1ebb16a27c107a4c3865776e20c53 "[ignore_throttled] parameter is deprecated because frozen indices have been deprecated. Consider cold or frozen tiers in place of frozen indices."]
2023-08-04 12:55:59,345 INFO  [com.dot.ContainerResource] (docker-java-stream-824381349) STDOUT: 12:55:59.344  WARN  client.RestClient - request [POST http://elasticsearch:9200/cluster_51b0cac1ff.live_20230804125536/_search?typed_keys=true&max_concurrent_shard_requests=5&ignore_unavailable=false&expand_wildcards=open&allow_no_indices=true&ignore_throttled=true&search_type=query_then_fetch&batched_reduce_size=512&ccs_minimize_roundtrips=true] returned 2 warnings: [299 Elasticsearch-7.16.1-5b38441b16b1ebb16a27c107a4c3865776e20c53 "Elasticsearch built-in security features are not enabled. Without authentication, your cluster could be accessible to anyone. See https://www.elastic.co/guide/en/elasticsearch/reference/7.16/security-minimal-setup.html to enable security."],[299 Elasticsearch-7.16.1-5b38441b16b1ebb16a27c107a4c3865776e20c53 "[ignore_throttled] parameter is deprecated because frozen indices have been deprecated. Consider cold or frozen tiers in place of frozen indices."]
2023-08-04 12:55:59,353 INFO  [com.dot.ContainerResource] (docker-java-stream-824381349) STDOUT: 12:55:59.352  WARN  client.RestClient - request [POST http://elasticsearch:9200/cluster_51b0cac1ff.live_20230804125536/_search?typed_keys=true&max_concurrent_shard_requests=5&ignore_unavailable=false&expand_wildcards=open&allow_no_indices=true&ignore_throttled=true&search_type=query_then_fetch&batched_reduce_size=512&ccs_minimize_roundtrips=true] returned 2 warnings: [299 Elasticsearch-7.16.1-5b38441b16b1ebb16a27c107a4c3865776e20c53 "Elasticsearch built-in security features are not enabled. Without authentication, your cluster could be accessible to anyone. See https://www.elastic.co/guide/en/elasticsearch/reference/7.16/security-minimal-setup.html to enable security."],[299 Elasticsearch-7.16.1-5b38441b16b1ebb16a27c107a4c3865776e20c53 "[ignore_throttled] parameter is deprecated because frozen indices have been deprecated. Consider cold or frozen tiers in place of frozen indices."]
2023-08-04 12:55:59,364 INFO  [com.dot.ContainerResource] (docker-java-stream-824381349) STDOUT: 12:55:59.363  WARN  client.RestClient - request [POST http://elasticsearch:9200/cluster_51b0cac1ff.live_20230804125536/_search?typed_keys=true&max_concurrent_shard_requests=5&ignore_unavailable=false&expand_wildcards=open&allow_no_indices=true&ignore_throttled=true&search_type=query_then_fetch&batched_reduce_size=512&ccs_minimize_roundtrips=true] returned 2 warnings: [299 Elasticsearch-7.16.1-5b38441b16b1ebb16a27c107a4c3865776e20c53 "Elasticsearch built-in security features are not enabled. Without authentication, your cluster could be accessible to anyone. See https://www.elastic.co/guide/en/elasticsearch/reference/7.16/security-minimal-setup.html to enable security."],[299 Elasticsearch-7.16.1-5b38441b16b1ebb16a27c107a4c3865776e20c53 "[ignore_throttled] parameter is deprecated because frozen indices have been deprecated. Consider cold or frozen tiers in place of frozen indices."]
2023-08-04 12:55:59,380 INFO  [com.dot.ContainerResource] (docker-java-stream-824381349) STDOUT: 12:55:59.379  WARN  client.RestClient - request [POST http://elasticsearch:9200/cluster_51b0cac1ff.live_20230804125536/_search?typed_keys=true&max_concurrent_shard_requests=5&ignore_unavailable=false&expand_wildcards=open&allow_no_indices=true&ignore_throttled=true&search_type=query_then_fetch&batched_reduce_size=512&ccs_minimize_roundtrips=true] returned 2 warnings: [299 Elasticsearch-7.16.1-5b38441b16b1ebb16a27c107a4c3865776e20c53 "Elasticsearch built-in security features are not enabled. Without authentication, your cluster could be accessible to anyone. See https://www.elastic.co/guide/en/elasticsearch/reference/7.16/security-minimal-setup.html to enable security."],[299 Elasticsearch-7.16.1-5b38441b16b1ebb16a27c107a4c3865776e20c53 "[ignore_throttled] parameter is deprecated because frozen indices have been deprecated. Consider cold or frozen tiers in place of frozen indices."]
2023-08-04 12:55:59,387 INFO  [com.dot.ContainerResource] (docker-java-stream-824381349) STDOUT: 12:55:59.386  WARN  client.RestClient - request [POST http://elasticsearch:9200/cluster_51b0cac1ff.live_20230804125536/_search?typed_keys=true&max_concurrent_shard_requests=5&ignore_unavailable=false&expand_wildcards=open&allow_no_indices=true&ignore_throttled=true&search_type=query_then_fetch&batched_reduce_size=512&ccs_minimize_roundtrips=true] returned 2 warnings: [299 Elasticsearch-7.16.1-5b38441b16b1ebb16a27c107a4c3865776e20c53 "Elasticsearch built-in security features are not enabled. Without authentication, your cluster could be accessible to anyone. See https://www.elastic.co/guide/en/elasticsearch/reference/7.16/security-minimal-setup.html to enable security."],[299 Elasticsearch-7.16.1-5b38441b16b1ebb16a27c107a4c3865776e20c53 "[ignore_throttled] parameter is deprecated because frozen indices have been deprecated. Consider cold or frozen tiers in place of frozen indices."]
2023-08-04 12:55:59,394 INFO  [com.dot.ContainerResource] (docker-java-stream-824381349) STDOUT: 12:55:59.394  WARN  client.RestClient - request [POST http://elasticsearch:9200/cluster_51b0cac1ff.live_20230804125536/_search?typed_keys=true&max_concurrent_shard_requests=5&ignore_unavailable=false&expand_wildcards=open&allow_no_indices=true&ignore_throttled=true&search_type=query_then_fetch&batched_reduce_size=512&ccs_minimize_roundtrips=true] returned 2 warnings: [299 Elasticsearch-7.16.1-5b38441b16b1ebb16a27c107a4c3865776e20c53 "Elasticsearch built-in security features are not enabled. Without authentication, your cluster could be accessible to anyone. See https://www.elastic.co/guide/en/elasticsearch/reference/7.16/security-minimal-setup.html to enable security."],[299 Elasticsearch-7.16.1-5b38441b16b1ebb16a27c107a4c3865776e20c53 "[ignore_throttled] parameter is deprecated because frozen indices have been deprecated. Consider cold or frozen tiers in place of frozen indices."]
2023-08-04 12:55:59,401 INFO  [com.dot.ContainerResource] (docker-java-stream-824381349) STDOUT: 12:55:59.400  WARN  client.RestClient - request [POST http://elasticsearch:9200/cluster_51b0cac1ff.live_20230804125536/_search?typed_keys=true&max_concurrent_shard_requests=5&ignore_unavailable=false&expand_wildcards=open&allow_no_indices=true&ignore_throttled=true&search_type=query_then_fetch&batched_reduce_size=512&ccs_minimize_roundtrips=true] returned 2 warnings: [299 Elasticsearch-7.16.1-5b38441b16b1ebb16a27c107a4c3865776e20c53 "Elasticsearch built-in security features are not enabled. Without authentication, your cluster could be accessible to anyone. See https://www.elastic.co/guide/en/elasticsearch/reference/7.16/security-minimal-setup.html to enable security."],[299 Elasticsearch-7.16.1-5b38441b16b1ebb16a27c107a4c3865776e20c53 "[ignore_throttled] parameter is deprecated because frozen indices have been deprecated. Consider cold or frozen tiers in place of frozen indices."]
2023-08-04 12:55:59,418 INFO  [com.dot.ContainerResource] (docker-java-stream-824381349) STDOUT: 12:55:59.418  WARN  client.RestClient - request [POST http://elasticsearch:9200/cluster_51b0cac1ff.live_20230804125536/_search?typed_keys=true&max_concurrent_shard_requests=5&ignore_unavailable=false&expand_wildcards=open&allow_no_indices=true&ignore_throttled=true&search_type=query_then_fetch&batched_reduce_size=512&ccs_minimize_roundtrips=true] returned 2 warnings: [299 Elasticsearch-7.16.1-5b38441b16b1ebb16a27c107a4c3865776e20c53 "Elasticsearch built-in security features are not enabled. Without authentication, your cluster could be accessible to anyone. See https://www.elastic.co/guide/en/elasticsearch/reference/7.16/security-minimal-setup.html to enable security."],[299 Elasticsearch-7.16.1-5b38441b16b1ebb16a27c107a4c3865776e20c53 "[ignore_throttled] parameter is deprecated because frozen indices have been deprecated. Consider cold or frozen tiers in place of frozen indices."]
2023-08-04 12:55:59,430 INFO  [com.dot.ContainerResource] (docker-java-stream-824381349) STDOUT: 12:55:59.428  WARN  client.RestClient - request [POST http://elasticsearch:9200/cluster_51b0cac1ff.live_20230804125536/_search?typed_keys=true&max_concurrent_shard_requests=5&ignore_unavailable=false&expand_wildcards=open&allow_no_indices=true&ignore_throttled=true&search_type=query_then_fetch&batched_reduce_size=512&ccs_minimize_roundtrips=true] returned 2 warnings: [299 Elasticsearch-7.16.1-5b38441b16b1ebb16a27c107a4c3865776e20c53 "Elasticsearch built-in security features are not enabled. Without authentication, your cluster could be accessible to anyone. See https://www.elastic.co/guide/en/elasticsearch/reference/7.16/security-minimal-setup.html to enable security."],[299 Elasticsearch-7.16.1-5b38441b16b1ebb16a27c107a4c3865776e20c53 "[ignore_throttled] parameter is deprecated because frozen indices have been deprecated. Consider cold or frozen tiers in place of frozen indices."]
2023-08-04 12:55:59,441 INFO  [com.dot.ContainerResource] (docker-java-stream-824381349) STDOUT: 12:55:59.440  WARN  client.RestClient - request [POST http://elasticsearch:9200/cluster_51b0cac1ff.live_20230804125536/_search?typed_keys=true&max_concurrent_shard_requests=5&ignore_unavailable=false&expand_wildcards=open&allow_no_indices=true&ignore_throttled=true&search_type=query_then_fetch&batched_reduce_size=512&ccs_minimize_roundtrips=true] returned 2 warnings: [299 Elasticsearch-7.16.1-5b38441b16b1ebb16a27c107a4c3865776e20c53 "Elasticsearch built-in security features are not enabled. Without authentication, your cluster could be accessible to anyone. See https://www.elastic.co/guide/en/elasticsearch/reference/7.16/security-minimal-setup.html to enable security."],[299 Elasticsearch-7.16.1-5b38441b16b1ebb16a27c107a4c3865776e20c53 "[ignore_throttled] parameter is deprecated because frozen indices have been deprecated. Consider cold or frozen tiers in place of frozen indices."]
2023-08-04 12:55:59,447 INFO  [com.dot.ContainerResource] (docker-java-stream-824381349) STDOUT: 12:55:59.446  WARN  client.RestClient - request [POST http://elasticsearch:9200/cluster_51b0cac1ff.live_20230804125536/_search?typed_keys=true&max_concurrent_shard_requests=5&ignore_unavailable=false&expand_wildcards=open&allow_no_indices=true&ignore_throttled=true&search_type=query_then_fetch&batched_reduce_size=512&ccs_minimize_roundtrips=true] returned 2 warnings: [299 Elasticsearch-7.16.1-5b38441b16b1ebb16a27c107a4c3865776e20c53 "Elasticsearch built-in security features are not enabled. Without authentication, your cluster could be accessible to anyone. See https://www.elastic.co/guide/en/elasticsearch/reference/7.16/security-minimal-setup.html to enable security."],[299 Elasticsearch-7.16.1-5b38441b16b1ebb16a27c107a4c3865776e20c53 "[ignore_throttled] parameter is deprecated because frozen indices have been deprecated. Consider cold or frozen tiers in place of frozen indices."]
2023-08-04 12:55:59,453 INFO  [com.dot.ContainerResource] (docker-java-stream-824381349) STDOUT: 12:55:59.452  WARN  client.RestClient - request [POST http://elasticsearch:9200/cluster_51b0cac1ff.live_20230804125536/_search?typed_keys=true&max_concurrent_shard_requests=5&ignore_unavailable=false&expand_wildcards=open&allow_no_indices=true&ignore_throttled=true&search_type=query_then_fetch&batched_reduce_size=512&ccs_minimize_roundtrips=true] returned 2 warnings: [299 Elasticsearch-7.16.1-5b38441b16b1ebb16a27c107a4c3865776e20c53 "Elasticsearch built-in security features are not enabled. Without authentication, your cluster could be accessible to anyone. See https://www.elastic.co/guide/en/elasticsearch/reference/7.16/security-minimal-setup.html to enable security."],[299 Elasticsearch-7.16.1-5b38441b16b1ebb16a27c107a4c3865776e20c53 "[ignore_throttled] parameter is deprecated because frozen indices have been deprecated. Consider cold or frozen tiers in place of frozen indices."]
2023-08-04 12:55:59,460 INFO  [com.dot.ContainerResource] (docker-java-stream-824381349) STDOUT: 12:55:59.459  WARN  client.RestClient - request [POST http://elasticsearch:9200/cluster_51b0cac1ff.live_20230804125536/_search?typed_keys=true&max_concurrent_shard_requests=5&ignore_unavailable=false&expand_wildcards=open&allow_no_indices=true&ignore_throttled=true&search_type=query_then_fetch&batched_reduce_size=512&ccs_minimize_roundtrips=true] returned 2 warnings: [299 Elasticsearch-7.16.1-5b38441b16b1ebb16a27c107a4c3865776e20c53 "Elasticsearch built-in security features are not enabled. Without authentication, your cluster could be accessible to anyone. See https://www.elastic.co/guide/en/elasticsearch/reference/7.16/security-minimal-setup.html to enable security."],[299 Elasticsearch-7.16.1-5b38441b16b1ebb16a27c107a4c3865776e20c53 "[ignore_throttled] parameter is deprecated because frozen indices have been deprecated. Consider cold or frozen tiers in place of frozen indices."]
2023-08-04 12:55:59,474 INFO  [com.dot.ContainerResource] (docker-java-stream-824381349) STDOUT: 12:55:59.474  WARN  client.RestClient - request [POST http://elasticsearch:9200/cluster_51b0cac1ff.live_20230804125536/_search?typed_keys=true&max_concurrent_shard_requests=5&ignore_unavailable=false&expand_wildcards=open&allow_no_indices=true&ignore_throttled=true&search_type=query_then_fetch&batched_reduce_size=512&ccs_minimize_roundtrips=true] returned 2 warnings: [299 Elasticsearch-7.16.1-5b38441b16b1ebb16a27c107a4c3865776e20c53 "Elasticsearch built-in security features are not enabled. Without authentication, your cluster could be accessible to anyone. See https://www.elastic.co/guide/en/elasticsearch/reference/7.16/security-minimal-setup.html to enable security."],[299 Elasticsearch-7.16.1-5b38441b16b1ebb16a27c107a4c3865776e20c53 "[ignore_throttled] parameter is deprecated because frozen indices have been deprecated. Consider cold or frozen tiers in place of frozen indices."]
2023-08-04 12:55:59,480 INFO  [com.dot.ContainerResource] (docker-java-stream-824381349) STDOUT: 12:55:59.479  WARN  client.RestClient - request [POST http://elasticsearch:9200/cluster_51b0cac1ff.live_20230804125536/_search?typed_keys=true&max_concurrent_shard_requests=5&ignore_unavailable=false&expand_wildcards=open&allow_no_indices=true&ignore_throttled=true&search_type=query_then_fetch&batched_reduce_size=512&ccs_minimize_roundtrips=true] returned 2 warnings: [299 Elasticsearch-7.16.1-5b38441b16b1ebb16a27c107a4c3865776e20c53 "Elasticsearch built-in security features are not enabled. Without authentication, your cluster could be accessible to anyone. See https://www.elastic.co/guide/en/elasticsearch/reference/7.16/security-minimal-setup.html to enable security."],[299 Elasticsearch-7.16.1-5b38441b16b1ebb16a27c107a4c3865776e20c53 "[ignore_throttled] parameter is deprecated because frozen indices have been deprecated. Consider cold or frozen tiers in place of frozen indices."]
2023-08-04 12:55:59,493 INFO  [com.dot.ContainerResource] (docker-java-stream-824381349) STDOUT: 12:55:59.492  WARN  client.RestClient - request [POST http://elasticsearch:9200/cluster_51b0cac1ff.live_20230804125536/_search?typed_keys=true&max_concurrent_shard_requests=5&ignore_unavailable=false&expand_wildcards=open&allow_no_indices=true&ignore_throttled=true&search_type=query_then_fetch&batched_reduce_size=512&ccs_minimize_roundtrips=true] returned 2 warnings: [299 Elasticsearch-7.16.1-5b38441b16b1ebb16a27c107a4c3865776e20c53 "Elasticsearch built-in security features are not enabled. Without authentication, your cluster could be accessible to anyone. See https://www.elastic.co/guide/en/elasticsearch/reference/7.16/security-minimal-setup.html to enable security."],[299 Elasticsearch-7.16.1-5b38441b16b1ebb16a27c107a4c3865776e20c53 "[ignore_throttled] parameter is deprecated because frozen indices have been deprecated. Consider cold or frozen tiers in place of frozen indices."]
2023-08-04 12:55:59,521 INFO  [com.dot.ContainerResource] (docker-java-stream-824381349) STDOUT: 12:55:59.521  WARN  client.RestClient - request [POST http://elasticsearch:9200/cluster_51b0cac1ff.live_20230804125536/_search?typed_keys=true&max_concurrent_shard_requests=5&ignore_unavailable=false&expand_wildcards=open&allow_no_indices=true&ignore_throttled=true&search_type=query_then_fetch&batched_reduce_size=512&ccs_minimize_roundtrips=true] returned 2 warnings: [299 Elasticsearch-7.16.1-5b38441b16b1ebb16a27c107a4c3865776e20c53 "Elasticsearch built-in security features are not enabled. Without authentication, your cluster could be accessible to anyone. See https://www.elastic.co/guide/en/elasticsearch/reference/7.16/security-minimal-setup.html to enable security."],[299 Elasticsearch-7.16.1-5b38441b16b1ebb16a27c107a4c3865776e20c53 "[ignore_throttled] parameter is deprecated because frozen indices have been deprecated. Consider cold or frozen tiers in place of frozen indices."]
2023-08-04 12:55:59,542 INFO  [com.dot.ContainerResource] (docker-java-stream-824381349) STDOUT: 12:55:59.541  WARN  client.RestClient - request [POST http://elasticsearch:9200/cluster_51b0cac1ff.live_20230804125536/_search?typed_keys=true&max_concurrent_shard_requests=5&ignore_unavailable=false&expand_wildcards=open&allow_no_indices=true&ignore_throttled=true&search_type=query_then_fetch&batched_reduce_size=512&ccs_minimize_roundtrips=true] returned 2 warnings: [299 Elasticsearch-7.16.1-5b38441b16b1ebb16a27c107a4c3865776e20c53 "Elasticsearch built-in security features are not enabled. Without authentication, your cluster could be accessible to anyone. See https://www.elastic.co/guide/en/elasticsearch/reference/7.16/security-minimal-setup.html to enable security."],[299 Elasticsearch-7.16.1-5b38441b16b1ebb16a27c107a4c3865776e20c53 "[ignore_throttled] parameter is deprecated because frozen indices have been deprecated. Consider cold or frozen tiers in place of frozen indices."]
2023-08-04 12:55:59,548 INFO  [com.dot.ContainerResource] (docker-java-stream-824381349) STDOUT: 12:55:59.548  WARN  client.RestClient - request [POST http://elasticsearch:9200/cluster_51b0cac1ff.live_20230804125536/_search?typed_keys=true&max_concurrent_shard_requests=5&ignore_unavailable=false&expand_wildcards=open&allow_no_indices=true&ignore_throttled=true&search_type=query_then_fetch&batched_reduce_size=512&ccs_minimize_roundtrips=true] returned 2 warnings: [299 Elasticsearch-7.16.1-5b38441b16b1ebb16a27c107a4c3865776e20c53 "Elasticsearch built-in security features are not enabled. Without authentication, your cluster could be accessible to anyone. See https://www.elastic.co/guide/en/elasticsearch/reference/7.16/security-minimal-setup.html to enable security."],[299 Elasticsearch-7.16.1-5b38441b16b1ebb16a27c107a4c3865776e20c53 "[ignore_throttled] parameter is deprecated because frozen indices have been deprecated. Consider cold or frozen tiers in place of frozen indices."]
2023-08-04 12:55:59,554 INFO  [com.dot.ContainerResource] (docker-java-stream-824381349) STDOUT: 12:55:59.553  WARN  client.RestClient - request [POST http://elasticsearch:9200/cluster_51b0cac1ff.live_20230804125536/_search?typed_keys=true&max_concurrent_shard_requests=5&ignore_unavailable=false&expand_wildcards=open&allow_no_indices=true&ignore_throttled=true&search_type=query_then_fetch&batched_reduce_size=512&ccs_minimize_roundtrips=true] returned 2 warnings: [299 Elasticsearch-7.16.1-5b38441b16b1ebb16a27c107a4c3865776e20c53 "Elasticsearch built-in security features are not enabled. Without authentication, your cluster could be accessible to anyone. See https://www.elastic.co/guide/en/elasticsearch/reference/7.16/security-minimal-setup.html to enable security."],[299 Elasticsearch-7.16.1-5b38441b16b1ebb16a27c107a4c3865776e20c53 "[ignore_throttled] parameter is deprecated because frozen indices have been deprecated. Consider cold or frozen tiers in place of frozen indices."]
2023-08-04 12:55:59,560 INFO  [com.dot.ContainerResource] (docker-java-stream-824381349) STDOUT: 12:55:59.560  WARN  client.RestClient - request [POST http://elasticsearch:9200/cluster_51b0cac1ff.live_20230804125536/_search?typed_keys=true&max_concurrent_shard_requests=5&ignore_unavailable=false&expand_wildcards=open&allow_no_indices=true&ignore_throttled=true&search_type=query_then_fetch&batched_reduce_size=512&ccs_minimize_roundtrips=true] returned 2 warnings: [299 Elasticsearch-7.16.1-5b38441b16b1ebb16a27c107a4c3865776e20c53 "Elasticsearch built-in security features are not enabled. Without authentication, your cluster could be accessible to anyone. See https://www.elastic.co/guide/en/elasticsearch/reference/7.16/security-minimal-setup.html to enable security."],[299 Elasticsearch-7.16.1-5b38441b16b1ebb16a27c107a4c3865776e20c53 "[ignore_throttled] parameter is deprecated because frozen indices have been deprecated. Consider cold or frozen tiers in place of frozen indices."]
2023-08-04 12:55:59,569 INFO  [com.dot.ContainerResource] (docker-java-stream-824381349) STDOUT: 12:55:59.568  WARN  client.RestClient - request [POST http://elasticsearch:9200/cluster_51b0cac1ff.live_20230804125536/_search?typed_keys=true&max_concurrent_shard_requests=5&ignore_unavailable=false&expand_wildcards=open&allow_no_indices=true&ignore_throttled=true&search_type=query_then_fetch&batched_reduce_size=512&ccs_minimize_roundtrips=true] returned 2 warnings: [299 Elasticsearch-7.16.1-5b38441b16b1ebb16a27c107a4c3865776e20c53 "Elasticsearch built-in security features are not enabled. Without authentication, your cluster could be accessible to anyone. See https://www.elastic.co/guide/en/elasticsearch/reference/7.16/security-minimal-setup.html to enable security."],[299 Elasticsearch-7.16.1-5b38441b16b1ebb16a27c107a4c3865776e20c53 "[ignore_throttled] parameter is deprecated because frozen indices have been deprecated. Consider cold or frozen tiers in place of frozen indices."]
2023-08-04 12:55:59,577 INFO  [com.dot.ContainerResource] (docker-java-stream-824381349) STDOUT: 12:55:59.576  WARN  client.RestClient - request [POST http://elasticsearch:9200/cluster_51b0cac1ff.live_20230804125536/_search?typed_keys=true&max_concurrent_shard_requests=5&ignore_unavailable=false&expand_wildcards=open&allow_no_indices=true&ignore_throttled=true&search_type=query_then_fetch&batched_reduce_size=512&ccs_minimize_roundtrips=true] returned 2 warnings: [299 Elasticsearch-7.16.1-5b38441b16b1ebb16a27c107a4c3865776e20c53 "Elasticsearch built-in security features are not enabled. Without authentication, your cluster could be accessible to anyone. See https://www.elastic.co/guide/en/elasticsearch/reference/7.16/security-minimal-setup.html to enable security."],[299 Elasticsearch-7.16.1-5b38441b16b1ebb16a27c107a4c3865776e20c53 "[ignore_throttled] parameter is deprecated because frozen indices have been deprecated. Consider cold or frozen tiers in place of frozen indices."]
2023-08-04 12:55:59,585 INFO  [com.dot.ContainerResource] (docker-java-stream-824381349) STDOUT: 12:55:59.585  WARN  client.RestClient - request [POST http://elasticsearch:9200/cluster_51b0cac1ff.live_20230804125536/_search?typed_keys=true&max_concurrent_shard_requests=5&ignore_unavailable=false&expand_wildcards=open&allow_no_indices=true&ignore_throttled=true&search_type=query_then_fetch&batched_reduce_size=512&ccs_minimize_roundtrips=true] returned 2 warnings: [299 Elasticsearch-7.16.1-5b38441b16b1ebb16a27c107a4c3865776e20c53 "Elasticsearch built-in security features are not enabled. Without authentication, your cluster could be accessible to anyone. See https://www.elastic.co/guide/en/elasticsearch/reference/7.16/security-minimal-setup.html to enable security."],[299 Elasticsearch-7.16.1-5b38441b16b1ebb16a27c107a4c3865776e20c53 "[ignore_throttled] parameter is deprecated because frozen indices have been deprecated. Consider cold or frozen tiers in place of frozen indices."]
2023-08-04 12:55:59,601 INFO  [com.dot.ContainerResource] (docker-java-stream-824381349) STDOUT: 12:55:59.600  WARN  client.RestClient - request [POST http://elasticsearch:9200/cluster_51b0cac1ff.live_20230804125536/_search?typed_keys=true&max_concurrent_shard_requests=5&ignore_unavailable=false&expand_wildcards=open&allow_no_indices=true&ignore_throttled=true&search_type=query_then_fetch&batched_reduce_size=512&ccs_minimize_roundtrips=true] returned 2 warnings: [299 Elasticsearch-7.16.1-5b38441b16b1ebb16a27c107a4c3865776e20c53 "Elasticsearch built-in security features are not enabled. Without authentication, your cluster could be accessible to anyone. See https://www.elastic.co/guide/en/elasticsearch/reference/7.16/security-minimal-setup.html to enable security."],[299 Elasticsearch-7.16.1-5b38441b16b1ebb16a27c107a4c3865776e20c53 "[ignore_throttled] parameter is deprecated because frozen indices have been deprecated. Consider cold or frozen tiers in place of frozen indices."]
2023-08-04 12:55:59,623 INFO  [com.dot.ContainerResource] (docker-java-stream-824381349) STDOUT: 12:55:59.621  WARN  client.RestClient - request [POST http://elasticsearch:9200/cluster_51b0cac1ff.live_20230804125536/_search?typed_keys=true&max_concurrent_shard_requests=5&ignore_unavailable=false&expand_wildcards=open&allow_no_indices=true&ignore_throttled=true&search_type=query_then_fetch&batched_reduce_size=512&ccs_minimize_roundtrips=true] returned 2 warnings: [299 Elasticsearch-7.16.1-5b38441b16b1ebb16a27c107a4c3865776e20c53 "Elasticsearch built-in security features are not enabled. Without authentication, your cluster could be accessible to anyone. See https://www.elastic.co/guide/en/elasticsearch/reference/7.16/security-minimal-setup.html to enable security."],[299 Elasticsearch-7.16.1-5b38441b16b1ebb16a27c107a4c3865776e20c53 "[ignore_throttled] parameter is deprecated because frozen indices have been deprecated. Consider cold or frozen tiers in place of frozen indices."]
2023-08-04 12:55:59,630 INFO  [com.dot.ContainerResource] (docker-java-stream-824381349) STDOUT: 12:55:59.629  WARN  client.RestClient - request [POST http://elasticsearch:9200/cluster_51b0cac1ff.live_20230804125536/_search?typed_keys=true&max_concurrent_shard_requests=5&ignore_unavailable=false&expand_wildcards=open&allow_no_indices=true&ignore_throttled=true&search_type=query_then_fetch&batched_reduce_size=512&ccs_minimize_roundtrips=true] returned 2 warnings: [299 Elasticsearch-7.16.1-5b38441b16b1ebb16a27c107a4c3865776e20c53 "Elasticsearch built-in security features are not enabled. Without authentication, your cluster could be accessible to anyone. See https://www.elastic.co/guide/en/elasticsearch/reference/7.16/security-minimal-setup.html to enable security."],[299 Elasticsearch-7.16.1-5b38441b16b1ebb16a27c107a4c3865776e20c53 "[ignore_throttled] parameter is deprecated because frozen indices have been deprecated. Consider cold or frozen tiers in place of frozen indices."]
2023-08-04 12:55:59,640 INFO  [com.dot.ContainerResource] (docker-java-stream-824381349) STDOUT: 12:55:59.640  WARN  client.RestClient - request [POST http://elasticsearch:9200/cluster_51b0cac1ff.live_20230804125536/_search?typed_keys=true&max_concurrent_shard_requests=5&ignore_unavailable=false&expand_wildcards=open&allow_no_indices=true&ignore_throttled=true&search_type=query_then_fetch&batched_reduce_size=512&ccs_minimize_roundtrips=true] returned 2 warnings: [299 Elasticsearch-7.16.1-5b38441b16b1ebb16a27c107a4c3865776e20c53 "Elasticsearch built-in security features are not enabled. Without authentication, your cluster could be accessible to anyone. See https://www.elastic.co/guide/en/elasticsearch/reference/7.16/security-minimal-setup.html to enable security."],[299 Elasticsearch-7.16.1-5b38441b16b1ebb16a27c107a4c3865776e20c53 "[ignore_throttled] parameter is deprecated because frozen indices have been deprecated. Consider cold or frozen tiers in place of frozen indices."]
2023-08-04 12:55:59,651 INFO  [com.dot.ContainerResource] (docker-java-stream-824381349) STDOUT: 12:55:59.651  WARN  client.RestClient - request [POST http://elasticsearch:9200/cluster_51b0cac1ff.live_20230804125536/_search?typed_keys=true&max_concurrent_shard_requests=5&ignore_unavailable=false&expand_wildcards=open&allow_no_indices=true&ignore_throttled=true&search_type=query_then_fetch&batched_reduce_size=512&ccs_minimize_roundtrips=true] returned 2 warnings: [299 Elasticsearch-7.16.1-5b38441b16b1ebb16a27c107a4c3865776e20c53 "Elasticsearch built-in security features are not enabled. Without authentication, your cluster could be accessible to anyone. See https://www.elastic.co/guide/en/elasticsearch/reference/7.16/security-minimal-setup.html to enable security."],[299 Elasticsearch-7.16.1-5b38441b16b1ebb16a27c107a4c3865776e20c53 "[ignore_throttled] parameter is deprecated because frozen indices have been deprecated. Consider cold or frozen tiers in place of frozen indices."]
2023-08-04 12:55:59,662 INFO  [com.dot.ContainerResource] (docker-java-stream-824381349) STDOUT: 12:55:59.662  WARN  client.RestClient - request [POST http://elasticsearch:9200/cluster_51b0cac1ff.live_20230804125536/_search?typed_keys=true&max_concurrent_shard_requests=5&ignore_unavailable=false&expand_wildcards=open&allow_no_indices=true&ignore_throttled=true&search_type=query_then_fetch&batched_reduce_size=512&ccs_minimize_roundtrips=true] returned 2 warnings: [299 Elasticsearch-7.16.1-5b38441b16b1ebb16a27c107a4c3865776e20c53 "Elasticsearch built-in security features are not enabled. Without authentication, your cluster could be accessible to anyone. See https://www.elastic.co/guide/en/elasticsearch/reference/7.16/security-minimal-setup.html to enable security."],[299 Elasticsearch-7.16.1-5b38441b16b1ebb16a27c107a4c3865776e20c53 "[ignore_throttled] parameter is deprecated because frozen indices have been deprecated. Consider cold or frozen tiers in place of frozen indices."]
2023-08-04 12:55:59,682 INFO  [com.dot.ContainerResource] (docker-java-stream-824381349) STDOUT: 12:55:59.682  WARN  client.RestClient - request [POST http://elasticsearch:9200/cluster_51b0cac1ff.live_20230804125536/_search?typed_keys=true&max_concurrent_shard_requests=5&ignore_unavailable=false&expand_wildcards=open&allow_no_indices=true&ignore_throttled=true&search_type=query_then_fetch&batched_reduce_size=512&ccs_minimize_roundtrips=true] returned 2 warnings: [299 Elasticsearch-7.16.1-5b38441b16b1ebb16a27c107a4c3865776e20c53 "Elasticsearch built-in security features are not enabled. Without authentication, your cluster could be accessible to anyone. See https://www.elastic.co/guide/en/elasticsearch/reference/7.16/security-minimal-setup.html to enable security."],[299 Elasticsearch-7.16.1-5b38441b16b1ebb16a27c107a4c3865776e20c53 "[ignore_throttled] parameter is deprecated because frozen indices have been deprecated. Consider cold or frozen tiers in place of frozen indices."]
2023-08-04 12:55:59,700 INFO  [com.dot.ContainerResource] (docker-java-stream-824381349) STDOUT: 12:55:59.699  WARN  client.RestClient - request [POST http://elasticsearch:9200/cluster_51b0cac1ff.live_20230804125536/_search?typed_keys=true&max_concurrent_shard_requests=5&ignore_unavailable=false&expand_wildcards=open&allow_no_indices=true&ignore_throttled=true&search_type=query_then_fetch&batched_reduce_size=512&ccs_minimize_roundtrips=true] returned 2 warnings: [299 Elasticsearch-7.16.1-5b38441b16b1ebb16a27c107a4c3865776e20c53 "Elasticsearch built-in security features are not enabled. Without authentication, your cluster could be accessible to anyone. See https://www.elastic.co/guide/en/elasticsearch/reference/7.16/security-minimal-setup.html to enable security."],[299 Elasticsearch-7.16.1-5b38441b16b1ebb16a27c107a4c3865776e20c53 "[ignore_throttled] parameter is deprecated because frozen indices have been deprecated. Consider cold or frozen tiers in place of frozen indices."]
2023-08-04 12:55:59,711 INFO  [com.dot.ContainerResource] (docker-java-stream-824381349) STDOUT: 12:55:59.710  WARN  client.RestClient - request [POST http://elasticsearch:9200/cluster_51b0cac1ff.live_20230804125536/_search?typed_keys=true&max_concurrent_shard_requests=5&ignore_unavailable=false&expand_wildcards=open&allow_no_indices=true&ignore_throttled=true&search_type=query_then_fetch&batched_reduce_size=512&ccs_minimize_roundtrips=true] returned 2 warnings: [299 Elasticsearch-7.16.1-5b38441b16b1ebb16a27c107a4c3865776e20c53 "Elasticsearch built-in security features are not enabled. Without authentication, your cluster could be accessible to anyone. See https://www.elastic.co/guide/en/elasticsearch/reference/7.16/security-minimal-setup.html to enable security."],[299 Elasticsearch-7.16.1-5b38441b16b1ebb16a27c107a4c3865776e20c53 "[ignore_throttled] parameter is deprecated because frozen indices have been deprecated. Consider cold or frozen tiers in place of frozen indices."]
2023-08-04 12:55:59,721 INFO  [com.dot.ContainerResource] (docker-java-stream-824381349) STDOUT: 12:55:59.721  WARN  client.RestClient - request [POST http://elasticsearch:9200/cluster_51b0cac1ff.live_20230804125536/_search?typed_keys=true&max_concurrent_shard_requests=5&ignore_unavailable=false&expand_wildcards=open&allow_no_indices=true&ignore_throttled=true&search_type=query_then_fetch&batched_reduce_size=512&ccs_minimize_roundtrips=true] returned 2 warnings: [299 Elasticsearch-7.16.1-5b38441b16b1ebb16a27c107a4c3865776e20c53 "Elasticsearch built-in security features are not enabled. Without authentication, your cluster could be accessible to anyone. See https://www.elastic.co/guide/en/elasticsearch/reference/7.16/security-minimal-setup.html to enable security."],[299 Elasticsearch-7.16.1-5b38441b16b1ebb16a27c107a4c3865776e20c53 "[ignore_throttled] parameter is deprecated because frozen indices have been deprecated. Consider cold or frozen tiers in place of frozen indices."]
2023-08-04 12:55:59,730 INFO  [com.dot.ContainerResource] (docker-java-stream-824381349) STDOUT: 12:55:59.729  WARN  client.RestClient - request [POST http://elasticsearch:9200/cluster_51b0cac1ff.live_20230804125536/_search?typed_keys=true&max_concurrent_shard_requests=5&ignore_unavailable=false&expand_wildcards=open&allow_no_indices=true&ignore_throttled=true&search_type=query_then_fetch&batched_reduce_size=512&ccs_minimize_roundtrips=true] returned 2 warnings: [299 Elasticsearch-7.16.1-5b38441b16b1ebb16a27c107a4c3865776e20c53 "Elasticsearch built-in security features are not enabled. Without authentication, your cluster could be accessible to anyone. See https://www.elastic.co/guide/en/elasticsearch/reference/7.16/security-minimal-setup.html to enable security."],[299 Elasticsearch-7.16.1-5b38441b16b1ebb16a27c107a4c3865776e20c53 "[ignore_throttled] parameter is deprecated because frozen indices have been deprecated. Consider cold or frozen tiers in place of frozen indices."]
2023-08-04 12:55:59,737 INFO  [com.dot.ContainerResource] (docker-java-stream-824381349) STDOUT: 12:55:59.737  WARN  client.RestClient - request [POST http://elasticsearch:9200/cluster_51b0cac1ff.live_20230804125536/_search?typed_keys=true&max_concurrent_shard_requests=5&ignore_unavailable=false&expand_wildcards=open&allow_no_indices=true&ignore_throttled=true&search_type=query_then_fetch&batched_reduce_size=512&ccs_minimize_roundtrips=true] returned 2 warnings: [299 Elasticsearch-7.16.1-5b38441b16b1ebb16a27c107a4c3865776e20c53 "Elasticsearch built-in security features are not enabled. Without authentication, your cluster could be accessible to anyone. See https://www.elastic.co/guide/en/elasticsearch/reference/7.16/security-minimal-setup.html to enable security."],[299 Elasticsearch-7.16.1-5b38441b16b1ebb16a27c107a4c3865776e20c53 "[ignore_throttled] parameter is deprecated because frozen indices have been deprecated. Consider cold or frozen tiers in place of frozen indices."]
2023-08-04 12:55:59,746 INFO  [com.dot.ContainerResource] (docker-java-stream-824381349) STDOUT: 12:55:59.745  WARN  client.RestClient - request [POST http://elasticsearch:9200/cluster_51b0cac1ff.live_20230804125536/_search?typed_keys=true&max_concurrent_shard_requests=5&ignore_unavailable=false&expand_wildcards=open&allow_no_indices=true&ignore_throttled=true&search_type=query_then_fetch&batched_reduce_size=512&ccs_minimize_roundtrips=true] returned 2 warnings: [299 Elasticsearch-7.16.1-5b38441b16b1ebb16a27c107a4c3865776e20c53 "Elasticsearch built-in security features are not enabled. Without authentication, your cluster could be accessible to anyone. See https://www.elastic.co/guide/en/elasticsearch/reference/7.16/security-minimal-setup.html to enable security."],[299 Elasticsearch-7.16.1-5b38441b16b1ebb16a27c107a4c3865776e20c53 "[ignore_throttled] parameter is deprecated because frozen indices have been deprecated. Consider cold or frozen tiers in place of frozen indices."]
2023-08-04 12:55:59,773 INFO  [com.dot.ContainerResource] (docker-java-stream-824381349) STDOUT: 12:55:59.772  WARN  client.RestClient - request [POST http://elasticsearch:9200/cluster_51b0cac1ff.live_20230804125536/_search?typed_keys=true&max_concurrent_shard_requests=5&ignore_unavailable=false&expand_wildcards=open&allow_no_indices=true&ignore_throttled=true&search_type=query_then_fetch&batched_reduce_size=512&ccs_minimize_roundtrips=true] returned 2 warnings: [299 Elasticsearch-7.16.1-5b38441b16b1ebb16a27c107a4c3865776e20c53 "Elasticsearch built-in security features are not enabled. Without authentication, your cluster could be accessible to anyone. See https://www.elastic.co/guide/en/elasticsearch/reference/7.16/security-minimal-setup.html to enable security."],[299 Elasticsearch-7.16.1-5b38441b16b1ebb16a27c107a4c3865776e20c53 "[ignore_throttled] parameter is deprecated because frozen indices have been deprecated. Consider cold or frozen tiers in place of frozen indices."]
2023-08-04 12:55:59,786 INFO  [com.dot.ContainerResource] (docker-java-stream-824381349) STDOUT: 12:55:59.786  WARN  client.RestClient - request [POST http://elasticsearch:9200/cluster_51b0cac1ff.live_20230804125536/_search?typed_keys=true&max_concurrent_shard_requests=5&ignore_unavailable=false&expand_wildcards=open&allow_no_indices=true&ignore_throttled=true&search_type=query_then_fetch&batched_reduce_size=512&ccs_minimize_roundtrips=true] returned 2 warnings: [299 Elasticsearch-7.16.1-5b38441b16b1ebb16a27c107a4c3865776e20c53 "Elasticsearch built-in security features are not enabled. Without authentication, your cluster could be accessible to anyone. See https://www.elastic.co/guide/en/elasticsearch/reference/7.16/security-minimal-setup.html to enable security."],[299 Elasticsearch-7.16.1-5b38441b16b1ebb16a27c107a4c3865776e20c53 "[ignore_throttled] parameter is deprecated because frozen indices have been deprecated. Consider cold or frozen tiers in place of frozen indices."]
2023-08-04 12:55:59,795 INFO  [com.dot.ContainerResource] (docker-java-stream-824381349) STDOUT: 12:55:59.794  WARN  client.RestClient - request [POST http://elasticsearch:9200/cluster_51b0cac1ff.live_20230804125536/_search?typed_keys=true&max_concurrent_shard_requests=5&ignore_unavailable=false&expand_wildcards=open&allow_no_indices=true&ignore_throttled=true&search_type=query_then_fetch&batched_reduce_size=512&ccs_minimize_roundtrips=true] returned 2 warnings: [299 Elasticsearch-7.16.1-5b38441b16b1ebb16a27c107a4c3865776e20c53 "Elasticsearch built-in security features are not enabled. Without authentication, your cluster could be accessible to anyone. See https://www.elastic.co/guide/en/elasticsearch/reference/7.16/security-minimal-setup.html to enable security."],[299 Elasticsearch-7.16.1-5b38441b16b1ebb16a27c107a4c3865776e20c53 "[ignore_throttled] parameter is deprecated because frozen indices have been deprecated. Consider cold or frozen tiers in place of frozen indices."]
2023-08-04 12:55:59,802 INFO  [com.dot.ContainerResource] (docker-java-stream-824381349) STDOUT: 12:55:59.801  WARN  client.RestClient - request [POST http://elasticsearch:9200/cluster_51b0cac1ff.live_20230804125536/_search?typed_keys=true&max_concurrent_shard_requests=5&ignore_unavailable=false&expand_wildcards=open&allow_no_indices=true&ignore_throttled=true&search_type=query_then_fetch&batched_reduce_size=512&ccs_minimize_roundtrips=true] returned 2 warnings: [299 Elasticsearch-7.16.1-5b38441b16b1ebb16a27c107a4c3865776e20c53 "Elasticsearch built-in security features are not enabled. Without authentication, your cluster could be accessible to anyone. See https://www.elastic.co/guide/en/elasticsearch/reference/7.16/security-minimal-setup.html to enable security."],[299 Elasticsearch-7.16.1-5b38441b16b1ebb16a27c107a4c3865776e20c53 "[ignore_throttled] parameter is deprecated because frozen indices have been deprecated. Consider cold or frozen tiers in place of frozen indices."]
2023-08-04 12:55:59,808 INFO  [com.dot.ContainerResource] (docker-java-stream-824381349) STDOUT: 12:55:59.807  WARN  client.RestClient - request [POST http://elasticsearch:9200/cluster_51b0cac1ff.live_20230804125536/_search?typed_keys=true&max_concurrent_shard_requests=5&ignore_unavailable=false&expand_wildcards=open&allow_no_indices=true&ignore_throttled=true&search_type=query_then_fetch&batched_reduce_size=512&ccs_minimize_roundtrips=true] returned 2 warnings: [299 Elasticsearch-7.16.1-5b38441b16b1ebb16a27c107a4c3865776e20c53 "Elasticsearch built-in security features are not enabled. Without authentication, your cluster could be accessible to anyone. See https://www.elastic.co/guide/en/elasticsearch/reference/7.16/security-minimal-setup.html to enable security."],[299 Elasticsearch-7.16.1-5b38441b16b1ebb16a27c107a4c3865776e20c53 "[ignore_throttled] parameter is deprecated because frozen indices have been deprecated. Consider cold or frozen tiers in place of frozen indices."]
2023-08-04 12:55:59,816 INFO  [com.dot.ContainerResource] (docker-java-stream-824381349) STDOUT: 12:55:59.814  WARN  client.RestClient - request [POST http://elasticsearch:9200/cluster_51b0cac1ff.live_20230804125536/_search?typed_keys=true&max_concurrent_shard_requests=5&ignore_unavailable=false&expand_wildcards=open&allow_no_indices=true&ignore_throttled=true&search_type=query_then_fetch&batched_reduce_size=512&ccs_minimize_roundtrips=true] returned 2 warnings: [299 Elasticsearch-7.16.1-5b38441b16b1ebb16a27c107a4c3865776e20c53 "Elasticsearch built-in security features are not enabled. Without authentication, your cluster could be accessible to anyone. See https://www.elastic.co/guide/en/elasticsearch/reference/7.16/security-minimal-setup.html to enable security."],[299 Elasticsearch-7.16.1-5b38441b16b1ebb16a27c107a4c3865776e20c53 "[ignore_throttled] parameter is deprecated because frozen indices have been deprecated. Consider cold or frozen tiers in place of frozen indices."]
2023-08-04 12:55:59,820 INFO  [com.dot.ContainerResource] (docker-java-stream-824381349) STDOUT: 12:55:59.820  WARN  client.RestClient - request [POST http://elasticsearch:9200/cluster_51b0cac1ff.live_20230804125536/_search?typed_keys=true&max_concurrent_shard_requests=5&ignore_unavailable=false&expand_wildcards=open&allow_no_indices=true&ignore_throttled=true&search_type=query_then_fetch&batched_reduce_size=512&ccs_minimize_roundtrips=true] returned 2 warnings: [299 Elasticsearch-7.16.1-5b38441b16b1ebb16a27c107a4c3865776e20c53 "Elasticsearch built-in security features are not enabled. Without authentication, your cluster could be accessible to anyone. See https://www.elastic.co/guide/en/elasticsearch/reference/7.16/security-minimal-setup.html to enable security."],[299 Elasticsearch-7.16.1-5b38441b16b1ebb16a27c107a4c3865776e20c53 "[ignore_throttled] parameter is deprecated because frozen indices have been deprecated. Consider cold or frozen tiers in place of frozen indices."]
2023-08-04 12:55:59,832 INFO  [com.dot.ContainerResource] (docker-java-stream-824381349) STDOUT: 12:55:59.829  WARN  client.RestClient - request [POST http://elasticsearch:9200/cluster_51b0cac1ff.live_20230804125536/_search?typed_keys=true&max_concurrent_shard_requests=5&ignore_unavailable=false&expand_wildcards=open&allow_no_indices=true&ignore_throttled=true&search_type=query_then_fetch&batched_reduce_size=512&ccs_minimize_roundtrips=true] returned 2 warnings: [299 Elasticsearch-7.16.1-5b38441b16b1ebb16a27c107a4c3865776e20c53 "Elasticsearch built-in security features are not enabled. Without authentication, your cluster could be accessible to anyone. See https://www.elastic.co/guide/en/elasticsearch/reference/7.16/security-minimal-setup.html to enable security."],[299 Elasticsearch-7.16.1-5b38441b16b1ebb16a27c107a4c3865776e20c53 "[ignore_throttled] parameter is deprecated because frozen indices have been deprecated. Consider cold or frozen tiers in place of frozen indices."]
2023-08-04 12:55:59,840 INFO  [com.dot.ContainerResource] (docker-java-stream-824381349) STDOUT: 12:55:59.836  WARN  client.RestClient - request [POST http://elasticsearch:9200/cluster_51b0cac1ff.live_20230804125536/_search?typed_keys=true&max_concurrent_shard_requests=5&ignore_unavailable=false&expand_wildcards=open&allow_no_indices=true&ignore_throttled=true&search_type=query_then_fetch&batched_reduce_size=512&ccs_minimize_roundtrips=true] returned 2 warnings: [299 Elasticsearch-7.16.1-5b38441b16b1ebb16a27c107a4c3865776e20c53 "Elasticsearch built-in security features are not enabled. Without authentication, your cluster could be accessible to anyone. See https://www.elastic.co/guide/en/elasticsearch/reference/7.16/security-minimal-setup.html to enable security."],[299 Elasticsearch-7.16.1-5b38441b16b1ebb16a27c107a4c3865776e20c53 "[ignore_throttled] parameter is deprecated because frozen indices have been deprecated. Consider cold or frozen tiers in place of frozen indices."]
2023-08-04 12:55:59,845 INFO  [com.dot.ContainerResource] (docker-java-stream-824381349) STDOUT: 12:55:59.844  WARN  client.RestClient - request [POST http://elasticsearch:9200/cluster_51b0cac1ff.live_20230804125536/_search?typed_keys=true&max_concurrent_shard_requests=5&ignore_unavailable=false&expand_wildcards=open&allow_no_indices=true&ignore_throttled=true&search_type=query_then_fetch&batched_reduce_size=512&ccs_minimize_roundtrips=true] returned 2 warnings: [299 Elasticsearch-7.16.1-5b38441b16b1ebb16a27c107a4c3865776e20c53 "Elasticsearch built-in security features are not enabled. Without authentication, your cluster could be accessible to anyone. See https://www.elastic.co/guide/en/elasticsearch/reference/7.16/security-minimal-setup.html to enable security."],[299 Elasticsearch-7.16.1-5b38441b16b1ebb16a27c107a4c3865776e20c53 "[ignore_throttled] parameter is deprecated because frozen indices have been deprecated. Consider cold or frozen tiers in place of frozen indices."]
2023-08-04 12:55:59,852 INFO  [com.dot.ContainerResource] (docker-java-stream-824381349) STDOUT: 12:55:59.851  WARN  client.RestClient - request [POST http://elasticsearch:9200/cluster_51b0cac1ff.live_20230804125536/_search?typed_keys=true&max_concurrent_shard_requests=5&ignore_unavailable=false&expand_wildcards=open&allow_no_indices=true&ignore_throttled=true&search_type=query_then_fetch&batched_reduce_size=512&ccs_minimize_roundtrips=true] returned 2 warnings: [299 Elasticsearch-7.16.1-5b38441b16b1ebb16a27c107a4c3865776e20c53 "Elasticsearch built-in security features are not enabled. Without authentication, your cluster could be accessible to anyone. See https://www.elastic.co/guide/en/elasticsearch/reference/7.16/security-minimal-setup.html to enable security."],[299 Elasticsearch-7.16.1-5b38441b16b1ebb16a27c107a4c3865776e20c53 "[ignore_throttled] parameter is deprecated because frozen indices have been deprecated. Consider cold or frozen tiers in place of frozen indices."]
2023-08-04 12:55:59,862 INFO  [com.dot.ContainerResource] (docker-java-stream-824381349) STDOUT: 12:55:59.862  WARN  client.RestClient - request [POST http://elasticsearch:9200/cluster_51b0cac1ff.live_20230804125536/_search?typed_keys=true&max_concurrent_shard_requests=5&ignore_unavailable=false&expand_wildcards=open&allow_no_indices=true&ignore_throttled=true&search_type=query_then_fetch&batched_reduce_size=512&ccs_minimize_roundtrips=true] returned 2 warnings: [299 Elasticsearch-7.16.1-5b38441b16b1ebb16a27c107a4c3865776e20c53 "Elasticsearch built-in security features are not enabled. Without authentication, your cluster could be accessible to anyone. See https://www.elastic.co/guide/en/elasticsearch/reference/7.16/security-minimal-setup.html to enable security."],[299 Elasticsearch-7.16.1-5b38441b16b1ebb16a27c107a4c3865776e20c53 "[ignore_throttled] parameter is deprecated because frozen indices have been deprecated. Consider cold or frozen tiers in place of frozen indices."]
2023-08-04 12:55:59,872 INFO  [com.dot.ContainerResource] (docker-java-stream-824381349) STDOUT: 12:55:59.872  WARN  client.RestClient - request [POST http://elasticsearch:9200/cluster_51b0cac1ff.live_20230804125536/_search?typed_keys=true&max_concurrent_shard_requests=5&ignore_unavailable=false&expand_wildcards=open&allow_no_indices=true&ignore_throttled=true&search_type=query_then_fetch&batched_reduce_size=512&ccs_minimize_roundtrips=true] returned 2 warnings: [299 Elasticsearch-7.16.1-5b38441b16b1ebb16a27c107a4c3865776e20c53 "Elasticsearch built-in security features are not enabled. Without authentication, your cluster could be accessible to anyone. See https://www.elastic.co/guide/en/elasticsearch/reference/7.16/security-minimal-setup.html to enable security."],[299 Elasticsearch-7.16.1-5b38441b16b1ebb16a27c107a4c3865776e20c53 "[ignore_throttled] parameter is deprecated because frozen indices have been deprecated. Consider cold or frozen tiers in place of frozen indices."]
2023-08-04 12:55:59,894 INFO  [com.dot.ContainerResource] (docker-java-stream-824381349) STDOUT: 12:55:59.891  WARN  client.RestClient - request [POST http://elasticsearch:9200/cluster_51b0cac1ff.live_20230804125536/_search?typed_keys=true&max_concurrent_shard_requests=5&ignore_unavailable=false&expand_wildcards=open&allow_no_indices=true&ignore_throttled=true&search_type=query_then_fetch&batched_reduce_size=512&ccs_minimize_roundtrips=true] returned 2 warnings: [299 Elasticsearch-7.16.1-5b38441b16b1ebb16a27c107a4c3865776e20c53 "Elasticsearch built-in security features are not enabled. Without authentication, your cluster could be accessible to anyone. See https://www.elastic.co/guide/en/elasticsearch/reference/7.16/security-minimal-setup.html to enable security."],[299 Elasticsearch-7.16.1-5b38441b16b1ebb16a27c107a4c3865776e20c53 "[ignore_throttled] parameter is deprecated because frozen indices have been deprecated. Consider cold or frozen tiers in place of frozen indices."]
2023-08-04 12:55:59,901 INFO  [com.dot.ContainerResource] (docker-java-stream-824381349) STDOUT: 12:55:59.900  WARN  client.RestClient - request [POST http://elasticsearch:9200/cluster_51b0cac1ff.live_20230804125536/_search?typed_keys=true&max_concurrent_shard_requests=5&ignore_unavailable=false&expand_wildcards=open&allow_no_indices=true&ignore_throttled=true&search_type=query_then_fetch&batched_reduce_size=512&ccs_minimize_roundtrips=true] returned 2 warnings: [299 Elasticsearch-7.16.1-5b38441b16b1ebb16a27c107a4c3865776e20c53 "Elasticsearch built-in security features are not enabled. Without authentication, your cluster could be accessible to anyone. See https://www.elastic.co/guide/en/elasticsearch/reference/7.16/security-minimal-setup.html to enable security."],[299 Elasticsearch-7.16.1-5b38441b16b1ebb16a27c107a4c3865776e20c53 "[ignore_throttled] parameter is deprecated because frozen indices have been deprecated. Consider cold or frozen tiers in place of frozen indices."]
2023-08-04 12:55:59,911 INFO  [com.dot.ContainerResource] (docker-java-stream-824381349) STDOUT: 12:55:59.911  WARN  client.RestClient - request [POST http://elasticsearch:9200/cluster_51b0cac1ff.live_20230804125536/_search?typed_keys=true&max_concurrent_shard_requests=5&ignore_unavailable=false&expand_wildcards=open&allow_no_indices=true&ignore_throttled=true&search_type=query_then_fetch&batched_reduce_size=512&ccs_minimize_roundtrips=true] returned 2 warnings: [299 Elasticsearch-7.16.1-5b38441b16b1ebb16a27c107a4c3865776e20c53 "Elasticsearch built-in security features are not enabled. Without authentication, your cluster could be accessible to anyone. See https://www.elastic.co/guide/en/elasticsearch/reference/7.16/security-minimal-setup.html to enable security."],[299 Elasticsearch-7.16.1-5b38441b16b1ebb16a27c107a4c3865776e20c53 "[ignore_throttled] parameter is deprecated because frozen indices have been deprecated. Consider cold or frozen tiers in place of frozen indices."]
2023-08-04 12:55:59,946 INFO  [com.dot.ContainerResource] (docker-java-stream-824381349) STDOUT: 12:55:59.945  WARN  client.RestClient - request [POST http://elasticsearch:9200/cluster_51b0cac1ff.live_20230804125536/_search?typed_keys=true&max_concurrent_shard_requests=5&ignore_unavailable=false&expand_wildcards=open&allow_no_indices=true&ignore_throttled=true&search_type=query_then_fetch&batched_reduce_size=512&ccs_minimize_roundtrips=true] returned 2 warnings: [299 Elasticsearch-7.16.1-5b38441b16b1ebb16a27c107a4c3865776e20c53 "Elasticsearch built-in security features are not enabled. Without authentication, your cluster could be accessible to anyone. See https://www.elastic.co/guide/en/elasticsearch/reference/7.16/security-minimal-setup.html to enable security."],[299 Elasticsearch-7.16.1-5b38441b16b1ebb16a27c107a4c3865776e20c53 "[ignore_throttled] parameter is deprecated because frozen indices have been deprecated. Consider cold or frozen tiers in place of frozen indices."]
2023-08-04 12:55:59,959 INFO  [com.dot.ContainerResource] (docker-java-stream-824381349) STDOUT: 12:55:59.959  WARN  client.RestClient - request [POST http://elasticsearch:9200/cluster_51b0cac1ff.live_20230804125536/_search?typed_keys=true&max_concurrent_shard_requests=5&ignore_unavailable=false&expand_wildcards=open&allow_no_indices=true&ignore_throttled=true&search_type=query_then_fetch&batched_reduce_size=512&ccs_minimize_roundtrips=true] returned 2 warnings: [299 Elasticsearch-7.16.1-5b38441b16b1ebb16a27c107a4c3865776e20c53 "Elasticsearch built-in security features are not enabled. Without authentication, your cluster could be accessible to anyone. See https://www.elastic.co/guide/en/elasticsearch/reference/7.16/security-minimal-setup.html to enable security."],[299 Elasticsearch-7.16.1-5b38441b16b1ebb16a27c107a4c3865776e20c53 "[ignore_throttled] parameter is deprecated because frozen indices have been deprecated. Consider cold or frozen tiers in place of frozen indices."]
2023-08-04 12:55:59,967 INFO  [com.dot.ContainerResource] (docker-java-stream-824381349) STDOUT: 12:55:59.967  WARN  client.RestClient - request [POST http://elasticsearch:9200/cluster_51b0cac1ff.live_20230804125536/_search?typed_keys=true&max_concurrent_shard_requests=5&ignore_unavailable=false&expand_wildcards=open&allow_no_indices=true&ignore_throttled=true&search_type=query_then_fetch&batched_reduce_size=512&ccs_minimize_roundtrips=true] returned 2 warnings: [299 Elasticsearch-7.16.1-5b38441b16b1ebb16a27c107a4c3865776e20c53 "Elasticsearch built-in security features are not enabled. Without authentication, your cluster could be accessible to anyone. See https://www.elastic.co/guide/en/elasticsearch/reference/7.16/security-minimal-setup.html to enable security."],[299 Elasticsearch-7.16.1-5b38441b16b1ebb16a27c107a4c3865776e20c53 "[ignore_throttled] parameter is deprecated because frozen indices have been deprecated. Consider cold or frozen tiers in place of frozen indices."]
2023-08-04 12:55:59,974 INFO  [com.dot.ContainerResource] (docker-java-stream-824381349) STDOUT: 12:55:59.973  WARN  client.RestClient - request [POST http://elasticsearch:9200/cluster_51b0cac1ff.live_20230804125536/_search?typed_keys=true&max_concurrent_shard_requests=5&ignore_unavailable=false&expand_wildcards=open&allow_no_indices=true&ignore_throttled=true&search_type=query_then_fetch&batched_reduce_size=512&ccs_minimize_roundtrips=true] returned 2 warnings: [299 Elasticsearch-7.16.1-5b38441b16b1ebb16a27c107a4c3865776e20c53 "Elasticsearch built-in security features are not enabled. Without authentication, your cluster could be accessible to anyone. See https://www.elastic.co/guide/en/elasticsearch/reference/7.16/security-minimal-setup.html to enable security."],[299 Elasticsearch-7.16.1-5b38441b16b1ebb16a27c107a4c3865776e20c53 "[ignore_throttled] parameter is deprecated because frozen indices have been deprecated. Consider cold or frozen tiers in place of frozen indices."]
2023-08-04 12:55:59,998 INFO  [com.dot.ContainerResource] (docker-java-stream-824381349) STDOUT: 12:55:59.995  WARN  client.RestClient - request [POST http://elasticsearch:9200/cluster_51b0cac1ff.live_20230804125536/_search?typed_keys=true&max_concurrent_shard_requests=5&ignore_unavailable=false&expand_wildcards=open&allow_no_indices=true&ignore_throttled=true&search_type=query_then_fetch&batched_reduce_size=512&ccs_minimize_roundtrips=true] returned 2 warnings: [299 Elasticsearch-7.16.1-5b38441b16b1ebb16a27c107a4c3865776e20c53 "Elasticsearch built-in security features are not enabled. Without authentication, your cluster could be accessible to anyone. See https://www.elastic.co/guide/en/elasticsearch/reference/7.16/security-minimal-setup.html to enable security."],[299 Elasticsearch-7.16.1-5b38441b16b1ebb16a27c107a4c3865776e20c53 "[ignore_throttled] parameter is deprecated because frozen indices have been deprecated. Consider cold or frozen tiers in place of frozen indices."]
2023-08-04 12:56:00,023 INFO  [com.dot.ContainerResource] (docker-java-stream-824381349) STDOUT: 12:56:00.004  WARN  client.RestClient - request [POST http://elasticsearch:9200/cluster_51b0cac1ff.live_20230804125536/_search?typed_keys=true&max_concurrent_shard_requests=5&ignore_unavailable=false&expand_wildcards=open&allow_no_indices=true&ignore_throttled=true&search_type=query_then_fetch&batched_reduce_size=512&ccs_minimize_roundtrips=true] returned 2 warnings: [299 Elasticsearch-7.16.1-5b38441b16b1ebb16a27c107a4c3865776e20c53 "Elasticsearch built-in security features are not enabled. Without authentication, your cluster could be accessible to anyone. See https://www.elastic.co/guide/en/elasticsearch/reference/7.16/security-minimal-setup.html to enable security."],[299 Elasticsearch-7.16.1-5b38441b16b1ebb16a27c107a4c3865776e20c53 "[ignore_throttled] parameter is deprecated because frozen indices have been deprecated. Consider cold or frozen tiers in place of frozen indices."]
2023-08-04 12:56:00,023 INFO  [com.dot.ContainerResource] (docker-java-stream-824381349) STDOUT: 12:56:00.021  WARN  client.RestClient - request [POST http://elasticsearch:9200/cluster_51b0cac1ff.live_20230804125536/_search?typed_keys=true&max_concurrent_shard_requests=5&ignore_unavailable=false&expand_wildcards=open&allow_no_indices=true&ignore_throttled=true&search_type=query_then_fetch&batched_reduce_size=512&ccs_minimize_roundtrips=true] returned 2 warnings: [299 Elasticsearch-7.16.1-5b38441b16b1ebb16a27c107a4c3865776e20c53 "Elasticsearch built-in security features are not enabled. Without authentication, your cluster could be accessible to anyone. See https://www.elastic.co/guide/en/elasticsearch/reference/7.16/security-minimal-setup.html to enable security."],[299 Elasticsearch-7.16.1-5b38441b16b1ebb16a27c107a4c3865776e20c53 "[ignore_throttled] parameter is deprecated because frozen indices have been deprecated. Consider cold or frozen tiers in place of frozen indices."]
2023-08-04 12:56:00,054 INFO  [com.dot.ContainerResource] (docker-java-stream-824381349) STDOUT: 12:56:00.042  WARN  client.RestClient - request [POST http://elasticsearch:9200/cluster_51b0cac1ff.live_20230804125536/_search?typed_keys=true&max_concurrent_shard_requests=5&ignore_unavailable=false&expand_wildcards=open&allow_no_indices=true&ignore_throttled=true&search_type=query_then_fetch&batched_reduce_size=512&ccs_minimize_roundtrips=true] returned 2 warnings: [299 Elasticsearch-7.16.1-5b38441b16b1ebb16a27c107a4c3865776e20c53 "Elasticsearch built-in security features are not enabled. Without authentication, your cluster could be accessible to anyone. See https://www.elastic.co/guide/en/elasticsearch/reference/7.16/security-minimal-setup.html to enable security."],[299 Elasticsearch-7.16.1-5b38441b16b1ebb16a27c107a4c3865776e20c53 "[ignore_throttled] parameter is deprecated because frozen indices have been deprecated. Consider cold or frozen tiers in place of frozen indices."]
2023-08-04 12:56:00,086 INFO  [com.dot.ContainerResource] (docker-java-stream-824381349) STDOUT: 12:56:00.082  WARN  client.RestClient - request [POST http://elasticsearch:9200/cluster_51b0cac1ff.live_20230804125536/_search?typed_keys=true&max_concurrent_shard_requests=5&ignore_unavailable=false&expand_wildcards=open&allow_no_indices=true&ignore_throttled=true&search_type=query_then_fetch&batched_reduce_size=512&ccs_minimize_roundtrips=true] returned 2 warnings: [299 Elasticsearch-7.16.1-5b38441b16b1ebb16a27c107a4c3865776e20c53 "Elasticsearch built-in security features are not enabled. Without authentication, your cluster could be accessible to anyone. See https://www.elastic.co/guide/en/elasticsearch/reference/7.16/security-minimal-setup.html to enable security."],[299 Elasticsearch-7.16.1-5b38441b16b1ebb16a27c107a4c3865776e20c53 "[ignore_throttled] parameter is deprecated because frozen indices have been deprecated. Consider cold or frozen tiers in place of frozen indices."]
2023-08-04 12:56:00,098 INFO  [com.dot.ContainerResource] (docker-java-stream-824381349) STDOUT: 12:56:00.097  WARN  client.RestClient - request [POST http://elasticsearch:9200/cluster_51b0cac1ff.live_20230804125536/_search?typed_keys=true&max_concurrent_shard_requests=5&ignore_unavailable=false&expand_wildcards=open&allow_no_indices=true&ignore_throttled=true&search_type=query_then_fetch&batched_reduce_size=512&ccs_minimize_roundtrips=true] returned 2 warnings: [299 Elasticsearch-7.16.1-5b38441b16b1ebb16a27c107a4c3865776e20c53 "Elasticsearch built-in security features are not enabled. Without authentication, your cluster could be accessible to anyone. See https://www.elastic.co/guide/en/elasticsearch/reference/7.16/security-minimal-setup.html to enable security."],[299 Elasticsearch-7.16.1-5b38441b16b1ebb16a27c107a4c3865776e20c53 "[ignore_throttled] parameter is deprecated because frozen indices have been deprecated. Consider cold or frozen tiers in place of frozen indices."]
2023-08-04 12:56:00,105 INFO  [com.dot.ContainerResource] (docker-java-stream-824381349) STDOUT: 12:56:00.105  INFO  apps.SecretsKeyStoreHelper - KeyStore loaded successfully after `1` tries.
2023-08-04 12:56:00,108 INFO  [com.dot.ContainerResource] (docker-java-stream-824381349) STDOUT: 12:56:00.108  WARN  client.RestClient - request [POST http://elasticsearch:9200/cluster_51b0cac1ff.live_20230804125536/_search?typed_keys=true&max_concurrent_shard_requests=5&ignore_unavailable=false&expand_wildcards=open&allow_no_indices=true&ignore_throttled=true&search_type=query_then_fetch&batched_reduce_size=512&ccs_minimize_roundtrips=true] returned 2 warnings: [299 Elasticsearch-7.16.1-5b38441b16b1ebb16a27c107a4c3865776e20c53 "Elasticsearch built-in security features are not enabled. Without authentication, your cluster could be accessible to anyone. See https://www.elastic.co/guide/en/elasticsearch/reference/7.16/security-minimal-setup.html to enable security."],[299 Elasticsearch-7.16.1-5b38441b16b1ebb16a27c107a4c3865776e20c53 "[ignore_throttled] parameter is deprecated because frozen indices have been deprecated. Consider cold or frozen tiers in place of frozen indices."]
2023-08-04 12:56:00,110 INFO  [com.dot.ContainerResource] (docker-java-stream-824381349) STDOUT: 12:56:00.110  INFO  apps.SecretsKeyStoreHelper - KeyStore loaded successfully after `1` tries.
2023-08-04 12:56:00,136 INFO  [com.dot.ContainerResource] (docker-java-stream-824381349) STDOUT: 12:56:00.136  WARN  client.RestClient - request [POST http://elasticsearch:9200/cluster_51b0cac1ff.live_20230804125536/_search?typed_keys=true&max_concurrent_shard_requests=5&ignore_unavailable=false&expand_wildcards=open&allow_no_indices=true&ignore_throttled=true&search_type=query_then_fetch&batched_reduce_size=512&ccs_minimize_roundtrips=true] returned 2 warnings: [299 Elasticsearch-7.16.1-5b38441b16b1ebb16a27c107a4c3865776e20c53 "Elasticsearch built-in security features are not enabled. Without authentication, your cluster could be accessible to anyone. See https://www.elastic.co/guide/en/elasticsearch/reference/7.16/security-minimal-setup.html to enable security."],[299 Elasticsearch-7.16.1-5b38441b16b1ebb16a27c107a4c3865776e20c53 "[ignore_throttled] parameter is deprecated because frozen indices have been deprecated. Consider cold or frozen tiers in place of frozen indices."]
2023-08-04 12:56:00,163 INFO  [com.dot.ContainerResource] (docker-java-stream-824381349) STDOUT: 12:56:00.162  WARN  client.RestClient - request [POST http://elasticsearch:9200/cluster_51b0cac1ff.live_20230804125536/_search?typed_keys=true&max_concurrent_shard_requests=5&ignore_unavailable=false&expand_wildcards=open&allow_no_indices=true&ignore_throttled=true&search_type=query_then_fetch&batched_reduce_size=512&ccs_minimize_roundtrips=true] returned 2 warnings: [299 Elasticsearch-7.16.1-5b38441b16b1ebb16a27c107a4c3865776e20c53 "Elasticsearch built-in security features are not enabled. Without authentication, your cluster could be accessible to anyone. See https://www.elastic.co/guide/en/elasticsearch/reference/7.16/security-minimal-setup.html to enable security."],[299 Elasticsearch-7.16.1-5b38441b16b1ebb16a27c107a4c3865776e20c53 "[ignore_throttled] parameter is deprecated because frozen indices have been deprecated. Consider cold or frozen tiers in place of frozen indices."]
2023-08-04 12:56:00,171 INFO  [com.dot.ContainerResource] (docker-java-stream-824381349) STDOUT: 12:56:00.170  WARN  client.RestClient - request [POST http://elasticsearch:9200/cluster_51b0cac1ff.live_20230804125536/_search?typed_keys=true&max_concurrent_shard_requests=5&ignore_unavailable=false&expand_wildcards=open&allow_no_indices=true&ignore_throttled=true&search_type=query_then_fetch&batched_reduce_size=512&ccs_minimize_roundtrips=true] returned 2 warnings: [299 Elasticsearch-7.16.1-5b38441b16b1ebb16a27c107a4c3865776e20c53 "Elasticsearch built-in security features are not enabled. Without authentication, your cluster could be accessible to anyone. See https://www.elastic.co/guide/en/elasticsearch/reference/7.16/security-minimal-setup.html to enable security."],[299 Elasticsearch-7.16.1-5b38441b16b1ebb16a27c107a4c3865776e20c53 "[ignore_throttled] parameter is deprecated because frozen indices have been deprecated. Consider cold or frozen tiers in place of frozen indices."]
2023-08-04 12:56:00,179 INFO  [com.dot.ContainerResource] (docker-java-stream-824381349) STDOUT: 12:56:00.177  WARN  client.RestClient - request [POST http://elasticsearch:9200/cluster_51b0cac1ff.live_20230804125536/_search?typed_keys=true&max_concurrent_shard_requests=5&ignore_unavailable=false&expand_wildcards=open&allow_no_indices=true&ignore_throttled=true&search_type=query_then_fetch&batched_reduce_size=512&ccs_minimize_roundtrips=true] returned 2 warnings: [299 Elasticsearch-7.16.1-5b38441b16b1ebb16a27c107a4c3865776e20c53 "Elasticsearch built-in security features are not enabled. Without authentication, your cluster could be accessible to anyone. See https://www.elastic.co/guide/en/elasticsearch/reference/7.16/security-minimal-setup.html to enable security."],[299 Elasticsearch-7.16.1-5b38441b16b1ebb16a27c107a4c3865776e20c53 "[ignore_throttled] parameter is deprecated because frozen indices have been deprecated. Consider cold or frozen tiers in place of frozen indices."]
2023-08-04 12:56:00,195 INFO  [com.dot.ContainerResource] (docker-java-stream-824381349) STDOUT: 12:56:00.192  WARN  client.RestClient - request [POST http://elasticsearch:9200/cluster_51b0cac1ff.live_20230804125536/_search?typed_keys=true&max_concurrent_shard_requests=5&ignore_unavailable=false&expand_wildcards=open&allow_no_indices=true&ignore_throttled=true&search_type=query_then_fetch&batched_reduce_size=512&ccs_minimize_roundtrips=true] returned 2 warnings: [299 Elasticsearch-7.16.1-5b38441b16b1ebb16a27c107a4c3865776e20c53 "Elasticsearch built-in security features are not enabled. Without authentication, your cluster could be accessible to anyone. See https://www.elastic.co/guide/en/elasticsearch/reference/7.16/security-minimal-setup.html to enable security."],[299 Elasticsearch-7.16.1-5b38441b16b1ebb16a27c107a4c3865776e20c53 "[ignore_throttled] parameter is deprecated because frozen indices have been deprecated. Consider cold or frozen tiers in place of frozen indices."]
2023-08-04 12:56:00,204 INFO  [com.dot.ContainerResource] (docker-java-stream-824381349) STDOUT: 12:56:00.204  WARN  client.RestClient - request [POST http://elasticsearch:9200/cluster_51b0cac1ff.live_20230804125536/_search?typed_keys=true&max_concurrent_shard_requests=5&ignore_unavailable=false&expand_wildcards=open&allow_no_indices=true&ignore_throttled=true&search_type=query_then_fetch&batched_reduce_size=512&ccs_minimize_roundtrips=true] returned 2 warnings: [299 Elasticsearch-7.16.1-5b38441b16b1ebb16a27c107a4c3865776e20c53 "Elasticsearch built-in security features are not enabled. Without authentication, your cluster could be accessible to anyone. See https://www.elastic.co/guide/en/elasticsearch/reference/7.16/security-minimal-setup.html to enable security."],[299 Elasticsearch-7.16.1-5b38441b16b1ebb16a27c107a4c3865776e20c53 "[ignore_throttled] parameter is deprecated because frozen indices have been deprecated. Consider cold or frozen tiers in place of frozen indices."]
2023-08-04 12:56:00,225 INFO  [com.dot.ContainerResource] (docker-java-stream-824381349) STDOUT: 12:56:00.225  WARN  client.RestClient - request [POST http://elasticsearch:9200/cluster_51b0cac1ff.live_20230804125536/_search?typed_keys=true&max_concurrent_shard_requests=5&ignore_unavailable=false&expand_wildcards=open&allow_no_indices=true&ignore_throttled=true&search_type=query_then_fetch&batched_reduce_size=512&ccs_minimize_roundtrips=true] returned 2 warnings: [299 Elasticsearch-7.16.1-5b38441b16b1ebb16a27c107a4c3865776e20c53 "Elasticsearch built-in security features are not enabled. Without authentication, your cluster could be accessible to anyone. See https://www.elastic.co/guide/en/elasticsearch/reference/7.16/security-minimal-setup.html to enable security."],[299 Elasticsearch-7.16.1-5b38441b16b1ebb16a27c107a4c3865776e20c53 "[ignore_throttled] parameter is deprecated because frozen indices have been deprecated. Consider cold or frozen tiers in place of frozen indices."]
2023-08-04 12:56:00,242 INFO  [com.dot.ContainerResource] (docker-java-stream-824381349) STDOUT: 12:56:00.239  WARN  client.RestClient - request [POST http://elasticsearch:9200/cluster_51b0cac1ff.live_20230804125536/_search?typed_keys=true&max_concurrent_shard_requests=5&ignore_unavailable=false&expand_wildcards=open&allow_no_indices=true&ignore_throttled=true&search_type=query_then_fetch&batched_reduce_size=512&ccs_minimize_roundtrips=true] returned 2 warnings: [299 Elasticsearch-7.16.1-5b38441b16b1ebb16a27c107a4c3865776e20c53 "Elasticsearch built-in security features are not enabled. Without authentication, your cluster could be accessible to anyone. See https://www.elastic.co/guide/en/elasticsearch/reference/7.16/security-minimal-setup.html to enable security."],[299 Elasticsearch-7.16.1-5b38441b16b1ebb16a27c107a4c3865776e20c53 "[ignore_throttled] parameter is deprecated because frozen indices have been deprecated. Consider cold or frozen tiers in place of frozen indices."]
2023-08-04 12:56:00,249 INFO  [com.dot.ContainerResource] (docker-java-stream-824381349) STDOUT: 12:56:00.247  WARN  client.RestClient - request [POST http://elasticsearch:9200/cluster_51b0cac1ff.live_20230804125536/_search?typed_keys=true&max_concurrent_shard_requests=5&ignore_unavailable=false&expand_wildcards=open&allow_no_indices=true&ignore_throttled=true&search_type=query_then_fetch&batched_reduce_size=512&ccs_minimize_roundtrips=true] returned 2 warnings: [299 Elasticsearch-7.16.1-5b38441b16b1ebb16a27c107a4c3865776e20c53 "Elasticsearch built-in security features are not enabled. Without authentication, your cluster could be accessible to anyone. See https://www.elastic.co/guide/en/elasticsearch/reference/7.16/security-minimal-setup.html to enable security."],[299 Elasticsearch-7.16.1-5b38441b16b1ebb16a27c107a4c3865776e20c53 "[ignore_throttled] parameter is deprecated because frozen indices have been deprecated. Consider cold or frozen tiers in place of frozen indices."]
2023-08-04 12:56:00,255 INFO  [com.dot.ContainerResource] (docker-java-stream-824381349) STDOUT: 12:56:00.253  WARN  client.RestClient - request [POST http://elasticsearch:9200/cluster_51b0cac1ff.live_20230804125536/_search?typed_keys=true&max_concurrent_shard_requests=5&ignore_unavailable=false&expand_wildcards=open&allow_no_indices=true&ignore_throttled=true&search_type=query_then_fetch&batched_reduce_size=512&ccs_minimize_roundtrips=true] returned 2 warnings: [299 Elasticsearch-7.16.1-5b38441b16b1ebb16a27c107a4c3865776e20c53 "Elasticsearch built-in security features are not enabled. Without authentication, your cluster could be accessible to anyone. See https://www.elastic.co/guide/en/elasticsearch/reference/7.16/security-minimal-setup.html to enable security."],[299 Elasticsearch-7.16.1-5b38441b16b1ebb16a27c107a4c3865776e20c53 "[ignore_throttled] parameter is deprecated because frozen indices have been deprecated. Consider cold or frozen tiers in place of frozen indices."]
2023-08-04 12:56:00,263 INFO  [com.dot.ContainerResource] (docker-java-stream-824381349) STDOUT: 12:56:00.261  WARN  client.RestClient - request [POST http://elasticsearch:9200/cluster_51b0cac1ff.live_20230804125536/_search?typed_keys=true&max_concurrent_shard_requests=5&ignore_unavailable=false&expand_wildcards=open&allow_no_indices=true&ignore_throttled=true&search_type=query_then_fetch&batched_reduce_size=512&ccs_minimize_roundtrips=true] returned 2 warnings: [299 Elasticsearch-7.16.1-5b38441b16b1ebb16a27c107a4c3865776e20c53 "Elasticsearch built-in security features are not enabled. Without authentication, your cluster could be accessible to anyone. See https://www.elastic.co/guide/en/elasticsearch/reference/7.16/security-minimal-setup.html to enable security."],[299 Elasticsearch-7.16.1-5b38441b16b1ebb16a27c107a4c3865776e20c53 "[ignore_throttled] parameter is deprecated because frozen indices have been deprecated. Consider cold or frozen tiers in place of frozen indices."]
2023-08-04 12:56:00,271 INFO  [com.dot.ContainerResource] (docker-java-stream-824381349) STDOUT: 12:56:00.269  WARN  client.RestClient - request [POST http://elasticsearch:9200/cluster_51b0cac1ff.live_20230804125536/_search?typed_keys=true&max_concurrent_shard_requests=5&ignore_unavailable=false&expand_wildcards=open&allow_no_indices=true&ignore_throttled=true&search_type=query_then_fetch&batched_reduce_size=512&ccs_minimize_roundtrips=true] returned 2 warnings: [299 Elasticsearch-7.16.1-5b38441b16b1ebb16a27c107a4c3865776e20c53 "Elasticsearch built-in security features are not enabled. Without authentication, your cluster could be accessible to anyone. See https://www.elastic.co/guide/en/elasticsearch/reference/7.16/security-minimal-setup.html to enable security."],[299 Elasticsearch-7.16.1-5b38441b16b1ebb16a27c107a4c3865776e20c53 "[ignore_throttled] parameter is deprecated because frozen indices have been deprecated. Consider cold or frozen tiers in place of frozen indices."]
2023-08-04 12:56:00,276 INFO  [com.dot.ContainerResource] (docker-java-stream-824381349) STDOUT: 12:56:00.275  WARN  client.RestClient - request [POST http://elasticsearch:9200/cluster_51b0cac1ff.live_20230804125536/_search?typed_keys=true&max_concurrent_shard_requests=5&ignore_unavailable=false&expand_wildcards=open&allow_no_indices=true&ignore_throttled=true&search_type=query_then_fetch&batched_reduce_size=512&ccs_minimize_roundtrips=true] returned 2 warnings: [299 Elasticsearch-7.16.1-5b38441b16b1ebb16a27c107a4c3865776e20c53 "Elasticsearch built-in security features are not enabled. Without authentication, your cluster could be accessible to anyone. See https://www.elastic.co/guide/en/elasticsearch/reference/7.16/security-minimal-setup.html to enable security."],[299 Elasticsearch-7.16.1-5b38441b16b1ebb16a27c107a4c3865776e20c53 "[ignore_throttled] parameter is deprecated because frozen indices have been deprecated. Consider cold or frozen tiers in place of frozen indices."]
2023-08-04 12:56:00,283 INFO  [com.dot.ContainerResource] (docker-java-stream-824381349) STDOUT: 12:56:00.282  WARN  client.RestClient - request [POST http://elasticsearch:9200/cluster_51b0cac1ff.live_20230804125536/_search?typed_keys=true&max_concurrent_shard_requests=5&ignore_unavailable=false&expand_wildcards=open&allow_no_indices=true&ignore_throttled=true&search_type=query_then_fetch&batched_reduce_size=512&ccs_minimize_roundtrips=true] returned 2 warnings: [299 Elasticsearch-7.16.1-5b38441b16b1ebb16a27c107a4c3865776e20c53 "Elasticsearch built-in security features are not enabled. Without authentication, your cluster could be accessible to anyone. See https://www.elastic.co/guide/en/elasticsearch/reference/7.16/security-minimal-setup.html to enable security."],[299 Elasticsearch-7.16.1-5b38441b16b1ebb16a27c107a4c3865776e20c53 "[ignore_throttled] parameter is deprecated because frozen indices have been deprecated. Consider cold or frozen tiers in place of frozen indices."]
2023-08-04 12:56:00,288 INFO  [com.dot.ContainerResource] (docker-java-stream-824381349) STDOUT: 12:56:00.288  WARN  client.RestClient - request [POST http://elasticsearch:9200/cluster_51b0cac1ff.live_20230804125536/_search?typed_keys=true&max_concurrent_shard_requests=5&ignore_unavailable=false&expand_wildcards=open&allow_no_indices=true&ignore_throttled=true&search_type=query_then_fetch&batched_reduce_size=512&ccs_minimize_roundtrips=true] returned 2 warnings: [299 Elasticsearch-7.16.1-5b38441b16b1ebb16a27c107a4c3865776e20c53 "Elasticsearch built-in security features are not enabled. Without authentication, your cluster could be accessible to anyone. See https://www.elastic.co/guide/en/elasticsearch/reference/7.16/security-minimal-setup.html to enable security."],[299 Elasticsearch-7.16.1-5b38441b16b1ebb16a27c107a4c3865776e20c53 "[ignore_throttled] parameter is deprecated because frozen indices have been deprecated. Consider cold or frozen tiers in place of frozen indices."]
2023-08-04 12:56:00,303 INFO  [com.dot.ContainerResource] (docker-java-stream-824381349) STDOUT: 12:56:00.301  WARN  client.RestClient - request [POST http://elasticsearch:9200/cluster_51b0cac1ff.live_20230804125536/_search?typed_keys=true&max_concurrent_shard_requests=5&ignore_unavailable=false&expand_wildcards=open&allow_no_indices=true&ignore_throttled=true&search_type=query_then_fetch&batched_reduce_size=512&ccs_minimize_roundtrips=true] returned 2 warnings: [299 Elasticsearch-7.16.1-5b38441b16b1ebb16a27c107a4c3865776e20c53 "Elasticsearch built-in security features are not enabled. Without authentication, your cluster could be accessible to anyone. See https://www.elastic.co/guide/en/elasticsearch/reference/7.16/security-minimal-setup.html to enable security."],[299 Elasticsearch-7.16.1-5b38441b16b1ebb16a27c107a4c3865776e20c53 "[ignore_throttled] parameter is deprecated because frozen indices have been deprecated. Consider cold or frozen tiers in place of frozen indices."]
2023-08-04 12:56:00,307 INFO  [com.dot.ContainerResource] (docker-java-stream-824381349) STDOUT: 12:56:00.307  WARN  client.RestClient - request [POST http://elasticsearch:9200/cluster_51b0cac1ff.live_20230804125536/_search?typed_keys=true&max_concurrent_shard_requests=5&ignore_unavailable=false&expand_wildcards=open&allow_no_indices=true&ignore_throttled=true&search_type=query_then_fetch&batched_reduce_size=512&ccs_minimize_roundtrips=true] returned 2 warnings: [299 Elasticsearch-7.16.1-5b38441b16b1ebb16a27c107a4c3865776e20c53 "Elasticsearch built-in security features are not enabled. Without authentication, your cluster could be accessible to anyone. See https://www.elastic.co/guide/en/elasticsearch/reference/7.16/security-minimal-setup.html to enable security."],[299 Elasticsearch-7.16.1-5b38441b16b1ebb16a27c107a4c3865776e20c53 "[ignore_throttled] parameter is deprecated because frozen indices have been deprecated. Consider cold or frozen tiers in place of frozen indices."]
2023-08-04 12:56:00,312 INFO  [com.dot.ContainerResource] (docker-java-stream-824381349) STDOUT: 12:56:00.311  WARN  client.RestClient - request [POST http://elasticsearch:9200/cluster_51b0cac1ff.live_20230804125536/_search?typed_keys=true&max_concurrent_shard_requests=5&ignore_unavailable=false&expand_wildcards=open&allow_no_indices=true&ignore_throttled=true&search_type=query_then_fetch&batched_reduce_size=512&ccs_minimize_roundtrips=true] returned 2 warnings: [299 Elasticsearch-7.16.1-5b38441b16b1ebb16a27c107a4c3865776e20c53 "Elasticsearch built-in security features are not enabled. Without authentication, your cluster could be accessible to anyone. See https://www.elastic.co/guide/en/elasticsearch/reference/7.16/security-minimal-setup.html to enable security."],[299 Elasticsearch-7.16.1-5b38441b16b1ebb16a27c107a4c3865776e20c53 "[ignore_throttled] parameter is deprecated because frozen indices have been deprecated. Consider cold or frozen tiers in place of frozen indices."]
2023-08-04 12:56:00,317 INFO  [com.dot.ContainerResource] (docker-java-stream-824381349) STDOUT: 12:56:00.317  WARN  client.RestClient - request [POST http://elasticsearch:9200/cluster_51b0cac1ff.live_20230804125536/_search?typed_keys=true&max_concurrent_shard_requests=5&ignore_unavailable=false&expand_wildcards=open&allow_no_indices=true&ignore_throttled=true&search_type=query_then_fetch&batched_reduce_size=512&ccs_minimize_roundtrips=true] returned 2 warnings: [299 Elasticsearch-7.16.1-5b38441b16b1ebb16a27c107a4c3865776e20c53 "Elasticsearch built-in security features are not enabled. Without authentication, your cluster could be accessible to anyone. See https://www.elastic.co/guide/en/elasticsearch/reference/7.16/security-minimal-setup.html to enable security."],[299 Elasticsearch-7.16.1-5b38441b16b1ebb16a27c107a4c3865776e20c53 "[ignore_throttled] parameter is deprecated because frozen indices have been deprecated. Consider cold or frozen tiers in place of frozen indices."]
2023-08-04 12:56:00,325 INFO  [com.dot.ContainerResource] (docker-java-stream-824381349) STDOUT: 12:56:00.324  WARN  client.RestClient - request [POST http://elasticsearch:9200/cluster_51b0cac1ff.live_20230804125536/_search?typed_keys=true&max_concurrent_shard_requests=5&ignore_unavailable=false&expand_wildcards=open&allow_no_indices=true&ignore_throttled=true&search_type=query_then_fetch&batched_reduce_size=512&ccs_minimize_roundtrips=true] returned 2 warnings: [299 Elasticsearch-7.16.1-5b38441b16b1ebb16a27c107a4c3865776e20c53 "Elasticsearch built-in security features are not enabled. Without authentication, your cluster could be accessible to anyone. See https://www.elastic.co/guide/en/elasticsearch/reference/7.16/security-minimal-setup.html to enable security."],[299 Elasticsearch-7.16.1-5b38441b16b1ebb16a27c107a4c3865776e20c53 "[ignore_throttled] parameter is deprecated because frozen indices have been deprecated. Consider cold or frozen tiers in place of frozen indices."]
2023-08-04 12:56:00,353 INFO  [com.dot.ContainerResource] (docker-java-stream-824381349) STDOUT: 12:56:00.352  WARN  client.RestClient - request [POST http://elasticsearch:9200/cluster_51b0cac1ff.live_20230804125536/_search?typed_keys=true&max_concurrent_shard_requests=5&ignore_unavailable=false&expand_wildcards=open&allow_no_indices=true&ignore_throttled=true&search_type=query_then_fetch&batched_reduce_size=512&ccs_minimize_roundtrips=true] returned 2 warnings: [299 Elasticsearch-7.16.1-5b38441b16b1ebb16a27c107a4c3865776e20c53 "Elasticsearch built-in security features are not enabled. Without authentication, your cluster could be accessible to anyone. See https://www.elastic.co/guide/en/elasticsearch/reference/7.16/security-minimal-setup.html to enable security."],[299 Elasticsearch-7.16.1-5b38441b16b1ebb16a27c107a4c3865776e20c53 "[ignore_throttled] parameter is deprecated because frozen indices have been deprecated. Consider cold or frozen tiers in place of frozen indices."]
2023-08-04 12:56:00,365 INFO  [com.dot.ContainerResource] (docker-java-stream-824381349) STDOUT: 12:56:00.364  WARN  client.RestClient - request [POST http://elasticsearch:9200/cluster_51b0cac1ff.live_20230804125536/_search?typed_keys=true&max_concurrent_shard_requests=5&ignore_unavailable=false&expand_wildcards=open&allow_no_indices=true&ignore_throttled=true&search_type=query_then_fetch&batched_reduce_size=512&ccs_minimize_roundtrips=true] returned 2 warnings: [299 Elasticsearch-7.16.1-5b38441b16b1ebb16a27c107a4c3865776e20c53 "Elasticsearch built-in security features are not enabled. Without authentication, your cluster could be accessible to anyone. See https://www.elastic.co/guide/en/elasticsearch/reference/7.16/security-minimal-setup.html to enable security."],[299 Elasticsearch-7.16.1-5b38441b16b1ebb16a27c107a4c3865776e20c53 "[ignore_throttled] parameter is deprecated because frozen indices have been deprecated. Consider cold or frozen tiers in place of frozen indices."]
2023-08-04 12:56:00,374 INFO  [com.dot.ContainerResource] (docker-java-stream-824381349) STDOUT: 12:56:00.373  WARN  client.RestClient - request [POST http://elasticsearch:9200/cluster_51b0cac1ff.live_20230804125536/_search?typed_keys=true&max_concurrent_shard_requests=5&ignore_unavailable=false&expand_wildcards=open&allow_no_indices=true&ignore_throttled=true&search_type=query_then_fetch&batched_reduce_size=512&ccs_minimize_roundtrips=true] returned 2 warnings: [299 Elasticsearch-7.16.1-5b38441b16b1ebb16a27c107a4c3865776e20c53 "Elasticsearch built-in security features are not enabled. Without authentication, your cluster could be accessible to anyone. See https://www.elastic.co/guide/en/elasticsearch/reference/7.16/security-minimal-setup.html to enable security."],[299 Elasticsearch-7.16.1-5b38441b16b1ebb16a27c107a4c3865776e20c53 "[ignore_throttled] parameter is deprecated because frozen indices have been deprecated. Consider cold or frozen tiers in place of frozen indices."]
2023-08-04 12:56:00,380 INFO  [com.dot.ContainerResource] (docker-java-stream-824381349) STDOUT: 12:56:00.380  WARN  client.RestClient - request [POST http://elasticsearch:9200/cluster_51b0cac1ff.live_20230804125536/_search?typed_keys=true&max_concurrent_shard_requests=5&ignore_unavailable=false&expand_wildcards=open&allow_no_indices=true&ignore_throttled=true&search_type=query_then_fetch&batched_reduce_size=512&ccs_minimize_roundtrips=true] returned 2 warnings: [299 Elasticsearch-7.16.1-5b38441b16b1ebb16a27c107a4c3865776e20c53 "Elasticsearch built-in security features are not enabled. Without authentication, your cluster could be accessible to anyone. See https://www.elastic.co/guide/en/elasticsearch/reference/7.16/security-minimal-setup.html to enable security."],[299 Elasticsearch-7.16.1-5b38441b16b1ebb16a27c107a4c3865776e20c53 "[ignore_throttled] parameter is deprecated because frozen indices have been deprecated. Consider cold or frozen tiers in place of frozen indices."]
2023-08-04 12:56:00,387 INFO  [com.dot.ContainerResource] (docker-java-stream-824381349) STDOUT: 12:56:00.386  WARN  client.RestClient - request [POST http://elasticsearch:9200/cluster_51b0cac1ff.live_20230804125536/_search?typed_keys=true&max_concurrent_shard_requests=5&ignore_unavailable=false&expand_wildcards=open&allow_no_indices=true&ignore_throttled=true&search_type=query_then_fetch&batched_reduce_size=512&ccs_minimize_roundtrips=true] returned 2 warnings: [299 Elasticsearch-7.16.1-5b38441b16b1ebb16a27c107a4c3865776e20c53 "Elasticsearch built-in security features are not enabled. Without authentication, your cluster could be accessible to anyone. See https://www.elastic.co/guide/en/elasticsearch/reference/7.16/security-minimal-setup.html to enable security."],[299 Elasticsearch-7.16.1-5b38441b16b1ebb16a27c107a4c3865776e20c53 "[ignore_throttled] parameter is deprecated because frozen indices have been deprecated. Consider cold or frozen tiers in place of frozen indices."]
2023-08-04 12:56:00,399 INFO  [com.dot.ContainerResource] (docker-java-stream-824381349) STDOUT: 12:56:00.398  WARN  client.RestClient - request [POST http://elasticsearch:9200/cluster_51b0cac1ff.live_20230804125536/_search?typed_keys=true&max_concurrent_shard_requests=5&ignore_unavailable=false&expand_wildcards=open&allow_no_indices=true&ignore_throttled=true&search_type=query_then_fetch&batched_reduce_size=512&ccs_minimize_roundtrips=true] returned 2 warnings: [299 Elasticsearch-7.16.1-5b38441b16b1ebb16a27c107a4c3865776e20c53 "Elasticsearch built-in security features are not enabled. Without authentication, your cluster could be accessible to anyone. See https://www.elastic.co/guide/en/elasticsearch/reference/7.16/security-minimal-setup.html to enable security."],[299 Elasticsearch-7.16.1-5b38441b16b1ebb16a27c107a4c3865776e20c53 "[ignore_throttled] parameter is deprecated because frozen indices have been deprecated. Consider cold or frozen tiers in place of frozen indices."]
2023-08-04 12:56:00,404 INFO  [com.dot.ContainerResource] (docker-java-stream-824381349) STDOUT: 12:56:00.404  WARN  client.RestClient - request [POST http://elasticsearch:9200/cluster_51b0cac1ff.live_20230804125536/_search?typed_keys=true&max_concurrent_shard_requests=5&ignore_unavailable=false&expand_wildcards=open&allow_no_indices=true&ignore_throttled=true&search_type=query_then_fetch&batched_reduce_size=512&ccs_minimize_roundtrips=true] returned 2 warnings: [299 Elasticsearch-7.16.1-5b38441b16b1ebb16a27c107a4c3865776e20c53 "Elasticsearch built-in security features are not enabled. Without authentication, your cluster could be accessible to anyone. See https://www.elastic.co/guide/en/elasticsearch/reference/7.16/security-minimal-setup.html to enable security."],[299 Elasticsearch-7.16.1-5b38441b16b1ebb16a27c107a4c3865776e20c53 "[ignore_throttled] parameter is deprecated because frozen indices have been deprecated. Consider cold or frozen tiers in place of frozen indices."]
2023-08-04 12:56:00,411 INFO  [com.dot.ContainerResource] (docker-java-stream-824381349) STDOUT: 12:56:00.410  WARN  client.RestClient - request [POST http://elasticsearch:9200/cluster_51b0cac1ff.live_20230804125536/_search?typed_keys=true&max_concurrent_shard_requests=5&ignore_unavailable=false&expand_wildcards=open&allow_no_indices=true&ignore_throttled=true&search_type=query_then_fetch&batched_reduce_size=512&ccs_minimize_roundtrips=true] returned 2 warnings: [299 Elasticsearch-7.16.1-5b38441b16b1ebb16a27c107a4c3865776e20c53 "Elasticsearch built-in security features are not enabled. Without authentication, your cluster could be accessible to anyone. See https://www.elastic.co/guide/en/elasticsearch/reference/7.16/security-minimal-setup.html to enable security."],[299 Elasticsearch-7.16.1-5b38441b16b1ebb16a27c107a4c3865776e20c53 "[ignore_throttled] parameter is deprecated because frozen indices have been deprecated. Consider cold or frozen tiers in place of frozen indices."]
2023-08-04 12:56:00,415 INFO  [com.dot.ContainerResource] (docker-java-stream-824381349) STDOUT: 12:56:00.415  WARN  client.RestClient - request [POST http://elasticsearch:9200/cluster_51b0cac1ff.live_20230804125536/_search?typed_keys=true&max_concurrent_shard_requests=5&ignore_unavailable=false&expand_wildcards=open&allow_no_indices=true&ignore_throttled=true&search_type=query_then_fetch&batched_reduce_size=512&ccs_minimize_roundtrips=true] returned 2 warnings: [299 Elasticsearch-7.16.1-5b38441b16b1ebb16a27c107a4c3865776e20c53 "Elasticsearch built-in security features are not enabled. Without authentication, your cluster could be accessible to anyone. See https://www.elastic.co/guide/en/elasticsearch/reference/7.16/security-minimal-setup.html to enable security."],[299 Elasticsearch-7.16.1-5b38441b16b1ebb16a27c107a4c3865776e20c53 "[ignore_throttled] parameter is deprecated because frozen indices have been deprecated. Consider cold or frozen tiers in place of frozen indices."]
2023-08-04 12:56:00,425 INFO  [com.dot.ContainerResource] (docker-java-stream-824381349) STDOUT: 12:56:00.424  WARN  client.RestClient - request [POST http://elasticsearch:9200/cluster_51b0cac1ff.live_20230804125536/_search?typed_keys=true&max_concurrent_shard_requests=5&ignore_unavailable=false&expand_wildcards=open&allow_no_indices=true&ignore_throttled=true&search_type=query_then_fetch&batched_reduce_size=512&ccs_minimize_roundtrips=true] returned 2 warnings: [299 Elasticsearch-7.16.1-5b38441b16b1ebb16a27c107a4c3865776e20c53 "Elasticsearch built-in security features are not enabled. Without authentication, your cluster could be accessible to anyone. See https://www.elastic.co/guide/en/elasticsearch/reference/7.16/security-minimal-setup.html to enable security."],[299 Elasticsearch-7.16.1-5b38441b16b1ebb16a27c107a4c3865776e20c53 "[ignore_throttled] parameter is deprecated because frozen indices have been deprecated. Consider cold or frozen tiers in place of frozen indices."]
2023-08-04 12:56:00,432 INFO  [com.dot.ContainerResource] (docker-java-stream-824381349) STDOUT: 12:56:00.431  WARN  client.RestClient - request [POST http://elasticsearch:9200/cluster_51b0cac1ff.live_20230804125536/_search?typed_keys=true&max_concurrent_shard_requests=5&ignore_unavailable=false&expand_wildcards=open&allow_no_indices=true&ignore_throttled=true&search_type=query_then_fetch&batched_reduce_size=512&ccs_minimize_roundtrips=true] returned 2 warnings: [299 Elasticsearch-7.16.1-5b38441b16b1ebb16a27c107a4c3865776e20c53 "Elasticsearch built-in security features are not enabled. Without authentication, your cluster could be accessible to anyone. See https://www.elastic.co/guide/en/elasticsearch/reference/7.16/security-minimal-setup.html to enable security."],[299 Elasticsearch-7.16.1-5b38441b16b1ebb16a27c107a4c3865776e20c53 "[ignore_throttled] parameter is deprecated because frozen indices have been deprecated. Consider cold or frozen tiers in place of frozen indices."]
2023-08-04 12:56:00,439 INFO  [com.dot.ContainerResource] (docker-java-stream-824381349) STDOUT: 12:56:00.438  WARN  client.RestClient - request [POST http://elasticsearch:9200/cluster_51b0cac1ff.live_20230804125536/_search?typed_keys=true&max_concurrent_shard_requests=5&ignore_unavailable=false&expand_wildcards=open&allow_no_indices=true&ignore_throttled=true&search_type=query_then_fetch&batched_reduce_size=512&ccs_minimize_roundtrips=true] returned 2 warnings: [299 Elasticsearch-7.16.1-5b38441b16b1ebb16a27c107a4c3865776e20c53 "Elasticsearch built-in security features are not enabled. Without authentication, your cluster could be accessible to anyone. See https://www.elastic.co/guide/en/elasticsearch/reference/7.16/security-minimal-setup.html to enable security."],[299 Elasticsearch-7.16.1-5b38441b16b1ebb16a27c107a4c3865776e20c53 "[ignore_throttled] parameter is deprecated because frozen indices have been deprecated. Consider cold or frozen tiers in place of frozen indices."]
2023-08-04 12:56:00,445 INFO  [com.dot.ContainerResource] (docker-java-stream-824381349) STDOUT: 12:56:00.445  WARN  client.RestClient - request [POST http://elasticsearch:9200/cluster_51b0cac1ff.live_20230804125536/_search?typed_keys=true&max_concurrent_shard_requests=5&ignore_unavailable=false&expand_wildcards=open&allow_no_indices=true&ignore_throttled=true&search_type=query_then_fetch&batched_reduce_size=512&ccs_minimize_roundtrips=true] returned 2 warnings: [299 Elasticsearch-7.16.1-5b38441b16b1ebb16a27c107a4c3865776e20c53 "Elasticsearch built-in security features are not enabled. Without authentication, your cluster could be accessible to anyone. See https://www.elastic.co/guide/en/elasticsearch/reference/7.16/security-minimal-setup.html to enable security."],[299 Elasticsearch-7.16.1-5b38441b16b1ebb16a27c107a4c3865776e20c53 "[ignore_throttled] parameter is deprecated because frozen indices have been deprecated. Consider cold or frozen tiers in place of frozen indices."]
2023-08-04 12:56:00,451 INFO  [com.dot.ContainerResource] (docker-java-stream-824381349) STDOUT: 12:56:00.451  WARN  client.RestClient - request [POST http://elasticsearch:9200/cluster_51b0cac1ff.live_20230804125536/_search?typed_keys=true&max_concurrent_shard_requests=5&ignore_unavailable=false&expand_wildcards=open&allow_no_indices=true&ignore_throttled=true&search_type=query_then_fetch&batched_reduce_size=512&ccs_minimize_roundtrips=true] returned 2 warnings: [299 Elasticsearch-7.16.1-5b38441b16b1ebb16a27c107a4c3865776e20c53 "Elasticsearch built-in security features are not enabled. Without authentication, your cluster could be accessible to anyone. See https://www.elastic.co/guide/en/elasticsearch/reference/7.16/security-minimal-setup.html to enable security."],[299 Elasticsearch-7.16.1-5b38441b16b1ebb16a27c107a4c3865776e20c53 "[ignore_throttled] parameter is deprecated because frozen indices have been deprecated. Consider cold or frozen tiers in place of frozen indices."]
2023-08-04 12:56:00,463 INFO  [com.dot.ContainerResource] (docker-java-stream-824381349) STDOUT: 12:56:00.463  WARN  client.RestClient - request [POST http://elasticsearch:9200/cluster_51b0cac1ff.live_20230804125536/_search?typed_keys=true&max_concurrent_shard_requests=5&ignore_unavailable=false&expand_wildcards=open&allow_no_indices=true&ignore_throttled=true&search_type=query_then_fetch&batched_reduce_size=512&ccs_minimize_roundtrips=true] returned 2 warnings: [299 Elasticsearch-7.16.1-5b38441b16b1ebb16a27c107a4c3865776e20c53 "Elasticsearch built-in security features are not enabled. Without authentication, your cluster could be accessible to anyone. See https://www.elastic.co/guide/en/elasticsearch/reference/7.16/security-minimal-setup.html to enable security."],[299 Elasticsearch-7.16.1-5b38441b16b1ebb16a27c107a4c3865776e20c53 "[ignore_throttled] parameter is deprecated because frozen indices have been deprecated. Consider cold or frozen tiers in place of frozen indices."]
2023-08-04 12:56:00,475 INFO  [com.dot.ContainerResource] (docker-java-stream-824381349) STDOUT: 12:56:00.472  WARN  client.RestClient - request [POST http://elasticsearch:9200/cluster_51b0cac1ff.live_20230804125536/_search?typed_keys=true&max_concurrent_shard_requests=5&ignore_unavailable=false&expand_wildcards=open&allow_no_indices=true&ignore_throttled=true&search_type=query_then_fetch&batched_reduce_size=512&ccs_minimize_roundtrips=true] returned 2 warnings: [299 Elasticsearch-7.16.1-5b38441b16b1ebb16a27c107a4c3865776e20c53 "Elasticsearch built-in security features are not enabled. Without authentication, your cluster could be accessible to anyone. See https://www.elastic.co/guide/en/elasticsearch/reference/7.16/security-minimal-setup.html to enable security."],[299 Elasticsearch-7.16.1-5b38441b16b1ebb16a27c107a4c3865776e20c53 "[ignore_throttled] parameter is deprecated because frozen indices have been deprecated. Consider cold or frozen tiers in place of frozen indices."]
2023-08-04 12:56:00,483 INFO  [com.dot.ContainerResource] (docker-java-stream-824381349) STDOUT: 12:56:00.482  WARN  client.RestClient - request [POST http://elasticsearch:9200/cluster_51b0cac1ff.live_20230804125536/_search?typed_keys=true&max_concurrent_shard_requests=5&ignore_unavailable=false&expand_wildcards=open&allow_no_indices=true&ignore_throttled=true&search_type=query_then_fetch&batched_reduce_size=512&ccs_minimize_roundtrips=true] returned 2 warnings: [299 Elasticsearch-7.16.1-5b38441b16b1ebb16a27c107a4c3865776e20c53 "Elasticsearch built-in security features are not enabled. Without authentication, your cluster could be accessible to anyone. See https://www.elastic.co/guide/en/elasticsearch/reference/7.16/security-minimal-setup.html to enable security."],[299 Elasticsearch-7.16.1-5b38441b16b1ebb16a27c107a4c3865776e20c53 "[ignore_throttled] parameter is deprecated because frozen indices have been deprecated. Consider cold or frozen tiers in place of frozen indices."]
2023-08-04 12:56:00,488 INFO  [com.dot.ContainerResource] (docker-java-stream-824381349) STDOUT: 12:56:00.488  WARN  client.RestClient - request [POST http://elasticsearch:9200/cluster_51b0cac1ff.live_20230804125536/_search?typed_keys=true&max_concurrent_shard_requests=5&ignore_unavailable=false&expand_wildcards=open&allow_no_indices=true&ignore_throttled=true&search_type=query_then_fetch&batched_reduce_size=512&ccs_minimize_roundtrips=true] returned 2 warnings: [299 Elasticsearch-7.16.1-5b38441b16b1ebb16a27c107a4c3865776e20c53 "Elasticsearch built-in security features are not enabled. Without authentication, your cluster could be accessible to anyone. See https://www.elastic.co/guide/en/elasticsearch/reference/7.16/security-minimal-setup.html to enable security."],[299 Elasticsearch-7.16.1-5b38441b16b1ebb16a27c107a4c3865776e20c53 "[ignore_throttled] parameter is deprecated because frozen indices have been deprecated. Consider cold or frozen tiers in place of frozen indices."]
2023-08-04 12:56:00,497 INFO  [com.dot.ContainerResource] (docker-java-stream-824381349) STDOUT: 12:56:00.496  WARN  client.RestClient - request [POST http://elasticsearch:9200/cluster_51b0cac1ff.live_20230804125536/_search?typed_keys=true&max_concurrent_shard_requests=5&ignore_unavailable=false&expand_wildcards=open&allow_no_indices=true&ignore_throttled=true&search_type=query_then_fetch&batched_reduce_size=512&ccs_minimize_roundtrips=true] returned 2 warnings: [299 Elasticsearch-7.16.1-5b38441b16b1ebb16a27c107a4c3865776e20c53 "Elasticsearch built-in security features are not enabled. Without authentication, your cluster could be accessible to anyone. See https://www.elastic.co/guide/en/elasticsearch/reference/7.16/security-minimal-setup.html to enable security."],[299 Elasticsearch-7.16.1-5b38441b16b1ebb16a27c107a4c3865776e20c53 "[ignore_throttled] parameter is deprecated because frozen indices have been deprecated. Consider cold or frozen tiers in place of frozen indices."]
2023-08-04 12:56:00,505 INFO  [com.dot.ContainerResource] (docker-java-stream-824381349) STDOUT: 12:56:00.505  WARN  client.RestClient - request [POST http://elasticsearch:9200/cluster_51b0cac1ff.live_20230804125536/_search?typed_keys=true&max_concurrent_shard_requests=5&ignore_unavailable=false&expand_wildcards=open&allow_no_indices=true&ignore_throttled=true&search_type=query_then_fetch&batched_reduce_size=512&ccs_minimize_roundtrips=true] returned 2 warnings: [299 Elasticsearch-7.16.1-5b38441b16b1ebb16a27c107a4c3865776e20c53 "Elasticsearch built-in security features are not enabled. Without authentication, your cluster could be accessible to anyone. See https://www.elastic.co/guide/en/elasticsearch/reference/7.16/security-minimal-setup.html to enable security."],[299 Elasticsearch-7.16.1-5b38441b16b1ebb16a27c107a4c3865776e20c53 "[ignore_throttled] parameter is deprecated because frozen indices have been deprecated. Consider cold or frozen tiers in place of frozen indices."]
2023-08-04 12:56:00,510 INFO  [com.dot.ContainerResource] (docker-java-stream-824381349) STDOUT: 12:56:00.510  WARN  client.RestClient - request [POST http://elasticsearch:9200/cluster_51b0cac1ff.live_20230804125536/_search?typed_keys=true&max_concurrent_shard_requests=5&ignore_unavailable=false&expand_wildcards=open&allow_no_indices=true&ignore_throttled=true&search_type=query_then_fetch&batched_reduce_size=512&ccs_minimize_roundtrips=true] returned 2 warnings: [299 Elasticsearch-7.16.1-5b38441b16b1ebb16a27c107a4c3865776e20c53 "Elasticsearch built-in security features are not enabled. Without authentication, your cluster could be accessible to anyone. See https://www.elastic.co/guide/en/elasticsearch/reference/7.16/security-minimal-setup.html to enable security."],[299 Elasticsearch-7.16.1-5b38441b16b1ebb16a27c107a4c3865776e20c53 "[ignore_throttled] parameter is deprecated because frozen indices have been deprecated. Consider cold or frozen tiers in place of frozen indices."]
2023-08-04 12:56:00,528 INFO  [com.dot.ContainerResource] (docker-java-stream-824381349) STDOUT: 12:56:00.517  WARN  client.RestClient - request [POST http://elasticsearch:9200/cluster_51b0cac1ff.live_20230804125536/_search?typed_keys=true&max_concurrent_shard_requests=5&ignore_unavailable=false&expand_wildcards=open&allow_no_indices=true&ignore_throttled=true&search_type=query_then_fetch&batched_reduce_size=512&ccs_minimize_roundtrips=true] returned 2 warnings: [299 Elasticsearch-7.16.1-5b38441b16b1ebb16a27c107a4c3865776e20c53 "Elasticsearch built-in security features are not enabled. Without authentication, your cluster could be accessible to anyone. See https://www.elastic.co/guide/en/elasticsearch/reference/7.16/security-minimal-setup.html to enable security."],[299 Elasticsearch-7.16.1-5b38441b16b1ebb16a27c107a4c3865776e20c53 "[ignore_throttled] parameter is deprecated because frozen indices have been deprecated. Consider cold or frozen tiers in place of frozen indices."]
2023-08-04 12:56:00,547 INFO  [com.dot.ContainerResource] (docker-java-stream-824381349) STDOUT: 12:56:00.536  WARN  client.RestClient - request [POST http://elasticsearch:9200/cluster_51b0cac1ff.live_20230804125536/_search?typed_keys=true&max_concurrent_shard_requests=5&ignore_unavailable=false&expand_wildcards=open&allow_no_indices=true&ignore_throttled=true&search_type=query_then_fetch&batched_reduce_size=512&ccs_minimize_roundtrips=true] returned 2 warnings: [299 Elasticsearch-7.16.1-5b38441b16b1ebb16a27c107a4c3865776e20c53 "Elasticsearch built-in security features are not enabled. Without authentication, your cluster could be accessible to anyone. See https://www.elastic.co/guide/en/elasticsearch/reference/7.16/security-minimal-setup.html to enable security."],[299 Elasticsearch-7.16.1-5b38441b16b1ebb16a27c107a4c3865776e20c53 "[ignore_throttled] parameter is deprecated because frozen indices have been deprecated. Consider cold or frozen tiers in place of frozen indices."]
2023-08-04 12:56:00,553 INFO  [com.dot.ContainerResource] (docker-java-stream-824381349) STDOUT: 12:56:00.552  WARN  client.RestClient - request [POST http://elasticsearch:9200/cluster_51b0cac1ff.live_20230804125536/_search?typed_keys=true&max_concurrent_shard_requests=5&ignore_unavailable=false&expand_wildcards=open&allow_no_indices=true&ignore_throttled=true&search_type=query_then_fetch&batched_reduce_size=512&ccs_minimize_roundtrips=true] returned 2 warnings: [299 Elasticsearch-7.16.1-5b38441b16b1ebb16a27c107a4c3865776e20c53 "Elasticsearch built-in security features are not enabled. Without authentication, your cluster could be accessible to anyone. See https://www.elastic.co/guide/en/elasticsearch/reference/7.16/security-minimal-setup.html to enable security."],[299 Elasticsearch-7.16.1-5b38441b16b1ebb16a27c107a4c3865776e20c53 "[ignore_throttled] parameter is deprecated because frozen indices have been deprecated. Consider cold or frozen tiers in place of frozen indices."]
2023-08-04 12:56:00,562 INFO  [com.dot.ContainerResource] (docker-java-stream-824381349) STDOUT: 12:56:00.560  WARN  client.RestClient - request [POST http://elasticsearch:9200/cluster_51b0cac1ff.live_20230804125536/_search?typed_keys=true&max_concurrent_shard_requests=5&ignore_unavailable=false&expand_wildcards=open&allow_no_indices=true&ignore_throttled=true&search_type=query_then_fetch&batched_reduce_size=512&ccs_minimize_roundtrips=true] returned 2 warnings: [299 Elasticsearch-7.16.1-5b38441b16b1ebb16a27c107a4c3865776e20c53 "Elasticsearch built-in security features are not enabled. Without authentication, your cluster could be accessible to anyone. See https://www.elastic.co/guide/en/elasticsearch/reference/7.16/security-minimal-setup.html to enable security."],[299 Elasticsearch-7.16.1-5b38441b16b1ebb16a27c107a4c3865776e20c53 "[ignore_throttled] parameter is deprecated because frozen indices have been deprecated. Consider cold or frozen tiers in place of frozen indices."]
2023-08-04 12:56:00,579 INFO  [com.dot.ContainerResource] (docker-java-stream-824381349) STDOUT: 12:56:00.576  WARN  client.RestClient - request [POST http://elasticsearch:9200/cluster_51b0cac1ff.live_20230804125536/_search?typed_keys=true&max_concurrent_shard_requests=5&ignore_unavailable=false&expand_wildcards=open&allow_no_indices=true&ignore_throttled=true&search_type=query_then_fetch&batched_reduce_size=512&ccs_minimize_roundtrips=true] returned 2 warnings: [299 Elasticsearch-7.16.1-5b38441b16b1ebb16a27c107a4c3865776e20c53 "Elasticsearch built-in security features are not enabled. Without authentication, your cluster could be accessible to anyone. See https://www.elastic.co/guide/en/elasticsearch/reference/7.16/security-minimal-setup.html to enable security."],[299 Elasticsearch-7.16.1-5b38441b16b1ebb16a27c107a4c3865776e20c53 "[ignore_throttled] parameter is deprecated because frozen indices have been deprecated. Consider cold or frozen tiers in place of frozen indices."]
2023-08-04 12:56:00,587 INFO  [com.dot.ContainerResource] (docker-java-stream-824381349) STDOUT: 12:56:00.586  WARN  client.RestClient - request [POST http://elasticsearch:9200/cluster_51b0cac1ff.live_20230804125536/_search?typed_keys=true&max_concurrent_shard_requests=5&ignore_unavailable=false&expand_wildcards=open&allow_no_indices=true&ignore_throttled=true&search_type=query_then_fetch&batched_reduce_size=512&ccs_minimize_roundtrips=true] returned 2 warnings: [299 Elasticsearch-7.16.1-5b38441b16b1ebb16a27c107a4c3865776e20c53 "Elasticsearch built-in security features are not enabled. Without authentication, your cluster could be accessible to anyone. See https://www.elastic.co/guide/en/elasticsearch/reference/7.16/security-minimal-setup.html to enable security."],[299 Elasticsearch-7.16.1-5b38441b16b1ebb16a27c107a4c3865776e20c53 "[ignore_throttled] parameter is deprecated because frozen indices have been deprecated. Consider cold or frozen tiers in place of frozen indices."]
2023-08-04 12:56:00,594 INFO  [com.dot.ContainerResource] (docker-java-stream-824381349) STDOUT: 12:56:00.594  WARN  client.RestClient - request [POST http://elasticsearch:9200/cluster_51b0cac1ff.live_20230804125536/_search?typed_keys=true&max_concurrent_shard_requests=5&ignore_unavailable=false&expand_wildcards=open&allow_no_indices=true&ignore_throttled=true&search_type=query_then_fetch&batched_reduce_size=512&ccs_minimize_roundtrips=true] returned 2 warnings: [299 Elasticsearch-7.16.1-5b38441b16b1ebb16a27c107a4c3865776e20c53 "Elasticsearch built-in security features are not enabled. Without authentication, your cluster could be accessible to anyone. See https://www.elastic.co/guide/en/elasticsearch/reference/7.16/security-minimal-setup.html to enable security."],[299 Elasticsearch-7.16.1-5b38441b16b1ebb16a27c107a4c3865776e20c53 "[ignore_throttled] parameter is deprecated because frozen indices have been deprecated. Consider cold or frozen tiers in place of frozen indices."]
2023-08-04 12:56:00,604 INFO  [com.dot.ContainerResource] (docker-java-stream-824381349) STDOUT: 12:56:00.603  WARN  client.RestClient - request [POST http://elasticsearch:9200/cluster_51b0cac1ff.live_20230804125536/_search?typed_keys=true&max_concurrent_shard_requests=5&ignore_unavailable=false&expand_wildcards=open&allow_no_indices=true&ignore_throttled=true&search_type=query_then_fetch&batched_reduce_size=512&ccs_minimize_roundtrips=true] returned 2 warnings: [299 Elasticsearch-7.16.1-5b38441b16b1ebb16a27c107a4c3865776e20c53 "Elasticsearch built-in security features are not enabled. Without authentication, your cluster could be accessible to anyone. See https://www.elastic.co/guide/en/elasticsearch/reference/7.16/security-minimal-setup.html to enable security."],[299 Elasticsearch-7.16.1-5b38441b16b1ebb16a27c107a4c3865776e20c53 "[ignore_throttled] parameter is deprecated because frozen indices have been deprecated. Consider cold or frozen tiers in place of frozen indices."]
2023-08-04 12:56:00,615 INFO  [com.dot.ContainerResource] (docker-java-stream-824381349) STDOUT: 12:56:00.613  WARN  client.RestClient - request [POST http://elasticsearch:9200/cluster_51b0cac1ff.live_20230804125536/_search?typed_keys=true&max_concurrent_shard_requests=5&ignore_unavailable=false&expand_wildcards=open&allow_no_indices=true&ignore_throttled=true&search_type=query_then_fetch&batched_reduce_size=512&ccs_minimize_roundtrips=true] returned 2 warnings: [299 Elasticsearch-7.16.1-5b38441b16b1ebb16a27c107a4c3865776e20c53 "Elasticsearch built-in security features are not enabled. Without authentication, your cluster could be accessible to anyone. See https://www.elastic.co/guide/en/elasticsearch/reference/7.16/security-minimal-setup.html to enable security."],[299 Elasticsearch-7.16.1-5b38441b16b1ebb16a27c107a4c3865776e20c53 "[ignore_throttled] parameter is deprecated because frozen indices have been deprecated. Consider cold or frozen tiers in place of frozen indices."]
2023-08-04 12:56:00,635 INFO  [com.dot.ContainerResource] (docker-java-stream-824381349) STDOUT: 12:56:00.633  WARN  client.RestClient - request [POST http://elasticsearch:9200/cluster_51b0cac1ff.live_20230804125536/_search?typed_keys=true&max_concurrent_shard_requests=5&ignore_unavailable=false&expand_wildcards=open&allow_no_indices=true&ignore_throttled=true&search_type=query_then_fetch&batched_reduce_size=512&ccs_minimize_roundtrips=true] returned 2 warnings: [299 Elasticsearch-7.16.1-5b38441b16b1ebb16a27c107a4c3865776e20c53 "Elasticsearch built-in security features are not enabled. Without authentication, your cluster could be accessible to anyone. See https://www.elastic.co/guide/en/elasticsearch/reference/7.16/security-minimal-setup.html to enable security."],[299 Elasticsearch-7.16.1-5b38441b16b1ebb16a27c107a4c3865776e20c53 "[ignore_throttled] parameter is deprecated because frozen indices have been deprecated. Consider cold or frozen tiers in place of frozen indices."]
2023-08-04 12:56:00,655 INFO  [com.dot.ContainerResource] (docker-java-stream-824381349) STDOUT: 12:56:00.653  WARN  client.RestClient - request [POST http://elasticsearch:9200/cluster_51b0cac1ff.live_20230804125536/_search?typed_keys=true&max_concurrent_shard_requests=5&ignore_unavailable=false&expand_wildcards=open&allow_no_indices=true&ignore_throttled=true&search_type=query_then_fetch&batched_reduce_size=512&ccs_minimize_roundtrips=true] returned 2 warnings: [299 Elasticsearch-7.16.1-5b38441b16b1ebb16a27c107a4c3865776e20c53 "Elasticsearch built-in security features are not enabled. Without authentication, your cluster could be accessible to anyone. See https://www.elastic.co/guide/en/elasticsearch/reference/7.16/security-minimal-setup.html to enable security."],[299 Elasticsearch-7.16.1-5b38441b16b1ebb16a27c107a4c3865776e20c53 "[ignore_throttled] parameter is deprecated because frozen indices have been deprecated. Consider cold or frozen tiers in place of frozen indices."]
2023-08-04 12:56:00,662 INFO  [com.dot.ContainerResource] (docker-java-stream-824381349) STDOUT: 12:56:00.660  WARN  client.RestClient - request [POST http://elasticsearch:9200/cluster_51b0cac1ff.live_20230804125536/_search?typed_keys=true&max_concurrent_shard_requests=5&ignore_unavailable=false&expand_wildcards=open&allow_no_indices=true&ignore_throttled=true&search_type=query_then_fetch&batched_reduce_size=512&ccs_minimize_roundtrips=true] returned 2 warnings: [299 Elasticsearch-7.16.1-5b38441b16b1ebb16a27c107a4c3865776e20c53 "Elasticsearch built-in security features are not enabled. Without authentication, your cluster could be accessible to anyone. See https://www.elastic.co/guide/en/elasticsearch/reference/7.16/security-minimal-setup.html to enable security."],[299 Elasticsearch-7.16.1-5b38441b16b1ebb16a27c107a4c3865776e20c53 "[ignore_throttled] parameter is deprecated because frozen indices have been deprecated. Consider cold or frozen tiers in place of frozen indices."]
2023-08-04 12:56:00,672 INFO  [com.dot.ContainerResource] (docker-java-stream-824381349) STDOUT: 12:56:00.672  WARN  client.RestClient - request [POST http://elasticsearch:9200/cluster_51b0cac1ff.live_20230804125536/_search?typed_keys=true&max_concurrent_shard_requests=5&ignore_unavailable=false&expand_wildcards=open&allow_no_indices=true&ignore_throttled=true&search_type=query_then_fetch&batched_reduce_size=512&ccs_minimize_roundtrips=true] returned 2 warnings: [299 Elasticsearch-7.16.1-5b38441b16b1ebb16a27c107a4c3865776e20c53 "Elasticsearch built-in security features are not enabled. Without authentication, your cluster could be accessible to anyone. See https://www.elastic.co/guide/en/elasticsearch/reference/7.16/security-minimal-setup.html to enable security."],[299 Elasticsearch-7.16.1-5b38441b16b1ebb16a27c107a4c3865776e20c53 "[ignore_throttled] parameter is deprecated because frozen indices have been deprecated. Consider cold or frozen tiers in place of frozen indices."]
2023-08-04 12:56:00,686 INFO  [com.dot.ContainerResource] (docker-java-stream-824381349) STDOUT: 12:56:00.684  WARN  client.RestClient - request [POST http://elasticsearch:9200/cluster_51b0cac1ff.live_20230804125536/_search?typed_keys=true&max_concurrent_shard_requests=5&ignore_unavailable=false&expand_wildcards=open&allow_no_indices=true&ignore_throttled=true&search_type=query_then_fetch&batched_reduce_size=512&ccs_minimize_roundtrips=true] returned 2 warnings: [299 Elasticsearch-7.16.1-5b38441b16b1ebb16a27c107a4c3865776e20c53 "Elasticsearch built-in security features are not enabled. Without authentication, your cluster could be accessible to anyone. See https://www.elastic.co/guide/en/elasticsearch/reference/7.16/security-minimal-setup.html to enable security."],[299 Elasticsearch-7.16.1-5b38441b16b1ebb16a27c107a4c3865776e20c53 "[ignore_throttled] parameter is deprecated because frozen indices have been deprecated. Consider cold or frozen tiers in place of frozen indices."]
2023-08-04 12:56:00,696 INFO  [com.dot.ContainerResource] (docker-java-stream-824381349) STDOUT: 12:56:00.695  WARN  client.RestClient - request [POST http://elasticsearch:9200/cluster_51b0cac1ff.live_20230804125536/_search?typed_keys=true&max_concurrent_shard_requests=5&ignore_unavailable=false&expand_wildcards=open&allow_no_indices=true&ignore_throttled=true&search_type=query_then_fetch&batched_reduce_size=512&ccs_minimize_roundtrips=true] returned 2 warnings: [299 Elasticsearch-7.16.1-5b38441b16b1ebb16a27c107a4c3865776e20c53 "Elasticsearch built-in security features are not enabled. Without authentication, your cluster could be accessible to anyone. See https://www.elastic.co/guide/en/elasticsearch/reference/7.16/security-minimal-setup.html to enable security."],[299 Elasticsearch-7.16.1-5b38441b16b1ebb16a27c107a4c3865776e20c53 "[ignore_throttled] parameter is deprecated because frozen indices have been deprecated. Consider cold or frozen tiers in place of frozen indices."]
2023-08-04 12:56:00,703 INFO  [com.dot.ContainerResource] (docker-java-stream-824381349) STDOUT: 12:56:00.703  WARN  client.RestClient - request [POST http://elasticsearch:9200/cluster_51b0cac1ff.live_20230804125536/_search?typed_keys=true&max_concurrent_shard_requests=5&ignore_unavailable=false&expand_wildcards=open&allow_no_indices=true&ignore_throttled=true&search_type=query_then_fetch&batched_reduce_size=512&ccs_minimize_roundtrips=true] returned 2 warnings: [299 Elasticsearch-7.16.1-5b38441b16b1ebb16a27c107a4c3865776e20c53 "Elasticsearch built-in security features are not enabled. Without authentication, your cluster could be accessible to anyone. See https://www.elastic.co/guide/en/elasticsearch/reference/7.16/security-minimal-setup.html to enable security."],[299 Elasticsearch-7.16.1-5b38441b16b1ebb16a27c107a4c3865776e20c53 "[ignore_throttled] parameter is deprecated because frozen indices have been deprecated. Consider cold or frozen tiers in place of frozen indices."]
2023-08-04 12:56:00,713 INFO  [com.dot.ContainerResource] (docker-java-stream-824381349) STDOUT: 12:56:00.713  WARN  client.RestClient - request [POST http://elasticsearch:9200/cluster_51b0cac1ff.live_20230804125536/_search?typed_keys=true&max_concurrent_shard_requests=5&ignore_unavailable=false&expand_wildcards=open&allow_no_indices=true&ignore_throttled=true&search_type=query_then_fetch&batched_reduce_size=512&ccs_minimize_roundtrips=true] returned 2 warnings: [299 Elasticsearch-7.16.1-5b38441b16b1ebb16a27c107a4c3865776e20c53 "Elasticsearch built-in security features are not enabled. Without authentication, your cluster could be accessible to anyone. See https://www.elastic.co/guide/en/elasticsearch/reference/7.16/security-minimal-setup.html to enable security."],[299 Elasticsearch-7.16.1-5b38441b16b1ebb16a27c107a4c3865776e20c53 "[ignore_throttled] parameter is deprecated because frozen indices have been deprecated. Consider cold or frozen tiers in place of frozen indices."]
2023-08-04 12:56:00,720 INFO  [com.dot.ContainerResource] (docker-java-stream-824381349) STDOUT: 12:56:00.719  WARN  client.RestClient - request [POST http://elasticsearch:9200/cluster_51b0cac1ff.live_20230804125536/_search?typed_keys=true&max_concurrent_shard_requests=5&ignore_unavailable=false&expand_wildcards=open&allow_no_indices=true&ignore_throttled=true&search_type=query_then_fetch&batched_reduce_size=512&ccs_minimize_roundtrips=true] returned 2 warnings: [299 Elasticsearch-7.16.1-5b38441b16b1ebb16a27c107a4c3865776e20c53 "Elasticsearch built-in security features are not enabled. Without authentication, your cluster could be accessible to anyone. See https://www.elastic.co/guide/en/elasticsearch/reference/7.16/security-minimal-setup.html to enable security."],[299 Elasticsearch-7.16.1-5b38441b16b1ebb16a27c107a4c3865776e20c53 "[ignore_throttled] parameter is deprecated because frozen indices have been deprecated. Consider cold or frozen tiers in place of frozen indices."]
2023-08-04 12:56:00,728 INFO  [com.dot.ContainerResource] (docker-java-stream-824381349) STDOUT: 12:56:00.728  WARN  client.RestClient - request [POST http://elasticsearch:9200/cluster_51b0cac1ff.live_20230804125536/_search?typed_keys=true&max_concurrent_shard_requests=5&ignore_unavailable=false&expand_wildcards=open&allow_no_indices=true&ignore_throttled=true&search_type=query_then_fetch&batched_reduce_size=512&ccs_minimize_roundtrips=true] returned 2 warnings: [299 Elasticsearch-7.16.1-5b38441b16b1ebb16a27c107a4c3865776e20c53 "Elasticsearch built-in security features are not enabled. Without authentication, your cluster could be accessible to anyone. See https://www.elastic.co/guide/en/elasticsearch/reference/7.16/security-minimal-setup.html to enable security."],[299 Elasticsearch-7.16.1-5b38441b16b1ebb16a27c107a4c3865776e20c53 "[ignore_throttled] parameter is deprecated because frozen indices have been deprecated. Consider cold or frozen tiers in place of frozen indices."]
2023-08-04 12:56:00,733 INFO  [com.dot.ContainerResource] (docker-java-stream-824381349) STDOUT: 12:56:00.733  WARN  client.RestClient - request [POST http://elasticsearch:9200/cluster_51b0cac1ff.live_20230804125536/_search?typed_keys=true&max_concurrent_shard_requests=5&ignore_unavailable=false&expand_wildcards=open&allow_no_indices=true&ignore_throttled=true&search_type=query_then_fetch&batched_reduce_size=512&ccs_minimize_roundtrips=true] returned 2 warnings: [299 Elasticsearch-7.16.1-5b38441b16b1ebb16a27c107a4c3865776e20c53 "Elasticsearch built-in security features are not enabled. Without authentication, your cluster could be accessible to anyone. See https://www.elastic.co/guide/en/elasticsearch/reference/7.16/security-minimal-setup.html to enable security."],[299 Elasticsearch-7.16.1-5b38441b16b1ebb16a27c107a4c3865776e20c53 "[ignore_throttled] parameter is deprecated because frozen indices have been deprecated. Consider cold or frozen tiers in place of frozen indices."]
2023-08-04 12:56:00,741 INFO  [com.dot.ContainerResource] (docker-java-stream-824381349) STDOUT: 12:56:00.741  WARN  client.RestClient - request [POST http://elasticsearch:9200/cluster_51b0cac1ff.live_20230804125536/_search?typed_keys=true&max_concurrent_shard_requests=5&ignore_unavailable=false&expand_wildcards=open&allow_no_indices=true&ignore_throttled=true&search_type=query_then_fetch&batched_reduce_size=512&ccs_minimize_roundtrips=true] returned 2 warnings: [299 Elasticsearch-7.16.1-5b38441b16b1ebb16a27c107a4c3865776e20c53 "Elasticsearch built-in security features are not enabled. Without authentication, your cluster could be accessible to anyone. See https://www.elastic.co/guide/en/elasticsearch/reference/7.16/security-minimal-setup.html to enable security."],[299 Elasticsearch-7.16.1-5b38441b16b1ebb16a27c107a4c3865776e20c53 "[ignore_throttled] parameter is deprecated because frozen indices have been deprecated. Consider cold or frozen tiers in place of frozen indices."]
2023-08-04 12:56:00,749 INFO  [com.dot.ContainerResource] (docker-java-stream-824381349) STDOUT: 12:56:00.748  WARN  client.RestClient - request [POST http://elasticsearch:9200/cluster_51b0cac1ff.live_20230804125536/_search?typed_keys=true&max_concurrent_shard_requests=5&ignore_unavailable=false&expand_wildcards=open&allow_no_indices=true&ignore_throttled=true&search_type=query_then_fetch&batched_reduce_size=512&ccs_minimize_roundtrips=true] returned 2 warnings: [299 Elasticsearch-7.16.1-5b38441b16b1ebb16a27c107a4c3865776e20c53 "Elasticsearch built-in security features are not enabled. Without authentication, your cluster could be accessible to anyone. See https://www.elastic.co/guide/en/elasticsearch/reference/7.16/security-minimal-setup.html to enable security."],[299 Elasticsearch-7.16.1-5b38441b16b1ebb16a27c107a4c3865776e20c53 "[ignore_throttled] parameter is deprecated because frozen indices have been deprecated. Consider cold or frozen tiers in place of frozen indices."]
2023-08-04 12:56:00,756 INFO  [com.dot.ContainerResource] (docker-java-stream-824381349) STDOUT: 12:56:00.755  WARN  client.RestClient - request [POST http://elasticsearch:9200/cluster_51b0cac1ff.live_20230804125536/_search?typed_keys=true&max_concurrent_shard_requests=5&ignore_unavailable=false&expand_wildcards=open&allow_no_indices=true&ignore_throttled=true&search_type=query_then_fetch&batched_reduce_size=512&ccs_minimize_roundtrips=true] returned 2 warnings: [299 Elasticsearch-7.16.1-5b38441b16b1ebb16a27c107a4c3865776e20c53 "Elasticsearch built-in security features are not enabled. Without authentication, your cluster could be accessible to anyone. See https://www.elastic.co/guide/en/elasticsearch/reference/7.16/security-minimal-setup.html to enable security."],[299 Elasticsearch-7.16.1-5b38441b16b1ebb16a27c107a4c3865776e20c53 "[ignore_throttled] parameter is deprecated because frozen indices have been deprecated. Consider cold or frozen tiers in place of frozen indices."]
2023-08-04 12:56:00,761 INFO  [com.dot.ContainerResource] (docker-java-stream-824381349) STDOUT: 12:56:00.761  WARN  client.RestClient - request [POST http://elasticsearch:9200/cluster_51b0cac1ff.live_20230804125536/_search?typed_keys=true&max_concurrent_shard_requests=5&ignore_unavailable=false&expand_wildcards=open&allow_no_indices=true&ignore_throttled=true&search_type=query_then_fetch&batched_reduce_size=512&ccs_minimize_roundtrips=true] returned 2 warnings: [299 Elasticsearch-7.16.1-5b38441b16b1ebb16a27c107a4c3865776e20c53 "Elasticsearch built-in security features are not enabled. Without authentication, your cluster could be accessible to anyone. See https://www.elastic.co/guide/en/elasticsearch/reference/7.16/security-minimal-setup.html to enable security."],[299 Elasticsearch-7.16.1-5b38441b16b1ebb16a27c107a4c3865776e20c53 "[ignore_throttled] parameter is deprecated because frozen indices have been deprecated. Consider cold or frozen tiers in place of frozen indices."]
2023-08-04 12:56:00,770 INFO  [com.dot.ContainerResource] (docker-java-stream-824381349) STDOUT: 12:56:00.770  WARN  client.RestClient - request [POST http://elasticsearch:9200/cluster_51b0cac1ff.live_20230804125536/_search?typed_keys=true&max_concurrent_shard_requests=5&ignore_unavailable=false&expand_wildcards=open&allow_no_indices=true&ignore_throttled=true&search_type=query_then_fetch&batched_reduce_size=512&ccs_minimize_roundtrips=true] returned 2 warnings: [299 Elasticsearch-7.16.1-5b38441b16b1ebb16a27c107a4c3865776e20c53 "Elasticsearch built-in security features are not enabled. Without authentication, your cluster could be accessible to anyone. See https://www.elastic.co/guide/en/elasticsearch/reference/7.16/security-minimal-setup.html to enable security."],[299 Elasticsearch-7.16.1-5b38441b16b1ebb16a27c107a4c3865776e20c53 "[ignore_throttled] parameter is deprecated because frozen indices have been deprecated. Consider cold or frozen tiers in place of frozen indices."]
2023-08-04 12:56:00,775 INFO  [com.dot.ContainerResource] (docker-java-stream-824381349) STDOUT: 12:56:00.775  WARN  client.RestClient - request [POST http://elasticsearch:9200/cluster_51b0cac1ff.live_20230804125536/_search?typed_keys=true&max_concurrent_shard_requests=5&ignore_unavailable=false&expand_wildcards=open&allow_no_indices=true&ignore_throttled=true&search_type=query_then_fetch&batched_reduce_size=512&ccs_minimize_roundtrips=true] returned 2 warnings: [299 Elasticsearch-7.16.1-5b38441b16b1ebb16a27c107a4c3865776e20c53 "Elasticsearch built-in security features are not enabled. Without authentication, your cluster could be accessible to anyone. See https://www.elastic.co/guide/en/elasticsearch/reference/7.16/security-minimal-setup.html to enable security."],[299 Elasticsearch-7.16.1-5b38441b16b1ebb16a27c107a4c3865776e20c53 "[ignore_throttled] parameter is deprecated because frozen indices have been deprecated. Consider cold or frozen tiers in place of frozen indices."]
2023-08-04 12:56:00,811 INFO  [com.dot.ContainerResource] (docker-java-stream-824381349) STDOUT: 12:56:00.806  WARN  client.RestClient - request [POST http://elasticsearch:9200/cluster_51b0cac1ff.live_20230804125536/_search?typed_keys=true&max_concurrent_shard_requests=5&ignore_unavailable=false&expand_wildcards=open&allow_no_indices=true&ignore_throttled=true&search_type=query_then_fetch&batched_reduce_size=512&ccs_minimize_roundtrips=true] returned 2 warnings: [299 Elasticsearch-7.16.1-5b38441b16b1ebb16a27c107a4c3865776e20c53 "Elasticsearch built-in security features are not enabled. Without authentication, your cluster could be accessible to anyone. See https://www.elastic.co/guide/en/elasticsearch/reference/7.16/security-minimal-setup.html to enable security."],[299 Elasticsearch-7.16.1-5b38441b16b1ebb16a27c107a4c3865776e20c53 "[ignore_throttled] parameter is deprecated because frozen indices have been deprecated. Consider cold or frozen tiers in place of frozen indices."]
2023-08-04 12:56:00,823 INFO  [com.dot.ContainerResource] (docker-java-stream-824381349) STDOUT: 12:56:00.821  WARN  client.RestClient - request [POST http://elasticsearch:9200/cluster_51b0cac1ff.live_20230804125536/_search?typed_keys=true&max_concurrent_shard_requests=5&ignore_unavailable=false&expand_wildcards=open&allow_no_indices=true&ignore_throttled=true&search_type=query_then_fetch&batched_reduce_size=512&ccs_minimize_roundtrips=true] returned 2 warnings: [299 Elasticsearch-7.16.1-5b38441b16b1ebb16a27c107a4c3865776e20c53 "Elasticsearch built-in security features are not enabled. Without authentication, your cluster could be accessible to anyone. See https://www.elastic.co/guide/en/elasticsearch/reference/7.16/security-minimal-setup.html to enable security."],[299 Elasticsearch-7.16.1-5b38441b16b1ebb16a27c107a4c3865776e20c53 "[ignore_throttled] parameter is deprecated because frozen indices have been deprecated. Consider cold or frozen tiers in place of frozen indices."]
2023-08-04 12:56:00,831 INFO  [com.dot.ContainerResource] (docker-java-stream-824381349) STDOUT: 12:56:00.829  WARN  client.RestClient - request [POST http://elasticsearch:9200/cluster_51b0cac1ff.live_20230804125536/_search?typed_keys=true&max_concurrent_shard_requests=5&ignore_unavailable=false&expand_wildcards=open&allow_no_indices=true&ignore_throttled=true&search_type=query_then_fetch&batched_reduce_size=512&ccs_minimize_roundtrips=true] returned 2 warnings: [299 Elasticsearch-7.16.1-5b38441b16b1ebb16a27c107a4c3865776e20c53 "Elasticsearch built-in security features are not enabled. Without authentication, your cluster could be accessible to anyone. See https://www.elastic.co/guide/en/elasticsearch/reference/7.16/security-minimal-setup.html to enable security."],[299 Elasticsearch-7.16.1-5b38441b16b1ebb16a27c107a4c3865776e20c53 "[ignore_throttled] parameter is deprecated because frozen indices have been deprecated. Consider cold or frozen tiers in place of frozen indices."]
2023-08-04 12:56:00,835 INFO  [com.dot.ContainerResource] (docker-java-stream-824381349) STDOUT: 12:56:00.835  WARN  client.RestClient - request [POST http://elasticsearch:9200/cluster_51b0cac1ff.live_20230804125536/_search?typed_keys=true&max_concurrent_shard_requests=5&ignore_unavailable=false&expand_wildcards=open&allow_no_indices=true&ignore_throttled=true&search_type=query_then_fetch&batched_reduce_size=512&ccs_minimize_roundtrips=true] returned 2 warnings: [299 Elasticsearch-7.16.1-5b38441b16b1ebb16a27c107a4c3865776e20c53 "Elasticsearch built-in security features are not enabled. Without authentication, your cluster could be accessible to anyone. See https://www.elastic.co/guide/en/elasticsearch/reference/7.16/security-minimal-setup.html to enable security."],[299 Elasticsearch-7.16.1-5b38441b16b1ebb16a27c107a4c3865776e20c53 "[ignore_throttled] parameter is deprecated because frozen indices have been deprecated. Consider cold or frozen tiers in place of frozen indices."]
2023-08-04 12:56:00,845 INFO  [com.dot.ContainerResource] (docker-java-stream-824381349) STDOUT: 12:56:00.844  WARN  client.RestClient - request [POST http://elasticsearch:9200/cluster_51b0cac1ff.live_20230804125536/_search?typed_keys=true&max_concurrent_shard_requests=5&ignore_unavailable=false&expand_wildcards=open&allow_no_indices=true&ignore_throttled=true&search_type=query_then_fetch&batched_reduce_size=512&ccs_minimize_roundtrips=true] returned 2 warnings: [299 Elasticsearch-7.16.1-5b38441b16b1ebb16a27c107a4c3865776e20c53 "Elasticsearch built-in security features are not enabled. Without authentication, your cluster could be accessible to anyone. See https://www.elastic.co/guide/en/elasticsearch/reference/7.16/security-minimal-setup.html to enable security."],[299 Elasticsearch-7.16.1-5b38441b16b1ebb16a27c107a4c3865776e20c53 "[ignore_throttled] parameter is deprecated because frozen indices have been deprecated. Consider cold or frozen tiers in place of frozen indices."]
2023-08-04 12:56:00,859 INFO  [com.dot.ContainerResource] (docker-java-stream-824381349) STDOUT: 12:56:00.855  WARN  client.RestClient - request [POST http://elasticsearch:9200/cluster_51b0cac1ff.live_20230804125536/_search?typed_keys=true&max_concurrent_shard_requests=5&ignore_unavailable=false&expand_wildcards=open&allow_no_indices=true&ignore_throttled=true&search_type=query_then_fetch&batched_reduce_size=512&ccs_minimize_roundtrips=true] returned 2 warnings: [299 Elasticsearch-7.16.1-5b38441b16b1ebb16a27c107a4c3865776e20c53 "Elasticsearch built-in security features are not enabled. Without authentication, your cluster could be accessible to anyone. See https://www.elastic.co/guide/en/elasticsearch/reference/7.16/security-minimal-setup.html to enable security."],[299 Elasticsearch-7.16.1-5b38441b16b1ebb16a27c107a4c3865776e20c53 "[ignore_throttled] parameter is deprecated because frozen indices have been deprecated. Consider cold or frozen tiers in place of frozen indices."]
2023-08-04 12:56:00,864 INFO  [com.dot.ContainerResource] (docker-java-stream-824381349) STDOUT: 12:56:00.864  WARN  client.RestClient - request [POST http://elasticsearch:9200/cluster_51b0cac1ff.live_20230804125536/_search?typed_keys=true&max_concurrent_shard_requests=5&ignore_unavailable=false&expand_wildcards=open&allow_no_indices=true&ignore_throttled=true&search_type=query_then_fetch&batched_reduce_size=512&ccs_minimize_roundtrips=true] returned 2 warnings: [299 Elasticsearch-7.16.1-5b38441b16b1ebb16a27c107a4c3865776e20c53 "Elasticsearch built-in security features are not enabled. Without authentication, your cluster could be accessible to anyone. See https://www.elastic.co/guide/en/elasticsearch/reference/7.16/security-minimal-setup.html to enable security."],[299 Elasticsearch-7.16.1-5b38441b16b1ebb16a27c107a4c3865776e20c53 "[ignore_throttled] parameter is deprecated because frozen indices have been deprecated. Consider cold or frozen tiers in place of frozen indices."]
2023-08-04 12:56:00,876 INFO  [com.dot.ContainerResource] (docker-java-stream-824381349) STDOUT: 12:56:00.873  WARN  client.RestClient - request [POST http://elasticsearch:9200/cluster_51b0cac1ff.live_20230804125536/_search?typed_keys=true&max_concurrent_shard_requests=5&ignore_unavailable=false&expand_wildcards=open&allow_no_indices=true&ignore_throttled=true&search_type=query_then_fetch&batched_reduce_size=512&ccs_minimize_roundtrips=true] returned 2 warnings: [299 Elasticsearch-7.16.1-5b38441b16b1ebb16a27c107a4c3865776e20c53 "Elasticsearch built-in security features are not enabled. Without authentication, your cluster could be accessible to anyone. See https://www.elastic.co/guide/en/elasticsearch/reference/7.16/security-minimal-setup.html to enable security."],[299 Elasticsearch-7.16.1-5b38441b16b1ebb16a27c107a4c3865776e20c53 "[ignore_throttled] parameter is deprecated because frozen indices have been deprecated. Consider cold or frozen tiers in place of frozen indices."]
2023-08-04 12:56:00,893 INFO  [com.dot.ContainerResource] (docker-java-stream-824381349) STDOUT: 12:56:00.892  WARN  client.RestClient - request [POST http://elasticsearch:9200/cluster_51b0cac1ff.live_20230804125536/_search?typed_keys=true&max_concurrent_shard_requests=5&ignore_unavailable=false&expand_wildcards=open&allow_no_indices=true&ignore_throttled=true&search_type=query_then_fetch&batched_reduce_size=512&ccs_minimize_roundtrips=true] returned 2 warnings: [299 Elasticsearch-7.16.1-5b38441b16b1ebb16a27c107a4c3865776e20c53 "Elasticsearch built-in security features are not enabled. Without authentication, your cluster could be accessible to anyone. See https://www.elastic.co/guide/en/elasticsearch/reference/7.16/security-minimal-setup.html to enable security."],[299 Elasticsearch-7.16.1-5b38441b16b1ebb16a27c107a4c3865776e20c53 "[ignore_throttled] parameter is deprecated because frozen indices have been deprecated. Consider cold or frozen tiers in place of frozen indices."]
2023-08-04 12:56:00,901 INFO  [com.dot.ContainerResource] (docker-java-stream-824381349) STDOUT: 12:56:00.901  WARN  client.RestClient - request [POST http://elasticsearch:9200/cluster_51b0cac1ff.live_20230804125536/_search?typed_keys=true&max_concurrent_shard_requests=5&ignore_unavailable=false&expand_wildcards=open&allow_no_indices=true&ignore_throttled=true&search_type=query_then_fetch&batched_reduce_size=512&ccs_minimize_roundtrips=true] returned 2 warnings: [299 Elasticsearch-7.16.1-5b38441b16b1ebb16a27c107a4c3865776e20c53 "Elasticsearch built-in security features are not enabled. Without authentication, your cluster could be accessible to anyone. See https://www.elastic.co/guide/en/elasticsearch/reference/7.16/security-minimal-setup.html to enable security."],[299 Elasticsearch-7.16.1-5b38441b16b1ebb16a27c107a4c3865776e20c53 "[ignore_throttled] parameter is deprecated because frozen indices have been deprecated. Consider cold or frozen tiers in place of frozen indices."]
2023-08-04 12:56:00,911 INFO  [com.dot.ContainerResource] (docker-java-stream-824381349) STDOUT: 12:56:00.910  WARN  client.RestClient - request [POST http://elasticsearch:9200/cluster_51b0cac1ff.live_20230804125536/_search?typed_keys=true&max_concurrent_shard_requests=5&ignore_unavailable=false&expand_wildcards=open&allow_no_indices=true&ignore_throttled=true&search_type=query_then_fetch&batched_reduce_size=512&ccs_minimize_roundtrips=true] returned 2 warnings: [299 Elasticsearch-7.16.1-5b38441b16b1ebb16a27c107a4c3865776e20c53 "Elasticsearch built-in security features are not enabled. Without authentication, your cluster could be accessible to anyone. See https://www.elastic.co/guide/en/elasticsearch/reference/7.16/security-minimal-setup.html to enable security."],[299 Elasticsearch-7.16.1-5b38441b16b1ebb16a27c107a4c3865776e20c53 "[ignore_throttled] parameter is deprecated because frozen indices have been deprecated. Consider cold or frozen tiers in place of frozen indices."]
2023-08-04 12:56:00,925 INFO  [com.dot.ContainerResource] (docker-java-stream-824381349) STDOUT: 12:56:00.925  WARN  client.RestClient - request [POST http://elasticsearch:9200/cluster_51b0cac1ff.live_20230804125536/_search?typed_keys=true&max_concurrent_shard_requests=5&ignore_unavailable=false&expand_wildcards=open&allow_no_indices=true&ignore_throttled=true&search_type=query_then_fetch&batched_reduce_size=512&ccs_minimize_roundtrips=true] returned 2 warnings: [299 Elasticsearch-7.16.1-5b38441b16b1ebb16a27c107a4c3865776e20c53 "Elasticsearch built-in security features are not enabled. Without authentication, your cluster could be accessible to anyone. See https://www.elastic.co/guide/en/elasticsearch/reference/7.16/security-minimal-setup.html to enable security."],[299 Elasticsearch-7.16.1-5b38441b16b1ebb16a27c107a4c3865776e20c53 "[ignore_throttled] parameter is deprecated because frozen indices have been deprecated. Consider cold or frozen tiers in place of frozen indices."]
2023-08-04 12:56:00,934 INFO  [com.dot.ContainerResource] (docker-java-stream-824381349) STDOUT: 12:56:00.933  WARN  client.RestClient - request [POST http://elasticsearch:9200/cluster_51b0cac1ff.live_20230804125536/_search?typed_keys=true&max_concurrent_shard_requests=5&ignore_unavailable=false&expand_wildcards=open&allow_no_indices=true&ignore_throttled=true&search_type=query_then_fetch&batched_reduce_size=512&ccs_minimize_roundtrips=true] returned 2 warnings: [299 Elasticsearch-7.16.1-5b38441b16b1ebb16a27c107a4c3865776e20c53 "Elasticsearch built-in security features are not enabled. Without authentication, your cluster could be accessible to anyone. See https://www.elastic.co/guide/en/elasticsearch/reference/7.16/security-minimal-setup.html to enable security."],[299 Elasticsearch-7.16.1-5b38441b16b1ebb16a27c107a4c3865776e20c53 "[ignore_throttled] parameter is deprecated because frozen indices have been deprecated. Consider cold or frozen tiers in place of frozen indices."]
2023-08-04 12:56:00,941 INFO  [com.dot.ContainerResource] (docker-java-stream-824381349) STDOUT: 12:56:00.940  WARN  client.RestClient - request [POST http://elasticsearch:9200/cluster_51b0cac1ff.live_20230804125536/_search?typed_keys=true&max_concurrent_shard_requests=5&ignore_unavailable=false&expand_wildcards=open&allow_no_indices=true&ignore_throttled=true&search_type=query_then_fetch&batched_reduce_size=512&ccs_minimize_roundtrips=true] returned 2 warnings: [299 Elasticsearch-7.16.1-5b38441b16b1ebb16a27c107a4c3865776e20c53 "Elasticsearch built-in security features are not enabled. Without authentication, your cluster could be accessible to anyone. See https://www.elastic.co/guide/en/elasticsearch/reference/7.16/security-minimal-setup.html to enable security."],[299 Elasticsearch-7.16.1-5b38441b16b1ebb16a27c107a4c3865776e20c53 "[ignore_throttled] parameter is deprecated because frozen indices have been deprecated. Consider cold or frozen tiers in place of frozen indices."]
2023-08-04 12:56:00,948 INFO  [com.dot.ContainerResource] (docker-java-stream-824381349) STDOUT: 12:56:00.947  WARN  client.RestClient - request [POST http://elasticsearch:9200/cluster_51b0cac1ff.live_20230804125536/_search?typed_keys=true&max_concurrent_shard_requests=5&ignore_unavailable=false&expand_wildcards=open&allow_no_indices=true&ignore_throttled=true&search_type=query_then_fetch&batched_reduce_size=512&ccs_minimize_roundtrips=true] returned 2 warnings: [299 Elasticsearch-7.16.1-5b38441b16b1ebb16a27c107a4c3865776e20c53 "Elasticsearch built-in security features are not enabled. Without authentication, your cluster could be accessible to anyone. See https://www.elastic.co/guide/en/elasticsearch/reference/7.16/security-minimal-setup.html to enable security."],[299 Elasticsearch-7.16.1-5b38441b16b1ebb16a27c107a4c3865776e20c53 "[ignore_throttled] parameter is deprecated because frozen indices have been deprecated. Consider cold or frozen tiers in place of frozen indices."]
2023-08-04 12:56:00,955 INFO  [com.dot.ContainerResource] (docker-java-stream-824381349) STDOUT: 12:56:00.954  WARN  client.RestClient - request [POST http://elasticsearch:9200/cluster_51b0cac1ff.live_20230804125536/_search?typed_keys=true&max_concurrent_shard_requests=5&ignore_unavailable=false&expand_wildcards=open&allow_no_indices=true&ignore_throttled=true&search_type=query_then_fetch&batched_reduce_size=512&ccs_minimize_roundtrips=true] returned 2 warnings: [299 Elasticsearch-7.16.1-5b38441b16b1ebb16a27c107a4c3865776e20c53 "Elasticsearch built-in security features are not enabled. Without authentication, your cluster could be accessible to anyone. See https://www.elastic.co/guide/en/elasticsearch/reference/7.16/security-minimal-setup.html to enable security."],[299 Elasticsearch-7.16.1-5b38441b16b1ebb16a27c107a4c3865776e20c53 "[ignore_throttled] parameter is deprecated because frozen indices have been deprecated. Consider cold or frozen tiers in place of frozen indices."]
2023-08-04 12:56:00,961 INFO  [com.dot.ContainerResource] (docker-java-stream-824381349) STDOUT: 12:56:00.960  WARN  client.RestClient - request [POST http://elasticsearch:9200/cluster_51b0cac1ff.live_20230804125536/_search?typed_keys=true&max_concurrent_shard_requests=5&ignore_unavailable=false&expand_wildcards=open&allow_no_indices=true&ignore_throttled=true&search_type=query_then_fetch&batched_reduce_size=512&ccs_minimize_roundtrips=true] returned 2 warnings: [299 Elasticsearch-7.16.1-5b38441b16b1ebb16a27c107a4c3865776e20c53 "Elasticsearch built-in security features are not enabled. Without authentication, your cluster could be accessible to anyone. See https://www.elastic.co/guide/en/elasticsearch/reference/7.16/security-minimal-setup.html to enable security."],[299 Elasticsearch-7.16.1-5b38441b16b1ebb16a27c107a4c3865776e20c53 "[ignore_throttled] parameter is deprecated because frozen indices have been deprecated. Consider cold or frozen tiers in place of frozen indices."]
2023-08-04 12:56:00,968 INFO  [com.dot.ContainerResource] (docker-java-stream-824381349) STDOUT: 12:56:00.967  WARN  client.RestClient - request [POST http://elasticsearch:9200/cluster_51b0cac1ff.live_20230804125536/_search?typed_keys=true&max_concurrent_shard_requests=5&ignore_unavailable=false&expand_wildcards=open&allow_no_indices=true&ignore_throttled=true&search_type=query_then_fetch&batched_reduce_size=512&ccs_minimize_roundtrips=true] returned 2 warnings: [299 Elasticsearch-7.16.1-5b38441b16b1ebb16a27c107a4c3865776e20c53 "Elasticsearch built-in security features are not enabled. Without authentication, your cluster could be accessible to anyone. See https://www.elastic.co/guide/en/elasticsearch/reference/7.16/security-minimal-setup.html to enable security."],[299 Elasticsearch-7.16.1-5b38441b16b1ebb16a27c107a4c3865776e20c53 "[ignore_throttled] parameter is deprecated because frozen indices have been deprecated. Consider cold or frozen tiers in place of frozen indices."]
2023-08-04 12:56:00,975 INFO  [com.dot.ContainerResource] (docker-java-stream-824381349) STDOUT: 12:56:00.974  WARN  client.RestClient - request [POST http://elasticsearch:9200/cluster_51b0cac1ff.live_20230804125536/_search?typed_keys=true&max_concurrent_shard_requests=5&ignore_unavailable=false&expand_wildcards=open&allow_no_indices=true&ignore_throttled=true&search_type=query_then_fetch&batched_reduce_size=512&ccs_minimize_roundtrips=true] returned 2 warnings: [299 Elasticsearch-7.16.1-5b38441b16b1ebb16a27c107a4c3865776e20c53 "Elasticsearch built-in security features are not enabled. Without authentication, your cluster could be accessible to anyone. See https://www.elastic.co/guide/en/elasticsearch/reference/7.16/security-minimal-setup.html to enable security."],[299 Elasticsearch-7.16.1-5b38441b16b1ebb16a27c107a4c3865776e20c53 "[ignore_throttled] parameter is deprecated because frozen indices have been deprecated. Consider cold or frozen tiers in place of frozen indices."]
2023-08-04 12:56:00,982 INFO  [com.dot.ContainerResource] (docker-java-stream-824381349) STDOUT: 12:56:00.982  WARN  client.RestClient - request [POST http://elasticsearch:9200/cluster_51b0cac1ff.live_20230804125536/_search?typed_keys=true&max_concurrent_shard_requests=5&ignore_unavailable=false&expand_wildcards=open&allow_no_indices=true&ignore_throttled=true&search_type=query_then_fetch&batched_reduce_size=512&ccs_minimize_roundtrips=true] returned 2 warnings: [299 Elasticsearch-7.16.1-5b38441b16b1ebb16a27c107a4c3865776e20c53 "Elasticsearch built-in security features are not enabled. Without authentication, your cluster could be accessible to anyone. See https://www.elastic.co/guide/en/elasticsearch/reference/7.16/security-minimal-setup.html to enable security."],[299 Elasticsearch-7.16.1-5b38441b16b1ebb16a27c107a4c3865776e20c53 "[ignore_throttled] parameter is deprecated because frozen indices have been deprecated. Consider cold or frozen tiers in place of frozen indices."]
2023-08-04 12:56:00,991 INFO  [com.dot.ContainerResource] (docker-java-stream-824381349) STDOUT: 12:56:00.991  WARN  client.RestClient - request [POST http://elasticsearch:9200/cluster_51b0cac1ff.live_20230804125536/_search?typed_keys=true&max_concurrent_shard_requests=5&ignore_unavailable=false&expand_wildcards=open&allow_no_indices=true&ignore_throttled=true&search_type=query_then_fetch&batched_reduce_size=512&ccs_minimize_roundtrips=true] returned 2 warnings: [299 Elasticsearch-7.16.1-5b38441b16b1ebb16a27c107a4c3865776e20c53 "Elasticsearch built-in security features are not enabled. Without authentication, your cluster could be accessible to anyone. See https://www.elastic.co/guide/en/elasticsearch/reference/7.16/security-minimal-setup.html to enable security."],[299 Elasticsearch-7.16.1-5b38441b16b1ebb16a27c107a4c3865776e20c53 "[ignore_throttled] parameter is deprecated because frozen indices have been deprecated. Consider cold or frozen tiers in place of frozen indices."]
2023-08-04 12:56:00,999 INFO  [com.dot.ContainerResource] (docker-java-stream-824381349) STDOUT: 12:56:00.998  WARN  client.RestClient - request [POST http://elasticsearch:9200/cluster_51b0cac1ff.live_20230804125536/_search?typed_keys=true&max_concurrent_shard_requests=5&ignore_unavailable=false&expand_wildcards=open&allow_no_indices=true&ignore_throttled=true&search_type=query_then_fetch&batched_reduce_size=512&ccs_minimize_roundtrips=true] returned 2 warnings: [299 Elasticsearch-7.16.1-5b38441b16b1ebb16a27c107a4c3865776e20c53 "Elasticsearch built-in security features are not enabled. Without authentication, your cluster could be accessible to anyone. See https://www.elastic.co/guide/en/elasticsearch/reference/7.16/security-minimal-setup.html to enable security."],[299 Elasticsearch-7.16.1-5b38441b16b1ebb16a27c107a4c3865776e20c53 "[ignore_throttled] parameter is deprecated because frozen indices have been deprecated. Consider cold or frozen tiers in place of frozen indices."]
2023-08-04 12:56:01,006 INFO  [com.dot.ContainerResource] (docker-java-stream-824381349) STDOUT: 12:56:01.005  WARN  client.RestClient - request [POST http://elasticsearch:9200/cluster_51b0cac1ff.live_20230804125536/_search?typed_keys=true&max_concurrent_shard_requests=5&ignore_unavailable=false&expand_wildcards=open&allow_no_indices=true&ignore_throttled=true&search_type=query_then_fetch&batched_reduce_size=512&ccs_minimize_roundtrips=true] returned 2 warnings: [299 Elasticsearch-7.16.1-5b38441b16b1ebb16a27c107a4c3865776e20c53 "Elasticsearch built-in security features are not enabled. Without authentication, your cluster could be accessible to anyone. See https://www.elastic.co/guide/en/elasticsearch/reference/7.16/security-minimal-setup.html to enable security."],[299 Elasticsearch-7.16.1-5b38441b16b1ebb16a27c107a4c3865776e20c53 "[ignore_throttled] parameter is deprecated because frozen indices have been deprecated. Consider cold or frozen tiers in place of frozen indices."]
2023-08-04 12:56:01,012 INFO  [com.dot.ContainerResource] (docker-java-stream-824381349) STDOUT: 12:56:01.012  WARN  client.RestClient - request [POST http://elasticsearch:9200/cluster_51b0cac1ff.live_20230804125536/_search?typed_keys=true&max_concurrent_shard_requests=5&ignore_unavailable=false&expand_wildcards=open&allow_no_indices=true&ignore_throttled=true&search_type=query_then_fetch&batched_reduce_size=512&ccs_minimize_roundtrips=true] returned 2 warnings: [299 Elasticsearch-7.16.1-5b38441b16b1ebb16a27c107a4c3865776e20c53 "Elasticsearch built-in security features are not enabled. Without authentication, your cluster could be accessible to anyone. See https://www.elastic.co/guide/en/elasticsearch/reference/7.16/security-minimal-setup.html to enable security."],[299 Elasticsearch-7.16.1-5b38441b16b1ebb16a27c107a4c3865776e20c53 "[ignore_throttled] parameter is deprecated because frozen indices have been deprecated. Consider cold or frozen tiers in place of frozen indices."]
2023-08-04 12:56:01,019 INFO  [com.dot.ContainerResource] (docker-java-stream-824381349) STDOUT: 12:56:01.018  WARN  client.RestClient - request [POST http://elasticsearch:9200/cluster_51b0cac1ff.live_20230804125536/_search?typed_keys=true&max_concurrent_shard_requests=5&ignore_unavailable=false&expand_wildcards=open&allow_no_indices=true&ignore_throttled=true&search_type=query_then_fetch&batched_reduce_size=512&ccs_minimize_roundtrips=true] returned 2 warnings: [299 Elasticsearch-7.16.1-5b38441b16b1ebb16a27c107a4c3865776e20c53 "Elasticsearch built-in security features are not enabled. Without authentication, your cluster could be accessible to anyone. See https://www.elastic.co/guide/en/elasticsearch/reference/7.16/security-minimal-setup.html to enable security."],[299 Elasticsearch-7.16.1-5b38441b16b1ebb16a27c107a4c3865776e20c53 "[ignore_throttled] parameter is deprecated because frozen indices have been deprecated. Consider cold or frozen tiers in place of frozen indices."]
2023-08-04 12:56:01,028 INFO  [com.dot.ContainerResource] (docker-java-stream-824381349) STDOUT: 12:56:01.027  WARN  client.RestClient - request [POST http://elasticsearch:9200/cluster_51b0cac1ff.live_20230804125536/_search?typed_keys=true&max_concurrent_shard_requests=5&ignore_unavailable=false&expand_wildcards=open&allow_no_indices=true&ignore_throttled=true&search_type=query_then_fetch&batched_reduce_size=512&ccs_minimize_roundtrips=true] returned 2 warnings: [299 Elasticsearch-7.16.1-5b38441b16b1ebb16a27c107a4c3865776e20c53 "Elasticsearch built-in security features are not enabled. Without authentication, your cluster could be accessible to anyone. See https://www.elastic.co/guide/en/elasticsearch/reference/7.16/security-minimal-setup.html to enable security."],[299 Elasticsearch-7.16.1-5b38441b16b1ebb16a27c107a4c3865776e20c53 "[ignore_throttled] parameter is deprecated because frozen indices have been deprecated. Consider cold or frozen tiers in place of frozen indices."]
2023-08-04 12:56:01,041 INFO  [com.dot.ContainerResource] (docker-java-stream-824381349) STDOUT: 12:56:01.040  WARN  client.RestClient - request [POST http://elasticsearch:9200/cluster_51b0cac1ff.live_20230804125536/_search?typed_keys=true&max_concurrent_shard_requests=5&ignore_unavailable=false&expand_wildcards=open&allow_no_indices=true&ignore_throttled=true&search_type=query_then_fetch&batched_reduce_size=512&ccs_minimize_roundtrips=true] returned 2 warnings: [299 Elasticsearch-7.16.1-5b38441b16b1ebb16a27c107a4c3865776e20c53 "Elasticsearch built-in security features are not enabled. Without authentication, your cluster could be accessible to anyone. See https://www.elastic.co/guide/en/elasticsearch/reference/7.16/security-minimal-setup.html to enable security."],[299 Elasticsearch-7.16.1-5b38441b16b1ebb16a27c107a4c3865776e20c53 "[ignore_throttled] parameter is deprecated because frozen indices have been deprecated. Consider cold or frozen tiers in place of frozen indices."]
2023-08-04 12:56:01,054 INFO  [com.dot.ContainerResource] (docker-java-stream-824381349) STDOUT: 12:56:01.052  WARN  client.RestClient - request [POST http://elasticsearch:9200/cluster_51b0cac1ff.live_20230804125536/_search?typed_keys=true&max_concurrent_shard_requests=5&ignore_unavailable=false&expand_wildcards=open&allow_no_indices=true&ignore_throttled=true&search_type=query_then_fetch&batched_reduce_size=512&ccs_minimize_roundtrips=true] returned 2 warnings: [299 Elasticsearch-7.16.1-5b38441b16b1ebb16a27c107a4c3865776e20c53 "Elasticsearch built-in security features are not enabled. Without authentication, your cluster could be accessible to anyone. See https://www.elastic.co/guide/en/elasticsearch/reference/7.16/security-minimal-setup.html to enable security."],[299 Elasticsearch-7.16.1-5b38441b16b1ebb16a27c107a4c3865776e20c53 "[ignore_throttled] parameter is deprecated because frozen indices have been deprecated. Consider cold or frozen tiers in place of frozen indices."]
2023-08-04 12:56:01,062 INFO  [com.dot.ContainerResource] (docker-java-stream-824381349) STDOUT: 12:56:01.060  WARN  client.RestClient - request [POST http://elasticsearch:9200/cluster_51b0cac1ff.live_20230804125536/_search?typed_keys=true&max_concurrent_shard_requests=5&ignore_unavailable=false&expand_wildcards=open&allow_no_indices=true&ignore_throttled=true&search_type=query_then_fetch&batched_reduce_size=512&ccs_minimize_roundtrips=true] returned 2 warnings: [299 Elasticsearch-7.16.1-5b38441b16b1ebb16a27c107a4c3865776e20c53 "Elasticsearch built-in security features are not enabled. Without authentication, your cluster could be accessible to anyone. See https://www.elastic.co/guide/en/elasticsearch/reference/7.16/security-minimal-setup.html to enable security."],[299 Elasticsearch-7.16.1-5b38441b16b1ebb16a27c107a4c3865776e20c53 "[ignore_throttled] parameter is deprecated because frozen indices have been deprecated. Consider cold or frozen tiers in place of frozen indices."]
2023-08-04 12:56:01,075 INFO  [com.dot.ContainerResource] (docker-java-stream-824381349) STDOUT: 12:56:01.073  WARN  client.RestClient - request [POST http://elasticsearch:9200/cluster_51b0cac1ff.live_20230804125536/_search?typed_keys=true&max_concurrent_shard_requests=5&ignore_unavailable=false&expand_wildcards=open&allow_no_indices=true&ignore_throttled=true&search_type=query_then_fetch&batched_reduce_size=512&ccs_minimize_roundtrips=true] returned 2 warnings: [299 Elasticsearch-7.16.1-5b38441b16b1ebb16a27c107a4c3865776e20c53 "Elasticsearch built-in security features are not enabled. Without authentication, your cluster could be accessible to anyone. See https://www.elastic.co/guide/en/elasticsearch/reference/7.16/security-minimal-setup.html to enable security."],[299 Elasticsearch-7.16.1-5b38441b16b1ebb16a27c107a4c3865776e20c53 "[ignore_throttled] parameter is deprecated because frozen indices have been deprecated. Consider cold or frozen tiers in place of frozen indices."]
2023-08-04 12:56:01,079 INFO  [com.dot.ContainerResource] (docker-java-stream-824381349) STDOUT: 12:56:01.078  WARN  client.RestClient - request [POST http://elasticsearch:9200/cluster_51b0cac1ff.live_20230804125536/_search?typed_keys=true&max_concurrent_shard_requests=5&ignore_unavailable=false&expand_wildcards=open&allow_no_indices=true&ignore_throttled=true&search_type=query_then_fetch&batched_reduce_size=512&ccs_minimize_roundtrips=true] returned 2 warnings: [299 Elasticsearch-7.16.1-5b38441b16b1ebb16a27c107a4c3865776e20c53 "Elasticsearch built-in security features are not enabled. Without authentication, your cluster could be accessible to anyone. See https://www.elastic.co/guide/en/elasticsearch/reference/7.16/security-minimal-setup.html to enable security."],[299 Elasticsearch-7.16.1-5b38441b16b1ebb16a27c107a4c3865776e20c53 "[ignore_throttled] parameter is deprecated because frozen indices have been deprecated. Consider cold or frozen tiers in place of frozen indices."]
2023-08-04 12:56:01,095 INFO  [com.dot.ContainerResource] (docker-java-stream-824381349) STDOUT: 12:56:01.093  WARN  client.RestClient - request [POST http://elasticsearch:9200/cluster_51b0cac1ff.live_20230804125536/_search?typed_keys=true&max_concurrent_shard_requests=5&ignore_unavailable=false&expand_wildcards=open&allow_no_indices=true&ignore_throttled=true&search_type=query_then_fetch&batched_reduce_size=512&ccs_minimize_roundtrips=true] returned 2 warnings: [299 Elasticsearch-7.16.1-5b38441b16b1ebb16a27c107a4c3865776e20c53 "Elasticsearch built-in security features are not enabled. Without authentication, your cluster could be accessible to anyone. See https://www.elastic.co/guide/en/elasticsearch/reference/7.16/security-minimal-setup.html to enable security."],[299 Elasticsearch-7.16.1-5b38441b16b1ebb16a27c107a4c3865776e20c53 "[ignore_throttled] parameter is deprecated because frozen indices have been deprecated. Consider cold or frozen tiers in place of frozen indices."]
2023-08-04 12:56:01,100 INFO  [com.dot.ContainerResource] (docker-java-stream-824381349) STDOUT: 12:56:01.099  WARN  client.RestClient - request [POST http://elasticsearch:9200/cluster_51b0cac1ff.live_20230804125536/_search?typed_keys=true&max_concurrent_shard_requests=5&ignore_unavailable=false&expand_wildcards=open&allow_no_indices=true&ignore_throttled=true&search_type=query_then_fetch&batched_reduce_size=512&ccs_minimize_roundtrips=true] returned 2 warnings: [299 Elasticsearch-7.16.1-5b38441b16b1ebb16a27c107a4c3865776e20c53 "Elasticsearch built-in security features are not enabled. Without authentication, your cluster could be accessible to anyone. See https://www.elastic.co/guide/en/elasticsearch/reference/7.16/security-minimal-setup.html to enable security."],[299 Elasticsearch-7.16.1-5b38441b16b1ebb16a27c107a4c3865776e20c53 "[ignore_throttled] parameter is deprecated because frozen indices have been deprecated. Consider cold or frozen tiers in place of frozen indices."]
2023-08-04 12:56:01,106 INFO  [com.dot.ContainerResource] (docker-java-stream-824381349) STDOUT: 12:56:01.104  WARN  client.RestClient - request [POST http://elasticsearch:9200/cluster_51b0cac1ff.live_20230804125536/_search?typed_keys=true&max_concurrent_shard_requests=5&ignore_unavailable=false&expand_wildcards=open&allow_no_indices=true&ignore_throttled=true&search_type=query_then_fetch&batched_reduce_size=512&ccs_minimize_roundtrips=true] returned 2 warnings: [299 Elasticsearch-7.16.1-5b38441b16b1ebb16a27c107a4c3865776e20c53 "Elasticsearch built-in security features are not enabled. Without authentication, your cluster could be accessible to anyone. See https://www.elastic.co/guide/en/elasticsearch/reference/7.16/security-minimal-setup.html to enable security."],[299 Elasticsearch-7.16.1-5b38441b16b1ebb16a27c107a4c3865776e20c53 "[ignore_throttled] parameter is deprecated because frozen indices have been deprecated. Consider cold or frozen tiers in place of frozen indices."]
2023-08-04 12:56:01,109 INFO  [com.dot.ContainerResource] (docker-java-stream-824381349) STDOUT: 12:56:01.109  WARN  client.RestClient - request [POST http://elasticsearch:9200/cluster_51b0cac1ff.live_20230804125536/_search?typed_keys=true&max_concurrent_shard_requests=5&ignore_unavailable=false&expand_wildcards=open&allow_no_indices=true&ignore_throttled=true&search_type=query_then_fetch&batched_reduce_size=512&ccs_minimize_roundtrips=true] returned 2 warnings: [299 Elasticsearch-7.16.1-5b38441b16b1ebb16a27c107a4c3865776e20c53 "Elasticsearch built-in security features are not enabled. Without authentication, your cluster could be accessible to anyone. See https://www.elastic.co/guide/en/elasticsearch/reference/7.16/security-minimal-setup.html to enable security."],[299 Elasticsearch-7.16.1-5b38441b16b1ebb16a27c107a4c3865776e20c53 "[ignore_throttled] parameter is deprecated because frozen indices have been deprecated. Consider cold or frozen tiers in place of frozen indices."]
2023-08-04 12:56:01,115 INFO  [com.dot.ContainerResource] (docker-java-stream-824381349) STDOUT: 12:56:01.114  WARN  client.RestClient - request [POST http://elasticsearch:9200/cluster_51b0cac1ff.live_20230804125536/_search?typed_keys=true&max_concurrent_shard_requests=5&ignore_unavailable=false&expand_wildcards=open&allow_no_indices=true&ignore_throttled=true&search_type=query_then_fetch&batched_reduce_size=512&ccs_minimize_roundtrips=true] returned 2 warnings: [299 Elasticsearch-7.16.1-5b38441b16b1ebb16a27c107a4c3865776e20c53 "Elasticsearch built-in security features are not enabled. Without authentication, your cluster could be accessible to anyone. See https://www.elastic.co/guide/en/elasticsearch/reference/7.16/security-minimal-setup.html to enable security."],[299 Elasticsearch-7.16.1-5b38441b16b1ebb16a27c107a4c3865776e20c53 "[ignore_throttled] parameter is deprecated because frozen indices have been deprecated. Consider cold or frozen tiers in place of frozen indices."]
2023-08-04 12:56:01,125 INFO  [com.dot.ContainerResource] (docker-java-stream-824381349) STDOUT: 12:56:01.124  WARN  client.RestClient - request [POST http://elasticsearch:9200/cluster_51b0cac1ff.live_20230804125536/_search?typed_keys=true&max_concurrent_shard_requests=5&ignore_unavailable=false&expand_wildcards=open&allow_no_indices=true&ignore_throttled=true&search_type=query_then_fetch&batched_reduce_size=512&ccs_minimize_roundtrips=true] returned 2 warnings: [299 Elasticsearch-7.16.1-5b38441b16b1ebb16a27c107a4c3865776e20c53 "Elasticsearch built-in security features are not enabled. Without authentication, your cluster could be accessible to anyone. See https://www.elastic.co/guide/en/elasticsearch/reference/7.16/security-minimal-setup.html to enable security."],[299 Elasticsearch-7.16.1-5b38441b16b1ebb16a27c107a4c3865776e20c53 "[ignore_throttled] parameter is deprecated because frozen indices have been deprecated. Consider cold or frozen tiers in place of frozen indices."]
2023-08-04 12:56:01,131 INFO  [com.dot.ContainerResource] (docker-java-stream-824381349) STDOUT: 12:56:01.131  WARN  client.RestClient - request [POST http://elasticsearch:9200/cluster_51b0cac1ff.live_20230804125536/_search?typed_keys=true&max_concurrent_shard_requests=5&ignore_unavailable=false&expand_wildcards=open&allow_no_indices=true&ignore_throttled=true&search_type=query_then_fetch&batched_reduce_size=512&ccs_minimize_roundtrips=true] returned 2 warnings: [299 Elasticsearch-7.16.1-5b38441b16b1ebb16a27c107a4c3865776e20c53 "Elasticsearch built-in security features are not enabled. Without authentication, your cluster could be accessible to anyone. See https://www.elastic.co/guide/en/elasticsearch/reference/7.16/security-minimal-setup.html to enable security."],[299 Elasticsearch-7.16.1-5b38441b16b1ebb16a27c107a4c3865776e20c53 "[ignore_throttled] parameter is deprecated because frozen indices have been deprecated. Consider cold or frozen tiers in place of frozen indices."]
2023-08-04 12:56:01,137 INFO  [com.dot.ContainerResource] (docker-java-stream-824381349) STDOUT: 12:56:01.136  WARN  client.RestClient - request [POST http://elasticsearch:9200/cluster_51b0cac1ff.live_20230804125536/_search?typed_keys=true&max_concurrent_shard_requests=5&ignore_unavailable=false&expand_wildcards=open&allow_no_indices=true&ignore_throttled=true&search_type=query_then_fetch&batched_reduce_size=512&ccs_minimize_roundtrips=true] returned 2 warnings: [299 Elasticsearch-7.16.1-5b38441b16b1ebb16a27c107a4c3865776e20c53 "Elasticsearch built-in security features are not enabled. Without authentication, your cluster could be accessible to anyone. See https://www.elastic.co/guide/en/elasticsearch/reference/7.16/security-minimal-setup.html to enable security."],[299 Elasticsearch-7.16.1-5b38441b16b1ebb16a27c107a4c3865776e20c53 "[ignore_throttled] parameter is deprecated because frozen indices have been deprecated. Consider cold or frozen tiers in place of frozen indices."]
2023-08-04 12:56:01,145 INFO  [com.dot.ContainerResource] (docker-java-stream-824381349) STDOUT: 12:56:01.145  WARN  client.RestClient - request [POST http://elasticsearch:9200/cluster_51b0cac1ff.live_20230804125536/_search?typed_keys=true&max_concurrent_shard_requests=5&ignore_unavailable=false&expand_wildcards=open&allow_no_indices=true&ignore_throttled=true&search_type=query_then_fetch&batched_reduce_size=512&ccs_minimize_roundtrips=true] returned 2 warnings: [299 Elasticsearch-7.16.1-5b38441b16b1ebb16a27c107a4c3865776e20c53 "Elasticsearch built-in security features are not enabled. Without authentication, your cluster could be accessible to anyone. See https://www.elastic.co/guide/en/elasticsearch/reference/7.16/security-minimal-setup.html to enable security."],[299 Elasticsearch-7.16.1-5b38441b16b1ebb16a27c107a4c3865776e20c53 "[ignore_throttled] parameter is deprecated because frozen indices have been deprecated. Consider cold or frozen tiers in place of frozen indices."]
2023-08-04 12:56:01,153 INFO  [com.dot.ContainerResource] (docker-java-stream-824381349) STDOUT: 12:56:01.153  WARN  client.RestClient - request [POST http://elasticsearch:9200/cluster_51b0cac1ff.live_20230804125536/_search?typed_keys=true&max_concurrent_shard_requests=5&ignore_unavailable=false&expand_wildcards=open&allow_no_indices=true&ignore_throttled=true&search_type=query_then_fetch&batched_reduce_size=512&ccs_minimize_roundtrips=true] returned 2 warnings: [299 Elasticsearch-7.16.1-5b38441b16b1ebb16a27c107a4c3865776e20c53 "Elasticsearch built-in security features are not enabled. Without authentication, your cluster could be accessible to anyone. See https://www.elastic.co/guide/en/elasticsearch/reference/7.16/security-minimal-setup.html to enable security."],[299 Elasticsearch-7.16.1-5b38441b16b1ebb16a27c107a4c3865776e20c53 "[ignore_throttled] parameter is deprecated because frozen indices have been deprecated. Consider cold or frozen tiers in place of frozen indices."]
2023-08-04 12:56:01,165 INFO  [com.dot.ContainerResource] (docker-java-stream-824381349) STDOUT: 12:56:01.163  WARN  client.RestClient - request [POST http://elasticsearch:9200/cluster_51b0cac1ff.live_20230804125536/_search?typed_keys=true&max_concurrent_shard_requests=5&ignore_unavailable=false&expand_wildcards=open&allow_no_indices=true&ignore_throttled=true&search_type=query_then_fetch&batched_reduce_size=512&ccs_minimize_roundtrips=true] returned 2 warnings: [299 Elasticsearch-7.16.1-5b38441b16b1ebb16a27c107a4c3865776e20c53 "Elasticsearch built-in security features are not enabled. Without authentication, your cluster could be accessible to anyone. See https://www.elastic.co/guide/en/elasticsearch/reference/7.16/security-minimal-setup.html to enable security."],[299 Elasticsearch-7.16.1-5b38441b16b1ebb16a27c107a4c3865776e20c53 "[ignore_throttled] parameter is deprecated because frozen indices have been deprecated. Consider cold or frozen tiers in place of frozen indices."]
2023-08-04 12:56:01,170 INFO  [com.dot.ContainerResource] (docker-java-stream-824381349) STDOUT: 12:56:01.168  WARN  client.RestClient - request [POST http://elasticsearch:9200/cluster_51b0cac1ff.live_20230804125536/_search?typed_keys=true&max_concurrent_shard_requests=5&ignore_unavailable=false&expand_wildcards=open&allow_no_indices=true&ignore_throttled=true&search_type=query_then_fetch&batched_reduce_size=512&ccs_minimize_roundtrips=true] returned 2 warnings: [299 Elasticsearch-7.16.1-5b38441b16b1ebb16a27c107a4c3865776e20c53 "Elasticsearch built-in security features are not enabled. Without authentication, your cluster could be accessible to anyone. See https://www.elastic.co/guide/en/elasticsearch/reference/7.16/security-minimal-setup.html to enable security."],[299 Elasticsearch-7.16.1-5b38441b16b1ebb16a27c107a4c3865776e20c53 "[ignore_throttled] parameter is deprecated because frozen indices have been deprecated. Consider cold or frozen tiers in place of frozen indices."]
2023-08-04 12:56:01,174 INFO  [com.dot.ContainerResource] (docker-java-stream-824381349) STDOUT: 12:56:01.173  WARN  client.RestClient - request [POST http://elasticsearch:9200/cluster_51b0cac1ff.live_20230804125536/_search?typed_keys=true&max_concurrent_shard_requests=5&ignore_unavailable=false&expand_wildcards=open&allow_no_indices=true&ignore_throttled=true&search_type=query_then_fetch&batched_reduce_size=512&ccs_minimize_roundtrips=true] returned 2 warnings: [299 Elasticsearch-7.16.1-5b38441b16b1ebb16a27c107a4c3865776e20c53 "Elasticsearch built-in security features are not enabled. Without authentication, your cluster could be accessible to anyone. See https://www.elastic.co/guide/en/elasticsearch/reference/7.16/security-minimal-setup.html to enable security."],[299 Elasticsearch-7.16.1-5b38441b16b1ebb16a27c107a4c3865776e20c53 "[ignore_throttled] parameter is deprecated because frozen indices have been deprecated. Consider cold or frozen tiers in place of frozen indices."]
2023-08-04 12:56:01,180 INFO  [com.dot.ContainerResource] (docker-java-stream-824381349) STDOUT: 12:56:01.180  WARN  client.RestClient - request [POST http://elasticsearch:9200/cluster_51b0cac1ff.live_20230804125536/_search?typed_keys=true&max_concurrent_shard_requests=5&ignore_unavailable=false&expand_wildcards=open&allow_no_indices=true&ignore_throttled=true&search_type=query_then_fetch&batched_reduce_size=512&ccs_minimize_roundtrips=true] returned 2 warnings: [299 Elasticsearch-7.16.1-5b38441b16b1ebb16a27c107a4c3865776e20c53 "Elasticsearch built-in security features are not enabled. Without authentication, your cluster could be accessible to anyone. See https://www.elastic.co/guide/en/elasticsearch/reference/7.16/security-minimal-setup.html to enable security."],[299 Elasticsearch-7.16.1-5b38441b16b1ebb16a27c107a4c3865776e20c53 "[ignore_throttled] parameter is deprecated because frozen indices have been deprecated. Consider cold or frozen tiers in place of frozen indices."]
2023-08-04 12:56:01,190 INFO  [com.dot.ContainerResource] (docker-java-stream-824381349) STDOUT: 12:56:01.188  WARN  client.RestClient - request [POST http://elasticsearch:9200/cluster_51b0cac1ff.live_20230804125536/_search?typed_keys=true&max_concurrent_shard_requests=5&ignore_unavailable=false&expand_wildcards=open&allow_no_indices=true&ignore_throttled=true&search_type=query_then_fetch&batched_reduce_size=512&ccs_minimize_roundtrips=true] returned 2 warnings: [299 Elasticsearch-7.16.1-5b38441b16b1ebb16a27c107a4c3865776e20c53 "Elasticsearch built-in security features are not enabled. Without authentication, your cluster could be accessible to anyone. See https://www.elastic.co/guide/en/elasticsearch/reference/7.16/security-minimal-setup.html to enable security."],[299 Elasticsearch-7.16.1-5b38441b16b1ebb16a27c107a4c3865776e20c53 "[ignore_throttled] parameter is deprecated because frozen indices have been deprecated. Consider cold or frozen tiers in place of frozen indices."]
2023-08-04 12:56:01,202 INFO  [com.dot.ContainerResource] (docker-java-stream-824381349) STDOUT: 12:56:01.200  WARN  client.RestClient - request [POST http://elasticsearch:9200/cluster_51b0cac1ff.live_20230804125536/_search?typed_keys=true&max_concurrent_shard_requests=5&ignore_unavailable=false&expand_wildcards=open&allow_no_indices=true&ignore_throttled=true&search_type=query_then_fetch&batched_reduce_size=512&ccs_minimize_roundtrips=true] returned 2 warnings: [299 Elasticsearch-7.16.1-5b38441b16b1ebb16a27c107a4c3865776e20c53 "Elasticsearch built-in security features are not enabled. Without authentication, your cluster could be accessible to anyone. See https://www.elastic.co/guide/en/elasticsearch/reference/7.16/security-minimal-setup.html to enable security."],[299 Elasticsearch-7.16.1-5b38441b16b1ebb16a27c107a4c3865776e20c53 "[ignore_throttled] parameter is deprecated because frozen indices have been deprecated. Consider cold or frozen tiers in place of frozen indices."]
2023-08-04 12:56:01,224 INFO  [com.dot.ContainerResource] (docker-java-stream-824381349) STDOUT: 12:56:01.220  WARN  client.RestClient - request [POST http://elasticsearch:9200/cluster_51b0cac1ff.live_20230804125536/_search?typed_keys=true&max_concurrent_shard_requests=5&ignore_unavailable=false&expand_wildcards=open&allow_no_indices=true&ignore_throttled=true&search_type=query_then_fetch&batched_reduce_size=512&ccs_minimize_roundtrips=true] returned 2 warnings: [299 Elasticsearch-7.16.1-5b38441b16b1ebb16a27c107a4c3865776e20c53 "Elasticsearch built-in security features are not enabled. Without authentication, your cluster could be accessible to anyone. See https://www.elastic.co/guide/en/elasticsearch/reference/7.16/security-minimal-setup.html to enable security."],[299 Elasticsearch-7.16.1-5b38441b16b1ebb16a27c107a4c3865776e20c53 "[ignore_throttled] parameter is deprecated because frozen indices have been deprecated. Consider cold or frozen tiers in place of frozen indices."]
2023-08-04 12:56:01,234 INFO  [com.dot.ContainerResource] (docker-java-stream-824381349) STDOUT: 12:56:01.232  WARN  client.RestClient - request [POST http://elasticsearch:9200/cluster_51b0cac1ff.live_20230804125536/_search?typed_keys=true&max_concurrent_shard_requests=5&ignore_unavailable=false&expand_wildcards=open&allow_no_indices=true&ignore_throttled=true&search_type=query_then_fetch&batched_reduce_size=512&ccs_minimize_roundtrips=true] returned 2 warnings: [299 Elasticsearch-7.16.1-5b38441b16b1ebb16a27c107a4c3865776e20c53 "Elasticsearch built-in security features are not enabled. Without authentication, your cluster could be accessible to anyone. See https://www.elastic.co/guide/en/elasticsearch/reference/7.16/security-minimal-setup.html to enable security."],[299 Elasticsearch-7.16.1-5b38441b16b1ebb16a27c107a4c3865776e20c53 "[ignore_throttled] parameter is deprecated because frozen indices have been deprecated. Consider cold or frozen tiers in place of frozen indices."]
2023-08-04 12:56:01,240 INFO  [com.dot.ContainerResource] (docker-java-stream-824381349) STDOUT: 12:56:01.239  WARN  client.RestClient - request [POST http://elasticsearch:9200/cluster_51b0cac1ff.live_20230804125536/_search?typed_keys=true&max_concurrent_shard_requests=5&ignore_unavailable=false&expand_wildcards=open&allow_no_indices=true&ignore_throttled=true&search_type=query_then_fetch&batched_reduce_size=512&ccs_minimize_roundtrips=true] returned 2 warnings: [299 Elasticsearch-7.16.1-5b38441b16b1ebb16a27c107a4c3865776e20c53 "Elasticsearch built-in security features are not enabled. Without authentication, your cluster could be accessible to anyone. See https://www.elastic.co/guide/en/elasticsearch/reference/7.16/security-minimal-setup.html to enable security."],[299 Elasticsearch-7.16.1-5b38441b16b1ebb16a27c107a4c3865776e20c53 "[ignore_throttled] parameter is deprecated because frozen indices have been deprecated. Consider cold or frozen tiers in place of frozen indices."]
2023-08-04 12:56:01,248 INFO  [com.dot.ContainerResource] (docker-java-stream-824381349) STDOUT: 12:56:01.245  WARN  client.RestClient - request [POST http://elasticsearch:9200/cluster_51b0cac1ff.live_20230804125536/_search?typed_keys=true&max_concurrent_shard_requests=5&ignore_unavailable=false&expand_wildcards=open&allow_no_indices=true&ignore_throttled=true&search_type=query_then_fetch&batched_reduce_size=512&ccs_minimize_roundtrips=true] returned 2 warnings: [299 Elasticsearch-7.16.1-5b38441b16b1ebb16a27c107a4c3865776e20c53 "Elasticsearch built-in security features are not enabled. Without authentication, your cluster could be accessible to anyone. See https://www.elastic.co/guide/en/elasticsearch/reference/7.16/security-minimal-setup.html to enable security."],[299 Elasticsearch-7.16.1-5b38441b16b1ebb16a27c107a4c3865776e20c53 "[ignore_throttled] parameter is deprecated because frozen indices have been deprecated. Consider cold or frozen tiers in place of frozen indices."]
2023-08-04 12:56:01,252 INFO  [com.dot.ContainerResource] (docker-java-stream-824381349) STDOUT: 12:56:01.251  WARN  client.RestClient - request [POST http://elasticsearch:9200/cluster_51b0cac1ff.live_20230804125536/_search?typed_keys=true&max_concurrent_shard_requests=5&ignore_unavailable=false&expand_wildcards=open&allow_no_indices=true&ignore_throttled=true&search_type=query_then_fetch&batched_reduce_size=512&ccs_minimize_roundtrips=true] returned 2 warnings: [299 Elasticsearch-7.16.1-5b38441b16b1ebb16a27c107a4c3865776e20c53 "Elasticsearch built-in security features are not enabled. Without authentication, your cluster could be accessible to anyone. See https://www.elastic.co/guide/en/elasticsearch/reference/7.16/security-minimal-setup.html to enable security."],[299 Elasticsearch-7.16.1-5b38441b16b1ebb16a27c107a4c3865776e20c53 "[ignore_throttled] parameter is deprecated because frozen indices have been deprecated. Consider cold or frozen tiers in place of frozen indices."]
2023-08-04 12:56:01,257 INFO  [com.dot.ContainerResource] (docker-java-stream-824381349) STDOUT: 12:56:01.256  WARN  client.RestClient - request [POST http://elasticsearch:9200/cluster_51b0cac1ff.live_20230804125536/_search?typed_keys=true&max_concurrent_shard_requests=5&ignore_unavailable=false&expand_wildcards=open&allow_no_indices=true&ignore_throttled=true&search_type=query_then_fetch&batched_reduce_size=512&ccs_minimize_roundtrips=true] returned 2 warnings: [299 Elasticsearch-7.16.1-5b38441b16b1ebb16a27c107a4c3865776e20c53 "Elasticsearch built-in security features are not enabled. Without authentication, your cluster could be accessible to anyone. See https://www.elastic.co/guide/en/elasticsearch/reference/7.16/security-minimal-setup.html to enable security."],[299 Elasticsearch-7.16.1-5b38441b16b1ebb16a27c107a4c3865776e20c53 "[ignore_throttled] parameter is deprecated because frozen indices have been deprecated. Consider cold or frozen tiers in place of frozen indices."]
2023-08-04 12:56:01,262 INFO  [com.dot.ContainerResource] (docker-java-stream-824381349) STDOUT: 12:56:01.262  WARN  client.RestClient - request [POST http://elasticsearch:9200/cluster_51b0cac1ff.live_20230804125536/_search?typed_keys=true&max_concurrent_shard_requests=5&ignore_unavailable=false&expand_wildcards=open&allow_no_indices=true&ignore_throttled=true&search_type=query_then_fetch&batched_reduce_size=512&ccs_minimize_roundtrips=true] returned 2 warnings: [299 Elasticsearch-7.16.1-5b38441b16b1ebb16a27c107a4c3865776e20c53 "Elasticsearch built-in security features are not enabled. Without authentication, your cluster could be accessible to anyone. See https://www.elastic.co/guide/en/elasticsearch/reference/7.16/security-minimal-setup.html to enable security."],[299 Elasticsearch-7.16.1-5b38441b16b1ebb16a27c107a4c3865776e20c53 "[ignore_throttled] parameter is deprecated because frozen indices have been deprecated. Consider cold or frozen tiers in place of frozen indices."]
2023-08-04 12:56:01,267 INFO  [com.dot.ContainerResource] (docker-java-stream-824381349) STDOUT: 12:56:01.267  WARN  client.RestClient - request [POST http://elasticsearch:9200/cluster_51b0cac1ff.live_20230804125536/_search?typed_keys=true&max_concurrent_shard_requests=5&ignore_unavailable=false&expand_wildcards=open&allow_no_indices=true&ignore_throttled=true&search_type=query_then_fetch&batched_reduce_size=512&ccs_minimize_roundtrips=true] returned 2 warnings: [299 Elasticsearch-7.16.1-5b38441b16b1ebb16a27c107a4c3865776e20c53 "Elasticsearch built-in security features are not enabled. Without authentication, your cluster could be accessible to anyone. See https://www.elastic.co/guide/en/elasticsearch/reference/7.16/security-minimal-setup.html to enable security."],[299 Elasticsearch-7.16.1-5b38441b16b1ebb16a27c107a4c3865776e20c53 "[ignore_throttled] parameter is deprecated because frozen indices have been deprecated. Consider cold or frozen tiers in place of frozen indices."]
2023-08-04 12:56:01,273 INFO  [com.dot.ContainerResource] (docker-java-stream-824381349) STDOUT: 12:56:01.272  WARN  client.RestClient - request [POST http://elasticsearch:9200/cluster_51b0cac1ff.live_20230804125536/_search?typed_keys=true&max_concurrent_shard_requests=5&ignore_unavailable=false&expand_wildcards=open&allow_no_indices=true&ignore_throttled=true&search_type=query_then_fetch&batched_reduce_size=512&ccs_minimize_roundtrips=true] returned 2 warnings: [299 Elasticsearch-7.16.1-5b38441b16b1ebb16a27c107a4c3865776e20c53 "Elasticsearch built-in security features are not enabled. Without authentication, your cluster could be accessible to anyone. See https://www.elastic.co/guide/en/elasticsearch/reference/7.16/security-minimal-setup.html to enable security."],[299 Elasticsearch-7.16.1-5b38441b16b1ebb16a27c107a4c3865776e20c53 "[ignore_throttled] parameter is deprecated because frozen indices have been deprecated. Consider cold or frozen tiers in place of frozen indices."]
2023-08-04 12:56:01,279 INFO  [com.dot.ContainerResource] (docker-java-stream-824381349) STDOUT: 12:56:01.279  WARN  client.RestClient - request [POST http://elasticsearch:9200/cluster_51b0cac1ff.live_20230804125536/_search?typed_keys=true&max_concurrent_shard_requests=5&ignore_unavailable=false&expand_wildcards=open&allow_no_indices=true&ignore_throttled=true&search_type=query_then_fetch&batched_reduce_size=512&ccs_minimize_roundtrips=true] returned 2 warnings: [299 Elasticsearch-7.16.1-5b38441b16b1ebb16a27c107a4c3865776e20c53 "Elasticsearch built-in security features are not enabled. Without authentication, your cluster could be accessible to anyone. See https://www.elastic.co/guide/en/elasticsearch/reference/7.16/security-minimal-setup.html to enable security."],[299 Elasticsearch-7.16.1-5b38441b16b1ebb16a27c107a4c3865776e20c53 "[ignore_throttled] parameter is deprecated because frozen indices have been deprecated. Consider cold or frozen tiers in place of frozen indices."]
2023-08-04 12:56:01,284 INFO  [com.dot.ContainerResource] (docker-java-stream-824381349) STDOUT: 12:56:01.284  WARN  client.RestClient - request [POST http://elasticsearch:9200/cluster_51b0cac1ff.live_20230804125536/_search?typed_keys=true&max_concurrent_shard_requests=5&ignore_unavailable=false&expand_wildcards=open&allow_no_indices=true&ignore_throttled=true&search_type=query_then_fetch&batched_reduce_size=512&ccs_minimize_roundtrips=true] returned 2 warnings: [299 Elasticsearch-7.16.1-5b38441b16b1ebb16a27c107a4c3865776e20c53 "Elasticsearch built-in security features are not enabled. Without authentication, your cluster could be accessible to anyone. See https://www.elastic.co/guide/en/elasticsearch/reference/7.16/security-minimal-setup.html to enable security."],[299 Elasticsearch-7.16.1-5b38441b16b1ebb16a27c107a4c3865776e20c53 "[ignore_throttled] parameter is deprecated because frozen indices have been deprecated. Consider cold or frozen tiers in place of frozen indices."]
2023-08-04 12:56:01,289 INFO  [com.dot.ContainerResource] (docker-java-stream-824381349) STDOUT: 12:56:01.289  WARN  client.RestClient - request [POST http://elasticsearch:9200/cluster_51b0cac1ff.live_20230804125536/_search?typed_keys=true&max_concurrent_shard_requests=5&ignore_unavailable=false&expand_wildcards=open&allow_no_indices=true&ignore_throttled=true&search_type=query_then_fetch&batched_reduce_size=512&ccs_minimize_roundtrips=true] returned 2 warnings: [299 Elasticsearch-7.16.1-5b38441b16b1ebb16a27c107a4c3865776e20c53 "Elasticsearch built-in security features are not enabled. Without authentication, your cluster could be accessible to anyone. See https://www.elastic.co/guide/en/elasticsearch/reference/7.16/security-minimal-setup.html to enable security."],[299 Elasticsearch-7.16.1-5b38441b16b1ebb16a27c107a4c3865776e20c53 "[ignore_throttled] parameter is deprecated because frozen indices have been deprecated. Consider cold or frozen tiers in place of frozen indices."]
2023-08-04 12:56:01,295 INFO  [com.dot.ContainerResource] (docker-java-stream-824381349) STDOUT: 12:56:01.295  WARN  client.RestClient - request [POST http://elasticsearch:9200/cluster_51b0cac1ff.live_20230804125536/_search?typed_keys=true&max_concurrent_shard_requests=5&ignore_unavailable=false&expand_wildcards=open&allow_no_indices=true&ignore_throttled=true&search_type=query_then_fetch&batched_reduce_size=512&ccs_minimize_roundtrips=true] returned 2 warnings: [299 Elasticsearch-7.16.1-5b38441b16b1ebb16a27c107a4c3865776e20c53 "Elasticsearch built-in security features are not enabled. Without authentication, your cluster could be accessible to anyone. See https://www.elastic.co/guide/en/elasticsearch/reference/7.16/security-minimal-setup.html to enable security."],[299 Elasticsearch-7.16.1-5b38441b16b1ebb16a27c107a4c3865776e20c53 "[ignore_throttled] parameter is deprecated because frozen indices have been deprecated. Consider cold or frozen tiers in place of frozen indices."]
2023-08-04 12:56:01,301 INFO  [com.dot.ContainerResource] (docker-java-stream-824381349) STDOUT: 12:56:01.301  WARN  client.RestClient - request [POST http://elasticsearch:9200/cluster_51b0cac1ff.live_20230804125536/_search?typed_keys=true&max_concurrent_shard_requests=5&ignore_unavailable=false&expand_wildcards=open&allow_no_indices=true&ignore_throttled=true&search_type=query_then_fetch&batched_reduce_size=512&ccs_minimize_roundtrips=true] returned 2 warnings: [299 Elasticsearch-7.16.1-5b38441b16b1ebb16a27c107a4c3865776e20c53 "Elasticsearch built-in security features are not enabled. Without authentication, your cluster could be accessible to anyone. See https://www.elastic.co/guide/en/elasticsearch/reference/7.16/security-minimal-setup.html to enable security."],[299 Elasticsearch-7.16.1-5b38441b16b1ebb16a27c107a4c3865776e20c53 "[ignore_throttled] parameter is deprecated because frozen indices have been deprecated. Consider cold or frozen tiers in place of frozen indices."]
2023-08-04 12:56:01,315 INFO  [com.dot.ContainerResource] (docker-java-stream-824381349) STDOUT: 12:56:01.314  WARN  client.RestClient - request [POST http://elasticsearch:9200/cluster_51b0cac1ff.live_20230804125536/_search?typed_keys=true&max_concurrent_shard_requests=5&ignore_unavailable=false&expand_wildcards=open&allow_no_indices=true&ignore_throttled=true&search_type=query_then_fetch&batched_reduce_size=512&ccs_minimize_roundtrips=true] returned 2 warnings: [299 Elasticsearch-7.16.1-5b38441b16b1ebb16a27c107a4c3865776e20c53 "Elasticsearch built-in security features are not enabled. Without authentication, your cluster could be accessible to anyone. See https://www.elastic.co/guide/en/elasticsearch/reference/7.16/security-minimal-setup.html to enable security."],[299 Elasticsearch-7.16.1-5b38441b16b1ebb16a27c107a4c3865776e20c53 "[ignore_throttled] parameter is deprecated because frozen indices have been deprecated. Consider cold or frozen tiers in place of frozen indices."]
2023-08-04 12:56:01,321 INFO  [com.dot.ContainerResource] (docker-java-stream-824381349) STDOUT: 12:56:01.320  WARN  client.RestClient - request [POST http://elasticsearch:9200/cluster_51b0cac1ff.live_20230804125536/_search?typed_keys=true&max_concurrent_shard_requests=5&ignore_unavailable=false&expand_wildcards=open&allow_no_indices=true&ignore_throttled=true&search_type=query_then_fetch&batched_reduce_size=512&ccs_minimize_roundtrips=true] returned 2 warnings: [299 Elasticsearch-7.16.1-5b38441b16b1ebb16a27c107a4c3865776e20c53 "Elasticsearch built-in security features are not enabled. Without authentication, your cluster could be accessible to anyone. See https://www.elastic.co/guide/en/elasticsearch/reference/7.16/security-minimal-setup.html to enable security."],[299 Elasticsearch-7.16.1-5b38441b16b1ebb16a27c107a4c3865776e20c53 "[ignore_throttled] parameter is deprecated because frozen indices have been deprecated. Consider cold or frozen tiers in place of frozen indices."]
2023-08-04 12:56:01,325 INFO  [com.dot.ContainerResource] (docker-java-stream-824381349) STDOUT: 12:56:01.325  WARN  client.RestClient - request [POST http://elasticsearch:9200/cluster_51b0cac1ff.live_20230804125536/_search?typed_keys=true&max_concurrent_shard_requests=5&ignore_unavailable=false&expand_wildcards=open&allow_no_indices=true&ignore_throttled=true&search_type=query_then_fetch&batched_reduce_size=512&ccs_minimize_roundtrips=true] returned 2 warnings: [299 Elasticsearch-7.16.1-5b38441b16b1ebb16a27c107a4c3865776e20c53 "Elasticsearch built-in security features are not enabled. Without authentication, your cluster could be accessible to anyone. See https://www.elastic.co/guide/en/elasticsearch/reference/7.16/security-minimal-setup.html to enable security."],[299 Elasticsearch-7.16.1-5b38441b16b1ebb16a27c107a4c3865776e20c53 "[ignore_throttled] parameter is deprecated because frozen indices have been deprecated. Consider cold or frozen tiers in place of frozen indices."]
2023-08-04 12:56:01,334 INFO  [com.dot.ContainerResource] (docker-java-stream-824381349) STDOUT: 12:56:01.333  WARN  client.RestClient - request [POST http://elasticsearch:9200/cluster_51b0cac1ff.live_20230804125536/_search?typed_keys=true&max_concurrent_shard_requests=5&ignore_unavailable=false&expand_wildcards=open&allow_no_indices=true&ignore_throttled=true&search_type=query_then_fetch&batched_reduce_size=512&ccs_minimize_roundtrips=true] returned 2 warnings: [299 Elasticsearch-7.16.1-5b38441b16b1ebb16a27c107a4c3865776e20c53 "Elasticsearch built-in security features are not enabled. Without authentication, your cluster could be accessible to anyone. See https://www.elastic.co/guide/en/elasticsearch/reference/7.16/security-minimal-setup.html to enable security."],[299 Elasticsearch-7.16.1-5b38441b16b1ebb16a27c107a4c3865776e20c53 "[ignore_throttled] parameter is deprecated because frozen indices have been deprecated. Consider cold or frozen tiers in place of frozen indices."]
2023-08-04 12:56:01,338 INFO  [com.dot.ContainerResource] (docker-java-stream-824381349) STDOUT: 12:56:01.338  WARN  client.RestClient - request [POST http://elasticsearch:9200/cluster_51b0cac1ff.live_20230804125536/_search?typed_keys=true&max_concurrent_shard_requests=5&ignore_unavailable=false&expand_wildcards=open&allow_no_indices=true&ignore_throttled=true&search_type=query_then_fetch&batched_reduce_size=512&ccs_minimize_roundtrips=true] returned 2 warnings: [299 Elasticsearch-7.16.1-5b38441b16b1ebb16a27c107a4c3865776e20c53 "Elasticsearch built-in security features are not enabled. Without authentication, your cluster could be accessible to anyone. See https://www.elastic.co/guide/en/elasticsearch/reference/7.16/security-minimal-setup.html to enable security."],[299 Elasticsearch-7.16.1-5b38441b16b1ebb16a27c107a4c3865776e20c53 "[ignore_throttled] parameter is deprecated because frozen indices have been deprecated. Consider cold or frozen tiers in place of frozen indices."]
2023-08-04 12:56:01,357 INFO  [com.dot.ContainerResource] (docker-java-stream-824381349) STDOUT: 12:56:01.355  WARN  client.RestClient - request [POST http://elasticsearch:9200/cluster_51b0cac1ff.live_20230804125536/_search?typed_keys=true&max_concurrent_shard_requests=5&ignore_unavailable=false&expand_wildcards=open&allow_no_indices=true&ignore_throttled=true&search_type=query_then_fetch&batched_reduce_size=512&ccs_minimize_roundtrips=true] returned 2 warnings: [299 Elasticsearch-7.16.1-5b38441b16b1ebb16a27c107a4c3865776e20c53 "Elasticsearch built-in security features are not enabled. Without authentication, your cluster could be accessible to anyone. See https://www.elastic.co/guide/en/elasticsearch/reference/7.16/security-minimal-setup.html to enable security."],[299 Elasticsearch-7.16.1-5b38441b16b1ebb16a27c107a4c3865776e20c53 "[ignore_throttled] parameter is deprecated because frozen indices have been deprecated. Consider cold or frozen tiers in place of frozen indices."]
2023-08-04 12:56:01,364 INFO  [com.dot.ContainerResource] (docker-java-stream-824381349) STDOUT: 12:56:01.363  WARN  client.RestClient - request [POST http://elasticsearch:9200/cluster_51b0cac1ff.live_20230804125536/_search?typed_keys=true&max_concurrent_shard_requests=5&ignore_unavailable=false&expand_wildcards=open&allow_no_indices=true&ignore_throttled=true&search_type=query_then_fetch&batched_reduce_size=512&ccs_minimize_roundtrips=true] returned 2 warnings: [299 Elasticsearch-7.16.1-5b38441b16b1ebb16a27c107a4c3865776e20c53 "Elasticsearch built-in security features are not enabled. Without authentication, your cluster could be accessible to anyone. See https://www.elastic.co/guide/en/elasticsearch/reference/7.16/security-minimal-setup.html to enable security."],[299 Elasticsearch-7.16.1-5b38441b16b1ebb16a27c107a4c3865776e20c53 "[ignore_throttled] parameter is deprecated because frozen indices have been deprecated. Consider cold or frozen tiers in place of frozen indices."]
2023-08-04 12:56:01,380 INFO  [com.dot.ContainerResource] (docker-java-stream-824381349) STDOUT: 12:56:01.380  WARN  client.RestClient - request [POST http://elasticsearch:9200/cluster_51b0cac1ff.live_20230804125536/_search?typed_keys=true&max_concurrent_shard_requests=5&ignore_unavailable=false&expand_wildcards=open&allow_no_indices=true&ignore_throttled=true&search_type=query_then_fetch&batched_reduce_size=512&ccs_minimize_roundtrips=true] returned 2 warnings: [299 Elasticsearch-7.16.1-5b38441b16b1ebb16a27c107a4c3865776e20c53 "Elasticsearch built-in security features are not enabled. Without authentication, your cluster could be accessible to anyone. See https://www.elastic.co/guide/en/elasticsearch/reference/7.16/security-minimal-setup.html to enable security."],[299 Elasticsearch-7.16.1-5b38441b16b1ebb16a27c107a4c3865776e20c53 "[ignore_throttled] parameter is deprecated because frozen indices have been deprecated. Consider cold or frozen tiers in place of frozen indices."]
2023-08-04 12:56:01,391 INFO  [com.dot.ContainerResource] (docker-java-stream-824381349) STDOUT: 12:56:01.391  WARN  client.RestClient - request [POST http://elasticsearch:9200/cluster_51b0cac1ff.live_20230804125536/_search?typed_keys=true&max_concurrent_shard_requests=5&ignore_unavailable=false&expand_wildcards=open&allow_no_indices=true&ignore_throttled=true&search_type=query_then_fetch&batched_reduce_size=512&ccs_minimize_roundtrips=true] returned 2 warnings: [299 Elasticsearch-7.16.1-5b38441b16b1ebb16a27c107a4c3865776e20c53 "Elasticsearch built-in security features are not enabled. Without authentication, your cluster could be accessible to anyone. See https://www.elastic.co/guide/en/elasticsearch/reference/7.16/security-minimal-setup.html to enable security."],[299 Elasticsearch-7.16.1-5b38441b16b1ebb16a27c107a4c3865776e20c53 "[ignore_throttled] parameter is deprecated because frozen indices have been deprecated. Consider cold or frozen tiers in place of frozen indices."]
2023-08-04 12:56:01,404 INFO  [com.dot.ContainerResource] (docker-java-stream-824381349) STDOUT: 12:56:01.403  WARN  client.RestClient - request [POST http://elasticsearch:9200/cluster_51b0cac1ff.live_20230804125536/_search?typed_keys=true&max_concurrent_shard_requests=5&ignore_unavailable=false&expand_wildcards=open&allow_no_indices=true&ignore_throttled=true&search_type=query_then_fetch&batched_reduce_size=512&ccs_minimize_roundtrips=true] returned 2 warnings: [299 Elasticsearch-7.16.1-5b38441b16b1ebb16a27c107a4c3865776e20c53 "Elasticsearch built-in security features are not enabled. Without authentication, your cluster could be accessible to anyone. See https://www.elastic.co/guide/en/elasticsearch/reference/7.16/security-minimal-setup.html to enable security."],[299 Elasticsearch-7.16.1-5b38441b16b1ebb16a27c107a4c3865776e20c53 "[ignore_throttled] parameter is deprecated because frozen indices have been deprecated. Consider cold or frozen tiers in place of frozen indices."]
2023-08-04 12:56:01,412 INFO  [com.dot.ContainerResource] (docker-java-stream-824381349) STDOUT: 12:56:01.412  WARN  client.RestClient - request [POST http://elasticsearch:9200/cluster_51b0cac1ff.live_20230804125536/_search?typed_keys=true&max_concurrent_shard_requests=5&ignore_unavailable=false&expand_wildcards=open&allow_no_indices=true&ignore_throttled=true&search_type=query_then_fetch&batched_reduce_size=512&ccs_minimize_roundtrips=true] returned 2 warnings: [299 Elasticsearch-7.16.1-5b38441b16b1ebb16a27c107a4c3865776e20c53 "Elasticsearch built-in security features are not enabled. Without authentication, your cluster could be accessible to anyone. See https://www.elastic.co/guide/en/elasticsearch/reference/7.16/security-minimal-setup.html to enable security."],[299 Elasticsearch-7.16.1-5b38441b16b1ebb16a27c107a4c3865776e20c53 "[ignore_throttled] parameter is deprecated because frozen indices have been deprecated. Consider cold or frozen tiers in place of frozen indices."]
2023-08-04 12:56:01,419 INFO  [com.dot.ContainerResource] (docker-java-stream-824381349) STDOUT: 12:56:01.419  WARN  client.RestClient - request [POST http://elasticsearch:9200/cluster_51b0cac1ff.live_20230804125536/_search?typed_keys=true&max_concurrent_shard_requests=5&ignore_unavailable=false&expand_wildcards=open&allow_no_indices=true&ignore_throttled=true&search_type=query_then_fetch&batched_reduce_size=512&ccs_minimize_roundtrips=true] returned 2 warnings: [299 Elasticsearch-7.16.1-5b38441b16b1ebb16a27c107a4c3865776e20c53 "Elasticsearch built-in security features are not enabled. Without authentication, your cluster could be accessible to anyone. See https://www.elastic.co/guide/en/elasticsearch/reference/7.16/security-minimal-setup.html to enable security."],[299 Elasticsearch-7.16.1-5b38441b16b1ebb16a27c107a4c3865776e20c53 "[ignore_throttled] parameter is deprecated because frozen indices have been deprecated. Consider cold or frozen tiers in place of frozen indices."]
2023-08-04 12:56:01,428 INFO  [com.dot.ContainerResource] (docker-java-stream-824381349) STDOUT: 12:56:01.428  WARN  client.RestClient - request [POST http://elasticsearch:9200/cluster_51b0cac1ff.live_20230804125536/_search?typed_keys=true&max_concurrent_shard_requests=5&ignore_unavailable=false&expand_wildcards=open&allow_no_indices=true&ignore_throttled=true&search_type=query_then_fetch&batched_reduce_size=512&ccs_minimize_roundtrips=true] returned 2 warnings: [299 Elasticsearch-7.16.1-5b38441b16b1ebb16a27c107a4c3865776e20c53 "Elasticsearch built-in security features are not enabled. Without authentication, your cluster could be accessible to anyone. See https://www.elastic.co/guide/en/elasticsearch/reference/7.16/security-minimal-setup.html to enable security."],[299 Elasticsearch-7.16.1-5b38441b16b1ebb16a27c107a4c3865776e20c53 "[ignore_throttled] parameter is deprecated because frozen indices have been deprecated. Consider cold or frozen tiers in place of frozen indices."]
2023-08-04 12:56:01,437 INFO  [com.dot.ContainerResource] (docker-java-stream-824381349) STDOUT: 12:56:01.437  WARN  client.RestClient - request [POST http://elasticsearch:9200/cluster_51b0cac1ff.live_20230804125536/_search?typed_keys=true&max_concurrent_shard_requests=5&ignore_unavailable=false&expand_wildcards=open&allow_no_indices=true&ignore_throttled=true&search_type=query_then_fetch&batched_reduce_size=512&ccs_minimize_roundtrips=true] returned 2 warnings: [299 Elasticsearch-7.16.1-5b38441b16b1ebb16a27c107a4c3865776e20c53 "Elasticsearch built-in security features are not enabled. Without authentication, your cluster could be accessible to anyone. See https://www.elastic.co/guide/en/elasticsearch/reference/7.16/security-minimal-setup.html to enable security."],[299 Elasticsearch-7.16.1-5b38441b16b1ebb16a27c107a4c3865776e20c53 "[ignore_throttled] parameter is deprecated because frozen indices have been deprecated. Consider cold or frozen tiers in place of frozen indices."]
2023-08-04 12:56:01,448 INFO  [com.dot.ContainerResource] (docker-java-stream-824381349) STDOUT: 12:56:01.447  WARN  client.RestClient - request [POST http://elasticsearch:9200/cluster_51b0cac1ff.live_20230804125536/_search?typed_keys=true&max_concurrent_shard_requests=5&ignore_unavailable=false&expand_wildcards=open&allow_no_indices=true&ignore_throttled=true&search_type=query_then_fetch&batched_reduce_size=512&ccs_minimize_roundtrips=true] returned 2 warnings: [299 Elasticsearch-7.16.1-5b38441b16b1ebb16a27c107a4c3865776e20c53 "Elasticsearch built-in security features are not enabled. Without authentication, your cluster could be accessible to anyone. See https://www.elastic.co/guide/en/elasticsearch/reference/7.16/security-minimal-setup.html to enable security."],[299 Elasticsearch-7.16.1-5b38441b16b1ebb16a27c107a4c3865776e20c53 "[ignore_throttled] parameter is deprecated because frozen indices have been deprecated. Consider cold or frozen tiers in place of frozen indices."]
2023-08-04 12:56:01,455 INFO  [com.dot.ContainerResource] (docker-java-stream-824381349) STDOUT: 12:56:01.455  WARN  client.RestClient - request [POST http://elasticsearch:9200/cluster_51b0cac1ff.live_20230804125536/_search?typed_keys=true&max_concurrent_shard_requests=5&ignore_unavailable=false&expand_wildcards=open&allow_no_indices=true&ignore_throttled=true&search_type=query_then_fetch&batched_reduce_size=512&ccs_minimize_roundtrips=true] returned 2 warnings: [299 Elasticsearch-7.16.1-5b38441b16b1ebb16a27c107a4c3865776e20c53 "Elasticsearch built-in security features are not enabled. Without authentication, your cluster could be accessible to anyone. See https://www.elastic.co/guide/en/elasticsearch/reference/7.16/security-minimal-setup.html to enable security."],[299 Elasticsearch-7.16.1-5b38441b16b1ebb16a27c107a4c3865776e20c53 "[ignore_throttled] parameter is deprecated because frozen indices have been deprecated. Consider cold or frozen tiers in place of frozen indices."]
2023-08-04 12:56:01,461 INFO  [com.dot.ContainerResource] (docker-java-stream-824381349) STDOUT: 12:56:01.460  WARN  client.RestClient - request [POST http://elasticsearch:9200/cluster_51b0cac1ff.live_20230804125536/_search?typed_keys=true&max_concurrent_shard_requests=5&ignore_unavailable=false&expand_wildcards=open&allow_no_indices=true&ignore_throttled=true&search_type=query_then_fetch&batched_reduce_size=512&ccs_minimize_roundtrips=true] returned 2 warnings: [299 Elasticsearch-7.16.1-5b38441b16b1ebb16a27c107a4c3865776e20c53 "Elasticsearch built-in security features are not enabled. Without authentication, your cluster could be accessible to anyone. See https://www.elastic.co/guide/en/elasticsearch/reference/7.16/security-minimal-setup.html to enable security."],[299 Elasticsearch-7.16.1-5b38441b16b1ebb16a27c107a4c3865776e20c53 "[ignore_throttled] parameter is deprecated because frozen indices have been deprecated. Consider cold or frozen tiers in place of frozen indices."]
2023-08-04 12:56:01,468 INFO  [com.dot.ContainerResource] (docker-java-stream-824381349) STDOUT: 12:56:01.468  WARN  client.RestClient - request [POST http://elasticsearch:9200/cluster_51b0cac1ff.live_20230804125536/_search?typed_keys=true&max_concurrent_shard_requests=5&ignore_unavailable=false&expand_wildcards=open&allow_no_indices=true&ignore_throttled=true&search_type=query_then_fetch&batched_reduce_size=512&ccs_minimize_roundtrips=true] returned 2 warnings: [299 Elasticsearch-7.16.1-5b38441b16b1ebb16a27c107a4c3865776e20c53 "Elasticsearch built-in security features are not enabled. Without authentication, your cluster could be accessible to anyone. See https://www.elastic.co/guide/en/elasticsearch/reference/7.16/security-minimal-setup.html to enable security."],[299 Elasticsearch-7.16.1-5b38441b16b1ebb16a27c107a4c3865776e20c53 "[ignore_throttled] parameter is deprecated because frozen indices have been deprecated. Consider cold or frozen tiers in place of frozen indices."]
2023-08-04 12:56:01,489 INFO  [com.dot.ContainerResource] (docker-java-stream-824381349) STDOUT: 12:56:01.488  WARN  client.RestClient - request [POST http://elasticsearch:9200/cluster_51b0cac1ff.live_20230804125536/_search?typed_keys=true&max_concurrent_shard_requests=5&ignore_unavailable=false&expand_wildcards=open&allow_no_indices=true&ignore_throttled=true&search_type=query_then_fetch&batched_reduce_size=512&ccs_minimize_roundtrips=true] returned 2 warnings: [299 Elasticsearch-7.16.1-5b38441b16b1ebb16a27c107a4c3865776e20c53 "Elasticsearch built-in security features are not enabled. Without authentication, your cluster could be accessible to anyone. See https://www.elastic.co/guide/en/elasticsearch/reference/7.16/security-minimal-setup.html to enable security."],[299 Elasticsearch-7.16.1-5b38441b16b1ebb16a27c107a4c3865776e20c53 "[ignore_throttled] parameter is deprecated because frozen indices have been deprecated. Consider cold or frozen tiers in place of frozen indices."]
2023-08-04 12:56:01,496 INFO  [com.dot.ContainerResource] (docker-java-stream-824381349) STDOUT: 12:56:01.495  WARN  client.RestClient - request [POST http://elasticsearch:9200/cluster_51b0cac1ff.live_20230804125536/_search?typed_keys=true&max_concurrent_shard_requests=5&ignore_unavailable=false&expand_wildcards=open&allow_no_indices=true&ignore_throttled=true&search_type=query_then_fetch&batched_reduce_size=512&ccs_minimize_roundtrips=true] returned 2 warnings: [299 Elasticsearch-7.16.1-5b38441b16b1ebb16a27c107a4c3865776e20c53 "Elasticsearch built-in security features are not enabled. Without authentication, your cluster could be accessible to anyone. See https://www.elastic.co/guide/en/elasticsearch/reference/7.16/security-minimal-setup.html to enable security."],[299 Elasticsearch-7.16.1-5b38441b16b1ebb16a27c107a4c3865776e20c53 "[ignore_throttled] parameter is deprecated because frozen indices have been deprecated. Consider cold or frozen tiers in place of frozen indices."]
2023-08-04 12:56:01,502 INFO  [com.dot.ContainerResource] (docker-java-stream-824381349) STDOUT: 12:56:01.502  WARN  client.RestClient - request [POST http://elasticsearch:9200/cluster_51b0cac1ff.live_20230804125536/_search?typed_keys=true&max_concurrent_shard_requests=5&ignore_unavailable=false&expand_wildcards=open&allow_no_indices=true&ignore_throttled=true&search_type=query_then_fetch&batched_reduce_size=512&ccs_minimize_roundtrips=true] returned 2 warnings: [299 Elasticsearch-7.16.1-5b38441b16b1ebb16a27c107a4c3865776e20c53 "Elasticsearch built-in security features are not enabled. Without authentication, your cluster could be accessible to anyone. See https://www.elastic.co/guide/en/elasticsearch/reference/7.16/security-minimal-setup.html to enable security."],[299 Elasticsearch-7.16.1-5b38441b16b1ebb16a27c107a4c3865776e20c53 "[ignore_throttled] parameter is deprecated because frozen indices have been deprecated. Consider cold or frozen tiers in place of frozen indices."]
2023-08-04 12:56:01,507 INFO  [com.dot.ContainerResource] (docker-java-stream-824381349) STDOUT: 12:56:01.507  WARN  client.RestClient - request [POST http://elasticsearch:9200/cluster_51b0cac1ff.live_20230804125536/_search?typed_keys=true&max_concurrent_shard_requests=5&ignore_unavailable=false&expand_wildcards=open&allow_no_indices=true&ignore_throttled=true&search_type=query_then_fetch&batched_reduce_size=512&ccs_minimize_roundtrips=true] returned 2 warnings: [299 Elasticsearch-7.16.1-5b38441b16b1ebb16a27c107a4c3865776e20c53 "Elasticsearch built-in security features are not enabled. Without authentication, your cluster could be accessible to anyone. See https://www.elastic.co/guide/en/elasticsearch/reference/7.16/security-minimal-setup.html to enable security."],[299 Elasticsearch-7.16.1-5b38441b16b1ebb16a27c107a4c3865776e20c53 "[ignore_throttled] parameter is deprecated because frozen indices have been deprecated. Consider cold or frozen tiers in place of frozen indices."]
2023-08-04 12:56:01,514 INFO  [com.dot.ContainerResource] (docker-java-stream-824381349) STDOUT: 12:56:01.513  WARN  client.RestClient - request [POST http://elasticsearch:9200/cluster_51b0cac1ff.live_20230804125536/_search?typed_keys=true&max_concurrent_shard_requests=5&ignore_unavailable=false&expand_wildcards=open&allow_no_indices=true&ignore_throttled=true&search_type=query_then_fetch&batched_reduce_size=512&ccs_minimize_roundtrips=true] returned 2 warnings: [299 Elasticsearch-7.16.1-5b38441b16b1ebb16a27c107a4c3865776e20c53 "Elasticsearch built-in security features are not enabled. Without authentication, your cluster could be accessible to anyone. See https://www.elastic.co/guide/en/elasticsearch/reference/7.16/security-minimal-setup.html to enable security."],[299 Elasticsearch-7.16.1-5b38441b16b1ebb16a27c107a4c3865776e20c53 "[ignore_throttled] parameter is deprecated because frozen indices have been deprecated. Consider cold or frozen tiers in place of frozen indices."]
2023-08-04 12:56:01,523 INFO  [com.dot.ContainerResource] (docker-java-stream-824381349) STDOUT: 12:56:01.522  WARN  client.RestClient - request [POST http://elasticsearch:9200/cluster_51b0cac1ff.live_20230804125536/_search?typed_keys=true&max_concurrent_shard_requests=5&ignore_unavailable=false&expand_wildcards=open&allow_no_indices=true&ignore_throttled=true&search_type=query_then_fetch&batched_reduce_size=512&ccs_minimize_roundtrips=true] returned 2 warnings: [299 Elasticsearch-7.16.1-5b38441b16b1ebb16a27c107a4c3865776e20c53 "Elasticsearch built-in security features are not enabled. Without authentication, your cluster could be accessible to anyone. See https://www.elastic.co/guide/en/elasticsearch/reference/7.16/security-minimal-setup.html to enable security."],[299 Elasticsearch-7.16.1-5b38441b16b1ebb16a27c107a4c3865776e20c53 "[ignore_throttled] parameter is deprecated because frozen indices have been deprecated. Consider cold or frozen tiers in place of frozen indices."]
2023-08-04 12:56:01,533 INFO  [com.dot.ContainerResource] (docker-java-stream-824381349) STDOUT: 12:56:01.531  WARN  client.RestClient - request [POST http://elasticsearch:9200/cluster_51b0cac1ff.live_20230804125536/_search?typed_keys=true&max_concurrent_shard_requests=5&ignore_unavailable=false&expand_wildcards=open&allow_no_indices=true&ignore_throttled=true&search_type=query_then_fetch&batched_reduce_size=512&ccs_minimize_roundtrips=true] returned 2 warnings: [299 Elasticsearch-7.16.1-5b38441b16b1ebb16a27c107a4c3865776e20c53 "Elasticsearch built-in security features are not enabled. Without authentication, your cluster could be accessible to anyone. See https://www.elastic.co/guide/en/elasticsearch/reference/7.16/security-minimal-setup.html to enable security."],[299 Elasticsearch-7.16.1-5b38441b16b1ebb16a27c107a4c3865776e20c53 "[ignore_throttled] parameter is deprecated because frozen indices have been deprecated. Consider cold or frozen tiers in place of frozen indices."]
2023-08-04 12:56:01,536 INFO  [com.dot.ContainerResource] (docker-java-stream-824381349) STDOUT: 12:56:01.535  WARN  client.RestClient - request [POST http://elasticsearch:9200/cluster_51b0cac1ff.live_20230804125536/_search?typed_keys=true&max_concurrent_shard_requests=5&ignore_unavailable=false&expand_wildcards=open&allow_no_indices=true&ignore_throttled=true&search_type=query_then_fetch&batched_reduce_size=512&ccs_minimize_roundtrips=true] returned 2 warnings: [299 Elasticsearch-7.16.1-5b38441b16b1ebb16a27c107a4c3865776e20c53 "Elasticsearch built-in security features are not enabled. Without authentication, your cluster could be accessible to anyone. See https://www.elastic.co/guide/en/elasticsearch/reference/7.16/security-minimal-setup.html to enable security."],[299 Elasticsearch-7.16.1-5b38441b16b1ebb16a27c107a4c3865776e20c53 "[ignore_throttled] parameter is deprecated because frozen indices have been deprecated. Consider cold or frozen tiers in place of frozen indices."]
2023-08-04 12:56:01,540 INFO  [com.dot.ContainerResource] (docker-java-stream-824381349) STDOUT: 12:56:01.539  WARN  client.RestClient - request [POST http://elasticsearch:9200/cluster_51b0cac1ff.live_20230804125536/_search?typed_keys=true&max_concurrent_shard_requests=5&ignore_unavailable=false&expand_wildcards=open&allow_no_indices=true&ignore_throttled=true&search_type=query_then_fetch&batched_reduce_size=512&ccs_minimize_roundtrips=true] returned 2 warnings: [299 Elasticsearch-7.16.1-5b38441b16b1ebb16a27c107a4c3865776e20c53 "Elasticsearch built-in security features are not enabled. Without authentication, your cluster could be accessible to anyone. See https://www.elastic.co/guide/en/elasticsearch/reference/7.16/security-minimal-setup.html to enable security."],[299 Elasticsearch-7.16.1-5b38441b16b1ebb16a27c107a4c3865776e20c53 "[ignore_throttled] parameter is deprecated because frozen indices have been deprecated. Consider cold or frozen tiers in place of frozen indices."]
2023-08-04 12:56:01,560 INFO  [com.dot.ContainerResource] (docker-java-stream-824381349) STDOUT: 12:56:01.556  WARN  client.RestClient - request [POST http://elasticsearch:9200/cluster_51b0cac1ff.live_20230804125536/_search?typed_keys=true&max_concurrent_shard_requests=5&ignore_unavailable=false&expand_wildcards=open&allow_no_indices=true&ignore_throttled=true&search_type=query_then_fetch&batched_reduce_size=512&ccs_minimize_roundtrips=true] returned 2 warnings: [299 Elasticsearch-7.16.1-5b38441b16b1ebb16a27c107a4c3865776e20c53 "Elasticsearch built-in security features are not enabled. Without authentication, your cluster could be accessible to anyone. See https://www.elastic.co/guide/en/elasticsearch/reference/7.16/security-minimal-setup.html to enable security."],[299 Elasticsearch-7.16.1-5b38441b16b1ebb16a27c107a4c3865776e20c53 "[ignore_throttled] parameter is deprecated because frozen indices have been deprecated. Consider cold or frozen tiers in place of frozen indices."]
2023-08-04 12:56:01,563 INFO  [com.dot.ContainerResource] (docker-java-stream-824381349) STDOUT: 12:56:01.562  WARN  client.RestClient - request [POST http://elasticsearch:9200/cluster_51b0cac1ff.live_20230804125536/_search?typed_keys=true&max_concurrent_shard_requests=5&ignore_unavailable=false&expand_wildcards=open&allow_no_indices=true&ignore_throttled=true&search_type=query_then_fetch&batched_reduce_size=512&ccs_minimize_roundtrips=true] returned 2 warnings: [299 Elasticsearch-7.16.1-5b38441b16b1ebb16a27c107a4c3865776e20c53 "Elasticsearch built-in security features are not enabled. Without authentication, your cluster could be accessible to anyone. See https://www.elastic.co/guide/en/elasticsearch/reference/7.16/security-minimal-setup.html to enable security."],[299 Elasticsearch-7.16.1-5b38441b16b1ebb16a27c107a4c3865776e20c53 "[ignore_throttled] parameter is deprecated because frozen indices have been deprecated. Consider cold or frozen tiers in place of frozen indices."]
2023-08-04 12:56:01,580 INFO  [com.dot.ContainerResource] (docker-java-stream-824381349) STDOUT: 12:56:01.580  WARN  client.RestClient - request [POST http://elasticsearch:9200/cluster_51b0cac1ff.live_20230804125536/_search?typed_keys=true&max_concurrent_shard_requests=5&ignore_unavailable=false&expand_wildcards=open&allow_no_indices=true&ignore_throttled=true&search_type=query_then_fetch&batched_reduce_size=512&ccs_minimize_roundtrips=true] returned 2 warnings: [299 Elasticsearch-7.16.1-5b38441b16b1ebb16a27c107a4c3865776e20c53 "Elasticsearch built-in security features are not enabled. Without authentication, your cluster could be accessible to anyone. See https://www.elastic.co/guide/en/elasticsearch/reference/7.16/security-minimal-setup.html to enable security."],[299 Elasticsearch-7.16.1-5b38441b16b1ebb16a27c107a4c3865776e20c53 "[ignore_throttled] parameter is deprecated because frozen indices have been deprecated. Consider cold or frozen tiers in place of frozen indices."]
2023-08-04 12:56:01,595 INFO  [com.dot.ContainerResource] (docker-java-stream-824381349) STDOUT: 12:56:01.594  WARN  client.RestClient - request [POST http://elasticsearch:9200/cluster_51b0cac1ff.live_20230804125536/_search?typed_keys=true&max_concurrent_shard_requests=5&ignore_unavailable=false&expand_wildcards=open&allow_no_indices=true&ignore_throttled=true&search_type=query_then_fetch&batched_reduce_size=512&ccs_minimize_roundtrips=true] returned 2 warnings: [299 Elasticsearch-7.16.1-5b38441b16b1ebb16a27c107a4c3865776e20c53 "Elasticsearch built-in security features are not enabled. Without authentication, your cluster could be accessible to anyone. See https://www.elastic.co/guide/en/elasticsearch/reference/7.16/security-minimal-setup.html to enable security."],[299 Elasticsearch-7.16.1-5b38441b16b1ebb16a27c107a4c3865776e20c53 "[ignore_throttled] parameter is deprecated because frozen indices have been deprecated. Consider cold or frozen tiers in place of frozen indices."]
2023-08-04 12:56:01,610 INFO  [com.dot.ContainerResource] (docker-java-stream-824381349) STDOUT: 12:56:01.609  WARN  client.RestClient - request [POST http://elasticsearch:9200/cluster_51b0cac1ff.live_20230804125536/_search?typed_keys=true&max_concurrent_shard_requests=5&ignore_unavailable=false&expand_wildcards=open&allow_no_indices=true&ignore_throttled=true&search_type=query_then_fetch&batched_reduce_size=512&ccs_minimize_roundtrips=true] returned 2 warnings: [299 Elasticsearch-7.16.1-5b38441b16b1ebb16a27c107a4c3865776e20c53 "Elasticsearch built-in security features are not enabled. Without authentication, your cluster could be accessible to anyone. See https://www.elastic.co/guide/en/elasticsearch/reference/7.16/security-minimal-setup.html to enable security."],[299 Elasticsearch-7.16.1-5b38441b16b1ebb16a27c107a4c3865776e20c53 "[ignore_throttled] parameter is deprecated because frozen indices have been deprecated. Consider cold or frozen tiers in place of frozen indices."]
2023-08-04 12:56:01,625 INFO  [com.dot.ContainerResource] (docker-java-stream-824381349) STDOUT: 12:56:01.624  WARN  client.RestClient - request [POST http://elasticsearch:9200/cluster_51b0cac1ff.live_20230804125536/_search?typed_keys=true&max_concurrent_shard_requests=5&ignore_unavailable=false&expand_wildcards=open&allow_no_indices=true&ignore_throttled=true&search_type=query_then_fetch&batched_reduce_size=512&ccs_minimize_roundtrips=true] returned 2 warnings: [299 Elasticsearch-7.16.1-5b38441b16b1ebb16a27c107a4c3865776e20c53 "Elasticsearch built-in security features are not enabled. Without authentication, your cluster could be accessible to anyone. See https://www.elastic.co/guide/en/elasticsearch/reference/7.16/security-minimal-setup.html to enable security."],[299 Elasticsearch-7.16.1-5b38441b16b1ebb16a27c107a4c3865776e20c53 "[ignore_throttled] parameter is deprecated because frozen indices have been deprecated. Consider cold or frozen tiers in place of frozen indices."]
2023-08-04 12:56:01,651 INFO  [com.dot.ContainerResource] (docker-java-stream-824381349) STDOUT: 12:56:01.640  WARN  client.RestClient - request [POST http://elasticsearch:9200/cluster_51b0cac1ff.live_20230804125536/_search?typed_keys=true&max_concurrent_shard_requests=5&ignore_unavailable=false&expand_wildcards=open&allow_no_indices=true&ignore_throttled=true&search_type=query_then_fetch&batched_reduce_size=512&ccs_minimize_roundtrips=true] returned 2 warnings: [299 Elasticsearch-7.16.1-5b38441b16b1ebb16a27c107a4c3865776e20c53 "Elasticsearch built-in security features are not enabled. Without authentication, your cluster could be accessible to anyone. See https://www.elastic.co/guide/en/elasticsearch/reference/7.16/security-minimal-setup.html to enable security."],[299 Elasticsearch-7.16.1-5b38441b16b1ebb16a27c107a4c3865776e20c53 "[ignore_throttled] parameter is deprecated because frozen indices have been deprecated. Consider cold or frozen tiers in place of frozen indices."]
2023-08-04 12:56:01,651 INFO  [com.dot.ContainerResource] (docker-java-stream-824381349) STDOUT: 12:56:01.646  WARN  client.RestClient - request [POST http://elasticsearch:9200/cluster_51b0cac1ff.live_20230804125536/_search?typed_keys=true&max_concurrent_shard_requests=5&ignore_unavailable=false&expand_wildcards=open&allow_no_indices=true&ignore_throttled=true&search_type=query_then_fetch&batched_reduce_size=512&ccs_minimize_roundtrips=true] returned 2 warnings: [299 Elasticsearch-7.16.1-5b38441b16b1ebb16a27c107a4c3865776e20c53 "Elasticsearch built-in security features are not enabled. Without authentication, your cluster could be accessible to anyone. See https://www.elastic.co/guide/en/elasticsearch/reference/7.16/security-minimal-setup.html to enable security."],[299 Elasticsearch-7.16.1-5b38441b16b1ebb16a27c107a4c3865776e20c53 "[ignore_throttled] parameter is deprecated because frozen indices have been deprecated. Consider cold or frozen tiers in place of frozen indices."]
2023-08-04 12:56:01,660 INFO  [com.dot.ContainerResource] (docker-java-stream-824381349) STDOUT: 12:56:01.660  WARN  client.RestClient - request [POST http://elasticsearch:9200/cluster_51b0cac1ff.live_20230804125536/_search?typed_keys=true&max_concurrent_shard_requests=5&ignore_unavailable=false&expand_wildcards=open&allow_no_indices=true&ignore_throttled=true&search_type=query_then_fetch&batched_reduce_size=512&ccs_minimize_roundtrips=true] returned 2 warnings: [299 Elasticsearch-7.16.1-5b38441b16b1ebb16a27c107a4c3865776e20c53 "Elasticsearch built-in security features are not enabled. Without authentication, your cluster could be accessible to anyone. See https://www.elastic.co/guide/en/elasticsearch/reference/7.16/security-minimal-setup.html to enable security."],[299 Elasticsearch-7.16.1-5b38441b16b1ebb16a27c107a4c3865776e20c53 "[ignore_throttled] parameter is deprecated because frozen indices have been deprecated. Consider cold or frozen tiers in place of frozen indices."]
2023-08-04 12:56:01,673 INFO  [com.dot.ContainerResource] (docker-java-stream-824381349) STDOUT: 12:56:01.672  WARN  client.RestClient - request [POST http://elasticsearch:9200/cluster_51b0cac1ff.live_20230804125536/_search?typed_keys=true&max_concurrent_shard_requests=5&ignore_unavailable=false&expand_wildcards=open&allow_no_indices=true&ignore_throttled=true&search_type=query_then_fetch&batched_reduce_size=512&ccs_minimize_roundtrips=true] returned 2 warnings: [299 Elasticsearch-7.16.1-5b38441b16b1ebb16a27c107a4c3865776e20c53 "Elasticsearch built-in security features are not enabled. Without authentication, your cluster could be accessible to anyone. See https://www.elastic.co/guide/en/elasticsearch/reference/7.16/security-minimal-setup.html to enable security."],[299 Elasticsearch-7.16.1-5b38441b16b1ebb16a27c107a4c3865776e20c53 "[ignore_throttled] parameter is deprecated because frozen indices have been deprecated. Consider cold or frozen tiers in place of frozen indices."]
2023-08-04 12:56:01,678 INFO  [com.dot.ContainerResource] (docker-java-stream-824381349) STDOUT: 12:56:01.677  WARN  client.RestClient - request [POST http://elasticsearch:9200/cluster_51b0cac1ff.live_20230804125536/_search?typed_keys=true&max_concurrent_shard_requests=5&ignore_unavailable=false&expand_wildcards=open&allow_no_indices=true&ignore_throttled=true&search_type=query_then_fetch&batched_reduce_size=512&ccs_minimize_roundtrips=true] returned 2 warnings: [299 Elasticsearch-7.16.1-5b38441b16b1ebb16a27c107a4c3865776e20c53 "Elasticsearch built-in security features are not enabled. Without authentication, your cluster could be accessible to anyone. See https://www.elastic.co/guide/en/elasticsearch/reference/7.16/security-minimal-setup.html to enable security."],[299 Elasticsearch-7.16.1-5b38441b16b1ebb16a27c107a4c3865776e20c53 "[ignore_throttled] parameter is deprecated because frozen indices have been deprecated. Consider cold or frozen tiers in place of frozen indices."]
2023-08-04 12:56:01,684 INFO  [com.dot.ContainerResource] (docker-java-stream-824381349) STDOUT: 12:56:01.684  WARN  client.RestClient - request [POST http://elasticsearch:9200/cluster_51b0cac1ff.live_20230804125536/_search?typed_keys=true&max_concurrent_shard_requests=5&ignore_unavailable=false&expand_wildcards=open&allow_no_indices=true&ignore_throttled=true&search_type=query_then_fetch&batched_reduce_size=512&ccs_minimize_roundtrips=true] returned 2 warnings: [299 Elasticsearch-7.16.1-5b38441b16b1ebb16a27c107a4c3865776e20c53 "Elasticsearch built-in security features are not enabled. Without authentication, your cluster could be accessible to anyone. See https://www.elastic.co/guide/en/elasticsearch/reference/7.16/security-minimal-setup.html to enable security."],[299 Elasticsearch-7.16.1-5b38441b16b1ebb16a27c107a4c3865776e20c53 "[ignore_throttled] parameter is deprecated because frozen indices have been deprecated. Consider cold or frozen tiers in place of frozen indices."]
2023-08-04 12:56:01,701 INFO  [com.dot.ContainerResource] (docker-java-stream-824381349) STDOUT: 12:56:01.701  WARN  client.RestClient - request [POST http://elasticsearch:9200/cluster_51b0cac1ff.live_20230804125536/_search?typed_keys=true&max_concurrent_shard_requests=5&ignore_unavailable=false&expand_wildcards=open&allow_no_indices=true&ignore_throttled=true&search_type=query_then_fetch&batched_reduce_size=512&ccs_minimize_roundtrips=true] returned 2 warnings: [299 Elasticsearch-7.16.1-5b38441b16b1ebb16a27c107a4c3865776e20c53 "Elasticsearch built-in security features are not enabled. Without authentication, your cluster could be accessible to anyone. See https://www.elastic.co/guide/en/elasticsearch/reference/7.16/security-minimal-setup.html to enable security."],[299 Elasticsearch-7.16.1-5b38441b16b1ebb16a27c107a4c3865776e20c53 "[ignore_throttled] parameter is deprecated because frozen indices have been deprecated. Consider cold or frozen tiers in place of frozen indices."]
2023-08-04 12:56:01,725 INFO  [com.dot.ContainerResource] (docker-java-stream-824381349) STDOUT: 12:56:01.724  WARN  client.RestClient - request [POST http://elasticsearch:9200/cluster_51b0cac1ff.live_20230804125536/_search?typed_keys=true&max_concurrent_shard_requests=5&ignore_unavailable=false&expand_wildcards=open&allow_no_indices=true&ignore_throttled=true&search_type=query_then_fetch&batched_reduce_size=512&ccs_minimize_roundtrips=true] returned 2 warnings: [299 Elasticsearch-7.16.1-5b38441b16b1ebb16a27c107a4c3865776e20c53 "Elasticsearch built-in security features are not enabled. Without authentication, your cluster could be accessible to anyone. See https://www.elastic.co/guide/en/elasticsearch/reference/7.16/security-minimal-setup.html to enable security."],[299 Elasticsearch-7.16.1-5b38441b16b1ebb16a27c107a4c3865776e20c53 "[ignore_throttled] parameter is deprecated because frozen indices have been deprecated. Consider cold or frozen tiers in place of frozen indices."]
2023-08-04 12:56:01,741 INFO  [com.dot.ContainerResource] (docker-java-stream-824381349) STDOUT: 12:56:01.739  WARN  client.RestClient - request [POST http://elasticsearch:9200/cluster_51b0cac1ff.live_20230804125536/_search?typed_keys=true&max_concurrent_shard_requests=5&ignore_unavailable=false&expand_wildcards=open&allow_no_indices=true&ignore_throttled=true&search_type=query_then_fetch&batched_reduce_size=512&ccs_minimize_roundtrips=true] returned 2 warnings: [299 Elasticsearch-7.16.1-5b38441b16b1ebb16a27c107a4c3865776e20c53 "Elasticsearch built-in security features are not enabled. Without authentication, your cluster could be accessible to anyone. See https://www.elastic.co/guide/en/elasticsearch/reference/7.16/security-minimal-setup.html to enable security."],[299 Elasticsearch-7.16.1-5b38441b16b1ebb16a27c107a4c3865776e20c53 "[ignore_throttled] parameter is deprecated because frozen indices have been deprecated. Consider cold or frozen tiers in place of frozen indices."]
2023-08-04 12:56:01,746 INFO  [com.dot.ContainerResource] (docker-java-stream-824381349) STDOUT: 12:56:01.746  WARN  client.RestClient - request [POST http://elasticsearch:9200/cluster_51b0cac1ff.live_20230804125536/_search?typed_keys=true&max_concurrent_shard_requests=5&ignore_unavailable=false&expand_wildcards=open&allow_no_indices=true&ignore_throttled=true&search_type=query_then_fetch&batched_reduce_size=512&ccs_minimize_roundtrips=true] returned 2 warnings: [299 Elasticsearch-7.16.1-5b38441b16b1ebb16a27c107a4c3865776e20c53 "Elasticsearch built-in security features are not enabled. Without authentication, your cluster could be accessible to anyone. See https://www.elastic.co/guide/en/elasticsearch/reference/7.16/security-minimal-setup.html to enable security."],[299 Elasticsearch-7.16.1-5b38441b16b1ebb16a27c107a4c3865776e20c53 "[ignore_throttled] parameter is deprecated because frozen indices have been deprecated. Consider cold or frozen tiers in place of frozen indices."]
2023-08-04 12:56:01,753 INFO  [com.dot.ContainerResource] (docker-java-stream-824381349) STDOUT: 12:56:01.752  WARN  client.RestClient - request [POST http://elasticsearch:9200/cluster_51b0cac1ff.live_20230804125536/_search?typed_keys=true&max_concurrent_shard_requests=5&ignore_unavailable=false&expand_wildcards=open&allow_no_indices=true&ignore_throttled=true&search_type=query_then_fetch&batched_reduce_size=512&ccs_minimize_roundtrips=true] returned 2 warnings: [299 Elasticsearch-7.16.1-5b38441b16b1ebb16a27c107a4c3865776e20c53 "Elasticsearch built-in security features are not enabled. Without authentication, your cluster could be accessible to anyone. See https://www.elastic.co/guide/en/elasticsearch/reference/7.16/security-minimal-setup.html to enable security."],[299 Elasticsearch-7.16.1-5b38441b16b1ebb16a27c107a4c3865776e20c53 "[ignore_throttled] parameter is deprecated because frozen indices have been deprecated. Consider cold or frozen tiers in place of frozen indices."]
2023-08-04 12:56:01,760 INFO  [com.dot.ContainerResource] (docker-java-stream-824381349) STDOUT: 12:56:01.759  WARN  client.RestClient - request [POST http://elasticsearch:9200/cluster_51b0cac1ff.live_20230804125536/_search?typed_keys=true&max_concurrent_shard_requests=5&ignore_unavailable=false&expand_wildcards=open&allow_no_indices=true&ignore_throttled=true&search_type=query_then_fetch&batched_reduce_size=512&ccs_minimize_roundtrips=true] returned 2 warnings: [299 Elasticsearch-7.16.1-5b38441b16b1ebb16a27c107a4c3865776e20c53 "Elasticsearch built-in security features are not enabled. Without authentication, your cluster could be accessible to anyone. See https://www.elastic.co/guide/en/elasticsearch/reference/7.16/security-minimal-setup.html to enable security."],[299 Elasticsearch-7.16.1-5b38441b16b1ebb16a27c107a4c3865776e20c53 "[ignore_throttled] parameter is deprecated because frozen indices have been deprecated. Consider cold or frozen tiers in place of frozen indices."]
2023-08-04 12:56:01,767 INFO  [com.dot.ContainerResource] (docker-java-stream-824381349) STDOUT: 12:56:01.764  WARN  client.RestClient - request [POST http://elasticsearch:9200/cluster_51b0cac1ff.live_20230804125536/_search?typed_keys=true&max_concurrent_shard_requests=5&ignore_unavailable=false&expand_wildcards=open&allow_no_indices=true&ignore_throttled=true&search_type=query_then_fetch&batched_reduce_size=512&ccs_minimize_roundtrips=true] returned 2 warnings: [299 Elasticsearch-7.16.1-5b38441b16b1ebb16a27c107a4c3865776e20c53 "Elasticsearch built-in security features are not enabled. Without authentication, your cluster could be accessible to anyone. See https://www.elastic.co/guide/en/elasticsearch/reference/7.16/security-minimal-setup.html to enable security."],[299 Elasticsearch-7.16.1-5b38441b16b1ebb16a27c107a4c3865776e20c53 "[ignore_throttled] parameter is deprecated because frozen indices have been deprecated. Consider cold or frozen tiers in place of frozen indices."]
2023-08-04 12:56:01,774 INFO  [com.dot.ContainerResource] (docker-java-stream-824381349) STDOUT: 12:56:01.773  WARN  client.RestClient - request [POST http://elasticsearch:9200/cluster_51b0cac1ff.live_20230804125536/_search?typed_keys=true&max_concurrent_shard_requests=5&ignore_unavailable=false&expand_wildcards=open&allow_no_indices=true&ignore_throttled=true&search_type=query_then_fetch&batched_reduce_size=512&ccs_minimize_roundtrips=true] returned 2 warnings: [299 Elasticsearch-7.16.1-5b38441b16b1ebb16a27c107a4c3865776e20c53 "Elasticsearch built-in security features are not enabled. Without authentication, your cluster could be accessible to anyone. See https://www.elastic.co/guide/en/elasticsearch/reference/7.16/security-minimal-setup.html to enable security."],[299 Elasticsearch-7.16.1-5b38441b16b1ebb16a27c107a4c3865776e20c53 "[ignore_throttled] parameter is deprecated because frozen indices have been deprecated. Consider cold or frozen tiers in place of frozen indices."]
2023-08-04 12:56:01,783 INFO  [com.dot.ContainerResource] (docker-java-stream-824381349) STDOUT: 12:56:01.782  WARN  client.RestClient - request [POST http://elasticsearch:9200/cluster_51b0cac1ff.live_20230804125536/_search?typed_keys=true&max_concurrent_shard_requests=5&ignore_unavailable=false&expand_wildcards=open&allow_no_indices=true&ignore_throttled=true&search_type=query_then_fetch&batched_reduce_size=512&ccs_minimize_roundtrips=true] returned 2 warnings: [299 Elasticsearch-7.16.1-5b38441b16b1ebb16a27c107a4c3865776e20c53 "Elasticsearch built-in security features are not enabled. Without authentication, your cluster could be accessible to anyone. See https://www.elastic.co/guide/en/elasticsearch/reference/7.16/security-minimal-setup.html to enable security."],[299 Elasticsearch-7.16.1-5b38441b16b1ebb16a27c107a4c3865776e20c53 "[ignore_throttled] parameter is deprecated because frozen indices have been deprecated. Consider cold or frozen tiers in place of frozen indices."]
2023-08-04 12:56:01,790 INFO  [com.dot.ContainerResource] (docker-java-stream-824381349) STDOUT: 12:56:01.789  WARN  client.RestClient - request [POST http://elasticsearch:9200/cluster_51b0cac1ff.live_20230804125536/_search?typed_keys=true&max_concurrent_shard_requests=5&ignore_unavailable=false&expand_wildcards=open&allow_no_indices=true&ignore_throttled=true&search_type=query_then_fetch&batched_reduce_size=512&ccs_minimize_roundtrips=true] returned 2 warnings: [299 Elasticsearch-7.16.1-5b38441b16b1ebb16a27c107a4c3865776e20c53 "Elasticsearch built-in security features are not enabled. Without authentication, your cluster could be accessible to anyone. See https://www.elastic.co/guide/en/elasticsearch/reference/7.16/security-minimal-setup.html to enable security."],[299 Elasticsearch-7.16.1-5b38441b16b1ebb16a27c107a4c3865776e20c53 "[ignore_throttled] parameter is deprecated because frozen indices have been deprecated. Consider cold or frozen tiers in place of frozen indices."]
2023-08-04 12:56:01,806 INFO  [com.dot.ContainerResource] (docker-java-stream-824381349) STDOUT: 12:56:01.805  WARN  client.RestClient - request [POST http://elasticsearch:9200/cluster_51b0cac1ff.live_20230804125536/_search?typed_keys=true&max_concurrent_shard_requests=5&ignore_unavailable=false&expand_wildcards=open&allow_no_indices=true&ignore_throttled=true&search_type=query_then_fetch&batched_reduce_size=512&ccs_minimize_roundtrips=true] returned 2 warnings: [299 Elasticsearch-7.16.1-5b38441b16b1ebb16a27c107a4c3865776e20c53 "Elasticsearch built-in security features are not enabled. Without authentication, your cluster could be accessible to anyone. See https://www.elastic.co/guide/en/elasticsearch/reference/7.16/security-minimal-setup.html to enable security."],[299 Elasticsearch-7.16.1-5b38441b16b1ebb16a27c107a4c3865776e20c53 "[ignore_throttled] parameter is deprecated because frozen indices have been deprecated. Consider cold or frozen tiers in place of frozen indices."]
2023-08-04 12:56:01,840 INFO  [com.dot.ContainerResource] (docker-java-stream-824381349) STDOUT: 12:56:01.837  WARN  client.RestClient - request [POST http://elasticsearch:9200/cluster_51b0cac1ff.live_20230804125536/_search?typed_keys=true&max_concurrent_shard_requests=5&ignore_unavailable=false&expand_wildcards=open&allow_no_indices=true&ignore_throttled=true&search_type=query_then_fetch&batched_reduce_size=512&ccs_minimize_roundtrips=true] returned 2 warnings: [299 Elasticsearch-7.16.1-5b38441b16b1ebb16a27c107a4c3865776e20c53 "Elasticsearch built-in security features are not enabled. Without authentication, your cluster could be accessible to anyone. See https://www.elastic.co/guide/en/elasticsearch/reference/7.16/security-minimal-setup.html to enable security."],[299 Elasticsearch-7.16.1-5b38441b16b1ebb16a27c107a4c3865776e20c53 "[ignore_throttled] parameter is deprecated because frozen indices have been deprecated. Consider cold or frozen tiers in place of frozen indices."]
2023-08-04 12:56:01,844 INFO  [com.dot.ContainerResource] (docker-java-stream-824381349) STDOUT: 12:56:01.844  WARN  client.RestClient - request [POST http://elasticsearch:9200/cluster_51b0cac1ff.live_20230804125536/_search?typed_keys=true&max_concurrent_shard_requests=5&ignore_unavailable=false&expand_wildcards=open&allow_no_indices=true&ignore_throttled=true&search_type=query_then_fetch&batched_reduce_size=512&ccs_minimize_roundtrips=true] returned 2 warnings: [299 Elasticsearch-7.16.1-5b38441b16b1ebb16a27c107a4c3865776e20c53 "Elasticsearch built-in security features are not enabled. Without authentication, your cluster could be accessible to anyone. See https://www.elastic.co/guide/en/elasticsearch/reference/7.16/security-minimal-setup.html to enable security."],[299 Elasticsearch-7.16.1-5b38441b16b1ebb16a27c107a4c3865776e20c53 "[ignore_throttled] parameter is deprecated because frozen indices have been deprecated. Consider cold or frozen tiers in place of frozen indices."]
2023-08-04 12:56:01,860 INFO  [com.dot.ContainerResource] (docker-java-stream-824381349) STDOUT: 12:56:01.860  WARN  client.RestClient - request [POST http://elasticsearch:9200/cluster_51b0cac1ff.live_20230804125536/_search?typed_keys=true&max_concurrent_shard_requests=5&ignore_unavailable=false&expand_wildcards=open&allow_no_indices=true&ignore_throttled=true&search_type=query_then_fetch&batched_reduce_size=512&ccs_minimize_roundtrips=true] returned 2 warnings: [299 Elasticsearch-7.16.1-5b38441b16b1ebb16a27c107a4c3865776e20c53 "Elasticsearch built-in security features are not enabled. Without authentication, your cluster could be accessible to anyone. See https://www.elastic.co/guide/en/elasticsearch/reference/7.16/security-minimal-setup.html to enable security."],[299 Elasticsearch-7.16.1-5b38441b16b1ebb16a27c107a4c3865776e20c53 "[ignore_throttled] parameter is deprecated because frozen indices have been deprecated. Consider cold or frozen tiers in place of frozen indices."]
2023-08-04 12:56:01,868 INFO  [com.dot.ContainerResource] (docker-java-stream-824381349) STDOUT: 12:56:01.867  WARN  client.RestClient - request [POST http://elasticsearch:9200/cluster_51b0cac1ff.live_20230804125536/_search?typed_keys=true&max_concurrent_shard_requests=5&ignore_unavailable=false&expand_wildcards=open&allow_no_indices=true&ignore_throttled=true&search_type=query_then_fetch&batched_reduce_size=512&ccs_minimize_roundtrips=true] returned 2 warnings: [299 Elasticsearch-7.16.1-5b38441b16b1ebb16a27c107a4c3865776e20c53 "Elasticsearch built-in security features are not enabled. Without authentication, your cluster could be accessible to anyone. See https://www.elastic.co/guide/en/elasticsearch/reference/7.16/security-minimal-setup.html to enable security."],[299 Elasticsearch-7.16.1-5b38441b16b1ebb16a27c107a4c3865776e20c53 "[ignore_throttled] parameter is deprecated because frozen indices have been deprecated. Consider cold or frozen tiers in place of frozen indices."]
2023-08-04 12:56:01,877 INFO  [com.dot.ContainerResource] (docker-java-stream-824381349) STDOUT: 12:56:01.875  WARN  client.RestClient - request [POST http://elasticsearch:9200/cluster_51b0cac1ff.live_20230804125536/_search?typed_keys=true&max_concurrent_shard_requests=5&ignore_unavailable=false&expand_wildcards=open&allow_no_indices=true&ignore_throttled=true&search_type=query_then_fetch&batched_reduce_size=512&ccs_minimize_roundtrips=true] returned 2 warnings: [299 Elasticsearch-7.16.1-5b38441b16b1ebb16a27c107a4c3865776e20c53 "Elasticsearch built-in security features are not enabled. Without authentication, your cluster could be accessible to anyone. See https://www.elastic.co/guide/en/elasticsearch/reference/7.16/security-minimal-setup.html to enable security."],[299 Elasticsearch-7.16.1-5b38441b16b1ebb16a27c107a4c3865776e20c53 "[ignore_throttled] parameter is deprecated because frozen indices have been deprecated. Consider cold or frozen tiers in place of frozen indices."]
2023-08-04 12:56:01,881 INFO  [com.dot.ContainerResource] (docker-java-stream-824381349) STDOUT: 12:56:01.881  WARN  client.RestClient - request [POST http://elasticsearch:9200/cluster_51b0cac1ff.live_20230804125536/_search?typed_keys=true&max_concurrent_shard_requests=5&ignore_unavailable=false&expand_wildcards=open&allow_no_indices=true&ignore_throttled=true&search_type=query_then_fetch&batched_reduce_size=512&ccs_minimize_roundtrips=true] returned 2 warnings: [299 Elasticsearch-7.16.1-5b38441b16b1ebb16a27c107a4c3865776e20c53 "Elasticsearch built-in security features are not enabled. Without authentication, your cluster could be accessible to anyone. See https://www.elastic.co/guide/en/elasticsearch/reference/7.16/security-minimal-setup.html to enable security."],[299 Elasticsearch-7.16.1-5b38441b16b1ebb16a27c107a4c3865776e20c53 "[ignore_throttled] parameter is deprecated because frozen indices have been deprecated. Consider cold or frozen tiers in place of frozen indices."]
2023-08-04 12:56:01,893 INFO  [com.dot.ContainerResource] (docker-java-stream-824381349) STDOUT: 12:56:01.891  WARN  client.RestClient - request [POST http://elasticsearch:9200/cluster_51b0cac1ff.live_20230804125536/_search?typed_keys=true&max_concurrent_shard_requests=5&ignore_unavailable=false&expand_wildcards=open&allow_no_indices=true&ignore_throttled=true&search_type=query_then_fetch&batched_reduce_size=512&ccs_minimize_roundtrips=true] returned 2 warnings: [299 Elasticsearch-7.16.1-5b38441b16b1ebb16a27c107a4c3865776e20c53 "Elasticsearch built-in security features are not enabled. Without authentication, your cluster could be accessible to anyone. See https://www.elastic.co/guide/en/elasticsearch/reference/7.16/security-minimal-setup.html to enable security."],[299 Elasticsearch-7.16.1-5b38441b16b1ebb16a27c107a4c3865776e20c53 "[ignore_throttled] parameter is deprecated because frozen indices have been deprecated. Consider cold or frozen tiers in place of frozen indices."]
2023-08-04 12:56:01,901 INFO  [com.dot.ContainerResource] (docker-java-stream-824381349) STDOUT: 12:56:01.900  WARN  client.RestClient - request [POST http://elasticsearch:9200/cluster_51b0cac1ff.live_20230804125536/_search?typed_keys=true&max_concurrent_shard_requests=5&ignore_unavailable=false&expand_wildcards=open&allow_no_indices=true&ignore_throttled=true&search_type=query_then_fetch&batched_reduce_size=512&ccs_minimize_roundtrips=true] returned 2 warnings: [299 Elasticsearch-7.16.1-5b38441b16b1ebb16a27c107a4c3865776e20c53 "Elasticsearch built-in security features are not enabled. Without authentication, your cluster could be accessible to anyone. See https://www.elastic.co/guide/en/elasticsearch/reference/7.16/security-minimal-setup.html to enable security."],[299 Elasticsearch-7.16.1-5b38441b16b1ebb16a27c107a4c3865776e20c53 "[ignore_throttled] parameter is deprecated because frozen indices have been deprecated. Consider cold or frozen tiers in place of frozen indices."]
2023-08-04 12:56:01,908 INFO  [com.dot.ContainerResource] (docker-java-stream-824381349) STDOUT: 12:56:01.908  WARN  client.RestClient - request [POST http://elasticsearch:9200/cluster_51b0cac1ff.live_20230804125536/_search?typed_keys=true&max_concurrent_shard_requests=5&ignore_unavailable=false&expand_wildcards=open&allow_no_indices=true&ignore_throttled=true&search_type=query_then_fetch&batched_reduce_size=512&ccs_minimize_roundtrips=true] returned 2 warnings: [299 Elasticsearch-7.16.1-5b38441b16b1ebb16a27c107a4c3865776e20c53 "Elasticsearch built-in security features are not enabled. Without authentication, your cluster could be accessible to anyone. See https://www.elastic.co/guide/en/elasticsearch/reference/7.16/security-minimal-setup.html to enable security."],[299 Elasticsearch-7.16.1-5b38441b16b1ebb16a27c107a4c3865776e20c53 "[ignore_throttled] parameter is deprecated because frozen indices have been deprecated. Consider cold or frozen tiers in place of frozen indices."]
2023-08-04 12:56:01,917 INFO  [com.dot.ContainerResource] (docker-java-stream-824381349) STDOUT: 12:56:01.917  WARN  client.RestClient - request [POST http://elasticsearch:9200/cluster_51b0cac1ff.live_20230804125536/_search?typed_keys=true&max_concurrent_shard_requests=5&ignore_unavailable=false&expand_wildcards=open&allow_no_indices=true&ignore_throttled=true&search_type=query_then_fetch&batched_reduce_size=512&ccs_minimize_roundtrips=true] returned 2 warnings: [299 Elasticsearch-7.16.1-5b38441b16b1ebb16a27c107a4c3865776e20c53 "Elasticsearch built-in security features are not enabled. Without authentication, your cluster could be accessible to anyone. See https://www.elastic.co/guide/en/elasticsearch/reference/7.16/security-minimal-setup.html to enable security."],[299 Elasticsearch-7.16.1-5b38441b16b1ebb16a27c107a4c3865776e20c53 "[ignore_throttled] parameter is deprecated because frozen indices have been deprecated. Consider cold or frozen tiers in place of frozen indices."]
2023-08-04 12:56:01,924 INFO  [com.dot.ContainerResource] (docker-java-stream-824381349) STDOUT: 12:56:01.923  WARN  client.RestClient - request [POST http://elasticsearch:9200/cluster_51b0cac1ff.live_20230804125536/_search?typed_keys=true&max_concurrent_shard_requests=5&ignore_unavailable=false&expand_wildcards=open&allow_no_indices=true&ignore_throttled=true&search_type=query_then_fetch&batched_reduce_size=512&ccs_minimize_roundtrips=true] returned 2 warnings: [299 Elasticsearch-7.16.1-5b38441b16b1ebb16a27c107a4c3865776e20c53 "Elasticsearch built-in security features are not enabled. Without authentication, your cluster could be accessible to anyone. See https://www.elastic.co/guide/en/elasticsearch/reference/7.16/security-minimal-setup.html to enable security."],[299 Elasticsearch-7.16.1-5b38441b16b1ebb16a27c107a4c3865776e20c53 "[ignore_throttled] parameter is deprecated because frozen indices have been deprecated. Consider cold or frozen tiers in place of frozen indices."]
2023-08-04 12:56:01,932 INFO  [com.dot.ContainerResource] (docker-java-stream-824381349) STDOUT: 12:56:01.931  WARN  client.RestClient - request [POST http://elasticsearch:9200/cluster_51b0cac1ff.live_20230804125536/_search?typed_keys=true&max_concurrent_shard_requests=5&ignore_unavailable=false&expand_wildcards=open&allow_no_indices=true&ignore_throttled=true&search_type=query_then_fetch&batched_reduce_size=512&ccs_minimize_roundtrips=true] returned 2 warnings: [299 Elasticsearch-7.16.1-5b38441b16b1ebb16a27c107a4c3865776e20c53 "Elasticsearch built-in security features are not enabled. Without authentication, your cluster could be accessible to anyone. See https://www.elastic.co/guide/en/elasticsearch/reference/7.16/security-minimal-setup.html to enable security."],[299 Elasticsearch-7.16.1-5b38441b16b1ebb16a27c107a4c3865776e20c53 "[ignore_throttled] parameter is deprecated because frozen indices have been deprecated. Consider cold or frozen tiers in place of frozen indices."]
2023-08-04 12:56:01,987 INFO  [com.dot.ContainerResource] (docker-java-stream-824381349) STDOUT: 12:56:01.986  WARN  client.RestClient - request [POST http://elasticsearch:9200/cluster_51b0cac1ff.live_20230804125536/_search?typed_keys=true&max_concurrent_shard_requests=5&ignore_unavailable=false&expand_wildcards=open&allow_no_indices=true&ignore_throttled=true&search_type=query_then_fetch&batched_reduce_size=512&ccs_minimize_roundtrips=true] returned 2 warnings: [299 Elasticsearch-7.16.1-5b38441b16b1ebb16a27c107a4c3865776e20c53 "Elasticsearch built-in security features are not enabled. Without authentication, your cluster could be accessible to anyone. See https://www.elastic.co/guide/en/elasticsearch/reference/7.16/security-minimal-setup.html to enable security."],[299 Elasticsearch-7.16.1-5b38441b16b1ebb16a27c107a4c3865776e20c53 "[ignore_throttled] parameter is deprecated because frozen indices have been deprecated. Consider cold or frozen tiers in place of frozen indices."]
2023-08-04 12:56:01,994 INFO  [com.dot.ContainerResource] (docker-java-stream-824381349) STDOUT: 12:56:01.993  WARN  client.RestClient - request [POST http://elasticsearch:9200/cluster_51b0cac1ff.live_20230804125536/_search?typed_keys=true&max_concurrent_shard_requests=5&ignore_unavailable=false&expand_wildcards=open&allow_no_indices=true&ignore_throttled=true&search_type=query_then_fetch&batched_reduce_size=512&ccs_minimize_roundtrips=true] returned 2 warnings: [299 Elasticsearch-7.16.1-5b38441b16b1ebb16a27c107a4c3865776e20c53 "Elasticsearch built-in security features are not enabled. Without authentication, your cluster could be accessible to anyone. See https://www.elastic.co/guide/en/elasticsearch/reference/7.16/security-minimal-setup.html to enable security."],[299 Elasticsearch-7.16.1-5b38441b16b1ebb16a27c107a4c3865776e20c53 "[ignore_throttled] parameter is deprecated because frozen indices have been deprecated. Consider cold or frozen tiers in place of frozen indices."]
2023-08-04 12:56:02,029 INFO  [com.dot.ContainerResource] (docker-java-stream-824381349) STDOUT: 12:56:02.023  INFO  concurrent.Debouncer - Debouncing : invalidateGraphSchema after 5000 MILLISECONDS
2023-08-04 12:56:02,037 INFO  [com.dot.ContainerResource] (docker-java-stream-824381349) STDOUT: 12:56:02.029  WARN  client.RestClient - request [POST http://elasticsearch:9200/cluster_51b0cac1ff.live_20230804125536/_search?typed_keys=true&max_concurrent_shard_requests=5&ignore_unavailable=false&expand_wildcards=open&allow_no_indices=true&ignore_throttled=true&search_type=query_then_fetch&batched_reduce_size=512&ccs_minimize_roundtrips=true] returned 2 warnings: [299 Elasticsearch-7.16.1-5b38441b16b1ebb16a27c107a4c3865776e20c53 "Elasticsearch built-in security features are not enabled. Without authentication, your cluster could be accessible to anyone. See https://www.elastic.co/guide/en/elasticsearch/reference/7.16/security-minimal-setup.html to enable security."],[299 Elasticsearch-7.16.1-5b38441b16b1ebb16a27c107a4c3865776e20c53 "[ignore_throttled] parameter is deprecated because frozen indices have been deprecated. Consider cold or frozen tiers in place of frozen indices."]
2023-08-04 12:56:02,052 INFO  [com.dot.ContainerResource] (docker-java-stream-824381349) STDOUT: 12:56:02.050  WARN  client.RestClient - request [POST http://elasticsearch:9200/cluster_51b0cac1ff.live_20230804125536/_search?typed_keys=true&max_concurrent_shard_requests=5&ignore_unavailable=false&expand_wildcards=open&allow_no_indices=true&ignore_throttled=true&search_type=query_then_fetch&batched_reduce_size=512&ccs_minimize_roundtrips=true] returned 2 warnings: [299 Elasticsearch-7.16.1-5b38441b16b1ebb16a27c107a4c3865776e20c53 "Elasticsearch built-in security features are not enabled. Without authentication, your cluster could be accessible to anyone. See https://www.elastic.co/guide/en/elasticsearch/reference/7.16/security-minimal-setup.html to enable security."],[299 Elasticsearch-7.16.1-5b38441b16b1ebb16a27c107a4c3865776e20c53 "[ignore_throttled] parameter is deprecated because frozen indices have been deprecated. Consider cold or frozen tiers in place of frozen indices."]
2023-08-04 12:56:02,062 INFO  [com.dot.ContainerResource] (docker-java-stream-824381349) STDOUT: 12:56:02.060  WARN  client.RestClient - request [POST http://elasticsearch:9200/cluster_51b0cac1ff.live_20230804125536/_search?typed_keys=true&max_concurrent_shard_requests=5&ignore_unavailable=false&expand_wildcards=open&allow_no_indices=true&ignore_throttled=true&search_type=query_then_fetch&batched_reduce_size=512&ccs_minimize_roundtrips=true] returned 2 warnings: [299 Elasticsearch-7.16.1-5b38441b16b1ebb16a27c107a4c3865776e20c53 "Elasticsearch built-in security features are not enabled. Without authentication, your cluster could be accessible to anyone. See https://www.elastic.co/guide/en/elasticsearch/reference/7.16/security-minimal-setup.html to enable security."],[299 Elasticsearch-7.16.1-5b38441b16b1ebb16a27c107a4c3865776e20c53 "[ignore_throttled] parameter is deprecated because frozen indices have been deprecated. Consider cold or frozen tiers in place of frozen indices."]
2023-08-04 12:56:02,067 INFO  [com.dot.ContainerResource] (docker-java-stream-824381349) STDOUT: 12:56:02.066  WARN  client.RestClient - request [POST http://elasticsearch:9200/cluster_51b0cac1ff.live_20230804125536/_search?typed_keys=true&max_concurrent_shard_requests=5&ignore_unavailable=false&expand_wildcards=open&allow_no_indices=true&ignore_throttled=true&search_type=query_then_fetch&batched_reduce_size=512&ccs_minimize_roundtrips=true] returned 2 warnings: [299 Elasticsearch-7.16.1-5b38441b16b1ebb16a27c107a4c3865776e20c53 "Elasticsearch built-in security features are not enabled. Without authentication, your cluster could be accessible to anyone. See https://www.elastic.co/guide/en/elasticsearch/reference/7.16/security-minimal-setup.html to enable security."],[299 Elasticsearch-7.16.1-5b38441b16b1ebb16a27c107a4c3865776e20c53 "[ignore_throttled] parameter is deprecated because frozen indices have been deprecated. Consider cold or frozen tiers in place of frozen indices."]
2023-08-04 12:56:02,080 INFO  [com.dot.ContainerResource] (docker-java-stream-824381349) STDOUT: 12:56:02.079  WARN  client.RestClient - request [POST http://elasticsearch:9200/cluster_51b0cac1ff.live_20230804125536/_search?typed_keys=true&max_concurrent_shard_requests=5&ignore_unavailable=false&expand_wildcards=open&allow_no_indices=true&ignore_throttled=true&search_type=query_then_fetch&batched_reduce_size=512&ccs_minimize_roundtrips=true] returned 2 warnings: [299 Elasticsearch-7.16.1-5b38441b16b1ebb16a27c107a4c3865776e20c53 "Elasticsearch built-in security features are not enabled. Without authentication, your cluster could be accessible to anyone. See https://www.elastic.co/guide/en/elasticsearch/reference/7.16/security-minimal-setup.html to enable security."],[299 Elasticsearch-7.16.1-5b38441b16b1ebb16a27c107a4c3865776e20c53 "[ignore_throttled] parameter is deprecated because frozen indices have been deprecated. Consider cold or frozen tiers in place of frozen indices."]
2023-08-04 12:56:02,090 INFO  [com.dot.ContainerResource] (docker-java-stream-824381349) STDOUT: 12:56:02.089  WARN  client.RestClient - request [POST http://elasticsearch:9200/cluster_51b0cac1ff.live_20230804125536/_search?typed_keys=true&max_concurrent_shard_requests=5&ignore_unavailable=false&expand_wildcards=open&allow_no_indices=true&ignore_throttled=true&search_type=query_then_fetch&batched_reduce_size=512&ccs_minimize_roundtrips=true] returned 2 warnings: [299 Elasticsearch-7.16.1-5b38441b16b1ebb16a27c107a4c3865776e20c53 "Elasticsearch built-in security features are not enabled. Without authentication, your cluster could be accessible to anyone. See https://www.elastic.co/guide/en/elasticsearch/reference/7.16/security-minimal-setup.html to enable security."],[299 Elasticsearch-7.16.1-5b38441b16b1ebb16a27c107a4c3865776e20c53 "[ignore_throttled] parameter is deprecated because frozen indices have been deprecated. Consider cold or frozen tiers in place of frozen indices."]
2023-08-04 12:56:02,095 INFO  [com.dot.ContainerResource] (docker-java-stream-824381349) STDOUT: 12:56:02.095  WARN  client.RestClient - request [POST http://elasticsearch:9200/cluster_51b0cac1ff.live_20230804125536/_search?typed_keys=true&max_concurrent_shard_requests=5&ignore_unavailable=false&expand_wildcards=open&allow_no_indices=true&ignore_throttled=true&search_type=query_then_fetch&batched_reduce_size=512&ccs_minimize_roundtrips=true] returned 2 warnings: [299 Elasticsearch-7.16.1-5b38441b16b1ebb16a27c107a4c3865776e20c53 "Elasticsearch built-in security features are not enabled. Without authentication, your cluster could be accessible to anyone. See https://www.elastic.co/guide/en/elasticsearch/reference/7.16/security-minimal-setup.html to enable security."],[299 Elasticsearch-7.16.1-5b38441b16b1ebb16a27c107a4c3865776e20c53 "[ignore_throttled] parameter is deprecated because frozen indices have been deprecated. Consider cold or frozen tiers in place of frozen indices."]
2023-08-04 12:56:02,109 INFO  [com.dot.ContainerResource] (docker-java-stream-824381349) STDOUT: 12:56:02.108  WARN  client.RestClient - request [POST http://elasticsearch:9200/cluster_51b0cac1ff.live_20230804125536/_search?typed_keys=true&max_concurrent_shard_requests=5&ignore_unavailable=false&expand_wildcards=open&allow_no_indices=true&ignore_throttled=true&search_type=query_then_fetch&batched_reduce_size=512&ccs_minimize_roundtrips=true] returned 2 warnings: [299 Elasticsearch-7.16.1-5b38441b16b1ebb16a27c107a4c3865776e20c53 "Elasticsearch built-in security features are not enabled. Without authentication, your cluster could be accessible to anyone. See https://www.elastic.co/guide/en/elasticsearch/reference/7.16/security-minimal-setup.html to enable security."],[299 Elasticsearch-7.16.1-5b38441b16b1ebb16a27c107a4c3865776e20c53 "[ignore_throttled] parameter is deprecated because frozen indices have been deprecated. Consider cold or frozen tiers in place of frozen indices."]
2023-08-04 12:56:02,118 INFO  [com.dot.ContainerResource] (docker-java-stream-824381349) STDOUT: 12:56:02.117  WARN  client.RestClient - request [POST http://elasticsearch:9200/cluster_51b0cac1ff.live_20230804125536/_search?typed_keys=true&max_concurrent_shard_requests=5&ignore_unavailable=false&expand_wildcards=open&allow_no_indices=true&ignore_throttled=true&search_type=query_then_fetch&batched_reduce_size=512&ccs_minimize_roundtrips=true] returned 2 warnings: [299 Elasticsearch-7.16.1-5b38441b16b1ebb16a27c107a4c3865776e20c53 "Elasticsearch built-in security features are not enabled. Without authentication, your cluster could be accessible to anyone. See https://www.elastic.co/guide/en/elasticsearch/reference/7.16/security-minimal-setup.html to enable security."],[299 Elasticsearch-7.16.1-5b38441b16b1ebb16a27c107a4c3865776e20c53 "[ignore_throttled] parameter is deprecated because frozen indices have been deprecated. Consider cold or frozen tiers in place of frozen indices."]
2023-08-04 12:56:02,124 INFO  [com.dot.ContainerResource] (docker-java-stream-824381349) STDOUT: 12:56:02.124  WARN  client.RestClient - request [POST http://elasticsearch:9200/cluster_51b0cac1ff.live_20230804125536/_search?typed_keys=true&max_concurrent_shard_requests=5&ignore_unavailable=false&expand_wildcards=open&allow_no_indices=true&ignore_throttled=true&search_type=query_then_fetch&batched_reduce_size=512&ccs_minimize_roundtrips=true] returned 2 warnings: [299 Elasticsearch-7.16.1-5b38441b16b1ebb16a27c107a4c3865776e20c53 "Elasticsearch built-in security features are not enabled. Without authentication, your cluster could be accessible to anyone. See https://www.elastic.co/guide/en/elasticsearch/reference/7.16/security-minimal-setup.html to enable security."],[299 Elasticsearch-7.16.1-5b38441b16b1ebb16a27c107a4c3865776e20c53 "[ignore_throttled] parameter is deprecated because frozen indices have been deprecated. Consider cold or frozen tiers in place of frozen indices."]
2023-08-04 12:56:02,133 INFO  [com.dot.ContainerResource] (docker-java-stream-824381349) STDOUT: 12:56:02.133  WARN  client.RestClient - request [POST http://elasticsearch:9200/cluster_51b0cac1ff.live_20230804125536/_search?typed_keys=true&max_concurrent_shard_requests=5&ignore_unavailable=false&expand_wildcards=open&allow_no_indices=true&ignore_throttled=true&search_type=query_then_fetch&batched_reduce_size=512&ccs_minimize_roundtrips=true] returned 2 warnings: [299 Elasticsearch-7.16.1-5b38441b16b1ebb16a27c107a4c3865776e20c53 "Elasticsearch built-in security features are not enabled. Without authentication, your cluster could be accessible to anyone. See https://www.elastic.co/guide/en/elasticsearch/reference/7.16/security-minimal-setup.html to enable security."],[299 Elasticsearch-7.16.1-5b38441b16b1ebb16a27c107a4c3865776e20c53 "[ignore_throttled] parameter is deprecated because frozen indices have been deprecated. Consider cold or frozen tiers in place of frozen indices."]
2023-08-04 12:56:02,139 INFO  [com.dot.ContainerResource] (docker-java-stream-824381349) STDOUT: 12:56:02.139  WARN  client.RestClient - request [POST http://elasticsearch:9200/cluster_51b0cac1ff.live_20230804125536/_search?typed_keys=true&max_concurrent_shard_requests=5&ignore_unavailable=false&expand_wildcards=open&allow_no_indices=true&ignore_throttled=true&search_type=query_then_fetch&batched_reduce_size=512&ccs_minimize_roundtrips=true] returned 2 warnings: [299 Elasticsearch-7.16.1-5b38441b16b1ebb16a27c107a4c3865776e20c53 "Elasticsearch built-in security features are not enabled. Without authentication, your cluster could be accessible to anyone. See https://www.elastic.co/guide/en/elasticsearch/reference/7.16/security-minimal-setup.html to enable security."],[299 Elasticsearch-7.16.1-5b38441b16b1ebb16a27c107a4c3865776e20c53 "[ignore_throttled] parameter is deprecated because frozen indices have been deprecated. Consider cold or frozen tiers in place of frozen indices."]
2023-08-04 12:56:02,147 INFO  [com.dot.ContainerResource] (docker-java-stream-824381349) STDOUT: 12:56:02.146  WARN  client.RestClient - request [POST http://elasticsearch:9200/cluster_51b0cac1ff.live_20230804125536/_search?typed_keys=true&max_concurrent_shard_requests=5&ignore_unavailable=false&expand_wildcards=open&allow_no_indices=true&ignore_throttled=true&search_type=query_then_fetch&batched_reduce_size=512&ccs_minimize_roundtrips=true] returned 2 warnings: [299 Elasticsearch-7.16.1-5b38441b16b1ebb16a27c107a4c3865776e20c53 "Elasticsearch built-in security features are not enabled. Without authentication, your cluster could be accessible to anyone. See https://www.elastic.co/guide/en/elasticsearch/reference/7.16/security-minimal-setup.html to enable security."],[299 Elasticsearch-7.16.1-5b38441b16b1ebb16a27c107a4c3865776e20c53 "[ignore_throttled] parameter is deprecated because frozen indices have been deprecated. Consider cold or frozen tiers in place of frozen indices."]
2023-08-04 12:56:02,152 INFO  [com.dot.ContainerResource] (docker-java-stream-824381349) STDOUT: 12:56:02.151  WARN  client.RestClient - request [POST http://elasticsearch:9200/cluster_51b0cac1ff.live_20230804125536/_search?typed_keys=true&max_concurrent_shard_requests=5&ignore_unavailable=false&expand_wildcards=open&allow_no_indices=true&ignore_throttled=true&search_type=query_then_fetch&batched_reduce_size=512&ccs_minimize_roundtrips=true] returned 2 warnings: [299 Elasticsearch-7.16.1-5b38441b16b1ebb16a27c107a4c3865776e20c53 "Elasticsearch built-in security features are not enabled. Without authentication, your cluster could be accessible to anyone. See https://www.elastic.co/guide/en/elasticsearch/reference/7.16/security-minimal-setup.html to enable security."],[299 Elasticsearch-7.16.1-5b38441b16b1ebb16a27c107a4c3865776e20c53 "[ignore_throttled] parameter is deprecated because frozen indices have been deprecated. Consider cold or frozen tiers in place of frozen indices."]
2023-08-04 12:56:02,160 INFO  [com.dot.ContainerResource] (docker-java-stream-824381349) STDOUT: 12:56:02.159  WARN  client.RestClient - request [POST http://elasticsearch:9200/cluster_51b0cac1ff.live_20230804125536/_search?typed_keys=true&max_concurrent_shard_requests=5&ignore_unavailable=false&expand_wildcards=open&allow_no_indices=true&ignore_throttled=true&search_type=query_then_fetch&batched_reduce_size=512&ccs_minimize_roundtrips=true] returned 2 warnings: [299 Elasticsearch-7.16.1-5b38441b16b1ebb16a27c107a4c3865776e20c53 "Elasticsearch built-in security features are not enabled. Without authentication, your cluster could be accessible to anyone. See https://www.elastic.co/guide/en/elasticsearch/reference/7.16/security-minimal-setup.html to enable security."],[299 Elasticsearch-7.16.1-5b38441b16b1ebb16a27c107a4c3865776e20c53 "[ignore_throttled] parameter is deprecated because frozen indices have been deprecated. Consider cold or frozen tiers in place of frozen indices."]
2023-08-04 12:56:02,164 INFO  [com.dot.ContainerResource] (docker-java-stream-824381349) STDOUT: 12:56:02.164  WARN  client.RestClient - request [POST http://elasticsearch:9200/cluster_51b0cac1ff.live_20230804125536/_search?typed_keys=true&max_concurrent_shard_requests=5&ignore_unavailable=false&expand_wildcards=open&allow_no_indices=true&ignore_throttled=true&search_type=query_then_fetch&batched_reduce_size=512&ccs_minimize_roundtrips=true] returned 2 warnings: [299 Elasticsearch-7.16.1-5b38441b16b1ebb16a27c107a4c3865776e20c53 "Elasticsearch built-in security features are not enabled. Without authentication, your cluster could be accessible to anyone. See https://www.elastic.co/guide/en/elasticsearch/reference/7.16/security-minimal-setup.html to enable security."],[299 Elasticsearch-7.16.1-5b38441b16b1ebb16a27c107a4c3865776e20c53 "[ignore_throttled] parameter is deprecated because frozen indices have been deprecated. Consider cold or frozen tiers in place of frozen indices."]
2023-08-04 12:56:02,190 INFO  [com.dot.ContainerResource] (docker-java-stream-824381349) STDOUT: 12:56:02.179  WARN  client.RestClient - request [POST http://elasticsearch:9200/cluster_51b0cac1ff.live_20230804125536/_search?typed_keys=true&max_concurrent_shard_requests=5&ignore_unavailable=false&expand_wildcards=open&allow_no_indices=true&ignore_throttled=true&search_type=query_then_fetch&batched_reduce_size=512&ccs_minimize_roundtrips=true] returned 2 warnings: [299 Elasticsearch-7.16.1-5b38441b16b1ebb16a27c107a4c3865776e20c53 "Elasticsearch built-in security features are not enabled. Without authentication, your cluster could be accessible to anyone. See https://www.elastic.co/guide/en/elasticsearch/reference/7.16/security-minimal-setup.html to enable security."],[299 Elasticsearch-7.16.1-5b38441b16b1ebb16a27c107a4c3865776e20c53 "[ignore_throttled] parameter is deprecated because frozen indices have been deprecated. Consider cold or frozen tiers in place of frozen indices."]
2023-08-04 12:56:02,190 INFO  [com.dot.ContainerResource] (docker-java-stream-824381349) STDOUT: 12:56:02.188  WARN  client.RestClient - request [POST http://elasticsearch:9200/cluster_51b0cac1ff.live_20230804125536/_search?typed_keys=true&max_concurrent_shard_requests=5&ignore_unavailable=false&expand_wildcards=open&allow_no_indices=true&ignore_throttled=true&search_type=query_then_fetch&batched_reduce_size=512&ccs_minimize_roundtrips=true] returned 2 warnings: [299 Elasticsearch-7.16.1-5b38441b16b1ebb16a27c107a4c3865776e20c53 "Elasticsearch built-in security features are not enabled. Without authentication, your cluster could be accessible to anyone. See https://www.elastic.co/guide/en/elasticsearch/reference/7.16/security-minimal-setup.html to enable security."],[299 Elasticsearch-7.16.1-5b38441b16b1ebb16a27c107a4c3865776e20c53 "[ignore_throttled] parameter is deprecated because frozen indices have been deprecated. Consider cold or frozen tiers in place of frozen indices."]
2023-08-04 12:56:02,201 INFO  [com.dot.ContainerResource] (docker-java-stream-824381349) STDOUT: 12:56:02.201  WARN  client.RestClient - request [POST http://elasticsearch:9200/cluster_51b0cac1ff.live_20230804125536/_search?typed_keys=true&max_concurrent_shard_requests=5&ignore_unavailable=false&expand_wildcards=open&allow_no_indices=true&ignore_throttled=true&search_type=query_then_fetch&batched_reduce_size=512&ccs_minimize_roundtrips=true] returned 2 warnings: [299 Elasticsearch-7.16.1-5b38441b16b1ebb16a27c107a4c3865776e20c53 "Elasticsearch built-in security features are not enabled. Without authentication, your cluster could be accessible to anyone. See https://www.elastic.co/guide/en/elasticsearch/reference/7.16/security-minimal-setup.html to enable security."],[299 Elasticsearch-7.16.1-5b38441b16b1ebb16a27c107a4c3865776e20c53 "[ignore_throttled] parameter is deprecated because frozen indices have been deprecated. Consider cold or frozen tiers in place of frozen indices."]
2023-08-04 12:56:02,206 INFO  [com.dot.ContainerResource] (docker-java-stream-824381349) STDOUT: 12:56:02.206  WARN  client.RestClient - request [POST http://elasticsearch:9200/cluster_51b0cac1ff.live_20230804125536/_search?typed_keys=true&max_concurrent_shard_requests=5&ignore_unavailable=false&expand_wildcards=open&allow_no_indices=true&ignore_throttled=true&search_type=query_then_fetch&batched_reduce_size=512&ccs_minimize_roundtrips=true] returned 2 warnings: [299 Elasticsearch-7.16.1-5b38441b16b1ebb16a27c107a4c3865776e20c53 "Elasticsearch built-in security features are not enabled. Without authentication, your cluster could be accessible to anyone. See https://www.elastic.co/guide/en/elasticsearch/reference/7.16/security-minimal-setup.html to enable security."],[299 Elasticsearch-7.16.1-5b38441b16b1ebb16a27c107a4c3865776e20c53 "[ignore_throttled] parameter is deprecated because frozen indices have been deprecated. Consider cold or frozen tiers in place of frozen indices."]
2023-08-04 12:56:02,210 INFO  [com.dot.ContainerResource] (docker-java-stream-824381349) STDOUT: 12:56:02.210  WARN  client.RestClient - request [POST http://elasticsearch:9200/cluster_51b0cac1ff.live_20230804125536/_search?typed_keys=true&max_concurrent_shard_requests=5&ignore_unavailable=false&expand_wildcards=open&allow_no_indices=true&ignore_throttled=true&search_type=query_then_fetch&batched_reduce_size=512&ccs_minimize_roundtrips=true] returned 2 warnings: [299 Elasticsearch-7.16.1-5b38441b16b1ebb16a27c107a4c3865776e20c53 "Elasticsearch built-in security features are not enabled. Without authentication, your cluster could be accessible to anyone. See https://www.elastic.co/guide/en/elasticsearch/reference/7.16/security-minimal-setup.html to enable security."],[299 Elasticsearch-7.16.1-5b38441b16b1ebb16a27c107a4c3865776e20c53 "[ignore_throttled] parameter is deprecated because frozen indices have been deprecated. Consider cold or frozen tiers in place of frozen indices."]
2023-08-04 12:56:02,218 INFO  [com.dot.ContainerResource] (docker-java-stream-824381349) STDOUT: 12:56:02.217  WARN  client.RestClient - request [POST http://elasticsearch:9200/cluster_51b0cac1ff.live_20230804125536/_search?typed_keys=true&max_concurrent_shard_requests=5&ignore_unavailable=false&expand_wildcards=open&allow_no_indices=true&ignore_throttled=true&search_type=query_then_fetch&batched_reduce_size=512&ccs_minimize_roundtrips=true] returned 2 warnings: [299 Elasticsearch-7.16.1-5b38441b16b1ebb16a27c107a4c3865776e20c53 "Elasticsearch built-in security features are not enabled. Without authentication, your cluster could be accessible to anyone. See https://www.elastic.co/guide/en/elasticsearch/reference/7.16/security-minimal-setup.html to enable security."],[299 Elasticsearch-7.16.1-5b38441b16b1ebb16a27c107a4c3865776e20c53 "[ignore_throttled] parameter is deprecated because frozen indices have been deprecated. Consider cold or frozen tiers in place of frozen indices."]
2023-08-04 12:56:02,224 INFO  [com.dot.ContainerResource] (docker-java-stream-824381349) STDOUT: 12:56:02.224  WARN  client.RestClient - request [POST http://elasticsearch:9200/cluster_51b0cac1ff.live_20230804125536/_search?typed_keys=true&max_concurrent_shard_requests=5&ignore_unavailable=false&expand_wildcards=open&allow_no_indices=true&ignore_throttled=true&search_type=query_then_fetch&batched_reduce_size=512&ccs_minimize_roundtrips=true] returned 2 warnings: [299 Elasticsearch-7.16.1-5b38441b16b1ebb16a27c107a4c3865776e20c53 "Elasticsearch built-in security features are not enabled. Without authentication, your cluster could be accessible to anyone. See https://www.elastic.co/guide/en/elasticsearch/reference/7.16/security-minimal-setup.html to enable security."],[299 Elasticsearch-7.16.1-5b38441b16b1ebb16a27c107a4c3865776e20c53 "[ignore_throttled] parameter is deprecated because frozen indices have been deprecated. Consider cold or frozen tiers in place of frozen indices."]
2023-08-04 12:56:02,230 INFO  [com.dot.ContainerResource] (docker-java-stream-824381349) STDOUT: 12:56:02.230  WARN  client.RestClient - request [POST http://elasticsearch:9200/cluster_51b0cac1ff.live_20230804125536/_search?typed_keys=true&max_concurrent_shard_requests=5&ignore_unavailable=false&expand_wildcards=open&allow_no_indices=true&ignore_throttled=true&search_type=query_then_fetch&batched_reduce_size=512&ccs_minimize_roundtrips=true] returned 2 warnings: [299 Elasticsearch-7.16.1-5b38441b16b1ebb16a27c107a4c3865776e20c53 "Elasticsearch built-in security features are not enabled. Without authentication, your cluster could be accessible to anyone. See https://www.elastic.co/guide/en/elasticsearch/reference/7.16/security-minimal-setup.html to enable security."],[299 Elasticsearch-7.16.1-5b38441b16b1ebb16a27c107a4c3865776e20c53 "[ignore_throttled] parameter is deprecated because frozen indices have been deprecated. Consider cold or frozen tiers in place of frozen indices."]
2023-08-04 12:56:02,236 INFO  [com.dot.ContainerResource] (docker-java-stream-824381349) STDOUT: 12:56:02.235  WARN  client.RestClient - request [POST http://elasticsearch:9200/cluster_51b0cac1ff.live_20230804125536/_search?typed_keys=true&max_concurrent_shard_requests=5&ignore_unavailable=false&expand_wildcards=open&allow_no_indices=true&ignore_throttled=true&search_type=query_then_fetch&batched_reduce_size=512&ccs_minimize_roundtrips=true] returned 2 warnings: [299 Elasticsearch-7.16.1-5b38441b16b1ebb16a27c107a4c3865776e20c53 "Elasticsearch built-in security features are not enabled. Without authentication, your cluster could be accessible to anyone. See https://www.elastic.co/guide/en/elasticsearch/reference/7.16/security-minimal-setup.html to enable security."],[299 Elasticsearch-7.16.1-5b38441b16b1ebb16a27c107a4c3865776e20c53 "[ignore_throttled] parameter is deprecated because frozen indices have been deprecated. Consider cold or frozen tiers in place of frozen indices."]
2023-08-04 12:56:02,240 INFO  [com.dot.ContainerResource] (docker-java-stream-824381349) STDOUT: 12:56:02.239  WARN  client.RestClient - request [POST http://elasticsearch:9200/cluster_51b0cac1ff.live_20230804125536/_search?typed_keys=true&max_concurrent_shard_requests=5&ignore_unavailable=false&expand_wildcards=open&allow_no_indices=true&ignore_throttled=true&search_type=query_then_fetch&batched_reduce_size=512&ccs_minimize_roundtrips=true] returned 2 warnings: [299 Elasticsearch-7.16.1-5b38441b16b1ebb16a27c107a4c3865776e20c53 "Elasticsearch built-in security features are not enabled. Without authentication, your cluster could be accessible to anyone. See https://www.elastic.co/guide/en/elasticsearch/reference/7.16/security-minimal-setup.html to enable security."],[299 Elasticsearch-7.16.1-5b38441b16b1ebb16a27c107a4c3865776e20c53 "[ignore_throttled] parameter is deprecated because frozen indices have been deprecated. Consider cold or frozen tiers in place of frozen indices."]
2023-08-04 12:56:02,243 INFO  [com.dot.ContainerResource] (docker-java-stream-824381349) STDOUT: 12:56:02.243  WARN  client.RestClient - request [POST http://elasticsearch:9200/cluster_51b0cac1ff.live_20230804125536/_search?typed_keys=true&max_concurrent_shard_requests=5&ignore_unavailable=false&expand_wildcards=open&allow_no_indices=true&ignore_throttled=true&search_type=query_then_fetch&batched_reduce_size=512&ccs_minimize_roundtrips=true] returned 2 warnings: [299 Elasticsearch-7.16.1-5b38441b16b1ebb16a27c107a4c3865776e20c53 "Elasticsearch built-in security features are not enabled. Without authentication, your cluster could be accessible to anyone. See https://www.elastic.co/guide/en/elasticsearch/reference/7.16/security-minimal-setup.html to enable security."],[299 Elasticsearch-7.16.1-5b38441b16b1ebb16a27c107a4c3865776e20c53 "[ignore_throttled] parameter is deprecated because frozen indices have been deprecated. Consider cold or frozen tiers in place of frozen indices."]
2023-08-04 12:56:02,249 INFO  [com.dot.ContainerResource] (docker-java-stream-824381349) STDOUT: 12:56:02.248  WARN  client.RestClient - request [POST http://elasticsearch:9200/cluster_51b0cac1ff.live_20230804125536/_search?typed_keys=true&max_concurrent_shard_requests=5&ignore_unavailable=false&expand_wildcards=open&allow_no_indices=true&ignore_throttled=true&search_type=query_then_fetch&batched_reduce_size=512&ccs_minimize_roundtrips=true] returned 2 warnings: [299 Elasticsearch-7.16.1-5b38441b16b1ebb16a27c107a4c3865776e20c53 "Elasticsearch built-in security features are not enabled. Without authentication, your cluster could be accessible to anyone. See https://www.elastic.co/guide/en/elasticsearch/reference/7.16/security-minimal-setup.html to enable security."],[299 Elasticsearch-7.16.1-5b38441b16b1ebb16a27c107a4c3865776e20c53 "[ignore_throttled] parameter is deprecated because frozen indices have been deprecated. Consider cold or frozen tiers in place of frozen indices."]
2023-08-04 12:56:02,261 INFO  [com.dot.ContainerResource] (docker-java-stream-824381349) STDOUT: 12:56:02.260  WARN  client.RestClient - request [POST http://elasticsearch:9200/cluster_51b0cac1ff.live_20230804125536/_search?typed_keys=true&max_concurrent_shard_requests=5&ignore_unavailable=false&expand_wildcards=open&allow_no_indices=true&ignore_throttled=true&search_type=query_then_fetch&batched_reduce_size=512&ccs_minimize_roundtrips=true] returned 2 warnings: [299 Elasticsearch-7.16.1-5b38441b16b1ebb16a27c107a4c3865776e20c53 "Elasticsearch built-in security features are not enabled. Without authentication, your cluster could be accessible to anyone. See https://www.elastic.co/guide/en/elasticsearch/reference/7.16/security-minimal-setup.html to enable security."],[299 Elasticsearch-7.16.1-5b38441b16b1ebb16a27c107a4c3865776e20c53 "[ignore_throttled] parameter is deprecated because frozen indices have been deprecated. Consider cold or frozen tiers in place of frozen indices."]
2023-08-04 12:56:02,269 INFO  [com.dot.ContainerResource] (docker-java-stream-824381349) STDOUT: 12:56:02.268  WARN  client.RestClient - request [POST http://elasticsearch:9200/cluster_51b0cac1ff.live_20230804125536/_search?typed_keys=true&max_concurrent_shard_requests=5&ignore_unavailable=false&expand_wildcards=open&allow_no_indices=true&ignore_throttled=true&search_type=query_then_fetch&batched_reduce_size=512&ccs_minimize_roundtrips=true] returned 2 warnings: [299 Elasticsearch-7.16.1-5b38441b16b1ebb16a27c107a4c3865776e20c53 "Elasticsearch built-in security features are not enabled. Without authentication, your cluster could be accessible to anyone. See https://www.elastic.co/guide/en/elasticsearch/reference/7.16/security-minimal-setup.html to enable security."],[299 Elasticsearch-7.16.1-5b38441b16b1ebb16a27c107a4c3865776e20c53 "[ignore_throttled] parameter is deprecated because frozen indices have been deprecated. Consider cold or frozen tiers in place of frozen indices."]
2023-08-04 12:56:02,276 INFO  [com.dot.ContainerResource] (docker-java-stream-824381349) STDOUT: 12:56:02.275  WARN  client.RestClient - request [POST http://elasticsearch:9200/cluster_51b0cac1ff.live_20230804125536/_search?typed_keys=true&max_concurrent_shard_requests=5&ignore_unavailable=false&expand_wildcards=open&allow_no_indices=true&ignore_throttled=true&search_type=query_then_fetch&batched_reduce_size=512&ccs_minimize_roundtrips=true] returned 2 warnings: [299 Elasticsearch-7.16.1-5b38441b16b1ebb16a27c107a4c3865776e20c53 "Elasticsearch built-in security features are not enabled. Without authentication, your cluster could be accessible to anyone. See https://www.elastic.co/guide/en/elasticsearch/reference/7.16/security-minimal-setup.html to enable security."],[299 Elasticsearch-7.16.1-5b38441b16b1ebb16a27c107a4c3865776e20c53 "[ignore_throttled] parameter is deprecated because frozen indices have been deprecated. Consider cold or frozen tiers in place of frozen indices."]
2023-08-04 12:56:02,284 INFO  [com.dot.ContainerResource] (docker-java-stream-824381349) STDOUT: 12:56:02.284  WARN  client.RestClient - request [POST http://elasticsearch:9200/cluster_51b0cac1ff.live_20230804125536/_search?typed_keys=true&max_concurrent_shard_requests=5&ignore_unavailable=false&expand_wildcards=open&allow_no_indices=true&ignore_throttled=true&search_type=query_then_fetch&batched_reduce_size=512&ccs_minimize_roundtrips=true] returned 2 warnings: [299 Elasticsearch-7.16.1-5b38441b16b1ebb16a27c107a4c3865776e20c53 "Elasticsearch built-in security features are not enabled. Without authentication, your cluster could be accessible to anyone. See https://www.elastic.co/guide/en/elasticsearch/reference/7.16/security-minimal-setup.html to enable security."],[299 Elasticsearch-7.16.1-5b38441b16b1ebb16a27c107a4c3865776e20c53 "[ignore_throttled] parameter is deprecated because frozen indices have been deprecated. Consider cold or frozen tiers in place of frozen indices."]
2023-08-04 12:56:02,290 INFO  [com.dot.ContainerResource] (docker-java-stream-824381349) STDOUT: 12:56:02.290  WARN  client.RestClient - request [POST http://elasticsearch:9200/cluster_51b0cac1ff.live_20230804125536/_search?typed_keys=true&max_concurrent_shard_requests=5&ignore_unavailable=false&expand_wildcards=open&allow_no_indices=true&ignore_throttled=true&search_type=query_then_fetch&batched_reduce_size=512&ccs_minimize_roundtrips=true] returned 2 warnings: [299 Elasticsearch-7.16.1-5b38441b16b1ebb16a27c107a4c3865776e20c53 "Elasticsearch built-in security features are not enabled. Without authentication, your cluster could be accessible to anyone. See https://www.elastic.co/guide/en/elasticsearch/reference/7.16/security-minimal-setup.html to enable security."],[299 Elasticsearch-7.16.1-5b38441b16b1ebb16a27c107a4c3865776e20c53 "[ignore_throttled] parameter is deprecated because frozen indices have been deprecated. Consider cold or frozen tiers in place of frozen indices."]
2023-08-04 12:56:02,299 INFO  [com.dot.ContainerResource] (docker-java-stream-824381349) STDOUT: 12:56:02.298  WARN  client.RestClient - request [POST http://elasticsearch:9200/cluster_51b0cac1ff.live_20230804125536/_search?typed_keys=true&max_concurrent_shard_requests=5&ignore_unavailable=false&expand_wildcards=open&allow_no_indices=true&ignore_throttled=true&search_type=query_then_fetch&batched_reduce_size=512&ccs_minimize_roundtrips=true] returned 2 warnings: [299 Elasticsearch-7.16.1-5b38441b16b1ebb16a27c107a4c3865776e20c53 "Elasticsearch built-in security features are not enabled. Without authentication, your cluster could be accessible to anyone. See https://www.elastic.co/guide/en/elasticsearch/reference/7.16/security-minimal-setup.html to enable security."],[299 Elasticsearch-7.16.1-5b38441b16b1ebb16a27c107a4c3865776e20c53 "[ignore_throttled] parameter is deprecated because frozen indices have been deprecated. Consider cold or frozen tiers in place of frozen indices."]
2023-08-04 12:56:02,304 INFO  [com.dot.ContainerResource] (docker-java-stream-824381349) STDOUT: 12:56:02.303  WARN  client.RestClient - request [POST http://elasticsearch:9200/cluster_51b0cac1ff.live_20230804125536/_search?typed_keys=true&max_concurrent_shard_requests=5&ignore_unavailable=false&expand_wildcards=open&allow_no_indices=true&ignore_throttled=true&search_type=query_then_fetch&batched_reduce_size=512&ccs_minimize_roundtrips=true] returned 2 warnings: [299 Elasticsearch-7.16.1-5b38441b16b1ebb16a27c107a4c3865776e20c53 "Elasticsearch built-in security features are not enabled. Without authentication, your cluster could be accessible to anyone. See https://www.elastic.co/guide/en/elasticsearch/reference/7.16/security-minimal-setup.html to enable security."],[299 Elasticsearch-7.16.1-5b38441b16b1ebb16a27c107a4c3865776e20c53 "[ignore_throttled] parameter is deprecated because frozen indices have been deprecated. Consider cold or frozen tiers in place of frozen indices."]
2023-08-04 12:56:02,308 INFO  [com.dot.ContainerResource] (docker-java-stream-824381349) STDOUT: 12:56:02.308  WARN  client.RestClient - request [POST http://elasticsearch:9200/cluster_51b0cac1ff.live_20230804125536/_search?typed_keys=true&max_concurrent_shard_requests=5&ignore_unavailable=false&expand_wildcards=open&allow_no_indices=true&ignore_throttled=true&search_type=query_then_fetch&batched_reduce_size=512&ccs_minimize_roundtrips=true] returned 2 warnings: [299 Elasticsearch-7.16.1-5b38441b16b1ebb16a27c107a4c3865776e20c53 "Elasticsearch built-in security features are not enabled. Without authentication, your cluster could be accessible to anyone. See https://www.elastic.co/guide/en/elasticsearch/reference/7.16/security-minimal-setup.html to enable security."],[299 Elasticsearch-7.16.1-5b38441b16b1ebb16a27c107a4c3865776e20c53 "[ignore_throttled] parameter is deprecated because frozen indices have been deprecated. Consider cold or frozen tiers in place of frozen indices."]
2023-08-04 12:56:02,317 INFO  [com.dot.ContainerResource] (docker-java-stream-824381349) STDOUT: 12:56:02.316  WARN  client.RestClient - request [POST http://elasticsearch:9200/cluster_51b0cac1ff.live_20230804125536/_search?typed_keys=true&max_concurrent_shard_requests=5&ignore_unavailable=false&expand_wildcards=open&allow_no_indices=true&ignore_throttled=true&search_type=query_then_fetch&batched_reduce_size=512&ccs_minimize_roundtrips=true] returned 2 warnings: [299 Elasticsearch-7.16.1-5b38441b16b1ebb16a27c107a4c3865776e20c53 "Elasticsearch built-in security features are not enabled. Without authentication, your cluster could be accessible to anyone. See https://www.elastic.co/guide/en/elasticsearch/reference/7.16/security-minimal-setup.html to enable security."],[299 Elasticsearch-7.16.1-5b38441b16b1ebb16a27c107a4c3865776e20c53 "[ignore_throttled] parameter is deprecated because frozen indices have been deprecated. Consider cold or frozen tiers in place of frozen indices."]
2023-08-04 12:56:02,321 INFO  [com.dot.ContainerResource] (docker-java-stream-824381349) STDOUT: 12:56:02.321  WARN  client.RestClient - request [POST http://elasticsearch:9200/cluster_51b0cac1ff.live_20230804125536/_search?typed_keys=true&max_concurrent_shard_requests=5&ignore_unavailable=false&expand_wildcards=open&allow_no_indices=true&ignore_throttled=true&search_type=query_then_fetch&batched_reduce_size=512&ccs_minimize_roundtrips=true] returned 2 warnings: [299 Elasticsearch-7.16.1-5b38441b16b1ebb16a27c107a4c3865776e20c53 "Elasticsearch built-in security features are not enabled. Without authentication, your cluster could be accessible to anyone. See https://www.elastic.co/guide/en/elasticsearch/reference/7.16/security-minimal-setup.html to enable security."],[299 Elasticsearch-7.16.1-5b38441b16b1ebb16a27c107a4c3865776e20c53 "[ignore_throttled] parameter is deprecated because frozen indices have been deprecated. Consider cold or frozen tiers in place of frozen indices."]
2023-08-04 12:56:02,325 INFO  [com.dot.ContainerResource] (docker-java-stream-824381349) STDOUT: 12:56:02.324  WARN  client.RestClient - request [POST http://elasticsearch:9200/cluster_51b0cac1ff.live_20230804125536/_search?typed_keys=true&max_concurrent_shard_requests=5&ignore_unavailable=false&expand_wildcards=open&allow_no_indices=true&ignore_throttled=true&search_type=query_then_fetch&batched_reduce_size=512&ccs_minimize_roundtrips=true] returned 2 warnings: [299 Elasticsearch-7.16.1-5b38441b16b1ebb16a27c107a4c3865776e20c53 "Elasticsearch built-in security features are not enabled. Without authentication, your cluster could be accessible to anyone. See https://www.elastic.co/guide/en/elasticsearch/reference/7.16/security-minimal-setup.html to enable security."],[299 Elasticsearch-7.16.1-5b38441b16b1ebb16a27c107a4c3865776e20c53 "[ignore_throttled] parameter is deprecated because frozen indices have been deprecated. Consider cold or frozen tiers in place of frozen indices."]
2023-08-04 12:56:02,332 INFO  [com.dot.ContainerResource] (docker-java-stream-824381349) STDOUT: 12:56:02.328  WARN  client.RestClient - request [POST http://elasticsearch:9200/cluster_51b0cac1ff.live_20230804125536/_search?typed_keys=true&max_concurrent_shard_requests=5&ignore_unavailable=false&expand_wildcards=open&allow_no_indices=true&ignore_throttled=true&search_type=query_then_fetch&batched_reduce_size=512&ccs_minimize_roundtrips=true] returned 2 warnings: [299 Elasticsearch-7.16.1-5b38441b16b1ebb16a27c107a4c3865776e20c53 "Elasticsearch built-in security features are not enabled. Without authentication, your cluster could be accessible to anyone. See https://www.elastic.co/guide/en/elasticsearch/reference/7.16/security-minimal-setup.html to enable security."],[299 Elasticsearch-7.16.1-5b38441b16b1ebb16a27c107a4c3865776e20c53 "[ignore_throttled] parameter is deprecated because frozen indices have been deprecated. Consider cold or frozen tiers in place of frozen indices."]
2023-08-04 12:56:02,338 INFO  [com.dot.ContainerResource] (docker-java-stream-824381349) STDOUT: 12:56:02.336  WARN  client.RestClient - request [POST http://elasticsearch:9200/cluster_51b0cac1ff.live_20230804125536/_search?typed_keys=true&max_concurrent_shard_requests=5&ignore_unavailable=false&expand_wildcards=open&allow_no_indices=true&ignore_throttled=true&search_type=query_then_fetch&batched_reduce_size=512&ccs_minimize_roundtrips=true] returned 2 warnings: [299 Elasticsearch-7.16.1-5b38441b16b1ebb16a27c107a4c3865776e20c53 "Elasticsearch built-in security features are not enabled. Without authentication, your cluster could be accessible to anyone. See https://www.elastic.co/guide/en/elasticsearch/reference/7.16/security-minimal-setup.html to enable security."],[299 Elasticsearch-7.16.1-5b38441b16b1ebb16a27c107a4c3865776e20c53 "[ignore_throttled] parameter is deprecated because frozen indices have been deprecated. Consider cold or frozen tiers in place of frozen indices."]
2023-08-04 12:56:02,341 INFO  [com.dot.ContainerResource] (docker-java-stream-824381349) STDOUT: 12:56:02.341  WARN  client.RestClient - request [POST http://elasticsearch:9200/cluster_51b0cac1ff.live_20230804125536/_search?typed_keys=true&max_concurrent_shard_requests=5&ignore_unavailable=false&expand_wildcards=open&allow_no_indices=true&ignore_throttled=true&search_type=query_then_fetch&batched_reduce_size=512&ccs_minimize_roundtrips=true] returned 2 warnings: [299 Elasticsearch-7.16.1-5b38441b16b1ebb16a27c107a4c3865776e20c53 "Elasticsearch built-in security features are not enabled. Without authentication, your cluster could be accessible to anyone. See https://www.elastic.co/guide/en/elasticsearch/reference/7.16/security-minimal-setup.html to enable security."],[299 Elasticsearch-7.16.1-5b38441b16b1ebb16a27c107a4c3865776e20c53 "[ignore_throttled] parameter is deprecated because frozen indices have been deprecated. Consider cold or frozen tiers in place of frozen indices."]
2023-08-04 12:56:02,345 INFO  [com.dot.ContainerResource] (docker-java-stream-824381349) STDOUT: 12:56:02.345  WARN  client.RestClient - request [POST http://elasticsearch:9200/cluster_51b0cac1ff.live_20230804125536/_search?typed_keys=true&max_concurrent_shard_requests=5&ignore_unavailable=false&expand_wildcards=open&allow_no_indices=true&ignore_throttled=true&search_type=query_then_fetch&batched_reduce_size=512&ccs_minimize_roundtrips=true] returned 2 warnings: [299 Elasticsearch-7.16.1-5b38441b16b1ebb16a27c107a4c3865776e20c53 "Elasticsearch built-in security features are not enabled. Without authentication, your cluster could be accessible to anyone. See https://www.elastic.co/guide/en/elasticsearch/reference/7.16/security-minimal-setup.html to enable security."],[299 Elasticsearch-7.16.1-5b38441b16b1ebb16a27c107a4c3865776e20c53 "[ignore_throttled] parameter is deprecated because frozen indices have been deprecated. Consider cold or frozen tiers in place of frozen indices."]
2023-08-04 12:56:02,349 INFO  [com.dot.ContainerResource] (docker-java-stream-824381349) STDOUT: 12:56:02.348  WARN  client.RestClient - request [POST http://elasticsearch:9200/cluster_51b0cac1ff.live_20230804125536/_search?typed_keys=true&max_concurrent_shard_requests=5&ignore_unavailable=false&expand_wildcards=open&allow_no_indices=true&ignore_throttled=true&search_type=query_then_fetch&batched_reduce_size=512&ccs_minimize_roundtrips=true] returned 2 warnings: [299 Elasticsearch-7.16.1-5b38441b16b1ebb16a27c107a4c3865776e20c53 "Elasticsearch built-in security features are not enabled. Without authentication, your cluster could be accessible to anyone. See https://www.elastic.co/guide/en/elasticsearch/reference/7.16/security-minimal-setup.html to enable security."],[299 Elasticsearch-7.16.1-5b38441b16b1ebb16a27c107a4c3865776e20c53 "[ignore_throttled] parameter is deprecated because frozen indices have been deprecated. Consider cold or frozen tiers in place of frozen indices."]
2023-08-04 12:56:02,353 INFO  [com.dot.ContainerResource] (docker-java-stream-824381349) STDOUT: 12:56:02.353  WARN  client.RestClient - request [POST http://elasticsearch:9200/cluster_51b0cac1ff.live_20230804125536/_search?typed_keys=true&max_concurrent_shard_requests=5&ignore_unavailable=false&expand_wildcards=open&allow_no_indices=true&ignore_throttled=true&search_type=query_then_fetch&batched_reduce_size=512&ccs_minimize_roundtrips=true] returned 2 warnings: [299 Elasticsearch-7.16.1-5b38441b16b1ebb16a27c107a4c3865776e20c53 "Elasticsearch built-in security features are not enabled. Without authentication, your cluster could be accessible to anyone. See https://www.elastic.co/guide/en/elasticsearch/reference/7.16/security-minimal-setup.html to enable security."],[299 Elasticsearch-7.16.1-5b38441b16b1ebb16a27c107a4c3865776e20c53 "[ignore_throttled] parameter is deprecated because frozen indices have been deprecated. Consider cold or frozen tiers in place of frozen indices."]
2023-08-04 12:56:02,357 INFO  [com.dot.ContainerResource] (docker-java-stream-824381349) STDOUT: 12:56:02.356  WARN  client.RestClient - request [POST http://elasticsearch:9200/cluster_51b0cac1ff.live_20230804125536/_search?typed_keys=true&max_concurrent_shard_requests=5&ignore_unavailable=false&expand_wildcards=open&allow_no_indices=true&ignore_throttled=true&search_type=query_then_fetch&batched_reduce_size=512&ccs_minimize_roundtrips=true] returned 2 warnings: [299 Elasticsearch-7.16.1-5b38441b16b1ebb16a27c107a4c3865776e20c53 "Elasticsearch built-in security features are not enabled. Without authentication, your cluster could be accessible to anyone. See https://www.elastic.co/guide/en/elasticsearch/reference/7.16/security-minimal-setup.html to enable security."],[299 Elasticsearch-7.16.1-5b38441b16b1ebb16a27c107a4c3865776e20c53 "[ignore_throttled] parameter is deprecated because frozen indices have been deprecated. Consider cold or frozen tiers in place of frozen indices."]
2023-08-04 12:56:02,361 INFO  [com.dot.ContainerResource] (docker-java-stream-824381349) STDOUT: 12:56:02.361  WARN  client.RestClient - request [POST http://elasticsearch:9200/cluster_51b0cac1ff.live_20230804125536/_search?typed_keys=true&max_concurrent_shard_requests=5&ignore_unavailable=false&expand_wildcards=open&allow_no_indices=true&ignore_throttled=true&search_type=query_then_fetch&batched_reduce_size=512&ccs_minimize_roundtrips=true] returned 2 warnings: [299 Elasticsearch-7.16.1-5b38441b16b1ebb16a27c107a4c3865776e20c53 "Elasticsearch built-in security features are not enabled. Without authentication, your cluster could be accessible to anyone. See https://www.elastic.co/guide/en/elasticsearch/reference/7.16/security-minimal-setup.html to enable security."],[299 Elasticsearch-7.16.1-5b38441b16b1ebb16a27c107a4c3865776e20c53 "[ignore_throttled] parameter is deprecated because frozen indices have been deprecated. Consider cold or frozen tiers in place of frozen indices."]
2023-08-04 12:56:02,365 INFO  [com.dot.ContainerResource] (docker-java-stream-824381349) STDOUT: 12:56:02.365  WARN  client.RestClient - request [POST http://elasticsearch:9200/cluster_51b0cac1ff.live_20230804125536/_search?typed_keys=true&max_concurrent_shard_requests=5&ignore_unavailable=false&expand_wildcards=open&allow_no_indices=true&ignore_throttled=true&search_type=query_then_fetch&batched_reduce_size=512&ccs_minimize_roundtrips=true] returned 2 warnings: [299 Elasticsearch-7.16.1-5b38441b16b1ebb16a27c107a4c3865776e20c53 "Elasticsearch built-in security features are not enabled. Without authentication, your cluster could be accessible to anyone. See https://www.elastic.co/guide/en/elasticsearch/reference/7.16/security-minimal-setup.html to enable security."],[299 Elasticsearch-7.16.1-5b38441b16b1ebb16a27c107a4c3865776e20c53 "[ignore_throttled] parameter is deprecated because frozen indices have been deprecated. Consider cold or frozen tiers in place of frozen indices."]
2023-08-04 12:56:02,385 INFO  [com.dot.ContainerResource] (docker-java-stream-824381349) STDOUT: 12:56:02.384  WARN  client.RestClient - request [POST http://elasticsearch:9200/cluster_51b0cac1ff.live_20230804125536/_search?typed_keys=true&max_concurrent_shard_requests=5&ignore_unavailable=false&expand_wildcards=open&allow_no_indices=true&ignore_throttled=true&search_type=query_then_fetch&batched_reduce_size=512&ccs_minimize_roundtrips=true] returned 2 warnings: [299 Elasticsearch-7.16.1-5b38441b16b1ebb16a27c107a4c3865776e20c53 "Elasticsearch built-in security features are not enabled. Without authentication, your cluster could be accessible to anyone. See https://www.elastic.co/guide/en/elasticsearch/reference/7.16/security-minimal-setup.html to enable security."],[299 Elasticsearch-7.16.1-5b38441b16b1ebb16a27c107a4c3865776e20c53 "[ignore_throttled] parameter is deprecated because frozen indices have been deprecated. Consider cold or frozen tiers in place of frozen indices."]
2023-08-04 12:56:02,389 INFO  [com.dot.ContainerResource] (docker-java-stream-824381349) STDOUT: 12:56:02.389  WARN  client.RestClient - request [POST http://elasticsearch:9200/cluster_51b0cac1ff.live_20230804125536/_search?typed_keys=true&max_concurrent_shard_requests=5&ignore_unavailable=false&expand_wildcards=open&allow_no_indices=true&ignore_throttled=true&search_type=query_then_fetch&batched_reduce_size=512&ccs_minimize_roundtrips=true] returned 2 warnings: [299 Elasticsearch-7.16.1-5b38441b16b1ebb16a27c107a4c3865776e20c53 "Elasticsearch built-in security features are not enabled. Without authentication, your cluster could be accessible to anyone. See https://www.elastic.co/guide/en/elasticsearch/reference/7.16/security-minimal-setup.html to enable security."],[299 Elasticsearch-7.16.1-5b38441b16b1ebb16a27c107a4c3865776e20c53 "[ignore_throttled] parameter is deprecated because frozen indices have been deprecated. Consider cold or frozen tiers in place of frozen indices."]
2023-08-04 12:56:02,399 INFO  [com.dot.ContainerResource] (docker-java-stream-824381349) STDOUT: 12:56:02.399  WARN  client.RestClient - request [POST http://elasticsearch:9200/cluster_51b0cac1ff.live_20230804125536/_search?typed_keys=true&max_concurrent_shard_requests=5&ignore_unavailable=false&expand_wildcards=open&allow_no_indices=true&ignore_throttled=true&search_type=query_then_fetch&batched_reduce_size=512&ccs_minimize_roundtrips=true] returned 2 warnings: [299 Elasticsearch-7.16.1-5b38441b16b1ebb16a27c107a4c3865776e20c53 "Elasticsearch built-in security features are not enabled. Without authentication, your cluster could be accessible to anyone. See https://www.elastic.co/guide/en/elasticsearch/reference/7.16/security-minimal-setup.html to enable security."],[299 Elasticsearch-7.16.1-5b38441b16b1ebb16a27c107a4c3865776e20c53 "[ignore_throttled] parameter is deprecated because frozen indices have been deprecated. Consider cold or frozen tiers in place of frozen indices."]
2023-08-04 12:56:02,403 INFO  [com.dot.ContainerResource] (docker-java-stream-824381349) STDOUT: 12:56:02.403  WARN  client.RestClient - request [POST http://elasticsearch:9200/cluster_51b0cac1ff.live_20230804125536/_search?typed_keys=true&max_concurrent_shard_requests=5&ignore_unavailable=false&expand_wildcards=open&allow_no_indices=true&ignore_throttled=true&search_type=query_then_fetch&batched_reduce_size=512&ccs_minimize_roundtrips=true] returned 2 warnings: [299 Elasticsearch-7.16.1-5b38441b16b1ebb16a27c107a4c3865776e20c53 "Elasticsearch built-in security features are not enabled. Without authentication, your cluster could be accessible to anyone. See https://www.elastic.co/guide/en/elasticsearch/reference/7.16/security-minimal-setup.html to enable security."],[299 Elasticsearch-7.16.1-5b38441b16b1ebb16a27c107a4c3865776e20c53 "[ignore_throttled] parameter is deprecated because frozen indices have been deprecated. Consider cold or frozen tiers in place of frozen indices."]
2023-08-04 12:56:02,409 INFO  [com.dot.ContainerResource] (docker-java-stream-824381349) STDOUT: 12:56:02.409  WARN  client.RestClient - request [POST http://elasticsearch:9200/cluster_51b0cac1ff.live_20230804125536/_search?typed_keys=true&max_concurrent_shard_requests=5&ignore_unavailable=false&expand_wildcards=open&allow_no_indices=true&ignore_throttled=true&search_type=query_then_fetch&batched_reduce_size=512&ccs_minimize_roundtrips=true] returned 2 warnings: [299 Elasticsearch-7.16.1-5b38441b16b1ebb16a27c107a4c3865776e20c53 "Elasticsearch built-in security features are not enabled. Without authentication, your cluster could be accessible to anyone. See https://www.elastic.co/guide/en/elasticsearch/reference/7.16/security-minimal-setup.html to enable security."],[299 Elasticsearch-7.16.1-5b38441b16b1ebb16a27c107a4c3865776e20c53 "[ignore_throttled] parameter is deprecated because frozen indices have been deprecated. Consider cold or frozen tiers in place of frozen indices."]
2023-08-04 12:56:02,413 INFO  [com.dot.ContainerResource] (docker-java-stream-824381349) STDOUT: 12:56:02.412  WARN  client.RestClient - request [POST http://elasticsearch:9200/cluster_51b0cac1ff.live_20230804125536/_search?typed_keys=true&max_concurrent_shard_requests=5&ignore_unavailable=false&expand_wildcards=open&allow_no_indices=true&ignore_throttled=true&search_type=query_then_fetch&batched_reduce_size=512&ccs_minimize_roundtrips=true] returned 2 warnings: [299 Elasticsearch-7.16.1-5b38441b16b1ebb16a27c107a4c3865776e20c53 "Elasticsearch built-in security features are not enabled. Without authentication, your cluster could be accessible to anyone. See https://www.elastic.co/guide/en/elasticsearch/reference/7.16/security-minimal-setup.html to enable security."],[299 Elasticsearch-7.16.1-5b38441b16b1ebb16a27c107a4c3865776e20c53 "[ignore_throttled] parameter is deprecated because frozen indices have been deprecated. Consider cold or frozen tiers in place of frozen indices."]
2023-08-04 12:56:02,417 INFO  [com.dot.ContainerResource] (docker-java-stream-824381349) STDOUT: 12:56:02.416  WARN  client.RestClient - request [POST http://elasticsearch:9200/cluster_51b0cac1ff.live_20230804125536/_search?typed_keys=true&max_concurrent_shard_requests=5&ignore_unavailable=false&expand_wildcards=open&allow_no_indices=true&ignore_throttled=true&search_type=query_then_fetch&batched_reduce_size=512&ccs_minimize_roundtrips=true] returned 2 warnings: [299 Elasticsearch-7.16.1-5b38441b16b1ebb16a27c107a4c3865776e20c53 "Elasticsearch built-in security features are not enabled. Without authentication, your cluster could be accessible to anyone. See https://www.elastic.co/guide/en/elasticsearch/reference/7.16/security-minimal-setup.html to enable security."],[299 Elasticsearch-7.16.1-5b38441b16b1ebb16a27c107a4c3865776e20c53 "[ignore_throttled] parameter is deprecated because frozen indices have been deprecated. Consider cold or frozen tiers in place of frozen indices."]
2023-08-04 12:56:02,420 INFO  [com.dot.ContainerResource] (docker-java-stream-824381349) STDOUT: 12:56:02.420  WARN  client.RestClient - request [POST http://elasticsearch:9200/cluster_51b0cac1ff.live_20230804125536/_search?typed_keys=true&max_concurrent_shard_requests=5&ignore_unavailable=false&expand_wildcards=open&allow_no_indices=true&ignore_throttled=true&search_type=query_then_fetch&batched_reduce_size=512&ccs_minimize_roundtrips=true] returned 2 warnings: [299 Elasticsearch-7.16.1-5b38441b16b1ebb16a27c107a4c3865776e20c53 "Elasticsearch built-in security features are not enabled. Without authentication, your cluster could be accessible to anyone. See https://www.elastic.co/guide/en/elasticsearch/reference/7.16/security-minimal-setup.html to enable security."],[299 Elasticsearch-7.16.1-5b38441b16b1ebb16a27c107a4c3865776e20c53 "[ignore_throttled] parameter is deprecated because frozen indices have been deprecated. Consider cold or frozen tiers in place of frozen indices."]
2023-08-04 12:56:02,429 INFO  [com.dot.ContainerResource] (docker-java-stream-824381349) STDOUT: 12:56:02.428  WARN  client.RestClient - request [POST http://elasticsearch:9200/cluster_51b0cac1ff.live_20230804125536/_search?typed_keys=true&max_concurrent_shard_requests=5&ignore_unavailable=false&expand_wildcards=open&allow_no_indices=true&ignore_throttled=true&search_type=query_then_fetch&batched_reduce_size=512&ccs_minimize_roundtrips=true] returned 2 warnings: [299 Elasticsearch-7.16.1-5b38441b16b1ebb16a27c107a4c3865776e20c53 "Elasticsearch built-in security features are not enabled. Without authentication, your cluster could be accessible to anyone. See https://www.elastic.co/guide/en/elasticsearch/reference/7.16/security-minimal-setup.html to enable security."],[299 Elasticsearch-7.16.1-5b38441b16b1ebb16a27c107a4c3865776e20c53 "[ignore_throttled] parameter is deprecated because frozen indices have been deprecated. Consider cold or frozen tiers in place of frozen indices."]
2023-08-04 12:56:02,435 INFO  [com.dot.ContainerResource] (docker-java-stream-824381349) STDOUT: 12:56:02.434  WARN  client.RestClient - request [POST http://elasticsearch:9200/cluster_51b0cac1ff.live_20230804125536/_search?typed_keys=true&max_concurrent_shard_requests=5&ignore_unavailable=false&expand_wildcards=open&allow_no_indices=true&ignore_throttled=true&search_type=query_then_fetch&batched_reduce_size=512&ccs_minimize_roundtrips=true] returned 2 warnings: [299 Elasticsearch-7.16.1-5b38441b16b1ebb16a27c107a4c3865776e20c53 "Elasticsearch built-in security features are not enabled. Without authentication, your cluster could be accessible to anyone. See https://www.elastic.co/guide/en/elasticsearch/reference/7.16/security-minimal-setup.html to enable security."],[299 Elasticsearch-7.16.1-5b38441b16b1ebb16a27c107a4c3865776e20c53 "[ignore_throttled] parameter is deprecated because frozen indices have been deprecated. Consider cold or frozen tiers in place of frozen indices."]
2023-08-04 12:56:02,440 INFO  [com.dot.ContainerResource] (docker-java-stream-824381349) STDOUT: 12:56:02.439  WARN  client.RestClient - request [POST http://elasticsearch:9200/cluster_51b0cac1ff.live_20230804125536/_search?typed_keys=true&max_concurrent_shard_requests=5&ignore_unavailable=false&expand_wildcards=open&allow_no_indices=true&ignore_throttled=true&search_type=query_then_fetch&batched_reduce_size=512&ccs_minimize_roundtrips=true] returned 2 warnings: [299 Elasticsearch-7.16.1-5b38441b16b1ebb16a27c107a4c3865776e20c53 "Elasticsearch built-in security features are not enabled. Without authentication, your cluster could be accessible to anyone. See https://www.elastic.co/guide/en/elasticsearch/reference/7.16/security-minimal-setup.html to enable security."],[299 Elasticsearch-7.16.1-5b38441b16b1ebb16a27c107a4c3865776e20c53 "[ignore_throttled] parameter is deprecated because frozen indices have been deprecated. Consider cold or frozen tiers in place of frozen indices."]
2023-08-04 12:56:02,443 INFO  [com.dot.ContainerResource] (docker-java-stream-824381349) STDOUT: 12:56:02.443  WARN  client.RestClient - request [POST http://elasticsearch:9200/cluster_51b0cac1ff.live_20230804125536/_search?typed_keys=true&max_concurrent_shard_requests=5&ignore_unavailable=false&expand_wildcards=open&allow_no_indices=true&ignore_throttled=true&search_type=query_then_fetch&batched_reduce_size=512&ccs_minimize_roundtrips=true] returned 2 warnings: [299 Elasticsearch-7.16.1-5b38441b16b1ebb16a27c107a4c3865776e20c53 "Elasticsearch built-in security features are not enabled. Without authentication, your cluster could be accessible to anyone. See https://www.elastic.co/guide/en/elasticsearch/reference/7.16/security-minimal-setup.html to enable security."],[299 Elasticsearch-7.16.1-5b38441b16b1ebb16a27c107a4c3865776e20c53 "[ignore_throttled] parameter is deprecated because frozen indices have been deprecated. Consider cold or frozen tiers in place of frozen indices."]
2023-08-04 12:56:02,448 INFO  [com.dot.ContainerResource] (docker-java-stream-824381349) STDOUT: 12:56:02.448  WARN  client.RestClient - request [POST http://elasticsearch:9200/cluster_51b0cac1ff.live_20230804125536/_search?typed_keys=true&max_concurrent_shard_requests=5&ignore_unavailable=false&expand_wildcards=open&allow_no_indices=true&ignore_throttled=true&search_type=query_then_fetch&batched_reduce_size=512&ccs_minimize_roundtrips=true] returned 2 warnings: [299 Elasticsearch-7.16.1-5b38441b16b1ebb16a27c107a4c3865776e20c53 "Elasticsearch built-in security features are not enabled. Without authentication, your cluster could be accessible to anyone. See https://www.elastic.co/guide/en/elasticsearch/reference/7.16/security-minimal-setup.html to enable security."],[299 Elasticsearch-7.16.1-5b38441b16b1ebb16a27c107a4c3865776e20c53 "[ignore_throttled] parameter is deprecated because frozen indices have been deprecated. Consider cold or frozen tiers in place of frozen indices."]
2023-08-04 12:56:02,452 INFO  [com.dot.ContainerResource] (docker-java-stream-824381349) STDOUT: 12:56:02.452  WARN  client.RestClient - request [POST http://elasticsearch:9200/cluster_51b0cac1ff.live_20230804125536/_search?typed_keys=true&max_concurrent_shard_requests=5&ignore_unavailable=false&expand_wildcards=open&allow_no_indices=true&ignore_throttled=true&search_type=query_then_fetch&batched_reduce_size=512&ccs_minimize_roundtrips=true] returned 2 warnings: [299 Elasticsearch-7.16.1-5b38441b16b1ebb16a27c107a4c3865776e20c53 "Elasticsearch built-in security features are not enabled. Without authentication, your cluster could be accessible to anyone. See https://www.elastic.co/guide/en/elasticsearch/reference/7.16/security-minimal-setup.html to enable security."],[299 Elasticsearch-7.16.1-5b38441b16b1ebb16a27c107a4c3865776e20c53 "[ignore_throttled] parameter is deprecated because frozen indices have been deprecated. Consider cold or frozen tiers in place of frozen indices."]
2023-08-04 12:56:02,456 INFO  [com.dot.ContainerResource] (docker-java-stream-824381349) STDOUT: 12:56:02.456  WARN  client.RestClient - request [POST http://elasticsearch:9200/cluster_51b0cac1ff.live_20230804125536/_search?typed_keys=true&max_concurrent_shard_requests=5&ignore_unavailable=false&expand_wildcards=open&allow_no_indices=true&ignore_throttled=true&search_type=query_then_fetch&batched_reduce_size=512&ccs_minimize_roundtrips=true] returned 2 warnings: [299 Elasticsearch-7.16.1-5b38441b16b1ebb16a27c107a4c3865776e20c53 "Elasticsearch built-in security features are not enabled. Without authentication, your cluster could be accessible to anyone. See https://www.elastic.co/guide/en/elasticsearch/reference/7.16/security-minimal-setup.html to enable security."],[299 Elasticsearch-7.16.1-5b38441b16b1ebb16a27c107a4c3865776e20c53 "[ignore_throttled] parameter is deprecated because frozen indices have been deprecated. Consider cold or frozen tiers in place of frozen indices."]
2023-08-04 12:56:02,475 INFO  [com.dot.ContainerResource] (docker-java-stream-824381349) STDOUT: 12:56:02.459  WARN  client.RestClient - request [POST http://elasticsearch:9200/cluster_51b0cac1ff.live_20230804125536/_search?typed_keys=true&max_concurrent_shard_requests=5&ignore_unavailable=false&expand_wildcards=open&allow_no_indices=true&ignore_throttled=true&search_type=query_then_fetch&batched_reduce_size=512&ccs_minimize_roundtrips=true] returned 2 warnings: [299 Elasticsearch-7.16.1-5b38441b16b1ebb16a27c107a4c3865776e20c53 "Elasticsearch built-in security features are not enabled. Without authentication, your cluster could be accessible to anyone. See https://www.elastic.co/guide/en/elasticsearch/reference/7.16/security-minimal-setup.html to enable security."],[299 Elasticsearch-7.16.1-5b38441b16b1ebb16a27c107a4c3865776e20c53 "[ignore_throttled] parameter is deprecated because frozen indices have been deprecated. Consider cold or frozen tiers in place of frozen indices."]
2023-08-04 12:56:02,475 INFO  [com.dot.ContainerResource] (docker-java-stream-824381349) STDOUT: 12:56:02.463  WARN  client.RestClient - request [POST http://elasticsearch:9200/cluster_51b0cac1ff.live_20230804125536/_search?typed_keys=true&max_concurrent_shard_requests=5&ignore_unavailable=false&expand_wildcards=open&allow_no_indices=true&ignore_throttled=true&search_type=query_then_fetch&batched_reduce_size=512&ccs_minimize_roundtrips=true] returned 2 warnings: [299 Elasticsearch-7.16.1-5b38441b16b1ebb16a27c107a4c3865776e20c53 "Elasticsearch built-in security features are not enabled. Without authentication, your cluster could be accessible to anyone. See https://www.elastic.co/guide/en/elasticsearch/reference/7.16/security-minimal-setup.html to enable security."],[299 Elasticsearch-7.16.1-5b38441b16b1ebb16a27c107a4c3865776e20c53 "[ignore_throttled] parameter is deprecated because frozen indices have been deprecated. Consider cold or frozen tiers in place of frozen indices."]
2023-08-04 12:56:02,475 INFO  [com.dot.ContainerResource] (docker-java-stream-824381349) STDOUT: 12:56:02.468  WARN  client.RestClient - request [POST http://elasticsearch:9200/cluster_51b0cac1ff.live_20230804125536/_search?typed_keys=true&max_concurrent_shard_requests=5&ignore_unavailable=false&expand_wildcards=open&allow_no_indices=true&ignore_throttled=true&search_type=query_then_fetch&batched_reduce_size=512&ccs_minimize_roundtrips=true] returned 2 warnings: [299 Elasticsearch-7.16.1-5b38441b16b1ebb16a27c107a4c3865776e20c53 "Elasticsearch built-in security features are not enabled. Without authentication, your cluster could be accessible to anyone. See https://www.elastic.co/guide/en/elasticsearch/reference/7.16/security-minimal-setup.html to enable security."],[299 Elasticsearch-7.16.1-5b38441b16b1ebb16a27c107a4c3865776e20c53 "[ignore_throttled] parameter is deprecated because frozen indices have been deprecated. Consider cold or frozen tiers in place of frozen indices."]
2023-08-04 12:56:02,485 INFO  [com.dot.ContainerResource] (docker-java-stream-824381349) STDOUT: 12:56:02.482  WARN  client.RestClient - request [POST http://elasticsearch:9200/cluster_51b0cac1ff.live_20230804125536/_search?typed_keys=true&max_concurrent_shard_requests=5&ignore_unavailable=false&expand_wildcards=open&allow_no_indices=true&ignore_throttled=true&search_type=query_then_fetch&batched_reduce_size=512&ccs_minimize_roundtrips=true] returned 2 warnings: [299 Elasticsearch-7.16.1-5b38441b16b1ebb16a27c107a4c3865776e20c53 "Elasticsearch built-in security features are not enabled. Without authentication, your cluster could be accessible to anyone. See https://www.elastic.co/guide/en/elasticsearch/reference/7.16/security-minimal-setup.html to enable security."],[299 Elasticsearch-7.16.1-5b38441b16b1ebb16a27c107a4c3865776e20c53 "[ignore_throttled] parameter is deprecated because frozen indices have been deprecated. Consider cold or frozen tiers in place of frozen indices."]
2023-08-04 12:56:02,486 INFO  [com.dot.ContainerResource] (docker-java-stream-824381349) STDOUT: 12:56:02.485  WARN  client.RestClient - request [POST http://elasticsearch:9200/cluster_51b0cac1ff.live_20230804125536/_search?typed_keys=true&max_concurrent_shard_requests=5&ignore_unavailable=false&expand_wildcards=open&allow_no_indices=true&ignore_throttled=true&search_type=query_then_fetch&batched_reduce_size=512&ccs_minimize_roundtrips=true] returned 2 warnings: [299 Elasticsearch-7.16.1-5b38441b16b1ebb16a27c107a4c3865776e20c53 "Elasticsearch built-in security features are not enabled. Without authentication, your cluster could be accessible to anyone. See https://www.elastic.co/guide/en/elasticsearch/reference/7.16/security-minimal-setup.html to enable security."],[299 Elasticsearch-7.16.1-5b38441b16b1ebb16a27c107a4c3865776e20c53 "[ignore_throttled] parameter is deprecated because frozen indices have been deprecated. Consider cold or frozen tiers in place of frozen indices."]
2023-08-04 12:56:02,490 INFO  [com.dot.ContainerResource] (docker-java-stream-824381349) STDOUT: 12:56:02.489  WARN  client.RestClient - request [POST http://elasticsearch:9200/cluster_51b0cac1ff.live_20230804125536/_search?typed_keys=true&max_concurrent_shard_requests=5&ignore_unavailable=false&expand_wildcards=open&allow_no_indices=true&ignore_throttled=true&search_type=query_then_fetch&batched_reduce_size=512&ccs_minimize_roundtrips=true] returned 2 warnings: [299 Elasticsearch-7.16.1-5b38441b16b1ebb16a27c107a4c3865776e20c53 "Elasticsearch built-in security features are not enabled. Without authentication, your cluster could be accessible to anyone. See https://www.elastic.co/guide/en/elasticsearch/reference/7.16/security-minimal-setup.html to enable security."],[299 Elasticsearch-7.16.1-5b38441b16b1ebb16a27c107a4c3865776e20c53 "[ignore_throttled] parameter is deprecated because frozen indices have been deprecated. Consider cold or frozen tiers in place of frozen indices."]
2023-08-04 12:56:02,493 INFO  [com.dot.ContainerResource] (docker-java-stream-824381349) STDOUT: 12:56:02.493  WARN  client.RestClient - request [POST http://elasticsearch:9200/cluster_51b0cac1ff.live_20230804125536/_search?typed_keys=true&max_concurrent_shard_requests=5&ignore_unavailable=false&expand_wildcards=open&allow_no_indices=true&ignore_throttled=true&search_type=query_then_fetch&batched_reduce_size=512&ccs_minimize_roundtrips=true] returned 2 warnings: [299 Elasticsearch-7.16.1-5b38441b16b1ebb16a27c107a4c3865776e20c53 "Elasticsearch built-in security features are not enabled. Without authentication, your cluster could be accessible to anyone. See https://www.elastic.co/guide/en/elasticsearch/reference/7.16/security-minimal-setup.html to enable security."],[299 Elasticsearch-7.16.1-5b38441b16b1ebb16a27c107a4c3865776e20c53 "[ignore_throttled] parameter is deprecated because frozen indices have been deprecated. Consider cold or frozen tiers in place of frozen indices."]
2023-08-04 12:56:02,500 INFO  [com.dot.ContainerResource] (docker-java-stream-824381349) STDOUT: 12:56:02.500  WARN  client.RestClient - request [POST http://elasticsearch:9200/cluster_51b0cac1ff.live_20230804125536/_search?typed_keys=true&max_concurrent_shard_requests=5&ignore_unavailable=false&expand_wildcards=open&allow_no_indices=true&ignore_throttled=true&search_type=query_then_fetch&batched_reduce_size=512&ccs_minimize_roundtrips=true] returned 2 warnings: [299 Elasticsearch-7.16.1-5b38441b16b1ebb16a27c107a4c3865776e20c53 "Elasticsearch built-in security features are not enabled. Without authentication, your cluster could be accessible to anyone. See https://www.elastic.co/guide/en/elasticsearch/reference/7.16/security-minimal-setup.html to enable security."],[299 Elasticsearch-7.16.1-5b38441b16b1ebb16a27c107a4c3865776e20c53 "[ignore_throttled] parameter is deprecated because frozen indices have been deprecated. Consider cold or frozen tiers in place of frozen indices."]
2023-08-04 12:56:02,511 INFO  [com.dot.ContainerResource] (docker-java-stream-824381349) STDOUT: 12:56:02.510  WARN  client.RestClient - request [POST http://elasticsearch:9200/cluster_51b0cac1ff.live_20230804125536/_search?typed_keys=true&max_concurrent_shard_requests=5&ignore_unavailable=false&expand_wildcards=open&allow_no_indices=true&ignore_throttled=true&search_type=query_then_fetch&batched_reduce_size=512&ccs_minimize_roundtrips=true] returned 2 warnings: [299 Elasticsearch-7.16.1-5b38441b16b1ebb16a27c107a4c3865776e20c53 "Elasticsearch built-in security features are not enabled. Without authentication, your cluster could be accessible to anyone. See https://www.elastic.co/guide/en/elasticsearch/reference/7.16/security-minimal-setup.html to enable security."],[299 Elasticsearch-7.16.1-5b38441b16b1ebb16a27c107a4c3865776e20c53 "[ignore_throttled] parameter is deprecated because frozen indices have been deprecated. Consider cold or frozen tiers in place of frozen indices."]
2023-08-04 12:56:02,520 INFO  [com.dot.ContainerResource] (docker-java-stream-824381349) STDOUT: 12:56:02.519  WARN  client.RestClient - request [POST http://elasticsearch:9200/cluster_51b0cac1ff.live_20230804125536/_search?typed_keys=true&max_concurrent_shard_requests=5&ignore_unavailable=false&expand_wildcards=open&allow_no_indices=true&ignore_throttled=true&search_type=query_then_fetch&batched_reduce_size=512&ccs_minimize_roundtrips=true] returned 2 warnings: [299 Elasticsearch-7.16.1-5b38441b16b1ebb16a27c107a4c3865776e20c53 "Elasticsearch built-in security features are not enabled. Without authentication, your cluster could be accessible to anyone. See https://www.elastic.co/guide/en/elasticsearch/reference/7.16/security-minimal-setup.html to enable security."],[299 Elasticsearch-7.16.1-5b38441b16b1ebb16a27c107a4c3865776e20c53 "[ignore_throttled] parameter is deprecated because frozen indices have been deprecated. Consider cold or frozen tiers in place of frozen indices."]
2023-08-04 12:56:02,538 INFO  [com.dot.ContainerResource] (docker-java-stream-824381349) STDOUT: 12:56:02.538  WARN  client.RestClient - request [POST http://elasticsearch:9200/cluster_51b0cac1ff.live_20230804125536/_search?typed_keys=true&max_concurrent_shard_requests=5&ignore_unavailable=false&expand_wildcards=open&allow_no_indices=true&ignore_throttled=true&search_type=query_then_fetch&batched_reduce_size=512&ccs_minimize_roundtrips=true] returned 2 warnings: [299 Elasticsearch-7.16.1-5b38441b16b1ebb16a27c107a4c3865776e20c53 "Elasticsearch built-in security features are not enabled. Without authentication, your cluster could be accessible to anyone. See https://www.elastic.co/guide/en/elasticsearch/reference/7.16/security-minimal-setup.html to enable security."],[299 Elasticsearch-7.16.1-5b38441b16b1ebb16a27c107a4c3865776e20c53 "[ignore_throttled] parameter is deprecated because frozen indices have been deprecated. Consider cold or frozen tiers in place of frozen indices."]
2023-08-04 12:56:02,544 INFO  [com.dot.ContainerResource] (docker-java-stream-824381349) STDOUT: 12:56:02.544  WARN  client.RestClient - request [POST http://elasticsearch:9200/cluster_51b0cac1ff.live_20230804125536/_search?typed_keys=true&max_concurrent_shard_requests=5&ignore_unavailable=false&expand_wildcards=open&allow_no_indices=true&ignore_throttled=true&search_type=query_then_fetch&batched_reduce_size=512&ccs_minimize_roundtrips=true] returned 2 warnings: [299 Elasticsearch-7.16.1-5b38441b16b1ebb16a27c107a4c3865776e20c53 "Elasticsearch built-in security features are not enabled. Without authentication, your cluster could be accessible to anyone. See https://www.elastic.co/guide/en/elasticsearch/reference/7.16/security-minimal-setup.html to enable security."],[299 Elasticsearch-7.16.1-5b38441b16b1ebb16a27c107a4c3865776e20c53 "[ignore_throttled] parameter is deprecated because frozen indices have been deprecated. Consider cold or frozen tiers in place of frozen indices."]
2023-08-04 12:56:02,557 INFO  [com.dot.ContainerResource] (docker-java-stream-824381349) STDOUT: 12:56:02.556  WARN  client.RestClient - request [POST http://elasticsearch:9200/cluster_51b0cac1ff.live_20230804125536/_search?typed_keys=true&max_concurrent_shard_requests=5&ignore_unavailable=false&expand_wildcards=open&allow_no_indices=true&ignore_throttled=true&search_type=query_then_fetch&batched_reduce_size=512&ccs_minimize_roundtrips=true] returned 2 warnings: [299 Elasticsearch-7.16.1-5b38441b16b1ebb16a27c107a4c3865776e20c53 "Elasticsearch built-in security features are not enabled. Without authentication, your cluster could be accessible to anyone. See https://www.elastic.co/guide/en/elasticsearch/reference/7.16/security-minimal-setup.html to enable security."],[299 Elasticsearch-7.16.1-5b38441b16b1ebb16a27c107a4c3865776e20c53 "[ignore_throttled] parameter is deprecated because frozen indices have been deprecated. Consider cold or frozen tiers in place of frozen indices."]
2023-08-04 12:56:02,568 INFO  [com.dot.ContainerResource] (docker-java-stream-824381349) STDOUT: 12:56:02.561  WARN  client.RestClient - request [POST http://elasticsearch:9200/cluster_51b0cac1ff.live_20230804125536/_search?typed_keys=true&max_concurrent_shard_requests=5&ignore_unavailable=false&expand_wildcards=open&allow_no_indices=true&ignore_throttled=true&search_type=query_then_fetch&batched_reduce_size=512&ccs_minimize_roundtrips=true] returned 2 warnings: [299 Elasticsearch-7.16.1-5b38441b16b1ebb16a27c107a4c3865776e20c53 "Elasticsearch built-in security features are not enabled. Without authentication, your cluster could be accessible to anyone. See https://www.elastic.co/guide/en/elasticsearch/reference/7.16/security-minimal-setup.html to enable security."],[299 Elasticsearch-7.16.1-5b38441b16b1ebb16a27c107a4c3865776e20c53 "[ignore_throttled] parameter is deprecated because frozen indices have been deprecated. Consider cold or frozen tiers in place of frozen indices."]
2023-08-04 12:56:02,569 INFO  [com.dot.ContainerResource] (docker-java-stream-824381349) STDOUT: 12:56:02.566  WARN  client.RestClient - request [POST http://elasticsearch:9200/cluster_51b0cac1ff.live_20230804125536/_search?typed_keys=true&max_concurrent_shard_requests=5&ignore_unavailable=false&expand_wildcards=open&allow_no_indices=true&ignore_throttled=true&search_type=query_then_fetch&batched_reduce_size=512&ccs_minimize_roundtrips=true] returned 2 warnings: [299 Elasticsearch-7.16.1-5b38441b16b1ebb16a27c107a4c3865776e20c53 "Elasticsearch built-in security features are not enabled. Without authentication, your cluster could be accessible to anyone. See https://www.elastic.co/guide/en/elasticsearch/reference/7.16/security-minimal-setup.html to enable security."],[299 Elasticsearch-7.16.1-5b38441b16b1ebb16a27c107a4c3865776e20c53 "[ignore_throttled] parameter is deprecated because frozen indices have been deprecated. Consider cold or frozen tiers in place of frozen indices."]
2023-08-04 12:56:02,570 INFO  [com.dot.ContainerResource] (docker-java-stream-824381349) STDOUT: 12:56:02.569  WARN  client.RestClient - request [POST http://elasticsearch:9200/cluster_51b0cac1ff.live_20230804125536/_search?typed_keys=true&max_concurrent_shard_requests=5&ignore_unavailable=false&expand_wildcards=open&allow_no_indices=true&ignore_throttled=true&search_type=query_then_fetch&batched_reduce_size=512&ccs_minimize_roundtrips=true] returned 2 warnings: [299 Elasticsearch-7.16.1-5b38441b16b1ebb16a27c107a4c3865776e20c53 "Elasticsearch built-in security features are not enabled. Without authentication, your cluster could be accessible to anyone. See https://www.elastic.co/guide/en/elasticsearch/reference/7.16/security-minimal-setup.html to enable security."],[299 Elasticsearch-7.16.1-5b38441b16b1ebb16a27c107a4c3865776e20c53 "[ignore_throttled] parameter is deprecated because frozen indices have been deprecated. Consider cold or frozen tiers in place of frozen indices."]
2023-08-04 12:56:02,573 INFO  [com.dot.ContainerResource] (docker-java-stream-824381349) STDOUT: 12:56:02.573  WARN  client.RestClient - request [POST http://elasticsearch:9200/cluster_51b0cac1ff.live_20230804125536/_search?typed_keys=true&max_concurrent_shard_requests=5&ignore_unavailable=false&expand_wildcards=open&allow_no_indices=true&ignore_throttled=true&search_type=query_then_fetch&batched_reduce_size=512&ccs_minimize_roundtrips=true] returned 2 warnings: [299 Elasticsearch-7.16.1-5b38441b16b1ebb16a27c107a4c3865776e20c53 "Elasticsearch built-in security features are not enabled. Without authentication, your cluster could be accessible to anyone. See https://www.elastic.co/guide/en/elasticsearch/reference/7.16/security-minimal-setup.html to enable security."],[299 Elasticsearch-7.16.1-5b38441b16b1ebb16a27c107a4c3865776e20c53 "[ignore_throttled] parameter is deprecated because frozen indices have been deprecated. Consider cold or frozen tiers in place of frozen indices."]
2023-08-04 12:56:02,587 INFO  [com.dot.ContainerResource] (docker-java-stream-824381349) STDOUT: 12:56:02.586  WARN  client.RestClient - request [POST http://elasticsearch:9200/cluster_51b0cac1ff.live_20230804125536/_search?typed_keys=true&max_concurrent_shard_requests=5&ignore_unavailable=false&expand_wildcards=open&allow_no_indices=true&ignore_throttled=true&search_type=query_then_fetch&batched_reduce_size=512&ccs_minimize_roundtrips=true] returned 2 warnings: [299 Elasticsearch-7.16.1-5b38441b16b1ebb16a27c107a4c3865776e20c53 "Elasticsearch built-in security features are not enabled. Without authentication, your cluster could be accessible to anyone. See https://www.elastic.co/guide/en/elasticsearch/reference/7.16/security-minimal-setup.html to enable security."],[299 Elasticsearch-7.16.1-5b38441b16b1ebb16a27c107a4c3865776e20c53 "[ignore_throttled] parameter is deprecated because frozen indices have been deprecated. Consider cold or frozen tiers in place of frozen indices."]
2023-08-04 12:56:02,599 INFO  [com.dot.ContainerResource] (docker-java-stream-824381349) STDOUT: 12:56:02.599  WARN  client.RestClient - request [POST http://elasticsearch:9200/cluster_51b0cac1ff.live_20230804125536/_search?typed_keys=true&max_concurrent_shard_requests=5&ignore_unavailable=false&expand_wildcards=open&allow_no_indices=true&ignore_throttled=true&search_type=query_then_fetch&batched_reduce_size=512&ccs_minimize_roundtrips=true] returned 2 warnings: [299 Elasticsearch-7.16.1-5b38441b16b1ebb16a27c107a4c3865776e20c53 "Elasticsearch built-in security features are not enabled. Without authentication, your cluster could be accessible to anyone. See https://www.elastic.co/guide/en/elasticsearch/reference/7.16/security-minimal-setup.html to enable security."],[299 Elasticsearch-7.16.1-5b38441b16b1ebb16a27c107a4c3865776e20c53 "[ignore_throttled] parameter is deprecated because frozen indices have been deprecated. Consider cold or frozen tiers in place of frozen indices."]
2023-08-04 12:56:02,608 INFO  [com.dot.ContainerResource] (docker-java-stream-824381349) STDOUT: 12:56:02.607  WARN  client.RestClient - request [POST http://elasticsearch:9200/cluster_51b0cac1ff.live_20230804125536/_search?typed_keys=true&max_concurrent_shard_requests=5&ignore_unavailable=false&expand_wildcards=open&allow_no_indices=true&ignore_throttled=true&search_type=query_then_fetch&batched_reduce_size=512&ccs_minimize_roundtrips=true] returned 2 warnings: [299 Elasticsearch-7.16.1-5b38441b16b1ebb16a27c107a4c3865776e20c53 "Elasticsearch built-in security features are not enabled. Without authentication, your cluster could be accessible to anyone. See https://www.elastic.co/guide/en/elasticsearch/reference/7.16/security-minimal-setup.html to enable security."],[299 Elasticsearch-7.16.1-5b38441b16b1ebb16a27c107a4c3865776e20c53 "[ignore_throttled] parameter is deprecated because frozen indices have been deprecated. Consider cold or frozen tiers in place of frozen indices."]
2023-08-04 12:56:02,612 INFO  [com.dot.ContainerResource] (docker-java-stream-824381349) STDOUT: 12:56:02.611  WARN  client.RestClient - request [POST http://elasticsearch:9200/cluster_51b0cac1ff.live_20230804125536/_search?typed_keys=true&max_concurrent_shard_requests=5&ignore_unavailable=false&expand_wildcards=open&allow_no_indices=true&ignore_throttled=true&search_type=query_then_fetch&batched_reduce_size=512&ccs_minimize_roundtrips=true] returned 2 warnings: [299 Elasticsearch-7.16.1-5b38441b16b1ebb16a27c107a4c3865776e20c53 "Elasticsearch built-in security features are not enabled. Without authentication, your cluster could be accessible to anyone. See https://www.elastic.co/guide/en/elasticsearch/reference/7.16/security-minimal-setup.html to enable security."],[299 Elasticsearch-7.16.1-5b38441b16b1ebb16a27c107a4c3865776e20c53 "[ignore_throttled] parameter is deprecated because frozen indices have been deprecated. Consider cold or frozen tiers in place of frozen indices."]
2023-08-04 12:56:02,620 INFO  [com.dot.ContainerResource] (docker-java-stream-824381349) STDOUT: 12:56:02.615  WARN  client.RestClient - request [POST http://elasticsearch:9200/cluster_51b0cac1ff.live_20230804125536/_search?typed_keys=true&max_concurrent_shard_requests=5&ignore_unavailable=false&expand_wildcards=open&allow_no_indices=true&ignore_throttled=true&search_type=query_then_fetch&batched_reduce_size=512&ccs_minimize_roundtrips=true] returned 2 warnings: [299 Elasticsearch-7.16.1-5b38441b16b1ebb16a27c107a4c3865776e20c53 "Elasticsearch built-in security features are not enabled. Without authentication, your cluster could be accessible to anyone. See https://www.elastic.co/guide/en/elasticsearch/reference/7.16/security-minimal-setup.html to enable security."],[299 Elasticsearch-7.16.1-5b38441b16b1ebb16a27c107a4c3865776e20c53 "[ignore_throttled] parameter is deprecated because frozen indices have been deprecated. Consider cold or frozen tiers in place of frozen indices."]
2023-08-04 12:56:02,621 INFO  [com.dot.ContainerResource] (docker-java-stream-824381349) STDOUT: 12:56:02.618  WARN  client.RestClient - request [POST http://elasticsearch:9200/cluster_51b0cac1ff.live_20230804125536/_search?typed_keys=true&max_concurrent_shard_requests=5&ignore_unavailable=false&expand_wildcards=open&allow_no_indices=true&ignore_throttled=true&search_type=query_then_fetch&batched_reduce_size=512&ccs_minimize_roundtrips=true] returned 2 warnings: [299 Elasticsearch-7.16.1-5b38441b16b1ebb16a27c107a4c3865776e20c53 "Elasticsearch built-in security features are not enabled. Without authentication, your cluster could be accessible to anyone. See https://www.elastic.co/guide/en/elasticsearch/reference/7.16/security-minimal-setup.html to enable security."],[299 Elasticsearch-7.16.1-5b38441b16b1ebb16a27c107a4c3865776e20c53 "[ignore_throttled] parameter is deprecated because frozen indices have been deprecated. Consider cold or frozen tiers in place of frozen indices."]
2023-08-04 12:56:02,622 INFO  [com.dot.ContainerResource] (docker-java-stream-824381349) STDOUT: 12:56:02.621  WARN  client.RestClient - request [POST http://elasticsearch:9200/cluster_51b0cac1ff.live_20230804125536/_search?typed_keys=true&max_concurrent_shard_requests=5&ignore_unavailable=false&expand_wildcards=open&allow_no_indices=true&ignore_throttled=true&search_type=query_then_fetch&batched_reduce_size=512&ccs_minimize_roundtrips=true] returned 2 warnings: [299 Elasticsearch-7.16.1-5b38441b16b1ebb16a27c107a4c3865776e20c53 "Elasticsearch built-in security features are not enabled. Without authentication, your cluster could be accessible to anyone. See https://www.elastic.co/guide/en/elasticsearch/reference/7.16/security-minimal-setup.html to enable security."],[299 Elasticsearch-7.16.1-5b38441b16b1ebb16a27c107a4c3865776e20c53 "[ignore_throttled] parameter is deprecated because frozen indices have been deprecated. Consider cold or frozen tiers in place of frozen indices."]
2023-08-04 12:56:02,638 INFO  [com.dot.ContainerResource] (docker-java-stream-824381349) STDOUT: 12:56:02.638  WARN  client.RestClient - request [POST http://elasticsearch:9200/cluster_51b0cac1ff.live_20230804125536/_search?typed_keys=true&max_concurrent_shard_requests=5&ignore_unavailable=false&expand_wildcards=open&allow_no_indices=true&ignore_throttled=true&search_type=query_then_fetch&batched_reduce_size=512&ccs_minimize_roundtrips=true] returned 2 warnings: [299 Elasticsearch-7.16.1-5b38441b16b1ebb16a27c107a4c3865776e20c53 "Elasticsearch built-in security features are not enabled. Without authentication, your cluster could be accessible to anyone. See https://www.elastic.co/guide/en/elasticsearch/reference/7.16/security-minimal-setup.html to enable security."],[299 Elasticsearch-7.16.1-5b38441b16b1ebb16a27c107a4c3865776e20c53 "[ignore_throttled] parameter is deprecated because frozen indices have been deprecated. Consider cold or frozen tiers in place of frozen indices."]
2023-08-04 12:56:02,647 INFO  [com.dot.ContainerResource] (docker-java-stream-824381349) STDOUT: 12:56:02.647  WARN  client.RestClient - request [POST http://elasticsearch:9200/cluster_51b0cac1ff.live_20230804125536/_search?typed_keys=true&max_concurrent_shard_requests=5&ignore_unavailable=false&expand_wildcards=open&allow_no_indices=true&ignore_throttled=true&search_type=query_then_fetch&batched_reduce_size=512&ccs_minimize_roundtrips=true] returned 2 warnings: [299 Elasticsearch-7.16.1-5b38441b16b1ebb16a27c107a4c3865776e20c53 "Elasticsearch built-in security features are not enabled. Without authentication, your cluster could be accessible to anyone. See https://www.elastic.co/guide/en/elasticsearch/reference/7.16/security-minimal-setup.html to enable security."],[299 Elasticsearch-7.16.1-5b38441b16b1ebb16a27c107a4c3865776e20c53 "[ignore_throttled] parameter is deprecated because frozen indices have been deprecated. Consider cold or frozen tiers in place of frozen indices."]
2023-08-04 12:56:02,651 INFO  [com.dot.ContainerResource] (docker-java-stream-824381349) STDOUT: 12:56:02.651  WARN  client.RestClient - request [POST http://elasticsearch:9200/cluster_51b0cac1ff.live_20230804125536/_search?typed_keys=true&max_concurrent_shard_requests=5&ignore_unavailable=false&expand_wildcards=open&allow_no_indices=true&ignore_throttled=true&search_type=query_then_fetch&batched_reduce_size=512&ccs_minimize_roundtrips=true] returned 2 warnings: [299 Elasticsearch-7.16.1-5b38441b16b1ebb16a27c107a4c3865776e20c53 "Elasticsearch built-in security features are not enabled. Without authentication, your cluster could be accessible to anyone. See https://www.elastic.co/guide/en/elasticsearch/reference/7.16/security-minimal-setup.html to enable security."],[299 Elasticsearch-7.16.1-5b38441b16b1ebb16a27c107a4c3865776e20c53 "[ignore_throttled] parameter is deprecated because frozen indices have been deprecated. Consider cold or frozen tiers in place of frozen indices."]
2023-08-04 12:56:02,660 INFO  [com.dot.ContainerResource] (docker-java-stream-824381349) STDOUT: 12:56:02.659  WARN  client.RestClient - request [POST http://elasticsearch:9200/cluster_51b0cac1ff.live_20230804125536/_search?typed_keys=true&max_concurrent_shard_requests=5&ignore_unavailable=false&expand_wildcards=open&allow_no_indices=true&ignore_throttled=true&search_type=query_then_fetch&batched_reduce_size=512&ccs_minimize_roundtrips=true] returned 2 warnings: [299 Elasticsearch-7.16.1-5b38441b16b1ebb16a27c107a4c3865776e20c53 "Elasticsearch built-in security features are not enabled. Without authentication, your cluster could be accessible to anyone. See https://www.elastic.co/guide/en/elasticsearch/reference/7.16/security-minimal-setup.html to enable security."],[299 Elasticsearch-7.16.1-5b38441b16b1ebb16a27c107a4c3865776e20c53 "[ignore_throttled] parameter is deprecated because frozen indices have been deprecated. Consider cold or frozen tiers in place of frozen indices."]
2023-08-04 12:56:02,669 INFO  [com.dot.ContainerResource] (docker-java-stream-824381349) STDOUT: 12:56:02.668  WARN  client.RestClient - request [POST http://elasticsearch:9200/cluster_51b0cac1ff.live_20230804125536/_search?typed_keys=true&max_concurrent_shard_requests=5&ignore_unavailable=false&expand_wildcards=open&allow_no_indices=true&ignore_throttled=true&search_type=query_then_fetch&batched_reduce_size=512&ccs_minimize_roundtrips=true] returned 2 warnings: [299 Elasticsearch-7.16.1-5b38441b16b1ebb16a27c107a4c3865776e20c53 "Elasticsearch built-in security features are not enabled. Without authentication, your cluster could be accessible to anyone. See https://www.elastic.co/guide/en/elasticsearch/reference/7.16/security-minimal-setup.html to enable security."],[299 Elasticsearch-7.16.1-5b38441b16b1ebb16a27c107a4c3865776e20c53 "[ignore_throttled] parameter is deprecated because frozen indices have been deprecated. Consider cold or frozen tiers in place of frozen indices."]
2023-08-04 12:56:02,673 INFO  [com.dot.ContainerResource] (docker-java-stream-824381349) STDOUT: 12:56:02.672  WARN  client.RestClient - request [POST http://elasticsearch:9200/cluster_51b0cac1ff.live_20230804125536/_search?typed_keys=true&max_concurrent_shard_requests=5&ignore_unavailable=false&expand_wildcards=open&allow_no_indices=true&ignore_throttled=true&search_type=query_then_fetch&batched_reduce_size=512&ccs_minimize_roundtrips=true] returned 2 warnings: [299 Elasticsearch-7.16.1-5b38441b16b1ebb16a27c107a4c3865776e20c53 "Elasticsearch built-in security features are not enabled. Without authentication, your cluster could be accessible to anyone. See https://www.elastic.co/guide/en/elasticsearch/reference/7.16/security-minimal-setup.html to enable security."],[299 Elasticsearch-7.16.1-5b38441b16b1ebb16a27c107a4c3865776e20c53 "[ignore_throttled] parameter is deprecated because frozen indices have been deprecated. Consider cold or frozen tiers in place of frozen indices."]
2023-08-04 12:56:02,681 INFO  [com.dot.ContainerResource] (docker-java-stream-824381349) STDOUT: 12:56:02.678  WARN  client.RestClient - request [POST http://elasticsearch:9200/cluster_51b0cac1ff.live_20230804125536/_search?typed_keys=true&max_concurrent_shard_requests=5&ignore_unavailable=false&expand_wildcards=open&allow_no_indices=true&ignore_throttled=true&search_type=query_then_fetch&batched_reduce_size=512&ccs_minimize_roundtrips=true] returned 2 warnings: [299 Elasticsearch-7.16.1-5b38441b16b1ebb16a27c107a4c3865776e20c53 "Elasticsearch built-in security features are not enabled. Without authentication, your cluster could be accessible to anyone. See https://www.elastic.co/guide/en/elasticsearch/reference/7.16/security-minimal-setup.html to enable security."],[299 Elasticsearch-7.16.1-5b38441b16b1ebb16a27c107a4c3865776e20c53 "[ignore_throttled] parameter is deprecated because frozen indices have been deprecated. Consider cold or frozen tiers in place of frozen indices."]
2023-08-04 12:56:02,688 INFO  [com.dot.ContainerResource] (docker-java-stream-824381349) STDOUT: 12:56:02.688  WARN  client.RestClient - request [POST http://elasticsearch:9200/cluster_51b0cac1ff.live_20230804125536/_search?typed_keys=true&max_concurrent_shard_requests=5&ignore_unavailable=false&expand_wildcards=open&allow_no_indices=true&ignore_throttled=true&search_type=query_then_fetch&batched_reduce_size=512&ccs_minimize_roundtrips=true] returned 2 warnings: [299 Elasticsearch-7.16.1-5b38441b16b1ebb16a27c107a4c3865776e20c53 "Elasticsearch built-in security features are not enabled. Without authentication, your cluster could be accessible to anyone. See https://www.elastic.co/guide/en/elasticsearch/reference/7.16/security-minimal-setup.html to enable security."],[299 Elasticsearch-7.16.1-5b38441b16b1ebb16a27c107a4c3865776e20c53 "[ignore_throttled] parameter is deprecated because frozen indices have been deprecated. Consider cold or frozen tiers in place of frozen indices."]
2023-08-04 12:56:02,693 INFO  [com.dot.ContainerResource] (docker-java-stream-824381349) STDOUT: 12:56:02.692  WARN  client.RestClient - request [POST http://elasticsearch:9200/cluster_51b0cac1ff.live_20230804125536/_search?typed_keys=true&max_concurrent_shard_requests=5&ignore_unavailable=false&expand_wildcards=open&allow_no_indices=true&ignore_throttled=true&search_type=query_then_fetch&batched_reduce_size=512&ccs_minimize_roundtrips=true] returned 2 warnings: [299 Elasticsearch-7.16.1-5b38441b16b1ebb16a27c107a4c3865776e20c53 "Elasticsearch built-in security features are not enabled. Without authentication, your cluster could be accessible to anyone. See https://www.elastic.co/guide/en/elasticsearch/reference/7.16/security-minimal-setup.html to enable security."],[299 Elasticsearch-7.16.1-5b38441b16b1ebb16a27c107a4c3865776e20c53 "[ignore_throttled] parameter is deprecated because frozen indices have been deprecated. Consider cold or frozen tiers in place of frozen indices."]
2023-08-04 12:56:02,699 INFO  [com.dot.ContainerResource] (docker-java-stream-824381349) STDOUT: 12:56:02.698  WARN  client.RestClient - request [POST http://elasticsearch:9200/cluster_51b0cac1ff.live_20230804125536/_search?typed_keys=true&max_concurrent_shard_requests=5&ignore_unavailable=false&expand_wildcards=open&allow_no_indices=true&ignore_throttled=true&search_type=query_then_fetch&batched_reduce_size=512&ccs_minimize_roundtrips=true] returned 2 warnings: [299 Elasticsearch-7.16.1-5b38441b16b1ebb16a27c107a4c3865776e20c53 "Elasticsearch built-in security features are not enabled. Without authentication, your cluster could be accessible to anyone. See https://www.elastic.co/guide/en/elasticsearch/reference/7.16/security-minimal-setup.html to enable security."],[299 Elasticsearch-7.16.1-5b38441b16b1ebb16a27c107a4c3865776e20c53 "[ignore_throttled] parameter is deprecated because frozen indices have been deprecated. Consider cold or frozen tiers in place of frozen indices."]
2023-08-04 12:56:02,705 INFO  [com.dot.ContainerResource] (docker-java-stream-824381349) STDOUT: 12:56:02.705  WARN  client.RestClient - request [POST http://elasticsearch:9200/cluster_51b0cac1ff.live_20230804125536/_search?typed_keys=true&max_concurrent_shard_requests=5&ignore_unavailable=false&expand_wildcards=open&allow_no_indices=true&ignore_throttled=true&search_type=query_then_fetch&batched_reduce_size=512&ccs_minimize_roundtrips=true] returned 2 warnings: [299 Elasticsearch-7.16.1-5b38441b16b1ebb16a27c107a4c3865776e20c53 "Elasticsearch built-in security features are not enabled. Without authentication, your cluster could be accessible to anyone. See https://www.elastic.co/guide/en/elasticsearch/reference/7.16/security-minimal-setup.html to enable security."],[299 Elasticsearch-7.16.1-5b38441b16b1ebb16a27c107a4c3865776e20c53 "[ignore_throttled] parameter is deprecated because frozen indices have been deprecated. Consider cold or frozen tiers in place of frozen indices."]
2023-08-04 12:56:02,712 INFO  [com.dot.ContainerResource] (docker-java-stream-824381349) STDOUT: 12:56:02.711  WARN  client.RestClient - request [POST http://elasticsearch:9200/cluster_51b0cac1ff.live_20230804125536/_search?typed_keys=true&max_concurrent_shard_requests=5&ignore_unavailable=false&expand_wildcards=open&allow_no_indices=true&ignore_throttled=true&search_type=query_then_fetch&batched_reduce_size=512&ccs_minimize_roundtrips=true] returned 2 warnings: [299 Elasticsearch-7.16.1-5b38441b16b1ebb16a27c107a4c3865776e20c53 "Elasticsearch built-in security features are not enabled. Without authentication, your cluster could be accessible to anyone. See https://www.elastic.co/guide/en/elasticsearch/reference/7.16/security-minimal-setup.html to enable security."],[299 Elasticsearch-7.16.1-5b38441b16b1ebb16a27c107a4c3865776e20c53 "[ignore_throttled] parameter is deprecated because frozen indices have been deprecated. Consider cold or frozen tiers in place of frozen indices."]
2023-08-04 12:56:02,722 INFO  [com.dot.ContainerResource] (docker-java-stream-824381349) STDOUT: 12:56:02.720  WARN  client.RestClient - request [POST http://elasticsearch:9200/cluster_51b0cac1ff.live_20230804125536/_search?typed_keys=true&max_concurrent_shard_requests=5&ignore_unavailable=false&expand_wildcards=open&allow_no_indices=true&ignore_throttled=true&search_type=query_then_fetch&batched_reduce_size=512&ccs_minimize_roundtrips=true] returned 2 warnings: [299 Elasticsearch-7.16.1-5b38441b16b1ebb16a27c107a4c3865776e20c53 "Elasticsearch built-in security features are not enabled. Without authentication, your cluster could be accessible to anyone. See https://www.elastic.co/guide/en/elasticsearch/reference/7.16/security-minimal-setup.html to enable security."],[299 Elasticsearch-7.16.1-5b38441b16b1ebb16a27c107a4c3865776e20c53 "[ignore_throttled] parameter is deprecated because frozen indices have been deprecated. Consider cold or frozen tiers in place of frozen indices."]
2023-08-04 12:56:02,726 INFO  [com.dot.ContainerResource] (docker-java-stream-824381349) STDOUT: 12:56:02.724  WARN  client.RestClient - request [POST http://elasticsearch:9200/cluster_51b0cac1ff.live_20230804125536/_search?typed_keys=true&max_concurrent_shard_requests=5&ignore_unavailable=false&expand_wildcards=open&allow_no_indices=true&ignore_throttled=true&search_type=query_then_fetch&batched_reduce_size=512&ccs_minimize_roundtrips=true] returned 2 warnings: [299 Elasticsearch-7.16.1-5b38441b16b1ebb16a27c107a4c3865776e20c53 "Elasticsearch built-in security features are not enabled. Without authentication, your cluster could be accessible to anyone. See https://www.elastic.co/guide/en/elasticsearch/reference/7.16/security-minimal-setup.html to enable security."],[299 Elasticsearch-7.16.1-5b38441b16b1ebb16a27c107a4c3865776e20c53 "[ignore_throttled] parameter is deprecated because frozen indices have been deprecated. Consider cold or frozen tiers in place of frozen indices."]
2023-08-04 12:56:02,737 INFO  [com.dot.ContainerResource] (docker-java-stream-824381349) STDOUT: 12:56:02.735  WARN  client.RestClient - request [POST http://elasticsearch:9200/cluster_51b0cac1ff.live_20230804125536/_search?typed_keys=true&max_concurrent_shard_requests=5&ignore_unavailable=false&expand_wildcards=open&allow_no_indices=true&ignore_throttled=true&search_type=query_then_fetch&batched_reduce_size=512&ccs_minimize_roundtrips=true] returned 2 warnings: [299 Elasticsearch-7.16.1-5b38441b16b1ebb16a27c107a4c3865776e20c53 "Elasticsearch built-in security features are not enabled. Without authentication, your cluster could be accessible to anyone. See https://www.elastic.co/guide/en/elasticsearch/reference/7.16/security-minimal-setup.html to enable security."],[299 Elasticsearch-7.16.1-5b38441b16b1ebb16a27c107a4c3865776e20c53 "[ignore_throttled] parameter is deprecated because frozen indices have been deprecated. Consider cold or frozen tiers in place of frozen indices."]
2023-08-04 12:56:02,741 INFO  [com.dot.ContainerResource] (docker-java-stream-824381349) STDOUT: 12:56:02.740  WARN  client.RestClient - request [POST http://elasticsearch:9200/cluster_51b0cac1ff.live_20230804125536/_search?typed_keys=true&max_concurrent_shard_requests=5&ignore_unavailable=false&expand_wildcards=open&allow_no_indices=true&ignore_throttled=true&search_type=query_then_fetch&batched_reduce_size=512&ccs_minimize_roundtrips=true] returned 2 warnings: [299 Elasticsearch-7.16.1-5b38441b16b1ebb16a27c107a4c3865776e20c53 "Elasticsearch built-in security features are not enabled. Without authentication, your cluster could be accessible to anyone. See https://www.elastic.co/guide/en/elasticsearch/reference/7.16/security-minimal-setup.html to enable security."],[299 Elasticsearch-7.16.1-5b38441b16b1ebb16a27c107a4c3865776e20c53 "[ignore_throttled] parameter is deprecated because frozen indices have been deprecated. Consider cold or frozen tiers in place of frozen indices."]
2023-08-04 12:56:02,746 INFO  [com.dot.ContainerResource] (docker-java-stream-824381349) STDOUT: 12:56:02.744  WARN  client.RestClient - request [POST http://elasticsearch:9200/cluster_51b0cac1ff.live_20230804125536/_search?typed_keys=true&max_concurrent_shard_requests=5&ignore_unavailable=false&expand_wildcards=open&allow_no_indices=true&ignore_throttled=true&search_type=query_then_fetch&batched_reduce_size=512&ccs_minimize_roundtrips=true] returned 2 warnings: [299 Elasticsearch-7.16.1-5b38441b16b1ebb16a27c107a4c3865776e20c53 "Elasticsearch built-in security features are not enabled. Without authentication, your cluster could be accessible to anyone. See https://www.elastic.co/guide/en/elasticsearch/reference/7.16/security-minimal-setup.html to enable security."],[299 Elasticsearch-7.16.1-5b38441b16b1ebb16a27c107a4c3865776e20c53 "[ignore_throttled] parameter is deprecated because frozen indices have been deprecated. Consider cold or frozen tiers in place of frozen indices."]
2023-08-04 12:56:02,750 INFO  [com.dot.ContainerResource] (docker-java-stream-824381349) STDOUT: 12:56:02.749  WARN  client.RestClient - request [POST http://elasticsearch:9200/cluster_51b0cac1ff.live_20230804125536/_search?typed_keys=true&max_concurrent_shard_requests=5&ignore_unavailable=false&expand_wildcards=open&allow_no_indices=true&ignore_throttled=true&search_type=query_then_fetch&batched_reduce_size=512&ccs_minimize_roundtrips=true] returned 2 warnings: [299 Elasticsearch-7.16.1-5b38441b16b1ebb16a27c107a4c3865776e20c53 "Elasticsearch built-in security features are not enabled. Without authentication, your cluster could be accessible to anyone. See https://www.elastic.co/guide/en/elasticsearch/reference/7.16/security-minimal-setup.html to enable security."],[299 Elasticsearch-7.16.1-5b38441b16b1ebb16a27c107a4c3865776e20c53 "[ignore_throttled] parameter is deprecated because frozen indices have been deprecated. Consider cold or frozen tiers in place of frozen indices."]
2023-08-04 12:56:02,755 INFO  [com.dot.ContainerResource] (docker-java-stream-824381349) STDOUT: 12:56:02.753  WARN  client.RestClient - request [POST http://elasticsearch:9200/cluster_51b0cac1ff.live_20230804125536/_search?typed_keys=true&max_concurrent_shard_requests=5&ignore_unavailable=false&expand_wildcards=open&allow_no_indices=true&ignore_throttled=true&search_type=query_then_fetch&batched_reduce_size=512&ccs_minimize_roundtrips=true] returned 2 warnings: [299 Elasticsearch-7.16.1-5b38441b16b1ebb16a27c107a4c3865776e20c53 "Elasticsearch built-in security features are not enabled. Without authentication, your cluster could be accessible to anyone. See https://www.elastic.co/guide/en/elasticsearch/reference/7.16/security-minimal-setup.html to enable security."],[299 Elasticsearch-7.16.1-5b38441b16b1ebb16a27c107a4c3865776e20c53 "[ignore_throttled] parameter is deprecated because frozen indices have been deprecated. Consider cold or frozen tiers in place of frozen indices."]
2023-08-04 12:56:02,760 INFO  [com.dot.ContainerResource] (docker-java-stream-824381349) STDOUT: 12:56:02.760  WARN  client.RestClient - request [POST http://elasticsearch:9200/cluster_51b0cac1ff.live_20230804125536/_search?typed_keys=true&max_concurrent_shard_requests=5&ignore_unavailable=false&expand_wildcards=open&allow_no_indices=true&ignore_throttled=true&search_type=query_then_fetch&batched_reduce_size=512&ccs_minimize_roundtrips=true] returned 2 warnings: [299 Elasticsearch-7.16.1-5b38441b16b1ebb16a27c107a4c3865776e20c53 "Elasticsearch built-in security features are not enabled. Without authentication, your cluster could be accessible to anyone. See https://www.elastic.co/guide/en/elasticsearch/reference/7.16/security-minimal-setup.html to enable security."],[299 Elasticsearch-7.16.1-5b38441b16b1ebb16a27c107a4c3865776e20c53 "[ignore_throttled] parameter is deprecated because frozen indices have been deprecated. Consider cold or frozen tiers in place of frozen indices."]
2023-08-04 12:56:02,772 INFO  [com.dot.ContainerResource] (docker-java-stream-824381349) STDOUT: 12:56:02.769  WARN  client.RestClient - request [POST http://elasticsearch:9200/cluster_51b0cac1ff.live_20230804125536/_search?typed_keys=true&max_concurrent_shard_requests=5&ignore_unavailable=false&expand_wildcards=open&allow_no_indices=true&ignore_throttled=true&search_type=query_then_fetch&batched_reduce_size=512&ccs_minimize_roundtrips=true] returned 2 warnings: [299 Elasticsearch-7.16.1-5b38441b16b1ebb16a27c107a4c3865776e20c53 "Elasticsearch built-in security features are not enabled. Without authentication, your cluster could be accessible to anyone. See https://www.elastic.co/guide/en/elasticsearch/reference/7.16/security-minimal-setup.html to enable security."],[299 Elasticsearch-7.16.1-5b38441b16b1ebb16a27c107a4c3865776e20c53 "[ignore_throttled] parameter is deprecated because frozen indices have been deprecated. Consider cold or frozen tiers in place of frozen indices."]
2023-08-04 12:56:02,903 INFO  [com.dot.ContainerResource] (docker-java-stream-824381349) STDOUT: 12:56:02.903  WARN  client.RestClient - request [POST http://elasticsearch:9200/cluster_51b0cac1ff.live_20230804125536/_search?typed_keys=true&max_concurrent_shard_requests=5&ignore_unavailable=false&expand_wildcards=open&allow_no_indices=true&ignore_throttled=true&search_type=query_then_fetch&batched_reduce_size=512&ccs_minimize_roundtrips=true] returned 2 warnings: [299 Elasticsearch-7.16.1-5b38441b16b1ebb16a27c107a4c3865776e20c53 "Elasticsearch built-in security features are not enabled. Without authentication, your cluster could be accessible to anyone. See https://www.elastic.co/guide/en/elasticsearch/reference/7.16/security-minimal-setup.html to enable security."],[299 Elasticsearch-7.16.1-5b38441b16b1ebb16a27c107a4c3865776e20c53 "[ignore_throttled] parameter is deprecated because frozen indices have been deprecated. Consider cold or frozen tiers in place of frozen indices."]
2023-08-04 12:56:02,912 INFO  [com.dot.ContainerResource] (docker-java-stream-824381349) STDOUT: 12:56:02.912  WARN  client.RestClient - request [POST http://elasticsearch:9200/cluster_51b0cac1ff.live_20230804125536/_search?typed_keys=true&max_concurrent_shard_requests=5&ignore_unavailable=false&expand_wildcards=open&allow_no_indices=true&ignore_throttled=true&search_type=query_then_fetch&batched_reduce_size=512&ccs_minimize_roundtrips=true] returned 2 warnings: [299 Elasticsearch-7.16.1-5b38441b16b1ebb16a27c107a4c3865776e20c53 "Elasticsearch built-in security features are not enabled. Without authentication, your cluster could be accessible to anyone. See https://www.elastic.co/guide/en/elasticsearch/reference/7.16/security-minimal-setup.html to enable security."],[299 Elasticsearch-7.16.1-5b38441b16b1ebb16a27c107a4c3865776e20c53 "[ignore_throttled] parameter is deprecated because frozen indices have been deprecated. Consider cold or frozen tiers in place of frozen indices."]
2023-08-04 12:56:02,928 INFO  [com.dot.ContainerResource] (docker-java-stream-824381349) STDOUT: 12:56:02.920  WARN  client.RestClient - request [POST http://elasticsearch:9200/cluster_51b0cac1ff.live_20230804125536/_search?typed_keys=true&max_concurrent_shard_requests=5&ignore_unavailable=false&expand_wildcards=open&allow_no_indices=true&ignore_throttled=true&search_type=query_then_fetch&batched_reduce_size=512&ccs_minimize_roundtrips=true] returned 2 warnings: [299 Elasticsearch-7.16.1-5b38441b16b1ebb16a27c107a4c3865776e20c53 "Elasticsearch built-in security features are not enabled. Without authentication, your cluster could be accessible to anyone. See https://www.elastic.co/guide/en/elasticsearch/reference/7.16/security-minimal-setup.html to enable security."],[299 Elasticsearch-7.16.1-5b38441b16b1ebb16a27c107a4c3865776e20c53 "[ignore_throttled] parameter is deprecated because frozen indices have been deprecated. Consider cold or frozen tiers in place of frozen indices."]
2023-08-04 12:56:02,940 INFO  [com.dot.ContainerResource] (docker-java-stream-824381349) STDOUT: 12:56:02.930  WARN  client.RestClient - request [POST http://elasticsearch:9200/cluster_51b0cac1ff.live_20230804125536/_search?typed_keys=true&max_concurrent_shard_requests=5&ignore_unavailable=false&expand_wildcards=open&allow_no_indices=true&ignore_throttled=true&search_type=query_then_fetch&batched_reduce_size=512&ccs_minimize_roundtrips=true] returned 2 warnings: [299 Elasticsearch-7.16.1-5b38441b16b1ebb16a27c107a4c3865776e20c53 "Elasticsearch built-in security features are not enabled. Without authentication, your cluster could be accessible to anyone. See https://www.elastic.co/guide/en/elasticsearch/reference/7.16/security-minimal-setup.html to enable security."],[299 Elasticsearch-7.16.1-5b38441b16b1ebb16a27c107a4c3865776e20c53 "[ignore_throttled] parameter is deprecated because frozen indices have been deprecated. Consider cold or frozen tiers in place of frozen indices."]
2023-08-04 12:56:02,944 INFO  [com.dot.ContainerResource] (docker-java-stream-824381349) STDOUT: 12:56:02.943  WARN  client.RestClient - request [POST http://elasticsearch:9200/cluster_51b0cac1ff.live_20230804125536/_search?typed_keys=true&max_concurrent_shard_requests=5&ignore_unavailable=false&expand_wildcards=open&allow_no_indices=true&ignore_throttled=true&search_type=query_then_fetch&batched_reduce_size=512&ccs_minimize_roundtrips=true] returned 2 warnings: [299 Elasticsearch-7.16.1-5b38441b16b1ebb16a27c107a4c3865776e20c53 "Elasticsearch built-in security features are not enabled. Without authentication, your cluster could be accessible to anyone. See https://www.elastic.co/guide/en/elasticsearch/reference/7.16/security-minimal-setup.html to enable security."],[299 Elasticsearch-7.16.1-5b38441b16b1ebb16a27c107a4c3865776e20c53 "[ignore_throttled] parameter is deprecated because frozen indices have been deprecated. Consider cold or frozen tiers in place of frozen indices."]
2023-08-04 12:56:02,954 INFO  [com.dot.ContainerResource] (docker-java-stream-824381349) STDOUT: 12:56:02.953  WARN  client.RestClient - request [POST http://elasticsearch:9200/cluster_51b0cac1ff.live_20230804125536/_search?typed_keys=true&max_concurrent_shard_requests=5&ignore_unavailable=false&expand_wildcards=open&allow_no_indices=true&ignore_throttled=true&search_type=query_then_fetch&batched_reduce_size=512&ccs_minimize_roundtrips=true] returned 2 warnings: [299 Elasticsearch-7.16.1-5b38441b16b1ebb16a27c107a4c3865776e20c53 "Elasticsearch built-in security features are not enabled. Without authentication, your cluster could be accessible to anyone. See https://www.elastic.co/guide/en/elasticsearch/reference/7.16/security-minimal-setup.html to enable security."],[299 Elasticsearch-7.16.1-5b38441b16b1ebb16a27c107a4c3865776e20c53 "[ignore_throttled] parameter is deprecated because frozen indices have been deprecated. Consider cold or frozen tiers in place of frozen indices."]
2023-08-04 12:56:02,958 INFO  [com.dot.ContainerResource] (docker-java-stream-824381349) STDOUT: 12:56:02.958  WARN  client.RestClient - request [POST http://elasticsearch:9200/cluster_51b0cac1ff.live_20230804125536/_search?typed_keys=true&max_concurrent_shard_requests=5&ignore_unavailable=false&expand_wildcards=open&allow_no_indices=true&ignore_throttled=true&search_type=query_then_fetch&batched_reduce_size=512&ccs_minimize_roundtrips=true] returned 2 warnings: [299 Elasticsearch-7.16.1-5b38441b16b1ebb16a27c107a4c3865776e20c53 "Elasticsearch built-in security features are not enabled. Without authentication, your cluster could be accessible to anyone. See https://www.elastic.co/guide/en/elasticsearch/reference/7.16/security-minimal-setup.html to enable security."],[299 Elasticsearch-7.16.1-5b38441b16b1ebb16a27c107a4c3865776e20c53 "[ignore_throttled] parameter is deprecated because frozen indices have been deprecated. Consider cold or frozen tiers in place of frozen indices."]
2023-08-04 12:56:02,977 INFO  [com.dot.ContainerResource] (docker-java-stream-824381349) STDOUT: 12:56:02.973  WARN  client.RestClient - request [POST http://elasticsearch:9200/cluster_51b0cac1ff.live_20230804125536/_search?typed_keys=true&max_concurrent_shard_requests=5&ignore_unavailable=false&expand_wildcards=open&allow_no_indices=true&ignore_throttled=true&search_type=query_then_fetch&batched_reduce_size=512&ccs_minimize_roundtrips=true] returned 2 warnings: [299 Elasticsearch-7.16.1-5b38441b16b1ebb16a27c107a4c3865776e20c53 "Elasticsearch built-in security features are not enabled. Without authentication, your cluster could be accessible to anyone. See https://www.elastic.co/guide/en/elasticsearch/reference/7.16/security-minimal-setup.html to enable security."],[299 Elasticsearch-7.16.1-5b38441b16b1ebb16a27c107a4c3865776e20c53 "[ignore_throttled] parameter is deprecated because frozen indices have been deprecated. Consider cold or frozen tiers in place of frozen indices."]
2023-08-04 12:56:02,978 INFO  [com.dot.ContainerResource] (docker-java-stream-824381349) STDOUT: 12:56:02.978  WARN  client.RestClient - request [POST http://elasticsearch:9200/cluster_51b0cac1ff.live_20230804125536/_search?typed_keys=true&max_concurrent_shard_requests=5&ignore_unavailable=false&expand_wildcards=open&allow_no_indices=true&ignore_throttled=true&search_type=query_then_fetch&batched_reduce_size=512&ccs_minimize_roundtrips=true] returned 2 warnings: [299 Elasticsearch-7.16.1-5b38441b16b1ebb16a27c107a4c3865776e20c53 "Elasticsearch built-in security features are not enabled. Without authentication, your cluster could be accessible to anyone. See https://www.elastic.co/guide/en/elasticsearch/reference/7.16/security-minimal-setup.html to enable security."],[299 Elasticsearch-7.16.1-5b38441b16b1ebb16a27c107a4c3865776e20c53 "[ignore_throttled] parameter is deprecated because frozen indices have been deprecated. Consider cold or frozen tiers in place of frozen indices."]
2023-08-04 12:56:02,988 INFO  [com.dot.ContainerResource] (docker-java-stream-824381349) STDOUT: 12:56:02.987  WARN  client.RestClient - request [POST http://elasticsearch:9200/cluster_51b0cac1ff.live_20230804125536/_search?typed_keys=true&max_concurrent_shard_requests=5&ignore_unavailable=false&expand_wildcards=open&allow_no_indices=true&ignore_throttled=true&search_type=query_then_fetch&batched_reduce_size=512&ccs_minimize_roundtrips=true] returned 2 warnings: [299 Elasticsearch-7.16.1-5b38441b16b1ebb16a27c107a4c3865776e20c53 "Elasticsearch built-in security features are not enabled. Without authentication, your cluster could be accessible to anyone. See https://www.elastic.co/guide/en/elasticsearch/reference/7.16/security-minimal-setup.html to enable security."],[299 Elasticsearch-7.16.1-5b38441b16b1ebb16a27c107a4c3865776e20c53 "[ignore_throttled] parameter is deprecated because frozen indices have been deprecated. Consider cold or frozen tiers in place of frozen indices."]
2023-08-04 12:56:02,995 INFO  [com.dot.ContainerResource] (docker-java-stream-824381349) STDOUT: 12:56:02.993  WARN  client.RestClient - request [POST http://elasticsearch:9200/cluster_51b0cac1ff.live_20230804125536/_search?typed_keys=true&max_concurrent_shard_requests=5&ignore_unavailable=false&expand_wildcards=open&allow_no_indices=true&ignore_throttled=true&search_type=query_then_fetch&batched_reduce_size=512&ccs_minimize_roundtrips=true] returned 2 warnings: [299 Elasticsearch-7.16.1-5b38441b16b1ebb16a27c107a4c3865776e20c53 "Elasticsearch built-in security features are not enabled. Without authentication, your cluster could be accessible to anyone. See https://www.elastic.co/guide/en/elasticsearch/reference/7.16/security-minimal-setup.html to enable security."],[299 Elasticsearch-7.16.1-5b38441b16b1ebb16a27c107a4c3865776e20c53 "[ignore_throttled] parameter is deprecated because frozen indices have been deprecated. Consider cold or frozen tiers in place of frozen indices."]
2023-08-04 12:56:03,004 INFO  [com.dot.ContainerResource] (docker-java-stream-824381349) STDOUT: 12:56:02.999  WARN  client.RestClient - request [POST http://elasticsearch:9200/cluster_51b0cac1ff.live_20230804125536/_search?typed_keys=true&max_concurrent_shard_requests=5&ignore_unavailable=false&expand_wildcards=open&allow_no_indices=true&ignore_throttled=true&search_type=query_then_fetch&batched_reduce_size=512&ccs_minimize_roundtrips=true] returned 2 warnings: [299 Elasticsearch-7.16.1-5b38441b16b1ebb16a27c107a4c3865776e20c53 "Elasticsearch built-in security features are not enabled. Without authentication, your cluster could be accessible to anyone. See https://www.elastic.co/guide/en/elasticsearch/reference/7.16/security-minimal-setup.html to enable security."],[299 Elasticsearch-7.16.1-5b38441b16b1ebb16a27c107a4c3865776e20c53 "[ignore_throttled] parameter is deprecated because frozen indices have been deprecated. Consider cold or frozen tiers in place of frozen indices."]
2023-08-04 12:56:03,005 INFO  [com.dot.ContainerResource] (docker-java-stream-824381349) STDOUT: 12:56:03.003  WARN  client.RestClient - request [POST http://elasticsearch:9200/cluster_51b0cac1ff.live_20230804125536/_search?typed_keys=true&max_concurrent_shard_requests=5&ignore_unavailable=false&expand_wildcards=open&allow_no_indices=true&ignore_throttled=true&search_type=query_then_fetch&batched_reduce_size=512&ccs_minimize_roundtrips=true] returned 2 warnings: [299 Elasticsearch-7.16.1-5b38441b16b1ebb16a27c107a4c3865776e20c53 "Elasticsearch built-in security features are not enabled. Without authentication, your cluster could be accessible to anyone. See https://www.elastic.co/guide/en/elasticsearch/reference/7.16/security-minimal-setup.html to enable security."],[299 Elasticsearch-7.16.1-5b38441b16b1ebb16a27c107a4c3865776e20c53 "[ignore_throttled] parameter is deprecated because frozen indices have been deprecated. Consider cold or frozen tiers in place of frozen indices."]
2023-08-04 12:56:03,008 INFO  [com.dot.ContainerResource] (docker-java-stream-824381349) STDOUT: 12:56:03.008  WARN  client.RestClient - request [POST http://elasticsearch:9200/cluster_51b0cac1ff.live_20230804125536/_search?typed_keys=true&max_concurrent_shard_requests=5&ignore_unavailable=false&expand_wildcards=open&allow_no_indices=true&ignore_throttled=true&search_type=query_then_fetch&batched_reduce_size=512&ccs_minimize_roundtrips=true] returned 2 warnings: [299 Elasticsearch-7.16.1-5b38441b16b1ebb16a27c107a4c3865776e20c53 "Elasticsearch built-in security features are not enabled. Without authentication, your cluster could be accessible to anyone. See https://www.elastic.co/guide/en/elasticsearch/reference/7.16/security-minimal-setup.html to enable security."],[299 Elasticsearch-7.16.1-5b38441b16b1ebb16a27c107a4c3865776e20c53 "[ignore_throttled] parameter is deprecated because frozen indices have been deprecated. Consider cold or frozen tiers in place of frozen indices."]
2023-08-04 12:56:03,012 INFO  [com.dot.ContainerResource] (docker-java-stream-824381349) STDOUT: 12:56:03.012  WARN  client.RestClient - request [POST http://elasticsearch:9200/cluster_51b0cac1ff.live_20230804125536/_search?typed_keys=true&max_concurrent_shard_requests=5&ignore_unavailable=false&expand_wildcards=open&allow_no_indices=true&ignore_throttled=true&search_type=query_then_fetch&batched_reduce_size=512&ccs_minimize_roundtrips=true] returned 2 warnings: [299 Elasticsearch-7.16.1-5b38441b16b1ebb16a27c107a4c3865776e20c53 "Elasticsearch built-in security features are not enabled. Without authentication, your cluster could be accessible to anyone. See https://www.elastic.co/guide/en/elasticsearch/reference/7.16/security-minimal-setup.html to enable security."],[299 Elasticsearch-7.16.1-5b38441b16b1ebb16a27c107a4c3865776e20c53 "[ignore_throttled] parameter is deprecated because frozen indices have been deprecated. Consider cold or frozen tiers in place of frozen indices."]
2023-08-04 12:56:03,016 INFO  [com.dot.ContainerResource] (docker-java-stream-824381349) STDOUT: 12:56:03.016  WARN  client.RestClient - request [POST http://elasticsearch:9200/cluster_51b0cac1ff.live_20230804125536/_search?typed_keys=true&max_concurrent_shard_requests=5&ignore_unavailable=false&expand_wildcards=open&allow_no_indices=true&ignore_throttled=true&search_type=query_then_fetch&batched_reduce_size=512&ccs_minimize_roundtrips=true] returned 2 warnings: [299 Elasticsearch-7.16.1-5b38441b16b1ebb16a27c107a4c3865776e20c53 "Elasticsearch built-in security features are not enabled. Without authentication, your cluster could be accessible to anyone. See https://www.elastic.co/guide/en/elasticsearch/reference/7.16/security-minimal-setup.html to enable security."],[299 Elasticsearch-7.16.1-5b38441b16b1ebb16a27c107a4c3865776e20c53 "[ignore_throttled] parameter is deprecated because frozen indices have been deprecated. Consider cold or frozen tiers in place of frozen indices."]
2023-08-04 12:56:03,031 INFO  [com.dot.ContainerResource] (docker-java-stream-824381349) STDOUT: 12:56:03.029  WARN  client.RestClient - request [POST http://elasticsearch:9200/cluster_51b0cac1ff.live_20230804125536/_search?typed_keys=true&max_concurrent_shard_requests=5&ignore_unavailable=false&expand_wildcards=open&allow_no_indices=true&ignore_throttled=true&search_type=query_then_fetch&batched_reduce_size=512&ccs_minimize_roundtrips=true] returned 2 warnings: [299 Elasticsearch-7.16.1-5b38441b16b1ebb16a27c107a4c3865776e20c53 "Elasticsearch built-in security features are not enabled. Without authentication, your cluster could be accessible to anyone. See https://www.elastic.co/guide/en/elasticsearch/reference/7.16/security-minimal-setup.html to enable security."],[299 Elasticsearch-7.16.1-5b38441b16b1ebb16a27c107a4c3865776e20c53 "[ignore_throttled] parameter is deprecated because frozen indices have been deprecated. Consider cold or frozen tiers in place of frozen indices."]
2023-08-04 12:56:03,035 INFO  [com.dot.ContainerResource] (docker-java-stream-824381349) STDOUT: 12:56:03.033  WARN  client.RestClient - request [POST http://elasticsearch:9200/cluster_51b0cac1ff.live_20230804125536/_search?typed_keys=true&max_concurrent_shard_requests=5&ignore_unavailable=false&expand_wildcards=open&allow_no_indices=true&ignore_throttled=true&search_type=query_then_fetch&batched_reduce_size=512&ccs_minimize_roundtrips=true] returned 2 warnings: [299 Elasticsearch-7.16.1-5b38441b16b1ebb16a27c107a4c3865776e20c53 "Elasticsearch built-in security features are not enabled. Without authentication, your cluster could be accessible to anyone. See https://www.elastic.co/guide/en/elasticsearch/reference/7.16/security-minimal-setup.html to enable security."],[299 Elasticsearch-7.16.1-5b38441b16b1ebb16a27c107a4c3865776e20c53 "[ignore_throttled] parameter is deprecated because frozen indices have been deprecated. Consider cold or frozen tiers in place of frozen indices."]
2023-08-04 12:56:03,042 INFO  [com.dot.ContainerResource] (docker-java-stream-824381349) STDOUT: 12:56:03.041  WARN  client.RestClient - request [POST http://elasticsearch:9200/cluster_51b0cac1ff.live_20230804125536/_search?typed_keys=true&max_concurrent_shard_requests=5&ignore_unavailable=false&expand_wildcards=open&allow_no_indices=true&ignore_throttled=true&search_type=query_then_fetch&batched_reduce_size=512&ccs_minimize_roundtrips=true] returned 2 warnings: [299 Elasticsearch-7.16.1-5b38441b16b1ebb16a27c107a4c3865776e20c53 "Elasticsearch built-in security features are not enabled. Without authentication, your cluster could be accessible to anyone. See https://www.elastic.co/guide/en/elasticsearch/reference/7.16/security-minimal-setup.html to enable security."],[299 Elasticsearch-7.16.1-5b38441b16b1ebb16a27c107a4c3865776e20c53 "[ignore_throttled] parameter is deprecated because frozen indices have been deprecated. Consider cold or frozen tiers in place of frozen indices."]
2023-08-04 12:56:03,048 INFO  [com.dot.ContainerResource] (docker-java-stream-824381349) STDOUT: 12:56:03.046  WARN  client.RestClient - request [POST http://elasticsearch:9200/cluster_51b0cac1ff.live_20230804125536/_search?typed_keys=true&max_concurrent_shard_requests=5&ignore_unavailable=false&expand_wildcards=open&allow_no_indices=true&ignore_throttled=true&search_type=query_then_fetch&batched_reduce_size=512&ccs_minimize_roundtrips=true] returned 2 warnings: [299 Elasticsearch-7.16.1-5b38441b16b1ebb16a27c107a4c3865776e20c53 "Elasticsearch built-in security features are not enabled. Without authentication, your cluster could be accessible to anyone. See https://www.elastic.co/guide/en/elasticsearch/reference/7.16/security-minimal-setup.html to enable security."],[299 Elasticsearch-7.16.1-5b38441b16b1ebb16a27c107a4c3865776e20c53 "[ignore_throttled] parameter is deprecated because frozen indices have been deprecated. Consider cold or frozen tiers in place of frozen indices."]
2023-08-04 12:56:03,054 INFO  [com.dot.ContainerResource] (docker-java-stream-824381349) STDOUT: 12:56:03.052  WARN  client.RestClient - request [POST http://elasticsearch:9200/cluster_51b0cac1ff.live_20230804125536/_search?typed_keys=true&max_concurrent_shard_requests=5&ignore_unavailable=false&expand_wildcards=open&allow_no_indices=true&ignore_throttled=true&search_type=query_then_fetch&batched_reduce_size=512&ccs_minimize_roundtrips=true] returned 2 warnings: [299 Elasticsearch-7.16.1-5b38441b16b1ebb16a27c107a4c3865776e20c53 "Elasticsearch built-in security features are not enabled. Without authentication, your cluster could be accessible to anyone. See https://www.elastic.co/guide/en/elasticsearch/reference/7.16/security-minimal-setup.html to enable security."],[299 Elasticsearch-7.16.1-5b38441b16b1ebb16a27c107a4c3865776e20c53 "[ignore_throttled] parameter is deprecated because frozen indices have been deprecated. Consider cold or frozen tiers in place of frozen indices."]
2023-08-04 12:56:03,058 INFO  [com.dot.ContainerResource] (docker-java-stream-824381349) STDOUT: 12:56:03.058  WARN  client.RestClient - request [POST http://elasticsearch:9200/cluster_51b0cac1ff.live_20230804125536/_search?typed_keys=true&max_concurrent_shard_requests=5&ignore_unavailable=false&expand_wildcards=open&allow_no_indices=true&ignore_throttled=true&search_type=query_then_fetch&batched_reduce_size=512&ccs_minimize_roundtrips=true] returned 2 warnings: [299 Elasticsearch-7.16.1-5b38441b16b1ebb16a27c107a4c3865776e20c53 "Elasticsearch built-in security features are not enabled. Without authentication, your cluster could be accessible to anyone. See https://www.elastic.co/guide/en/elasticsearch/reference/7.16/security-minimal-setup.html to enable security."],[299 Elasticsearch-7.16.1-5b38441b16b1ebb16a27c107a4c3865776e20c53 "[ignore_throttled] parameter is deprecated because frozen indices have been deprecated. Consider cold or frozen tiers in place of frozen indices."]
2023-08-04 12:56:03,064 INFO  [com.dot.ContainerResource] (docker-java-stream-824381349) STDOUT: 12:56:03.064  WARN  client.RestClient - request [POST http://elasticsearch:9200/cluster_51b0cac1ff.live_20230804125536/_search?typed_keys=true&max_concurrent_shard_requests=5&ignore_unavailable=false&expand_wildcards=open&allow_no_indices=true&ignore_throttled=true&search_type=query_then_fetch&batched_reduce_size=512&ccs_minimize_roundtrips=true] returned 2 warnings: [299 Elasticsearch-7.16.1-5b38441b16b1ebb16a27c107a4c3865776e20c53 "Elasticsearch built-in security features are not enabled. Without authentication, your cluster could be accessible to anyone. See https://www.elastic.co/guide/en/elasticsearch/reference/7.16/security-minimal-setup.html to enable security."],[299 Elasticsearch-7.16.1-5b38441b16b1ebb16a27c107a4c3865776e20c53 "[ignore_throttled] parameter is deprecated because frozen indices have been deprecated. Consider cold or frozen tiers in place of frozen indices."]
2023-08-04 12:56:03,069 INFO  [com.dot.ContainerResource] (docker-java-stream-824381349) STDOUT: 12:56:03.069  WARN  client.RestClient - request [POST http://elasticsearch:9200/cluster_51b0cac1ff.live_20230804125536/_search?typed_keys=true&max_concurrent_shard_requests=5&ignore_unavailable=false&expand_wildcards=open&allow_no_indices=true&ignore_throttled=true&search_type=query_then_fetch&batched_reduce_size=512&ccs_minimize_roundtrips=true] returned 2 warnings: [299 Elasticsearch-7.16.1-5b38441b16b1ebb16a27c107a4c3865776e20c53 "Elasticsearch built-in security features are not enabled. Without authentication, your cluster could be accessible to anyone. See https://www.elastic.co/guide/en/elasticsearch/reference/7.16/security-minimal-setup.html to enable security."],[299 Elasticsearch-7.16.1-5b38441b16b1ebb16a27c107a4c3865776e20c53 "[ignore_throttled] parameter is deprecated because frozen indices have been deprecated. Consider cold or frozen tiers in place of frozen indices."]
2023-08-04 12:56:03,075 INFO  [com.dot.ContainerResource] (docker-java-stream-824381349) STDOUT: 12:56:03.074  WARN  client.RestClient - request [POST http://elasticsearch:9200/cluster_51b0cac1ff.live_20230804125536/_search?typed_keys=true&max_concurrent_shard_requests=5&ignore_unavailable=false&expand_wildcards=open&allow_no_indices=true&ignore_throttled=true&search_type=query_then_fetch&batched_reduce_size=512&ccs_minimize_roundtrips=true] returned 2 warnings: [299 Elasticsearch-7.16.1-5b38441b16b1ebb16a27c107a4c3865776e20c53 "Elasticsearch built-in security features are not enabled. Without authentication, your cluster could be accessible to anyone. See https://www.elastic.co/guide/en/elasticsearch/reference/7.16/security-minimal-setup.html to enable security."],[299 Elasticsearch-7.16.1-5b38441b16b1ebb16a27c107a4c3865776e20c53 "[ignore_throttled] parameter is deprecated because frozen indices have been deprecated. Consider cold or frozen tiers in place of frozen indices."]
2023-08-04 12:56:03,080 INFO  [com.dot.ContainerResource] (docker-java-stream-824381349) STDOUT: 12:56:03.078  WARN  client.RestClient - request [POST http://elasticsearch:9200/cluster_51b0cac1ff.live_20230804125536/_search?typed_keys=true&max_concurrent_shard_requests=5&ignore_unavailable=false&expand_wildcards=open&allow_no_indices=true&ignore_throttled=true&search_type=query_then_fetch&batched_reduce_size=512&ccs_minimize_roundtrips=true] returned 2 warnings: [299 Elasticsearch-7.16.1-5b38441b16b1ebb16a27c107a4c3865776e20c53 "Elasticsearch built-in security features are not enabled. Without authentication, your cluster could be accessible to anyone. See https://www.elastic.co/guide/en/elasticsearch/reference/7.16/security-minimal-setup.html to enable security."],[299 Elasticsearch-7.16.1-5b38441b16b1ebb16a27c107a4c3865776e20c53 "[ignore_throttled] parameter is deprecated because frozen indices have been deprecated. Consider cold or frozen tiers in place of frozen indices."]
2023-08-04 12:56:03,086 INFO  [com.dot.ContainerResource] (docker-java-stream-824381349) STDOUT: 12:56:03.083  WARN  client.RestClient - request [POST http://elasticsearch:9200/cluster_51b0cac1ff.live_20230804125536/_search?typed_keys=true&max_concurrent_shard_requests=5&ignore_unavailable=false&expand_wildcards=open&allow_no_indices=true&ignore_throttled=true&search_type=query_then_fetch&batched_reduce_size=512&ccs_minimize_roundtrips=true] returned 2 warnings: [299 Elasticsearch-7.16.1-5b38441b16b1ebb16a27c107a4c3865776e20c53 "Elasticsearch built-in security features are not enabled. Without authentication, your cluster could be accessible to anyone. See https://www.elastic.co/guide/en/elasticsearch/reference/7.16/security-minimal-setup.html to enable security."],[299 Elasticsearch-7.16.1-5b38441b16b1ebb16a27c107a4c3865776e20c53 "[ignore_throttled] parameter is deprecated because frozen indices have been deprecated. Consider cold or frozen tiers in place of frozen indices."]
2023-08-04 12:56:03,089 INFO  [com.dot.ContainerResource] (docker-java-stream-824381349) STDOUT: 12:56:03.089  WARN  client.RestClient - request [POST http://elasticsearch:9200/cluster_51b0cac1ff.live_20230804125536/_search?typed_keys=true&max_concurrent_shard_requests=5&ignore_unavailable=false&expand_wildcards=open&allow_no_indices=true&ignore_throttled=true&search_type=query_then_fetch&batched_reduce_size=512&ccs_minimize_roundtrips=true] returned 2 warnings: [299 Elasticsearch-7.16.1-5b38441b16b1ebb16a27c107a4c3865776e20c53 "Elasticsearch built-in security features are not enabled. Without authentication, your cluster could be accessible to anyone. See https://www.elastic.co/guide/en/elasticsearch/reference/7.16/security-minimal-setup.html to enable security."],[299 Elasticsearch-7.16.1-5b38441b16b1ebb16a27c107a4c3865776e20c53 "[ignore_throttled] parameter is deprecated because frozen indices have been deprecated. Consider cold or frozen tiers in place of frozen indices."]
2023-08-04 12:56:03,094 INFO  [com.dot.ContainerResource] (docker-java-stream-824381349) STDOUT: 12:56:03.094  WARN  client.RestClient - request [POST http://elasticsearch:9200/cluster_51b0cac1ff.live_20230804125536/_search?typed_keys=true&max_concurrent_shard_requests=5&ignore_unavailable=false&expand_wildcards=open&allow_no_indices=true&ignore_throttled=true&search_type=query_then_fetch&batched_reduce_size=512&ccs_minimize_roundtrips=true] returned 2 warnings: [299 Elasticsearch-7.16.1-5b38441b16b1ebb16a27c107a4c3865776e20c53 "Elasticsearch built-in security features are not enabled. Without authentication, your cluster could be accessible to anyone. See https://www.elastic.co/guide/en/elasticsearch/reference/7.16/security-minimal-setup.html to enable security."],[299 Elasticsearch-7.16.1-5b38441b16b1ebb16a27c107a4c3865776e20c53 "[ignore_throttled] parameter is deprecated because frozen indices have been deprecated. Consider cold or frozen tiers in place of frozen indices."]
2023-08-04 12:56:03,099 INFO  [com.dot.ContainerResource] (docker-java-stream-824381349) STDOUT: 12:56:03.099  WARN  client.RestClient - request [POST http://elasticsearch:9200/cluster_51b0cac1ff.live_20230804125536/_search?typed_keys=true&max_concurrent_shard_requests=5&ignore_unavailable=false&expand_wildcards=open&allow_no_indices=true&ignore_throttled=true&search_type=query_then_fetch&batched_reduce_size=512&ccs_minimize_roundtrips=true] returned 2 warnings: [299 Elasticsearch-7.16.1-5b38441b16b1ebb16a27c107a4c3865776e20c53 "Elasticsearch built-in security features are not enabled. Without authentication, your cluster could be accessible to anyone. See https://www.elastic.co/guide/en/elasticsearch/reference/7.16/security-minimal-setup.html to enable security."],[299 Elasticsearch-7.16.1-5b38441b16b1ebb16a27c107a4c3865776e20c53 "[ignore_throttled] parameter is deprecated because frozen indices have been deprecated. Consider cold or frozen tiers in place of frozen indices."]
2023-08-04 12:56:03,105 INFO  [com.dot.ContainerResource] (docker-java-stream-824381349) STDOUT: 12:56:03.105  WARN  client.RestClient - request [POST http://elasticsearch:9200/cluster_51b0cac1ff.live_20230804125536/_search?typed_keys=true&max_concurrent_shard_requests=5&ignore_unavailable=false&expand_wildcards=open&allow_no_indices=true&ignore_throttled=true&search_type=query_then_fetch&batched_reduce_size=512&ccs_minimize_roundtrips=true] returned 2 warnings: [299 Elasticsearch-7.16.1-5b38441b16b1ebb16a27c107a4c3865776e20c53 "Elasticsearch built-in security features are not enabled. Without authentication, your cluster could be accessible to anyone. See https://www.elastic.co/guide/en/elasticsearch/reference/7.16/security-minimal-setup.html to enable security."],[299 Elasticsearch-7.16.1-5b38441b16b1ebb16a27c107a4c3865776e20c53 "[ignore_throttled] parameter is deprecated because frozen indices have been deprecated. Consider cold or frozen tiers in place of frozen indices."]
2023-08-04 12:56:03,111 INFO  [com.dot.ContainerResource] (docker-java-stream-824381349) STDOUT: 12:56:03.110  WARN  client.RestClient - request [POST http://elasticsearch:9200/cluster_51b0cac1ff.live_20230804125536/_search?typed_keys=true&max_concurrent_shard_requests=5&ignore_unavailable=false&expand_wildcards=open&allow_no_indices=true&ignore_throttled=true&search_type=query_then_fetch&batched_reduce_size=512&ccs_minimize_roundtrips=true] returned 2 warnings: [299 Elasticsearch-7.16.1-5b38441b16b1ebb16a27c107a4c3865776e20c53 "Elasticsearch built-in security features are not enabled. Without authentication, your cluster could be accessible to anyone. See https://www.elastic.co/guide/en/elasticsearch/reference/7.16/security-minimal-setup.html to enable security."],[299 Elasticsearch-7.16.1-5b38441b16b1ebb16a27c107a4c3865776e20c53 "[ignore_throttled] parameter is deprecated because frozen indices have been deprecated. Consider cold or frozen tiers in place of frozen indices."]
2023-08-04 12:56:03,116 INFO  [com.dot.ContainerResource] (docker-java-stream-824381349) STDOUT: 12:56:03.115  WARN  client.RestClient - request [POST http://elasticsearch:9200/cluster_51b0cac1ff.live_20230804125536/_search?typed_keys=true&max_concurrent_shard_requests=5&ignore_unavailable=false&expand_wildcards=open&allow_no_indices=true&ignore_throttled=true&search_type=query_then_fetch&batched_reduce_size=512&ccs_minimize_roundtrips=true] returned 2 warnings: [299 Elasticsearch-7.16.1-5b38441b16b1ebb16a27c107a4c3865776e20c53 "Elasticsearch built-in security features are not enabled. Without authentication, your cluster could be accessible to anyone. See https://www.elastic.co/guide/en/elasticsearch/reference/7.16/security-minimal-setup.html to enable security."],[299 Elasticsearch-7.16.1-5b38441b16b1ebb16a27c107a4c3865776e20c53 "[ignore_throttled] parameter is deprecated because frozen indices have been deprecated. Consider cold or frozen tiers in place of frozen indices."]
2023-08-04 12:56:03,120 INFO  [com.dot.ContainerResource] (docker-java-stream-824381349) STDOUT: 12:56:03.120  WARN  client.RestClient - request [POST http://elasticsearch:9200/cluster_51b0cac1ff.live_20230804125536/_search?typed_keys=true&max_concurrent_shard_requests=5&ignore_unavailable=false&expand_wildcards=open&allow_no_indices=true&ignore_throttled=true&search_type=query_then_fetch&batched_reduce_size=512&ccs_minimize_roundtrips=true] returned 2 warnings: [299 Elasticsearch-7.16.1-5b38441b16b1ebb16a27c107a4c3865776e20c53 "Elasticsearch built-in security features are not enabled. Without authentication, your cluster could be accessible to anyone. See https://www.elastic.co/guide/en/elasticsearch/reference/7.16/security-minimal-setup.html to enable security."],[299 Elasticsearch-7.16.1-5b38441b16b1ebb16a27c107a4c3865776e20c53 "[ignore_throttled] parameter is deprecated because frozen indices have been deprecated. Consider cold or frozen tiers in place of frozen indices."]
2023-08-04 12:56:03,126 INFO  [com.dot.ContainerResource] (docker-java-stream-824381349) STDOUT: 12:56:03.126  WARN  client.RestClient - request [POST http://elasticsearch:9200/cluster_51b0cac1ff.live_20230804125536/_search?typed_keys=true&max_concurrent_shard_requests=5&ignore_unavailable=false&expand_wildcards=open&allow_no_indices=true&ignore_throttled=true&search_type=query_then_fetch&batched_reduce_size=512&ccs_minimize_roundtrips=true] returned 2 warnings: [299 Elasticsearch-7.16.1-5b38441b16b1ebb16a27c107a4c3865776e20c53 "Elasticsearch built-in security features are not enabled. Without authentication, your cluster could be accessible to anyone. See https://www.elastic.co/guide/en/elasticsearch/reference/7.16/security-minimal-setup.html to enable security."],[299 Elasticsearch-7.16.1-5b38441b16b1ebb16a27c107a4c3865776e20c53 "[ignore_throttled] parameter is deprecated because frozen indices have been deprecated. Consider cold or frozen tiers in place of frozen indices."]
2023-08-04 12:56:03,132 INFO  [com.dot.ContainerResource] (docker-java-stream-824381349) STDOUT: 12:56:03.132  WARN  client.RestClient - request [POST http://elasticsearch:9200/cluster_51b0cac1ff.live_20230804125536/_search?typed_keys=true&max_concurrent_shard_requests=5&ignore_unavailable=false&expand_wildcards=open&allow_no_indices=true&ignore_throttled=true&search_type=query_then_fetch&batched_reduce_size=512&ccs_minimize_roundtrips=true] returned 2 warnings: [299 Elasticsearch-7.16.1-5b38441b16b1ebb16a27c107a4c3865776e20c53 "Elasticsearch built-in security features are not enabled. Without authentication, your cluster could be accessible to anyone. See https://www.elastic.co/guide/en/elasticsearch/reference/7.16/security-minimal-setup.html to enable security."],[299 Elasticsearch-7.16.1-5b38441b16b1ebb16a27c107a4c3865776e20c53 "[ignore_throttled] parameter is deprecated because frozen indices have been deprecated. Consider cold or frozen tiers in place of frozen indices."]
2023-08-04 12:56:03,137 INFO  [com.dot.ContainerResource] (docker-java-stream-824381349) STDOUT: 12:56:03.137  WARN  client.RestClient - request [POST http://elasticsearch:9200/cluster_51b0cac1ff.live_20230804125536/_search?typed_keys=true&max_concurrent_shard_requests=5&ignore_unavailable=false&expand_wildcards=open&allow_no_indices=true&ignore_throttled=true&search_type=query_then_fetch&batched_reduce_size=512&ccs_minimize_roundtrips=true] returned 2 warnings: [299 Elasticsearch-7.16.1-5b38441b16b1ebb16a27c107a4c3865776e20c53 "Elasticsearch built-in security features are not enabled. Without authentication, your cluster could be accessible to anyone. See https://www.elastic.co/guide/en/elasticsearch/reference/7.16/security-minimal-setup.html to enable security."],[299 Elasticsearch-7.16.1-5b38441b16b1ebb16a27c107a4c3865776e20c53 "[ignore_throttled] parameter is deprecated because frozen indices have been deprecated. Consider cold or frozen tiers in place of frozen indices."]
2023-08-04 12:56:03,141 INFO  [com.dot.ContainerResource] (docker-java-stream-824381349) STDOUT: 12:56:03.141  WARN  client.RestClient - request [POST http://elasticsearch:9200/cluster_51b0cac1ff.live_20230804125536/_search?typed_keys=true&max_concurrent_shard_requests=5&ignore_unavailable=false&expand_wildcards=open&allow_no_indices=true&ignore_throttled=true&search_type=query_then_fetch&batched_reduce_size=512&ccs_minimize_roundtrips=true] returned 2 warnings: [299 Elasticsearch-7.16.1-5b38441b16b1ebb16a27c107a4c3865776e20c53 "Elasticsearch built-in security features are not enabled. Without authentication, your cluster could be accessible to anyone. See https://www.elastic.co/guide/en/elasticsearch/reference/7.16/security-minimal-setup.html to enable security."],[299 Elasticsearch-7.16.1-5b38441b16b1ebb16a27c107a4c3865776e20c53 "[ignore_throttled] parameter is deprecated because frozen indices have been deprecated. Consider cold or frozen tiers in place of frozen indices."]
2023-08-04 12:56:03,146 INFO  [com.dot.ContainerResource] (docker-java-stream-824381349) STDOUT: 12:56:03.145  WARN  client.RestClient - request [POST http://elasticsearch:9200/cluster_51b0cac1ff.live_20230804125536/_search?typed_keys=true&max_concurrent_shard_requests=5&ignore_unavailable=false&expand_wildcards=open&allow_no_indices=true&ignore_throttled=true&search_type=query_then_fetch&batched_reduce_size=512&ccs_minimize_roundtrips=true] returned 2 warnings: [299 Elasticsearch-7.16.1-5b38441b16b1ebb16a27c107a4c3865776e20c53 "Elasticsearch built-in security features are not enabled. Without authentication, your cluster could be accessible to anyone. See https://www.elastic.co/guide/en/elasticsearch/reference/7.16/security-minimal-setup.html to enable security."],[299 Elasticsearch-7.16.1-5b38441b16b1ebb16a27c107a4c3865776e20c53 "[ignore_throttled] parameter is deprecated because frozen indices have been deprecated. Consider cold or frozen tiers in place of frozen indices."]
2023-08-04 12:56:03,151 INFO  [com.dot.ContainerResource] (docker-java-stream-824381349) STDOUT: 12:56:03.150  WARN  client.RestClient - request [POST http://elasticsearch:9200/cluster_51b0cac1ff.live_20230804125536/_search?typed_keys=true&max_concurrent_shard_requests=5&ignore_unavailable=false&expand_wildcards=open&allow_no_indices=true&ignore_throttled=true&search_type=query_then_fetch&batched_reduce_size=512&ccs_minimize_roundtrips=true] returned 2 warnings: [299 Elasticsearch-7.16.1-5b38441b16b1ebb16a27c107a4c3865776e20c53 "Elasticsearch built-in security features are not enabled. Without authentication, your cluster could be accessible to anyone. See https://www.elastic.co/guide/en/elasticsearch/reference/7.16/security-minimal-setup.html to enable security."],[299 Elasticsearch-7.16.1-5b38441b16b1ebb16a27c107a4c3865776e20c53 "[ignore_throttled] parameter is deprecated because frozen indices have been deprecated. Consider cold or frozen tiers in place of frozen indices."]
2023-08-04 12:56:03,156 INFO  [com.dot.ContainerResource] (docker-java-stream-824381349) STDOUT: 12:56:03.155  WARN  client.RestClient - request [POST http://elasticsearch:9200/cluster_51b0cac1ff.live_20230804125536/_search?typed_keys=true&max_concurrent_shard_requests=5&ignore_unavailable=false&expand_wildcards=open&allow_no_indices=true&ignore_throttled=true&search_type=query_then_fetch&batched_reduce_size=512&ccs_minimize_roundtrips=true] returned 2 warnings: [299 Elasticsearch-7.16.1-5b38441b16b1ebb16a27c107a4c3865776e20c53 "Elasticsearch built-in security features are not enabled. Without authentication, your cluster could be accessible to anyone. See https://www.elastic.co/guide/en/elasticsearch/reference/7.16/security-minimal-setup.html to enable security."],[299 Elasticsearch-7.16.1-5b38441b16b1ebb16a27c107a4c3865776e20c53 "[ignore_throttled] parameter is deprecated because frozen indices have been deprecated. Consider cold or frozen tiers in place of frozen indices."]
2023-08-04 12:56:03,160 INFO  [com.dot.ContainerResource] (docker-java-stream-824381349) STDOUT: 12:56:03.160  WARN  client.RestClient - request [POST http://elasticsearch:9200/cluster_51b0cac1ff.live_20230804125536/_search?typed_keys=true&max_concurrent_shard_requests=5&ignore_unavailable=false&expand_wildcards=open&allow_no_indices=true&ignore_throttled=true&search_type=query_then_fetch&batched_reduce_size=512&ccs_minimize_roundtrips=true] returned 2 warnings: [299 Elasticsearch-7.16.1-5b38441b16b1ebb16a27c107a4c3865776e20c53 "Elasticsearch built-in security features are not enabled. Without authentication, your cluster could be accessible to anyone. See https://www.elastic.co/guide/en/elasticsearch/reference/7.16/security-minimal-setup.html to enable security."],[299 Elasticsearch-7.16.1-5b38441b16b1ebb16a27c107a4c3865776e20c53 "[ignore_throttled] parameter is deprecated because frozen indices have been deprecated. Consider cold or frozen tiers in place of frozen indices."]
2023-08-04 12:56:03,167 INFO  [com.dot.ContainerResource] (docker-java-stream-824381349) STDOUT: 12:56:03.165  WARN  client.RestClient - request [POST http://elasticsearch:9200/cluster_51b0cac1ff.live_20230804125536/_search?typed_keys=true&max_concurrent_shard_requests=5&ignore_unavailable=false&expand_wildcards=open&allow_no_indices=true&ignore_throttled=true&search_type=query_then_fetch&batched_reduce_size=512&ccs_minimize_roundtrips=true] returned 2 warnings: [299 Elasticsearch-7.16.1-5b38441b16b1ebb16a27c107a4c3865776e20c53 "Elasticsearch built-in security features are not enabled. Without authentication, your cluster could be accessible to anyone. See https://www.elastic.co/guide/en/elasticsearch/reference/7.16/security-minimal-setup.html to enable security."],[299 Elasticsearch-7.16.1-5b38441b16b1ebb16a27c107a4c3865776e20c53 "[ignore_throttled] parameter is deprecated because frozen indices have been deprecated. Consider cold or frozen tiers in place of frozen indices."]
2023-08-04 12:56:03,173 INFO  [com.dot.ContainerResource] (docker-java-stream-824381349) STDOUT: 12:56:03.172  WARN  client.RestClient - request [POST http://elasticsearch:9200/cluster_51b0cac1ff.live_20230804125536/_search?typed_keys=true&max_concurrent_shard_requests=5&ignore_unavailable=false&expand_wildcards=open&allow_no_indices=true&ignore_throttled=true&search_type=query_then_fetch&batched_reduce_size=512&ccs_minimize_roundtrips=true] returned 2 warnings: [299 Elasticsearch-7.16.1-5b38441b16b1ebb16a27c107a4c3865776e20c53 "Elasticsearch built-in security features are not enabled. Without authentication, your cluster could be accessible to anyone. See https://www.elastic.co/guide/en/elasticsearch/reference/7.16/security-minimal-setup.html to enable security."],[299 Elasticsearch-7.16.1-5b38441b16b1ebb16a27c107a4c3865776e20c53 "[ignore_throttled] parameter is deprecated because frozen indices have been deprecated. Consider cold or frozen tiers in place of frozen indices."]
2023-08-04 12:56:03,177 INFO  [com.dot.ContainerResource] (docker-java-stream-824381349) STDOUT: 12:56:03.177  WARN  client.RestClient - request [POST http://elasticsearch:9200/cluster_51b0cac1ff.live_20230804125536/_search?typed_keys=true&max_concurrent_shard_requests=5&ignore_unavailable=false&expand_wildcards=open&allow_no_indices=true&ignore_throttled=true&search_type=query_then_fetch&batched_reduce_size=512&ccs_minimize_roundtrips=true] returned 2 warnings: [299 Elasticsearch-7.16.1-5b38441b16b1ebb16a27c107a4c3865776e20c53 "Elasticsearch built-in security features are not enabled. Without authentication, your cluster could be accessible to anyone. See https://www.elastic.co/guide/en/elasticsearch/reference/7.16/security-minimal-setup.html to enable security."],[299 Elasticsearch-7.16.1-5b38441b16b1ebb16a27c107a4c3865776e20c53 "[ignore_throttled] parameter is deprecated because frozen indices have been deprecated. Consider cold or frozen tiers in place of frozen indices."]
2023-08-04 12:56:03,184 INFO  [com.dot.ContainerResource] (docker-java-stream-824381349) STDOUT: 12:56:03.184  WARN  client.RestClient - request [POST http://elasticsearch:9200/cluster_51b0cac1ff.live_20230804125536/_search?typed_keys=true&max_concurrent_shard_requests=5&ignore_unavailable=false&expand_wildcards=open&allow_no_indices=true&ignore_throttled=true&search_type=query_then_fetch&batched_reduce_size=512&ccs_minimize_roundtrips=true] returned 2 warnings: [299 Elasticsearch-7.16.1-5b38441b16b1ebb16a27c107a4c3865776e20c53 "Elasticsearch built-in security features are not enabled. Without authentication, your cluster could be accessible to anyone. See https://www.elastic.co/guide/en/elasticsearch/reference/7.16/security-minimal-setup.html to enable security."],[299 Elasticsearch-7.16.1-5b38441b16b1ebb16a27c107a4c3865776e20c53 "[ignore_throttled] parameter is deprecated because frozen indices have been deprecated. Consider cold or frozen tiers in place of frozen indices."]
2023-08-04 12:56:03,188 INFO  [com.dot.ContainerResource] (docker-java-stream-824381349) STDOUT: 12:56:03.187  WARN  client.RestClient - request [POST http://elasticsearch:9200/cluster_51b0cac1ff.live_20230804125536/_search?typed_keys=true&max_concurrent_shard_requests=5&ignore_unavailable=false&expand_wildcards=open&allow_no_indices=true&ignore_throttled=true&search_type=query_then_fetch&batched_reduce_size=512&ccs_minimize_roundtrips=true] returned 2 warnings: [299 Elasticsearch-7.16.1-5b38441b16b1ebb16a27c107a4c3865776e20c53 "Elasticsearch built-in security features are not enabled. Without authentication, your cluster could be accessible to anyone. See https://www.elastic.co/guide/en/elasticsearch/reference/7.16/security-minimal-setup.html to enable security."],[299 Elasticsearch-7.16.1-5b38441b16b1ebb16a27c107a4c3865776e20c53 "[ignore_throttled] parameter is deprecated because frozen indices have been deprecated. Consider cold or frozen tiers in place of frozen indices."]
2023-08-04 12:56:03,192 INFO  [com.dot.ContainerResource] (docker-java-stream-824381349) STDOUT: 12:56:03.192  WARN  client.RestClient - request [POST http://elasticsearch:9200/cluster_51b0cac1ff.live_20230804125536/_search?typed_keys=true&max_concurrent_shard_requests=5&ignore_unavailable=false&expand_wildcards=open&allow_no_indices=true&ignore_throttled=true&search_type=query_then_fetch&batched_reduce_size=512&ccs_minimize_roundtrips=true] returned 2 warnings: [299 Elasticsearch-7.16.1-5b38441b16b1ebb16a27c107a4c3865776e20c53 "Elasticsearch built-in security features are not enabled. Without authentication, your cluster could be accessible to anyone. See https://www.elastic.co/guide/en/elasticsearch/reference/7.16/security-minimal-setup.html to enable security."],[299 Elasticsearch-7.16.1-5b38441b16b1ebb16a27c107a4c3865776e20c53 "[ignore_throttled] parameter is deprecated because frozen indices have been deprecated. Consider cold or frozen tiers in place of frozen indices."]
2023-08-04 12:56:03,205 INFO  [com.dot.ContainerResource] (docker-java-stream-824381349) STDOUT: 12:56:03.204  WARN  client.RestClient - request [POST http://elasticsearch:9200/cluster_51b0cac1ff.live_20230804125536/_search?typed_keys=true&max_concurrent_shard_requests=5&ignore_unavailable=false&expand_wildcards=open&allow_no_indices=true&ignore_throttled=true&search_type=query_then_fetch&batched_reduce_size=512&ccs_minimize_roundtrips=true] returned 2 warnings: [299 Elasticsearch-7.16.1-5b38441b16b1ebb16a27c107a4c3865776e20c53 "Elasticsearch built-in security features are not enabled. Without authentication, your cluster could be accessible to anyone. See https://www.elastic.co/guide/en/elasticsearch/reference/7.16/security-minimal-setup.html to enable security."],[299 Elasticsearch-7.16.1-5b38441b16b1ebb16a27c107a4c3865776e20c53 "[ignore_throttled] parameter is deprecated because frozen indices have been deprecated. Consider cold or frozen tiers in place of frozen indices."]
2023-08-04 12:56:03,220 INFO  [com.dot.ContainerResource] (docker-java-stream-824381349) STDOUT: 12:56:03.217  WARN  client.RestClient - request [POST http://elasticsearch:9200/cluster_51b0cac1ff.live_20230804125536/_search?typed_keys=true&max_concurrent_shard_requests=5&ignore_unavailable=false&expand_wildcards=open&allow_no_indices=true&ignore_throttled=true&search_type=query_then_fetch&batched_reduce_size=512&ccs_minimize_roundtrips=true] returned 2 warnings: [299 Elasticsearch-7.16.1-5b38441b16b1ebb16a27c107a4c3865776e20c53 "Elasticsearch built-in security features are not enabled. Without authentication, your cluster could be accessible to anyone. See https://www.elastic.co/guide/en/elasticsearch/reference/7.16/security-minimal-setup.html to enable security."],[299 Elasticsearch-7.16.1-5b38441b16b1ebb16a27c107a4c3865776e20c53 "[ignore_throttled] parameter is deprecated because frozen indices have been deprecated. Consider cold or frozen tiers in place of frozen indices."]
2023-08-04 12:56:03,234 INFO  [com.dot.ContainerResource] (docker-java-stream-824381349) STDOUT: 12:56:03.233  WARN  client.RestClient - request [POST http://elasticsearch:9200/cluster_51b0cac1ff.live_20230804125536/_search?typed_keys=true&max_concurrent_shard_requests=5&ignore_unavailable=false&expand_wildcards=open&allow_no_indices=true&ignore_throttled=true&search_type=query_then_fetch&batched_reduce_size=512&ccs_minimize_roundtrips=true] returned 2 warnings: [299 Elasticsearch-7.16.1-5b38441b16b1ebb16a27c107a4c3865776e20c53 "Elasticsearch built-in security features are not enabled. Without authentication, your cluster could be accessible to anyone. See https://www.elastic.co/guide/en/elasticsearch/reference/7.16/security-minimal-setup.html to enable security."],[299 Elasticsearch-7.16.1-5b38441b16b1ebb16a27c107a4c3865776e20c53 "[ignore_throttled] parameter is deprecated because frozen indices have been deprecated. Consider cold or frozen tiers in place of frozen indices."]
2023-08-04 12:56:03,245 INFO  [com.dot.ContainerResource] (docker-java-stream-824381349) STDOUT: 12:56:03.245  WARN  client.RestClient - request [POST http://elasticsearch:9200/cluster_51b0cac1ff.live_20230804125536/_search?typed_keys=true&max_concurrent_shard_requests=5&ignore_unavailable=false&expand_wildcards=open&allow_no_indices=true&ignore_throttled=true&search_type=query_then_fetch&batched_reduce_size=512&ccs_minimize_roundtrips=true] returned 2 warnings: [299 Elasticsearch-7.16.1-5b38441b16b1ebb16a27c107a4c3865776e20c53 "Elasticsearch built-in security features are not enabled. Without authentication, your cluster could be accessible to anyone. See https://www.elastic.co/guide/en/elasticsearch/reference/7.16/security-minimal-setup.html to enable security."],[299 Elasticsearch-7.16.1-5b38441b16b1ebb16a27c107a4c3865776e20c53 "[ignore_throttled] parameter is deprecated because frozen indices have been deprecated. Consider cold or frozen tiers in place of frozen indices."]
2023-08-04 12:56:03,250 INFO  [com.dot.ContainerResource] (docker-java-stream-824381349) STDOUT: 12:56:03.249  WARN  client.RestClient - request [POST http://elasticsearch:9200/cluster_51b0cac1ff.live_20230804125536/_search?typed_keys=true&max_concurrent_shard_requests=5&ignore_unavailable=false&expand_wildcards=open&allow_no_indices=true&ignore_throttled=true&search_type=query_then_fetch&batched_reduce_size=512&ccs_minimize_roundtrips=true] returned 2 warnings: [299 Elasticsearch-7.16.1-5b38441b16b1ebb16a27c107a4c3865776e20c53 "Elasticsearch built-in security features are not enabled. Without authentication, your cluster could be accessible to anyone. See https://www.elastic.co/guide/en/elasticsearch/reference/7.16/security-minimal-setup.html to enable security."],[299 Elasticsearch-7.16.1-5b38441b16b1ebb16a27c107a4c3865776e20c53 "[ignore_throttled] parameter is deprecated because frozen indices have been deprecated. Consider cold or frozen tiers in place of frozen indices."]
2023-08-04 12:56:03,254 INFO  [com.dot.ContainerResource] (docker-java-stream-824381349) STDOUT: 12:56:03.253  WARN  client.RestClient - request [POST http://elasticsearch:9200/cluster_51b0cac1ff.live_20230804125536/_search?typed_keys=true&max_concurrent_shard_requests=5&ignore_unavailable=false&expand_wildcards=open&allow_no_indices=true&ignore_throttled=true&search_type=query_then_fetch&batched_reduce_size=512&ccs_minimize_roundtrips=true] returned 2 warnings: [299 Elasticsearch-7.16.1-5b38441b16b1ebb16a27c107a4c3865776e20c53 "Elasticsearch built-in security features are not enabled. Without authentication, your cluster could be accessible to anyone. See https://www.elastic.co/guide/en/elasticsearch/reference/7.16/security-minimal-setup.html to enable security."],[299 Elasticsearch-7.16.1-5b38441b16b1ebb16a27c107a4c3865776e20c53 "[ignore_throttled] parameter is deprecated because frozen indices have been deprecated. Consider cold or frozen tiers in place of frozen indices."]
2023-08-04 12:56:03,270 INFO  [com.dot.ContainerResource] (docker-java-stream-824381349) STDOUT: 12:56:03.259  WARN  client.RestClient - request [POST http://elasticsearch:9200/cluster_51b0cac1ff.live_20230804125536/_search?typed_keys=true&max_concurrent_shard_requests=5&ignore_unavailable=false&expand_wildcards=open&allow_no_indices=true&ignore_throttled=true&search_type=query_then_fetch&batched_reduce_size=512&ccs_minimize_roundtrips=true] returned 2 warnings: [299 Elasticsearch-7.16.1-5b38441b16b1ebb16a27c107a4c3865776e20c53 "Elasticsearch built-in security features are not enabled. Without authentication, your cluster could be accessible to anyone. See https://www.elastic.co/guide/en/elasticsearch/reference/7.16/security-minimal-setup.html to enable security."],[299 Elasticsearch-7.16.1-5b38441b16b1ebb16a27c107a4c3865776e20c53 "[ignore_throttled] parameter is deprecated because frozen indices have been deprecated. Consider cold or frozen tiers in place of frozen indices."]
2023-08-04 12:56:03,272 INFO  [com.dot.ContainerResource] (docker-java-stream-824381349) STDOUT: 12:56:03.268  WARN  client.RestClient - request [POST http://elasticsearch:9200/cluster_51b0cac1ff.live_20230804125536/_search?typed_keys=true&max_concurrent_shard_requests=5&ignore_unavailable=false&expand_wildcards=open&allow_no_indices=true&ignore_throttled=true&search_type=query_then_fetch&batched_reduce_size=512&ccs_minimize_roundtrips=true] returned 2 warnings: [299 Elasticsearch-7.16.1-5b38441b16b1ebb16a27c107a4c3865776e20c53 "Elasticsearch built-in security features are not enabled. Without authentication, your cluster could be accessible to anyone. See https://www.elastic.co/guide/en/elasticsearch/reference/7.16/security-minimal-setup.html to enable security."],[299 Elasticsearch-7.16.1-5b38441b16b1ebb16a27c107a4c3865776e20c53 "[ignore_throttled] parameter is deprecated because frozen indices have been deprecated. Consider cold or frozen tiers in place of frozen indices."]
2023-08-04 12:56:03,285 INFO  [com.dot.ContainerResource] (docker-java-stream-824381349) STDOUT: 12:56:03.284  WARN  client.RestClient - request [POST http://elasticsearch:9200/cluster_51b0cac1ff.live_20230804125536/_search?typed_keys=true&max_concurrent_shard_requests=5&ignore_unavailable=false&expand_wildcards=open&allow_no_indices=true&ignore_throttled=true&search_type=query_then_fetch&batched_reduce_size=512&ccs_minimize_roundtrips=true] returned 2 warnings: [299 Elasticsearch-7.16.1-5b38441b16b1ebb16a27c107a4c3865776e20c53 "Elasticsearch built-in security features are not enabled. Without authentication, your cluster could be accessible to anyone. See https://www.elastic.co/guide/en/elasticsearch/reference/7.16/security-minimal-setup.html to enable security."],[299 Elasticsearch-7.16.1-5b38441b16b1ebb16a27c107a4c3865776e20c53 "[ignore_throttled] parameter is deprecated because frozen indices have been deprecated. Consider cold or frozen tiers in place of frozen indices."]
2023-08-04 12:56:03,289 INFO  [com.dot.ContainerResource] (docker-java-stream-824381349) STDOUT: 12:56:03.289  WARN  client.RestClient - request [POST http://elasticsearch:9200/cluster_51b0cac1ff.live_20230804125536/_search?typed_keys=true&max_concurrent_shard_requests=5&ignore_unavailable=false&expand_wildcards=open&allow_no_indices=true&ignore_throttled=true&search_type=query_then_fetch&batched_reduce_size=512&ccs_minimize_roundtrips=true] returned 2 warnings: [299 Elasticsearch-7.16.1-5b38441b16b1ebb16a27c107a4c3865776e20c53 "Elasticsearch built-in security features are not enabled. Without authentication, your cluster could be accessible to anyone. See https://www.elastic.co/guide/en/elasticsearch/reference/7.16/security-minimal-setup.html to enable security."],[299 Elasticsearch-7.16.1-5b38441b16b1ebb16a27c107a4c3865776e20c53 "[ignore_throttled] parameter is deprecated because frozen indices have been deprecated. Consider cold or frozen tiers in place of frozen indices."]
2023-08-04 12:56:03,296 INFO  [com.dot.ContainerResource] (docker-java-stream-824381349) STDOUT: 12:56:03.295  WARN  client.RestClient - request [POST http://elasticsearch:9200/cluster_51b0cac1ff.live_20230804125536/_search?typed_keys=true&max_concurrent_shard_requests=5&ignore_unavailable=false&expand_wildcards=open&allow_no_indices=true&ignore_throttled=true&search_type=query_then_fetch&batched_reduce_size=512&ccs_minimize_roundtrips=true] returned 2 warnings: [299 Elasticsearch-7.16.1-5b38441b16b1ebb16a27c107a4c3865776e20c53 "Elasticsearch built-in security features are not enabled. Without authentication, your cluster could be accessible to anyone. See https://www.elastic.co/guide/en/elasticsearch/reference/7.16/security-minimal-setup.html to enable security."],[299 Elasticsearch-7.16.1-5b38441b16b1ebb16a27c107a4c3865776e20c53 "[ignore_throttled] parameter is deprecated because frozen indices have been deprecated. Consider cold or frozen tiers in place of frozen indices."]
2023-08-04 12:56:03,300 INFO  [com.dot.ContainerResource] (docker-java-stream-824381349) STDOUT: 12:56:03.299  WARN  client.RestClient - request [POST http://elasticsearch:9200/cluster_51b0cac1ff.live_20230804125536/_search?typed_keys=true&max_concurrent_shard_requests=5&ignore_unavailable=false&expand_wildcards=open&allow_no_indices=true&ignore_throttled=true&search_type=query_then_fetch&batched_reduce_size=512&ccs_minimize_roundtrips=true] returned 2 warnings: [299 Elasticsearch-7.16.1-5b38441b16b1ebb16a27c107a4c3865776e20c53 "Elasticsearch built-in security features are not enabled. Without authentication, your cluster could be accessible to anyone. See https://www.elastic.co/guide/en/elasticsearch/reference/7.16/security-minimal-setup.html to enable security."],[299 Elasticsearch-7.16.1-5b38441b16b1ebb16a27c107a4c3865776e20c53 "[ignore_throttled] parameter is deprecated because frozen indices have been deprecated. Consider cold or frozen tiers in place of frozen indices."]
2023-08-04 12:56:03,306 INFO  [com.dot.ContainerResource] (docker-java-stream-824381349) STDOUT: 12:56:03.305  WARN  client.RestClient - request [POST http://elasticsearch:9200/cluster_51b0cac1ff.live_20230804125536/_search?typed_keys=true&max_concurrent_shard_requests=5&ignore_unavailable=false&expand_wildcards=open&allow_no_indices=true&ignore_throttled=true&search_type=query_then_fetch&batched_reduce_size=512&ccs_minimize_roundtrips=true] returned 2 warnings: [299 Elasticsearch-7.16.1-5b38441b16b1ebb16a27c107a4c3865776e20c53 "Elasticsearch built-in security features are not enabled. Without authentication, your cluster could be accessible to anyone. See https://www.elastic.co/guide/en/elasticsearch/reference/7.16/security-minimal-setup.html to enable security."],[299 Elasticsearch-7.16.1-5b38441b16b1ebb16a27c107a4c3865776e20c53 "[ignore_throttled] parameter is deprecated because frozen indices have been deprecated. Consider cold or frozen tiers in place of frozen indices."]
2023-08-04 12:56:03,309 INFO  [com.dot.ContainerResource] (docker-java-stream-824381349) STDOUT: 12:56:03.309  WARN  client.RestClient - request [POST http://elasticsearch:9200/cluster_51b0cac1ff.live_20230804125536/_search?typed_keys=true&max_concurrent_shard_requests=5&ignore_unavailable=false&expand_wildcards=open&allow_no_indices=true&ignore_throttled=true&search_type=query_then_fetch&batched_reduce_size=512&ccs_minimize_roundtrips=true] returned 2 warnings: [299 Elasticsearch-7.16.1-5b38441b16b1ebb16a27c107a4c3865776e20c53 "Elasticsearch built-in security features are not enabled. Without authentication, your cluster could be accessible to anyone. See https://www.elastic.co/guide/en/elasticsearch/reference/7.16/security-minimal-setup.html to enable security."],[299 Elasticsearch-7.16.1-5b38441b16b1ebb16a27c107a4c3865776e20c53 "[ignore_throttled] parameter is deprecated because frozen indices have been deprecated. Consider cold or frozen tiers in place of frozen indices."]
2023-08-04 12:56:03,314 INFO  [com.dot.ContainerResource] (docker-java-stream-824381349) STDOUT: 12:56:03.314  WARN  client.RestClient - request [POST http://elasticsearch:9200/cluster_51b0cac1ff.live_20230804125536/_search?typed_keys=true&max_concurrent_shard_requests=5&ignore_unavailable=false&expand_wildcards=open&allow_no_indices=true&ignore_throttled=true&search_type=query_then_fetch&batched_reduce_size=512&ccs_minimize_roundtrips=true] returned 2 warnings: [299 Elasticsearch-7.16.1-5b38441b16b1ebb16a27c107a4c3865776e20c53 "Elasticsearch built-in security features are not enabled. Without authentication, your cluster could be accessible to anyone. See https://www.elastic.co/guide/en/elasticsearch/reference/7.16/security-minimal-setup.html to enable security."],[299 Elasticsearch-7.16.1-5b38441b16b1ebb16a27c107a4c3865776e20c53 "[ignore_throttled] parameter is deprecated because frozen indices have been deprecated. Consider cold or frozen tiers in place of frozen indices."]
2023-08-04 12:56:03,317 INFO  [com.dot.ContainerResource] (docker-java-stream-824381349) STDOUT: 12:56:03.317  WARN  client.RestClient - request [POST http://elasticsearch:9200/cluster_51b0cac1ff.live_20230804125536/_search?typed_keys=true&max_concurrent_shard_requests=5&ignore_unavailable=false&expand_wildcards=open&allow_no_indices=true&ignore_throttled=true&search_type=query_then_fetch&batched_reduce_size=512&ccs_minimize_roundtrips=true] returned 2 warnings: [299 Elasticsearch-7.16.1-5b38441b16b1ebb16a27c107a4c3865776e20c53 "Elasticsearch built-in security features are not enabled. Without authentication, your cluster could be accessible to anyone. See https://www.elastic.co/guide/en/elasticsearch/reference/7.16/security-minimal-setup.html to enable security."],[299 Elasticsearch-7.16.1-5b38441b16b1ebb16a27c107a4c3865776e20c53 "[ignore_throttled] parameter is deprecated because frozen indices have been deprecated. Consider cold or frozen tiers in place of frozen indices."]
2023-08-04 12:56:03,324 INFO  [com.dot.ContainerResource] (docker-java-stream-824381349) STDOUT: 12:56:03.324  WARN  client.RestClient - request [POST http://elasticsearch:9200/cluster_51b0cac1ff.live_20230804125536/_search?typed_keys=true&max_concurrent_shard_requests=5&ignore_unavailable=false&expand_wildcards=open&allow_no_indices=true&ignore_throttled=true&search_type=query_then_fetch&batched_reduce_size=512&ccs_minimize_roundtrips=true] returned 2 warnings: [299 Elasticsearch-7.16.1-5b38441b16b1ebb16a27c107a4c3865776e20c53 "Elasticsearch built-in security features are not enabled. Without authentication, your cluster could be accessible to anyone. See https://www.elastic.co/guide/en/elasticsearch/reference/7.16/security-minimal-setup.html to enable security."],[299 Elasticsearch-7.16.1-5b38441b16b1ebb16a27c107a4c3865776e20c53 "[ignore_throttled] parameter is deprecated because frozen indices have been deprecated. Consider cold or frozen tiers in place of frozen indices."]
2023-08-04 12:56:03,327 INFO  [com.dot.ContainerResource] (docker-java-stream-824381349) STDOUT: 12:56:03.327  WARN  client.RestClient - request [POST http://elasticsearch:9200/cluster_51b0cac1ff.live_20230804125536/_search?typed_keys=true&max_concurrent_shard_requests=5&ignore_unavailable=false&expand_wildcards=open&allow_no_indices=true&ignore_throttled=true&search_type=query_then_fetch&batched_reduce_size=512&ccs_minimize_roundtrips=true] returned 2 warnings: [299 Elasticsearch-7.16.1-5b38441b16b1ebb16a27c107a4c3865776e20c53 "Elasticsearch built-in security features are not enabled. Without authentication, your cluster could be accessible to anyone. See https://www.elastic.co/guide/en/elasticsearch/reference/7.16/security-minimal-setup.html to enable security."],[299 Elasticsearch-7.16.1-5b38441b16b1ebb16a27c107a4c3865776e20c53 "[ignore_throttled] parameter is deprecated because frozen indices have been deprecated. Consider cold or frozen tiers in place of frozen indices."]
2023-08-04 12:56:03,337 INFO  [com.dot.ContainerResource] (docker-java-stream-824381349) STDOUT: 12:56:03.336  WARN  client.RestClient - request [POST http://elasticsearch:9200/cluster_51b0cac1ff.live_20230804125536/_search?typed_keys=true&max_concurrent_shard_requests=5&ignore_unavailable=false&expand_wildcards=open&allow_no_indices=true&ignore_throttled=true&search_type=query_then_fetch&batched_reduce_size=512&ccs_minimize_roundtrips=true] returned 2 warnings: [299 Elasticsearch-7.16.1-5b38441b16b1ebb16a27c107a4c3865776e20c53 "Elasticsearch built-in security features are not enabled. Without authentication, your cluster could be accessible to anyone. See https://www.elastic.co/guide/en/elasticsearch/reference/7.16/security-minimal-setup.html to enable security."],[299 Elasticsearch-7.16.1-5b38441b16b1ebb16a27c107a4c3865776e20c53 "[ignore_throttled] parameter is deprecated because frozen indices have been deprecated. Consider cold or frozen tiers in place of frozen indices."]
2023-08-04 12:56:03,341 INFO  [com.dot.ContainerResource] (docker-java-stream-824381349) STDOUT: 12:56:03.341  WARN  client.RestClient - request [POST http://elasticsearch:9200/cluster_51b0cac1ff.live_20230804125536/_search?typed_keys=true&max_concurrent_shard_requests=5&ignore_unavailable=false&expand_wildcards=open&allow_no_indices=true&ignore_throttled=true&search_type=query_then_fetch&batched_reduce_size=512&ccs_minimize_roundtrips=true] returned 2 warnings: [299 Elasticsearch-7.16.1-5b38441b16b1ebb16a27c107a4c3865776e20c53 "Elasticsearch built-in security features are not enabled. Without authentication, your cluster could be accessible to anyone. See https://www.elastic.co/guide/en/elasticsearch/reference/7.16/security-minimal-setup.html to enable security."],[299 Elasticsearch-7.16.1-5b38441b16b1ebb16a27c107a4c3865776e20c53 "[ignore_throttled] parameter is deprecated because frozen indices have been deprecated. Consider cold or frozen tiers in place of frozen indices."]
2023-08-04 12:56:03,349 INFO  [com.dot.ContainerResource] (docker-java-stream-824381349) STDOUT: 12:56:03.348  WARN  client.RestClient - request [POST http://elasticsearch:9200/cluster_51b0cac1ff.live_20230804125536/_search?typed_keys=true&max_concurrent_shard_requests=5&ignore_unavailable=false&expand_wildcards=open&allow_no_indices=true&ignore_throttled=true&search_type=query_then_fetch&batched_reduce_size=512&ccs_minimize_roundtrips=true] returned 2 warnings: [299 Elasticsearch-7.16.1-5b38441b16b1ebb16a27c107a4c3865776e20c53 "Elasticsearch built-in security features are not enabled. Without authentication, your cluster could be accessible to anyone. See https://www.elastic.co/guide/en/elasticsearch/reference/7.16/security-minimal-setup.html to enable security."],[299 Elasticsearch-7.16.1-5b38441b16b1ebb16a27c107a4c3865776e20c53 "[ignore_throttled] parameter is deprecated because frozen indices have been deprecated. Consider cold or frozen tiers in place of frozen indices."]
2023-08-04 12:56:03,352 INFO  [com.dot.ContainerResource] (docker-java-stream-824381349) STDOUT: 12:56:03.352  WARN  client.RestClient - request [POST http://elasticsearch:9200/cluster_51b0cac1ff.live_20230804125536/_search?typed_keys=true&max_concurrent_shard_requests=5&ignore_unavailable=false&expand_wildcards=open&allow_no_indices=true&ignore_throttled=true&search_type=query_then_fetch&batched_reduce_size=512&ccs_minimize_roundtrips=true] returned 2 warnings: [299 Elasticsearch-7.16.1-5b38441b16b1ebb16a27c107a4c3865776e20c53 "Elasticsearch built-in security features are not enabled. Without authentication, your cluster could be accessible to anyone. See https://www.elastic.co/guide/en/elasticsearch/reference/7.16/security-minimal-setup.html to enable security."],[299 Elasticsearch-7.16.1-5b38441b16b1ebb16a27c107a4c3865776e20c53 "[ignore_throttled] parameter is deprecated because frozen indices have been deprecated. Consider cold or frozen tiers in place of frozen indices."]
2023-08-04 12:56:03,358 INFO  [com.dot.ContainerResource] (docker-java-stream-824381349) STDOUT: 12:56:03.358  WARN  client.RestClient - request [POST http://elasticsearch:9200/cluster_51b0cac1ff.live_20230804125536/_search?typed_keys=true&max_concurrent_shard_requests=5&ignore_unavailable=false&expand_wildcards=open&allow_no_indices=true&ignore_throttled=true&search_type=query_then_fetch&batched_reduce_size=512&ccs_minimize_roundtrips=true] returned 2 warnings: [299 Elasticsearch-7.16.1-5b38441b16b1ebb16a27c107a4c3865776e20c53 "Elasticsearch built-in security features are not enabled. Without authentication, your cluster could be accessible to anyone. See https://www.elastic.co/guide/en/elasticsearch/reference/7.16/security-minimal-setup.html to enable security."],[299 Elasticsearch-7.16.1-5b38441b16b1ebb16a27c107a4c3865776e20c53 "[ignore_throttled] parameter is deprecated because frozen indices have been deprecated. Consider cold or frozen tiers in place of frozen indices."]
2023-08-04 12:56:03,362 INFO  [com.dot.ContainerResource] (docker-java-stream-824381349) STDOUT: 12:56:03.361  WARN  client.RestClient - request [POST http://elasticsearch:9200/cluster_51b0cac1ff.live_20230804125536/_search?typed_keys=true&max_concurrent_shard_requests=5&ignore_unavailable=false&expand_wildcards=open&allow_no_indices=true&ignore_throttled=true&search_type=query_then_fetch&batched_reduce_size=512&ccs_minimize_roundtrips=true] returned 2 warnings: [299 Elasticsearch-7.16.1-5b38441b16b1ebb16a27c107a4c3865776e20c53 "Elasticsearch built-in security features are not enabled. Without authentication, your cluster could be accessible to anyone. See https://www.elastic.co/guide/en/elasticsearch/reference/7.16/security-minimal-setup.html to enable security."],[299 Elasticsearch-7.16.1-5b38441b16b1ebb16a27c107a4c3865776e20c53 "[ignore_throttled] parameter is deprecated because frozen indices have been deprecated. Consider cold or frozen tiers in place of frozen indices."]
2023-08-04 12:56:03,369 INFO  [com.dot.ContainerResource] (docker-java-stream-824381349) STDOUT: 12:56:03.368  WARN  client.RestClient - request [POST http://elasticsearch:9200/cluster_51b0cac1ff.live_20230804125536/_search?typed_keys=true&max_concurrent_shard_requests=5&ignore_unavailable=false&expand_wildcards=open&allow_no_indices=true&ignore_throttled=true&search_type=query_then_fetch&batched_reduce_size=512&ccs_minimize_roundtrips=true] returned 2 warnings: [299 Elasticsearch-7.16.1-5b38441b16b1ebb16a27c107a4c3865776e20c53 "Elasticsearch built-in security features are not enabled. Without authentication, your cluster could be accessible to anyone. See https://www.elastic.co/guide/en/elasticsearch/reference/7.16/security-minimal-setup.html to enable security."],[299 Elasticsearch-7.16.1-5b38441b16b1ebb16a27c107a4c3865776e20c53 "[ignore_throttled] parameter is deprecated because frozen indices have been deprecated. Consider cold or frozen tiers in place of frozen indices."]
2023-08-04 12:56:03,377 INFO  [com.dot.ContainerResource] (docker-java-stream-824381349) STDOUT: 12:56:03.377  WARN  client.RestClient - request [POST http://elasticsearch:9200/cluster_51b0cac1ff.live_20230804125536/_search?typed_keys=true&max_concurrent_shard_requests=5&ignore_unavailable=false&expand_wildcards=open&allow_no_indices=true&ignore_throttled=true&search_type=query_then_fetch&batched_reduce_size=512&ccs_minimize_roundtrips=true] returned 2 warnings: [299 Elasticsearch-7.16.1-5b38441b16b1ebb16a27c107a4c3865776e20c53 "Elasticsearch built-in security features are not enabled. Without authentication, your cluster could be accessible to anyone. See https://www.elastic.co/guide/en/elasticsearch/reference/7.16/security-minimal-setup.html to enable security."],[299 Elasticsearch-7.16.1-5b38441b16b1ebb16a27c107a4c3865776e20c53 "[ignore_throttled] parameter is deprecated because frozen indices have been deprecated. Consider cold or frozen tiers in place of frozen indices."]
2023-08-04 12:56:03,381 INFO  [com.dot.ContainerResource] (docker-java-stream-824381349) STDOUT: 12:56:03.381  WARN  client.RestClient - request [POST http://elasticsearch:9200/cluster_51b0cac1ff.live_20230804125536/_search?typed_keys=true&max_concurrent_shard_requests=5&ignore_unavailable=false&expand_wildcards=open&allow_no_indices=true&ignore_throttled=true&search_type=query_then_fetch&batched_reduce_size=512&ccs_minimize_roundtrips=true] returned 2 warnings: [299 Elasticsearch-7.16.1-5b38441b16b1ebb16a27c107a4c3865776e20c53 "Elasticsearch built-in security features are not enabled. Without authentication, your cluster could be accessible to anyone. See https://www.elastic.co/guide/en/elasticsearch/reference/7.16/security-minimal-setup.html to enable security."],[299 Elasticsearch-7.16.1-5b38441b16b1ebb16a27c107a4c3865776e20c53 "[ignore_throttled] parameter is deprecated because frozen indices have been deprecated. Consider cold or frozen tiers in place of frozen indices."]
2023-08-04 12:56:03,385 INFO  [com.dot.ContainerResource] (docker-java-stream-824381349) STDOUT: 12:56:03.384  WARN  client.RestClient - request [POST http://elasticsearch:9200/cluster_51b0cac1ff.live_20230804125536/_search?typed_keys=true&max_concurrent_shard_requests=5&ignore_unavailable=false&expand_wildcards=open&allow_no_indices=true&ignore_throttled=true&search_type=query_then_fetch&batched_reduce_size=512&ccs_minimize_roundtrips=true] returned 2 warnings: [299 Elasticsearch-7.16.1-5b38441b16b1ebb16a27c107a4c3865776e20c53 "Elasticsearch built-in security features are not enabled. Without authentication, your cluster could be accessible to anyone. See https://www.elastic.co/guide/en/elasticsearch/reference/7.16/security-minimal-setup.html to enable security."],[299 Elasticsearch-7.16.1-5b38441b16b1ebb16a27c107a4c3865776e20c53 "[ignore_throttled] parameter is deprecated because frozen indices have been deprecated. Consider cold or frozen tiers in place of frozen indices."]
2023-08-04 12:56:03,388 INFO  [com.dot.ContainerResource] (docker-java-stream-824381349) STDOUT: 12:56:03.388  WARN  client.RestClient - request [POST http://elasticsearch:9200/cluster_51b0cac1ff.live_20230804125536/_search?typed_keys=true&max_concurrent_shard_requests=5&ignore_unavailable=false&expand_wildcards=open&allow_no_indices=true&ignore_throttled=true&search_type=query_then_fetch&batched_reduce_size=512&ccs_minimize_roundtrips=true] returned 2 warnings: [299 Elasticsearch-7.16.1-5b38441b16b1ebb16a27c107a4c3865776e20c53 "Elasticsearch built-in security features are not enabled. Without authentication, your cluster could be accessible to anyone. See https://www.elastic.co/guide/en/elasticsearch/reference/7.16/security-minimal-setup.html to enable security."],[299 Elasticsearch-7.16.1-5b38441b16b1ebb16a27c107a4c3865776e20c53 "[ignore_throttled] parameter is deprecated because frozen indices have been deprecated. Consider cold or frozen tiers in place of frozen indices."]
2023-08-04 12:56:03,392 INFO  [com.dot.ContainerResource] (docker-java-stream-824381349) STDOUT: 12:56:03.391  WARN  client.RestClient - request [POST http://elasticsearch:9200/cluster_51b0cac1ff.live_20230804125536/_search?typed_keys=true&max_concurrent_shard_requests=5&ignore_unavailable=false&expand_wildcards=open&allow_no_indices=true&ignore_throttled=true&search_type=query_then_fetch&batched_reduce_size=512&ccs_minimize_roundtrips=true] returned 2 warnings: [299 Elasticsearch-7.16.1-5b38441b16b1ebb16a27c107a4c3865776e20c53 "Elasticsearch built-in security features are not enabled. Without authentication, your cluster could be accessible to anyone. See https://www.elastic.co/guide/en/elasticsearch/reference/7.16/security-minimal-setup.html to enable security."],[299 Elasticsearch-7.16.1-5b38441b16b1ebb16a27c107a4c3865776e20c53 "[ignore_throttled] parameter is deprecated because frozen indices have been deprecated. Consider cold or frozen tiers in place of frozen indices."]
2023-08-04 12:56:03,396 INFO  [com.dot.ContainerResource] (docker-java-stream-824381349) STDOUT: 12:56:03.395  WARN  client.RestClient - request [POST http://elasticsearch:9200/cluster_51b0cac1ff.live_20230804125536/_search?typed_keys=true&max_concurrent_shard_requests=5&ignore_unavailable=false&expand_wildcards=open&allow_no_indices=true&ignore_throttled=true&search_type=query_then_fetch&batched_reduce_size=512&ccs_minimize_roundtrips=true] returned 2 warnings: [299 Elasticsearch-7.16.1-5b38441b16b1ebb16a27c107a4c3865776e20c53 "Elasticsearch built-in security features are not enabled. Without authentication, your cluster could be accessible to anyone. See https://www.elastic.co/guide/en/elasticsearch/reference/7.16/security-minimal-setup.html to enable security."],[299 Elasticsearch-7.16.1-5b38441b16b1ebb16a27c107a4c3865776e20c53 "[ignore_throttled] parameter is deprecated because frozen indices have been deprecated. Consider cold or frozen tiers in place of frozen indices."]
2023-08-04 12:56:03,398 INFO  [com.dot.ContainerResource] (docker-java-stream-824381349) STDOUT: 12:56:03.398  WARN  client.RestClient - request [POST http://elasticsearch:9200/cluster_51b0cac1ff.live_20230804125536/_search?typed_keys=true&max_concurrent_shard_requests=5&ignore_unavailable=false&expand_wildcards=open&allow_no_indices=true&ignore_throttled=true&search_type=query_then_fetch&batched_reduce_size=512&ccs_minimize_roundtrips=true] returned 2 warnings: [299 Elasticsearch-7.16.1-5b38441b16b1ebb16a27c107a4c3865776e20c53 "Elasticsearch built-in security features are not enabled. Without authentication, your cluster could be accessible to anyone. See https://www.elastic.co/guide/en/elasticsearch/reference/7.16/security-minimal-setup.html to enable security."],[299 Elasticsearch-7.16.1-5b38441b16b1ebb16a27c107a4c3865776e20c53 "[ignore_throttled] parameter is deprecated because frozen indices have been deprecated. Consider cold or frozen tiers in place of frozen indices."]
2023-08-04 12:56:03,401 INFO  [com.dot.ContainerResource] (docker-java-stream-824381349) STDOUT: 12:56:03.401  WARN  client.RestClient - request [POST http://elasticsearch:9200/cluster_51b0cac1ff.live_20230804125536/_search?typed_keys=true&max_concurrent_shard_requests=5&ignore_unavailable=false&expand_wildcards=open&allow_no_indices=true&ignore_throttled=true&search_type=query_then_fetch&batched_reduce_size=512&ccs_minimize_roundtrips=true] returned 2 warnings: [299 Elasticsearch-7.16.1-5b38441b16b1ebb16a27c107a4c3865776e20c53 "Elasticsearch built-in security features are not enabled. Without authentication, your cluster could be accessible to anyone. See https://www.elastic.co/guide/en/elasticsearch/reference/7.16/security-minimal-setup.html to enable security."],[299 Elasticsearch-7.16.1-5b38441b16b1ebb16a27c107a4c3865776e20c53 "[ignore_throttled] parameter is deprecated because frozen indices have been deprecated. Consider cold or frozen tiers in place of frozen indices."]
2023-08-04 12:56:03,405 INFO  [com.dot.ContainerResource] (docker-java-stream-824381349) STDOUT: 12:56:03.405  WARN  client.RestClient - request [POST http://elasticsearch:9200/cluster_51b0cac1ff.live_20230804125536/_search?typed_keys=true&max_concurrent_shard_requests=5&ignore_unavailable=false&expand_wildcards=open&allow_no_indices=true&ignore_throttled=true&search_type=query_then_fetch&batched_reduce_size=512&ccs_minimize_roundtrips=true] returned 2 warnings: [299 Elasticsearch-7.16.1-5b38441b16b1ebb16a27c107a4c3865776e20c53 "Elasticsearch built-in security features are not enabled. Without authentication, your cluster could be accessible to anyone. See https://www.elastic.co/guide/en/elasticsearch/reference/7.16/security-minimal-setup.html to enable security."],[299 Elasticsearch-7.16.1-5b38441b16b1ebb16a27c107a4c3865776e20c53 "[ignore_throttled] parameter is deprecated because frozen indices have been deprecated. Consider cold or frozen tiers in place of frozen indices."]
2023-08-04 12:56:03,408 INFO  [com.dot.ContainerResource] (docker-java-stream-824381349) STDOUT: 12:56:03.408  WARN  client.RestClient - request [POST http://elasticsearch:9200/cluster_51b0cac1ff.live_20230804125536/_search?typed_keys=true&max_concurrent_shard_requests=5&ignore_unavailable=false&expand_wildcards=open&allow_no_indices=true&ignore_throttled=true&search_type=query_then_fetch&batched_reduce_size=512&ccs_minimize_roundtrips=true] returned 2 warnings: [299 Elasticsearch-7.16.1-5b38441b16b1ebb16a27c107a4c3865776e20c53 "Elasticsearch built-in security features are not enabled. Without authentication, your cluster could be accessible to anyone. See https://www.elastic.co/guide/en/elasticsearch/reference/7.16/security-minimal-setup.html to enable security."],[299 Elasticsearch-7.16.1-5b38441b16b1ebb16a27c107a4c3865776e20c53 "[ignore_throttled] parameter is deprecated because frozen indices have been deprecated. Consider cold or frozen tiers in place of frozen indices."]
2023-08-04 12:56:03,411 INFO  [com.dot.ContainerResource] (docker-java-stream-824381349) STDOUT: 12:56:03.411  WARN  client.RestClient - request [POST http://elasticsearch:9200/cluster_51b0cac1ff.live_20230804125536/_search?typed_keys=true&max_concurrent_shard_requests=5&ignore_unavailable=false&expand_wildcards=open&allow_no_indices=true&ignore_throttled=true&search_type=query_then_fetch&batched_reduce_size=512&ccs_minimize_roundtrips=true] returned 2 warnings: [299 Elasticsearch-7.16.1-5b38441b16b1ebb16a27c107a4c3865776e20c53 "Elasticsearch built-in security features are not enabled. Without authentication, your cluster could be accessible to anyone. See https://www.elastic.co/guide/en/elasticsearch/reference/7.16/security-minimal-setup.html to enable security."],[299 Elasticsearch-7.16.1-5b38441b16b1ebb16a27c107a4c3865776e20c53 "[ignore_throttled] parameter is deprecated because frozen indices have been deprecated. Consider cold or frozen tiers in place of frozen indices."]
2023-08-04 12:56:03,414 INFO  [com.dot.ContainerResource] (docker-java-stream-824381349) STDOUT: 12:56:03.413  WARN  client.RestClient - request [POST http://elasticsearch:9200/cluster_51b0cac1ff.live_20230804125536/_search?typed_keys=true&max_concurrent_shard_requests=5&ignore_unavailable=false&expand_wildcards=open&allow_no_indices=true&ignore_throttled=true&search_type=query_then_fetch&batched_reduce_size=512&ccs_minimize_roundtrips=true] returned 2 warnings: [299 Elasticsearch-7.16.1-5b38441b16b1ebb16a27c107a4c3865776e20c53 "Elasticsearch built-in security features are not enabled. Without authentication, your cluster could be accessible to anyone. See https://www.elastic.co/guide/en/elasticsearch/reference/7.16/security-minimal-setup.html to enable security."],[299 Elasticsearch-7.16.1-5b38441b16b1ebb16a27c107a4c3865776e20c53 "[ignore_throttled] parameter is deprecated because frozen indices have been deprecated. Consider cold or frozen tiers in place of frozen indices."]
2023-08-04 12:56:03,416 INFO  [com.dot.ContainerResource] (docker-java-stream-824381349) STDOUT: 12:56:03.416  WARN  client.RestClient - request [POST http://elasticsearch:9200/cluster_51b0cac1ff.live_20230804125536/_search?typed_keys=true&max_concurrent_shard_requests=5&ignore_unavailable=false&expand_wildcards=open&allow_no_indices=true&ignore_throttled=true&search_type=query_then_fetch&batched_reduce_size=512&ccs_minimize_roundtrips=true] returned 2 warnings: [299 Elasticsearch-7.16.1-5b38441b16b1ebb16a27c107a4c3865776e20c53 "Elasticsearch built-in security features are not enabled. Without authentication, your cluster could be accessible to anyone. See https://www.elastic.co/guide/en/elasticsearch/reference/7.16/security-minimal-setup.html to enable security."],[299 Elasticsearch-7.16.1-5b38441b16b1ebb16a27c107a4c3865776e20c53 "[ignore_throttled] parameter is deprecated because frozen indices have been deprecated. Consider cold or frozen tiers in place of frozen indices."]
2023-08-04 12:56:03,419 INFO  [com.dot.ContainerResource] (docker-java-stream-824381349) STDOUT: 12:56:03.419  WARN  client.RestClient - request [POST http://elasticsearch:9200/cluster_51b0cac1ff.live_20230804125536/_search?typed_keys=true&max_concurrent_shard_requests=5&ignore_unavailable=false&expand_wildcards=open&allow_no_indices=true&ignore_throttled=true&search_type=query_then_fetch&batched_reduce_size=512&ccs_minimize_roundtrips=true] returned 2 warnings: [299 Elasticsearch-7.16.1-5b38441b16b1ebb16a27c107a4c3865776e20c53 "Elasticsearch built-in security features are not enabled. Without authentication, your cluster could be accessible to anyone. See https://www.elastic.co/guide/en/elasticsearch/reference/7.16/security-minimal-setup.html to enable security."],[299 Elasticsearch-7.16.1-5b38441b16b1ebb16a27c107a4c3865776e20c53 "[ignore_throttled] parameter is deprecated because frozen indices have been deprecated. Consider cold or frozen tiers in place of frozen indices."]
2023-08-04 12:56:03,425 INFO  [com.dot.ContainerResource] (docker-java-stream-824381349) STDOUT: 12:56:03.425  WARN  client.RestClient - request [POST http://elasticsearch:9200/cluster_51b0cac1ff.live_20230804125536/_search?typed_keys=true&max_concurrent_shard_requests=5&ignore_unavailable=false&expand_wildcards=open&allow_no_indices=true&ignore_throttled=true&search_type=query_then_fetch&batched_reduce_size=512&ccs_minimize_roundtrips=true] returned 2 warnings: [299 Elasticsearch-7.16.1-5b38441b16b1ebb16a27c107a4c3865776e20c53 "Elasticsearch built-in security features are not enabled. Without authentication, your cluster could be accessible to anyone. See https://www.elastic.co/guide/en/elasticsearch/reference/7.16/security-minimal-setup.html to enable security."],[299 Elasticsearch-7.16.1-5b38441b16b1ebb16a27c107a4c3865776e20c53 "[ignore_throttled] parameter is deprecated because frozen indices have been deprecated. Consider cold or frozen tiers in place of frozen indices."]
2023-08-04 12:56:03,430 INFO  [com.dot.ContainerResource] (docker-java-stream-824381349) STDOUT: 12:56:03.429  WARN  client.RestClient - request [POST http://elasticsearch:9200/cluster_51b0cac1ff.live_20230804125536/_search?typed_keys=true&max_concurrent_shard_requests=5&ignore_unavailable=false&expand_wildcards=open&allow_no_indices=true&ignore_throttled=true&search_type=query_then_fetch&batched_reduce_size=512&ccs_minimize_roundtrips=true] returned 2 warnings: [299 Elasticsearch-7.16.1-5b38441b16b1ebb16a27c107a4c3865776e20c53 "Elasticsearch built-in security features are not enabled. Without authentication, your cluster could be accessible to anyone. See https://www.elastic.co/guide/en/elasticsearch/reference/7.16/security-minimal-setup.html to enable security."],[299 Elasticsearch-7.16.1-5b38441b16b1ebb16a27c107a4c3865776e20c53 "[ignore_throttled] parameter is deprecated because frozen indices have been deprecated. Consider cold or frozen tiers in place of frozen indices."]
2023-08-04 12:56:03,455 INFO  [com.dot.ContainerResource] (docker-java-stream-824381349) STDOUT: 12:56:03.455  WARN  client.RestClient - request [POST http://elasticsearch:9200/cluster_51b0cac1ff.live_20230804125536/_search?typed_keys=true&max_concurrent_shard_requests=5&ignore_unavailable=false&expand_wildcards=open&allow_no_indices=true&ignore_throttled=true&search_type=query_then_fetch&batched_reduce_size=512&ccs_minimize_roundtrips=true] returned 2 warnings: [299 Elasticsearch-7.16.1-5b38441b16b1ebb16a27c107a4c3865776e20c53 "Elasticsearch built-in security features are not enabled. Without authentication, your cluster could be accessible to anyone. See https://www.elastic.co/guide/en/elasticsearch/reference/7.16/security-minimal-setup.html to enable security."],[299 Elasticsearch-7.16.1-5b38441b16b1ebb16a27c107a4c3865776e20c53 "[ignore_throttled] parameter is deprecated because frozen indices have been deprecated. Consider cold or frozen tiers in place of frozen indices."]
2023-08-04 12:56:03,459 INFO  [com.dot.ContainerResource] (docker-java-stream-824381349) STDOUT: 12:56:03.459  WARN  client.RestClient - request [POST http://elasticsearch:9200/cluster_51b0cac1ff.live_20230804125536/_search?typed_keys=true&max_concurrent_shard_requests=5&ignore_unavailable=false&expand_wildcards=open&allow_no_indices=true&ignore_throttled=true&search_type=query_then_fetch&batched_reduce_size=512&ccs_minimize_roundtrips=true] returned 2 warnings: [299 Elasticsearch-7.16.1-5b38441b16b1ebb16a27c107a4c3865776e20c53 "Elasticsearch built-in security features are not enabled. Without authentication, your cluster could be accessible to anyone. See https://www.elastic.co/guide/en/elasticsearch/reference/7.16/security-minimal-setup.html to enable security."],[299 Elasticsearch-7.16.1-5b38441b16b1ebb16a27c107a4c3865776e20c53 "[ignore_throttled] parameter is deprecated because frozen indices have been deprecated. Consider cold or frozen tiers in place of frozen indices."]
2023-08-04 12:56:03,469 INFO  [com.dot.ContainerResource] (docker-java-stream-824381349) STDOUT: 12:56:03.468  WARN  client.RestClient - request [POST http://elasticsearch:9200/cluster_51b0cac1ff.live_20230804125536/_search?typed_keys=true&max_concurrent_shard_requests=5&ignore_unavailable=false&expand_wildcards=open&allow_no_indices=true&ignore_throttled=true&search_type=query_then_fetch&batched_reduce_size=512&ccs_minimize_roundtrips=true] returned 2 warnings: [299 Elasticsearch-7.16.1-5b38441b16b1ebb16a27c107a4c3865776e20c53 "Elasticsearch built-in security features are not enabled. Without authentication, your cluster could be accessible to anyone. See https://www.elastic.co/guide/en/elasticsearch/reference/7.16/security-minimal-setup.html to enable security."],[299 Elasticsearch-7.16.1-5b38441b16b1ebb16a27c107a4c3865776e20c53 "[ignore_throttled] parameter is deprecated because frozen indices have been deprecated. Consider cold or frozen tiers in place of frozen indices."]
2023-08-04 12:56:03,473 INFO  [com.dot.ContainerResource] (docker-java-stream-824381349) STDOUT: 12:56:03.473  WARN  client.RestClient - request [POST http://elasticsearch:9200/cluster_51b0cac1ff.live_20230804125536/_search?typed_keys=true&max_concurrent_shard_requests=5&ignore_unavailable=false&expand_wildcards=open&allow_no_indices=true&ignore_throttled=true&search_type=query_then_fetch&batched_reduce_size=512&ccs_minimize_roundtrips=true] returned 2 warnings: [299 Elasticsearch-7.16.1-5b38441b16b1ebb16a27c107a4c3865776e20c53 "Elasticsearch built-in security features are not enabled. Without authentication, your cluster could be accessible to anyone. See https://www.elastic.co/guide/en/elasticsearch/reference/7.16/security-minimal-setup.html to enable security."],[299 Elasticsearch-7.16.1-5b38441b16b1ebb16a27c107a4c3865776e20c53 "[ignore_throttled] parameter is deprecated because frozen indices have been deprecated. Consider cold or frozen tiers in place of frozen indices."]
2023-08-04 12:56:03,477 INFO  [com.dot.ContainerResource] (docker-java-stream-824381349) STDOUT: 12:56:03.476  WARN  client.RestClient - request [POST http://elasticsearch:9200/cluster_51b0cac1ff.live_20230804125536/_search?typed_keys=true&max_concurrent_shard_requests=5&ignore_unavailable=false&expand_wildcards=open&allow_no_indices=true&ignore_throttled=true&search_type=query_then_fetch&batched_reduce_size=512&ccs_minimize_roundtrips=true] returned 2 warnings: [299 Elasticsearch-7.16.1-5b38441b16b1ebb16a27c107a4c3865776e20c53 "Elasticsearch built-in security features are not enabled. Without authentication, your cluster could be accessible to anyone. See https://www.elastic.co/guide/en/elasticsearch/reference/7.16/security-minimal-setup.html to enable security."],[299 Elasticsearch-7.16.1-5b38441b16b1ebb16a27c107a4c3865776e20c53 "[ignore_throttled] parameter is deprecated because frozen indices have been deprecated. Consider cold or frozen tiers in place of frozen indices."]
2023-08-04 12:56:03,480 INFO  [com.dot.ContainerResource] (docker-java-stream-824381349) STDOUT: 12:56:03.480  WARN  client.RestClient - request [POST http://elasticsearch:9200/cluster_51b0cac1ff.live_20230804125536/_search?typed_keys=true&max_concurrent_shard_requests=5&ignore_unavailable=false&expand_wildcards=open&allow_no_indices=true&ignore_throttled=true&search_type=query_then_fetch&batched_reduce_size=512&ccs_minimize_roundtrips=true] returned 2 warnings: [299 Elasticsearch-7.16.1-5b38441b16b1ebb16a27c107a4c3865776e20c53 "Elasticsearch built-in security features are not enabled. Without authentication, your cluster could be accessible to anyone. See https://www.elastic.co/guide/en/elasticsearch/reference/7.16/security-minimal-setup.html to enable security."],[299 Elasticsearch-7.16.1-5b38441b16b1ebb16a27c107a4c3865776e20c53 "[ignore_throttled] parameter is deprecated because frozen indices have been deprecated. Consider cold or frozen tiers in place of frozen indices."]
2023-08-04 12:56:03,488 INFO  [com.dot.ContainerResource] (docker-java-stream-824381349) STDOUT: 12:56:03.487  WARN  client.RestClient - request [POST http://elasticsearch:9200/cluster_51b0cac1ff.live_20230804125536/_search?typed_keys=true&max_concurrent_shard_requests=5&ignore_unavailable=false&expand_wildcards=open&allow_no_indices=true&ignore_throttled=true&search_type=query_then_fetch&batched_reduce_size=512&ccs_minimize_roundtrips=true] returned 2 warnings: [299 Elasticsearch-7.16.1-5b38441b16b1ebb16a27c107a4c3865776e20c53 "Elasticsearch built-in security features are not enabled. Without authentication, your cluster could be accessible to anyone. See https://www.elastic.co/guide/en/elasticsearch/reference/7.16/security-minimal-setup.html to enable security."],[299 Elasticsearch-7.16.1-5b38441b16b1ebb16a27c107a4c3865776e20c53 "[ignore_throttled] parameter is deprecated because frozen indices have been deprecated. Consider cold or frozen tiers in place of frozen indices."]
2023-08-04 12:56:03,504 INFO  [com.dot.ContainerResource] (docker-java-stream-824381349) STDOUT: 12:56:03.491  WARN  client.RestClient - request [POST http://elasticsearch:9200/cluster_51b0cac1ff.live_20230804125536/_search?typed_keys=true&max_concurrent_shard_requests=5&ignore_unavailable=false&expand_wildcards=open&allow_no_indices=true&ignore_throttled=true&search_type=query_then_fetch&batched_reduce_size=512&ccs_minimize_roundtrips=true] returned 2 warnings: [299 Elasticsearch-7.16.1-5b38441b16b1ebb16a27c107a4c3865776e20c53 "Elasticsearch built-in security features are not enabled. Without authentication, your cluster could be accessible to anyone. See https://www.elastic.co/guide/en/elasticsearch/reference/7.16/security-minimal-setup.html to enable security."],[299 Elasticsearch-7.16.1-5b38441b16b1ebb16a27c107a4c3865776e20c53 "[ignore_throttled] parameter is deprecated because frozen indices have been deprecated. Consider cold or frozen tiers in place of frozen indices."]
2023-08-04 12:56:03,504 INFO  [com.dot.ContainerResource] (docker-java-stream-824381349) STDOUT: 12:56:03.494  WARN  client.RestClient - request [POST http://elasticsearch:9200/cluster_51b0cac1ff.live_20230804125536/_search?typed_keys=true&max_concurrent_shard_requests=5&ignore_unavailable=false&expand_wildcards=open&allow_no_indices=true&ignore_throttled=true&search_type=query_then_fetch&batched_reduce_size=512&ccs_minimize_roundtrips=true] returned 2 warnings: [299 Elasticsearch-7.16.1-5b38441b16b1ebb16a27c107a4c3865776e20c53 "Elasticsearch built-in security features are not enabled. Without authentication, your cluster could be accessible to anyone. See https://www.elastic.co/guide/en/elasticsearch/reference/7.16/security-minimal-setup.html to enable security."],[299 Elasticsearch-7.16.1-5b38441b16b1ebb16a27c107a4c3865776e20c53 "[ignore_throttled] parameter is deprecated because frozen indices have been deprecated. Consider cold or frozen tiers in place of frozen indices."]
2023-08-04 12:56:03,504 INFO  [com.dot.ContainerResource] (docker-java-stream-824381349) STDOUT: 12:56:03.500  WARN  client.RestClient - request [POST http://elasticsearch:9200/cluster_51b0cac1ff.live_20230804125536/_search?typed_keys=true&max_concurrent_shard_requests=5&ignore_unavailable=false&expand_wildcards=open&allow_no_indices=true&ignore_throttled=true&search_type=query_then_fetch&batched_reduce_size=512&ccs_minimize_roundtrips=true] returned 2 warnings: [299 Elasticsearch-7.16.1-5b38441b16b1ebb16a27c107a4c3865776e20c53 "Elasticsearch built-in security features are not enabled. Without authentication, your cluster could be accessible to anyone. See https://www.elastic.co/guide/en/elasticsearch/reference/7.16/security-minimal-setup.html to enable security."],[299 Elasticsearch-7.16.1-5b38441b16b1ebb16a27c107a4c3865776e20c53 "[ignore_throttled] parameter is deprecated because frozen indices have been deprecated. Consider cold or frozen tiers in place of frozen indices."]
2023-08-04 12:56:03,504 INFO  [com.dot.ContainerResource] (docker-java-stream-824381349) STDOUT: 12:56:03.503  WARN  client.RestClient - request [POST http://elasticsearch:9200/cluster_51b0cac1ff.live_20230804125536/_search?typed_keys=true&max_concurrent_shard_requests=5&ignore_unavailable=false&expand_wildcards=open&allow_no_indices=true&ignore_throttled=true&search_type=query_then_fetch&batched_reduce_size=512&ccs_minimize_roundtrips=true] returned 2 warnings: [299 Elasticsearch-7.16.1-5b38441b16b1ebb16a27c107a4c3865776e20c53 "Elasticsearch built-in security features are not enabled. Without authentication, your cluster could be accessible to anyone. See https://www.elastic.co/guide/en/elasticsearch/reference/7.16/security-minimal-setup.html to enable security."],[299 Elasticsearch-7.16.1-5b38441b16b1ebb16a27c107a4c3865776e20c53 "[ignore_throttled] parameter is deprecated because frozen indices have been deprecated. Consider cold or frozen tiers in place of frozen indices."]
2023-08-04 12:56:03,516 INFO  [com.dot.ContainerResource] (docker-java-stream-824381349) STDOUT: 12:56:03.516  WARN  client.RestClient - request [POST http://elasticsearch:9200/cluster_51b0cac1ff.live_20230804125536/_search?typed_keys=true&max_concurrent_shard_requests=5&ignore_unavailable=false&expand_wildcards=open&allow_no_indices=true&ignore_throttled=true&search_type=query_then_fetch&batched_reduce_size=512&ccs_minimize_roundtrips=true] returned 2 warnings: [299 Elasticsearch-7.16.1-5b38441b16b1ebb16a27c107a4c3865776e20c53 "Elasticsearch built-in security features are not enabled. Without authentication, your cluster could be accessible to anyone. See https://www.elastic.co/guide/en/elasticsearch/reference/7.16/security-minimal-setup.html to enable security."],[299 Elasticsearch-7.16.1-5b38441b16b1ebb16a27c107a4c3865776e20c53 "[ignore_throttled] parameter is deprecated because frozen indices have been deprecated. Consider cold or frozen tiers in place of frozen indices."]
2023-08-04 12:56:03,522 INFO  [com.dot.ContainerResource] (docker-java-stream-824381349) STDOUT: 12:56:03.522  WARN  client.RestClient - request [POST http://elasticsearch:9200/cluster_51b0cac1ff.live_20230804125536/_search?typed_keys=true&max_concurrent_shard_requests=5&ignore_unavailable=false&expand_wildcards=open&allow_no_indices=true&ignore_throttled=true&search_type=query_then_fetch&batched_reduce_size=512&ccs_minimize_roundtrips=true] returned 2 warnings: [299 Elasticsearch-7.16.1-5b38441b16b1ebb16a27c107a4c3865776e20c53 "Elasticsearch built-in security features are not enabled. Without authentication, your cluster could be accessible to anyone. See https://www.elastic.co/guide/en/elasticsearch/reference/7.16/security-minimal-setup.html to enable security."],[299 Elasticsearch-7.16.1-5b38441b16b1ebb16a27c107a4c3865776e20c53 "[ignore_throttled] parameter is deprecated because frozen indices have been deprecated. Consider cold or frozen tiers in place of frozen indices."]
2023-08-04 12:56:03,526 INFO  [com.dot.ContainerResource] (docker-java-stream-824381349) STDOUT: 12:56:03.525  WARN  client.RestClient - request [POST http://elasticsearch:9200/cluster_51b0cac1ff.live_20230804125536/_search?typed_keys=true&max_concurrent_shard_requests=5&ignore_unavailable=false&expand_wildcards=open&allow_no_indices=true&ignore_throttled=true&search_type=query_then_fetch&batched_reduce_size=512&ccs_minimize_roundtrips=true] returned 2 warnings: [299 Elasticsearch-7.16.1-5b38441b16b1ebb16a27c107a4c3865776e20c53 "Elasticsearch built-in security features are not enabled. Without authentication, your cluster could be accessible to anyone. See https://www.elastic.co/guide/en/elasticsearch/reference/7.16/security-minimal-setup.html to enable security."],[299 Elasticsearch-7.16.1-5b38441b16b1ebb16a27c107a4c3865776e20c53 "[ignore_throttled] parameter is deprecated because frozen indices have been deprecated. Consider cold or frozen tiers in place of frozen indices."]
2023-08-04 12:56:03,529 INFO  [com.dot.ContainerResource] (docker-java-stream-824381349) STDOUT: 12:56:03.529  WARN  client.RestClient - request [POST http://elasticsearch:9200/cluster_51b0cac1ff.live_20230804125536/_search?typed_keys=true&max_concurrent_shard_requests=5&ignore_unavailable=false&expand_wildcards=open&allow_no_indices=true&ignore_throttled=true&search_type=query_then_fetch&batched_reduce_size=512&ccs_minimize_roundtrips=true] returned 2 warnings: [299 Elasticsearch-7.16.1-5b38441b16b1ebb16a27c107a4c3865776e20c53 "Elasticsearch built-in security features are not enabled. Without authentication, your cluster could be accessible to anyone. See https://www.elastic.co/guide/en/elasticsearch/reference/7.16/security-minimal-setup.html to enable security."],[299 Elasticsearch-7.16.1-5b38441b16b1ebb16a27c107a4c3865776e20c53 "[ignore_throttled] parameter is deprecated because frozen indices have been deprecated. Consider cold or frozen tiers in place of frozen indices."]
2023-08-04 12:56:03,532 INFO  [com.dot.ContainerResource] (docker-java-stream-824381349) STDOUT: 12:56:03.531  WARN  client.RestClient - request [POST http://elasticsearch:9200/cluster_51b0cac1ff.live_20230804125536/_search?typed_keys=true&max_concurrent_shard_requests=5&ignore_unavailable=false&expand_wildcards=open&allow_no_indices=true&ignore_throttled=true&search_type=query_then_fetch&batched_reduce_size=512&ccs_minimize_roundtrips=true] returned 2 warnings: [299 Elasticsearch-7.16.1-5b38441b16b1ebb16a27c107a4c3865776e20c53 "Elasticsearch built-in security features are not enabled. Without authentication, your cluster could be accessible to anyone. See https://www.elastic.co/guide/en/elasticsearch/reference/7.16/security-minimal-setup.html to enable security."],[299 Elasticsearch-7.16.1-5b38441b16b1ebb16a27c107a4c3865776e20c53 "[ignore_throttled] parameter is deprecated because frozen indices have been deprecated. Consider cold or frozen tiers in place of frozen indices."]
2023-08-04 12:56:03,537 INFO  [com.dot.ContainerResource] (docker-java-stream-824381349) STDOUT: 12:56:03.536  WARN  client.RestClient - request [POST http://elasticsearch:9200/cluster_51b0cac1ff.live_20230804125536/_search?typed_keys=true&max_concurrent_shard_requests=5&ignore_unavailable=false&expand_wildcards=open&allow_no_indices=true&ignore_throttled=true&search_type=query_then_fetch&batched_reduce_size=512&ccs_minimize_roundtrips=true] returned 2 warnings: [299 Elasticsearch-7.16.1-5b38441b16b1ebb16a27c107a4c3865776e20c53 "Elasticsearch built-in security features are not enabled. Without authentication, your cluster could be accessible to anyone. See https://www.elastic.co/guide/en/elasticsearch/reference/7.16/security-minimal-setup.html to enable security."],[299 Elasticsearch-7.16.1-5b38441b16b1ebb16a27c107a4c3865776e20c53 "[ignore_throttled] parameter is deprecated because frozen indices have been deprecated. Consider cold or frozen tiers in place of frozen indices."]
2023-08-04 12:56:03,540 INFO  [com.dot.ContainerResource] (docker-java-stream-824381349) STDOUT: 12:56:03.539  WARN  client.RestClient - request [POST http://elasticsearch:9200/cluster_51b0cac1ff.live_20230804125536/_search?typed_keys=true&max_concurrent_shard_requests=5&ignore_unavailable=false&expand_wildcards=open&allow_no_indices=true&ignore_throttled=true&search_type=query_then_fetch&batched_reduce_size=512&ccs_minimize_roundtrips=true] returned 2 warnings: [299 Elasticsearch-7.16.1-5b38441b16b1ebb16a27c107a4c3865776e20c53 "Elasticsearch built-in security features are not enabled. Without authentication, your cluster could be accessible to anyone. See https://www.elastic.co/guide/en/elasticsearch/reference/7.16/security-minimal-setup.html to enable security."],[299 Elasticsearch-7.16.1-5b38441b16b1ebb16a27c107a4c3865776e20c53 "[ignore_throttled] parameter is deprecated because frozen indices have been deprecated. Consider cold or frozen tiers in place of frozen indices."]
2023-08-04 12:56:03,543 INFO  [com.dot.ContainerResource] (docker-java-stream-824381349) STDOUT: 12:56:03.542  WARN  client.RestClient - request [POST http://elasticsearch:9200/cluster_51b0cac1ff.live_20230804125536/_search?typed_keys=true&max_concurrent_shard_requests=5&ignore_unavailable=false&expand_wildcards=open&allow_no_indices=true&ignore_throttled=true&search_type=query_then_fetch&batched_reduce_size=512&ccs_minimize_roundtrips=true] returned 2 warnings: [299 Elasticsearch-7.16.1-5b38441b16b1ebb16a27c107a4c3865776e20c53 "Elasticsearch built-in security features are not enabled. Without authentication, your cluster could be accessible to anyone. See https://www.elastic.co/guide/en/elasticsearch/reference/7.16/security-minimal-setup.html to enable security."],[299 Elasticsearch-7.16.1-5b38441b16b1ebb16a27c107a4c3865776e20c53 "[ignore_throttled] parameter is deprecated because frozen indices have been deprecated. Consider cold or frozen tiers in place of frozen indices."]
2023-08-04 12:56:03,546 INFO  [com.dot.ContainerResource] (docker-java-stream-824381349) STDOUT: 12:56:03.545  WARN  client.RestClient - request [POST http://elasticsearch:9200/cluster_51b0cac1ff.live_20230804125536/_search?typed_keys=true&max_concurrent_shard_requests=5&ignore_unavailable=false&expand_wildcards=open&allow_no_indices=true&ignore_throttled=true&search_type=query_then_fetch&batched_reduce_size=512&ccs_minimize_roundtrips=true] returned 2 warnings: [299 Elasticsearch-7.16.1-5b38441b16b1ebb16a27c107a4c3865776e20c53 "Elasticsearch built-in security features are not enabled. Without authentication, your cluster could be accessible to anyone. See https://www.elastic.co/guide/en/elasticsearch/reference/7.16/security-minimal-setup.html to enable security."],[299 Elasticsearch-7.16.1-5b38441b16b1ebb16a27c107a4c3865776e20c53 "[ignore_throttled] parameter is deprecated because frozen indices have been deprecated. Consider cold or frozen tiers in place of frozen indices."]
2023-08-04 12:56:03,549 INFO  [com.dot.ContainerResource] (docker-java-stream-824381349) STDOUT: 12:56:03.548  WARN  client.RestClient - request [POST http://elasticsearch:9200/cluster_51b0cac1ff.live_20230804125536/_search?typed_keys=true&max_concurrent_shard_requests=5&ignore_unavailable=false&expand_wildcards=open&allow_no_indices=true&ignore_throttled=true&search_type=query_then_fetch&batched_reduce_size=512&ccs_minimize_roundtrips=true] returned 2 warnings: [299 Elasticsearch-7.16.1-5b38441b16b1ebb16a27c107a4c3865776e20c53 "Elasticsearch built-in security features are not enabled. Without authentication, your cluster could be accessible to anyone. See https://www.elastic.co/guide/en/elasticsearch/reference/7.16/security-minimal-setup.html to enable security."],[299 Elasticsearch-7.16.1-5b38441b16b1ebb16a27c107a4c3865776e20c53 "[ignore_throttled] parameter is deprecated because frozen indices have been deprecated. Consider cold or frozen tiers in place of frozen indices."]
2023-08-04 12:56:03,554 INFO  [com.dot.ContainerResource] (docker-java-stream-824381349) STDOUT: 12:56:03.553  WARN  client.RestClient - request [POST http://elasticsearch:9200/cluster_51b0cac1ff.live_20230804125536/_search?typed_keys=true&max_concurrent_shard_requests=5&ignore_unavailable=false&expand_wildcards=open&allow_no_indices=true&ignore_throttled=true&search_type=query_then_fetch&batched_reduce_size=512&ccs_minimize_roundtrips=true] returned 2 warnings: [299 Elasticsearch-7.16.1-5b38441b16b1ebb16a27c107a4c3865776e20c53 "Elasticsearch built-in security features are not enabled. Without authentication, your cluster could be accessible to anyone. See https://www.elastic.co/guide/en/elasticsearch/reference/7.16/security-minimal-setup.html to enable security."],[299 Elasticsearch-7.16.1-5b38441b16b1ebb16a27c107a4c3865776e20c53 "[ignore_throttled] parameter is deprecated because frozen indices have been deprecated. Consider cold or frozen tiers in place of frozen indices."]
2023-08-04 12:56:03,557 INFO  [com.dot.ContainerResource] (docker-java-stream-824381349) STDOUT: 12:56:03.557  WARN  client.RestClient - request [POST http://elasticsearch:9200/cluster_51b0cac1ff.live_20230804125536/_search?typed_keys=true&max_concurrent_shard_requests=5&ignore_unavailable=false&expand_wildcards=open&allow_no_indices=true&ignore_throttled=true&search_type=query_then_fetch&batched_reduce_size=512&ccs_minimize_roundtrips=true] returned 2 warnings: [299 Elasticsearch-7.16.1-5b38441b16b1ebb16a27c107a4c3865776e20c53 "Elasticsearch built-in security features are not enabled. Without authentication, your cluster could be accessible to anyone. See https://www.elastic.co/guide/en/elasticsearch/reference/7.16/security-minimal-setup.html to enable security."],[299 Elasticsearch-7.16.1-5b38441b16b1ebb16a27c107a4c3865776e20c53 "[ignore_throttled] parameter is deprecated because frozen indices have been deprecated. Consider cold or frozen tiers in place of frozen indices."]
2023-08-04 12:56:03,560 INFO  [com.dot.ContainerResource] (docker-java-stream-824381349) STDOUT: 12:56:03.560  WARN  client.RestClient - request [POST http://elasticsearch:9200/cluster_51b0cac1ff.live_20230804125536/_search?typed_keys=true&max_concurrent_shard_requests=5&ignore_unavailable=false&expand_wildcards=open&allow_no_indices=true&ignore_throttled=true&search_type=query_then_fetch&batched_reduce_size=512&ccs_minimize_roundtrips=true] returned 2 warnings: [299 Elasticsearch-7.16.1-5b38441b16b1ebb16a27c107a4c3865776e20c53 "Elasticsearch built-in security features are not enabled. Without authentication, your cluster could be accessible to anyone. See https://www.elastic.co/guide/en/elasticsearch/reference/7.16/security-minimal-setup.html to enable security."],[299 Elasticsearch-7.16.1-5b38441b16b1ebb16a27c107a4c3865776e20c53 "[ignore_throttled] parameter is deprecated because frozen indices have been deprecated. Consider cold or frozen tiers in place of frozen indices."]
2023-08-04 12:56:03,563 INFO  [com.dot.ContainerResource] (docker-java-stream-824381349) STDOUT: 12:56:03.563  WARN  client.RestClient - request [POST http://elasticsearch:9200/cluster_51b0cac1ff.live_20230804125536/_search?typed_keys=true&max_concurrent_shard_requests=5&ignore_unavailable=false&expand_wildcards=open&allow_no_indices=true&ignore_throttled=true&search_type=query_then_fetch&batched_reduce_size=512&ccs_minimize_roundtrips=true] returned 2 warnings: [299 Elasticsearch-7.16.1-5b38441b16b1ebb16a27c107a4c3865776e20c53 "Elasticsearch built-in security features are not enabled. Without authentication, your cluster could be accessible to anyone. See https://www.elastic.co/guide/en/elasticsearch/reference/7.16/security-minimal-setup.html to enable security."],[299 Elasticsearch-7.16.1-5b38441b16b1ebb16a27c107a4c3865776e20c53 "[ignore_throttled] parameter is deprecated because frozen indices have been deprecated. Consider cold or frozen tiers in place of frozen indices."]
2023-08-04 12:56:03,568 INFO  [com.dot.ContainerResource] (docker-java-stream-824381349) STDOUT: 12:56:03.567  WARN  client.RestClient - request [POST http://elasticsearch:9200/cluster_51b0cac1ff.live_20230804125536/_search?typed_keys=true&max_concurrent_shard_requests=5&ignore_unavailable=false&expand_wildcards=open&allow_no_indices=true&ignore_throttled=true&search_type=query_then_fetch&batched_reduce_size=512&ccs_minimize_roundtrips=true] returned 2 warnings: [299 Elasticsearch-7.16.1-5b38441b16b1ebb16a27c107a4c3865776e20c53 "Elasticsearch built-in security features are not enabled. Without authentication, your cluster could be accessible to anyone. See https://www.elastic.co/guide/en/elasticsearch/reference/7.16/security-minimal-setup.html to enable security."],[299 Elasticsearch-7.16.1-5b38441b16b1ebb16a27c107a4c3865776e20c53 "[ignore_throttled] parameter is deprecated because frozen indices have been deprecated. Consider cold or frozen tiers in place of frozen indices."]
2023-08-04 12:56:03,572 INFO  [com.dot.ContainerResource] (docker-java-stream-824381349) STDOUT: 12:56:03.572  WARN  client.RestClient - request [POST http://elasticsearch:9200/cluster_51b0cac1ff.live_20230804125536/_search?typed_keys=true&max_concurrent_shard_requests=5&ignore_unavailable=false&expand_wildcards=open&allow_no_indices=true&ignore_throttled=true&search_type=query_then_fetch&batched_reduce_size=512&ccs_minimize_roundtrips=true] returned 2 warnings: [299 Elasticsearch-7.16.1-5b38441b16b1ebb16a27c107a4c3865776e20c53 "Elasticsearch built-in security features are not enabled. Without authentication, your cluster could be accessible to anyone. See https://www.elastic.co/guide/en/elasticsearch/reference/7.16/security-minimal-setup.html to enable security."],[299 Elasticsearch-7.16.1-5b38441b16b1ebb16a27c107a4c3865776e20c53 "[ignore_throttled] parameter is deprecated because frozen indices have been deprecated. Consider cold or frozen tiers in place of frozen indices."]
2023-08-04 12:56:03,577 INFO  [com.dot.ContainerResource] (docker-java-stream-824381349) STDOUT: 12:56:03.577  WARN  client.RestClient - request [POST http://elasticsearch:9200/cluster_51b0cac1ff.live_20230804125536/_search?typed_keys=true&max_concurrent_shard_requests=5&ignore_unavailable=false&expand_wildcards=open&allow_no_indices=true&ignore_throttled=true&search_type=query_then_fetch&batched_reduce_size=512&ccs_minimize_roundtrips=true] returned 2 warnings: [299 Elasticsearch-7.16.1-5b38441b16b1ebb16a27c107a4c3865776e20c53 "Elasticsearch built-in security features are not enabled. Without authentication, your cluster could be accessible to anyone. See https://www.elastic.co/guide/en/elasticsearch/reference/7.16/security-minimal-setup.html to enable security."],[299 Elasticsearch-7.16.1-5b38441b16b1ebb16a27c107a4c3865776e20c53 "[ignore_throttled] parameter is deprecated because frozen indices have been deprecated. Consider cold or frozen tiers in place of frozen indices."]
2023-08-04 12:56:03,580 INFO  [com.dot.ContainerResource] (docker-java-stream-824381349) STDOUT: 12:56:03.580  WARN  client.RestClient - request [POST http://elasticsearch:9200/cluster_51b0cac1ff.live_20230804125536/_search?typed_keys=true&max_concurrent_shard_requests=5&ignore_unavailable=false&expand_wildcards=open&allow_no_indices=true&ignore_throttled=true&search_type=query_then_fetch&batched_reduce_size=512&ccs_minimize_roundtrips=true] returned 2 warnings: [299 Elasticsearch-7.16.1-5b38441b16b1ebb16a27c107a4c3865776e20c53 "Elasticsearch built-in security features are not enabled. Without authentication, your cluster could be accessible to anyone. See https://www.elastic.co/guide/en/elasticsearch/reference/7.16/security-minimal-setup.html to enable security."],[299 Elasticsearch-7.16.1-5b38441b16b1ebb16a27c107a4c3865776e20c53 "[ignore_throttled] parameter is deprecated because frozen indices have been deprecated. Consider cold or frozen tiers in place of frozen indices."]
2023-08-04 12:56:03,597 INFO  [com.dot.ContainerResource] (docker-java-stream-824381349) STDOUT: 12:56:03.596  WARN  client.RestClient - request [POST http://elasticsearch:9200/cluster_51b0cac1ff.live_20230804125536/_search?typed_keys=true&max_concurrent_shard_requests=5&ignore_unavailable=false&expand_wildcards=open&allow_no_indices=true&ignore_throttled=true&search_type=query_then_fetch&batched_reduce_size=512&ccs_minimize_roundtrips=true] returned 2 warnings: [299 Elasticsearch-7.16.1-5b38441b16b1ebb16a27c107a4c3865776e20c53 "Elasticsearch built-in security features are not enabled. Without authentication, your cluster could be accessible to anyone. See https://www.elastic.co/guide/en/elasticsearch/reference/7.16/security-minimal-setup.html to enable security."],[299 Elasticsearch-7.16.1-5b38441b16b1ebb16a27c107a4c3865776e20c53 "[ignore_throttled] parameter is deprecated because frozen indices have been deprecated. Consider cold or frozen tiers in place of frozen indices."]
2023-08-04 12:56:03,608 INFO  [com.dot.ContainerResource] (docker-java-stream-824381349) STDOUT: 12:56:03.601  WARN  client.RestClient - request [POST http://elasticsearch:9200/cluster_51b0cac1ff.live_20230804125536/_search?typed_keys=true&max_concurrent_shard_requests=5&ignore_unavailable=false&expand_wildcards=open&allow_no_indices=true&ignore_throttled=true&search_type=query_then_fetch&batched_reduce_size=512&ccs_minimize_roundtrips=true] returned 2 warnings: [299 Elasticsearch-7.16.1-5b38441b16b1ebb16a27c107a4c3865776e20c53 "Elasticsearch built-in security features are not enabled. Without authentication, your cluster could be accessible to anyone. See https://www.elastic.co/guide/en/elasticsearch/reference/7.16/security-minimal-setup.html to enable security."],[299 Elasticsearch-7.16.1-5b38441b16b1ebb16a27c107a4c3865776e20c53 "[ignore_throttled] parameter is deprecated because frozen indices have been deprecated. Consider cold or frozen tiers in place of frozen indices."]
2023-08-04 12:56:03,621 INFO  [com.dot.ContainerResource] (docker-java-stream-824381349) STDOUT: 12:56:03.617  WARN  client.RestClient - request [POST http://elasticsearch:9200/cluster_51b0cac1ff.live_20230804125536/_search?typed_keys=true&max_concurrent_shard_requests=5&ignore_unavailable=false&expand_wildcards=open&allow_no_indices=true&ignore_throttled=true&search_type=query_then_fetch&batched_reduce_size=512&ccs_minimize_roundtrips=true] returned 2 warnings: [299 Elasticsearch-7.16.1-5b38441b16b1ebb16a27c107a4c3865776e20c53 "Elasticsearch built-in security features are not enabled. Without authentication, your cluster could be accessible to anyone. See https://www.elastic.co/guide/en/elasticsearch/reference/7.16/security-minimal-setup.html to enable security."],[299 Elasticsearch-7.16.1-5b38441b16b1ebb16a27c107a4c3865776e20c53 "[ignore_throttled] parameter is deprecated because frozen indices have been deprecated. Consider cold or frozen tiers in place of frozen indices."]
2023-08-04 12:56:03,637 INFO  [com.dot.ContainerResource] (docker-java-stream-824381349) STDOUT: 12:56:03.636  WARN  client.RestClient - request [POST http://elasticsearch:9200/cluster_51b0cac1ff.live_20230804125536/_search?typed_keys=true&max_concurrent_shard_requests=5&ignore_unavailable=false&expand_wildcards=open&allow_no_indices=true&ignore_throttled=true&search_type=query_then_fetch&batched_reduce_size=512&ccs_minimize_roundtrips=true] returned 2 warnings: [299 Elasticsearch-7.16.1-5b38441b16b1ebb16a27c107a4c3865776e20c53 "Elasticsearch built-in security features are not enabled. Without authentication, your cluster could be accessible to anyone. See https://www.elastic.co/guide/en/elasticsearch/reference/7.16/security-minimal-setup.html to enable security."],[299 Elasticsearch-7.16.1-5b38441b16b1ebb16a27c107a4c3865776e20c53 "[ignore_throttled] parameter is deprecated because frozen indices have been deprecated. Consider cold or frozen tiers in place of frozen indices."]
2023-08-04 12:56:03,645 INFO  [com.dot.ContainerResource] (docker-java-stream-824381349) STDOUT: 12:56:03.644  WARN  client.RestClient - request [POST http://elasticsearch:9200/cluster_51b0cac1ff.live_20230804125536/_search?typed_keys=true&max_concurrent_shard_requests=5&ignore_unavailable=false&expand_wildcards=open&allow_no_indices=true&ignore_throttled=true&search_type=query_then_fetch&batched_reduce_size=512&ccs_minimize_roundtrips=true] returned 2 warnings: [299 Elasticsearch-7.16.1-5b38441b16b1ebb16a27c107a4c3865776e20c53 "Elasticsearch built-in security features are not enabled. Without authentication, your cluster could be accessible to anyone. See https://www.elastic.co/guide/en/elasticsearch/reference/7.16/security-minimal-setup.html to enable security."],[299 Elasticsearch-7.16.1-5b38441b16b1ebb16a27c107a4c3865776e20c53 "[ignore_throttled] parameter is deprecated because frozen indices have been deprecated. Consider cold or frozen tiers in place of frozen indices."]
2023-08-04 12:56:03,651 INFO  [com.dot.ContainerResource] (docker-java-stream-824381349) STDOUT: 12:56:03.648  WARN  client.RestClient - request [POST http://elasticsearch:9200/cluster_51b0cac1ff.live_20230804125536/_search?typed_keys=true&max_concurrent_shard_requests=5&ignore_unavailable=false&expand_wildcards=open&allow_no_indices=true&ignore_throttled=true&search_type=query_then_fetch&batched_reduce_size=512&ccs_minimize_roundtrips=true] returned 2 warnings: [299 Elasticsearch-7.16.1-5b38441b16b1ebb16a27c107a4c3865776e20c53 "Elasticsearch built-in security features are not enabled. Without authentication, your cluster could be accessible to anyone. See https://www.elastic.co/guide/en/elasticsearch/reference/7.16/security-minimal-setup.html to enable security."],[299 Elasticsearch-7.16.1-5b38441b16b1ebb16a27c107a4c3865776e20c53 "[ignore_throttled] parameter is deprecated because frozen indices have been deprecated. Consider cold or frozen tiers in place of frozen indices."]
2023-08-04 12:56:03,654 INFO  [com.dot.ContainerResource] (docker-java-stream-824381349) STDOUT: 12:56:03.654  WARN  client.RestClient - request [POST http://elasticsearch:9200/cluster_51b0cac1ff.live_20230804125536/_search?typed_keys=true&max_concurrent_shard_requests=5&ignore_unavailable=false&expand_wildcards=open&allow_no_indices=true&ignore_throttled=true&search_type=query_then_fetch&batched_reduce_size=512&ccs_minimize_roundtrips=true] returned 2 warnings: [299 Elasticsearch-7.16.1-5b38441b16b1ebb16a27c107a4c3865776e20c53 "Elasticsearch built-in security features are not enabled. Without authentication, your cluster could be accessible to anyone. See https://www.elastic.co/guide/en/elasticsearch/reference/7.16/security-minimal-setup.html to enable security."],[299 Elasticsearch-7.16.1-5b38441b16b1ebb16a27c107a4c3865776e20c53 "[ignore_throttled] parameter is deprecated because frozen indices have been deprecated. Consider cold or frozen tiers in place of frozen indices."]
2023-08-04 12:56:03,660 INFO  [com.dot.ContainerResource] (docker-java-stream-824381349) STDOUT: 12:56:03.660  WARN  client.RestClient - request [POST http://elasticsearch:9200/cluster_51b0cac1ff.live_20230804125536/_search?typed_keys=true&max_concurrent_shard_requests=5&ignore_unavailable=false&expand_wildcards=open&allow_no_indices=true&ignore_throttled=true&search_type=query_then_fetch&batched_reduce_size=512&ccs_minimize_roundtrips=true] returned 2 warnings: [299 Elasticsearch-7.16.1-5b38441b16b1ebb16a27c107a4c3865776e20c53 "Elasticsearch built-in security features are not enabled. Without authentication, your cluster could be accessible to anyone. See https://www.elastic.co/guide/en/elasticsearch/reference/7.16/security-minimal-setup.html to enable security."],[299 Elasticsearch-7.16.1-5b38441b16b1ebb16a27c107a4c3865776e20c53 "[ignore_throttled] parameter is deprecated because frozen indices have been deprecated. Consider cold or frozen tiers in place of frozen indices."]
2023-08-04 12:56:03,668 INFO  [com.dot.ContainerResource] (docker-java-stream-824381349) STDOUT: 12:56:03.667  WARN  client.RestClient - request [POST http://elasticsearch:9200/cluster_51b0cac1ff.live_20230804125536/_search?typed_keys=true&max_concurrent_shard_requests=5&ignore_unavailable=false&expand_wildcards=open&allow_no_indices=true&ignore_throttled=true&search_type=query_then_fetch&batched_reduce_size=512&ccs_minimize_roundtrips=true] returned 2 warnings: [299 Elasticsearch-7.16.1-5b38441b16b1ebb16a27c107a4c3865776e20c53 "Elasticsearch built-in security features are not enabled. Without authentication, your cluster could be accessible to anyone. See https://www.elastic.co/guide/en/elasticsearch/reference/7.16/security-minimal-setup.html to enable security."],[299 Elasticsearch-7.16.1-5b38441b16b1ebb16a27c107a4c3865776e20c53 "[ignore_throttled] parameter is deprecated because frozen indices have been deprecated. Consider cold or frozen tiers in place of frozen indices."]
2023-08-04 12:56:03,676 INFO  [com.dot.ContainerResource] (docker-java-stream-824381349) STDOUT: 12:56:03.676  WARN  client.RestClient - request [POST http://elasticsearch:9200/cluster_51b0cac1ff.live_20230804125536/_search?typed_keys=true&max_concurrent_shard_requests=5&ignore_unavailable=false&expand_wildcards=open&allow_no_indices=true&ignore_throttled=true&search_type=query_then_fetch&batched_reduce_size=512&ccs_minimize_roundtrips=true] returned 2 warnings: [299 Elasticsearch-7.16.1-5b38441b16b1ebb16a27c107a4c3865776e20c53 "Elasticsearch built-in security features are not enabled. Without authentication, your cluster could be accessible to anyone. See https://www.elastic.co/guide/en/elasticsearch/reference/7.16/security-minimal-setup.html to enable security."],[299 Elasticsearch-7.16.1-5b38441b16b1ebb16a27c107a4c3865776e20c53 "[ignore_throttled] parameter is deprecated because frozen indices have been deprecated. Consider cold or frozen tiers in place of frozen indices."]
2023-08-04 12:56:03,682 INFO  [com.dot.ContainerResource] (docker-java-stream-824381349) STDOUT: 12:56:03.681  WARN  client.RestClient - request [POST http://elasticsearch:9200/cluster_51b0cac1ff.live_20230804125536/_search?typed_keys=true&max_concurrent_shard_requests=5&ignore_unavailable=false&expand_wildcards=open&allow_no_indices=true&ignore_throttled=true&search_type=query_then_fetch&batched_reduce_size=512&ccs_minimize_roundtrips=true] returned 2 warnings: [299 Elasticsearch-7.16.1-5b38441b16b1ebb16a27c107a4c3865776e20c53 "Elasticsearch built-in security features are not enabled. Without authentication, your cluster could be accessible to anyone. See https://www.elastic.co/guide/en/elasticsearch/reference/7.16/security-minimal-setup.html to enable security."],[299 Elasticsearch-7.16.1-5b38441b16b1ebb16a27c107a4c3865776e20c53 "[ignore_throttled] parameter is deprecated because frozen indices have been deprecated. Consider cold or frozen tiers in place of frozen indices."]
2023-08-04 12:56:03,687 INFO  [com.dot.ContainerResource] (docker-java-stream-824381349) STDOUT: 12:56:03.686  WARN  client.RestClient - request [POST http://elasticsearch:9200/cluster_51b0cac1ff.live_20230804125536/_search?typed_keys=true&max_concurrent_shard_requests=5&ignore_unavailable=false&expand_wildcards=open&allow_no_indices=true&ignore_throttled=true&search_type=query_then_fetch&batched_reduce_size=512&ccs_minimize_roundtrips=true] returned 2 warnings: [299 Elasticsearch-7.16.1-5b38441b16b1ebb16a27c107a4c3865776e20c53 "Elasticsearch built-in security features are not enabled. Without authentication, your cluster could be accessible to anyone. See https://www.elastic.co/guide/en/elasticsearch/reference/7.16/security-minimal-setup.html to enable security."],[299 Elasticsearch-7.16.1-5b38441b16b1ebb16a27c107a4c3865776e20c53 "[ignore_throttled] parameter is deprecated because frozen indices have been deprecated. Consider cold or frozen tiers in place of frozen indices."]
2023-08-04 12:56:03,693 INFO  [com.dot.ContainerResource] (docker-java-stream-824381349) STDOUT: 12:56:03.693  WARN  client.RestClient - request [POST http://elasticsearch:9200/cluster_51b0cac1ff.live_20230804125536/_search?typed_keys=true&max_concurrent_shard_requests=5&ignore_unavailable=false&expand_wildcards=open&allow_no_indices=true&ignore_throttled=true&search_type=query_then_fetch&batched_reduce_size=512&ccs_minimize_roundtrips=true] returned 2 warnings: [299 Elasticsearch-7.16.1-5b38441b16b1ebb16a27c107a4c3865776e20c53 "Elasticsearch built-in security features are not enabled. Without authentication, your cluster could be accessible to anyone. See https://www.elastic.co/guide/en/elasticsearch/reference/7.16/security-minimal-setup.html to enable security."],[299 Elasticsearch-7.16.1-5b38441b16b1ebb16a27c107a4c3865776e20c53 "[ignore_throttled] parameter is deprecated because frozen indices have been deprecated. Consider cold or frozen tiers in place of frozen indices."]
2023-08-04 12:56:03,700 INFO  [com.dot.ContainerResource] (docker-java-stream-824381349) STDOUT: 12:56:03.696  WARN  client.RestClient - request [POST http://elasticsearch:9200/cluster_51b0cac1ff.live_20230804125536/_search?typed_keys=true&max_concurrent_shard_requests=5&ignore_unavailable=false&expand_wildcards=open&allow_no_indices=true&ignore_throttled=true&search_type=query_then_fetch&batched_reduce_size=512&ccs_minimize_roundtrips=true] returned 2 warnings: [299 Elasticsearch-7.16.1-5b38441b16b1ebb16a27c107a4c3865776e20c53 "Elasticsearch built-in security features are not enabled. Without authentication, your cluster could be accessible to anyone. See https://www.elastic.co/guide/en/elasticsearch/reference/7.16/security-minimal-setup.html to enable security."],[299 Elasticsearch-7.16.1-5b38441b16b1ebb16a27c107a4c3865776e20c53 "[ignore_throttled] parameter is deprecated because frozen indices have been deprecated. Consider cold or frozen tiers in place of frozen indices."]
2023-08-04 12:56:03,707 INFO  [com.dot.ContainerResource] (docker-java-stream-824381349) STDOUT: 12:56:03.705  WARN  client.RestClient - request [POST http://elasticsearch:9200/cluster_51b0cac1ff.live_20230804125536/_search?typed_keys=true&max_concurrent_shard_requests=5&ignore_unavailable=false&expand_wildcards=open&allow_no_indices=true&ignore_throttled=true&search_type=query_then_fetch&batched_reduce_size=512&ccs_minimize_roundtrips=true] returned 2 warnings: [299 Elasticsearch-7.16.1-5b38441b16b1ebb16a27c107a4c3865776e20c53 "Elasticsearch built-in security features are not enabled. Without authentication, your cluster could be accessible to anyone. See https://www.elastic.co/guide/en/elasticsearch/reference/7.16/security-minimal-setup.html to enable security."],[299 Elasticsearch-7.16.1-5b38441b16b1ebb16a27c107a4c3865776e20c53 "[ignore_throttled] parameter is deprecated because frozen indices have been deprecated. Consider cold or frozen tiers in place of frozen indices."]
2023-08-04 12:56:03,718 INFO  [com.dot.ContainerResource] (docker-java-stream-824381349) STDOUT: 12:56:03.715  WARN  client.RestClient - request [POST http://elasticsearch:9200/cluster_51b0cac1ff.live_20230804125536/_search?typed_keys=true&max_concurrent_shard_requests=5&ignore_unavailable=false&expand_wildcards=open&allow_no_indices=true&ignore_throttled=true&search_type=query_then_fetch&batched_reduce_size=512&ccs_minimize_roundtrips=true] returned 2 warnings: [299 Elasticsearch-7.16.1-5b38441b16b1ebb16a27c107a4c3865776e20c53 "Elasticsearch built-in security features are not enabled. Without authentication, your cluster could be accessible to anyone. See https://www.elastic.co/guide/en/elasticsearch/reference/7.16/security-minimal-setup.html to enable security."],[299 Elasticsearch-7.16.1-5b38441b16b1ebb16a27c107a4c3865776e20c53 "[ignore_throttled] parameter is deprecated because frozen indices have been deprecated. Consider cold or frozen tiers in place of frozen indices."]
2023-08-04 12:56:03,725 INFO  [com.dot.ContainerResource] (docker-java-stream-824381349) STDOUT: 12:56:03.724  WARN  client.RestClient - request [POST http://elasticsearch:9200/cluster_51b0cac1ff.live_20230804125536/_search?typed_keys=true&max_concurrent_shard_requests=5&ignore_unavailable=false&expand_wildcards=open&allow_no_indices=true&ignore_throttled=true&search_type=query_then_fetch&batched_reduce_size=512&ccs_minimize_roundtrips=true] returned 2 warnings: [299 Elasticsearch-7.16.1-5b38441b16b1ebb16a27c107a4c3865776e20c53 "Elasticsearch built-in security features are not enabled. Without authentication, your cluster could be accessible to anyone. See https://www.elastic.co/guide/en/elasticsearch/reference/7.16/security-minimal-setup.html to enable security."],[299 Elasticsearch-7.16.1-5b38441b16b1ebb16a27c107a4c3865776e20c53 "[ignore_throttled] parameter is deprecated because frozen indices have been deprecated. Consider cold or frozen tiers in place of frozen indices."]
2023-08-04 12:56:03,729 INFO  [com.dot.ContainerResource] (docker-java-stream-824381349) STDOUT: 12:56:03.728  WARN  client.RestClient - request [POST http://elasticsearch:9200/cluster_51b0cac1ff.live_20230804125536/_search?typed_keys=true&max_concurrent_shard_requests=5&ignore_unavailable=false&expand_wildcards=open&allow_no_indices=true&ignore_throttled=true&search_type=query_then_fetch&batched_reduce_size=512&ccs_minimize_roundtrips=true] returned 2 warnings: [299 Elasticsearch-7.16.1-5b38441b16b1ebb16a27c107a4c3865776e20c53 "Elasticsearch built-in security features are not enabled. Without authentication, your cluster could be accessible to anyone. See https://www.elastic.co/guide/en/elasticsearch/reference/7.16/security-minimal-setup.html to enable security."],[299 Elasticsearch-7.16.1-5b38441b16b1ebb16a27c107a4c3865776e20c53 "[ignore_throttled] parameter is deprecated because frozen indices have been deprecated. Consider cold or frozen tiers in place of frozen indices."]
2023-08-04 12:56:03,734 INFO  [com.dot.ContainerResource] (docker-java-stream-824381349) STDOUT: 12:56:03.734  WARN  client.RestClient - request [POST http://elasticsearch:9200/cluster_51b0cac1ff.live_20230804125536/_search?typed_keys=true&max_concurrent_shard_requests=5&ignore_unavailable=false&expand_wildcards=open&allow_no_indices=true&ignore_throttled=true&search_type=query_then_fetch&batched_reduce_size=512&ccs_minimize_roundtrips=true] returned 2 warnings: [299 Elasticsearch-7.16.1-5b38441b16b1ebb16a27c107a4c3865776e20c53 "Elasticsearch built-in security features are not enabled. Without authentication, your cluster could be accessible to anyone. See https://www.elastic.co/guide/en/elasticsearch/reference/7.16/security-minimal-setup.html to enable security."],[299 Elasticsearch-7.16.1-5b38441b16b1ebb16a27c107a4c3865776e20c53 "[ignore_throttled] parameter is deprecated because frozen indices have been deprecated. Consider cold or frozen tiers in place of frozen indices."]
2023-08-04 12:56:03,739 INFO  [com.dot.ContainerResource] (docker-java-stream-824381349) STDOUT: 12:56:03.739  WARN  client.RestClient - request [POST http://elasticsearch:9200/cluster_51b0cac1ff.live_20230804125536/_search?typed_keys=true&max_concurrent_shard_requests=5&ignore_unavailable=false&expand_wildcards=open&allow_no_indices=true&ignore_throttled=true&search_type=query_then_fetch&batched_reduce_size=512&ccs_minimize_roundtrips=true] returned 2 warnings: [299 Elasticsearch-7.16.1-5b38441b16b1ebb16a27c107a4c3865776e20c53 "Elasticsearch built-in security features are not enabled. Without authentication, your cluster could be accessible to anyone. See https://www.elastic.co/guide/en/elasticsearch/reference/7.16/security-minimal-setup.html to enable security."],[299 Elasticsearch-7.16.1-5b38441b16b1ebb16a27c107a4c3865776e20c53 "[ignore_throttled] parameter is deprecated because frozen indices have been deprecated. Consider cold or frozen tiers in place of frozen indices."]
2023-08-04 12:56:03,743 INFO  [com.dot.ContainerResource] (docker-java-stream-824381349) STDOUT: 12:56:03.743  WARN  client.RestClient - request [POST http://elasticsearch:9200/cluster_51b0cac1ff.live_20230804125536/_search?typed_keys=true&max_concurrent_shard_requests=5&ignore_unavailable=false&expand_wildcards=open&allow_no_indices=true&ignore_throttled=true&search_type=query_then_fetch&batched_reduce_size=512&ccs_minimize_roundtrips=true] returned 2 warnings: [299 Elasticsearch-7.16.1-5b38441b16b1ebb16a27c107a4c3865776e20c53 "Elasticsearch built-in security features are not enabled. Without authentication, your cluster could be accessible to anyone. See https://www.elastic.co/guide/en/elasticsearch/reference/7.16/security-minimal-setup.html to enable security."],[299 Elasticsearch-7.16.1-5b38441b16b1ebb16a27c107a4c3865776e20c53 "[ignore_throttled] parameter is deprecated because frozen indices have been deprecated. Consider cold or frozen tiers in place of frozen indices."]
2023-08-04 12:56:03,747 INFO  [com.dot.ContainerResource] (docker-java-stream-824381349) STDOUT: 12:56:03.747  WARN  client.RestClient - request [POST http://elasticsearch:9200/cluster_51b0cac1ff.live_20230804125536/_search?typed_keys=true&max_concurrent_shard_requests=5&ignore_unavailable=false&expand_wildcards=open&allow_no_indices=true&ignore_throttled=true&search_type=query_then_fetch&batched_reduce_size=512&ccs_minimize_roundtrips=true] returned 2 warnings: [299 Elasticsearch-7.16.1-5b38441b16b1ebb16a27c107a4c3865776e20c53 "Elasticsearch built-in security features are not enabled. Without authentication, your cluster could be accessible to anyone. See https://www.elastic.co/guide/en/elasticsearch/reference/7.16/security-minimal-setup.html to enable security."],[299 Elasticsearch-7.16.1-5b38441b16b1ebb16a27c107a4c3865776e20c53 "[ignore_throttled] parameter is deprecated because frozen indices have been deprecated. Consider cold or frozen tiers in place of frozen indices."]
2023-08-04 12:56:03,751 INFO  [com.dot.ContainerResource] (docker-java-stream-824381349) STDOUT: 12:56:03.750  WARN  client.RestClient - request [POST http://elasticsearch:9200/cluster_51b0cac1ff.live_20230804125536/_search?typed_keys=true&max_concurrent_shard_requests=5&ignore_unavailable=false&expand_wildcards=open&allow_no_indices=true&ignore_throttled=true&search_type=query_then_fetch&batched_reduce_size=512&ccs_minimize_roundtrips=true] returned 2 warnings: [299 Elasticsearch-7.16.1-5b38441b16b1ebb16a27c107a4c3865776e20c53 "Elasticsearch built-in security features are not enabled. Without authentication, your cluster could be accessible to anyone. See https://www.elastic.co/guide/en/elasticsearch/reference/7.16/security-minimal-setup.html to enable security."],[299 Elasticsearch-7.16.1-5b38441b16b1ebb16a27c107a4c3865776e20c53 "[ignore_throttled] parameter is deprecated because frozen indices have been deprecated. Consider cold or frozen tiers in place of frozen indices."]
2023-08-04 12:56:03,754 INFO  [com.dot.ContainerResource] (docker-java-stream-824381349) STDOUT: 12:56:03.754  WARN  client.RestClient - request [POST http://elasticsearch:9200/cluster_51b0cac1ff.live_20230804125536/_search?typed_keys=true&max_concurrent_shard_requests=5&ignore_unavailable=false&expand_wildcards=open&allow_no_indices=true&ignore_throttled=true&search_type=query_then_fetch&batched_reduce_size=512&ccs_minimize_roundtrips=true] returned 2 warnings: [299 Elasticsearch-7.16.1-5b38441b16b1ebb16a27c107a4c3865776e20c53 "Elasticsearch built-in security features are not enabled. Without authentication, your cluster could be accessible to anyone. See https://www.elastic.co/guide/en/elasticsearch/reference/7.16/security-minimal-setup.html to enable security."],[299 Elasticsearch-7.16.1-5b38441b16b1ebb16a27c107a4c3865776e20c53 "[ignore_throttled] parameter is deprecated because frozen indices have been deprecated. Consider cold or frozen tiers in place of frozen indices."]
2023-08-04 12:56:03,760 INFO  [com.dot.ContainerResource] (docker-java-stream-824381349) STDOUT: 12:56:03.760  WARN  client.RestClient - request [POST http://elasticsearch:9200/cluster_51b0cac1ff.live_20230804125536/_search?typed_keys=true&max_concurrent_shard_requests=5&ignore_unavailable=false&expand_wildcards=open&allow_no_indices=true&ignore_throttled=true&search_type=query_then_fetch&batched_reduce_size=512&ccs_minimize_roundtrips=true] returned 2 warnings: [299 Elasticsearch-7.16.1-5b38441b16b1ebb16a27c107a4c3865776e20c53 "Elasticsearch built-in security features are not enabled. Without authentication, your cluster could be accessible to anyone. See https://www.elastic.co/guide/en/elasticsearch/reference/7.16/security-minimal-setup.html to enable security."],[299 Elasticsearch-7.16.1-5b38441b16b1ebb16a27c107a4c3865776e20c53 "[ignore_throttled] parameter is deprecated because frozen indices have been deprecated. Consider cold or frozen tiers in place of frozen indices."]
2023-08-04 12:56:03,771 INFO  [com.dot.ContainerResource] (docker-java-stream-824381349) STDOUT: 12:56:03.771  WARN  client.RestClient - request [POST http://elasticsearch:9200/cluster_51b0cac1ff.live_20230804125536/_search?typed_keys=true&max_concurrent_shard_requests=5&ignore_unavailable=false&expand_wildcards=open&allow_no_indices=true&ignore_throttled=true&search_type=query_then_fetch&batched_reduce_size=512&ccs_minimize_roundtrips=true] returned 2 warnings: [299 Elasticsearch-7.16.1-5b38441b16b1ebb16a27c107a4c3865776e20c53 "Elasticsearch built-in security features are not enabled. Without authentication, your cluster could be accessible to anyone. See https://www.elastic.co/guide/en/elasticsearch/reference/7.16/security-minimal-setup.html to enable security."],[299 Elasticsearch-7.16.1-5b38441b16b1ebb16a27c107a4c3865776e20c53 "[ignore_throttled] parameter is deprecated because frozen indices have been deprecated. Consider cold or frozen tiers in place of frozen indices."]
2023-08-04 12:56:03,787 INFO  [com.dot.ContainerResource] (docker-java-stream-824381349) STDOUT: 12:56:03.781  WARN  client.RestClient - request [POST http://elasticsearch:9200/cluster_51b0cac1ff.live_20230804125536/_search?typed_keys=true&max_concurrent_shard_requests=5&ignore_unavailable=false&expand_wildcards=open&allow_no_indices=true&ignore_throttled=true&search_type=query_then_fetch&batched_reduce_size=512&ccs_minimize_roundtrips=true] returned 2 warnings: [299 Elasticsearch-7.16.1-5b38441b16b1ebb16a27c107a4c3865776e20c53 "Elasticsearch built-in security features are not enabled. Without authentication, your cluster could be accessible to anyone. See https://www.elastic.co/guide/en/elasticsearch/reference/7.16/security-minimal-setup.html to enable security."],[299 Elasticsearch-7.16.1-5b38441b16b1ebb16a27c107a4c3865776e20c53 "[ignore_throttled] parameter is deprecated because frozen indices have been deprecated. Consider cold or frozen tiers in place of frozen indices."]
2023-08-04 12:56:03,787 INFO  [com.dot.ContainerResource] (docker-java-stream-824381349) STDOUT: 12:56:03.785  WARN  client.RestClient - request [POST http://elasticsearch:9200/cluster_51b0cac1ff.live_20230804125536/_search?typed_keys=true&max_concurrent_shard_requests=5&ignore_unavailable=false&expand_wildcards=open&allow_no_indices=true&ignore_throttled=true&search_type=query_then_fetch&batched_reduce_size=512&ccs_minimize_roundtrips=true] returned 2 warnings: [299 Elasticsearch-7.16.1-5b38441b16b1ebb16a27c107a4c3865776e20c53 "Elasticsearch built-in security features are not enabled. Without authentication, your cluster could be accessible to anyone. See https://www.elastic.co/guide/en/elasticsearch/reference/7.16/security-minimal-setup.html to enable security."],[299 Elasticsearch-7.16.1-5b38441b16b1ebb16a27c107a4c3865776e20c53 "[ignore_throttled] parameter is deprecated because frozen indices have been deprecated. Consider cold or frozen tiers in place of frozen indices."]
2023-08-04 12:56:03,797 INFO  [com.dot.ContainerResource] (docker-java-stream-824381349) STDOUT: 12:56:03.794  WARN  client.RestClient - request [POST http://elasticsearch:9200/cluster_51b0cac1ff.live_20230804125536/_search?typed_keys=true&max_concurrent_shard_requests=5&ignore_unavailable=false&expand_wildcards=open&allow_no_indices=true&ignore_throttled=true&search_type=query_then_fetch&batched_reduce_size=512&ccs_minimize_roundtrips=true] returned 2 warnings: [299 Elasticsearch-7.16.1-5b38441b16b1ebb16a27c107a4c3865776e20c53 "Elasticsearch built-in security features are not enabled. Without authentication, your cluster could be accessible to anyone. See https://www.elastic.co/guide/en/elasticsearch/reference/7.16/security-minimal-setup.html to enable security."],[299 Elasticsearch-7.16.1-5b38441b16b1ebb16a27c107a4c3865776e20c53 "[ignore_throttled] parameter is deprecated because frozen indices have been deprecated. Consider cold or frozen tiers in place of frozen indices."]
2023-08-04 12:56:03,802 INFO  [com.dot.ContainerResource] (docker-java-stream-824381349) STDOUT: 12:56:03.800  WARN  client.RestClient - request [POST http://elasticsearch:9200/cluster_51b0cac1ff.live_20230804125536/_search?typed_keys=true&max_concurrent_shard_requests=5&ignore_unavailable=false&expand_wildcards=open&allow_no_indices=true&ignore_throttled=true&search_type=query_then_fetch&batched_reduce_size=512&ccs_minimize_roundtrips=true] returned 2 warnings: [299 Elasticsearch-7.16.1-5b38441b16b1ebb16a27c107a4c3865776e20c53 "Elasticsearch built-in security features are not enabled. Without authentication, your cluster could be accessible to anyone. See https://www.elastic.co/guide/en/elasticsearch/reference/7.16/security-minimal-setup.html to enable security."],[299 Elasticsearch-7.16.1-5b38441b16b1ebb16a27c107a4c3865776e20c53 "[ignore_throttled] parameter is deprecated because frozen indices have been deprecated. Consider cold or frozen tiers in place of frozen indices."]
2023-08-04 12:56:03,811 INFO  [com.dot.ContainerResource] (docker-java-stream-824381349) STDOUT: 12:56:03.810  WARN  client.RestClient - request [POST http://elasticsearch:9200/cluster_51b0cac1ff.live_20230804125536/_search?typed_keys=true&max_concurrent_shard_requests=5&ignore_unavailable=false&expand_wildcards=open&allow_no_indices=true&ignore_throttled=true&search_type=query_then_fetch&batched_reduce_size=512&ccs_minimize_roundtrips=true] returned 2 warnings: [299 Elasticsearch-7.16.1-5b38441b16b1ebb16a27c107a4c3865776e20c53 "Elasticsearch built-in security features are not enabled. Without authentication, your cluster could be accessible to anyone. See https://www.elastic.co/guide/en/elasticsearch/reference/7.16/security-minimal-setup.html to enable security."],[299 Elasticsearch-7.16.1-5b38441b16b1ebb16a27c107a4c3865776e20c53 "[ignore_throttled] parameter is deprecated because frozen indices have been deprecated. Consider cold or frozen tiers in place of frozen indices."]
2023-08-04 12:56:03,822 INFO  [com.dot.ContainerResource] (docker-java-stream-824381349) STDOUT: 12:56:03.820  WARN  client.RestClient - request [POST http://elasticsearch:9200/cluster_51b0cac1ff.live_20230804125536/_search?typed_keys=true&max_concurrent_shard_requests=5&ignore_unavailable=false&expand_wildcards=open&allow_no_indices=true&ignore_throttled=true&search_type=query_then_fetch&batched_reduce_size=512&ccs_minimize_roundtrips=true] returned 2 warnings: [299 Elasticsearch-7.16.1-5b38441b16b1ebb16a27c107a4c3865776e20c53 "Elasticsearch built-in security features are not enabled. Without authentication, your cluster could be accessible to anyone. See https://www.elastic.co/guide/en/elasticsearch/reference/7.16/security-minimal-setup.html to enable security."],[299 Elasticsearch-7.16.1-5b38441b16b1ebb16a27c107a4c3865776e20c53 "[ignore_throttled] parameter is deprecated because frozen indices have been deprecated. Consider cold or frozen tiers in place of frozen indices."]
2023-08-04 12:56:03,829 INFO  [com.dot.ContainerResource] (docker-java-stream-824381349) STDOUT: 12:56:03.828  WARN  client.RestClient - request [POST http://elasticsearch:9200/cluster_51b0cac1ff.live_20230804125536/_search?typed_keys=true&max_concurrent_shard_requests=5&ignore_unavailable=false&expand_wildcards=open&allow_no_indices=true&ignore_throttled=true&search_type=query_then_fetch&batched_reduce_size=512&ccs_minimize_roundtrips=true] returned 2 warnings: [299 Elasticsearch-7.16.1-5b38441b16b1ebb16a27c107a4c3865776e20c53 "Elasticsearch built-in security features are not enabled. Without authentication, your cluster could be accessible to anyone. See https://www.elastic.co/guide/en/elasticsearch/reference/7.16/security-minimal-setup.html to enable security."],[299 Elasticsearch-7.16.1-5b38441b16b1ebb16a27c107a4c3865776e20c53 "[ignore_throttled] parameter is deprecated because frozen indices have been deprecated. Consider cold or frozen tiers in place of frozen indices."]
2023-08-04 12:56:03,833 INFO  [com.dot.ContainerResource] (docker-java-stream-824381349) STDOUT: 12:56:03.832  WARN  client.RestClient - request [POST http://elasticsearch:9200/cluster_51b0cac1ff.live_20230804125536/_search?typed_keys=true&max_concurrent_shard_requests=5&ignore_unavailable=false&expand_wildcards=open&allow_no_indices=true&ignore_throttled=true&search_type=query_then_fetch&batched_reduce_size=512&ccs_minimize_roundtrips=true] returned 2 warnings: [299 Elasticsearch-7.16.1-5b38441b16b1ebb16a27c107a4c3865776e20c53 "Elasticsearch built-in security features are not enabled. Without authentication, your cluster could be accessible to anyone. See https://www.elastic.co/guide/en/elasticsearch/reference/7.16/security-minimal-setup.html to enable security."],[299 Elasticsearch-7.16.1-5b38441b16b1ebb16a27c107a4c3865776e20c53 "[ignore_throttled] parameter is deprecated because frozen indices have been deprecated. Consider cold or frozen tiers in place of frozen indices."]
2023-08-04 12:56:03,838 INFO  [com.dot.ContainerResource] (docker-java-stream-824381349) STDOUT: 12:56:03.838  WARN  client.RestClient - request [POST http://elasticsearch:9200/cluster_51b0cac1ff.live_20230804125536/_search?typed_keys=true&max_concurrent_shard_requests=5&ignore_unavailable=false&expand_wildcards=open&allow_no_indices=true&ignore_throttled=true&search_type=query_then_fetch&batched_reduce_size=512&ccs_minimize_roundtrips=true] returned 2 warnings: [299 Elasticsearch-7.16.1-5b38441b16b1ebb16a27c107a4c3865776e20c53 "Elasticsearch built-in security features are not enabled. Without authentication, your cluster could be accessible to anyone. See https://www.elastic.co/guide/en/elasticsearch/reference/7.16/security-minimal-setup.html to enable security."],[299 Elasticsearch-7.16.1-5b38441b16b1ebb16a27c107a4c3865776e20c53 "[ignore_throttled] parameter is deprecated because frozen indices have been deprecated. Consider cold or frozen tiers in place of frozen indices."]
2023-08-04 12:56:03,846 INFO  [com.dot.ContainerResource] (docker-java-stream-824381349) STDOUT: 12:56:03.845  WARN  client.RestClient - request [POST http://elasticsearch:9200/cluster_51b0cac1ff.live_20230804125536/_search?typed_keys=true&max_concurrent_shard_requests=5&ignore_unavailable=false&expand_wildcards=open&allow_no_indices=true&ignore_throttled=true&search_type=query_then_fetch&batched_reduce_size=512&ccs_minimize_roundtrips=true] returned 2 warnings: [299 Elasticsearch-7.16.1-5b38441b16b1ebb16a27c107a4c3865776e20c53 "Elasticsearch built-in security features are not enabled. Without authentication, your cluster could be accessible to anyone. See https://www.elastic.co/guide/en/elasticsearch/reference/7.16/security-minimal-setup.html to enable security."],[299 Elasticsearch-7.16.1-5b38441b16b1ebb16a27c107a4c3865776e20c53 "[ignore_throttled] parameter is deprecated because frozen indices have been deprecated. Consider cold or frozen tiers in place of frozen indices."]
2023-08-04 12:56:03,851 INFO  [com.dot.ContainerResource] (docker-java-stream-824381349) STDOUT: 12:56:03.850  WARN  client.RestClient - request [POST http://elasticsearch:9200/cluster_51b0cac1ff.live_20230804125536/_search?typed_keys=true&max_concurrent_shard_requests=5&ignore_unavailable=false&expand_wildcards=open&allow_no_indices=true&ignore_throttled=true&search_type=query_then_fetch&batched_reduce_size=512&ccs_minimize_roundtrips=true] returned 2 warnings: [299 Elasticsearch-7.16.1-5b38441b16b1ebb16a27c107a4c3865776e20c53 "Elasticsearch built-in security features are not enabled. Without authentication, your cluster could be accessible to anyone. See https://www.elastic.co/guide/en/elasticsearch/reference/7.16/security-minimal-setup.html to enable security."],[299 Elasticsearch-7.16.1-5b38441b16b1ebb16a27c107a4c3865776e20c53 "[ignore_throttled] parameter is deprecated because frozen indices have been deprecated. Consider cold or frozen tiers in place of frozen indices."]
2023-08-04 12:56:03,855 INFO  [com.dot.ContainerResource] (docker-java-stream-824381349) STDOUT: 12:56:03.855  WARN  client.RestClient - request [POST http://elasticsearch:9200/cluster_51b0cac1ff.live_20230804125536/_search?typed_keys=true&max_concurrent_shard_requests=5&ignore_unavailable=false&expand_wildcards=open&allow_no_indices=true&ignore_throttled=true&search_type=query_then_fetch&batched_reduce_size=512&ccs_minimize_roundtrips=true] returned 2 warnings: [299 Elasticsearch-7.16.1-5b38441b16b1ebb16a27c107a4c3865776e20c53 "Elasticsearch built-in security features are not enabled. Without authentication, your cluster could be accessible to anyone. See https://www.elastic.co/guide/en/elasticsearch/reference/7.16/security-minimal-setup.html to enable security."],[299 Elasticsearch-7.16.1-5b38441b16b1ebb16a27c107a4c3865776e20c53 "[ignore_throttled] parameter is deprecated because frozen indices have been deprecated. Consider cold or frozen tiers in place of frozen indices."]
2023-08-04 12:56:03,862 INFO  [com.dot.ContainerResource] (docker-java-stream-824381349) STDOUT: 12:56:03.861  WARN  client.RestClient - request [POST http://elasticsearch:9200/cluster_51b0cac1ff.live_20230804125536/_search?typed_keys=true&max_concurrent_shard_requests=5&ignore_unavailable=false&expand_wildcards=open&allow_no_indices=true&ignore_throttled=true&search_type=query_then_fetch&batched_reduce_size=512&ccs_minimize_roundtrips=true] returned 2 warnings: [299 Elasticsearch-7.16.1-5b38441b16b1ebb16a27c107a4c3865776e20c53 "Elasticsearch built-in security features are not enabled. Without authentication, your cluster could be accessible to anyone. See https://www.elastic.co/guide/en/elasticsearch/reference/7.16/security-minimal-setup.html to enable security."],[299 Elasticsearch-7.16.1-5b38441b16b1ebb16a27c107a4c3865776e20c53 "[ignore_throttled] parameter is deprecated because frozen indices have been deprecated. Consider cold or frozen tiers in place of frozen indices."]
2023-08-04 12:56:03,871 INFO  [com.dot.ContainerResource] (docker-java-stream-824381349) STDOUT: 12:56:03.870  WARN  client.RestClient - request [POST http://elasticsearch:9200/cluster_51b0cac1ff.live_20230804125536/_search?typed_keys=true&max_concurrent_shard_requests=5&ignore_unavailable=false&expand_wildcards=open&allow_no_indices=true&ignore_throttled=true&search_type=query_then_fetch&batched_reduce_size=512&ccs_minimize_roundtrips=true] returned 2 warnings: [299 Elasticsearch-7.16.1-5b38441b16b1ebb16a27c107a4c3865776e20c53 "Elasticsearch built-in security features are not enabled. Without authentication, your cluster could be accessible to anyone. See https://www.elastic.co/guide/en/elasticsearch/reference/7.16/security-minimal-setup.html to enable security."],[299 Elasticsearch-7.16.1-5b38441b16b1ebb16a27c107a4c3865776e20c53 "[ignore_throttled] parameter is deprecated because frozen indices have been deprecated. Consider cold or frozen tiers in place of frozen indices."]
2023-08-04 12:56:03,876 INFO  [com.dot.ContainerResource] (docker-java-stream-824381349) STDOUT: 12:56:03.875  WARN  client.RestClient - request [POST http://elasticsearch:9200/cluster_51b0cac1ff.live_20230804125536/_search?typed_keys=true&max_concurrent_shard_requests=5&ignore_unavailable=false&expand_wildcards=open&allow_no_indices=true&ignore_throttled=true&search_type=query_then_fetch&batched_reduce_size=512&ccs_minimize_roundtrips=true] returned 2 warnings: [299 Elasticsearch-7.16.1-5b38441b16b1ebb16a27c107a4c3865776e20c53 "Elasticsearch built-in security features are not enabled. Without authentication, your cluster could be accessible to anyone. See https://www.elastic.co/guide/en/elasticsearch/reference/7.16/security-minimal-setup.html to enable security."],[299 Elasticsearch-7.16.1-5b38441b16b1ebb16a27c107a4c3865776e20c53 "[ignore_throttled] parameter is deprecated because frozen indices have been deprecated. Consider cold or frozen tiers in place of frozen indices."]
2023-08-04 12:56:03,880 INFO  [com.dot.ContainerResource] (docker-java-stream-824381349) STDOUT: 12:56:03.879  WARN  client.RestClient - request [POST http://elasticsearch:9200/cluster_51b0cac1ff.live_20230804125536/_search?typed_keys=true&max_concurrent_shard_requests=5&ignore_unavailable=false&expand_wildcards=open&allow_no_indices=true&ignore_throttled=true&search_type=query_then_fetch&batched_reduce_size=512&ccs_minimize_roundtrips=true] returned 2 warnings: [299 Elasticsearch-7.16.1-5b38441b16b1ebb16a27c107a4c3865776e20c53 "Elasticsearch built-in security features are not enabled. Without authentication, your cluster could be accessible to anyone. See https://www.elastic.co/guide/en/elasticsearch/reference/7.16/security-minimal-setup.html to enable security."],[299 Elasticsearch-7.16.1-5b38441b16b1ebb16a27c107a4c3865776e20c53 "[ignore_throttled] parameter is deprecated because frozen indices have been deprecated. Consider cold or frozen tiers in place of frozen indices."]
2023-08-04 12:56:03,883 INFO  [com.dot.ContainerResource] (docker-java-stream-824381349) STDOUT: 12:56:03.883  WARN  client.RestClient - request [POST http://elasticsearch:9200/cluster_51b0cac1ff.live_20230804125536/_search?typed_keys=true&max_concurrent_shard_requests=5&ignore_unavailable=false&expand_wildcards=open&allow_no_indices=true&ignore_throttled=true&search_type=query_then_fetch&batched_reduce_size=512&ccs_minimize_roundtrips=true] returned 2 warnings: [299 Elasticsearch-7.16.1-5b38441b16b1ebb16a27c107a4c3865776e20c53 "Elasticsearch built-in security features are not enabled. Without authentication, your cluster could be accessible to anyone. See https://www.elastic.co/guide/en/elasticsearch/reference/7.16/security-minimal-setup.html to enable security."],[299 Elasticsearch-7.16.1-5b38441b16b1ebb16a27c107a4c3865776e20c53 "[ignore_throttled] parameter is deprecated because frozen indices have been deprecated. Consider cold or frozen tiers in place of frozen indices."]
2023-08-04 12:56:03,887 INFO  [com.dot.ContainerResource] (docker-java-stream-824381349) STDOUT: 12:56:03.887  WARN  client.RestClient - request [POST http://elasticsearch:9200/cluster_51b0cac1ff.live_20230804125536/_search?typed_keys=true&max_concurrent_shard_requests=5&ignore_unavailable=false&expand_wildcards=open&allow_no_indices=true&ignore_throttled=true&search_type=query_then_fetch&batched_reduce_size=512&ccs_minimize_roundtrips=true] returned 2 warnings: [299 Elasticsearch-7.16.1-5b38441b16b1ebb16a27c107a4c3865776e20c53 "Elasticsearch built-in security features are not enabled. Without authentication, your cluster could be accessible to anyone. See https://www.elastic.co/guide/en/elasticsearch/reference/7.16/security-minimal-setup.html to enable security."],[299 Elasticsearch-7.16.1-5b38441b16b1ebb16a27c107a4c3865776e20c53 "[ignore_throttled] parameter is deprecated because frozen indices have been deprecated. Consider cold or frozen tiers in place of frozen indices."]
2023-08-04 12:56:03,890 INFO  [com.dot.ContainerResource] (docker-java-stream-824381349) STDOUT: 12:56:03.890  WARN  client.RestClient - request [POST http://elasticsearch:9200/cluster_51b0cac1ff.live_20230804125536/_search?typed_keys=true&max_concurrent_shard_requests=5&ignore_unavailable=false&expand_wildcards=open&allow_no_indices=true&ignore_throttled=true&search_type=query_then_fetch&batched_reduce_size=512&ccs_minimize_roundtrips=true] returned 2 warnings: [299 Elasticsearch-7.16.1-5b38441b16b1ebb16a27c107a4c3865776e20c53 "Elasticsearch built-in security features are not enabled. Without authentication, your cluster could be accessible to anyone. See https://www.elastic.co/guide/en/elasticsearch/reference/7.16/security-minimal-setup.html to enable security."],[299 Elasticsearch-7.16.1-5b38441b16b1ebb16a27c107a4c3865776e20c53 "[ignore_throttled] parameter is deprecated because frozen indices have been deprecated. Consider cold or frozen tiers in place of frozen indices."]
2023-08-04 12:56:03,893 INFO  [com.dot.ContainerResource] (docker-java-stream-824381349) STDOUT: 12:56:03.893  WARN  client.RestClient - request [POST http://elasticsearch:9200/cluster_51b0cac1ff.live_20230804125536/_search?typed_keys=true&max_concurrent_shard_requests=5&ignore_unavailable=false&expand_wildcards=open&allow_no_indices=true&ignore_throttled=true&search_type=query_then_fetch&batched_reduce_size=512&ccs_minimize_roundtrips=true] returned 2 warnings: [299 Elasticsearch-7.16.1-5b38441b16b1ebb16a27c107a4c3865776e20c53 "Elasticsearch built-in security features are not enabled. Without authentication, your cluster could be accessible to anyone. See https://www.elastic.co/guide/en/elasticsearch/reference/7.16/security-minimal-setup.html to enable security."],[299 Elasticsearch-7.16.1-5b38441b16b1ebb16a27c107a4c3865776e20c53 "[ignore_throttled] parameter is deprecated because frozen indices have been deprecated. Consider cold or frozen tiers in place of frozen indices."]
2023-08-04 12:56:03,896 INFO  [com.dot.ContainerResource] (docker-java-stream-824381349) STDOUT: 12:56:03.896  WARN  client.RestClient - request [POST http://elasticsearch:9200/cluster_51b0cac1ff.live_20230804125536/_search?typed_keys=true&max_concurrent_shard_requests=5&ignore_unavailable=false&expand_wildcards=open&allow_no_indices=true&ignore_throttled=true&search_type=query_then_fetch&batched_reduce_size=512&ccs_minimize_roundtrips=true] returned 2 warnings: [299 Elasticsearch-7.16.1-5b38441b16b1ebb16a27c107a4c3865776e20c53 "Elasticsearch built-in security features are not enabled. Without authentication, your cluster could be accessible to anyone. See https://www.elastic.co/guide/en/elasticsearch/reference/7.16/security-minimal-setup.html to enable security."],[299 Elasticsearch-7.16.1-5b38441b16b1ebb16a27c107a4c3865776e20c53 "[ignore_throttled] parameter is deprecated because frozen indices have been deprecated. Consider cold or frozen tiers in place of frozen indices."]
2023-08-04 12:56:03,899 INFO  [com.dot.ContainerResource] (docker-java-stream-824381349) STDOUT: 12:56:03.899  WARN  client.RestClient - request [POST http://elasticsearch:9200/cluster_51b0cac1ff.live_20230804125536/_search?typed_keys=true&max_concurrent_shard_requests=5&ignore_unavailable=false&expand_wildcards=open&allow_no_indices=true&ignore_throttled=true&search_type=query_then_fetch&batched_reduce_size=512&ccs_minimize_roundtrips=true] returned 2 warnings: [299 Elasticsearch-7.16.1-5b38441b16b1ebb16a27c107a4c3865776e20c53 "Elasticsearch built-in security features are not enabled. Without authentication, your cluster could be accessible to anyone. See https://www.elastic.co/guide/en/elasticsearch/reference/7.16/security-minimal-setup.html to enable security."],[299 Elasticsearch-7.16.1-5b38441b16b1ebb16a27c107a4c3865776e20c53 "[ignore_throttled] parameter is deprecated because frozen indices have been deprecated. Consider cold or frozen tiers in place of frozen indices."]
2023-08-04 12:56:03,902 INFO  [com.dot.ContainerResource] (docker-java-stream-824381349) STDOUT: 12:56:03.902  WARN  client.RestClient - request [POST http://elasticsearch:9200/cluster_51b0cac1ff.live_20230804125536/_search?typed_keys=true&max_concurrent_shard_requests=5&ignore_unavailable=false&expand_wildcards=open&allow_no_indices=true&ignore_throttled=true&search_type=query_then_fetch&batched_reduce_size=512&ccs_minimize_roundtrips=true] returned 2 warnings: [299 Elasticsearch-7.16.1-5b38441b16b1ebb16a27c107a4c3865776e20c53 "Elasticsearch built-in security features are not enabled. Without authentication, your cluster could be accessible to anyone. See https://www.elastic.co/guide/en/elasticsearch/reference/7.16/security-minimal-setup.html to enable security."],[299 Elasticsearch-7.16.1-5b38441b16b1ebb16a27c107a4c3865776e20c53 "[ignore_throttled] parameter is deprecated because frozen indices have been deprecated. Consider cold or frozen tiers in place of frozen indices."]
2023-08-04 12:56:03,905 INFO  [com.dot.ContainerResource] (docker-java-stream-824381349) STDOUT: 12:56:03.905  WARN  client.RestClient - request [POST http://elasticsearch:9200/cluster_51b0cac1ff.live_20230804125536/_search?typed_keys=true&max_concurrent_shard_requests=5&ignore_unavailable=false&expand_wildcards=open&allow_no_indices=true&ignore_throttled=true&search_type=query_then_fetch&batched_reduce_size=512&ccs_minimize_roundtrips=true] returned 2 warnings: [299 Elasticsearch-7.16.1-5b38441b16b1ebb16a27c107a4c3865776e20c53 "Elasticsearch built-in security features are not enabled. Without authentication, your cluster could be accessible to anyone. See https://www.elastic.co/guide/en/elasticsearch/reference/7.16/security-minimal-setup.html to enable security."],[299 Elasticsearch-7.16.1-5b38441b16b1ebb16a27c107a4c3865776e20c53 "[ignore_throttled] parameter is deprecated because frozen indices have been deprecated. Consider cold or frozen tiers in place of frozen indices."]
2023-08-04 12:56:03,908 INFO  [com.dot.ContainerResource] (docker-java-stream-824381349) STDOUT: 12:56:03.908  WARN  client.RestClient - request [POST http://elasticsearch:9200/cluster_51b0cac1ff.live_20230804125536/_search?typed_keys=true&max_concurrent_shard_requests=5&ignore_unavailable=false&expand_wildcards=open&allow_no_indices=true&ignore_throttled=true&search_type=query_then_fetch&batched_reduce_size=512&ccs_minimize_roundtrips=true] returned 2 warnings: [299 Elasticsearch-7.16.1-5b38441b16b1ebb16a27c107a4c3865776e20c53 "Elasticsearch built-in security features are not enabled. Without authentication, your cluster could be accessible to anyone. See https://www.elastic.co/guide/en/elasticsearch/reference/7.16/security-minimal-setup.html to enable security."],[299 Elasticsearch-7.16.1-5b38441b16b1ebb16a27c107a4c3865776e20c53 "[ignore_throttled] parameter is deprecated because frozen indices have been deprecated. Consider cold or frozen tiers in place of frozen indices."]
2023-08-04 12:56:03,917 INFO  [com.dot.ContainerResource] (docker-java-stream-824381349) STDOUT: 12:56:03.915  WARN  client.RestClient - request [POST http://elasticsearch:9200/cluster_51b0cac1ff.live_20230804125536/_search?typed_keys=true&max_concurrent_shard_requests=5&ignore_unavailable=false&expand_wildcards=open&allow_no_indices=true&ignore_throttled=true&search_type=query_then_fetch&batched_reduce_size=512&ccs_minimize_roundtrips=true] returned 2 warnings: [299 Elasticsearch-7.16.1-5b38441b16b1ebb16a27c107a4c3865776e20c53 "Elasticsearch built-in security features are not enabled. Without authentication, your cluster could be accessible to anyone. See https://www.elastic.co/guide/en/elasticsearch/reference/7.16/security-minimal-setup.html to enable security."],[299 Elasticsearch-7.16.1-5b38441b16b1ebb16a27c107a4c3865776e20c53 "[ignore_throttled] parameter is deprecated because frozen indices have been deprecated. Consider cold or frozen tiers in place of frozen indices."]
2023-08-04 12:56:03,920 INFO  [com.dot.ContainerResource] (docker-java-stream-824381349) STDOUT: 12:56:03.919  WARN  client.RestClient - request [POST http://elasticsearch:9200/cluster_51b0cac1ff.live_20230804125536/_search?typed_keys=true&max_concurrent_shard_requests=5&ignore_unavailable=false&expand_wildcards=open&allow_no_indices=true&ignore_throttled=true&search_type=query_then_fetch&batched_reduce_size=512&ccs_minimize_roundtrips=true] returned 2 warnings: [299 Elasticsearch-7.16.1-5b38441b16b1ebb16a27c107a4c3865776e20c53 "Elasticsearch built-in security features are not enabled. Without authentication, your cluster could be accessible to anyone. See https://www.elastic.co/guide/en/elasticsearch/reference/7.16/security-minimal-setup.html to enable security."],[299 Elasticsearch-7.16.1-5b38441b16b1ebb16a27c107a4c3865776e20c53 "[ignore_throttled] parameter is deprecated because frozen indices have been deprecated. Consider cold or frozen tiers in place of frozen indices."]
2023-08-04 12:56:03,927 INFO  [com.dot.ContainerResource] (docker-java-stream-824381349) STDOUT: 12:56:03.927  WARN  client.RestClient - request [POST http://elasticsearch:9200/cluster_51b0cac1ff.live_20230804125536/_search?typed_keys=true&max_concurrent_shard_requests=5&ignore_unavailable=false&expand_wildcards=open&allow_no_indices=true&ignore_throttled=true&search_type=query_then_fetch&batched_reduce_size=512&ccs_minimize_roundtrips=true] returned 2 warnings: [299 Elasticsearch-7.16.1-5b38441b16b1ebb16a27c107a4c3865776e20c53 "Elasticsearch built-in security features are not enabled. Without authentication, your cluster could be accessible to anyone. See https://www.elastic.co/guide/en/elasticsearch/reference/7.16/security-minimal-setup.html to enable security."],[299 Elasticsearch-7.16.1-5b38441b16b1ebb16a27c107a4c3865776e20c53 "[ignore_throttled] parameter is deprecated because frozen indices have been deprecated. Consider cold or frozen tiers in place of frozen indices."]
2023-08-04 12:56:03,931 INFO  [com.dot.ContainerResource] (docker-java-stream-824381349) STDOUT: 12:56:03.931  WARN  client.RestClient - request [POST http://elasticsearch:9200/cluster_51b0cac1ff.live_20230804125536/_search?typed_keys=true&max_concurrent_shard_requests=5&ignore_unavailable=false&expand_wildcards=open&allow_no_indices=true&ignore_throttled=true&search_type=query_then_fetch&batched_reduce_size=512&ccs_minimize_roundtrips=true] returned 2 warnings: [299 Elasticsearch-7.16.1-5b38441b16b1ebb16a27c107a4c3865776e20c53 "Elasticsearch built-in security features are not enabled. Without authentication, your cluster could be accessible to anyone. See https://www.elastic.co/guide/en/elasticsearch/reference/7.16/security-minimal-setup.html to enable security."],[299 Elasticsearch-7.16.1-5b38441b16b1ebb16a27c107a4c3865776e20c53 "[ignore_throttled] parameter is deprecated because frozen indices have been deprecated. Consider cold or frozen tiers in place of frozen indices."]
2023-08-04 12:56:03,937 INFO  [com.dot.ContainerResource] (docker-java-stream-824381349) STDOUT: 12:56:03.937  WARN  client.RestClient - request [POST http://elasticsearch:9200/cluster_51b0cac1ff.live_20230804125536/_search?typed_keys=true&max_concurrent_shard_requests=5&ignore_unavailable=false&expand_wildcards=open&allow_no_indices=true&ignore_throttled=true&search_type=query_then_fetch&batched_reduce_size=512&ccs_minimize_roundtrips=true] returned 2 warnings: [299 Elasticsearch-7.16.1-5b38441b16b1ebb16a27c107a4c3865776e20c53 "Elasticsearch built-in security features are not enabled. Without authentication, your cluster could be accessible to anyone. See https://www.elastic.co/guide/en/elasticsearch/reference/7.16/security-minimal-setup.html to enable security."],[299 Elasticsearch-7.16.1-5b38441b16b1ebb16a27c107a4c3865776e20c53 "[ignore_throttled] parameter is deprecated because frozen indices have been deprecated. Consider cold or frozen tiers in place of frozen indices."]
2023-08-04 12:56:03,941 INFO  [com.dot.ContainerResource] (docker-java-stream-824381349) STDOUT: 12:56:03.941  WARN  client.RestClient - request [POST http://elasticsearch:9200/cluster_51b0cac1ff.live_20230804125536/_search?typed_keys=true&max_concurrent_shard_requests=5&ignore_unavailable=false&expand_wildcards=open&allow_no_indices=true&ignore_throttled=true&search_type=query_then_fetch&batched_reduce_size=512&ccs_minimize_roundtrips=true] returned 2 warnings: [299 Elasticsearch-7.16.1-5b38441b16b1ebb16a27c107a4c3865776e20c53 "Elasticsearch built-in security features are not enabled. Without authentication, your cluster could be accessible to anyone. See https://www.elastic.co/guide/en/elasticsearch/reference/7.16/security-minimal-setup.html to enable security."],[299 Elasticsearch-7.16.1-5b38441b16b1ebb16a27c107a4c3865776e20c53 "[ignore_throttled] parameter is deprecated because frozen indices have been deprecated. Consider cold or frozen tiers in place of frozen indices."]
2023-08-04 12:56:03,946 INFO  [com.dot.ContainerResource] (docker-java-stream-824381349) STDOUT: 12:56:03.946  WARN  client.RestClient - request [POST http://elasticsearch:9200/cluster_51b0cac1ff.live_20230804125536/_search?typed_keys=true&max_concurrent_shard_requests=5&ignore_unavailable=false&expand_wildcards=open&allow_no_indices=true&ignore_throttled=true&search_type=query_then_fetch&batched_reduce_size=512&ccs_minimize_roundtrips=true] returned 2 warnings: [299 Elasticsearch-7.16.1-5b38441b16b1ebb16a27c107a4c3865776e20c53 "Elasticsearch built-in security features are not enabled. Without authentication, your cluster could be accessible to anyone. See https://www.elastic.co/guide/en/elasticsearch/reference/7.16/security-minimal-setup.html to enable security."],[299 Elasticsearch-7.16.1-5b38441b16b1ebb16a27c107a4c3865776e20c53 "[ignore_throttled] parameter is deprecated because frozen indices have been deprecated. Consider cold or frozen tiers in place of frozen indices."]
2023-08-04 12:56:03,953 INFO  [com.dot.ContainerResource] (docker-java-stream-824381349) STDOUT: 12:56:03.952  WARN  client.RestClient - request [POST http://elasticsearch:9200/cluster_51b0cac1ff.live_20230804125536/_search?typed_keys=true&max_concurrent_shard_requests=5&ignore_unavailable=false&expand_wildcards=open&allow_no_indices=true&ignore_throttled=true&search_type=query_then_fetch&batched_reduce_size=512&ccs_minimize_roundtrips=true] returned 2 warnings: [299 Elasticsearch-7.16.1-5b38441b16b1ebb16a27c107a4c3865776e20c53 "Elasticsearch built-in security features are not enabled. Without authentication, your cluster could be accessible to anyone. See https://www.elastic.co/guide/en/elasticsearch/reference/7.16/security-minimal-setup.html to enable security."],[299 Elasticsearch-7.16.1-5b38441b16b1ebb16a27c107a4c3865776e20c53 "[ignore_throttled] parameter is deprecated because frozen indices have been deprecated. Consider cold or frozen tiers in place of frozen indices."]
2023-08-04 12:56:03,958 INFO  [com.dot.ContainerResource] (docker-java-stream-824381349) STDOUT: 12:56:03.958  WARN  client.RestClient - request [POST http://elasticsearch:9200/cluster_51b0cac1ff.live_20230804125536/_search?typed_keys=true&max_concurrent_shard_requests=5&ignore_unavailable=false&expand_wildcards=open&allow_no_indices=true&ignore_throttled=true&search_type=query_then_fetch&batched_reduce_size=512&ccs_minimize_roundtrips=true] returned 2 warnings: [299 Elasticsearch-7.16.1-5b38441b16b1ebb16a27c107a4c3865776e20c53 "Elasticsearch built-in security features are not enabled. Without authentication, your cluster could be accessible to anyone. See https://www.elastic.co/guide/en/elasticsearch/reference/7.16/security-minimal-setup.html to enable security."],[299 Elasticsearch-7.16.1-5b38441b16b1ebb16a27c107a4c3865776e20c53 "[ignore_throttled] parameter is deprecated because frozen indices have been deprecated. Consider cold or frozen tiers in place of frozen indices."]
2023-08-04 12:56:03,965 INFO  [com.dot.ContainerResource] (docker-java-stream-824381349) STDOUT: 12:56:03.964  WARN  client.RestClient - request [POST http://elasticsearch:9200/cluster_51b0cac1ff.live_20230804125536/_search?typed_keys=true&max_concurrent_shard_requests=5&ignore_unavailable=false&expand_wildcards=open&allow_no_indices=true&ignore_throttled=true&search_type=query_then_fetch&batched_reduce_size=512&ccs_minimize_roundtrips=true] returned 2 warnings: [299 Elasticsearch-7.16.1-5b38441b16b1ebb16a27c107a4c3865776e20c53 "Elasticsearch built-in security features are not enabled. Without authentication, your cluster could be accessible to anyone. See https://www.elastic.co/guide/en/elasticsearch/reference/7.16/security-minimal-setup.html to enable security."],[299 Elasticsearch-7.16.1-5b38441b16b1ebb16a27c107a4c3865776e20c53 "[ignore_throttled] parameter is deprecated because frozen indices have been deprecated. Consider cold or frozen tiers in place of frozen indices."]
2023-08-04 12:56:03,968 INFO  [com.dot.ContainerResource] (docker-java-stream-824381349) STDOUT: 12:56:03.967  WARN  client.RestClient - request [POST http://elasticsearch:9200/cluster_51b0cac1ff.live_20230804125536/_search?typed_keys=true&max_concurrent_shard_requests=5&ignore_unavailable=false&expand_wildcards=open&allow_no_indices=true&ignore_throttled=true&search_type=query_then_fetch&batched_reduce_size=512&ccs_minimize_roundtrips=true] returned 2 warnings: [299 Elasticsearch-7.16.1-5b38441b16b1ebb16a27c107a4c3865776e20c53 "Elasticsearch built-in security features are not enabled. Without authentication, your cluster could be accessible to anyone. See https://www.elastic.co/guide/en/elasticsearch/reference/7.16/security-minimal-setup.html to enable security."],[299 Elasticsearch-7.16.1-5b38441b16b1ebb16a27c107a4c3865776e20c53 "[ignore_throttled] parameter is deprecated because frozen indices have been deprecated. Consider cold or frozen tiers in place of frozen indices."]
2023-08-04 12:56:03,973 INFO  [com.dot.ContainerResource] (docker-java-stream-824381349) STDOUT: 12:56:03.972  WARN  client.RestClient - request [POST http://elasticsearch:9200/cluster_51b0cac1ff.live_20230804125536/_search?typed_keys=true&max_concurrent_shard_requests=5&ignore_unavailable=false&expand_wildcards=open&allow_no_indices=true&ignore_throttled=true&search_type=query_then_fetch&batched_reduce_size=512&ccs_minimize_roundtrips=true] returned 2 warnings: [299 Elasticsearch-7.16.1-5b38441b16b1ebb16a27c107a4c3865776e20c53 "Elasticsearch built-in security features are not enabled. Without authentication, your cluster could be accessible to anyone. See https://www.elastic.co/guide/en/elasticsearch/reference/7.16/security-minimal-setup.html to enable security."],[299 Elasticsearch-7.16.1-5b38441b16b1ebb16a27c107a4c3865776e20c53 "[ignore_throttled] parameter is deprecated because frozen indices have been deprecated. Consider cold or frozen tiers in place of frozen indices."]
2023-08-04 12:56:03,976 INFO  [com.dot.ContainerResource] (docker-java-stream-824381349) STDOUT: 12:56:03.975  WARN  client.RestClient - request [POST http://elasticsearch:9200/cluster_51b0cac1ff.live_20230804125536/_search?typed_keys=true&max_concurrent_shard_requests=5&ignore_unavailable=false&expand_wildcards=open&allow_no_indices=true&ignore_throttled=true&search_type=query_then_fetch&batched_reduce_size=512&ccs_minimize_roundtrips=true] returned 2 warnings: [299 Elasticsearch-7.16.1-5b38441b16b1ebb16a27c107a4c3865776e20c53 "Elasticsearch built-in security features are not enabled. Without authentication, your cluster could be accessible to anyone. See https://www.elastic.co/guide/en/elasticsearch/reference/7.16/security-minimal-setup.html to enable security."],[299 Elasticsearch-7.16.1-5b38441b16b1ebb16a27c107a4c3865776e20c53 "[ignore_throttled] parameter is deprecated because frozen indices have been deprecated. Consider cold or frozen tiers in place of frozen indices."]
2023-08-04 12:56:03,979 INFO  [com.dot.ContainerResource] (docker-java-stream-824381349) STDOUT: 12:56:03.979  WARN  client.RestClient - request [POST http://elasticsearch:9200/cluster_51b0cac1ff.live_20230804125536/_search?typed_keys=true&max_concurrent_shard_requests=5&ignore_unavailable=false&expand_wildcards=open&allow_no_indices=true&ignore_throttled=true&search_type=query_then_fetch&batched_reduce_size=512&ccs_minimize_roundtrips=true] returned 2 warnings: [299 Elasticsearch-7.16.1-5b38441b16b1ebb16a27c107a4c3865776e20c53 "Elasticsearch built-in security features are not enabled. Without authentication, your cluster could be accessible to anyone. See https://www.elastic.co/guide/en/elasticsearch/reference/7.16/security-minimal-setup.html to enable security."],[299 Elasticsearch-7.16.1-5b38441b16b1ebb16a27c107a4c3865776e20c53 "[ignore_throttled] parameter is deprecated because frozen indices have been deprecated. Consider cold or frozen tiers in place of frozen indices."]
2023-08-04 12:56:04,146 INFO  [com.dot.ContainerResource] (docker-java-stream-824381349) STDOUT: 12:56:04.146  WARN  client.RestClient - request [POST http://elasticsearch:9200/cluster_51b0cac1ff.live_20230804125536/_search?typed_keys=true&max_concurrent_shard_requests=5&ignore_unavailable=false&expand_wildcards=open&allow_no_indices=true&ignore_throttled=true&search_type=query_then_fetch&batched_reduce_size=512&ccs_minimize_roundtrips=true] returned 2 warnings: [299 Elasticsearch-7.16.1-5b38441b16b1ebb16a27c107a4c3865776e20c53 "Elasticsearch built-in security features are not enabled. Without authentication, your cluster could be accessible to anyone. See https://www.elastic.co/guide/en/elasticsearch/reference/7.16/security-minimal-setup.html to enable security."],[299 Elasticsearch-7.16.1-5b38441b16b1ebb16a27c107a4c3865776e20c53 "[ignore_throttled] parameter is deprecated because frozen indices have been deprecated. Consider cold or frozen tiers in place of frozen indices."]
2023-08-04 12:56:04,152 INFO  [com.dot.ContainerResource] (docker-java-stream-824381349) STDOUT: 12:56:04.151  WARN  client.RestClient - request [POST http://elasticsearch:9200/cluster_51b0cac1ff.live_20230804125536/_search?typed_keys=true&max_concurrent_shard_requests=5&ignore_unavailable=false&expand_wildcards=open&allow_no_indices=true&ignore_throttled=true&search_type=query_then_fetch&batched_reduce_size=512&ccs_minimize_roundtrips=true] returned 2 warnings: [299 Elasticsearch-7.16.1-5b38441b16b1ebb16a27c107a4c3865776e20c53 "Elasticsearch built-in security features are not enabled. Without authentication, your cluster could be accessible to anyone. See https://www.elastic.co/guide/en/elasticsearch/reference/7.16/security-minimal-setup.html to enable security."],[299 Elasticsearch-7.16.1-5b38441b16b1ebb16a27c107a4c3865776e20c53 "[ignore_throttled] parameter is deprecated because frozen indices have been deprecated. Consider cold or frozen tiers in place of frozen indices."]
2023-08-04 12:56:04,157 INFO  [com.dot.ContainerResource] (docker-java-stream-824381349) STDOUT: 12:56:04.156  WARN  client.RestClient - request [POST http://elasticsearch:9200/cluster_51b0cac1ff.live_20230804125536/_search?typed_keys=true&max_concurrent_shard_requests=5&ignore_unavailable=false&expand_wildcards=open&allow_no_indices=true&ignore_throttled=true&search_type=query_then_fetch&batched_reduce_size=512&ccs_minimize_roundtrips=true] returned 2 warnings: [299 Elasticsearch-7.16.1-5b38441b16b1ebb16a27c107a4c3865776e20c53 "Elasticsearch built-in security features are not enabled. Without authentication, your cluster could be accessible to anyone. See https://www.elastic.co/guide/en/elasticsearch/reference/7.16/security-minimal-setup.html to enable security."],[299 Elasticsearch-7.16.1-5b38441b16b1ebb16a27c107a4c3865776e20c53 "[ignore_throttled] parameter is deprecated because frozen indices have been deprecated. Consider cold or frozen tiers in place of frozen indices."]
2023-08-04 12:56:04,162 INFO  [com.dot.ContainerResource] (docker-java-stream-824381349) STDOUT: 12:56:04.161  WARN  client.RestClient - request [POST http://elasticsearch:9200/cluster_51b0cac1ff.live_20230804125536/_search?typed_keys=true&max_concurrent_shard_requests=5&ignore_unavailable=false&expand_wildcards=open&allow_no_indices=true&ignore_throttled=true&search_type=query_then_fetch&batched_reduce_size=512&ccs_minimize_roundtrips=true] returned 2 warnings: [299 Elasticsearch-7.16.1-5b38441b16b1ebb16a27c107a4c3865776e20c53 "Elasticsearch built-in security features are not enabled. Without authentication, your cluster could be accessible to anyone. See https://www.elastic.co/guide/en/elasticsearch/reference/7.16/security-minimal-setup.html to enable security."],[299 Elasticsearch-7.16.1-5b38441b16b1ebb16a27c107a4c3865776e20c53 "[ignore_throttled] parameter is deprecated because frozen indices have been deprecated. Consider cold or frozen tiers in place of frozen indices."]
2023-08-04 12:56:04,167 INFO  [com.dot.ContainerResource] (docker-java-stream-824381349) STDOUT: 12:56:04.167  WARN  client.RestClient - request [POST http://elasticsearch:9200/cluster_51b0cac1ff.live_20230804125536/_search?typed_keys=true&max_concurrent_shard_requests=5&ignore_unavailable=false&expand_wildcards=open&allow_no_indices=true&ignore_throttled=true&search_type=query_then_fetch&batched_reduce_size=512&ccs_minimize_roundtrips=true] returned 2 warnings: [299 Elasticsearch-7.16.1-5b38441b16b1ebb16a27c107a4c3865776e20c53 "Elasticsearch built-in security features are not enabled. Without authentication, your cluster could be accessible to anyone. See https://www.elastic.co/guide/en/elasticsearch/reference/7.16/security-minimal-setup.html to enable security."],[299 Elasticsearch-7.16.1-5b38441b16b1ebb16a27c107a4c3865776e20c53 "[ignore_throttled] parameter is deprecated because frozen indices have been deprecated. Consider cold or frozen tiers in place of frozen indices."]
2023-08-04 12:56:04,178 INFO  [com.dot.ContainerResource] (docker-java-stream-824381349) STDOUT: 12:56:04.178  WARN  client.RestClient - request [POST http://elasticsearch:9200/cluster_51b0cac1ff.live_20230804125536/_search?typed_keys=true&max_concurrent_shard_requests=5&ignore_unavailable=false&expand_wildcards=open&allow_no_indices=true&ignore_throttled=true&search_type=query_then_fetch&batched_reduce_size=512&ccs_minimize_roundtrips=true] returned 2 warnings: [299 Elasticsearch-7.16.1-5b38441b16b1ebb16a27c107a4c3865776e20c53 "Elasticsearch built-in security features are not enabled. Without authentication, your cluster could be accessible to anyone. See https://www.elastic.co/guide/en/elasticsearch/reference/7.16/security-minimal-setup.html to enable security."],[299 Elasticsearch-7.16.1-5b38441b16b1ebb16a27c107a4c3865776e20c53 "[ignore_throttled] parameter is deprecated because frozen indices have been deprecated. Consider cold or frozen tiers in place of frozen indices."]
2023-08-04 12:56:04,187 INFO  [com.dot.ContainerResource] (docker-java-stream-824381349) STDOUT: 12:56:04.186  WARN  client.RestClient - request [POST http://elasticsearch:9200/cluster_51b0cac1ff.live_20230804125536/_search?typed_keys=true&max_concurrent_shard_requests=5&ignore_unavailable=false&expand_wildcards=open&allow_no_indices=true&ignore_throttled=true&search_type=query_then_fetch&batched_reduce_size=512&ccs_minimize_roundtrips=true] returned 2 warnings: [299 Elasticsearch-7.16.1-5b38441b16b1ebb16a27c107a4c3865776e20c53 "Elasticsearch built-in security features are not enabled. Without authentication, your cluster could be accessible to anyone. See https://www.elastic.co/guide/en/elasticsearch/reference/7.16/security-minimal-setup.html to enable security."],[299 Elasticsearch-7.16.1-5b38441b16b1ebb16a27c107a4c3865776e20c53 "[ignore_throttled] parameter is deprecated because frozen indices have been deprecated. Consider cold or frozen tiers in place of frozen indices."]
2023-08-04 12:56:04,202 INFO  [com.dot.ContainerResource] (docker-java-stream-824381349) STDOUT: 12:56:04.201  WARN  client.RestClient - request [POST http://elasticsearch:9200/cluster_51b0cac1ff.live_20230804125536/_search?typed_keys=true&max_concurrent_shard_requests=5&ignore_unavailable=false&expand_wildcards=open&allow_no_indices=true&ignore_throttled=true&search_type=query_then_fetch&batched_reduce_size=512&ccs_minimize_roundtrips=true] returned 2 warnings: [299 Elasticsearch-7.16.1-5b38441b16b1ebb16a27c107a4c3865776e20c53 "Elasticsearch built-in security features are not enabled. Without authentication, your cluster could be accessible to anyone. See https://www.elastic.co/guide/en/elasticsearch/reference/7.16/security-minimal-setup.html to enable security."],[299 Elasticsearch-7.16.1-5b38441b16b1ebb16a27c107a4c3865776e20c53 "[ignore_throttled] parameter is deprecated because frozen indices have been deprecated. Consider cold or frozen tiers in place of frozen indices."]
2023-08-04 12:56:04,210 INFO  [com.dot.ContainerResource] (docker-java-stream-824381349) STDOUT: 12:56:04.210  WARN  client.RestClient - request [POST http://elasticsearch:9200/cluster_51b0cac1ff.live_20230804125536/_search?typed_keys=true&max_concurrent_shard_requests=5&ignore_unavailable=false&expand_wildcards=open&allow_no_indices=true&ignore_throttled=true&search_type=query_then_fetch&batched_reduce_size=512&ccs_minimize_roundtrips=true] returned 2 warnings: [299 Elasticsearch-7.16.1-5b38441b16b1ebb16a27c107a4c3865776e20c53 "Elasticsearch built-in security features are not enabled. Without authentication, your cluster could be accessible to anyone. See https://www.elastic.co/guide/en/elasticsearch/reference/7.16/security-minimal-setup.html to enable security."],[299 Elasticsearch-7.16.1-5b38441b16b1ebb16a27c107a4c3865776e20c53 "[ignore_throttled] parameter is deprecated because frozen indices have been deprecated. Consider cold or frozen tiers in place of frozen indices."]
2023-08-04 12:56:04,220 INFO  [com.dot.ContainerResource] (docker-java-stream-824381349) STDOUT: 12:56:04.218  WARN  client.RestClient - request [POST http://elasticsearch:9200/cluster_51b0cac1ff.live_20230804125536/_search?typed_keys=true&max_concurrent_shard_requests=5&ignore_unavailable=false&expand_wildcards=open&allow_no_indices=true&ignore_throttled=true&search_type=query_then_fetch&batched_reduce_size=512&ccs_minimize_roundtrips=true] returned 2 warnings: [299 Elasticsearch-7.16.1-5b38441b16b1ebb16a27c107a4c3865776e20c53 "Elasticsearch built-in security features are not enabled. Without authentication, your cluster could be accessible to anyone. See https://www.elastic.co/guide/en/elasticsearch/reference/7.16/security-minimal-setup.html to enable security."],[299 Elasticsearch-7.16.1-5b38441b16b1ebb16a27c107a4c3865776e20c53 "[ignore_throttled] parameter is deprecated because frozen indices have been deprecated. Consider cold or frozen tiers in place of frozen indices."]
2023-08-04 12:56:04,223 INFO  [com.dot.ContainerResource] (docker-java-stream-824381349) STDOUT: 12:56:04.223  WARN  client.RestClient - request [POST http://elasticsearch:9200/cluster_51b0cac1ff.live_20230804125536/_search?typed_keys=true&max_concurrent_shard_requests=5&ignore_unavailable=false&expand_wildcards=open&allow_no_indices=true&ignore_throttled=true&search_type=query_then_fetch&batched_reduce_size=512&ccs_minimize_roundtrips=true] returned 2 warnings: [299 Elasticsearch-7.16.1-5b38441b16b1ebb16a27c107a4c3865776e20c53 "Elasticsearch built-in security features are not enabled. Without authentication, your cluster could be accessible to anyone. See https://www.elastic.co/guide/en/elasticsearch/reference/7.16/security-minimal-setup.html to enable security."],[299 Elasticsearch-7.16.1-5b38441b16b1ebb16a27c107a4c3865776e20c53 "[ignore_throttled] parameter is deprecated because frozen indices have been deprecated. Consider cold or frozen tiers in place of frozen indices."]
2023-08-04 12:56:04,228 INFO  [com.dot.ContainerResource] (docker-java-stream-824381349) STDOUT: 12:56:04.228  WARN  client.RestClient - request [POST http://elasticsearch:9200/cluster_51b0cac1ff.live_20230804125536/_search?typed_keys=true&max_concurrent_shard_requests=5&ignore_unavailable=false&expand_wildcards=open&allow_no_indices=true&ignore_throttled=true&search_type=query_then_fetch&batched_reduce_size=512&ccs_minimize_roundtrips=true] returned 2 warnings: [299 Elasticsearch-7.16.1-5b38441b16b1ebb16a27c107a4c3865776e20c53 "Elasticsearch built-in security features are not enabled. Without authentication, your cluster could be accessible to anyone. See https://www.elastic.co/guide/en/elasticsearch/reference/7.16/security-minimal-setup.html to enable security."],[299 Elasticsearch-7.16.1-5b38441b16b1ebb16a27c107a4c3865776e20c53 "[ignore_throttled] parameter is deprecated because frozen indices have been deprecated. Consider cold or frozen tiers in place of frozen indices."]
2023-08-04 12:56:04,239 INFO  [com.dot.ContainerResource] (docker-java-stream-824381349) STDOUT: 12:56:04.238  WARN  client.RestClient - request [POST http://elasticsearch:9200/cluster_51b0cac1ff.live_20230804125536/_search?typed_keys=true&max_concurrent_shard_requests=5&ignore_unavailable=false&expand_wildcards=open&allow_no_indices=true&ignore_throttled=true&search_type=query_then_fetch&batched_reduce_size=512&ccs_minimize_roundtrips=true] returned 2 warnings: [299 Elasticsearch-7.16.1-5b38441b16b1ebb16a27c107a4c3865776e20c53 "Elasticsearch built-in security features are not enabled. Without authentication, your cluster could be accessible to anyone. See https://www.elastic.co/guide/en/elasticsearch/reference/7.16/security-minimal-setup.html to enable security."],[299 Elasticsearch-7.16.1-5b38441b16b1ebb16a27c107a4c3865776e20c53 "[ignore_throttled] parameter is deprecated because frozen indices have been deprecated. Consider cold or frozen tiers in place of frozen indices."]
2023-08-04 12:56:04,244 INFO  [com.dot.ContainerResource] (docker-java-stream-824381349) STDOUT: 12:56:04.244  WARN  client.RestClient - request [POST http://elasticsearch:9200/cluster_51b0cac1ff.live_20230804125536/_search?typed_keys=true&max_concurrent_shard_requests=5&ignore_unavailable=false&expand_wildcards=open&allow_no_indices=true&ignore_throttled=true&search_type=query_then_fetch&batched_reduce_size=512&ccs_minimize_roundtrips=true] returned 2 warnings: [299 Elasticsearch-7.16.1-5b38441b16b1ebb16a27c107a4c3865776e20c53 "Elasticsearch built-in security features are not enabled. Without authentication, your cluster could be accessible to anyone. See https://www.elastic.co/guide/en/elasticsearch/reference/7.16/security-minimal-setup.html to enable security."],[299 Elasticsearch-7.16.1-5b38441b16b1ebb16a27c107a4c3865776e20c53 "[ignore_throttled] parameter is deprecated because frozen indices have been deprecated. Consider cold or frozen tiers in place of frozen indices."]
2023-08-04 12:56:04,252 INFO  [com.dot.ContainerResource] (docker-java-stream-824381349) STDOUT: 12:56:04.252  WARN  client.RestClient - request [POST http://elasticsearch:9200/cluster_51b0cac1ff.live_20230804125536/_search?typed_keys=true&max_concurrent_shard_requests=5&ignore_unavailable=false&expand_wildcards=open&allow_no_indices=true&ignore_throttled=true&search_type=query_then_fetch&batched_reduce_size=512&ccs_minimize_roundtrips=true] returned 2 warnings: [299 Elasticsearch-7.16.1-5b38441b16b1ebb16a27c107a4c3865776e20c53 "Elasticsearch built-in security features are not enabled. Without authentication, your cluster could be accessible to anyone. See https://www.elastic.co/guide/en/elasticsearch/reference/7.16/security-minimal-setup.html to enable security."],[299 Elasticsearch-7.16.1-5b38441b16b1ebb16a27c107a4c3865776e20c53 "[ignore_throttled] parameter is deprecated because frozen indices have been deprecated. Consider cold or frozen tiers in place of frozen indices."]
2023-08-04 12:56:04,259 INFO  [com.dot.ContainerResource] (docker-java-stream-824381349) STDOUT: 12:56:04.259  WARN  client.RestClient - request [POST http://elasticsearch:9200/cluster_51b0cac1ff.live_20230804125536/_search?typed_keys=true&max_concurrent_shard_requests=5&ignore_unavailable=false&expand_wildcards=open&allow_no_indices=true&ignore_throttled=true&search_type=query_then_fetch&batched_reduce_size=512&ccs_minimize_roundtrips=true] returned 2 warnings: [299 Elasticsearch-7.16.1-5b38441b16b1ebb16a27c107a4c3865776e20c53 "Elasticsearch built-in security features are not enabled. Without authentication, your cluster could be accessible to anyone. See https://www.elastic.co/guide/en/elasticsearch/reference/7.16/security-minimal-setup.html to enable security."],[299 Elasticsearch-7.16.1-5b38441b16b1ebb16a27c107a4c3865776e20c53 "[ignore_throttled] parameter is deprecated because frozen indices have been deprecated. Consider cold or frozen tiers in place of frozen indices."]
2023-08-04 12:56:04,264 INFO  [com.dot.ContainerResource] (docker-java-stream-824381349) STDOUT: 12:56:04.264  WARN  client.RestClient - request [POST http://elasticsearch:9200/cluster_51b0cac1ff.live_20230804125536/_search?typed_keys=true&max_concurrent_shard_requests=5&ignore_unavailable=false&expand_wildcards=open&allow_no_indices=true&ignore_throttled=true&search_type=query_then_fetch&batched_reduce_size=512&ccs_minimize_roundtrips=true] returned 2 warnings: [299 Elasticsearch-7.16.1-5b38441b16b1ebb16a27c107a4c3865776e20c53 "Elasticsearch built-in security features are not enabled. Without authentication, your cluster could be accessible to anyone. See https://www.elastic.co/guide/en/elasticsearch/reference/7.16/security-minimal-setup.html to enable security."],[299 Elasticsearch-7.16.1-5b38441b16b1ebb16a27c107a4c3865776e20c53 "[ignore_throttled] parameter is deprecated because frozen indices have been deprecated. Consider cold or frozen tiers in place of frozen indices."]
2023-08-04 12:56:04,273 INFO  [com.dot.ContainerResource] (docker-java-stream-824381349) STDOUT: 12:56:04.272  WARN  client.RestClient - request [POST http://elasticsearch:9200/cluster_51b0cac1ff.live_20230804125536/_search?typed_keys=true&max_concurrent_shard_requests=5&ignore_unavailable=false&expand_wildcards=open&allow_no_indices=true&ignore_throttled=true&search_type=query_then_fetch&batched_reduce_size=512&ccs_minimize_roundtrips=true] returned 2 warnings: [299 Elasticsearch-7.16.1-5b38441b16b1ebb16a27c107a4c3865776e20c53 "Elasticsearch built-in security features are not enabled. Without authentication, your cluster could be accessible to anyone. See https://www.elastic.co/guide/en/elasticsearch/reference/7.16/security-minimal-setup.html to enable security."],[299 Elasticsearch-7.16.1-5b38441b16b1ebb16a27c107a4c3865776e20c53 "[ignore_throttled] parameter is deprecated because frozen indices have been deprecated. Consider cold or frozen tiers in place of frozen indices."]
2023-08-04 12:56:04,280 INFO  [com.dot.ContainerResource] (docker-java-stream-824381349) STDOUT: 12:56:04.279  WARN  client.RestClient - request [POST http://elasticsearch:9200/cluster_51b0cac1ff.live_20230804125536/_search?typed_keys=true&max_concurrent_shard_requests=5&ignore_unavailable=false&expand_wildcards=open&allow_no_indices=true&ignore_throttled=true&search_type=query_then_fetch&batched_reduce_size=512&ccs_minimize_roundtrips=true] returned 2 warnings: [299 Elasticsearch-7.16.1-5b38441b16b1ebb16a27c107a4c3865776e20c53 "Elasticsearch built-in security features are not enabled. Without authentication, your cluster could be accessible to anyone. See https://www.elastic.co/guide/en/elasticsearch/reference/7.16/security-minimal-setup.html to enable security."],[299 Elasticsearch-7.16.1-5b38441b16b1ebb16a27c107a4c3865776e20c53 "[ignore_throttled] parameter is deprecated because frozen indices have been deprecated. Consider cold or frozen tiers in place of frozen indices."]
2023-08-04 12:56:04,285 INFO  [com.dot.ContainerResource] (docker-java-stream-824381349) STDOUT: 12:56:04.285  WARN  client.RestClient - request [POST http://elasticsearch:9200/cluster_51b0cac1ff.live_20230804125536/_search?typed_keys=true&max_concurrent_shard_requests=5&ignore_unavailable=false&expand_wildcards=open&allow_no_indices=true&ignore_throttled=true&search_type=query_then_fetch&batched_reduce_size=512&ccs_minimize_roundtrips=true] returned 2 warnings: [299 Elasticsearch-7.16.1-5b38441b16b1ebb16a27c107a4c3865776e20c53 "Elasticsearch built-in security features are not enabled. Without authentication, your cluster could be accessible to anyone. See https://www.elastic.co/guide/en/elasticsearch/reference/7.16/security-minimal-setup.html to enable security."],[299 Elasticsearch-7.16.1-5b38441b16b1ebb16a27c107a4c3865776e20c53 "[ignore_throttled] parameter is deprecated because frozen indices have been deprecated. Consider cold or frozen tiers in place of frozen indices."]
2023-08-04 12:56:04,292 INFO  [com.dot.ContainerResource] (docker-java-stream-824381349) STDOUT: 12:56:04.291  WARN  client.RestClient - request [POST http://elasticsearch:9200/cluster_51b0cac1ff.live_20230804125536/_search?typed_keys=true&max_concurrent_shard_requests=5&ignore_unavailable=false&expand_wildcards=open&allow_no_indices=true&ignore_throttled=true&search_type=query_then_fetch&batched_reduce_size=512&ccs_minimize_roundtrips=true] returned 2 warnings: [299 Elasticsearch-7.16.1-5b38441b16b1ebb16a27c107a4c3865776e20c53 "Elasticsearch built-in security features are not enabled. Without authentication, your cluster could be accessible to anyone. See https://www.elastic.co/guide/en/elasticsearch/reference/7.16/security-minimal-setup.html to enable security."],[299 Elasticsearch-7.16.1-5b38441b16b1ebb16a27c107a4c3865776e20c53 "[ignore_throttled] parameter is deprecated because frozen indices have been deprecated. Consider cold or frozen tiers in place of frozen indices."]
2023-08-04 12:56:04,297 INFO  [com.dot.ContainerResource] (docker-java-stream-824381349) STDOUT: 12:56:04.296  WARN  client.RestClient - request [POST http://elasticsearch:9200/cluster_51b0cac1ff.live_20230804125536/_search?typed_keys=true&max_concurrent_shard_requests=5&ignore_unavailable=false&expand_wildcards=open&allow_no_indices=true&ignore_throttled=true&search_type=query_then_fetch&batched_reduce_size=512&ccs_minimize_roundtrips=true] returned 2 warnings: [299 Elasticsearch-7.16.1-5b38441b16b1ebb16a27c107a4c3865776e20c53 "Elasticsearch built-in security features are not enabled. Without authentication, your cluster could be accessible to anyone. See https://www.elastic.co/guide/en/elasticsearch/reference/7.16/security-minimal-setup.html to enable security."],[299 Elasticsearch-7.16.1-5b38441b16b1ebb16a27c107a4c3865776e20c53 "[ignore_throttled] parameter is deprecated because frozen indices have been deprecated. Consider cold or frozen tiers in place of frozen indices."]
2023-08-04 12:56:04,303 INFO  [com.dot.ContainerResource] (docker-java-stream-824381349) STDOUT: 12:56:04.303  WARN  client.RestClient - request [POST http://elasticsearch:9200/cluster_51b0cac1ff.live_20230804125536/_search?typed_keys=true&max_concurrent_shard_requests=5&ignore_unavailable=false&expand_wildcards=open&allow_no_indices=true&ignore_throttled=true&search_type=query_then_fetch&batched_reduce_size=512&ccs_minimize_roundtrips=true] returned 2 warnings: [299 Elasticsearch-7.16.1-5b38441b16b1ebb16a27c107a4c3865776e20c53 "Elasticsearch built-in security features are not enabled. Without authentication, your cluster could be accessible to anyone. See https://www.elastic.co/guide/en/elasticsearch/reference/7.16/security-minimal-setup.html to enable security."],[299 Elasticsearch-7.16.1-5b38441b16b1ebb16a27c107a4c3865776e20c53 "[ignore_throttled] parameter is deprecated because frozen indices have been deprecated. Consider cold or frozen tiers in place of frozen indices."]
2023-08-04 12:56:04,308 INFO  [com.dot.ContainerResource] (docker-java-stream-824381349) STDOUT: 12:56:04.307  WARN  client.RestClient - request [POST http://elasticsearch:9200/cluster_51b0cac1ff.live_20230804125536/_search?typed_keys=true&max_concurrent_shard_requests=5&ignore_unavailable=false&expand_wildcards=open&allow_no_indices=true&ignore_throttled=true&search_type=query_then_fetch&batched_reduce_size=512&ccs_minimize_roundtrips=true] returned 2 warnings: [299 Elasticsearch-7.16.1-5b38441b16b1ebb16a27c107a4c3865776e20c53 "Elasticsearch built-in security features are not enabled. Without authentication, your cluster could be accessible to anyone. See https://www.elastic.co/guide/en/elasticsearch/reference/7.16/security-minimal-setup.html to enable security."],[299 Elasticsearch-7.16.1-5b38441b16b1ebb16a27c107a4c3865776e20c53 "[ignore_throttled] parameter is deprecated because frozen indices have been deprecated. Consider cold or frozen tiers in place of frozen indices."]
2023-08-04 12:56:04,314 INFO  [com.dot.ContainerResource] (docker-java-stream-824381349) STDOUT: 12:56:04.313  WARN  client.RestClient - request [POST http://elasticsearch:9200/cluster_51b0cac1ff.live_20230804125536/_search?typed_keys=true&max_concurrent_shard_requests=5&ignore_unavailable=false&expand_wildcards=open&allow_no_indices=true&ignore_throttled=true&search_type=query_then_fetch&batched_reduce_size=512&ccs_minimize_roundtrips=true] returned 2 warnings: [299 Elasticsearch-7.16.1-5b38441b16b1ebb16a27c107a4c3865776e20c53 "Elasticsearch built-in security features are not enabled. Without authentication, your cluster could be accessible to anyone. See https://www.elastic.co/guide/en/elasticsearch/reference/7.16/security-minimal-setup.html to enable security."],[299 Elasticsearch-7.16.1-5b38441b16b1ebb16a27c107a4c3865776e20c53 "[ignore_throttled] parameter is deprecated because frozen indices have been deprecated. Consider cold or frozen tiers in place of frozen indices."]
2023-08-04 12:56:04,318 INFO  [com.dot.ContainerResource] (docker-java-stream-824381349) STDOUT: 12:56:04.318  WARN  client.RestClient - request [POST http://elasticsearch:9200/cluster_51b0cac1ff.live_20230804125536/_search?typed_keys=true&max_concurrent_shard_requests=5&ignore_unavailable=false&expand_wildcards=open&allow_no_indices=true&ignore_throttled=true&search_type=query_then_fetch&batched_reduce_size=512&ccs_minimize_roundtrips=true] returned 2 warnings: [299 Elasticsearch-7.16.1-5b38441b16b1ebb16a27c107a4c3865776e20c53 "Elasticsearch built-in security features are not enabled. Without authentication, your cluster could be accessible to anyone. See https://www.elastic.co/guide/en/elasticsearch/reference/7.16/security-minimal-setup.html to enable security."],[299 Elasticsearch-7.16.1-5b38441b16b1ebb16a27c107a4c3865776e20c53 "[ignore_throttled] parameter is deprecated because frozen indices have been deprecated. Consider cold or frozen tiers in place of frozen indices."]
2023-08-04 12:56:04,324 INFO  [com.dot.ContainerResource] (docker-java-stream-824381349) STDOUT: 12:56:04.324  WARN  client.RestClient - request [POST http://elasticsearch:9200/cluster_51b0cac1ff.live_20230804125536/_search?typed_keys=true&max_concurrent_shard_requests=5&ignore_unavailable=false&expand_wildcards=open&allow_no_indices=true&ignore_throttled=true&search_type=query_then_fetch&batched_reduce_size=512&ccs_minimize_roundtrips=true] returned 2 warnings: [299 Elasticsearch-7.16.1-5b38441b16b1ebb16a27c107a4c3865776e20c53 "Elasticsearch built-in security features are not enabled. Without authentication, your cluster could be accessible to anyone. See https://www.elastic.co/guide/en/elasticsearch/reference/7.16/security-minimal-setup.html to enable security."],[299 Elasticsearch-7.16.1-5b38441b16b1ebb16a27c107a4c3865776e20c53 "[ignore_throttled] parameter is deprecated because frozen indices have been deprecated. Consider cold or frozen tiers in place of frozen indices."]
2023-08-04 12:56:04,335 INFO  [com.dot.ContainerResource] (docker-java-stream-824381349) STDOUT: 12:56:04.327  WARN  client.RestClient - request [POST http://elasticsearch:9200/cluster_51b0cac1ff.live_20230804125536/_search?typed_keys=true&max_concurrent_shard_requests=5&ignore_unavailable=false&expand_wildcards=open&allow_no_indices=true&ignore_throttled=true&search_type=query_then_fetch&batched_reduce_size=512&ccs_minimize_roundtrips=true] returned 2 warnings: [299 Elasticsearch-7.16.1-5b38441b16b1ebb16a27c107a4c3865776e20c53 "Elasticsearch built-in security features are not enabled. Without authentication, your cluster could be accessible to anyone. See https://www.elastic.co/guide/en/elasticsearch/reference/7.16/security-minimal-setup.html to enable security."],[299 Elasticsearch-7.16.1-5b38441b16b1ebb16a27c107a4c3865776e20c53 "[ignore_throttled] parameter is deprecated because frozen indices have been deprecated. Consider cold or frozen tiers in place of frozen indices."]
2023-08-04 12:56:04,336 INFO  [com.dot.ContainerResource] (docker-java-stream-824381349) STDOUT: 12:56:04.336  WARN  client.RestClient - request [POST http://elasticsearch:9200/cluster_51b0cac1ff.live_20230804125536/_search?typed_keys=true&max_concurrent_shard_requests=5&ignore_unavailable=false&expand_wildcards=open&allow_no_indices=true&ignore_throttled=true&search_type=query_then_fetch&batched_reduce_size=512&ccs_minimize_roundtrips=true] returned 2 warnings: [299 Elasticsearch-7.16.1-5b38441b16b1ebb16a27c107a4c3865776e20c53 "Elasticsearch built-in security features are not enabled. Without authentication, your cluster could be accessible to anyone. See https://www.elastic.co/guide/en/elasticsearch/reference/7.16/security-minimal-setup.html to enable security."],[299 Elasticsearch-7.16.1-5b38441b16b1ebb16a27c107a4c3865776e20c53 "[ignore_throttled] parameter is deprecated because frozen indices have been deprecated. Consider cold or frozen tiers in place of frozen indices."]
2023-08-04 12:56:04,340 INFO  [com.dot.ContainerResource] (docker-java-stream-824381349) STDOUT: 12:56:04.340  WARN  client.RestClient - request [POST http://elasticsearch:9200/cluster_51b0cac1ff.live_20230804125536/_search?typed_keys=true&max_concurrent_shard_requests=5&ignore_unavailable=false&expand_wildcards=open&allow_no_indices=true&ignore_throttled=true&search_type=query_then_fetch&batched_reduce_size=512&ccs_minimize_roundtrips=true] returned 2 warnings: [299 Elasticsearch-7.16.1-5b38441b16b1ebb16a27c107a4c3865776e20c53 "Elasticsearch built-in security features are not enabled. Without authentication, your cluster could be accessible to anyone. See https://www.elastic.co/guide/en/elasticsearch/reference/7.16/security-minimal-setup.html to enable security."],[299 Elasticsearch-7.16.1-5b38441b16b1ebb16a27c107a4c3865776e20c53 "[ignore_throttled] parameter is deprecated because frozen indices have been deprecated. Consider cold or frozen tiers in place of frozen indices."]
2023-08-04 12:56:04,347 INFO  [com.dot.ContainerResource] (docker-java-stream-824381349) STDOUT: 12:56:04.346  WARN  client.RestClient - request [POST http://elasticsearch:9200/cluster_51b0cac1ff.live_20230804125536/_search?typed_keys=true&max_concurrent_shard_requests=5&ignore_unavailable=false&expand_wildcards=open&allow_no_indices=true&ignore_throttled=true&search_type=query_then_fetch&batched_reduce_size=512&ccs_minimize_roundtrips=true] returned 2 warnings: [299 Elasticsearch-7.16.1-5b38441b16b1ebb16a27c107a4c3865776e20c53 "Elasticsearch built-in security features are not enabled. Without authentication, your cluster could be accessible to anyone. See https://www.elastic.co/guide/en/elasticsearch/reference/7.16/security-minimal-setup.html to enable security."],[299 Elasticsearch-7.16.1-5b38441b16b1ebb16a27c107a4c3865776e20c53 "[ignore_throttled] parameter is deprecated because frozen indices have been deprecated. Consider cold or frozen tiers in place of frozen indices."]
2023-08-04 12:56:04,351 INFO  [com.dot.ContainerResource] (docker-java-stream-824381349) STDOUT: 12:56:04.350  WARN  client.RestClient - request [POST http://elasticsearch:9200/cluster_51b0cac1ff.live_20230804125536/_search?typed_keys=true&max_concurrent_shard_requests=5&ignore_unavailable=false&expand_wildcards=open&allow_no_indices=true&ignore_throttled=true&search_type=query_then_fetch&batched_reduce_size=512&ccs_minimize_roundtrips=true] returned 2 warnings: [299 Elasticsearch-7.16.1-5b38441b16b1ebb16a27c107a4c3865776e20c53 "Elasticsearch built-in security features are not enabled. Without authentication, your cluster could be accessible to anyone. See https://www.elastic.co/guide/en/elasticsearch/reference/7.16/security-minimal-setup.html to enable security."],[299 Elasticsearch-7.16.1-5b38441b16b1ebb16a27c107a4c3865776e20c53 "[ignore_throttled] parameter is deprecated because frozen indices have been deprecated. Consider cold or frozen tiers in place of frozen indices."]
2023-08-04 12:56:04,354 INFO  [com.dot.ContainerResource] (docker-java-stream-824381349) STDOUT: 12:56:04.354  WARN  client.RestClient - request [POST http://elasticsearch:9200/cluster_51b0cac1ff.live_20230804125536/_search?typed_keys=true&max_concurrent_shard_requests=5&ignore_unavailable=false&expand_wildcards=open&allow_no_indices=true&ignore_throttled=true&search_type=query_then_fetch&batched_reduce_size=512&ccs_minimize_roundtrips=true] returned 2 warnings: [299 Elasticsearch-7.16.1-5b38441b16b1ebb16a27c107a4c3865776e20c53 "Elasticsearch built-in security features are not enabled. Without authentication, your cluster could be accessible to anyone. See https://www.elastic.co/guide/en/elasticsearch/reference/7.16/security-minimal-setup.html to enable security."],[299 Elasticsearch-7.16.1-5b38441b16b1ebb16a27c107a4c3865776e20c53 "[ignore_throttled] parameter is deprecated because frozen indices have been deprecated. Consider cold or frozen tiers in place of frozen indices."]
2023-08-04 12:56:04,359 INFO  [com.dot.ContainerResource] (docker-java-stream-824381349) STDOUT: 12:56:04.359  WARN  client.RestClient - request [POST http://elasticsearch:9200/cluster_51b0cac1ff.live_20230804125536/_search?typed_keys=true&max_concurrent_shard_requests=5&ignore_unavailable=false&expand_wildcards=open&allow_no_indices=true&ignore_throttled=true&search_type=query_then_fetch&batched_reduce_size=512&ccs_minimize_roundtrips=true] returned 2 warnings: [299 Elasticsearch-7.16.1-5b38441b16b1ebb16a27c107a4c3865776e20c53 "Elasticsearch built-in security features are not enabled. Without authentication, your cluster could be accessible to anyone. See https://www.elastic.co/guide/en/elasticsearch/reference/7.16/security-minimal-setup.html to enable security."],[299 Elasticsearch-7.16.1-5b38441b16b1ebb16a27c107a4c3865776e20c53 "[ignore_throttled] parameter is deprecated because frozen indices have been deprecated. Consider cold or frozen tiers in place of frozen indices."]
2023-08-04 12:56:04,363 INFO  [com.dot.ContainerResource] (docker-java-stream-824381349) STDOUT: 12:56:04.362  WARN  client.RestClient - request [POST http://elasticsearch:9200/cluster_51b0cac1ff.live_20230804125536/_search?typed_keys=true&max_concurrent_shard_requests=5&ignore_unavailable=false&expand_wildcards=open&allow_no_indices=true&ignore_throttled=true&search_type=query_then_fetch&batched_reduce_size=512&ccs_minimize_roundtrips=true] returned 2 warnings: [299 Elasticsearch-7.16.1-5b38441b16b1ebb16a27c107a4c3865776e20c53 "Elasticsearch built-in security features are not enabled. Without authentication, your cluster could be accessible to anyone. See https://www.elastic.co/guide/en/elasticsearch/reference/7.16/security-minimal-setup.html to enable security."],[299 Elasticsearch-7.16.1-5b38441b16b1ebb16a27c107a4c3865776e20c53 "[ignore_throttled] parameter is deprecated because frozen indices have been deprecated. Consider cold or frozen tiers in place of frozen indices."]
2023-08-04 12:56:04,366 INFO  [com.dot.ContainerResource] (docker-java-stream-824381349) STDOUT: 12:56:04.366  WARN  client.RestClient - request [POST http://elasticsearch:9200/cluster_51b0cac1ff.live_20230804125536/_search?typed_keys=true&max_concurrent_shard_requests=5&ignore_unavailable=false&expand_wildcards=open&allow_no_indices=true&ignore_throttled=true&search_type=query_then_fetch&batched_reduce_size=512&ccs_minimize_roundtrips=true] returned 2 warnings: [299 Elasticsearch-7.16.1-5b38441b16b1ebb16a27c107a4c3865776e20c53 "Elasticsearch built-in security features are not enabled. Without authentication, your cluster could be accessible to anyone. See https://www.elastic.co/guide/en/elasticsearch/reference/7.16/security-minimal-setup.html to enable security."],[299 Elasticsearch-7.16.1-5b38441b16b1ebb16a27c107a4c3865776e20c53 "[ignore_throttled] parameter is deprecated because frozen indices have been deprecated. Consider cold or frozen tiers in place of frozen indices."]
2023-08-04 12:56:04,371 INFO  [com.dot.ContainerResource] (docker-java-stream-824381349) STDOUT: 12:56:04.371  WARN  client.RestClient - request [POST http://elasticsearch:9200/cluster_51b0cac1ff.live_20230804125536/_search?typed_keys=true&max_concurrent_shard_requests=5&ignore_unavailable=false&expand_wildcards=open&allow_no_indices=true&ignore_throttled=true&search_type=query_then_fetch&batched_reduce_size=512&ccs_minimize_roundtrips=true] returned 2 warnings: [299 Elasticsearch-7.16.1-5b38441b16b1ebb16a27c107a4c3865776e20c53 "Elasticsearch built-in security features are not enabled. Without authentication, your cluster could be accessible to anyone. See https://www.elastic.co/guide/en/elasticsearch/reference/7.16/security-minimal-setup.html to enable security."],[299 Elasticsearch-7.16.1-5b38441b16b1ebb16a27c107a4c3865776e20c53 "[ignore_throttled] parameter is deprecated because frozen indices have been deprecated. Consider cold or frozen tiers in place of frozen indices."]
2023-08-04 12:56:04,376 INFO  [com.dot.ContainerResource] (docker-java-stream-824381349) STDOUT: 12:56:04.375  WARN  client.RestClient - request [POST http://elasticsearch:9200/cluster_51b0cac1ff.live_20230804125536/_search?typed_keys=true&max_concurrent_shard_requests=5&ignore_unavailable=false&expand_wildcards=open&allow_no_indices=true&ignore_throttled=true&search_type=query_then_fetch&batched_reduce_size=512&ccs_minimize_roundtrips=true] returned 2 warnings: [299 Elasticsearch-7.16.1-5b38441b16b1ebb16a27c107a4c3865776e20c53 "Elasticsearch built-in security features are not enabled. Without authentication, your cluster could be accessible to anyone. See https://www.elastic.co/guide/en/elasticsearch/reference/7.16/security-minimal-setup.html to enable security."],[299 Elasticsearch-7.16.1-5b38441b16b1ebb16a27c107a4c3865776e20c53 "[ignore_throttled] parameter is deprecated because frozen indices have been deprecated. Consider cold or frozen tiers in place of frozen indices."]
2023-08-04 12:56:04,379 INFO  [com.dot.ContainerResource] (docker-java-stream-824381349) STDOUT: 12:56:04.379  WARN  client.RestClient - request [POST http://elasticsearch:9200/cluster_51b0cac1ff.live_20230804125536/_search?typed_keys=true&max_concurrent_shard_requests=5&ignore_unavailable=false&expand_wildcards=open&allow_no_indices=true&ignore_throttled=true&search_type=query_then_fetch&batched_reduce_size=512&ccs_minimize_roundtrips=true] returned 2 warnings: [299 Elasticsearch-7.16.1-5b38441b16b1ebb16a27c107a4c3865776e20c53 "Elasticsearch built-in security features are not enabled. Without authentication, your cluster could be accessible to anyone. See https://www.elastic.co/guide/en/elasticsearch/reference/7.16/security-minimal-setup.html to enable security."],[299 Elasticsearch-7.16.1-5b38441b16b1ebb16a27c107a4c3865776e20c53 "[ignore_throttled] parameter is deprecated because frozen indices have been deprecated. Consider cold or frozen tiers in place of frozen indices."]
2023-08-04 12:56:04,385 INFO  [com.dot.ContainerResource] (docker-java-stream-824381349) STDOUT: 12:56:04.384  WARN  client.RestClient - request [POST http://elasticsearch:9200/cluster_51b0cac1ff.live_20230804125536/_search?typed_keys=true&max_concurrent_shard_requests=5&ignore_unavailable=false&expand_wildcards=open&allow_no_indices=true&ignore_throttled=true&search_type=query_then_fetch&batched_reduce_size=512&ccs_minimize_roundtrips=true] returned 2 warnings: [299 Elasticsearch-7.16.1-5b38441b16b1ebb16a27c107a4c3865776e20c53 "Elasticsearch built-in security features are not enabled. Without authentication, your cluster could be accessible to anyone. See https://www.elastic.co/guide/en/elasticsearch/reference/7.16/security-minimal-setup.html to enable security."],[299 Elasticsearch-7.16.1-5b38441b16b1ebb16a27c107a4c3865776e20c53 "[ignore_throttled] parameter is deprecated because frozen indices have been deprecated. Consider cold or frozen tiers in place of frozen indices."]
2023-08-04 12:56:04,388 INFO  [com.dot.ContainerResource] (docker-java-stream-824381349) STDOUT: 12:56:04.388  WARN  client.RestClient - request [POST http://elasticsearch:9200/cluster_51b0cac1ff.live_20230804125536/_search?typed_keys=true&max_concurrent_shard_requests=5&ignore_unavailable=false&expand_wildcards=open&allow_no_indices=true&ignore_throttled=true&search_type=query_then_fetch&batched_reduce_size=512&ccs_minimize_roundtrips=true] returned 2 warnings: [299 Elasticsearch-7.16.1-5b38441b16b1ebb16a27c107a4c3865776e20c53 "Elasticsearch built-in security features are not enabled. Without authentication, your cluster could be accessible to anyone. See https://www.elastic.co/guide/en/elasticsearch/reference/7.16/security-minimal-setup.html to enable security."],[299 Elasticsearch-7.16.1-5b38441b16b1ebb16a27c107a4c3865776e20c53 "[ignore_throttled] parameter is deprecated because frozen indices have been deprecated. Consider cold or frozen tiers in place of frozen indices."]
2023-08-04 12:56:04,391 INFO  [com.dot.ContainerResource] (docker-java-stream-824381349) STDOUT: 12:56:04.391  WARN  client.RestClient - request [POST http://elasticsearch:9200/cluster_51b0cac1ff.live_20230804125536/_search?typed_keys=true&max_concurrent_shard_requests=5&ignore_unavailable=false&expand_wildcards=open&allow_no_indices=true&ignore_throttled=true&search_type=query_then_fetch&batched_reduce_size=512&ccs_minimize_roundtrips=true] returned 2 warnings: [299 Elasticsearch-7.16.1-5b38441b16b1ebb16a27c107a4c3865776e20c53 "Elasticsearch built-in security features are not enabled. Without authentication, your cluster could be accessible to anyone. See https://www.elastic.co/guide/en/elasticsearch/reference/7.16/security-minimal-setup.html to enable security."],[299 Elasticsearch-7.16.1-5b38441b16b1ebb16a27c107a4c3865776e20c53 "[ignore_throttled] parameter is deprecated because frozen indices have been deprecated. Consider cold or frozen tiers in place of frozen indices."]
2023-08-04 12:56:04,394 INFO  [com.dot.ContainerResource] (docker-java-stream-824381349) STDOUT: 12:56:04.394  WARN  client.RestClient - request [POST http://elasticsearch:9200/cluster_51b0cac1ff.live_20230804125536/_search?typed_keys=true&max_concurrent_shard_requests=5&ignore_unavailable=false&expand_wildcards=open&allow_no_indices=true&ignore_throttled=true&search_type=query_then_fetch&batched_reduce_size=512&ccs_minimize_roundtrips=true] returned 2 warnings: [299 Elasticsearch-7.16.1-5b38441b16b1ebb16a27c107a4c3865776e20c53 "Elasticsearch built-in security features are not enabled. Without authentication, your cluster could be accessible to anyone. See https://www.elastic.co/guide/en/elasticsearch/reference/7.16/security-minimal-setup.html to enable security."],[299 Elasticsearch-7.16.1-5b38441b16b1ebb16a27c107a4c3865776e20c53 "[ignore_throttled] parameter is deprecated because frozen indices have been deprecated. Consider cold or frozen tiers in place of frozen indices."]
2023-08-04 12:56:04,397 INFO  [com.dot.ContainerResource] (docker-java-stream-824381349) STDOUT: 12:56:04.397  WARN  client.RestClient - request [POST http://elasticsearch:9200/cluster_51b0cac1ff.live_20230804125536/_search?typed_keys=true&max_concurrent_shard_requests=5&ignore_unavailable=false&expand_wildcards=open&allow_no_indices=true&ignore_throttled=true&search_type=query_then_fetch&batched_reduce_size=512&ccs_minimize_roundtrips=true] returned 2 warnings: [299 Elasticsearch-7.16.1-5b38441b16b1ebb16a27c107a4c3865776e20c53 "Elasticsearch built-in security features are not enabled. Without authentication, your cluster could be accessible to anyone. See https://www.elastic.co/guide/en/elasticsearch/reference/7.16/security-minimal-setup.html to enable security."],[299 Elasticsearch-7.16.1-5b38441b16b1ebb16a27c107a4c3865776e20c53 "[ignore_throttled] parameter is deprecated because frozen indices have been deprecated. Consider cold or frozen tiers in place of frozen indices."]
2023-08-04 12:56:04,401 INFO  [com.dot.ContainerResource] (docker-java-stream-824381349) STDOUT: 12:56:04.400  WARN  client.RestClient - request [POST http://elasticsearch:9200/cluster_51b0cac1ff.live_20230804125536/_search?typed_keys=true&max_concurrent_shard_requests=5&ignore_unavailable=false&expand_wildcards=open&allow_no_indices=true&ignore_throttled=true&search_type=query_then_fetch&batched_reduce_size=512&ccs_minimize_roundtrips=true] returned 2 warnings: [299 Elasticsearch-7.16.1-5b38441b16b1ebb16a27c107a4c3865776e20c53 "Elasticsearch built-in security features are not enabled. Without authentication, your cluster could be accessible to anyone. See https://www.elastic.co/guide/en/elasticsearch/reference/7.16/security-minimal-setup.html to enable security."],[299 Elasticsearch-7.16.1-5b38441b16b1ebb16a27c107a4c3865776e20c53 "[ignore_throttled] parameter is deprecated because frozen indices have been deprecated. Consider cold or frozen tiers in place of frozen indices."]
2023-08-04 12:56:04,404 INFO  [com.dot.ContainerResource] (docker-java-stream-824381349) STDOUT: 12:56:04.404  WARN  client.RestClient - request [POST http://elasticsearch:9200/cluster_51b0cac1ff.live_20230804125536/_search?typed_keys=true&max_concurrent_shard_requests=5&ignore_unavailable=false&expand_wildcards=open&allow_no_indices=true&ignore_throttled=true&search_type=query_then_fetch&batched_reduce_size=512&ccs_minimize_roundtrips=true] returned 2 warnings: [299 Elasticsearch-7.16.1-5b38441b16b1ebb16a27c107a4c3865776e20c53 "Elasticsearch built-in security features are not enabled. Without authentication, your cluster could be accessible to anyone. See https://www.elastic.co/guide/en/elasticsearch/reference/7.16/security-minimal-setup.html to enable security."],[299 Elasticsearch-7.16.1-5b38441b16b1ebb16a27c107a4c3865776e20c53 "[ignore_throttled] parameter is deprecated because frozen indices have been deprecated. Consider cold or frozen tiers in place of frozen indices."]
2023-08-04 12:56:04,408 INFO  [com.dot.ContainerResource] (docker-java-stream-824381349) STDOUT: 12:56:04.407  WARN  client.RestClient - request [POST http://elasticsearch:9200/cluster_51b0cac1ff.live_20230804125536/_search?typed_keys=true&max_concurrent_shard_requests=5&ignore_unavailable=false&expand_wildcards=open&allow_no_indices=true&ignore_throttled=true&search_type=query_then_fetch&batched_reduce_size=512&ccs_minimize_roundtrips=true] returned 2 warnings: [299 Elasticsearch-7.16.1-5b38441b16b1ebb16a27c107a4c3865776e20c53 "Elasticsearch built-in security features are not enabled. Without authentication, your cluster could be accessible to anyone. See https://www.elastic.co/guide/en/elasticsearch/reference/7.16/security-minimal-setup.html to enable security."],[299 Elasticsearch-7.16.1-5b38441b16b1ebb16a27c107a4c3865776e20c53 "[ignore_throttled] parameter is deprecated because frozen indices have been deprecated. Consider cold or frozen tiers in place of frozen indices."]
2023-08-04 12:56:04,411 INFO  [com.dot.ContainerResource] (docker-java-stream-824381349) STDOUT: 12:56:04.410  WARN  client.RestClient - request [POST http://elasticsearch:9200/cluster_51b0cac1ff.live_20230804125536/_search?typed_keys=true&max_concurrent_shard_requests=5&ignore_unavailable=false&expand_wildcards=open&allow_no_indices=true&ignore_throttled=true&search_type=query_then_fetch&batched_reduce_size=512&ccs_minimize_roundtrips=true] returned 2 warnings: [299 Elasticsearch-7.16.1-5b38441b16b1ebb16a27c107a4c3865776e20c53 "Elasticsearch built-in security features are not enabled. Without authentication, your cluster could be accessible to anyone. See https://www.elastic.co/guide/en/elasticsearch/reference/7.16/security-minimal-setup.html to enable security."],[299 Elasticsearch-7.16.1-5b38441b16b1ebb16a27c107a4c3865776e20c53 "[ignore_throttled] parameter is deprecated because frozen indices have been deprecated. Consider cold or frozen tiers in place of frozen indices."]
2023-08-04 12:56:04,414 INFO  [com.dot.ContainerResource] (docker-java-stream-824381349) STDOUT: 12:56:04.413  WARN  client.RestClient - request [POST http://elasticsearch:9200/cluster_51b0cac1ff.live_20230804125536/_search?typed_keys=true&max_concurrent_shard_requests=5&ignore_unavailable=false&expand_wildcards=open&allow_no_indices=true&ignore_throttled=true&search_type=query_then_fetch&batched_reduce_size=512&ccs_minimize_roundtrips=true] returned 2 warnings: [299 Elasticsearch-7.16.1-5b38441b16b1ebb16a27c107a4c3865776e20c53 "Elasticsearch built-in security features are not enabled. Without authentication, your cluster could be accessible to anyone. See https://www.elastic.co/guide/en/elasticsearch/reference/7.16/security-minimal-setup.html to enable security."],[299 Elasticsearch-7.16.1-5b38441b16b1ebb16a27c107a4c3865776e20c53 "[ignore_throttled] parameter is deprecated because frozen indices have been deprecated. Consider cold or frozen tiers in place of frozen indices."]
2023-08-04 12:56:04,418 INFO  [com.dot.ContainerResource] (docker-java-stream-824381349) STDOUT: 12:56:04.418  WARN  client.RestClient - request [POST http://elasticsearch:9200/cluster_51b0cac1ff.live_20230804125536/_search?typed_keys=true&max_concurrent_shard_requests=5&ignore_unavailable=false&expand_wildcards=open&allow_no_indices=true&ignore_throttled=true&search_type=query_then_fetch&batched_reduce_size=512&ccs_minimize_roundtrips=true] returned 2 warnings: [299 Elasticsearch-7.16.1-5b38441b16b1ebb16a27c107a4c3865776e20c53 "Elasticsearch built-in security features are not enabled. Without authentication, your cluster could be accessible to anyone. See https://www.elastic.co/guide/en/elasticsearch/reference/7.16/security-minimal-setup.html to enable security."],[299 Elasticsearch-7.16.1-5b38441b16b1ebb16a27c107a4c3865776e20c53 "[ignore_throttled] parameter is deprecated because frozen indices have been deprecated. Consider cold or frozen tiers in place of frozen indices."]
2023-08-04 12:56:04,421 INFO  [com.dot.ContainerResource] (docker-java-stream-824381349) STDOUT: 12:56:04.421  WARN  client.RestClient - request [POST http://elasticsearch:9200/cluster_51b0cac1ff.live_20230804125536/_search?typed_keys=true&max_concurrent_shard_requests=5&ignore_unavailable=false&expand_wildcards=open&allow_no_indices=true&ignore_throttled=true&search_type=query_then_fetch&batched_reduce_size=512&ccs_minimize_roundtrips=true] returned 2 warnings: [299 Elasticsearch-7.16.1-5b38441b16b1ebb16a27c107a4c3865776e20c53 "Elasticsearch built-in security features are not enabled. Without authentication, your cluster could be accessible to anyone. See https://www.elastic.co/guide/en/elasticsearch/reference/7.16/security-minimal-setup.html to enable security."],[299 Elasticsearch-7.16.1-5b38441b16b1ebb16a27c107a4c3865776e20c53 "[ignore_throttled] parameter is deprecated because frozen indices have been deprecated. Consider cold or frozen tiers in place of frozen indices."]
2023-08-04 12:56:04,425 INFO  [com.dot.ContainerResource] (docker-java-stream-824381349) STDOUT: 12:56:04.424  WARN  client.RestClient - request [POST http://elasticsearch:9200/cluster_51b0cac1ff.live_20230804125536/_search?typed_keys=true&max_concurrent_shard_requests=5&ignore_unavailable=false&expand_wildcards=open&allow_no_indices=true&ignore_throttled=true&search_type=query_then_fetch&batched_reduce_size=512&ccs_minimize_roundtrips=true] returned 2 warnings: [299 Elasticsearch-7.16.1-5b38441b16b1ebb16a27c107a4c3865776e20c53 "Elasticsearch built-in security features are not enabled. Without authentication, your cluster could be accessible to anyone. See https://www.elastic.co/guide/en/elasticsearch/reference/7.16/security-minimal-setup.html to enable security."],[299 Elasticsearch-7.16.1-5b38441b16b1ebb16a27c107a4c3865776e20c53 "[ignore_throttled] parameter is deprecated because frozen indices have been deprecated. Consider cold or frozen tiers in place of frozen indices."]
2023-08-04 12:56:04,428 INFO  [com.dot.ContainerResource] (docker-java-stream-824381349) STDOUT: 12:56:04.428  WARN  client.RestClient - request [POST http://elasticsearch:9200/cluster_51b0cac1ff.live_20230804125536/_search?typed_keys=true&max_concurrent_shard_requests=5&ignore_unavailable=false&expand_wildcards=open&allow_no_indices=true&ignore_throttled=true&search_type=query_then_fetch&batched_reduce_size=512&ccs_minimize_roundtrips=true] returned 2 warnings: [299 Elasticsearch-7.16.1-5b38441b16b1ebb16a27c107a4c3865776e20c53 "Elasticsearch built-in security features are not enabled. Without authentication, your cluster could be accessible to anyone. See https://www.elastic.co/guide/en/elasticsearch/reference/7.16/security-minimal-setup.html to enable security."],[299 Elasticsearch-7.16.1-5b38441b16b1ebb16a27c107a4c3865776e20c53 "[ignore_throttled] parameter is deprecated because frozen indices have been deprecated. Consider cold or frozen tiers in place of frozen indices."]
2023-08-04 12:56:04,436 INFO  [com.dot.ContainerResource] (docker-java-stream-824381349) STDOUT: 12:56:04.436  WARN  client.RestClient - request [POST http://elasticsearch:9200/cluster_51b0cac1ff.live_20230804125536/_search?typed_keys=true&max_concurrent_shard_requests=5&ignore_unavailable=false&expand_wildcards=open&allow_no_indices=true&ignore_throttled=true&search_type=query_then_fetch&batched_reduce_size=512&ccs_minimize_roundtrips=true] returned 2 warnings: [299 Elasticsearch-7.16.1-5b38441b16b1ebb16a27c107a4c3865776e20c53 "Elasticsearch built-in security features are not enabled. Without authentication, your cluster could be accessible to anyone. See https://www.elastic.co/guide/en/elasticsearch/reference/7.16/security-minimal-setup.html to enable security."],[299 Elasticsearch-7.16.1-5b38441b16b1ebb16a27c107a4c3865776e20c53 "[ignore_throttled] parameter is deprecated because frozen indices have been deprecated. Consider cold or frozen tiers in place of frozen indices."]
2023-08-04 12:56:04,452 INFO  [com.dot.ContainerResource] (docker-java-stream-824381349) STDOUT: 12:56:04.451  WARN  client.RestClient - request [POST http://elasticsearch:9200/cluster_51b0cac1ff.live_20230804125536/_search?typed_keys=true&max_concurrent_shard_requests=5&ignore_unavailable=false&expand_wildcards=open&allow_no_indices=true&ignore_throttled=true&search_type=query_then_fetch&batched_reduce_size=512&ccs_minimize_roundtrips=true] returned 2 warnings: [299 Elasticsearch-7.16.1-5b38441b16b1ebb16a27c107a4c3865776e20c53 "Elasticsearch built-in security features are not enabled. Without authentication, your cluster could be accessible to anyone. See https://www.elastic.co/guide/en/elasticsearch/reference/7.16/security-minimal-setup.html to enable security."],[299 Elasticsearch-7.16.1-5b38441b16b1ebb16a27c107a4c3865776e20c53 "[ignore_throttled] parameter is deprecated because frozen indices have been deprecated. Consider cold or frozen tiers in place of frozen indices."]
2023-08-04 12:56:04,457 INFO  [com.dot.ContainerResource] (docker-java-stream-824381349) STDOUT: 12:56:04.455  WARN  client.RestClient - request [POST http://elasticsearch:9200/cluster_51b0cac1ff.live_20230804125536/_search?typed_keys=true&max_concurrent_shard_requests=5&ignore_unavailable=false&expand_wildcards=open&allow_no_indices=true&ignore_throttled=true&search_type=query_then_fetch&batched_reduce_size=512&ccs_minimize_roundtrips=true] returned 2 warnings: [299 Elasticsearch-7.16.1-5b38441b16b1ebb16a27c107a4c3865776e20c53 "Elasticsearch built-in security features are not enabled. Without authentication, your cluster could be accessible to anyone. See https://www.elastic.co/guide/en/elasticsearch/reference/7.16/security-minimal-setup.html to enable security."],[299 Elasticsearch-7.16.1-5b38441b16b1ebb16a27c107a4c3865776e20c53 "[ignore_throttled] parameter is deprecated because frozen indices have been deprecated. Consider cold or frozen tiers in place of frozen indices."]
2023-08-04 12:56:04,463 INFO  [com.dot.ContainerResource] (docker-java-stream-824381349) STDOUT: 12:56:04.459  WARN  client.RestClient - request [POST http://elasticsearch:9200/cluster_51b0cac1ff.live_20230804125536/_search?typed_keys=true&max_concurrent_shard_requests=5&ignore_unavailable=false&expand_wildcards=open&allow_no_indices=true&ignore_throttled=true&search_type=query_then_fetch&batched_reduce_size=512&ccs_minimize_roundtrips=true] returned 2 warnings: [299 Elasticsearch-7.16.1-5b38441b16b1ebb16a27c107a4c3865776e20c53 "Elasticsearch built-in security features are not enabled. Without authentication, your cluster could be accessible to anyone. See https://www.elastic.co/guide/en/elasticsearch/reference/7.16/security-minimal-setup.html to enable security."],[299 Elasticsearch-7.16.1-5b38441b16b1ebb16a27c107a4c3865776e20c53 "[ignore_throttled] parameter is deprecated because frozen indices have been deprecated. Consider cold or frozen tiers in place of frozen indices."]
2023-08-04 12:56:04,463 INFO  [com.dot.ContainerResource] (docker-java-stream-824381349) STDOUT: 12:56:04.462  WARN  client.RestClient - request [POST http://elasticsearch:9200/cluster_51b0cac1ff.live_20230804125536/_search?typed_keys=true&max_concurrent_shard_requests=5&ignore_unavailable=false&expand_wildcards=open&allow_no_indices=true&ignore_throttled=true&search_type=query_then_fetch&batched_reduce_size=512&ccs_minimize_roundtrips=true] returned 2 warnings: [299 Elasticsearch-7.16.1-5b38441b16b1ebb16a27c107a4c3865776e20c53 "Elasticsearch built-in security features are not enabled. Without authentication, your cluster could be accessible to anyone. See https://www.elastic.co/guide/en/elasticsearch/reference/7.16/security-minimal-setup.html to enable security."],[299 Elasticsearch-7.16.1-5b38441b16b1ebb16a27c107a4c3865776e20c53 "[ignore_throttled] parameter is deprecated because frozen indices have been deprecated. Consider cold or frozen tiers in place of frozen indices."]
2023-08-04 12:56:04,472 INFO  [com.dot.ContainerResource] (docker-java-stream-824381349) STDOUT: 12:56:04.472  WARN  client.RestClient - request [POST http://elasticsearch:9200/cluster_51b0cac1ff.live_20230804125536/_search?typed_keys=true&max_concurrent_shard_requests=5&ignore_unavailable=false&expand_wildcards=open&allow_no_indices=true&ignore_throttled=true&search_type=query_then_fetch&batched_reduce_size=512&ccs_minimize_roundtrips=true] returned 2 warnings: [299 Elasticsearch-7.16.1-5b38441b16b1ebb16a27c107a4c3865776e20c53 "Elasticsearch built-in security features are not enabled. Without authentication, your cluster could be accessible to anyone. See https://www.elastic.co/guide/en/elasticsearch/reference/7.16/security-minimal-setup.html to enable security."],[299 Elasticsearch-7.16.1-5b38441b16b1ebb16a27c107a4c3865776e20c53 "[ignore_throttled] parameter is deprecated because frozen indices have been deprecated. Consider cold or frozen tiers in place of frozen indices."]
2023-08-04 12:56:04,476 INFO  [com.dot.ContainerResource] (docker-java-stream-824381349) STDOUT: 12:56:04.476  WARN  client.RestClient - request [POST http://elasticsearch:9200/cluster_51b0cac1ff.live_20230804125536/_search?typed_keys=true&max_concurrent_shard_requests=5&ignore_unavailable=false&expand_wildcards=open&allow_no_indices=true&ignore_throttled=true&search_type=query_then_fetch&batched_reduce_size=512&ccs_minimize_roundtrips=true] returned 2 warnings: [299 Elasticsearch-7.16.1-5b38441b16b1ebb16a27c107a4c3865776e20c53 "Elasticsearch built-in security features are not enabled. Without authentication, your cluster could be accessible to anyone. See https://www.elastic.co/guide/en/elasticsearch/reference/7.16/security-minimal-setup.html to enable security."],[299 Elasticsearch-7.16.1-5b38441b16b1ebb16a27c107a4c3865776e20c53 "[ignore_throttled] parameter is deprecated because frozen indices have been deprecated. Consider cold or frozen tiers in place of frozen indices."]
2023-08-04 12:56:04,480 INFO  [com.dot.ContainerResource] (docker-java-stream-824381349) STDOUT: 12:56:04.480  WARN  client.RestClient - request [POST http://elasticsearch:9200/cluster_51b0cac1ff.live_20230804125536/_search?typed_keys=true&max_concurrent_shard_requests=5&ignore_unavailable=false&expand_wildcards=open&allow_no_indices=true&ignore_throttled=true&search_type=query_then_fetch&batched_reduce_size=512&ccs_minimize_roundtrips=true] returned 2 warnings: [299 Elasticsearch-7.16.1-5b38441b16b1ebb16a27c107a4c3865776e20c53 "Elasticsearch built-in security features are not enabled. Without authentication, your cluster could be accessible to anyone. See https://www.elastic.co/guide/en/elasticsearch/reference/7.16/security-minimal-setup.html to enable security."],[299 Elasticsearch-7.16.1-5b38441b16b1ebb16a27c107a4c3865776e20c53 "[ignore_throttled] parameter is deprecated because frozen indices have been deprecated. Consider cold or frozen tiers in place of frozen indices."]
2023-08-04 12:56:04,484 INFO  [com.dot.ContainerResource] (docker-java-stream-824381349) STDOUT: 12:56:04.484  WARN  client.RestClient - request [POST http://elasticsearch:9200/cluster_51b0cac1ff.live_20230804125536/_search?typed_keys=true&max_concurrent_shard_requests=5&ignore_unavailable=false&expand_wildcards=open&allow_no_indices=true&ignore_throttled=true&search_type=query_then_fetch&batched_reduce_size=512&ccs_minimize_roundtrips=true] returned 2 warnings: [299 Elasticsearch-7.16.1-5b38441b16b1ebb16a27c107a4c3865776e20c53 "Elasticsearch built-in security features are not enabled. Without authentication, your cluster could be accessible to anyone. See https://www.elastic.co/guide/en/elasticsearch/reference/7.16/security-minimal-setup.html to enable security."],[299 Elasticsearch-7.16.1-5b38441b16b1ebb16a27c107a4c3865776e20c53 "[ignore_throttled] parameter is deprecated because frozen indices have been deprecated. Consider cold or frozen tiers in place of frozen indices."]
2023-08-04 12:56:04,488 INFO  [com.dot.ContainerResource] (docker-java-stream-824381349) STDOUT: 12:56:04.487  WARN  client.RestClient - request [POST http://elasticsearch:9200/cluster_51b0cac1ff.live_20230804125536/_search?typed_keys=true&max_concurrent_shard_requests=5&ignore_unavailable=false&expand_wildcards=open&allow_no_indices=true&ignore_throttled=true&search_type=query_then_fetch&batched_reduce_size=512&ccs_minimize_roundtrips=true] returned 2 warnings: [299 Elasticsearch-7.16.1-5b38441b16b1ebb16a27c107a4c3865776e20c53 "Elasticsearch built-in security features are not enabled. Without authentication, your cluster could be accessible to anyone. See https://www.elastic.co/guide/en/elasticsearch/reference/7.16/security-minimal-setup.html to enable security."],[299 Elasticsearch-7.16.1-5b38441b16b1ebb16a27c107a4c3865776e20c53 "[ignore_throttled] parameter is deprecated because frozen indices have been deprecated. Consider cold or frozen tiers in place of frozen indices."]
2023-08-04 12:56:04,491 INFO  [com.dot.ContainerResource] (docker-java-stream-824381349) STDOUT: 12:56:04.491  WARN  client.RestClient - request [POST http://elasticsearch:9200/cluster_51b0cac1ff.live_20230804125536/_search?typed_keys=true&max_concurrent_shard_requests=5&ignore_unavailable=false&expand_wildcards=open&allow_no_indices=true&ignore_throttled=true&search_type=query_then_fetch&batched_reduce_size=512&ccs_minimize_roundtrips=true] returned 2 warnings: [299 Elasticsearch-7.16.1-5b38441b16b1ebb16a27c107a4c3865776e20c53 "Elasticsearch built-in security features are not enabled. Without authentication, your cluster could be accessible to anyone. See https://www.elastic.co/guide/en/elasticsearch/reference/7.16/security-minimal-setup.html to enable security."],[299 Elasticsearch-7.16.1-5b38441b16b1ebb16a27c107a4c3865776e20c53 "[ignore_throttled] parameter is deprecated because frozen indices have been deprecated. Consider cold or frozen tiers in place of frozen indices."]
2023-08-04 12:56:04,494 INFO  [com.dot.ContainerResource] (docker-java-stream-824381349) STDOUT: 12:56:04.494  WARN  client.RestClient - request [POST http://elasticsearch:9200/cluster_51b0cac1ff.live_20230804125536/_search?typed_keys=true&max_concurrent_shard_requests=5&ignore_unavailable=false&expand_wildcards=open&allow_no_indices=true&ignore_throttled=true&search_type=query_then_fetch&batched_reduce_size=512&ccs_minimize_roundtrips=true] returned 2 warnings: [299 Elasticsearch-7.16.1-5b38441b16b1ebb16a27c107a4c3865776e20c53 "Elasticsearch built-in security features are not enabled. Without authentication, your cluster could be accessible to anyone. See https://www.elastic.co/guide/en/elasticsearch/reference/7.16/security-minimal-setup.html to enable security."],[299 Elasticsearch-7.16.1-5b38441b16b1ebb16a27c107a4c3865776e20c53 "[ignore_throttled] parameter is deprecated because frozen indices have been deprecated. Consider cold or frozen tiers in place of frozen indices."]
2023-08-04 12:56:04,509 INFO  [com.dot.ContainerResource] (docker-java-stream-824381349) STDOUT: 12:56:04.508  WARN  client.RestClient - request [POST http://elasticsearch:9200/cluster_51b0cac1ff.live_20230804125536/_search?typed_keys=true&max_concurrent_shard_requests=5&ignore_unavailable=false&expand_wildcards=open&allow_no_indices=true&ignore_throttled=true&search_type=query_then_fetch&batched_reduce_size=512&ccs_minimize_roundtrips=true] returned 2 warnings: [299 Elasticsearch-7.16.1-5b38441b16b1ebb16a27c107a4c3865776e20c53 "Elasticsearch built-in security features are not enabled. Without authentication, your cluster could be accessible to anyone. See https://www.elastic.co/guide/en/elasticsearch/reference/7.16/security-minimal-setup.html to enable security."],[299 Elasticsearch-7.16.1-5b38441b16b1ebb16a27c107a4c3865776e20c53 "[ignore_throttled] parameter is deprecated because frozen indices have been deprecated. Consider cold or frozen tiers in place of frozen indices."]
2023-08-04 12:56:04,514 INFO  [com.dot.ContainerResource] (docker-java-stream-824381349) STDOUT: 12:56:04.514  WARN  client.RestClient - request [POST http://elasticsearch:9200/cluster_51b0cac1ff.live_20230804125536/_search?typed_keys=true&max_concurrent_shard_requests=5&ignore_unavailable=false&expand_wildcards=open&allow_no_indices=true&ignore_throttled=true&search_type=query_then_fetch&batched_reduce_size=512&ccs_minimize_roundtrips=true] returned 2 warnings: [299 Elasticsearch-7.16.1-5b38441b16b1ebb16a27c107a4c3865776e20c53 "Elasticsearch built-in security features are not enabled. Without authentication, your cluster could be accessible to anyone. See https://www.elastic.co/guide/en/elasticsearch/reference/7.16/security-minimal-setup.html to enable security."],[299 Elasticsearch-7.16.1-5b38441b16b1ebb16a27c107a4c3865776e20c53 "[ignore_throttled] parameter is deprecated because frozen indices have been deprecated. Consider cold or frozen tiers in place of frozen indices."]
2023-08-04 12:56:04,519 INFO  [com.dot.ContainerResource] (docker-java-stream-824381349) STDOUT: 12:56:04.518  WARN  client.RestClient - request [POST http://elasticsearch:9200/cluster_51b0cac1ff.live_20230804125536/_search?typed_keys=true&max_concurrent_shard_requests=5&ignore_unavailable=false&expand_wildcards=open&allow_no_indices=true&ignore_throttled=true&search_type=query_then_fetch&batched_reduce_size=512&ccs_minimize_roundtrips=true] returned 2 warnings: [299 Elasticsearch-7.16.1-5b38441b16b1ebb16a27c107a4c3865776e20c53 "Elasticsearch built-in security features are not enabled. Without authentication, your cluster could be accessible to anyone. See https://www.elastic.co/guide/en/elasticsearch/reference/7.16/security-minimal-setup.html to enable security."],[299 Elasticsearch-7.16.1-5b38441b16b1ebb16a27c107a4c3865776e20c53 "[ignore_throttled] parameter is deprecated because frozen indices have been deprecated. Consider cold or frozen tiers in place of frozen indices."]
2023-08-04 12:56:04,529 INFO  [com.dot.ContainerResource] (docker-java-stream-824381349) STDOUT: 12:56:04.528  WARN  client.RestClient - request [POST http://elasticsearch:9200/cluster_51b0cac1ff.live_20230804125536/_search?typed_keys=true&max_concurrent_shard_requests=5&ignore_unavailable=false&expand_wildcards=open&allow_no_indices=true&ignore_throttled=true&search_type=query_then_fetch&batched_reduce_size=512&ccs_minimize_roundtrips=true] returned 2 warnings: [299 Elasticsearch-7.16.1-5b38441b16b1ebb16a27c107a4c3865776e20c53 "Elasticsearch built-in security features are not enabled. Without authentication, your cluster could be accessible to anyone. See https://www.elastic.co/guide/en/elasticsearch/reference/7.16/security-minimal-setup.html to enable security."],[299 Elasticsearch-7.16.1-5b38441b16b1ebb16a27c107a4c3865776e20c53 "[ignore_throttled] parameter is deprecated because frozen indices have been deprecated. Consider cold or frozen tiers in place of frozen indices."]
2023-08-04 12:56:04,533 INFO  [com.dot.ContainerResource] (docker-java-stream-824381349) STDOUT: 12:56:04.533  WARN  client.RestClient - request [POST http://elasticsearch:9200/cluster_51b0cac1ff.live_20230804125536/_search?typed_keys=true&max_concurrent_shard_requests=5&ignore_unavailable=false&expand_wildcards=open&allow_no_indices=true&ignore_throttled=true&search_type=query_then_fetch&batched_reduce_size=512&ccs_minimize_roundtrips=true] returned 2 warnings: [299 Elasticsearch-7.16.1-5b38441b16b1ebb16a27c107a4c3865776e20c53 "Elasticsearch built-in security features are not enabled. Without authentication, your cluster could be accessible to anyone. See https://www.elastic.co/guide/en/elasticsearch/reference/7.16/security-minimal-setup.html to enable security."],[299 Elasticsearch-7.16.1-5b38441b16b1ebb16a27c107a4c3865776e20c53 "[ignore_throttled] parameter is deprecated because frozen indices have been deprecated. Consider cold or frozen tiers in place of frozen indices."]
2023-08-04 12:56:04,537 INFO  [com.dot.ContainerResource] (docker-java-stream-824381349) STDOUT: 12:56:04.537  WARN  client.RestClient - request [POST http://elasticsearch:9200/cluster_51b0cac1ff.live_20230804125536/_search?typed_keys=true&max_concurrent_shard_requests=5&ignore_unavailable=false&expand_wildcards=open&allow_no_indices=true&ignore_throttled=true&search_type=query_then_fetch&batched_reduce_size=512&ccs_minimize_roundtrips=true] returned 2 warnings: [299 Elasticsearch-7.16.1-5b38441b16b1ebb16a27c107a4c3865776e20c53 "Elasticsearch built-in security features are not enabled. Without authentication, your cluster could be accessible to anyone. See https://www.elastic.co/guide/en/elasticsearch/reference/7.16/security-minimal-setup.html to enable security."],[299 Elasticsearch-7.16.1-5b38441b16b1ebb16a27c107a4c3865776e20c53 "[ignore_throttled] parameter is deprecated because frozen indices have been deprecated. Consider cold or frozen tiers in place of frozen indices."]
2023-08-04 12:56:04,541 INFO  [com.dot.ContainerResource] (docker-java-stream-824381349) STDOUT: 12:56:04.541  WARN  client.RestClient - request [POST http://elasticsearch:9200/cluster_51b0cac1ff.live_20230804125536/_search?typed_keys=true&max_concurrent_shard_requests=5&ignore_unavailable=false&expand_wildcards=open&allow_no_indices=true&ignore_throttled=true&search_type=query_then_fetch&batched_reduce_size=512&ccs_minimize_roundtrips=true] returned 2 warnings: [299 Elasticsearch-7.16.1-5b38441b16b1ebb16a27c107a4c3865776e20c53 "Elasticsearch built-in security features are not enabled. Without authentication, your cluster could be accessible to anyone. See https://www.elastic.co/guide/en/elasticsearch/reference/7.16/security-minimal-setup.html to enable security."],[299 Elasticsearch-7.16.1-5b38441b16b1ebb16a27c107a4c3865776e20c53 "[ignore_throttled] parameter is deprecated because frozen indices have been deprecated. Consider cold or frozen tiers in place of frozen indices."]
2023-08-04 12:56:04,544 INFO  [com.dot.ContainerResource] (docker-java-stream-824381349) STDOUT: 12:56:04.544  WARN  client.RestClient - request [POST http://elasticsearch:9200/cluster_51b0cac1ff.live_20230804125536/_search?typed_keys=true&max_concurrent_shard_requests=5&ignore_unavailable=false&expand_wildcards=open&allow_no_indices=true&ignore_throttled=true&search_type=query_then_fetch&batched_reduce_size=512&ccs_minimize_roundtrips=true] returned 2 warnings: [299 Elasticsearch-7.16.1-5b38441b16b1ebb16a27c107a4c3865776e20c53 "Elasticsearch built-in security features are not enabled. Without authentication, your cluster could be accessible to anyone. See https://www.elastic.co/guide/en/elasticsearch/reference/7.16/security-minimal-setup.html to enable security."],[299 Elasticsearch-7.16.1-5b38441b16b1ebb16a27c107a4c3865776e20c53 "[ignore_throttled] parameter is deprecated because frozen indices have been deprecated. Consider cold or frozen tiers in place of frozen indices."]
2023-08-04 12:56:04,548 INFO  [com.dot.ContainerResource] (docker-java-stream-824381349) STDOUT: 12:56:04.548  WARN  client.RestClient - request [POST http://elasticsearch:9200/cluster_51b0cac1ff.live_20230804125536/_search?typed_keys=true&max_concurrent_shard_requests=5&ignore_unavailable=false&expand_wildcards=open&allow_no_indices=true&ignore_throttled=true&search_type=query_then_fetch&batched_reduce_size=512&ccs_minimize_roundtrips=true] returned 2 warnings: [299 Elasticsearch-7.16.1-5b38441b16b1ebb16a27c107a4c3865776e20c53 "Elasticsearch built-in security features are not enabled. Without authentication, your cluster could be accessible to anyone. See https://www.elastic.co/guide/en/elasticsearch/reference/7.16/security-minimal-setup.html to enable security."],[299 Elasticsearch-7.16.1-5b38441b16b1ebb16a27c107a4c3865776e20c53 "[ignore_throttled] parameter is deprecated because frozen indices have been deprecated. Consider cold or frozen tiers in place of frozen indices."]
2023-08-04 12:56:04,552 INFO  [com.dot.ContainerResource] (docker-java-stream-824381349) STDOUT: 12:56:04.552  WARN  client.RestClient - request [POST http://elasticsearch:9200/cluster_51b0cac1ff.live_20230804125536/_search?typed_keys=true&max_concurrent_shard_requests=5&ignore_unavailable=false&expand_wildcards=open&allow_no_indices=true&ignore_throttled=true&search_type=query_then_fetch&batched_reduce_size=512&ccs_minimize_roundtrips=true] returned 2 warnings: [299 Elasticsearch-7.16.1-5b38441b16b1ebb16a27c107a4c3865776e20c53 "Elasticsearch built-in security features are not enabled. Without authentication, your cluster could be accessible to anyone. See https://www.elastic.co/guide/en/elasticsearch/reference/7.16/security-minimal-setup.html to enable security."],[299 Elasticsearch-7.16.1-5b38441b16b1ebb16a27c107a4c3865776e20c53 "[ignore_throttled] parameter is deprecated because frozen indices have been deprecated. Consider cold or frozen tiers in place of frozen indices."]
2023-08-04 12:56:04,560 INFO  [com.dot.ContainerResource] (docker-java-stream-824381349) STDOUT: 12:56:04.560  WARN  client.RestClient - request [POST http://elasticsearch:9200/cluster_51b0cac1ff.live_20230804125536/_search?typed_keys=true&max_concurrent_shard_requests=5&ignore_unavailable=false&expand_wildcards=open&allow_no_indices=true&ignore_throttled=true&search_type=query_then_fetch&batched_reduce_size=512&ccs_minimize_roundtrips=true] returned 2 warnings: [299 Elasticsearch-7.16.1-5b38441b16b1ebb16a27c107a4c3865776e20c53 "Elasticsearch built-in security features are not enabled. Without authentication, your cluster could be accessible to anyone. See https://www.elastic.co/guide/en/elasticsearch/reference/7.16/security-minimal-setup.html to enable security."],[299 Elasticsearch-7.16.1-5b38441b16b1ebb16a27c107a4c3865776e20c53 "[ignore_throttled] parameter is deprecated because frozen indices have been deprecated. Consider cold or frozen tiers in place of frozen indices."]
2023-08-04 12:56:04,581 INFO  [com.dot.ContainerResource] (docker-java-stream-824381349) STDOUT: 12:56:04.580  WARN  client.RestClient - request [POST http://elasticsearch:9200/cluster_51b0cac1ff.live_20230804125536/_search?typed_keys=true&max_concurrent_shard_requests=5&ignore_unavailable=false&expand_wildcards=open&allow_no_indices=true&ignore_throttled=true&search_type=query_then_fetch&batched_reduce_size=512&ccs_minimize_roundtrips=true] returned 2 warnings: [299 Elasticsearch-7.16.1-5b38441b16b1ebb16a27c107a4c3865776e20c53 "Elasticsearch built-in security features are not enabled. Without authentication, your cluster could be accessible to anyone. See https://www.elastic.co/guide/en/elasticsearch/reference/7.16/security-minimal-setup.html to enable security."],[299 Elasticsearch-7.16.1-5b38441b16b1ebb16a27c107a4c3865776e20c53 "[ignore_throttled] parameter is deprecated because frozen indices have been deprecated. Consider cold or frozen tiers in place of frozen indices."]
2023-08-04 12:56:04,586 INFO  [com.dot.ContainerResource] (docker-java-stream-824381349) STDOUT: 12:56:04.585  WARN  client.RestClient - request [POST http://elasticsearch:9200/cluster_51b0cac1ff.live_20230804125536/_search?typed_keys=true&max_concurrent_shard_requests=5&ignore_unavailable=false&expand_wildcards=open&allow_no_indices=true&ignore_throttled=true&search_type=query_then_fetch&batched_reduce_size=512&ccs_minimize_roundtrips=true] returned 2 warnings: [299 Elasticsearch-7.16.1-5b38441b16b1ebb16a27c107a4c3865776e20c53 "Elasticsearch built-in security features are not enabled. Without authentication, your cluster could be accessible to anyone. See https://www.elastic.co/guide/en/elasticsearch/reference/7.16/security-minimal-setup.html to enable security."],[299 Elasticsearch-7.16.1-5b38441b16b1ebb16a27c107a4c3865776e20c53 "[ignore_throttled] parameter is deprecated because frozen indices have been deprecated. Consider cold or frozen tiers in place of frozen indices."]
2023-08-04 12:56:04,590 INFO  [com.dot.ContainerResource] (docker-java-stream-824381349) STDOUT: 12:56:04.589  WARN  client.RestClient - request [POST http://elasticsearch:9200/cluster_51b0cac1ff.live_20230804125536/_search?typed_keys=true&max_concurrent_shard_requests=5&ignore_unavailable=false&expand_wildcards=open&allow_no_indices=true&ignore_throttled=true&search_type=query_then_fetch&batched_reduce_size=512&ccs_minimize_roundtrips=true] returned 2 warnings: [299 Elasticsearch-7.16.1-5b38441b16b1ebb16a27c107a4c3865776e20c53 "Elasticsearch built-in security features are not enabled. Without authentication, your cluster could be accessible to anyone. See https://www.elastic.co/guide/en/elasticsearch/reference/7.16/security-minimal-setup.html to enable security."],[299 Elasticsearch-7.16.1-5b38441b16b1ebb16a27c107a4c3865776e20c53 "[ignore_throttled] parameter is deprecated because frozen indices have been deprecated. Consider cold or frozen tiers in place of frozen indices."]
2023-08-04 12:56:04,593 INFO  [com.dot.ContainerResource] (docker-java-stream-824381349) STDOUT: 12:56:04.592  WARN  client.RestClient - request [POST http://elasticsearch:9200/cluster_51b0cac1ff.live_20230804125536/_search?typed_keys=true&max_concurrent_shard_requests=5&ignore_unavailable=false&expand_wildcards=open&allow_no_indices=true&ignore_throttled=true&search_type=query_then_fetch&batched_reduce_size=512&ccs_minimize_roundtrips=true] returned 2 warnings: [299 Elasticsearch-7.16.1-5b38441b16b1ebb16a27c107a4c3865776e20c53 "Elasticsearch built-in security features are not enabled. Without authentication, your cluster could be accessible to anyone. See https://www.elastic.co/guide/en/elasticsearch/reference/7.16/security-minimal-setup.html to enable security."],[299 Elasticsearch-7.16.1-5b38441b16b1ebb16a27c107a4c3865776e20c53 "[ignore_throttled] parameter is deprecated because frozen indices have been deprecated. Consider cold or frozen tiers in place of frozen indices."]
2023-08-04 12:56:04,597 INFO  [com.dot.ContainerResource] (docker-java-stream-824381349) STDOUT: 12:56:04.596  WARN  client.RestClient - request [POST http://elasticsearch:9200/cluster_51b0cac1ff.live_20230804125536/_search?typed_keys=true&max_concurrent_shard_requests=5&ignore_unavailable=false&expand_wildcards=open&allow_no_indices=true&ignore_throttled=true&search_type=query_then_fetch&batched_reduce_size=512&ccs_minimize_roundtrips=true] returned 2 warnings: [299 Elasticsearch-7.16.1-5b38441b16b1ebb16a27c107a4c3865776e20c53 "Elasticsearch built-in security features are not enabled. Without authentication, your cluster could be accessible to anyone. See https://www.elastic.co/guide/en/elasticsearch/reference/7.16/security-minimal-setup.html to enable security."],[299 Elasticsearch-7.16.1-5b38441b16b1ebb16a27c107a4c3865776e20c53 "[ignore_throttled] parameter is deprecated because frozen indices have been deprecated. Consider cold or frozen tiers in place of frozen indices."]
2023-08-04 12:56:04,600 INFO  [com.dot.ContainerResource] (docker-java-stream-824381349) STDOUT: 12:56:04.599  WARN  client.RestClient - request [POST http://elasticsearch:9200/cluster_51b0cac1ff.live_20230804125536/_search?typed_keys=true&max_concurrent_shard_requests=5&ignore_unavailable=false&expand_wildcards=open&allow_no_indices=true&ignore_throttled=true&search_type=query_then_fetch&batched_reduce_size=512&ccs_minimize_roundtrips=true] returned 2 warnings: [299 Elasticsearch-7.16.1-5b38441b16b1ebb16a27c107a4c3865776e20c53 "Elasticsearch built-in security features are not enabled. Without authentication, your cluster could be accessible to anyone. See https://www.elastic.co/guide/en/elasticsearch/reference/7.16/security-minimal-setup.html to enable security."],[299 Elasticsearch-7.16.1-5b38441b16b1ebb16a27c107a4c3865776e20c53 "[ignore_throttled] parameter is deprecated because frozen indices have been deprecated. Consider cold or frozen tiers in place of frozen indices."]
2023-08-04 12:56:04,603 INFO  [com.dot.ContainerResource] (docker-java-stream-824381349) STDOUT: 12:56:04.602  WARN  client.RestClient - request [POST http://elasticsearch:9200/cluster_51b0cac1ff.live_20230804125536/_search?typed_keys=true&max_concurrent_shard_requests=5&ignore_unavailable=false&expand_wildcards=open&allow_no_indices=true&ignore_throttled=true&search_type=query_then_fetch&batched_reduce_size=512&ccs_minimize_roundtrips=true] returned 2 warnings: [299 Elasticsearch-7.16.1-5b38441b16b1ebb16a27c107a4c3865776e20c53 "Elasticsearch built-in security features are not enabled. Without authentication, your cluster could be accessible to anyone. See https://www.elastic.co/guide/en/elasticsearch/reference/7.16/security-minimal-setup.html to enable security."],[299 Elasticsearch-7.16.1-5b38441b16b1ebb16a27c107a4c3865776e20c53 "[ignore_throttled] parameter is deprecated because frozen indices have been deprecated. Consider cold or frozen tiers in place of frozen indices."]
2023-08-04 12:56:04,606 INFO  [com.dot.ContainerResource] (docker-java-stream-824381349) STDOUT: 12:56:04.605  WARN  client.RestClient - request [POST http://elasticsearch:9200/cluster_51b0cac1ff.live_20230804125536/_search?typed_keys=true&max_concurrent_shard_requests=5&ignore_unavailable=false&expand_wildcards=open&allow_no_indices=true&ignore_throttled=true&search_type=query_then_fetch&batched_reduce_size=512&ccs_minimize_roundtrips=true] returned 2 warnings: [299 Elasticsearch-7.16.1-5b38441b16b1ebb16a27c107a4c3865776e20c53 "Elasticsearch built-in security features are not enabled. Without authentication, your cluster could be accessible to anyone. See https://www.elastic.co/guide/en/elasticsearch/reference/7.16/security-minimal-setup.html to enable security."],[299 Elasticsearch-7.16.1-5b38441b16b1ebb16a27c107a4c3865776e20c53 "[ignore_throttled] parameter is deprecated because frozen indices have been deprecated. Consider cold or frozen tiers in place of frozen indices."]
2023-08-04 12:56:04,609 INFO  [com.dot.ContainerResource] (docker-java-stream-824381349) STDOUT: 12:56:04.609  WARN  client.RestClient - request [POST http://elasticsearch:9200/cluster_51b0cac1ff.live_20230804125536/_search?typed_keys=true&max_concurrent_shard_requests=5&ignore_unavailable=false&expand_wildcards=open&allow_no_indices=true&ignore_throttled=true&search_type=query_then_fetch&batched_reduce_size=512&ccs_minimize_roundtrips=true] returned 2 warnings: [299 Elasticsearch-7.16.1-5b38441b16b1ebb16a27c107a4c3865776e20c53 "Elasticsearch built-in security features are not enabled. Without authentication, your cluster could be accessible to anyone. See https://www.elastic.co/guide/en/elasticsearch/reference/7.16/security-minimal-setup.html to enable security."],[299 Elasticsearch-7.16.1-5b38441b16b1ebb16a27c107a4c3865776e20c53 "[ignore_throttled] parameter is deprecated because frozen indices have been deprecated. Consider cold or frozen tiers in place of frozen indices."]
2023-08-04 12:56:04,613 INFO  [com.dot.ContainerResource] (docker-java-stream-824381349) STDOUT: 12:56:04.612  WARN  client.RestClient - request [POST http://elasticsearch:9200/cluster_51b0cac1ff.live_20230804125536/_search?typed_keys=true&max_concurrent_shard_requests=5&ignore_unavailable=false&expand_wildcards=open&allow_no_indices=true&ignore_throttled=true&search_type=query_then_fetch&batched_reduce_size=512&ccs_minimize_roundtrips=true] returned 2 warnings: [299 Elasticsearch-7.16.1-5b38441b16b1ebb16a27c107a4c3865776e20c53 "Elasticsearch built-in security features are not enabled. Without authentication, your cluster could be accessible to anyone. See https://www.elastic.co/guide/en/elasticsearch/reference/7.16/security-minimal-setup.html to enable security."],[299 Elasticsearch-7.16.1-5b38441b16b1ebb16a27c107a4c3865776e20c53 "[ignore_throttled] parameter is deprecated because frozen indices have been deprecated. Consider cold or frozen tiers in place of frozen indices."]
2023-08-04 12:56:04,616 INFO  [com.dot.ContainerResource] (docker-java-stream-824381349) STDOUT: 12:56:04.616  WARN  client.RestClient - request [POST http://elasticsearch:9200/cluster_51b0cac1ff.live_20230804125536/_search?typed_keys=true&max_concurrent_shard_requests=5&ignore_unavailable=false&expand_wildcards=open&allow_no_indices=true&ignore_throttled=true&search_type=query_then_fetch&batched_reduce_size=512&ccs_minimize_roundtrips=true] returned 2 warnings: [299 Elasticsearch-7.16.1-5b38441b16b1ebb16a27c107a4c3865776e20c53 "Elasticsearch built-in security features are not enabled. Without authentication, your cluster could be accessible to anyone. See https://www.elastic.co/guide/en/elasticsearch/reference/7.16/security-minimal-setup.html to enable security."],[299 Elasticsearch-7.16.1-5b38441b16b1ebb16a27c107a4c3865776e20c53 "[ignore_throttled] parameter is deprecated because frozen indices have been deprecated. Consider cold or frozen tiers in place of frozen indices."]
2023-08-04 12:56:04,626 INFO  [com.dot.ContainerResource] (docker-java-stream-824381349) STDOUT: 12:56:04.625  WARN  client.RestClient - request [POST http://elasticsearch:9200/cluster_51b0cac1ff.live_20230804125536/_search?typed_keys=true&max_concurrent_shard_requests=5&ignore_unavailable=false&expand_wildcards=open&allow_no_indices=true&ignore_throttled=true&search_type=query_then_fetch&batched_reduce_size=512&ccs_minimize_roundtrips=true] returned 2 warnings: [299 Elasticsearch-7.16.1-5b38441b16b1ebb16a27c107a4c3865776e20c53 "Elasticsearch built-in security features are not enabled. Without authentication, your cluster could be accessible to anyone. See https://www.elastic.co/guide/en/elasticsearch/reference/7.16/security-minimal-setup.html to enable security."],[299 Elasticsearch-7.16.1-5b38441b16b1ebb16a27c107a4c3865776e20c53 "[ignore_throttled] parameter is deprecated because frozen indices have been deprecated. Consider cold or frozen tiers in place of frozen indices."]
2023-08-04 12:56:04,629 INFO  [com.dot.ContainerResource] (docker-java-stream-824381349) STDOUT: 12:56:04.629  WARN  client.RestClient - request [POST http://elasticsearch:9200/cluster_51b0cac1ff.live_20230804125536/_search?typed_keys=true&max_concurrent_shard_requests=5&ignore_unavailable=false&expand_wildcards=open&allow_no_indices=true&ignore_throttled=true&search_type=query_then_fetch&batched_reduce_size=512&ccs_minimize_roundtrips=true] returned 2 warnings: [299 Elasticsearch-7.16.1-5b38441b16b1ebb16a27c107a4c3865776e20c53 "Elasticsearch built-in security features are not enabled. Without authentication, your cluster could be accessible to anyone. See https://www.elastic.co/guide/en/elasticsearch/reference/7.16/security-minimal-setup.html to enable security."],[299 Elasticsearch-7.16.1-5b38441b16b1ebb16a27c107a4c3865776e20c53 "[ignore_throttled] parameter is deprecated because frozen indices have been deprecated. Consider cold or frozen tiers in place of frozen indices."]
2023-08-04 12:56:04,644 INFO  [com.dot.ContainerResource] (docker-java-stream-824381349) STDOUT: 12:56:04.641  WARN  client.RestClient - request [POST http://elasticsearch:9200/cluster_51b0cac1ff.live_20230804125536/_search?typed_keys=true&max_concurrent_shard_requests=5&ignore_unavailable=false&expand_wildcards=open&allow_no_indices=true&ignore_throttled=true&search_type=query_then_fetch&batched_reduce_size=512&ccs_minimize_roundtrips=true] returned 2 warnings: [299 Elasticsearch-7.16.1-5b38441b16b1ebb16a27c107a4c3865776e20c53 "Elasticsearch built-in security features are not enabled. Without authentication, your cluster could be accessible to anyone. See https://www.elastic.co/guide/en/elasticsearch/reference/7.16/security-minimal-setup.html to enable security."],[299 Elasticsearch-7.16.1-5b38441b16b1ebb16a27c107a4c3865776e20c53 "[ignore_throttled] parameter is deprecated because frozen indices have been deprecated. Consider cold or frozen tiers in place of frozen indices."]
2023-08-04 12:56:04,647 INFO  [com.dot.ContainerResource] (docker-java-stream-824381349) STDOUT: 12:56:04.647  WARN  client.RestClient - request [POST http://elasticsearch:9200/cluster_51b0cac1ff.live_20230804125536/_search?typed_keys=true&max_concurrent_shard_requests=5&ignore_unavailable=false&expand_wildcards=open&allow_no_indices=true&ignore_throttled=true&search_type=query_then_fetch&batched_reduce_size=512&ccs_minimize_roundtrips=true] returned 2 warnings: [299 Elasticsearch-7.16.1-5b38441b16b1ebb16a27c107a4c3865776e20c53 "Elasticsearch built-in security features are not enabled. Without authentication, your cluster could be accessible to anyone. See https://www.elastic.co/guide/en/elasticsearch/reference/7.16/security-minimal-setup.html to enable security."],[299 Elasticsearch-7.16.1-5b38441b16b1ebb16a27c107a4c3865776e20c53 "[ignore_throttled] parameter is deprecated because frozen indices have been deprecated. Consider cold or frozen tiers in place of frozen indices."]
2023-08-04 12:56:04,654 INFO  [com.dot.ContainerResource] (docker-java-stream-824381349) STDOUT: 12:56:04.653  WARN  client.RestClient - request [POST http://elasticsearch:9200/cluster_51b0cac1ff.live_20230804125536/_search?typed_keys=true&max_concurrent_shard_requests=5&ignore_unavailable=false&expand_wildcards=open&allow_no_indices=true&ignore_throttled=true&search_type=query_then_fetch&batched_reduce_size=512&ccs_minimize_roundtrips=true] returned 2 warnings: [299 Elasticsearch-7.16.1-5b38441b16b1ebb16a27c107a4c3865776e20c53 "Elasticsearch built-in security features are not enabled. Without authentication, your cluster could be accessible to anyone. See https://www.elastic.co/guide/en/elasticsearch/reference/7.16/security-minimal-setup.html to enable security."],[299 Elasticsearch-7.16.1-5b38441b16b1ebb16a27c107a4c3865776e20c53 "[ignore_throttled] parameter is deprecated because frozen indices have been deprecated. Consider cold or frozen tiers in place of frozen indices."]
2023-08-04 12:56:04,658 INFO  [com.dot.ContainerResource] (docker-java-stream-824381349) STDOUT: 12:56:04.658  WARN  client.RestClient - request [POST http://elasticsearch:9200/cluster_51b0cac1ff.live_20230804125536/_search?typed_keys=true&max_concurrent_shard_requests=5&ignore_unavailable=false&expand_wildcards=open&allow_no_indices=true&ignore_throttled=true&search_type=query_then_fetch&batched_reduce_size=512&ccs_minimize_roundtrips=true] returned 2 warnings: [299 Elasticsearch-7.16.1-5b38441b16b1ebb16a27c107a4c3865776e20c53 "Elasticsearch built-in security features are not enabled. Without authentication, your cluster could be accessible to anyone. See https://www.elastic.co/guide/en/elasticsearch/reference/7.16/security-minimal-setup.html to enable security."],[299 Elasticsearch-7.16.1-5b38441b16b1ebb16a27c107a4c3865776e20c53 "[ignore_throttled] parameter is deprecated because frozen indices have been deprecated. Consider cold or frozen tiers in place of frozen indices."]
2023-08-04 12:56:04,665 INFO  [com.dot.ContainerResource] (docker-java-stream-824381349) STDOUT: 12:56:04.665  WARN  client.RestClient - request [POST http://elasticsearch:9200/cluster_51b0cac1ff.live_20230804125536/_search?typed_keys=true&max_concurrent_shard_requests=5&ignore_unavailable=false&expand_wildcards=open&allow_no_indices=true&ignore_throttled=true&search_type=query_then_fetch&batched_reduce_size=512&ccs_minimize_roundtrips=true] returned 2 warnings: [299 Elasticsearch-7.16.1-5b38441b16b1ebb16a27c107a4c3865776e20c53 "Elasticsearch built-in security features are not enabled. Without authentication, your cluster could be accessible to anyone. See https://www.elastic.co/guide/en/elasticsearch/reference/7.16/security-minimal-setup.html to enable security."],[299 Elasticsearch-7.16.1-5b38441b16b1ebb16a27c107a4c3865776e20c53 "[ignore_throttled] parameter is deprecated because frozen indices have been deprecated. Consider cold or frozen tiers in place of frozen indices."]
2023-08-04 12:56:04,672 INFO  [com.dot.ContainerResource] (docker-java-stream-824381349) STDOUT: 12:56:04.672  WARN  client.RestClient - request [POST http://elasticsearch:9200/cluster_51b0cac1ff.live_20230804125536/_search?typed_keys=true&max_concurrent_shard_requests=5&ignore_unavailable=false&expand_wildcards=open&allow_no_indices=true&ignore_throttled=true&search_type=query_then_fetch&batched_reduce_size=512&ccs_minimize_roundtrips=true] returned 2 warnings: [299 Elasticsearch-7.16.1-5b38441b16b1ebb16a27c107a4c3865776e20c53 "Elasticsearch built-in security features are not enabled. Without authentication, your cluster could be accessible to anyone. See https://www.elastic.co/guide/en/elasticsearch/reference/7.16/security-minimal-setup.html to enable security."],[299 Elasticsearch-7.16.1-5b38441b16b1ebb16a27c107a4c3865776e20c53 "[ignore_throttled] parameter is deprecated because frozen indices have been deprecated. Consider cold or frozen tiers in place of frozen indices."]
2023-08-04 12:56:04,677 INFO  [com.dot.ContainerResource] (docker-java-stream-824381349) STDOUT: 12:56:04.675  WARN  client.RestClient - request [POST http://elasticsearch:9200/cluster_51b0cac1ff.live_20230804125536/_search?typed_keys=true&max_concurrent_shard_requests=5&ignore_unavailable=false&expand_wildcards=open&allow_no_indices=true&ignore_throttled=true&search_type=query_then_fetch&batched_reduce_size=512&ccs_minimize_roundtrips=true] returned 2 warnings: [299 Elasticsearch-7.16.1-5b38441b16b1ebb16a27c107a4c3865776e20c53 "Elasticsearch built-in security features are not enabled. Without authentication, your cluster could be accessible to anyone. See https://www.elastic.co/guide/en/elasticsearch/reference/7.16/security-minimal-setup.html to enable security."],[299 Elasticsearch-7.16.1-5b38441b16b1ebb16a27c107a4c3865776e20c53 "[ignore_throttled] parameter is deprecated because frozen indices have been deprecated. Consider cold or frozen tiers in place of frozen indices."]
2023-08-04 12:56:04,681 INFO  [com.dot.ContainerResource] (docker-java-stream-824381349) STDOUT: 12:56:04.679  WARN  client.RestClient - request [POST http://elasticsearch:9200/cluster_51b0cac1ff.live_20230804125536/_search?typed_keys=true&max_concurrent_shard_requests=5&ignore_unavailable=false&expand_wildcards=open&allow_no_indices=true&ignore_throttled=true&search_type=query_then_fetch&batched_reduce_size=512&ccs_minimize_roundtrips=true] returned 2 warnings: [299 Elasticsearch-7.16.1-5b38441b16b1ebb16a27c107a4c3865776e20c53 "Elasticsearch built-in security features are not enabled. Without authentication, your cluster could be accessible to anyone. See https://www.elastic.co/guide/en/elasticsearch/reference/7.16/security-minimal-setup.html to enable security."],[299 Elasticsearch-7.16.1-5b38441b16b1ebb16a27c107a4c3865776e20c53 "[ignore_throttled] parameter is deprecated because frozen indices have been deprecated. Consider cold or frozen tiers in place of frozen indices."]
2023-08-04 12:56:04,686 INFO  [com.dot.ContainerResource] (docker-java-stream-824381349) STDOUT: 12:56:04.685  WARN  client.RestClient - request [POST http://elasticsearch:9200/cluster_51b0cac1ff.live_20230804125536/_search?typed_keys=true&max_concurrent_shard_requests=5&ignore_unavailable=false&expand_wildcards=open&allow_no_indices=true&ignore_throttled=true&search_type=query_then_fetch&batched_reduce_size=512&ccs_minimize_roundtrips=true] returned 2 warnings: [299 Elasticsearch-7.16.1-5b38441b16b1ebb16a27c107a4c3865776e20c53 "Elasticsearch built-in security features are not enabled. Without authentication, your cluster could be accessible to anyone. See https://www.elastic.co/guide/en/elasticsearch/reference/7.16/security-minimal-setup.html to enable security."],[299 Elasticsearch-7.16.1-5b38441b16b1ebb16a27c107a4c3865776e20c53 "[ignore_throttled] parameter is deprecated because frozen indices have been deprecated. Consider cold or frozen tiers in place of frozen indices."]
2023-08-04 12:56:04,689 INFO  [com.dot.ContainerResource] (docker-java-stream-824381349) STDOUT: 12:56:04.688  WARN  client.RestClient - request [POST http://elasticsearch:9200/cluster_51b0cac1ff.live_20230804125536/_search?typed_keys=true&max_concurrent_shard_requests=5&ignore_unavailable=false&expand_wildcards=open&allow_no_indices=true&ignore_throttled=true&search_type=query_then_fetch&batched_reduce_size=512&ccs_minimize_roundtrips=true] returned 2 warnings: [299 Elasticsearch-7.16.1-5b38441b16b1ebb16a27c107a4c3865776e20c53 "Elasticsearch built-in security features are not enabled. Without authentication, your cluster could be accessible to anyone. See https://www.elastic.co/guide/en/elasticsearch/reference/7.16/security-minimal-setup.html to enable security."],[299 Elasticsearch-7.16.1-5b38441b16b1ebb16a27c107a4c3865776e20c53 "[ignore_throttled] parameter is deprecated because frozen indices have been deprecated. Consider cold or frozen tiers in place of frozen indices."]
2023-08-04 12:56:04,692 INFO  [com.dot.ContainerResource] (docker-java-stream-824381349) STDOUT: 12:56:04.691  WARN  client.RestClient - request [POST http://elasticsearch:9200/cluster_51b0cac1ff.live_20230804125536/_search?typed_keys=true&max_concurrent_shard_requests=5&ignore_unavailable=false&expand_wildcards=open&allow_no_indices=true&ignore_throttled=true&search_type=query_then_fetch&batched_reduce_size=512&ccs_minimize_roundtrips=true] returned 2 warnings: [299 Elasticsearch-7.16.1-5b38441b16b1ebb16a27c107a4c3865776e20c53 "Elasticsearch built-in security features are not enabled. Without authentication, your cluster could be accessible to anyone. See https://www.elastic.co/guide/en/elasticsearch/reference/7.16/security-minimal-setup.html to enable security."],[299 Elasticsearch-7.16.1-5b38441b16b1ebb16a27c107a4c3865776e20c53 "[ignore_throttled] parameter is deprecated because frozen indices have been deprecated. Consider cold or frozen tiers in place of frozen indices."]
2023-08-04 12:56:04,695 INFO  [com.dot.ContainerResource] (docker-java-stream-824381349) STDOUT: 12:56:04.694  WARN  client.RestClient - request [POST http://elasticsearch:9200/cluster_51b0cac1ff.live_20230804125536/_search?typed_keys=true&max_concurrent_shard_requests=5&ignore_unavailable=false&expand_wildcards=open&allow_no_indices=true&ignore_throttled=true&search_type=query_then_fetch&batched_reduce_size=512&ccs_minimize_roundtrips=true] returned 2 warnings: [299 Elasticsearch-7.16.1-5b38441b16b1ebb16a27c107a4c3865776e20c53 "Elasticsearch built-in security features are not enabled. Without authentication, your cluster could be accessible to anyone. See https://www.elastic.co/guide/en/elasticsearch/reference/7.16/security-minimal-setup.html to enable security."],[299 Elasticsearch-7.16.1-5b38441b16b1ebb16a27c107a4c3865776e20c53 "[ignore_throttled] parameter is deprecated because frozen indices have been deprecated. Consider cold or frozen tiers in place of frozen indices."]
2023-08-04 12:56:04,711 INFO  [com.dot.ContainerResource] (docker-java-stream-824381349) STDOUT: 12:56:04.709  WARN  client.RestClient - request [POST http://elasticsearch:9200/cluster_51b0cac1ff.live_20230804125536/_search?typed_keys=true&max_concurrent_shard_requests=5&ignore_unavailable=false&expand_wildcards=open&allow_no_indices=true&ignore_throttled=true&search_type=query_then_fetch&batched_reduce_size=512&ccs_minimize_roundtrips=true] returned 2 warnings: [299 Elasticsearch-7.16.1-5b38441b16b1ebb16a27c107a4c3865776e20c53 "Elasticsearch built-in security features are not enabled. Without authentication, your cluster could be accessible to anyone. See https://www.elastic.co/guide/en/elasticsearch/reference/7.16/security-minimal-setup.html to enable security."],[299 Elasticsearch-7.16.1-5b38441b16b1ebb16a27c107a4c3865776e20c53 "[ignore_throttled] parameter is deprecated because frozen indices have been deprecated. Consider cold or frozen tiers in place of frozen indices."]
2023-08-04 12:56:04,727 INFO  [com.dot.ContainerResource] (docker-java-stream-824381349) STDOUT: 12:56:04.725  WARN  client.RestClient - request [POST http://elasticsearch:9200/cluster_51b0cac1ff.live_20230804125536/_search?typed_keys=true&max_concurrent_shard_requests=5&ignore_unavailable=false&expand_wildcards=open&allow_no_indices=true&ignore_throttled=true&search_type=query_then_fetch&batched_reduce_size=512&ccs_minimize_roundtrips=true] returned 2 warnings: [299 Elasticsearch-7.16.1-5b38441b16b1ebb16a27c107a4c3865776e20c53 "Elasticsearch built-in security features are not enabled. Without authentication, your cluster could be accessible to anyone. See https://www.elastic.co/guide/en/elasticsearch/reference/7.16/security-minimal-setup.html to enable security."],[299 Elasticsearch-7.16.1-5b38441b16b1ebb16a27c107a4c3865776e20c53 "[ignore_throttled] parameter is deprecated because frozen indices have been deprecated. Consider cold or frozen tiers in place of frozen indices."]
2023-08-04 12:56:04,735 INFO  [com.dot.ContainerResource] (docker-java-stream-824381349) STDOUT: 12:56:04.733  WARN  client.RestClient - request [POST http://elasticsearch:9200/cluster_51b0cac1ff.live_20230804125536/_search?typed_keys=true&max_concurrent_shard_requests=5&ignore_unavailable=false&expand_wildcards=open&allow_no_indices=true&ignore_throttled=true&search_type=query_then_fetch&batched_reduce_size=512&ccs_minimize_roundtrips=true] returned 2 warnings: [299 Elasticsearch-7.16.1-5b38441b16b1ebb16a27c107a4c3865776e20c53 "Elasticsearch built-in security features are not enabled. Without authentication, your cluster could be accessible to anyone. See https://www.elastic.co/guide/en/elasticsearch/reference/7.16/security-minimal-setup.html to enable security."],[299 Elasticsearch-7.16.1-5b38441b16b1ebb16a27c107a4c3865776e20c53 "[ignore_throttled] parameter is deprecated because frozen indices have been deprecated. Consider cold or frozen tiers in place of frozen indices."]
2023-08-04 12:56:04,751 INFO  [com.dot.ContainerResource] (docker-java-stream-824381349) STDOUT: 12:56:04.750  WARN  client.RestClient - request [POST http://elasticsearch:9200/cluster_51b0cac1ff.live_20230804125536/_search?typed_keys=true&max_concurrent_shard_requests=5&ignore_unavailable=false&expand_wildcards=open&allow_no_indices=true&ignore_throttled=true&search_type=query_then_fetch&batched_reduce_size=512&ccs_minimize_roundtrips=true] returned 2 warnings: [299 Elasticsearch-7.16.1-5b38441b16b1ebb16a27c107a4c3865776e20c53 "Elasticsearch built-in security features are not enabled. Without authentication, your cluster could be accessible to anyone. See https://www.elastic.co/guide/en/elasticsearch/reference/7.16/security-minimal-setup.html to enable security."],[299 Elasticsearch-7.16.1-5b38441b16b1ebb16a27c107a4c3865776e20c53 "[ignore_throttled] parameter is deprecated because frozen indices have been deprecated. Consider cold or frozen tiers in place of frozen indices."]
2023-08-04 12:56:04,756 INFO  [com.dot.ContainerResource] (docker-java-stream-824381349) STDOUT: 12:56:04.754  WARN  client.RestClient - request [POST http://elasticsearch:9200/cluster_51b0cac1ff.live_20230804125536/_search?typed_keys=true&max_concurrent_shard_requests=5&ignore_unavailable=false&expand_wildcards=open&allow_no_indices=true&ignore_throttled=true&search_type=query_then_fetch&batched_reduce_size=512&ccs_minimize_roundtrips=true] returned 2 warnings: [299 Elasticsearch-7.16.1-5b38441b16b1ebb16a27c107a4c3865776e20c53 "Elasticsearch built-in security features are not enabled. Without authentication, your cluster could be accessible to anyone. See https://www.elastic.co/guide/en/elasticsearch/reference/7.16/security-minimal-setup.html to enable security."],[299 Elasticsearch-7.16.1-5b38441b16b1ebb16a27c107a4c3865776e20c53 "[ignore_throttled] parameter is deprecated because frozen indices have been deprecated. Consider cold or frozen tiers in place of frozen indices."]
2023-08-04 12:56:04,759 INFO  [com.dot.ContainerResource] (docker-java-stream-824381349) STDOUT: 12:56:04.758  WARN  client.RestClient - request [POST http://elasticsearch:9200/cluster_51b0cac1ff.live_20230804125536/_search?typed_keys=true&max_concurrent_shard_requests=5&ignore_unavailable=false&expand_wildcards=open&allow_no_indices=true&ignore_throttled=true&search_type=query_then_fetch&batched_reduce_size=512&ccs_minimize_roundtrips=true] returned 2 warnings: [299 Elasticsearch-7.16.1-5b38441b16b1ebb16a27c107a4c3865776e20c53 "Elasticsearch built-in security features are not enabled. Without authentication, your cluster could be accessible to anyone. See https://www.elastic.co/guide/en/elasticsearch/reference/7.16/security-minimal-setup.html to enable security."],[299 Elasticsearch-7.16.1-5b38441b16b1ebb16a27c107a4c3865776e20c53 "[ignore_throttled] parameter is deprecated because frozen indices have been deprecated. Consider cold or frozen tiers in place of frozen indices."]
2023-08-04 12:56:04,762 INFO  [com.dot.ContainerResource] (docker-java-stream-824381349) STDOUT: 12:56:04.762  WARN  client.RestClient - request [POST http://elasticsearch:9200/cluster_51b0cac1ff.live_20230804125536/_search?typed_keys=true&max_concurrent_shard_requests=5&ignore_unavailable=false&expand_wildcards=open&allow_no_indices=true&ignore_throttled=true&search_type=query_then_fetch&batched_reduce_size=512&ccs_minimize_roundtrips=true] returned 2 warnings: [299 Elasticsearch-7.16.1-5b38441b16b1ebb16a27c107a4c3865776e20c53 "Elasticsearch built-in security features are not enabled. Without authentication, your cluster could be accessible to anyone. See https://www.elastic.co/guide/en/elasticsearch/reference/7.16/security-minimal-setup.html to enable security."],[299 Elasticsearch-7.16.1-5b38441b16b1ebb16a27c107a4c3865776e20c53 "[ignore_throttled] parameter is deprecated because frozen indices have been deprecated. Consider cold or frozen tiers in place of frozen indices."]
2023-08-04 12:56:04,765 INFO  [com.dot.ContainerResource] (docker-java-stream-824381349) STDOUT: 12:56:04.765  WARN  client.RestClient - request [POST http://elasticsearch:9200/cluster_51b0cac1ff.live_20230804125536/_search?typed_keys=true&max_concurrent_shard_requests=5&ignore_unavailable=false&expand_wildcards=open&allow_no_indices=true&ignore_throttled=true&search_type=query_then_fetch&batched_reduce_size=512&ccs_minimize_roundtrips=true] returned 2 warnings: [299 Elasticsearch-7.16.1-5b38441b16b1ebb16a27c107a4c3865776e20c53 "Elasticsearch built-in security features are not enabled. Without authentication, your cluster could be accessible to anyone. See https://www.elastic.co/guide/en/elasticsearch/reference/7.16/security-minimal-setup.html to enable security."],[299 Elasticsearch-7.16.1-5b38441b16b1ebb16a27c107a4c3865776e20c53 "[ignore_throttled] parameter is deprecated because frozen indices have been deprecated. Consider cold or frozen tiers in place of frozen indices."]
2023-08-04 12:56:04,769 INFO  [com.dot.ContainerResource] (docker-java-stream-824381349) STDOUT: 12:56:04.769  WARN  client.RestClient - request [POST http://elasticsearch:9200/cluster_51b0cac1ff.live_20230804125536/_search?typed_keys=true&max_concurrent_shard_requests=5&ignore_unavailable=false&expand_wildcards=open&allow_no_indices=true&ignore_throttled=true&search_type=query_then_fetch&batched_reduce_size=512&ccs_minimize_roundtrips=true] returned 2 warnings: [299 Elasticsearch-7.16.1-5b38441b16b1ebb16a27c107a4c3865776e20c53 "Elasticsearch built-in security features are not enabled. Without authentication, your cluster could be accessible to anyone. See https://www.elastic.co/guide/en/elasticsearch/reference/7.16/security-minimal-setup.html to enable security."],[299 Elasticsearch-7.16.1-5b38441b16b1ebb16a27c107a4c3865776e20c53 "[ignore_throttled] parameter is deprecated because frozen indices have been deprecated. Consider cold or frozen tiers in place of frozen indices."]
2023-08-04 12:56:04,773 INFO  [com.dot.ContainerResource] (docker-java-stream-824381349) STDOUT: 12:56:04.773  WARN  client.RestClient - request [POST http://elasticsearch:9200/cluster_51b0cac1ff.live_20230804125536/_search?typed_keys=true&max_concurrent_shard_requests=5&ignore_unavailable=false&expand_wildcards=open&allow_no_indices=true&ignore_throttled=true&search_type=query_then_fetch&batched_reduce_size=512&ccs_minimize_roundtrips=true] returned 2 warnings: [299 Elasticsearch-7.16.1-5b38441b16b1ebb16a27c107a4c3865776e20c53 "Elasticsearch built-in security features are not enabled. Without authentication, your cluster could be accessible to anyone. See https://www.elastic.co/guide/en/elasticsearch/reference/7.16/security-minimal-setup.html to enable security."],[299 Elasticsearch-7.16.1-5b38441b16b1ebb16a27c107a4c3865776e20c53 "[ignore_throttled] parameter is deprecated because frozen indices have been deprecated. Consider cold or frozen tiers in place of frozen indices."]
2023-08-04 12:56:04,777 INFO  [com.dot.ContainerResource] (docker-java-stream-824381349) STDOUT: 12:56:04.777  WARN  client.RestClient - request [POST http://elasticsearch:9200/cluster_51b0cac1ff.live_20230804125536/_search?typed_keys=true&max_concurrent_shard_requests=5&ignore_unavailable=false&expand_wildcards=open&allow_no_indices=true&ignore_throttled=true&search_type=query_then_fetch&batched_reduce_size=512&ccs_minimize_roundtrips=true] returned 2 warnings: [299 Elasticsearch-7.16.1-5b38441b16b1ebb16a27c107a4c3865776e20c53 "Elasticsearch built-in security features are not enabled. Without authentication, your cluster could be accessible to anyone. See https://www.elastic.co/guide/en/elasticsearch/reference/7.16/security-minimal-setup.html to enable security."],[299 Elasticsearch-7.16.1-5b38441b16b1ebb16a27c107a4c3865776e20c53 "[ignore_throttled] parameter is deprecated because frozen indices have been deprecated. Consider cold or frozen tiers in place of frozen indices."]
2023-08-04 12:56:04,781 INFO  [com.dot.ContainerResource] (docker-java-stream-824381349) STDOUT: 12:56:04.781  WARN  client.RestClient - request [POST http://elasticsearch:9200/cluster_51b0cac1ff.live_20230804125536/_search?typed_keys=true&max_concurrent_shard_requests=5&ignore_unavailable=false&expand_wildcards=open&allow_no_indices=true&ignore_throttled=true&search_type=query_then_fetch&batched_reduce_size=512&ccs_minimize_roundtrips=true] returned 2 warnings: [299 Elasticsearch-7.16.1-5b38441b16b1ebb16a27c107a4c3865776e20c53 "Elasticsearch built-in security features are not enabled. Without authentication, your cluster could be accessible to anyone. See https://www.elastic.co/guide/en/elasticsearch/reference/7.16/security-minimal-setup.html to enable security."],[299 Elasticsearch-7.16.1-5b38441b16b1ebb16a27c107a4c3865776e20c53 "[ignore_throttled] parameter is deprecated because frozen indices have been deprecated. Consider cold or frozen tiers in place of frozen indices."]
2023-08-04 12:56:04,786 INFO  [com.dot.ContainerResource] (docker-java-stream-824381349) STDOUT: 12:56:04.786  WARN  client.RestClient - request [POST http://elasticsearch:9200/cluster_51b0cac1ff.live_20230804125536/_search?typed_keys=true&max_concurrent_shard_requests=5&ignore_unavailable=false&expand_wildcards=open&allow_no_indices=true&ignore_throttled=true&search_type=query_then_fetch&batched_reduce_size=512&ccs_minimize_roundtrips=true] returned 2 warnings: [299 Elasticsearch-7.16.1-5b38441b16b1ebb16a27c107a4c3865776e20c53 "Elasticsearch built-in security features are not enabled. Without authentication, your cluster could be accessible to anyone. See https://www.elastic.co/guide/en/elasticsearch/reference/7.16/security-minimal-setup.html to enable security."],[299 Elasticsearch-7.16.1-5b38441b16b1ebb16a27c107a4c3865776e20c53 "[ignore_throttled] parameter is deprecated because frozen indices have been deprecated. Consider cold or frozen tiers in place of frozen indices."]
2023-08-04 12:56:04,789 INFO  [com.dot.ContainerResource] (docker-java-stream-824381349) STDOUT: 12:56:04.789  WARN  client.RestClient - request [POST http://elasticsearch:9200/cluster_51b0cac1ff.live_20230804125536/_search?typed_keys=true&max_concurrent_shard_requests=5&ignore_unavailable=false&expand_wildcards=open&allow_no_indices=true&ignore_throttled=true&search_type=query_then_fetch&batched_reduce_size=512&ccs_minimize_roundtrips=true] returned 2 warnings: [299 Elasticsearch-7.16.1-5b38441b16b1ebb16a27c107a4c3865776e20c53 "Elasticsearch built-in security features are not enabled. Without authentication, your cluster could be accessible to anyone. See https://www.elastic.co/guide/en/elasticsearch/reference/7.16/security-minimal-setup.html to enable security."],[299 Elasticsearch-7.16.1-5b38441b16b1ebb16a27c107a4c3865776e20c53 "[ignore_throttled] parameter is deprecated because frozen indices have been deprecated. Consider cold or frozen tiers in place of frozen indices."]
2023-08-04 12:56:04,793 INFO  [com.dot.ContainerResource] (docker-java-stream-824381349) STDOUT: 12:56:04.792  WARN  client.RestClient - request [POST http://elasticsearch:9200/cluster_51b0cac1ff.live_20230804125536/_search?typed_keys=true&max_concurrent_shard_requests=5&ignore_unavailable=false&expand_wildcards=open&allow_no_indices=true&ignore_throttled=true&search_type=query_then_fetch&batched_reduce_size=512&ccs_minimize_roundtrips=true] returned 2 warnings: [299 Elasticsearch-7.16.1-5b38441b16b1ebb16a27c107a4c3865776e20c53 "Elasticsearch built-in security features are not enabled. Without authentication, your cluster could be accessible to anyone. See https://www.elastic.co/guide/en/elasticsearch/reference/7.16/security-minimal-setup.html to enable security."],[299 Elasticsearch-7.16.1-5b38441b16b1ebb16a27c107a4c3865776e20c53 "[ignore_throttled] parameter is deprecated because frozen indices have been deprecated. Consider cold or frozen tiers in place of frozen indices."]
2023-08-04 12:56:04,796 INFO  [com.dot.ContainerResource] (docker-java-stream-824381349) STDOUT: 12:56:04.796  WARN  client.RestClient - request [POST http://elasticsearch:9200/cluster_51b0cac1ff.live_20230804125536/_search?typed_keys=true&max_concurrent_shard_requests=5&ignore_unavailable=false&expand_wildcards=open&allow_no_indices=true&ignore_throttled=true&search_type=query_then_fetch&batched_reduce_size=512&ccs_minimize_roundtrips=true] returned 2 warnings: [299 Elasticsearch-7.16.1-5b38441b16b1ebb16a27c107a4c3865776e20c53 "Elasticsearch built-in security features are not enabled. Without authentication, your cluster could be accessible to anyone. See https://www.elastic.co/guide/en/elasticsearch/reference/7.16/security-minimal-setup.html to enable security."],[299 Elasticsearch-7.16.1-5b38441b16b1ebb16a27c107a4c3865776e20c53 "[ignore_throttled] parameter is deprecated because frozen indices have been deprecated. Consider cold or frozen tiers in place of frozen indices."]
2023-08-04 12:56:04,799 INFO  [com.dot.ContainerResource] (docker-java-stream-824381349) STDOUT: 12:56:04.799  WARN  client.RestClient - request [POST http://elasticsearch:9200/cluster_51b0cac1ff.live_20230804125536/_search?typed_keys=true&max_concurrent_shard_requests=5&ignore_unavailable=false&expand_wildcards=open&allow_no_indices=true&ignore_throttled=true&search_type=query_then_fetch&batched_reduce_size=512&ccs_minimize_roundtrips=true] returned 2 warnings: [299 Elasticsearch-7.16.1-5b38441b16b1ebb16a27c107a4c3865776e20c53 "Elasticsearch built-in security features are not enabled. Without authentication, your cluster could be accessible to anyone. See https://www.elastic.co/guide/en/elasticsearch/reference/7.16/security-minimal-setup.html to enable security."],[299 Elasticsearch-7.16.1-5b38441b16b1ebb16a27c107a4c3865776e20c53 "[ignore_throttled] parameter is deprecated because frozen indices have been deprecated. Consider cold or frozen tiers in place of frozen indices."]
2023-08-04 12:56:04,802 INFO  [com.dot.ContainerResource] (docker-java-stream-824381349) STDOUT: 12:56:04.802  WARN  client.RestClient - request [POST http://elasticsearch:9200/cluster_51b0cac1ff.live_20230804125536/_search?typed_keys=true&max_concurrent_shard_requests=5&ignore_unavailable=false&expand_wildcards=open&allow_no_indices=true&ignore_throttled=true&search_type=query_then_fetch&batched_reduce_size=512&ccs_minimize_roundtrips=true] returned 2 warnings: [299 Elasticsearch-7.16.1-5b38441b16b1ebb16a27c107a4c3865776e20c53 "Elasticsearch built-in security features are not enabled. Without authentication, your cluster could be accessible to anyone. See https://www.elastic.co/guide/en/elasticsearch/reference/7.16/security-minimal-setup.html to enable security."],[299 Elasticsearch-7.16.1-5b38441b16b1ebb16a27c107a4c3865776e20c53 "[ignore_throttled] parameter is deprecated because frozen indices have been deprecated. Consider cold or frozen tiers in place of frozen indices."]
2023-08-04 12:56:04,806 INFO  [com.dot.ContainerResource] (docker-java-stream-824381349) STDOUT: 12:56:04.805  WARN  client.RestClient - request [POST http://elasticsearch:9200/cluster_51b0cac1ff.live_20230804125536/_search?typed_keys=true&max_concurrent_shard_requests=5&ignore_unavailable=false&expand_wildcards=open&allow_no_indices=true&ignore_throttled=true&search_type=query_then_fetch&batched_reduce_size=512&ccs_minimize_roundtrips=true] returned 2 warnings: [299 Elasticsearch-7.16.1-5b38441b16b1ebb16a27c107a4c3865776e20c53 "Elasticsearch built-in security features are not enabled. Without authentication, your cluster could be accessible to anyone. See https://www.elastic.co/guide/en/elasticsearch/reference/7.16/security-minimal-setup.html to enable security."],[299 Elasticsearch-7.16.1-5b38441b16b1ebb16a27c107a4c3865776e20c53 "[ignore_throttled] parameter is deprecated because frozen indices have been deprecated. Consider cold or frozen tiers in place of frozen indices."]
2023-08-04 12:56:04,809 INFO  [com.dot.ContainerResource] (docker-java-stream-824381349) STDOUT: 12:56:04.808  WARN  client.RestClient - request [POST http://elasticsearch:9200/cluster_51b0cac1ff.live_20230804125536/_search?typed_keys=true&max_concurrent_shard_requests=5&ignore_unavailable=false&expand_wildcards=open&allow_no_indices=true&ignore_throttled=true&search_type=query_then_fetch&batched_reduce_size=512&ccs_minimize_roundtrips=true] returned 2 warnings: [299 Elasticsearch-7.16.1-5b38441b16b1ebb16a27c107a4c3865776e20c53 "Elasticsearch built-in security features are not enabled. Without authentication, your cluster could be accessible to anyone. See https://www.elastic.co/guide/en/elasticsearch/reference/7.16/security-minimal-setup.html to enable security."],[299 Elasticsearch-7.16.1-5b38441b16b1ebb16a27c107a4c3865776e20c53 "[ignore_throttled] parameter is deprecated because frozen indices have been deprecated. Consider cold or frozen tiers in place of frozen indices."]
2023-08-04 12:56:04,811 INFO  [com.dot.ContainerResource] (docker-java-stream-824381349) STDOUT: 12:56:04.811  WARN  client.RestClient - request [POST http://elasticsearch:9200/cluster_51b0cac1ff.live_20230804125536/_search?typed_keys=true&max_concurrent_shard_requests=5&ignore_unavailable=false&expand_wildcards=open&allow_no_indices=true&ignore_throttled=true&search_type=query_then_fetch&batched_reduce_size=512&ccs_minimize_roundtrips=true] returned 2 warnings: [299 Elasticsearch-7.16.1-5b38441b16b1ebb16a27c107a4c3865776e20c53 "Elasticsearch built-in security features are not enabled. Without authentication, your cluster could be accessible to anyone. See https://www.elastic.co/guide/en/elasticsearch/reference/7.16/security-minimal-setup.html to enable security."],[299 Elasticsearch-7.16.1-5b38441b16b1ebb16a27c107a4c3865776e20c53 "[ignore_throttled] parameter is deprecated because frozen indices have been deprecated. Consider cold or frozen tiers in place of frozen indices."]
2023-08-04 12:56:04,815 INFO  [com.dot.ContainerResource] (docker-java-stream-824381349) STDOUT: 12:56:04.815  WARN  client.RestClient - request [POST http://elasticsearch:9200/cluster_51b0cac1ff.live_20230804125536/_search?typed_keys=true&max_concurrent_shard_requests=5&ignore_unavailable=false&expand_wildcards=open&allow_no_indices=true&ignore_throttled=true&search_type=query_then_fetch&batched_reduce_size=512&ccs_minimize_roundtrips=true] returned 2 warnings: [299 Elasticsearch-7.16.1-5b38441b16b1ebb16a27c107a4c3865776e20c53 "Elasticsearch built-in security features are not enabled. Without authentication, your cluster could be accessible to anyone. See https://www.elastic.co/guide/en/elasticsearch/reference/7.16/security-minimal-setup.html to enable security."],[299 Elasticsearch-7.16.1-5b38441b16b1ebb16a27c107a4c3865776e20c53 "[ignore_throttled] parameter is deprecated because frozen indices have been deprecated. Consider cold or frozen tiers in place of frozen indices."]
2023-08-04 12:56:04,823 INFO  [com.dot.ContainerResource] (docker-java-stream-824381349) STDOUT: 12:56:04.822  WARN  client.RestClient - request [POST http://elasticsearch:9200/cluster_51b0cac1ff.live_20230804125536/_search?typed_keys=true&max_concurrent_shard_requests=5&ignore_unavailable=false&expand_wildcards=open&allow_no_indices=true&ignore_throttled=true&search_type=query_then_fetch&batched_reduce_size=512&ccs_minimize_roundtrips=true] returned 2 warnings: [299 Elasticsearch-7.16.1-5b38441b16b1ebb16a27c107a4c3865776e20c53 "Elasticsearch built-in security features are not enabled. Without authentication, your cluster could be accessible to anyone. See https://www.elastic.co/guide/en/elasticsearch/reference/7.16/security-minimal-setup.html to enable security."],[299 Elasticsearch-7.16.1-5b38441b16b1ebb16a27c107a4c3865776e20c53 "[ignore_throttled] parameter is deprecated because frozen indices have been deprecated. Consider cold or frozen tiers in place of frozen indices."]
2023-08-04 12:56:04,826 INFO  [com.dot.ContainerResource] (docker-java-stream-824381349) STDOUT: 12:56:04.826  WARN  client.RestClient - request [POST http://elasticsearch:9200/cluster_51b0cac1ff.live_20230804125536/_search?typed_keys=true&max_concurrent_shard_requests=5&ignore_unavailable=false&expand_wildcards=open&allow_no_indices=true&ignore_throttled=true&search_type=query_then_fetch&batched_reduce_size=512&ccs_minimize_roundtrips=true] returned 2 warnings: [299 Elasticsearch-7.16.1-5b38441b16b1ebb16a27c107a4c3865776e20c53 "Elasticsearch built-in security features are not enabled. Without authentication, your cluster could be accessible to anyone. See https://www.elastic.co/guide/en/elasticsearch/reference/7.16/security-minimal-setup.html to enable security."],[299 Elasticsearch-7.16.1-5b38441b16b1ebb16a27c107a4c3865776e20c53 "[ignore_throttled] parameter is deprecated because frozen indices have been deprecated. Consider cold or frozen tiers in place of frozen indices."]
2023-08-04 12:56:04,830 INFO  [com.dot.ContainerResource] (docker-java-stream-824381349) STDOUT: 12:56:04.830  WARN  client.RestClient - request [POST http://elasticsearch:9200/cluster_51b0cac1ff.live_20230804125536/_search?typed_keys=true&max_concurrent_shard_requests=5&ignore_unavailable=false&expand_wildcards=open&allow_no_indices=true&ignore_throttled=true&search_type=query_then_fetch&batched_reduce_size=512&ccs_minimize_roundtrips=true] returned 2 warnings: [299 Elasticsearch-7.16.1-5b38441b16b1ebb16a27c107a4c3865776e20c53 "Elasticsearch built-in security features are not enabled. Without authentication, your cluster could be accessible to anyone. See https://www.elastic.co/guide/en/elasticsearch/reference/7.16/security-minimal-setup.html to enable security."],[299 Elasticsearch-7.16.1-5b38441b16b1ebb16a27c107a4c3865776e20c53 "[ignore_throttled] parameter is deprecated because frozen indices have been deprecated. Consider cold or frozen tiers in place of frozen indices."]
2023-08-04 12:56:04,834 INFO  [com.dot.ContainerResource] (docker-java-stream-824381349) STDOUT: 12:56:04.834  WARN  client.RestClient - request [POST http://elasticsearch:9200/cluster_51b0cac1ff.live_20230804125536/_search?typed_keys=true&max_concurrent_shard_requests=5&ignore_unavailable=false&expand_wildcards=open&allow_no_indices=true&ignore_throttled=true&search_type=query_then_fetch&batched_reduce_size=512&ccs_minimize_roundtrips=true] returned 2 warnings: [299 Elasticsearch-7.16.1-5b38441b16b1ebb16a27c107a4c3865776e20c53 "Elasticsearch built-in security features are not enabled. Without authentication, your cluster could be accessible to anyone. See https://www.elastic.co/guide/en/elasticsearch/reference/7.16/security-minimal-setup.html to enable security."],[299 Elasticsearch-7.16.1-5b38441b16b1ebb16a27c107a4c3865776e20c53 "[ignore_throttled] parameter is deprecated because frozen indices have been deprecated. Consider cold or frozen tiers in place of frozen indices."]
2023-08-04 12:56:04,838 INFO  [com.dot.ContainerResource] (docker-java-stream-824381349) STDOUT: 12:56:04.837  WARN  client.RestClient - request [POST http://elasticsearch:9200/cluster_51b0cac1ff.live_20230804125536/_search?typed_keys=true&max_concurrent_shard_requests=5&ignore_unavailable=false&expand_wildcards=open&allow_no_indices=true&ignore_throttled=true&search_type=query_then_fetch&batched_reduce_size=512&ccs_minimize_roundtrips=true] returned 2 warnings: [299 Elasticsearch-7.16.1-5b38441b16b1ebb16a27c107a4c3865776e20c53 "Elasticsearch built-in security features are not enabled. Without authentication, your cluster could be accessible to anyone. See https://www.elastic.co/guide/en/elasticsearch/reference/7.16/security-minimal-setup.html to enable security."],[299 Elasticsearch-7.16.1-5b38441b16b1ebb16a27c107a4c3865776e20c53 "[ignore_throttled] parameter is deprecated because frozen indices have been deprecated. Consider cold or frozen tiers in place of frozen indices."]
2023-08-04 12:56:04,841 INFO  [com.dot.ContainerResource] (docker-java-stream-824381349) STDOUT: 12:56:04.841  WARN  client.RestClient - request [POST http://elasticsearch:9200/cluster_51b0cac1ff.live_20230804125536/_search?typed_keys=true&max_concurrent_shard_requests=5&ignore_unavailable=false&expand_wildcards=open&allow_no_indices=true&ignore_throttled=true&search_type=query_then_fetch&batched_reduce_size=512&ccs_minimize_roundtrips=true] returned 2 warnings: [299 Elasticsearch-7.16.1-5b38441b16b1ebb16a27c107a4c3865776e20c53 "Elasticsearch built-in security features are not enabled. Without authentication, your cluster could be accessible to anyone. See https://www.elastic.co/guide/en/elasticsearch/reference/7.16/security-minimal-setup.html to enable security."],[299 Elasticsearch-7.16.1-5b38441b16b1ebb16a27c107a4c3865776e20c53 "[ignore_throttled] parameter is deprecated because frozen indices have been deprecated. Consider cold or frozen tiers in place of frozen indices."]
2023-08-04 12:56:04,844 INFO  [com.dot.ContainerResource] (docker-java-stream-824381349) STDOUT: 12:56:04.844  WARN  client.RestClient - request [POST http://elasticsearch:9200/cluster_51b0cac1ff.live_20230804125536/_search?typed_keys=true&max_concurrent_shard_requests=5&ignore_unavailable=false&expand_wildcards=open&allow_no_indices=true&ignore_throttled=true&search_type=query_then_fetch&batched_reduce_size=512&ccs_minimize_roundtrips=true] returned 2 warnings: [299 Elasticsearch-7.16.1-5b38441b16b1ebb16a27c107a4c3865776e20c53 "Elasticsearch built-in security features are not enabled. Without authentication, your cluster could be accessible to anyone. See https://www.elastic.co/guide/en/elasticsearch/reference/7.16/security-minimal-setup.html to enable security."],[299 Elasticsearch-7.16.1-5b38441b16b1ebb16a27c107a4c3865776e20c53 "[ignore_throttled] parameter is deprecated because frozen indices have been deprecated. Consider cold or frozen tiers in place of frozen indices."]
2023-08-04 12:56:04,847 INFO  [com.dot.ContainerResource] (docker-java-stream-824381349) STDOUT: 12:56:04.847  WARN  client.RestClient - request [POST http://elasticsearch:9200/cluster_51b0cac1ff.live_20230804125536/_search?typed_keys=true&max_concurrent_shard_requests=5&ignore_unavailable=false&expand_wildcards=open&allow_no_indices=true&ignore_throttled=true&search_type=query_then_fetch&batched_reduce_size=512&ccs_minimize_roundtrips=true] returned 2 warnings: [299 Elasticsearch-7.16.1-5b38441b16b1ebb16a27c107a4c3865776e20c53 "Elasticsearch built-in security features are not enabled. Without authentication, your cluster could be accessible to anyone. See https://www.elastic.co/guide/en/elasticsearch/reference/7.16/security-minimal-setup.html to enable security."],[299 Elasticsearch-7.16.1-5b38441b16b1ebb16a27c107a4c3865776e20c53 "[ignore_throttled] parameter is deprecated because frozen indices have been deprecated. Consider cold or frozen tiers in place of frozen indices."]
2023-08-04 12:56:04,850 INFO  [com.dot.ContainerResource] (docker-java-stream-824381349) STDOUT: 12:56:04.850  WARN  client.RestClient - request [POST http://elasticsearch:9200/cluster_51b0cac1ff.live_20230804125536/_search?typed_keys=true&max_concurrent_shard_requests=5&ignore_unavailable=false&expand_wildcards=open&allow_no_indices=true&ignore_throttled=true&search_type=query_then_fetch&batched_reduce_size=512&ccs_minimize_roundtrips=true] returned 2 warnings: [299 Elasticsearch-7.16.1-5b38441b16b1ebb16a27c107a4c3865776e20c53 "Elasticsearch built-in security features are not enabled. Without authentication, your cluster could be accessible to anyone. See https://www.elastic.co/guide/en/elasticsearch/reference/7.16/security-minimal-setup.html to enable security."],[299 Elasticsearch-7.16.1-5b38441b16b1ebb16a27c107a4c3865776e20c53 "[ignore_throttled] parameter is deprecated because frozen indices have been deprecated. Consider cold or frozen tiers in place of frozen indices."]
2023-08-04 12:56:04,854 INFO  [com.dot.ContainerResource] (docker-java-stream-824381349) STDOUT: 12:56:04.853  WARN  client.RestClient - request [POST http://elasticsearch:9200/cluster_51b0cac1ff.live_20230804125536/_search?typed_keys=true&max_concurrent_shard_requests=5&ignore_unavailable=false&expand_wildcards=open&allow_no_indices=true&ignore_throttled=true&search_type=query_then_fetch&batched_reduce_size=512&ccs_minimize_roundtrips=true] returned 2 warnings: [299 Elasticsearch-7.16.1-5b38441b16b1ebb16a27c107a4c3865776e20c53 "Elasticsearch built-in security features are not enabled. Without authentication, your cluster could be accessible to anyone. See https://www.elastic.co/guide/en/elasticsearch/reference/7.16/security-minimal-setup.html to enable security."],[299 Elasticsearch-7.16.1-5b38441b16b1ebb16a27c107a4c3865776e20c53 "[ignore_throttled] parameter is deprecated because frozen indices have been deprecated. Consider cold or frozen tiers in place of frozen indices."]
2023-08-04 12:56:04,857 INFO  [com.dot.ContainerResource] (docker-java-stream-824381349) STDOUT: 12:56:04.856  WARN  client.RestClient - request [POST http://elasticsearch:9200/cluster_51b0cac1ff.live_20230804125536/_search?typed_keys=true&max_concurrent_shard_requests=5&ignore_unavailable=false&expand_wildcards=open&allow_no_indices=true&ignore_throttled=true&search_type=query_then_fetch&batched_reduce_size=512&ccs_minimize_roundtrips=true] returned 2 warnings: [299 Elasticsearch-7.16.1-5b38441b16b1ebb16a27c107a4c3865776e20c53 "Elasticsearch built-in security features are not enabled. Without authentication, your cluster could be accessible to anyone. See https://www.elastic.co/guide/en/elasticsearch/reference/7.16/security-minimal-setup.html to enable security."],[299 Elasticsearch-7.16.1-5b38441b16b1ebb16a27c107a4c3865776e20c53 "[ignore_throttled] parameter is deprecated because frozen indices have been deprecated. Consider cold or frozen tiers in place of frozen indices."]
2023-08-04 12:56:04,860 INFO  [com.dot.ContainerResource] (docker-java-stream-824381349) STDOUT: 12:56:04.860  WARN  client.RestClient - request [POST http://elasticsearch:9200/cluster_51b0cac1ff.live_20230804125536/_search?typed_keys=true&max_concurrent_shard_requests=5&ignore_unavailable=false&expand_wildcards=open&allow_no_indices=true&ignore_throttled=true&search_type=query_then_fetch&batched_reduce_size=512&ccs_minimize_roundtrips=true] returned 2 warnings: [299 Elasticsearch-7.16.1-5b38441b16b1ebb16a27c107a4c3865776e20c53 "Elasticsearch built-in security features are not enabled. Without authentication, your cluster could be accessible to anyone. See https://www.elastic.co/guide/en/elasticsearch/reference/7.16/security-minimal-setup.html to enable security."],[299 Elasticsearch-7.16.1-5b38441b16b1ebb16a27c107a4c3865776e20c53 "[ignore_throttled] parameter is deprecated because frozen indices have been deprecated. Consider cold or frozen tiers in place of frozen indices."]
2023-08-04 12:56:04,863 INFO  [com.dot.ContainerResource] (docker-java-stream-824381349) STDOUT: 12:56:04.863  WARN  client.RestClient - request [POST http://elasticsearch:9200/cluster_51b0cac1ff.live_20230804125536/_search?typed_keys=true&max_concurrent_shard_requests=5&ignore_unavailable=false&expand_wildcards=open&allow_no_indices=true&ignore_throttled=true&search_type=query_then_fetch&batched_reduce_size=512&ccs_minimize_roundtrips=true] returned 2 warnings: [299 Elasticsearch-7.16.1-5b38441b16b1ebb16a27c107a4c3865776e20c53 "Elasticsearch built-in security features are not enabled. Without authentication, your cluster could be accessible to anyone. See https://www.elastic.co/guide/en/elasticsearch/reference/7.16/security-minimal-setup.html to enable security."],[299 Elasticsearch-7.16.1-5b38441b16b1ebb16a27c107a4c3865776e20c53 "[ignore_throttled] parameter is deprecated because frozen indices have been deprecated. Consider cold or frozen tiers in place of frozen indices."]
2023-08-04 12:56:04,866 INFO  [com.dot.ContainerResource] (docker-java-stream-824381349) STDOUT: 12:56:04.866  WARN  client.RestClient - request [POST http://elasticsearch:9200/cluster_51b0cac1ff.live_20230804125536/_search?typed_keys=true&max_concurrent_shard_requests=5&ignore_unavailable=false&expand_wildcards=open&allow_no_indices=true&ignore_throttled=true&search_type=query_then_fetch&batched_reduce_size=512&ccs_minimize_roundtrips=true] returned 2 warnings: [299 Elasticsearch-7.16.1-5b38441b16b1ebb16a27c107a4c3865776e20c53 "Elasticsearch built-in security features are not enabled. Without authentication, your cluster could be accessible to anyone. See https://www.elastic.co/guide/en/elasticsearch/reference/7.16/security-minimal-setup.html to enable security."],[299 Elasticsearch-7.16.1-5b38441b16b1ebb16a27c107a4c3865776e20c53 "[ignore_throttled] parameter is deprecated because frozen indices have been deprecated. Consider cold or frozen tiers in place of frozen indices."]
2023-08-04 12:56:04,869 INFO  [com.dot.ContainerResource] (docker-java-stream-824381349) STDOUT: 12:56:04.869  WARN  client.RestClient - request [POST http://elasticsearch:9200/cluster_51b0cac1ff.live_20230804125536/_search?typed_keys=true&max_concurrent_shard_requests=5&ignore_unavailable=false&expand_wildcards=open&allow_no_indices=true&ignore_throttled=true&search_type=query_then_fetch&batched_reduce_size=512&ccs_minimize_roundtrips=true] returned 2 warnings: [299 Elasticsearch-7.16.1-5b38441b16b1ebb16a27c107a4c3865776e20c53 "Elasticsearch built-in security features are not enabled. Without authentication, your cluster could be accessible to anyone. See https://www.elastic.co/guide/en/elasticsearch/reference/7.16/security-minimal-setup.html to enable security."],[299 Elasticsearch-7.16.1-5b38441b16b1ebb16a27c107a4c3865776e20c53 "[ignore_throttled] parameter is deprecated because frozen indices have been deprecated. Consider cold or frozen tiers in place of frozen indices."]
2023-08-04 12:56:04,872 INFO  [com.dot.ContainerResource] (docker-java-stream-824381349) STDOUT: 12:56:04.872  WARN  client.RestClient - request [POST http://elasticsearch:9200/cluster_51b0cac1ff.live_20230804125536/_search?typed_keys=true&max_concurrent_shard_requests=5&ignore_unavailable=false&expand_wildcards=open&allow_no_indices=true&ignore_throttled=true&search_type=query_then_fetch&batched_reduce_size=512&ccs_minimize_roundtrips=true] returned 2 warnings: [299 Elasticsearch-7.16.1-5b38441b16b1ebb16a27c107a4c3865776e20c53 "Elasticsearch built-in security features are not enabled. Without authentication, your cluster could be accessible to anyone. See https://www.elastic.co/guide/en/elasticsearch/reference/7.16/security-minimal-setup.html to enable security."],[299 Elasticsearch-7.16.1-5b38441b16b1ebb16a27c107a4c3865776e20c53 "[ignore_throttled] parameter is deprecated because frozen indices have been deprecated. Consider cold or frozen tiers in place of frozen indices."]
2023-08-04 12:56:04,875 INFO  [com.dot.ContainerResource] (docker-java-stream-824381349) STDOUT: 12:56:04.875  WARN  client.RestClient - request [POST http://elasticsearch:9200/cluster_51b0cac1ff.live_20230804125536/_search?typed_keys=true&max_concurrent_shard_requests=5&ignore_unavailable=false&expand_wildcards=open&allow_no_indices=true&ignore_throttled=true&search_type=query_then_fetch&batched_reduce_size=512&ccs_minimize_roundtrips=true] returned 2 warnings: [299 Elasticsearch-7.16.1-5b38441b16b1ebb16a27c107a4c3865776e20c53 "Elasticsearch built-in security features are not enabled. Without authentication, your cluster could be accessible to anyone. See https://www.elastic.co/guide/en/elasticsearch/reference/7.16/security-minimal-setup.html to enable security."],[299 Elasticsearch-7.16.1-5b38441b16b1ebb16a27c107a4c3865776e20c53 "[ignore_throttled] parameter is deprecated because frozen indices have been deprecated. Consider cold or frozen tiers in place of frozen indices."]
2023-08-04 12:56:04,878 INFO  [com.dot.ContainerResource] (docker-java-stream-824381349) STDOUT: 12:56:04.878  WARN  client.RestClient - request [POST http://elasticsearch:9200/cluster_51b0cac1ff.live_20230804125536/_search?typed_keys=true&max_concurrent_shard_requests=5&ignore_unavailable=false&expand_wildcards=open&allow_no_indices=true&ignore_throttled=true&search_type=query_then_fetch&batched_reduce_size=512&ccs_minimize_roundtrips=true] returned 2 warnings: [299 Elasticsearch-7.16.1-5b38441b16b1ebb16a27c107a4c3865776e20c53 "Elasticsearch built-in security features are not enabled. Without authentication, your cluster could be accessible to anyone. See https://www.elastic.co/guide/en/elasticsearch/reference/7.16/security-minimal-setup.html to enable security."],[299 Elasticsearch-7.16.1-5b38441b16b1ebb16a27c107a4c3865776e20c53 "[ignore_throttled] parameter is deprecated because frozen indices have been deprecated. Consider cold or frozen tiers in place of frozen indices."]
2023-08-04 12:56:04,881 INFO  [com.dot.ContainerResource] (docker-java-stream-824381349) STDOUT: 12:56:04.881  WARN  client.RestClient - request [POST http://elasticsearch:9200/cluster_51b0cac1ff.live_20230804125536/_search?typed_keys=true&max_concurrent_shard_requests=5&ignore_unavailable=false&expand_wildcards=open&allow_no_indices=true&ignore_throttled=true&search_type=query_then_fetch&batched_reduce_size=512&ccs_minimize_roundtrips=true] returned 2 warnings: [299 Elasticsearch-7.16.1-5b38441b16b1ebb16a27c107a4c3865776e20c53 "Elasticsearch built-in security features are not enabled. Without authentication, your cluster could be accessible to anyone. See https://www.elastic.co/guide/en/elasticsearch/reference/7.16/security-minimal-setup.html to enable security."],[299 Elasticsearch-7.16.1-5b38441b16b1ebb16a27c107a4c3865776e20c53 "[ignore_throttled] parameter is deprecated because frozen indices have been deprecated. Consider cold or frozen tiers in place of frozen indices."]
2023-08-04 12:56:04,884 INFO  [com.dot.ContainerResource] (docker-java-stream-824381349) STDOUT: 12:56:04.884  WARN  client.RestClient - request [POST http://elasticsearch:9200/cluster_51b0cac1ff.live_20230804125536/_search?typed_keys=true&max_concurrent_shard_requests=5&ignore_unavailable=false&expand_wildcards=open&allow_no_indices=true&ignore_throttled=true&search_type=query_then_fetch&batched_reduce_size=512&ccs_minimize_roundtrips=true] returned 2 warnings: [299 Elasticsearch-7.16.1-5b38441b16b1ebb16a27c107a4c3865776e20c53 "Elasticsearch built-in security features are not enabled. Without authentication, your cluster could be accessible to anyone. See https://www.elastic.co/guide/en/elasticsearch/reference/7.16/security-minimal-setup.html to enable security."],[299 Elasticsearch-7.16.1-5b38441b16b1ebb16a27c107a4c3865776e20c53 "[ignore_throttled] parameter is deprecated because frozen indices have been deprecated. Consider cold or frozen tiers in place of frozen indices."]
2023-08-04 12:56:04,887 INFO  [com.dot.ContainerResource] (docker-java-stream-824381349) STDOUT: 12:56:04.887  WARN  client.RestClient - request [POST http://elasticsearch:9200/cluster_51b0cac1ff.live_20230804125536/_search?typed_keys=true&max_concurrent_shard_requests=5&ignore_unavailable=false&expand_wildcards=open&allow_no_indices=true&ignore_throttled=true&search_type=query_then_fetch&batched_reduce_size=512&ccs_minimize_roundtrips=true] returned 2 warnings: [299 Elasticsearch-7.16.1-5b38441b16b1ebb16a27c107a4c3865776e20c53 "Elasticsearch built-in security features are not enabled. Without authentication, your cluster could be accessible to anyone. See https://www.elastic.co/guide/en/elasticsearch/reference/7.16/security-minimal-setup.html to enable security."],[299 Elasticsearch-7.16.1-5b38441b16b1ebb16a27c107a4c3865776e20c53 "[ignore_throttled] parameter is deprecated because frozen indices have been deprecated. Consider cold or frozen tiers in place of frozen indices."]
2023-08-04 12:56:04,890 INFO  [com.dot.ContainerResource] (docker-java-stream-824381349) STDOUT: 12:56:04.890  WARN  client.RestClient - request [POST http://elasticsearch:9200/cluster_51b0cac1ff.live_20230804125536/_search?typed_keys=true&max_concurrent_shard_requests=5&ignore_unavailable=false&expand_wildcards=open&allow_no_indices=true&ignore_throttled=true&search_type=query_then_fetch&batched_reduce_size=512&ccs_minimize_roundtrips=true] returned 2 warnings: [299 Elasticsearch-7.16.1-5b38441b16b1ebb16a27c107a4c3865776e20c53 "Elasticsearch built-in security features are not enabled. Without authentication, your cluster could be accessible to anyone. See https://www.elastic.co/guide/en/elasticsearch/reference/7.16/security-minimal-setup.html to enable security."],[299 Elasticsearch-7.16.1-5b38441b16b1ebb16a27c107a4c3865776e20c53 "[ignore_throttled] parameter is deprecated because frozen indices have been deprecated. Consider cold or frozen tiers in place of frozen indices."]
2023-08-04 12:56:04,893 INFO  [com.dot.ContainerResource] (docker-java-stream-824381349) STDOUT: 12:56:04.893  WARN  client.RestClient - request [POST http://elasticsearch:9200/cluster_51b0cac1ff.live_20230804125536/_search?typed_keys=true&max_concurrent_shard_requests=5&ignore_unavailable=false&expand_wildcards=open&allow_no_indices=true&ignore_throttled=true&search_type=query_then_fetch&batched_reduce_size=512&ccs_minimize_roundtrips=true] returned 2 warnings: [299 Elasticsearch-7.16.1-5b38441b16b1ebb16a27c107a4c3865776e20c53 "Elasticsearch built-in security features are not enabled. Without authentication, your cluster could be accessible to anyone. See https://www.elastic.co/guide/en/elasticsearch/reference/7.16/security-minimal-setup.html to enable security."],[299 Elasticsearch-7.16.1-5b38441b16b1ebb16a27c107a4c3865776e20c53 "[ignore_throttled] parameter is deprecated because frozen indices have been deprecated. Consider cold or frozen tiers in place of frozen indices."]
2023-08-04 12:56:04,896 INFO  [com.dot.ContainerResource] (docker-java-stream-824381349) STDOUT: 12:56:04.896  WARN  client.RestClient - request [POST http://elasticsearch:9200/cluster_51b0cac1ff.live_20230804125536/_search?typed_keys=true&max_concurrent_shard_requests=5&ignore_unavailable=false&expand_wildcards=open&allow_no_indices=true&ignore_throttled=true&search_type=query_then_fetch&batched_reduce_size=512&ccs_minimize_roundtrips=true] returned 2 warnings: [299 Elasticsearch-7.16.1-5b38441b16b1ebb16a27c107a4c3865776e20c53 "Elasticsearch built-in security features are not enabled. Without authentication, your cluster could be accessible to anyone. See https://www.elastic.co/guide/en/elasticsearch/reference/7.16/security-minimal-setup.html to enable security."],[299 Elasticsearch-7.16.1-5b38441b16b1ebb16a27c107a4c3865776e20c53 "[ignore_throttled] parameter is deprecated because frozen indices have been deprecated. Consider cold or frozen tiers in place of frozen indices."]
2023-08-04 12:56:04,899 INFO  [com.dot.ContainerResource] (docker-java-stream-824381349) STDOUT: 12:56:04.899  WARN  client.RestClient - request [POST http://elasticsearch:9200/cluster_51b0cac1ff.live_20230804125536/_search?typed_keys=true&max_concurrent_shard_requests=5&ignore_unavailable=false&expand_wildcards=open&allow_no_indices=true&ignore_throttled=true&search_type=query_then_fetch&batched_reduce_size=512&ccs_minimize_roundtrips=true] returned 2 warnings: [299 Elasticsearch-7.16.1-5b38441b16b1ebb16a27c107a4c3865776e20c53 "Elasticsearch built-in security features are not enabled. Without authentication, your cluster could be accessible to anyone. See https://www.elastic.co/guide/en/elasticsearch/reference/7.16/security-minimal-setup.html to enable security."],[299 Elasticsearch-7.16.1-5b38441b16b1ebb16a27c107a4c3865776e20c53 "[ignore_throttled] parameter is deprecated because frozen indices have been deprecated. Consider cold or frozen tiers in place of frozen indices."]
2023-08-04 12:56:04,929 INFO  [com.dot.ContainerResource] (docker-java-stream-824381349) STDOUT: 12:56:04.922  WARN  client.RestClient - request [POST http://elasticsearch:9200/cluster_51b0cac1ff.live_20230804125536/_search?typed_keys=true&max_concurrent_shard_requests=5&ignore_unavailable=false&expand_wildcards=open&allow_no_indices=true&ignore_throttled=true&search_type=query_then_fetch&batched_reduce_size=512&ccs_minimize_roundtrips=true] returned 2 warnings: [299 Elasticsearch-7.16.1-5b38441b16b1ebb16a27c107a4c3865776e20c53 "Elasticsearch built-in security features are not enabled. Without authentication, your cluster could be accessible to anyone. See https://www.elastic.co/guide/en/elasticsearch/reference/7.16/security-minimal-setup.html to enable security."],[299 Elasticsearch-7.16.1-5b38441b16b1ebb16a27c107a4c3865776e20c53 "[ignore_throttled] parameter is deprecated because frozen indices have been deprecated. Consider cold or frozen tiers in place of frozen indices."]
2023-08-04 12:56:04,929 INFO  [com.dot.ContainerResource] (docker-java-stream-824381349) STDOUT: 12:56:04.925  WARN  client.RestClient - request [POST http://elasticsearch:9200/cluster_51b0cac1ff.live_20230804125536/_search?typed_keys=true&max_concurrent_shard_requests=5&ignore_unavailable=false&expand_wildcards=open&allow_no_indices=true&ignore_throttled=true&search_type=query_then_fetch&batched_reduce_size=512&ccs_minimize_roundtrips=true] returned 2 warnings: [299 Elasticsearch-7.16.1-5b38441b16b1ebb16a27c107a4c3865776e20c53 "Elasticsearch built-in security features are not enabled. Without authentication, your cluster could be accessible to anyone. See https://www.elastic.co/guide/en/elasticsearch/reference/7.16/security-minimal-setup.html to enable security."],[299 Elasticsearch-7.16.1-5b38441b16b1ebb16a27c107a4c3865776e20c53 "[ignore_throttled] parameter is deprecated because frozen indices have been deprecated. Consider cold or frozen tiers in place of frozen indices."]
2023-08-04 12:56:04,931 INFO  [com.dot.ContainerResource] (docker-java-stream-824381349) STDOUT: 12:56:04.929  WARN  client.RestClient - request [POST http://elasticsearch:9200/cluster_51b0cac1ff.live_20230804125536/_search?typed_keys=true&max_concurrent_shard_requests=5&ignore_unavailable=false&expand_wildcards=open&allow_no_indices=true&ignore_throttled=true&search_type=query_then_fetch&batched_reduce_size=512&ccs_minimize_roundtrips=true] returned 2 warnings: [299 Elasticsearch-7.16.1-5b38441b16b1ebb16a27c107a4c3865776e20c53 "Elasticsearch built-in security features are not enabled. Without authentication, your cluster could be accessible to anyone. See https://www.elastic.co/guide/en/elasticsearch/reference/7.16/security-minimal-setup.html to enable security."],[299 Elasticsearch-7.16.1-5b38441b16b1ebb16a27c107a4c3865776e20c53 "[ignore_throttled] parameter is deprecated because frozen indices have been deprecated. Consider cold or frozen tiers in place of frozen indices."]
2023-08-04 12:56:04,933 INFO  [com.dot.ContainerResource] (docker-java-stream-824381349) STDOUT: 12:56:04.933  WARN  client.RestClient - request [POST http://elasticsearch:9200/cluster_51b0cac1ff.live_20230804125536/_search?typed_keys=true&max_concurrent_shard_requests=5&ignore_unavailable=false&expand_wildcards=open&allow_no_indices=true&ignore_throttled=true&search_type=query_then_fetch&batched_reduce_size=512&ccs_minimize_roundtrips=true] returned 2 warnings: [299 Elasticsearch-7.16.1-5b38441b16b1ebb16a27c107a4c3865776e20c53 "Elasticsearch built-in security features are not enabled. Without authentication, your cluster could be accessible to anyone. See https://www.elastic.co/guide/en/elasticsearch/reference/7.16/security-minimal-setup.html to enable security."],[299 Elasticsearch-7.16.1-5b38441b16b1ebb16a27c107a4c3865776e20c53 "[ignore_throttled] parameter is deprecated because frozen indices have been deprecated. Consider cold or frozen tiers in place of frozen indices."]
2023-08-04 12:56:04,937 INFO  [com.dot.ContainerResource] (docker-java-stream-824381349) STDOUT: 12:56:04.936  WARN  client.RestClient - request [POST http://elasticsearch:9200/cluster_51b0cac1ff.live_20230804125536/_search?typed_keys=true&max_concurrent_shard_requests=5&ignore_unavailable=false&expand_wildcards=open&allow_no_indices=true&ignore_throttled=true&search_type=query_then_fetch&batched_reduce_size=512&ccs_minimize_roundtrips=true] returned 2 warnings: [299 Elasticsearch-7.16.1-5b38441b16b1ebb16a27c107a4c3865776e20c53 "Elasticsearch built-in security features are not enabled. Without authentication, your cluster could be accessible to anyone. See https://www.elastic.co/guide/en/elasticsearch/reference/7.16/security-minimal-setup.html to enable security."],[299 Elasticsearch-7.16.1-5b38441b16b1ebb16a27c107a4c3865776e20c53 "[ignore_throttled] parameter is deprecated because frozen indices have been deprecated. Consider cold or frozen tiers in place of frozen indices."]
2023-08-04 12:56:04,940 INFO  [com.dot.ContainerResource] (docker-java-stream-824381349) STDOUT: 12:56:04.939  WARN  client.RestClient - request [POST http://elasticsearch:9200/cluster_51b0cac1ff.live_20230804125536/_search?typed_keys=true&max_concurrent_shard_requests=5&ignore_unavailable=false&expand_wildcards=open&allow_no_indices=true&ignore_throttled=true&search_type=query_then_fetch&batched_reduce_size=512&ccs_minimize_roundtrips=true] returned 2 warnings: [299 Elasticsearch-7.16.1-5b38441b16b1ebb16a27c107a4c3865776e20c53 "Elasticsearch built-in security features are not enabled. Without authentication, your cluster could be accessible to anyone. See https://www.elastic.co/guide/en/elasticsearch/reference/7.16/security-minimal-setup.html to enable security."],[299 Elasticsearch-7.16.1-5b38441b16b1ebb16a27c107a4c3865776e20c53 "[ignore_throttled] parameter is deprecated because frozen indices have been deprecated. Consider cold or frozen tiers in place of frozen indices."]
2023-08-04 12:56:04,943 INFO  [com.dot.ContainerResource] (docker-java-stream-824381349) STDOUT: 12:56:04.942  WARN  client.RestClient - request [POST http://elasticsearch:9200/cluster_51b0cac1ff.live_20230804125536/_search?typed_keys=true&max_concurrent_shard_requests=5&ignore_unavailable=false&expand_wildcards=open&allow_no_indices=true&ignore_throttled=true&search_type=query_then_fetch&batched_reduce_size=512&ccs_minimize_roundtrips=true] returned 2 warnings: [299 Elasticsearch-7.16.1-5b38441b16b1ebb16a27c107a4c3865776e20c53 "Elasticsearch built-in security features are not enabled. Without authentication, your cluster could be accessible to anyone. See https://www.elastic.co/guide/en/elasticsearch/reference/7.16/security-minimal-setup.html to enable security."],[299 Elasticsearch-7.16.1-5b38441b16b1ebb16a27c107a4c3865776e20c53 "[ignore_throttled] parameter is deprecated because frozen indices have been deprecated. Consider cold or frozen tiers in place of frozen indices."]
2023-08-04 12:56:04,952 INFO  [com.dot.ContainerResource] (docker-java-stream-824381349) STDOUT: 12:56:04.952  WARN  client.RestClient - request [POST http://elasticsearch:9200/cluster_51b0cac1ff.live_20230804125536/_search?typed_keys=true&max_concurrent_shard_requests=5&ignore_unavailable=false&expand_wildcards=open&allow_no_indices=true&ignore_throttled=true&search_type=query_then_fetch&batched_reduce_size=512&ccs_minimize_roundtrips=true] returned 2 warnings: [299 Elasticsearch-7.16.1-5b38441b16b1ebb16a27c107a4c3865776e20c53 "Elasticsearch built-in security features are not enabled. Without authentication, your cluster could be accessible to anyone. See https://www.elastic.co/guide/en/elasticsearch/reference/7.16/security-minimal-setup.html to enable security."],[299 Elasticsearch-7.16.1-5b38441b16b1ebb16a27c107a4c3865776e20c53 "[ignore_throttled] parameter is deprecated because frozen indices have been deprecated. Consider cold or frozen tiers in place of frozen indices."]
2023-08-04 12:56:04,955 INFO  [com.dot.ContainerResource] (docker-java-stream-824381349) STDOUT: 12:56:04.955  WARN  client.RestClient - request [POST http://elasticsearch:9200/cluster_51b0cac1ff.live_20230804125536/_search?typed_keys=true&max_concurrent_shard_requests=5&ignore_unavailable=false&expand_wildcards=open&allow_no_indices=true&ignore_throttled=true&search_type=query_then_fetch&batched_reduce_size=512&ccs_minimize_roundtrips=true] returned 2 warnings: [299 Elasticsearch-7.16.1-5b38441b16b1ebb16a27c107a4c3865776e20c53 "Elasticsearch built-in security features are not enabled. Without authentication, your cluster could be accessible to anyone. See https://www.elastic.co/guide/en/elasticsearch/reference/7.16/security-minimal-setup.html to enable security."],[299 Elasticsearch-7.16.1-5b38441b16b1ebb16a27c107a4c3865776e20c53 "[ignore_throttled] parameter is deprecated because frozen indices have been deprecated. Consider cold or frozen tiers in place of frozen indices."]
2023-08-04 12:56:04,958 INFO  [com.dot.ContainerResource] (docker-java-stream-824381349) STDOUT: 12:56:04.958  WARN  client.RestClient - request [POST http://elasticsearch:9200/cluster_51b0cac1ff.live_20230804125536/_search?typed_keys=true&max_concurrent_shard_requests=5&ignore_unavailable=false&expand_wildcards=open&allow_no_indices=true&ignore_throttled=true&search_type=query_then_fetch&batched_reduce_size=512&ccs_minimize_roundtrips=true] returned 2 warnings: [299 Elasticsearch-7.16.1-5b38441b16b1ebb16a27c107a4c3865776e20c53 "Elasticsearch built-in security features are not enabled. Without authentication, your cluster could be accessible to anyone. See https://www.elastic.co/guide/en/elasticsearch/reference/7.16/security-minimal-setup.html to enable security."],[299 Elasticsearch-7.16.1-5b38441b16b1ebb16a27c107a4c3865776e20c53 "[ignore_throttled] parameter is deprecated because frozen indices have been deprecated. Consider cold or frozen tiers in place of frozen indices."]
2023-08-04 12:56:04,962 INFO  [com.dot.ContainerResource] (docker-java-stream-824381349) STDOUT: 12:56:04.961  WARN  client.RestClient - request [POST http://elasticsearch:9200/cluster_51b0cac1ff.live_20230804125536/_search?typed_keys=true&max_concurrent_shard_requests=5&ignore_unavailable=false&expand_wildcards=open&allow_no_indices=true&ignore_throttled=true&search_type=query_then_fetch&batched_reduce_size=512&ccs_minimize_roundtrips=true] returned 2 warnings: [299 Elasticsearch-7.16.1-5b38441b16b1ebb16a27c107a4c3865776e20c53 "Elasticsearch built-in security features are not enabled. Without authentication, your cluster could be accessible to anyone. See https://www.elastic.co/guide/en/elasticsearch/reference/7.16/security-minimal-setup.html to enable security."],[299 Elasticsearch-7.16.1-5b38441b16b1ebb16a27c107a4c3865776e20c53 "[ignore_throttled] parameter is deprecated because frozen indices have been deprecated. Consider cold or frozen tiers in place of frozen indices."]
2023-08-04 12:56:04,965 INFO  [com.dot.ContainerResource] (docker-java-stream-824381349) STDOUT: 12:56:04.965  WARN  client.RestClient - request [POST http://elasticsearch:9200/cluster_51b0cac1ff.live_20230804125536/_search?typed_keys=true&max_concurrent_shard_requests=5&ignore_unavailable=false&expand_wildcards=open&allow_no_indices=true&ignore_throttled=true&search_type=query_then_fetch&batched_reduce_size=512&ccs_minimize_roundtrips=true] returned 2 warnings: [299 Elasticsearch-7.16.1-5b38441b16b1ebb16a27c107a4c3865776e20c53 "Elasticsearch built-in security features are not enabled. Without authentication, your cluster could be accessible to anyone. See https://www.elastic.co/guide/en/elasticsearch/reference/7.16/security-minimal-setup.html to enable security."],[299 Elasticsearch-7.16.1-5b38441b16b1ebb16a27c107a4c3865776e20c53 "[ignore_throttled] parameter is deprecated because frozen indices have been deprecated. Consider cold or frozen tiers in place of frozen indices."]
2023-08-04 12:56:04,968 INFO  [com.dot.ContainerResource] (docker-java-stream-824381349) STDOUT: 12:56:04.968  WARN  client.RestClient - request [POST http://elasticsearch:9200/cluster_51b0cac1ff.live_20230804125536/_search?typed_keys=true&max_concurrent_shard_requests=5&ignore_unavailable=false&expand_wildcards=open&allow_no_indices=true&ignore_throttled=true&search_type=query_then_fetch&batched_reduce_size=512&ccs_minimize_roundtrips=true] returned 2 warnings: [299 Elasticsearch-7.16.1-5b38441b16b1ebb16a27c107a4c3865776e20c53 "Elasticsearch built-in security features are not enabled. Without authentication, your cluster could be accessible to anyone. See https://www.elastic.co/guide/en/elasticsearch/reference/7.16/security-minimal-setup.html to enable security."],[299 Elasticsearch-7.16.1-5b38441b16b1ebb16a27c107a4c3865776e20c53 "[ignore_throttled] parameter is deprecated because frozen indices have been deprecated. Consider cold or frozen tiers in place of frozen indices."]
2023-08-04 12:56:04,972 INFO  [com.dot.ContainerResource] (docker-java-stream-824381349) STDOUT: 12:56:04.971  WARN  client.RestClient - request [POST http://elasticsearch:9200/cluster_51b0cac1ff.live_20230804125536/_search?typed_keys=true&max_concurrent_shard_requests=5&ignore_unavailable=false&expand_wildcards=open&allow_no_indices=true&ignore_throttled=true&search_type=query_then_fetch&batched_reduce_size=512&ccs_minimize_roundtrips=true] returned 2 warnings: [299 Elasticsearch-7.16.1-5b38441b16b1ebb16a27c107a4c3865776e20c53 "Elasticsearch built-in security features are not enabled. Without authentication, your cluster could be accessible to anyone. See https://www.elastic.co/guide/en/elasticsearch/reference/7.16/security-minimal-setup.html to enable security."],[299 Elasticsearch-7.16.1-5b38441b16b1ebb16a27c107a4c3865776e20c53 "[ignore_throttled] parameter is deprecated because frozen indices have been deprecated. Consider cold or frozen tiers in place of frozen indices."]
2023-08-04 12:56:04,975 INFO  [com.dot.ContainerResource] (docker-java-stream-824381349) STDOUT: 12:56:04.975  WARN  client.RestClient - request [POST http://elasticsearch:9200/cluster_51b0cac1ff.live_20230804125536/_search?typed_keys=true&max_concurrent_shard_requests=5&ignore_unavailable=false&expand_wildcards=open&allow_no_indices=true&ignore_throttled=true&search_type=query_then_fetch&batched_reduce_size=512&ccs_minimize_roundtrips=true] returned 2 warnings: [299 Elasticsearch-7.16.1-5b38441b16b1ebb16a27c107a4c3865776e20c53 "Elasticsearch built-in security features are not enabled. Without authentication, your cluster could be accessible to anyone. See https://www.elastic.co/guide/en/elasticsearch/reference/7.16/security-minimal-setup.html to enable security."],[299 Elasticsearch-7.16.1-5b38441b16b1ebb16a27c107a4c3865776e20c53 "[ignore_throttled] parameter is deprecated because frozen indices have been deprecated. Consider cold or frozen tiers in place of frozen indices."]
2023-08-04 12:56:04,978 INFO  [com.dot.ContainerResource] (docker-java-stream-824381349) STDOUT: 12:56:04.978  WARN  client.RestClient - request [POST http://elasticsearch:9200/cluster_51b0cac1ff.live_20230804125536/_search?typed_keys=true&max_concurrent_shard_requests=5&ignore_unavailable=false&expand_wildcards=open&allow_no_indices=true&ignore_throttled=true&search_type=query_then_fetch&batched_reduce_size=512&ccs_minimize_roundtrips=true] returned 2 warnings: [299 Elasticsearch-7.16.1-5b38441b16b1ebb16a27c107a4c3865776e20c53 "Elasticsearch built-in security features are not enabled. Without authentication, your cluster could be accessible to anyone. See https://www.elastic.co/guide/en/elasticsearch/reference/7.16/security-minimal-setup.html to enable security."],[299 Elasticsearch-7.16.1-5b38441b16b1ebb16a27c107a4c3865776e20c53 "[ignore_throttled] parameter is deprecated because frozen indices have been deprecated. Consider cold or frozen tiers in place of frozen indices."]
2023-08-04 12:56:04,982 INFO  [com.dot.ContainerResource] (docker-java-stream-824381349) STDOUT: 12:56:04.981  WARN  client.RestClient - request [POST http://elasticsearch:9200/cluster_51b0cac1ff.live_20230804125536/_search?typed_keys=true&max_concurrent_shard_requests=5&ignore_unavailable=false&expand_wildcards=open&allow_no_indices=true&ignore_throttled=true&search_type=query_then_fetch&batched_reduce_size=512&ccs_minimize_roundtrips=true] returned 2 warnings: [299 Elasticsearch-7.16.1-5b38441b16b1ebb16a27c107a4c3865776e20c53 "Elasticsearch built-in security features are not enabled. Without authentication, your cluster could be accessible to anyone. See https://www.elastic.co/guide/en/elasticsearch/reference/7.16/security-minimal-setup.html to enable security."],[299 Elasticsearch-7.16.1-5b38441b16b1ebb16a27c107a4c3865776e20c53 "[ignore_throttled] parameter is deprecated because frozen indices have been deprecated. Consider cold or frozen tiers in place of frozen indices."]
2023-08-04 12:56:04,985 INFO  [com.dot.ContainerResource] (docker-java-stream-824381349) STDOUT: 12:56:04.985  WARN  client.RestClient - request [POST http://elasticsearch:9200/cluster_51b0cac1ff.live_20230804125536/_search?typed_keys=true&max_concurrent_shard_requests=5&ignore_unavailable=false&expand_wildcards=open&allow_no_indices=true&ignore_throttled=true&search_type=query_then_fetch&batched_reduce_size=512&ccs_minimize_roundtrips=true] returned 2 warnings: [299 Elasticsearch-7.16.1-5b38441b16b1ebb16a27c107a4c3865776e20c53 "Elasticsearch built-in security features are not enabled. Without authentication, your cluster could be accessible to anyone. See https://www.elastic.co/guide/en/elasticsearch/reference/7.16/security-minimal-setup.html to enable security."],[299 Elasticsearch-7.16.1-5b38441b16b1ebb16a27c107a4c3865776e20c53 "[ignore_throttled] parameter is deprecated because frozen indices have been deprecated. Consider cold or frozen tiers in place of frozen indices."]
2023-08-04 12:56:04,989 INFO  [com.dot.ContainerResource] (docker-java-stream-824381349) STDOUT: 12:56:04.988  WARN  client.RestClient - request [POST http://elasticsearch:9200/cluster_51b0cac1ff.live_20230804125536/_search?typed_keys=true&max_concurrent_shard_requests=5&ignore_unavailable=false&expand_wildcards=open&allow_no_indices=true&ignore_throttled=true&search_type=query_then_fetch&batched_reduce_size=512&ccs_minimize_roundtrips=true] returned 2 warnings: [299 Elasticsearch-7.16.1-5b38441b16b1ebb16a27c107a4c3865776e20c53 "Elasticsearch built-in security features are not enabled. Without authentication, your cluster could be accessible to anyone. See https://www.elastic.co/guide/en/elasticsearch/reference/7.16/security-minimal-setup.html to enable security."],[299 Elasticsearch-7.16.1-5b38441b16b1ebb16a27c107a4c3865776e20c53 "[ignore_throttled] parameter is deprecated because frozen indices have been deprecated. Consider cold or frozen tiers in place of frozen indices."]
2023-08-04 12:56:04,992 INFO  [com.dot.ContainerResource] (docker-java-stream-824381349) STDOUT: 12:56:04.992  WARN  client.RestClient - request [POST http://elasticsearch:9200/cluster_51b0cac1ff.live_20230804125536/_search?typed_keys=true&max_concurrent_shard_requests=5&ignore_unavailable=false&expand_wildcards=open&allow_no_indices=true&ignore_throttled=true&search_type=query_then_fetch&batched_reduce_size=512&ccs_minimize_roundtrips=true] returned 2 warnings: [299 Elasticsearch-7.16.1-5b38441b16b1ebb16a27c107a4c3865776e20c53 "Elasticsearch built-in security features are not enabled. Without authentication, your cluster could be accessible to anyone. See https://www.elastic.co/guide/en/elasticsearch/reference/7.16/security-minimal-setup.html to enable security."],[299 Elasticsearch-7.16.1-5b38441b16b1ebb16a27c107a4c3865776e20c53 "[ignore_throttled] parameter is deprecated because frozen indices have been deprecated. Consider cold or frozen tiers in place of frozen indices."]
2023-08-04 12:56:04,996 INFO  [com.dot.ContainerResource] (docker-java-stream-824381349) STDOUT: 12:56:04.995  WARN  client.RestClient - request [POST http://elasticsearch:9200/cluster_51b0cac1ff.live_20230804125536/_search?typed_keys=true&max_concurrent_shard_requests=5&ignore_unavailable=false&expand_wildcards=open&allow_no_indices=true&ignore_throttled=true&search_type=query_then_fetch&batched_reduce_size=512&ccs_minimize_roundtrips=true] returned 2 warnings: [299 Elasticsearch-7.16.1-5b38441b16b1ebb16a27c107a4c3865776e20c53 "Elasticsearch built-in security features are not enabled. Without authentication, your cluster could be accessible to anyone. See https://www.elastic.co/guide/en/elasticsearch/reference/7.16/security-minimal-setup.html to enable security."],[299 Elasticsearch-7.16.1-5b38441b16b1ebb16a27c107a4c3865776e20c53 "[ignore_throttled] parameter is deprecated because frozen indices have been deprecated. Consider cold or frozen tiers in place of frozen indices."]
2023-08-04 12:56:04,999 INFO  [com.dot.ContainerResource] (docker-java-stream-824381349) STDOUT: 12:56:04.999  WARN  client.RestClient - request [POST http://elasticsearch:9200/cluster_51b0cac1ff.live_20230804125536/_search?typed_keys=true&max_concurrent_shard_requests=5&ignore_unavailable=false&expand_wildcards=open&allow_no_indices=true&ignore_throttled=true&search_type=query_then_fetch&batched_reduce_size=512&ccs_minimize_roundtrips=true] returned 2 warnings: [299 Elasticsearch-7.16.1-5b38441b16b1ebb16a27c107a4c3865776e20c53 "Elasticsearch built-in security features are not enabled. Without authentication, your cluster could be accessible to anyone. See https://www.elastic.co/guide/en/elasticsearch/reference/7.16/security-minimal-setup.html to enable security."],[299 Elasticsearch-7.16.1-5b38441b16b1ebb16a27c107a4c3865776e20c53 "[ignore_throttled] parameter is deprecated because frozen indices have been deprecated. Consider cold or frozen tiers in place of frozen indices."]
2023-08-04 12:56:05,002 INFO  [com.dot.ContainerResource] (docker-java-stream-824381349) STDOUT: 12:56:05.002  WARN  client.RestClient - request [POST http://elasticsearch:9200/cluster_51b0cac1ff.live_20230804125536/_search?typed_keys=true&max_concurrent_shard_requests=5&ignore_unavailable=false&expand_wildcards=open&allow_no_indices=true&ignore_throttled=true&search_type=query_then_fetch&batched_reduce_size=512&ccs_minimize_roundtrips=true] returned 2 warnings: [299 Elasticsearch-7.16.1-5b38441b16b1ebb16a27c107a4c3865776e20c53 "Elasticsearch built-in security features are not enabled. Without authentication, your cluster could be accessible to anyone. See https://www.elastic.co/guide/en/elasticsearch/reference/7.16/security-minimal-setup.html to enable security."],[299 Elasticsearch-7.16.1-5b38441b16b1ebb16a27c107a4c3865776e20c53 "[ignore_throttled] parameter is deprecated because frozen indices have been deprecated. Consider cold or frozen tiers in place of frozen indices."]
2023-08-04 12:56:05,006 INFO  [com.dot.ContainerResource] (docker-java-stream-824381349) STDOUT: 12:56:05.006  WARN  client.RestClient - request [POST http://elasticsearch:9200/cluster_51b0cac1ff.live_20230804125536/_search?typed_keys=true&max_concurrent_shard_requests=5&ignore_unavailable=false&expand_wildcards=open&allow_no_indices=true&ignore_throttled=true&search_type=query_then_fetch&batched_reduce_size=512&ccs_minimize_roundtrips=true] returned 2 warnings: [299 Elasticsearch-7.16.1-5b38441b16b1ebb16a27c107a4c3865776e20c53 "Elasticsearch built-in security features are not enabled. Without authentication, your cluster could be accessible to anyone. See https://www.elastic.co/guide/en/elasticsearch/reference/7.16/security-minimal-setup.html to enable security."],[299 Elasticsearch-7.16.1-5b38441b16b1ebb16a27c107a4c3865776e20c53 "[ignore_throttled] parameter is deprecated because frozen indices have been deprecated. Consider cold or frozen tiers in place of frozen indices."]
2023-08-04 12:56:05,010 INFO  [com.dot.ContainerResource] (docker-java-stream-824381349) STDOUT: 12:56:05.010  WARN  client.RestClient - request [POST http://elasticsearch:9200/cluster_51b0cac1ff.live_20230804125536/_search?typed_keys=true&max_concurrent_shard_requests=5&ignore_unavailable=false&expand_wildcards=open&allow_no_indices=true&ignore_throttled=true&search_type=query_then_fetch&batched_reduce_size=512&ccs_minimize_roundtrips=true] returned 2 warnings: [299 Elasticsearch-7.16.1-5b38441b16b1ebb16a27c107a4c3865776e20c53 "Elasticsearch built-in security features are not enabled. Without authentication, your cluster could be accessible to anyone. See https://www.elastic.co/guide/en/elasticsearch/reference/7.16/security-minimal-setup.html to enable security."],[299 Elasticsearch-7.16.1-5b38441b16b1ebb16a27c107a4c3865776e20c53 "[ignore_throttled] parameter is deprecated because frozen indices have been deprecated. Consider cold or frozen tiers in place of frozen indices."]
2023-08-04 12:56:05,014 INFO  [com.dot.ContainerResource] (docker-java-stream-824381349) STDOUT: 12:56:05.014  WARN  client.RestClient - request [POST http://elasticsearch:9200/cluster_51b0cac1ff.live_20230804125536/_search?typed_keys=true&max_concurrent_shard_requests=5&ignore_unavailable=false&expand_wildcards=open&allow_no_indices=true&ignore_throttled=true&search_type=query_then_fetch&batched_reduce_size=512&ccs_minimize_roundtrips=true] returned 2 warnings: [299 Elasticsearch-7.16.1-5b38441b16b1ebb16a27c107a4c3865776e20c53 "Elasticsearch built-in security features are not enabled. Without authentication, your cluster could be accessible to anyone. See https://www.elastic.co/guide/en/elasticsearch/reference/7.16/security-minimal-setup.html to enable security."],[299 Elasticsearch-7.16.1-5b38441b16b1ebb16a27c107a4c3865776e20c53 "[ignore_throttled] parameter is deprecated because frozen indices have been deprecated. Consider cold or frozen tiers in place of frozen indices."]
2023-08-04 12:56:05,020 INFO  [com.dot.ContainerResource] (docker-java-stream-824381349) STDOUT: 12:56:05.020  WARN  client.RestClient - request [POST http://elasticsearch:9200/cluster_51b0cac1ff.live_20230804125536/_search?typed_keys=true&max_concurrent_shard_requests=5&ignore_unavailable=false&expand_wildcards=open&allow_no_indices=true&ignore_throttled=true&search_type=query_then_fetch&batched_reduce_size=512&ccs_minimize_roundtrips=true] returned 2 warnings: [299 Elasticsearch-7.16.1-5b38441b16b1ebb16a27c107a4c3865776e20c53 "Elasticsearch built-in security features are not enabled. Without authentication, your cluster could be accessible to anyone. See https://www.elastic.co/guide/en/elasticsearch/reference/7.16/security-minimal-setup.html to enable security."],[299 Elasticsearch-7.16.1-5b38441b16b1ebb16a27c107a4c3865776e20c53 "[ignore_throttled] parameter is deprecated because frozen indices have been deprecated. Consider cold or frozen tiers in place of frozen indices."]
2023-08-04 12:56:05,025 INFO  [com.dot.ContainerResource] (docker-java-stream-824381349) STDOUT: 12:56:05.025  WARN  client.RestClient - request [POST http://elasticsearch:9200/cluster_51b0cac1ff.live_20230804125536/_search?typed_keys=true&max_concurrent_shard_requests=5&ignore_unavailable=false&expand_wildcards=open&allow_no_indices=true&ignore_throttled=true&search_type=query_then_fetch&batched_reduce_size=512&ccs_minimize_roundtrips=true] returned 2 warnings: [299 Elasticsearch-7.16.1-5b38441b16b1ebb16a27c107a4c3865776e20c53 "Elasticsearch built-in security features are not enabled. Without authentication, your cluster could be accessible to anyone. See https://www.elastic.co/guide/en/elasticsearch/reference/7.16/security-minimal-setup.html to enable security."],[299 Elasticsearch-7.16.1-5b38441b16b1ebb16a27c107a4c3865776e20c53 "[ignore_throttled] parameter is deprecated because frozen indices have been deprecated. Consider cold or frozen tiers in place of frozen indices."]
2023-08-04 12:56:05,030 INFO  [com.dot.ContainerResource] (docker-java-stream-824381349) STDOUT: 12:56:05.029  WARN  client.RestClient - request [POST http://elasticsearch:9200/cluster_51b0cac1ff.live_20230804125536/_search?typed_keys=true&max_concurrent_shard_requests=5&ignore_unavailable=false&expand_wildcards=open&allow_no_indices=true&ignore_throttled=true&search_type=query_then_fetch&batched_reduce_size=512&ccs_minimize_roundtrips=true] returned 2 warnings: [299 Elasticsearch-7.16.1-5b38441b16b1ebb16a27c107a4c3865776e20c53 "Elasticsearch built-in security features are not enabled. Without authentication, your cluster could be accessible to anyone. See https://www.elastic.co/guide/en/elasticsearch/reference/7.16/security-minimal-setup.html to enable security."],[299 Elasticsearch-7.16.1-5b38441b16b1ebb16a27c107a4c3865776e20c53 "[ignore_throttled] parameter is deprecated because frozen indices have been deprecated. Consider cold or frozen tiers in place of frozen indices."]
2023-08-04 12:56:05,033 INFO  [com.dot.ContainerResource] (docker-java-stream-824381349) STDOUT: 12:56:05.033  WARN  client.RestClient - request [POST http://elasticsearch:9200/cluster_51b0cac1ff.live_20230804125536/_search?typed_keys=true&max_concurrent_shard_requests=5&ignore_unavailable=false&expand_wildcards=open&allow_no_indices=true&ignore_throttled=true&search_type=query_then_fetch&batched_reduce_size=512&ccs_minimize_roundtrips=true] returned 2 warnings: [299 Elasticsearch-7.16.1-5b38441b16b1ebb16a27c107a4c3865776e20c53 "Elasticsearch built-in security features are not enabled. Without authentication, your cluster could be accessible to anyone. See https://www.elastic.co/guide/en/elasticsearch/reference/7.16/security-minimal-setup.html to enable security."],[299 Elasticsearch-7.16.1-5b38441b16b1ebb16a27c107a4c3865776e20c53 "[ignore_throttled] parameter is deprecated because frozen indices have been deprecated. Consider cold or frozen tiers in place of frozen indices."]
2023-08-04 12:56:05,037 INFO  [com.dot.ContainerResource] (docker-java-stream-824381349) STDOUT: 12:56:05.036  WARN  client.RestClient - request [POST http://elasticsearch:9200/cluster_51b0cac1ff.live_20230804125536/_search?typed_keys=true&max_concurrent_shard_requests=5&ignore_unavailable=false&expand_wildcards=open&allow_no_indices=true&ignore_throttled=true&search_type=query_then_fetch&batched_reduce_size=512&ccs_minimize_roundtrips=true] returned 2 warnings: [299 Elasticsearch-7.16.1-5b38441b16b1ebb16a27c107a4c3865776e20c53 "Elasticsearch built-in security features are not enabled. Without authentication, your cluster could be accessible to anyone. See https://www.elastic.co/guide/en/elasticsearch/reference/7.16/security-minimal-setup.html to enable security."],[299 Elasticsearch-7.16.1-5b38441b16b1ebb16a27c107a4c3865776e20c53 "[ignore_throttled] parameter is deprecated because frozen indices have been deprecated. Consider cold or frozen tiers in place of frozen indices."]
2023-08-04 12:56:05,040 INFO  [com.dot.ContainerResource] (docker-java-stream-824381349) STDOUT: 12:56:05.039  WARN  client.RestClient - request [POST http://elasticsearch:9200/cluster_51b0cac1ff.live_20230804125536/_search?typed_keys=true&max_concurrent_shard_requests=5&ignore_unavailable=false&expand_wildcards=open&allow_no_indices=true&ignore_throttled=true&search_type=query_then_fetch&batched_reduce_size=512&ccs_minimize_roundtrips=true] returned 2 warnings: [299 Elasticsearch-7.16.1-5b38441b16b1ebb16a27c107a4c3865776e20c53 "Elasticsearch built-in security features are not enabled. Without authentication, your cluster could be accessible to anyone. See https://www.elastic.co/guide/en/elasticsearch/reference/7.16/security-minimal-setup.html to enable security."],[299 Elasticsearch-7.16.1-5b38441b16b1ebb16a27c107a4c3865776e20c53 "[ignore_throttled] parameter is deprecated because frozen indices have been deprecated. Consider cold or frozen tiers in place of frozen indices."]
2023-08-04 12:56:05,043 INFO  [com.dot.ContainerResource] (docker-java-stream-824381349) STDOUT: 12:56:05.043  WARN  client.RestClient - request [POST http://elasticsearch:9200/cluster_51b0cac1ff.live_20230804125536/_search?typed_keys=true&max_concurrent_shard_requests=5&ignore_unavailable=false&expand_wildcards=open&allow_no_indices=true&ignore_throttled=true&search_type=query_then_fetch&batched_reduce_size=512&ccs_minimize_roundtrips=true] returned 2 warnings: [299 Elasticsearch-7.16.1-5b38441b16b1ebb16a27c107a4c3865776e20c53 "Elasticsearch built-in security features are not enabled. Without authentication, your cluster could be accessible to anyone. See https://www.elastic.co/guide/en/elasticsearch/reference/7.16/security-minimal-setup.html to enable security."],[299 Elasticsearch-7.16.1-5b38441b16b1ebb16a27c107a4c3865776e20c53 "[ignore_throttled] parameter is deprecated because frozen indices have been deprecated. Consider cold or frozen tiers in place of frozen indices."]
2023-08-04 12:56:05,047 INFO  [com.dot.ContainerResource] (docker-java-stream-824381349) STDOUT: 12:56:05.046  WARN  client.RestClient - request [POST http://elasticsearch:9200/cluster_51b0cac1ff.live_20230804125536/_search?typed_keys=true&max_concurrent_shard_requests=5&ignore_unavailable=false&expand_wildcards=open&allow_no_indices=true&ignore_throttled=true&search_type=query_then_fetch&batched_reduce_size=512&ccs_minimize_roundtrips=true] returned 2 warnings: [299 Elasticsearch-7.16.1-5b38441b16b1ebb16a27c107a4c3865776e20c53 "Elasticsearch built-in security features are not enabled. Without authentication, your cluster could be accessible to anyone. See https://www.elastic.co/guide/en/elasticsearch/reference/7.16/security-minimal-setup.html to enable security."],[299 Elasticsearch-7.16.1-5b38441b16b1ebb16a27c107a4c3865776e20c53 "[ignore_throttled] parameter is deprecated because frozen indices have been deprecated. Consider cold or frozen tiers in place of frozen indices."]
2023-08-04 12:56:05,050 INFO  [com.dot.ContainerResource] (docker-java-stream-824381349) STDOUT: 12:56:05.050  WARN  client.RestClient - request [POST http://elasticsearch:9200/cluster_51b0cac1ff.live_20230804125536/_search?typed_keys=true&max_concurrent_shard_requests=5&ignore_unavailable=false&expand_wildcards=open&allow_no_indices=true&ignore_throttled=true&search_type=query_then_fetch&batched_reduce_size=512&ccs_minimize_roundtrips=true] returned 2 warnings: [299 Elasticsearch-7.16.1-5b38441b16b1ebb16a27c107a4c3865776e20c53 "Elasticsearch built-in security features are not enabled. Without authentication, your cluster could be accessible to anyone. See https://www.elastic.co/guide/en/elasticsearch/reference/7.16/security-minimal-setup.html to enable security."],[299 Elasticsearch-7.16.1-5b38441b16b1ebb16a27c107a4c3865776e20c53 "[ignore_throttled] parameter is deprecated because frozen indices have been deprecated. Consider cold or frozen tiers in place of frozen indices."]
2023-08-04 12:56:05,053 INFO  [com.dot.ContainerResource] (docker-java-stream-824381349) STDOUT: 12:56:05.053  WARN  client.RestClient - request [POST http://elasticsearch:9200/cluster_51b0cac1ff.live_20230804125536/_search?typed_keys=true&max_concurrent_shard_requests=5&ignore_unavailable=false&expand_wildcards=open&allow_no_indices=true&ignore_throttled=true&search_type=query_then_fetch&batched_reduce_size=512&ccs_minimize_roundtrips=true] returned 2 warnings: [299 Elasticsearch-7.16.1-5b38441b16b1ebb16a27c107a4c3865776e20c53 "Elasticsearch built-in security features are not enabled. Without authentication, your cluster could be accessible to anyone. See https://www.elastic.co/guide/en/elasticsearch/reference/7.16/security-minimal-setup.html to enable security."],[299 Elasticsearch-7.16.1-5b38441b16b1ebb16a27c107a4c3865776e20c53 "[ignore_throttled] parameter is deprecated because frozen indices have been deprecated. Consider cold or frozen tiers in place of frozen indices."]
2023-08-04 12:56:05,057 INFO  [com.dot.ContainerResource] (docker-java-stream-824381349) STDOUT: 12:56:05.056  WARN  client.RestClient - request [POST http://elasticsearch:9200/cluster_51b0cac1ff.live_20230804125536/_search?typed_keys=true&max_concurrent_shard_requests=5&ignore_unavailable=false&expand_wildcards=open&allow_no_indices=true&ignore_throttled=true&search_type=query_then_fetch&batched_reduce_size=512&ccs_minimize_roundtrips=true] returned 2 warnings: [299 Elasticsearch-7.16.1-5b38441b16b1ebb16a27c107a4c3865776e20c53 "Elasticsearch built-in security features are not enabled. Without authentication, your cluster could be accessible to anyone. See https://www.elastic.co/guide/en/elasticsearch/reference/7.16/security-minimal-setup.html to enable security."],[299 Elasticsearch-7.16.1-5b38441b16b1ebb16a27c107a4c3865776e20c53 "[ignore_throttled] parameter is deprecated because frozen indices have been deprecated. Consider cold or frozen tiers in place of frozen indices."]
2023-08-04 12:56:05,062 INFO  [com.dot.ContainerResource] (docker-java-stream-824381349) STDOUT: 12:56:05.062  WARN  client.RestClient - request [POST http://elasticsearch:9200/cluster_51b0cac1ff.live_20230804125536/_search?typed_keys=true&max_concurrent_shard_requests=5&ignore_unavailable=false&expand_wildcards=open&allow_no_indices=true&ignore_throttled=true&search_type=query_then_fetch&batched_reduce_size=512&ccs_minimize_roundtrips=true] returned 2 warnings: [299 Elasticsearch-7.16.1-5b38441b16b1ebb16a27c107a4c3865776e20c53 "Elasticsearch built-in security features are not enabled. Without authentication, your cluster could be accessible to anyone. See https://www.elastic.co/guide/en/elasticsearch/reference/7.16/security-minimal-setup.html to enable security."],[299 Elasticsearch-7.16.1-5b38441b16b1ebb16a27c107a4c3865776e20c53 "[ignore_throttled] parameter is deprecated because frozen indices have been deprecated. Consider cold or frozen tiers in place of frozen indices."]
2023-08-04 12:56:05,067 INFO  [com.dot.ContainerResource] (docker-java-stream-824381349) STDOUT: 12:56:05.066  WARN  client.RestClient - request [POST http://elasticsearch:9200/cluster_51b0cac1ff.live_20230804125536/_search?typed_keys=true&max_concurrent_shard_requests=5&ignore_unavailable=false&expand_wildcards=open&allow_no_indices=true&ignore_throttled=true&search_type=query_then_fetch&batched_reduce_size=512&ccs_minimize_roundtrips=true] returned 2 warnings: [299 Elasticsearch-7.16.1-5b38441b16b1ebb16a27c107a4c3865776e20c53 "Elasticsearch built-in security features are not enabled. Without authentication, your cluster could be accessible to anyone. See https://www.elastic.co/guide/en/elasticsearch/reference/7.16/security-minimal-setup.html to enable security."],[299 Elasticsearch-7.16.1-5b38441b16b1ebb16a27c107a4c3865776e20c53 "[ignore_throttled] parameter is deprecated because frozen indices have been deprecated. Consider cold or frozen tiers in place of frozen indices."]
2023-08-04 12:56:05,070 INFO  [com.dot.ContainerResource] (docker-java-stream-824381349) STDOUT: 12:56:05.070  WARN  client.RestClient - request [POST http://elasticsearch:9200/cluster_51b0cac1ff.live_20230804125536/_search?typed_keys=true&max_concurrent_shard_requests=5&ignore_unavailable=false&expand_wildcards=open&allow_no_indices=true&ignore_throttled=true&search_type=query_then_fetch&batched_reduce_size=512&ccs_minimize_roundtrips=true] returned 2 warnings: [299 Elasticsearch-7.16.1-5b38441b16b1ebb16a27c107a4c3865776e20c53 "Elasticsearch built-in security features are not enabled. Without authentication, your cluster could be accessible to anyone. See https://www.elastic.co/guide/en/elasticsearch/reference/7.16/security-minimal-setup.html to enable security."],[299 Elasticsearch-7.16.1-5b38441b16b1ebb16a27c107a4c3865776e20c53 "[ignore_throttled] parameter is deprecated because frozen indices have been deprecated. Consider cold or frozen tiers in place of frozen indices."]
2023-08-04 12:56:05,083 INFO  [com.dot.ContainerResource] (docker-java-stream-824381349) STDOUT: 12:56:05.083  WARN  client.RestClient - request [POST http://elasticsearch:9200/cluster_51b0cac1ff.live_20230804125536/_search?typed_keys=true&max_concurrent_shard_requests=5&ignore_unavailable=false&expand_wildcards=open&allow_no_indices=true&ignore_throttled=true&search_type=query_then_fetch&batched_reduce_size=512&ccs_minimize_roundtrips=true] returned 2 warnings: [299 Elasticsearch-7.16.1-5b38441b16b1ebb16a27c107a4c3865776e20c53 "Elasticsearch built-in security features are not enabled. Without authentication, your cluster could be accessible to anyone. See https://www.elastic.co/guide/en/elasticsearch/reference/7.16/security-minimal-setup.html to enable security."],[299 Elasticsearch-7.16.1-5b38441b16b1ebb16a27c107a4c3865776e20c53 "[ignore_throttled] parameter is deprecated because frozen indices have been deprecated. Consider cold or frozen tiers in place of frozen indices."]
2023-08-04 12:56:05,186 INFO  [com.dot.ContainerResource] (docker-java-stream-824381349) STDOUT: 12:56:05.185  WARN  client.RestClient - request [POST http://elasticsearch:9200/cluster_51b0cac1ff.live_20230804125536/_search?typed_keys=true&max_concurrent_shard_requests=5&ignore_unavailable=false&expand_wildcards=open&allow_no_indices=true&ignore_throttled=true&search_type=query_then_fetch&batched_reduce_size=512&ccs_minimize_roundtrips=true] returned 2 warnings: [299 Elasticsearch-7.16.1-5b38441b16b1ebb16a27c107a4c3865776e20c53 "Elasticsearch built-in security features are not enabled. Without authentication, your cluster could be accessible to anyone. See https://www.elastic.co/guide/en/elasticsearch/reference/7.16/security-minimal-setup.html to enable security."],[299 Elasticsearch-7.16.1-5b38441b16b1ebb16a27c107a4c3865776e20c53 "[ignore_throttled] parameter is deprecated because frozen indices have been deprecated. Consider cold or frozen tiers in place of frozen indices."]
2023-08-04 12:56:05,190 INFO  [com.dot.ContainerResource] (docker-java-stream-824381349) STDOUT: 12:56:05.189  WARN  client.RestClient - request [POST http://elasticsearch:9200/cluster_51b0cac1ff.live_20230804125536/_search?typed_keys=true&max_concurrent_shard_requests=5&ignore_unavailable=false&expand_wildcards=open&allow_no_indices=true&ignore_throttled=true&search_type=query_then_fetch&batched_reduce_size=512&ccs_minimize_roundtrips=true] returned 2 warnings: [299 Elasticsearch-7.16.1-5b38441b16b1ebb16a27c107a4c3865776e20c53 "Elasticsearch built-in security features are not enabled. Without authentication, your cluster could be accessible to anyone. See https://www.elastic.co/guide/en/elasticsearch/reference/7.16/security-minimal-setup.html to enable security."],[299 Elasticsearch-7.16.1-5b38441b16b1ebb16a27c107a4c3865776e20c53 "[ignore_throttled] parameter is deprecated because frozen indices have been deprecated. Consider cold or frozen tiers in place of frozen indices."]
2023-08-04 12:56:05,193 INFO  [com.dot.ContainerResource] (docker-java-stream-824381349) STDOUT: 12:56:05.193  WARN  client.RestClient - request [POST http://elasticsearch:9200/cluster_51b0cac1ff.live_20230804125536/_search?typed_keys=true&max_concurrent_shard_requests=5&ignore_unavailable=false&expand_wildcards=open&allow_no_indices=true&ignore_throttled=true&search_type=query_then_fetch&batched_reduce_size=512&ccs_minimize_roundtrips=true] returned 2 warnings: [299 Elasticsearch-7.16.1-5b38441b16b1ebb16a27c107a4c3865776e20c53 "Elasticsearch built-in security features are not enabled. Without authentication, your cluster could be accessible to anyone. See https://www.elastic.co/guide/en/elasticsearch/reference/7.16/security-minimal-setup.html to enable security."],[299 Elasticsearch-7.16.1-5b38441b16b1ebb16a27c107a4c3865776e20c53 "[ignore_throttled] parameter is deprecated because frozen indices have been deprecated. Consider cold or frozen tiers in place of frozen indices."]
2023-08-04 12:56:05,197 INFO  [com.dot.ContainerResource] (docker-java-stream-824381349) STDOUT: 12:56:05.197  WARN  client.RestClient - request [POST http://elasticsearch:9200/cluster_51b0cac1ff.live_20230804125536/_search?typed_keys=true&max_concurrent_shard_requests=5&ignore_unavailable=false&expand_wildcards=open&allow_no_indices=true&ignore_throttled=true&search_type=query_then_fetch&batched_reduce_size=512&ccs_minimize_roundtrips=true] returned 2 warnings: [299 Elasticsearch-7.16.1-5b38441b16b1ebb16a27c107a4c3865776e20c53 "Elasticsearch built-in security features are not enabled. Without authentication, your cluster could be accessible to anyone. See https://www.elastic.co/guide/en/elasticsearch/reference/7.16/security-minimal-setup.html to enable security."],[299 Elasticsearch-7.16.1-5b38441b16b1ebb16a27c107a4c3865776e20c53 "[ignore_throttled] parameter is deprecated because frozen indices have been deprecated. Consider cold or frozen tiers in place of frozen indices."]
2023-08-04 12:56:05,200 INFO  [com.dot.ContainerResource] (docker-java-stream-824381349) STDOUT: 12:56:05.200  WARN  client.RestClient - request [POST http://elasticsearch:9200/cluster_51b0cac1ff.live_20230804125536/_search?typed_keys=true&max_concurrent_shard_requests=5&ignore_unavailable=false&expand_wildcards=open&allow_no_indices=true&ignore_throttled=true&search_type=query_then_fetch&batched_reduce_size=512&ccs_minimize_roundtrips=true] returned 2 warnings: [299 Elasticsearch-7.16.1-5b38441b16b1ebb16a27c107a4c3865776e20c53 "Elasticsearch built-in security features are not enabled. Without authentication, your cluster could be accessible to anyone. See https://www.elastic.co/guide/en/elasticsearch/reference/7.16/security-minimal-setup.html to enable security."],[299 Elasticsearch-7.16.1-5b38441b16b1ebb16a27c107a4c3865776e20c53 "[ignore_throttled] parameter is deprecated because frozen indices have been deprecated. Consider cold or frozen tiers in place of frozen indices."]
2023-08-04 12:56:05,203 INFO  [com.dot.ContainerResource] (docker-java-stream-824381349) STDOUT: 12:56:05.203  WARN  client.RestClient - request [POST http://elasticsearch:9200/cluster_51b0cac1ff.live_20230804125536/_search?typed_keys=true&max_concurrent_shard_requests=5&ignore_unavailable=false&expand_wildcards=open&allow_no_indices=true&ignore_throttled=true&search_type=query_then_fetch&batched_reduce_size=512&ccs_minimize_roundtrips=true] returned 2 warnings: [299 Elasticsearch-7.16.1-5b38441b16b1ebb16a27c107a4c3865776e20c53 "Elasticsearch built-in security features are not enabled. Without authentication, your cluster could be accessible to anyone. See https://www.elastic.co/guide/en/elasticsearch/reference/7.16/security-minimal-setup.html to enable security."],[299 Elasticsearch-7.16.1-5b38441b16b1ebb16a27c107a4c3865776e20c53 "[ignore_throttled] parameter is deprecated because frozen indices have been deprecated. Consider cold or frozen tiers in place of frozen indices."]
2023-08-04 12:56:05,215 INFO  [com.dot.ContainerResource] (docker-java-stream-824381349) STDOUT: 12:56:05.213  WARN  client.RestClient - request [POST http://elasticsearch:9200/cluster_51b0cac1ff.live_20230804125536/_search?typed_keys=true&max_concurrent_shard_requests=5&ignore_unavailable=false&expand_wildcards=open&allow_no_indices=true&ignore_throttled=true&search_type=query_then_fetch&batched_reduce_size=512&ccs_minimize_roundtrips=true] returned 2 warnings: [299 Elasticsearch-7.16.1-5b38441b16b1ebb16a27c107a4c3865776e20c53 "Elasticsearch built-in security features are not enabled. Without authentication, your cluster could be accessible to anyone. See https://www.elastic.co/guide/en/elasticsearch/reference/7.16/security-minimal-setup.html to enable security."],[299 Elasticsearch-7.16.1-5b38441b16b1ebb16a27c107a4c3865776e20c53 "[ignore_throttled] parameter is deprecated because frozen indices have been deprecated. Consider cold or frozen tiers in place of frozen indices."]
2023-08-04 12:56:05,221 INFO  [com.dot.ContainerResource] (docker-java-stream-824381349) STDOUT: 12:56:05.219  WARN  client.RestClient - request [POST http://elasticsearch:9200/cluster_51b0cac1ff.live_20230804125536/_search?typed_keys=true&max_concurrent_shard_requests=5&ignore_unavailable=false&expand_wildcards=open&allow_no_indices=true&ignore_throttled=true&search_type=query_then_fetch&batched_reduce_size=512&ccs_minimize_roundtrips=true] returned 2 warnings: [299 Elasticsearch-7.16.1-5b38441b16b1ebb16a27c107a4c3865776e20c53 "Elasticsearch built-in security features are not enabled. Without authentication, your cluster could be accessible to anyone. See https://www.elastic.co/guide/en/elasticsearch/reference/7.16/security-minimal-setup.html to enable security."],[299 Elasticsearch-7.16.1-5b38441b16b1ebb16a27c107a4c3865776e20c53 "[ignore_throttled] parameter is deprecated because frozen indices have been deprecated. Consider cold or frozen tiers in place of frozen indices."]
2023-08-04 12:56:05,223 INFO  [com.dot.ContainerResource] (docker-java-stream-824381349) STDOUT: 12:56:05.222  WARN  client.RestClient - request [POST http://elasticsearch:9200/cluster_51b0cac1ff.live_20230804125536/_search?typed_keys=true&max_concurrent_shard_requests=5&ignore_unavailable=false&expand_wildcards=open&allow_no_indices=true&ignore_throttled=true&search_type=query_then_fetch&batched_reduce_size=512&ccs_minimize_roundtrips=true] returned 2 warnings: [299 Elasticsearch-7.16.1-5b38441b16b1ebb16a27c107a4c3865776e20c53 "Elasticsearch built-in security features are not enabled. Without authentication, your cluster could be accessible to anyone. See https://www.elastic.co/guide/en/elasticsearch/reference/7.16/security-minimal-setup.html to enable security."],[299 Elasticsearch-7.16.1-5b38441b16b1ebb16a27c107a4c3865776e20c53 "[ignore_throttled] parameter is deprecated because frozen indices have been deprecated. Consider cold or frozen tiers in place of frozen indices."]
2023-08-04 12:56:05,231 INFO  [com.dot.ContainerResource] (docker-java-stream-824381349) STDOUT: 12:56:05.229  WARN  client.RestClient - request [POST http://elasticsearch:9200/cluster_51b0cac1ff.live_20230804125536/_search?typed_keys=true&max_concurrent_shard_requests=5&ignore_unavailable=false&expand_wildcards=open&allow_no_indices=true&ignore_throttled=true&search_type=query_then_fetch&batched_reduce_size=512&ccs_minimize_roundtrips=true] returned 2 warnings: [299 Elasticsearch-7.16.1-5b38441b16b1ebb16a27c107a4c3865776e20c53 "Elasticsearch built-in security features are not enabled. Without authentication, your cluster could be accessible to anyone. See https://www.elastic.co/guide/en/elasticsearch/reference/7.16/security-minimal-setup.html to enable security."],[299 Elasticsearch-7.16.1-5b38441b16b1ebb16a27c107a4c3865776e20c53 "[ignore_throttled] parameter is deprecated because frozen indices have been deprecated. Consider cold or frozen tiers in place of frozen indices."]
2023-08-04 12:56:05,232 INFO  [com.dot.ContainerResource] (docker-java-stream-824381349) STDOUT: 12:56:05.231  WARN  client.RestClient - request [POST http://elasticsearch:9200/cluster_51b0cac1ff.live_20230804125536/_search?typed_keys=true&max_concurrent_shard_requests=5&ignore_unavailable=false&expand_wildcards=open&allow_no_indices=true&ignore_throttled=true&search_type=query_then_fetch&batched_reduce_size=512&ccs_minimize_roundtrips=true] returned 2 warnings: [299 Elasticsearch-7.16.1-5b38441b16b1ebb16a27c107a4c3865776e20c53 "Elasticsearch built-in security features are not enabled. Without authentication, your cluster could be accessible to anyone. See https://www.elastic.co/guide/en/elasticsearch/reference/7.16/security-minimal-setup.html to enable security."],[299 Elasticsearch-7.16.1-5b38441b16b1ebb16a27c107a4c3865776e20c53 "[ignore_throttled] parameter is deprecated because frozen indices have been deprecated. Consider cold or frozen tiers in place of frozen indices."]
2023-08-04 12:56:05,236 INFO  [com.dot.ContainerResource] (docker-java-stream-824381349) STDOUT: 12:56:05.235  WARN  client.RestClient - request [POST http://elasticsearch:9200/cluster_51b0cac1ff.live_20230804125536/_search?typed_keys=true&max_concurrent_shard_requests=5&ignore_unavailable=false&expand_wildcards=open&allow_no_indices=true&ignore_throttled=true&search_type=query_then_fetch&batched_reduce_size=512&ccs_minimize_roundtrips=true] returned 2 warnings: [299 Elasticsearch-7.16.1-5b38441b16b1ebb16a27c107a4c3865776e20c53 "Elasticsearch built-in security features are not enabled. Without authentication, your cluster could be accessible to anyone. See https://www.elastic.co/guide/en/elasticsearch/reference/7.16/security-minimal-setup.html to enable security."],[299 Elasticsearch-7.16.1-5b38441b16b1ebb16a27c107a4c3865776e20c53 "[ignore_throttled] parameter is deprecated because frozen indices have been deprecated. Consider cold or frozen tiers in place of frozen indices."]
2023-08-04 12:56:05,243 INFO  [com.dot.ContainerResource] (docker-java-stream-824381349) STDOUT: 12:56:05.243  WARN  client.RestClient - request [POST http://elasticsearch:9200/cluster_51b0cac1ff.live_20230804125536/_search?typed_keys=true&max_concurrent_shard_requests=5&ignore_unavailable=false&expand_wildcards=open&allow_no_indices=true&ignore_throttled=true&search_type=query_then_fetch&batched_reduce_size=512&ccs_minimize_roundtrips=true] returned 2 warnings: [299 Elasticsearch-7.16.1-5b38441b16b1ebb16a27c107a4c3865776e20c53 "Elasticsearch built-in security features are not enabled. Without authentication, your cluster could be accessible to anyone. See https://www.elastic.co/guide/en/elasticsearch/reference/7.16/security-minimal-setup.html to enable security."],[299 Elasticsearch-7.16.1-5b38441b16b1ebb16a27c107a4c3865776e20c53 "[ignore_throttled] parameter is deprecated because frozen indices have been deprecated. Consider cold or frozen tiers in place of frozen indices."]
2023-08-04 12:56:05,247 INFO  [com.dot.ContainerResource] (docker-java-stream-824381349) STDOUT: 12:56:05.247  WARN  client.RestClient - request [POST http://elasticsearch:9200/cluster_51b0cac1ff.live_20230804125536/_search?typed_keys=true&max_concurrent_shard_requests=5&ignore_unavailable=false&expand_wildcards=open&allow_no_indices=true&ignore_throttled=true&search_type=query_then_fetch&batched_reduce_size=512&ccs_minimize_roundtrips=true] returned 2 warnings: [299 Elasticsearch-7.16.1-5b38441b16b1ebb16a27c107a4c3865776e20c53 "Elasticsearch built-in security features are not enabled. Without authentication, your cluster could be accessible to anyone. See https://www.elastic.co/guide/en/elasticsearch/reference/7.16/security-minimal-setup.html to enable security."],[299 Elasticsearch-7.16.1-5b38441b16b1ebb16a27c107a4c3865776e20c53 "[ignore_throttled] parameter is deprecated because frozen indices have been deprecated. Consider cold or frozen tiers in place of frozen indices."]
2023-08-04 12:56:05,257 INFO  [com.dot.ContainerResource] (docker-java-stream-824381349) STDOUT: 12:56:05.257  WARN  client.RestClient - request [POST http://elasticsearch:9200/cluster_51b0cac1ff.live_20230804125536/_search?typed_keys=true&max_concurrent_shard_requests=5&ignore_unavailable=false&expand_wildcards=open&allow_no_indices=true&ignore_throttled=true&search_type=query_then_fetch&batched_reduce_size=512&ccs_minimize_roundtrips=true] returned 2 warnings: [299 Elasticsearch-7.16.1-5b38441b16b1ebb16a27c107a4c3865776e20c53 "Elasticsearch built-in security features are not enabled. Without authentication, your cluster could be accessible to anyone. See https://www.elastic.co/guide/en/elasticsearch/reference/7.16/security-minimal-setup.html to enable security."],[299 Elasticsearch-7.16.1-5b38441b16b1ebb16a27c107a4c3865776e20c53 "[ignore_throttled] parameter is deprecated because frozen indices have been deprecated. Consider cold or frozen tiers in place of frozen indices."]
2023-08-04 12:56:05,268 INFO  [com.dot.ContainerResource] (docker-java-stream-824381349) STDOUT: 12:56:05.267  WARN  client.RestClient - request [POST http://elasticsearch:9200/cluster_51b0cac1ff.live_20230804125536/_search?typed_keys=true&max_concurrent_shard_requests=5&ignore_unavailable=false&expand_wildcards=open&allow_no_indices=true&ignore_throttled=true&search_type=query_then_fetch&batched_reduce_size=512&ccs_minimize_roundtrips=true] returned 2 warnings: [299 Elasticsearch-7.16.1-5b38441b16b1ebb16a27c107a4c3865776e20c53 "Elasticsearch built-in security features are not enabled. Without authentication, your cluster could be accessible to anyone. See https://www.elastic.co/guide/en/elasticsearch/reference/7.16/security-minimal-setup.html to enable security."],[299 Elasticsearch-7.16.1-5b38441b16b1ebb16a27c107a4c3865776e20c53 "[ignore_throttled] parameter is deprecated because frozen indices have been deprecated. Consider cold or frozen tiers in place of frozen indices."]
2023-08-04 12:56:05,273 INFO  [com.dot.ContainerResource] (docker-java-stream-824381349) STDOUT: 12:56:05.272  WARN  client.RestClient - request [POST http://elasticsearch:9200/cluster_51b0cac1ff.live_20230804125536/_search?typed_keys=true&max_concurrent_shard_requests=5&ignore_unavailable=false&expand_wildcards=open&allow_no_indices=true&ignore_throttled=true&search_type=query_then_fetch&batched_reduce_size=512&ccs_minimize_roundtrips=true] returned 2 warnings: [299 Elasticsearch-7.16.1-5b38441b16b1ebb16a27c107a4c3865776e20c53 "Elasticsearch built-in security features are not enabled. Without authentication, your cluster could be accessible to anyone. See https://www.elastic.co/guide/en/elasticsearch/reference/7.16/security-minimal-setup.html to enable security."],[299 Elasticsearch-7.16.1-5b38441b16b1ebb16a27c107a4c3865776e20c53 "[ignore_throttled] parameter is deprecated because frozen indices have been deprecated. Consider cold or frozen tiers in place of frozen indices."]
2023-08-04 12:56:05,278 INFO  [com.dot.ContainerResource] (docker-java-stream-824381349) STDOUT: 12:56:05.277  WARN  client.RestClient - request [POST http://elasticsearch:9200/cluster_51b0cac1ff.live_20230804125536/_search?typed_keys=true&max_concurrent_shard_requests=5&ignore_unavailable=false&expand_wildcards=open&allow_no_indices=true&ignore_throttled=true&search_type=query_then_fetch&batched_reduce_size=512&ccs_minimize_roundtrips=true] returned 2 warnings: [299 Elasticsearch-7.16.1-5b38441b16b1ebb16a27c107a4c3865776e20c53 "Elasticsearch built-in security features are not enabled. Without authentication, your cluster could be accessible to anyone. See https://www.elastic.co/guide/en/elasticsearch/reference/7.16/security-minimal-setup.html to enable security."],[299 Elasticsearch-7.16.1-5b38441b16b1ebb16a27c107a4c3865776e20c53 "[ignore_throttled] parameter is deprecated because frozen indices have been deprecated. Consider cold or frozen tiers in place of frozen indices."]
2023-08-04 12:56:05,285 INFO  [com.dot.ContainerResource] (docker-java-stream-824381349) STDOUT: 12:56:05.285  WARN  client.RestClient - request [POST http://elasticsearch:9200/cluster_51b0cac1ff.live_20230804125536/_search?typed_keys=true&max_concurrent_shard_requests=5&ignore_unavailable=false&expand_wildcards=open&allow_no_indices=true&ignore_throttled=true&search_type=query_then_fetch&batched_reduce_size=512&ccs_minimize_roundtrips=true] returned 2 warnings: [299 Elasticsearch-7.16.1-5b38441b16b1ebb16a27c107a4c3865776e20c53 "Elasticsearch built-in security features are not enabled. Without authentication, your cluster could be accessible to anyone. See https://www.elastic.co/guide/en/elasticsearch/reference/7.16/security-minimal-setup.html to enable security."],[299 Elasticsearch-7.16.1-5b38441b16b1ebb16a27c107a4c3865776e20c53 "[ignore_throttled] parameter is deprecated because frozen indices have been deprecated. Consider cold or frozen tiers in place of frozen indices."]
2023-08-04 12:56:05,289 INFO  [com.dot.ContainerResource] (docker-java-stream-824381349) STDOUT: 12:56:05.288  WARN  client.RestClient - request [POST http://elasticsearch:9200/cluster_51b0cac1ff.live_20230804125536/_search?typed_keys=true&max_concurrent_shard_requests=5&ignore_unavailable=false&expand_wildcards=open&allow_no_indices=true&ignore_throttled=true&search_type=query_then_fetch&batched_reduce_size=512&ccs_minimize_roundtrips=true] returned 2 warnings: [299 Elasticsearch-7.16.1-5b38441b16b1ebb16a27c107a4c3865776e20c53 "Elasticsearch built-in security features are not enabled. Without authentication, your cluster could be accessible to anyone. See https://www.elastic.co/guide/en/elasticsearch/reference/7.16/security-minimal-setup.html to enable security."],[299 Elasticsearch-7.16.1-5b38441b16b1ebb16a27c107a4c3865776e20c53 "[ignore_throttled] parameter is deprecated because frozen indices have been deprecated. Consider cold or frozen tiers in place of frozen indices."]
2023-08-04 12:56:05,295 INFO  [com.dot.ContainerResource] (docker-java-stream-824381349) STDOUT: 12:56:05.294  WARN  client.RestClient - request [POST http://elasticsearch:9200/cluster_51b0cac1ff.live_20230804125536/_search?typed_keys=true&max_concurrent_shard_requests=5&ignore_unavailable=false&expand_wildcards=open&allow_no_indices=true&ignore_throttled=true&search_type=query_then_fetch&batched_reduce_size=512&ccs_minimize_roundtrips=true] returned 2 warnings: [299 Elasticsearch-7.16.1-5b38441b16b1ebb16a27c107a4c3865776e20c53 "Elasticsearch built-in security features are not enabled. Without authentication, your cluster could be accessible to anyone. See https://www.elastic.co/guide/en/elasticsearch/reference/7.16/security-minimal-setup.html to enable security."],[299 Elasticsearch-7.16.1-5b38441b16b1ebb16a27c107a4c3865776e20c53 "[ignore_throttled] parameter is deprecated because frozen indices have been deprecated. Consider cold or frozen tiers in place of frozen indices."]
2023-08-04 12:56:05,299 INFO  [com.dot.ContainerResource] (docker-java-stream-824381349) STDOUT: 12:56:05.298  WARN  client.RestClient - request [POST http://elasticsearch:9200/cluster_51b0cac1ff.live_20230804125536/_search?typed_keys=true&max_concurrent_shard_requests=5&ignore_unavailable=false&expand_wildcards=open&allow_no_indices=true&ignore_throttled=true&search_type=query_then_fetch&batched_reduce_size=512&ccs_minimize_roundtrips=true] returned 2 warnings: [299 Elasticsearch-7.16.1-5b38441b16b1ebb16a27c107a4c3865776e20c53 "Elasticsearch built-in security features are not enabled. Without authentication, your cluster could be accessible to anyone. See https://www.elastic.co/guide/en/elasticsearch/reference/7.16/security-minimal-setup.html to enable security."],[299 Elasticsearch-7.16.1-5b38441b16b1ebb16a27c107a4c3865776e20c53 "[ignore_throttled] parameter is deprecated because frozen indices have been deprecated. Consider cold or frozen tiers in place of frozen indices."]
2023-08-04 12:56:05,303 INFO  [com.dot.ContainerResource] (docker-java-stream-824381349) STDOUT: 12:56:05.303  WARN  client.RestClient - request [POST http://elasticsearch:9200/cluster_51b0cac1ff.live_20230804125536/_search?typed_keys=true&max_concurrent_shard_requests=5&ignore_unavailable=false&expand_wildcards=open&allow_no_indices=true&ignore_throttled=true&search_type=query_then_fetch&batched_reduce_size=512&ccs_minimize_roundtrips=true] returned 2 warnings: [299 Elasticsearch-7.16.1-5b38441b16b1ebb16a27c107a4c3865776e20c53 "Elasticsearch built-in security features are not enabled. Without authentication, your cluster could be accessible to anyone. See https://www.elastic.co/guide/en/elasticsearch/reference/7.16/security-minimal-setup.html to enable security."],[299 Elasticsearch-7.16.1-5b38441b16b1ebb16a27c107a4c3865776e20c53 "[ignore_throttled] parameter is deprecated because frozen indices have been deprecated. Consider cold or frozen tiers in place of frozen indices."]
2023-08-04 12:56:05,308 INFO  [com.dot.ContainerResource] (docker-java-stream-824381349) STDOUT: 12:56:05.308  WARN  client.RestClient - request [POST http://elasticsearch:9200/cluster_51b0cac1ff.live_20230804125536/_search?typed_keys=true&max_concurrent_shard_requests=5&ignore_unavailable=false&expand_wildcards=open&allow_no_indices=true&ignore_throttled=true&search_type=query_then_fetch&batched_reduce_size=512&ccs_minimize_roundtrips=true] returned 2 warnings: [299 Elasticsearch-7.16.1-5b38441b16b1ebb16a27c107a4c3865776e20c53 "Elasticsearch built-in security features are not enabled. Without authentication, your cluster could be accessible to anyone. See https://www.elastic.co/guide/en/elasticsearch/reference/7.16/security-minimal-setup.html to enable security."],[299 Elasticsearch-7.16.1-5b38441b16b1ebb16a27c107a4c3865776e20c53 "[ignore_throttled] parameter is deprecated because frozen indices have been deprecated. Consider cold or frozen tiers in place of frozen indices."]
2023-08-04 12:56:05,311 INFO  [com.dot.ContainerResource] (docker-java-stream-824381349) STDOUT: 12:56:05.311  WARN  client.RestClient - request [POST http://elasticsearch:9200/cluster_51b0cac1ff.live_20230804125536/_search?typed_keys=true&max_concurrent_shard_requests=5&ignore_unavailable=false&expand_wildcards=open&allow_no_indices=true&ignore_throttled=true&search_type=query_then_fetch&batched_reduce_size=512&ccs_minimize_roundtrips=true] returned 2 warnings: [299 Elasticsearch-7.16.1-5b38441b16b1ebb16a27c107a4c3865776e20c53 "Elasticsearch built-in security features are not enabled. Without authentication, your cluster could be accessible to anyone. See https://www.elastic.co/guide/en/elasticsearch/reference/7.16/security-minimal-setup.html to enable security."],[299 Elasticsearch-7.16.1-5b38441b16b1ebb16a27c107a4c3865776e20c53 "[ignore_throttled] parameter is deprecated because frozen indices have been deprecated. Consider cold or frozen tiers in place of frozen indices."]
2023-08-04 12:56:05,320 INFO  [com.dot.ContainerResource] (docker-java-stream-824381349) STDOUT: 12:56:05.320  WARN  client.RestClient - request [POST http://elasticsearch:9200/cluster_51b0cac1ff.live_20230804125536/_search?typed_keys=true&max_concurrent_shard_requests=5&ignore_unavailable=false&expand_wildcards=open&allow_no_indices=true&ignore_throttled=true&search_type=query_then_fetch&batched_reduce_size=512&ccs_minimize_roundtrips=true] returned 2 warnings: [299 Elasticsearch-7.16.1-5b38441b16b1ebb16a27c107a4c3865776e20c53 "Elasticsearch built-in security features are not enabled. Without authentication, your cluster could be accessible to anyone. See https://www.elastic.co/guide/en/elasticsearch/reference/7.16/security-minimal-setup.html to enable security."],[299 Elasticsearch-7.16.1-5b38441b16b1ebb16a27c107a4c3865776e20c53 "[ignore_throttled] parameter is deprecated because frozen indices have been deprecated. Consider cold or frozen tiers in place of frozen indices."]
2023-08-04 12:56:05,324 INFO  [com.dot.ContainerResource] (docker-java-stream-824381349) STDOUT: 12:56:05.324  WARN  client.RestClient - request [POST http://elasticsearch:9200/cluster_51b0cac1ff.live_20230804125536/_search?typed_keys=true&max_concurrent_shard_requests=5&ignore_unavailable=false&expand_wildcards=open&allow_no_indices=true&ignore_throttled=true&search_type=query_then_fetch&batched_reduce_size=512&ccs_minimize_roundtrips=true] returned 2 warnings: [299 Elasticsearch-7.16.1-5b38441b16b1ebb16a27c107a4c3865776e20c53 "Elasticsearch built-in security features are not enabled. Without authentication, your cluster could be accessible to anyone. See https://www.elastic.co/guide/en/elasticsearch/reference/7.16/security-minimal-setup.html to enable security."],[299 Elasticsearch-7.16.1-5b38441b16b1ebb16a27c107a4c3865776e20c53 "[ignore_throttled] parameter is deprecated because frozen indices have been deprecated. Consider cold or frozen tiers in place of frozen indices."]
2023-08-04 12:56:05,327 INFO  [com.dot.ContainerResource] (docker-java-stream-824381349) STDOUT: 12:56:05.327  WARN  client.RestClient - request [POST http://elasticsearch:9200/cluster_51b0cac1ff.live_20230804125536/_search?typed_keys=true&max_concurrent_shard_requests=5&ignore_unavailable=false&expand_wildcards=open&allow_no_indices=true&ignore_throttled=true&search_type=query_then_fetch&batched_reduce_size=512&ccs_minimize_roundtrips=true] returned 2 warnings: [299 Elasticsearch-7.16.1-5b38441b16b1ebb16a27c107a4c3865776e20c53 "Elasticsearch built-in security features are not enabled. Without authentication, your cluster could be accessible to anyone. See https://www.elastic.co/guide/en/elasticsearch/reference/7.16/security-minimal-setup.html to enable security."],[299 Elasticsearch-7.16.1-5b38441b16b1ebb16a27c107a4c3865776e20c53 "[ignore_throttled] parameter is deprecated because frozen indices have been deprecated. Consider cold or frozen tiers in place of frozen indices."]
2023-08-04 12:56:05,330 INFO  [com.dot.ContainerResource] (docker-java-stream-824381349) STDOUT: 12:56:05.330  WARN  client.RestClient - request [POST http://elasticsearch:9200/cluster_51b0cac1ff.live_20230804125536/_search?typed_keys=true&max_concurrent_shard_requests=5&ignore_unavailable=false&expand_wildcards=open&allow_no_indices=true&ignore_throttled=true&search_type=query_then_fetch&batched_reduce_size=512&ccs_minimize_roundtrips=true] returned 2 warnings: [299 Elasticsearch-7.16.1-5b38441b16b1ebb16a27c107a4c3865776e20c53 "Elasticsearch built-in security features are not enabled. Without authentication, your cluster could be accessible to anyone. See https://www.elastic.co/guide/en/elasticsearch/reference/7.16/security-minimal-setup.html to enable security."],[299 Elasticsearch-7.16.1-5b38441b16b1ebb16a27c107a4c3865776e20c53 "[ignore_throttled] parameter is deprecated because frozen indices have been deprecated. Consider cold or frozen tiers in place of frozen indices."]
2023-08-04 12:56:05,333 INFO  [com.dot.ContainerResource] (docker-java-stream-824381349) STDOUT: 12:56:05.333  WARN  client.RestClient - request [POST http://elasticsearch:9200/cluster_51b0cac1ff.live_20230804125536/_search?typed_keys=true&max_concurrent_shard_requests=5&ignore_unavailable=false&expand_wildcards=open&allow_no_indices=true&ignore_throttled=true&search_type=query_then_fetch&batched_reduce_size=512&ccs_minimize_roundtrips=true] returned 2 warnings: [299 Elasticsearch-7.16.1-5b38441b16b1ebb16a27c107a4c3865776e20c53 "Elasticsearch built-in security features are not enabled. Without authentication, your cluster could be accessible to anyone. See https://www.elastic.co/guide/en/elasticsearch/reference/7.16/security-minimal-setup.html to enable security."],[299 Elasticsearch-7.16.1-5b38441b16b1ebb16a27c107a4c3865776e20c53 "[ignore_throttled] parameter is deprecated because frozen indices have been deprecated. Consider cold or frozen tiers in place of frozen indices."]
2023-08-04 12:56:05,337 INFO  [com.dot.ContainerResource] (docker-java-stream-824381349) STDOUT: 12:56:05.336  WARN  client.RestClient - request [POST http://elasticsearch:9200/cluster_51b0cac1ff.live_20230804125536/_search?typed_keys=true&max_concurrent_shard_requests=5&ignore_unavailable=false&expand_wildcards=open&allow_no_indices=true&ignore_throttled=true&search_type=query_then_fetch&batched_reduce_size=512&ccs_minimize_roundtrips=true] returned 2 warnings: [299 Elasticsearch-7.16.1-5b38441b16b1ebb16a27c107a4c3865776e20c53 "Elasticsearch built-in security features are not enabled. Without authentication, your cluster could be accessible to anyone. See https://www.elastic.co/guide/en/elasticsearch/reference/7.16/security-minimal-setup.html to enable security."],[299 Elasticsearch-7.16.1-5b38441b16b1ebb16a27c107a4c3865776e20c53 "[ignore_throttled] parameter is deprecated because frozen indices have been deprecated. Consider cold or frozen tiers in place of frozen indices."]
2023-08-04 12:56:05,341 INFO  [com.dot.ContainerResource] (docker-java-stream-824381349) STDOUT: 12:56:05.341  WARN  client.RestClient - request [POST http://elasticsearch:9200/cluster_51b0cac1ff.live_20230804125536/_search?typed_keys=true&max_concurrent_shard_requests=5&ignore_unavailable=false&expand_wildcards=open&allow_no_indices=true&ignore_throttled=true&search_type=query_then_fetch&batched_reduce_size=512&ccs_minimize_roundtrips=true] returned 2 warnings: [299 Elasticsearch-7.16.1-5b38441b16b1ebb16a27c107a4c3865776e20c53 "Elasticsearch built-in security features are not enabled. Without authentication, your cluster could be accessible to anyone. See https://www.elastic.co/guide/en/elasticsearch/reference/7.16/security-minimal-setup.html to enable security."],[299 Elasticsearch-7.16.1-5b38441b16b1ebb16a27c107a4c3865776e20c53 "[ignore_throttled] parameter is deprecated because frozen indices have been deprecated. Consider cold or frozen tiers in place of frozen indices."]
2023-08-04 12:56:05,344 INFO  [com.dot.ContainerResource] (docker-java-stream-824381349) STDOUT: 12:56:05.344  WARN  client.RestClient - request [POST http://elasticsearch:9200/cluster_51b0cac1ff.live_20230804125536/_search?typed_keys=true&max_concurrent_shard_requests=5&ignore_unavailable=false&expand_wildcards=open&allow_no_indices=true&ignore_throttled=true&search_type=query_then_fetch&batched_reduce_size=512&ccs_minimize_roundtrips=true] returned 2 warnings: [299 Elasticsearch-7.16.1-5b38441b16b1ebb16a27c107a4c3865776e20c53 "Elasticsearch built-in security features are not enabled. Without authentication, your cluster could be accessible to anyone. See https://www.elastic.co/guide/en/elasticsearch/reference/7.16/security-minimal-setup.html to enable security."],[299 Elasticsearch-7.16.1-5b38441b16b1ebb16a27c107a4c3865776e20c53 "[ignore_throttled] parameter is deprecated because frozen indices have been deprecated. Consider cold or frozen tiers in place of frozen indices."]
2023-08-04 12:56:05,347 INFO  [com.dot.ContainerResource] (docker-java-stream-824381349) STDOUT: 12:56:05.347  WARN  client.RestClient - request [POST http://elasticsearch:9200/cluster_51b0cac1ff.live_20230804125536/_search?typed_keys=true&max_concurrent_shard_requests=5&ignore_unavailable=false&expand_wildcards=open&allow_no_indices=true&ignore_throttled=true&search_type=query_then_fetch&batched_reduce_size=512&ccs_minimize_roundtrips=true] returned 2 warnings: [299 Elasticsearch-7.16.1-5b38441b16b1ebb16a27c107a4c3865776e20c53 "Elasticsearch built-in security features are not enabled. Without authentication, your cluster could be accessible to anyone. See https://www.elastic.co/guide/en/elasticsearch/reference/7.16/security-minimal-setup.html to enable security."],[299 Elasticsearch-7.16.1-5b38441b16b1ebb16a27c107a4c3865776e20c53 "[ignore_throttled] parameter is deprecated because frozen indices have been deprecated. Consider cold or frozen tiers in place of frozen indices."]
2023-08-04 12:56:05,351 INFO  [com.dot.ContainerResource] (docker-java-stream-824381349) STDOUT: 12:56:05.351  WARN  client.RestClient - request [POST http://elasticsearch:9200/cluster_51b0cac1ff.live_20230804125536/_search?typed_keys=true&max_concurrent_shard_requests=5&ignore_unavailable=false&expand_wildcards=open&allow_no_indices=true&ignore_throttled=true&search_type=query_then_fetch&batched_reduce_size=512&ccs_minimize_roundtrips=true] returned 2 warnings: [299 Elasticsearch-7.16.1-5b38441b16b1ebb16a27c107a4c3865776e20c53 "Elasticsearch built-in security features are not enabled. Without authentication, your cluster could be accessible to anyone. See https://www.elastic.co/guide/en/elasticsearch/reference/7.16/security-minimal-setup.html to enable security."],[299 Elasticsearch-7.16.1-5b38441b16b1ebb16a27c107a4c3865776e20c53 "[ignore_throttled] parameter is deprecated because frozen indices have been deprecated. Consider cold or frozen tiers in place of frozen indices."]
2023-08-04 12:56:05,354 INFO  [com.dot.ContainerResource] (docker-java-stream-824381349) STDOUT: 12:56:05.354  WARN  client.RestClient - request [POST http://elasticsearch:9200/cluster_51b0cac1ff.live_20230804125536/_search?typed_keys=true&max_concurrent_shard_requests=5&ignore_unavailable=false&expand_wildcards=open&allow_no_indices=true&ignore_throttled=true&search_type=query_then_fetch&batched_reduce_size=512&ccs_minimize_roundtrips=true] returned 2 warnings: [299 Elasticsearch-7.16.1-5b38441b16b1ebb16a27c107a4c3865776e20c53 "Elasticsearch built-in security features are not enabled. Without authentication, your cluster could be accessible to anyone. See https://www.elastic.co/guide/en/elasticsearch/reference/7.16/security-minimal-setup.html to enable security."],[299 Elasticsearch-7.16.1-5b38441b16b1ebb16a27c107a4c3865776e20c53 "[ignore_throttled] parameter is deprecated because frozen indices have been deprecated. Consider cold or frozen tiers in place of frozen indices."]
2023-08-04 12:56:05,361 INFO  [com.dot.ContainerResource] (docker-java-stream-824381349) STDOUT: 12:56:05.361  WARN  client.RestClient - request [POST http://elasticsearch:9200/cluster_51b0cac1ff.live_20230804125536/_search?typed_keys=true&max_concurrent_shard_requests=5&ignore_unavailable=false&expand_wildcards=open&allow_no_indices=true&ignore_throttled=true&search_type=query_then_fetch&batched_reduce_size=512&ccs_minimize_roundtrips=true] returned 2 warnings: [299 Elasticsearch-7.16.1-5b38441b16b1ebb16a27c107a4c3865776e20c53 "Elasticsearch built-in security features are not enabled. Without authentication, your cluster could be accessible to anyone. See https://www.elastic.co/guide/en/elasticsearch/reference/7.16/security-minimal-setup.html to enable security."],[299 Elasticsearch-7.16.1-5b38441b16b1ebb16a27c107a4c3865776e20c53 "[ignore_throttled] parameter is deprecated because frozen indices have been deprecated. Consider cold or frozen tiers in place of frozen indices."]
2023-08-04 12:56:05,365 INFO  [com.dot.ContainerResource] (docker-java-stream-824381349) STDOUT: 12:56:05.365  WARN  client.RestClient - request [POST http://elasticsearch:9200/cluster_51b0cac1ff.live_20230804125536/_search?typed_keys=true&max_concurrent_shard_requests=5&ignore_unavailable=false&expand_wildcards=open&allow_no_indices=true&ignore_throttled=true&search_type=query_then_fetch&batched_reduce_size=512&ccs_minimize_roundtrips=true] returned 2 warnings: [299 Elasticsearch-7.16.1-5b38441b16b1ebb16a27c107a4c3865776e20c53 "Elasticsearch built-in security features are not enabled. Without authentication, your cluster could be accessible to anyone. See https://www.elastic.co/guide/en/elasticsearch/reference/7.16/security-minimal-setup.html to enable security."],[299 Elasticsearch-7.16.1-5b38441b16b1ebb16a27c107a4c3865776e20c53 "[ignore_throttled] parameter is deprecated because frozen indices have been deprecated. Consider cold or frozen tiers in place of frozen indices."]
2023-08-04 12:56:05,372 INFO  [com.dot.ContainerResource] (docker-java-stream-824381349) STDOUT: 12:56:05.370  WARN  client.RestClient - request [POST http://elasticsearch:9200/cluster_51b0cac1ff.live_20230804125536/_search?typed_keys=true&max_concurrent_shard_requests=5&ignore_unavailable=false&expand_wildcards=open&allow_no_indices=true&ignore_throttled=true&search_type=query_then_fetch&batched_reduce_size=512&ccs_minimize_roundtrips=true] returned 2 warnings: [299 Elasticsearch-7.16.1-5b38441b16b1ebb16a27c107a4c3865776e20c53 "Elasticsearch built-in security features are not enabled. Without authentication, your cluster could be accessible to anyone. See https://www.elastic.co/guide/en/elasticsearch/reference/7.16/security-minimal-setup.html to enable security."],[299 Elasticsearch-7.16.1-5b38441b16b1ebb16a27c107a4c3865776e20c53 "[ignore_throttled] parameter is deprecated because frozen indices have been deprecated. Consider cold or frozen tiers in place of frozen indices."]
2023-08-04 12:56:05,374 INFO  [com.dot.ContainerResource] (docker-java-stream-824381349) STDOUT: 12:56:05.373  WARN  client.RestClient - request [POST http://elasticsearch:9200/cluster_51b0cac1ff.live_20230804125536/_search?typed_keys=true&max_concurrent_shard_requests=5&ignore_unavailable=false&expand_wildcards=open&allow_no_indices=true&ignore_throttled=true&search_type=query_then_fetch&batched_reduce_size=512&ccs_minimize_roundtrips=true] returned 2 warnings: [299 Elasticsearch-7.16.1-5b38441b16b1ebb16a27c107a4c3865776e20c53 "Elasticsearch built-in security features are not enabled. Without authentication, your cluster could be accessible to anyone. See https://www.elastic.co/guide/en/elasticsearch/reference/7.16/security-minimal-setup.html to enable security."],[299 Elasticsearch-7.16.1-5b38441b16b1ebb16a27c107a4c3865776e20c53 "[ignore_throttled] parameter is deprecated because frozen indices have been deprecated. Consider cold or frozen tiers in place of frozen indices."]
2023-08-04 12:56:05,384 INFO  [com.dot.ContainerResource] (docker-java-stream-824381349) STDOUT: 12:56:05.384  WARN  client.RestClient - request [POST http://elasticsearch:9200/cluster_51b0cac1ff.live_20230804125536/_search?typed_keys=true&max_concurrent_shard_requests=5&ignore_unavailable=false&expand_wildcards=open&allow_no_indices=true&ignore_throttled=true&search_type=query_then_fetch&batched_reduce_size=512&ccs_minimize_roundtrips=true] returned 2 warnings: [299 Elasticsearch-7.16.1-5b38441b16b1ebb16a27c107a4c3865776e20c53 "Elasticsearch built-in security features are not enabled. Without authentication, your cluster could be accessible to anyone. See https://www.elastic.co/guide/en/elasticsearch/reference/7.16/security-minimal-setup.html to enable security."],[299 Elasticsearch-7.16.1-5b38441b16b1ebb16a27c107a4c3865776e20c53 "[ignore_throttled] parameter is deprecated because frozen indices have been deprecated. Consider cold or frozen tiers in place of frozen indices."]
2023-08-04 12:56:05,389 INFO  [com.dot.ContainerResource] (docker-java-stream-824381349) STDOUT: 12:56:05.389  WARN  client.RestClient - request [POST http://elasticsearch:9200/cluster_51b0cac1ff.live_20230804125536/_search?typed_keys=true&max_concurrent_shard_requests=5&ignore_unavailable=false&expand_wildcards=open&allow_no_indices=true&ignore_throttled=true&search_type=query_then_fetch&batched_reduce_size=512&ccs_minimize_roundtrips=true] returned 2 warnings: [299 Elasticsearch-7.16.1-5b38441b16b1ebb16a27c107a4c3865776e20c53 "Elasticsearch built-in security features are not enabled. Without authentication, your cluster could be accessible to anyone. See https://www.elastic.co/guide/en/elasticsearch/reference/7.16/security-minimal-setup.html to enable security."],[299 Elasticsearch-7.16.1-5b38441b16b1ebb16a27c107a4c3865776e20c53 "[ignore_throttled] parameter is deprecated because frozen indices have been deprecated. Consider cold or frozen tiers in place of frozen indices."]
2023-08-04 12:56:05,400 INFO  [com.dot.ContainerResource] (docker-java-stream-824381349) STDOUT: 12:56:05.400  WARN  client.RestClient - request [POST http://elasticsearch:9200/cluster_51b0cac1ff.live_20230804125536/_search?typed_keys=true&max_concurrent_shard_requests=5&ignore_unavailable=false&expand_wildcards=open&allow_no_indices=true&ignore_throttled=true&search_type=query_then_fetch&batched_reduce_size=512&ccs_minimize_roundtrips=true] returned 2 warnings: [299 Elasticsearch-7.16.1-5b38441b16b1ebb16a27c107a4c3865776e20c53 "Elasticsearch built-in security features are not enabled. Without authentication, your cluster could be accessible to anyone. See https://www.elastic.co/guide/en/elasticsearch/reference/7.16/security-minimal-setup.html to enable security."],[299 Elasticsearch-7.16.1-5b38441b16b1ebb16a27c107a4c3865776e20c53 "[ignore_throttled] parameter is deprecated because frozen indices have been deprecated. Consider cold or frozen tiers in place of frozen indices."]
2023-08-04 12:56:05,409 INFO  [com.dot.ContainerResource] (docker-java-stream-824381349) STDOUT: 12:56:05.409  WARN  client.RestClient - request [POST http://elasticsearch:9200/cluster_51b0cac1ff.live_20230804125536/_search?typed_keys=true&max_concurrent_shard_requests=5&ignore_unavailable=false&expand_wildcards=open&allow_no_indices=true&ignore_throttled=true&search_type=query_then_fetch&batched_reduce_size=512&ccs_minimize_roundtrips=true] returned 2 warnings: [299 Elasticsearch-7.16.1-5b38441b16b1ebb16a27c107a4c3865776e20c53 "Elasticsearch built-in security features are not enabled. Without authentication, your cluster could be accessible to anyone. See https://www.elastic.co/guide/en/elasticsearch/reference/7.16/security-minimal-setup.html to enable security."],[299 Elasticsearch-7.16.1-5b38441b16b1ebb16a27c107a4c3865776e20c53 "[ignore_throttled] parameter is deprecated because frozen indices have been deprecated. Consider cold or frozen tiers in place of frozen indices."]
2023-08-04 12:56:05,414 INFO  [com.dot.ContainerResource] (docker-java-stream-824381349) STDOUT: 12:56:05.414  WARN  client.RestClient - request [POST http://elasticsearch:9200/cluster_51b0cac1ff.live_20230804125536/_search?typed_keys=true&max_concurrent_shard_requests=5&ignore_unavailable=false&expand_wildcards=open&allow_no_indices=true&ignore_throttled=true&search_type=query_then_fetch&batched_reduce_size=512&ccs_minimize_roundtrips=true] returned 2 warnings: [299 Elasticsearch-7.16.1-5b38441b16b1ebb16a27c107a4c3865776e20c53 "Elasticsearch built-in security features are not enabled. Without authentication, your cluster could be accessible to anyone. See https://www.elastic.co/guide/en/elasticsearch/reference/7.16/security-minimal-setup.html to enable security."],[299 Elasticsearch-7.16.1-5b38441b16b1ebb16a27c107a4c3865776e20c53 "[ignore_throttled] parameter is deprecated because frozen indices have been deprecated. Consider cold or frozen tiers in place of frozen indices."]
2023-08-04 12:56:05,419 INFO  [com.dot.ContainerResource] (docker-java-stream-824381349) STDOUT: 12:56:05.419  WARN  client.RestClient - request [POST http://elasticsearch:9200/cluster_51b0cac1ff.live_20230804125536/_search?typed_keys=true&max_concurrent_shard_requests=5&ignore_unavailable=false&expand_wildcards=open&allow_no_indices=true&ignore_throttled=true&search_type=query_then_fetch&batched_reduce_size=512&ccs_minimize_roundtrips=true] returned 2 warnings: [299 Elasticsearch-7.16.1-5b38441b16b1ebb16a27c107a4c3865776e20c53 "Elasticsearch built-in security features are not enabled. Without authentication, your cluster could be accessible to anyone. See https://www.elastic.co/guide/en/elasticsearch/reference/7.16/security-minimal-setup.html to enable security."],[299 Elasticsearch-7.16.1-5b38441b16b1ebb16a27c107a4c3865776e20c53 "[ignore_throttled] parameter is deprecated because frozen indices have been deprecated. Consider cold or frozen tiers in place of frozen indices."]
2023-08-04 12:56:05,423 INFO  [com.dot.ContainerResource] (docker-java-stream-824381349) STDOUT: 12:56:05.423  WARN  client.RestClient - request [POST http://elasticsearch:9200/cluster_51b0cac1ff.live_20230804125536/_search?typed_keys=true&max_concurrent_shard_requests=5&ignore_unavailable=false&expand_wildcards=open&allow_no_indices=true&ignore_throttled=true&search_type=query_then_fetch&batched_reduce_size=512&ccs_minimize_roundtrips=true] returned 2 warnings: [299 Elasticsearch-7.16.1-5b38441b16b1ebb16a27c107a4c3865776e20c53 "Elasticsearch built-in security features are not enabled. Without authentication, your cluster could be accessible to anyone. See https://www.elastic.co/guide/en/elasticsearch/reference/7.16/security-minimal-setup.html to enable security."],[299 Elasticsearch-7.16.1-5b38441b16b1ebb16a27c107a4c3865776e20c53 "[ignore_throttled] parameter is deprecated because frozen indices have been deprecated. Consider cold or frozen tiers in place of frozen indices."]
2023-08-04 12:56:05,429 INFO  [com.dot.ContainerResource] (docker-java-stream-824381349) STDOUT: 12:56:05.429  WARN  client.RestClient - request [POST http://elasticsearch:9200/cluster_51b0cac1ff.live_20230804125536/_search?typed_keys=true&max_concurrent_shard_requests=5&ignore_unavailable=false&expand_wildcards=open&allow_no_indices=true&ignore_throttled=true&search_type=query_then_fetch&batched_reduce_size=512&ccs_minimize_roundtrips=true] returned 2 warnings: [299 Elasticsearch-7.16.1-5b38441b16b1ebb16a27c107a4c3865776e20c53 "Elasticsearch built-in security features are not enabled. Without authentication, your cluster could be accessible to anyone. See https://www.elastic.co/guide/en/elasticsearch/reference/7.16/security-minimal-setup.html to enable security."],[299 Elasticsearch-7.16.1-5b38441b16b1ebb16a27c107a4c3865776e20c53 "[ignore_throttled] parameter is deprecated because frozen indices have been deprecated. Consider cold or frozen tiers in place of frozen indices."]
2023-08-04 12:56:05,433 INFO  [com.dot.ContainerResource] (docker-java-stream-824381349) STDOUT: 12:56:05.432  WARN  client.RestClient - request [POST http://elasticsearch:9200/cluster_51b0cac1ff.live_20230804125536/_search?typed_keys=true&max_concurrent_shard_requests=5&ignore_unavailable=false&expand_wildcards=open&allow_no_indices=true&ignore_throttled=true&search_type=query_then_fetch&batched_reduce_size=512&ccs_minimize_roundtrips=true] returned 2 warnings: [299 Elasticsearch-7.16.1-5b38441b16b1ebb16a27c107a4c3865776e20c53 "Elasticsearch built-in security features are not enabled. Without authentication, your cluster could be accessible to anyone. See https://www.elastic.co/guide/en/elasticsearch/reference/7.16/security-minimal-setup.html to enable security."],[299 Elasticsearch-7.16.1-5b38441b16b1ebb16a27c107a4c3865776e20c53 "[ignore_throttled] parameter is deprecated because frozen indices have been deprecated. Consider cold or frozen tiers in place of frozen indices."]
2023-08-04 12:56:05,436 INFO  [com.dot.ContainerResource] (docker-java-stream-824381349) STDOUT: 12:56:05.435  WARN  client.RestClient - request [POST http://elasticsearch:9200/cluster_51b0cac1ff.live_20230804125536/_search?typed_keys=true&max_concurrent_shard_requests=5&ignore_unavailable=false&expand_wildcards=open&allow_no_indices=true&ignore_throttled=true&search_type=query_then_fetch&batched_reduce_size=512&ccs_minimize_roundtrips=true] returned 2 warnings: [299 Elasticsearch-7.16.1-5b38441b16b1ebb16a27c107a4c3865776e20c53 "Elasticsearch built-in security features are not enabled. Without authentication, your cluster could be accessible to anyone. See https://www.elastic.co/guide/en/elasticsearch/reference/7.16/security-minimal-setup.html to enable security."],[299 Elasticsearch-7.16.1-5b38441b16b1ebb16a27c107a4c3865776e20c53 "[ignore_throttled] parameter is deprecated because frozen indices have been deprecated. Consider cold or frozen tiers in place of frozen indices."]
2023-08-04 12:56:05,439 INFO  [com.dot.ContainerResource] (docker-java-stream-824381349) STDOUT: 12:56:05.438  WARN  client.RestClient - request [POST http://elasticsearch:9200/cluster_51b0cac1ff.live_20230804125536/_search?typed_keys=true&max_concurrent_shard_requests=5&ignore_unavailable=false&expand_wildcards=open&allow_no_indices=true&ignore_throttled=true&search_type=query_then_fetch&batched_reduce_size=512&ccs_minimize_roundtrips=true] returned 2 warnings: [299 Elasticsearch-7.16.1-5b38441b16b1ebb16a27c107a4c3865776e20c53 "Elasticsearch built-in security features are not enabled. Without authentication, your cluster could be accessible to anyone. See https://www.elastic.co/guide/en/elasticsearch/reference/7.16/security-minimal-setup.html to enable security."],[299 Elasticsearch-7.16.1-5b38441b16b1ebb16a27c107a4c3865776e20c53 "[ignore_throttled] parameter is deprecated because frozen indices have been deprecated. Consider cold or frozen tiers in place of frozen indices."]
2023-08-04 12:56:05,442 INFO  [com.dot.ContainerResource] (docker-java-stream-824381349) STDOUT: 12:56:05.441  WARN  client.RestClient - request [POST http://elasticsearch:9200/cluster_51b0cac1ff.live_20230804125536/_search?typed_keys=true&max_concurrent_shard_requests=5&ignore_unavailable=false&expand_wildcards=open&allow_no_indices=true&ignore_throttled=true&search_type=query_then_fetch&batched_reduce_size=512&ccs_minimize_roundtrips=true] returned 2 warnings: [299 Elasticsearch-7.16.1-5b38441b16b1ebb16a27c107a4c3865776e20c53 "Elasticsearch built-in security features are not enabled. Without authentication, your cluster could be accessible to anyone. See https://www.elastic.co/guide/en/elasticsearch/reference/7.16/security-minimal-setup.html to enable security."],[299 Elasticsearch-7.16.1-5b38441b16b1ebb16a27c107a4c3865776e20c53 "[ignore_throttled] parameter is deprecated because frozen indices have been deprecated. Consider cold or frozen tiers in place of frozen indices."]
2023-08-04 12:56:05,445 INFO  [com.dot.ContainerResource] (docker-java-stream-824381349) STDOUT: 12:56:05.444  WARN  client.RestClient - request [POST http://elasticsearch:9200/cluster_51b0cac1ff.live_20230804125536/_search?typed_keys=true&max_concurrent_shard_requests=5&ignore_unavailable=false&expand_wildcards=open&allow_no_indices=true&ignore_throttled=true&search_type=query_then_fetch&batched_reduce_size=512&ccs_minimize_roundtrips=true] returned 2 warnings: [299 Elasticsearch-7.16.1-5b38441b16b1ebb16a27c107a4c3865776e20c53 "Elasticsearch built-in security features are not enabled. Without authentication, your cluster could be accessible to anyone. See https://www.elastic.co/guide/en/elasticsearch/reference/7.16/security-minimal-setup.html to enable security."],[299 Elasticsearch-7.16.1-5b38441b16b1ebb16a27c107a4c3865776e20c53 "[ignore_throttled] parameter is deprecated because frozen indices have been deprecated. Consider cold or frozen tiers in place of frozen indices."]
2023-08-04 12:56:05,470 INFO  [com.dot.ContainerResource] (docker-java-stream-824381349) STDOUT: 12:56:05.467  WARN  client.RestClient - request [POST http://elasticsearch:9200/cluster_51b0cac1ff.live_20230804125536/_search?typed_keys=true&max_concurrent_shard_requests=5&ignore_unavailable=false&expand_wildcards=open&allow_no_indices=true&ignore_throttled=true&search_type=query_then_fetch&batched_reduce_size=512&ccs_minimize_roundtrips=true] returned 2 warnings: [299 Elasticsearch-7.16.1-5b38441b16b1ebb16a27c107a4c3865776e20c53 "Elasticsearch built-in security features are not enabled. Without authentication, your cluster could be accessible to anyone. See https://www.elastic.co/guide/en/elasticsearch/reference/7.16/security-minimal-setup.html to enable security."],[299 Elasticsearch-7.16.1-5b38441b16b1ebb16a27c107a4c3865776e20c53 "[ignore_throttled] parameter is deprecated because frozen indices have been deprecated. Consider cold or frozen tiers in place of frozen indices."]
2023-08-04 12:56:05,475 INFO  [com.dot.ContainerResource] (docker-java-stream-824381349) STDOUT: 12:56:05.475  WARN  client.RestClient - request [POST http://elasticsearch:9200/cluster_51b0cac1ff.live_20230804125536/_search?typed_keys=true&max_concurrent_shard_requests=5&ignore_unavailable=false&expand_wildcards=open&allow_no_indices=true&ignore_throttled=true&search_type=query_then_fetch&batched_reduce_size=512&ccs_minimize_roundtrips=true] returned 2 warnings: [299 Elasticsearch-7.16.1-5b38441b16b1ebb16a27c107a4c3865776e20c53 "Elasticsearch built-in security features are not enabled. Without authentication, your cluster could be accessible to anyone. See https://www.elastic.co/guide/en/elasticsearch/reference/7.16/security-minimal-setup.html to enable security."],[299 Elasticsearch-7.16.1-5b38441b16b1ebb16a27c107a4c3865776e20c53 "[ignore_throttled] parameter is deprecated because frozen indices have been deprecated. Consider cold or frozen tiers in place of frozen indices."]
2023-08-04 12:56:05,479 INFO  [com.dot.ContainerResource] (docker-java-stream-824381349) STDOUT: 12:56:05.478  WARN  client.RestClient - request [POST http://elasticsearch:9200/cluster_51b0cac1ff.live_20230804125536/_search?typed_keys=true&max_concurrent_shard_requests=5&ignore_unavailable=false&expand_wildcards=open&allow_no_indices=true&ignore_throttled=true&search_type=query_then_fetch&batched_reduce_size=512&ccs_minimize_roundtrips=true] returned 2 warnings: [299 Elasticsearch-7.16.1-5b38441b16b1ebb16a27c107a4c3865776e20c53 "Elasticsearch built-in security features are not enabled. Without authentication, your cluster could be accessible to anyone. See https://www.elastic.co/guide/en/elasticsearch/reference/7.16/security-minimal-setup.html to enable security."],[299 Elasticsearch-7.16.1-5b38441b16b1ebb16a27c107a4c3865776e20c53 "[ignore_throttled] parameter is deprecated because frozen indices have been deprecated. Consider cold or frozen tiers in place of frozen indices."]
2023-08-04 12:56:05,482 INFO  [com.dot.ContainerResource] (docker-java-stream-824381349) STDOUT: 12:56:05.482  WARN  client.RestClient - request [POST http://elasticsearch:9200/cluster_51b0cac1ff.live_20230804125536/_search?typed_keys=true&max_concurrent_shard_requests=5&ignore_unavailable=false&expand_wildcards=open&allow_no_indices=true&ignore_throttled=true&search_type=query_then_fetch&batched_reduce_size=512&ccs_minimize_roundtrips=true] returned 2 warnings: [299 Elasticsearch-7.16.1-5b38441b16b1ebb16a27c107a4c3865776e20c53 "Elasticsearch built-in security features are not enabled. Without authentication, your cluster could be accessible to anyone. See https://www.elastic.co/guide/en/elasticsearch/reference/7.16/security-minimal-setup.html to enable security."],[299 Elasticsearch-7.16.1-5b38441b16b1ebb16a27c107a4c3865776e20c53 "[ignore_throttled] parameter is deprecated because frozen indices have been deprecated. Consider cold or frozen tiers in place of frozen indices."]
2023-08-04 12:56:05,485 INFO  [com.dot.ContainerResource] (docker-java-stream-824381349) STDOUT: 12:56:05.485  WARN  client.RestClient - request [POST http://elasticsearch:9200/cluster_51b0cac1ff.live_20230804125536/_search?typed_keys=true&max_concurrent_shard_requests=5&ignore_unavailable=false&expand_wildcards=open&allow_no_indices=true&ignore_throttled=true&search_type=query_then_fetch&batched_reduce_size=512&ccs_minimize_roundtrips=true] returned 2 warnings: [299 Elasticsearch-7.16.1-5b38441b16b1ebb16a27c107a4c3865776e20c53 "Elasticsearch built-in security features are not enabled. Without authentication, your cluster could be accessible to anyone. See https://www.elastic.co/guide/en/elasticsearch/reference/7.16/security-minimal-setup.html to enable security."],[299 Elasticsearch-7.16.1-5b38441b16b1ebb16a27c107a4c3865776e20c53 "[ignore_throttled] parameter is deprecated because frozen indices have been deprecated. Consider cold or frozen tiers in place of frozen indices."]
2023-08-04 12:56:05,488 INFO  [com.dot.ContainerResource] (docker-java-stream-824381349) STDOUT: 12:56:05.488  WARN  client.RestClient - request [POST http://elasticsearch:9200/cluster_51b0cac1ff.live_20230804125536/_search?typed_keys=true&max_concurrent_shard_requests=5&ignore_unavailable=false&expand_wildcards=open&allow_no_indices=true&ignore_throttled=true&search_type=query_then_fetch&batched_reduce_size=512&ccs_minimize_roundtrips=true] returned 2 warnings: [299 Elasticsearch-7.16.1-5b38441b16b1ebb16a27c107a4c3865776e20c53 "Elasticsearch built-in security features are not enabled. Without authentication, your cluster could be accessible to anyone. See https://www.elastic.co/guide/en/elasticsearch/reference/7.16/security-minimal-setup.html to enable security."],[299 Elasticsearch-7.16.1-5b38441b16b1ebb16a27c107a4c3865776e20c53 "[ignore_throttled] parameter is deprecated because frozen indices have been deprecated. Consider cold or frozen tiers in place of frozen indices."]
2023-08-04 12:56:05,491 INFO  [com.dot.ContainerResource] (docker-java-stream-824381349) STDOUT: 12:56:05.491  WARN  client.RestClient - request [POST http://elasticsearch:9200/cluster_51b0cac1ff.live_20230804125536/_search?typed_keys=true&max_concurrent_shard_requests=5&ignore_unavailable=false&expand_wildcards=open&allow_no_indices=true&ignore_throttled=true&search_type=query_then_fetch&batched_reduce_size=512&ccs_minimize_roundtrips=true] returned 2 warnings: [299 Elasticsearch-7.16.1-5b38441b16b1ebb16a27c107a4c3865776e20c53 "Elasticsearch built-in security features are not enabled. Without authentication, your cluster could be accessible to anyone. See https://www.elastic.co/guide/en/elasticsearch/reference/7.16/security-minimal-setup.html to enable security."],[299 Elasticsearch-7.16.1-5b38441b16b1ebb16a27c107a4c3865776e20c53 "[ignore_throttled] parameter is deprecated because frozen indices have been deprecated. Consider cold or frozen tiers in place of frozen indices."]
2023-08-04 12:56:05,495 INFO  [com.dot.ContainerResource] (docker-java-stream-824381349) STDOUT: 12:56:05.494  WARN  client.RestClient - request [POST http://elasticsearch:9200/cluster_51b0cac1ff.live_20230804125536/_search?typed_keys=true&max_concurrent_shard_requests=5&ignore_unavailable=false&expand_wildcards=open&allow_no_indices=true&ignore_throttled=true&search_type=query_then_fetch&batched_reduce_size=512&ccs_minimize_roundtrips=true] returned 2 warnings: [299 Elasticsearch-7.16.1-5b38441b16b1ebb16a27c107a4c3865776e20c53 "Elasticsearch built-in security features are not enabled. Without authentication, your cluster could be accessible to anyone. See https://www.elastic.co/guide/en/elasticsearch/reference/7.16/security-minimal-setup.html to enable security."],[299 Elasticsearch-7.16.1-5b38441b16b1ebb16a27c107a4c3865776e20c53 "[ignore_throttled] parameter is deprecated because frozen indices have been deprecated. Consider cold or frozen tiers in place of frozen indices."]
2023-08-04 12:56:05,498 INFO  [com.dot.ContainerResource] (docker-java-stream-824381349) STDOUT: 12:56:05.497  WARN  client.RestClient - request [POST http://elasticsearch:9200/cluster_51b0cac1ff.live_20230804125536/_search?typed_keys=true&max_concurrent_shard_requests=5&ignore_unavailable=false&expand_wildcards=open&allow_no_indices=true&ignore_throttled=true&search_type=query_then_fetch&batched_reduce_size=512&ccs_minimize_roundtrips=true] returned 2 warnings: [299 Elasticsearch-7.16.1-5b38441b16b1ebb16a27c107a4c3865776e20c53 "Elasticsearch built-in security features are not enabled. Without authentication, your cluster could be accessible to anyone. See https://www.elastic.co/guide/en/elasticsearch/reference/7.16/security-minimal-setup.html to enable security."],[299 Elasticsearch-7.16.1-5b38441b16b1ebb16a27c107a4c3865776e20c53 "[ignore_throttled] parameter is deprecated because frozen indices have been deprecated. Consider cold or frozen tiers in place of frozen indices."]
2023-08-04 12:56:05,501 INFO  [com.dot.ContainerResource] (docker-java-stream-824381349) STDOUT: 12:56:05.500  WARN  client.RestClient - request [POST http://elasticsearch:9200/cluster_51b0cac1ff.live_20230804125536/_search?typed_keys=true&max_concurrent_shard_requests=5&ignore_unavailable=false&expand_wildcards=open&allow_no_indices=true&ignore_throttled=true&search_type=query_then_fetch&batched_reduce_size=512&ccs_minimize_roundtrips=true] returned 2 warnings: [299 Elasticsearch-7.16.1-5b38441b16b1ebb16a27c107a4c3865776e20c53 "Elasticsearch built-in security features are not enabled. Without authentication, your cluster could be accessible to anyone. See https://www.elastic.co/guide/en/elasticsearch/reference/7.16/security-minimal-setup.html to enable security."],[299 Elasticsearch-7.16.1-5b38441b16b1ebb16a27c107a4c3865776e20c53 "[ignore_throttled] parameter is deprecated because frozen indices have been deprecated. Consider cold or frozen tiers in place of frozen indices."]
2023-08-04 12:56:05,504 INFO  [com.dot.ContainerResource] (docker-java-stream-824381349) STDOUT: 12:56:05.503  WARN  client.RestClient - request [POST http://elasticsearch:9200/cluster_51b0cac1ff.live_20230804125536/_search?typed_keys=true&max_concurrent_shard_requests=5&ignore_unavailable=false&expand_wildcards=open&allow_no_indices=true&ignore_throttled=true&search_type=query_then_fetch&batched_reduce_size=512&ccs_minimize_roundtrips=true] returned 2 warnings: [299 Elasticsearch-7.16.1-5b38441b16b1ebb16a27c107a4c3865776e20c53 "Elasticsearch built-in security features are not enabled. Without authentication, your cluster could be accessible to anyone. See https://www.elastic.co/guide/en/elasticsearch/reference/7.16/security-minimal-setup.html to enable security."],[299 Elasticsearch-7.16.1-5b38441b16b1ebb16a27c107a4c3865776e20c53 "[ignore_throttled] parameter is deprecated because frozen indices have been deprecated. Consider cold or frozen tiers in place of frozen indices."]
2023-08-04 12:56:05,507 INFO  [com.dot.ContainerResource] (docker-java-stream-824381349) STDOUT: 12:56:05.506  WARN  client.RestClient - request [POST http://elasticsearch:9200/cluster_51b0cac1ff.live_20230804125536/_search?typed_keys=true&max_concurrent_shard_requests=5&ignore_unavailable=false&expand_wildcards=open&allow_no_indices=true&ignore_throttled=true&search_type=query_then_fetch&batched_reduce_size=512&ccs_minimize_roundtrips=true] returned 2 warnings: [299 Elasticsearch-7.16.1-5b38441b16b1ebb16a27c107a4c3865776e20c53 "Elasticsearch built-in security features are not enabled. Without authentication, your cluster could be accessible to anyone. See https://www.elastic.co/guide/en/elasticsearch/reference/7.16/security-minimal-setup.html to enable security."],[299 Elasticsearch-7.16.1-5b38441b16b1ebb16a27c107a4c3865776e20c53 "[ignore_throttled] parameter is deprecated because frozen indices have been deprecated. Consider cold or frozen tiers in place of frozen indices."]
2023-08-04 12:56:05,510 INFO  [com.dot.ContainerResource] (docker-java-stream-824381349) STDOUT: 12:56:05.509  WARN  client.RestClient - request [POST http://elasticsearch:9200/cluster_51b0cac1ff.live_20230804125536/_search?typed_keys=true&max_concurrent_shard_requests=5&ignore_unavailable=false&expand_wildcards=open&allow_no_indices=true&ignore_throttled=true&search_type=query_then_fetch&batched_reduce_size=512&ccs_minimize_roundtrips=true] returned 2 warnings: [299 Elasticsearch-7.16.1-5b38441b16b1ebb16a27c107a4c3865776e20c53 "Elasticsearch built-in security features are not enabled. Without authentication, your cluster could be accessible to anyone. See https://www.elastic.co/guide/en/elasticsearch/reference/7.16/security-minimal-setup.html to enable security."],[299 Elasticsearch-7.16.1-5b38441b16b1ebb16a27c107a4c3865776e20c53 "[ignore_throttled] parameter is deprecated because frozen indices have been deprecated. Consider cold or frozen tiers in place of frozen indices."]
2023-08-04 12:56:05,512 INFO  [com.dot.ContainerResource] (docker-java-stream-824381349) STDOUT: 12:56:05.512  WARN  client.RestClient - request [POST http://elasticsearch:9200/cluster_51b0cac1ff.live_20230804125536/_search?typed_keys=true&max_concurrent_shard_requests=5&ignore_unavailable=false&expand_wildcards=open&allow_no_indices=true&ignore_throttled=true&search_type=query_then_fetch&batched_reduce_size=512&ccs_minimize_roundtrips=true] returned 2 warnings: [299 Elasticsearch-7.16.1-5b38441b16b1ebb16a27c107a4c3865776e20c53 "Elasticsearch built-in security features are not enabled. Without authentication, your cluster could be accessible to anyone. See https://www.elastic.co/guide/en/elasticsearch/reference/7.16/security-minimal-setup.html to enable security."],[299 Elasticsearch-7.16.1-5b38441b16b1ebb16a27c107a4c3865776e20c53 "[ignore_throttled] parameter is deprecated because frozen indices have been deprecated. Consider cold or frozen tiers in place of frozen indices."]
2023-08-04 12:56:05,515 INFO  [com.dot.ContainerResource] (docker-java-stream-824381349) STDOUT: 12:56:05.515  WARN  client.RestClient - request [POST http://elasticsearch:9200/cluster_51b0cac1ff.live_20230804125536/_search?typed_keys=true&max_concurrent_shard_requests=5&ignore_unavailable=false&expand_wildcards=open&allow_no_indices=true&ignore_throttled=true&search_type=query_then_fetch&batched_reduce_size=512&ccs_minimize_roundtrips=true] returned 2 warnings: [299 Elasticsearch-7.16.1-5b38441b16b1ebb16a27c107a4c3865776e20c53 "Elasticsearch built-in security features are not enabled. Without authentication, your cluster could be accessible to anyone. See https://www.elastic.co/guide/en/elasticsearch/reference/7.16/security-minimal-setup.html to enable security."],[299 Elasticsearch-7.16.1-5b38441b16b1ebb16a27c107a4c3865776e20c53 "[ignore_throttled] parameter is deprecated because frozen indices have been deprecated. Consider cold or frozen tiers in place of frozen indices."]
2023-08-04 12:56:05,518 INFO  [com.dot.ContainerResource] (docker-java-stream-824381349) STDOUT: 12:56:05.518  WARN  client.RestClient - request [POST http://elasticsearch:9200/cluster_51b0cac1ff.live_20230804125536/_search?typed_keys=true&max_concurrent_shard_requests=5&ignore_unavailable=false&expand_wildcards=open&allow_no_indices=true&ignore_throttled=true&search_type=query_then_fetch&batched_reduce_size=512&ccs_minimize_roundtrips=true] returned 2 warnings: [299 Elasticsearch-7.16.1-5b38441b16b1ebb16a27c107a4c3865776e20c53 "Elasticsearch built-in security features are not enabled. Without authentication, your cluster could be accessible to anyone. See https://www.elastic.co/guide/en/elasticsearch/reference/7.16/security-minimal-setup.html to enable security."],[299 Elasticsearch-7.16.1-5b38441b16b1ebb16a27c107a4c3865776e20c53 "[ignore_throttled] parameter is deprecated because frozen indices have been deprecated. Consider cold or frozen tiers in place of frozen indices."]
2023-08-04 12:56:05,521 INFO  [com.dot.ContainerResource] (docker-java-stream-824381349) STDOUT: 12:56:05.521  WARN  client.RestClient - request [POST http://elasticsearch:9200/cluster_51b0cac1ff.live_20230804125536/_search?typed_keys=true&max_concurrent_shard_requests=5&ignore_unavailable=false&expand_wildcards=open&allow_no_indices=true&ignore_throttled=true&search_type=query_then_fetch&batched_reduce_size=512&ccs_minimize_roundtrips=true] returned 2 warnings: [299 Elasticsearch-7.16.1-5b38441b16b1ebb16a27c107a4c3865776e20c53 "Elasticsearch built-in security features are not enabled. Without authentication, your cluster could be accessible to anyone. See https://www.elastic.co/guide/en/elasticsearch/reference/7.16/security-minimal-setup.html to enable security."],[299 Elasticsearch-7.16.1-5b38441b16b1ebb16a27c107a4c3865776e20c53 "[ignore_throttled] parameter is deprecated because frozen indices have been deprecated. Consider cold or frozen tiers in place of frozen indices."]
2023-08-04 12:56:05,533 INFO  [com.dot.ContainerResource] (docker-java-stream-824381349) STDOUT: 12:56:05.533  WARN  client.RestClient - request [POST http://elasticsearch:9200/cluster_51b0cac1ff.live_20230804125536/_search?typed_keys=true&max_concurrent_shard_requests=5&ignore_unavailable=false&expand_wildcards=open&allow_no_indices=true&ignore_throttled=true&search_type=query_then_fetch&batched_reduce_size=512&ccs_minimize_roundtrips=true] returned 2 warnings: [299 Elasticsearch-7.16.1-5b38441b16b1ebb16a27c107a4c3865776e20c53 "Elasticsearch built-in security features are not enabled. Without authentication, your cluster could be accessible to anyone. See https://www.elastic.co/guide/en/elasticsearch/reference/7.16/security-minimal-setup.html to enable security."],[299 Elasticsearch-7.16.1-5b38441b16b1ebb16a27c107a4c3865776e20c53 "[ignore_throttled] parameter is deprecated because frozen indices have been deprecated. Consider cold or frozen tiers in place of frozen indices."]
2023-08-04 12:56:05,541 INFO  [com.dot.ContainerResource] (docker-java-stream-824381349) STDOUT: 12:56:05.540  WARN  client.RestClient - request [POST http://elasticsearch:9200/cluster_51b0cac1ff.live_20230804125536/_search?typed_keys=true&max_concurrent_shard_requests=5&ignore_unavailable=false&expand_wildcards=open&allow_no_indices=true&ignore_throttled=true&search_type=query_then_fetch&batched_reduce_size=512&ccs_minimize_roundtrips=true] returned 2 warnings: [299 Elasticsearch-7.16.1-5b38441b16b1ebb16a27c107a4c3865776e20c53 "Elasticsearch built-in security features are not enabled. Without authentication, your cluster could be accessible to anyone. See https://www.elastic.co/guide/en/elasticsearch/reference/7.16/security-minimal-setup.html to enable security."],[299 Elasticsearch-7.16.1-5b38441b16b1ebb16a27c107a4c3865776e20c53 "[ignore_throttled] parameter is deprecated because frozen indices have been deprecated. Consider cold or frozen tiers in place of frozen indices."]
2023-08-04 12:56:05,545 INFO  [com.dot.ContainerResource] (docker-java-stream-824381349) STDOUT: 12:56:05.544  WARN  client.RestClient - request [POST http://elasticsearch:9200/cluster_51b0cac1ff.live_20230804125536/_search?typed_keys=true&max_concurrent_shard_requests=5&ignore_unavailable=false&expand_wildcards=open&allow_no_indices=true&ignore_throttled=true&search_type=query_then_fetch&batched_reduce_size=512&ccs_minimize_roundtrips=true] returned 2 warnings: [299 Elasticsearch-7.16.1-5b38441b16b1ebb16a27c107a4c3865776e20c53 "Elasticsearch built-in security features are not enabled. Without authentication, your cluster could be accessible to anyone. See https://www.elastic.co/guide/en/elasticsearch/reference/7.16/security-minimal-setup.html to enable security."],[299 Elasticsearch-7.16.1-5b38441b16b1ebb16a27c107a4c3865776e20c53 "[ignore_throttled] parameter is deprecated because frozen indices have been deprecated. Consider cold or frozen tiers in place of frozen indices."]
2023-08-04 12:56:05,551 INFO  [com.dot.ContainerResource] (docker-java-stream-824381349) STDOUT: 12:56:05.551  WARN  client.RestClient - request [POST http://elasticsearch:9200/cluster_51b0cac1ff.live_20230804125536/_search?typed_keys=true&max_concurrent_shard_requests=5&ignore_unavailable=false&expand_wildcards=open&allow_no_indices=true&ignore_throttled=true&search_type=query_then_fetch&batched_reduce_size=512&ccs_minimize_roundtrips=true] returned 2 warnings: [299 Elasticsearch-7.16.1-5b38441b16b1ebb16a27c107a4c3865776e20c53 "Elasticsearch built-in security features are not enabled. Without authentication, your cluster could be accessible to anyone. See https://www.elastic.co/guide/en/elasticsearch/reference/7.16/security-minimal-setup.html to enable security."],[299 Elasticsearch-7.16.1-5b38441b16b1ebb16a27c107a4c3865776e20c53 "[ignore_throttled] parameter is deprecated because frozen indices have been deprecated. Consider cold or frozen tiers in place of frozen indices."]
2023-08-04 12:56:05,557 INFO  [com.dot.ContainerResource] (docker-java-stream-824381349) STDOUT: 12:56:05.557  WARN  client.RestClient - request [POST http://elasticsearch:9200/cluster_51b0cac1ff.live_20230804125536/_search?typed_keys=true&max_concurrent_shard_requests=5&ignore_unavailable=false&expand_wildcards=open&allow_no_indices=true&ignore_throttled=true&search_type=query_then_fetch&batched_reduce_size=512&ccs_minimize_roundtrips=true] returned 2 warnings: [299 Elasticsearch-7.16.1-5b38441b16b1ebb16a27c107a4c3865776e20c53 "Elasticsearch built-in security features are not enabled. Without authentication, your cluster could be accessible to anyone. See https://www.elastic.co/guide/en/elasticsearch/reference/7.16/security-minimal-setup.html to enable security."],[299 Elasticsearch-7.16.1-5b38441b16b1ebb16a27c107a4c3865776e20c53 "[ignore_throttled] parameter is deprecated because frozen indices have been deprecated. Consider cold or frozen tiers in place of frozen indices."]
2023-08-04 12:56:05,562 INFO  [com.dot.ContainerResource] (docker-java-stream-824381349) STDOUT: 12:56:05.562  WARN  client.RestClient - request [POST http://elasticsearch:9200/cluster_51b0cac1ff.live_20230804125536/_search?typed_keys=true&max_concurrent_shard_requests=5&ignore_unavailable=false&expand_wildcards=open&allow_no_indices=true&ignore_throttled=true&search_type=query_then_fetch&batched_reduce_size=512&ccs_minimize_roundtrips=true] returned 2 warnings: [299 Elasticsearch-7.16.1-5b38441b16b1ebb16a27c107a4c3865776e20c53 "Elasticsearch built-in security features are not enabled. Without authentication, your cluster could be accessible to anyone. See https://www.elastic.co/guide/en/elasticsearch/reference/7.16/security-minimal-setup.html to enable security."],[299 Elasticsearch-7.16.1-5b38441b16b1ebb16a27c107a4c3865776e20c53 "[ignore_throttled] parameter is deprecated because frozen indices have been deprecated. Consider cold or frozen tiers in place of frozen indices."]
2023-08-04 12:56:05,567 INFO  [com.dot.ContainerResource] (docker-java-stream-824381349) STDOUT: 12:56:05.566  WARN  client.RestClient - request [POST http://elasticsearch:9200/cluster_51b0cac1ff.live_20230804125536/_search?typed_keys=true&max_concurrent_shard_requests=5&ignore_unavailable=false&expand_wildcards=open&allow_no_indices=true&ignore_throttled=true&search_type=query_then_fetch&batched_reduce_size=512&ccs_minimize_roundtrips=true] returned 2 warnings: [299 Elasticsearch-7.16.1-5b38441b16b1ebb16a27c107a4c3865776e20c53 "Elasticsearch built-in security features are not enabled. Without authentication, your cluster could be accessible to anyone. See https://www.elastic.co/guide/en/elasticsearch/reference/7.16/security-minimal-setup.html to enable security."],[299 Elasticsearch-7.16.1-5b38441b16b1ebb16a27c107a4c3865776e20c53 "[ignore_throttled] parameter is deprecated because frozen indices have been deprecated. Consider cold or frozen tiers in place of frozen indices."]
2023-08-04 12:56:05,571 INFO  [com.dot.ContainerResource] (docker-java-stream-824381349) STDOUT: 12:56:05.571  WARN  client.RestClient - request [POST http://elasticsearch:9200/cluster_51b0cac1ff.live_20230804125536/_search?typed_keys=true&max_concurrent_shard_requests=5&ignore_unavailable=false&expand_wildcards=open&allow_no_indices=true&ignore_throttled=true&search_type=query_then_fetch&batched_reduce_size=512&ccs_minimize_roundtrips=true] returned 2 warnings: [299 Elasticsearch-7.16.1-5b38441b16b1ebb16a27c107a4c3865776e20c53 "Elasticsearch built-in security features are not enabled. Without authentication, your cluster could be accessible to anyone. See https://www.elastic.co/guide/en/elasticsearch/reference/7.16/security-minimal-setup.html to enable security."],[299 Elasticsearch-7.16.1-5b38441b16b1ebb16a27c107a4c3865776e20c53 "[ignore_throttled] parameter is deprecated because frozen indices have been deprecated. Consider cold or frozen tiers in place of frozen indices."]
2023-08-04 12:56:05,576 INFO  [com.dot.ContainerResource] (docker-java-stream-824381349) STDOUT: 12:56:05.575  WARN  client.RestClient - request [POST http://elasticsearch:9200/cluster_51b0cac1ff.live_20230804125536/_search?typed_keys=true&max_concurrent_shard_requests=5&ignore_unavailable=false&expand_wildcards=open&allow_no_indices=true&ignore_throttled=true&search_type=query_then_fetch&batched_reduce_size=512&ccs_minimize_roundtrips=true] returned 2 warnings: [299 Elasticsearch-7.16.1-5b38441b16b1ebb16a27c107a4c3865776e20c53 "Elasticsearch built-in security features are not enabled. Without authentication, your cluster could be accessible to anyone. See https://www.elastic.co/guide/en/elasticsearch/reference/7.16/security-minimal-setup.html to enable security."],[299 Elasticsearch-7.16.1-5b38441b16b1ebb16a27c107a4c3865776e20c53 "[ignore_throttled] parameter is deprecated because frozen indices have been deprecated. Consider cold or frozen tiers in place of frozen indices."]
2023-08-04 12:56:05,579 INFO  [com.dot.ContainerResource] (docker-java-stream-824381349) STDOUT: 12:56:05.578  WARN  client.RestClient - request [POST http://elasticsearch:9200/cluster_51b0cac1ff.live_20230804125536/_search?typed_keys=true&max_concurrent_shard_requests=5&ignore_unavailable=false&expand_wildcards=open&allow_no_indices=true&ignore_throttled=true&search_type=query_then_fetch&batched_reduce_size=512&ccs_minimize_roundtrips=true] returned 2 warnings: [299 Elasticsearch-7.16.1-5b38441b16b1ebb16a27c107a4c3865776e20c53 "Elasticsearch built-in security features are not enabled. Without authentication, your cluster could be accessible to anyone. See https://www.elastic.co/guide/en/elasticsearch/reference/7.16/security-minimal-setup.html to enable security."],[299 Elasticsearch-7.16.1-5b38441b16b1ebb16a27c107a4c3865776e20c53 "[ignore_throttled] parameter is deprecated because frozen indices have been deprecated. Consider cold or frozen tiers in place of frozen indices."]
2023-08-04 12:56:05,583 INFO  [com.dot.ContainerResource] (docker-java-stream-824381349) STDOUT: 12:56:05.583  WARN  client.RestClient - request [POST http://elasticsearch:9200/cluster_51b0cac1ff.live_20230804125536/_search?typed_keys=true&max_concurrent_shard_requests=5&ignore_unavailable=false&expand_wildcards=open&allow_no_indices=true&ignore_throttled=true&search_type=query_then_fetch&batched_reduce_size=512&ccs_minimize_roundtrips=true] returned 2 warnings: [299 Elasticsearch-7.16.1-5b38441b16b1ebb16a27c107a4c3865776e20c53 "Elasticsearch built-in security features are not enabled. Without authentication, your cluster could be accessible to anyone. See https://www.elastic.co/guide/en/elasticsearch/reference/7.16/security-minimal-setup.html to enable security."],[299 Elasticsearch-7.16.1-5b38441b16b1ebb16a27c107a4c3865776e20c53 "[ignore_throttled] parameter is deprecated because frozen indices have been deprecated. Consider cold or frozen tiers in place of frozen indices."]
2023-08-04 12:56:05,586 INFO  [com.dot.ContainerResource] (docker-java-stream-824381349) STDOUT: 12:56:05.586  WARN  client.RestClient - request [POST http://elasticsearch:9200/cluster_51b0cac1ff.live_20230804125536/_search?typed_keys=true&max_concurrent_shard_requests=5&ignore_unavailable=false&expand_wildcards=open&allow_no_indices=true&ignore_throttled=true&search_type=query_then_fetch&batched_reduce_size=512&ccs_minimize_roundtrips=true] returned 2 warnings: [299 Elasticsearch-7.16.1-5b38441b16b1ebb16a27c107a4c3865776e20c53 "Elasticsearch built-in security features are not enabled. Without authentication, your cluster could be accessible to anyone. See https://www.elastic.co/guide/en/elasticsearch/reference/7.16/security-minimal-setup.html to enable security."],[299 Elasticsearch-7.16.1-5b38441b16b1ebb16a27c107a4c3865776e20c53 "[ignore_throttled] parameter is deprecated because frozen indices have been deprecated. Consider cold or frozen tiers in place of frozen indices."]
2023-08-04 12:56:05,589 INFO  [com.dot.ContainerResource] (docker-java-stream-824381349) STDOUT: 12:56:05.589  WARN  client.RestClient - request [POST http://elasticsearch:9200/cluster_51b0cac1ff.live_20230804125536/_search?typed_keys=true&max_concurrent_shard_requests=5&ignore_unavailable=false&expand_wildcards=open&allow_no_indices=true&ignore_throttled=true&search_type=query_then_fetch&batched_reduce_size=512&ccs_minimize_roundtrips=true] returned 2 warnings: [299 Elasticsearch-7.16.1-5b38441b16b1ebb16a27c107a4c3865776e20c53 "Elasticsearch built-in security features are not enabled. Without authentication, your cluster could be accessible to anyone. See https://www.elastic.co/guide/en/elasticsearch/reference/7.16/security-minimal-setup.html to enable security."],[299 Elasticsearch-7.16.1-5b38441b16b1ebb16a27c107a4c3865776e20c53 "[ignore_throttled] parameter is deprecated because frozen indices have been deprecated. Consider cold or frozen tiers in place of frozen indices."]
2023-08-04 12:56:05,592 INFO  [com.dot.ContainerResource] (docker-java-stream-824381349) STDOUT: 12:56:05.592  WARN  client.RestClient - request [POST http://elasticsearch:9200/cluster_51b0cac1ff.live_20230804125536/_search?typed_keys=true&max_concurrent_shard_requests=5&ignore_unavailable=false&expand_wildcards=open&allow_no_indices=true&ignore_throttled=true&search_type=query_then_fetch&batched_reduce_size=512&ccs_minimize_roundtrips=true] returned 2 warnings: [299 Elasticsearch-7.16.1-5b38441b16b1ebb16a27c107a4c3865776e20c53 "Elasticsearch built-in security features are not enabled. Without authentication, your cluster could be accessible to anyone. See https://www.elastic.co/guide/en/elasticsearch/reference/7.16/security-minimal-setup.html to enable security."],[299 Elasticsearch-7.16.1-5b38441b16b1ebb16a27c107a4c3865776e20c53 "[ignore_throttled] parameter is deprecated because frozen indices have been deprecated. Consider cold or frozen tiers in place of frozen indices."]
2023-08-04 12:56:05,595 INFO  [com.dot.ContainerResource] (docker-java-stream-824381349) STDOUT: 12:56:05.595  WARN  client.RestClient - request [POST http://elasticsearch:9200/cluster_51b0cac1ff.live_20230804125536/_search?typed_keys=true&max_concurrent_shard_requests=5&ignore_unavailable=false&expand_wildcards=open&allow_no_indices=true&ignore_throttled=true&search_type=query_then_fetch&batched_reduce_size=512&ccs_minimize_roundtrips=true] returned 2 warnings: [299 Elasticsearch-7.16.1-5b38441b16b1ebb16a27c107a4c3865776e20c53 "Elasticsearch built-in security features are not enabled. Without authentication, your cluster could be accessible to anyone. See https://www.elastic.co/guide/en/elasticsearch/reference/7.16/security-minimal-setup.html to enable security."],[299 Elasticsearch-7.16.1-5b38441b16b1ebb16a27c107a4c3865776e20c53 "[ignore_throttled] parameter is deprecated because frozen indices have been deprecated. Consider cold or frozen tiers in place of frozen indices."]
2023-08-04 12:56:05,599 INFO  [com.dot.ContainerResource] (docker-java-stream-824381349) STDOUT: 12:56:05.599  WARN  client.RestClient - request [POST http://elasticsearch:9200/cluster_51b0cac1ff.live_20230804125536/_search?typed_keys=true&max_concurrent_shard_requests=5&ignore_unavailable=false&expand_wildcards=open&allow_no_indices=true&ignore_throttled=true&search_type=query_then_fetch&batched_reduce_size=512&ccs_minimize_roundtrips=true] returned 2 warnings: [299 Elasticsearch-7.16.1-5b38441b16b1ebb16a27c107a4c3865776e20c53 "Elasticsearch built-in security features are not enabled. Without authentication, your cluster could be accessible to anyone. See https://www.elastic.co/guide/en/elasticsearch/reference/7.16/security-minimal-setup.html to enable security."],[299 Elasticsearch-7.16.1-5b38441b16b1ebb16a27c107a4c3865776e20c53 "[ignore_throttled] parameter is deprecated because frozen indices have been deprecated. Consider cold or frozen tiers in place of frozen indices."]
2023-08-04 12:56:05,602 INFO  [com.dot.ContainerResource] (docker-java-stream-824381349) STDOUT: 12:56:05.602  WARN  client.RestClient - request [POST http://elasticsearch:9200/cluster_51b0cac1ff.live_20230804125536/_search?typed_keys=true&max_concurrent_shard_requests=5&ignore_unavailable=false&expand_wildcards=open&allow_no_indices=true&ignore_throttled=true&search_type=query_then_fetch&batched_reduce_size=512&ccs_minimize_roundtrips=true] returned 2 warnings: [299 Elasticsearch-7.16.1-5b38441b16b1ebb16a27c107a4c3865776e20c53 "Elasticsearch built-in security features are not enabled. Without authentication, your cluster could be accessible to anyone. See https://www.elastic.co/guide/en/elasticsearch/reference/7.16/security-minimal-setup.html to enable security."],[299 Elasticsearch-7.16.1-5b38441b16b1ebb16a27c107a4c3865776e20c53 "[ignore_throttled] parameter is deprecated because frozen indices have been deprecated. Consider cold or frozen tiers in place of frozen indices."]
2023-08-04 12:56:05,605 INFO  [com.dot.ContainerResource] (docker-java-stream-824381349) STDOUT: 12:56:05.605  WARN  client.RestClient - request [POST http://elasticsearch:9200/cluster_51b0cac1ff.live_20230804125536/_search?typed_keys=true&max_concurrent_shard_requests=5&ignore_unavailable=false&expand_wildcards=open&allow_no_indices=true&ignore_throttled=true&search_type=query_then_fetch&batched_reduce_size=512&ccs_minimize_roundtrips=true] returned 2 warnings: [299 Elasticsearch-7.16.1-5b38441b16b1ebb16a27c107a4c3865776e20c53 "Elasticsearch built-in security features are not enabled. Without authentication, your cluster could be accessible to anyone. See https://www.elastic.co/guide/en/elasticsearch/reference/7.16/security-minimal-setup.html to enable security."],[299 Elasticsearch-7.16.1-5b38441b16b1ebb16a27c107a4c3865776e20c53 "[ignore_throttled] parameter is deprecated because frozen indices have been deprecated. Consider cold or frozen tiers in place of frozen indices."]
2023-08-04 12:56:05,610 INFO  [com.dot.ContainerResource] (docker-java-stream-824381349) STDOUT: 12:56:05.609  WARN  client.RestClient - request [POST http://elasticsearch:9200/cluster_51b0cac1ff.live_20230804125536/_search?typed_keys=true&max_concurrent_shard_requests=5&ignore_unavailable=false&expand_wildcards=open&allow_no_indices=true&ignore_throttled=true&search_type=query_then_fetch&batched_reduce_size=512&ccs_minimize_roundtrips=true] returned 2 warnings: [299 Elasticsearch-7.16.1-5b38441b16b1ebb16a27c107a4c3865776e20c53 "Elasticsearch built-in security features are not enabled. Without authentication, your cluster could be accessible to anyone. See https://www.elastic.co/guide/en/elasticsearch/reference/7.16/security-minimal-setup.html to enable security."],[299 Elasticsearch-7.16.1-5b38441b16b1ebb16a27c107a4c3865776e20c53 "[ignore_throttled] parameter is deprecated because frozen indices have been deprecated. Consider cold or frozen tiers in place of frozen indices."]
2023-08-04 12:56:05,613 INFO  [com.dot.ContainerResource] (docker-java-stream-824381349) STDOUT: 12:56:05.613  WARN  client.RestClient - request [POST http://elasticsearch:9200/cluster_51b0cac1ff.live_20230804125536/_search?typed_keys=true&max_concurrent_shard_requests=5&ignore_unavailable=false&expand_wildcards=open&allow_no_indices=true&ignore_throttled=true&search_type=query_then_fetch&batched_reduce_size=512&ccs_minimize_roundtrips=true] returned 2 warnings: [299 Elasticsearch-7.16.1-5b38441b16b1ebb16a27c107a4c3865776e20c53 "Elasticsearch built-in security features are not enabled. Without authentication, your cluster could be accessible to anyone. See https://www.elastic.co/guide/en/elasticsearch/reference/7.16/security-minimal-setup.html to enable security."],[299 Elasticsearch-7.16.1-5b38441b16b1ebb16a27c107a4c3865776e20c53 "[ignore_throttled] parameter is deprecated because frozen indices have been deprecated. Consider cold or frozen tiers in place of frozen indices."]
2023-08-04 12:56:05,616 INFO  [com.dot.ContainerResource] (docker-java-stream-824381349) STDOUT: 12:56:05.616  WARN  client.RestClient - request [POST http://elasticsearch:9200/cluster_51b0cac1ff.live_20230804125536/_search?typed_keys=true&max_concurrent_shard_requests=5&ignore_unavailable=false&expand_wildcards=open&allow_no_indices=true&ignore_throttled=true&search_type=query_then_fetch&batched_reduce_size=512&ccs_minimize_roundtrips=true] returned 2 warnings: [299 Elasticsearch-7.16.1-5b38441b16b1ebb16a27c107a4c3865776e20c53 "Elasticsearch built-in security features are not enabled. Without authentication, your cluster could be accessible to anyone. See https://www.elastic.co/guide/en/elasticsearch/reference/7.16/security-minimal-setup.html to enable security."],[299 Elasticsearch-7.16.1-5b38441b16b1ebb16a27c107a4c3865776e20c53 "[ignore_throttled] parameter is deprecated because frozen indices have been deprecated. Consider cold or frozen tiers in place of frozen indices."]
2023-08-04 12:56:05,620 INFO  [com.dot.ContainerResource] (docker-java-stream-824381349) STDOUT: 12:56:05.619  WARN  client.RestClient - request [POST http://elasticsearch:9200/cluster_51b0cac1ff.live_20230804125536/_search?typed_keys=true&max_concurrent_shard_requests=5&ignore_unavailable=false&expand_wildcards=open&allow_no_indices=true&ignore_throttled=true&search_type=query_then_fetch&batched_reduce_size=512&ccs_minimize_roundtrips=true] returned 2 warnings: [299 Elasticsearch-7.16.1-5b38441b16b1ebb16a27c107a4c3865776e20c53 "Elasticsearch built-in security features are not enabled. Without authentication, your cluster could be accessible to anyone. See https://www.elastic.co/guide/en/elasticsearch/reference/7.16/security-minimal-setup.html to enable security."],[299 Elasticsearch-7.16.1-5b38441b16b1ebb16a27c107a4c3865776e20c53 "[ignore_throttled] parameter is deprecated because frozen indices have been deprecated. Consider cold or frozen tiers in place of frozen indices."]
2023-08-04 12:56:05,623 INFO  [com.dot.ContainerResource] (docker-java-stream-824381349) STDOUT: 12:56:05.622  WARN  client.RestClient - request [POST http://elasticsearch:9200/cluster_51b0cac1ff.live_20230804125536/_search?typed_keys=true&max_concurrent_shard_requests=5&ignore_unavailable=false&expand_wildcards=open&allow_no_indices=true&ignore_throttled=true&search_type=query_then_fetch&batched_reduce_size=512&ccs_minimize_roundtrips=true] returned 2 warnings: [299 Elasticsearch-7.16.1-5b38441b16b1ebb16a27c107a4c3865776e20c53 "Elasticsearch built-in security features are not enabled. Without authentication, your cluster could be accessible to anyone. See https://www.elastic.co/guide/en/elasticsearch/reference/7.16/security-minimal-setup.html to enable security."],[299 Elasticsearch-7.16.1-5b38441b16b1ebb16a27c107a4c3865776e20c53 "[ignore_throttled] parameter is deprecated because frozen indices have been deprecated. Consider cold or frozen tiers in place of frozen indices."]
2023-08-04 12:56:05,626 INFO  [com.dot.ContainerResource] (docker-java-stream-824381349) STDOUT: 12:56:05.626  WARN  client.RestClient - request [POST http://elasticsearch:9200/cluster_51b0cac1ff.live_20230804125536/_search?typed_keys=true&max_concurrent_shard_requests=5&ignore_unavailable=false&expand_wildcards=open&allow_no_indices=true&ignore_throttled=true&search_type=query_then_fetch&batched_reduce_size=512&ccs_minimize_roundtrips=true] returned 2 warnings: [299 Elasticsearch-7.16.1-5b38441b16b1ebb16a27c107a4c3865776e20c53 "Elasticsearch built-in security features are not enabled. Without authentication, your cluster could be accessible to anyone. See https://www.elastic.co/guide/en/elasticsearch/reference/7.16/security-minimal-setup.html to enable security."],[299 Elasticsearch-7.16.1-5b38441b16b1ebb16a27c107a4c3865776e20c53 "[ignore_throttled] parameter is deprecated because frozen indices have been deprecated. Consider cold or frozen tiers in place of frozen indices."]
2023-08-04 12:56:05,630 INFO  [com.dot.ContainerResource] (docker-java-stream-824381349) STDOUT: 12:56:05.630  WARN  client.RestClient - request [POST http://elasticsearch:9200/cluster_51b0cac1ff.live_20230804125536/_search?typed_keys=true&max_concurrent_shard_requests=5&ignore_unavailable=false&expand_wildcards=open&allow_no_indices=true&ignore_throttled=true&search_type=query_then_fetch&batched_reduce_size=512&ccs_minimize_roundtrips=true] returned 2 warnings: [299 Elasticsearch-7.16.1-5b38441b16b1ebb16a27c107a4c3865776e20c53 "Elasticsearch built-in security features are not enabled. Without authentication, your cluster could be accessible to anyone. See https://www.elastic.co/guide/en/elasticsearch/reference/7.16/security-minimal-setup.html to enable security."],[299 Elasticsearch-7.16.1-5b38441b16b1ebb16a27c107a4c3865776e20c53 "[ignore_throttled] parameter is deprecated because frozen indices have been deprecated. Consider cold or frozen tiers in place of frozen indices."]
2023-08-04 12:56:05,633 INFO  [com.dot.ContainerResource] (docker-java-stream-824381349) STDOUT: 12:56:05.633  WARN  client.RestClient - request [POST http://elasticsearch:9200/cluster_51b0cac1ff.live_20230804125536/_search?typed_keys=true&max_concurrent_shard_requests=5&ignore_unavailable=false&expand_wildcards=open&allow_no_indices=true&ignore_throttled=true&search_type=query_then_fetch&batched_reduce_size=512&ccs_minimize_roundtrips=true] returned 2 warnings: [299 Elasticsearch-7.16.1-5b38441b16b1ebb16a27c107a4c3865776e20c53 "Elasticsearch built-in security features are not enabled. Without authentication, your cluster could be accessible to anyone. See https://www.elastic.co/guide/en/elasticsearch/reference/7.16/security-minimal-setup.html to enable security."],[299 Elasticsearch-7.16.1-5b38441b16b1ebb16a27c107a4c3865776e20c53 "[ignore_throttled] parameter is deprecated because frozen indices have been deprecated. Consider cold or frozen tiers in place of frozen indices."]
2023-08-04 12:56:05,636 INFO  [com.dot.ContainerResource] (docker-java-stream-824381349) STDOUT: 12:56:05.636  WARN  client.RestClient - request [POST http://elasticsearch:9200/cluster_51b0cac1ff.live_20230804125536/_search?typed_keys=true&max_concurrent_shard_requests=5&ignore_unavailable=false&expand_wildcards=open&allow_no_indices=true&ignore_throttled=true&search_type=query_then_fetch&batched_reduce_size=512&ccs_minimize_roundtrips=true] returned 2 warnings: [299 Elasticsearch-7.16.1-5b38441b16b1ebb16a27c107a4c3865776e20c53 "Elasticsearch built-in security features are not enabled. Without authentication, your cluster could be accessible to anyone. See https://www.elastic.co/guide/en/elasticsearch/reference/7.16/security-minimal-setup.html to enable security."],[299 Elasticsearch-7.16.1-5b38441b16b1ebb16a27c107a4c3865776e20c53 "[ignore_throttled] parameter is deprecated because frozen indices have been deprecated. Consider cold or frozen tiers in place of frozen indices."]
2023-08-04 12:56:05,643 INFO  [com.dot.ContainerResource] (docker-java-stream-824381349) STDOUT: 12:56:05.643  WARN  client.RestClient - request [POST http://elasticsearch:9200/cluster_51b0cac1ff.live_20230804125536/_search?typed_keys=true&max_concurrent_shard_requests=5&ignore_unavailable=false&expand_wildcards=open&allow_no_indices=true&ignore_throttled=true&search_type=query_then_fetch&batched_reduce_size=512&ccs_minimize_roundtrips=true] returned 2 warnings: [299 Elasticsearch-7.16.1-5b38441b16b1ebb16a27c107a4c3865776e20c53 "Elasticsearch built-in security features are not enabled. Without authentication, your cluster could be accessible to anyone. See https://www.elastic.co/guide/en/elasticsearch/reference/7.16/security-minimal-setup.html to enable security."],[299 Elasticsearch-7.16.1-5b38441b16b1ebb16a27c107a4c3865776e20c53 "[ignore_throttled] parameter is deprecated because frozen indices have been deprecated. Consider cold or frozen tiers in place of frozen indices."]
2023-08-04 12:56:05,647 INFO  [com.dot.ContainerResource] (docker-java-stream-824381349) STDOUT: 12:56:05.646  WARN  client.RestClient - request [POST http://elasticsearch:9200/cluster_51b0cac1ff.live_20230804125536/_search?typed_keys=true&max_concurrent_shard_requests=5&ignore_unavailable=false&expand_wildcards=open&allow_no_indices=true&ignore_throttled=true&search_type=query_then_fetch&batched_reduce_size=512&ccs_minimize_roundtrips=true] returned 2 warnings: [299 Elasticsearch-7.16.1-5b38441b16b1ebb16a27c107a4c3865776e20c53 "Elasticsearch built-in security features are not enabled. Without authentication, your cluster could be accessible to anyone. See https://www.elastic.co/guide/en/elasticsearch/reference/7.16/security-minimal-setup.html to enable security."],[299 Elasticsearch-7.16.1-5b38441b16b1ebb16a27c107a4c3865776e20c53 "[ignore_throttled] parameter is deprecated because frozen indices have been deprecated. Consider cold or frozen tiers in place of frozen indices."]
2023-08-04 12:56:05,650 INFO  [com.dot.ContainerResource] (docker-java-stream-824381349) STDOUT: 12:56:05.649  WARN  client.RestClient - request [POST http://elasticsearch:9200/cluster_51b0cac1ff.live_20230804125536/_search?typed_keys=true&max_concurrent_shard_requests=5&ignore_unavailable=false&expand_wildcards=open&allow_no_indices=true&ignore_throttled=true&search_type=query_then_fetch&batched_reduce_size=512&ccs_minimize_roundtrips=true] returned 2 warnings: [299 Elasticsearch-7.16.1-5b38441b16b1ebb16a27c107a4c3865776e20c53 "Elasticsearch built-in security features are not enabled. Without authentication, your cluster could be accessible to anyone. See https://www.elastic.co/guide/en/elasticsearch/reference/7.16/security-minimal-setup.html to enable security."],[299 Elasticsearch-7.16.1-5b38441b16b1ebb16a27c107a4c3865776e20c53 "[ignore_throttled] parameter is deprecated because frozen indices have been deprecated. Consider cold or frozen tiers in place of frozen indices."]
2023-08-04 12:56:05,678 INFO  [com.dot.ContainerResource] (docker-java-stream-824381349) STDOUT: 12:56:05.676  WARN  client.RestClient - request [POST http://elasticsearch:9200/cluster_51b0cac1ff.live_20230804125536/_search?typed_keys=true&max_concurrent_shard_requests=5&ignore_unavailable=false&expand_wildcards=open&allow_no_indices=true&ignore_throttled=true&search_type=query_then_fetch&batched_reduce_size=512&ccs_minimize_roundtrips=true] returned 2 warnings: [299 Elasticsearch-7.16.1-5b38441b16b1ebb16a27c107a4c3865776e20c53 "Elasticsearch built-in security features are not enabled. Without authentication, your cluster could be accessible to anyone. See https://www.elastic.co/guide/en/elasticsearch/reference/7.16/security-minimal-setup.html to enable security."],[299 Elasticsearch-7.16.1-5b38441b16b1ebb16a27c107a4c3865776e20c53 "[ignore_throttled] parameter is deprecated because frozen indices have been deprecated. Consider cold or frozen tiers in place of frozen indices."]
2023-08-04 12:56:05,803 INFO  [com.dot.ContainerResource] (docker-java-stream-824381349) STDOUT: 12:56:05.802  WARN  client.RestClient - request [POST http://elasticsearch:9200/cluster_51b0cac1ff.live_20230804125536/_search?typed_keys=true&max_concurrent_shard_requests=5&ignore_unavailable=false&expand_wildcards=open&allow_no_indices=true&ignore_throttled=true&search_type=query_then_fetch&batched_reduce_size=512&ccs_minimize_roundtrips=true] returned 2 warnings: [299 Elasticsearch-7.16.1-5b38441b16b1ebb16a27c107a4c3865776e20c53 "Elasticsearch built-in security features are not enabled. Without authentication, your cluster could be accessible to anyone. See https://www.elastic.co/guide/en/elasticsearch/reference/7.16/security-minimal-setup.html to enable security."],[299 Elasticsearch-7.16.1-5b38441b16b1ebb16a27c107a4c3865776e20c53 "[ignore_throttled] parameter is deprecated because frozen indices have been deprecated. Consider cold or frozen tiers in place of frozen indices."]
2023-08-04 12:56:05,809 INFO  [com.dot.ContainerResource] (docker-java-stream-824381349) STDOUT: 12:56:05.809  WARN  client.RestClient - request [POST http://elasticsearch:9200/cluster_51b0cac1ff.live_20230804125536/_search?typed_keys=true&max_concurrent_shard_requests=5&ignore_unavailable=false&expand_wildcards=open&allow_no_indices=true&ignore_throttled=true&search_type=query_then_fetch&batched_reduce_size=512&ccs_minimize_roundtrips=true] returned 2 warnings: [299 Elasticsearch-7.16.1-5b38441b16b1ebb16a27c107a4c3865776e20c53 "Elasticsearch built-in security features are not enabled. Without authentication, your cluster could be accessible to anyone. See https://www.elastic.co/guide/en/elasticsearch/reference/7.16/security-minimal-setup.html to enable security."],[299 Elasticsearch-7.16.1-5b38441b16b1ebb16a27c107a4c3865776e20c53 "[ignore_throttled] parameter is deprecated because frozen indices have been deprecated. Consider cold or frozen tiers in place of frozen indices."]
2023-08-04 12:56:05,814 INFO  [com.dot.ContainerResource] (docker-java-stream-824381349) STDOUT: 12:56:05.814  WARN  client.RestClient - request [POST http://elasticsearch:9200/cluster_51b0cac1ff.live_20230804125536/_search?typed_keys=true&max_concurrent_shard_requests=5&ignore_unavailable=false&expand_wildcards=open&allow_no_indices=true&ignore_throttled=true&search_type=query_then_fetch&batched_reduce_size=512&ccs_minimize_roundtrips=true] returned 2 warnings: [299 Elasticsearch-7.16.1-5b38441b16b1ebb16a27c107a4c3865776e20c53 "Elasticsearch built-in security features are not enabled. Without authentication, your cluster could be accessible to anyone. See https://www.elastic.co/guide/en/elasticsearch/reference/7.16/security-minimal-setup.html to enable security."],[299 Elasticsearch-7.16.1-5b38441b16b1ebb16a27c107a4c3865776e20c53 "[ignore_throttled] parameter is deprecated because frozen indices have been deprecated. Consider cold or frozen tiers in place of frozen indices."]
2023-08-04 12:56:05,820 INFO  [com.dot.ContainerResource] (docker-java-stream-824381349) STDOUT: 12:56:05.819  WARN  client.RestClient - request [POST http://elasticsearch:9200/cluster_51b0cac1ff.live_20230804125536/_search?typed_keys=true&max_concurrent_shard_requests=5&ignore_unavailable=false&expand_wildcards=open&allow_no_indices=true&ignore_throttled=true&search_type=query_then_fetch&batched_reduce_size=512&ccs_minimize_roundtrips=true] returned 2 warnings: [299 Elasticsearch-7.16.1-5b38441b16b1ebb16a27c107a4c3865776e20c53 "Elasticsearch built-in security features are not enabled. Without authentication, your cluster could be accessible to anyone. See https://www.elastic.co/guide/en/elasticsearch/reference/7.16/security-minimal-setup.html to enable security."],[299 Elasticsearch-7.16.1-5b38441b16b1ebb16a27c107a4c3865776e20c53 "[ignore_throttled] parameter is deprecated because frozen indices have been deprecated. Consider cold or frozen tiers in place of frozen indices."]
2023-08-04 12:56:05,824 INFO  [com.dot.ContainerResource] (docker-java-stream-824381349) STDOUT: 12:56:05.824  WARN  client.RestClient - request [POST http://elasticsearch:9200/cluster_51b0cac1ff.live_20230804125536/_search?typed_keys=true&max_concurrent_shard_requests=5&ignore_unavailable=false&expand_wildcards=open&allow_no_indices=true&ignore_throttled=true&search_type=query_then_fetch&batched_reduce_size=512&ccs_minimize_roundtrips=true] returned 2 warnings: [299 Elasticsearch-7.16.1-5b38441b16b1ebb16a27c107a4c3865776e20c53 "Elasticsearch built-in security features are not enabled. Without authentication, your cluster could be accessible to anyone. See https://www.elastic.co/guide/en/elasticsearch/reference/7.16/security-minimal-setup.html to enable security."],[299 Elasticsearch-7.16.1-5b38441b16b1ebb16a27c107a4c3865776e20c53 "[ignore_throttled] parameter is deprecated because frozen indices have been deprecated. Consider cold or frozen tiers in place of frozen indices."]
2023-08-04 12:56:05,831 INFO  [com.dot.ContainerResource] (docker-java-stream-824381349) STDOUT: 12:56:05.831  WARN  client.RestClient - request [POST http://elasticsearch:9200/cluster_51b0cac1ff.live_20230804125536/_search?typed_keys=true&max_concurrent_shard_requests=5&ignore_unavailable=false&expand_wildcards=open&allow_no_indices=true&ignore_throttled=true&search_type=query_then_fetch&batched_reduce_size=512&ccs_minimize_roundtrips=true] returned 2 warnings: [299 Elasticsearch-7.16.1-5b38441b16b1ebb16a27c107a4c3865776e20c53 "Elasticsearch built-in security features are not enabled. Without authentication, your cluster could be accessible to anyone. See https://www.elastic.co/guide/en/elasticsearch/reference/7.16/security-minimal-setup.html to enable security."],[299 Elasticsearch-7.16.1-5b38441b16b1ebb16a27c107a4c3865776e20c53 "[ignore_throttled] parameter is deprecated because frozen indices have been deprecated. Consider cold or frozen tiers in place of frozen indices."]
2023-08-04 12:56:05,837 INFO  [com.dot.ContainerResource] (docker-java-stream-824381349) STDOUT: 12:56:05.837  WARN  client.RestClient - request [POST http://elasticsearch:9200/cluster_51b0cac1ff.live_20230804125536/_search?typed_keys=true&max_concurrent_shard_requests=5&ignore_unavailable=false&expand_wildcards=open&allow_no_indices=true&ignore_throttled=true&search_type=query_then_fetch&batched_reduce_size=512&ccs_minimize_roundtrips=true] returned 2 warnings: [299 Elasticsearch-7.16.1-5b38441b16b1ebb16a27c107a4c3865776e20c53 "Elasticsearch built-in security features are not enabled. Without authentication, your cluster could be accessible to anyone. See https://www.elastic.co/guide/en/elasticsearch/reference/7.16/security-minimal-setup.html to enable security."],[299 Elasticsearch-7.16.1-5b38441b16b1ebb16a27c107a4c3865776e20c53 "[ignore_throttled] parameter is deprecated because frozen indices have been deprecated. Consider cold or frozen tiers in place of frozen indices."]
2023-08-04 12:56:05,842 INFO  [com.dot.ContainerResource] (docker-java-stream-824381349) STDOUT: 12:56:05.841  WARN  client.RestClient - request [POST http://elasticsearch:9200/cluster_51b0cac1ff.live_20230804125536/_search?typed_keys=true&max_concurrent_shard_requests=5&ignore_unavailable=false&expand_wildcards=open&allow_no_indices=true&ignore_throttled=true&search_type=query_then_fetch&batched_reduce_size=512&ccs_minimize_roundtrips=true] returned 2 warnings: [299 Elasticsearch-7.16.1-5b38441b16b1ebb16a27c107a4c3865776e20c53 "Elasticsearch built-in security features are not enabled. Without authentication, your cluster could be accessible to anyone. See https://www.elastic.co/guide/en/elasticsearch/reference/7.16/security-minimal-setup.html to enable security."],[299 Elasticsearch-7.16.1-5b38441b16b1ebb16a27c107a4c3865776e20c53 "[ignore_throttled] parameter is deprecated because frozen indices have been deprecated. Consider cold or frozen tiers in place of frozen indices."]
2023-08-04 12:56:05,846 INFO  [com.dot.ContainerResource] (docker-java-stream-824381349) STDOUT: 12:56:05.845  WARN  client.RestClient - request [POST http://elasticsearch:9200/cluster_51b0cac1ff.live_20230804125536/_search?typed_keys=true&max_concurrent_shard_requests=5&ignore_unavailable=false&expand_wildcards=open&allow_no_indices=true&ignore_throttled=true&search_type=query_then_fetch&batched_reduce_size=512&ccs_minimize_roundtrips=true] returned 2 warnings: [299 Elasticsearch-7.16.1-5b38441b16b1ebb16a27c107a4c3865776e20c53 "Elasticsearch built-in security features are not enabled. Without authentication, your cluster could be accessible to anyone. See https://www.elastic.co/guide/en/elasticsearch/reference/7.16/security-minimal-setup.html to enable security."],[299 Elasticsearch-7.16.1-5b38441b16b1ebb16a27c107a4c3865776e20c53 "[ignore_throttled] parameter is deprecated because frozen indices have been deprecated. Consider cold or frozen tiers in place of frozen indices."]
2023-08-04 12:56:05,849 INFO  [com.dot.ContainerResource] (docker-java-stream-824381349) STDOUT: 12:56:05.849  WARN  client.RestClient - request [POST http://elasticsearch:9200/cluster_51b0cac1ff.live_20230804125536/_search?typed_keys=true&max_concurrent_shard_requests=5&ignore_unavailable=false&expand_wildcards=open&allow_no_indices=true&ignore_throttled=true&search_type=query_then_fetch&batched_reduce_size=512&ccs_minimize_roundtrips=true] returned 2 warnings: [299 Elasticsearch-7.16.1-5b38441b16b1ebb16a27c107a4c3865776e20c53 "Elasticsearch built-in security features are not enabled. Without authentication, your cluster could be accessible to anyone. See https://www.elastic.co/guide/en/elasticsearch/reference/7.16/security-minimal-setup.html to enable security."],[299 Elasticsearch-7.16.1-5b38441b16b1ebb16a27c107a4c3865776e20c53 "[ignore_throttled] parameter is deprecated because frozen indices have been deprecated. Consider cold or frozen tiers in place of frozen indices."]
2023-08-04 12:56:05,853 INFO  [com.dot.ContainerResource] (docker-java-stream-824381349) STDOUT: 12:56:05.853  WARN  client.RestClient - request [POST http://elasticsearch:9200/cluster_51b0cac1ff.live_20230804125536/_search?typed_keys=true&max_concurrent_shard_requests=5&ignore_unavailable=false&expand_wildcards=open&allow_no_indices=true&ignore_throttled=true&search_type=query_then_fetch&batched_reduce_size=512&ccs_minimize_roundtrips=true] returned 2 warnings: [299 Elasticsearch-7.16.1-5b38441b16b1ebb16a27c107a4c3865776e20c53 "Elasticsearch built-in security features are not enabled. Without authentication, your cluster could be accessible to anyone. See https://www.elastic.co/guide/en/elasticsearch/reference/7.16/security-minimal-setup.html to enable security."],[299 Elasticsearch-7.16.1-5b38441b16b1ebb16a27c107a4c3865776e20c53 "[ignore_throttled] parameter is deprecated because frozen indices have been deprecated. Consider cold or frozen tiers in place of frozen indices."]
2023-08-04 12:56:05,857 INFO  [com.dot.ContainerResource] (docker-java-stream-824381349) STDOUT: 12:56:05.856  WARN  client.RestClient - request [POST http://elasticsearch:9200/cluster_51b0cac1ff.live_20230804125536/_search?typed_keys=true&max_concurrent_shard_requests=5&ignore_unavailable=false&expand_wildcards=open&allow_no_indices=true&ignore_throttled=true&search_type=query_then_fetch&batched_reduce_size=512&ccs_minimize_roundtrips=true] returned 2 warnings: [299 Elasticsearch-7.16.1-5b38441b16b1ebb16a27c107a4c3865776e20c53 "Elasticsearch built-in security features are not enabled. Without authentication, your cluster could be accessible to anyone. See https://www.elastic.co/guide/en/elasticsearch/reference/7.16/security-minimal-setup.html to enable security."],[299 Elasticsearch-7.16.1-5b38441b16b1ebb16a27c107a4c3865776e20c53 "[ignore_throttled] parameter is deprecated because frozen indices have been deprecated. Consider cold or frozen tiers in place of frozen indices."]
2023-08-04 12:56:05,860 INFO  [com.dot.ContainerResource] (docker-java-stream-824381349) STDOUT: 12:56:05.860  WARN  client.RestClient - request [POST http://elasticsearch:9200/cluster_51b0cac1ff.live_20230804125536/_search?typed_keys=true&max_concurrent_shard_requests=5&ignore_unavailable=false&expand_wildcards=open&allow_no_indices=true&ignore_throttled=true&search_type=query_then_fetch&batched_reduce_size=512&ccs_minimize_roundtrips=true] returned 2 warnings: [299 Elasticsearch-7.16.1-5b38441b16b1ebb16a27c107a4c3865776e20c53 "Elasticsearch built-in security features are not enabled. Without authentication, your cluster could be accessible to anyone. See https://www.elastic.co/guide/en/elasticsearch/reference/7.16/security-minimal-setup.html to enable security."],[299 Elasticsearch-7.16.1-5b38441b16b1ebb16a27c107a4c3865776e20c53 "[ignore_throttled] parameter is deprecated because frozen indices have been deprecated. Consider cold or frozen tiers in place of frozen indices."]
2023-08-04 12:56:05,863 INFO  [com.dot.ContainerResource] (docker-java-stream-824381349) STDOUT: 12:56:05.863  WARN  client.RestClient - request [POST http://elasticsearch:9200/cluster_51b0cac1ff.live_20230804125536/_search?typed_keys=true&max_concurrent_shard_requests=5&ignore_unavailable=false&expand_wildcards=open&allow_no_indices=true&ignore_throttled=true&search_type=query_then_fetch&batched_reduce_size=512&ccs_minimize_roundtrips=true] returned 2 warnings: [299 Elasticsearch-7.16.1-5b38441b16b1ebb16a27c107a4c3865776e20c53 "Elasticsearch built-in security features are not enabled. Without authentication, your cluster could be accessible to anyone. See https://www.elastic.co/guide/en/elasticsearch/reference/7.16/security-minimal-setup.html to enable security."],[299 Elasticsearch-7.16.1-5b38441b16b1ebb16a27c107a4c3865776e20c53 "[ignore_throttled] parameter is deprecated because frozen indices have been deprecated. Consider cold or frozen tiers in place of frozen indices."]
2023-08-04 12:56:05,867 INFO  [com.dot.ContainerResource] (docker-java-stream-824381349) STDOUT: 12:56:05.867  WARN  client.RestClient - request [POST http://elasticsearch:9200/cluster_51b0cac1ff.live_20230804125536/_search?typed_keys=true&max_concurrent_shard_requests=5&ignore_unavailable=false&expand_wildcards=open&allow_no_indices=true&ignore_throttled=true&search_type=query_then_fetch&batched_reduce_size=512&ccs_minimize_roundtrips=true] returned 2 warnings: [299 Elasticsearch-7.16.1-5b38441b16b1ebb16a27c107a4c3865776e20c53 "Elasticsearch built-in security features are not enabled. Without authentication, your cluster could be accessible to anyone. See https://www.elastic.co/guide/en/elasticsearch/reference/7.16/security-minimal-setup.html to enable security."],[299 Elasticsearch-7.16.1-5b38441b16b1ebb16a27c107a4c3865776e20c53 "[ignore_throttled] parameter is deprecated because frozen indices have been deprecated. Consider cold or frozen tiers in place of frozen indices."]
2023-08-04 12:56:05,870 INFO  [com.dot.ContainerResource] (docker-java-stream-824381349) STDOUT: 12:56:05.870  WARN  client.RestClient - request [POST http://elasticsearch:9200/cluster_51b0cac1ff.live_20230804125536/_search?typed_keys=true&max_concurrent_shard_requests=5&ignore_unavailable=false&expand_wildcards=open&allow_no_indices=true&ignore_throttled=true&search_type=query_then_fetch&batched_reduce_size=512&ccs_minimize_roundtrips=true] returned 2 warnings: [299 Elasticsearch-7.16.1-5b38441b16b1ebb16a27c107a4c3865776e20c53 "Elasticsearch built-in security features are not enabled. Without authentication, your cluster could be accessible to anyone. See https://www.elastic.co/guide/en/elasticsearch/reference/7.16/security-minimal-setup.html to enable security."],[299 Elasticsearch-7.16.1-5b38441b16b1ebb16a27c107a4c3865776e20c53 "[ignore_throttled] parameter is deprecated because frozen indices have been deprecated. Consider cold or frozen tiers in place of frozen indices."]
2023-08-04 12:56:05,874 INFO  [com.dot.ContainerResource] (docker-java-stream-824381349) STDOUT: 12:56:05.873  WARN  client.RestClient - request [POST http://elasticsearch:9200/cluster_51b0cac1ff.live_20230804125536/_search?typed_keys=true&max_concurrent_shard_requests=5&ignore_unavailable=false&expand_wildcards=open&allow_no_indices=true&ignore_throttled=true&search_type=query_then_fetch&batched_reduce_size=512&ccs_minimize_roundtrips=true] returned 2 warnings: [299 Elasticsearch-7.16.1-5b38441b16b1ebb16a27c107a4c3865776e20c53 "Elasticsearch built-in security features are not enabled. Without authentication, your cluster could be accessible to anyone. See https://www.elastic.co/guide/en/elasticsearch/reference/7.16/security-minimal-setup.html to enable security."],[299 Elasticsearch-7.16.1-5b38441b16b1ebb16a27c107a4c3865776e20c53 "[ignore_throttled] parameter is deprecated because frozen indices have been deprecated. Consider cold or frozen tiers in place of frozen indices."]
2023-08-04 12:56:05,877 INFO  [com.dot.ContainerResource] (docker-java-stream-824381349) STDOUT: 12:56:05.877  WARN  client.RestClient - request [POST http://elasticsearch:9200/cluster_51b0cac1ff.live_20230804125536/_search?typed_keys=true&max_concurrent_shard_requests=5&ignore_unavailable=false&expand_wildcards=open&allow_no_indices=true&ignore_throttled=true&search_type=query_then_fetch&batched_reduce_size=512&ccs_minimize_roundtrips=true] returned 2 warnings: [299 Elasticsearch-7.16.1-5b38441b16b1ebb16a27c107a4c3865776e20c53 "Elasticsearch built-in security features are not enabled. Without authentication, your cluster could be accessible to anyone. See https://www.elastic.co/guide/en/elasticsearch/reference/7.16/security-minimal-setup.html to enable security."],[299 Elasticsearch-7.16.1-5b38441b16b1ebb16a27c107a4c3865776e20c53 "[ignore_throttled] parameter is deprecated because frozen indices have been deprecated. Consider cold or frozen tiers in place of frozen indices."]
2023-08-04 12:56:05,880 INFO  [com.dot.ContainerResource] (docker-java-stream-824381349) STDOUT: 12:56:05.880  WARN  client.RestClient - request [POST http://elasticsearch:9200/cluster_51b0cac1ff.live_20230804125536/_search?typed_keys=true&max_concurrent_shard_requests=5&ignore_unavailable=false&expand_wildcards=open&allow_no_indices=true&ignore_throttled=true&search_type=query_then_fetch&batched_reduce_size=512&ccs_minimize_roundtrips=true] returned 2 warnings: [299 Elasticsearch-7.16.1-5b38441b16b1ebb16a27c107a4c3865776e20c53 "Elasticsearch built-in security features are not enabled. Without authentication, your cluster could be accessible to anyone. See https://www.elastic.co/guide/en/elasticsearch/reference/7.16/security-minimal-setup.html to enable security."],[299 Elasticsearch-7.16.1-5b38441b16b1ebb16a27c107a4c3865776e20c53 "[ignore_throttled] parameter is deprecated because frozen indices have been deprecated. Consider cold or frozen tiers in place of frozen indices."]
2023-08-04 12:56:05,884 INFO  [com.dot.ContainerResource] (docker-java-stream-824381349) STDOUT: 12:56:05.883  WARN  client.RestClient - request [POST http://elasticsearch:9200/cluster_51b0cac1ff.live_20230804125536/_search?typed_keys=true&max_concurrent_shard_requests=5&ignore_unavailable=false&expand_wildcards=open&allow_no_indices=true&ignore_throttled=true&search_type=query_then_fetch&batched_reduce_size=512&ccs_minimize_roundtrips=true] returned 2 warnings: [299 Elasticsearch-7.16.1-5b38441b16b1ebb16a27c107a4c3865776e20c53 "Elasticsearch built-in security features are not enabled. Without authentication, your cluster could be accessible to anyone. See https://www.elastic.co/guide/en/elasticsearch/reference/7.16/security-minimal-setup.html to enable security."],[299 Elasticsearch-7.16.1-5b38441b16b1ebb16a27c107a4c3865776e20c53 "[ignore_throttled] parameter is deprecated because frozen indices have been deprecated. Consider cold or frozen tiers in place of frozen indices."]
2023-08-04 12:56:05,887 INFO  [com.dot.ContainerResource] (docker-java-stream-824381349) STDOUT: 12:56:05.887  WARN  client.RestClient - request [POST http://elasticsearch:9200/cluster_51b0cac1ff.live_20230804125536/_search?typed_keys=true&max_concurrent_shard_requests=5&ignore_unavailable=false&expand_wildcards=open&allow_no_indices=true&ignore_throttled=true&search_type=query_then_fetch&batched_reduce_size=512&ccs_minimize_roundtrips=true] returned 2 warnings: [299 Elasticsearch-7.16.1-5b38441b16b1ebb16a27c107a4c3865776e20c53 "Elasticsearch built-in security features are not enabled. Without authentication, your cluster could be accessible to anyone. See https://www.elastic.co/guide/en/elasticsearch/reference/7.16/security-minimal-setup.html to enable security."],[299 Elasticsearch-7.16.1-5b38441b16b1ebb16a27c107a4c3865776e20c53 "[ignore_throttled] parameter is deprecated because frozen indices have been deprecated. Consider cold or frozen tiers in place of frozen indices."]
2023-08-04 12:56:05,890 INFO  [com.dot.ContainerResource] (docker-java-stream-824381349) STDOUT: 12:56:05.890  WARN  client.RestClient - request [POST http://elasticsearch:9200/cluster_51b0cac1ff.live_20230804125536/_search?typed_keys=true&max_concurrent_shard_requests=5&ignore_unavailable=false&expand_wildcards=open&allow_no_indices=true&ignore_throttled=true&search_type=query_then_fetch&batched_reduce_size=512&ccs_minimize_roundtrips=true] returned 2 warnings: [299 Elasticsearch-7.16.1-5b38441b16b1ebb16a27c107a4c3865776e20c53 "Elasticsearch built-in security features are not enabled. Without authentication, your cluster could be accessible to anyone. See https://www.elastic.co/guide/en/elasticsearch/reference/7.16/security-minimal-setup.html to enable security."],[299 Elasticsearch-7.16.1-5b38441b16b1ebb16a27c107a4c3865776e20c53 "[ignore_throttled] parameter is deprecated because frozen indices have been deprecated. Consider cold or frozen tiers in place of frozen indices."]
2023-08-04 12:56:05,893 INFO  [com.dot.ContainerResource] (docker-java-stream-824381349) STDOUT: 12:56:05.893  WARN  client.RestClient - request [POST http://elasticsearch:9200/cluster_51b0cac1ff.live_20230804125536/_search?typed_keys=true&max_concurrent_shard_requests=5&ignore_unavailable=false&expand_wildcards=open&allow_no_indices=true&ignore_throttled=true&search_type=query_then_fetch&batched_reduce_size=512&ccs_minimize_roundtrips=true] returned 2 warnings: [299 Elasticsearch-7.16.1-5b38441b16b1ebb16a27c107a4c3865776e20c53 "Elasticsearch built-in security features are not enabled. Without authentication, your cluster could be accessible to anyone. See https://www.elastic.co/guide/en/elasticsearch/reference/7.16/security-minimal-setup.html to enable security."],[299 Elasticsearch-7.16.1-5b38441b16b1ebb16a27c107a4c3865776e20c53 "[ignore_throttled] parameter is deprecated because frozen indices have been deprecated. Consider cold or frozen tiers in place of frozen indices."]
2023-08-04 12:56:05,897 INFO  [com.dot.ContainerResource] (docker-java-stream-824381349) STDOUT: 12:56:05.897  WARN  client.RestClient - request [POST http://elasticsearch:9200/cluster_51b0cac1ff.live_20230804125536/_search?typed_keys=true&max_concurrent_shard_requests=5&ignore_unavailable=false&expand_wildcards=open&allow_no_indices=true&ignore_throttled=true&search_type=query_then_fetch&batched_reduce_size=512&ccs_minimize_roundtrips=true] returned 2 warnings: [299 Elasticsearch-7.16.1-5b38441b16b1ebb16a27c107a4c3865776e20c53 "Elasticsearch built-in security features are not enabled. Without authentication, your cluster could be accessible to anyone. See https://www.elastic.co/guide/en/elasticsearch/reference/7.16/security-minimal-setup.html to enable security."],[299 Elasticsearch-7.16.1-5b38441b16b1ebb16a27c107a4c3865776e20c53 "[ignore_throttled] parameter is deprecated because frozen indices have been deprecated. Consider cold or frozen tiers in place of frozen indices."]
2023-08-04 12:56:05,900 INFO  [com.dot.ContainerResource] (docker-java-stream-824381349) STDOUT: 12:56:05.900  WARN  client.RestClient - request [POST http://elasticsearch:9200/cluster_51b0cac1ff.live_20230804125536/_search?typed_keys=true&max_concurrent_shard_requests=5&ignore_unavailable=false&expand_wildcards=open&allow_no_indices=true&ignore_throttled=true&search_type=query_then_fetch&batched_reduce_size=512&ccs_minimize_roundtrips=true] returned 2 warnings: [299 Elasticsearch-7.16.1-5b38441b16b1ebb16a27c107a4c3865776e20c53 "Elasticsearch built-in security features are not enabled. Without authentication, your cluster could be accessible to anyone. See https://www.elastic.co/guide/en/elasticsearch/reference/7.16/security-minimal-setup.html to enable security."],[299 Elasticsearch-7.16.1-5b38441b16b1ebb16a27c107a4c3865776e20c53 "[ignore_throttled] parameter is deprecated because frozen indices have been deprecated. Consider cold or frozen tiers in place of frozen indices."]
2023-08-04 12:56:05,903 INFO  [com.dot.ContainerResource] (docker-java-stream-824381349) STDOUT: 12:56:05.903  WARN  client.RestClient - request [POST http://elasticsearch:9200/cluster_51b0cac1ff.live_20230804125536/_search?typed_keys=true&max_concurrent_shard_requests=5&ignore_unavailable=false&expand_wildcards=open&allow_no_indices=true&ignore_throttled=true&search_type=query_then_fetch&batched_reduce_size=512&ccs_minimize_roundtrips=true] returned 2 warnings: [299 Elasticsearch-7.16.1-5b38441b16b1ebb16a27c107a4c3865776e20c53 "Elasticsearch built-in security features are not enabled. Without authentication, your cluster could be accessible to anyone. See https://www.elastic.co/guide/en/elasticsearch/reference/7.16/security-minimal-setup.html to enable security."],[299 Elasticsearch-7.16.1-5b38441b16b1ebb16a27c107a4c3865776e20c53 "[ignore_throttled] parameter is deprecated because frozen indices have been deprecated. Consider cold or frozen tiers in place of frozen indices."]
2023-08-04 12:56:05,906 INFO  [com.dot.ContainerResource] (docker-java-stream-824381349) STDOUT: 12:56:05.906  WARN  client.RestClient - request [POST http://elasticsearch:9200/cluster_51b0cac1ff.live_20230804125536/_search?typed_keys=true&max_concurrent_shard_requests=5&ignore_unavailable=false&expand_wildcards=open&allow_no_indices=true&ignore_throttled=true&search_type=query_then_fetch&batched_reduce_size=512&ccs_minimize_roundtrips=true] returned 2 warnings: [299 Elasticsearch-7.16.1-5b38441b16b1ebb16a27c107a4c3865776e20c53 "Elasticsearch built-in security features are not enabled. Without authentication, your cluster could be accessible to anyone. See https://www.elastic.co/guide/en/elasticsearch/reference/7.16/security-minimal-setup.html to enable security."],[299 Elasticsearch-7.16.1-5b38441b16b1ebb16a27c107a4c3865776e20c53 "[ignore_throttled] parameter is deprecated because frozen indices have been deprecated. Consider cold or frozen tiers in place of frozen indices."]
2023-08-04 12:56:05,910 INFO  [com.dot.ContainerResource] (docker-java-stream-824381349) STDOUT: 12:56:05.909  WARN  client.RestClient - request [POST http://elasticsearch:9200/cluster_51b0cac1ff.live_20230804125536/_search?typed_keys=true&max_concurrent_shard_requests=5&ignore_unavailable=false&expand_wildcards=open&allow_no_indices=true&ignore_throttled=true&search_type=query_then_fetch&batched_reduce_size=512&ccs_minimize_roundtrips=true] returned 2 warnings: [299 Elasticsearch-7.16.1-5b38441b16b1ebb16a27c107a4c3865776e20c53 "Elasticsearch built-in security features are not enabled. Without authentication, your cluster could be accessible to anyone. See https://www.elastic.co/guide/en/elasticsearch/reference/7.16/security-minimal-setup.html to enable security."],[299 Elasticsearch-7.16.1-5b38441b16b1ebb16a27c107a4c3865776e20c53 "[ignore_throttled] parameter is deprecated because frozen indices have been deprecated. Consider cold or frozen tiers in place of frozen indices."]
2023-08-04 12:56:05,913 INFO  [com.dot.ContainerResource] (docker-java-stream-824381349) STDOUT: 12:56:05.913  WARN  client.RestClient - request [POST http://elasticsearch:9200/cluster_51b0cac1ff.live_20230804125536/_search?typed_keys=true&max_concurrent_shard_requests=5&ignore_unavailable=false&expand_wildcards=open&allow_no_indices=true&ignore_throttled=true&search_type=query_then_fetch&batched_reduce_size=512&ccs_minimize_roundtrips=true] returned 2 warnings: [299 Elasticsearch-7.16.1-5b38441b16b1ebb16a27c107a4c3865776e20c53 "Elasticsearch built-in security features are not enabled. Without authentication, your cluster could be accessible to anyone. See https://www.elastic.co/guide/en/elasticsearch/reference/7.16/security-minimal-setup.html to enable security."],[299 Elasticsearch-7.16.1-5b38441b16b1ebb16a27c107a4c3865776e20c53 "[ignore_throttled] parameter is deprecated because frozen indices have been deprecated. Consider cold or frozen tiers in place of frozen indices."]
2023-08-04 12:56:05,916 INFO  [com.dot.ContainerResource] (docker-java-stream-824381349) STDOUT: 12:56:05.916  WARN  client.RestClient - request [POST http://elasticsearch:9200/cluster_51b0cac1ff.live_20230804125536/_search?typed_keys=true&max_concurrent_shard_requests=5&ignore_unavailable=false&expand_wildcards=open&allow_no_indices=true&ignore_throttled=true&search_type=query_then_fetch&batched_reduce_size=512&ccs_minimize_roundtrips=true] returned 2 warnings: [299 Elasticsearch-7.16.1-5b38441b16b1ebb16a27c107a4c3865776e20c53 "Elasticsearch built-in security features are not enabled. Without authentication, your cluster could be accessible to anyone. See https://www.elastic.co/guide/en/elasticsearch/reference/7.16/security-minimal-setup.html to enable security."],[299 Elasticsearch-7.16.1-5b38441b16b1ebb16a27c107a4c3865776e20c53 "[ignore_throttled] parameter is deprecated because frozen indices have been deprecated. Consider cold or frozen tiers in place of frozen indices."]
2023-08-04 12:56:05,920 INFO  [com.dot.ContainerResource] (docker-java-stream-824381349) STDOUT: 12:56:05.919  WARN  client.RestClient - request [POST http://elasticsearch:9200/cluster_51b0cac1ff.live_20230804125536/_search?typed_keys=true&max_concurrent_shard_requests=5&ignore_unavailable=false&expand_wildcards=open&allow_no_indices=true&ignore_throttled=true&search_type=query_then_fetch&batched_reduce_size=512&ccs_minimize_roundtrips=true] returned 2 warnings: [299 Elasticsearch-7.16.1-5b38441b16b1ebb16a27c107a4c3865776e20c53 "Elasticsearch built-in security features are not enabled. Without authentication, your cluster could be accessible to anyone. See https://www.elastic.co/guide/en/elasticsearch/reference/7.16/security-minimal-setup.html to enable security."],[299 Elasticsearch-7.16.1-5b38441b16b1ebb16a27c107a4c3865776e20c53 "[ignore_throttled] parameter is deprecated because frozen indices have been deprecated. Consider cold or frozen tiers in place of frozen indices."]
2023-08-04 12:56:05,923 INFO  [com.dot.ContainerResource] (docker-java-stream-824381349) STDOUT: 12:56:05.923  WARN  client.RestClient - request [POST http://elasticsearch:9200/cluster_51b0cac1ff.live_20230804125536/_search?typed_keys=true&max_concurrent_shard_requests=5&ignore_unavailable=false&expand_wildcards=open&allow_no_indices=true&ignore_throttled=true&search_type=query_then_fetch&batched_reduce_size=512&ccs_minimize_roundtrips=true] returned 2 warnings: [299 Elasticsearch-7.16.1-5b38441b16b1ebb16a27c107a4c3865776e20c53 "Elasticsearch built-in security features are not enabled. Without authentication, your cluster could be accessible to anyone. See https://www.elastic.co/guide/en/elasticsearch/reference/7.16/security-minimal-setup.html to enable security."],[299 Elasticsearch-7.16.1-5b38441b16b1ebb16a27c107a4c3865776e20c53 "[ignore_throttled] parameter is deprecated because frozen indices have been deprecated. Consider cold or frozen tiers in place of frozen indices."]
2023-08-04 12:56:05,926 INFO  [com.dot.ContainerResource] (docker-java-stream-824381349) STDOUT: 12:56:05.926  WARN  client.RestClient - request [POST http://elasticsearch:9200/cluster_51b0cac1ff.live_20230804125536/_search?typed_keys=true&max_concurrent_shard_requests=5&ignore_unavailable=false&expand_wildcards=open&allow_no_indices=true&ignore_throttled=true&search_type=query_then_fetch&batched_reduce_size=512&ccs_minimize_roundtrips=true] returned 2 warnings: [299 Elasticsearch-7.16.1-5b38441b16b1ebb16a27c107a4c3865776e20c53 "Elasticsearch built-in security features are not enabled. Without authentication, your cluster could be accessible to anyone. See https://www.elastic.co/guide/en/elasticsearch/reference/7.16/security-minimal-setup.html to enable security."],[299 Elasticsearch-7.16.1-5b38441b16b1ebb16a27c107a4c3865776e20c53 "[ignore_throttled] parameter is deprecated because frozen indices have been deprecated. Consider cold or frozen tiers in place of frozen indices."]
2023-08-04 12:56:05,930 INFO  [com.dot.ContainerResource] (docker-java-stream-824381349) STDOUT: 12:56:05.930  WARN  client.RestClient - request [POST http://elasticsearch:9200/cluster_51b0cac1ff.live_20230804125536/_search?typed_keys=true&max_concurrent_shard_requests=5&ignore_unavailable=false&expand_wildcards=open&allow_no_indices=true&ignore_throttled=true&search_type=query_then_fetch&batched_reduce_size=512&ccs_minimize_roundtrips=true] returned 2 warnings: [299 Elasticsearch-7.16.1-5b38441b16b1ebb16a27c107a4c3865776e20c53 "Elasticsearch built-in security features are not enabled. Without authentication, your cluster could be accessible to anyone. See https://www.elastic.co/guide/en/elasticsearch/reference/7.16/security-minimal-setup.html to enable security."],[299 Elasticsearch-7.16.1-5b38441b16b1ebb16a27c107a4c3865776e20c53 "[ignore_throttled] parameter is deprecated because frozen indices have been deprecated. Consider cold or frozen tiers in place of frozen indices."]
2023-08-04 12:56:05,933 INFO  [com.dot.ContainerResource] (docker-java-stream-824381349) STDOUT: 12:56:05.933  WARN  client.RestClient - request [POST http://elasticsearch:9200/cluster_51b0cac1ff.live_20230804125536/_search?typed_keys=true&max_concurrent_shard_requests=5&ignore_unavailable=false&expand_wildcards=open&allow_no_indices=true&ignore_throttled=true&search_type=query_then_fetch&batched_reduce_size=512&ccs_minimize_roundtrips=true] returned 2 warnings: [299 Elasticsearch-7.16.1-5b38441b16b1ebb16a27c107a4c3865776e20c53 "Elasticsearch built-in security features are not enabled. Without authentication, your cluster could be accessible to anyone. See https://www.elastic.co/guide/en/elasticsearch/reference/7.16/security-minimal-setup.html to enable security."],[299 Elasticsearch-7.16.1-5b38441b16b1ebb16a27c107a4c3865776e20c53 "[ignore_throttled] parameter is deprecated because frozen indices have been deprecated. Consider cold or frozen tiers in place of frozen indices."]
2023-08-04 12:56:05,936 INFO  [com.dot.ContainerResource] (docker-java-stream-824381349) STDOUT: 12:56:05.936  WARN  client.RestClient - request [POST http://elasticsearch:9200/cluster_51b0cac1ff.live_20230804125536/_search?typed_keys=true&max_concurrent_shard_requests=5&ignore_unavailable=false&expand_wildcards=open&allow_no_indices=true&ignore_throttled=true&search_type=query_then_fetch&batched_reduce_size=512&ccs_minimize_roundtrips=true] returned 2 warnings: [299 Elasticsearch-7.16.1-5b38441b16b1ebb16a27c107a4c3865776e20c53 "Elasticsearch built-in security features are not enabled. Without authentication, your cluster could be accessible to anyone. See https://www.elastic.co/guide/en/elasticsearch/reference/7.16/security-minimal-setup.html to enable security."],[299 Elasticsearch-7.16.1-5b38441b16b1ebb16a27c107a4c3865776e20c53 "[ignore_throttled] parameter is deprecated because frozen indices have been deprecated. Consider cold or frozen tiers in place of frozen indices."]
2023-08-04 12:56:05,940 INFO  [com.dot.ContainerResource] (docker-java-stream-824381349) STDOUT: 12:56:05.939  WARN  client.RestClient - request [POST http://elasticsearch:9200/cluster_51b0cac1ff.live_20230804125536/_search?typed_keys=true&max_concurrent_shard_requests=5&ignore_unavailable=false&expand_wildcards=open&allow_no_indices=true&ignore_throttled=true&search_type=query_then_fetch&batched_reduce_size=512&ccs_minimize_roundtrips=true] returned 2 warnings: [299 Elasticsearch-7.16.1-5b38441b16b1ebb16a27c107a4c3865776e20c53 "Elasticsearch built-in security features are not enabled. Without authentication, your cluster could be accessible to anyone. See https://www.elastic.co/guide/en/elasticsearch/reference/7.16/security-minimal-setup.html to enable security."],[299 Elasticsearch-7.16.1-5b38441b16b1ebb16a27c107a4c3865776e20c53 "[ignore_throttled] parameter is deprecated because frozen indices have been deprecated. Consider cold or frozen tiers in place of frozen indices."]
2023-08-04 12:56:05,951 INFO  [com.dot.ContainerResource] (docker-java-stream-824381349) STDOUT: 12:56:05.950  WARN  client.RestClient - request [POST http://elasticsearch:9200/cluster_51b0cac1ff.live_20230804125536/_search?typed_keys=true&max_concurrent_shard_requests=5&ignore_unavailable=false&expand_wildcards=open&allow_no_indices=true&ignore_throttled=true&search_type=query_then_fetch&batched_reduce_size=512&ccs_minimize_roundtrips=true] returned 2 warnings: [299 Elasticsearch-7.16.1-5b38441b16b1ebb16a27c107a4c3865776e20c53 "Elasticsearch built-in security features are not enabled. Without authentication, your cluster could be accessible to anyone. See https://www.elastic.co/guide/en/elasticsearch/reference/7.16/security-minimal-setup.html to enable security."],[299 Elasticsearch-7.16.1-5b38441b16b1ebb16a27c107a4c3865776e20c53 "[ignore_throttled] parameter is deprecated because frozen indices have been deprecated. Consider cold or frozen tiers in place of frozen indices."]
2023-08-04 12:56:05,956 INFO  [com.dot.ContainerResource] (docker-java-stream-824381349) STDOUT: 12:56:05.955  WARN  client.RestClient - request [POST http://elasticsearch:9200/cluster_51b0cac1ff.live_20230804125536/_search?typed_keys=true&max_concurrent_shard_requests=5&ignore_unavailable=false&expand_wildcards=open&allow_no_indices=true&ignore_throttled=true&search_type=query_then_fetch&batched_reduce_size=512&ccs_minimize_roundtrips=true] returned 2 warnings: [299 Elasticsearch-7.16.1-5b38441b16b1ebb16a27c107a4c3865776e20c53 "Elasticsearch built-in security features are not enabled. Without authentication, your cluster could be accessible to anyone. See https://www.elastic.co/guide/en/elasticsearch/reference/7.16/security-minimal-setup.html to enable security."],[299 Elasticsearch-7.16.1-5b38441b16b1ebb16a27c107a4c3865776e20c53 "[ignore_throttled] parameter is deprecated because frozen indices have been deprecated. Consider cold or frozen tiers in place of frozen indices."]
2023-08-04 12:56:05,960 INFO  [com.dot.ContainerResource] (docker-java-stream-824381349) STDOUT: 12:56:05.960  WARN  client.RestClient - request [POST http://elasticsearch:9200/cluster_51b0cac1ff.live_20230804125536/_search?typed_keys=true&max_concurrent_shard_requests=5&ignore_unavailable=false&expand_wildcards=open&allow_no_indices=true&ignore_throttled=true&search_type=query_then_fetch&batched_reduce_size=512&ccs_minimize_roundtrips=true] returned 2 warnings: [299 Elasticsearch-7.16.1-5b38441b16b1ebb16a27c107a4c3865776e20c53 "Elasticsearch built-in security features are not enabled. Without authentication, your cluster could be accessible to anyone. See https://www.elastic.co/guide/en/elasticsearch/reference/7.16/security-minimal-setup.html to enable security."],[299 Elasticsearch-7.16.1-5b38441b16b1ebb16a27c107a4c3865776e20c53 "[ignore_throttled] parameter is deprecated because frozen indices have been deprecated. Consider cold or frozen tiers in place of frozen indices."]
2023-08-04 12:56:05,964 INFO  [com.dot.ContainerResource] (docker-java-stream-824381349) STDOUT: 12:56:05.964  WARN  client.RestClient - request [POST http://elasticsearch:9200/cluster_51b0cac1ff.live_20230804125536/_search?typed_keys=true&max_concurrent_shard_requests=5&ignore_unavailable=false&expand_wildcards=open&allow_no_indices=true&ignore_throttled=true&search_type=query_then_fetch&batched_reduce_size=512&ccs_minimize_roundtrips=true] returned 2 warnings: [299 Elasticsearch-7.16.1-5b38441b16b1ebb16a27c107a4c3865776e20c53 "Elasticsearch built-in security features are not enabled. Without authentication, your cluster could be accessible to anyone. See https://www.elastic.co/guide/en/elasticsearch/reference/7.16/security-minimal-setup.html to enable security."],[299 Elasticsearch-7.16.1-5b38441b16b1ebb16a27c107a4c3865776e20c53 "[ignore_throttled] parameter is deprecated because frozen indices have been deprecated. Consider cold or frozen tiers in place of frozen indices."]
2023-08-04 12:56:05,971 INFO  [com.dot.ContainerResource] (docker-java-stream-824381349) STDOUT: 12:56:05.971  WARN  client.RestClient - request [POST http://elasticsearch:9200/cluster_51b0cac1ff.live_20230804125536/_search?typed_keys=true&max_concurrent_shard_requests=5&ignore_unavailable=false&expand_wildcards=open&allow_no_indices=true&ignore_throttled=true&search_type=query_then_fetch&batched_reduce_size=512&ccs_minimize_roundtrips=true] returned 2 warnings: [299 Elasticsearch-7.16.1-5b38441b16b1ebb16a27c107a4c3865776e20c53 "Elasticsearch built-in security features are not enabled. Without authentication, your cluster could be accessible to anyone. See https://www.elastic.co/guide/en/elasticsearch/reference/7.16/security-minimal-setup.html to enable security."],[299 Elasticsearch-7.16.1-5b38441b16b1ebb16a27c107a4c3865776e20c53 "[ignore_throttled] parameter is deprecated because frozen indices have been deprecated. Consider cold or frozen tiers in place of frozen indices."]
2023-08-04 12:56:05,983 INFO  [com.dot.ContainerResource] (docker-java-stream-824381349) STDOUT: 12:56:05.980  WARN  client.RestClient - request [POST http://elasticsearch:9200/cluster_51b0cac1ff.live_20230804125536/_search?typed_keys=true&max_concurrent_shard_requests=5&ignore_unavailable=false&expand_wildcards=open&allow_no_indices=true&ignore_throttled=true&search_type=query_then_fetch&batched_reduce_size=512&ccs_minimize_roundtrips=true] returned 2 warnings: [299 Elasticsearch-7.16.1-5b38441b16b1ebb16a27c107a4c3865776e20c53 "Elasticsearch built-in security features are not enabled. Without authentication, your cluster could be accessible to anyone. See https://www.elastic.co/guide/en/elasticsearch/reference/7.16/security-minimal-setup.html to enable security."],[299 Elasticsearch-7.16.1-5b38441b16b1ebb16a27c107a4c3865776e20c53 "[ignore_throttled] parameter is deprecated because frozen indices have been deprecated. Consider cold or frozen tiers in place of frozen indices."]
2023-08-04 12:56:05,988 INFO  [com.dot.ContainerResource] (docker-java-stream-824381349) STDOUT: 12:56:05.988  WARN  client.RestClient - request [POST http://elasticsearch:9200/cluster_51b0cac1ff.live_20230804125536/_search?typed_keys=true&max_concurrent_shard_requests=5&ignore_unavailable=false&expand_wildcards=open&allow_no_indices=true&ignore_throttled=true&search_type=query_then_fetch&batched_reduce_size=512&ccs_minimize_roundtrips=true] returned 2 warnings: [299 Elasticsearch-7.16.1-5b38441b16b1ebb16a27c107a4c3865776e20c53 "Elasticsearch built-in security features are not enabled. Without authentication, your cluster could be accessible to anyone. See https://www.elastic.co/guide/en/elasticsearch/reference/7.16/security-minimal-setup.html to enable security."],[299 Elasticsearch-7.16.1-5b38441b16b1ebb16a27c107a4c3865776e20c53 "[ignore_throttled] parameter is deprecated because frozen indices have been deprecated. Consider cold or frozen tiers in place of frozen indices."]
2023-08-04 12:56:05,993 INFO  [com.dot.ContainerResource] (docker-java-stream-824381349) STDOUT: 12:56:05.993  WARN  client.RestClient - request [POST http://elasticsearch:9200/cluster_51b0cac1ff.live_20230804125536/_search?typed_keys=true&max_concurrent_shard_requests=5&ignore_unavailable=false&expand_wildcards=open&allow_no_indices=true&ignore_throttled=true&search_type=query_then_fetch&batched_reduce_size=512&ccs_minimize_roundtrips=true] returned 2 warnings: [299 Elasticsearch-7.16.1-5b38441b16b1ebb16a27c107a4c3865776e20c53 "Elasticsearch built-in security features are not enabled. Without authentication, your cluster could be accessible to anyone. See https://www.elastic.co/guide/en/elasticsearch/reference/7.16/security-minimal-setup.html to enable security."],[299 Elasticsearch-7.16.1-5b38441b16b1ebb16a27c107a4c3865776e20c53 "[ignore_throttled] parameter is deprecated because frozen indices have been deprecated. Consider cold or frozen tiers in place of frozen indices."]
2023-08-04 12:56:05,997 INFO  [com.dot.ContainerResource] (docker-java-stream-824381349) STDOUT: 12:56:05.997  WARN  client.RestClient - request [POST http://elasticsearch:9200/cluster_51b0cac1ff.live_20230804125536/_search?typed_keys=true&max_concurrent_shard_requests=5&ignore_unavailable=false&expand_wildcards=open&allow_no_indices=true&ignore_throttled=true&search_type=query_then_fetch&batched_reduce_size=512&ccs_minimize_roundtrips=true] returned 2 warnings: [299 Elasticsearch-7.16.1-5b38441b16b1ebb16a27c107a4c3865776e20c53 "Elasticsearch built-in security features are not enabled. Without authentication, your cluster could be accessible to anyone. See https://www.elastic.co/guide/en/elasticsearch/reference/7.16/security-minimal-setup.html to enable security."],[299 Elasticsearch-7.16.1-5b38441b16b1ebb16a27c107a4c3865776e20c53 "[ignore_throttled] parameter is deprecated because frozen indices have been deprecated. Consider cold or frozen tiers in place of frozen indices."]
2023-08-04 12:56:06,004 INFO  [com.dot.ContainerResource] (docker-java-stream-824381349) STDOUT: 12:56:06.004  WARN  client.RestClient - request [POST http://elasticsearch:9200/cluster_51b0cac1ff.live_20230804125536/_search?typed_keys=true&max_concurrent_shard_requests=5&ignore_unavailable=false&expand_wildcards=open&allow_no_indices=true&ignore_throttled=true&search_type=query_then_fetch&batched_reduce_size=512&ccs_minimize_roundtrips=true] returned 2 warnings: [299 Elasticsearch-7.16.1-5b38441b16b1ebb16a27c107a4c3865776e20c53 "Elasticsearch built-in security features are not enabled. Without authentication, your cluster could be accessible to anyone. See https://www.elastic.co/guide/en/elasticsearch/reference/7.16/security-minimal-setup.html to enable security."],[299 Elasticsearch-7.16.1-5b38441b16b1ebb16a27c107a4c3865776e20c53 "[ignore_throttled] parameter is deprecated because frozen indices have been deprecated. Consider cold or frozen tiers in place of frozen indices."]
2023-08-04 12:56:06,008 INFO  [com.dot.ContainerResource] (docker-java-stream-824381349) STDOUT: 12:56:06.008  WARN  client.RestClient - request [POST http://elasticsearch:9200/cluster_51b0cac1ff.live_20230804125536/_search?typed_keys=true&max_concurrent_shard_requests=5&ignore_unavailable=false&expand_wildcards=open&allow_no_indices=true&ignore_throttled=true&search_type=query_then_fetch&batched_reduce_size=512&ccs_minimize_roundtrips=true] returned 2 warnings: [299 Elasticsearch-7.16.1-5b38441b16b1ebb16a27c107a4c3865776e20c53 "Elasticsearch built-in security features are not enabled. Without authentication, your cluster could be accessible to anyone. See https://www.elastic.co/guide/en/elasticsearch/reference/7.16/security-minimal-setup.html to enable security."],[299 Elasticsearch-7.16.1-5b38441b16b1ebb16a27c107a4c3865776e20c53 "[ignore_throttled] parameter is deprecated because frozen indices have been deprecated. Consider cold or frozen tiers in place of frozen indices."]
2023-08-04 12:56:06,014 INFO  [com.dot.ContainerResource] (docker-java-stream-824381349) STDOUT: 12:56:06.013  WARN  client.RestClient - request [POST http://elasticsearch:9200/cluster_51b0cac1ff.live_20230804125536/_search?typed_keys=true&max_concurrent_shard_requests=5&ignore_unavailable=false&expand_wildcards=open&allow_no_indices=true&ignore_throttled=true&search_type=query_then_fetch&batched_reduce_size=512&ccs_minimize_roundtrips=true] returned 2 warnings: [299 Elasticsearch-7.16.1-5b38441b16b1ebb16a27c107a4c3865776e20c53 "Elasticsearch built-in security features are not enabled. Without authentication, your cluster could be accessible to anyone. See https://www.elastic.co/guide/en/elasticsearch/reference/7.16/security-minimal-setup.html to enable security."],[299 Elasticsearch-7.16.1-5b38441b16b1ebb16a27c107a4c3865776e20c53 "[ignore_throttled] parameter is deprecated because frozen indices have been deprecated. Consider cold or frozen tiers in place of frozen indices."]
2023-08-04 12:56:06,018 INFO  [com.dot.ContainerResource] (docker-java-stream-824381349) STDOUT: 12:56:06.017  WARN  client.RestClient - request [POST http://elasticsearch:9200/cluster_51b0cac1ff.live_20230804125536/_search?typed_keys=true&max_concurrent_shard_requests=5&ignore_unavailable=false&expand_wildcards=open&allow_no_indices=true&ignore_throttled=true&search_type=query_then_fetch&batched_reduce_size=512&ccs_minimize_roundtrips=true] returned 2 warnings: [299 Elasticsearch-7.16.1-5b38441b16b1ebb16a27c107a4c3865776e20c53 "Elasticsearch built-in security features are not enabled. Without authentication, your cluster could be accessible to anyone. See https://www.elastic.co/guide/en/elasticsearch/reference/7.16/security-minimal-setup.html to enable security."],[299 Elasticsearch-7.16.1-5b38441b16b1ebb16a27c107a4c3865776e20c53 "[ignore_throttled] parameter is deprecated because frozen indices have been deprecated. Consider cold or frozen tiers in place of frozen indices."]
2023-08-04 12:56:06,023 INFO  [com.dot.ContainerResource] (docker-java-stream-824381349) STDOUT: 12:56:06.022  WARN  client.RestClient - request [POST http://elasticsearch:9200/cluster_51b0cac1ff.live_20230804125536/_search?typed_keys=true&max_concurrent_shard_requests=5&ignore_unavailable=false&expand_wildcards=open&allow_no_indices=true&ignore_throttled=true&search_type=query_then_fetch&batched_reduce_size=512&ccs_minimize_roundtrips=true] returned 2 warnings: [299 Elasticsearch-7.16.1-5b38441b16b1ebb16a27c107a4c3865776e20c53 "Elasticsearch built-in security features are not enabled. Without authentication, your cluster could be accessible to anyone. See https://www.elastic.co/guide/en/elasticsearch/reference/7.16/security-minimal-setup.html to enable security."],[299 Elasticsearch-7.16.1-5b38441b16b1ebb16a27c107a4c3865776e20c53 "[ignore_throttled] parameter is deprecated because frozen indices have been deprecated. Consider cold or frozen tiers in place of frozen indices."]
2023-08-04 12:56:06,027 INFO  [com.dot.ContainerResource] (docker-java-stream-824381349) STDOUT: 12:56:06.027  WARN  client.RestClient - request [POST http://elasticsearch:9200/cluster_51b0cac1ff.live_20230804125536/_search?typed_keys=true&max_concurrent_shard_requests=5&ignore_unavailable=false&expand_wildcards=open&allow_no_indices=true&ignore_throttled=true&search_type=query_then_fetch&batched_reduce_size=512&ccs_minimize_roundtrips=true] returned 2 warnings: [299 Elasticsearch-7.16.1-5b38441b16b1ebb16a27c107a4c3865776e20c53 "Elasticsearch built-in security features are not enabled. Without authentication, your cluster could be accessible to anyone. See https://www.elastic.co/guide/en/elasticsearch/reference/7.16/security-minimal-setup.html to enable security."],[299 Elasticsearch-7.16.1-5b38441b16b1ebb16a27c107a4c3865776e20c53 "[ignore_throttled] parameter is deprecated because frozen indices have been deprecated. Consider cold or frozen tiers in place of frozen indices."]
2023-08-04 12:56:06,031 INFO  [com.dot.ContainerResource] (docker-java-stream-824381349) STDOUT: 12:56:06.031  WARN  client.RestClient - request [POST http://elasticsearch:9200/cluster_51b0cac1ff.live_20230804125536/_search?typed_keys=true&max_concurrent_shard_requests=5&ignore_unavailable=false&expand_wildcards=open&allow_no_indices=true&ignore_throttled=true&search_type=query_then_fetch&batched_reduce_size=512&ccs_minimize_roundtrips=true] returned 2 warnings: [299 Elasticsearch-7.16.1-5b38441b16b1ebb16a27c107a4c3865776e20c53 "Elasticsearch built-in security features are not enabled. Without authentication, your cluster could be accessible to anyone. See https://www.elastic.co/guide/en/elasticsearch/reference/7.16/security-minimal-setup.html to enable security."],[299 Elasticsearch-7.16.1-5b38441b16b1ebb16a27c107a4c3865776e20c53 "[ignore_throttled] parameter is deprecated because frozen indices have been deprecated. Consider cold or frozen tiers in place of frozen indices."]
2023-08-04 12:56:06,035 INFO  [com.dot.ContainerResource] (docker-java-stream-824381349) STDOUT: 12:56:06.035  WARN  client.RestClient - request [POST http://elasticsearch:9200/cluster_51b0cac1ff.live_20230804125536/_search?typed_keys=true&max_concurrent_shard_requests=5&ignore_unavailable=false&expand_wildcards=open&allow_no_indices=true&ignore_throttled=true&search_type=query_then_fetch&batched_reduce_size=512&ccs_minimize_roundtrips=true] returned 2 warnings: [299 Elasticsearch-7.16.1-5b38441b16b1ebb16a27c107a4c3865776e20c53 "Elasticsearch built-in security features are not enabled. Without authentication, your cluster could be accessible to anyone. See https://www.elastic.co/guide/en/elasticsearch/reference/7.16/security-minimal-setup.html to enable security."],[299 Elasticsearch-7.16.1-5b38441b16b1ebb16a27c107a4c3865776e20c53 "[ignore_throttled] parameter is deprecated because frozen indices have been deprecated. Consider cold or frozen tiers in place of frozen indices."]
2023-08-04 12:56:06,038 INFO  [com.dot.ContainerResource] (docker-java-stream-824381349) STDOUT: 12:56:06.038  WARN  client.RestClient - request [POST http://elasticsearch:9200/cluster_51b0cac1ff.live_20230804125536/_search?typed_keys=true&max_concurrent_shard_requests=5&ignore_unavailable=false&expand_wildcards=open&allow_no_indices=true&ignore_throttled=true&search_type=query_then_fetch&batched_reduce_size=512&ccs_minimize_roundtrips=true] returned 2 warnings: [299 Elasticsearch-7.16.1-5b38441b16b1ebb16a27c107a4c3865776e20c53 "Elasticsearch built-in security features are not enabled. Without authentication, your cluster could be accessible to anyone. See https://www.elastic.co/guide/en/elasticsearch/reference/7.16/security-minimal-setup.html to enable security."],[299 Elasticsearch-7.16.1-5b38441b16b1ebb16a27c107a4c3865776e20c53 "[ignore_throttled] parameter is deprecated because frozen indices have been deprecated. Consider cold or frozen tiers in place of frozen indices."]
2023-08-04 12:56:06,042 INFO  [com.dot.ContainerResource] (docker-java-stream-824381349) STDOUT: 12:56:06.042  WARN  client.RestClient - request [POST http://elasticsearch:9200/cluster_51b0cac1ff.live_20230804125536/_search?typed_keys=true&max_concurrent_shard_requests=5&ignore_unavailable=false&expand_wildcards=open&allow_no_indices=true&ignore_throttled=true&search_type=query_then_fetch&batched_reduce_size=512&ccs_minimize_roundtrips=true] returned 2 warnings: [299 Elasticsearch-7.16.1-5b38441b16b1ebb16a27c107a4c3865776e20c53 "Elasticsearch built-in security features are not enabled. Without authentication, your cluster could be accessible to anyone. See https://www.elastic.co/guide/en/elasticsearch/reference/7.16/security-minimal-setup.html to enable security."],[299 Elasticsearch-7.16.1-5b38441b16b1ebb16a27c107a4c3865776e20c53 "[ignore_throttled] parameter is deprecated because frozen indices have been deprecated. Consider cold or frozen tiers in place of frozen indices."]
2023-08-04 12:56:06,046 INFO  [com.dot.ContainerResource] (docker-java-stream-824381349) STDOUT: 12:56:06.045  WARN  client.RestClient - request [POST http://elasticsearch:9200/cluster_51b0cac1ff.live_20230804125536/_search?typed_keys=true&max_concurrent_shard_requests=5&ignore_unavailable=false&expand_wildcards=open&allow_no_indices=true&ignore_throttled=true&search_type=query_then_fetch&batched_reduce_size=512&ccs_minimize_roundtrips=true] returned 2 warnings: [299 Elasticsearch-7.16.1-5b38441b16b1ebb16a27c107a4c3865776e20c53 "Elasticsearch built-in security features are not enabled. Without authentication, your cluster could be accessible to anyone. See https://www.elastic.co/guide/en/elasticsearch/reference/7.16/security-minimal-setup.html to enable security."],[299 Elasticsearch-7.16.1-5b38441b16b1ebb16a27c107a4c3865776e20c53 "[ignore_throttled] parameter is deprecated because frozen indices have been deprecated. Consider cold or frozen tiers in place of frozen indices."]
2023-08-04 12:56:06,049 INFO  [com.dot.ContainerResource] (docker-java-stream-824381349) STDOUT: 12:56:06.049  WARN  client.RestClient - request [POST http://elasticsearch:9200/cluster_51b0cac1ff.live_20230804125536/_search?typed_keys=true&max_concurrent_shard_requests=5&ignore_unavailable=false&expand_wildcards=open&allow_no_indices=true&ignore_throttled=true&search_type=query_then_fetch&batched_reduce_size=512&ccs_minimize_roundtrips=true] returned 2 warnings: [299 Elasticsearch-7.16.1-5b38441b16b1ebb16a27c107a4c3865776e20c53 "Elasticsearch built-in security features are not enabled. Without authentication, your cluster could be accessible to anyone. See https://www.elastic.co/guide/en/elasticsearch/reference/7.16/security-minimal-setup.html to enable security."],[299 Elasticsearch-7.16.1-5b38441b16b1ebb16a27c107a4c3865776e20c53 "[ignore_throttled] parameter is deprecated because frozen indices have been deprecated. Consider cold or frozen tiers in place of frozen indices."]
2023-08-04 12:56:06,053 INFO  [com.dot.ContainerResource] (docker-java-stream-824381349) STDOUT: 12:56:06.053  WARN  client.RestClient - request [POST http://elasticsearch:9200/cluster_51b0cac1ff.live_20230804125536/_search?typed_keys=true&max_concurrent_shard_requests=5&ignore_unavailable=false&expand_wildcards=open&allow_no_indices=true&ignore_throttled=true&search_type=query_then_fetch&batched_reduce_size=512&ccs_minimize_roundtrips=true] returned 2 warnings: [299 Elasticsearch-7.16.1-5b38441b16b1ebb16a27c107a4c3865776e20c53 "Elasticsearch built-in security features are not enabled. Without authentication, your cluster could be accessible to anyone. See https://www.elastic.co/guide/en/elasticsearch/reference/7.16/security-minimal-setup.html to enable security."],[299 Elasticsearch-7.16.1-5b38441b16b1ebb16a27c107a4c3865776e20c53 "[ignore_throttled] parameter is deprecated because frozen indices have been deprecated. Consider cold or frozen tiers in place of frozen indices."]
2023-08-04 12:56:06,059 INFO  [com.dot.ContainerResource] (docker-java-stream-824381349) STDOUT: 12:56:06.058  WARN  client.RestClient - request [POST http://elasticsearch:9200/cluster_51b0cac1ff.live_20230804125536/_search?typed_keys=true&max_concurrent_shard_requests=5&ignore_unavailable=false&expand_wildcards=open&allow_no_indices=true&ignore_throttled=true&search_type=query_then_fetch&batched_reduce_size=512&ccs_minimize_roundtrips=true] returned 2 warnings: [299 Elasticsearch-7.16.1-5b38441b16b1ebb16a27c107a4c3865776e20c53 "Elasticsearch built-in security features are not enabled. Without authentication, your cluster could be accessible to anyone. See https://www.elastic.co/guide/en/elasticsearch/reference/7.16/security-minimal-setup.html to enable security."],[299 Elasticsearch-7.16.1-5b38441b16b1ebb16a27c107a4c3865776e20c53 "[ignore_throttled] parameter is deprecated because frozen indices have been deprecated. Consider cold or frozen tiers in place of frozen indices."]
2023-08-04 12:56:06,063 INFO  [com.dot.ContainerResource] (docker-java-stream-824381349) STDOUT: 12:56:06.062  WARN  client.RestClient - request [POST http://elasticsearch:9200/cluster_51b0cac1ff.live_20230804125536/_search?typed_keys=true&max_concurrent_shard_requests=5&ignore_unavailable=false&expand_wildcards=open&allow_no_indices=true&ignore_throttled=true&search_type=query_then_fetch&batched_reduce_size=512&ccs_minimize_roundtrips=true] returned 2 warnings: [299 Elasticsearch-7.16.1-5b38441b16b1ebb16a27c107a4c3865776e20c53 "Elasticsearch built-in security features are not enabled. Without authentication, your cluster could be accessible to anyone. See https://www.elastic.co/guide/en/elasticsearch/reference/7.16/security-minimal-setup.html to enable security."],[299 Elasticsearch-7.16.1-5b38441b16b1ebb16a27c107a4c3865776e20c53 "[ignore_throttled] parameter is deprecated because frozen indices have been deprecated. Consider cold or frozen tiers in place of frozen indices."]
2023-08-04 12:56:06,067 INFO  [com.dot.ContainerResource] (docker-java-stream-824381349) STDOUT: 12:56:06.067  WARN  client.RestClient - request [POST http://elasticsearch:9200/cluster_51b0cac1ff.live_20230804125536/_search?typed_keys=true&max_concurrent_shard_requests=5&ignore_unavailable=false&expand_wildcards=open&allow_no_indices=true&ignore_throttled=true&search_type=query_then_fetch&batched_reduce_size=512&ccs_minimize_roundtrips=true] returned 2 warnings: [299 Elasticsearch-7.16.1-5b38441b16b1ebb16a27c107a4c3865776e20c53 "Elasticsearch built-in security features are not enabled. Without authentication, your cluster could be accessible to anyone. See https://www.elastic.co/guide/en/elasticsearch/reference/7.16/security-minimal-setup.html to enable security."],[299 Elasticsearch-7.16.1-5b38441b16b1ebb16a27c107a4c3865776e20c53 "[ignore_throttled] parameter is deprecated because frozen indices have been deprecated. Consider cold or frozen tiers in place of frozen indices."]
2023-08-04 12:56:06,071 INFO  [com.dot.ContainerResource] (docker-java-stream-824381349) STDOUT: 12:56:06.071  WARN  client.RestClient - request [POST http://elasticsearch:9200/cluster_51b0cac1ff.live_20230804125536/_search?typed_keys=true&max_concurrent_shard_requests=5&ignore_unavailable=false&expand_wildcards=open&allow_no_indices=true&ignore_throttled=true&search_type=query_then_fetch&batched_reduce_size=512&ccs_minimize_roundtrips=true] returned 2 warnings: [299 Elasticsearch-7.16.1-5b38441b16b1ebb16a27c107a4c3865776e20c53 "Elasticsearch built-in security features are not enabled. Without authentication, your cluster could be accessible to anyone. See https://www.elastic.co/guide/en/elasticsearch/reference/7.16/security-minimal-setup.html to enable security."],[299 Elasticsearch-7.16.1-5b38441b16b1ebb16a27c107a4c3865776e20c53 "[ignore_throttled] parameter is deprecated because frozen indices have been deprecated. Consider cold or frozen tiers in place of frozen indices."]
2023-08-04 12:56:06,075 INFO  [com.dot.ContainerResource] (docker-java-stream-824381349) STDOUT: 12:56:06.074  WARN  client.RestClient - request [POST http://elasticsearch:9200/cluster_51b0cac1ff.live_20230804125536/_search?typed_keys=true&max_concurrent_shard_requests=5&ignore_unavailable=false&expand_wildcards=open&allow_no_indices=true&ignore_throttled=true&search_type=query_then_fetch&batched_reduce_size=512&ccs_minimize_roundtrips=true] returned 2 warnings: [299 Elasticsearch-7.16.1-5b38441b16b1ebb16a27c107a4c3865776e20c53 "Elasticsearch built-in security features are not enabled. Without authentication, your cluster could be accessible to anyone. See https://www.elastic.co/guide/en/elasticsearch/reference/7.16/security-minimal-setup.html to enable security."],[299 Elasticsearch-7.16.1-5b38441b16b1ebb16a27c107a4c3865776e20c53 "[ignore_throttled] parameter is deprecated because frozen indices have been deprecated. Consider cold or frozen tiers in place of frozen indices."]
2023-08-04 12:56:06,078 INFO  [com.dot.ContainerResource] (docker-java-stream-824381349) STDOUT: 12:56:06.078  WARN  client.RestClient - request [POST http://elasticsearch:9200/cluster_51b0cac1ff.live_20230804125536/_search?typed_keys=true&max_concurrent_shard_requests=5&ignore_unavailable=false&expand_wildcards=open&allow_no_indices=true&ignore_throttled=true&search_type=query_then_fetch&batched_reduce_size=512&ccs_minimize_roundtrips=true] returned 2 warnings: [299 Elasticsearch-7.16.1-5b38441b16b1ebb16a27c107a4c3865776e20c53 "Elasticsearch built-in security features are not enabled. Without authentication, your cluster could be accessible to anyone. See https://www.elastic.co/guide/en/elasticsearch/reference/7.16/security-minimal-setup.html to enable security."],[299 Elasticsearch-7.16.1-5b38441b16b1ebb16a27c107a4c3865776e20c53 "[ignore_throttled] parameter is deprecated because frozen indices have been deprecated. Consider cold or frozen tiers in place of frozen indices."]
2023-08-04 12:56:06,081 INFO  [com.dot.ContainerResource] (docker-java-stream-824381349) STDOUT: 12:56:06.081  WARN  client.RestClient - request [POST http://elasticsearch:9200/cluster_51b0cac1ff.live_20230804125536/_search?typed_keys=true&max_concurrent_shard_requests=5&ignore_unavailable=false&expand_wildcards=open&allow_no_indices=true&ignore_throttled=true&search_type=query_then_fetch&batched_reduce_size=512&ccs_minimize_roundtrips=true] returned 2 warnings: [299 Elasticsearch-7.16.1-5b38441b16b1ebb16a27c107a4c3865776e20c53 "Elasticsearch built-in security features are not enabled. Without authentication, your cluster could be accessible to anyone. See https://www.elastic.co/guide/en/elasticsearch/reference/7.16/security-minimal-setup.html to enable security."],[299 Elasticsearch-7.16.1-5b38441b16b1ebb16a27c107a4c3865776e20c53 "[ignore_throttled] parameter is deprecated because frozen indices have been deprecated. Consider cold or frozen tiers in place of frozen indices."]
2023-08-04 12:56:06,085 INFO  [com.dot.ContainerResource] (docker-java-stream-824381349) STDOUT: 12:56:06.085  WARN  client.RestClient - request [POST http://elasticsearch:9200/cluster_51b0cac1ff.live_20230804125536/_search?typed_keys=true&max_concurrent_shard_requests=5&ignore_unavailable=false&expand_wildcards=open&allow_no_indices=true&ignore_throttled=true&search_type=query_then_fetch&batched_reduce_size=512&ccs_minimize_roundtrips=true] returned 2 warnings: [299 Elasticsearch-7.16.1-5b38441b16b1ebb16a27c107a4c3865776e20c53 "Elasticsearch built-in security features are not enabled. Without authentication, your cluster could be accessible to anyone. See https://www.elastic.co/guide/en/elasticsearch/reference/7.16/security-minimal-setup.html to enable security."],[299 Elasticsearch-7.16.1-5b38441b16b1ebb16a27c107a4c3865776e20c53 "[ignore_throttled] parameter is deprecated because frozen indices have been deprecated. Consider cold or frozen tiers in place of frozen indices."]
2023-08-04 12:56:06,088 INFO  [com.dot.ContainerResource] (docker-java-stream-824381349) STDOUT: 12:56:06.088  WARN  client.RestClient - request [POST http://elasticsearch:9200/cluster_51b0cac1ff.live_20230804125536/_search?typed_keys=true&max_concurrent_shard_requests=5&ignore_unavailable=false&expand_wildcards=open&allow_no_indices=true&ignore_throttled=true&search_type=query_then_fetch&batched_reduce_size=512&ccs_minimize_roundtrips=true] returned 2 warnings: [299 Elasticsearch-7.16.1-5b38441b16b1ebb16a27c107a4c3865776e20c53 "Elasticsearch built-in security features are not enabled. Without authentication, your cluster could be accessible to anyone. See https://www.elastic.co/guide/en/elasticsearch/reference/7.16/security-minimal-setup.html to enable security."],[299 Elasticsearch-7.16.1-5b38441b16b1ebb16a27c107a4c3865776e20c53 "[ignore_throttled] parameter is deprecated because frozen indices have been deprecated. Consider cold or frozen tiers in place of frozen indices."]
2023-08-04 12:56:06,099 INFO  [com.dot.ContainerResource] (docker-java-stream-824381349) STDOUT: 12:56:06.099  WARN  client.RestClient - request [POST http://elasticsearch:9200/cluster_51b0cac1ff.live_20230804125536/_search?typed_keys=true&max_concurrent_shard_requests=5&ignore_unavailable=false&expand_wildcards=open&allow_no_indices=true&ignore_throttled=true&search_type=query_then_fetch&batched_reduce_size=512&ccs_minimize_roundtrips=true] returned 2 warnings: [299 Elasticsearch-7.16.1-5b38441b16b1ebb16a27c107a4c3865776e20c53 "Elasticsearch built-in security features are not enabled. Without authentication, your cluster could be accessible to anyone. See https://www.elastic.co/guide/en/elasticsearch/reference/7.16/security-minimal-setup.html to enable security."],[299 Elasticsearch-7.16.1-5b38441b16b1ebb16a27c107a4c3865776e20c53 "[ignore_throttled] parameter is deprecated because frozen indices have been deprecated. Consider cold or frozen tiers in place of frozen indices."]
2023-08-04 12:56:06,106 INFO  [com.dot.ContainerResource] (docker-java-stream-824381349) STDOUT: 12:56:06.105  WARN  client.RestClient - request [POST http://elasticsearch:9200/cluster_51b0cac1ff.live_20230804125536/_search?typed_keys=true&max_concurrent_shard_requests=5&ignore_unavailable=false&expand_wildcards=open&allow_no_indices=true&ignore_throttled=true&search_type=query_then_fetch&batched_reduce_size=512&ccs_minimize_roundtrips=true] returned 2 warnings: [299 Elasticsearch-7.16.1-5b38441b16b1ebb16a27c107a4c3865776e20c53 "Elasticsearch built-in security features are not enabled. Without authentication, your cluster could be accessible to anyone. See https://www.elastic.co/guide/en/elasticsearch/reference/7.16/security-minimal-setup.html to enable security."],[299 Elasticsearch-7.16.1-5b38441b16b1ebb16a27c107a4c3865776e20c53 "[ignore_throttled] parameter is deprecated because frozen indices have been deprecated. Consider cold or frozen tiers in place of frozen indices."]
2023-08-04 12:56:06,115 INFO  [com.dot.ContainerResource] (docker-java-stream-824381349) STDOUT: 12:56:06.114  WARN  client.RestClient - request [POST http://elasticsearch:9200/cluster_51b0cac1ff.live_20230804125536/_search?typed_keys=true&max_concurrent_shard_requests=5&ignore_unavailable=false&expand_wildcards=open&allow_no_indices=true&ignore_throttled=true&search_type=query_then_fetch&batched_reduce_size=512&ccs_minimize_roundtrips=true] returned 2 warnings: [299 Elasticsearch-7.16.1-5b38441b16b1ebb16a27c107a4c3865776e20c53 "Elasticsearch built-in security features are not enabled. Without authentication, your cluster could be accessible to anyone. See https://www.elastic.co/guide/en/elasticsearch/reference/7.16/security-minimal-setup.html to enable security."],[299 Elasticsearch-7.16.1-5b38441b16b1ebb16a27c107a4c3865776e20c53 "[ignore_throttled] parameter is deprecated because frozen indices have been deprecated. Consider cold or frozen tiers in place of frozen indices."]
2023-08-04 12:56:06,124 INFO  [com.dot.ContainerResource] (docker-java-stream-824381349) STDOUT: 12:56:06.122  WARN  client.RestClient - request [POST http://elasticsearch:9200/cluster_51b0cac1ff.live_20230804125536/_search?typed_keys=true&max_concurrent_shard_requests=5&ignore_unavailable=false&expand_wildcards=open&allow_no_indices=true&ignore_throttled=true&search_type=query_then_fetch&batched_reduce_size=512&ccs_minimize_roundtrips=true] returned 2 warnings: [299 Elasticsearch-7.16.1-5b38441b16b1ebb16a27c107a4c3865776e20c53 "Elasticsearch built-in security features are not enabled. Without authentication, your cluster could be accessible to anyone. See https://www.elastic.co/guide/en/elasticsearch/reference/7.16/security-minimal-setup.html to enable security."],[299 Elasticsearch-7.16.1-5b38441b16b1ebb16a27c107a4c3865776e20c53 "[ignore_throttled] parameter is deprecated because frozen indices have been deprecated. Consider cold or frozen tiers in place of frozen indices."]
2023-08-04 12:56:06,127 INFO  [com.dot.ContainerResource] (docker-java-stream-824381349) STDOUT: 12:56:06.127  WARN  client.RestClient - request [POST http://elasticsearch:9200/cluster_51b0cac1ff.live_20230804125536/_search?typed_keys=true&max_concurrent_shard_requests=5&ignore_unavailable=false&expand_wildcards=open&allow_no_indices=true&ignore_throttled=true&search_type=query_then_fetch&batched_reduce_size=512&ccs_minimize_roundtrips=true] returned 2 warnings: [299 Elasticsearch-7.16.1-5b38441b16b1ebb16a27c107a4c3865776e20c53 "Elasticsearch built-in security features are not enabled. Without authentication, your cluster could be accessible to anyone. See https://www.elastic.co/guide/en/elasticsearch/reference/7.16/security-minimal-setup.html to enable security."],[299 Elasticsearch-7.16.1-5b38441b16b1ebb16a27c107a4c3865776e20c53 "[ignore_throttled] parameter is deprecated because frozen indices have been deprecated. Consider cold or frozen tiers in place of frozen indices."]
2023-08-04 12:56:06,131 INFO  [com.dot.ContainerResource] (docker-java-stream-824381349) STDOUT: 12:56:06.130  WARN  client.RestClient - request [POST http://elasticsearch:9200/cluster_51b0cac1ff.live_20230804125536/_search?typed_keys=true&max_concurrent_shard_requests=5&ignore_unavailable=false&expand_wildcards=open&allow_no_indices=true&ignore_throttled=true&search_type=query_then_fetch&batched_reduce_size=512&ccs_minimize_roundtrips=true] returned 2 warnings: [299 Elasticsearch-7.16.1-5b38441b16b1ebb16a27c107a4c3865776e20c53 "Elasticsearch built-in security features are not enabled. Without authentication, your cluster could be accessible to anyone. See https://www.elastic.co/guide/en/elasticsearch/reference/7.16/security-minimal-setup.html to enable security."],[299 Elasticsearch-7.16.1-5b38441b16b1ebb16a27c107a4c3865776e20c53 "[ignore_throttled] parameter is deprecated because frozen indices have been deprecated. Consider cold or frozen tiers in place of frozen indices."]
2023-08-04 12:56:06,135 INFO  [com.dot.ContainerResource] (docker-java-stream-824381349) STDOUT: 12:56:06.134  WARN  client.RestClient - request [POST http://elasticsearch:9200/cluster_51b0cac1ff.live_20230804125536/_search?typed_keys=true&max_concurrent_shard_requests=5&ignore_unavailable=false&expand_wildcards=open&allow_no_indices=true&ignore_throttled=true&search_type=query_then_fetch&batched_reduce_size=512&ccs_minimize_roundtrips=true] returned 2 warnings: [299 Elasticsearch-7.16.1-5b38441b16b1ebb16a27c107a4c3865776e20c53 "Elasticsearch built-in security features are not enabled. Without authentication, your cluster could be accessible to anyone. See https://www.elastic.co/guide/en/elasticsearch/reference/7.16/security-minimal-setup.html to enable security."],[299 Elasticsearch-7.16.1-5b38441b16b1ebb16a27c107a4c3865776e20c53 "[ignore_throttled] parameter is deprecated because frozen indices have been deprecated. Consider cold or frozen tiers in place of frozen indices."]
2023-08-04 12:56:06,138 INFO  [com.dot.ContainerResource] (docker-java-stream-824381349) STDOUT: 12:56:06.138  WARN  client.RestClient - request [POST http://elasticsearch:9200/cluster_51b0cac1ff.live_20230804125536/_search?typed_keys=true&max_concurrent_shard_requests=5&ignore_unavailable=false&expand_wildcards=open&allow_no_indices=true&ignore_throttled=true&search_type=query_then_fetch&batched_reduce_size=512&ccs_minimize_roundtrips=true] returned 2 warnings: [299 Elasticsearch-7.16.1-5b38441b16b1ebb16a27c107a4c3865776e20c53 "Elasticsearch built-in security features are not enabled. Without authentication, your cluster could be accessible to anyone. See https://www.elastic.co/guide/en/elasticsearch/reference/7.16/security-minimal-setup.html to enable security."],[299 Elasticsearch-7.16.1-5b38441b16b1ebb16a27c107a4c3865776e20c53 "[ignore_throttled] parameter is deprecated because frozen indices have been deprecated. Consider cold or frozen tiers in place of frozen indices."]
2023-08-04 12:56:06,143 INFO  [com.dot.ContainerResource] (docker-java-stream-824381349) STDOUT: 12:56:06.142  WARN  client.RestClient - request [POST http://elasticsearch:9200/cluster_51b0cac1ff.live_20230804125536/_search?typed_keys=true&max_concurrent_shard_requests=5&ignore_unavailable=false&expand_wildcards=open&allow_no_indices=true&ignore_throttled=true&search_type=query_then_fetch&batched_reduce_size=512&ccs_minimize_roundtrips=true] returned 2 warnings: [299 Elasticsearch-7.16.1-5b38441b16b1ebb16a27c107a4c3865776e20c53 "Elasticsearch built-in security features are not enabled. Without authentication, your cluster could be accessible to anyone. See https://www.elastic.co/guide/en/elasticsearch/reference/7.16/security-minimal-setup.html to enable security."],[299 Elasticsearch-7.16.1-5b38441b16b1ebb16a27c107a4c3865776e20c53 "[ignore_throttled] parameter is deprecated because frozen indices have been deprecated. Consider cold or frozen tiers in place of frozen indices."]
2023-08-04 12:56:06,148 INFO  [com.dot.ContainerResource] (docker-java-stream-824381349) STDOUT: 12:56:06.148  WARN  client.RestClient - request [POST http://elasticsearch:9200/cluster_51b0cac1ff.live_20230804125536/_search?typed_keys=true&max_concurrent_shard_requests=5&ignore_unavailable=false&expand_wildcards=open&allow_no_indices=true&ignore_throttled=true&search_type=query_then_fetch&batched_reduce_size=512&ccs_minimize_roundtrips=true] returned 2 warnings: [299 Elasticsearch-7.16.1-5b38441b16b1ebb16a27c107a4c3865776e20c53 "Elasticsearch built-in security features are not enabled. Without authentication, your cluster could be accessible to anyone. See https://www.elastic.co/guide/en/elasticsearch/reference/7.16/security-minimal-setup.html to enable security."],[299 Elasticsearch-7.16.1-5b38441b16b1ebb16a27c107a4c3865776e20c53 "[ignore_throttled] parameter is deprecated because frozen indices have been deprecated. Consider cold or frozen tiers in place of frozen indices."]
2023-08-04 12:56:06,159 INFO  [com.dot.ContainerResource] (docker-java-stream-824381349) STDOUT: 12:56:06.157  WARN  client.RestClient - request [POST http://elasticsearch:9200/cluster_51b0cac1ff.live_20230804125536/_search?typed_keys=true&max_concurrent_shard_requests=5&ignore_unavailable=false&expand_wildcards=open&allow_no_indices=true&ignore_throttled=true&search_type=query_then_fetch&batched_reduce_size=512&ccs_minimize_roundtrips=true] returned 2 warnings: [299 Elasticsearch-7.16.1-5b38441b16b1ebb16a27c107a4c3865776e20c53 "Elasticsearch built-in security features are not enabled. Without authentication, your cluster could be accessible to anyone. See https://www.elastic.co/guide/en/elasticsearch/reference/7.16/security-minimal-setup.html to enable security."],[299 Elasticsearch-7.16.1-5b38441b16b1ebb16a27c107a4c3865776e20c53 "[ignore_throttled] parameter is deprecated because frozen indices have been deprecated. Consider cold or frozen tiers in place of frozen indices."]
2023-08-04 12:56:06,163 INFO  [com.dot.ContainerResource] (docker-java-stream-824381349) STDOUT: 12:56:06.162  WARN  client.RestClient - request [POST http://elasticsearch:9200/cluster_51b0cac1ff.live_20230804125536/_search?typed_keys=true&max_concurrent_shard_requests=5&ignore_unavailable=false&expand_wildcards=open&allow_no_indices=true&ignore_throttled=true&search_type=query_then_fetch&batched_reduce_size=512&ccs_minimize_roundtrips=true] returned 2 warnings: [299 Elasticsearch-7.16.1-5b38441b16b1ebb16a27c107a4c3865776e20c53 "Elasticsearch built-in security features are not enabled. Without authentication, your cluster could be accessible to anyone. See https://www.elastic.co/guide/en/elasticsearch/reference/7.16/security-minimal-setup.html to enable security."],[299 Elasticsearch-7.16.1-5b38441b16b1ebb16a27c107a4c3865776e20c53 "[ignore_throttled] parameter is deprecated because frozen indices have been deprecated. Consider cold or frozen tiers in place of frozen indices."]
2023-08-04 12:56:06,167 INFO  [com.dot.ContainerResource] (docker-java-stream-824381349) STDOUT: 12:56:06.167  WARN  client.RestClient - request [POST http://elasticsearch:9200/cluster_51b0cac1ff.live_20230804125536/_search?typed_keys=true&max_concurrent_shard_requests=5&ignore_unavailable=false&expand_wildcards=open&allow_no_indices=true&ignore_throttled=true&search_type=query_then_fetch&batched_reduce_size=512&ccs_minimize_roundtrips=true] returned 2 warnings: [299 Elasticsearch-7.16.1-5b38441b16b1ebb16a27c107a4c3865776e20c53 "Elasticsearch built-in security features are not enabled. Without authentication, your cluster could be accessible to anyone. See https://www.elastic.co/guide/en/elasticsearch/reference/7.16/security-minimal-setup.html to enable security."],[299 Elasticsearch-7.16.1-5b38441b16b1ebb16a27c107a4c3865776e20c53 "[ignore_throttled] parameter is deprecated because frozen indices have been deprecated. Consider cold or frozen tiers in place of frozen indices."]
2023-08-04 12:56:06,171 INFO  [com.dot.ContainerResource] (docker-java-stream-824381349) STDOUT: 12:56:06.171  WARN  client.RestClient - request [POST http://elasticsearch:9200/cluster_51b0cac1ff.live_20230804125536/_search?typed_keys=true&max_concurrent_shard_requests=5&ignore_unavailable=false&expand_wildcards=open&allow_no_indices=true&ignore_throttled=true&search_type=query_then_fetch&batched_reduce_size=512&ccs_minimize_roundtrips=true] returned 2 warnings: [299 Elasticsearch-7.16.1-5b38441b16b1ebb16a27c107a4c3865776e20c53 "Elasticsearch built-in security features are not enabled. Without authentication, your cluster could be accessible to anyone. See https://www.elastic.co/guide/en/elasticsearch/reference/7.16/security-minimal-setup.html to enable security."],[299 Elasticsearch-7.16.1-5b38441b16b1ebb16a27c107a4c3865776e20c53 "[ignore_throttled] parameter is deprecated because frozen indices have been deprecated. Consider cold or frozen tiers in place of frozen indices."]
2023-08-04 12:56:06,178 INFO  [com.dot.ContainerResource] (docker-java-stream-824381349) STDOUT: 12:56:06.177  WARN  client.RestClient - request [POST http://elasticsearch:9200/cluster_51b0cac1ff.live_20230804125536/_search?typed_keys=true&max_concurrent_shard_requests=5&ignore_unavailable=false&expand_wildcards=open&allow_no_indices=true&ignore_throttled=true&search_type=query_then_fetch&batched_reduce_size=512&ccs_minimize_roundtrips=true] returned 2 warnings: [299 Elasticsearch-7.16.1-5b38441b16b1ebb16a27c107a4c3865776e20c53 "Elasticsearch built-in security features are not enabled. Without authentication, your cluster could be accessible to anyone. See https://www.elastic.co/guide/en/elasticsearch/reference/7.16/security-minimal-setup.html to enable security."],[299 Elasticsearch-7.16.1-5b38441b16b1ebb16a27c107a4c3865776e20c53 "[ignore_throttled] parameter is deprecated because frozen indices have been deprecated. Consider cold or frozen tiers in place of frozen indices."]
2023-08-04 12:56:06,183 INFO  [com.dot.ContainerResource] (docker-java-stream-824381349) STDOUT: 12:56:06.182  WARN  client.RestClient - request [POST http://elasticsearch:9200/cluster_51b0cac1ff.live_20230804125536/_search?typed_keys=true&max_concurrent_shard_requests=5&ignore_unavailable=false&expand_wildcards=open&allow_no_indices=true&ignore_throttled=true&search_type=query_then_fetch&batched_reduce_size=512&ccs_minimize_roundtrips=true] returned 2 warnings: [299 Elasticsearch-7.16.1-5b38441b16b1ebb16a27c107a4c3865776e20c53 "Elasticsearch built-in security features are not enabled. Without authentication, your cluster could be accessible to anyone. See https://www.elastic.co/guide/en/elasticsearch/reference/7.16/security-minimal-setup.html to enable security."],[299 Elasticsearch-7.16.1-5b38441b16b1ebb16a27c107a4c3865776e20c53 "[ignore_throttled] parameter is deprecated because frozen indices have been deprecated. Consider cold or frozen tiers in place of frozen indices."]
2023-08-04 12:56:06,188 INFO  [com.dot.ContainerResource] (docker-java-stream-824381349) STDOUT: 12:56:06.188  WARN  client.RestClient - request [POST http://elasticsearch:9200/cluster_51b0cac1ff.live_20230804125536/_search?typed_keys=true&max_concurrent_shard_requests=5&ignore_unavailable=false&expand_wildcards=open&allow_no_indices=true&ignore_throttled=true&search_type=query_then_fetch&batched_reduce_size=512&ccs_minimize_roundtrips=true] returned 2 warnings: [299 Elasticsearch-7.16.1-5b38441b16b1ebb16a27c107a4c3865776e20c53 "Elasticsearch built-in security features are not enabled. Without authentication, your cluster could be accessible to anyone. See https://www.elastic.co/guide/en/elasticsearch/reference/7.16/security-minimal-setup.html to enable security."],[299 Elasticsearch-7.16.1-5b38441b16b1ebb16a27c107a4c3865776e20c53 "[ignore_throttled] parameter is deprecated because frozen indices have been deprecated. Consider cold or frozen tiers in place of frozen indices."]
2023-08-04 12:56:06,193 INFO  [com.dot.ContainerResource] (docker-java-stream-824381349) STDOUT: 12:56:06.193  WARN  client.RestClient - request [POST http://elasticsearch:9200/cluster_51b0cac1ff.live_20230804125536/_search?typed_keys=true&max_concurrent_shard_requests=5&ignore_unavailable=false&expand_wildcards=open&allow_no_indices=true&ignore_throttled=true&search_type=query_then_fetch&batched_reduce_size=512&ccs_minimize_roundtrips=true] returned 2 warnings: [299 Elasticsearch-7.16.1-5b38441b16b1ebb16a27c107a4c3865776e20c53 "Elasticsearch built-in security features are not enabled. Without authentication, your cluster could be accessible to anyone. See https://www.elastic.co/guide/en/elasticsearch/reference/7.16/security-minimal-setup.html to enable security."],[299 Elasticsearch-7.16.1-5b38441b16b1ebb16a27c107a4c3865776e20c53 "[ignore_throttled] parameter is deprecated because frozen indices have been deprecated. Consider cold or frozen tiers in place of frozen indices."]
2023-08-04 12:56:06,198 INFO  [com.dot.ContainerResource] (docker-java-stream-824381349) STDOUT: 12:56:06.198  WARN  client.RestClient - request [POST http://elasticsearch:9200/cluster_51b0cac1ff.live_20230804125536/_search?typed_keys=true&max_concurrent_shard_requests=5&ignore_unavailable=false&expand_wildcards=open&allow_no_indices=true&ignore_throttled=true&search_type=query_then_fetch&batched_reduce_size=512&ccs_minimize_roundtrips=true] returned 2 warnings: [299 Elasticsearch-7.16.1-5b38441b16b1ebb16a27c107a4c3865776e20c53 "Elasticsearch built-in security features are not enabled. Without authentication, your cluster could be accessible to anyone. See https://www.elastic.co/guide/en/elasticsearch/reference/7.16/security-minimal-setup.html to enable security."],[299 Elasticsearch-7.16.1-5b38441b16b1ebb16a27c107a4c3865776e20c53 "[ignore_throttled] parameter is deprecated because frozen indices have been deprecated. Consider cold or frozen tiers in place of frozen indices."]
2023-08-04 12:56:06,203 INFO  [com.dot.ContainerResource] (docker-java-stream-824381349) STDOUT: 12:56:06.203  WARN  client.RestClient - request [POST http://elasticsearch:9200/cluster_51b0cac1ff.live_20230804125536/_search?typed_keys=true&max_concurrent_shard_requests=5&ignore_unavailable=false&expand_wildcards=open&allow_no_indices=true&ignore_throttled=true&search_type=query_then_fetch&batched_reduce_size=512&ccs_minimize_roundtrips=true] returned 2 warnings: [299 Elasticsearch-7.16.1-5b38441b16b1ebb16a27c107a4c3865776e20c53 "Elasticsearch built-in security features are not enabled. Without authentication, your cluster could be accessible to anyone. See https://www.elastic.co/guide/en/elasticsearch/reference/7.16/security-minimal-setup.html to enable security."],[299 Elasticsearch-7.16.1-5b38441b16b1ebb16a27c107a4c3865776e20c53 "[ignore_throttled] parameter is deprecated because frozen indices have been deprecated. Consider cold or frozen tiers in place of frozen indices."]
2023-08-04 12:56:06,208 INFO  [com.dot.ContainerResource] (docker-java-stream-824381349) STDOUT: 12:56:06.208  WARN  client.RestClient - request [POST http://elasticsearch:9200/cluster_51b0cac1ff.live_20230804125536/_search?typed_keys=true&max_concurrent_shard_requests=5&ignore_unavailable=false&expand_wildcards=open&allow_no_indices=true&ignore_throttled=true&search_type=query_then_fetch&batched_reduce_size=512&ccs_minimize_roundtrips=true] returned 2 warnings: [299 Elasticsearch-7.16.1-5b38441b16b1ebb16a27c107a4c3865776e20c53 "Elasticsearch built-in security features are not enabled. Without authentication, your cluster could be accessible to anyone. See https://www.elastic.co/guide/en/elasticsearch/reference/7.16/security-minimal-setup.html to enable security."],[299 Elasticsearch-7.16.1-5b38441b16b1ebb16a27c107a4c3865776e20c53 "[ignore_throttled] parameter is deprecated because frozen indices have been deprecated. Consider cold or frozen tiers in place of frozen indices."]
2023-08-04 12:56:06,213 INFO  [com.dot.ContainerResource] (docker-java-stream-824381349) STDOUT: 12:56:06.213  WARN  client.RestClient - request [POST http://elasticsearch:9200/cluster_51b0cac1ff.live_20230804125536/_search?typed_keys=true&max_concurrent_shard_requests=5&ignore_unavailable=false&expand_wildcards=open&allow_no_indices=true&ignore_throttled=true&search_type=query_then_fetch&batched_reduce_size=512&ccs_minimize_roundtrips=true] returned 2 warnings: [299 Elasticsearch-7.16.1-5b38441b16b1ebb16a27c107a4c3865776e20c53 "Elasticsearch built-in security features are not enabled. Without authentication, your cluster could be accessible to anyone. See https://www.elastic.co/guide/en/elasticsearch/reference/7.16/security-minimal-setup.html to enable security."],[299 Elasticsearch-7.16.1-5b38441b16b1ebb16a27c107a4c3865776e20c53 "[ignore_throttled] parameter is deprecated because frozen indices have been deprecated. Consider cold or frozen tiers in place of frozen indices."]
2023-08-04 12:56:06,218 INFO  [com.dot.ContainerResource] (docker-java-stream-824381349) STDOUT: 12:56:06.218  WARN  client.RestClient - request [POST http://elasticsearch:9200/cluster_51b0cac1ff.live_20230804125536/_search?typed_keys=true&max_concurrent_shard_requests=5&ignore_unavailable=false&expand_wildcards=open&allow_no_indices=true&ignore_throttled=true&search_type=query_then_fetch&batched_reduce_size=512&ccs_minimize_roundtrips=true] returned 2 warnings: [299 Elasticsearch-7.16.1-5b38441b16b1ebb16a27c107a4c3865776e20c53 "Elasticsearch built-in security features are not enabled. Without authentication, your cluster could be accessible to anyone. See https://www.elastic.co/guide/en/elasticsearch/reference/7.16/security-minimal-setup.html to enable security."],[299 Elasticsearch-7.16.1-5b38441b16b1ebb16a27c107a4c3865776e20c53 "[ignore_throttled] parameter is deprecated because frozen indices have been deprecated. Consider cold or frozen tiers in place of frozen indices."]
2023-08-04 12:56:06,223 INFO  [com.dot.ContainerResource] (docker-java-stream-824381349) STDOUT: 12:56:06.223  WARN  client.RestClient - request [POST http://elasticsearch:9200/cluster_51b0cac1ff.live_20230804125536/_search?typed_keys=true&max_concurrent_shard_requests=5&ignore_unavailable=false&expand_wildcards=open&allow_no_indices=true&ignore_throttled=true&search_type=query_then_fetch&batched_reduce_size=512&ccs_minimize_roundtrips=true] returned 2 warnings: [299 Elasticsearch-7.16.1-5b38441b16b1ebb16a27c107a4c3865776e20c53 "Elasticsearch built-in security features are not enabled. Without authentication, your cluster could be accessible to anyone. See https://www.elastic.co/guide/en/elasticsearch/reference/7.16/security-minimal-setup.html to enable security."],[299 Elasticsearch-7.16.1-5b38441b16b1ebb16a27c107a4c3865776e20c53 "[ignore_throttled] parameter is deprecated because frozen indices have been deprecated. Consider cold or frozen tiers in place of frozen indices."]
2023-08-04 12:56:06,228 INFO  [com.dot.ContainerResource] (docker-java-stream-824381349) STDOUT: 12:56:06.228  WARN  client.RestClient - request [POST http://elasticsearch:9200/cluster_51b0cac1ff.live_20230804125536/_search?typed_keys=true&max_concurrent_shard_requests=5&ignore_unavailable=false&expand_wildcards=open&allow_no_indices=true&ignore_throttled=true&search_type=query_then_fetch&batched_reduce_size=512&ccs_minimize_roundtrips=true] returned 2 warnings: [299 Elasticsearch-7.16.1-5b38441b16b1ebb16a27c107a4c3865776e20c53 "Elasticsearch built-in security features are not enabled. Without authentication, your cluster could be accessible to anyone. See https://www.elastic.co/guide/en/elasticsearch/reference/7.16/security-minimal-setup.html to enable security."],[299 Elasticsearch-7.16.1-5b38441b16b1ebb16a27c107a4c3865776e20c53 "[ignore_throttled] parameter is deprecated because frozen indices have been deprecated. Consider cold or frozen tiers in place of frozen indices."]
2023-08-04 12:56:06,235 INFO  [com.dot.ContainerResource] (docker-java-stream-824381349) STDOUT: 12:56:06.235  WARN  client.RestClient - request [POST http://elasticsearch:9200/cluster_51b0cac1ff.live_20230804125536/_search?typed_keys=true&max_concurrent_shard_requests=5&ignore_unavailable=false&expand_wildcards=open&allow_no_indices=true&ignore_throttled=true&search_type=query_then_fetch&batched_reduce_size=512&ccs_minimize_roundtrips=true] returned 2 warnings: [299 Elasticsearch-7.16.1-5b38441b16b1ebb16a27c107a4c3865776e20c53 "Elasticsearch built-in security features are not enabled. Without authentication, your cluster could be accessible to anyone. See https://www.elastic.co/guide/en/elasticsearch/reference/7.16/security-minimal-setup.html to enable security."],[299 Elasticsearch-7.16.1-5b38441b16b1ebb16a27c107a4c3865776e20c53 "[ignore_throttled] parameter is deprecated because frozen indices have been deprecated. Consider cold or frozen tiers in place of frozen indices."]
2023-08-04 12:56:06,240 INFO  [com.dot.ContainerResource] (docker-java-stream-824381349) STDOUT: 12:56:06.240  WARN  client.RestClient - request [POST http://elasticsearch:9200/cluster_51b0cac1ff.live_20230804125536/_search?typed_keys=true&max_concurrent_shard_requests=5&ignore_unavailable=false&expand_wildcards=open&allow_no_indices=true&ignore_throttled=true&search_type=query_then_fetch&batched_reduce_size=512&ccs_minimize_roundtrips=true] returned 2 warnings: [299 Elasticsearch-7.16.1-5b38441b16b1ebb16a27c107a4c3865776e20c53 "Elasticsearch built-in security features are not enabled. Without authentication, your cluster could be accessible to anyone. See https://www.elastic.co/guide/en/elasticsearch/reference/7.16/security-minimal-setup.html to enable security."],[299 Elasticsearch-7.16.1-5b38441b16b1ebb16a27c107a4c3865776e20c53 "[ignore_throttled] parameter is deprecated because frozen indices have been deprecated. Consider cold or frozen tiers in place of frozen indices."]
2023-08-04 12:56:06,245 INFO  [com.dot.ContainerResource] (docker-java-stream-824381349) STDOUT: 12:56:06.245  WARN  client.RestClient - request [POST http://elasticsearch:9200/cluster_51b0cac1ff.live_20230804125536/_search?typed_keys=true&max_concurrent_shard_requests=5&ignore_unavailable=false&expand_wildcards=open&allow_no_indices=true&ignore_throttled=true&search_type=query_then_fetch&batched_reduce_size=512&ccs_minimize_roundtrips=true] returned 2 warnings: [299 Elasticsearch-7.16.1-5b38441b16b1ebb16a27c107a4c3865776e20c53 "Elasticsearch built-in security features are not enabled. Without authentication, your cluster could be accessible to anyone. See https://www.elastic.co/guide/en/elasticsearch/reference/7.16/security-minimal-setup.html to enable security."],[299 Elasticsearch-7.16.1-5b38441b16b1ebb16a27c107a4c3865776e20c53 "[ignore_throttled] parameter is deprecated because frozen indices have been deprecated. Consider cold or frozen tiers in place of frozen indices."]
2023-08-04 12:56:06,249 INFO  [com.dot.ContainerResource] (docker-java-stream-824381349) STDOUT: 12:56:06.248  WARN  client.RestClient - request [POST http://elasticsearch:9200/cluster_51b0cac1ff.live_20230804125536/_search?typed_keys=true&max_concurrent_shard_requests=5&ignore_unavailable=false&expand_wildcards=open&allow_no_indices=true&ignore_throttled=true&search_type=query_then_fetch&batched_reduce_size=512&ccs_minimize_roundtrips=true] returned 2 warnings: [299 Elasticsearch-7.16.1-5b38441b16b1ebb16a27c107a4c3865776e20c53 "Elasticsearch built-in security features are not enabled. Without authentication, your cluster could be accessible to anyone. See https://www.elastic.co/guide/en/elasticsearch/reference/7.16/security-minimal-setup.html to enable security."],[299 Elasticsearch-7.16.1-5b38441b16b1ebb16a27c107a4c3865776e20c53 "[ignore_throttled] parameter is deprecated because frozen indices have been deprecated. Consider cold or frozen tiers in place of frozen indices."]
2023-08-04 12:56:06,252 INFO  [com.dot.ContainerResource] (docker-java-stream-824381349) STDOUT: 12:56:06.252  WARN  client.RestClient - request [POST http://elasticsearch:9200/cluster_51b0cac1ff.live_20230804125536/_search?typed_keys=true&max_concurrent_shard_requests=5&ignore_unavailable=false&expand_wildcards=open&allow_no_indices=true&ignore_throttled=true&search_type=query_then_fetch&batched_reduce_size=512&ccs_minimize_roundtrips=true] returned 2 warnings: [299 Elasticsearch-7.16.1-5b38441b16b1ebb16a27c107a4c3865776e20c53 "Elasticsearch built-in security features are not enabled. Without authentication, your cluster could be accessible to anyone. See https://www.elastic.co/guide/en/elasticsearch/reference/7.16/security-minimal-setup.html to enable security."],[299 Elasticsearch-7.16.1-5b38441b16b1ebb16a27c107a4c3865776e20c53 "[ignore_throttled] parameter is deprecated because frozen indices have been deprecated. Consider cold or frozen tiers in place of frozen indices."]
2023-08-04 12:56:06,255 INFO  [com.dot.ContainerResource] (docker-java-stream-824381349) STDOUT: 12:56:06.255  WARN  client.RestClient - request [POST http://elasticsearch:9200/cluster_51b0cac1ff.live_20230804125536/_search?typed_keys=true&max_concurrent_shard_requests=5&ignore_unavailable=false&expand_wildcards=open&allow_no_indices=true&ignore_throttled=true&search_type=query_then_fetch&batched_reduce_size=512&ccs_minimize_roundtrips=true] returned 2 warnings: [299 Elasticsearch-7.16.1-5b38441b16b1ebb16a27c107a4c3865776e20c53 "Elasticsearch built-in security features are not enabled. Without authentication, your cluster could be accessible to anyone. See https://www.elastic.co/guide/en/elasticsearch/reference/7.16/security-minimal-setup.html to enable security."],[299 Elasticsearch-7.16.1-5b38441b16b1ebb16a27c107a4c3865776e20c53 "[ignore_throttled] parameter is deprecated because frozen indices have been deprecated. Consider cold or frozen tiers in place of frozen indices."]
2023-08-04 12:56:06,259 INFO  [com.dot.ContainerResource] (docker-java-stream-824381349) STDOUT: 12:56:06.258  WARN  client.RestClient - request [POST http://elasticsearch:9200/cluster_51b0cac1ff.live_20230804125536/_search?typed_keys=true&max_concurrent_shard_requests=5&ignore_unavailable=false&expand_wildcards=open&allow_no_indices=true&ignore_throttled=true&search_type=query_then_fetch&batched_reduce_size=512&ccs_minimize_roundtrips=true] returned 2 warnings: [299 Elasticsearch-7.16.1-5b38441b16b1ebb16a27c107a4c3865776e20c53 "Elasticsearch built-in security features are not enabled. Without authentication, your cluster could be accessible to anyone. See https://www.elastic.co/guide/en/elasticsearch/reference/7.16/security-minimal-setup.html to enable security."],[299 Elasticsearch-7.16.1-5b38441b16b1ebb16a27c107a4c3865776e20c53 "[ignore_throttled] parameter is deprecated because frozen indices have been deprecated. Consider cold or frozen tiers in place of frozen indices."]
2023-08-04 12:56:06,262 INFO  [com.dot.ContainerResource] (docker-java-stream-824381349) STDOUT: 12:56:06.261  WARN  client.RestClient - request [POST http://elasticsearch:9200/cluster_51b0cac1ff.live_20230804125536/_search?typed_keys=true&max_concurrent_shard_requests=5&ignore_unavailable=false&expand_wildcards=open&allow_no_indices=true&ignore_throttled=true&search_type=query_then_fetch&batched_reduce_size=512&ccs_minimize_roundtrips=true] returned 2 warnings: [299 Elasticsearch-7.16.1-5b38441b16b1ebb16a27c107a4c3865776e20c53 "Elasticsearch built-in security features are not enabled. Without authentication, your cluster could be accessible to anyone. See https://www.elastic.co/guide/en/elasticsearch/reference/7.16/security-minimal-setup.html to enable security."],[299 Elasticsearch-7.16.1-5b38441b16b1ebb16a27c107a4c3865776e20c53 "[ignore_throttled] parameter is deprecated because frozen indices have been deprecated. Consider cold or frozen tiers in place of frozen indices."]
2023-08-04 12:56:06,265 INFO  [com.dot.ContainerResource] (docker-java-stream-824381349) STDOUT: 12:56:06.265  WARN  client.RestClient - request [POST http://elasticsearch:9200/cluster_51b0cac1ff.live_20230804125536/_search?typed_keys=true&max_concurrent_shard_requests=5&ignore_unavailable=false&expand_wildcards=open&allow_no_indices=true&ignore_throttled=true&search_type=query_then_fetch&batched_reduce_size=512&ccs_minimize_roundtrips=true] returned 2 warnings: [299 Elasticsearch-7.16.1-5b38441b16b1ebb16a27c107a4c3865776e20c53 "Elasticsearch built-in security features are not enabled. Without authentication, your cluster could be accessible to anyone. See https://www.elastic.co/guide/en/elasticsearch/reference/7.16/security-minimal-setup.html to enable security."],[299 Elasticsearch-7.16.1-5b38441b16b1ebb16a27c107a4c3865776e20c53 "[ignore_throttled] parameter is deprecated because frozen indices have been deprecated. Consider cold or frozen tiers in place of frozen indices."]
2023-08-04 12:56:06,268 INFO  [com.dot.ContainerResource] (docker-java-stream-824381349) STDOUT: 12:56:06.268  WARN  client.RestClient - request [POST http://elasticsearch:9200/cluster_51b0cac1ff.live_20230804125536/_search?typed_keys=true&max_concurrent_shard_requests=5&ignore_unavailable=false&expand_wildcards=open&allow_no_indices=true&ignore_throttled=true&search_type=query_then_fetch&batched_reduce_size=512&ccs_minimize_roundtrips=true] returned 2 warnings: [299 Elasticsearch-7.16.1-5b38441b16b1ebb16a27c107a4c3865776e20c53 "Elasticsearch built-in security features are not enabled. Without authentication, your cluster could be accessible to anyone. See https://www.elastic.co/guide/en/elasticsearch/reference/7.16/security-minimal-setup.html to enable security."],[299 Elasticsearch-7.16.1-5b38441b16b1ebb16a27c107a4c3865776e20c53 "[ignore_throttled] parameter is deprecated because frozen indices have been deprecated. Consider cold or frozen tiers in place of frozen indices."]
2023-08-04 12:56:06,271 INFO  [com.dot.ContainerResource] (docker-java-stream-824381349) STDOUT: 12:56:06.271  WARN  client.RestClient - request [POST http://elasticsearch:9200/cluster_51b0cac1ff.live_20230804125536/_search?typed_keys=true&max_concurrent_shard_requests=5&ignore_unavailable=false&expand_wildcards=open&allow_no_indices=true&ignore_throttled=true&search_type=query_then_fetch&batched_reduce_size=512&ccs_minimize_roundtrips=true] returned 2 warnings: [299 Elasticsearch-7.16.1-5b38441b16b1ebb16a27c107a4c3865776e20c53 "Elasticsearch built-in security features are not enabled. Without authentication, your cluster could be accessible to anyone. See https://www.elastic.co/guide/en/elasticsearch/reference/7.16/security-minimal-setup.html to enable security."],[299 Elasticsearch-7.16.1-5b38441b16b1ebb16a27c107a4c3865776e20c53 "[ignore_throttled] parameter is deprecated because frozen indices have been deprecated. Consider cold or frozen tiers in place of frozen indices."]
2023-08-04 12:56:06,275 INFO  [com.dot.ContainerResource] (docker-java-stream-824381349) STDOUT: 12:56:06.274  WARN  client.RestClient - request [POST http://elasticsearch:9200/cluster_51b0cac1ff.live_20230804125536/_search?typed_keys=true&max_concurrent_shard_requests=5&ignore_unavailable=false&expand_wildcards=open&allow_no_indices=true&ignore_throttled=true&search_type=query_then_fetch&batched_reduce_size=512&ccs_minimize_roundtrips=true] returned 2 warnings: [299 Elasticsearch-7.16.1-5b38441b16b1ebb16a27c107a4c3865776e20c53 "Elasticsearch built-in security features are not enabled. Without authentication, your cluster could be accessible to anyone. See https://www.elastic.co/guide/en/elasticsearch/reference/7.16/security-minimal-setup.html to enable security."],[299 Elasticsearch-7.16.1-5b38441b16b1ebb16a27c107a4c3865776e20c53 "[ignore_throttled] parameter is deprecated because frozen indices have been deprecated. Consider cold or frozen tiers in place of frozen indices."]
2023-08-04 12:56:06,278 INFO  [com.dot.ContainerResource] (docker-java-stream-824381349) STDOUT: 12:56:06.277  WARN  client.RestClient - request [POST http://elasticsearch:9200/cluster_51b0cac1ff.live_20230804125536/_search?typed_keys=true&max_concurrent_shard_requests=5&ignore_unavailable=false&expand_wildcards=open&allow_no_indices=true&ignore_throttled=true&search_type=query_then_fetch&batched_reduce_size=512&ccs_minimize_roundtrips=true] returned 2 warnings: [299 Elasticsearch-7.16.1-5b38441b16b1ebb16a27c107a4c3865776e20c53 "Elasticsearch built-in security features are not enabled. Without authentication, your cluster could be accessible to anyone. See https://www.elastic.co/guide/en/elasticsearch/reference/7.16/security-minimal-setup.html to enable security."],[299 Elasticsearch-7.16.1-5b38441b16b1ebb16a27c107a4c3865776e20c53 "[ignore_throttled] parameter is deprecated because frozen indices have been deprecated. Consider cold or frozen tiers in place of frozen indices."]
2023-08-04 12:56:06,281 INFO  [com.dot.ContainerResource] (docker-java-stream-824381349) STDOUT: 12:56:06.280  WARN  client.RestClient - request [POST http://elasticsearch:9200/cluster_51b0cac1ff.live_20230804125536/_search?typed_keys=true&max_concurrent_shard_requests=5&ignore_unavailable=false&expand_wildcards=open&allow_no_indices=true&ignore_throttled=true&search_type=query_then_fetch&batched_reduce_size=512&ccs_minimize_roundtrips=true] returned 2 warnings: [299 Elasticsearch-7.16.1-5b38441b16b1ebb16a27c107a4c3865776e20c53 "Elasticsearch built-in security features are not enabled. Without authentication, your cluster could be accessible to anyone. See https://www.elastic.co/guide/en/elasticsearch/reference/7.16/security-minimal-setup.html to enable security."],[299 Elasticsearch-7.16.1-5b38441b16b1ebb16a27c107a4c3865776e20c53 "[ignore_throttled] parameter is deprecated because frozen indices have been deprecated. Consider cold or frozen tiers in place of frozen indices."]
2023-08-04 12:56:06,284 INFO  [com.dot.ContainerResource] (docker-java-stream-824381349) STDOUT: 12:56:06.283  WARN  client.RestClient - request [POST http://elasticsearch:9200/cluster_51b0cac1ff.live_20230804125536/_search?typed_keys=true&max_concurrent_shard_requests=5&ignore_unavailable=false&expand_wildcards=open&allow_no_indices=true&ignore_throttled=true&search_type=query_then_fetch&batched_reduce_size=512&ccs_minimize_roundtrips=true] returned 2 warnings: [299 Elasticsearch-7.16.1-5b38441b16b1ebb16a27c107a4c3865776e20c53 "Elasticsearch built-in security features are not enabled. Without authentication, your cluster could be accessible to anyone. See https://www.elastic.co/guide/en/elasticsearch/reference/7.16/security-minimal-setup.html to enable security."],[299 Elasticsearch-7.16.1-5b38441b16b1ebb16a27c107a4c3865776e20c53 "[ignore_throttled] parameter is deprecated because frozen indices have been deprecated. Consider cold or frozen tiers in place of frozen indices."]
2023-08-04 12:56:06,288 INFO  [com.dot.ContainerResource] (docker-java-stream-824381349) STDOUT: 12:56:06.287  WARN  client.RestClient - request [POST http://elasticsearch:9200/cluster_51b0cac1ff.live_20230804125536/_search?typed_keys=true&max_concurrent_shard_requests=5&ignore_unavailable=false&expand_wildcards=open&allow_no_indices=true&ignore_throttled=true&search_type=query_then_fetch&batched_reduce_size=512&ccs_minimize_roundtrips=true] returned 2 warnings: [299 Elasticsearch-7.16.1-5b38441b16b1ebb16a27c107a4c3865776e20c53 "Elasticsearch built-in security features are not enabled. Without authentication, your cluster could be accessible to anyone. See https://www.elastic.co/guide/en/elasticsearch/reference/7.16/security-minimal-setup.html to enable security."],[299 Elasticsearch-7.16.1-5b38441b16b1ebb16a27c107a4c3865776e20c53 "[ignore_throttled] parameter is deprecated because frozen indices have been deprecated. Consider cold or frozen tiers in place of frozen indices."]
2023-08-04 12:56:06,292 INFO  [com.dot.ContainerResource] (docker-java-stream-824381349) STDOUT: 12:56:06.292  WARN  client.RestClient - request [POST http://elasticsearch:9200/cluster_51b0cac1ff.live_20230804125536/_search?typed_keys=true&max_concurrent_shard_requests=5&ignore_unavailable=false&expand_wildcards=open&allow_no_indices=true&ignore_throttled=true&search_type=query_then_fetch&batched_reduce_size=512&ccs_minimize_roundtrips=true] returned 2 warnings: [299 Elasticsearch-7.16.1-5b38441b16b1ebb16a27c107a4c3865776e20c53 "Elasticsearch built-in security features are not enabled. Without authentication, your cluster could be accessible to anyone. See https://www.elastic.co/guide/en/elasticsearch/reference/7.16/security-minimal-setup.html to enable security."],[299 Elasticsearch-7.16.1-5b38441b16b1ebb16a27c107a4c3865776e20c53 "[ignore_throttled] parameter is deprecated because frozen indices have been deprecated. Consider cold or frozen tiers in place of frozen indices."]
2023-08-04 12:56:06,295 INFO  [com.dot.ContainerResource] (docker-java-stream-824381349) STDOUT: 12:56:06.295  WARN  client.RestClient - request [POST http://elasticsearch:9200/cluster_51b0cac1ff.live_20230804125536/_search?typed_keys=true&max_concurrent_shard_requests=5&ignore_unavailable=false&expand_wildcards=open&allow_no_indices=true&ignore_throttled=true&search_type=query_then_fetch&batched_reduce_size=512&ccs_minimize_roundtrips=true] returned 2 warnings: [299 Elasticsearch-7.16.1-5b38441b16b1ebb16a27c107a4c3865776e20c53 "Elasticsearch built-in security features are not enabled. Without authentication, your cluster could be accessible to anyone. See https://www.elastic.co/guide/en/elasticsearch/reference/7.16/security-minimal-setup.html to enable security."],[299 Elasticsearch-7.16.1-5b38441b16b1ebb16a27c107a4c3865776e20c53 "[ignore_throttled] parameter is deprecated because frozen indices have been deprecated. Consider cold or frozen tiers in place of frozen indices."]
2023-08-04 12:56:06,299 INFO  [com.dot.ContainerResource] (docker-java-stream-824381349) STDOUT: 12:56:06.299  WARN  client.RestClient - request [POST http://elasticsearch:9200/cluster_51b0cac1ff.live_20230804125536/_search?typed_keys=true&max_concurrent_shard_requests=5&ignore_unavailable=false&expand_wildcards=open&allow_no_indices=true&ignore_throttled=true&search_type=query_then_fetch&batched_reduce_size=512&ccs_minimize_roundtrips=true] returned 2 warnings: [299 Elasticsearch-7.16.1-5b38441b16b1ebb16a27c107a4c3865776e20c53 "Elasticsearch built-in security features are not enabled. Without authentication, your cluster could be accessible to anyone. See https://www.elastic.co/guide/en/elasticsearch/reference/7.16/security-minimal-setup.html to enable security."],[299 Elasticsearch-7.16.1-5b38441b16b1ebb16a27c107a4c3865776e20c53 "[ignore_throttled] parameter is deprecated because frozen indices have been deprecated. Consider cold or frozen tiers in place of frozen indices."]
2023-08-04 12:56:06,303 INFO  [com.dot.ContainerResource] (docker-java-stream-824381349) STDOUT: 12:56:06.303  WARN  client.RestClient - request [POST http://elasticsearch:9200/cluster_51b0cac1ff.live_20230804125536/_search?typed_keys=true&max_concurrent_shard_requests=5&ignore_unavailable=false&expand_wildcards=open&allow_no_indices=true&ignore_throttled=true&search_type=query_then_fetch&batched_reduce_size=512&ccs_minimize_roundtrips=true] returned 2 warnings: [299 Elasticsearch-7.16.1-5b38441b16b1ebb16a27c107a4c3865776e20c53 "Elasticsearch built-in security features are not enabled. Without authentication, your cluster could be accessible to anyone. See https://www.elastic.co/guide/en/elasticsearch/reference/7.16/security-minimal-setup.html to enable security."],[299 Elasticsearch-7.16.1-5b38441b16b1ebb16a27c107a4c3865776e20c53 "[ignore_throttled] parameter is deprecated because frozen indices have been deprecated. Consider cold or frozen tiers in place of frozen indices."]
2023-08-04 12:56:06,307 INFO  [com.dot.ContainerResource] (docker-java-stream-824381349) STDOUT: 12:56:06.307  WARN  client.RestClient - request [POST http://elasticsearch:9200/cluster_51b0cac1ff.live_20230804125536/_search?typed_keys=true&max_concurrent_shard_requests=5&ignore_unavailable=false&expand_wildcards=open&allow_no_indices=true&ignore_throttled=true&search_type=query_then_fetch&batched_reduce_size=512&ccs_minimize_roundtrips=true] returned 2 warnings: [299 Elasticsearch-7.16.1-5b38441b16b1ebb16a27c107a4c3865776e20c53 "Elasticsearch built-in security features are not enabled. Without authentication, your cluster could be accessible to anyone. See https://www.elastic.co/guide/en/elasticsearch/reference/7.16/security-minimal-setup.html to enable security."],[299 Elasticsearch-7.16.1-5b38441b16b1ebb16a27c107a4c3865776e20c53 "[ignore_throttled] parameter is deprecated because frozen indices have been deprecated. Consider cold or frozen tiers in place of frozen indices."]
2023-08-04 12:56:06,311 INFO  [com.dot.ContainerResource] (docker-java-stream-824381349) STDOUT: 12:56:06.310  WARN  client.RestClient - request [POST http://elasticsearch:9200/cluster_51b0cac1ff.live_20230804125536/_search?typed_keys=true&max_concurrent_shard_requests=5&ignore_unavailable=false&expand_wildcards=open&allow_no_indices=true&ignore_throttled=true&search_type=query_then_fetch&batched_reduce_size=512&ccs_minimize_roundtrips=true] returned 2 warnings: [299 Elasticsearch-7.16.1-5b38441b16b1ebb16a27c107a4c3865776e20c53 "Elasticsearch built-in security features are not enabled. Without authentication, your cluster could be accessible to anyone. See https://www.elastic.co/guide/en/elasticsearch/reference/7.16/security-minimal-setup.html to enable security."],[299 Elasticsearch-7.16.1-5b38441b16b1ebb16a27c107a4c3865776e20c53 "[ignore_throttled] parameter is deprecated because frozen indices have been deprecated. Consider cold or frozen tiers in place of frozen indices."]
2023-08-04 12:56:06,314 INFO  [com.dot.ContainerResource] (docker-java-stream-824381349) STDOUT: 12:56:06.314  WARN  client.RestClient - request [POST http://elasticsearch:9200/cluster_51b0cac1ff.live_20230804125536/_search?typed_keys=true&max_concurrent_shard_requests=5&ignore_unavailable=false&expand_wildcards=open&allow_no_indices=true&ignore_throttled=true&search_type=query_then_fetch&batched_reduce_size=512&ccs_minimize_roundtrips=true] returned 2 warnings: [299 Elasticsearch-7.16.1-5b38441b16b1ebb16a27c107a4c3865776e20c53 "Elasticsearch built-in security features are not enabled. Without authentication, your cluster could be accessible to anyone. See https://www.elastic.co/guide/en/elasticsearch/reference/7.16/security-minimal-setup.html to enable security."],[299 Elasticsearch-7.16.1-5b38441b16b1ebb16a27c107a4c3865776e20c53 "[ignore_throttled] parameter is deprecated because frozen indices have been deprecated. Consider cold or frozen tiers in place of frozen indices."]
2023-08-04 12:56:06,319 INFO  [com.dot.ContainerResource] (docker-java-stream-824381349) STDOUT: 12:56:06.319  WARN  client.RestClient - request [POST http://elasticsearch:9200/cluster_51b0cac1ff.live_20230804125536/_search?typed_keys=true&max_concurrent_shard_requests=5&ignore_unavailable=false&expand_wildcards=open&allow_no_indices=true&ignore_throttled=true&search_type=query_then_fetch&batched_reduce_size=512&ccs_minimize_roundtrips=true] returned 2 warnings: [299 Elasticsearch-7.16.1-5b38441b16b1ebb16a27c107a4c3865776e20c53 "Elasticsearch built-in security features are not enabled. Without authentication, your cluster could be accessible to anyone. See https://www.elastic.co/guide/en/elasticsearch/reference/7.16/security-minimal-setup.html to enable security."],[299 Elasticsearch-7.16.1-5b38441b16b1ebb16a27c107a4c3865776e20c53 "[ignore_throttled] parameter is deprecated because frozen indices have been deprecated. Consider cold or frozen tiers in place of frozen indices."]
2023-08-04 12:56:06,323 INFO  [com.dot.ContainerResource] (docker-java-stream-824381349) STDOUT: 12:56:06.322  WARN  client.RestClient - request [POST http://elasticsearch:9200/cluster_51b0cac1ff.live_20230804125536/_search?typed_keys=true&max_concurrent_shard_requests=5&ignore_unavailable=false&expand_wildcards=open&allow_no_indices=true&ignore_throttled=true&search_type=query_then_fetch&batched_reduce_size=512&ccs_minimize_roundtrips=true] returned 2 warnings: [299 Elasticsearch-7.16.1-5b38441b16b1ebb16a27c107a4c3865776e20c53 "Elasticsearch built-in security features are not enabled. Without authentication, your cluster could be accessible to anyone. See https://www.elastic.co/guide/en/elasticsearch/reference/7.16/security-minimal-setup.html to enable security."],[299 Elasticsearch-7.16.1-5b38441b16b1ebb16a27c107a4c3865776e20c53 "[ignore_throttled] parameter is deprecated because frozen indices have been deprecated. Consider cold or frozen tiers in place of frozen indices."]
2023-08-04 12:56:06,327 INFO  [com.dot.ContainerResource] (docker-java-stream-824381349) STDOUT: 12:56:06.326  WARN  client.RestClient - request [POST http://elasticsearch:9200/cluster_51b0cac1ff.live_20230804125536/_search?typed_keys=true&max_concurrent_shard_requests=5&ignore_unavailable=false&expand_wildcards=open&allow_no_indices=true&ignore_throttled=true&search_type=query_then_fetch&batched_reduce_size=512&ccs_minimize_roundtrips=true] returned 2 warnings: [299 Elasticsearch-7.16.1-5b38441b16b1ebb16a27c107a4c3865776e20c53 "Elasticsearch built-in security features are not enabled. Without authentication, your cluster could be accessible to anyone. See https://www.elastic.co/guide/en/elasticsearch/reference/7.16/security-minimal-setup.html to enable security."],[299 Elasticsearch-7.16.1-5b38441b16b1ebb16a27c107a4c3865776e20c53 "[ignore_throttled] parameter is deprecated because frozen indices have been deprecated. Consider cold or frozen tiers in place of frozen indices."]
2023-08-04 12:56:06,331 INFO  [com.dot.ContainerResource] (docker-java-stream-824381349) STDOUT: 12:56:06.330  WARN  client.RestClient - request [POST http://elasticsearch:9200/cluster_51b0cac1ff.live_20230804125536/_search?typed_keys=true&max_concurrent_shard_requests=5&ignore_unavailable=false&expand_wildcards=open&allow_no_indices=true&ignore_throttled=true&search_type=query_then_fetch&batched_reduce_size=512&ccs_minimize_roundtrips=true] returned 2 warnings: [299 Elasticsearch-7.16.1-5b38441b16b1ebb16a27c107a4c3865776e20c53 "Elasticsearch built-in security features are not enabled. Without authentication, your cluster could be accessible to anyone. See https://www.elastic.co/guide/en/elasticsearch/reference/7.16/security-minimal-setup.html to enable security."],[299 Elasticsearch-7.16.1-5b38441b16b1ebb16a27c107a4c3865776e20c53 "[ignore_throttled] parameter is deprecated because frozen indices have been deprecated. Consider cold or frozen tiers in place of frozen indices."]
2023-08-04 12:56:06,334 INFO  [com.dot.ContainerResource] (docker-java-stream-824381349) STDOUT: 12:56:06.334  WARN  client.RestClient - request [POST http://elasticsearch:9200/cluster_51b0cac1ff.live_20230804125536/_search?typed_keys=true&max_concurrent_shard_requests=5&ignore_unavailable=false&expand_wildcards=open&allow_no_indices=true&ignore_throttled=true&search_type=query_then_fetch&batched_reduce_size=512&ccs_minimize_roundtrips=true] returned 2 warnings: [299 Elasticsearch-7.16.1-5b38441b16b1ebb16a27c107a4c3865776e20c53 "Elasticsearch built-in security features are not enabled. Without authentication, your cluster could be accessible to anyone. See https://www.elastic.co/guide/en/elasticsearch/reference/7.16/security-minimal-setup.html to enable security."],[299 Elasticsearch-7.16.1-5b38441b16b1ebb16a27c107a4c3865776e20c53 "[ignore_throttled] parameter is deprecated because frozen indices have been deprecated. Consider cold or frozen tiers in place of frozen indices."]
2023-08-04 12:56:06,338 INFO  [com.dot.ContainerResource] (docker-java-stream-824381349) STDOUT: 12:56:06.338  WARN  client.RestClient - request [POST http://elasticsearch:9200/cluster_51b0cac1ff.live_20230804125536/_search?typed_keys=true&max_concurrent_shard_requests=5&ignore_unavailable=false&expand_wildcards=open&allow_no_indices=true&ignore_throttled=true&search_type=query_then_fetch&batched_reduce_size=512&ccs_minimize_roundtrips=true] returned 2 warnings: [299 Elasticsearch-7.16.1-5b38441b16b1ebb16a27c107a4c3865776e20c53 "Elasticsearch built-in security features are not enabled. Without authentication, your cluster could be accessible to anyone. See https://www.elastic.co/guide/en/elasticsearch/reference/7.16/security-minimal-setup.html to enable security."],[299 Elasticsearch-7.16.1-5b38441b16b1ebb16a27c107a4c3865776e20c53 "[ignore_throttled] parameter is deprecated because frozen indices have been deprecated. Consider cold or frozen tiers in place of frozen indices."]
2023-08-04 12:56:06,342 INFO  [com.dot.ContainerResource] (docker-java-stream-824381349) STDOUT: 12:56:06.342  WARN  client.RestClient - request [POST http://elasticsearch:9200/cluster_51b0cac1ff.live_20230804125536/_search?typed_keys=true&max_concurrent_shard_requests=5&ignore_unavailable=false&expand_wildcards=open&allow_no_indices=true&ignore_throttled=true&search_type=query_then_fetch&batched_reduce_size=512&ccs_minimize_roundtrips=true] returned 2 warnings: [299 Elasticsearch-7.16.1-5b38441b16b1ebb16a27c107a4c3865776e20c53 "Elasticsearch built-in security features are not enabled. Without authentication, your cluster could be accessible to anyone. See https://www.elastic.co/guide/en/elasticsearch/reference/7.16/security-minimal-setup.html to enable security."],[299 Elasticsearch-7.16.1-5b38441b16b1ebb16a27c107a4c3865776e20c53 "[ignore_throttled] parameter is deprecated because frozen indices have been deprecated. Consider cold or frozen tiers in place of frozen indices."]
2023-08-04 12:56:06,346 INFO  [com.dot.ContainerResource] (docker-java-stream-824381349) STDOUT: 12:56:06.346  WARN  client.RestClient - request [POST http://elasticsearch:9200/cluster_51b0cac1ff.live_20230804125536/_search?typed_keys=true&max_concurrent_shard_requests=5&ignore_unavailable=false&expand_wildcards=open&allow_no_indices=true&ignore_throttled=true&search_type=query_then_fetch&batched_reduce_size=512&ccs_minimize_roundtrips=true] returned 2 warnings: [299 Elasticsearch-7.16.1-5b38441b16b1ebb16a27c107a4c3865776e20c53 "Elasticsearch built-in security features are not enabled. Without authentication, your cluster could be accessible to anyone. See https://www.elastic.co/guide/en/elasticsearch/reference/7.16/security-minimal-setup.html to enable security."],[299 Elasticsearch-7.16.1-5b38441b16b1ebb16a27c107a4c3865776e20c53 "[ignore_throttled] parameter is deprecated because frozen indices have been deprecated. Consider cold or frozen tiers in place of frozen indices."]
2023-08-04 12:56:07,068 INFO  [com.dot.ContainerResource] (docker-java-stream-824381349) STDOUT: 12:56:07.066  WARN  client.RestClient - request [POST http://elasticsearch:9200/cluster_51b0cac1ff.live_20230804125536/_search?typed_keys=true&max_concurrent_shard_requests=5&ignore_unavailable=false&expand_wildcards=open&allow_no_indices=true&ignore_throttled=true&search_type=query_then_fetch&batched_reduce_size=512&ccs_minimize_roundtrips=true] returned 2 warnings: [299 Elasticsearch-7.16.1-5b38441b16b1ebb16a27c107a4c3865776e20c53 "Elasticsearch built-in security features are not enabled. Without authentication, your cluster could be accessible to anyone. See https://www.elastic.co/guide/en/elasticsearch/reference/7.16/security-minimal-setup.html to enable security."],[299 Elasticsearch-7.16.1-5b38441b16b1ebb16a27c107a4c3865776e20c53 "[ignore_throttled] parameter is deprecated because frozen indices have been deprecated. Consider cold or frozen tiers in place of frozen indices."]
2023-08-04 12:56:07,078 INFO  [com.dot.ContainerResource] (docker-java-stream-824381349) STDOUT: 12:56:07.076  WARN  client.RestClient - request [POST http://elasticsearch:9200/cluster_51b0cac1ff.live_20230804125536/_search?typed_keys=true&max_concurrent_shard_requests=5&ignore_unavailable=false&expand_wildcards=open&allow_no_indices=true&ignore_throttled=true&search_type=query_then_fetch&batched_reduce_size=512&ccs_minimize_roundtrips=true] returned 2 warnings: [299 Elasticsearch-7.16.1-5b38441b16b1ebb16a27c107a4c3865776e20c53 "Elasticsearch built-in security features are not enabled. Without authentication, your cluster could be accessible to anyone. See https://www.elastic.co/guide/en/elasticsearch/reference/7.16/security-minimal-setup.html to enable security."],[299 Elasticsearch-7.16.1-5b38441b16b1ebb16a27c107a4c3865776e20c53 "[ignore_throttled] parameter is deprecated because frozen indices have been deprecated. Consider cold or frozen tiers in place of frozen indices."]
2023-08-04 12:56:07,081 INFO  [com.dot.ContainerResource] (docker-java-stream-824381349) STDOUT: 12:56:07.080  WARN  client.RestClient - request [POST http://elasticsearch:9200/cluster_51b0cac1ff.live_20230804125536/_search?typed_keys=true&max_concurrent_shard_requests=5&ignore_unavailable=false&expand_wildcards=open&allow_no_indices=true&ignore_throttled=true&search_type=query_then_fetch&batched_reduce_size=512&ccs_minimize_roundtrips=true] returned 2 warnings: [299 Elasticsearch-7.16.1-5b38441b16b1ebb16a27c107a4c3865776e20c53 "Elasticsearch built-in security features are not enabled. Without authentication, your cluster could be accessible to anyone. See https://www.elastic.co/guide/en/elasticsearch/reference/7.16/security-minimal-setup.html to enable security."],[299 Elasticsearch-7.16.1-5b38441b16b1ebb16a27c107a4c3865776e20c53 "[ignore_throttled] parameter is deprecated because frozen indices have been deprecated. Consider cold or frozen tiers in place of frozen indices."]
2023-08-04 12:56:07,092 INFO  [com.dot.ContainerResource] (docker-java-stream-824381349) STDOUT: 12:56:07.091  WARN  client.RestClient - request [POST http://elasticsearch:9200/cluster_51b0cac1ff.live_20230804125536/_search?typed_keys=true&max_concurrent_shard_requests=5&ignore_unavailable=false&expand_wildcards=open&allow_no_indices=true&ignore_throttled=true&search_type=query_then_fetch&batched_reduce_size=512&ccs_minimize_roundtrips=true] returned 2 warnings: [299 Elasticsearch-7.16.1-5b38441b16b1ebb16a27c107a4c3865776e20c53 "Elasticsearch built-in security features are not enabled. Without authentication, your cluster could be accessible to anyone. See https://www.elastic.co/guide/en/elasticsearch/reference/7.16/security-minimal-setup.html to enable security."],[299 Elasticsearch-7.16.1-5b38441b16b1ebb16a27c107a4c3865776e20c53 "[ignore_throttled] parameter is deprecated because frozen indices have been deprecated. Consider cold or frozen tiers in place of frozen indices."]
2023-08-04 12:56:07,096 INFO  [com.dot.ContainerResource] (docker-java-stream-824381349) STDOUT: 12:56:07.095  WARN  client.RestClient - request [POST http://elasticsearch:9200/cluster_51b0cac1ff.live_20230804125536/_search?typed_keys=true&max_concurrent_shard_requests=5&ignore_unavailable=false&expand_wildcards=open&allow_no_indices=true&ignore_throttled=true&search_type=query_then_fetch&batched_reduce_size=512&ccs_minimize_roundtrips=true] returned 2 warnings: [299 Elasticsearch-7.16.1-5b38441b16b1ebb16a27c107a4c3865776e20c53 "Elasticsearch built-in security features are not enabled. Without authentication, your cluster could be accessible to anyone. See https://www.elastic.co/guide/en/elasticsearch/reference/7.16/security-minimal-setup.html to enable security."],[299 Elasticsearch-7.16.1-5b38441b16b1ebb16a27c107a4c3865776e20c53 "[ignore_throttled] parameter is deprecated because frozen indices have been deprecated. Consider cold or frozen tiers in place of frozen indices."]
2023-08-04 12:56:07,099 INFO  [com.dot.ContainerResource] (docker-java-stream-824381349) STDOUT: 12:56:07.098  WARN  client.RestClient - request [POST http://elasticsearch:9200/cluster_51b0cac1ff.live_20230804125536/_search?typed_keys=true&max_concurrent_shard_requests=5&ignore_unavailable=false&expand_wildcards=open&allow_no_indices=true&ignore_throttled=true&search_type=query_then_fetch&batched_reduce_size=512&ccs_minimize_roundtrips=true] returned 2 warnings: [299 Elasticsearch-7.16.1-5b38441b16b1ebb16a27c107a4c3865776e20c53 "Elasticsearch built-in security features are not enabled. Without authentication, your cluster could be accessible to anyone. See https://www.elastic.co/guide/en/elasticsearch/reference/7.16/security-minimal-setup.html to enable security."],[299 Elasticsearch-7.16.1-5b38441b16b1ebb16a27c107a4c3865776e20c53 "[ignore_throttled] parameter is deprecated because frozen indices have been deprecated. Consider cold or frozen tiers in place of frozen indices."]
2023-08-04 12:56:07,102 INFO  [com.dot.ContainerResource] (docker-java-stream-824381349) STDOUT: 12:56:07.101  WARN  client.RestClient - request [POST http://elasticsearch:9200/cluster_51b0cac1ff.live_20230804125536/_search?typed_keys=true&max_concurrent_shard_requests=5&ignore_unavailable=false&expand_wildcards=open&allow_no_indices=true&ignore_throttled=true&search_type=query_then_fetch&batched_reduce_size=512&ccs_minimize_roundtrips=true] returned 2 warnings: [299 Elasticsearch-7.16.1-5b38441b16b1ebb16a27c107a4c3865776e20c53 "Elasticsearch built-in security features are not enabled. Without authentication, your cluster could be accessible to anyone. See https://www.elastic.co/guide/en/elasticsearch/reference/7.16/security-minimal-setup.html to enable security."],[299 Elasticsearch-7.16.1-5b38441b16b1ebb16a27c107a4c3865776e20c53 "[ignore_throttled] parameter is deprecated because frozen indices have been deprecated. Consider cold or frozen tiers in place of frozen indices."]
2023-08-04 12:56:07,104 INFO  [com.dot.ContainerResource] (docker-java-stream-824381349) STDOUT: 12:56:07.104  WARN  client.RestClient - request [POST http://elasticsearch:9200/cluster_51b0cac1ff.live_20230804125536/_search?typed_keys=true&max_concurrent_shard_requests=5&ignore_unavailable=false&expand_wildcards=open&allow_no_indices=true&ignore_throttled=true&search_type=query_then_fetch&batched_reduce_size=512&ccs_minimize_roundtrips=true] returned 2 warnings: [299 Elasticsearch-7.16.1-5b38441b16b1ebb16a27c107a4c3865776e20c53 "Elasticsearch built-in security features are not enabled. Without authentication, your cluster could be accessible to anyone. See https://www.elastic.co/guide/en/elasticsearch/reference/7.16/security-minimal-setup.html to enable security."],[299 Elasticsearch-7.16.1-5b38441b16b1ebb16a27c107a4c3865776e20c53 "[ignore_throttled] parameter is deprecated because frozen indices have been deprecated. Consider cold or frozen tiers in place of frozen indices."]
2023-08-04 12:56:07,107 INFO  [com.dot.ContainerResource] (docker-java-stream-824381349) STDOUT: 12:56:07.107  WARN  client.RestClient - request [POST http://elasticsearch:9200/cluster_51b0cac1ff.live_20230804125536/_search?typed_keys=true&max_concurrent_shard_requests=5&ignore_unavailable=false&expand_wildcards=open&allow_no_indices=true&ignore_throttled=true&search_type=query_then_fetch&batched_reduce_size=512&ccs_minimize_roundtrips=true] returned 2 warnings: [299 Elasticsearch-7.16.1-5b38441b16b1ebb16a27c107a4c3865776e20c53 "Elasticsearch built-in security features are not enabled. Without authentication, your cluster could be accessible to anyone. See https://www.elastic.co/guide/en/elasticsearch/reference/7.16/security-minimal-setup.html to enable security."],[299 Elasticsearch-7.16.1-5b38441b16b1ebb16a27c107a4c3865776e20c53 "[ignore_throttled] parameter is deprecated because frozen indices have been deprecated. Consider cold or frozen tiers in place of frozen indices."]
2023-08-04 12:56:07,110 INFO  [com.dot.ContainerResource] (docker-java-stream-824381349) STDOUT: 12:56:07.109  WARN  client.RestClient - request [POST http://elasticsearch:9200/cluster_51b0cac1ff.live_20230804125536/_search?typed_keys=true&max_concurrent_shard_requests=5&ignore_unavailable=false&expand_wildcards=open&allow_no_indices=true&ignore_throttled=true&search_type=query_then_fetch&batched_reduce_size=512&ccs_minimize_roundtrips=true] returned 2 warnings: [299 Elasticsearch-7.16.1-5b38441b16b1ebb16a27c107a4c3865776e20c53 "Elasticsearch built-in security features are not enabled. Without authentication, your cluster could be accessible to anyone. See https://www.elastic.co/guide/en/elasticsearch/reference/7.16/security-minimal-setup.html to enable security."],[299 Elasticsearch-7.16.1-5b38441b16b1ebb16a27c107a4c3865776e20c53 "[ignore_throttled] parameter is deprecated because frozen indices have been deprecated. Consider cold or frozen tiers in place of frozen indices."]
2023-08-04 12:56:07,112 INFO  [com.dot.ContainerResource] (docker-java-stream-824381349) STDOUT: 12:56:07.112  WARN  client.RestClient - request [POST http://elasticsearch:9200/cluster_51b0cac1ff.live_20230804125536/_search?typed_keys=true&max_concurrent_shard_requests=5&ignore_unavailable=false&expand_wildcards=open&allow_no_indices=true&ignore_throttled=true&search_type=query_then_fetch&batched_reduce_size=512&ccs_minimize_roundtrips=true] returned 2 warnings: [299 Elasticsearch-7.16.1-5b38441b16b1ebb16a27c107a4c3865776e20c53 "Elasticsearch built-in security features are not enabled. Without authentication, your cluster could be accessible to anyone. See https://www.elastic.co/guide/en/elasticsearch/reference/7.16/security-minimal-setup.html to enable security."],[299 Elasticsearch-7.16.1-5b38441b16b1ebb16a27c107a4c3865776e20c53 "[ignore_throttled] parameter is deprecated because frozen indices have been deprecated. Consider cold or frozen tiers in place of frozen indices."]
2023-08-04 12:56:07,115 INFO  [com.dot.ContainerResource] (docker-java-stream-824381349) STDOUT: 12:56:07.115  WARN  client.RestClient - request [POST http://elasticsearch:9200/cluster_51b0cac1ff.live_20230804125536/_search?typed_keys=true&max_concurrent_shard_requests=5&ignore_unavailable=false&expand_wildcards=open&allow_no_indices=true&ignore_throttled=true&search_type=query_then_fetch&batched_reduce_size=512&ccs_minimize_roundtrips=true] returned 2 warnings: [299 Elasticsearch-7.16.1-5b38441b16b1ebb16a27c107a4c3865776e20c53 "Elasticsearch built-in security features are not enabled. Without authentication, your cluster could be accessible to anyone. See https://www.elastic.co/guide/en/elasticsearch/reference/7.16/security-minimal-setup.html to enable security."],[299 Elasticsearch-7.16.1-5b38441b16b1ebb16a27c107a4c3865776e20c53 "[ignore_throttled] parameter is deprecated because frozen indices have been deprecated. Consider cold or frozen tiers in place of frozen indices."]
2023-08-04 12:56:07,118 INFO  [com.dot.ContainerResource] (docker-java-stream-824381349) STDOUT: 12:56:07.118  WARN  client.RestClient - request [POST http://elasticsearch:9200/cluster_51b0cac1ff.live_20230804125536/_search?typed_keys=true&max_concurrent_shard_requests=5&ignore_unavailable=false&expand_wildcards=open&allow_no_indices=true&ignore_throttled=true&search_type=query_then_fetch&batched_reduce_size=512&ccs_minimize_roundtrips=true] returned 2 warnings: [299 Elasticsearch-7.16.1-5b38441b16b1ebb16a27c107a4c3865776e20c53 "Elasticsearch built-in security features are not enabled. Without authentication, your cluster could be accessible to anyone. See https://www.elastic.co/guide/en/elasticsearch/reference/7.16/security-minimal-setup.html to enable security."],[299 Elasticsearch-7.16.1-5b38441b16b1ebb16a27c107a4c3865776e20c53 "[ignore_throttled] parameter is deprecated because frozen indices have been deprecated. Consider cold or frozen tiers in place of frozen indices."]
2023-08-04 12:56:07,120 INFO  [com.dot.ContainerResource] (docker-java-stream-824381349) STDOUT: 12:56:07.120  WARN  client.RestClient - request [POST http://elasticsearch:9200/cluster_51b0cac1ff.live_20230804125536/_search?typed_keys=true&max_concurrent_shard_requests=5&ignore_unavailable=false&expand_wildcards=open&allow_no_indices=true&ignore_throttled=true&search_type=query_then_fetch&batched_reduce_size=512&ccs_minimize_roundtrips=true] returned 2 warnings: [299 Elasticsearch-7.16.1-5b38441b16b1ebb16a27c107a4c3865776e20c53 "Elasticsearch built-in security features are not enabled. Without authentication, your cluster could be accessible to anyone. See https://www.elastic.co/guide/en/elasticsearch/reference/7.16/security-minimal-setup.html to enable security."],[299 Elasticsearch-7.16.1-5b38441b16b1ebb16a27c107a4c3865776e20c53 "[ignore_throttled] parameter is deprecated because frozen indices have been deprecated. Consider cold or frozen tiers in place of frozen indices."]
2023-08-04 12:56:07,123 INFO  [com.dot.ContainerResource] (docker-java-stream-824381349) STDOUT: 12:56:07.123  WARN  client.RestClient - request [POST http://elasticsearch:9200/cluster_51b0cac1ff.live_20230804125536/_search?typed_keys=true&max_concurrent_shard_requests=5&ignore_unavailable=false&expand_wildcards=open&allow_no_indices=true&ignore_throttled=true&search_type=query_then_fetch&batched_reduce_size=512&ccs_minimize_roundtrips=true] returned 2 warnings: [299 Elasticsearch-7.16.1-5b38441b16b1ebb16a27c107a4c3865776e20c53 "Elasticsearch built-in security features are not enabled. Without authentication, your cluster could be accessible to anyone. See https://www.elastic.co/guide/en/elasticsearch/reference/7.16/security-minimal-setup.html to enable security."],[299 Elasticsearch-7.16.1-5b38441b16b1ebb16a27c107a4c3865776e20c53 "[ignore_throttled] parameter is deprecated because frozen indices have been deprecated. Consider cold or frozen tiers in place of frozen indices."]
2023-08-04 12:56:07,125 INFO  [com.dot.ContainerResource] (docker-java-stream-824381349) STDOUT: 12:56:07.125  WARN  client.RestClient - request [POST http://elasticsearch:9200/cluster_51b0cac1ff.live_20230804125536/_search?typed_keys=true&max_concurrent_shard_requests=5&ignore_unavailable=false&expand_wildcards=open&allow_no_indices=true&ignore_throttled=true&search_type=query_then_fetch&batched_reduce_size=512&ccs_minimize_roundtrips=true] returned 2 warnings: [299 Elasticsearch-7.16.1-5b38441b16b1ebb16a27c107a4c3865776e20c53 "Elasticsearch built-in security features are not enabled. Without authentication, your cluster could be accessible to anyone. See https://www.elastic.co/guide/en/elasticsearch/reference/7.16/security-minimal-setup.html to enable security."],[299 Elasticsearch-7.16.1-5b38441b16b1ebb16a27c107a4c3865776e20c53 "[ignore_throttled] parameter is deprecated because frozen indices have been deprecated. Consider cold or frozen tiers in place of frozen indices."]
2023-08-04 12:56:07,143 INFO  [com.dot.ContainerResource] (docker-java-stream-824381349) STDOUT: 12:56:07.135  WARN  client.RestClient - request [POST http://elasticsearch:9200/cluster_51b0cac1ff.live_20230804125536/_search?typed_keys=true&max_concurrent_shard_requests=5&ignore_unavailable=false&expand_wildcards=open&allow_no_indices=true&ignore_throttled=true&search_type=query_then_fetch&batched_reduce_size=512&ccs_minimize_roundtrips=true] returned 2 warnings: [299 Elasticsearch-7.16.1-5b38441b16b1ebb16a27c107a4c3865776e20c53 "Elasticsearch built-in security features are not enabled. Without authentication, your cluster could be accessible to anyone. See https://www.elastic.co/guide/en/elasticsearch/reference/7.16/security-minimal-setup.html to enable security."],[299 Elasticsearch-7.16.1-5b38441b16b1ebb16a27c107a4c3865776e20c53 "[ignore_throttled] parameter is deprecated because frozen indices have been deprecated. Consider cold or frozen tiers in place of frozen indices."]
2023-08-04 12:56:07,150 INFO  [com.dot.ContainerResource] (docker-java-stream-824381349) STDOUT: 12:56:07.149  WARN  client.RestClient - request [POST http://elasticsearch:9200/cluster_51b0cac1ff.live_20230804125536/_search?typed_keys=true&max_concurrent_shard_requests=5&ignore_unavailable=false&expand_wildcards=open&allow_no_indices=true&ignore_throttled=true&search_type=query_then_fetch&batched_reduce_size=512&ccs_minimize_roundtrips=true] returned 2 warnings: [299 Elasticsearch-7.16.1-5b38441b16b1ebb16a27c107a4c3865776e20c53 "Elasticsearch built-in security features are not enabled. Without authentication, your cluster could be accessible to anyone. See https://www.elastic.co/guide/en/elasticsearch/reference/7.16/security-minimal-setup.html to enable security."],[299 Elasticsearch-7.16.1-5b38441b16b1ebb16a27c107a4c3865776e20c53 "[ignore_throttled] parameter is deprecated because frozen indices have been deprecated. Consider cold or frozen tiers in place of frozen indices."]
2023-08-04 12:56:07,165 INFO  [com.dot.ContainerResource] (docker-java-stream-824381349) STDOUT: 12:56:07.163  WARN  client.RestClient - request [POST http://elasticsearch:9200/cluster_51b0cac1ff.live_20230804125536/_search?typed_keys=true&max_concurrent_shard_requests=5&ignore_unavailable=false&expand_wildcards=open&allow_no_indices=true&ignore_throttled=true&search_type=query_then_fetch&batched_reduce_size=512&ccs_minimize_roundtrips=true] returned 2 warnings: [299 Elasticsearch-7.16.1-5b38441b16b1ebb16a27c107a4c3865776e20c53 "Elasticsearch built-in security features are not enabled. Without authentication, your cluster could be accessible to anyone. See https://www.elastic.co/guide/en/elasticsearch/reference/7.16/security-minimal-setup.html to enable security."],[299 Elasticsearch-7.16.1-5b38441b16b1ebb16a27c107a4c3865776e20c53 "[ignore_throttled] parameter is deprecated because frozen indices have been deprecated. Consider cold or frozen tiers in place of frozen indices."]
2023-08-04 12:56:07,168 INFO  [com.dot.ContainerResource] (docker-java-stream-824381349) STDOUT: 12:56:07.168  WARN  client.RestClient - request [POST http://elasticsearch:9200/cluster_51b0cac1ff.live_20230804125536/_search?typed_keys=true&max_concurrent_shard_requests=5&ignore_unavailable=false&expand_wildcards=open&allow_no_indices=true&ignore_throttled=true&search_type=query_then_fetch&batched_reduce_size=512&ccs_minimize_roundtrips=true] returned 2 warnings: [299 Elasticsearch-7.16.1-5b38441b16b1ebb16a27c107a4c3865776e20c53 "Elasticsearch built-in security features are not enabled. Without authentication, your cluster could be accessible to anyone. See https://www.elastic.co/guide/en/elasticsearch/reference/7.16/security-minimal-setup.html to enable security."],[299 Elasticsearch-7.16.1-5b38441b16b1ebb16a27c107a4c3865776e20c53 "[ignore_throttled] parameter is deprecated because frozen indices have been deprecated. Consider cold or frozen tiers in place of frozen indices."]
2023-08-04 12:56:07,173 INFO  [com.dot.ContainerResource] (docker-java-stream-824381349) STDOUT: 12:56:07.172  WARN  client.RestClient - request [POST http://elasticsearch:9200/cluster_51b0cac1ff.live_20230804125536/_search?typed_keys=true&max_concurrent_shard_requests=5&ignore_unavailable=false&expand_wildcards=open&allow_no_indices=true&ignore_throttled=true&search_type=query_then_fetch&batched_reduce_size=512&ccs_minimize_roundtrips=true] returned 2 warnings: [299 Elasticsearch-7.16.1-5b38441b16b1ebb16a27c107a4c3865776e20c53 "Elasticsearch built-in security features are not enabled. Without authentication, your cluster could be accessible to anyone. See https://www.elastic.co/guide/en/elasticsearch/reference/7.16/security-minimal-setup.html to enable security."],[299 Elasticsearch-7.16.1-5b38441b16b1ebb16a27c107a4c3865776e20c53 "[ignore_throttled] parameter is deprecated because frozen indices have been deprecated. Consider cold or frozen tiers in place of frozen indices."]
2023-08-04 12:56:07,178 INFO  [com.dot.ContainerResource] (docker-java-stream-824381349) STDOUT: 12:56:07.176  WARN  client.RestClient - request [POST http://elasticsearch:9200/cluster_51b0cac1ff.live_20230804125536/_search?typed_keys=true&max_concurrent_shard_requests=5&ignore_unavailable=false&expand_wildcards=open&allow_no_indices=true&ignore_throttled=true&search_type=query_then_fetch&batched_reduce_size=512&ccs_minimize_roundtrips=true] returned 2 warnings: [299 Elasticsearch-7.16.1-5b38441b16b1ebb16a27c107a4c3865776e20c53 "Elasticsearch built-in security features are not enabled. Without authentication, your cluster could be accessible to anyone. See https://www.elastic.co/guide/en/elasticsearch/reference/7.16/security-minimal-setup.html to enable security."],[299 Elasticsearch-7.16.1-5b38441b16b1ebb16a27c107a4c3865776e20c53 "[ignore_throttled] parameter is deprecated because frozen indices have been deprecated. Consider cold or frozen tiers in place of frozen indices."]
2023-08-04 12:56:07,185 INFO  [com.dot.ContainerResource] (docker-java-stream-824381349) STDOUT: 12:56:07.184  WARN  client.RestClient - request [POST http://elasticsearch:9200/cluster_51b0cac1ff.live_20230804125536/_search?typed_keys=true&max_concurrent_shard_requests=5&ignore_unavailable=false&expand_wildcards=open&allow_no_indices=true&ignore_throttled=true&search_type=query_then_fetch&batched_reduce_size=512&ccs_minimize_roundtrips=true] returned 2 warnings: [299 Elasticsearch-7.16.1-5b38441b16b1ebb16a27c107a4c3865776e20c53 "Elasticsearch built-in security features are not enabled. Without authentication, your cluster could be accessible to anyone. See https://www.elastic.co/guide/en/elasticsearch/reference/7.16/security-minimal-setup.html to enable security."],[299 Elasticsearch-7.16.1-5b38441b16b1ebb16a27c107a4c3865776e20c53 "[ignore_throttled] parameter is deprecated because frozen indices have been deprecated. Consider cold or frozen tiers in place of frozen indices."]
2023-08-04 12:56:07,193 INFO  [com.dot.ContainerResource] (docker-java-stream-824381349) STDOUT: 12:56:07.191  WARN  client.RestClient - request [POST http://elasticsearch:9200/cluster_51b0cac1ff.live_20230804125536/_search?typed_keys=true&max_concurrent_shard_requests=5&ignore_unavailable=false&expand_wildcards=open&allow_no_indices=true&ignore_throttled=true&search_type=query_then_fetch&batched_reduce_size=512&ccs_minimize_roundtrips=true] returned 2 warnings: [299 Elasticsearch-7.16.1-5b38441b16b1ebb16a27c107a4c3865776e20c53 "Elasticsearch built-in security features are not enabled. Without authentication, your cluster could be accessible to anyone. See https://www.elastic.co/guide/en/elasticsearch/reference/7.16/security-minimal-setup.html to enable security."],[299 Elasticsearch-7.16.1-5b38441b16b1ebb16a27c107a4c3865776e20c53 "[ignore_throttled] parameter is deprecated because frozen indices have been deprecated. Consider cold or frozen tiers in place of frozen indices."]
2023-08-04 12:56:07,197 INFO  [com.dot.ContainerResource] (docker-java-stream-824381349) STDOUT: 12:56:07.195  WARN  client.RestClient - request [POST http://elasticsearch:9200/cluster_51b0cac1ff.live_20230804125536/_search?typed_keys=true&max_concurrent_shard_requests=5&ignore_unavailable=false&expand_wildcards=open&allow_no_indices=true&ignore_throttled=true&search_type=query_then_fetch&batched_reduce_size=512&ccs_minimize_roundtrips=true] returned 2 warnings: [299 Elasticsearch-7.16.1-5b38441b16b1ebb16a27c107a4c3865776e20c53 "Elasticsearch built-in security features are not enabled. Without authentication, your cluster could be accessible to anyone. See https://www.elastic.co/guide/en/elasticsearch/reference/7.16/security-minimal-setup.html to enable security."],[299 Elasticsearch-7.16.1-5b38441b16b1ebb16a27c107a4c3865776e20c53 "[ignore_throttled] parameter is deprecated because frozen indices have been deprecated. Consider cold or frozen tiers in place of frozen indices."]
2023-08-04 12:56:07,200 INFO  [com.dot.ContainerResource] (docker-java-stream-824381349) STDOUT: 12:56:07.199  WARN  client.RestClient - request [POST http://elasticsearch:9200/cluster_51b0cac1ff.live_20230804125536/_search?typed_keys=true&max_concurrent_shard_requests=5&ignore_unavailable=false&expand_wildcards=open&allow_no_indices=true&ignore_throttled=true&search_type=query_then_fetch&batched_reduce_size=512&ccs_minimize_roundtrips=true] returned 2 warnings: [299 Elasticsearch-7.16.1-5b38441b16b1ebb16a27c107a4c3865776e20c53 "Elasticsearch built-in security features are not enabled. Without authentication, your cluster could be accessible to anyone. See https://www.elastic.co/guide/en/elasticsearch/reference/7.16/security-minimal-setup.html to enable security."],[299 Elasticsearch-7.16.1-5b38441b16b1ebb16a27c107a4c3865776e20c53 "[ignore_throttled] parameter is deprecated because frozen indices have been deprecated. Consider cold or frozen tiers in place of frozen indices."]
2023-08-04 12:56:07,204 INFO  [com.dot.ContainerResource] (docker-java-stream-824381349) STDOUT: 12:56:07.203  WARN  client.RestClient - request [POST http://elasticsearch:9200/cluster_51b0cac1ff.live_20230804125536/_search?typed_keys=true&max_concurrent_shard_requests=5&ignore_unavailable=false&expand_wildcards=open&allow_no_indices=true&ignore_throttled=true&search_type=query_then_fetch&batched_reduce_size=512&ccs_minimize_roundtrips=true] returned 2 warnings: [299 Elasticsearch-7.16.1-5b38441b16b1ebb16a27c107a4c3865776e20c53 "Elasticsearch built-in security features are not enabled. Without authentication, your cluster could be accessible to anyone. See https://www.elastic.co/guide/en/elasticsearch/reference/7.16/security-minimal-setup.html to enable security."],[299 Elasticsearch-7.16.1-5b38441b16b1ebb16a27c107a4c3865776e20c53 "[ignore_throttled] parameter is deprecated because frozen indices have been deprecated. Consider cold or frozen tiers in place of frozen indices."]
2023-08-04 12:56:07,208 INFO  [com.dot.ContainerResource] (docker-java-stream-824381349) STDOUT: 12:56:07.206  WARN  client.RestClient - request [POST http://elasticsearch:9200/cluster_51b0cac1ff.live_20230804125536/_search?typed_keys=true&max_concurrent_shard_requests=5&ignore_unavailable=false&expand_wildcards=open&allow_no_indices=true&ignore_throttled=true&search_type=query_then_fetch&batched_reduce_size=512&ccs_minimize_roundtrips=true] returned 2 warnings: [299 Elasticsearch-7.16.1-5b38441b16b1ebb16a27c107a4c3865776e20c53 "Elasticsearch built-in security features are not enabled. Without authentication, your cluster could be accessible to anyone. See https://www.elastic.co/guide/en/elasticsearch/reference/7.16/security-minimal-setup.html to enable security."],[299 Elasticsearch-7.16.1-5b38441b16b1ebb16a27c107a4c3865776e20c53 "[ignore_throttled] parameter is deprecated because frozen indices have been deprecated. Consider cold or frozen tiers in place of frozen indices."]
2023-08-04 12:56:07,211 INFO  [com.dot.ContainerResource] (docker-java-stream-824381349) STDOUT: 12:56:07.210  WARN  client.RestClient - request [POST http://elasticsearch:9200/cluster_51b0cac1ff.live_20230804125536/_search?typed_keys=true&max_concurrent_shard_requests=5&ignore_unavailable=false&expand_wildcards=open&allow_no_indices=true&ignore_throttled=true&search_type=query_then_fetch&batched_reduce_size=512&ccs_minimize_roundtrips=true] returned 2 warnings: [299 Elasticsearch-7.16.1-5b38441b16b1ebb16a27c107a4c3865776e20c53 "Elasticsearch built-in security features are not enabled. Without authentication, your cluster could be accessible to anyone. See https://www.elastic.co/guide/en/elasticsearch/reference/7.16/security-minimal-setup.html to enable security."],[299 Elasticsearch-7.16.1-5b38441b16b1ebb16a27c107a4c3865776e20c53 "[ignore_throttled] parameter is deprecated because frozen indices have been deprecated. Consider cold or frozen tiers in place of frozen indices."]
2023-08-04 12:56:07,215 INFO  [com.dot.ContainerResource] (docker-java-stream-824381349) STDOUT: 12:56:07.214  WARN  client.RestClient - request [POST http://elasticsearch:9200/cluster_51b0cac1ff.live_20230804125536/_search?typed_keys=true&max_concurrent_shard_requests=5&ignore_unavailable=false&expand_wildcards=open&allow_no_indices=true&ignore_throttled=true&search_type=query_then_fetch&batched_reduce_size=512&ccs_minimize_roundtrips=true] returned 2 warnings: [299 Elasticsearch-7.16.1-5b38441b16b1ebb16a27c107a4c3865776e20c53 "Elasticsearch built-in security features are not enabled. Without authentication, your cluster could be accessible to anyone. See https://www.elastic.co/guide/en/elasticsearch/reference/7.16/security-minimal-setup.html to enable security."],[299 Elasticsearch-7.16.1-5b38441b16b1ebb16a27c107a4c3865776e20c53 "[ignore_throttled] parameter is deprecated because frozen indices have been deprecated. Consider cold or frozen tiers in place of frozen indices."]
2023-08-04 12:56:07,218 INFO  [com.dot.ContainerResource] (docker-java-stream-824381349) STDOUT: 12:56:07.217  WARN  client.RestClient - request [POST http://elasticsearch:9200/cluster_51b0cac1ff.live_20230804125536/_search?typed_keys=true&max_concurrent_shard_requests=5&ignore_unavailable=false&expand_wildcards=open&allow_no_indices=true&ignore_throttled=true&search_type=query_then_fetch&batched_reduce_size=512&ccs_minimize_roundtrips=true] returned 2 warnings: [299 Elasticsearch-7.16.1-5b38441b16b1ebb16a27c107a4c3865776e20c53 "Elasticsearch built-in security features are not enabled. Without authentication, your cluster could be accessible to anyone. See https://www.elastic.co/guide/en/elasticsearch/reference/7.16/security-minimal-setup.html to enable security."],[299 Elasticsearch-7.16.1-5b38441b16b1ebb16a27c107a4c3865776e20c53 "[ignore_throttled] parameter is deprecated because frozen indices have been deprecated. Consider cold or frozen tiers in place of frozen indices."]
2023-08-04 12:56:07,221 INFO  [com.dot.ContainerResource] (docker-java-stream-824381349) STDOUT: 12:56:07.220  WARN  client.RestClient - request [POST http://elasticsearch:9200/cluster_51b0cac1ff.live_20230804125536/_search?typed_keys=true&max_concurrent_shard_requests=5&ignore_unavailable=false&expand_wildcards=open&allow_no_indices=true&ignore_throttled=true&search_type=query_then_fetch&batched_reduce_size=512&ccs_minimize_roundtrips=true] returned 2 warnings: [299 Elasticsearch-7.16.1-5b38441b16b1ebb16a27c107a4c3865776e20c53 "Elasticsearch built-in security features are not enabled. Without authentication, your cluster could be accessible to anyone. See https://www.elastic.co/guide/en/elasticsearch/reference/7.16/security-minimal-setup.html to enable security."],[299 Elasticsearch-7.16.1-5b38441b16b1ebb16a27c107a4c3865776e20c53 "[ignore_throttled] parameter is deprecated because frozen indices have been deprecated. Consider cold or frozen tiers in place of frozen indices."]
2023-08-04 12:56:07,225 INFO  [com.dot.ContainerResource] (docker-java-stream-824381349) STDOUT: 12:56:07.223  WARN  client.RestClient - request [POST http://elasticsearch:9200/cluster_51b0cac1ff.live_20230804125536/_search?typed_keys=true&max_concurrent_shard_requests=5&ignore_unavailable=false&expand_wildcards=open&allow_no_indices=true&ignore_throttled=true&search_type=query_then_fetch&batched_reduce_size=512&ccs_minimize_roundtrips=true] returned 2 warnings: [299 Elasticsearch-7.16.1-5b38441b16b1ebb16a27c107a4c3865776e20c53 "Elasticsearch built-in security features are not enabled. Without authentication, your cluster could be accessible to anyone. See https://www.elastic.co/guide/en/elasticsearch/reference/7.16/security-minimal-setup.html to enable security."],[299 Elasticsearch-7.16.1-5b38441b16b1ebb16a27c107a4c3865776e20c53 "[ignore_throttled] parameter is deprecated because frozen indices have been deprecated. Consider cold or frozen tiers in place of frozen indices."]
2023-08-04 12:56:07,228 INFO  [com.dot.ContainerResource] (docker-java-stream-824381349) STDOUT: 12:56:07.226  WARN  client.RestClient - request [POST http://elasticsearch:9200/cluster_51b0cac1ff.live_20230804125536/_search?typed_keys=true&max_concurrent_shard_requests=5&ignore_unavailable=false&expand_wildcards=open&allow_no_indices=true&ignore_throttled=true&search_type=query_then_fetch&batched_reduce_size=512&ccs_minimize_roundtrips=true] returned 2 warnings: [299 Elasticsearch-7.16.1-5b38441b16b1ebb16a27c107a4c3865776e20c53 "Elasticsearch built-in security features are not enabled. Without authentication, your cluster could be accessible to anyone. See https://www.elastic.co/guide/en/elasticsearch/reference/7.16/security-minimal-setup.html to enable security."],[299 Elasticsearch-7.16.1-5b38441b16b1ebb16a27c107a4c3865776e20c53 "[ignore_throttled] parameter is deprecated because frozen indices have been deprecated. Consider cold or frozen tiers in place of frozen indices."]
2023-08-04 12:56:07,231 INFO  [com.dot.ContainerResource] (docker-java-stream-824381349) STDOUT: 12:56:07.229  WARN  client.RestClient - request [POST http://elasticsearch:9200/cluster_51b0cac1ff.live_20230804125536/_search?typed_keys=true&max_concurrent_shard_requests=5&ignore_unavailable=false&expand_wildcards=open&allow_no_indices=true&ignore_throttled=true&search_type=query_then_fetch&batched_reduce_size=512&ccs_minimize_roundtrips=true] returned 2 warnings: [299 Elasticsearch-7.16.1-5b38441b16b1ebb16a27c107a4c3865776e20c53 "Elasticsearch built-in security features are not enabled. Without authentication, your cluster could be accessible to anyone. See https://www.elastic.co/guide/en/elasticsearch/reference/7.16/security-minimal-setup.html to enable security."],[299 Elasticsearch-7.16.1-5b38441b16b1ebb16a27c107a4c3865776e20c53 "[ignore_throttled] parameter is deprecated because frozen indices have been deprecated. Consider cold or frozen tiers in place of frozen indices."]
2023-08-04 12:56:07,234 INFO  [com.dot.ContainerResource] (docker-java-stream-824381349) STDOUT: 12:56:07.233  WARN  client.RestClient - request [POST http://elasticsearch:9200/cluster_51b0cac1ff.live_20230804125536/_search?typed_keys=true&max_concurrent_shard_requests=5&ignore_unavailable=false&expand_wildcards=open&allow_no_indices=true&ignore_throttled=true&search_type=query_then_fetch&batched_reduce_size=512&ccs_minimize_roundtrips=true] returned 2 warnings: [299 Elasticsearch-7.16.1-5b38441b16b1ebb16a27c107a4c3865776e20c53 "Elasticsearch built-in security features are not enabled. Without authentication, your cluster could be accessible to anyone. See https://www.elastic.co/guide/en/elasticsearch/reference/7.16/security-minimal-setup.html to enable security."],[299 Elasticsearch-7.16.1-5b38441b16b1ebb16a27c107a4c3865776e20c53 "[ignore_throttled] parameter is deprecated because frozen indices have been deprecated. Consider cold or frozen tiers in place of frozen indices."]
2023-08-04 12:56:07,237 INFO  [com.dot.ContainerResource] (docker-java-stream-824381349) STDOUT: 12:56:07.236  WARN  client.RestClient - request [POST http://elasticsearch:9200/cluster_51b0cac1ff.live_20230804125536/_search?typed_keys=true&max_concurrent_shard_requests=5&ignore_unavailable=false&expand_wildcards=open&allow_no_indices=true&ignore_throttled=true&search_type=query_then_fetch&batched_reduce_size=512&ccs_minimize_roundtrips=true] returned 2 warnings: [299 Elasticsearch-7.16.1-5b38441b16b1ebb16a27c107a4c3865776e20c53 "Elasticsearch built-in security features are not enabled. Without authentication, your cluster could be accessible to anyone. See https://www.elastic.co/guide/en/elasticsearch/reference/7.16/security-minimal-setup.html to enable security."],[299 Elasticsearch-7.16.1-5b38441b16b1ebb16a27c107a4c3865776e20c53 "[ignore_throttled] parameter is deprecated because frozen indices have been deprecated. Consider cold or frozen tiers in place of frozen indices."]
2023-08-04 12:56:07,240 INFO  [com.dot.ContainerResource] (docker-java-stream-824381349) STDOUT: 12:56:07.239  WARN  client.RestClient - request [POST http://elasticsearch:9200/cluster_51b0cac1ff.live_20230804125536/_search?typed_keys=true&max_concurrent_shard_requests=5&ignore_unavailable=false&expand_wildcards=open&allow_no_indices=true&ignore_throttled=true&search_type=query_then_fetch&batched_reduce_size=512&ccs_minimize_roundtrips=true] returned 2 warnings: [299 Elasticsearch-7.16.1-5b38441b16b1ebb16a27c107a4c3865776e20c53 "Elasticsearch built-in security features are not enabled. Without authentication, your cluster could be accessible to anyone. See https://www.elastic.co/guide/en/elasticsearch/reference/7.16/security-minimal-setup.html to enable security."],[299 Elasticsearch-7.16.1-5b38441b16b1ebb16a27c107a4c3865776e20c53 "[ignore_throttled] parameter is deprecated because frozen indices have been deprecated. Consider cold or frozen tiers in place of frozen indices."]
2023-08-04 12:56:07,243 INFO  [com.dot.ContainerResource] (docker-java-stream-824381349) STDOUT: 12:56:07.241  WARN  client.RestClient - request [POST http://elasticsearch:9200/cluster_51b0cac1ff.live_20230804125536/_search?typed_keys=true&max_concurrent_shard_requests=5&ignore_unavailable=false&expand_wildcards=open&allow_no_indices=true&ignore_throttled=true&search_type=query_then_fetch&batched_reduce_size=512&ccs_minimize_roundtrips=true] returned 2 warnings: [299 Elasticsearch-7.16.1-5b38441b16b1ebb16a27c107a4c3865776e20c53 "Elasticsearch built-in security features are not enabled. Without authentication, your cluster could be accessible to anyone. See https://www.elastic.co/guide/en/elasticsearch/reference/7.16/security-minimal-setup.html to enable security."],[299 Elasticsearch-7.16.1-5b38441b16b1ebb16a27c107a4c3865776e20c53 "[ignore_throttled] parameter is deprecated because frozen indices have been deprecated. Consider cold or frozen tiers in place of frozen indices."]
2023-08-04 12:56:07,245 INFO  [com.dot.ContainerResource] (docker-java-stream-824381349) STDOUT: 12:56:07.244  WARN  client.RestClient - request [POST http://elasticsearch:9200/cluster_51b0cac1ff.live_20230804125536/_search?typed_keys=true&max_concurrent_shard_requests=5&ignore_unavailable=false&expand_wildcards=open&allow_no_indices=true&ignore_throttled=true&search_type=query_then_fetch&batched_reduce_size=512&ccs_minimize_roundtrips=true] returned 2 warnings: [299 Elasticsearch-7.16.1-5b38441b16b1ebb16a27c107a4c3865776e20c53 "Elasticsearch built-in security features are not enabled. Without authentication, your cluster could be accessible to anyone. See https://www.elastic.co/guide/en/elasticsearch/reference/7.16/security-minimal-setup.html to enable security."],[299 Elasticsearch-7.16.1-5b38441b16b1ebb16a27c107a4c3865776e20c53 "[ignore_throttled] parameter is deprecated because frozen indices have been deprecated. Consider cold or frozen tiers in place of frozen indices."]
2023-08-04 12:56:07,248 INFO  [com.dot.ContainerResource] (docker-java-stream-824381349) STDOUT: 12:56:07.247  WARN  client.RestClient - request [POST http://elasticsearch:9200/cluster_51b0cac1ff.live_20230804125536/_search?typed_keys=true&max_concurrent_shard_requests=5&ignore_unavailable=false&expand_wildcards=open&allow_no_indices=true&ignore_throttled=true&search_type=query_then_fetch&batched_reduce_size=512&ccs_minimize_roundtrips=true] returned 2 warnings: [299 Elasticsearch-7.16.1-5b38441b16b1ebb16a27c107a4c3865776e20c53 "Elasticsearch built-in security features are not enabled. Without authentication, your cluster could be accessible to anyone. See https://www.elastic.co/guide/en/elasticsearch/reference/7.16/security-minimal-setup.html to enable security."],[299 Elasticsearch-7.16.1-5b38441b16b1ebb16a27c107a4c3865776e20c53 "[ignore_throttled] parameter is deprecated because frozen indices have been deprecated. Consider cold or frozen tiers in place of frozen indices."]
2023-08-04 12:56:07,251 INFO  [com.dot.ContainerResource] (docker-java-stream-824381349) STDOUT: 12:56:07.250  WARN  client.RestClient - request [POST http://elasticsearch:9200/cluster_51b0cac1ff.live_20230804125536/_search?typed_keys=true&max_concurrent_shard_requests=5&ignore_unavailable=false&expand_wildcards=open&allow_no_indices=true&ignore_throttled=true&search_type=query_then_fetch&batched_reduce_size=512&ccs_minimize_roundtrips=true] returned 2 warnings: [299 Elasticsearch-7.16.1-5b38441b16b1ebb16a27c107a4c3865776e20c53 "Elasticsearch built-in security features are not enabled. Without authentication, your cluster could be accessible to anyone. See https://www.elastic.co/guide/en/elasticsearch/reference/7.16/security-minimal-setup.html to enable security."],[299 Elasticsearch-7.16.1-5b38441b16b1ebb16a27c107a4c3865776e20c53 "[ignore_throttled] parameter is deprecated because frozen indices have been deprecated. Consider cold or frozen tiers in place of frozen indices."]
2023-08-04 12:56:07,253 INFO  [com.dot.ContainerResource] (docker-java-stream-824381349) STDOUT: 12:56:07.252  WARN  client.RestClient - request [POST http://elasticsearch:9200/cluster_51b0cac1ff.live_20230804125536/_search?typed_keys=true&max_concurrent_shard_requests=5&ignore_unavailable=false&expand_wildcards=open&allow_no_indices=true&ignore_throttled=true&search_type=query_then_fetch&batched_reduce_size=512&ccs_minimize_roundtrips=true] returned 2 warnings: [299 Elasticsearch-7.16.1-5b38441b16b1ebb16a27c107a4c3865776e20c53 "Elasticsearch built-in security features are not enabled. Without authentication, your cluster could be accessible to anyone. See https://www.elastic.co/guide/en/elasticsearch/reference/7.16/security-minimal-setup.html to enable security."],[299 Elasticsearch-7.16.1-5b38441b16b1ebb16a27c107a4c3865776e20c53 "[ignore_throttled] parameter is deprecated because frozen indices have been deprecated. Consider cold or frozen tiers in place of frozen indices."]
2023-08-04 12:56:07,256 INFO  [com.dot.ContainerResource] (docker-java-stream-824381349) STDOUT: 12:56:07.255  WARN  client.RestClient - request [POST http://elasticsearch:9200/cluster_51b0cac1ff.live_20230804125536/_search?typed_keys=true&max_concurrent_shard_requests=5&ignore_unavailable=false&expand_wildcards=open&allow_no_indices=true&ignore_throttled=true&search_type=query_then_fetch&batched_reduce_size=512&ccs_minimize_roundtrips=true] returned 2 warnings: [299 Elasticsearch-7.16.1-5b38441b16b1ebb16a27c107a4c3865776e20c53 "Elasticsearch built-in security features are not enabled. Without authentication, your cluster could be accessible to anyone. See https://www.elastic.co/guide/en/elasticsearch/reference/7.16/security-minimal-setup.html to enable security."],[299 Elasticsearch-7.16.1-5b38441b16b1ebb16a27c107a4c3865776e20c53 "[ignore_throttled] parameter is deprecated because frozen indices have been deprecated. Consider cold or frozen tiers in place of frozen indices."]
2023-08-04 12:56:07,258 INFO  [com.dot.ContainerResource] (docker-java-stream-824381349) STDOUT: 12:56:07.257  WARN  client.RestClient - request [POST http://elasticsearch:9200/cluster_51b0cac1ff.live_20230804125536/_search?typed_keys=true&max_concurrent_shard_requests=5&ignore_unavailable=false&expand_wildcards=open&allow_no_indices=true&ignore_throttled=true&search_type=query_then_fetch&batched_reduce_size=512&ccs_minimize_roundtrips=true] returned 2 warnings: [299 Elasticsearch-7.16.1-5b38441b16b1ebb16a27c107a4c3865776e20c53 "Elasticsearch built-in security features are not enabled. Without authentication, your cluster could be accessible to anyone. See https://www.elastic.co/guide/en/elasticsearch/reference/7.16/security-minimal-setup.html to enable security."],[299 Elasticsearch-7.16.1-5b38441b16b1ebb16a27c107a4c3865776e20c53 "[ignore_throttled] parameter is deprecated because frozen indices have been deprecated. Consider cold or frozen tiers in place of frozen indices."]
2023-08-04 12:56:07,261 INFO  [com.dot.ContainerResource] (docker-java-stream-824381349) STDOUT: 12:56:07.260  WARN  client.RestClient - request [POST http://elasticsearch:9200/cluster_51b0cac1ff.live_20230804125536/_search?typed_keys=true&max_concurrent_shard_requests=5&ignore_unavailable=false&expand_wildcards=open&allow_no_indices=true&ignore_throttled=true&search_type=query_then_fetch&batched_reduce_size=512&ccs_minimize_roundtrips=true] returned 2 warnings: [299 Elasticsearch-7.16.1-5b38441b16b1ebb16a27c107a4c3865776e20c53 "Elasticsearch built-in security features are not enabled. Without authentication, your cluster could be accessible to anyone. See https://www.elastic.co/guide/en/elasticsearch/reference/7.16/security-minimal-setup.html to enable security."],[299 Elasticsearch-7.16.1-5b38441b16b1ebb16a27c107a4c3865776e20c53 "[ignore_throttled] parameter is deprecated because frozen indices have been deprecated. Consider cold or frozen tiers in place of frozen indices."]
2023-08-04 12:56:07,265 INFO  [com.dot.ContainerResource] (docker-java-stream-824381349) STDOUT: 12:56:07.264  WARN  client.RestClient - request [POST http://elasticsearch:9200/cluster_51b0cac1ff.live_20230804125536/_search?typed_keys=true&max_concurrent_shard_requests=5&ignore_unavailable=false&expand_wildcards=open&allow_no_indices=true&ignore_throttled=true&search_type=query_then_fetch&batched_reduce_size=512&ccs_minimize_roundtrips=true] returned 2 warnings: [299 Elasticsearch-7.16.1-5b38441b16b1ebb16a27c107a4c3865776e20c53 "Elasticsearch built-in security features are not enabled. Without authentication, your cluster could be accessible to anyone. See https://www.elastic.co/guide/en/elasticsearch/reference/7.16/security-minimal-setup.html to enable security."],[299 Elasticsearch-7.16.1-5b38441b16b1ebb16a27c107a4c3865776e20c53 "[ignore_throttled] parameter is deprecated because frozen indices have been deprecated. Consider cold or frozen tiers in place of frozen indices."]
2023-08-04 12:56:07,268 INFO  [com.dot.ContainerResource] (docker-java-stream-824381349) STDOUT: 12:56:07.267  WARN  client.RestClient - request [POST http://elasticsearch:9200/cluster_51b0cac1ff.live_20230804125536/_search?typed_keys=true&max_concurrent_shard_requests=5&ignore_unavailable=false&expand_wildcards=open&allow_no_indices=true&ignore_throttled=true&search_type=query_then_fetch&batched_reduce_size=512&ccs_minimize_roundtrips=true] returned 2 warnings: [299 Elasticsearch-7.16.1-5b38441b16b1ebb16a27c107a4c3865776e20c53 "Elasticsearch built-in security features are not enabled. Without authentication, your cluster could be accessible to anyone. See https://www.elastic.co/guide/en/elasticsearch/reference/7.16/security-minimal-setup.html to enable security."],[299 Elasticsearch-7.16.1-5b38441b16b1ebb16a27c107a4c3865776e20c53 "[ignore_throttled] parameter is deprecated because frozen indices have been deprecated. Consider cold or frozen tiers in place of frozen indices."]
2023-08-04 12:56:07,271 INFO  [com.dot.ContainerResource] (docker-java-stream-824381349) STDOUT: 12:56:07.270  WARN  client.RestClient - request [POST http://elasticsearch:9200/cluster_51b0cac1ff.live_20230804125536/_search?typed_keys=true&max_concurrent_shard_requests=5&ignore_unavailable=false&expand_wildcards=open&allow_no_indices=true&ignore_throttled=true&search_type=query_then_fetch&batched_reduce_size=512&ccs_minimize_roundtrips=true] returned 2 warnings: [299 Elasticsearch-7.16.1-5b38441b16b1ebb16a27c107a4c3865776e20c53 "Elasticsearch built-in security features are not enabled. Without authentication, your cluster could be accessible to anyone. See https://www.elastic.co/guide/en/elasticsearch/reference/7.16/security-minimal-setup.html to enable security."],[299 Elasticsearch-7.16.1-5b38441b16b1ebb16a27c107a4c3865776e20c53 "[ignore_throttled] parameter is deprecated because frozen indices have been deprecated. Consider cold or frozen tiers in place of frozen indices."]
2023-08-04 12:56:07,274 INFO  [com.dot.ContainerResource] (docker-java-stream-824381349) STDOUT: 12:56:07.273  WARN  client.RestClient - request [POST http://elasticsearch:9200/cluster_51b0cac1ff.live_20230804125536/_search?typed_keys=true&max_concurrent_shard_requests=5&ignore_unavailable=false&expand_wildcards=open&allow_no_indices=true&ignore_throttled=true&search_type=query_then_fetch&batched_reduce_size=512&ccs_minimize_roundtrips=true] returned 2 warnings: [299 Elasticsearch-7.16.1-5b38441b16b1ebb16a27c107a4c3865776e20c53 "Elasticsearch built-in security features are not enabled. Without authentication, your cluster could be accessible to anyone. See https://www.elastic.co/guide/en/elasticsearch/reference/7.16/security-minimal-setup.html to enable security."],[299 Elasticsearch-7.16.1-5b38441b16b1ebb16a27c107a4c3865776e20c53 "[ignore_throttled] parameter is deprecated because frozen indices have been deprecated. Consider cold or frozen tiers in place of frozen indices."]
2023-08-04 12:56:07,277 INFO  [com.dot.ContainerResource] (docker-java-stream-824381349) STDOUT: 12:56:07.276  WARN  client.RestClient - request [POST http://elasticsearch:9200/cluster_51b0cac1ff.live_20230804125536/_search?typed_keys=true&max_concurrent_shard_requests=5&ignore_unavailable=false&expand_wildcards=open&allow_no_indices=true&ignore_throttled=true&search_type=query_then_fetch&batched_reduce_size=512&ccs_minimize_roundtrips=true] returned 2 warnings: [299 Elasticsearch-7.16.1-5b38441b16b1ebb16a27c107a4c3865776e20c53 "Elasticsearch built-in security features are not enabled. Without authentication, your cluster could be accessible to anyone. See https://www.elastic.co/guide/en/elasticsearch/reference/7.16/security-minimal-setup.html to enable security."],[299 Elasticsearch-7.16.1-5b38441b16b1ebb16a27c107a4c3865776e20c53 "[ignore_throttled] parameter is deprecated because frozen indices have been deprecated. Consider cold or frozen tiers in place of frozen indices."]
2023-08-04 12:56:07,280 INFO  [com.dot.ContainerResource] (docker-java-stream-824381349) STDOUT: 12:56:07.278  WARN  client.RestClient - request [POST http://elasticsearch:9200/cluster_51b0cac1ff.live_20230804125536/_search?typed_keys=true&max_concurrent_shard_requests=5&ignore_unavailable=false&expand_wildcards=open&allow_no_indices=true&ignore_throttled=true&search_type=query_then_fetch&batched_reduce_size=512&ccs_minimize_roundtrips=true] returned 2 warnings: [299 Elasticsearch-7.16.1-5b38441b16b1ebb16a27c107a4c3865776e20c53 "Elasticsearch built-in security features are not enabled. Without authentication, your cluster could be accessible to anyone. See https://www.elastic.co/guide/en/elasticsearch/reference/7.16/security-minimal-setup.html to enable security."],[299 Elasticsearch-7.16.1-5b38441b16b1ebb16a27c107a4c3865776e20c53 "[ignore_throttled] parameter is deprecated because frozen indices have been deprecated. Consider cold or frozen tiers in place of frozen indices."]
2023-08-04 12:56:07,282 INFO  [com.dot.ContainerResource] (docker-java-stream-824381349) STDOUT: 12:56:07.281  WARN  client.RestClient - request [POST http://elasticsearch:9200/cluster_51b0cac1ff.live_20230804125536/_search?typed_keys=true&max_concurrent_shard_requests=5&ignore_unavailable=false&expand_wildcards=open&allow_no_indices=true&ignore_throttled=true&search_type=query_then_fetch&batched_reduce_size=512&ccs_minimize_roundtrips=true] returned 2 warnings: [299 Elasticsearch-7.16.1-5b38441b16b1ebb16a27c107a4c3865776e20c53 "Elasticsearch built-in security features are not enabled. Without authentication, your cluster could be accessible to anyone. See https://www.elastic.co/guide/en/elasticsearch/reference/7.16/security-minimal-setup.html to enable security."],[299 Elasticsearch-7.16.1-5b38441b16b1ebb16a27c107a4c3865776e20c53 "[ignore_throttled] parameter is deprecated because frozen indices have been deprecated. Consider cold or frozen tiers in place of frozen indices."]
2023-08-04 12:56:07,285 INFO  [com.dot.ContainerResource] (docker-java-stream-824381349) STDOUT: 12:56:07.284  WARN  client.RestClient - request [POST http://elasticsearch:9200/cluster_51b0cac1ff.live_20230804125536/_search?typed_keys=true&max_concurrent_shard_requests=5&ignore_unavailable=false&expand_wildcards=open&allow_no_indices=true&ignore_throttled=true&search_type=query_then_fetch&batched_reduce_size=512&ccs_minimize_roundtrips=true] returned 2 warnings: [299 Elasticsearch-7.16.1-5b38441b16b1ebb16a27c107a4c3865776e20c53 "Elasticsearch built-in security features are not enabled. Without authentication, your cluster could be accessible to anyone. See https://www.elastic.co/guide/en/elasticsearch/reference/7.16/security-minimal-setup.html to enable security."],[299 Elasticsearch-7.16.1-5b38441b16b1ebb16a27c107a4c3865776e20c53 "[ignore_throttled] parameter is deprecated because frozen indices have been deprecated. Consider cold or frozen tiers in place of frozen indices."]
2023-08-04 12:56:07,288 INFO  [com.dot.ContainerResource] (docker-java-stream-824381349) STDOUT: 12:56:07.287  WARN  client.RestClient - request [POST http://elasticsearch:9200/cluster_51b0cac1ff.live_20230804125536/_search?typed_keys=true&max_concurrent_shard_requests=5&ignore_unavailable=false&expand_wildcards=open&allow_no_indices=true&ignore_throttled=true&search_type=query_then_fetch&batched_reduce_size=512&ccs_minimize_roundtrips=true] returned 2 warnings: [299 Elasticsearch-7.16.1-5b38441b16b1ebb16a27c107a4c3865776e20c53 "Elasticsearch built-in security features are not enabled. Without authentication, your cluster could be accessible to anyone. See https://www.elastic.co/guide/en/elasticsearch/reference/7.16/security-minimal-setup.html to enable security."],[299 Elasticsearch-7.16.1-5b38441b16b1ebb16a27c107a4c3865776e20c53 "[ignore_throttled] parameter is deprecated because frozen indices have been deprecated. Consider cold or frozen tiers in place of frozen indices."]
2023-08-04 12:56:07,291 INFO  [com.dot.ContainerResource] (docker-java-stream-824381349) STDOUT: 12:56:07.291  WARN  client.RestClient - request [POST http://elasticsearch:9200/cluster_51b0cac1ff.live_20230804125536/_search?typed_keys=true&max_concurrent_shard_requests=5&ignore_unavailable=false&expand_wildcards=open&allow_no_indices=true&ignore_throttled=true&search_type=query_then_fetch&batched_reduce_size=512&ccs_minimize_roundtrips=true] returned 2 warnings: [299 Elasticsearch-7.16.1-5b38441b16b1ebb16a27c107a4c3865776e20c53 "Elasticsearch built-in security features are not enabled. Without authentication, your cluster could be accessible to anyone. See https://www.elastic.co/guide/en/elasticsearch/reference/7.16/security-minimal-setup.html to enable security."],[299 Elasticsearch-7.16.1-5b38441b16b1ebb16a27c107a4c3865776e20c53 "[ignore_throttled] parameter is deprecated because frozen indices have been deprecated. Consider cold or frozen tiers in place of frozen indices."]
2023-08-04 12:56:07,296 INFO  [com.dot.ContainerResource] (docker-java-stream-824381349) STDOUT: 12:56:07.294  WARN  client.RestClient - request [POST http://elasticsearch:9200/cluster_51b0cac1ff.live_20230804125536/_search?typed_keys=true&max_concurrent_shard_requests=5&ignore_unavailable=false&expand_wildcards=open&allow_no_indices=true&ignore_throttled=true&search_type=query_then_fetch&batched_reduce_size=512&ccs_minimize_roundtrips=true] returned 2 warnings: [299 Elasticsearch-7.16.1-5b38441b16b1ebb16a27c107a4c3865776e20c53 "Elasticsearch built-in security features are not enabled. Without authentication, your cluster could be accessible to anyone. See https://www.elastic.co/guide/en/elasticsearch/reference/7.16/security-minimal-setup.html to enable security."],[299 Elasticsearch-7.16.1-5b38441b16b1ebb16a27c107a4c3865776e20c53 "[ignore_throttled] parameter is deprecated because frozen indices have been deprecated. Consider cold or frozen tiers in place of frozen indices."]
2023-08-04 12:56:07,301 INFO  [com.dot.ContainerResource] (docker-java-stream-824381349) STDOUT: 12:56:07.300  WARN  client.RestClient - request [POST http://elasticsearch:9200/cluster_51b0cac1ff.live_20230804125536/_search?typed_keys=true&max_concurrent_shard_requests=5&ignore_unavailable=false&expand_wildcards=open&allow_no_indices=true&ignore_throttled=true&search_type=query_then_fetch&batched_reduce_size=512&ccs_minimize_roundtrips=true] returned 2 warnings: [299 Elasticsearch-7.16.1-5b38441b16b1ebb16a27c107a4c3865776e20c53 "Elasticsearch built-in security features are not enabled. Without authentication, your cluster could be accessible to anyone. See https://www.elastic.co/guide/en/elasticsearch/reference/7.16/security-minimal-setup.html to enable security."],[299 Elasticsearch-7.16.1-5b38441b16b1ebb16a27c107a4c3865776e20c53 "[ignore_throttled] parameter is deprecated because frozen indices have been deprecated. Consider cold or frozen tiers in place of frozen indices."]
2023-08-04 12:56:07,316 INFO  [com.dot.ContainerResource] (docker-java-stream-824381349) STDOUT: 12:56:07.315  WARN  client.RestClient - request [POST http://elasticsearch:9200/cluster_51b0cac1ff.live_20230804125536/_search?typed_keys=true&max_concurrent_shard_requests=5&ignore_unavailable=false&expand_wildcards=open&allow_no_indices=true&ignore_throttled=true&search_type=query_then_fetch&batched_reduce_size=512&ccs_minimize_roundtrips=true] returned 2 warnings: [299 Elasticsearch-7.16.1-5b38441b16b1ebb16a27c107a4c3865776e20c53 "Elasticsearch built-in security features are not enabled. Without authentication, your cluster could be accessible to anyone. See https://www.elastic.co/guide/en/elasticsearch/reference/7.16/security-minimal-setup.html to enable security."],[299 Elasticsearch-7.16.1-5b38441b16b1ebb16a27c107a4c3865776e20c53 "[ignore_throttled] parameter is deprecated because frozen indices have been deprecated. Consider cold or frozen tiers in place of frozen indices."]
2023-08-04 12:56:07,325 INFO  [com.dot.ContainerResource] (docker-java-stream-824381349) STDOUT: 12:56:07.325  WARN  client.RestClient - request [POST http://elasticsearch:9200/cluster_51b0cac1ff.live_20230804125536/_search?typed_keys=true&max_concurrent_shard_requests=5&ignore_unavailable=false&expand_wildcards=open&allow_no_indices=true&ignore_throttled=true&search_type=query_then_fetch&batched_reduce_size=512&ccs_minimize_roundtrips=true] returned 2 warnings: [299 Elasticsearch-7.16.1-5b38441b16b1ebb16a27c107a4c3865776e20c53 "Elasticsearch built-in security features are not enabled. Without authentication, your cluster could be accessible to anyone. See https://www.elastic.co/guide/en/elasticsearch/reference/7.16/security-minimal-setup.html to enable security."],[299 Elasticsearch-7.16.1-5b38441b16b1ebb16a27c107a4c3865776e20c53 "[ignore_throttled] parameter is deprecated because frozen indices have been deprecated. Consider cold or frozen tiers in place of frozen indices."]
2023-08-04 12:56:07,339 INFO  [com.dot.ContainerResource] (docker-java-stream-824381349) STDOUT: 12:56:07.337  WARN  client.RestClient - request [POST http://elasticsearch:9200/cluster_51b0cac1ff.live_20230804125536/_search?typed_keys=true&max_concurrent_shard_requests=5&ignore_unavailable=false&expand_wildcards=open&allow_no_indices=true&ignore_throttled=true&search_type=query_then_fetch&batched_reduce_size=512&ccs_minimize_roundtrips=true] returned 2 warnings: [299 Elasticsearch-7.16.1-5b38441b16b1ebb16a27c107a4c3865776e20c53 "Elasticsearch built-in security features are not enabled. Without authentication, your cluster could be accessible to anyone. See https://www.elastic.co/guide/en/elasticsearch/reference/7.16/security-minimal-setup.html to enable security."],[299 Elasticsearch-7.16.1-5b38441b16b1ebb16a27c107a4c3865776e20c53 "[ignore_throttled] parameter is deprecated because frozen indices have been deprecated. Consider cold or frozen tiers in place of frozen indices."]
2023-08-04 12:56:07,342 INFO  [com.dot.ContainerResource] (docker-java-stream-824381349) STDOUT: 12:56:07.342  WARN  client.RestClient - request [POST http://elasticsearch:9200/cluster_51b0cac1ff.live_20230804125536/_search?typed_keys=true&max_concurrent_shard_requests=5&ignore_unavailable=false&expand_wildcards=open&allow_no_indices=true&ignore_throttled=true&search_type=query_then_fetch&batched_reduce_size=512&ccs_minimize_roundtrips=true] returned 2 warnings: [299 Elasticsearch-7.16.1-5b38441b16b1ebb16a27c107a4c3865776e20c53 "Elasticsearch built-in security features are not enabled. Without authentication, your cluster could be accessible to anyone. See https://www.elastic.co/guide/en/elasticsearch/reference/7.16/security-minimal-setup.html to enable security."],[299 Elasticsearch-7.16.1-5b38441b16b1ebb16a27c107a4c3865776e20c53 "[ignore_throttled] parameter is deprecated because frozen indices have been deprecated. Consider cold or frozen tiers in place of frozen indices."]
2023-08-04 12:56:07,347 INFO  [com.dot.ContainerResource] (docker-java-stream-824381349) STDOUT: 12:56:07.346  WARN  client.RestClient - request [POST http://elasticsearch:9200/cluster_51b0cac1ff.live_20230804125536/_search?typed_keys=true&max_concurrent_shard_requests=5&ignore_unavailable=false&expand_wildcards=open&allow_no_indices=true&ignore_throttled=true&search_type=query_then_fetch&batched_reduce_size=512&ccs_minimize_roundtrips=true] returned 2 warnings: [299 Elasticsearch-7.16.1-5b38441b16b1ebb16a27c107a4c3865776e20c53 "Elasticsearch built-in security features are not enabled. Without authentication, your cluster could be accessible to anyone. See https://www.elastic.co/guide/en/elasticsearch/reference/7.16/security-minimal-setup.html to enable security."],[299 Elasticsearch-7.16.1-5b38441b16b1ebb16a27c107a4c3865776e20c53 "[ignore_throttled] parameter is deprecated because frozen indices have been deprecated. Consider cold or frozen tiers in place of frozen indices."]
2023-08-04 12:56:07,371 INFO  [com.dot.ContainerResource] (docker-java-stream-824381349) STDOUT: 12:56:07.356  WARN  client.RestClient - request [POST http://elasticsearch:9200/cluster_51b0cac1ff.live_20230804125536/_search?typed_keys=true&max_concurrent_shard_requests=5&ignore_unavailable=false&expand_wildcards=open&allow_no_indices=true&ignore_throttled=true&search_type=query_then_fetch&batched_reduce_size=512&ccs_minimize_roundtrips=true] returned 2 warnings: [299 Elasticsearch-7.16.1-5b38441b16b1ebb16a27c107a4c3865776e20c53 "Elasticsearch built-in security features are not enabled. Without authentication, your cluster could be accessible to anyone. See https://www.elastic.co/guide/en/elasticsearch/reference/7.16/security-minimal-setup.html to enable security."],[299 Elasticsearch-7.16.1-5b38441b16b1ebb16a27c107a4c3865776e20c53 "[ignore_throttled] parameter is deprecated because frozen indices have been deprecated. Consider cold or frozen tiers in place of frozen indices."]
2023-08-04 12:56:07,371 INFO  [com.dot.ContainerResource] (docker-java-stream-824381349) STDOUT: 12:56:07.367  WARN  client.RestClient - request [POST http://elasticsearch:9200/cluster_51b0cac1ff.live_20230804125536/_search?typed_keys=true&max_concurrent_shard_requests=5&ignore_unavailable=false&expand_wildcards=open&allow_no_indices=true&ignore_throttled=true&search_type=query_then_fetch&batched_reduce_size=512&ccs_minimize_roundtrips=true] returned 2 warnings: [299 Elasticsearch-7.16.1-5b38441b16b1ebb16a27c107a4c3865776e20c53 "Elasticsearch built-in security features are not enabled. Without authentication, your cluster could be accessible to anyone. See https://www.elastic.co/guide/en/elasticsearch/reference/7.16/security-minimal-setup.html to enable security."],[299 Elasticsearch-7.16.1-5b38441b16b1ebb16a27c107a4c3865776e20c53 "[ignore_throttled] parameter is deprecated because frozen indices have been deprecated. Consider cold or frozen tiers in place of frozen indices."]
2023-08-04 12:56:07,376 INFO  [com.dot.ContainerResource] (docker-java-stream-824381349) STDOUT: 12:56:07.374  WARN  client.RestClient - request [POST http://elasticsearch:9200/cluster_51b0cac1ff.live_20230804125536/_search?typed_keys=true&max_concurrent_shard_requests=5&ignore_unavailable=false&expand_wildcards=open&allow_no_indices=true&ignore_throttled=true&search_type=query_then_fetch&batched_reduce_size=512&ccs_minimize_roundtrips=true] returned 2 warnings: [299 Elasticsearch-7.16.1-5b38441b16b1ebb16a27c107a4c3865776e20c53 "Elasticsearch built-in security features are not enabled. Without authentication, your cluster could be accessible to anyone. See https://www.elastic.co/guide/en/elasticsearch/reference/7.16/security-minimal-setup.html to enable security."],[299 Elasticsearch-7.16.1-5b38441b16b1ebb16a27c107a4c3865776e20c53 "[ignore_throttled] parameter is deprecated because frozen indices have been deprecated. Consider cold or frozen tiers in place of frozen indices."]
2023-08-04 12:56:07,396 INFO  [com.dot.ContainerResource] (docker-java-stream-824381349) STDOUT: 12:56:07.390  WARN  client.RestClient - request [POST http://elasticsearch:9200/cluster_51b0cac1ff.live_20230804125536/_search?typed_keys=true&max_concurrent_shard_requests=5&ignore_unavailable=false&expand_wildcards=open&allow_no_indices=true&ignore_throttled=true&search_type=query_then_fetch&batched_reduce_size=512&ccs_minimize_roundtrips=true] returned 2 warnings: [299 Elasticsearch-7.16.1-5b38441b16b1ebb16a27c107a4c3865776e20c53 "Elasticsearch built-in security features are not enabled. Without authentication, your cluster could be accessible to anyone. See https://www.elastic.co/guide/en/elasticsearch/reference/7.16/security-minimal-setup.html to enable security."],[299 Elasticsearch-7.16.1-5b38441b16b1ebb16a27c107a4c3865776e20c53 "[ignore_throttled] parameter is deprecated because frozen indices have been deprecated. Consider cold or frozen tiers in place of frozen indices."]
2023-08-04 12:56:07,404 INFO  [com.dot.ContainerResource] (docker-java-stream-824381349) STDOUT: 12:56:07.400  WARN  client.RestClient - request [POST http://elasticsearch:9200/cluster_51b0cac1ff.live_20230804125536/_search?typed_keys=true&max_concurrent_shard_requests=5&ignore_unavailable=false&expand_wildcards=open&allow_no_indices=true&ignore_throttled=true&search_type=query_then_fetch&batched_reduce_size=512&ccs_minimize_roundtrips=true] returned 2 warnings: [299 Elasticsearch-7.16.1-5b38441b16b1ebb16a27c107a4c3865776e20c53 "Elasticsearch built-in security features are not enabled. Without authentication, your cluster could be accessible to anyone. See https://www.elastic.co/guide/en/elasticsearch/reference/7.16/security-minimal-setup.html to enable security."],[299 Elasticsearch-7.16.1-5b38441b16b1ebb16a27c107a4c3865776e20c53 "[ignore_throttled] parameter is deprecated because frozen indices have been deprecated. Consider cold or frozen tiers in place of frozen indices."]
2023-08-04 12:56:07,405 INFO  [com.dot.ContainerResource] (docker-java-stream-824381349) STDOUT: 12:56:07.404  WARN  client.RestClient - request [POST http://elasticsearch:9200/cluster_51b0cac1ff.live_20230804125536/_search?typed_keys=true&max_concurrent_shard_requests=5&ignore_unavailable=false&expand_wildcards=open&allow_no_indices=true&ignore_throttled=true&search_type=query_then_fetch&batched_reduce_size=512&ccs_minimize_roundtrips=true] returned 2 warnings: [299 Elasticsearch-7.16.1-5b38441b16b1ebb16a27c107a4c3865776e20c53 "Elasticsearch built-in security features are not enabled. Without authentication, your cluster could be accessible to anyone. See https://www.elastic.co/guide/en/elasticsearch/reference/7.16/security-minimal-setup.html to enable security."],[299 Elasticsearch-7.16.1-5b38441b16b1ebb16a27c107a4c3865776e20c53 "[ignore_throttled] parameter is deprecated because frozen indices have been deprecated. Consider cold or frozen tiers in place of frozen indices."]
2023-08-04 12:56:07,411 INFO  [com.dot.ContainerResource] (docker-java-stream-824381349) STDOUT: 12:56:07.411  WARN  client.RestClient - request [POST http://elasticsearch:9200/cluster_51b0cac1ff.live_20230804125536/_search?typed_keys=true&max_concurrent_shard_requests=5&ignore_unavailable=false&expand_wildcards=open&allow_no_indices=true&ignore_throttled=true&search_type=query_then_fetch&batched_reduce_size=512&ccs_minimize_roundtrips=true] returned 2 warnings: [299 Elasticsearch-7.16.1-5b38441b16b1ebb16a27c107a4c3865776e20c53 "Elasticsearch built-in security features are not enabled. Without authentication, your cluster could be accessible to anyone. See https://www.elastic.co/guide/en/elasticsearch/reference/7.16/security-minimal-setup.html to enable security."],[299 Elasticsearch-7.16.1-5b38441b16b1ebb16a27c107a4c3865776e20c53 "[ignore_throttled] parameter is deprecated because frozen indices have been deprecated. Consider cold or frozen tiers in place of frozen indices."]
2023-08-04 12:56:07,416 INFO  [com.dot.ContainerResource] (docker-java-stream-824381349) STDOUT: 12:56:07.416  WARN  client.RestClient - request [POST http://elasticsearch:9200/cluster_51b0cac1ff.live_20230804125536/_search?typed_keys=true&max_concurrent_shard_requests=5&ignore_unavailable=false&expand_wildcards=open&allow_no_indices=true&ignore_throttled=true&search_type=query_then_fetch&batched_reduce_size=512&ccs_minimize_roundtrips=true] returned 2 warnings: [299 Elasticsearch-7.16.1-5b38441b16b1ebb16a27c107a4c3865776e20c53 "Elasticsearch built-in security features are not enabled. Without authentication, your cluster could be accessible to anyone. See https://www.elastic.co/guide/en/elasticsearch/reference/7.16/security-minimal-setup.html to enable security."],[299 Elasticsearch-7.16.1-5b38441b16b1ebb16a27c107a4c3865776e20c53 "[ignore_throttled] parameter is deprecated because frozen indices have been deprecated. Consider cold or frozen tiers in place of frozen indices."]
2023-08-04 12:56:07,424 INFO  [com.dot.ContainerResource] (docker-java-stream-824381349) STDOUT: 12:56:07.424  WARN  client.RestClient - request [POST http://elasticsearch:9200/cluster_51b0cac1ff.live_20230804125536/_search?typed_keys=true&max_concurrent_shard_requests=5&ignore_unavailable=false&expand_wildcards=open&allow_no_indices=true&ignore_throttled=true&search_type=query_then_fetch&batched_reduce_size=512&ccs_minimize_roundtrips=true] returned 2 warnings: [299 Elasticsearch-7.16.1-5b38441b16b1ebb16a27c107a4c3865776e20c53 "Elasticsearch built-in security features are not enabled. Without authentication, your cluster could be accessible to anyone. See https://www.elastic.co/guide/en/elasticsearch/reference/7.16/security-minimal-setup.html to enable security."],[299 Elasticsearch-7.16.1-5b38441b16b1ebb16a27c107a4c3865776e20c53 "[ignore_throttled] parameter is deprecated because frozen indices have been deprecated. Consider cold or frozen tiers in place of frozen indices."]
2023-08-04 12:56:07,448 INFO  [com.dot.ContainerResource] (docker-java-stream-824381349) STDOUT: 12:56:07.447  WARN  client.RestClient - request [POST http://elasticsearch:9200/cluster_51b0cac1ff.live_20230804125536/_search?typed_keys=true&max_concurrent_shard_requests=5&ignore_unavailable=false&expand_wildcards=open&allow_no_indices=true&ignore_throttled=true&search_type=query_then_fetch&batched_reduce_size=512&ccs_minimize_roundtrips=true] returned 2 warnings: [299 Elasticsearch-7.16.1-5b38441b16b1ebb16a27c107a4c3865776e20c53 "Elasticsearch built-in security features are not enabled. Without authentication, your cluster could be accessible to anyone. See https://www.elastic.co/guide/en/elasticsearch/reference/7.16/security-minimal-setup.html to enable security."],[299 Elasticsearch-7.16.1-5b38441b16b1ebb16a27c107a4c3865776e20c53 "[ignore_throttled] parameter is deprecated because frozen indices have been deprecated. Consider cold or frozen tiers in place of frozen indices."]
2023-08-04 12:56:07,456 INFO  [com.dot.ContainerResource] (docker-java-stream-824381349) STDOUT: 12:56:07.456  WARN  client.RestClient - request [POST http://elasticsearch:9200/cluster_51b0cac1ff.live_20230804125536/_search?typed_keys=true&max_concurrent_shard_requests=5&ignore_unavailable=false&expand_wildcards=open&allow_no_indices=true&ignore_throttled=true&search_type=query_then_fetch&batched_reduce_size=512&ccs_minimize_roundtrips=true] returned 2 warnings: [299 Elasticsearch-7.16.1-5b38441b16b1ebb16a27c107a4c3865776e20c53 "Elasticsearch built-in security features are not enabled. Without authentication, your cluster could be accessible to anyone. See https://www.elastic.co/guide/en/elasticsearch/reference/7.16/security-minimal-setup.html to enable security."],[299 Elasticsearch-7.16.1-5b38441b16b1ebb16a27c107a4c3865776e20c53 "[ignore_throttled] parameter is deprecated because frozen indices have been deprecated. Consider cold or frozen tiers in place of frozen indices."]
2023-08-04 12:56:07,464 INFO  [com.dot.ContainerResource] (docker-java-stream-824381349) STDOUT: 12:56:07.463  WARN  client.RestClient - request [POST http://elasticsearch:9200/cluster_51b0cac1ff.live_20230804125536/_search?typed_keys=true&max_concurrent_shard_requests=5&ignore_unavailable=false&expand_wildcards=open&allow_no_indices=true&ignore_throttled=true&search_type=query_then_fetch&batched_reduce_size=512&ccs_minimize_roundtrips=true] returned 2 warnings: [299 Elasticsearch-7.16.1-5b38441b16b1ebb16a27c107a4c3865776e20c53 "Elasticsearch built-in security features are not enabled. Without authentication, your cluster could be accessible to anyone. See https://www.elastic.co/guide/en/elasticsearch/reference/7.16/security-minimal-setup.html to enable security."],[299 Elasticsearch-7.16.1-5b38441b16b1ebb16a27c107a4c3865776e20c53 "[ignore_throttled] parameter is deprecated because frozen indices have been deprecated. Consider cold or frozen tiers in place of frozen indices."]
2023-08-04 12:56:07,469 INFO  [com.dot.ContainerResource] (docker-java-stream-824381349) STDOUT: 12:56:07.468  WARN  client.RestClient - request [POST http://elasticsearch:9200/cluster_51b0cac1ff.live_20230804125536/_search?typed_keys=true&max_concurrent_shard_requests=5&ignore_unavailable=false&expand_wildcards=open&allow_no_indices=true&ignore_throttled=true&search_type=query_then_fetch&batched_reduce_size=512&ccs_minimize_roundtrips=true] returned 2 warnings: [299 Elasticsearch-7.16.1-5b38441b16b1ebb16a27c107a4c3865776e20c53 "Elasticsearch built-in security features are not enabled. Without authentication, your cluster could be accessible to anyone. See https://www.elastic.co/guide/en/elasticsearch/reference/7.16/security-minimal-setup.html to enable security."],[299 Elasticsearch-7.16.1-5b38441b16b1ebb16a27c107a4c3865776e20c53 "[ignore_throttled] parameter is deprecated because frozen indices have been deprecated. Consider cold or frozen tiers in place of frozen indices."]
2023-08-04 12:56:07,473 INFO  [com.dot.ContainerResource] (docker-java-stream-824381349) STDOUT: 12:56:07.473  WARN  client.RestClient - request [POST http://elasticsearch:9200/cluster_51b0cac1ff.live_20230804125536/_search?typed_keys=true&max_concurrent_shard_requests=5&ignore_unavailable=false&expand_wildcards=open&allow_no_indices=true&ignore_throttled=true&search_type=query_then_fetch&batched_reduce_size=512&ccs_minimize_roundtrips=true] returned 2 warnings: [299 Elasticsearch-7.16.1-5b38441b16b1ebb16a27c107a4c3865776e20c53 "Elasticsearch built-in security features are not enabled. Without authentication, your cluster could be accessible to anyone. See https://www.elastic.co/guide/en/elasticsearch/reference/7.16/security-minimal-setup.html to enable security."],[299 Elasticsearch-7.16.1-5b38441b16b1ebb16a27c107a4c3865776e20c53 "[ignore_throttled] parameter is deprecated because frozen indices have been deprecated. Consider cold or frozen tiers in place of frozen indices."]
2023-08-04 12:56:07,479 INFO  [com.dot.ContainerResource] (docker-java-stream-824381349) STDOUT: 12:56:07.477  WARN  client.RestClient - request [POST http://elasticsearch:9200/cluster_51b0cac1ff.live_20230804125536/_search?typed_keys=true&max_concurrent_shard_requests=5&ignore_unavailable=false&expand_wildcards=open&allow_no_indices=true&ignore_throttled=true&search_type=query_then_fetch&batched_reduce_size=512&ccs_minimize_roundtrips=true] returned 2 warnings: [299 Elasticsearch-7.16.1-5b38441b16b1ebb16a27c107a4c3865776e20c53 "Elasticsearch built-in security features are not enabled. Without authentication, your cluster could be accessible to anyone. See https://www.elastic.co/guide/en/elasticsearch/reference/7.16/security-minimal-setup.html to enable security."],[299 Elasticsearch-7.16.1-5b38441b16b1ebb16a27c107a4c3865776e20c53 "[ignore_throttled] parameter is deprecated because frozen indices have been deprecated. Consider cold or frozen tiers in place of frozen indices."]
2023-08-04 12:56:07,482 INFO  [com.dot.ContainerResource] (docker-java-stream-824381349) STDOUT: 12:56:07.480  WARN  client.RestClient - request [POST http://elasticsearch:9200/cluster_51b0cac1ff.live_20230804125536/_search?typed_keys=true&max_concurrent_shard_requests=5&ignore_unavailable=false&expand_wildcards=open&allow_no_indices=true&ignore_throttled=true&search_type=query_then_fetch&batched_reduce_size=512&ccs_minimize_roundtrips=true] returned 2 warnings: [299 Elasticsearch-7.16.1-5b38441b16b1ebb16a27c107a4c3865776e20c53 "Elasticsearch built-in security features are not enabled. Without authentication, your cluster could be accessible to anyone. See https://www.elastic.co/guide/en/elasticsearch/reference/7.16/security-minimal-setup.html to enable security."],[299 Elasticsearch-7.16.1-5b38441b16b1ebb16a27c107a4c3865776e20c53 "[ignore_throttled] parameter is deprecated because frozen indices have been deprecated. Consider cold or frozen tiers in place of frozen indices."]
2023-08-04 12:56:07,490 INFO  [com.dot.ContainerResource] (docker-java-stream-824381349) STDOUT: 12:56:07.490  WARN  client.RestClient - request [POST http://elasticsearch:9200/cluster_51b0cac1ff.live_20230804125536/_search?typed_keys=true&max_concurrent_shard_requests=5&ignore_unavailable=false&expand_wildcards=open&allow_no_indices=true&ignore_throttled=true&search_type=query_then_fetch&batched_reduce_size=512&ccs_minimize_roundtrips=true] returned 2 warnings: [299 Elasticsearch-7.16.1-5b38441b16b1ebb16a27c107a4c3865776e20c53 "Elasticsearch built-in security features are not enabled. Without authentication, your cluster could be accessible to anyone. See https://www.elastic.co/guide/en/elasticsearch/reference/7.16/security-minimal-setup.html to enable security."],[299 Elasticsearch-7.16.1-5b38441b16b1ebb16a27c107a4c3865776e20c53 "[ignore_throttled] parameter is deprecated because frozen indices have been deprecated. Consider cold or frozen tiers in place of frozen indices."]
2023-08-04 12:56:07,494 INFO  [com.dot.ContainerResource] (docker-java-stream-824381349) STDOUT: 12:56:07.493  WARN  client.RestClient - request [POST http://elasticsearch:9200/cluster_51b0cac1ff.live_20230804125536/_search?typed_keys=true&max_concurrent_shard_requests=5&ignore_unavailable=false&expand_wildcards=open&allow_no_indices=true&ignore_throttled=true&search_type=query_then_fetch&batched_reduce_size=512&ccs_minimize_roundtrips=true] returned 2 warnings: [299 Elasticsearch-7.16.1-5b38441b16b1ebb16a27c107a4c3865776e20c53 "Elasticsearch built-in security features are not enabled. Without authentication, your cluster could be accessible to anyone. See https://www.elastic.co/guide/en/elasticsearch/reference/7.16/security-minimal-setup.html to enable security."],[299 Elasticsearch-7.16.1-5b38441b16b1ebb16a27c107a4c3865776e20c53 "[ignore_throttled] parameter is deprecated because frozen indices have been deprecated. Consider cold or frozen tiers in place of frozen indices."]
2023-08-04 12:56:07,498 INFO  [com.dot.ContainerResource] (docker-java-stream-824381349) STDOUT: 12:56:07.497  WARN  client.RestClient - request [POST http://elasticsearch:9200/cluster_51b0cac1ff.live_20230804125536/_search?typed_keys=true&max_concurrent_shard_requests=5&ignore_unavailable=false&expand_wildcards=open&allow_no_indices=true&ignore_throttled=true&search_type=query_then_fetch&batched_reduce_size=512&ccs_minimize_roundtrips=true] returned 2 warnings: [299 Elasticsearch-7.16.1-5b38441b16b1ebb16a27c107a4c3865776e20c53 "Elasticsearch built-in security features are not enabled. Without authentication, your cluster could be accessible to anyone. See https://www.elastic.co/guide/en/elasticsearch/reference/7.16/security-minimal-setup.html to enable security."],[299 Elasticsearch-7.16.1-5b38441b16b1ebb16a27c107a4c3865776e20c53 "[ignore_throttled] parameter is deprecated because frozen indices have been deprecated. Consider cold or frozen tiers in place of frozen indices."]
2023-08-04 12:56:07,503 INFO  [com.dot.ContainerResource] (docker-java-stream-824381349) STDOUT: 12:56:07.503  WARN  client.RestClient - request [POST http://elasticsearch:9200/cluster_51b0cac1ff.live_20230804125536/_search?typed_keys=true&max_concurrent_shard_requests=5&ignore_unavailable=false&expand_wildcards=open&allow_no_indices=true&ignore_throttled=true&search_type=query_then_fetch&batched_reduce_size=512&ccs_minimize_roundtrips=true] returned 2 warnings: [299 Elasticsearch-7.16.1-5b38441b16b1ebb16a27c107a4c3865776e20c53 "Elasticsearch built-in security features are not enabled. Without authentication, your cluster could be accessible to anyone. See https://www.elastic.co/guide/en/elasticsearch/reference/7.16/security-minimal-setup.html to enable security."],[299 Elasticsearch-7.16.1-5b38441b16b1ebb16a27c107a4c3865776e20c53 "[ignore_throttled] parameter is deprecated because frozen indices have been deprecated. Consider cold or frozen tiers in place of frozen indices."]
2023-08-04 12:56:07,508 INFO  [com.dot.ContainerResource] (docker-java-stream-824381349) STDOUT: 12:56:07.507  WARN  client.RestClient - request [POST http://elasticsearch:9200/cluster_51b0cac1ff.live_20230804125536/_search?typed_keys=true&max_concurrent_shard_requests=5&ignore_unavailable=false&expand_wildcards=open&allow_no_indices=true&ignore_throttled=true&search_type=query_then_fetch&batched_reduce_size=512&ccs_minimize_roundtrips=true] returned 2 warnings: [299 Elasticsearch-7.16.1-5b38441b16b1ebb16a27c107a4c3865776e20c53 "Elasticsearch built-in security features are not enabled. Without authentication, your cluster could be accessible to anyone. See https://www.elastic.co/guide/en/elasticsearch/reference/7.16/security-minimal-setup.html to enable security."],[299 Elasticsearch-7.16.1-5b38441b16b1ebb16a27c107a4c3865776e20c53 "[ignore_throttled] parameter is deprecated because frozen indices have been deprecated. Consider cold or frozen tiers in place of frozen indices."]
2023-08-04 12:56:07,511 INFO  [com.dot.ContainerResource] (docker-java-stream-824381349) STDOUT: 12:56:07.511  WARN  client.RestClient - request [POST http://elasticsearch:9200/cluster_51b0cac1ff.live_20230804125536/_search?typed_keys=true&max_concurrent_shard_requests=5&ignore_unavailable=false&expand_wildcards=open&allow_no_indices=true&ignore_throttled=true&search_type=query_then_fetch&batched_reduce_size=512&ccs_minimize_roundtrips=true] returned 2 warnings: [299 Elasticsearch-7.16.1-5b38441b16b1ebb16a27c107a4c3865776e20c53 "Elasticsearch built-in security features are not enabled. Without authentication, your cluster could be accessible to anyone. See https://www.elastic.co/guide/en/elasticsearch/reference/7.16/security-minimal-setup.html to enable security."],[299 Elasticsearch-7.16.1-5b38441b16b1ebb16a27c107a4c3865776e20c53 "[ignore_throttled] parameter is deprecated because frozen indices have been deprecated. Consider cold or frozen tiers in place of frozen indices."]
2023-08-04 12:56:07,514 INFO  [com.dot.ContainerResource] (docker-java-stream-824381349) STDOUT: 12:56:07.514  WARN  client.RestClient - request [POST http://elasticsearch:9200/cluster_51b0cac1ff.live_20230804125536/_search?typed_keys=true&max_concurrent_shard_requests=5&ignore_unavailable=false&expand_wildcards=open&allow_no_indices=true&ignore_throttled=true&search_type=query_then_fetch&batched_reduce_size=512&ccs_minimize_roundtrips=true] returned 2 warnings: [299 Elasticsearch-7.16.1-5b38441b16b1ebb16a27c107a4c3865776e20c53 "Elasticsearch built-in security features are not enabled. Without authentication, your cluster could be accessible to anyone. See https://www.elastic.co/guide/en/elasticsearch/reference/7.16/security-minimal-setup.html to enable security."],[299 Elasticsearch-7.16.1-5b38441b16b1ebb16a27c107a4c3865776e20c53 "[ignore_throttled] parameter is deprecated because frozen indices have been deprecated. Consider cold or frozen tiers in place of frozen indices."]
2023-08-04 12:56:07,517 INFO  [com.dot.ContainerResource] (docker-java-stream-824381349) STDOUT: 12:56:07.517  WARN  client.RestClient - request [POST http://elasticsearch:9200/cluster_51b0cac1ff.live_20230804125536/_search?typed_keys=true&max_concurrent_shard_requests=5&ignore_unavailable=false&expand_wildcards=open&allow_no_indices=true&ignore_throttled=true&search_type=query_then_fetch&batched_reduce_size=512&ccs_minimize_roundtrips=true] returned 2 warnings: [299 Elasticsearch-7.16.1-5b38441b16b1ebb16a27c107a4c3865776e20c53 "Elasticsearch built-in security features are not enabled. Without authentication, your cluster could be accessible to anyone. See https://www.elastic.co/guide/en/elasticsearch/reference/7.16/security-minimal-setup.html to enable security."],[299 Elasticsearch-7.16.1-5b38441b16b1ebb16a27c107a4c3865776e20c53 "[ignore_throttled] parameter is deprecated because frozen indices have been deprecated. Consider cold or frozen tiers in place of frozen indices."]
2023-08-04 12:56:07,520 INFO  [com.dot.ContainerResource] (docker-java-stream-824381349) STDOUT: 12:56:07.520  WARN  client.RestClient - request [POST http://elasticsearch:9200/cluster_51b0cac1ff.live_20230804125536/_search?typed_keys=true&max_concurrent_shard_requests=5&ignore_unavailable=false&expand_wildcards=open&allow_no_indices=true&ignore_throttled=true&search_type=query_then_fetch&batched_reduce_size=512&ccs_minimize_roundtrips=true] returned 2 warnings: [299 Elasticsearch-7.16.1-5b38441b16b1ebb16a27c107a4c3865776e20c53 "Elasticsearch built-in security features are not enabled. Without authentication, your cluster could be accessible to anyone. See https://www.elastic.co/guide/en/elasticsearch/reference/7.16/security-minimal-setup.html to enable security."],[299 Elasticsearch-7.16.1-5b38441b16b1ebb16a27c107a4c3865776e20c53 "[ignore_throttled] parameter is deprecated because frozen indices have been deprecated. Consider cold or frozen tiers in place of frozen indices."]
2023-08-04 12:56:07,523 INFO  [com.dot.ContainerResource] (docker-java-stream-824381349) STDOUT: 12:56:07.522  WARN  client.RestClient - request [POST http://elasticsearch:9200/cluster_51b0cac1ff.live_20230804125536/_search?typed_keys=true&max_concurrent_shard_requests=5&ignore_unavailable=false&expand_wildcards=open&allow_no_indices=true&ignore_throttled=true&search_type=query_then_fetch&batched_reduce_size=512&ccs_minimize_roundtrips=true] returned 2 warnings: [299 Elasticsearch-7.16.1-5b38441b16b1ebb16a27c107a4c3865776e20c53 "Elasticsearch built-in security features are not enabled. Without authentication, your cluster could be accessible to anyone. See https://www.elastic.co/guide/en/elasticsearch/reference/7.16/security-minimal-setup.html to enable security."],[299 Elasticsearch-7.16.1-5b38441b16b1ebb16a27c107a4c3865776e20c53 "[ignore_throttled] parameter is deprecated because frozen indices have been deprecated. Consider cold or frozen tiers in place of frozen indices."]
2023-08-04 12:56:07,525 INFO  [com.dot.ContainerResource] (docker-java-stream-824381349) STDOUT: 12:56:07.525  WARN  client.RestClient - request [POST http://elasticsearch:9200/cluster_51b0cac1ff.live_20230804125536/_search?typed_keys=true&max_concurrent_shard_requests=5&ignore_unavailable=false&expand_wildcards=open&allow_no_indices=true&ignore_throttled=true&search_type=query_then_fetch&batched_reduce_size=512&ccs_minimize_roundtrips=true] returned 2 warnings: [299 Elasticsearch-7.16.1-5b38441b16b1ebb16a27c107a4c3865776e20c53 "Elasticsearch built-in security features are not enabled. Without authentication, your cluster could be accessible to anyone. See https://www.elastic.co/guide/en/elasticsearch/reference/7.16/security-minimal-setup.html to enable security."],[299 Elasticsearch-7.16.1-5b38441b16b1ebb16a27c107a4c3865776e20c53 "[ignore_throttled] parameter is deprecated because frozen indices have been deprecated. Consider cold or frozen tiers in place of frozen indices."]
2023-08-04 12:56:07,529 INFO  [com.dot.ContainerResource] (docker-java-stream-824381349) STDOUT: 12:56:07.528  WARN  client.RestClient - request [POST http://elasticsearch:9200/cluster_51b0cac1ff.live_20230804125536/_search?typed_keys=true&max_concurrent_shard_requests=5&ignore_unavailable=false&expand_wildcards=open&allow_no_indices=true&ignore_throttled=true&search_type=query_then_fetch&batched_reduce_size=512&ccs_minimize_roundtrips=true] returned 2 warnings: [299 Elasticsearch-7.16.1-5b38441b16b1ebb16a27c107a4c3865776e20c53 "Elasticsearch built-in security features are not enabled. Without authentication, your cluster could be accessible to anyone. See https://www.elastic.co/guide/en/elasticsearch/reference/7.16/security-minimal-setup.html to enable security."],[299 Elasticsearch-7.16.1-5b38441b16b1ebb16a27c107a4c3865776e20c53 "[ignore_throttled] parameter is deprecated because frozen indices have been deprecated. Consider cold or frozen tiers in place of frozen indices."]
2023-08-04 12:56:07,532 INFO  [com.dot.ContainerResource] (docker-java-stream-824381349) STDOUT: 12:56:07.531  WARN  client.RestClient - request [POST http://elasticsearch:9200/cluster_51b0cac1ff.live_20230804125536/_search?typed_keys=true&max_concurrent_shard_requests=5&ignore_unavailable=false&expand_wildcards=open&allow_no_indices=true&ignore_throttled=true&search_type=query_then_fetch&batched_reduce_size=512&ccs_minimize_roundtrips=true] returned 2 warnings: [299 Elasticsearch-7.16.1-5b38441b16b1ebb16a27c107a4c3865776e20c53 "Elasticsearch built-in security features are not enabled. Without authentication, your cluster could be accessible to anyone. See https://www.elastic.co/guide/en/elasticsearch/reference/7.16/security-minimal-setup.html to enable security."],[299 Elasticsearch-7.16.1-5b38441b16b1ebb16a27c107a4c3865776e20c53 "[ignore_throttled] parameter is deprecated because frozen indices have been deprecated. Consider cold or frozen tiers in place of frozen indices."]
2023-08-04 12:56:07,537 INFO  [com.dot.ContainerResource] (docker-java-stream-824381349) STDOUT: 12:56:07.535  WARN  client.RestClient - request [POST http://elasticsearch:9200/cluster_51b0cac1ff.live_20230804125536/_search?typed_keys=true&max_concurrent_shard_requests=5&ignore_unavailable=false&expand_wildcards=open&allow_no_indices=true&ignore_throttled=true&search_type=query_then_fetch&batched_reduce_size=512&ccs_minimize_roundtrips=true] returned 2 warnings: [299 Elasticsearch-7.16.1-5b38441b16b1ebb16a27c107a4c3865776e20c53 "Elasticsearch built-in security features are not enabled. Without authentication, your cluster could be accessible to anyone. See https://www.elastic.co/guide/en/elasticsearch/reference/7.16/security-minimal-setup.html to enable security."],[299 Elasticsearch-7.16.1-5b38441b16b1ebb16a27c107a4c3865776e20c53 "[ignore_throttled] parameter is deprecated because frozen indices have been deprecated. Consider cold or frozen tiers in place of frozen indices."]
2023-08-04 12:56:07,542 INFO  [com.dot.ContainerResource] (docker-java-stream-824381349) STDOUT: 12:56:07.541  WARN  client.RestClient - request [POST http://elasticsearch:9200/cluster_51b0cac1ff.live_20230804125536/_search?typed_keys=true&max_concurrent_shard_requests=5&ignore_unavailable=false&expand_wildcards=open&allow_no_indices=true&ignore_throttled=true&search_type=query_then_fetch&batched_reduce_size=512&ccs_minimize_roundtrips=true] returned 2 warnings: [299 Elasticsearch-7.16.1-5b38441b16b1ebb16a27c107a4c3865776e20c53 "Elasticsearch built-in security features are not enabled. Without authentication, your cluster could be accessible to anyone. See https://www.elastic.co/guide/en/elasticsearch/reference/7.16/security-minimal-setup.html to enable security."],[299 Elasticsearch-7.16.1-5b38441b16b1ebb16a27c107a4c3865776e20c53 "[ignore_throttled] parameter is deprecated because frozen indices have been deprecated. Consider cold or frozen tiers in place of frozen indices."]
2023-08-04 12:56:07,545 INFO  [com.dot.ContainerResource] (docker-java-stream-824381349) STDOUT: 12:56:07.543  WARN  client.RestClient - request [POST http://elasticsearch:9200/cluster_51b0cac1ff.live_20230804125536/_search?typed_keys=true&max_concurrent_shard_requests=5&ignore_unavailable=false&expand_wildcards=open&allow_no_indices=true&ignore_throttled=true&search_type=query_then_fetch&batched_reduce_size=512&ccs_minimize_roundtrips=true] returned 2 warnings: [299 Elasticsearch-7.16.1-5b38441b16b1ebb16a27c107a4c3865776e20c53 "Elasticsearch built-in security features are not enabled. Without authentication, your cluster could be accessible to anyone. See https://www.elastic.co/guide/en/elasticsearch/reference/7.16/security-minimal-setup.html to enable security."],[299 Elasticsearch-7.16.1-5b38441b16b1ebb16a27c107a4c3865776e20c53 "[ignore_throttled] parameter is deprecated because frozen indices have been deprecated. Consider cold or frozen tiers in place of frozen indices."]
2023-08-04 12:56:07,547 INFO  [com.dot.ContainerResource] (docker-java-stream-824381349) STDOUT: 12:56:07.546  WARN  client.RestClient - request [POST http://elasticsearch:9200/cluster_51b0cac1ff.live_20230804125536/_search?typed_keys=true&max_concurrent_shard_requests=5&ignore_unavailable=false&expand_wildcards=open&allow_no_indices=true&ignore_throttled=true&search_type=query_then_fetch&batched_reduce_size=512&ccs_minimize_roundtrips=true] returned 2 warnings: [299 Elasticsearch-7.16.1-5b38441b16b1ebb16a27c107a4c3865776e20c53 "Elasticsearch built-in security features are not enabled. Without authentication, your cluster could be accessible to anyone. See https://www.elastic.co/guide/en/elasticsearch/reference/7.16/security-minimal-setup.html to enable security."],[299 Elasticsearch-7.16.1-5b38441b16b1ebb16a27c107a4c3865776e20c53 "[ignore_throttled] parameter is deprecated because frozen indices have been deprecated. Consider cold or frozen tiers in place of frozen indices."]
2023-08-04 12:56:07,551 INFO  [com.dot.ContainerResource] (docker-java-stream-824381349) STDOUT: 12:56:07.549  WARN  client.RestClient - request [POST http://elasticsearch:9200/cluster_51b0cac1ff.live_20230804125536/_search?typed_keys=true&max_concurrent_shard_requests=5&ignore_unavailable=false&expand_wildcards=open&allow_no_indices=true&ignore_throttled=true&search_type=query_then_fetch&batched_reduce_size=512&ccs_minimize_roundtrips=true] returned 2 warnings: [299 Elasticsearch-7.16.1-5b38441b16b1ebb16a27c107a4c3865776e20c53 "Elasticsearch built-in security features are not enabled. Without authentication, your cluster could be accessible to anyone. See https://www.elastic.co/guide/en/elasticsearch/reference/7.16/security-minimal-setup.html to enable security."],[299 Elasticsearch-7.16.1-5b38441b16b1ebb16a27c107a4c3865776e20c53 "[ignore_throttled] parameter is deprecated because frozen indices have been deprecated. Consider cold or frozen tiers in place of frozen indices."]
2023-08-04 12:56:07,554 INFO  [com.dot.ContainerResource] (docker-java-stream-824381349) STDOUT: 12:56:07.552  WARN  client.RestClient - request [POST http://elasticsearch:9200/cluster_51b0cac1ff.live_20230804125536/_search?typed_keys=true&max_concurrent_shard_requests=5&ignore_unavailable=false&expand_wildcards=open&allow_no_indices=true&ignore_throttled=true&search_type=query_then_fetch&batched_reduce_size=512&ccs_minimize_roundtrips=true] returned 2 warnings: [299 Elasticsearch-7.16.1-5b38441b16b1ebb16a27c107a4c3865776e20c53 "Elasticsearch built-in security features are not enabled. Without authentication, your cluster could be accessible to anyone. See https://www.elastic.co/guide/en/elasticsearch/reference/7.16/security-minimal-setup.html to enable security."],[299 Elasticsearch-7.16.1-5b38441b16b1ebb16a27c107a4c3865776e20c53 "[ignore_throttled] parameter is deprecated because frozen indices have been deprecated. Consider cold or frozen tiers in place of frozen indices."]
2023-08-04 12:56:07,556 INFO  [com.dot.ContainerResource] (docker-java-stream-824381349) STDOUT: 12:56:07.555  WARN  client.RestClient - request [POST http://elasticsearch:9200/cluster_51b0cac1ff.live_20230804125536/_search?typed_keys=true&max_concurrent_shard_requests=5&ignore_unavailable=false&expand_wildcards=open&allow_no_indices=true&ignore_throttled=true&search_type=query_then_fetch&batched_reduce_size=512&ccs_minimize_roundtrips=true] returned 2 warnings: [299 Elasticsearch-7.16.1-5b38441b16b1ebb16a27c107a4c3865776e20c53 "Elasticsearch built-in security features are not enabled. Without authentication, your cluster could be accessible to anyone. See https://www.elastic.co/guide/en/elasticsearch/reference/7.16/security-minimal-setup.html to enable security."],[299 Elasticsearch-7.16.1-5b38441b16b1ebb16a27c107a4c3865776e20c53 "[ignore_throttled] parameter is deprecated because frozen indices have been deprecated. Consider cold or frozen tiers in place of frozen indices."]
2023-08-04 12:56:07,558 INFO  [com.dot.ContainerResource] (docker-java-stream-824381349) STDOUT: 12:56:07.558  WARN  client.RestClient - request [POST http://elasticsearch:9200/cluster_51b0cac1ff.live_20230804125536/_search?typed_keys=true&max_concurrent_shard_requests=5&ignore_unavailable=false&expand_wildcards=open&allow_no_indices=true&ignore_throttled=true&search_type=query_then_fetch&batched_reduce_size=512&ccs_minimize_roundtrips=true] returned 2 warnings: [299 Elasticsearch-7.16.1-5b38441b16b1ebb16a27c107a4c3865776e20c53 "Elasticsearch built-in security features are not enabled. Without authentication, your cluster could be accessible to anyone. See https://www.elastic.co/guide/en/elasticsearch/reference/7.16/security-minimal-setup.html to enable security."],[299 Elasticsearch-7.16.1-5b38441b16b1ebb16a27c107a4c3865776e20c53 "[ignore_throttled] parameter is deprecated because frozen indices have been deprecated. Consider cold or frozen tiers in place of frozen indices."]
2023-08-04 12:56:07,561 INFO  [com.dot.ContainerResource] (docker-java-stream-824381349) STDOUT: 12:56:07.560  WARN  client.RestClient - request [POST http://elasticsearch:9200/cluster_51b0cac1ff.live_20230804125536/_search?typed_keys=true&max_concurrent_shard_requests=5&ignore_unavailable=false&expand_wildcards=open&allow_no_indices=true&ignore_throttled=true&search_type=query_then_fetch&batched_reduce_size=512&ccs_minimize_roundtrips=true] returned 2 warnings: [299 Elasticsearch-7.16.1-5b38441b16b1ebb16a27c107a4c3865776e20c53 "Elasticsearch built-in security features are not enabled. Without authentication, your cluster could be accessible to anyone. See https://www.elastic.co/guide/en/elasticsearch/reference/7.16/security-minimal-setup.html to enable security."],[299 Elasticsearch-7.16.1-5b38441b16b1ebb16a27c107a4c3865776e20c53 "[ignore_throttled] parameter is deprecated because frozen indices have been deprecated. Consider cold or frozen tiers in place of frozen indices."]
2023-08-04 12:56:07,563 INFO  [com.dot.ContainerResource] (docker-java-stream-824381349) STDOUT: 12:56:07.563  WARN  client.RestClient - request [POST http://elasticsearch:9200/cluster_51b0cac1ff.live_20230804125536/_search?typed_keys=true&max_concurrent_shard_requests=5&ignore_unavailable=false&expand_wildcards=open&allow_no_indices=true&ignore_throttled=true&search_type=query_then_fetch&batched_reduce_size=512&ccs_minimize_roundtrips=true] returned 2 warnings: [299 Elasticsearch-7.16.1-5b38441b16b1ebb16a27c107a4c3865776e20c53 "Elasticsearch built-in security features are not enabled. Without authentication, your cluster could be accessible to anyone. See https://www.elastic.co/guide/en/elasticsearch/reference/7.16/security-minimal-setup.html to enable security."],[299 Elasticsearch-7.16.1-5b38441b16b1ebb16a27c107a4c3865776e20c53 "[ignore_throttled] parameter is deprecated because frozen indices have been deprecated. Consider cold or frozen tiers in place of frozen indices."]
2023-08-04 12:56:07,567 INFO  [com.dot.ContainerResource] (docker-java-stream-824381349) STDOUT: 12:56:07.566  WARN  client.RestClient - request [POST http://elasticsearch:9200/cluster_51b0cac1ff.live_20230804125536/_search?typed_keys=true&max_concurrent_shard_requests=5&ignore_unavailable=false&expand_wildcards=open&allow_no_indices=true&ignore_throttled=true&search_type=query_then_fetch&batched_reduce_size=512&ccs_minimize_roundtrips=true] returned 2 warnings: [299 Elasticsearch-7.16.1-5b38441b16b1ebb16a27c107a4c3865776e20c53 "Elasticsearch built-in security features are not enabled. Without authentication, your cluster could be accessible to anyone. See https://www.elastic.co/guide/en/elasticsearch/reference/7.16/security-minimal-setup.html to enable security."],[299 Elasticsearch-7.16.1-5b38441b16b1ebb16a27c107a4c3865776e20c53 "[ignore_throttled] parameter is deprecated because frozen indices have been deprecated. Consider cold or frozen tiers in place of frozen indices."]
2023-08-04 12:56:07,628 INFO  [com.dot.ContainerResource] (docker-java-stream-824381349) STDOUT: 12:56:07.628  WARN  client.RestClient - request [POST http://elasticsearch:9200/cluster_51b0cac1ff.live_20230804125536/_search?typed_keys=true&max_concurrent_shard_requests=5&ignore_unavailable=false&expand_wildcards=open&allow_no_indices=true&ignore_throttled=true&search_type=query_then_fetch&batched_reduce_size=512&ccs_minimize_roundtrips=true] returned 2 warnings: [299 Elasticsearch-7.16.1-5b38441b16b1ebb16a27c107a4c3865776e20c53 "Elasticsearch built-in security features are not enabled. Without authentication, your cluster could be accessible to anyone. See https://www.elastic.co/guide/en/elasticsearch/reference/7.16/security-minimal-setup.html to enable security."],[299 Elasticsearch-7.16.1-5b38441b16b1ebb16a27c107a4c3865776e20c53 "[ignore_throttled] parameter is deprecated because frozen indices have been deprecated. Consider cold or frozen tiers in place of frozen indices."]
2023-08-04 12:56:07,638 INFO  [com.dot.ContainerResource] (docker-java-stream-824381349) STDOUT: 12:56:07.636  WARN  client.RestClient - request [POST http://elasticsearch:9200/cluster_51b0cac1ff.live_20230804125536/_search?typed_keys=true&max_concurrent_shard_requests=5&ignore_unavailable=false&expand_wildcards=open&allow_no_indices=true&ignore_throttled=true&search_type=query_then_fetch&batched_reduce_size=512&ccs_minimize_roundtrips=true] returned 2 warnings: [299 Elasticsearch-7.16.1-5b38441b16b1ebb16a27c107a4c3865776e20c53 "Elasticsearch built-in security features are not enabled. Without authentication, your cluster could be accessible to anyone. See https://www.elastic.co/guide/en/elasticsearch/reference/7.16/security-minimal-setup.html to enable security."],[299 Elasticsearch-7.16.1-5b38441b16b1ebb16a27c107a4c3865776e20c53 "[ignore_throttled] parameter is deprecated because frozen indices have been deprecated. Consider cold or frozen tiers in place of frozen indices."]
2023-08-04 12:56:07,640 INFO  [com.dot.ContainerResource] (docker-java-stream-824381349) STDOUT: 12:56:07.640  WARN  client.RestClient - request [POST http://elasticsearch:9200/cluster_51b0cac1ff.live_20230804125536/_search?typed_keys=true&max_concurrent_shard_requests=5&ignore_unavailable=false&expand_wildcards=open&allow_no_indices=true&ignore_throttled=true&search_type=query_then_fetch&batched_reduce_size=512&ccs_minimize_roundtrips=true] returned 2 warnings: [299 Elasticsearch-7.16.1-5b38441b16b1ebb16a27c107a4c3865776e20c53 "Elasticsearch built-in security features are not enabled. Without authentication, your cluster could be accessible to anyone. See https://www.elastic.co/guide/en/elasticsearch/reference/7.16/security-minimal-setup.html to enable security."],[299 Elasticsearch-7.16.1-5b38441b16b1ebb16a27c107a4c3865776e20c53 "[ignore_throttled] parameter is deprecated because frozen indices have been deprecated. Consider cold or frozen tiers in place of frozen indices."]
2023-08-04 12:56:07,644 INFO  [com.dot.ContainerResource] (docker-java-stream-824381349) STDOUT: 12:56:07.643  WARN  client.RestClient - request [POST http://elasticsearch:9200/cluster_51b0cac1ff.live_20230804125536/_search?typed_keys=true&max_concurrent_shard_requests=5&ignore_unavailable=false&expand_wildcards=open&allow_no_indices=true&ignore_throttled=true&search_type=query_then_fetch&batched_reduce_size=512&ccs_minimize_roundtrips=true] returned 2 warnings: [299 Elasticsearch-7.16.1-5b38441b16b1ebb16a27c107a4c3865776e20c53 "Elasticsearch built-in security features are not enabled. Without authentication, your cluster could be accessible to anyone. See https://www.elastic.co/guide/en/elasticsearch/reference/7.16/security-minimal-setup.html to enable security."],[299 Elasticsearch-7.16.1-5b38441b16b1ebb16a27c107a4c3865776e20c53 "[ignore_throttled] parameter is deprecated because frozen indices have been deprecated. Consider cold or frozen tiers in place of frozen indices."]
2023-08-04 12:56:07,650 INFO  [com.dot.ContainerResource] (docker-java-stream-824381349) STDOUT: 12:56:07.648  WARN  client.RestClient - request [POST http://elasticsearch:9200/cluster_51b0cac1ff.live_20230804125536/_search?typed_keys=true&max_concurrent_shard_requests=5&ignore_unavailable=false&expand_wildcards=open&allow_no_indices=true&ignore_throttled=true&search_type=query_then_fetch&batched_reduce_size=512&ccs_minimize_roundtrips=true] returned 2 warnings: [299 Elasticsearch-7.16.1-5b38441b16b1ebb16a27c107a4c3865776e20c53 "Elasticsearch built-in security features are not enabled. Without authentication, your cluster could be accessible to anyone. See https://www.elastic.co/guide/en/elasticsearch/reference/7.16/security-minimal-setup.html to enable security."],[299 Elasticsearch-7.16.1-5b38441b16b1ebb16a27c107a4c3865776e20c53 "[ignore_throttled] parameter is deprecated because frozen indices have been deprecated. Consider cold or frozen tiers in place of frozen indices."]
2023-08-04 12:56:07,661 INFO  [com.dot.ContainerResource] (docker-java-stream-824381349) STDOUT: 12:56:07.661  WARN  client.RestClient - request [POST http://elasticsearch:9200/cluster_51b0cac1ff.live_20230804125536/_search?typed_keys=true&max_concurrent_shard_requests=5&ignore_unavailable=false&expand_wildcards=open&allow_no_indices=true&ignore_throttled=true&search_type=query_then_fetch&batched_reduce_size=512&ccs_minimize_roundtrips=true] returned 2 warnings: [299 Elasticsearch-7.16.1-5b38441b16b1ebb16a27c107a4c3865776e20c53 "Elasticsearch built-in security features are not enabled. Without authentication, your cluster could be accessible to anyone. See https://www.elastic.co/guide/en/elasticsearch/reference/7.16/security-minimal-setup.html to enable security."],[299 Elasticsearch-7.16.1-5b38441b16b1ebb16a27c107a4c3865776e20c53 "[ignore_throttled] parameter is deprecated because frozen indices have been deprecated. Consider cold or frozen tiers in place of frozen indices."]
2023-08-04 12:56:07,666 INFO  [com.dot.ContainerResource] (docker-java-stream-824381349) STDOUT: 12:56:07.665  WARN  client.RestClient - request [POST http://elasticsearch:9200/cluster_51b0cac1ff.live_20230804125536/_search?typed_keys=true&max_concurrent_shard_requests=5&ignore_unavailable=false&expand_wildcards=open&allow_no_indices=true&ignore_throttled=true&search_type=query_then_fetch&batched_reduce_size=512&ccs_minimize_roundtrips=true] returned 2 warnings: [299 Elasticsearch-7.16.1-5b38441b16b1ebb16a27c107a4c3865776e20c53 "Elasticsearch built-in security features are not enabled. Without authentication, your cluster could be accessible to anyone. See https://www.elastic.co/guide/en/elasticsearch/reference/7.16/security-minimal-setup.html to enable security."],[299 Elasticsearch-7.16.1-5b38441b16b1ebb16a27c107a4c3865776e20c53 "[ignore_throttled] parameter is deprecated because frozen indices have been deprecated. Consider cold or frozen tiers in place of frozen indices."]
2023-08-04 12:56:07,678 INFO  [com.dot.ContainerResource] (docker-java-stream-824381349) STDOUT: 12:56:07.676  WARN  client.RestClient - request [POST http://elasticsearch:9200/cluster_51b0cac1ff.live_20230804125536/_search?typed_keys=true&max_concurrent_shard_requests=5&ignore_unavailable=false&expand_wildcards=open&allow_no_indices=true&ignore_throttled=true&search_type=query_then_fetch&batched_reduce_size=512&ccs_minimize_roundtrips=true] returned 2 warnings: [299 Elasticsearch-7.16.1-5b38441b16b1ebb16a27c107a4c3865776e20c53 "Elasticsearch built-in security features are not enabled. Without authentication, your cluster could be accessible to anyone. See https://www.elastic.co/guide/en/elasticsearch/reference/7.16/security-minimal-setup.html to enable security."],[299 Elasticsearch-7.16.1-5b38441b16b1ebb16a27c107a4c3865776e20c53 "[ignore_throttled] parameter is deprecated because frozen indices have been deprecated. Consider cold or frozen tiers in place of frozen indices."]
2023-08-04 12:56:07,682 INFO  [com.dot.ContainerResource] (docker-java-stream-824381349) STDOUT: 12:56:07.681  WARN  client.RestClient - request [POST http://elasticsearch:9200/cluster_51b0cac1ff.live_20230804125536/_search?typed_keys=true&max_concurrent_shard_requests=5&ignore_unavailable=false&expand_wildcards=open&allow_no_indices=true&ignore_throttled=true&search_type=query_then_fetch&batched_reduce_size=512&ccs_minimize_roundtrips=true] returned 2 warnings: [299 Elasticsearch-7.16.1-5b38441b16b1ebb16a27c107a4c3865776e20c53 "Elasticsearch built-in security features are not enabled. Without authentication, your cluster could be accessible to anyone. See https://www.elastic.co/guide/en/elasticsearch/reference/7.16/security-minimal-setup.html to enable security."],[299 Elasticsearch-7.16.1-5b38441b16b1ebb16a27c107a4c3865776e20c53 "[ignore_throttled] parameter is deprecated because frozen indices have been deprecated. Consider cold or frozen tiers in place of frozen indices."]
2023-08-04 12:56:07,706 INFO  [com.dot.ContainerResource] (docker-java-stream-824381349) STDOUT: 12:56:07.704  WARN  client.RestClient - request [POST http://elasticsearch:9200/cluster_51b0cac1ff.live_20230804125536/_search?typed_keys=true&max_concurrent_shard_requests=5&ignore_unavailable=false&expand_wildcards=open&allow_no_indices=true&ignore_throttled=true&search_type=query_then_fetch&batched_reduce_size=512&ccs_minimize_roundtrips=true] returned 2 warnings: [299 Elasticsearch-7.16.1-5b38441b16b1ebb16a27c107a4c3865776e20c53 "Elasticsearch built-in security features are not enabled. Without authentication, your cluster could be accessible to anyone. See https://www.elastic.co/guide/en/elasticsearch/reference/7.16/security-minimal-setup.html to enable security."],[299 Elasticsearch-7.16.1-5b38441b16b1ebb16a27c107a4c3865776e20c53 "[ignore_throttled] parameter is deprecated because frozen indices have been deprecated. Consider cold or frozen tiers in place of frozen indices."]
2023-08-04 12:56:07,710 INFO  [com.dot.ContainerResource] (docker-java-stream-824381349) STDOUT: 12:56:07.708  WARN  client.RestClient - request [POST http://elasticsearch:9200/cluster_51b0cac1ff.live_20230804125536/_search?typed_keys=true&max_concurrent_shard_requests=5&ignore_unavailable=false&expand_wildcards=open&allow_no_indices=true&ignore_throttled=true&search_type=query_then_fetch&batched_reduce_size=512&ccs_minimize_roundtrips=true] returned 2 warnings: [299 Elasticsearch-7.16.1-5b38441b16b1ebb16a27c107a4c3865776e20c53 "Elasticsearch built-in security features are not enabled. Without authentication, your cluster could be accessible to anyone. See https://www.elastic.co/guide/en/elasticsearch/reference/7.16/security-minimal-setup.html to enable security."],[299 Elasticsearch-7.16.1-5b38441b16b1ebb16a27c107a4c3865776e20c53 "[ignore_throttled] parameter is deprecated because frozen indices have been deprecated. Consider cold or frozen tiers in place of frozen indices."]
2023-08-04 12:56:07,712 INFO  [com.dot.ContainerResource] (docker-java-stream-824381349) STDOUT: 12:56:07.712  WARN  client.RestClient - request [POST http://elasticsearch:9200/cluster_51b0cac1ff.live_20230804125536/_search?typed_keys=true&max_concurrent_shard_requests=5&ignore_unavailable=false&expand_wildcards=open&allow_no_indices=true&ignore_throttled=true&search_type=query_then_fetch&batched_reduce_size=512&ccs_minimize_roundtrips=true] returned 2 warnings: [299 Elasticsearch-7.16.1-5b38441b16b1ebb16a27c107a4c3865776e20c53 "Elasticsearch built-in security features are not enabled. Without authentication, your cluster could be accessible to anyone. See https://www.elastic.co/guide/en/elasticsearch/reference/7.16/security-minimal-setup.html to enable security."],[299 Elasticsearch-7.16.1-5b38441b16b1ebb16a27c107a4c3865776e20c53 "[ignore_throttled] parameter is deprecated because frozen indices have been deprecated. Consider cold or frozen tiers in place of frozen indices."]
2023-08-04 12:56:07,724 INFO  [com.dot.ContainerResource] (docker-java-stream-824381349) STDOUT: 12:56:07.722  WARN  client.RestClient - request [POST http://elasticsearch:9200/cluster_51b0cac1ff.live_20230804125536/_search?typed_keys=true&max_concurrent_shard_requests=5&ignore_unavailable=false&expand_wildcards=open&allow_no_indices=true&ignore_throttled=true&search_type=query_then_fetch&batched_reduce_size=512&ccs_minimize_roundtrips=true] returned 2 warnings: [299 Elasticsearch-7.16.1-5b38441b16b1ebb16a27c107a4c3865776e20c53 "Elasticsearch built-in security features are not enabled. Without authentication, your cluster could be accessible to anyone. See https://www.elastic.co/guide/en/elasticsearch/reference/7.16/security-minimal-setup.html to enable security."],[299 Elasticsearch-7.16.1-5b38441b16b1ebb16a27c107a4c3865776e20c53 "[ignore_throttled] parameter is deprecated because frozen indices have been deprecated. Consider cold or frozen tiers in place of frozen indices."]
2023-08-04 12:56:07,734 INFO  [com.dot.ContainerResource] (docker-java-stream-824381349) STDOUT: 12:56:07.733  WARN  client.RestClient - request [POST http://elasticsearch:9200/cluster_51b0cac1ff.live_20230804125536/_search?typed_keys=true&max_concurrent_shard_requests=5&ignore_unavailable=false&expand_wildcards=open&allow_no_indices=true&ignore_throttled=true&search_type=query_then_fetch&batched_reduce_size=512&ccs_minimize_roundtrips=true] returned 2 warnings: [299 Elasticsearch-7.16.1-5b38441b16b1ebb16a27c107a4c3865776e20c53 "Elasticsearch built-in security features are not enabled. Without authentication, your cluster could be accessible to anyone. See https://www.elastic.co/guide/en/elasticsearch/reference/7.16/security-minimal-setup.html to enable security."],[299 Elasticsearch-7.16.1-5b38441b16b1ebb16a27c107a4c3865776e20c53 "[ignore_throttled] parameter is deprecated because frozen indices have been deprecated. Consider cold or frozen tiers in place of frozen indices."]
2023-08-04 12:56:07,743 INFO  [com.dot.ContainerResource] (docker-java-stream-824381349) STDOUT: 12:56:07.741  WARN  client.RestClient - request [POST http://elasticsearch:9200/cluster_51b0cac1ff.live_20230804125536/_search?typed_keys=true&max_concurrent_shard_requests=5&ignore_unavailable=false&expand_wildcards=open&allow_no_indices=true&ignore_throttled=true&search_type=query_then_fetch&batched_reduce_size=512&ccs_minimize_roundtrips=true] returned 2 warnings: [299 Elasticsearch-7.16.1-5b38441b16b1ebb16a27c107a4c3865776e20c53 "Elasticsearch built-in security features are not enabled. Without authentication, your cluster could be accessible to anyone. See https://www.elastic.co/guide/en/elasticsearch/reference/7.16/security-minimal-setup.html to enable security."],[299 Elasticsearch-7.16.1-5b38441b16b1ebb16a27c107a4c3865776e20c53 "[ignore_throttled] parameter is deprecated because frozen indices have been deprecated. Consider cold or frozen tiers in place of frozen indices."]
2023-08-04 12:56:07,759 INFO  [com.dot.ContainerResource] (docker-java-stream-824381349) STDOUT: 12:56:07.757  WARN  client.RestClient - request [POST http://elasticsearch:9200/cluster_51b0cac1ff.live_20230804125536/_search?typed_keys=true&max_concurrent_shard_requests=5&ignore_unavailable=false&expand_wildcards=open&allow_no_indices=true&ignore_throttled=true&search_type=query_then_fetch&batched_reduce_size=512&ccs_minimize_roundtrips=true] returned 2 warnings: [299 Elasticsearch-7.16.1-5b38441b16b1ebb16a27c107a4c3865776e20c53 "Elasticsearch built-in security features are not enabled. Without authentication, your cluster could be accessible to anyone. See https://www.elastic.co/guide/en/elasticsearch/reference/7.16/security-minimal-setup.html to enable security."],[299 Elasticsearch-7.16.1-5b38441b16b1ebb16a27c107a4c3865776e20c53 "[ignore_throttled] parameter is deprecated because frozen indices have been deprecated. Consider cold or frozen tiers in place of frozen indices."]
2023-08-04 12:56:07,766 INFO  [com.dot.ContainerResource] (docker-java-stream-824381349) STDOUT: 12:56:07.764  WARN  client.RestClient - request [POST http://elasticsearch:9200/cluster_51b0cac1ff.live_20230804125536/_search?typed_keys=true&max_concurrent_shard_requests=5&ignore_unavailable=false&expand_wildcards=open&allow_no_indices=true&ignore_throttled=true&search_type=query_then_fetch&batched_reduce_size=512&ccs_minimize_roundtrips=true] returned 2 warnings: [299 Elasticsearch-7.16.1-5b38441b16b1ebb16a27c107a4c3865776e20c53 "Elasticsearch built-in security features are not enabled. Without authentication, your cluster could be accessible to anyone. See https://www.elastic.co/guide/en/elasticsearch/reference/7.16/security-minimal-setup.html to enable security."],[299 Elasticsearch-7.16.1-5b38441b16b1ebb16a27c107a4c3865776e20c53 "[ignore_throttled] parameter is deprecated because frozen indices have been deprecated. Consider cold or frozen tiers in place of frozen indices."]
2023-08-04 12:56:07,769 INFO  [com.dot.ContainerResource] (docker-java-stream-824381349) STDOUT: 12:56:07.768  WARN  client.RestClient - request [POST http://elasticsearch:9200/cluster_51b0cac1ff.live_20230804125536/_search?typed_keys=true&max_concurrent_shard_requests=5&ignore_unavailable=false&expand_wildcards=open&allow_no_indices=true&ignore_throttled=true&search_type=query_then_fetch&batched_reduce_size=512&ccs_minimize_roundtrips=true] returned 2 warnings: [299 Elasticsearch-7.16.1-5b38441b16b1ebb16a27c107a4c3865776e20c53 "Elasticsearch built-in security features are not enabled. Without authentication, your cluster could be accessible to anyone. See https://www.elastic.co/guide/en/elasticsearch/reference/7.16/security-minimal-setup.html to enable security."],[299 Elasticsearch-7.16.1-5b38441b16b1ebb16a27c107a4c3865776e20c53 "[ignore_throttled] parameter is deprecated because frozen indices have been deprecated. Consider cold or frozen tiers in place of frozen indices."]
2023-08-04 12:56:07,772 INFO  [com.dot.ContainerResource] (docker-java-stream-824381349) STDOUT: 12:56:07.771  WARN  client.RestClient - request [POST http://elasticsearch:9200/cluster_51b0cac1ff.live_20230804125536/_search?typed_keys=true&max_concurrent_shard_requests=5&ignore_unavailable=false&expand_wildcards=open&allow_no_indices=true&ignore_throttled=true&search_type=query_then_fetch&batched_reduce_size=512&ccs_minimize_roundtrips=true] returned 2 warnings: [299 Elasticsearch-7.16.1-5b38441b16b1ebb16a27c107a4c3865776e20c53 "Elasticsearch built-in security features are not enabled. Without authentication, your cluster could be accessible to anyone. See https://www.elastic.co/guide/en/elasticsearch/reference/7.16/security-minimal-setup.html to enable security."],[299 Elasticsearch-7.16.1-5b38441b16b1ebb16a27c107a4c3865776e20c53 "[ignore_throttled] parameter is deprecated because frozen indices have been deprecated. Consider cold or frozen tiers in place of frozen indices."]
2023-08-04 12:56:07,774 INFO  [com.dot.ContainerResource] (docker-java-stream-824381349) STDOUT: 12:56:07.774  WARN  client.RestClient - request [POST http://elasticsearch:9200/cluster_51b0cac1ff.live_20230804125536/_search?typed_keys=true&max_concurrent_shard_requests=5&ignore_unavailable=false&expand_wildcards=open&allow_no_indices=true&ignore_throttled=true&search_type=query_then_fetch&batched_reduce_size=512&ccs_minimize_roundtrips=true] returned 2 warnings: [299 Elasticsearch-7.16.1-5b38441b16b1ebb16a27c107a4c3865776e20c53 "Elasticsearch built-in security features are not enabled. Without authentication, your cluster could be accessible to anyone. See https://www.elastic.co/guide/en/elasticsearch/reference/7.16/security-minimal-setup.html to enable security."],[299 Elasticsearch-7.16.1-5b38441b16b1ebb16a27c107a4c3865776e20c53 "[ignore_throttled] parameter is deprecated because frozen indices have been deprecated. Consider cold or frozen tiers in place of frozen indices."]
2023-08-04 12:56:07,789 INFO  [com.dot.ContainerResource] (docker-java-stream-824381349) STDOUT: 12:56:07.788  WARN  client.RestClient - request [POST http://elasticsearch:9200/cluster_51b0cac1ff.live_20230804125536/_search?typed_keys=true&max_concurrent_shard_requests=5&ignore_unavailable=false&expand_wildcards=open&allow_no_indices=true&ignore_throttled=true&search_type=query_then_fetch&batched_reduce_size=512&ccs_minimize_roundtrips=true] returned 2 warnings: [299 Elasticsearch-7.16.1-5b38441b16b1ebb16a27c107a4c3865776e20c53 "Elasticsearch built-in security features are not enabled. Without authentication, your cluster could be accessible to anyone. See https://www.elastic.co/guide/en/elasticsearch/reference/7.16/security-minimal-setup.html to enable security."],[299 Elasticsearch-7.16.1-5b38441b16b1ebb16a27c107a4c3865776e20c53 "[ignore_throttled] parameter is deprecated because frozen indices have been deprecated. Consider cold or frozen tiers in place of frozen indices."]
2023-08-04 12:56:07,810 INFO  [com.dot.ContainerResource] (docker-java-stream-824381349) STDOUT: 12:56:07.805  WARN  client.RestClient - request [POST http://elasticsearch:9200/cluster_51b0cac1ff.live_20230804125536/_search?typed_keys=true&max_concurrent_shard_requests=5&ignore_unavailable=false&expand_wildcards=open&allow_no_indices=true&ignore_throttled=true&search_type=query_then_fetch&batched_reduce_size=512&ccs_minimize_roundtrips=true] returned 2 warnings: [299 Elasticsearch-7.16.1-5b38441b16b1ebb16a27c107a4c3865776e20c53 "Elasticsearch built-in security features are not enabled. Without authentication, your cluster could be accessible to anyone. See https://www.elastic.co/guide/en/elasticsearch/reference/7.16/security-minimal-setup.html to enable security."],[299 Elasticsearch-7.16.1-5b38441b16b1ebb16a27c107a4c3865776e20c53 "[ignore_throttled] parameter is deprecated because frozen indices have been deprecated. Consider cold or frozen tiers in place of frozen indices."]
2023-08-04 12:56:07,819 INFO  [com.dot.ContainerResource] (docker-java-stream-824381349) STDOUT: 12:56:07.816  WARN  client.RestClient - request [POST http://elasticsearch:9200/cluster_51b0cac1ff.live_20230804125536/_search?typed_keys=true&max_concurrent_shard_requests=5&ignore_unavailable=false&expand_wildcards=open&allow_no_indices=true&ignore_throttled=true&search_type=query_then_fetch&batched_reduce_size=512&ccs_minimize_roundtrips=true] returned 2 warnings: [299 Elasticsearch-7.16.1-5b38441b16b1ebb16a27c107a4c3865776e20c53 "Elasticsearch built-in security features are not enabled. Without authentication, your cluster could be accessible to anyone. See https://www.elastic.co/guide/en/elasticsearch/reference/7.16/security-minimal-setup.html to enable security."],[299 Elasticsearch-7.16.1-5b38441b16b1ebb16a27c107a4c3865776e20c53 "[ignore_throttled] parameter is deprecated because frozen indices have been deprecated. Consider cold or frozen tiers in place of frozen indices."]
2023-08-04 12:56:07,845 INFO  [com.dot.ContainerResource] (docker-java-stream-824381349) STDOUT: 12:56:07.844  WARN  client.RestClient - request [POST http://elasticsearch:9200/cluster_51b0cac1ff.live_20230804125536/_search?typed_keys=true&max_concurrent_shard_requests=5&ignore_unavailable=false&expand_wildcards=open&allow_no_indices=true&ignore_throttled=true&search_type=query_then_fetch&batched_reduce_size=512&ccs_minimize_roundtrips=true] returned 2 warnings: [299 Elasticsearch-7.16.1-5b38441b16b1ebb16a27c107a4c3865776e20c53 "Elasticsearch built-in security features are not enabled. Without authentication, your cluster could be accessible to anyone. See https://www.elastic.co/guide/en/elasticsearch/reference/7.16/security-minimal-setup.html to enable security."],[299 Elasticsearch-7.16.1-5b38441b16b1ebb16a27c107a4c3865776e20c53 "[ignore_throttled] parameter is deprecated because frozen indices have been deprecated. Consider cold or frozen tiers in place of frozen indices."]
2023-08-04 12:56:07,870 INFO  [com.dot.ContainerResource] (docker-java-stream-824381349) STDOUT: 12:56:07.868  WARN  client.RestClient - request [POST http://elasticsearch:9200/cluster_51b0cac1ff.live_20230804125536/_search?typed_keys=true&max_concurrent_shard_requests=5&ignore_unavailable=false&expand_wildcards=open&allow_no_indices=true&ignore_throttled=true&search_type=query_then_fetch&batched_reduce_size=512&ccs_minimize_roundtrips=true] returned 2 warnings: [299 Elasticsearch-7.16.1-5b38441b16b1ebb16a27c107a4c3865776e20c53 "Elasticsearch built-in security features are not enabled. Without authentication, your cluster could be accessible to anyone. See https://www.elastic.co/guide/en/elasticsearch/reference/7.16/security-minimal-setup.html to enable security."],[299 Elasticsearch-7.16.1-5b38441b16b1ebb16a27c107a4c3865776e20c53 "[ignore_throttled] parameter is deprecated because frozen indices have been deprecated. Consider cold or frozen tiers in place of frozen indices."]
2023-08-04 12:56:07,874 INFO  [com.dot.ContainerResource] (docker-java-stream-824381349) STDOUT: 12:56:07.872  WARN  client.RestClient - request [POST http://elasticsearch:9200/cluster_51b0cac1ff.live_20230804125536/_search?typed_keys=true&max_concurrent_shard_requests=5&ignore_unavailable=false&expand_wildcards=open&allow_no_indices=true&ignore_throttled=true&search_type=query_then_fetch&batched_reduce_size=512&ccs_minimize_roundtrips=true] returned 2 warnings: [299 Elasticsearch-7.16.1-5b38441b16b1ebb16a27c107a4c3865776e20c53 "Elasticsearch built-in security features are not enabled. Without authentication, your cluster could be accessible to anyone. See https://www.elastic.co/guide/en/elasticsearch/reference/7.16/security-minimal-setup.html to enable security."],[299 Elasticsearch-7.16.1-5b38441b16b1ebb16a27c107a4c3865776e20c53 "[ignore_throttled] parameter is deprecated because frozen indices have been deprecated. Consider cold or frozen tiers in place of frozen indices."]
2023-08-04 12:56:07,879 INFO  [com.dot.ContainerResource] (docker-java-stream-824381349) STDOUT: 12:56:07.878  WARN  client.RestClient - request [POST http://elasticsearch:9200/cluster_51b0cac1ff.live_20230804125536/_search?typed_keys=true&max_concurrent_shard_requests=5&ignore_unavailable=false&expand_wildcards=open&allow_no_indices=true&ignore_throttled=true&search_type=query_then_fetch&batched_reduce_size=512&ccs_minimize_roundtrips=true] returned 2 warnings: [299 Elasticsearch-7.16.1-5b38441b16b1ebb16a27c107a4c3865776e20c53 "Elasticsearch built-in security features are not enabled. Without authentication, your cluster could be accessible to anyone. See https://www.elastic.co/guide/en/elasticsearch/reference/7.16/security-minimal-setup.html to enable security."],[299 Elasticsearch-7.16.1-5b38441b16b1ebb16a27c107a4c3865776e20c53 "[ignore_throttled] parameter is deprecated because frozen indices have been deprecated. Consider cold or frozen tiers in place of frozen indices."]
2023-08-04 12:56:07,889 INFO  [com.dot.ContainerResource] (docker-java-stream-824381349) STDOUT: 12:56:07.888  WARN  client.RestClient - request [POST http://elasticsearch:9200/cluster_51b0cac1ff.live_20230804125536/_search?typed_keys=true&max_concurrent_shard_requests=5&ignore_unavailable=false&expand_wildcards=open&allow_no_indices=true&ignore_throttled=true&search_type=query_then_fetch&batched_reduce_size=512&ccs_minimize_roundtrips=true] returned 2 warnings: [299 Elasticsearch-7.16.1-5b38441b16b1ebb16a27c107a4c3865776e20c53 "Elasticsearch built-in security features are not enabled. Without authentication, your cluster could be accessible to anyone. See https://www.elastic.co/guide/en/elasticsearch/reference/7.16/security-minimal-setup.html to enable security."],[299 Elasticsearch-7.16.1-5b38441b16b1ebb16a27c107a4c3865776e20c53 "[ignore_throttled] parameter is deprecated because frozen indices have been deprecated. Consider cold or frozen tiers in place of frozen indices."]
2023-08-04 12:56:07,892 INFO  [com.dot.ContainerResource] (docker-java-stream-824381349) STDOUT: 12:56:07.892  WARN  client.RestClient - request [POST http://elasticsearch:9200/cluster_51b0cac1ff.live_20230804125536/_search?typed_keys=true&max_concurrent_shard_requests=5&ignore_unavailable=false&expand_wildcards=open&allow_no_indices=true&ignore_throttled=true&search_type=query_then_fetch&batched_reduce_size=512&ccs_minimize_roundtrips=true] returned 2 warnings: [299 Elasticsearch-7.16.1-5b38441b16b1ebb16a27c107a4c3865776e20c53 "Elasticsearch built-in security features are not enabled. Without authentication, your cluster could be accessible to anyone. See https://www.elastic.co/guide/en/elasticsearch/reference/7.16/security-minimal-setup.html to enable security."],[299 Elasticsearch-7.16.1-5b38441b16b1ebb16a27c107a4c3865776e20c53 "[ignore_throttled] parameter is deprecated because frozen indices have been deprecated. Consider cold or frozen tiers in place of frozen indices."]
2023-08-04 12:56:07,899 INFO  [com.dot.ContainerResource] (docker-java-stream-824381349) STDOUT: 12:56:07.898  WARN  client.RestClient - request [POST http://elasticsearch:9200/cluster_51b0cac1ff.live_20230804125536/_search?typed_keys=true&max_concurrent_shard_requests=5&ignore_unavailable=false&expand_wildcards=open&allow_no_indices=true&ignore_throttled=true&search_type=query_then_fetch&batched_reduce_size=512&ccs_minimize_roundtrips=true] returned 2 warnings: [299 Elasticsearch-7.16.1-5b38441b16b1ebb16a27c107a4c3865776e20c53 "Elasticsearch built-in security features are not enabled. Without authentication, your cluster could be accessible to anyone. See https://www.elastic.co/guide/en/elasticsearch/reference/7.16/security-minimal-setup.html to enable security."],[299 Elasticsearch-7.16.1-5b38441b16b1ebb16a27c107a4c3865776e20c53 "[ignore_throttled] parameter is deprecated because frozen indices have been deprecated. Consider cold or frozen tiers in place of frozen indices."]
2023-08-04 12:56:07,909 INFO  [com.dot.ContainerResource] (docker-java-stream-824381349) STDOUT: 12:56:07.908  WARN  client.RestClient - request [POST http://elasticsearch:9200/cluster_51b0cac1ff.live_20230804125536/_search?typed_keys=true&max_concurrent_shard_requests=5&ignore_unavailable=false&expand_wildcards=open&allow_no_indices=true&ignore_throttled=true&search_type=query_then_fetch&batched_reduce_size=512&ccs_minimize_roundtrips=true] returned 2 warnings: [299 Elasticsearch-7.16.1-5b38441b16b1ebb16a27c107a4c3865776e20c53 "Elasticsearch built-in security features are not enabled. Without authentication, your cluster could be accessible to anyone. See https://www.elastic.co/guide/en/elasticsearch/reference/7.16/security-minimal-setup.html to enable security."],[299 Elasticsearch-7.16.1-5b38441b16b1ebb16a27c107a4c3865776e20c53 "[ignore_throttled] parameter is deprecated because frozen indices have been deprecated. Consider cold or frozen tiers in place of frozen indices."]
2023-08-04 12:56:07,913 INFO  [com.dot.ContainerResource] (docker-java-stream-824381349) STDOUT: 12:56:07.912  WARN  client.RestClient - request [POST http://elasticsearch:9200/cluster_51b0cac1ff.live_20230804125536/_search?typed_keys=true&max_concurrent_shard_requests=5&ignore_unavailable=false&expand_wildcards=open&allow_no_indices=true&ignore_throttled=true&search_type=query_then_fetch&batched_reduce_size=512&ccs_minimize_roundtrips=true] returned 2 warnings: [299 Elasticsearch-7.16.1-5b38441b16b1ebb16a27c107a4c3865776e20c53 "Elasticsearch built-in security features are not enabled. Without authentication, your cluster could be accessible to anyone. See https://www.elastic.co/guide/en/elasticsearch/reference/7.16/security-minimal-setup.html to enable security."],[299 Elasticsearch-7.16.1-5b38441b16b1ebb16a27c107a4c3865776e20c53 "[ignore_throttled] parameter is deprecated because frozen indices have been deprecated. Consider cold or frozen tiers in place of frozen indices."]
2023-08-04 12:56:07,919 INFO  [com.dot.ContainerResource] (docker-java-stream-824381349) STDOUT: 12:56:07.919  WARN  client.RestClient - request [POST http://elasticsearch:9200/cluster_51b0cac1ff.live_20230804125536/_search?typed_keys=true&max_concurrent_shard_requests=5&ignore_unavailable=false&expand_wildcards=open&allow_no_indices=true&ignore_throttled=true&search_type=query_then_fetch&batched_reduce_size=512&ccs_minimize_roundtrips=true] returned 2 warnings: [299 Elasticsearch-7.16.1-5b38441b16b1ebb16a27c107a4c3865776e20c53 "Elasticsearch built-in security features are not enabled. Without authentication, your cluster could be accessible to anyone. See https://www.elastic.co/guide/en/elasticsearch/reference/7.16/security-minimal-setup.html to enable security."],[299 Elasticsearch-7.16.1-5b38441b16b1ebb16a27c107a4c3865776e20c53 "[ignore_throttled] parameter is deprecated because frozen indices have been deprecated. Consider cold or frozen tiers in place of frozen indices."]
2023-08-04 12:56:07,941 INFO  [com.dot.ContainerResource] (docker-java-stream-824381349) STDOUT: 12:56:07.941  WARN  client.RestClient - request [POST http://elasticsearch:9200/cluster_51b0cac1ff.live_20230804125536/_search?typed_keys=true&max_concurrent_shard_requests=5&ignore_unavailable=false&expand_wildcards=open&allow_no_indices=true&ignore_throttled=true&search_type=query_then_fetch&batched_reduce_size=512&ccs_minimize_roundtrips=true] returned 2 warnings: [299 Elasticsearch-7.16.1-5b38441b16b1ebb16a27c107a4c3865776e20c53 "Elasticsearch built-in security features are not enabled. Without authentication, your cluster could be accessible to anyone. See https://www.elastic.co/guide/en/elasticsearch/reference/7.16/security-minimal-setup.html to enable security."],[299 Elasticsearch-7.16.1-5b38441b16b1ebb16a27c107a4c3865776e20c53 "[ignore_throttled] parameter is deprecated because frozen indices have been deprecated. Consider cold or frozen tiers in place of frozen indices."]
2023-08-04 12:56:07,948 INFO  [com.dot.ContainerResource] (docker-java-stream-824381349) STDOUT: 12:56:07.947  WARN  client.RestClient - request [POST http://elasticsearch:9200/cluster_51b0cac1ff.live_20230804125536/_search?typed_keys=true&max_concurrent_shard_requests=5&ignore_unavailable=false&expand_wildcards=open&allow_no_indices=true&ignore_throttled=true&search_type=query_then_fetch&batched_reduce_size=512&ccs_minimize_roundtrips=true] returned 2 warnings: [299 Elasticsearch-7.16.1-5b38441b16b1ebb16a27c107a4c3865776e20c53 "Elasticsearch built-in security features are not enabled. Without authentication, your cluster could be accessible to anyone. See https://www.elastic.co/guide/en/elasticsearch/reference/7.16/security-minimal-setup.html to enable security."],[299 Elasticsearch-7.16.1-5b38441b16b1ebb16a27c107a4c3865776e20c53 "[ignore_throttled] parameter is deprecated because frozen indices have been deprecated. Consider cold or frozen tiers in place of frozen indices."]
2023-08-04 12:56:07,958 INFO  [com.dot.ContainerResource] (docker-java-stream-824381349) STDOUT: 12:56:07.957  WARN  client.RestClient - request [POST http://elasticsearch:9200/cluster_51b0cac1ff.live_20230804125536/_search?typed_keys=true&max_concurrent_shard_requests=5&ignore_unavailable=false&expand_wildcards=open&allow_no_indices=true&ignore_throttled=true&search_type=query_then_fetch&batched_reduce_size=512&ccs_minimize_roundtrips=true] returned 2 warnings: [299 Elasticsearch-7.16.1-5b38441b16b1ebb16a27c107a4c3865776e20c53 "Elasticsearch built-in security features are not enabled. Without authentication, your cluster could be accessible to anyone. See https://www.elastic.co/guide/en/elasticsearch/reference/7.16/security-minimal-setup.html to enable security."],[299 Elasticsearch-7.16.1-5b38441b16b1ebb16a27c107a4c3865776e20c53 "[ignore_throttled] parameter is deprecated because frozen indices have been deprecated. Consider cold or frozen tiers in place of frozen indices."]
2023-08-04 12:56:07,970 INFO  [com.dot.ContainerResource] (docker-java-stream-824381349) STDOUT: 12:56:07.970  WARN  client.RestClient - request [POST http://elasticsearch:9200/cluster_51b0cac1ff.live_20230804125536/_search?typed_keys=true&max_concurrent_shard_requests=5&ignore_unavailable=false&expand_wildcards=open&allow_no_indices=true&ignore_throttled=true&search_type=query_then_fetch&batched_reduce_size=512&ccs_minimize_roundtrips=true] returned 2 warnings: [299 Elasticsearch-7.16.1-5b38441b16b1ebb16a27c107a4c3865776e20c53 "Elasticsearch built-in security features are not enabled. Without authentication, your cluster could be accessible to anyone. See https://www.elastic.co/guide/en/elasticsearch/reference/7.16/security-minimal-setup.html to enable security."],[299 Elasticsearch-7.16.1-5b38441b16b1ebb16a27c107a4c3865776e20c53 "[ignore_throttled] parameter is deprecated because frozen indices have been deprecated. Consider cold or frozen tiers in place of frozen indices."]
2023-08-04 12:56:07,974 INFO  [com.dot.ContainerResource] (docker-java-stream-824381349) STDOUT: 12:56:07.974  WARN  client.RestClient - request [POST http://elasticsearch:9200/cluster_51b0cac1ff.live_20230804125536/_search?typed_keys=true&max_concurrent_shard_requests=5&ignore_unavailable=false&expand_wildcards=open&allow_no_indices=true&ignore_throttled=true&search_type=query_then_fetch&batched_reduce_size=512&ccs_minimize_roundtrips=true] returned 2 warnings: [299 Elasticsearch-7.16.1-5b38441b16b1ebb16a27c107a4c3865776e20c53 "Elasticsearch built-in security features are not enabled. Without authentication, your cluster could be accessible to anyone. See https://www.elastic.co/guide/en/elasticsearch/reference/7.16/security-minimal-setup.html to enable security."],[299 Elasticsearch-7.16.1-5b38441b16b1ebb16a27c107a4c3865776e20c53 "[ignore_throttled] parameter is deprecated because frozen indices have been deprecated. Consider cold or frozen tiers in place of frozen indices."]
2023-08-04 12:56:07,980 INFO  [com.dot.ContainerResource] (docker-java-stream-824381349) STDOUT: 12:56:07.980  WARN  client.RestClient - request [POST http://elasticsearch:9200/cluster_51b0cac1ff.live_20230804125536/_search?typed_keys=true&max_concurrent_shard_requests=5&ignore_unavailable=false&expand_wildcards=open&allow_no_indices=true&ignore_throttled=true&search_type=query_then_fetch&batched_reduce_size=512&ccs_minimize_roundtrips=true] returned 2 warnings: [299 Elasticsearch-7.16.1-5b38441b16b1ebb16a27c107a4c3865776e20c53 "Elasticsearch built-in security features are not enabled. Without authentication, your cluster could be accessible to anyone. See https://www.elastic.co/guide/en/elasticsearch/reference/7.16/security-minimal-setup.html to enable security."],[299 Elasticsearch-7.16.1-5b38441b16b1ebb16a27c107a4c3865776e20c53 "[ignore_throttled] parameter is deprecated because frozen indices have been deprecated. Consider cold or frozen tiers in place of frozen indices."]
2023-08-04 12:56:07,984 INFO  [com.dot.ContainerResource] (docker-java-stream-824381349) STDOUT: 12:56:07.983  WARN  client.RestClient - request [POST http://elasticsearch:9200/cluster_51b0cac1ff.live_20230804125536/_search?typed_keys=true&max_concurrent_shard_requests=5&ignore_unavailable=false&expand_wildcards=open&allow_no_indices=true&ignore_throttled=true&search_type=query_then_fetch&batched_reduce_size=512&ccs_minimize_roundtrips=true] returned 2 warnings: [299 Elasticsearch-7.16.1-5b38441b16b1ebb16a27c107a4c3865776e20c53 "Elasticsearch built-in security features are not enabled. Without authentication, your cluster could be accessible to anyone. See https://www.elastic.co/guide/en/elasticsearch/reference/7.16/security-minimal-setup.html to enable security."],[299 Elasticsearch-7.16.1-5b38441b16b1ebb16a27c107a4c3865776e20c53 "[ignore_throttled] parameter is deprecated because frozen indices have been deprecated. Consider cold or frozen tiers in place of frozen indices."]
2023-08-04 12:56:07,990 INFO  [com.dot.ContainerResource] (docker-java-stream-824381349) STDOUT: 12:56:07.989  WARN  client.RestClient - request [POST http://elasticsearch:9200/cluster_51b0cac1ff.live_20230804125536/_search?typed_keys=true&max_concurrent_shard_requests=5&ignore_unavailable=false&expand_wildcards=open&allow_no_indices=true&ignore_throttled=true&search_type=query_then_fetch&batched_reduce_size=512&ccs_minimize_roundtrips=true] returned 2 warnings: [299 Elasticsearch-7.16.1-5b38441b16b1ebb16a27c107a4c3865776e20c53 "Elasticsearch built-in security features are not enabled. Without authentication, your cluster could be accessible to anyone. See https://www.elastic.co/guide/en/elasticsearch/reference/7.16/security-minimal-setup.html to enable security."],[299 Elasticsearch-7.16.1-5b38441b16b1ebb16a27c107a4c3865776e20c53 "[ignore_throttled] parameter is deprecated because frozen indices have been deprecated. Consider cold or frozen tiers in place of frozen indices."]
2023-08-04 12:56:07,993 INFO  [com.dot.ContainerResource] (docker-java-stream-824381349) STDOUT: 12:56:07.993  WARN  client.RestClient - request [POST http://elasticsearch:9200/cluster_51b0cac1ff.live_20230804125536/_search?typed_keys=true&max_concurrent_shard_requests=5&ignore_unavailable=false&expand_wildcards=open&allow_no_indices=true&ignore_throttled=true&search_type=query_then_fetch&batched_reduce_size=512&ccs_minimize_roundtrips=true] returned 2 warnings: [299 Elasticsearch-7.16.1-5b38441b16b1ebb16a27c107a4c3865776e20c53 "Elasticsearch built-in security features are not enabled. Without authentication, your cluster could be accessible to anyone. See https://www.elastic.co/guide/en/elasticsearch/reference/7.16/security-minimal-setup.html to enable security."],[299 Elasticsearch-7.16.1-5b38441b16b1ebb16a27c107a4c3865776e20c53 "[ignore_throttled] parameter is deprecated because frozen indices have been deprecated. Consider cold or frozen tiers in place of frozen indices."]
2023-08-04 12:56:07,996 INFO  [com.dot.ContainerResource] (docker-java-stream-824381349) STDOUT: 12:56:07.996  WARN  client.RestClient - request [POST http://elasticsearch:9200/cluster_51b0cac1ff.live_20230804125536/_search?typed_keys=true&max_concurrent_shard_requests=5&ignore_unavailable=false&expand_wildcards=open&allow_no_indices=true&ignore_throttled=true&search_type=query_then_fetch&batched_reduce_size=512&ccs_minimize_roundtrips=true] returned 2 warnings: [299 Elasticsearch-7.16.1-5b38441b16b1ebb16a27c107a4c3865776e20c53 "Elasticsearch built-in security features are not enabled. Without authentication, your cluster could be accessible to anyone. See https://www.elastic.co/guide/en/elasticsearch/reference/7.16/security-minimal-setup.html to enable security."],[299 Elasticsearch-7.16.1-5b38441b16b1ebb16a27c107a4c3865776e20c53 "[ignore_throttled] parameter is deprecated because frozen indices have been deprecated. Consider cold or frozen tiers in place of frozen indices."]
2023-08-04 12:56:08,007 INFO  [com.dot.ContainerResource] (docker-java-stream-824381349) STDOUT: 12:56:08.006  WARN  client.RestClient - request [POST http://elasticsearch:9200/cluster_51b0cac1ff.live_20230804125536/_search?typed_keys=true&max_concurrent_shard_requests=5&ignore_unavailable=false&expand_wildcards=open&allow_no_indices=true&ignore_throttled=true&search_type=query_then_fetch&batched_reduce_size=512&ccs_minimize_roundtrips=true] returned 2 warnings: [299 Elasticsearch-7.16.1-5b38441b16b1ebb16a27c107a4c3865776e20c53 "Elasticsearch built-in security features are not enabled. Without authentication, your cluster could be accessible to anyone. See https://www.elastic.co/guide/en/elasticsearch/reference/7.16/security-minimal-setup.html to enable security."],[299 Elasticsearch-7.16.1-5b38441b16b1ebb16a27c107a4c3865776e20c53 "[ignore_throttled] parameter is deprecated because frozen indices have been deprecated. Consider cold or frozen tiers in place of frozen indices."]
2023-08-04 12:56:08,015 INFO  [com.dot.ContainerResource] (docker-java-stream-824381349) STDOUT: 12:56:08.015  WARN  client.RestClient - request [POST http://elasticsearch:9200/cluster_51b0cac1ff.live_20230804125536/_search?typed_keys=true&max_concurrent_shard_requests=5&ignore_unavailable=false&expand_wildcards=open&allow_no_indices=true&ignore_throttled=true&search_type=query_then_fetch&batched_reduce_size=512&ccs_minimize_roundtrips=true] returned 2 warnings: [299 Elasticsearch-7.16.1-5b38441b16b1ebb16a27c107a4c3865776e20c53 "Elasticsearch built-in security features are not enabled. Without authentication, your cluster could be accessible to anyone. See https://www.elastic.co/guide/en/elasticsearch/reference/7.16/security-minimal-setup.html to enable security."],[299 Elasticsearch-7.16.1-5b38441b16b1ebb16a27c107a4c3865776e20c53 "[ignore_throttled] parameter is deprecated because frozen indices have been deprecated. Consider cold or frozen tiers in place of frozen indices."]
2023-08-04 12:56:08,043 INFO  [com.dot.ContainerResource] (docker-java-stream-824381349) STDOUT: 12:56:08.042  WARN  client.RestClient - request [POST http://elasticsearch:9200/cluster_51b0cac1ff.live_20230804125536/_search?typed_keys=true&max_concurrent_shard_requests=5&ignore_unavailable=false&expand_wildcards=open&allow_no_indices=true&ignore_throttled=true&search_type=query_then_fetch&batched_reduce_size=512&ccs_minimize_roundtrips=true] returned 2 warnings: [299 Elasticsearch-7.16.1-5b38441b16b1ebb16a27c107a4c3865776e20c53 "Elasticsearch built-in security features are not enabled. Without authentication, your cluster could be accessible to anyone. See https://www.elastic.co/guide/en/elasticsearch/reference/7.16/security-minimal-setup.html to enable security."],[299 Elasticsearch-7.16.1-5b38441b16b1ebb16a27c107a4c3865776e20c53 "[ignore_throttled] parameter is deprecated because frozen indices have been deprecated. Consider cold or frozen tiers in place of frozen indices."]
2023-08-04 12:56:08,063 INFO  [com.dot.ContainerResource] (docker-java-stream-824381349) STDOUT: 12:56:08.063  WARN  client.RestClient - request [POST http://elasticsearch:9200/cluster_51b0cac1ff.live_20230804125536/_search?typed_keys=true&max_concurrent_shard_requests=5&ignore_unavailable=false&expand_wildcards=open&allow_no_indices=true&ignore_throttled=true&search_type=query_then_fetch&batched_reduce_size=512&ccs_minimize_roundtrips=true] returned 2 warnings: [299 Elasticsearch-7.16.1-5b38441b16b1ebb16a27c107a4c3865776e20c53 "Elasticsearch built-in security features are not enabled. Without authentication, your cluster could be accessible to anyone. See https://www.elastic.co/guide/en/elasticsearch/reference/7.16/security-minimal-setup.html to enable security."],[299 Elasticsearch-7.16.1-5b38441b16b1ebb16a27c107a4c3865776e20c53 "[ignore_throttled] parameter is deprecated because frozen indices have been deprecated. Consider cold or frozen tiers in place of frozen indices."]
2023-08-04 12:56:08,070 INFO  [com.dot.ContainerResource] (docker-java-stream-824381349) STDOUT: 12:56:08.069  WARN  client.RestClient - request [POST http://elasticsearch:9200/cluster_51b0cac1ff.live_20230804125536/_search?typed_keys=true&max_concurrent_shard_requests=5&ignore_unavailable=false&expand_wildcards=open&allow_no_indices=true&ignore_throttled=true&search_type=query_then_fetch&batched_reduce_size=512&ccs_minimize_roundtrips=true] returned 2 warnings: [299 Elasticsearch-7.16.1-5b38441b16b1ebb16a27c107a4c3865776e20c53 "Elasticsearch built-in security features are not enabled. Without authentication, your cluster could be accessible to anyone. See https://www.elastic.co/guide/en/elasticsearch/reference/7.16/security-minimal-setup.html to enable security."],[299 Elasticsearch-7.16.1-5b38441b16b1ebb16a27c107a4c3865776e20c53 "[ignore_throttled] parameter is deprecated because frozen indices have been deprecated. Consider cold or frozen tiers in place of frozen indices."]
2023-08-04 12:56:08,075 INFO  [com.dot.ContainerResource] (docker-java-stream-824381349) STDOUT: 12:56:08.075  WARN  client.RestClient - request [POST http://elasticsearch:9200/cluster_51b0cac1ff.live_20230804125536/_search?typed_keys=true&max_concurrent_shard_requests=5&ignore_unavailable=false&expand_wildcards=open&allow_no_indices=true&ignore_throttled=true&search_type=query_then_fetch&batched_reduce_size=512&ccs_minimize_roundtrips=true] returned 2 warnings: [299 Elasticsearch-7.16.1-5b38441b16b1ebb16a27c107a4c3865776e20c53 "Elasticsearch built-in security features are not enabled. Without authentication, your cluster could be accessible to anyone. See https://www.elastic.co/guide/en/elasticsearch/reference/7.16/security-minimal-setup.html to enable security."],[299 Elasticsearch-7.16.1-5b38441b16b1ebb16a27c107a4c3865776e20c53 "[ignore_throttled] parameter is deprecated because frozen indices have been deprecated. Consider cold or frozen tiers in place of frozen indices."]
2023-08-04 12:56:08,079 INFO  [com.dot.ContainerResource] (docker-java-stream-824381349) STDOUT: 12:56:08.079  WARN  client.RestClient - request [POST http://elasticsearch:9200/cluster_51b0cac1ff.live_20230804125536/_search?typed_keys=true&max_concurrent_shard_requests=5&ignore_unavailable=false&expand_wildcards=open&allow_no_indices=true&ignore_throttled=true&search_type=query_then_fetch&batched_reduce_size=512&ccs_minimize_roundtrips=true] returned 2 warnings: [299 Elasticsearch-7.16.1-5b38441b16b1ebb16a27c107a4c3865776e20c53 "Elasticsearch built-in security features are not enabled. Without authentication, your cluster could be accessible to anyone. See https://www.elastic.co/guide/en/elasticsearch/reference/7.16/security-minimal-setup.html to enable security."],[299 Elasticsearch-7.16.1-5b38441b16b1ebb16a27c107a4c3865776e20c53 "[ignore_throttled] parameter is deprecated because frozen indices have been deprecated. Consider cold or frozen tiers in place of frozen indices."]
2023-08-04 12:56:08,083 INFO  [com.dot.ContainerResource] (docker-java-stream-824381349) STDOUT: 12:56:08.082  WARN  client.RestClient - request [POST http://elasticsearch:9200/cluster_51b0cac1ff.live_20230804125536/_search?typed_keys=true&max_concurrent_shard_requests=5&ignore_unavailable=false&expand_wildcards=open&allow_no_indices=true&ignore_throttled=true&search_type=query_then_fetch&batched_reduce_size=512&ccs_minimize_roundtrips=true] returned 2 warnings: [299 Elasticsearch-7.16.1-5b38441b16b1ebb16a27c107a4c3865776e20c53 "Elasticsearch built-in security features are not enabled. Without authentication, your cluster could be accessible to anyone. See https://www.elastic.co/guide/en/elasticsearch/reference/7.16/security-minimal-setup.html to enable security."],[299 Elasticsearch-7.16.1-5b38441b16b1ebb16a27c107a4c3865776e20c53 "[ignore_throttled] parameter is deprecated because frozen indices have been deprecated. Consider cold or frozen tiers in place of frozen indices."]
2023-08-04 12:56:08,086 INFO  [com.dot.ContainerResource] (docker-java-stream-824381349) STDOUT: 12:56:08.086  WARN  client.RestClient - request [POST http://elasticsearch:9200/cluster_51b0cac1ff.live_20230804125536/_search?typed_keys=true&max_concurrent_shard_requests=5&ignore_unavailable=false&expand_wildcards=open&allow_no_indices=true&ignore_throttled=true&search_type=query_then_fetch&batched_reduce_size=512&ccs_minimize_roundtrips=true] returned 2 warnings: [299 Elasticsearch-7.16.1-5b38441b16b1ebb16a27c107a4c3865776e20c53 "Elasticsearch built-in security features are not enabled. Without authentication, your cluster could be accessible to anyone. See https://www.elastic.co/guide/en/elasticsearch/reference/7.16/security-minimal-setup.html to enable security."],[299 Elasticsearch-7.16.1-5b38441b16b1ebb16a27c107a4c3865776e20c53 "[ignore_throttled] parameter is deprecated because frozen indices have been deprecated. Consider cold or frozen tiers in place of frozen indices."]
2023-08-04 12:56:08,090 INFO  [com.dot.ContainerResource] (docker-java-stream-824381349) STDOUT: 12:56:08.089  WARN  client.RestClient - request [POST http://elasticsearch:9200/cluster_51b0cac1ff.live_20230804125536/_search?typed_keys=true&max_concurrent_shard_requests=5&ignore_unavailable=false&expand_wildcards=open&allow_no_indices=true&ignore_throttled=true&search_type=query_then_fetch&batched_reduce_size=512&ccs_minimize_roundtrips=true] returned 2 warnings: [299 Elasticsearch-7.16.1-5b38441b16b1ebb16a27c107a4c3865776e20c53 "Elasticsearch built-in security features are not enabled. Without authentication, your cluster could be accessible to anyone. See https://www.elastic.co/guide/en/elasticsearch/reference/7.16/security-minimal-setup.html to enable security."],[299 Elasticsearch-7.16.1-5b38441b16b1ebb16a27c107a4c3865776e20c53 "[ignore_throttled] parameter is deprecated because frozen indices have been deprecated. Consider cold or frozen tiers in place of frozen indices."]
2023-08-04 12:56:08,093 INFO  [com.dot.ContainerResource] (docker-java-stream-824381349) STDOUT: 12:56:08.093  WARN  client.RestClient - request [POST http://elasticsearch:9200/cluster_51b0cac1ff.live_20230804125536/_search?typed_keys=true&max_concurrent_shard_requests=5&ignore_unavailable=false&expand_wildcards=open&allow_no_indices=true&ignore_throttled=true&search_type=query_then_fetch&batched_reduce_size=512&ccs_minimize_roundtrips=true] returned 2 warnings: [299 Elasticsearch-7.16.1-5b38441b16b1ebb16a27c107a4c3865776e20c53 "Elasticsearch built-in security features are not enabled. Without authentication, your cluster could be accessible to anyone. See https://www.elastic.co/guide/en/elasticsearch/reference/7.16/security-minimal-setup.html to enable security."],[299 Elasticsearch-7.16.1-5b38441b16b1ebb16a27c107a4c3865776e20c53 "[ignore_throttled] parameter is deprecated because frozen indices have been deprecated. Consider cold or frozen tiers in place of frozen indices."]
2023-08-04 12:56:08,112 INFO  [com.dot.ContainerResource] (docker-java-stream-824381349) STDOUT: 12:56:08.105  WARN  client.RestClient - request [POST http://elasticsearch:9200/cluster_51b0cac1ff.live_20230804125536/_search?typed_keys=true&max_concurrent_shard_requests=5&ignore_unavailable=false&expand_wildcards=open&allow_no_indices=true&ignore_throttled=true&search_type=query_then_fetch&batched_reduce_size=512&ccs_minimize_roundtrips=true] returned 2 warnings: [299 Elasticsearch-7.16.1-5b38441b16b1ebb16a27c107a4c3865776e20c53 "Elasticsearch built-in security features are not enabled. Without authentication, your cluster could be accessible to anyone. See https://www.elastic.co/guide/en/elasticsearch/reference/7.16/security-minimal-setup.html to enable security."],[299 Elasticsearch-7.16.1-5b38441b16b1ebb16a27c107a4c3865776e20c53 "[ignore_throttled] parameter is deprecated because frozen indices have been deprecated. Consider cold or frozen tiers in place of frozen indices."]
2023-08-04 12:56:08,120 INFO  [com.dot.ContainerResource] (docker-java-stream-824381349) STDOUT: 12:56:08.118  WARN  client.RestClient - request [POST http://elasticsearch:9200/cluster_51b0cac1ff.live_20230804125536/_search?typed_keys=true&max_concurrent_shard_requests=5&ignore_unavailable=false&expand_wildcards=open&allow_no_indices=true&ignore_throttled=true&search_type=query_then_fetch&batched_reduce_size=512&ccs_minimize_roundtrips=true] returned 2 warnings: [299 Elasticsearch-7.16.1-5b38441b16b1ebb16a27c107a4c3865776e20c53 "Elasticsearch built-in security features are not enabled. Without authentication, your cluster could be accessible to anyone. See https://www.elastic.co/guide/en/elasticsearch/reference/7.16/security-minimal-setup.html to enable security."],[299 Elasticsearch-7.16.1-5b38441b16b1ebb16a27c107a4c3865776e20c53 "[ignore_throttled] parameter is deprecated because frozen indices have been deprecated. Consider cold or frozen tiers in place of frozen indices."]
2023-08-04 12:56:08,123 INFO  [com.dot.ContainerResource] (docker-java-stream-824381349) STDOUT: 12:56:08.122  WARN  client.RestClient - request [POST http://elasticsearch:9200/cluster_51b0cac1ff.live_20230804125536/_search?typed_keys=true&max_concurrent_shard_requests=5&ignore_unavailable=false&expand_wildcards=open&allow_no_indices=true&ignore_throttled=true&search_type=query_then_fetch&batched_reduce_size=512&ccs_minimize_roundtrips=true] returned 2 warnings: [299 Elasticsearch-7.16.1-5b38441b16b1ebb16a27c107a4c3865776e20c53 "Elasticsearch built-in security features are not enabled. Without authentication, your cluster could be accessible to anyone. See https://www.elastic.co/guide/en/elasticsearch/reference/7.16/security-minimal-setup.html to enable security."],[299 Elasticsearch-7.16.1-5b38441b16b1ebb16a27c107a4c3865776e20c53 "[ignore_throttled] parameter is deprecated because frozen indices have been deprecated. Consider cold or frozen tiers in place of frozen indices."]
2023-08-04 12:56:08,129 INFO  [com.dot.ContainerResource] (docker-java-stream-824381349) STDOUT: 12:56:08.129  WARN  client.RestClient - request [POST http://elasticsearch:9200/cluster_51b0cac1ff.live_20230804125536/_search?typed_keys=true&max_concurrent_shard_requests=5&ignore_unavailable=false&expand_wildcards=open&allow_no_indices=true&ignore_throttled=true&search_type=query_then_fetch&batched_reduce_size=512&ccs_minimize_roundtrips=true] returned 2 warnings: [299 Elasticsearch-7.16.1-5b38441b16b1ebb16a27c107a4c3865776e20c53 "Elasticsearch built-in security features are not enabled. Without authentication, your cluster could be accessible to anyone. See https://www.elastic.co/guide/en/elasticsearch/reference/7.16/security-minimal-setup.html to enable security."],[299 Elasticsearch-7.16.1-5b38441b16b1ebb16a27c107a4c3865776e20c53 "[ignore_throttled] parameter is deprecated because frozen indices have been deprecated. Consider cold or frozen tiers in place of frozen indices."]
2023-08-04 12:56:08,134 INFO  [com.dot.ContainerResource] (docker-java-stream-824381349) STDOUT: 12:56:08.133  WARN  client.RestClient - request [POST http://elasticsearch:9200/cluster_51b0cac1ff.live_20230804125536/_search?typed_keys=true&max_concurrent_shard_requests=5&ignore_unavailable=false&expand_wildcards=open&allow_no_indices=true&ignore_throttled=true&search_type=query_then_fetch&batched_reduce_size=512&ccs_minimize_roundtrips=true] returned 2 warnings: [299 Elasticsearch-7.16.1-5b38441b16b1ebb16a27c107a4c3865776e20c53 "Elasticsearch built-in security features are not enabled. Without authentication, your cluster could be accessible to anyone. See https://www.elastic.co/guide/en/elasticsearch/reference/7.16/security-minimal-setup.html to enable security."],[299 Elasticsearch-7.16.1-5b38441b16b1ebb16a27c107a4c3865776e20c53 "[ignore_throttled] parameter is deprecated because frozen indices have been deprecated. Consider cold or frozen tiers in place of frozen indices."]
2023-08-04 12:56:08,138 INFO  [com.dot.ContainerResource] (docker-java-stream-824381349) STDOUT: 12:56:08.138  WARN  client.RestClient - request [POST http://elasticsearch:9200/cluster_51b0cac1ff.live_20230804125536/_search?typed_keys=true&max_concurrent_shard_requests=5&ignore_unavailable=false&expand_wildcards=open&allow_no_indices=true&ignore_throttled=true&search_type=query_then_fetch&batched_reduce_size=512&ccs_minimize_roundtrips=true] returned 2 warnings: [299 Elasticsearch-7.16.1-5b38441b16b1ebb16a27c107a4c3865776e20c53 "Elasticsearch built-in security features are not enabled. Without authentication, your cluster could be accessible to anyone. See https://www.elastic.co/guide/en/elasticsearch/reference/7.16/security-minimal-setup.html to enable security."],[299 Elasticsearch-7.16.1-5b38441b16b1ebb16a27c107a4c3865776e20c53 "[ignore_throttled] parameter is deprecated because frozen indices have been deprecated. Consider cold or frozen tiers in place of frozen indices."]
2023-08-04 12:56:08,267 INFO  [com.dot.ContainerResource] (docker-java-stream-824381349) STDOUT: 12:56:08.267  WARN  client.RestClient - request [POST http://elasticsearch:9200/cluster_51b0cac1ff.live_20230804125536/_search?typed_keys=true&max_concurrent_shard_requests=5&ignore_unavailable=false&expand_wildcards=open&allow_no_indices=true&ignore_throttled=true&search_type=query_then_fetch&batched_reduce_size=512&ccs_minimize_roundtrips=true] returned 2 warnings: [299 Elasticsearch-7.16.1-5b38441b16b1ebb16a27c107a4c3865776e20c53 "Elasticsearch built-in security features are not enabled. Without authentication, your cluster could be accessible to anyone. See https://www.elastic.co/guide/en/elasticsearch/reference/7.16/security-minimal-setup.html to enable security."],[299 Elasticsearch-7.16.1-5b38441b16b1ebb16a27c107a4c3865776e20c53 "[ignore_throttled] parameter is deprecated because frozen indices have been deprecated. Consider cold or frozen tiers in place of frozen indices."]
2023-08-04 12:56:08,274 INFO  [com.dot.ContainerResource] (docker-java-stream-824381349) STDOUT: 12:56:08.274  WARN  client.RestClient - request [POST http://elasticsearch:9200/cluster_51b0cac1ff.live_20230804125536/_search?typed_keys=true&max_concurrent_shard_requests=5&ignore_unavailable=false&expand_wildcards=open&allow_no_indices=true&ignore_throttled=true&search_type=query_then_fetch&batched_reduce_size=512&ccs_minimize_roundtrips=true] returned 2 warnings: [299 Elasticsearch-7.16.1-5b38441b16b1ebb16a27c107a4c3865776e20c53 "Elasticsearch built-in security features are not enabled. Without authentication, your cluster could be accessible to anyone. See https://www.elastic.co/guide/en/elasticsearch/reference/7.16/security-minimal-setup.html to enable security."],[299 Elasticsearch-7.16.1-5b38441b16b1ebb16a27c107a4c3865776e20c53 "[ignore_throttled] parameter is deprecated because frozen indices have been deprecated. Consider cold or frozen tiers in place of frozen indices."]
2023-08-04 12:56:08,278 INFO  [com.dot.ContainerResource] (docker-java-stream-824381349) STDOUT: 12:56:08.278  WARN  client.RestClient - request [POST http://elasticsearch:9200/cluster_51b0cac1ff.live_20230804125536/_search?typed_keys=true&max_concurrent_shard_requests=5&ignore_unavailable=false&expand_wildcards=open&allow_no_indices=true&ignore_throttled=true&search_type=query_then_fetch&batched_reduce_size=512&ccs_minimize_roundtrips=true] returned 2 warnings: [299 Elasticsearch-7.16.1-5b38441b16b1ebb16a27c107a4c3865776e20c53 "Elasticsearch built-in security features are not enabled. Without authentication, your cluster could be accessible to anyone. See https://www.elastic.co/guide/en/elasticsearch/reference/7.16/security-minimal-setup.html to enable security."],[299 Elasticsearch-7.16.1-5b38441b16b1ebb16a27c107a4c3865776e20c53 "[ignore_throttled] parameter is deprecated because frozen indices have been deprecated. Consider cold or frozen tiers in place of frozen indices."]
2023-08-04 12:56:08,289 INFO  [com.dot.ContainerResource] (docker-java-stream-824381349) STDOUT: 12:56:08.286  WARN  client.RestClient - request [POST http://elasticsearch:9200/cluster_51b0cac1ff.live_20230804125536/_search?typed_keys=true&max_concurrent_shard_requests=5&ignore_unavailable=false&expand_wildcards=open&allow_no_indices=true&ignore_throttled=true&search_type=query_then_fetch&batched_reduce_size=512&ccs_minimize_roundtrips=true] returned 2 warnings: [299 Elasticsearch-7.16.1-5b38441b16b1ebb16a27c107a4c3865776e20c53 "Elasticsearch built-in security features are not enabled. Without authentication, your cluster could be accessible to anyone. See https://www.elastic.co/guide/en/elasticsearch/reference/7.16/security-minimal-setup.html to enable security."],[299 Elasticsearch-7.16.1-5b38441b16b1ebb16a27c107a4c3865776e20c53 "[ignore_throttled] parameter is deprecated because frozen indices have been deprecated. Consider cold or frozen tiers in place of frozen indices."]
2023-08-04 12:56:08,296 INFO  [com.dot.ContainerResource] (docker-java-stream-824381349) STDOUT: 12:56:08.293  WARN  client.RestClient - request [POST http://elasticsearch:9200/cluster_51b0cac1ff.live_20230804125536/_search?typed_keys=true&max_concurrent_shard_requests=5&ignore_unavailable=false&expand_wildcards=open&allow_no_indices=true&ignore_throttled=true&search_type=query_then_fetch&batched_reduce_size=512&ccs_minimize_roundtrips=true] returned 2 warnings: [299 Elasticsearch-7.16.1-5b38441b16b1ebb16a27c107a4c3865776e20c53 "Elasticsearch built-in security features are not enabled. Without authentication, your cluster could be accessible to anyone. See https://www.elastic.co/guide/en/elasticsearch/reference/7.16/security-minimal-setup.html to enable security."],[299 Elasticsearch-7.16.1-5b38441b16b1ebb16a27c107a4c3865776e20c53 "[ignore_throttled] parameter is deprecated because frozen indices have been deprecated. Consider cold or frozen tiers in place of frozen indices."]
2023-08-04 12:56:08,304 INFO  [com.dot.ContainerResource] (docker-java-stream-824381349) STDOUT: 12:56:08.302  WARN  client.RestClient - request [POST http://elasticsearch:9200/cluster_51b0cac1ff.live_20230804125536/_search?typed_keys=true&max_concurrent_shard_requests=5&ignore_unavailable=false&expand_wildcards=open&allow_no_indices=true&ignore_throttled=true&search_type=query_then_fetch&batched_reduce_size=512&ccs_minimize_roundtrips=true] returned 2 warnings: [299 Elasticsearch-7.16.1-5b38441b16b1ebb16a27c107a4c3865776e20c53 "Elasticsearch built-in security features are not enabled. Without authentication, your cluster could be accessible to anyone. See https://www.elastic.co/guide/en/elasticsearch/reference/7.16/security-minimal-setup.html to enable security."],[299 Elasticsearch-7.16.1-5b38441b16b1ebb16a27c107a4c3865776e20c53 "[ignore_throttled] parameter is deprecated because frozen indices have been deprecated. Consider cold or frozen tiers in place of frozen indices."]
2023-08-04 12:56:08,307 INFO  [com.dot.ContainerResource] (docker-java-stream-824381349) STDOUT: 12:56:08.305  WARN  client.RestClient - request [POST http://elasticsearch:9200/cluster_51b0cac1ff.live_20230804125536/_search?typed_keys=true&max_concurrent_shard_requests=5&ignore_unavailable=false&expand_wildcards=open&allow_no_indices=true&ignore_throttled=true&search_type=query_then_fetch&batched_reduce_size=512&ccs_minimize_roundtrips=true] returned 2 warnings: [299 Elasticsearch-7.16.1-5b38441b16b1ebb16a27c107a4c3865776e20c53 "Elasticsearch built-in security features are not enabled. Without authentication, your cluster could be accessible to anyone. See https://www.elastic.co/guide/en/elasticsearch/reference/7.16/security-minimal-setup.html to enable security."],[299 Elasticsearch-7.16.1-5b38441b16b1ebb16a27c107a4c3865776e20c53 "[ignore_throttled] parameter is deprecated because frozen indices have been deprecated. Consider cold or frozen tiers in place of frozen indices."]
2023-08-04 12:56:08,333 INFO  [com.dot.ContainerResource] (docker-java-stream-824381349) STDOUT: 12:56:08.332  WARN  client.RestClient - request [POST http://elasticsearch:9200/cluster_51b0cac1ff.live_20230804125536/_search?typed_keys=true&max_concurrent_shard_requests=5&ignore_unavailable=false&expand_wildcards=open&allow_no_indices=true&ignore_throttled=true&search_type=query_then_fetch&batched_reduce_size=512&ccs_minimize_roundtrips=true] returned 2 warnings: [299 Elasticsearch-7.16.1-5b38441b16b1ebb16a27c107a4c3865776e20c53 "Elasticsearch built-in security features are not enabled. Without authentication, your cluster could be accessible to anyone. See https://www.elastic.co/guide/en/elasticsearch/reference/7.16/security-minimal-setup.html to enable security."],[299 Elasticsearch-7.16.1-5b38441b16b1ebb16a27c107a4c3865776e20c53 "[ignore_throttled] parameter is deprecated because frozen indices have been deprecated. Consider cold or frozen tiers in place of frozen indices."]
2023-08-04 12:56:08,336 INFO  [com.dot.ContainerResource] (docker-java-stream-824381349) STDOUT: 12:56:08.335  WARN  client.RestClient - request [POST http://elasticsearch:9200/cluster_51b0cac1ff.live_20230804125536/_search?typed_keys=true&max_concurrent_shard_requests=5&ignore_unavailable=false&expand_wildcards=open&allow_no_indices=true&ignore_throttled=true&search_type=query_then_fetch&batched_reduce_size=512&ccs_minimize_roundtrips=true] returned 2 warnings: [299 Elasticsearch-7.16.1-5b38441b16b1ebb16a27c107a4c3865776e20c53 "Elasticsearch built-in security features are not enabled. Without authentication, your cluster could be accessible to anyone. See https://www.elastic.co/guide/en/elasticsearch/reference/7.16/security-minimal-setup.html to enable security."],[299 Elasticsearch-7.16.1-5b38441b16b1ebb16a27c107a4c3865776e20c53 "[ignore_throttled] parameter is deprecated because frozen indices have been deprecated. Consider cold or frozen tiers in place of frozen indices."]
2023-08-04 12:56:08,353 INFO  [com.dot.ContainerResource] (docker-java-stream-824381349) STDOUT: 12:56:08.352  WARN  client.RestClient - request [POST http://elasticsearch:9200/cluster_51b0cac1ff.live_20230804125536/_search?typed_keys=true&max_concurrent_shard_requests=5&ignore_unavailable=false&expand_wildcards=open&allow_no_indices=true&ignore_throttled=true&search_type=query_then_fetch&batched_reduce_size=512&ccs_minimize_roundtrips=true] returned 2 warnings: [299 Elasticsearch-7.16.1-5b38441b16b1ebb16a27c107a4c3865776e20c53 "Elasticsearch built-in security features are not enabled. Without authentication, your cluster could be accessible to anyone. See https://www.elastic.co/guide/en/elasticsearch/reference/7.16/security-minimal-setup.html to enable security."],[299 Elasticsearch-7.16.1-5b38441b16b1ebb16a27c107a4c3865776e20c53 "[ignore_throttled] parameter is deprecated because frozen indices have been deprecated. Consider cold or frozen tiers in place of frozen indices."]
2023-08-04 12:56:08,356 INFO  [com.dot.ContainerResource] (docker-java-stream-824381349) STDOUT: 12:56:08.356  WARN  client.RestClient - request [POST http://elasticsearch:9200/cluster_51b0cac1ff.live_20230804125536/_search?typed_keys=true&max_concurrent_shard_requests=5&ignore_unavailable=false&expand_wildcards=open&allow_no_indices=true&ignore_throttled=true&search_type=query_then_fetch&batched_reduce_size=512&ccs_minimize_roundtrips=true] returned 2 warnings: [299 Elasticsearch-7.16.1-5b38441b16b1ebb16a27c107a4c3865776e20c53 "Elasticsearch built-in security features are not enabled. Without authentication, your cluster could be accessible to anyone. See https://www.elastic.co/guide/en/elasticsearch/reference/7.16/security-minimal-setup.html to enable security."],[299 Elasticsearch-7.16.1-5b38441b16b1ebb16a27c107a4c3865776e20c53 "[ignore_throttled] parameter is deprecated because frozen indices have been deprecated. Consider cold or frozen tiers in place of frozen indices."]
2023-08-04 12:56:08,376 INFO  [com.dot.ContainerResource] (docker-java-stream-824381349) STDOUT: 12:56:08.373  WARN  client.RestClient - request [POST http://elasticsearch:9200/cluster_51b0cac1ff.live_20230804125536/_search?typed_keys=true&max_concurrent_shard_requests=5&ignore_unavailable=false&expand_wildcards=open&allow_no_indices=true&ignore_throttled=true&search_type=query_then_fetch&batched_reduce_size=512&ccs_minimize_roundtrips=true] returned 2 warnings: [299 Elasticsearch-7.16.1-5b38441b16b1ebb16a27c107a4c3865776e20c53 "Elasticsearch built-in security features are not enabled. Without authentication, your cluster could be accessible to anyone. See https://www.elastic.co/guide/en/elasticsearch/reference/7.16/security-minimal-setup.html to enable security."],[299 Elasticsearch-7.16.1-5b38441b16b1ebb16a27c107a4c3865776e20c53 "[ignore_throttled] parameter is deprecated because frozen indices have been deprecated. Consider cold or frozen tiers in place of frozen indices."]
2023-08-04 12:56:08,377 INFO  [com.dot.ContainerResource] (docker-java-stream-824381349) STDOUT: 12:56:08.376  WARN  client.RestClient - request [POST http://elasticsearch:9200/cluster_51b0cac1ff.live_20230804125536/_search?typed_keys=true&max_concurrent_shard_requests=5&ignore_unavailable=false&expand_wildcards=open&allow_no_indices=true&ignore_throttled=true&search_type=query_then_fetch&batched_reduce_size=512&ccs_minimize_roundtrips=true] returned 2 warnings: [299 Elasticsearch-7.16.1-5b38441b16b1ebb16a27c107a4c3865776e20c53 "Elasticsearch built-in security features are not enabled. Without authentication, your cluster could be accessible to anyone. See https://www.elastic.co/guide/en/elasticsearch/reference/7.16/security-minimal-setup.html to enable security."],[299 Elasticsearch-7.16.1-5b38441b16b1ebb16a27c107a4c3865776e20c53 "[ignore_throttled] parameter is deprecated because frozen indices have been deprecated. Consider cold or frozen tiers in place of frozen indices."]
2023-08-04 12:56:08,380 INFO  [com.dot.ContainerResource] (docker-java-stream-824381349) STDOUT: 12:56:08.379  WARN  client.RestClient - request [POST http://elasticsearch:9200/cluster_51b0cac1ff.live_20230804125536/_search?typed_keys=true&max_concurrent_shard_requests=5&ignore_unavailable=false&expand_wildcards=open&allow_no_indices=true&ignore_throttled=true&search_type=query_then_fetch&batched_reduce_size=512&ccs_minimize_roundtrips=true] returned 2 warnings: [299 Elasticsearch-7.16.1-5b38441b16b1ebb16a27c107a4c3865776e20c53 "Elasticsearch built-in security features are not enabled. Without authentication, your cluster could be accessible to anyone. See https://www.elastic.co/guide/en/elasticsearch/reference/7.16/security-minimal-setup.html to enable security."],[299 Elasticsearch-7.16.1-5b38441b16b1ebb16a27c107a4c3865776e20c53 "[ignore_throttled] parameter is deprecated because frozen indices have been deprecated. Consider cold or frozen tiers in place of frozen indices."]
2023-08-04 12:56:08,383 INFO  [com.dot.ContainerResource] (docker-java-stream-824381349) STDOUT: 12:56:08.383  WARN  client.RestClient - request [POST http://elasticsearch:9200/cluster_51b0cac1ff.live_20230804125536/_search?typed_keys=true&max_concurrent_shard_requests=5&ignore_unavailable=false&expand_wildcards=open&allow_no_indices=true&ignore_throttled=true&search_type=query_then_fetch&batched_reduce_size=512&ccs_minimize_roundtrips=true] returned 2 warnings: [299 Elasticsearch-7.16.1-5b38441b16b1ebb16a27c107a4c3865776e20c53 "Elasticsearch built-in security features are not enabled. Without authentication, your cluster could be accessible to anyone. See https://www.elastic.co/guide/en/elasticsearch/reference/7.16/security-minimal-setup.html to enable security."],[299 Elasticsearch-7.16.1-5b38441b16b1ebb16a27c107a4c3865776e20c53 "[ignore_throttled] parameter is deprecated because frozen indices have been deprecated. Consider cold or frozen tiers in place of frozen indices."]
2023-08-04 12:56:08,386 INFO  [com.dot.ContainerResource] (docker-java-stream-824381349) STDOUT: 12:56:08.386  WARN  client.RestClient - request [POST http://elasticsearch:9200/cluster_51b0cac1ff.live_20230804125536/_search?typed_keys=true&max_concurrent_shard_requests=5&ignore_unavailable=false&expand_wildcards=open&allow_no_indices=true&ignore_throttled=true&search_type=query_then_fetch&batched_reduce_size=512&ccs_minimize_roundtrips=true] returned 2 warnings: [299 Elasticsearch-7.16.1-5b38441b16b1ebb16a27c107a4c3865776e20c53 "Elasticsearch built-in security features are not enabled. Without authentication, your cluster could be accessible to anyone. See https://www.elastic.co/guide/en/elasticsearch/reference/7.16/security-minimal-setup.html to enable security."],[299 Elasticsearch-7.16.1-5b38441b16b1ebb16a27c107a4c3865776e20c53 "[ignore_throttled] parameter is deprecated because frozen indices have been deprecated. Consider cold or frozen tiers in place of frozen indices."]
2023-08-04 12:56:08,389 INFO  [com.dot.ContainerResource] (docker-java-stream-824381349) STDOUT: 12:56:08.388  WARN  client.RestClient - request [POST http://elasticsearch:9200/cluster_51b0cac1ff.live_20230804125536/_search?typed_keys=true&max_concurrent_shard_requests=5&ignore_unavailable=false&expand_wildcards=open&allow_no_indices=true&ignore_throttled=true&search_type=query_then_fetch&batched_reduce_size=512&ccs_minimize_roundtrips=true] returned 2 warnings: [299 Elasticsearch-7.16.1-5b38441b16b1ebb16a27c107a4c3865776e20c53 "Elasticsearch built-in security features are not enabled. Without authentication, your cluster could be accessible to anyone. See https://www.elastic.co/guide/en/elasticsearch/reference/7.16/security-minimal-setup.html to enable security."],[299 Elasticsearch-7.16.1-5b38441b16b1ebb16a27c107a4c3865776e20c53 "[ignore_throttled] parameter is deprecated because frozen indices have been deprecated. Consider cold or frozen tiers in place of frozen indices."]
2023-08-04 12:56:08,392 INFO  [com.dot.ContainerResource] (docker-java-stream-824381349) STDOUT: 12:56:08.392  WARN  client.RestClient - request [POST http://elasticsearch:9200/cluster_51b0cac1ff.live_20230804125536/_search?typed_keys=true&max_concurrent_shard_requests=5&ignore_unavailable=false&expand_wildcards=open&allow_no_indices=true&ignore_throttled=true&search_type=query_then_fetch&batched_reduce_size=512&ccs_minimize_roundtrips=true] returned 2 warnings: [299 Elasticsearch-7.16.1-5b38441b16b1ebb16a27c107a4c3865776e20c53 "Elasticsearch built-in security features are not enabled. Without authentication, your cluster could be accessible to anyone. See https://www.elastic.co/guide/en/elasticsearch/reference/7.16/security-minimal-setup.html to enable security."],[299 Elasticsearch-7.16.1-5b38441b16b1ebb16a27c107a4c3865776e20c53 "[ignore_throttled] parameter is deprecated because frozen indices have been deprecated. Consider cold or frozen tiers in place of frozen indices."]
2023-08-04 12:56:08,394 INFO  [com.dot.ContainerResource] (docker-java-stream-824381349) STDOUT: 12:56:08.394  WARN  client.RestClient - request [POST http://elasticsearch:9200/cluster_51b0cac1ff.live_20230804125536/_search?typed_keys=true&max_concurrent_shard_requests=5&ignore_unavailable=false&expand_wildcards=open&allow_no_indices=true&ignore_throttled=true&search_type=query_then_fetch&batched_reduce_size=512&ccs_minimize_roundtrips=true] returned 2 warnings: [299 Elasticsearch-7.16.1-5b38441b16b1ebb16a27c107a4c3865776e20c53 "Elasticsearch built-in security features are not enabled. Without authentication, your cluster could be accessible to anyone. See https://www.elastic.co/guide/en/elasticsearch/reference/7.16/security-minimal-setup.html to enable security."],[299 Elasticsearch-7.16.1-5b38441b16b1ebb16a27c107a4c3865776e20c53 "[ignore_throttled] parameter is deprecated because frozen indices have been deprecated. Consider cold or frozen tiers in place of frozen indices."]
2023-08-04 12:56:08,405 INFO  [com.dot.ContainerResource] (docker-java-stream-824381349) STDOUT: 12:56:08.404  WARN  client.RestClient - request [POST http://elasticsearch:9200/cluster_51b0cac1ff.live_20230804125536/_search?typed_keys=true&max_concurrent_shard_requests=5&ignore_unavailable=false&expand_wildcards=open&allow_no_indices=true&ignore_throttled=true&search_type=query_then_fetch&batched_reduce_size=512&ccs_minimize_roundtrips=true] returned 2 warnings: [299 Elasticsearch-7.16.1-5b38441b16b1ebb16a27c107a4c3865776e20c53 "Elasticsearch built-in security features are not enabled. Without authentication, your cluster could be accessible to anyone. See https://www.elastic.co/guide/en/elasticsearch/reference/7.16/security-minimal-setup.html to enable security."],[299 Elasticsearch-7.16.1-5b38441b16b1ebb16a27c107a4c3865776e20c53 "[ignore_throttled] parameter is deprecated because frozen indices have been deprecated. Consider cold or frozen tiers in place of frozen indices."]
2023-08-04 12:56:08,409 INFO  [com.dot.ContainerResource] (docker-java-stream-824381349) STDOUT: 12:56:08.409  WARN  client.RestClient - request [POST http://elasticsearch:9200/cluster_51b0cac1ff.live_20230804125536/_search?typed_keys=true&max_concurrent_shard_requests=5&ignore_unavailable=false&expand_wildcards=open&allow_no_indices=true&ignore_throttled=true&search_type=query_then_fetch&batched_reduce_size=512&ccs_minimize_roundtrips=true] returned 2 warnings: [299 Elasticsearch-7.16.1-5b38441b16b1ebb16a27c107a4c3865776e20c53 "Elasticsearch built-in security features are not enabled. Without authentication, your cluster could be accessible to anyone. See https://www.elastic.co/guide/en/elasticsearch/reference/7.16/security-minimal-setup.html to enable security."],[299 Elasticsearch-7.16.1-5b38441b16b1ebb16a27c107a4c3865776e20c53 "[ignore_throttled] parameter is deprecated because frozen indices have been deprecated. Consider cold or frozen tiers in place of frozen indices."]
2023-08-04 12:56:08,415 INFO  [com.dot.ContainerResource] (docker-java-stream-824381349) STDOUT: 12:56:08.414  WARN  client.RestClient - request [POST http://elasticsearch:9200/cluster_51b0cac1ff.live_20230804125536/_search?typed_keys=true&max_concurrent_shard_requests=5&ignore_unavailable=false&expand_wildcards=open&allow_no_indices=true&ignore_throttled=true&search_type=query_then_fetch&batched_reduce_size=512&ccs_minimize_roundtrips=true] returned 2 warnings: [299 Elasticsearch-7.16.1-5b38441b16b1ebb16a27c107a4c3865776e20c53 "Elasticsearch built-in security features are not enabled. Without authentication, your cluster could be accessible to anyone. See https://www.elastic.co/guide/en/elasticsearch/reference/7.16/security-minimal-setup.html to enable security."],[299 Elasticsearch-7.16.1-5b38441b16b1ebb16a27c107a4c3865776e20c53 "[ignore_throttled] parameter is deprecated because frozen indices have been deprecated. Consider cold or frozen tiers in place of frozen indices."]
2023-08-04 12:56:08,418 INFO  [com.dot.ContainerResource] (docker-java-stream-824381349) STDOUT: 12:56:08.418  WARN  client.RestClient - request [POST http://elasticsearch:9200/cluster_51b0cac1ff.live_20230804125536/_search?typed_keys=true&max_concurrent_shard_requests=5&ignore_unavailable=false&expand_wildcards=open&allow_no_indices=true&ignore_throttled=true&search_type=query_then_fetch&batched_reduce_size=512&ccs_minimize_roundtrips=true] returned 2 warnings: [299 Elasticsearch-7.16.1-5b38441b16b1ebb16a27c107a4c3865776e20c53 "Elasticsearch built-in security features are not enabled. Without authentication, your cluster could be accessible to anyone. See https://www.elastic.co/guide/en/elasticsearch/reference/7.16/security-minimal-setup.html to enable security."],[299 Elasticsearch-7.16.1-5b38441b16b1ebb16a27c107a4c3865776e20c53 "[ignore_throttled] parameter is deprecated because frozen indices have been deprecated. Consider cold or frozen tiers in place of frozen indices."]
2023-08-04 12:56:08,426 INFO  [com.dot.ContainerResource] (docker-java-stream-824381349) STDOUT: 12:56:08.425  WARN  client.RestClient - request [POST http://elasticsearch:9200/cluster_51b0cac1ff.live_20230804125536/_search?typed_keys=true&max_concurrent_shard_requests=5&ignore_unavailable=false&expand_wildcards=open&allow_no_indices=true&ignore_throttled=true&search_type=query_then_fetch&batched_reduce_size=512&ccs_minimize_roundtrips=true] returned 2 warnings: [299 Elasticsearch-7.16.1-5b38441b16b1ebb16a27c107a4c3865776e20c53 "Elasticsearch built-in security features are not enabled. Without authentication, your cluster could be accessible to anyone. See https://www.elastic.co/guide/en/elasticsearch/reference/7.16/security-minimal-setup.html to enable security."],[299 Elasticsearch-7.16.1-5b38441b16b1ebb16a27c107a4c3865776e20c53 "[ignore_throttled] parameter is deprecated because frozen indices have been deprecated. Consider cold or frozen tiers in place of frozen indices."]
2023-08-04 12:56:08,433 INFO  [com.dot.ContainerResource] (docker-java-stream-824381349) STDOUT: 12:56:08.432  WARN  client.RestClient - request [POST http://elasticsearch:9200/cluster_51b0cac1ff.live_20230804125536/_search?typed_keys=true&max_concurrent_shard_requests=5&ignore_unavailable=false&expand_wildcards=open&allow_no_indices=true&ignore_throttled=true&search_type=query_then_fetch&batched_reduce_size=512&ccs_minimize_roundtrips=true] returned 2 warnings: [299 Elasticsearch-7.16.1-5b38441b16b1ebb16a27c107a4c3865776e20c53 "Elasticsearch built-in security features are not enabled. Without authentication, your cluster could be accessible to anyone. See https://www.elastic.co/guide/en/elasticsearch/reference/7.16/security-minimal-setup.html to enable security."],[299 Elasticsearch-7.16.1-5b38441b16b1ebb16a27c107a4c3865776e20c53 "[ignore_throttled] parameter is deprecated because frozen indices have been deprecated. Consider cold or frozen tiers in place of frozen indices."]
2023-08-04 12:56:08,436 INFO  [com.dot.ContainerResource] (docker-java-stream-824381349) STDOUT: 12:56:08.435  WARN  client.RestClient - request [POST http://elasticsearch:9200/cluster_51b0cac1ff.live_20230804125536/_search?typed_keys=true&max_concurrent_shard_requests=5&ignore_unavailable=false&expand_wildcards=open&allow_no_indices=true&ignore_throttled=true&search_type=query_then_fetch&batched_reduce_size=512&ccs_minimize_roundtrips=true] returned 2 warnings: [299 Elasticsearch-7.16.1-5b38441b16b1ebb16a27c107a4c3865776e20c53 "Elasticsearch built-in security features are not enabled. Without authentication, your cluster could be accessible to anyone. See https://www.elastic.co/guide/en/elasticsearch/reference/7.16/security-minimal-setup.html to enable security."],[299 Elasticsearch-7.16.1-5b38441b16b1ebb16a27c107a4c3865776e20c53 "[ignore_throttled] parameter is deprecated because frozen indices have been deprecated. Consider cold or frozen tiers in place of frozen indices."]
2023-08-04 12:56:08,445 INFO  [com.dot.ContainerResource] (docker-java-stream-824381349) STDOUT: 12:56:08.444  WARN  client.RestClient - request [POST http://elasticsearch:9200/cluster_51b0cac1ff.live_20230804125536/_search?typed_keys=true&max_concurrent_shard_requests=5&ignore_unavailable=false&expand_wildcards=open&allow_no_indices=true&ignore_throttled=true&search_type=query_then_fetch&batched_reduce_size=512&ccs_minimize_roundtrips=true] returned 2 warnings: [299 Elasticsearch-7.16.1-5b38441b16b1ebb16a27c107a4c3865776e20c53 "Elasticsearch built-in security features are not enabled. Without authentication, your cluster could be accessible to anyone. See https://www.elastic.co/guide/en/elasticsearch/reference/7.16/security-minimal-setup.html to enable security."],[299 Elasticsearch-7.16.1-5b38441b16b1ebb16a27c107a4c3865776e20c53 "[ignore_throttled] parameter is deprecated because frozen indices have been deprecated. Consider cold or frozen tiers in place of frozen indices."]
2023-08-04 12:56:08,452 INFO  [com.dot.ContainerResource] (docker-java-stream-824381349) STDOUT: 12:56:08.452  WARN  client.RestClient - request [POST http://elasticsearch:9200/cluster_51b0cac1ff.live_20230804125536/_search?typed_keys=true&max_concurrent_shard_requests=5&ignore_unavailable=false&expand_wildcards=open&allow_no_indices=true&ignore_throttled=true&search_type=query_then_fetch&batched_reduce_size=512&ccs_minimize_roundtrips=true] returned 2 warnings: [299 Elasticsearch-7.16.1-5b38441b16b1ebb16a27c107a4c3865776e20c53 "Elasticsearch built-in security features are not enabled. Without authentication, your cluster could be accessible to anyone. See https://www.elastic.co/guide/en/elasticsearch/reference/7.16/security-minimal-setup.html to enable security."],[299 Elasticsearch-7.16.1-5b38441b16b1ebb16a27c107a4c3865776e20c53 "[ignore_throttled] parameter is deprecated because frozen indices have been deprecated. Consider cold or frozen tiers in place of frozen indices."]
2023-08-04 12:56:08,456 INFO  [com.dot.ContainerResource] (docker-java-stream-824381349) STDOUT: 12:56:08.455  WARN  client.RestClient - request [POST http://elasticsearch:9200/cluster_51b0cac1ff.live_20230804125536/_search?typed_keys=true&max_concurrent_shard_requests=5&ignore_unavailable=false&expand_wildcards=open&allow_no_indices=true&ignore_throttled=true&search_type=query_then_fetch&batched_reduce_size=512&ccs_minimize_roundtrips=true] returned 2 warnings: [299 Elasticsearch-7.16.1-5b38441b16b1ebb16a27c107a4c3865776e20c53 "Elasticsearch built-in security features are not enabled. Without authentication, your cluster could be accessible to anyone. See https://www.elastic.co/guide/en/elasticsearch/reference/7.16/security-minimal-setup.html to enable security."],[299 Elasticsearch-7.16.1-5b38441b16b1ebb16a27c107a4c3865776e20c53 "[ignore_throttled] parameter is deprecated because frozen indices have been deprecated. Consider cold or frozen tiers in place of frozen indices."]
2023-08-04 12:56:08,460 INFO  [com.dot.ContainerResource] (docker-java-stream-824381349) STDOUT: 12:56:08.459  WARN  client.RestClient - request [POST http://elasticsearch:9200/cluster_51b0cac1ff.live_20230804125536/_search?typed_keys=true&max_concurrent_shard_requests=5&ignore_unavailable=false&expand_wildcards=open&allow_no_indices=true&ignore_throttled=true&search_type=query_then_fetch&batched_reduce_size=512&ccs_minimize_roundtrips=true] returned 2 warnings: [299 Elasticsearch-7.16.1-5b38441b16b1ebb16a27c107a4c3865776e20c53 "Elasticsearch built-in security features are not enabled. Without authentication, your cluster could be accessible to anyone. See https://www.elastic.co/guide/en/elasticsearch/reference/7.16/security-minimal-setup.html to enable security."],[299 Elasticsearch-7.16.1-5b38441b16b1ebb16a27c107a4c3865776e20c53 "[ignore_throttled] parameter is deprecated because frozen indices have been deprecated. Consider cold or frozen tiers in place of frozen indices."]
2023-08-04 12:56:08,466 INFO  [com.dot.ContainerResource] (docker-java-stream-824381349) STDOUT: 12:56:08.466  WARN  client.RestClient - request [POST http://elasticsearch:9200/cluster_51b0cac1ff.live_20230804125536/_search?typed_keys=true&max_concurrent_shard_requests=5&ignore_unavailable=false&expand_wildcards=open&allow_no_indices=true&ignore_throttled=true&search_type=query_then_fetch&batched_reduce_size=512&ccs_minimize_roundtrips=true] returned 2 warnings: [299 Elasticsearch-7.16.1-5b38441b16b1ebb16a27c107a4c3865776e20c53 "Elasticsearch built-in security features are not enabled. Without authentication, your cluster could be accessible to anyone. See https://www.elastic.co/guide/en/elasticsearch/reference/7.16/security-minimal-setup.html to enable security."],[299 Elasticsearch-7.16.1-5b38441b16b1ebb16a27c107a4c3865776e20c53 "[ignore_throttled] parameter is deprecated because frozen indices have been deprecated. Consider cold or frozen tiers in place of frozen indices."]
2023-08-04 12:56:08,472 INFO  [com.dot.ContainerResource] (docker-java-stream-824381349) STDOUT: 12:56:08.472  WARN  client.RestClient - request [POST http://elasticsearch:9200/cluster_51b0cac1ff.live_20230804125536/_search?typed_keys=true&max_concurrent_shard_requests=5&ignore_unavailable=false&expand_wildcards=open&allow_no_indices=true&ignore_throttled=true&search_type=query_then_fetch&batched_reduce_size=512&ccs_minimize_roundtrips=true] returned 2 warnings: [299 Elasticsearch-7.16.1-5b38441b16b1ebb16a27c107a4c3865776e20c53 "Elasticsearch built-in security features are not enabled. Without authentication, your cluster could be accessible to anyone. See https://www.elastic.co/guide/en/elasticsearch/reference/7.16/security-minimal-setup.html to enable security."],[299 Elasticsearch-7.16.1-5b38441b16b1ebb16a27c107a4c3865776e20c53 "[ignore_throttled] parameter is deprecated because frozen indices have been deprecated. Consider cold or frozen tiers in place of frozen indices."]
2023-08-04 12:56:08,476 INFO  [com.dot.ContainerResource] (docker-java-stream-824381349) STDOUT: 12:56:08.476  WARN  client.RestClient - request [POST http://elasticsearch:9200/cluster_51b0cac1ff.live_20230804125536/_search?typed_keys=true&max_concurrent_shard_requests=5&ignore_unavailable=false&expand_wildcards=open&allow_no_indices=true&ignore_throttled=true&search_type=query_then_fetch&batched_reduce_size=512&ccs_minimize_roundtrips=true] returned 2 warnings: [299 Elasticsearch-7.16.1-5b38441b16b1ebb16a27c107a4c3865776e20c53 "Elasticsearch built-in security features are not enabled. Without authentication, your cluster could be accessible to anyone. See https://www.elastic.co/guide/en/elasticsearch/reference/7.16/security-minimal-setup.html to enable security."],[299 Elasticsearch-7.16.1-5b38441b16b1ebb16a27c107a4c3865776e20c53 "[ignore_throttled] parameter is deprecated because frozen indices have been deprecated. Consider cold or frozen tiers in place of frozen indices."]
2023-08-04 12:56:08,488 INFO  [com.dot.ContainerResource] (docker-java-stream-824381349) STDOUT: 12:56:08.484  WARN  client.RestClient - request [POST http://elasticsearch:9200/cluster_51b0cac1ff.live_20230804125536/_search?typed_keys=true&max_concurrent_shard_requests=5&ignore_unavailable=false&expand_wildcards=open&allow_no_indices=true&ignore_throttled=true&search_type=query_then_fetch&batched_reduce_size=512&ccs_minimize_roundtrips=true] returned 2 warnings: [299 Elasticsearch-7.16.1-5b38441b16b1ebb16a27c107a4c3865776e20c53 "Elasticsearch built-in security features are not enabled. Without authentication, your cluster could be accessible to anyone. See https://www.elastic.co/guide/en/elasticsearch/reference/7.16/security-minimal-setup.html to enable security."],[299 Elasticsearch-7.16.1-5b38441b16b1ebb16a27c107a4c3865776e20c53 "[ignore_throttled] parameter is deprecated because frozen indices have been deprecated. Consider cold or frozen tiers in place of frozen indices."]
2023-08-04 12:56:08,506 INFO  [com.dot.ContainerResource] (docker-java-stream-824381349) STDOUT: 12:56:08.504  WARN  client.RestClient - request [POST http://elasticsearch:9200/cluster_51b0cac1ff.live_20230804125536/_search?typed_keys=true&max_concurrent_shard_requests=5&ignore_unavailable=false&expand_wildcards=open&allow_no_indices=true&ignore_throttled=true&search_type=query_then_fetch&batched_reduce_size=512&ccs_minimize_roundtrips=true] returned 2 warnings: [299 Elasticsearch-7.16.1-5b38441b16b1ebb16a27c107a4c3865776e20c53 "Elasticsearch built-in security features are not enabled. Without authentication, your cluster could be accessible to anyone. See https://www.elastic.co/guide/en/elasticsearch/reference/7.16/security-minimal-setup.html to enable security."],[299 Elasticsearch-7.16.1-5b38441b16b1ebb16a27c107a4c3865776e20c53 "[ignore_throttled] parameter is deprecated because frozen indices have been deprecated. Consider cold or frozen tiers in place of frozen indices."]
2023-08-04 12:56:08,512 INFO  [com.dot.ContainerResource] (docker-java-stream-824381349) STDOUT: 12:56:08.510  WARN  client.RestClient - request [POST http://elasticsearch:9200/cluster_51b0cac1ff.live_20230804125536/_search?typed_keys=true&max_concurrent_shard_requests=5&ignore_unavailable=false&expand_wildcards=open&allow_no_indices=true&ignore_throttled=true&search_type=query_then_fetch&batched_reduce_size=512&ccs_minimize_roundtrips=true] returned 2 warnings: [299 Elasticsearch-7.16.1-5b38441b16b1ebb16a27c107a4c3865776e20c53 "Elasticsearch built-in security features are not enabled. Without authentication, your cluster could be accessible to anyone. See https://www.elastic.co/guide/en/elasticsearch/reference/7.16/security-minimal-setup.html to enable security."],[299 Elasticsearch-7.16.1-5b38441b16b1ebb16a27c107a4c3865776e20c53 "[ignore_throttled] parameter is deprecated because frozen indices have been deprecated. Consider cold or frozen tiers in place of frozen indices."]
2023-08-04 12:56:08,516 INFO  [com.dot.ContainerResource] (docker-java-stream-824381349) STDOUT: 12:56:08.515  WARN  client.RestClient - request [POST http://elasticsearch:9200/cluster_51b0cac1ff.live_20230804125536/_search?typed_keys=true&max_concurrent_shard_requests=5&ignore_unavailable=false&expand_wildcards=open&allow_no_indices=true&ignore_throttled=true&search_type=query_then_fetch&batched_reduce_size=512&ccs_minimize_roundtrips=true] returned 2 warnings: [299 Elasticsearch-7.16.1-5b38441b16b1ebb16a27c107a4c3865776e20c53 "Elasticsearch built-in security features are not enabled. Without authentication, your cluster could be accessible to anyone. See https://www.elastic.co/guide/en/elasticsearch/reference/7.16/security-minimal-setup.html to enable security."],[299 Elasticsearch-7.16.1-5b38441b16b1ebb16a27c107a4c3865776e20c53 "[ignore_throttled] parameter is deprecated because frozen indices have been deprecated. Consider cold or frozen tiers in place of frozen indices."]
2023-08-04 12:56:08,525 INFO  [com.dot.ContainerResource] (docker-java-stream-824381349) STDOUT: 12:56:08.523  WARN  client.RestClient - request [POST http://elasticsearch:9200/cluster_51b0cac1ff.live_20230804125536/_search?typed_keys=true&max_concurrent_shard_requests=5&ignore_unavailable=false&expand_wildcards=open&allow_no_indices=true&ignore_throttled=true&search_type=query_then_fetch&batched_reduce_size=512&ccs_minimize_roundtrips=true] returned 2 warnings: [299 Elasticsearch-7.16.1-5b38441b16b1ebb16a27c107a4c3865776e20c53 "Elasticsearch built-in security features are not enabled. Without authentication, your cluster could be accessible to anyone. See https://www.elastic.co/guide/en/elasticsearch/reference/7.16/security-minimal-setup.html to enable security."],[299 Elasticsearch-7.16.1-5b38441b16b1ebb16a27c107a4c3865776e20c53 "[ignore_throttled] parameter is deprecated because frozen indices have been deprecated. Consider cold or frozen tiers in place of frozen indices."]
2023-08-04 12:56:08,530 INFO  [com.dot.ContainerResource] (docker-java-stream-824381349) STDOUT: 12:56:08.528  WARN  client.RestClient - request [POST http://elasticsearch:9200/cluster_51b0cac1ff.live_20230804125536/_search?typed_keys=true&max_concurrent_shard_requests=5&ignore_unavailable=false&expand_wildcards=open&allow_no_indices=true&ignore_throttled=true&search_type=query_then_fetch&batched_reduce_size=512&ccs_minimize_roundtrips=true] returned 2 warnings: [299 Elasticsearch-7.16.1-5b38441b16b1ebb16a27c107a4c3865776e20c53 "Elasticsearch built-in security features are not enabled. Without authentication, your cluster could be accessible to anyone. See https://www.elastic.co/guide/en/elasticsearch/reference/7.16/security-minimal-setup.html to enable security."],[299 Elasticsearch-7.16.1-5b38441b16b1ebb16a27c107a4c3865776e20c53 "[ignore_throttled] parameter is deprecated because frozen indices have been deprecated. Consider cold or frozen tiers in place of frozen indices."]
2023-08-04 12:56:08,532 INFO  [com.dot.ContainerResource] (docker-java-stream-824381349) STDOUT: 12:56:08.531  WARN  client.RestClient - request [POST http://elasticsearch:9200/cluster_51b0cac1ff.live_20230804125536/_search?typed_keys=true&max_concurrent_shard_requests=5&ignore_unavailable=false&expand_wildcards=open&allow_no_indices=true&ignore_throttled=true&search_type=query_then_fetch&batched_reduce_size=512&ccs_minimize_roundtrips=true] returned 2 warnings: [299 Elasticsearch-7.16.1-5b38441b16b1ebb16a27c107a4c3865776e20c53 "Elasticsearch built-in security features are not enabled. Without authentication, your cluster could be accessible to anyone. See https://www.elastic.co/guide/en/elasticsearch/reference/7.16/security-minimal-setup.html to enable security."],[299 Elasticsearch-7.16.1-5b38441b16b1ebb16a27c107a4c3865776e20c53 "[ignore_throttled] parameter is deprecated because frozen indices have been deprecated. Consider cold or frozen tiers in place of frozen indices."]
2023-08-04 12:56:08,626 INFO  [com.dot.ContainerResource] (docker-java-stream-824381349) STDOUT: 12:56:08.626  WARN  client.RestClient - request [POST http://elasticsearch:9200/cluster_51b0cac1ff.live_20230804125536/_search?typed_keys=true&max_concurrent_shard_requests=5&ignore_unavailable=false&expand_wildcards=open&allow_no_indices=true&ignore_throttled=true&search_type=query_then_fetch&batched_reduce_size=512&ccs_minimize_roundtrips=true] returned 2 warnings: [299 Elasticsearch-7.16.1-5b38441b16b1ebb16a27c107a4c3865776e20c53 "Elasticsearch built-in security features are not enabled. Without authentication, your cluster could be accessible to anyone. See https://www.elastic.co/guide/en/elasticsearch/reference/7.16/security-minimal-setup.html to enable security."],[299 Elasticsearch-7.16.1-5b38441b16b1ebb16a27c107a4c3865776e20c53 "[ignore_throttled] parameter is deprecated because frozen indices have been deprecated. Consider cold or frozen tiers in place of frozen indices."]
2023-08-04 12:56:08,637 INFO  [com.dot.ContainerResource] (docker-java-stream-824381349) STDOUT: 12:56:08.634  WARN  client.RestClient - request [POST http://elasticsearch:9200/cluster_51b0cac1ff.live_20230804125536/_search?typed_keys=true&max_concurrent_shard_requests=5&ignore_unavailable=false&expand_wildcards=open&allow_no_indices=true&ignore_throttled=true&search_type=query_then_fetch&batched_reduce_size=512&ccs_minimize_roundtrips=true] returned 2 warnings: [299 Elasticsearch-7.16.1-5b38441b16b1ebb16a27c107a4c3865776e20c53 "Elasticsearch built-in security features are not enabled. Without authentication, your cluster could be accessible to anyone. See https://www.elastic.co/guide/en/elasticsearch/reference/7.16/security-minimal-setup.html to enable security."],[299 Elasticsearch-7.16.1-5b38441b16b1ebb16a27c107a4c3865776e20c53 "[ignore_throttled] parameter is deprecated because frozen indices have been deprecated. Consider cold or frozen tiers in place of frozen indices."]
2023-08-04 12:56:08,639 INFO  [com.dot.ContainerResource] (docker-java-stream-824381349) STDOUT: 12:56:08.639  WARN  client.RestClient - request [POST http://elasticsearch:9200/cluster_51b0cac1ff.live_20230804125536/_search?typed_keys=true&max_concurrent_shard_requests=5&ignore_unavailable=false&expand_wildcards=open&allow_no_indices=true&ignore_throttled=true&search_type=query_then_fetch&batched_reduce_size=512&ccs_minimize_roundtrips=true] returned 2 warnings: [299 Elasticsearch-7.16.1-5b38441b16b1ebb16a27c107a4c3865776e20c53 "Elasticsearch built-in security features are not enabled. Without authentication, your cluster could be accessible to anyone. See https://www.elastic.co/guide/en/elasticsearch/reference/7.16/security-minimal-setup.html to enable security."],[299 Elasticsearch-7.16.1-5b38441b16b1ebb16a27c107a4c3865776e20c53 "[ignore_throttled] parameter is deprecated because frozen indices have been deprecated. Consider cold or frozen tiers in place of frozen indices."]
2023-08-04 12:56:08,643 INFO  [com.dot.ContainerResource] (docker-java-stream-824381349) STDOUT: 12:56:08.642  WARN  client.RestClient - request [POST http://elasticsearch:9200/cluster_51b0cac1ff.live_20230804125536/_search?typed_keys=true&max_concurrent_shard_requests=5&ignore_unavailable=false&expand_wildcards=open&allow_no_indices=true&ignore_throttled=true&search_type=query_then_fetch&batched_reduce_size=512&ccs_minimize_roundtrips=true] returned 2 warnings: [299 Elasticsearch-7.16.1-5b38441b16b1ebb16a27c107a4c3865776e20c53 "Elasticsearch built-in security features are not enabled. Without authentication, your cluster could be accessible to anyone. See https://www.elastic.co/guide/en/elasticsearch/reference/7.16/security-minimal-setup.html to enable security."],[299 Elasticsearch-7.16.1-5b38441b16b1ebb16a27c107a4c3865776e20c53 "[ignore_throttled] parameter is deprecated because frozen indices have been deprecated. Consider cold or frozen tiers in place of frozen indices."]
2023-08-04 12:56:08,647 INFO  [com.dot.ContainerResource] (docker-java-stream-824381349) STDOUT: 12:56:08.646  WARN  client.RestClient - request [POST http://elasticsearch:9200/cluster_51b0cac1ff.live_20230804125536/_search?typed_keys=true&max_concurrent_shard_requests=5&ignore_unavailable=false&expand_wildcards=open&allow_no_indices=true&ignore_throttled=true&search_type=query_then_fetch&batched_reduce_size=512&ccs_minimize_roundtrips=true] returned 2 warnings: [299 Elasticsearch-7.16.1-5b38441b16b1ebb16a27c107a4c3865776e20c53 "Elasticsearch built-in security features are not enabled. Without authentication, your cluster could be accessible to anyone. See https://www.elastic.co/guide/en/elasticsearch/reference/7.16/security-minimal-setup.html to enable security."],[299 Elasticsearch-7.16.1-5b38441b16b1ebb16a27c107a4c3865776e20c53 "[ignore_throttled] parameter is deprecated because frozen indices have been deprecated. Consider cold or frozen tiers in place of frozen indices."]
2023-08-04 12:56:08,650 INFO  [com.dot.ContainerResource] (docker-java-stream-824381349) STDOUT: 12:56:08.650  WARN  client.RestClient - request [POST http://elasticsearch:9200/cluster_51b0cac1ff.live_20230804125536/_search?typed_keys=true&max_concurrent_shard_requests=5&ignore_unavailable=false&expand_wildcards=open&allow_no_indices=true&ignore_throttled=true&search_type=query_then_fetch&batched_reduce_size=512&ccs_minimize_roundtrips=true] returned 2 warnings: [299 Elasticsearch-7.16.1-5b38441b16b1ebb16a27c107a4c3865776e20c53 "Elasticsearch built-in security features are not enabled. Without authentication, your cluster could be accessible to anyone. See https://www.elastic.co/guide/en/elasticsearch/reference/7.16/security-minimal-setup.html to enable security."],[299 Elasticsearch-7.16.1-5b38441b16b1ebb16a27c107a4c3865776e20c53 "[ignore_throttled] parameter is deprecated because frozen indices have been deprecated. Consider cold or frozen tiers in place of frozen indices."]
2023-08-04 12:56:08,656 INFO  [com.dot.ContainerResource] (docker-java-stream-824381349) STDOUT: 12:56:08.656  WARN  client.RestClient - request [POST http://elasticsearch:9200/cluster_51b0cac1ff.live_20230804125536/_search?typed_keys=true&max_concurrent_shard_requests=5&ignore_unavailable=false&expand_wildcards=open&allow_no_indices=true&ignore_throttled=true&search_type=query_then_fetch&batched_reduce_size=512&ccs_minimize_roundtrips=true] returned 2 warnings: [299 Elasticsearch-7.16.1-5b38441b16b1ebb16a27c107a4c3865776e20c53 "Elasticsearch built-in security features are not enabled. Without authentication, your cluster could be accessible to anyone. See https://www.elastic.co/guide/en/elasticsearch/reference/7.16/security-minimal-setup.html to enable security."],[299 Elasticsearch-7.16.1-5b38441b16b1ebb16a27c107a4c3865776e20c53 "[ignore_throttled] parameter is deprecated because frozen indices have been deprecated. Consider cold or frozen tiers in place of frozen indices."]
2023-08-04 12:56:08,660 INFO  [com.dot.ContainerResource] (docker-java-stream-824381349) STDOUT: 12:56:08.659  WARN  client.RestClient - request [POST http://elasticsearch:9200/cluster_51b0cac1ff.live_20230804125536/_search?typed_keys=true&max_concurrent_shard_requests=5&ignore_unavailable=false&expand_wildcards=open&allow_no_indices=true&ignore_throttled=true&search_type=query_then_fetch&batched_reduce_size=512&ccs_minimize_roundtrips=true] returned 2 warnings: [299 Elasticsearch-7.16.1-5b38441b16b1ebb16a27c107a4c3865776e20c53 "Elasticsearch built-in security features are not enabled. Without authentication, your cluster could be accessible to anyone. See https://www.elastic.co/guide/en/elasticsearch/reference/7.16/security-minimal-setup.html to enable security."],[299 Elasticsearch-7.16.1-5b38441b16b1ebb16a27c107a4c3865776e20c53 "[ignore_throttled] parameter is deprecated because frozen indices have been deprecated. Consider cold or frozen tiers in place of frozen indices."]
2023-08-04 12:56:08,664 INFO  [com.dot.ContainerResource] (docker-java-stream-824381349) STDOUT: 12:56:08.664  WARN  client.RestClient - request [POST http://elasticsearch:9200/cluster_51b0cac1ff.live_20230804125536/_search?typed_keys=true&max_concurrent_shard_requests=5&ignore_unavailable=false&expand_wildcards=open&allow_no_indices=true&ignore_throttled=true&search_type=query_then_fetch&batched_reduce_size=512&ccs_minimize_roundtrips=true] returned 2 warnings: [299 Elasticsearch-7.16.1-5b38441b16b1ebb16a27c107a4c3865776e20c53 "Elasticsearch built-in security features are not enabled. Without authentication, your cluster could be accessible to anyone. See https://www.elastic.co/guide/en/elasticsearch/reference/7.16/security-minimal-setup.html to enable security."],[299 Elasticsearch-7.16.1-5b38441b16b1ebb16a27c107a4c3865776e20c53 "[ignore_throttled] parameter is deprecated because frozen indices have been deprecated. Consider cold or frozen tiers in place of frozen indices."]
2023-08-04 12:56:08,669 INFO  [com.dot.ContainerResource] (docker-java-stream-824381349) STDOUT: 12:56:08.668  WARN  client.RestClient - request [POST http://elasticsearch:9200/cluster_51b0cac1ff.live_20230804125536/_search?typed_keys=true&max_concurrent_shard_requests=5&ignore_unavailable=false&expand_wildcards=open&allow_no_indices=true&ignore_throttled=true&search_type=query_then_fetch&batched_reduce_size=512&ccs_minimize_roundtrips=true] returned 2 warnings: [299 Elasticsearch-7.16.1-5b38441b16b1ebb16a27c107a4c3865776e20c53 "Elasticsearch built-in security features are not enabled. Without authentication, your cluster could be accessible to anyone. See https://www.elastic.co/guide/en/elasticsearch/reference/7.16/security-minimal-setup.html to enable security."],[299 Elasticsearch-7.16.1-5b38441b16b1ebb16a27c107a4c3865776e20c53 "[ignore_throttled] parameter is deprecated because frozen indices have been deprecated. Consider cold or frozen tiers in place of frozen indices."]
2023-08-04 12:56:08,672 INFO  [com.dot.ContainerResource] (docker-java-stream-824381349) STDOUT: 12:56:08.671  WARN  client.RestClient - request [POST http://elasticsearch:9200/cluster_51b0cac1ff.live_20230804125536/_search?typed_keys=true&max_concurrent_shard_requests=5&ignore_unavailable=false&expand_wildcards=open&allow_no_indices=true&ignore_throttled=true&search_type=query_then_fetch&batched_reduce_size=512&ccs_minimize_roundtrips=true] returned 2 warnings: [299 Elasticsearch-7.16.1-5b38441b16b1ebb16a27c107a4c3865776e20c53 "Elasticsearch built-in security features are not enabled. Without authentication, your cluster could be accessible to anyone. See https://www.elastic.co/guide/en/elasticsearch/reference/7.16/security-minimal-setup.html to enable security."],[299 Elasticsearch-7.16.1-5b38441b16b1ebb16a27c107a4c3865776e20c53 "[ignore_throttled] parameter is deprecated because frozen indices have been deprecated. Consider cold or frozen tiers in place of frozen indices."]
2023-08-04 12:56:08,677 INFO  [com.dot.ContainerResource] (docker-java-stream-824381349) STDOUT: 12:56:08.676  WARN  client.RestClient - request [POST http://elasticsearch:9200/cluster_51b0cac1ff.live_20230804125536/_search?typed_keys=true&max_concurrent_shard_requests=5&ignore_unavailable=false&expand_wildcards=open&allow_no_indices=true&ignore_throttled=true&search_type=query_then_fetch&batched_reduce_size=512&ccs_minimize_roundtrips=true] returned 2 warnings: [299 Elasticsearch-7.16.1-5b38441b16b1ebb16a27c107a4c3865776e20c53 "Elasticsearch built-in security features are not enabled. Without authentication, your cluster could be accessible to anyone. See https://www.elastic.co/guide/en/elasticsearch/reference/7.16/security-minimal-setup.html to enable security."],[299 Elasticsearch-7.16.1-5b38441b16b1ebb16a27c107a4c3865776e20c53 "[ignore_throttled] parameter is deprecated because frozen indices have been deprecated. Consider cold or frozen tiers in place of frozen indices."]
2023-08-04 12:56:08,681 INFO  [com.dot.ContainerResource] (docker-java-stream-824381349) STDOUT: 12:56:08.680  WARN  client.RestClient - request [POST http://elasticsearch:9200/cluster_51b0cac1ff.live_20230804125536/_search?typed_keys=true&max_concurrent_shard_requests=5&ignore_unavailable=false&expand_wildcards=open&allow_no_indices=true&ignore_throttled=true&search_type=query_then_fetch&batched_reduce_size=512&ccs_minimize_roundtrips=true] returned 2 warnings: [299 Elasticsearch-7.16.1-5b38441b16b1ebb16a27c107a4c3865776e20c53 "Elasticsearch built-in security features are not enabled. Without authentication, your cluster could be accessible to anyone. See https://www.elastic.co/guide/en/elasticsearch/reference/7.16/security-minimal-setup.html to enable security."],[299 Elasticsearch-7.16.1-5b38441b16b1ebb16a27c107a4c3865776e20c53 "[ignore_throttled] parameter is deprecated because frozen indices have been deprecated. Consider cold or frozen tiers in place of frozen indices."]
2023-08-04 12:56:08,684 INFO  [com.dot.ContainerResource] (docker-java-stream-824381349) STDOUT: 12:56:08.684  WARN  client.RestClient - request [POST http://elasticsearch:9200/cluster_51b0cac1ff.live_20230804125536/_search?typed_keys=true&max_concurrent_shard_requests=5&ignore_unavailable=false&expand_wildcards=open&allow_no_indices=true&ignore_throttled=true&search_type=query_then_fetch&batched_reduce_size=512&ccs_minimize_roundtrips=true] returned 2 warnings: [299 Elasticsearch-7.16.1-5b38441b16b1ebb16a27c107a4c3865776e20c53 "Elasticsearch built-in security features are not enabled. Without authentication, your cluster could be accessible to anyone. See https://www.elastic.co/guide/en/elasticsearch/reference/7.16/security-minimal-setup.html to enable security."],[299 Elasticsearch-7.16.1-5b38441b16b1ebb16a27c107a4c3865776e20c53 "[ignore_throttled] parameter is deprecated because frozen indices have been deprecated. Consider cold or frozen tiers in place of frozen indices."]
2023-08-04 12:56:08,687 INFO  [com.dot.ContainerResource] (docker-java-stream-824381349) STDOUT: 12:56:08.687  WARN  client.RestClient - request [POST http://elasticsearch:9200/cluster_51b0cac1ff.live_20230804125536/_search?typed_keys=true&max_concurrent_shard_requests=5&ignore_unavailable=false&expand_wildcards=open&allow_no_indices=true&ignore_throttled=true&search_type=query_then_fetch&batched_reduce_size=512&ccs_minimize_roundtrips=true] returned 2 warnings: [299 Elasticsearch-7.16.1-5b38441b16b1ebb16a27c107a4c3865776e20c53 "Elasticsearch built-in security features are not enabled. Without authentication, your cluster could be accessible to anyone. See https://www.elastic.co/guide/en/elasticsearch/reference/7.16/security-minimal-setup.html to enable security."],[299 Elasticsearch-7.16.1-5b38441b16b1ebb16a27c107a4c3865776e20c53 "[ignore_throttled] parameter is deprecated because frozen indices have been deprecated. Consider cold or frozen tiers in place of frozen indices."]
2023-08-04 12:56:08,691 INFO  [com.dot.ContainerResource] (docker-java-stream-824381349) STDOUT: 12:56:08.690  WARN  client.RestClient - request [POST http://elasticsearch:9200/cluster_51b0cac1ff.live_20230804125536/_search?typed_keys=true&max_concurrent_shard_requests=5&ignore_unavailable=false&expand_wildcards=open&allow_no_indices=true&ignore_throttled=true&search_type=query_then_fetch&batched_reduce_size=512&ccs_minimize_roundtrips=true] returned 2 warnings: [299 Elasticsearch-7.16.1-5b38441b16b1ebb16a27c107a4c3865776e20c53 "Elasticsearch built-in security features are not enabled. Without authentication, your cluster could be accessible to anyone. See https://www.elastic.co/guide/en/elasticsearch/reference/7.16/security-minimal-setup.html to enable security."],[299 Elasticsearch-7.16.1-5b38441b16b1ebb16a27c107a4c3865776e20c53 "[ignore_throttled] parameter is deprecated because frozen indices have been deprecated. Consider cold or frozen tiers in place of frozen indices."]
2023-08-04 12:56:08,694 INFO  [com.dot.ContainerResource] (docker-java-stream-824381349) STDOUT: 12:56:08.694  WARN  client.RestClient - request [POST http://elasticsearch:9200/cluster_51b0cac1ff.live_20230804125536/_search?typed_keys=true&max_concurrent_shard_requests=5&ignore_unavailable=false&expand_wildcards=open&allow_no_indices=true&ignore_throttled=true&search_type=query_then_fetch&batched_reduce_size=512&ccs_minimize_roundtrips=true] returned 2 warnings: [299 Elasticsearch-7.16.1-5b38441b16b1ebb16a27c107a4c3865776e20c53 "Elasticsearch built-in security features are not enabled. Without authentication, your cluster could be accessible to anyone. See https://www.elastic.co/guide/en/elasticsearch/reference/7.16/security-minimal-setup.html to enable security."],[299 Elasticsearch-7.16.1-5b38441b16b1ebb16a27c107a4c3865776e20c53 "[ignore_throttled] parameter is deprecated because frozen indices have been deprecated. Consider cold or frozen tiers in place of frozen indices."]
2023-08-04 12:56:08,698 INFO  [com.dot.ContainerResource] (docker-java-stream-824381349) STDOUT: 12:56:08.697  WARN  client.RestClient - request [POST http://elasticsearch:9200/cluster_51b0cac1ff.live_20230804125536/_search?typed_keys=true&max_concurrent_shard_requests=5&ignore_unavailable=false&expand_wildcards=open&allow_no_indices=true&ignore_throttled=true&search_type=query_then_fetch&batched_reduce_size=512&ccs_minimize_roundtrips=true] returned 2 warnings: [299 Elasticsearch-7.16.1-5b38441b16b1ebb16a27c107a4c3865776e20c53 "Elasticsearch built-in security features are not enabled. Without authentication, your cluster could be accessible to anyone. See https://www.elastic.co/guide/en/elasticsearch/reference/7.16/security-minimal-setup.html to enable security."],[299 Elasticsearch-7.16.1-5b38441b16b1ebb16a27c107a4c3865776e20c53 "[ignore_throttled] parameter is deprecated because frozen indices have been deprecated. Consider cold or frozen tiers in place of frozen indices."]
2023-08-04 12:56:08,701 INFO  [com.dot.ContainerResource] (docker-java-stream-824381349) STDOUT: 12:56:08.701  WARN  client.RestClient - request [POST http://elasticsearch:9200/cluster_51b0cac1ff.live_20230804125536/_search?typed_keys=true&max_concurrent_shard_requests=5&ignore_unavailable=false&expand_wildcards=open&allow_no_indices=true&ignore_throttled=true&search_type=query_then_fetch&batched_reduce_size=512&ccs_minimize_roundtrips=true] returned 2 warnings: [299 Elasticsearch-7.16.1-5b38441b16b1ebb16a27c107a4c3865776e20c53 "Elasticsearch built-in security features are not enabled. Without authentication, your cluster could be accessible to anyone. See https://www.elastic.co/guide/en/elasticsearch/reference/7.16/security-minimal-setup.html to enable security."],[299 Elasticsearch-7.16.1-5b38441b16b1ebb16a27c107a4c3865776e20c53 "[ignore_throttled] parameter is deprecated because frozen indices have been deprecated. Consider cold or frozen tiers in place of frozen indices."]
2023-08-04 12:56:08,705 INFO  [com.dot.ContainerResource] (docker-java-stream-824381349) STDOUT: 12:56:08.704  WARN  client.RestClient - request [POST http://elasticsearch:9200/cluster_51b0cac1ff.live_20230804125536/_search?typed_keys=true&max_concurrent_shard_requests=5&ignore_unavailable=false&expand_wildcards=open&allow_no_indices=true&ignore_throttled=true&search_type=query_then_fetch&batched_reduce_size=512&ccs_minimize_roundtrips=true] returned 2 warnings: [299 Elasticsearch-7.16.1-5b38441b16b1ebb16a27c107a4c3865776e20c53 "Elasticsearch built-in security features are not enabled. Without authentication, your cluster could be accessible to anyone. See https://www.elastic.co/guide/en/elasticsearch/reference/7.16/security-minimal-setup.html to enable security."],[299 Elasticsearch-7.16.1-5b38441b16b1ebb16a27c107a4c3865776e20c53 "[ignore_throttled] parameter is deprecated because frozen indices have been deprecated. Consider cold or frozen tiers in place of frozen indices."]
2023-08-04 12:56:08,708 INFO  [com.dot.ContainerResource] (docker-java-stream-824381349) STDOUT: 12:56:08.707  WARN  client.RestClient - request [POST http://elasticsearch:9200/cluster_51b0cac1ff.live_20230804125536/_search?typed_keys=true&max_concurrent_shard_requests=5&ignore_unavailable=false&expand_wildcards=open&allow_no_indices=true&ignore_throttled=true&search_type=query_then_fetch&batched_reduce_size=512&ccs_minimize_roundtrips=true] returned 2 warnings: [299 Elasticsearch-7.16.1-5b38441b16b1ebb16a27c107a4c3865776e20c53 "Elasticsearch built-in security features are not enabled. Without authentication, your cluster could be accessible to anyone. See https://www.elastic.co/guide/en/elasticsearch/reference/7.16/security-minimal-setup.html to enable security."],[299 Elasticsearch-7.16.1-5b38441b16b1ebb16a27c107a4c3865776e20c53 "[ignore_throttled] parameter is deprecated because frozen indices have been deprecated. Consider cold or frozen tiers in place of frozen indices."]
2023-08-04 12:56:08,711 INFO  [com.dot.ContainerResource] (docker-java-stream-824381349) STDOUT: 12:56:08.711  WARN  client.RestClient - request [POST http://elasticsearch:9200/cluster_51b0cac1ff.live_20230804125536/_search?typed_keys=true&max_concurrent_shard_requests=5&ignore_unavailable=false&expand_wildcards=open&allow_no_indices=true&ignore_throttled=true&search_type=query_then_fetch&batched_reduce_size=512&ccs_minimize_roundtrips=true] returned 2 warnings: [299 Elasticsearch-7.16.1-5b38441b16b1ebb16a27c107a4c3865776e20c53 "Elasticsearch built-in security features are not enabled. Without authentication, your cluster could be accessible to anyone. See https://www.elastic.co/guide/en/elasticsearch/reference/7.16/security-minimal-setup.html to enable security."],[299 Elasticsearch-7.16.1-5b38441b16b1ebb16a27c107a4c3865776e20c53 "[ignore_throttled] parameter is deprecated because frozen indices have been deprecated. Consider cold or frozen tiers in place of frozen indices."]
2023-08-04 12:56:08,714 INFO  [com.dot.ContainerResource] (docker-java-stream-824381349) STDOUT: 12:56:08.714  WARN  client.RestClient - request [POST http://elasticsearch:9200/cluster_51b0cac1ff.live_20230804125536/_search?typed_keys=true&max_concurrent_shard_requests=5&ignore_unavailable=false&expand_wildcards=open&allow_no_indices=true&ignore_throttled=true&search_type=query_then_fetch&batched_reduce_size=512&ccs_minimize_roundtrips=true] returned 2 warnings: [299 Elasticsearch-7.16.1-5b38441b16b1ebb16a27c107a4c3865776e20c53 "Elasticsearch built-in security features are not enabled. Without authentication, your cluster could be accessible to anyone. See https://www.elastic.co/guide/en/elasticsearch/reference/7.16/security-minimal-setup.html to enable security."],[299 Elasticsearch-7.16.1-5b38441b16b1ebb16a27c107a4c3865776e20c53 "[ignore_throttled] parameter is deprecated because frozen indices have been deprecated. Consider cold or frozen tiers in place of frozen indices."]
2023-08-04 12:56:08,717 INFO  [com.dot.ContainerResource] (docker-java-stream-824381349) STDOUT: 12:56:08.716  WARN  client.RestClient - request [POST http://elasticsearch:9200/cluster_51b0cac1ff.live_20230804125536/_search?typed_keys=true&max_concurrent_shard_requests=5&ignore_unavailable=false&expand_wildcards=open&allow_no_indices=true&ignore_throttled=true&search_type=query_then_fetch&batched_reduce_size=512&ccs_minimize_roundtrips=true] returned 2 warnings: [299 Elasticsearch-7.16.1-5b38441b16b1ebb16a27c107a4c3865776e20c53 "Elasticsearch built-in security features are not enabled. Without authentication, your cluster could be accessible to anyone. See https://www.elastic.co/guide/en/elasticsearch/reference/7.16/security-minimal-setup.html to enable security."],[299 Elasticsearch-7.16.1-5b38441b16b1ebb16a27c107a4c3865776e20c53 "[ignore_throttled] parameter is deprecated because frozen indices have been deprecated. Consider cold or frozen tiers in place of frozen indices."]
2023-08-04 12:56:08,720 INFO  [com.dot.ContainerResource] (docker-java-stream-824381349) STDOUT: 12:56:08.719  WARN  client.RestClient - request [POST http://elasticsearch:9200/cluster_51b0cac1ff.live_20230804125536/_search?typed_keys=true&max_concurrent_shard_requests=5&ignore_unavailable=false&expand_wildcards=open&allow_no_indices=true&ignore_throttled=true&search_type=query_then_fetch&batched_reduce_size=512&ccs_minimize_roundtrips=true] returned 2 warnings: [299 Elasticsearch-7.16.1-5b38441b16b1ebb16a27c107a4c3865776e20c53 "Elasticsearch built-in security features are not enabled. Without authentication, your cluster could be accessible to anyone. See https://www.elastic.co/guide/en/elasticsearch/reference/7.16/security-minimal-setup.html to enable security."],[299 Elasticsearch-7.16.1-5b38441b16b1ebb16a27c107a4c3865776e20c53 "[ignore_throttled] parameter is deprecated because frozen indices have been deprecated. Consider cold or frozen tiers in place of frozen indices."]
2023-08-04 12:56:08,722 INFO  [com.dot.ContainerResource] (docker-java-stream-824381349) STDOUT: 12:56:08.722  WARN  client.RestClient - request [POST http://elasticsearch:9200/cluster_51b0cac1ff.live_20230804125536/_search?typed_keys=true&max_concurrent_shard_requests=5&ignore_unavailable=false&expand_wildcards=open&allow_no_indices=true&ignore_throttled=true&search_type=query_then_fetch&batched_reduce_size=512&ccs_minimize_roundtrips=true] returned 2 warnings: [299 Elasticsearch-7.16.1-5b38441b16b1ebb16a27c107a4c3865776e20c53 "Elasticsearch built-in security features are not enabled. Without authentication, your cluster could be accessible to anyone. See https://www.elastic.co/guide/en/elasticsearch/reference/7.16/security-minimal-setup.html to enable security."],[299 Elasticsearch-7.16.1-5b38441b16b1ebb16a27c107a4c3865776e20c53 "[ignore_throttled] parameter is deprecated because frozen indices have been deprecated. Consider cold or frozen tiers in place of frozen indices."]
2023-08-04 12:56:08,725 INFO  [com.dot.ContainerResource] (docker-java-stream-824381349) STDOUT: 12:56:08.725  WARN  client.RestClient - request [POST http://elasticsearch:9200/cluster_51b0cac1ff.live_20230804125536/_search?typed_keys=true&max_concurrent_shard_requests=5&ignore_unavailable=false&expand_wildcards=open&allow_no_indices=true&ignore_throttled=true&search_type=query_then_fetch&batched_reduce_size=512&ccs_minimize_roundtrips=true] returned 2 warnings: [299 Elasticsearch-7.16.1-5b38441b16b1ebb16a27c107a4c3865776e20c53 "Elasticsearch built-in security features are not enabled. Without authentication, your cluster could be accessible to anyone. See https://www.elastic.co/guide/en/elasticsearch/reference/7.16/security-minimal-setup.html to enable security."],[299 Elasticsearch-7.16.1-5b38441b16b1ebb16a27c107a4c3865776e20c53 "[ignore_throttled] parameter is deprecated because frozen indices have been deprecated. Consider cold or frozen tiers in place of frozen indices."]
2023-08-04 12:56:08,728 INFO  [com.dot.ContainerResource] (docker-java-stream-824381349) STDOUT: 12:56:08.728  WARN  client.RestClient - request [POST http://elasticsearch:9200/cluster_51b0cac1ff.live_20230804125536/_search?typed_keys=true&max_concurrent_shard_requests=5&ignore_unavailable=false&expand_wildcards=open&allow_no_indices=true&ignore_throttled=true&search_type=query_then_fetch&batched_reduce_size=512&ccs_minimize_roundtrips=true] returned 2 warnings: [299 Elasticsearch-7.16.1-5b38441b16b1ebb16a27c107a4c3865776e20c53 "Elasticsearch built-in security features are not enabled. Without authentication, your cluster could be accessible to anyone. See https://www.elastic.co/guide/en/elasticsearch/reference/7.16/security-minimal-setup.html to enable security."],[299 Elasticsearch-7.16.1-5b38441b16b1ebb16a27c107a4c3865776e20c53 "[ignore_throttled] parameter is deprecated because frozen indices have been deprecated. Consider cold or frozen tiers in place of frozen indices."]
2023-08-04 12:56:08,731 INFO  [com.dot.ContainerResource] (docker-java-stream-824381349) STDOUT: 12:56:08.731  WARN  client.RestClient - request [POST http://elasticsearch:9200/cluster_51b0cac1ff.live_20230804125536/_search?typed_keys=true&max_concurrent_shard_requests=5&ignore_unavailable=false&expand_wildcards=open&allow_no_indices=true&ignore_throttled=true&search_type=query_then_fetch&batched_reduce_size=512&ccs_minimize_roundtrips=true] returned 2 warnings: [299 Elasticsearch-7.16.1-5b38441b16b1ebb16a27c107a4c3865776e20c53 "Elasticsearch built-in security features are not enabled. Without authentication, your cluster could be accessible to anyone. See https://www.elastic.co/guide/en/elasticsearch/reference/7.16/security-minimal-setup.html to enable security."],[299 Elasticsearch-7.16.1-5b38441b16b1ebb16a27c107a4c3865776e20c53 "[ignore_throttled] parameter is deprecated because frozen indices have been deprecated. Consider cold or frozen tiers in place of frozen indices."]
2023-08-04 12:56:08,734 INFO  [com.dot.ContainerResource] (docker-java-stream-824381349) STDOUT: 12:56:08.733  WARN  client.RestClient - request [POST http://elasticsearch:9200/cluster_51b0cac1ff.live_20230804125536/_search?typed_keys=true&max_concurrent_shard_requests=5&ignore_unavailable=false&expand_wildcards=open&allow_no_indices=true&ignore_throttled=true&search_type=query_then_fetch&batched_reduce_size=512&ccs_minimize_roundtrips=true] returned 2 warnings: [299 Elasticsearch-7.16.1-5b38441b16b1ebb16a27c107a4c3865776e20c53 "Elasticsearch built-in security features are not enabled. Without authentication, your cluster could be accessible to anyone. See https://www.elastic.co/guide/en/elasticsearch/reference/7.16/security-minimal-setup.html to enable security."],[299 Elasticsearch-7.16.1-5b38441b16b1ebb16a27c107a4c3865776e20c53 "[ignore_throttled] parameter is deprecated because frozen indices have been deprecated. Consider cold or frozen tiers in place of frozen indices."]
2023-08-04 12:56:08,737 INFO  [com.dot.ContainerResource] (docker-java-stream-824381349) STDOUT: 12:56:08.736  WARN  client.RestClient - request [POST http://elasticsearch:9200/cluster_51b0cac1ff.live_20230804125536/_search?typed_keys=true&max_concurrent_shard_requests=5&ignore_unavailable=false&expand_wildcards=open&allow_no_indices=true&ignore_throttled=true&search_type=query_then_fetch&batched_reduce_size=512&ccs_minimize_roundtrips=true] returned 2 warnings: [299 Elasticsearch-7.16.1-5b38441b16b1ebb16a27c107a4c3865776e20c53 "Elasticsearch built-in security features are not enabled. Without authentication, your cluster could be accessible to anyone. See https://www.elastic.co/guide/en/elasticsearch/reference/7.16/security-minimal-setup.html to enable security."],[299 Elasticsearch-7.16.1-5b38441b16b1ebb16a27c107a4c3865776e20c53 "[ignore_throttled] parameter is deprecated because frozen indices have been deprecated. Consider cold or frozen tiers in place of frozen indices."]
2023-08-04 12:56:08,740 INFO  [com.dot.ContainerResource] (docker-java-stream-824381349) STDOUT: 12:56:08.739  WARN  client.RestClient - request [POST http://elasticsearch:9200/cluster_51b0cac1ff.live_20230804125536/_search?typed_keys=true&max_concurrent_shard_requests=5&ignore_unavailable=false&expand_wildcards=open&allow_no_indices=true&ignore_throttled=true&search_type=query_then_fetch&batched_reduce_size=512&ccs_minimize_roundtrips=true] returned 2 warnings: [299 Elasticsearch-7.16.1-5b38441b16b1ebb16a27c107a4c3865776e20c53 "Elasticsearch built-in security features are not enabled. Without authentication, your cluster could be accessible to anyone. See https://www.elastic.co/guide/en/elasticsearch/reference/7.16/security-minimal-setup.html to enable security."],[299 Elasticsearch-7.16.1-5b38441b16b1ebb16a27c107a4c3865776e20c53 "[ignore_throttled] parameter is deprecated because frozen indices have been deprecated. Consider cold or frozen tiers in place of frozen indices."]
2023-08-04 12:56:08,742 INFO  [com.dot.ContainerResource] (docker-java-stream-824381349) STDOUT: 12:56:08.742  WARN  client.RestClient - request [POST http://elasticsearch:9200/cluster_51b0cac1ff.live_20230804125536/_search?typed_keys=true&max_concurrent_shard_requests=5&ignore_unavailable=false&expand_wildcards=open&allow_no_indices=true&ignore_throttled=true&search_type=query_then_fetch&batched_reduce_size=512&ccs_minimize_roundtrips=true] returned 2 warnings: [299 Elasticsearch-7.16.1-5b38441b16b1ebb16a27c107a4c3865776e20c53 "Elasticsearch built-in security features are not enabled. Without authentication, your cluster could be accessible to anyone. See https://www.elastic.co/guide/en/elasticsearch/reference/7.16/security-minimal-setup.html to enable security."],[299 Elasticsearch-7.16.1-5b38441b16b1ebb16a27c107a4c3865776e20c53 "[ignore_throttled] parameter is deprecated because frozen indices have been deprecated. Consider cold or frozen tiers in place of frozen indices."]
2023-08-04 12:56:08,745 INFO  [com.dot.ContainerResource] (docker-java-stream-824381349) STDOUT: 12:56:08.745  WARN  client.RestClient - request [POST http://elasticsearch:9200/cluster_51b0cac1ff.live_20230804125536/_search?typed_keys=true&max_concurrent_shard_requests=5&ignore_unavailable=false&expand_wildcards=open&allow_no_indices=true&ignore_throttled=true&search_type=query_then_fetch&batched_reduce_size=512&ccs_minimize_roundtrips=true] returned 2 warnings: [299 Elasticsearch-7.16.1-5b38441b16b1ebb16a27c107a4c3865776e20c53 "Elasticsearch built-in security features are not enabled. Without authentication, your cluster could be accessible to anyone. See https://www.elastic.co/guide/en/elasticsearch/reference/7.16/security-minimal-setup.html to enable security."],[299 Elasticsearch-7.16.1-5b38441b16b1ebb16a27c107a4c3865776e20c53 "[ignore_throttled] parameter is deprecated because frozen indices have been deprecated. Consider cold or frozen tiers in place of frozen indices."]
2023-08-04 12:56:08,748 INFO  [com.dot.ContainerResource] (docker-java-stream-824381349) STDOUT: 12:56:08.748  WARN  client.RestClient - request [POST http://elasticsearch:9200/cluster_51b0cac1ff.live_20230804125536/_search?typed_keys=true&max_concurrent_shard_requests=5&ignore_unavailable=false&expand_wildcards=open&allow_no_indices=true&ignore_throttled=true&search_type=query_then_fetch&batched_reduce_size=512&ccs_minimize_roundtrips=true] returned 2 warnings: [299 Elasticsearch-7.16.1-5b38441b16b1ebb16a27c107a4c3865776e20c53 "Elasticsearch built-in security features are not enabled. Without authentication, your cluster could be accessible to anyone. See https://www.elastic.co/guide/en/elasticsearch/reference/7.16/security-minimal-setup.html to enable security."],[299 Elasticsearch-7.16.1-5b38441b16b1ebb16a27c107a4c3865776e20c53 "[ignore_throttled] parameter is deprecated because frozen indices have been deprecated. Consider cold or frozen tiers in place of frozen indices."]
2023-08-04 12:56:08,751 INFO  [com.dot.ContainerResource] (docker-java-stream-824381349) STDOUT: 12:56:08.750  WARN  client.RestClient - request [POST http://elasticsearch:9200/cluster_51b0cac1ff.live_20230804125536/_search?typed_keys=true&max_concurrent_shard_requests=5&ignore_unavailable=false&expand_wildcards=open&allow_no_indices=true&ignore_throttled=true&search_type=query_then_fetch&batched_reduce_size=512&ccs_minimize_roundtrips=true] returned 2 warnings: [299 Elasticsearch-7.16.1-5b38441b16b1ebb16a27c107a4c3865776e20c53 "Elasticsearch built-in security features are not enabled. Without authentication, your cluster could be accessible to anyone. See https://www.elastic.co/guide/en/elasticsearch/reference/7.16/security-minimal-setup.html to enable security."],[299 Elasticsearch-7.16.1-5b38441b16b1ebb16a27c107a4c3865776e20c53 "[ignore_throttled] parameter is deprecated because frozen indices have been deprecated. Consider cold or frozen tiers in place of frozen indices."]
2023-08-04 12:56:08,754 INFO  [com.dot.ContainerResource] (docker-java-stream-824381349) STDOUT: 12:56:08.753  WARN  client.RestClient - request [POST http://elasticsearch:9200/cluster_51b0cac1ff.live_20230804125536/_search?typed_keys=true&max_concurrent_shard_requests=5&ignore_unavailable=false&expand_wildcards=open&allow_no_indices=true&ignore_throttled=true&search_type=query_then_fetch&batched_reduce_size=512&ccs_minimize_roundtrips=true] returned 2 warnings: [299 Elasticsearch-7.16.1-5b38441b16b1ebb16a27c107a4c3865776e20c53 "Elasticsearch built-in security features are not enabled. Without authentication, your cluster could be accessible to anyone. See https://www.elastic.co/guide/en/elasticsearch/reference/7.16/security-minimal-setup.html to enable security."],[299 Elasticsearch-7.16.1-5b38441b16b1ebb16a27c107a4c3865776e20c53 "[ignore_throttled] parameter is deprecated because frozen indices have been deprecated. Consider cold or frozen tiers in place of frozen indices."]
2023-08-04 12:56:08,757 INFO  [com.dot.ContainerResource] (docker-java-stream-824381349) STDOUT: 12:56:08.756  WARN  client.RestClient - request [POST http://elasticsearch:9200/cluster_51b0cac1ff.live_20230804125536/_search?typed_keys=true&max_concurrent_shard_requests=5&ignore_unavailable=false&expand_wildcards=open&allow_no_indices=true&ignore_throttled=true&search_type=query_then_fetch&batched_reduce_size=512&ccs_minimize_roundtrips=true] returned 2 warnings: [299 Elasticsearch-7.16.1-5b38441b16b1ebb16a27c107a4c3865776e20c53 "Elasticsearch built-in security features are not enabled. Without authentication, your cluster could be accessible to anyone. See https://www.elastic.co/guide/en/elasticsearch/reference/7.16/security-minimal-setup.html to enable security."],[299 Elasticsearch-7.16.1-5b38441b16b1ebb16a27c107a4c3865776e20c53 "[ignore_throttled] parameter is deprecated because frozen indices have been deprecated. Consider cold or frozen tiers in place of frozen indices."]
2023-08-04 12:56:08,760 INFO  [com.dot.ContainerResource] (docker-java-stream-824381349) STDOUT: 12:56:08.759  WARN  client.RestClient - request [POST http://elasticsearch:9200/cluster_51b0cac1ff.live_20230804125536/_search?typed_keys=true&max_concurrent_shard_requests=5&ignore_unavailable=false&expand_wildcards=open&allow_no_indices=true&ignore_throttled=true&search_type=query_then_fetch&batched_reduce_size=512&ccs_minimize_roundtrips=true] returned 2 warnings: [299 Elasticsearch-7.16.1-5b38441b16b1ebb16a27c107a4c3865776e20c53 "Elasticsearch built-in security features are not enabled. Without authentication, your cluster could be accessible to anyone. See https://www.elastic.co/guide/en/elasticsearch/reference/7.16/security-minimal-setup.html to enable security."],[299 Elasticsearch-7.16.1-5b38441b16b1ebb16a27c107a4c3865776e20c53 "[ignore_throttled] parameter is deprecated because frozen indices have been deprecated. Consider cold or frozen tiers in place of frozen indices."]
2023-08-04 12:56:08,762 INFO  [com.dot.ContainerResource] (docker-java-stream-824381349) STDOUT: 12:56:08.762  WARN  client.RestClient - request [POST http://elasticsearch:9200/cluster_51b0cac1ff.live_20230804125536/_search?typed_keys=true&max_concurrent_shard_requests=5&ignore_unavailable=false&expand_wildcards=open&allow_no_indices=true&ignore_throttled=true&search_type=query_then_fetch&batched_reduce_size=512&ccs_minimize_roundtrips=true] returned 2 warnings: [299 Elasticsearch-7.16.1-5b38441b16b1ebb16a27c107a4c3865776e20c53 "Elasticsearch built-in security features are not enabled. Without authentication, your cluster could be accessible to anyone. See https://www.elastic.co/guide/en/elasticsearch/reference/7.16/security-minimal-setup.html to enable security."],[299 Elasticsearch-7.16.1-5b38441b16b1ebb16a27c107a4c3865776e20c53 "[ignore_throttled] parameter is deprecated because frozen indices have been deprecated. Consider cold or frozen tiers in place of frozen indices."]
2023-08-04 12:56:08,765 INFO  [com.dot.ContainerResource] (docker-java-stream-824381349) STDOUT: 12:56:08.765  WARN  client.RestClient - request [POST http://elasticsearch:9200/cluster_51b0cac1ff.live_20230804125536/_search?typed_keys=true&max_concurrent_shard_requests=5&ignore_unavailable=false&expand_wildcards=open&allow_no_indices=true&ignore_throttled=true&search_type=query_then_fetch&batched_reduce_size=512&ccs_minimize_roundtrips=true] returned 2 warnings: [299 Elasticsearch-7.16.1-5b38441b16b1ebb16a27c107a4c3865776e20c53 "Elasticsearch built-in security features are not enabled. Without authentication, your cluster could be accessible to anyone. See https://www.elastic.co/guide/en/elasticsearch/reference/7.16/security-minimal-setup.html to enable security."],[299 Elasticsearch-7.16.1-5b38441b16b1ebb16a27c107a4c3865776e20c53 "[ignore_throttled] parameter is deprecated because frozen indices have been deprecated. Consider cold or frozen tiers in place of frozen indices."]
2023-08-04 12:56:08,768 INFO  [com.dot.ContainerResource] (docker-java-stream-824381349) STDOUT: 12:56:08.768  WARN  client.RestClient - request [POST http://elasticsearch:9200/cluster_51b0cac1ff.live_20230804125536/_search?typed_keys=true&max_concurrent_shard_requests=5&ignore_unavailable=false&expand_wildcards=open&allow_no_indices=true&ignore_throttled=true&search_type=query_then_fetch&batched_reduce_size=512&ccs_minimize_roundtrips=true] returned 2 warnings: [299 Elasticsearch-7.16.1-5b38441b16b1ebb16a27c107a4c3865776e20c53 "Elasticsearch built-in security features are not enabled. Without authentication, your cluster could be accessible to anyone. See https://www.elastic.co/guide/en/elasticsearch/reference/7.16/security-minimal-setup.html to enable security."],[299 Elasticsearch-7.16.1-5b38441b16b1ebb16a27c107a4c3865776e20c53 "[ignore_throttled] parameter is deprecated because frozen indices have been deprecated. Consider cold or frozen tiers in place of frozen indices."]
2023-08-04 12:56:08,771 INFO  [com.dot.ContainerResource] (docker-java-stream-824381349) STDOUT: 12:56:08.770  WARN  client.RestClient - request [POST http://elasticsearch:9200/cluster_51b0cac1ff.live_20230804125536/_search?typed_keys=true&max_concurrent_shard_requests=5&ignore_unavailable=false&expand_wildcards=open&allow_no_indices=true&ignore_throttled=true&search_type=query_then_fetch&batched_reduce_size=512&ccs_minimize_roundtrips=true] returned 2 warnings: [299 Elasticsearch-7.16.1-5b38441b16b1ebb16a27c107a4c3865776e20c53 "Elasticsearch built-in security features are not enabled. Without authentication, your cluster could be accessible to anyone. See https://www.elastic.co/guide/en/elasticsearch/reference/7.16/security-minimal-setup.html to enable security."],[299 Elasticsearch-7.16.1-5b38441b16b1ebb16a27c107a4c3865776e20c53 "[ignore_throttled] parameter is deprecated because frozen indices have been deprecated. Consider cold or frozen tiers in place of frozen indices."]
2023-08-04 12:56:08,774 INFO  [com.dot.ContainerResource] (docker-java-stream-824381349) STDOUT: 12:56:08.773  WARN  client.RestClient - request [POST http://elasticsearch:9200/cluster_51b0cac1ff.live_20230804125536/_search?typed_keys=true&max_concurrent_shard_requests=5&ignore_unavailable=false&expand_wildcards=open&allow_no_indices=true&ignore_throttled=true&search_type=query_then_fetch&batched_reduce_size=512&ccs_minimize_roundtrips=true] returned 2 warnings: [299 Elasticsearch-7.16.1-5b38441b16b1ebb16a27c107a4c3865776e20c53 "Elasticsearch built-in security features are not enabled. Without authentication, your cluster could be accessible to anyone. See https://www.elastic.co/guide/en/elasticsearch/reference/7.16/security-minimal-setup.html to enable security."],[299 Elasticsearch-7.16.1-5b38441b16b1ebb16a27c107a4c3865776e20c53 "[ignore_throttled] parameter is deprecated because frozen indices have been deprecated. Consider cold or frozen tiers in place of frozen indices."]
2023-08-04 12:56:08,777 INFO  [com.dot.ContainerResource] (docker-java-stream-824381349) STDOUT: 12:56:08.776  WARN  client.RestClient - request [POST http://elasticsearch:9200/cluster_51b0cac1ff.live_20230804125536/_search?typed_keys=true&max_concurrent_shard_requests=5&ignore_unavailable=false&expand_wildcards=open&allow_no_indices=true&ignore_throttled=true&search_type=query_then_fetch&batched_reduce_size=512&ccs_minimize_roundtrips=true] returned 2 warnings: [299 Elasticsearch-7.16.1-5b38441b16b1ebb16a27c107a4c3865776e20c53 "Elasticsearch built-in security features are not enabled. Without authentication, your cluster could be accessible to anyone. See https://www.elastic.co/guide/en/elasticsearch/reference/7.16/security-minimal-setup.html to enable security."],[299 Elasticsearch-7.16.1-5b38441b16b1ebb16a27c107a4c3865776e20c53 "[ignore_throttled] parameter is deprecated because frozen indices have been deprecated. Consider cold or frozen tiers in place of frozen indices."]
2023-08-04 12:56:08,780 INFO  [com.dot.ContainerResource] (docker-java-stream-824381349) STDOUT: 12:56:08.779  WARN  client.RestClient - request [POST http://elasticsearch:9200/cluster_51b0cac1ff.live_20230804125536/_search?typed_keys=true&max_concurrent_shard_requests=5&ignore_unavailable=false&expand_wildcards=open&allow_no_indices=true&ignore_throttled=true&search_type=query_then_fetch&batched_reduce_size=512&ccs_minimize_roundtrips=true] returned 2 warnings: [299 Elasticsearch-7.16.1-5b38441b16b1ebb16a27c107a4c3865776e20c53 "Elasticsearch built-in security features are not enabled. Without authentication, your cluster could be accessible to anyone. See https://www.elastic.co/guide/en/elasticsearch/reference/7.16/security-minimal-setup.html to enable security."],[299 Elasticsearch-7.16.1-5b38441b16b1ebb16a27c107a4c3865776e20c53 "[ignore_throttled] parameter is deprecated because frozen indices have been deprecated. Consider cold or frozen tiers in place of frozen indices."]
2023-08-04 12:56:08,783 INFO  [com.dot.ContainerResource] (docker-java-stream-824381349) STDOUT: 12:56:08.782  WARN  client.RestClient - request [POST http://elasticsearch:9200/cluster_51b0cac1ff.live_20230804125536/_search?typed_keys=true&max_concurrent_shard_requests=5&ignore_unavailable=false&expand_wildcards=open&allow_no_indices=true&ignore_throttled=true&search_type=query_then_fetch&batched_reduce_size=512&ccs_minimize_roundtrips=true] returned 2 warnings: [299 Elasticsearch-7.16.1-5b38441b16b1ebb16a27c107a4c3865776e20c53 "Elasticsearch built-in security features are not enabled. Without authentication, your cluster could be accessible to anyone. See https://www.elastic.co/guide/en/elasticsearch/reference/7.16/security-minimal-setup.html to enable security."],[299 Elasticsearch-7.16.1-5b38441b16b1ebb16a27c107a4c3865776e20c53 "[ignore_throttled] parameter is deprecated because frozen indices have been deprecated. Consider cold or frozen tiers in place of frozen indices."]
2023-08-04 12:56:08,786 INFO  [com.dot.ContainerResource] (docker-java-stream-824381349) STDOUT: 12:56:08.786  WARN  client.RestClient - request [POST http://elasticsearch:9200/cluster_51b0cac1ff.live_20230804125536/_search?typed_keys=true&max_concurrent_shard_requests=5&ignore_unavailable=false&expand_wildcards=open&allow_no_indices=true&ignore_throttled=true&search_type=query_then_fetch&batched_reduce_size=512&ccs_minimize_roundtrips=true] returned 2 warnings: [299 Elasticsearch-7.16.1-5b38441b16b1ebb16a27c107a4c3865776e20c53 "Elasticsearch built-in security features are not enabled. Without authentication, your cluster could be accessible to anyone. See https://www.elastic.co/guide/en/elasticsearch/reference/7.16/security-minimal-setup.html to enable security."],[299 Elasticsearch-7.16.1-5b38441b16b1ebb16a27c107a4c3865776e20c53 "[ignore_throttled] parameter is deprecated because frozen indices have been deprecated. Consider cold or frozen tiers in place of frozen indices."]
2023-08-04 12:56:08,793 INFO  [com.dot.ContainerResource] (docker-java-stream-824381349) STDOUT: 12:56:08.792  WARN  client.RestClient - request [POST http://elasticsearch:9200/cluster_51b0cac1ff.live_20230804125536/_search?typed_keys=true&max_concurrent_shard_requests=5&ignore_unavailable=false&expand_wildcards=open&allow_no_indices=true&ignore_throttled=true&search_type=query_then_fetch&batched_reduce_size=512&ccs_minimize_roundtrips=true] returned 2 warnings: [299 Elasticsearch-7.16.1-5b38441b16b1ebb16a27c107a4c3865776e20c53 "Elasticsearch built-in security features are not enabled. Without authentication, your cluster could be accessible to anyone. See https://www.elastic.co/guide/en/elasticsearch/reference/7.16/security-minimal-setup.html to enable security."],[299 Elasticsearch-7.16.1-5b38441b16b1ebb16a27c107a4c3865776e20c53 "[ignore_throttled] parameter is deprecated because frozen indices have been deprecated. Consider cold or frozen tiers in place of frozen indices."]
2023-08-04 12:56:08,796 INFO  [com.dot.ContainerResource] (docker-java-stream-824381349) STDOUT: 12:56:08.795  WARN  client.RestClient - request [POST http://elasticsearch:9200/cluster_51b0cac1ff.live_20230804125536/_search?typed_keys=true&max_concurrent_shard_requests=5&ignore_unavailable=false&expand_wildcards=open&allow_no_indices=true&ignore_throttled=true&search_type=query_then_fetch&batched_reduce_size=512&ccs_minimize_roundtrips=true] returned 2 warnings: [299 Elasticsearch-7.16.1-5b38441b16b1ebb16a27c107a4c3865776e20c53 "Elasticsearch built-in security features are not enabled. Without authentication, your cluster could be accessible to anyone. See https://www.elastic.co/guide/en/elasticsearch/reference/7.16/security-minimal-setup.html to enable security."],[299 Elasticsearch-7.16.1-5b38441b16b1ebb16a27c107a4c3865776e20c53 "[ignore_throttled] parameter is deprecated because frozen indices have been deprecated. Consider cold or frozen tiers in place of frozen indices."]
2023-08-04 12:56:08,799 INFO  [com.dot.ContainerResource] (docker-java-stream-824381349) STDOUT: 12:56:08.799  WARN  client.RestClient - request [POST http://elasticsearch:9200/cluster_51b0cac1ff.live_20230804125536/_search?typed_keys=true&max_concurrent_shard_requests=5&ignore_unavailable=false&expand_wildcards=open&allow_no_indices=true&ignore_throttled=true&search_type=query_then_fetch&batched_reduce_size=512&ccs_minimize_roundtrips=true] returned 2 warnings: [299 Elasticsearch-7.16.1-5b38441b16b1ebb16a27c107a4c3865776e20c53 "Elasticsearch built-in security features are not enabled. Without authentication, your cluster could be accessible to anyone. See https://www.elastic.co/guide/en/elasticsearch/reference/7.16/security-minimal-setup.html to enable security."],[299 Elasticsearch-7.16.1-5b38441b16b1ebb16a27c107a4c3865776e20c53 "[ignore_throttled] parameter is deprecated because frozen indices have been deprecated. Consider cold or frozen tiers in place of frozen indices."]
2023-08-04 12:56:08,804 INFO  [com.dot.ContainerResource] (docker-java-stream-824381349) STDOUT: 12:56:08.804  WARN  client.RestClient - request [POST http://elasticsearch:9200/cluster_51b0cac1ff.live_20230804125536/_search?typed_keys=true&max_concurrent_shard_requests=5&ignore_unavailable=false&expand_wildcards=open&allow_no_indices=true&ignore_throttled=true&search_type=query_then_fetch&batched_reduce_size=512&ccs_minimize_roundtrips=true] returned 2 warnings: [299 Elasticsearch-7.16.1-5b38441b16b1ebb16a27c107a4c3865776e20c53 "Elasticsearch built-in security features are not enabled. Without authentication, your cluster could be accessible to anyone. See https://www.elastic.co/guide/en/elasticsearch/reference/7.16/security-minimal-setup.html to enable security."],[299 Elasticsearch-7.16.1-5b38441b16b1ebb16a27c107a4c3865776e20c53 "[ignore_throttled] parameter is deprecated because frozen indices have been deprecated. Consider cold or frozen tiers in place of frozen indices."]
2023-08-04 12:56:08,807 INFO  [com.dot.ContainerResource] (docker-java-stream-824381349) STDOUT: 12:56:08.807  WARN  client.RestClient - request [POST http://elasticsearch:9200/cluster_51b0cac1ff.live_20230804125536/_search?typed_keys=true&max_concurrent_shard_requests=5&ignore_unavailable=false&expand_wildcards=open&allow_no_indices=true&ignore_throttled=true&search_type=query_then_fetch&batched_reduce_size=512&ccs_minimize_roundtrips=true] returned 2 warnings: [299 Elasticsearch-7.16.1-5b38441b16b1ebb16a27c107a4c3865776e20c53 "Elasticsearch built-in security features are not enabled. Without authentication, your cluster could be accessible to anyone. See https://www.elastic.co/guide/en/elasticsearch/reference/7.16/security-minimal-setup.html to enable security."],[299 Elasticsearch-7.16.1-5b38441b16b1ebb16a27c107a4c3865776e20c53 "[ignore_throttled] parameter is deprecated because frozen indices have been deprecated. Consider cold or frozen tiers in place of frozen indices."]
2023-08-04 12:56:08,810 INFO  [com.dot.ContainerResource] (docker-java-stream-824381349) STDOUT: 12:56:08.810  WARN  client.RestClient - request [POST http://elasticsearch:9200/cluster_51b0cac1ff.live_20230804125536/_search?typed_keys=true&max_concurrent_shard_requests=5&ignore_unavailable=false&expand_wildcards=open&allow_no_indices=true&ignore_throttled=true&search_type=query_then_fetch&batched_reduce_size=512&ccs_minimize_roundtrips=true] returned 2 warnings: [299 Elasticsearch-7.16.1-5b38441b16b1ebb16a27c107a4c3865776e20c53 "Elasticsearch built-in security features are not enabled. Without authentication, your cluster could be accessible to anyone. See https://www.elastic.co/guide/en/elasticsearch/reference/7.16/security-minimal-setup.html to enable security."],[299 Elasticsearch-7.16.1-5b38441b16b1ebb16a27c107a4c3865776e20c53 "[ignore_throttled] parameter is deprecated because frozen indices have been deprecated. Consider cold or frozen tiers in place of frozen indices."]
2023-08-04 12:56:08,813 INFO  [com.dot.ContainerResource] (docker-java-stream-824381349) STDOUT: 12:56:08.813  WARN  client.RestClient - request [POST http://elasticsearch:9200/cluster_51b0cac1ff.live_20230804125536/_search?typed_keys=true&max_concurrent_shard_requests=5&ignore_unavailable=false&expand_wildcards=open&allow_no_indices=true&ignore_throttled=true&search_type=query_then_fetch&batched_reduce_size=512&ccs_minimize_roundtrips=true] returned 2 warnings: [299 Elasticsearch-7.16.1-5b38441b16b1ebb16a27c107a4c3865776e20c53 "Elasticsearch built-in security features are not enabled. Without authentication, your cluster could be accessible to anyone. See https://www.elastic.co/guide/en/elasticsearch/reference/7.16/security-minimal-setup.html to enable security."],[299 Elasticsearch-7.16.1-5b38441b16b1ebb16a27c107a4c3865776e20c53 "[ignore_throttled] parameter is deprecated because frozen indices have been deprecated. Consider cold or frozen tiers in place of frozen indices."]
2023-08-04 12:56:08,816 INFO  [com.dot.ContainerResource] (docker-java-stream-824381349) STDOUT: 12:56:08.816  WARN  client.RestClient - request [POST http://elasticsearch:9200/cluster_51b0cac1ff.live_20230804125536/_search?typed_keys=true&max_concurrent_shard_requests=5&ignore_unavailable=false&expand_wildcards=open&allow_no_indices=true&ignore_throttled=true&search_type=query_then_fetch&batched_reduce_size=512&ccs_minimize_roundtrips=true] returned 2 warnings: [299 Elasticsearch-7.16.1-5b38441b16b1ebb16a27c107a4c3865776e20c53 "Elasticsearch built-in security features are not enabled. Without authentication, your cluster could be accessible to anyone. See https://www.elastic.co/guide/en/elasticsearch/reference/7.16/security-minimal-setup.html to enable security."],[299 Elasticsearch-7.16.1-5b38441b16b1ebb16a27c107a4c3865776e20c53 "[ignore_throttled] parameter is deprecated because frozen indices have been deprecated. Consider cold or frozen tiers in place of frozen indices."]
2023-08-04 12:56:08,819 INFO  [com.dot.ContainerResource] (docker-java-stream-824381349) STDOUT: 12:56:08.819  WARN  client.RestClient - request [POST http://elasticsearch:9200/cluster_51b0cac1ff.live_20230804125536/_search?typed_keys=true&max_concurrent_shard_requests=5&ignore_unavailable=false&expand_wildcards=open&allow_no_indices=true&ignore_throttled=true&search_type=query_then_fetch&batched_reduce_size=512&ccs_minimize_roundtrips=true] returned 2 warnings: [299 Elasticsearch-7.16.1-5b38441b16b1ebb16a27c107a4c3865776e20c53 "Elasticsearch built-in security features are not enabled. Without authentication, your cluster could be accessible to anyone. See https://www.elastic.co/guide/en/elasticsearch/reference/7.16/security-minimal-setup.html to enable security."],[299 Elasticsearch-7.16.1-5b38441b16b1ebb16a27c107a4c3865776e20c53 "[ignore_throttled] parameter is deprecated because frozen indices have been deprecated. Consider cold or frozen tiers in place of frozen indices."]
2023-08-04 12:56:08,822 INFO  [com.dot.ContainerResource] (docker-java-stream-824381349) STDOUT: 12:56:08.822  WARN  client.RestClient - request [POST http://elasticsearch:9200/cluster_51b0cac1ff.live_20230804125536/_search?typed_keys=true&max_concurrent_shard_requests=5&ignore_unavailable=false&expand_wildcards=open&allow_no_indices=true&ignore_throttled=true&search_type=query_then_fetch&batched_reduce_size=512&ccs_minimize_roundtrips=true] returned 2 warnings: [299 Elasticsearch-7.16.1-5b38441b16b1ebb16a27c107a4c3865776e20c53 "Elasticsearch built-in security features are not enabled. Without authentication, your cluster could be accessible to anyone. See https://www.elastic.co/guide/en/elasticsearch/reference/7.16/security-minimal-setup.html to enable security."],[299 Elasticsearch-7.16.1-5b38441b16b1ebb16a27c107a4c3865776e20c53 "[ignore_throttled] parameter is deprecated because frozen indices have been deprecated. Consider cold or frozen tiers in place of frozen indices."]
2023-08-04 12:56:08,825 INFO  [com.dot.ContainerResource] (docker-java-stream-824381349) STDOUT: 12:56:08.825  WARN  client.RestClient - request [POST http://elasticsearch:9200/cluster_51b0cac1ff.live_20230804125536/_search?typed_keys=true&max_concurrent_shard_requests=5&ignore_unavailable=false&expand_wildcards=open&allow_no_indices=true&ignore_throttled=true&search_type=query_then_fetch&batched_reduce_size=512&ccs_minimize_roundtrips=true] returned 2 warnings: [299 Elasticsearch-7.16.1-5b38441b16b1ebb16a27c107a4c3865776e20c53 "Elasticsearch built-in security features are not enabled. Without authentication, your cluster could be accessible to anyone. See https://www.elastic.co/guide/en/elasticsearch/reference/7.16/security-minimal-setup.html to enable security."],[299 Elasticsearch-7.16.1-5b38441b16b1ebb16a27c107a4c3865776e20c53 "[ignore_throttled] parameter is deprecated because frozen indices have been deprecated. Consider cold or frozen tiers in place of frozen indices."]
2023-08-04 12:56:08,828 INFO  [com.dot.ContainerResource] (docker-java-stream-824381349) STDOUT: 12:56:08.828  WARN  client.RestClient - request [POST http://elasticsearch:9200/cluster_51b0cac1ff.live_20230804125536/_search?typed_keys=true&max_concurrent_shard_requests=5&ignore_unavailable=false&expand_wildcards=open&allow_no_indices=true&ignore_throttled=true&search_type=query_then_fetch&batched_reduce_size=512&ccs_minimize_roundtrips=true] returned 2 warnings: [299 Elasticsearch-7.16.1-5b38441b16b1ebb16a27c107a4c3865776e20c53 "Elasticsearch built-in security features are not enabled. Without authentication, your cluster could be accessible to anyone. See https://www.elastic.co/guide/en/elasticsearch/reference/7.16/security-minimal-setup.html to enable security."],[299 Elasticsearch-7.16.1-5b38441b16b1ebb16a27c107a4c3865776e20c53 "[ignore_throttled] parameter is deprecated because frozen indices have been deprecated. Consider cold or frozen tiers in place of frozen indices."]
2023-08-04 12:56:08,831 INFO  [com.dot.ContainerResource] (docker-java-stream-824381349) STDOUT: 12:56:08.831  WARN  client.RestClient - request [POST http://elasticsearch:9200/cluster_51b0cac1ff.live_20230804125536/_search?typed_keys=true&max_concurrent_shard_requests=5&ignore_unavailable=false&expand_wildcards=open&allow_no_indices=true&ignore_throttled=true&search_type=query_then_fetch&batched_reduce_size=512&ccs_minimize_roundtrips=true] returned 2 warnings: [299 Elasticsearch-7.16.1-5b38441b16b1ebb16a27c107a4c3865776e20c53 "Elasticsearch built-in security features are not enabled. Without authentication, your cluster could be accessible to anyone. See https://www.elastic.co/guide/en/elasticsearch/reference/7.16/security-minimal-setup.html to enable security."],[299 Elasticsearch-7.16.1-5b38441b16b1ebb16a27c107a4c3865776e20c53 "[ignore_throttled] parameter is deprecated because frozen indices have been deprecated. Consider cold or frozen tiers in place of frozen indices."]
2023-08-04 12:56:08,834 INFO  [com.dot.ContainerResource] (docker-java-stream-824381349) STDOUT: 12:56:08.834  WARN  client.RestClient - request [POST http://elasticsearch:9200/cluster_51b0cac1ff.live_20230804125536/_search?typed_keys=true&max_concurrent_shard_requests=5&ignore_unavailable=false&expand_wildcards=open&allow_no_indices=true&ignore_throttled=true&search_type=query_then_fetch&batched_reduce_size=512&ccs_minimize_roundtrips=true] returned 2 warnings: [299 Elasticsearch-7.16.1-5b38441b16b1ebb16a27c107a4c3865776e20c53 "Elasticsearch built-in security features are not enabled. Without authentication, your cluster could be accessible to anyone. See https://www.elastic.co/guide/en/elasticsearch/reference/7.16/security-minimal-setup.html to enable security."],[299 Elasticsearch-7.16.1-5b38441b16b1ebb16a27c107a4c3865776e20c53 "[ignore_throttled] parameter is deprecated because frozen indices have been deprecated. Consider cold or frozen tiers in place of frozen indices."]
2023-08-04 12:56:08,846 INFO  [com.dot.ContainerResource] (docker-java-stream-824381349) STDOUT: 12:56:08.844  WARN  client.RestClient - request [POST http://elasticsearch:9200/cluster_51b0cac1ff.live_20230804125536/_search?typed_keys=true&max_concurrent_shard_requests=5&ignore_unavailable=false&expand_wildcards=open&allow_no_indices=true&ignore_throttled=true&search_type=query_then_fetch&batched_reduce_size=512&ccs_minimize_roundtrips=true] returned 2 warnings: [299 Elasticsearch-7.16.1-5b38441b16b1ebb16a27c107a4c3865776e20c53 "Elasticsearch built-in security features are not enabled. Without authentication, your cluster could be accessible to anyone. See https://www.elastic.co/guide/en/elasticsearch/reference/7.16/security-minimal-setup.html to enable security."],[299 Elasticsearch-7.16.1-5b38441b16b1ebb16a27c107a4c3865776e20c53 "[ignore_throttled] parameter is deprecated because frozen indices have been deprecated. Consider cold or frozen tiers in place of frozen indices."]
2023-08-04 12:56:08,856 INFO  [com.dot.ContainerResource] (docker-java-stream-824381349) STDOUT: 12:56:08.852  WARN  client.RestClient - request [POST http://elasticsearch:9200/cluster_51b0cac1ff.live_20230804125536/_search?typed_keys=true&max_concurrent_shard_requests=5&ignore_unavailable=false&expand_wildcards=open&allow_no_indices=true&ignore_throttled=true&search_type=query_then_fetch&batched_reduce_size=512&ccs_minimize_roundtrips=true] returned 2 warnings: [299 Elasticsearch-7.16.1-5b38441b16b1ebb16a27c107a4c3865776e20c53 "Elasticsearch built-in security features are not enabled. Without authentication, your cluster could be accessible to anyone. See https://www.elastic.co/guide/en/elasticsearch/reference/7.16/security-minimal-setup.html to enable security."],[299 Elasticsearch-7.16.1-5b38441b16b1ebb16a27c107a4c3865776e20c53 "[ignore_throttled] parameter is deprecated because frozen indices have been deprecated. Consider cold or frozen tiers in place of frozen indices."]
2023-08-04 12:56:08,856 INFO  [com.dot.ContainerResource] (docker-java-stream-824381349) STDOUT: 12:56:08.855  WARN  client.RestClient - request [POST http://elasticsearch:9200/cluster_51b0cac1ff.live_20230804125536/_search?typed_keys=true&max_concurrent_shard_requests=5&ignore_unavailable=false&expand_wildcards=open&allow_no_indices=true&ignore_throttled=true&search_type=query_then_fetch&batched_reduce_size=512&ccs_minimize_roundtrips=true] returned 2 warnings: [299 Elasticsearch-7.16.1-5b38441b16b1ebb16a27c107a4c3865776e20c53 "Elasticsearch built-in security features are not enabled. Without authentication, your cluster could be accessible to anyone. See https://www.elastic.co/guide/en/elasticsearch/reference/7.16/security-minimal-setup.html to enable security."],[299 Elasticsearch-7.16.1-5b38441b16b1ebb16a27c107a4c3865776e20c53 "[ignore_throttled] parameter is deprecated because frozen indices have been deprecated. Consider cold or frozen tiers in place of frozen indices."]
2023-08-04 12:56:08,866 INFO  [com.dot.ContainerResource] (docker-java-stream-824381349) STDOUT: 12:56:08.864  WARN  client.RestClient - request [POST http://elasticsearch:9200/cluster_51b0cac1ff.live_20230804125536/_search?typed_keys=true&max_concurrent_shard_requests=5&ignore_unavailable=false&expand_wildcards=open&allow_no_indices=true&ignore_throttled=true&search_type=query_then_fetch&batched_reduce_size=512&ccs_minimize_roundtrips=true] returned 2 warnings: [299 Elasticsearch-7.16.1-5b38441b16b1ebb16a27c107a4c3865776e20c53 "Elasticsearch built-in security features are not enabled. Without authentication, your cluster could be accessible to anyone. See https://www.elastic.co/guide/en/elasticsearch/reference/7.16/security-minimal-setup.html to enable security."],[299 Elasticsearch-7.16.1-5b38441b16b1ebb16a27c107a4c3865776e20c53 "[ignore_throttled] parameter is deprecated because frozen indices have been deprecated. Consider cold or frozen tiers in place of frozen indices."]
2023-08-04 12:56:08,873 INFO  [com.dot.ContainerResource] (docker-java-stream-824381349) STDOUT: 12:56:08.871  WARN  client.RestClient - request [POST http://elasticsearch:9200/cluster_51b0cac1ff.live_20230804125536/_search?typed_keys=true&max_concurrent_shard_requests=5&ignore_unavailable=false&expand_wildcards=open&allow_no_indices=true&ignore_throttled=true&search_type=query_then_fetch&batched_reduce_size=512&ccs_minimize_roundtrips=true] returned 2 warnings: [299 Elasticsearch-7.16.1-5b38441b16b1ebb16a27c107a4c3865776e20c53 "Elasticsearch built-in security features are not enabled. Without authentication, your cluster could be accessible to anyone. See https://www.elastic.co/guide/en/elasticsearch/reference/7.16/security-minimal-setup.html to enable security."],[299 Elasticsearch-7.16.1-5b38441b16b1ebb16a27c107a4c3865776e20c53 "[ignore_throttled] parameter is deprecated because frozen indices have been deprecated. Consider cold or frozen tiers in place of frozen indices."]
2023-08-04 12:56:08,883 INFO  [com.dot.ContainerResource] (docker-java-stream-824381349) STDOUT: 12:56:08.880  WARN  client.RestClient - request [POST http://elasticsearch:9200/cluster_51b0cac1ff.live_20230804125536/_search?typed_keys=true&max_concurrent_shard_requests=5&ignore_unavailable=false&expand_wildcards=open&allow_no_indices=true&ignore_throttled=true&search_type=query_then_fetch&batched_reduce_size=512&ccs_minimize_roundtrips=true] returned 2 warnings: [299 Elasticsearch-7.16.1-5b38441b16b1ebb16a27c107a4c3865776e20c53 "Elasticsearch built-in security features are not enabled. Without authentication, your cluster could be accessible to anyone. See https://www.elastic.co/guide/en/elasticsearch/reference/7.16/security-minimal-setup.html to enable security."],[299 Elasticsearch-7.16.1-5b38441b16b1ebb16a27c107a4c3865776e20c53 "[ignore_throttled] parameter is deprecated because frozen indices have been deprecated. Consider cold or frozen tiers in place of frozen indices."]
2023-08-04 12:56:08,884 INFO  [com.dot.ContainerResource] (docker-java-stream-824381349) STDOUT: 12:56:08.884  WARN  client.RestClient - request [POST http://elasticsearch:9200/cluster_51b0cac1ff.live_20230804125536/_search?typed_keys=true&max_concurrent_shard_requests=5&ignore_unavailable=false&expand_wildcards=open&allow_no_indices=true&ignore_throttled=true&search_type=query_then_fetch&batched_reduce_size=512&ccs_minimize_roundtrips=true] returned 2 warnings: [299 Elasticsearch-7.16.1-5b38441b16b1ebb16a27c107a4c3865776e20c53 "Elasticsearch built-in security features are not enabled. Without authentication, your cluster could be accessible to anyone. See https://www.elastic.co/guide/en/elasticsearch/reference/7.16/security-minimal-setup.html to enable security."],[299 Elasticsearch-7.16.1-5b38441b16b1ebb16a27c107a4c3865776e20c53 "[ignore_throttled] parameter is deprecated because frozen indices have been deprecated. Consider cold or frozen tiers in place of frozen indices."]
2023-08-04 12:56:08,887 INFO  [com.dot.ContainerResource] (docker-java-stream-824381349) STDOUT: 12:56:08.887  WARN  client.RestClient - request [POST http://elasticsearch:9200/cluster_51b0cac1ff.live_20230804125536/_search?typed_keys=true&max_concurrent_shard_requests=5&ignore_unavailable=false&expand_wildcards=open&allow_no_indices=true&ignore_throttled=true&search_type=query_then_fetch&batched_reduce_size=512&ccs_minimize_roundtrips=true] returned 2 warnings: [299 Elasticsearch-7.16.1-5b38441b16b1ebb16a27c107a4c3865776e20c53 "Elasticsearch built-in security features are not enabled. Without authentication, your cluster could be accessible to anyone. See https://www.elastic.co/guide/en/elasticsearch/reference/7.16/security-minimal-setup.html to enable security."],[299 Elasticsearch-7.16.1-5b38441b16b1ebb16a27c107a4c3865776e20c53 "[ignore_throttled] parameter is deprecated because frozen indices have been deprecated. Consider cold or frozen tiers in place of frozen indices."]
2023-08-04 12:56:08,891 INFO  [com.dot.ContainerResource] (docker-java-stream-824381349) STDOUT: 12:56:08.890  WARN  client.RestClient - request [POST http://elasticsearch:9200/cluster_51b0cac1ff.live_20230804125536/_search?typed_keys=true&max_concurrent_shard_requests=5&ignore_unavailable=false&expand_wildcards=open&allow_no_indices=true&ignore_throttled=true&search_type=query_then_fetch&batched_reduce_size=512&ccs_minimize_roundtrips=true] returned 2 warnings: [299 Elasticsearch-7.16.1-5b38441b16b1ebb16a27c107a4c3865776e20c53 "Elasticsearch built-in security features are not enabled. Without authentication, your cluster could be accessible to anyone. See https://www.elastic.co/guide/en/elasticsearch/reference/7.16/security-minimal-setup.html to enable security."],[299 Elasticsearch-7.16.1-5b38441b16b1ebb16a27c107a4c3865776e20c53 "[ignore_throttled] parameter is deprecated because frozen indices have been deprecated. Consider cold or frozen tiers in place of frozen indices."]
2023-08-04 12:56:08,894 INFO  [com.dot.ContainerResource] (docker-java-stream-824381349) STDOUT: 12:56:08.893  WARN  client.RestClient - request [POST http://elasticsearch:9200/cluster_51b0cac1ff.live_20230804125536/_search?typed_keys=true&max_concurrent_shard_requests=5&ignore_unavailable=false&expand_wildcards=open&allow_no_indices=true&ignore_throttled=true&search_type=query_then_fetch&batched_reduce_size=512&ccs_minimize_roundtrips=true] returned 2 warnings: [299 Elasticsearch-7.16.1-5b38441b16b1ebb16a27c107a4c3865776e20c53 "Elasticsearch built-in security features are not enabled. Without authentication, your cluster could be accessible to anyone. See https://www.elastic.co/guide/en/elasticsearch/reference/7.16/security-minimal-setup.html to enable security."],[299 Elasticsearch-7.16.1-5b38441b16b1ebb16a27c107a4c3865776e20c53 "[ignore_throttled] parameter is deprecated because frozen indices have been deprecated. Consider cold or frozen tiers in place of frozen indices."]
2023-08-04 12:56:08,897 INFO  [com.dot.ContainerResource] (docker-java-stream-824381349) STDOUT: 12:56:08.896  WARN  client.RestClient - request [POST http://elasticsearch:9200/cluster_51b0cac1ff.live_20230804125536/_search?typed_keys=true&max_concurrent_shard_requests=5&ignore_unavailable=false&expand_wildcards=open&allow_no_indices=true&ignore_throttled=true&search_type=query_then_fetch&batched_reduce_size=512&ccs_minimize_roundtrips=true] returned 2 warnings: [299 Elasticsearch-7.16.1-5b38441b16b1ebb16a27c107a4c3865776e20c53 "Elasticsearch built-in security features are not enabled. Without authentication, your cluster could be accessible to anyone. See https://www.elastic.co/guide/en/elasticsearch/reference/7.16/security-minimal-setup.html to enable security."],[299 Elasticsearch-7.16.1-5b38441b16b1ebb16a27c107a4c3865776e20c53 "[ignore_throttled] parameter is deprecated because frozen indices have been deprecated. Consider cold or frozen tiers in place of frozen indices."]
2023-08-04 12:56:08,900 INFO  [com.dot.ContainerResource] (docker-java-stream-824381349) STDOUT: 12:56:08.899  WARN  client.RestClient - request [POST http://elasticsearch:9200/cluster_51b0cac1ff.live_20230804125536/_search?typed_keys=true&max_concurrent_shard_requests=5&ignore_unavailable=false&expand_wildcards=open&allow_no_indices=true&ignore_throttled=true&search_type=query_then_fetch&batched_reduce_size=512&ccs_minimize_roundtrips=true] returned 2 warnings: [299 Elasticsearch-7.16.1-5b38441b16b1ebb16a27c107a4c3865776e20c53 "Elasticsearch built-in security features are not enabled. Without authentication, your cluster could be accessible to anyone. See https://www.elastic.co/guide/en/elasticsearch/reference/7.16/security-minimal-setup.html to enable security."],[299 Elasticsearch-7.16.1-5b38441b16b1ebb16a27c107a4c3865776e20c53 "[ignore_throttled] parameter is deprecated because frozen indices have been deprecated. Consider cold or frozen tiers in place of frozen indices."]
2023-08-04 12:56:08,903 INFO  [com.dot.ContainerResource] (docker-java-stream-824381349) STDOUT: 12:56:08.902  WARN  client.RestClient - request [POST http://elasticsearch:9200/cluster_51b0cac1ff.live_20230804125536/_search?typed_keys=true&max_concurrent_shard_requests=5&ignore_unavailable=false&expand_wildcards=open&allow_no_indices=true&ignore_throttled=true&search_type=query_then_fetch&batched_reduce_size=512&ccs_minimize_roundtrips=true] returned 2 warnings: [299 Elasticsearch-7.16.1-5b38441b16b1ebb16a27c107a4c3865776e20c53 "Elasticsearch built-in security features are not enabled. Without authentication, your cluster could be accessible to anyone. See https://www.elastic.co/guide/en/elasticsearch/reference/7.16/security-minimal-setup.html to enable security."],[299 Elasticsearch-7.16.1-5b38441b16b1ebb16a27c107a4c3865776e20c53 "[ignore_throttled] parameter is deprecated because frozen indices have been deprecated. Consider cold or frozen tiers in place of frozen indices."]
2023-08-04 12:56:08,906 INFO  [com.dot.ContainerResource] (docker-java-stream-824381349) STDOUT: 12:56:08.905  WARN  client.RestClient - request [POST http://elasticsearch:9200/cluster_51b0cac1ff.live_20230804125536/_search?typed_keys=true&max_concurrent_shard_requests=5&ignore_unavailable=false&expand_wildcards=open&allow_no_indices=true&ignore_throttled=true&search_type=query_then_fetch&batched_reduce_size=512&ccs_minimize_roundtrips=true] returned 2 warnings: [299 Elasticsearch-7.16.1-5b38441b16b1ebb16a27c107a4c3865776e20c53 "Elasticsearch built-in security features are not enabled. Without authentication, your cluster could be accessible to anyone. See https://www.elastic.co/guide/en/elasticsearch/reference/7.16/security-minimal-setup.html to enable security."],[299 Elasticsearch-7.16.1-5b38441b16b1ebb16a27c107a4c3865776e20c53 "[ignore_throttled] parameter is deprecated because frozen indices have been deprecated. Consider cold or frozen tiers in place of frozen indices."]
2023-08-04 12:56:08,908 INFO  [com.dot.ContainerResource] (docker-java-stream-824381349) STDOUT: 12:56:08.908  WARN  client.RestClient - request [POST http://elasticsearch:9200/cluster_51b0cac1ff.live_20230804125536/_search?typed_keys=true&max_concurrent_shard_requests=5&ignore_unavailable=false&expand_wildcards=open&allow_no_indices=true&ignore_throttled=true&search_type=query_then_fetch&batched_reduce_size=512&ccs_minimize_roundtrips=true] returned 2 warnings: [299 Elasticsearch-7.16.1-5b38441b16b1ebb16a27c107a4c3865776e20c53 "Elasticsearch built-in security features are not enabled. Without authentication, your cluster could be accessible to anyone. See https://www.elastic.co/guide/en/elasticsearch/reference/7.16/security-minimal-setup.html to enable security."],[299 Elasticsearch-7.16.1-5b38441b16b1ebb16a27c107a4c3865776e20c53 "[ignore_throttled] parameter is deprecated because frozen indices have been deprecated. Consider cold or frozen tiers in place of frozen indices."]
2023-08-04 12:56:08,911 INFO  [com.dot.ContainerResource] (docker-java-stream-824381349) STDOUT: 12:56:08.911  WARN  client.RestClient - request [POST http://elasticsearch:9200/cluster_51b0cac1ff.live_20230804125536/_search?typed_keys=true&max_concurrent_shard_requests=5&ignore_unavailable=false&expand_wildcards=open&allow_no_indices=true&ignore_throttled=true&search_type=query_then_fetch&batched_reduce_size=512&ccs_minimize_roundtrips=true] returned 2 warnings: [299 Elasticsearch-7.16.1-5b38441b16b1ebb16a27c107a4c3865776e20c53 "Elasticsearch built-in security features are not enabled. Without authentication, your cluster could be accessible to anyone. See https://www.elastic.co/guide/en/elasticsearch/reference/7.16/security-minimal-setup.html to enable security."],[299 Elasticsearch-7.16.1-5b38441b16b1ebb16a27c107a4c3865776e20c53 "[ignore_throttled] parameter is deprecated because frozen indices have been deprecated. Consider cold or frozen tiers in place of frozen indices."]
2023-08-04 12:56:08,914 INFO  [com.dot.ContainerResource] (docker-java-stream-824381349) STDOUT: 12:56:08.914  WARN  client.RestClient - request [POST http://elasticsearch:9200/cluster_51b0cac1ff.live_20230804125536/_search?typed_keys=true&max_concurrent_shard_requests=5&ignore_unavailable=false&expand_wildcards=open&allow_no_indices=true&ignore_throttled=true&search_type=query_then_fetch&batched_reduce_size=512&ccs_minimize_roundtrips=true] returned 2 warnings: [299 Elasticsearch-7.16.1-5b38441b16b1ebb16a27c107a4c3865776e20c53 "Elasticsearch built-in security features are not enabled. Without authentication, your cluster could be accessible to anyone. See https://www.elastic.co/guide/en/elasticsearch/reference/7.16/security-minimal-setup.html to enable security."],[299 Elasticsearch-7.16.1-5b38441b16b1ebb16a27c107a4c3865776e20c53 "[ignore_throttled] parameter is deprecated because frozen indices have been deprecated. Consider cold or frozen tiers in place of frozen indices."]
2023-08-04 12:56:08,917 INFO  [com.dot.ContainerResource] (docker-java-stream-824381349) STDOUT: 12:56:08.917  WARN  client.RestClient - request [POST http://elasticsearch:9200/cluster_51b0cac1ff.live_20230804125536/_search?typed_keys=true&max_concurrent_shard_requests=5&ignore_unavailable=false&expand_wildcards=open&allow_no_indices=true&ignore_throttled=true&search_type=query_then_fetch&batched_reduce_size=512&ccs_minimize_roundtrips=true] returned 2 warnings: [299 Elasticsearch-7.16.1-5b38441b16b1ebb16a27c107a4c3865776e20c53 "Elasticsearch built-in security features are not enabled. Without authentication, your cluster could be accessible to anyone. See https://www.elastic.co/guide/en/elasticsearch/reference/7.16/security-minimal-setup.html to enable security."],[299 Elasticsearch-7.16.1-5b38441b16b1ebb16a27c107a4c3865776e20c53 "[ignore_throttled] parameter is deprecated because frozen indices have been deprecated. Consider cold or frozen tiers in place of frozen indices."]
2023-08-04 12:56:08,920 INFO  [com.dot.ContainerResource] (docker-java-stream-824381349) STDOUT: 12:56:08.920  WARN  client.RestClient - request [POST http://elasticsearch:9200/cluster_51b0cac1ff.live_20230804125536/_search?typed_keys=true&max_concurrent_shard_requests=5&ignore_unavailable=false&expand_wildcards=open&allow_no_indices=true&ignore_throttled=true&search_type=query_then_fetch&batched_reduce_size=512&ccs_minimize_roundtrips=true] returned 2 warnings: [299 Elasticsearch-7.16.1-5b38441b16b1ebb16a27c107a4c3865776e20c53 "Elasticsearch built-in security features are not enabled. Without authentication, your cluster could be accessible to anyone. See https://www.elastic.co/guide/en/elasticsearch/reference/7.16/security-minimal-setup.html to enable security."],[299 Elasticsearch-7.16.1-5b38441b16b1ebb16a27c107a4c3865776e20c53 "[ignore_throttled] parameter is deprecated because frozen indices have been deprecated. Consider cold or frozen tiers in place of frozen indices."]
2023-08-04 12:56:08,923 INFO  [com.dot.ContainerResource] (docker-java-stream-824381349) STDOUT: 12:56:08.923  WARN  client.RestClient - request [POST http://elasticsearch:9200/cluster_51b0cac1ff.live_20230804125536/_search?typed_keys=true&max_concurrent_shard_requests=5&ignore_unavailable=false&expand_wildcards=open&allow_no_indices=true&ignore_throttled=true&search_type=query_then_fetch&batched_reduce_size=512&ccs_minimize_roundtrips=true] returned 2 warnings: [299 Elasticsearch-7.16.1-5b38441b16b1ebb16a27c107a4c3865776e20c53 "Elasticsearch built-in security features are not enabled. Without authentication, your cluster could be accessible to anyone. See https://www.elastic.co/guide/en/elasticsearch/reference/7.16/security-minimal-setup.html to enable security."],[299 Elasticsearch-7.16.1-5b38441b16b1ebb16a27c107a4c3865776e20c53 "[ignore_throttled] parameter is deprecated because frozen indices have been deprecated. Consider cold or frozen tiers in place of frozen indices."]
2023-08-04 12:56:08,927 INFO  [com.dot.ContainerResource] (docker-java-stream-824381349) STDOUT: 12:56:08.926  WARN  client.RestClient - request [POST http://elasticsearch:9200/cluster_51b0cac1ff.live_20230804125536/_search?typed_keys=true&max_concurrent_shard_requests=5&ignore_unavailable=false&expand_wildcards=open&allow_no_indices=true&ignore_throttled=true&search_type=query_then_fetch&batched_reduce_size=512&ccs_minimize_roundtrips=true] returned 2 warnings: [299 Elasticsearch-7.16.1-5b38441b16b1ebb16a27c107a4c3865776e20c53 "Elasticsearch built-in security features are not enabled. Without authentication, your cluster could be accessible to anyone. See https://www.elastic.co/guide/en/elasticsearch/reference/7.16/security-minimal-setup.html to enable security."],[299 Elasticsearch-7.16.1-5b38441b16b1ebb16a27c107a4c3865776e20c53 "[ignore_throttled] parameter is deprecated because frozen indices have been deprecated. Consider cold or frozen tiers in place of frozen indices."]
2023-08-04 12:56:08,930 INFO  [com.dot.ContainerResource] (docker-java-stream-824381349) STDOUT: 12:56:08.929  WARN  client.RestClient - request [POST http://elasticsearch:9200/cluster_51b0cac1ff.live_20230804125536/_search?typed_keys=true&max_concurrent_shard_requests=5&ignore_unavailable=false&expand_wildcards=open&allow_no_indices=true&ignore_throttled=true&search_type=query_then_fetch&batched_reduce_size=512&ccs_minimize_roundtrips=true] returned 2 warnings: [299 Elasticsearch-7.16.1-5b38441b16b1ebb16a27c107a4c3865776e20c53 "Elasticsearch built-in security features are not enabled. Without authentication, your cluster could be accessible to anyone. See https://www.elastic.co/guide/en/elasticsearch/reference/7.16/security-minimal-setup.html to enable security."],[299 Elasticsearch-7.16.1-5b38441b16b1ebb16a27c107a4c3865776e20c53 "[ignore_throttled] parameter is deprecated because frozen indices have been deprecated. Consider cold or frozen tiers in place of frozen indices."]
2023-08-04 12:56:08,933 INFO  [com.dot.ContainerResource] (docker-java-stream-824381349) STDOUT: 12:56:08.932  WARN  client.RestClient - request [POST http://elasticsearch:9200/cluster_51b0cac1ff.live_20230804125536/_search?typed_keys=true&max_concurrent_shard_requests=5&ignore_unavailable=false&expand_wildcards=open&allow_no_indices=true&ignore_throttled=true&search_type=query_then_fetch&batched_reduce_size=512&ccs_minimize_roundtrips=true] returned 2 warnings: [299 Elasticsearch-7.16.1-5b38441b16b1ebb16a27c107a4c3865776e20c53 "Elasticsearch built-in security features are not enabled. Without authentication, your cluster could be accessible to anyone. See https://www.elastic.co/guide/en/elasticsearch/reference/7.16/security-minimal-setup.html to enable security."],[299 Elasticsearch-7.16.1-5b38441b16b1ebb16a27c107a4c3865776e20c53 "[ignore_throttled] parameter is deprecated because frozen indices have been deprecated. Consider cold or frozen tiers in place of frozen indices."]
2023-08-04 12:56:08,936 INFO  [com.dot.ContainerResource] (docker-java-stream-824381349) STDOUT: 12:56:08.935  WARN  client.RestClient - request [POST http://elasticsearch:9200/cluster_51b0cac1ff.live_20230804125536/_search?typed_keys=true&max_concurrent_shard_requests=5&ignore_unavailable=false&expand_wildcards=open&allow_no_indices=true&ignore_throttled=true&search_type=query_then_fetch&batched_reduce_size=512&ccs_minimize_roundtrips=true] returned 2 warnings: [299 Elasticsearch-7.16.1-5b38441b16b1ebb16a27c107a4c3865776e20c53 "Elasticsearch built-in security features are not enabled. Without authentication, your cluster could be accessible to anyone. See https://www.elastic.co/guide/en/elasticsearch/reference/7.16/security-minimal-setup.html to enable security."],[299 Elasticsearch-7.16.1-5b38441b16b1ebb16a27c107a4c3865776e20c53 "[ignore_throttled] parameter is deprecated because frozen indices have been deprecated. Consider cold or frozen tiers in place of frozen indices."]
2023-08-04 12:56:08,939 INFO  [com.dot.ContainerResource] (docker-java-stream-824381349) STDOUT: 12:56:08.938  WARN  client.RestClient - request [POST http://elasticsearch:9200/cluster_51b0cac1ff.live_20230804125536/_search?typed_keys=true&max_concurrent_shard_requests=5&ignore_unavailable=false&expand_wildcards=open&allow_no_indices=true&ignore_throttled=true&search_type=query_then_fetch&batched_reduce_size=512&ccs_minimize_roundtrips=true] returned 2 warnings: [299 Elasticsearch-7.16.1-5b38441b16b1ebb16a27c107a4c3865776e20c53 "Elasticsearch built-in security features are not enabled. Without authentication, your cluster could be accessible to anyone. See https://www.elastic.co/guide/en/elasticsearch/reference/7.16/security-minimal-setup.html to enable security."],[299 Elasticsearch-7.16.1-5b38441b16b1ebb16a27c107a4c3865776e20c53 "[ignore_throttled] parameter is deprecated because frozen indices have been deprecated. Consider cold or frozen tiers in place of frozen indices."]
2023-08-04 12:56:08,941 INFO  [com.dot.ContainerResource] (docker-java-stream-824381349) STDOUT: 12:56:08.941  WARN  client.RestClient - request [POST http://elasticsearch:9200/cluster_51b0cac1ff.live_20230804125536/_search?typed_keys=true&max_concurrent_shard_requests=5&ignore_unavailable=false&expand_wildcards=open&allow_no_indices=true&ignore_throttled=true&search_type=query_then_fetch&batched_reduce_size=512&ccs_minimize_roundtrips=true] returned 2 warnings: [299 Elasticsearch-7.16.1-5b38441b16b1ebb16a27c107a4c3865776e20c53 "Elasticsearch built-in security features are not enabled. Without authentication, your cluster could be accessible to anyone. See https://www.elastic.co/guide/en/elasticsearch/reference/7.16/security-minimal-setup.html to enable security."],[299 Elasticsearch-7.16.1-5b38441b16b1ebb16a27c107a4c3865776e20c53 "[ignore_throttled] parameter is deprecated because frozen indices have been deprecated. Consider cold or frozen tiers in place of frozen indices."]
2023-08-04 12:56:08,944 INFO  [com.dot.ContainerResource] (docker-java-stream-824381349) STDOUT: 12:56:08.944  WARN  client.RestClient - request [POST http://elasticsearch:9200/cluster_51b0cac1ff.live_20230804125536/_search?typed_keys=true&max_concurrent_shard_requests=5&ignore_unavailable=false&expand_wildcards=open&allow_no_indices=true&ignore_throttled=true&search_type=query_then_fetch&batched_reduce_size=512&ccs_minimize_roundtrips=true] returned 2 warnings: [299 Elasticsearch-7.16.1-5b38441b16b1ebb16a27c107a4c3865776e20c53 "Elasticsearch built-in security features are not enabled. Without authentication, your cluster could be accessible to anyone. See https://www.elastic.co/guide/en/elasticsearch/reference/7.16/security-minimal-setup.html to enable security."],[299 Elasticsearch-7.16.1-5b38441b16b1ebb16a27c107a4c3865776e20c53 "[ignore_throttled] parameter is deprecated because frozen indices have been deprecated. Consider cold or frozen tiers in place of frozen indices."]
2023-08-04 12:56:08,947 INFO  [com.dot.ContainerResource] (docker-java-stream-824381349) STDOUT: 12:56:08.947  WARN  client.RestClient - request [POST http://elasticsearch:9200/cluster_51b0cac1ff.live_20230804125536/_search?typed_keys=true&max_concurrent_shard_requests=5&ignore_unavailable=false&expand_wildcards=open&allow_no_indices=true&ignore_throttled=true&search_type=query_then_fetch&batched_reduce_size=512&ccs_minimize_roundtrips=true] returned 2 warnings: [299 Elasticsearch-7.16.1-5b38441b16b1ebb16a27c107a4c3865776e20c53 "Elasticsearch built-in security features are not enabled. Without authentication, your cluster could be accessible to anyone. See https://www.elastic.co/guide/en/elasticsearch/reference/7.16/security-minimal-setup.html to enable security."],[299 Elasticsearch-7.16.1-5b38441b16b1ebb16a27c107a4c3865776e20c53 "[ignore_throttled] parameter is deprecated because frozen indices have been deprecated. Consider cold or frozen tiers in place of frozen indices."]
2023-08-04 12:56:08,950 INFO  [com.dot.ContainerResource] (docker-java-stream-824381349) STDOUT: 12:56:08.949  WARN  client.RestClient - request [POST http://elasticsearch:9200/cluster_51b0cac1ff.live_20230804125536/_search?typed_keys=true&max_concurrent_shard_requests=5&ignore_unavailable=false&expand_wildcards=open&allow_no_indices=true&ignore_throttled=true&search_type=query_then_fetch&batched_reduce_size=512&ccs_minimize_roundtrips=true] returned 2 warnings: [299 Elasticsearch-7.16.1-5b38441b16b1ebb16a27c107a4c3865776e20c53 "Elasticsearch built-in security features are not enabled. Without authentication, your cluster could be accessible to anyone. See https://www.elastic.co/guide/en/elasticsearch/reference/7.16/security-minimal-setup.html to enable security."],[299 Elasticsearch-7.16.1-5b38441b16b1ebb16a27c107a4c3865776e20c53 "[ignore_throttled] parameter is deprecated because frozen indices have been deprecated. Consider cold or frozen tiers in place of frozen indices."]
2023-08-04 12:56:08,952 INFO  [com.dot.ContainerResource] (docker-java-stream-824381349) STDOUT: 12:56:08.952  WARN  client.RestClient - request [POST http://elasticsearch:9200/cluster_51b0cac1ff.live_20230804125536/_search?typed_keys=true&max_concurrent_shard_requests=5&ignore_unavailable=false&expand_wildcards=open&allow_no_indices=true&ignore_throttled=true&search_type=query_then_fetch&batched_reduce_size=512&ccs_minimize_roundtrips=true] returned 2 warnings: [299 Elasticsearch-7.16.1-5b38441b16b1ebb16a27c107a4c3865776e20c53 "Elasticsearch built-in security features are not enabled. Without authentication, your cluster could be accessible to anyone. See https://www.elastic.co/guide/en/elasticsearch/reference/7.16/security-minimal-setup.html to enable security."],[299 Elasticsearch-7.16.1-5b38441b16b1ebb16a27c107a4c3865776e20c53 "[ignore_throttled] parameter is deprecated because frozen indices have been deprecated. Consider cold or frozen tiers in place of frozen indices."]
2023-08-04 12:56:08,955 INFO  [com.dot.ContainerResource] (docker-java-stream-824381349) STDOUT: 12:56:08.955  WARN  client.RestClient - request [POST http://elasticsearch:9200/cluster_51b0cac1ff.live_20230804125536/_search?typed_keys=true&max_concurrent_shard_requests=5&ignore_unavailable=false&expand_wildcards=open&allow_no_indices=true&ignore_throttled=true&search_type=query_then_fetch&batched_reduce_size=512&ccs_minimize_roundtrips=true] returned 2 warnings: [299 Elasticsearch-7.16.1-5b38441b16b1ebb16a27c107a4c3865776e20c53 "Elasticsearch built-in security features are not enabled. Without authentication, your cluster could be accessible to anyone. See https://www.elastic.co/guide/en/elasticsearch/reference/7.16/security-minimal-setup.html to enable security."],[299 Elasticsearch-7.16.1-5b38441b16b1ebb16a27c107a4c3865776e20c53 "[ignore_throttled] parameter is deprecated because frozen indices have been deprecated. Consider cold or frozen tiers in place of frozen indices."]
2023-08-04 12:56:08,958 INFO  [com.dot.ContainerResource] (docker-java-stream-824381349) STDOUT: 12:56:08.958  WARN  client.RestClient - request [POST http://elasticsearch:9200/cluster_51b0cac1ff.live_20230804125536/_search?typed_keys=true&max_concurrent_shard_requests=5&ignore_unavailable=false&expand_wildcards=open&allow_no_indices=true&ignore_throttled=true&search_type=query_then_fetch&batched_reduce_size=512&ccs_minimize_roundtrips=true] returned 2 warnings: [299 Elasticsearch-7.16.1-5b38441b16b1ebb16a27c107a4c3865776e20c53 "Elasticsearch built-in security features are not enabled. Without authentication, your cluster could be accessible to anyone. See https://www.elastic.co/guide/en/elasticsearch/reference/7.16/security-minimal-setup.html to enable security."],[299 Elasticsearch-7.16.1-5b38441b16b1ebb16a27c107a4c3865776e20c53 "[ignore_throttled] parameter is deprecated because frozen indices have been deprecated. Consider cold or frozen tiers in place of frozen indices."]
2023-08-04 12:56:08,961 INFO  [com.dot.ContainerResource] (docker-java-stream-824381349) STDOUT: 12:56:08.960  WARN  client.RestClient - request [POST http://elasticsearch:9200/cluster_51b0cac1ff.live_20230804125536/_search?typed_keys=true&max_concurrent_shard_requests=5&ignore_unavailable=false&expand_wildcards=open&allow_no_indices=true&ignore_throttled=true&search_type=query_then_fetch&batched_reduce_size=512&ccs_minimize_roundtrips=true] returned 2 warnings: [299 Elasticsearch-7.16.1-5b38441b16b1ebb16a27c107a4c3865776e20c53 "Elasticsearch built-in security features are not enabled. Without authentication, your cluster could be accessible to anyone. See https://www.elastic.co/guide/en/elasticsearch/reference/7.16/security-minimal-setup.html to enable security."],[299 Elasticsearch-7.16.1-5b38441b16b1ebb16a27c107a4c3865776e20c53 "[ignore_throttled] parameter is deprecated because frozen indices have been deprecated. Consider cold or frozen tiers in place of frozen indices."]
2023-08-04 12:56:08,966 INFO  [com.dot.ContainerResource] (docker-java-stream-824381349) STDOUT: 12:56:08.966  WARN  client.RestClient - request [POST http://elasticsearch:9200/cluster_51b0cac1ff.live_20230804125536/_search?typed_keys=true&max_concurrent_shard_requests=5&ignore_unavailable=false&expand_wildcards=open&allow_no_indices=true&ignore_throttled=true&search_type=query_then_fetch&batched_reduce_size=512&ccs_minimize_roundtrips=true] returned 2 warnings: [299 Elasticsearch-7.16.1-5b38441b16b1ebb16a27c107a4c3865776e20c53 "Elasticsearch built-in security features are not enabled. Without authentication, your cluster could be accessible to anyone. See https://www.elastic.co/guide/en/elasticsearch/reference/7.16/security-minimal-setup.html to enable security."],[299 Elasticsearch-7.16.1-5b38441b16b1ebb16a27c107a4c3865776e20c53 "[ignore_throttled] parameter is deprecated because frozen indices have been deprecated. Consider cold or frozen tiers in place of frozen indices."]
2023-08-04 12:56:08,969 INFO  [com.dot.ContainerResource] (docker-java-stream-824381349) STDOUT: 12:56:08.969  WARN  client.RestClient - request [POST http://elasticsearch:9200/cluster_51b0cac1ff.live_20230804125536/_search?typed_keys=true&max_concurrent_shard_requests=5&ignore_unavailable=false&expand_wildcards=open&allow_no_indices=true&ignore_throttled=true&search_type=query_then_fetch&batched_reduce_size=512&ccs_minimize_roundtrips=true] returned 2 warnings: [299 Elasticsearch-7.16.1-5b38441b16b1ebb16a27c107a4c3865776e20c53 "Elasticsearch built-in security features are not enabled. Without authentication, your cluster could be accessible to anyone. See https://www.elastic.co/guide/en/elasticsearch/reference/7.16/security-minimal-setup.html to enable security."],[299 Elasticsearch-7.16.1-5b38441b16b1ebb16a27c107a4c3865776e20c53 "[ignore_throttled] parameter is deprecated because frozen indices have been deprecated. Consider cold or frozen tiers in place of frozen indices."]
2023-08-04 12:56:08,972 INFO  [com.dot.ContainerResource] (docker-java-stream-824381349) STDOUT: 12:56:08.972  WARN  client.RestClient - request [POST http://elasticsearch:9200/cluster_51b0cac1ff.live_20230804125536/_search?typed_keys=true&max_concurrent_shard_requests=5&ignore_unavailable=false&expand_wildcards=open&allow_no_indices=true&ignore_throttled=true&search_type=query_then_fetch&batched_reduce_size=512&ccs_minimize_roundtrips=true] returned 2 warnings: [299 Elasticsearch-7.16.1-5b38441b16b1ebb16a27c107a4c3865776e20c53 "Elasticsearch built-in security features are not enabled. Without authentication, your cluster could be accessible to anyone. See https://www.elastic.co/guide/en/elasticsearch/reference/7.16/security-minimal-setup.html to enable security."],[299 Elasticsearch-7.16.1-5b38441b16b1ebb16a27c107a4c3865776e20c53 "[ignore_throttled] parameter is deprecated because frozen indices have been deprecated. Consider cold or frozen tiers in place of frozen indices."]
2023-08-04 12:56:08,975 INFO  [com.dot.ContainerResource] (docker-java-stream-824381349) STDOUT: 12:56:08.974  WARN  client.RestClient - request [POST http://elasticsearch:9200/cluster_51b0cac1ff.live_20230804125536/_search?typed_keys=true&max_concurrent_shard_requests=5&ignore_unavailable=false&expand_wildcards=open&allow_no_indices=true&ignore_throttled=true&search_type=query_then_fetch&batched_reduce_size=512&ccs_minimize_roundtrips=true] returned 2 warnings: [299 Elasticsearch-7.16.1-5b38441b16b1ebb16a27c107a4c3865776e20c53 "Elasticsearch built-in security features are not enabled. Without authentication, your cluster could be accessible to anyone. See https://www.elastic.co/guide/en/elasticsearch/reference/7.16/security-minimal-setup.html to enable security."],[299 Elasticsearch-7.16.1-5b38441b16b1ebb16a27c107a4c3865776e20c53 "[ignore_throttled] parameter is deprecated because frozen indices have been deprecated. Consider cold or frozen tiers in place of frozen indices."]
2023-08-04 12:56:08,980 INFO  [com.dot.ContainerResource] (docker-java-stream-824381349) STDOUT: 12:56:08.980  WARN  client.RestClient - request [POST http://elasticsearch:9200/cluster_51b0cac1ff.live_20230804125536/_search?typed_keys=true&max_concurrent_shard_requests=5&ignore_unavailable=false&expand_wildcards=open&allow_no_indices=true&ignore_throttled=true&search_type=query_then_fetch&batched_reduce_size=512&ccs_minimize_roundtrips=true] returned 2 warnings: [299 Elasticsearch-7.16.1-5b38441b16b1ebb16a27c107a4c3865776e20c53 "Elasticsearch built-in security features are not enabled. Without authentication, your cluster could be accessible to anyone. See https://www.elastic.co/guide/en/elasticsearch/reference/7.16/security-minimal-setup.html to enable security."],[299 Elasticsearch-7.16.1-5b38441b16b1ebb16a27c107a4c3865776e20c53 "[ignore_throttled] parameter is deprecated because frozen indices have been deprecated. Consider cold or frozen tiers in place of frozen indices."]
2023-08-04 12:56:08,989 INFO  [com.dot.ContainerResource] (docker-java-stream-824381349) STDOUT: 12:56:08.988  WARN  client.RestClient - request [POST http://elasticsearch:9200/cluster_51b0cac1ff.live_20230804125536/_search?typed_keys=true&max_concurrent_shard_requests=5&ignore_unavailable=false&expand_wildcards=open&allow_no_indices=true&ignore_throttled=true&search_type=query_then_fetch&batched_reduce_size=512&ccs_minimize_roundtrips=true] returned 2 warnings: [299 Elasticsearch-7.16.1-5b38441b16b1ebb16a27c107a4c3865776e20c53 "Elasticsearch built-in security features are not enabled. Without authentication, your cluster could be accessible to anyone. See https://www.elastic.co/guide/en/elasticsearch/reference/7.16/security-minimal-setup.html to enable security."],[299 Elasticsearch-7.16.1-5b38441b16b1ebb16a27c107a4c3865776e20c53 "[ignore_throttled] parameter is deprecated because frozen indices have been deprecated. Consider cold or frozen tiers in place of frozen indices."]
2023-08-04 12:56:08,994 INFO  [com.dot.ContainerResource] (docker-java-stream-824381349) STDOUT: 12:56:08.993  WARN  client.RestClient - request [POST http://elasticsearch:9200/cluster_51b0cac1ff.live_20230804125536/_search?typed_keys=true&max_concurrent_shard_requests=5&ignore_unavailable=false&expand_wildcards=open&allow_no_indices=true&ignore_throttled=true&search_type=query_then_fetch&batched_reduce_size=512&ccs_minimize_roundtrips=true] returned 2 warnings: [299 Elasticsearch-7.16.1-5b38441b16b1ebb16a27c107a4c3865776e20c53 "Elasticsearch built-in security features are not enabled. Without authentication, your cluster could be accessible to anyone. See https://www.elastic.co/guide/en/elasticsearch/reference/7.16/security-minimal-setup.html to enable security."],[299 Elasticsearch-7.16.1-5b38441b16b1ebb16a27c107a4c3865776e20c53 "[ignore_throttled] parameter is deprecated because frozen indices have been deprecated. Consider cold or frozen tiers in place of frozen indices."]
2023-08-04 12:56:09,002 INFO  [com.dot.ContainerResource] (docker-java-stream-824381349) STDOUT: 12:56:09.002  WARN  client.RestClient - request [POST http://elasticsearch:9200/cluster_51b0cac1ff.live_20230804125536/_search?typed_keys=true&max_concurrent_shard_requests=5&ignore_unavailable=false&expand_wildcards=open&allow_no_indices=true&ignore_throttled=true&search_type=query_then_fetch&batched_reduce_size=512&ccs_minimize_roundtrips=true] returned 2 warnings: [299 Elasticsearch-7.16.1-5b38441b16b1ebb16a27c107a4c3865776e20c53 "Elasticsearch built-in security features are not enabled. Without authentication, your cluster could be accessible to anyone. See https://www.elastic.co/guide/en/elasticsearch/reference/7.16/security-minimal-setup.html to enable security."],[299 Elasticsearch-7.16.1-5b38441b16b1ebb16a27c107a4c3865776e20c53 "[ignore_throttled] parameter is deprecated because frozen indices have been deprecated. Consider cold or frozen tiers in place of frozen indices."]
2023-08-04 12:56:09,006 INFO  [com.dot.ContainerResource] (docker-java-stream-824381349) STDOUT: 12:56:09.006  WARN  client.RestClient - request [POST http://elasticsearch:9200/cluster_51b0cac1ff.live_20230804125536/_search?typed_keys=true&max_concurrent_shard_requests=5&ignore_unavailable=false&expand_wildcards=open&allow_no_indices=true&ignore_throttled=true&search_type=query_then_fetch&batched_reduce_size=512&ccs_minimize_roundtrips=true] returned 2 warnings: [299 Elasticsearch-7.16.1-5b38441b16b1ebb16a27c107a4c3865776e20c53 "Elasticsearch built-in security features are not enabled. Without authentication, your cluster could be accessible to anyone. See https://www.elastic.co/guide/en/elasticsearch/reference/7.16/security-minimal-setup.html to enable security."],[299 Elasticsearch-7.16.1-5b38441b16b1ebb16a27c107a4c3865776e20c53 "[ignore_throttled] parameter is deprecated because frozen indices have been deprecated. Consider cold or frozen tiers in place of frozen indices."]
2023-08-04 12:56:09,010 INFO  [com.dot.ContainerResource] (docker-java-stream-824381349) STDOUT: 12:56:09.010  WARN  client.RestClient - request [POST http://elasticsearch:9200/cluster_51b0cac1ff.live_20230804125536/_search?typed_keys=true&max_concurrent_shard_requests=5&ignore_unavailable=false&expand_wildcards=open&allow_no_indices=true&ignore_throttled=true&search_type=query_then_fetch&batched_reduce_size=512&ccs_minimize_roundtrips=true] returned 2 warnings: [299 Elasticsearch-7.16.1-5b38441b16b1ebb16a27c107a4c3865776e20c53 "Elasticsearch built-in security features are not enabled. Without authentication, your cluster could be accessible to anyone. See https://www.elastic.co/guide/en/elasticsearch/reference/7.16/security-minimal-setup.html to enable security."],[299 Elasticsearch-7.16.1-5b38441b16b1ebb16a27c107a4c3865776e20c53 "[ignore_throttled] parameter is deprecated because frozen indices have been deprecated. Consider cold or frozen tiers in place of frozen indices."]
2023-08-04 12:56:09,015 INFO  [com.dot.ContainerResource] (docker-java-stream-824381349) STDOUT: 12:56:09.014  WARN  client.RestClient - request [POST http://elasticsearch:9200/cluster_51b0cac1ff.live_20230804125536/_search?typed_keys=true&max_concurrent_shard_requests=5&ignore_unavailable=false&expand_wildcards=open&allow_no_indices=true&ignore_throttled=true&search_type=query_then_fetch&batched_reduce_size=512&ccs_minimize_roundtrips=true] returned 2 warnings: [299 Elasticsearch-7.16.1-5b38441b16b1ebb16a27c107a4c3865776e20c53 "Elasticsearch built-in security features are not enabled. Without authentication, your cluster could be accessible to anyone. See https://www.elastic.co/guide/en/elasticsearch/reference/7.16/security-minimal-setup.html to enable security."],[299 Elasticsearch-7.16.1-5b38441b16b1ebb16a27c107a4c3865776e20c53 "[ignore_throttled] parameter is deprecated because frozen indices have been deprecated. Consider cold or frozen tiers in place of frozen indices."]
2023-08-04 12:56:09,021 INFO  [com.dot.ContainerResource] (docker-java-stream-824381349) STDOUT: 12:56:09.020  WARN  client.RestClient - request [POST http://elasticsearch:9200/cluster_51b0cac1ff.live_20230804125536/_search?typed_keys=true&max_concurrent_shard_requests=5&ignore_unavailable=false&expand_wildcards=open&allow_no_indices=true&ignore_throttled=true&search_type=query_then_fetch&batched_reduce_size=512&ccs_minimize_roundtrips=true] returned 2 warnings: [299 Elasticsearch-7.16.1-5b38441b16b1ebb16a27c107a4c3865776e20c53 "Elasticsearch built-in security features are not enabled. Without authentication, your cluster could be accessible to anyone. See https://www.elastic.co/guide/en/elasticsearch/reference/7.16/security-minimal-setup.html to enable security."],[299 Elasticsearch-7.16.1-5b38441b16b1ebb16a27c107a4c3865776e20c53 "[ignore_throttled] parameter is deprecated because frozen indices have been deprecated. Consider cold or frozen tiers in place of frozen indices."]
2023-08-04 12:56:09,026 INFO  [com.dot.ContainerResource] (docker-java-stream-824381349) STDOUT: 12:56:09.025  WARN  client.RestClient - request [POST http://elasticsearch:9200/cluster_51b0cac1ff.live_20230804125536/_search?typed_keys=true&max_concurrent_shard_requests=5&ignore_unavailable=false&expand_wildcards=open&allow_no_indices=true&ignore_throttled=true&search_type=query_then_fetch&batched_reduce_size=512&ccs_minimize_roundtrips=true] returned 2 warnings: [299 Elasticsearch-7.16.1-5b38441b16b1ebb16a27c107a4c3865776e20c53 "Elasticsearch built-in security features are not enabled. Without authentication, your cluster could be accessible to anyone. See https://www.elastic.co/guide/en/elasticsearch/reference/7.16/security-minimal-setup.html to enable security."],[299 Elasticsearch-7.16.1-5b38441b16b1ebb16a27c107a4c3865776e20c53 "[ignore_throttled] parameter is deprecated because frozen indices have been deprecated. Consider cold or frozen tiers in place of frozen indices."]
2023-08-04 12:56:09,031 INFO  [com.dot.ContainerResource] (docker-java-stream-824381349) STDOUT: 12:56:09.030  WARN  client.RestClient - request [POST http://elasticsearch:9200/cluster_51b0cac1ff.live_20230804125536/_search?typed_keys=true&max_concurrent_shard_requests=5&ignore_unavailable=false&expand_wildcards=open&allow_no_indices=true&ignore_throttled=true&search_type=query_then_fetch&batched_reduce_size=512&ccs_minimize_roundtrips=true] returned 2 warnings: [299 Elasticsearch-7.16.1-5b38441b16b1ebb16a27c107a4c3865776e20c53 "Elasticsearch built-in security features are not enabled. Without authentication, your cluster could be accessible to anyone. See https://www.elastic.co/guide/en/elasticsearch/reference/7.16/security-minimal-setup.html to enable security."],[299 Elasticsearch-7.16.1-5b38441b16b1ebb16a27c107a4c3865776e20c53 "[ignore_throttled] parameter is deprecated because frozen indices have been deprecated. Consider cold or frozen tiers in place of frozen indices."]
2023-08-04 12:56:09,034 INFO  [com.dot.ContainerResource] (docker-java-stream-824381349) STDOUT: 12:56:09.034  WARN  client.RestClient - request [POST http://elasticsearch:9200/cluster_51b0cac1ff.live_20230804125536/_search?typed_keys=true&max_concurrent_shard_requests=5&ignore_unavailable=false&expand_wildcards=open&allow_no_indices=true&ignore_throttled=true&search_type=query_then_fetch&batched_reduce_size=512&ccs_minimize_roundtrips=true] returned 2 warnings: [299 Elasticsearch-7.16.1-5b38441b16b1ebb16a27c107a4c3865776e20c53 "Elasticsearch built-in security features are not enabled. Without authentication, your cluster could be accessible to anyone. See https://www.elastic.co/guide/en/elasticsearch/reference/7.16/security-minimal-setup.html to enable security."],[299 Elasticsearch-7.16.1-5b38441b16b1ebb16a27c107a4c3865776e20c53 "[ignore_throttled] parameter is deprecated because frozen indices have been deprecated. Consider cold or frozen tiers in place of frozen indices."]
2023-08-04 12:56:09,038 INFO  [com.dot.ContainerResource] (docker-java-stream-824381349) STDOUT: 12:56:09.038  WARN  client.RestClient - request [POST http://elasticsearch:9200/cluster_51b0cac1ff.live_20230804125536/_search?typed_keys=true&max_concurrent_shard_requests=5&ignore_unavailable=false&expand_wildcards=open&allow_no_indices=true&ignore_throttled=true&search_type=query_then_fetch&batched_reduce_size=512&ccs_minimize_roundtrips=true] returned 2 warnings: [299 Elasticsearch-7.16.1-5b38441b16b1ebb16a27c107a4c3865776e20c53 "Elasticsearch built-in security features are not enabled. Without authentication, your cluster could be accessible to anyone. See https://www.elastic.co/guide/en/elasticsearch/reference/7.16/security-minimal-setup.html to enable security."],[299 Elasticsearch-7.16.1-5b38441b16b1ebb16a27c107a4c3865776e20c53 "[ignore_throttled] parameter is deprecated because frozen indices have been deprecated. Consider cold or frozen tiers in place of frozen indices."]
2023-08-04 12:56:09,044 INFO  [com.dot.ContainerResource] (docker-java-stream-824381349) STDOUT: 12:56:09.043  WARN  client.RestClient - request [POST http://elasticsearch:9200/cluster_51b0cac1ff.live_20230804125536/_search?typed_keys=true&max_concurrent_shard_requests=5&ignore_unavailable=false&expand_wildcards=open&allow_no_indices=true&ignore_throttled=true&search_type=query_then_fetch&batched_reduce_size=512&ccs_minimize_roundtrips=true] returned 2 warnings: [299 Elasticsearch-7.16.1-5b38441b16b1ebb16a27c107a4c3865776e20c53 "Elasticsearch built-in security features are not enabled. Without authentication, your cluster could be accessible to anyone. See https://www.elastic.co/guide/en/elasticsearch/reference/7.16/security-minimal-setup.html to enable security."],[299 Elasticsearch-7.16.1-5b38441b16b1ebb16a27c107a4c3865776e20c53 "[ignore_throttled] parameter is deprecated because frozen indices have been deprecated. Consider cold or frozen tiers in place of frozen indices."]
2023-08-04 12:56:09,054 INFO  [com.dot.ContainerResource] (docker-java-stream-824381349) STDOUT: 12:56:09.052  WARN  client.RestClient - request [POST http://elasticsearch:9200/cluster_51b0cac1ff.live_20230804125536/_search?typed_keys=true&max_concurrent_shard_requests=5&ignore_unavailable=false&expand_wildcards=open&allow_no_indices=true&ignore_throttled=true&search_type=query_then_fetch&batched_reduce_size=512&ccs_minimize_roundtrips=true] returned 2 warnings: [299 Elasticsearch-7.16.1-5b38441b16b1ebb16a27c107a4c3865776e20c53 "Elasticsearch built-in security features are not enabled. Without authentication, your cluster could be accessible to anyone. See https://www.elastic.co/guide/en/elasticsearch/reference/7.16/security-minimal-setup.html to enable security."],[299 Elasticsearch-7.16.1-5b38441b16b1ebb16a27c107a4c3865776e20c53 "[ignore_throttled] parameter is deprecated because frozen indices have been deprecated. Consider cold or frozen tiers in place of frozen indices."]
2023-08-04 12:56:09,060 INFO  [com.dot.ContainerResource] (docker-java-stream-824381349) STDOUT: 12:56:09.059  WARN  client.RestClient - request [POST http://elasticsearch:9200/cluster_51b0cac1ff.live_20230804125536/_search?typed_keys=true&max_concurrent_shard_requests=5&ignore_unavailable=false&expand_wildcards=open&allow_no_indices=true&ignore_throttled=true&search_type=query_then_fetch&batched_reduce_size=512&ccs_minimize_roundtrips=true] returned 2 warnings: [299 Elasticsearch-7.16.1-5b38441b16b1ebb16a27c107a4c3865776e20c53 "Elasticsearch built-in security features are not enabled. Without authentication, your cluster could be accessible to anyone. See https://www.elastic.co/guide/en/elasticsearch/reference/7.16/security-minimal-setup.html to enable security."],[299 Elasticsearch-7.16.1-5b38441b16b1ebb16a27c107a4c3865776e20c53 "[ignore_throttled] parameter is deprecated because frozen indices have been deprecated. Consider cold or frozen tiers in place of frozen indices."]
2023-08-04 12:56:09,064 INFO  [com.dot.ContainerResource] (docker-java-stream-824381349) STDOUT: 12:56:09.063  WARN  client.RestClient - request [POST http://elasticsearch:9200/cluster_51b0cac1ff.live_20230804125536/_search?typed_keys=true&max_concurrent_shard_requests=5&ignore_unavailable=false&expand_wildcards=open&allow_no_indices=true&ignore_throttled=true&search_type=query_then_fetch&batched_reduce_size=512&ccs_minimize_roundtrips=true] returned 2 warnings: [299 Elasticsearch-7.16.1-5b38441b16b1ebb16a27c107a4c3865776e20c53 "Elasticsearch built-in security features are not enabled. Without authentication, your cluster could be accessible to anyone. See https://www.elastic.co/guide/en/elasticsearch/reference/7.16/security-minimal-setup.html to enable security."],[299 Elasticsearch-7.16.1-5b38441b16b1ebb16a27c107a4c3865776e20c53 "[ignore_throttled] parameter is deprecated because frozen indices have been deprecated. Consider cold or frozen tiers in place of frozen indices."]
2023-08-04 12:56:09,068 INFO  [com.dot.ContainerResource] (docker-java-stream-824381349) STDOUT: 12:56:09.067  WARN  client.RestClient - request [POST http://elasticsearch:9200/cluster_51b0cac1ff.live_20230804125536/_search?typed_keys=true&max_concurrent_shard_requests=5&ignore_unavailable=false&expand_wildcards=open&allow_no_indices=true&ignore_throttled=true&search_type=query_then_fetch&batched_reduce_size=512&ccs_minimize_roundtrips=true] returned 2 warnings: [299 Elasticsearch-7.16.1-5b38441b16b1ebb16a27c107a4c3865776e20c53 "Elasticsearch built-in security features are not enabled. Without authentication, your cluster could be accessible to anyone. See https://www.elastic.co/guide/en/elasticsearch/reference/7.16/security-minimal-setup.html to enable security."],[299 Elasticsearch-7.16.1-5b38441b16b1ebb16a27c107a4c3865776e20c53 "[ignore_throttled] parameter is deprecated because frozen indices have been deprecated. Consider cold or frozen tiers in place of frozen indices."]
2023-08-04 12:56:09,080 INFO  [com.dot.ContainerResource] (docker-java-stream-824381349) STDOUT: 12:56:09.078  WARN  client.RestClient - request [POST http://elasticsearch:9200/cluster_51b0cac1ff.live_20230804125536/_search?typed_keys=true&max_concurrent_shard_requests=5&ignore_unavailable=false&expand_wildcards=open&allow_no_indices=true&ignore_throttled=true&search_type=query_then_fetch&batched_reduce_size=512&ccs_minimize_roundtrips=true] returned 2 warnings: [299 Elasticsearch-7.16.1-5b38441b16b1ebb16a27c107a4c3865776e20c53 "Elasticsearch built-in security features are not enabled. Without authentication, your cluster could be accessible to anyone. See https://www.elastic.co/guide/en/elasticsearch/reference/7.16/security-minimal-setup.html to enable security."],[299 Elasticsearch-7.16.1-5b38441b16b1ebb16a27c107a4c3865776e20c53 "[ignore_throttled] parameter is deprecated because frozen indices have been deprecated. Consider cold or frozen tiers in place of frozen indices."]
2023-08-04 12:56:09,090 INFO  [com.dot.ContainerResource] (docker-java-stream-824381349) STDOUT: 12:56:09.088  WARN  client.RestClient - request [POST http://elasticsearch:9200/cluster_51b0cac1ff.live_20230804125536/_search?typed_keys=true&max_concurrent_shard_requests=5&ignore_unavailable=false&expand_wildcards=open&allow_no_indices=true&ignore_throttled=true&search_type=query_then_fetch&batched_reduce_size=512&ccs_minimize_roundtrips=true] returned 2 warnings: [299 Elasticsearch-7.16.1-5b38441b16b1ebb16a27c107a4c3865776e20c53 "Elasticsearch built-in security features are not enabled. Without authentication, your cluster could be accessible to anyone. See https://www.elastic.co/guide/en/elasticsearch/reference/7.16/security-minimal-setup.html to enable security."],[299 Elasticsearch-7.16.1-5b38441b16b1ebb16a27c107a4c3865776e20c53 "[ignore_throttled] parameter is deprecated because frozen indices have been deprecated. Consider cold or frozen tiers in place of frozen indices."]
2023-08-04 12:56:09,100 INFO  [com.dot.ContainerResource] (docker-java-stream-824381349) STDOUT: 12:56:09.098  WARN  client.RestClient - request [POST http://elasticsearch:9200/cluster_51b0cac1ff.live_20230804125536/_search?typed_keys=true&max_concurrent_shard_requests=5&ignore_unavailable=false&expand_wildcards=open&allow_no_indices=true&ignore_throttled=true&search_type=query_then_fetch&batched_reduce_size=512&ccs_minimize_roundtrips=true] returned 2 warnings: [299 Elasticsearch-7.16.1-5b38441b16b1ebb16a27c107a4c3865776e20c53 "Elasticsearch built-in security features are not enabled. Without authentication, your cluster could be accessible to anyone. See https://www.elastic.co/guide/en/elasticsearch/reference/7.16/security-minimal-setup.html to enable security."],[299 Elasticsearch-7.16.1-5b38441b16b1ebb16a27c107a4c3865776e20c53 "[ignore_throttled] parameter is deprecated because frozen indices have been deprecated. Consider cold or frozen tiers in place of frozen indices."]
2023-08-04 12:56:09,114 INFO  [com.dot.ContainerResource] (docker-java-stream-824381349) STDOUT: 12:56:09.112  WARN  client.RestClient - request [POST http://elasticsearch:9200/cluster_51b0cac1ff.live_20230804125536/_search?typed_keys=true&max_concurrent_shard_requests=5&ignore_unavailable=false&expand_wildcards=open&allow_no_indices=true&ignore_throttled=true&search_type=query_then_fetch&batched_reduce_size=512&ccs_minimize_roundtrips=true] returned 2 warnings: [299 Elasticsearch-7.16.1-5b38441b16b1ebb16a27c107a4c3865776e20c53 "Elasticsearch built-in security features are not enabled. Without authentication, your cluster could be accessible to anyone. See https://www.elastic.co/guide/en/elasticsearch/reference/7.16/security-minimal-setup.html to enable security."],[299 Elasticsearch-7.16.1-5b38441b16b1ebb16a27c107a4c3865776e20c53 "[ignore_throttled] parameter is deprecated because frozen indices have been deprecated. Consider cold or frozen tiers in place of frozen indices."]
2023-08-04 12:56:09,146 INFO  [com.dot.ContainerResource] (docker-java-stream-824381349) STDOUT: 12:56:09.140  WARN  client.RestClient - request [POST http://elasticsearch:9200/cluster_51b0cac1ff.live_20230804125536/_search?typed_keys=true&max_concurrent_shard_requests=5&ignore_unavailable=false&expand_wildcards=open&allow_no_indices=true&ignore_throttled=true&search_type=query_then_fetch&batched_reduce_size=512&ccs_minimize_roundtrips=true] returned 2 warnings: [299 Elasticsearch-7.16.1-5b38441b16b1ebb16a27c107a4c3865776e20c53 "Elasticsearch built-in security features are not enabled. Without authentication, your cluster could be accessible to anyone. See https://www.elastic.co/guide/en/elasticsearch/reference/7.16/security-minimal-setup.html to enable security."],[299 Elasticsearch-7.16.1-5b38441b16b1ebb16a27c107a4c3865776e20c53 "[ignore_throttled] parameter is deprecated because frozen indices have been deprecated. Consider cold or frozen tiers in place of frozen indices."]
2023-08-04 12:56:09,146 INFO  [com.dot.ContainerResource] (docker-java-stream-824381349) STDOUT: 12:56:09.144  WARN  client.RestClient - request [POST http://elasticsearch:9200/cluster_51b0cac1ff.live_20230804125536/_search?typed_keys=true&max_concurrent_shard_requests=5&ignore_unavailable=false&expand_wildcards=open&allow_no_indices=true&ignore_throttled=true&search_type=query_then_fetch&batched_reduce_size=512&ccs_minimize_roundtrips=true] returned 2 warnings: [299 Elasticsearch-7.16.1-5b38441b16b1ebb16a27c107a4c3865776e20c53 "Elasticsearch built-in security features are not enabled. Without authentication, your cluster could be accessible to anyone. See https://www.elastic.co/guide/en/elasticsearch/reference/7.16/security-minimal-setup.html to enable security."],[299 Elasticsearch-7.16.1-5b38441b16b1ebb16a27c107a4c3865776e20c53 "[ignore_throttled] parameter is deprecated because frozen indices have been deprecated. Consider cold or frozen tiers in place of frozen indices."]
]]></system-out>
  </testcase>
  <testcase name="Test_Send_Invalid_Host_And_Folder_Verify_Defaults" classname="com.dotcms.api.ContentTypeAPIIntegrationTest" time="0.977">
    <system-out><![CDATA[2023-08-04 12:56:10,098 INFO  [com.dot.ContainerResource] (docker-java-stream-824381349) STDOUT: 12:56:10.097  INFO  util.SecurityLogger - class com.dotcms.cms.login.LoginServiceAPIFactory$LoginServiceImpl : User dotcms.org.1 has successfully login from IP: 172.18.0.1 -- ip:172.18.0.1,user:Admin User [ID: dotcms.org.1][email:admin@dotcms.com]
2023-08-04 12:56:10,098 INFO  [com.dot.ContainerResource] (docker-java-stream-824381349) STDOUT: 12:56:10.098  INFO  util.SecurityLogger - class com.dotcms.rest.api.v1.authentication.CreateJsonWebTokenResource : A Json Web Token admin@dotcms.com is being created from IP: 172.18.0.1 -- ip:172.18.0.1,user:Admin User [ID: dotcms.org.1][email:admin@dotcms.com]
2023-08-04 12:56:10,236 INFO  [com.dot.ContainerResource] (docker-java-stream-824381349) STDOUT: 12:56:10.235  INFO  business.DeterministicIdentifierAPIImpl - hashing id: content:varct1691153770213 to f58ac51e680403f36037540cf35418a9
2023-08-04 12:56:10,241 INFO  [com.dot.ContainerResource] (docker-java-stream-824381349) STDOUT: 12:56:10.241  INFO  business.DeterministicIdentifierAPIImpl - hashing id: content:varct1691153770213:binvar1691153770213 to e4d3f69adb7a7edecb54879edd377325
2023-08-04 12:56:10,251 INFO  [com.dot.ContainerResource] (docker-java-stream-824381349) STDOUT: 12:56:10.251  INFO  util.ActivityLogger - class com.dotmarketing.util.ActivityLogger: system : Save Field Action , User system/system user added field binVar1691153770213 to name Structure.
2023-08-04 12:56:10,261 INFO  [com.dot.ContainerResource] (docker-java-stream-824381349) STDOUT: 12:56:10.261  INFO  util.ActivityLogger - class com.dotcms.contenttype.business.ContentTypeAPIImpl: system : Save ContentType Action , User dotcms.org.1/Admin User added ContentType name to host id:8a7d5e23-da1e-420a-b4f0-471e7da8ea2d
2023-08-04 12:56:10,262 INFO  [com.dot.ContainerResource] (docker-java-stream-824381349) STDOUT: 12:56:10.261  INFO  business.ContentTypeAPIImpl - UserId : dotcms.org.1 : ContentType : ContentType saved : name
2023-08-04 12:56:10,262 INFO  [com.dot.ContainerResource] (docker-java-stream-824381349) STDOUT: 12:56:10.262  INFO  util.AdminLogger - UserId : dotcms.org.1 : class com.dotcms.contenttype.business.ContentTypeAPIImpl : ContentType : ContentType saved : name
2023-08-04 12:56:10,263 INFO  [com.dot.ContainerResource] (docker-java-stream-824381349) STDOUT: 12:56:10.262  INFO  business.WorkflowAPIImpl - Saving Schemas [  ] for Content type 'f58ac51e680403f36037540cf35418a9'
2023-08-04 12:56:10,263 INFO  [com.dot.ContainerResource] (docker-java-stream-824381349) STDOUT: 12:56:10.263  INFO  util.SecurityLogger - class com.dotmarketing.portlets.workflows.business.WorkflowAPIImpl : Saving Schemas [  ] for Content type 'f58ac51e680403f36037540cf35418a9' -- ip:172.18.0.1,user:Admin User [ID: dotcms.org.1][email:admin@dotcms.com]
]]></system-out>
  </testcase>
  <testcase name="Test_Get_Filtered_Paginated_ContentTypes" classname="com.dotcms.api.ContentTypeAPIIntegrationTest" time="1.751">
    <system-out><![CDATA[2023-08-04 12:56:11,052 INFO  [com.dot.ContainerResource] (docker-java-stream-824381349) STDOUT: 12:56:11.052  INFO  util.SecurityLogger - class com.dotcms.cms.login.LoginServiceAPIFactory$LoginServiceImpl : User dotcms.org.1 has successfully login from IP: 172.18.0.1 -- ip:172.18.0.1,user:Admin User [ID: dotcms.org.1][email:admin@dotcms.com]
2023-08-04 12:56:11,053 INFO  [com.dot.ContainerResource] (docker-java-stream-824381349) STDOUT: 12:56:11.052  INFO  util.SecurityLogger - class com.dotcms.rest.api.v1.authentication.CreateJsonWebTokenResource : A Json Web Token admin@dotcms.com is being created from IP: 172.18.0.1 -- ip:172.18.0.1,user:Admin User [ID: dotcms.org.1][email:admin@dotcms.com]
2023-08-04 12:56:11,923 INFO  [com.dot.ContainerResource] (docker-java-stream-824381349) STDOUT: 12:56:11.923  WARN  client.RestClient - request [POST http://elasticsearch:9200/cluster_51b0cac1ff.working_20230804125536/_search?typed_keys=true&max_concurrent_shard_requests=5&ignore_unavailable=false&expand_wildcards=open&allow_no_indices=true&ignore_throttled=true&search_type=query_then_fetch&batched_reduce_size=512&ccs_minimize_roundtrips=true] returned 2 warnings: [299 Elasticsearch-7.16.1-5b38441b16b1ebb16a27c107a4c3865776e20c53 "Elasticsearch built-in security features are not enabled. Without authentication, your cluster could be accessible to anyone. See https://www.elastic.co/guide/en/elasticsearch/reference/7.16/security-minimal-setup.html to enable security."],[299 Elasticsearch-7.16.1-5b38441b16b1ebb16a27c107a4c3865776e20c53 "[ignore_throttled] parameter is deprecated because frozen indices have been deprecated. Consider cold or frozen tiers in place of frozen indices."]
]]></system-out>
  </testcase>
  <testcase name="Test_Create_Content_Type_Out_Of_Folder_Path" classname="com.dotcms.api.ContentTypeAPIIntegrationTest" time="0.925">
    <system-out><![CDATA[2023-08-04 12:56:12,811 INFO  [com.dot.ContainerResource] (docker-java-stream-824381349) STDOUT: 12:56:12.810  INFO  util.SecurityLogger - class com.dotcms.cms.login.LoginServiceAPIFactory$LoginServiceImpl : User dotcms.org.1 has successfully login from IP: 172.18.0.1 -- ip:172.18.0.1,user:Admin User [ID: dotcms.org.1][email:admin@dotcms.com]
2023-08-04 12:56:12,811 INFO  [com.dot.ContainerResource] (docker-java-stream-824381349) STDOUT: 12:56:12.810  INFO  util.SecurityLogger - class com.dotcms.rest.api.v1.authentication.CreateJsonWebTokenResource : A Json Web Token admin@dotcms.com is being created from IP: 172.18.0.1 -- ip:172.18.0.1,user:Admin User [ID: dotcms.org.1][email:admin@dotcms.com]
2023-08-04 12:56:12,865 INFO  [com.dot.ContainerResource] (docker-java-stream-824381349) STDOUT: 12:56:12.864  INFO  business.DeterministicIdentifierAPIImpl - hashing id: folder:default/f11691153772845 to 53fea3caa3c920921d4642de3f733972
2023-08-04 12:56:12,874 INFO  [com.dot.ContainerResource] (docker-java-stream-824381349) STDOUT: 12:56:12.874  INFO  business.DeterministicIdentifierAPIImpl - hashing id: folder:default/f11691153772845/f21691153772845 to 6fdf211e50b16ffd15e334eb8e4a6e0e
2023-08-04 12:56:12,898 INFO  [com.dot.ContainerResource] (docker-java-stream-824381349) STDOUT: 12:56:12.897  INFO  business.DeterministicIdentifierAPIImpl - hashing id: content:varct21691153772845 to bf99d03136b82030ca799b91faf17b11
2023-08-04 12:56:12,906 INFO  [com.dot.ContainerResource] (docker-java-stream-824381349) STDOUT: 12:56:12.905  INFO  business.DeterministicIdentifierAPIImpl - hashing id: content:varct21691153772845:binvar21691153772845 to 199bf68342ed1e95b20a1bd645688d64
2023-08-04 12:56:12,920 INFO  [com.dot.ContainerResource] (docker-java-stream-824381349) STDOUT: 12:56:12.920  INFO  util.ActivityLogger - class com.dotmarketing.util.ActivityLogger: system : Save Field Action , User system/system user added field binVar21691153772845 to name Structure.
2023-08-04 12:56:12,928 INFO  [com.dot.ContainerResource] (docker-java-stream-824381349) STDOUT: 12:56:12.927  INFO  util.ActivityLogger - class com.dotcms.contenttype.business.ContentTypeAPIImpl: system : Save ContentType Action , User dotcms.org.1/Admin User added ContentType name to host id:8a7d5e23-da1e-420a-b4f0-471e7da8ea2d
2023-08-04 12:56:12,928 INFO  [com.dot.ContainerResource] (docker-java-stream-824381349) STDOUT: 12:56:12.927  INFO  business.ContentTypeAPIImpl - UserId : dotcms.org.1 : ContentType : ContentType saved : name
2023-08-04 12:56:12,928 INFO  [com.dot.ContainerResource] (docker-java-stream-824381349) STDOUT: 12:56:12.928  INFO  util.AdminLogger - UserId : dotcms.org.1 : class com.dotcms.contenttype.business.ContentTypeAPIImpl : ContentType : ContentType saved : name
2023-08-04 12:56:12,928 INFO  [com.dot.ContainerResource] (docker-java-stream-824381349) STDOUT: 12:56:12.928  INFO  business.WorkflowAPIImpl - Saving Schemas [  ] for Content type 'bf99d03136b82030ca799b91faf17b11'
2023-08-04 12:56:12,929 INFO  [com.dot.ContainerResource] (docker-java-stream-824381349) STDOUT: 12:56:12.928  INFO  util.SecurityLogger - class com.dotmarketing.portlets.workflows.business.WorkflowAPIImpl : Saving Schemas [  ] for Content type 'bf99d03136b82030ca799b91faf17b11' -- ip:172.18.0.1,user:Admin User [ID: dotcms.org.1][email:admin@dotcms.com]
]]></system-out>
  </testcase>
  <testcase name="Simple_LayOut_Support_Test" classname="com.dotcms.api.ContentTypeAPIIntegrationTest" time="1.019">
    <system-out><![CDATA[2023-08-04 12:56:13,774 INFO  [com.dot.ContainerResource] (docker-java-stream-824381349) STDOUT: 12:56:13.773  INFO  util.SecurityLogger - class com.dotcms.cms.login.LoginServiceAPIFactory$LoginServiceImpl : User dotcms.org.1 has successfully login from IP: 172.18.0.1 -- ip:172.18.0.1,user:Admin User [ID: dotcms.org.1][email:admin@dotcms.com]
2023-08-04 12:56:13,774 INFO  [com.dot.ContainerResource] (docker-java-stream-824381349) STDOUT: 12:56:13.773  INFO  util.SecurityLogger - class com.dotcms.rest.api.v1.authentication.CreateJsonWebTokenResource : A Json Web Token admin@dotcms.com is being created from IP: 172.18.0.1 -- ip:172.18.0.1,user:Admin User [ID: dotcms.org.1][email:admin@dotcms.com]
2023-08-04 12:56:13,806 INFO  [com.dot.ContainerResource] (docker-java-stream-824381349) STDOUT: 12:56:13.804  INFO  business.DeterministicIdentifierAPIImpl - hashing id: content:layoutsupporttest325261899415 to 15f22a7523d2ae7f4f1baf3fb9dc04cc
2023-08-04 12:56:13,812 INFO  [com.dot.ContainerResource] (docker-java-stream-824381349) STDOUT: 12:56:13.808  INFO  business.DeterministicIdentifierAPIImpl - hashing id: content:layoutsupporttest325261899415:row1 to 58fdb14ed4344063fc26efdba26199de
2023-08-04 12:56:13,814 INFO  [com.dot.ContainerResource] (docker-java-stream-824381349) STDOUT: 12:56:13.814  INFO  util.ActivityLogger - class com.dotmarketing.util.ActivityLogger: system : Save Field Action , User system/system user added field row-1 to layoutsTest Structure.
2023-08-04 12:56:13,822 INFO  [com.dot.ContainerResource] (docker-java-stream-824381349) STDOUT: 12:56:13.818  INFO  business.DeterministicIdentifierAPIImpl - hashing id: content:layoutsupporttest325261899415:column1 to 95c2142f6ddaea9cc246ca0c3a250daf
2023-08-04 12:56:13,824 INFO  [com.dot.ContainerResource] (docker-java-stream-824381349) STDOUT: 12:56:13.824  INFO  util.ActivityLogger - class com.dotmarketing.util.ActivityLogger: system : Save Field Action , User system/system user added field column-1 to layoutsTest Structure.
2023-08-04 12:56:13,832 INFO  [com.dot.ContainerResource] (docker-java-stream-824381349) STDOUT: 12:56:13.832  INFO  business.DeterministicIdentifierAPIImpl - hashing id: content:layoutsupporttest325261899415:txtvar1325262893029 to d4c494a6dd6601c81df148039ba08496
2023-08-04 12:56:13,842 INFO  [com.dot.ContainerResource] (docker-java-stream-824381349) STDOUT: 12:56:13.841  INFO  util.ActivityLogger - class com.dotmarketing.util.ActivityLogger: system : Save Field Action , User system/system user added field __txt_field_1 to layoutsTest Structure.
2023-08-04 12:56:13,850 INFO  [com.dot.ContainerResource] (docker-java-stream-824381349) STDOUT: 12:56:13.846  INFO  business.DeterministicIdentifierAPIImpl - hashing id: content:layoutsupporttest325261899415:txtvar2325262946229 to 868646b99370bf3667cba87cfd70eeaa
2023-08-04 12:56:13,854 INFO  [com.dot.ContainerResource] (docker-java-stream-824381349) STDOUT: 12:56:13.854  INFO  util.ActivityLogger - class com.dotmarketing.util.ActivityLogger: system : Save Field Action , User system/system user added field __txt_field_2 to layoutsTest Structure.
2023-08-04 12:56:13,859 INFO  [com.dot.ContainerResource] (docker-java-stream-824381349) STDOUT: 12:56:13.859  INFO  business.DeterministicIdentifierAPIImpl - hashing id: content:layoutsupporttest325261899415:column2 to ee8995df0f0b495839b6d6ccc7063329
2023-08-04 12:56:13,867 INFO  [com.dot.ContainerResource] (docker-java-stream-824381349) STDOUT: 12:56:13.867  INFO  util.ActivityLogger - class com.dotmarketing.util.ActivityLogger: system : Save Field Action , User system/system user added field column-2 to layoutsTest Structure.
2023-08-04 12:56:13,873 INFO  [com.dot.ContainerResource] (docker-java-stream-824381349) STDOUT: 12:56:13.873  INFO  business.DeterministicIdentifierAPIImpl - hashing id: content:layoutsupporttest325261899415:txtvar3325262976130 to 2d52742d4de088f6a0396ed2f4b2bdec
2023-08-04 12:56:13,883 INFO  [com.dot.ContainerResource] (docker-java-stream-824381349) STDOUT: 12:56:13.882  INFO  util.ActivityLogger - class com.dotmarketing.util.ActivityLogger: system : Save Field Action , User system/system user added field __txt_field_3 to layoutsTest Structure.
2023-08-04 12:56:13,890 INFO  [com.dot.ContainerResource] (docker-java-stream-824381349) STDOUT: 12:56:13.890  INFO  business.DeterministicIdentifierAPIImpl - hashing id: content:layoutsupporttest325261899415:row2 to 2e87abaf295f72aa4b1ac6f7e7fcad2c
2023-08-04 12:56:13,906 INFO  [com.dot.ContainerResource] (docker-java-stream-824381349) STDOUT: 12:56:13.906  INFO  util.ActivityLogger - class com.dotmarketing.util.ActivityLogger: system : Save Field Action , User system/system user added field row-2 to layoutsTest Structure.
2023-08-04 12:56:13,915 INFO  [com.dot.ContainerResource] (docker-java-stream-824381349) STDOUT: 12:56:13.915  INFO  business.DeterministicIdentifierAPIImpl - hashing id: content:layoutsupporttest325261899415:column3 to 0f77d358f4d0b637649af584fa55b67c
2023-08-04 12:56:13,926 INFO  [com.dot.ContainerResource] (docker-java-stream-824381349) STDOUT: 12:56:13.926  INFO  util.ActivityLogger - class com.dotmarketing.util.ActivityLogger: system : Save Field Action , User system/system user added field column-3 to layoutsTest Structure.
2023-08-04 12:56:13,934 INFO  [com.dot.ContainerResource] (docker-java-stream-824381349) STDOUT: 12:56:13.934  INFO  business.DeterministicIdentifierAPIImpl - hashing id: content:layoutsupporttest325261899415:txtvar4325263015830 to c06066bf2f43665c90b02969ec310214
2023-08-04 12:56:13,947 INFO  [com.dot.ContainerResource] (docker-java-stream-824381349) STDOUT: 12:56:13.946  INFO  util.ActivityLogger - class com.dotmarketing.util.ActivityLogger: system : Save Field Action , User system/system user added field __txt_field_4 to layoutsTest Structure.
2023-08-04 12:56:13,955 INFO  [com.dot.ContainerResource] (docker-java-stream-824381349) STDOUT: 12:56:13.955  INFO  util.ActivityLogger - class com.dotcms.contenttype.business.ContentTypeAPIImpl: system : Save ContentType Action , User dotcms.org.1/Admin User added ContentType layoutsTest to host id:SYSTEM_HOST
2023-08-04 12:56:13,956 INFO  [com.dot.ContainerResource] (docker-java-stream-824381349) STDOUT: 12:56:13.955  INFO  business.ContentTypeAPIImpl - UserId : dotcms.org.1 : ContentType : ContentType saved : layoutsTest
2023-08-04 12:56:13,956 INFO  [com.dot.ContainerResource] (docker-java-stream-824381349) STDOUT: 12:56:13.955  INFO  util.AdminLogger - UserId : dotcms.org.1 : class com.dotcms.contenttype.business.ContentTypeAPIImpl : ContentType : ContentType saved : layoutsTest
2023-08-04 12:56:13,957 INFO  [com.dot.ContainerResource] (docker-java-stream-824381349) STDOUT: 12:56:13.955  INFO  business.WorkflowAPIImpl - Saving Schemas [  ] for Content type '15f22a7523d2ae7f4f1baf3fb9dc04cc'
2023-08-04 12:56:13,957 INFO  [com.dot.ContainerResource] (docker-java-stream-824381349) STDOUT: 12:56:13.955  INFO  util.SecurityLogger - class com.dotmarketing.portlets.workflows.business.WorkflowAPIImpl : Saving Schemas [  ] for Content type '15f22a7523d2ae7f4f1baf3fb9dc04cc' -- ip:172.18.0.1,user:Admin User [ID: dotcms.org.1][email:admin@dotcms.com]
]]></system-out>
  </testcase>
  <testcase name="Test_404_None_Existing_Content_Type" classname="com.dotcms.api.ContentTypeAPIIntegrationTest" time="0.832">
    <system-out><![CDATA[2023-08-04 12:56:14,809 INFO  [com.dot.ContainerResource] (docker-java-stream-824381349) STDOUT: 12:56:14.808  INFO  util.SecurityLogger - class com.dotcms.cms.login.LoginServiceAPIFactory$LoginServiceImpl : User dotcms.org.1 has successfully login from IP: 172.18.0.1 -- ip:172.18.0.1,user:Admin User [ID: dotcms.org.1][email:admin@dotcms.com]
2023-08-04 12:56:14,809 INFO  [com.dot.ContainerResource] (docker-java-stream-824381349) STDOUT: 12:56:14.809  INFO  util.SecurityLogger - class com.dotcms.rest.api.v1.authentication.CreateJsonWebTokenResource : A Json Web Token admin@dotcms.com is being created from IP: 172.18.0.1 -- ip:172.18.0.1,user:Admin User [ID: dotcms.org.1][email:admin@dotcms.com]
]]></system-out>
  </testcase>
  <testcase name="Test_Post_Filtered_Paginated_ContentTypes" classname="com.dotcms.api.ContentTypeAPIIntegrationTest" time="1.034">
    <system-out><![CDATA[2023-08-04 12:56:15,572 INFO  [com.dot.ContainerResource] (docker-java-stream-824381349) STDOUT: 12:56:15.571  INFO  util.SecurityLogger - class com.dotcms.cms.login.LoginServiceAPIFactory$LoginServiceImpl : User dotcms.org.1 has successfully login from IP: 172.18.0.1 -- ip:172.18.0.1,user:Admin User [ID: dotcms.org.1][email:admin@dotcms.com]
2023-08-04 12:56:15,572 INFO  [com.dot.ContainerResource] (docker-java-stream-824381349) STDOUT: 12:56:15.572  INFO  util.SecurityLogger - class com.dotcms.rest.api.v1.authentication.CreateJsonWebTokenResource : A Json Web Token admin@dotcms.com is being created from IP: 172.18.0.1 -- ip:172.18.0.1,user:Admin User [ID: dotcms.org.1][email:admin@dotcms.com]
2023-08-04 12:56:15,712 INFO  [com.dot.ContainerResource] (docker-java-stream-824381349) STDOUT: 12:56:15.712  WARN  client.RestClient - request [POST http://elasticsearch:9200/cluster_51b0cac1ff.working_20230804125536/_search?typed_keys=true&max_concurrent_shard_requests=5&ignore_unavailable=false&expand_wildcards=open&allow_no_indices=true&ignore_throttled=true&search_type=query_then_fetch&batched_reduce_size=512&ccs_minimize_roundtrips=true] returned 2 warnings: [299 Elasticsearch-7.16.1-5b38441b16b1ebb16a27c107a4c3865776e20c53 "Elasticsearch built-in security features are not enabled. Without authentication, your cluster could be accessible to anyone. See https://www.elastic.co/guide/en/elasticsearch/reference/7.16/security-minimal-setup.html to enable security."],[299 Elasticsearch-7.16.1-5b38441b16b1ebb16a27c107a4c3865776e20c53 "[ignore_throttled] parameter is deprecated because frozen indices have been deprecated. Consider cold or frozen tiers in place of frozen indices."]
]]></system-out>
  </testcase>
  <testcase name="Test_Get_All_ContentTypes" classname="com.dotcms.api.ContentTypeAPIIntegrationTest" time="1.12">
    <system-out><![CDATA[2023-08-04 12:56:16,681 INFO  [com.dot.ContainerResource] (docker-java-stream-824381349) STDOUT: 12:56:16.681  INFO  util.SecurityLogger - class com.dotcms.cms.login.LoginServiceAPIFactory$LoginServiceImpl : User dotcms.org.1 has successfully login from IP: 172.18.0.1 -- ip:172.18.0.1,user:Admin User [ID: dotcms.org.1][email:admin@dotcms.com]
2023-08-04 12:56:16,682 INFO  [com.dot.ContainerResource] (docker-java-stream-824381349) STDOUT: 12:56:16.682  INFO  util.SecurityLogger - class com.dotcms.rest.api.v1.authentication.CreateJsonWebTokenResource : A Json Web Token admin@dotcms.com is being created from IP: 172.18.0.1 -- ip:172.18.0.1,user:Admin User [ID: dotcms.org.1][email:admin@dotcms.com]
2023-08-04 12:56:16,741 INFO  [com.dot.ContainerResource] (docker-java-stream-824381349) STDOUT: 12:56:16.740  WARN  client.RestClient - request [POST http://elasticsearch:9200/cluster_51b0cac1ff.working_20230804125536/_search?typed_keys=true&max_concurrent_shard_requests=5&ignore_unavailable=false&expand_wildcards=open&allow_no_indices=true&ignore_throttled=true&search_type=query_then_fetch&batched_reduce_size=512&ccs_minimize_roundtrips=true] returned 2 warnings: [299 Elasticsearch-7.16.1-5b38441b16b1ebb16a27c107a4c3865776e20c53 "Elasticsearch built-in security features are not enabled. Without authentication, your cluster could be accessible to anyone. See https://www.elastic.co/guide/en/elasticsearch/reference/7.16/security-minimal-setup.html to enable security."],[299 Elasticsearch-7.16.1-5b38441b16b1ebb16a27c107a4c3865776e20c53 "[ignore_throttled] parameter is deprecated because frozen indices have been deprecated. Consider cold or frozen tiers in place of frozen indices."]
]]></system-out>
  </testcase>
  <testcase name="Test_Send_Folder_Path_Only_Valid_Folder_Expect_Matching_Folder_Id" classname="com.dotcms.api.ContentTypeAPIIntegrationTest" time="0.85">
    <system-out><![CDATA[2023-08-04 12:56:17,755 INFO  [com.dot.ContainerResource] (docker-java-stream-824381349) STDOUT: 12:56:17.755  INFO  util.SecurityLogger - class com.dotcms.cms.login.LoginServiceAPIFactory$LoginServiceImpl : User dotcms.org.1 has successfully login from IP: 172.18.0.1 -- ip:172.18.0.1,user:Admin User [ID: dotcms.org.1][email:admin@dotcms.com]
2023-08-04 12:56:17,756 INFO  [com.dot.ContainerResource] (docker-java-stream-824381349) STDOUT: 12:56:17.755  INFO  util.SecurityLogger - class com.dotcms.rest.api.v1.authentication.CreateJsonWebTokenResource : A Json Web Token admin@dotcms.com is being created from IP: 172.18.0.1 -- ip:172.18.0.1,user:Admin User [ID: dotcms.org.1][email:admin@dotcms.com]
2023-08-04 12:56:17,780 INFO  [com.dot.ContainerResource] (docker-java-stream-824381349) STDOUT: 12:56:17.780  INFO  business.DeterministicIdentifierAPIImpl - hashing id: folder:default/foo to 957db6d235045a8e52e683fed54afe36
2023-08-04 12:56:17,800 INFO  [com.dot.ContainerResource] (docker-java-stream-824381349) STDOUT: 12:56:17.799  INFO  business.DeterministicIdentifierAPIImpl - hashing id: content:fromfolderpathct1691153777790 to 5e11d9699100db7348153e40dd95565e
2023-08-04 12:56:17,804 INFO  [com.dot.ContainerResource] (docker-java-stream-824381349) STDOUT: 12:56:17.803  INFO  business.DeterministicIdentifierAPIImpl - hashing id: content:fromfolderpathct1691153777790:binvar1691153777790 to d1b0ceb4a6e7fad526b46da7e86cda5f
2023-08-04 12:56:17,816 INFO  [com.dot.ContainerResource] (docker-java-stream-824381349) STDOUT: 12:56:17.816  INFO  util.ActivityLogger - class com.dotmarketing.util.ActivityLogger: system : Save Field Action , User system/system user added field binVar1691153777790 to fooCT Structure.
2023-08-04 12:56:17,819 INFO  [com.dot.ContainerResource] (docker-java-stream-824381349) STDOUT: 12:56:17.819  INFO  util.ActivityLogger - class com.dotcms.contenttype.business.ContentTypeAPIImpl: system : Save ContentType Action , User dotcms.org.1/Admin User added ContentType fooCT to host id:8a7d5e23-da1e-420a-b4f0-471e7da8ea2d
2023-08-04 12:56:17,820 INFO  [com.dot.ContainerResource] (docker-java-stream-824381349) STDOUT: 12:56:17.819  INFO  business.ContentTypeAPIImpl - UserId : dotcms.org.1 : ContentType : ContentType saved : fooCT
2023-08-04 12:56:17,820 INFO  [com.dot.ContainerResource] (docker-java-stream-824381349) STDOUT: 12:56:17.819  INFO  util.AdminLogger - UserId : dotcms.org.1 : class com.dotcms.contenttype.business.ContentTypeAPIImpl : ContentType : ContentType saved : fooCT
2023-08-04 12:56:17,820 INFO  [com.dot.ContainerResource] (docker-java-stream-824381349) STDOUT: 12:56:17.820  INFO  business.WorkflowAPIImpl - Saving Schemas [  ] for Content type '5e11d9699100db7348153e40dd95565e'
2023-08-04 12:56:17,820 INFO  [com.dot.ContainerResource] (docker-java-stream-824381349) STDOUT: 12:56:17.820  INFO  util.SecurityLogger - class com.dotmarketing.portlets.workflows.business.WorkflowAPIImpl : Saving Schemas [  ] for Content type '5e11d9699100db7348153e40dd95565e' -- ip:172.18.0.1,user:Admin User [ID: dotcms.org.1][email:admin@dotcms.com]
]]></system-out>
  </testcase>
  <testcase name="Test_Content_Type_Model_Serialization" classname="com.dotcms.api.ContentTypeAPIIntegrationTest" time="0.833">
    <system-out><![CDATA[2023-08-04 12:56:18,656 INFO  [com.dot.ContainerResource] (docker-java-stream-824381349) STDOUT: 12:56:18.656  INFO  util.SecurityLogger - class com.dotcms.cms.login.LoginServiceAPIFactory$LoginServiceImpl : User dotcms.org.1 has successfully login from IP: 172.18.0.1 -- ip:172.18.0.1,user:Admin User [ID: dotcms.org.1][email:admin@dotcms.com]
2023-08-04 12:56:18,657 INFO  [com.dot.ContainerResource] (docker-java-stream-824381349) STDOUT: 12:56:18.656  INFO  util.SecurityLogger - class com.dotcms.rest.api.v1.authentication.CreateJsonWebTokenResource : A Json Web Token admin@dotcms.com is being created from IP: 172.18.0.1 -- ip:172.18.0.1,user:Admin User [ID: dotcms.org.1][email:admin@dotcms.com]
{
  "clazz" : "SimpleContentType",
  "id" : "1",
  "name" : "var",
  "variable" : "var",
  "host" : "SYSTEM_HOST",
  "folder" : "SYSTEM_FOLDER",
  "description" : "desc",
  "baseType" : "CONTENT",
  "fields" : [ {
    "clazz" : "BinaryField",
    "id" : "1",
    "name" : "name",
    "variable" : "fieldVar",
    "dataType" : "SYSTEM"
  } ]
}
]]></system-out>
  </testcase>
</testsuite>