<?xml version="1.0" encoding="UTF-8"?>
<testsuite name="com.dotmarketing.portlets.rules.conditionlet.VisitedUrlConditionletTest" tests="9" skipped="0" failures="0" errors="0" timestamp="2023-06-23T00:50:35" hostname="fv-az395-584" time="0.088">
  <properties/>
  <testcase name="testWrongRegexComparison" classname="com.dotmarketing.portlets.rules.conditionlet.VisitedUrlConditionletTest" time="0.018"/>
  <testcase name="testIsComparison" classname="com.dotmarketing.portlets.rules.conditionlet.VisitedUrlConditionletTest" time="0.005"/>
  <testcase name="testStartWithComparison" classname="com.dotmarketing.portlets.rules.conditionlet.VisitedUrlConditionletTest" time="0.012"/>
  <testcase name="testIsNotComparison" classname="com.dotmarketing.portlets.rules.conditionlet.VisitedUrlConditionletTest" time="0.005"/>
  <testcase name="testContainsComparison" classname="com.dotmarketing.portlets.rules.conditionlet.VisitedUrlConditionletTest" time="0.008"/>
  <testcase name="testEndsWithComparison" classname="com.dotmarketing.portlets.rules.conditionlet.VisitedUrlConditionletTest" time="0.008"/>
  <testcase name="testRegexComparison" classname="com.dotmarketing.portlets.rules.conditionlet.VisitedUrlConditionletTest" time="0.017"/>
  <testcase name="testWrongIsNotComparison" classname="com.dotmarketing.portlets.rules.conditionlet.VisitedUrlConditionletTest" time="0.012"/>
  <testcase name="testVisitedUrlConditionletConfiguration" classname="com.dotmarketing.portlets.rules.conditionlet.VisitedUrlConditionletTest" time="0.001"/>
  <system-out><![CDATA[]]></system-out>
  <system-err><![CDATA[]]></system-err>
</testsuite>
