<?xml version="1.0" encoding="UTF-8"?>
<testsuite name="com.dotmarketing.portlets.workflows.business.SaveContentDraftActionletTest" tests="2" skipped="0" failures="0" errors="0" timestamp="2023-07-11T23:57:25" hostname="fv-az461-329" time="2.676">
  <properties/>
  <testcase name="saveContentDraftTest" classname="com.dotmarketing.portlets.workflows.business.SaveContentDraftActionletTest" time="1.26"/>
  <testcase name="save_content_draft_test_with_categories_success" classname="com.dotmarketing.portlets.workflows.business.SaveContentDraftActionletTest" time="1.415"/>
  <system-out><![CDATA[]]></system-out>
  <system-err><![CDATA[]]></system-err>
</testsuite>
