<?xml version="1.0" encoding="UTF-8"?>
<testsuite name="com.dotcms.tika.TikaUtilsTest" tests="6" skipped="0" failures="0" errors="0" timestamp="2023-07-05T15:50:33" hostname="fv-az951-870" time="0.009">
  <properties/>
  <testcase name="testGetConfiguredMetadataFields" classname="com.dotcms.tika.TikaUtilsTest" time="0.004"/>
  <testcase name="test_FilterMetadataFields_WhenFieldsArrayIsEmpty_DoesNotModifyTheMap" classname="com.dotcms.tika.TikaUtilsTest" time="0.001"/>
  <testcase name="test_FilterMetadataFields_WhenFieldMatchesRegex_ReturnsMapWithTheField" classname="com.dotcms.tika.TikaUtilsTest" time="0.0"/>
  <testcase name="test_FilterMetadataFields_WhenFieldIsWildcard_ReturnsMapWithAllFields" classname="com.dotcms.tika.TikaUtilsTest" time="0.002"/>
  <testcase name="test_FilterMetadataFields_WhenFieldExistsInMap_ReturnsMapWithTheField" classname="com.dotcms.tika.TikaUtilsTest" time="0.0"/>
  <testcase name="test_FilterMetadataFields_WhenMapEmpty_ReturnsEmptyMap" classname="com.dotcms.tika.TikaUtilsTest" time="0.001"/>
  <system-out><![CDATA[]]></system-out>
  <system-err><![CDATA[]]></system-err>
</testsuite>
