<?xml version="1.0" encoding="UTF-8"?>
<testsuite name="com.dotmarketing.portlets.structure.model.ContentletRelationshipsTest" tests="7" skipped="0" failures="0" errors="0" timestamp="2023-06-30T16:17:30" hostname="fv-az173-860" time="9.347">
  <properties/>
  <testcase name="testDoesAllowOnlyOne[0: com.dotmarketing.portlets.structure.model.ContentletRelationshipsTest$CardinalityTestCase@758285cc]" classname="com.dotmarketing.portlets.structure.model.ContentletRelationshipsTest" time="0.673"/>
  <testcase name="testDoesAllowOnlyOne[1: com.dotmarketing.portlets.structure.model.ContentletRelationshipsTest$CardinalityTestCase@13aea964]" classname="com.dotmarketing.portlets.structure.model.ContentletRelationshipsTest" time="0.455"/>
  <testcase name="testDoesAllowOnlyOne[2: com.dotmarketing.portlets.structure.model.ContentletRelationshipsTest$CardinalityTestCase@29fe55b3]" classname="com.dotmarketing.portlets.structure.model.ContentletRelationshipsTest" time="0.677"/>
  <testcase name="testGetRelationshipRecords[0: com.dotmarketing.portlets.structure.model.ContentletRelationshipsTest$TestCase@65216545]" classname="com.dotmarketing.portlets.structure.model.ContentletRelationshipsTest" time="2.151"/>
  <testcase name="testGetRelationshipRecords[1: com.dotmarketing.portlets.structure.model.ContentletRelationshipsTest$TestCase@4ec20c8]" classname="com.dotmarketing.portlets.structure.model.ContentletRelationshipsTest" time="2.289"/>
  <testcase name="testGetRelationshipRecords[2: com.dotmarketing.portlets.structure.model.ContentletRelationshipsTest$TestCase@626f4cb8]" classname="com.dotmarketing.portlets.structure.model.ContentletRelationshipsTest" time="1.156"/>
  <testcase name="testGetRelationshipRecords[3: com.dotmarketing.portlets.structure.model.ContentletRelationshipsTest$TestCase@3967de8b]" classname="com.dotmarketing.portlets.structure.model.ContentletRelationshipsTest" time="1.945"/>
  <system-out><![CDATA[]]></system-out>
  <system-err><![CDATA[]]></system-err>
</testsuite>
