<?xml version="1.0" encoding="UTF-8"?>
<testsuite name="com.dotcms.rest.api.v1.authentication.ResetPasswordResourceIntegrationTest" tests="4" skipped="0" failures="0" errors="0" timestamp="2023-06-22T01:02:50" hostname="fv-az484-488" time="8.898">
  <properties/>
  <testcase name="testEXPIREDTOKEN" classname="com.dotcms.rest.api.v1.authentication.ResetPasswordResourceIntegrationTest" time="2.745"/>
  <testcase name="test_resetPassword_tokenNotBelongAnyUser_badRequest" classname="com.dotcms.rest.api.v1.authentication.ResetPasswordResourceIntegrationTest" time="0.004"/>
  <testcase name="test_resetPassword_success" classname="com.dotcms.rest.api.v1.authentication.ResetPasswordResourceIntegrationTest" time="3.433"/>
  <testcase name="testINVALIDPASSWORD" classname="com.dotcms.rest.api.v1.authentication.ResetPasswordResourceIntegrationTest" time="2.716"/>
  <system-out><![CDATA[]]></system-out>
  <system-err><![CDATA[]]></system-err>
</testsuite>
