<?xml version="1.0" encoding="UTF-8"?>
<testsuite name="com.dotcms.contenttype.business.ContentTypeDestroyAPIImplTest" tests="5" skipped="0" failures="0" errors="0" timestamp="2023-06-30T21:32:12" hostname="fv-az248-258" time="150.063">
  <properties/>
  <testcase name="Destroy_General_Test" classname="com.dotcms.contenttype.business.ContentTypeDestroyAPIImplTest" time="14.082"/>
  <testcase name="Test_Destroy_Persona_Like_Content_Type" classname="com.dotcms.contenttype.business.ContentTypeDestroyAPIImplTest" time="3.187"/>
  <testcase name="Test_Relocate_Contentlets" classname="com.dotcms.contenttype.business.ContentTypeDestroyAPIImplTest" time="119.709"/>
  <testcase name="Test_Destroy_With_Categories" classname="com.dotcms.contenttype.business.ContentTypeDestroyAPIImplTest" time="2.692"/>
  <testcase name="testNextBatch" classname="com.dotcms.contenttype.business.ContentTypeDestroyAPIImplTest" time="10.393"/>
  <system-out><![CDATA[]]></system-out>
  <system-err><![CDATA[Jun 30, 2023 9:33:12 PM com.hazelcast.nio.tcp.TcpIpAcceptor
INFO: [172.18.0.1]:5701 [dev] [3.9.2] Accepting socket connection from /127.0.0.1:59256
Jun 30, 2023 9:33:12 PM com.hazelcast.nio.tcp.TcpIpConnectionManager
INFO: [172.18.0.1]:5701 [dev] [3.9.2] Established socket connection between /127.0.0.1:5701 and /127.0.0.1:59256
Jun 30, 2023 9:33:12 PM com.hazelcast.nio.tcp.TcpIpConnection
INFO: [172.18.0.1]:5701 [dev] [3.9.2] Connection[id=1, /127.0.0.1:5701->/127.0.0.1:59256, endpoint=null, alive=false, type=NONE] closed. Reason: Connection closed by the other side
Jun 30, 2023 9:33:13 PM com.hazelcast.core.LifecycleService
INFO: [172.18.0.1]:5701 [dev] [3.9.2] [172.18.0.1]:5701 is SHUTTING_DOWN
Jun 30, 2023 9:33:13 PM com.hazelcast.instance.Node
INFO: [172.18.0.1]:5701 [dev] [3.9.2] Shutting down connection manager...
Jun 30, 2023 9:33:13 PM com.hazelcast.instance.Node
INFO: [172.18.0.1]:5701 [dev] [3.9.2] Shutting down node engine...
Jun 30, 2023 9:33:13 PM com.hazelcast.instance.NodeExtension
INFO: [172.18.0.1]:5701 [dev] [3.9.2] Destroying node NodeExtension.
Jun 30, 2023 9:33:13 PM com.hazelcast.instance.Node
INFO: [172.18.0.1]:5701 [dev] [3.9.2] Hazelcast Shutdown is completed in 24 ms.
Jun 30, 2023 9:33:13 PM com.hazelcast.core.LifecycleService
INFO: [172.18.0.1]:5701 [dev] [3.9.2] [172.18.0.1]:5701 is SHUTDOWN
Jun 30, 2023 9:33:13 PM com.hazelcast.instance.AddressPicker
INFO: [LOCAL] [dev] [3.9.2] Prefer IPv4 stack is true.
Jun 30, 2023 9:33:13 PM com.hazelcast.instance.AddressPicker
INFO: [LOCAL] [dev] [3.9.2] Picked [172.18.0.1]:5701, using socket ServerSocket[addr=/0:0:0:0:0:0:0:0,localport=5701], bind any local is true
Jun 30, 2023 9:33:13 PM com.hazelcast.system
INFO: [172.18.0.1]:5701 [dev] [3.9.2] Hazelcast 3.9.2 (20180103 - 17e4ec3) starting at [172.18.0.1]:5701
Jun 30, 2023 9:33:13 PM com.hazelcast.system
INFO: [172.18.0.1]:5701 [dev] [3.9.2] Copyright (c) 2008-2017, Hazelcast, Inc. All Rights Reserved.
Jun 30, 2023 9:33:13 PM com.hazelcast.system
INFO: [172.18.0.1]:5701 [dev] [3.9.2] Configured Hazelcast Serialization version: 1
Jun 30, 2023 9:33:13 PM com.hazelcast.spi.impl.operationservice.impl.BackpressureRegulator
INFO: [172.18.0.1]:5701 [dev] [3.9.2] Backpressure is disabled
Jun 30, 2023 9:33:13 PM com.hazelcast.spi.impl.operationexecutor.impl.OperationExecutorImpl
INFO: [172.18.0.1]:5701 [dev] [3.9.2] Starting 2 partition threads and 3 generic threads (1 dedicated for priority tasks)
Jun 30, 2023 9:33:13 PM com.hazelcast.internal.diagnostics.Diagnostics
INFO: [172.18.0.1]:5701 [dev] [3.9.2] Diagnostics disabled. To enable add -Dhazelcast.diagnostics.enabled=true to the JVM arguments.
Jun 30, 2023 9:33:13 PM com.hazelcast.core.LifecycleService
INFO: [172.18.0.1]:5701 [dev] [3.9.2] [172.18.0.1]:5701 is STARTING
Jun 30, 2023 9:33:13 PM com.hazelcast.instance.Node
WARNING: [172.18.0.1]:5701 [dev] [3.9.2] No join method is enabled! Starting standalone.
Jun 30, 2023 9:33:13 PM com.hazelcast.system
INFO: [172.18.0.1]:5701 [dev] [3.9.2] Cluster version set to 3.9
Jun 30, 2023 9:33:13 PM com.hazelcast.core.LifecycleService
INFO: [172.18.0.1]:5701 [dev] [3.9.2] [172.18.0.1]:5701 is STARTED
Jun 30, 2023 9:33:13 PM com.hazelcast.internal.partition.impl.PartitionStateManager
INFO: [172.18.0.1]:5701 [dev] [3.9.2] Initializing cluster partition table arrangement...
]]></system-err>
</testsuite>
