<?xml version="1.0" encoding="UTF-8"?>
<testsuite name="com.dotcms.rest.elasticsearch.ESContentResourcePortletTest" tests="8" skipped="0" failures="0" errors="0" timestamp="2023-07-11T17:45:40" hostname="fv-az1032-278" time="8.722">
  <properties/>
  <testcase name="test_search_includeGrandChildCategory_success" classname="com.dotcms.rest.elasticsearch.ESContentResourcePortletTest" time="1.356"/>
  <testcase name="testSearch[0: com.dotcms.rest.elasticsearch.ESContentResourcePortletTest$TestCase@487e8304]" classname="com.dotcms.rest.elasticsearch.ESContentResourcePortletTest" time="0.936"/>
  <testcase name="testSearch[1: com.dotcms.rest.elasticsearch.ESContentResourcePortletTest$TestCase@37ef83cb]" classname="com.dotcms.rest.elasticsearch.ESContentResourcePortletTest" time="1.238"/>
  <testcase name="testSearch[2: com.dotcms.rest.elasticsearch.ESContentResourcePortletTest$TestCase@284d9874]" classname="com.dotcms.rest.elasticsearch.ESContentResourcePortletTest" time="0.91"/>
  <testcase name="testSearch[3: com.dotcms.rest.elasticsearch.ESContentResourcePortletTest$TestCase@78c73cce]" classname="com.dotcms.rest.elasticsearch.ESContentResourcePortletTest" time="1.254"/>
  <testcase name="testSearch[4: com.dotcms.rest.elasticsearch.ESContentResourcePortletTest$TestCase@449de671]" classname="com.dotcms.rest.elasticsearch.ESContentResourcePortletTest" time="1.212"/>
  <testcase name="testSearch[5: com.dotcms.rest.elasticsearch.ESContentResourcePortletTest$TestCase@f27d4f2]" classname="com.dotcms.rest.elasticsearch.ESContentResourcePortletTest" time="0.919"/>
  <testcase name="testSearch[6: com.dotcms.rest.elasticsearch.ESContentResourcePortletTest$TestCase@4b6d735a]" classname="com.dotcms.rest.elasticsearch.ESContentResourcePortletTest" time="0.896"/>
  <system-out><![CDATA[]]></system-out>
  <system-err><![CDATA[]]></system-err>
</testsuite>
