<?xml version="1.0" encoding="UTF-8"?>
<testsuite name="com.dotcms.contenttype.test.ContentResourceTest" tests="52" skipped="0" failures="0" errors="0" timestamp="2023-06-30T17:45:19" hostname="fv-az450-908" time="127.217">
  <properties/>
  <testcase name="testGetContentShouldReturnIconDetails" classname="com.dotcms.contenttype.test.ContentResourceTest" time="1.415"/>
  <testcase name="Test_Save_Action_Set_Words_To_Required_NumericField_Issue_15340" classname="com.dotcms.contenttype.test.ContentResourceTest" time="0.862"/>
  <testcase name="test_getContent_includeGrandChildCategory_success" classname="com.dotcms.contenttype.test.ContentResourceTest" time="1.257"/>
  <testcase name="testGetContentWithRelatedParameter[0: com.dotcms.contenttype.test.ContentResourceTest$PullRelatedTestCase@74f6779e]" classname="com.dotcms.contenttype.test.ContentResourceTest" time="3.496"/>
  <testcase name="testGetContentWithRelatedParameter[1: com.dotcms.contenttype.test.ContentResourceTest$PullRelatedTestCase@68600b84]" classname="com.dotcms.contenttype.test.ContentResourceTest" time="3.395"/>
  <testcase name="testGetContentWithRelatedParameter[2: com.dotcms.contenttype.test.ContentResourceTest$PullRelatedTestCase@4a5766b1]" classname="com.dotcms.contenttype.test.ContentResourceTest" time="3.449"/>
  <testcase name="testGetContentWithRelatedParameter[3: com.dotcms.contenttype.test.ContentResourceTest$PullRelatedTestCase@60342402]" classname="com.dotcms.contenttype.test.ContentResourceTest" time="3.442"/>
  <testcase name="testGetContentWithRelatedParameter[4: com.dotcms.contenttype.test.ContentResourceTest$PullRelatedTestCase@27b9e51d]" classname="com.dotcms.contenttype.test.ContentResourceTest" time="3.507"/>
  <testcase name="test_getContent_SelfRelatedWith3LevelsOfDepth_shouldReturnRelationships" classname="com.dotcms.contenttype.test.ContentResourceTest" time="1.221"/>
  <testcase name="Test_Save_Action_Send_Fields_SubSet_Issue_15340" classname="com.dotcms.contenttype.test.ContentResourceTest" time="2.839"/>
  <testcase name="test_getContent_shouldReturnRelationships[0: com.dotcms.contenttype.test.ContentResourceTest$TestCase@4fede645]" classname="com.dotcms.contenttype.test.ContentResourceTest" time="2.501"/>
  <testcase name="test_getContent_shouldReturnRelationships[1: com.dotcms.contenttype.test.ContentResourceTest$TestCase@3e7e73e7]" classname="com.dotcms.contenttype.test.ContentResourceTest" time="2.563"/>
  <testcase name="test_getContent_shouldReturnRelationships[2: com.dotcms.contenttype.test.ContentResourceTest$TestCase@7fab541e]" classname="com.dotcms.contenttype.test.ContentResourceTest" time="2.733"/>
  <testcase name="test_getContent_shouldReturnRelationships[3: com.dotcms.contenttype.test.ContentResourceTest$TestCase@1752d7fb]" classname="com.dotcms.contenttype.test.ContentResourceTest" time="1.729"/>
  <testcase name="test_getContent_shouldReturnRelationships[4: com.dotcms.contenttype.test.ContentResourceTest$TestCase@372dd49a]" classname="com.dotcms.contenttype.test.ContentResourceTest" time="2.635"/>
  <testcase name="test_getContent_shouldReturnRelationships[5: com.dotcms.contenttype.test.ContentResourceTest$TestCase@7a0178d3]" classname="com.dotcms.contenttype.test.ContentResourceTest" time="2.613"/>
  <testcase name="test_getContent_shouldReturnRelationships[6: com.dotcms.contenttype.test.ContentResourceTest$TestCase@5fafc829]" classname="com.dotcms.contenttype.test.ContentResourceTest" time="2.629"/>
  <testcase name="test_getContent_shouldReturnRelationships[7: com.dotcms.contenttype.test.ContentResourceTest$TestCase@5e432128]" classname="com.dotcms.contenttype.test.ContentResourceTest" time="2.608"/>
  <testcase name="test_getContent_shouldReturnRelationships[8: com.dotcms.contenttype.test.ContentResourceTest$TestCase@793a77e]" classname="com.dotcms.contenttype.test.ContentResourceTest" time="2.62"/>
  <testcase name="test_getContent_shouldReturnRelationships[9: com.dotcms.contenttype.test.ContentResourceTest$TestCase@76a580bf]" classname="com.dotcms.contenttype.test.ContentResourceTest" time="2.858"/>
  <testcase name="test_getContent_shouldReturnRelationships[10: com.dotcms.contenttype.test.ContentResourceTest$TestCase@576af0c2]" classname="com.dotcms.contenttype.test.ContentResourceTest" time="2.415"/>
  <testcase name="test_getContent_shouldReturnRelationships[11: com.dotcms.contenttype.test.ContentResourceTest$TestCase@1067c166]" classname="com.dotcms.contenttype.test.ContentResourceTest" time="1.402"/>
  <testcase name="test_getContent_shouldReturnRelationships[12: com.dotcms.contenttype.test.ContentResourceTest$TestCase@a552c43]" classname="com.dotcms.contenttype.test.ContentResourceTest" time="2.5"/>
  <testcase name="test_getContent_shouldReturnRelationships[13: com.dotcms.contenttype.test.ContentResourceTest$TestCase@502ff5ce]" classname="com.dotcms.contenttype.test.ContentResourceTest" time="2.395"/>
  <testcase name="test_getContent_shouldReturnRelationships[14: com.dotcms.contenttype.test.ContentResourceTest$TestCase@5043e3e9]" classname="com.dotcms.contenttype.test.ContentResourceTest" time="2.485"/>
  <testcase name="test_getContent_shouldReturnRelationships[15: com.dotcms.contenttype.test.ContentResourceTest$TestCase@7e817476]" classname="com.dotcms.contenttype.test.ContentResourceTest" time="3.493"/>
  <testcase name="test_getContent_shouldReturnRelationships[16: com.dotcms.contenttype.test.ContentResourceTest$TestCase@5d1568d1]" classname="com.dotcms.contenttype.test.ContentResourceTest" time="3.46"/>
  <testcase name="test_getContent_shouldReturnRelationships[17: com.dotcms.contenttype.test.ContentResourceTest$TestCase@723b6738]" classname="com.dotcms.contenttype.test.ContentResourceTest" time="2.59"/>
  <testcase name="test_getContent_shouldReturnRelationships[18: com.dotcms.contenttype.test.ContentResourceTest$TestCase@3d288e3d]" classname="com.dotcms.contenttype.test.ContentResourceTest" time="2.007"/>
  <testcase name="test_getContent_shouldReturnRelationships[19: com.dotcms.contenttype.test.ContentResourceTest$TestCase@48ff7f2a]" classname="com.dotcms.contenttype.test.ContentResourceTest" time="2.767"/>
  <testcase name="test_getContent_shouldReturnRelationships[20: com.dotcms.contenttype.test.ContentResourceTest$TestCase@3e5ac504]" classname="com.dotcms.contenttype.test.ContentResourceTest" time="3.184"/>
  <testcase name="test_getContent_shouldReturnRelationships[21: com.dotcms.contenttype.test.ContentResourceTest$TestCase@17717750]" classname="com.dotcms.contenttype.test.ContentResourceTest" time="1.764"/>
  <testcase name="test_getContent_shouldReturnRelationships[22: com.dotcms.contenttype.test.ContentResourceTest$TestCase@6ed15ae5]" classname="com.dotcms.contenttype.test.ContentResourceTest" time="2.671"/>
  <testcase name="test_getContent_shouldReturnRelationships[23: com.dotcms.contenttype.test.ContentResourceTest$TestCase@5d647e3a]" classname="com.dotcms.contenttype.test.ContentResourceTest" time="2.756"/>
  <testcase name="test_getContent_shouldReturnRelationships[24: com.dotcms.contenttype.test.ContentResourceTest$TestCase@357ef277]" classname="com.dotcms.contenttype.test.ContentResourceTest" time="2.697"/>
  <testcase name="test_getContent_shouldReturnRelationships[25: com.dotcms.contenttype.test.ContentResourceTest$TestCase@29a9d87f]" classname="com.dotcms.contenttype.test.ContentResourceTest" time="2.968"/>
  <testcase name="test_getContent_shouldReturnRelationships[26: com.dotcms.contenttype.test.ContentResourceTest$TestCase@4d4bb9dd]" classname="com.dotcms.contenttype.test.ContentResourceTest" time="1.726"/>
  <testcase name="test_getContent_shouldReturnRelationships[27: com.dotcms.contenttype.test.ContentResourceTest$TestCase@33208be0]" classname="com.dotcms.contenttype.test.ContentResourceTest" time="2.785"/>
  <testcase name="test_getContent_shouldReturnRelationships[28: com.dotcms.contenttype.test.ContentResourceTest$TestCase@718f3ab9]" classname="com.dotcms.contenttype.test.ContentResourceTest" time="2.691"/>
  <testcase name="test_getContent_shouldReturnRelationships[29: com.dotcms.contenttype.test.ContentResourceTest$TestCase@16026ed7]" classname="com.dotcms.contenttype.test.ContentResourceTest" time="2.614"/>
  <testcase name="test_getContent_shouldReturnRelationships[30: com.dotcms.contenttype.test.ContentResourceTest$TestCase@697b89b]" classname="com.dotcms.contenttype.test.ContentResourceTest" time="2.534"/>
  <testcase name="test_getContent_shouldReturnRelationships[31: com.dotcms.contenttype.test.ContentResourceTest$TestCase@315f4c22]" classname="com.dotcms.contenttype.test.ContentResourceTest" time="2.677"/>
  <testcase name="test_getContent_shouldReturnRelationships[32: com.dotcms.contenttype.test.ContentResourceTest$TestCase@398df242]" classname="com.dotcms.contenttype.test.ContentResourceTest" time="3.592"/>
  <testcase name="test_getContent_shouldReturnRelationships[33: com.dotcms.contenttype.test.ContentResourceTest$TestCase@3cfc5772]" classname="com.dotcms.contenttype.test.ContentResourceTest" time="3.568"/>
  <testcase name="testSinglePOST_InvalidParamsShouldReturn400[0: ({\n    &quot;stInode&quot; : &quot;InvalidValue&quot;,\n    &quot;numeric&quot; : &quot;0&quot;,\n    &quot;image&quot; : &quot;whatever&quot;\n}, Bad Request)]" classname="com.dotcms.contenttype.test.ContentResourceTest" time="0.864"/>
  <testcase name="testSinglePOST_InvalidParamsShouldReturn400[1: ({\n    &quot;numeric&quot; : &quot;0&quot;,\n    &quot;image&quot; : &quot;whatever&quot;\n}, Bad Request)]" classname="com.dotcms.contenttype.test.ContentResourceTest" time="0.843"/>
  <testcase name="Test_Save_Action_Set_Null_To_Required_NumericField_Issue_15340" classname="com.dotcms.contenttype.test.ContentResourceTest" time="0.878"/>
  <testcase name="Test_Save_Action_Remove_Image_Then_Verify_Fields_Were_Cleared_Issue_15340" classname="com.dotcms.contenttype.test.ContentResourceTest" time="3.686"/>
  <testcase name="test_getContentWithMultipleSelfRelated_shouldReturnRelationships[0: com.dotcms.contenttype.test.ContentResourceTest$PullSelfRelatedTestCase@4c61118a]" classname="com.dotcms.contenttype.test.ContentResourceTest" time="1.54"/>
  <testcase name="test_getContentWithMultipleSelfRelated_shouldReturnRelationships[1: com.dotcms.contenttype.test.ContentResourceTest$PullSelfRelatedTestCase@1a28f5a6]" classname="com.dotcms.contenttype.test.ContentResourceTest" time="1.535"/>
  <testcase name="testGetContentWithAllCategoriesInfo[0: json]" classname="com.dotcms.contenttype.test.ContentResourceTest" time="2.355"/>
  <testcase name="testGetContentWithAllCategoriesInfo[1: xml]" classname="com.dotcms.contenttype.test.ContentResourceTest" time="1.402"/>
  <system-out><![CDATA[











]]></system-out>
  <system-err><![CDATA[]]></system-err>
</testsuite>
