<?xml version="1.0" encoding="UTF-8"?>
<testsuite name="com.dotcms.content.business.ObjectMapperTest" tests="2" skipped="0" failures="0" errors="0" timestamp="2023-07-20T01:00:03" hostname="fv-az341-447" time="0.028">
  <properties/>
  <testcase name="TestJsonViews" classname="com.dotcms.content.business.ObjectMapperTest" time="0.025"/>
  <testcase name="TestJsonHtmlEscapingDisabledByDefault" classname="com.dotcms.content.business.ObjectMapperTest" time="0.003"/>
  <system-out><![CDATA[]]></system-out>
  <system-err><![CDATA[]]></system-err>
</testsuite>
