<?xml version="1.0" encoding="UTF-8"?>
<testsuite name="com.dotmarketing.cms.urlmap.URLMapAPIImplTest" tests="18" skipped="1" failures="0" errors="0" timestamp="2023-06-30T17:27:46" hostname="fv-az797-168" time="64.129">
  <properties/>
  <testcase name="isUrlPatternWithoutUrlMap" classname="com.dotmarketing.cms.urlmap.URLMapAPIImplTest" time="2.747"/>
  <testcase name="shouldReturnInPREVIEW_MODEWhenContentExistsInFuture" classname="com.dotmarketing.cms.urlmap.URLMapAPIImplTest" time="4.256"/>
  <testcase name="processURLMapWithoutUrlMap" classname="com.dotmarketing.cms.urlmap.URLMapAPIImplTest" time="0.0">
    <skipped/>
  </testcase>
  <testcase name="shouldReturnNullWhenTheContentNotExists" classname="com.dotmarketing.cms.urlmap.URLMapAPIImplTest" time="4.225"/>
  <testcase name="shouldReturnContentletWhenTheContentExists" classname="com.dotmarketing.cms.urlmap.URLMapAPIImplTest" time="4.106"/>
  <testcase name="shouldReturnURLInfoWhenContentExistsInFutureButTimeMachineIsSet" classname="com.dotmarketing.cms.urlmap.URLMapAPIImplTest" time="4.364"/>
  <testcase name="test_multiple_content_types_using_same_pattern" classname="com.dotmarketing.cms.urlmap.URLMapAPIImplTest" time="6.365"/>
  <testcase name="test_url_map_pattern_at_root_with_slash_in_url_title" classname="com.dotmarketing.cms.urlmap.URLMapAPIImplTest" time="4.295"/>
  <testcase name="shouldReturnContentletWhenTheContentExistsAndUseAFloatField" classname="com.dotmarketing.cms.urlmap.URLMapAPIImplTest" time="2.125"/>
  <testcase name="shouldReturnContentletWhenTheContentExistsAndUseAIntegerFIeld" classname="com.dotmarketing.cms.urlmap.URLMapAPIImplTest" time="2.439"/>
  <testcase name="test_url_map_pattern_at_root" classname="com.dotmarketing.cms.urlmap.URLMapAPIImplTest" time="4.673"/>
  <testcase name="test_url_map_pattern_with_slash_in_url_title_complex_rul_map_pattern" classname="com.dotmarketing.cms.urlmap.URLMapAPIImplTest" time="3.994"/>
  <testcase name="processURLMapMethodShouldNotFailWithInvalidFields" classname="com.dotmarketing.cms.urlmap.URLMapAPIImplTest" time="1.08"/>
  <testcase name="shouldReturnNullWhenThePageUriIsNotDetailPage" classname="com.dotmarketing.cms.urlmap.URLMapAPIImplTest" time="2.254"/>
  <testcase name="shouldReturnEmptyOptionalWhenContentExistsInFuture" classname="com.dotmarketing.cms.urlmap.URLMapAPIImplTest" time="4.36"/>
  <testcase name="test_url_map_pattern_with_slash_in_url_title" classname="com.dotmarketing.cms.urlmap.URLMapAPIImplTest" time="4.488"/>
  <testcase name="shouldNotMatchUrlStaringWithAPI" classname="com.dotmarketing.cms.urlmap.URLMapAPIImplTest" time="4.102"/>
  <testcase name="shouldThrowDotSecurityExceptionWhenUserDontHavePermission" classname="com.dotmarketing.cms.urlmap.URLMapAPIImplTest" time="4.256"/>
  <system-out><![CDATA[]]></system-out>
  <system-err><![CDATA[]]></system-err>
</testsuite>
