<?xml version="1.0" encoding="UTF-8"?>
<testsuite name="com.dotcms.rest.elasticsearch.ESContentResourcePortletTest" tests="8" skipped="0" failures="0" errors="0" timestamp="2023-07-11T21:44:26" hostname="fv-az552-460" time="8.697">
  <properties/>
  <testcase name="test_search_includeGrandChildCategory_success" classname="com.dotcms.rest.elasticsearch.ESContentResourcePortletTest" time="1.346"/>
  <testcase name="testSearch[0: com.dotcms.rest.elasticsearch.ESContentResourcePortletTest$TestCase@60ab8cee]" classname="com.dotcms.rest.elasticsearch.ESContentResourcePortletTest" time="0.97"/>
  <testcase name="testSearch[1: com.dotcms.rest.elasticsearch.ESContentResourcePortletTest$TestCase@d99ac7d]" classname="com.dotcms.rest.elasticsearch.ESContentResourcePortletTest" time="1.19"/>
  <testcase name="testSearch[2: com.dotcms.rest.elasticsearch.ESContentResourcePortletTest$TestCase@b3bf1a6]" classname="com.dotcms.rest.elasticsearch.ESContentResourcePortletTest" time="0.936"/>
  <testcase name="testSearch[3: com.dotcms.rest.elasticsearch.ESContentResourcePortletTest$TestCase@49832f6f]" classname="com.dotcms.rest.elasticsearch.ESContentResourcePortletTest" time="1.204"/>
  <testcase name="testSearch[4: com.dotcms.rest.elasticsearch.ESContentResourcePortletTest$TestCase@7573064d]" classname="com.dotcms.rest.elasticsearch.ESContentResourcePortletTest" time="1.201"/>
  <testcase name="testSearch[5: com.dotcms.rest.elasticsearch.ESContentResourcePortletTest$TestCase@3549a6da]" classname="com.dotcms.rest.elasticsearch.ESContentResourcePortletTest" time="0.9"/>
  <testcase name="testSearch[6: com.dotcms.rest.elasticsearch.ESContentResourcePortletTest$TestCase@61abd714]" classname="com.dotcms.rest.elasticsearch.ESContentResourcePortletTest" time="0.949"/>
  <system-out><![CDATA[]]></system-out>
  <system-err><![CDATA[]]></system-err>
</testsuite>
