<?xml version="1.0" encoding="UTF-8"?>
<testsuite name="com.dotcms.rendering.velocity.viewtools.WorkflowToolTest" tests="2" skipped="0" failures="0" errors="0" timestamp="2023-06-29T01:59:22" hostname="fv-az445-202" time="2.529">
  <properties/>
  <testcase name="testFire[0: com.dotcms.rendering.velocity.viewtools.WorkflowToolFireTestCase@1dcd8bc3]" classname="com.dotcms.rendering.velocity.viewtools.WorkflowToolTest" time="1.331"/>
  <testcase name="testFire[1: com.dotcms.rendering.velocity.viewtools.WorkflowToolFireTestCase@7e3793c1]" classname="com.dotcms.rendering.velocity.viewtools.WorkflowToolTest" time="1.198"/>
  <system-out><![CDATA[]]></system-out>
  <system-err><![CDATA[]]></system-err>
</testsuite>
