<?xml version="1.0" encoding="UTF-8"?>
<testsuite name="com.dotmarketing.servlets.ajax.AjaxDirectorServletIntegrationTest" tests="2" skipped="0" failures="0" errors="0" timestamp="2023-06-28T00:46:41" hostname="fv-az573-179" time="1.503">
  <properties/>
  <testcase name="testService[0: com.dotmarketing.servlets.ajax.AjaxDirectorServletTestCase@674a6693]" classname="com.dotmarketing.servlets.ajax.AjaxDirectorServletIntegrationTest" time="0.964"/>
  <testcase name="testService[1: com.dotmarketing.servlets.ajax.AjaxDirectorServletTestCase@476422e8]" classname="com.dotmarketing.servlets.ajax.AjaxDirectorServletIntegrationTest" time="0.539"/>
  <system-out><![CDATA[]]></system-out>
  <system-err><![CDATA[]]></system-err>
</testsuite>
