<?xml version="1.0" encoding="UTF-8"?>
<testsuite name="com.dotmarketing.portlets.containers.business.ContainerStructureFinderStrategyResolverTest" tests="2" skipped="0" failures="0" errors="0" timestamp="2023-07-06T23:03:14" hostname="fv-az791-68" time="2.466">
  <properties/>
  <testcase name="test_default_layout" classname="com.dotmarketing.portlets.containers.business.ContainerStructureFinderStrategyResolverTest" time="0.95"/>
  <testcase name="get_container_structure_from_file_name_" classname="com.dotmarketing.portlets.containers.business.ContainerStructureFinderStrategyResolverTest" time="1.516"/>
  <system-out><![CDATA[]]></system-out>
  <system-err><![CDATA[]]></system-err>
</testsuite>
