<?xml version="1.0" encoding="UTF-8"?>
<testsuite name="com.dotcms.rest.api.v1.apps.view.AppsInterpolationTest" tests="1" skipped="0" failures="0" errors="0" timestamp="2023-07-03T18:32:08" hostname="fv-az564-656" time="0.011">
  <properties/>
  <testcase name="Test_Interpolation" classname="com.dotcms.rest.api.v1.apps.view.AppsInterpolationTest" time="0.011"/>
  <system-out><![CDATA[]]></system-out>
  <system-err><![CDATA[]]></system-err>
</testsuite>
