<?xml version="1.0" encoding="UTF-8"?>
<testsuite name="com.dotcms.rest.api.v1.vtl.VTLResourceIntegrationTest" tests="6" skipped="0" failures="0" errors="0" timestamp="2023-07-20T05:08:28" hostname="fv-az450-410" time="12.063">
  <properties/>
  <testcase name="testGet[0: com.dotcms.rest.api.v1.vtl.VTLResourceTestCase@98f1dcd]" classname="com.dotcms.rest.api.v1.vtl.VTLResourceIntegrationTest" time="2.225"/>
  <testcase name="testGet[1: com.dotcms.rest.api.v1.vtl.VTLResourceTestCase@5f3e1c50]" classname="com.dotcms.rest.api.v1.vtl.VTLResourceIntegrationTest" time="1.907"/>
  <testcase name="testGet[2: com.dotcms.rest.api.v1.vtl.VTLResourceTestCase@7c1db329]" classname="com.dotcms.rest.api.v1.vtl.VTLResourceIntegrationTest" time="1.953"/>
  <testcase name="testGet[3: com.dotcms.rest.api.v1.vtl.VTLResourceTestCase@68692838]" classname="com.dotcms.rest.api.v1.vtl.VTLResourceIntegrationTest" time="2.074"/>
  <testcase name="testGet[4: com.dotcms.rest.api.v1.vtl.VTLResourceTestCase@19f9218d]" classname="com.dotcms.rest.api.v1.vtl.VTLResourceIntegrationTest" time="1.945"/>
  <testcase name="testGet[5: com.dotcms.rest.api.v1.vtl.VTLResourceTestCase@368a627e]" classname="com.dotcms.rest.api.v1.vtl.VTLResourceIntegrationTest" time="1.958"/>
  <system-out><![CDATA[]]></system-out>
  <system-err><![CDATA[]]></system-err>
</testsuite>
