<?xml version="1.0" encoding="UTF-8"?>
<testsuite name="com.dotmarketing.portlets.structure.model.ContentletRelationshipsTest" tests="7" skipped="0" failures="0" errors="0" timestamp="2023-06-30T21:35:53" hostname="fv-az247-376" time="8.805">
  <properties/>
  <testcase name="testDoesAllowOnlyOne[0: com.dotmarketing.portlets.structure.model.ContentletRelationshipsTest$CardinalityTestCase@29a585f9]" classname="com.dotmarketing.portlets.structure.model.ContentletRelationshipsTest" time="0.561"/>
  <testcase name="testDoesAllowOnlyOne[1: com.dotmarketing.portlets.structure.model.ContentletRelationshipsTest$CardinalityTestCase@27c5612b]" classname="com.dotmarketing.portlets.structure.model.ContentletRelationshipsTest" time="0.514"/>
  <testcase name="testDoesAllowOnlyOne[2: com.dotmarketing.portlets.structure.model.ContentletRelationshipsTest$CardinalityTestCase@31f912d3]" classname="com.dotmarketing.portlets.structure.model.ContentletRelationshipsTest" time="0.578"/>
  <testcase name="testGetRelationshipRecords[0: com.dotmarketing.portlets.structure.model.ContentletRelationshipsTest$TestCase@66aa4803]" classname="com.dotmarketing.portlets.structure.model.ContentletRelationshipsTest" time="2.182"/>
  <testcase name="testGetRelationshipRecords[1: com.dotmarketing.portlets.structure.model.ContentletRelationshipsTest$TestCase@63258362]" classname="com.dotmarketing.portlets.structure.model.ContentletRelationshipsTest" time="1.066"/>
  <testcase name="testGetRelationshipRecords[2: com.dotmarketing.portlets.structure.model.ContentletRelationshipsTest$TestCase@6f657a14]" classname="com.dotmarketing.portlets.structure.model.ContentletRelationshipsTest" time="1.96"/>
  <testcase name="testGetRelationshipRecords[3: com.dotmarketing.portlets.structure.model.ContentletRelationshipsTest$TestCase@167382a1]" classname="com.dotmarketing.portlets.structure.model.ContentletRelationshipsTest" time="1.944"/>
  <system-out><![CDATA[]]></system-out>
  <system-err><![CDATA[]]></system-err>
</testsuite>
