<?xml version="1.0" encoding="UTF-8"?>
<testsuite name="com.dotcms.enterprise.priv.ESSearchProxyTest" tests="3" skipped="0" failures="0" errors="0" timestamp="2023-06-30T15:10:32" hostname="fv-az362-636" time="3.444">
  <properties/>
  <testcase name="test_esSearch_WithoutLicense_Success" classname="com.dotcms.enterprise.priv.ESSearchProxyTest" time="0.104"/>
  <testcase name="test_esSearch_WithLicense_Success" classname="com.dotcms.enterprise.priv.ESSearchProxyTest" time="0.017"/>
  <testcase name="test_esSearch_WithDates_Success" classname="com.dotcms.enterprise.priv.ESSearchProxyTest" time="3.322"/>
  <system-out><![CDATA[]]></system-out>
  <system-err><![CDATA[]]></system-err>
</testsuite>
