<?xml version="1.0" encoding="UTF-8"?>
<testsuite name="com.dotcms.contenttype.test.ContentResourceTest" tests="52" skipped="0" failures="0" errors="0" timestamp="2023-06-28T15:47:23" hostname="fv-az395-584" time="173.855">
  <properties/>
  <testcase name="testGetContentShouldReturnIconDetails" classname="com.dotcms.contenttype.test.ContentResourceTest" time="1.994"/>
  <testcase name="Test_Save_Action_Set_Words_To_Required_NumericField_Issue_15340" classname="com.dotcms.contenttype.test.ContentResourceTest" time="1.126"/>
  <testcase name="test_getContent_includeGrandChildCategory_success" classname="com.dotcms.contenttype.test.ContentResourceTest" time="1.673"/>
  <testcase name="testGetContentWithRelatedParameter[0: com.dotcms.contenttype.test.ContentResourceTest$PullRelatedTestCase@5da11c8a]" classname="com.dotcms.contenttype.test.ContentResourceTest" time="4.753"/>
  <testcase name="testGetContentWithRelatedParameter[1: com.dotcms.contenttype.test.ContentResourceTest$PullRelatedTestCase@74473d30]" classname="com.dotcms.contenttype.test.ContentResourceTest" time="4.834"/>
  <testcase name="testGetContentWithRelatedParameter[2: com.dotcms.contenttype.test.ContentResourceTest$PullRelatedTestCase@7998c0c9]" classname="com.dotcms.contenttype.test.ContentResourceTest" time="4.776"/>
  <testcase name="testGetContentWithRelatedParameter[3: com.dotcms.contenttype.test.ContentResourceTest$PullRelatedTestCase@4e11fba7]" classname="com.dotcms.contenttype.test.ContentResourceTest" time="4.647"/>
  <testcase name="testGetContentWithRelatedParameter[4: com.dotcms.contenttype.test.ContentResourceTest$PullRelatedTestCase@1b81fba3]" classname="com.dotcms.contenttype.test.ContentResourceTest" time="4.842"/>
  <testcase name="test_getContent_SelfRelatedWith3LevelsOfDepth_shouldReturnRelationships" classname="com.dotcms.contenttype.test.ContentResourceTest" time="1.721"/>
  <testcase name="Test_Save_Action_Send_Fields_SubSet_Issue_15340" classname="com.dotcms.contenttype.test.ContentResourceTest" time="3.234"/>
  <testcase name="test_getContent_shouldReturnRelationships[0: com.dotcms.contenttype.test.ContentResourceTest$TestCase@56e2fb5e]" classname="com.dotcms.contenttype.test.ContentResourceTest" time="3.521"/>
  <testcase name="test_getContent_shouldReturnRelationships[1: com.dotcms.contenttype.test.ContentResourceTest$TestCase@69c3e7c3]" classname="com.dotcms.contenttype.test.ContentResourceTest" time="3.743"/>
  <testcase name="test_getContent_shouldReturnRelationships[2: com.dotcms.contenttype.test.ContentResourceTest$TestCase@28cef59f]" classname="com.dotcms.contenttype.test.ContentResourceTest" time="3.667"/>
  <testcase name="test_getContent_shouldReturnRelationships[3: com.dotcms.contenttype.test.ContentResourceTest$TestCase@3c064fc6]" classname="com.dotcms.contenttype.test.ContentResourceTest" time="3.031"/>
  <testcase name="test_getContent_shouldReturnRelationships[4: com.dotcms.contenttype.test.ContentResourceTest$TestCase@7d7f6b13]" classname="com.dotcms.contenttype.test.ContentResourceTest" time="4.091"/>
  <testcase name="test_getContent_shouldReturnRelationships[5: com.dotcms.contenttype.test.ContentResourceTest$TestCase@b747680]" classname="com.dotcms.contenttype.test.ContentResourceTest" time="3.695"/>
  <testcase name="test_getContent_shouldReturnRelationships[6: com.dotcms.contenttype.test.ContentResourceTest$TestCase@5449187c]" classname="com.dotcms.contenttype.test.ContentResourceTest" time="3.583"/>
  <testcase name="test_getContent_shouldReturnRelationships[7: com.dotcms.contenttype.test.ContentResourceTest$TestCase@5abf154c]" classname="com.dotcms.contenttype.test.ContentResourceTest" time="3.82"/>
  <testcase name="test_getContent_shouldReturnRelationships[8: com.dotcms.contenttype.test.ContentResourceTest$TestCase@5c9edafb]" classname="com.dotcms.contenttype.test.ContentResourceTest" time="2.837"/>
  <testcase name="test_getContent_shouldReturnRelationships[9: com.dotcms.contenttype.test.ContentResourceTest$TestCase@74f6779e]" classname="com.dotcms.contenttype.test.ContentResourceTest" time="3.937"/>
  <testcase name="test_getContent_shouldReturnRelationships[10: com.dotcms.contenttype.test.ContentResourceTest$TestCase@68600b84]" classname="com.dotcms.contenttype.test.ContentResourceTest" time="3.536"/>
  <testcase name="test_getContent_shouldReturnRelationships[11: com.dotcms.contenttype.test.ContentResourceTest$TestCase@4a5766b1]" classname="com.dotcms.contenttype.test.ContentResourceTest" time="3.424"/>
  <testcase name="test_getContent_shouldReturnRelationships[12: com.dotcms.contenttype.test.ContentResourceTest$TestCase@60342402]" classname="com.dotcms.contenttype.test.ContentResourceTest" time="3.337"/>
  <testcase name="test_getContent_shouldReturnRelationships[13: com.dotcms.contenttype.test.ContentResourceTest$TestCase@27b9e51d]" classname="com.dotcms.contenttype.test.ContentResourceTest" time="3.369"/>
  <testcase name="test_getContent_shouldReturnRelationships[14: com.dotcms.contenttype.test.ContentResourceTest$TestCase@4fede645]" classname="com.dotcms.contenttype.test.ContentResourceTest" time="3.262"/>
  <testcase name="test_getContent_shouldReturnRelationships[15: com.dotcms.contenttype.test.ContentResourceTest$TestCase@3e7e73e7]" classname="com.dotcms.contenttype.test.ContentResourceTest" time="4.702"/>
  <testcase name="test_getContent_shouldReturnRelationships[16: com.dotcms.contenttype.test.ContentResourceTest$TestCase@7fab541e]" classname="com.dotcms.contenttype.test.ContentResourceTest" time="4.574"/>
  <testcase name="test_getContent_shouldReturnRelationships[17: com.dotcms.contenttype.test.ContentResourceTest$TestCase@1752d7fb]" classname="com.dotcms.contenttype.test.ContentResourceTest" time="3.676"/>
  <testcase name="test_getContent_shouldReturnRelationships[18: com.dotcms.contenttype.test.ContentResourceTest$TestCase@372dd49a]" classname="com.dotcms.contenttype.test.ContentResourceTest" time="3.019"/>
  <testcase name="test_getContent_shouldReturnRelationships[19: com.dotcms.contenttype.test.ContentResourceTest$TestCase@7a0178d3]" classname="com.dotcms.contenttype.test.ContentResourceTest" time="3.871"/>
  <testcase name="test_getContent_shouldReturnRelationships[20: com.dotcms.contenttype.test.ContentResourceTest$TestCase@5fafc829]" classname="com.dotcms.contenttype.test.ContentResourceTest" time="4.215"/>
  <testcase name="test_getContent_shouldReturnRelationships[21: com.dotcms.contenttype.test.ContentResourceTest$TestCase@5e432128]" classname="com.dotcms.contenttype.test.ContentResourceTest" time="3.383"/>
  <testcase name="test_getContent_shouldReturnRelationships[22: com.dotcms.contenttype.test.ContentResourceTest$TestCase@793a77e]" classname="com.dotcms.contenttype.test.ContentResourceTest" time="2.652"/>
  <testcase name="test_getContent_shouldReturnRelationships[23: com.dotcms.contenttype.test.ContentResourceTest$TestCase@76a580bf]" classname="com.dotcms.contenttype.test.ContentResourceTest" time="3.756"/>
  <testcase name="test_getContent_shouldReturnRelationships[24: com.dotcms.contenttype.test.ContentResourceTest$TestCase@576af0c2]" classname="com.dotcms.contenttype.test.ContentResourceTest" time="3.779"/>
  <testcase name="test_getContent_shouldReturnRelationships[25: com.dotcms.contenttype.test.ContentResourceTest$TestCase@1067c166]" classname="com.dotcms.contenttype.test.ContentResourceTest" time="2.837"/>
  <testcase name="test_getContent_shouldReturnRelationships[26: com.dotcms.contenttype.test.ContentResourceTest$TestCase@a552c43]" classname="com.dotcms.contenttype.test.ContentResourceTest" time="3.157"/>
  <testcase name="test_getContent_shouldReturnRelationships[27: com.dotcms.contenttype.test.ContentResourceTest$TestCase@502ff5ce]" classname="com.dotcms.contenttype.test.ContentResourceTest" time="3.909"/>
  <testcase name="test_getContent_shouldReturnRelationships[28: com.dotcms.contenttype.test.ContentResourceTest$TestCase@5043e3e9]" classname="com.dotcms.contenttype.test.ContentResourceTest" time="3.574"/>
  <testcase name="test_getContent_shouldReturnRelationships[29: com.dotcms.contenttype.test.ContentResourceTest$TestCase@7e817476]" classname="com.dotcms.contenttype.test.ContentResourceTest" time="3.589"/>
  <testcase name="test_getContent_shouldReturnRelationships[30: com.dotcms.contenttype.test.ContentResourceTest$TestCase@5d1568d1]" classname="com.dotcms.contenttype.test.ContentResourceTest" time="3.727"/>
  <testcase name="test_getContent_shouldReturnRelationships[31: com.dotcms.contenttype.test.ContentResourceTest$TestCase@723b6738]" classname="com.dotcms.contenttype.test.ContentResourceTest" time="3.683"/>
  <testcase name="test_getContent_shouldReturnRelationships[32: com.dotcms.contenttype.test.ContentResourceTest$TestCase@3d288e3d]" classname="com.dotcms.contenttype.test.ContentResourceTest" time="4.854"/>
  <testcase name="test_getContent_shouldReturnRelationships[33: com.dotcms.contenttype.test.ContentResourceTest$TestCase@48ff7f2a]" classname="com.dotcms.contenttype.test.ContentResourceTest" time="5.054"/>
  <testcase name="testSinglePOST_InvalidParamsShouldReturn400[0: ({\n    &quot;stInode&quot; : &quot;InvalidValue&quot;,\n    &quot;numeric&quot; : &quot;0&quot;,\n    &quot;image&quot; : &quot;whatever&quot;\n}, Bad Request)]" classname="com.dotcms.contenttype.test.ContentResourceTest" time="1.025"/>
  <testcase name="testSinglePOST_InvalidParamsShouldReturn400[1: ({\n    &quot;numeric&quot; : &quot;0&quot;,\n    &quot;image&quot; : &quot;whatever&quot;\n}, Bad Request)]" classname="com.dotcms.contenttype.test.ContentResourceTest" time="0.981"/>
  <testcase name="Test_Save_Action_Set_Null_To_Required_NumericField_Issue_15340" classname="com.dotcms.contenttype.test.ContentResourceTest" time="1.044"/>
  <testcase name="Test_Save_Action_Remove_Image_Then_Verify_Fields_Were_Cleared_Issue_15340" classname="com.dotcms.contenttype.test.ContentResourceTest" time="3.454"/>
  <testcase name="test_getContentWithMultipleSelfRelated_shouldReturnRelationships[0: com.dotcms.contenttype.test.ContentResourceTest$PullSelfRelatedTestCase@17717750]" classname="com.dotcms.contenttype.test.ContentResourceTest" time="2.066"/>
  <testcase name="test_getContentWithMultipleSelfRelated_shouldReturnRelationships[1: com.dotcms.contenttype.test.ContentResourceTest$PullSelfRelatedTestCase@6ed15ae5]" classname="com.dotcms.contenttype.test.ContentResourceTest" time="2.217"/>
  <testcase name="testGetContentWithAllCategoriesInfo[0: json]" classname="com.dotcms.contenttype.test.ContentResourceTest" time="1.852"/>
  <testcase name="testGetContentWithAllCategoriesInfo[1: xml]" classname="com.dotcms.contenttype.test.ContentResourceTest" time="2.749"/>
  <system-out><![CDATA[











]]></system-out>
  <system-err><![CDATA[]]></system-err>
</testsuite>
