<?xml version="1.0" encoding="UTF-8"?>
<testsuite name="com.dotmarketing.business.PermissionAPITest" tests="28" skipped="0" failures="0" errors="0" timestamp="2023-07-18T20:40:30" hostname="fv-az553-913" time="39.856">
  <properties/>
  <testcase name="testGetUsersDeleted" classname="com.dotmarketing.business.PermissionAPITest" time="1.053"/>
  <testcase name="test_doesUserHavePermissions_checkSameAssetIdThatPermissionsWereGiven_returnTrue" classname="com.dotmarketing.business.PermissionAPITest" time="1.048"/>
  <testcase name="Test_Inherited_Permissions" classname="com.dotmarketing.business.PermissionAPITest" time="4.628"/>
  <testcase name="permissionIndividually" classname="com.dotmarketing.business.PermissionAPITest" time="0.001"/>
  <testcase name="removePermissions" classname="com.dotmarketing.business.PermissionAPITest" time="2.144"/>
  <testcase name="doesUserHavePermission_another_lang" classname="com.dotmarketing.business.PermissionAPITest" time="2.014"/>
  <testcase name="testGetUsersCountWithoutFilter" classname="com.dotmarketing.business.PermissionAPITest" time="0.042"/>
  <testcase name="testGetUsersWithoutFilter" classname="com.dotmarketing.business.PermissionAPITest" time="0.033"/>
  <testcase name="Test_Remove_All_Permissions_Then_Verify_Cache_Is_Null" classname="com.dotmarketing.business.PermissionAPITest" time="1.049"/>
  <testcase name="doesUserHavePermission" classname="com.dotmarketing.business.PermissionAPITest" time="1.071"/>
  <testcase name="testGetUsersCountWithFilter" classname="com.dotmarketing.business.PermissionAPITest" time="0.032"/>
  <testcase name="doesRoleHavePermission" classname="com.dotmarketing.business.PermissionAPITest" time="1.088"/>
  <testcase name="save" classname="com.dotmarketing.business.PermissionAPITest" time="0.206"/>
  <testcase name="issue1073" classname="com.dotmarketing.business.PermissionAPITest" time="0.399"/>
  <testcase name="testGetUsersCountDeleted" classname="com.dotmarketing.business.PermissionAPITest" time="0.036"/>
  <testcase name="getPermissions" classname="com.dotmarketing.business.PermissionAPITest" time="0.129"/>
  <testcase name="testAnonymousUserCannotReadNonLiveContent" classname="com.dotmarketing.business.PermissionAPITest" time="7.087"/>
  <testcase name="testPermissionIndividuallyByRole" classname="com.dotmarketing.business.PermissionAPITest" time="3.414"/>
  <testcase name="issue560" classname="com.dotmarketing.business.PermissionAPITest" time="2.991"/>
  <testcase name="issue781" classname="com.dotmarketing.business.PermissionAPITest" time="2.069"/>
  <testcase name="issue847" classname="com.dotmarketing.business.PermissionAPITest" time="2.192"/>
  <testcase name="issue886" classname="com.dotmarketing.business.PermissionAPITest" time="3.865"/>
  <testcase name="getUsersWithPermission" classname="com.dotmarketing.business.PermissionAPITest" time="0.076"/>
  <testcase name="test_doesUserHavePermissions_checkDiffAssetIdThatPermissionsWereGiven_returnFalse" classname="com.dotmarketing.business.PermissionAPITest" time="0.924"/>
  <testcase name="test_templateLayout_parentPermissionableIsHost" classname="com.dotmarketing.business.PermissionAPITest" time="2.026"/>
  <testcase name="testGetUsersWithFilter" classname="com.dotmarketing.business.PermissionAPITest" time="0.032"/>
  <testcase name="copyPermissions" classname="com.dotmarketing.business.PermissionAPITest" time="0.146"/>
  <testcase name="getRolesWithPermission" classname="com.dotmarketing.business.PermissionAPITest" time="0.056"/>
  <system-out><![CDATA[]]></system-out>
  <system-err><![CDATA[]]></system-err>
</testsuite>
