<?xml version="1.0" encoding="UTF-8"?>
<testsuite name="com.dotcms.rendering.velocity.viewtools.XmlToolTest" tests="2" skipped="0" failures="0" errors="0" timestamp="2023-06-30T18:47:13" hostname="fv-az210-575" time="0.047">
  <properties/>
  <testcase name="test_xmltool_using_private_ip_should_throw_an_exception" classname="com.dotcms.rendering.velocity.viewtools.XmlToolTest" time="0.004"/>
  <testcase name="read" classname="com.dotcms.rendering.velocity.viewtools.XmlToolTest" time="0.042"/>
  <system-out><![CDATA[]]></system-out>
  <system-err><![CDATA[]]></system-err>
</testsuite>
