<?xml version="1.0" encoding="UTF-8"?>
<testsuite name="com.dotcms.rest.TagResourceIntegrationTest" tests="4" skipped="0" failures="0" errors="0" timestamp="2023-07-13T18:44:50" hostname="fv-az254-636" time="0.365">
  <properties/>
  <testcase name="testList[0: com.dotcms.rest.TagResourceTestCase@2d121de1]" classname="com.dotcms.rest.TagResourceIntegrationTest" time="0.278"/>
  <testcase name="testList[1: com.dotcms.rest.TagResourceTestCase@4651ed67]" classname="com.dotcms.rest.TagResourceIntegrationTest" time="0.031"/>
  <testcase name="testList[2: com.dotcms.rest.TagResourceTestCase@33b2435]" classname="com.dotcms.rest.TagResourceIntegrationTest" time="0.026"/>
  <testcase name="testList[3: com.dotcms.rest.TagResourceTestCase@67509678]" classname="com.dotcms.rest.TagResourceIntegrationTest" time="0.028"/>
  <system-out><![CDATA[]]></system-out>
  <system-err><![CDATA[Jul 13, 2023 6:44:50 PM com.dotcms.repackage.org.hibernate.validator.internal.util.Version <clinit>
INFO: HV000001: Hibernate Validator 4.3.2.Final
]]></system-err>
</testsuite>
