<?xml version="1.0" encoding="UTF-8"?>
<testsuite name="com.dotmarketing.servlets.ajax.AjaxDirectorServletIntegrationTest" tests="2" skipped="0" failures="0" errors="0" timestamp="2023-07-20T22:35:14" hostname="fv-az803-349" time="5.658">
  <properties/>
  <testcase name="testService[0: com.dotmarketing.servlets.ajax.AjaxDirectorServletTestCase@4a1f670]" classname="com.dotmarketing.servlets.ajax.AjaxDirectorServletIntegrationTest" time="2.142"/>
  <testcase name="testService[1: com.dotmarketing.servlets.ajax.AjaxDirectorServletTestCase@787a2ac4]" classname="com.dotmarketing.servlets.ajax.AjaxDirectorServletIntegrationTest" time="3.516"/>
  <system-out><![CDATA[]]></system-out>
  <system-err><![CDATA[]]></system-err>
</testsuite>
