<?xml version="1.0" encoding="UTF-8"?>
<testsuite name="com.dotcms.rest.elasticsearch.ESContentResourcePortletTest" tests="8" skipped="0" failures="0" errors="0" timestamp="2023-06-30T15:57:44" hostname="fv-az173-860" time="9.491">
  <properties/>
  <testcase name="test_search_includeGrandChildCategory_success" classname="com.dotcms.rest.elasticsearch.ESContentResourcePortletTest" time="1.489"/>
  <testcase name="testSearch[0: com.dotcms.rest.elasticsearch.ESContentResourcePortletTest$TestCase@1be681c2]" classname="com.dotcms.rest.elasticsearch.ESContentResourcePortletTest" time="0.98"/>
  <testcase name="testSearch[1: com.dotcms.rest.elasticsearch.ESContentResourcePortletTest$TestCase@3614612c]" classname="com.dotcms.rest.elasticsearch.ESContentResourcePortletTest" time="1.334"/>
  <testcase name="testSearch[2: com.dotcms.rest.elasticsearch.ESContentResourcePortletTest$TestCase@799957]" classname="com.dotcms.rest.elasticsearch.ESContentResourcePortletTest" time="1.025"/>
  <testcase name="testSearch[3: com.dotcms.rest.elasticsearch.ESContentResourcePortletTest$TestCase@42a9388]" classname="com.dotcms.rest.elasticsearch.ESContentResourcePortletTest" time="1.341"/>
  <testcase name="testSearch[4: com.dotcms.rest.elasticsearch.ESContentResourcePortletTest$TestCase@2bedfa5e]" classname="com.dotcms.rest.elasticsearch.ESContentResourcePortletTest" time="1.295"/>
  <testcase name="testSearch[5: com.dotcms.rest.elasticsearch.ESContentResourcePortletTest$TestCase@3ee5f30e]" classname="com.dotcms.rest.elasticsearch.ESContentResourcePortletTest" time="1.045"/>
  <testcase name="testSearch[6: com.dotcms.rest.elasticsearch.ESContentResourcePortletTest$TestCase@721a76a4]" classname="com.dotcms.rest.elasticsearch.ESContentResourcePortletTest" time="0.981"/>
  <system-out><![CDATA[]]></system-out>
  <system-err><![CDATA[]]></system-err>
</testsuite>
