<?xml version="1.0" encoding="UTF-8"?>
<testsuite name="com.dotcms.contenttype.test.ContentResourceTest" tests="52" skipped="0" failures="0" errors="0" timestamp="2023-06-26T18:29:59" hostname="fv-az934-274" time="163.601">
  <properties/>
  <testcase name="testGetContentShouldReturnIconDetails" classname="com.dotcms.contenttype.test.ContentResourceTest" time="1.851"/>
  <testcase name="Test_Save_Action_Set_Words_To_Required_NumericField_Issue_15340" classname="com.dotcms.contenttype.test.ContentResourceTest" time="1.046"/>
  <testcase name="test_getContent_includeGrandChildCategory_success" classname="com.dotcms.contenttype.test.ContentResourceTest" time="1.638"/>
  <testcase name="testGetContentWithRelatedParameter[0: com.dotcms.contenttype.test.ContentResourceTest$PullRelatedTestCase@54f2a5af]" classname="com.dotcms.contenttype.test.ContentResourceTest" time="4.394"/>
  <testcase name="testGetContentWithRelatedParameter[1: com.dotcms.contenttype.test.ContentResourceTest$PullRelatedTestCase@7c84b764]" classname="com.dotcms.contenttype.test.ContentResourceTest" time="3.311"/>
  <testcase name="testGetContentWithRelatedParameter[2: com.dotcms.contenttype.test.ContentResourceTest$PullRelatedTestCase@3c4626d4]" classname="com.dotcms.contenttype.test.ContentResourceTest" time="4.787"/>
  <testcase name="testGetContentWithRelatedParameter[3: com.dotcms.contenttype.test.ContentResourceTest$PullRelatedTestCase@dc6fdbe]" classname="com.dotcms.contenttype.test.ContentResourceTest" time="4.16"/>
  <testcase name="testGetContentWithRelatedParameter[4: com.dotcms.contenttype.test.ContentResourceTest$PullRelatedTestCase@4cd8ee74]" classname="com.dotcms.contenttype.test.ContentResourceTest" time="4.059"/>
  <testcase name="test_getContent_SelfRelatedWith3LevelsOfDepth_shouldReturnRelationships" classname="com.dotcms.contenttype.test.ContentResourceTest" time="1.512"/>
  <testcase name="Test_Save_Action_Send_Fields_SubSet_Issue_15340" classname="com.dotcms.contenttype.test.ContentResourceTest" time="3.263"/>
  <testcase name="test_getContent_shouldReturnRelationships[0: com.dotcms.contenttype.test.ContentResourceTest$TestCase@15be4f1c]" classname="com.dotcms.contenttype.test.ContentResourceTest" time="3.432"/>
  <testcase name="test_getContent_shouldReturnRelationships[1: com.dotcms.contenttype.test.ContentResourceTest$TestCase@18c3bbf9]" classname="com.dotcms.contenttype.test.ContentResourceTest" time="3.255"/>
  <testcase name="test_getContent_shouldReturnRelationships[2: com.dotcms.contenttype.test.ContentResourceTest$TestCase@22529e52]" classname="com.dotcms.contenttype.test.ContentResourceTest" time="3.549"/>
  <testcase name="test_getContent_shouldReturnRelationships[3: com.dotcms.contenttype.test.ContentResourceTest$TestCase@29726f22]" classname="com.dotcms.contenttype.test.ContentResourceTest" time="3.527"/>
  <testcase name="test_getContent_shouldReturnRelationships[4: com.dotcms.contenttype.test.ContentResourceTest$TestCase@4e5303bf]" classname="com.dotcms.contenttype.test.ContentResourceTest" time="3.662"/>
  <testcase name="test_getContent_shouldReturnRelationships[5: com.dotcms.contenttype.test.ContentResourceTest$TestCase@4b4a75ff]" classname="com.dotcms.contenttype.test.ContentResourceTest" time="2.367"/>
  <testcase name="test_getContent_shouldReturnRelationships[6: com.dotcms.contenttype.test.ContentResourceTest$TestCase@7ddcc2ca]" classname="com.dotcms.contenttype.test.ContentResourceTest" time="3.486"/>
  <testcase name="test_getContent_shouldReturnRelationships[7: com.dotcms.contenttype.test.ContentResourceTest$TestCase@476da92c]" classname="com.dotcms.contenttype.test.ContentResourceTest" time="3.537"/>
  <testcase name="test_getContent_shouldReturnRelationships[8: com.dotcms.contenttype.test.ContentResourceTest$TestCase@11751485]" classname="com.dotcms.contenttype.test.ContentResourceTest" time="3.522"/>
  <testcase name="test_getContent_shouldReturnRelationships[9: com.dotcms.contenttype.test.ContentResourceTest$TestCase@9087ed9]" classname="com.dotcms.contenttype.test.ContentResourceTest" time="3.435"/>
  <testcase name="test_getContent_shouldReturnRelationships[10: com.dotcms.contenttype.test.ContentResourceTest$TestCase@12d937a0]" classname="com.dotcms.contenttype.test.ContentResourceTest" time="3.066"/>
  <testcase name="test_getContent_shouldReturnRelationships[11: com.dotcms.contenttype.test.ContentResourceTest$TestCase@38d7c81e]" classname="com.dotcms.contenttype.test.ContentResourceTest" time="3.233"/>
  <testcase name="test_getContent_shouldReturnRelationships[12: com.dotcms.contenttype.test.ContentResourceTest$TestCase@1bf32bd]" classname="com.dotcms.contenttype.test.ContentResourceTest" time="3.22"/>
  <testcase name="test_getContent_shouldReturnRelationships[13: com.dotcms.contenttype.test.ContentResourceTest$TestCase@4b8b7ae5]" classname="com.dotcms.contenttype.test.ContentResourceTest" time="3.14"/>
  <testcase name="test_getContent_shouldReturnRelationships[14: com.dotcms.contenttype.test.ContentResourceTest$TestCase@10b43003]" classname="com.dotcms.contenttype.test.ContentResourceTest" time="3.276"/>
  <testcase name="test_getContent_shouldReturnRelationships[15: com.dotcms.contenttype.test.ContentResourceTest$TestCase@16258d33]" classname="com.dotcms.contenttype.test.ContentResourceTest" time="4.393"/>
  <testcase name="test_getContent_shouldReturnRelationships[16: com.dotcms.contenttype.test.ContentResourceTest$TestCase@6ef76f90]" classname="com.dotcms.contenttype.test.ContentResourceTest" time="4.145"/>
  <testcase name="test_getContent_shouldReturnRelationships[17: com.dotcms.contenttype.test.ContentResourceTest$TestCase@7e3b6cf9]" classname="com.dotcms.contenttype.test.ContentResourceTest" time="3.469"/>
  <testcase name="test_getContent_shouldReturnRelationships[18: com.dotcms.contenttype.test.ContentResourceTest$TestCase@4f3e6f15]" classname="com.dotcms.contenttype.test.ContentResourceTest" time="2.335"/>
  <testcase name="test_getContent_shouldReturnRelationships[19: com.dotcms.contenttype.test.ContentResourceTest$TestCase@75c82fd4]" classname="com.dotcms.contenttype.test.ContentResourceTest" time="3.791"/>
  <testcase name="test_getContent_shouldReturnRelationships[20: com.dotcms.contenttype.test.ContentResourceTest$TestCase@20964512]" classname="com.dotcms.contenttype.test.ContentResourceTest" time="3.64"/>
  <testcase name="test_getContent_shouldReturnRelationships[21: com.dotcms.contenttype.test.ContentResourceTest$TestCase@5efa95d]" classname="com.dotcms.contenttype.test.ContentResourceTest" time="2.494"/>
  <testcase name="test_getContent_shouldReturnRelationships[22: com.dotcms.contenttype.test.ContentResourceTest$TestCase@39953832]" classname="com.dotcms.contenttype.test.ContentResourceTest" time="3.504"/>
  <testcase name="test_getContent_shouldReturnRelationships[23: com.dotcms.contenttype.test.ContentResourceTest$TestCase@d17165b]" classname="com.dotcms.contenttype.test.ContentResourceTest" time="3.43"/>
  <testcase name="test_getContent_shouldReturnRelationships[24: com.dotcms.contenttype.test.ContentResourceTest$TestCase@1fbb6c3e]" classname="com.dotcms.contenttype.test.ContentResourceTest" time="3.428"/>
  <testcase name="test_getContent_shouldReturnRelationships[25: com.dotcms.contenttype.test.ContentResourceTest$TestCase@67e69bd5]" classname="com.dotcms.contenttype.test.ContentResourceTest" time="4.038"/>
  <testcase name="test_getContent_shouldReturnRelationships[26: com.dotcms.contenttype.test.ContentResourceTest$TestCase@77a26bb3]" classname="com.dotcms.contenttype.test.ContentResourceTest" time="3.572"/>
  <testcase name="test_getContent_shouldReturnRelationships[27: com.dotcms.contenttype.test.ContentResourceTest$TestCase@42320ed2]" classname="com.dotcms.contenttype.test.ContentResourceTest" time="3.391"/>
  <testcase name="test_getContent_shouldReturnRelationships[28: com.dotcms.contenttype.test.ContentResourceTest$TestCase@6ac4036]" classname="com.dotcms.contenttype.test.ContentResourceTest" time="3.337"/>
  <testcase name="test_getContent_shouldReturnRelationships[29: com.dotcms.contenttype.test.ContentResourceTest$TestCase@55c74b05]" classname="com.dotcms.contenttype.test.ContentResourceTest" time="3.28"/>
  <testcase name="test_getContent_shouldReturnRelationships[30: com.dotcms.contenttype.test.ContentResourceTest$TestCase@315c4dfd]" classname="com.dotcms.contenttype.test.ContentResourceTest" time="3.439"/>
  <testcase name="test_getContent_shouldReturnRelationships[31: com.dotcms.contenttype.test.ContentResourceTest$TestCase@63ca919a]" classname="com.dotcms.contenttype.test.ContentResourceTest" time="3.289"/>
  <testcase name="test_getContent_shouldReturnRelationships[32: com.dotcms.contenttype.test.ContentResourceTest$TestCase@703d025]" classname="com.dotcms.contenttype.test.ContentResourceTest" time="4.488"/>
  <testcase name="test_getContent_shouldReturnRelationships[33: com.dotcms.contenttype.test.ContentResourceTest$TestCase@68f33ca3]" classname="com.dotcms.contenttype.test.ContentResourceTest" time="4.316"/>
  <testcase name="testSinglePOST_InvalidParamsShouldReturn400[0: ({\n    &quot;stInode&quot; : &quot;InvalidValue&quot;,\n    &quot;numeric&quot; : &quot;0&quot;,\n    &quot;image&quot; : &quot;whatever&quot;\n}, Bad Request)]" classname="com.dotcms.contenttype.test.ContentResourceTest" time="0.922"/>
  <testcase name="testSinglePOST_InvalidParamsShouldReturn400[1: ({\n    &quot;numeric&quot; : &quot;0&quot;,\n    &quot;image&quot; : &quot;whatever&quot;\n}, Bad Request)]" classname="com.dotcms.contenttype.test.ContentResourceTest" time="0.938"/>
  <testcase name="Test_Save_Action_Set_Null_To_Required_NumericField_Issue_15340" classname="com.dotcms.contenttype.test.ContentResourceTest" time="0.953"/>
  <testcase name="Test_Save_Action_Remove_Image_Then_Verify_Fields_Were_Cleared_Issue_15340" classname="com.dotcms.contenttype.test.ContentResourceTest" time="4.143"/>
  <testcase name="test_getContentWithMultipleSelfRelated_shouldReturnRelationships[0: com.dotcms.contenttype.test.ContentResourceTest$PullSelfRelatedTestCase@ce2b75c]" classname="com.dotcms.contenttype.test.ContentResourceTest" time="1.858"/>
  <testcase name="test_getContentWithMultipleSelfRelated_shouldReturnRelationships[1: com.dotcms.contenttype.test.ContentResourceTest$PullSelfRelatedTestCase@15f9dc1d]" classname="com.dotcms.contenttype.test.ContentResourceTest" time="1.858"/>
  <testcase name="testGetContentWithAllCategoriesInfo[0: json]" classname="com.dotcms.contenttype.test.ContentResourceTest" time="2.596"/>
  <testcase name="testGetContentWithAllCategoriesInfo[1: xml]" classname="com.dotcms.contenttype.test.ContentResourceTest" time="2.821"/>
  <system-out><![CDATA[











]]></system-out>
  <system-err><![CDATA[]]></system-err>
</testsuite>
