<?xml version="1.0" encoding="UTF-8"?>
<testsuite name="com.dotmarketing.business.DeterministicIdentifierAPITest" tests="16" skipped="0" failures="0" errors="0" timestamp="2023-06-28T21:17:20" hostname="fv-az577-630" time="1.439">
  <properties/>
  <testcase name="Test_Category_Path_Seed_And_Id" classname="com.dotmarketing.business.DeterministicIdentifierAPITest" time="0.029"/>
  <testcase name="Test_Language_Deterministic_Id[0: LanguageTestCase{expectedSeed='Language:es:US', expectedHash=4913155, langCode='es', countryCode='US', country='United States'}]" classname="com.dotmarketing.business.DeterministicIdentifierAPITest" time="0.002"/>
  <testcase name="Test_Language_Deterministic_Id[1: LanguageTestCase{expectedSeed='Language:ep:', expectedHash=5292269, langCode='ep', countryCode='', country=''}]" classname="com.dotmarketing.business.DeterministicIdentifierAPITest" time="0.002"/>
  <testcase name="Test_Language_Deterministic_Id[2: LanguageTestCase{expectedSeed='Language:sg:SAG', expectedHash=4713118, langCode='sg', countryCode='SAG', country=''}]" classname="com.dotmarketing.business.DeterministicIdentifierAPITest" time="0.001"/>
  <testcase name="Test_Language_Deterministic_Id[3: LanguageTestCase{expectedSeed='Language:en:NZ', expectedHash=5382528, langCode='en', countryCode='NZ', country='New Zealand'}]" classname="com.dotmarketing.business.DeterministicIdentifierAPITest" time="0.001"/>
  <testcase name="Test_Category_None_Persisted_Category_Should_Return_Deterministic_Id" classname="com.dotmarketing.business.DeterministicIdentifierAPITest" time="0.002"/>
  <testcase name="Test_Asset_Generate_Deterministic_Id_Best_Effort[0: TestCase{versionable=my.host1687986616798.com, parent=System Host, expectedName='my.host1687986616798.com', expectedType='Host'}]" classname="com.dotmarketing.business.DeterministicIdentifierAPITest" time="0.005"/>
  <testcase name="Test_Asset_Generate_Deterministic_Id_Best_Effort[1: TestCase{versionable=com.dotmarketing.portlets.contentlet.model.Contentlet@1c024bfe[map={modDate=2023-06-28 21:10:17.449, fileName=file5646294602796036690.txt, title=file5646294602796036690.txt, inode=8a341185-3dcb-4ec8-af8b-161ce115eb17, __IS_NEW_CONTENT__=true, disabledWYSIWYG=[], host=9ebc9366-b79d-4ed6-8713-f1e725f68e36, stInode=33888b6f-7a8e-4069-b1b6-5c1aa9d0a48d, owner=system, identifier=9ae50edd-6dd7-408c-8c40-dbcf13c48f54, nullProperties=[wfExpireDate, wfPublishDate, wfActionAssign, wfActionId, wfActionComments, filterKey, whereToSend, wfNeverExpire, _path_to_move, timezoneId, iWantTo, wfPublishTime, wfExpireTime], languageId=1, fileAsset=/home/runner/work/core/custom/assets/8/a/8a341185-3dcb-4ec8-af8b-161ce115eb17/fileAsset/file5646294602796036690.txt, folder=68b1b0e9-a459-4977-a9af-dff46fc5e0ba, __disable_workflow__=true, sortOrder=0, modUser=system},lowIndexPriority=false,variantId=DEFAULT], parent=com.dotmarketing.portlets.folders.model.Folder@751f2734[identifier=68b1b0e9-a459-4977-a9af-dff46fc5e0ba,name=testName1687986617439,sortOrder=0,showOnMenu=false,hostId=9ebc9366-b79d-4ed6-8713-f1e725f68e36,type=folder,title=testTitle1687986617439,filesMasks=,defaultFileType=33888b6f-7a8e-4069-b1b6-5c1aa9d0a48d,modDate=2023-06-28 21:10:17.443,owner=&lt;null&gt;,iDate=2023-06-28 21:10:17.443,inode=68b1b0e9-a459-4977-a9af-dff46fc5e0ba,path=/testName1687986617439/], expectedName='file5646294602796036690.txt', expectedType='FileAsset'}]" classname="com.dotmarketing.business.DeterministicIdentifierAPITest" time="0.005"/>
  <testcase name="Test_Asset_Generate_Deterministic_Id_Best_Effort[2: TestCase{versionable=com.dotmarketing.portlets.templates.model.Template@be06513d, parent=my.host1687986616798.com, expectedName='testTitle1687986617580', expectedType='Template'}]" classname="com.dotmarketing.business.DeterministicIdentifierAPITest" time="0.003"/>
  <testcase name="Test_Asset_Generate_Deterministic_Id_Best_Effort[3: TestCase{versionable=com.dotmarketing.portlets.htmlpageasset.model.HTMLPageAsset@217a82b3[map={template=788bc055-92eb-4729-b7e5-f43bea5cd4fb, owner=system, identifier=ddf0f1a7-cee9-4003-818f-bc1021b093aa, nullProperties=[wfExpireDate, wfPublishDate, wfActionAssign, wfActionId, wfActionComments, filterKey, whereToSend, wfNeverExpire, _path_to_move, timezoneId, iWantTo, wfPublishTime, wfExpireTime], modDate=2023-06-28 21:10:17.61, cachettl=0, _is_test_mode=true, languageId=1, title=test-page-title-1687986617603, httpsreq=, url=test-page-url-1687986617603, showOnMenu=, inode=492a513f-fc4e-4ea8-b9ae-286d1b65240e, folder=68b1b0e9-a459-4977-a9af-dff46fc5e0ba, disabledWYSIWYG=[], sortOrder=1, modUser=system, host=9ebc9366-b79d-4ed6-8713-f1e725f68e36, stInode=c541abb1-69b3-4bc5-8430-5e09e5239cc8, friendlyName=test-page-friendly-name-1687986617603},lowIndexPriority=false,variantId=DEFAULT], parent=com.dotmarketing.portlets.folders.model.Folder@751f2734[identifier=68b1b0e9-a459-4977-a9af-dff46fc5e0ba,name=testName1687986617439,sortOrder=0,showOnMenu=false,hostId=9ebc9366-b79d-4ed6-8713-f1e725f68e36,type=folder,title=testTitle1687986617439,filesMasks=,defaultFileType=33888b6f-7a8e-4069-b1b6-5c1aa9d0a48d,modDate=2023-06-28 21:10:17.443,owner=&lt;null&gt;,iDate=2023-06-28 21:10:17.443,inode=68b1b0e9-a459-4977-a9af-dff46fc5e0ba,path=/testName1687986617439/], expectedName='test-page-url-1687986617603', expectedType='htmlpageasset'}]" classname="com.dotmarketing.business.DeterministicIdentifierAPITest" time="0.004"/>
  <testcase name="Test_Asset_Generate_Deterministic_Id_Best_Effort[4: TestCase{versionable=com.dotmarketing.portlets.contentlet.model.Contentlet@278a378d[map={fileAsset2=/home/runner/work/core/custom/assets/5/d/5dec6d85-8a8c-4e38-90eb-1cf2108c65e6/fileAsset2/test_binary1687986619441.png, modDate=2023-06-28 21:10:19.448, fileAsset1=/home/runner/work/core/custom/assets/5/d/5dec6d85-8a8c-4e38-90eb-1cf2108c65e6/fileAsset1/test_binary1687986619441.jpg, title=blah, inode=5dec6d85-8a8c-4e38-90eb-1cf2108c65e6, __IS_NEW_CONTENT__=true, disabledWYSIWYG=[], host=48190c8c-42c4-46af-8d1a-0cd5db894797, stInode=e7931ad8-fb02-4a38-a88d-36e3465993d8, owner=system, identifier=9f041409-e565-4bc7-9d91-532576abcc46, nullProperties=[], languageId=1, image1=821c7ea3-3d66-48c5-b8fc-56da30a54e96, folder=SYSTEM_FOLDER, __disable_workflow__=true, sortOrder=0, modUser=system},lowIndexPriority=false,variantId=DEFAULT], parent=demo.dotcms.com, expectedName='test_binary1687986619441.jpg:test_binary1687986619441.png', expectedType='MultipleBinaries1687986618048'}]" classname="com.dotmarketing.business.DeterministicIdentifierAPITest" time="0.004"/>
  <testcase name="Test_Asset_Generate_Deterministic_Id_Best_Effort[5: TestCase{versionable=namebc8a22234c : keyTagbc8a22234c, parent=my.host1687986616798.com, expectedName='keyTagbc8a22234c', expectedType='persona'}]" classname="com.dotmarketing.business.DeterministicIdentifierAPITest" time="0.004"/>
  <testcase name="Test_Similar_Content_Type_Wont_Clash" classname="com.dotmarketing.business.DeterministicIdentifierAPITest" time="0.623"/>
  <testcase name="Test_Generate_Folder_Identifier" classname="com.dotmarketing.business.DeterministicIdentifierAPITest" time="0.733"/>
  <testcase name="Test_Generate_Content_Type_Identifier[0: ContentTypeTestCase{contentType=KeyValueContentType{name=Language Variable, id=f4d7c1b8-2c88-4071-abf1-a5328977b07d, description=Default Content Type for Language Variables, defaultType=false, fixed=true, iDate=Thu Aug 31 16:38:49 UTC 2017, system=true, versionable=true, variable=Languagevariable, modDate=Wed Jun 28 19:54:23 UTC 2023, host=SYSTEM_HOST, siteName=systemHost, icon=language, sortOrder=0, folder=SYSTEM_FOLDER, folderPath=/, markedForDeletion=true, multilingualable=false}, expectedName='Languagevariable', expectedType='KeyValue'}]" classname="com.dotmarketing.business.DeterministicIdentifierAPITest" time="0.009"/>
  <testcase name="Test_Generate_Content_Type_Identifier[1: ContentTypeTestCase{contentType=SimpleContentType{name=testName1687986619890, id=054eb97b-6f0b-4482-912c-61b260c990cc, description=testDescription1687986619890, defaultType=false, fixed=false, iDate=Wed Jun 28 21:10:19 UTC 2023, system=false, versionable=true, multilingualable=false, variable=testVarname1687986619890, owner=system, modDate=Wed Jun 28 21:10:20 UTC 2023, host=48190c8c-42c4-46af-8d1a-0cd5db894797, siteName=demo.dotcms.com, icon=event_note, sortOrder=0, folder=SYSTEM_FOLDER, folderPath=/, requiredFields=[], markedForDeletion=false}, expectedName='testVarname1687986619890', expectedType='CONTENT'}]" classname="com.dotmarketing.business.DeterministicIdentifierAPITest" time="0.006"/>
  <system-out><![CDATA[]]></system-out>
  <system-err><![CDATA[]]></system-err>
</testsuite>
