<?xml version="1.0" encoding="UTF-8"?>
<testsuite name="com.dotcms.rest.api.v1.vtl.VTLResourceIntegrationTest" tests="6" skipped="0" failures="0" errors="0" timestamp="2023-07-07T18:36:03" hostname="fv-az1131-394" time="12.169">
  <properties/>
  <testcase name="testGet[0: com.dotcms.rest.api.v1.vtl.VTLResourceTestCase@41146df9]" classname="com.dotcms.rest.api.v1.vtl.VTLResourceIntegrationTest" time="2.185"/>
  <testcase name="testGet[1: com.dotcms.rest.api.v1.vtl.VTLResourceTestCase@14e7112f]" classname="com.dotcms.rest.api.v1.vtl.VTLResourceIntegrationTest" time="2.742"/>
  <testcase name="testGet[2: com.dotcms.rest.api.v1.vtl.VTLResourceTestCase@2dfdeb93]" classname="com.dotcms.rest.api.v1.vtl.VTLResourceIntegrationTest" time="2.21"/>
  <testcase name="testGet[3: com.dotcms.rest.api.v1.vtl.VTLResourceTestCase@350b1ee1]" classname="com.dotcms.rest.api.v1.vtl.VTLResourceIntegrationTest" time="2.0"/>
  <testcase name="testGet[4: com.dotcms.rest.api.v1.vtl.VTLResourceTestCase@5792d61c]" classname="com.dotcms.rest.api.v1.vtl.VTLResourceIntegrationTest" time="2.021"/>
  <testcase name="testGet[5: com.dotcms.rest.api.v1.vtl.VTLResourceTestCase@7b50dba8]" classname="com.dotcms.rest.api.v1.vtl.VTLResourceIntegrationTest" time="1.011"/>
  <system-out><![CDATA[]]></system-out>
  <system-err><![CDATA[]]></system-err>
</testsuite>
