<?xml version="1.0" encoding="UTF-8"?>
<testsuite name="com.dotcms.rest.elasticsearch.ESContentResourcePortletTest" tests="8" skipped="0" failures="0" errors="0" timestamp="2023-07-03T17:22:43" hostname="fv-az444-624" time="8.816">
  <properties/>
  <testcase name="test_search_includeGrandChildCategory_success" classname="com.dotcms.rest.elasticsearch.ESContentResourcePortletTest" time="1.426"/>
  <testcase name="testSearch[0: com.dotcms.rest.elasticsearch.ESContentResourcePortletTest$TestCase@72fd8bf6]" classname="com.dotcms.rest.elasticsearch.ESContentResourcePortletTest" time="0.882"/>
  <testcase name="testSearch[1: com.dotcms.rest.elasticsearch.ESContentResourcePortletTest$TestCase@1d28b000]" classname="com.dotcms.rest.elasticsearch.ESContentResourcePortletTest" time="1.285"/>
  <testcase name="testSearch[2: com.dotcms.rest.elasticsearch.ESContentResourcePortletTest$TestCase@3d75e289]" classname="com.dotcms.rest.elasticsearch.ESContentResourcePortletTest" time="0.855"/>
  <testcase name="testSearch[3: com.dotcms.rest.elasticsearch.ESContentResourcePortletTest$TestCase@426e50b6]" classname="com.dotcms.rest.elasticsearch.ESContentResourcePortletTest" time="1.264"/>
  <testcase name="testSearch[4: com.dotcms.rest.elasticsearch.ESContentResourcePortletTest$TestCase@5c52d136]" classname="com.dotcms.rest.elasticsearch.ESContentResourcePortletTest" time="1.278"/>
  <testcase name="testSearch[5: com.dotcms.rest.elasticsearch.ESContentResourcePortletTest$TestCase@4a2c20c]" classname="com.dotcms.rest.elasticsearch.ESContentResourcePortletTest" time="0.96"/>
  <testcase name="testSearch[6: com.dotcms.rest.elasticsearch.ESContentResourcePortletTest$TestCase@16d109bb]" classname="com.dotcms.rest.elasticsearch.ESContentResourcePortletTest" time="0.864"/>
  <system-out><![CDATA[]]></system-out>
  <system-err><![CDATA[]]></system-err>
</testsuite>
