<?xml version="1.0" encoding="UTF-8"?>
<testsuite name="com.dotmarketing.business.DeterministicIdentifierAPITest" tests="16" skipped="0" failures="0" errors="0" timestamp="2023-07-19T17:30:00" hostname="fv-az400-396" time="1.642">
  <properties/>
  <testcase name="Test_Category_Path_Seed_And_Id" classname="com.dotmarketing.business.DeterministicIdentifierAPITest" time="0.046"/>
  <testcase name="Test_Language_Deterministic_Id[0: LanguageTestCase{expectedSeed='Language:es:US', expectedHash=4913155, langCode='es', countryCode='US', country='United States'}]" classname="com.dotmarketing.business.DeterministicIdentifierAPITest" time="0.002"/>
  <testcase name="Test_Language_Deterministic_Id[1: LanguageTestCase{expectedSeed='Language:ep:', expectedHash=5292269, langCode='ep', countryCode='', country=''}]" classname="com.dotmarketing.business.DeterministicIdentifierAPITest" time="0.001"/>
  <testcase name="Test_Language_Deterministic_Id[2: LanguageTestCase{expectedSeed='Language:sg:SAG', expectedHash=4713118, langCode='sg', countryCode='SAG', country=''}]" classname="com.dotmarketing.business.DeterministicIdentifierAPITest" time="0.001"/>
  <testcase name="Test_Language_Deterministic_Id[3: LanguageTestCase{expectedSeed='Language:en:NZ', expectedHash=5382528, langCode='en', countryCode='NZ', country='New Zealand'}]" classname="com.dotmarketing.business.DeterministicIdentifierAPITest" time="0.002"/>
  <testcase name="Test_Category_None_Persisted_Category_Should_Return_Deterministic_Id" classname="com.dotmarketing.business.DeterministicIdentifierAPITest" time="0.002"/>
  <testcase name="Test_Asset_Generate_Deterministic_Id_Best_Effort[0: TestCase{versionable=my.host1689787340447.com, parent=System Host, expectedName='my.host1689787340447.com', expectedType='Host'}]" classname="com.dotmarketing.business.DeterministicIdentifierAPITest" time="0.005"/>
  <testcase name="Test_Asset_Generate_Deterministic_Id_Best_Effort[1: TestCase{versionable=com.dotmarketing.portlets.contentlet.model.Contentlet@6f98a4ec[map={modDate=2023-07-19 17:22:21.004, fileName=file17090888528023122878.txt, title=file17090888528023122878.txt, inode=e2258812-0d75-4158-977c-a9f06a532687, __IS_NEW_CONTENT__=true, disabledWYSIWYG=[], host=c3ded70b-416e-49bb-be86-5c5e72e06b73, stInode=33888b6f-7a8e-4069-b1b6-5c1aa9d0a48d, owner=system, identifier=ee5cbe17-ed82-4582-96f1-1d177e170941, nullProperties=[wfExpireDate, wfPublishDate, wfActionAssign, wfActionId, wfActionComments, filterKey, whereToSend, wfNeverExpire, _path_to_move, timezoneId, iWantTo, wfPublishTime, wfExpireTime], languageId=1, fileAsset=/home/runner/work/core/custom/assets/e/2/e2258812-0d75-4158-977c-a9f06a532687/fileAsset/file17090888528023122878.txt, folder=19b4d628-6780-404e-8116-0e91fca6d5da, __disable_workflow__=true, sortOrder=0, modUser=system},lowIndexPriority=false,variantId=DEFAULT], parent=com.dotmarketing.portlets.folders.model.Folder@2bc49992[identifier=19b4d628-6780-404e-8116-0e91fca6d5da,name=testName1689787340979,sortOrder=0,showOnMenu=false,hostId=c3ded70b-416e-49bb-be86-5c5e72e06b73,type=folder,title=testTitle1689787340979,filesMasks=,defaultFileType=33888b6f-7a8e-4069-b1b6-5c1aa9d0a48d,modDate=2023-07-19 17:22:20.991,owner=&lt;null&gt;,iDate=2023-07-19 17:22:20.991,inode=19b4d628-6780-404e-8116-0e91fca6d5da,path=/testName1689787340979/], expectedName='file17090888528023122878.txt', expectedType='FileAsset'}]" classname="com.dotmarketing.business.DeterministicIdentifierAPITest" time="0.005"/>
  <testcase name="Test_Asset_Generate_Deterministic_Id_Best_Effort[2: TestCase{versionable=com.dotmarketing.portlets.templates.model.Template@f3aa68ae, parent=my.host1689787340447.com, expectedName='testTitle1689787341163', expectedType='Template'}]" classname="com.dotmarketing.business.DeterministicIdentifierAPITest" time="0.003"/>
  <testcase name="Test_Asset_Generate_Deterministic_Id_Best_Effort[3: TestCase{versionable=com.dotmarketing.portlets.htmlpageasset.model.HTMLPageAsset@45b66709[map={template=2c1590b2-5b4b-48b7-8d56-c6dd04b78e85, owner=system, identifier=eeb61b43-ccc2-4ac0-8463-53b064107baa, nullProperties=[wfExpireDate, wfPublishDate, wfActionAssign, wfActionId, wfActionComments, filterKey, whereToSend, wfNeverExpire, _path_to_move, timezoneId, iWantTo, wfPublishTime, wfExpireTime], modDate=2023-07-19 17:22:21.203, cachettl=0, _is_test_mode=true, languageId=1, title=test-page-title-1689787341193, httpsreq=, url=test-page-url-1689787341193, showOnMenu=, inode=090fdd63-2176-4b7b-8982-691de2292b35, folder=19b4d628-6780-404e-8116-0e91fca6d5da, disabledWYSIWYG=[], sortOrder=1, modUser=system, host=c3ded70b-416e-49bb-be86-5c5e72e06b73, stInode=c541abb1-69b3-4bc5-8430-5e09e5239cc8, friendlyName=test-page-friendly-name-1689787341193},lowIndexPriority=false,variantId=DEFAULT], parent=com.dotmarketing.portlets.folders.model.Folder@2bc49992[identifier=19b4d628-6780-404e-8116-0e91fca6d5da,name=testName1689787340979,sortOrder=0,showOnMenu=false,hostId=c3ded70b-416e-49bb-be86-5c5e72e06b73,type=folder,title=testTitle1689787340979,filesMasks=,defaultFileType=33888b6f-7a8e-4069-b1b6-5c1aa9d0a48d,modDate=2023-07-19 17:22:20.991,owner=&lt;null&gt;,iDate=2023-07-19 17:22:20.991,inode=19b4d628-6780-404e-8116-0e91fca6d5da,path=/testName1689787340979/], expectedName='test-page-url-1689787341193', expectedType='htmlpageasset'}]" classname="com.dotmarketing.business.DeterministicIdentifierAPITest" time="0.004"/>
  <testcase name="Test_Asset_Generate_Deterministic_Id_Best_Effort[4: TestCase{versionable=com.dotmarketing.portlets.contentlet.model.Contentlet@1e3eb17d[map={fileAsset2=/home/runner/work/core/custom/assets/b/2/b2eb8b64-b387-42c6-bc1c-b2db87a12e5c/fileAsset2/test_binary1689787342911.png, modDate=2023-07-19 17:22:22.922, fileAsset1=/home/runner/work/core/custom/assets/b/2/b2eb8b64-b387-42c6-bc1c-b2db87a12e5c/fileAsset1/test_binary1689787342910.jpg, title=blah, inode=b2eb8b64-b387-42c6-bc1c-b2db87a12e5c, __IS_NEW_CONTENT__=true, disabledWYSIWYG=[], host=48190c8c-42c4-46af-8d1a-0cd5db894797, stInode=7e54c6a9-b03b-47cf-bc2f-06b8481af2a0, owner=system, identifier=25834441-9968-4256-863a-12feb113ac62, nullProperties=[], languageId=1, image1=bc959bc8-9f3f-4fac-a06b-a173bbfab74c, folder=SYSTEM_FOLDER, __disable_workflow__=true, sortOrder=0, modUser=system},lowIndexPriority=false,variantId=DEFAULT], parent=demo.dotcms.com, expectedName='test_binary1689787342910.jpg:test_binary1689787342911.png', expectedType='MultipleBinaries1689787341661'}]" classname="com.dotmarketing.business.DeterministicIdentifierAPITest" time="0.004"/>
  <testcase name="Test_Asset_Generate_Deterministic_Id_Best_Effort[5: TestCase{versionable=name390cdbbb70 : keyTag390cdbbb70, parent=my.host1689787340447.com, expectedName='keyTag390cdbbb70', expectedType='persona'}]" classname="com.dotmarketing.business.DeterministicIdentifierAPITest" time="0.004"/>
  <testcase name="Test_Similar_Content_Type_Wont_Clash" classname="com.dotmarketing.business.DeterministicIdentifierAPITest" time="0.676"/>
  <testcase name="Test_Generate_Folder_Identifier" classname="com.dotmarketing.business.DeterministicIdentifierAPITest" time="0.871"/>
  <testcase name="Test_Generate_Content_Type_Identifier[0: ContentTypeTestCase{contentType=KeyValueContentType{name=Language Variable, id=f4d7c1b8-2c88-4071-abf1-a5328977b07d, description=Default Content Type for Language Variables, defaultType=false, fixed=true, iDate=Thu Aug 31 16:38:49 UTC 2017, system=true, versionable=true, variable=Languagevariable, modDate=Wed Jul 19 16:00:51 UTC 2023, host=SYSTEM_HOST, siteName=systemHost, icon=language, sortOrder=0, folder=SYSTEM_FOLDER, folderPath=/, markedForDeletion=true, multilingualable=false}, expectedName='Languagevariable', expectedType='KeyValue'}]" classname="com.dotmarketing.business.DeterministicIdentifierAPITest" time="0.007"/>
  <testcase name="Test_Generate_Content_Type_Identifier[1: ContentTypeTestCase{contentType=SimpleContentType{name=testName1689787343419, id=492e6328-1454-4af7-a280-0a35095ffa2e, description=testDescription1689787343419, defaultType=false, fixed=false, iDate=Wed Jul 19 17:22:23 UTC 2023, system=false, versionable=true, multilingualable=false, variable=testVarname1689787343419, owner=system, modDate=Wed Jul 19 17:22:25 UTC 2023, host=48190c8c-42c4-46af-8d1a-0cd5db894797, siteName=demo.dotcms.com, icon=event_note, sortOrder=0, folder=SYSTEM_FOLDER, folderPath=/, requiredFields=[], markedForDeletion=false}, expectedName='testVarname1689787343419', expectedType='CONTENT'}]" classname="com.dotmarketing.business.DeterministicIdentifierAPITest" time="0.007"/>
  <system-out><![CDATA[]]></system-out>
  <system-err><![CDATA[]]></system-err>
</testsuite>
