<?xml version="1.0" encoding="UTF-8"?>
<testsuite name="com.dotcms.enterprise.publishing.remote.PushPublishBundleGeneratorTest" tests="10" skipped="0" failures="0" errors="0" timestamp="2023-07-03T16:37:46" hostname="fv-az218-411" time="12.876">
  <properties/>
  <testcase name="Test_GenerateBundle_PageWithTemplateDeleted_PageSuccessfullyAddedToBundle" classname="com.dotcms.enterprise.publishing.remote.PushPublishBundleGeneratorTest" time="1.488"/>
  <testcase name="testGenerateBundleWithFilter_DependenciesFalse_TemplateContainerFolderContenttypeContentlet_NotAdded" classname="com.dotcms.enterprise.publishing.remote.PushPublishBundleGeneratorTest" time="1.244"/>
  <testcase name="testGenerateBundleWithFilter_ExcludeDependencyQuery_ContentFromChildContentType_NotAdded" classname="com.dotcms.enterprise.publishing.remote.PushPublishBundleGeneratorTest" time="1.994"/>
  <testcase name="testGenerateBundleWithFilter_RelationshipsFalse_ChildcontentletChildcontentyypeRelationship_NotAdded" classname="com.dotcms.enterprise.publishing.remote.PushPublishBundleGeneratorTest" time="2.145"/>
  <testcase name="Test_GenerateBundle_FileAssetZeroBytes_ContentAllowZeroLengthFilesSetToTrue_Success" classname="com.dotcms.enterprise.publishing.remote.PushPublishBundleGeneratorTest" time="0.833"/>
  <testcase name="Test_GenerateBundle_FileAssetZeroBytes_ContentAllowZeroLengthFilesSetToFalse_DotBundleException" classname="com.dotcms.enterprise.publishing.remote.PushPublishBundleGeneratorTest" time="0.987"/>
  <testcase name="testGenerateBundleWithFilter_ExcludeClasses_TemplateContainer_NotAdded" classname="com.dotcms.enterprise.publishing.remote.PushPublishBundleGeneratorTest" time="0.31"/>
  <testcase name="testGenerateBundle_FilterDependenciesAndForcePushFalse_ContentExplicitlyAddedMustBePushedRegardlessPushDate" classname="com.dotcms.enterprise.publishing.remote.PushPublishBundleGeneratorTest" time="0.742"/>
  <testcase name="testGenerateBundleWithFilter_ExcludeDependencyClasses_ContentTypeWorkflow_NotAdded" classname="com.dotcms.enterprise.publishing.remote.PushPublishBundleGeneratorTest" time="1.771"/>
  <testcase name="testGenerateBundleWithFilter_ExcludeQuery_BaseTypeWidget_NotAdded" classname="com.dotcms.enterprise.publishing.remote.PushPublishBundleGeneratorTest" time="1.36"/>
  <system-out><![CDATA[]]></system-out>
  <system-err><![CDATA[]]></system-err>
</testsuite>
