<?xml version="1.0" encoding="UTF-8"?>
<testsuite name="com.dotcms.publishing.manifest.CSVManifestReaderTest" tests="34" skipped="0" failures="0" errors="0" timestamp="2023-06-30T16:46:14" hostname="fv-az173-860" time="0.115">
  <properties/>
  <testcase name="exclude[0: com.dotcms.publishing.manifest.CSVManifestReaderTest$TestCase@31a9c6ff]" classname="com.dotcms.publishing.manifest.CSVManifestReaderTest" time="0.01"/>
  <testcase name="exclude[1: com.dotcms.publishing.manifest.CSVManifestReaderTest$TestCase@275a9592]" classname="com.dotcms.publishing.manifest.CSVManifestReaderTest" time="0.003"/>
  <testcase name="exclude[2: com.dotcms.publishing.manifest.CSVManifestReaderTest$TestCase@5663fb7e]" classname="com.dotcms.publishing.manifest.CSVManifestReaderTest" time="0.002"/>
  <testcase name="exclude[3: com.dotcms.publishing.manifest.CSVManifestReaderTest$TestCase@358e942e]" classname="com.dotcms.publishing.manifest.CSVManifestReaderTest" time="0.003"/>
  <testcase name="exclude[4: com.dotcms.publishing.manifest.CSVManifestReaderTest$TestCase@4aef325e]" classname="com.dotcms.publishing.manifest.CSVManifestReaderTest" time="0.002"/>
  <testcase name="exclude[5: com.dotcms.publishing.manifest.CSVManifestReaderTest$TestCase@39ead894]" classname="com.dotcms.publishing.manifest.CSVManifestReaderTest" time="0.004"/>
  <testcase name="exclude[6: com.dotcms.publishing.manifest.CSVManifestReaderTest$TestCase@701b6cdc]" classname="com.dotcms.publishing.manifest.CSVManifestReaderTest" time="0.002"/>
  <testcase name="exclude[7: com.dotcms.publishing.manifest.CSVManifestReaderTest$TestCase@3175a915]" classname="com.dotcms.publishing.manifest.CSVManifestReaderTest" time="0.002"/>
  <testcase name="exclude[8: com.dotcms.publishing.manifest.CSVManifestReaderTest$TestCase@2bb10a7]" classname="com.dotcms.publishing.manifest.CSVManifestReaderTest" time="0.002"/>
  <testcase name="exclude[9: com.dotcms.publishing.manifest.CSVManifestReaderTest$TestCase@6dfa561c]" classname="com.dotcms.publishing.manifest.CSVManifestReaderTest" time="0.003"/>
  <testcase name="exclude[10: com.dotcms.publishing.manifest.CSVManifestReaderTest$TestCase@462cbaf3]" classname="com.dotcms.publishing.manifest.CSVManifestReaderTest" time="0.003"/>
  <testcase name="exclude[11: com.dotcms.publishing.manifest.CSVManifestReaderTest$TestCase@5a8d8e22]" classname="com.dotcms.publishing.manifest.CSVManifestReaderTest" time="0.002"/>
  <testcase name="exclude[12: com.dotcms.publishing.manifest.CSVManifestReaderTest$TestCase@e983fc]" classname="com.dotcms.publishing.manifest.CSVManifestReaderTest" time="0.002"/>
  <testcase name="exclude[13: com.dotcms.publishing.manifest.CSVManifestReaderTest$TestCase@3f9c6f4b]" classname="com.dotcms.publishing.manifest.CSVManifestReaderTest" time="0.003"/>
  <testcase name="exclude[14: com.dotcms.publishing.manifest.CSVManifestReaderTest$TestCase@1c44a169]" classname="com.dotcms.publishing.manifest.CSVManifestReaderTest" time="0.002"/>
  <testcase name="createCSVManifestReaderWithInputStream" classname="com.dotcms.publishing.manifest.CSVManifestReaderTest" time="0.025"/>
  <testcase name="emptyManifestFile" classname="com.dotcms.publishing.manifest.CSVManifestReaderTest" time="0.001"/>
  <testcase name="getAssets" classname="com.dotcms.publishing.manifest.CSVManifestReaderTest" time="0.022"/>
  <testcase name="getMetadata" classname="com.dotcms.publishing.manifest.CSVManifestReaderTest" time="0.003"/>
  <testcase name="include[0: com.dotcms.publishing.manifest.CSVManifestReaderTest$TestCase@31a9c6ff]" classname="com.dotcms.publishing.manifest.CSVManifestReaderTest" time="0.001"/>
  <testcase name="include[1: com.dotcms.publishing.manifest.CSVManifestReaderTest$TestCase@275a9592]" classname="com.dotcms.publishing.manifest.CSVManifestReaderTest" time="0.001"/>
  <testcase name="include[2: com.dotcms.publishing.manifest.CSVManifestReaderTest$TestCase@5663fb7e]" classname="com.dotcms.publishing.manifest.CSVManifestReaderTest" time="0.001"/>
  <testcase name="include[3: com.dotcms.publishing.manifest.CSVManifestReaderTest$TestCase@358e942e]" classname="com.dotcms.publishing.manifest.CSVManifestReaderTest" time="0.002"/>
  <testcase name="include[4: com.dotcms.publishing.manifest.CSVManifestReaderTest$TestCase@4aef325e]" classname="com.dotcms.publishing.manifest.CSVManifestReaderTest" time="0.001"/>
  <testcase name="include[5: com.dotcms.publishing.manifest.CSVManifestReaderTest$TestCase@39ead894]" classname="com.dotcms.publishing.manifest.CSVManifestReaderTest" time="0.002"/>
  <testcase name="include[6: com.dotcms.publishing.manifest.CSVManifestReaderTest$TestCase@701b6cdc]" classname="com.dotcms.publishing.manifest.CSVManifestReaderTest" time="0.001"/>
  <testcase name="include[7: com.dotcms.publishing.manifest.CSVManifestReaderTest$TestCase@3175a915]" classname="com.dotcms.publishing.manifest.CSVManifestReaderTest" time="0.001"/>
  <testcase name="include[8: com.dotcms.publishing.manifest.CSVManifestReaderTest$TestCase@2bb10a7]" classname="com.dotcms.publishing.manifest.CSVManifestReaderTest" time="0.001"/>
  <testcase name="include[9: com.dotcms.publishing.manifest.CSVManifestReaderTest$TestCase@6dfa561c]" classname="com.dotcms.publishing.manifest.CSVManifestReaderTest" time="0.001"/>
  <testcase name="include[10: com.dotcms.publishing.manifest.CSVManifestReaderTest$TestCase@462cbaf3]" classname="com.dotcms.publishing.manifest.CSVManifestReaderTest" time="0.001"/>
  <testcase name="include[11: com.dotcms.publishing.manifest.CSVManifestReaderTest$TestCase@5a8d8e22]" classname="com.dotcms.publishing.manifest.CSVManifestReaderTest" time="0.0"/>
  <testcase name="include[12: com.dotcms.publishing.manifest.CSVManifestReaderTest$TestCase@e983fc]" classname="com.dotcms.publishing.manifest.CSVManifestReaderTest" time="0.0"/>
  <testcase name="include[13: com.dotcms.publishing.manifest.CSVManifestReaderTest$TestCase@3f9c6f4b]" classname="com.dotcms.publishing.manifest.CSVManifestReaderTest" time="0.001"/>
  <testcase name="include[14: com.dotcms.publishing.manifest.CSVManifestReaderTest$TestCase@1c44a169]" classname="com.dotcms.publishing.manifest.CSVManifestReaderTest" time="0.001"/>
  <system-out><![CDATA[]]></system-out>
  <system-err><![CDATA[]]></system-err>
</testsuite>
