<?xml version="1.0" encoding="UTF-8"?>
<testsuite name="com.dotcms.rest.elasticsearch.ESContentResourcePortletTest" tests="8" skipped="0" failures="0" errors="0" timestamp="2023-06-30T21:15:10" hostname="fv-az247-376" time="8.544">
  <properties/>
  <testcase name="test_search_includeGrandChildCategory_success" classname="com.dotcms.rest.elasticsearch.ESContentResourcePortletTest" time="2.071"/>
  <testcase name="testSearch[0: com.dotcms.rest.elasticsearch.ESContentResourcePortletTest$TestCase@7fbc51a3]" classname="com.dotcms.rest.elasticsearch.ESContentResourcePortletTest" time="1.061"/>
  <testcase name="testSearch[1: com.dotcms.rest.elasticsearch.ESContentResourcePortletTest$TestCase@50393b90]" classname="com.dotcms.rest.elasticsearch.ESContentResourcePortletTest" time="0.368"/>
  <testcase name="testSearch[2: com.dotcms.rest.elasticsearch.ESContentResourcePortletTest$TestCase@5a534b80]" classname="com.dotcms.rest.elasticsearch.ESContentResourcePortletTest" time="1.103"/>
  <testcase name="testSearch[3: com.dotcms.rest.elasticsearch.ESContentResourcePortletTest$TestCase@23b625b9]" classname="com.dotcms.rest.elasticsearch.ESContentResourcePortletTest" time="0.415"/>
  <testcase name="testSearch[4: com.dotcms.rest.elasticsearch.ESContentResourcePortletTest$TestCase@3e9a5925]" classname="com.dotcms.rest.elasticsearch.ESContentResourcePortletTest" time="1.391"/>
  <testcase name="testSearch[5: com.dotcms.rest.elasticsearch.ESContentResourcePortletTest$TestCase@27e600dd]" classname="com.dotcms.rest.elasticsearch.ESContentResourcePortletTest" time="1.094"/>
  <testcase name="testSearch[6: com.dotcms.rest.elasticsearch.ESContentResourcePortletTest$TestCase@67a950ea]" classname="com.dotcms.rest.elasticsearch.ESContentResourcePortletTest" time="1.038"/>
  <system-out><![CDATA[]]></system-out>
  <system-err><![CDATA[]]></system-err>
</testsuite>
