<?xml version="1.0" encoding="UTF-8"?>
<testsuite name="com.dotmarketing.servlets.ajax.AjaxDirectorServletIntegrationTest" tests="2" skipped="0" failures="0" errors="0" timestamp="2023-06-23T01:01:51" hostname="fv-az395-584" time="1.459">
  <properties/>
  <testcase name="testService[0: com.dotmarketing.servlets.ajax.AjaxDirectorServletTestCase@30fa74dc]" classname="com.dotmarketing.servlets.ajax.AjaxDirectorServletIntegrationTest" time="0.721"/>
  <testcase name="testService[1: com.dotmarketing.servlets.ajax.AjaxDirectorServletTestCase@3f65c491]" classname="com.dotmarketing.servlets.ajax.AjaxDirectorServletIntegrationTest" time="0.738"/>
  <system-out><![CDATA[]]></system-out>
  <system-err><![CDATA[]]></system-err>
</testsuite>
