<?xml version="1.0" encoding="UTF-8"?>
<testsuite name="com.dotcms.rest.TagResourceIntegrationTest" tests="4" skipped="0" failures="0" errors="0" timestamp="2023-07-08T05:19:02" hostname="fv-az351-324" time="0.266">
  <properties/>
  <testcase name="testList[0: com.dotcms.rest.TagResourceTestCase@4edac3c8]" classname="com.dotcms.rest.TagResourceIntegrationTest" time="0.199"/>
  <testcase name="testList[1: com.dotcms.rest.TagResourceTestCase@27f4ba6f]" classname="com.dotcms.rest.TagResourceIntegrationTest" time="0.019"/>
  <testcase name="testList[2: com.dotcms.rest.TagResourceTestCase@313063b3]" classname="com.dotcms.rest.TagResourceIntegrationTest" time="0.019"/>
  <testcase name="testList[3: com.dotcms.rest.TagResourceTestCase@8c683fb]" classname="com.dotcms.rest.TagResourceIntegrationTest" time="0.027"/>
  <system-out><![CDATA[]]></system-out>
  <system-err><![CDATA[Jul 08, 2023 5:19:02 AM com.dotcms.repackage.org.hibernate.validator.internal.util.Version <clinit>
INFO: HV000001: Hibernate Validator 4.3.2.Final
]]></system-err>
</testsuite>
