<?xml version="1.0" encoding="UTF-8"?>
<testsuite name="com.dotmarketing.servlets.ajax.AjaxDirectorServletIntegrationTest" tests="2" skipped="0" failures="0" errors="0" timestamp="2023-07-15T00:51:21" hostname="fv-az617-846" time="0.921">
  <properties/>
  <testcase name="testService[0: com.dotmarketing.servlets.ajax.AjaxDirectorServletTestCase@7e05395a]" classname="com.dotmarketing.servlets.ajax.AjaxDirectorServletIntegrationTest" time="0.555"/>
  <testcase name="testService[1: com.dotmarketing.servlets.ajax.AjaxDirectorServletTestCase@38e5a307]" classname="com.dotmarketing.servlets.ajax.AjaxDirectorServletIntegrationTest" time="0.366"/>
  <system-out><![CDATA[]]></system-out>
  <system-err><![CDATA[]]></system-err>
</testsuite>
