<?xml version="1.0" encoding="UTF-8"?>
<testsuite name="com.dotcms.publishing.manifest.CSVManifestReaderTest" tests="34" skipped="0" failures="0" errors="0" timestamp="2023-07-14T20:59:54" hostname="fv-az251-985" time="0.101">
  <properties/>
  <testcase name="exclude[0: com.dotcms.publishing.manifest.CSVManifestReaderTest$TestCase@117815f4]" classname="com.dotcms.publishing.manifest.CSVManifestReaderTest" time="0.008"/>
  <testcase name="exclude[1: com.dotcms.publishing.manifest.CSVManifestReaderTest$TestCase@7f0117ea]" classname="com.dotcms.publishing.manifest.CSVManifestReaderTest" time="0.002"/>
  <testcase name="exclude[2: com.dotcms.publishing.manifest.CSVManifestReaderTest$TestCase@2355c1c9]" classname="com.dotcms.publishing.manifest.CSVManifestReaderTest" time="0.002"/>
  <testcase name="exclude[3: com.dotcms.publishing.manifest.CSVManifestReaderTest$TestCase@4d7c667d]" classname="com.dotcms.publishing.manifest.CSVManifestReaderTest" time="0.002"/>
  <testcase name="exclude[4: com.dotcms.publishing.manifest.CSVManifestReaderTest$TestCase@1cfa0d93]" classname="com.dotcms.publishing.manifest.CSVManifestReaderTest" time="0.002"/>
  <testcase name="exclude[5: com.dotcms.publishing.manifest.CSVManifestReaderTest$TestCase@6bb3f7a1]" classname="com.dotcms.publishing.manifest.CSVManifestReaderTest" time="0.004"/>
  <testcase name="exclude[6: com.dotcms.publishing.manifest.CSVManifestReaderTest$TestCase@66653897]" classname="com.dotcms.publishing.manifest.CSVManifestReaderTest" time="0.002"/>
  <testcase name="exclude[7: com.dotcms.publishing.manifest.CSVManifestReaderTest$TestCase@4884f5a8]" classname="com.dotcms.publishing.manifest.CSVManifestReaderTest" time="0.002"/>
  <testcase name="exclude[8: com.dotcms.publishing.manifest.CSVManifestReaderTest$TestCase@4deefbe]" classname="com.dotcms.publishing.manifest.CSVManifestReaderTest" time="0.002"/>
  <testcase name="exclude[9: com.dotcms.publishing.manifest.CSVManifestReaderTest$TestCase@70a41e7b]" classname="com.dotcms.publishing.manifest.CSVManifestReaderTest" time="0.002"/>
  <testcase name="exclude[10: com.dotcms.publishing.manifest.CSVManifestReaderTest$TestCase@3f4a3178]" classname="com.dotcms.publishing.manifest.CSVManifestReaderTest" time="0.003"/>
  <testcase name="exclude[11: com.dotcms.publishing.manifest.CSVManifestReaderTest$TestCase@508caa8c]" classname="com.dotcms.publishing.manifest.CSVManifestReaderTest" time="0.002"/>
  <testcase name="exclude[12: com.dotcms.publishing.manifest.CSVManifestReaderTest$TestCase@23dc0c3c]" classname="com.dotcms.publishing.manifest.CSVManifestReaderTest" time="0.002"/>
  <testcase name="exclude[13: com.dotcms.publishing.manifest.CSVManifestReaderTest$TestCase@73db99fa]" classname="com.dotcms.publishing.manifest.CSVManifestReaderTest" time="0.002"/>
  <testcase name="exclude[14: com.dotcms.publishing.manifest.CSVManifestReaderTest$TestCase@1d74a708]" classname="com.dotcms.publishing.manifest.CSVManifestReaderTest" time="0.002"/>
  <testcase name="createCSVManifestReaderWithInputStream" classname="com.dotcms.publishing.manifest.CSVManifestReaderTest" time="0.024"/>
  <testcase name="emptyManifestFile" classname="com.dotcms.publishing.manifest.CSVManifestReaderTest" time="0.001"/>
  <testcase name="getAssets" classname="com.dotcms.publishing.manifest.CSVManifestReaderTest" time="0.021"/>
  <testcase name="getMetadata" classname="com.dotcms.publishing.manifest.CSVManifestReaderTest" time="0.002"/>
  <testcase name="include[0: com.dotcms.publishing.manifest.CSVManifestReaderTest$TestCase@117815f4]" classname="com.dotcms.publishing.manifest.CSVManifestReaderTest" time="0.0"/>
  <testcase name="include[1: com.dotcms.publishing.manifest.CSVManifestReaderTest$TestCase@7f0117ea]" classname="com.dotcms.publishing.manifest.CSVManifestReaderTest" time="0.001"/>
  <testcase name="include[2: com.dotcms.publishing.manifest.CSVManifestReaderTest$TestCase@2355c1c9]" classname="com.dotcms.publishing.manifest.CSVManifestReaderTest" time="0.001"/>
  <testcase name="include[3: com.dotcms.publishing.manifest.CSVManifestReaderTest$TestCase@4d7c667d]" classname="com.dotcms.publishing.manifest.CSVManifestReaderTest" time="0.001"/>
  <testcase name="include[4: com.dotcms.publishing.manifest.CSVManifestReaderTest$TestCase@1cfa0d93]" classname="com.dotcms.publishing.manifest.CSVManifestReaderTest" time="0.001"/>
  <testcase name="include[5: com.dotcms.publishing.manifest.CSVManifestReaderTest$TestCase@6bb3f7a1]" classname="com.dotcms.publishing.manifest.CSVManifestReaderTest" time="0.001"/>
  <testcase name="include[6: com.dotcms.publishing.manifest.CSVManifestReaderTest$TestCase@66653897]" classname="com.dotcms.publishing.manifest.CSVManifestReaderTest" time="0.001"/>
  <testcase name="include[7: com.dotcms.publishing.manifest.CSVManifestReaderTest$TestCase@4884f5a8]" classname="com.dotcms.publishing.manifest.CSVManifestReaderTest" time="0.0"/>
  <testcase name="include[8: com.dotcms.publishing.manifest.CSVManifestReaderTest$TestCase@4deefbe]" classname="com.dotcms.publishing.manifest.CSVManifestReaderTest" time="0.001"/>
  <testcase name="include[9: com.dotcms.publishing.manifest.CSVManifestReaderTest$TestCase@70a41e7b]" classname="com.dotcms.publishing.manifest.CSVManifestReaderTest" time="0.001"/>
  <testcase name="include[10: com.dotcms.publishing.manifest.CSVManifestReaderTest$TestCase@3f4a3178]" classname="com.dotcms.publishing.manifest.CSVManifestReaderTest" time="0.001"/>
  <testcase name="include[11: com.dotcms.publishing.manifest.CSVManifestReaderTest$TestCase@508caa8c]" classname="com.dotcms.publishing.manifest.CSVManifestReaderTest" time="0.001"/>
  <testcase name="include[12: com.dotcms.publishing.manifest.CSVManifestReaderTest$TestCase@23dc0c3c]" classname="com.dotcms.publishing.manifest.CSVManifestReaderTest" time="0.0"/>
  <testcase name="include[13: com.dotcms.publishing.manifest.CSVManifestReaderTest$TestCase@73db99fa]" classname="com.dotcms.publishing.manifest.CSVManifestReaderTest" time="0.002"/>
  <testcase name="include[14: com.dotcms.publishing.manifest.CSVManifestReaderTest$TestCase@1d74a708]" classname="com.dotcms.publishing.manifest.CSVManifestReaderTest" time="0.0"/>
  <system-out><![CDATA[]]></system-out>
  <system-err><![CDATA[]]></system-err>
</testsuite>
