<?xml version="1.0" encoding="UTF-8"?>
<testsuite name="com.dotcms.enterprise.publishing.staticpublishing.LanguageFolderTest" tests="5" skipped="0" failures="0" errors="0" timestamp="2023-07-20T20:59:45" hostname="fv-az174-151" time="0.005">
  <properties/>
  <testcase name="testCompareTo[0: com.dotcms.enterprise.publishing.staticpublishing.LanguageFolderTest$TestCase@66a46d4b]" classname="com.dotcms.enterprise.publishing.staticpublishing.LanguageFolderTest" time="0.001"/>
  <testcase name="testCompareTo[1: com.dotcms.enterprise.publishing.staticpublishing.LanguageFolderTest$TestCase@570943e1]" classname="com.dotcms.enterprise.publishing.staticpublishing.LanguageFolderTest" time="0.001"/>
  <testcase name="testCompareTo[2: com.dotcms.enterprise.publishing.staticpublishing.LanguageFolderTest$TestCase@764dbf9b]" classname="com.dotcms.enterprise.publishing.staticpublishing.LanguageFolderTest" time="0.0"/>
  <testcase name="testCompareTo[3: com.dotcms.enterprise.publishing.staticpublishing.LanguageFolderTest$TestCase@6285b346]" classname="com.dotcms.enterprise.publishing.staticpublishing.LanguageFolderTest" time="0.0"/>
  <testcase name="testCompareTo[4: com.dotcms.enterprise.publishing.staticpublishing.LanguageFolderTest$TestCase@278e5468]" classname="com.dotcms.enterprise.publishing.staticpublishing.LanguageFolderTest" time="0.0"/>
  <system-out><![CDATA[]]></system-out>
  <system-err><![CDATA[]]></system-err>
</testsuite>
