<?xml version="1.0" encoding="UTF-8"?>
<testsuite name="com.dotmarketing.business.DeterministicIdentifierAPITest" tests="16" skipped="0" failures="0" errors="0" timestamp="2023-07-12T20:48:09" hostname="fv-az1241-832" time="1.76">
  <properties/>
  <testcase name="Test_Category_Path_Seed_And_Id" classname="com.dotmarketing.business.DeterministicIdentifierAPITest" time="0.028"/>
  <testcase name="Test_Language_Deterministic_Id[0: LanguageTestCase{expectedSeed='Language:es:US', expectedHash=4913155, langCode='es', countryCode='US', country='United States'}]" classname="com.dotmarketing.business.DeterministicIdentifierAPITest" time="0.001"/>
  <testcase name="Test_Language_Deterministic_Id[1: LanguageTestCase{expectedSeed='Language:ep:', expectedHash=5292269, langCode='ep', countryCode='', country=''}]" classname="com.dotmarketing.business.DeterministicIdentifierAPITest" time="0.001"/>
  <testcase name="Test_Language_Deterministic_Id[2: LanguageTestCase{expectedSeed='Language:sg:SAG', expectedHash=4713118, langCode='sg', countryCode='SAG', country=''}]" classname="com.dotmarketing.business.DeterministicIdentifierAPITest" time="0.001"/>
  <testcase name="Test_Language_Deterministic_Id[3: LanguageTestCase{expectedSeed='Language:en:NZ', expectedHash=5382528, langCode='en', countryCode='NZ', country='New Zealand'}]" classname="com.dotmarketing.business.DeterministicIdentifierAPITest" time="0.001"/>
  <testcase name="Test_Category_None_Persisted_Category_Should_Return_Deterministic_Id" classname="com.dotmarketing.business.DeterministicIdentifierAPITest" time="0.002"/>
  <testcase name="Test_Asset_Generate_Deterministic_Id_Best_Effort[0: TestCase{versionable=my.host1689194465422.com, parent=System Host, expectedName='my.host1689194465422.com', expectedType='Host'}]" classname="com.dotmarketing.business.DeterministicIdentifierAPITest" time="0.003"/>
  <testcase name="Test_Asset_Generate_Deterministic_Id_Best_Effort[1: TestCase{versionable=com.dotmarketing.portlets.contentlet.model.Contentlet@3a55f1ff[map={modDate=2023-07-12 20:41:05.956, fileName=file14887208048974423124.txt, title=file14887208048974423124.txt, inode=810ecb9f-2e96-4829-9b84-1df70b01a71d, __IS_NEW_CONTENT__=true, disabledWYSIWYG=[], host=6c2f655c-d5b6-486c-b6dd-d9816ba783a0, stInode=33888b6f-7a8e-4069-b1b6-5c1aa9d0a48d, owner=system, identifier=34f99db8-c1a0-425d-8ab3-26fee86aa01f, nullProperties=[wfExpireDate, wfPublishDate, wfActionAssign, wfActionId, wfActionComments, filterKey, whereToSend, wfNeverExpire, _path_to_move, timezoneId, iWantTo, wfPublishTime, wfExpireTime], languageId=1, fileAsset=/home/runner/work/core/custom/assets/8/1/810ecb9f-2e96-4829-9b84-1df70b01a71d/fileAsset/file14887208048974423124.txt, folder=541acdc1-78eb-493f-9b32-bdd488602d49, __disable_workflow__=true, sortOrder=0, modUser=system},lowIndexPriority=false,variantId=DEFAULT], parent=com.dotmarketing.portlets.folders.model.Folder@5d59e883[identifier=541acdc1-78eb-493f-9b32-bdd488602d49,name=testName1689194465931,sortOrder=0,showOnMenu=false,hostId=6c2f655c-d5b6-486c-b6dd-d9816ba783a0,type=folder,title=testTitle1689194465931,filesMasks=,defaultFileType=33888b6f-7a8e-4069-b1b6-5c1aa9d0a48d,modDate=2023-07-12 20:41:05.936,owner=&lt;null&gt;,iDate=2023-07-12 20:41:05.937,inode=541acdc1-78eb-493f-9b32-bdd488602d49,path=/testName1689194465931/], expectedName='file14887208048974423124.txt', expectedType='FileAsset'}]" classname="com.dotmarketing.business.DeterministicIdentifierAPITest" time="0.003"/>
  <testcase name="Test_Asset_Generate_Deterministic_Id_Best_Effort[2: TestCase{versionable=com.dotmarketing.portlets.templates.model.Template@57e27c75, parent=my.host1689194465422.com, expectedName='testTitle1689194466074', expectedType='Template'}]" classname="com.dotmarketing.business.DeterministicIdentifierAPITest" time="0.002"/>
  <testcase name="Test_Asset_Generate_Deterministic_Id_Best_Effort[3: TestCase{versionable=com.dotmarketing.portlets.htmlpageasset.model.HTMLPageAsset@1a177188[map={template=174cdce6-68ca-407c-a1f7-68f5a836c3a0, owner=system, identifier=3b61b63e-bd9a-4b9a-9582-6433fb579465, nullProperties=[wfExpireDate, wfPublishDate, wfActionAssign, wfActionId, wfActionComments, filterKey, whereToSend, wfNeverExpire, _path_to_move, timezoneId, iWantTo, wfPublishTime, wfExpireTime], modDate=2023-07-12 20:41:06.123, cachettl=0, _is_test_mode=true, languageId=1, title=test-page-title-1689194466113, httpsreq=, url=test-page-url-1689194466113, showOnMenu=, inode=7343a666-d1f6-435f-82af-7e5d0e7a15a0, folder=541acdc1-78eb-493f-9b32-bdd488602d49, disabledWYSIWYG=[], sortOrder=1, modUser=system, host=6c2f655c-d5b6-486c-b6dd-d9816ba783a0, stInode=c541abb1-69b3-4bc5-8430-5e09e5239cc8, friendlyName=test-page-friendly-name-1689194466113},lowIndexPriority=false,variantId=DEFAULT], parent=com.dotmarketing.portlets.folders.model.Folder@5d59e883[identifier=541acdc1-78eb-493f-9b32-bdd488602d49,name=testName1689194465931,sortOrder=0,showOnMenu=false,hostId=6c2f655c-d5b6-486c-b6dd-d9816ba783a0,type=folder,title=testTitle1689194465931,filesMasks=,defaultFileType=33888b6f-7a8e-4069-b1b6-5c1aa9d0a48d,modDate=2023-07-12 20:41:05.936,owner=&lt;null&gt;,iDate=2023-07-12 20:41:05.937,inode=541acdc1-78eb-493f-9b32-bdd488602d49,path=/testName1689194465931/], expectedName='test-page-url-1689194466113', expectedType='htmlpageasset'}]" classname="com.dotmarketing.business.DeterministicIdentifierAPITest" time="0.003"/>
  <testcase name="Test_Asset_Generate_Deterministic_Id_Best_Effort[4: TestCase{versionable=com.dotmarketing.portlets.contentlet.model.Contentlet@74ab5274[map={fileAsset2=/home/runner/work/core/custom/assets/0/c/0c38eb0c-e6d7-46c8-9aa6-ad273d7ad69f/fileAsset2/test_binary1689194467949.png, modDate=2023-07-12 20:41:07.955, fileAsset1=/home/runner/work/core/custom/assets/0/c/0c38eb0c-e6d7-46c8-9aa6-ad273d7ad69f/fileAsset1/test_binary1689194467949.jpg, title=blah, inode=0c38eb0c-e6d7-46c8-9aa6-ad273d7ad69f, __IS_NEW_CONTENT__=true, disabledWYSIWYG=[], host=48190c8c-42c4-46af-8d1a-0cd5db894797, stInode=b6e49ce0-1eb2-4376-93cd-e78be62bfc7e, owner=system, identifier=5ab21dc7-21dd-470a-87dc-432ef1d77edc, nullProperties=[], languageId=1, image1=47b8068a-ae43-42bb-a08f-ffe8736fb7b2, folder=SYSTEM_FOLDER, __disable_workflow__=true, sortOrder=0, modUser=system},lowIndexPriority=false,variantId=DEFAULT], parent=demo.dotcms.com, expectedName='test_binary1689194467949.jpg:test_binary1689194467949.png', expectedType='MultipleBinaries1689194466352'}]" classname="com.dotmarketing.business.DeterministicIdentifierAPITest" time="0.004"/>
  <testcase name="Test_Asset_Generate_Deterministic_Id_Best_Effort[5: TestCase{versionable=name1754093f13 : keyTag1754093f13, parent=my.host1689194465422.com, expectedName='keyTag1754093f13', expectedType='persona'}]" classname="com.dotmarketing.business.DeterministicIdentifierAPITest" time="0.003"/>
  <testcase name="Test_Similar_Content_Type_Wont_Clash" classname="com.dotmarketing.business.DeterministicIdentifierAPITest" time="0.547"/>
  <testcase name="Test_Generate_Folder_Identifier" classname="com.dotmarketing.business.DeterministicIdentifierAPITest" time="1.149"/>
  <testcase name="Test_Generate_Content_Type_Identifier[0: ContentTypeTestCase{contentType=KeyValueContentType{name=Language Variable, id=f4d7c1b8-2c88-4071-abf1-a5328977b07d, description=Default Content Type for Language Variables, defaultType=false, fixed=true, iDate=Thu Aug 31 16:38:49 UTC 2017, system=true, versionable=true, variable=Languagevariable, modDate=Wed Jul 12 19:26:51 UTC 2023, host=SYSTEM_HOST, siteName=systemHost, icon=language, sortOrder=0, folder=SYSTEM_FOLDER, folderPath=/, markedForDeletion=true, multilingualable=false}, expectedName='Languagevariable', expectedType='KeyValue'}]" classname="com.dotmarketing.business.DeterministicIdentifierAPITest" time="0.005"/>
  <testcase name="Test_Generate_Content_Type_Identifier[1: ContentTypeTestCase{contentType=SimpleContentType{name=testName1689194468449, id=225addc7-83bb-46c2-80ca-2ab1d1cbead2, description=testDescription1689194468449, defaultType=false, fixed=false, iDate=Wed Jul 12 20:41:08 UTC 2023, system=false, versionable=true, multilingualable=false, variable=testVarname1689194468449, owner=system, modDate=Wed Jul 12 20:41:09 UTC 2023, host=48190c8c-42c4-46af-8d1a-0cd5db894797, siteName=demo.dotcms.com, icon=event_note, sortOrder=0, folder=SYSTEM_FOLDER, folderPath=/, requiredFields=[], markedForDeletion=false}, expectedName='testVarname1689194468449', expectedType='CONTENT'}]" classname="com.dotmarketing.business.DeterministicIdentifierAPITest" time="0.005"/>
  <system-out><![CDATA[]]></system-out>
  <system-err><![CDATA[]]></system-err>
</testsuite>
