<?xml version="1.0" encoding="UTF-8"?>
<testsuite name="com.dotcms.contenttype.test.ContentTypeResourceTest" tests="10" skipped="0" failures="0" errors="0" timestamp="2023-07-07T19:39:52" hostname="fv-az244-222" time="18.27">
  <properties/>
  <testcase name="testJson[0: empty-widget.json]" classname="com.dotcms.contenttype.test.ContentTypeResourceTest" time="2.921"/>
  <testcase name="testJson[1: page-content-type.json]" classname="com.dotcms.contenttype.test.ContentTypeResourceTest" time="4.074"/>
  <testcase name="testJson[2: content-type-object.json]" classname="com.dotcms.contenttype.test.ContentTypeResourceTest" time="1.416"/>
  <testcase name="testJson[3: content-type-array-insert.json]" classname="com.dotcms.contenttype.test.ContentTypeResourceTest" time="2.473"/>
  <testcase name="testJson[4: persona-type-object.json]" classname="com.dotcms.contenttype.test.ContentTypeResourceTest" time="2.534"/>
  <testcase name="testJson[5: widget-type-object.json]" classname="com.dotcms.contenttype.test.ContentTypeResourceTest" time="1.683"/>
  <testcase name="testJson[6: file-asset.json]" classname="com.dotcms.contenttype.test.ContentTypeResourceTest" time="1.731"/>
  <testcase name="testJson[7: content-type-object-insert.json]" classname="com.dotcms.contenttype.test.ContentTypeResourceTest" time="1.434"/>
  <testcase name="test_setHostAndFolderAsIdentifer_with_null" classname="com.dotcms.contenttype.test.ContentTypeResourceTest" time="0.001"/>
  <testcase name="test_setHostAndFolderAsIdentifer_with_System_Host" classname="com.dotcms.contenttype.test.ContentTypeResourceTest" time="0.002"/>
  <system-out><![CDATA[]]></system-out>
  <system-err><![CDATA[]]></system-err>
</testsuite>
