<?xml version="1.0" encoding="UTF-8"?>
<testsuite name="com.dotcms.publisher.endpoint.bean.PublishingEndPointTest" tests="4" skipped="0" failures="0" errors="0" timestamp="2023-07-12T14:36:33" hostname="fv-az411-825" time="0.881">
  <properties/>
  <testcase name="validatePublishingEndPoint_whenStaticPublishWithWritePermission_returnOK" classname="com.dotcms.publisher.endpoint.bean.PublishingEndPointTest" time="0.001"/>
  <testcase name="validatePublishingEndPoint_whenAWSS3PublishWithoutValidCredentials_returnException" classname="com.dotcms.publisher.endpoint.bean.PublishingEndPointTest" time="0.855"/>
  <testcase name="validatePublishingEndPoint_whenAWSS3PublishWithoutBucketID_returnException" classname="com.dotcms.publisher.endpoint.bean.PublishingEndPointTest" time="0.015"/>
  <testcase name="validatePublishingEndPoint_whenAWSS3PublishWithoutProperties_returnException" classname="com.dotcms.publisher.endpoint.bean.PublishingEndPointTest" time="0.009"/>
  <system-out><![CDATA[]]></system-out>
  <system-err><![CDATA[]]></system-err>
</testsuite>
