<?xml version="1.0" encoding="UTF-8"?>
<testsuite name="com.dotcms.rest.api.v1.vtl.VTLResourceIntegrationTest" tests="6" skipped="0" failures="0" errors="0" timestamp="2023-07-10T21:59:39" hostname="fv-az445-212" time="12.577">
  <properties/>
  <testcase name="testGet[0: com.dotcms.rest.api.v1.vtl.VTLResourceTestCase@6e8d54f8]" classname="com.dotcms.rest.api.v1.vtl.VTLResourceIntegrationTest" time="2.463"/>
  <testcase name="testGet[1: com.dotcms.rest.api.v1.vtl.VTLResourceTestCase@5ea586d5]" classname="com.dotcms.rest.api.v1.vtl.VTLResourceIntegrationTest" time="1.938"/>
  <testcase name="testGet[2: com.dotcms.rest.api.v1.vtl.VTLResourceTestCase@5c1130d8]" classname="com.dotcms.rest.api.v1.vtl.VTLResourceIntegrationTest" time="2.072"/>
  <testcase name="testGet[3: com.dotcms.rest.api.v1.vtl.VTLResourceTestCase@2200ae1f]" classname="com.dotcms.rest.api.v1.vtl.VTLResourceIntegrationTest" time="2.243"/>
  <testcase name="testGet[4: com.dotcms.rest.api.v1.vtl.VTLResourceTestCase@26ae0433]" classname="com.dotcms.rest.api.v1.vtl.VTLResourceIntegrationTest" time="1.794"/>
  <testcase name="testGet[5: com.dotcms.rest.api.v1.vtl.VTLResourceTestCase@54cfbd1d]" classname="com.dotcms.rest.api.v1.vtl.VTLResourceIntegrationTest" time="2.066"/>
  <system-out><![CDATA[]]></system-out>
  <system-err><![CDATA[]]></system-err>
</testsuite>
