<?xml version="1.0" encoding="UTF-8"?>
<testsuite name="com.dotcms.rendering.velocity.viewtools.content.BinaryMapTest" tests="12" skipped="0" failures="0" errors="0" timestamp="2023-07-18T22:22:42" hostname="fv-az550-335" time="17.79">
  <properties/>
  <testcase name="test_getShortyUrlInode" classname="com.dotcms.rendering.velocity.viewtools.content.BinaryMapTest" time="1.482"/>
  <testcase name="test_getFile" classname="com.dotcms.rendering.velocity.viewtools.content.BinaryMapTest" time="1.468"/>
  <testcase name="test_getName" classname="com.dotcms.rendering.velocity.viewtools.content.BinaryMapTest" time="1.528"/>
  <testcase name="test_getSize" classname="com.dotcms.rendering.velocity.viewtools.content.BinaryMapTest" time="1.46"/>
  <testcase name="testGetShortyUrl" classname="com.dotcms.rendering.velocity.viewtools.content.BinaryMapTest" time="1.483"/>
  <testcase name="test_getThumbnailUri" classname="com.dotcms.rendering.velocity.viewtools.content.BinaryMapTest" time="1.458"/>
  <testcase name="test_getHeight" classname="com.dotcms.rendering.velocity.viewtools.content.BinaryMapTest" time="1.475"/>
  <testcase name="test_getWidth" classname="com.dotcms.rendering.velocity.viewtools.content.BinaryMapTest" time="1.468"/>
  <testcase name="test_getShorty" classname="com.dotcms.rendering.velocity.viewtools.content.BinaryMapTest" time="1.45"/>
  <testcase name="test_getResizeUri" classname="com.dotcms.rendering.velocity.viewtools.content.BinaryMapTest" time="1.464"/>
  <testcase name="test_GetShortyURLWithoutLanguage" classname="com.dotcms.rendering.velocity.viewtools.content.BinaryMapTest" time="1.464"/>
  <testcase name="testGetRawUri" classname="com.dotcms.rendering.velocity.viewtools.content.BinaryMapTest" time="1.589"/>
  <system-out><![CDATA[]]></system-out>
  <system-err><![CDATA[]]></system-err>
</testsuite>
