<?xml version="1.0" encoding="UTF-8"?>
<testsuite name="com.dotcms.contenttype.business.RelationshipFactoryImplTest" tests="9" skipped="0" failures="0" errors="0" timestamp="2023-07-06T23:01:17" hostname="fv-az450-882" time="4.205">
  <properties/>
  <testcase name="test_dbRelatedContentByParent" classname="com.dotcms.contenttype.business.RelationshipFactoryImplTest" time="1.338"/>
  <testcase name="testByContentType" classname="com.dotcms.contenttype.business.RelationshipFactoryImplTest" time="0.072"/>
  <testcase name="test_dbRelatedContentByChild" classname="com.dotcms.contenttype.business.RelationshipFactoryImplTest" time="1.334"/>
  <testcase name="testdbAll" classname="com.dotcms.contenttype.business.RelationshipFactoryImplTest" time="0.133"/>
  <testcase name="testDeleteByContentType" classname="com.dotcms.contenttype.business.RelationshipFactoryImplTest" time="0.079"/>
  <testcase name="testGetDBRelatedParentsMultilingualContent" classname="com.dotcms.contenttype.business.RelationshipFactoryImplTest" time="0.56"/>
  <testcase name="testByTypeValueCachesRelationship" classname="com.dotcms.contenttype.business.RelationshipFactoryImplTest" time="0.09"/>
  <testcase name="testGetDBRelatedChildrenMultilingualContent" classname="com.dotcms.contenttype.business.RelationshipFactoryImplTest" time="0.59"/>
  <testcase name="testByTypeValue_RelationshipsShouldBeSameRegardlessCase_SameRelationship" classname="com.dotcms.contenttype.business.RelationshipFactoryImplTest" time="0.003"/>
  <system-out><![CDATA[]]></system-out>
  <system-err><![CDATA[]]></system-err>
</testsuite>
