<?xml version="1.0" encoding="UTF-8"?>
<testsuite name="com.dotcms.content.elasticsearch.business.ESContentFactoryImplTest" tests="42" skipped="0" failures="0" errors="0" timestamp="2023-06-26T15:26:15" hostname="fv-az364-36" time="85.438">
  <properties/>
  <testcase name="testModDateDotRawFormatIsValid" classname="com.dotcms.content.elasticsearch.business.ESContentFactoryImplTest" time="0.003"/>
  <testcase name="test_findContentletByIdentifierAnyLanguageNoArchived" classname="com.dotcms.content.elasticsearch.business.ESContentFactoryImplTest" time="2.05"/>
  <testcase name="findContentletsReturnsInExpectedOrder" classname="com.dotcms.content.elasticsearch.business.ESContentFactoryImplTest" time="1.646"/>
  <testcase name="testIndexSearchFilteringByTime[0: com.dotcms.content.elasticsearch.business.ESContentFactoryImplTest$TestCase@687cab5e]" classname="com.dotcms.content.elasticsearch.business.ESContentFactoryImplTest" time="2.393"/>
  <testcase name="testIndexSearchFilteringByTime[1: com.dotcms.content.elasticsearch.business.ESContentFactoryImplTest$TestCase@7a70f2f5]" classname="com.dotcms.content.elasticsearch.business.ESContentFactoryImplTest" time="2.013"/>
  <testcase name="testIndexSearchFilteringByTime[2: com.dotcms.content.elasticsearch.business.ESContentFactoryImplTest$TestCase@63653b18]" classname="com.dotcms.content.elasticsearch.business.ESContentFactoryImplTest" time="2.035"/>
  <testcase name="testIndexSearchFilteringByTime[3: com.dotcms.content.elasticsearch.business.ESContentFactoryImplTest$TestCase@70ae0d3f]" classname="com.dotcms.content.elasticsearch.business.ESContentFactoryImplTest" time="2.031"/>
  <testcase name="testIndexSearchFilteringByTime[4: com.dotcms.content.elasticsearch.business.ESContentFactoryImplTest$TestCase@7d857e2f]" classname="com.dotcms.content.elasticsearch.business.ESContentFactoryImplTest" time="2.042"/>
  <testcase name="testIndexSearchFilteringByTime[5: com.dotcms.content.elasticsearch.business.ESContentFactoryImplTest$TestCase@1fcc30]" classname="com.dotcms.content.elasticsearch.business.ESContentFactoryImplTest" time="2.035"/>
  <testcase name="test_translateQueryWithLicense" classname="com.dotcms.content.elasticsearch.business.ESContentFactoryImplTest" time="0.001"/>
  <testcase name="test_cached_es_query_response" classname="com.dotcms.content.elasticsearch.business.ESContentFactoryImplTest" time="1.629"/>
  <testcase name="findContentletByIdentifierAnyLanguageNoDefaultVersion" classname="com.dotcms.content.elasticsearch.business.ESContentFactoryImplTest" time="1.595"/>
  <testcase name="testScore" classname="com.dotcms.content.elasticsearch.business.ESContentFactoryImplTest" time="1.663"/>
  <testcase name="findAllVersionsWithOldVersions" classname="com.dotcms.content.elasticsearch.business.ESContentFactoryImplTest" time="4.442"/>
  <testcase name="test_findContentletByIdentifierAnyLanguageIncludeDeleted" classname="com.dotcms.content.elasticsearch.business.ESContentFactoryImplTest" time="2.213"/>
  <testcase name="test_findContentletByIdentifierAnyLanguage" classname="com.dotcms.content.elasticsearch.business.ESContentFactoryImplTest" time="1.812"/>
  <testcase name="Test_load_Json_Field" classname="com.dotcms.content.elasticsearch.business.ESContentFactoryImplTest" time="3.468"/>
  <testcase name="testDeleteVersion_KeepPermissions" classname="com.dotcms.content.elasticsearch.business.ESContentFactoryImplTest" time="2.45"/>
  <testcase name="test_cached_es_query_different_responses_for_all_params" classname="com.dotcms.content.elasticsearch.business.ESContentFactoryImplTest" time="2.882"/>
  <testcase name="test_translateQueryWithoutLicense" classname="com.dotcms.content.elasticsearch.business.ESContentFactoryImplTest" time="0.011"/>
  <testcase name="findAllVersions" classname="com.dotcms.content.elasticsearch.business.ESContentFactoryImplTest" time="1.509"/>
  <testcase name="findAllVersionsWithOldVersionsByVariant" classname="com.dotcms.content.elasticsearch.business.ESContentFactoryImplTest" time="8.031"/>
  <testcase name="Test_Setting_Track_Hits" classname="com.dotcms.content.elasticsearch.business.ESContentFactoryImplTest" time="0.003"/>
  <testcase name="test_trying_with_bad_sorts" classname="com.dotcms.content.elasticsearch.business.ESContentFactoryImplTest" time="0.012"/>
  <testcase name="test_dotAssets_persist_title_as_null" classname="com.dotcms.content.elasticsearch.business.ESContentFactoryImplTest" time="1.298"/>
  <testcase name="findAllVersionsWithNotOldVersions" classname="com.dotcms.content.elasticsearch.business.ESContentFactoryImplTest" time="3.773"/>
  <testcase name="saveContentlets" classname="com.dotcms.content.elasticsearch.business.ESContentFactoryImplTest" time="0.003"/>
  <testcase name="findContentlets" classname="com.dotcms.content.elasticsearch.business.ESContentFactoryImplTest" time="0.325"/>
  <testcase name="findDeletedContentletByIdentifierAnyLanguage" classname="com.dotcms.content.elasticsearch.business.ESContentFactoryImplTest" time="1.756"/>
  <testcase name="Test_Nulled_Out_Columns" classname="com.dotcms.content.elasticsearch.business.ESContentFactoryImplTest" time="3.696"/>
  <testcase name="test_findContentletByIdentifier" classname="com.dotcms.content.elasticsearch.business.ESContentFactoryImplTest" time="1.809"/>
  <testcase name="findAllVersionsByVariant" classname="com.dotcms.content.elasticsearch.business.ESContentFactoryImplTest" time="2.048"/>
  <testcase name="Test_TrackHits_SearchCount" classname="com.dotcms.content.elasticsearch.business.ESContentFactoryImplTest" time="4.14"/>
  <testcase name="testIndexSearchFilteringByDateTime[0: com.dotcms.content.elasticsearch.business.ESContentFactoryImplTest$TestCase@4ae88ad0]" classname="com.dotcms.content.elasticsearch.business.ESContentFactoryImplTest" time="2.263"/>
  <testcase name="testIndexSearchFilteringByDateTime[1: com.dotcms.content.elasticsearch.business.ESContentFactoryImplTest$TestCase@4a2fb147]" classname="com.dotcms.content.elasticsearch.business.ESContentFactoryImplTest" time="2.037"/>
  <testcase name="testIndexSearchFilteringByDateTime[2: com.dotcms.content.elasticsearch.business.ESContentFactoryImplTest$TestCase@1c0dca2b]" classname="com.dotcms.content.elasticsearch.business.ESContentFactoryImplTest" time="2.074"/>
  <testcase name="testIndexSearchFilteringByDateTime[3: com.dotcms.content.elasticsearch.business.ESContentFactoryImplTest$TestCase@628dfbd6]" classname="com.dotcms.content.elasticsearch.business.ESContentFactoryImplTest" time="2.028"/>
  <testcase name="testIndexSearchFilteringByDateTime[4: com.dotcms.content.elasticsearch.business.ESContentFactoryImplTest$TestCase@6c3d535d]" classname="com.dotcms.content.elasticsearch.business.ESContentFactoryImplTest" time="2.034"/>
  <testcase name="testIndexSearchFilteringByDateTime[5: com.dotcms.content.elasticsearch.business.ESContentFactoryImplTest$TestCase@5baf6214]" classname="com.dotcms.content.elasticsearch.business.ESContentFactoryImplTest" time="2.045"/>
  <testcase name="testIndexSearchFilteringByDateTime[6: com.dotcms.content.elasticsearch.business.ESContentFactoryImplTest$TestCase@2981b7d8]" classname="com.dotcms.content.elasticsearch.business.ESContentFactoryImplTest" time="2.028"/>
  <testcase name="testIndexSearchFilteringByDateTime[7: com.dotcms.content.elasticsearch.business.ESContentFactoryImplTest$TestCase@245fba75]" classname="com.dotcms.content.elasticsearch.business.ESContentFactoryImplTest" time="2.036"/>
  <testcase name="testIndexSearchFilteringByDateTime[8: com.dotcms.content.elasticsearch.business.ESContentFactoryImplTest$TestCase@22fea218]" classname="com.dotcms.content.elasticsearch.business.ESContentFactoryImplTest" time="2.071"/>
  <system-out><![CDATA[]]></system-out>
  <system-err><![CDATA[]]></system-err>
</testsuite>
