<?xml version="1.0" encoding="UTF-8"?>
<testsuite name="com.dotcms.publishing.PublisherAPIImplTest" tests="24" skipped="0" failures="0" errors="0" timestamp="2023-06-23T15:28:31" hostname="fv-az162-375" time="3.926">
  <properties/>
  <testcase name="AddAllCategoryIntoBundle" classname="com.dotcms.publishing.PublisherAPIImplTest" time="0.209"/>
  <testcase name="testFilterDescriptors" classname="com.dotcms.publishing.PublisherAPIImplTest" time="0.062"/>
  <testcase name="sendPushPublishBundle[0: com.dotcms.publishing.PublisherAPIImplTest$TestAsset@21e84782]" classname="com.dotcms.publishing.PublisherAPIImplTest" time="1.109"/>
  <testcase name="sendPushPublishBundle[1: com.dotcms.publishing.PublisherAPIImplTest$TestAsset@7418fe75]" classname="com.dotcms.publishing.PublisherAPIImplTest" time="0.266"/>
  <testcase name="sendPushPublishBundle[2: com.dotcms.publishing.PublisherAPIImplTest$TestAsset@45edc09a]" classname="com.dotcms.publishing.PublisherAPIImplTest" time="0.136"/>
  <testcase name="sendPushPublishBundle[3: com.dotcms.publishing.PublisherAPIImplTest$TestAsset@2948be79]" classname="com.dotcms.publishing.PublisherAPIImplTest" time="0.211"/>
  <testcase name="sendPushPublishBundle[4: com.dotcms.publishing.PublisherAPIImplTest$TestAsset@4aff2885]" classname="com.dotcms.publishing.PublisherAPIImplTest" time="0.21"/>
  <testcase name="sendPushPublishBundle[5: com.dotcms.publishing.PublisherAPIImplTest$TestAsset@79278cf9]" classname="com.dotcms.publishing.PublisherAPIImplTest" time="0.162"/>
  <testcase name="sendPushPublishBundle[6: com.dotcms.publishing.PublisherAPIImplTest$TestAsset@52e56a57]" classname="com.dotcms.publishing.PublisherAPIImplTest" time="0.134"/>
  <testcase name="sendPushPublishBundle[7: com.dotcms.publishing.PublisherAPIImplTest$TestAsset@3eb2bd04]" classname="com.dotcms.publishing.PublisherAPIImplTest" time="0.117"/>
  <testcase name="sendPushPublishBundle[8: com.dotcms.publishing.PublisherAPIImplTest$TestAsset@d3a0157]" classname="com.dotcms.publishing.PublisherAPIImplTest" time="0.121"/>
  <testcase name="sendPushPublishBundle[9: com.dotcms.publishing.PublisherAPIImplTest$TestAsset@48bf044d]" classname="com.dotcms.publishing.PublisherAPIImplTest" time="0.218"/>
  <testcase name="sendPushPublishBundle[10: com.dotcms.publishing.PublisherAPIImplTest$TestAsset@31f178df]" classname="com.dotcms.publishing.PublisherAPIImplTest" time="0.089"/>
  <testcase name="generateBundle[0: com.dotcms.publishing.PublisherAPIImplTest$TestAsset@21e84782]" classname="com.dotcms.publishing.PublisherAPIImplTest" time="0.082"/>
  <testcase name="generateBundle[1: com.dotcms.publishing.PublisherAPIImplTest$TestAsset@7418fe75]" classname="com.dotcms.publishing.PublisherAPIImplTest" time="0.09"/>
  <testcase name="generateBundle[2: com.dotcms.publishing.PublisherAPIImplTest$TestAsset@45edc09a]" classname="com.dotcms.publishing.PublisherAPIImplTest" time="0.079"/>
  <testcase name="generateBundle[3: com.dotcms.publishing.PublisherAPIImplTest$TestAsset@2948be79]" classname="com.dotcms.publishing.PublisherAPIImplTest" time="0.162"/>
  <testcase name="generateBundle[4: com.dotcms.publishing.PublisherAPIImplTest$TestAsset@4aff2885]" classname="com.dotcms.publishing.PublisherAPIImplTest" time="0.132"/>
  <testcase name="generateBundle[5: com.dotcms.publishing.PublisherAPIImplTest$TestAsset@79278cf9]" classname="com.dotcms.publishing.PublisherAPIImplTest" time="0.066"/>
  <testcase name="generateBundle[6: com.dotcms.publishing.PublisherAPIImplTest$TestAsset@52e56a57]" classname="com.dotcms.publishing.PublisherAPIImplTest" time="0.075"/>
  <testcase name="generateBundle[7: com.dotcms.publishing.PublisherAPIImplTest$TestAsset@3eb2bd04]" classname="com.dotcms.publishing.PublisherAPIImplTest" time="0.057"/>
  <testcase name="generateBundle[8: com.dotcms.publishing.PublisherAPIImplTest$TestAsset@d3a0157]" classname="com.dotcms.publishing.PublisherAPIImplTest" time="0.036"/>
  <testcase name="generateBundle[9: com.dotcms.publishing.PublisherAPIImplTest$TestAsset@48bf044d]" classname="com.dotcms.publishing.PublisherAPIImplTest" time="0.084"/>
  <testcase name="generateBundle[10: com.dotcms.publishing.PublisherAPIImplTest$TestAsset@31f178df]" classname="com.dotcms.publishing.PublisherAPIImplTest" time="0.011"/>
  <system-out><![CDATA[









































































































































































]]></system-out>
  <system-err><![CDATA[]]></system-err>
</testsuite>
