<?xml version="1.0" encoding="UTF-8"?>
<testsuite name="com.dotmarketing.startup.runonce.Task220912UpdateCorrectShowOnMenuPropertyTest" tests="1" skipped="0" failures="0" errors="0" timestamp="2023-07-10T23:59:11" hostname="fv-az620-40" time="0.028">
  <properties/>
  <testcase name="testExecuteUpgrade" classname="com.dotmarketing.startup.runonce.Task220912UpdateCorrectShowOnMenuPropertyTest" time="0.028"/>
  <system-out><![CDATA[]]></system-out>
  <system-err><![CDATA[]]></system-err>
</testsuite>
