<?xml version="1.0" encoding="UTF-8"?>
<testsuite name="com.dotcms.contenttype.business.RelationshipAPITest" tests="6" skipped="0" failures="0" errors="0" timestamp="2023-06-27T01:14:57" hostname="fv-az419-343" time="16.021">
  <properties/>
  <testcase name="testSave_RelationshipWithModifiedRelationTypeValue_ShouldThrowException" classname="com.dotcms.contenttype.business.RelationshipAPITest" time="0.002"/>
  <testcase name="testconvertRelationshipToRelationshipField_Success" classname="com.dotcms.contenttype.business.RelationshipAPITest" time="4.519"/>
  <testcase name="testconvertRelationshipToRelationshipField_SelfRelated_Success" classname="com.dotcms.contenttype.business.RelationshipAPITest" time="3.664"/>
  <testcase name="testDbRelatedContentWhenSelfJoinRelationship" classname="com.dotcms.contenttype.business.RelationshipAPITest" time="3.421"/>
  <testcase name="testDbRelatedContentWhenNonSelfJoinRelationship" classname="com.dotcms.contenttype.business.RelationshipAPITest" time="4.412"/>
  <testcase name="testSave_RelationshipWithNonUniqueRelationTypeValue_ShouldThrowException" classname="com.dotcms.contenttype.business.RelationshipAPITest" time="0.003"/>
  <system-out><![CDATA[]]></system-out>
  <system-err><![CDATA[]]></system-err>
</testsuite>
