<?xml version="1.0" encoding="UTF-8"?>
<testsuite name="com.dotmarketing.startup.runonce.Task05165CreateContentTypeWorkflowActionMappingTableTest" tests="1" skipped="0" failures="0" errors="0" timestamp="2023-07-06T21:40:04" hostname="fv-az440-292" time="0.066">
  <properties/>
  <testcase name="testExecuteUpgrade" classname="com.dotmarketing.startup.runonce.Task05165CreateContentTypeWorkflowActionMappingTableTest" time="0.066"/>
  <system-out><![CDATA[]]></system-out>
  <system-err><![CDATA[]]></system-err>
</testsuite>
