<?xml version="1.0" encoding="UTF-8"?>
<testsuite name="com.dotmarketing.business.DeterministicIdentifierAPITest" tests="16" skipped="0" failures="0" errors="0" timestamp="2023-06-26T21:39:35" hostname="fv-az1241-672" time="1.479">
  <properties/>
  <testcase name="Test_Category_Path_Seed_And_Id" classname="com.dotmarketing.business.DeterministicIdentifierAPITest" time="0.036"/>
  <testcase name="Test_Language_Deterministic_Id[0: LanguageTestCase{expectedSeed='Language:es:US', expectedHash=4913155, langCode='es', countryCode='US', country='United States'}]" classname="com.dotmarketing.business.DeterministicIdentifierAPITest" time="0.001"/>
  <testcase name="Test_Language_Deterministic_Id[1: LanguageTestCase{expectedSeed='Language:ep:', expectedHash=5292269, langCode='ep', countryCode='', country=''}]" classname="com.dotmarketing.business.DeterministicIdentifierAPITest" time="0.001"/>
  <testcase name="Test_Language_Deterministic_Id[2: LanguageTestCase{expectedSeed='Language:sg:SAG', expectedHash=4713118, langCode='sg', countryCode='SAG', country=''}]" classname="com.dotmarketing.business.DeterministicIdentifierAPITest" time="0.002"/>
  <testcase name="Test_Language_Deterministic_Id[3: LanguageTestCase{expectedSeed='Language:en:NZ', expectedHash=5382528, langCode='en', countryCode='NZ', country='New Zealand'}]" classname="com.dotmarketing.business.DeterministicIdentifierAPITest" time="0.002"/>
  <testcase name="Test_Category_None_Persisted_Category_Should_Return_Deterministic_Id" classname="com.dotmarketing.business.DeterministicIdentifierAPITest" time="0.004"/>
  <testcase name="Test_Asset_Generate_Deterministic_Id_Best_Effort[0: TestCase{versionable=my.host1687809078609.com, parent=System Host, expectedName='my.host1687809078609.com', expectedType='Host'}]" classname="com.dotmarketing.business.DeterministicIdentifierAPITest" time="0.003"/>
  <testcase name="Test_Asset_Generate_Deterministic_Id_Best_Effort[1: TestCase{versionable=com.dotmarketing.portlets.contentlet.model.Contentlet@d580220[map={modDate=2023-06-26 19:51:19.483, fileName=file1778774746396950951.txt, title=file1778774746396950951.txt, inode=3786c57a-fa33-4830-91ae-1f6e12e2444c, __IS_NEW_CONTENT__=true, disabledWYSIWYG=[], host=504fa427-3fde-4f60-ac8c-8a8637a90335, stInode=33888b6f-7a8e-4069-b1b6-5c1aa9d0a48d, owner=system, identifier=0491bdc0-91e3-42e4-b634-cd90f4909387, nullProperties=[wfExpireDate, wfPublishDate, wfActionAssign, wfActionId, wfActionComments, filterKey, whereToSend, wfNeverExpire, _path_to_move, timezoneId, iWantTo, wfPublishTime, wfExpireTime], languageId=1, fileAsset=/home/runner/work/core/custom/assets/3/7/3786c57a-fa33-4830-91ae-1f6e12e2444c/fileAsset/file1778774746396950951.txt, folder=2fe668c1-7d40-4830-8b3e-939b4c65ad0c, __disable_workflow__=true, sortOrder=0, modUser=system},lowIndexPriority=false,variantId=DEFAULT], parent=com.dotmarketing.portlets.folders.model.Folder@27625c85[identifier=2fe668c1-7d40-4830-8b3e-939b4c65ad0c,name=testName1687809079472,sortOrder=0,showOnMenu=false,hostId=504fa427-3fde-4f60-ac8c-8a8637a90335,type=folder,title=testTitle1687809079472,filesMasks=,defaultFileType=33888b6f-7a8e-4069-b1b6-5c1aa9d0a48d,modDate=2023-06-26 19:51:19.477,owner=&lt;null&gt;,iDate=2023-06-26 19:51:19.477,inode=2fe668c1-7d40-4830-8b3e-939b4c65ad0c,path=/testName1687809079472/], expectedName='file1778774746396950951.txt', expectedType='FileAsset'}]" classname="com.dotmarketing.business.DeterministicIdentifierAPITest" time="0.005"/>
  <testcase name="Test_Asset_Generate_Deterministic_Id_Best_Effort[2: TestCase{versionable=com.dotmarketing.portlets.templates.model.Template@38076b90, parent=my.host1687809078609.com, expectedName='testTitle1687809079640', expectedType='Template'}]" classname="com.dotmarketing.business.DeterministicIdentifierAPITest" time="0.007"/>
  <testcase name="Test_Asset_Generate_Deterministic_Id_Best_Effort[3: TestCase{versionable=com.dotmarketing.portlets.htmlpageasset.model.HTMLPageAsset@16358fcf[map={template=aef66692-ee56-4e89-838a-a9fce52f962b, owner=system, identifier=920a6bd3-8704-4bfe-bc4c-5487da879355, nullProperties=[wfExpireDate, wfPublishDate, wfActionAssign, wfActionId, wfActionComments, filterKey, whereToSend, wfNeverExpire, _path_to_move, timezoneId, iWantTo, wfPublishTime, wfExpireTime], modDate=2023-06-26 19:51:19.663, cachettl=0, _is_test_mode=true, languageId=1, title=test-page-title-1687809079657, httpsreq=, url=test-page-url-1687809079657, showOnMenu=, inode=b01dc0ec-6919-4a60-aea6-5da7e092b402, folder=2fe668c1-7d40-4830-8b3e-939b4c65ad0c, disabledWYSIWYG=[], sortOrder=1, modUser=system, host=504fa427-3fde-4f60-ac8c-8a8637a90335, stInode=c541abb1-69b3-4bc5-8430-5e09e5239cc8, friendlyName=test-page-friendly-name-1687809079657},lowIndexPriority=false,variantId=DEFAULT], parent=com.dotmarketing.portlets.folders.model.Folder@27625c85[identifier=2fe668c1-7d40-4830-8b3e-939b4c65ad0c,name=testName1687809079472,sortOrder=0,showOnMenu=false,hostId=504fa427-3fde-4f60-ac8c-8a8637a90335,type=folder,title=testTitle1687809079472,filesMasks=,defaultFileType=33888b6f-7a8e-4069-b1b6-5c1aa9d0a48d,modDate=2023-06-26 19:51:19.477,owner=&lt;null&gt;,iDate=2023-06-26 19:51:19.477,inode=2fe668c1-7d40-4830-8b3e-939b4c65ad0c,path=/testName1687809079472/], expectedName='test-page-url-1687809079657', expectedType='htmlpageasset'}]" classname="com.dotmarketing.business.DeterministicIdentifierAPITest" time="0.004"/>
  <testcase name="Test_Asset_Generate_Deterministic_Id_Best_Effort[4: TestCase{versionable=com.dotmarketing.portlets.contentlet.model.Contentlet@3c404ad5[map={fileAsset2=/home/runner/work/core/custom/assets/8/e/8e4be5ce-21de-4e38-ab98-c5367e963d35/fileAsset2/test_binary1687809080424.png, modDate=2023-06-26 19:51:20.433, fileAsset1=/home/runner/work/core/custom/assets/8/e/8e4be5ce-21de-4e38-ab98-c5367e963d35/fileAsset1/test_binary1687809080423.jpg, title=blah, inode=8e4be5ce-21de-4e38-ab98-c5367e963d35, __IS_NEW_CONTENT__=true, disabledWYSIWYG=[], host=8a7d5e23-da1e-420a-b4f0-471e7da8ea2d, stInode=580ba138-db99-4324-bacb-0a931f59ac94, owner=system, identifier=9854f15a-e612-4f1f-9f34-b25f2b0e48cf, nullProperties=[], languageId=1, image1=54f26ed4-50f8-4973-acb3-0e35565d236c, folder=SYSTEM_FOLDER, __disable_workflow__=true, sortOrder=0, modUser=system},lowIndexPriority=false,variantId=DEFAULT], parent=default, expectedName='test_binary1687809080423.jpg:test_binary1687809080424.png', expectedType='MultipleBinaries1687809079832'}]" classname="com.dotmarketing.business.DeterministicIdentifierAPITest" time="0.01"/>
  <testcase name="Test_Asset_Generate_Deterministic_Id_Best_Effort[5: TestCase{versionable=name365d851748 : keyTag365d851748, parent=my.host1687809078609.com, expectedName='keyTag365d851748', expectedType='persona'}]" classname="com.dotmarketing.business.DeterministicIdentifierAPITest" time="0.011"/>
  <testcase name="Test_Similar_Content_Type_Wont_Clash" classname="com.dotmarketing.business.DeterministicIdentifierAPITest" time="0.622"/>
  <testcase name="Test_Generate_Folder_Identifier" classname="com.dotmarketing.business.DeterministicIdentifierAPITest" time="0.742"/>
  <testcase name="Test_Generate_Content_Type_Identifier[0: ContentTypeTestCase{contentType=KeyValueContentType{name=Language Variable, id=f4d7c1b8-2c88-4071-abf1-a5328977b07d, description=Default Content Type for Language Variables, defaultType=false, fixed=true, iDate=Thu Aug 31 16:38:49 UTC 2017, system=true, versionable=true, variable=Languagevariable, modDate=Mon Jun 26 19:47:48 UTC 2023, host=SYSTEM_HOST, siteName=systemHost, icon=language, sortOrder=0, folder=SYSTEM_FOLDER, folderPath=/, markedForDeletion=false, multilingualable=false}, expectedName='Languagevariable', expectedType='KeyValue'}]" classname="com.dotmarketing.business.DeterministicIdentifierAPITest" time="0.013"/>
  <testcase name="Test_Generate_Content_Type_Identifier[1: ContentTypeTestCase{contentType=SimpleContentType{name=testName1687809080842, id=72e0ab65-b39c-407f-a6b4-eec99692a872, description=testDescription1687809080842, defaultType=false, fixed=false, iDate=Mon Jun 26 19:51:20 UTC 2023, system=false, versionable=true, multilingualable=false, variable=testVarname1687809080842, owner=system, modDate=Mon Jun 26 19:51:21 UTC 2023, host=8a7d5e23-da1e-420a-b4f0-471e7da8ea2d, siteName=default, icon=event_note, sortOrder=0, folder=SYSTEM_FOLDER, folderPath=/, requiredFields=[], markedForDeletion=false}, expectedName='testVarname1687809080842', expectedType='CONTENT'}]" classname="com.dotmarketing.business.DeterministicIdentifierAPITest" time="0.011"/>
  <system-out><![CDATA[]]></system-out>
  <system-err><![CDATA[]]></system-err>
</testsuite>
