<?xml version="1.0" encoding="UTF-8"?>
<testsuite name="com.dotmarketing.servlets.ajax.AjaxDirectorServletIntegrationTest" tests="2" skipped="0" failures="0" errors="0" timestamp="2023-06-28T15:17:14" hostname="fv-az452-705" time="0.861">
  <properties/>
  <testcase name="testService[0: com.dotmarketing.servlets.ajax.AjaxDirectorServletTestCase@65e7ee71]" classname="com.dotmarketing.servlets.ajax.AjaxDirectorServletIntegrationTest" time="0.529"/>
  <testcase name="testService[1: com.dotmarketing.servlets.ajax.AjaxDirectorServletTestCase@6c532967]" classname="com.dotmarketing.servlets.ajax.AjaxDirectorServletIntegrationTest" time="0.332"/>
  <system-out><![CDATA[]]></system-out>
  <system-err><![CDATA[]]></system-err>
</testsuite>
