<?xml version="1.0" encoding="UTF-8"?>
<testsuite name="com.dotmarketing.business.DeterministicIdentifierAPITest" tests="16" skipped="0" failures="0" errors="0" timestamp="2023-07-17T19:34:32" hostname="fv-az451-216" time="1.236">
  <properties/>
  <testcase name="Test_Category_Path_Seed_And_Id" classname="com.dotmarketing.business.DeterministicIdentifierAPITest" time="0.027"/>
  <testcase name="Test_Language_Deterministic_Id[0: LanguageTestCase{expectedSeed='Language:es:US', expectedHash=4913155, langCode='es', countryCode='US', country='United States'}]" classname="com.dotmarketing.business.DeterministicIdentifierAPITest" time="0.001"/>
  <testcase name="Test_Language_Deterministic_Id[1: LanguageTestCase{expectedSeed='Language:ep:', expectedHash=5292269, langCode='ep', countryCode='', country=''}]" classname="com.dotmarketing.business.DeterministicIdentifierAPITest" time="0.001"/>
  <testcase name="Test_Language_Deterministic_Id[2: LanguageTestCase{expectedSeed='Language:sg:SAG', expectedHash=4713118, langCode='sg', countryCode='SAG', country=''}]" classname="com.dotmarketing.business.DeterministicIdentifierAPITest" time="0.001"/>
  <testcase name="Test_Language_Deterministic_Id[3: LanguageTestCase{expectedSeed='Language:en:NZ', expectedHash=5382528, langCode='en', countryCode='NZ', country='New Zealand'}]" classname="com.dotmarketing.business.DeterministicIdentifierAPITest" time="0.001"/>
  <testcase name="Test_Category_None_Persisted_Category_Should_Return_Deterministic_Id" classname="com.dotmarketing.business.DeterministicIdentifierAPITest" time="0.001"/>
  <testcase name="Test_Asset_Generate_Deterministic_Id_Best_Effort[0: TestCase{versionable=my.host1689622086450.com, parent=System Host, expectedName='my.host1689622086450.com', expectedType='Host'}]" classname="com.dotmarketing.business.DeterministicIdentifierAPITest" time="0.005"/>
  <testcase name="Test_Asset_Generate_Deterministic_Id_Best_Effort[1: TestCase{versionable=com.dotmarketing.portlets.contentlet.model.Contentlet@2d8f69fd[map={modDate=2023-07-17 19:28:07.173, fileName=file15227664872092958433.txt, title=file15227664872092958433.txt, inode=fa98b7b6-3076-44ac-ad8b-edfcc07d4213, __IS_NEW_CONTENT__=true, disabledWYSIWYG=[], host=797e2fbd-d20e-42ff-85c6-350065421d75, stInode=33888b6f-7a8e-4069-b1b6-5c1aa9d0a48d, owner=system, identifier=afc05ea9-8014-43d7-b6f2-82ca955ffe0f, nullProperties=[wfExpireDate, wfPublishDate, wfActionAssign, wfActionId, wfActionComments, filterKey, whereToSend, wfNeverExpire, _path_to_move, timezoneId, iWantTo, wfPublishTime, wfExpireTime], languageId=1, fileAsset=/home/runner/work/core/custom/assets/f/a/fa98b7b6-3076-44ac-ad8b-edfcc07d4213/fileAsset/file15227664872092958433.txt, folder=73bf0ea8-b99b-489e-ab71-49b94420ee68, __disable_workflow__=true, sortOrder=0, modUser=system},lowIndexPriority=false,variantId=DEFAULT], parent=com.dotmarketing.portlets.folders.model.Folder@28999049[identifier=73bf0ea8-b99b-489e-ab71-49b94420ee68,name=testName1689622087166,sortOrder=0,showOnMenu=false,hostId=797e2fbd-d20e-42ff-85c6-350065421d75,type=folder,title=testTitle1689622087166,filesMasks=,defaultFileType=33888b6f-7a8e-4069-b1b6-5c1aa9d0a48d,modDate=2023-07-17 19:28:07.168,owner=&lt;null&gt;,iDate=2023-07-17 19:28:07.168,inode=73bf0ea8-b99b-489e-ab71-49b94420ee68,path=/testName1689622087166/], expectedName='file15227664872092958433.txt', expectedType='FileAsset'}]" classname="com.dotmarketing.business.DeterministicIdentifierAPITest" time="0.003"/>
  <testcase name="Test_Asset_Generate_Deterministic_Id_Best_Effort[2: TestCase{versionable=com.dotmarketing.portlets.templates.model.Template@1b8ebf53, parent=my.host1689622086450.com, expectedName='testTitle1689622087260', expectedType='Template'}]" classname="com.dotmarketing.business.DeterministicIdentifierAPITest" time="0.002"/>
  <testcase name="Test_Asset_Generate_Deterministic_Id_Best_Effort[3: TestCase{versionable=com.dotmarketing.portlets.htmlpageasset.model.HTMLPageAsset@12a7b570[map={template=2b654ef8-7763-4a43-8b13-4821ee37165d, owner=system, identifier=584afc16-53a1-4969-8adf-52b35124e999, nullProperties=[wfExpireDate, wfPublishDate, wfActionAssign, wfActionId, wfActionComments, filterKey, whereToSend, wfNeverExpire, _path_to_move, timezoneId, iWantTo, wfPublishTime, wfExpireTime], modDate=2023-07-17 19:28:07.276, cachettl=0, _is_test_mode=true, languageId=1, title=test-page-title-1689622087272, httpsreq=, url=test-page-url-1689622087272, showOnMenu=, inode=5c1cadf3-2464-44c2-9527-6281dd68a913, folder=73bf0ea8-b99b-489e-ab71-49b94420ee68, disabledWYSIWYG=[], sortOrder=1, modUser=system, host=797e2fbd-d20e-42ff-85c6-350065421d75, stInode=c541abb1-69b3-4bc5-8430-5e09e5239cc8, friendlyName=test-page-friendly-name-1689622087272},lowIndexPriority=false,variantId=DEFAULT], parent=com.dotmarketing.portlets.folders.model.Folder@28999049[identifier=73bf0ea8-b99b-489e-ab71-49b94420ee68,name=testName1689622087166,sortOrder=0,showOnMenu=false,hostId=797e2fbd-d20e-42ff-85c6-350065421d75,type=folder,title=testTitle1689622087166,filesMasks=,defaultFileType=33888b6f-7a8e-4069-b1b6-5c1aa9d0a48d,modDate=2023-07-17 19:28:07.168,owner=&lt;null&gt;,iDate=2023-07-17 19:28:07.168,inode=73bf0ea8-b99b-489e-ab71-49b94420ee68,path=/testName1689622087166/], expectedName='test-page-url-1689622087272', expectedType='htmlpageasset'}]" classname="com.dotmarketing.business.DeterministicIdentifierAPITest" time="0.003"/>
  <testcase name="Test_Asset_Generate_Deterministic_Id_Best_Effort[4: TestCase{versionable=com.dotmarketing.portlets.contentlet.model.Contentlet@40273c83[map={fileAsset2=/home/runner/work/core/custom/assets/3/2/32a5e1e3-af20-4399-a330-07c87ae43cf4/fileAsset2/test_binary1689622088157.png, modDate=2023-07-17 19:28:08.161, fileAsset1=/home/runner/work/core/custom/assets/3/2/32a5e1e3-af20-4399-a330-07c87ae43cf4/fileAsset1/test_binary1689622088157.jpg, title=blah, inode=32a5e1e3-af20-4399-a330-07c87ae43cf4, __IS_NEW_CONTENT__=true, disabledWYSIWYG=[], host=48190c8c-42c4-46af-8d1a-0cd5db894797, stInode=58bb94fb-c37f-4db5-9669-404977fba32f, owner=system, identifier=48f5b1a8-c3d2-405a-ae64-a2abb8b6a908, nullProperties=[], languageId=1, image1=abc6dccb-8ff1-4211-967d-293e1c9b9a76, folder=SYSTEM_FOLDER, __disable_workflow__=true, sortOrder=0, modUser=system},lowIndexPriority=false,variantId=DEFAULT], parent=demo.dotcms.com, expectedName='test_binary1689622088157.jpg:test_binary1689622088157.png', expectedType='MultipleBinaries1689622087395'}]" classname="com.dotmarketing.business.DeterministicIdentifierAPITest" time="0.003"/>
  <testcase name="Test_Asset_Generate_Deterministic_Id_Best_Effort[5: TestCase{versionable=name633ec72396 : keyTag633ec72396, parent=my.host1689622086450.com, expectedName='keyTag633ec72396', expectedType='persona'}]" classname="com.dotmarketing.business.DeterministicIdentifierAPITest" time="0.002"/>
  <testcase name="Test_Similar_Content_Type_Wont_Clash" classname="com.dotmarketing.business.DeterministicIdentifierAPITest" time="0.462"/>
  <testcase name="Test_Generate_Folder_Identifier" classname="com.dotmarketing.business.DeterministicIdentifierAPITest" time="0.713"/>
  <testcase name="Test_Generate_Content_Type_Identifier[0: ContentTypeTestCase{contentType=KeyValueContentType{name=Language Variable, id=f4d7c1b8-2c88-4071-abf1-a5328977b07d, description=Default Content Type for Language Variables, defaultType=false, fixed=true, iDate=Thu Aug 31 16:38:49 UTC 2017, system=true, versionable=true, variable=Languagevariable, modDate=Mon Jul 17 18:25:13 UTC 2023, host=SYSTEM_HOST, siteName=systemHost, icon=language, sortOrder=0, folder=SYSTEM_FOLDER, folderPath=/, markedForDeletion=true, multilingualable=false}, expectedName='Languagevariable', expectedType='KeyValue'}]" classname="com.dotmarketing.business.DeterministicIdentifierAPITest" time="0.004"/>
  <testcase name="Test_Generate_Content_Type_Identifier[1: ContentTypeTestCase{contentType=SimpleContentType{name=testName1689622088575, id=d79d851a-d481-43b5-b0c8-e657fccc5aef, description=testDescription1689622088575, defaultType=false, fixed=false, iDate=Mon Jul 17 19:28:08 UTC 2023, system=false, versionable=true, multilingualable=false, variable=testVarname1689622088575, owner=system, modDate=Mon Jul 17 19:28:09 UTC 2023, host=48190c8c-42c4-46af-8d1a-0cd5db894797, siteName=demo.dotcms.com, icon=event_note, sortOrder=0, folder=SYSTEM_FOLDER, folderPath=/, requiredFields=[], markedForDeletion=false}, expectedName='testVarname1689622088575', expectedType='CONTENT'}]" classname="com.dotmarketing.business.DeterministicIdentifierAPITest" time="0.005"/>
  <system-out><![CDATA[]]></system-out>
  <system-err><![CDATA[]]></system-err>
</testsuite>
