<?xml version="1.0" encoding="UTF-8"?>
<testsuite name="com.dotcms.enterprise.publishing.remote.handler.HandlerUtilTest" tests="1" skipped="0" failures="0" errors="0" timestamp="2023-07-18T01:26:06" hostname="fv-az877-612" time="0.103">
  <properties/>
  <testcase name="setMultiTree_on_diff_orders_should_not_reorder" classname="com.dotcms.enterprise.publishing.remote.handler.HandlerUtilTest" time="0.103"/>
  <system-out><![CDATA[]]></system-out>
  <system-err><![CDATA[]]></system-err>
</testsuite>
