<?xml version="1.0" encoding="UTF-8"?>
<testsuite name="com.dotmarketing.startup.runonce.Task220402UpdateDateTimezonesTest" tests="1" skipped="0" failures="0" errors="0" timestamp="2023-07-19T19:57:02" hostname="fv-az842-421" time="0.025">
  <properties/>
  <testcase name="Test_Upgrade_Task" classname="com.dotmarketing.startup.runonce.Task220402UpdateDateTimezonesTest" time="0.025"/>
  <system-out><![CDATA[]]></system-out>
  <system-err><![CDATA[]]></system-err>
</testsuite>
