<?xml version="1.0" encoding="UTF-8"?>
<testsuite name="com.dotmarketing.portlets.browser.ajax.BrowserAjaxTest" tests="3" skipped="0" failures="0" errors="0" timestamp="2023-07-19T17:12:47" hostname="fv-az621-121" time="0.056">
  <properties/>
  <testcase name="testFolderTreeInfoWithInvalidFolderId" classname="com.dotmarketing.portlets.browser.ajax.BrowserAjaxTest" time="0.043"/>
  <testcase name="testSelectingSiteRoot" classname="com.dotmarketing.portlets.browser.ajax.BrowserAjaxTest" time="0.003"/>
  <testcase name="testExpectedFolderTreeInfo" classname="com.dotmarketing.portlets.browser.ajax.BrowserAjaxTest" time="0.008"/>
  <system-out><![CDATA[]]></system-out>
  <system-err><![CDATA[]]></system-err>
</testsuite>
