<?xml version="1.0" encoding="UTF-8"?>
<testsuite name="com.dotmarketing.portlets.folders.model.FolderTest" tests="2" skipped="0" failures="0" errors="0" timestamp="2023-07-10T19:24:03" hostname="fv-az471-786" time="0.022">
  <properties/>
  <testcase name="test_folder_host_method" classname="com.dotmarketing.portlets.folders.model.FolderTest" time="0.016"/>
  <testcase name="test_folder_isSystemFolder" classname="com.dotmarketing.portlets.folders.model.FolderTest" time="0.006"/>
  <system-out><![CDATA[]]></system-out>
  <system-err><![CDATA[]]></system-err>
</testsuite>
