<?xml version="1.0" encoding="UTF-8"?>
<testsuite name="com.dotcms.rest.api.v1.page.PageResourceTest" tests="18" skipped="0" failures="0" errors="0" timestamp="2023-06-26T16:11:17" hostname="fv-az455-440" time="57.073">
  <properties/>
  <testcase name="testRenderWithContent" classname="com.dotcms.rest.api.v1.page.PageResourceTest" time="2.689"/>
  <testcase name="test_addContent_invalid_content_type" classname="com.dotcms.rest.api.v1.page.PageResourceTest" time="3.958"/>
  <testcase name="shouldReturn404ForPageWithURLPatternWithNotLIVEContentInLiveMode" classname="com.dotcms.rest.api.v1.page.PageResourceTest" time="1.446"/>
  <testcase name="shouldReturnPageByURLPattern" classname="com.dotcms.rest.api.v1.page.PageResourceTest" time="2.184"/>
  <testcase name="testRenderPersonalizationVersion" classname="com.dotcms.rest.api.v1.page.PageResourceTest" time="3.274"/>
  <testcase name="shouldResponseWith" classname="com.dotcms.rest.api.v1.page.PageResourceTest" time="10.767"/>
  <testcase name="testGetPersonalizedPersonasOnPage" classname="com.dotcms.rest.api.v1.page.PageResourceTest" time="2.933"/>
  <testcase name="getPersonasForLimitedUser" classname="com.dotcms.rest.api.v1.page.PageResourceTest" time="4.234"/>
  <testcase name="testPathParamWithHost" classname="com.dotcms.rest.api.v1.page.PageResourceTest" time="2.141"/>
  <testcase name="shouldReturnLIVE" classname="com.dotcms.rest.api.v1.page.PageResourceTest" time="4.211"/>
  <testcase name="testPathParam" classname="com.dotcms.rest.api.v1.page.PageResourceTest" time="1.839"/>
  <testcase name="shouldKeepTheAParserContainerContentAfterLayoutSaved" classname="com.dotcms.rest.api.v1.page.PageResourceTest" time="2.967"/>
  <testcase name="testOnNumberOfPagesDataAttribute_render" classname="com.dotcms.rest.api.v1.page.PageResourceTest" time="2.371"/>
  <testcase name="testShouldRenderContainers" classname="com.dotcms.rest.api.v1.page.PageResourceTest" time="2.991"/>
  <testcase name="shouldReturn404ForPageWithURLPatternWithNotLIVEContentInAdminMode" classname="com.dotcms.rest.api.v1.page.PageResourceTest" time="1.695"/>
  <testcase name="testNumberContentWithNotDrawTemplate" classname="com.dotcms.rest.api.v1.page.PageResourceTest" time="2.775"/>
  <testcase name="testRender" classname="com.dotcms.rest.api.v1.page.PageResourceTest" time="1.955"/>
  <testcase name="testRenderNotPersonalizationVersion" classname="com.dotcms.rest.api.v1.page.PageResourceTest" time="2.64"/>
  <system-out><![CDATA[
]]></system-out>
  <system-err><![CDATA[]]></system-err>
</testsuite>
