<?xml version="1.0" encoding="UTF-8"?>
<testsuite name="com.dotmarketing.servlets.ajax.AjaxDirectorServletIntegrationTest" tests="2" skipped="0" failures="0" errors="0" timestamp="2023-06-28T23:20:32" hostname="fv-az446-868" time="1.814">
  <properties/>
  <testcase name="testService[0: com.dotmarketing.servlets.ajax.AjaxDirectorServletTestCase@67d94378]" classname="com.dotmarketing.servlets.ajax.AjaxDirectorServletIntegrationTest" time="1.072"/>
  <testcase name="testService[1: com.dotmarketing.servlets.ajax.AjaxDirectorServletTestCase@3812f361]" classname="com.dotmarketing.servlets.ajax.AjaxDirectorServletIntegrationTest" time="0.742"/>
  <system-out><![CDATA[]]></system-out>
  <system-err><![CDATA[]]></system-err>
</testsuite>
