<?xml version="1.0" encoding="UTF-8"?>
<testsuite name="com.dotcms.contenttype.test.ContentResourceTest" tests="52" skipped="0" failures="0" errors="0" timestamp="2023-06-28T21:33:35" hostname="fv-az573-741" time="138.614">
  <properties/>
  <testcase name="testGetContentShouldReturnIconDetails" classname="com.dotcms.contenttype.test.ContentResourceTest" time="1.546"/>
  <testcase name="Test_Save_Action_Set_Words_To_Required_NumericField_Issue_15340" classname="com.dotcms.contenttype.test.ContentResourceTest" time="0.824"/>
  <testcase name="test_getContent_includeGrandChildCategory_success" classname="com.dotcms.contenttype.test.ContentResourceTest" time="1.283"/>
  <testcase name="testGetContentWithRelatedParameter[0: com.dotcms.contenttype.test.ContentResourceTest$PullRelatedTestCase@45cb5b80]" classname="com.dotcms.contenttype.test.ContentResourceTest" time="3.838"/>
  <testcase name="testGetContentWithRelatedParameter[1: com.dotcms.contenttype.test.ContentResourceTest$PullRelatedTestCase@15581e]" classname="com.dotcms.contenttype.test.ContentResourceTest" time="3.662"/>
  <testcase name="testGetContentWithRelatedParameter[2: com.dotcms.contenttype.test.ContentResourceTest$PullRelatedTestCase@40d457b1]" classname="com.dotcms.contenttype.test.ContentResourceTest" time="3.736"/>
  <testcase name="testGetContentWithRelatedParameter[3: com.dotcms.contenttype.test.ContentResourceTest$PullRelatedTestCase@681f2251]" classname="com.dotcms.contenttype.test.ContentResourceTest" time="3.843"/>
  <testcase name="testGetContentWithRelatedParameter[4: com.dotcms.contenttype.test.ContentResourceTest$PullRelatedTestCase@77977389]" classname="com.dotcms.contenttype.test.ContentResourceTest" time="3.508"/>
  <testcase name="test_getContent_SelfRelatedWith3LevelsOfDepth_shouldReturnRelationships" classname="com.dotcms.contenttype.test.ContentResourceTest" time="1.282"/>
  <testcase name="Test_Save_Action_Send_Fields_SubSet_Issue_15340" classname="com.dotcms.contenttype.test.ContentResourceTest" time="2.736"/>
  <testcase name="test_getContent_shouldReturnRelationships[0: com.dotcms.contenttype.test.ContentResourceTest$TestCase@5de800cd]" classname="com.dotcms.contenttype.test.ContentResourceTest" time="2.852"/>
  <testcase name="test_getContent_shouldReturnRelationships[1: com.dotcms.contenttype.test.ContentResourceTest$TestCase@3fe3ad1e]" classname="com.dotcms.contenttype.test.ContentResourceTest" time="2.814"/>
  <testcase name="test_getContent_shouldReturnRelationships[2: com.dotcms.contenttype.test.ContentResourceTest$TestCase@2eff1d19]" classname="com.dotcms.contenttype.test.ContentResourceTest" time="1.875"/>
  <testcase name="test_getContent_shouldReturnRelationships[3: com.dotcms.contenttype.test.ContentResourceTest$TestCase@62383874]" classname="com.dotcms.contenttype.test.ContentResourceTest" time="2.931"/>
  <testcase name="test_getContent_shouldReturnRelationships[4: com.dotcms.contenttype.test.ContentResourceTest$TestCase@7f4bb296]" classname="com.dotcms.contenttype.test.ContentResourceTest" time="3.194"/>
  <testcase name="test_getContent_shouldReturnRelationships[5: com.dotcms.contenttype.test.ContentResourceTest$TestCase@5d627b3c]" classname="com.dotcms.contenttype.test.ContentResourceTest" time="2.944"/>
  <testcase name="test_getContent_shouldReturnRelationships[6: com.dotcms.contenttype.test.ContentResourceTest$TestCase@b23b25c]" classname="com.dotcms.contenttype.test.ContentResourceTest" time="2.876"/>
  <testcase name="test_getContent_shouldReturnRelationships[7: com.dotcms.contenttype.test.ContentResourceTest$TestCase@287bd0d4]" classname="com.dotcms.contenttype.test.ContentResourceTest" time="3.048"/>
  <testcase name="test_getContent_shouldReturnRelationships[8: com.dotcms.contenttype.test.ContentResourceTest$TestCase@a06184f]" classname="com.dotcms.contenttype.test.ContentResourceTest" time="1.995"/>
  <testcase name="test_getContent_shouldReturnRelationships[9: com.dotcms.contenttype.test.ContentResourceTest$TestCase@44f339a8]" classname="com.dotcms.contenttype.test.ContentResourceTest" time="3.179"/>
  <testcase name="test_getContent_shouldReturnRelationships[10: com.dotcms.contenttype.test.ContentResourceTest$TestCase@5254d238]" classname="com.dotcms.contenttype.test.ContentResourceTest" time="2.9"/>
  <testcase name="test_getContent_shouldReturnRelationships[11: com.dotcms.contenttype.test.ContentResourceTest$TestCase@24df55d6]" classname="com.dotcms.contenttype.test.ContentResourceTest" time="2.952"/>
  <testcase name="test_getContent_shouldReturnRelationships[12: com.dotcms.contenttype.test.ContentResourceTest$TestCase@1e21f562]" classname="com.dotcms.contenttype.test.ContentResourceTest" time="2.961"/>
  <testcase name="test_getContent_shouldReturnRelationships[13: com.dotcms.contenttype.test.ContentResourceTest$TestCase@43c2b177]" classname="com.dotcms.contenttype.test.ContentResourceTest" time="2.997"/>
  <testcase name="test_getContent_shouldReturnRelationships[14: com.dotcms.contenttype.test.ContentResourceTest$TestCase@37f37e25]" classname="com.dotcms.contenttype.test.ContentResourceTest" time="2.975"/>
  <testcase name="test_getContent_shouldReturnRelationships[15: com.dotcms.contenttype.test.ContentResourceTest$TestCase@695cece8]" classname="com.dotcms.contenttype.test.ContentResourceTest" time="3.697"/>
  <testcase name="test_getContent_shouldReturnRelationships[16: com.dotcms.contenttype.test.ContentResourceTest$TestCase@78c79e44]" classname="com.dotcms.contenttype.test.ContentResourceTest" time="3.776"/>
  <testcase name="test_getContent_shouldReturnRelationships[17: com.dotcms.contenttype.test.ContentResourceTest$TestCase@2e58c122]" classname="com.dotcms.contenttype.test.ContentResourceTest" time="2.986"/>
  <testcase name="test_getContent_shouldReturnRelationships[18: com.dotcms.contenttype.test.ContentResourceTest$TestCase@2f6909a]" classname="com.dotcms.contenttype.test.ContentResourceTest" time="3.148"/>
  <testcase name="test_getContent_shouldReturnRelationships[19: com.dotcms.contenttype.test.ContentResourceTest$TestCase@cc31780]" classname="com.dotcms.contenttype.test.ContentResourceTest" time="3.049"/>
  <testcase name="test_getContent_shouldReturnRelationships[20: com.dotcms.contenttype.test.ContentResourceTest$TestCase@48328de2]" classname="com.dotcms.contenttype.test.ContentResourceTest" time="3.181"/>
  <testcase name="test_getContent_shouldReturnRelationships[21: com.dotcms.contenttype.test.ContentResourceTest$TestCase@208b0417]" classname="com.dotcms.contenttype.test.ContentResourceTest" time="2.416"/>
  <testcase name="test_getContent_shouldReturnRelationships[22: com.dotcms.contenttype.test.ContentResourceTest$TestCase@16cf22dc]" classname="com.dotcms.contenttype.test.ContentResourceTest" time="3.086"/>
  <testcase name="test_getContent_shouldReturnRelationships[23: com.dotcms.contenttype.test.ContentResourceTest$TestCase@2245892]" classname="com.dotcms.contenttype.test.ContentResourceTest" time="2.068"/>
  <testcase name="test_getContent_shouldReturnRelationships[24: com.dotcms.contenttype.test.ContentResourceTest$TestCase@5ea598a9]" classname="com.dotcms.contenttype.test.ContentResourceTest" time="2.942"/>
  <testcase name="test_getContent_shouldReturnRelationships[25: com.dotcms.contenttype.test.ContentResourceTest$TestCase@26f694d6]" classname="com.dotcms.contenttype.test.ContentResourceTest" time="2.177"/>
  <testcase name="test_getContent_shouldReturnRelationships[26: com.dotcms.contenttype.test.ContentResourceTest$TestCase@49c08b16]" classname="com.dotcms.contenttype.test.ContentResourceTest" time="2.278"/>
  <testcase name="test_getContent_shouldReturnRelationships[27: com.dotcms.contenttype.test.ContentResourceTest$TestCase@6900ba74]" classname="com.dotcms.contenttype.test.ContentResourceTest" time="1.891"/>
  <testcase name="test_getContent_shouldReturnRelationships[28: com.dotcms.contenttype.test.ContentResourceTest$TestCase@1b92172d]" classname="com.dotcms.contenttype.test.ContentResourceTest" time="2.09"/>
  <testcase name="test_getContent_shouldReturnRelationships[29: com.dotcms.contenttype.test.ContentResourceTest$TestCase@95060ad]" classname="com.dotcms.contenttype.test.ContentResourceTest" time="3.173"/>
  <testcase name="test_getContent_shouldReturnRelationships[30: com.dotcms.contenttype.test.ContentResourceTest$TestCase@4405d2aa]" classname="com.dotcms.contenttype.test.ContentResourceTest" time="2.889"/>
  <testcase name="test_getContent_shouldReturnRelationships[31: com.dotcms.contenttype.test.ContentResourceTest$TestCase@283a1344]" classname="com.dotcms.contenttype.test.ContentResourceTest" time="3.029"/>
  <testcase name="test_getContent_shouldReturnRelationships[32: com.dotcms.contenttype.test.ContentResourceTest$TestCase@239a5211]" classname="com.dotcms.contenttype.test.ContentResourceTest" time="3.922"/>
  <testcase name="test_getContent_shouldReturnRelationships[33: com.dotcms.contenttype.test.ContentResourceTest$TestCase@29c50bc7]" classname="com.dotcms.contenttype.test.ContentResourceTest" time="3.92"/>
  <testcase name="testSinglePOST_InvalidParamsShouldReturn400[0: ({\n    &quot;stInode&quot; : &quot;InvalidValue&quot;,\n    &quot;numeric&quot; : &quot;0&quot;,\n    &quot;image&quot; : &quot;whatever&quot;\n}, Bad Request)]" classname="com.dotcms.contenttype.test.ContentResourceTest" time="0.808"/>
  <testcase name="testSinglePOST_InvalidParamsShouldReturn400[1: ({\n    &quot;numeric&quot; : &quot;0&quot;,\n    &quot;image&quot; : &quot;whatever&quot;\n}, Bad Request)]" classname="com.dotcms.contenttype.test.ContentResourceTest" time="0.78"/>
  <testcase name="Test_Save_Action_Set_Null_To_Required_NumericField_Issue_15340" classname="com.dotcms.contenttype.test.ContentResourceTest" time="0.82"/>
  <testcase name="Test_Save_Action_Remove_Image_Then_Verify_Fields_Were_Cleared_Issue_15340" classname="com.dotcms.contenttype.test.ContentResourceTest" time="3.578"/>
  <testcase name="test_getContentWithMultipleSelfRelated_shouldReturnRelationships[0: com.dotcms.contenttype.test.ContentResourceTest$PullSelfRelatedTestCase@3be787c7]" classname="com.dotcms.contenttype.test.ContentResourceTest" time="1.641"/>
  <testcase name="test_getContentWithMultipleSelfRelated_shouldReturnRelationships[1: com.dotcms.contenttype.test.ContentResourceTest$PullSelfRelatedTestCase@4a1c5070]" classname="com.dotcms.contenttype.test.ContentResourceTest" time="1.657"/>
  <testcase name="testGetContentWithAllCategoriesInfo[0: json]" classname="com.dotcms.contenttype.test.ContentResourceTest" time="2.42"/>
  <testcase name="testGetContentWithAllCategoriesInfo[1: xml]" classname="com.dotcms.contenttype.test.ContentResourceTest" time="2.433"/>
  <system-out><![CDATA[











]]></system-out>
  <system-err><![CDATA[]]></system-err>
</testsuite>
