<?xml version="1.0" encoding="UTF-8"?>
<testsuite name="com.dotmarketing.business.DeterministicIdentifierAPITest" tests="16" skipped="0" failures="0" errors="0" timestamp="2023-06-29T22:56:27" hostname="fv-az180-30" time="0.731">
  <properties/>
  <testcase name="Test_Category_Path_Seed_And_Id" classname="com.dotmarketing.business.DeterministicIdentifierAPITest" time="0.024"/>
  <testcase name="Test_Language_Deterministic_Id[0: LanguageTestCase{expectedSeed='Language:es:US', expectedHash=4913155, langCode='es', countryCode='US', country='United States'}]" classname="com.dotmarketing.business.DeterministicIdentifierAPITest" time="0.001"/>
  <testcase name="Test_Language_Deterministic_Id[1: LanguageTestCase{expectedSeed='Language:ep:', expectedHash=5292269, langCode='ep', countryCode='', country=''}]" classname="com.dotmarketing.business.DeterministicIdentifierAPITest" time="0.001"/>
  <testcase name="Test_Language_Deterministic_Id[2: LanguageTestCase{expectedSeed='Language:sg:SAG', expectedHash=4713118, langCode='sg', countryCode='SAG', country=''}]" classname="com.dotmarketing.business.DeterministicIdentifierAPITest" time="0.001"/>
  <testcase name="Test_Language_Deterministic_Id[3: LanguageTestCase{expectedSeed='Language:en:NZ', expectedHash=5382528, langCode='en', countryCode='NZ', country='New Zealand'}]" classname="com.dotmarketing.business.DeterministicIdentifierAPITest" time="0.001"/>
  <testcase name="Test_Category_None_Persisted_Category_Should_Return_Deterministic_Id" classname="com.dotmarketing.business.DeterministicIdentifierAPITest" time="0.001"/>
  <testcase name="Test_Asset_Generate_Deterministic_Id_Best_Effort[0: TestCase{versionable=my.host1688079000091.com, parent=System Host, expectedName='my.host1688079000091.com', expectedType='Host'}]" classname="com.dotmarketing.business.DeterministicIdentifierAPITest" time="0.003"/>
  <testcase name="Test_Asset_Generate_Deterministic_Id_Best_Effort[1: TestCase{versionable=com.dotmarketing.portlets.contentlet.model.Contentlet@648ea347[map={modDate=2023-06-29 22:50:00.828, fileName=file11269115201675225492.txt, title=file11269115201675225492.txt, inode=3ab58080-3a5a-47cf-82ba-ff6ab5303051, __IS_NEW_CONTENT__=true, disabledWYSIWYG=[], host=6cf890d1-76f1-4eff-ace2-914aa718c4dd, stInode=33888b6f-7a8e-4069-b1b6-5c1aa9d0a48d, owner=system, identifier=b4527ea2-74e4-4561-8371-a39a45b6ed2d, nullProperties=[wfExpireDate, wfPublishDate, wfActionAssign, wfActionId, wfActionComments, filterKey, whereToSend, wfNeverExpire, _path_to_move, timezoneId, iWantTo, wfPublishTime, wfExpireTime], languageId=1, fileAsset=/home/runner/work/core/custom/assets/3/a/3ab58080-3a5a-47cf-82ba-ff6ab5303051/fileAsset/file11269115201675225492.txt, folder=af2e69c6-c943-4dc9-9dbd-0cf9796b3dc2, __disable_workflow__=true, sortOrder=0, modUser=system},lowIndexPriority=false,variantId=DEFAULT], parent=com.dotmarketing.portlets.folders.model.Folder@27d40d63[identifier=af2e69c6-c943-4dc9-9dbd-0cf9796b3dc2,name=testName1688079000822,sortOrder=0,showOnMenu=false,hostId=6cf890d1-76f1-4eff-ace2-914aa718c4dd,type=folder,title=testTitle1688079000822,filesMasks=,defaultFileType=33888b6f-7a8e-4069-b1b6-5c1aa9d0a48d,modDate=2023-06-29 22:50:00.824,owner=&lt;null&gt;,iDate=2023-06-29 22:50:00.824,inode=af2e69c6-c943-4dc9-9dbd-0cf9796b3dc2,path=/testName1688079000822/], expectedName='file11269115201675225492.txt', expectedType='FileAsset'}]" classname="com.dotmarketing.business.DeterministicIdentifierAPITest" time="0.002"/>
  <testcase name="Test_Asset_Generate_Deterministic_Id_Best_Effort[2: TestCase{versionable=com.dotmarketing.portlets.templates.model.Template@295a626c, parent=my.host1688079000091.com, expectedName='testTitle1688079000910', expectedType='Template'}]" classname="com.dotmarketing.business.DeterministicIdentifierAPITest" time="0.002"/>
  <testcase name="Test_Asset_Generate_Deterministic_Id_Best_Effort[3: TestCase{versionable=com.dotmarketing.portlets.htmlpageasset.model.HTMLPageAsset@4c84ddf2[map={template=193dea16-d5a9-47b9-83fa-2810d499c726, owner=system, identifier=38cde080-338d-4119-bed4-51679e297587, nullProperties=[wfExpireDate, wfPublishDate, wfActionAssign, wfActionId, wfActionComments, filterKey, whereToSend, wfNeverExpire, _path_to_move, timezoneId, iWantTo, wfPublishTime, wfExpireTime], modDate=2023-06-29 22:50:00.923, cachettl=0, _is_test_mode=true, languageId=1, title=test-page-title-1688079000919, httpsreq=, url=test-page-url-1688079000919, showOnMenu=, inode=a9cbdfb0-9740-4564-99a3-0119201596ae, folder=af2e69c6-c943-4dc9-9dbd-0cf9796b3dc2, disabledWYSIWYG=[], sortOrder=1, modUser=system, host=6cf890d1-76f1-4eff-ace2-914aa718c4dd, stInode=c541abb1-69b3-4bc5-8430-5e09e5239cc8, friendlyName=test-page-friendly-name-1688079000919},lowIndexPriority=false,variantId=DEFAULT], parent=com.dotmarketing.portlets.folders.model.Folder@27d40d63[identifier=af2e69c6-c943-4dc9-9dbd-0cf9796b3dc2,name=testName1688079000822,sortOrder=0,showOnMenu=false,hostId=6cf890d1-76f1-4eff-ace2-914aa718c4dd,type=folder,title=testTitle1688079000822,filesMasks=,defaultFileType=33888b6f-7a8e-4069-b1b6-5c1aa9d0a48d,modDate=2023-06-29 22:50:00.824,owner=&lt;null&gt;,iDate=2023-06-29 22:50:00.824,inode=af2e69c6-c943-4dc9-9dbd-0cf9796b3dc2,path=/testName1688079000822/], expectedName='test-page-url-1688079000919', expectedType='htmlpageasset'}]" classname="com.dotmarketing.business.DeterministicIdentifierAPITest" time="0.002"/>
  <testcase name="Test_Asset_Generate_Deterministic_Id_Best_Effort[4: TestCase{versionable=com.dotmarketing.portlets.contentlet.model.Contentlet@4a2542d1[map={fileAsset2=/home/runner/work/core/custom/assets/6/9/695dc1d4-1994-442d-879d-dc2ce65ae430/fileAsset2/test_binary1688079001806.png, modDate=2023-06-29 22:50:01.81, fileAsset1=/home/runner/work/core/custom/assets/6/9/695dc1d4-1994-442d-879d-dc2ce65ae430/fileAsset1/test_binary1688079001805.jpg, title=blah, inode=695dc1d4-1994-442d-879d-dc2ce65ae430, __IS_NEW_CONTENT__=true, disabledWYSIWYG=[], host=48190c8c-42c4-46af-8d1a-0cd5db894797, stInode=38f52d65-1414-4eff-b2a3-2c510d32c3c0, owner=system, identifier=288a3b9d-c330-4bb2-9017-f36038204876, nullProperties=[], languageId=1, image1=2f50745f-f91d-4100-b2ee-f620b644d36a, folder=SYSTEM_FOLDER, __disable_workflow__=true, sortOrder=0, modUser=system},lowIndexPriority=false,variantId=DEFAULT], parent=demo.dotcms.com, expectedName='test_binary1688079001805.jpg:test_binary1688079001806.png', expectedType='MultipleBinaries1688079001109'}]" classname="com.dotmarketing.business.DeterministicIdentifierAPITest" time="0.003"/>
  <testcase name="Test_Asset_Generate_Deterministic_Id_Best_Effort[5: TestCase{versionable=name2904ef512a : keyTag2904ef512a, parent=my.host1688079000091.com, expectedName='keyTag2904ef512a', expectedType='persona'}]" classname="com.dotmarketing.business.DeterministicIdentifierAPITest" time="0.002"/>
  <testcase name="Test_Similar_Content_Type_Wont_Clash" classname="com.dotmarketing.business.DeterministicIdentifierAPITest" time="0.404"/>
  <testcase name="Test_Generate_Folder_Identifier" classname="com.dotmarketing.business.DeterministicIdentifierAPITest" time="0.271"/>
  <testcase name="Test_Generate_Content_Type_Identifier[0: ContentTypeTestCase{contentType=KeyValueContentType{name=Language Variable, id=f4d7c1b8-2c88-4071-abf1-a5328977b07d, description=Default Content Type for Language Variables, defaultType=false, fixed=true, iDate=Thu Aug 31 16:38:49 UTC 2017, system=true, versionable=true, variable=Languagevariable, modDate=Thu Jun 29 21:46:29 UTC 2023, host=SYSTEM_HOST, siteName=systemHost, icon=language, sortOrder=0, folder=SYSTEM_FOLDER, folderPath=/, markedForDeletion=true, multilingualable=false}, expectedName='Languagevariable', expectedType='KeyValue'}]" classname="com.dotmarketing.business.DeterministicIdentifierAPITest" time="0.006"/>
  <testcase name="Test_Generate_Content_Type_Identifier[1: ContentTypeTestCase{contentType=SimpleContentType{name=testName1688079002230, id=aa8f4b45-20d7-46da-8f2f-f8cf94f323e4, description=testDescription1688079002230, defaultType=false, fixed=false, iDate=Thu Jun 29 22:50:02 UTC 2023, system=false, versionable=true, multilingualable=false, variable=testVarname1688079002230, owner=system, modDate=Thu Jun 29 22:50:03 UTC 2023, host=48190c8c-42c4-46af-8d1a-0cd5db894797, siteName=demo.dotcms.com, icon=event_note, sortOrder=0, folder=SYSTEM_FOLDER, folderPath=/, requiredFields=[], markedForDeletion=false}, expectedName='testVarname1688079002230', expectedType='CONTENT'}]" classname="com.dotmarketing.business.DeterministicIdentifierAPITest" time="0.005"/>
  <system-out><![CDATA[]]></system-out>
  <system-err><![CDATA[]]></system-err>
</testsuite>
