<?xml version="1.0" encoding="UTF-8"?>
<testsuite name="com.dotmarketing.portlets.workflows.actionlet.SaveContentActionletTest" tests="9" skipped="0" failures="0" errors="0" timestamp="2023-06-27T19:10:13" hostname="fv-az451-154" time="1.602">
  <properties/>
  <testcase name="test_Publish_With_Save_Contentlet[0: com.dotmarketing.portlets.workflows.actionlet.SaveContentActionletTest$TestCase@6192808d]" classname="com.dotmarketing.portlets.workflows.actionlet.SaveContentActionletTest" time="0.237"/>
  <testcase name="test_Publish_With_Save_Contentlet[1: com.dotmarketing.portlets.workflows.actionlet.SaveContentActionletTest$TestCase@55ef39ba]" classname="com.dotmarketing.portlets.workflows.actionlet.SaveContentActionletTest" time="1.237"/>
  <testcase name="test_Publish_With_Save_Contentlet[2: com.dotmarketing.portlets.workflows.actionlet.SaveContentActionletTest$TestCase@7bd45aa1]" classname="com.dotmarketing.portlets.workflows.actionlet.SaveContentActionletTest" time="0.018"/>
  <testcase name="test_Publish_With_Save_Contentlet[3: com.dotmarketing.portlets.workflows.actionlet.SaveContentActionletTest$TestCase@291f4e8e]" classname="com.dotmarketing.portlets.workflows.actionlet.SaveContentActionletTest" time="0.015"/>
  <testcase name="test_Publish_With_Save_Contentlet[4: com.dotmarketing.portlets.workflows.actionlet.SaveContentActionletTest$TestCase@5c7c35c8]" classname="com.dotmarketing.portlets.workflows.actionlet.SaveContentActionletTest" time="0.019"/>
  <testcase name="test_Publish_With_Save_Contentlet[5: com.dotmarketing.portlets.workflows.actionlet.SaveContentActionletTest$TestCase@7072e514]" classname="com.dotmarketing.portlets.workflows.actionlet.SaveContentActionletTest" time="0.017"/>
  <testcase name="test_Publish_With_Save_Contentlet[6: com.dotmarketing.portlets.workflows.actionlet.SaveContentActionletTest$TestCase@29aaa8e9]" classname="com.dotmarketing.portlets.workflows.actionlet.SaveContentActionletTest" time="0.019"/>
  <testcase name="test_Publish_With_Save_Contentlet[7: com.dotmarketing.portlets.workflows.actionlet.SaveContentActionletTest$TestCase@7a12f86c]" classname="com.dotmarketing.portlets.workflows.actionlet.SaveContentActionletTest" time="0.016"/>
  <testcase name="test_Publish_With_Save_Contentlet[8: com.dotmarketing.portlets.workflows.actionlet.SaveContentActionletTest$TestCase@47fd4093]" classname="com.dotmarketing.portlets.workflows.actionlet.SaveContentActionletTest" time="0.016"/>
  <system-out><![CDATA[]]></system-out>
  <system-err><![CDATA[]]></system-err>
</testsuite>
