<?xml version="1.0" encoding="UTF-8"?>
<testsuite name="com.dotcms.contenttype.test.ContentResourceTest" tests="52" skipped="0" failures="0" errors="0" timestamp="2023-06-27T15:45:59" hostname="fv-az560-754" time="132.737">
  <properties/>
  <testcase name="testGetContentShouldReturnIconDetails" classname="com.dotcms.contenttype.test.ContentResourceTest" time="1.478"/>
  <testcase name="Test_Save_Action_Set_Words_To_Required_NumericField_Issue_15340" classname="com.dotcms.contenttype.test.ContentResourceTest" time="0.884"/>
  <testcase name="test_getContent_includeGrandChildCategory_success" classname="com.dotcms.contenttype.test.ContentResourceTest" time="1.276"/>
  <testcase name="testGetContentWithRelatedParameter[0: com.dotcms.contenttype.test.ContentResourceTest$PullRelatedTestCase@1d48ec3d]" classname="com.dotcms.contenttype.test.ContentResourceTest" time="3.64"/>
  <testcase name="testGetContentWithRelatedParameter[1: com.dotcms.contenttype.test.ContentResourceTest$PullRelatedTestCase@1e8d3812]" classname="com.dotcms.contenttype.test.ContentResourceTest" time="3.468"/>
  <testcase name="testGetContentWithRelatedParameter[2: com.dotcms.contenttype.test.ContentResourceTest$PullRelatedTestCase@1331fc8]" classname="com.dotcms.contenttype.test.ContentResourceTest" time="3.555"/>
  <testcase name="testGetContentWithRelatedParameter[3: com.dotcms.contenttype.test.ContentResourceTest$PullRelatedTestCase@58f6174b]" classname="com.dotcms.contenttype.test.ContentResourceTest" time="3.336"/>
  <testcase name="testGetContentWithRelatedParameter[4: com.dotcms.contenttype.test.ContentResourceTest$PullRelatedTestCase@285216c]" classname="com.dotcms.contenttype.test.ContentResourceTest" time="3.538"/>
  <testcase name="test_getContent_SelfRelatedWith3LevelsOfDepth_shouldReturnRelationships" classname="com.dotcms.contenttype.test.ContentResourceTest" time="1.284"/>
  <testcase name="Test_Save_Action_Send_Fields_SubSet_Issue_15340" classname="com.dotcms.contenttype.test.ContentResourceTest" time="2.872"/>
  <testcase name="test_getContent_shouldReturnRelationships[0: com.dotcms.contenttype.test.ContentResourceTest$TestCase@75bfd486]" classname="com.dotcms.contenttype.test.ContentResourceTest" time="2.553"/>
  <testcase name="test_getContent_shouldReturnRelationships[1: com.dotcms.contenttype.test.ContentResourceTest$TestCase@6c6b58a6]" classname="com.dotcms.contenttype.test.ContentResourceTest" time="2.564"/>
  <testcase name="test_getContent_shouldReturnRelationships[2: com.dotcms.contenttype.test.ContentResourceTest$TestCase@44f462f]" classname="com.dotcms.contenttype.test.ContentResourceTest" time="2.7"/>
  <testcase name="test_getContent_shouldReturnRelationships[3: com.dotcms.contenttype.test.ContentResourceTest$TestCase@2f6a998b]" classname="com.dotcms.contenttype.test.ContentResourceTest" time="2.858"/>
  <testcase name="test_getContent_shouldReturnRelationships[4: com.dotcms.contenttype.test.ContentResourceTest$TestCase@247a6304]" classname="com.dotcms.contenttype.test.ContentResourceTest" time="2.668"/>
  <testcase name="test_getContent_shouldReturnRelationships[5: com.dotcms.contenttype.test.ContentResourceTest$TestCase@1262a145]" classname="com.dotcms.contenttype.test.ContentResourceTest" time="2.56"/>
  <testcase name="test_getContent_shouldReturnRelationships[6: com.dotcms.contenttype.test.ContentResourceTest$TestCase@6ce2f318]" classname="com.dotcms.contenttype.test.ContentResourceTest" time="2.725"/>
  <testcase name="test_getContent_shouldReturnRelationships[7: com.dotcms.contenttype.test.ContentResourceTest$TestCase@173f99ce]" classname="com.dotcms.contenttype.test.ContentResourceTest" time="2.696"/>
  <testcase name="test_getContent_shouldReturnRelationships[8: com.dotcms.contenttype.test.ContentResourceTest$TestCase@60aaba6e]" classname="com.dotcms.contenttype.test.ContentResourceTest" time="2.887"/>
  <testcase name="test_getContent_shouldReturnRelationships[9: com.dotcms.contenttype.test.ContentResourceTest$TestCase@674547b7]" classname="com.dotcms.contenttype.test.ContentResourceTest" time="3.018"/>
  <testcase name="test_getContent_shouldReturnRelationships[10: com.dotcms.contenttype.test.ContentResourceTest$TestCase@1c440274]" classname="com.dotcms.contenttype.test.ContentResourceTest" time="2.488"/>
  <testcase name="test_getContent_shouldReturnRelationships[11: com.dotcms.contenttype.test.ContentResourceTest$TestCase@775e19db]" classname="com.dotcms.contenttype.test.ContentResourceTest" time="2.488"/>
  <testcase name="test_getContent_shouldReturnRelationships[12: com.dotcms.contenttype.test.ContentResourceTest$TestCase@4292b494]" classname="com.dotcms.contenttype.test.ContentResourceTest" time="2.508"/>
  <testcase name="test_getContent_shouldReturnRelationships[13: com.dotcms.contenttype.test.ContentResourceTest$TestCase@fa73b8e]" classname="com.dotcms.contenttype.test.ContentResourceTest" time="2.607"/>
  <testcase name="test_getContent_shouldReturnRelationships[14: com.dotcms.contenttype.test.ContentResourceTest$TestCase@33cccfac]" classname="com.dotcms.contenttype.test.ContentResourceTest" time="2.636"/>
  <testcase name="test_getContent_shouldReturnRelationships[15: com.dotcms.contenttype.test.ContentResourceTest$TestCase@345b98cf]" classname="com.dotcms.contenttype.test.ContentResourceTest" time="3.592"/>
  <testcase name="test_getContent_shouldReturnRelationships[16: com.dotcms.contenttype.test.ContentResourceTest$TestCase@63babcc4]" classname="com.dotcms.contenttype.test.ContentResourceTest" time="3.648"/>
  <testcase name="test_getContent_shouldReturnRelationships[17: com.dotcms.contenttype.test.ContentResourceTest$TestCase@55f79076]" classname="com.dotcms.contenttype.test.ContentResourceTest" time="2.793"/>
  <testcase name="test_getContent_shouldReturnRelationships[18: com.dotcms.contenttype.test.ContentResourceTest$TestCase@1394cb]" classname="com.dotcms.contenttype.test.ContentResourceTest" time="2.9"/>
  <testcase name="test_getContent_shouldReturnRelationships[19: com.dotcms.contenttype.test.ContentResourceTest$TestCase@6866f9e6]" classname="com.dotcms.contenttype.test.ContentResourceTest" time="1.767"/>
  <testcase name="test_getContent_shouldReturnRelationships[20: com.dotcms.contenttype.test.ContentResourceTest$TestCase@5e0c34b2]" classname="com.dotcms.contenttype.test.ContentResourceTest" time="2.994"/>
  <testcase name="test_getContent_shouldReturnRelationships[21: com.dotcms.contenttype.test.ContentResourceTest$TestCase@37116b25]" classname="com.dotcms.contenttype.test.ContentResourceTest" time="2.934"/>
  <testcase name="test_getContent_shouldReturnRelationships[22: com.dotcms.contenttype.test.ContentResourceTest$TestCase@2bb814c0]" classname="com.dotcms.contenttype.test.ContentResourceTest" time="2.75"/>
  <testcase name="test_getContent_shouldReturnRelationships[23: com.dotcms.contenttype.test.ContentResourceTest$TestCase@744e7198]" classname="com.dotcms.contenttype.test.ContentResourceTest" time="2.754"/>
  <testcase name="test_getContent_shouldReturnRelationships[24: com.dotcms.contenttype.test.ContentResourceTest$TestCase@4bd87207]" classname="com.dotcms.contenttype.test.ContentResourceTest" time="2.696"/>
  <testcase name="test_getContent_shouldReturnRelationships[25: com.dotcms.contenttype.test.ContentResourceTest$TestCase@772c701a]" classname="com.dotcms.contenttype.test.ContentResourceTest" time="1.851"/>
  <testcase name="test_getContent_shouldReturnRelationships[26: com.dotcms.contenttype.test.ContentResourceTest$TestCase@1cd9642b]" classname="com.dotcms.contenttype.test.ContentResourceTest" time="2.053"/>
  <testcase name="test_getContent_shouldReturnRelationships[27: com.dotcms.contenttype.test.ContentResourceTest$TestCase@1b1c1499]" classname="com.dotcms.contenttype.test.ContentResourceTest" time="2.734"/>
  <testcase name="test_getContent_shouldReturnRelationships[28: com.dotcms.contenttype.test.ContentResourceTest$TestCase@13dc15b7]" classname="com.dotcms.contenttype.test.ContentResourceTest" time="2.559"/>
  <testcase name="test_getContent_shouldReturnRelationships[29: com.dotcms.contenttype.test.ContentResourceTest$TestCase@7e40b76]" classname="com.dotcms.contenttype.test.ContentResourceTest" time="2.715"/>
  <testcase name="test_getContent_shouldReturnRelationships[30: com.dotcms.contenttype.test.ContentResourceTest$TestCase@50cbcf9d]" classname="com.dotcms.contenttype.test.ContentResourceTest" time="2.599"/>
  <testcase name="test_getContent_shouldReturnRelationships[31: com.dotcms.contenttype.test.ContentResourceTest$TestCase@2b88b1c1]" classname="com.dotcms.contenttype.test.ContentResourceTest" time="2.618"/>
  <testcase name="test_getContent_shouldReturnRelationships[32: com.dotcms.contenttype.test.ContentResourceTest$TestCase@588a68aa]" classname="com.dotcms.contenttype.test.ContentResourceTest" time="3.681"/>
  <testcase name="test_getContent_shouldReturnRelationships[33: com.dotcms.contenttype.test.ContentResourceTest$TestCase@7f126776]" classname="com.dotcms.contenttype.test.ContentResourceTest" time="3.555"/>
  <testcase name="testSinglePOST_InvalidParamsShouldReturn400[0: ({\n    &quot;stInode&quot; : &quot;InvalidValue&quot;,\n    &quot;numeric&quot; : &quot;0&quot;,\n    &quot;image&quot; : &quot;whatever&quot;\n}, Bad Request)]" classname="com.dotcms.contenttype.test.ContentResourceTest" time="0.875"/>
  <testcase name="testSinglePOST_InvalidParamsShouldReturn400[1: ({\n    &quot;numeric&quot; : &quot;0&quot;,\n    &quot;image&quot; : &quot;whatever&quot;\n}, Bad Request)]" classname="com.dotcms.contenttype.test.ContentResourceTest" time="0.861"/>
  <testcase name="Test_Save_Action_Set_Null_To_Required_NumericField_Issue_15340" classname="com.dotcms.contenttype.test.ContentResourceTest" time="0.879"/>
  <testcase name="Test_Save_Action_Remove_Image_Then_Verify_Fields_Were_Cleared_Issue_15340" classname="com.dotcms.contenttype.test.ContentResourceTest" time="3.738"/>
  <testcase name="test_getContentWithMultipleSelfRelated_shouldReturnRelationships[0: com.dotcms.contenttype.test.ContentResourceTest$PullSelfRelatedTestCase@1f435973]" classname="com.dotcms.contenttype.test.ContentResourceTest" time="1.531"/>
  <testcase name="test_getContentWithMultipleSelfRelated_shouldReturnRelationships[1: com.dotcms.contenttype.test.ContentResourceTest$PullSelfRelatedTestCase@1487bd09]" classname="com.dotcms.contenttype.test.ContentResourceTest" time="1.582"/>
  <testcase name="testGetContentWithAllCategoriesInfo[0: json]" classname="com.dotcms.contenttype.test.ContentResourceTest" time="2.391"/>
  <testcase name="testGetContentWithAllCategoriesInfo[1: xml]" classname="com.dotcms.contenttype.test.ContentResourceTest" time="2.397"/>
  <system-out><![CDATA[











]]></system-out>
  <system-err><![CDATA[]]></system-err>
</testsuite>
