<?xml version="1.0" encoding="UTF-8"?>
<testsuite name="com.dotmarketing.startup.runonce.Task220330ChangeVanityURLSiteFieldTypeTest" tests="2" skipped="0" failures="0" errors="0" timestamp="2023-06-26T21:41:26" hostname="fv-az1241-672" time="3.774">
  <properties/>
  <testcase name="test_upgradeTask_success" classname="com.dotmarketing.startup.runonce.Task220330ChangeVanityURLSiteFieldTypeTest" time="3.764"/>
  <testcase name="runTUTwice" classname="com.dotmarketing.startup.runonce.Task220330ChangeVanityURLSiteFieldTypeTest" time="0.01"/>
  <system-out><![CDATA[]]></system-out>
  <system-err><![CDATA[]]></system-err>
</testsuite>
