<?xml version="1.0" encoding="UTF-8"?>
<testsuite name="com.dotcms.auth.providers.saml.v1.SAMLHelperTest" tests="9" skipped="0" failures="0" errors="0" timestamp="2023-06-30T19:30:59" hostname="fv-az612-580" time="6.526">
  <properties/>
  <testcase name="test_getRoleKeySubstitution_processReplacement_doing_null_substitution" classname="com.dotcms.auth.providers.saml.v1.SAMLHelperTest" time="0.003"/>
  <testcase name="test_createNewUser_non_Attrs" classname="com.dotcms.auth.providers.saml.v1.SAMLHelperTest" time="0.812"/>
  <testcase name="testLoginUser" classname="com.dotcms.auth.providers.saml.v1.SAMLHelperTest" time="0.816"/>
  <testcase name="test_hash_user_id" classname="com.dotcms.auth.providers.saml.v1.SAMLHelperTest" time="0.005"/>
  <testcase name="testResolveUser_byEmailAddress" classname="com.dotcms.auth.providers.saml.v1.SAMLHelperTest" time="0.845"/>
  <testcase name="testResolveUserEmailRepeated" classname="com.dotcms.auth.providers.saml.v1.SAMLHelperTest" time="1.618"/>
  <testcase name="test_getRoleKeySubstitution_processReplacement_doing_substitution" classname="com.dotcms.auth.providers.saml.v1.SAMLHelperTest" time="0.002"/>
  <testcase name="testResolveUser" classname="com.dotcms.auth.providers.saml.v1.SAMLHelperTest" time="1.624"/>
  <testcase name="test_createNewUser_known_Attrs" classname="com.dotcms.auth.providers.saml.v1.SAMLHelperTest" time="0.8"/>
  <system-out><![CDATA[]]></system-out>
  <system-err><![CDATA[]]></system-err>
</testsuite>
