<?xml version="1.0" encoding="UTF-8"?>
<testsuite name="com.dotcms.rest.elasticsearch.ESContentResourcePortletTest" tests="8" skipped="0" failures="0" errors="0" timestamp="2023-06-30T19:13:33" hostname="fv-az1231-758" time="8.108">
  <properties/>
  <testcase name="test_search_includeGrandChildCategory_success" classname="com.dotcms.rest.elasticsearch.ESContentResourcePortletTest" time="1.561"/>
  <testcase name="testSearch[0: com.dotcms.rest.elasticsearch.ESContentResourcePortletTest$TestCase@3daa7cc1]" classname="com.dotcms.rest.elasticsearch.ESContentResourcePortletTest" time="1.022"/>
  <testcase name="testSearch[1: com.dotcms.rest.elasticsearch.ESContentResourcePortletTest$TestCase@6f5c6f3f]" classname="com.dotcms.rest.elasticsearch.ESContentResourcePortletTest" time="0.379"/>
  <testcase name="testSearch[2: com.dotcms.rest.elasticsearch.ESContentResourcePortletTest$TestCase@6bad82bb]" classname="com.dotcms.rest.elasticsearch.ESContentResourcePortletTest" time="1.248"/>
  <testcase name="testSearch[3: com.dotcms.rest.elasticsearch.ESContentResourcePortletTest$TestCase@7cd01ffe]" classname="com.dotcms.rest.elasticsearch.ESContentResourcePortletTest" time="0.386"/>
  <testcase name="testSearch[4: com.dotcms.rest.elasticsearch.ESContentResourcePortletTest$TestCase@12f238d1]" classname="com.dotcms.rest.elasticsearch.ESContentResourcePortletTest" time="1.395"/>
  <testcase name="testSearch[5: com.dotcms.rest.elasticsearch.ESContentResourcePortletTest$TestCase@1edb9827]" classname="com.dotcms.rest.elasticsearch.ESContentResourcePortletTest" time="1.101"/>
  <testcase name="testSearch[6: com.dotcms.rest.elasticsearch.ESContentResourcePortletTest$TestCase@19e4691d]" classname="com.dotcms.rest.elasticsearch.ESContentResourcePortletTest" time="1.012"/>
  <system-out><![CDATA[]]></system-out>
  <system-err><![CDATA[]]></system-err>
</testsuite>
