<?xml version="1.0" encoding="UTF-8"?>
<testsuite name="com.dotmarketing.startup.runonce.Task211103RenameHostNameLabelTest" tests="1" skipped="0" failures="0" errors="0" timestamp="2023-07-18T00:54:37" hostname="fv-az162-832" time="0.019">
  <properties/>
  <testcase name="testUpgradeTask" classname="com.dotmarketing.startup.runonce.Task211103RenameHostNameLabelTest" time="0.019"/>
  <system-out><![CDATA[]]></system-out>
  <system-err><![CDATA[]]></system-err>
</testsuite>
