<?xml version="1.0" encoding="UTF-8"?>
<testsuite name="com.dotmarketing.business.DeterministicIdentifierAPITest" tests="16" skipped="0" failures="0" errors="0" timestamp="2023-06-28T01:22:57" hostname="fv-az614-690" time="0.71">
  <properties/>
  <testcase name="Test_Category_Path_Seed_And_Id" classname="com.dotmarketing.business.DeterministicIdentifierAPITest" time="0.025"/>
  <testcase name="Test_Language_Deterministic_Id[0: LanguageTestCase{expectedSeed='Language:es:US', expectedHash=4913155, langCode='es', countryCode='US', country='United States'}]" classname="com.dotmarketing.business.DeterministicIdentifierAPITest" time="0.001"/>
  <testcase name="Test_Language_Deterministic_Id[1: LanguageTestCase{expectedSeed='Language:ep:', expectedHash=5292269, langCode='ep', countryCode='', country=''}]" classname="com.dotmarketing.business.DeterministicIdentifierAPITest" time="0.001"/>
  <testcase name="Test_Language_Deterministic_Id[2: LanguageTestCase{expectedSeed='Language:sg:SAG', expectedHash=4713118, langCode='sg', countryCode='SAG', country=''}]" classname="com.dotmarketing.business.DeterministicIdentifierAPITest" time="0.001"/>
  <testcase name="Test_Language_Deterministic_Id[3: LanguageTestCase{expectedSeed='Language:en:NZ', expectedHash=5382528, langCode='en', countryCode='NZ', country='New Zealand'}]" classname="com.dotmarketing.business.DeterministicIdentifierAPITest" time="0.001"/>
  <testcase name="Test_Category_None_Persisted_Category_Should_Return_Deterministic_Id" classname="com.dotmarketing.business.DeterministicIdentifierAPITest" time="0.002"/>
  <testcase name="Test_Asset_Generate_Deterministic_Id_Best_Effort[0: TestCase{versionable=my.host1687914997853.com, parent=System Host, expectedName='my.host1687914997853.com', expectedType='Host'}]" classname="com.dotmarketing.business.DeterministicIdentifierAPITest" time="0.004"/>
  <testcase name="Test_Asset_Generate_Deterministic_Id_Best_Effort[1: TestCase{versionable=com.dotmarketing.portlets.contentlet.model.Contentlet@5dba4e32[map={modDate=2023-06-28 01:16:38.568, fileName=file15928424669857657082.txt, title=file15928424669857657082.txt, inode=2e2188c4-f70f-4235-aaa5-b0407b5a4af2, __IS_NEW_CONTENT__=true, disabledWYSIWYG=[], host=cd123aa4-df43-44a8-a342-5e52caaf5503, stInode=33888b6f-7a8e-4069-b1b6-5c1aa9d0a48d, owner=system, identifier=4f396ead-cb71-48fd-8f4d-76572dab92c7, nullProperties=[wfExpireDate, wfPublishDate, wfActionAssign, wfActionId, wfActionComments, filterKey, whereToSend, wfNeverExpire, _path_to_move, timezoneId, iWantTo, wfPublishTime, wfExpireTime], languageId=1, fileAsset=/home/runner/work/core/custom/assets/2/e/2e2188c4-f70f-4235-aaa5-b0407b5a4af2/fileAsset/file15928424669857657082.txt, folder=82a4b8b5-d532-4575-ad9e-3ffa668ae8e0, __disable_workflow__=true, sortOrder=0, modUser=system},lowIndexPriority=false,variantId=DEFAULT], parent=com.dotmarketing.portlets.folders.model.Folder@70e2855e[identifier=82a4b8b5-d532-4575-ad9e-3ffa668ae8e0,name=testName1687914998562,sortOrder=0,showOnMenu=false,hostId=cd123aa4-df43-44a8-a342-5e52caaf5503,type=folder,title=testTitle1687914998562,filesMasks=,defaultFileType=33888b6f-7a8e-4069-b1b6-5c1aa9d0a48d,modDate=2023-06-28 01:16:38.565,owner=&lt;null&gt;,iDate=2023-06-28 01:16:38.565,inode=82a4b8b5-d532-4575-ad9e-3ffa668ae8e0,path=/testName1687914998562/], expectedName='file15928424669857657082.txt', expectedType='FileAsset'}]" classname="com.dotmarketing.business.DeterministicIdentifierAPITest" time="0.004"/>
  <testcase name="Test_Asset_Generate_Deterministic_Id_Best_Effort[2: TestCase{versionable=com.dotmarketing.portlets.templates.model.Template@a9b717b0, parent=my.host1687914997853.com, expectedName='testTitle1687914998649', expectedType='Template'}]" classname="com.dotmarketing.business.DeterministicIdentifierAPITest" time="0.003"/>
  <testcase name="Test_Asset_Generate_Deterministic_Id_Best_Effort[3: TestCase{versionable=com.dotmarketing.portlets.htmlpageasset.model.HTMLPageAsset@17c853e4[map={template=f0c33a05-8cd4-479c-b9b9-fe2b2cdb70af, owner=system, identifier=61881472-a667-4e89-8f2d-41d49026105d, nullProperties=[wfExpireDate, wfPublishDate, wfActionAssign, wfActionId, wfActionComments, filterKey, whereToSend, wfNeverExpire, _path_to_move, timezoneId, iWantTo, wfPublishTime, wfExpireTime], modDate=2023-06-28 01:16:38.664, cachettl=0, _is_test_mode=true, languageId=1, title=test-page-title-1687914998658, httpsreq=, url=test-page-url-1687914998658, showOnMenu=, inode=89cc1723-01ee-4d04-8419-f9e1f1ace8ca, folder=82a4b8b5-d532-4575-ad9e-3ffa668ae8e0, disabledWYSIWYG=[], sortOrder=1, modUser=system, host=cd123aa4-df43-44a8-a342-5e52caaf5503, stInode=c541abb1-69b3-4bc5-8430-5e09e5239cc8, friendlyName=test-page-friendly-name-1687914998658},lowIndexPriority=false,variantId=DEFAULT], parent=com.dotmarketing.portlets.folders.model.Folder@70e2855e[identifier=82a4b8b5-d532-4575-ad9e-3ffa668ae8e0,name=testName1687914998562,sortOrder=0,showOnMenu=false,hostId=cd123aa4-df43-44a8-a342-5e52caaf5503,type=folder,title=testTitle1687914998562,filesMasks=,defaultFileType=33888b6f-7a8e-4069-b1b6-5c1aa9d0a48d,modDate=2023-06-28 01:16:38.565,owner=&lt;null&gt;,iDate=2023-06-28 01:16:38.565,inode=82a4b8b5-d532-4575-ad9e-3ffa668ae8e0,path=/testName1687914998562/], expectedName='test-page-url-1687914998658', expectedType='htmlpageasset'}]" classname="com.dotmarketing.business.DeterministicIdentifierAPITest" time="0.003"/>
  <testcase name="Test_Asset_Generate_Deterministic_Id_Best_Effort[4: TestCase{versionable=com.dotmarketing.portlets.contentlet.model.Contentlet@2dc62375[map={fileAsset2=/home/runner/work/core/custom/assets/a/1/a1239980-0b78-460a-b289-ef40b31fdcfd/fileAsset2/test_binary1687914999582.png, modDate=2023-06-28 01:16:39.587, fileAsset1=/home/runner/work/core/custom/assets/a/1/a1239980-0b78-460a-b289-ef40b31fdcfd/fileAsset1/test_binary1687914999582.jpg, title=blah, inode=a1239980-0b78-460a-b289-ef40b31fdcfd, __IS_NEW_CONTENT__=true, disabledWYSIWYG=[], host=48190c8c-42c4-46af-8d1a-0cd5db894797, stInode=941211ff-c588-4afc-987f-8d88a602665d, owner=system, identifier=771d9aed-a3fd-4c46-92ef-3b86b1bd3286, nullProperties=[], languageId=1, image1=39aa466e-8c8a-43fc-9ec8-dd5efc7bef94, folder=SYSTEM_FOLDER, __disable_workflow__=true, sortOrder=0, modUser=system},lowIndexPriority=false,variantId=DEFAULT], parent=demo.dotcms.com, expectedName='test_binary1687914999582.jpg:test_binary1687914999582.png', expectedType='MultipleBinaries1687914998796'}]" classname="com.dotmarketing.business.DeterministicIdentifierAPITest" time="0.003"/>
  <testcase name="Test_Asset_Generate_Deterministic_Id_Best_Effort[5: TestCase{versionable=name415673eba9 : keyTag415673eba9, parent=my.host1687914997853.com, expectedName='keyTag415673eba9', expectedType='persona'}]" classname="com.dotmarketing.business.DeterministicIdentifierAPITest" time="0.003"/>
  <testcase name="Test_Similar_Content_Type_Wont_Clash" classname="com.dotmarketing.business.DeterministicIdentifierAPITest" time="0.414"/>
  <testcase name="Test_Generate_Folder_Identifier" classname="com.dotmarketing.business.DeterministicIdentifierAPITest" time="0.235"/>
  <testcase name="Test_Generate_Content_Type_Identifier[0: ContentTypeTestCase{contentType=KeyValueContentType{name=Language Variable, id=f4d7c1b8-2c88-4071-abf1-a5328977b07d, description=Default Content Type for Language Variables, defaultType=false, fixed=true, iDate=Thu Aug 31 16:38:49 UTC 2017, system=true, versionable=true, variable=Languagevariable, modDate=Wed Jun 28 00:14:10 UTC 2023, host=SYSTEM_HOST, siteName=systemHost, icon=language, sortOrder=0, folder=SYSTEM_FOLDER, folderPath=/, markedForDeletion=true, multilingualable=false}, expectedName='Languagevariable', expectedType='KeyValue'}]" classname="com.dotmarketing.business.DeterministicIdentifierAPITest" time="0.004"/>
  <testcase name="Test_Generate_Content_Type_Identifier[1: ContentTypeTestCase{contentType=SimpleContentType{name=testName1687915000100, id=2fbd9f2b-2702-474b-a0b3-e03357506fb9, description=testDescription1687915000100, defaultType=false, fixed=false, iDate=Wed Jun 28 01:16:40 UTC 2023, system=false, versionable=true, multilingualable=false, variable=testVarname1687915000100, owner=system, modDate=Wed Jun 28 01:16:40 UTC 2023, host=48190c8c-42c4-46af-8d1a-0cd5db894797, siteName=demo.dotcms.com, icon=event_note, sortOrder=0, folder=SYSTEM_FOLDER, folderPath=/, requiredFields=[], markedForDeletion=false}, expectedName='testVarname1687915000100', expectedType='CONTENT'}]" classname="com.dotmarketing.business.DeterministicIdentifierAPITest" time="0.004"/>
  <system-out><![CDATA[]]></system-out>
  <system-err><![CDATA[]]></system-err>
</testsuite>
