<?xml version="1.0" encoding="UTF-8"?>
<testsuite name="com.dotcms.languagevariable.business.LanguageVariableAPITest" tests="6" skipped="0" failures="0" errors="0" timestamp="2023-07-18T20:59:08" hostname="fv-az749-132" time="9.574">
  <properties/>
  <testcase name="saveLanguageVariableContent" classname="com.dotcms.languagevariable.business.LanguageVariableAPITest" time="1.75"/>
  <testcase name="getLanguageVariableUsingFallbackLanguage" classname="com.dotcms.languagevariable.business.LanguageVariableAPITest" time="1.329"/>
  <testcase name="getLanguageVariableUsingDefaultContentToDefaultLanguage" classname="com.dotcms.languagevariable.business.LanguageVariableAPITest" time="1.336"/>
  <testcase name="getLanguageVariableWorkingVersion" classname="com.dotcms.languagevariable.business.LanguageVariableAPITest" time="2.575"/>
  <testcase name="getLanguageVariableLiveVersion" classname="com.dotcms.languagevariable.business.LanguageVariableAPITest" time="1.23"/>
  <testcase name="getLanguageVariable" classname="com.dotcms.languagevariable.business.LanguageVariableAPITest" time="1.353"/>
  <system-out><![CDATA[]]></system-out>
  <system-err><![CDATA[]]></system-err>
</testsuite>
