<?xml version="1.0" encoding="UTF-8"?>
<testsuite name="com.dotcms.ema.EMAWebInterceptorTest" tests="5" skipped="0" failures="0" errors="0" timestamp="2023-06-30T21:21:44" hostname="fv-az248-258" time="4.593">
  <properties/>
  <testcase name="test_EMAInterceptor_intercept_SecretExistAtHost_ReturnResult_Json" classname="com.dotcms.ema.EMAWebInterceptorTest" time="0.48"/>
  <testcase name="test_EMAInterceptor_intercept_SecretExistAtHost_ReturnResult" classname="com.dotcms.ema.EMAWebInterceptorTest" time="1.037"/>
  <testcase name="test_EMAInterceptor_intercept_SecretExistAtHost_ReturnResult_Query_String" classname="com.dotcms.ema.EMAWebInterceptorTest" time="1.027"/>
  <testcase name="test_EMAInterceptor_intercept_SecretNotExist_ReturnNext" classname="com.dotcms.ema.EMAWebInterceptorTest" time="0.988"/>
  <testcase name="test_EMAInterceptor_intercept_SecretExistAtSystemHost_ReturnResult" classname="com.dotcms.ema.EMAWebInterceptorTest" time="1.061"/>
  <system-out><![CDATA[]]></system-out>
  <system-err><![CDATA[]]></system-err>
</testsuite>
