<?xml version="1.0" encoding="UTF-8"?>
<testsuite name="com.dotmarketing.fixTasks.FixTask00085FixEmptyParentPathOnIdentifierTest" tests="1" skipped="0" failures="0" errors="0" timestamp="2023-07-18T17:13:29" hostname="fv-az370-360" time="0.096">
  <properties/>
  <testcase name="testExecuteFix" classname="com.dotmarketing.fixTasks.FixTask00085FixEmptyParentPathOnIdentifierTest" time="0.096"/>
  <system-out><![CDATA[]]></system-out>
  <system-err><![CDATA[]]></system-err>
</testsuite>
