<?xml version="1.0" encoding="UTF-8"?>
<testsuite name="com.dotcms.rest.elasticsearch.ESContentResourcePortletTest" tests="8" skipped="0" failures="0" errors="0" timestamp="2023-07-11T01:05:00" hostname="fv-az336-51" time="9.618">
  <properties/>
  <testcase name="test_search_includeGrandChildCategory_success" classname="com.dotcms.rest.elasticsearch.ESContentResourcePortletTest" time="1.779"/>
  <testcase name="testSearch[0: com.dotcms.rest.elasticsearch.ESContentResourcePortletTest$TestCase@4c055fc]" classname="com.dotcms.rest.elasticsearch.ESContentResourcePortletTest" time="1.117"/>
  <testcase name="testSearch[1: com.dotcms.rest.elasticsearch.ESContentResourcePortletTest$TestCase@cee2526]" classname="com.dotcms.rest.elasticsearch.ESContentResourcePortletTest" time="1.441"/>
  <testcase name="testSearch[2: com.dotcms.rest.elasticsearch.ESContentResourcePortletTest$TestCase@6c9a6977]" classname="com.dotcms.rest.elasticsearch.ESContentResourcePortletTest" time="1.122"/>
  <testcase name="testSearch[3: com.dotcms.rest.elasticsearch.ESContentResourcePortletTest$TestCase@194dcf3f]" classname="com.dotcms.rest.elasticsearch.ESContentResourcePortletTest" time="1.42"/>
  <testcase name="testSearch[4: com.dotcms.rest.elasticsearch.ESContentResourcePortletTest$TestCase@1f24065f]" classname="com.dotcms.rest.elasticsearch.ESContentResourcePortletTest" time="0.388"/>
  <testcase name="testSearch[5: com.dotcms.rest.elasticsearch.ESContentResourcePortletTest$TestCase@629ec788]" classname="com.dotcms.rest.elasticsearch.ESContentResourcePortletTest" time="1.21"/>
  <testcase name="testSearch[6: com.dotcms.rest.elasticsearch.ESContentResourcePortletTest$TestCase@5df0db7d]" classname="com.dotcms.rest.elasticsearch.ESContentResourcePortletTest" time="1.139"/>
  <system-out><![CDATA[]]></system-out>
  <system-err><![CDATA[]]></system-err>
</testsuite>
