<?xml version="1.0" encoding="UTF-8"?>
<testsuite name="com.dotcms.visitor.filter.characteristics.VisitorCharacterTest" tests="7" skipped="0" failures="0" errors="0" timestamp="2023-06-23T17:31:51" hostname="fv-az592-477" time="0.073">
  <properties/>
  <testcase name="testConstructor[0: com.dotcms.visitor.filter.characteristics.VisitorCharacterTest$TestCase@74cbbad3]" classname="com.dotcms.visitor.filter.characteristics.VisitorCharacterTest" time="0.03"/>
  <testcase name="testConstructor[1: com.dotcms.visitor.filter.characteristics.VisitorCharacterTest$TestCase@7b7b5183]" classname="com.dotcms.visitor.filter.characteristics.VisitorCharacterTest" time="0.011"/>
  <testcase name="testConstructor[2: com.dotcms.visitor.filter.characteristics.VisitorCharacterTest$TestCase@d427169]" classname="com.dotcms.visitor.filter.characteristics.VisitorCharacterTest" time="0.005"/>
  <testcase name="testConstructor[3: com.dotcms.visitor.filter.characteristics.VisitorCharacterTest$TestCase@49e7909c]" classname="com.dotcms.visitor.filter.characteristics.VisitorCharacterTest" time="0.011"/>
  <testcase name="testConstructor[4: com.dotcms.visitor.filter.characteristics.VisitorCharacterTest$TestCase@6053a651]" classname="com.dotcms.visitor.filter.characteristics.VisitorCharacterTest" time="0.004"/>
  <testcase name="testConstructor[5: com.dotcms.visitor.filter.characteristics.VisitorCharacterTest$TestCase@41850491]" classname="com.dotcms.visitor.filter.characteristics.VisitorCharacterTest" time="0.004"/>
  <testcase name="testConstructor[6: com.dotcms.visitor.filter.characteristics.VisitorCharacterTest$TestCase@5fd2ecf1]" classname="com.dotcms.visitor.filter.characteristics.VisitorCharacterTest" time="0.007"/>
  <system-out><![CDATA[]]></system-out>
  <system-err><![CDATA[]]></system-err>
</testsuite>
