<?xml version="1.0" encoding="UTF-8"?>
<testsuite name="com.dotmarketing.business.DeterministicIdentifierAPITest" tests="16" skipped="0" failures="0" errors="0" timestamp="2023-07-19T02:00:04" hostname="fv-az585-374" time="1.181">
  <properties/>
  <testcase name="Test_Category_Path_Seed_And_Id" classname="com.dotmarketing.business.DeterministicIdentifierAPITest" time="0.019"/>
  <testcase name="Test_Language_Deterministic_Id[0: LanguageTestCase{expectedSeed='Language:es:US', expectedHash=4913155, langCode='es', countryCode='US', country='United States'}]" classname="com.dotmarketing.business.DeterministicIdentifierAPITest" time="0.0"/>
  <testcase name="Test_Language_Deterministic_Id[1: LanguageTestCase{expectedSeed='Language:ep:', expectedHash=5292269, langCode='ep', countryCode='', country=''}]" classname="com.dotmarketing.business.DeterministicIdentifierAPITest" time="0.001"/>
  <testcase name="Test_Language_Deterministic_Id[2: LanguageTestCase{expectedSeed='Language:sg:SAG', expectedHash=4713118, langCode='sg', countryCode='SAG', country=''}]" classname="com.dotmarketing.business.DeterministicIdentifierAPITest" time="0.001"/>
  <testcase name="Test_Language_Deterministic_Id[3: LanguageTestCase{expectedSeed='Language:en:NZ', expectedHash=5382528, langCode='en', countryCode='NZ', country='New Zealand'}]" classname="com.dotmarketing.business.DeterministicIdentifierAPITest" time="0.001"/>
  <testcase name="Test_Category_None_Persisted_Category_Should_Return_Deterministic_Id" classname="com.dotmarketing.business.DeterministicIdentifierAPITest" time="0.001"/>
  <testcase name="Test_Asset_Generate_Deterministic_Id_Best_Effort[0: TestCase{versionable=my.host1689731624128.com, parent=System Host, expectedName='my.host1689731624128.com', expectedType='Host'}]" classname="com.dotmarketing.business.DeterministicIdentifierAPITest" time="0.003"/>
  <testcase name="Test_Asset_Generate_Deterministic_Id_Best_Effort[1: TestCase{versionable=com.dotmarketing.portlets.contentlet.model.Contentlet@d85b7a1[map={modDate=2023-07-19 01:53:44.819, fileName=file1790528060925405222.txt, title=file1790528060925405222.txt, inode=b62459fd-8068-4bee-8cb5-c96fdd3e106f, __IS_NEW_CONTENT__=true, disabledWYSIWYG=[], host=61802abb-bde2-4b77-ba84-9caedbe784d6, stInode=33888b6f-7a8e-4069-b1b6-5c1aa9d0a48d, owner=system, identifier=f21e4fad-9429-45d3-8dd1-87e762327ad1, nullProperties=[wfExpireDate, wfPublishDate, wfActionAssign, wfActionId, wfActionComments, filterKey, whereToSend, wfNeverExpire, _path_to_move, timezoneId, iWantTo, wfPublishTime, wfExpireTime], languageId=1, fileAsset=/home/runner/work/core/custom/assets/b/6/b62459fd-8068-4bee-8cb5-c96fdd3e106f/fileAsset/file1790528060925405222.txt, folder=0d1ba132-d4c4-4553-a102-0fc65b8ef486, __disable_workflow__=true, sortOrder=0, modUser=system},lowIndexPriority=false,variantId=DEFAULT], parent=com.dotmarketing.portlets.folders.model.Folder@658bc2e1[identifier=0d1ba132-d4c4-4553-a102-0fc65b8ef486,name=testName1689731624814,sortOrder=0,showOnMenu=false,hostId=61802abb-bde2-4b77-ba84-9caedbe784d6,type=folder,title=testTitle1689731624814,filesMasks=,defaultFileType=33888b6f-7a8e-4069-b1b6-5c1aa9d0a48d,modDate=2023-07-19 01:53:44.816,owner=&lt;null&gt;,iDate=2023-07-19 01:53:44.817,inode=0d1ba132-d4c4-4553-a102-0fc65b8ef486,path=/testName1689731624814/], expectedName='file1790528060925405222.txt', expectedType='FileAsset'}]" classname="com.dotmarketing.business.DeterministicIdentifierAPITest" time="0.003"/>
  <testcase name="Test_Asset_Generate_Deterministic_Id_Best_Effort[2: TestCase{versionable=com.dotmarketing.portlets.templates.model.Template@8cab95ff, parent=my.host1689731624128.com, expectedName='testTitle1689731624899', expectedType='Template'}]" classname="com.dotmarketing.business.DeterministicIdentifierAPITest" time="0.001"/>
  <testcase name="Test_Asset_Generate_Deterministic_Id_Best_Effort[3: TestCase{versionable=com.dotmarketing.portlets.htmlpageasset.model.HTMLPageAsset@7acff6ca[map={template=bc2c1a18-1533-423a-b9aa-6ffc3383d0da, owner=system, identifier=b89b7879-c65c-45c1-b277-6b6509603165, nullProperties=[wfExpireDate, wfPublishDate, wfActionAssign, wfActionId, wfActionComments, filterKey, whereToSend, wfNeverExpire, _path_to_move, timezoneId, iWantTo, wfPublishTime, wfExpireTime], modDate=2023-07-19 01:53:44.911, cachettl=0, _is_test_mode=true, languageId=1, title=test-page-title-1689731624908, httpsreq=, url=test-page-url-1689731624908, showOnMenu=, inode=0d0e3cad-c8b4-40ed-82c0-7bbd4f87c003, folder=0d1ba132-d4c4-4553-a102-0fc65b8ef486, disabledWYSIWYG=[], sortOrder=1, modUser=system, host=61802abb-bde2-4b77-ba84-9caedbe784d6, stInode=c541abb1-69b3-4bc5-8430-5e09e5239cc8, friendlyName=test-page-friendly-name-1689731624908},lowIndexPriority=false,variantId=DEFAULT], parent=com.dotmarketing.portlets.folders.model.Folder@658bc2e1[identifier=0d1ba132-d4c4-4553-a102-0fc65b8ef486,name=testName1689731624814,sortOrder=0,showOnMenu=false,hostId=61802abb-bde2-4b77-ba84-9caedbe784d6,type=folder,title=testTitle1689731624814,filesMasks=,defaultFileType=33888b6f-7a8e-4069-b1b6-5c1aa9d0a48d,modDate=2023-07-19 01:53:44.816,owner=&lt;null&gt;,iDate=2023-07-19 01:53:44.817,inode=0d1ba132-d4c4-4553-a102-0fc65b8ef486,path=/testName1689731624814/], expectedName='test-page-url-1689731624908', expectedType='htmlpageasset'}]" classname="com.dotmarketing.business.DeterministicIdentifierAPITest" time="0.002"/>
  <testcase name="Test_Asset_Generate_Deterministic_Id_Best_Effort[4: TestCase{versionable=com.dotmarketing.portlets.contentlet.model.Contentlet@1fed03a7[map={fileAsset2=/home/runner/work/core/custom/assets/4/3/43c5f218-7cc3-4565-bf5f-2c3c86cd6bab/fileAsset2/test_binary1689731625798.png, modDate=2023-07-19 01:53:45.802, fileAsset1=/home/runner/work/core/custom/assets/4/3/43c5f218-7cc3-4565-bf5f-2c3c86cd6bab/fileAsset1/test_binary1689731625798.jpg, title=blah, inode=43c5f218-7cc3-4565-bf5f-2c3c86cd6bab, __IS_NEW_CONTENT__=true, disabledWYSIWYG=[], host=48190c8c-42c4-46af-8d1a-0cd5db894797, stInode=51e9fcb0-47d4-4d5d-b82e-43ac4fdbfb56, owner=system, identifier=729b9cea-9b63-47b9-b023-938f6ff5c10d, nullProperties=[], languageId=1, image1=254649c9-1483-4cb3-a2c5-0edbcec14e77, folder=SYSTEM_FOLDER, __disable_workflow__=true, sortOrder=0, modUser=system},lowIndexPriority=false,variantId=DEFAULT], parent=demo.dotcms.com, expectedName='test_binary1689731625798.jpg:test_binary1689731625798.png', expectedType='MultipleBinaries1689731625105'}]" classname="com.dotmarketing.business.DeterministicIdentifierAPITest" time="0.002"/>
  <testcase name="Test_Asset_Generate_Deterministic_Id_Best_Effort[5: TestCase{versionable=named48e26616d : keyTagd48e26616d, parent=my.host1689731624128.com, expectedName='keyTagd48e26616d', expectedType='persona'}]" classname="com.dotmarketing.business.DeterministicIdentifierAPITest" time="0.002"/>
  <testcase name="Test_Similar_Content_Type_Wont_Clash" classname="com.dotmarketing.business.DeterministicIdentifierAPITest" time="0.378"/>
  <testcase name="Test_Generate_Folder_Identifier" classname="com.dotmarketing.business.DeterministicIdentifierAPITest" time="0.758"/>
  <testcase name="Test_Generate_Content_Type_Identifier[0: ContentTypeTestCase{contentType=KeyValueContentType{name=Language Variable, id=f4d7c1b8-2c88-4071-abf1-a5328977b07d, description=Default Content Type for Language Variables, defaultType=false, fixed=true, iDate=Thu Aug 31 16:38:49 UTC 2017, system=true, versionable=true, variable=Languagevariable, modDate=Wed Jul 19 00:51:45 UTC 2023, host=SYSTEM_HOST, siteName=systemHost, icon=language, sortOrder=0, folder=SYSTEM_FOLDER, folderPath=/, markedForDeletion=true, multilingualable=false}, expectedName='Languagevariable', expectedType='KeyValue'}]" classname="com.dotmarketing.business.DeterministicIdentifierAPITest" time="0.004"/>
  <testcase name="Test_Generate_Content_Type_Identifier[1: ContentTypeTestCase{contentType=SimpleContentType{name=testName1689731626207, id=4898658b-9cb9-4aee-bcf3-fc532184a870, description=testDescription1689731626207, defaultType=false, fixed=false, iDate=Wed Jul 19 01:53:46 UTC 2023, system=false, versionable=true, multilingualable=false, variable=testVarname1689731626207, owner=system, modDate=Wed Jul 19 01:53:46 UTC 2023, host=48190c8c-42c4-46af-8d1a-0cd5db894797, siteName=demo.dotcms.com, icon=event_note, sortOrder=0, folder=SYSTEM_FOLDER, folderPath=/, requiredFields=[], markedForDeletion=false}, expectedName='testVarname1689731626207', expectedType='CONTENT'}]" classname="com.dotmarketing.business.DeterministicIdentifierAPITest" time="0.004"/>
  <system-out><![CDATA[]]></system-out>
  <system-err><![CDATA[]]></system-err>
</testsuite>
