<?xml version="1.0" encoding="UTF-8"?>
<testsuite name="com.dotmarketing.portlets.workflows.actionlet.VelocityScriptActionletAbortTest" tests="2" skipped="0" failures="0" errors="0" timestamp="2023-07-17T21:55:40" hostname="fv-az561-617" time="0.012">
  <properties/>
  <testcase name="Test_Velocity_Script_Actionlet_Abort_Stopped" classname="com.dotmarketing.portlets.workflows.actionlet.VelocityScriptActionletAbortTest" time="0.009"/>
  <testcase name="Test_Velocity_Script_Actionlet_Abort_Non_Stopped" classname="com.dotmarketing.portlets.workflows.actionlet.VelocityScriptActionletAbortTest" time="0.002"/>
  <system-out><![CDATA[]]></system-out>
  <system-err><![CDATA[]]></system-err>
</testsuite>
