<?xml version="1.0" encoding="UTF-8"?>
<testsuite name="com.dotcms.contenttype.business.RelationshipFactoryImplTest" tests="9" skipped="0" failures="0" errors="0" timestamp="2023-07-13T16:23:40" hostname="fv-az216-569" time="4.861">
  <properties/>
  <testcase name="test_dbRelatedContentByParent" classname="com.dotcms.contenttype.business.RelationshipFactoryImplTest" time="1.45"/>
  <testcase name="testByContentType" classname="com.dotcms.contenttype.business.RelationshipFactoryImplTest" time="0.111"/>
  <testcase name="test_dbRelatedContentByChild" classname="com.dotcms.contenttype.business.RelationshipFactoryImplTest" time="1.512"/>
  <testcase name="testdbAll" classname="com.dotcms.contenttype.business.RelationshipFactoryImplTest" time="0.165"/>
  <testcase name="testDeleteByContentType" classname="com.dotcms.contenttype.business.RelationshipFactoryImplTest" time="0.12"/>
  <testcase name="testGetDBRelatedParentsMultilingualContent" classname="com.dotcms.contenttype.business.RelationshipFactoryImplTest" time="0.693"/>
  <testcase name="testByTypeValueCachesRelationship" classname="com.dotcms.contenttype.business.RelationshipFactoryImplTest" time="0.107"/>
  <testcase name="testGetDBRelatedChildrenMultilingualContent" classname="com.dotcms.contenttype.business.RelationshipFactoryImplTest" time="0.698"/>
  <testcase name="testByTypeValue_RelationshipsShouldBeSameRegardlessCase_SameRelationship" classname="com.dotcms.contenttype.business.RelationshipFactoryImplTest" time="0.004"/>
  <system-out><![CDATA[]]></system-out>
  <system-err><![CDATA[]]></system-err>
</testsuite>
