<?xml version="1.0" encoding="UTF-8"?>
<testsuite name="com.dotmarketing.business.DeterministicIdentifierAPITest" tests="16" skipped="0" failures="0" errors="0" timestamp="2023-07-13T19:21:47" hostname="fv-az590-649" time="1.566">
  <properties/>
  <testcase name="Test_Category_Path_Seed_And_Id" classname="com.dotmarketing.business.DeterministicIdentifierAPITest" time="0.04"/>
  <testcase name="Test_Language_Deterministic_Id[0: LanguageTestCase{expectedSeed='Language:es:US', expectedHash=4913155, langCode='es', countryCode='US', country='United States'}]" classname="com.dotmarketing.business.DeterministicIdentifierAPITest" time="0.001"/>
  <testcase name="Test_Language_Deterministic_Id[1: LanguageTestCase{expectedSeed='Language:ep:', expectedHash=5292269, langCode='ep', countryCode='', country=''}]" classname="com.dotmarketing.business.DeterministicIdentifierAPITest" time="0.001"/>
  <testcase name="Test_Language_Deterministic_Id[2: LanguageTestCase{expectedSeed='Language:sg:SAG', expectedHash=4713118, langCode='sg', countryCode='SAG', country=''}]" classname="com.dotmarketing.business.DeterministicIdentifierAPITest" time="0.001"/>
  <testcase name="Test_Language_Deterministic_Id[3: LanguageTestCase{expectedSeed='Language:en:NZ', expectedHash=5382528, langCode='en', countryCode='NZ', country='New Zealand'}]" classname="com.dotmarketing.business.DeterministicIdentifierAPITest" time="0.001"/>
  <testcase name="Test_Category_None_Persisted_Category_Should_Return_Deterministic_Id" classname="com.dotmarketing.business.DeterministicIdentifierAPITest" time="0.002"/>
  <testcase name="Test_Asset_Generate_Deterministic_Id_Best_Effort[0: TestCase{versionable=my.host1689275655111.com, parent=System Host, expectedName='my.host1689275655111.com', expectedType='Host'}]" classname="com.dotmarketing.business.DeterministicIdentifierAPITest" time="0.004"/>
  <testcase name="Test_Asset_Generate_Deterministic_Id_Best_Effort[1: TestCase{versionable=com.dotmarketing.portlets.contentlet.model.Contentlet@389f0d6c[map={modDate=2023-07-13 19:14:15.557, fileName=file17230125052812419669.txt, title=file17230125052812419669.txt, inode=043da9d6-5ac7-4c6f-af6c-00391894609d, __IS_NEW_CONTENT__=true, disabledWYSIWYG=[], host=669970d0-cfb1-43e9-85a9-51a364716809, stInode=33888b6f-7a8e-4069-b1b6-5c1aa9d0a48d, owner=system, identifier=ea206a4b-cc42-4825-ab14-a07934db9327, nullProperties=[wfExpireDate, wfPublishDate, wfActionAssign, wfActionId, wfActionComments, filterKey, whereToSend, wfNeverExpire, _path_to_move, timezoneId, iWantTo, wfPublishTime, wfExpireTime], languageId=1, fileAsset=/home/runner/work/core/custom/assets/0/4/043da9d6-5ac7-4c6f-af6c-00391894609d/fileAsset/file17230125052812419669.txt, folder=922abe18-0691-42be-953f-820ab1b9acb0, __disable_workflow__=true, sortOrder=0, modUser=system},lowIndexPriority=false,variantId=DEFAULT], parent=com.dotmarketing.portlets.folders.model.Folder@70106252[identifier=922abe18-0691-42be-953f-820ab1b9acb0,name=testName1689275655546,sortOrder=0,showOnMenu=false,hostId=669970d0-cfb1-43e9-85a9-51a364716809,type=folder,title=testTitle1689275655546,filesMasks=,defaultFileType=33888b6f-7a8e-4069-b1b6-5c1aa9d0a48d,modDate=2023-07-13 19:14:15.551,owner=&lt;null&gt;,iDate=2023-07-13 19:14:15.551,inode=922abe18-0691-42be-953f-820ab1b9acb0,path=/testName1689275655546/], expectedName='file17230125052812419669.txt', expectedType='FileAsset'}]" classname="com.dotmarketing.business.DeterministicIdentifierAPITest" time="0.005"/>
  <testcase name="Test_Asset_Generate_Deterministic_Id_Best_Effort[2: TestCase{versionable=com.dotmarketing.portlets.templates.model.Template@2a997cd8, parent=my.host1689275655111.com, expectedName='testTitle1689275655690', expectedType='Template'}]" classname="com.dotmarketing.business.DeterministicIdentifierAPITest" time="0.003"/>
  <testcase name="Test_Asset_Generate_Deterministic_Id_Best_Effort[3: TestCase{versionable=com.dotmarketing.portlets.htmlpageasset.model.HTMLPageAsset@98e77bd[map={template=25785eed-ffa5-42a8-b3bc-8f752a4bd56b, owner=system, identifier=638a27e1-ff58-4977-9fc1-42756ddd429f, nullProperties=[wfExpireDate, wfPublishDate, wfActionAssign, wfActionId, wfActionComments, filterKey, whereToSend, wfNeverExpire, _path_to_move, timezoneId, iWantTo, wfPublishTime, wfExpireTime], modDate=2023-07-13 19:14:15.714, cachettl=0, _is_test_mode=true, languageId=1, title=test-page-title-1689275655709, httpsreq=, url=test-page-url-1689275655709, showOnMenu=, inode=b62a6262-1866-45ae-8aab-01803738ed92, folder=922abe18-0691-42be-953f-820ab1b9acb0, disabledWYSIWYG=[], sortOrder=1, modUser=system, host=669970d0-cfb1-43e9-85a9-51a364716809, stInode=c541abb1-69b3-4bc5-8430-5e09e5239cc8, friendlyName=test-page-friendly-name-1689275655709},lowIndexPriority=false,variantId=DEFAULT], parent=com.dotmarketing.portlets.folders.model.Folder@70106252[identifier=922abe18-0691-42be-953f-820ab1b9acb0,name=testName1689275655546,sortOrder=0,showOnMenu=false,hostId=669970d0-cfb1-43e9-85a9-51a364716809,type=folder,title=testTitle1689275655546,filesMasks=,defaultFileType=33888b6f-7a8e-4069-b1b6-5c1aa9d0a48d,modDate=2023-07-13 19:14:15.551,owner=&lt;null&gt;,iDate=2023-07-13 19:14:15.551,inode=922abe18-0691-42be-953f-820ab1b9acb0,path=/testName1689275655546/], expectedName='test-page-url-1689275655709', expectedType='htmlpageasset'}]" classname="com.dotmarketing.business.DeterministicIdentifierAPITest" time="0.003"/>
  <testcase name="Test_Asset_Generate_Deterministic_Id_Best_Effort[4: TestCase{versionable=com.dotmarketing.portlets.contentlet.model.Contentlet@a94fbbe[map={fileAsset2=/home/runner/work/core/custom/assets/5/1/51db351e-f287-45e6-81c8-ae8e85dee4d8/fileAsset2/test_binary1689275657548.png, modDate=2023-07-13 19:14:17.554, fileAsset1=/home/runner/work/core/custom/assets/5/1/51db351e-f287-45e6-81c8-ae8e85dee4d8/fileAsset1/test_binary1689275657547.jpg, title=blah, inode=51db351e-f287-45e6-81c8-ae8e85dee4d8, __IS_NEW_CONTENT__=true, disabledWYSIWYG=[], host=48190c8c-42c4-46af-8d1a-0cd5db894797, stInode=2de74014-6a7c-4095-a48b-4db4fde04fc5, owner=system, identifier=acd0c6b7-9b8b-459f-a938-debc49c5f364, nullProperties=[], languageId=1, image1=ddf6ee28-98d6-413a-bd4c-8297f2d90fd1, folder=SYSTEM_FOLDER, __disable_workflow__=true, sortOrder=0, modUser=system},lowIndexPriority=false,variantId=DEFAULT], parent=demo.dotcms.com, expectedName='test_binary1689275657547.jpg:test_binary1689275657548.png', expectedType='MultipleBinaries1689275655924'}]" classname="com.dotmarketing.business.DeterministicIdentifierAPITest" time="0.009"/>
  <testcase name="Test_Asset_Generate_Deterministic_Id_Best_Effort[5: TestCase{versionable=name7c190ed50f : keyTag7c190ed50f, parent=my.host1689275655111.com, expectedName='keyTag7c190ed50f', expectedType='persona'}]" classname="com.dotmarketing.business.DeterministicIdentifierAPITest" time="0.004"/>
  <testcase name="Test_Similar_Content_Type_Wont_Clash" classname="com.dotmarketing.business.DeterministicIdentifierAPITest" time="0.642"/>
  <testcase name="Test_Generate_Folder_Identifier" classname="com.dotmarketing.business.DeterministicIdentifierAPITest" time="0.835"/>
  <testcase name="Test_Generate_Content_Type_Identifier[0: ContentTypeTestCase{contentType=KeyValueContentType{name=Language Variable, id=f4d7c1b8-2c88-4071-abf1-a5328977b07d, description=Default Content Type for Language Variables, defaultType=false, fixed=true, iDate=Thu Aug 31 16:38:49 UTC 2017, system=true, versionable=true, variable=Languagevariable, modDate=Thu Jul 13 17:43:25 UTC 2023, host=SYSTEM_HOST, siteName=systemHost, icon=language, sortOrder=0, folder=SYSTEM_FOLDER, folderPath=/, markedForDeletion=true, multilingualable=false}, expectedName='Languagevariable', expectedType='KeyValue'}]" classname="com.dotmarketing.business.DeterministicIdentifierAPITest" time="0.007"/>
  <testcase name="Test_Generate_Content_Type_Identifier[1: ContentTypeTestCase{contentType=SimpleContentType{name=testName1689275658131, id=441304e0-18d5-460e-8adb-3f7f95849c13, description=testDescription1689275658131, defaultType=false, fixed=false, iDate=Thu Jul 13 19:14:18 UTC 2023, system=false, versionable=true, multilingualable=false, variable=testVarname1689275658131, owner=system, modDate=Thu Jul 13 19:14:19 UTC 2023, host=48190c8c-42c4-46af-8d1a-0cd5db894797, siteName=demo.dotcms.com, icon=event_note, sortOrder=0, folder=SYSTEM_FOLDER, folderPath=/, requiredFields=[], markedForDeletion=false}, expectedName='testVarname1689275658131', expectedType='CONTENT'}]" classname="com.dotmarketing.business.DeterministicIdentifierAPITest" time="0.006"/>
  <system-out><![CDATA[]]></system-out>
  <system-err><![CDATA[]]></system-err>
</testsuite>
