<?xml version="1.0" encoding="UTF-8"?>
<testsuite name="com.dotcms.enterprise.publishing.remote.bundler.FolderBundlerTest" tests="3" skipped="0" failures="0" errors="0" timestamp="2023-07-10T23:54:10" hostname="fv-az620-40" time="0.031">
  <properties/>
  <testcase name="addFolderInBundle[0: com.dotcms.enterprise.publishing.remote.bundler.FolderBundlerTest$TestCase@2f396679]" classname="com.dotcms.enterprise.publishing.remote.bundler.FolderBundlerTest" time="0.008"/>
  <testcase name="addFolderInBundle[1: com.dotcms.enterprise.publishing.remote.bundler.FolderBundlerTest$TestCase@448d372d]" classname="com.dotcms.enterprise.publishing.remote.bundler.FolderBundlerTest" time="0.011"/>
  <testcase name="addFolderInBundle[2: com.dotcms.enterprise.publishing.remote.bundler.FolderBundlerTest$TestCase@66ff1400]" classname="com.dotcms.enterprise.publishing.remote.bundler.FolderBundlerTest" time="0.011"/>
  <system-out><![CDATA[]]></system-out>
  <system-err><![CDATA[]]></system-err>
</testsuite>
