<?xml version="1.0" encoding="UTF-8"?>
<testsuite name="com.dotcms.enterprise.publishing.remote.bundler.HostBundlerTest" tests="3" skipped="0" failures="0" errors="0" timestamp="2023-06-23T18:45:24" hostname="fv-az592-477" time="0.079">
  <properties/>
  <testcase name="addHostInBundle[0: com.dotcms.enterprise.publishing.remote.bundler.HostBundlerTest$TestCase@f564abf]" classname="com.dotcms.enterprise.publishing.remote.bundler.HostBundlerTest" time="0.038"/>
  <testcase name="addHostInBundle[1: com.dotcms.enterprise.publishing.remote.bundler.HostBundlerTest$TestCase@2b44ee61]" classname="com.dotcms.enterprise.publishing.remote.bundler.HostBundlerTest" time="0.016"/>
  <testcase name="addHostInBundle[2: com.dotcms.enterprise.publishing.remote.bundler.HostBundlerTest$TestCase@361e5ffe]" classname="com.dotcms.enterprise.publishing.remote.bundler.HostBundlerTest" time="0.024"/>
  <system-out><![CDATA[]]></system-out>
  <system-err><![CDATA[]]></system-err>
</testsuite>
