<?xml version="1.0" encoding="UTF-8"?>
<testsuite name="com.dotmarketing.servlets.ajax.AjaxDirectorServletIntegrationTest" tests="2" skipped="0" failures="0" errors="0" timestamp="2023-06-22T17:00:52" hostname="fv-az1098-397" time="3.063">
  <properties/>
  <testcase name="testService[0: com.dotmarketing.servlets.ajax.AjaxDirectorServletTestCase@98f0c2b]" classname="com.dotmarketing.servlets.ajax.AjaxDirectorServletIntegrationTest" time="1.506"/>
  <testcase name="testService[1: com.dotmarketing.servlets.ajax.AjaxDirectorServletTestCase@77ae12ef]" classname="com.dotmarketing.servlets.ajax.AjaxDirectorServletIntegrationTest" time="1.557"/>
  <system-out><![CDATA[]]></system-out>
  <system-err><![CDATA[]]></system-err>
</testsuite>
