<?xml version="1.0" encoding="UTF-8"?>
<testsuite name="com.dotcms.experiments.business.ExperimentAPIImpIntegrationTest" tests="43" skipped="1" failures="0" errors="0" timestamp="2023-06-29T20:46:02" hostname="fv-az216-434" time="98.489">
  <properties/>
  <testcase name="pageReachDirectRefererMultiDays" classname="com.dotcms.experiments.business.ExperimentAPIImpIntegrationTest" time="2.616"/>
  <testcase name="test_calcBayesian_BOverA_BounceRate" classname="com.dotcms.experiments.business.ExperimentAPIImpIntegrationTest" time="1.979"/>
  <testcase name="pageReachAfterExperimentPageButNotDirectReferer" classname="com.dotcms.experiments.business.ExperimentAPIImpIntegrationTest" time="3.112"/>
  <testcase name="noBounceRateWithIndex[0: /index]" classname="com.dotcms.experiments.business.ExperimentAPIImpIntegrationTest" time="3.024"/>
  <testcase name="noBounceRateWithIndex[1: /INDEX]" classname="com.dotcms.experiments.business.ExperimentAPIImpIntegrationTest" time="3.131"/>
  <testcase name="noBounceRateWithIndex[2: /IndEX]" classname="com.dotcms.experiments.business.ExperimentAPIImpIntegrationTest" time="2.024"/>
  <testcase name="noBounceRateWithIndex[3: &lt;empty string&gt;]" classname="com.dotcms.experiments.business.ExperimentAPIImpIntegrationTest" time="1.906"/>
  <testcase name="noBounceRateWithIndex[4: /]" classname="com.dotcms.experiments.business.ExperimentAPIImpIntegrationTest" time="2.135"/>
  <testcase name="noBounceRateWithIndex[5: /?variantName=dotexperiment-fcaef4575a-variant-1&amp;redirect=true]" classname="com.dotcms.experiments.business.ExperimentAPIImpIntegrationTest" time="1.974"/>
  <testcase name="multiDaysEvent" classname="com.dotcms.experiments.business.ExperimentAPIImpIntegrationTest" time="2.471"/>
  <testcase name="pageReachNotDirectReferer" classname="com.dotcms.experiments.business.ExperimentAPIImpIntegrationTest" time="1.722"/>
  <testcase name="resultWithPagination" classname="com.dotcms.experiments.business.ExperimentAPIImpIntegrationTest" time="2.771"/>
  <testcase name="test_calcBayesian_ABC" classname="com.dotcms.experiments.business.ExperimentAPIImpIntegrationTest" time="0.0">
    <skipped/>
  </testcase>
  <testcase name="bounceRate" classname="com.dotcms.experiments.business.ExperimentAPIImpIntegrationTest" time="3.237"/>
  <testcase name="tryToGetResultFromExperimentNotSaved" classname="com.dotcms.experiments.business.ExperimentAPIImpIntegrationTest" time="2.069"/>
  <testcase name="testSaveExperiment_shouldNotValidateSchedule" classname="com.dotcms.experiments.business.ExperimentAPIImpIntegrationTest" time="1.755"/>
  <testcase name="testADeleteOriginalVariant_shouldFail" classname="com.dotcms.experiments.business.ExperimentAPIImpIntegrationTest" time="2.159"/>
  <testcase name="testAddMoreThanOneOriginalVariant_shouldFail" classname="com.dotcms.experiments.business.ExperimentAPIImpIntegrationTest" time="2.03"/>
  <testcase name="pageNotReachButExperimentPageWasView" classname="com.dotcms.experiments.business.ExperimentAPIImpIntegrationTest" time="2.477"/>
  <testcase name="addUrlConditionToReachPageGoal" classname="com.dotcms.experiments.business.ExperimentAPIImpIntegrationTest" time="2.092"/>
  <testcase name="resultWithPaginationWhenTheLastPageIsNotComplte" classname="com.dotcms.experiments.business.ExperimentAPIImpIntegrationTest" time="2.072"/>
  <testcase name="pageReachDirectReferer" classname="com.dotcms.experiments.business.ExperimentAPIImpIntegrationTest" time="1.833"/>
  <testcase name="notBounceRateSession" classname="com.dotcms.experiments.business.ExperimentAPIImpIntegrationTest" time="1.782"/>
  <testcase name="test_calcBayesian_AOverB_ended" classname="com.dotcms.experiments.business.ExperimentAPIImpIntegrationTest" time="2.084"/>
  <testcase name="testStartExperiment_shouldPublishContent" classname="com.dotcms.experiments.business.ExperimentAPIImpIntegrationTest" time="3.952"/>
  <testcase name="resultWithUrlMap" classname="com.dotcms.experiments.business.ExperimentAPIImpIntegrationTest" time="2.637"/>
  <testcase name="getEvents" classname="com.dotcms.experiments.business.ExperimentAPIImpIntegrationTest" time="1.442"/>
  <testcase name="tryToGetResultFromExperimentNotStarted" classname="com.dotcms.experiments.business.ExperimentAPIImpIntegrationTest" time="1.379"/>
  <testcase name="getSplitTrafficInsideExperimentResults" classname="com.dotcms.experiments.business.ExperimentAPIImpIntegrationTest" time="1.155"/>
  <testcase name="addUrlConditionToBounceRateCondition" classname="com.dotcms.experiments.business.ExperimentAPIImpIntegrationTest" time="2.107"/>
  <testcase name="pageReachButExperimentPageWasNotView" classname="com.dotcms.experiments.business.ExperimentAPIImpIntegrationTest" time="1.447"/>
  <testcase name="renderUrlMapPageWithExperiment" classname="com.dotcms.experiments.business.ExperimentAPIImpIntegrationTest" time="3.977"/>
  <testcase name="test_calcBayesian_AOverB" classname="com.dotcms.experiments.business.ExperimentAPIImpIntegrationTest" time="2.383"/>
  <testcase name="test_calcBayesian_BOverA" classname="com.dotcms.experiments.business.ExperimentAPIImpIntegrationTest" time="2.0"/>
  <testcase name="test_getResults_missingAnalyticsApp" classname="com.dotcms.experiments.business.ExperimentAPIImpIntegrationTest" time="1.324"/>
  <testcase name="notBounceRate" classname="com.dotcms.experiments.business.ExperimentAPIImpIntegrationTest" time="2.411"/>
  <testcase name="bounceRateWithIndex[0: /index]" classname="com.dotcms.experiments.business.ExperimentAPIImpIntegrationTest" time="1.289"/>
  <testcase name="bounceRateWithIndex[1: /INDEX]" classname="com.dotcms.experiments.business.ExperimentAPIImpIntegrationTest" time="2.015"/>
  <testcase name="bounceRateWithIndex[2: /IndEX]" classname="com.dotcms.experiments.business.ExperimentAPIImpIntegrationTest" time="2.786"/>
  <testcase name="bounceRateWithIndex[3: &lt;empty string&gt;]" classname="com.dotcms.experiments.business.ExperimentAPIImpIntegrationTest" time="2.263"/>
  <testcase name="bounceRateWithIndex[4: /]" classname="com.dotcms.experiments.business.ExperimentAPIImpIntegrationTest" time="2.26"/>
  <testcase name="bounceRateWithIndex[5: /?variantName=dotexperiment-fcaef4575a-variant-1&amp;redirect=true]" classname="com.dotcms.experiments.business.ExperimentAPIImpIntegrationTest" time="2.761"/>
  <testcase name="getRunningExperiment" classname="com.dotcms.experiments.business.ExperimentAPIImpIntegrationTest" time="6.415"/>
  <system-out><![CDATA[]]></system-out>
  <system-err><![CDATA[]]></system-err>
</testsuite>
