<?xml version="1.0" encoding="UTF-8"?>
<testsuite name="com.dotcms.MainSuite" tests="0" skipped="0" failures="0" errors="0" timestamp="1970-01-01T00:00:00" hostname="fv-az454-705" time="0.0">
  <properties/>
  <system-out><![CDATA[SAML OSGI STARTING INIT.....
SAML version: 21.04, build number: 1
ERROR: Bundle com.dotcms.samlbundle [1] Error starting file:/home/runner/work/core/core/dist/dotserver/tomcat-9.0.60/webapps/ROOT/WEB-INF/felix-system/bundle/com.dotcms.samlbundle-22.03.jar (org.osgi.framework.BundleException: Activator start error in bundle com.dotcms.samlbundle [1].)















































































































]]></system-out>
  <system-err><![CDATA[Jun 21, 2023 4:54:17 PM com.hazelcast.config.AbstractXmlConfigHelper
WARNING: Name of the hazelcast schema location is incorrect, using default
Jun 21, 2023 4:54:19 PM com.hazelcast.instance.HazelcastInstanceFactory
WARNING: Hazelcast is starting in a Java modular environment (Java 9 and newer) but without proper access to required Java packages. Use additional Java arguments to provide Hazelcast access to Java internal API. The internal API access is used to get the best performance results. Arguments to be used:
 --add-modules java.se --add-exports java.base/jdk.internal.ref=ALL-UNNAMED --add-opens java.base/java.lang=ALL-UNNAMED --add-opens java.base/java.nio=ALL-UNNAMED --add-opens java.base/sun.nio.ch=ALL-UNNAMED --add-opens java.management/sun.management=ALL-UNNAMED --add-opens jdk.management/com.sun.management.internal=ALL-UNNAMED
Jun 21, 2023 4:54:19 PM com.hazelcast.instance.AddressPicker
INFO: [LOCAL] [dev] [3.12.13] Prefer IPv4 stack is true, prefer IPv6 addresses is false
Jun 21, 2023 4:54:19 PM com.hazelcast.instance.AddressPicker
INFO: [LOCAL] [dev] [3.12.13] Picked [172.18.0.1]:5701, using socket ServerSocket[addr=/0:0:0:0:0:0:0:0,localport=5701], bind any local is true
Jun 21, 2023 4:54:19 PM com.hazelcast.system
INFO: [172.18.0.1]:5701 [dev] [3.12.13] Hazelcast 3.12.13 (20220825 - 40e63ea) starting at [172.18.0.1]:5701
Jun 21, 2023 4:54:19 PM com.hazelcast.system
INFO: [172.18.0.1]:5701 [dev] [3.12.13] Copyright (c) 2008-2020, Hazelcast, Inc. All Rights Reserved.
Jun 21, 2023 4:54:20 PM com.hazelcast.spi.impl.operationservice.impl.BackpressureRegulator
INFO: [172.18.0.1]:5701 [dev] [3.12.13] Backpressure is disabled
Jun 21, 2023 4:54:22 PM com.hazelcast.spi.impl.operationexecutor.impl.OperationExecutorImpl
INFO: [172.18.0.1]:5701 [dev] [3.12.13] Starting 2 partition threads and 3 generic threads (1 dedicated for priority tasks)
Jun 21, 2023 4:54:22 PM com.hazelcast.internal.diagnostics.Diagnostics
INFO: [172.18.0.1]:5701 [dev] [3.12.13] Diagnostics disabled. To enable add -Dhazelcast.diagnostics.enabled=true to the JVM arguments.
Jun 21, 2023 4:54:22 PM com.hazelcast.core.LifecycleService
INFO: [172.18.0.1]:5701 [dev] [3.12.13] [172.18.0.1]:5701 is STARTING
Jun 21, 2023 4:54:22 PM com.hazelcast.instance.Node
WARNING: [172.18.0.1]:5701 [dev] [3.12.13] No join method is enabled! Starting standalone.
Jun 21, 2023 4:54:22 PM com.hazelcast.core.LifecycleService
INFO: [172.18.0.1]:5701 [dev] [3.12.13] [172.18.0.1]:5701 is STARTED
java.lang.NullPointerException
	at com.dotcms.saml.osgi.Activator.addSamlWebInterceptor(Activator.java:90)
	at com.dotcms.saml.osgi.Activator.start(Activator.java:69)
	at org.apache.felix.framework.util.SecureAction.startActivator(SecureAction.java:849)
	at org.apache.felix.framework.Felix.activateBundle(Felix.java:2429)
	at org.apache.felix.framework.Felix.startBundle(Felix.java:2335)
	at org.apache.felix.framework.Felix.setActiveStartLevel(Felix.java:1566)
	at org.apache.felix.framework.FrameworkStartLevelImpl.run(FrameworkStartLevelImpl.java:297)
	at java.base/java.lang.Thread.run(Thread.java:829)
Jun 21, 2023 6:33:01 PM com.impossibl.postgres.system.Settings set
WARNING: Applying unknown setting: autosave
]]></system-err>
</testsuite>
