<?xml version="1.0" encoding="UTF-8"?>
<testsuite name="com.dotmarketing.startup.runonce.Task05070AndTask05080Test" tests="1" skipped="0" failures="0" errors="0" timestamp="2023-06-26T17:11:06" hostname="fv-az585-827" time="0.046">
  <properties/>
  <testcase name="testExecuteUpgrade" classname="com.dotmarketing.startup.runonce.Task05070AndTask05080Test" time="0.046"/>
  <system-out><![CDATA[]]></system-out>
  <system-err><![CDATA[]]></system-err>
</testsuite>
