<?xml version="1.0" encoding="UTF-8"?>
<testsuite name="com.dotmarketing.portlets.structure.model.ContentletRelationshipsTest" tests="7" skipped="0" failures="0" errors="0" timestamp="2023-07-11T16:33:32" hostname="fv-az221-100" time="7.798">
  <properties/>
  <testcase name="testDoesAllowOnlyOne[0: com.dotmarketing.portlets.structure.model.ContentletRelationshipsTest$CardinalityTestCase@32710bdf]" classname="com.dotmarketing.portlets.structure.model.ContentletRelationshipsTest" time="0.452"/>
  <testcase name="testDoesAllowOnlyOne[1: com.dotmarketing.portlets.structure.model.ContentletRelationshipsTest$CardinalityTestCase@2b8cc92d]" classname="com.dotmarketing.portlets.structure.model.ContentletRelationshipsTest" time="0.469"/>
  <testcase name="testDoesAllowOnlyOne[2: com.dotmarketing.portlets.structure.model.ContentletRelationshipsTest$CardinalityTestCase@70c989cf]" classname="com.dotmarketing.portlets.structure.model.ContentletRelationshipsTest" time="0.422"/>
  <testcase name="testGetRelationshipRecords[0: com.dotmarketing.portlets.structure.model.ContentletRelationshipsTest$TestCase@4a75d6a4]" classname="com.dotmarketing.portlets.structure.model.ContentletRelationshipsTest" time="1.913"/>
  <testcase name="testGetRelationshipRecords[1: com.dotmarketing.portlets.structure.model.ContentletRelationshipsTest$TestCase@70e003c6]" classname="com.dotmarketing.portlets.structure.model.ContentletRelationshipsTest" time="1.953"/>
  <testcase name="testGetRelationshipRecords[2: com.dotmarketing.portlets.structure.model.ContentletRelationshipsTest$TestCase@3d687956]" classname="com.dotmarketing.portlets.structure.model.ContentletRelationshipsTest" time="1.786"/>
  <testcase name="testGetRelationshipRecords[3: com.dotmarketing.portlets.structure.model.ContentletRelationshipsTest$TestCase@15318c5]" classname="com.dotmarketing.portlets.structure.model.ContentletRelationshipsTest" time="0.803"/>
  <system-out><![CDATA[]]></system-out>
  <system-err><![CDATA[]]></system-err>
</testsuite>
