<?xml version="1.0" encoding="UTF-8"?>
<testsuite name="com.dotmarketing.portlets.workflows.actionlet.VelocityScriptActionletAbortTest" tests="2" skipped="0" failures="0" errors="0" timestamp="2023-07-12T20:49:24" hostname="fv-az1241-832" time="0.019">
  <properties/>
  <testcase name="Test_Velocity_Script_Actionlet_Abort_Stopped" classname="com.dotmarketing.portlets.workflows.actionlet.VelocityScriptActionletAbortTest" time="0.015"/>
  <testcase name="Test_Velocity_Script_Actionlet_Abort_Non_Stopped" classname="com.dotmarketing.portlets.workflows.actionlet.VelocityScriptActionletAbortTest" time="0.004"/>
  <system-out><![CDATA[]]></system-out>
  <system-err><![CDATA[]]></system-err>
</testsuite>
