<?xml version="1.0" encoding="UTF-8"?>
<testsuite name="com.dotcms.contenttype.test.ContentResourceTest" tests="52" skipped="0" failures="0" errors="0" timestamp="2023-07-20T19:50:12" hostname="fv-az174-151" time="138.956">
  <properties/>
  <testcase name="testGetContentShouldReturnIconDetails" classname="com.dotcms.contenttype.test.ContentResourceTest" time="1.433"/>
  <testcase name="Test_Save_Action_Set_Words_To_Required_NumericField_Issue_15340" classname="com.dotcms.contenttype.test.ContentResourceTest" time="0.842"/>
  <testcase name="test_getContent_includeGrandChildCategory_success" classname="com.dotcms.contenttype.test.ContentResourceTest" time="1.335"/>
  <testcase name="testGetContentWithRelatedParameter[0: com.dotcms.contenttype.test.ContentResourceTest$PullRelatedTestCase@1f732207]" classname="com.dotcms.contenttype.test.ContentResourceTest" time="3.631"/>
  <testcase name="testGetContentWithRelatedParameter[1: com.dotcms.contenttype.test.ContentResourceTest$PullRelatedTestCase@2a8adf43]" classname="com.dotcms.contenttype.test.ContentResourceTest" time="3.55"/>
  <testcase name="testGetContentWithRelatedParameter[2: com.dotcms.contenttype.test.ContentResourceTest$PullRelatedTestCase@77a82f0c]" classname="com.dotcms.contenttype.test.ContentResourceTest" time="3.621"/>
  <testcase name="testGetContentWithRelatedParameter[3: com.dotcms.contenttype.test.ContentResourceTest$PullRelatedTestCase@7ef27157]" classname="com.dotcms.contenttype.test.ContentResourceTest" time="3.386"/>
  <testcase name="testGetContentWithRelatedParameter[4: com.dotcms.contenttype.test.ContentResourceTest$PullRelatedTestCase@78970794]" classname="com.dotcms.contenttype.test.ContentResourceTest" time="3.623"/>
  <testcase name="test_getContent_SelfRelatedWith3LevelsOfDepth_shouldReturnRelationships" classname="com.dotcms.contenttype.test.ContentResourceTest" time="1.301"/>
  <testcase name="Test_Save_Action_Send_Fields_SubSet_Issue_15340" classname="com.dotcms.contenttype.test.ContentResourceTest" time="2.777"/>
  <testcase name="test_getContent_shouldReturnRelationships[0: com.dotcms.contenttype.test.ContentResourceTest$TestCase@41bbf02]" classname="com.dotcms.contenttype.test.ContentResourceTest" time="2.775"/>
  <testcase name="test_getContent_shouldReturnRelationships[1: com.dotcms.contenttype.test.ContentResourceTest$TestCase@327d30c2]" classname="com.dotcms.contenttype.test.ContentResourceTest" time="2.874"/>
  <testcase name="test_getContent_shouldReturnRelationships[2: com.dotcms.contenttype.test.ContentResourceTest$TestCase@5fe88713]" classname="com.dotcms.contenttype.test.ContentResourceTest" time="2.835"/>
  <testcase name="test_getContent_shouldReturnRelationships[3: com.dotcms.contenttype.test.ContentResourceTest$TestCase@1f8390dd]" classname="com.dotcms.contenttype.test.ContentResourceTest" time="2.175"/>
  <testcase name="test_getContent_shouldReturnRelationships[4: com.dotcms.contenttype.test.ContentResourceTest$TestCase@4639df80]" classname="com.dotcms.contenttype.test.ContentResourceTest" time="3.075"/>
  <testcase name="test_getContent_shouldReturnRelationships[5: com.dotcms.contenttype.test.ContentResourceTest$TestCase@1d190ca5]" classname="com.dotcms.contenttype.test.ContentResourceTest" time="2.755"/>
  <testcase name="test_getContent_shouldReturnRelationships[6: com.dotcms.contenttype.test.ContentResourceTest$TestCase@652d00a]" classname="com.dotcms.contenttype.test.ContentResourceTest" time="2.717"/>
  <testcase name="test_getContent_shouldReturnRelationships[7: com.dotcms.contenttype.test.ContentResourceTest$TestCase@554ad65]" classname="com.dotcms.contenttype.test.ContentResourceTest" time="2.764"/>
  <testcase name="test_getContent_shouldReturnRelationships[8: com.dotcms.contenttype.test.ContentResourceTest$TestCase@d19b790]" classname="com.dotcms.contenttype.test.ContentResourceTest" time="2.829"/>
  <testcase name="test_getContent_shouldReturnRelationships[9: com.dotcms.contenttype.test.ContentResourceTest$TestCase@5830feb2]" classname="com.dotcms.contenttype.test.ContentResourceTest" time="2.782"/>
  <testcase name="test_getContent_shouldReturnRelationships[10: com.dotcms.contenttype.test.ContentResourceTest$TestCase@4872b73e]" classname="com.dotcms.contenttype.test.ContentResourceTest" time="2.744"/>
  <testcase name="test_getContent_shouldReturnRelationships[11: com.dotcms.contenttype.test.ContentResourceTest$TestCase@68ed04d0]" classname="com.dotcms.contenttype.test.ContentResourceTest" time="2.662"/>
  <testcase name="test_getContent_shouldReturnRelationships[12: com.dotcms.contenttype.test.ContentResourceTest$TestCase@28088b6a]" classname="com.dotcms.contenttype.test.ContentResourceTest" time="2.881"/>
  <testcase name="test_getContent_shouldReturnRelationships[13: com.dotcms.contenttype.test.ContentResourceTest$TestCase@779235b7]" classname="com.dotcms.contenttype.test.ContentResourceTest" time="2.719"/>
  <testcase name="test_getContent_shouldReturnRelationships[14: com.dotcms.contenttype.test.ContentResourceTest$TestCase@2a84a73c]" classname="com.dotcms.contenttype.test.ContentResourceTest" time="2.904"/>
  <testcase name="test_getContent_shouldReturnRelationships[15: com.dotcms.contenttype.test.ContentResourceTest$TestCase@2acfed38]" classname="com.dotcms.contenttype.test.ContentResourceTest" time="3.669"/>
  <testcase name="test_getContent_shouldReturnRelationships[16: com.dotcms.contenttype.test.ContentResourceTest$TestCase@467070d0]" classname="com.dotcms.contenttype.test.ContentResourceTest" time="3.591"/>
  <testcase name="test_getContent_shouldReturnRelationships[17: com.dotcms.contenttype.test.ContentResourceTest$TestCase@2029ca24]" classname="com.dotcms.contenttype.test.ContentResourceTest" time="2.961"/>
  <testcase name="test_getContent_shouldReturnRelationships[18: com.dotcms.contenttype.test.ContentResourceTest$TestCase@2f9b345a]" classname="com.dotcms.contenttype.test.ContentResourceTest" time="2.844"/>
  <testcase name="test_getContent_shouldReturnRelationships[19: com.dotcms.contenttype.test.ContentResourceTest$TestCase@7ae8babc]" classname="com.dotcms.contenttype.test.ContentResourceTest" time="2.892"/>
  <testcase name="test_getContent_shouldReturnRelationships[20: com.dotcms.contenttype.test.ContentResourceTest$TestCase@3fdba3c1]" classname="com.dotcms.contenttype.test.ContentResourceTest" time="3.193"/>
  <testcase name="test_getContent_shouldReturnRelationships[21: com.dotcms.contenttype.test.ContentResourceTest$TestCase@51cd36f4]" classname="com.dotcms.contenttype.test.ContentResourceTest" time="2.896"/>
  <testcase name="test_getContent_shouldReturnRelationships[22: com.dotcms.contenttype.test.ContentResourceTest$TestCase@2702e173]" classname="com.dotcms.contenttype.test.ContentResourceTest" time="2.833"/>
  <testcase name="test_getContent_shouldReturnRelationships[23: com.dotcms.contenttype.test.ContentResourceTest$TestCase@18809275]" classname="com.dotcms.contenttype.test.ContentResourceTest" time="2.911"/>
  <testcase name="test_getContent_shouldReturnRelationships[24: com.dotcms.contenttype.test.ContentResourceTest$TestCase@7aa7ff0f]" classname="com.dotcms.contenttype.test.ContentResourceTest" time="2.995"/>
  <testcase name="test_getContent_shouldReturnRelationships[25: com.dotcms.contenttype.test.ContentResourceTest$TestCase@42e50c39]" classname="com.dotcms.contenttype.test.ContentResourceTest" time="2.995"/>
  <testcase name="test_getContent_shouldReturnRelationships[26: com.dotcms.contenttype.test.ContentResourceTest$TestCase@725c646f]" classname="com.dotcms.contenttype.test.ContentResourceTest" time="3.29"/>
  <testcase name="test_getContent_shouldReturnRelationships[27: com.dotcms.contenttype.test.ContentResourceTest$TestCase@6e53436b]" classname="com.dotcms.contenttype.test.ContentResourceTest" time="1.857"/>
  <testcase name="test_getContent_shouldReturnRelationships[28: com.dotcms.contenttype.test.ContentResourceTest$TestCase@2bc99629]" classname="com.dotcms.contenttype.test.ContentResourceTest" time="2.882"/>
  <testcase name="test_getContent_shouldReturnRelationships[29: com.dotcms.contenttype.test.ContentResourceTest$TestCase@41a7c3ad]" classname="com.dotcms.contenttype.test.ContentResourceTest" time="2.881"/>
  <testcase name="test_getContent_shouldReturnRelationships[30: com.dotcms.contenttype.test.ContentResourceTest$TestCase@5049a8ea]" classname="com.dotcms.contenttype.test.ContentResourceTest" time="2.853"/>
  <testcase name="test_getContent_shouldReturnRelationships[31: com.dotcms.contenttype.test.ContentResourceTest$TestCase@24f5e193]" classname="com.dotcms.contenttype.test.ContentResourceTest" time="2.997"/>
  <testcase name="test_getContent_shouldReturnRelationships[32: com.dotcms.contenttype.test.ContentResourceTest$TestCase@436a43fa]" classname="com.dotcms.contenttype.test.ContentResourceTest" time="3.801"/>
  <testcase name="test_getContent_shouldReturnRelationships[33: com.dotcms.contenttype.test.ContentResourceTest$TestCase@3caf4a91]" classname="com.dotcms.contenttype.test.ContentResourceTest" time="3.727"/>
  <testcase name="testSinglePOST_InvalidParamsShouldReturn400[0: ({\n    &quot;stInode&quot; : &quot;InvalidValue&quot;,\n    &quot;numeric&quot; : &quot;0&quot;,\n    &quot;image&quot; : &quot;whatever&quot;\n}, Bad Request)]" classname="com.dotcms.contenttype.test.ContentResourceTest" time="0.823"/>
  <testcase name="testSinglePOST_InvalidParamsShouldReturn400[1: ({\n    &quot;numeric&quot; : &quot;0&quot;,\n    &quot;image&quot; : &quot;whatever&quot;\n}, Bad Request)]" classname="com.dotcms.contenttype.test.ContentResourceTest" time="0.801"/>
  <testcase name="Test_Save_Action_Set_Null_To_Required_NumericField_Issue_15340" classname="com.dotcms.contenttype.test.ContentResourceTest" time="0.82"/>
  <testcase name="Test_Save_Action_Remove_Image_Then_Verify_Fields_Were_Cleared_Issue_15340" classname="com.dotcms.contenttype.test.ContentResourceTest" time="3.619"/>
  <testcase name="test_getContentWithMultipleSelfRelated_shouldReturnRelationships[0: com.dotcms.contenttype.test.ContentResourceTest$PullSelfRelatedTestCase@2a4e2fdb]" classname="com.dotcms.contenttype.test.ContentResourceTest" time="1.527"/>
  <testcase name="test_getContentWithMultipleSelfRelated_shouldReturnRelationships[1: com.dotcms.contenttype.test.ContentResourceTest$PullSelfRelatedTestCase@3baadcfb]" classname="com.dotcms.contenttype.test.ContentResourceTest" time="1.554"/>
  <testcase name="testGetContentWithAllCategoriesInfo[0: json]" classname="com.dotcms.contenttype.test.ContentResourceTest" time="2.365"/>
  <testcase name="testGetContentWithAllCategoriesInfo[1: xml]" classname="com.dotcms.contenttype.test.ContentResourceTest" time="2.383"/>
  <system-out><![CDATA[











]]></system-out>
  <system-err><![CDATA[]]></system-err>
</testsuite>
