<?xml version="1.0" encoding="UTF-8"?>
<testsuite name="com.dotcms.keyvalue.business.KeyValueAPITest" tests="9" skipped="0" failures="0" errors="0" timestamp="2023-06-28T19:00:46" hostname="fv-az851-777" time="10.689">
  <properties/>
  <testcase name="keyValueLanguageContentTypeCache" classname="com.dotcms.keyvalue.business.KeyValueAPITest" time="1.44"/>
  <testcase name="keyValueLanguageCache" classname="com.dotcms.keyvalue.business.KeyValueAPITest" time="1.218"/>
  <testcase name="keyValueContentTypeCache" classname="com.dotcms.keyvalue.business.KeyValueAPITest" time="1.195"/>
  <testcase name="keyValueCache" classname="com.dotcms.keyvalue.business.KeyValueAPITest" time="1.248"/>
  <testcase name="updateKeyValueContent" classname="com.dotcms.keyvalue.business.KeyValueAPITest" time="1.347"/>
  <testcase name="getKeyValueList" classname="com.dotcms.keyvalue.business.KeyValueAPITest" time="0.435"/>
  <testcase name="saveKeyValueContentWithUnique" classname="com.dotcms.keyvalue.business.KeyValueAPITest" time="1.197"/>
  <testcase name="test_get_savesKeyWithWhitespaceInEnglishAndSpanish_success" classname="com.dotcms.keyvalue.business.KeyValueAPITest" time="1.368"/>
  <testcase name="savesKeyValueContentWithVersionInEnglishAndSpanish" classname="com.dotcms.keyvalue.business.KeyValueAPITest" time="1.241"/>
  <system-out><![CDATA[
]]></system-out>
  <system-err><![CDATA[]]></system-err>
</testsuite>
