<?xml version="1.0" encoding="UTF-8"?>
<testsuite name="com.dotcms.filters.interceptor.meta.MetaWebInterceptorTest" tests="3" skipped="0" failures="0" errors="0" timestamp="2023-06-26T20:55:27" hostname="fv-az351-37" time="0.015">
  <properties/>
  <testcase name="check_header_x_dot_server_config_disable_node_name" classname="com.dotcms.filters.interceptor.meta.MetaWebInterceptorTest" time="0.013"/>
  <testcase name="check_header_x_dot_server" classname="com.dotcms.filters.interceptor.meta.MetaWebInterceptorTest" time="0.0"/>
  <testcase name="check_header_x_dot_server_config_disable" classname="com.dotcms.filters.interceptor.meta.MetaWebInterceptorTest" time="0.001"/>
  <system-out><![CDATA[]]></system-out>
  <system-err><![CDATA[]]></system-err>
</testsuite>
