<?xml version="1.0" encoding="UTF-8"?>
<testsuite name="com.dotcms.content.elasticsearch.business.ESSiteSearchAPITest" tests="3" skipped="0" failures="0" errors="0" timestamp="2023-06-26T15:53:51" hostname="fv-az370-611" time="23.262">
  <properties/>
  <testcase name="testCreateSiteSearchIndexAndMakeItDefault" classname="com.dotcms.content.elasticsearch.business.ESSiteSearchAPITest" time="0.195"/>
  <testcase name="testFullReindexKeepsDefaultSiteSearchIndex" classname="com.dotcms.content.elasticsearch.business.ESSiteSearchAPITest" time="11.636"/>
  <testcase name="testReindexAbortKeepsDefaultSiteSearchIndex" classname="com.dotcms.content.elasticsearch.business.ESSiteSearchAPITest" time="11.431"/>
  <system-out><![CDATA[]]></system-out>
  <system-err><![CDATA[]]></system-err>
</testsuite>
