<?xml version="1.0" encoding="UTF-8"?>
<testsuite name="com.dotmarketing.startup.runonce.Task05190UpdateFormsWidgetCodeFieldTest" tests="1" skipped="0" failures="0" errors="0" timestamp="2023-06-29T22:39:40" hostname="fv-az180-30" time="1.109">
  <properties/>
  <testcase name="Test_Upgrade" classname="com.dotmarketing.startup.runonce.Task05190UpdateFormsWidgetCodeFieldTest" time="1.109"/>
  <system-out><![CDATA[]]></system-out>
  <system-err><![CDATA[]]></system-err>
</testsuite>
