<?xml version="1.0" encoding="UTF-8"?>
<testsuite name="com.dotmarketing.common.reindex.ReindexThreadTest" tests="4" skipped="4" failures="0" errors="0" timestamp="2023-07-11T16:38:03" hostname="fv-az221-100" time="0.0">
  <properties/>
  <testcase name="test_content_that_is_rolled_back_does_not_get_in_the_index" classname="com.dotmarketing.common.reindex.ReindexThreadTest" time="0.0">
    <skipped/>
  </testcase>
  <testcase name="test_reindex_queue_puts_to_the_index" classname="com.dotmarketing.common.reindex.ReindexThreadTest" time="0.0">
    <skipped/>
  </testcase>
  <testcase name="test_stop_start_ReindexThread" classname="com.dotmarketing.common.reindex.ReindexThreadTest" time="0.0">
    <skipped/>
  </testcase>
  <testcase name="test_pause_unpause_ReindexThread" classname="com.dotmarketing.common.reindex.ReindexThreadTest" time="0.0">
    <skipped/>
  </testcase>
  <system-out><![CDATA[]]></system-out>
  <system-err><![CDATA[]]></system-err>
</testsuite>
