<?xml version="1.0" encoding="UTF-8"?>
<testsuite name="com.dotmarketing.startup.runonce.Task211101AddContentletAsJsonColumnTest" tests="1" skipped="0" failures="0" errors="0" timestamp="2023-07-14T16:22:46" hostname="fv-az364-103" time="0.556">
  <properties/>
  <testcase name="Test_Upgrade_Task" classname="com.dotmarketing.startup.runonce.Task211101AddContentletAsJsonColumnTest" time="0.556"/>
  <system-out><![CDATA[]]></system-out>
  <system-err><![CDATA[]]></system-err>
</testsuite>
