<?xml version="1.0" encoding="UTF-8"?>
<testsuite name="com.dotmarketing.portlets.templates.business.TemplateAPITest" tests="44" skipped="0" failures="0" errors="0" timestamp="2023-07-11T21:23:22" hostname="fv-az203-15" time="37.634">
  <properties/>
  <testcase name="saveDraftTemplate_inodeNotExists_success" classname="com.dotmarketing.portlets.templates.business.TemplateAPITest" time="0.636"/>
  <testcase name="publishTemplate_expects_live_true" classname="com.dotmarketing.portlets.templates.business.TemplateAPITest" time="0.012"/>
  <testcase name="getContainersUUIDFromDrawTemplateBodyTest" classname="com.dotmarketing.portlets.templates.business.TemplateAPITest" time="0.001"/>
  <testcase name="findPagesByTemplate" classname="com.dotmarketing.portlets.templates.business.TemplateAPITest" time="1.049"/>
  <testcase name="testFindTemplatesUserCanUse_IncludeUniqueFilter_ShouldListOnlyOneResult" classname="com.dotmarketing.portlets.templates.business.TemplateAPITest" time="0.056"/>
  <testcase name="delete" classname="com.dotmarketing.portlets.templates.business.TemplateAPITest" time="0.041"/>
  <testcase name="test_find_inode_not_exist_return_Null" classname="com.dotmarketing.portlets.templates.business.TemplateAPITest" time="0.001"/>
  <testcase name="getContainersUUIDFromDrawTemplateBodyDoubleCommasTest" classname="com.dotmarketing.portlets.templates.business.TemplateAPITest" time="0.001"/>
  <testcase name="justOnePageVersion" classname="com.dotmarketing.portlets.templates.business.TemplateAPITest" time="2.199"/>
  <testcase name="severalPageVersionLang" classname="com.dotmarketing.portlets.templates.business.TemplateAPITest" time="2.844"/>
  <testcase name="testFindWorkingTemplateNoNPE" classname="com.dotmarketing.portlets.templates.business.TemplateAPITest" time="0.001"/>
  <testcase name="test_saveTemplate_limitedUser_success" classname="com.dotmarketing.portlets.templates.business.TemplateAPITest" time="2.958"/>
  <testcase name="test_findAllVersions_IdentifierNotBelongToTemplate_returnEmptyList" classname="com.dotmarketing.portlets.templates.business.TemplateAPITest" time="0.009"/>
  <testcase name="testFindTemplatesNoLayout" classname="com.dotmarketing.portlets.templates.business.TemplateAPITest" time="0.161"/>
  <testcase name="unpublishTemplate_expects_live_false" classname="com.dotmarketing.portlets.templates.business.TemplateAPITest" time="0.018"/>
  <testcase name="testFindTemplatesAssignedTo" classname="com.dotmarketing.portlets.templates.business.TemplateAPITest" time="0.024"/>
  <testcase name="test_find_success" classname="com.dotmarketing.portlets.templates.business.TemplateAPITest" time="0.014"/>
  <testcase name="archiveTemplate_expects_archive_true" classname="com.dotmarketing.portlets.templates.business.TemplateAPITest" time="0.012"/>
  <testcase name="testFindTemplates" classname="com.dotmarketing.portlets.templates.business.TemplateAPITest" time="0.024"/>
  <testcase name="archiveTemplate_expects_unarchive_true" classname="com.dotmarketing.portlets.templates.business.TemplateAPITest" time="0.015"/>
  <testcase name="test_newTemplate_checkIfSavesOwnerAndCreateDateOnIdentifier" classname="com.dotmarketing.portlets.templates.business.TemplateAPITest" time="0.013"/>
  <testcase name="getContainersUUIDFromDrawTemplateBodyTestNullInput" classname="com.dotmarketing.portlets.templates.business.TemplateAPITest" time="0.001"/>
  <testcase name="getTemplateByFolder_fileTemplate_success" classname="com.dotmarketing.portlets.templates.business.TemplateAPITest" time="2.238"/>
  <testcase name="findLiveTemplate" classname="com.dotmarketing.portlets.templates.business.TemplateAPITest" time="0.022"/>
  <testcase name="test_getContainersInTemplate_success" classname="com.dotmarketing.portlets.templates.business.TemplateAPITest" time="1.723"/>
  <testcase name="test_findAllVersions_success" classname="com.dotmarketing.portlets.templates.business.TemplateAPITest" time="0.026"/>
  <testcase name="testFindWorkingTemplateByName" classname="com.dotmarketing.portlets.templates.business.TemplateAPITest" time="1.02"/>
  <testcase name="test_saveTemplate_limitedUser_noEnoughPermissions_fail" classname="com.dotmarketing.portlets.templates.business.TemplateAPITest" time="1.798"/>
  <testcase name="copyTemplate" classname="com.dotmarketing.portlets.templates.business.TemplateAPITest" time="0.114"/>
  <testcase name="saveDraftTemplate_lastUpdatedUserIsNotTheSame_success" classname="com.dotmarketing.portlets.templates.business.TemplateAPITest" time="2.944"/>
  <testcase name="setThemeNameNull" classname="com.dotmarketing.portlets.templates.business.TemplateAPITest" time="0.013"/>
  <testcase name="severalPageVersionVariant" classname="com.dotmarketing.portlets.templates.business.TemplateAPITest" time="2.797"/>
  <testcase name="test_saveTemplate_editExistingTemplate" classname="com.dotmarketing.portlets.templates.business.TemplateAPITest" time="1.813"/>
  <testcase name="test_saveTemplate_newTemplate" classname="com.dotmarketing.portlets.templates.business.TemplateAPITest" time="0.484"/>
  <testcase name="severalPages" classname="com.dotmarketing.portlets.templates.business.TemplateAPITest" time="2.27"/>
  <testcase name="testFindLiveTemplateNoNPE" classname="com.dotmarketing.portlets.templates.business.TemplateAPITest" time="0.001"/>
  <testcase name="setThemeName" classname="com.dotmarketing.portlets.templates.business.TemplateAPITest" time="1.769"/>
  <testcase name="saveDraftTemplate_success" classname="com.dotmarketing.portlets.templates.business.TemplateAPITest" time="1.068"/>
  <testcase name="getTemplateHost_fileTemplate_success" classname="com.dotmarketing.portlets.templates.business.TemplateAPITest" time="2.32"/>
  <testcase name="findWorkingTemplate_fileTemplate_success" classname="com.dotmarketing.portlets.templates.business.TemplateAPITest" time="2.073"/>
  <testcase name="saveDraftTemplate_identifierNotExists_success" classname="com.dotmarketing.portlets.templates.business.TemplateAPITest" time="0.695"/>
  <testcase name="findLiveTemplate_fileTemplate_success" classname="com.dotmarketing.portlets.templates.business.TemplateAPITest" time="2.33"/>
  <testcase name="setThemeNameDoesNotExists" classname="com.dotmarketing.portlets.templates.business.TemplateAPITest" time="0.015"/>
  <testcase name="getContainersUUIDFromDrawTemplateBodyLegacyTest" classname="com.dotmarketing.portlets.templates.business.TemplateAPITest" time="0.0"/>
  <system-out><![CDATA[]]></system-out>
  <system-err><![CDATA[]]></system-err>
</testsuite>
