<?xml version="1.0" encoding="UTF-8"?>
<testsuite name="com.dotmarketing.util.HashBuilderTest" tests="2" skipped="0" failures="0" errors="0" timestamp="2023-07-03T22:03:15" hostname="fv-az351-989" time="0.005">
  <properties/>
  <testcase name="Test_Identical_Files_Different_Name_Location_BuildUnixHash" classname="com.dotmarketing.util.HashBuilderTest" time="0.002"/>
  <testcase name="Test_BuildUnixHash" classname="com.dotmarketing.util.HashBuilderTest" time="0.001"/>
  <system-out><![CDATA[]]></system-out>
  <system-err><![CDATA[]]></system-err>
</testsuite>
