<?xml version="1.0" encoding="UTF-8"?>
<testsuite name="com.dotmarketing.portlets.structure.model.ContentletRelationshipsTest" tests="7" skipped="0" failures="0" errors="0" timestamp="2023-07-13T23:12:00" hostname="fv-az717-983" time="9.299">
  <properties/>
  <testcase name="testDoesAllowOnlyOne[0: com.dotmarketing.portlets.structure.model.ContentletRelationshipsTest$CardinalityTestCase@371a0a1e]" classname="com.dotmarketing.portlets.structure.model.ContentletRelationshipsTest" time="0.637"/>
  <testcase name="testDoesAllowOnlyOne[1: com.dotmarketing.portlets.structure.model.ContentletRelationshipsTest$CardinalityTestCase@78ce50f7]" classname="com.dotmarketing.portlets.structure.model.ContentletRelationshipsTest" time="0.484"/>
  <testcase name="testDoesAllowOnlyOne[2: com.dotmarketing.portlets.structure.model.ContentletRelationshipsTest$CardinalityTestCase@3315accb]" classname="com.dotmarketing.portlets.structure.model.ContentletRelationshipsTest" time="0.491"/>
  <testcase name="testGetRelationshipRecords[0: com.dotmarketing.portlets.structure.model.ContentletRelationshipsTest$TestCase@1edc9a83]" classname="com.dotmarketing.portlets.structure.model.ContentletRelationshipsTest" time="1.967"/>
  <testcase name="testGetRelationshipRecords[1: com.dotmarketing.portlets.structure.model.ContentletRelationshipsTest$TestCase@79f139bc]" classname="com.dotmarketing.portlets.structure.model.ContentletRelationshipsTest" time="1.977"/>
  <testcase name="testGetRelationshipRecords[2: com.dotmarketing.portlets.structure.model.ContentletRelationshipsTest$TestCase@73b2879d]" classname="com.dotmarketing.portlets.structure.model.ContentletRelationshipsTest" time="1.849"/>
  <testcase name="testGetRelationshipRecords[3: com.dotmarketing.portlets.structure.model.ContentletRelationshipsTest$TestCase@6ddf1ed4]" classname="com.dotmarketing.portlets.structure.model.ContentletRelationshipsTest" time="1.894"/>
  <system-out><![CDATA[]]></system-out>
  <system-err><![CDATA[]]></system-err>
</testsuite>
