<?xml version="1.0" encoding="UTF-8"?>
<testsuite name="com.dotmarketing.portlets.structure.model.ContentletRelationshipsTest" tests="7" skipped="0" failures="0" errors="0" timestamp="2023-07-18T20:16:26" hostname="fv-az344-517" time="8.683">
  <properties/>
  <testcase name="testDoesAllowOnlyOne[0: com.dotmarketing.portlets.structure.model.ContentletRelationshipsTest$CardinalityTestCase@1554dfe2]" classname="com.dotmarketing.portlets.structure.model.ContentletRelationshipsTest" time="0.5"/>
  <testcase name="testDoesAllowOnlyOne[1: com.dotmarketing.portlets.structure.model.ContentletRelationshipsTest$CardinalityTestCase@3d0b0439]" classname="com.dotmarketing.portlets.structure.model.ContentletRelationshipsTest" time="0.459"/>
  <testcase name="testDoesAllowOnlyOne[2: com.dotmarketing.portlets.structure.model.ContentletRelationshipsTest$CardinalityTestCase@4671f5b7]" classname="com.dotmarketing.portlets.structure.model.ContentletRelationshipsTest" time="0.413"/>
  <testcase name="testGetRelationshipRecords[0: com.dotmarketing.portlets.structure.model.ContentletRelationshipsTest$TestCase@7fd1be8c]" classname="com.dotmarketing.portlets.structure.model.ContentletRelationshipsTest" time="1.929"/>
  <testcase name="testGetRelationshipRecords[1: com.dotmarketing.portlets.structure.model.ContentletRelationshipsTest$TestCase@4c49c55b]" classname="com.dotmarketing.portlets.structure.model.ContentletRelationshipsTest" time="1.932"/>
  <testcase name="testGetRelationshipRecords[2: com.dotmarketing.portlets.structure.model.ContentletRelationshipsTest$TestCase@29863a27]" classname="com.dotmarketing.portlets.structure.model.ContentletRelationshipsTest" time="1.707"/>
  <testcase name="testGetRelationshipRecords[3: com.dotmarketing.portlets.structure.model.ContentletRelationshipsTest$TestCase@6013aeed]" classname="com.dotmarketing.portlets.structure.model.ContentletRelationshipsTest" time="1.739"/>
  <system-out><![CDATA[]]></system-out>
  <system-err><![CDATA[]]></system-err>
</testsuite>
