<?xml version="1.0" encoding="UTF-8"?>
<testsuite name="com.dotmarketing.business.DeterministicIdentifierAPITest" tests="16" skipped="0" failures="0" errors="0" timestamp="2023-07-10T23:55:27" hostname="fv-az620-40" time="1.027">
  <properties/>
  <testcase name="Test_Category_Path_Seed_And_Id" classname="com.dotmarketing.business.DeterministicIdentifierAPITest" time="0.032"/>
  <testcase name="Test_Language_Deterministic_Id[0: LanguageTestCase{expectedSeed='Language:es:US', expectedHash=4913155, langCode='es', countryCode='US', country='United States'}]" classname="com.dotmarketing.business.DeterministicIdentifierAPITest" time="0.002"/>
  <testcase name="Test_Language_Deterministic_Id[1: LanguageTestCase{expectedSeed='Language:ep:', expectedHash=5292269, langCode='ep', countryCode='', country=''}]" classname="com.dotmarketing.business.DeterministicIdentifierAPITest" time="0.001"/>
  <testcase name="Test_Language_Deterministic_Id[2: LanguageTestCase{expectedSeed='Language:sg:SAG', expectedHash=4713118, langCode='sg', countryCode='SAG', country=''}]" classname="com.dotmarketing.business.DeterministicIdentifierAPITest" time="0.001"/>
  <testcase name="Test_Language_Deterministic_Id[3: LanguageTestCase{expectedSeed='Language:en:NZ', expectedHash=5382528, langCode='en', countryCode='NZ', country='New Zealand'}]" classname="com.dotmarketing.business.DeterministicIdentifierAPITest" time="0.001"/>
  <testcase name="Test_Category_None_Persisted_Category_Should_Return_Deterministic_Id" classname="com.dotmarketing.business.DeterministicIdentifierAPITest" time="0.002"/>
  <testcase name="Test_Asset_Generate_Deterministic_Id_Best_Effort[0: TestCase{versionable=my.host1689032897677.com, parent=System Host, expectedName='my.host1689032897677.com', expectedType='Host'}]" classname="com.dotmarketing.business.DeterministicIdentifierAPITest" time="0.004"/>
  <testcase name="Test_Asset_Generate_Deterministic_Id_Best_Effort[1: TestCase{versionable=com.dotmarketing.portlets.contentlet.model.Contentlet@2dbce158[map={modDate=2023-07-10 23:48:18.24, fileName=file15906802988643555769.txt, title=file15906802988643555769.txt, inode=698a63cf-d39f-422b-8ce5-3b821df47299, __IS_NEW_CONTENT__=true, disabledWYSIWYG=[], host=9493858e-ada6-4ebd-8ba4-b9a5fa705f36, stInode=33888b6f-7a8e-4069-b1b6-5c1aa9d0a48d, owner=system, identifier=d6432d01-f9dd-4e3b-af4e-bb741e1999f4, nullProperties=[wfExpireDate, wfPublishDate, wfActionAssign, wfActionId, wfActionComments, filterKey, whereToSend, wfNeverExpire, _path_to_move, timezoneId, iWantTo, wfPublishTime, wfExpireTime], languageId=1, fileAsset=/home/runner/work/core/custom/assets/6/9/698a63cf-d39f-422b-8ce5-3b821df47299/fileAsset/file15906802988643555769.txt, folder=5278e892-4eba-41db-b1c8-9d92e99e90fc, __disable_workflow__=true, sortOrder=0, modUser=system},lowIndexPriority=false,variantId=DEFAULT], parent=com.dotmarketing.portlets.folders.model.Folder@3b1056f6[identifier=5278e892-4eba-41db-b1c8-9d92e99e90fc,name=testName1689032898233,sortOrder=0,showOnMenu=false,hostId=9493858e-ada6-4ebd-8ba4-b9a5fa705f36,type=folder,title=testTitle1689032898233,filesMasks=,defaultFileType=33888b6f-7a8e-4069-b1b6-5c1aa9d0a48d,modDate=2023-07-10 23:48:18.236,owner=&lt;null&gt;,iDate=2023-07-10 23:48:18.236,inode=5278e892-4eba-41db-b1c8-9d92e99e90fc,path=/testName1689032898233/], expectedName='file15906802988643555769.txt', expectedType='FileAsset'}]" classname="com.dotmarketing.business.DeterministicIdentifierAPITest" time="0.005"/>
  <testcase name="Test_Asset_Generate_Deterministic_Id_Best_Effort[2: TestCase{versionable=com.dotmarketing.portlets.templates.model.Template@657b40fb, parent=my.host1689032897677.com, expectedName='testTitle1689032898368', expectedType='Template'}]" classname="com.dotmarketing.business.DeterministicIdentifierAPITest" time="0.002"/>
  <testcase name="Test_Asset_Generate_Deterministic_Id_Best_Effort[3: TestCase{versionable=com.dotmarketing.portlets.htmlpageasset.model.HTMLPageAsset@4395edd7[map={template=69218e5c-aea0-4bb9-b541-36d75e65b841, owner=system, identifier=73129f30-10f7-4917-9abf-4a24b8eee517, nullProperties=[wfExpireDate, wfPublishDate, wfActionAssign, wfActionId, wfActionComments, filterKey, whereToSend, wfNeverExpire, _path_to_move, timezoneId, iWantTo, wfPublishTime, wfExpireTime], modDate=2023-07-10 23:48:18.396, cachettl=0, _is_test_mode=true, languageId=1, title=test-page-title-1689032898392, httpsreq=, url=test-page-url-1689032898392, showOnMenu=, inode=bf626465-5efd-4300-a2bd-7431425c8f28, folder=5278e892-4eba-41db-b1c8-9d92e99e90fc, disabledWYSIWYG=[], sortOrder=1, modUser=system, host=9493858e-ada6-4ebd-8ba4-b9a5fa705f36, stInode=c541abb1-69b3-4bc5-8430-5e09e5239cc8, friendlyName=test-page-friendly-name-1689032898392},lowIndexPriority=false,variantId=DEFAULT], parent=com.dotmarketing.portlets.folders.model.Folder@3b1056f6[identifier=5278e892-4eba-41db-b1c8-9d92e99e90fc,name=testName1689032898233,sortOrder=0,showOnMenu=false,hostId=9493858e-ada6-4ebd-8ba4-b9a5fa705f36,type=folder,title=testTitle1689032898233,filesMasks=,defaultFileType=33888b6f-7a8e-4069-b1b6-5c1aa9d0a48d,modDate=2023-07-10 23:48:18.236,owner=&lt;null&gt;,iDate=2023-07-10 23:48:18.236,inode=5278e892-4eba-41db-b1c8-9d92e99e90fc,path=/testName1689032898233/], expectedName='test-page-url-1689032898392', expectedType='htmlpageasset'}]" classname="com.dotmarketing.business.DeterministicIdentifierAPITest" time="0.003"/>
  <testcase name="Test_Asset_Generate_Deterministic_Id_Best_Effort[4: TestCase{versionable=com.dotmarketing.portlets.contentlet.model.Contentlet@59d47473[map={fileAsset2=/home/runner/work/core/custom/assets/4/2/421db212-9985-41e7-ae3f-b22a5f7b5189/fileAsset2/test_binary1689032900295.png, modDate=2023-07-10 23:48:20.3, fileAsset1=/home/runner/work/core/custom/assets/4/2/421db212-9985-41e7-ae3f-b22a5f7b5189/fileAsset1/test_binary1689032900295.jpg, title=blah, inode=421db212-9985-41e7-ae3f-b22a5f7b5189, __IS_NEW_CONTENT__=true, disabledWYSIWYG=[], host=48190c8c-42c4-46af-8d1a-0cd5db894797, stInode=1b1cd204-3b9a-4c2b-aa79-85d299fc82ed, owner=system, identifier=13108a6b-86bf-4cd5-92f3-5240225a9cad, nullProperties=[], languageId=1, image1=5a52d8b8-32ae-477a-aff4-d60c9e77f6d7, folder=SYSTEM_FOLDER, __disable_workflow__=true, sortOrder=0, modUser=system},lowIndexPriority=false,variantId=DEFAULT], parent=demo.dotcms.com, expectedName='test_binary1689032900295.jpg:test_binary1689032900295.png', expectedType='MultipleBinaries1689032898663'}]" classname="com.dotmarketing.business.DeterministicIdentifierAPITest" time="0.006"/>
  <testcase name="Test_Asset_Generate_Deterministic_Id_Best_Effort[5: TestCase{versionable=nameb313c622d9 : keyTagb313c622d9, parent=my.host1689032897677.com, expectedName='keyTagb313c622d9', expectedType='persona'}]" classname="com.dotmarketing.business.DeterministicIdentifierAPITest" time="0.009"/>
  <testcase name="Test_Similar_Content_Type_Wont_Clash" classname="com.dotmarketing.business.DeterministicIdentifierAPITest" time="0.582"/>
  <testcase name="Test_Generate_Folder_Identifier" classname="com.dotmarketing.business.DeterministicIdentifierAPITest" time="0.36"/>
  <testcase name="Test_Generate_Content_Type_Identifier[0: ContentTypeTestCase{contentType=KeyValueContentType{name=Language Variable, id=f4d7c1b8-2c88-4071-abf1-a5328977b07d, description=Default Content Type for Language Variables, defaultType=false, fixed=true, iDate=Thu Aug 31 16:38:49 UTC 2017, system=true, versionable=true, variable=Languagevariable, modDate=Mon Jul 10 22:34:51 UTC 2023, host=SYSTEM_HOST, siteName=systemHost, icon=language, sortOrder=0, folder=SYSTEM_FOLDER, folderPath=/, markedForDeletion=true, multilingualable=false}, expectedName='Languagevariable', expectedType='KeyValue'}]" classname="com.dotmarketing.business.DeterministicIdentifierAPITest" time="0.006"/>
  <testcase name="Test_Generate_Content_Type_Identifier[1: ContentTypeTestCase{contentType=SimpleContentType{name=testName1689032900853, id=d71ada8b-f6ec-4c98-b484-ff6363fcd487, description=testDescription1689032900853, defaultType=false, fixed=false, iDate=Mon Jul 10 23:48:20 UTC 2023, system=false, versionable=true, multilingualable=false, variable=testVarname1689032900853, owner=system, modDate=Mon Jul 10 23:48:21 UTC 2023, host=48190c8c-42c4-46af-8d1a-0cd5db894797, siteName=demo.dotcms.com, icon=event_note, sortOrder=0, folder=SYSTEM_FOLDER, folderPath=/, requiredFields=[], markedForDeletion=false}, expectedName='testVarname1689032900853', expectedType='CONTENT'}]" classname="com.dotmarketing.business.DeterministicIdentifierAPITest" time="0.005"/>
  <system-out><![CDATA[]]></system-out>
  <system-err><![CDATA[]]></system-err>
</testsuite>
