<?xml version="1.0" encoding="UTF-8"?>
<testsuite name="com.dotcms.rest.elasticsearch.ESContentResourcePortletTest" tests="8" skipped="0" failures="0" errors="0" timestamp="2023-07-13T16:55:24" hostname="fv-az262-63" time="9.87">
  <properties/>
  <testcase name="test_search_includeGrandChildCategory_success" classname="com.dotcms.rest.elasticsearch.ESContentResourcePortletTest" time="1.532"/>
  <testcase name="testSearch[0: com.dotcms.rest.elasticsearch.ESContentResourcePortletTest$TestCase@2ecd6e0]" classname="com.dotcms.rest.elasticsearch.ESContentResourcePortletTest" time="1.183"/>
  <testcase name="testSearch[1: com.dotcms.rest.elasticsearch.ESContentResourcePortletTest$TestCase@154ada8]" classname="com.dotcms.rest.elasticsearch.ESContentResourcePortletTest" time="1.333"/>
  <testcase name="testSearch[2: com.dotcms.rest.elasticsearch.ESContentResourcePortletTest$TestCase@4ceaf4a2]" classname="com.dotcms.rest.elasticsearch.ESContentResourcePortletTest" time="0.981"/>
  <testcase name="testSearch[3: com.dotcms.rest.elasticsearch.ESContentResourcePortletTest$TestCase@f3da99e]" classname="com.dotcms.rest.elasticsearch.ESContentResourcePortletTest" time="1.306"/>
  <testcase name="testSearch[4: com.dotcms.rest.elasticsearch.ESContentResourcePortletTest$TestCase@6b02254f]" classname="com.dotcms.rest.elasticsearch.ESContentResourcePortletTest" time="1.408"/>
  <testcase name="testSearch[5: com.dotcms.rest.elasticsearch.ESContentResourcePortletTest$TestCase@4f9ffc6a]" classname="com.dotcms.rest.elasticsearch.ESContentResourcePortletTest" time="0.983"/>
  <testcase name="testSearch[6: com.dotcms.rest.elasticsearch.ESContentResourcePortletTest$TestCase@544b4edf]" classname="com.dotcms.rest.elasticsearch.ESContentResourcePortletTest" time="1.143"/>
  <system-out><![CDATA[]]></system-out>
  <system-err><![CDATA[]]></system-err>
</testsuite>
