<?xml version="1.0" encoding="UTF-8"?>
<testsuite name="com.dotcms.rest.TagResourceIntegrationTest" tests="4" skipped="0" failures="0" errors="0" timestamp="2023-07-11T02:59:59" hostname="fv-az407-783" time="0.244">
  <properties/>
  <testcase name="testList[0: com.dotcms.rest.TagResourceTestCase@70e77a57]" classname="com.dotcms.rest.TagResourceIntegrationTest" time="0.179"/>
  <testcase name="testList[1: com.dotcms.rest.TagResourceTestCase@325fcda2]" classname="com.dotcms.rest.TagResourceIntegrationTest" time="0.034"/>
  <testcase name="testList[2: com.dotcms.rest.TagResourceTestCase@464febc3]" classname="com.dotcms.rest.TagResourceIntegrationTest" time="0.015"/>
  <testcase name="testList[3: com.dotcms.rest.TagResourceTestCase@1d160902]" classname="com.dotcms.rest.TagResourceIntegrationTest" time="0.016"/>
  <system-out><![CDATA[]]></system-out>
  <system-err><![CDATA[Jul 11, 2023 2:59:59 AM com.dotcms.repackage.org.hibernate.validator.internal.util.Version <clinit>
INFO: HV000001: Hibernate Validator 4.3.2.Final
]]></system-err>
</testsuite>
