<?xml version="1.0" encoding="UTF-8"?>
<testsuite name="com.dotmarketing.quartz.DotStatefulJobTest" tests="4" skipped="0" failures="0" errors="0" timestamp="2023-07-20T08:26:43" hostname="fv-az313-957" time="48.329">
  <properties/>
  <testcase name="Test_Launch_Stateful_Jobs_Verify_They_Dont_Overlap_In_Time" classname="com.dotmarketing.quartz.DotStatefulJobTest" time="28.313"/>
  <testcase name="Test_Schedule_Task_Make_It_Start_Later_Expect_No_Exception" classname="com.dotmarketing.quartz.DotStatefulJobTest" time="10.007"/>
  <testcase name="Test_Stateful_Job_Utility_Methods" classname="com.dotmarketing.quartz.DotStatefulJobTest" time="0.002"/>
  <testcase name="Test_Schedule_Task_Make_It_Start_Later_Expect_SchedulerException" classname="com.dotmarketing.quartz.DotStatefulJobTest" time="10.006"/>
  <system-out><![CDATA[]]></system-out>
  <system-err><![CDATA[]]></system-err>
</testsuite>
