<?xml version="1.0" encoding="UTF-8"?>
<testsuite name="com.dotmarketing.business.DeterministicIdentifierAPITest" tests="16" skipped="0" failures="0" errors="0" timestamp="2023-06-30T23:32:00" hostname="fv-az262-663" time="0.903">
  <properties/>
  <testcase name="Test_Category_Path_Seed_And_Id" classname="com.dotmarketing.business.DeterministicIdentifierAPITest" time="0.025"/>
  <testcase name="Test_Language_Deterministic_Id[0: LanguageTestCase{expectedSeed='Language:es:US', expectedHash=4913155, langCode='es', countryCode='US', country='United States'}]" classname="com.dotmarketing.business.DeterministicIdentifierAPITest" time="0.001"/>
  <testcase name="Test_Language_Deterministic_Id[1: LanguageTestCase{expectedSeed='Language:ep:', expectedHash=5292269, langCode='ep', countryCode='', country=''}]" classname="com.dotmarketing.business.DeterministicIdentifierAPITest" time="0.001"/>
  <testcase name="Test_Language_Deterministic_Id[2: LanguageTestCase{expectedSeed='Language:sg:SAG', expectedHash=4713118, langCode='sg', countryCode='SAG', country=''}]" classname="com.dotmarketing.business.DeterministicIdentifierAPITest" time="0.001"/>
  <testcase name="Test_Language_Deterministic_Id[3: LanguageTestCase{expectedSeed='Language:en:NZ', expectedHash=5382528, langCode='en', countryCode='NZ', country='New Zealand'}]" classname="com.dotmarketing.business.DeterministicIdentifierAPITest" time="0.001"/>
  <testcase name="Test_Category_None_Persisted_Category_Should_Return_Deterministic_Id" classname="com.dotmarketing.business.DeterministicIdentifierAPITest" time="0.002"/>
  <testcase name="Test_Asset_Generate_Deterministic_Id_Best_Effort[0: TestCase{versionable=my.host1688167496175.com, parent=System Host, expectedName='my.host1688167496175.com', expectedType='Host'}]" classname="com.dotmarketing.business.DeterministicIdentifierAPITest" time="0.004"/>
  <testcase name="Test_Asset_Generate_Deterministic_Id_Best_Effort[1: TestCase{versionable=com.dotmarketing.portlets.contentlet.model.Contentlet@531cbae3[map={modDate=2023-06-30 23:24:56.792, fileName=file6465523714310454228.txt, title=file6465523714310454228.txt, inode=baac211d-e0a4-40c7-a32e-cb19884afb75, __IS_NEW_CONTENT__=true, disabledWYSIWYG=[], host=c88f479b-0456-4333-9f3a-52fbc8b5f388, stInode=33888b6f-7a8e-4069-b1b6-5c1aa9d0a48d, owner=system, identifier=95a3da2b-9d0b-47d6-968a-ceb9b347c806, nullProperties=[wfExpireDate, wfPublishDate, wfActionAssign, wfActionId, wfActionComments, filterKey, whereToSend, wfNeverExpire, _path_to_move, timezoneId, iWantTo, wfPublishTime, wfExpireTime], languageId=1, fileAsset=/home/runner/work/core/custom/assets/b/a/baac211d-e0a4-40c7-a32e-cb19884afb75/fileAsset/file6465523714310454228.txt, folder=7a9b49d9-85ea-4e94-b84a-c861b039c198, __disable_workflow__=true, sortOrder=0, modUser=system},lowIndexPriority=false,variantId=DEFAULT], parent=com.dotmarketing.portlets.folders.model.Folder@3678e796[identifier=7a9b49d9-85ea-4e94-b84a-c861b039c198,name=testName1688167496783,sortOrder=0,showOnMenu=false,hostId=c88f479b-0456-4333-9f3a-52fbc8b5f388,type=folder,title=testTitle1688167496783,filesMasks=,defaultFileType=33888b6f-7a8e-4069-b1b6-5c1aa9d0a48d,modDate=2023-06-30 23:24:56.787,owner=&lt;null&gt;,iDate=2023-06-30 23:24:56.787,inode=7a9b49d9-85ea-4e94-b84a-c861b039c198,path=/testName1688167496783/], expectedName='file6465523714310454228.txt', expectedType='FileAsset'}]" classname="com.dotmarketing.business.DeterministicIdentifierAPITest" time="0.004"/>
  <testcase name="Test_Asset_Generate_Deterministic_Id_Best_Effort[2: TestCase{versionable=com.dotmarketing.portlets.templates.model.Template@d8924538, parent=my.host1688167496175.com, expectedName='testTitle1688167496910', expectedType='Template'}]" classname="com.dotmarketing.business.DeterministicIdentifierAPITest" time="0.003"/>
  <testcase name="Test_Asset_Generate_Deterministic_Id_Best_Effort[3: TestCase{versionable=com.dotmarketing.portlets.htmlpageasset.model.HTMLPageAsset@e7b2ce5[map={template=fe3111d7-8508-4c03-9b20-39fe26a4597b, owner=system, identifier=1be4aaf3-170f-431b-a12c-a6e6f7366299, nullProperties=[wfExpireDate, wfPublishDate, wfActionAssign, wfActionId, wfActionComments, filterKey, whereToSend, wfNeverExpire, _path_to_move, timezoneId, iWantTo, wfPublishTime, wfExpireTime], modDate=2023-06-30 23:24:56.94, cachettl=0, _is_test_mode=true, languageId=1, title=test-page-title-1688167496935, httpsreq=, url=test-page-url-1688167496935, showOnMenu=, inode=4395937f-3f6e-462c-a0e7-97aee552177d, folder=7a9b49d9-85ea-4e94-b84a-c861b039c198, disabledWYSIWYG=[], sortOrder=1, modUser=system, host=c88f479b-0456-4333-9f3a-52fbc8b5f388, stInode=c541abb1-69b3-4bc5-8430-5e09e5239cc8, friendlyName=test-page-friendly-name-1688167496935},lowIndexPriority=false,variantId=DEFAULT], parent=com.dotmarketing.portlets.folders.model.Folder@3678e796[identifier=7a9b49d9-85ea-4e94-b84a-c861b039c198,name=testName1688167496783,sortOrder=0,showOnMenu=false,hostId=c88f479b-0456-4333-9f3a-52fbc8b5f388,type=folder,title=testTitle1688167496783,filesMasks=,defaultFileType=33888b6f-7a8e-4069-b1b6-5c1aa9d0a48d,modDate=2023-06-30 23:24:56.787,owner=&lt;null&gt;,iDate=2023-06-30 23:24:56.787,inode=7a9b49d9-85ea-4e94-b84a-c861b039c198,path=/testName1688167496783/], expectedName='test-page-url-1688167496935', expectedType='htmlpageasset'}]" classname="com.dotmarketing.business.DeterministicIdentifierAPITest" time="0.003"/>
  <testcase name="Test_Asset_Generate_Deterministic_Id_Best_Effort[4: TestCase{versionable=com.dotmarketing.portlets.contentlet.model.Contentlet@7e7cbd5d[map={fileAsset2=/home/runner/work/core/custom/assets/7/f/7f5cb382-784f-413a-b100-e8e1b7f1a79e/fileAsset2/test_binary1688167498766.png, modDate=2023-06-30 23:24:58.772, fileAsset1=/home/runner/work/core/custom/assets/7/f/7f5cb382-784f-413a-b100-e8e1b7f1a79e/fileAsset1/test_binary1688167498765.jpg, title=blah, inode=7f5cb382-784f-413a-b100-e8e1b7f1a79e, __IS_NEW_CONTENT__=true, disabledWYSIWYG=[], host=48190c8c-42c4-46af-8d1a-0cd5db894797, stInode=58b9a2d7-805b-4c29-9d60-a1c11f800691, owner=system, identifier=64dd40ac-1dfb-46c9-a0ec-a1c28eb69f5c, nullProperties=[], languageId=1, image1=9aa0d095-813b-4bb2-b0d8-b66877d9369c, folder=SYSTEM_FOLDER, __disable_workflow__=true, sortOrder=0, modUser=system},lowIndexPriority=false,variantId=DEFAULT], parent=demo.dotcms.com, expectedName='test_binary1688167498765.jpg:test_binary1688167498766.png', expectedType='MultipleBinaries1688167497150'}]" classname="com.dotmarketing.business.DeterministicIdentifierAPITest" time="0.004"/>
  <testcase name="Test_Asset_Generate_Deterministic_Id_Best_Effort[5: TestCase{versionable=name7bd4a25cf3 : keyTag7bd4a25cf3, parent=my.host1688167496175.com, expectedName='keyTag7bd4a25cf3', expectedType='persona'}]" classname="com.dotmarketing.business.DeterministicIdentifierAPITest" time="0.004"/>
  <testcase name="Test_Similar_Content_Type_Wont_Clash" classname="com.dotmarketing.business.DeterministicIdentifierAPITest" time="0.531"/>
  <testcase name="Test_Generate_Folder_Identifier" classname="com.dotmarketing.business.DeterministicIdentifierAPITest" time="0.305"/>
  <testcase name="Test_Generate_Content_Type_Identifier[0: ContentTypeTestCase{contentType=KeyValueContentType{name=Language Variable, id=f4d7c1b8-2c88-4071-abf1-a5328977b07d, description=Default Content Type for Language Variables, defaultType=false, fixed=true, iDate=Thu Aug 31 16:38:49 UTC 2017, system=true, versionable=true, variable=Languagevariable, modDate=Fri Jun 30 22:13:48 UTC 2023, host=SYSTEM_HOST, siteName=systemHost, icon=language, sortOrder=0, folder=SYSTEM_FOLDER, folderPath=/, markedForDeletion=true, multilingualable=false}, expectedName='Languagevariable', expectedType='KeyValue'}]" classname="com.dotmarketing.business.DeterministicIdentifierAPITest" time="0.005"/>
  <testcase name="Test_Generate_Content_Type_Identifier[1: ContentTypeTestCase{contentType=SimpleContentType{name=testName1688167499202, id=b3595792-2f9f-4754-9182-6cca7582538b, description=testDescription1688167499202, defaultType=false, fixed=false, iDate=Fri Jun 30 23:24:59 UTC 2023, system=false, versionable=true, multilingualable=false, variable=testVarname1688167499202, owner=system, modDate=Fri Jun 30 23:25:00 UTC 2023, host=48190c8c-42c4-46af-8d1a-0cd5db894797, siteName=demo.dotcms.com, icon=event_note, sortOrder=0, folder=SYSTEM_FOLDER, folderPath=/, requiredFields=[], markedForDeletion=false}, expectedName='testVarname1688167499202', expectedType='CONTENT'}]" classname="com.dotmarketing.business.DeterministicIdentifierAPITest" time="0.006"/>
  <system-out><![CDATA[]]></system-out>
  <system-err><![CDATA[]]></system-err>
</testsuite>
