<?xml version="1.0" encoding="UTF-8"?>
<testsuite name="com.dotcms.contenttype.business.StoryBlockAPITest" tests="7" skipped="0" failures="0" errors="0" timestamp="2023-07-18T21:12:09" hostname="fv-az553-913" time="2.82">
  <properties/>
  <testcase name="test_get_dependencies_with_non_json_value" classname="com.dotcms.contenttype.business.StoryBlockAPITest" time="0.001"/>
  <testcase name="test_get_dependencies" classname="com.dotcms.contenttype.business.StoryBlockAPITest" time="1.265"/>
  <testcase name="test_refresh_references_on_self_reference" classname="com.dotcms.contenttype.business.StoryBlockAPITest" time="0.002"/>
  <testcase name="test_get_dependencies_with_bad_content_value" classname="com.dotcms.contenttype.business.StoryBlockAPITest" time="0.001"/>
  <testcase name="test_refresh_references" classname="com.dotcms.contenttype.business.StoryBlockAPITest" time="1.548"/>
  <testcase name="test_get_dependencies_with_empty_json_value" classname="com.dotcms.contenttype.business.StoryBlockAPITest" time="0.001"/>
  <testcase name="test_get_refreshStoryBlockValueReferences_with_bad_content_value" classname="com.dotcms.contenttype.business.StoryBlockAPITest" time="0.001"/>
  <system-out><![CDATA[]]></system-out>
  <system-err><![CDATA[]]></system-err>
</testsuite>
