<?xml version="1.0" encoding="UTF-8"?>
<testsuite name="com.dotmarketing.servlets.ajax.AjaxDirectorServletIntegrationTest" tests="2" skipped="0" failures="0" errors="0" timestamp="2023-06-29T20:29:47" hostname="fv-az254-767" time="2.029">
  <properties/>
  <testcase name="testService[0: com.dotmarketing.servlets.ajax.AjaxDirectorServletTestCase@74778eed]" classname="com.dotmarketing.servlets.ajax.AjaxDirectorServletIntegrationTest" time="0.82"/>
  <testcase name="testService[1: com.dotmarketing.servlets.ajax.AjaxDirectorServletTestCase@416697c4]" classname="com.dotmarketing.servlets.ajax.AjaxDirectorServletIntegrationTest" time="1.209"/>
  <system-out><![CDATA[]]></system-out>
  <system-err><![CDATA[]]></system-err>
</testsuite>
