<?xml version="1.0" encoding="UTF-8"?>
<testsuite name="com.dotmarketing.portlets.links.business.MenuLinkAPITest" tests="5" skipped="0" failures="0" errors="0" timestamp="2023-07-05T23:54:31" hostname="fv-az1231-758" time="1.253">
  <properties/>
  <testcase name="testFind_InodeNotExists_ReturnNotFoundInDBException" classname="com.dotmarketing.portlets.links.business.MenuLinkAPITest" time="1.005"/>
  <testcase name="move" classname="com.dotmarketing.portlets.links.business.MenuLinkAPITest" time="0.187"/>
  <testcase name="save" classname="com.dotmarketing.portlets.links.business.MenuLinkAPITest" time="0.022"/>
  <testcase name="testFindLinks" classname="com.dotmarketing.portlets.links.business.MenuLinkAPITest" time="0.028"/>
  <testcase name="testFind_returnLink" classname="com.dotmarketing.portlets.links.business.MenuLinkAPITest" time="0.01"/>
  <system-out><![CDATA[]]></system-out>
  <system-err><![CDATA[]]></system-err>
</testsuite>
