<?xml version="1.0" encoding="UTF-8"?>
<testsuite name="com.dotmarketing.filters.AutoLoginFilterTest" tests="1" skipped="0" failures="0" errors="0" timestamp="2023-07-17T21:52:02" hostname="fv-az561-617" time="0.115">
  <properties/>
  <testcase name="shouldReturnOkWithLogoutRequest" classname="com.dotmarketing.filters.AutoLoginFilterTest" time="0.115"/>
  <system-out><![CDATA[]]></system-out>
  <system-err><![CDATA[]]></system-err>
</testsuite>
