<?xml version="1.0" encoding="UTF-8"?>
<testsuite name="com.dotmarketing.startup.runonce.Task211012AddCompanyDefaultLanguageTest" tests="3" skipped="0" failures="0" errors="0" timestamp="2023-07-21T18:45:20" hostname="fv-az454-899" time="0.037">
  <properties/>
  <testcase name="Test_UpgradeTask_None_Existing_Language_Property" classname="com.dotmarketing.startup.runonce.Task211012AddCompanyDefaultLanguageTest" time="0.015"/>
  <testcase name="Test_UpgradeTask_Success" classname="com.dotmarketing.startup.runonce.Task211012AddCompanyDefaultLanguageTest" time="0.008"/>
  <testcase name="Test_UpgradeTask_Added_New_Language_Success" classname="com.dotmarketing.startup.runonce.Task211012AddCompanyDefaultLanguageTest" time="0.013"/>
  <system-out><![CDATA[]]></system-out>
  <system-err><![CDATA[]]></system-err>
</testsuite>
