<?xml version="1.0" encoding="UTF-8"?>
<testsuite name="com.dotmarketing.factories.PublishFactoryTest" tests="5" skipped="0" failures="0" errors="0" timestamp="2023-06-30T23:10:35" hostname="fv-az262-663" time="20.271">
  <properties/>
  <testcase name="test_publishHTMLPage_should_remove_cached_page" classname="com.dotmarketing.factories.PublishFactoryTest" time="6.785"/>
  <testcase name="test_publishHTMLPage_pageUsingFileTemplate_success" classname="com.dotmarketing.factories.PublishFactoryTest" time="4.1"/>
  <testcase name="testPublishHTMLPageWithContentWithFuturePublishDate" classname="com.dotmarketing.factories.PublishFactoryTest" time="3.237"/>
  <testcase name="testPublishHTMLPageWithExperiredContent" classname="com.dotmarketing.factories.PublishFactoryTest" time="2.921"/>
  <testcase name="testPublishHTMLPageWithExperiredAndFutureContent" classname="com.dotmarketing.factories.PublishFactoryTest" time="3.228"/>
  <system-out><![CDATA[]]></system-out>
  <system-err><![CDATA[]]></system-err>
</testsuite>
