<?xml version="1.0" encoding="UTF-8"?>
<testsuite name="com.dotmarketing.portlets.browser.ajax.BrowserAjaxTest" tests="3" skipped="0" failures="0" errors="0" timestamp="2023-06-23T19:59:17" hostname="fv-az162-375" time="0.057">
  <properties/>
  <testcase name="testFolderTreeInfoWithInvalidFolderId" classname="com.dotmarketing.portlets.browser.ajax.BrowserAjaxTest" time="0.048"/>
  <testcase name="testSelectingSiteRoot" classname="com.dotmarketing.portlets.browser.ajax.BrowserAjaxTest" time="0.002"/>
  <testcase name="testExpectedFolderTreeInfo" classname="com.dotmarketing.portlets.browser.ajax.BrowserAjaxTest" time="0.006"/>
  <system-out><![CDATA[]]></system-out>
  <system-err><![CDATA[]]></system-err>
</testsuite>
