<?xml version="1.0" encoding="UTF-8"?>
<testsuite name="com.dotcms.contenttype.test.ContentResourceTest" tests="52" skipped="0" failures="0" errors="0" timestamp="2023-06-22T18:30:51" hostname="fv-az419-343" time="170.196">
  <properties/>
  <testcase name="testGetContentShouldReturnIconDetails" classname="com.dotcms.contenttype.test.ContentResourceTest" time="1.745"/>
  <testcase name="Test_Save_Action_Set_Words_To_Required_NumericField_Issue_15340" classname="com.dotcms.contenttype.test.ContentResourceTest" time="1.084"/>
  <testcase name="test_getContent_includeGrandChildCategory_success" classname="com.dotcms.contenttype.test.ContentResourceTest" time="1.542"/>
  <testcase name="testGetContentWithRelatedParameter[0: com.dotcms.contenttype.test.ContentResourceTest$PullRelatedTestCase@15817b39]" classname="com.dotcms.contenttype.test.ContentResourceTest" time="4.522"/>
  <testcase name="testGetContentWithRelatedParameter[1: com.dotcms.contenttype.test.ContentResourceTest$PullRelatedTestCase@4d42cf9e]" classname="com.dotcms.contenttype.test.ContentResourceTest" time="4.358"/>
  <testcase name="testGetContentWithRelatedParameter[2: com.dotcms.contenttype.test.ContentResourceTest$PullRelatedTestCase@49a1ebbf]" classname="com.dotcms.contenttype.test.ContentResourceTest" time="4.605"/>
  <testcase name="testGetContentWithRelatedParameter[3: com.dotcms.contenttype.test.ContentResourceTest$PullRelatedTestCase@4b250ecb]" classname="com.dotcms.contenttype.test.ContentResourceTest" time="4.101"/>
  <testcase name="testGetContentWithRelatedParameter[4: com.dotcms.contenttype.test.ContentResourceTest$PullRelatedTestCase@55e3fc25]" classname="com.dotcms.contenttype.test.ContentResourceTest" time="4.518"/>
  <testcase name="test_getContent_SelfRelatedWith3LevelsOfDepth_shouldReturnRelationships" classname="com.dotcms.contenttype.test.ContentResourceTest" time="1.673"/>
  <testcase name="Test_Save_Action_Send_Fields_SubSet_Issue_15340" classname="com.dotcms.contenttype.test.ContentResourceTest" time="3.191"/>
  <testcase name="test_getContent_shouldReturnRelationships[0: com.dotcms.contenttype.test.ContentResourceTest$TestCase@e06f738]" classname="com.dotcms.contenttype.test.ContentResourceTest" time="3.393"/>
  <testcase name="test_getContent_shouldReturnRelationships[1: com.dotcms.contenttype.test.ContentResourceTest$TestCase@48bc0954]" classname="com.dotcms.contenttype.test.ContentResourceTest" time="3.844"/>
  <testcase name="test_getContent_shouldReturnRelationships[2: com.dotcms.contenttype.test.ContentResourceTest$TestCase@2b0c15de]" classname="com.dotcms.contenttype.test.ContentResourceTest" time="3.713"/>
  <testcase name="test_getContent_shouldReturnRelationships[3: com.dotcms.contenttype.test.ContentResourceTest$TestCase@6144c64e]" classname="com.dotcms.contenttype.test.ContentResourceTest" time="3.77"/>
  <testcase name="test_getContent_shouldReturnRelationships[4: com.dotcms.contenttype.test.ContentResourceTest$TestCase@58424269]" classname="com.dotcms.contenttype.test.ContentResourceTest" time="3.481"/>
  <testcase name="test_getContent_shouldReturnRelationships[5: com.dotcms.contenttype.test.ContentResourceTest$TestCase@709c069c]" classname="com.dotcms.contenttype.test.ContentResourceTest" time="3.621"/>
  <testcase name="test_getContent_shouldReturnRelationships[6: com.dotcms.contenttype.test.ContentResourceTest$TestCase@3b755fb4]" classname="com.dotcms.contenttype.test.ContentResourceTest" time="3.516"/>
  <testcase name="test_getContent_shouldReturnRelationships[7: com.dotcms.contenttype.test.ContentResourceTest$TestCase@7c448822]" classname="com.dotcms.contenttype.test.ContentResourceTest" time="3.426"/>
  <testcase name="test_getContent_shouldReturnRelationships[8: com.dotcms.contenttype.test.ContentResourceTest$TestCase@36dfccc9]" classname="com.dotcms.contenttype.test.ContentResourceTest" time="3.611"/>
  <testcase name="test_getContent_shouldReturnRelationships[9: com.dotcms.contenttype.test.ContentResourceTest$TestCase@26678468]" classname="com.dotcms.contenttype.test.ContentResourceTest" time="3.782"/>
  <testcase name="test_getContent_shouldReturnRelationships[10: com.dotcms.contenttype.test.ContentResourceTest$TestCase@37fef7ef]" classname="com.dotcms.contenttype.test.ContentResourceTest" time="3.405"/>
  <testcase name="test_getContent_shouldReturnRelationships[11: com.dotcms.contenttype.test.ContentResourceTest$TestCase@6f236caa]" classname="com.dotcms.contenttype.test.ContentResourceTest" time="3.261"/>
  <testcase name="test_getContent_shouldReturnRelationships[12: com.dotcms.contenttype.test.ContentResourceTest$TestCase@27524c03]" classname="com.dotcms.contenttype.test.ContentResourceTest" time="2.346"/>
  <testcase name="test_getContent_shouldReturnRelationships[13: com.dotcms.contenttype.test.ContentResourceTest$TestCase@3d0cc845]" classname="com.dotcms.contenttype.test.ContentResourceTest" time="3.556"/>
  <testcase name="test_getContent_shouldReturnRelationships[14: com.dotcms.contenttype.test.ContentResourceTest$TestCase@7d8d0184]" classname="com.dotcms.contenttype.test.ContentResourceTest" time="3.272"/>
  <testcase name="test_getContent_shouldReturnRelationships[15: com.dotcms.contenttype.test.ContentResourceTest$TestCase@93f64a3]" classname="com.dotcms.contenttype.test.ContentResourceTest" time="4.307"/>
  <testcase name="test_getContent_shouldReturnRelationships[16: com.dotcms.contenttype.test.ContentResourceTest$TestCase@3cb803d3]" classname="com.dotcms.contenttype.test.ContentResourceTest" time="4.289"/>
  <testcase name="test_getContent_shouldReturnRelationships[17: com.dotcms.contenttype.test.ContentResourceTest$TestCase@67adbae1]" classname="com.dotcms.contenttype.test.ContentResourceTest" time="3.584"/>
  <testcase name="test_getContent_shouldReturnRelationships[18: com.dotcms.contenttype.test.ContentResourceTest$TestCase@72b906b1]" classname="com.dotcms.contenttype.test.ContentResourceTest" time="3.509"/>
  <testcase name="test_getContent_shouldReturnRelationships[19: com.dotcms.contenttype.test.ContentResourceTest$TestCase@516e39]" classname="com.dotcms.contenttype.test.ContentResourceTest" time="3.636"/>
  <testcase name="test_getContent_shouldReturnRelationships[20: com.dotcms.contenttype.test.ContentResourceTest$TestCase@7c8b437b]" classname="com.dotcms.contenttype.test.ContentResourceTest" time="3.763"/>
  <testcase name="test_getContent_shouldReturnRelationships[21: com.dotcms.contenttype.test.ContentResourceTest$TestCase@767b94b9]" classname="com.dotcms.contenttype.test.ContentResourceTest" time="4.26"/>
  <testcase name="test_getContent_shouldReturnRelationships[22: com.dotcms.contenttype.test.ContentResourceTest$TestCase@4c4d9849]" classname="com.dotcms.contenttype.test.ContentResourceTest" time="3.562"/>
  <testcase name="test_getContent_shouldReturnRelationships[23: com.dotcms.contenttype.test.ContentResourceTest$TestCase@4766075f]" classname="com.dotcms.contenttype.test.ContentResourceTest" time="3.377"/>
  <testcase name="test_getContent_shouldReturnRelationships[24: com.dotcms.contenttype.test.ContentResourceTest$TestCase@61501453]" classname="com.dotcms.contenttype.test.ContentResourceTest" time="3.582"/>
  <testcase name="test_getContent_shouldReturnRelationships[25: com.dotcms.contenttype.test.ContentResourceTest$TestCase@4b249a9c]" classname="com.dotcms.contenttype.test.ContentResourceTest" time="3.93"/>
  <testcase name="test_getContent_shouldReturnRelationships[26: com.dotcms.contenttype.test.ContentResourceTest$TestCase@6b0bdc61]" classname="com.dotcms.contenttype.test.ContentResourceTest" time="2.878"/>
  <testcase name="test_getContent_shouldReturnRelationships[27: com.dotcms.contenttype.test.ContentResourceTest$TestCase@1ca072a0]" classname="com.dotcms.contenttype.test.ContentResourceTest" time="3.642"/>
  <testcase name="test_getContent_shouldReturnRelationships[28: com.dotcms.contenttype.test.ContentResourceTest$TestCase@7db31feb]" classname="com.dotcms.contenttype.test.ContentResourceTest" time="3.307"/>
  <testcase name="test_getContent_shouldReturnRelationships[29: com.dotcms.contenttype.test.ContentResourceTest$TestCase@12ac9abb]" classname="com.dotcms.contenttype.test.ContentResourceTest" time="3.376"/>
  <testcase name="test_getContent_shouldReturnRelationships[30: com.dotcms.contenttype.test.ContentResourceTest$TestCase@2771b45b]" classname="com.dotcms.contenttype.test.ContentResourceTest" time="3.41"/>
  <testcase name="test_getContent_shouldReturnRelationships[31: com.dotcms.contenttype.test.ContentResourceTest$TestCase@38dbe767]" classname="com.dotcms.contenttype.test.ContentResourceTest" time="3.496"/>
  <testcase name="test_getContent_shouldReturnRelationships[32: com.dotcms.contenttype.test.ContentResourceTest$TestCase@5d72ebd0]" classname="com.dotcms.contenttype.test.ContentResourceTest" time="3.524"/>
  <testcase name="test_getContent_shouldReturnRelationships[33: com.dotcms.contenttype.test.ContentResourceTest$TestCase@2bfdcb87]" classname="com.dotcms.contenttype.test.ContentResourceTest" time="4.857"/>
  <testcase name="testSinglePOST_InvalidParamsShouldReturn400[0: ({\n    &quot;stInode&quot; : &quot;InvalidValue&quot;,\n    &quot;numeric&quot; : &quot;0&quot;,\n    &quot;image&quot; : &quot;whatever&quot;\n}, Bad Request)]" classname="com.dotcms.contenttype.test.ContentResourceTest" time="1.023"/>
  <testcase name="testSinglePOST_InvalidParamsShouldReturn400[1: ({\n    &quot;numeric&quot; : &quot;0&quot;,\n    &quot;image&quot; : &quot;whatever&quot;\n}, Bad Request)]" classname="com.dotcms.contenttype.test.ContentResourceTest" time="1.007"/>
  <testcase name="Test_Save_Action_Set_Null_To_Required_NumericField_Issue_15340" classname="com.dotcms.contenttype.test.ContentResourceTest" time="1.064"/>
  <testcase name="Test_Save_Action_Remove_Image_Then_Verify_Fields_Were_Cleared_Issue_15340" classname="com.dotcms.contenttype.test.ContentResourceTest" time="4.507"/>
  <testcase name="test_getContentWithMultipleSelfRelated_shouldReturnRelationships[0: com.dotcms.contenttype.test.ContentResourceTest$PullSelfRelatedTestCase@66034e57]" classname="com.dotcms.contenttype.test.ContentResourceTest" time="2.264"/>
  <testcase name="test_getContentWithMultipleSelfRelated_shouldReturnRelationships[1: com.dotcms.contenttype.test.ContentResourceTest$PullSelfRelatedTestCase@2c65152c]" classname="com.dotcms.contenttype.test.ContentResourceTest" time="2.049"/>
  <testcase name="testGetContentWithAllCategoriesInfo[0: json]" classname="com.dotcms.contenttype.test.ContentResourceTest" time="2.938"/>
  <testcase name="testGetContentWithAllCategoriesInfo[1: xml]" classname="com.dotcms.contenttype.test.ContentResourceTest" time="1.717"/>
  <system-out><![CDATA[











]]></system-out>
  <system-err><![CDATA[]]></system-err>
</testsuite>
