<?xml version="1.0" encoding="UTF-8"?>
<testsuite name="com.dotmarketing.portlets.linkchecker.business.LinkCheckerAPITest" tests="1" skipped="0" failures="0" errors="0" timestamp="2023-06-22T19:01:55" hostname="fv-az419-343" time="13.344">
  <properties/>
  <testcase name="findInvalidLinks" classname="com.dotmarketing.portlets.linkchecker.business.LinkCheckerAPITest" time="13.344"/>
  <system-out><![CDATA[



]]></system-out>
  <system-err><![CDATA[]]></system-err>
</testsuite>
