<?xml version="1.0" encoding="UTF-8"?>
<testsuite name="com.dotmarketing.filters.CMSUrlUtilIntegrationTest" tests="7" skipped="0" failures="0" errors="0" timestamp="2023-06-23T19:47:52" hostname="fv-az248-890" time="4.872">
  <properties/>
  <testcase name="whenResolveResourceType_shouldReturnATupleWithPageAndNone" classname="com.dotmarketing.filters.CMSUrlUtilIntegrationTest" time="1.197"/>
  <testcase name="shouldReturnATupleWithFalseAndNone" classname="com.dotmarketing.filters.CMSUrlUtilIntegrationTest" time="0.172"/>
  <testcase name="shouldReturnATupleWithTrueAndPageUrlMap" classname="com.dotmarketing.filters.CMSUrlUtilIntegrationTest" time="1.162"/>
  <testcase name="shouldReturnATupleWithTrueAndNone" classname="com.dotmarketing.filters.CMSUrlUtilIntegrationTest" time="1.195"/>
  <testcase name="whenResolveResourceType_shouldReturnATupleWithPageAndPageUrlMap" classname="com.dotmarketing.filters.CMSUrlUtilIntegrationTest" time="1.13"/>
  <testcase name="whenResolveResourceType_shouldReturnATupleWithFolderAndNone" classname="com.dotmarketing.filters.CMSUrlUtilIntegrationTest" time="0.01"/>
  <testcase name="whenResolveResourceType_shouldReturnATupleWithPageAndPageIndex" classname="com.dotmarketing.filters.CMSUrlUtilIntegrationTest" time="0.006"/>
  <system-out><![CDATA[]]></system-out>
  <system-err><![CDATA[]]></system-err>
</testsuite>
