<?xml version="1.0" encoding="UTF-8"?>
<testsuite name="com.dotmarketing.portlets.structure.model.ContentletRelationshipsTest" tests="7" skipped="0" failures="0" errors="0" timestamp="2023-07-18T00:40:26" hostname="fv-az254-523" time="9.058">
  <properties/>
  <testcase name="testDoesAllowOnlyOne[0: com.dotmarketing.portlets.structure.model.ContentletRelationshipsTest$CardinalityTestCase@157c1e06]" classname="com.dotmarketing.portlets.structure.model.ContentletRelationshipsTest" time="0.597"/>
  <testcase name="testDoesAllowOnlyOne[1: com.dotmarketing.portlets.structure.model.ContentletRelationshipsTest$CardinalityTestCase@573d8eb]" classname="com.dotmarketing.portlets.structure.model.ContentletRelationshipsTest" time="0.447"/>
  <testcase name="testDoesAllowOnlyOne[2: com.dotmarketing.portlets.structure.model.ContentletRelationshipsTest$CardinalityTestCase@695f9331]" classname="com.dotmarketing.portlets.structure.model.ContentletRelationshipsTest" time="0.506"/>
  <testcase name="testGetRelationshipRecords[0: com.dotmarketing.portlets.structure.model.ContentletRelationshipsTest$TestCase@202b6ac6]" classname="com.dotmarketing.portlets.structure.model.ContentletRelationshipsTest" time="1.975"/>
  <testcase name="testGetRelationshipRecords[1: com.dotmarketing.portlets.structure.model.ContentletRelationshipsTest$TestCase@5552dceb]" classname="com.dotmarketing.portlets.structure.model.ContentletRelationshipsTest" time="1.927"/>
  <testcase name="testGetRelationshipRecords[2: com.dotmarketing.portlets.structure.model.ContentletRelationshipsTest$TestCase@4efde22a]" classname="com.dotmarketing.portlets.structure.model.ContentletRelationshipsTest" time="1.837"/>
  <testcase name="testGetRelationshipRecords[3: com.dotmarketing.portlets.structure.model.ContentletRelationshipsTest$TestCase@5b2e36df]" classname="com.dotmarketing.portlets.structure.model.ContentletRelationshipsTest" time="1.767"/>
  <system-out><![CDATA[]]></system-out>
  <system-err><![CDATA[]]></system-err>
</testsuite>
