<?xml version="1.0" encoding="UTF-8"?>
<testsuite name="com.dotcms.rest.api.v1.vtl.VTLResourceIntegrationTest" tests="6" skipped="0" failures="0" errors="0" timestamp="2023-07-19T16:13:43" hostname="fv-az621-121" time="12.237">
  <properties/>
  <testcase name="testGet[0: com.dotcms.rest.api.v1.vtl.VTLResourceTestCase@4accb94c]" classname="com.dotcms.rest.api.v1.vtl.VTLResourceIntegrationTest" time="2.136"/>
  <testcase name="testGet[1: com.dotcms.rest.api.v1.vtl.VTLResourceTestCase@2b2c9338]" classname="com.dotcms.rest.api.v1.vtl.VTLResourceIntegrationTest" time="2.02"/>
  <testcase name="testGet[2: com.dotcms.rest.api.v1.vtl.VTLResourceTestCase@4ce7bed0]" classname="com.dotcms.rest.api.v1.vtl.VTLResourceIntegrationTest" time="2.063"/>
  <testcase name="testGet[3: com.dotcms.rest.api.v1.vtl.VTLResourceTestCase@16958993]" classname="com.dotcms.rest.api.v1.vtl.VTLResourceIntegrationTest" time="2.006"/>
  <testcase name="testGet[4: com.dotcms.rest.api.v1.vtl.VTLResourceTestCase@393c44d4]" classname="com.dotcms.rest.api.v1.vtl.VTLResourceIntegrationTest" time="1.86"/>
  <testcase name="testGet[5: com.dotcms.rest.api.v1.vtl.VTLResourceTestCase@76c6a598]" classname="com.dotcms.rest.api.v1.vtl.VTLResourceIntegrationTest" time="2.152"/>
  <system-out><![CDATA[]]></system-out>
  <system-err><![CDATA[]]></system-err>
</testsuite>
