<?xml version="1.0" encoding="UTF-8"?>
<testsuite name="com.dotcms.publishing.PublisherAPIImplTest" tests="24" skipped="0" failures="0" errors="0" timestamp="2023-07-12T19:06:53" hostname="fv-az449-127" time="5.654">
  <properties/>
  <testcase name="AddAllCategoryIntoBundle" classname="com.dotcms.publishing.PublisherAPIImplTest" time="0.211"/>
  <testcase name="testFilterDescriptors" classname="com.dotcms.publishing.PublisherAPIImplTest" time="0.106"/>
  <testcase name="sendPushPublishBundle[0: com.dotcms.publishing.PublisherAPIImplTest$TestAsset@10e99a5]" classname="com.dotcms.publishing.PublisherAPIImplTest" time="1.519"/>
  <testcase name="sendPushPublishBundle[1: com.dotcms.publishing.PublisherAPIImplTest$TestAsset@2fde8146]" classname="com.dotcms.publishing.PublisherAPIImplTest" time="0.339"/>
  <testcase name="sendPushPublishBundle[2: com.dotcms.publishing.PublisherAPIImplTest$TestAsset@5db1b285]" classname="com.dotcms.publishing.PublisherAPIImplTest" time="0.213"/>
  <testcase name="sendPushPublishBundle[3: com.dotcms.publishing.PublisherAPIImplTest$TestAsset@3175c02]" classname="com.dotcms.publishing.PublisherAPIImplTest" time="0.376"/>
  <testcase name="sendPushPublishBundle[4: com.dotcms.publishing.PublisherAPIImplTest$TestAsset@76a12e74]" classname="com.dotcms.publishing.PublisherAPIImplTest" time="0.379"/>
  <testcase name="sendPushPublishBundle[5: com.dotcms.publishing.PublisherAPIImplTest$TestAsset@2dae4557]" classname="com.dotcms.publishing.PublisherAPIImplTest" time="0.205"/>
  <testcase name="sendPushPublishBundle[6: com.dotcms.publishing.PublisherAPIImplTest$TestAsset@7d5beffd]" classname="com.dotcms.publishing.PublisherAPIImplTest" time="0.16"/>
  <testcase name="sendPushPublishBundle[7: com.dotcms.publishing.PublisherAPIImplTest$TestAsset@44155b18]" classname="com.dotcms.publishing.PublisherAPIImplTest" time="0.192"/>
  <testcase name="sendPushPublishBundle[8: com.dotcms.publishing.PublisherAPIImplTest$TestAsset@3bb81f60]" classname="com.dotcms.publishing.PublisherAPIImplTest" time="0.139"/>
  <testcase name="sendPushPublishBundle[9: com.dotcms.publishing.PublisherAPIImplTest$TestAsset@64e371bd]" classname="com.dotcms.publishing.PublisherAPIImplTest" time="0.236"/>
  <testcase name="sendPushPublishBundle[10: com.dotcms.publishing.PublisherAPIImplTest$TestAsset@46655edb]" classname="com.dotcms.publishing.PublisherAPIImplTest" time="0.138"/>
  <testcase name="generateBundle[0: com.dotcms.publishing.PublisherAPIImplTest$TestAsset@10e99a5]" classname="com.dotcms.publishing.PublisherAPIImplTest" time="0.147"/>
  <testcase name="generateBundle[1: com.dotcms.publishing.PublisherAPIImplTest$TestAsset@2fde8146]" classname="com.dotcms.publishing.PublisherAPIImplTest" time="0.123"/>
  <testcase name="generateBundle[2: com.dotcms.publishing.PublisherAPIImplTest$TestAsset@5db1b285]" classname="com.dotcms.publishing.PublisherAPIImplTest" time="0.131"/>
  <testcase name="generateBundle[3: com.dotcms.publishing.PublisherAPIImplTest$TestAsset@3175c02]" classname="com.dotcms.publishing.PublisherAPIImplTest" time="0.214"/>
  <testcase name="generateBundle[4: com.dotcms.publishing.PublisherAPIImplTest$TestAsset@76a12e74]" classname="com.dotcms.publishing.PublisherAPIImplTest" time="0.199"/>
  <testcase name="generateBundle[5: com.dotcms.publishing.PublisherAPIImplTest$TestAsset@2dae4557]" classname="com.dotcms.publishing.PublisherAPIImplTest" time="0.127"/>
  <testcase name="generateBundle[6: com.dotcms.publishing.PublisherAPIImplTest$TestAsset@7d5beffd]" classname="com.dotcms.publishing.PublisherAPIImplTest" time="0.115"/>
  <testcase name="generateBundle[7: com.dotcms.publishing.PublisherAPIImplTest$TestAsset@44155b18]" classname="com.dotcms.publishing.PublisherAPIImplTest" time="0.103"/>
  <testcase name="generateBundle[8: com.dotcms.publishing.PublisherAPIImplTest$TestAsset@3bb81f60]" classname="com.dotcms.publishing.PublisherAPIImplTest" time="0.112"/>
  <testcase name="generateBundle[9: com.dotcms.publishing.PublisherAPIImplTest$TestAsset@64e371bd]" classname="com.dotcms.publishing.PublisherAPIImplTest" time="0.134"/>
  <testcase name="generateBundle[10: com.dotcms.publishing.PublisherAPIImplTest$TestAsset@46655edb]" classname="com.dotcms.publishing.PublisherAPIImplTest" time="0.02"/>
  <system-out><![CDATA[









































































































































































]]></system-out>
  <system-err><![CDATA[]]></system-err>
</testsuite>
