<?xml version="1.0" encoding="UTF-8"?>
<testsuite name="com.dotmarketing.portlets.workflows.actionlet.SaveContentActionletWithTagsTest" tests="1" skipped="0" failures="0" errors="0" timestamp="2023-06-23T18:16:21" hostname="fv-az592-477" time="1.296">
  <properties/>
  <testcase name="test_Save_Contentlet_Actionlet_Tags" classname="com.dotmarketing.portlets.workflows.actionlet.SaveContentActionletWithTagsTest" time="1.296"/>
  <system-out><![CDATA[]]></system-out>
  <system-err><![CDATA[]]></system-err>
</testsuite>
