<?xml version="1.0" encoding="UTF-8"?>
<testsuite name="com.dotcms.integritycheckers.FolderIntegrityCheckerTest" tests="1" skipped="0" failures="0" errors="0" timestamp="2023-07-07T21:14:52" hostname="fv-az563-341" time="0.042">
  <properties/>
  <testcase name="test_execute_identifierColumnsNotNull" classname="com.dotcms.integritycheckers.FolderIntegrityCheckerTest" time="0.042"/>
  <system-out><![CDATA[]]></system-out>
  <system-err><![CDATA[]]></system-err>
</testsuite>
