<?xml version="1.0" encoding="UTF-8"?>
<testsuite name="com.dotmarketing.startup.runonce.Task230523CreateVariantFieldInContentletIntegrationTest" tests="1" skipped="0" failures="0" errors="0" timestamp="2023-07-18T01:32:48" hostname="fv-az877-612" time="1.248">
  <properties/>
  <testcase name="executeTaskUpgrade" classname="com.dotmarketing.startup.runonce.Task230523CreateVariantFieldInContentletIntegrationTest" time="1.248"/>
  <system-out><![CDATA[]]></system-out>
  <system-err><![CDATA[]]></system-err>
</testsuite>
