<?xml version="1.0" encoding="UTF-8"?>
<testsuite name="com.dotmarketing.common.reindex.ReindexAPITest" tests="5" skipped="0" failures="0" errors="0" timestamp="2023-07-15T00:24:16" hostname="fv-az1107-746" time="66.573">
  <properties/>
  <testcase name="test_content_type_reindex" classname="com.dotmarketing.common.reindex.ReindexAPITest" time="0.685"/>
  <testcase name="test_failed_records" classname="com.dotmarketing.common.reindex.ReindexAPITest" time="1.358"/>
  <testcase name="test_deleted_records" classname="com.dotmarketing.common.reindex.ReindexAPITest" time="61.66"/>
  <testcase name="test_adding_content_adds_to_queue_after_transaction_commit" classname="com.dotmarketing.common.reindex.ReindexAPITest" time="1.437"/>
  <testcase name="test_highestpriority_reindex_vs_normal_reindex" classname="com.dotmarketing.common.reindex.ReindexAPITest" time="1.433"/>
  <system-out><![CDATA[]]></system-out>
  <system-err><![CDATA[]]></system-err>
</testsuite>
