<?xml version="1.0" encoding="UTF-8"?>
<testsuite name="com.dotmarketing.business.DeterministicIdentifierAPITest" tests="16" skipped="0" failures="0" errors="0" timestamp="2023-06-23T20:08:00" hostname="fv-az256-466" time="1.51">
  <properties/>
  <testcase name="Test_Category_Path_Seed_And_Id" classname="com.dotmarketing.business.DeterministicIdentifierAPITest" time="0.036"/>
  <testcase name="Test_Language_Deterministic_Id[0: LanguageTestCase{expectedSeed='Language:es:US', expectedHash=4913155, langCode='es', countryCode='US', country='United States'}]" classname="com.dotmarketing.business.DeterministicIdentifierAPITest" time="0.001"/>
  <testcase name="Test_Language_Deterministic_Id[1: LanguageTestCase{expectedSeed='Language:ep:', expectedHash=5292269, langCode='ep', countryCode='', country=''}]" classname="com.dotmarketing.business.DeterministicIdentifierAPITest" time="0.001"/>
  <testcase name="Test_Language_Deterministic_Id[2: LanguageTestCase{expectedSeed='Language:sg:SAG', expectedHash=4713118, langCode='sg', countryCode='SAG', country=''}]" classname="com.dotmarketing.business.DeterministicIdentifierAPITest" time="0.002"/>
  <testcase name="Test_Language_Deterministic_Id[3: LanguageTestCase{expectedSeed='Language:en:NZ', expectedHash=5382528, langCode='en', countryCode='NZ', country='New Zealand'}]" classname="com.dotmarketing.business.DeterministicIdentifierAPITest" time="0.002"/>
  <testcase name="Test_Category_None_Persisted_Category_Should_Return_Deterministic_Id" classname="com.dotmarketing.business.DeterministicIdentifierAPITest" time="0.002"/>
  <testcase name="Test_Asset_Generate_Deterministic_Id_Best_Effort[0: TestCase{versionable=my.host1687543898124.com, parent=System Host, expectedName='my.host1687543898124.com', expectedType='Host'}]" classname="com.dotmarketing.business.DeterministicIdentifierAPITest" time="0.005"/>
  <testcase name="Test_Asset_Generate_Deterministic_Id_Best_Effort[1: TestCase{versionable=com.dotmarketing.portlets.contentlet.model.Contentlet@2b8221f8[map={modDate=2023-06-23 18:11:38.742, fileName=file12398699764695230003.txt, title=file12398699764695230003.txt, inode=77994fc6-dab3-4023-a34f-b2b6f951ce06, __IS_NEW_CONTENT__=true, disabledWYSIWYG=[], host=fb2439b8-f0c5-45cc-be3f-78c3cf08f1f9, stInode=33888b6f-7a8e-4069-b1b6-5c1aa9d0a48d, owner=system, identifier=1e256bdf-3eba-4165-89b7-d43bd3a90557, nullProperties=[wfExpireDate, wfPublishDate, wfActionAssign, wfActionId, wfActionComments, filterKey, whereToSend, wfNeverExpire, _path_to_move, timezoneId, iWantTo, wfPublishTime, wfExpireTime], languageId=1, fileAsset=/home/runner/work/core/custom/assets/7/7/77994fc6-dab3-4023-a34f-b2b6f951ce06/fileAsset/file12398699764695230003.txt, folder=b29234df-1e12-4d3d-86a9-83df2f943deb, __disable_workflow__=true, sortOrder=0, modUser=system},lowIndexPriority=false,variantId=DEFAULT], parent=com.dotmarketing.portlets.folders.model.Folder@373ef523[identifier=b29234df-1e12-4d3d-86a9-83df2f943deb,name=testName1687543898728,sortOrder=0,showOnMenu=false,hostId=fb2439b8-f0c5-45cc-be3f-78c3cf08f1f9,type=folder,title=testTitle1687543898728,filesMasks=,defaultFileType=33888b6f-7a8e-4069-b1b6-5c1aa9d0a48d,modDate=2023-06-23 18:11:38.735,owner=&lt;null&gt;,iDate=2023-06-23 18:11:38.735,inode=b29234df-1e12-4d3d-86a9-83df2f943deb,path=/testName1687543898728/], expectedName='file12398699764695230003.txt', expectedType='FileAsset'}]" classname="com.dotmarketing.business.DeterministicIdentifierAPITest" time="0.005"/>
  <testcase name="Test_Asset_Generate_Deterministic_Id_Best_Effort[2: TestCase{versionable=com.dotmarketing.portlets.templates.model.Template@7ad1fc19, parent=my.host1687543898124.com, expectedName='testTitle1687543898889', expectedType='Template'}]" classname="com.dotmarketing.business.DeterministicIdentifierAPITest" time="0.004"/>
  <testcase name="Test_Asset_Generate_Deterministic_Id_Best_Effort[3: TestCase{versionable=com.dotmarketing.portlets.htmlpageasset.model.HTMLPageAsset@30386ae3[map={template=2dfbe3d4-a90f-45c0-a193-8296d09ede91, owner=system, identifier=908f1ec5-7c07-4af9-858a-2439add612c4, nullProperties=[wfExpireDate, wfPublishDate, wfActionAssign, wfActionId, wfActionComments, filterKey, whereToSend, wfNeverExpire, _path_to_move, timezoneId, iWantTo, wfPublishTime, wfExpireTime], modDate=2023-06-23 18:11:38.915, cachettl=0, _is_test_mode=true, languageId=1, title=test-page-title-1687543898907, httpsreq=, url=test-page-url-1687543898907, showOnMenu=, inode=3f183230-2273-49c7-8f37-2fa612240168, folder=b29234df-1e12-4d3d-86a9-83df2f943deb, disabledWYSIWYG=[], sortOrder=1, modUser=system, host=fb2439b8-f0c5-45cc-be3f-78c3cf08f1f9, stInode=c541abb1-69b3-4bc5-8430-5e09e5239cc8, friendlyName=test-page-friendly-name-1687543898907},lowIndexPriority=false,variantId=DEFAULT], parent=com.dotmarketing.portlets.folders.model.Folder@373ef523[identifier=b29234df-1e12-4d3d-86a9-83df2f943deb,name=testName1687543898728,sortOrder=0,showOnMenu=false,hostId=fb2439b8-f0c5-45cc-be3f-78c3cf08f1f9,type=folder,title=testTitle1687543898728,filesMasks=,defaultFileType=33888b6f-7a8e-4069-b1b6-5c1aa9d0a48d,modDate=2023-06-23 18:11:38.735,owner=&lt;null&gt;,iDate=2023-06-23 18:11:38.735,inode=b29234df-1e12-4d3d-86a9-83df2f943deb,path=/testName1687543898728/], expectedName='test-page-url-1687543898907', expectedType='htmlpageasset'}]" classname="com.dotmarketing.business.DeterministicIdentifierAPITest" time="0.004"/>
  <testcase name="Test_Asset_Generate_Deterministic_Id_Best_Effort[4: TestCase{versionable=com.dotmarketing.portlets.contentlet.model.Contentlet@1cdb823f[map={fileAsset2=/home/runner/work/core/custom/assets/c/7/c7402e54-e22d-4c75-b439-a6125fff9400/fileAsset2/test_binary1687543900575.png, modDate=2023-06-23 18:11:40.584, fileAsset1=/home/runner/work/core/custom/assets/c/7/c7402e54-e22d-4c75-b439-a6125fff9400/fileAsset1/test_binary1687543900575.jpg, title=blah, inode=c7402e54-e22d-4c75-b439-a6125fff9400, __IS_NEW_CONTENT__=true, disabledWYSIWYG=[], host=8a7d5e23-da1e-420a-b4f0-471e7da8ea2d, stInode=dd595e23-755d-45a3-8a7d-78415bc0d32e, owner=system, identifier=3ee2b0f2-3d86-4583-80a3-2224ea61986e, nullProperties=[], languageId=1, image1=2defbdf4-1f88-4cfa-b263-961b6595cd05, folder=SYSTEM_FOLDER, __disable_workflow__=true, sortOrder=0, modUser=system},lowIndexPriority=false,variantId=DEFAULT], parent=default, expectedName='test_binary1687543900575.jpg:test_binary1687543900575.png', expectedType='MultipleBinaries1687543899080'}]" classname="com.dotmarketing.business.DeterministicIdentifierAPITest" time="0.014"/>
  <testcase name="Test_Asset_Generate_Deterministic_Id_Best_Effort[5: TestCase{versionable=name9c5fb241eb : keyTag9c5fb241eb, parent=my.host1687543898124.com, expectedName='keyTag9c5fb241eb', expectedType='persona'}]" classname="com.dotmarketing.business.DeterministicIdentifierAPITest" time="0.01"/>
  <testcase name="Test_Similar_Content_Type_Wont_Clash" classname="com.dotmarketing.business.DeterministicIdentifierAPITest" time="0.745"/>
  <testcase name="Test_Generate_Folder_Identifier" classname="com.dotmarketing.business.DeterministicIdentifierAPITest" time="0.656"/>
  <testcase name="Test_Generate_Content_Type_Identifier[0: ContentTypeTestCase{contentType=KeyValueContentType{name=Language Variable, id=f4d7c1b8-2c88-4071-abf1-a5328977b07d, description=Default Content Type for Language Variables, defaultType=false, fixed=true, iDate=Thu Aug 31 16:38:49 UTC 2017, system=true, versionable=true, variable=Languagevariable, modDate=Fri Jun 23 18:07:48 UTC 2023, host=SYSTEM_HOST, siteName=systemHost, icon=language, sortOrder=0, folder=SYSTEM_FOLDER, folderPath=/, markedForDeletion=false, multilingualable=false}, expectedName='Languagevariable', expectedType='KeyValue'}]" classname="com.dotmarketing.business.DeterministicIdentifierAPITest" time="0.009"/>
  <testcase name="Test_Generate_Content_Type_Identifier[1: ContentTypeTestCase{contentType=SimpleContentType{name=testName1687543901022, id=ca54c9fc-79bd-4749-8b03-d689cb0872bf, description=testDescription1687543901022, defaultType=false, fixed=false, iDate=Fri Jun 23 18:11:41 UTC 2023, system=false, versionable=true, multilingualable=false, variable=testVarname1687543901022, owner=system, modDate=Fri Jun 23 18:11:41 UTC 2023, host=8a7d5e23-da1e-420a-b4f0-471e7da8ea2d, siteName=default, icon=event_note, sortOrder=0, folder=SYSTEM_FOLDER, folderPath=/, requiredFields=[], markedForDeletion=false}, expectedName='testVarname1687543901022', expectedType='CONTENT'}]" classname="com.dotmarketing.business.DeterministicIdentifierAPITest" time="0.007"/>
  <system-out><![CDATA[]]></system-out>
  <system-err><![CDATA[]]></system-err>
</testsuite>
