<?xml version="1.0" encoding="UTF-8"?>
<testsuite name="com.dotcms.saml.IdentityProviderConfigurationFactoryTest" tests="1" skipped="0" failures="0" errors="0" timestamp="2023-07-19T19:46:52" hostname="fv-az842-421" time="0.05">
  <properties/>
  <testcase name="test_UnrecoverableKeyException" classname="com.dotcms.saml.IdentityProviderConfigurationFactoryTest" time="0.05"/>
  <system-out><![CDATA[]]></system-out>
  <system-err><![CDATA[]]></system-err>
</testsuite>
