<?xml version="1.0" encoding="UTF-8"?>
<testsuite name="com.dotcms.visitor.filter.characteristics.VisitorCharacterTest" tests="7" skipped="0" failures="0" errors="0" timestamp="2023-06-23T21:08:29" hostname="fv-az627-978" time="0.058">
  <properties/>
  <testcase name="testConstructor[0: com.dotcms.visitor.filter.characteristics.VisitorCharacterTest$TestCase@3938478c]" classname="com.dotcms.visitor.filter.characteristics.VisitorCharacterTest" time="0.026"/>
  <testcase name="testConstructor[1: com.dotcms.visitor.filter.characteristics.VisitorCharacterTest$TestCase@5e8fc5e3]" classname="com.dotcms.visitor.filter.characteristics.VisitorCharacterTest" time="0.005"/>
  <testcase name="testConstructor[2: com.dotcms.visitor.filter.characteristics.VisitorCharacterTest$TestCase@29f7ff62]" classname="com.dotcms.visitor.filter.characteristics.VisitorCharacterTest" time="0.003"/>
  <testcase name="testConstructor[3: com.dotcms.visitor.filter.characteristics.VisitorCharacterTest$TestCase@149c9ee]" classname="com.dotcms.visitor.filter.characteristics.VisitorCharacterTest" time="0.01"/>
  <testcase name="testConstructor[4: com.dotcms.visitor.filter.characteristics.VisitorCharacterTest$TestCase@7a36fa6c]" classname="com.dotcms.visitor.filter.characteristics.VisitorCharacterTest" time="0.004"/>
  <testcase name="testConstructor[5: com.dotcms.visitor.filter.characteristics.VisitorCharacterTest$TestCase@5ab69814]" classname="com.dotcms.visitor.filter.characteristics.VisitorCharacterTest" time="0.004"/>
  <testcase name="testConstructor[6: com.dotcms.visitor.filter.characteristics.VisitorCharacterTest$TestCase@4cac60cf]" classname="com.dotcms.visitor.filter.characteristics.VisitorCharacterTest" time="0.005"/>
  <system-out><![CDATA[]]></system-out>
  <system-err><![CDATA[]]></system-err>
</testsuite>
