<?xml version="1.0" encoding="UTF-8"?>
<testsuite name="com.dotmarketing.servlets.ajax.AjaxDirectorServletIntegrationTest" tests="2" skipped="0" failures="0" errors="0" timestamp="2023-07-07T19:09:06" hostname="fv-az1131-394" time="1.721">
  <properties/>
  <testcase name="testService[0: com.dotmarketing.servlets.ajax.AjaxDirectorServletTestCase@4622a541]" classname="com.dotmarketing.servlets.ajax.AjaxDirectorServletIntegrationTest" time="1.094"/>
  <testcase name="testService[1: com.dotmarketing.servlets.ajax.AjaxDirectorServletTestCase@1f291e49]" classname="com.dotmarketing.servlets.ajax.AjaxDirectorServletIntegrationTest" time="0.627"/>
  <system-out><![CDATA[]]></system-out>
  <system-err><![CDATA[]]></system-err>
</testsuite>
