<?xml version="1.0" encoding="UTF-8"?>
<testsuite name="com.dotcms.rendering.velocity.viewtools.content.util.ContentUtilsTest" tests="89" skipped="0" failures="0" errors="0" timestamp="2023-07-13T18:31:49" hostname="fv-az254-636" time="407.007">
  <properties/>
  <testcase name="whenTheTimeMachineDateIsNullAndPublishDateInFutureShouldNotReturnAnything" classname="com.dotcms.rendering.velocity.viewtools.content.util.ContentUtilsTest" time="3.545"/>
  <testcase name="test_find_multilingual_contentlet_getContentletSuccessfully" classname="com.dotcms.rendering.velocity.viewtools.content.util.ContentUtilsTest" time="1.607"/>
  <testcase name="whenTheTimeMachineDateAndPublishDateAreTomorrowShouldReturnOneContent" classname="com.dotcms.rendering.velocity.viewtools.content.util.ContentUtilsTest" time="3.601"/>
  <testcase name="testPullRelated[0: com.dotcms.rendering.velocity.viewtools.content.util.ContentUtilsTest$TestCase@1b90e042]" classname="com.dotcms.rendering.velocity.viewtools.content.util.ContentUtilsTest" time="4.326"/>
  <testcase name="testPullRelated[1: com.dotcms.rendering.velocity.viewtools.content.util.ContentUtilsTest$TestCase@47475ac5]" classname="com.dotcms.rendering.velocity.viewtools.content.util.ContentUtilsTest" time="3.955"/>
  <testcase name="testPullRelated[2: com.dotcms.rendering.velocity.viewtools.content.util.ContentUtilsTest$TestCase@7497070d]" classname="com.dotcms.rendering.velocity.viewtools.content.util.ContentUtilsTest" time="4.28"/>
  <testcase name="testPullRelated[3: com.dotcms.rendering.velocity.viewtools.content.util.ContentUtilsTest$TestCase@51e5bec8]" classname="com.dotcms.rendering.velocity.viewtools.content.util.ContentUtilsTest" time="3.832"/>
  <testcase name="testPullRelated[4: com.dotcms.rendering.velocity.viewtools.content.util.ContentUtilsTest$TestCase@4d6bc646]" classname="com.dotcms.rendering.velocity.viewtools.content.util.ContentUtilsTest" time="2.954"/>
  <testcase name="testPullRelated[5: com.dotcms.rendering.velocity.viewtools.content.util.ContentUtilsTest$TestCase@30873c5c]" classname="com.dotcms.rendering.velocity.viewtools.content.util.ContentUtilsTest" time="3.077"/>
  <testcase name="testPullRelated[6: com.dotcms.rendering.velocity.viewtools.content.util.ContentUtilsTest$TestCase@7ce4ea2e]" classname="com.dotcms.rendering.velocity.viewtools.content.util.ContentUtilsTest" time="4.455"/>
  <testcase name="testPullRelated[7: com.dotcms.rendering.velocity.viewtools.content.util.ContentUtilsTest$TestCase@b0884]" classname="com.dotcms.rendering.velocity.viewtools.content.util.ContentUtilsTest" time="4.112"/>
  <testcase name="testPullRelated[8: com.dotcms.rendering.velocity.viewtools.content.util.ContentUtilsTest$TestCase@13c1b735]" classname="com.dotcms.rendering.velocity.viewtools.content.util.ContentUtilsTest" time="3.972"/>
  <testcase name="testPullRelated[9: com.dotcms.rendering.velocity.viewtools.content.util.ContentUtilsTest$TestCase@1a2d0ccd]" classname="com.dotcms.rendering.velocity.viewtools.content.util.ContentUtilsTest" time="3.747"/>
  <testcase name="testPullRelated[10: com.dotcms.rendering.velocity.viewtools.content.util.ContentUtilsTest$TestCase@41c3303c]" classname="com.dotcms.rendering.velocity.viewtools.content.util.ContentUtilsTest" time="3.367"/>
  <testcase name="testPullRelated[11: com.dotcms.rendering.velocity.viewtools.content.util.ContentUtilsTest$TestCase@19544fa8]" classname="com.dotcms.rendering.velocity.viewtools.content.util.ContentUtilsTest" time="4.216"/>
  <testcase name="testPullRelated[12: com.dotcms.rendering.velocity.viewtools.content.util.ContentUtilsTest$TestCase@7322ba8]" classname="com.dotcms.rendering.velocity.viewtools.content.util.ContentUtilsTest" time="2.777"/>
  <testcase name="testPullRelated[13: com.dotcms.rendering.velocity.viewtools.content.util.ContentUtilsTest$TestCase@758b04e7]" classname="com.dotcms.rendering.velocity.viewtools.content.util.ContentUtilsTest" time="3.998"/>
  <testcase name="testPullRelated[14: com.dotcms.rendering.velocity.viewtools.content.util.ContentUtilsTest$TestCase@2d1188ba]" classname="com.dotcms.rendering.velocity.viewtools.content.util.ContentUtilsTest" time="4.303"/>
  <testcase name="testPullRelated[15: com.dotcms.rendering.velocity.viewtools.content.util.ContentUtilsTest$TestCase@1683abbf]" classname="com.dotcms.rendering.velocity.viewtools.content.util.ContentUtilsTest" time="4.185"/>
  <testcase name="testPullRelated[16: com.dotcms.rendering.velocity.viewtools.content.util.ContentUtilsTest$TestCase@7abdac]" classname="com.dotcms.rendering.velocity.viewtools.content.util.ContentUtilsTest" time="3.905"/>
  <testcase name="testPullRelated[17: com.dotcms.rendering.velocity.viewtools.content.util.ContentUtilsTest$TestCase@2d7b2d78]" classname="com.dotcms.rendering.velocity.viewtools.content.util.ContentUtilsTest" time="4.222"/>
  <testcase name="testPullRelated[18: com.dotcms.rendering.velocity.viewtools.content.util.ContentUtilsTest$TestCase@c8e3435]" classname="com.dotcms.rendering.velocity.viewtools.content.util.ContentUtilsTest" time="2.856"/>
  <testcase name="testPullRelated[19: com.dotcms.rendering.velocity.viewtools.content.util.ContentUtilsTest$TestCase@7dbb848]" classname="com.dotcms.rendering.velocity.viewtools.content.util.ContentUtilsTest" time="4.274"/>
  <testcase name="testPullRelated[20: com.dotcms.rendering.velocity.viewtools.content.util.ContentUtilsTest$TestCase@5299e2c2]" classname="com.dotcms.rendering.velocity.viewtools.content.util.ContentUtilsTest" time="2.951"/>
  <testcase name="testPullRelated[21: com.dotcms.rendering.velocity.viewtools.content.util.ContentUtilsTest$TestCase@26fd1504]" classname="com.dotcms.rendering.velocity.viewtools.content.util.ContentUtilsTest" time="3.976"/>
  <testcase name="testPullRelated[22: com.dotcms.rendering.velocity.viewtools.content.util.ContentUtilsTest$TestCase@5bafa272]" classname="com.dotcms.rendering.velocity.viewtools.content.util.ContentUtilsTest" time="3.276"/>
  <testcase name="testPullRelated[23: com.dotcms.rendering.velocity.viewtools.content.util.ContentUtilsTest$TestCase@1ec48b7]" classname="com.dotcms.rendering.velocity.viewtools.content.util.ContentUtilsTest" time="4.102"/>
  <testcase name="testPullRelated[24: com.dotcms.rendering.velocity.viewtools.content.util.ContentUtilsTest$TestCase@1cfe35ba]" classname="com.dotcms.rendering.velocity.viewtools.content.util.ContentUtilsTest" time="3.919"/>
  <testcase name="testPullRelated[25: com.dotcms.rendering.velocity.viewtools.content.util.ContentUtilsTest$TestCase@52654614]" classname="com.dotcms.rendering.velocity.viewtools.content.util.ContentUtilsTest" time="3.041"/>
  <testcase name="testPullRelated[26: com.dotcms.rendering.velocity.viewtools.content.util.ContentUtilsTest$TestCase@74ffc218]" classname="com.dotcms.rendering.velocity.viewtools.content.util.ContentUtilsTest" time="3.883"/>
  <testcase name="testPullRelated[27: com.dotcms.rendering.velocity.viewtools.content.util.ContentUtilsTest$TestCase@173595c0]" classname="com.dotcms.rendering.velocity.viewtools.content.util.ContentUtilsTest" time="3.328"/>
  <testcase name="testPullRelated[28: com.dotcms.rendering.velocity.viewtools.content.util.ContentUtilsTest$TestCase@7a0b2179]" classname="com.dotcms.rendering.velocity.viewtools.content.util.ContentUtilsTest" time="4.156"/>
  <testcase name="testPullRelated[29: com.dotcms.rendering.velocity.viewtools.content.util.ContentUtilsTest$TestCase@2269dca]" classname="com.dotcms.rendering.velocity.viewtools.content.util.ContentUtilsTest" time="3.915"/>
  <testcase name="testPullRelated[30: com.dotcms.rendering.velocity.viewtools.content.util.ContentUtilsTest$TestCase@8437094]" classname="com.dotcms.rendering.velocity.viewtools.content.util.ContentUtilsTest" time="4.195"/>
  <testcase name="testPullRelated[31: com.dotcms.rendering.velocity.viewtools.content.util.ContentUtilsTest$TestCase@33636fc9]" classname="com.dotcms.rendering.velocity.viewtools.content.util.ContentUtilsTest" time="3.096"/>
  <testcase name="testPullRelated[32: com.dotcms.rendering.velocity.viewtools.content.util.ContentUtilsTest$TestCase@10408035]" classname="com.dotcms.rendering.velocity.viewtools.content.util.ContentUtilsTest" time="3.03"/>
  <testcase name="testPullRelated[33: com.dotcms.rendering.velocity.viewtools.content.util.ContentUtilsTest$TestCase@26be873a]" classname="com.dotcms.rendering.velocity.viewtools.content.util.ContentUtilsTest" time="3.922"/>
  <testcase name="testPullRelated[34: com.dotcms.rendering.velocity.viewtools.content.util.ContentUtilsTest$TestCase@35ea94a9]" classname="com.dotcms.rendering.velocity.viewtools.content.util.ContentUtilsTest" time="3.163"/>
  <testcase name="testPullRelated[35: com.dotcms.rendering.velocity.viewtools.content.util.ContentUtilsTest$TestCase@1ddfb8fa]" classname="com.dotcms.rendering.velocity.viewtools.content.util.ContentUtilsTest" time="3.164"/>
  <testcase name="testPullRelated[36: com.dotcms.rendering.velocity.viewtools.content.util.ContentUtilsTest$TestCase@98ac25c]" classname="com.dotcms.rendering.velocity.viewtools.content.util.ContentUtilsTest" time="6.183"/>
  <testcase name="testPullRelated[37: com.dotcms.rendering.velocity.viewtools.content.util.ContentUtilsTest$TestCase@5bdf0300]" classname="com.dotcms.rendering.velocity.viewtools.content.util.ContentUtilsTest" time="4.914"/>
  <testcase name="testPullRelated[38: com.dotcms.rendering.velocity.viewtools.content.util.ContentUtilsTest$TestCase@3a719b0e]" classname="com.dotcms.rendering.velocity.viewtools.content.util.ContentUtilsTest" time="6.436"/>
  <testcase name="testPullRelated[39: com.dotcms.rendering.velocity.viewtools.content.util.ContentUtilsTest$TestCase@5a09fcd2]" classname="com.dotcms.rendering.velocity.viewtools.content.util.ContentUtilsTest" time="5.983"/>
  <testcase name="testPullRelated[40: com.dotcms.rendering.velocity.viewtools.content.util.ContentUtilsTest$TestCase@54e5ded]" classname="com.dotcms.rendering.velocity.viewtools.content.util.ContentUtilsTest" time="6.222"/>
  <testcase name="testPullRelated[41: com.dotcms.rendering.velocity.viewtools.content.util.ContentUtilsTest$TestCase@262a9947]" classname="com.dotcms.rendering.velocity.viewtools.content.util.ContentUtilsTest" time="5.98"/>
  <testcase name="testPullRelated[42: com.dotcms.rendering.velocity.viewtools.content.util.ContentUtilsTest$TestCase@10b5cf67]" classname="com.dotcms.rendering.velocity.viewtools.content.util.ContentUtilsTest" time="5.239"/>
  <testcase name="testPullRelated[43: com.dotcms.rendering.velocity.viewtools.content.util.ContentUtilsTest$TestCase@5cf5ecf]" classname="com.dotcms.rendering.velocity.viewtools.content.util.ContentUtilsTest" time="6.324"/>
  <testcase name="testPullRelated[44: com.dotcms.rendering.velocity.viewtools.content.util.ContentUtilsTest$TestCase@7219caae]" classname="com.dotcms.rendering.velocity.viewtools.content.util.ContentUtilsTest" time="5.976"/>
  <testcase name="testPullRelated[45: com.dotcms.rendering.velocity.viewtools.content.util.ContentUtilsTest$TestCase@b850b]" classname="com.dotcms.rendering.velocity.viewtools.content.util.ContentUtilsTest" time="5.865"/>
  <testcase name="testPullRelated[46: com.dotcms.rendering.velocity.viewtools.content.util.ContentUtilsTest$TestCase@3efbac9a]" classname="com.dotcms.rendering.velocity.viewtools.content.util.ContentUtilsTest" time="6.35"/>
  <testcase name="testPullRelated[47: com.dotcms.rendering.velocity.viewtools.content.util.ContentUtilsTest$TestCase@41bda4ac]" classname="com.dotcms.rendering.velocity.viewtools.content.util.ContentUtilsTest" time="6.616"/>
  <testcase name="testPullRelated[48: com.dotcms.rendering.velocity.viewtools.content.util.ContentUtilsTest$TestCase@7d4d4a8f]" classname="com.dotcms.rendering.velocity.viewtools.content.util.ContentUtilsTest" time="6.424"/>
  <testcase name="testPullRelated[49: com.dotcms.rendering.velocity.viewtools.content.util.ContentUtilsTest$TestCase@21b2bbf0]" classname="com.dotcms.rendering.velocity.viewtools.content.util.ContentUtilsTest" time="6.082"/>
  <testcase name="testPullRelated[50: com.dotcms.rendering.velocity.viewtools.content.util.ContentUtilsTest$TestCase@424e4c20]" classname="com.dotcms.rendering.velocity.viewtools.content.util.ContentUtilsTest" time="6.646"/>
  <testcase name="testPullRelated[51: com.dotcms.rendering.velocity.viewtools.content.util.ContentUtilsTest$TestCase@6efa0801]" classname="com.dotcms.rendering.velocity.viewtools.content.util.ContentUtilsTest" time="6.998"/>
  <testcase name="testPullRelated[52: com.dotcms.rendering.velocity.viewtools.content.util.ContentUtilsTest$TestCase@79f43e63]" classname="com.dotcms.rendering.velocity.viewtools.content.util.ContentUtilsTest" time="6.079"/>
  <testcase name="testPullRelated[53: com.dotcms.rendering.velocity.viewtools.content.util.ContentUtilsTest$TestCase@4dad7796]" classname="com.dotcms.rendering.velocity.viewtools.content.util.ContentUtilsTest" time="6.006"/>
  <testcase name="testPullRelated[54: com.dotcms.rendering.velocity.viewtools.content.util.ContentUtilsTest$TestCase@7d320d4f]" classname="com.dotcms.rendering.velocity.viewtools.content.util.ContentUtilsTest" time="5.359"/>
  <testcase name="testPullRelated[55: com.dotcms.rendering.velocity.viewtools.content.util.ContentUtilsTest$TestCase@43b6b8e8]" classname="com.dotcms.rendering.velocity.viewtools.content.util.ContentUtilsTest" time="5.814"/>
  <testcase name="testPullRelated[56: com.dotcms.rendering.velocity.viewtools.content.util.ContentUtilsTest$TestCase@1be991db]" classname="com.dotcms.rendering.velocity.viewtools.content.util.ContentUtilsTest" time="6.193"/>
  <testcase name="testPullRelated[57: com.dotcms.rendering.velocity.viewtools.content.util.ContentUtilsTest$TestCase@3d5e44f7]" classname="com.dotcms.rendering.velocity.viewtools.content.util.ContentUtilsTest" time="6.033"/>
  <testcase name="testPullRelated[58: com.dotcms.rendering.velocity.viewtools.content.util.ContentUtilsTest$TestCase@50eb7e66]" classname="com.dotcms.rendering.velocity.viewtools.content.util.ContentUtilsTest" time="6.127"/>
  <testcase name="testPullRelated[59: com.dotcms.rendering.velocity.viewtools.content.util.ContentUtilsTest$TestCase@266cfd6b]" classname="com.dotcms.rendering.velocity.viewtools.content.util.ContentUtilsTest" time="5.354"/>
  <testcase name="testPullRelated[60: com.dotcms.rendering.velocity.viewtools.content.util.ContentUtilsTest$TestCase@715cc734]" classname="com.dotcms.rendering.velocity.viewtools.content.util.ContentUtilsTest" time="5.968"/>
  <testcase name="testPullRelated[61: com.dotcms.rendering.velocity.viewtools.content.util.ContentUtilsTest$TestCase@3e6a5c14]" classname="com.dotcms.rendering.velocity.viewtools.content.util.ContentUtilsTest" time="5.837"/>
  <testcase name="testPullRelated[62: com.dotcms.rendering.velocity.viewtools.content.util.ContentUtilsTest$TestCase@35791df1]" classname="com.dotcms.rendering.velocity.viewtools.content.util.ContentUtilsTest" time="6.562"/>
  <testcase name="testPullRelated[63: com.dotcms.rendering.velocity.viewtools.content.util.ContentUtilsTest$TestCase@743f2990]" classname="com.dotcms.rendering.velocity.viewtools.content.util.ContentUtilsTest" time="6.104"/>
  <testcase name="testPullRelated[64: com.dotcms.rendering.velocity.viewtools.content.util.ContentUtilsTest$TestCase@634d2544]" classname="com.dotcms.rendering.velocity.viewtools.content.util.ContentUtilsTest" time="5.925"/>
  <testcase name="testPullRelated[65: com.dotcms.rendering.velocity.viewtools.content.util.ContentUtilsTest$TestCase@f2b5fc5]" classname="com.dotcms.rendering.velocity.viewtools.content.util.ContentUtilsTest" time="6.134"/>
  <testcase name="testPullRelated[66: com.dotcms.rendering.velocity.viewtools.content.util.ContentUtilsTest$TestCase@72c04d44]" classname="com.dotcms.rendering.velocity.viewtools.content.util.ContentUtilsTest" time="6.146"/>
  <testcase name="testPullRelated[67: com.dotcms.rendering.velocity.viewtools.content.util.ContentUtilsTest$TestCase@7f3e8925]" classname="com.dotcms.rendering.velocity.viewtools.content.util.ContentUtilsTest" time="6.243"/>
  <testcase name="testPullRelated[68: com.dotcms.rendering.velocity.viewtools.content.util.ContentUtilsTest$TestCase@7553e483]" classname="com.dotcms.rendering.velocity.viewtools.content.util.ContentUtilsTest" time="4.85"/>
  <testcase name="testPullRelated[69: com.dotcms.rendering.velocity.viewtools.content.util.ContentUtilsTest$TestCase@2053489b]" classname="com.dotcms.rendering.velocity.viewtools.content.util.ContentUtilsTest" time="6.459"/>
  <testcase name="testPullRelated[70: com.dotcms.rendering.velocity.viewtools.content.util.ContentUtilsTest$TestCase@50099bb8]" classname="com.dotcms.rendering.velocity.viewtools.content.util.ContentUtilsTest" time="6.117"/>
  <testcase name="testPullRelated[71: com.dotcms.rendering.velocity.viewtools.content.util.ContentUtilsTest$TestCase@5bf5473d]" classname="com.dotcms.rendering.velocity.viewtools.content.util.ContentUtilsTest" time="6.103"/>
  <testcase name="whenPublishAndExpireDatesAreInTheFutureAndTimeMachineIsAfterBoth" classname="com.dotcms.rendering.velocity.viewtools.content.util.ContentUtilsTest" time="3.623"/>
  <testcase name="testPullRelatedForLegacyRelationship[0: com.dotcms.rendering.velocity.viewtools.content.util.ContentUtilsTest$LegacyTestCase@3168d73c]" classname="com.dotcms.rendering.velocity.viewtools.content.util.ContentUtilsTest" time="4.039"/>
  <testcase name="testPullRelatedForLegacyRelationship[1: com.dotcms.rendering.velocity.viewtools.content.util.ContentUtilsTest$LegacyTestCase@b45561a]" classname="com.dotcms.rendering.velocity.viewtools.content.util.ContentUtilsTest" time="4.216"/>
  <testcase name="whenTheTimeMachineDateIsAfterTomorrowAndExpireDateIsTomorrowShouldNotReturnContent" classname="com.dotcms.rendering.velocity.viewtools.content.util.ContentUtilsTest" time="3.613"/>
  <testcase name="testPullLiveRelatedWhenLatestVersionIsWorking" classname="com.dotcms.rendering.velocity.viewtools.content.util.ContentUtilsTest" time="4.279"/>
  <testcase name="test_add_relationships_on_parent_children_related_contents" classname="com.dotcms.rendering.velocity.viewtools.content.util.ContentUtilsTest" time="1.711"/>
  <testcase name="testSortPullRelated[0: com.dotcms.rendering.velocity.viewtools.content.util.ContentUtilsTest$SortTestCase@178dd891]" classname="com.dotcms.rendering.velocity.viewtools.content.util.ContentUtilsTest" time="2.849"/>
  <testcase name="testSortPullRelated[1: com.dotcms.rendering.velocity.viewtools.content.util.ContentUtilsTest$SortTestCase@6630b9f2]" classname="com.dotcms.rendering.velocity.viewtools.content.util.ContentUtilsTest" time="3.217"/>
  <testcase name="testSortPullRelated[2: com.dotcms.rendering.velocity.viewtools.content.util.ContentUtilsTest$SortTestCase@1196533f]" classname="com.dotcms.rendering.velocity.viewtools.content.util.ContentUtilsTest" time="3.421"/>
  <testcase name="testSortPullRelated[3: com.dotcms.rendering.velocity.viewtools.content.util.ContentUtilsTest$SortTestCase@30422291]" classname="com.dotcms.rendering.velocity.viewtools.content.util.ContentUtilsTest" time="2.262"/>
  <testcase name="testSortPullRelated[4: com.dotcms.rendering.velocity.viewtools.content.util.ContentUtilsTest$SortTestCase@49723d58]" classname="com.dotcms.rendering.velocity.viewtools.content.util.ContentUtilsTest" time="3.194"/>
  <testcase name="testSortPullRelated[5: com.dotcms.rendering.velocity.viewtools.content.util.ContentUtilsTest$SortTestCase@2a6ee2ad]" classname="com.dotcms.rendering.velocity.viewtools.content.util.ContentUtilsTest" time="3.385"/>
  <testcase name="whenTheTimeMachineDateIsAfterTomorrowAndExpireDateIsInFutureShouldReturnContent" classname="com.dotcms.rendering.velocity.viewtools.content.util.ContentUtilsTest" time="3.659"/>
  <testcase name="testPullRelatedFieldShouldRespectDefaultOrder" classname="com.dotcms.rendering.velocity.viewtools.content.util.ContentUtilsTest" time="3.2"/>
  <system-out><![CDATA[]]></system-out>
  <system-err><![CDATA[]]></system-err>
</testsuite>
