<?xml version="1.0" encoding="UTF-8"?>
<testsuite name="com.dotmarketing.business.DeterministicIdentifierAPITest" tests="16" skipped="0" failures="0" errors="0" timestamp="2023-06-26T18:27:31" hostname="fv-az455-779" time="1.739">
  <properties/>
  <testcase name="Test_Category_Path_Seed_And_Id" classname="com.dotmarketing.business.DeterministicIdentifierAPITest" time="0.03"/>
  <testcase name="Test_Language_Deterministic_Id[0: LanguageTestCase{expectedSeed='Language:es:US', expectedHash=4913155, langCode='es', countryCode='US', country='United States'}]" classname="com.dotmarketing.business.DeterministicIdentifierAPITest" time="0.002"/>
  <testcase name="Test_Language_Deterministic_Id[1: LanguageTestCase{expectedSeed='Language:ep:', expectedHash=5292269, langCode='ep', countryCode='', country=''}]" classname="com.dotmarketing.business.DeterministicIdentifierAPITest" time="0.001"/>
  <testcase name="Test_Language_Deterministic_Id[2: LanguageTestCase{expectedSeed='Language:sg:SAG', expectedHash=4713118, langCode='sg', countryCode='SAG', country=''}]" classname="com.dotmarketing.business.DeterministicIdentifierAPITest" time="0.001"/>
  <testcase name="Test_Language_Deterministic_Id[3: LanguageTestCase{expectedSeed='Language:en:NZ', expectedHash=5382528, langCode='en', countryCode='NZ', country='New Zealand'}]" classname="com.dotmarketing.business.DeterministicIdentifierAPITest" time="0.001"/>
  <testcase name="Test_Category_None_Persisted_Category_Should_Return_Deterministic_Id" classname="com.dotmarketing.business.DeterministicIdentifierAPITest" time="0.002"/>
  <testcase name="Test_Asset_Generate_Deterministic_Id_Best_Effort[0: TestCase{versionable=my.host1687803624367.com, parent=System Host, expectedName='my.host1687803624367.com', expectedType='Host'}]" classname="com.dotmarketing.business.DeterministicIdentifierAPITest" time="0.003"/>
  <testcase name="Test_Asset_Generate_Deterministic_Id_Best_Effort[1: TestCase{versionable=com.dotmarketing.portlets.contentlet.model.Contentlet@77408875[map={modDate=2023-06-26 18:20:24.831, fileName=file8318497801529133053.txt, title=file8318497801529133053.txt, inode=eed05e96-9533-49c9-8be5-89e5de492634, __IS_NEW_CONTENT__=true, disabledWYSIWYG=[], host=db021890-66e5-4d21-8cd7-1d8dfad6fd79, stInode=33888b6f-7a8e-4069-b1b6-5c1aa9d0a48d, owner=system, identifier=b6344d1a-254b-49ad-a567-0048f0f9cef3, nullProperties=[wfExpireDate, wfPublishDate, wfActionAssign, wfActionId, wfActionComments, filterKey, whereToSend, wfNeverExpire, _path_to_move, timezoneId, iWantTo, wfPublishTime, wfExpireTime], languageId=1, fileAsset=/home/runner/work/core/custom/assets/e/e/eed05e96-9533-49c9-8be5-89e5de492634/fileAsset/file8318497801529133053.txt, folder=759dae67-05e1-4358-8c88-17dbef832530, __disable_workflow__=true, sortOrder=0, modUser=system},lowIndexPriority=false,variantId=DEFAULT], parent=com.dotmarketing.portlets.folders.model.Folder@1181a8a8[identifier=759dae67-05e1-4358-8c88-17dbef832530,name=testName1687803624818,sortOrder=0,showOnMenu=false,hostId=db021890-66e5-4d21-8cd7-1d8dfad6fd79,type=folder,title=testTitle1687803624818,filesMasks=,defaultFileType=33888b6f-7a8e-4069-b1b6-5c1aa9d0a48d,modDate=2023-06-26 18:20:24.823,owner=&lt;null&gt;,iDate=2023-06-26 18:20:24.823,inode=759dae67-05e1-4358-8c88-17dbef832530,path=/testName1687803624818/], expectedName='file8318497801529133053.txt', expectedType='FileAsset'}]" classname="com.dotmarketing.business.DeterministicIdentifierAPITest" time="0.004"/>
  <testcase name="Test_Asset_Generate_Deterministic_Id_Best_Effort[2: TestCase{versionable=com.dotmarketing.portlets.templates.model.Template@3b104b16, parent=my.host1687803624367.com, expectedName='testTitle1687803624940', expectedType='Template'}]" classname="com.dotmarketing.business.DeterministicIdentifierAPITest" time="0.002"/>
  <testcase name="Test_Asset_Generate_Deterministic_Id_Best_Effort[3: TestCase{versionable=com.dotmarketing.portlets.htmlpageasset.model.HTMLPageAsset@7c55b40f[map={template=ca734e55-838a-405e-bdab-3aebea747de3, owner=system, identifier=7e5b621d-2942-420d-95b6-619f86ce07e8, nullProperties=[wfExpireDate, wfPublishDate, wfActionAssign, wfActionId, wfActionComments, filterKey, whereToSend, wfNeverExpire, _path_to_move, timezoneId, iWantTo, wfPublishTime, wfExpireTime], modDate=2023-06-26 18:20:24.967, cachettl=0, _is_test_mode=true, languageId=1, title=test-page-title-1687803624961, httpsreq=, url=test-page-url-1687803624961, showOnMenu=, inode=c78f7738-5d39-4b05-ab2e-c0f3ef8db573, folder=759dae67-05e1-4358-8c88-17dbef832530, disabledWYSIWYG=[], sortOrder=1, modUser=system, host=db021890-66e5-4d21-8cd7-1d8dfad6fd79, stInode=c541abb1-69b3-4bc5-8430-5e09e5239cc8, friendlyName=test-page-friendly-name-1687803624961},lowIndexPriority=false,variantId=DEFAULT], parent=com.dotmarketing.portlets.folders.model.Folder@1181a8a8[identifier=759dae67-05e1-4358-8c88-17dbef832530,name=testName1687803624818,sortOrder=0,showOnMenu=false,hostId=db021890-66e5-4d21-8cd7-1d8dfad6fd79,type=folder,title=testTitle1687803624818,filesMasks=,defaultFileType=33888b6f-7a8e-4069-b1b6-5c1aa9d0a48d,modDate=2023-06-26 18:20:24.823,owner=&lt;null&gt;,iDate=2023-06-26 18:20:24.823,inode=759dae67-05e1-4358-8c88-17dbef832530,path=/testName1687803624818/], expectedName='test-page-url-1687803624961', expectedType='htmlpageasset'}]" classname="com.dotmarketing.business.DeterministicIdentifierAPITest" time="0.004"/>
  <testcase name="Test_Asset_Generate_Deterministic_Id_Best_Effort[4: TestCase{versionable=com.dotmarketing.portlets.contentlet.model.Contentlet@16940c8f[map={fileAsset2=/home/runner/work/core/custom/assets/1/a/1accd7e8-fddb-4646-b7fe-785d67d1c29c/fileAsset2/test_binary1687803626818.png, modDate=2023-06-26 18:20:26.826, fileAsset1=/home/runner/work/core/custom/assets/1/a/1accd7e8-fddb-4646-b7fe-785d67d1c29c/fileAsset1/test_binary1687803626818.jpg, title=blah, inode=1accd7e8-fddb-4646-b7fe-785d67d1c29c, __IS_NEW_CONTENT__=true, disabledWYSIWYG=[], host=48190c8c-42c4-46af-8d1a-0cd5db894797, stInode=d6e62881-7bd3-484d-a46f-4571a7ed0392, owner=system, identifier=f3d4a68b-2a61-434b-937d-48ca75bd2ddc, nullProperties=[], languageId=1, image1=d0a38c66-0551-43c9-98a3-04cb2005be7a, folder=SYSTEM_FOLDER, __disable_workflow__=true, sortOrder=0, modUser=system},lowIndexPriority=false,variantId=DEFAULT], parent=demo.dotcms.com, expectedName='test_binary1687803626818.jpg:test_binary1687803626818.png', expectedType='MultipleBinaries1687803625216'}]" classname="com.dotmarketing.business.DeterministicIdentifierAPITest" time="0.005"/>
  <testcase name="Test_Asset_Generate_Deterministic_Id_Best_Effort[5: TestCase{versionable=name164eceb8de : keyTag164eceb8de, parent=my.host1687803624367.com, expectedName='keyTag164eceb8de', expectedType='persona'}]" classname="com.dotmarketing.business.DeterministicIdentifierAPITest" time="0.003"/>
  <testcase name="Test_Similar_Content_Type_Wont_Clash" classname="com.dotmarketing.business.DeterministicIdentifierAPITest" time="0.6"/>
  <testcase name="Test_Generate_Folder_Identifier" classname="com.dotmarketing.business.DeterministicIdentifierAPITest" time="1.067"/>
  <testcase name="Test_Generate_Content_Type_Identifier[0: ContentTypeTestCase{contentType=KeyValueContentType{name=Language Variable, id=f4d7c1b8-2c88-4071-abf1-a5328977b07d, description=Default Content Type for Language Variables, defaultType=false, fixed=true, iDate=Thu Aug 31 16:38:49 UTC 2017, system=true, versionable=true, variable=Languagevariable, modDate=Mon Jun 26 17:07:06 UTC 2023, host=SYSTEM_HOST, siteName=systemHost, icon=language, sortOrder=0, folder=SYSTEM_FOLDER, folderPath=/, markedForDeletion=true, multilingualable=false}, expectedName='Languagevariable', expectedType='KeyValue'}]" classname="com.dotmarketing.business.DeterministicIdentifierAPITest" time="0.006"/>
  <testcase name="Test_Generate_Content_Type_Identifier[1: ContentTypeTestCase{contentType=SimpleContentType{name=testName1687803627305, id=15976f27-ea7e-4906-abad-b97514cc082a, description=testDescription1687803627305, defaultType=false, fixed=false, iDate=Mon Jun 26 18:20:27 UTC 2023, system=false, versionable=true, multilingualable=false, variable=testVarname1687803627305, owner=system, modDate=Mon Jun 26 18:20:28 UTC 2023, host=48190c8c-42c4-46af-8d1a-0cd5db894797, siteName=demo.dotcms.com, icon=event_note, sortOrder=0, folder=SYSTEM_FOLDER, folderPath=/, requiredFields=[], markedForDeletion=false}, expectedName='testVarname1687803627305', expectedType='CONTENT'}]" classname="com.dotmarketing.business.DeterministicIdentifierAPITest" time="0.006"/>
  <system-out><![CDATA[]]></system-out>
  <system-err><![CDATA[]]></system-err>
</testsuite>
