<?xml version="1.0" encoding="UTF-8"?>
<testsuite name="com.dotmarketing.util.HashBuilderTest" tests="2" skipped="0" failures="0" errors="0" timestamp="2023-07-18T18:55:43" hostname="fv-az803-421" time="0.006">
  <properties/>
  <testcase name="Test_Identical_Files_Different_Name_Location_BuildUnixHash" classname="com.dotmarketing.util.HashBuilderTest" time="0.004"/>
  <testcase name="Test_BuildUnixHash" classname="com.dotmarketing.util.HashBuilderTest" time="0.002"/>
  <system-out><![CDATA[]]></system-out>
  <system-err><![CDATA[]]></system-err>
</testsuite>
