<?xml version="1.0" encoding="UTF-8"?>
<testsuite name="com.dotcms.analytics.metrics.QueryParameterValuesTransformerTest" tests="1" skipped="0" failures="0" errors="0" timestamp="2023-07-24T15:27:02" hostname="fv-az571-935" time="0.008">
  <properties/>
  <testcase name="transformQueryParamsValues" classname="com.dotcms.analytics.metrics.QueryParameterValuesTransformerTest" time="0.008"/>
  <system-out><![CDATA[]]></system-out>
  <system-err><![CDATA[]]></system-err>
</testsuite>
