<?xml version="1.0" encoding="UTF-8"?>
<testsuite name="com.dotmarketing.servlets.ajax.AjaxDirectorServletIntegrationTest" tests="2" skipped="0" failures="0" errors="0" timestamp="2023-06-29T20:53:15" hostname="fv-az221-564" time="1.098">
  <properties/>
  <testcase name="testService[0: com.dotmarketing.servlets.ajax.AjaxDirectorServletTestCase@734c65d1]" classname="com.dotmarketing.servlets.ajax.AjaxDirectorServletIntegrationTest" time="0.486"/>
  <testcase name="testService[1: com.dotmarketing.servlets.ajax.AjaxDirectorServletTestCase@2d4a491a]" classname="com.dotmarketing.servlets.ajax.AjaxDirectorServletIntegrationTest" time="0.612"/>
  <system-out><![CDATA[]]></system-out>
  <system-err><![CDATA[]]></system-err>
</testsuite>
