<?xml version="1.0" encoding="UTF-8"?>
<testsuite name="com.dotmarketing.portlets.rules.conditionlet.VisitorOperatingSystemConditionletTest" tests="2" skipped="0" failures="0" errors="0" timestamp="2023-06-28T23:23:24" hostname="fv-az955-446" time="0.002">
  <properties/>
  <testcase name="testEvaluateIs" classname="com.dotmarketing.portlets.rules.conditionlet.VisitorOperatingSystemConditionletTest" time="0.001"/>
  <testcase name="testEvaluateIsNot" classname="com.dotmarketing.portlets.rules.conditionlet.VisitorOperatingSystemConditionletTest" time="0.001"/>
  <system-out><![CDATA[]]></system-out>
  <system-err><![CDATA[]]></system-err>
</testsuite>
