<?xml version="1.0" encoding="UTF-8"?>
<testsuite name="com.dotcms.enterprise.publishing.remote.bundler.HostBundlerTest" tests="3" skipped="0" failures="0" errors="0" timestamp="2023-06-29T06:47:07" hostname="fv-az590-241" time="0.076">
  <properties/>
  <testcase name="addHostInBundle[0: com.dotcms.enterprise.publishing.remote.bundler.HostBundlerTest$TestCase@56dba2be]" classname="com.dotcms.enterprise.publishing.remote.bundler.HostBundlerTest" time="0.023"/>
  <testcase name="addHostInBundle[1: com.dotcms.enterprise.publishing.remote.bundler.HostBundlerTest$TestCase@59a486c6]" classname="com.dotcms.enterprise.publishing.remote.bundler.HostBundlerTest" time="0.019"/>
  <testcase name="addHostInBundle[2: com.dotcms.enterprise.publishing.remote.bundler.HostBundlerTest$TestCase@5f3436c4]" classname="com.dotcms.enterprise.publishing.remote.bundler.HostBundlerTest" time="0.034"/>
  <system-out><![CDATA[]]></system-out>
  <system-err><![CDATA[]]></system-err>
</testsuite>
