<?xml version="1.0" encoding="UTF-8"?>
<testsuite name="com.dotmarketing.filters.CMSUrlUtilIntegrationTest" tests="7" skipped="0" failures="0" errors="0" timestamp="2023-06-23T18:45:12" hostname="fv-az578-351" time="6.219">
  <properties/>
  <testcase name="whenResolveResourceType_shouldReturnATupleWithPageAndNone" classname="com.dotmarketing.filters.CMSUrlUtilIntegrationTest" time="1.351"/>
  <testcase name="shouldReturnATupleWithFalseAndNone" classname="com.dotmarketing.filters.CMSUrlUtilIntegrationTest" time="1.19"/>
  <testcase name="shouldReturnATupleWithTrueAndPageUrlMap" classname="com.dotmarketing.filters.CMSUrlUtilIntegrationTest" time="1.194"/>
  <testcase name="shouldReturnATupleWithTrueAndNone" classname="com.dotmarketing.filters.CMSUrlUtilIntegrationTest" time="1.256"/>
  <testcase name="whenResolveResourceType_shouldReturnATupleWithPageAndPageUrlMap" classname="com.dotmarketing.filters.CMSUrlUtilIntegrationTest" time="1.197"/>
  <testcase name="whenResolveResourceType_shouldReturnATupleWithFolderAndNone" classname="com.dotmarketing.filters.CMSUrlUtilIntegrationTest" time="0.021"/>
  <testcase name="whenResolveResourceType_shouldReturnATupleWithPageAndPageIndex" classname="com.dotmarketing.filters.CMSUrlUtilIntegrationTest" time="0.009"/>
  <system-out><![CDATA[]]></system-out>
  <system-err><![CDATA[]]></system-err>
</testsuite>
