<?xml version="1.0" encoding="UTF-8"?>
<testsuite name="com.dotcms.rest.elasticsearch.ESContentResourcePortletTest" tests="8" skipped="0" failures="0" errors="0" timestamp="2023-06-28T15:14:13" hostname="fv-az417-729" time="8.8">
  <properties/>
  <testcase name="test_search_includeGrandChildCategory_success" classname="com.dotcms.rest.elasticsearch.ESContentResourcePortletTest" time="1.391"/>
  <testcase name="testSearch[0: com.dotcms.rest.elasticsearch.ESContentResourcePortletTest$TestCase@edfe523]" classname="com.dotcms.rest.elasticsearch.ESContentResourcePortletTest" time="0.91"/>
  <testcase name="testSearch[1: com.dotcms.rest.elasticsearch.ESContentResourcePortletTest$TestCase@2330b503]" classname="com.dotcms.rest.elasticsearch.ESContentResourcePortletTest" time="1.262"/>
  <testcase name="testSearch[2: com.dotcms.rest.elasticsearch.ESContentResourcePortletTest$TestCase@c96d3ff]" classname="com.dotcms.rest.elasticsearch.ESContentResourcePortletTest" time="0.914"/>
  <testcase name="testSearch[3: com.dotcms.rest.elasticsearch.ESContentResourcePortletTest$TestCase@63fbb51]" classname="com.dotcms.rest.elasticsearch.ESContentResourcePortletTest" time="1.241"/>
  <testcase name="testSearch[4: com.dotcms.rest.elasticsearch.ESContentResourcePortletTest$TestCase@77b8b048]" classname="com.dotcms.rest.elasticsearch.ESContentResourcePortletTest" time="1.236"/>
  <testcase name="testSearch[5: com.dotcms.rest.elasticsearch.ESContentResourcePortletTest$TestCase@51068b11]" classname="com.dotcms.rest.elasticsearch.ESContentResourcePortletTest" time="0.928"/>
  <testcase name="testSearch[6: com.dotcms.rest.elasticsearch.ESContentResourcePortletTest$TestCase@6b35a3e5]" classname="com.dotcms.rest.elasticsearch.ESContentResourcePortletTest" time="0.917"/>
  <system-out><![CDATA[]]></system-out>
  <system-err><![CDATA[]]></system-err>
</testsuite>
