<?xml version="1.0" encoding="UTF-8"?>
<testsuite name="com.dotmarketing.startup.runonce.Task04375UpdateColorsTest" tests="1" skipped="0" failures="0" errors="0" timestamp="2023-07-12T18:52:29" hostname="fv-az358-82" time="0.003">
  <properties/>
  <testcase name="testExecuteUpgrade_newColors_Success" classname="com.dotmarketing.startup.runonce.Task04375UpdateColorsTest" time="0.003"/>
  <system-out><![CDATA[]]></system-out>
  <system-err><![CDATA[]]></system-err>
</testsuite>
