<?xml version="1.0" encoding="UTF-8"?>
<testsuite name="org.apache.velocity.runtime.parser.node.SimpleNodeTest" tests="1" skipped="0" failures="0" errors="0" timestamp="2023-07-01T01:14:53" hostname="fv-az616-461" time="0.381">
  <properties/>
  <testcase name="serializeTest" classname="org.apache.velocity.runtime.parser.node.SimpleNodeTest" time="0.381"/>
  <system-out><![CDATA[]]></system-out>
  <system-err><![CDATA[]]></system-err>
</testsuite>
