<?xml version="1.0" encoding="UTF-8"?>
<testsuite name="com.dotcms.browser.BrowserAPITest" tests="10" skipped="0" failures="0" errors="0" timestamp="2023-07-04T01:43:49" hostname="fv-az951-870" time="32.226">
  <properties/>
  <testcase name="testGetFolderContentWithValidIdentifier" classname="com.dotcms.browser.BrowserAPITest" time="1.044"/>
  <testcase name="getAssetNameColumn_providedBaseQuery_shouldGenerateCorrectSQLForDB" classname="com.dotcms.browser.BrowserAPITest" time="0.002"/>
  <testcase name="getFolderContent_searchAssetWithNoTitleUsingFileName_Expect_Results" classname="com.dotcms.browser.BrowserAPITest" time="1.401"/>
  <testcase name="getFolderContent_searchDotAssetWithFilter_shouldReturnNotNull" classname="com.dotcms.browser.BrowserAPITest" time="0.051"/>
  <testcase name="test_GetFolderContent_mimetype_pagination" classname="com.dotcms.browser.BrowserAPITest" time="11.396"/>
  <testcase name="testGetFolderContentWithInvalidIdentifier" classname="com.dotcms.browser.BrowserAPITest" time="0.007"/>
  <testcase name="test_GetFolderContent_pagination" classname="com.dotcms.browser.BrowserAPITest" time="12.269"/>
  <testcase name="Test_GetFolderContent_Multiple_Langs" classname="com.dotcms.browser.BrowserAPITest" time="4.914"/>
  <testcase name="testingDifferentBrowserAPIResults" classname="com.dotcms.browser.BrowserAPITest" time="0.224"/>
  <testcase name="test_getFolderContent_folderOrderedByName" classname="com.dotcms.browser.BrowserAPITest" time="0.916"/>
  <system-out><![CDATA[




































]]></system-out>
  <system-err><![CDATA[]]></system-err>
</testsuite>
