<?xml version="1.0" encoding="UTF-8"?>
<testsuite name="com.dotcms.rendering.velocity.viewtools.FileToolTest" tests="5" skipped="0" failures="0" errors="0" timestamp="2023-07-18T00:42:17" hostname="fv-az442-90" time="10.036">
  <properties/>
  <testcase name="getFileWithTwoVersions" classname="com.dotcms.rendering.velocity.viewtools.FileToolTest" time="2.043"/>
  <testcase name="getFileNotDefaultVariant" classname="com.dotcms.rendering.velocity.viewtools.FileToolTest" time="1.923"/>
  <testcase name="getFileWithVersionInAnotherVariant" classname="com.dotcms.rendering.velocity.viewtools.FileToolTest" time="1.975"/>
  <testcase name="getFileByFallback" classname="com.dotcms.rendering.velocity.viewtools.FileToolTest" time="2.04"/>
  <testcase name="testGetFile_givenNotLiveFile_ShouldReturnNull" classname="com.dotcms.rendering.velocity.viewtools.FileToolTest" time="2.054"/>
  <system-out><![CDATA[]]></system-out>
  <system-err><![CDATA[]]></system-err>
</testsuite>
