<?xml version="1.0" encoding="UTF-8"?>
<testsuite name="com.dotcms.enterprise.publishing.remote.bundler.ContainerBundlerTest" tests="4" skipped="0" failures="0" errors="0" timestamp="2023-07-17T17:37:40" hostname="fv-az797-388" time="0.048">
  <properties/>
  <testcase name="addContainerInBundle[0: com.dotcms.enterprise.publishing.remote.bundler.ContainerBundlerTest$TestCase@6af33529]" classname="com.dotcms.enterprise.publishing.remote.bundler.ContainerBundlerTest" time="0.019"/>
  <testcase name="addContainerInBundle[1: com.dotcms.enterprise.publishing.remote.bundler.ContainerBundlerTest$TestCase@61a51e12]" classname="com.dotcms.enterprise.publishing.remote.bundler.ContainerBundlerTest" time="0.011"/>
  <testcase name="addContainerInBundle[2: com.dotcms.enterprise.publishing.remote.bundler.ContainerBundlerTest$TestCase@23453f07]" classname="com.dotcms.enterprise.publishing.remote.bundler.ContainerBundlerTest" time="0.009"/>
  <testcase name="addContainerInBundle[3: com.dotcms.enterprise.publishing.remote.bundler.ContainerBundlerTest$TestCase@6b9eba89]" classname="com.dotcms.enterprise.publishing.remote.bundler.ContainerBundlerTest" time="0.008"/>
  <system-out><![CDATA[]]></system-out>
  <system-err><![CDATA[]]></system-err>
</testsuite>
