<?xml version="1.0" encoding="UTF-8"?>
<testsuite name="com.dotcms.rest.TagResourceIntegrationTest" tests="4" skipped="0" failures="0" errors="0" timestamp="2023-06-28T20:17:11" hostname="fv-az577-630" time="0.352">
  <properties/>
  <testcase name="testList[0: com.dotcms.rest.TagResourceTestCase@2d79675e]" classname="com.dotcms.rest.TagResourceIntegrationTest" time="0.26"/>
  <testcase name="testList[1: com.dotcms.rest.TagResourceTestCase@1f871172]" classname="com.dotcms.rest.TagResourceIntegrationTest" time="0.032"/>
  <testcase name="testList[2: com.dotcms.rest.TagResourceTestCase@5a076a3b]" classname="com.dotcms.rest.TagResourceIntegrationTest" time="0.024"/>
  <testcase name="testList[3: com.dotcms.rest.TagResourceTestCase@14f29e6c]" classname="com.dotcms.rest.TagResourceIntegrationTest" time="0.033"/>
  <system-out><![CDATA[]]></system-out>
  <system-err><![CDATA[Jun 28, 2023 8:17:11 PM com.dotcms.repackage.org.hibernate.validator.internal.util.Version <clinit>
INFO: HV000001: Hibernate Validator 4.3.2.Final
]]></system-err>
</testsuite>
