<?xml version="1.0" encoding="UTF-8"?>
<testsuite name="com.dotcms.rest.api.v1.vtl.VTLResourceIntegrationTest" tests="6" skipped="0" failures="0" errors="0" timestamp="2023-07-21T17:49:15" hostname="fv-az454-899" time="11.026">
  <properties/>
  <testcase name="testGet[0: com.dotcms.rest.api.v1.vtl.VTLResourceTestCase@53faf81c]" classname="com.dotcms.rest.api.v1.vtl.VTLResourceIntegrationTest" time="2.272"/>
  <testcase name="testGet[1: com.dotcms.rest.api.v1.vtl.VTLResourceTestCase@31db8b7d]" classname="com.dotcms.rest.api.v1.vtl.VTLResourceIntegrationTest" time="0.919"/>
  <testcase name="testGet[2: com.dotcms.rest.api.v1.vtl.VTLResourceTestCase@2857d893]" classname="com.dotcms.rest.api.v1.vtl.VTLResourceIntegrationTest" time="1.968"/>
  <testcase name="testGet[3: com.dotcms.rest.api.v1.vtl.VTLResourceTestCase@367daf88]" classname="com.dotcms.rest.api.v1.vtl.VTLResourceIntegrationTest" time="2.144"/>
  <testcase name="testGet[4: com.dotcms.rest.api.v1.vtl.VTLResourceTestCase@32c39b43]" classname="com.dotcms.rest.api.v1.vtl.VTLResourceIntegrationTest" time="1.763"/>
  <testcase name="testGet[5: com.dotcms.rest.api.v1.vtl.VTLResourceTestCase@5f2e7e05]" classname="com.dotcms.rest.api.v1.vtl.VTLResourceIntegrationTest" time="1.959"/>
  <system-out><![CDATA[]]></system-out>
  <system-err><![CDATA[]]></system-err>
</testsuite>
