<?xml version="1.0" encoding="UTF-8"?>
<testsuite name="com.dotcms.rest.TagResourceIntegrationTest" tests="4" skipped="0" failures="0" errors="0" timestamp="2023-06-27T20:53:34" hostname="fv-az936-789" time="0.448">
  <properties/>
  <testcase name="testList[0: com.dotcms.rest.TagResourceTestCase@b33f846]" classname="com.dotcms.rest.TagResourceIntegrationTest" time="0.345"/>
  <testcase name="testList[1: com.dotcms.rest.TagResourceTestCase@12eb7421]" classname="com.dotcms.rest.TagResourceIntegrationTest" time="0.036"/>
  <testcase name="testList[2: com.dotcms.rest.TagResourceTestCase@6944671a]" classname="com.dotcms.rest.TagResourceIntegrationTest" time="0.025"/>
  <testcase name="testList[3: com.dotcms.rest.TagResourceTestCase@5502f118]" classname="com.dotcms.rest.TagResourceIntegrationTest" time="0.041"/>
  <system-out><![CDATA[]]></system-out>
  <system-err><![CDATA[Jun 27, 2023 8:53:34 PM com.dotcms.repackage.org.hibernate.validator.internal.util.Version <clinit>
INFO: HV000001: Hibernate Validator 4.3.2.Final
]]></system-err>
</testsuite>
