<?xml version="1.0" encoding="UTF-8"?>
<testsuite name="com.dotcms.publisher.business.PublisherAPIImplTest" tests="8" skipped="0" failures="0" errors="0" timestamp="2023-07-07T19:31:58" hostname="fv-az422-848" time="10.839">
  <properties/>
  <testcase name="test_addExperimentToPushPublishQueue_shouldAddProperly" classname="com.dotcms.publisher.business.PublisherAPIImplTest" time="0.236"/>
  <testcase name="test_deleteElementFromPublishQueueTable_OneAsset" classname="com.dotcms.publisher.business.PublisherAPIImplTest" time="2.055"/>
  <testcase name="test_deleteElementFromPublishQueueTable_TwoAssets" classname="com.dotcms.publisher.business.PublisherAPIImplTest" time="2.173"/>
  <testcase name="test_deleteElementsFromPublishQueueTable_TwoAssets" classname="com.dotcms.publisher.business.PublisherAPIImplTest" time="1.959"/>
  <testcase name="test_getQueueBundleIdsToProcess_ShouldExcludeFailedIntegrityStatus[0: BUNDLE_SENT_SUCCESSFULLY]" classname="com.dotcms.publisher.business.PublisherAPIImplTest" time="1.107"/>
  <testcase name="test_getQueueBundleIdsToProcess_ShouldExcludeFailedIntegrityStatus[1: PUBLISHING_BUNDLE]" classname="com.dotcms.publisher.business.PublisherAPIImplTest" time="1.095"/>
  <testcase name="test_getQueueBundleIdsToProcess_ShouldExcludeFailedIntegrityStatus[2: WAITING_FOR_PUBLISHING]" classname="com.dotcms.publisher.business.PublisherAPIImplTest" time="1.11"/>
  <testcase name="test_getQueueBundleIdsToProcess_ShouldExcludeFailedIntegrityStatus[3: FAILED_INTEGRITY_CHECK]" classname="com.dotcms.publisher.business.PublisherAPIImplTest" time="1.101"/>
  <system-out><![CDATA[]]></system-out>
  <system-err><![CDATA[]]></system-err>
</testsuite>
