<?xml version="1.0" encoding="UTF-8"?>
<testsuite name="com.dotcms.rest.TagResourceIntegrationTest" tests="4" skipped="0" failures="0" errors="0" timestamp="2023-06-23T17:42:01" hostname="fv-az646-389" time="0.353">
  <properties/>
  <testcase name="testList[0: com.dotcms.rest.TagResourceTestCase@14b3104d]" classname="com.dotcms.rest.TagResourceIntegrationTest" time="0.293"/>
  <testcase name="testList[1: com.dotcms.rest.TagResourceTestCase@5597fdfc]" classname="com.dotcms.rest.TagResourceIntegrationTest" time="0.022"/>
  <testcase name="testList[2: com.dotcms.rest.TagResourceTestCase@92e1d80]" classname="com.dotcms.rest.TagResourceIntegrationTest" time="0.016"/>
  <testcase name="testList[3: com.dotcms.rest.TagResourceTestCase@55ea8514]" classname="com.dotcms.rest.TagResourceIntegrationTest" time="0.02"/>
  <system-out><![CDATA[]]></system-out>
  <system-err><![CDATA[Jun 23, 2023 5:42:01 PM com.dotcms.repackage.org.hibernate.validator.internal.util.Version <clinit>
INFO: HV000001: Hibernate Validator 4.3.2.Final
]]></system-err>
</testsuite>
