<?xml version="1.0" encoding="UTF-8"?>
<testsuite name="com.dotmarketing.portlets.structure.model.ContentletRelationshipsTest" tests="7" skipped="0" failures="0" errors="0" timestamp="2023-07-12T23:44:16" hostname="fv-az1259-223" time="7.4">
  <properties/>
  <testcase name="testDoesAllowOnlyOne[0: com.dotmarketing.portlets.structure.model.ContentletRelationshipsTest$CardinalityTestCase@ca9953c]" classname="com.dotmarketing.portlets.structure.model.ContentletRelationshipsTest" time="0.414"/>
  <testcase name="testDoesAllowOnlyOne[1: com.dotmarketing.portlets.structure.model.ContentletRelationshipsTest$CardinalityTestCase@4ded479a]" classname="com.dotmarketing.portlets.structure.model.ContentletRelationshipsTest" time="0.427"/>
  <testcase name="testDoesAllowOnlyOne[2: com.dotmarketing.portlets.structure.model.ContentletRelationshipsTest$CardinalityTestCase@20751279]" classname="com.dotmarketing.portlets.structure.model.ContentletRelationshipsTest" time="0.433"/>
  <testcase name="testGetRelationshipRecords[0: com.dotmarketing.portlets.structure.model.ContentletRelationshipsTest$TestCase@5e6107ec]" classname="com.dotmarketing.portlets.structure.model.ContentletRelationshipsTest" time="1.86"/>
  <testcase name="testGetRelationshipRecords[1: com.dotmarketing.portlets.structure.model.ContentletRelationshipsTest$TestCase@1e216969]" classname="com.dotmarketing.portlets.structure.model.ContentletRelationshipsTest" time="1.829"/>
  <testcase name="testGetRelationshipRecords[2: com.dotmarketing.portlets.structure.model.ContentletRelationshipsTest$TestCase@39573ca0]" classname="com.dotmarketing.portlets.structure.model.ContentletRelationshipsTest" time="0.709"/>
  <testcase name="testGetRelationshipRecords[3: com.dotmarketing.portlets.structure.model.ContentletRelationshipsTest$TestCase@31b90729]" classname="com.dotmarketing.portlets.structure.model.ContentletRelationshipsTest" time="1.727"/>
  <system-out><![CDATA[]]></system-out>
  <system-err><![CDATA[]]></system-err>
</testsuite>
