<?xml version="1.0" encoding="UTF-8"?>
<testsuite name="com.dotcms.filters.interceptor.meta.MetaWebInterceptorTest" tests="3" skipped="0" failures="0" errors="0" timestamp="2023-07-17T17:11:49" hostname="fv-az257-583" time="0.008">
  <properties/>
  <testcase name="check_header_x_dot_server_config_disable_node_name" classname="com.dotcms.filters.interceptor.meta.MetaWebInterceptorTest" time="0.006"/>
  <testcase name="check_header_x_dot_server" classname="com.dotcms.filters.interceptor.meta.MetaWebInterceptorTest" time="0.001"/>
  <testcase name="check_header_x_dot_server_config_disable" classname="com.dotcms.filters.interceptor.meta.MetaWebInterceptorTest" time="0.001"/>
  <system-out><![CDATA[]]></system-out>
  <system-err><![CDATA[]]></system-err>
</testsuite>
