<?xml version="1.0" encoding="UTF-8"?>
<testsuite name="com.dotcms.rest.elasticsearch.ESContentResourcePortletTest" tests="8" skipped="0" failures="0" errors="0" timestamp="2023-07-07T20:00:59" hostname="fv-az244-222" time="7.753">
  <properties/>
  <testcase name="test_search_includeGrandChildCategory_success" classname="com.dotcms.rest.elasticsearch.ESContentResourcePortletTest" time="1.384"/>
  <testcase name="testSearch[0: com.dotcms.rest.elasticsearch.ESContentResourcePortletTest$TestCase@69ea3110]" classname="com.dotcms.rest.elasticsearch.ESContentResourcePortletTest" time="0.922"/>
  <testcase name="testSearch[1: com.dotcms.rest.elasticsearch.ESContentResourcePortletTest$TestCase@7d175075]" classname="com.dotcms.rest.elasticsearch.ESContentResourcePortletTest" time="1.233"/>
  <testcase name="testSearch[2: com.dotcms.rest.elasticsearch.ESContentResourcePortletTest$TestCase@486d9780]" classname="com.dotcms.rest.elasticsearch.ESContentResourcePortletTest" time="0.929"/>
  <testcase name="testSearch[3: com.dotcms.rest.elasticsearch.ESContentResourcePortletTest$TestCase@7a42e807]" classname="com.dotcms.rest.elasticsearch.ESContentResourcePortletTest" time="0.231"/>
  <testcase name="testSearch[4: com.dotcms.rest.elasticsearch.ESContentResourcePortletTest$TestCase@421834ee]" classname="com.dotcms.rest.elasticsearch.ESContentResourcePortletTest" time="1.229"/>
  <testcase name="testSearch[5: com.dotcms.rest.elasticsearch.ESContentResourcePortletTest$TestCase@5cb5020]" classname="com.dotcms.rest.elasticsearch.ESContentResourcePortletTest" time="0.908"/>
  <testcase name="testSearch[6: com.dotcms.rest.elasticsearch.ESContentResourcePortletTest$TestCase@21be168e]" classname="com.dotcms.rest.elasticsearch.ESContentResourcePortletTest" time="0.914"/>
  <system-out><![CDATA[]]></system-out>
  <system-err><![CDATA[]]></system-err>
</testsuite>
