<?xml version="1.0" encoding="UTF-8"?>
<testsuite name="com.dotcms.rendering.velocity.viewtools.content.util.ContentUtilsTest" tests="89" skipped="0" failures="0" errors="0" timestamp="2023-07-20T21:15:47" hostname="fv-az574-670" time="447.672">
  <properties/>
  <testcase name="whenTheTimeMachineDateIsNullAndPublishDateInFutureShouldNotReturnAnything" classname="com.dotcms.rendering.velocity.viewtools.content.util.ContentUtilsTest" time="4.016"/>
  <testcase name="test_find_multilingual_contentlet_getContentletSuccessfully" classname="com.dotcms.rendering.velocity.viewtools.content.util.ContentUtilsTest" time="1.453"/>
  <testcase name="whenTheTimeMachineDateAndPublishDateAreTomorrowShouldReturnOneContent" classname="com.dotcms.rendering.velocity.viewtools.content.util.ContentUtilsTest" time="4.057"/>
  <testcase name="testPullRelated[0: com.dotcms.rendering.velocity.viewtools.content.util.ContentUtilsTest$TestCase@482c0160]" classname="com.dotcms.rendering.velocity.viewtools.content.util.ContentUtilsTest" time="5.077"/>
  <testcase name="testPullRelated[1: com.dotcms.rendering.velocity.viewtools.content.util.ContentUtilsTest$TestCase@852b95]" classname="com.dotcms.rendering.velocity.viewtools.content.util.ContentUtilsTest" time="4.634"/>
  <testcase name="testPullRelated[2: com.dotcms.rendering.velocity.viewtools.content.util.ContentUtilsTest$TestCase@65aa1ac]" classname="com.dotcms.rendering.velocity.viewtools.content.util.ContentUtilsTest" time="3.457"/>
  <testcase name="testPullRelated[3: com.dotcms.rendering.velocity.viewtools.content.util.ContentUtilsTest$TestCase@351b71bd]" classname="com.dotcms.rendering.velocity.viewtools.content.util.ContentUtilsTest" time="3.63"/>
  <testcase name="testPullRelated[4: com.dotcms.rendering.velocity.viewtools.content.util.ContentUtilsTest$TestCase@1d14517f]" classname="com.dotcms.rendering.velocity.viewtools.content.util.ContentUtilsTest" time="4.387"/>
  <testcase name="testPullRelated[5: com.dotcms.rendering.velocity.viewtools.content.util.ContentUtilsTest$TestCase@34e408cb]" classname="com.dotcms.rendering.velocity.viewtools.content.util.ContentUtilsTest" time="3.834"/>
  <testcase name="testPullRelated[6: com.dotcms.rendering.velocity.viewtools.content.util.ContentUtilsTest$TestCase@67e0983a]" classname="com.dotcms.rendering.velocity.viewtools.content.util.ContentUtilsTest" time="4.415"/>
  <testcase name="testPullRelated[7: com.dotcms.rendering.velocity.viewtools.content.util.ContentUtilsTest$TestCase@9989be2]" classname="com.dotcms.rendering.velocity.viewtools.content.util.ContentUtilsTest" time="4.917"/>
  <testcase name="testPullRelated[8: com.dotcms.rendering.velocity.viewtools.content.util.ContentUtilsTest$TestCase@36b8bc07]" classname="com.dotcms.rendering.velocity.viewtools.content.util.ContentUtilsTest" time="3.88"/>
  <testcase name="testPullRelated[9: com.dotcms.rendering.velocity.viewtools.content.util.ContentUtilsTest$TestCase@220e484b]" classname="com.dotcms.rendering.velocity.viewtools.content.util.ContentUtilsTest" time="4.224"/>
  <testcase name="testPullRelated[10: com.dotcms.rendering.velocity.viewtools.content.util.ContentUtilsTest$TestCase@414c2578]" classname="com.dotcms.rendering.velocity.viewtools.content.util.ContentUtilsTest" time="4.307"/>
  <testcase name="testPullRelated[11: com.dotcms.rendering.velocity.viewtools.content.util.ContentUtilsTest$TestCase@c46e138]" classname="com.dotcms.rendering.velocity.viewtools.content.util.ContentUtilsTest" time="4.799"/>
  <testcase name="testPullRelated[12: com.dotcms.rendering.velocity.viewtools.content.util.ContentUtilsTest$TestCase@7fed3c33]" classname="com.dotcms.rendering.velocity.viewtools.content.util.ContentUtilsTest" time="3.905"/>
  <testcase name="testPullRelated[13: com.dotcms.rendering.velocity.viewtools.content.util.ContentUtilsTest$TestCase@2ff17f95]" classname="com.dotcms.rendering.velocity.viewtools.content.util.ContentUtilsTest" time="4.092"/>
  <testcase name="testPullRelated[14: com.dotcms.rendering.velocity.viewtools.content.util.ContentUtilsTest$TestCase@fb6e8f6]" classname="com.dotcms.rendering.velocity.viewtools.content.util.ContentUtilsTest" time="4.139"/>
  <testcase name="testPullRelated[15: com.dotcms.rendering.velocity.viewtools.content.util.ContentUtilsTest$TestCase@34c29719]" classname="com.dotcms.rendering.velocity.viewtools.content.util.ContentUtilsTest" time="4.434"/>
  <testcase name="testPullRelated[16: com.dotcms.rendering.velocity.viewtools.content.util.ContentUtilsTest$TestCase@22582916]" classname="com.dotcms.rendering.velocity.viewtools.content.util.ContentUtilsTest" time="4.616"/>
  <testcase name="testPullRelated[17: com.dotcms.rendering.velocity.viewtools.content.util.ContentUtilsTest$TestCase@671f71f]" classname="com.dotcms.rendering.velocity.viewtools.content.util.ContentUtilsTest" time="4.245"/>
  <testcase name="testPullRelated[18: com.dotcms.rendering.velocity.viewtools.content.util.ContentUtilsTest$TestCase@3eb85e7f]" classname="com.dotcms.rendering.velocity.viewtools.content.util.ContentUtilsTest" time="3.134"/>
  <testcase name="testPullRelated[19: com.dotcms.rendering.velocity.viewtools.content.util.ContentUtilsTest$TestCase@1e627cee]" classname="com.dotcms.rendering.velocity.viewtools.content.util.ContentUtilsTest" time="5.135"/>
  <testcase name="testPullRelated[20: com.dotcms.rendering.velocity.viewtools.content.util.ContentUtilsTest$TestCase@7d91e6ad]" classname="com.dotcms.rendering.velocity.viewtools.content.util.ContentUtilsTest" time="4.953"/>
  <testcase name="testPullRelated[21: com.dotcms.rendering.velocity.viewtools.content.util.ContentUtilsTest$TestCase@74d12f0f]" classname="com.dotcms.rendering.velocity.viewtools.content.util.ContentUtilsTest" time="4.077"/>
  <testcase name="testPullRelated[22: com.dotcms.rendering.velocity.viewtools.content.util.ContentUtilsTest$TestCase@866dc4c]" classname="com.dotcms.rendering.velocity.viewtools.content.util.ContentUtilsTest" time="4.112"/>
  <testcase name="testPullRelated[23: com.dotcms.rendering.velocity.viewtools.content.util.ContentUtilsTest$TestCase@56e54a2]" classname="com.dotcms.rendering.velocity.viewtools.content.util.ContentUtilsTest" time="3.34"/>
  <testcase name="testPullRelated[24: com.dotcms.rendering.velocity.viewtools.content.util.ContentUtilsTest$TestCase@77386e2c]" classname="com.dotcms.rendering.velocity.viewtools.content.util.ContentUtilsTest" time="4.828"/>
  <testcase name="testPullRelated[25: com.dotcms.rendering.velocity.viewtools.content.util.ContentUtilsTest$TestCase@aec9e93]" classname="com.dotcms.rendering.velocity.viewtools.content.util.ContentUtilsTest" time="4.119"/>
  <testcase name="testPullRelated[26: com.dotcms.rendering.velocity.viewtools.content.util.ContentUtilsTest$TestCase@3456a73e]" classname="com.dotcms.rendering.velocity.viewtools.content.util.ContentUtilsTest" time="4.172"/>
  <testcase name="testPullRelated[27: com.dotcms.rendering.velocity.viewtools.content.util.ContentUtilsTest$TestCase@436a2e52]" classname="com.dotcms.rendering.velocity.viewtools.content.util.ContentUtilsTest" time="4.216"/>
  <testcase name="testPullRelated[28: com.dotcms.rendering.velocity.viewtools.content.util.ContentUtilsTest$TestCase@7797711d]" classname="com.dotcms.rendering.velocity.viewtools.content.util.ContentUtilsTest" time="5.019"/>
  <testcase name="testPullRelated[29: com.dotcms.rendering.velocity.viewtools.content.util.ContentUtilsTest$TestCase@19e1617a]" classname="com.dotcms.rendering.velocity.viewtools.content.util.ContentUtilsTest" time="4.09"/>
  <testcase name="testPullRelated[30: com.dotcms.rendering.velocity.viewtools.content.util.ContentUtilsTest$TestCase@180f5a2f]" classname="com.dotcms.rendering.velocity.viewtools.content.util.ContentUtilsTest" time="2.931"/>
  <testcase name="testPullRelated[31: com.dotcms.rendering.velocity.viewtools.content.util.ContentUtilsTest$TestCase@a85efc2]" classname="com.dotcms.rendering.velocity.viewtools.content.util.ContentUtilsTest" time="4.273"/>
  <testcase name="testPullRelated[32: com.dotcms.rendering.velocity.viewtools.content.util.ContentUtilsTest$TestCase@46566816]" classname="com.dotcms.rendering.velocity.viewtools.content.util.ContentUtilsTest" time="3.825"/>
  <testcase name="testPullRelated[33: com.dotcms.rendering.velocity.viewtools.content.util.ContentUtilsTest$TestCase@54ae2b17]" classname="com.dotcms.rendering.velocity.viewtools.content.util.ContentUtilsTest" time="4.322"/>
  <testcase name="testPullRelated[34: com.dotcms.rendering.velocity.viewtools.content.util.ContentUtilsTest$TestCase@3692cd8f]" classname="com.dotcms.rendering.velocity.viewtools.content.util.ContentUtilsTest" time="4.053"/>
  <testcase name="testPullRelated[35: com.dotcms.rendering.velocity.viewtools.content.util.ContentUtilsTest$TestCase@134ccf60]" classname="com.dotcms.rendering.velocity.viewtools.content.util.ContentUtilsTest" time="4.777"/>
  <testcase name="testPullRelated[36: com.dotcms.rendering.velocity.viewtools.content.util.ContentUtilsTest$TestCase@662f03c7]" classname="com.dotcms.rendering.velocity.viewtools.content.util.ContentUtilsTest" time="5.813"/>
  <testcase name="testPullRelated[37: com.dotcms.rendering.velocity.viewtools.content.util.ContentUtilsTest$TestCase@437c6a86]" classname="com.dotcms.rendering.velocity.viewtools.content.util.ContentUtilsTest" time="6.882"/>
  <testcase name="testPullRelated[38: com.dotcms.rendering.velocity.viewtools.content.util.ContentUtilsTest$TestCase@632239d3]" classname="com.dotcms.rendering.velocity.viewtools.content.util.ContentUtilsTest" time="6.508"/>
  <testcase name="testPullRelated[39: com.dotcms.rendering.velocity.viewtools.content.util.ContentUtilsTest$TestCase@1660cd18]" classname="com.dotcms.rendering.velocity.viewtools.content.util.ContentUtilsTest" time="6.864"/>
  <testcase name="testPullRelated[40: com.dotcms.rendering.velocity.viewtools.content.util.ContentUtilsTest$TestCase@84fc528]" classname="com.dotcms.rendering.velocity.viewtools.content.util.ContentUtilsTest" time="6.041"/>
  <testcase name="testPullRelated[41: com.dotcms.rendering.velocity.viewtools.content.util.ContentUtilsTest$TestCase@2847b6fd]" classname="com.dotcms.rendering.velocity.viewtools.content.util.ContentUtilsTest" time="6.222"/>
  <testcase name="testPullRelated[42: com.dotcms.rendering.velocity.viewtools.content.util.ContentUtilsTest$TestCase@5ad9fe87]" classname="com.dotcms.rendering.velocity.viewtools.content.util.ContentUtilsTest" time="6.431"/>
  <testcase name="testPullRelated[43: com.dotcms.rendering.velocity.viewtools.content.util.ContentUtilsTest$TestCase@4ac1f0c9]" classname="com.dotcms.rendering.velocity.viewtools.content.util.ContentUtilsTest" time="7.582"/>
  <testcase name="testPullRelated[44: com.dotcms.rendering.velocity.viewtools.content.util.ContentUtilsTest$TestCase@3cd11a3c]" classname="com.dotcms.rendering.velocity.viewtools.content.util.ContentUtilsTest" time="6.528"/>
  <testcase name="testPullRelated[45: com.dotcms.rendering.velocity.viewtools.content.util.ContentUtilsTest$TestCase@2934b305]" classname="com.dotcms.rendering.velocity.viewtools.content.util.ContentUtilsTest" time="7.072"/>
  <testcase name="testPullRelated[46: com.dotcms.rendering.velocity.viewtools.content.util.ContentUtilsTest$TestCase@3c8c5d62]" classname="com.dotcms.rendering.velocity.viewtools.content.util.ContentUtilsTest" time="6.605"/>
  <testcase name="testPullRelated[47: com.dotcms.rendering.velocity.viewtools.content.util.ContentUtilsTest$TestCase@798eb582]" classname="com.dotcms.rendering.velocity.viewtools.content.util.ContentUtilsTest" time="6.082"/>
  <testcase name="testPullRelated[48: com.dotcms.rendering.velocity.viewtools.content.util.ContentUtilsTest$TestCase@4d3a5075]" classname="com.dotcms.rendering.velocity.viewtools.content.util.ContentUtilsTest" time="6.731"/>
  <testcase name="testPullRelated[49: com.dotcms.rendering.velocity.viewtools.content.util.ContentUtilsTest$TestCase@411a6e4c]" classname="com.dotcms.rendering.velocity.viewtools.content.util.ContentUtilsTest" time="6.195"/>
  <testcase name="testPullRelated[50: com.dotcms.rendering.velocity.viewtools.content.util.ContentUtilsTest$TestCase@1fa35c40]" classname="com.dotcms.rendering.velocity.viewtools.content.util.ContentUtilsTest" time="6.273"/>
  <testcase name="testPullRelated[51: com.dotcms.rendering.velocity.viewtools.content.util.ContentUtilsTest$TestCase@130dd893]" classname="com.dotcms.rendering.velocity.viewtools.content.util.ContentUtilsTest" time="7.002"/>
  <testcase name="testPullRelated[52: com.dotcms.rendering.velocity.viewtools.content.util.ContentUtilsTest$TestCase@c2b8b7f]" classname="com.dotcms.rendering.velocity.viewtools.content.util.ContentUtilsTest" time="6.101"/>
  <testcase name="testPullRelated[53: com.dotcms.rendering.velocity.viewtools.content.util.ContentUtilsTest$TestCase@1e51ecb8]" classname="com.dotcms.rendering.velocity.viewtools.content.util.ContentUtilsTest" time="7.033"/>
  <testcase name="testPullRelated[54: com.dotcms.rendering.velocity.viewtools.content.util.ContentUtilsTest$TestCase@1b15f26e]" classname="com.dotcms.rendering.velocity.viewtools.content.util.ContentUtilsTest" time="5.182"/>
  <testcase name="testPullRelated[55: com.dotcms.rendering.velocity.viewtools.content.util.ContentUtilsTest$TestCase@662178df]" classname="com.dotcms.rendering.velocity.viewtools.content.util.ContentUtilsTest" time="6.218"/>
  <testcase name="testPullRelated[56: com.dotcms.rendering.velocity.viewtools.content.util.ContentUtilsTest$TestCase@36016717]" classname="com.dotcms.rendering.velocity.viewtools.content.util.ContentUtilsTest" time="7.154"/>
  <testcase name="testPullRelated[57: com.dotcms.rendering.velocity.viewtools.content.util.ContentUtilsTest$TestCase@27a46943]" classname="com.dotcms.rendering.velocity.viewtools.content.util.ContentUtilsTest" time="7.211"/>
  <testcase name="testPullRelated[58: com.dotcms.rendering.velocity.viewtools.content.util.ContentUtilsTest$TestCase@1396695b]" classname="com.dotcms.rendering.velocity.viewtools.content.util.ContentUtilsTest" time="7.21"/>
  <testcase name="testPullRelated[59: com.dotcms.rendering.velocity.viewtools.content.util.ContentUtilsTest$TestCase@7e9c1c76]" classname="com.dotcms.rendering.velocity.viewtools.content.util.ContentUtilsTest" time="7.027"/>
  <testcase name="testPullRelated[60: com.dotcms.rendering.velocity.viewtools.content.util.ContentUtilsTest$TestCase@4318f56d]" classname="com.dotcms.rendering.velocity.viewtools.content.util.ContentUtilsTest" time="6.191"/>
  <testcase name="testPullRelated[61: com.dotcms.rendering.velocity.viewtools.content.util.ContentUtilsTest$TestCase@47f2723c]" classname="com.dotcms.rendering.velocity.viewtools.content.util.ContentUtilsTest" time="6.122"/>
  <testcase name="testPullRelated[62: com.dotcms.rendering.velocity.viewtools.content.util.ContentUtilsTest$TestCase@670e0728]" classname="com.dotcms.rendering.velocity.viewtools.content.util.ContentUtilsTest" time="6.243"/>
  <testcase name="testPullRelated[63: com.dotcms.rendering.velocity.viewtools.content.util.ContentUtilsTest$TestCase@79efc813]" classname="com.dotcms.rendering.velocity.viewtools.content.util.ContentUtilsTest" time="5.325"/>
  <testcase name="testPullRelated[64: com.dotcms.rendering.velocity.viewtools.content.util.ContentUtilsTest$TestCase@7d58e9de]" classname="com.dotcms.rendering.velocity.viewtools.content.util.ContentUtilsTest" time="7.137"/>
  <testcase name="testPullRelated[65: com.dotcms.rendering.velocity.viewtools.content.util.ContentUtilsTest$TestCase@296f17db]" classname="com.dotcms.rendering.velocity.viewtools.content.util.ContentUtilsTest" time="6.016"/>
  <testcase name="testPullRelated[66: com.dotcms.rendering.velocity.viewtools.content.util.ContentUtilsTest$TestCase@3ecf6299]" classname="com.dotcms.rendering.velocity.viewtools.content.util.ContentUtilsTest" time="6.331"/>
  <testcase name="testPullRelated[67: com.dotcms.rendering.velocity.viewtools.content.util.ContentUtilsTest$TestCase@39678a03]" classname="com.dotcms.rendering.velocity.viewtools.content.util.ContentUtilsTest" time="7.159"/>
  <testcase name="testPullRelated[68: com.dotcms.rendering.velocity.viewtools.content.util.ContentUtilsTest$TestCase@3cb92e8]" classname="com.dotcms.rendering.velocity.viewtools.content.util.ContentUtilsTest" time="6.959"/>
  <testcase name="testPullRelated[69: com.dotcms.rendering.velocity.viewtools.content.util.ContentUtilsTest$TestCase@524b8c85]" classname="com.dotcms.rendering.velocity.viewtools.content.util.ContentUtilsTest" time="6.226"/>
  <testcase name="testPullRelated[70: com.dotcms.rendering.velocity.viewtools.content.util.ContentUtilsTest$TestCase@1755f7ff]" classname="com.dotcms.rendering.velocity.viewtools.content.util.ContentUtilsTest" time="6.326"/>
  <testcase name="testPullRelated[71: com.dotcms.rendering.velocity.viewtools.content.util.ContentUtilsTest$TestCase@12e74084]" classname="com.dotcms.rendering.velocity.viewtools.content.util.ContentUtilsTest" time="7.046"/>
  <testcase name="whenPublishAndExpireDatesAreInTheFutureAndTimeMachineIsAfterBoth" classname="com.dotcms.rendering.velocity.viewtools.content.util.ContentUtilsTest" time="4.07"/>
  <testcase name="testPullRelatedForLegacyRelationship[0: com.dotcms.rendering.velocity.viewtools.content.util.ContentUtilsTest$LegacyTestCase@4de4cce2]" classname="com.dotcms.rendering.velocity.viewtools.content.util.ContentUtilsTest" time="3.823"/>
  <testcase name="testPullRelatedForLegacyRelationship[1: com.dotcms.rendering.velocity.viewtools.content.util.ContentUtilsTest$LegacyTestCase@43c54e7f]" classname="com.dotcms.rendering.velocity.viewtools.content.util.ContentUtilsTest" time="4.165"/>
  <testcase name="whenTheTimeMachineDateIsAfterTomorrowAndExpireDateIsTomorrowShouldNotReturnContent" classname="com.dotcms.rendering.velocity.viewtools.content.util.ContentUtilsTest" time="3.974"/>
  <testcase name="testPullLiveRelatedWhenLatestVersionIsWorking" classname="com.dotcms.rendering.velocity.viewtools.content.util.ContentUtilsTest" time="4.705"/>
  <testcase name="test_add_relationships_on_parent_children_related_contents" classname="com.dotcms.rendering.velocity.viewtools.content.util.ContentUtilsTest" time="1.832"/>
  <testcase name="testSortPullRelated[0: com.dotcms.rendering.velocity.viewtools.content.util.ContentUtilsTest$SortTestCase@7b17a3f7]" classname="com.dotcms.rendering.velocity.viewtools.content.util.ContentUtilsTest" time="3.415"/>
  <testcase name="testSortPullRelated[1: com.dotcms.rendering.velocity.viewtools.content.util.ContentUtilsTest$SortTestCase@53dc2f71]" classname="com.dotcms.rendering.velocity.viewtools.content.util.ContentUtilsTest" time="3.578"/>
  <testcase name="testSortPullRelated[2: com.dotcms.rendering.velocity.viewtools.content.util.ContentUtilsTest$SortTestCase@38347a34]" classname="com.dotcms.rendering.velocity.viewtools.content.util.ContentUtilsTest" time="3.684"/>
  <testcase name="testSortPullRelated[3: com.dotcms.rendering.velocity.viewtools.content.util.ContentUtilsTest$SortTestCase@51eb7dfb]" classname="com.dotcms.rendering.velocity.viewtools.content.util.ContentUtilsTest" time="2.661"/>
  <testcase name="testSortPullRelated[4: com.dotcms.rendering.velocity.viewtools.content.util.ContentUtilsTest$SortTestCase@1725642a]" classname="com.dotcms.rendering.velocity.viewtools.content.util.ContentUtilsTest" time="3.805"/>
  <testcase name="testSortPullRelated[5: com.dotcms.rendering.velocity.viewtools.content.util.ContentUtilsTest$SortTestCase@25307618]" classname="com.dotcms.rendering.velocity.viewtools.content.util.ContentUtilsTest" time="3.729"/>
  <testcase name="whenTheTimeMachineDateIsAfterTomorrowAndExpireDateIsInFutureShouldReturnContent" classname="com.dotcms.rendering.velocity.viewtools.content.util.ContentUtilsTest" time="4.066"/>
  <testcase name="testPullRelatedFieldShouldRespectDefaultOrder" classname="com.dotcms.rendering.velocity.viewtools.content.util.ContentUtilsTest" time="3.222"/>
  <system-out><![CDATA[]]></system-out>
  <system-err><![CDATA[]]></system-err>
</testsuite>
