<?xml version="1.0" encoding="UTF-8"?>
<testsuite name="com.dotcms.storage.StoragePersistenceAPITest" tests="18" skipped="0" failures="0" errors="0" timestamp="2023-06-30T17:05:38" hostname="fv-az447-885" time="1.561">
  <properties/>
  <testcase name="Test_Get_Provider_By_StorageType" classname="com.dotcms.storage.StoragePersistenceAPITest" time="0.004"/>
  <testcase name="Test_Replace_Entry[0: TestCase{storageType=FILE_SYSTEM, groupName='bRD4WaWfnh', path='any-path', file=testFile2661656997075184743.bin}]" classname="com.dotcms.storage.StoragePersistenceAPITest" time="0.003"/>
  <testcase name="Test_Replace_Entry[1: TestCase{storageType=DB, groupName='bRD4WaWfnh', path='any-path', file=testFile2661656997075184743.bin}]" classname="com.dotcms.storage.StoragePersistenceAPITest" time="0.052"/>
  <testcase name="Test_Pull_File_Different_Casing[0: TestCase{storageType=FILE_SYSTEM, groupName='bRD4WaWfnh', path='any-path', file=testFile2661656997075184743.bin}]" classname="com.dotcms.storage.StoragePersistenceAPITest" time="0.0"/>
  <testcase name="Test_Pull_File_Different_Casing[1: TestCase{storageType=DB, groupName='bRD4WaWfnh', path='any-path', file=testFile2661656997075184743.bin}]" classname="com.dotcms.storage.StoragePersistenceAPITest" time="0.007"/>
  <testcase name="Test_Get_Default_Provider" classname="com.dotcms.storage.StoragePersistenceAPITest" time="0.001"/>
  <testcase name="Test_Attempt_Push_Same_Binary_Twice[0: TestCase{storageType=FILE_SYSTEM, groupName='r3NFJ1hbGJ', path='imageFilePath', file=test_image2.png}]" classname="com.dotcms.storage.StoragePersistenceAPITest" time="0.002"/>
  <testcase name="Test_Attempt_Push_Same_Binary_Twice[1: TestCase{storageType=DB, groupName='r3NFJ1hbGJ', path='imageFilePath', file=test_image2.png}]" classname="com.dotcms.storage.StoragePersistenceAPITest" time="0.012"/>
  <testcase name="Test_Delete_Object_Version[0: TestCase{storageType=FILE_SYSTEM, groupName='1S9TRRrG1Y', path='fixed-large-file-path', file=testFile3397351411609077877.bin}]" classname="com.dotcms.storage.StoragePersistenceAPITest" time="0.045"/>
  <testcase name="Test_Delete_Object_Version[1: TestCase{storageType=DB, groupName='1S9TRRrG1Y', path='fixed-large-file-path', file=testFile3397351411609077877.bin}]" classname="com.dotcms.storage.StoragePersistenceAPITest" time="1.133"/>
  <testcase name="Test_Storage_Push_File_Then_Recover_Then_Remove_Group[0: TestCase{storageType=FILE_SYSTEM, groupName='fixed-group-name', path='textFilePath', file=test.txt}]" classname="com.dotcms.storage.StoragePersistenceAPITest" time="0.007"/>
  <testcase name="Test_Storage_Push_File_Then_Recover_Then_Remove_Group[1: TestCase{storageType=FILE_SYSTEM, groupName='fixed-group-name', path='imageFilePath', file=test_image1.jpg}]" classname="com.dotcms.storage.StoragePersistenceAPITest" time="0.001"/>
  <testcase name="Test_Storage_Push_File_Then_Recover_Then_Remove_Group[2: TestCase{storageType=DB, groupName='fixed-group-name', path='textFilePath', file=test.txt}]" classname="com.dotcms.storage.StoragePersistenceAPITest" time="0.012"/>
  <testcase name="Test_Storage_Push_File_Then_Recover_Then_Remove_Group[3: TestCase{storageType=DB, groupName='fixed-group-name', path='imageFilePath', file=test_image1.jpg}]" classname="com.dotcms.storage.StoragePersistenceAPITest" time="0.111"/>
  <testcase name="Test_Attempt_Create_Dupe_Group[0: TestCase{storageType=FILE_SYSTEM, groupName='iAqZOzqIZT', path='null', file=n/a}]" classname="com.dotcms.storage.StoragePersistenceAPITest" time="0.001"/>
  <testcase name="Test_Attempt_Create_Dupe_Group[1: TestCase{storageType=DB, groupName='iAqZOzqIZT', path='null', file=n/a}]" classname="com.dotcms.storage.StoragePersistenceAPITest" time="0.004"/>
  <testcase name="Test_Push_Large_File[0: TestCase{storageType=FILE_SYSTEM, groupName='1S9TRRrG1Y', path='fixed-large-file-path', file=testFile3397351411609077877.bin}]" classname="com.dotcms.storage.StoragePersistenceAPITest" time="0.035"/>
  <testcase name="Test_Push_Large_File[1: TestCase{storageType=DB, groupName='1S9TRRrG1Y', path='fixed-large-file-path', file=testFile3397351411609077877.bin}]" classname="com.dotcms.storage.StoragePersistenceAPITest" time="0.13"/>
  <system-out><![CDATA[]]></system-out>
  <system-err><![CDATA[]]></system-err>
</testsuite>
