<?xml version="1.0" encoding="UTF-8"?>
<testsuite name="com.dotmarketing.db.DbConnectionFactoryUtilTest" tests="1" skipped="0" failures="0" errors="0" timestamp="2023-06-30T22:45:20" hostname="fv-az162-235" time="0.003">
  <properties/>
  <testcase name="testInTransaction" classname="com.dotmarketing.db.DbConnectionFactoryUtilTest" time="0.003"/>
  <system-out><![CDATA[]]></system-out>
  <system-err><![CDATA[]]></system-err>
</testsuite>
