<?xml version="1.0" encoding="UTF-8"?>
<testsuite name="com.dotcms.rest.api.v1.vtl.VTLResourceIntegrationTest" tests="6" skipped="0" failures="0" errors="0" timestamp="2023-06-29T05:47:07" hostname="fv-az590-241" time="15.862">
  <properties/>
  <testcase name="testGet[0: com.dotcms.rest.api.v1.vtl.VTLResourceTestCase@41e403a1]" classname="com.dotcms.rest.api.v1.vtl.VTLResourceIntegrationTest" time="2.291"/>
  <testcase name="testGet[1: com.dotcms.rest.api.v1.vtl.VTLResourceTestCase@391660b6]" classname="com.dotcms.rest.api.v1.vtl.VTLResourceIntegrationTest" time="2.847"/>
  <testcase name="testGet[2: com.dotcms.rest.api.v1.vtl.VTLResourceTestCase@baf3426]" classname="com.dotcms.rest.api.v1.vtl.VTLResourceIntegrationTest" time="3.017"/>
  <testcase name="testGet[3: com.dotcms.rest.api.v1.vtl.VTLResourceTestCase@2684ab40]" classname="com.dotcms.rest.api.v1.vtl.VTLResourceIntegrationTest" time="2.918"/>
  <testcase name="testGet[4: com.dotcms.rest.api.v1.vtl.VTLResourceTestCase@479c5d3a]" classname="com.dotcms.rest.api.v1.vtl.VTLResourceIntegrationTest" time="2.846"/>
  <testcase name="testGet[5: com.dotcms.rest.api.v1.vtl.VTLResourceTestCase@4d8586af]" classname="com.dotcms.rest.api.v1.vtl.VTLResourceIntegrationTest" time="1.943"/>
  <system-out><![CDATA[]]></system-out>
  <system-err><![CDATA[]]></system-err>
</testsuite>
