<?xml version="1.0" encoding="UTF-8"?>
<testsuite name="com.dotcms.rest.elasticsearch.ESContentResourcePortletTest" tests="8" skipped="0" failures="0" errors="0" timestamp="2023-06-28T14:51:06" hostname="fv-az452-705" time="9.67">
  <properties/>
  <testcase name="test_search_includeGrandChildCategory_success" classname="com.dotcms.rest.elasticsearch.ESContentResourcePortletTest" time="1.557"/>
  <testcase name="testSearch[0: com.dotcms.rest.elasticsearch.ESContentResourcePortletTest$TestCase@688f9268]" classname="com.dotcms.rest.elasticsearch.ESContentResourcePortletTest" time="1.016"/>
  <testcase name="testSearch[1: com.dotcms.rest.elasticsearch.ESContentResourcePortletTest$TestCase@34ec4c75]" classname="com.dotcms.rest.elasticsearch.ESContentResourcePortletTest" time="1.335"/>
  <testcase name="testSearch[2: com.dotcms.rest.elasticsearch.ESContentResourcePortletTest$TestCase@891c81c]" classname="com.dotcms.rest.elasticsearch.ESContentResourcePortletTest" time="1.007"/>
  <testcase name="testSearch[3: com.dotcms.rest.elasticsearch.ESContentResourcePortletTest$TestCase@dda8028]" classname="com.dotcms.rest.elasticsearch.ESContentResourcePortletTest" time="1.335"/>
  <testcase name="testSearch[4: com.dotcms.rest.elasticsearch.ESContentResourcePortletTest$TestCase@19525f29]" classname="com.dotcms.rest.elasticsearch.ESContentResourcePortletTest" time="1.33"/>
  <testcase name="testSearch[5: com.dotcms.rest.elasticsearch.ESContentResourcePortletTest$TestCase@4f0b3792]" classname="com.dotcms.rest.elasticsearch.ESContentResourcePortletTest" time="1.08"/>
  <testcase name="testSearch[6: com.dotcms.rest.elasticsearch.ESContentResourcePortletTest$TestCase@495cd747]" classname="com.dotcms.rest.elasticsearch.ESContentResourcePortletTest" time="1.01"/>
  <system-out><![CDATA[]]></system-out>
  <system-err><![CDATA[]]></system-err>
</testsuite>
