<?xml version="1.0" encoding="UTF-8"?>
<testsuite name="com.dotcms.graphql.business.GraphqlAPITest" tests="49" skipped="0" failures="0" errors="0" timestamp="2023-06-30T23:23:25" hostname="fv-az487-783" time="28.501">
  <properties/>
  <testcase name="testGetSchema_FieldOperations[0: &lt;null&gt;]" classname="com.dotcms.graphql.business.GraphqlAPITest" time="2.156"/>
  <testcase name="testGetSchema_FieldOperations[1: &lt;null&gt;]" classname="com.dotcms.graphql.business.GraphqlAPITest" time="0.302"/>
  <testcase name="testGetSchema_FieldOperations[2: &lt;null&gt;]" classname="com.dotcms.graphql.business.GraphqlAPITest" time="0.419"/>
  <testcase name="testGetSchema_FieldOperations[3: &lt;null&gt;]" classname="com.dotcms.graphql.business.GraphqlAPITest" time="0.346"/>
  <testcase name="testGetSchema_FieldOperations[4: &lt;null&gt;]" classname="com.dotcms.graphql.business.GraphqlAPITest" time="0.292"/>
  <testcase name="testGetSchema_FieldOperations[5: &lt;null&gt;]" classname="com.dotcms.graphql.business.GraphqlAPITest" time="0.24"/>
  <testcase name="testGetSchema_FieldOperations[6: &lt;null&gt;]" classname="com.dotcms.graphql.business.GraphqlAPITest" time="0.266"/>
  <testcase name="testGetSchema_FieldOperations[7: &lt;null&gt;]" classname="com.dotcms.graphql.business.GraphqlAPITest" time="0.447"/>
  <testcase name="testGetSchema_FieldOperations[8: &lt;null&gt;]" classname="com.dotcms.graphql.business.GraphqlAPITest" time="0.367"/>
  <testcase name="testGetSchema_FieldOperations[9: &lt;null&gt;]" classname="com.dotcms.graphql.business.GraphqlAPITest" time="0.276"/>
  <testcase name="testGetSchema_FieldOperations[10: &lt;null&gt;]" classname="com.dotcms.graphql.business.GraphqlAPITest" time="0.329"/>
  <testcase name="testGetSchema_FieldOperations[11: &lt;null&gt;]" classname="com.dotcms.graphql.business.GraphqlAPITest" time="0.319"/>
  <testcase name="testGetSchema_FieldOperations[12: &lt;null&gt;]" classname="com.dotcms.graphql.business.GraphqlAPITest" time="0.232"/>
  <testcase name="testGetSchema_FieldOperations[13: &lt;null&gt;]" classname="com.dotcms.graphql.business.GraphqlAPITest" time="0.337"/>
  <testcase name="testGetSchema_FieldOperations[14: &lt;null&gt;]" classname="com.dotcms.graphql.business.GraphqlAPITest" time="0.233"/>
  <testcase name="testGetSchema_FieldOperations[15: &lt;null&gt;]" classname="com.dotcms.graphql.business.GraphqlAPITest" time="0.329"/>
  <testcase name="testGetSchema_FieldOperations[16: &lt;null&gt;]" classname="com.dotcms.graphql.business.GraphqlAPITest" time="0.361"/>
  <testcase name="testGetSchema_FieldOperations[17: &lt;null&gt;]" classname="com.dotcms.graphql.business.GraphqlAPITest" time="0.274"/>
  <testcase name="testGetSchema_FieldOperations[18: &lt;null&gt;]" classname="com.dotcms.graphql.business.GraphqlAPITest" time="0.238"/>
  <testcase name="testGetSchema_GivenEmptyCache_SchemaShouldGenerate" classname="com.dotcms.graphql.business.GraphqlAPITest" time="0.138"/>
  <testcase name="testGetSchema_GivenFailuresInRelationshipField_SchemaShouldStillGenerate" classname="com.dotcms.graphql.business.GraphqlAPITest" time="2.02"/>
  <testcase name="testGetSchema_GivenFilledCache_SchemaShouldNotGenerate" classname="com.dotcms.graphql.business.GraphqlAPITest" time="0.174"/>
  <testcase name="testGetSchema_GivenNoEELicense_EnterpriseBaseTypeCollectionsShouldNOTBeAvailableInSchema[0: FORM]" classname="com.dotcms.graphql.business.GraphqlAPITest" time="0.256"/>
  <testcase name="testGetSchema_GivenNoEELicense_EnterpriseBaseTypeCollectionsShouldNOTBeAvailableInSchema[1: PERSONA]" classname="com.dotcms.graphql.business.GraphqlAPITest" time="0.228"/>
  <testcase name="testGetSchema_BothSidedRelationshipFields[0: ONE_TO_MANY]" classname="com.dotcms.graphql.business.GraphqlAPITest" time="0.521"/>
  <testcase name="testGetSchema_BothSidedRelationshipFields[1: MANY_TO_MANY]" classname="com.dotcms.graphql.business.GraphqlAPITest" time="0.456"/>
  <testcase name="testGetSchema_BothSidedRelationshipFields[2: ONE_TO_ONE]" classname="com.dotcms.graphql.business.GraphqlAPITest" time="0.428"/>
  <testcase name="testGetSchema_BothSidedRelationshipFields[3: MANY_TO_ONE]" classname="com.dotcms.graphql.business.GraphqlAPITest" time="0.432"/>
  <testcase name="testGetSchema_GivenEELicense_EnterpriseBaseTypeCollectionsShouldBeAvailableInSchema[0: FORM]" classname="com.dotcms.graphql.business.GraphqlAPITest" time="0.237"/>
  <testcase name="testGetSchema_GivenEELicense_EnterpriseBaseTypeCollectionsShouldBeAvailableInSchema[1: PERSONA]" classname="com.dotcms.graphql.business.GraphqlAPITest" time="0.202"/>
  <testcase name="testGetSchema_ContentTypeOperations: Given Content BaseType, Should Create Type" classname="com.dotcms.graphql.business.GraphqlAPITest" time="0.218"/>
  <testcase name="testGetSchema_ContentTypeOperations: Given Widget BaseType, Should Create Type" classname="com.dotcms.graphql.business.GraphqlAPITest" time="0.445"/>
  <testcase name="testGetSchema_ContentTypeOperations: Given FORM BaseType, Should Create Type" classname="com.dotcms.graphql.business.GraphqlAPITest" time="0.262"/>
  <testcase name="testGetSchema_ContentTypeOperations: Given FILEASSET BaseType, Should Create Type" classname="com.dotcms.graphql.business.GraphqlAPITest" time="0.376"/>
  <testcase name="testGetSchema_ContentTypeOperations: Given HTMLPAGE BaseType, Should Create Type" classname="com.dotcms.graphql.business.GraphqlAPITest" time="0.991"/>
  <testcase name="testGetSchema_ContentTypeOperations: Given PERSONA BaseType, Should Create Type" classname="com.dotcms.graphql.business.GraphqlAPITest" time="0.571"/>
  <testcase name="testGetSchema_ContentTypeOperations: Given VANITY_URL BaseType, Should Create Type" classname="com.dotcms.graphql.business.GraphqlAPITest" time="0.671"/>
  <testcase name="testGetSchema_ContentTypeOperations: Given KEY_VALUE BaseType, Should Create Type" classname="com.dotcms.graphql.business.GraphqlAPITest" time="0.423"/>
  <testcase name="testGetSchema_ContentTypeOperations: Given existing CONTENT BaseType, Should Delete Type" classname="com.dotcms.graphql.business.GraphqlAPITest" time="0.24"/>
  <testcase name="testGetSchema_ContentTypeOperations: Given existing WIDGET BaseType, Should Delete Type" classname="com.dotcms.graphql.business.GraphqlAPITest" time="0.724"/>
  <testcase name="testGetSchema_ContentTypeOperations: Given existing FORM BaseType, Should Delete Type" classname="com.dotcms.graphql.business.GraphqlAPITest" time="0.31"/>
  <testcase name="testGetSchema_ContentTypeOperations: Given existing FILEASSET BaseType, Should Delete Type" classname="com.dotcms.graphql.business.GraphqlAPITest" time="0.573"/>
  <testcase name="testGetSchema_ContentTypeOperations: Given existing HTMLPAGE BaseType, Should Delete Type" classname="com.dotcms.graphql.business.GraphqlAPITest" time="1.837"/>
  <testcase name="testGetSchema_ContentTypeOperations: Given existing PERSONA BaseType, Should Delete Type" classname="com.dotcms.graphql.business.GraphqlAPITest" time="0.991"/>
  <testcase name="testGetSchema_ContentTypeOperations: Given existing VANITY_URL BaseType, Should Delete Type" classname="com.dotcms.graphql.business.GraphqlAPITest" time="1.19"/>
  <testcase name="testGetSchema_ContentTypeOperations: Given existing KEY_VALUE BaseType, Should Delete Type" classname="com.dotcms.graphql.business.GraphqlAPITest" time="0.697"/>
  <testcase name="testGetSchema_GivenNoEELicense_EnterpriseTypesShouldNotBeAvailableInSchema" classname="com.dotcms.graphql.business.GraphqlAPITest" time="2.385"/>
  <testcase name="testGetSchema_WhenFieldDeleted_ShouldNotBeAvailableInSchema" classname="com.dotcms.graphql.business.GraphqlAPITest" time="1.665"/>
  <testcase name="testAvailableGraphQLFieldsOnImageAndFileFields" classname="com.dotcms.graphql.business.GraphqlAPITest" time="1.061"/>
  <system-out><![CDATA[]]></system-out>
  <system-err><![CDATA[]]></system-err>
</testsuite>
