<?xml version="1.0" encoding="UTF-8"?>
<testsuite name="com.dotmarketing.startup.runonce.Task04375UpdateCategoryKeyTest" tests="1" skipped="0" failures="0" errors="0" timestamp="2023-06-28T04:29:12" hostname="fv-az592-477" time="0.013">
  <properties/>
  <testcase name="testExecuteUpgrade_updateEmptyCategoryKey_Success" classname="com.dotmarketing.startup.runonce.Task04375UpdateCategoryKeyTest" time="0.013"/>
  <system-out><![CDATA[]]></system-out>
  <system-err><![CDATA[]]></system-err>
</testsuite>
