<?xml version="1.0" encoding="UTF-8"?>
<testsuite name="com.dotcms.publisher.util.DependencyModDateUtilTest" tests="48" skipped="0" failures="0" errors="0" timestamp="2023-07-14T00:27:44" hostname="fv-az812-504" time="97.746">
  <properties/>
  <testcase name="excludeByModDateContentNotPushBefore: ForcePush: com.dotcms.publisher.util.DependencyModDateUtilTest$TestCase@ceb6be" classname="com.dotcms.publisher.util.DependencyModDateUtilTest" time="2.069"/>
  <testcase name="excludeByModDateContentNotPushBefore: ForcePush: com.dotcms.publisher.util.DependencyModDateUtilTest$TestCase@3582a59e" classname="com.dotcms.publisher.util.DependencyModDateUtilTest" time="2.022"/>
  <testcase name="excludeByModDateContentNotPushBefore: ForcePush: com.dotcms.publisher.util.DependencyModDateUtilTest$TestCase@5514adfb" classname="com.dotcms.publisher.util.DependencyModDateUtilTest" time="2.034"/>
  <testcase name="excludeByModDateContentNotPushBefore: ForcePush: com.dotcms.publisher.util.DependencyModDateUtilTest$TestCase@57727ce2" classname="com.dotcms.publisher.util.DependencyModDateUtilTest" time="2.11"/>
  <testcase name="excludeByModDateContentNotPushBefore: ForcePush: com.dotcms.publisher.util.DependencyModDateUtilTest$TestCase@22fc4bf4" classname="com.dotcms.publisher.util.DependencyModDateUtilTest" time="1.963"/>
  <testcase name="excludeByModDateContentNotPushBefore: ForcePush: com.dotcms.publisher.util.DependencyModDateUtilTest$TestCase@272a460" classname="com.dotcms.publisher.util.DependencyModDateUtilTest" time="2.046"/>
  <testcase name="excludeByModDateContentNotPushBefore: ForcePush: com.dotcms.publisher.util.DependencyModDateUtilTest$TestCase@72f9baa0" classname="com.dotcms.publisher.util.DependencyModDateUtilTest" time="2.02"/>
  <testcase name="excludeByModDateContentNotPushBefore: ForcePush: com.dotcms.publisher.util.DependencyModDateUtilTest$TestCase@36a84d71" classname="com.dotcms.publisher.util.DependencyModDateUtilTest" time="2.07"/>
  <testcase name="excludeByModDateContentNotPushBefore: ForcePush: com.dotcms.publisher.util.DependencyModDateUtilTest$TestCase@764b13bb" classname="com.dotcms.publisher.util.DependencyModDateUtilTest" time="2.02"/>
  <testcase name="excludeByModDateContentNotPushBefore: ForcePush: com.dotcms.publisher.util.DependencyModDateUtilTest$TestCase@610df8b6" classname="com.dotcms.publisher.util.DependencyModDateUtilTest" time="2.023"/>
  <testcase name="excludeByModDateContentNotPushBefore: ForcePush: com.dotcms.publisher.util.DependencyModDateUtilTest$TestCase@5e9e728d" classname="com.dotcms.publisher.util.DependencyModDateUtilTest" time="2.061"/>
  <testcase name="excludeByModDateContentNotPushBefore: ForcePush: com.dotcms.publisher.util.DependencyModDateUtilTest$TestCase@2aa97fea" classname="com.dotcms.publisher.util.DependencyModDateUtilTest" time="2.019"/>
  <testcase name="excludeByModDateContentWithPushAssetAfterModDate: ForcePush: com.dotcms.publisher.util.DependencyModDateUtilTest$TestCase@ceb6be" classname="com.dotcms.publisher.util.DependencyModDateUtilTest" time="2.037"/>
  <testcase name="excludeByModDateContentWithPushAssetAfterModDate: ForcePush: com.dotcms.publisher.util.DependencyModDateUtilTest$TestCase@3582a59e" classname="com.dotcms.publisher.util.DependencyModDateUtilTest" time="2.05"/>
  <testcase name="excludeByModDateContentWithPushAssetAfterModDate: ForcePush: com.dotcms.publisher.util.DependencyModDateUtilTest$TestCase@5514adfb" classname="com.dotcms.publisher.util.DependencyModDateUtilTest" time="2.04"/>
  <testcase name="excludeByModDateContentWithPushAssetAfterModDate: ForcePush: com.dotcms.publisher.util.DependencyModDateUtilTest$TestCase@57727ce2" classname="com.dotcms.publisher.util.DependencyModDateUtilTest" time="2.008"/>
  <testcase name="excludeByModDateContentWithPushAssetAfterModDate: ForcePush: com.dotcms.publisher.util.DependencyModDateUtilTest$TestCase@22fc4bf4" classname="com.dotcms.publisher.util.DependencyModDateUtilTest" time="2.083"/>
  <testcase name="excludeByModDateContentWithPushAssetAfterModDate: ForcePush: com.dotcms.publisher.util.DependencyModDateUtilTest$TestCase@272a460" classname="com.dotcms.publisher.util.DependencyModDateUtilTest" time="2.041"/>
  <testcase name="excludeByModDateContentWithPushAssetAfterModDate: ForcePush: com.dotcms.publisher.util.DependencyModDateUtilTest$TestCase@72f9baa0" classname="com.dotcms.publisher.util.DependencyModDateUtilTest" time="2.044"/>
  <testcase name="excludeByModDateContentWithPushAssetAfterModDate: ForcePush: com.dotcms.publisher.util.DependencyModDateUtilTest$TestCase@36a84d71" classname="com.dotcms.publisher.util.DependencyModDateUtilTest" time="1.995"/>
  <testcase name="excludeByModDateContentWithPushAssetAfterModDate: ForcePush: com.dotcms.publisher.util.DependencyModDateUtilTest$TestCase@764b13bb" classname="com.dotcms.publisher.util.DependencyModDateUtilTest" time="2.038"/>
  <testcase name="excludeByModDateContentWithPushAssetAfterModDate: ForcePush: com.dotcms.publisher.util.DependencyModDateUtilTest$TestCase@610df8b6" classname="com.dotcms.publisher.util.DependencyModDateUtilTest" time="2.051"/>
  <testcase name="excludeByModDateContentWithPushAssetAfterModDate: ForcePush: com.dotcms.publisher.util.DependencyModDateUtilTest$TestCase@5e9e728d" classname="com.dotcms.publisher.util.DependencyModDateUtilTest" time="2.004"/>
  <testcase name="excludeByModDateContentWithPushAssetAfterModDate: ForcePush: com.dotcms.publisher.util.DependencyModDateUtilTest$TestCase@2aa97fea" classname="com.dotcms.publisher.util.DependencyModDateUtilTest" time="2.039"/>
  <testcase name="excludeByModDateContentWithPushAssetBeforeModDate: ForcePush: com.dotcms.publisher.util.DependencyModDateUtilTest$TestCase@ceb6be" classname="com.dotcms.publisher.util.DependencyModDateUtilTest" time="2.047"/>
  <testcase name="excludeByModDateContentWithPushAssetBeforeModDate: ForcePush: com.dotcms.publisher.util.DependencyModDateUtilTest$TestCase@3582a59e" classname="com.dotcms.publisher.util.DependencyModDateUtilTest" time="2.037"/>
  <testcase name="excludeByModDateContentWithPushAssetBeforeModDate: ForcePush: com.dotcms.publisher.util.DependencyModDateUtilTest$TestCase@5514adfb" classname="com.dotcms.publisher.util.DependencyModDateUtilTest" time="2.047"/>
  <testcase name="excludeByModDateContentWithPushAssetBeforeModDate: ForcePush: com.dotcms.publisher.util.DependencyModDateUtilTest$TestCase@57727ce2" classname="com.dotcms.publisher.util.DependencyModDateUtilTest" time="2.025"/>
  <testcase name="excludeByModDateContentWithPushAssetBeforeModDate: ForcePush: com.dotcms.publisher.util.DependencyModDateUtilTest$TestCase@22fc4bf4" classname="com.dotcms.publisher.util.DependencyModDateUtilTest" time="2.015"/>
  <testcase name="excludeByModDateContentWithPushAssetBeforeModDate: ForcePush: com.dotcms.publisher.util.DependencyModDateUtilTest$TestCase@272a460" classname="com.dotcms.publisher.util.DependencyModDateUtilTest" time="2.043"/>
  <testcase name="excludeByModDateContentWithPushAssetBeforeModDate: ForcePush: com.dotcms.publisher.util.DependencyModDateUtilTest$TestCase@72f9baa0" classname="com.dotcms.publisher.util.DependencyModDateUtilTest" time="2.064"/>
  <testcase name="excludeByModDateContentWithPushAssetBeforeModDate: ForcePush: com.dotcms.publisher.util.DependencyModDateUtilTest$TestCase@36a84d71" classname="com.dotcms.publisher.util.DependencyModDateUtilTest" time="1.994"/>
  <testcase name="excludeByModDateContentWithPushAssetBeforeModDate: ForcePush: com.dotcms.publisher.util.DependencyModDateUtilTest$TestCase@764b13bb" classname="com.dotcms.publisher.util.DependencyModDateUtilTest" time="2.049"/>
  <testcase name="excludeByModDateContentWithPushAssetBeforeModDate: ForcePush: com.dotcms.publisher.util.DependencyModDateUtilTest$TestCase@610df8b6" classname="com.dotcms.publisher.util.DependencyModDateUtilTest" time="2.022"/>
  <testcase name="excludeByModDateContentWithPushAssetBeforeModDate: ForcePush: com.dotcms.publisher.util.DependencyModDateUtilTest$TestCase@5e9e728d" classname="com.dotcms.publisher.util.DependencyModDateUtilTest" time="2.052"/>
  <testcase name="excludeByModDateContentWithPushAssetBeforeModDate: ForcePush: com.dotcms.publisher.util.DependencyModDateUtilTest$TestCase@2aa97fea" classname="com.dotcms.publisher.util.DependencyModDateUtilTest" time="2.064"/>
  <testcase name="excludeByModDateContentWithTwoEnvironment: ForcePush: com.dotcms.publisher.util.DependencyModDateUtilTest$TestCase@ceb6be" classname="com.dotcms.publisher.util.DependencyModDateUtilTest" time="2.084"/>
  <testcase name="excludeByModDateContentWithTwoEnvironment: ForcePush: com.dotcms.publisher.util.DependencyModDateUtilTest$TestCase@3582a59e" classname="com.dotcms.publisher.util.DependencyModDateUtilTest" time="1.951"/>
  <testcase name="excludeByModDateContentWithTwoEnvironment: ForcePush: com.dotcms.publisher.util.DependencyModDateUtilTest$TestCase@5514adfb" classname="com.dotcms.publisher.util.DependencyModDateUtilTest" time="2.04"/>
  <testcase name="excludeByModDateContentWithTwoEnvironment: ForcePush: com.dotcms.publisher.util.DependencyModDateUtilTest$TestCase@57727ce2" classname="com.dotcms.publisher.util.DependencyModDateUtilTest" time="2.04"/>
  <testcase name="excludeByModDateContentWithTwoEnvironment: ForcePush: com.dotcms.publisher.util.DependencyModDateUtilTest$TestCase@22fc4bf4" classname="com.dotcms.publisher.util.DependencyModDateUtilTest" time="2.033"/>
  <testcase name="excludeByModDateContentWithTwoEnvironment: ForcePush: com.dotcms.publisher.util.DependencyModDateUtilTest$TestCase@272a460" classname="com.dotcms.publisher.util.DependencyModDateUtilTest" time="2.05"/>
  <testcase name="excludeByModDateContentWithTwoEnvironment: ForcePush: com.dotcms.publisher.util.DependencyModDateUtilTest$TestCase@72f9baa0" classname="com.dotcms.publisher.util.DependencyModDateUtilTest" time="2.033"/>
  <testcase name="excludeByModDateContentWithTwoEnvironment: ForcePush: com.dotcms.publisher.util.DependencyModDateUtilTest$TestCase@36a84d71" classname="com.dotcms.publisher.util.DependencyModDateUtilTest" time="2.058"/>
  <testcase name="excludeByModDateContentWithTwoEnvironment: ForcePush: com.dotcms.publisher.util.DependencyModDateUtilTest$TestCase@764b13bb" classname="com.dotcms.publisher.util.DependencyModDateUtilTest" time="2.002"/>
  <testcase name="excludeByModDateContentWithTwoEnvironment: ForcePush: com.dotcms.publisher.util.DependencyModDateUtilTest$TestCase@610df8b6" classname="com.dotcms.publisher.util.DependencyModDateUtilTest" time="2.008"/>
  <testcase name="excludeByModDateContentWithTwoEnvironment: ForcePush: com.dotcms.publisher.util.DependencyModDateUtilTest$TestCase@5e9e728d" classname="com.dotcms.publisher.util.DependencyModDateUtilTest" time="2.035"/>
  <testcase name="excludeByModDateContentWithTwoEnvironment: ForcePush: com.dotcms.publisher.util.DependencyModDateUtilTest$TestCase@2aa97fea" classname="com.dotcms.publisher.util.DependencyModDateUtilTest" time="2.06"/>
  <system-out><![CDATA[]]></system-out>
  <system-err><![CDATA[]]></system-err>
</testsuite>
