<?xml version="1.0" encoding="UTF-8"?>
<testsuite name="com.dotcms.publishing.PublisherAPIImplTest" tests="24" skipped="0" failures="0" errors="0" timestamp="2023-07-13T19:59:09" hostname="fv-az673-76" time="4.514">
  <properties/>
  <testcase name="AddAllCategoryIntoBundle" classname="com.dotcms.publishing.PublisherAPIImplTest" time="0.181"/>
  <testcase name="testFilterDescriptors" classname="com.dotcms.publishing.PublisherAPIImplTest" time="0.093"/>
  <testcase name="sendPushPublishBundle[0: com.dotcms.publishing.PublisherAPIImplTest$TestAsset@4e420e81]" classname="com.dotcms.publishing.PublisherAPIImplTest" time="1.349"/>
  <testcase name="sendPushPublishBundle[1: com.dotcms.publishing.PublisherAPIImplTest$TestAsset@55f04a2f]" classname="com.dotcms.publishing.PublisherAPIImplTest" time="0.19"/>
  <testcase name="sendPushPublishBundle[2: com.dotcms.publishing.PublisherAPIImplTest$TestAsset@7803a241]" classname="com.dotcms.publishing.PublisherAPIImplTest" time="0.163"/>
  <testcase name="sendPushPublishBundle[3: com.dotcms.publishing.PublisherAPIImplTest$TestAsset@77783f79]" classname="com.dotcms.publishing.PublisherAPIImplTest" time="0.313"/>
  <testcase name="sendPushPublishBundle[4: com.dotcms.publishing.PublisherAPIImplTest$TestAsset@29100111]" classname="com.dotcms.publishing.PublisherAPIImplTest" time="0.368"/>
  <testcase name="sendPushPublishBundle[5: com.dotcms.publishing.PublisherAPIImplTest$TestAsset@7ee6972e]" classname="com.dotcms.publishing.PublisherAPIImplTest" time="0.158"/>
  <testcase name="sendPushPublishBundle[6: com.dotcms.publishing.PublisherAPIImplTest$TestAsset@1b122319]" classname="com.dotcms.publishing.PublisherAPIImplTest" time="0.13"/>
  <testcase name="sendPushPublishBundle[7: com.dotcms.publishing.PublisherAPIImplTest$TestAsset@2d2744f5]" classname="com.dotcms.publishing.PublisherAPIImplTest" time="0.125"/>
  <testcase name="sendPushPublishBundle[8: com.dotcms.publishing.PublisherAPIImplTest$TestAsset@496d0c9]" classname="com.dotcms.publishing.PublisherAPIImplTest" time="0.1"/>
  <testcase name="sendPushPublishBundle[9: com.dotcms.publishing.PublisherAPIImplTest$TestAsset@4e837892]" classname="com.dotcms.publishing.PublisherAPIImplTest" time="0.155"/>
  <testcase name="sendPushPublishBundle[10: com.dotcms.publishing.PublisherAPIImplTest$TestAsset@448380b0]" classname="com.dotcms.publishing.PublisherAPIImplTest" time="0.069"/>
  <testcase name="generateBundle[0: com.dotcms.publishing.PublisherAPIImplTest$TestAsset@4e420e81]" classname="com.dotcms.publishing.PublisherAPIImplTest" time="0.103"/>
  <testcase name="generateBundle[1: com.dotcms.publishing.PublisherAPIImplTest$TestAsset@55f04a2f]" classname="com.dotcms.publishing.PublisherAPIImplTest" time="0.102"/>
  <testcase name="generateBundle[2: com.dotcms.publishing.PublisherAPIImplTest$TestAsset@7803a241]" classname="com.dotcms.publishing.PublisherAPIImplTest" time="0.101"/>
  <testcase name="generateBundle[3: com.dotcms.publishing.PublisherAPIImplTest$TestAsset@77783f79]" classname="com.dotcms.publishing.PublisherAPIImplTest" time="0.218"/>
  <testcase name="generateBundle[4: com.dotcms.publishing.PublisherAPIImplTest$TestAsset@29100111]" classname="com.dotcms.publishing.PublisherAPIImplTest" time="0.132"/>
  <testcase name="generateBundle[5: com.dotcms.publishing.PublisherAPIImplTest$TestAsset@7ee6972e]" classname="com.dotcms.publishing.PublisherAPIImplTest" time="0.11"/>
  <testcase name="generateBundle[6: com.dotcms.publishing.PublisherAPIImplTest$TestAsset@1b122319]" classname="com.dotcms.publishing.PublisherAPIImplTest" time="0.09"/>
  <testcase name="generateBundle[7: com.dotcms.publishing.PublisherAPIImplTest$TestAsset@2d2744f5]" classname="com.dotcms.publishing.PublisherAPIImplTest" time="0.073"/>
  <testcase name="generateBundle[8: com.dotcms.publishing.PublisherAPIImplTest$TestAsset@496d0c9]" classname="com.dotcms.publishing.PublisherAPIImplTest" time="0.058"/>
  <testcase name="generateBundle[9: com.dotcms.publishing.PublisherAPIImplTest$TestAsset@4e837892]" classname="com.dotcms.publishing.PublisherAPIImplTest" time="0.105"/>
  <testcase name="generateBundle[10: com.dotcms.publishing.PublisherAPIImplTest$TestAsset@448380b0]" classname="com.dotcms.publishing.PublisherAPIImplTest" time="0.016"/>
  <system-out><![CDATA[









































































































































































]]></system-out>
  <system-err><![CDATA[]]></system-err>
</testsuite>
