<?xml version="1.0" encoding="UTF-8"?>
<testsuite name="com.dotcms.enterprise.publishing.remote.HostBundlerHandlerTest" tests="2" skipped="0" failures="0" errors="0" timestamp="2023-06-30T15:02:58" hostname="fv-az470-104" time="3.684">
  <properties/>
  <testcase name="testBundlerHandler_UnpublishHost_Success" classname="com.dotcms.enterprise.publishing.remote.HostBundlerHandlerTest" time="1.918"/>
  <testcase name="testGenerate_success_when_liveContentletIsNotFound" classname="com.dotcms.enterprise.publishing.remote.HostBundlerHandlerTest" time="1.766"/>
  <system-out><![CDATA[]]></system-out>
  <system-err><![CDATA[]]></system-err>
</testsuite>
