<?xml version="1.0" encoding="UTF-8"?>
<testsuite name="com.dotcms.cache.lettuce.LettuceCacheTest" tests="6" skipped="0" failures="0" errors="0" timestamp="2023-06-30T21:28:09" hostname="fv-az248-258" time="0.323">
  <properties/>
  <testcase name="test_cache_key_listing" classname="com.dotcms.cache.lettuce.LettuceCacheTest" time="0.075"/>
  <testcase name="test_cache_group_listing" classname="com.dotcms.cache.lettuce.LettuceCacheTest" time="0.112"/>
  <testcase name="test_prefix_key_cycling" classname="com.dotcms.cache.lettuce.LettuceCacheTest" time="0.049"/>
  <testcase name="test_flushall" classname="com.dotcms.cache.lettuce.LettuceCacheTest" time="0.034"/>
  <testcase name="tests_puts_and_gets" classname="com.dotcms.cache.lettuce.LettuceCacheTest" time="0.029"/>
  <testcase name="test_cache_key_generation" classname="com.dotcms.cache.lettuce.LettuceCacheTest" time="0.024"/>
  <system-out><![CDATA[]]></system-out>
  <system-err><![CDATA[]]></system-err>
</testsuite>
