<?xml version="1.0" encoding="UTF-8"?>
<testsuite name="com.dotcms.rest.api.CorsFilterTest" tests="2" skipped="0" failures="0" errors="0" timestamp="2023-06-22T01:03:28" hostname="fv-az484-488" time="0.005">
  <properties/>
  <testcase name="test_cors_filter_headers_returned_by_resource" classname="com.dotcms.rest.api.CorsFilterTest" time="0.004"/>
  <testcase name="test_cors_filter_header_capitalizer" classname="com.dotcms.rest.api.CorsFilterTest" time="0.001"/>
  <system-out><![CDATA[]]></system-out>
  <system-err><![CDATA[]]></system-err>
</testsuite>
