<?xml version="1.0" encoding="UTF-8"?>
<testsuite name="com.dotcms.integritycheckers.ContentFileAssetIntegrityCheckerTest" tests="1" skipped="0" failures="0" errors="0" timestamp="2023-06-24T00:12:41" hostname="fv-az254-300" time="3.115">
  <properties/>
  <testcase name="TestFixConflictGeneratesContentletAsJson" classname="com.dotcms.integritycheckers.ContentFileAssetIntegrityCheckerTest" time="3.115"/>
  <system-out><![CDATA[]]></system-out>
  <system-err><![CDATA[]]></system-err>
</testsuite>
