<?xml version="1.0" encoding="UTF-8"?>
<testsuite name="com.dotcms.rendering.velocity.viewtools.content.ContentToolTest" tests="18" skipped="0" failures="0" errors="0" timestamp="2023-07-10T21:33:44" hostname="fv-az812-782" time="56.868">
  <properties/>
  <testcase name="whenTheTimeMachineDateIsNullAndPublishDateInFutureShouldNotReturnAnything" classname="com.dotcms.rendering.velocity.viewtools.content.ContentToolTest" time="3.185"/>
  <testcase name="whenTheTimeMachineDateAndPublishDateAreTomorrowShouldReturnOneContent" classname="com.dotcms.rendering.velocity.viewtools.content.ContentToolTest" time="3.206"/>
  <testcase name="testPullRelated_MultiLangContent" classname="com.dotcms.rendering.velocity.viewtools.content.ContentToolTest" time="8.734"/>
  <testcase name="testPullRelated" classname="com.dotcms.rendering.velocity.viewtools.content.ContentToolTest" time="7.146"/>
  <testcase name="whenPublishAndExpireDatesAreInTheFutureAndTimeMachineIsAfterBoth" classname="com.dotcms.rendering.velocity.viewtools.content.ContentToolTest" time="3.234"/>
  <testcase name="testPullRelatedField_whenInvalidFieldIsSent_throwsAnException" classname="com.dotcms.rendering.velocity.viewtools.content.ContentToolTest" time="0.365"/>
  <testcase name="whenTheTimeMachineDateIsAfterTomorrowAndExpireDateIsTomorrowShouldNotReturnContent" classname="com.dotcms.rendering.velocity.viewtools.content.ContentToolTest" time="3.171"/>
  <testcase name="testPullRelatedContent_whenRelationshipFieldExists[0: com.dotcms.rendering.velocity.viewtools.content.ContentToolTest$TestCase@1793942f]" classname="com.dotcms.rendering.velocity.viewtools.content.ContentToolTest" time="0.7"/>
  <testcase name="testPullRelatedContent_whenRelationshipFieldExists[1: com.dotcms.rendering.velocity.viewtools.content.ContentToolTest$TestCase@29d965ef]" classname="com.dotcms.rendering.velocity.viewtools.content.ContentToolTest" time="0.732"/>
  <testcase name="testPullRelatedContent_whenRelationshipFieldExists[2: com.dotcms.rendering.velocity.viewtools.content.ContentToolTest$TestCase@2051c6cf]" classname="com.dotcms.rendering.velocity.viewtools.content.ContentToolTest" time="0.692"/>
  <testcase name="testPullRelatedContent_whenRelationshipFieldExists[3: com.dotcms.rendering.velocity.viewtools.content.ContentToolTest$TestCase@44fbad7a]" classname="com.dotcms.rendering.velocity.viewtools.content.ContentToolTest" time="0.749"/>
  <testcase name="testPullRelatedContent_whenRelationshipFieldExists[4: com.dotcms.rendering.velocity.viewtools.content.ContentToolTest$TestCase@4f426b26]" classname="com.dotcms.rendering.velocity.viewtools.content.ContentToolTest" time="0.808"/>
  <testcase name="testPullRelatedContent_whenRelationshipFieldExists[5: com.dotcms.rendering.velocity.viewtools.content.ContentToolTest$TestCase@2dd6893c]" classname="com.dotcms.rendering.velocity.viewtools.content.ContentToolTest" time="0.675"/>
  <testcase name="testPullRelatedField_success" classname="com.dotcms.rendering.velocity.viewtools.content.ContentToolTest" time="5.048"/>
  <testcase name="testPullRelatedParentContentTypeInLiveMode" classname="com.dotcms.rendering.velocity.viewtools.content.ContentToolTest" time="6.285"/>
  <testcase name="testPullMultiLanguage" classname="com.dotcms.rendering.velocity.viewtools.content.ContentToolTest" time="3.206"/>
  <testcase name="whenTheTimeMachineDateIsAfterTomorrowAndExpireDateIsInFutureShouldReturnContent" classname="com.dotcms.rendering.velocity.viewtools.content.ContentToolTest" time="3.202"/>
  <testcase name="testPullRelatedParentContentType" classname="com.dotcms.rendering.velocity.viewtools.content.ContentToolTest" time="5.727"/>
  <system-out><![CDATA[]]></system-out>
  <system-err><![CDATA[]]></system-err>
</testsuite>
