<?xml version="1.0" encoding="UTF-8"?>
<testsuite name="com.dotmarketing.business.DeterministicIdentifierAPITest" tests="16" skipped="0" failures="0" errors="0" timestamp="2023-07-13T21:10:11" hostname="fv-az305-739" time="1.633">
  <properties/>
  <testcase name="Test_Category_Path_Seed_And_Id" classname="com.dotmarketing.business.DeterministicIdentifierAPITest" time="0.029"/>
  <testcase name="Test_Language_Deterministic_Id[0: LanguageTestCase{expectedSeed='Language:es:US', expectedHash=4913155, langCode='es', countryCode='US', country='United States'}]" classname="com.dotmarketing.business.DeterministicIdentifierAPITest" time="0.001"/>
  <testcase name="Test_Language_Deterministic_Id[1: LanguageTestCase{expectedSeed='Language:ep:', expectedHash=5292269, langCode='ep', countryCode='', country=''}]" classname="com.dotmarketing.business.DeterministicIdentifierAPITest" time="0.001"/>
  <testcase name="Test_Language_Deterministic_Id[2: LanguageTestCase{expectedSeed='Language:sg:SAG', expectedHash=4713118, langCode='sg', countryCode='SAG', country=''}]" classname="com.dotmarketing.business.DeterministicIdentifierAPITest" time="0.001"/>
  <testcase name="Test_Language_Deterministic_Id[3: LanguageTestCase{expectedSeed='Language:en:NZ', expectedHash=5382528, langCode='en', countryCode='NZ', country='New Zealand'}]" classname="com.dotmarketing.business.DeterministicIdentifierAPITest" time="0.001"/>
  <testcase name="Test_Category_None_Persisted_Category_Should_Return_Deterministic_Id" classname="com.dotmarketing.business.DeterministicIdentifierAPITest" time="0.002"/>
  <testcase name="Test_Asset_Generate_Deterministic_Id_Best_Effort[0: TestCase{versionable=my.host1689282229209.com, parent=System Host, expectedName='my.host1689282229209.com', expectedType='Host'}]" classname="com.dotmarketing.business.DeterministicIdentifierAPITest" time="0.003"/>
  <testcase name="Test_Asset_Generate_Deterministic_Id_Best_Effort[1: TestCase{versionable=com.dotmarketing.portlets.contentlet.model.Contentlet@50e969e1[map={modDate=2023-07-13 21:03:49.946, fileName=file8171919646223401204.txt, title=file8171919646223401204.txt, inode=3214139a-cb03-4a11-b1c1-5ee0b3e412d3, __IS_NEW_CONTENT__=true, disabledWYSIWYG=[], host=3ddf9997-4bb6-4d23-bd85-c998984a2cef, stInode=33888b6f-7a8e-4069-b1b6-5c1aa9d0a48d, owner=system, identifier=700e3c5d-b27c-4669-b0ed-9cf1b2e0a244, nullProperties=[wfExpireDate, wfPublishDate, wfActionAssign, wfActionId, wfActionComments, filterKey, whereToSend, wfNeverExpire, _path_to_move, timezoneId, iWantTo, wfPublishTime, wfExpireTime], languageId=1, fileAsset=/home/runner/work/core/custom/assets/3/2/3214139a-cb03-4a11-b1c1-5ee0b3e412d3/fileAsset/file8171919646223401204.txt, folder=5446d739-f185-42f6-87c8-cd777b7d0ade, __disable_workflow__=true, sortOrder=0, modUser=system},lowIndexPriority=false,variantId=DEFAULT], parent=com.dotmarketing.portlets.folders.model.Folder@42bde3f8[identifier=5446d739-f185-42f6-87c8-cd777b7d0ade,name=testName1689282229938,sortOrder=0,showOnMenu=false,hostId=3ddf9997-4bb6-4d23-bd85-c998984a2cef,type=folder,title=testTitle1689282229938,filesMasks=,defaultFileType=33888b6f-7a8e-4069-b1b6-5c1aa9d0a48d,modDate=2023-07-13 21:03:49.941,owner=&lt;null&gt;,iDate=2023-07-13 21:03:49.941,inode=5446d739-f185-42f6-87c8-cd777b7d0ade,path=/testName1689282229938/], expectedName='file8171919646223401204.txt', expectedType='FileAsset'}]" classname="com.dotmarketing.business.DeterministicIdentifierAPITest" time="0.003"/>
  <testcase name="Test_Asset_Generate_Deterministic_Id_Best_Effort[2: TestCase{versionable=com.dotmarketing.portlets.templates.model.Template@ca04fccc, parent=my.host1689282229209.com, expectedName='testTitle1689282230044', expectedType='Template'}]" classname="com.dotmarketing.business.DeterministicIdentifierAPITest" time="0.002"/>
  <testcase name="Test_Asset_Generate_Deterministic_Id_Best_Effort[3: TestCase{versionable=com.dotmarketing.portlets.htmlpageasset.model.HTMLPageAsset@58cb2e21[map={template=21f92c00-c3c3-4709-bab7-4affa86f28b7, owner=system, identifier=4a389529-59da-4561-a530-80d721a2f309, nullProperties=[wfExpireDate, wfPublishDate, wfActionAssign, wfActionId, wfActionComments, filterKey, whereToSend, wfNeverExpire, _path_to_move, timezoneId, iWantTo, wfPublishTime, wfExpireTime], modDate=2023-07-13 21:03:50.071, cachettl=0, _is_test_mode=true, languageId=1, title=test-page-title-1689282230059, httpsreq=, url=test-page-url-1689282230059, showOnMenu=, inode=87265b87-b6cd-4596-86a3-493e0e3eec56, folder=5446d739-f185-42f6-87c8-cd777b7d0ade, disabledWYSIWYG=[], sortOrder=1, modUser=system, host=3ddf9997-4bb6-4d23-bd85-c998984a2cef, stInode=c541abb1-69b3-4bc5-8430-5e09e5239cc8, friendlyName=test-page-friendly-name-1689282230059},lowIndexPriority=false,variantId=DEFAULT], parent=com.dotmarketing.portlets.folders.model.Folder@42bde3f8[identifier=5446d739-f185-42f6-87c8-cd777b7d0ade,name=testName1689282229938,sortOrder=0,showOnMenu=false,hostId=3ddf9997-4bb6-4d23-bd85-c998984a2cef,type=folder,title=testTitle1689282229938,filesMasks=,defaultFileType=33888b6f-7a8e-4069-b1b6-5c1aa9d0a48d,modDate=2023-07-13 21:03:49.941,owner=&lt;null&gt;,iDate=2023-07-13 21:03:49.941,inode=5446d739-f185-42f6-87c8-cd777b7d0ade,path=/testName1689282229938/], expectedName='test-page-url-1689282230059', expectedType='htmlpageasset'}]" classname="com.dotmarketing.business.DeterministicIdentifierAPITest" time="0.002"/>
  <testcase name="Test_Asset_Generate_Deterministic_Id_Best_Effort[4: TestCase{versionable=com.dotmarketing.portlets.contentlet.model.Contentlet@496641a8[map={fileAsset2=/home/runner/work/core/custom/assets/8/e/8e9a2b45-152c-4f66-8b8a-5e10ceb7f37f/fileAsset2/test_binary1689282231952.png, modDate=2023-07-13 21:03:51.959, fileAsset1=/home/runner/work/core/custom/assets/8/e/8e9a2b45-152c-4f66-8b8a-5e10ceb7f37f/fileAsset1/test_binary1689282231952.jpg, title=blah, inode=8e9a2b45-152c-4f66-8b8a-5e10ceb7f37f, __IS_NEW_CONTENT__=true, disabledWYSIWYG=[], host=48190c8c-42c4-46af-8d1a-0cd5db894797, stInode=78eb4cbf-0409-451b-8af1-bcbed3ed32f4, owner=system, identifier=0ac676df-afd5-446a-9082-71a39c2050e6, nullProperties=[], languageId=1, image1=3d25c1d9-2c49-4a50-a7d7-e666cf53cfcf, folder=SYSTEM_FOLDER, __disable_workflow__=true, sortOrder=0, modUser=system},lowIndexPriority=false,variantId=DEFAULT], parent=demo.dotcms.com, expectedName='test_binary1689282231952.jpg:test_binary1689282231952.png', expectedType='MultipleBinaries1689282230342'}]" classname="com.dotmarketing.business.DeterministicIdentifierAPITest" time="0.003"/>
  <testcase name="Test_Asset_Generate_Deterministic_Id_Best_Effort[5: TestCase{versionable=name375c9da01a : keyTag375c9da01a, parent=my.host1689282229209.com, expectedName='keyTag375c9da01a', expectedType='persona'}]" classname="com.dotmarketing.business.DeterministicIdentifierAPITest" time="0.003"/>
  <testcase name="Test_Similar_Content_Type_Wont_Clash" classname="com.dotmarketing.business.DeterministicIdentifierAPITest" time="0.49"/>
  <testcase name="Test_Generate_Folder_Identifier" classname="com.dotmarketing.business.DeterministicIdentifierAPITest" time="1.079"/>
  <testcase name="Test_Generate_Content_Type_Identifier[0: ContentTypeTestCase{contentType=KeyValueContentType{name=Language Variable, id=f4d7c1b8-2c88-4071-abf1-a5328977b07d, description=Default Content Type for Language Variables, defaultType=false, fixed=true, iDate=Thu Aug 31 16:38:49 UTC 2017, system=true, versionable=true, variable=Languagevariable, modDate=Thu Jul 13 19:56:53 UTC 2023, host=SYSTEM_HOST, siteName=systemHost, icon=language, sortOrder=0, folder=SYSTEM_FOLDER, folderPath=/, markedForDeletion=true, multilingualable=false}, expectedName='Languagevariable', expectedType='KeyValue'}]" classname="com.dotmarketing.business.DeterministicIdentifierAPITest" time="0.005"/>
  <testcase name="Test_Generate_Content_Type_Identifier[1: ContentTypeTestCase{contentType=SimpleContentType{name=testName1689282232428, id=ebfc2452-38c9-418d-a39c-bfabd6faaa22, description=testDescription1689282232428, defaultType=false, fixed=false, iDate=Thu Jul 13 21:03:52 UTC 2023, system=false, versionable=true, multilingualable=false, variable=testVarname1689282232428, owner=system, modDate=Thu Jul 13 21:03:53 UTC 2023, host=48190c8c-42c4-46af-8d1a-0cd5db894797, siteName=demo.dotcms.com, icon=event_note, sortOrder=0, folder=SYSTEM_FOLDER, folderPath=/, requiredFields=[], markedForDeletion=false}, expectedName='testVarname1689282232428', expectedType='CONTENT'}]" classname="com.dotmarketing.business.DeterministicIdentifierAPITest" time="0.004"/>
  <system-out><![CDATA[]]></system-out>
  <system-err><![CDATA[]]></system-err>
</testsuite>
