<?xml version="1.0" encoding="UTF-8"?>
<testsuite name="com.dotcms.rest.TagResourceIntegrationTest" tests="4" skipped="0" failures="0" errors="0" timestamp="2023-07-06T21:41:58" hostname="fv-az987-876" time="0.303">
  <properties/>
  <testcase name="testList[0: com.dotcms.rest.TagResourceTestCase@5600f70]" classname="com.dotcms.rest.TagResourceIntegrationTest" time="0.237"/>
  <testcase name="testList[1: com.dotcms.rest.TagResourceTestCase@21690637]" classname="com.dotcms.rest.TagResourceIntegrationTest" time="0.021"/>
  <testcase name="testList[2: com.dotcms.rest.TagResourceTestCase@6fb4105f]" classname="com.dotcms.rest.TagResourceIntegrationTest" time="0.017"/>
  <testcase name="testList[3: com.dotcms.rest.TagResourceTestCase@57c40e49]" classname="com.dotcms.rest.TagResourceIntegrationTest" time="0.026"/>
  <system-out><![CDATA[]]></system-out>
  <system-err><![CDATA[Jul 06, 2023 9:41:58 PM com.dotcms.repackage.org.hibernate.validator.internal.util.Version <clinit>
INFO: HV000001: Hibernate Validator 4.3.2.Final
]]></system-err>
</testsuite>
