<?xml version="1.0" encoding="UTF-8"?>
<testsuite name="com.dotmarketing.business.DeterministicIdentifierAPITest" tests="16" skipped="0" failures="0" errors="0" timestamp="2023-06-23T19:42:07" hostname="fv-az507-453" time="1.734">
  <properties/>
  <testcase name="Test_Category_Path_Seed_And_Id" classname="com.dotmarketing.business.DeterministicIdentifierAPITest" time="0.038"/>
  <testcase name="Test_Language_Deterministic_Id[0: LanguageTestCase{expectedSeed='Language:es:US', expectedHash=4913155, langCode='es', countryCode='US', country='United States'}]" classname="com.dotmarketing.business.DeterministicIdentifierAPITest" time="0.001"/>
  <testcase name="Test_Language_Deterministic_Id[1: LanguageTestCase{expectedSeed='Language:ep:', expectedHash=5292269, langCode='ep', countryCode='', country=''}]" classname="com.dotmarketing.business.DeterministicIdentifierAPITest" time="0.001"/>
  <testcase name="Test_Language_Deterministic_Id[2: LanguageTestCase{expectedSeed='Language:sg:SAG', expectedHash=4713118, langCode='sg', countryCode='SAG', country=''}]" classname="com.dotmarketing.business.DeterministicIdentifierAPITest" time="0.002"/>
  <testcase name="Test_Language_Deterministic_Id[3: LanguageTestCase{expectedSeed='Language:en:NZ', expectedHash=5382528, langCode='en', countryCode='NZ', country='New Zealand'}]" classname="com.dotmarketing.business.DeterministicIdentifierAPITest" time="0.002"/>
  <testcase name="Test_Category_None_Persisted_Category_Should_Return_Deterministic_Id" classname="com.dotmarketing.business.DeterministicIdentifierAPITest" time="0.002"/>
  <testcase name="Test_Asset_Generate_Deterministic_Id_Best_Effort[0: TestCase{versionable=my.host1687542929771.com, parent=System Host, expectedName='my.host1687542929771.com', expectedType='Host'}]" classname="com.dotmarketing.business.DeterministicIdentifierAPITest" time="0.005"/>
  <testcase name="Test_Asset_Generate_Deterministic_Id_Best_Effort[1: TestCase{versionable=com.dotmarketing.portlets.contentlet.model.Contentlet@4df26fe3[map={modDate=2023-06-23 17:55:30.576, fileName=file6523701214620876087.txt, title=file6523701214620876087.txt, inode=edb916d0-c4d7-46ef-8277-3f0ee459ab8b, __IS_NEW_CONTENT__=true, disabledWYSIWYG=[], host=c3bdcd1c-ed7f-4014-be57-e3b1fb585d45, stInode=33888b6f-7a8e-4069-b1b6-5c1aa9d0a48d, owner=system, identifier=bc81b565-68ea-42a9-a999-929a74501961, nullProperties=[wfExpireDate, wfPublishDate, wfActionAssign, wfActionId, wfActionComments, filterKey, whereToSend, wfNeverExpire, _path_to_move, timezoneId, iWantTo, wfPublishTime, wfExpireTime], languageId=1, fileAsset=/home/runner/work/core/custom/assets/e/d/edb916d0-c4d7-46ef-8277-3f0ee459ab8b/fileAsset/file6523701214620876087.txt, folder=cb6308b5-14eb-4f8f-95e6-6ccf3b2a17ca, __disable_workflow__=true, sortOrder=0, modUser=system},lowIndexPriority=false,variantId=DEFAULT], parent=com.dotmarketing.portlets.folders.model.Folder@33c8a125[identifier=cb6308b5-14eb-4f8f-95e6-6ccf3b2a17ca,name=testName1687542930549,sortOrder=0,showOnMenu=false,hostId=c3bdcd1c-ed7f-4014-be57-e3b1fb585d45,type=folder,title=testTitle1687542930549,filesMasks=,defaultFileType=33888b6f-7a8e-4069-b1b6-5c1aa9d0a48d,modDate=2023-06-23 17:55:30.568,owner=&lt;null&gt;,iDate=2023-06-23 17:55:30.568,inode=cb6308b5-14eb-4f8f-95e6-6ccf3b2a17ca,path=/testName1687542930549/], expectedName='file6523701214620876087.txt', expectedType='FileAsset'}]" classname="com.dotmarketing.business.DeterministicIdentifierAPITest" time="0.006"/>
  <testcase name="Test_Asset_Generate_Deterministic_Id_Best_Effort[2: TestCase{versionable=com.dotmarketing.portlets.templates.model.Template@7abf6e7d, parent=my.host1687542929771.com, expectedName='testTitle1687542930680', expectedType='Template'}]" classname="com.dotmarketing.business.DeterministicIdentifierAPITest" time="0.003"/>
  <testcase name="Test_Asset_Generate_Deterministic_Id_Best_Effort[3: TestCase{versionable=com.dotmarketing.portlets.htmlpageasset.model.HTMLPageAsset@304e30d1[map={template=1947b793-bcc6-45b1-b2e2-cf246a4e8b5b, owner=system, identifier=7ed4c401-b74a-4035-a824-b94c41e19b03, nullProperties=[wfExpireDate, wfPublishDate, wfActionAssign, wfActionId, wfActionComments, filterKey, whereToSend, wfNeverExpire, _path_to_move, timezoneId, iWantTo, wfPublishTime, wfExpireTime], modDate=2023-06-23 17:55:30.711, cachettl=0, _is_test_mode=true, languageId=1, title=test-page-title-1687542930703, httpsreq=, url=test-page-url-1687542930703, showOnMenu=, inode=d82be5b4-e3fa-483d-bbb7-82176ea7e94a, folder=cb6308b5-14eb-4f8f-95e6-6ccf3b2a17ca, disabledWYSIWYG=[], sortOrder=1, modUser=system, host=c3bdcd1c-ed7f-4014-be57-e3b1fb585d45, stInode=c541abb1-69b3-4bc5-8430-5e09e5239cc8, friendlyName=test-page-friendly-name-1687542930703},lowIndexPriority=false,variantId=DEFAULT], parent=com.dotmarketing.portlets.folders.model.Folder@33c8a125[identifier=cb6308b5-14eb-4f8f-95e6-6ccf3b2a17ca,name=testName1687542930549,sortOrder=0,showOnMenu=false,hostId=c3bdcd1c-ed7f-4014-be57-e3b1fb585d45,type=folder,title=testTitle1687542930549,filesMasks=,defaultFileType=33888b6f-7a8e-4069-b1b6-5c1aa9d0a48d,modDate=2023-06-23 17:55:30.568,owner=&lt;null&gt;,iDate=2023-06-23 17:55:30.568,inode=cb6308b5-14eb-4f8f-95e6-6ccf3b2a17ca,path=/testName1687542930549/], expectedName='test-page-url-1687542930703', expectedType='htmlpageasset'}]" classname="com.dotmarketing.business.DeterministicIdentifierAPITest" time="0.005"/>
  <testcase name="Test_Asset_Generate_Deterministic_Id_Best_Effort[4: TestCase{versionable=com.dotmarketing.portlets.contentlet.model.Contentlet@6f5c1b3f[map={fileAsset2=/home/runner/work/core/custom/assets/a/8/a83acf2b-a151-4927-a45d-323e5d6d0c8d/fileAsset2/test_binary1687542932490.png, modDate=2023-06-23 17:55:32.498, fileAsset1=/home/runner/work/core/custom/assets/a/8/a83acf2b-a151-4927-a45d-323e5d6d0c8d/fileAsset1/test_binary1687542932490.jpg, title=blah, inode=a83acf2b-a151-4927-a45d-323e5d6d0c8d, __IS_NEW_CONTENT__=true, disabledWYSIWYG=[], host=8a7d5e23-da1e-420a-b4f0-471e7da8ea2d, stInode=77e79a8e-3013-423a-9daa-dc444a008a9b, owner=system, identifier=edc5ba0d-8df7-47ea-b624-ec410380327f, nullProperties=[], languageId=1, image1=2441b586-1fc8-4760-b759-645f49028707, folder=SYSTEM_FOLDER, __disable_workflow__=true, sortOrder=0, modUser=system},lowIndexPriority=false,variantId=DEFAULT], parent=default, expectedName='test_binary1687542932490.jpg:test_binary1687542932490.png', expectedType='MultipleBinaries1687542930893'}]" classname="com.dotmarketing.business.DeterministicIdentifierAPITest" time="0.01"/>
  <testcase name="Test_Asset_Generate_Deterministic_Id_Best_Effort[5: TestCase{versionable=name4383ec0071 : keyTag4383ec0071, parent=my.host1687542929771.com, expectedName='keyTag4383ec0071', expectedType='persona'}]" classname="com.dotmarketing.business.DeterministicIdentifierAPITest" time="0.01"/>
  <testcase name="Test_Similar_Content_Type_Wont_Clash" classname="com.dotmarketing.business.DeterministicIdentifierAPITest" time="0.591"/>
  <testcase name="Test_Generate_Folder_Identifier" classname="com.dotmarketing.business.DeterministicIdentifierAPITest" time="1.041"/>
  <testcase name="Test_Generate_Content_Type_Identifier[0: ContentTypeTestCase{contentType=KeyValueContentType{name=Language Variable, id=f4d7c1b8-2c88-4071-abf1-a5328977b07d, description=Default Content Type for Language Variables, defaultType=false, fixed=true, iDate=Thu Aug 31 16:38:49 UTC 2017, system=true, versionable=true, variable=Languagevariable, modDate=Fri Jun 23 17:51:50 UTC 2023, host=SYSTEM_HOST, siteName=systemHost, icon=language, sortOrder=0, folder=SYSTEM_FOLDER, folderPath=/, markedForDeletion=false, multilingualable=false}, expectedName='Languagevariable', expectedType='KeyValue'}]" classname="com.dotmarketing.business.DeterministicIdentifierAPITest" time="0.009"/>
  <testcase name="Test_Generate_Content_Type_Identifier[1: ContentTypeTestCase{contentType=SimpleContentType{name=testName1687542933030, id=f9ce2fb1-eb02-4c16-8dca-f3ccb9fe23ce, description=testDescription1687542933030, defaultType=false, fixed=false, iDate=Fri Jun 23 17:55:33 UTC 2023, system=false, versionable=true, multilingualable=false, variable=testVarname1687542933030, owner=system, modDate=Fri Jun 23 17:55:33 UTC 2023, host=8a7d5e23-da1e-420a-b4f0-471e7da8ea2d, siteName=default, icon=event_note, sortOrder=0, folder=SYSTEM_FOLDER, folderPath=/, requiredFields=[], markedForDeletion=false}, expectedName='testVarname1687542933030', expectedType='CONTENT'}]" classname="com.dotmarketing.business.DeterministicIdentifierAPITest" time="0.006"/>
  <system-out><![CDATA[]]></system-out>
  <system-err><![CDATA[]]></system-err>
</testsuite>
