<?xml version="1.0" encoding="UTF-8"?>
<testsuite name="com.dotcms.enterprise.publishing.staticpublishing.LanguageFolderTest" tests="5" skipped="0" failures="0" errors="0" timestamp="2023-07-11T18:31:15" hostname="fv-az1032-278" time="0.004">
  <properties/>
  <testcase name="testCompareTo[0: com.dotcms.enterprise.publishing.staticpublishing.LanguageFolderTest$TestCase@43d49ce7]" classname="com.dotcms.enterprise.publishing.staticpublishing.LanguageFolderTest" time="0.001"/>
  <testcase name="testCompareTo[1: com.dotcms.enterprise.publishing.staticpublishing.LanguageFolderTest$TestCase@39f2be2c]" classname="com.dotcms.enterprise.publishing.staticpublishing.LanguageFolderTest" time="0.001"/>
  <testcase name="testCompareTo[2: com.dotcms.enterprise.publishing.staticpublishing.LanguageFolderTest$TestCase@48067d06]" classname="com.dotcms.enterprise.publishing.staticpublishing.LanguageFolderTest" time="0.0"/>
  <testcase name="testCompareTo[3: com.dotcms.enterprise.publishing.staticpublishing.LanguageFolderTest$TestCase@7bd8beaa]" classname="com.dotcms.enterprise.publishing.staticpublishing.LanguageFolderTest" time="0.0"/>
  <testcase name="testCompareTo[4: com.dotcms.enterprise.publishing.staticpublishing.LanguageFolderTest$TestCase@1c8c3692]" classname="com.dotcms.enterprise.publishing.staticpublishing.LanguageFolderTest" time="0.001"/>
  <system-out><![CDATA[]]></system-out>
  <system-err><![CDATA[]]></system-err>
</testsuite>
