<?xml version="1.0" encoding="UTF-8"?>
<testsuite name="com.dotcms.rest.TagResourceIntegrationTest" tests="4" skipped="0" failures="0" errors="0" timestamp="2023-07-07T19:17:29" hostname="fv-az622-57" time="0.379">
  <properties/>
  <testcase name="testList[0: com.dotcms.rest.TagResourceTestCase@5b47aa75]" classname="com.dotcms.rest.TagResourceIntegrationTest" time="0.287"/>
  <testcase name="testList[1: com.dotcms.rest.TagResourceTestCase@1036e204]" classname="com.dotcms.rest.TagResourceIntegrationTest" time="0.03"/>
  <testcase name="testList[2: com.dotcms.rest.TagResourceTestCase@f84749d]" classname="com.dotcms.rest.TagResourceIntegrationTest" time="0.033"/>
  <testcase name="testList[3: com.dotcms.rest.TagResourceTestCase@65a20ff2]" classname="com.dotcms.rest.TagResourceIntegrationTest" time="0.028"/>
  <system-out><![CDATA[]]></system-out>
  <system-err><![CDATA[Jul 07, 2023 7:17:29 PM com.dotcms.repackage.org.hibernate.validator.internal.util.Version <clinit>
INFO: HV000001: Hibernate Validator 4.3.2.Final
]]></system-err>
</testsuite>
