<?xml version="1.0" encoding="UTF-8"?>
<testsuite name="com.dotcms.security.multipart.BoundedBufferedReaderTest" tests="1" skipped="0" failures="0" errors="0" timestamp="2023-07-08T06:00:18" hostname="fv-az436-467" time="0.003">
  <properties/>
  <testcase name="Test_Parse_happy_path" classname="com.dotcms.security.multipart.BoundedBufferedReaderTest" time="0.003"/>
  <system-out><![CDATA[]]></system-out>
  <system-err><![CDATA[]]></system-err>
</testsuite>
