<?xml version="1.0" encoding="UTF-8"?>
<testsuite name="com.dotcms.enterprise.publishing.remote.bundler.HostBundlerTest" tests="3" skipped="0" failures="0" errors="0" timestamp="2023-06-23T22:19:09" hostname="fv-az627-978" time="0.053">
  <properties/>
  <testcase name="addHostInBundle[0: com.dotcms.enterprise.publishing.remote.bundler.HostBundlerTest$TestCase@664669f8]" classname="com.dotcms.enterprise.publishing.remote.bundler.HostBundlerTest" time="0.014"/>
  <testcase name="addHostInBundle[1: com.dotcms.enterprise.publishing.remote.bundler.HostBundlerTest$TestCase@7a099e3]" classname="com.dotcms.enterprise.publishing.remote.bundler.HostBundlerTest" time="0.018"/>
  <testcase name="addHostInBundle[2: com.dotcms.enterprise.publishing.remote.bundler.HostBundlerTest$TestCase@dd9bcdb]" classname="com.dotcms.enterprise.publishing.remote.bundler.HostBundlerTest" time="0.021"/>
  <system-out><![CDATA[]]></system-out>
  <system-err><![CDATA[]]></system-err>
</testsuite>
