<?xml version="1.0" encoding="UTF-8"?>
<testsuite name="com.dotcms.rendering.velocity.viewtools.content.util.ContentUtilsTest" tests="89" skipped="0" failures="0" errors="0" timestamp="2023-07-18T21:18:10" hostname="fv-az550-335" time="398.426">
  <properties/>
  <testcase name="whenTheTimeMachineDateIsNullAndPublishDateInFutureShouldNotReturnAnything" classname="com.dotcms.rendering.velocity.viewtools.content.util.ContentUtilsTest" time="3.271"/>
  <testcase name="test_find_multilingual_contentlet_getContentletSuccessfully" classname="com.dotcms.rendering.velocity.viewtools.content.util.ContentUtilsTest" time="1.802"/>
  <testcase name="whenTheTimeMachineDateAndPublishDateAreTomorrowShouldReturnOneContent" classname="com.dotcms.rendering.velocity.viewtools.content.util.ContentUtilsTest" time="3.335"/>
  <testcase name="testPullRelated[0: com.dotcms.rendering.velocity.viewtools.content.util.ContentUtilsTest$TestCase@32d72e2b]" classname="com.dotcms.rendering.velocity.viewtools.content.util.ContentUtilsTest" time="4.762"/>
  <testcase name="testPullRelated[1: com.dotcms.rendering.velocity.viewtools.content.util.ContentUtilsTest$TestCase@54ce9a1c]" classname="com.dotcms.rendering.velocity.viewtools.content.util.ContentUtilsTest" time="3.519"/>
  <testcase name="testPullRelated[2: com.dotcms.rendering.velocity.viewtools.content.util.ContentUtilsTest$TestCase@54ae08d5]" classname="com.dotcms.rendering.velocity.viewtools.content.util.ContentUtilsTest" time="4.498"/>
  <testcase name="testPullRelated[3: com.dotcms.rendering.velocity.viewtools.content.util.ContentUtilsTest$TestCase@661a1b3a]" classname="com.dotcms.rendering.velocity.viewtools.content.util.ContentUtilsTest" time="3.659"/>
  <testcase name="testPullRelated[4: com.dotcms.rendering.velocity.viewtools.content.util.ContentUtilsTest$TestCase@6db7d7a4]" classname="com.dotcms.rendering.velocity.viewtools.content.util.ContentUtilsTest" time="4.113"/>
  <testcase name="testPullRelated[5: com.dotcms.rendering.velocity.viewtools.content.util.ContentUtilsTest$TestCase@4d89ae74]" classname="com.dotcms.rendering.velocity.viewtools.content.util.ContentUtilsTest" time="3.907"/>
  <testcase name="testPullRelated[6: com.dotcms.rendering.velocity.viewtools.content.util.ContentUtilsTest$TestCase@6945ffb0]" classname="com.dotcms.rendering.velocity.viewtools.content.util.ContentUtilsTest" time="3.258"/>
  <testcase name="testPullRelated[7: com.dotcms.rendering.velocity.viewtools.content.util.ContentUtilsTest$TestCase@5fb0ea69]" classname="com.dotcms.rendering.velocity.viewtools.content.util.ContentUtilsTest" time="3.052"/>
  <testcase name="testPullRelated[8: com.dotcms.rendering.velocity.viewtools.content.util.ContentUtilsTest$TestCase@ce90ccc]" classname="com.dotcms.rendering.velocity.viewtools.content.util.ContentUtilsTest" time="3.823"/>
  <testcase name="testPullRelated[9: com.dotcms.rendering.velocity.viewtools.content.util.ContentUtilsTest$TestCase@c93e92b]" classname="com.dotcms.rendering.velocity.viewtools.content.util.ContentUtilsTest" time="4.206"/>
  <testcase name="testPullRelated[10: com.dotcms.rendering.velocity.viewtools.content.util.ContentUtilsTest$TestCase@4aed2f76]" classname="com.dotcms.rendering.velocity.viewtools.content.util.ContentUtilsTest" time="3.144"/>
  <testcase name="testPullRelated[11: com.dotcms.rendering.velocity.viewtools.content.util.ContentUtilsTest$TestCase@125677e0]" classname="com.dotcms.rendering.velocity.viewtools.content.util.ContentUtilsTest" time="3.991"/>
  <testcase name="testPullRelated[12: com.dotcms.rendering.velocity.viewtools.content.util.ContentUtilsTest$TestCase@561d860a]" classname="com.dotcms.rendering.velocity.viewtools.content.util.ContentUtilsTest" time="3.871"/>
  <testcase name="testPullRelated[13: com.dotcms.rendering.velocity.viewtools.content.util.ContentUtilsTest$TestCase@4554e753]" classname="com.dotcms.rendering.velocity.viewtools.content.util.ContentUtilsTest" time="4.122"/>
  <testcase name="testPullRelated[14: com.dotcms.rendering.velocity.viewtools.content.util.ContentUtilsTest$TestCase@6661f610]" classname="com.dotcms.rendering.velocity.viewtools.content.util.ContentUtilsTest" time="3.132"/>
  <testcase name="testPullRelated[15: com.dotcms.rendering.velocity.viewtools.content.util.ContentUtilsTest$TestCase@47a9644b]" classname="com.dotcms.rendering.velocity.viewtools.content.util.ContentUtilsTest" time="4.303"/>
  <testcase name="testPullRelated[16: com.dotcms.rendering.velocity.viewtools.content.util.ContentUtilsTest$TestCase@7d3e9762]" classname="com.dotcms.rendering.velocity.viewtools.content.util.ContentUtilsTest" time="2.845"/>
  <testcase name="testPullRelated[17: com.dotcms.rendering.velocity.viewtools.content.util.ContentUtilsTest$TestCase@1f3299e9]" classname="com.dotcms.rendering.velocity.viewtools.content.util.ContentUtilsTest" time="3.869"/>
  <testcase name="testPullRelated[18: com.dotcms.rendering.velocity.viewtools.content.util.ContentUtilsTest$TestCase@768a2d69]" classname="com.dotcms.rendering.velocity.viewtools.content.util.ContentUtilsTest" time="4.231"/>
  <testcase name="testPullRelated[19: com.dotcms.rendering.velocity.viewtools.content.util.ContentUtilsTest$TestCase@7a0d84cf]" classname="com.dotcms.rendering.velocity.viewtools.content.util.ContentUtilsTest" time="4.027"/>
  <testcase name="testPullRelated[20: com.dotcms.rendering.velocity.viewtools.content.util.ContentUtilsTest$TestCase@7381996b]" classname="com.dotcms.rendering.velocity.viewtools.content.util.ContentUtilsTest" time="3.122"/>
  <testcase name="testPullRelated[21: com.dotcms.rendering.velocity.viewtools.content.util.ContentUtilsTest$TestCase@7877ab23]" classname="com.dotcms.rendering.velocity.viewtools.content.util.ContentUtilsTest" time="3.707"/>
  <testcase name="testPullRelated[22: com.dotcms.rendering.velocity.viewtools.content.util.ContentUtilsTest$TestCase@5f313021]" classname="com.dotcms.rendering.velocity.viewtools.content.util.ContentUtilsTest" time="4.233"/>
  <testcase name="testPullRelated[23: com.dotcms.rendering.velocity.viewtools.content.util.ContentUtilsTest$TestCase@498cecf4]" classname="com.dotcms.rendering.velocity.viewtools.content.util.ContentUtilsTest" time="3.952"/>
  <testcase name="testPullRelated[24: com.dotcms.rendering.velocity.viewtools.content.util.ContentUtilsTest$TestCase@36397e6f]" classname="com.dotcms.rendering.velocity.viewtools.content.util.ContentUtilsTest" time="4.188"/>
  <testcase name="testPullRelated[25: com.dotcms.rendering.velocity.viewtools.content.util.ContentUtilsTest$TestCase@7352e538]" classname="com.dotcms.rendering.velocity.viewtools.content.util.ContentUtilsTest" time="4.048"/>
  <testcase name="testPullRelated[26: com.dotcms.rendering.velocity.viewtools.content.util.ContentUtilsTest$TestCase@2534634b]" classname="com.dotcms.rendering.velocity.viewtools.content.util.ContentUtilsTest" time="4.015"/>
  <testcase name="testPullRelated[27: com.dotcms.rendering.velocity.viewtools.content.util.ContentUtilsTest$TestCase@b71d055]" classname="com.dotcms.rendering.velocity.viewtools.content.util.ContentUtilsTest" time="4.246"/>
  <testcase name="testPullRelated[28: com.dotcms.rendering.velocity.viewtools.content.util.ContentUtilsTest$TestCase@76461d52]" classname="com.dotcms.rendering.velocity.viewtools.content.util.ContentUtilsTest" time="3.919"/>
  <testcase name="testPullRelated[29: com.dotcms.rendering.velocity.viewtools.content.util.ContentUtilsTest$TestCase@12d95d87]" classname="com.dotcms.rendering.velocity.viewtools.content.util.ContentUtilsTest" time="3.992"/>
  <testcase name="testPullRelated[30: com.dotcms.rendering.velocity.viewtools.content.util.ContentUtilsTest$TestCase@14f14aac]" classname="com.dotcms.rendering.velocity.viewtools.content.util.ContentUtilsTest" time="3.227"/>
  <testcase name="testPullRelated[31: com.dotcms.rendering.velocity.viewtools.content.util.ContentUtilsTest$TestCase@1187c31f]" classname="com.dotcms.rendering.velocity.viewtools.content.util.ContentUtilsTest" time="4.247"/>
  <testcase name="testPullRelated[32: com.dotcms.rendering.velocity.viewtools.content.util.ContentUtilsTest$TestCase@57edf0f0]" classname="com.dotcms.rendering.velocity.viewtools.content.util.ContentUtilsTest" time="3.719"/>
  <testcase name="testPullRelated[33: com.dotcms.rendering.velocity.viewtools.content.util.ContentUtilsTest$TestCase@f00aaef]" classname="com.dotcms.rendering.velocity.viewtools.content.util.ContentUtilsTest" time="3.278"/>
  <testcase name="testPullRelated[34: com.dotcms.rendering.velocity.viewtools.content.util.ContentUtilsTest$TestCase@113a3589]" classname="com.dotcms.rendering.velocity.viewtools.content.util.ContentUtilsTest" time="3.915"/>
  <testcase name="testPullRelated[35: com.dotcms.rendering.velocity.viewtools.content.util.ContentUtilsTest$TestCase@3e0a938a]" classname="com.dotcms.rendering.velocity.viewtools.content.util.ContentUtilsTest" time="4.138"/>
  <testcase name="testPullRelated[36: com.dotcms.rendering.velocity.viewtools.content.util.ContentUtilsTest$TestCase@6589ecb]" classname="com.dotcms.rendering.velocity.viewtools.content.util.ContentUtilsTest" time="5.083"/>
  <testcase name="testPullRelated[37: com.dotcms.rendering.velocity.viewtools.content.util.ContentUtilsTest$TestCase@c850b3d]" classname="com.dotcms.rendering.velocity.viewtools.content.util.ContentUtilsTest" time="6.137"/>
  <testcase name="testPullRelated[38: com.dotcms.rendering.velocity.viewtools.content.util.ContentUtilsTest$TestCase@4cd3e159]" classname="com.dotcms.rendering.velocity.viewtools.content.util.ContentUtilsTest" time="6.305"/>
  <testcase name="testPullRelated[39: com.dotcms.rendering.velocity.viewtools.content.util.ContentUtilsTest$TestCase@26afad8a]" classname="com.dotcms.rendering.velocity.viewtools.content.util.ContentUtilsTest" time="4.836"/>
  <testcase name="testPullRelated[40: com.dotcms.rendering.velocity.viewtools.content.util.ContentUtilsTest$TestCase@6443c152]" classname="com.dotcms.rendering.velocity.viewtools.content.util.ContentUtilsTest" time="6.16"/>
  <testcase name="testPullRelated[41: com.dotcms.rendering.velocity.viewtools.content.util.ContentUtilsTest$TestCase@40bbf204]" classname="com.dotcms.rendering.velocity.viewtools.content.util.ContentUtilsTest" time="5.981"/>
  <testcase name="testPullRelated[42: com.dotcms.rendering.velocity.viewtools.content.util.ContentUtilsTest$TestCase@13310a63]" classname="com.dotcms.rendering.velocity.viewtools.content.util.ContentUtilsTest" time="6.223"/>
  <testcase name="testPullRelated[43: com.dotcms.rendering.velocity.viewtools.content.util.ContentUtilsTest$TestCase@48a93672]" classname="com.dotcms.rendering.velocity.viewtools.content.util.ContentUtilsTest" time="6.244"/>
  <testcase name="testPullRelated[44: com.dotcms.rendering.velocity.viewtools.content.util.ContentUtilsTest$TestCase@329a2764]" classname="com.dotcms.rendering.velocity.viewtools.content.util.ContentUtilsTest" time="5.862"/>
  <testcase name="testPullRelated[45: com.dotcms.rendering.velocity.viewtools.content.util.ContentUtilsTest$TestCase@2d2ed8e1]" classname="com.dotcms.rendering.velocity.viewtools.content.util.ContentUtilsTest" time="5.959"/>
  <testcase name="testPullRelated[46: com.dotcms.rendering.velocity.viewtools.content.util.ContentUtilsTest$TestCase@36d7bd35]" classname="com.dotcms.rendering.velocity.viewtools.content.util.ContentUtilsTest" time="6.173"/>
  <testcase name="testPullRelated[47: com.dotcms.rendering.velocity.viewtools.content.util.ContentUtilsTest$TestCase@37cc073b]" classname="com.dotcms.rendering.velocity.viewtools.content.util.ContentUtilsTest" time="5.275"/>
  <testcase name="testPullRelated[48: com.dotcms.rendering.velocity.viewtools.content.util.ContentUtilsTest$TestCase@548ea7a1]" classname="com.dotcms.rendering.velocity.viewtools.content.util.ContentUtilsTest" time="5.864"/>
  <testcase name="testPullRelated[49: com.dotcms.rendering.velocity.viewtools.content.util.ContentUtilsTest$TestCase@fbc8401]" classname="com.dotcms.rendering.velocity.viewtools.content.util.ContentUtilsTest" time="5.985"/>
  <testcase name="testPullRelated[50: com.dotcms.rendering.velocity.viewtools.content.util.ContentUtilsTest$TestCase@409aed6]" classname="com.dotcms.rendering.velocity.viewtools.content.util.ContentUtilsTest" time="5.386"/>
  <testcase name="testPullRelated[51: com.dotcms.rendering.velocity.viewtools.content.util.ContentUtilsTest$TestCase@53ab94b3]" classname="com.dotcms.rendering.velocity.viewtools.content.util.ContentUtilsTest" time="5.114"/>
  <testcase name="testPullRelated[52: com.dotcms.rendering.velocity.viewtools.content.util.ContentUtilsTest$TestCase@72b992c8]" classname="com.dotcms.rendering.velocity.viewtools.content.util.ContentUtilsTest" time="5.863"/>
  <testcase name="testPullRelated[53: com.dotcms.rendering.velocity.viewtools.content.util.ContentUtilsTest$TestCase@19ce8c12]" classname="com.dotcms.rendering.velocity.viewtools.content.util.ContentUtilsTest" time="6.366"/>
  <testcase name="testPullRelated[54: com.dotcms.rendering.velocity.viewtools.content.util.ContentUtilsTest$TestCase@5078fee3]" classname="com.dotcms.rendering.velocity.viewtools.content.util.ContentUtilsTest" time="6.098"/>
  <testcase name="testPullRelated[55: com.dotcms.rendering.velocity.viewtools.content.util.ContentUtilsTest$TestCase@5ff9f653]" classname="com.dotcms.rendering.velocity.viewtools.content.util.ContentUtilsTest" time="4.957"/>
  <testcase name="testPullRelated[56: com.dotcms.rendering.velocity.viewtools.content.util.ContentUtilsTest$TestCase@616810b6]" classname="com.dotcms.rendering.velocity.viewtools.content.util.ContentUtilsTest" time="6.183"/>
  <testcase name="testPullRelated[57: com.dotcms.rendering.velocity.viewtools.content.util.ContentUtilsTest$TestCase@c2bae95]" classname="com.dotcms.rendering.velocity.viewtools.content.util.ContentUtilsTest" time="6.058"/>
  <testcase name="testPullRelated[58: com.dotcms.rendering.velocity.viewtools.content.util.ContentUtilsTest$TestCase@1b33d615]" classname="com.dotcms.rendering.velocity.viewtools.content.util.ContentUtilsTest" time="4.925"/>
  <testcase name="testPullRelated[59: com.dotcms.rendering.velocity.viewtools.content.util.ContentUtilsTest$TestCase@b68f04e]" classname="com.dotcms.rendering.velocity.viewtools.content.util.ContentUtilsTest" time="6.207"/>
  <testcase name="testPullRelated[60: com.dotcms.rendering.velocity.viewtools.content.util.ContentUtilsTest$TestCase@2aa4bc35]" classname="com.dotcms.rendering.velocity.viewtools.content.util.ContentUtilsTest" time="6.087"/>
  <testcase name="testPullRelated[61: com.dotcms.rendering.velocity.viewtools.content.util.ContentUtilsTest$TestCase@7b2ae0f2]" classname="com.dotcms.rendering.velocity.viewtools.content.util.ContentUtilsTest" time="4.864"/>
  <testcase name="testPullRelated[62: com.dotcms.rendering.velocity.viewtools.content.util.ContentUtilsTest$TestCase@7e2c02fc]" classname="com.dotcms.rendering.velocity.viewtools.content.util.ContentUtilsTest" time="6.396"/>
  <testcase name="testPullRelated[63: com.dotcms.rendering.velocity.viewtools.content.util.ContentUtilsTest$TestCase@328a67f7]" classname="com.dotcms.rendering.velocity.viewtools.content.util.ContentUtilsTest" time="6.137"/>
  <testcase name="testPullRelated[64: com.dotcms.rendering.velocity.viewtools.content.util.ContentUtilsTest$TestCase@3dc03087]" classname="com.dotcms.rendering.velocity.viewtools.content.util.ContentUtilsTest" time="5.804"/>
  <testcase name="testPullRelated[65: com.dotcms.rendering.velocity.viewtools.content.util.ContentUtilsTest$TestCase@11416abd]" classname="com.dotcms.rendering.velocity.viewtools.content.util.ContentUtilsTest" time="6.123"/>
  <testcase name="testPullRelated[66: com.dotcms.rendering.velocity.viewtools.content.util.ContentUtilsTest$TestCase@f64a18b]" classname="com.dotcms.rendering.velocity.viewtools.content.util.ContentUtilsTest" time="6.289"/>
  <testcase name="testPullRelated[67: com.dotcms.rendering.velocity.viewtools.content.util.ContentUtilsTest$TestCase@6eb0da4f]" classname="com.dotcms.rendering.velocity.viewtools.content.util.ContentUtilsTest" time="5.954"/>
  <testcase name="testPullRelated[68: com.dotcms.rendering.velocity.viewtools.content.util.ContentUtilsTest$TestCase@52c88b16]" classname="com.dotcms.rendering.velocity.viewtools.content.util.ContentUtilsTest" time="6.342"/>
  <testcase name="testPullRelated[69: com.dotcms.rendering.velocity.viewtools.content.util.ContentUtilsTest$TestCase@48460770]" classname="com.dotcms.rendering.velocity.viewtools.content.util.ContentUtilsTest" time="5.853"/>
  <testcase name="testPullRelated[70: com.dotcms.rendering.velocity.viewtools.content.util.ContentUtilsTest$TestCase@62849f0a]" classname="com.dotcms.rendering.velocity.viewtools.content.util.ContentUtilsTest" time="5.128"/>
  <testcase name="testPullRelated[71: com.dotcms.rendering.velocity.viewtools.content.util.ContentUtilsTest$TestCase@a8e43b7]" classname="com.dotcms.rendering.velocity.viewtools.content.util.ContentUtilsTest" time="6.329"/>
  <testcase name="whenPublishAndExpireDatesAreInTheFutureAndTimeMachineIsAfterBoth" classname="com.dotcms.rendering.velocity.viewtools.content.util.ContentUtilsTest" time="3.365"/>
  <testcase name="testPullRelatedForLegacyRelationship[0: com.dotcms.rendering.velocity.viewtools.content.util.ContentUtilsTest$LegacyTestCase@1c88f9cb]" classname="com.dotcms.rendering.velocity.viewtools.content.util.ContentUtilsTest" time="4.235"/>
  <testcase name="testPullRelatedForLegacyRelationship[1: com.dotcms.rendering.velocity.viewtools.content.util.ContentUtilsTest$LegacyTestCase@648d00ad]" classname="com.dotcms.rendering.velocity.viewtools.content.util.ContentUtilsTest" time="4.178"/>
  <testcase name="whenTheTimeMachineDateIsAfterTomorrowAndExpireDateIsTomorrowShouldNotReturnContent" classname="com.dotcms.rendering.velocity.viewtools.content.util.ContentUtilsTest" time="3.43"/>
  <testcase name="testPullLiveRelatedWhenLatestVersionIsWorking" classname="com.dotcms.rendering.velocity.viewtools.content.util.ContentUtilsTest" time="4.457"/>
  <testcase name="test_add_relationships_on_parent_children_related_contents" classname="com.dotcms.rendering.velocity.viewtools.content.util.ContentUtilsTest" time="1.569"/>
  <testcase name="testSortPullRelated[0: com.dotcms.rendering.velocity.viewtools.content.util.ContentUtilsTest$SortTestCase@2237bff9]" classname="com.dotcms.rendering.velocity.viewtools.content.util.ContentUtilsTest" time="2.771"/>
  <testcase name="testSortPullRelated[1: com.dotcms.rendering.velocity.viewtools.content.util.ContentUtilsTest$SortTestCase@5a5cc3f3]" classname="com.dotcms.rendering.velocity.viewtools.content.util.ContentUtilsTest" time="3.06"/>
  <testcase name="testSortPullRelated[2: com.dotcms.rendering.velocity.viewtools.content.util.ContentUtilsTest$SortTestCase@1412fd2]" classname="com.dotcms.rendering.velocity.viewtools.content.util.ContentUtilsTest" time="1.806"/>
  <testcase name="testSortPullRelated[3: com.dotcms.rendering.velocity.viewtools.content.util.ContentUtilsTest$SortTestCase@dc5cf3f]" classname="com.dotcms.rendering.velocity.viewtools.content.util.ContentUtilsTest" time="1.86"/>
  <testcase name="testSortPullRelated[4: com.dotcms.rendering.velocity.viewtools.content.util.ContentUtilsTest$SortTestCase@12127109]" classname="com.dotcms.rendering.velocity.viewtools.content.util.ContentUtilsTest" time="2.885"/>
  <testcase name="testSortPullRelated[5: com.dotcms.rendering.velocity.viewtools.content.util.ContentUtilsTest$SortTestCase@2eed6be3]" classname="com.dotcms.rendering.velocity.viewtools.content.util.ContentUtilsTest" time="1.713"/>
  <testcase name="whenTheTimeMachineDateIsAfterTomorrowAndExpireDateIsInFutureShouldReturnContent" classname="com.dotcms.rendering.velocity.viewtools.content.util.ContentUtilsTest" time="3.387"/>
  <testcase name="testPullRelatedFieldShouldRespectDefaultOrder" classname="com.dotcms.rendering.velocity.viewtools.content.util.ContentUtilsTest" time="2.472"/>
  <system-out><![CDATA[]]></system-out>
  <system-err><![CDATA[]]></system-err>
</testsuite>
