<?xml version="1.0" encoding="UTF-8"?>
<testsuite name="com.dotcms.publishing.PublisherAPIImplTest" tests="24" skipped="0" failures="0" errors="0" timestamp="2023-07-17T22:47:07" hostname="fv-az362-624" time="5.21">
  <properties/>
  <testcase name="AddAllCategoryIntoBundle" classname="com.dotcms.publishing.PublisherAPIImplTest" time="0.21"/>
  <testcase name="testFilterDescriptors" classname="com.dotcms.publishing.PublisherAPIImplTest" time="0.072"/>
  <testcase name="sendPushPublishBundle[0: com.dotcms.publishing.PublisherAPIImplTest$TestAsset@6f6cee6]" classname="com.dotcms.publishing.PublisherAPIImplTest" time="1.591"/>
  <testcase name="sendPushPublishBundle[1: com.dotcms.publishing.PublisherAPIImplTest$TestAsset@41d58fba]" classname="com.dotcms.publishing.PublisherAPIImplTest" time="0.279"/>
  <testcase name="sendPushPublishBundle[2: com.dotcms.publishing.PublisherAPIImplTest$TestAsset@25f66a6d]" classname="com.dotcms.publishing.PublisherAPIImplTest" time="0.231"/>
  <testcase name="sendPushPublishBundle[3: com.dotcms.publishing.PublisherAPIImplTest$TestAsset@16c5c732]" classname="com.dotcms.publishing.PublisherAPIImplTest" time="0.408"/>
  <testcase name="sendPushPublishBundle[4: com.dotcms.publishing.PublisherAPIImplTest$TestAsset@2674baf2]" classname="com.dotcms.publishing.PublisherAPIImplTest" time="0.275"/>
  <testcase name="sendPushPublishBundle[5: com.dotcms.publishing.PublisherAPIImplTest$TestAsset@4bb149d9]" classname="com.dotcms.publishing.PublisherAPIImplTest" time="0.188"/>
  <testcase name="sendPushPublishBundle[6: com.dotcms.publishing.PublisherAPIImplTest$TestAsset@5d82e7c0]" classname="com.dotcms.publishing.PublisherAPIImplTest" time="0.169"/>
  <testcase name="sendPushPublishBundle[7: com.dotcms.publishing.PublisherAPIImplTest$TestAsset@65465715]" classname="com.dotcms.publishing.PublisherAPIImplTest" time="0.137"/>
  <testcase name="sendPushPublishBundle[8: com.dotcms.publishing.PublisherAPIImplTest$TestAsset@6666c265]" classname="com.dotcms.publishing.PublisherAPIImplTest" time="0.115"/>
  <testcase name="sendPushPublishBundle[9: com.dotcms.publishing.PublisherAPIImplTest$TestAsset@2758b0f1]" classname="com.dotcms.publishing.PublisherAPIImplTest" time="0.195"/>
  <testcase name="sendPushPublishBundle[10: com.dotcms.publishing.PublisherAPIImplTest$TestAsset@6d2eff3d]" classname="com.dotcms.publishing.PublisherAPIImplTest" time="0.085"/>
  <testcase name="generateBundle[0: com.dotcms.publishing.PublisherAPIImplTest$TestAsset@6f6cee6]" classname="com.dotcms.publishing.PublisherAPIImplTest" time="0.174"/>
  <testcase name="generateBundle[1: com.dotcms.publishing.PublisherAPIImplTest$TestAsset@41d58fba]" classname="com.dotcms.publishing.PublisherAPIImplTest" time="0.122"/>
  <testcase name="generateBundle[2: com.dotcms.publishing.PublisherAPIImplTest$TestAsset@25f66a6d]" classname="com.dotcms.publishing.PublisherAPIImplTest" time="0.112"/>
  <testcase name="generateBundle[3: com.dotcms.publishing.PublisherAPIImplTest$TestAsset@16c5c732]" classname="com.dotcms.publishing.PublisherAPIImplTest" time="0.189"/>
  <testcase name="generateBundle[4: com.dotcms.publishing.PublisherAPIImplTest$TestAsset@2674baf2]" classname="com.dotcms.publishing.PublisherAPIImplTest" time="0.171"/>
  <testcase name="generateBundle[5: com.dotcms.publishing.PublisherAPIImplTest$TestAsset@4bb149d9]" classname="com.dotcms.publishing.PublisherAPIImplTest" time="0.106"/>
  <testcase name="generateBundle[6: com.dotcms.publishing.PublisherAPIImplTest$TestAsset@5d82e7c0]" classname="com.dotcms.publishing.PublisherAPIImplTest" time="0.099"/>
  <testcase name="generateBundle[7: com.dotcms.publishing.PublisherAPIImplTest$TestAsset@65465715]" classname="com.dotcms.publishing.PublisherAPIImplTest" time="0.071"/>
  <testcase name="generateBundle[8: com.dotcms.publishing.PublisherAPIImplTest$TestAsset@6666c265]" classname="com.dotcms.publishing.PublisherAPIImplTest" time="0.057"/>
  <testcase name="generateBundle[9: com.dotcms.publishing.PublisherAPIImplTest$TestAsset@2758b0f1]" classname="com.dotcms.publishing.PublisherAPIImplTest" time="0.126"/>
  <testcase name="generateBundle[10: com.dotcms.publishing.PublisherAPIImplTest$TestAsset@6d2eff3d]" classname="com.dotcms.publishing.PublisherAPIImplTest" time="0.016"/>
  <system-out><![CDATA[









































































































































































]]></system-out>
  <system-err><![CDATA[]]></system-err>
</testsuite>
