<?xml version="1.0" encoding="UTF-8"?>
<testsuite name="com.dotcms.rest.api.v1.contenttype.FieldResourceTest" tests="25" skipped="0" failures="0" errors="0" timestamp="2023-07-20T22:01:26" hostname="fv-az803-349" time="127.161">
  <properties/>
  <testcase name="testFieldMultiSelect" classname="com.dotcms.rest.api.v1.contenttype.FieldResourceTest" time="5.522"/>
  <testcase name="testFieldWysiwyg" classname="com.dotcms.rest.api.v1.contenttype.FieldResourceTest" time="5.361"/>
  <testcase name="testFieldCheckbox" classname="com.dotcms.rest.api.v1.contenttype.FieldResourceTest" time="5.204"/>
  <testcase name="testFieldDateTime" classname="com.dotcms.rest.api.v1.contenttype.FieldResourceTest" time="5.28"/>
  <testcase name="testFieldBinary" classname="com.dotcms.rest.api.v1.contenttype.FieldResourceTest" time="5.199"/>
  <testcase name="testFieldCustom" classname="com.dotcms.rest.api.v1.contenttype.FieldResourceTest" time="5.164"/>
  <testcase name="testFieldHidden" classname="com.dotcms.rest.api.v1.contenttype.FieldResourceTest" time="5.029"/>
  <testcase name="testFieldSelect" classname="com.dotcms.rest.api.v1.contenttype.FieldResourceTest" time="5.709"/>
  <testcase name="testFieldTag" classname="com.dotcms.rest.api.v1.contenttype.FieldResourceTest" time="5.305"/>
  <testcase name="testFieldImage" classname="com.dotcms.rest.api.v1.contenttype.FieldResourceTest" time="5.301"/>
  <testcase name="testFieldRadio" classname="com.dotcms.rest.api.v1.contenttype.FieldResourceTest" time="5.507"/>
  <testcase name="testFieldsList" classname="com.dotcms.rest.api.v1.contenttype.FieldResourceTest" time="0.888"/>
  <testcase name="testFieldPermissionTab" classname="com.dotcms.rest.api.v1.contenttype.FieldResourceTest" time="5.393"/>
  <testcase name="testFieldHostFolder" classname="com.dotcms.rest.api.v1.contenttype.FieldResourceTest" time="5.327"/>
  <testcase name="testFieldRelationshipsTab" classname="com.dotcms.rest.api.v1.contenttype.FieldResourceTest" time="5.349"/>
  <testcase name="testFieldLineDivider" classname="com.dotcms.rest.api.v1.contenttype.FieldResourceTest" time="5.35"/>
  <testcase name="testFieldTabDividerField" classname="com.dotcms.rest.api.v1.contenttype.FieldResourceTest" time="5.297"/>
  <testcase name="testFieldTextArea" classname="com.dotcms.rest.api.v1.contenttype.FieldResourceTest" time="5.237"/>
  <testcase name="testFieldConstant" classname="com.dotcms.rest.api.v1.contenttype.FieldResourceTest" time="5.077"/>
  <testcase name="testFieldCategory" classname="com.dotcms.rest.api.v1.contenttype.FieldResourceTest" time="4.985"/>
  <testcase name="testFieldDate" classname="com.dotcms.rest.api.v1.contenttype.FieldResourceTest" time="5.118"/>
  <testcase name="testFieldFile" classname="com.dotcms.rest.api.v1.contenttype.FieldResourceTest" time="5.0"/>
  <testcase name="testFieldText" classname="com.dotcms.rest.api.v1.contenttype.FieldResourceTest" time="5.153"/>
  <testcase name="testFieldTime" classname="com.dotcms.rest.api.v1.contenttype.FieldResourceTest" time="5.267"/>
  <testcase name="testFieldKeyValue" classname="com.dotcms.rest.api.v1.contenttype.FieldResourceTest" time="5.138"/>
  <system-out><![CDATA[]]></system-out>
  <system-err><![CDATA[]]></system-err>
</testsuite>
