<?xml version="1.0" encoding="UTF-8"?>
<testsuite name="com.dotmarketing.business.DeterministicIdentifierAPITest" tests="16" skipped="0" failures="0" errors="0" timestamp="2023-06-28T01:22:21" hostname="fv-az175-688" time="1.304">
  <properties/>
  <testcase name="Test_Category_Path_Seed_And_Id" classname="com.dotmarketing.business.DeterministicIdentifierAPITest" time="0.029"/>
  <testcase name="Test_Language_Deterministic_Id[0: LanguageTestCase{expectedSeed='Language:es:US', expectedHash=4913155, langCode='es', countryCode='US', country='United States'}]" classname="com.dotmarketing.business.DeterministicIdentifierAPITest" time="0.001"/>
  <testcase name="Test_Language_Deterministic_Id[1: LanguageTestCase{expectedSeed='Language:ep:', expectedHash=5292269, langCode='ep', countryCode='', country=''}]" classname="com.dotmarketing.business.DeterministicIdentifierAPITest" time="0.001"/>
  <testcase name="Test_Language_Deterministic_Id[2: LanguageTestCase{expectedSeed='Language:sg:SAG', expectedHash=4713118, langCode='sg', countryCode='SAG', country=''}]" classname="com.dotmarketing.business.DeterministicIdentifierAPITest" time="0.001"/>
  <testcase name="Test_Language_Deterministic_Id[3: LanguageTestCase{expectedSeed='Language:en:NZ', expectedHash=5382528, langCode='en', countryCode='NZ', country='New Zealand'}]" classname="com.dotmarketing.business.DeterministicIdentifierAPITest" time="0.001"/>
  <testcase name="Test_Category_None_Persisted_Category_Should_Return_Deterministic_Id" classname="com.dotmarketing.business.DeterministicIdentifierAPITest" time="0.002"/>
  <testcase name="Test_Asset_Generate_Deterministic_Id_Best_Effort[0: TestCase{versionable=my.host1687914945736.com, parent=System Host, expectedName='my.host1687914945736.com', expectedType='Host'}]" classname="com.dotmarketing.business.DeterministicIdentifierAPITest" time="0.003"/>
  <testcase name="Test_Asset_Generate_Deterministic_Id_Best_Effort[1: TestCase{versionable=com.dotmarketing.portlets.contentlet.model.Contentlet@19e72126[map={modDate=2023-06-28 01:15:46.498, fileName=file12179624106873226227.txt, title=file12179624106873226227.txt, inode=40e21d4c-944f-47cd-b83a-ba175e7138b8, __IS_NEW_CONTENT__=true, disabledWYSIWYG=[], host=326944d1-9f89-491c-bed4-11ca8bad4579, stInode=33888b6f-7a8e-4069-b1b6-5c1aa9d0a48d, owner=system, identifier=ad7dfb51-6002-4c1c-85a5-cf08eebc8936, nullProperties=[wfExpireDate, wfPublishDate, wfActionAssign, wfActionId, wfActionComments, filterKey, whereToSend, wfNeverExpire, _path_to_move, timezoneId, iWantTo, wfPublishTime, wfExpireTime], languageId=1, fileAsset=/home/runner/work/core/custom/assets/4/0/40e21d4c-944f-47cd-b83a-ba175e7138b8/fileAsset/file12179624106873226227.txt, folder=a11f99fd-6eda-4fe9-acb6-ac68cc1f3fe4, __disable_workflow__=true, sortOrder=0, modUser=system},lowIndexPriority=false,variantId=DEFAULT], parent=com.dotmarketing.portlets.folders.model.Folder@5f932ef7[identifier=a11f99fd-6eda-4fe9-acb6-ac68cc1f3fe4,name=testName1687914946489,sortOrder=0,showOnMenu=false,hostId=326944d1-9f89-491c-bed4-11ca8bad4579,type=folder,title=testTitle1687914946489,filesMasks=,defaultFileType=33888b6f-7a8e-4069-b1b6-5c1aa9d0a48d,modDate=2023-06-28 01:15:46.493,owner=&lt;null&gt;,iDate=2023-06-28 01:15:46.493,inode=a11f99fd-6eda-4fe9-acb6-ac68cc1f3fe4,path=/testName1687914946489/], expectedName='file12179624106873226227.txt', expectedType='FileAsset'}]" classname="com.dotmarketing.business.DeterministicIdentifierAPITest" time="0.004"/>
  <testcase name="Test_Asset_Generate_Deterministic_Id_Best_Effort[2: TestCase{versionable=com.dotmarketing.portlets.templates.model.Template@3d29d1ff, parent=my.host1687914945736.com, expectedName='testTitle1687914946650', expectedType='Template'}]" classname="com.dotmarketing.business.DeterministicIdentifierAPITest" time="0.002"/>
  <testcase name="Test_Asset_Generate_Deterministic_Id_Best_Effort[3: TestCase{versionable=com.dotmarketing.portlets.htmlpageasset.model.HTMLPageAsset@26cb8b28[map={template=6943caab-6392-4b6d-8dc7-c34dadb122fd, owner=system, identifier=02903f67-5b33-4cfc-b308-418fa18360b0, nullProperties=[wfExpireDate, wfPublishDate, wfActionAssign, wfActionId, wfActionComments, filterKey, whereToSend, wfNeverExpire, _path_to_move, timezoneId, iWantTo, wfPublishTime, wfExpireTime], modDate=2023-06-28 01:15:46.671, cachettl=0, _is_test_mode=true, languageId=1, title=test-page-title-1687914946666, httpsreq=, url=test-page-url-1687914946666, showOnMenu=, inode=7526bb2d-e541-4a0a-bbad-666334dea13e, folder=a11f99fd-6eda-4fe9-acb6-ac68cc1f3fe4, disabledWYSIWYG=[], sortOrder=1, modUser=system, host=326944d1-9f89-491c-bed4-11ca8bad4579, stInode=c541abb1-69b3-4bc5-8430-5e09e5239cc8, friendlyName=test-page-friendly-name-1687914946666},lowIndexPriority=false,variantId=DEFAULT], parent=com.dotmarketing.portlets.folders.model.Folder@5f932ef7[identifier=a11f99fd-6eda-4fe9-acb6-ac68cc1f3fe4,name=testName1687914946489,sortOrder=0,showOnMenu=false,hostId=326944d1-9f89-491c-bed4-11ca8bad4579,type=folder,title=testTitle1687914946489,filesMasks=,defaultFileType=33888b6f-7a8e-4069-b1b6-5c1aa9d0a48d,modDate=2023-06-28 01:15:46.493,owner=&lt;null&gt;,iDate=2023-06-28 01:15:46.493,inode=a11f99fd-6eda-4fe9-acb6-ac68cc1f3fe4,path=/testName1687914946489/], expectedName='test-page-url-1687914946666', expectedType='htmlpageasset'}]" classname="com.dotmarketing.business.DeterministicIdentifierAPITest" time="0.003"/>
  <testcase name="Test_Asset_Generate_Deterministic_Id_Best_Effort[4: TestCase{versionable=com.dotmarketing.portlets.contentlet.model.Contentlet@3d902421[map={fileAsset2=/home/runner/work/core/custom/assets/8/5/85c8fa09-0826-418b-b304-eb9ee6ec834d/fileAsset2/test_binary1687914948512.png, modDate=2023-06-28 01:15:48.519, fileAsset1=/home/runner/work/core/custom/assets/8/5/85c8fa09-0826-418b-b304-eb9ee6ec834d/fileAsset1/test_binary1687914948512.jpg, title=blah, inode=85c8fa09-0826-418b-b304-eb9ee6ec834d, __IS_NEW_CONTENT__=true, disabledWYSIWYG=[], host=48190c8c-42c4-46af-8d1a-0cd5db894797, stInode=e9892fb9-dd8d-4eec-b4d1-2f09974d0182, owner=system, identifier=ceec4f22-881f-4cbf-b7ea-909cf5128536, nullProperties=[], languageId=1, image1=8c8e055e-05ff-46bd-b665-6c7b3df6b7dd, folder=SYSTEM_FOLDER, __disable_workflow__=true, sortOrder=0, modUser=system},lowIndexPriority=false,variantId=DEFAULT], parent=demo.dotcms.com, expectedName='test_binary1687914948512.jpg:test_binary1687914948512.png', expectedType='MultipleBinaries1687914946861'}]" classname="com.dotmarketing.business.DeterministicIdentifierAPITest" time="0.003"/>
  <testcase name="Test_Asset_Generate_Deterministic_Id_Best_Effort[5: TestCase{versionable=name14288eb0d5 : keyTag14288eb0d5, parent=my.host1687914945736.com, expectedName='keyTag14288eb0d5', expectedType='persona'}]" classname="com.dotmarketing.business.DeterministicIdentifierAPITest" time="0.003"/>
  <testcase name="Test_Similar_Content_Type_Wont_Clash" classname="com.dotmarketing.business.DeterministicIdentifierAPITest" time="0.607"/>
  <testcase name="Test_Generate_Folder_Identifier" classname="com.dotmarketing.business.DeterministicIdentifierAPITest" time="0.628"/>
  <testcase name="Test_Generate_Content_Type_Identifier[0: ContentTypeTestCase{contentType=KeyValueContentType{name=Language Variable, id=f4d7c1b8-2c88-4071-abf1-a5328977b07d, description=Default Content Type for Language Variables, defaultType=false, fixed=true, iDate=Thu Aug 31 16:38:49 UTC 2017, system=true, versionable=true, variable=Languagevariable, modDate=Wed Jun 28 00:05:11 UTC 2023, host=SYSTEM_HOST, siteName=systemHost, icon=language, sortOrder=0, folder=SYSTEM_FOLDER, folderPath=/, markedForDeletion=true, multilingualable=false}, expectedName='Languagevariable', expectedType='KeyValue'}]" classname="com.dotmarketing.business.DeterministicIdentifierAPITest" time="0.007"/>
  <testcase name="Test_Generate_Content_Type_Identifier[1: ContentTypeTestCase{contentType=SimpleContentType{name=testName1687914949012, id=2d8805bb-d885-4825-bdd8-a2009d48b1b3, description=testDescription1687914949012, defaultType=false, fixed=false, iDate=Wed Jun 28 01:15:49 UTC 2023, system=false, versionable=true, multilingualable=false, variable=testVarname1687914949012, owner=system, modDate=Wed Jun 28 01:15:49 UTC 2023, host=48190c8c-42c4-46af-8d1a-0cd5db894797, siteName=demo.dotcms.com, icon=event_note, sortOrder=0, folder=SYSTEM_FOLDER, folderPath=/, requiredFields=[], markedForDeletion=false}, expectedName='testVarname1687914949012', expectedType='CONTENT'}]" classname="com.dotmarketing.business.DeterministicIdentifierAPITest" time="0.007"/>
  <system-out><![CDATA[]]></system-out>
  <system-err><![CDATA[]]></system-err>
</testsuite>
