<?xml version="1.0" encoding="UTF-8"?>
<testsuite name="com.dotmarketing.portlets.structure.model.ContentletRelationshipsTest" tests="7" skipped="0" failures="0" errors="0" timestamp="2023-06-29T17:29:18" hostname="fv-az615-773" time="7.786">
  <properties/>
  <testcase name="testDoesAllowOnlyOne[0: com.dotmarketing.portlets.structure.model.ContentletRelationshipsTest$CardinalityTestCase@60addcab]" classname="com.dotmarketing.portlets.structure.model.ContentletRelationshipsTest" time="0.43"/>
  <testcase name="testDoesAllowOnlyOne[1: com.dotmarketing.portlets.structure.model.ContentletRelationshipsTest$CardinalityTestCase@4b5de5fe]" classname="com.dotmarketing.portlets.structure.model.ContentletRelationshipsTest" time="0.462"/>
  <testcase name="testDoesAllowOnlyOne[2: com.dotmarketing.portlets.structure.model.ContentletRelationshipsTest$CardinalityTestCase@4826394e]" classname="com.dotmarketing.portlets.structure.model.ContentletRelationshipsTest" time="0.415"/>
  <testcase name="testGetRelationshipRecords[0: com.dotmarketing.portlets.structure.model.ContentletRelationshipsTest$TestCase@6a8baa8d]" classname="com.dotmarketing.portlets.structure.model.ContentletRelationshipsTest" time="0.965"/>
  <testcase name="testGetRelationshipRecords[1: com.dotmarketing.portlets.structure.model.ContentletRelationshipsTest$TestCase@64cd7bf3]" classname="com.dotmarketing.portlets.structure.model.ContentletRelationshipsTest" time="1.923"/>
  <testcase name="testGetRelationshipRecords[2: com.dotmarketing.portlets.structure.model.ContentletRelationshipsTest$TestCase@409b0081]" classname="com.dotmarketing.portlets.structure.model.ContentletRelationshipsTest" time="1.835"/>
  <testcase name="testGetRelationshipRecords[3: com.dotmarketing.portlets.structure.model.ContentletRelationshipsTest$TestCase@398ebd95]" classname="com.dotmarketing.portlets.structure.model.ContentletRelationshipsTest" time="1.756"/>
  <system-out><![CDATA[]]></system-out>
  <system-err><![CDATA[]]></system-err>
</testsuite>
