<?xml version="1.0" encoding="UTF-8"?>
<testsuite name="com.dotmarketing.portlets.workflows.business.SaveContentDraftActionletTest" tests="2" skipped="0" failures="0" errors="0" timestamp="2023-06-30T21:40:38" hostname="fv-az1226-633" time="2.783">
  <properties/>
  <testcase name="saveContentDraftTest" classname="com.dotmarketing.portlets.workflows.business.SaveContentDraftActionletTest" time="1.355"/>
  <testcase name="save_content_draft_test_with_categories_success" classname="com.dotmarketing.portlets.workflows.business.SaveContentDraftActionletTest" time="1.428"/>
  <system-out><![CDATA[]]></system-out>
  <system-err><![CDATA[]]></system-err>
</testsuite>
