<?xml version="1.0" encoding="UTF-8"?>
<testsuite name="com.dotcms.rest.TagResourceIntegrationTest" tests="4" skipped="0" failures="0" errors="0" timestamp="2023-07-19T06:31:26" hostname="fv-az1231-779" time="0.243">
  <properties/>
  <testcase name="testList[0: com.dotcms.rest.TagResourceTestCase@275c1508]" classname="com.dotcms.rest.TagResourceIntegrationTest" time="0.193"/>
  <testcase name="testList[1: com.dotcms.rest.TagResourceTestCase@39121978]" classname="com.dotcms.rest.TagResourceIntegrationTest" time="0.017"/>
  <testcase name="testList[2: com.dotcms.rest.TagResourceTestCase@2d488848]" classname="com.dotcms.rest.TagResourceIntegrationTest" time="0.014"/>
  <testcase name="testList[3: com.dotcms.rest.TagResourceTestCase@504f9f97]" classname="com.dotcms.rest.TagResourceIntegrationTest" time="0.019"/>
  <system-out><![CDATA[]]></system-out>
  <system-err><![CDATA[Jul 19, 2023 6:31:26 AM com.dotcms.repackage.org.hibernate.validator.internal.util.Version <clinit>
INFO: HV000001: Hibernate Validator 4.3.2.Final
]]></system-err>
</testsuite>
