<?xml version="1.0" encoding="UTF-8"?>
<testsuite name="com.dotcms.enterprise.publishing.remote.handler.ContentHandlerTest" tests="1" skipped="0" failures="0" errors="0" timestamp="2023-07-08T05:25:10" hostname="fv-az337-298" time="0.009">
  <properties/>
  <testcase name="Test_XStream_Deserializer" classname="com.dotcms.enterprise.publishing.remote.handler.ContentHandlerTest" time="0.009"/>
  <system-out><![CDATA[]]></system-out>
  <system-err><![CDATA[]]></system-err>
</testsuite>
