<?xml version="1.0" encoding="UTF-8"?>
<testsuite name="com.dotcms.contenttype.test.ContentResourceTest" tests="52" skipped="0" failures="0" errors="0" timestamp="2023-07-24T15:02:28" hostname="fv-az571-935" time="171.561">
  <properties/>
  <testcase name="testGetContentShouldReturnIconDetails" classname="com.dotcms.contenttype.test.ContentResourceTest" time="1.922"/>
  <testcase name="Test_Save_Action_Set_Words_To_Required_NumericField_Issue_15340" classname="com.dotcms.contenttype.test.ContentResourceTest" time="1.06"/>
  <testcase name="test_getContent_includeGrandChildCategory_success" classname="com.dotcms.contenttype.test.ContentResourceTest" time="1.539"/>
  <testcase name="testGetContentWithRelatedParameter[0: com.dotcms.contenttype.test.ContentResourceTest$PullRelatedTestCase@faa5c3b]" classname="com.dotcms.contenttype.test.ContentResourceTest" time="4.597"/>
  <testcase name="testGetContentWithRelatedParameter[1: com.dotcms.contenttype.test.ContentResourceTest$PullRelatedTestCase@40c6faa0]" classname="com.dotcms.contenttype.test.ContentResourceTest" time="4.366"/>
  <testcase name="testGetContentWithRelatedParameter[2: com.dotcms.contenttype.test.ContentResourceTest$PullRelatedTestCase@634e6b51]" classname="com.dotcms.contenttype.test.ContentResourceTest" time="4.433"/>
  <testcase name="testGetContentWithRelatedParameter[3: com.dotcms.contenttype.test.ContentResourceTest$PullRelatedTestCase@3620c951]" classname="com.dotcms.contenttype.test.ContentResourceTest" time="3.172"/>
  <testcase name="testGetContentWithRelatedParameter[4: com.dotcms.contenttype.test.ContentResourceTest$PullRelatedTestCase@6bb6002a]" classname="com.dotcms.contenttype.test.ContentResourceTest" time="4.588"/>
  <testcase name="test_getContent_SelfRelatedWith3LevelsOfDepth_shouldReturnRelationships" classname="com.dotcms.contenttype.test.ContentResourceTest" time="1.642"/>
  <testcase name="Test_Save_Action_Send_Fields_SubSet_Issue_15340" classname="com.dotcms.contenttype.test.ContentResourceTest" time="3.275"/>
  <testcase name="test_getContent_shouldReturnRelationships[0: com.dotcms.contenttype.test.ContentResourceTest$TestCase@1c52f406]" classname="com.dotcms.contenttype.test.ContentResourceTest" time="3.579"/>
  <testcase name="test_getContent_shouldReturnRelationships[1: com.dotcms.contenttype.test.ContentResourceTest$TestCase@cd6003e]" classname="com.dotcms.contenttype.test.ContentResourceTest" time="3.556"/>
  <testcase name="test_getContent_shouldReturnRelationships[2: com.dotcms.contenttype.test.ContentResourceTest$TestCase@3c8c3ab4]" classname="com.dotcms.contenttype.test.ContentResourceTest" time="3.489"/>
  <testcase name="test_getContent_shouldReturnRelationships[3: com.dotcms.contenttype.test.ContentResourceTest$TestCase@6760ca5f]" classname="com.dotcms.contenttype.test.ContentResourceTest" time="3.968"/>
  <testcase name="test_getContent_shouldReturnRelationships[4: com.dotcms.contenttype.test.ContentResourceTest$TestCase@6c19e071]" classname="com.dotcms.contenttype.test.ContentResourceTest" time="2.746"/>
  <testcase name="test_getContent_shouldReturnRelationships[5: com.dotcms.contenttype.test.ContentResourceTest$TestCase@50f2ca3c]" classname="com.dotcms.contenttype.test.ContentResourceTest" time="3.375"/>
  <testcase name="test_getContent_shouldReturnRelationships[6: com.dotcms.contenttype.test.ContentResourceTest$TestCase@d76030c]" classname="com.dotcms.contenttype.test.ContentResourceTest" time="3.593"/>
  <testcase name="test_getContent_shouldReturnRelationships[7: com.dotcms.contenttype.test.ContentResourceTest$TestCase@6ca512cf]" classname="com.dotcms.contenttype.test.ContentResourceTest" time="3.608"/>
  <testcase name="test_getContent_shouldReturnRelationships[8: com.dotcms.contenttype.test.ContentResourceTest$TestCase@4f1c6d42]" classname="com.dotcms.contenttype.test.ContentResourceTest" time="3.831"/>
  <testcase name="test_getContent_shouldReturnRelationships[9: com.dotcms.contenttype.test.ContentResourceTest$TestCase@979fdb7]" classname="com.dotcms.contenttype.test.ContentResourceTest" time="3.772"/>
  <testcase name="test_getContent_shouldReturnRelationships[10: com.dotcms.contenttype.test.ContentResourceTest$TestCase@342af1f7]" classname="com.dotcms.contenttype.test.ContentResourceTest" time="2.549"/>
  <testcase name="test_getContent_shouldReturnRelationships[11: com.dotcms.contenttype.test.ContentResourceTest$TestCase@705daed7]" classname="com.dotcms.contenttype.test.ContentResourceTest" time="3.364"/>
  <testcase name="test_getContent_shouldReturnRelationships[12: com.dotcms.contenttype.test.ContentResourceTest$TestCase@5c07abe3]" classname="com.dotcms.contenttype.test.ContentResourceTest" time="3.656"/>
  <testcase name="test_getContent_shouldReturnRelationships[13: com.dotcms.contenttype.test.ContentResourceTest$TestCase@1a557191]" classname="com.dotcms.contenttype.test.ContentResourceTest" time="3.454"/>
  <testcase name="test_getContent_shouldReturnRelationships[14: com.dotcms.contenttype.test.ContentResourceTest$TestCase@79938e65]" classname="com.dotcms.contenttype.test.ContentResourceTest" time="3.403"/>
  <testcase name="test_getContent_shouldReturnRelationships[15: com.dotcms.contenttype.test.ContentResourceTest$TestCase@6425ac96]" classname="com.dotcms.contenttype.test.ContentResourceTest" time="4.881"/>
  <testcase name="test_getContent_shouldReturnRelationships[16: com.dotcms.contenttype.test.ContentResourceTest$TestCase@51c4b42]" classname="com.dotcms.contenttype.test.ContentResourceTest" time="4.771"/>
  <testcase name="test_getContent_shouldReturnRelationships[17: com.dotcms.contenttype.test.ContentResourceTest$TestCase@34f46b89]" classname="com.dotcms.contenttype.test.ContentResourceTest" time="3.836"/>
  <testcase name="test_getContent_shouldReturnRelationships[18: com.dotcms.contenttype.test.ContentResourceTest$TestCase@51712bd4]" classname="com.dotcms.contenttype.test.ContentResourceTest" time="3.624"/>
  <testcase name="test_getContent_shouldReturnRelationships[19: com.dotcms.contenttype.test.ContentResourceTest$TestCase@18797c70]" classname="com.dotcms.contenttype.test.ContentResourceTest" time="2.675"/>
  <testcase name="test_getContent_shouldReturnRelationships[20: com.dotcms.contenttype.test.ContentResourceTest$TestCase@7fd86266]" classname="com.dotcms.contenttype.test.ContentResourceTest" time="3.962"/>
  <testcase name="test_getContent_shouldReturnRelationships[21: com.dotcms.contenttype.test.ContentResourceTest$TestCase@68e7f637]" classname="com.dotcms.contenttype.test.ContentResourceTest" time="4.027"/>
  <testcase name="test_getContent_shouldReturnRelationships[22: com.dotcms.contenttype.test.ContentResourceTest$TestCase@30105f74]" classname="com.dotcms.contenttype.test.ContentResourceTest" time="3.649"/>
  <testcase name="test_getContent_shouldReturnRelationships[23: com.dotcms.contenttype.test.ContentResourceTest$TestCase@63592ffa]" classname="com.dotcms.contenttype.test.ContentResourceTest" time="3.891"/>
  <testcase name="test_getContent_shouldReturnRelationships[24: com.dotcms.contenttype.test.ContentResourceTest$TestCase@5faebaa5]" classname="com.dotcms.contenttype.test.ContentResourceTest" time="2.8"/>
  <testcase name="test_getContent_shouldReturnRelationships[25: com.dotcms.contenttype.test.ContentResourceTest$TestCase@8afa929]" classname="com.dotcms.contenttype.test.ContentResourceTest" time="3.194"/>
  <testcase name="test_getContent_shouldReturnRelationships[26: com.dotcms.contenttype.test.ContentResourceTest$TestCase@3a76bcb7]" classname="com.dotcms.contenttype.test.ContentResourceTest" time="4.002"/>
  <testcase name="test_getContent_shouldReturnRelationships[27: com.dotcms.contenttype.test.ContentResourceTest$TestCase@10fa62fc]" classname="com.dotcms.contenttype.test.ContentResourceTest" time="3.69"/>
  <testcase name="test_getContent_shouldReturnRelationships[28: com.dotcms.contenttype.test.ContentResourceTest$TestCase@3aab99d4]" classname="com.dotcms.contenttype.test.ContentResourceTest" time="3.647"/>
  <testcase name="test_getContent_shouldReturnRelationships[29: com.dotcms.contenttype.test.ContentResourceTest$TestCase@4f388949]" classname="com.dotcms.contenttype.test.ContentResourceTest" time="3.535"/>
  <testcase name="test_getContent_shouldReturnRelationships[30: com.dotcms.contenttype.test.ContentResourceTest$TestCase@4024071d]" classname="com.dotcms.contenttype.test.ContentResourceTest" time="3.434"/>
  <testcase name="test_getContent_shouldReturnRelationships[31: com.dotcms.contenttype.test.ContentResourceTest$TestCase@38a6067]" classname="com.dotcms.contenttype.test.ContentResourceTest" time="3.506"/>
  <testcase name="test_getContent_shouldReturnRelationships[32: com.dotcms.contenttype.test.ContentResourceTest$TestCase@65093cfb]" classname="com.dotcms.contenttype.test.ContentResourceTest" time="4.711"/>
  <testcase name="test_getContent_shouldReturnRelationships[33: com.dotcms.contenttype.test.ContentResourceTest$TestCase@6e7093d2]" classname="com.dotcms.contenttype.test.ContentResourceTest" time="5.06"/>
  <testcase name="testSinglePOST_InvalidParamsShouldReturn400[0: ({\n    &quot;stInode&quot; : &quot;InvalidValue&quot;,\n    &quot;numeric&quot; : &quot;0&quot;,\n    &quot;image&quot; : &quot;whatever&quot;\n}, Bad Request)]" classname="com.dotcms.contenttype.test.ContentResourceTest" time="1.018"/>
  <testcase name="testSinglePOST_InvalidParamsShouldReturn400[1: ({\n    &quot;numeric&quot; : &quot;0&quot;,\n    &quot;image&quot; : &quot;whatever&quot;\n}, Bad Request)]" classname="com.dotcms.contenttype.test.ContentResourceTest" time="0.987"/>
  <testcase name="Test_Save_Action_Set_Null_To_Required_NumericField_Issue_15340" classname="com.dotcms.contenttype.test.ContentResourceTest" time="1.031"/>
  <testcase name="Test_Save_Action_Remove_Image_Then_Verify_Fields_Were_Cleared_Issue_15340" classname="com.dotcms.contenttype.test.ContentResourceTest" time="3.206"/>
  <testcase name="test_getContentWithMultipleSelfRelated_shouldReturnRelationships[0: com.dotcms.contenttype.test.ContentResourceTest$PullSelfRelatedTestCase@5ed5bd10]" classname="com.dotcms.contenttype.test.ContentResourceTest" time="2.086"/>
  <testcase name="test_getContentWithMultipleSelfRelated_shouldReturnRelationships[1: com.dotcms.contenttype.test.ContentResourceTest$PullSelfRelatedTestCase@7297acd5]" classname="com.dotcms.contenttype.test.ContentResourceTest" time="2.1"/>
  <testcase name="testGetContentWithAllCategoriesInfo[0: json]" classname="com.dotcms.contenttype.test.ContentResourceTest" time="2.791"/>
  <testcase name="testGetContentWithAllCategoriesInfo[1: xml]" classname="com.dotcms.contenttype.test.ContentResourceTest" time="2.902"/>
  <system-out><![CDATA[











]]></system-out>
  <system-err><![CDATA[]]></system-err>
</testsuite>
