<?xml version="1.0" encoding="UTF-8"?>
<testsuite name="com.dotcms.publishing.PublisherAPIImplTest" tests="24" skipped="0" failures="0" errors="0" timestamp="2023-07-11T20:26:34" hostname="fv-az203-15" time="4.186">
  <properties/>
  <testcase name="AddAllCategoryIntoBundle" classname="com.dotcms.publishing.PublisherAPIImplTest" time="0.166"/>
  <testcase name="testFilterDescriptors" classname="com.dotcms.publishing.PublisherAPIImplTest" time="0.068"/>
  <testcase name="sendPushPublishBundle[0: com.dotcms.publishing.PublisherAPIImplTest$TestAsset@648e96d9]" classname="com.dotcms.publishing.PublisherAPIImplTest" time="1.251"/>
  <testcase name="sendPushPublishBundle[1: com.dotcms.publishing.PublisherAPIImplTest$TestAsset@4c3d88c7]" classname="com.dotcms.publishing.PublisherAPIImplTest" time="0.238"/>
  <testcase name="sendPushPublishBundle[2: com.dotcms.publishing.PublisherAPIImplTest$TestAsset@48a3facf]" classname="com.dotcms.publishing.PublisherAPIImplTest" time="0.194"/>
  <testcase name="sendPushPublishBundle[3: com.dotcms.publishing.PublisherAPIImplTest$TestAsset@ff0aef2]" classname="com.dotcms.publishing.PublisherAPIImplTest" time="0.258"/>
  <testcase name="sendPushPublishBundle[4: com.dotcms.publishing.PublisherAPIImplTest$TestAsset@1fd8c98b]" classname="com.dotcms.publishing.PublisherAPIImplTest" time="0.257"/>
  <testcase name="sendPushPublishBundle[5: com.dotcms.publishing.PublisherAPIImplTest$TestAsset@3f830107]" classname="com.dotcms.publishing.PublisherAPIImplTest" time="0.154"/>
  <testcase name="sendPushPublishBundle[6: com.dotcms.publishing.PublisherAPIImplTest$TestAsset@68a1f1ba]" classname="com.dotcms.publishing.PublisherAPIImplTest" time="0.144"/>
  <testcase name="sendPushPublishBundle[7: com.dotcms.publishing.PublisherAPIImplTest$TestAsset@62ac4562]" classname="com.dotcms.publishing.PublisherAPIImplTest" time="0.132"/>
  <testcase name="sendPushPublishBundle[8: com.dotcms.publishing.PublisherAPIImplTest$TestAsset@3be15c2d]" classname="com.dotcms.publishing.PublisherAPIImplTest" time="0.104"/>
  <testcase name="sendPushPublishBundle[9: com.dotcms.publishing.PublisherAPIImplTest$TestAsset@1c4de96f]" classname="com.dotcms.publishing.PublisherAPIImplTest" time="0.181"/>
  <testcase name="sendPushPublishBundle[10: com.dotcms.publishing.PublisherAPIImplTest$TestAsset@7b06e77d]" classname="com.dotcms.publishing.PublisherAPIImplTest" time="0.068"/>
  <testcase name="generateBundle[0: com.dotcms.publishing.PublisherAPIImplTest$TestAsset@648e96d9]" classname="com.dotcms.publishing.PublisherAPIImplTest" time="0.092"/>
  <testcase name="generateBundle[1: com.dotcms.publishing.PublisherAPIImplTest$TestAsset@4c3d88c7]" classname="com.dotcms.publishing.PublisherAPIImplTest" time="0.084"/>
  <testcase name="generateBundle[2: com.dotcms.publishing.PublisherAPIImplTest$TestAsset@48a3facf]" classname="com.dotcms.publishing.PublisherAPIImplTest" time="0.079"/>
  <testcase name="generateBundle[3: com.dotcms.publishing.PublisherAPIImplTest$TestAsset@ff0aef2]" classname="com.dotcms.publishing.PublisherAPIImplTest" time="0.163"/>
  <testcase name="generateBundle[4: com.dotcms.publishing.PublisherAPIImplTest$TestAsset@1fd8c98b]" classname="com.dotcms.publishing.PublisherAPIImplTest" time="0.157"/>
  <testcase name="generateBundle[5: com.dotcms.publishing.PublisherAPIImplTest$TestAsset@3f830107]" classname="com.dotcms.publishing.PublisherAPIImplTest" time="0.085"/>
  <testcase name="generateBundle[6: com.dotcms.publishing.PublisherAPIImplTest$TestAsset@68a1f1ba]" classname="com.dotcms.publishing.PublisherAPIImplTest" time="0.074"/>
  <testcase name="generateBundle[7: com.dotcms.publishing.PublisherAPIImplTest$TestAsset@62ac4562]" classname="com.dotcms.publishing.PublisherAPIImplTest" time="0.067"/>
  <testcase name="generateBundle[8: com.dotcms.publishing.PublisherAPIImplTest$TestAsset@3be15c2d]" classname="com.dotcms.publishing.PublisherAPIImplTest" time="0.045"/>
  <testcase name="generateBundle[9: com.dotcms.publishing.PublisherAPIImplTest$TestAsset@1c4de96f]" classname="com.dotcms.publishing.PublisherAPIImplTest" time="0.097"/>
  <testcase name="generateBundle[10: com.dotcms.publishing.PublisherAPIImplTest$TestAsset@7b06e77d]" classname="com.dotcms.publishing.PublisherAPIImplTest" time="0.016"/>
  <system-out><![CDATA[









































































































































































]]></system-out>
  <system-err><![CDATA[]]></system-err>
</testsuite>
