<?xml version="1.0" encoding="UTF-8"?>
<testsuite name="com.dotcms.rendering.velocity.viewtools.content.util.ContentUtilsTest" tests="89" skipped="0" failures="0" errors="0" timestamp="2023-06-24T02:30:00" hostname="fv-az1128-296" time="400.733">
  <properties/>
  <testcase name="whenTheTimeMachineDateIsNullAndPublishDateInFutureShouldNotReturnAnything" classname="com.dotcms.rendering.velocity.viewtools.content.util.ContentUtilsTest" time="3.11"/>
  <testcase name="test_find_multilingual_contentlet_getContentletSuccessfully" classname="com.dotcms.rendering.velocity.viewtools.content.util.ContentUtilsTest" time="2.07"/>
  <testcase name="whenTheTimeMachineDateAndPublishDateAreTomorrowShouldReturnOneContent" classname="com.dotcms.rendering.velocity.viewtools.content.util.ContentUtilsTest" time="2.97"/>
  <testcase name="testPullRelated[0: com.dotcms.rendering.velocity.viewtools.content.util.ContentUtilsTest$TestCase@5bdd460]" classname="com.dotcms.rendering.velocity.viewtools.content.util.ContentUtilsTest" time="2.464"/>
  <testcase name="testPullRelated[1: com.dotcms.rendering.velocity.viewtools.content.util.ContentUtilsTest$TestCase@7eb14b0b]" classname="com.dotcms.rendering.velocity.viewtools.content.util.ContentUtilsTest" time="4.209"/>
  <testcase name="testPullRelated[2: com.dotcms.rendering.velocity.viewtools.content.util.ContentUtilsTest$TestCase@56c7b4d6]" classname="com.dotcms.rendering.velocity.viewtools.content.util.ContentUtilsTest" time="4.22"/>
  <testcase name="testPullRelated[3: com.dotcms.rendering.velocity.viewtools.content.util.ContentUtilsTest$TestCase@466fbadc]" classname="com.dotcms.rendering.velocity.viewtools.content.util.ContentUtilsTest" time="3.984"/>
  <testcase name="testPullRelated[4: com.dotcms.rendering.velocity.viewtools.content.util.ContentUtilsTest$TestCase@2d9a78a5]" classname="com.dotcms.rendering.velocity.viewtools.content.util.ContentUtilsTest" time="3.837"/>
  <testcase name="testPullRelated[5: com.dotcms.rendering.velocity.viewtools.content.util.ContentUtilsTest$TestCase@5987970e]" classname="com.dotcms.rendering.velocity.viewtools.content.util.ContentUtilsTest" time="4.203"/>
  <testcase name="testPullRelated[6: com.dotcms.rendering.velocity.viewtools.content.util.ContentUtilsTest$TestCase@320df9ec]" classname="com.dotcms.rendering.velocity.viewtools.content.util.ContentUtilsTest" time="3.94"/>
  <testcase name="testPullRelated[7: com.dotcms.rendering.velocity.viewtools.content.util.ContentUtilsTest$TestCase@98f0c2b]" classname="com.dotcms.rendering.velocity.viewtools.content.util.ContentUtilsTest" time="4.218"/>
  <testcase name="testPullRelated[8: com.dotcms.rendering.velocity.viewtools.content.util.ContentUtilsTest$TestCase@77ae12ef]" classname="com.dotcms.rendering.velocity.viewtools.content.util.ContentUtilsTest" time="3.655"/>
  <testcase name="testPullRelated[9: com.dotcms.rendering.velocity.viewtools.content.util.ContentUtilsTest$TestCase@12f4d4f3]" classname="com.dotcms.rendering.velocity.viewtools.content.util.ContentUtilsTest" time="4.289"/>
  <testcase name="testPullRelated[10: com.dotcms.rendering.velocity.viewtools.content.util.ContentUtilsTest$TestCase@4feb9dd8]" classname="com.dotcms.rendering.velocity.viewtools.content.util.ContentUtilsTest" time="4.121"/>
  <testcase name="testPullRelated[11: com.dotcms.rendering.velocity.viewtools.content.util.ContentUtilsTest$TestCase@3ef42e5a]" classname="com.dotcms.rendering.velocity.viewtools.content.util.ContentUtilsTest" time="4.017"/>
  <testcase name="testPullRelated[12: com.dotcms.rendering.velocity.viewtools.content.util.ContentUtilsTest$TestCase@394a6a01]" classname="com.dotcms.rendering.velocity.viewtools.content.util.ContentUtilsTest" time="4.061"/>
  <testcase name="testPullRelated[13: com.dotcms.rendering.velocity.viewtools.content.util.ContentUtilsTest$TestCase@d2d7297]" classname="com.dotcms.rendering.velocity.viewtools.content.util.ContentUtilsTest" time="3.79"/>
  <testcase name="testPullRelated[14: com.dotcms.rendering.velocity.viewtools.content.util.ContentUtilsTest$TestCase@1e3b2bb7]" classname="com.dotcms.rendering.velocity.viewtools.content.util.ContentUtilsTest" time="3.155"/>
  <testcase name="testPullRelated[15: com.dotcms.rendering.velocity.viewtools.content.util.ContentUtilsTest$TestCase@1a250d4]" classname="com.dotcms.rendering.velocity.viewtools.content.util.ContentUtilsTest" time="3.947"/>
  <testcase name="testPullRelated[16: com.dotcms.rendering.velocity.viewtools.content.util.ContentUtilsTest$TestCase@6bd22883]" classname="com.dotcms.rendering.velocity.viewtools.content.util.ContentUtilsTest" time="4.04"/>
  <testcase name="testPullRelated[17: com.dotcms.rendering.velocity.viewtools.content.util.ContentUtilsTest$TestCase@d0d56a4]" classname="com.dotcms.rendering.velocity.viewtools.content.util.ContentUtilsTest" time="4.028"/>
  <testcase name="testPullRelated[18: com.dotcms.rendering.velocity.viewtools.content.util.ContentUtilsTest$TestCase@4aaca221]" classname="com.dotcms.rendering.velocity.viewtools.content.util.ContentUtilsTest" time="3.153"/>
  <testcase name="testPullRelated[19: com.dotcms.rendering.velocity.viewtools.content.util.ContentUtilsTest$TestCase@599b6f50]" classname="com.dotcms.rendering.velocity.viewtools.content.util.ContentUtilsTest" time="3.965"/>
  <testcase name="testPullRelated[20: com.dotcms.rendering.velocity.viewtools.content.util.ContentUtilsTest$TestCase@23f7d2d0]" classname="com.dotcms.rendering.velocity.viewtools.content.util.ContentUtilsTest" time="4.018"/>
  <testcase name="testPullRelated[21: com.dotcms.rendering.velocity.viewtools.content.util.ContentUtilsTest$TestCase@4428187c]" classname="com.dotcms.rendering.velocity.viewtools.content.util.ContentUtilsTest" time="4.201"/>
  <testcase name="testPullRelated[22: com.dotcms.rendering.velocity.viewtools.content.util.ContentUtilsTest$TestCase@6b3a0772]" classname="com.dotcms.rendering.velocity.viewtools.content.util.ContentUtilsTest" time="3.076"/>
  <testcase name="testPullRelated[23: com.dotcms.rendering.velocity.viewtools.content.util.ContentUtilsTest$TestCase@69d914aa]" classname="com.dotcms.rendering.velocity.viewtools.content.util.ContentUtilsTest" time="2.971"/>
  <testcase name="testPullRelated[24: com.dotcms.rendering.velocity.viewtools.content.util.ContentUtilsTest$TestCase@74253a13]" classname="com.dotcms.rendering.velocity.viewtools.content.util.ContentUtilsTest" time="3.98"/>
  <testcase name="testPullRelated[25: com.dotcms.rendering.velocity.viewtools.content.util.ContentUtilsTest$TestCase@70ca2713]" classname="com.dotcms.rendering.velocity.viewtools.content.util.ContentUtilsTest" time="4.104"/>
  <testcase name="testPullRelated[26: com.dotcms.rendering.velocity.viewtools.content.util.ContentUtilsTest$TestCase@4bf0bfef]" classname="com.dotcms.rendering.velocity.viewtools.content.util.ContentUtilsTest" time="3.02"/>
  <testcase name="testPullRelated[27: com.dotcms.rendering.velocity.viewtools.content.util.ContentUtilsTest$TestCase@6aad8e7f]" classname="com.dotcms.rendering.velocity.viewtools.content.util.ContentUtilsTest" time="4.152"/>
  <testcase name="testPullRelated[28: com.dotcms.rendering.velocity.viewtools.content.util.ContentUtilsTest$TestCase@3705d49b]" classname="com.dotcms.rendering.velocity.viewtools.content.util.ContentUtilsTest" time="3.845"/>
  <testcase name="testPullRelated[29: com.dotcms.rendering.velocity.viewtools.content.util.ContentUtilsTest$TestCase@16d69fd7]" classname="com.dotcms.rendering.velocity.viewtools.content.util.ContentUtilsTest" time="4.12"/>
  <testcase name="testPullRelated[30: com.dotcms.rendering.velocity.viewtools.content.util.ContentUtilsTest$TestCase@58175525]" classname="com.dotcms.rendering.velocity.viewtools.content.util.ContentUtilsTest" time="3.996"/>
  <testcase name="testPullRelated[31: com.dotcms.rendering.velocity.viewtools.content.util.ContentUtilsTest$TestCase@5ecfe62e]" classname="com.dotcms.rendering.velocity.viewtools.content.util.ContentUtilsTest" time="3.196"/>
  <testcase name="testPullRelated[32: com.dotcms.rendering.velocity.viewtools.content.util.ContentUtilsTest$TestCase@47775060]" classname="com.dotcms.rendering.velocity.viewtools.content.util.ContentUtilsTest" time="3.98"/>
  <testcase name="testPullRelated[33: com.dotcms.rendering.velocity.viewtools.content.util.ContentUtilsTest$TestCase@65fd477e]" classname="com.dotcms.rendering.velocity.viewtools.content.util.ContentUtilsTest" time="3.951"/>
  <testcase name="testPullRelated[34: com.dotcms.rendering.velocity.viewtools.content.util.ContentUtilsTest$TestCase@7218899]" classname="com.dotcms.rendering.velocity.viewtools.content.util.ContentUtilsTest" time="4.232"/>
  <testcase name="testPullRelated[35: com.dotcms.rendering.velocity.viewtools.content.util.ContentUtilsTest$TestCase@267ee0c5]" classname="com.dotcms.rendering.velocity.viewtools.content.util.ContentUtilsTest" time="2.963"/>
  <testcase name="testPullRelated[36: com.dotcms.rendering.velocity.viewtools.content.util.ContentUtilsTest$TestCase@5bf7503a]" classname="com.dotcms.rendering.velocity.viewtools.content.util.ContentUtilsTest" time="6.286"/>
  <testcase name="testPullRelated[37: com.dotcms.rendering.velocity.viewtools.content.util.ContentUtilsTest$TestCase@54be3a8d]" classname="com.dotcms.rendering.velocity.viewtools.content.util.ContentUtilsTest" time="5.819"/>
  <testcase name="testPullRelated[38: com.dotcms.rendering.velocity.viewtools.content.util.ContentUtilsTest$TestCase@5fd015c3]" classname="com.dotcms.rendering.velocity.viewtools.content.util.ContentUtilsTest" time="6.215"/>
  <testcase name="testPullRelated[39: com.dotcms.rendering.velocity.viewtools.content.util.ContentUtilsTest$TestCase@ef9ae34]" classname="com.dotcms.rendering.velocity.viewtools.content.util.ContentUtilsTest" time="6.068"/>
  <testcase name="testPullRelated[40: com.dotcms.rendering.velocity.viewtools.content.util.ContentUtilsTest$TestCase@6fee5951]" classname="com.dotcms.rendering.velocity.viewtools.content.util.ContentUtilsTest" time="4.985"/>
  <testcase name="testPullRelated[41: com.dotcms.rendering.velocity.viewtools.content.util.ContentUtilsTest$TestCase@4a216c73]" classname="com.dotcms.rendering.velocity.viewtools.content.util.ContentUtilsTest" time="5.912"/>
  <testcase name="testPullRelated[42: com.dotcms.rendering.velocity.viewtools.content.util.ContentUtilsTest$TestCase@158006f9]" classname="com.dotcms.rendering.velocity.viewtools.content.util.ContentUtilsTest" time="6.417"/>
  <testcase name="testPullRelated[43: com.dotcms.rendering.velocity.viewtools.content.util.ContentUtilsTest$TestCase@56cb8273]" classname="com.dotcms.rendering.velocity.viewtools.content.util.ContentUtilsTest" time="6.088"/>
  <testcase name="testPullRelated[44: com.dotcms.rendering.velocity.viewtools.content.util.ContentUtilsTest$TestCase@4bf26d2a]" classname="com.dotcms.rendering.velocity.viewtools.content.util.ContentUtilsTest" time="5.902"/>
  <testcase name="testPullRelated[45: com.dotcms.rendering.velocity.viewtools.content.util.ContentUtilsTest$TestCase@a71c2d3]" classname="com.dotcms.rendering.velocity.viewtools.content.util.ContentUtilsTest" time="6.109"/>
  <testcase name="testPullRelated[46: com.dotcms.rendering.velocity.viewtools.content.util.ContentUtilsTest$TestCase@1fd3baaa]" classname="com.dotcms.rendering.velocity.viewtools.content.util.ContentUtilsTest" time="5.295"/>
  <testcase name="testPullRelated[47: com.dotcms.rendering.velocity.viewtools.content.util.ContentUtilsTest$TestCase@15817b39]" classname="com.dotcms.rendering.velocity.viewtools.content.util.ContentUtilsTest" time="5.852"/>
  <testcase name="testPullRelated[48: com.dotcms.rendering.velocity.viewtools.content.util.ContentUtilsTest$TestCase@4d42cf9e]" classname="com.dotcms.rendering.velocity.viewtools.content.util.ContentUtilsTest" time="6.159"/>
  <testcase name="testPullRelated[49: com.dotcms.rendering.velocity.viewtools.content.util.ContentUtilsTest$TestCase@49a1ebbf]" classname="com.dotcms.rendering.velocity.viewtools.content.util.ContentUtilsTest" time="5.991"/>
  <testcase name="testPullRelated[50: com.dotcms.rendering.velocity.viewtools.content.util.ContentUtilsTest$TestCase@4b250ecb]" classname="com.dotcms.rendering.velocity.viewtools.content.util.ContentUtilsTest" time="6.103"/>
  <testcase name="testPullRelated[51: com.dotcms.rendering.velocity.viewtools.content.util.ContentUtilsTest$TestCase@55e3fc25]" classname="com.dotcms.rendering.velocity.viewtools.content.util.ContentUtilsTest" time="6.048"/>
  <testcase name="testPullRelated[52: com.dotcms.rendering.velocity.viewtools.content.util.ContentUtilsTest$TestCase@e06f738]" classname="com.dotcms.rendering.velocity.viewtools.content.util.ContentUtilsTest" time="5.08"/>
  <testcase name="testPullRelated[53: com.dotcms.rendering.velocity.viewtools.content.util.ContentUtilsTest$TestCase@48bc0954]" classname="com.dotcms.rendering.velocity.viewtools.content.util.ContentUtilsTest" time="5.924"/>
  <testcase name="testPullRelated[54: com.dotcms.rendering.velocity.viewtools.content.util.ContentUtilsTest$TestCase@2b0c15de]" classname="com.dotcms.rendering.velocity.viewtools.content.util.ContentUtilsTest" time="6.48"/>
  <testcase name="testPullRelated[55: com.dotcms.rendering.velocity.viewtools.content.util.ContentUtilsTest$TestCase@6144c64e]" classname="com.dotcms.rendering.velocity.viewtools.content.util.ContentUtilsTest" time="6.011"/>
  <testcase name="testPullRelated[56: com.dotcms.rendering.velocity.viewtools.content.util.ContentUtilsTest$TestCase@58424269]" classname="com.dotcms.rendering.velocity.viewtools.content.util.ContentUtilsTest" time="5.866"/>
  <testcase name="testPullRelated[57: com.dotcms.rendering.velocity.viewtools.content.util.ContentUtilsTest$TestCase@709c069c]" classname="com.dotcms.rendering.velocity.viewtools.content.util.ContentUtilsTest" time="6.062"/>
  <testcase name="testPullRelated[58: com.dotcms.rendering.velocity.viewtools.content.util.ContentUtilsTest$TestCase@3b755fb4]" classname="com.dotcms.rendering.velocity.viewtools.content.util.ContentUtilsTest" time="6.308"/>
  <testcase name="testPullRelated[59: com.dotcms.rendering.velocity.viewtools.content.util.ContentUtilsTest$TestCase@7c448822]" classname="com.dotcms.rendering.velocity.viewtools.content.util.ContentUtilsTest" time="6.008"/>
  <testcase name="testPullRelated[60: com.dotcms.rendering.velocity.viewtools.content.util.ContentUtilsTest$TestCase@36dfccc9]" classname="com.dotcms.rendering.velocity.viewtools.content.util.ContentUtilsTest" time="5.982"/>
  <testcase name="testPullRelated[61: com.dotcms.rendering.velocity.viewtools.content.util.ContentUtilsTest$TestCase@26678468]" classname="com.dotcms.rendering.velocity.viewtools.content.util.ContentUtilsTest" time="6.091"/>
  <testcase name="testPullRelated[62: com.dotcms.rendering.velocity.viewtools.content.util.ContentUtilsTest$TestCase@37fef7ef]" classname="com.dotcms.rendering.velocity.viewtools.content.util.ContentUtilsTest" time="6.186"/>
  <testcase name="testPullRelated[63: com.dotcms.rendering.velocity.viewtools.content.util.ContentUtilsTest$TestCase@6f236caa]" classname="com.dotcms.rendering.velocity.viewtools.content.util.ContentUtilsTest" time="5.982"/>
  <testcase name="testPullRelated[64: com.dotcms.rendering.velocity.viewtools.content.util.ContentUtilsTest$TestCase@27524c03]" classname="com.dotcms.rendering.velocity.viewtools.content.util.ContentUtilsTest" time="6.11"/>
  <testcase name="testPullRelated[65: com.dotcms.rendering.velocity.viewtools.content.util.ContentUtilsTest$TestCase@3d0cc845]" classname="com.dotcms.rendering.velocity.viewtools.content.util.ContentUtilsTest" time="4.857"/>
  <testcase name="testPullRelated[66: com.dotcms.rendering.velocity.viewtools.content.util.ContentUtilsTest$TestCase@7d8d0184]" classname="com.dotcms.rendering.velocity.viewtools.content.util.ContentUtilsTest" time="6.251"/>
  <testcase name="testPullRelated[67: com.dotcms.rendering.velocity.viewtools.content.util.ContentUtilsTest$TestCase@93f64a3]" classname="com.dotcms.rendering.velocity.viewtools.content.util.ContentUtilsTest" time="6.177"/>
  <testcase name="testPullRelated[68: com.dotcms.rendering.velocity.viewtools.content.util.ContentUtilsTest$TestCase@3cb803d3]" classname="com.dotcms.rendering.velocity.viewtools.content.util.ContentUtilsTest" time="6.038"/>
  <testcase name="testPullRelated[69: com.dotcms.rendering.velocity.viewtools.content.util.ContentUtilsTest$TestCase@67adbae1]" classname="com.dotcms.rendering.velocity.viewtools.content.util.ContentUtilsTest" time="5.873"/>
  <testcase name="testPullRelated[70: com.dotcms.rendering.velocity.viewtools.content.util.ContentUtilsTest$TestCase@72b906b1]" classname="com.dotcms.rendering.velocity.viewtools.content.util.ContentUtilsTest" time="6.156"/>
  <testcase name="testPullRelated[71: com.dotcms.rendering.velocity.viewtools.content.util.ContentUtilsTest$TestCase@516e39]" classname="com.dotcms.rendering.velocity.viewtools.content.util.ContentUtilsTest" time="5.299"/>
  <testcase name="whenPublishAndExpireDatesAreInTheFutureAndTimeMachineIsAfterBoth" classname="com.dotcms.rendering.velocity.viewtools.content.util.ContentUtilsTest" time="3.086"/>
  <testcase name="testPullRelatedForLegacyRelationship[0: com.dotcms.rendering.velocity.viewtools.content.util.ContentUtilsTest$LegacyTestCase@7c8b437b]" classname="com.dotcms.rendering.velocity.viewtools.content.util.ContentUtilsTest" time="4.362"/>
  <testcase name="testPullRelatedForLegacyRelationship[1: com.dotcms.rendering.velocity.viewtools.content.util.ContentUtilsTest$LegacyTestCase@767b94b9]" classname="com.dotcms.rendering.velocity.viewtools.content.util.ContentUtilsTest" time="4.144"/>
  <testcase name="whenTheTimeMachineDateIsAfterTomorrowAndExpireDateIsTomorrowShouldNotReturnContent" classname="com.dotcms.rendering.velocity.viewtools.content.util.ContentUtilsTest" time="3.088"/>
  <testcase name="testPullLiveRelatedWhenLatestVersionIsWorking" classname="com.dotcms.rendering.velocity.viewtools.content.util.ContentUtilsTest" time="3.602"/>
  <testcase name="test_add_relationships_on_parent_children_related_contents" classname="com.dotcms.rendering.velocity.viewtools.content.util.ContentUtilsTest" time="1.666"/>
  <testcase name="testSortPullRelated[0: com.dotcms.rendering.velocity.viewtools.content.util.ContentUtilsTest$SortTestCase@4c4d9849]" classname="com.dotcms.rendering.velocity.viewtools.content.util.ContentUtilsTest" time="2.649"/>
  <testcase name="testSortPullRelated[1: com.dotcms.rendering.velocity.viewtools.content.util.ContentUtilsTest$SortTestCase@4766075f]" classname="com.dotcms.rendering.velocity.viewtools.content.util.ContentUtilsTest" time="2.929"/>
  <testcase name="testSortPullRelated[2: com.dotcms.rendering.velocity.viewtools.content.util.ContentUtilsTest$SortTestCase@61501453]" classname="com.dotcms.rendering.velocity.viewtools.content.util.ContentUtilsTest" time="2.739"/>
  <testcase name="testSortPullRelated[3: com.dotcms.rendering.velocity.viewtools.content.util.ContentUtilsTest$SortTestCase@4b249a9c]" classname="com.dotcms.rendering.velocity.viewtools.content.util.ContentUtilsTest" time="2.745"/>
  <testcase name="testSortPullRelated[4: com.dotcms.rendering.velocity.viewtools.content.util.ContentUtilsTest$SortTestCase@6b0bdc61]" classname="com.dotcms.rendering.velocity.viewtools.content.util.ContentUtilsTest" time="2.41"/>
  <testcase name="testSortPullRelated[5: com.dotcms.rendering.velocity.viewtools.content.util.ContentUtilsTest$SortTestCase@1ca072a0]" classname="com.dotcms.rendering.velocity.viewtools.content.util.ContentUtilsTest" time="2.664"/>
  <testcase name="whenTheTimeMachineDateIsAfterTomorrowAndExpireDateIsInFutureShouldReturnContent" classname="com.dotcms.rendering.velocity.viewtools.content.util.ContentUtilsTest" time="3.076"/>
  <testcase name="testPullRelatedFieldShouldRespectDefaultOrder" classname="com.dotcms.rendering.velocity.viewtools.content.util.ContentUtilsTest" time="2.328"/>
  <system-out><![CDATA[]]></system-out>
  <system-err><![CDATA[]]></system-err>
</testsuite>
