<?xml version="1.0" encoding="UTF-8"?>
<testsuite name="com.dotmarketing.servlets.ajax.AjaxDirectorServletIntegrationTest" tests="2" skipped="0" failures="0" errors="0" timestamp="2023-06-23T22:02:07" hostname="fv-az551-628" time="3.075">
  <properties/>
  <testcase name="testService[0: com.dotmarketing.servlets.ajax.AjaxDirectorServletTestCase@2e1db91]" classname="com.dotmarketing.servlets.ajax.AjaxDirectorServletIntegrationTest" time="1.119"/>
  <testcase name="testService[1: com.dotmarketing.servlets.ajax.AjaxDirectorServletTestCase@267a8362]" classname="com.dotmarketing.servlets.ajax.AjaxDirectorServletIntegrationTest" time="1.956"/>
  <system-out><![CDATA[]]></system-out>
  <system-err><![CDATA[]]></system-err>
</testsuite>
