<?xml version="1.0" encoding="UTF-8"?>
<testsuite name="com.dotmarketing.portlets.structure.model.ContentletRelationshipsTest" tests="7" skipped="0" failures="0" errors="0" timestamp="2023-07-19T06:55:26" hostname="fv-az1231-779" time="7.462">
  <properties/>
  <testcase name="testDoesAllowOnlyOne[0: com.dotmarketing.portlets.structure.model.ContentletRelationshipsTest$CardinalityTestCase@3d7eb641]" classname="com.dotmarketing.portlets.structure.model.ContentletRelationshipsTest" time="0.425"/>
  <testcase name="testDoesAllowOnlyOne[1: com.dotmarketing.portlets.structure.model.ContentletRelationshipsTest$CardinalityTestCase@36c3dd86]" classname="com.dotmarketing.portlets.structure.model.ContentletRelationshipsTest" time="0.423"/>
  <testcase name="testDoesAllowOnlyOne[2: com.dotmarketing.portlets.structure.model.ContentletRelationshipsTest$CardinalityTestCase@65c4155c]" classname="com.dotmarketing.portlets.structure.model.ContentletRelationshipsTest" time="0.423"/>
  <testcase name="testGetRelationshipRecords[0: com.dotmarketing.portlets.structure.model.ContentletRelationshipsTest$TestCase@738fa9a5]" classname="com.dotmarketing.portlets.structure.model.ContentletRelationshipsTest" time="0.894"/>
  <testcase name="testGetRelationshipRecords[1: com.dotmarketing.portlets.structure.model.ContentletRelationshipsTest$TestCase@3b8bd52b]" classname="com.dotmarketing.portlets.structure.model.ContentletRelationshipsTest" time="1.858"/>
  <testcase name="testGetRelationshipRecords[2: com.dotmarketing.portlets.structure.model.ContentletRelationshipsTest$TestCase@130c0031]" classname="com.dotmarketing.portlets.structure.model.ContentletRelationshipsTest" time="1.726"/>
  <testcase name="testGetRelationshipRecords[3: com.dotmarketing.portlets.structure.model.ContentletRelationshipsTest$TestCase@56a799f9]" classname="com.dotmarketing.portlets.structure.model.ContentletRelationshipsTest" time="1.713"/>
  <system-out><![CDATA[]]></system-out>
  <system-err><![CDATA[]]></system-err>
</testsuite>
