<?xml version="1.0" encoding="UTF-8"?>
<testsuite name="com.dotmarketing.portlets.structure.model.ContentletRelationshipsTest" tests="7" skipped="0" failures="0" errors="0" timestamp="2023-07-20T00:28:07" hostname="fv-az341-447" time="9.786">
  <properties/>
  <testcase name="testDoesAllowOnlyOne[0: com.dotmarketing.portlets.structure.model.ContentletRelationshipsTest$CardinalityTestCase@7681be8e]" classname="com.dotmarketing.portlets.structure.model.ContentletRelationshipsTest" time="0.511"/>
  <testcase name="testDoesAllowOnlyOne[1: com.dotmarketing.portlets.structure.model.ContentletRelationshipsTest$CardinalityTestCase@4a0d4f49]" classname="com.dotmarketing.portlets.structure.model.ContentletRelationshipsTest" time="0.541"/>
  <testcase name="testDoesAllowOnlyOne[2: com.dotmarketing.portlets.structure.model.ContentletRelationshipsTest$CardinalityTestCase@153cdd46]" classname="com.dotmarketing.portlets.structure.model.ContentletRelationshipsTest" time="0.516"/>
  <testcase name="testGetRelationshipRecords[0: com.dotmarketing.portlets.structure.model.ContentletRelationshipsTest$TestCase@36442871]" classname="com.dotmarketing.portlets.structure.model.ContentletRelationshipsTest" time="2.156"/>
  <testcase name="testGetRelationshipRecords[1: com.dotmarketing.portlets.structure.model.ContentletRelationshipsTest$TestCase@4d4a85f9]" classname="com.dotmarketing.portlets.structure.model.ContentletRelationshipsTest" time="2.088"/>
  <testcase name="testGetRelationshipRecords[2: com.dotmarketing.portlets.structure.model.ContentletRelationshipsTest$TestCase@6d9dec1e]" classname="com.dotmarketing.portlets.structure.model.ContentletRelationshipsTest" time="2.05"/>
  <testcase name="testGetRelationshipRecords[3: com.dotmarketing.portlets.structure.model.ContentletRelationshipsTest$TestCase@1e38da06]" classname="com.dotmarketing.portlets.structure.model.ContentletRelationshipsTest" time="1.921"/>
  <system-out><![CDATA[]]></system-out>
  <system-err><![CDATA[]]></system-err>
</testsuite>
