<?xml version="1.0" encoding="UTF-8"?>
<testsuite name="com.dotmarketing.business.DeterministicIdentifierAPITest" tests="16" skipped="0" failures="0" errors="0" timestamp="2023-06-30T21:08:41" hostname="fv-az338-938" time="1.419">
  <properties/>
  <testcase name="Test_Category_Path_Seed_And_Id" classname="com.dotmarketing.business.DeterministicIdentifierAPITest" time="0.024"/>
  <testcase name="Test_Language_Deterministic_Id[0: LanguageTestCase{expectedSeed='Language:es:US', expectedHash=4913155, langCode='es', countryCode='US', country='United States'}]" classname="com.dotmarketing.business.DeterministicIdentifierAPITest" time="0.001"/>
  <testcase name="Test_Language_Deterministic_Id[1: LanguageTestCase{expectedSeed='Language:ep:', expectedHash=5292269, langCode='ep', countryCode='', country=''}]" classname="com.dotmarketing.business.DeterministicIdentifierAPITest" time="0.001"/>
  <testcase name="Test_Language_Deterministic_Id[2: LanguageTestCase{expectedSeed='Language:sg:SAG', expectedHash=4713118, langCode='sg', countryCode='SAG', country=''}]" classname="com.dotmarketing.business.DeterministicIdentifierAPITest" time="0.001"/>
  <testcase name="Test_Language_Deterministic_Id[3: LanguageTestCase{expectedSeed='Language:en:NZ', expectedHash=5382528, langCode='en', countryCode='NZ', country='New Zealand'}]" classname="com.dotmarketing.business.DeterministicIdentifierAPITest" time="0.001"/>
  <testcase name="Test_Category_None_Persisted_Category_Should_Return_Deterministic_Id" classname="com.dotmarketing.business.DeterministicIdentifierAPITest" time="0.001"/>
  <testcase name="Test_Asset_Generate_Deterministic_Id_Best_Effort[0: TestCase{versionable=my.host1688158934007.com, parent=System Host, expectedName='my.host1688158934007.com', expectedType='Host'}]" classname="com.dotmarketing.business.DeterministicIdentifierAPITest" time="0.003"/>
  <testcase name="Test_Asset_Generate_Deterministic_Id_Best_Effort[1: TestCase{versionable=com.dotmarketing.portlets.contentlet.model.Contentlet@2e9b50a0[map={modDate=2023-06-30 21:02:14.771, fileName=file10146802884787151091.txt, title=file10146802884787151091.txt, inode=bad8aa34-04dc-4cd8-ae87-a140a54c9735, __IS_NEW_CONTENT__=true, disabledWYSIWYG=[], host=b214fe09-8d13-4044-b985-d24118beaa29, stInode=33888b6f-7a8e-4069-b1b6-5c1aa9d0a48d, owner=system, identifier=53e232bd-4afe-4155-a832-4c755e985279, nullProperties=[wfExpireDate, wfPublishDate, wfActionAssign, wfActionId, wfActionComments, filterKey, whereToSend, wfNeverExpire, _path_to_move, timezoneId, iWantTo, wfPublishTime, wfExpireTime], languageId=1, fileAsset=/home/runner/work/core/custom/assets/b/a/bad8aa34-04dc-4cd8-ae87-a140a54c9735/fileAsset/file10146802884787151091.txt, folder=92a9be8f-0dda-4290-83ad-7763e8b29558, __disable_workflow__=true, sortOrder=0, modUser=system},lowIndexPriority=false,variantId=DEFAULT], parent=com.dotmarketing.portlets.folders.model.Folder@57169968[identifier=92a9be8f-0dda-4290-83ad-7763e8b29558,name=testName1688158934764,sortOrder=0,showOnMenu=false,hostId=b214fe09-8d13-4044-b985-d24118beaa29,type=folder,title=testTitle1688158934764,filesMasks=,defaultFileType=33888b6f-7a8e-4069-b1b6-5c1aa9d0a48d,modDate=2023-06-30 21:02:14.767,owner=&lt;null&gt;,iDate=2023-06-30 21:02:14.767,inode=92a9be8f-0dda-4290-83ad-7763e8b29558,path=/testName1688158934764/], expectedName='file10146802884787151091.txt', expectedType='FileAsset'}]" classname="com.dotmarketing.business.DeterministicIdentifierAPITest" time="0.004"/>
  <testcase name="Test_Asset_Generate_Deterministic_Id_Best_Effort[2: TestCase{versionable=com.dotmarketing.portlets.templates.model.Template@3bc12ac0, parent=my.host1688158934007.com, expectedName='testTitle1688158934868', expectedType='Template'}]" classname="com.dotmarketing.business.DeterministicIdentifierAPITest" time="0.002"/>
  <testcase name="Test_Asset_Generate_Deterministic_Id_Best_Effort[3: TestCase{versionable=com.dotmarketing.portlets.htmlpageasset.model.HTMLPageAsset@72e28b2[map={template=fc450e00-c7f5-446a-97c9-a78bf17a4a79, owner=system, identifier=40bfb6ae-cfc3-4ae0-8b92-30e932659b3b, nullProperties=[wfExpireDate, wfPublishDate, wfActionAssign, wfActionId, wfActionComments, filterKey, whereToSend, wfNeverExpire, _path_to_move, timezoneId, iWantTo, wfPublishTime, wfExpireTime], modDate=2023-06-30 21:02:14.887, cachettl=0, _is_test_mode=true, languageId=1, title=test-page-title-1688158934882, httpsreq=, url=test-page-url-1688158934882, showOnMenu=, inode=29b8ce34-a3dd-4399-9add-1c7aa7f7e6c5, folder=92a9be8f-0dda-4290-83ad-7763e8b29558, disabledWYSIWYG=[], sortOrder=1, modUser=system, host=b214fe09-8d13-4044-b985-d24118beaa29, stInode=c541abb1-69b3-4bc5-8430-5e09e5239cc8, friendlyName=test-page-friendly-name-1688158934882},lowIndexPriority=false,variantId=DEFAULT], parent=com.dotmarketing.portlets.folders.model.Folder@57169968[identifier=92a9be8f-0dda-4290-83ad-7763e8b29558,name=testName1688158934764,sortOrder=0,showOnMenu=false,hostId=b214fe09-8d13-4044-b985-d24118beaa29,type=folder,title=testTitle1688158934764,filesMasks=,defaultFileType=33888b6f-7a8e-4069-b1b6-5c1aa9d0a48d,modDate=2023-06-30 21:02:14.767,owner=&lt;null&gt;,iDate=2023-06-30 21:02:14.767,inode=92a9be8f-0dda-4290-83ad-7763e8b29558,path=/testName1688158934764/], expectedName='test-page-url-1688158934882', expectedType='htmlpageasset'}]" classname="com.dotmarketing.business.DeterministicIdentifierAPITest" time="0.003"/>
  <testcase name="Test_Asset_Generate_Deterministic_Id_Best_Effort[4: TestCase{versionable=com.dotmarketing.portlets.contentlet.model.Contentlet@5152adf8[map={fileAsset2=/home/runner/work/core/custom/assets/d/c/dc5a430a-e615-4aef-a542-7ef551f5cd44/fileAsset2/test_binary1688158935726.png, modDate=2023-06-30 21:02:15.731, fileAsset1=/home/runner/work/core/custom/assets/d/c/dc5a430a-e615-4aef-a542-7ef551f5cd44/fileAsset1/test_binary1688158935726.jpg, title=blah, inode=dc5a430a-e615-4aef-a542-7ef551f5cd44, __IS_NEW_CONTENT__=true, disabledWYSIWYG=[], host=48190c8c-42c4-46af-8d1a-0cd5db894797, stInode=b6f0dc61-6b38-45ea-b9b1-0a29b056ecd0, owner=system, identifier=51e6f9b2-6f9b-46fe-a670-cfea540fe83d, nullProperties=[], languageId=1, image1=0015d726-3b47-4b75-85fc-380bce87f211, folder=SYSTEM_FOLDER, __disable_workflow__=true, sortOrder=0, modUser=system},lowIndexPriority=false,variantId=DEFAULT], parent=demo.dotcms.com, expectedName='test_binary1688158935726.jpg:test_binary1688158935726.png', expectedType='MultipleBinaries1688158935013'}]" classname="com.dotmarketing.business.DeterministicIdentifierAPITest" time="0.003"/>
  <testcase name="Test_Asset_Generate_Deterministic_Id_Best_Effort[5: TestCase{versionable=name31a6068e82 : keyTag31a6068e82, parent=my.host1688158934007.com, expectedName='keyTag31a6068e82', expectedType='persona'}]" classname="com.dotmarketing.business.DeterministicIdentifierAPITest" time="0.003"/>
  <testcase name="Test_Similar_Content_Type_Wont_Clash" classname="com.dotmarketing.business.DeterministicIdentifierAPITest" time="0.497"/>
  <testcase name="Test_Generate_Folder_Identifier" classname="com.dotmarketing.business.DeterministicIdentifierAPITest" time="0.86"/>
  <testcase name="Test_Generate_Content_Type_Identifier[0: ContentTypeTestCase{contentType=KeyValueContentType{name=Language Variable, id=f4d7c1b8-2c88-4071-abf1-a5328977b07d, description=Default Content Type for Language Variables, defaultType=false, fixed=true, iDate=Thu Aug 31 16:38:49 UTC 2017, system=true, versionable=true, variable=Languagevariable, modDate=Fri Jun 30 19:58:30 UTC 2023, host=SYSTEM_HOST, siteName=systemHost, icon=language, sortOrder=0, folder=SYSTEM_FOLDER, folderPath=/, markedForDeletion=true, multilingualable=false}, expectedName='Languagevariable', expectedType='KeyValue'}]" classname="com.dotmarketing.business.DeterministicIdentifierAPITest" time="0.005"/>
  <testcase name="Test_Generate_Content_Type_Identifier[1: ContentTypeTestCase{contentType=SimpleContentType{name=testName1688158936143, id=6ec28b33-931c-47bd-a311-5e87edf8df98, description=testDescription1688158936143, defaultType=false, fixed=false, iDate=Fri Jun 30 21:02:16 UTC 2023, system=false, versionable=true, multilingualable=false, variable=testVarname1688158936143, owner=system, modDate=Fri Jun 30 21:02:17 UTC 2023, host=48190c8c-42c4-46af-8d1a-0cd5db894797, siteName=demo.dotcms.com, icon=event_note, sortOrder=0, folder=SYSTEM_FOLDER, folderPath=/, requiredFields=[], markedForDeletion=false}, expectedName='testVarname1688158936143', expectedType='CONTENT'}]" classname="com.dotmarketing.business.DeterministicIdentifierAPITest" time="0.004"/>
  <system-out><![CDATA[]]></system-out>
  <system-err><![CDATA[]]></system-err>
</testsuite>
