<?xml version="1.0" encoding="UTF-8"?>
<testsuite name="com.dotmarketing.util.contentlet.pagination.PaginatedContentletsIntegrationTest" tests="5" skipped="0" failures="0" errors="0" timestamp="2023-07-20T20:23:22" hostname="fv-az408-124" time="10.172">
  <properties/>
  <testcase name="remove" classname="com.dotmarketing.util.contentlet.pagination.PaginatedContentletsIntegrationTest" time="2.068"/>
  <testcase name="getContentletWithNone" classname="com.dotmarketing.util.contentlet.pagination.PaginatedContentletsIntegrationTest" time="1.999"/>
  <testcase name="getContentletWithoutReallyPagination" classname="com.dotmarketing.util.contentlet.pagination.PaginatedContentletsIntegrationTest" time="2.05"/>
  <testcase name="getContentletWithReallyPagination" classname="com.dotmarketing.util.contentlet.pagination.PaginatedContentletsIntegrationTest" time="2.117"/>
  <testcase name="getContentletWithReallyPaginationAndMock" classname="com.dotmarketing.util.contentlet.pagination.PaginatedContentletsIntegrationTest" time="1.937"/>
  <system-out><![CDATA[]]></system-out>
  <system-err><![CDATA[]]></system-err>
</testsuite>
