<?xml version="1.0" encoding="UTF-8"?>
<testsuite name="com.dotmarketing.servlets.ajax.AjaxDirectorServletIntegrationTest" tests="2" skipped="0" failures="0" errors="0" timestamp="2023-06-29T22:06:14" hostname="fv-az216-434" time="5.553">
  <properties/>
  <testcase name="testService[0: com.dotmarketing.servlets.ajax.AjaxDirectorServletTestCase@17aed47d]" classname="com.dotmarketing.servlets.ajax.AjaxDirectorServletIntegrationTest" time="2.845"/>
  <testcase name="testService[1: com.dotmarketing.servlets.ajax.AjaxDirectorServletTestCase@12782f64]" classname="com.dotmarketing.servlets.ajax.AjaxDirectorServletIntegrationTest" time="2.708"/>
  <system-out><![CDATA[]]></system-out>
  <system-err><![CDATA[]]></system-err>
</testsuite>
