<?xml version="1.0" encoding="UTF-8"?>
<testsuite name="com.dotcms.rest.TagResourceIntegrationTest" tests="4" skipped="0" failures="0" errors="0" timestamp="2023-06-21T17:48:57" hostname="fv-az454-705" time="0.391">
  <properties/>
  <testcase name="testList[0: com.dotcms.rest.TagResourceTestCase@5f0e9449]" classname="com.dotcms.rest.TagResourceIntegrationTest" time="0.294"/>
  <testcase name="testList[1: com.dotcms.rest.TagResourceTestCase@4a97d672]" classname="com.dotcms.rest.TagResourceIntegrationTest" time="0.028"/>
  <testcase name="testList[2: com.dotcms.rest.TagResourceTestCase@36b4b2b2]" classname="com.dotcms.rest.TagResourceIntegrationTest" time="0.032"/>
  <testcase name="testList[3: com.dotcms.rest.TagResourceTestCase@5b0ef2d9]" classname="com.dotcms.rest.TagResourceIntegrationTest" time="0.036"/>
  <system-out><![CDATA[]]></system-out>
  <system-err><![CDATA[Jun 21, 2023 5:48:57 PM com.dotcms.repackage.org.hibernate.validator.internal.util.Version <clinit>
INFO: HV000001: Hibernate Validator 4.3.2.Final
]]></system-err>
</testsuite>
