<?xml version="1.0" encoding="UTF-8"?>
<testsuite name="com.dotcms.content.business.ObjectMapperTest" tests="2" skipped="0" failures="0" errors="0" timestamp="2023-07-04T17:38:40" hostname="fv-az162-235" time="0.019">
  <properties/>
  <testcase name="TestJsonViews" classname="com.dotcms.content.business.ObjectMapperTest" time="0.018"/>
  <testcase name="TestJsonHtmlEscapingDisabledByDefault" classname="com.dotcms.content.business.ObjectMapperTest" time="0.001"/>
  <system-out><![CDATA[]]></system-out>
  <system-err><![CDATA[]]></system-err>
</testsuite>
