<?xml version="1.0" encoding="UTF-8"?>
<testsuite name="com.dotcms.rest.TagResourceIntegrationTest" tests="4" skipped="0" failures="0" errors="0" timestamp="2023-07-20T23:18:04" hostname="fv-az247-899" time="0.348">
  <properties/>
  <testcase name="testList[0: com.dotcms.rest.TagResourceTestCase@3a55319]" classname="com.dotcms.rest.TagResourceIntegrationTest" time="0.271"/>
  <testcase name="testList[1: com.dotcms.rest.TagResourceTestCase@1af9393a]" classname="com.dotcms.rest.TagResourceIntegrationTest" time="0.029"/>
  <testcase name="testList[2: com.dotcms.rest.TagResourceTestCase@7343be59]" classname="com.dotcms.rest.TagResourceIntegrationTest" time="0.022"/>
  <testcase name="testList[3: com.dotcms.rest.TagResourceTestCase@10ab7a2d]" classname="com.dotcms.rest.TagResourceIntegrationTest" time="0.025"/>
  <system-out><![CDATA[]]></system-out>
  <system-err><![CDATA[Jul 20, 2023 11:18:04 PM com.dotcms.repackage.org.hibernate.validator.internal.util.Version <clinit>
INFO: HV000001: Hibernate Validator 4.3.2.Final
]]></system-err>
</testsuite>
