<?xml version="1.0" encoding="UTF-8"?>
<testsuite name="com.dotcms.rendering.velocity.viewtools.content.util.ContentUtilsTest" tests="89" skipped="0" failures="0" errors="0" timestamp="2023-07-07T18:19:13" hostname="fv-az1131-394" time="447.098">
  <properties/>
  <testcase name="whenTheTimeMachineDateIsNullAndPublishDateInFutureShouldNotReturnAnything" classname="com.dotcms.rendering.velocity.viewtools.content.util.ContentUtilsTest" time="3.709"/>
  <testcase name="test_find_multilingual_contentlet_getContentletSuccessfully" classname="com.dotcms.rendering.velocity.viewtools.content.util.ContentUtilsTest" time="1.468"/>
  <testcase name="whenTheTimeMachineDateAndPublishDateAreTomorrowShouldReturnOneContent" classname="com.dotcms.rendering.velocity.viewtools.content.util.ContentUtilsTest" time="3.886"/>
  <testcase name="testPullRelated[0: com.dotcms.rendering.velocity.viewtools.content.util.ContentUtilsTest$TestCase@19579c06]" classname="com.dotcms.rendering.velocity.viewtools.content.util.ContentUtilsTest" time="4.046"/>
  <testcase name="testPullRelated[1: com.dotcms.rendering.velocity.viewtools.content.util.ContentUtilsTest$TestCase@1cf65d1f]" classname="com.dotcms.rendering.velocity.viewtools.content.util.ContentUtilsTest" time="4.094"/>
  <testcase name="testPullRelated[2: com.dotcms.rendering.velocity.viewtools.content.util.ContentUtilsTest$TestCase@4ad59a56]" classname="com.dotcms.rendering.velocity.viewtools.content.util.ContentUtilsTest" time="3.407"/>
  <testcase name="testPullRelated[3: com.dotcms.rendering.velocity.viewtools.content.util.ContentUtilsTest$TestCase@6dbca676]" classname="com.dotcms.rendering.velocity.viewtools.content.util.ContentUtilsTest" time="4.926"/>
  <testcase name="testPullRelated[4: com.dotcms.rendering.velocity.viewtools.content.util.ContentUtilsTest$TestCase@48aeb06b]" classname="com.dotcms.rendering.velocity.viewtools.content.util.ContentUtilsTest" time="3.777"/>
  <testcase name="testPullRelated[5: com.dotcms.rendering.velocity.viewtools.content.util.ContentUtilsTest$TestCase@669e12c4]" classname="com.dotcms.rendering.velocity.viewtools.content.util.ContentUtilsTest" time="4.137"/>
  <testcase name="testPullRelated[6: com.dotcms.rendering.velocity.viewtools.content.util.ContentUtilsTest$TestCase@7f236b]" classname="com.dotcms.rendering.velocity.viewtools.content.util.ContentUtilsTest" time="4.325"/>
  <testcase name="testPullRelated[7: com.dotcms.rendering.velocity.viewtools.content.util.ContentUtilsTest$TestCase@878ba04]" classname="com.dotcms.rendering.velocity.viewtools.content.util.ContentUtilsTest" time="4.145"/>
  <testcase name="testPullRelated[8: com.dotcms.rendering.velocity.viewtools.content.util.ContentUtilsTest$TestCase@35e86e88]" classname="com.dotcms.rendering.velocity.viewtools.content.util.ContentUtilsTest" time="3.88"/>
  <testcase name="testPullRelated[9: com.dotcms.rendering.velocity.viewtools.content.util.ContentUtilsTest$TestCase@23f652c3]" classname="com.dotcms.rendering.velocity.viewtools.content.util.ContentUtilsTest" time="3.84"/>
  <testcase name="testPullRelated[10: com.dotcms.rendering.velocity.viewtools.content.util.ContentUtilsTest$TestCase@5a6b49ad]" classname="com.dotcms.rendering.velocity.viewtools.content.util.ContentUtilsTest" time="4.295"/>
  <testcase name="testPullRelated[11: com.dotcms.rendering.velocity.viewtools.content.util.ContentUtilsTest$TestCase@178e607e]" classname="com.dotcms.rendering.velocity.viewtools.content.util.ContentUtilsTest" time="4.265"/>
  <testcase name="testPullRelated[12: com.dotcms.rendering.velocity.viewtools.content.util.ContentUtilsTest$TestCase@6164c029]" classname="com.dotcms.rendering.velocity.viewtools.content.util.ContentUtilsTest" time="3.894"/>
  <testcase name="testPullRelated[13: com.dotcms.rendering.velocity.viewtools.content.util.ContentUtilsTest$TestCase@7095f68c]" classname="com.dotcms.rendering.velocity.viewtools.content.util.ContentUtilsTest" time="4.317"/>
  <testcase name="testPullRelated[14: com.dotcms.rendering.velocity.viewtools.content.util.ContentUtilsTest$TestCase@7033ff12]" classname="com.dotcms.rendering.velocity.viewtools.content.util.ContentUtilsTest" time="4.949"/>
  <testcase name="testPullRelated[15: com.dotcms.rendering.velocity.viewtools.content.util.ContentUtilsTest$TestCase@145afcfa]" classname="com.dotcms.rendering.velocity.viewtools.content.util.ContentUtilsTest" time="4.428"/>
  <testcase name="testPullRelated[16: com.dotcms.rendering.velocity.viewtools.content.util.ContentUtilsTest$TestCase@53f813d0]" classname="com.dotcms.rendering.velocity.viewtools.content.util.ContentUtilsTest" time="3.614"/>
  <testcase name="testPullRelated[17: com.dotcms.rendering.velocity.viewtools.content.util.ContentUtilsTest$TestCase@c06beb5]" classname="com.dotcms.rendering.velocity.viewtools.content.util.ContentUtilsTest" time="4.219"/>
  <testcase name="testPullRelated[18: com.dotcms.rendering.velocity.viewtools.content.util.ContentUtilsTest$TestCase@63a21b48]" classname="com.dotcms.rendering.velocity.viewtools.content.util.ContentUtilsTest" time="3.86"/>
  <testcase name="testPullRelated[19: com.dotcms.rendering.velocity.viewtools.content.util.ContentUtilsTest$TestCase@20dc86ea]" classname="com.dotcms.rendering.velocity.viewtools.content.util.ContentUtilsTest" time="4.195"/>
  <testcase name="testPullRelated[20: com.dotcms.rendering.velocity.viewtools.content.util.ContentUtilsTest$TestCase@33a967b2]" classname="com.dotcms.rendering.velocity.viewtools.content.util.ContentUtilsTest" time="4.083"/>
  <testcase name="testPullRelated[21: com.dotcms.rendering.velocity.viewtools.content.util.ContentUtilsTest$TestCase@a639464]" classname="com.dotcms.rendering.velocity.viewtools.content.util.ContentUtilsTest" time="3.909"/>
  <testcase name="testPullRelated[22: com.dotcms.rendering.velocity.viewtools.content.util.ContentUtilsTest$TestCase@7968a63b]" classname="com.dotcms.rendering.velocity.viewtools.content.util.ContentUtilsTest" time="4.339"/>
  <testcase name="testPullRelated[23: com.dotcms.rendering.velocity.viewtools.content.util.ContentUtilsTest$TestCase@3dc7842a]" classname="com.dotcms.rendering.velocity.viewtools.content.util.ContentUtilsTest" time="4.746"/>
  <testcase name="testPullRelated[24: com.dotcms.rendering.velocity.viewtools.content.util.ContentUtilsTest$TestCase@45abf0d7]" classname="com.dotcms.rendering.velocity.viewtools.content.util.ContentUtilsTest" time="4.179"/>
  <testcase name="testPullRelated[25: com.dotcms.rendering.velocity.viewtools.content.util.ContentUtilsTest$TestCase@53fd8cb2]" classname="com.dotcms.rendering.velocity.viewtools.content.util.ContentUtilsTest" time="4.03"/>
  <testcase name="testPullRelated[26: com.dotcms.rendering.velocity.viewtools.content.util.ContentUtilsTest$TestCase@6f18b188]" classname="com.dotcms.rendering.velocity.viewtools.content.util.ContentUtilsTest" time="4.141"/>
  <testcase name="testPullRelated[27: com.dotcms.rendering.velocity.viewtools.content.util.ContentUtilsTest$TestCase@6e7f8e95]" classname="com.dotcms.rendering.velocity.viewtools.content.util.ContentUtilsTest" time="4.279"/>
  <testcase name="testPullRelated[28: com.dotcms.rendering.velocity.viewtools.content.util.ContentUtilsTest$TestCase@7448f6c5]" classname="com.dotcms.rendering.velocity.viewtools.content.util.ContentUtilsTest" time="4.934"/>
  <testcase name="testPullRelated[29: com.dotcms.rendering.velocity.viewtools.content.util.ContentUtilsTest$TestCase@4bef6ce2]" classname="com.dotcms.rendering.velocity.viewtools.content.util.ContentUtilsTest" time="3.843"/>
  <testcase name="testPullRelated[30: com.dotcms.rendering.velocity.viewtools.content.util.ContentUtilsTest$TestCase@61d110e6]" classname="com.dotcms.rendering.velocity.viewtools.content.util.ContentUtilsTest" time="3.758"/>
  <testcase name="testPullRelated[31: com.dotcms.rendering.velocity.viewtools.content.util.ContentUtilsTest$TestCase@73c8316f]" classname="com.dotcms.rendering.velocity.viewtools.content.util.ContentUtilsTest" time="4.829"/>
  <testcase name="testPullRelated[32: com.dotcms.rendering.velocity.viewtools.content.util.ContentUtilsTest$TestCase@40851f0d]" classname="com.dotcms.rendering.velocity.viewtools.content.util.ContentUtilsTest" time="3.907"/>
  <testcase name="testPullRelated[33: com.dotcms.rendering.velocity.viewtools.content.util.ContentUtilsTest$TestCase@70bdf383]" classname="com.dotcms.rendering.velocity.viewtools.content.util.ContentUtilsTest" time="4.314"/>
  <testcase name="testPullRelated[34: com.dotcms.rendering.velocity.viewtools.content.util.ContentUtilsTest$TestCase@19028b52]" classname="com.dotcms.rendering.velocity.viewtools.content.util.ContentUtilsTest" time="5.032"/>
  <testcase name="testPullRelated[35: com.dotcms.rendering.velocity.viewtools.content.util.ContentUtilsTest$TestCase@2b739254]" classname="com.dotcms.rendering.velocity.viewtools.content.util.ContentUtilsTest" time="4.0"/>
  <testcase name="testPullRelated[36: com.dotcms.rendering.velocity.viewtools.content.util.ContentUtilsTest$TestCase@43e68d40]" classname="com.dotcms.rendering.velocity.viewtools.content.util.ContentUtilsTest" time="6.247"/>
  <testcase name="testPullRelated[37: com.dotcms.rendering.velocity.viewtools.content.util.ContentUtilsTest$TestCase@5c584f54]" classname="com.dotcms.rendering.velocity.viewtools.content.util.ContentUtilsTest" time="6.758"/>
  <testcase name="testPullRelated[38: com.dotcms.rendering.velocity.viewtools.content.util.ContentUtilsTest$TestCase@518d1796]" classname="com.dotcms.rendering.velocity.viewtools.content.util.ContentUtilsTest" time="5.646"/>
  <testcase name="testPullRelated[39: com.dotcms.rendering.velocity.viewtools.content.util.ContentUtilsTest$TestCase@665bcec1]" classname="com.dotcms.rendering.velocity.viewtools.content.util.ContentUtilsTest" time="7.14"/>
  <testcase name="testPullRelated[40: com.dotcms.rendering.velocity.viewtools.content.util.ContentUtilsTest$TestCase@11a0c3c7]" classname="com.dotcms.rendering.velocity.viewtools.content.util.ContentUtilsTest" time="7.009"/>
  <testcase name="testPullRelated[41: com.dotcms.rendering.velocity.viewtools.content.util.ContentUtilsTest$TestCase@f9c0c48]" classname="com.dotcms.rendering.velocity.viewtools.content.util.ContentUtilsTest" time="7.156"/>
  <testcase name="testPullRelated[42: com.dotcms.rendering.velocity.viewtools.content.util.ContentUtilsTest$TestCase@36949b8a]" classname="com.dotcms.rendering.velocity.viewtools.content.util.ContentUtilsTest" time="7.056"/>
  <testcase name="testPullRelated[43: com.dotcms.rendering.velocity.viewtools.content.util.ContentUtilsTest$TestCase@e01765f]" classname="com.dotcms.rendering.velocity.viewtools.content.util.ContentUtilsTest" time="6.713"/>
  <testcase name="testPullRelated[44: com.dotcms.rendering.velocity.viewtools.content.util.ContentUtilsTest$TestCase@19a822a3]" classname="com.dotcms.rendering.velocity.viewtools.content.util.ContentUtilsTest" time="6.783"/>
  <testcase name="testPullRelated[45: com.dotcms.rendering.velocity.viewtools.content.util.ContentUtilsTest$TestCase@76b98392]" classname="com.dotcms.rendering.velocity.viewtools.content.util.ContentUtilsTest" time="6.94"/>
  <testcase name="testPullRelated[46: com.dotcms.rendering.velocity.viewtools.content.util.ContentUtilsTest$TestCase@64630e04]" classname="com.dotcms.rendering.velocity.viewtools.content.util.ContentUtilsTest" time="7.523"/>
  <testcase name="testPullRelated[47: com.dotcms.rendering.velocity.viewtools.content.util.ContentUtilsTest$TestCase@61552f59]" classname="com.dotcms.rendering.velocity.viewtools.content.util.ContentUtilsTest" time="7.056"/>
  <testcase name="testPullRelated[48: com.dotcms.rendering.velocity.viewtools.content.util.ContentUtilsTest$TestCase@3930a4ea]" classname="com.dotcms.rendering.velocity.viewtools.content.util.ContentUtilsTest" time="5.959"/>
  <testcase name="testPullRelated[49: com.dotcms.rendering.velocity.viewtools.content.util.ContentUtilsTest$TestCase@32f054d]" classname="com.dotcms.rendering.velocity.viewtools.content.util.ContentUtilsTest" time="6.914"/>
  <testcase name="testPullRelated[50: com.dotcms.rendering.velocity.viewtools.content.util.ContentUtilsTest$TestCase@7fc03802]" classname="com.dotcms.rendering.velocity.viewtools.content.util.ContentUtilsTest" time="6.448"/>
  <testcase name="testPullRelated[51: com.dotcms.rendering.velocity.viewtools.content.util.ContentUtilsTest$TestCase@3727ef44]" classname="com.dotcms.rendering.velocity.viewtools.content.util.ContentUtilsTest" time="6.907"/>
  <testcase name="testPullRelated[52: com.dotcms.rendering.velocity.viewtools.content.util.ContentUtilsTest$TestCase@b0c0abe]" classname="com.dotcms.rendering.velocity.viewtools.content.util.ContentUtilsTest" time="6.806"/>
  <testcase name="testPullRelated[53: com.dotcms.rendering.velocity.viewtools.content.util.ContentUtilsTest$TestCase@707263ff]" classname="com.dotcms.rendering.velocity.viewtools.content.util.ContentUtilsTest" time="6.469"/>
  <testcase name="testPullRelated[54: com.dotcms.rendering.velocity.viewtools.content.util.ContentUtilsTest$TestCase@e8c45db]" classname="com.dotcms.rendering.velocity.viewtools.content.util.ContentUtilsTest" time="6.179"/>
  <testcase name="testPullRelated[55: com.dotcms.rendering.velocity.viewtools.content.util.ContentUtilsTest$TestCase@6d9c681]" classname="com.dotcms.rendering.velocity.viewtools.content.util.ContentUtilsTest" time="6.067"/>
  <testcase name="testPullRelated[56: com.dotcms.rendering.velocity.viewtools.content.util.ContentUtilsTest$TestCase@6deb751e]" classname="com.dotcms.rendering.velocity.viewtools.content.util.ContentUtilsTest" time="5.362"/>
  <testcase name="testPullRelated[57: com.dotcms.rendering.velocity.viewtools.content.util.ContentUtilsTest$TestCase@e659ec7]" classname="com.dotcms.rendering.velocity.viewtools.content.util.ContentUtilsTest" time="6.195"/>
  <testcase name="testPullRelated[58: com.dotcms.rendering.velocity.viewtools.content.util.ContentUtilsTest$TestCase@622ba04d]" classname="com.dotcms.rendering.velocity.viewtools.content.util.ContentUtilsTest" time="6.26"/>
  <testcase name="testPullRelated[59: com.dotcms.rendering.velocity.viewtools.content.util.ContentUtilsTest$TestCase@2a8e9f47]" classname="com.dotcms.rendering.velocity.viewtools.content.util.ContentUtilsTest" time="7.119"/>
  <testcase name="testPullRelated[60: com.dotcms.rendering.velocity.viewtools.content.util.ContentUtilsTest$TestCase@1c7b4c8d]" classname="com.dotcms.rendering.velocity.viewtools.content.util.ContentUtilsTest" time="7.256"/>
  <testcase name="testPullRelated[61: com.dotcms.rendering.velocity.viewtools.content.util.ContentUtilsTest$TestCase@3eca7a63]" classname="com.dotcms.rendering.velocity.viewtools.content.util.ContentUtilsTest" time="6.823"/>
  <testcase name="testPullRelated[62: com.dotcms.rendering.velocity.viewtools.content.util.ContentUtilsTest$TestCase@15c9c3f]" classname="com.dotcms.rendering.velocity.viewtools.content.util.ContentUtilsTest" time="6.101"/>
  <testcase name="testPullRelated[63: com.dotcms.rendering.velocity.viewtools.content.util.ContentUtilsTest$TestCase@5ff65ff4]" classname="com.dotcms.rendering.velocity.viewtools.content.util.ContentUtilsTest" time="7.317"/>
  <testcase name="testPullRelated[64: com.dotcms.rendering.velocity.viewtools.content.util.ContentUtilsTest$TestCase@192f6fa3]" classname="com.dotcms.rendering.velocity.viewtools.content.util.ContentUtilsTest" time="7.161"/>
  <testcase name="testPullRelated[65: com.dotcms.rendering.velocity.viewtools.content.util.ContentUtilsTest$TestCase@745b0787]" classname="com.dotcms.rendering.velocity.viewtools.content.util.ContentUtilsTest" time="7.019"/>
  <testcase name="testPullRelated[66: com.dotcms.rendering.velocity.viewtools.content.util.ContentUtilsTest$TestCase@1183c057]" classname="com.dotcms.rendering.velocity.viewtools.content.util.ContentUtilsTest" time="6.015"/>
  <testcase name="testPullRelated[67: com.dotcms.rendering.velocity.viewtools.content.util.ContentUtilsTest$TestCase@7c67246c]" classname="com.dotcms.rendering.velocity.viewtools.content.util.ContentUtilsTest" time="5.355"/>
  <testcase name="testPullRelated[68: com.dotcms.rendering.velocity.viewtools.content.util.ContentUtilsTest$TestCase@1ed70e34]" classname="com.dotcms.rendering.velocity.viewtools.content.util.ContentUtilsTest" time="6.148"/>
  <testcase name="testPullRelated[69: com.dotcms.rendering.velocity.viewtools.content.util.ContentUtilsTest$TestCase@329c4556]" classname="com.dotcms.rendering.velocity.viewtools.content.util.ContentUtilsTest" time="6.79"/>
  <testcase name="testPullRelated[70: com.dotcms.rendering.velocity.viewtools.content.util.ContentUtilsTest$TestCase@3d92aa2a]" classname="com.dotcms.rendering.velocity.viewtools.content.util.ContentUtilsTest" time="6.535"/>
  <testcase name="testPullRelated[71: com.dotcms.rendering.velocity.viewtools.content.util.ContentUtilsTest$TestCase@7893adb0]" classname="com.dotcms.rendering.velocity.viewtools.content.util.ContentUtilsTest" time="6.104"/>
  <testcase name="whenPublishAndExpireDatesAreInTheFutureAndTimeMachineIsAfterBoth" classname="com.dotcms.rendering.velocity.viewtools.content.util.ContentUtilsTest" time="4.088"/>
  <testcase name="testPullRelatedForLegacyRelationship[0: com.dotcms.rendering.velocity.viewtools.content.util.ContentUtilsTest$LegacyTestCase@5e13aa38]" classname="com.dotcms.rendering.velocity.viewtools.content.util.ContentUtilsTest" time="3.364"/>
  <testcase name="testPullRelatedForLegacyRelationship[1: com.dotcms.rendering.velocity.viewtools.content.util.ContentUtilsTest$LegacyTestCase@ef5e259]" classname="com.dotcms.rendering.velocity.viewtools.content.util.ContentUtilsTest" time="4.183"/>
  <testcase name="whenTheTimeMachineDateIsAfterTomorrowAndExpireDateIsTomorrowShouldNotReturnContent" classname="com.dotcms.rendering.velocity.viewtools.content.util.ContentUtilsTest" time="4.077"/>
  <testcase name="testPullLiveRelatedWhenLatestVersionIsWorking" classname="com.dotcms.rendering.velocity.viewtools.content.util.ContentUtilsTest" time="5.228"/>
  <testcase name="test_add_relationships_on_parent_children_related_contents" classname="com.dotcms.rendering.velocity.viewtools.content.util.ContentUtilsTest" time="1.737"/>
  <testcase name="testSortPullRelated[0: com.dotcms.rendering.velocity.viewtools.content.util.ContentUtilsTest$SortTestCase@269eda57]" classname="com.dotcms.rendering.velocity.viewtools.content.util.ContentUtilsTest" time="3.49"/>
  <testcase name="testSortPullRelated[1: com.dotcms.rendering.velocity.viewtools.content.util.ContentUtilsTest$SortTestCase@43851d19]" classname="com.dotcms.rendering.velocity.viewtools.content.util.ContentUtilsTest" time="2.62"/>
  <testcase name="testSortPullRelated[2: com.dotcms.rendering.velocity.viewtools.content.util.ContentUtilsTest$SortTestCase@43d3b]" classname="com.dotcms.rendering.velocity.viewtools.content.util.ContentUtilsTest" time="2.652"/>
  <testcase name="testSortPullRelated[3: com.dotcms.rendering.velocity.viewtools.content.util.ContentUtilsTest$SortTestCase@2142e048]" classname="com.dotcms.rendering.velocity.viewtools.content.util.ContentUtilsTest" time="3.796"/>
  <testcase name="testSortPullRelated[4: com.dotcms.rendering.velocity.viewtools.content.util.ContentUtilsTest$SortTestCase@715eca55]" classname="com.dotcms.rendering.velocity.viewtools.content.util.ContentUtilsTest" time="3.475"/>
  <testcase name="testSortPullRelated[5: com.dotcms.rendering.velocity.viewtools.content.util.ContentUtilsTest$SortTestCase@1a587cb2]" classname="com.dotcms.rendering.velocity.viewtools.content.util.ContentUtilsTest" time="3.897"/>
  <testcase name="whenTheTimeMachineDateIsAfterTomorrowAndExpireDateIsInFutureShouldReturnContent" classname="com.dotcms.rendering.velocity.viewtools.content.util.ContentUtilsTest" time="3.97"/>
  <testcase name="testPullRelatedFieldShouldRespectDefaultOrder" classname="com.dotcms.rendering.velocity.viewtools.content.util.ContentUtilsTest" time="3.163"/>
  <system-out><![CDATA[]]></system-out>
  <system-err><![CDATA[]]></system-err>
</testsuite>
