<?xml version="1.0" encoding="UTF-8"?>
<testsuite name="com.dotmarketing.startup.runonce.Task230713IncreaseDisabledWysiwygColumnSizeTest" tests="1" skipped="0" failures="0" errors="0" timestamp="2023-07-21T18:52:50" hostname="fv-az454-899" time="0.042">
  <properties/>
  <testcase name="executeTaskUpgrade" classname="com.dotmarketing.startup.runonce.Task230713IncreaseDisabledWysiwygColumnSizeTest" time="0.042"/>
  <system-out><![CDATA[]]></system-out>
  <system-err><![CDATA[]]></system-err>
</testsuite>
