<?xml version="1.0" encoding="UTF-8"?>
<testsuite name="com.dotmarketing.business.DeterministicIdentifierAPITest" tests="16" skipped="0" failures="0" errors="0" timestamp="2023-07-18T01:48:15" hostname="fv-az1128-367" time="0.836">
  <properties/>
  <testcase name="Test_Category_Path_Seed_And_Id" classname="com.dotmarketing.business.DeterministicIdentifierAPITest" time="0.019"/>
  <testcase name="Test_Language_Deterministic_Id[0: LanguageTestCase{expectedSeed='Language:es:US', expectedHash=4913155, langCode='es', countryCode='US', country='United States'}]" classname="com.dotmarketing.business.DeterministicIdentifierAPITest" time="0.001"/>
  <testcase name="Test_Language_Deterministic_Id[1: LanguageTestCase{expectedSeed='Language:ep:', expectedHash=5292269, langCode='ep', countryCode='', country=''}]" classname="com.dotmarketing.business.DeterministicIdentifierAPITest" time="0.001"/>
  <testcase name="Test_Language_Deterministic_Id[2: LanguageTestCase{expectedSeed='Language:sg:SAG', expectedHash=4713118, langCode='sg', countryCode='SAG', country=''}]" classname="com.dotmarketing.business.DeterministicIdentifierAPITest" time="0.001"/>
  <testcase name="Test_Language_Deterministic_Id[3: LanguageTestCase{expectedSeed='Language:en:NZ', expectedHash=5382528, langCode='en', countryCode='NZ', country='New Zealand'}]" classname="com.dotmarketing.business.DeterministicIdentifierAPITest" time="0.001"/>
  <testcase name="Test_Category_None_Persisted_Category_Should_Return_Deterministic_Id" classname="com.dotmarketing.business.DeterministicIdentifierAPITest" time="0.001"/>
  <testcase name="Test_Asset_Generate_Deterministic_Id_Best_Effort[0: TestCase{versionable=my.host1689644514398.com, parent=System Host, expectedName='my.host1689644514398.com', expectedType='Host'}]" classname="com.dotmarketing.business.DeterministicIdentifierAPITest" time="0.003"/>
  <testcase name="Test_Asset_Generate_Deterministic_Id_Best_Effort[1: TestCase{versionable=com.dotmarketing.portlets.contentlet.model.Contentlet@a7bb4b8[map={modDate=2023-07-18 01:41:55.239, fileName=file7393944172627149122.txt, title=file7393944172627149122.txt, inode=b49387f0-796a-4de0-8f6f-6528b44768a5, __IS_NEW_CONTENT__=true, disabledWYSIWYG=[], host=656d4cf6-0d66-43a6-bd00-082c56cc3e07, stInode=33888b6f-7a8e-4069-b1b6-5c1aa9d0a48d, owner=system, identifier=e1162e7d-5e3e-43c9-a5f3-943d9027a3ab, nullProperties=[wfExpireDate, wfPublishDate, wfActionAssign, wfActionId, wfActionComments, filterKey, whereToSend, wfNeverExpire, _path_to_move, timezoneId, iWantTo, wfPublishTime, wfExpireTime], languageId=1, fileAsset=/home/runner/work/core/custom/assets/b/4/b49387f0-796a-4de0-8f6f-6528b44768a5/fileAsset/file7393944172627149122.txt, folder=03759f61-35da-4c1e-a020-655fd6e27901, __disable_workflow__=true, sortOrder=0, modUser=system},lowIndexPriority=false,variantId=DEFAULT], parent=com.dotmarketing.portlets.folders.model.Folder@31e3d6ae[identifier=03759f61-35da-4c1e-a020-655fd6e27901,name=testName1689644515233,sortOrder=0,showOnMenu=false,hostId=656d4cf6-0d66-43a6-bd00-082c56cc3e07,type=folder,title=testTitle1689644515233,filesMasks=,defaultFileType=33888b6f-7a8e-4069-b1b6-5c1aa9d0a48d,modDate=2023-07-18 01:41:55.235,owner=&lt;null&gt;,iDate=2023-07-18 01:41:55.235,inode=03759f61-35da-4c1e-a020-655fd6e27901,path=/testName1689644515233/], expectedName='file7393944172627149122.txt', expectedType='FileAsset'}]" classname="com.dotmarketing.business.DeterministicIdentifierAPITest" time="0.003"/>
  <testcase name="Test_Asset_Generate_Deterministic_Id_Best_Effort[2: TestCase{versionable=com.dotmarketing.portlets.templates.model.Template@641043f6, parent=my.host1689644514398.com, expectedName='testTitle1689644515330', expectedType='Template'}]" classname="com.dotmarketing.business.DeterministicIdentifierAPITest" time="0.002"/>
  <testcase name="Test_Asset_Generate_Deterministic_Id_Best_Effort[3: TestCase{versionable=com.dotmarketing.portlets.htmlpageasset.model.HTMLPageAsset@28cc00cb[map={template=60907f5f-b6f0-4602-85dd-5ab03ec10b6b, owner=system, identifier=0c864137-9076-4112-8644-0367c5380472, nullProperties=[wfExpireDate, wfPublishDate, wfActionAssign, wfActionId, wfActionComments, filterKey, whereToSend, wfNeverExpire, _path_to_move, timezoneId, iWantTo, wfPublishTime, wfExpireTime], modDate=2023-07-18 01:41:55.343, cachettl=0, _is_test_mode=true, languageId=1, title=test-page-title-1689644515339, httpsreq=, url=test-page-url-1689644515339, showOnMenu=, inode=0a659950-febd-4515-9a33-86b863fe6749, folder=03759f61-35da-4c1e-a020-655fd6e27901, disabledWYSIWYG=[], sortOrder=1, modUser=system, host=656d4cf6-0d66-43a6-bd00-082c56cc3e07, stInode=c541abb1-69b3-4bc5-8430-5e09e5239cc8, friendlyName=test-page-friendly-name-1689644515339},lowIndexPriority=false,variantId=DEFAULT], parent=com.dotmarketing.portlets.folders.model.Folder@31e3d6ae[identifier=03759f61-35da-4c1e-a020-655fd6e27901,name=testName1689644515233,sortOrder=0,showOnMenu=false,hostId=656d4cf6-0d66-43a6-bd00-082c56cc3e07,type=folder,title=testTitle1689644515233,filesMasks=,defaultFileType=33888b6f-7a8e-4069-b1b6-5c1aa9d0a48d,modDate=2023-07-18 01:41:55.235,owner=&lt;null&gt;,iDate=2023-07-18 01:41:55.235,inode=03759f61-35da-4c1e-a020-655fd6e27901,path=/testName1689644515233/], expectedName='test-page-url-1689644515339', expectedType='htmlpageasset'}]" classname="com.dotmarketing.business.DeterministicIdentifierAPITest" time="0.002"/>
  <testcase name="Test_Asset_Generate_Deterministic_Id_Best_Effort[4: TestCase{versionable=com.dotmarketing.portlets.contentlet.model.Contentlet@767e99c9[map={fileAsset2=/home/runner/work/core/custom/assets/a/c/ac8764a7-637e-4a11-a3e5-fb98dd9e4551/fileAsset2/test_binary1689644516219.png, modDate=2023-07-18 01:41:56.223, fileAsset1=/home/runner/work/core/custom/assets/a/c/ac8764a7-637e-4a11-a3e5-fb98dd9e4551/fileAsset1/test_binary1689644516219.jpg, title=blah, inode=ac8764a7-637e-4a11-a3e5-fb98dd9e4551, __IS_NEW_CONTENT__=true, disabledWYSIWYG=[], host=48190c8c-42c4-46af-8d1a-0cd5db894797, stInode=5c2b6013-f980-4138-b96a-217666b2fca1, owner=system, identifier=5df319d9-77d9-4095-a418-5aaced9b0e72, nullProperties=[], languageId=1, image1=c0adff82-db11-4d54-a01b-9f064dfd3a37, folder=SYSTEM_FOLDER, __disable_workflow__=true, sortOrder=0, modUser=system},lowIndexPriority=false,variantId=DEFAULT], parent=demo.dotcms.com, expectedName='test_binary1689644516219.jpg:test_binary1689644516219.png', expectedType='MultipleBinaries1689644515594'}]" classname="com.dotmarketing.business.DeterministicIdentifierAPITest" time="0.003"/>
  <testcase name="Test_Asset_Generate_Deterministic_Id_Best_Effort[5: TestCase{versionable=name0ab84cf488 : keyTag0ab84cf488, parent=my.host1689644514398.com, expectedName='keyTag0ab84cf488', expectedType='persona'}]" classname="com.dotmarketing.business.DeterministicIdentifierAPITest" time="0.002"/>
  <testcase name="Test_Similar_Content_Type_Wont_Clash" classname="com.dotmarketing.business.DeterministicIdentifierAPITest" time="0.43"/>
  <testcase name="Test_Generate_Folder_Identifier" classname="com.dotmarketing.business.DeterministicIdentifierAPITest" time="0.358"/>
  <testcase name="Test_Generate_Content_Type_Identifier[0: ContentTypeTestCase{contentType=KeyValueContentType{name=Language Variable, id=f4d7c1b8-2c88-4071-abf1-a5328977b07d, description=Default Content Type for Language Variables, defaultType=false, fixed=true, iDate=Thu Aug 31 16:38:49 UTC 2017, system=true, versionable=true, variable=Languagevariable, modDate=Tue Jul 18 00:40:06 UTC 2023, host=SYSTEM_HOST, siteName=systemHost, icon=language, sortOrder=0, folder=SYSTEM_FOLDER, folderPath=/, markedForDeletion=true, multilingualable=false}, expectedName='Languagevariable', expectedType='KeyValue'}]" classname="com.dotmarketing.business.DeterministicIdentifierAPITest" time="0.004"/>
  <testcase name="Test_Generate_Content_Type_Identifier[1: ContentTypeTestCase{contentType=SimpleContentType{name=testName1689644516538, id=aea55644-a80e-42a5-a678-dea6f7fefab4, description=testDescription1689644516538, defaultType=false, fixed=false, iDate=Tue Jul 18 01:41:56 UTC 2023, system=false, versionable=true, multilingualable=false, variable=testVarname1689644516538, owner=system, modDate=Tue Jul 18 01:41:57 UTC 2023, host=48190c8c-42c4-46af-8d1a-0cd5db894797, siteName=demo.dotcms.com, icon=event_note, sortOrder=0, folder=SYSTEM_FOLDER, folderPath=/, requiredFields=[], markedForDeletion=false}, expectedName='testVarname1689644516538', expectedType='CONTENT'}]" classname="com.dotmarketing.business.DeterministicIdentifierAPITest" time="0.003"/>
  <system-out><![CDATA[]]></system-out>
  <system-err><![CDATA[]]></system-err>
</testsuite>
