<?xml version="1.0" encoding="UTF-8"?>
<testsuite name="com.dotmarketing.business.DeterministicIdentifierAPITest" tests="16" skipped="0" failures="0" errors="0" timestamp="2023-07-07T19:35:47" hostname="fv-az1131-394" time="1.378">
  <properties/>
  <testcase name="Test_Category_Path_Seed_And_Id" classname="com.dotmarketing.business.DeterministicIdentifierAPITest" time="0.032"/>
  <testcase name="Test_Language_Deterministic_Id[0: LanguageTestCase{expectedSeed='Language:es:US', expectedHash=4913155, langCode='es', countryCode='US', country='United States'}]" classname="com.dotmarketing.business.DeterministicIdentifierAPITest" time="0.002"/>
  <testcase name="Test_Language_Deterministic_Id[1: LanguageTestCase{expectedSeed='Language:ep:', expectedHash=5292269, langCode='ep', countryCode='', country=''}]" classname="com.dotmarketing.business.DeterministicIdentifierAPITest" time="0.001"/>
  <testcase name="Test_Language_Deterministic_Id[2: LanguageTestCase{expectedSeed='Language:sg:SAG', expectedHash=4713118, langCode='sg', countryCode='SAG', country=''}]" classname="com.dotmarketing.business.DeterministicIdentifierAPITest" time="0.001"/>
  <testcase name="Test_Language_Deterministic_Id[3: LanguageTestCase{expectedSeed='Language:en:NZ', expectedHash=5382528, langCode='en', countryCode='NZ', country='New Zealand'}]" classname="com.dotmarketing.business.DeterministicIdentifierAPITest" time="0.002"/>
  <testcase name="Test_Category_None_Persisted_Category_Should_Return_Deterministic_Id" classname="com.dotmarketing.business.DeterministicIdentifierAPITest" time="0.002"/>
  <testcase name="Test_Asset_Generate_Deterministic_Id_Best_Effort[0: TestCase{versionable=my.host1688758083880.com, parent=System Host, expectedName='my.host1688758083880.com', expectedType='Host'}]" classname="com.dotmarketing.business.DeterministicIdentifierAPITest" time="0.005"/>
  <testcase name="Test_Asset_Generate_Deterministic_Id_Best_Effort[1: TestCase{versionable=com.dotmarketing.portlets.contentlet.model.Contentlet@65801dd7[map={modDate=2023-07-07 19:28:04.288, fileName=file7582691222362661933.txt, title=file7582691222362661933.txt, inode=221428e1-0238-4bd4-9ee3-e9c6de74a130, __IS_NEW_CONTENT__=true, disabledWYSIWYG=[], host=de94c74c-3ee9-43a8-8911-141828d695a9, stInode=33888b6f-7a8e-4069-b1b6-5c1aa9d0a48d, owner=system, identifier=ad2ba960-75b6-4416-a56c-4c50fd324e3c, nullProperties=[wfExpireDate, wfPublishDate, wfActionAssign, wfActionId, wfActionComments, filterKey, whereToSend, wfNeverExpire, _path_to_move, timezoneId, iWantTo, wfPublishTime, wfExpireTime], languageId=1, fileAsset=/home/runner/work/core/custom/assets/2/2/221428e1-0238-4bd4-9ee3-e9c6de74a130/fileAsset/file7582691222362661933.txt, folder=dc7a92ee-5d10-4e1c-987e-ae907793b971, __disable_workflow__=true, sortOrder=0, modUser=system},lowIndexPriority=false,variantId=DEFAULT], parent=com.dotmarketing.portlets.folders.model.Folder@1d6a8e53[identifier=dc7a92ee-5d10-4e1c-987e-ae907793b971,name=testName1688758084278,sortOrder=0,showOnMenu=false,hostId=de94c74c-3ee9-43a8-8911-141828d695a9,type=folder,title=testTitle1688758084278,filesMasks=,defaultFileType=33888b6f-7a8e-4069-b1b6-5c1aa9d0a48d,modDate=2023-07-07 19:28:04.282,owner=&lt;null&gt;,iDate=2023-07-07 19:28:04.282,inode=dc7a92ee-5d10-4e1c-987e-ae907793b971,path=/testName1688758084278/], expectedName='file7582691222362661933.txt', expectedType='FileAsset'}]" classname="com.dotmarketing.business.DeterministicIdentifierAPITest" time="0.006"/>
  <testcase name="Test_Asset_Generate_Deterministic_Id_Best_Effort[2: TestCase{versionable=com.dotmarketing.portlets.templates.model.Template@60413c37, parent=my.host1688758083880.com, expectedName='testTitle1688758084431', expectedType='Template'}]" classname="com.dotmarketing.business.DeterministicIdentifierAPITest" time="0.004"/>
  <testcase name="Test_Asset_Generate_Deterministic_Id_Best_Effort[3: TestCase{versionable=com.dotmarketing.portlets.htmlpageasset.model.HTMLPageAsset@22a6966b[map={template=dca393e6-7ee9-408e-9f87-316848526d69, owner=system, identifier=e7d90be0-65a5-4bf3-ab71-9cd5caa14353, nullProperties=[wfExpireDate, wfPublishDate, wfActionAssign, wfActionId, wfActionComments, filterKey, whereToSend, wfNeverExpire, _path_to_move, timezoneId, iWantTo, wfPublishTime, wfExpireTime], modDate=2023-07-07 19:28:04.453, cachettl=0, _is_test_mode=true, languageId=1, title=test-page-title-1688758084448, httpsreq=, url=test-page-url-1688758084448, showOnMenu=, inode=fdbbbd01-3ab5-43b4-84d1-d4e3b1de316c, folder=dc7a92ee-5d10-4e1c-987e-ae907793b971, disabledWYSIWYG=[], sortOrder=1, modUser=system, host=de94c74c-3ee9-43a8-8911-141828d695a9, stInode=c541abb1-69b3-4bc5-8430-5e09e5239cc8, friendlyName=test-page-friendly-name-1688758084448},lowIndexPriority=false,variantId=DEFAULT], parent=com.dotmarketing.portlets.folders.model.Folder@1d6a8e53[identifier=dc7a92ee-5d10-4e1c-987e-ae907793b971,name=testName1688758084278,sortOrder=0,showOnMenu=false,hostId=de94c74c-3ee9-43a8-8911-141828d695a9,type=folder,title=testTitle1688758084278,filesMasks=,defaultFileType=33888b6f-7a8e-4069-b1b6-5c1aa9d0a48d,modDate=2023-07-07 19:28:04.282,owner=&lt;null&gt;,iDate=2023-07-07 19:28:04.282,inode=dc7a92ee-5d10-4e1c-987e-ae907793b971,path=/testName1688758084278/], expectedName='test-page-url-1688758084448', expectedType='htmlpageasset'}]" classname="com.dotmarketing.business.DeterministicIdentifierAPITest" time="0.004"/>
  <testcase name="Test_Asset_Generate_Deterministic_Id_Best_Effort[4: TestCase{versionable=com.dotmarketing.portlets.contentlet.model.Contentlet@7cabc479[map={fileAsset2=/home/runner/work/core/custom/assets/d/1/d1f35fec-5576-441c-85bc-fa9bccbeb071/fileAsset2/test_binary1688758086225.png, modDate=2023-07-07 19:28:06.233, fileAsset1=/home/runner/work/core/custom/assets/d/1/d1f35fec-5576-441c-85bc-fa9bccbeb071/fileAsset1/test_binary1688758086225.jpg, title=blah, inode=d1f35fec-5576-441c-85bc-fa9bccbeb071, __IS_NEW_CONTENT__=true, disabledWYSIWYG=[], host=48190c8c-42c4-46af-8d1a-0cd5db894797, stInode=8b4eb277-ad47-4aa8-baeb-87ddaad3de3b, owner=system, identifier=b4700767-83aa-40af-a912-b737bd0b05aa, nullProperties=[], languageId=1, image1=7802fe61-411f-4b30-8f3f-a0e37baa276c, folder=SYSTEM_FOLDER, __disable_workflow__=true, sortOrder=0, modUser=system},lowIndexPriority=false,variantId=DEFAULT], parent=demo.dotcms.com, expectedName='test_binary1688758086225.jpg:test_binary1688758086225.png', expectedType='MultipleBinaries1688758084707'}]" classname="com.dotmarketing.business.DeterministicIdentifierAPITest" time="0.005"/>
  <testcase name="Test_Asset_Generate_Deterministic_Id_Best_Effort[5: TestCase{versionable=name17641e8bf4 : keyTag17641e8bf4, parent=my.host1688758083880.com, expectedName='keyTag17641e8bf4', expectedType='persona'}]" classname="com.dotmarketing.business.DeterministicIdentifierAPITest" time="0.005"/>
  <testcase name="Test_Similar_Content_Type_Wont_Clash" classname="com.dotmarketing.business.DeterministicIdentifierAPITest" time="0.67"/>
  <testcase name="Test_Generate_Folder_Identifier" classname="com.dotmarketing.business.DeterministicIdentifierAPITest" time="0.613"/>
  <testcase name="Test_Generate_Content_Type_Identifier[0: ContentTypeTestCase{contentType=KeyValueContentType{name=Language Variable, id=f4d7c1b8-2c88-4071-abf1-a5328977b07d, description=Default Content Type for Language Variables, defaultType=false, fixed=true, iDate=Thu Aug 31 16:38:49 UTC 2017, system=true, versionable=true, variable=Languagevariable, modDate=Fri Jul 07 18:09:03 UTC 2023, host=SYSTEM_HOST, siteName=systemHost, icon=language, sortOrder=0, folder=SYSTEM_FOLDER, folderPath=/, markedForDeletion=true, multilingualable=false}, expectedName='Languagevariable', expectedType='KeyValue'}]" classname="com.dotmarketing.business.DeterministicIdentifierAPITest" time="0.007"/>
  <testcase name="Test_Generate_Content_Type_Identifier[1: ContentTypeTestCase{contentType=SimpleContentType{name=testName1688758086754, id=62224b99-74c7-4e1b-b090-870e018ab318, description=testDescription1688758086754, defaultType=false, fixed=false, iDate=Fri Jul 07 19:28:06 UTC 2023, system=false, versionable=true, multilingualable=false, variable=testVarname1688758086754, owner=system, modDate=Fri Jul 07 19:28:07 UTC 2023, host=48190c8c-42c4-46af-8d1a-0cd5db894797, siteName=demo.dotcms.com, icon=event_note, sortOrder=0, folder=SYSTEM_FOLDER, folderPath=/, requiredFields=[], markedForDeletion=false}, expectedName='testVarname1688758086754', expectedType='CONTENT'}]" classname="com.dotmarketing.business.DeterministicIdentifierAPITest" time="0.013"/>
  <system-out><![CDATA[]]></system-out>
  <system-err><![CDATA[]]></system-err>
</testsuite>
