<?xml version="1.0" encoding="UTF-8"?>
<testsuite name="com.dotmarketing.portlets.structure.model.ContentletRelationshipsTest" tests="7" skipped="0" failures="0" errors="0" timestamp="2023-07-22T01:05:15" hostname="fv-az735-229" time="8.175">
  <properties/>
  <testcase name="testDoesAllowOnlyOne[0: com.dotmarketing.portlets.structure.model.ContentletRelationshipsTest$CardinalityTestCase@5a29a6a7]" classname="com.dotmarketing.portlets.structure.model.ContentletRelationshipsTest" time="0.573"/>
  <testcase name="testDoesAllowOnlyOne[1: com.dotmarketing.portlets.structure.model.ContentletRelationshipsTest$CardinalityTestCase@2b03f609]" classname="com.dotmarketing.portlets.structure.model.ContentletRelationshipsTest" time="0.402"/>
  <testcase name="testDoesAllowOnlyOne[2: com.dotmarketing.portlets.structure.model.ContentletRelationshipsTest$CardinalityTestCase@3eb32f7c]" classname="com.dotmarketing.portlets.structure.model.ContentletRelationshipsTest" time="0.481"/>
  <testcase name="testGetRelationshipRecords[0: com.dotmarketing.portlets.structure.model.ContentletRelationshipsTest$TestCase@551e6a5]" classname="com.dotmarketing.portlets.structure.model.ContentletRelationshipsTest" time="1.968"/>
  <testcase name="testGetRelationshipRecords[1: com.dotmarketing.portlets.structure.model.ContentletRelationshipsTest$TestCase@12da6436]" classname="com.dotmarketing.portlets.structure.model.ContentletRelationshipsTest" time="1.979"/>
  <testcase name="testGetRelationshipRecords[2: com.dotmarketing.portlets.structure.model.ContentletRelationshipsTest$TestCase@26dd7bda]" classname="com.dotmarketing.portlets.structure.model.ContentletRelationshipsTest" time="1.903"/>
  <testcase name="testGetRelationshipRecords[3: com.dotmarketing.portlets.structure.model.ContentletRelationshipsTest$TestCase@13278b2]" classname="com.dotmarketing.portlets.structure.model.ContentletRelationshipsTest" time="0.869"/>
  <system-out><![CDATA[]]></system-out>
  <system-err><![CDATA[]]></system-err>
</testsuite>
