<?xml version="1.0" encoding="UTF-8"?>
<testsuite name="com.dotmarketing.portlets.structure.model.ContentletRelationshipsTest" tests="7" skipped="0" failures="0" errors="0" timestamp="2023-07-12T19:49:41" hostname="fv-az642-316" time="6.912">
  <properties/>
  <testcase name="testDoesAllowOnlyOne[0: com.dotmarketing.portlets.structure.model.ContentletRelationshipsTest$CardinalityTestCase@1810b943]" classname="com.dotmarketing.portlets.structure.model.ContentletRelationshipsTest" time="0.469"/>
  <testcase name="testDoesAllowOnlyOne[1: com.dotmarketing.portlets.structure.model.ContentletRelationshipsTest$CardinalityTestCase@5b50a5a2]" classname="com.dotmarketing.portlets.structure.model.ContentletRelationshipsTest" time="0.464"/>
  <testcase name="testDoesAllowOnlyOne[2: com.dotmarketing.portlets.structure.model.ContentletRelationshipsTest$CardinalityTestCase@42e4d3e3]" classname="com.dotmarketing.portlets.structure.model.ContentletRelationshipsTest" time="0.439"/>
  <testcase name="testGetRelationshipRecords[0: com.dotmarketing.portlets.structure.model.ContentletRelationshipsTest$TestCase@1205e070]" classname="com.dotmarketing.portlets.structure.model.ContentletRelationshipsTest" time="2.008"/>
  <testcase name="testGetRelationshipRecords[1: com.dotmarketing.portlets.structure.model.ContentletRelationshipsTest$TestCase@f4289d2]" classname="com.dotmarketing.portlets.structure.model.ContentletRelationshipsTest" time="0.946"/>
  <testcase name="testGetRelationshipRecords[2: com.dotmarketing.portlets.structure.model.ContentletRelationshipsTest$TestCase@5161402d]" classname="com.dotmarketing.portlets.structure.model.ContentletRelationshipsTest" time="1.788"/>
  <testcase name="testGetRelationshipRecords[3: com.dotmarketing.portlets.structure.model.ContentletRelationshipsTest$TestCase@357efa29]" classname="com.dotmarketing.portlets.structure.model.ContentletRelationshipsTest" time="0.797"/>
  <system-out><![CDATA[]]></system-out>
  <system-err><![CDATA[]]></system-err>
</testsuite>
