<?xml version="1.0" encoding="UTF-8"?>
<testsuite name="com.dotmarketing.portlets.structure.model.ContentletRelationshipsTest" tests="7" skipped="0" failures="0" errors="0" timestamp="2023-07-07T20:18:28" hostname="fv-az244-222" time="9.055">
  <properties/>
  <testcase name="testDoesAllowOnlyOne[0: com.dotmarketing.portlets.structure.model.ContentletRelationshipsTest$CardinalityTestCase@7c73a862]" classname="com.dotmarketing.portlets.structure.model.ContentletRelationshipsTest" time="0.482"/>
  <testcase name="testDoesAllowOnlyOne[1: com.dotmarketing.portlets.structure.model.ContentletRelationshipsTest$CardinalityTestCase@7980ad6b]" classname="com.dotmarketing.portlets.structure.model.ContentletRelationshipsTest" time="0.397"/>
  <testcase name="testDoesAllowOnlyOne[2: com.dotmarketing.portlets.structure.model.ContentletRelationshipsTest$CardinalityTestCase@380a3e20]" classname="com.dotmarketing.portlets.structure.model.ContentletRelationshipsTest" time="0.493"/>
  <testcase name="testGetRelationshipRecords[0: com.dotmarketing.portlets.structure.model.ContentletRelationshipsTest$TestCase@23ea40c0]" classname="com.dotmarketing.portlets.structure.model.ContentletRelationshipsTest" time="2.009"/>
  <testcase name="testGetRelationshipRecords[1: com.dotmarketing.portlets.structure.model.ContentletRelationshipsTest$TestCase@423bcc67]" classname="com.dotmarketing.portlets.structure.model.ContentletRelationshipsTest" time="2.001"/>
  <testcase name="testGetRelationshipRecords[2: com.dotmarketing.portlets.structure.model.ContentletRelationshipsTest$TestCase@3e2ccabe]" classname="com.dotmarketing.portlets.structure.model.ContentletRelationshipsTest" time="1.858"/>
  <testcase name="testGetRelationshipRecords[3: com.dotmarketing.portlets.structure.model.ContentletRelationshipsTest$TestCase@57be0865]" classname="com.dotmarketing.portlets.structure.model.ContentletRelationshipsTest" time="1.815"/>
  <system-out><![CDATA[]]></system-out>
  <system-err><![CDATA[]]></system-err>
</testsuite>
