<?xml version="1.0" encoding="UTF-8"?>
<testsuite name="com.dotmarketing.business.portal.PortletAPIImplTest" tests="12" skipped="0" failures="0" errors="0" timestamp="2023-07-18T01:02:18" hostname="fv-az877-612" time="1.475">
  <properties/>
  <testcase name="test_delete_portlet" classname="com.dotmarketing.business.portal.PortletAPIImplTest" time="0.281"/>
  <testcase name="test_createCustomPortlet[0: com.dotmarketing.business.portal.PortletAPIImplTest$testCaseCreateCustomPortlet@30b24040]" classname="com.dotmarketing.business.portal.PortletAPIImplTest" time="0.141"/>
  <testcase name="test_createCustomPortlet[1: com.dotmarketing.business.portal.PortletAPIImplTest$testCaseCreateCustomPortlet@39a3d18]" classname="com.dotmarketing.business.portal.PortletAPIImplTest" time="0.228"/>
  <testcase name="test_createCustomPortlet[2: com.dotmarketing.business.portal.PortletAPIImplTest$testCaseCreateCustomPortlet@49f930ba]" classname="com.dotmarketing.business.portal.PortletAPIImplTest" time="0.203"/>
  <testcase name="test_createCustomPortlet[3: com.dotmarketing.business.portal.PortletAPIImplTest$testCaseCreateCustomPortlet@6a58a010]" classname="com.dotmarketing.business.portal.PortletAPIImplTest" time="0.166"/>
  <testcase name="test_createCustomPortlet[4: com.dotmarketing.business.portal.PortletAPIImplTest$testCaseCreateCustomPortlet@48ca5d5b]" classname="com.dotmarketing.business.portal.PortletAPIImplTest" time="0.001"/>
  <testcase name="test_createCustomPortlet[5: com.dotmarketing.business.portal.PortletAPIImplTest$testCaseCreateCustomPortlet@1aeadba7]" classname="com.dotmarketing.business.portal.PortletAPIImplTest" time="0.019"/>
  <testcase name="test_createCustomPortlet[6: com.dotmarketing.business.portal.PortletAPIImplTest$testCaseCreateCustomPortlet@1a1644a0]" classname="com.dotmarketing.business.portal.PortletAPIImplTest" time="0.014"/>
  <testcase name="test_createCustomPortlet[7: com.dotmarketing.business.portal.PortletAPIImplTest$testCaseCreateCustomPortlet@35e12fd2]" classname="com.dotmarketing.business.portal.PortletAPIImplTest" time="0.015"/>
  <testcase name="test_createCustomPortlet[8: com.dotmarketing.business.portal.PortletAPIImplTest$testCaseCreateCustomPortlet@2fdb8cb0]" classname="com.dotmarketing.business.portal.PortletAPIImplTest" time="0.015"/>
  <testcase name="test_findPortlet" classname="com.dotmarketing.business.portal.PortletAPIImplTest" time="0.21"/>
  <testcase name="test_findAllPortlets" classname="com.dotmarketing.business.portal.PortletAPIImplTest" time="0.18"/>
  <system-out><![CDATA[]]></system-out>
  <system-err><![CDATA[]]></system-err>
</testsuite>
