<?xml version="1.0" encoding="UTF-8"?>
<testsuite name="com.dotmarketing.servlets.ajax.AjaxDirectorServletIntegrationTest" tests="2" skipped="0" failures="0" errors="0" timestamp="2023-07-13T18:54:37" hostname="fv-az178-328" time="4.074">
  <properties/>
  <testcase name="testService[0: com.dotmarketing.servlets.ajax.AjaxDirectorServletTestCase@73e1132f]" classname="com.dotmarketing.servlets.ajax.AjaxDirectorServletIntegrationTest" time="2.128"/>
  <testcase name="testService[1: com.dotmarketing.servlets.ajax.AjaxDirectorServletTestCase@1ae6d455]" classname="com.dotmarketing.servlets.ajax.AjaxDirectorServletIntegrationTest" time="1.946"/>
  <system-out><![CDATA[]]></system-out>
  <system-err><![CDATA[]]></system-err>
</testsuite>
