<?xml version="1.0" encoding="UTF-8"?>
<testsuite name="com.dotcms.uuid.shorty.LegacyShortyIdApiTest" tests="24" skipped="0" failures="0" errors="0" timestamp="2023-07-06T17:20:19" hostname="fv-az749-409" time="1.469">
  <properties/>
  <testcase name="test404Cache" classname="com.dotcms.uuid.shorty.LegacyShortyIdApiTest" time="1.033"/>
  <testcase name="test_shortify[0: (, )]" classname="com.dotcms.uuid.shorty.LegacyShortyIdApiTest" time="0.001"/>
  <testcase name="test_shortify[1: (1234, 1234)]" classname="com.dotcms.uuid.shorty.LegacyShortyIdApiTest" time="0.0"/>
  <testcase name="test_shortify[2: (12345, 12345)]" classname="com.dotcms.uuid.shorty.LegacyShortyIdApiTest" time="0.001"/>
  <testcase name="test_shortify[3: (12345-6, 123456)]" classname="com.dotcms.uuid.shorty.LegacyShortyIdApiTest" time="0.0"/>
  <testcase name="test_shortify[4: (12345-67, 1234567)]" classname="com.dotcms.uuid.shorty.LegacyShortyIdApiTest" time="0.001"/>
  <testcase name="test_shortify[5: (12345-678, 12345678)]" classname="com.dotcms.uuid.shorty.LegacyShortyIdApiTest" time="0.0"/>
  <testcase name="test_shortify[6: (12345-6789, 123456789)]" classname="com.dotcms.uuid.shorty.LegacyShortyIdApiTest" time="0.001"/>
  <testcase name="test_shortify[7: (12345-6789-0, 1234567890)]" classname="com.dotcms.uuid.shorty.LegacyShortyIdApiTest" time="0.0"/>
  <testcase name="test_shortify[8: (12345-6789-01, 1234567890)]" classname="com.dotcms.uuid.shorty.LegacyShortyIdApiTest" time="0.001"/>
  <testcase name="test_shortify[9: (12345-6789-012, 1234567890)]" classname="com.dotcms.uuid.shorty.LegacyShortyIdApiTest" time="0.001"/>
  <testcase name="test_shortify[10: (12345-6789-011-12, 1234567890)]" classname="com.dotcms.uuid.shorty.LegacyShortyIdApiTest" time="0.0"/>
  <testcase name="test_shortify_modify_MINIMUM_SHORTY_ID_LENGTH_success" classname="com.dotcms.uuid.shorty.LegacyShortyIdApiTest" time="0.004"/>
  <testcase name="testShortyCache" classname="com.dotcms.uuid.shorty.LegacyShortyIdApiTest" time="0.009"/>
  <testcase name="testValidShorty[0: (asdd-1234-asdasda-asda, true)]" classname="com.dotcms.uuid.shorty.LegacyShortyIdApiTest" time="0.001"/>
  <testcase name="testValidShorty[1: (asd87-234-214, true)]" classname="com.dotcms.uuid.shorty.LegacyShortyIdApiTest" time="0.0"/>
  <testcase name="testValidShorty[2: (asd87-234:-251, false)]" classname="com.dotcms.uuid.shorty.LegacyShortyIdApiTest" time="0.001"/>
  <testcase name="testValidShorty[3: (asd87-234;-251, false)]" classname="com.dotcms.uuid.shorty.LegacyShortyIdApiTest" time="0.001"/>
  <testcase name="testValidShorty[4: (asd87-234&quot;-251, false)]" classname="com.dotcms.uuid.shorty.LegacyShortyIdApiTest" time="0.001"/>
  <testcase name="testValidShorty[5: (asd87-234*-251, false)]" classname="com.dotcms.uuid.shorty.LegacyShortyIdApiTest" time="0.001"/>
  <testcase name="testValidShorty[6: (asd87_232_251, false)]" classname="com.dotcms.uuid.shorty.LegacyShortyIdApiTest" time="0.001"/>
  <testcase name="testValidShorty[7: (null, false)]" classname="com.dotcms.uuid.shorty.LegacyShortyIdApiTest" time="0.001"/>
  <testcase name="testValidShorty[8: (asd81, false)]" classname="com.dotcms.uuid.shorty.LegacyShortyIdApiTest" time="0.0"/>
  <testcase name="test404CacheInvalidation" classname="com.dotcms.uuid.shorty.LegacyShortyIdApiTest" time="0.404"/>
  <system-out><![CDATA[]]></system-out>
  <system-err><![CDATA[]]></system-err>
</testsuite>
