<?xml version="1.0" encoding="UTF-8"?>
<testsuite name="com.dotcms.rest.elasticsearch.ESContentResourcePortletTest" tests="8" skipped="0" failures="0" errors="0" timestamp="2023-07-17T16:14:15" hostname="fv-az493-152" time="8.74">
  <properties/>
  <testcase name="test_search_includeGrandChildCategory_success" classname="com.dotcms.rest.elasticsearch.ESContentResourcePortletTest" time="1.368"/>
  <testcase name="testSearch[0: com.dotcms.rest.elasticsearch.ESContentResourcePortletTest$TestCase@5f408306]" classname="com.dotcms.rest.elasticsearch.ESContentResourcePortletTest" time="0.963"/>
  <testcase name="testSearch[1: com.dotcms.rest.elasticsearch.ESContentResourcePortletTest$TestCase@336c0b55]" classname="com.dotcms.rest.elasticsearch.ESContentResourcePortletTest" time="1.198"/>
  <testcase name="testSearch[2: com.dotcms.rest.elasticsearch.ESContentResourcePortletTest$TestCase@389650d8]" classname="com.dotcms.rest.elasticsearch.ESContentResourcePortletTest" time="0.926"/>
  <testcase name="testSearch[3: com.dotcms.rest.elasticsearch.ESContentResourcePortletTest$TestCase@761bf944]" classname="com.dotcms.rest.elasticsearch.ESContentResourcePortletTest" time="1.217"/>
  <testcase name="testSearch[4: com.dotcms.rest.elasticsearch.ESContentResourcePortletTest$TestCase@2d180c32]" classname="com.dotcms.rest.elasticsearch.ESContentResourcePortletTest" time="1.239"/>
  <testcase name="testSearch[5: com.dotcms.rest.elasticsearch.ESContentResourcePortletTest$TestCase@7efd8c67]" classname="com.dotcms.rest.elasticsearch.ESContentResourcePortletTest" time="0.915"/>
  <testcase name="testSearch[6: com.dotcms.rest.elasticsearch.ESContentResourcePortletTest$TestCase@746703f0]" classname="com.dotcms.rest.elasticsearch.ESContentResourcePortletTest" time="0.913"/>
  <system-out><![CDATA[]]></system-out>
  <system-err><![CDATA[]]></system-err>
</testsuite>
