<?xml version="1.0" encoding="UTF-8"?>
<testsuite name="com.dotcms.contenttype.test.ContentResourceTest" tests="52" skipped="0" failures="0" errors="0" timestamp="2023-06-27T19:03:57" hostname="fv-az337-595" time="132.518">
  <properties/>
  <testcase name="testGetContentShouldReturnIconDetails" classname="com.dotcms.contenttype.test.ContentResourceTest" time="1.463"/>
  <testcase name="Test_Save_Action_Set_Words_To_Required_NumericField_Issue_15340" classname="com.dotcms.contenttype.test.ContentResourceTest" time="0.874"/>
  <testcase name="test_getContent_includeGrandChildCategory_success" classname="com.dotcms.contenttype.test.ContentResourceTest" time="1.278"/>
  <testcase name="testGetContentWithRelatedParameter[0: com.dotcms.contenttype.test.ContentResourceTest$PullRelatedTestCase@3c9ff50f]" classname="com.dotcms.contenttype.test.ContentResourceTest" time="3.691"/>
  <testcase name="testGetContentWithRelatedParameter[1: com.dotcms.contenttype.test.ContentResourceTest$PullRelatedTestCase@3c53118f]" classname="com.dotcms.contenttype.test.ContentResourceTest" time="3.619"/>
  <testcase name="testGetContentWithRelatedParameter[2: com.dotcms.contenttype.test.ContentResourceTest$PullRelatedTestCase@7d437eb6]" classname="com.dotcms.contenttype.test.ContentResourceTest" time="3.472"/>
  <testcase name="testGetContentWithRelatedParameter[3: com.dotcms.contenttype.test.ContentResourceTest$PullRelatedTestCase@b69e4e3]" classname="com.dotcms.contenttype.test.ContentResourceTest" time="3.407"/>
  <testcase name="testGetContentWithRelatedParameter[4: com.dotcms.contenttype.test.ContentResourceTest$PullRelatedTestCase@481d5f0c]" classname="com.dotcms.contenttype.test.ContentResourceTest" time="2.383"/>
  <testcase name="test_getContent_SelfRelatedWith3LevelsOfDepth_shouldReturnRelationships" classname="com.dotcms.contenttype.test.ContentResourceTest" time="1.302"/>
  <testcase name="Test_Save_Action_Send_Fields_SubSet_Issue_15340" classname="com.dotcms.contenttype.test.ContentResourceTest" time="2.851"/>
  <testcase name="test_getContent_shouldReturnRelationships[0: com.dotcms.contenttype.test.ContentResourceTest$TestCase@6ce6e0e9]" classname="com.dotcms.contenttype.test.ContentResourceTest" time="2.648"/>
  <testcase name="test_getContent_shouldReturnRelationships[1: com.dotcms.contenttype.test.ContentResourceTest$TestCase@ab6950d]" classname="com.dotcms.contenttype.test.ContentResourceTest" time="2.639"/>
  <testcase name="test_getContent_shouldReturnRelationships[2: com.dotcms.contenttype.test.ContentResourceTest$TestCase@4ebc3644]" classname="com.dotcms.contenttype.test.ContentResourceTest" time="2.816"/>
  <testcase name="test_getContent_shouldReturnRelationships[3: com.dotcms.contenttype.test.ContentResourceTest$TestCase@6cfbf5a0]" classname="com.dotcms.contenttype.test.ContentResourceTest" time="2.746"/>
  <testcase name="test_getContent_shouldReturnRelationships[4: com.dotcms.contenttype.test.ContentResourceTest$TestCase@3741b17e]" classname="com.dotcms.contenttype.test.ContentResourceTest" time="2.731"/>
  <testcase name="test_getContent_shouldReturnRelationships[5: com.dotcms.contenttype.test.ContentResourceTest$TestCase@9615466]" classname="com.dotcms.contenttype.test.ContentResourceTest" time="2.536"/>
  <testcase name="test_getContent_shouldReturnRelationships[6: com.dotcms.contenttype.test.ContentResourceTest$TestCase@26404d18]" classname="com.dotcms.contenttype.test.ContentResourceTest" time="2.721"/>
  <testcase name="test_getContent_shouldReturnRelationships[7: com.dotcms.contenttype.test.ContentResourceTest$TestCase@15a5ea85]" classname="com.dotcms.contenttype.test.ContentResourceTest" time="2.576"/>
  <testcase name="test_getContent_shouldReturnRelationships[8: com.dotcms.contenttype.test.ContentResourceTest$TestCase@2f55730e]" classname="com.dotcms.contenttype.test.ContentResourceTest" time="2.771"/>
  <testcase name="test_getContent_shouldReturnRelationships[9: com.dotcms.contenttype.test.ContentResourceTest$TestCase@2c94c0e6]" classname="com.dotcms.contenttype.test.ContentResourceTest" time="2.624"/>
  <testcase name="test_getContent_shouldReturnRelationships[10: com.dotcms.contenttype.test.ContentResourceTest$TestCase@89870e1]" classname="com.dotcms.contenttype.test.ContentResourceTest" time="2.424"/>
  <testcase name="test_getContent_shouldReturnRelationships[11: com.dotcms.contenttype.test.ContentResourceTest$TestCase@32d352b5]" classname="com.dotcms.contenttype.test.ContentResourceTest" time="2.541"/>
  <testcase name="test_getContent_shouldReturnRelationships[12: com.dotcms.contenttype.test.ContentResourceTest$TestCase@361a9ae2]" classname="com.dotcms.contenttype.test.ContentResourceTest" time="2.511"/>
  <testcase name="test_getContent_shouldReturnRelationships[13: com.dotcms.contenttype.test.ContentResourceTest$TestCase@3c83ff37]" classname="com.dotcms.contenttype.test.ContentResourceTest" time="2.618"/>
  <testcase name="test_getContent_shouldReturnRelationships[14: com.dotcms.contenttype.test.ContentResourceTest$TestCase@77d79f3e]" classname="com.dotcms.contenttype.test.ContentResourceTest" time="2.54"/>
  <testcase name="test_getContent_shouldReturnRelationships[15: com.dotcms.contenttype.test.ContentResourceTest$TestCase@5f392d8b]" classname="com.dotcms.contenttype.test.ContentResourceTest" time="3.616"/>
  <testcase name="test_getContent_shouldReturnRelationships[16: com.dotcms.contenttype.test.ContentResourceTest$TestCase@3d167104]" classname="com.dotcms.contenttype.test.ContentResourceTest" time="3.575"/>
  <testcase name="test_getContent_shouldReturnRelationships[17: com.dotcms.contenttype.test.ContentResourceTest$TestCase@1e4f4bd6]" classname="com.dotcms.contenttype.test.ContentResourceTest" time="2.851"/>
  <testcase name="test_getContent_shouldReturnRelationships[18: com.dotcms.contenttype.test.ContentResourceTest$TestCase@55aa094e]" classname="com.dotcms.contenttype.test.ContentResourceTest" time="2.746"/>
  <testcase name="test_getContent_shouldReturnRelationships[19: com.dotcms.contenttype.test.ContentResourceTest$TestCase@43e93305]" classname="com.dotcms.contenttype.test.ContentResourceTest" time="1.716"/>
  <testcase name="test_getContent_shouldReturnRelationships[20: com.dotcms.contenttype.test.ContentResourceTest$TestCase@4df9e42d]" classname="com.dotcms.contenttype.test.ContentResourceTest" time="2.899"/>
  <testcase name="test_getContent_shouldReturnRelationships[21: com.dotcms.contenttype.test.ContentResourceTest$TestCase@298c07bf]" classname="com.dotcms.contenttype.test.ContentResourceTest" time="3.013"/>
  <testcase name="test_getContent_shouldReturnRelationships[22: com.dotcms.contenttype.test.ContentResourceTest$TestCase@2ce99bb9]" classname="com.dotcms.contenttype.test.ContentResourceTest" time="2.611"/>
  <testcase name="test_getContent_shouldReturnRelationships[23: com.dotcms.contenttype.test.ContentResourceTest$TestCase@2612e43a]" classname="com.dotcms.contenttype.test.ContentResourceTest" time="2.891"/>
  <testcase name="test_getContent_shouldReturnRelationships[24: com.dotcms.contenttype.test.ContentResourceTest$TestCase@2448b459]" classname="com.dotcms.contenttype.test.ContentResourceTest" time="2.803"/>
  <testcase name="test_getContent_shouldReturnRelationships[25: com.dotcms.contenttype.test.ContentResourceTest$TestCase@6db0ee90]" classname="com.dotcms.contenttype.test.ContentResourceTest" time="2.868"/>
  <testcase name="test_getContent_shouldReturnRelationships[26: com.dotcms.contenttype.test.ContentResourceTest$TestCase@d6494cc]" classname="com.dotcms.contenttype.test.ContentResourceTest" time="3.014"/>
  <testcase name="test_getContent_shouldReturnRelationships[27: com.dotcms.contenttype.test.ContentResourceTest$TestCase@3ce6926e]" classname="com.dotcms.contenttype.test.ContentResourceTest" time="2.715"/>
  <testcase name="test_getContent_shouldReturnRelationships[28: com.dotcms.contenttype.test.ContentResourceTest$TestCase@5ded13d7]" classname="com.dotcms.contenttype.test.ContentResourceTest" time="2.636"/>
  <testcase name="test_getContent_shouldReturnRelationships[29: com.dotcms.contenttype.test.ContentResourceTest$TestCase@3743b294]" classname="com.dotcms.contenttype.test.ContentResourceTest" time="1.653"/>
  <testcase name="test_getContent_shouldReturnRelationships[30: com.dotcms.contenttype.test.ContentResourceTest$TestCase@1ea88244]" classname="com.dotcms.contenttype.test.ContentResourceTest" time="2.761"/>
  <testcase name="test_getContent_shouldReturnRelationships[31: com.dotcms.contenttype.test.ContentResourceTest$TestCase@1655161d]" classname="com.dotcms.contenttype.test.ContentResourceTest" time="2.653"/>
  <testcase name="test_getContent_shouldReturnRelationships[32: com.dotcms.contenttype.test.ContentResourceTest$TestCase@2313dcab]" classname="com.dotcms.contenttype.test.ContentResourceTest" time="3.632"/>
  <testcase name="test_getContent_shouldReturnRelationships[33: com.dotcms.contenttype.test.ContentResourceTest$TestCase@9ee0d4f]" classname="com.dotcms.contenttype.test.ContentResourceTest" time="3.596"/>
  <testcase name="testSinglePOST_InvalidParamsShouldReturn400[0: ({\n    &quot;stInode&quot; : &quot;InvalidValue&quot;,\n    &quot;numeric&quot; : &quot;0&quot;,\n    &quot;image&quot; : &quot;whatever&quot;\n}, Bad Request)]" classname="com.dotcms.contenttype.test.ContentResourceTest" time="0.871"/>
  <testcase name="testSinglePOST_InvalidParamsShouldReturn400[1: ({\n    &quot;numeric&quot; : &quot;0&quot;,\n    &quot;image&quot; : &quot;whatever&quot;\n}, Bad Request)]" classname="com.dotcms.contenttype.test.ContentResourceTest" time="0.854"/>
  <testcase name="Test_Save_Action_Set_Null_To_Required_NumericField_Issue_15340" classname="com.dotcms.contenttype.test.ContentResourceTest" time="0.885"/>
  <testcase name="Test_Save_Action_Remove_Image_Then_Verify_Fields_Were_Cleared_Issue_15340" classname="com.dotcms.contenttype.test.ContentResourceTest" time="3.821"/>
  <testcase name="test_getContentWithMultipleSelfRelated_shouldReturnRelationships[0: com.dotcms.contenttype.test.ContentResourceTest$PullSelfRelatedTestCase@6dd50516]" classname="com.dotcms.contenttype.test.ContentResourceTest" time="1.596"/>
  <testcase name="test_getContentWithMultipleSelfRelated_shouldReturnRelationships[1: com.dotcms.contenttype.test.ContentResourceTest$PullSelfRelatedTestCase@501e6a83]" classname="com.dotcms.contenttype.test.ContentResourceTest" time="1.629"/>
  <testcase name="testGetContentWithAllCategoriesInfo[0: json]" classname="com.dotcms.contenttype.test.ContentResourceTest" time="2.393"/>
  <testcase name="testGetContentWithAllCategoriesInfo[1: xml]" classname="com.dotcms.contenttype.test.ContentResourceTest" time="2.436"/>
  <system-out><![CDATA[











]]></system-out>
  <system-err><![CDATA[]]></system-err>
</testsuite>
