<?xml version="1.0" encoding="UTF-8"?>
<testsuite name="com.dotmarketing.portlets.contentlet.transform.ContentletTransformerTest" tests="23" skipped="0" failures="0" errors="0" timestamp="2023-06-26T16:10:03" hostname="fv-az364-36" time="13.764">
  <properties/>
  <testcase name="Test_DotAsset_FileAsset_Pushed_Back_into_Transformer" classname="com.dotmarketing.portlets.contentlet.transform.ContentletTransformerTest" time="0.861"/>
  <testcase name="Test_Hydrate_Contentlet_WithUrl" classname="com.dotmarketing.portlets.contentlet.transform.ContentletTransformerTest" time="0.949"/>
  <testcase name="Transformer_Backwards_Compatibility_Test[0: CompatibilityTestCase{baseContentType=ANY}]" classname="com.dotmarketing.portlets.contentlet.transform.ContentletTransformerTest" time="0.001"/>
  <testcase name="Transformer_Backwards_Compatibility_Test[1: CompatibilityTestCase{baseContentType=CONTENT}]" classname="com.dotmarketing.portlets.contentlet.transform.ContentletTransformerTest" time="0.482"/>
  <testcase name="Transformer_Backwards_Compatibility_Test[2: CompatibilityTestCase{baseContentType=WIDGET}]" classname="com.dotmarketing.portlets.contentlet.transform.ContentletTransformerTest" time="0.099"/>
  <testcase name="Transformer_Backwards_Compatibility_Test[3: CompatibilityTestCase{baseContentType=FORM}]" classname="com.dotmarketing.portlets.contentlet.transform.ContentletTransformerTest" time="0.001"/>
  <testcase name="Transformer_Backwards_Compatibility_Test[4: CompatibilityTestCase{baseContentType=FILEASSET}]" classname="com.dotmarketing.portlets.contentlet.transform.ContentletTransformerTest" time="0.152"/>
  <testcase name="Transformer_Backwards_Compatibility_Test[5: CompatibilityTestCase{baseContentType=HTMLPAGE}]" classname="com.dotmarketing.portlets.contentlet.transform.ContentletTransformerTest" time="0.148"/>
  <testcase name="Transformer_Backwards_Compatibility_Test[6: CompatibilityTestCase{baseContentType=PERSONA}]" classname="com.dotmarketing.portlets.contentlet.transform.ContentletTransformerTest" time="0.0"/>
  <testcase name="Transformer_Backwards_Compatibility_Test[7: CompatibilityTestCase{baseContentType=VANITY_URL}]" classname="com.dotmarketing.portlets.contentlet.transform.ContentletTransformerTest" time="0.001"/>
  <testcase name="Transformer_Backwards_Compatibility_Test[8: CompatibilityTestCase{baseContentType=KEY_VALUE}]" classname="com.dotmarketing.portlets.contentlet.transform.ContentletTransformerTest" time="0.0"/>
  <testcase name="Test_Contentlet_To_Map_View_For_FileAsset" classname="com.dotmarketing.portlets.contentlet.transform.ContentletTransformerTest" time="0.289"/>
  <testcase name="Test_Constant_fields_are_in_map" classname="com.dotmarketing.portlets.contentlet.transform.ContentletTransformerTest" time="1.853"/>
  <testcase name="Transformer_Simple_Test" classname="com.dotmarketing.portlets.contentlet.transform.ContentletTransformerTest" time="0.055"/>
  <testcase name="Transformer_content_Resource_Date_Formats_Test" classname="com.dotmarketing.portlets.contentlet.transform.ContentletTransformerTest" time="4.11"/>
  <testcase name="Test_Serialize_Contentlet_Then_Recover_Then_Transform[0: com.dotmarketing.portlets.contentlet.transform.ContentletTransformerTest$SerializationTestCase@6b3a0772]" classname="com.dotmarketing.portlets.contentlet.transform.ContentletTransformerTest" time="0.018"/>
  <testcase name="Test_Serialize_Contentlet_Then_Recover_Then_Transform[1: com.dotmarketing.portlets.contentlet.transform.ContentletTransformerTest$SerializationTestCase@69d914aa]" classname="com.dotmarketing.portlets.contentlet.transform.ContentletTransformerTest" time="0.016"/>
  <testcase name="Test_Serialize_Contentlet_Then_Recover_Then_Transform[2: com.dotmarketing.portlets.contentlet.transform.ContentletTransformerTest$SerializationTestCase@74253a13]" classname="com.dotmarketing.portlets.contentlet.transform.ContentletTransformerTest" time="0.019"/>
  <testcase name="Test_Serialize_Contentlet_Then_Recover_Then_Transform[3: com.dotmarketing.portlets.contentlet.transform.ContentletTransformerTest$SerializationTestCase@70ca2713]" classname="com.dotmarketing.portlets.contentlet.transform.ContentletTransformerTest" time="0.009"/>
  <testcase name="Test_Serialize_Contentlet_Then_Recover_Then_Transform[4: com.dotmarketing.portlets.contentlet.transform.ContentletTransformerTest$SerializationTestCase@4bf0bfef]" classname="com.dotmarketing.portlets.contentlet.transform.ContentletTransformerTest" time="0.008"/>
  <testcase name="Test_Hydrate_Contentlet_Without_Url_And_AssetName_Does_Not_Exist" classname="com.dotmarketing.portlets.contentlet.transform.ContentletTransformerTest" time="0.997"/>
  <testcase name="Test_Hydrate_Contentlet_Without_Url" classname="com.dotmarketing.portlets.contentlet.transform.ContentletTransformerTest" time="0.916"/>
  <testcase name="Test_Null_Value_On_Category" classname="com.dotmarketing.portlets.contentlet.transform.ContentletTransformerTest" time="2.777"/>
  <system-out><![CDATA[]]></system-out>
  <system-err><![CDATA[]]></system-err>
</testsuite>
