<?xml version="1.0" encoding="UTF-8"?>
<testsuite name="com.dotcms.rest.api.v1.vtl.VTLResourceIntegrationTest" tests="6" skipped="0" failures="0" errors="0" timestamp="2023-06-30T21:47:39" hostname="fv-az629-494" time="10.474">
  <properties/>
  <testcase name="testGet[0: com.dotcms.rest.api.v1.vtl.VTLResourceTestCase@71955fbf]" classname="com.dotcms.rest.api.v1.vtl.VTLResourceIntegrationTest" time="2.439"/>
  <testcase name="testGet[1: com.dotcms.rest.api.v1.vtl.VTLResourceTestCase@3e6d286a]" classname="com.dotcms.rest.api.v1.vtl.VTLResourceIntegrationTest" time="2.116"/>
  <testcase name="testGet[2: com.dotcms.rest.api.v1.vtl.VTLResourceTestCase@2f7a573c]" classname="com.dotcms.rest.api.v1.vtl.VTLResourceIntegrationTest" time="2.054"/>
  <testcase name="testGet[3: com.dotcms.rest.api.v1.vtl.VTLResourceTestCase@5f02abc0]" classname="com.dotcms.rest.api.v1.vtl.VTLResourceIntegrationTest" time="0.945"/>
  <testcase name="testGet[4: com.dotcms.rest.api.v1.vtl.VTLResourceTestCase@4b17f38]" classname="com.dotcms.rest.api.v1.vtl.VTLResourceIntegrationTest" time="1.016"/>
  <testcase name="testGet[5: com.dotcms.rest.api.v1.vtl.VTLResourceTestCase@534829bc]" classname="com.dotcms.rest.api.v1.vtl.VTLResourceIntegrationTest" time="1.904"/>
  <system-out><![CDATA[]]></system-out>
  <system-err><![CDATA[]]></system-err>
</testsuite>
