<?xml version="1.0" encoding="UTF-8"?>
<testsuite name="com.dotcms.enterprise.publishing.remote.bundler.ContentBundlerTest" tests="1" skipped="0" failures="0" errors="0" timestamp="2023-07-18T01:50:56" hostname="fv-az1128-367" time="0.793">
  <properties/>
  <testcase name="processContentWithTwoVersions" classname="com.dotcms.enterprise.publishing.remote.bundler.ContentBundlerTest" time="0.793"/>
  <system-out><![CDATA[]]></system-out>
  <system-err><![CDATA[]]></system-err>
</testsuite>
