<?xml version="1.0" encoding="UTF-8"?>
<testsuite name="com.dotmarketing.startup.runonce.Task05035LanguageTableIdentityOffTest" tests="1" skipped="0" failures="0" errors="0" timestamp="2023-06-28T00:51:47" hostname="fv-az573-179" time="0.014">
  <properties/>
  <testcase name="testExecuteUpgrade" classname="com.dotmarketing.startup.runonce.Task05035LanguageTableIdentityOffTest" time="0.014"/>
  <system-out><![CDATA[]]></system-out>
  <system-err><![CDATA[]]></system-err>
</testsuite>
