<?xml version="1.0" encoding="UTF-8"?>
<testsuite name="com.dotcms.contenttype.business.FieldAPITest" tests="93" skipped="0" failures="0" errors="0" timestamp="2023-06-29T05:27:40" hostname="fv-az590-241" time="27.171">
  <properties/>
  <testcase name="test_SaveNewIndexedField_ShouldAddESMapping" classname="com.dotcms.contenttype.business.FieldAPITest" time="0.521"/>
  <testcase name="getFieldVariablesForField" classname="com.dotcms.contenttype.business.FieldAPITest" time="0.494"/>
  <testcase name="testSaveRelationshipWithDuplicateFieldsShouldThrowAnException[0: com.dotcms.contenttype.business.FieldAPITest$UniqueConstraintTestCase@4c4db847]" classname="com.dotcms.contenttype.business.FieldAPITest" time="0.584"/>
  <testcase name="testSaveRelationshipWithDuplicateFieldsShouldThrowAnException[1: com.dotcms.contenttype.business.FieldAPITest$UniqueConstraintTestCase@79921764]" classname="com.dotcms.contenttype.business.FieldAPITest" time="0.548"/>
  <testcase name="testSaveRelationshipWithDuplicateFieldsShouldThrowAnException[2: com.dotcms.contenttype.business.FieldAPITest$UniqueConstraintTestCase@1c19d3b0]" classname="com.dotcms.contenttype.business.FieldAPITest" time="0.57"/>
  <testcase name="testSaveRelationshipWithDuplicateFieldsShouldThrowAnException[3: com.dotcms.contenttype.business.FieldAPITest$UniqueConstraintTestCase@4c6b8d04]" classname="com.dotcms.contenttype.business.FieldAPITest" time="0.577"/>
  <testcase name="testSaveRelationshipWithDuplicateFieldsShouldThrowAnException[4: com.dotcms.contenttype.business.FieldAPITest$UniqueConstraintTestCase@6dc58b4e]" classname="com.dotcms.contenttype.business.FieldAPITest" time="0.582"/>
  <testcase name="testSaveRelationshipWithDuplicateFieldsShouldThrowAnException[5: com.dotcms.contenttype.business.FieldAPITest$UniqueConstraintTestCase@48598a5]" classname="com.dotcms.contenttype.business.FieldAPITest" time="0.596"/>
  <testcase name="test_GivenBothSidedRelationshipField_WhenRemovingChildField_RelationshipShouldBeGettable" classname="com.dotcms.contenttype.business.FieldAPITest" time="0.844"/>
  <testcase name="test_GivenBothSidedRelationshipField_WhenRemovingParentField_RelationshipShouldBeGettable" classname="com.dotcms.contenttype.business.FieldAPITest" time="0.848"/>
  <testcase name="testSaveRelationshipField_when_newFieldIsSetToAnExistingRelationship_SaveShouldSucceed" classname="com.dotcms.contenttype.business.FieldAPITest" time="0.885"/>
  <testcase name="testSaveOneSidedRelationship_when_theChildContentTypeIsRelatedWithAnotherContentType_ShouldSucceed" classname="com.dotcms.contenttype.business.FieldAPITest" time="2.727"/>
  <testcase name="testSaveFieldVariable_KeyWithSpecialChars_ShouldSucceed[0: __myKey]" classname="com.dotcms.contenttype.business.FieldAPITest" time="0.119"/>
  <testcase name="testSaveFieldVariable_KeyWithSpecialChars_ShouldSucceed[1: dottype.]" classname="com.dotcms.contenttype.business.FieldAPITest" time="0.102"/>
  <testcase name="testSaveFieldVariable_KeyWithSpecialChars_ShouldSucceed[2: dot:type]" classname="com.dotcms.contenttype.business.FieldAPITest" time="0.091"/>
  <testcase name="testSaveFieldVariable_KeyWithSpecialChars_ShouldSucceed[3: dot-type]" classname="com.dotcms.contenttype.business.FieldAPITest" time="0.113"/>
  <testcase name="testSaveFieldVariable_KeyWithSpecialChars_ShouldSucceed[4: *dottype*]" classname="com.dotcms.contenttype.business.FieldAPITest" time="0.09"/>
  <testcase name="testSaveFieldVariable_KeyWithSpecialChars_ShouldSucceed[5: $my^^&amp;key%]" classname="com.dotcms.contenttype.business.FieldAPITest" time="0.095"/>
  <testcase name="testUpdateParentFieldInARelationship_shouldSucceed" classname="com.dotcms.contenttype.business.FieldAPITest" time="1.054"/>
  <testcase name="testSaveOneSidedManyToOneRelationshipField_returns_newRelationshipObject" classname="com.dotcms.contenttype.business.FieldAPITest" time="0.614"/>
  <testcase name="testUpdateSelfRelatedFields_shouldNotChangeRelationNames" classname="com.dotcms.contenttype.business.FieldAPITest" time="0.92"/>
  <testcase name="testSaveRelationshipFieldBothSidesRequired_ShouldSucceed" classname="com.dotcms.contenttype.business.FieldAPITest" time="0.931"/>
  <testcase name="testSaveRelationshipField_when_replacingChildInABothSidedRelationship_ShouldThrowException" classname="com.dotcms.contenttype.business.FieldAPITest" time="0.994"/>
  <testcase name="testValidateRelationshipFieldWithDash_shouldThrowAnException" classname="com.dotcms.contenttype.business.FieldAPITest" time="0.065"/>
  <testcase name="test_SaveField_GivenTypeName_GeneratedVariableIsSameAsProvidedOne: caseModDateCompatible" classname="com.dotcms.contenttype.business.FieldAPITest" time="0.124"/>
  <testcase name="test_SaveField_GivenTypeName_GeneratedVariableIsSameAsProvidedOne: caseTitleCompatible" classname="com.dotcms.contenttype.business.FieldAPITest" time="0.105"/>
  <testcase name="test_SaveField_GivenTypeName_GeneratedVariableIsSameAsProvidedOne: caseTitleImageCompatible" classname="com.dotcms.contenttype.business.FieldAPITest" time="0.09"/>
  <testcase name="test_SaveField_GivenTypeName_GeneratedVariableIsSameAsProvidedOne: caseContentTypeCompatible" classname="com.dotcms.contenttype.business.FieldAPITest" time="0.098"/>
  <testcase name="test_SaveField_GivenTypeName_GeneratedVariableIsSameAsProvidedOne: caseBaseTypeCompatible" classname="com.dotcms.contenttype.business.FieldAPITest" time="0.087"/>
  <testcase name="test_SaveField_GivenTypeName_GeneratedVariableIsSameAsProvidedOne: caseLiveCompatible" classname="com.dotcms.contenttype.business.FieldAPITest" time="0.113"/>
  <testcase name="test_SaveField_GivenTypeName_GeneratedVariableIsSameAsProvidedOne: caseWorkingCompatible" classname="com.dotcms.contenttype.business.FieldAPITest" time="0.1"/>
  <testcase name="test_SaveField_GivenTypeName_GeneratedVariableIsSameAsProvidedOne: caseArchivedCompatible" classname="com.dotcms.contenttype.business.FieldAPITest" time="0.106"/>
  <testcase name="test_SaveField_GivenTypeName_GeneratedVariableIsSameAsProvidedOne: caseLockedCompatible" classname="com.dotcms.contenttype.business.FieldAPITest" time="0.091"/>
  <testcase name="test_SaveField_GivenTypeName_GeneratedVariableIsSameAsProvidedOne: caseIdentifierCompatible" classname="com.dotcms.contenttype.business.FieldAPITest" time="0.089"/>
  <testcase name="test_SaveField_GivenTypeName_GeneratedVariableIsSameAsProvidedOne: caseInodeCompatible" classname="com.dotcms.contenttype.business.FieldAPITest" time="0.104"/>
  <testcase name="test_SaveField_GivenTypeName_GeneratedVariableIsSameAsProvidedOne: caseUrlMapCompatible" classname="com.dotcms.contenttype.business.FieldAPITest" time="0.09"/>
  <testcase name="test_GivenOneSidedRelationshipField_WhenRemovingField_RelationshipShouldBeWiped" classname="com.dotcms.contenttype.business.FieldAPITest" time="0.555"/>
  <testcase name="testSave_InvalidVariable_ShouldThrowException[0: (123, true)]" classname="com.dotcms.contenttype.business.FieldAPITest" time="0.059"/>
  <testcase name="testSave_InvalidVariable_ShouldThrowException[1: (_123, true)]" classname="com.dotcms.contenttype.business.FieldAPITest" time="0.057"/>
  <testcase name="testSave_InvalidVariable_ShouldThrowException[2: (_123a, true)]" classname="com.dotcms.contenttype.business.FieldAPITest" time="0.057"/>
  <testcase name="testSave_InvalidVariable_ShouldThrowException[3: (asd123asd, false)]" classname="com.dotcms.contenttype.business.FieldAPITest" time="0.082"/>
  <testcase name="testSave_InvalidVariable_ShouldThrowException[4: (Asfsdf, false)]" classname="com.dotcms.contenttype.business.FieldAPITest" time="0.082"/>
  <testcase name="testSave_InvalidVariable_ShouldThrowException[5: (aa123, false)]" classname="com.dotcms.contenttype.business.FieldAPITest" time="0.081"/>
  <testcase name="test_SaveNewRelationshipField_ShouldAddESMapping" classname="com.dotcms.contenttype.business.FieldAPITest" time="0.543"/>
  <testcase name="testSaveRelationshipField_GivenRecreatedDeletedRelationshipFieldChoosingExistingRel_SaveShouldSucceed" classname="com.dotcms.contenttype.business.FieldAPITest" time="1.179"/>
  <testcase name="test_SaveField_GivenGraphQLCompatibleVariable_ShouldSave: caseModDateCompatible" classname="com.dotcms.contenttype.business.FieldAPITest" time="0.09"/>
  <testcase name="test_SaveField_GivenGraphQLCompatibleVariable_ShouldSave: caseTitleCompatible" classname="com.dotcms.contenttype.business.FieldAPITest" time="0.088"/>
  <testcase name="test_SaveField_GivenGraphQLCompatibleVariable_ShouldSave: caseTitleImageCompatible" classname="com.dotcms.contenttype.business.FieldAPITest" time="0.088"/>
  <testcase name="test_SaveField_GivenGraphQLCompatibleVariable_ShouldSave: caseContentTypeCompatible" classname="com.dotcms.contenttype.business.FieldAPITest" time="0.087"/>
  <testcase name="test_SaveField_GivenGraphQLCompatibleVariable_ShouldSave: caseBaseTypeCompatible" classname="com.dotcms.contenttype.business.FieldAPITest" time="0.09"/>
  <testcase name="test_SaveField_GivenGraphQLCompatibleVariable_ShouldSave: caseLiveCompatible" classname="com.dotcms.contenttype.business.FieldAPITest" time="0.086"/>
  <testcase name="test_SaveField_GivenGraphQLCompatibleVariable_ShouldSave: caseWorkingCompatible" classname="com.dotcms.contenttype.business.FieldAPITest" time="0.087"/>
  <testcase name="test_SaveField_GivenGraphQLCompatibleVariable_ShouldSave: caseArchivedCompatible" classname="com.dotcms.contenttype.business.FieldAPITest" time="0.089"/>
  <testcase name="test_SaveField_GivenGraphQLCompatibleVariable_ShouldSave: caseLockedCompatible" classname="com.dotcms.contenttype.business.FieldAPITest" time="0.094"/>
  <testcase name="test_SaveField_GivenGraphQLCompatibleVariable_ShouldSave: caseIdentifierCompatible" classname="com.dotcms.contenttype.business.FieldAPITest" time="0.102"/>
  <testcase name="test_SaveField_GivenGraphQLCompatibleVariable_ShouldSave: caseInodeCompatible" classname="com.dotcms.contenttype.business.FieldAPITest" time="0.1"/>
  <testcase name="test_SaveField_GivenGraphQLCompatibleVariable_ShouldSave: caseUrlMapCompatible" classname="com.dotcms.contenttype.business.FieldAPITest" time="0.096"/>
  <testcase name="testSave_InvalidName_ShouldThrowException[0: 123]" classname="com.dotcms.contenttype.business.FieldAPITest" time="0.067"/>
  <testcase name="testSave_InvalidName_ShouldThrowException[1: 123abc]" classname="com.dotcms.contenttype.business.FieldAPITest" time="0.072"/>
  <testcase name="testSave_InvalidName_ShouldThrowException[2: _123a]" classname="com.dotcms.contenttype.business.FieldAPITest" time="0.078"/>
  <testcase name="testSave_InvalidName_ShouldThrowException[3: asd123asd]" classname="com.dotcms.contenttype.business.FieldAPITest" time="0.08"/>
  <testcase name="testSave_InvalidName_ShouldThrowException[4: Asfsdf]" classname="com.dotcms.contenttype.business.FieldAPITest" time="0.07"/>
  <testcase name="testSave_InvalidName_ShouldThrowException[5: aa123]" classname="com.dotcms.contenttype.business.FieldAPITest" time="0.071"/>
  <testcase name="testSave_InvalidName_ShouldThrowException[6: This is a field]" classname="com.dotcms.contenttype.business.FieldAPITest" time="0.078"/>
  <testcase name="testSave_InvalidName_ShouldThrowException[7: Field &amp;&amp; ,,,..**==} name~~~__]" classname="com.dotcms.contenttype.business.FieldAPITest" time="0.086"/>
  <testcase name="testSave_InvalidName_ShouldThrowException[8: __]" classname="com.dotcms.contenttype.business.FieldAPITest" time="0.077"/>
  <testcase name="test_SaveNewNoIndexedField_ShouldNotAddESMapping" classname="com.dotcms.contenttype.business.FieldAPITest" time="0.1"/>
  <testcase name="testValidateRelationshipField_shouldThrowAnException[0: com.dotcms.contenttype.business.FieldAPITest$TestCase@726ad3c9]" classname="com.dotcms.contenttype.business.FieldAPITest" time="0.082"/>
  <testcase name="testValidateRelationshipField_shouldThrowAnException[1: com.dotcms.contenttype.business.FieldAPITest$TestCase@1b97df9c]" classname="com.dotcms.contenttype.business.FieldAPITest" time="0.067"/>
  <testcase name="testValidateRelationshipField_shouldThrowAnException[2: com.dotcms.contenttype.business.FieldAPITest$TestCase@4154b221]" classname="com.dotcms.contenttype.business.FieldAPITest" time="0.053"/>
  <testcase name="testSaveRelationshipField_when_replacingParentInABothSidedRelationship_ShouldThrowException" classname="com.dotcms.contenttype.business.FieldAPITest" time="0.893"/>
  <testcase name="testSave_UpdateExistingFieldWithDifferentContentType_ShouldThrowException" classname="com.dotcms.contenttype.business.FieldAPITest" time="0.074"/>
  <testcase name="test_SaveField_GivenTypeName_GeneratedVariableIsDifferentThanProvidedOne: caseModDateIncompatible" classname="com.dotcms.contenttype.business.FieldAPITest" time="0.102"/>
  <testcase name="test_SaveField_GivenTypeName_GeneratedVariableIsDifferentThanProvidedOne: caseTitleIncompatible" classname="com.dotcms.contenttype.business.FieldAPITest" time="0.094"/>
  <testcase name="test_SaveField_GivenTypeName_GeneratedVariableIsDifferentThanProvidedOne: caseTitleImageIncompatible" classname="com.dotcms.contenttype.business.FieldAPITest" time="0.134"/>
  <testcase name="test_SaveField_GivenTypeName_GeneratedVariableIsDifferentThanProvidedOne: caseContentTypeIncompatible" classname="com.dotcms.contenttype.business.FieldAPITest" time="0.104"/>
  <testcase name="test_SaveField_GivenTypeName_GeneratedVariableIsDifferentThanProvidedOne: caseConLanguageIncompatible" classname="com.dotcms.contenttype.business.FieldAPITest" time="0.098"/>
  <testcase name="test_SaveField_GivenTypeName_GeneratedVariableIsDifferentThanProvidedOne: caseConLanguageParentIncompatible" classname="com.dotcms.contenttype.business.FieldAPITest" time="0.502"/>
  <testcase name="test_SaveField_GivenTypeName_GeneratedVariableIsDifferentThanProvidedOne: caseBaseTypeIncompatible" classname="com.dotcms.contenttype.business.FieldAPITest" time="0.127"/>
  <testcase name="test_SaveField_GivenTypeName_GeneratedVariableIsDifferentThanProvidedOne: caseLiveIncompatible" classname="com.dotcms.contenttype.business.FieldAPITest" time="0.105"/>
  <testcase name="test_SaveField_GivenTypeName_GeneratedVariableIsDifferentThanProvidedOne: caseIdentifierIncompatible" classname="com.dotcms.contenttype.business.FieldAPITest" time="0.105"/>
  <testcase name="test_SaveField_GivenTypeName_GeneratedVariableIsDifferentThanProvidedOne: caseInodeIncompatible" classname="com.dotcms.contenttype.business.FieldAPITest" time="0.119"/>
  <testcase name="test_SaveField_GivenTypeName_GeneratedVariableIsDifferentThanProvidedOne: caseHostIncompatible" classname="com.dotcms.contenttype.business.FieldAPITest" time="0.113"/>
  <testcase name="test_SaveField_GivenTypeName_GeneratedVariableIsDifferentThanProvidedOne: caseHostParentIncompatible" classname="com.dotcms.contenttype.business.FieldAPITest" time="0.501"/>
  <testcase name="test_SaveField_GivenTypeName_GeneratedVariableIsDifferentThanProvidedOne: caseFolderIncompatible" classname="com.dotcms.contenttype.business.FieldAPITest" time="0.117"/>
  <testcase name="test_SaveField_GivenTypeName_GeneratedVariableIsDifferentThanProvidedOne: caseFolder_ParentIncompatible" classname="com.dotcms.contenttype.business.FieldAPITest" time="0.476"/>
  <testcase name="test_SaveField_GivenTypeName_GeneratedVariableIsDifferentThanProvidedOne: caseUrlMapIncompatible" classname="com.dotcms.contenttype.business.FieldAPITest" time="0.098"/>
  <testcase name="test_SaveField_GivenTypeName_GeneratedVariableIsDifferentThanProvidedOne: caseOwnerIncompatible" classname="com.dotcms.contenttype.business.FieldAPITest" time="0.101"/>
  <testcase name="test_SaveField_GivenTypeName_GeneratedVariableIsDifferentThanProvidedOne: caseOwner_ParentIncompatible" classname="com.dotcms.contenttype.business.FieldAPITest" time="0.498"/>
  <testcase name="test_SaveField_GivenTypeName_GeneratedVariableIsDifferentThanProvidedOne: caseModUserIncompatible" classname="com.dotcms.contenttype.business.FieldAPITest" time="0.099"/>
  <testcase name="test_SaveField_GivenTypeName_GeneratedVariableIsDifferentThanProvidedOne: caseModUser_ParentIncompatible" classname="com.dotcms.contenttype.business.FieldAPITest" time="0.496"/>
  <testcase name="testUpdateOneSidedRelationshipField_shouldSucceed" classname="com.dotcms.contenttype.business.FieldAPITest" time="0.63"/>
  <testcase name="testSaveOneSidedRelationshipField_returns_newRelationshipObject" classname="com.dotcms.contenttype.business.FieldAPITest" time="0.618"/>
  <system-out><![CDATA[]]></system-out>
  <system-err><![CDATA[]]></system-err>
</testsuite>
