<?xml version="1.0" encoding="UTF-8"?>
<testsuite name="com.dotcms.storage.StoragePersistenceAPITest" tests="18" skipped="0" failures="0" errors="0" timestamp="2023-06-24T00:24:35" hostname="fv-az407-493" time="1.571">
  <properties/>
  <testcase name="Test_Get_Provider_By_StorageType" classname="com.dotcms.storage.StoragePersistenceAPITest" time="0.003"/>
  <testcase name="Test_Replace_Entry[0: TestCase{storageType=FILE_SYSTEM, groupName='WwADZtfmar', path='any-path', file=testFile13628782023492473140.bin}]" classname="com.dotcms.storage.StoragePersistenceAPITest" time="0.002"/>
  <testcase name="Test_Replace_Entry[1: TestCase{storageType=DB, groupName='WwADZtfmar', path='any-path', file=testFile13628782023492473140.bin}]" classname="com.dotcms.storage.StoragePersistenceAPITest" time="0.068"/>
  <testcase name="Test_Pull_File_Different_Casing[0: TestCase{storageType=FILE_SYSTEM, groupName='WwADZtfmar', path='any-path', file=testFile13628782023492473140.bin}]" classname="com.dotcms.storage.StoragePersistenceAPITest" time="0.001"/>
  <testcase name="Test_Pull_File_Different_Casing[1: TestCase{storageType=DB, groupName='WwADZtfmar', path='any-path', file=testFile13628782023492473140.bin}]" classname="com.dotcms.storage.StoragePersistenceAPITest" time="0.007"/>
  <testcase name="Test_Get_Default_Provider" classname="com.dotcms.storage.StoragePersistenceAPITest" time="0.0"/>
  <testcase name="Test_Attempt_Push_Same_Binary_Twice[0: TestCase{storageType=FILE_SYSTEM, groupName='MJGzWjym8Z', path='imageFilePath', file=test_image2.png}]" classname="com.dotcms.storage.StoragePersistenceAPITest" time="0.002"/>
  <testcase name="Test_Attempt_Push_Same_Binary_Twice[1: TestCase{storageType=DB, groupName='MJGzWjym8Z', path='imageFilePath', file=test_image2.png}]" classname="com.dotcms.storage.StoragePersistenceAPITest" time="0.01"/>
  <testcase name="Test_Delete_Object_Version[0: TestCase{storageType=FILE_SYSTEM, groupName='WsvAYMSGuy', path='fixed-large-file-path', file=testFile7973713719974060506.bin}]" classname="com.dotcms.storage.StoragePersistenceAPITest" time="0.051"/>
  <testcase name="Test_Delete_Object_Version[1: TestCase{storageType=DB, groupName='WsvAYMSGuy', path='fixed-large-file-path', file=testFile7973713719974060506.bin}]" classname="com.dotcms.storage.StoragePersistenceAPITest" time="1.125"/>
  <testcase name="Test_Storage_Push_File_Then_Recover_Then_Remove_Group[0: TestCase{storageType=FILE_SYSTEM, groupName='fixed-group-name', path='textFilePath', file=test.txt}]" classname="com.dotcms.storage.StoragePersistenceAPITest" time="0.006"/>
  <testcase name="Test_Storage_Push_File_Then_Recover_Then_Remove_Group[1: TestCase{storageType=FILE_SYSTEM, groupName='fixed-group-name', path='imageFilePath', file=test_image1.jpg}]" classname="com.dotcms.storage.StoragePersistenceAPITest" time="0.002"/>
  <testcase name="Test_Storage_Push_File_Then_Recover_Then_Remove_Group[2: TestCase{storageType=DB, groupName='fixed-group-name', path='textFilePath', file=test.txt}]" classname="com.dotcms.storage.StoragePersistenceAPITest" time="0.011"/>
  <testcase name="Test_Storage_Push_File_Then_Recover_Then_Remove_Group[3: TestCase{storageType=DB, groupName='fixed-group-name', path='imageFilePath', file=test_image1.jpg}]" classname="com.dotcms.storage.StoragePersistenceAPITest" time="0.102"/>
  <testcase name="Test_Attempt_Create_Dupe_Group[0: TestCase{storageType=FILE_SYSTEM, groupName='dgcEomgffw', path='null', file=n/a}]" classname="com.dotcms.storage.StoragePersistenceAPITest" time="0.002"/>
  <testcase name="Test_Attempt_Create_Dupe_Group[1: TestCase{storageType=DB, groupName='dgcEomgffw', path='null', file=n/a}]" classname="com.dotcms.storage.StoragePersistenceAPITest" time="0.005"/>
  <testcase name="Test_Push_Large_File[0: TestCase{storageType=FILE_SYSTEM, groupName='WsvAYMSGuy', path='fixed-large-file-path', file=testFile7973713719974060506.bin}]" classname="com.dotcms.storage.StoragePersistenceAPITest" time="0.034"/>
  <testcase name="Test_Push_Large_File[1: TestCase{storageType=DB, groupName='WsvAYMSGuy', path='fixed-large-file-path', file=testFile7973713719974060506.bin}]" classname="com.dotcms.storage.StoragePersistenceAPITest" time="0.139"/>
  <system-out><![CDATA[]]></system-out>
  <system-err><![CDATA[]]></system-err>
</testsuite>
