<?xml version="1.0" encoding="UTF-8"?>
<testsuite name="com.dotmarketing.portlets.contentlet.ajax.ContentletAjaxTest" tests="7" skipped="0" failures="0" errors="0" timestamp="2023-07-10T19:04:39" hostname="fv-az471-786" time="9.935">
  <properties/>
  <testcase name="test_searchContentletsByUser_filteringByDates_returns_validResults" classname="com.dotmarketing.portlets.contentlet.ajax.ContentletAjaxTest" time="2.332"/>
  <testcase name="issue5330" classname="com.dotmarketing.portlets.contentlet.ajax.ContentletAjaxTest" time="2.808"/>
  <testcase name="test_doSearchGlossaryTerm_ReturnsListLanguageVariables" classname="com.dotmarketing.portlets.contentlet.ajax.ContentletAjaxTest" time="2.27"/>
  <testcase name="test_searchContentletsByUser_filteringByRelatedContent_returns_validResults[0: ONE_TO_MANY]" classname="com.dotmarketing.portlets.contentlet.ajax.ContentletAjaxTest" time="0.628"/>
  <testcase name="test_searchContentletsByUser_filteringByRelatedContent_returns_validResults[1: MANY_TO_MANY]" classname="com.dotmarketing.portlets.contentlet.ajax.ContentletAjaxTest" time="0.651"/>
  <testcase name="test_searchContentletsByUser_filteringByRelatedContent_returns_validResults[2: ONE_TO_ONE]" classname="com.dotmarketing.portlets.contentlet.ajax.ContentletAjaxTest" time="0.627"/>
  <testcase name="test_searchContentletsByUser_filteringByRelatedContent_returns_validResults[3: MANY_TO_ONE]" classname="com.dotmarketing.portlets.contentlet.ajax.ContentletAjaxTest" time="0.618"/>
  <system-out><![CDATA[]]></system-out>
  <system-err><![CDATA[]]></system-err>
</testsuite>
