<?xml version="1.0" encoding="UTF-8"?>
<testsuite name="com.dotmarketing.startup.runonce.Task05200WorkflowTaskUniqueKeyTest" tests="3" skipped="0" failures="0" errors="0" timestamp="2023-07-21T15:56:27" hostname="fv-az1098-922" time="4.586">
  <properties/>
  <testcase name="Test_Upgrade_Task_When_Duped_WorkflowTasks_Exists" classname="com.dotmarketing.startup.runonce.Task05200WorkflowTaskUniqueKeyTest" time="1.54"/>
  <testcase name="Test_Upgrade_Task_When_Duped_With_Null_Languages_WorkflowTasks_Exists" classname="com.dotmarketing.startup.runonce.Task05200WorkflowTaskUniqueKeyTest" time="3.035"/>
  <testcase name="Test_Upgrade_Task" classname="com.dotmarketing.startup.runonce.Task05200WorkflowTaskUniqueKeyTest" time="0.011"/>
  <system-out><![CDATA[]]></system-out>
  <system-err><![CDATA[]]></system-err>
</testsuite>
