<?xml version="1.0" encoding="UTF-8"?>
<testsuite name="com.dotcms.publisher.endpoint.bean.PublishingEndPointTest" tests="4" skipped="0" failures="0" errors="0" timestamp="2023-06-26T16:15:16" hostname="fv-az1098-397" time="0.746">
  <properties/>
  <testcase name="validatePublishingEndPoint_whenStaticPublishWithWritePermission_returnOK" classname="com.dotcms.publisher.endpoint.bean.PublishingEndPointTest" time="0.001"/>
  <testcase name="validatePublishingEndPoint_whenAWSS3PublishWithoutValidCredentials_returnException" classname="com.dotcms.publisher.endpoint.bean.PublishingEndPointTest" time="0.731"/>
  <testcase name="validatePublishingEndPoint_whenAWSS3PublishWithoutBucketID_returnException" classname="com.dotcms.publisher.endpoint.bean.PublishingEndPointTest" time="0.006"/>
  <testcase name="validatePublishingEndPoint_whenAWSS3PublishWithoutProperties_returnException" classname="com.dotcms.publisher.endpoint.bean.PublishingEndPointTest" time="0.007"/>
  <system-out><![CDATA[]]></system-out>
  <system-err><![CDATA[]]></system-err>
</testsuite>
