<?xml version="1.0" encoding="UTF-8"?>
<testsuite name="com.dotcms.rest.api.v1.folder.FolderResourceTest" tests="10" skipped="0" failures="0" errors="0" timestamp="2023-06-30T20:06:47" hostname="fv-az470-104" time="20.272">
  <properties/>
  <testcase name="test_loadFolderAndSubFoldersByPath_UserNoPermissionsOverSubFolder_returnFoldersWithUserPermissions" classname="com.dotcms.rest.api.v1.folder.FolderResourceTest" time="3.936"/>
  <testcase name="test_loadFolderAndSubFoldersByPath_Admin_InvalidHostId_return400" classname="com.dotcms.rest.api.v1.folder.FolderResourceTest" time="1.929"/>
  <testcase name="test_loadFolderAndSubFoldersByPath_UserNoPermissionsOverFolder_return403" classname="com.dotcms.rest.api.v1.folder.FolderResourceTest" time="3.137"/>
  <testcase name="test_createFolders_siteNameNotExists_return400" classname="com.dotcms.rest.api.v1.folder.FolderResourceTest" time="0.76"/>
  <testcase name="test_createFolders_UserNoPermissions_return403" classname="com.dotcms.rest.api.v1.folder.FolderResourceTest" time="1.313"/>
  <testcase name="test_loadFolderAndSubFoldersByPath_Admin_success" classname="com.dotcms.rest.api.v1.folder.FolderResourceTest" time="1.845"/>
  <testcase name="test_createFolders_restrictedFolderName_return400" classname="com.dotcms.rest.api.v1.folder.FolderResourceTest" time="1.283"/>
  <testcase name="test_loadFolderAndSubFoldersByPath_UserNoPermissionsOverHost_return403" classname="com.dotcms.rest.api.v1.folder.FolderResourceTest" time="2.505"/>
  <testcase name="test_loadFolderAndSubFoldersByPath_Admin_InvalidPath_return400" classname="com.dotcms.rest.api.v1.folder.FolderResourceTest" time="2.166"/>
  <testcase name="test_createFolders_success" classname="com.dotcms.rest.api.v1.folder.FolderResourceTest" time="1.398"/>
  <system-out><![CDATA[]]></system-out>
  <system-err><![CDATA[]]></system-err>
</testsuite>
