<?xml version="1.0" encoding="UTF-8"?>
<testsuite name="com.dotcms.publishing.PublisherAPIImplTest" tests="24" skipped="0" failures="0" errors="0" timestamp="2023-06-30T04:31:54" hostname="fv-az210-575" time="4.877">
  <properties/>
  <testcase name="AddAllCategoryIntoBundle" classname="com.dotcms.publishing.PublisherAPIImplTest" time="0.133"/>
  <testcase name="testFilterDescriptors" classname="com.dotcms.publishing.PublisherAPIImplTest" time="0.097"/>
  <testcase name="sendPushPublishBundle[0: com.dotcms.publishing.PublisherAPIImplTest$TestAsset@22236835]" classname="com.dotcms.publishing.PublisherAPIImplTest" time="1.536"/>
  <testcase name="sendPushPublishBundle[1: com.dotcms.publishing.PublisherAPIImplTest$TestAsset@d8785d9]" classname="com.dotcms.publishing.PublisherAPIImplTest" time="0.261"/>
  <testcase name="sendPushPublishBundle[2: com.dotcms.publishing.PublisherAPIImplTest$TestAsset@4cd4556d]" classname="com.dotcms.publishing.PublisherAPIImplTest" time="0.22"/>
  <testcase name="sendPushPublishBundle[3: com.dotcms.publishing.PublisherAPIImplTest$TestAsset@7d1ff254]" classname="com.dotcms.publishing.PublisherAPIImplTest" time="0.418"/>
  <testcase name="sendPushPublishBundle[4: com.dotcms.publishing.PublisherAPIImplTest$TestAsset@44445f02]" classname="com.dotcms.publishing.PublisherAPIImplTest" time="0.264"/>
  <testcase name="sendPushPublishBundle[5: com.dotcms.publishing.PublisherAPIImplTest$TestAsset@755cb31e]" classname="com.dotcms.publishing.PublisherAPIImplTest" time="0.154"/>
  <testcase name="sendPushPublishBundle[6: com.dotcms.publishing.PublisherAPIImplTest$TestAsset@1bcdefe5]" classname="com.dotcms.publishing.PublisherAPIImplTest" time="0.101"/>
  <testcase name="sendPushPublishBundle[7: com.dotcms.publishing.PublisherAPIImplTest$TestAsset@19c2339a]" classname="com.dotcms.publishing.PublisherAPIImplTest" time="0.106"/>
  <testcase name="sendPushPublishBundle[8: com.dotcms.publishing.PublisherAPIImplTest$TestAsset@7f18d3ef]" classname="com.dotcms.publishing.PublisherAPIImplTest" time="0.109"/>
  <testcase name="sendPushPublishBundle[9: com.dotcms.publishing.PublisherAPIImplTest$TestAsset@6fcc4b51]" classname="com.dotcms.publishing.PublisherAPIImplTest" time="0.258"/>
  <testcase name="sendPushPublishBundle[10: com.dotcms.publishing.PublisherAPIImplTest$TestAsset@1b0a238a]" classname="com.dotcms.publishing.PublisherAPIImplTest" time="0.16"/>
  <testcase name="generateBundle[0: com.dotcms.publishing.PublisherAPIImplTest$TestAsset@22236835]" classname="com.dotcms.publishing.PublisherAPIImplTest" time="0.146"/>
  <testcase name="generateBundle[1: com.dotcms.publishing.PublisherAPIImplTest$TestAsset@d8785d9]" classname="com.dotcms.publishing.PublisherAPIImplTest" time="0.128"/>
  <testcase name="generateBundle[2: com.dotcms.publishing.PublisherAPIImplTest$TestAsset@4cd4556d]" classname="com.dotcms.publishing.PublisherAPIImplTest" time="0.08"/>
  <testcase name="generateBundle[3: com.dotcms.publishing.PublisherAPIImplTest$TestAsset@7d1ff254]" classname="com.dotcms.publishing.PublisherAPIImplTest" time="0.143"/>
  <testcase name="generateBundle[4: com.dotcms.publishing.PublisherAPIImplTest$TestAsset@44445f02]" classname="com.dotcms.publishing.PublisherAPIImplTest" time="0.131"/>
  <testcase name="generateBundle[5: com.dotcms.publishing.PublisherAPIImplTest$TestAsset@755cb31e]" classname="com.dotcms.publishing.PublisherAPIImplTest" time="0.082"/>
  <testcase name="generateBundle[6: com.dotcms.publishing.PublisherAPIImplTest$TestAsset@1bcdefe5]" classname="com.dotcms.publishing.PublisherAPIImplTest" time="0.078"/>
  <testcase name="generateBundle[7: com.dotcms.publishing.PublisherAPIImplTest$TestAsset@19c2339a]" classname="com.dotcms.publishing.PublisherAPIImplTest" time="0.099"/>
  <testcase name="generateBundle[8: com.dotcms.publishing.PublisherAPIImplTest$TestAsset@7f18d3ef]" classname="com.dotcms.publishing.PublisherAPIImplTest" time="0.053"/>
  <testcase name="generateBundle[9: com.dotcms.publishing.PublisherAPIImplTest$TestAsset@6fcc4b51]" classname="com.dotcms.publishing.PublisherAPIImplTest" time="0.1"/>
  <testcase name="generateBundle[10: com.dotcms.publishing.PublisherAPIImplTest$TestAsset@1b0a238a]" classname="com.dotcms.publishing.PublisherAPIImplTest" time="0.015"/>
  <system-out><![CDATA[









































































































































































]]></system-out>
  <system-err><![CDATA[]]></system-err>
</testsuite>
