<?xml version="1.0" encoding="UTF-8"?>
<testsuite name="com.dotcms.rendering.velocity.viewtools.content.util.ContentUtilsTest" tests="89" skipped="0" failures="0" errors="0" timestamp="2023-06-26T16:10:53" hostname="fv-az370-611" time="403.269">
  <properties/>
  <testcase name="whenTheTimeMachineDateIsNullAndPublishDateInFutureShouldNotReturnAnything" classname="com.dotcms.rendering.velocity.viewtools.content.util.ContentUtilsTest" time="3.284"/>
  <testcase name="test_find_multilingual_contentlet_getContentletSuccessfully" classname="com.dotcms.rendering.velocity.viewtools.content.util.ContentUtilsTest" time="1.869"/>
  <testcase name="whenTheTimeMachineDateAndPublishDateAreTomorrowShouldReturnOneContent" classname="com.dotcms.rendering.velocity.viewtools.content.util.ContentUtilsTest" time="3.209"/>
  <testcase name="testPullRelated[0: com.dotcms.rendering.velocity.viewtools.content.util.ContentUtilsTest$TestCase@283600e6]" classname="com.dotcms.rendering.velocity.viewtools.content.util.ContentUtilsTest" time="4.395"/>
  <testcase name="testPullRelated[1: com.dotcms.rendering.velocity.viewtools.content.util.ContentUtilsTest$TestCase@1541c77b]" classname="com.dotcms.rendering.velocity.viewtools.content.util.ContentUtilsTest" time="4.017"/>
  <testcase name="testPullRelated[2: com.dotcms.rendering.velocity.viewtools.content.util.ContentUtilsTest$TestCase@1b025b24]" classname="com.dotcms.rendering.velocity.viewtools.content.util.ContentUtilsTest" time="3.203"/>
  <testcase name="testPullRelated[3: com.dotcms.rendering.velocity.viewtools.content.util.ContentUtilsTest$TestCase@46906d82]" classname="com.dotcms.rendering.velocity.viewtools.content.util.ContentUtilsTest" time="3.914"/>
  <testcase name="testPullRelated[4: com.dotcms.rendering.velocity.viewtools.content.util.ContentUtilsTest$TestCase@5e397486]" classname="com.dotcms.rendering.velocity.viewtools.content.util.ContentUtilsTest" time="4.029"/>
  <testcase name="testPullRelated[5: com.dotcms.rendering.velocity.viewtools.content.util.ContentUtilsTest$TestCase@45d81a25]" classname="com.dotcms.rendering.velocity.viewtools.content.util.ContentUtilsTest" time="3.994"/>
  <testcase name="testPullRelated[6: com.dotcms.rendering.velocity.viewtools.content.util.ContentUtilsTest$TestCase@4c0aa2c1]" classname="com.dotcms.rendering.velocity.viewtools.content.util.ContentUtilsTest" time="3.164"/>
  <testcase name="testPullRelated[7: com.dotcms.rendering.velocity.viewtools.content.util.ContentUtilsTest$TestCase@9b33abf]" classname="com.dotcms.rendering.velocity.viewtools.content.util.ContentUtilsTest" time="3.126"/>
  <testcase name="testPullRelated[8: com.dotcms.rendering.velocity.viewtools.content.util.ContentUtilsTest$TestCase@1cbbf24b]" classname="com.dotcms.rendering.velocity.viewtools.content.util.ContentUtilsTest" time="3.881"/>
  <testcase name="testPullRelated[9: com.dotcms.rendering.velocity.viewtools.content.util.ContentUtilsTest$TestCase@19b7cacb]" classname="com.dotcms.rendering.velocity.viewtools.content.util.ContentUtilsTest" time="4.093"/>
  <testcase name="testPullRelated[10: com.dotcms.rendering.velocity.viewtools.content.util.ContentUtilsTest$TestCase@327f96]" classname="com.dotcms.rendering.velocity.viewtools.content.util.ContentUtilsTest" time="3.149"/>
  <testcase name="testPullRelated[11: com.dotcms.rendering.velocity.viewtools.content.util.ContentUtilsTest$TestCase@1044cbed]" classname="com.dotcms.rendering.velocity.viewtools.content.util.ContentUtilsTest" time="4.075"/>
  <testcase name="testPullRelated[12: com.dotcms.rendering.velocity.viewtools.content.util.ContentUtilsTest$TestCase@53ae5a04]" classname="com.dotcms.rendering.velocity.viewtools.content.util.ContentUtilsTest" time="4.04"/>
  <testcase name="testPullRelated[13: com.dotcms.rendering.velocity.viewtools.content.util.ContentUtilsTest$TestCase@74e82328]" classname="com.dotcms.rendering.velocity.viewtools.content.util.ContentUtilsTest" time="3.976"/>
  <testcase name="testPullRelated[14: com.dotcms.rendering.velocity.viewtools.content.util.ContentUtilsTest$TestCase@67353cec]" classname="com.dotcms.rendering.velocity.viewtools.content.util.ContentUtilsTest" time="3.257"/>
  <testcase name="testPullRelated[15: com.dotcms.rendering.velocity.viewtools.content.util.ContentUtilsTest$TestCase@51989844]" classname="com.dotcms.rendering.velocity.viewtools.content.util.ContentUtilsTest" time="3.929"/>
  <testcase name="testPullRelated[16: com.dotcms.rendering.velocity.viewtools.content.util.ContentUtilsTest$TestCase@70c79609]" classname="com.dotcms.rendering.velocity.viewtools.content.util.ContentUtilsTest" time="3.149"/>
  <testcase name="testPullRelated[17: com.dotcms.rendering.velocity.viewtools.content.util.ContentUtilsTest$TestCase@45830a5a]" classname="com.dotcms.rendering.velocity.viewtools.content.util.ContentUtilsTest" time="3.017"/>
  <testcase name="testPullRelated[18: com.dotcms.rendering.velocity.viewtools.content.util.ContentUtilsTest$TestCase@b1f9c5a]" classname="com.dotcms.rendering.velocity.viewtools.content.util.ContentUtilsTest" time="4.072"/>
  <testcase name="testPullRelated[19: com.dotcms.rendering.velocity.viewtools.content.util.ContentUtilsTest$TestCase@1ed06fc5]" classname="com.dotcms.rendering.velocity.viewtools.content.util.ContentUtilsTest" time="3.993"/>
  <testcase name="testPullRelated[20: com.dotcms.rendering.velocity.viewtools.content.util.ContentUtilsTest$TestCase@52ebc5c8]" classname="com.dotcms.rendering.velocity.viewtools.content.util.ContentUtilsTest" time="4.033"/>
  <testcase name="testPullRelated[21: com.dotcms.rendering.velocity.viewtools.content.util.ContentUtilsTest$TestCase@fe7c415]" classname="com.dotcms.rendering.velocity.viewtools.content.util.ContentUtilsTest" time="3.957"/>
  <testcase name="testPullRelated[22: com.dotcms.rendering.velocity.viewtools.content.util.ContentUtilsTest$TestCase@786d64ff]" classname="com.dotcms.rendering.velocity.viewtools.content.util.ContentUtilsTest" time="4.087"/>
  <testcase name="testPullRelated[23: com.dotcms.rendering.velocity.viewtools.content.util.ContentUtilsTest$TestCase@655e9270]" classname="com.dotcms.rendering.velocity.viewtools.content.util.ContentUtilsTest" time="3.905"/>
  <testcase name="testPullRelated[24: com.dotcms.rendering.velocity.viewtools.content.util.ContentUtilsTest$TestCase@6997de96]" classname="com.dotcms.rendering.velocity.viewtools.content.util.ContentUtilsTest" time="4.238"/>
  <testcase name="testPullRelated[25: com.dotcms.rendering.velocity.viewtools.content.util.ContentUtilsTest$TestCase@58e178dd]" classname="com.dotcms.rendering.velocity.viewtools.content.util.ContentUtilsTest" time="4.051"/>
  <testcase name="testPullRelated[26: com.dotcms.rendering.velocity.viewtools.content.util.ContentUtilsTest$TestCase@4b38b5a2]" classname="com.dotcms.rendering.velocity.viewtools.content.util.ContentUtilsTest" time="4.042"/>
  <testcase name="testPullRelated[27: com.dotcms.rendering.velocity.viewtools.content.util.ContentUtilsTest$TestCase@5a6463a7]" classname="com.dotcms.rendering.velocity.viewtools.content.util.ContentUtilsTest" time="4.055"/>
  <testcase name="testPullRelated[28: com.dotcms.rendering.velocity.viewtools.content.util.ContentUtilsTest$TestCase@dd07513]" classname="com.dotcms.rendering.velocity.viewtools.content.util.ContentUtilsTest" time="3.904"/>
  <testcase name="testPullRelated[29: com.dotcms.rendering.velocity.viewtools.content.util.ContentUtilsTest$TestCase@5e24c3e4]" classname="com.dotcms.rendering.velocity.viewtools.content.util.ContentUtilsTest" time="4.02"/>
  <testcase name="testPullRelated[30: com.dotcms.rendering.velocity.viewtools.content.util.ContentUtilsTest$TestCase@503fe827]" classname="com.dotcms.rendering.velocity.viewtools.content.util.ContentUtilsTest" time="4.127"/>
  <testcase name="testPullRelated[31: com.dotcms.rendering.velocity.viewtools.content.util.ContentUtilsTest$TestCase@29bfc0dc]" classname="com.dotcms.rendering.velocity.viewtools.content.util.ContentUtilsTest" time="4.159"/>
  <testcase name="testPullRelated[32: com.dotcms.rendering.velocity.viewtools.content.util.ContentUtilsTest$TestCase@27494015]" classname="com.dotcms.rendering.velocity.viewtools.content.util.ContentUtilsTest" time="3.953"/>
  <testcase name="testPullRelated[33: com.dotcms.rendering.velocity.viewtools.content.util.ContentUtilsTest$TestCase@5f8a9cfb]" classname="com.dotcms.rendering.velocity.viewtools.content.util.ContentUtilsTest" time="4.074"/>
  <testcase name="testPullRelated[34: com.dotcms.rendering.velocity.viewtools.content.util.ContentUtilsTest$TestCase@705b29fd]" classname="com.dotcms.rendering.velocity.viewtools.content.util.ContentUtilsTest" time="4.028"/>
  <testcase name="testPullRelated[35: com.dotcms.rendering.velocity.viewtools.content.util.ContentUtilsTest$TestCase@27b5be0a]" classname="com.dotcms.rendering.velocity.viewtools.content.util.ContentUtilsTest" time="4.199"/>
  <testcase name="testPullRelated[36: com.dotcms.rendering.velocity.viewtools.content.util.ContentUtilsTest$TestCase@4a911b01]" classname="com.dotcms.rendering.velocity.viewtools.content.util.ContentUtilsTest" time="6.041"/>
  <testcase name="testPullRelated[37: com.dotcms.rendering.velocity.viewtools.content.util.ContentUtilsTest$TestCase@41773bec]" classname="com.dotcms.rendering.velocity.viewtools.content.util.ContentUtilsTest" time="6.078"/>
  <testcase name="testPullRelated[38: com.dotcms.rendering.velocity.viewtools.content.util.ContentUtilsTest$TestCase@68caf6fe]" classname="com.dotcms.rendering.velocity.viewtools.content.util.ContentUtilsTest" time="6.327"/>
  <testcase name="testPullRelated[39: com.dotcms.rendering.velocity.viewtools.content.util.ContentUtilsTest$TestCase@62055003]" classname="com.dotcms.rendering.velocity.viewtools.content.util.ContentUtilsTest" time="4.923"/>
  <testcase name="testPullRelated[40: com.dotcms.rendering.velocity.viewtools.content.util.ContentUtilsTest$TestCase@208e1651]" classname="com.dotcms.rendering.velocity.viewtools.content.util.ContentUtilsTest" time="6.409"/>
  <testcase name="testPullRelated[41: com.dotcms.rendering.velocity.viewtools.content.util.ContentUtilsTest$TestCase@585ee1f7]" classname="com.dotcms.rendering.velocity.viewtools.content.util.ContentUtilsTest" time="4.794"/>
  <testcase name="testPullRelated[42: com.dotcms.rendering.velocity.viewtools.content.util.ContentUtilsTest$TestCase@671c9104]" classname="com.dotcms.rendering.velocity.viewtools.content.util.ContentUtilsTest" time="6.334"/>
  <testcase name="testPullRelated[43: com.dotcms.rendering.velocity.viewtools.content.util.ContentUtilsTest$TestCase@2f5150ac]" classname="com.dotcms.rendering.velocity.viewtools.content.util.ContentUtilsTest" time="6.074"/>
  <testcase name="testPullRelated[44: com.dotcms.rendering.velocity.viewtools.content.util.ContentUtilsTest$TestCase@7f3de789]" classname="com.dotcms.rendering.velocity.viewtools.content.util.ContentUtilsTest" time="6.052"/>
  <testcase name="testPullRelated[45: com.dotcms.rendering.velocity.viewtools.content.util.ContentUtilsTest$TestCase@50c3f0c0]" classname="com.dotcms.rendering.velocity.viewtools.content.util.ContentUtilsTest" time="5.797"/>
  <testcase name="testPullRelated[46: com.dotcms.rendering.velocity.viewtools.content.util.ContentUtilsTest$TestCase@53d4df6d]" classname="com.dotcms.rendering.velocity.viewtools.content.util.ContentUtilsTest" time="6.4"/>
  <testcase name="testPullRelated[47: com.dotcms.rendering.velocity.viewtools.content.util.ContentUtilsTest$TestCase@7625218b]" classname="com.dotcms.rendering.velocity.viewtools.content.util.ContentUtilsTest" time="6.119"/>
  <testcase name="testPullRelated[48: com.dotcms.rendering.velocity.viewtools.content.util.ContentUtilsTest$TestCase@66349169]" classname="com.dotcms.rendering.velocity.viewtools.content.util.ContentUtilsTest" time="5.935"/>
  <testcase name="testPullRelated[49: com.dotcms.rendering.velocity.viewtools.content.util.ContentUtilsTest$TestCase@293e389f]" classname="com.dotcms.rendering.velocity.viewtools.content.util.ContentUtilsTest" time="6.107"/>
  <testcase name="testPullRelated[50: com.dotcms.rendering.velocity.viewtools.content.util.ContentUtilsTest$TestCase@5c64b562]" classname="com.dotcms.rendering.velocity.viewtools.content.util.ContentUtilsTest" time="6.309"/>
  <testcase name="testPullRelated[51: com.dotcms.rendering.velocity.viewtools.content.util.ContentUtilsTest$TestCase@392fe1c]" classname="com.dotcms.rendering.velocity.viewtools.content.util.ContentUtilsTest" time="5.931"/>
  <testcase name="testPullRelated[52: com.dotcms.rendering.velocity.viewtools.content.util.ContentUtilsTest$TestCase@416f98de]" classname="com.dotcms.rendering.velocity.viewtools.content.util.ContentUtilsTest" time="6.186"/>
  <testcase name="testPullRelated[53: com.dotcms.rendering.velocity.viewtools.content.util.ContentUtilsTest$TestCase@19cdaaac]" classname="com.dotcms.rendering.velocity.viewtools.content.util.ContentUtilsTest" time="5.892"/>
  <testcase name="testPullRelated[54: com.dotcms.rendering.velocity.viewtools.content.util.ContentUtilsTest$TestCase@60fbc352]" classname="com.dotcms.rendering.velocity.viewtools.content.util.ContentUtilsTest" time="6.108"/>
  <testcase name="testPullRelated[55: com.dotcms.rendering.velocity.viewtools.content.util.ContentUtilsTest$TestCase@740da34f]" classname="com.dotcms.rendering.velocity.viewtools.content.util.ContentUtilsTest" time="6.221"/>
  <testcase name="testPullRelated[56: com.dotcms.rendering.velocity.viewtools.content.util.ContentUtilsTest$TestCase@49996c78]" classname="com.dotcms.rendering.velocity.viewtools.content.util.ContentUtilsTest" time="5.986"/>
  <testcase name="testPullRelated[57: com.dotcms.rendering.velocity.viewtools.content.util.ContentUtilsTest$TestCase@3d75372d]" classname="com.dotcms.rendering.velocity.viewtools.content.util.ContentUtilsTest" time="5.867"/>
  <testcase name="testPullRelated[58: com.dotcms.rendering.velocity.viewtools.content.util.ContentUtilsTest$TestCase@3aa8282]" classname="com.dotcms.rendering.velocity.viewtools.content.util.ContentUtilsTest" time="6.284"/>
  <testcase name="testPullRelated[59: com.dotcms.rendering.velocity.viewtools.content.util.ContentUtilsTest$TestCase@1aa44e63]" classname="com.dotcms.rendering.velocity.viewtools.content.util.ContentUtilsTest" time="5.187"/>
  <testcase name="testPullRelated[60: com.dotcms.rendering.velocity.viewtools.content.util.ContentUtilsTest$TestCase@18dc1be3]" classname="com.dotcms.rendering.velocity.viewtools.content.util.ContentUtilsTest" time="5.966"/>
  <testcase name="testPullRelated[61: com.dotcms.rendering.velocity.viewtools.content.util.ContentUtilsTest$TestCase@c849b8a]" classname="com.dotcms.rendering.velocity.viewtools.content.util.ContentUtilsTest" time="6.185"/>
  <testcase name="testPullRelated[62: com.dotcms.rendering.velocity.viewtools.content.util.ContentUtilsTest$TestCase@5b6db60a]" classname="com.dotcms.rendering.velocity.viewtools.content.util.ContentUtilsTest" time="6.255"/>
  <testcase name="testPullRelated[63: com.dotcms.rendering.velocity.viewtools.content.util.ContentUtilsTest$TestCase@63823c52]" classname="com.dotcms.rendering.velocity.viewtools.content.util.ContentUtilsTest" time="6.172"/>
  <testcase name="testPullRelated[64: com.dotcms.rendering.velocity.viewtools.content.util.ContentUtilsTest$TestCase@1bf930c2]" classname="com.dotcms.rendering.velocity.viewtools.content.util.ContentUtilsTest" time="4.804"/>
  <testcase name="testPullRelated[65: com.dotcms.rendering.velocity.viewtools.content.util.ContentUtilsTest$TestCase@3389a0fc]" classname="com.dotcms.rendering.velocity.viewtools.content.util.ContentUtilsTest" time="5.101"/>
  <testcase name="testPullRelated[66: com.dotcms.rendering.velocity.viewtools.content.util.ContentUtilsTest$TestCase@5629d61]" classname="com.dotcms.rendering.velocity.viewtools.content.util.ContentUtilsTest" time="5.048"/>
  <testcase name="testPullRelated[67: com.dotcms.rendering.velocity.viewtools.content.util.ContentUtilsTest$TestCase@77705133]" classname="com.dotcms.rendering.velocity.viewtools.content.util.ContentUtilsTest" time="5.104"/>
  <testcase name="testPullRelated[68: com.dotcms.rendering.velocity.viewtools.content.util.ContentUtilsTest$TestCase@25dd003f]" classname="com.dotcms.rendering.velocity.viewtools.content.util.ContentUtilsTest" time="6.274"/>
  <testcase name="testPullRelated[69: com.dotcms.rendering.velocity.viewtools.content.util.ContentUtilsTest$TestCase@5b2dda38]" classname="com.dotcms.rendering.velocity.viewtools.content.util.ContentUtilsTest" time="6.044"/>
  <testcase name="testPullRelated[70: com.dotcms.rendering.velocity.viewtools.content.util.ContentUtilsTest$TestCase@4ab5dda9]" classname="com.dotcms.rendering.velocity.viewtools.content.util.ContentUtilsTest" time="6.349"/>
  <testcase name="testPullRelated[71: com.dotcms.rendering.velocity.viewtools.content.util.ContentUtilsTest$TestCase@3fb9f405]" classname="com.dotcms.rendering.velocity.viewtools.content.util.ContentUtilsTest" time="5.928"/>
  <testcase name="whenPublishAndExpireDatesAreInTheFutureAndTimeMachineIsAfterBoth" classname="com.dotcms.rendering.velocity.viewtools.content.util.ContentUtilsTest" time="3.27"/>
  <testcase name="testPullRelatedForLegacyRelationship[0: com.dotcms.rendering.velocity.viewtools.content.util.ContentUtilsTest$LegacyTestCase@7228d735]" classname="com.dotcms.rendering.velocity.viewtools.content.util.ContentUtilsTest" time="4.308"/>
  <testcase name="testPullRelatedForLegacyRelationship[1: com.dotcms.rendering.velocity.viewtools.content.util.ContentUtilsTest$LegacyTestCase@47613f52]" classname="com.dotcms.rendering.velocity.viewtools.content.util.ContentUtilsTest" time="4.108"/>
  <testcase name="whenTheTimeMachineDateIsAfterTomorrowAndExpireDateIsTomorrowShouldNotReturnContent" classname="com.dotcms.rendering.velocity.viewtools.content.util.ContentUtilsTest" time="3.312"/>
  <testcase name="testPullLiveRelatedWhenLatestVersionIsWorking" classname="com.dotcms.rendering.velocity.viewtools.content.util.ContentUtilsTest" time="4.624"/>
  <testcase name="test_add_relationships_on_parent_children_related_contents" classname="com.dotcms.rendering.velocity.viewtools.content.util.ContentUtilsTest" time="1.522"/>
  <testcase name="testSortPullRelated[0: com.dotcms.rendering.velocity.viewtools.content.util.ContentUtilsTest$SortTestCase@235dea82]" classname="com.dotcms.rendering.velocity.viewtools.content.util.ContentUtilsTest" time="2.683"/>
  <testcase name="testSortPullRelated[1: com.dotcms.rendering.velocity.viewtools.content.util.ContentUtilsTest$SortTestCase@53b43b30]" classname="com.dotcms.rendering.velocity.viewtools.content.util.ContentUtilsTest" time="3.207"/>
  <testcase name="testSortPullRelated[2: com.dotcms.rendering.velocity.viewtools.content.util.ContentUtilsTest$SortTestCase@6711df0c]" classname="com.dotcms.rendering.velocity.viewtools.content.util.ContentUtilsTest" time="2.922"/>
  <testcase name="testSortPullRelated[3: com.dotcms.rendering.velocity.viewtools.content.util.ContentUtilsTest$SortTestCase@2944e713]" classname="com.dotcms.rendering.velocity.viewtools.content.util.ContentUtilsTest" time="1.776"/>
  <testcase name="testSortPullRelated[4: com.dotcms.rendering.velocity.viewtools.content.util.ContentUtilsTest$SortTestCase@65010143]" classname="com.dotcms.rendering.velocity.viewtools.content.util.ContentUtilsTest" time="2.696"/>
  <testcase name="testSortPullRelated[5: com.dotcms.rendering.velocity.viewtools.content.util.ContentUtilsTest$SortTestCase@179ecb68]" classname="com.dotcms.rendering.velocity.viewtools.content.util.ContentUtilsTest" time="2.843"/>
  <testcase name="whenTheTimeMachineDateIsAfterTomorrowAndExpireDateIsInFutureShouldReturnContent" classname="com.dotcms.rendering.velocity.viewtools.content.util.ContentUtilsTest" time="3.385"/>
  <testcase name="testPullRelatedFieldShouldRespectDefaultOrder" classname="com.dotcms.rendering.velocity.viewtools.content.util.ContentUtilsTest" time="2.354"/>
  <system-out><![CDATA[]]></system-out>
  <system-err><![CDATA[]]></system-err>
</testsuite>
