<?xml version="1.0" encoding="UTF-8"?>
<testsuite name="com.dotmarketing.startup.runonce.Task05395RemoveEndpointIdForeignKeyInIntegrityResolverTablesIntegrationTest" tests="1" skipped="0" failures="0" errors="0" timestamp="2023-07-08T05:21:09" hostname="fv-az337-298" time="0.029">
  <properties/>
  <testcase name="constraintShouldNotExists" classname="com.dotmarketing.startup.runonce.Task05395RemoveEndpointIdForeignKeyInIntegrityResolverTablesIntegrationTest" time="0.029"/>
  <system-out><![CDATA[]]></system-out>
  <system-err><![CDATA[]]></system-err>
</testsuite>
