<?xml version="1.0" encoding="UTF-8"?>
<testsuite name="com.dotmarketing.business.DeterministicIdentifierAPITest" tests="16" skipped="0" failures="0" errors="0" timestamp="2023-07-18T07:08:25" hostname="fv-az1235-995" time="1.141">
  <properties/>
  <testcase name="Test_Category_Path_Seed_And_Id" classname="com.dotmarketing.business.DeterministicIdentifierAPITest" time="0.027"/>
  <testcase name="Test_Language_Deterministic_Id[0: LanguageTestCase{expectedSeed='Language:es:US', expectedHash=4913155, langCode='es', countryCode='US', country='United States'}]" classname="com.dotmarketing.business.DeterministicIdentifierAPITest" time="0.001"/>
  <testcase name="Test_Language_Deterministic_Id[1: LanguageTestCase{expectedSeed='Language:ep:', expectedHash=5292269, langCode='ep', countryCode='', country=''}]" classname="com.dotmarketing.business.DeterministicIdentifierAPITest" time="0.001"/>
  <testcase name="Test_Language_Deterministic_Id[2: LanguageTestCase{expectedSeed='Language:sg:SAG', expectedHash=4713118, langCode='sg', countryCode='SAG', country=''}]" classname="com.dotmarketing.business.DeterministicIdentifierAPITest" time="0.001"/>
  <testcase name="Test_Language_Deterministic_Id[3: LanguageTestCase{expectedSeed='Language:en:NZ', expectedHash=5382528, langCode='en', countryCode='NZ', country='New Zealand'}]" classname="com.dotmarketing.business.DeterministicIdentifierAPITest" time="0.001"/>
  <testcase name="Test_Category_None_Persisted_Category_Should_Return_Deterministic_Id" classname="com.dotmarketing.business.DeterministicIdentifierAPITest" time="0.001"/>
  <testcase name="Test_Asset_Generate_Deterministic_Id_Best_Effort[0: TestCase{versionable=my.host1689663692257.com, parent=System Host, expectedName='my.host1689663692257.com', expectedType='Host'}]" classname="com.dotmarketing.business.DeterministicIdentifierAPITest" time="0.004"/>
  <testcase name="Test_Asset_Generate_Deterministic_Id_Best_Effort[1: TestCase{versionable=com.dotmarketing.portlets.contentlet.model.Contentlet@622fe381[map={modDate=2023-07-18 07:01:32.886, fileName=file9846175410208989195.txt, title=file9846175410208989195.txt, inode=0b4840bf-172b-473e-8cc7-2ace80ad4259, __IS_NEW_CONTENT__=true, disabledWYSIWYG=[], host=7e0b0339-76fa-494f-838e-38582b45b88b, stInode=33888b6f-7a8e-4069-b1b6-5c1aa9d0a48d, owner=system, identifier=a08469d9-10df-49d0-b80e-469dfb159a7f, nullProperties=[wfExpireDate, wfPublishDate, wfActionAssign, wfActionId, wfActionComments, filterKey, whereToSend, wfNeverExpire, _path_to_move, timezoneId, iWantTo, wfPublishTime, wfExpireTime], languageId=1, fileAsset=/home/runner/work/core/custom/assets/0/b/0b4840bf-172b-473e-8cc7-2ace80ad4259/fileAsset/file9846175410208989195.txt, folder=1e57e812-b2b8-43a9-949f-bf7e65698f93, __disable_workflow__=true, sortOrder=0, modUser=system},lowIndexPriority=false,variantId=DEFAULT], parent=com.dotmarketing.portlets.folders.model.Folder@19db4b[identifier=1e57e812-b2b8-43a9-949f-bf7e65698f93,name=testName1689663692878,sortOrder=0,showOnMenu=false,hostId=7e0b0339-76fa-494f-838e-38582b45b88b,type=folder,title=testTitle1689663692878,filesMasks=,defaultFileType=33888b6f-7a8e-4069-b1b6-5c1aa9d0a48d,modDate=2023-07-18 07:01:32.881,owner=&lt;null&gt;,iDate=2023-07-18 07:01:32.881,inode=1e57e812-b2b8-43a9-949f-bf7e65698f93,path=/testName1689663692878/], expectedName='file9846175410208989195.txt', expectedType='FileAsset'}]" classname="com.dotmarketing.business.DeterministicIdentifierAPITest" time="0.003"/>
  <testcase name="Test_Asset_Generate_Deterministic_Id_Best_Effort[2: TestCase{versionable=com.dotmarketing.portlets.templates.model.Template@177e2962, parent=my.host1689663692257.com, expectedName='testTitle1689663692990', expectedType='Template'}]" classname="com.dotmarketing.business.DeterministicIdentifierAPITest" time="0.002"/>
  <testcase name="Test_Asset_Generate_Deterministic_Id_Best_Effort[3: TestCase{versionable=com.dotmarketing.portlets.htmlpageasset.model.HTMLPageAsset@3d23ec95[map={template=105c0e68-2947-4be5-bd47-e0cc7d65d8b1, owner=system, identifier=c436190f-1291-46c6-9bdf-3e5b920b2115, nullProperties=[wfExpireDate, wfPublishDate, wfActionAssign, wfActionId, wfActionComments, filterKey, whereToSend, wfNeverExpire, _path_to_move, timezoneId, iWantTo, wfPublishTime, wfExpireTime], modDate=2023-07-18 07:01:33.009, cachettl=0, _is_test_mode=true, languageId=1, title=test-page-title-1689663693004, httpsreq=, url=test-page-url-1689663693004, showOnMenu=, inode=add588ad-2835-46f4-b22e-c17b9fb5fa5a, folder=1e57e812-b2b8-43a9-949f-bf7e65698f93, disabledWYSIWYG=[], sortOrder=1, modUser=system, host=7e0b0339-76fa-494f-838e-38582b45b88b, stInode=c541abb1-69b3-4bc5-8430-5e09e5239cc8, friendlyName=test-page-friendly-name-1689663693004},lowIndexPriority=false,variantId=DEFAULT], parent=com.dotmarketing.portlets.folders.model.Folder@19db4b[identifier=1e57e812-b2b8-43a9-949f-bf7e65698f93,name=testName1689663692878,sortOrder=0,showOnMenu=false,hostId=7e0b0339-76fa-494f-838e-38582b45b88b,type=folder,title=testTitle1689663692878,filesMasks=,defaultFileType=33888b6f-7a8e-4069-b1b6-5c1aa9d0a48d,modDate=2023-07-18 07:01:32.881,owner=&lt;null&gt;,iDate=2023-07-18 07:01:32.881,inode=1e57e812-b2b8-43a9-949f-bf7e65698f93,path=/testName1689663692878/], expectedName='test-page-url-1689663693004', expectedType='htmlpageasset'}]" classname="com.dotmarketing.business.DeterministicIdentifierAPITest" time="0.003"/>
  <testcase name="Test_Asset_Generate_Deterministic_Id_Best_Effort[4: TestCase{versionable=com.dotmarketing.portlets.contentlet.model.Contentlet@7d4d457b[map={fileAsset2=/home/runner/work/core/custom/assets/e/1/e1092f3c-4056-4154-a97b-55d4c29100ba/fileAsset2/test_binary1689663694889.png, modDate=2023-07-18 07:01:34.894, fileAsset1=/home/runner/work/core/custom/assets/e/1/e1092f3c-4056-4154-a97b-55d4c29100ba/fileAsset1/test_binary1689663694889.jpg, title=blah, inode=e1092f3c-4056-4154-a97b-55d4c29100ba, __IS_NEW_CONTENT__=true, disabledWYSIWYG=[], host=48190c8c-42c4-46af-8d1a-0cd5db894797, stInode=b5f92091-9976-42e4-a2f2-b94c0fbe4a12, owner=system, identifier=11ef77e0-1ab0-4bda-8e19-5fbd7d468000, nullProperties=[], languageId=1, image1=75f3fcc1-c8b7-4fac-9e98-b44d1163e250, folder=SYSTEM_FOLDER, __disable_workflow__=true, sortOrder=0, modUser=system},lowIndexPriority=false,variantId=DEFAULT], parent=demo.dotcms.com, expectedName='test_binary1689663694889.jpg:test_binary1689663694889.png', expectedType='MultipleBinaries1689663693256'}]" classname="com.dotmarketing.business.DeterministicIdentifierAPITest" time="0.003"/>
  <testcase name="Test_Asset_Generate_Deterministic_Id_Best_Effort[5: TestCase{versionable=namefefdd8d566 : keyTagfefdd8d566, parent=my.host1689663692257.com, expectedName='keyTagfefdd8d566', expectedType='persona'}]" classname="com.dotmarketing.business.DeterministicIdentifierAPITest" time="0.002"/>
  <testcase name="Test_Similar_Content_Type_Wont_Clash" classname="com.dotmarketing.business.DeterministicIdentifierAPITest" time="0.46"/>
  <testcase name="Test_Generate_Folder_Identifier" classname="com.dotmarketing.business.DeterministicIdentifierAPITest" time="0.616"/>
  <testcase name="Test_Generate_Content_Type_Identifier[0: ContentTypeTestCase{contentType=KeyValueContentType{name=Language Variable, id=f4d7c1b8-2c88-4071-abf1-a5328977b07d, description=Default Content Type for Language Variables, defaultType=false, fixed=true, iDate=Thu Aug 31 16:38:49 UTC 2017, system=true, versionable=true, variable=Languagevariable, modDate=Tue Jul 18 05:53:22 UTC 2023, host=SYSTEM_HOST, siteName=systemHost, icon=language, sortOrder=0, folder=SYSTEM_FOLDER, folderPath=/, markedForDeletion=true, multilingualable=false}, expectedName='Languagevariable', expectedType='KeyValue'}]" classname="com.dotmarketing.business.DeterministicIdentifierAPITest" time="0.005"/>
  <testcase name="Test_Generate_Content_Type_Identifier[1: ContentTypeTestCase{contentType=SimpleContentType{name=testName1689663695356, id=0920c8c2-4809-485b-8a4a-f240eff0a601, description=testDescription1689663695356, defaultType=false, fixed=false, iDate=Tue Jul 18 07:01:35 UTC 2023, system=false, versionable=true, multilingualable=false, variable=testVarname1689663695356, owner=system, modDate=Tue Jul 18 07:01:36 UTC 2023, host=48190c8c-42c4-46af-8d1a-0cd5db894797, siteName=demo.dotcms.com, icon=event_note, sortOrder=0, folder=SYSTEM_FOLDER, folderPath=/, requiredFields=[], markedForDeletion=false}, expectedName='testVarname1689663695356', expectedType='CONTENT'}]" classname="com.dotmarketing.business.DeterministicIdentifierAPITest" time="0.005"/>
  <system-out><![CDATA[]]></system-out>
  <system-err><![CDATA[]]></system-err>
</testsuite>
