<?xml version="1.0" encoding="UTF-8"?>
<testsuite name="com.dotmarketing.portlets.personas.business.DeleteMultiTreeUsedPersonaTagJobTest" tests="1" skipped="0" failures="0" errors="0" timestamp="2023-06-30T01:38:46" hostname="fv-az343-533" time="0.045">
  <properties/>
  <testcase name="testExecute" classname="com.dotmarketing.portlets.personas.business.DeleteMultiTreeUsedPersonaTagJobTest" time="0.045"/>
  <system-out><![CDATA[]]></system-out>
  <system-err><![CDATA[]]></system-err>
</testsuite>
