<?xml version="1.0" encoding="UTF-8"?>
<testsuite name="com.dotmarketing.portlets.structure.model.ContentletRelationshipsTest" tests="7" skipped="0" failures="0" errors="0" timestamp="2023-06-28T15:17:32" hostname="fv-az1135-364" time="8.834">
  <properties/>
  <testcase name="testDoesAllowOnlyOne[0: com.dotmarketing.portlets.structure.model.ContentletRelationshipsTest$CardinalityTestCase@dd7e01f]" classname="com.dotmarketing.portlets.structure.model.ContentletRelationshipsTest" time="0.565"/>
  <testcase name="testDoesAllowOnlyOne[1: com.dotmarketing.portlets.structure.model.ContentletRelationshipsTest$CardinalityTestCase@496b0e25]" classname="com.dotmarketing.portlets.structure.model.ContentletRelationshipsTest" time="0.521"/>
  <testcase name="testDoesAllowOnlyOne[2: com.dotmarketing.portlets.structure.model.ContentletRelationshipsTest$CardinalityTestCase@28b7e307]" classname="com.dotmarketing.portlets.structure.model.ContentletRelationshipsTest" time="0.581"/>
  <testcase name="testGetRelationshipRecords[0: com.dotmarketing.portlets.structure.model.ContentletRelationshipsTest$TestCase@64f9ee75]" classname="com.dotmarketing.portlets.structure.model.ContentletRelationshipsTest" time="2.188"/>
  <testcase name="testGetRelationshipRecords[1: com.dotmarketing.portlets.structure.model.ContentletRelationshipsTest$TestCase@569c3ded]" classname="com.dotmarketing.portlets.structure.model.ContentletRelationshipsTest" time="2.06"/>
  <testcase name="testGetRelationshipRecords[2: com.dotmarketing.portlets.structure.model.ContentletRelationshipsTest$TestCase@47970b3d]" classname="com.dotmarketing.portlets.structure.model.ContentletRelationshipsTest" time="1.97"/>
  <testcase name="testGetRelationshipRecords[3: com.dotmarketing.portlets.structure.model.ContentletRelationshipsTest$TestCase@502f7713]" classname="com.dotmarketing.portlets.structure.model.ContentletRelationshipsTest" time="0.948"/>
  <system-out><![CDATA[]]></system-out>
  <system-err><![CDATA[]]></system-err>
</testsuite>
