<?xml version="1.0" encoding="UTF-8"?>
<testsuite name="com.dotcms.contenttype.business.FieldAPITest" tests="93" skipped="0" failures="0" errors="0" timestamp="2023-07-12T19:32:09" hostname="fv-az449-127" time="21.797">
  <properties/>
  <testcase name="test_SaveNewIndexedField_ShouldAddESMapping" classname="com.dotcms.contenttype.business.FieldAPITest" time="0.416"/>
  <testcase name="getFieldVariablesForField" classname="com.dotcms.contenttype.business.FieldAPITest" time="0.46"/>
  <testcase name="testSaveRelationshipWithDuplicateFieldsShouldThrowAnException[0: com.dotcms.contenttype.business.FieldAPITest$UniqueConstraintTestCase@795ceac2]" classname="com.dotcms.contenttype.business.FieldAPITest" time="0.459"/>
  <testcase name="testSaveRelationshipWithDuplicateFieldsShouldThrowAnException[1: com.dotcms.contenttype.business.FieldAPITest$UniqueConstraintTestCase@4baa0c2e]" classname="com.dotcms.contenttype.business.FieldAPITest" time="0.495"/>
  <testcase name="testSaveRelationshipWithDuplicateFieldsShouldThrowAnException[2: com.dotcms.contenttype.business.FieldAPITest$UniqueConstraintTestCase@1ceab717]" classname="com.dotcms.contenttype.business.FieldAPITest" time="0.428"/>
  <testcase name="testSaveRelationshipWithDuplicateFieldsShouldThrowAnException[3: com.dotcms.contenttype.business.FieldAPITest$UniqueConstraintTestCase@72456f7f]" classname="com.dotcms.contenttype.business.FieldAPITest" time="0.42"/>
  <testcase name="testSaveRelationshipWithDuplicateFieldsShouldThrowAnException[4: com.dotcms.contenttype.business.FieldAPITest$UniqueConstraintTestCase@6c51910f]" classname="com.dotcms.contenttype.business.FieldAPITest" time="0.506"/>
  <testcase name="testSaveRelationshipWithDuplicateFieldsShouldThrowAnException[5: com.dotcms.contenttype.business.FieldAPITest$UniqueConstraintTestCase@77812bd7]" classname="com.dotcms.contenttype.business.FieldAPITest" time="0.53"/>
  <testcase name="test_GivenBothSidedRelationshipField_WhenRemovingChildField_RelationshipShouldBeGettable" classname="com.dotcms.contenttype.business.FieldAPITest" time="0.727"/>
  <testcase name="test_GivenBothSidedRelationshipField_WhenRemovingParentField_RelationshipShouldBeGettable" classname="com.dotcms.contenttype.business.FieldAPITest" time="0.654"/>
  <testcase name="testSaveRelationshipField_when_newFieldIsSetToAnExistingRelationship_SaveShouldSucceed" classname="com.dotcms.contenttype.business.FieldAPITest" time="0.672"/>
  <testcase name="testSaveOneSidedRelationship_when_theChildContentTypeIsRelatedWithAnotherContentType_ShouldSucceed" classname="com.dotcms.contenttype.business.FieldAPITest" time="2.167"/>
  <testcase name="testSaveFieldVariable_KeyWithSpecialChars_ShouldSucceed[0: __myKey]" classname="com.dotcms.contenttype.business.FieldAPITest" time="0.079"/>
  <testcase name="testSaveFieldVariable_KeyWithSpecialChars_ShouldSucceed[1: dottype.]" classname="com.dotcms.contenttype.business.FieldAPITest" time="0.088"/>
  <testcase name="testSaveFieldVariable_KeyWithSpecialChars_ShouldSucceed[2: dot:type]" classname="com.dotcms.contenttype.business.FieldAPITest" time="0.09"/>
  <testcase name="testSaveFieldVariable_KeyWithSpecialChars_ShouldSucceed[3: dot-type]" classname="com.dotcms.contenttype.business.FieldAPITest" time="0.087"/>
  <testcase name="testSaveFieldVariable_KeyWithSpecialChars_ShouldSucceed[4: *dottype*]" classname="com.dotcms.contenttype.business.FieldAPITest" time="0.077"/>
  <testcase name="testSaveFieldVariable_KeyWithSpecialChars_ShouldSucceed[5: $my^^&amp;key%]" classname="com.dotcms.contenttype.business.FieldAPITest" time="0.073"/>
  <testcase name="testUpdateParentFieldInARelationship_shouldSucceed" classname="com.dotcms.contenttype.business.FieldAPITest" time="0.753"/>
  <testcase name="testSaveOneSidedManyToOneRelationshipField_returns_newRelationshipObject" classname="com.dotcms.contenttype.business.FieldAPITest" time="0.518"/>
  <testcase name="testUpdateSelfRelatedFields_shouldNotChangeRelationNames" classname="com.dotcms.contenttype.business.FieldAPITest" time="0.762"/>
  <testcase name="testSaveRelationshipFieldBothSidesRequired_ShouldSucceed" classname="com.dotcms.contenttype.business.FieldAPITest" time="0.753"/>
  <testcase name="testSaveRelationshipField_when_replacingChildInABothSidedRelationship_ShouldThrowException" classname="com.dotcms.contenttype.business.FieldAPITest" time="0.799"/>
  <testcase name="testValidateRelationshipFieldWithDash_shouldThrowAnException" classname="com.dotcms.contenttype.business.FieldAPITest" time="0.05"/>
  <testcase name="test_SaveField_GivenTypeName_GeneratedVariableIsSameAsProvidedOne: caseModDateCompatible" classname="com.dotcms.contenttype.business.FieldAPITest" time="0.09"/>
  <testcase name="test_SaveField_GivenTypeName_GeneratedVariableIsSameAsProvidedOne: caseTitleCompatible" classname="com.dotcms.contenttype.business.FieldAPITest" time="0.08"/>
  <testcase name="test_SaveField_GivenTypeName_GeneratedVariableIsSameAsProvidedOne: caseTitleImageCompatible" classname="com.dotcms.contenttype.business.FieldAPITest" time="0.08"/>
  <testcase name="test_SaveField_GivenTypeName_GeneratedVariableIsSameAsProvidedOne: caseContentTypeCompatible" classname="com.dotcms.contenttype.business.FieldAPITest" time="0.077"/>
  <testcase name="test_SaveField_GivenTypeName_GeneratedVariableIsSameAsProvidedOne: caseBaseTypeCompatible" classname="com.dotcms.contenttype.business.FieldAPITest" time="0.075"/>
  <testcase name="test_SaveField_GivenTypeName_GeneratedVariableIsSameAsProvidedOne: caseLiveCompatible" classname="com.dotcms.contenttype.business.FieldAPITest" time="0.088"/>
  <testcase name="test_SaveField_GivenTypeName_GeneratedVariableIsSameAsProvidedOne: caseWorkingCompatible" classname="com.dotcms.contenttype.business.FieldAPITest" time="0.083"/>
  <testcase name="test_SaveField_GivenTypeName_GeneratedVariableIsSameAsProvidedOne: caseArchivedCompatible" classname="com.dotcms.contenttype.business.FieldAPITest" time="0.076"/>
  <testcase name="test_SaveField_GivenTypeName_GeneratedVariableIsSameAsProvidedOne: caseLockedCompatible" classname="com.dotcms.contenttype.business.FieldAPITest" time="0.075"/>
  <testcase name="test_SaveField_GivenTypeName_GeneratedVariableIsSameAsProvidedOne: caseIdentifierCompatible" classname="com.dotcms.contenttype.business.FieldAPITest" time="0.077"/>
  <testcase name="test_SaveField_GivenTypeName_GeneratedVariableIsSameAsProvidedOne: caseInodeCompatible" classname="com.dotcms.contenttype.business.FieldAPITest" time="0.084"/>
  <testcase name="test_SaveField_GivenTypeName_GeneratedVariableIsSameAsProvidedOne: caseUrlMapCompatible" classname="com.dotcms.contenttype.business.FieldAPITest" time="0.086"/>
  <testcase name="test_GivenOneSidedRelationshipField_WhenRemovingField_RelationshipShouldBeWiped" classname="com.dotcms.contenttype.business.FieldAPITest" time="0.466"/>
  <testcase name="testSave_InvalidVariable_ShouldThrowException[0: (123, true)]" classname="com.dotcms.contenttype.business.FieldAPITest" time="0.061"/>
  <testcase name="testSave_InvalidVariable_ShouldThrowException[1: (_123, true)]" classname="com.dotcms.contenttype.business.FieldAPITest" time="0.048"/>
  <testcase name="testSave_InvalidVariable_ShouldThrowException[2: (_123a, true)]" classname="com.dotcms.contenttype.business.FieldAPITest" time="0.05"/>
  <testcase name="testSave_InvalidVariable_ShouldThrowException[3: (asd123asd, false)]" classname="com.dotcms.contenttype.business.FieldAPITest" time="0.061"/>
  <testcase name="testSave_InvalidVariable_ShouldThrowException[4: (Asfsdf, false)]" classname="com.dotcms.contenttype.business.FieldAPITest" time="0.055"/>
  <testcase name="testSave_InvalidVariable_ShouldThrowException[5: (aa123, false)]" classname="com.dotcms.contenttype.business.FieldAPITest" time="0.086"/>
  <testcase name="test_SaveNewRelationshipField_ShouldAddESMapping" classname="com.dotcms.contenttype.business.FieldAPITest" time="0.435"/>
  <testcase name="testSaveRelationshipField_GivenRecreatedDeletedRelationshipFieldChoosingExistingRel_SaveShouldSucceed" classname="com.dotcms.contenttype.business.FieldAPITest" time="0.9"/>
  <testcase name="test_SaveField_GivenGraphQLCompatibleVariable_ShouldSave: caseModDateCompatible" classname="com.dotcms.contenttype.business.FieldAPITest" time="0.079"/>
  <testcase name="test_SaveField_GivenGraphQLCompatibleVariable_ShouldSave: caseTitleCompatible" classname="com.dotcms.contenttype.business.FieldAPITest" time="0.068"/>
  <testcase name="test_SaveField_GivenGraphQLCompatibleVariable_ShouldSave: caseTitleImageCompatible" classname="com.dotcms.contenttype.business.FieldAPITest" time="0.097"/>
  <testcase name="test_SaveField_GivenGraphQLCompatibleVariable_ShouldSave: caseContentTypeCompatible" classname="com.dotcms.contenttype.business.FieldAPITest" time="0.081"/>
  <testcase name="test_SaveField_GivenGraphQLCompatibleVariable_ShouldSave: caseBaseTypeCompatible" classname="com.dotcms.contenttype.business.FieldAPITest" time="0.079"/>
  <testcase name="test_SaveField_GivenGraphQLCompatibleVariable_ShouldSave: caseLiveCompatible" classname="com.dotcms.contenttype.business.FieldAPITest" time="0.065"/>
  <testcase name="test_SaveField_GivenGraphQLCompatibleVariable_ShouldSave: caseWorkingCompatible" classname="com.dotcms.contenttype.business.FieldAPITest" time="0.075"/>
  <testcase name="test_SaveField_GivenGraphQLCompatibleVariable_ShouldSave: caseArchivedCompatible" classname="com.dotcms.contenttype.business.FieldAPITest" time="0.077"/>
  <testcase name="test_SaveField_GivenGraphQLCompatibleVariable_ShouldSave: caseLockedCompatible" classname="com.dotcms.contenttype.business.FieldAPITest" time="0.073"/>
  <testcase name="test_SaveField_GivenGraphQLCompatibleVariable_ShouldSave: caseIdentifierCompatible" classname="com.dotcms.contenttype.business.FieldAPITest" time="0.084"/>
  <testcase name="test_SaveField_GivenGraphQLCompatibleVariable_ShouldSave: caseInodeCompatible" classname="com.dotcms.contenttype.business.FieldAPITest" time="0.136"/>
  <testcase name="test_SaveField_GivenGraphQLCompatibleVariable_ShouldSave: caseUrlMapCompatible" classname="com.dotcms.contenttype.business.FieldAPITest" time="0.084"/>
  <testcase name="testSave_InvalidName_ShouldThrowException[0: 123]" classname="com.dotcms.contenttype.business.FieldAPITest" time="0.056"/>
  <testcase name="testSave_InvalidName_ShouldThrowException[1: 123abc]" classname="com.dotcms.contenttype.business.FieldAPITest" time="0.052"/>
  <testcase name="testSave_InvalidName_ShouldThrowException[2: _123a]" classname="com.dotcms.contenttype.business.FieldAPITest" time="0.062"/>
  <testcase name="testSave_InvalidName_ShouldThrowException[3: asd123asd]" classname="com.dotcms.contenttype.business.FieldAPITest" time="0.055"/>
  <testcase name="testSave_InvalidName_ShouldThrowException[4: Asfsdf]" classname="com.dotcms.contenttype.business.FieldAPITest" time="0.057"/>
  <testcase name="testSave_InvalidName_ShouldThrowException[5: aa123]" classname="com.dotcms.contenttype.business.FieldAPITest" time="0.062"/>
  <testcase name="testSave_InvalidName_ShouldThrowException[6: This is a field]" classname="com.dotcms.contenttype.business.FieldAPITest" time="0.059"/>
  <testcase name="testSave_InvalidName_ShouldThrowException[7: Field &amp;&amp; ,,,..**==} name~~~__]" classname="com.dotcms.contenttype.business.FieldAPITest" time="0.055"/>
  <testcase name="testSave_InvalidName_ShouldThrowException[8: __]" classname="com.dotcms.contenttype.business.FieldAPITest" time="0.057"/>
  <testcase name="test_SaveNewNoIndexedField_ShouldNotAddESMapping" classname="com.dotcms.contenttype.business.FieldAPITest" time="0.066"/>
  <testcase name="testValidateRelationshipField_shouldThrowAnException[0: com.dotcms.contenttype.business.FieldAPITest$TestCase@37cfe5]" classname="com.dotcms.contenttype.business.FieldAPITest" time="0.044"/>
  <testcase name="testValidateRelationshipField_shouldThrowAnException[1: com.dotcms.contenttype.business.FieldAPITest$TestCase@63d13ab7]" classname="com.dotcms.contenttype.business.FieldAPITest" time="0.045"/>
  <testcase name="testValidateRelationshipField_shouldThrowAnException[2: com.dotcms.contenttype.business.FieldAPITest$TestCase@3eabc39a]" classname="com.dotcms.contenttype.business.FieldAPITest" time="0.05"/>
  <testcase name="testSaveRelationshipField_when_replacingParentInABothSidedRelationship_ShouldThrowException" classname="com.dotcms.contenttype.business.FieldAPITest" time="0.745"/>
  <testcase name="testSave_UpdateExistingFieldWithDifferentContentType_ShouldThrowException" classname="com.dotcms.contenttype.business.FieldAPITest" time="0.049"/>
  <testcase name="test_SaveField_GivenTypeName_GeneratedVariableIsDifferentThanProvidedOne: caseModDateIncompatible" classname="com.dotcms.contenttype.business.FieldAPITest" time="0.078"/>
  <testcase name="test_SaveField_GivenTypeName_GeneratedVariableIsDifferentThanProvidedOne: caseTitleIncompatible" classname="com.dotcms.contenttype.business.FieldAPITest" time="0.085"/>
  <testcase name="test_SaveField_GivenTypeName_GeneratedVariableIsDifferentThanProvidedOne: caseTitleImageIncompatible" classname="com.dotcms.contenttype.business.FieldAPITest" time="0.077"/>
  <testcase name="test_SaveField_GivenTypeName_GeneratedVariableIsDifferentThanProvidedOne: caseContentTypeIncompatible" classname="com.dotcms.contenttype.business.FieldAPITest" time="0.079"/>
  <testcase name="test_SaveField_GivenTypeName_GeneratedVariableIsDifferentThanProvidedOne: caseConLanguageIncompatible" classname="com.dotcms.contenttype.business.FieldAPITest" time="0.082"/>
  <testcase name="test_SaveField_GivenTypeName_GeneratedVariableIsDifferentThanProvidedOne: caseConLanguageParentIncompatible" classname="com.dotcms.contenttype.business.FieldAPITest" time="0.368"/>
  <testcase name="test_SaveField_GivenTypeName_GeneratedVariableIsDifferentThanProvidedOne: caseBaseTypeIncompatible" classname="com.dotcms.contenttype.business.FieldAPITest" time="0.082"/>
  <testcase name="test_SaveField_GivenTypeName_GeneratedVariableIsDifferentThanProvidedOne: caseLiveIncompatible" classname="com.dotcms.contenttype.business.FieldAPITest" time="0.078"/>
  <testcase name="test_SaveField_GivenTypeName_GeneratedVariableIsDifferentThanProvidedOne: caseIdentifierIncompatible" classname="com.dotcms.contenttype.business.FieldAPITest" time="0.084"/>
  <testcase name="test_SaveField_GivenTypeName_GeneratedVariableIsDifferentThanProvidedOne: caseInodeIncompatible" classname="com.dotcms.contenttype.business.FieldAPITest" time="0.078"/>
  <testcase name="test_SaveField_GivenTypeName_GeneratedVariableIsDifferentThanProvidedOne: caseHostIncompatible" classname="com.dotcms.contenttype.business.FieldAPITest" time="0.079"/>
  <testcase name="test_SaveField_GivenTypeName_GeneratedVariableIsDifferentThanProvidedOne: caseHostParentIncompatible" classname="com.dotcms.contenttype.business.FieldAPITest" time="0.436"/>
  <testcase name="test_SaveField_GivenTypeName_GeneratedVariableIsDifferentThanProvidedOne: caseFolderIncompatible" classname="com.dotcms.contenttype.business.FieldAPITest" time="0.081"/>
  <testcase name="test_SaveField_GivenTypeName_GeneratedVariableIsDifferentThanProvidedOne: caseFolder_ParentIncompatible" classname="com.dotcms.contenttype.business.FieldAPITest" time="0.389"/>
  <testcase name="test_SaveField_GivenTypeName_GeneratedVariableIsDifferentThanProvidedOne: caseUrlMapIncompatible" classname="com.dotcms.contenttype.business.FieldAPITest" time="0.077"/>
  <testcase name="test_SaveField_GivenTypeName_GeneratedVariableIsDifferentThanProvidedOne: caseOwnerIncompatible" classname="com.dotcms.contenttype.business.FieldAPITest" time="0.082"/>
  <testcase name="test_SaveField_GivenTypeName_GeneratedVariableIsDifferentThanProvidedOne: caseOwner_ParentIncompatible" classname="com.dotcms.contenttype.business.FieldAPITest" time="0.388"/>
  <testcase name="test_SaveField_GivenTypeName_GeneratedVariableIsDifferentThanProvidedOne: caseModUserIncompatible" classname="com.dotcms.contenttype.business.FieldAPITest" time="0.081"/>
  <testcase name="test_SaveField_GivenTypeName_GeneratedVariableIsDifferentThanProvidedOne: caseModUser_ParentIncompatible" classname="com.dotcms.contenttype.business.FieldAPITest" time="0.372"/>
  <testcase name="testUpdateOneSidedRelationshipField_shouldSucceed" classname="com.dotcms.contenttype.business.FieldAPITest" time="0.52"/>
  <testcase name="testSaveOneSidedRelationshipField_returns_newRelationshipObject" classname="com.dotcms.contenttype.business.FieldAPITest" time="0.467"/>
  <system-out><![CDATA[]]></system-out>
  <system-err><![CDATA[]]></system-err>
</testsuite>
