<?xml version="1.0" encoding="UTF-8"?>
<testsuite name="com.dotmarketing.startup.runonce.Task220825MakeSomeSystemFieldsRemovableTest" tests="1" skipped="0" failures="0" errors="0" timestamp="2023-07-20T23:04:22" hostname="fv-az803-349" time="0.044">
  <properties/>
  <testcase name="testExecuteUpgrade" classname="com.dotmarketing.startup.runonce.Task220825MakeSomeSystemFieldsRemovableTest" time="0.044"/>
  <system-out><![CDATA[]]></system-out>
  <system-err><![CDATA[]]></system-err>
</testsuite>
