<?xml version="1.0" encoding="UTF-8"?>
<testsuite name="com.dotmarketing.servlets.ajax.AjaxDirectorServletIntegrationTest" tests="2" skipped="0" failures="0" errors="0" timestamp="2023-06-26T15:36:55" hostname="fv-az180-822" time="1.008">
  <properties/>
  <testcase name="testService[0: com.dotmarketing.servlets.ajax.AjaxDirectorServletTestCase@7d857e2f]" classname="com.dotmarketing.servlets.ajax.AjaxDirectorServletIntegrationTest" time="0.63"/>
  <testcase name="testService[1: com.dotmarketing.servlets.ajax.AjaxDirectorServletTestCase@1fcc30]" classname="com.dotmarketing.servlets.ajax.AjaxDirectorServletIntegrationTest" time="0.378"/>
  <system-out><![CDATA[]]></system-out>
  <system-err><![CDATA[]]></system-err>
</testsuite>
