<?xml version="1.0" encoding="UTF-8"?>
<testsuite name="com.dotmarketing.servlets.ajax.AjaxDirectorServletIntegrationTest" tests="2" skipped="0" failures="0" errors="0" timestamp="2023-07-06T23:21:40" hostname="fv-az791-68" time="1.122">
  <properties/>
  <testcase name="testService[0: com.dotmarketing.servlets.ajax.AjaxDirectorServletTestCase@a577a7d]" classname="com.dotmarketing.servlets.ajax.AjaxDirectorServletIntegrationTest" time="0.828"/>
  <testcase name="testService[1: com.dotmarketing.servlets.ajax.AjaxDirectorServletTestCase@65230948]" classname="com.dotmarketing.servlets.ajax.AjaxDirectorServletIntegrationTest" time="0.294"/>
  <system-out><![CDATA[]]></system-out>
  <system-err><![CDATA[]]></system-err>
</testsuite>
