<?xml version="1.0" encoding="UTF-8"?>
<testsuite name="com.dotmarketing.business.DeterministicIdentifierAPITest" tests="16" skipped="0" failures="0" errors="0" timestamp="2023-06-30T16:09:54" hostname="fv-az178-462" time="1.209">
  <properties/>
  <testcase name="Test_Category_Path_Seed_And_Id" classname="com.dotmarketing.business.DeterministicIdentifierAPITest" time="0.035"/>
  <testcase name="Test_Language_Deterministic_Id[0: LanguageTestCase{expectedSeed='Language:es:US', expectedHash=4913155, langCode='es', countryCode='US', country='United States'}]" classname="com.dotmarketing.business.DeterministicIdentifierAPITest" time="0.001"/>
  <testcase name="Test_Language_Deterministic_Id[1: LanguageTestCase{expectedSeed='Language:ep:', expectedHash=5292269, langCode='ep', countryCode='', country=''}]" classname="com.dotmarketing.business.DeterministicIdentifierAPITest" time="0.001"/>
  <testcase name="Test_Language_Deterministic_Id[2: LanguageTestCase{expectedSeed='Language:sg:SAG', expectedHash=4713118, langCode='sg', countryCode='SAG', country=''}]" classname="com.dotmarketing.business.DeterministicIdentifierAPITest" time="0.001"/>
  <testcase name="Test_Language_Deterministic_Id[3: LanguageTestCase{expectedSeed='Language:en:NZ', expectedHash=5382528, langCode='en', countryCode='NZ', country='New Zealand'}]" classname="com.dotmarketing.business.DeterministicIdentifierAPITest" time="0.003"/>
  <testcase name="Test_Category_None_Persisted_Category_Should_Return_Deterministic_Id" classname="com.dotmarketing.business.DeterministicIdentifierAPITest" time="0.002"/>
  <testcase name="Test_Asset_Generate_Deterministic_Id_Best_Effort[0: TestCase{versionable=my.host1688140982963.com, parent=System Host, expectedName='my.host1688140982963.com', expectedType='Host'}]" classname="com.dotmarketing.business.DeterministicIdentifierAPITest" time="0.004"/>
  <testcase name="Test_Asset_Generate_Deterministic_Id_Best_Effort[1: TestCase{versionable=com.dotmarketing.portlets.contentlet.model.Contentlet@29abe25a[map={modDate=2023-06-30 16:03:03.43, fileName=file8525784699582949978.txt, title=file8525784699582949978.txt, inode=233151d5-deca-4db4-9c6c-a1c3d3ab6111, __IS_NEW_CONTENT__=true, disabledWYSIWYG=[], host=06e88732-2106-476a-8781-b812c42847c9, stInode=33888b6f-7a8e-4069-b1b6-5c1aa9d0a48d, owner=system, identifier=b6d2aa70-0373-46ec-a667-2e569c34a4a3, nullProperties=[wfExpireDate, wfPublishDate, wfActionAssign, wfActionId, wfActionComments, filterKey, whereToSend, wfNeverExpire, _path_to_move, timezoneId, iWantTo, wfPublishTime, wfExpireTime], languageId=1, fileAsset=/home/runner/work/core/custom/assets/2/3/233151d5-deca-4db4-9c6c-a1c3d3ab6111/fileAsset/file8525784699582949978.txt, folder=e50a9d71-5218-4e60-85b7-26497ad87290, __disable_workflow__=true, sortOrder=0, modUser=system},lowIndexPriority=false,variantId=DEFAULT], parent=com.dotmarketing.portlets.folders.model.Folder@30955093[identifier=e50a9d71-5218-4e60-85b7-26497ad87290,name=testName1688140983420,sortOrder=0,showOnMenu=false,hostId=06e88732-2106-476a-8781-b812c42847c9,type=folder,title=testTitle1688140983420,filesMasks=,defaultFileType=33888b6f-7a8e-4069-b1b6-5c1aa9d0a48d,modDate=2023-06-30 16:03:03.424,owner=&lt;null&gt;,iDate=2023-06-30 16:03:03.424,inode=e50a9d71-5218-4e60-85b7-26497ad87290,path=/testName1688140983420/], expectedName='file8525784699582949978.txt', expectedType='FileAsset'}]" classname="com.dotmarketing.business.DeterministicIdentifierAPITest" time="0.003"/>
  <testcase name="Test_Asset_Generate_Deterministic_Id_Best_Effort[2: TestCase{versionable=com.dotmarketing.portlets.templates.model.Template@eb7d8911, parent=my.host1688140982963.com, expectedName='testTitle1688140983547', expectedType='Template'}]" classname="com.dotmarketing.business.DeterministicIdentifierAPITest" time="0.003"/>
  <testcase name="Test_Asset_Generate_Deterministic_Id_Best_Effort[3: TestCase{versionable=com.dotmarketing.portlets.htmlpageasset.model.HTMLPageAsset@3ca1c52a[map={template=d4c7ea1d-fc4e-44d0-b962-b9df82bfc142, owner=system, identifier=aa6af726-7b17-46e6-b937-0b02c63e218b, nullProperties=[wfExpireDate, wfPublishDate, wfActionAssign, wfActionId, wfActionComments, filterKey, whereToSend, wfNeverExpire, _path_to_move, timezoneId, iWantTo, wfPublishTime, wfExpireTime], modDate=2023-06-30 16:03:03.623, cachettl=0, _is_test_mode=true, languageId=1, title=test-page-title-1688140983619, httpsreq=, url=test-page-url-1688140983619, showOnMenu=, inode=32b99ed3-bed0-4c30-8bb5-46ee255ebc70, folder=e50a9d71-5218-4e60-85b7-26497ad87290, disabledWYSIWYG=[], sortOrder=1, modUser=system, host=06e88732-2106-476a-8781-b812c42847c9, stInode=c541abb1-69b3-4bc5-8430-5e09e5239cc8, friendlyName=test-page-friendly-name-1688140983619},lowIndexPriority=false,variantId=DEFAULT], parent=com.dotmarketing.portlets.folders.model.Folder@30955093[identifier=e50a9d71-5218-4e60-85b7-26497ad87290,name=testName1688140983420,sortOrder=0,showOnMenu=false,hostId=06e88732-2106-476a-8781-b812c42847c9,type=folder,title=testTitle1688140983420,filesMasks=,defaultFileType=33888b6f-7a8e-4069-b1b6-5c1aa9d0a48d,modDate=2023-06-30 16:03:03.424,owner=&lt;null&gt;,iDate=2023-06-30 16:03:03.424,inode=e50a9d71-5218-4e60-85b7-26497ad87290,path=/testName1688140983420/], expectedName='test-page-url-1688140983619', expectedType='htmlpageasset'}]" classname="com.dotmarketing.business.DeterministicIdentifierAPITest" time="0.003"/>
  <testcase name="Test_Asset_Generate_Deterministic_Id_Best_Effort[4: TestCase{versionable=com.dotmarketing.portlets.contentlet.model.Contentlet@298356e3[map={fileAsset2=/home/runner/work/core/custom/assets/9/c/9c215f2c-0851-4841-8e7f-4035c320ac45/fileAsset2/test_binary1688140985430.png, modDate=2023-06-30 16:03:05.435, fileAsset1=/home/runner/work/core/custom/assets/9/c/9c215f2c-0851-4841-8e7f-4035c320ac45/fileAsset1/test_binary1688140985430.jpg, title=blah, inode=9c215f2c-0851-4841-8e7f-4035c320ac45, __IS_NEW_CONTENT__=true, disabledWYSIWYG=[], host=48190c8c-42c4-46af-8d1a-0cd5db894797, stInode=e1025621-5036-43ba-a344-6014d088c742, owner=system, identifier=d2412f21-6373-4f23-932e-1c97c68f134b, nullProperties=[], languageId=1, image1=fc0e8ef5-e596-4ed3-8564-32f18c9152f9, folder=SYSTEM_FOLDER, __disable_workflow__=true, sortOrder=0, modUser=system},lowIndexPriority=false,variantId=DEFAULT], parent=demo.dotcms.com, expectedName='test_binary1688140985430.jpg:test_binary1688140985430.png', expectedType='MultipleBinaries1688140983788'}]" classname="com.dotmarketing.business.DeterministicIdentifierAPITest" time="0.003"/>
  <testcase name="Test_Asset_Generate_Deterministic_Id_Best_Effort[5: TestCase{versionable=name066d1bf980 : keyTag066d1bf980, parent=my.host1688140982963.com, expectedName='keyTag066d1bf980', expectedType='persona'}]" classname="com.dotmarketing.business.DeterministicIdentifierAPITest" time="0.002"/>
  <testcase name="Test_Similar_Content_Type_Wont_Clash" classname="com.dotmarketing.business.DeterministicIdentifierAPITest" time="0.588"/>
  <testcase name="Test_Generate_Folder_Identifier" classname="com.dotmarketing.business.DeterministicIdentifierAPITest" time="0.516"/>
  <testcase name="Test_Generate_Content_Type_Identifier[0: ContentTypeTestCase{contentType=KeyValueContentType{name=Language Variable, id=f4d7c1b8-2c88-4071-abf1-a5328977b07d, description=Default Content Type for Language Variables, defaultType=false, fixed=true, iDate=Thu Aug 31 16:38:49 UTC 2017, system=true, versionable=true, variable=Languagevariable, modDate=Fri Jun 30 14:52:38 UTC 2023, host=SYSTEM_HOST, siteName=systemHost, icon=language, sortOrder=0, folder=SYSTEM_FOLDER, folderPath=/, markedForDeletion=true, multilingualable=false}, expectedName='Languagevariable', expectedType='KeyValue'}]" classname="com.dotmarketing.business.DeterministicIdentifierAPITest" time="0.029"/>
  <testcase name="Test_Generate_Content_Type_Identifier[1: ContentTypeTestCase{contentType=SimpleContentType{name=testName1688140985898, id=c9594bbd-36d9-4219-8917-e8b26f22456a, description=testDescription1688140985898, defaultType=false, fixed=false, iDate=Fri Jun 30 16:03:05 UTC 2023, system=false, versionable=true, multilingualable=false, variable=testVarname1688140985898, owner=system, modDate=Fri Jun 30 16:03:06 UTC 2023, host=48190c8c-42c4-46af-8d1a-0cd5db894797, siteName=demo.dotcms.com, icon=event_note, sortOrder=0, folder=SYSTEM_FOLDER, folderPath=/, requiredFields=[], markedForDeletion=false}, expectedName='testVarname1688140985898', expectedType='CONTENT'}]" classname="com.dotmarketing.business.DeterministicIdentifierAPITest" time="0.009"/>
  <system-out><![CDATA[]]></system-out>
  <system-err><![CDATA[]]></system-err>
</testsuite>
