<?xml version="1.0" encoding="UTF-8"?>
<testsuite name="com.dotmarketing.startup.runonce.Task220824CreateDefaultVariantTest" tests="3" skipped="0" failures="0" errors="0" timestamp="2023-07-21T16:44:53" hostname="fv-az453-320" time="0.028">
  <properties/>
  <testcase name="runningTU" classname="com.dotmarketing.startup.runonce.Task220824CreateDefaultVariantTest" time="0.022"/>
  <testcase name="forceRun" classname="com.dotmarketing.startup.runonce.Task220824CreateDefaultVariantTest" time="0.003"/>
  <testcase name="runningTwice" classname="com.dotmarketing.startup.runonce.Task220824CreateDefaultVariantTest" time="0.002"/>
  <system-out><![CDATA[]]></system-out>
  <system-err><![CDATA[]]></system-err>
</testsuite>
