<?xml version="1.0" encoding="UTF-8"?>
<testsuite name="com.dotmarketing.servlets.ajax.AjaxDirectorServletIntegrationTest" tests="2" skipped="0" failures="0" errors="0" timestamp="2023-07-12T23:48:48" hostname="fv-az1259-223" time="0.809">
  <properties/>
  <testcase name="testService[0: com.dotmarketing.servlets.ajax.AjaxDirectorServletTestCase@62090cbf]" classname="com.dotmarketing.servlets.ajax.AjaxDirectorServletIntegrationTest" time="0.471"/>
  <testcase name="testService[1: com.dotmarketing.servlets.ajax.AjaxDirectorServletTestCase@65879799]" classname="com.dotmarketing.servlets.ajax.AjaxDirectorServletIntegrationTest" time="0.337"/>
  <system-out><![CDATA[]]></system-out>
  <system-err><![CDATA[]]></system-err>
</testsuite>
