<?xml version="1.0" encoding="UTF-8"?>
<testsuite name="com.dotcms.publisher.business.PublisherAPIImplTest" tests="8" skipped="0" failures="0" errors="0" timestamp="2023-07-18T22:03:14" hostname="fv-az193-732" time="11.271">
  <properties/>
  <testcase name="test_addExperimentToPushPublishQueue_shouldAddProperly" classname="com.dotcms.publisher.business.PublisherAPIImplTest" time="1.258"/>
  <testcase name="test_deleteElementFromPublishQueueTable_OneAsset" classname="com.dotcms.publisher.business.PublisherAPIImplTest" time="1.501"/>
  <testcase name="test_deleteElementFromPublishQueueTable_TwoAssets" classname="com.dotcms.publisher.business.PublisherAPIImplTest" time="2.1"/>
  <testcase name="test_deleteElementsFromPublishQueueTable_TwoAssets" classname="com.dotcms.publisher.business.PublisherAPIImplTest" time="2.01"/>
  <testcase name="test_getQueueBundleIdsToProcess_ShouldExcludeFailedIntegrityStatus[0: BUNDLE_SENT_SUCCESSFULLY]" classname="com.dotcms.publisher.business.PublisherAPIImplTest" time="1.132"/>
  <testcase name="test_getQueueBundleIdsToProcess_ShouldExcludeFailedIntegrityStatus[1: PUBLISHING_BUNDLE]" classname="com.dotcms.publisher.business.PublisherAPIImplTest" time="1.083"/>
  <testcase name="test_getQueueBundleIdsToProcess_ShouldExcludeFailedIntegrityStatus[2: WAITING_FOR_PUBLISHING]" classname="com.dotcms.publisher.business.PublisherAPIImplTest" time="1.098"/>
  <testcase name="test_getQueueBundleIdsToProcess_ShouldExcludeFailedIntegrityStatus[3: FAILED_INTEGRITY_CHECK]" classname="com.dotcms.publisher.business.PublisherAPIImplTest" time="1.088"/>
  <system-out><![CDATA[]]></system-out>
  <system-err><![CDATA[]]></system-err>
</testsuite>
