<?xml version="1.0" encoding="UTF-8"?>
<testsuite name="com.dotcms.integritycheckers.HostIntegrityCheckerTest" tests="7" skipped="0" failures="0" errors="0" timestamp="2023-06-30T15:59:54" hostname="fv-az451-778" time="3.991">
  <properties/>
  <testcase name="test_getIntegrityType" classname="com.dotcms.integritycheckers.HostIntegrityCheckerTest" time="0.0"/>
  <testcase name="test_generateIntegrityResults[0: true]" classname="com.dotcms.integritycheckers.HostIntegrityCheckerTest" time="0.718"/>
  <testcase name="test_generateIntegrityResults[1: false]" classname="com.dotcms.integritycheckers.HostIntegrityCheckerTest" time="0.649"/>
  <testcase name="test_executeFix[0: true]" classname="com.dotcms.integritycheckers.HostIntegrityCheckerTest" time="0.696"/>
  <testcase name="test_executeFix[1: false]" classname="com.dotcms.integritycheckers.HostIntegrityCheckerTest" time="0.726"/>
  <testcase name="test_generateCSVFile" classname="com.dotcms.integritycheckers.HostIntegrityCheckerTest" time="0.165"/>
  <testcase name="test_executeFix_identifierColumnsNotNull" classname="com.dotcms.integritycheckers.HostIntegrityCheckerTest" time="1.037"/>
  <system-out><![CDATA[]]></system-out>
  <system-err><![CDATA[]]></system-err>
</testsuite>
