<?xml version="1.0" encoding="UTF-8"?>
<testsuite name="com.dotmarketing.osgi.GenericBundleActivatorTest" tests="6" skipped="1" failures="0" errors="0" timestamp="2023-07-21T06:54:06" hostname="fv-az484-380" time="0.212">
  <properties/>
  <testcase name="test_osgi_inits_properly" classname="com.dotmarketing.osgi.GenericBundleActivatorTest" time="0.0"/>
  <testcase name="test_dotsaml_inits_properly" classname="com.dotmarketing.osgi.GenericBundleActivatorTest" time="0.0">
    <skipped/>
  </testcase>
  <testcase name="test_class_overloading" classname="com.dotmarketing.osgi.GenericBundleActivatorTest" time="0.168"/>
  <testcase name="test_class_injection" classname="com.dotmarketing.osgi.GenericBundleActivatorTest" time="0.042"/>
  <testcase name="test_tika_inits_properly" classname="com.dotmarketing.osgi.GenericBundleActivatorTest" time="0.001"/>
  <testcase name="test_framework_inits_properly" classname="com.dotmarketing.osgi.GenericBundleActivatorTest" time="0.0"/>
  <system-out><![CDATA[]]></system-out>
  <system-err><![CDATA[]]></system-err>
</testsuite>
