<?xml version="1.0" encoding="UTF-8"?>
<testsuite name="com.dotcms.contenttype.business.RelationshipAPITest" tests="6" skipped="0" failures="0" errors="0" timestamp="2023-07-19T18:40:57" hostname="fv-az842-421" time="15.984">
  <properties/>
  <testcase name="testSave_RelationshipWithModifiedRelationTypeValue_ShouldThrowException" classname="com.dotcms.contenttype.business.RelationshipAPITest" time="0.003"/>
  <testcase name="testconvertRelationshipToRelationshipField_Success" classname="com.dotcms.contenttype.business.RelationshipAPITest" time="4.619"/>
  <testcase name="testconvertRelationshipToRelationshipField_SelfRelated_Success" classname="com.dotcms.contenttype.business.RelationshipAPITest" time="3.853"/>
  <testcase name="testDbRelatedContentWhenSelfJoinRelationship" classname="com.dotcms.contenttype.business.RelationshipAPITest" time="3.249"/>
  <testcase name="testDbRelatedContentWhenNonSelfJoinRelationship" classname="com.dotcms.contenttype.business.RelationshipAPITest" time="4.254"/>
  <testcase name="testSave_RelationshipWithNonUniqueRelationTypeValue_ShouldThrowException" classname="com.dotcms.contenttype.business.RelationshipAPITest" time="0.005"/>
  <system-out><![CDATA[]]></system-out>
  <system-err><![CDATA[]]></system-err>
</testsuite>
