<?xml version="1.0" encoding="UTF-8"?>
<testsuite name="com.dotcms.rest.elasticsearch.ESContentResourcePortletTest" tests="8" skipped="0" failures="0" errors="0" timestamp="2023-07-18T21:40:24" hostname="fv-az749-132" time="8.759">
  <properties/>
  <testcase name="test_search_includeGrandChildCategory_success" classname="com.dotcms.rest.elasticsearch.ESContentResourcePortletTest" time="1.361"/>
  <testcase name="testSearch[0: com.dotcms.rest.elasticsearch.ESContentResourcePortletTest$TestCase@3c9a18ea]" classname="com.dotcms.rest.elasticsearch.ESContentResourcePortletTest" time="1.024"/>
  <testcase name="testSearch[1: com.dotcms.rest.elasticsearch.ESContentResourcePortletTest$TestCase@62d80b8]" classname="com.dotcms.rest.elasticsearch.ESContentResourcePortletTest" time="1.266"/>
  <testcase name="testSearch[2: com.dotcms.rest.elasticsearch.ESContentResourcePortletTest$TestCase@44245618]" classname="com.dotcms.rest.elasticsearch.ESContentResourcePortletTest" time="0.866"/>
  <testcase name="testSearch[3: com.dotcms.rest.elasticsearch.ESContentResourcePortletTest$TestCase@4d79ee0d]" classname="com.dotcms.rest.elasticsearch.ESContentResourcePortletTest" time="1.251"/>
  <testcase name="testSearch[4: com.dotcms.rest.elasticsearch.ESContentResourcePortletTest$TestCase@2148f200]" classname="com.dotcms.rest.elasticsearch.ESContentResourcePortletTest" time="1.264"/>
  <testcase name="testSearch[5: com.dotcms.rest.elasticsearch.ESContentResourcePortletTest$TestCase@4b8a9ed1]" classname="com.dotcms.rest.elasticsearch.ESContentResourcePortletTest" time="0.853"/>
  <testcase name="testSearch[6: com.dotcms.rest.elasticsearch.ESContentResourcePortletTest$TestCase@2df8852e]" classname="com.dotcms.rest.elasticsearch.ESContentResourcePortletTest" time="0.872"/>
  <system-out><![CDATA[]]></system-out>
  <system-err><![CDATA[]]></system-err>
</testsuite>
