<?xml version="1.0" encoding="UTF-8"?>
<testsuite name="com.dotcms.csspreproc.CSSPreProcessServletTest" tests="3" skipped="0" failures="0" errors="0" timestamp="2023-06-30T21:24:56" hostname="fv-az1025-316" time="1.117">
  <properties/>
  <testcase name="testCompileScssFileWithImport" classname="com.dotcms.csspreproc.CSSPreProcessServletTest" time="1.083"/>
  <testcase name="testCompileValidScssFile" classname="com.dotcms.csspreproc.CSSPreProcessServletTest" time="0.017"/>
  <testcase name="testCompileInvalidScssFile" classname="com.dotcms.csspreproc.CSSPreProcessServletTest" time="0.017"/>
  <system-out><![CDATA[]]></system-out>
  <system-err><![CDATA[]]></system-err>
</testsuite>
