<?xml version="1.0" encoding="UTF-8"?>
<testsuite name="org.apache.velocity.tools.view.tools.CookieToolTest" tests="2" skipped="0" failures="0" errors="0" timestamp="2023-06-23T01:25:20" hostname="fv-az395-584" time="0.013">
  <properties/>
  <testcase name="test_add_cookie_max_timesuccess" classname="org.apache.velocity.tools.view.tools.CookieToolTest" time="0.01"/>
  <testcase name="test_add_cookie_success" classname="org.apache.velocity.tools.view.tools.CookieToolTest" time="0.003"/>
  <system-out><![CDATA[]]></system-out>
  <system-err><![CDATA[]]></system-err>
</testsuite>
