<?xml version="1.0" encoding="UTF-8"?>
<testsuite name="com.dotmarketing.servlets.ajax.AjaxDirectorServletIntegrationTest" tests="2" skipped="0" failures="0" errors="0" timestamp="2023-07-18T17:22:38" hostname="fv-az1234-907" time="3.0">
  <properties/>
  <testcase name="testService[0: com.dotmarketing.servlets.ajax.AjaxDirectorServletTestCase@175cee57]" classname="com.dotmarketing.servlets.ajax.AjaxDirectorServletIntegrationTest" time="0.927"/>
  <testcase name="testService[1: com.dotmarketing.servlets.ajax.AjaxDirectorServletTestCase@437153f7]" classname="com.dotmarketing.servlets.ajax.AjaxDirectorServletIntegrationTest" time="2.073"/>
  <system-out><![CDATA[]]></system-out>
  <system-err><![CDATA[]]></system-err>
</testsuite>
