<?xml version="1.0" encoding="UTF-8"?>
<testsuite name="com.dotcms.rest.elasticsearch.ESContentResourcePortletTest" tests="8" skipped="0" failures="0" errors="0" timestamp="2023-07-20T22:57:31" hostname="fv-az550-580" time="8.808">
  <properties/>
  <testcase name="test_search_includeGrandChildCategory_success" classname="com.dotcms.rest.elasticsearch.ESContentResourcePortletTest" time="1.387"/>
  <testcase name="testSearch[0: com.dotcms.rest.elasticsearch.ESContentResourcePortletTest$TestCase@1011f628]" classname="com.dotcms.rest.elasticsearch.ESContentResourcePortletTest" time="0.876"/>
  <testcase name="testSearch[1: com.dotcms.rest.elasticsearch.ESContentResourcePortletTest$TestCase@4b23e211]" classname="com.dotcms.rest.elasticsearch.ESContentResourcePortletTest" time="1.345"/>
  <testcase name="testSearch[2: com.dotcms.rest.elasticsearch.ESContentResourcePortletTest$TestCase@f56a06e]" classname="com.dotcms.rest.elasticsearch.ESContentResourcePortletTest" time="0.894"/>
  <testcase name="testSearch[3: com.dotcms.rest.elasticsearch.ESContentResourcePortletTest$TestCase@6fb23fd7]" classname="com.dotcms.rest.elasticsearch.ESContentResourcePortletTest" time="1.307"/>
  <testcase name="testSearch[4: com.dotcms.rest.elasticsearch.ESContentResourcePortletTest$TestCase@700d24bf]" classname="com.dotcms.rest.elasticsearch.ESContentResourcePortletTest" time="1.28"/>
  <testcase name="testSearch[5: com.dotcms.rest.elasticsearch.ESContentResourcePortletTest$TestCase@246a73c5]" classname="com.dotcms.rest.elasticsearch.ESContentResourcePortletTest" time="0.864"/>
  <testcase name="testSearch[6: com.dotcms.rest.elasticsearch.ESContentResourcePortletTest$TestCase@1e05f2f6]" classname="com.dotcms.rest.elasticsearch.ESContentResourcePortletTest" time="0.854"/>
  <system-out><![CDATA[]]></system-out>
  <system-err><![CDATA[]]></system-err>
</testsuite>
