<?xml version="1.0" encoding="UTF-8"?>
<testsuite name="com.dotmarketing.portlets.structure.model.ContentletRelationshipsTest" tests="7" skipped="0" failures="0" errors="0" timestamp="2023-06-24T03:06:10" hostname="fv-az1128-296" time="9.186">
  <properties/>
  <testcase name="testDoesAllowOnlyOne[0: com.dotmarketing.portlets.structure.model.ContentletRelationshipsTest$CardinalityTestCase@63f564b4]" classname="com.dotmarketing.portlets.structure.model.ContentletRelationshipsTest" time="0.518"/>
  <testcase name="testDoesAllowOnlyOne[1: com.dotmarketing.portlets.structure.model.ContentletRelationshipsTest$CardinalityTestCase@34fa341a]" classname="com.dotmarketing.portlets.structure.model.ContentletRelationshipsTest" time="0.463"/>
  <testcase name="testDoesAllowOnlyOne[2: com.dotmarketing.portlets.structure.model.ContentletRelationshipsTest$CardinalityTestCase@3977b7cc]" classname="com.dotmarketing.portlets.structure.model.ContentletRelationshipsTest" time="0.483"/>
  <testcase name="testGetRelationshipRecords[0: com.dotmarketing.portlets.structure.model.ContentletRelationshipsTest$TestCase@656df2a1]" classname="com.dotmarketing.portlets.structure.model.ContentletRelationshipsTest" time="2.045"/>
  <testcase name="testGetRelationshipRecords[1: com.dotmarketing.portlets.structure.model.ContentletRelationshipsTest$TestCase@2df5ea7c]" classname="com.dotmarketing.portlets.structure.model.ContentletRelationshipsTest" time="2.015"/>
  <testcase name="testGetRelationshipRecords[2: com.dotmarketing.portlets.structure.model.ContentletRelationshipsTest$TestCase@48ca513c]" classname="com.dotmarketing.portlets.structure.model.ContentletRelationshipsTest" time="1.835"/>
  <testcase name="testGetRelationshipRecords[3: com.dotmarketing.portlets.structure.model.ContentletRelationshipsTest$TestCase@4c87463e]" classname="com.dotmarketing.portlets.structure.model.ContentletRelationshipsTest" time="1.827"/>
  <system-out><![CDATA[]]></system-out>
  <system-err><![CDATA[]]></system-err>
</testsuite>
