<?xml version="1.0" encoding="UTF-8"?>
<testsuite name="com.dotmarketing.portlets.structure.model.ContentletRelationshipsTest" tests="7" skipped="0" failures="0" errors="0" timestamp="2023-06-23T19:13:35" hostname="fv-az507-453" time="10.683">
  <properties/>
  <testcase name="testDoesAllowOnlyOne[0: com.dotmarketing.portlets.structure.model.ContentletRelationshipsTest$CardinalityTestCase@27cca4b6]" classname="com.dotmarketing.portlets.structure.model.ContentletRelationshipsTest" time="0.739"/>
  <testcase name="testDoesAllowOnlyOne[1: com.dotmarketing.portlets.structure.model.ContentletRelationshipsTest$CardinalityTestCase@30d89c46]" classname="com.dotmarketing.portlets.structure.model.ContentletRelationshipsTest" time="0.73"/>
  <testcase name="testDoesAllowOnlyOne[2: com.dotmarketing.portlets.structure.model.ContentletRelationshipsTest$CardinalityTestCase@1e2f5da2]" classname="com.dotmarketing.portlets.structure.model.ContentletRelationshipsTest" time="0.758"/>
  <testcase name="testGetRelationshipRecords[0: com.dotmarketing.portlets.structure.model.ContentletRelationshipsTest$TestCase@4670e2ad]" classname="com.dotmarketing.portlets.structure.model.ContentletRelationshipsTest" time="2.63"/>
  <testcase name="testGetRelationshipRecords[1: com.dotmarketing.portlets.structure.model.ContentletRelationshipsTest$TestCase@4db07c1]" classname="com.dotmarketing.portlets.structure.model.ContentletRelationshipsTest" time="1.344"/>
  <testcase name="testGetRelationshipRecords[2: com.dotmarketing.portlets.structure.model.ContentletRelationshipsTest$TestCase@709581b0]" classname="com.dotmarketing.portlets.structure.model.ContentletRelationshipsTest" time="2.274"/>
  <testcase name="testGetRelationshipRecords[3: com.dotmarketing.portlets.structure.model.ContentletRelationshipsTest$TestCase@14b3104d]" classname="com.dotmarketing.portlets.structure.model.ContentletRelationshipsTest" time="2.204"/>
  <system-out><![CDATA[]]></system-out>
  <system-err><![CDATA[]]></system-err>
</testsuite>
