<?xml version="1.0" encoding="UTF-8"?>
<testsuite name="com.dotcms.rest.api.v1.vtl.VTLResourceIntegrationTest" tests="6" skipped="0" failures="0" errors="0" timestamp="2023-06-27T16:54:26" hostname="fv-az206-664" time="12.034">
  <properties/>
  <testcase name="testGet[0: com.dotcms.rest.api.v1.vtl.VTLResourceTestCase@1018046d]" classname="com.dotcms.rest.api.v1.vtl.VTLResourceIntegrationTest" time="2.181"/>
  <testcase name="testGet[1: com.dotcms.rest.api.v1.vtl.VTLResourceTestCase@33eb0115]" classname="com.dotcms.rest.api.v1.vtl.VTLResourceIntegrationTest" time="1.892"/>
  <testcase name="testGet[2: com.dotcms.rest.api.v1.vtl.VTLResourceTestCase@23109160]" classname="com.dotcms.rest.api.v1.vtl.VTLResourceIntegrationTest" time="1.963"/>
  <testcase name="testGet[3: com.dotcms.rest.api.v1.vtl.VTLResourceTestCase@364bf6da]" classname="com.dotcms.rest.api.v1.vtl.VTLResourceIntegrationTest" time="2.129"/>
  <testcase name="testGet[4: com.dotcms.rest.api.v1.vtl.VTLResourceTestCase@6620a712]" classname="com.dotcms.rest.api.v1.vtl.VTLResourceIntegrationTest" time="1.852"/>
  <testcase name="testGet[5: com.dotcms.rest.api.v1.vtl.VTLResourceTestCase@d28e16a]" classname="com.dotcms.rest.api.v1.vtl.VTLResourceIntegrationTest" time="2.016"/>
  <system-out><![CDATA[]]></system-out>
  <system-err><![CDATA[]]></system-err>
</testsuite>
