<?xml version="1.0" encoding="UTF-8"?>
<testsuite name="com.dotcms.publisher.receiver.BundlePublisherTest" tests="1" skipped="0" failures="0" errors="0" timestamp="2023-07-17T17:01:50" hostname="fv-az338-287" time="0.004">
  <properties/>
  <testcase name="trigger_events" classname="com.dotcms.publisher.receiver.BundlePublisherTest" time="0.004"/>
  <system-out><![CDATA[]]></system-out>
  <system-err><![CDATA[]]></system-err>
</testsuite>
