<?xml version="1.0" encoding="UTF-8"?>
<testsuite name="com.dotmarketing.business.DeterministicIdentifierAPITest" tests="16" skipped="0" failures="0" errors="0" timestamp="2023-07-12T20:17:27" hostname="fv-az642-316" time="0.912">
  <properties/>
  <testcase name="Test_Category_Path_Seed_And_Id" classname="com.dotmarketing.business.DeterministicIdentifierAPITest" time="0.026"/>
  <testcase name="Test_Language_Deterministic_Id[0: LanguageTestCase{expectedSeed='Language:es:US', expectedHash=4913155, langCode='es', countryCode='US', country='United States'}]" classname="com.dotmarketing.business.DeterministicIdentifierAPITest" time="0.002"/>
  <testcase name="Test_Language_Deterministic_Id[1: LanguageTestCase{expectedSeed='Language:ep:', expectedHash=5292269, langCode='ep', countryCode='', country=''}]" classname="com.dotmarketing.business.DeterministicIdentifierAPITest" time="0.001"/>
  <testcase name="Test_Language_Deterministic_Id[2: LanguageTestCase{expectedSeed='Language:sg:SAG', expectedHash=4713118, langCode='sg', countryCode='SAG', country=''}]" classname="com.dotmarketing.business.DeterministicIdentifierAPITest" time="0.001"/>
  <testcase name="Test_Language_Deterministic_Id[3: LanguageTestCase{expectedSeed='Language:en:NZ', expectedHash=5382528, langCode='en', countryCode='NZ', country='New Zealand'}]" classname="com.dotmarketing.business.DeterministicIdentifierAPITest" time="0.001"/>
  <testcase name="Test_Category_None_Persisted_Category_Should_Return_Deterministic_Id" classname="com.dotmarketing.business.DeterministicIdentifierAPITest" time="0.001"/>
  <testcase name="Test_Asset_Generate_Deterministic_Id_Best_Effort[0: TestCase{versionable=my.host1689192659549.com, parent=System Host, expectedName='my.host1689192659549.com', expectedType='Host'}]" classname="com.dotmarketing.business.DeterministicIdentifierAPITest" time="0.003"/>
  <testcase name="Test_Asset_Generate_Deterministic_Id_Best_Effort[1: TestCase{versionable=com.dotmarketing.portlets.contentlet.model.Contentlet@6104565c[map={modDate=2023-07-12 20:11:00.294, fileName=file10087615478480872993.txt, title=file10087615478480872993.txt, inode=18ea733d-e041-40c2-8a90-b80cf3a3dc4e, __IS_NEW_CONTENT__=true, disabledWYSIWYG=[], host=4a1d172d-09d7-44a5-8fde-33e7ac2489f1, stInode=33888b6f-7a8e-4069-b1b6-5c1aa9d0a48d, owner=system, identifier=a1f1d395-f314-45c3-8e2f-327b31bb5e18, nullProperties=[wfExpireDate, wfPublishDate, wfActionAssign, wfActionId, wfActionComments, filterKey, whereToSend, wfNeverExpire, _path_to_move, timezoneId, iWantTo, wfPublishTime, wfExpireTime], languageId=1, fileAsset=/home/runner/work/core/custom/assets/1/8/18ea733d-e041-40c2-8a90-b80cf3a3dc4e/fileAsset/file10087615478480872993.txt, folder=a78e34e2-3feb-42b8-818d-81d8042bee8b, __disable_workflow__=true, sortOrder=0, modUser=system},lowIndexPriority=false,variantId=DEFAULT], parent=com.dotmarketing.portlets.folders.model.Folder@71c961d5[identifier=a78e34e2-3feb-42b8-818d-81d8042bee8b,name=testName1689192660286,sortOrder=0,showOnMenu=false,hostId=4a1d172d-09d7-44a5-8fde-33e7ac2489f1,type=folder,title=testTitle1689192660286,filesMasks=,defaultFileType=33888b6f-7a8e-4069-b1b6-5c1aa9d0a48d,modDate=2023-07-12 20:11:00.289,owner=&lt;null&gt;,iDate=2023-07-12 20:11:00.289,inode=a78e34e2-3feb-42b8-818d-81d8042bee8b,path=/testName1689192660286/], expectedName='file10087615478480872993.txt', expectedType='FileAsset'}]" classname="com.dotmarketing.business.DeterministicIdentifierAPITest" time="0.003"/>
  <testcase name="Test_Asset_Generate_Deterministic_Id_Best_Effort[2: TestCase{versionable=com.dotmarketing.portlets.templates.model.Template@30eb2296, parent=my.host1689192659549.com, expectedName='testTitle1689192660432', expectedType='Template'}]" classname="com.dotmarketing.business.DeterministicIdentifierAPITest" time="0.003"/>
  <testcase name="Test_Asset_Generate_Deterministic_Id_Best_Effort[3: TestCase{versionable=com.dotmarketing.portlets.htmlpageasset.model.HTMLPageAsset@6f46aa50[map={template=2e642b2d-7b5e-4b13-82d1-76b23a93e69c, owner=system, identifier=bc8a4889-558e-4fc5-9e18-69d2d14d9884, nullProperties=[wfExpireDate, wfPublishDate, wfActionAssign, wfActionId, wfActionComments, filterKey, whereToSend, wfNeverExpire, _path_to_move, timezoneId, iWantTo, wfPublishTime, wfExpireTime], modDate=2023-07-12 20:11:00.45, cachettl=0, _is_test_mode=true, languageId=1, title=test-page-title-1689192660446, httpsreq=, url=test-page-url-1689192660446, showOnMenu=, inode=84d6170a-5012-4e32-9530-d1f28fdca06e, folder=a78e34e2-3feb-42b8-818d-81d8042bee8b, disabledWYSIWYG=[], sortOrder=1, modUser=system, host=4a1d172d-09d7-44a5-8fde-33e7ac2489f1, stInode=c541abb1-69b3-4bc5-8430-5e09e5239cc8, friendlyName=test-page-friendly-name-1689192660446},lowIndexPriority=false,variantId=DEFAULT], parent=com.dotmarketing.portlets.folders.model.Folder@71c961d5[identifier=a78e34e2-3feb-42b8-818d-81d8042bee8b,name=testName1689192660286,sortOrder=0,showOnMenu=false,hostId=4a1d172d-09d7-44a5-8fde-33e7ac2489f1,type=folder,title=testTitle1689192660286,filesMasks=,defaultFileType=33888b6f-7a8e-4069-b1b6-5c1aa9d0a48d,modDate=2023-07-12 20:11:00.289,owner=&lt;null&gt;,iDate=2023-07-12 20:11:00.289,inode=a78e34e2-3feb-42b8-818d-81d8042bee8b,path=/testName1689192660286/], expectedName='test-page-url-1689192660446', expectedType='htmlpageasset'}]" classname="com.dotmarketing.business.DeterministicIdentifierAPITest" time="0.003"/>
  <testcase name="Test_Asset_Generate_Deterministic_Id_Best_Effort[4: TestCase{versionable=com.dotmarketing.portlets.contentlet.model.Contentlet@67045a33[map={fileAsset2=/home/runner/work/core/custom/assets/0/2/02b403fb-f50a-4d50-b227-e404d121b459/fileAsset2/test_binary1689192662264.png, modDate=2023-07-12 20:11:02.268, fileAsset1=/home/runner/work/core/custom/assets/0/2/02b403fb-f50a-4d50-b227-e404d121b459/fileAsset1/test_binary1689192662264.jpg, title=blah, inode=02b403fb-f50a-4d50-b227-e404d121b459, __IS_NEW_CONTENT__=true, disabledWYSIWYG=[], host=48190c8c-42c4-46af-8d1a-0cd5db894797, stInode=e3153a65-9bf6-467c-b150-262ba39fe5a5, owner=system, identifier=0b3f816a-2fbb-4eab-ad85-c53e8ecf92b1, nullProperties=[], languageId=1, image1=865928b6-50af-4a2c-8adb-fd230eacb894, folder=SYSTEM_FOLDER, __disable_workflow__=true, sortOrder=0, modUser=system},lowIndexPriority=false,variantId=DEFAULT], parent=demo.dotcms.com, expectedName='test_binary1689192662264.jpg:test_binary1689192662264.png', expectedType='MultipleBinaries1689192660622'}]" classname="com.dotmarketing.business.DeterministicIdentifierAPITest" time="0.003"/>
  <testcase name="Test_Asset_Generate_Deterministic_Id_Best_Effort[5: TestCase{versionable=name225b4f4e65 : keyTag225b4f4e65, parent=my.host1689192659549.com, expectedName='keyTag225b4f4e65', expectedType='persona'}]" classname="com.dotmarketing.business.DeterministicIdentifierAPITest" time="0.003"/>
  <testcase name="Test_Similar_Content_Type_Wont_Clash" classname="com.dotmarketing.business.DeterministicIdentifierAPITest" time="0.433"/>
  <testcase name="Test_Generate_Folder_Identifier" classname="com.dotmarketing.business.DeterministicIdentifierAPITest" time="0.416"/>
  <testcase name="Test_Generate_Content_Type_Identifier[0: ContentTypeTestCase{contentType=KeyValueContentType{name=Language Variable, id=f4d7c1b8-2c88-4071-abf1-a5328977b07d, description=Default Content Type for Language Variables, defaultType=false, fixed=true, iDate=Thu Aug 31 16:38:49 UTC 2017, system=true, versionable=true, variable=Languagevariable, modDate=Wed Jul 12 19:04:24 UTC 2023, host=SYSTEM_HOST, siteName=systemHost, icon=language, sortOrder=0, folder=SYSTEM_FOLDER, folderPath=/, markedForDeletion=true, multilingualable=false}, expectedName='Languagevariable', expectedType='KeyValue'}]" classname="com.dotmarketing.business.DeterministicIdentifierAPITest" time="0.005"/>
  <testcase name="Test_Generate_Content_Type_Identifier[1: ContentTypeTestCase{contentType=SimpleContentType{name=testName1689192662693, id=752a7c19-2340-4ce9-8932-8f7c4d5e03d9, description=testDescription1689192662693, defaultType=false, fixed=false, iDate=Wed Jul 12 20:11:02 UTC 2023, system=false, versionable=true, multilingualable=false, variable=testVarname1689192662693, owner=system, modDate=Wed Jul 12 20:11:03 UTC 2023, host=48190c8c-42c4-46af-8d1a-0cd5db894797, siteName=demo.dotcms.com, icon=event_note, sortOrder=0, folder=SYSTEM_FOLDER, folderPath=/, requiredFields=[], markedForDeletion=false}, expectedName='testVarname1689192662693', expectedType='CONTENT'}]" classname="com.dotmarketing.business.DeterministicIdentifierAPITest" time="0.005"/>
  <system-out><![CDATA[]]></system-out>
  <system-err><![CDATA[]]></system-err>
</testsuite>
