<?xml version="1.0" encoding="UTF-8"?>
<testsuite name="com.dotmarketing.business.DeterministicIdentifierAPITest" tests="16" skipped="0" failures="0" errors="0" timestamp="2023-06-27T16:48:58" hostname="fv-az354-410" time="1.522">
  <properties/>
  <testcase name="Test_Category_Path_Seed_And_Id" classname="com.dotmarketing.business.DeterministicIdentifierAPITest" time="0.023"/>
  <testcase name="Test_Language_Deterministic_Id[0: LanguageTestCase{expectedSeed='Language:es:US', expectedHash=4913155, langCode='es', countryCode='US', country='United States'}]" classname="com.dotmarketing.business.DeterministicIdentifierAPITest" time="0.001"/>
  <testcase name="Test_Language_Deterministic_Id[1: LanguageTestCase{expectedSeed='Language:ep:', expectedHash=5292269, langCode='ep', countryCode='', country=''}]" classname="com.dotmarketing.business.DeterministicIdentifierAPITest" time="0.001"/>
  <testcase name="Test_Language_Deterministic_Id[2: LanguageTestCase{expectedSeed='Language:sg:SAG', expectedHash=4713118, langCode='sg', countryCode='SAG', country=''}]" classname="com.dotmarketing.business.DeterministicIdentifierAPITest" time="0.001"/>
  <testcase name="Test_Language_Deterministic_Id[3: LanguageTestCase{expectedSeed='Language:en:NZ', expectedHash=5382528, langCode='en', countryCode='NZ', country='New Zealand'}]" classname="com.dotmarketing.business.DeterministicIdentifierAPITest" time="0.001"/>
  <testcase name="Test_Category_None_Persisted_Category_Should_Return_Deterministic_Id" classname="com.dotmarketing.business.DeterministicIdentifierAPITest" time="0.002"/>
  <testcase name="Test_Asset_Generate_Deterministic_Id_Best_Effort[0: TestCase{versionable=my.host1687884155755.com, parent=System Host, expectedName='my.host1687884155755.com', expectedType='Host'}]" classname="com.dotmarketing.business.DeterministicIdentifierAPITest" time="0.003"/>
  <testcase name="Test_Asset_Generate_Deterministic_Id_Best_Effort[1: TestCase{versionable=com.dotmarketing.portlets.contentlet.model.Contentlet@51a5e783[map={modDate=2023-06-27 16:42:36.561, fileName=file17435352403420235868.txt, title=file17435352403420235868.txt, inode=d9a6a744-68ba-4d86-ba2e-fcc8b5ed8f39, __IS_NEW_CONTENT__=true, disabledWYSIWYG=[], host=a5ac180e-c986-45d2-b3cb-d8cf446b902e, stInode=33888b6f-7a8e-4069-b1b6-5c1aa9d0a48d, owner=system, identifier=5567cbce-801e-44c2-8758-1b6dfa9d12f5, nullProperties=[wfExpireDate, wfPublishDate, wfActionAssign, wfActionId, wfActionComments, filterKey, whereToSend, wfNeverExpire, _path_to_move, timezoneId, iWantTo, wfPublishTime, wfExpireTime], languageId=1, fileAsset=/home/runner/work/core/custom/assets/d/9/d9a6a744-68ba-4d86-ba2e-fcc8b5ed8f39/fileAsset/file17435352403420235868.txt, folder=a0aef26b-31b4-4639-9071-93cacc869f44, __disable_workflow__=true, sortOrder=0, modUser=system},lowIndexPriority=false,variantId=DEFAULT], parent=com.dotmarketing.portlets.folders.model.Folder@3a26079[identifier=a0aef26b-31b4-4639-9071-93cacc869f44,name=testName1687884156555,sortOrder=0,showOnMenu=false,hostId=a5ac180e-c986-45d2-b3cb-d8cf446b902e,type=folder,title=testTitle1687884156555,filesMasks=,defaultFileType=33888b6f-7a8e-4069-b1b6-5c1aa9d0a48d,modDate=2023-06-27 16:42:36.558,owner=&lt;null&gt;,iDate=2023-06-27 16:42:36.558,inode=a0aef26b-31b4-4639-9071-93cacc869f44,path=/testName1687884156555/], expectedName='file17435352403420235868.txt', expectedType='FileAsset'}]" classname="com.dotmarketing.business.DeterministicIdentifierAPITest" time="0.004"/>
  <testcase name="Test_Asset_Generate_Deterministic_Id_Best_Effort[2: TestCase{versionable=com.dotmarketing.portlets.templates.model.Template@42726c08, parent=my.host1687884155755.com, expectedName='testTitle1687884156656', expectedType='Template'}]" classname="com.dotmarketing.business.DeterministicIdentifierAPITest" time="0.003"/>
  <testcase name="Test_Asset_Generate_Deterministic_Id_Best_Effort[3: TestCase{versionable=com.dotmarketing.portlets.htmlpageasset.model.HTMLPageAsset@51d8596d[map={template=f70ac73d-8363-415a-9e6b-896c4cc0ddc0, owner=system, identifier=b298f0fb-9464-4139-9728-94b0ecd02e8f, nullProperties=[wfExpireDate, wfPublishDate, wfActionAssign, wfActionId, wfActionComments, filterKey, whereToSend, wfNeverExpire, _path_to_move, timezoneId, iWantTo, wfPublishTime, wfExpireTime], modDate=2023-06-27 16:42:36.671, cachettl=0, _is_test_mode=true, languageId=1, title=test-page-title-1687884156667, httpsreq=, url=test-page-url-1687884156667, showOnMenu=, inode=e7aeb054-c2d2-4f96-8651-e970693277dd, folder=a0aef26b-31b4-4639-9071-93cacc869f44, disabledWYSIWYG=[], sortOrder=1, modUser=system, host=a5ac180e-c986-45d2-b3cb-d8cf446b902e, stInode=c541abb1-69b3-4bc5-8430-5e09e5239cc8, friendlyName=test-page-friendly-name-1687884156667},lowIndexPriority=false,variantId=DEFAULT], parent=com.dotmarketing.portlets.folders.model.Folder@3a26079[identifier=a0aef26b-31b4-4639-9071-93cacc869f44,name=testName1687884156555,sortOrder=0,showOnMenu=false,hostId=a5ac180e-c986-45d2-b3cb-d8cf446b902e,type=folder,title=testTitle1687884156555,filesMasks=,defaultFileType=33888b6f-7a8e-4069-b1b6-5c1aa9d0a48d,modDate=2023-06-27 16:42:36.558,owner=&lt;null&gt;,iDate=2023-06-27 16:42:36.558,inode=a0aef26b-31b4-4639-9071-93cacc869f44,path=/testName1687884156555/], expectedName='test-page-url-1687884156667', expectedType='htmlpageasset'}]" classname="com.dotmarketing.business.DeterministicIdentifierAPITest" time="0.003"/>
  <testcase name="Test_Asset_Generate_Deterministic_Id_Best_Effort[4: TestCase{versionable=com.dotmarketing.portlets.contentlet.model.Contentlet@601e521[map={fileAsset2=/home/runner/work/core/custom/assets/b/6/b678d6d8-a048-458d-b302-9402b83eff83/fileAsset2/test_binary1687884157533.png, modDate=2023-06-27 16:42:37.539, fileAsset1=/home/runner/work/core/custom/assets/b/6/b678d6d8-a048-458d-b302-9402b83eff83/fileAsset1/test_binary1687884157533.jpg, title=blah, inode=b678d6d8-a048-458d-b302-9402b83eff83, __IS_NEW_CONTENT__=true, disabledWYSIWYG=[], host=48190c8c-42c4-46af-8d1a-0cd5db894797, stInode=e9ad5249-502b-4801-9f37-f54dc7aa6378, owner=system, identifier=224b7903-3a4d-4d42-9e50-348904b856f4, nullProperties=[], languageId=1, image1=9810f095-d23c-45c6-ad23-c4c3854dc72e, folder=SYSTEM_FOLDER, __disable_workflow__=true, sortOrder=0, modUser=system},lowIndexPriority=false,variantId=DEFAULT], parent=demo.dotcms.com, expectedName='test_binary1687884157533.jpg:test_binary1687884157533.png', expectedType='MultipleBinaries1687884156809'}]" classname="com.dotmarketing.business.DeterministicIdentifierAPITest" time="0.004"/>
  <testcase name="Test_Asset_Generate_Deterministic_Id_Best_Effort[5: TestCase{versionable=name5faf51c441 : keyTag5faf51c441, parent=my.host1687884155755.com, expectedName='keyTag5faf51c441', expectedType='persona'}]" classname="com.dotmarketing.business.DeterministicIdentifierAPITest" time="0.003"/>
  <testcase name="Test_Similar_Content_Type_Wont_Clash" classname="com.dotmarketing.business.DeterministicIdentifierAPITest" time="0.409"/>
  <testcase name="Test_Generate_Folder_Identifier" classname="com.dotmarketing.business.DeterministicIdentifierAPITest" time="1.05"/>
  <testcase name="Test_Generate_Content_Type_Identifier[0: ContentTypeTestCase{contentType=KeyValueContentType{name=Language Variable, id=f4d7c1b8-2c88-4071-abf1-a5328977b07d, description=Default Content Type for Language Variables, defaultType=false, fixed=true, iDate=Thu Aug 31 16:38:49 UTC 2017, system=true, versionable=true, variable=Languagevariable, modDate=Tue Jun 27 15:38:23 UTC 2023, host=SYSTEM_HOST, siteName=systemHost, icon=language, sortOrder=0, folder=SYSTEM_FOLDER, folderPath=/, markedForDeletion=true, multilingualable=false}, expectedName='Languagevariable', expectedType='KeyValue'}]" classname="com.dotmarketing.business.DeterministicIdentifierAPITest" time="0.005"/>
  <testcase name="Test_Generate_Content_Type_Identifier[1: ContentTypeTestCase{contentType=SimpleContentType{name=testName1687884157963, id=985b9b14-b6d7-4b44-bd2e-5bf7d34362b4, description=testDescription1687884157963, defaultType=false, fixed=false, iDate=Tue Jun 27 16:42:37 UTC 2023, system=false, versionable=true, multilingualable=false, variable=testVarname1687884157963, owner=system, modDate=Tue Jun 27 16:42:38 UTC 2023, host=48190c8c-42c4-46af-8d1a-0cd5db894797, siteName=demo.dotcms.com, icon=event_note, sortOrder=0, folder=SYSTEM_FOLDER, folderPath=/, requiredFields=[], markedForDeletion=false}, expectedName='testVarname1687884157963', expectedType='CONTENT'}]" classname="com.dotmarketing.business.DeterministicIdentifierAPITest" time="0.006"/>
  <system-out><![CDATA[]]></system-out>
  <system-err><![CDATA[]]></system-err>
</testsuite>
