<?xml version="1.0" encoding="UTF-8"?>
<testsuite name="com.dotmarketing.portlets.structure.model.ContentletRelationshipsTest" tests="7" skipped="0" failures="0" errors="0" timestamp="2023-06-26T17:17:17" hostname="fv-az341-169" time="7.773">
  <properties/>
  <testcase name="testDoesAllowOnlyOne[0: com.dotmarketing.portlets.structure.model.ContentletRelationshipsTest$CardinalityTestCase@1495a51f]" classname="com.dotmarketing.portlets.structure.model.ContentletRelationshipsTest" time="0.538"/>
  <testcase name="testDoesAllowOnlyOne[1: com.dotmarketing.portlets.structure.model.ContentletRelationshipsTest$CardinalityTestCase@506284f1]" classname="com.dotmarketing.portlets.structure.model.ContentletRelationshipsTest" time="0.522"/>
  <testcase name="testDoesAllowOnlyOne[2: com.dotmarketing.portlets.structure.model.ContentletRelationshipsTest$CardinalityTestCase@720a341]" classname="com.dotmarketing.portlets.structure.model.ContentletRelationshipsTest" time="0.541"/>
  <testcase name="testGetRelationshipRecords[0: com.dotmarketing.portlets.structure.model.ContentletRelationshipsTest$TestCase@309f1cf9]" classname="com.dotmarketing.portlets.structure.model.ContentletRelationshipsTest" time="1.112"/>
  <testcase name="testGetRelationshipRecords[1: com.dotmarketing.portlets.structure.model.ContentletRelationshipsTest$TestCase@99beaa8]" classname="com.dotmarketing.portlets.structure.model.ContentletRelationshipsTest" time="2.103"/>
  <testcase name="testGetRelationshipRecords[2: com.dotmarketing.portlets.structure.model.ContentletRelationshipsTest$TestCase@4d9aa266]" classname="com.dotmarketing.portlets.structure.model.ContentletRelationshipsTest" time="2.044"/>
  <testcase name="testGetRelationshipRecords[3: com.dotmarketing.portlets.structure.model.ContentletRelationshipsTest$TestCase@4fa23a3f]" classname="com.dotmarketing.portlets.structure.model.ContentletRelationshipsTest" time="0.913"/>
  <system-out><![CDATA[]]></system-out>
  <system-err><![CDATA[]]></system-err>
</testsuite>
