<?xml version="1.0" encoding="UTF-8"?>
<testsuite name="com.dotmarketing.startup.runonce.Task210321RemoveOldMetadataFilesTest" tests="1" skipped="0" failures="0" errors="0" timestamp="2023-06-30T22:35:06" hostname="fv-az629-494" time="1.032">
  <properties/>
  <testcase name="Test_Upgrade_Task" classname="com.dotmarketing.startup.runonce.Task210321RemoveOldMetadataFilesTest" time="1.032"/>
  <system-out><![CDATA[]]></system-out>
  <system-err><![CDATA[]]></system-err>
</testsuite>
