<?xml version="1.0" encoding="UTF-8"?>
<testsuite name="com.dotmarketing.startup.runonce.Task230713IncreaseDisabledWysiwygColumnSizeTest" tests="1" skipped="0" failures="0" errors="0" timestamp="2023-07-17T21:45:06" hostname="fv-az1032-957" time="0.013">
  <properties/>
  <testcase name="executeTaskUpgrade" classname="com.dotmarketing.startup.runonce.Task230713IncreaseDisabledWysiwygColumnSizeTest" time="0.013"/>
  <system-out><![CDATA[]]></system-out>
  <system-err><![CDATA[]]></system-err>
</testsuite>
