<?xml version="1.0" encoding="UTF-8"?>
<testsuite name="com.dotmarketing.business.DeterministicIdentifierAPITest" tests="16" skipped="0" failures="0" errors="0" timestamp="2023-06-30T18:05:57" hostname="fv-az455-211" time="1.731">
  <properties/>
  <testcase name="Test_Category_Path_Seed_And_Id" classname="com.dotmarketing.business.DeterministicIdentifierAPITest" time="0.035"/>
  <testcase name="Test_Language_Deterministic_Id[0: LanguageTestCase{expectedSeed='Language:es:US', expectedHash=4913155, langCode='es', countryCode='US', country='United States'}]" classname="com.dotmarketing.business.DeterministicIdentifierAPITest" time="0.001"/>
  <testcase name="Test_Language_Deterministic_Id[1: LanguageTestCase{expectedSeed='Language:ep:', expectedHash=5292269, langCode='ep', countryCode='', country=''}]" classname="com.dotmarketing.business.DeterministicIdentifierAPITest" time="0.002"/>
  <testcase name="Test_Language_Deterministic_Id[2: LanguageTestCase{expectedSeed='Language:sg:SAG', expectedHash=4713118, langCode='sg', countryCode='SAG', country=''}]" classname="com.dotmarketing.business.DeterministicIdentifierAPITest" time="0.001"/>
  <testcase name="Test_Language_Deterministic_Id[3: LanguageTestCase{expectedSeed='Language:en:NZ', expectedHash=5382528, langCode='en', countryCode='NZ', country='New Zealand'}]" classname="com.dotmarketing.business.DeterministicIdentifierAPITest" time="0.001"/>
  <testcase name="Test_Category_None_Persisted_Category_Should_Return_Deterministic_Id" classname="com.dotmarketing.business.DeterministicIdentifierAPITest" time="0.004"/>
  <testcase name="Test_Asset_Generate_Deterministic_Id_Best_Effort[0: TestCase{versionable=my.host1688147920463.com, parent=System Host, expectedName='my.host1688147920463.com', expectedType='Host'}]" classname="com.dotmarketing.business.DeterministicIdentifierAPITest" time="0.004"/>
  <testcase name="Test_Asset_Generate_Deterministic_Id_Best_Effort[1: TestCase{versionable=com.dotmarketing.portlets.contentlet.model.Contentlet@3fed648[map={modDate=2023-06-30 17:58:40.909, fileName=file7243622361627973763.txt, title=file7243622361627973763.txt, inode=98d7ad56-d67f-4c19-9bd2-5f1afe66741c, __IS_NEW_CONTENT__=true, disabledWYSIWYG=[], host=2c5f252f-67e6-4e4a-84e4-37dbaa27c525, stInode=33888b6f-7a8e-4069-b1b6-5c1aa9d0a48d, owner=system, identifier=d0f1817c-0a7e-49cf-9448-977a83e6cd95, nullProperties=[wfExpireDate, wfPublishDate, wfActionAssign, wfActionId, wfActionComments, filterKey, whereToSend, wfNeverExpire, _path_to_move, timezoneId, iWantTo, wfPublishTime, wfExpireTime], languageId=1, fileAsset=/home/runner/work/core/custom/assets/9/8/98d7ad56-d67f-4c19-9bd2-5f1afe66741c/fileAsset/file7243622361627973763.txt, folder=03ce001e-52e7-4bb4-ac3e-397c6f0f3ece, __disable_workflow__=true, sortOrder=0, modUser=system},lowIndexPriority=false,variantId=DEFAULT], parent=com.dotmarketing.portlets.folders.model.Folder@3af34748[identifier=03ce001e-52e7-4bb4-ac3e-397c6f0f3ece,name=testName1688147920897,sortOrder=0,showOnMenu=false,hostId=2c5f252f-67e6-4e4a-84e4-37dbaa27c525,type=folder,title=testTitle1688147920897,filesMasks=,defaultFileType=33888b6f-7a8e-4069-b1b6-5c1aa9d0a48d,modDate=2023-06-30 17:58:40.901,owner=&lt;null&gt;,iDate=2023-06-30 17:58:40.901,inode=03ce001e-52e7-4bb4-ac3e-397c6f0f3ece,path=/testName1688147920897/], expectedName='file7243622361627973763.txt', expectedType='FileAsset'}]" classname="com.dotmarketing.business.DeterministicIdentifierAPITest" time="0.004"/>
  <testcase name="Test_Asset_Generate_Deterministic_Id_Best_Effort[2: TestCase{versionable=com.dotmarketing.portlets.templates.model.Template@3e6ea742, parent=my.host1688147920463.com, expectedName='testTitle1688147921077', expectedType='Template'}]" classname="com.dotmarketing.business.DeterministicIdentifierAPITest" time="0.003"/>
  <testcase name="Test_Asset_Generate_Deterministic_Id_Best_Effort[3: TestCase{versionable=com.dotmarketing.portlets.htmlpageasset.model.HTMLPageAsset@696e7ed4[map={template=808e0fad-dac2-45a6-9ff7-1874041ef07e, owner=system, identifier=a2512d9b-adb6-43c8-b7a3-7e65463a36de, nullProperties=[wfExpireDate, wfPublishDate, wfActionAssign, wfActionId, wfActionComments, filterKey, whereToSend, wfNeverExpire, _path_to_move, timezoneId, iWantTo, wfPublishTime, wfExpireTime], modDate=2023-06-30 17:58:41.101, cachettl=0, _is_test_mode=true, languageId=1, title=test-page-title-1688147921096, httpsreq=, url=test-page-url-1688147921096, showOnMenu=, inode=e6e99095-9be1-44fe-b855-c33cc7a83f03, folder=03ce001e-52e7-4bb4-ac3e-397c6f0f3ece, disabledWYSIWYG=[], sortOrder=1, modUser=system, host=2c5f252f-67e6-4e4a-84e4-37dbaa27c525, stInode=c541abb1-69b3-4bc5-8430-5e09e5239cc8, friendlyName=test-page-friendly-name-1688147921096},lowIndexPriority=false,variantId=DEFAULT], parent=com.dotmarketing.portlets.folders.model.Folder@3af34748[identifier=03ce001e-52e7-4bb4-ac3e-397c6f0f3ece,name=testName1688147920897,sortOrder=0,showOnMenu=false,hostId=2c5f252f-67e6-4e4a-84e4-37dbaa27c525,type=folder,title=testTitle1688147920897,filesMasks=,defaultFileType=33888b6f-7a8e-4069-b1b6-5c1aa9d0a48d,modDate=2023-06-30 17:58:40.901,owner=&lt;null&gt;,iDate=2023-06-30 17:58:40.901,inode=03ce001e-52e7-4bb4-ac3e-397c6f0f3ece,path=/testName1688147920897/], expectedName='test-page-url-1688147921096', expectedType='htmlpageasset'}]" classname="com.dotmarketing.business.DeterministicIdentifierAPITest" time="0.004"/>
  <testcase name="Test_Asset_Generate_Deterministic_Id_Best_Effort[4: TestCase{versionable=com.dotmarketing.portlets.contentlet.model.Contentlet@211253ff[map={fileAsset2=/home/runner/work/core/custom/assets/1/d/1d357bfa-2a60-4f90-b8a3-0d375a167346/fileAsset2/test_binary1688147922935.png, modDate=2023-06-30 17:58:42.942, fileAsset1=/home/runner/work/core/custom/assets/1/d/1d357bfa-2a60-4f90-b8a3-0d375a167346/fileAsset1/test_binary1688147922935.jpg, title=blah, inode=1d357bfa-2a60-4f90-b8a3-0d375a167346, __IS_NEW_CONTENT__=true, disabledWYSIWYG=[], host=48190c8c-42c4-46af-8d1a-0cd5db894797, stInode=0e00d3a9-408d-4b60-96f2-f07bf70f457c, owner=system, identifier=ca811357-084c-4b84-8221-42ac690dfe96, nullProperties=[], languageId=1, image1=4daaade2-c3fc-4114-941c-7cb8ccd39bac, folder=SYSTEM_FOLDER, __disable_workflow__=true, sortOrder=0, modUser=system},lowIndexPriority=false,variantId=DEFAULT], parent=demo.dotcms.com, expectedName='test_binary1688147922935.jpg:test_binary1688147922935.png', expectedType='MultipleBinaries1688147921320'}]" classname="com.dotmarketing.business.DeterministicIdentifierAPITest" time="0.005"/>
  <testcase name="Test_Asset_Generate_Deterministic_Id_Best_Effort[5: TestCase{versionable=name0ed7de7310 : keyTag0ed7de7310, parent=my.host1688147920463.com, expectedName='keyTag0ed7de7310', expectedType='persona'}]" classname="com.dotmarketing.business.DeterministicIdentifierAPITest" time="0.003"/>
  <testcase name="Test_Similar_Content_Type_Wont_Clash" classname="com.dotmarketing.business.DeterministicIdentifierAPITest" time="0.625"/>
  <testcase name="Test_Generate_Folder_Identifier" classname="com.dotmarketing.business.DeterministicIdentifierAPITest" time="1.022"/>
  <testcase name="Test_Generate_Content_Type_Identifier[0: ContentTypeTestCase{contentType=KeyValueContentType{name=Language Variable, id=f4d7c1b8-2c88-4071-abf1-a5328977b07d, description=Default Content Type for Language Variables, defaultType=false, fixed=true, iDate=Thu Aug 31 16:38:49 UTC 2017, system=true, versionable=true, variable=Languagevariable, modDate=Fri Jun 30 16:41:01 UTC 2023, host=SYSTEM_HOST, siteName=systemHost, icon=language, sortOrder=0, folder=SYSTEM_FOLDER, folderPath=/, markedForDeletion=true, multilingualable=false}, expectedName='Languagevariable', expectedType='KeyValue'}]" classname="com.dotmarketing.business.DeterministicIdentifierAPITest" time="0.006"/>
  <testcase name="Test_Generate_Content_Type_Identifier[1: ContentTypeTestCase{contentType=SimpleContentType{name=testName1688147923459, id=47fa9652-57b2-4f4c-af33-3ff1a6fb5380, description=testDescription1688147923459, defaultType=false, fixed=false, iDate=Fri Jun 30 17:58:43 UTC 2023, system=false, versionable=true, multilingualable=false, variable=testVarname1688147923459, owner=system, modDate=Fri Jun 30 17:58:44 UTC 2023, host=48190c8c-42c4-46af-8d1a-0cd5db894797, siteName=demo.dotcms.com, icon=event_note, sortOrder=0, folder=SYSTEM_FOLDER, folderPath=/, requiredFields=[], markedForDeletion=false}, expectedName='testVarname1688147923459', expectedType='CONTENT'}]" classname="com.dotmarketing.business.DeterministicIdentifierAPITest" time="0.005"/>
  <system-out><![CDATA[]]></system-out>
  <system-err><![CDATA[]]></system-err>
</testsuite>
