<?xml version="1.0" encoding="UTF-8"?>
<testsuite name="com.dotmarketing.startup.runonce.Task210510UpdateStorageTableDropMetadataColumnTest" tests="1" skipped="0" failures="0" errors="0" timestamp="2023-06-26T17:45:08" hostname="fv-az341-169" time="0.013">
  <properties/>
  <testcase name="testExecuteUpgrade" classname="com.dotmarketing.startup.runonce.Task210510UpdateStorageTableDropMetadataColumnTest" time="0.013"/>
  <system-out><![CDATA[]]></system-out>
  <system-err><![CDATA[]]></system-err>
</testsuite>
