<?xml version="1.0" encoding="UTF-8"?>
<testsuite name="com.dotmarketing.business.DeterministicIdentifierAPITest" tests="16" skipped="0" failures="0" errors="0" timestamp="2023-06-29T18:38:28" hostname="fv-az166-287" time="1.4">
  <properties/>
  <testcase name="Test_Category_Path_Seed_And_Id" classname="com.dotmarketing.business.DeterministicIdentifierAPITest" time="0.042"/>
  <testcase name="Test_Language_Deterministic_Id[0: LanguageTestCase{expectedSeed='Language:es:US', expectedHash=4913155, langCode='es', countryCode='US', country='United States'}]" classname="com.dotmarketing.business.DeterministicIdentifierAPITest" time="0.001"/>
  <testcase name="Test_Language_Deterministic_Id[1: LanguageTestCase{expectedSeed='Language:ep:', expectedHash=5292269, langCode='ep', countryCode='', country=''}]" classname="com.dotmarketing.business.DeterministicIdentifierAPITest" time="0.001"/>
  <testcase name="Test_Language_Deterministic_Id[2: LanguageTestCase{expectedSeed='Language:sg:SAG', expectedHash=4713118, langCode='sg', countryCode='SAG', country=''}]" classname="com.dotmarketing.business.DeterministicIdentifierAPITest" time="0.001"/>
  <testcase name="Test_Language_Deterministic_Id[3: LanguageTestCase{expectedSeed='Language:en:NZ', expectedHash=5382528, langCode='en', countryCode='NZ', country='New Zealand'}]" classname="com.dotmarketing.business.DeterministicIdentifierAPITest" time="0.002"/>
  <testcase name="Test_Category_None_Persisted_Category_Should_Return_Deterministic_Id" classname="com.dotmarketing.business.DeterministicIdentifierAPITest" time="0.002"/>
  <testcase name="Test_Asset_Generate_Deterministic_Id_Best_Effort[0: TestCase{versionable=my.host1688063451499.com, parent=System Host, expectedName='my.host1688063451499.com', expectedType='Host'}]" classname="com.dotmarketing.business.DeterministicIdentifierAPITest" time="0.004"/>
  <testcase name="Test_Asset_Generate_Deterministic_Id_Best_Effort[1: TestCase{versionable=com.dotmarketing.portlets.contentlet.model.Contentlet@41070c24[map={modDate=2023-06-29 18:30:51.865, fileName=file7195980202547533226.txt, title=file7195980202547533226.txt, inode=76b69eba-d170-4586-aaa0-6faece06c4e0, __IS_NEW_CONTENT__=true, disabledWYSIWYG=[], host=5b95ab59-2e1a-47ba-9080-2b3d4afb7345, stInode=33888b6f-7a8e-4069-b1b6-5c1aa9d0a48d, owner=system, identifier=2106bbe5-4e67-4a67-974d-fe5f8a344a07, nullProperties=[wfExpireDate, wfPublishDate, wfActionAssign, wfActionId, wfActionComments, filterKey, whereToSend, wfNeverExpire, _path_to_move, timezoneId, iWantTo, wfPublishTime, wfExpireTime], languageId=1, fileAsset=/home/runner/work/core/custom/assets/7/6/76b69eba-d170-4586-aaa0-6faece06c4e0/fileAsset/file7195980202547533226.txt, folder=440be70f-ca9c-4171-a892-4b5711481887, __disable_workflow__=true, sortOrder=0, modUser=system},lowIndexPriority=false,variantId=DEFAULT], parent=com.dotmarketing.portlets.folders.model.Folder@33cac970[identifier=440be70f-ca9c-4171-a892-4b5711481887,name=testName1688063451857,sortOrder=0,showOnMenu=false,hostId=5b95ab59-2e1a-47ba-9080-2b3d4afb7345,type=folder,title=testTitle1688063451857,filesMasks=,defaultFileType=33888b6f-7a8e-4069-b1b6-5c1aa9d0a48d,modDate=2023-06-29 18:30:51.86,owner=&lt;null&gt;,iDate=2023-06-29 18:30:51.86,inode=440be70f-ca9c-4171-a892-4b5711481887,path=/testName1688063451857/], expectedName='file7195980202547533226.txt', expectedType='FileAsset'}]" classname="com.dotmarketing.business.DeterministicIdentifierAPITest" time="0.005"/>
  <testcase name="Test_Asset_Generate_Deterministic_Id_Best_Effort[2: TestCase{versionable=com.dotmarketing.portlets.templates.model.Template@7246652e, parent=my.host1688063451499.com, expectedName='testTitle1688063451996', expectedType='Template'}]" classname="com.dotmarketing.business.DeterministicIdentifierAPITest" time="0.003"/>
  <testcase name="Test_Asset_Generate_Deterministic_Id_Best_Effort[3: TestCase{versionable=com.dotmarketing.portlets.htmlpageasset.model.HTMLPageAsset@39346907[map={template=4fe5e9c7-0494-4e84-a531-7e38e95c876d, owner=system, identifier=3d972278-b9c4-4c93-8889-393372aca9b7, nullProperties=[wfExpireDate, wfPublishDate, wfActionAssign, wfActionId, wfActionComments, filterKey, whereToSend, wfNeverExpire, _path_to_move, timezoneId, iWantTo, wfPublishTime, wfExpireTime], modDate=2023-06-29 18:30:52.016, cachettl=0, _is_test_mode=true, languageId=1, title=test-page-title-1688063452010, httpsreq=, url=test-page-url-1688063452010, showOnMenu=, inode=0e01d333-7406-49db-ba69-fdb3c49f99e4, folder=440be70f-ca9c-4171-a892-4b5711481887, disabledWYSIWYG=[], sortOrder=1, modUser=system, host=5b95ab59-2e1a-47ba-9080-2b3d4afb7345, stInode=c541abb1-69b3-4bc5-8430-5e09e5239cc8, friendlyName=test-page-friendly-name-1688063452010},lowIndexPriority=false,variantId=DEFAULT], parent=com.dotmarketing.portlets.folders.model.Folder@33cac970[identifier=440be70f-ca9c-4171-a892-4b5711481887,name=testName1688063451857,sortOrder=0,showOnMenu=false,hostId=5b95ab59-2e1a-47ba-9080-2b3d4afb7345,type=folder,title=testTitle1688063451857,filesMasks=,defaultFileType=33888b6f-7a8e-4069-b1b6-5c1aa9d0a48d,modDate=2023-06-29 18:30:51.86,owner=&lt;null&gt;,iDate=2023-06-29 18:30:51.86,inode=440be70f-ca9c-4171-a892-4b5711481887,path=/testName1688063451857/], expectedName='test-page-url-1688063452010', expectedType='htmlpageasset'}]" classname="com.dotmarketing.business.DeterministicIdentifierAPITest" time="0.004"/>
  <testcase name="Test_Asset_Generate_Deterministic_Id_Best_Effort[4: TestCase{versionable=com.dotmarketing.portlets.contentlet.model.Contentlet@2aa8b299[map={fileAsset2=/home/runner/work/core/custom/assets/8/2/82721ace-b0a7-49e7-9ed0-9f2e6344c28f/fileAsset2/test_binary1688063453901.png, modDate=2023-06-29 18:30:53.908, fileAsset1=/home/runner/work/core/custom/assets/8/2/82721ace-b0a7-49e7-9ed0-9f2e6344c28f/fileAsset1/test_binary1688063453901.jpg, title=blah, inode=82721ace-b0a7-49e7-9ed0-9f2e6344c28f, __IS_NEW_CONTENT__=true, disabledWYSIWYG=[], host=48190c8c-42c4-46af-8d1a-0cd5db894797, stInode=648bdec2-f51c-4d8e-8804-d796bc26dfcf, owner=system, identifier=98dc4512-6a37-4529-97e5-b44c178938ad, nullProperties=[], languageId=1, image1=87c5f780-38a7-43fd-a2bd-88e4479033e1, folder=SYSTEM_FOLDER, __disable_workflow__=true, sortOrder=0, modUser=system},lowIndexPriority=false,variantId=DEFAULT], parent=demo.dotcms.com, expectedName='test_binary1688063453901.jpg:test_binary1688063453901.png', expectedType='MultipleBinaries1688063452225'}]" classname="com.dotmarketing.business.DeterministicIdentifierAPITest" time="0.005"/>
  <testcase name="Test_Asset_Generate_Deterministic_Id_Best_Effort[5: TestCase{versionable=namee17b42d439 : keyTage17b42d439, parent=my.host1688063451499.com, expectedName='keyTage17b42d439', expectedType='persona'}]" classname="com.dotmarketing.business.DeterministicIdentifierAPITest" time="0.004"/>
  <testcase name="Test_Similar_Content_Type_Wont_Clash" classname="com.dotmarketing.business.DeterministicIdentifierAPITest" time="0.643"/>
  <testcase name="Test_Generate_Folder_Identifier" classname="com.dotmarketing.business.DeterministicIdentifierAPITest" time="0.665"/>
  <testcase name="Test_Generate_Content_Type_Identifier[0: ContentTypeTestCase{contentType=KeyValueContentType{name=Language Variable, id=f4d7c1b8-2c88-4071-abf1-a5328977b07d, description=Default Content Type for Language Variables, defaultType=false, fixed=true, iDate=Thu Aug 31 16:38:49 UTC 2017, system=true, versionable=true, variable=Languagevariable, modDate=Thu Jun 29 17:12:14 UTC 2023, host=SYSTEM_HOST, siteName=systemHost, icon=language, sortOrder=0, folder=SYSTEM_FOLDER, folderPath=/, markedForDeletion=true, multilingualable=false}, expectedName='Languagevariable', expectedType='KeyValue'}]" classname="com.dotmarketing.business.DeterministicIdentifierAPITest" time="0.007"/>
  <testcase name="Test_Generate_Content_Type_Identifier[1: ContentTypeTestCase{contentType=SimpleContentType{name=testName1688063454415, id=117cf5f3-b8de-4fdf-ab35-e8e7c06fd0e7, description=testDescription1688063454415, defaultType=false, fixed=false, iDate=Thu Jun 29 18:30:54 UTC 2023, system=false, versionable=true, multilingualable=false, variable=testVarname1688063454415, owner=system, modDate=Thu Jun 29 18:30:56 UTC 2023, host=48190c8c-42c4-46af-8d1a-0cd5db894797, siteName=demo.dotcms.com, icon=event_note, sortOrder=0, folder=SYSTEM_FOLDER, folderPath=/, requiredFields=[], markedForDeletion=false}, expectedName='testVarname1688063454415', expectedType='CONTENT'}]" classname="com.dotmarketing.business.DeterministicIdentifierAPITest" time="0.006"/>
  <system-out><![CDATA[]]></system-out>
  <system-err><![CDATA[]]></system-err>
</testsuite>
