<?xml version="1.0" encoding="UTF-8"?>
<testsuite name="com.dotcms.rest.TagResourceIntegrationTest" tests="4" skipped="0" failures="0" errors="0" timestamp="2023-06-28T20:23:04" hostname="fv-az578-184" time="0.288">
  <properties/>
  <testcase name="testList[0: com.dotcms.rest.TagResourceTestCase@6d46c1fd]" classname="com.dotcms.rest.TagResourceIntegrationTest" time="0.23"/>
  <testcase name="testList[1: com.dotcms.rest.TagResourceTestCase@38cfeb4a]" classname="com.dotcms.rest.TagResourceIntegrationTest" time="0.022"/>
  <testcase name="testList[2: com.dotcms.rest.TagResourceTestCase@335d4a9b]" classname="com.dotcms.rest.TagResourceIntegrationTest" time="0.015"/>
  <testcase name="testList[3: com.dotcms.rest.TagResourceTestCase@750e52c1]" classname="com.dotcms.rest.TagResourceIntegrationTest" time="0.021"/>
  <system-out><![CDATA[]]></system-out>
  <system-err><![CDATA[Jun 28, 2023 8:23:04 PM com.dotcms.repackage.org.hibernate.validator.internal.util.Version <clinit>
INFO: HV000001: Hibernate Validator 4.3.2.Final
]]></system-err>
</testsuite>
