<?xml version="1.0" encoding="UTF-8"?>
<testsuite name="com.dotmarketing.portlets.structure.model.ContentletRelationshipsTest" tests="7" skipped="0" failures="0" errors="0" timestamp="2023-07-04T01:51:24" hostname="fv-az613-350" time="8.276">
  <properties/>
  <testcase name="testDoesAllowOnlyOne[0: com.dotmarketing.portlets.structure.model.ContentletRelationshipsTest$CardinalityTestCase@3e5b1e6a]" classname="com.dotmarketing.portlets.structure.model.ContentletRelationshipsTest" time="0.465"/>
  <testcase name="testDoesAllowOnlyOne[1: com.dotmarketing.portlets.structure.model.ContentletRelationshipsTest$CardinalityTestCase@6b6408d7]" classname="com.dotmarketing.portlets.structure.model.ContentletRelationshipsTest" time="0.467"/>
  <testcase name="testDoesAllowOnlyOne[2: com.dotmarketing.portlets.structure.model.ContentletRelationshipsTest$CardinalityTestCase@c8bc7b0]" classname="com.dotmarketing.portlets.structure.model.ContentletRelationshipsTest" time="0.54"/>
  <testcase name="testGetRelationshipRecords[0: com.dotmarketing.portlets.structure.model.ContentletRelationshipsTest$TestCase@1aadedfa]" classname="com.dotmarketing.portlets.structure.model.ContentletRelationshipsTest" time="2.056"/>
  <testcase name="testGetRelationshipRecords[1: com.dotmarketing.portlets.structure.model.ContentletRelationshipsTest$TestCase@7c63088b]" classname="com.dotmarketing.portlets.structure.model.ContentletRelationshipsTest" time="1.94"/>
  <testcase name="testGetRelationshipRecords[2: com.dotmarketing.portlets.structure.model.ContentletRelationshipsTest$TestCase@378a9560]" classname="com.dotmarketing.portlets.structure.model.ContentletRelationshipsTest" time="0.891"/>
  <testcase name="testGetRelationshipRecords[3: com.dotmarketing.portlets.structure.model.ContentletRelationshipsTest$TestCase@65ee7266]" classname="com.dotmarketing.portlets.structure.model.ContentletRelationshipsTest" time="1.916"/>
  <system-out><![CDATA[]]></system-out>
  <system-err><![CDATA[]]></system-err>
</testsuite>
