<?xml version="1.0" encoding="UTF-8"?>
<testsuite name="com.dotmarketing.portlets.contentlet.business.ContentletCheckInTest" tests="11" skipped="0" failures="0" errors="0" timestamp="2023-06-28T15:19:06" hostname="fv-az417-729" time="16.601">
  <properties/>
  <testcase name="test_checkinContentlet_RelationshipToItself_throwsDotContentletValidationException" classname="com.dotmarketing.portlets.contentlet.business.ContentletCheckInTest" time="1.804"/>
  <testcase name="test_checkinContentlet_RelationshipManyToManyCardinality_Success" classname="com.dotmarketing.portlets.contentlet.business.ContentletCheckInTest" time="1.803"/>
  <testcase name="test_checkinContentlet_relationshipOneToOneCardinality_fails_whenRelatedChildBelongsToAnotherRelationship" classname="com.dotmarketing.portlets.contentlet.business.ContentletCheckInTest" time="1.754"/>
  <testcase name="publish_content_anonymously" classname="com.dotmarketing.portlets.contentlet.business.ContentletCheckInTest" time="1.18"/>
  <testcase name="test_checkinContentlet_RelationshipOneToManyCardinality_Success" classname="com.dotmarketing.portlets.contentlet.business.ContentletCheckInTest" time="1.702"/>
  <testcase name="test_checkinContentlet_relationshipOneToOneCardinality_fails_whenRelatedParentBelongsToAnotherRelationship" classname="com.dotmarketing.portlets.contentlet.business.ContentletCheckInTest" time="1.744"/>
  <testcase name="test_checkinContentlet_RelationshipOneToManyCardinality_throwsDotContentletValidationException" classname="com.dotmarketing.portlets.contentlet.business.ContentletCheckInTest" time="1.92"/>
  <testcase name="test_checkinContentlet_RelationshipOneToOneCardinality_Success" classname="com.dotmarketing.portlets.contentlet.business.ContentletCheckInTest" time="1.458"/>
  <testcase name="test_checkinContentlet_relationshipOneToOneCardinality_fails_whenRelatingMoreThanOneContentlet" classname="com.dotmarketing.portlets.contentlet.business.ContentletCheckInTest" time="1.668"/>
  <testcase name="checkin_content_anonymously" classname="com.dotmarketing.portlets.contentlet.business.ContentletCheckInTest" time="0.056"/>
  <testcase name="checkinInvalidFileContent" classname="com.dotmarketing.portlets.contentlet.business.ContentletCheckInTest" time="1.511"/>
  <system-out><![CDATA[]]></system-out>
  <system-err><![CDATA[]]></system-err>
</testsuite>
