<?xml version="1.0" encoding="UTF-8"?>
<testsuite name="com.dotcms.variant.VariantAPITest" tests="31" skipped="0" failures="0" errors="0" timestamp="2023-06-26T19:48:44" hostname="fv-az341-169" time="23.857">
  <properties/>
  <testcase name="archiveNotExists" classname="com.dotcms.variant.VariantAPITest" time="0.001"/>
  <testcase name="promoteWithOutLiveDefaultVersion" classname="com.dotcms.variant.VariantAPITest" time="1.573"/>
  <testcase name="promoteWithoutVariantVersion" classname="com.dotcms.variant.VariantAPITest" time="1.708"/>
  <testcase name="pageWithNoVersion" classname="com.dotcms.variant.VariantAPITest" time="3.747"/>
  <testcase name="testUpdateDefaultVariant_shouldFail" classname="com.dotcms.variant.VariantAPITest" time="0.002"/>
  <testcase name="delete" classname="com.dotcms.variant.VariantAPITest" time="0.004"/>
  <testcase name="deleteNotArchived" classname="com.dotcms.variant.VariantAPITest" time="0.003"/>
  <testcase name="update" classname="com.dotcms.variant.VariantAPITest" time="0.004"/>
  <testcase name="archive" classname="com.dotcms.variant.VariantAPITest" time="0.004"/>
  <testcase name="promoteNonExistingVariant" classname="com.dotcms.variant.VariantAPITest" time="0.002"/>
  <testcase name="updateArchivedField" classname="com.dotcms.variant.VariantAPITest" time="0.004"/>
  <testcase name="saveArchive" classname="com.dotcms.variant.VariantAPITest" time="0.001"/>
  <testcase name="get" classname="com.dotcms.variant.VariantAPITest" time="0.002"/>
  <testcase name="save" classname="com.dotcms.variant.VariantAPITest" time="0.002"/>
  <testcase name="getByName" classname="com.dotcms.variant.VariantAPITest" time="0.003"/>
  <testcase name="getByNameNotExists" classname="com.dotcms.variant.VariantAPITest" time="0.0"/>
  <testcase name="promoteWorkingVersion" classname="com.dotcms.variant.VariantAPITest" time="1.69"/>
  <testcase name="promotePage" classname="com.dotcms.variant.VariantAPITest" time="3.864"/>
  <testcase name="promoteArchivedVariant" classname="com.dotcms.variant.VariantAPITest" time="1.468"/>
  <testcase name="promoteAlreadyPromoteVariant" classname="com.dotcms.variant.VariantAPITest" time="0.007"/>
  <testcase name="getByNameWithNull" classname="com.dotcms.variant.VariantAPITest" time="0.001"/>
  <testcase name="getNotExists" classname="com.dotcms.variant.VariantAPITest" time="0.0"/>
  <testcase name="promoteWorkingLiveVersion" classname="com.dotcms.variant.VariantAPITest" time="2.139"/>
  <testcase name="getWithNull" classname="com.dotcms.variant.VariantAPITest" time="0.001"/>
  <testcase name="promoteContentletWithSeveralLanguages" classname="com.dotcms.variant.VariantAPITest" time="2.541"/>
  <testcase name="testDeleteDefaultVariant_shouldFail" classname="com.dotcms.variant.VariantAPITest" time="0.001"/>
  <testcase name="promoteWithTwoVersion" classname="com.dotcms.variant.VariantAPITest" time="3.793"/>
  <testcase name="promoteWithoutDefaultVersion" classname="com.dotcms.variant.VariantAPITest" time="1.283"/>
  <testcase name="deleteNotExists" classname="com.dotcms.variant.VariantAPITest" time="0.001"/>
  <testcase name="promoteDefaultVariant" classname="com.dotcms.variant.VariantAPITest" time="0.001"/>
  <testcase name="updateNotExists" classname="com.dotcms.variant.VariantAPITest" time="0.004"/>
  <system-out><![CDATA[]]></system-out>
  <system-err><![CDATA[]]></system-err>
</testsuite>
