<?xml version="1.0" encoding="UTF-8"?>
<testsuite name="com.dotmarketing.portlets.structure.model.ContentletRelationshipsTest" tests="7" skipped="0" failures="0" errors="0" timestamp="2023-07-19T23:23:17" hostname="fv-az566-177" time="6.816">
  <properties/>
  <testcase name="testDoesAllowOnlyOne[0: com.dotmarketing.portlets.structure.model.ContentletRelationshipsTest$CardinalityTestCase@70363400]" classname="com.dotmarketing.portlets.structure.model.ContentletRelationshipsTest" time="0.436"/>
  <testcase name="testDoesAllowOnlyOne[1: com.dotmarketing.portlets.structure.model.ContentletRelationshipsTest$CardinalityTestCase@43bcdd84]" classname="com.dotmarketing.portlets.structure.model.ContentletRelationshipsTest" time="0.464"/>
  <testcase name="testDoesAllowOnlyOne[2: com.dotmarketing.portlets.structure.model.ContentletRelationshipsTest$CardinalityTestCase@66d0cf38]" classname="com.dotmarketing.portlets.structure.model.ContentletRelationshipsTest" time="0.446"/>
  <testcase name="testGetRelationshipRecords[0: com.dotmarketing.portlets.structure.model.ContentletRelationshipsTest$TestCase@4e38bfc3]" classname="com.dotmarketing.portlets.structure.model.ContentletRelationshipsTest" time="0.989"/>
  <testcase name="testGetRelationshipRecords[1: com.dotmarketing.portlets.structure.model.ContentletRelationshipsTest$TestCase@fef0430]" classname="com.dotmarketing.portlets.structure.model.ContentletRelationshipsTest" time="1.941"/>
  <testcase name="testGetRelationshipRecords[2: com.dotmarketing.portlets.structure.model.ContentletRelationshipsTest$TestCase@2a1ab8b4]" classname="com.dotmarketing.portlets.structure.model.ContentletRelationshipsTest" time="1.785"/>
  <testcase name="testGetRelationshipRecords[3: com.dotmarketing.portlets.structure.model.ContentletRelationshipsTest$TestCase@4ad31bc0]" classname="com.dotmarketing.portlets.structure.model.ContentletRelationshipsTest" time="0.755"/>
  <system-out><![CDATA[]]></system-out>
  <system-err><![CDATA[]]></system-err>
</testsuite>
