<?xml version="1.0" encoding="UTF-8"?>
<testsuite name="com.dotcms.rest.MapToContentletPopulatorTest" tests="20" skipped="0" failures="0" errors="0" timestamp="2023-06-23T18:27:00" hostname="fv-az561-920" time="49.032">
  <properties/>
  <testcase name="testPopulateLegacyRelationshipWithLuceneQueryAndIdentifier" classname="com.dotcms.rest.MapToContentletPopulatorTest" time="7.165"/>
  <testcase name="Test_Pass_Valid_Category" classname="com.dotcms.rest.MapToContentletPopulatorTest" time="4.201"/>
  <testcase name="Test_Pass_Empty_List_Multiple_Category_Fields_Pass_Empty_List" classname="com.dotcms.rest.MapToContentletPopulatorTest" time="1.621"/>
  <testcase name="Test_Pass_Null_As_Category" classname="com.dotcms.rest.MapToContentletPopulatorTest" time="4.086"/>
  <testcase name="testPopulateTwoSidedRelationshipWithLuceneQuery" classname="com.dotcms.rest.MapToContentletPopulatorTest" time="0.827"/>
  <testcase name="Test_Pass_Invalid_Category" classname="com.dotcms.rest.MapToContentletPopulatorTest" time="4.119"/>
  <testcase name="Test_Pass_List_Of_Categories" classname="com.dotcms.rest.MapToContentletPopulatorTest" time="4.053"/>
  <testcase name="testPopulateOneSidedRelationship[0: com.dotcms.rest.MapToContentletPopulatorTest$TestCase@1035e304]" classname="com.dotcms.rest.MapToContentletPopulatorTest" time="1.485"/>
  <testcase name="testPopulateOneSidedRelationship[1: com.dotcms.rest.MapToContentletPopulatorTest$TestCase@1bbbfa4d]" classname="com.dotcms.rest.MapToContentletPopulatorTest" time="1.435"/>
  <testcase name="testPopulateOneSidedRelationship[2: com.dotcms.rest.MapToContentletPopulatorTest$TestCase@5dc880b4]" classname="com.dotcms.rest.MapToContentletPopulatorTest" time="0.404"/>
  <testcase name="testPopulateOneSidedRelationship[3: com.dotcms.rest.MapToContentletPopulatorTest$TestCase@4cde7bd]" classname="com.dotcms.rest.MapToContentletPopulatorTest" time="1.366"/>
  <testcase name="Test_Set_Or_Resolve_Language" classname="com.dotcms.rest.MapToContentletPopulatorTest" time="1.06"/>
  <testcase name="Test_Pass_Categoryless_Contentlet" classname="com.dotcms.rest.MapToContentletPopulatorTest" time="4.022"/>
  <testcase name="Test_Pass_Empty_List_Multiple_Category_Fields_Pass_Null[0: &lt;null&gt;]" classname="com.dotcms.rest.MapToContentletPopulatorTest" time="1.654"/>
  <testcase name="Test_Pass_Empty_List_Multiple_Category_Fields_Pass_Null[1: null]" classname="com.dotcms.rest.MapToContentletPopulatorTest" time="1.62"/>
  <testcase name="Test_Pass_Empty_List_Multiple_Category_Fields_Pass_Null[2: null]" classname="com.dotcms.rest.MapToContentletPopulatorTest" time="1.614"/>
  <testcase name="Test_Pass_Empty_List_Of_Categories" classname="com.dotcms.rest.MapToContentletPopulatorTest" time="4.086"/>
  <testcase name="testPopulateContentletWithTwoSidedRelationshipAndParentRelationNameEqualsToAnotherFieldVarInChild" classname="com.dotcms.rest.MapToContentletPopulatorTest" time="0.657"/>
  <testcase name="Test_Pass_Empty_List_Multiple_Category_Fields_Pass_List_Of_Category" classname="com.dotcms.rest.MapToContentletPopulatorTest" time="1.636"/>
  <testcase name="testPopulateSelfJoinedRelationshipWithLuceneQuery" classname="com.dotcms.rest.MapToContentletPopulatorTest" time="1.92"/>
  <system-out><![CDATA[]]></system-out>
  <system-err><![CDATA[]]></system-err>
</testsuite>
