<?xml version="1.0" encoding="UTF-8"?>
<testsuite name="com.dotmarketing.portlets.workflows.actionlet.SaveContentActionletTest" tests="9" skipped="0" failures="0" errors="0" timestamp="2023-06-30T20:55:16" hostname="fv-az248-258" time="2.348">
  <properties/>
  <testcase name="test_Publish_With_Save_Contentlet[0: com.dotmarketing.portlets.workflows.actionlet.SaveContentActionletTest$TestCase@3e13d4d4]" classname="com.dotmarketing.portlets.workflows.actionlet.SaveContentActionletTest" time="1.117"/>
  <testcase name="test_Publish_With_Save_Contentlet[1: com.dotmarketing.portlets.workflows.actionlet.SaveContentActionletTest$TestCase@395ec1cc]" classname="com.dotmarketing.portlets.workflows.actionlet.SaveContentActionletTest" time="1.144"/>
  <testcase name="test_Publish_With_Save_Contentlet[2: com.dotmarketing.portlets.workflows.actionlet.SaveContentActionletTest$TestCase@648e2dbc]" classname="com.dotmarketing.portlets.workflows.actionlet.SaveContentActionletTest" time="0.011"/>
  <testcase name="test_Publish_With_Save_Contentlet[3: com.dotmarketing.portlets.workflows.actionlet.SaveContentActionletTest$TestCase@fbaefca]" classname="com.dotmarketing.portlets.workflows.actionlet.SaveContentActionletTest" time="0.011"/>
  <testcase name="test_Publish_With_Save_Contentlet[4: com.dotmarketing.portlets.workflows.actionlet.SaveContentActionletTest$TestCase@2faf3f9d]" classname="com.dotmarketing.portlets.workflows.actionlet.SaveContentActionletTest" time="0.011"/>
  <testcase name="test_Publish_With_Save_Contentlet[5: com.dotmarketing.portlets.workflows.actionlet.SaveContentActionletTest$TestCase@60b0cb05]" classname="com.dotmarketing.portlets.workflows.actionlet.SaveContentActionletTest" time="0.01"/>
  <testcase name="test_Publish_With_Save_Contentlet[6: com.dotmarketing.portlets.workflows.actionlet.SaveContentActionletTest$TestCase@7546e962]" classname="com.dotmarketing.portlets.workflows.actionlet.SaveContentActionletTest" time="0.012"/>
  <testcase name="test_Publish_With_Save_Contentlet[7: com.dotmarketing.portlets.workflows.actionlet.SaveContentActionletTest$TestCase@2dda9cbf]" classname="com.dotmarketing.portlets.workflows.actionlet.SaveContentActionletTest" time="0.021"/>
  <testcase name="test_Publish_With_Save_Contentlet[8: com.dotmarketing.portlets.workflows.actionlet.SaveContentActionletTest$TestCase@7bdf1d4e]" classname="com.dotmarketing.portlets.workflows.actionlet.SaveContentActionletTest" time="0.011"/>
  <system-out><![CDATA[]]></system-out>
  <system-err><![CDATA[]]></system-err>
</testsuite>
