<?xml version="1.0" encoding="UTF-8"?>
<testsuite name="com.dotcms.rest.elasticsearch.ESContentResourcePortletTest" tests="8" skipped="0" failures="0" errors="0" timestamp="2023-06-27T15:25:29" hostname="fv-az574-602" time="7.055">
  <properties/>
  <testcase name="test_search_includeGrandChildCategory_success" classname="com.dotcms.rest.elasticsearch.ESContentResourcePortletTest" time="1.39"/>
  <testcase name="testSearch[0: com.dotcms.rest.elasticsearch.ESContentResourcePortletTest$TestCase@45f3329c]" classname="com.dotcms.rest.elasticsearch.ESContentResourcePortletTest" time="0.952"/>
  <testcase name="testSearch[1: com.dotcms.rest.elasticsearch.ESContentResourcePortletTest$TestCase@4eb8062e]" classname="com.dotcms.rest.elasticsearch.ESContentResourcePortletTest" time="0.315"/>
  <testcase name="testSearch[2: com.dotcms.rest.elasticsearch.ESContentResourcePortletTest$TestCase@378a13b4]" classname="com.dotcms.rest.elasticsearch.ESContentResourcePortletTest" time="0.95"/>
  <testcase name="testSearch[3: com.dotcms.rest.elasticsearch.ESContentResourcePortletTest$TestCase@3ea485a3]" classname="com.dotcms.rest.elasticsearch.ESContentResourcePortletTest" time="1.303"/>
  <testcase name="testSearch[4: com.dotcms.rest.elasticsearch.ESContentResourcePortletTest$TestCase@629f2739]" classname="com.dotcms.rest.elasticsearch.ESContentResourcePortletTest" time="0.297"/>
  <testcase name="testSearch[5: com.dotcms.rest.elasticsearch.ESContentResourcePortletTest$TestCase@6c18c432]" classname="com.dotcms.rest.elasticsearch.ESContentResourcePortletTest" time="0.952"/>
  <testcase name="testSearch[6: com.dotcms.rest.elasticsearch.ESContentResourcePortletTest$TestCase@b687db6]" classname="com.dotcms.rest.elasticsearch.ESContentResourcePortletTest" time="0.894"/>
  <system-out><![CDATA[]]></system-out>
  <system-err><![CDATA[]]></system-err>
</testsuite>
