<?xml version="1.0" encoding="UTF-8"?>
<testsuite name="com.dotmarketing.business.DeterministicIdentifierAPITest" tests="16" skipped="0" failures="0" errors="0" timestamp="2023-07-12T17:49:17" hostname="fv-az254-482" time="1.499">
  <properties/>
  <testcase name="Test_Category_Path_Seed_And_Id" classname="com.dotmarketing.business.DeterministicIdentifierAPITest" time="0.039"/>
  <testcase name="Test_Language_Deterministic_Id[0: LanguageTestCase{expectedSeed='Language:es:US', expectedHash=4913155, langCode='es', countryCode='US', country='United States'}]" classname="com.dotmarketing.business.DeterministicIdentifierAPITest" time="0.001"/>
  <testcase name="Test_Language_Deterministic_Id[1: LanguageTestCase{expectedSeed='Language:ep:', expectedHash=5292269, langCode='ep', countryCode='', country=''}]" classname="com.dotmarketing.business.DeterministicIdentifierAPITest" time="0.002"/>
  <testcase name="Test_Language_Deterministic_Id[2: LanguageTestCase{expectedSeed='Language:sg:SAG', expectedHash=4713118, langCode='sg', countryCode='SAG', country=''}]" classname="com.dotmarketing.business.DeterministicIdentifierAPITest" time="0.001"/>
  <testcase name="Test_Language_Deterministic_Id[3: LanguageTestCase{expectedSeed='Language:en:NZ', expectedHash=5382528, langCode='en', countryCode='NZ', country='New Zealand'}]" classname="com.dotmarketing.business.DeterministicIdentifierAPITest" time="0.001"/>
  <testcase name="Test_Category_None_Persisted_Category_Should_Return_Deterministic_Id" classname="com.dotmarketing.business.DeterministicIdentifierAPITest" time="0.002"/>
  <testcase name="Test_Asset_Generate_Deterministic_Id_Best_Effort[0: TestCase{versionable=my.host1689183740650.com, parent=System Host, expectedName='my.host1689183740650.com', expectedType='Host'}]" classname="com.dotmarketing.business.DeterministicIdentifierAPITest" time="0.004"/>
  <testcase name="Test_Asset_Generate_Deterministic_Id_Best_Effort[1: TestCase{versionable=com.dotmarketing.portlets.contentlet.model.Contentlet@4f83b35d[map={modDate=2023-07-12 17:42:21.286, fileName=file2282117815102242585.txt, title=file2282117815102242585.txt, inode=9263a5fc-3755-4a60-ad40-d60efe5369ca, __IS_NEW_CONTENT__=true, disabledWYSIWYG=[], host=6e0607c5-6de9-40e0-8f3d-d9e9e1af9232, stInode=33888b6f-7a8e-4069-b1b6-5c1aa9d0a48d, owner=system, identifier=b1c3f99a-52b1-468c-87e6-049c648fab2c, nullProperties=[wfExpireDate, wfPublishDate, wfActionAssign, wfActionId, wfActionComments, filterKey, whereToSend, wfNeverExpire, _path_to_move, timezoneId, iWantTo, wfPublishTime, wfExpireTime], languageId=1, fileAsset=/home/runner/work/core/custom/assets/9/2/9263a5fc-3755-4a60-ad40-d60efe5369ca/fileAsset/file2282117815102242585.txt, folder=e10dfc94-2491-49fc-be99-3be5c76d1e3f, __disable_workflow__=true, sortOrder=0, modUser=system},lowIndexPriority=false,variantId=DEFAULT], parent=com.dotmarketing.portlets.folders.model.Folder@56dd043[identifier=e10dfc94-2491-49fc-be99-3be5c76d1e3f,name=testName1689183741278,sortOrder=0,showOnMenu=false,hostId=6e0607c5-6de9-40e0-8f3d-d9e9e1af9232,type=folder,title=testTitle1689183741278,filesMasks=,defaultFileType=33888b6f-7a8e-4069-b1b6-5c1aa9d0a48d,modDate=2023-07-12 17:42:21.281,owner=&lt;null&gt;,iDate=2023-07-12 17:42:21.281,inode=e10dfc94-2491-49fc-be99-3be5c76d1e3f,path=/testName1689183741278/], expectedName='file2282117815102242585.txt', expectedType='FileAsset'}]" classname="com.dotmarketing.business.DeterministicIdentifierAPITest" time="0.004"/>
  <testcase name="Test_Asset_Generate_Deterministic_Id_Best_Effort[2: TestCase{versionable=com.dotmarketing.portlets.templates.model.Template@a3f4c646, parent=my.host1689183740650.com, expectedName='testTitle1689183741393', expectedType='Template'}]" classname="com.dotmarketing.business.DeterministicIdentifierAPITest" time="0.003"/>
  <testcase name="Test_Asset_Generate_Deterministic_Id_Best_Effort[3: TestCase{versionable=com.dotmarketing.portlets.htmlpageasset.model.HTMLPageAsset@5cd82021[map={template=a763575b-962c-47e5-a6e5-c9656ced03c4, owner=system, identifier=b51a7a20-da92-4a7b-9619-2d6c221ef8e0, nullProperties=[wfExpireDate, wfPublishDate, wfActionAssign, wfActionId, wfActionComments, filterKey, whereToSend, wfNeverExpire, _path_to_move, timezoneId, iWantTo, wfPublishTime, wfExpireTime], modDate=2023-07-12 17:42:21.423, cachettl=0, _is_test_mode=true, languageId=1, title=test-page-title-1689183741408, httpsreq=, url=test-page-url-1689183741408, showOnMenu=, inode=8c8aed79-7150-49c2-abc3-a8e0f5b957a1, folder=e10dfc94-2491-49fc-be99-3be5c76d1e3f, disabledWYSIWYG=[], sortOrder=1, modUser=system, host=6e0607c5-6de9-40e0-8f3d-d9e9e1af9232, stInode=c541abb1-69b3-4bc5-8430-5e09e5239cc8, friendlyName=test-page-friendly-name-1689183741408},lowIndexPriority=false,variantId=DEFAULT], parent=com.dotmarketing.portlets.folders.model.Folder@56dd043[identifier=e10dfc94-2491-49fc-be99-3be5c76d1e3f,name=testName1689183741278,sortOrder=0,showOnMenu=false,hostId=6e0607c5-6de9-40e0-8f3d-d9e9e1af9232,type=folder,title=testTitle1689183741278,filesMasks=,defaultFileType=33888b6f-7a8e-4069-b1b6-5c1aa9d0a48d,modDate=2023-07-12 17:42:21.281,owner=&lt;null&gt;,iDate=2023-07-12 17:42:21.281,inode=e10dfc94-2491-49fc-be99-3be5c76d1e3f,path=/testName1689183741278/], expectedName='test-page-url-1689183741408', expectedType='htmlpageasset'}]" classname="com.dotmarketing.business.DeterministicIdentifierAPITest" time="0.005"/>
  <testcase name="Test_Asset_Generate_Deterministic_Id_Best_Effort[4: TestCase{versionable=com.dotmarketing.portlets.contentlet.model.Contentlet@5c2e2ded[map={fileAsset2=/home/runner/work/core/custom/assets/8/a/8ab7ec11-7392-4ec1-9516-905433cc7b73/fileAsset2/test_binary1689183743327.png, modDate=2023-07-12 17:42:23.335, fileAsset1=/home/runner/work/core/custom/assets/8/a/8ab7ec11-7392-4ec1-9516-905433cc7b73/fileAsset1/test_binary1689183743327.jpg, title=blah, inode=8ab7ec11-7392-4ec1-9516-905433cc7b73, __IS_NEW_CONTENT__=true, disabledWYSIWYG=[], host=48190c8c-42c4-46af-8d1a-0cd5db894797, stInode=aac84afe-6efc-4507-85d9-feb7f07fc8ad, owner=system, identifier=84b304c0-cfb7-4a42-a8f9-7621521d5dba, nullProperties=[], languageId=1, image1=3699540e-5dc6-4401-a9d8-7d090863d711, folder=SYSTEM_FOLDER, __disable_workflow__=true, sortOrder=0, modUser=system},lowIndexPriority=false,variantId=DEFAULT], parent=demo.dotcms.com, expectedName='test_binary1689183743327.jpg:test_binary1689183743327.png', expectedType='MultipleBinaries1689183741740'}]" classname="com.dotmarketing.business.DeterministicIdentifierAPITest" time="0.005"/>
  <testcase name="Test_Asset_Generate_Deterministic_Id_Best_Effort[5: TestCase{versionable=namecb292c9964 : keyTagcb292c9964, parent=my.host1689183740650.com, expectedName='keyTagcb292c9964', expectedType='persona'}]" classname="com.dotmarketing.business.DeterministicIdentifierAPITest" time="0.004"/>
  <testcase name="Test_Similar_Content_Type_Wont_Clash" classname="com.dotmarketing.business.DeterministicIdentifierAPITest" time="0.593"/>
  <testcase name="Test_Generate_Folder_Identifier" classname="com.dotmarketing.business.DeterministicIdentifierAPITest" time="0.819"/>
  <testcase name="Test_Generate_Content_Type_Identifier[0: ContentTypeTestCase{contentType=KeyValueContentType{name=Language Variable, id=f4d7c1b8-2c88-4071-abf1-a5328977b07d, description=Default Content Type for Language Variables, defaultType=false, fixed=true, iDate=Thu Aug 31 16:38:49 UTC 2017, system=true, versionable=true, variable=Languagevariable, modDate=Wed Jul 12 16:28:02 UTC 2023, host=SYSTEM_HOST, siteName=systemHost, icon=language, sortOrder=0, folder=SYSTEM_FOLDER, folderPath=/, markedForDeletion=true, multilingualable=false}, expectedName='Languagevariable', expectedType='KeyValue'}]" classname="com.dotmarketing.business.DeterministicIdentifierAPITest" time="0.007"/>
  <testcase name="Test_Generate_Content_Type_Identifier[1: ContentTypeTestCase{contentType=SimpleContentType{name=testName1689183743794, id=759ef309-0b0c-4c11-a902-b8ce8a7af83f, description=testDescription1689183743794, defaultType=false, fixed=false, iDate=Wed Jul 12 17:42:23 UTC 2023, system=false, versionable=true, multilingualable=false, variable=testVarname1689183743794, owner=system, modDate=Wed Jul 12 17:42:24 UTC 2023, host=48190c8c-42c4-46af-8d1a-0cd5db894797, siteName=demo.dotcms.com, icon=event_note, sortOrder=0, folder=SYSTEM_FOLDER, folderPath=/, requiredFields=[], markedForDeletion=false}, expectedName='testVarname1689183743794', expectedType='CONTENT'}]" classname="com.dotmarketing.business.DeterministicIdentifierAPITest" time="0.007"/>
  <system-out><![CDATA[]]></system-out>
  <system-err><![CDATA[]]></system-err>
</testsuite>
