<?xml version="1.0" encoding="UTF-8"?>
<testsuite name="com.dotmarketing.portlets.structure.model.ContentletRelationshipsTest" tests="7" skipped="0" failures="0" errors="0" timestamp="2023-06-26T17:30:10" hostname="fv-az1226-245" time="8.739">
  <properties/>
  <testcase name="testDoesAllowOnlyOne[0: com.dotmarketing.portlets.structure.model.ContentletRelationshipsTest$CardinalityTestCase@56056790]" classname="com.dotmarketing.portlets.structure.model.ContentletRelationshipsTest" time="0.483"/>
  <testcase name="testDoesAllowOnlyOne[1: com.dotmarketing.portlets.structure.model.ContentletRelationshipsTest$CardinalityTestCase@380b9c6f]" classname="com.dotmarketing.portlets.structure.model.ContentletRelationshipsTest" time="0.445"/>
  <testcase name="testDoesAllowOnlyOne[2: com.dotmarketing.portlets.structure.model.ContentletRelationshipsTest$CardinalityTestCase@3d7d796]" classname="com.dotmarketing.portlets.structure.model.ContentletRelationshipsTest" time="0.409"/>
  <testcase name="testGetRelationshipRecords[0: com.dotmarketing.portlets.structure.model.ContentletRelationshipsTest$TestCase@89d3975]" classname="com.dotmarketing.portlets.structure.model.ContentletRelationshipsTest" time="1.966"/>
  <testcase name="testGetRelationshipRecords[1: com.dotmarketing.portlets.structure.model.ContentletRelationshipsTest$TestCase@7559e611]" classname="com.dotmarketing.portlets.structure.model.ContentletRelationshipsTest" time="1.889"/>
  <testcase name="testGetRelationshipRecords[2: com.dotmarketing.portlets.structure.model.ContentletRelationshipsTest$TestCase@11d5f431]" classname="com.dotmarketing.portlets.structure.model.ContentletRelationshipsTest" time="1.755"/>
  <testcase name="testGetRelationshipRecords[3: com.dotmarketing.portlets.structure.model.ContentletRelationshipsTest$TestCase@2c03eafa]" classname="com.dotmarketing.portlets.structure.model.ContentletRelationshipsTest" time="1.79"/>
  <system-out><![CDATA[]]></system-out>
  <system-err><![CDATA[]]></system-err>
</testsuite>
