<?xml version="1.0" encoding="UTF-8"?>
<testsuite name="com.dotcms.rest.api.v1.vtl.VTLResourceIntegrationTest" tests="6" skipped="0" failures="0" errors="0" timestamp="2023-06-28T09:06:39" hostname="fv-az554-967" time="12.351">
  <properties/>
  <testcase name="testGet[0: com.dotcms.rest.api.v1.vtl.VTLResourceTestCase@6b836162]" classname="com.dotcms.rest.api.v1.vtl.VTLResourceIntegrationTest" time="2.494"/>
  <testcase name="testGet[1: com.dotcms.rest.api.v1.vtl.VTLResourceTestCase@71955fbf]" classname="com.dotcms.rest.api.v1.vtl.VTLResourceIntegrationTest" time="1.939"/>
  <testcase name="testGet[2: com.dotcms.rest.api.v1.vtl.VTLResourceTestCase@3e6d286a]" classname="com.dotcms.rest.api.v1.vtl.VTLResourceIntegrationTest" time="2.026"/>
  <testcase name="testGet[3: com.dotcms.rest.api.v1.vtl.VTLResourceTestCase@2f7a573c]" classname="com.dotcms.rest.api.v1.vtl.VTLResourceIntegrationTest" time="1.993"/>
  <testcase name="testGet[4: com.dotcms.rest.api.v1.vtl.VTLResourceTestCase@5f02abc0]" classname="com.dotcms.rest.api.v1.vtl.VTLResourceIntegrationTest" time="2.044"/>
  <testcase name="testGet[5: com.dotcms.rest.api.v1.vtl.VTLResourceTestCase@4b17f38]" classname="com.dotcms.rest.api.v1.vtl.VTLResourceIntegrationTest" time="1.855"/>
  <system-out><![CDATA[]]></system-out>
  <system-err><![CDATA[]]></system-err>
</testsuite>
