<?xml version="1.0" encoding="UTF-8"?>
<testsuite name="com.dotcms.enterprise.publishing.remote.bundler.RuleBundlerTest" tests="2" skipped="0" failures="0" errors="0" timestamp="2023-06-30T19:10:45" hostname="fv-az1025-316" time="0.039">
  <properties/>
  <testcase name="addRuleInBundle[0: com.dotcms.enterprise.publishing.remote.bundler.RuleBundlerTest$TestCase@298833d6]" classname="com.dotcms.enterprise.publishing.remote.bundler.RuleBundlerTest" time="0.025"/>
  <testcase name="addRuleInBundle[1: com.dotcms.enterprise.publishing.remote.bundler.RuleBundlerTest$TestCase@28b581c6]" classname="com.dotcms.enterprise.publishing.remote.bundler.RuleBundlerTest" time="0.014"/>
  <system-out><![CDATA[]]></system-out>
  <system-err><![CDATA[]]></system-err>
</testsuite>
