<?xml version="1.0" encoding="UTF-8"?>
<testsuite name="com.dotmarketing.business.DeterministicIdentifierAPITest" tests="16" skipped="0" failures="0" errors="0" timestamp="2023-07-01T00:05:34" hostname="fv-az449-126" time="0.804">
  <properties/>
  <testcase name="Test_Category_Path_Seed_And_Id" classname="com.dotmarketing.business.DeterministicIdentifierAPITest" time="0.027"/>
  <testcase name="Test_Language_Deterministic_Id[0: LanguageTestCase{expectedSeed='Language:es:US', expectedHash=4913155, langCode='es', countryCode='US', country='United States'}]" classname="com.dotmarketing.business.DeterministicIdentifierAPITest" time="0.001"/>
  <testcase name="Test_Language_Deterministic_Id[1: LanguageTestCase{expectedSeed='Language:ep:', expectedHash=5292269, langCode='ep', countryCode='', country=''}]" classname="com.dotmarketing.business.DeterministicIdentifierAPITest" time="0.001"/>
  <testcase name="Test_Language_Deterministic_Id[2: LanguageTestCase{expectedSeed='Language:sg:SAG', expectedHash=4713118, langCode='sg', countryCode='SAG', country=''}]" classname="com.dotmarketing.business.DeterministicIdentifierAPITest" time="0.001"/>
  <testcase name="Test_Language_Deterministic_Id[3: LanguageTestCase{expectedSeed='Language:en:NZ', expectedHash=5382528, langCode='en', countryCode='NZ', country='New Zealand'}]" classname="com.dotmarketing.business.DeterministicIdentifierAPITest" time="0.001"/>
  <testcase name="Test_Category_None_Persisted_Category_Should_Return_Deterministic_Id" classname="com.dotmarketing.business.DeterministicIdentifierAPITest" time="0.002"/>
  <testcase name="Test_Asset_Generate_Deterministic_Id_Best_Effort[0: TestCase{versionable=my.host1688169555050.com, parent=System Host, expectedName='my.host1688169555050.com', expectedType='Host'}]" classname="com.dotmarketing.business.DeterministicIdentifierAPITest" time="0.004"/>
  <testcase name="Test_Asset_Generate_Deterministic_Id_Best_Effort[1: TestCase{versionable=com.dotmarketing.portlets.contentlet.model.Contentlet@7efbe64[map={modDate=2023-06-30 23:59:15.774, fileName=file11179910898210684760.txt, title=file11179910898210684760.txt, inode=e532455b-9338-4c1a-bdb7-474639846c3c, __IS_NEW_CONTENT__=true, disabledWYSIWYG=[], host=fd46e7d1-b716-467b-8ff4-54ec0b3198d0, stInode=33888b6f-7a8e-4069-b1b6-5c1aa9d0a48d, owner=system, identifier=2c9b12fb-8919-48ee-9d3b-b8f708fe9da6, nullProperties=[wfExpireDate, wfPublishDate, wfActionAssign, wfActionId, wfActionComments, filterKey, whereToSend, wfNeverExpire, _path_to_move, timezoneId, iWantTo, wfPublishTime, wfExpireTime], languageId=1, fileAsset=/home/runner/work/core/custom/assets/e/5/e532455b-9338-4c1a-bdb7-474639846c3c/fileAsset/file11179910898210684760.txt, folder=dd28bb4a-a46f-4a7b-ae66-8da966bc42dc, __disable_workflow__=true, sortOrder=0, modUser=system},lowIndexPriority=false,variantId=DEFAULT], parent=com.dotmarketing.portlets.folders.model.Folder@6ea9c3bb[identifier=dd28bb4a-a46f-4a7b-ae66-8da966bc42dc,name=testName1688169555767,sortOrder=0,showOnMenu=false,hostId=fd46e7d1-b716-467b-8ff4-54ec0b3198d0,type=folder,title=testTitle1688169555767,filesMasks=,defaultFileType=33888b6f-7a8e-4069-b1b6-5c1aa9d0a48d,modDate=2023-06-30 23:59:15.769,owner=&lt;null&gt;,iDate=2023-06-30 23:59:15.769,inode=dd28bb4a-a46f-4a7b-ae66-8da966bc42dc,path=/testName1688169555767/], expectedName='file11179910898210684760.txt', expectedType='FileAsset'}]" classname="com.dotmarketing.business.DeterministicIdentifierAPITest" time="0.004"/>
  <testcase name="Test_Asset_Generate_Deterministic_Id_Best_Effort[2: TestCase{versionable=com.dotmarketing.portlets.templates.model.Template@43872475, parent=my.host1688169555050.com, expectedName='testTitle1688169555855', expectedType='Template'}]" classname="com.dotmarketing.business.DeterministicIdentifierAPITest" time="0.002"/>
  <testcase name="Test_Asset_Generate_Deterministic_Id_Best_Effort[3: TestCase{versionable=com.dotmarketing.portlets.htmlpageasset.model.HTMLPageAsset@3c29723d[map={template=5c832602-ef68-44a2-bd87-3e3f8165eb2a, owner=system, identifier=bb7dafff-9e1d-45a9-a5c8-5bb401558c9b, nullProperties=[wfExpireDate, wfPublishDate, wfActionAssign, wfActionId, wfActionComments, filterKey, whereToSend, wfNeverExpire, _path_to_move, timezoneId, iWantTo, wfPublishTime, wfExpireTime], modDate=2023-06-30 23:59:15.871, cachettl=0, _is_test_mode=true, languageId=1, title=test-page-title-1688169555868, httpsreq=, url=test-page-url-1688169555868, showOnMenu=, inode=23da4c40-df43-4342-97f3-57dc785cfc5c, folder=dd28bb4a-a46f-4a7b-ae66-8da966bc42dc, disabledWYSIWYG=[], sortOrder=1, modUser=system, host=fd46e7d1-b716-467b-8ff4-54ec0b3198d0, stInode=c541abb1-69b3-4bc5-8430-5e09e5239cc8, friendlyName=test-page-friendly-name-1688169555868},lowIndexPriority=false,variantId=DEFAULT], parent=com.dotmarketing.portlets.folders.model.Folder@6ea9c3bb[identifier=dd28bb4a-a46f-4a7b-ae66-8da966bc42dc,name=testName1688169555767,sortOrder=0,showOnMenu=false,hostId=fd46e7d1-b716-467b-8ff4-54ec0b3198d0,type=folder,title=testTitle1688169555767,filesMasks=,defaultFileType=33888b6f-7a8e-4069-b1b6-5c1aa9d0a48d,modDate=2023-06-30 23:59:15.769,owner=&lt;null&gt;,iDate=2023-06-30 23:59:15.769,inode=dd28bb4a-a46f-4a7b-ae66-8da966bc42dc,path=/testName1688169555767/], expectedName='test-page-url-1688169555868', expectedType='htmlpageasset'}]" classname="com.dotmarketing.business.DeterministicIdentifierAPITest" time="0.003"/>
  <testcase name="Test_Asset_Generate_Deterministic_Id_Best_Effort[4: TestCase{versionable=com.dotmarketing.portlets.contentlet.model.Contentlet@50b4d3cc[map={fileAsset2=/home/runner/work/core/custom/assets/5/d/5df2c161-d7fe-4716-9b5c-41bfc7a7cefa/fileAsset2/test_binary1688169556753.png, modDate=2023-06-30 23:59:16.757, fileAsset1=/home/runner/work/core/custom/assets/5/d/5df2c161-d7fe-4716-9b5c-41bfc7a7cefa/fileAsset1/test_binary1688169556752.jpg, title=blah, inode=5df2c161-d7fe-4716-9b5c-41bfc7a7cefa, __IS_NEW_CONTENT__=true, disabledWYSIWYG=[], host=48190c8c-42c4-46af-8d1a-0cd5db894797, stInode=43488e96-df4c-460b-a9b7-08727677d4e7, owner=system, identifier=daf3788f-7cf3-41fb-b94b-a3082828af67, nullProperties=[], languageId=1, image1=7c4e38ad-0603-48d8-8aa6-c1e61b816930, folder=SYSTEM_FOLDER, __disable_workflow__=true, sortOrder=0, modUser=system},lowIndexPriority=false,variantId=DEFAULT], parent=demo.dotcms.com, expectedName='test_binary1688169556752.jpg:test_binary1688169556753.png', expectedType='MultipleBinaries1688169556018'}]" classname="com.dotmarketing.business.DeterministicIdentifierAPITest" time="0.003"/>
  <testcase name="Test_Asset_Generate_Deterministic_Id_Best_Effort[5: TestCase{versionable=name735f41f40a : keyTag735f41f40a, parent=my.host1688169555050.com, expectedName='keyTag735f41f40a', expectedType='persona'}]" classname="com.dotmarketing.business.DeterministicIdentifierAPITest" time="0.002"/>
  <testcase name="Test_Similar_Content_Type_Wont_Clash" classname="com.dotmarketing.business.DeterministicIdentifierAPITest" time="0.427"/>
  <testcase name="Test_Generate_Folder_Identifier" classname="com.dotmarketing.business.DeterministicIdentifierAPITest" time="0.314"/>
  <testcase name="Test_Generate_Content_Type_Identifier[0: ContentTypeTestCase{contentType=KeyValueContentType{name=Language Variable, id=f4d7c1b8-2c88-4071-abf1-a5328977b07d, description=Default Content Type for Language Variables, defaultType=false, fixed=true, iDate=Thu Aug 31 16:38:49 UTC 2017, system=true, versionable=true, variable=Languagevariable, modDate=Fri Jun 30 22:57:16 UTC 2023, host=SYSTEM_HOST, siteName=systemHost, icon=language, sortOrder=0, folder=SYSTEM_FOLDER, folderPath=/, markedForDeletion=true, multilingualable=false}, expectedName='Languagevariable', expectedType='KeyValue'}]" classname="com.dotmarketing.business.DeterministicIdentifierAPITest" time="0.005"/>
  <testcase name="Test_Generate_Content_Type_Identifier[1: ContentTypeTestCase{contentType=SimpleContentType{name=testName1688169557157, id=9816403d-3e86-48c5-8797-dc8538b6d3c0, description=testDescription1688169557157, defaultType=false, fixed=false, iDate=Fri Jun 30 23:59:17 UTC 2023, system=false, versionable=true, multilingualable=false, variable=testVarname1688169557157, owner=system, modDate=Fri Jun 30 23:59:17 UTC 2023, host=48190c8c-42c4-46af-8d1a-0cd5db894797, siteName=demo.dotcms.com, icon=event_note, sortOrder=0, folder=SYSTEM_FOLDER, folderPath=/, requiredFields=[], markedForDeletion=false}, expectedName='testVarname1688169557157', expectedType='CONTENT'}]" classname="com.dotmarketing.business.DeterministicIdentifierAPITest" time="0.004"/>
  <system-out><![CDATA[]]></system-out>
  <system-err><![CDATA[]]></system-err>
</testsuite>
