<?xml version="1.0" encoding="UTF-8"?>
<testsuite name="com.dotmarketing.portlets.structure.model.ContentletRelationshipsTest" tests="7" skipped="0" failures="0" errors="0" timestamp="2023-07-18T21:58:37" hostname="fv-az749-132" time="9.826">
  <properties/>
  <testcase name="testDoesAllowOnlyOne[0: com.dotmarketing.portlets.structure.model.ContentletRelationshipsTest$CardinalityTestCase@2771a077]" classname="com.dotmarketing.portlets.structure.model.ContentletRelationshipsTest" time="0.561"/>
  <testcase name="testDoesAllowOnlyOne[1: com.dotmarketing.portlets.structure.model.ContentletRelationshipsTest$CardinalityTestCase@5b9b1195]" classname="com.dotmarketing.portlets.structure.model.ContentletRelationshipsTest" time="0.577"/>
  <testcase name="testDoesAllowOnlyOne[2: com.dotmarketing.portlets.structure.model.ContentletRelationshipsTest$CardinalityTestCase@536cc691]" classname="com.dotmarketing.portlets.structure.model.ContentletRelationshipsTest" time="0.565"/>
  <testcase name="testGetRelationshipRecords[0: com.dotmarketing.portlets.structure.model.ContentletRelationshipsTest$TestCase@26063e1d]" classname="com.dotmarketing.portlets.structure.model.ContentletRelationshipsTest" time="2.083"/>
  <testcase name="testGetRelationshipRecords[1: com.dotmarketing.portlets.structure.model.ContentletRelationshipsTest$TestCase@cde40b2]" classname="com.dotmarketing.portlets.structure.model.ContentletRelationshipsTest" time="2.048"/>
  <testcase name="testGetRelationshipRecords[2: com.dotmarketing.portlets.structure.model.ContentletRelationshipsTest$TestCase@fcaef05]" classname="com.dotmarketing.portlets.structure.model.ContentletRelationshipsTest" time="1.994"/>
  <testcase name="testGetRelationshipRecords[3: com.dotmarketing.portlets.structure.model.ContentletRelationshipsTest$TestCase@3aa7f823]" classname="com.dotmarketing.portlets.structure.model.ContentletRelationshipsTest" time="1.996"/>
  <system-out><![CDATA[]]></system-out>
  <system-err><![CDATA[]]></system-err>
</testsuite>
