<?xml version="1.0" encoding="UTF-8"?>
<testsuite name="com.dotcms.rest.TagResourceIntegrationTest" tests="4" skipped="0" failures="0" errors="0" timestamp="2023-07-17T20:51:56" hostname="fv-az561-617" time="0.438">
  <properties/>
  <testcase name="testList[0: com.dotcms.rest.TagResourceTestCase@228bebd3]" classname="com.dotcms.rest.TagResourceIntegrationTest" time="0.356"/>
  <testcase name="testList[1: com.dotcms.rest.TagResourceTestCase@358c3cd1]" classname="com.dotcms.rest.TagResourceIntegrationTest" time="0.029"/>
  <testcase name="testList[2: com.dotcms.rest.TagResourceTestCase@2e26e713]" classname="com.dotcms.rest.TagResourceIntegrationTest" time="0.023"/>
  <testcase name="testList[3: com.dotcms.rest.TagResourceTestCase@55929a9f]" classname="com.dotcms.rest.TagResourceIntegrationTest" time="0.029"/>
  <system-out><![CDATA[]]></system-out>
  <system-err><![CDATA[Jul 17, 2023 8:51:56 PM com.dotcms.repackage.org.hibernate.validator.internal.util.Version <clinit>
INFO: HV000001: Hibernate Validator 4.3.2.Final
]]></system-err>
</testsuite>
