<?xml version="1.0" encoding="UTF-8"?>
<testsuite name="com.dotcms.rendering.velocity.viewtools.content.BinaryMapTest" tests="12" skipped="0" failures="0" errors="0" timestamp="2023-06-30T16:55:13" hostname="fv-az173-860" time="17.648">
  <properties/>
  <testcase name="test_getShortyUrlInode" classname="com.dotcms.rendering.velocity.viewtools.content.BinaryMapTest" time="1.452"/>
  <testcase name="test_getFile" classname="com.dotcms.rendering.velocity.viewtools.content.BinaryMapTest" time="1.476"/>
  <testcase name="test_getName" classname="com.dotcms.rendering.velocity.viewtools.content.BinaryMapTest" time="1.449"/>
  <testcase name="test_getSize" classname="com.dotcms.rendering.velocity.viewtools.content.BinaryMapTest" time="1.466"/>
  <testcase name="testGetShortyUrl" classname="com.dotcms.rendering.velocity.viewtools.content.BinaryMapTest" time="1.464"/>
  <testcase name="test_getThumbnailUri" classname="com.dotcms.rendering.velocity.viewtools.content.BinaryMapTest" time="1.483"/>
  <testcase name="test_getHeight" classname="com.dotcms.rendering.velocity.viewtools.content.BinaryMapTest" time="1.471"/>
  <testcase name="test_getWidth" classname="com.dotcms.rendering.velocity.viewtools.content.BinaryMapTest" time="1.445"/>
  <testcase name="test_getShorty" classname="com.dotcms.rendering.velocity.viewtools.content.BinaryMapTest" time="1.47"/>
  <testcase name="test_getResizeUri" classname="com.dotcms.rendering.velocity.viewtools.content.BinaryMapTest" time="1.522"/>
  <testcase name="test_GetShortyURLWithoutLanguage" classname="com.dotcms.rendering.velocity.viewtools.content.BinaryMapTest" time="1.461"/>
  <testcase name="testGetRawUri" classname="com.dotcms.rendering.velocity.viewtools.content.BinaryMapTest" time="1.488"/>
  <system-out><![CDATA[]]></system-out>
  <system-err><![CDATA[]]></system-err>
</testsuite>
