<?xml version="1.0" encoding="UTF-8"?>
<testsuite name="com.dotmarketing.cache.FolderCacheImplIntegrationTest" tests="2" skipped="0" failures="0" errors="0" timestamp="2023-07-14T19:59:28" hostname="fv-az551-988" time="0.024">
  <properties/>
  <testcase name="testPUT_GivenSystemFolderWithSystemHost_ShouldStillHaveSystemHostInFolder" classname="com.dotmarketing.cache.FolderCacheImplIntegrationTest" time="0.019"/>
  <testcase name="testPUT_GivenSystemFolderWithHostDifferentFromSystemHost_ShouldSetSystemHostToFolder" classname="com.dotmarketing.cache.FolderCacheImplIntegrationTest" time="0.004"/>
  <system-out><![CDATA[]]></system-out>
  <system-err><![CDATA[]]></system-err>
</testsuite>
