<?xml version="1.0" encoding="UTF-8"?>
<testsuite name="com.dotmarketing.business.IdentifierFactoryTest" tests="27" skipped="0" failures="0" errors="0" timestamp="2023-07-18T20:39:57" hostname="fv-az553-913" time="8.382">
  <properties/>
  <testcase name="testCreateNewLinkIdentifierForFolder" classname="com.dotmarketing.business.IdentifierFactoryTest" time="0.028"/>
  <testcase name="testfindByURINotFound" classname="com.dotmarketing.business.IdentifierFactoryTest" time="0.002"/>
  <testcase name="testCreateNewFileAssetIdentifierForFolder" classname="com.dotmarketing.business.IdentifierFactoryTest" time="0.017"/>
  <testcase name="testFindByParentPathFound" classname="com.dotmarketing.business.IdentifierFactoryTest" time="0.667"/>
  <testcase name="testFindByParentPathNotFound" classname="com.dotmarketing.business.IdentifierFactoryTest" time="0.005"/>
  <testcase name="testCreateNewFolderIdentifierForHost" classname="com.dotmarketing.business.IdentifierFactoryTest" time="0.005"/>
  <testcase name="testFindByURIPatternSuccessWhenNotInclude" classname="com.dotmarketing.business.IdentifierFactoryTest" time="1.066"/>
  <testcase name="testCreateNewHostIdentifierForHost" classname="com.dotmarketing.business.IdentifierFactoryTest" time="0.013"/>
  <testcase name="testLoadFromDbWithNullID" classname="com.dotmarketing.business.IdentifierFactoryTest" time="0.001"/>
  <testcase name="testGetAssetTypeFromDB" classname="com.dotmarketing.business.IdentifierFactoryTest" time="0.001"/>
  <testcase name="testFindByParentPathVsFindByURIEquivalency" classname="com.dotmarketing.business.IdentifierFactoryTest" time="1.005"/>
  <testcase name="testCreateNewHtmlPageIdentifierForFolder" classname="com.dotmarketing.business.IdentifierFactoryTest" time="0.011"/>
  <testcase name="testCreateNewHtmlPageIdentifierForHost" classname="com.dotmarketing.business.IdentifierFactoryTest" time="0.004"/>
  <testcase name="testLoadFromDbFound" classname="com.dotmarketing.business.IdentifierFactoryTest" time="0.001"/>
  <testcase name="testFindByURIFound" classname="com.dotmarketing.business.IdentifierFactoryTest" time="1.016"/>
  <testcase name="testLoadAllIdentifiers" classname="com.dotmarketing.business.IdentifierFactoryTest" time="0.124"/>
  <testcase name="testUpdateIdentifier" classname="com.dotmarketing.business.IdentifierFactoryTest" time="0.006"/>
  <testcase name="testCreateNewFolderIdentifierForFolder" classname="com.dotmarketing.business.IdentifierFactoryTest" time="0.014"/>
  <testcase name="testCreateNewFileAssetIdentifierForHost" classname="com.dotmarketing.business.IdentifierFactoryTest" time="0.01"/>
  <testcase name="testLoadFromDbWithNullVersionable" classname="com.dotmarketing.business.IdentifierFactoryTest" time="0.001"/>
  <testcase name="testIsIdentifierFound" classname="com.dotmarketing.business.IdentifierFactoryTest" time="0.001"/>
  <testcase name="testLoadFromDbVersionableFound" classname="com.dotmarketing.business.IdentifierFactoryTest" time="0.001"/>
  <testcase name="testGetAssetTypeFromDBWhenNull" classname="com.dotmarketing.business.IdentifierFactoryTest" time="0.016"/>
  <testcase name="testCreateNewWebAssetIdentifierForFolder" classname="com.dotmarketing.business.IdentifierFactoryTest" time="0.029"/>
  <testcase name="testFindByURIPatternSuccessWhenInclude" classname="com.dotmarketing.business.IdentifierFactoryTest" time="0.86"/>
  <testcase name="test_Find_By_Parent_Path_Same_URI_Different_Host" classname="com.dotmarketing.business.IdentifierFactoryTest" time="3.471"/>
  <testcase name="testIsIdentifierWhenNull" classname="com.dotmarketing.business.IdentifierFactoryTest" time="0.001"/>
  <system-out><![CDATA[]]></system-out>
  <system-err><![CDATA[]]></system-err>
</testsuite>
