<?xml version="1.0" encoding="UTF-8"?>
<testsuite name="com.dotmarketing.business.DeterministicIdentifierAPITest" tests="16" skipped="0" failures="0" errors="0" timestamp="2023-07-11T00:02:19" hostname="fv-az621-762" time="1.107">
  <properties/>
  <testcase name="Test_Category_Path_Seed_And_Id" classname="com.dotmarketing.business.DeterministicIdentifierAPITest" time="0.03"/>
  <testcase name="Test_Language_Deterministic_Id[0: LanguageTestCase{expectedSeed='Language:es:US', expectedHash=4913155, langCode='es', countryCode='US', country='United States'}]" classname="com.dotmarketing.business.DeterministicIdentifierAPITest" time="0.001"/>
  <testcase name="Test_Language_Deterministic_Id[1: LanguageTestCase{expectedSeed='Language:ep:', expectedHash=5292269, langCode='ep', countryCode='', country=''}]" classname="com.dotmarketing.business.DeterministicIdentifierAPITest" time="0.001"/>
  <testcase name="Test_Language_Deterministic_Id[2: LanguageTestCase{expectedSeed='Language:sg:SAG', expectedHash=4713118, langCode='sg', countryCode='SAG', country=''}]" classname="com.dotmarketing.business.DeterministicIdentifierAPITest" time="0.001"/>
  <testcase name="Test_Language_Deterministic_Id[3: LanguageTestCase{expectedSeed='Language:en:NZ', expectedHash=5382528, langCode='en', countryCode='NZ', country='New Zealand'}]" classname="com.dotmarketing.business.DeterministicIdentifierAPITest" time="0.001"/>
  <testcase name="Test_Category_None_Persisted_Category_Should_Return_Deterministic_Id" classname="com.dotmarketing.business.DeterministicIdentifierAPITest" time="0.004"/>
  <testcase name="Test_Asset_Generate_Deterministic_Id_Best_Effort[0: TestCase{versionable=my.host1689033307433.com, parent=System Host, expectedName='my.host1689033307433.com', expectedType='Host'}]" classname="com.dotmarketing.business.DeterministicIdentifierAPITest" time="0.014"/>
  <testcase name="Test_Asset_Generate_Deterministic_Id_Best_Effort[1: TestCase{versionable=com.dotmarketing.portlets.contentlet.model.Contentlet@37f9f8b0[map={modDate=2023-07-10 23:55:07.908, fileName=file3510901101069656708.txt, title=file3510901101069656708.txt, inode=596b07bb-e9c8-4b85-bce0-d5e2c70c2107, __IS_NEW_CONTENT__=true, disabledWYSIWYG=[], host=e3754191-ff15-402d-92ba-9b0c2f97e376, stInode=33888b6f-7a8e-4069-b1b6-5c1aa9d0a48d, owner=system, identifier=af1af900-c3da-44ed-b7e0-c39f91262cf9, nullProperties=[wfExpireDate, wfPublishDate, wfActionAssign, wfActionId, wfActionComments, filterKey, whereToSend, wfNeverExpire, _path_to_move, timezoneId, iWantTo, wfPublishTime, wfExpireTime], languageId=1, fileAsset=/home/runner/work/core/custom/assets/5/9/596b07bb-e9c8-4b85-bce0-d5e2c70c2107/fileAsset/file3510901101069656708.txt, folder=967503cd-9018-41f9-85ee-3fbfd012e331, __disable_workflow__=true, sortOrder=0, modUser=system},lowIndexPriority=false,variantId=DEFAULT], parent=com.dotmarketing.portlets.folders.model.Folder@eb2a2c1[identifier=967503cd-9018-41f9-85ee-3fbfd012e331,name=testName1689033307900,sortOrder=0,showOnMenu=false,hostId=e3754191-ff15-402d-92ba-9b0c2f97e376,type=folder,title=testTitle1689033307900,filesMasks=,defaultFileType=33888b6f-7a8e-4069-b1b6-5c1aa9d0a48d,modDate=2023-07-10 23:55:07.903,owner=&lt;null&gt;,iDate=2023-07-10 23:55:07.903,inode=967503cd-9018-41f9-85ee-3fbfd012e331,path=/testName1689033307900/], expectedName='file3510901101069656708.txt', expectedType='FileAsset'}]" classname="com.dotmarketing.business.DeterministicIdentifierAPITest" time="0.004"/>
  <testcase name="Test_Asset_Generate_Deterministic_Id_Best_Effort[2: TestCase{versionable=com.dotmarketing.portlets.templates.model.Template@d7754f33, parent=my.host1689033307433.com, expectedName='testTitle1689033308044', expectedType='Template'}]" classname="com.dotmarketing.business.DeterministicIdentifierAPITest" time="0.003"/>
  <testcase name="Test_Asset_Generate_Deterministic_Id_Best_Effort[3: TestCase{versionable=com.dotmarketing.portlets.htmlpageasset.model.HTMLPageAsset@61c50627[map={template=a8122f75-c247-450b-9a60-944f0a459cd2, owner=system, identifier=1ace2e7e-92a7-435e-9647-b15b246fdd48, nullProperties=[wfExpireDate, wfPublishDate, wfActionAssign, wfActionId, wfActionComments, filterKey, whereToSend, wfNeverExpire, _path_to_move, timezoneId, iWantTo, wfPublishTime, wfExpireTime], modDate=2023-07-10 23:55:08.071, cachettl=0, _is_test_mode=true, languageId=1, title=test-page-title-1689033308063, httpsreq=, url=test-page-url-1689033308063, showOnMenu=, inode=25bc1cec-d412-45ba-84ac-7a79bd8f18a0, folder=967503cd-9018-41f9-85ee-3fbfd012e331, disabledWYSIWYG=[], sortOrder=1, modUser=system, host=e3754191-ff15-402d-92ba-9b0c2f97e376, stInode=c541abb1-69b3-4bc5-8430-5e09e5239cc8, friendlyName=test-page-friendly-name-1689033308063},lowIndexPriority=false,variantId=DEFAULT], parent=com.dotmarketing.portlets.folders.model.Folder@eb2a2c1[identifier=967503cd-9018-41f9-85ee-3fbfd012e331,name=testName1689033307900,sortOrder=0,showOnMenu=false,hostId=e3754191-ff15-402d-92ba-9b0c2f97e376,type=folder,title=testTitle1689033307900,filesMasks=,defaultFileType=33888b6f-7a8e-4069-b1b6-5c1aa9d0a48d,modDate=2023-07-10 23:55:07.903,owner=&lt;null&gt;,iDate=2023-07-10 23:55:07.903,inode=967503cd-9018-41f9-85ee-3fbfd012e331,path=/testName1689033307900/], expectedName='test-page-url-1689033308063', expectedType='htmlpageasset'}]" classname="com.dotmarketing.business.DeterministicIdentifierAPITest" time="0.003"/>
  <testcase name="Test_Asset_Generate_Deterministic_Id_Best_Effort[4: TestCase{versionable=com.dotmarketing.portlets.contentlet.model.Contentlet@60beab5e[map={fileAsset2=/home/runner/work/core/custom/assets/a/a/aa3b2aee-27aa-4662-8cee-72e73aa11039/fileAsset2/test_binary1689033309940.png, modDate=2023-07-10 23:55:09.946, fileAsset1=/home/runner/work/core/custom/assets/a/a/aa3b2aee-27aa-4662-8cee-72e73aa11039/fileAsset1/test_binary1689033309939.jpg, title=blah, inode=aa3b2aee-27aa-4662-8cee-72e73aa11039, __IS_NEW_CONTENT__=true, disabledWYSIWYG=[], host=48190c8c-42c4-46af-8d1a-0cd5db894797, stInode=fbcba3b8-7a58-4ede-a4c8-915415646fe3, owner=system, identifier=f6735d68-4195-4bd9-8518-d54d679bb5a6, nullProperties=[], languageId=1, image1=6f2d9712-ec75-4020-99e1-2bd0c6a224ee, folder=SYSTEM_FOLDER, __disable_workflow__=true, sortOrder=0, modUser=system},lowIndexPriority=false,variantId=DEFAULT], parent=demo.dotcms.com, expectedName='test_binary1689033309939.jpg:test_binary1689033309940.png', expectedType='MultipleBinaries1689033308298'}]" classname="com.dotmarketing.business.DeterministicIdentifierAPITest" time="0.003"/>
  <testcase name="Test_Asset_Generate_Deterministic_Id_Best_Effort[5: TestCase{versionable=name33b6a5a961 : keyTag33b6a5a961, parent=my.host1689033307433.com, expectedName='keyTag33b6a5a961', expectedType='persona'}]" classname="com.dotmarketing.business.DeterministicIdentifierAPITest" time="0.004"/>
  <testcase name="Test_Similar_Content_Type_Wont_Clash" classname="com.dotmarketing.business.DeterministicIdentifierAPITest" time="0.649"/>
  <testcase name="Test_Generate_Folder_Identifier" classname="com.dotmarketing.business.DeterministicIdentifierAPITest" time="0.376"/>
  <testcase name="Test_Generate_Content_Type_Identifier[0: ContentTypeTestCase{contentType=KeyValueContentType{name=Language Variable, id=f4d7c1b8-2c88-4071-abf1-a5328977b07d, description=Default Content Type for Language Variables, defaultType=false, fixed=true, iDate=Thu Aug 31 16:38:49 UTC 2017, system=true, versionable=true, variable=Languagevariable, modDate=Mon Jul 10 22:38:13 UTC 2023, host=SYSTEM_HOST, siteName=systemHost, icon=language, sortOrder=0, folder=SYSTEM_FOLDER, folderPath=/, markedForDeletion=true, multilingualable=false}, expectedName='Languagevariable', expectedType='KeyValue'}]" classname="com.dotmarketing.business.DeterministicIdentifierAPITest" time="0.006"/>
  <testcase name="Test_Generate_Content_Type_Identifier[1: ContentTypeTestCase{contentType=SimpleContentType{name=testName1689033310598, id=30a0b01f-8425-47f9-94ae-33d3820a1b0d, description=testDescription1689033310598, defaultType=false, fixed=false, iDate=Mon Jul 10 23:55:10 UTC 2023, system=false, versionable=true, multilingualable=false, variable=testVarname1689033310598, owner=system, modDate=Mon Jul 10 23:55:11 UTC 2023, host=48190c8c-42c4-46af-8d1a-0cd5db894797, siteName=demo.dotcms.com, icon=event_note, sortOrder=0, folder=SYSTEM_FOLDER, folderPath=/, requiredFields=[], markedForDeletion=false}, expectedName='testVarname1689033310598', expectedType='CONTENT'}]" classname="com.dotmarketing.business.DeterministicIdentifierAPITest" time="0.006"/>
  <system-out><![CDATA[]]></system-out>
  <system-err><![CDATA[]]></system-err>
</testsuite>
