<?xml version="1.0" encoding="UTF-8"?>
<testsuite name="com.dotmarketing.business.DeterministicIdentifierAPITest" tests="16" skipped="0" failures="0" errors="0" timestamp="2023-07-18T22:25:12" hostname="fv-az749-132" time="1.064">
  <properties/>
  <testcase name="Test_Category_Path_Seed_And_Id" classname="com.dotmarketing.business.DeterministicIdentifierAPITest" time="0.026"/>
  <testcase name="Test_Language_Deterministic_Id[0: LanguageTestCase{expectedSeed='Language:es:US', expectedHash=4913155, langCode='es', countryCode='US', country='United States'}]" classname="com.dotmarketing.business.DeterministicIdentifierAPITest" time="0.001"/>
  <testcase name="Test_Language_Deterministic_Id[1: LanguageTestCase{expectedSeed='Language:ep:', expectedHash=5292269, langCode='ep', countryCode='', country=''}]" classname="com.dotmarketing.business.DeterministicIdentifierAPITest" time="0.001"/>
  <testcase name="Test_Language_Deterministic_Id[2: LanguageTestCase{expectedSeed='Language:sg:SAG', expectedHash=4713118, langCode='sg', countryCode='SAG', country=''}]" classname="com.dotmarketing.business.DeterministicIdentifierAPITest" time="0.001"/>
  <testcase name="Test_Language_Deterministic_Id[3: LanguageTestCase{expectedSeed='Language:en:NZ', expectedHash=5382528, langCode='en', countryCode='NZ', country='New Zealand'}]" classname="com.dotmarketing.business.DeterministicIdentifierAPITest" time="0.001"/>
  <testcase name="Test_Category_None_Persisted_Category_Should_Return_Deterministic_Id" classname="com.dotmarketing.business.DeterministicIdentifierAPITest" time="0.001"/>
  <testcase name="Test_Asset_Generate_Deterministic_Id_Best_Effort[0: TestCase{versionable=my.host1689718718779.com, parent=System Host, expectedName='my.host1689718718779.com', expectedType='Host'}]" classname="com.dotmarketing.business.DeterministicIdentifierAPITest" time="0.003"/>
  <testcase name="Test_Asset_Generate_Deterministic_Id_Best_Effort[1: TestCase{versionable=com.dotmarketing.portlets.contentlet.model.Contentlet@ec9506d[map={modDate=2023-07-18 22:18:39.583, fileName=file9146511078064045405.txt, title=file9146511078064045405.txt, inode=01e87fae-612a-4be1-b8d3-b199ed49a78e, __IS_NEW_CONTENT__=true, disabledWYSIWYG=[], host=8a577fd0-0a98-465d-952c-e8e73a82f4dc, stInode=33888b6f-7a8e-4069-b1b6-5c1aa9d0a48d, owner=system, identifier=6b1869b9-7336-4c1c-a81d-ed2c74920a65, nullProperties=[wfExpireDate, wfPublishDate, wfActionAssign, wfActionId, wfActionComments, filterKey, whereToSend, wfNeverExpire, _path_to_move, timezoneId, iWantTo, wfPublishTime, wfExpireTime], languageId=1, fileAsset=/home/runner/work/core/custom/assets/0/1/01e87fae-612a-4be1-b8d3-b199ed49a78e/fileAsset/file9146511078064045405.txt, folder=f6789be2-cac0-4453-aa2e-a4bf06fac49b, __disable_workflow__=true, sortOrder=0, modUser=system},lowIndexPriority=false,variantId=DEFAULT], parent=com.dotmarketing.portlets.folders.model.Folder@783b0ed0[identifier=f6789be2-cac0-4453-aa2e-a4bf06fac49b,name=testName1689718719570,sortOrder=0,showOnMenu=false,hostId=8a577fd0-0a98-465d-952c-e8e73a82f4dc,type=folder,title=testTitle1689718719570,filesMasks=,defaultFileType=33888b6f-7a8e-4069-b1b6-5c1aa9d0a48d,modDate=2023-07-18 22:18:39.575,owner=&lt;null&gt;,iDate=2023-07-18 22:18:39.575,inode=f6789be2-cac0-4453-aa2e-a4bf06fac49b,path=/testName1689718719570/], expectedName='file9146511078064045405.txt', expectedType='FileAsset'}]" classname="com.dotmarketing.business.DeterministicIdentifierAPITest" time="0.003"/>
  <testcase name="Test_Asset_Generate_Deterministic_Id_Best_Effort[2: TestCase{versionable=com.dotmarketing.portlets.templates.model.Template@f0f613cd, parent=my.host1689718718779.com, expectedName='testTitle1689718719715', expectedType='Template'}]" classname="com.dotmarketing.business.DeterministicIdentifierAPITest" time="0.002"/>
  <testcase name="Test_Asset_Generate_Deterministic_Id_Best_Effort[3: TestCase{versionable=com.dotmarketing.portlets.htmlpageasset.model.HTMLPageAsset@637ae390[map={template=ef88a487-7cbf-46ab-8b78-6d525b16292c, owner=system, identifier=436e7ae4-824f-435b-9189-7f3f5dd2c71b, nullProperties=[wfExpireDate, wfPublishDate, wfActionAssign, wfActionId, wfActionComments, filterKey, whereToSend, wfNeverExpire, _path_to_move, timezoneId, iWantTo, wfPublishTime, wfExpireTime], modDate=2023-07-18 22:18:39.735, cachettl=0, _is_test_mode=true, languageId=1, title=test-page-title-1689718719731, httpsreq=, url=test-page-url-1689718719731, showOnMenu=, inode=cdebd457-dafc-4c63-9a14-9bd68aef8aa2, folder=f6789be2-cac0-4453-aa2e-a4bf06fac49b, disabledWYSIWYG=[], sortOrder=1, modUser=system, host=8a577fd0-0a98-465d-952c-e8e73a82f4dc, stInode=c541abb1-69b3-4bc5-8430-5e09e5239cc8, friendlyName=test-page-friendly-name-1689718719731},lowIndexPriority=false,variantId=DEFAULT], parent=com.dotmarketing.portlets.folders.model.Folder@783b0ed0[identifier=f6789be2-cac0-4453-aa2e-a4bf06fac49b,name=testName1689718719570,sortOrder=0,showOnMenu=false,hostId=8a577fd0-0a98-465d-952c-e8e73a82f4dc,type=folder,title=testTitle1689718719570,filesMasks=,defaultFileType=33888b6f-7a8e-4069-b1b6-5c1aa9d0a48d,modDate=2023-07-18 22:18:39.575,owner=&lt;null&gt;,iDate=2023-07-18 22:18:39.575,inode=f6789be2-cac0-4453-aa2e-a4bf06fac49b,path=/testName1689718719570/], expectedName='test-page-url-1689718719731', expectedType='htmlpageasset'}]" classname="com.dotmarketing.business.DeterministicIdentifierAPITest" time="0.003"/>
  <testcase name="Test_Asset_Generate_Deterministic_Id_Best_Effort[4: TestCase{versionable=com.dotmarketing.portlets.contentlet.model.Contentlet@75dd1a5c[map={fileAsset2=/home/runner/work/core/custom/assets/6/0/60a1d7cc-f4e4-4ac2-916d-952e671161cb/fileAsset2/test_binary1689718721533.png, modDate=2023-07-18 22:18:41.539, fileAsset1=/home/runner/work/core/custom/assets/6/0/60a1d7cc-f4e4-4ac2-916d-952e671161cb/fileAsset1/test_binary1689718721533.jpg, title=blah, inode=60a1d7cc-f4e4-4ac2-916d-952e671161cb, __IS_NEW_CONTENT__=true, disabledWYSIWYG=[], host=48190c8c-42c4-46af-8d1a-0cd5db894797, stInode=24952e36-9657-4435-b413-28095ef63f66, owner=system, identifier=d9b8880a-9481-4ac7-981c-73b565f3ab78, nullProperties=[], languageId=1, image1=5d1604d6-bea4-4362-937f-21375d23cd68, folder=SYSTEM_FOLDER, __disable_workflow__=true, sortOrder=0, modUser=system},lowIndexPriority=false,variantId=DEFAULT], parent=demo.dotcms.com, expectedName='test_binary1689718721533.jpg:test_binary1689718721533.png', expectedType='MultipleBinaries1689718719917'}]" classname="com.dotmarketing.business.DeterministicIdentifierAPITest" time="0.003"/>
  <testcase name="Test_Asset_Generate_Deterministic_Id_Best_Effort[5: TestCase{versionable=namecdc2f1d3d0 : keyTagcdc2f1d3d0, parent=my.host1689718718779.com, expectedName='keyTagcdc2f1d3d0', expectedType='persona'}]" classname="com.dotmarketing.business.DeterministicIdentifierAPITest" time="0.003"/>
  <testcase name="Test_Similar_Content_Type_Wont_Clash" classname="com.dotmarketing.business.DeterministicIdentifierAPITest" time="0.42"/>
  <testcase name="Test_Generate_Folder_Identifier" classname="com.dotmarketing.business.DeterministicIdentifierAPITest" time="0.586"/>
  <testcase name="Test_Generate_Content_Type_Identifier[0: ContentTypeTestCase{contentType=KeyValueContentType{name=Language Variable, id=f4d7c1b8-2c88-4071-abf1-a5328977b07d, description=Default Content Type for Language Variables, defaultType=false, fixed=true, iDate=Thu Aug 31 16:38:49 UTC 2017, system=true, versionable=true, variable=Languagevariable, modDate=Tue Jul 18 21:13:04 UTC 2023, host=SYSTEM_HOST, siteName=systemHost, icon=language, sortOrder=0, folder=SYSTEM_FOLDER, folderPath=/, markedForDeletion=true, multilingualable=false}, expectedName='Languagevariable', expectedType='KeyValue'}]" classname="com.dotmarketing.business.DeterministicIdentifierAPITest" time="0.005"/>
  <testcase name="Test_Generate_Content_Type_Identifier[1: ContentTypeTestCase{contentType=SimpleContentType{name=testName1689718721947, id=439341fa-a123-4212-9b21-d9639ccd6297, description=testDescription1689718721947, defaultType=false, fixed=false, iDate=Tue Jul 18 22:18:41 UTC 2023, system=false, versionable=true, multilingualable=false, variable=testVarname1689718721947, owner=system, modDate=Tue Jul 18 22:18:43 UTC 2023, host=48190c8c-42c4-46af-8d1a-0cd5db894797, siteName=demo.dotcms.com, icon=event_note, sortOrder=0, folder=SYSTEM_FOLDER, folderPath=/, requiredFields=[], markedForDeletion=false}, expectedName='testVarname1689718721947', expectedType='CONTENT'}]" classname="com.dotmarketing.business.DeterministicIdentifierAPITest" time="0.004"/>
  <system-out><![CDATA[]]></system-out>
  <system-err><![CDATA[]]></system-err>
</testsuite>
