<?xml version="1.0" encoding="UTF-8"?>
<testsuite name="com.dotmarketing.startup.StartupTasksExecutorTest" tests="3" skipped="0" failures="0" errors="0" timestamp="2023-06-30T02:13:00" hostname="fv-az343-533" time="0.02">
  <properties/>
  <testcase name="testGetTaskId[0: com.dotmarketing.startup.StartupTasksExecutorTest$TestCase@284eaa67]" classname="com.dotmarketing.startup.StartupTasksExecutorTest" time="0.018"/>
  <testcase name="testGetTaskId[1: com.dotmarketing.startup.StartupTasksExecutorTest$TestCase@43172de8]" classname="com.dotmarketing.startup.StartupTasksExecutorTest" time="0.001"/>
  <testcase name="testGetTaskId[2: com.dotmarketing.startup.StartupTasksExecutorTest$TestCase@44a673fd]" classname="com.dotmarketing.startup.StartupTasksExecutorTest" time="0.001"/>
  <system-out><![CDATA[]]></system-out>
  <system-err><![CDATA[]]></system-err>
</testsuite>
