<?xml version="1.0" encoding="UTF-8"?>
<testsuite name="com.dotcms.rest.api.v1.vtl.VTLResourceIntegrationTest" tests="6" skipped="0" failures="0" errors="0" timestamp="2023-07-19T06:33:57" hostname="fv-az1231-779" time="11.124">
  <properties/>
  <testcase name="testGet[0: com.dotcms.rest.api.v1.vtl.VTLResourceTestCase@3930e161]" classname="com.dotcms.rest.api.v1.vtl.VTLResourceIntegrationTest" time="1.334"/>
  <testcase name="testGet[1: com.dotcms.rest.api.v1.vtl.VTLResourceTestCase@6ad8382e]" classname="com.dotcms.rest.api.v1.vtl.VTLResourceIntegrationTest" time="1.849"/>
  <testcase name="testGet[2: com.dotcms.rest.api.v1.vtl.VTLResourceTestCase@7ca9e173]" classname="com.dotcms.rest.api.v1.vtl.VTLResourceIntegrationTest" time="1.991"/>
  <testcase name="testGet[3: com.dotcms.rest.api.v1.vtl.VTLResourceTestCase@392d4202]" classname="com.dotcms.rest.api.v1.vtl.VTLResourceIntegrationTest" time="2.067"/>
  <testcase name="testGet[4: com.dotcms.rest.api.v1.vtl.VTLResourceTestCase@7a887af]" classname="com.dotcms.rest.api.v1.vtl.VTLResourceIntegrationTest" time="1.9"/>
  <testcase name="testGet[5: com.dotcms.rest.api.v1.vtl.VTLResourceTestCase@2c9ad63c]" classname="com.dotcms.rest.api.v1.vtl.VTLResourceIntegrationTest" time="1.981"/>
  <system-out><![CDATA[]]></system-out>
  <system-err><![CDATA[]]></system-err>
</testsuite>
