<?xml version="1.0" encoding="UTF-8"?>
<testsuite name="com.dotcms.rendering.velocity.viewtools.content.util.ContentUtilsTest" tests="89" skipped="0" failures="0" errors="0" timestamp="2023-06-28T03:43:15" hostname="fv-az592-477" time="403.201">
  <properties/>
  <testcase name="whenTheTimeMachineDateIsNullAndPublishDateInFutureShouldNotReturnAnything" classname="com.dotcms.rendering.velocity.viewtools.content.util.ContentUtilsTest" time="3.145"/>
  <testcase name="test_find_multilingual_contentlet_getContentletSuccessfully" classname="com.dotcms.rendering.velocity.viewtools.content.util.ContentUtilsTest" time="1.925"/>
  <testcase name="whenTheTimeMachineDateAndPublishDateAreTomorrowShouldReturnOneContent" classname="com.dotcms.rendering.velocity.viewtools.content.util.ContentUtilsTest" time="3.21"/>
  <testcase name="testPullRelated[0: com.dotcms.rendering.velocity.viewtools.content.util.ContentUtilsTest$TestCase@7e6fa805]" classname="com.dotcms.rendering.velocity.viewtools.content.util.ContentUtilsTest" time="3.639"/>
  <testcase name="testPullRelated[1: com.dotcms.rendering.velocity.viewtools.content.util.ContentUtilsTest$TestCase@36e5705f]" classname="com.dotcms.rendering.velocity.viewtools.content.util.ContentUtilsTest" time="3.703"/>
  <testcase name="testPullRelated[2: com.dotcms.rendering.velocity.viewtools.content.util.ContentUtilsTest$TestCase@3018c4b5]" classname="com.dotcms.rendering.velocity.viewtools.content.util.ContentUtilsTest" time="3.327"/>
  <testcase name="testPullRelated[3: com.dotcms.rendering.velocity.viewtools.content.util.ContentUtilsTest$TestCase@5d3cf63a]" classname="com.dotcms.rendering.velocity.viewtools.content.util.ContentUtilsTest" time="3.877"/>
  <testcase name="testPullRelated[4: com.dotcms.rendering.velocity.viewtools.content.util.ContentUtilsTest$TestCase@5e904218]" classname="com.dotcms.rendering.velocity.viewtools.content.util.ContentUtilsTest" time="4.109"/>
  <testcase name="testPullRelated[5: com.dotcms.rendering.velocity.viewtools.content.util.ContentUtilsTest$TestCase@436aa61d]" classname="com.dotcms.rendering.velocity.viewtools.content.util.ContentUtilsTest" time="3.951"/>
  <testcase name="testPullRelated[6: com.dotcms.rendering.velocity.viewtools.content.util.ContentUtilsTest$TestCase@35a1efa9]" classname="com.dotcms.rendering.velocity.viewtools.content.util.ContentUtilsTest" time="3.262"/>
  <testcase name="testPullRelated[7: com.dotcms.rendering.velocity.viewtools.content.util.ContentUtilsTest$TestCase@f164201]" classname="com.dotcms.rendering.velocity.viewtools.content.util.ContentUtilsTest" time="3.985"/>
  <testcase name="testPullRelated[8: com.dotcms.rendering.velocity.viewtools.content.util.ContentUtilsTest$TestCase@534a4179]" classname="com.dotcms.rendering.velocity.viewtools.content.util.ContentUtilsTest" time="4.289"/>
  <testcase name="testPullRelated[9: com.dotcms.rendering.velocity.viewtools.content.util.ContentUtilsTest$TestCase@45864f43]" classname="com.dotcms.rendering.velocity.viewtools.content.util.ContentUtilsTest" time="3.747"/>
  <testcase name="testPullRelated[10: com.dotcms.rendering.velocity.viewtools.content.util.ContentUtilsTest$TestCase@7f603cfd]" classname="com.dotcms.rendering.velocity.viewtools.content.util.ContentUtilsTest" time="4.008"/>
  <testcase name="testPullRelated[11: com.dotcms.rendering.velocity.viewtools.content.util.ContentUtilsTest$TestCase@42db7f5a]" classname="com.dotcms.rendering.velocity.viewtools.content.util.ContentUtilsTest" time="4.218"/>
  <testcase name="testPullRelated[12: com.dotcms.rendering.velocity.viewtools.content.util.ContentUtilsTest$TestCase@431baff1]" classname="com.dotcms.rendering.velocity.viewtools.content.util.ContentUtilsTest" time="3.974"/>
  <testcase name="testPullRelated[13: com.dotcms.rendering.velocity.viewtools.content.util.ContentUtilsTest$TestCase@34900c86]" classname="com.dotcms.rendering.velocity.viewtools.content.util.ContentUtilsTest" time="4.024"/>
  <testcase name="testPullRelated[14: com.dotcms.rendering.velocity.viewtools.content.util.ContentUtilsTest$TestCase@4a69593d]" classname="com.dotcms.rendering.velocity.viewtools.content.util.ContentUtilsTest" time="4.026"/>
  <testcase name="testPullRelated[15: com.dotcms.rendering.velocity.viewtools.content.util.ContentUtilsTest$TestCase@5351de85]" classname="com.dotcms.rendering.velocity.viewtools.content.util.ContentUtilsTest" time="4.15"/>
  <testcase name="testPullRelated[16: com.dotcms.rendering.velocity.viewtools.content.util.ContentUtilsTest$TestCase@4dab9739]" classname="com.dotcms.rendering.velocity.viewtools.content.util.ContentUtilsTest" time="3.9"/>
  <testcase name="testPullRelated[17: com.dotcms.rendering.velocity.viewtools.content.util.ContentUtilsTest$TestCase@79eb4636]" classname="com.dotcms.rendering.velocity.viewtools.content.util.ContentUtilsTest" time="4.035"/>
  <testcase name="testPullRelated[18: com.dotcms.rendering.velocity.viewtools.content.util.ContentUtilsTest$TestCase@794b5887]" classname="com.dotcms.rendering.velocity.viewtools.content.util.ContentUtilsTest" time="4.248"/>
  <testcase name="testPullRelated[19: com.dotcms.rendering.velocity.viewtools.content.util.ContentUtilsTest$TestCase@243304dd]" classname="com.dotcms.rendering.velocity.viewtools.content.util.ContentUtilsTest" time="3.851"/>
  <testcase name="testPullRelated[20: com.dotcms.rendering.velocity.viewtools.content.util.ContentUtilsTest$TestCase@35b05d3d]" classname="com.dotcms.rendering.velocity.viewtools.content.util.ContentUtilsTest" time="4.142"/>
  <testcase name="testPullRelated[21: com.dotcms.rendering.velocity.viewtools.content.util.ContentUtilsTest$TestCase@1649774b]" classname="com.dotcms.rendering.velocity.viewtools.content.util.ContentUtilsTest" time="3.863"/>
  <testcase name="testPullRelated[22: com.dotcms.rendering.velocity.viewtools.content.util.ContentUtilsTest$TestCase@35e59a65]" classname="com.dotcms.rendering.velocity.viewtools.content.util.ContentUtilsTest" time="3.384"/>
  <testcase name="testPullRelated[23: com.dotcms.rendering.velocity.viewtools.content.util.ContentUtilsTest$TestCase@9cc65e8]" classname="com.dotcms.rendering.velocity.viewtools.content.util.ContentUtilsTest" time="3.866"/>
  <testcase name="testPullRelated[24: com.dotcms.rendering.velocity.viewtools.content.util.ContentUtilsTest$TestCase@3e228859]" classname="com.dotcms.rendering.velocity.viewtools.content.util.ContentUtilsTest" time="4.167"/>
  <testcase name="testPullRelated[25: com.dotcms.rendering.velocity.viewtools.content.util.ContentUtilsTest$TestCase@638c43f9]" classname="com.dotcms.rendering.velocity.viewtools.content.util.ContentUtilsTest" time="3.825"/>
  <testcase name="testPullRelated[26: com.dotcms.rendering.velocity.viewtools.content.util.ContentUtilsTest$TestCase@7aa3db5f]" classname="com.dotcms.rendering.velocity.viewtools.content.util.ContentUtilsTest" time="4.174"/>
  <testcase name="testPullRelated[27: com.dotcms.rendering.velocity.viewtools.content.util.ContentUtilsTest$TestCase@102a02c6]" classname="com.dotcms.rendering.velocity.viewtools.content.util.ContentUtilsTest" time="3.299"/>
  <testcase name="testPullRelated[28: com.dotcms.rendering.velocity.viewtools.content.util.ContentUtilsTest$TestCase@3ae030da]" classname="com.dotcms.rendering.velocity.viewtools.content.util.ContentUtilsTest" time="3.807"/>
  <testcase name="testPullRelated[29: com.dotcms.rendering.velocity.viewtools.content.util.ContentUtilsTest$TestCase@3bf22ff4]" classname="com.dotcms.rendering.velocity.viewtools.content.util.ContentUtilsTest" time="4.056"/>
  <testcase name="testPullRelated[30: com.dotcms.rendering.velocity.viewtools.content.util.ContentUtilsTest$TestCase@5f6f62f6]" classname="com.dotcms.rendering.velocity.viewtools.content.util.ContentUtilsTest" time="4.095"/>
  <testcase name="testPullRelated[31: com.dotcms.rendering.velocity.viewtools.content.util.ContentUtilsTest$TestCase@1f9367ef]" classname="com.dotcms.rendering.velocity.viewtools.content.util.ContentUtilsTest" time="4.052"/>
  <testcase name="testPullRelated[32: com.dotcms.rendering.velocity.viewtools.content.util.ContentUtilsTest$TestCase@24cef227]" classname="com.dotcms.rendering.velocity.viewtools.content.util.ContentUtilsTest" time="3.955"/>
  <testcase name="testPullRelated[33: com.dotcms.rendering.velocity.viewtools.content.util.ContentUtilsTest$TestCase@e69e4c5]" classname="com.dotcms.rendering.velocity.viewtools.content.util.ContentUtilsTest" time="4.18"/>
  <testcase name="testPullRelated[34: com.dotcms.rendering.velocity.viewtools.content.util.ContentUtilsTest$TestCase@2a355f2c]" classname="com.dotcms.rendering.velocity.viewtools.content.util.ContentUtilsTest" time="3.884"/>
  <testcase name="testPullRelated[35: com.dotcms.rendering.velocity.viewtools.content.util.ContentUtilsTest$TestCase@2e9df99a]" classname="com.dotcms.rendering.velocity.viewtools.content.util.ContentUtilsTest" time="3.264"/>
  <testcase name="testPullRelated[36: com.dotcms.rendering.velocity.viewtools.content.util.ContentUtilsTest$TestCase@7d1179a4]" classname="com.dotcms.rendering.velocity.viewtools.content.util.ContentUtilsTest" time="5.136"/>
  <testcase name="testPullRelated[37: com.dotcms.rendering.velocity.viewtools.content.util.ContentUtilsTest$TestCase@3c9ff50f]" classname="com.dotcms.rendering.velocity.viewtools.content.util.ContentUtilsTest" time="4.986"/>
  <testcase name="testPullRelated[38: com.dotcms.rendering.velocity.viewtools.content.util.ContentUtilsTest$TestCase@3c53118f]" classname="com.dotcms.rendering.velocity.viewtools.content.util.ContentUtilsTest" time="6.237"/>
  <testcase name="testPullRelated[39: com.dotcms.rendering.velocity.viewtools.content.util.ContentUtilsTest$TestCase@7d437eb6]" classname="com.dotcms.rendering.velocity.viewtools.content.util.ContentUtilsTest" time="5.889"/>
  <testcase name="testPullRelated[40: com.dotcms.rendering.velocity.viewtools.content.util.ContentUtilsTest$TestCase@b69e4e3]" classname="com.dotcms.rendering.velocity.viewtools.content.util.ContentUtilsTest" time="6.298"/>
  <testcase name="testPullRelated[41: com.dotcms.rendering.velocity.viewtools.content.util.ContentUtilsTest$TestCase@481d5f0c]" classname="com.dotcms.rendering.velocity.viewtools.content.util.ContentUtilsTest" time="5.921"/>
  <testcase name="testPullRelated[42: com.dotcms.rendering.velocity.viewtools.content.util.ContentUtilsTest$TestCase@6ce6e0e9]" classname="com.dotcms.rendering.velocity.viewtools.content.util.ContentUtilsTest" time="6.366"/>
  <testcase name="testPullRelated[43: com.dotcms.rendering.velocity.viewtools.content.util.ContentUtilsTest$TestCase@ab6950d]" classname="com.dotcms.rendering.velocity.viewtools.content.util.ContentUtilsTest" time="5.872"/>
  <testcase name="testPullRelated[44: com.dotcms.rendering.velocity.viewtools.content.util.ContentUtilsTest$TestCase@4ebc3644]" classname="com.dotcms.rendering.velocity.viewtools.content.util.ContentUtilsTest" time="6.262"/>
  <testcase name="testPullRelated[45: com.dotcms.rendering.velocity.viewtools.content.util.ContentUtilsTest$TestCase@6cfbf5a0]" classname="com.dotcms.rendering.velocity.viewtools.content.util.ContentUtilsTest" time="5.852"/>
  <testcase name="testPullRelated[46: com.dotcms.rendering.velocity.viewtools.content.util.ContentUtilsTest$TestCase@3741b17e]" classname="com.dotcms.rendering.velocity.viewtools.content.util.ContentUtilsTest" time="5.319"/>
  <testcase name="testPullRelated[47: com.dotcms.rendering.velocity.viewtools.content.util.ContentUtilsTest$TestCase@9615466]" classname="com.dotcms.rendering.velocity.viewtools.content.util.ContentUtilsTest" time="6.562"/>
  <testcase name="testPullRelated[48: com.dotcms.rendering.velocity.viewtools.content.util.ContentUtilsTest$TestCase@26404d18]" classname="com.dotcms.rendering.velocity.viewtools.content.util.ContentUtilsTest" time="4.643"/>
  <testcase name="testPullRelated[49: com.dotcms.rendering.velocity.viewtools.content.util.ContentUtilsTest$TestCase@15a5ea85]" classname="com.dotcms.rendering.velocity.viewtools.content.util.ContentUtilsTest" time="5.876"/>
  <testcase name="testPullRelated[50: com.dotcms.rendering.velocity.viewtools.content.util.ContentUtilsTest$TestCase@2f55730e]" classname="com.dotcms.rendering.velocity.viewtools.content.util.ContentUtilsTest" time="6.453"/>
  <testcase name="testPullRelated[51: com.dotcms.rendering.velocity.viewtools.content.util.ContentUtilsTest$TestCase@2c94c0e6]" classname="com.dotcms.rendering.velocity.viewtools.content.util.ContentUtilsTest" time="5.962"/>
  <testcase name="testPullRelated[52: com.dotcms.rendering.velocity.viewtools.content.util.ContentUtilsTest$TestCase@89870e1]" classname="com.dotcms.rendering.velocity.viewtools.content.util.ContentUtilsTest" time="5.999"/>
  <testcase name="testPullRelated[53: com.dotcms.rendering.velocity.viewtools.content.util.ContentUtilsTest$TestCase@32d352b5]" classname="com.dotcms.rendering.velocity.viewtools.content.util.ContentUtilsTest" time="6.373"/>
  <testcase name="testPullRelated[54: com.dotcms.rendering.velocity.viewtools.content.util.ContentUtilsTest$TestCase@361a9ae2]" classname="com.dotcms.rendering.velocity.viewtools.content.util.ContentUtilsTest" time="5.875"/>
  <testcase name="testPullRelated[55: com.dotcms.rendering.velocity.viewtools.content.util.ContentUtilsTest$TestCase@3c83ff37]" classname="com.dotcms.rendering.velocity.viewtools.content.util.ContentUtilsTest" time="6.147"/>
  <testcase name="testPullRelated[56: com.dotcms.rendering.velocity.viewtools.content.util.ContentUtilsTest$TestCase@77d79f3e]" classname="com.dotcms.rendering.velocity.viewtools.content.util.ContentUtilsTest" time="6.139"/>
  <testcase name="testPullRelated[57: com.dotcms.rendering.velocity.viewtools.content.util.ContentUtilsTest$TestCase@5f392d8b]" classname="com.dotcms.rendering.velocity.viewtools.content.util.ContentUtilsTest" time="5.822"/>
  <testcase name="testPullRelated[58: com.dotcms.rendering.velocity.viewtools.content.util.ContentUtilsTest$TestCase@3d167104]" classname="com.dotcms.rendering.velocity.viewtools.content.util.ContentUtilsTest" time="6.254"/>
  <testcase name="testPullRelated[59: com.dotcms.rendering.velocity.viewtools.content.util.ContentUtilsTest$TestCase@1e4f4bd6]" classname="com.dotcms.rendering.velocity.viewtools.content.util.ContentUtilsTest" time="6.119"/>
  <testcase name="testPullRelated[60: com.dotcms.rendering.velocity.viewtools.content.util.ContentUtilsTest$TestCase@55aa094e]" classname="com.dotcms.rendering.velocity.viewtools.content.util.ContentUtilsTest" time="6.164"/>
  <testcase name="testPullRelated[61: com.dotcms.rendering.velocity.viewtools.content.util.ContentUtilsTest$TestCase@43e93305]" classname="com.dotcms.rendering.velocity.viewtools.content.util.ContentUtilsTest" time="5.88"/>
  <testcase name="testPullRelated[62: com.dotcms.rendering.velocity.viewtools.content.util.ContentUtilsTest$TestCase@4df9e42d]" classname="com.dotcms.rendering.velocity.viewtools.content.util.ContentUtilsTest" time="5.317"/>
  <testcase name="testPullRelated[63: com.dotcms.rendering.velocity.viewtools.content.util.ContentUtilsTest$TestCase@298c07bf]" classname="com.dotcms.rendering.velocity.viewtools.content.util.ContentUtilsTest" time="6.032"/>
  <testcase name="testPullRelated[64: com.dotcms.rendering.velocity.viewtools.content.util.ContentUtilsTest$TestCase@2ce99bb9]" classname="com.dotcms.rendering.velocity.viewtools.content.util.ContentUtilsTest" time="5.831"/>
  <testcase name="testPullRelated[65: com.dotcms.rendering.velocity.viewtools.content.util.ContentUtilsTest$TestCase@2612e43a]" classname="com.dotcms.rendering.velocity.viewtools.content.util.ContentUtilsTest" time="5.301"/>
  <testcase name="testPullRelated[66: com.dotcms.rendering.velocity.viewtools.content.util.ContentUtilsTest$TestCase@2448b459]" classname="com.dotcms.rendering.velocity.viewtools.content.util.ContentUtilsTest" time="5.104"/>
  <testcase name="testPullRelated[67: com.dotcms.rendering.velocity.viewtools.content.util.ContentUtilsTest$TestCase@6db0ee90]" classname="com.dotcms.rendering.velocity.viewtools.content.util.ContentUtilsTest" time="5.023"/>
  <testcase name="testPullRelated[68: com.dotcms.rendering.velocity.viewtools.content.util.ContentUtilsTest$TestCase@d6494cc]" classname="com.dotcms.rendering.velocity.viewtools.content.util.ContentUtilsTest" time="6.204"/>
  <testcase name="testPullRelated[69: com.dotcms.rendering.velocity.viewtools.content.util.ContentUtilsTest$TestCase@3ce6926e]" classname="com.dotcms.rendering.velocity.viewtools.content.util.ContentUtilsTest" time="5.935"/>
  <testcase name="testPullRelated[70: com.dotcms.rendering.velocity.viewtools.content.util.ContentUtilsTest$TestCase@5ded13d7]" classname="com.dotcms.rendering.velocity.viewtools.content.util.ContentUtilsTest" time="6.409"/>
  <testcase name="testPullRelated[71: com.dotcms.rendering.velocity.viewtools.content.util.ContentUtilsTest$TestCase@3743b294]" classname="com.dotcms.rendering.velocity.viewtools.content.util.ContentUtilsTest" time="6.076"/>
  <testcase name="whenPublishAndExpireDatesAreInTheFutureAndTimeMachineIsAfterBoth" classname="com.dotcms.rendering.velocity.viewtools.content.util.ContentUtilsTest" time="3.139"/>
  <testcase name="testPullRelatedForLegacyRelationship[0: com.dotcms.rendering.velocity.viewtools.content.util.ContentUtilsTest$LegacyTestCase@1ea88244]" classname="com.dotcms.rendering.velocity.viewtools.content.util.ContentUtilsTest" time="4.523"/>
  <testcase name="testPullRelatedForLegacyRelationship[1: com.dotcms.rendering.velocity.viewtools.content.util.ContentUtilsTest$LegacyTestCase@1655161d]" classname="com.dotcms.rendering.velocity.viewtools.content.util.ContentUtilsTest" time="4.066"/>
  <testcase name="whenTheTimeMachineDateIsAfterTomorrowAndExpireDateIsTomorrowShouldNotReturnContent" classname="com.dotcms.rendering.velocity.viewtools.content.util.ContentUtilsTest" time="3.179"/>
  <testcase name="testPullLiveRelatedWhenLatestVersionIsWorking" classname="com.dotcms.rendering.velocity.viewtools.content.util.ContentUtilsTest" time="3.41"/>
  <testcase name="test_add_relationships_on_parent_children_related_contents" classname="com.dotcms.rendering.velocity.viewtools.content.util.ContentUtilsTest" time="1.601"/>
  <testcase name="testSortPullRelated[0: com.dotcms.rendering.velocity.viewtools.content.util.ContentUtilsTest$SortTestCase@2313dcab]" classname="com.dotcms.rendering.velocity.viewtools.content.util.ContentUtilsTest" time="2.763"/>
  <testcase name="testSortPullRelated[1: com.dotcms.rendering.velocity.viewtools.content.util.ContentUtilsTest$SortTestCase@9ee0d4f]" classname="com.dotcms.rendering.velocity.viewtools.content.util.ContentUtilsTest" time="2.859"/>
  <testcase name="testSortPullRelated[2: com.dotcms.rendering.velocity.viewtools.content.util.ContentUtilsTest$SortTestCase@530e0494]" classname="com.dotcms.rendering.velocity.viewtools.content.util.ContentUtilsTest" time="2.768"/>
  <testcase name="testSortPullRelated[3: com.dotcms.rendering.velocity.viewtools.content.util.ContentUtilsTest$SortTestCase@6dd50516]" classname="com.dotcms.rendering.velocity.viewtools.content.util.ContentUtilsTest" time="2.949"/>
  <testcase name="testSortPullRelated[4: com.dotcms.rendering.velocity.viewtools.content.util.ContentUtilsTest$SortTestCase@501e6a83]" classname="com.dotcms.rendering.velocity.viewtools.content.util.ContentUtilsTest" time="2.863"/>
  <testcase name="testSortPullRelated[5: com.dotcms.rendering.velocity.viewtools.content.util.ContentUtilsTest$SortTestCase@296381ba]" classname="com.dotcms.rendering.velocity.viewtools.content.util.ContentUtilsTest" time="2.803"/>
  <testcase name="whenTheTimeMachineDateIsAfterTomorrowAndExpireDateIsInFutureShouldReturnContent" classname="com.dotcms.rendering.velocity.viewtools.content.util.ContentUtilsTest" time="3.247"/>
  <testcase name="testPullRelatedFieldShouldRespectDefaultOrder" classname="com.dotcms.rendering.velocity.viewtools.content.util.ContentUtilsTest" time="2.774"/>
  <system-out><![CDATA[]]></system-out>
  <system-err><![CDATA[]]></system-err>
</testsuite>
