<?xml version="1.0" encoding="UTF-8"?>
<testsuite name="com.dotcms.workflow.helper.TestSystemActionMappingsHandlerMerger" tests="2" skipped="0" failures="0" errors="0" timestamp="2023-07-17T16:11:03" hostname="fv-az673-315" time="0.1">
  <properties/>
  <testcase name="test_merge_system_actions_for_schemes" classname="com.dotcms.workflow.helper.TestSystemActionMappingsHandlerMerger" time="0.048"/>
  <testcase name="test_merge_system_actions_for_content_types" classname="com.dotcms.workflow.helper.TestSystemActionMappingsHandlerMerger" time="0.052"/>
  <system-out><![CDATA[]]></system-out>
  <system-err><![CDATA[]]></system-err>
</testsuite>
