<?xml version="1.0" encoding="UTF-8"?>
<testsuite name="com.dotcms.rest.MapToContentletPopulatorTest" tests="20" skipped="0" failures="0" errors="0" timestamp="2023-06-22T14:14:53" hostname="fv-az361-657" time="48.206">
  <properties/>
  <testcase name="testPopulateLegacyRelationshipWithLuceneQueryAndIdentifier" classname="com.dotcms.rest.MapToContentletPopulatorTest" time="6.661"/>
  <testcase name="Test_Pass_Valid_Category" classname="com.dotcms.rest.MapToContentletPopulatorTest" time="3.626"/>
  <testcase name="Test_Pass_Empty_List_Multiple_Category_Fields_Pass_Empty_List" classname="com.dotcms.rest.MapToContentletPopulatorTest" time="1.548"/>
  <testcase name="Test_Pass_Null_As_Category" classname="com.dotcms.rest.MapToContentletPopulatorTest" time="3.635"/>
  <testcase name="testPopulateTwoSidedRelationshipWithLuceneQuery" classname="com.dotcms.rest.MapToContentletPopulatorTest" time="1.73"/>
  <testcase name="Test_Pass_Invalid_Category" classname="com.dotcms.rest.MapToContentletPopulatorTest" time="3.675"/>
  <testcase name="Test_Pass_List_Of_Categories" classname="com.dotcms.rest.MapToContentletPopulatorTest" time="3.684"/>
  <testcase name="testPopulateOneSidedRelationship[0: com.dotcms.rest.MapToContentletPopulatorTest$TestCase@34fa18bc]" classname="com.dotcms.rest.MapToContentletPopulatorTest" time="1.413"/>
  <testcase name="testPopulateOneSidedRelationship[1: com.dotcms.rest.MapToContentletPopulatorTest$TestCase@62cd98ac]" classname="com.dotcms.rest.MapToContentletPopulatorTest" time="1.361"/>
  <testcase name="testPopulateOneSidedRelationship[2: com.dotcms.rest.MapToContentletPopulatorTest$TestCase@3c2848d0]" classname="com.dotcms.rest.MapToContentletPopulatorTest" time="1.371"/>
  <testcase name="testPopulateOneSidedRelationship[3: com.dotcms.rest.MapToContentletPopulatorTest$TestCase@1c7a1bbf]" classname="com.dotcms.rest.MapToContentletPopulatorTest" time="1.364"/>
  <testcase name="Test_Set_Or_Resolve_Language" classname="com.dotcms.rest.MapToContentletPopulatorTest" time="1.062"/>
  <testcase name="Test_Pass_Categoryless_Contentlet" classname="com.dotcms.rest.MapToContentletPopulatorTest" time="3.674"/>
  <testcase name="Test_Pass_Empty_List_Multiple_Category_Fields_Pass_Null[0: &lt;null&gt;]" classname="com.dotcms.rest.MapToContentletPopulatorTest" time="1.551"/>
  <testcase name="Test_Pass_Empty_List_Multiple_Category_Fields_Pass_Null[1: null]" classname="com.dotcms.rest.MapToContentletPopulatorTest" time="1.558"/>
  <testcase name="Test_Pass_Empty_List_Multiple_Category_Fields_Pass_Null[2: null]" classname="com.dotcms.rest.MapToContentletPopulatorTest" time="1.549"/>
  <testcase name="Test_Pass_Empty_List_Of_Categories" classname="com.dotcms.rest.MapToContentletPopulatorTest" time="3.723"/>
  <testcase name="testPopulateContentletWithTwoSidedRelationshipAndParentRelationNameEqualsToAnotherFieldVarInChild" classname="com.dotcms.rest.MapToContentletPopulatorTest" time="1.583"/>
  <testcase name="Test_Pass_Empty_List_Multiple_Category_Fields_Pass_List_Of_Category" classname="com.dotcms.rest.MapToContentletPopulatorTest" time="1.582"/>
  <testcase name="testPopulateSelfJoinedRelationshipWithLuceneQuery" classname="com.dotcms.rest.MapToContentletPopulatorTest" time="1.854"/>
  <system-out><![CDATA[]]></system-out>
  <system-err><![CDATA[]]></system-err>
</testsuite>
