<?xml version="1.0" encoding="UTF-8"?>
<testsuite name="com.dotmarketing.startup.runonce.Task210321RemoveOldMetadataFilesTest" tests="1" skipped="0" failures="0" errors="0" timestamp="2023-07-14T19:15:24" hostname="fv-az791-444" time="1.158">
  <properties/>
  <testcase name="Test_Upgrade_Task" classname="com.dotmarketing.startup.runonce.Task210321RemoveOldMetadataFilesTest" time="1.158"/>
  <system-out><![CDATA[]]></system-out>
  <system-err><![CDATA[]]></system-err>
</testsuite>
