<?xml version="1.0" encoding="UTF-8"?>
<testsuite name="com.dotmarketing.servlets.ajax.AjaxDirectorServletIntegrationTest" tests="2" skipped="0" failures="0" errors="0" timestamp="2023-07-14T18:53:40" hostname="fv-az791-444" time="1.032">
  <properties/>
  <testcase name="testService[0: com.dotmarketing.servlets.ajax.AjaxDirectorServletTestCase@79026ea7]" classname="com.dotmarketing.servlets.ajax.AjaxDirectorServletIntegrationTest" time="0.659"/>
  <testcase name="testService[1: com.dotmarketing.servlets.ajax.AjaxDirectorServletTestCase@e4af908]" classname="com.dotmarketing.servlets.ajax.AjaxDirectorServletIntegrationTest" time="0.372"/>
  <system-out><![CDATA[]]></system-out>
  <system-err><![CDATA[]]></system-err>
</testsuite>
