<?xml version="1.0" encoding="UTF-8"?>
<testsuite name="com.dotcms.rest.api.v1.vtl.VTLResourceIntegrationTest" tests="6" skipped="0" failures="0" errors="0" timestamp="2023-06-30T17:00:48" hostname="fv-az797-168" time="12.113">
  <properties/>
  <testcase name="testGet[0: com.dotcms.rest.api.v1.vtl.VTLResourceTestCase@2f76673e]" classname="com.dotcms.rest.api.v1.vtl.VTLResourceIntegrationTest" time="2.2"/>
  <testcase name="testGet[1: com.dotcms.rest.api.v1.vtl.VTLResourceTestCase@639720f9]" classname="com.dotcms.rest.api.v1.vtl.VTLResourceIntegrationTest" time="1.8"/>
  <testcase name="testGet[2: com.dotcms.rest.api.v1.vtl.VTLResourceTestCase@224bf2fd]" classname="com.dotcms.rest.api.v1.vtl.VTLResourceIntegrationTest" time="2.164"/>
  <testcase name="testGet[3: com.dotcms.rest.api.v1.vtl.VTLResourceTestCase@511811bb]" classname="com.dotcms.rest.api.v1.vtl.VTLResourceIntegrationTest" time="2.146"/>
  <testcase name="testGet[4: com.dotcms.rest.api.v1.vtl.VTLResourceTestCase@4d4bc331]" classname="com.dotcms.rest.api.v1.vtl.VTLResourceIntegrationTest" time="1.75"/>
  <testcase name="testGet[5: com.dotcms.rest.api.v1.vtl.VTLResourceTestCase@1781b289]" classname="com.dotcms.rest.api.v1.vtl.VTLResourceIntegrationTest" time="2.052"/>
  <system-out><![CDATA[]]></system-out>
  <system-err><![CDATA[]]></system-err>
</testsuite>
