<?xml version="1.0" encoding="UTF-8"?>
<testsuite name="com.dotmarketing.portlets.folders.business.FolderAPITest" tests="91" skipped="0" failures="0" errors="0" timestamp="2023-07-10T19:09:20" hostname="fv-az471-786" time="74.059">
  <properties/>
  <testcase name="testGetLinks" classname="com.dotmarketing.portlets.folders.business.FolderAPITest" time="2.882"/>
  <testcase name="testSave_BlacklistedName_NotAtRootLevel_ShouldSucceed[0: META-INF]" classname="com.dotmarketing.portlets.folders.business.FolderAPITest" time="0.018"/>
  <testcase name="testSave_BlacklistedName_NotAtRootLevel_ShouldSucceed[1: assets]" classname="com.dotmarketing.portlets.folders.business.FolderAPITest" time="0.024"/>
  <testcase name="testSave_BlacklistedName_NotAtRootLevel_ShouldSucceed[2: custom_elements]" classname="com.dotmarketing.portlets.folders.business.FolderAPITest" time="0.012"/>
  <testcase name="testSave_BlacklistedName_NotAtRootLevel_ShouldSucceed[3: email_backups]" classname="com.dotmarketing.portlets.folders.business.FolderAPITest" time="0.012"/>
  <testcase name="testSave_BlacklistedName_NotAtRootLevel_ShouldSucceed[4: dotcms]" classname="com.dotmarketing.portlets.folders.business.FolderAPITest" time="0.011"/>
  <testcase name="testSave_BlacklistedName_NotAtRootLevel_ShouldSucceed[5: dotAdmin]" classname="com.dotmarketing.portlets.folders.business.FolderAPITest" time="0.013"/>
  <testcase name="testSave_BlacklistedName_NotAtRootLevel_ShouldSucceed[6: html]" classname="com.dotmarketing.portlets.folders.business.FolderAPITest" time="0.01"/>
  <testcase name="testSave_BlacklistedName_NotAtRootLevel_ShouldSucceed[7: DOTSASS]" classname="com.dotmarketing.portlets.folders.business.FolderAPITest" time="0.011"/>
  <testcase name="testSave_BlacklistedName_NotAtRootLevel_ShouldSucceed[8: DOTLESS]" classname="com.dotmarketing.portlets.folders.business.FolderAPITest" time="0.012"/>
  <testcase name="testSave_BlacklistedName_NotAtRootLevel_ShouldSucceed[9: WEB-INF]" classname="com.dotmarketing.portlets.folders.business.FolderAPITest" time="0.01"/>
  <testcase name="testSave_BlacklistedName_NotAtRootLevel_ShouldSucceed[10: portal]" classname="com.dotmarketing.portlets.folders.business.FolderAPITest" time="0.009"/>
  <testcase name="test_findFolderByPath_Admin_PathisNull_returnNullFolder" classname="com.dotmarketing.portlets.folders.business.FolderAPITest" time="0.001"/>
  <testcase name="delete" classname="com.dotmarketing.portlets.folders.business.FolderAPITest" time="3.209"/>
  <testcase name="testFindSubFoldersByParent_parentIsFolder" classname="com.dotmarketing.portlets.folders.business.FolderAPITest" time="0.859"/>
  <testcase name="testFindSubFoldersByHost" classname="com.dotmarketing.portlets.folders.business.FolderAPITest" time="1.018"/>
  <testcase name="test_findFolderByPath_UserNoPermissionsOverFolder_returnDotSecurityException" classname="com.dotmarketing.portlets.folders.business.FolderAPITest" time="1.971"/>
  <testcase name="testFindFoldersByHost" classname="com.dotmarketing.portlets.folders.business.FolderAPITest" time="1.181"/>
  <testcase name="testRename_BlacklistedName_NotAtRootLevel_ShouldSucceed[0: META-INF]" classname="com.dotmarketing.portlets.folders.business.FolderAPITest" time="0.019"/>
  <testcase name="testRename_BlacklistedName_NotAtRootLevel_ShouldSucceed[1: assets]" classname="com.dotmarketing.portlets.folders.business.FolderAPITest" time="0.013"/>
  <testcase name="testRename_BlacklistedName_NotAtRootLevel_ShouldSucceed[2: custom_elements]" classname="com.dotmarketing.portlets.folders.business.FolderAPITest" time="0.015"/>
  <testcase name="testRename_BlacklistedName_NotAtRootLevel_ShouldSucceed[3: email_backups]" classname="com.dotmarketing.portlets.folders.business.FolderAPITest" time="0.012"/>
  <testcase name="testRename_BlacklistedName_NotAtRootLevel_ShouldSucceed[4: dotcms]" classname="com.dotmarketing.portlets.folders.business.FolderAPITest" time="0.012"/>
  <testcase name="testRename_BlacklistedName_NotAtRootLevel_ShouldSucceed[5: dotAdmin]" classname="com.dotmarketing.portlets.folders.business.FolderAPITest" time="0.011"/>
  <testcase name="testRename_BlacklistedName_NotAtRootLevel_ShouldSucceed[6: html]" classname="com.dotmarketing.portlets.folders.business.FolderAPITest" time="0.012"/>
  <testcase name="testRename_BlacklistedName_NotAtRootLevel_ShouldSucceed[7: DOTSASS]" classname="com.dotmarketing.portlets.folders.business.FolderAPITest" time="0.023"/>
  <testcase name="testRename_BlacklistedName_NotAtRootLevel_ShouldSucceed[8: DOTLESS]" classname="com.dotmarketing.portlets.folders.business.FolderAPITest" time="0.012"/>
  <testcase name="testRename_BlacklistedName_NotAtRootLevel_ShouldSucceed[9: WEB-INF]" classname="com.dotmarketing.portlets.folders.business.FolderAPITest" time="0.011"/>
  <testcase name="testRename_BlacklistedName_NotAtRootLevel_ShouldSucceed[10: portal]" classname="com.dotmarketing.portlets.folders.business.FolderAPITest" time="0.012"/>
  <testcase name="move_to_existing_destination" classname="com.dotmarketing.portlets.folders.business.FolderAPITest" time="5.426"/>
  <testcase name="deleteFolderWithContentTypeInIt" classname="com.dotmarketing.portlets.folders.business.FolderAPITest" time="0.094"/>
  <testcase name="testCreateFolders_AtRootLevel_BlacklistedName_ShouldFail[0: META-INF]" classname="com.dotmarketing.portlets.folders.business.FolderAPITest" time="0.007"/>
  <testcase name="testCreateFolders_AtRootLevel_BlacklistedName_ShouldFail[1: assets]" classname="com.dotmarketing.portlets.folders.business.FolderAPITest" time="0.004"/>
  <testcase name="testCreateFolders_AtRootLevel_BlacklistedName_ShouldFail[2: custom_elements]" classname="com.dotmarketing.portlets.folders.business.FolderAPITest" time="0.004"/>
  <testcase name="testCreateFolders_AtRootLevel_BlacklistedName_ShouldFail[3: email_backups]" classname="com.dotmarketing.portlets.folders.business.FolderAPITest" time="0.004"/>
  <testcase name="testCreateFolders_AtRootLevel_BlacklistedName_ShouldFail[4: dotcms]" classname="com.dotmarketing.portlets.folders.business.FolderAPITest" time="0.003"/>
  <testcase name="testCreateFolders_AtRootLevel_BlacklistedName_ShouldFail[5: dotAdmin]" classname="com.dotmarketing.portlets.folders.business.FolderAPITest" time="0.004"/>
  <testcase name="testCreateFolders_AtRootLevel_BlacklistedName_ShouldFail[6: html]" classname="com.dotmarketing.portlets.folders.business.FolderAPITest" time="0.003"/>
  <testcase name="testCreateFolders_AtRootLevel_BlacklistedName_ShouldFail[7: DOTSASS]" classname="com.dotmarketing.portlets.folders.business.FolderAPITest" time="0.004"/>
  <testcase name="testCreateFolders_AtRootLevel_BlacklistedName_ShouldFail[8: DOTLESS]" classname="com.dotmarketing.portlets.folders.business.FolderAPITest" time="0.004"/>
  <testcase name="testCreateFolders_AtRootLevel_BlacklistedName_ShouldFail[9: WEB-INF]" classname="com.dotmarketing.portlets.folders.business.FolderAPITest" time="0.004"/>
  <testcase name="testCreateFolders_AtRootLevel_BlacklistedName_ShouldFail[10: portal]" classname="com.dotmarketing.portlets.folders.business.FolderAPITest" time="0.004"/>
  <testcase name="testFindThemes" classname="com.dotmarketing.portlets.folders.business.FolderAPITest" time="0.011"/>
  <testcase name="createFolderWithoutAndWithoutTitle" classname="com.dotmarketing.portlets.folders.business.FolderAPITest" time="0.04"/>
  <testcase name="testSave_BlacklistedName_ShouldFail[0: META-INF]" classname="com.dotmarketing.portlets.folders.business.FolderAPITest" time="0.01"/>
  <testcase name="testSave_BlacklistedName_ShouldFail[1: assets]" classname="com.dotmarketing.portlets.folders.business.FolderAPITest" time="0.009"/>
  <testcase name="testSave_BlacklistedName_ShouldFail[2: custom_elements]" classname="com.dotmarketing.portlets.folders.business.FolderAPITest" time="0.007"/>
  <testcase name="testSave_BlacklistedName_ShouldFail[3: email_backups]" classname="com.dotmarketing.portlets.folders.business.FolderAPITest" time="0.009"/>
  <testcase name="testSave_BlacklistedName_ShouldFail[4: dotcms]" classname="com.dotmarketing.portlets.folders.business.FolderAPITest" time="0.008"/>
  <testcase name="testSave_BlacklistedName_ShouldFail[5: dotAdmin]" classname="com.dotmarketing.portlets.folders.business.FolderAPITest" time="0.009"/>
  <testcase name="testSave_BlacklistedName_ShouldFail[6: html]" classname="com.dotmarketing.portlets.folders.business.FolderAPITest" time="0.013"/>
  <testcase name="testSave_BlacklistedName_ShouldFail[7: DOTSASS]" classname="com.dotmarketing.portlets.folders.business.FolderAPITest" time="0.009"/>
  <testcase name="testSave_BlacklistedName_ShouldFail[8: DOTLESS]" classname="com.dotmarketing.portlets.folders.business.FolderAPITest" time="0.009"/>
  <testcase name="testSave_BlacklistedName_ShouldFail[9: WEB-INF]" classname="com.dotmarketing.portlets.folders.business.FolderAPITest" time="0.009"/>
  <testcase name="testSave_BlacklistedName_ShouldFail[10: portal]" classname="com.dotmarketing.portlets.folders.business.FolderAPITest" time="0.009"/>
  <testcase name="test_copyFolder_contentWithLiveAndWorkingVersionsAndMultilingual" classname="com.dotmarketing.portlets.folders.business.FolderAPITest" time="11.32"/>
  <testcase name="renameFolder" classname="com.dotmarketing.portlets.folders.business.FolderAPITest" time="0.219"/>
  <testcase name="test_findFolderByPath_UserWithPermissionsOverFolderAndHost_success" classname="com.dotmarketing.portlets.folders.business.FolderAPITest" time="2.819"/>
  <testcase name="testCopyToHost_BlacklistedName_ShouldFail[0: META-INF]" classname="com.dotmarketing.portlets.folders.business.FolderAPITest" time="1.113"/>
  <testcase name="testCopyToHost_BlacklistedName_ShouldFail[1: assets]" classname="com.dotmarketing.portlets.folders.business.FolderAPITest" time="1.022"/>
  <testcase name="testCopyToHost_BlacklistedName_ShouldFail[2: custom_elements]" classname="com.dotmarketing.portlets.folders.business.FolderAPITest" time="1.0"/>
  <testcase name="testCopyToHost_BlacklistedName_ShouldFail[3: email_backups]" classname="com.dotmarketing.portlets.folders.business.FolderAPITest" time="1.019"/>
  <testcase name="testCopyToHost_BlacklistedName_ShouldFail[4: dotcms]" classname="com.dotmarketing.portlets.folders.business.FolderAPITest" time="1.084"/>
  <testcase name="testCopyToHost_BlacklistedName_ShouldFail[5: dotAdmin]" classname="com.dotmarketing.portlets.folders.business.FolderAPITest" time="0.966"/>
  <testcase name="testCopyToHost_BlacklistedName_ShouldFail[6: html]" classname="com.dotmarketing.portlets.folders.business.FolderAPITest" time="1.022"/>
  <testcase name="testCopyToHost_BlacklistedName_ShouldFail[7: DOTSASS]" classname="com.dotmarketing.portlets.folders.business.FolderAPITest" time="1.032"/>
  <testcase name="testCopyToHost_BlacklistedName_ShouldFail[8: DOTLESS]" classname="com.dotmarketing.portlets.folders.business.FolderAPITest" time="1.016"/>
  <testcase name="testCopyToHost_BlacklistedName_ShouldFail[9: WEB-INF]" classname="com.dotmarketing.portlets.folders.business.FolderAPITest" time="1.012"/>
  <testcase name="testCopyToHost_BlacklistedName_ShouldFail[10: portal]" classname="com.dotmarketing.portlets.folders.business.FolderAPITest" time="1.075"/>
  <testcase name="testFindSubFolders" classname="com.dotmarketing.portlets.folders.business.FolderAPITest" time="0.07"/>
  <testcase name="copy" classname="com.dotmarketing.portlets.folders.business.FolderAPITest" time="15.839"/>
  <testcase name="move" classname="com.dotmarketing.portlets.folders.business.FolderAPITest" time="6.665"/>
  <testcase name="test_findFolderByPath_Admin_success" classname="com.dotmarketing.portlets.folders.business.FolderAPITest" time="0.914"/>
  <testcase name="testCopyFolderDoesNotDuplicateContent" classname="com.dotmarketing.portlets.folders.business.FolderAPITest" time="2.065"/>
  <testcase name="test_findFolderByPath_UserNoPermissionsOverHost_returnDotSecurityException" classname="com.dotmarketing.portlets.folders.business.FolderAPITest" time="1.859"/>
  <testcase name="testFindSubFoldersTitleSort" classname="com.dotmarketing.portlets.folders.business.FolderAPITest" time="0.072"/>
  <testcase name="test_findFolderByPath_Admin_HostisNull_returnNullFolder" classname="com.dotmarketing.portlets.folders.business.FolderAPITest" time="0.002"/>
  <testcase name="testExists" classname="com.dotmarketing.portlets.folders.business.FolderAPITest" time="1.133"/>
  <testcase name="testRename_BlacklistedName_ShouldFail[0: META-INF]" classname="com.dotmarketing.portlets.folders.business.FolderAPITest" time="0.023"/>
  <testcase name="testRename_BlacklistedName_ShouldFail[1: assets]" classname="com.dotmarketing.portlets.folders.business.FolderAPITest" time="0.018"/>
  <testcase name="testRename_BlacklistedName_ShouldFail[2: custom_elements]" classname="com.dotmarketing.portlets.folders.business.FolderAPITest" time="0.021"/>
  <testcase name="testRename_BlacklistedName_ShouldFail[3: email_backups]" classname="com.dotmarketing.portlets.folders.business.FolderAPITest" time="0.023"/>
  <testcase name="testRename_BlacklistedName_ShouldFail[4: dotcms]" classname="com.dotmarketing.portlets.folders.business.FolderAPITest" time="0.014"/>
  <testcase name="testRename_BlacklistedName_ShouldFail[5: dotAdmin]" classname="com.dotmarketing.portlets.folders.business.FolderAPITest" time="0.035"/>
  <testcase name="testRename_BlacklistedName_ShouldFail[6: html]" classname="com.dotmarketing.portlets.folders.business.FolderAPITest" time="0.017"/>
  <testcase name="testRename_BlacklistedName_ShouldFail[7: DOTSASS]" classname="com.dotmarketing.portlets.folders.business.FolderAPITest" time="0.024"/>
  <testcase name="testRename_BlacklistedName_ShouldFail[8: DOTLESS]" classname="com.dotmarketing.portlets.folders.business.FolderAPITest" time="0.019"/>
  <testcase name="testRename_BlacklistedName_ShouldFail[9: WEB-INF]" classname="com.dotmarketing.portlets.folders.business.FolderAPITest" time="0.022"/>
  <testcase name="testRename_BlacklistedName_ShouldFail[10: portal]" classname="com.dotmarketing.portlets.folders.business.FolderAPITest" time="0.015"/>
  <testcase name="testFindSubFoldersByParent_parentIsHost" classname="com.dotmarketing.portlets.folders.business.FolderAPITest" time="0.742"/>
  <testcase name="test_folders_inherit_the_filetypes_of_their_parents" classname="com.dotmarketing.portlets.folders.business.FolderAPITest" time="1.582"/>
  <system-out><![CDATA[]]></system-out>
  <system-err><![CDATA[]]></system-err>
</testsuite>
