<?xml version="1.0" encoding="UTF-8"?>
<testsuite name="com.dotmarketing.servlets.ajax.AjaxDirectorServletIntegrationTest" tests="2" skipped="0" failures="0" errors="0" timestamp="2023-07-14T18:37:51" hostname="fv-az1236-699" time="0.936">
  <properties/>
  <testcase name="testService[0: com.dotmarketing.servlets.ajax.AjaxDirectorServletTestCase@10c0f45e]" classname="com.dotmarketing.servlets.ajax.AjaxDirectorServletIntegrationTest" time="0.582"/>
  <testcase name="testService[1: com.dotmarketing.servlets.ajax.AjaxDirectorServletTestCase@40f331c2]" classname="com.dotmarketing.servlets.ajax.AjaxDirectorServletIntegrationTest" time="0.354"/>
  <system-out><![CDATA[]]></system-out>
  <system-err><![CDATA[]]></system-err>
</testsuite>
