<?xml version="1.0" encoding="UTF-8"?>
<testsuite name="com.dotmarketing.business.DeterministicIdentifierAPITest" tests="16" skipped="0" failures="0" errors="0" timestamp="2023-07-13T22:12:05" hostname="fv-az357-263" time="1.597">
  <properties/>
  <testcase name="Test_Category_Path_Seed_And_Id" classname="com.dotmarketing.business.DeterministicIdentifierAPITest" time="0.026"/>
  <testcase name="Test_Language_Deterministic_Id[0: LanguageTestCase{expectedSeed='Language:es:US', expectedHash=4913155, langCode='es', countryCode='US', country='United States'}]" classname="com.dotmarketing.business.DeterministicIdentifierAPITest" time="0.001"/>
  <testcase name="Test_Language_Deterministic_Id[1: LanguageTestCase{expectedSeed='Language:ep:', expectedHash=5292269, langCode='ep', countryCode='', country=''}]" classname="com.dotmarketing.business.DeterministicIdentifierAPITest" time="0.002"/>
  <testcase name="Test_Language_Deterministic_Id[2: LanguageTestCase{expectedSeed='Language:sg:SAG', expectedHash=4713118, langCode='sg', countryCode='SAG', country=''}]" classname="com.dotmarketing.business.DeterministicIdentifierAPITest" time="0.001"/>
  <testcase name="Test_Language_Deterministic_Id[3: LanguageTestCase{expectedSeed='Language:en:NZ', expectedHash=5382528, langCode='en', countryCode='NZ', country='New Zealand'}]" classname="com.dotmarketing.business.DeterministicIdentifierAPITest" time="0.001"/>
  <testcase name="Test_Category_None_Persisted_Category_Should_Return_Deterministic_Id" classname="com.dotmarketing.business.DeterministicIdentifierAPITest" time="0.002"/>
  <testcase name="Test_Asset_Generate_Deterministic_Id_Best_Effort[0: TestCase{versionable=my.host1689285945425.com, parent=System Host, expectedName='my.host1689285945425.com', expectedType='Host'}]" classname="com.dotmarketing.business.DeterministicIdentifierAPITest" time="0.003"/>
  <testcase name="Test_Asset_Generate_Deterministic_Id_Best_Effort[1: TestCase{versionable=com.dotmarketing.portlets.contentlet.model.Contentlet@ae20c5[map={modDate=2023-07-13 22:05:46.207, fileName=file9088811479218312990.txt, title=file9088811479218312990.txt, inode=43fcf870-b4dc-45f0-b76c-deee0be18cf8, __IS_NEW_CONTENT__=true, disabledWYSIWYG=[], host=e77d6aee-66eb-4e74-8de5-65b431776927, stInode=33888b6f-7a8e-4069-b1b6-5c1aa9d0a48d, owner=system, identifier=d936f673-32f4-4416-a436-f6b9204fbcdf, nullProperties=[wfExpireDate, wfPublishDate, wfActionAssign, wfActionId, wfActionComments, filterKey, whereToSend, wfNeverExpire, _path_to_move, timezoneId, iWantTo, wfPublishTime, wfExpireTime], languageId=1, fileAsset=/home/runner/work/core/custom/assets/4/3/43fcf870-b4dc-45f0-b76c-deee0be18cf8/fileAsset/file9088811479218312990.txt, folder=5081895b-3dec-456d-a9da-fe7f03bc5b9b, __disable_workflow__=true, sortOrder=0, modUser=system},lowIndexPriority=false,variantId=DEFAULT], parent=com.dotmarketing.portlets.folders.model.Folder@778e5dfb[identifier=5081895b-3dec-456d-a9da-fe7f03bc5b9b,name=testName1689285946199,sortOrder=0,showOnMenu=false,hostId=e77d6aee-66eb-4e74-8de5-65b431776927,type=folder,title=testTitle1689285946199,filesMasks=,defaultFileType=33888b6f-7a8e-4069-b1b6-5c1aa9d0a48d,modDate=2023-07-13 22:05:46.203,owner=&lt;null&gt;,iDate=2023-07-13 22:05:46.203,inode=5081895b-3dec-456d-a9da-fe7f03bc5b9b,path=/testName1689285946199/], expectedName='file9088811479218312990.txt', expectedType='FileAsset'}]" classname="com.dotmarketing.business.DeterministicIdentifierAPITest" time="0.003"/>
  <testcase name="Test_Asset_Generate_Deterministic_Id_Best_Effort[2: TestCase{versionable=com.dotmarketing.portlets.templates.model.Template@51a96b45, parent=my.host1689285945425.com, expectedName='testTitle1689285946303', expectedType='Template'}]" classname="com.dotmarketing.business.DeterministicIdentifierAPITest" time="0.003"/>
  <testcase name="Test_Asset_Generate_Deterministic_Id_Best_Effort[3: TestCase{versionable=com.dotmarketing.portlets.htmlpageasset.model.HTMLPageAsset@198e1b07[map={template=2eadce2b-8e86-4045-8628-07221f86c1ea, owner=system, identifier=929cd508-ab63-4199-aa89-fcbdfca8cd5c, nullProperties=[wfExpireDate, wfPublishDate, wfActionAssign, wfActionId, wfActionComments, filterKey, whereToSend, wfNeverExpire, _path_to_move, timezoneId, iWantTo, wfPublishTime, wfExpireTime], modDate=2023-07-13 22:05:46.318, cachettl=0, _is_test_mode=true, languageId=1, title=test-page-title-1689285946314, httpsreq=, url=test-page-url-1689285946314, showOnMenu=, inode=2c94eb14-9c19-4c3d-9437-2f462a9f98ad, folder=5081895b-3dec-456d-a9da-fe7f03bc5b9b, disabledWYSIWYG=[], sortOrder=1, modUser=system, host=e77d6aee-66eb-4e74-8de5-65b431776927, stInode=c541abb1-69b3-4bc5-8430-5e09e5239cc8, friendlyName=test-page-friendly-name-1689285946314},lowIndexPriority=false,variantId=DEFAULT], parent=com.dotmarketing.portlets.folders.model.Folder@778e5dfb[identifier=5081895b-3dec-456d-a9da-fe7f03bc5b9b,name=testName1689285946199,sortOrder=0,showOnMenu=false,hostId=e77d6aee-66eb-4e74-8de5-65b431776927,type=folder,title=testTitle1689285946199,filesMasks=,defaultFileType=33888b6f-7a8e-4069-b1b6-5c1aa9d0a48d,modDate=2023-07-13 22:05:46.203,owner=&lt;null&gt;,iDate=2023-07-13 22:05:46.203,inode=5081895b-3dec-456d-a9da-fe7f03bc5b9b,path=/testName1689285946199/], expectedName='test-page-url-1689285946314', expectedType='htmlpageasset'}]" classname="com.dotmarketing.business.DeterministicIdentifierAPITest" time="0.003"/>
  <testcase name="Test_Asset_Generate_Deterministic_Id_Best_Effort[4: TestCase{versionable=com.dotmarketing.portlets.contentlet.model.Contentlet@2b852d81[map={fileAsset2=/home/runner/work/core/custom/assets/6/6/668cff9e-ef57-4396-be11-ad0fe94b49b5/fileAsset2/test_binary1689285947178.png, modDate=2023-07-13 22:05:47.183, fileAsset1=/home/runner/work/core/custom/assets/6/6/668cff9e-ef57-4396-be11-ad0fe94b49b5/fileAsset1/test_binary1689285947178.jpg, title=blah, inode=668cff9e-ef57-4396-be11-ad0fe94b49b5, __IS_NEW_CONTENT__=true, disabledWYSIWYG=[], host=48190c8c-42c4-46af-8d1a-0cd5db894797, stInode=8a9d38ca-7884-4744-b4f3-9148de3f8420, owner=system, identifier=460e4d90-a0b7-4ada-a179-55f5c02beeaa, nullProperties=[], languageId=1, image1=6c365d0e-ba87-4f0a-ad75-cfca353bf10e, folder=SYSTEM_FOLDER, __disable_workflow__=true, sortOrder=0, modUser=system},lowIndexPriority=false,variantId=DEFAULT], parent=demo.dotcms.com, expectedName='test_binary1689285947178.jpg:test_binary1689285947178.png', expectedType='MultipleBinaries1689285946443'}]" classname="com.dotmarketing.business.DeterministicIdentifierAPITest" time="0.004"/>
  <testcase name="Test_Asset_Generate_Deterministic_Id_Best_Effort[5: TestCase{versionable=namef8ce10c280 : keyTagf8ce10c280, parent=my.host1689285945425.com, expectedName='keyTagf8ce10c280', expectedType='persona'}]" classname="com.dotmarketing.business.DeterministicIdentifierAPITest" time="0.003"/>
  <testcase name="Test_Similar_Content_Type_Wont_Clash" classname="com.dotmarketing.business.DeterministicIdentifierAPITest" time="0.464"/>
  <testcase name="Test_Generate_Folder_Identifier" classname="com.dotmarketing.business.DeterministicIdentifierAPITest" time="1.069"/>
  <testcase name="Test_Generate_Content_Type_Identifier[0: ContentTypeTestCase{contentType=KeyValueContentType{name=Language Variable, id=f4d7c1b8-2c88-4071-abf1-a5328977b07d, description=Default Content Type for Language Variables, defaultType=false, fixed=true, iDate=Thu Aug 31 16:38:49 UTC 2017, system=true, versionable=true, variable=Languagevariable, modDate=Thu Jul 13 21:00:45 UTC 2023, host=SYSTEM_HOST, siteName=systemHost, icon=language, sortOrder=0, folder=SYSTEM_FOLDER, folderPath=/, markedForDeletion=true, multilingualable=false}, expectedName='Languagevariable', expectedType='KeyValue'}]" classname="com.dotmarketing.business.DeterministicIdentifierAPITest" time="0.005"/>
  <testcase name="Test_Generate_Content_Type_Identifier[1: ContentTypeTestCase{contentType=SimpleContentType{name=testName1689285947556, id=f9e527b4-41aa-4b88-b798-30f744554961, description=testDescription1689285947556, defaultType=false, fixed=false, iDate=Thu Jul 13 22:05:47 UTC 2023, system=false, versionable=true, multilingualable=false, variable=testVarname1689285947556, owner=system, modDate=Thu Jul 13 22:05:48 UTC 2023, host=48190c8c-42c4-46af-8d1a-0cd5db894797, siteName=demo.dotcms.com, icon=event_note, sortOrder=0, folder=SYSTEM_FOLDER, folderPath=/, requiredFields=[], markedForDeletion=false}, expectedName='testVarname1689285947556', expectedType='CONTENT'}]" classname="com.dotmarketing.business.DeterministicIdentifierAPITest" time="0.004"/>
  <system-out><![CDATA[]]></system-out>
  <system-err><![CDATA[]]></system-err>
</testsuite>
