<?xml version="1.0" encoding="UTF-8"?>
<testsuite name="com.dotmarketing.portlets.structure.model.ContentletRelationshipsTest" tests="7" skipped="0" failures="0" errors="0" timestamp="2023-07-19T16:57:42" hostname="fv-az400-396" time="11.227">
  <properties/>
  <testcase name="testDoesAllowOnlyOne[0: com.dotmarketing.portlets.structure.model.ContentletRelationshipsTest$CardinalityTestCase@44216b26]" classname="com.dotmarketing.portlets.structure.model.ContentletRelationshipsTest" time="0.77"/>
  <testcase name="testDoesAllowOnlyOne[1: com.dotmarketing.portlets.structure.model.ContentletRelationshipsTest$CardinalityTestCase@33709fd]" classname="com.dotmarketing.portlets.structure.model.ContentletRelationshipsTest" time="0.724"/>
  <testcase name="testDoesAllowOnlyOne[2: com.dotmarketing.portlets.structure.model.ContentletRelationshipsTest$CardinalityTestCase@55c010ea]" classname="com.dotmarketing.portlets.structure.model.ContentletRelationshipsTest" time="0.755"/>
  <testcase name="testGetRelationshipRecords[0: com.dotmarketing.portlets.structure.model.ContentletRelationshipsTest$TestCase@2d128b9b]" classname="com.dotmarketing.portlets.structure.model.ContentletRelationshipsTest" time="2.643"/>
  <testcase name="testGetRelationshipRecords[1: com.dotmarketing.portlets.structure.model.ContentletRelationshipsTest$TestCase@62a5bd44]" classname="com.dotmarketing.portlets.structure.model.ContentletRelationshipsTest" time="2.642"/>
  <testcase name="testGetRelationshipRecords[2: com.dotmarketing.portlets.structure.model.ContentletRelationshipsTest$TestCase@59e6280c]" classname="com.dotmarketing.portlets.structure.model.ContentletRelationshipsTest" time="1.305"/>
  <testcase name="testGetRelationshipRecords[3: com.dotmarketing.portlets.structure.model.ContentletRelationshipsTest$TestCase@cf4249a]" classname="com.dotmarketing.portlets.structure.model.ContentletRelationshipsTest" time="2.386"/>
  <system-out><![CDATA[]]></system-out>
  <system-err><![CDATA[]]></system-err>
</testsuite>
