<?xml version="1.0" encoding="UTF-8"?>
<testsuite name="com.dotmarketing.factories.WebAssetFactoryTest" tests="3" skipped="0" failures="0" errors="0" timestamp="2023-07-13T23:19:34" hostname="fv-az717-983" time="0.599">
  <properties/>
  <testcase name="testGetAssetsWorkingBy_CMS_ANON" classname="com.dotmarketing.factories.WebAssetFactoryTest" time="0.547"/>
  <testcase name="testGetAssetsWorkingBy_A_Shlub" classname="com.dotmarketing.factories.WebAssetFactoryTest" time="0.038"/>
  <testcase name="testGetAssetsWorkingBytheSystemUser" classname="com.dotmarketing.factories.WebAssetFactoryTest" time="0.014"/>
  <system-out><![CDATA[]]></system-out>
  <system-err><![CDATA[]]></system-err>
</testsuite>
