<?xml version="1.0" encoding="UTF-8"?>
<testsuite name="com.dotcms.content.elasticsearch.business.ESContentFactoryImplTest" tests="43" skipped="0" failures="0" errors="0" timestamp="2023-07-14T23:29:04" hostname="fv-az1107-746" time="91.615">
  <properties/>
  <testcase name="testModDateDotRawFormatIsValid" classname="com.dotcms.content.elasticsearch.business.ESContentFactoryImplTest" time="0.005"/>
  <testcase name="test_findContentletByIdentifierAnyLanguageNoArchived" classname="com.dotcms.content.elasticsearch.business.ESContentFactoryImplTest" time="1.92"/>
  <testcase name="findContentletsReturnsInExpectedOrder" classname="com.dotcms.content.elasticsearch.business.ESContentFactoryImplTest" time="1.661"/>
  <testcase name="testIndexSearchFilteringByTime[0: com.dotcms.content.elasticsearch.business.ESContentFactoryImplTest$TestCase@1555a77a]" classname="com.dotcms.content.elasticsearch.business.ESContentFactoryImplTest" time="2.385"/>
  <testcase name="testIndexSearchFilteringByTime[1: com.dotcms.content.elasticsearch.business.ESContentFactoryImplTest$TestCase@74ce6eea]" classname="com.dotcms.content.elasticsearch.business.ESContentFactoryImplTest" time="2.036"/>
  <testcase name="testIndexSearchFilteringByTime[2: com.dotcms.content.elasticsearch.business.ESContentFactoryImplTest$TestCase@10d859bf]" classname="com.dotcms.content.elasticsearch.business.ESContentFactoryImplTest" time="2.036"/>
  <testcase name="testIndexSearchFilteringByTime[3: com.dotcms.content.elasticsearch.business.ESContentFactoryImplTest$TestCase@536d0355]" classname="com.dotcms.content.elasticsearch.business.ESContentFactoryImplTest" time="2.118"/>
  <testcase name="testIndexSearchFilteringByTime[4: com.dotcms.content.elasticsearch.business.ESContentFactoryImplTest$TestCase@6bbb1035]" classname="com.dotcms.content.elasticsearch.business.ESContentFactoryImplTest" time="2.06"/>
  <testcase name="testIndexSearchFilteringByTime[5: com.dotcms.content.elasticsearch.business.ESContentFactoryImplTest$TestCase@6c058a96]" classname="com.dotcms.content.elasticsearch.business.ESContentFactoryImplTest" time="2.031"/>
  <testcase name="test_translateQueryWithLicense" classname="com.dotcms.content.elasticsearch.business.ESContentFactoryImplTest" time="0.001"/>
  <testcase name="test_cached_es_query_response" classname="com.dotcms.content.elasticsearch.business.ESContentFactoryImplTest" time="1.71"/>
  <testcase name="findContentletByIdentifierAnyLanguageNoDefaultVersion" classname="com.dotcms.content.elasticsearch.business.ESContentFactoryImplTest" time="1.463"/>
  <testcase name="testScore" classname="com.dotcms.content.elasticsearch.business.ESContentFactoryImplTest" time="1.624"/>
  <testcase name="findAllVersionsWithOldVersions" classname="com.dotcms.content.elasticsearch.business.ESContentFactoryImplTest" time="4.517"/>
  <testcase name="test_findContentletByIdentifierAnyLanguageIncludeDeleted" classname="com.dotcms.content.elasticsearch.business.ESContentFactoryImplTest" time="1.957"/>
  <testcase name="test_findContentletByIdentifierAnyLanguage" classname="com.dotcms.content.elasticsearch.business.ESContentFactoryImplTest" time="1.737"/>
  <testcase name="Test_load_Json_Field" classname="com.dotcms.content.elasticsearch.business.ESContentFactoryImplTest" time="2.659"/>
  <testcase name="testDeleteVersion_KeepPermissions" classname="com.dotcms.content.elasticsearch.business.ESContentFactoryImplTest" time="2.161"/>
  <testcase name="test_cached_es_query_different_responses_for_all_params" classname="com.dotcms.content.elasticsearch.business.ESContentFactoryImplTest" time="2.746"/>
  <testcase name="test_translateQueryWithoutLicense" classname="com.dotcms.content.elasticsearch.business.ESContentFactoryImplTest" time="0.007"/>
  <testcase name="findAllVersions" classname="com.dotcms.content.elasticsearch.business.ESContentFactoryImplTest" time="2.068"/>
  <testcase name="findAllVersionsWithOldVersionsByVariant" classname="com.dotcms.content.elasticsearch.business.ESContentFactoryImplTest" time="7.998"/>
  <testcase name="Test_Setting_Track_Hits" classname="com.dotcms.content.elasticsearch.business.ESContentFactoryImplTest" time="0.0"/>
  <testcase name="test_trying_with_bad_sorts" classname="com.dotcms.content.elasticsearch.business.ESContentFactoryImplTest" time="0.009"/>
  <testcase name="test_dotAssets_persist_title_as_null" classname="com.dotcms.content.elasticsearch.business.ESContentFactoryImplTest" time="1.295"/>
  <testcase name="TestFindAllVersions" classname="com.dotcms.content.elasticsearch.business.ESContentFactoryImplTest" time="6.792"/>
  <testcase name="findAllVersionsWithNotOldVersions" classname="com.dotcms.content.elasticsearch.business.ESContentFactoryImplTest" time="4.208"/>
  <testcase name="saveContentlets" classname="com.dotcms.content.elasticsearch.business.ESContentFactoryImplTest" time="0.003"/>
  <testcase name="findContentlets" classname="com.dotcms.content.elasticsearch.business.ESContentFactoryImplTest" time="0.381"/>
  <testcase name="findDeletedContentletByIdentifierAnyLanguage" classname="com.dotcms.content.elasticsearch.business.ESContentFactoryImplTest" time="1.744"/>
  <testcase name="Test_Nulled_Out_Columns" classname="com.dotcms.content.elasticsearch.business.ESContentFactoryImplTest" time="3.604"/>
  <testcase name="test_findContentletByIdentifier" classname="com.dotcms.content.elasticsearch.business.ESContentFactoryImplTest" time="1.813"/>
  <testcase name="findAllVersionsByVariant" classname="com.dotcms.content.elasticsearch.business.ESContentFactoryImplTest" time="2.156"/>
  <testcase name="Test_TrackHits_SearchCount" classname="com.dotcms.content.elasticsearch.business.ESContentFactoryImplTest" time="4.18"/>
  <testcase name="testIndexSearchFilteringByDateTime[0: com.dotcms.content.elasticsearch.business.ESContentFactoryImplTest$TestCase@3ec22308]" classname="com.dotcms.content.elasticsearch.business.ESContentFactoryImplTest" time="2.189"/>
  <testcase name="testIndexSearchFilteringByDateTime[1: com.dotcms.content.elasticsearch.business.ESContentFactoryImplTest$TestCase@58ef82e]" classname="com.dotcms.content.elasticsearch.business.ESContentFactoryImplTest" time="2.036"/>
  <testcase name="testIndexSearchFilteringByDateTime[2: com.dotcms.content.elasticsearch.business.ESContentFactoryImplTest$TestCase@36877a12]" classname="com.dotcms.content.elasticsearch.business.ESContentFactoryImplTest" time="2.045"/>
  <testcase name="testIndexSearchFilteringByDateTime[3: com.dotcms.content.elasticsearch.business.ESContentFactoryImplTest$TestCase@7616176e]" classname="com.dotcms.content.elasticsearch.business.ESContentFactoryImplTest" time="2.04"/>
  <testcase name="testIndexSearchFilteringByDateTime[4: com.dotcms.content.elasticsearch.business.ESContentFactoryImplTest$TestCase@59e3b0c7]" classname="com.dotcms.content.elasticsearch.business.ESContentFactoryImplTest" time="2.042"/>
  <testcase name="testIndexSearchFilteringByDateTime[5: com.dotcms.content.elasticsearch.business.ESContentFactoryImplTest$TestCase@2bde6c5d]" classname="com.dotcms.content.elasticsearch.business.ESContentFactoryImplTest" time="2.05"/>
  <testcase name="testIndexSearchFilteringByDateTime[6: com.dotcms.content.elasticsearch.business.ESContentFactoryImplTest$TestCase@2684c4de]" classname="com.dotcms.content.elasticsearch.business.ESContentFactoryImplTest" time="2.033"/>
  <testcase name="testIndexSearchFilteringByDateTime[7: com.dotcms.content.elasticsearch.business.ESContentFactoryImplTest$TestCase@606f1a07]" classname="com.dotcms.content.elasticsearch.business.ESContentFactoryImplTest" time="2.039"/>
  <testcase name="testIndexSearchFilteringByDateTime[8: com.dotcms.content.elasticsearch.business.ESContentFactoryImplTest$TestCase@24ceeb45]" classname="com.dotcms.content.elasticsearch.business.ESContentFactoryImplTest" time="2.048"/>
  <system-out><![CDATA[]]></system-out>
  <system-err><![CDATA[]]></system-err>
</testsuite>
