<?xml version="1.0" encoding="UTF-8"?>
<testsuite name="com.dotmarketing.portlets.structure.model.ContentletRelationshipsTest" tests="7" skipped="0" failures="0" errors="0" timestamp="2023-06-28T03:37:39" hostname="fv-az422-786" time="10.092">
  <properties/>
  <testcase name="testDoesAllowOnlyOne[0: com.dotmarketing.portlets.structure.model.ContentletRelationshipsTest$CardinalityTestCase@40c9f356]" classname="com.dotmarketing.portlets.structure.model.ContentletRelationshipsTest" time="0.56"/>
  <testcase name="testDoesAllowOnlyOne[1: com.dotmarketing.portlets.structure.model.ContentletRelationshipsTest$CardinalityTestCase@34d99499]" classname="com.dotmarketing.portlets.structure.model.ContentletRelationshipsTest" time="0.572"/>
  <testcase name="testDoesAllowOnlyOne[2: com.dotmarketing.portlets.structure.model.ContentletRelationshipsTest$CardinalityTestCase@60f9a00f]" classname="com.dotmarketing.portlets.structure.model.ContentletRelationshipsTest" time="0.587"/>
  <testcase name="testGetRelationshipRecords[0: com.dotmarketing.portlets.structure.model.ContentletRelationshipsTest$TestCase@221af13a]" classname="com.dotmarketing.portlets.structure.model.ContentletRelationshipsTest" time="2.134"/>
  <testcase name="testGetRelationshipRecords[1: com.dotmarketing.portlets.structure.model.ContentletRelationshipsTest$TestCase@2dc6f56c]" classname="com.dotmarketing.portlets.structure.model.ContentletRelationshipsTest" time="2.092"/>
  <testcase name="testGetRelationshipRecords[2: com.dotmarketing.portlets.structure.model.ContentletRelationshipsTest$TestCase@5543d111]" classname="com.dotmarketing.portlets.structure.model.ContentletRelationshipsTest" time="2.024"/>
  <testcase name="testGetRelationshipRecords[3: com.dotmarketing.portlets.structure.model.ContentletRelationshipsTest$TestCase@7817ea6e]" classname="com.dotmarketing.portlets.structure.model.ContentletRelationshipsTest" time="2.123"/>
  <system-out><![CDATA[]]></system-out>
  <system-err><![CDATA[]]></system-err>
</testsuite>
