<?xml version="1.0" encoding="UTF-8"?>
<testsuite name="com.dotmarketing.servlets.ShortyServletAndTitleImageTest" tests="2" skipped="0" failures="0" errors="0" timestamp="2023-07-11T16:38:00" hostname="fv-az221-100" time="1.337">
  <properties/>
  <testcase name="test_Contentlet_getTitleImage_Returns_Proper_Field" classname="com.dotmarketing.servlets.ShortyServletAndTitleImageTest" time="0.269"/>
  <testcase name="test_ShortyServlet_Returns_Proper_Field" classname="com.dotmarketing.servlets.ShortyServletAndTitleImageTest" time="1.067"/>
  <system-out><![CDATA[]]></system-out>
  <system-err><![CDATA[]]></system-err>
</testsuite>
