<?xml version="1.0" encoding="UTF-8"?>
<testsuite name="com.dotcms.publishing.PublisherAPIImplTest" tests="24" skipped="0" failures="0" errors="0" timestamp="2023-06-30T16:26:22" hostname="fv-az674-164" time="3.893">
  <properties/>
  <testcase name="AddAllCategoryIntoBundle" classname="com.dotcms.publishing.PublisherAPIImplTest" time="0.16"/>
  <testcase name="testFilterDescriptors" classname="com.dotcms.publishing.PublisherAPIImplTest" time="0.062"/>
  <testcase name="sendPushPublishBundle[0: com.dotcms.publishing.PublisherAPIImplTest$TestAsset@77e72c17]" classname="com.dotcms.publishing.PublisherAPIImplTest" time="1.192"/>
  <testcase name="sendPushPublishBundle[1: com.dotcms.publishing.PublisherAPIImplTest$TestAsset@46e75d61]" classname="com.dotcms.publishing.PublisherAPIImplTest" time="0.187"/>
  <testcase name="sendPushPublishBundle[2: com.dotcms.publishing.PublisherAPIImplTest$TestAsset@61c8fdd7]" classname="com.dotcms.publishing.PublisherAPIImplTest" time="0.154"/>
  <testcase name="sendPushPublishBundle[3: com.dotcms.publishing.PublisherAPIImplTest$TestAsset@7ebd8b45]" classname="com.dotcms.publishing.PublisherAPIImplTest" time="0.323"/>
  <testcase name="sendPushPublishBundle[4: com.dotcms.publishing.PublisherAPIImplTest$TestAsset@30f49711]" classname="com.dotcms.publishing.PublisherAPIImplTest" time="0.238"/>
  <testcase name="sendPushPublishBundle[5: com.dotcms.publishing.PublisherAPIImplTest$TestAsset@4c84d83b]" classname="com.dotcms.publishing.PublisherAPIImplTest" time="0.141"/>
  <testcase name="sendPushPublishBundle[6: com.dotcms.publishing.PublisherAPIImplTest$TestAsset@6a04a239]" classname="com.dotcms.publishing.PublisherAPIImplTest" time="0.113"/>
  <testcase name="sendPushPublishBundle[7: com.dotcms.publishing.PublisherAPIImplTest$TestAsset@7871eb9f]" classname="com.dotcms.publishing.PublisherAPIImplTest" time="0.12"/>
  <testcase name="sendPushPublishBundle[8: com.dotcms.publishing.PublisherAPIImplTest$TestAsset@6c29a79f]" classname="com.dotcms.publishing.PublisherAPIImplTest" time="0.121"/>
  <testcase name="sendPushPublishBundle[9: com.dotcms.publishing.PublisherAPIImplTest$TestAsset@686ff21]" classname="com.dotcms.publishing.PublisherAPIImplTest" time="0.153"/>
  <testcase name="sendPushPublishBundle[10: com.dotcms.publishing.PublisherAPIImplTest$TestAsset@49dc80a2]" classname="com.dotcms.publishing.PublisherAPIImplTest" time="0.055"/>
  <testcase name="generateBundle[0: com.dotcms.publishing.PublisherAPIImplTest$TestAsset@77e72c17]" classname="com.dotcms.publishing.PublisherAPIImplTest" time="0.078"/>
  <testcase name="generateBundle[1: com.dotcms.publishing.PublisherAPIImplTest$TestAsset@46e75d61]" classname="com.dotcms.publishing.PublisherAPIImplTest" time="0.116"/>
  <testcase name="generateBundle[2: com.dotcms.publishing.PublisherAPIImplTest$TestAsset@61c8fdd7]" classname="com.dotcms.publishing.PublisherAPIImplTest" time="0.064"/>
  <testcase name="generateBundle[3: com.dotcms.publishing.PublisherAPIImplTest$TestAsset@7ebd8b45]" classname="com.dotcms.publishing.PublisherAPIImplTest" time="0.122"/>
  <testcase name="generateBundle[4: com.dotcms.publishing.PublisherAPIImplTest$TestAsset@30f49711]" classname="com.dotcms.publishing.PublisherAPIImplTest" time="0.137"/>
  <testcase name="generateBundle[5: com.dotcms.publishing.PublisherAPIImplTest$TestAsset@4c84d83b]" classname="com.dotcms.publishing.PublisherAPIImplTest" time="0.074"/>
  <testcase name="generateBundle[6: com.dotcms.publishing.PublisherAPIImplTest$TestAsset@6a04a239]" classname="com.dotcms.publishing.PublisherAPIImplTest" time="0.07"/>
  <testcase name="generateBundle[7: com.dotcms.publishing.PublisherAPIImplTest$TestAsset@7871eb9f]" classname="com.dotcms.publishing.PublisherAPIImplTest" time="0.062"/>
  <testcase name="generateBundle[8: com.dotcms.publishing.PublisherAPIImplTest$TestAsset@6c29a79f]" classname="com.dotcms.publishing.PublisherAPIImplTest" time="0.039"/>
  <testcase name="generateBundle[9: com.dotcms.publishing.PublisherAPIImplTest$TestAsset@686ff21]" classname="com.dotcms.publishing.PublisherAPIImplTest" time="0.095"/>
  <testcase name="generateBundle[10: com.dotcms.publishing.PublisherAPIImplTest$TestAsset@49dc80a2]" classname="com.dotcms.publishing.PublisherAPIImplTest" time="0.011"/>
  <system-out><![CDATA[









































































































































































]]></system-out>
  <system-err><![CDATA[]]></system-err>
</testsuite>
