<?xml version="1.0" encoding="UTF-8"?>
<testsuite name="com.dotmarketing.business.IdentifierAPITest" tests="1" skipped="0" failures="0" errors="0" timestamp="2023-06-29T17:32:19" hostname="fv-az615-773" time="0.004">
  <properties/>
  <testcase name="testing404" classname="com.dotmarketing.business.IdentifierAPITest" time="0.004"/>
  <system-out><![CDATA[]]></system-out>
  <system-err><![CDATA[]]></system-err>
</testsuite>
