<?xml version="1.0" encoding="UTF-8"?>
<testsuite name="com.dotcms.contenttype.business.DotAssetBaseTypeToContentTypeStrategyImplTest" tests="1" skipped="0" failures="0" errors="0" timestamp="2023-07-21T06:41:55" hostname="fv-az484-380" time="0.456">
  <properties/>
  <testcase name="test_apply_with_temporal_file" classname="com.dotcms.contenttype.business.DotAssetBaseTypeToContentTypeStrategyImplTest" time="0.456"/>
  <system-out><![CDATA[]]></system-out>
  <system-err><![CDATA[]]></system-err>
</testsuite>
