<?xml version="1.0" encoding="UTF-8"?>
<testsuite name="com.dotmarketing.business.DeterministicIdentifierAPITest" tests="16" skipped="0" failures="0" errors="0" timestamp="2023-07-06T00:28:12" hostname="fv-az1231-758" time="1.328">
  <properties/>
  <testcase name="Test_Category_Path_Seed_And_Id" classname="com.dotmarketing.business.DeterministicIdentifierAPITest" time="0.03"/>
  <testcase name="Test_Language_Deterministic_Id[0: LanguageTestCase{expectedSeed='Language:es:US', expectedHash=4913155, langCode='es', countryCode='US', country='United States'}]" classname="com.dotmarketing.business.DeterministicIdentifierAPITest" time="0.001"/>
  <testcase name="Test_Language_Deterministic_Id[1: LanguageTestCase{expectedSeed='Language:ep:', expectedHash=5292269, langCode='ep', countryCode='', country=''}]" classname="com.dotmarketing.business.DeterministicIdentifierAPITest" time="0.001"/>
  <testcase name="Test_Language_Deterministic_Id[2: LanguageTestCase{expectedSeed='Language:sg:SAG', expectedHash=4713118, langCode='sg', countryCode='SAG', country=''}]" classname="com.dotmarketing.business.DeterministicIdentifierAPITest" time="0.002"/>
  <testcase name="Test_Language_Deterministic_Id[3: LanguageTestCase{expectedSeed='Language:en:NZ', expectedHash=5382528, langCode='en', countryCode='NZ', country='New Zealand'}]" classname="com.dotmarketing.business.DeterministicIdentifierAPITest" time="0.001"/>
  <testcase name="Test_Category_None_Persisted_Category_Should_Return_Deterministic_Id" classname="com.dotmarketing.business.DeterministicIdentifierAPITest" time="0.002"/>
  <testcase name="Test_Asset_Generate_Deterministic_Id_Best_Effort[0: TestCase{versionable=my.host1688602890633.com, parent=System Host, expectedName='my.host1688602890633.com', expectedType='Host'}]" classname="com.dotmarketing.business.DeterministicIdentifierAPITest" time="0.004"/>
  <testcase name="Test_Asset_Generate_Deterministic_Id_Best_Effort[1: TestCase{versionable=com.dotmarketing.portlets.contentlet.model.Contentlet@32223a55[map={modDate=2023-07-06 00:21:31.311, fileName=file472112471505522850.txt, title=file472112471505522850.txt, inode=93498c29-95d9-4fb1-a2ce-9c8038f64d04, __IS_NEW_CONTENT__=true, disabledWYSIWYG=[], host=24da7737-b636-4642-857a-4cffafe459da, stInode=33888b6f-7a8e-4069-b1b6-5c1aa9d0a48d, owner=system, identifier=7eeb61b4-29e8-4add-871f-d81f9803e9e8, nullProperties=[wfExpireDate, wfPublishDate, wfActionAssign, wfActionId, wfActionComments, filterKey, whereToSend, wfNeverExpire, _path_to_move, timezoneId, iWantTo, wfPublishTime, wfExpireTime], languageId=1, fileAsset=/home/runner/work/core/custom/assets/9/3/93498c29-95d9-4fb1-a2ce-9c8038f64d04/fileAsset/file472112471505522850.txt, folder=e875cf11-0deb-44a6-a0fc-246a41b29ace, __disable_workflow__=true, sortOrder=0, modUser=system},lowIndexPriority=false,variantId=DEFAULT], parent=com.dotmarketing.portlets.folders.model.Folder@6dfff722[identifier=e875cf11-0deb-44a6-a0fc-246a41b29ace,name=testName1688602891302,sortOrder=0,showOnMenu=false,hostId=24da7737-b636-4642-857a-4cffafe459da,type=folder,title=testTitle1688602891302,filesMasks=,defaultFileType=33888b6f-7a8e-4069-b1b6-5c1aa9d0a48d,modDate=2023-07-06 00:21:31.306,owner=&lt;null&gt;,iDate=2023-07-06 00:21:31.306,inode=e875cf11-0deb-44a6-a0fc-246a41b29ace,path=/testName1688602891302/], expectedName='file472112471505522850.txt', expectedType='FileAsset'}]" classname="com.dotmarketing.business.DeterministicIdentifierAPITest" time="0.004"/>
  <testcase name="Test_Asset_Generate_Deterministic_Id_Best_Effort[2: TestCase{versionable=com.dotmarketing.portlets.templates.model.Template@d5852bf0, parent=my.host1688602890633.com, expectedName='testTitle1688602891442', expectedType='Template'}]" classname="com.dotmarketing.business.DeterministicIdentifierAPITest" time="0.004"/>
  <testcase name="Test_Asset_Generate_Deterministic_Id_Best_Effort[3: TestCase{versionable=com.dotmarketing.portlets.htmlpageasset.model.HTMLPageAsset@487353b9[map={template=6fc61eb3-89d9-459a-8b3c-a6e5a08341cb, owner=system, identifier=78ce9dd2-5a35-4ad1-bdbe-a347f8ffa2df, nullProperties=[wfExpireDate, wfPublishDate, wfActionAssign, wfActionId, wfActionComments, filterKey, whereToSend, wfNeverExpire, _path_to_move, timezoneId, iWantTo, wfPublishTime, wfExpireTime], modDate=2023-07-06 00:21:31.468, cachettl=0, _is_test_mode=true, languageId=1, title=test-page-title-1688602891463, httpsreq=, url=test-page-url-1688602891463, showOnMenu=, inode=7db723fa-a9cb-4679-a6ea-038533e2e496, folder=e875cf11-0deb-44a6-a0fc-246a41b29ace, disabledWYSIWYG=[], sortOrder=1, modUser=system, host=24da7737-b636-4642-857a-4cffafe459da, stInode=c541abb1-69b3-4bc5-8430-5e09e5239cc8, friendlyName=test-page-friendly-name-1688602891463},lowIndexPriority=false,variantId=DEFAULT], parent=com.dotmarketing.portlets.folders.model.Folder@6dfff722[identifier=e875cf11-0deb-44a6-a0fc-246a41b29ace,name=testName1688602891302,sortOrder=0,showOnMenu=false,hostId=24da7737-b636-4642-857a-4cffafe459da,type=folder,title=testTitle1688602891302,filesMasks=,defaultFileType=33888b6f-7a8e-4069-b1b6-5c1aa9d0a48d,modDate=2023-07-06 00:21:31.306,owner=&lt;null&gt;,iDate=2023-07-06 00:21:31.306,inode=e875cf11-0deb-44a6-a0fc-246a41b29ace,path=/testName1688602891302/], expectedName='test-page-url-1688602891463', expectedType='htmlpageasset'}]" classname="com.dotmarketing.business.DeterministicIdentifierAPITest" time="0.004"/>
  <testcase name="Test_Asset_Generate_Deterministic_Id_Best_Effort[4: TestCase{versionable=com.dotmarketing.portlets.contentlet.model.Contentlet@5df04980[map={fileAsset2=/home/runner/work/core/custom/assets/7/5/75414a13-6650-4189-adee-2e5ab00e7f9f/fileAsset2/test_binary1688602893400.png, modDate=2023-07-06 00:21:33.407, fileAsset1=/home/runner/work/core/custom/assets/7/5/75414a13-6650-4189-adee-2e5ab00e7f9f/fileAsset1/test_binary1688602893400.jpg, title=blah, inode=75414a13-6650-4189-adee-2e5ab00e7f9f, __IS_NEW_CONTENT__=true, disabledWYSIWYG=[], host=48190c8c-42c4-46af-8d1a-0cd5db894797, stInode=f47482da-d68c-4930-b380-bf517ad49cc0, owner=system, identifier=36ee29f8-8f4f-4b9f-a29b-5967f9ebd94b, nullProperties=[], languageId=1, image1=08223ee9-4e56-4204-a956-cd401da3be04, folder=SYSTEM_FOLDER, __disable_workflow__=true, sortOrder=0, modUser=system},lowIndexPriority=false,variantId=DEFAULT], parent=demo.dotcms.com, expectedName='test_binary1688602893400.jpg:test_binary1688602893400.png', expectedType='MultipleBinaries1688602891820'}]" classname="com.dotmarketing.business.DeterministicIdentifierAPITest" time="0.004"/>
  <testcase name="Test_Asset_Generate_Deterministic_Id_Best_Effort[5: TestCase{versionable=name8f86e5685d : keyTag8f86e5685d, parent=my.host1688602890633.com, expectedName='keyTag8f86e5685d', expectedType='persona'}]" classname="com.dotmarketing.business.DeterministicIdentifierAPITest" time="0.003"/>
  <testcase name="Test_Similar_Content_Type_Wont_Clash" classname="com.dotmarketing.business.DeterministicIdentifierAPITest" time="0.542"/>
  <testcase name="Test_Generate_Folder_Identifier" classname="com.dotmarketing.business.DeterministicIdentifierAPITest" time="0.706"/>
  <testcase name="Test_Generate_Content_Type_Identifier[0: ContentTypeTestCase{contentType=KeyValueContentType{name=Language Variable, id=f4d7c1b8-2c88-4071-abf1-a5328977b07d, description=Default Content Type for Language Variables, defaultType=false, fixed=true, iDate=Thu Aug 31 16:38:49 UTC 2017, system=true, versionable=true, variable=Languagevariable, modDate=Wed Jul 05 23:11:01 UTC 2023, host=SYSTEM_HOST, siteName=systemHost, icon=language, sortOrder=0, folder=SYSTEM_FOLDER, folderPath=/, markedForDeletion=true, multilingualable=false}, expectedName='Languagevariable', expectedType='KeyValue'}]" classname="com.dotmarketing.business.DeterministicIdentifierAPITest" time="0.006"/>
  <testcase name="Test_Generate_Content_Type_Identifier[1: ContentTypeTestCase{contentType=SimpleContentType{name=testName1688602893960, id=79b0cd20-0700-47f6-a48b-9376776ec124, description=testDescription1688602893960, defaultType=false, fixed=false, iDate=Thu Jul 06 00:21:33 UTC 2023, system=false, versionable=true, multilingualable=false, variable=testVarname1688602893960, owner=system, modDate=Thu Jul 06 00:21:35 UTC 2023, host=48190c8c-42c4-46af-8d1a-0cd5db894797, siteName=demo.dotcms.com, icon=event_note, sortOrder=0, folder=SYSTEM_FOLDER, folderPath=/, requiredFields=[], markedForDeletion=false}, expectedName='testVarname1688602893960', expectedType='CONTENT'}]" classname="com.dotmarketing.business.DeterministicIdentifierAPITest" time="0.007"/>
  <system-out><![CDATA[]]></system-out>
  <system-err><![CDATA[]]></system-err>
</testsuite>
