<?xml version="1.0" encoding="UTF-8"?>
<testsuite name="com.dotcms.rest.api.v1.vtl.VTLResourceIntegrationTest" tests="6" skipped="0" failures="0" errors="0" timestamp="2023-07-21T03:41:48" hostname="fv-az256-498" time="13.111">
  <properties/>
  <testcase name="testGet[0: com.dotcms.rest.api.v1.vtl.VTLResourceTestCase@5d6161e8]" classname="com.dotcms.rest.api.v1.vtl.VTLResourceIntegrationTest" time="1.424"/>
  <testcase name="testGet[1: com.dotcms.rest.api.v1.vtl.VTLResourceTestCase@6661ea67]" classname="com.dotcms.rest.api.v1.vtl.VTLResourceIntegrationTest" time="2.677"/>
  <testcase name="testGet[2: com.dotcms.rest.api.v1.vtl.VTLResourceTestCase@390eb8cb]" classname="com.dotcms.rest.api.v1.vtl.VTLResourceIntegrationTest" time="2.247"/>
  <testcase name="testGet[3: com.dotcms.rest.api.v1.vtl.VTLResourceTestCase@f231e09]" classname="com.dotcms.rest.api.v1.vtl.VTLResourceIntegrationTest" time="2.969"/>
  <testcase name="testGet[4: com.dotcms.rest.api.v1.vtl.VTLResourceTestCase@591b5024]" classname="com.dotcms.rest.api.v1.vtl.VTLResourceIntegrationTest" time="2.718"/>
  <testcase name="testGet[5: com.dotcms.rest.api.v1.vtl.VTLResourceTestCase@30c0bbb2]" classname="com.dotcms.rest.api.v1.vtl.VTLResourceIntegrationTest" time="1.075"/>
  <system-out><![CDATA[]]></system-out>
  <system-err><![CDATA[]]></system-err>
</testsuite>
