<?xml version="1.0" encoding="UTF-8"?>
<testsuite name="com.dotmarketing.factories.MultiTreeAPITest" tests="33" skipped="0" failures="0" errors="0" timestamp="2023-06-28T01:01:51" hostname="fv-az175-688" time="78.711">
  <properties/>
  <testcase name="shouldReplaceEnglishMultiTree" classname="com.dotmarketing.factories.MultiTreeAPITest" time="2.282"/>
  <testcase name="shouldReplaceVariantAndPersonalizationMultiTree" classname="com.dotmarketing.factories.MultiTreeAPITest" time="2.564"/>
  <testcase name="shouldReplaceAllMultiTree" classname="com.dotmarketing.factories.MultiTreeAPITest" time="1.461"/>
  <testcase name="testMultiTreeForContainerStructure" classname="com.dotmarketing.factories.MultiTreeAPITest" time="0.015"/>
  <testcase name="testCleanUpUnusedPersonalization" classname="com.dotmarketing.factories.MultiTreeAPITest" time="1.409"/>
  <testcase name="testSaveMultiTree" classname="com.dotmarketing.factories.MultiTreeAPITest" time="0.005"/>
  <testcase name="testEmptyContainersInDrawedTemplate" classname="com.dotmarketing.factories.MultiTreeAPITest" time="25.568"/>
  <testcase name="testEmptyContainersInAdvancedTemplate" classname="com.dotmarketing.factories.MultiTreeAPITest" time="23.853"/>
  <testcase name="saveUpdateMultiTree" classname="com.dotmarketing.factories.MultiTreeAPITest" time="0.685"/>
  <testcase name="testGetMultiTreesByPersonalizedPage" classname="com.dotmarketing.factories.MultiTreeAPITest" time="0.079"/>
  <testcase name="after_override_multitrees_should_keep_other_pages_contentlet_references" classname="com.dotmarketing.factories.MultiTreeAPITest" time="2.218"/>
  <testcase name="getMultiTreesByVariantWithFallback" classname="com.dotmarketing.factories.MultiTreeAPITest" time="1.626"/>
  <testcase name="testMultiTreesSaveWithEmpty" classname="com.dotmarketing.factories.MultiTreeAPITest" time="0.009"/>
  <testcase name="test_personalize_page_respects_max_contentlet_value_per_persona" classname="com.dotmarketing.factories.MultiTreeAPITest" time="0.623"/>
  <testcase name="copyMultiTreeToNewVariant" classname="com.dotmarketing.factories.MultiTreeAPITest" time="1.789"/>
  <testcase name="savaDifferent" classname="com.dotmarketing.factories.MultiTreeAPITest" time="0.872"/>
  <testcase name="testMultiTreesSavingWithPersonalizationForPage" classname="com.dotmarketing.factories.MultiTreeAPITest" time="0.021"/>
  <testcase name="deleteMultiTreeByPageAndVariant" classname="com.dotmarketing.factories.MultiTreeAPITest" time="3.42"/>
  <testcase name="testDoesPageContentsHaveContainer_no_prefix" classname="com.dotmarketing.factories.MultiTreeAPITest" time="0.001"/>
  <testcase name="multiTreesByVariant" classname="com.dotmarketing.factories.MultiTreeAPITest" time="2.603"/>
  <testcase name="shouldReplaceVariantMultiTree" classname="com.dotmarketing.factories.MultiTreeAPITest" time="2.039"/>
  <testcase name="testReorderWithVariant" classname="com.dotmarketing.factories.MultiTreeAPITest" time="0.095"/>
  <testcase name="testReorder" classname="com.dotmarketing.factories.MultiTreeAPITest" time="0.072"/>
  <testcase name="testDoesPageContentsHaveContainer_with_prefix" classname="com.dotmarketing.factories.MultiTreeAPITest" time="0.0"/>
  <testcase name="testGetPageMultiTrees" classname="com.dotmarketing.factories.MultiTreeAPITest" time="1.415"/>
  <testcase name="testLegacyMultiTreeSave" classname="com.dotmarketing.factories.MultiTreeAPITest" time="0.006"/>
  <testcase name="findByChild" classname="com.dotmarketing.factories.MultiTreeAPITest" time="0.045"/>
  <testcase name="testDeletes" classname="com.dotmarketing.factories.MultiTreeAPITest" time="0.075"/>
  <testcase name="testMultiTreesSave" classname="com.dotmarketing.factories.MultiTreeAPITest" time="0.006"/>
  <testcase name="testMultiTreesSaveAndPersonalizationForPage" classname="com.dotmarketing.factories.MultiTreeAPITest" time="1.392"/>
  <testcase name="testMultiTreesSaveDeleting" classname="com.dotmarketing.factories.MultiTreeAPITest" time="0.008"/>
  <testcase name="getMultiTreesByVariant" classname="com.dotmarketing.factories.MultiTreeAPITest" time="1.578"/>
  <testcase name="test_overridesMultitreesByPersonalization_AddContentTwiceDiffLangEditing_throwException" classname="com.dotmarketing.factories.MultiTreeAPITest" time="0.869"/>
  <system-out><![CDATA[]]></system-out>
  <system-err><![CDATA[]]></system-err>
</testsuite>
