<?xml version="1.0" encoding="UTF-8"?>
<testsuite name="com.dotmarketing.servlets.ajax.AjaxDirectorServletIntegrationTest" tests="2" skipped="0" failures="0" errors="0" timestamp="2023-07-10T22:10:01" hostname="fv-az812-782" time="1.554">
  <properties/>
  <testcase name="testService[0: com.dotmarketing.servlets.ajax.AjaxDirectorServletTestCase@7d419af5]" classname="com.dotmarketing.servlets.ajax.AjaxDirectorServletIntegrationTest" time="0.942"/>
  <testcase name="testService[1: com.dotmarketing.servlets.ajax.AjaxDirectorServletTestCase@790ff394]" classname="com.dotmarketing.servlets.ajax.AjaxDirectorServletIntegrationTest" time="0.612"/>
  <system-out><![CDATA[]]></system-out>
  <system-err><![CDATA[]]></system-err>
</testsuite>
