<?xml version="1.0" encoding="UTF-8"?>
<testsuite name="com.dotmarketing.startup.runonce.Task220928AddLookbackWindowColumnToExperimentTest" tests="1" skipped="0" failures="0" errors="0" timestamp="2023-06-28T00:54:15" hostname="fv-az313-98" time="0.017">
  <properties/>
  <testcase name="testExecuteUpgrade" classname="com.dotmarketing.startup.runonce.Task220928AddLookbackWindowColumnToExperimentTest" time="0.017"/>
  <system-out><![CDATA[]]></system-out>
  <system-err><![CDATA[]]></system-err>
</testsuite>
