<?xml version="1.0" encoding="UTF-8"?>
<testsuite name="com.dotcms.rendering.velocity.viewtools.JSONToolTest" tests="6" skipped="0" failures="0" errors="0" timestamp="2023-07-19T17:24:28" hostname="fv-az400-396" time="0.007">
  <properties/>
  <testcase name="test_Generate_empty_list" classname="com.dotcms.rendering.velocity.viewtools.JSONToolTest" time="0.002"/>
  <testcase name="test_Generate_list_plain_map" classname="com.dotcms.rendering.velocity.viewtools.JSONToolTest" time="0.002"/>
  <testcase name="test_Generate_list_inner_map" classname="com.dotcms.rendering.velocity.viewtools.JSONToolTest" time="0.001"/>
  <testcase name="test_Generate_inner_Map" classname="com.dotcms.rendering.velocity.viewtools.JSONToolTest" time="0.001"/>
  <testcase name="test_Generate_dirty_Map" classname="com.dotcms.rendering.velocity.viewtools.JSONToolTest" time="0.0"/>
  <testcase name="test_Generate_simple_Map" classname="com.dotcms.rendering.velocity.viewtools.JSONToolTest" time="0.001"/>
  <system-out><![CDATA[]]></system-out>
  <system-err><![CDATA[]]></system-err>
</testsuite>
