<?xml version="1.0" encoding="UTF-8"?>
<testsuite name="com.dotmarketing.servlets.ajax.AjaxDirectorServletIntegrationTest" tests="2" skipped="0" failures="0" errors="0" timestamp="2023-07-19T18:51:11" hostname="fv-az615-953" time="6.523">
  <properties/>
  <testcase name="testService[0: com.dotmarketing.servlets.ajax.AjaxDirectorServletTestCase@3799bf9]" classname="com.dotmarketing.servlets.ajax.AjaxDirectorServletIntegrationTest" time="2.465"/>
  <testcase name="testService[1: com.dotmarketing.servlets.ajax.AjaxDirectorServletTestCase@19982f7a]" classname="com.dotmarketing.servlets.ajax.AjaxDirectorServletIntegrationTest" time="4.058"/>
  <system-out><![CDATA[]]></system-out>
  <system-err><![CDATA[]]></system-err>
</testsuite>
