<?xml version="1.0" encoding="UTF-8"?>
<testsuite name="com.dotcms.rest.elasticsearch.ESContentResourcePortletTest" tests="8" skipped="0" failures="0" errors="0" timestamp="2023-07-19T15:36:43" hostname="fv-az218-51" time="9.921">
  <properties/>
  <testcase name="test_search_includeGrandChildCategory_success" classname="com.dotcms.rest.elasticsearch.ESContentResourcePortletTest" time="2.581"/>
  <testcase name="testSearch[0: com.dotcms.rest.elasticsearch.ESContentResourcePortletTest$TestCase@6173da8a]" classname="com.dotcms.rest.elasticsearch.ESContentResourcePortletTest" time="1.073"/>
  <testcase name="testSearch[1: com.dotcms.rest.elasticsearch.ESContentResourcePortletTest$TestCase@187dcf33]" classname="com.dotcms.rest.elasticsearch.ESContentResourcePortletTest" time="1.365"/>
  <testcase name="testSearch[2: com.dotcms.rest.elasticsearch.ESContentResourcePortletTest$TestCase@70909df4]" classname="com.dotcms.rest.elasticsearch.ESContentResourcePortletTest" time="1.022"/>
  <testcase name="testSearch[3: com.dotcms.rest.elasticsearch.ESContentResourcePortletTest$TestCase@6844e8f3]" classname="com.dotcms.rest.elasticsearch.ESContentResourcePortletTest" time="0.321"/>
  <testcase name="testSearch[4: com.dotcms.rest.elasticsearch.ESContentResourcePortletTest$TestCase@171cc8fb]" classname="com.dotcms.rest.elasticsearch.ESContentResourcePortletTest" time="1.373"/>
  <testcase name="testSearch[5: com.dotcms.rest.elasticsearch.ESContentResourcePortletTest$TestCase@61ee897c]" classname="com.dotcms.rest.elasticsearch.ESContentResourcePortletTest" time="1.138"/>
  <testcase name="testSearch[6: com.dotcms.rest.elasticsearch.ESContentResourcePortletTest$TestCase@1565c788]" classname="com.dotcms.rest.elasticsearch.ESContentResourcePortletTest" time="1.048"/>
  <system-out><![CDATA[]]></system-out>
  <system-err><![CDATA[]]></system-err>
</testsuite>
