<?xml version="1.0" encoding="UTF-8"?>
<testsuite name="com.dotcms.contenttype.test.ContentResourceTest" tests="52" skipped="0" failures="0" errors="0" timestamp="2023-07-03T16:57:04" hostname="fv-az218-411" time="149.505">
  <properties/>
  <testcase name="testGetContentShouldReturnIconDetails" classname="com.dotcms.contenttype.test.ContentResourceTest" time="1.629"/>
  <testcase name="Test_Save_Action_Set_Words_To_Required_NumericField_Issue_15340" classname="com.dotcms.contenttype.test.ContentResourceTest" time="0.964"/>
  <testcase name="test_getContent_includeGrandChildCategory_success" classname="com.dotcms.contenttype.test.ContentResourceTest" time="1.407"/>
  <testcase name="testGetContentWithRelatedParameter[0: com.dotcms.contenttype.test.ContentResourceTest$PullRelatedTestCase@1c4d88c2]" classname="com.dotcms.contenttype.test.ContentResourceTest" time="4.362"/>
  <testcase name="testGetContentWithRelatedParameter[1: com.dotcms.contenttype.test.ContentResourceTest$PullRelatedTestCase@3824fd63]" classname="com.dotcms.contenttype.test.ContentResourceTest" time="4.001"/>
  <testcase name="testGetContentWithRelatedParameter[2: com.dotcms.contenttype.test.ContentResourceTest$PullRelatedTestCase@69d4706b]" classname="com.dotcms.contenttype.test.ContentResourceTest" time="2.931"/>
  <testcase name="testGetContentWithRelatedParameter[3: com.dotcms.contenttype.test.ContentResourceTest$PullRelatedTestCase@2ab437f7]" classname="com.dotcms.contenttype.test.ContentResourceTest" time="3.83"/>
  <testcase name="testGetContentWithRelatedParameter[4: com.dotcms.contenttype.test.ContentResourceTest$PullRelatedTestCase@5a4fb1fb]" classname="com.dotcms.contenttype.test.ContentResourceTest" time="3.891"/>
  <testcase name="test_getContent_SelfRelatedWith3LevelsOfDepth_shouldReturnRelationships" classname="com.dotcms.contenttype.test.ContentResourceTest" time="1.49"/>
  <testcase name="Test_Save_Action_Send_Fields_SubSet_Issue_15340" classname="com.dotcms.contenttype.test.ContentResourceTest" time="2.932"/>
  <testcase name="test_getContent_shouldReturnRelationships[0: com.dotcms.contenttype.test.ContentResourceTest$TestCase@451f9034]" classname="com.dotcms.contenttype.test.ContentResourceTest" time="3.079"/>
  <testcase name="test_getContent_shouldReturnRelationships[1: com.dotcms.contenttype.test.ContentResourceTest$TestCase@f82f7d4]" classname="com.dotcms.contenttype.test.ContentResourceTest" time="3.297"/>
  <testcase name="test_getContent_shouldReturnRelationships[2: com.dotcms.contenttype.test.ContentResourceTest$TestCase@482725c]" classname="com.dotcms.contenttype.test.ContentResourceTest" time="3.378"/>
  <testcase name="test_getContent_shouldReturnRelationships[3: com.dotcms.contenttype.test.ContentResourceTest$TestCase@2365db5e]" classname="com.dotcms.contenttype.test.ContentResourceTest" time="3.269"/>
  <testcase name="test_getContent_shouldReturnRelationships[4: com.dotcms.contenttype.test.ContentResourceTest$TestCase@1ac27136]" classname="com.dotcms.contenttype.test.ContentResourceTest" time="3.387"/>
  <testcase name="test_getContent_shouldReturnRelationships[5: com.dotcms.contenttype.test.ContentResourceTest$TestCase@2e619ed]" classname="com.dotcms.contenttype.test.ContentResourceTest" time="3.196"/>
  <testcase name="test_getContent_shouldReturnRelationships[6: com.dotcms.contenttype.test.ContentResourceTest$TestCase@15e19b7f]" classname="com.dotcms.contenttype.test.ContentResourceTest" time="3.308"/>
  <testcase name="test_getContent_shouldReturnRelationships[7: com.dotcms.contenttype.test.ContentResourceTest$TestCase@18530db6]" classname="com.dotcms.contenttype.test.ContentResourceTest" time="3.327"/>
  <testcase name="test_getContent_shouldReturnRelationships[8: com.dotcms.contenttype.test.ContentResourceTest$TestCase@1111844b]" classname="com.dotcms.contenttype.test.ContentResourceTest" time="3.38"/>
  <testcase name="test_getContent_shouldReturnRelationships[9: com.dotcms.contenttype.test.ContentResourceTest$TestCase@230adef5]" classname="com.dotcms.contenttype.test.ContentResourceTest" time="3.447"/>
  <testcase name="test_getContent_shouldReturnRelationships[10: com.dotcms.contenttype.test.ContentResourceTest$TestCase@3a298388]" classname="com.dotcms.contenttype.test.ContentResourceTest" time="3.11"/>
  <testcase name="test_getContent_shouldReturnRelationships[11: com.dotcms.contenttype.test.ContentResourceTest$TestCase@3a9707c6]" classname="com.dotcms.contenttype.test.ContentResourceTest" time="2.956"/>
  <testcase name="test_getContent_shouldReturnRelationships[12: com.dotcms.contenttype.test.ContentResourceTest$TestCase@2739ff03]" classname="com.dotcms.contenttype.test.ContentResourceTest" time="2.953"/>
  <testcase name="test_getContent_shouldReturnRelationships[13: com.dotcms.contenttype.test.ContentResourceTest$TestCase@52b17067]" classname="com.dotcms.contenttype.test.ContentResourceTest" time="2.969"/>
  <testcase name="test_getContent_shouldReturnRelationships[14: com.dotcms.contenttype.test.ContentResourceTest$TestCase@24f28c7a]" classname="com.dotcms.contenttype.test.ContentResourceTest" time="2.855"/>
  <testcase name="test_getContent_shouldReturnRelationships[15: com.dotcms.contenttype.test.ContentResourceTest$TestCase@26591615]" classname="com.dotcms.contenttype.test.ContentResourceTest" time="4.177"/>
  <testcase name="test_getContent_shouldReturnRelationships[16: com.dotcms.contenttype.test.ContentResourceTest$TestCase@4e70343a]" classname="com.dotcms.contenttype.test.ContentResourceTest" time="4.06"/>
  <testcase name="test_getContent_shouldReturnRelationships[17: com.dotcms.contenttype.test.ContentResourceTest$TestCase@179b57db]" classname="com.dotcms.contenttype.test.ContentResourceTest" time="2.206"/>
  <testcase name="test_getContent_shouldReturnRelationships[18: com.dotcms.contenttype.test.ContentResourceTest$TestCase@27ba980e]" classname="com.dotcms.contenttype.test.ContentResourceTest" time="3.388"/>
  <testcase name="test_getContent_shouldReturnRelationships[19: com.dotcms.contenttype.test.ContentResourceTest$TestCase@49bddb52]" classname="com.dotcms.contenttype.test.ContentResourceTest" time="2.321"/>
  <testcase name="test_getContent_shouldReturnRelationships[20: com.dotcms.contenttype.test.ContentResourceTest$TestCase@623e7bb]" classname="com.dotcms.contenttype.test.ContentResourceTest" time="3.513"/>
  <testcase name="test_getContent_shouldReturnRelationships[21: com.dotcms.contenttype.test.ContentResourceTest$TestCase@4bcb4d2b]" classname="com.dotcms.contenttype.test.ContentResourceTest" time="2.797"/>
  <testcase name="test_getContent_shouldReturnRelationships[22: com.dotcms.contenttype.test.ContentResourceTest$TestCase@38c2c6b4]" classname="com.dotcms.contenttype.test.ContentResourceTest" time="3.167"/>
  <testcase name="test_getContent_shouldReturnRelationships[23: com.dotcms.contenttype.test.ContentResourceTest$TestCase@1f02fdb5]" classname="com.dotcms.contenttype.test.ContentResourceTest" time="3.366"/>
  <testcase name="test_getContent_shouldReturnRelationships[24: com.dotcms.contenttype.test.ContentResourceTest$TestCase@605dfd1]" classname="com.dotcms.contenttype.test.ContentResourceTest" time="2.307"/>
  <testcase name="test_getContent_shouldReturnRelationships[25: com.dotcms.contenttype.test.ContentResourceTest$TestCase@1736682f]" classname="com.dotcms.contenttype.test.ContentResourceTest" time="3.345"/>
  <testcase name="test_getContent_shouldReturnRelationships[26: com.dotcms.contenttype.test.ContentResourceTest$TestCase@396feb1b]" classname="com.dotcms.contenttype.test.ContentResourceTest" time="3.485"/>
  <testcase name="test_getContent_shouldReturnRelationships[27: com.dotcms.contenttype.test.ContentResourceTest$TestCase@318856d6]" classname="com.dotcms.contenttype.test.ContentResourceTest" time="2.434"/>
  <testcase name="test_getContent_shouldReturnRelationships[28: com.dotcms.contenttype.test.ContentResourceTest$TestCase@195bfc61]" classname="com.dotcms.contenttype.test.ContentResourceTest" time="2.17"/>
  <testcase name="test_getContent_shouldReturnRelationships[29: com.dotcms.contenttype.test.ContentResourceTest$TestCase@3d089875]" classname="com.dotcms.contenttype.test.ContentResourceTest" time="3.268"/>
  <testcase name="test_getContent_shouldReturnRelationships[30: com.dotcms.contenttype.test.ContentResourceTest$TestCase@7b799bfc]" classname="com.dotcms.contenttype.test.ContentResourceTest" time="3.089"/>
  <testcase name="test_getContent_shouldReturnRelationships[31: com.dotcms.contenttype.test.ContentResourceTest$TestCase@8344ca3]" classname="com.dotcms.contenttype.test.ContentResourceTest" time="3.054"/>
  <testcase name="test_getContent_shouldReturnRelationships[32: com.dotcms.contenttype.test.ContentResourceTest$TestCase@4e4a0130]" classname="com.dotcms.contenttype.test.ContentResourceTest" time="4.381"/>
  <testcase name="test_getContent_shouldReturnRelationships[33: com.dotcms.contenttype.test.ContentResourceTest$TestCase@37f8e3bc]" classname="com.dotcms.contenttype.test.ContentResourceTest" time="4.124"/>
  <testcase name="testSinglePOST_InvalidParamsShouldReturn400[0: ({\n    &quot;stInode&quot; : &quot;InvalidValue&quot;,\n    &quot;numeric&quot; : &quot;0&quot;,\n    &quot;image&quot; : &quot;whatever&quot;\n}, Bad Request)]" classname="com.dotcms.contenttype.test.ContentResourceTest" time="0.926"/>
  <testcase name="testSinglePOST_InvalidParamsShouldReturn400[1: ({\n    &quot;numeric&quot; : &quot;0&quot;,\n    &quot;image&quot; : &quot;whatever&quot;\n}, Bad Request)]" classname="com.dotcms.contenttype.test.ContentResourceTest" time="0.9"/>
  <testcase name="Test_Save_Action_Set_Null_To_Required_NumericField_Issue_15340" classname="com.dotcms.contenttype.test.ContentResourceTest" time="0.967"/>
  <testcase name="Test_Save_Action_Remove_Image_Then_Verify_Fields_Were_Cleared_Issue_15340" classname="com.dotcms.contenttype.test.ContentResourceTest" time="4.041"/>
  <testcase name="test_getContentWithMultipleSelfRelated_shouldReturnRelationships[0: com.dotcms.contenttype.test.ContentResourceTest$PullSelfRelatedTestCase@2a122d2e]" classname="com.dotcms.contenttype.test.ContentResourceTest" time="1.8"/>
  <testcase name="test_getContentWithMultipleSelfRelated_shouldReturnRelationships[1: com.dotcms.contenttype.test.ContentResourceTest$PullSelfRelatedTestCase@34cffadd]" classname="com.dotcms.contenttype.test.ContentResourceTest" time="1.722"/>
  <testcase name="testGetContentWithAllCategoriesInfo[0: json]" classname="com.dotcms.contenttype.test.ContentResourceTest" time="1.518"/>
  <testcase name="testGetContentWithAllCategoriesInfo[1: xml]" classname="com.dotcms.contenttype.test.ContentResourceTest" time="1.625"/>
  <system-out><![CDATA[











]]></system-out>
  <system-err><![CDATA[]]></system-err>
</testsuite>
