<?xml version="1.0" encoding="UTF-8"?>
<testsuite name="com.dotmarketing.business.IdentifierCacheImplTest" tests="2" skipped="0" failures="0" errors="0" timestamp="2023-07-14T15:47:02" hostname="fv-az627-249" time="0.007">
  <properties/>
  <testcase name="addIntoCacheWithVariant" classname="com.dotmarketing.business.IdentifierCacheImplTest" time="0.002"/>
  <testcase name="addIntoCache" classname="com.dotmarketing.business.IdentifierCacheImplTest" time="0.005"/>
  <system-out><![CDATA[]]></system-out>
  <system-err><![CDATA[]]></system-err>
</testsuite>
