<?xml version="1.0" encoding="UTF-8"?>
<testsuite name="com.dotcms.rest.elasticsearch.ESContentResourcePortletTest" tests="8" skipped="0" failures="0" errors="0" timestamp="2023-07-15T00:29:31" hostname="fv-az617-846" time="7.757">
  <properties/>
  <testcase name="test_search_includeGrandChildCategory_success" classname="com.dotcms.rest.elasticsearch.ESContentResourcePortletTest" time="1.391"/>
  <testcase name="testSearch[0: com.dotcms.rest.elasticsearch.ESContentResourcePortletTest$TestCase@8ea6282]" classname="com.dotcms.rest.elasticsearch.ESContentResourcePortletTest" time="0.953"/>
  <testcase name="testSearch[1: com.dotcms.rest.elasticsearch.ESContentResourcePortletTest$TestCase@7573d1b4]" classname="com.dotcms.rest.elasticsearch.ESContentResourcePortletTest" time="0.217"/>
  <testcase name="testSearch[2: com.dotcms.rest.elasticsearch.ESContentResourcePortletTest$TestCase@45cae716]" classname="com.dotcms.rest.elasticsearch.ESContentResourcePortletTest" time="0.937"/>
  <testcase name="testSearch[3: com.dotcms.rest.elasticsearch.ESContentResourcePortletTest$TestCase@7cfbdaa1]" classname="com.dotcms.rest.elasticsearch.ESContentResourcePortletTest" time="1.218"/>
  <testcase name="testSearch[4: com.dotcms.rest.elasticsearch.ESContentResourcePortletTest$TestCase@27de49ce]" classname="com.dotcms.rest.elasticsearch.ESContentResourcePortletTest" time="1.209"/>
  <testcase name="testSearch[5: com.dotcms.rest.elasticsearch.ESContentResourcePortletTest$TestCase@4ccbc2f0]" classname="com.dotcms.rest.elasticsearch.ESContentResourcePortletTest" time="0.904"/>
  <testcase name="testSearch[6: com.dotcms.rest.elasticsearch.ESContentResourcePortletTest$TestCase@5e2b7e28]" classname="com.dotcms.rest.elasticsearch.ESContentResourcePortletTest" time="0.927"/>
  <system-out><![CDATA[]]></system-out>
  <system-err><![CDATA[]]></system-err>
</testsuite>
