<?xml version="1.0" encoding="UTF-8"?>
<testsuite name="com.dotmarketing.business.DeterministicIdentifierAPITest" tests="16" skipped="0" failures="0" errors="0" timestamp="2023-06-22T20:35:57" hostname="fv-az456-887" time="1.103">
  <properties/>
  <testcase name="Test_Category_Path_Seed_And_Id" classname="com.dotmarketing.business.DeterministicIdentifierAPITest" time="0.038"/>
  <testcase name="Test_Language_Deterministic_Id[0: LanguageTestCase{expectedSeed='Language:es:US', expectedHash=4913155, langCode='es', countryCode='US', country='United States'}]" classname="com.dotmarketing.business.DeterministicIdentifierAPITest" time="0.002"/>
  <testcase name="Test_Language_Deterministic_Id[1: LanguageTestCase{expectedSeed='Language:ep:', expectedHash=5292269, langCode='ep', countryCode='', country=''}]" classname="com.dotmarketing.business.DeterministicIdentifierAPITest" time="0.001"/>
  <testcase name="Test_Language_Deterministic_Id[2: LanguageTestCase{expectedSeed='Language:sg:SAG', expectedHash=4713118, langCode='sg', countryCode='SAG', country=''}]" classname="com.dotmarketing.business.DeterministicIdentifierAPITest" time="0.001"/>
  <testcase name="Test_Language_Deterministic_Id[3: LanguageTestCase{expectedSeed='Language:en:NZ', expectedHash=5382528, langCode='en', countryCode='NZ', country='New Zealand'}]" classname="com.dotmarketing.business.DeterministicIdentifierAPITest" time="0.001"/>
  <testcase name="Test_Category_None_Persisted_Category_Should_Return_Deterministic_Id" classname="com.dotmarketing.business.DeterministicIdentifierAPITest" time="0.001"/>
  <testcase name="Test_Asset_Generate_Deterministic_Id_Best_Effort[0: TestCase{versionable=my.host1687459552342.com, parent=System Host, expectedName='my.host1687459552342.com', expectedType='Host'}]" classname="com.dotmarketing.business.DeterministicIdentifierAPITest" time="0.006"/>
  <testcase name="Test_Asset_Generate_Deterministic_Id_Best_Effort[1: TestCase{versionable=com.dotmarketing.portlets.contentlet.model.Contentlet@7cc3a5c1[map={modDate=2023-06-22 18:45:53.213, fileName=file6147622785183427982.txt, title=file6147622785183427982.txt, inode=29e60431-b13e-453b-8773-172e5404d069, __IS_NEW_CONTENT__=true, disabledWYSIWYG=[], host=f3e99a18-f16c-4182-9c24-b40410e5116b, stInode=33888b6f-7a8e-4069-b1b6-5c1aa9d0a48d, owner=system, identifier=9533e779-4cb3-416d-bc02-cc3e480f29ba, nullProperties=[wfExpireDate, wfPublishDate, wfActionAssign, wfActionId, wfActionComments, filterKey, whereToSend, wfNeverExpire, _path_to_move, timezoneId, iWantTo, wfPublishTime, wfExpireTime], languageId=1, fileAsset=/home/runner/work/core/custom/assets/2/9/29e60431-b13e-453b-8773-172e5404d069/fileAsset/file6147622785183427982.txt, folder=d85569e6-fe54-41c5-975c-8aad2c9c1710, __disable_workflow__=true, sortOrder=0, modUser=system},lowIndexPriority=false,variantId=DEFAULT], parent=com.dotmarketing.portlets.folders.model.Folder@5966392a[identifier=d85569e6-fe54-41c5-975c-8aad2c9c1710,name=testName1687459553191,sortOrder=0,showOnMenu=false,hostId=f3e99a18-f16c-4182-9c24-b40410e5116b,type=folder,title=testTitle1687459553191,filesMasks=,defaultFileType=33888b6f-7a8e-4069-b1b6-5c1aa9d0a48d,modDate=2023-06-22 18:45:53.2,owner=&lt;null&gt;,iDate=2023-06-22 18:45:53.2,inode=d85569e6-fe54-41c5-975c-8aad2c9c1710,path=/testName1687459553191/], expectedName='file6147622785183427982.txt', expectedType='FileAsset'}]" classname="com.dotmarketing.business.DeterministicIdentifierAPITest" time="0.005"/>
  <testcase name="Test_Asset_Generate_Deterministic_Id_Best_Effort[2: TestCase{versionable=com.dotmarketing.portlets.templates.model.Template@4adea55a, parent=my.host1687459552342.com, expectedName='testTitle1687459553332', expectedType='Template'}]" classname="com.dotmarketing.business.DeterministicIdentifierAPITest" time="0.003"/>
  <testcase name="Test_Asset_Generate_Deterministic_Id_Best_Effort[3: TestCase{versionable=com.dotmarketing.portlets.htmlpageasset.model.HTMLPageAsset@7b9c1d5f[map={template=a71b63c7-90d8-4ff0-ba3b-8145b722f883, owner=system, identifier=c3011f41-4167-432e-bd7e-8d52c6208150, nullProperties=[wfExpireDate, wfPublishDate, wfActionAssign, wfActionId, wfActionComments, filterKey, whereToSend, wfNeverExpire, _path_to_move, timezoneId, iWantTo, wfPublishTime, wfExpireTime], modDate=2023-06-22 18:45:53.379, cachettl=0, _is_test_mode=true, languageId=1, title=test-page-title-1687459553366, httpsreq=, url=test-page-url-1687459553366, showOnMenu=, inode=4cd9057e-3a80-4403-90ae-755ad16f1ef2, folder=d85569e6-fe54-41c5-975c-8aad2c9c1710, disabledWYSIWYG=[], sortOrder=1, modUser=system, host=f3e99a18-f16c-4182-9c24-b40410e5116b, stInode=c541abb1-69b3-4bc5-8430-5e09e5239cc8, friendlyName=test-page-friendly-name-1687459553366},lowIndexPriority=false,variantId=DEFAULT], parent=com.dotmarketing.portlets.folders.model.Folder@5966392a[identifier=d85569e6-fe54-41c5-975c-8aad2c9c1710,name=testName1687459553191,sortOrder=0,showOnMenu=false,hostId=f3e99a18-f16c-4182-9c24-b40410e5116b,type=folder,title=testTitle1687459553191,filesMasks=,defaultFileType=33888b6f-7a8e-4069-b1b6-5c1aa9d0a48d,modDate=2023-06-22 18:45:53.2,owner=&lt;null&gt;,iDate=2023-06-22 18:45:53.2,inode=d85569e6-fe54-41c5-975c-8aad2c9c1710,path=/testName1687459553191/], expectedName='test-page-url-1687459553366', expectedType='htmlpageasset'}]" classname="com.dotmarketing.business.DeterministicIdentifierAPITest" time="0.003"/>
  <testcase name="Test_Asset_Generate_Deterministic_Id_Best_Effort[4: TestCase{versionable=com.dotmarketing.portlets.contentlet.model.Contentlet@1c620b7e[map={fileAsset2=/home/runner/work/core/custom/assets/8/9/891690b3-82b4-4fc0-88b5-72a630d171fb/fileAsset2/test_binary1687459554158.png, modDate=2023-06-22 18:45:54.17, fileAsset1=/home/runner/work/core/custom/assets/8/9/891690b3-82b4-4fc0-88b5-72a630d171fb/fileAsset1/test_binary1687459554158.jpg, title=blah, inode=891690b3-82b4-4fc0-88b5-72a630d171fb, __IS_NEW_CONTENT__=true, disabledWYSIWYG=[], host=8a7d5e23-da1e-420a-b4f0-471e7da8ea2d, stInode=b3f746eb-640b-4bcc-9f1b-c7baa3a47154, owner=system, identifier=3482aa52-aed4-47ee-8f0d-72e1b08f54f5, nullProperties=[], languageId=1, image1=2382ae3c-2b42-4ab1-9459-6e1224f31c79, folder=SYSTEM_FOLDER, __disable_workflow__=true, sortOrder=0, modUser=system},lowIndexPriority=false,variantId=DEFAULT], parent=default, expectedName='test_binary1687459554158.jpg:test_binary1687459554158.png', expectedType='MultipleBinaries1687459553565'}]" classname="com.dotmarketing.business.DeterministicIdentifierAPITest" time="0.011"/>
  <testcase name="Test_Asset_Generate_Deterministic_Id_Best_Effort[5: TestCase{versionable=name1cbe872bf5 : keyTag1cbe872bf5, parent=my.host1687459552342.com, expectedName='keyTag1cbe872bf5', expectedType='persona'}]" classname="com.dotmarketing.business.DeterministicIdentifierAPITest" time="0.007"/>
  <testcase name="Test_Similar_Content_Type_Wont_Clash" classname="com.dotmarketing.business.DeterministicIdentifierAPITest" time="0.613"/>
  <testcase name="Test_Generate_Folder_Identifier" classname="com.dotmarketing.business.DeterministicIdentifierAPITest" time="0.392"/>
  <testcase name="Test_Generate_Content_Type_Identifier[0: ContentTypeTestCase{contentType=KeyValueContentType{name=Language Variable, id=f4d7c1b8-2c88-4071-abf1-a5328977b07d, description=Default Content Type for Language Variables, defaultType=false, fixed=true, iDate=Thu Aug 31 16:38:49 UTC 2017, system=true, versionable=true, variable=Languagevariable, modDate=Thu Jun 22 18:42:15 UTC 2023, host=SYSTEM_HOST, siteName=systemHost, icon=language, sortOrder=0, folder=SYSTEM_FOLDER, folderPath=/, markedForDeletion=false, multilingualable=false}, expectedName='Languagevariable', expectedType='KeyValue'}]" classname="com.dotmarketing.business.DeterministicIdentifierAPITest" time="0.008"/>
  <testcase name="Test_Generate_Content_Type_Identifier[1: ContentTypeTestCase{contentType=SimpleContentType{name=testName1687459554667, id=791b1baf-4832-4c90-9df0-30d182c1ae8e, description=testDescription1687459554667, defaultType=false, fixed=false, iDate=Thu Jun 22 18:45:54 UTC 2023, system=false, versionable=true, multilingualable=false, variable=testVarname1687459554667, owner=system, modDate=Thu Jun 22 18:45:55 UTC 2023, host=8a7d5e23-da1e-420a-b4f0-471e7da8ea2d, siteName=default, icon=event_note, sortOrder=0, folder=SYSTEM_FOLDER, folderPath=/, requiredFields=[], markedForDeletion=false}, expectedName='testVarname1687459554667', expectedType='CONTENT'}]" classname="com.dotmarketing.business.DeterministicIdentifierAPITest" time="0.006"/>
  <system-out><![CDATA[]]></system-out>
  <system-err><![CDATA[]]></system-err>
</testsuite>
