<?xml version="1.0" encoding="UTF-8"?>
<testsuite name="com.dotcms.rest.TagResourceIntegrationTest" tests="4" skipped="0" failures="0" errors="0" timestamp="2023-07-04T01:49:18" hostname="fv-az951-870" time="0.421">
  <properties/>
  <testcase name="testList[0: com.dotcms.rest.TagResourceTestCase@466dac9d]" classname="com.dotcms.rest.TagResourceIntegrationTest" time="0.312"/>
  <testcase name="testList[1: com.dotcms.rest.TagResourceTestCase@604817c9]" classname="com.dotcms.rest.TagResourceIntegrationTest" time="0.041"/>
  <testcase name="testList[2: com.dotcms.rest.TagResourceTestCase@267efc7d]" classname="com.dotcms.rest.TagResourceIntegrationTest" time="0.027"/>
  <testcase name="testList[3: com.dotcms.rest.TagResourceTestCase@1729cd30]" classname="com.dotcms.rest.TagResourceIntegrationTest" time="0.038"/>
  <system-out><![CDATA[]]></system-out>
  <system-err><![CDATA[Jul 04, 2023 1:49:18 AM com.dotcms.repackage.org.hibernate.validator.internal.util.Version <clinit>
INFO: HV000001: Hibernate Validator 4.3.2.Final
]]></system-err>
</testsuite>
