<?xml version="1.0" encoding="UTF-8"?>
<testsuite name="com.dotcms.rest.api.v1.vtl.VTLResourceIntegrationTest" tests="6" skipped="0" failures="0" errors="0" timestamp="2023-06-30T19:33:25" hostname="fv-az470-104" time="12.447">
  <properties/>
  <testcase name="testGet[0: com.dotcms.rest.api.v1.vtl.VTLResourceTestCase@48e6198b]" classname="com.dotcms.rest.api.v1.vtl.VTLResourceIntegrationTest" time="2.466"/>
  <testcase name="testGet[1: com.dotcms.rest.api.v1.vtl.VTLResourceTestCase@9620eca]" classname="com.dotcms.rest.api.v1.vtl.VTLResourceIntegrationTest" time="1.888"/>
  <testcase name="testGet[2: com.dotcms.rest.api.v1.vtl.VTLResourceTestCase@28636025]" classname="com.dotcms.rest.api.v1.vtl.VTLResourceIntegrationTest" time="2.109"/>
  <testcase name="testGet[3: com.dotcms.rest.api.v1.vtl.VTLResourceTestCase@1dcc9c6a]" classname="com.dotcms.rest.api.v1.vtl.VTLResourceIntegrationTest" time="2.029"/>
  <testcase name="testGet[4: com.dotcms.rest.api.v1.vtl.VTLResourceTestCase@659ef419]" classname="com.dotcms.rest.api.v1.vtl.VTLResourceIntegrationTest" time="1.894"/>
  <testcase name="testGet[5: com.dotcms.rest.api.v1.vtl.VTLResourceTestCase@7c93b23e]" classname="com.dotcms.rest.api.v1.vtl.VTLResourceIntegrationTest" time="2.06"/>
  <system-out><![CDATA[]]></system-out>
  <system-err><![CDATA[]]></system-err>
</testsuite>
