<?xml version="1.0" encoding="UTF-8"?>
<testsuite name="com.dotcms.rest.TagResourceIntegrationTest" tests="4" skipped="0" failures="0" errors="0" timestamp="2023-07-04T01:25:59" hostname="fv-az613-350" time="0.295">
  <properties/>
  <testcase name="testList[0: com.dotcms.rest.TagResourceTestCase@3b52a9eb]" classname="com.dotcms.rest.TagResourceIntegrationTest" time="0.233"/>
  <testcase name="testList[1: com.dotcms.rest.TagResourceTestCase@450f19a0]" classname="com.dotcms.rest.TagResourceIntegrationTest" time="0.022"/>
  <testcase name="testList[2: com.dotcms.rest.TagResourceTestCase@258395fd]" classname="com.dotcms.rest.TagResourceIntegrationTest" time="0.018"/>
  <testcase name="testList[3: com.dotcms.rest.TagResourceTestCase@1cde99d4]" classname="com.dotcms.rest.TagResourceIntegrationTest" time="0.022"/>
  <system-out><![CDATA[]]></system-out>
  <system-err><![CDATA[Jul 04, 2023 1:25:59 AM com.dotcms.repackage.org.hibernate.validator.internal.util.Version <clinit>
INFO: HV000001: Hibernate Validator 4.3.2.Final
]]></system-err>
</testsuite>
