<?xml version="1.0" encoding="UTF-8"?>
<testsuite name="com.dotmarketing.fixTasks.FixTask00085FixEmptyParentPathOnIdentifierTest" tests="1" skipped="0" failures="0" errors="0" timestamp="2023-07-13T16:24:48" hostname="fv-az621-935" time="0.116">
  <properties/>
  <testcase name="testExecuteFix" classname="com.dotmarketing.fixTasks.FixTask00085FixEmptyParentPathOnIdentifierTest" time="0.116"/>
  <system-out><![CDATA[]]></system-out>
  <system-err><![CDATA[]]></system-err>
</testsuite>
