<?xml version="1.0" encoding="UTF-8"?>
<testsuite name="com.dotcms.contenttype.test.ContentTypeFactoryImplTest" tests="24" skipped="0" failures="0" errors="0" timestamp="2023-07-19T19:42:03" hostname="fv-az407-374" time="120.101">
  <properties/>
  <testcase name="findUrlMappedByPageIdWithoutContentType" classname="com.dotcms.contenttype.test.ContentTypeFactoryImplTest" time="2.35"/>
  <testcase name="testSerialization" classname="com.dotcms.contenttype.test.ContentTypeFactoryImplTest" time="0.003"/>
  <testcase name="test_UpdateContentType_SetSortOrder" classname="com.dotcms.contenttype.test.ContentTypeFactoryImplTest" time="0.259"/>
  <testcase name="testFindAll" classname="com.dotcms.contenttype.test.ContentTypeFactoryImplTest" time="0.056"/>
  <testcase name="testDefaultType" classname="com.dotcms.contenttype.test.ContentTypeFactoryImplTest" time="0.002"/>
  <testcase name="findUrlMappedByPageId" classname="com.dotcms.contenttype.test.ContentTypeFactoryImplTest" time="1.644"/>
  <testcase name="testAddingContentTypes" classname="com.dotcms.contenttype.test.ContentTypeFactoryImplTest" time="13.672"/>
  <testcase name="test_UpdateContentType_SetIcon" classname="com.dotcms.contenttype.test.ContentTypeFactoryImplTest" time="0.287"/>
  <testcase name="searchCount" classname="com.dotcms.contenttype.test.ContentTypeFactoryImplTest" time="0.005"/>
  <testcase name="testFindMethodEquals" classname="com.dotcms.contenttype.test.ContentTypeFactoryImplTest" time="0.574"/>
  <testcase name="suggestVelocityVar" classname="com.dotcms.contenttype.test.ContentTypeFactoryImplTest" time="1.676"/>
  <testcase name="testAddingUpdatingDeleteing" classname="com.dotcms.contenttype.test.ContentTypeFactoryImplTest" time="96.008"/>
  <testcase name="testUpdatingContentTypes" classname="com.dotcms.contenttype.test.ContentTypeFactoryImplTest" time="0.005"/>
  <testcase name="testFieldsMethod" classname="com.dotcms.contenttype.test.ContentTypeFactoryImplTest" time="0.001"/>
  <testcase name="test_UpdateContentType_SetIconAndSortOrder" classname="com.dotcms.contenttype.test.ContentTypeFactoryImplTest" time="0.36"/>
  <testcase name="test_AddingContentType_SetIconAndSortOrder" classname="com.dotcms.contenttype.test.ContentTypeFactoryImplTest" time="0.345"/>
  <testcase name="Test_Mark_ContentTypeForDeletion" classname="com.dotcms.contenttype.test.ContentTypeFactoryImplTest" time="0.051"/>
  <testcase name="testDifferentContentTypes" classname="com.dotcms.contenttype.test.ContentTypeFactoryImplTest" time="1.018"/>
  <testcase name="testFindUrlMapped" classname="com.dotcms.contenttype.test.ContentTypeFactoryImplTest" time="0.003"/>
  <testcase name="test_AddingContentType_SetIcon" classname="com.dotcms.contenttype.test.ContentTypeFactoryImplTest" time="0.382"/>
  <testcase name="testSearch" classname="com.dotcms.contenttype.test.ContentTypeFactoryImplTest" time="0.69"/>
  <testcase name="testAddingContentType_withFieldVariables" classname="com.dotcms.contenttype.test.ContentTypeFactoryImplTest" time="0.341"/>
  <testcase name="findUrlMappedByPageIdWithNull" classname="com.dotcms.contenttype.test.ContentTypeFactoryImplTest" time="0.0"/>
  <testcase name="test_AddingContentType_SetSortOrder" classname="com.dotcms.contenttype.test.ContentTypeFactoryImplTest" time="0.358"/>
  <system-out><![CDATA[]]></system-out>
  <system-err><![CDATA[]]></system-err>
</testsuite>
