<?xml version="1.0" encoding="UTF-8"?>
<testsuite name="com.dotcms.rest.elasticsearch.ESContentResourcePortletTest" tests="8" skipped="0" failures="0" errors="0" timestamp="2023-06-28T20:25:00" hostname="fv-az577-630" time="10.944">
  <properties/>
  <testcase name="test_search_includeGrandChildCategory_success" classname="com.dotcms.rest.elasticsearch.ESContentResourcePortletTest" time="2.393"/>
  <testcase name="testSearch[0: com.dotcms.rest.elasticsearch.ESContentResourcePortletTest$TestCase@67ba64ec]" classname="com.dotcms.rest.elasticsearch.ESContentResourcePortletTest" time="1.151"/>
  <testcase name="testSearch[1: com.dotcms.rest.elasticsearch.ESContentResourcePortletTest$TestCase@10c60c7a]" classname="com.dotcms.rest.elasticsearch.ESContentResourcePortletTest" time="1.382"/>
  <testcase name="testSearch[2: com.dotcms.rest.elasticsearch.ESContentResourcePortletTest$TestCase@31ae6049]" classname="com.dotcms.rest.elasticsearch.ESContentResourcePortletTest" time="1.13"/>
  <testcase name="testSearch[3: com.dotcms.rest.elasticsearch.ESContentResourcePortletTest$TestCase@6345fb23]" classname="com.dotcms.rest.elasticsearch.ESContentResourcePortletTest" time="1.338"/>
  <testcase name="testSearch[4: com.dotcms.rest.elasticsearch.ESContentResourcePortletTest$TestCase@57ec7ea3]" classname="com.dotcms.rest.elasticsearch.ESContentResourcePortletTest" time="1.334"/>
  <testcase name="testSearch[5: com.dotcms.rest.elasticsearch.ESContentResourcePortletTest$TestCase@77691df8]" classname="com.dotcms.rest.elasticsearch.ESContentResourcePortletTest" time="1.141"/>
  <testcase name="testSearch[6: com.dotcms.rest.elasticsearch.ESContentResourcePortletTest$TestCase@35078774]" classname="com.dotcms.rest.elasticsearch.ESContentResourcePortletTest" time="1.074"/>
  <system-out><![CDATA[]]></system-out>
  <system-err><![CDATA[]]></system-err>
</testsuite>
