<?xml version="1.0" encoding="UTF-8"?>
<testsuite name="com.dotcms.rest.elasticsearch.ESContentResourcePortletTest" tests="8" skipped="0" failures="0" errors="0" timestamp="2023-07-05T22:56:59" hostname="fv-az614-79" time="8.594">
  <properties/>
  <testcase name="test_search_includeGrandChildCategory_success" classname="com.dotcms.rest.elasticsearch.ESContentResourcePortletTest" time="1.335"/>
  <testcase name="testSearch[0: com.dotcms.rest.elasticsearch.ESContentResourcePortletTest$TestCase@4a5660ff]" classname="com.dotcms.rest.elasticsearch.ESContentResourcePortletTest" time="0.893"/>
  <testcase name="testSearch[1: com.dotcms.rest.elasticsearch.ESContentResourcePortletTest$TestCase@6aef9d2e]" classname="com.dotcms.rest.elasticsearch.ESContentResourcePortletTest" time="1.263"/>
  <testcase name="testSearch[2: com.dotcms.rest.elasticsearch.ESContentResourcePortletTest$TestCase@134b6f5c]" classname="com.dotcms.rest.elasticsearch.ESContentResourcePortletTest" time="0.852"/>
  <testcase name="testSearch[3: com.dotcms.rest.elasticsearch.ESContentResourcePortletTest$TestCase@637050ed]" classname="com.dotcms.rest.elasticsearch.ESContentResourcePortletTest" time="1.278"/>
  <testcase name="testSearch[4: com.dotcms.rest.elasticsearch.ESContentResourcePortletTest$TestCase@1ad895e4]" classname="com.dotcms.rest.elasticsearch.ESContentResourcePortletTest" time="1.228"/>
  <testcase name="testSearch[5: com.dotcms.rest.elasticsearch.ESContentResourcePortletTest$TestCase@cc86d7c]" classname="com.dotcms.rest.elasticsearch.ESContentResourcePortletTest" time="0.881"/>
  <testcase name="testSearch[6: com.dotcms.rest.elasticsearch.ESContentResourcePortletTest$TestCase@4431c236]" classname="com.dotcms.rest.elasticsearch.ESContentResourcePortletTest" time="0.863"/>
  <system-out><![CDATA[]]></system-out>
  <system-err><![CDATA[]]></system-err>
</testsuite>
