<?xml version="1.0" encoding="UTF-8"?>
<testsuite name="com.dotcms.rest.api.v1.vtl.VTLResourceIntegrationTest" tests="6" skipped="0" failures="0" errors="0" timestamp="2023-07-18T16:14:10" hostname="fv-az396-900" time="12.436">
  <properties/>
  <testcase name="testGet[0: com.dotcms.rest.api.v1.vtl.VTLResourceTestCase@2babd0a7]" classname="com.dotcms.rest.api.v1.vtl.VTLResourceIntegrationTest" time="2.561"/>
  <testcase name="testGet[1: com.dotcms.rest.api.v1.vtl.VTLResourceTestCase@1c53cc5b]" classname="com.dotcms.rest.api.v1.vtl.VTLResourceIntegrationTest" time="1.865"/>
  <testcase name="testGet[2: com.dotcms.rest.api.v1.vtl.VTLResourceTestCase@3cd66a3]" classname="com.dotcms.rest.api.v1.vtl.VTLResourceIntegrationTest" time="2.038"/>
  <testcase name="testGet[3: com.dotcms.rest.api.v1.vtl.VTLResourceTestCase@50ae4d75]" classname="com.dotcms.rest.api.v1.vtl.VTLResourceIntegrationTest" time="2.051"/>
  <testcase name="testGet[4: com.dotcms.rest.api.v1.vtl.VTLResourceTestCase@25f5812f]" classname="com.dotcms.rest.api.v1.vtl.VTLResourceIntegrationTest" time="1.88"/>
  <testcase name="testGet[5: com.dotcms.rest.api.v1.vtl.VTLResourceTestCase@2746a0de]" classname="com.dotcms.rest.api.v1.vtl.VTLResourceIntegrationTest" time="2.04"/>
  <system-out><![CDATA[]]></system-out>
  <system-err><![CDATA[]]></system-err>
</testsuite>
