<?xml version="1.0" encoding="UTF-8"?>
<testsuite name="com.dotcms.enterprise.publishing.remote.bundler.TemplateBundlerTest" tests="4" skipped="0" failures="0" errors="0" timestamp="2023-06-30T23:30:45" hostname="fv-az262-663" time="0.023">
  <properties/>
  <testcase name="addTemplateInBundle[0: com.dotcms.enterprise.publishing.remote.bundler.TemplateBundlerTest$TestCase@1271665b]" classname="com.dotcms.enterprise.publishing.remote.bundler.TemplateBundlerTest" time="0.007"/>
  <testcase name="addTemplateInBundle[1: com.dotcms.enterprise.publishing.remote.bundler.TemplateBundlerTest$TestCase@615756d9]" classname="com.dotcms.enterprise.publishing.remote.bundler.TemplateBundlerTest" time="0.005"/>
  <testcase name="addTemplateInBundle[2: com.dotcms.enterprise.publishing.remote.bundler.TemplateBundlerTest$TestCase@1d53867]" classname="com.dotcms.enterprise.publishing.remote.bundler.TemplateBundlerTest" time="0.004"/>
  <testcase name="addTemplateInBundle[3: com.dotcms.enterprise.publishing.remote.bundler.TemplateBundlerTest$TestCase@611473a1]" classname="com.dotcms.enterprise.publishing.remote.bundler.TemplateBundlerTest" time="0.006"/>
  <system-out><![CDATA[]]></system-out>
  <system-err><![CDATA[]]></system-err>
</testsuite>
