<?xml version="1.0" encoding="UTF-8"?>
<testsuite name="com.dotmarketing.startup.runonce.Task05380ChangeContainerPathToAbsoluteTest" tests="13" skipped="0" failures="0" errors="0" timestamp="2023-06-30T16:39:33" hostname="fv-az173-860" time="42.422">
  <properties/>
  <testcase name="whenTemplateLayoutHasAbsolutePathShouldKeepThePathWithoutChange" classname="com.dotmarketing.startup.runonce.Task05380ChangeContainerPathToAbsoluteTest" time="2.506"/>
  <testcase name="whenTemplateLayoutHasRelativePathShouldTurnIntoAAbsolutePath" classname="com.dotmarketing.startup.runonce.Task05380ChangeContainerPathToAbsoluteTest" time="4.057"/>
  <testcase name="whenLegacyTemplateLayoutHasIDContainer" classname="com.dotmarketing.startup.runonce.Task05380ChangeContainerPathToAbsoluteTest" time="2.038"/>
  <testcase name="whenTemplateLayoutHasRelativePathButBodyIsNullShouldTurnIntoAAbsolutePath" classname="com.dotmarketing.startup.runonce.Task05380ChangeContainerPathToAbsoluteTest" time="3.079"/>
  <testcase name="whenHaveMoreThanOneTemplate" classname="com.dotmarketing.startup.runonce.Task05380ChangeContainerPathToAbsoluteTest" time="3.069"/>
  <testcase name="whenLegacyTemplateLayoutHasRelativePathShouldTurnIntoAbsolutePath" classname="com.dotmarketing.startup.runonce.Task05380ChangeContainerPathToAbsoluteTest" time="3.104"/>
  <testcase name="whenTemplateLayoutHasNotFileCOntainer" classname="com.dotmarketing.startup.runonce.Task05380ChangeContainerPathToAbsoluteTest" time="3.09"/>
  <testcase name="whenTemplateLayoutHasRelativePathAndSideBar" classname="com.dotmarketing.startup.runonce.Task05380ChangeContainerPathToAbsoluteTest" time="3.074"/>
  <testcase name="whenSiteChangeNameBeforeRunUT" classname="com.dotmarketing.startup.runonce.Task05380ChangeContainerPathToAbsoluteTest" time="4.096"/>
  <testcase name="whenLegacyTemplateLayoutHasAbsolutePathToAnotherSite" classname="com.dotmarketing.startup.runonce.Task05380ChangeContainerPathToAbsoluteTest" time="4.082"/>
  <testcase name="whenTemplateAdvancedHasRelativePath" classname="com.dotmarketing.startup.runonce.Task05380ChangeContainerPathToAbsoluteTest" time="3.06"/>
  <testcase name="whenTemplateLayoutHasAbsolutePathToAnotherSite" classname="com.dotmarketing.startup.runonce.Task05380ChangeContainerPathToAbsoluteTest" time="4.106"/>
  <testcase name="whenLegacyTemplateLayoutHasAbsolutePath" classname="com.dotmarketing.startup.runonce.Task05380ChangeContainerPathToAbsoluteTest" time="3.06"/>
  <system-out><![CDATA[]]></system-out>
  <system-err><![CDATA[]]></system-err>
</testsuite>
