<?xml version="1.0" encoding="UTF-8"?>
<testsuite name="com.dotmarketing.quartz.job.PopulateContentletAsJSONJobTest" tests="1" skipped="0" failures="0" errors="0" timestamp="2023-06-23T19:22:18" hostname="fv-az561-920" time="0.013">
  <properties/>
  <testcase name="test_fireJob" classname="com.dotmarketing.quartz.job.PopulateContentletAsJSONJobTest" time="0.013"/>
  <system-out><![CDATA[]]></system-out>
  <system-err><![CDATA[]]></system-err>
</testsuite>
