<?xml version="1.0" encoding="UTF-8"?>
<testsuite name="com.dotmarketing.util.HashBuilderTest" tests="2" skipped="0" failures="0" errors="0" timestamp="2023-06-27T15:58:21" hostname="fv-az574-602" time="0.004">
  <properties/>
  <testcase name="Test_Identical_Files_Different_Name_Location_BuildUnixHash" classname="com.dotmarketing.util.HashBuilderTest" time="0.002"/>
  <testcase name="Test_BuildUnixHash" classname="com.dotmarketing.util.HashBuilderTest" time="0.002"/>
  <system-out><![CDATA[]]></system-out>
  <system-err><![CDATA[]]></system-err>
</testsuite>
