<?xml version="1.0" encoding="UTF-8"?>
<testsuite name="com.dotmarketing.portlets.structure.model.ContentletRelationshipsTest" tests="7" skipped="0" failures="0" errors="0" timestamp="2023-06-23T18:10:12" hostname="fv-az578-351" time="9.286">
  <properties/>
  <testcase name="testDoesAllowOnlyOne[0: com.dotmarketing.portlets.structure.model.ContentletRelationshipsTest$CardinalityTestCase@afcf2e7]" classname="com.dotmarketing.portlets.structure.model.ContentletRelationshipsTest" time="0.484"/>
  <testcase name="testDoesAllowOnlyOne[1: com.dotmarketing.portlets.structure.model.ContentletRelationshipsTest$CardinalityTestCase@2ffa1e34]" classname="com.dotmarketing.portlets.structure.model.ContentletRelationshipsTest" time="0.481"/>
  <testcase name="testDoesAllowOnlyOne[2: com.dotmarketing.portlets.structure.model.ContentletRelationshipsTest$CardinalityTestCase@29ef06d8]" classname="com.dotmarketing.portlets.structure.model.ContentletRelationshipsTest" time="0.499"/>
  <testcase name="testGetRelationshipRecords[0: com.dotmarketing.portlets.structure.model.ContentletRelationshipsTest$TestCase@297ec5ed]" classname="com.dotmarketing.portlets.structure.model.ContentletRelationshipsTest" time="2.04"/>
  <testcase name="testGetRelationshipRecords[1: com.dotmarketing.portlets.structure.model.ContentletRelationshipsTest$TestCase@447871ef]" classname="com.dotmarketing.portlets.structure.model.ContentletRelationshipsTest" time="1.993"/>
  <testcase name="testGetRelationshipRecords[2: com.dotmarketing.portlets.structure.model.ContentletRelationshipsTest$TestCase@3b0cdcea]" classname="com.dotmarketing.portlets.structure.model.ContentletRelationshipsTest" time="1.876"/>
  <testcase name="testGetRelationshipRecords[3: com.dotmarketing.portlets.structure.model.ContentletRelationshipsTest$TestCase@6a84d495]" classname="com.dotmarketing.portlets.structure.model.ContentletRelationshipsTest" time="1.912"/>
  <system-out><![CDATA[]]></system-out>
  <system-err><![CDATA[]]></system-err>
</testsuite>
