<?xml version="1.0" encoding="UTF-8"?>
<testsuite name="com.dotcms.rendering.velocity.viewtools.content.util.ContentUtilsTest" tests="89" skipped="0" failures="0" errors="0" timestamp="2023-06-23T20:19:17" hostname="fv-az583-526" time="401.724">
  <properties/>
  <testcase name="whenTheTimeMachineDateIsNullAndPublishDateInFutureShouldNotReturnAnything" classname="com.dotcms.rendering.velocity.viewtools.content.util.ContentUtilsTest" time="2.908"/>
  <testcase name="test_find_multilingual_contentlet_getContentletSuccessfully" classname="com.dotcms.rendering.velocity.viewtools.content.util.ContentUtilsTest" time="2.117"/>
  <testcase name="whenTheTimeMachineDateAndPublishDateAreTomorrowShouldReturnOneContent" classname="com.dotcms.rendering.velocity.viewtools.content.util.ContentUtilsTest" time="2.916"/>
  <testcase name="testPullRelated[0: com.dotcms.rendering.velocity.viewtools.content.util.ContentUtilsTest$TestCase@5e08134a]" classname="com.dotcms.rendering.velocity.viewtools.content.util.ContentUtilsTest" time="3.7"/>
  <testcase name="testPullRelated[1: com.dotcms.rendering.velocity.viewtools.content.util.ContentUtilsTest$TestCase@28481803]" classname="com.dotcms.rendering.velocity.viewtools.content.util.ContentUtilsTest" time="3.913"/>
  <testcase name="testPullRelated[2: com.dotcms.rendering.velocity.viewtools.content.util.ContentUtilsTest$TestCase@44be620a]" classname="com.dotcms.rendering.velocity.viewtools.content.util.ContentUtilsTest" time="4.344"/>
  <testcase name="testPullRelated[3: com.dotcms.rendering.velocity.viewtools.content.util.ContentUtilsTest$TestCase@f6ee051]" classname="com.dotcms.rendering.velocity.viewtools.content.util.ContentUtilsTest" time="3.764"/>
  <testcase name="testPullRelated[4: com.dotcms.rendering.velocity.viewtools.content.util.ContentUtilsTest$TestCase@11e230b5]" classname="com.dotcms.rendering.velocity.viewtools.content.util.ContentUtilsTest" time="4.142"/>
  <testcase name="testPullRelated[5: com.dotcms.rendering.velocity.viewtools.content.util.ContentUtilsTest$TestCase@7982ba8a]" classname="com.dotcms.rendering.velocity.viewtools.content.util.ContentUtilsTest" time="3.955"/>
  <testcase name="testPullRelated[6: com.dotcms.rendering.velocity.viewtools.content.util.ContentUtilsTest$TestCase@4e1b3982]" classname="com.dotcms.rendering.velocity.viewtools.content.util.ContentUtilsTest" time="4.227"/>
  <testcase name="testPullRelated[7: com.dotcms.rendering.velocity.viewtools.content.util.ContentUtilsTest$TestCase@360f2478]" classname="com.dotcms.rendering.velocity.viewtools.content.util.ContentUtilsTest" time="4.067"/>
  <testcase name="testPullRelated[8: com.dotcms.rendering.velocity.viewtools.content.util.ContentUtilsTest$TestCase@3668cd94]" classname="com.dotcms.rendering.velocity.viewtools.content.util.ContentUtilsTest" time="3.947"/>
  <testcase name="testPullRelated[9: com.dotcms.rendering.velocity.viewtools.content.util.ContentUtilsTest$TestCase@5ad26739]" classname="com.dotcms.rendering.velocity.viewtools.content.util.ContentUtilsTest" time="4.138"/>
  <testcase name="testPullRelated[10: com.dotcms.rendering.velocity.viewtools.content.util.ContentUtilsTest$TestCase@4d1292c8]" classname="com.dotcms.rendering.velocity.viewtools.content.util.ContentUtilsTest" time="2.943"/>
  <testcase name="testPullRelated[11: com.dotcms.rendering.velocity.viewtools.content.util.ContentUtilsTest$TestCase@2f153f6]" classname="com.dotcms.rendering.velocity.viewtools.content.util.ContentUtilsTest" time="4.085"/>
  <testcase name="testPullRelated[12: com.dotcms.rendering.velocity.viewtools.content.util.ContentUtilsTest$TestCase@72052a51]" classname="com.dotcms.rendering.velocity.viewtools.content.util.ContentUtilsTest" time="3.895"/>
  <testcase name="testPullRelated[13: com.dotcms.rendering.velocity.viewtools.content.util.ContentUtilsTest$TestCase@3b276087]" classname="com.dotcms.rendering.velocity.viewtools.content.util.ContentUtilsTest" time="4.062"/>
  <testcase name="testPullRelated[14: com.dotcms.rendering.velocity.viewtools.content.util.ContentUtilsTest$TestCase@627a21f9]" classname="com.dotcms.rendering.velocity.viewtools.content.util.ContentUtilsTest" time="3.951"/>
  <testcase name="testPullRelated[15: com.dotcms.rendering.velocity.viewtools.content.util.ContentUtilsTest$TestCase@6a1ca0a3]" classname="com.dotcms.rendering.velocity.viewtools.content.util.ContentUtilsTest" time="4.313"/>
  <testcase name="testPullRelated[16: com.dotcms.rendering.velocity.viewtools.content.util.ContentUtilsTest$TestCase@31105813]" classname="com.dotcms.rendering.velocity.viewtools.content.util.ContentUtilsTest" time="3.859"/>
  <testcase name="testPullRelated[17: com.dotcms.rendering.velocity.viewtools.content.util.ContentUtilsTest$TestCase@31b325ee]" classname="com.dotcms.rendering.velocity.viewtools.content.util.ContentUtilsTest" time="4.021"/>
  <testcase name="testPullRelated[18: com.dotcms.rendering.velocity.viewtools.content.util.ContentUtilsTest$TestCase@275afc8]" classname="com.dotcms.rendering.velocity.viewtools.content.util.ContentUtilsTest" time="4.104"/>
  <testcase name="testPullRelated[19: com.dotcms.rendering.velocity.viewtools.content.util.ContentUtilsTest$TestCase@de30e9d]" classname="com.dotcms.rendering.velocity.viewtools.content.util.ContentUtilsTest" time="4.057"/>
  <testcase name="testPullRelated[20: com.dotcms.rendering.velocity.viewtools.content.util.ContentUtilsTest$TestCase@3e800ff2]" classname="com.dotcms.rendering.velocity.viewtools.content.util.ContentUtilsTest" time="4.074"/>
  <testcase name="testPullRelated[21: com.dotcms.rendering.velocity.viewtools.content.util.ContentUtilsTest$TestCase@1634c199]" classname="com.dotcms.rendering.velocity.viewtools.content.util.ContentUtilsTest" time="3.804"/>
  <testcase name="testPullRelated[22: com.dotcms.rendering.velocity.viewtools.content.util.ContentUtilsTest$TestCase@39902778]" classname="com.dotcms.rendering.velocity.viewtools.content.util.ContentUtilsTest" time="4.174"/>
  <testcase name="testPullRelated[23: com.dotcms.rendering.velocity.viewtools.content.util.ContentUtilsTest$TestCase@2c924131]" classname="com.dotcms.rendering.velocity.viewtools.content.util.ContentUtilsTest" time="4.046"/>
  <testcase name="testPullRelated[24: com.dotcms.rendering.velocity.viewtools.content.util.ContentUtilsTest$TestCase@125324ce]" classname="com.dotcms.rendering.velocity.viewtools.content.util.ContentUtilsTest" time="4.047"/>
  <testcase name="testPullRelated[25: com.dotcms.rendering.velocity.viewtools.content.util.ContentUtilsTest$TestCase@22db1714]" classname="com.dotcms.rendering.velocity.viewtools.content.util.ContentUtilsTest" time="3.89"/>
  <testcase name="testPullRelated[26: com.dotcms.rendering.velocity.viewtools.content.util.ContentUtilsTest$TestCase@1a484fd0]" classname="com.dotcms.rendering.velocity.viewtools.content.util.ContentUtilsTest" time="4.21"/>
  <testcase name="testPullRelated[27: com.dotcms.rendering.velocity.viewtools.content.util.ContentUtilsTest$TestCase@246d0e61]" classname="com.dotcms.rendering.velocity.viewtools.content.util.ContentUtilsTest" time="4.047"/>
  <testcase name="testPullRelated[28: com.dotcms.rendering.velocity.viewtools.content.util.ContentUtilsTest$TestCase@2f932b76]" classname="com.dotcms.rendering.velocity.viewtools.content.util.ContentUtilsTest" time="3.943"/>
  <testcase name="testPullRelated[29: com.dotcms.rendering.velocity.viewtools.content.util.ContentUtilsTest$TestCase@558aea27]" classname="com.dotcms.rendering.velocity.viewtools.content.util.ContentUtilsTest" time="4.061"/>
  <testcase name="testPullRelated[30: com.dotcms.rendering.velocity.viewtools.content.util.ContentUtilsTest$TestCase@d640989]" classname="com.dotcms.rendering.velocity.viewtools.content.util.ContentUtilsTest" time="3.997"/>
  <testcase name="testPullRelated[31: com.dotcms.rendering.velocity.viewtools.content.util.ContentUtilsTest$TestCase@41361042]" classname="com.dotcms.rendering.velocity.viewtools.content.util.ContentUtilsTest" time="4.276"/>
  <testcase name="testPullRelated[32: com.dotcms.rendering.velocity.viewtools.content.util.ContentUtilsTest$TestCase@77c84b89]" classname="com.dotcms.rendering.velocity.viewtools.content.util.ContentUtilsTest" time="3.691"/>
  <testcase name="testPullRelated[33: com.dotcms.rendering.velocity.viewtools.content.util.ContentUtilsTest$TestCase@75914c85]" classname="com.dotcms.rendering.velocity.viewtools.content.util.ContentUtilsTest" time="4.293"/>
  <testcase name="testPullRelated[34: com.dotcms.rendering.velocity.viewtools.content.util.ContentUtilsTest$TestCase@58943bff]" classname="com.dotcms.rendering.velocity.viewtools.content.util.ContentUtilsTest" time="3.963"/>
  <testcase name="testPullRelated[35: com.dotcms.rendering.velocity.viewtools.content.util.ContentUtilsTest$TestCase@29d194af]" classname="com.dotcms.rendering.velocity.viewtools.content.util.ContentUtilsTest" time="4.079"/>
  <testcase name="testPullRelated[36: com.dotcms.rendering.velocity.viewtools.content.util.ContentUtilsTest$TestCase@1c70061f]" classname="com.dotcms.rendering.velocity.viewtools.content.util.ContentUtilsTest" time="5.304"/>
  <testcase name="testPullRelated[37: com.dotcms.rendering.velocity.viewtools.content.util.ContentUtilsTest$TestCase@63fa9470]" classname="com.dotcms.rendering.velocity.viewtools.content.util.ContentUtilsTest" time="5.94"/>
  <testcase name="testPullRelated[38: com.dotcms.rendering.velocity.viewtools.content.util.ContentUtilsTest$TestCase@1ac81033]" classname="com.dotcms.rendering.velocity.viewtools.content.util.ContentUtilsTest" time="5.204"/>
  <testcase name="testPullRelated[39: com.dotcms.rendering.velocity.viewtools.content.util.ContentUtilsTest$TestCase@3f198b29]" classname="com.dotcms.rendering.velocity.viewtools.content.util.ContentUtilsTest" time="5.858"/>
  <testcase name="testPullRelated[40: com.dotcms.rendering.velocity.viewtools.content.util.ContentUtilsTest$TestCase@23c5222b]" classname="com.dotcms.rendering.velocity.viewtools.content.util.ContentUtilsTest" time="5.179"/>
  <testcase name="testPullRelated[41: com.dotcms.rendering.velocity.viewtools.content.util.ContentUtilsTest$TestCase@142b6b37]" classname="com.dotcms.rendering.velocity.viewtools.content.util.ContentUtilsTest" time="5.962"/>
  <testcase name="testPullRelated[42: com.dotcms.rendering.velocity.viewtools.content.util.ContentUtilsTest$TestCase@4e38b809]" classname="com.dotcms.rendering.velocity.viewtools.content.util.ContentUtilsTest" time="6.165"/>
  <testcase name="testPullRelated[43: com.dotcms.rendering.velocity.viewtools.content.util.ContentUtilsTest$TestCase@3d0b2224]" classname="com.dotcms.rendering.velocity.viewtools.content.util.ContentUtilsTest" time="6.182"/>
  <testcase name="testPullRelated[44: com.dotcms.rendering.velocity.viewtools.content.util.ContentUtilsTest$TestCase@37d59bd4]" classname="com.dotcms.rendering.velocity.viewtools.content.util.ContentUtilsTest" time="6.17"/>
  <testcase name="testPullRelated[45: com.dotcms.rendering.velocity.viewtools.content.util.ContentUtilsTest$TestCase@78682cca]" classname="com.dotcms.rendering.velocity.viewtools.content.util.ContentUtilsTest" time="5.707"/>
  <testcase name="testPullRelated[46: com.dotcms.rendering.velocity.viewtools.content.util.ContentUtilsTest$TestCase@739b2b3e]" classname="com.dotcms.rendering.velocity.viewtools.content.util.ContentUtilsTest" time="6.34"/>
  <testcase name="testPullRelated[47: com.dotcms.rendering.velocity.viewtools.content.util.ContentUtilsTest$TestCase@17653d6b]" classname="com.dotcms.rendering.velocity.viewtools.content.util.ContentUtilsTest" time="6.128"/>
  <testcase name="testPullRelated[48: com.dotcms.rendering.velocity.viewtools.content.util.ContentUtilsTest$TestCase@c751f68]" classname="com.dotcms.rendering.velocity.viewtools.content.util.ContentUtilsTest" time="5.867"/>
  <testcase name="testPullRelated[49: com.dotcms.rendering.velocity.viewtools.content.util.ContentUtilsTest$TestCase@35427c50]" classname="com.dotcms.rendering.velocity.viewtools.content.util.ContentUtilsTest" time="6.105"/>
  <testcase name="testPullRelated[50: com.dotcms.rendering.velocity.viewtools.content.util.ContentUtilsTest$TestCase@1f2a731d]" classname="com.dotcms.rendering.velocity.viewtools.content.util.ContentUtilsTest" time="6.241"/>
  <testcase name="testPullRelated[51: com.dotcms.rendering.velocity.viewtools.content.util.ContentUtilsTest$TestCase@211a9bf6]" classname="com.dotcms.rendering.velocity.viewtools.content.util.ContentUtilsTest" time="5.911"/>
  <testcase name="testPullRelated[52: com.dotcms.rendering.velocity.viewtools.content.util.ContentUtilsTest$TestCase@5b05ee2]" classname="com.dotcms.rendering.velocity.viewtools.content.util.ContentUtilsTest" time="6.099"/>
  <testcase name="testPullRelated[53: com.dotcms.rendering.velocity.viewtools.content.util.ContentUtilsTest$TestCase@23b612f8]" classname="com.dotcms.rendering.velocity.viewtools.content.util.ContentUtilsTest" time="4.987"/>
  <testcase name="testPullRelated[54: com.dotcms.rendering.velocity.viewtools.content.util.ContentUtilsTest$TestCase@6f483f08]" classname="com.dotcms.rendering.velocity.viewtools.content.util.ContentUtilsTest" time="6.337"/>
  <testcase name="testPullRelated[55: com.dotcms.rendering.velocity.viewtools.content.util.ContentUtilsTest$TestCase@1af8dc3c]" classname="com.dotcms.rendering.velocity.viewtools.content.util.ContentUtilsTest" time="5.98"/>
  <testcase name="testPullRelated[56: com.dotcms.rendering.velocity.viewtools.content.util.ContentUtilsTest$TestCase@1db8d6cf]" classname="com.dotcms.rendering.velocity.viewtools.content.util.ContentUtilsTest" time="6.17"/>
  <testcase name="testPullRelated[57: com.dotcms.rendering.velocity.viewtools.content.util.ContentUtilsTest$TestCase@e0a2652]" classname="com.dotcms.rendering.velocity.viewtools.content.util.ContentUtilsTest" time="5.91"/>
  <testcase name="testPullRelated[58: com.dotcms.rendering.velocity.viewtools.content.util.ContentUtilsTest$TestCase@2094f8e4]" classname="com.dotcms.rendering.velocity.viewtools.content.util.ContentUtilsTest" time="6.213"/>
  <testcase name="testPullRelated[59: com.dotcms.rendering.velocity.viewtools.content.util.ContentUtilsTest$TestCase@7c51c9f6]" classname="com.dotcms.rendering.velocity.viewtools.content.util.ContentUtilsTest" time="6.08"/>
  <testcase name="testPullRelated[60: com.dotcms.rendering.velocity.viewtools.content.util.ContentUtilsTest$TestCase@2784661d]" classname="com.dotcms.rendering.velocity.viewtools.content.util.ContentUtilsTest" time="5.911"/>
  <testcase name="testPullRelated[61: com.dotcms.rendering.velocity.viewtools.content.util.ContentUtilsTest$TestCase@7863fc09]" classname="com.dotcms.rendering.velocity.viewtools.content.util.ContentUtilsTest" time="6.089"/>
  <testcase name="testPullRelated[62: com.dotcms.rendering.velocity.viewtools.content.util.ContentUtilsTest$TestCase@7f377839]" classname="com.dotcms.rendering.velocity.viewtools.content.util.ContentUtilsTest" time="6.496"/>
  <testcase name="testPullRelated[63: com.dotcms.rendering.velocity.viewtools.content.util.ContentUtilsTest$TestCase@ddb1050]" classname="com.dotcms.rendering.velocity.viewtools.content.util.ContentUtilsTest" time="5.713"/>
  <testcase name="testPullRelated[64: com.dotcms.rendering.velocity.viewtools.content.util.ContentUtilsTest$TestCase@9eb3b78]" classname="com.dotcms.rendering.velocity.viewtools.content.util.ContentUtilsTest" time="6.056"/>
  <testcase name="testPullRelated[65: com.dotcms.rendering.velocity.viewtools.content.util.ContentUtilsTest$TestCase@6e0f0df8]" classname="com.dotcms.rendering.velocity.viewtools.content.util.ContentUtilsTest" time="6.028"/>
  <testcase name="testPullRelated[66: com.dotcms.rendering.velocity.viewtools.content.util.ContentUtilsTest$TestCase@2a3d46b0]" classname="com.dotcms.rendering.velocity.viewtools.content.util.ContentUtilsTest" time="6.052"/>
  <testcase name="testPullRelated[67: com.dotcms.rendering.velocity.viewtools.content.util.ContentUtilsTest$TestCase@7f319a37]" classname="com.dotcms.rendering.velocity.viewtools.content.util.ContentUtilsTest" time="5.17"/>
  <testcase name="testPullRelated[68: com.dotcms.rendering.velocity.viewtools.content.util.ContentUtilsTest$TestCase@2f514e52]" classname="com.dotcms.rendering.velocity.viewtools.content.util.ContentUtilsTest" time="6.175"/>
  <testcase name="testPullRelated[69: com.dotcms.rendering.velocity.viewtools.content.util.ContentUtilsTest$TestCase@3927f68d]" classname="com.dotcms.rendering.velocity.viewtools.content.util.ContentUtilsTest" time="4.977"/>
  <testcase name="testPullRelated[70: com.dotcms.rendering.velocity.viewtools.content.util.ContentUtilsTest$TestCase@796f2fdf]" classname="com.dotcms.rendering.velocity.viewtools.content.util.ContentUtilsTest" time="5.039"/>
  <testcase name="testPullRelated[71: com.dotcms.rendering.velocity.viewtools.content.util.ContentUtilsTest$TestCase@afcf2e7]" classname="com.dotcms.rendering.velocity.viewtools.content.util.ContentUtilsTest" time="6.303"/>
  <testcase name="whenPublishAndExpireDatesAreInTheFutureAndTimeMachineIsAfterBoth" classname="com.dotcms.rendering.velocity.viewtools.content.util.ContentUtilsTest" time="2.941"/>
  <testcase name="testPullRelatedForLegacyRelationship[0: com.dotcms.rendering.velocity.viewtools.content.util.ContentUtilsTest$LegacyTestCase@2ffa1e34]" classname="com.dotcms.rendering.velocity.viewtools.content.util.ContentUtilsTest" time="3.641"/>
  <testcase name="testPullRelatedForLegacyRelationship[1: com.dotcms.rendering.velocity.viewtools.content.util.ContentUtilsTest$LegacyTestCase@29ef06d8]" classname="com.dotcms.rendering.velocity.viewtools.content.util.ContentUtilsTest" time="4.052"/>
  <testcase name="whenTheTimeMachineDateIsAfterTomorrowAndExpireDateIsTomorrowShouldNotReturnContent" classname="com.dotcms.rendering.velocity.viewtools.content.util.ContentUtilsTest" time="2.974"/>
  <testcase name="testPullLiveRelatedWhenLatestVersionIsWorking" classname="com.dotcms.rendering.velocity.viewtools.content.util.ContentUtilsTest" time="2.785"/>
  <testcase name="test_add_relationships_on_parent_children_related_contents" classname="com.dotcms.rendering.velocity.viewtools.content.util.ContentUtilsTest" time="1.553"/>
  <testcase name="testSortPullRelated[0: com.dotcms.rendering.velocity.viewtools.content.util.ContentUtilsTest$SortTestCase@297ec5ed]" classname="com.dotcms.rendering.velocity.viewtools.content.util.ContentUtilsTest" time="2.592"/>
  <testcase name="testSortPullRelated[1: com.dotcms.rendering.velocity.viewtools.content.util.ContentUtilsTest$SortTestCase@447871ef]" classname="com.dotcms.rendering.velocity.viewtools.content.util.ContentUtilsTest" time="2.611"/>
  <testcase name="testSortPullRelated[2: com.dotcms.rendering.velocity.viewtools.content.util.ContentUtilsTest$SortTestCase@3b0cdcea]" classname="com.dotcms.rendering.velocity.viewtools.content.util.ContentUtilsTest" time="2.651"/>
  <testcase name="testSortPullRelated[3: com.dotcms.rendering.velocity.viewtools.content.util.ContentUtilsTest$SortTestCase@6a84d495]" classname="com.dotcms.rendering.velocity.viewtools.content.util.ContentUtilsTest" time="2.511"/>
  <testcase name="testSortPullRelated[4: com.dotcms.rendering.velocity.viewtools.content.util.ContentUtilsTest$SortTestCase@358a3585]" classname="com.dotcms.rendering.velocity.viewtools.content.util.ContentUtilsTest" time="2.428"/>
  <testcase name="testSortPullRelated[5: com.dotcms.rendering.velocity.viewtools.content.util.ContentUtilsTest$SortTestCase@327addd2]" classname="com.dotcms.rendering.velocity.viewtools.content.util.ContentUtilsTest" time="1.481"/>
  <testcase name="whenTheTimeMachineDateIsAfterTomorrowAndExpireDateIsInFutureShouldReturnContent" classname="com.dotcms.rendering.velocity.viewtools.content.util.ContentUtilsTest" time="3.004"/>
  <testcase name="testPullRelatedFieldShouldRespectDefaultOrder" classname="com.dotcms.rendering.velocity.viewtools.content.util.ContentUtilsTest" time="2.428"/>
  <system-out><![CDATA[]]></system-out>
  <system-err><![CDATA[]]></system-err>
</testsuite>
