<?xml version="1.0" encoding="UTF-8"?>
<testsuite name="com.dotcms.rest.elasticsearch.ESContentResourcePortletTest" tests="8" skipped="0" failures="0" errors="0" timestamp="2023-07-20T05:12:54" hostname="fv-az450-410" time="8.665">
  <properties/>
  <testcase name="test_search_includeGrandChildCategory_success" classname="com.dotcms.rest.elasticsearch.ESContentResourcePortletTest" time="1.344"/>
  <testcase name="testSearch[0: com.dotcms.rest.elasticsearch.ESContentResourcePortletTest$TestCase@6a74a60b]" classname="com.dotcms.rest.elasticsearch.ESContentResourcePortletTest" time="0.933"/>
  <testcase name="testSearch[1: com.dotcms.rest.elasticsearch.ESContentResourcePortletTest$TestCase@5605ebe7]" classname="com.dotcms.rest.elasticsearch.ESContentResourcePortletTest" time="1.238"/>
  <testcase name="testSearch[2: com.dotcms.rest.elasticsearch.ESContentResourcePortletTest$TestCase@30a807a]" classname="com.dotcms.rest.elasticsearch.ESContentResourcePortletTest" time="0.914"/>
  <testcase name="testSearch[3: com.dotcms.rest.elasticsearch.ESContentResourcePortletTest$TestCase@696f1e21]" classname="com.dotcms.rest.elasticsearch.ESContentResourcePortletTest" time="1.218"/>
  <testcase name="testSearch[4: com.dotcms.rest.elasticsearch.ESContentResourcePortletTest$TestCase@2664b9f9]" classname="com.dotcms.rest.elasticsearch.ESContentResourcePortletTest" time="1.193"/>
  <testcase name="testSearch[5: com.dotcms.rest.elasticsearch.ESContentResourcePortletTest$TestCase@5fc72401]" classname="com.dotcms.rest.elasticsearch.ESContentResourcePortletTest" time="0.91"/>
  <testcase name="testSearch[6: com.dotcms.rest.elasticsearch.ESContentResourcePortletTest$TestCase@81976d3]" classname="com.dotcms.rest.elasticsearch.ESContentResourcePortletTest" time="0.915"/>
  <system-out><![CDATA[]]></system-out>
  <system-err><![CDATA[]]></system-err>
</testsuite>
