<?xml version="1.0" encoding="UTF-8"?>
<testsuite name="com.dotcms.publishing.PublisherAPIImplTest" tests="24" skipped="0" failures="0" errors="0" timestamp="2023-07-17T15:30:07" hostname="fv-az338-287" time="5.722">
  <properties/>
  <testcase name="AddAllCategoryIntoBundle" classname="com.dotcms.publishing.PublisherAPIImplTest" time="0.181"/>
  <testcase name="testFilterDescriptors" classname="com.dotcms.publishing.PublisherAPIImplTest" time="0.071"/>
  <testcase name="sendPushPublishBundle[0: com.dotcms.publishing.PublisherAPIImplTest$TestAsset@78633f11]" classname="com.dotcms.publishing.PublisherAPIImplTest" time="1.723"/>
  <testcase name="sendPushPublishBundle[1: com.dotcms.publishing.PublisherAPIImplTest$TestAsset@25a78672]" classname="com.dotcms.publishing.PublisherAPIImplTest" time="0.441"/>
  <testcase name="sendPushPublishBundle[2: com.dotcms.publishing.PublisherAPIImplTest$TestAsset@7ac2aa3]" classname="com.dotcms.publishing.PublisherAPIImplTest" time="0.23"/>
  <testcase name="sendPushPublishBundle[3: com.dotcms.publishing.PublisherAPIImplTest$TestAsset@5cf1aff6]" classname="com.dotcms.publishing.PublisherAPIImplTest" time="0.36"/>
  <testcase name="sendPushPublishBundle[4: com.dotcms.publishing.PublisherAPIImplTest$TestAsset@3d8b88ce]" classname="com.dotcms.publishing.PublisherAPIImplTest" time="0.272"/>
  <testcase name="sendPushPublishBundle[5: com.dotcms.publishing.PublisherAPIImplTest$TestAsset@24861d1b]" classname="com.dotcms.publishing.PublisherAPIImplTest" time="0.182"/>
  <testcase name="sendPushPublishBundle[6: com.dotcms.publishing.PublisherAPIImplTest$TestAsset@4219d21a]" classname="com.dotcms.publishing.PublisherAPIImplTest" time="0.144"/>
  <testcase name="sendPushPublishBundle[7: com.dotcms.publishing.PublisherAPIImplTest$TestAsset@13464bb0]" classname="com.dotcms.publishing.PublisherAPIImplTest" time="0.216"/>
  <testcase name="sendPushPublishBundle[8: com.dotcms.publishing.PublisherAPIImplTest$TestAsset@726a6cee]" classname="com.dotcms.publishing.PublisherAPIImplTest" time="0.169"/>
  <testcase name="sendPushPublishBundle[9: com.dotcms.publishing.PublisherAPIImplTest$TestAsset@6610c97d]" classname="com.dotcms.publishing.PublisherAPIImplTest" time="0.292"/>
  <testcase name="sendPushPublishBundle[10: com.dotcms.publishing.PublisherAPIImplTest$TestAsset@6a154ea7]" classname="com.dotcms.publishing.PublisherAPIImplTest" time="0.089"/>
  <testcase name="generateBundle[0: com.dotcms.publishing.PublisherAPIImplTest$TestAsset@78633f11]" classname="com.dotcms.publishing.PublisherAPIImplTest" time="0.154"/>
  <testcase name="generateBundle[1: com.dotcms.publishing.PublisherAPIImplTest$TestAsset@25a78672]" classname="com.dotcms.publishing.PublisherAPIImplTest" time="0.11"/>
  <testcase name="generateBundle[2: com.dotcms.publishing.PublisherAPIImplTest$TestAsset@7ac2aa3]" classname="com.dotcms.publishing.PublisherAPIImplTest" time="0.091"/>
  <testcase name="generateBundle[3: com.dotcms.publishing.PublisherAPIImplTest$TestAsset@5cf1aff6]" classname="com.dotcms.publishing.PublisherAPIImplTest" time="0.159"/>
  <testcase name="generateBundle[4: com.dotcms.publishing.PublisherAPIImplTest$TestAsset@3d8b88ce]" classname="com.dotcms.publishing.PublisherAPIImplTest" time="0.145"/>
  <testcase name="generateBundle[5: com.dotcms.publishing.PublisherAPIImplTest$TestAsset@24861d1b]" classname="com.dotcms.publishing.PublisherAPIImplTest" time="0.116"/>
  <testcase name="generateBundle[6: com.dotcms.publishing.PublisherAPIImplTest$TestAsset@4219d21a]" classname="com.dotcms.publishing.PublisherAPIImplTest" time="0.142"/>
  <testcase name="generateBundle[7: com.dotcms.publishing.PublisherAPIImplTest$TestAsset@13464bb0]" classname="com.dotcms.publishing.PublisherAPIImplTest" time="0.089"/>
  <testcase name="generateBundle[8: com.dotcms.publishing.PublisherAPIImplTest$TestAsset@726a6cee]" classname="com.dotcms.publishing.PublisherAPIImplTest" time="0.078"/>
  <testcase name="generateBundle[9: com.dotcms.publishing.PublisherAPIImplTest$TestAsset@6610c97d]" classname="com.dotcms.publishing.PublisherAPIImplTest" time="0.239"/>
  <testcase name="generateBundle[10: com.dotcms.publishing.PublisherAPIImplTest$TestAsset@6a154ea7]" classname="com.dotcms.publishing.PublisherAPIImplTest" time="0.018"/>
  <system-out><![CDATA[









































































































































































]]></system-out>
  <system-err><![CDATA[]]></system-err>
</testsuite>
