<?xml version="1.0" encoding="UTF-8"?>
<testsuite name="com.dotmarketing.business.DeterministicIdentifierAPITest" tests="16" skipped="0" failures="0" errors="0" timestamp="2023-06-30T22:12:17" hostname="fv-az1226-633" time="0.874">
  <properties/>
  <testcase name="Test_Category_Path_Seed_And_Id" classname="com.dotmarketing.business.DeterministicIdentifierAPITest" time="0.021"/>
  <testcase name="Test_Language_Deterministic_Id[0: LanguageTestCase{expectedSeed='Language:es:US', expectedHash=4913155, langCode='es', countryCode='US', country='United States'}]" classname="com.dotmarketing.business.DeterministicIdentifierAPITest" time="0.001"/>
  <testcase name="Test_Language_Deterministic_Id[1: LanguageTestCase{expectedSeed='Language:ep:', expectedHash=5292269, langCode='ep', countryCode='', country=''}]" classname="com.dotmarketing.business.DeterministicIdentifierAPITest" time="0.001"/>
  <testcase name="Test_Language_Deterministic_Id[2: LanguageTestCase{expectedSeed='Language:sg:SAG', expectedHash=4713118, langCode='sg', countryCode='SAG', country=''}]" classname="com.dotmarketing.business.DeterministicIdentifierAPITest" time="0.001"/>
  <testcase name="Test_Language_Deterministic_Id[3: LanguageTestCase{expectedSeed='Language:en:NZ', expectedHash=5382528, langCode='en', countryCode='NZ', country='New Zealand'}]" classname="com.dotmarketing.business.DeterministicIdentifierAPITest" time="0.001"/>
  <testcase name="Test_Category_None_Persisted_Category_Should_Return_Deterministic_Id" classname="com.dotmarketing.business.DeterministicIdentifierAPITest" time="0.001"/>
  <testcase name="Test_Asset_Generate_Deterministic_Id_Best_Effort[0: TestCase{versionable=my.host1688162760060.com, parent=System Host, expectedName='my.host1688162760060.com', expectedType='Host'}]" classname="com.dotmarketing.business.DeterministicIdentifierAPITest" time="0.003"/>
  <testcase name="Test_Asset_Generate_Deterministic_Id_Best_Effort[1: TestCase{versionable=com.dotmarketing.portlets.contentlet.model.Contentlet@40f9c6ae[map={modDate=2023-06-30 22:06:00.808, fileName=file3078231676274723529.txt, title=file3078231676274723529.txt, inode=5c7b2f6a-3126-4884-bd58-fad957b75402, __IS_NEW_CONTENT__=true, disabledWYSIWYG=[], host=f31f13c2-9d09-4b19-b49e-010f79c7e44e, stInode=33888b6f-7a8e-4069-b1b6-5c1aa9d0a48d, owner=system, identifier=33368f8c-1b3a-4dd3-adf6-5dd316d1ea6d, nullProperties=[wfExpireDate, wfPublishDate, wfActionAssign, wfActionId, wfActionComments, filterKey, whereToSend, wfNeverExpire, _path_to_move, timezoneId, iWantTo, wfPublishTime, wfExpireTime], languageId=1, fileAsset=/home/runner/work/core/custom/assets/5/c/5c7b2f6a-3126-4884-bd58-fad957b75402/fileAsset/file3078231676274723529.txt, folder=ae5950a9-53c2-4b8d-8539-48410e90dcac, __disable_workflow__=true, sortOrder=0, modUser=system},lowIndexPriority=false,variantId=DEFAULT], parent=com.dotmarketing.portlets.folders.model.Folder@16d1af6f[identifier=ae5950a9-53c2-4b8d-8539-48410e90dcac,name=testName1688162760802,sortOrder=0,showOnMenu=false,hostId=f31f13c2-9d09-4b19-b49e-010f79c7e44e,type=folder,title=testTitle1688162760802,filesMasks=,defaultFileType=33888b6f-7a8e-4069-b1b6-5c1aa9d0a48d,modDate=2023-06-30 22:06:00.804,owner=&lt;null&gt;,iDate=2023-06-30 22:06:00.804,inode=ae5950a9-53c2-4b8d-8539-48410e90dcac,path=/testName1688162760802/], expectedName='file3078231676274723529.txt', expectedType='FileAsset'}]" classname="com.dotmarketing.business.DeterministicIdentifierAPITest" time="0.002"/>
  <testcase name="Test_Asset_Generate_Deterministic_Id_Best_Effort[2: TestCase{versionable=com.dotmarketing.portlets.templates.model.Template@9351cc3, parent=my.host1688162760060.com, expectedName='testTitle1688162760898', expectedType='Template'}]" classname="com.dotmarketing.business.DeterministicIdentifierAPITest" time="0.002"/>
  <testcase name="Test_Asset_Generate_Deterministic_Id_Best_Effort[3: TestCase{versionable=com.dotmarketing.portlets.htmlpageasset.model.HTMLPageAsset@10e8a776[map={template=209c1a76-2c94-4971-8dbe-31ad5b159a1e, owner=system, identifier=6c62df38-33a8-4fa9-b95c-885ea7b229f5, nullProperties=[wfExpireDate, wfPublishDate, wfActionAssign, wfActionId, wfActionComments, filterKey, whereToSend, wfNeverExpire, _path_to_move, timezoneId, iWantTo, wfPublishTime, wfExpireTime], modDate=2023-06-30 22:06:00.916, cachettl=0, _is_test_mode=true, languageId=1, title=test-page-title-1688162760911, httpsreq=, url=test-page-url-1688162760911, showOnMenu=, inode=db75476b-668c-4519-b867-03234ae0ac06, folder=ae5950a9-53c2-4b8d-8539-48410e90dcac, disabledWYSIWYG=[], sortOrder=1, modUser=system, host=f31f13c2-9d09-4b19-b49e-010f79c7e44e, stInode=c541abb1-69b3-4bc5-8430-5e09e5239cc8, friendlyName=test-page-friendly-name-1688162760911},lowIndexPriority=false,variantId=DEFAULT], parent=com.dotmarketing.portlets.folders.model.Folder@16d1af6f[identifier=ae5950a9-53c2-4b8d-8539-48410e90dcac,name=testName1688162760802,sortOrder=0,showOnMenu=false,hostId=f31f13c2-9d09-4b19-b49e-010f79c7e44e,type=folder,title=testTitle1688162760802,filesMasks=,defaultFileType=33888b6f-7a8e-4069-b1b6-5c1aa9d0a48d,modDate=2023-06-30 22:06:00.804,owner=&lt;null&gt;,iDate=2023-06-30 22:06:00.804,inode=ae5950a9-53c2-4b8d-8539-48410e90dcac,path=/testName1688162760802/], expectedName='test-page-url-1688162760911', expectedType='htmlpageasset'}]" classname="com.dotmarketing.business.DeterministicIdentifierAPITest" time="0.002"/>
  <testcase name="Test_Asset_Generate_Deterministic_Id_Best_Effort[4: TestCase{versionable=com.dotmarketing.portlets.contentlet.model.Contentlet@3b6d0c73[map={fileAsset2=/home/runner/work/core/custom/assets/b/6/b674d911-50e5-47cb-82d0-ed33a5c3fe15/fileAsset2/test_binary1688162761813.png, modDate=2023-06-30 22:06:01.817, fileAsset1=/home/runner/work/core/custom/assets/b/6/b674d911-50e5-47cb-82d0-ed33a5c3fe15/fileAsset1/test_binary1688162761813.jpg, title=blah, inode=b674d911-50e5-47cb-82d0-ed33a5c3fe15, __IS_NEW_CONTENT__=true, disabledWYSIWYG=[], host=48190c8c-42c4-46af-8d1a-0cd5db894797, stInode=5e4daf42-9c71-4f4c-900d-c8eb8618b431, owner=system, identifier=3e2c03d2-8bc6-4542-bc8e-e02ec066e6b7, nullProperties=[], languageId=1, image1=7946dbf4-3de8-49bf-aa44-8b8d5097cc83, folder=SYSTEM_FOLDER, __disable_workflow__=true, sortOrder=0, modUser=system},lowIndexPriority=false,variantId=DEFAULT], parent=demo.dotcms.com, expectedName='test_binary1688162761813.jpg:test_binary1688162761813.png', expectedType='MultipleBinaries1688162761126'}]" classname="com.dotmarketing.business.DeterministicIdentifierAPITest" time="0.002"/>
  <testcase name="Test_Asset_Generate_Deterministic_Id_Best_Effort[5: TestCase{versionable=name28452d8ee5 : keyTag28452d8ee5, parent=my.host1688162760060.com, expectedName='keyTag28452d8ee5', expectedType='persona'}]" classname="com.dotmarketing.business.DeterministicIdentifierAPITest" time="0.002"/>
  <testcase name="Test_Similar_Content_Type_Wont_Clash" classname="com.dotmarketing.business.DeterministicIdentifierAPITest" time="0.423"/>
  <testcase name="Test_Generate_Folder_Identifier" classname="com.dotmarketing.business.DeterministicIdentifierAPITest" time="0.404"/>
  <testcase name="Test_Generate_Content_Type_Identifier[0: ContentTypeTestCase{contentType=KeyValueContentType{name=Language Variable, id=f4d7c1b8-2c88-4071-abf1-a5328977b07d, description=Default Content Type for Language Variables, defaultType=false, fixed=true, iDate=Thu Aug 31 16:38:49 UTC 2017, system=true, versionable=true, variable=Languagevariable, modDate=Fri Jun 30 21:03:18 UTC 2023, host=SYSTEM_HOST, siteName=systemHost, icon=language, sortOrder=0, folder=SYSTEM_FOLDER, folderPath=/, markedForDeletion=true, multilingualable=false}, expectedName='Languagevariable', expectedType='KeyValue'}]" classname="com.dotmarketing.business.DeterministicIdentifierAPITest" time="0.004"/>
  <testcase name="Test_Generate_Content_Type_Identifier[1: ContentTypeTestCase{contentType=SimpleContentType{name=testName1688162762144, id=a00adc15-36c7-4ce0-9846-84fe0753f18b, description=testDescription1688162762144, defaultType=false, fixed=false, iDate=Fri Jun 30 22:06:02 UTC 2023, system=false, versionable=true, multilingualable=false, variable=testVarname1688162762144, owner=system, modDate=Fri Jun 30 22:06:03 UTC 2023, host=48190c8c-42c4-46af-8d1a-0cd5db894797, siteName=demo.dotcms.com, icon=event_note, sortOrder=0, folder=SYSTEM_FOLDER, folderPath=/, requiredFields=[], markedForDeletion=false}, expectedName='testVarname1688162762144', expectedType='CONTENT'}]" classname="com.dotmarketing.business.DeterministicIdentifierAPITest" time="0.003"/>
  <system-out><![CDATA[]]></system-out>
  <system-err><![CDATA[]]></system-err>
</testsuite>
