<?xml version="1.0" encoding="UTF-8"?>
<testsuite name="com.dotcms.rest.api.v1.vtl.VTLResourceIntegrationTest" tests="6" skipped="0" failures="0" errors="0" timestamp="2023-07-11T20:46:56" hostname="fv-az206-849" time="12.009">
  <properties/>
  <testcase name="testGet[0: com.dotcms.rest.api.v1.vtl.VTLResourceTestCase@52991ff5]" classname="com.dotcms.rest.api.v1.vtl.VTLResourceIntegrationTest" time="2.271"/>
  <testcase name="testGet[1: com.dotcms.rest.api.v1.vtl.VTLResourceTestCase@4f90862]" classname="com.dotcms.rest.api.v1.vtl.VTLResourceIntegrationTest" time="1.767"/>
  <testcase name="testGet[2: com.dotcms.rest.api.v1.vtl.VTLResourceTestCase@489702cf]" classname="com.dotcms.rest.api.v1.vtl.VTLResourceIntegrationTest" time="2.078"/>
  <testcase name="testGet[3: com.dotcms.rest.api.v1.vtl.VTLResourceTestCase@1deb8a9d]" classname="com.dotcms.rest.api.v1.vtl.VTLResourceIntegrationTest" time="2.12"/>
  <testcase name="testGet[4: com.dotcms.rest.api.v1.vtl.VTLResourceTestCase@7975862]" classname="com.dotcms.rest.api.v1.vtl.VTLResourceIntegrationTest" time="1.829"/>
  <testcase name="testGet[5: com.dotcms.rest.api.v1.vtl.VTLResourceTestCase@4b61faea]" classname="com.dotcms.rest.api.v1.vtl.VTLResourceIntegrationTest" time="1.944"/>
  <system-out><![CDATA[]]></system-out>
  <system-err><![CDATA[]]></system-err>
</testsuite>
