<?xml version="1.0" encoding="UTF-8"?>
<testsuite name="com.dotcms.publishing.PushPublishFiltersInitializerTest" tests="6" skipped="0" failures="0" errors="0" timestamp="2023-07-10T23:39:36" hostname="fv-az620-40" time="0.083">
  <properties/>
  <testcase name="test_loadFilter_BooleanPropertyValueSetNumber_filterIsNotAdded" classname="com.dotcms.publishing.PushPublishFiltersInitializerTest" time="0.02"/>
  <testcase name="test_loadFilter_success" classname="com.dotcms.publishing.PushPublishFiltersInitializerTest" time="0.005"/>
  <testcase name="test_loadFilter_RequiredPropertyNull_filterIsNotAdded" classname="com.dotcms.publishing.PushPublishFiltersInitializerTest" time="0.017"/>
  <testcase name="test_loadFilter_BooleanPropertyValueSetToAnyOtherString_filterIsNotAdded" classname="com.dotcms.publishing.PushPublishFiltersInitializerTest" time="0.006"/>
  <testcase name="test_loadFilter_YAMLFileEmpty_otherFiltersLoadSuccessfully" classname="com.dotcms.publishing.PushPublishFiltersInitializerTest" time="0.015"/>
  <testcase name="test_loadFilter_AddPropertyNotExpected_filterIsNotAdded" classname="com.dotcms.publishing.PushPublishFiltersInitializerTest" time="0.019"/>
  <system-out><![CDATA[]]></system-out>
  <system-err><![CDATA[]]></system-err>
</testsuite>
