<?xml version="1.0" encoding="UTF-8"?>
<testsuite name="com.dotmarketing.servlets.ajax.AjaxDirectorServletIntegrationTest" tests="2" skipped="0" failures="0" errors="0" timestamp="2023-07-11T03:33:06" hostname="fv-az437-589" time="3.039">
  <properties/>
  <testcase name="testService[0: com.dotmarketing.servlets.ajax.AjaxDirectorServletTestCase@32574171]" classname="com.dotmarketing.servlets.ajax.AjaxDirectorServletIntegrationTest" time="1.486"/>
  <testcase name="testService[1: com.dotmarketing.servlets.ajax.AjaxDirectorServletTestCase@783c8030]" classname="com.dotmarketing.servlets.ajax.AjaxDirectorServletIntegrationTest" time="1.552"/>
  <system-out><![CDATA[]]></system-out>
  <system-err><![CDATA[]]></system-err>
</testsuite>
