<?xml version="1.0" encoding="UTF-8"?>
<testsuite name="com.dotcms.rest.api.v1.vtl.VTLResourceIntegrationTest" tests="6" skipped="0" failures="0" errors="0" timestamp="2023-07-13T20:38:13" hostname="fv-az673-76" time="12.516">
  <properties/>
  <testcase name="testGet[0: com.dotcms.rest.api.v1.vtl.VTLResourceTestCase@32e4acba]" classname="com.dotcms.rest.api.v1.vtl.VTLResourceIntegrationTest" time="2.534"/>
  <testcase name="testGet[1: com.dotcms.rest.api.v1.vtl.VTLResourceTestCase@723dd3fb]" classname="com.dotcms.rest.api.v1.vtl.VTLResourceIntegrationTest" time="1.857"/>
  <testcase name="testGet[2: com.dotcms.rest.api.v1.vtl.VTLResourceTestCase@41cb6ee7]" classname="com.dotcms.rest.api.v1.vtl.VTLResourceIntegrationTest" time="2.143"/>
  <testcase name="testGet[3: com.dotcms.rest.api.v1.vtl.VTLResourceTestCase@15d7139b]" classname="com.dotcms.rest.api.v1.vtl.VTLResourceIntegrationTest" time="1.995"/>
  <testcase name="testGet[4: com.dotcms.rest.api.v1.vtl.VTLResourceTestCase@241ece7]" classname="com.dotcms.rest.api.v1.vtl.VTLResourceIntegrationTest" time="1.915"/>
  <testcase name="testGet[5: com.dotcms.rest.api.v1.vtl.VTLResourceTestCase@1e7f455f]" classname="com.dotcms.rest.api.v1.vtl.VTLResourceIntegrationTest" time="2.071"/>
  <system-out><![CDATA[]]></system-out>
  <system-err><![CDATA[]]></system-err>
</testsuite>
