<?xml version="1.0" encoding="UTF-8"?>
<testsuite name="com.dotcms.rendering.velocity.viewtools.content.StoryBlockMapTest" tests="7" skipped="0" failures="0" errors="0" timestamp="2023-07-11T18:38:03" hostname="fv-az246-187" time="0.504">
  <properties/>
  <testcase name="test_overridden_render_to_html" classname="com.dotcms.rendering.velocity.viewtools.content.StoryBlockMapTest" time="0.378"/>
  <testcase name="test_default_render_to_html" classname="com.dotcms.rendering.velocity.viewtools.content.StoryBlockMapTest" time="0.089"/>
  <testcase name="test_default_olist_render_to_html" classname="com.dotcms.rendering.velocity.viewtools.content.StoryBlockMapTest" time="0.007"/>
  <testcase name="test_default_contentlet_render_to_html" classname="com.dotcms.rendering.velocity.viewtools.content.StoryBlockMapTest" time="0.008"/>
  <testcase name="test_empty_json_to_html" classname="com.dotcms.rendering.velocity.viewtools.content.StoryBlockMapTest" time="0.002"/>
  <testcase name="test_default_ulist_render_to_html" classname="com.dotcms.rendering.velocity.viewtools.content.StoryBlockMapTest" time="0.007"/>
  <testcase name="test_default_paragraph_render_to_html" classname="com.dotcms.rendering.velocity.viewtools.content.StoryBlockMapTest" time="0.011"/>
  <system-out><![CDATA[]]></system-out>
  <system-err><![CDATA[]]></system-err>
</testsuite>
