<?xml version="1.0" encoding="UTF-8"?>
<testsuite name="com.dotmarketing.startup.runonce.Task220401CreateClusterLockTableTest" tests="1" skipped="0" failures="0" errors="0" timestamp="2023-07-07T20:20:42" hostname="fv-az622-57" time="0.013">
  <properties/>
  <testcase name="testExecuteUpgrade" classname="com.dotmarketing.startup.runonce.Task220401CreateClusterLockTableTest" time="0.013"/>
  <system-out><![CDATA[]]></system-out>
  <system-err><![CDATA[]]></system-err>
</testsuite>
