<?xml version="1.0" encoding="UTF-8"?>
<testsuite name="com.dotcms.enterprise.publishing.remote.bundler.FolderBundlerTest" tests="3" skipped="0" failures="0" errors="0" timestamp="2023-07-10T23:49:39" hostname="fv-az339-476" time="0.028">
  <properties/>
  <testcase name="addFolderInBundle[0: com.dotcms.enterprise.publishing.remote.bundler.FolderBundlerTest$TestCase@5c64781e]" classname="com.dotcms.enterprise.publishing.remote.bundler.FolderBundlerTest" time="0.015"/>
  <testcase name="addFolderInBundle[1: com.dotcms.enterprise.publishing.remote.bundler.FolderBundlerTest$TestCase@700cba7d]" classname="com.dotcms.enterprise.publishing.remote.bundler.FolderBundlerTest" time="0.007"/>
  <testcase name="addFolderInBundle[2: com.dotcms.enterprise.publishing.remote.bundler.FolderBundlerTest$TestCase@abbba9d]" classname="com.dotcms.enterprise.publishing.remote.bundler.FolderBundlerTest" time="0.006"/>
  <system-out><![CDATA[]]></system-out>
  <system-err><![CDATA[]]></system-err>
</testsuite>
