<?xml version="1.0" encoding="UTF-8"?>
<testsuite name="com.dotcms.experiments.business.web.ExperimentWebAPIImplIntegrationTest" tests="14" skipped="0" failures="0" errors="0" timestamp="2023-06-30T14:44:31" hostname="fv-az409-496" time="31.678">
  <properties/>
  <testcase name="experimentWithFalseRules" classname="com.dotcms.experiments.business.web.ExperimentWebAPIImplIntegrationTest" time="2.101"/>
  <testcase name="severalExperimenstWithTrueRules" classname="com.dotcms.experiments.business.web.ExperimentWebAPIImplIntegrationTest" time="4.351"/>
  <testcase name="trafficLocation50" classname="com.dotcms.experiments.business.web.ExperimentWebAPIImplIntegrationTest" time="1.656"/>
  <testcase name="isUserIncludedIntoExperimentWithIndexPage" classname="com.dotcms.experiments.business.web.ExperimentWebAPIImplIntegrationTest" time="1.461"/>
  <testcase name="isUserIncluded" classname="com.dotcms.experiments.business.web.ExperimentWebAPIImplIntegrationTest" time="1.702"/>
  <testcase name="excludeExperiments" classname="com.dotcms.experiments.business.web.ExperimentWebAPIImplIntegrationTest" time="3.948"/>
  <testcase name="isUserIncludedIntoExperimentWithBlogIndexPage" classname="com.dotcms.experiments.business.web.ExperimentWebAPIImplIntegrationTest" time="1.356"/>
  <testcase name="isUserIncludedIntoExperimentWithDetailPage" classname="com.dotcms.experiments.business.web.ExperimentWebAPIImplIntegrationTest" time="1.105"/>
  <testcase name="isUserIncludedIntoExperimentWithDetailPageAndTwoContentTypes" classname="com.dotcms.experiments.business.web.ExperimentWebAPIImplIntegrationTest" time="2.025"/>
  <testcase name="isUserIncludedWithVariants" classname="com.dotcms.experiments.business.web.ExperimentWebAPIImplIntegrationTest" time="1.668"/>
  <testcase name="isUserIncludedInMoreThanOneExperiment" classname="com.dotcms.experiments.business.web.ExperimentWebAPIImplIntegrationTest" time="4.21"/>
  <testcase name="severalExperiment" classname="com.dotcms.experiments.business.web.ExperimentWebAPIImplIntegrationTest" time="3.978"/>
  <testcase name="noExperimentRunning" classname="com.dotcms.experiments.business.web.ExperimentWebAPIImplIntegrationTest" time="0.004"/>
  <testcase name="experimentWithTrueRules" classname="com.dotcms.experiments.business.web.ExperimentWebAPIImplIntegrationTest" time="2.108"/>
  <system-out><![CDATA[]]></system-out>
  <system-err><![CDATA[]]></system-err>
</testsuite>
