<?xml version="1.0" encoding="UTF-8"?>
<testsuite name="com.dotmarketing.portlets.workflows.actionlet.SaveContentActionletWithTagsTest" tests="1" skipped="0" failures="0" errors="0" timestamp="2023-07-14T15:13:45" hostname="fv-az627-249" time="1.231">
  <properties/>
  <testcase name="test_Save_Contentlet_Actionlet_Tags" classname="com.dotmarketing.portlets.workflows.actionlet.SaveContentActionletWithTagsTest" time="1.231"/>
  <system-out><![CDATA[]]></system-out>
  <system-err><![CDATA[]]></system-err>
</testsuite>
