<?xml version="1.0" encoding="UTF-8"?>
<testsuite name="com.dotmarketing.portlets.workflows.actionlet.VelocityScriptActionletAbortTest" tests="2" skipped="0" failures="0" errors="0" timestamp="2023-06-29T06:49:40" hostname="fv-az590-241" time="0.016">
  <properties/>
  <testcase name="Test_Velocity_Script_Actionlet_Abort_Stopped" classname="com.dotmarketing.portlets.workflows.actionlet.VelocityScriptActionletAbortTest" time="0.012"/>
  <testcase name="Test_Velocity_Script_Actionlet_Abort_Non_Stopped" classname="com.dotmarketing.portlets.workflows.actionlet.VelocityScriptActionletAbortTest" time="0.004"/>
  <system-out><![CDATA[]]></system-out>
  <system-err><![CDATA[]]></system-err>
</testsuite>
