<?xml version="1.0" encoding="UTF-8"?>
<testsuite name="com.dotcms.rest.elasticsearch.ESContentResourcePortletTest" tests="8" skipped="0" failures="0" errors="0" timestamp="2023-06-28T17:06:33" hostname="fv-az842-670" time="8.993">
  <properties/>
  <testcase name="test_search_includeGrandChildCategory_success" classname="com.dotcms.rest.elasticsearch.ESContentResourcePortletTest" time="1.598"/>
  <testcase name="testSearch[0: com.dotcms.rest.elasticsearch.ESContentResourcePortletTest$TestCase@45ff40d1]" classname="com.dotcms.rest.elasticsearch.ESContentResourcePortletTest" time="1.085"/>
  <testcase name="testSearch[1: com.dotcms.rest.elasticsearch.ESContentResourcePortletTest$TestCase@eb6d816]" classname="com.dotcms.rest.elasticsearch.ESContentResourcePortletTest" time="1.394"/>
  <testcase name="testSearch[2: com.dotcms.rest.elasticsearch.ESContentResourcePortletTest$TestCase@47ca8042]" classname="com.dotcms.rest.elasticsearch.ESContentResourcePortletTest" time="1.079"/>
  <testcase name="testSearch[3: com.dotcms.rest.elasticsearch.ESContentResourcePortletTest$TestCase@97c8e2c]" classname="com.dotcms.rest.elasticsearch.ESContentResourcePortletTest" time="1.313"/>
  <testcase name="testSearch[4: com.dotcms.rest.elasticsearch.ESContentResourcePortletTest$TestCase@36baae1a]" classname="com.dotcms.rest.elasticsearch.ESContentResourcePortletTest" time="0.325"/>
  <testcase name="testSearch[5: com.dotcms.rest.elasticsearch.ESContentResourcePortletTest$TestCase@e74a6b3]" classname="com.dotcms.rest.elasticsearch.ESContentResourcePortletTest" time="1.074"/>
  <testcase name="testSearch[6: com.dotcms.rest.elasticsearch.ESContentResourcePortletTest$TestCase@1d2fffaf]" classname="com.dotcms.rest.elasticsearch.ESContentResourcePortletTest" time="1.122"/>
  <system-out><![CDATA[]]></system-out>
  <system-err><![CDATA[]]></system-err>
</testsuite>
