<?xml version="1.0" encoding="UTF-8"?>
<testsuite name="com.dotcms.util.ImportUtilTest" tests="39" skipped="1" failures="0" errors="0" timestamp="2023-06-30T19:33:47" hostname="fv-az442-763" time="43.15">
  <properties/>
  <testcase name="importFile_success_when_lineContainsRelationships[0: com.dotcms.util.ImportUtilTest$RelationshipTestCase@1dcb8600]" classname="com.dotcms.util.ImportUtilTest" time="2.477"/>
  <testcase name="importFile_success_when_lineContainsRelationships[1: com.dotcms.util.ImportUtilTest$RelationshipTestCase@46408804]" classname="com.dotcms.util.ImportUtilTest" time="1.919"/>
  <testcase name="importFile_success_when_lineContainsRelationships[2: com.dotcms.util.ImportUtilTest$RelationshipTestCase@70125163]" classname="com.dotcms.util.ImportUtilTest" time="2.133"/>
  <testcase name="importFile_success_when_lineContainsRelationships[3: com.dotcms.util.ImportUtilTest$RelationshipTestCase@50f866a6]" classname="com.dotcms.util.ImportUtilTest" time="2.065"/>
  <testcase name="importFile_success_when_twoLinesHaveSameUniqueKeysButDifferentLanguage[0: UniqueTitle]" classname="com.dotcms.util.ImportUtilTest" time="0.136"/>
  <testcase name="importFile_success_when_twoLinesHaveSameUniqueKeysButDifferentLanguage[1: A+ Student]" classname="com.dotcms.util.ImportUtilTest" time="0.128"/>
  <testcase name="importFile_success_when_twoLinesHaveSameUniqueKeysButDifferentLanguage[2: aaa-bbb-ccc]" classname="com.dotcms.util.ImportUtilTest" time="0.137"/>
  <testcase name="importFile_success_when_twoLinesHaveSameUniqueKeysButDifferentLanguage[3: valid - field]" classname="com.dotcms.util.ImportUtilTest" time="0.2"/>
  <testcase name="importFile_success_when_twoLinesHaveSameUniqueKeysButDifferentLanguage[4: with &quot; quotes]" classname="com.dotcms.util.ImportUtilTest" time="0.14"/>
  <testcase name="importFile_success_when_twoLinesHaveSameUniqueKeysButDifferentLanguage[5: with special characters + [ ] { } * ( ) : &amp;&amp; ! | ^ ~ ?]" classname="com.dotcms.util.ImportUtilTest" time="0.119"/>
  <testcase name="importFile_success_when_twoLinesHaveSameUniqueKeysButDifferentLanguage[6: CASEINSENSITIVE]" classname="com.dotcms.util.ImportUtilTest" time="0.134"/>
  <testcase name="importFile_success_when_twoLinesHaveSameUniqueKeysButDifferentLanguage[7: with chinese characters 好 心 面]" classname="com.dotcms.util.ImportUtilTest" time="0.122"/>
  <testcase name="importFile_success_when_twoLinesHaveDifferentUniqueNumberKeys" classname="com.dotcms.util.ImportUtilTest" time="0.165"/>
  <testcase name="importFile_success_when_lineContainsBothSidedSelfRelationship" classname="com.dotcms.util.ImportUtilTest" time="2.276"/>
  <testcase name="importFile_updateRelatedContentWithTheSameIdentifier_doesNotThrowException" classname="com.dotcms.util.ImportUtilTest" time="2.032"/>
  <testcase name="importFile_success_when_importLinesWithShortActionId" classname="com.dotcms.util.ImportUtilTest" time="1.642"/>
  <testcase name="importFile_updateRelatedContentWithEmptyColumn_shouldWipeOutRelatedContentList" classname="com.dotcms.util.ImportUtilTest" time="2.113"/>
  <testcase name="importFileWithwfActionIdAndPartialPermissionsOnActionId_success_when_importLinesWithActionsId_ExceptoOneWithCheckinMethod" classname="com.dotcms.util.ImportUtilTest" time="1.823"/>
  <testcase name="importFile_fails_when_twoLinesHaveSameUniqueKeys[0: UniqueTitle]" classname="com.dotcms.util.ImportUtilTest" time="0.15"/>
  <testcase name="importFile_fails_when_twoLinesHaveSameUniqueKeys[1: A+ Student]" classname="com.dotcms.util.ImportUtilTest" time="0.152"/>
  <testcase name="importFile_fails_when_twoLinesHaveSameUniqueKeys[2: aaa-bbb-ccc]" classname="com.dotcms.util.ImportUtilTest" time="0.148"/>
  <testcase name="importFile_fails_when_twoLinesHaveSameUniqueKeys[3: valid - field]" classname="com.dotcms.util.ImportUtilTest" time="0.159"/>
  <testcase name="importFile_fails_when_twoLinesHaveSameUniqueKeys[4: with &quot; quotes]" classname="com.dotcms.util.ImportUtilTest" time="0.143"/>
  <testcase name="importFile_fails_when_twoLinesHaveSameUniqueKeys[5: with special characters + [ ] { } * ( ) : &amp;&amp; ! | ^ ~ ?]" classname="com.dotcms.util.ImportUtilTest" time="0.161"/>
  <testcase name="importFile_fails_when_twoLinesHaveSameUniqueKeys[6: CASEINSENSITIVE]" classname="com.dotcms.util.ImportUtilTest" time="0.149"/>
  <testcase name="importFile_fails_when_twoLinesHaveSameUniqueKeys[7: with chinese characters 好 心 面]" classname="com.dotcms.util.ImportUtilTest" time="0.169"/>
  <testcase name="importFile_success_when_lineContainsLegacySelfRelatedContent" classname="com.dotcms.util.ImportUtilTest" time="2.346"/>
  <testcase name="importFileWithoutwfActionIdOrWithoutPermissionsOnActionId_success_when_importLinesWithCheckinMethod" classname="com.dotcms.util.ImportUtilTest" time="1.787"/>
  <testcase name="importFile_importBinaryFieldUsingURL_success" classname="com.dotcms.util.ImportUtilTest" time="2.043"/>
  <testcase name="importFile_importContentWithOptionalBinaryField_success" classname="com.dotcms.util.ImportUtilTest" time="1.375"/>
  <testcase name="importFile_fails_when_twoLinesHaveSameUniqueNumberKeys" classname="com.dotcms.util.ImportUtilTest" time="0.183"/>
  <testcase name="importFileWithwfActionIdAndPartialPermissionsOnActionId_success_when_importLinesWithPartialCheckinMethod" classname="com.dotcms.util.ImportUtilTest" time="1.659"/>
  <testcase name="importFile_success_when_importLinesUpdateExistingContent" classname="com.dotcms.util.ImportUtilTest" time="5.057"/>
  <testcase name="importFile_success_when_lineContainsOneSidedSelfRelationship" classname="com.dotcms.util.ImportUtilTest" time="1.894"/>
  <testcase name="importLine_shouldRetainCategoriesIfHeaderNotSent" classname="com.dotcms.util.ImportUtilTest" time="2.916"/>
  <testcase name="importFile_importBinaryFieldUsingURL_failed_URLsareNotValid" classname="com.dotcms.util.ImportUtilTest" time="0.632"/>
  <testcase name="importFile_updateRelatedContentWithoutRelationshipFieldColumn_shouldKeepRelatedContentList" classname="com.dotcms.util.ImportUtilTest" time="1.97"/>
  <testcase name="importFile_success_when_twoLinesHaveDifferentUniqueKeys" classname="com.dotcms.util.ImportUtilTest" time="0.285"/>
  <testcase name="importFile" classname="com.dotcms.util.ImportUtilTest" time="0.0">
    <skipped/>
  </testcase>
  <system-out><![CDATA[]]></system-out>
  <system-err><![CDATA[]]></system-err>
</testsuite>
