<?xml version="1.0" encoding="UTF-8"?>
<testsuite name="com.dotmarketing.servlets.ajax.AjaxDirectorServletIntegrationTest" tests="2" skipped="0" failures="0" errors="0" timestamp="2023-07-11T18:09:07" hostname="fv-az1032-278" time="0.795">
  <properties/>
  <testcase name="testService[0: com.dotmarketing.servlets.ajax.AjaxDirectorServletTestCase@35fabd55]" classname="com.dotmarketing.servlets.ajax.AjaxDirectorServletIntegrationTest" time="0.465"/>
  <testcase name="testService[1: com.dotmarketing.servlets.ajax.AjaxDirectorServletTestCase@5bd39c15]" classname="com.dotmarketing.servlets.ajax.AjaxDirectorServletIntegrationTest" time="0.33"/>
  <system-out><![CDATA[]]></system-out>
  <system-err><![CDATA[]]></system-err>
</testsuite>
