<?xml version="1.0" encoding="UTF-8"?>
<testsuite name="com.dotmarketing.business.VersionableFactoryImplTest" tests="10" skipped="0" failures="0" errors="0" timestamp="2023-07-14T15:47:02" hostname="fv-az627-249" time="11.875">
  <properties/>
  <testcase name="findContentletVersionInfo" classname="com.dotmarketing.business.VersionableFactoryImplTest" time="1.088"/>
  <testcase name="createContentletVersionInfoWithNotDefaultVariant" classname="com.dotmarketing.business.VersionableFactoryImplTest" time="1.062"/>
  <testcase name="findContentletVersionInfoInDBWithVariant" classname="com.dotmarketing.business.VersionableFactoryImplTest" time="1.061"/>
  <testcase name="findContentletVersionInfoInDB" classname="com.dotmarketing.business.VersionableFactoryImplTest" time="1.061"/>
  <testcase name="findAllContentletVersionInfoWithVariant" classname="com.dotmarketing.business.VersionableFactoryImplTest" time="1.156"/>
  <testcase name="findContentletByIdentifierAnyLanguageAndVariant" classname="com.dotmarketing.business.VersionableFactoryImplTest" time="2.196"/>
  <testcase name="findContentletVersionInfoWithVariant" classname="com.dotmarketing.business.VersionableFactoryImplTest" time="1.06"/>
  <testcase name="findContentletVersionInfoCacheWithVariant" classname="com.dotmarketing.business.VersionableFactoryImplTest" time="1.067"/>
  <testcase name="findContentletVersionInfoCache" classname="com.dotmarketing.business.VersionableFactoryImplTest" time="1.069"/>
  <testcase name="createContentletVersionInfoWithDefaultVariant" classname="com.dotmarketing.business.VersionableFactoryImplTest" time="1.055"/>
  <system-out><![CDATA[]]></system-out>
  <system-err><![CDATA[]]></system-err>
</testsuite>
