<?xml version="1.0" encoding="UTF-8"?>
<testsuite name="com.dotcms.rest.TagResourceIntegrationTest" tests="4" skipped="0" failures="0" errors="0" timestamp="2023-06-28T16:32:12" hostname="fv-az361-558" time="0.235">
  <properties/>
  <testcase name="testList[0: com.dotcms.rest.TagResourceTestCase@62aaa1bf]" classname="com.dotcms.rest.TagResourceIntegrationTest" time="0.185"/>
  <testcase name="testList[1: com.dotcms.rest.TagResourceTestCase@6112a85f]" classname="com.dotcms.rest.TagResourceIntegrationTest" time="0.017"/>
  <testcase name="testList[2: com.dotcms.rest.TagResourceTestCase@63e35043]" classname="com.dotcms.rest.TagResourceIntegrationTest" time="0.013"/>
  <testcase name="testList[3: com.dotcms.rest.TagResourceTestCase@6e22123b]" classname="com.dotcms.rest.TagResourceIntegrationTest" time="0.019"/>
  <system-out><![CDATA[]]></system-out>
  <system-err><![CDATA[Jun 28, 2023 4:32:12 PM com.dotcms.repackage.org.hibernate.validator.internal.util.Version <clinit>
INFO: HV000001: Hibernate Validator 4.3.2.Final
]]></system-err>
</testsuite>
