<?xml version="1.0" encoding="UTF-8"?>
<testsuite name="com.dotcms.enterprise.publishing.remote.bundler.HostBundlerTest" tests="3" skipped="0" failures="0" errors="0" timestamp="2023-06-27T20:08:24" hostname="fv-az337-595" time="0.05">
  <properties/>
  <testcase name="addHostInBundle[0: com.dotcms.enterprise.publishing.remote.bundler.HostBundlerTest$TestCase@628a906d]" classname="com.dotcms.enterprise.publishing.remote.bundler.HostBundlerTest" time="0.017"/>
  <testcase name="addHostInBundle[1: com.dotcms.enterprise.publishing.remote.bundler.HostBundlerTest$TestCase@1e6e0418]" classname="com.dotcms.enterprise.publishing.remote.bundler.HostBundlerTest" time="0.013"/>
  <testcase name="addHostInBundle[2: com.dotcms.enterprise.publishing.remote.bundler.HostBundlerTest$TestCase@5429362c]" classname="com.dotcms.enterprise.publishing.remote.bundler.HostBundlerTest" time="0.02"/>
  <system-out><![CDATA[]]></system-out>
  <system-err><![CDATA[]]></system-err>
</testsuite>
