<?xml version="1.0" encoding="UTF-8"?>
<testsuite name="com.dotcms.storage.FileStorageAPITest" tests="5" skipped="0" failures="0" errors="0" timestamp="2023-07-19T19:02:01" hostname="fv-az842-421" time="2.047">
  <properties/>
  <testcase name="Test_Chainable_Storage_Cache_404_pulling_existing_objects" classname="com.dotcms.storage.FileStorageAPITest" time="0.013"/>
  <testcase name="Test_Mem_Storage" classname="com.dotcms.storage.FileStorageAPITest" time="0.001"/>
  <testcase name="Test_Chainable_Storage_check_exist_object" classname="com.dotcms.storage.FileStorageAPITest" time="0.005"/>
  <testcase name="Test_Chainable_Storage_Cache_404_pulling" classname="com.dotcms.storage.FileStorageAPITest" time="0.004"/>
  <testcase name="Test_Chainable_Storage_Cascate_propagate_stores" classname="com.dotcms.storage.FileStorageAPITest" time="2.022"/>
  <system-out><![CDATA[]]></system-out>
  <system-err><![CDATA[]]></system-err>
</testsuite>
