<?xml version="1.0" encoding="UTF-8"?>
<testsuite name="org.apache.felix.framework.OSGIUtilTest" tests="6" skipped="0" failures="0" errors="0" timestamp="2023-06-26T15:40:25" hostname="fv-az180-822" time="11.005">
  <properties/>
  <testcase name="test01DefaultFelixDeployPath" classname="org.apache.felix.framework.OSGIUtilTest" time="0.0"/>
  <testcase name="test02DefaultFelixUndeployPath" classname="org.apache.felix.framework.OSGIUtilTest" time="0.001"/>
  <testcase name="test03CustomFelixDeployPath" classname="org.apache.felix.framework.OSGIUtilTest" time="4.389"/>
  <testcase name="test04CustomFelixUndeployPath" classname="org.apache.felix.framework.OSGIUtilTest" time="4.351"/>
  <testcase name="test_check_get_exported_packages_normalized" classname="org.apache.felix.framework.OSGIUtilTest" time="0.008"/>
  <testcase name="test_validate_felix_custom_base_dir" classname="org.apache.felix.framework.OSGIUtilTest" time="2.255"/>
  <system-out><![CDATA[













































































































































































































































































]]></system-out>
  <system-err><![CDATA[]]></system-err>
</testsuite>
