<?xml version="1.0" encoding="UTF-8"?>
<testsuite name="com.dotcms.analytics.metrics.QueryParameterValuesTransformerTest" tests="1" skipped="0" failures="0" errors="0" timestamp="2023-07-19T17:53:45" hostname="fv-az189-825" time="0.006">
  <properties/>
  <testcase name="transformQueryParamsValues" classname="com.dotcms.analytics.metrics.QueryParameterValuesTransformerTest" time="0.006"/>
  <system-out><![CDATA[]]></system-out>
  <system-err><![CDATA[]]></system-err>
</testsuite>
