<?xml version="1.0" encoding="UTF-8"?>
<testsuite name="com.dotmarketing.common.db.DotDatabaseMetaDataTest" tests="8" skipped="0" failures="0" errors="0" timestamp="2023-06-28T23:35:05" hostname="fv-az955-446" time="0.089">
  <properties/>
  <testcase name="getColumnNames" classname="com.dotmarketing.common.db.DotDatabaseMetaDataTest" time="0.01"/>
  <testcase name="tableNotExistsTest" classname="com.dotmarketing.common.db.DotDatabaseMetaDataTest" time="0.006"/>
  <testcase name="getForeignKeysTest" classname="com.dotmarketing.common.db.DotDatabaseMetaDataTest" time="0.022"/>
  <testcase name="tableExistsTest" classname="com.dotmarketing.common.db.DotDatabaseMetaDataTest" time="0.004"/>
  <testcase name="getPrimaryKeyFields" classname="com.dotmarketing.common.db.DotDatabaseMetaDataTest" time="0.009"/>
  <testcase name="getModifiedColumnLength" classname="com.dotmarketing.common.db.DotDatabaseMetaDataTest" time="0.015"/>
  <testcase name="findForeignKeysTest" classname="com.dotmarketing.common.db.DotDatabaseMetaDataTest" time="0.018"/>
  <testcase name="getContentletVersionInfoPrimaryKeyFields" classname="com.dotmarketing.common.db.DotDatabaseMetaDataTest" time="0.004"/>
  <system-out><![CDATA[



]]></system-out>
  <system-err><![CDATA[]]></system-err>
</testsuite>
