<?xml version="1.0" encoding="UTF-8"?>
<testsuite name="com.dotmarketing.portlets.structure.model.ContentletRelationshipsTest" tests="7" skipped="0" failures="0" errors="0" timestamp="2023-07-10T22:55:30" hostname="fv-az487-466" time="11.486">
  <properties/>
  <testcase name="testDoesAllowOnlyOne[0: com.dotmarketing.portlets.structure.model.ContentletRelationshipsTest$CardinalityTestCase@62b35d90]" classname="com.dotmarketing.portlets.structure.model.ContentletRelationshipsTest" time="0.762"/>
  <testcase name="testDoesAllowOnlyOne[1: com.dotmarketing.portlets.structure.model.ContentletRelationshipsTest$CardinalityTestCase@25a15a13]" classname="com.dotmarketing.portlets.structure.model.ContentletRelationshipsTest" time="0.845"/>
  <testcase name="testDoesAllowOnlyOne[2: com.dotmarketing.portlets.structure.model.ContentletRelationshipsTest$CardinalityTestCase@83569a5]" classname="com.dotmarketing.portlets.structure.model.ContentletRelationshipsTest" time="0.628"/>
  <testcase name="testGetRelationshipRecords[0: com.dotmarketing.portlets.structure.model.ContentletRelationshipsTest$TestCase@851a4fb]" classname="com.dotmarketing.portlets.structure.model.ContentletRelationshipsTest" time="2.433"/>
  <testcase name="testGetRelationshipRecords[1: com.dotmarketing.portlets.structure.model.ContentletRelationshipsTest$TestCase@707627bc]" classname="com.dotmarketing.portlets.structure.model.ContentletRelationshipsTest" time="2.452"/>
  <testcase name="testGetRelationshipRecords[2: com.dotmarketing.portlets.structure.model.ContentletRelationshipsTest$TestCase@5f289a63]" classname="com.dotmarketing.portlets.structure.model.ContentletRelationshipsTest" time="2.079"/>
  <testcase name="testGetRelationshipRecords[3: com.dotmarketing.portlets.structure.model.ContentletRelationshipsTest$TestCase@7c73a862]" classname="com.dotmarketing.portlets.structure.model.ContentletRelationshipsTest" time="2.284"/>
  <system-out><![CDATA[]]></system-out>
  <system-err><![CDATA[]]></system-err>
</testsuite>
