<?xml version="1.0" encoding="UTF-8"?>
<testsuite name="com.dotmarketing.portlets.structure.model.ContentletRelationshipsTest" tests="7" skipped="0" failures="0" errors="0" timestamp="2023-06-23T00:56:31" hostname="fv-az395-584" time="10.279">
  <properties/>
  <testcase name="testDoesAllowOnlyOne[0: com.dotmarketing.portlets.structure.model.ContentletRelationshipsTest$CardinalityTestCase@75cdce8f]" classname="com.dotmarketing.portlets.structure.model.ContentletRelationshipsTest" time="0.736"/>
  <testcase name="testDoesAllowOnlyOne[1: com.dotmarketing.portlets.structure.model.ContentletRelationshipsTest$CardinalityTestCase@355b6f2d]" classname="com.dotmarketing.portlets.structure.model.ContentletRelationshipsTest" time="0.634"/>
  <testcase name="testDoesAllowOnlyOne[2: com.dotmarketing.portlets.structure.model.ContentletRelationshipsTest$CardinalityTestCase@6d741a7a]" classname="com.dotmarketing.portlets.structure.model.ContentletRelationshipsTest" time="0.604"/>
  <testcase name="testGetRelationshipRecords[0: com.dotmarketing.portlets.structure.model.ContentletRelationshipsTest$TestCase@1675bff8]" classname="com.dotmarketing.portlets.structure.model.ContentletRelationshipsTest" time="1.463"/>
  <testcase name="testGetRelationshipRecords[1: com.dotmarketing.portlets.structure.model.ContentletRelationshipsTest$TestCase@dd7b20f]" classname="com.dotmarketing.portlets.structure.model.ContentletRelationshipsTest" time="2.373"/>
  <testcase name="testGetRelationshipRecords[2: com.dotmarketing.portlets.structure.model.ContentletRelationshipsTest$TestCase@631b969f]" classname="com.dotmarketing.portlets.structure.model.ContentletRelationshipsTest" time="2.28"/>
  <testcase name="testGetRelationshipRecords[3: com.dotmarketing.portlets.structure.model.ContentletRelationshipsTest$TestCase@2ef1e74c]" classname="com.dotmarketing.portlets.structure.model.ContentletRelationshipsTest" time="2.186"/>
  <system-out><![CDATA[]]></system-out>
  <system-err><![CDATA[]]></system-err>
</testsuite>
