<?xml version="1.0" encoding="UTF-8"?>
<testsuite name="com.dotcms.filters.interceptor.jwt.JsonWebTokenInterceptorIntegrationTest" tests="3" skipped="0" failures="0" errors="0" timestamp="2023-06-29T18:05:30" hostname="fv-az453-135" time="0.1">
  <properties/>
  <testcase name="interceptWithAccessTokenUserModifiedTest" classname="com.dotcms.filters.interceptor.jwt.JsonWebTokenInterceptorIntegrationTest" time="0.086"/>
  <testcase name="interceptWithAccessTokenTest" classname="com.dotcms.filters.interceptor.jwt.JsonWebTokenInterceptorIntegrationTest" time="0.008"/>
  <testcase name="interceptWithAccessTokenNonValidTest" classname="com.dotcms.filters.interceptor.jwt.JsonWebTokenInterceptorIntegrationTest" time="0.005"/>
  <system-out><![CDATA[



]]></system-out>
  <system-err><![CDATA[]]></system-err>
</testsuite>
