<?xml version="1.0" encoding="UTF-8"?>
<testsuite name="com.dotmarketing.servlets.ajax.AjaxDirectorServletIntegrationTest" tests="2" skipped="0" failures="0" errors="0" timestamp="2023-06-30T16:47:57" hostname="fv-az447-885" time="2.487">
  <properties/>
  <testcase name="testService[0: com.dotmarketing.servlets.ajax.AjaxDirectorServletTestCase@4e75ded1]" classname="com.dotmarketing.servlets.ajax.AjaxDirectorServletIntegrationTest" time="1.073"/>
  <testcase name="testService[1: com.dotmarketing.servlets.ajax.AjaxDirectorServletTestCase@5f8ddc36]" classname="com.dotmarketing.servlets.ajax.AjaxDirectorServletIntegrationTest" time="1.414"/>
  <system-out><![CDATA[]]></system-out>
  <system-err><![CDATA[]]></system-err>
</testsuite>
