<?xml version="1.0" encoding="UTF-8"?>
<testsuite name="com.dotcms.rest.api.v1.vtl.VTLResourceIntegrationTest" tests="6" skipped="0" failures="0" errors="0" timestamp="2023-07-20T19:31:38" hostname="fv-az408-124" time="12.403">
  <properties/>
  <testcase name="testGet[0: com.dotcms.rest.api.v1.vtl.VTLResourceTestCase@134ccf60]" classname="com.dotcms.rest.api.v1.vtl.VTLResourceIntegrationTest" time="2.343"/>
  <testcase name="testGet[1: com.dotcms.rest.api.v1.vtl.VTLResourceTestCase@662f03c7]" classname="com.dotcms.rest.api.v1.vtl.VTLResourceIntegrationTest" time="1.991"/>
  <testcase name="testGet[2: com.dotcms.rest.api.v1.vtl.VTLResourceTestCase@437c6a86]" classname="com.dotcms.rest.api.v1.vtl.VTLResourceIntegrationTest" time="2.094"/>
  <testcase name="testGet[3: com.dotcms.rest.api.v1.vtl.VTLResourceTestCase@632239d3]" classname="com.dotcms.rest.api.v1.vtl.VTLResourceIntegrationTest" time="1.976"/>
  <testcase name="testGet[4: com.dotcms.rest.api.v1.vtl.VTLResourceTestCase@1660cd18]" classname="com.dotcms.rest.api.v1.vtl.VTLResourceIntegrationTest" time="2.051"/>
  <testcase name="testGet[5: com.dotcms.rest.api.v1.vtl.VTLResourceTestCase@84fc528]" classname="com.dotcms.rest.api.v1.vtl.VTLResourceIntegrationTest" time="1.948"/>
  <system-out><![CDATA[]]></system-out>
  <system-err><![CDATA[]]></system-err>
</testsuite>
