<?xml version="1.0" encoding="UTF-8"?>
<testsuite name="com.dotmarketing.portlets.cmsmaintenance.factories.CMSMaintenanceFactoryTest" tests="1" skipped="0" failures="0" errors="0" timestamp="2023-07-20T18:31:13" hostname="fv-az799-201" time="13.263">
  <properties/>
  <testcase name="Test_deleteOldAssetVersions_success" classname="com.dotmarketing.portlets.cmsmaintenance.factories.CMSMaintenanceFactoryTest" time="13.263"/>
  <system-out><![CDATA[]]></system-out>
  <system-err><![CDATA[]]></system-err>
</testsuite>
