<?xml version="1.0" encoding="UTF-8"?>
<testsuite name="com.dotmarketing.portlets.contentlet.transform.BinaryToMapTransformerTest" tests="2" skipped="0" failures="0" errors="0" timestamp="2023-06-28T03:56:59" hostname="fv-az255-852" time="3.283">
  <properties/>
  <testcase name="test_BinaryToMapTransformer_transform" classname="com.dotmarketing.portlets.contentlet.transform.BinaryToMapTransformerTest" time="1.668"/>
  <testcase name="testNullBinaryField_ConstructionShouldSucceed" classname="com.dotmarketing.portlets.contentlet.transform.BinaryToMapTransformerTest" time="1.615"/>
  <system-out><![CDATA[]]></system-out>
  <system-err><![CDATA[]]></system-err>
</testsuite>
