<?xml version="1.0" encoding="UTF-8"?>
<testsuite name="com.dotcms.publishing.PublisherAPIImplTest" tests="24" skipped="0" failures="0" errors="0" timestamp="2023-06-30T14:36:28" hostname="fv-az178-462" time="4.656">
  <properties/>
  <testcase name="AddAllCategoryIntoBundle" classname="com.dotcms.publishing.PublisherAPIImplTest" time="0.201"/>
  <testcase name="testFilterDescriptors" classname="com.dotcms.publishing.PublisherAPIImplTest" time="0.109"/>
  <testcase name="sendPushPublishBundle[0: com.dotcms.publishing.PublisherAPIImplTest$TestAsset@20bbbb83]" classname="com.dotcms.publishing.PublisherAPIImplTest" time="1.439"/>
  <testcase name="sendPushPublishBundle[1: com.dotcms.publishing.PublisherAPIImplTest$TestAsset@b7944a]" classname="com.dotcms.publishing.PublisherAPIImplTest" time="0.26"/>
  <testcase name="sendPushPublishBundle[2: com.dotcms.publishing.PublisherAPIImplTest$TestAsset@27d5d538]" classname="com.dotcms.publishing.PublisherAPIImplTest" time="0.177"/>
  <testcase name="sendPushPublishBundle[3: com.dotcms.publishing.PublisherAPIImplTest$TestAsset@274d8ce9]" classname="com.dotcms.publishing.PublisherAPIImplTest" time="0.295"/>
  <testcase name="sendPushPublishBundle[4: com.dotcms.publishing.PublisherAPIImplTest$TestAsset@5a575c20]" classname="com.dotcms.publishing.PublisherAPIImplTest" time="0.277"/>
  <testcase name="sendPushPublishBundle[5: com.dotcms.publishing.PublisherAPIImplTest$TestAsset@667e96e4]" classname="com.dotcms.publishing.PublisherAPIImplTest" time="0.186"/>
  <testcase name="sendPushPublishBundle[6: com.dotcms.publishing.PublisherAPIImplTest$TestAsset@6f8be306]" classname="com.dotcms.publishing.PublisherAPIImplTest" time="0.137"/>
  <testcase name="sendPushPublishBundle[7: com.dotcms.publishing.PublisherAPIImplTest$TestAsset@246a00da]" classname="com.dotcms.publishing.PublisherAPIImplTest" time="0.139"/>
  <testcase name="sendPushPublishBundle[8: com.dotcms.publishing.PublisherAPIImplTest$TestAsset@44bcfe2b]" classname="com.dotcms.publishing.PublisherAPIImplTest" time="0.12"/>
  <testcase name="sendPushPublishBundle[9: com.dotcms.publishing.PublisherAPIImplTest$TestAsset@566799ee]" classname="com.dotcms.publishing.PublisherAPIImplTest" time="0.171"/>
  <testcase name="sendPushPublishBundle[10: com.dotcms.publishing.PublisherAPIImplTest$TestAsset@66c4c3f7]" classname="com.dotcms.publishing.PublisherAPIImplTest" time="0.065"/>
  <testcase name="generateBundle[0: com.dotcms.publishing.PublisherAPIImplTest$TestAsset@20bbbb83]" classname="com.dotcms.publishing.PublisherAPIImplTest" time="0.101"/>
  <testcase name="generateBundle[1: com.dotcms.publishing.PublisherAPIImplTest$TestAsset@b7944a]" classname="com.dotcms.publishing.PublisherAPIImplTest" time="0.1"/>
  <testcase name="generateBundle[2: com.dotcms.publishing.PublisherAPIImplTest$TestAsset@27d5d538]" classname="com.dotcms.publishing.PublisherAPIImplTest" time="0.082"/>
  <testcase name="generateBundle[3: com.dotcms.publishing.PublisherAPIImplTest$TestAsset@274d8ce9]" classname="com.dotcms.publishing.PublisherAPIImplTest" time="0.167"/>
  <testcase name="generateBundle[4: com.dotcms.publishing.PublisherAPIImplTest$TestAsset@5a575c20]" classname="com.dotcms.publishing.PublisherAPIImplTest" time="0.137"/>
  <testcase name="generateBundle[5: com.dotcms.publishing.PublisherAPIImplTest$TestAsset@667e96e4]" classname="com.dotcms.publishing.PublisherAPIImplTest" time="0.095"/>
  <testcase name="generateBundle[6: com.dotcms.publishing.PublisherAPIImplTest$TestAsset@6f8be306]" classname="com.dotcms.publishing.PublisherAPIImplTest" time="0.085"/>
  <testcase name="generateBundle[7: com.dotcms.publishing.PublisherAPIImplTest$TestAsset@246a00da]" classname="com.dotcms.publishing.PublisherAPIImplTest" time="0.084"/>
  <testcase name="generateBundle[8: com.dotcms.publishing.PublisherAPIImplTest$TestAsset@44bcfe2b]" classname="com.dotcms.publishing.PublisherAPIImplTest" time="0.069"/>
  <testcase name="generateBundle[9: com.dotcms.publishing.PublisherAPIImplTest$TestAsset@566799ee]" classname="com.dotcms.publishing.PublisherAPIImplTest" time="0.135"/>
  <testcase name="generateBundle[10: com.dotcms.publishing.PublisherAPIImplTest$TestAsset@66c4c3f7]" classname="com.dotcms.publishing.PublisherAPIImplTest" time="0.016"/>
  <system-out><![CDATA[









































































































































































]]></system-out>
  <system-err><![CDATA[]]></system-err>
</testsuite>
