<?xml version="1.0" encoding="UTF-8"?>
<testsuite name="com.dotmarketing.portlets.structure.model.ContentletRelationshipsTest" tests="7" skipped="0" failures="0" errors="0" timestamp="2023-06-30T17:04:31" hostname="fv-az452-220" time="8.253">
  <properties/>
  <testcase name="testDoesAllowOnlyOne[0: com.dotmarketing.portlets.structure.model.ContentletRelationshipsTest$CardinalityTestCase@3fba69d4]" classname="com.dotmarketing.portlets.structure.model.ContentletRelationshipsTest" time="0.435"/>
  <testcase name="testDoesAllowOnlyOne[1: com.dotmarketing.portlets.structure.model.ContentletRelationshipsTest$CardinalityTestCase@25f4b067]" classname="com.dotmarketing.portlets.structure.model.ContentletRelationshipsTest" time="0.365"/>
  <testcase name="testDoesAllowOnlyOne[2: com.dotmarketing.portlets.structure.model.ContentletRelationshipsTest$CardinalityTestCase@5ea785b9]" classname="com.dotmarketing.portlets.structure.model.ContentletRelationshipsTest" time="0.402"/>
  <testcase name="testGetRelationshipRecords[0: com.dotmarketing.portlets.structure.model.ContentletRelationshipsTest$TestCase@5c7d699b]" classname="com.dotmarketing.portlets.structure.model.ContentletRelationshipsTest" time="1.835"/>
  <testcase name="testGetRelationshipRecords[1: com.dotmarketing.portlets.structure.model.ContentletRelationshipsTest$TestCase@30e55f09]" classname="com.dotmarketing.portlets.structure.model.ContentletRelationshipsTest" time="1.856"/>
  <testcase name="testGetRelationshipRecords[2: com.dotmarketing.portlets.structure.model.ContentletRelationshipsTest$TestCase@3012a6fa]" classname="com.dotmarketing.portlets.structure.model.ContentletRelationshipsTest" time="1.675"/>
  <testcase name="testGetRelationshipRecords[3: com.dotmarketing.portlets.structure.model.ContentletRelationshipsTest$TestCase@527a770c]" classname="com.dotmarketing.portlets.structure.model.ContentletRelationshipsTest" time="1.684"/>
  <system-out><![CDATA[]]></system-out>
  <system-err><![CDATA[]]></system-err>
</testsuite>
