<?xml version="1.0" encoding="UTF-8"?>
<testsuite name="com.dotcms.content.elasticsearch.business.ElasticsearchUtilTest" tests="23" skipped="0" failures="0" errors="0" timestamp="2023-06-30T19:45:22" hostname="fv-az1231-758" time="2.615">
  <properties/>
  <testcase name="whenTheIndexDoesNotExistsShouldThrowException" classname="com.dotcms.content.elasticsearch.business.ElasticsearchUtilTest" time="0.003"/>
  <testcase name="shouldSetWorkingAndLiveIndexToReadOnly[0: index.blocks.read_only]" classname="com.dotcms.content.elasticsearch.business.ElasticsearchUtilTest" time="0.35"/>
  <testcase name="shouldSetWorkingAndLiveIndexToReadOnly[1: index.blocks.read_only_allow_delete]" classname="com.dotcms.content.elasticsearch.business.ElasticsearchUtilTest" time="0.256"/>
  <testcase name="whenIntervalUpdateIsSetInMinutes" classname="com.dotcms.content.elasticsearch.business.ElasticsearchUtilTest" time="0.059"/>
  <testcase name="shouldReturnTrueWhenLiveIndexIsReadOnly[0: index.blocks.read_only]" classname="com.dotcms.content.elasticsearch.business.ElasticsearchUtilTest" time="0.17"/>
  <testcase name="shouldReturnTrueWhenLiveIndexIsReadOnly[1: index.blocks.read_only_allow_delete]" classname="com.dotcms.content.elasticsearch.business.ElasticsearchUtilTest" time="0.169"/>
  <testcase name="shouldReturnTrueIfTheCurrentIndicesAreReadOnly[0: index.blocks.read_only]" classname="com.dotcms.content.elasticsearch.business.ElasticsearchUtilTest" time="0.115"/>
  <testcase name="shouldReturnTrueIfTheCurrentIndicesAreReadOnly[1: index.blocks.read_only_allow_delete]" classname="com.dotcms.content.elasticsearch.business.ElasticsearchUtilTest" time="0.168"/>
  <testcase name="whenIntervalUpdateIsSetInSeconds" classname="com.dotcms.content.elasticsearch.business.ElasticsearchUtilTest" time="0.047"/>
  <testcase name="whenIntervalUpdateIsSetInDefaultValue" classname="com.dotcms.content.elasticsearch.business.ElasticsearchUtilTest" time="0.034"/>
  <testcase name="shouldReturnFalseIfTheCurrentIndicesAreNotReadOnly[0: index.blocks.read_only]" classname="com.dotcms.content.elasticsearch.business.ElasticsearchUtilTest" time="0.135"/>
  <testcase name="shouldReturnFalseIfTheCurrentIndicesAreNotReadOnly[1: index.blocks.read_only_allow_delete]" classname="com.dotcms.content.elasticsearch.business.ElasticsearchUtilTest" time="0.136"/>
  <testcase name="shouldReturnFalseWhenTheClusterIsInReadOnlyMode[0: cluster.blocks.read_only]" classname="com.dotcms.content.elasticsearch.business.ElasticsearchUtilTest" time="0.061"/>
  <testcase name="shouldReturnFalseWhenTheClusterIsInReadOnlyMode[1: cluster.blocks.read_only_allow_delete]" classname="com.dotcms.content.elasticsearch.business.ElasticsearchUtilTest" time="0.052"/>
  <testcase name="setClusterReadOnlyModeToFalse[0: cluster.blocks.read_only]" classname="com.dotcms.content.elasticsearch.business.ElasticsearchUtilTest" time="0.054"/>
  <testcase name="setClusterReadOnlyModeToFalse[1: cluster.blocks.read_only_allow_delete]" classname="com.dotcms.content.elasticsearch.business.ElasticsearchUtilTest" time="0.05"/>
  <testcase name="shouldPutReadonlyInFalse[0: index.blocks.read_only]" classname="com.dotcms.content.elasticsearch.business.ElasticsearchUtilTest" time="0.185"/>
  <testcase name="shouldPutReadonlyInFalse[1: index.blocks.read_only_allow_delete]" classname="com.dotcms.content.elasticsearch.business.ElasticsearchUtilTest" time="0.206"/>
  <testcase name="shouldReturnFalseWhenTheClusterIsNotInReadOnlyMode[0: cluster.blocks.read_only]" classname="com.dotcms.content.elasticsearch.business.ElasticsearchUtilTest" time="0.004"/>
  <testcase name="shouldReturnFalseWhenTheClusterIsNotInReadOnlyMode[1: cluster.blocks.read_only_allow_delete]" classname="com.dotcms.content.elasticsearch.business.ElasticsearchUtilTest" time="0.007"/>
  <testcase name="shouldTryPutReadonlyInTrueAndTheIndexDoesNotExists" classname="com.dotcms.content.elasticsearch.business.ElasticsearchUtilTest" time="0.001"/>
  <testcase name="shouldReturnTrueWhenWorkingIndexIsReadOnly[0: index.blocks.read_only]" classname="com.dotcms.content.elasticsearch.business.ElasticsearchUtilTest" time="0.18"/>
  <testcase name="shouldReturnTrueWhenWorkingIndexIsReadOnly[1: index.blocks.read_only_allow_delete]" classname="com.dotcms.content.elasticsearch.business.ElasticsearchUtilTest" time="0.169"/>
  <system-out><![CDATA[]]></system-out>
  <system-err><![CDATA[]]></system-err>
</testsuite>
