<?xml version="1.0" encoding="UTF-8"?>
<testsuite name="com.dotmarketing.business.DeterministicIdentifierAPITest" tests="16" skipped="0" failures="0" errors="0" timestamp="2023-06-28T00:23:16" hostname="fv-az168-423" time="2.017">
  <properties/>
  <testcase name="Test_Category_Path_Seed_And_Id" classname="com.dotmarketing.business.DeterministicIdentifierAPITest" time="0.03"/>
  <testcase name="Test_Language_Deterministic_Id[0: LanguageTestCase{expectedSeed='Language:es:US', expectedHash=4913155, langCode='es', countryCode='US', country='United States'}]" classname="com.dotmarketing.business.DeterministicIdentifierAPITest" time="0.001"/>
  <testcase name="Test_Language_Deterministic_Id[1: LanguageTestCase{expectedSeed='Language:ep:', expectedHash=5292269, langCode='ep', countryCode='', country=''}]" classname="com.dotmarketing.business.DeterministicIdentifierAPITest" time="0.001"/>
  <testcase name="Test_Language_Deterministic_Id[2: LanguageTestCase{expectedSeed='Language:sg:SAG', expectedHash=4713118, langCode='sg', countryCode='SAG', country=''}]" classname="com.dotmarketing.business.DeterministicIdentifierAPITest" time="0.0"/>
  <testcase name="Test_Language_Deterministic_Id[3: LanguageTestCase{expectedSeed='Language:en:NZ', expectedHash=5382528, langCode='en', countryCode='NZ', country='New Zealand'}]" classname="com.dotmarketing.business.DeterministicIdentifierAPITest" time="0.0"/>
  <testcase name="Test_Category_None_Persisted_Category_Should_Return_Deterministic_Id" classname="com.dotmarketing.business.DeterministicIdentifierAPITest" time="0.002"/>
  <testcase name="Test_Asset_Generate_Deterministic_Id_Best_Effort[0: TestCase{versionable=my.host1687911380539.com, parent=System Host, expectedName='my.host1687911380539.com', expectedType='Host'}]" classname="com.dotmarketing.business.DeterministicIdentifierAPITest" time="0.003"/>
  <testcase name="Test_Asset_Generate_Deterministic_Id_Best_Effort[1: TestCase{versionable=com.dotmarketing.portlets.contentlet.model.Contentlet@78cc6d45[map={modDate=2023-06-28 00:16:21.319, fileName=file2243955241291480080.txt, title=file2243955241291480080.txt, inode=c611d13a-ed14-41c5-a8c8-37c6ef761b79, __IS_NEW_CONTENT__=true, disabledWYSIWYG=[], host=65bc9fe4-7b2b-42f2-aeb3-3e884adbc1db, stInode=33888b6f-7a8e-4069-b1b6-5c1aa9d0a48d, owner=system, identifier=7b33b0fa-535e-40e7-8f28-52e8e6a6d38d, nullProperties=[wfExpireDate, wfPublishDate, wfActionAssign, wfActionId, wfActionComments, filterKey, whereToSend, wfNeverExpire, _path_to_move, timezoneId, iWantTo, wfPublishTime, wfExpireTime], languageId=1, fileAsset=/home/runner/work/core/custom/assets/c/6/c611d13a-ed14-41c5-a8c8-37c6ef761b79/fileAsset/file2243955241291480080.txt, folder=b0983a8c-6876-4359-be9e-6628601ba773, __disable_workflow__=true, sortOrder=0, modUser=system},lowIndexPriority=false,variantId=DEFAULT], parent=com.dotmarketing.portlets.folders.model.Folder@71054abf[identifier=b0983a8c-6876-4359-be9e-6628601ba773,name=testName1687911381308,sortOrder=0,showOnMenu=false,hostId=65bc9fe4-7b2b-42f2-aeb3-3e884adbc1db,type=folder,title=testTitle1687911381308,filesMasks=,defaultFileType=33888b6f-7a8e-4069-b1b6-5c1aa9d0a48d,modDate=2023-06-28 00:16:21.314,owner=&lt;null&gt;,iDate=2023-06-28 00:16:21.314,inode=b0983a8c-6876-4359-be9e-6628601ba773,path=/testName1687911381308/], expectedName='file2243955241291480080.txt', expectedType='FileAsset'}]" classname="com.dotmarketing.business.DeterministicIdentifierAPITest" time="0.004"/>
  <testcase name="Test_Asset_Generate_Deterministic_Id_Best_Effort[2: TestCase{versionable=com.dotmarketing.portlets.templates.model.Template@18f2c9bb, parent=my.host1687911380539.com, expectedName='testTitle1687911381473', expectedType='Template'}]" classname="com.dotmarketing.business.DeterministicIdentifierAPITest" time="0.002"/>
  <testcase name="Test_Asset_Generate_Deterministic_Id_Best_Effort[3: TestCase{versionable=com.dotmarketing.portlets.htmlpageasset.model.HTMLPageAsset@6c70be7b[map={template=c6c131f8-65ec-4319-a0f9-5abeca52edb0, owner=system, identifier=cd911adb-c5d1-492c-949f-a5be1dded42d, nullProperties=[wfExpireDate, wfPublishDate, wfActionAssign, wfActionId, wfActionComments, filterKey, whereToSend, wfNeverExpire, _path_to_move, timezoneId, iWantTo, wfPublishTime, wfExpireTime], modDate=2023-06-28 00:16:21.504, cachettl=0, _is_test_mode=true, languageId=1, title=test-page-title-1687911381493, httpsreq=, url=test-page-url-1687911381493, showOnMenu=, inode=d6beb46a-e58f-4bd7-92e9-3cfa7fabbb8f, folder=b0983a8c-6876-4359-be9e-6628601ba773, disabledWYSIWYG=[], sortOrder=1, modUser=system, host=65bc9fe4-7b2b-42f2-aeb3-3e884adbc1db, stInode=c541abb1-69b3-4bc5-8430-5e09e5239cc8, friendlyName=test-page-friendly-name-1687911381493},lowIndexPriority=false,variantId=DEFAULT], parent=com.dotmarketing.portlets.folders.model.Folder@71054abf[identifier=b0983a8c-6876-4359-be9e-6628601ba773,name=testName1687911381308,sortOrder=0,showOnMenu=false,hostId=65bc9fe4-7b2b-42f2-aeb3-3e884adbc1db,type=folder,title=testTitle1687911381308,filesMasks=,defaultFileType=33888b6f-7a8e-4069-b1b6-5c1aa9d0a48d,modDate=2023-06-28 00:16:21.314,owner=&lt;null&gt;,iDate=2023-06-28 00:16:21.314,inode=b0983a8c-6876-4359-be9e-6628601ba773,path=/testName1687911381308/], expectedName='test-page-url-1687911381493', expectedType='htmlpageasset'}]" classname="com.dotmarketing.business.DeterministicIdentifierAPITest" time="0.002"/>
  <testcase name="Test_Asset_Generate_Deterministic_Id_Best_Effort[4: TestCase{versionable=com.dotmarketing.portlets.contentlet.model.Contentlet@757cc192[map={fileAsset2=/home/runner/work/core/custom/assets/7/2/725a4821-a4d3-4f10-b953-db94772ab7cb/fileAsset2/test_binary1687911383337.png, modDate=2023-06-28 00:16:23.344, fileAsset1=/home/runner/work/core/custom/assets/7/2/725a4821-a4d3-4f10-b953-db94772ab7cb/fileAsset1/test_binary1687911383337.jpg, title=blah, inode=725a4821-a4d3-4f10-b953-db94772ab7cb, __IS_NEW_CONTENT__=true, disabledWYSIWYG=[], host=48190c8c-42c4-46af-8d1a-0cd5db894797, stInode=e1cacbcb-4171-497b-9078-ca3367d54af2, owner=system, identifier=08d6dc92-fa8b-4645-90e7-d371f7826cf2, nullProperties=[], languageId=1, image1=1ea03732-55e8-435f-bbf6-dddb94f77309, folder=SYSTEM_FOLDER, __disable_workflow__=true, sortOrder=0, modUser=system},lowIndexPriority=false,variantId=DEFAULT], parent=demo.dotcms.com, expectedName='test_binary1687911383337.jpg:test_binary1687911383337.png', expectedType='MultipleBinaries1687911381719'}]" classname="com.dotmarketing.business.DeterministicIdentifierAPITest" time="0.004"/>
  <testcase name="Test_Asset_Generate_Deterministic_Id_Best_Effort[5: TestCase{versionable=name6a64343345 : keyTag6a64343345, parent=my.host1687911380539.com, expectedName='keyTag6a64343345', expectedType='persona'}]" classname="com.dotmarketing.business.DeterministicIdentifierAPITest" time="0.002"/>
  <testcase name="Test_Similar_Content_Type_Wont_Clash" classname="com.dotmarketing.business.DeterministicIdentifierAPITest" time="0.825"/>
  <testcase name="Test_Generate_Folder_Identifier" classname="com.dotmarketing.business.DeterministicIdentifierAPITest" time="1.12"/>
  <testcase name="Test_Generate_Content_Type_Identifier[0: ContentTypeTestCase{contentType=KeyValueContentType{name=Language Variable, id=f4d7c1b8-2c88-4071-abf1-a5328977b07d, description=Default Content Type for Language Variables, defaultType=false, fixed=true, iDate=Thu Aug 31 16:38:49 UTC 2017, system=true, versionable=true, variable=Languagevariable, modDate=Tue Jun 27 23:06:15 UTC 2023, host=SYSTEM_HOST, siteName=systemHost, icon=language, sortOrder=0, folder=SYSTEM_FOLDER, folderPath=/, markedForDeletion=true, multilingualable=false}, expectedName='Languagevariable', expectedType='KeyValue'}]" classname="com.dotmarketing.business.DeterministicIdentifierAPITest" time="0.011"/>
  <testcase name="Test_Generate_Content_Type_Identifier[1: ContentTypeTestCase{contentType=SimpleContentType{name=testName1687911383709, id=66dcd2ef-c0a3-47c1-a9f7-bc89ecdfb27a, description=testDescription1687911383709, defaultType=false, fixed=false, iDate=Wed Jun 28 00:16:23 UTC 2023, system=false, versionable=true, multilingualable=false, variable=testVarname1687911383709, owner=system, modDate=Wed Jun 28 00:16:25 UTC 2023, host=48190c8c-42c4-46af-8d1a-0cd5db894797, siteName=demo.dotcms.com, icon=event_note, sortOrder=0, folder=SYSTEM_FOLDER, folderPath=/, requiredFields=[], markedForDeletion=false}, expectedName='testVarname1687911383709', expectedType='CONTENT'}]" classname="com.dotmarketing.business.DeterministicIdentifierAPITest" time="0.006"/>
  <system-out><![CDATA[]]></system-out>
  <system-err><![CDATA[]]></system-err>
</testsuite>
