<?xml version="1.0" encoding="UTF-8"?>
<testsuite name="com.dotmarketing.portlets.structure.model.ContentletRelationshipsTest" tests="7" skipped="0" failures="0" errors="0" timestamp="2023-06-26T21:10:37" hostname="fv-az1241-672" time="8.074">
  <properties/>
  <testcase name="testDoesAllowOnlyOne[0: com.dotmarketing.portlets.structure.model.ContentletRelationshipsTest$CardinalityTestCase@7cd9fd7f]" classname="com.dotmarketing.portlets.structure.model.ContentletRelationshipsTest" time="0.601"/>
  <testcase name="testDoesAllowOnlyOne[1: com.dotmarketing.portlets.structure.model.ContentletRelationshipsTest$CardinalityTestCase@3556e94f]" classname="com.dotmarketing.portlets.structure.model.ContentletRelationshipsTest" time="0.57"/>
  <testcase name="testDoesAllowOnlyOne[2: com.dotmarketing.portlets.structure.model.ContentletRelationshipsTest$CardinalityTestCase@72961d0c]" classname="com.dotmarketing.portlets.structure.model.ContentletRelationshipsTest" time="0.511"/>
  <testcase name="testGetRelationshipRecords[0: com.dotmarketing.portlets.structure.model.ContentletRelationshipsTest$TestCase@1650ea18]" classname="com.dotmarketing.portlets.structure.model.ContentletRelationshipsTest" time="2.141"/>
  <testcase name="testGetRelationshipRecords[1: com.dotmarketing.portlets.structure.model.ContentletRelationshipsTest$TestCase@2551dfa8]" classname="com.dotmarketing.portlets.structure.model.ContentletRelationshipsTest" time="2.111"/>
  <testcase name="testGetRelationshipRecords[2: com.dotmarketing.portlets.structure.model.ContentletRelationshipsTest$TestCase@274f56dc]" classname="com.dotmarketing.portlets.structure.model.ContentletRelationshipsTest" time="1.1"/>
  <testcase name="testGetRelationshipRecords[3: com.dotmarketing.portlets.structure.model.ContentletRelationshipsTest$TestCase@65735144]" classname="com.dotmarketing.portlets.structure.model.ContentletRelationshipsTest" time="1.039"/>
  <system-out><![CDATA[]]></system-out>
  <system-err><![CDATA[]]></system-err>
</testsuite>
