<?xml version="1.0" encoding="UTF-8"?>
<testsuite name="com.dotcms.enterprise.publishing.remote.bundler.ContainerBundlerTest" tests="4" skipped="0" failures="0" errors="0" timestamp="2023-07-18T19:12:13" hostname="fv-az803-421" time="0.047">
  <properties/>
  <testcase name="addContainerInBundle[0: com.dotcms.enterprise.publishing.remote.bundler.ContainerBundlerTest$TestCase@677d7662]" classname="com.dotcms.enterprise.publishing.remote.bundler.ContainerBundlerTest" time="0.022"/>
  <testcase name="addContainerInBundle[1: com.dotcms.enterprise.publishing.remote.bundler.ContainerBundlerTest$TestCase@132b0ca4]" classname="com.dotcms.enterprise.publishing.remote.bundler.ContainerBundlerTest" time="0.01"/>
  <testcase name="addContainerInBundle[2: com.dotcms.enterprise.publishing.remote.bundler.ContainerBundlerTest$TestCase@87cf84e]" classname="com.dotcms.enterprise.publishing.remote.bundler.ContainerBundlerTest" time="0.008"/>
  <testcase name="addContainerInBundle[3: com.dotcms.enterprise.publishing.remote.bundler.ContainerBundlerTest$TestCase@2b58a41d]" classname="com.dotcms.enterprise.publishing.remote.bundler.ContainerBundlerTest" time="0.006"/>
  <system-out><![CDATA[]]></system-out>
  <system-err><![CDATA[]]></system-err>
</testsuite>
