<?xml version="1.0" encoding="UTF-8"?>
<testsuite name="com.dotmarketing.portlets.structure.model.ContentletRelationshipsTest" tests="7" skipped="0" failures="0" errors="0" timestamp="2023-07-17T21:12:08" hostname="fv-az1032-957" time="8.691">
  <properties/>
  <testcase name="testDoesAllowOnlyOne[0: com.dotmarketing.portlets.structure.model.ContentletRelationshipsTest$CardinalityTestCase@6a5dc545]" classname="com.dotmarketing.portlets.structure.model.ContentletRelationshipsTest" time="0.427"/>
  <testcase name="testDoesAllowOnlyOne[1: com.dotmarketing.portlets.structure.model.ContentletRelationshipsTest$CardinalityTestCase@64011e2f]" classname="com.dotmarketing.portlets.structure.model.ContentletRelationshipsTest" time="0.402"/>
  <testcase name="testDoesAllowOnlyOne[2: com.dotmarketing.portlets.structure.model.ContentletRelationshipsTest$CardinalityTestCase@3a3cfa33]" classname="com.dotmarketing.portlets.structure.model.ContentletRelationshipsTest" time="0.408"/>
  <testcase name="testGetRelationshipRecords[0: com.dotmarketing.portlets.structure.model.ContentletRelationshipsTest$TestCase@47aea575]" classname="com.dotmarketing.portlets.structure.model.ContentletRelationshipsTest" time="1.914"/>
  <testcase name="testGetRelationshipRecords[1: com.dotmarketing.portlets.structure.model.ContentletRelationshipsTest$TestCase@43dd2728]" classname="com.dotmarketing.portlets.structure.model.ContentletRelationshipsTest" time="1.883"/>
  <testcase name="testGetRelationshipRecords[2: com.dotmarketing.portlets.structure.model.ContentletRelationshipsTest$TestCase@2f41a91a]" classname="com.dotmarketing.portlets.structure.model.ContentletRelationshipsTest" time="1.719"/>
  <testcase name="testGetRelationshipRecords[3: com.dotmarketing.portlets.structure.model.ContentletRelationshipsTest$TestCase@727133a3]" classname="com.dotmarketing.portlets.structure.model.ContentletRelationshipsTest" time="1.936"/>
  <system-out><![CDATA[]]></system-out>
  <system-err><![CDATA[]]></system-err>
</testsuite>
