<?xml version="1.0" encoding="UTF-8"?>
<testsuite name="com.dotcms.rest.api.v1.contenttype.FieldResourceTest" tests="25" skipped="0" failures="0" errors="0" timestamp="2023-07-18T18:14:10" hostname="fv-az803-421" time="140.431">
  <properties/>
  <testcase name="testFieldMultiSelect" classname="com.dotcms.rest.api.v1.contenttype.FieldResourceTest" time="6.27"/>
  <testcase name="testFieldWysiwyg" classname="com.dotcms.rest.api.v1.contenttype.FieldResourceTest" time="6.415"/>
  <testcase name="testFieldCheckbox" classname="com.dotcms.rest.api.v1.contenttype.FieldResourceTest" time="5.637"/>
  <testcase name="testFieldDateTime" classname="com.dotcms.rest.api.v1.contenttype.FieldResourceTest" time="5.792"/>
  <testcase name="testFieldBinary" classname="com.dotcms.rest.api.v1.contenttype.FieldResourceTest" time="5.735"/>
  <testcase name="testFieldCustom" classname="com.dotcms.rest.api.v1.contenttype.FieldResourceTest" time="5.632"/>
  <testcase name="testFieldHidden" classname="com.dotcms.rest.api.v1.contenttype.FieldResourceTest" time="5.623"/>
  <testcase name="testFieldSelect" classname="com.dotcms.rest.api.v1.contenttype.FieldResourceTest" time="5.86"/>
  <testcase name="testFieldTag" classname="com.dotcms.rest.api.v1.contenttype.FieldResourceTest" time="5.69"/>
  <testcase name="testFieldImage" classname="com.dotcms.rest.api.v1.contenttype.FieldResourceTest" time="5.662"/>
  <testcase name="testFieldRadio" classname="com.dotcms.rest.api.v1.contenttype.FieldResourceTest" time="5.842"/>
  <testcase name="testFieldsList" classname="com.dotcms.rest.api.v1.contenttype.FieldResourceTest" time="0.909"/>
  <testcase name="testFieldPermissionTab" classname="com.dotcms.rest.api.v1.contenttype.FieldResourceTest" time="5.593"/>
  <testcase name="testFieldHostFolder" classname="com.dotcms.rest.api.v1.contenttype.FieldResourceTest" time="5.612"/>
  <testcase name="testFieldRelationshipsTab" classname="com.dotcms.rest.api.v1.contenttype.FieldResourceTest" time="5.559"/>
  <testcase name="testFieldLineDivider" classname="com.dotcms.rest.api.v1.contenttype.FieldResourceTest" time="5.592"/>
  <testcase name="testFieldTabDividerField" classname="com.dotcms.rest.api.v1.contenttype.FieldResourceTest" time="5.549"/>
  <testcase name="testFieldTextArea" classname="com.dotcms.rest.api.v1.contenttype.FieldResourceTest" time="5.907"/>
  <testcase name="testFieldConstant" classname="com.dotcms.rest.api.v1.contenttype.FieldResourceTest" time="5.935"/>
  <testcase name="testFieldCategory" classname="com.dotcms.rest.api.v1.contenttype.FieldResourceTest" time="5.809"/>
  <testcase name="testFieldDate" classname="com.dotcms.rest.api.v1.contenttype.FieldResourceTest" time="6.012"/>
  <testcase name="testFieldFile" classname="com.dotcms.rest.api.v1.contenttype.FieldResourceTest" time="5.759"/>
  <testcase name="testFieldText" classname="com.dotcms.rest.api.v1.contenttype.FieldResourceTest" time="6.359"/>
  <testcase name="testFieldTime" classname="com.dotcms.rest.api.v1.contenttype.FieldResourceTest" time="5.968"/>
  <testcase name="testFieldKeyValue" classname="com.dotcms.rest.api.v1.contenttype.FieldResourceTest" time="5.707"/>
  <system-out><![CDATA[]]></system-out>
  <system-err><![CDATA[]]></system-err>
</testsuite>
