<?xml version="1.0" encoding="UTF-8"?>
<testsuite name="com.dotmarketing.startup.runonce.Task05030UpdateSystemContentTypesHostTest" tests="1" skipped="0" failures="0" errors="0" timestamp="2023-06-28T17:53:50" hostname="fv-az283-467" time="0.476">
  <properties/>
  <testcase name="testExecuteUpgrade" classname="com.dotmarketing.startup.runonce.Task05030UpdateSystemContentTypesHostTest" time="0.476"/>
  <system-out><![CDATA[]]></system-out>
  <system-err><![CDATA[]]></system-err>
</testsuite>
