<?xml version="1.0" encoding="UTF-8"?>
<testsuite name="com.dotcms.rendering.velocity.viewtools.FileToolTest" tests="5" skipped="0" failures="0" errors="0" timestamp="2023-07-01T00:43:56" hostname="fv-az613-350" time="8.923">
  <properties/>
  <testcase name="getFileWithTwoVersions" classname="com.dotcms.rendering.velocity.viewtools.FileToolTest" time="1.049"/>
  <testcase name="getFileNotDefaultVariant" classname="com.dotcms.rendering.velocity.viewtools.FileToolTest" time="1.801"/>
  <testcase name="getFileWithVersionInAnotherVariant" classname="com.dotcms.rendering.velocity.viewtools.FileToolTest" time="1.994"/>
  <testcase name="getFileByFallback" classname="com.dotcms.rendering.velocity.viewtools.FileToolTest" time="2.068"/>
  <testcase name="testGetFile_givenNotLiveFile_ShouldReturnNull" classname="com.dotcms.rendering.velocity.viewtools.FileToolTest" time="2.011"/>
  <system-out><![CDATA[]]></system-out>
  <system-err><![CDATA[]]></system-err>
</testsuite>
