<?xml version="1.0" encoding="UTF-8"?>
<testsuite name="com.dotmarketing.business.DeterministicIdentifierAPITest" tests="16" skipped="0" failures="0" errors="0" timestamp="2023-06-30T23:23:36" hostname="fv-az936-969" time="1.611">
  <properties/>
  <testcase name="Test_Category_Path_Seed_And_Id" classname="com.dotmarketing.business.DeterministicIdentifierAPITest" time="0.023"/>
  <testcase name="Test_Language_Deterministic_Id[0: LanguageTestCase{expectedSeed='Language:es:US', expectedHash=4913155, langCode='es', countryCode='US', country='United States'}]" classname="com.dotmarketing.business.DeterministicIdentifierAPITest" time="0.001"/>
  <testcase name="Test_Language_Deterministic_Id[1: LanguageTestCase{expectedSeed='Language:ep:', expectedHash=5292269, langCode='ep', countryCode='', country=''}]" classname="com.dotmarketing.business.DeterministicIdentifierAPITest" time="0.001"/>
  <testcase name="Test_Language_Deterministic_Id[2: LanguageTestCase{expectedSeed='Language:sg:SAG', expectedHash=4713118, langCode='sg', countryCode='SAG', country=''}]" classname="com.dotmarketing.business.DeterministicIdentifierAPITest" time="0.001"/>
  <testcase name="Test_Language_Deterministic_Id[3: LanguageTestCase{expectedSeed='Language:en:NZ', expectedHash=5382528, langCode='en', countryCode='NZ', country='New Zealand'}]" classname="com.dotmarketing.business.DeterministicIdentifierAPITest" time="0.0"/>
  <testcase name="Test_Category_None_Persisted_Category_Should_Return_Deterministic_Id" classname="com.dotmarketing.business.DeterministicIdentifierAPITest" time="0.001"/>
  <testcase name="Test_Asset_Generate_Deterministic_Id_Best_Effort[0: TestCase{versionable=my.host1688167028140.com, parent=System Host, expectedName='my.host1688167028140.com', expectedType='Host'}]" classname="com.dotmarketing.business.DeterministicIdentifierAPITest" time="0.003"/>
  <testcase name="Test_Asset_Generate_Deterministic_Id_Best_Effort[1: TestCase{versionable=com.dotmarketing.portlets.contentlet.model.Contentlet@4dfda3b8[map={modDate=2023-06-30 23:17:08.936, fileName=file4904926059585670052.txt, title=file4904926059585670052.txt, inode=c0c2dfbd-d0f2-490d-909c-756fc6768ff4, __IS_NEW_CONTENT__=true, disabledWYSIWYG=[], host=b40e39a7-a91e-497e-b2f5-72a49bda4330, stInode=33888b6f-7a8e-4069-b1b6-5c1aa9d0a48d, owner=system, identifier=483153e2-042b-4248-a97a-824911c5a6aa, nullProperties=[wfExpireDate, wfPublishDate, wfActionAssign, wfActionId, wfActionComments, filterKey, whereToSend, wfNeverExpire, _path_to_move, timezoneId, iWantTo, wfPublishTime, wfExpireTime], languageId=1, fileAsset=/home/runner/work/core/custom/assets/c/0/c0c2dfbd-d0f2-490d-909c-756fc6768ff4/fileAsset/file4904926059585670052.txt, folder=c72aba01-08f0-47f9-abed-e0ecc744d774, __disable_workflow__=true, sortOrder=0, modUser=system},lowIndexPriority=false,variantId=DEFAULT], parent=com.dotmarketing.portlets.folders.model.Folder@51543be7[identifier=c72aba01-08f0-47f9-abed-e0ecc744d774,name=testName1688167028929,sortOrder=0,showOnMenu=false,hostId=b40e39a7-a91e-497e-b2f5-72a49bda4330,type=folder,title=testTitle1688167028929,filesMasks=,defaultFileType=33888b6f-7a8e-4069-b1b6-5c1aa9d0a48d,modDate=2023-06-30 23:17:08.932,owner=&lt;null&gt;,iDate=2023-06-30 23:17:08.932,inode=c72aba01-08f0-47f9-abed-e0ecc744d774,path=/testName1688167028929/], expectedName='file4904926059585670052.txt', expectedType='FileAsset'}]" classname="com.dotmarketing.business.DeterministicIdentifierAPITest" time="0.003"/>
  <testcase name="Test_Asset_Generate_Deterministic_Id_Best_Effort[2: TestCase{versionable=com.dotmarketing.portlets.templates.model.Template@7025e1d3, parent=my.host1688167028140.com, expectedName='testTitle1688167029040', expectedType='Template'}]" classname="com.dotmarketing.business.DeterministicIdentifierAPITest" time="0.002"/>
  <testcase name="Test_Asset_Generate_Deterministic_Id_Best_Effort[3: TestCase{versionable=com.dotmarketing.portlets.htmlpageasset.model.HTMLPageAsset@35256138[map={template=56ddeb64-461d-4205-abc5-2a51ebcf4bdb, owner=system, identifier=da544351-4dee-48c3-9dc0-4af455ae6706, nullProperties=[wfExpireDate, wfPublishDate, wfActionAssign, wfActionId, wfActionComments, filterKey, whereToSend, wfNeverExpire, _path_to_move, timezoneId, iWantTo, wfPublishTime, wfExpireTime], modDate=2023-06-30 23:17:09.094, cachettl=0, _is_test_mode=true, languageId=1, title=test-page-title-1688167029086, httpsreq=, url=test-page-url-1688167029086, showOnMenu=, inode=e4c816af-abab-40eb-99cb-5e499d218b35, folder=c72aba01-08f0-47f9-abed-e0ecc744d774, disabledWYSIWYG=[], sortOrder=1, modUser=system, host=b40e39a7-a91e-497e-b2f5-72a49bda4330, stInode=c541abb1-69b3-4bc5-8430-5e09e5239cc8, friendlyName=test-page-friendly-name-1688167029086},lowIndexPriority=false,variantId=DEFAULT], parent=com.dotmarketing.portlets.folders.model.Folder@51543be7[identifier=c72aba01-08f0-47f9-abed-e0ecc744d774,name=testName1688167028929,sortOrder=0,showOnMenu=false,hostId=b40e39a7-a91e-497e-b2f5-72a49bda4330,type=folder,title=testTitle1688167028929,filesMasks=,defaultFileType=33888b6f-7a8e-4069-b1b6-5c1aa9d0a48d,modDate=2023-06-30 23:17:08.932,owner=&lt;null&gt;,iDate=2023-06-30 23:17:08.932,inode=c72aba01-08f0-47f9-abed-e0ecc744d774,path=/testName1688167028929/], expectedName='test-page-url-1688167029086', expectedType='htmlpageasset'}]" classname="com.dotmarketing.business.DeterministicIdentifierAPITest" time="0.003"/>
  <testcase name="Test_Asset_Generate_Deterministic_Id_Best_Effort[4: TestCase{versionable=com.dotmarketing.portlets.contentlet.model.Contentlet@2efcfaa9[map={fileAsset2=/home/runner/work/core/custom/assets/2/f/2f9a016f-ca8c-4649-92a7-90cbf9ce500f/fileAsset2/test_binary1688167030981.png, modDate=2023-06-30 23:17:10.986, fileAsset1=/home/runner/work/core/custom/assets/2/f/2f9a016f-ca8c-4649-92a7-90cbf9ce500f/fileAsset1/test_binary1688167030981.jpg, title=blah, inode=2f9a016f-ca8c-4649-92a7-90cbf9ce500f, __IS_NEW_CONTENT__=true, disabledWYSIWYG=[], host=48190c8c-42c4-46af-8d1a-0cd5db894797, stInode=b8340392-cc2b-4d3c-814c-6271036a4575, owner=system, identifier=ebf90677-999f-4446-835d-d91fd04730e5, nullProperties=[], languageId=1, image1=19331b70-656f-4091-ac0f-dac430f08847, folder=SYSTEM_FOLDER, __disable_workflow__=true, sortOrder=0, modUser=system},lowIndexPriority=false,variantId=DEFAULT], parent=demo.dotcms.com, expectedName='test_binary1688167030981.jpg:test_binary1688167030981.png', expectedType='MultipleBinaries1688167029390'}]" classname="com.dotmarketing.business.DeterministicIdentifierAPITest" time="0.003"/>
  <testcase name="Test_Asset_Generate_Deterministic_Id_Best_Effort[5: TestCase{versionable=namea9714803da : keyTaga9714803da, parent=my.host1688167028140.com, expectedName='keyTaga9714803da', expectedType='persona'}]" classname="com.dotmarketing.business.DeterministicIdentifierAPITest" time="0.003"/>
  <testcase name="Test_Similar_Content_Type_Wont_Clash" classname="com.dotmarketing.business.DeterministicIdentifierAPITest" time="0.453"/>
  <testcase name="Test_Generate_Folder_Identifier" classname="com.dotmarketing.business.DeterministicIdentifierAPITest" time="1.09"/>
  <testcase name="Test_Generate_Content_Type_Identifier[0: ContentTypeTestCase{contentType=KeyValueContentType{name=Language Variable, id=f4d7c1b8-2c88-4071-abf1-a5328977b07d, description=Default Content Type for Language Variables, defaultType=false, fixed=true, iDate=Thu Aug 31 16:38:49 UTC 2017, system=true, versionable=true, variable=Languagevariable, modDate=Fri Jun 30 22:10:39 UTC 2023, host=SYSTEM_HOST, siteName=systemHost, icon=language, sortOrder=0, folder=SYSTEM_FOLDER, folderPath=/, markedForDeletion=true, multilingualable=false}, expectedName='Languagevariable', expectedType='KeyValue'}]" classname="com.dotmarketing.business.DeterministicIdentifierAPITest" time="0.009"/>
  <testcase name="Test_Generate_Content_Type_Identifier[1: ContentTypeTestCase{contentType=SimpleContentType{name=testName1688167031373, id=a7e4b558-1fe8-4438-a9ba-e7342bed2836, description=testDescription1688167031373, defaultType=false, fixed=false, iDate=Fri Jun 30 23:17:11 UTC 2023, system=false, versionable=true, multilingualable=false, variable=testVarname1688167031373, owner=system, modDate=Fri Jun 30 23:17:12 UTC 2023, host=48190c8c-42c4-46af-8d1a-0cd5db894797, siteName=demo.dotcms.com, icon=event_note, sortOrder=0, folder=SYSTEM_FOLDER, folderPath=/, requiredFields=[], markedForDeletion=false}, expectedName='testVarname1688167031373', expectedType='CONTENT'}]" classname="com.dotmarketing.business.DeterministicIdentifierAPITest" time="0.008"/>
  <system-out><![CDATA[]]></system-out>
  <system-err><![CDATA[]]></system-err>
</testsuite>
