<?xml version="1.0" encoding="UTF-8"?>
<testsuite name="com.dotmarketing.business.DeterministicIdentifierAPITest" tests="16" skipped="0" failures="0" errors="0" timestamp="2023-06-30T19:46:23" hostname="fv-az621-917" time="1.454">
  <properties/>
  <testcase name="Test_Category_Path_Seed_And_Id" classname="com.dotmarketing.business.DeterministicIdentifierAPITest" time="0.019"/>
  <testcase name="Test_Language_Deterministic_Id[0: LanguageTestCase{expectedSeed='Language:es:US', expectedHash=4913155, langCode='es', countryCode='US', country='United States'}]" classname="com.dotmarketing.business.DeterministicIdentifierAPITest" time="0.0"/>
  <testcase name="Test_Language_Deterministic_Id[1: LanguageTestCase{expectedSeed='Language:ep:', expectedHash=5292269, langCode='ep', countryCode='', country=''}]" classname="com.dotmarketing.business.DeterministicIdentifierAPITest" time="0.0"/>
  <testcase name="Test_Language_Deterministic_Id[2: LanguageTestCase{expectedSeed='Language:sg:SAG', expectedHash=4713118, langCode='sg', countryCode='SAG', country=''}]" classname="com.dotmarketing.business.DeterministicIdentifierAPITest" time="0.001"/>
  <testcase name="Test_Language_Deterministic_Id[3: LanguageTestCase{expectedSeed='Language:en:NZ', expectedHash=5382528, langCode='en', countryCode='NZ', country='New Zealand'}]" classname="com.dotmarketing.business.DeterministicIdentifierAPITest" time="0.001"/>
  <testcase name="Test_Category_None_Persisted_Category_Should_Return_Deterministic_Id" classname="com.dotmarketing.business.DeterministicIdentifierAPITest" time="0.001"/>
  <testcase name="Test_Asset_Generate_Deterministic_Id_Best_Effort[0: TestCase{versionable=my.host1688154008654.com, parent=System Host, expectedName='my.host1688154008654.com', expectedType='Host'}]" classname="com.dotmarketing.business.DeterministicIdentifierAPITest" time="0.002"/>
  <testcase name="Test_Asset_Generate_Deterministic_Id_Best_Effort[1: TestCase{versionable=com.dotmarketing.portlets.contentlet.model.Contentlet@39c6be5e[map={modDate=2023-06-30 19:40:09.391, fileName=file16454624065063490338.txt, title=file16454624065063490338.txt, inode=5bad12dd-e3c8-494c-a51b-203b99066588, __IS_NEW_CONTENT__=true, disabledWYSIWYG=[], host=d398536d-80dc-4e38-9382-393da3fb75d6, stInode=33888b6f-7a8e-4069-b1b6-5c1aa9d0a48d, owner=system, identifier=54727ece-ff37-4f7d-9f3a-31e8218659fc, nullProperties=[wfExpireDate, wfPublishDate, wfActionAssign, wfActionId, wfActionComments, filterKey, whereToSend, wfNeverExpire, _path_to_move, timezoneId, iWantTo, wfPublishTime, wfExpireTime], languageId=1, fileAsset=/home/runner/work/core/custom/assets/5/b/5bad12dd-e3c8-494c-a51b-203b99066588/fileAsset/file16454624065063490338.txt, folder=68788bbc-d3a8-41d3-a5ad-6b8924dee7ca, __disable_workflow__=true, sortOrder=0, modUser=system},lowIndexPriority=false,variantId=DEFAULT], parent=com.dotmarketing.portlets.folders.model.Folder@1ac72930[identifier=68788bbc-d3a8-41d3-a5ad-6b8924dee7ca,name=testName1688154009385,sortOrder=0,showOnMenu=false,hostId=d398536d-80dc-4e38-9382-393da3fb75d6,type=folder,title=testTitle1688154009385,filesMasks=,defaultFileType=33888b6f-7a8e-4069-b1b6-5c1aa9d0a48d,modDate=2023-06-30 19:40:09.387,owner=&lt;null&gt;,iDate=2023-06-30 19:40:09.387,inode=68788bbc-d3a8-41d3-a5ad-6b8924dee7ca,path=/testName1688154009385/], expectedName='file16454624065063490338.txt', expectedType='FileAsset'}]" classname="com.dotmarketing.business.DeterministicIdentifierAPITest" time="0.002"/>
  <testcase name="Test_Asset_Generate_Deterministic_Id_Best_Effort[2: TestCase{versionable=com.dotmarketing.portlets.templates.model.Template@e9f33f10, parent=my.host1688154008654.com, expectedName='testTitle1688154009471', expectedType='Template'}]" classname="com.dotmarketing.business.DeterministicIdentifierAPITest" time="0.002"/>
  <testcase name="Test_Asset_Generate_Deterministic_Id_Best_Effort[3: TestCase{versionable=com.dotmarketing.portlets.htmlpageasset.model.HTMLPageAsset@77fc5684[map={template=8e7952ff-c318-4ef3-9f63-d37245263080, owner=system, identifier=35b6cf4f-ea05-4072-80d1-56919f9bfa73, nullProperties=[wfExpireDate, wfPublishDate, wfActionAssign, wfActionId, wfActionComments, filterKey, whereToSend, wfNeverExpire, _path_to_move, timezoneId, iWantTo, wfPublishTime, wfExpireTime], modDate=2023-06-30 19:40:09.482, cachettl=0, _is_test_mode=true, languageId=1, title=test-page-title-1688154009479, httpsreq=, url=test-page-url-1688154009479, showOnMenu=, inode=5bd57a41-91c5-459e-895f-71d4fb6bf273, folder=68788bbc-d3a8-41d3-a5ad-6b8924dee7ca, disabledWYSIWYG=[], sortOrder=1, modUser=system, host=d398536d-80dc-4e38-9382-393da3fb75d6, stInode=c541abb1-69b3-4bc5-8430-5e09e5239cc8, friendlyName=test-page-friendly-name-1688154009479},lowIndexPriority=false,variantId=DEFAULT], parent=com.dotmarketing.portlets.folders.model.Folder@1ac72930[identifier=68788bbc-d3a8-41d3-a5ad-6b8924dee7ca,name=testName1688154009385,sortOrder=0,showOnMenu=false,hostId=d398536d-80dc-4e38-9382-393da3fb75d6,type=folder,title=testTitle1688154009385,filesMasks=,defaultFileType=33888b6f-7a8e-4069-b1b6-5c1aa9d0a48d,modDate=2023-06-30 19:40:09.387,owner=&lt;null&gt;,iDate=2023-06-30 19:40:09.387,inode=68788bbc-d3a8-41d3-a5ad-6b8924dee7ca,path=/testName1688154009385/], expectedName='test-page-url-1688154009479', expectedType='htmlpageasset'}]" classname="com.dotmarketing.business.DeterministicIdentifierAPITest" time="0.002"/>
  <testcase name="Test_Asset_Generate_Deterministic_Id_Best_Effort[4: TestCase{versionable=com.dotmarketing.portlets.contentlet.model.Contentlet@7233b48c[map={fileAsset2=/home/runner/work/core/custom/assets/b/2/b2bfbb0c-5d4e-4631-afa5-bb2a03c29f0c/fileAsset2/test_binary1688154010372.png, modDate=2023-06-30 19:40:10.376, fileAsset1=/home/runner/work/core/custom/assets/b/2/b2bfbb0c-5d4e-4631-afa5-bb2a03c29f0c/fileAsset1/test_binary1688154010372.jpg, title=blah, inode=b2bfbb0c-5d4e-4631-afa5-bb2a03c29f0c, __IS_NEW_CONTENT__=true, disabledWYSIWYG=[], host=48190c8c-42c4-46af-8d1a-0cd5db894797, stInode=63f7b81c-da41-4dc4-a8ab-cb244c5b7719, owner=system, identifier=eadbeca9-189e-4deb-9187-6ce10e6f17af, nullProperties=[], languageId=1, image1=dc56d05e-d571-46a8-aec8-b0ac63955685, folder=SYSTEM_FOLDER, __disable_workflow__=true, sortOrder=0, modUser=system},lowIndexPriority=false,variantId=DEFAULT], parent=demo.dotcms.com, expectedName='test_binary1688154010372.jpg:test_binary1688154010372.png', expectedType='MultipleBinaries1688154009681'}]" classname="com.dotmarketing.business.DeterministicIdentifierAPITest" time="0.002"/>
  <testcase name="Test_Asset_Generate_Deterministic_Id_Best_Effort[5: TestCase{versionable=namef231f46f67 : keyTagf231f46f67, parent=my.host1688154008654.com, expectedName='keyTagf231f46f67', expectedType='persona'}]" classname="com.dotmarketing.business.DeterministicIdentifierAPITest" time="0.001"/>
  <testcase name="Test_Similar_Content_Type_Wont_Clash" classname="com.dotmarketing.business.DeterministicIdentifierAPITest" time="0.356"/>
  <testcase name="Test_Generate_Folder_Identifier" classname="com.dotmarketing.business.DeterministicIdentifierAPITest" time="1.048"/>
  <testcase name="Test_Generate_Content_Type_Identifier[0: ContentTypeTestCase{contentType=KeyValueContentType{name=Language Variable, id=f4d7c1b8-2c88-4071-abf1-a5328977b07d, description=Default Content Type for Language Variables, defaultType=false, fixed=true, iDate=Thu Aug 31 16:38:49 UTC 2017, system=true, versionable=true, variable=Languagevariable, modDate=Fri Jun 30 18:38:34 UTC 2023, host=SYSTEM_HOST, siteName=systemHost, icon=language, sortOrder=0, folder=SYSTEM_FOLDER, folderPath=/, markedForDeletion=true, multilingualable=false}, expectedName='Languagevariable', expectedType='KeyValue'}]" classname="com.dotmarketing.business.DeterministicIdentifierAPITest" time="0.006"/>
  <testcase name="Test_Generate_Content_Type_Identifier[1: ContentTypeTestCase{contentType=SimpleContentType{name=testName1688154010696, id=4f1c8a98-11c4-4546-8237-5239c2bf821a, description=testDescription1688154010696, defaultType=false, fixed=false, iDate=Fri Jun 30 19:40:10 UTC 2023, system=false, versionable=true, multilingualable=false, variable=testVarname1688154010696, owner=system, modDate=Fri Jun 30 19:40:11 UTC 2023, host=48190c8c-42c4-46af-8d1a-0cd5db894797, siteName=demo.dotcms.com, icon=event_note, sortOrder=0, folder=SYSTEM_FOLDER, folderPath=/, requiredFields=[], markedForDeletion=false}, expectedName='testVarname1688154010696', expectedType='CONTENT'}]" classname="com.dotmarketing.business.DeterministicIdentifierAPITest" time="0.006"/>
  <system-out><![CDATA[]]></system-out>
  <system-err><![CDATA[]]></system-err>
</testsuite>
