<?xml version="1.0" encoding="UTF-8"?>
<testsuite name="com.dotcms.contenttype.test.ContentResourceTest" tests="52" skipped="0" failures="0" errors="0" timestamp="2023-07-18T17:51:11" hostname="fv-az803-421" time="173.891">
  <properties/>
  <testcase name="testGetContentShouldReturnIconDetails" classname="com.dotcms.contenttype.test.ContentResourceTest" time="1.79"/>
  <testcase name="Test_Save_Action_Set_Words_To_Required_NumericField_Issue_15340" classname="com.dotcms.contenttype.test.ContentResourceTest" time="1.053"/>
  <testcase name="test_getContent_includeGrandChildCategory_success" classname="com.dotcms.contenttype.test.ContentResourceTest" time="1.553"/>
  <testcase name="testGetContentWithRelatedParameter[0: com.dotcms.contenttype.test.ContentResourceTest$PullRelatedTestCase@2d31cb8a]" classname="com.dotcms.contenttype.test.ContentResourceTest" time="4.234"/>
  <testcase name="testGetContentWithRelatedParameter[1: com.dotcms.contenttype.test.ContentResourceTest$PullRelatedTestCase@16d7f1b9]" classname="com.dotcms.contenttype.test.ContentResourceTest" time="4.135"/>
  <testcase name="testGetContentWithRelatedParameter[2: com.dotcms.contenttype.test.ContentResourceTest$PullRelatedTestCase@17c54866]" classname="com.dotcms.contenttype.test.ContentResourceTest" time="4.032"/>
  <testcase name="testGetContentWithRelatedParameter[3: com.dotcms.contenttype.test.ContentResourceTest$PullRelatedTestCase@2295161a]" classname="com.dotcms.contenttype.test.ContentResourceTest" time="4.165"/>
  <testcase name="testGetContentWithRelatedParameter[4: com.dotcms.contenttype.test.ContentResourceTest$PullRelatedTestCase@15be459]" classname="com.dotcms.contenttype.test.ContentResourceTest" time="3.397"/>
  <testcase name="test_getContent_SelfRelatedWith3LevelsOfDepth_shouldReturnRelationships" classname="com.dotcms.contenttype.test.ContentResourceTest" time="1.582"/>
  <testcase name="Test_Save_Action_Send_Fields_SubSet_Issue_15340" classname="com.dotcms.contenttype.test.ContentResourceTest" time="3.147"/>
  <testcase name="test_getContent_shouldReturnRelationships[0: com.dotcms.contenttype.test.ContentResourceTest$TestCase@282897f2]" classname="com.dotcms.contenttype.test.ContentResourceTest" time="3.379"/>
  <testcase name="test_getContent_shouldReturnRelationships[1: com.dotcms.contenttype.test.ContentResourceTest$TestCase@15937ce9]" classname="com.dotcms.contenttype.test.ContentResourceTest" time="3.465"/>
  <testcase name="test_getContent_shouldReturnRelationships[2: com.dotcms.contenttype.test.ContentResourceTest$TestCase@1f3c8d87]" classname="com.dotcms.contenttype.test.ContentResourceTest" time="3.476"/>
  <testcase name="test_getContent_shouldReturnRelationships[3: com.dotcms.contenttype.test.ContentResourceTest$TestCase@411bdb15]" classname="com.dotcms.contenttype.test.ContentResourceTest" time="3.612"/>
  <testcase name="test_getContent_shouldReturnRelationships[4: com.dotcms.contenttype.test.ContentResourceTest$TestCase@2d6043c3]" classname="com.dotcms.contenttype.test.ContentResourceTest" time="3.709"/>
  <testcase name="test_getContent_shouldReturnRelationships[5: com.dotcms.contenttype.test.ContentResourceTest$TestCase@231a16b2]" classname="com.dotcms.contenttype.test.ContentResourceTest" time="3.423"/>
  <testcase name="test_getContent_shouldReturnRelationships[6: com.dotcms.contenttype.test.ContentResourceTest$TestCase@58b1e7e3]" classname="com.dotcms.contenttype.test.ContentResourceTest" time="3.803"/>
  <testcase name="test_getContent_shouldReturnRelationships[7: com.dotcms.contenttype.test.ContentResourceTest$TestCase@47ed5c93]" classname="com.dotcms.contenttype.test.ContentResourceTest" time="3.638"/>
  <testcase name="test_getContent_shouldReturnRelationships[8: com.dotcms.contenttype.test.ContentResourceTest$TestCase@683c61f6]" classname="com.dotcms.contenttype.test.ContentResourceTest" time="3.767"/>
  <testcase name="test_getContent_shouldReturnRelationships[9: com.dotcms.contenttype.test.ContentResourceTest$TestCase@1be045c5]" classname="com.dotcms.contenttype.test.ContentResourceTest" time="2.779"/>
  <testcase name="test_getContent_shouldReturnRelationships[10: com.dotcms.contenttype.test.ContentResourceTest$TestCase@4cb937a5]" classname="com.dotcms.contenttype.test.ContentResourceTest" time="3.442"/>
  <testcase name="test_getContent_shouldReturnRelationships[11: com.dotcms.contenttype.test.ContentResourceTest$TestCase@611de365]" classname="com.dotcms.contenttype.test.ContentResourceTest" time="3.579"/>
  <testcase name="test_getContent_shouldReturnRelationships[12: com.dotcms.contenttype.test.ContentResourceTest$TestCase@6aa50d61]" classname="com.dotcms.contenttype.test.ContentResourceTest" time="3.465"/>
  <testcase name="test_getContent_shouldReturnRelationships[13: com.dotcms.contenttype.test.ContentResourceTest$TestCase@7372b39d]" classname="com.dotcms.contenttype.test.ContentResourceTest" time="2.416"/>
  <testcase name="test_getContent_shouldReturnRelationships[14: com.dotcms.contenttype.test.ContentResourceTest$TestCase@7673b649]" classname="com.dotcms.contenttype.test.ContentResourceTest" time="3.339"/>
  <testcase name="test_getContent_shouldReturnRelationships[15: com.dotcms.contenttype.test.ContentResourceTest$TestCase@78fb6529]" classname="com.dotcms.contenttype.test.ContentResourceTest" time="4.543"/>
  <testcase name="test_getContent_shouldReturnRelationships[16: com.dotcms.contenttype.test.ContentResourceTest$TestCase@3af7a152]" classname="com.dotcms.contenttype.test.ContentResourceTest" time="4.539"/>
  <testcase name="test_getContent_shouldReturnRelationships[17: com.dotcms.contenttype.test.ContentResourceTest$TestCase@5c7f03ca]" classname="com.dotcms.contenttype.test.ContentResourceTest" time="3.791"/>
  <testcase name="test_getContent_shouldReturnRelationships[18: com.dotcms.contenttype.test.ContentResourceTest$TestCase@37d527f2]" classname="com.dotcms.contenttype.test.ContentResourceTest" time="3.703"/>
  <testcase name="test_getContent_shouldReturnRelationships[19: com.dotcms.contenttype.test.ContentResourceTest$TestCase@14a4ce0c]" classname="com.dotcms.contenttype.test.ContentResourceTest" time="3.535"/>
  <testcase name="test_getContent_shouldReturnRelationships[20: com.dotcms.contenttype.test.ContentResourceTest$TestCase@135e00fb]" classname="com.dotcms.contenttype.test.ContentResourceTest" time="3.843"/>
  <testcase name="test_getContent_shouldReturnRelationships[21: com.dotcms.contenttype.test.ContentResourceTest$TestCase@371b3009]" classname="com.dotcms.contenttype.test.ContentResourceTest" time="3.764"/>
  <testcase name="test_getContent_shouldReturnRelationships[22: com.dotcms.contenttype.test.ContentResourceTest$TestCase@29ef6baf]" classname="com.dotcms.contenttype.test.ContentResourceTest" time="3.601"/>
  <testcase name="test_getContent_shouldReturnRelationships[23: com.dotcms.contenttype.test.ContentResourceTest$TestCase@1b091430]" classname="com.dotcms.contenttype.test.ContentResourceTest" time="4.03"/>
  <testcase name="test_getContent_shouldReturnRelationships[24: com.dotcms.contenttype.test.ContentResourceTest$TestCase@78b39672]" classname="com.dotcms.contenttype.test.ContentResourceTest" time="3.866"/>
  <testcase name="test_getContent_shouldReturnRelationships[25: com.dotcms.contenttype.test.ContentResourceTest$TestCase@16c66a15]" classname="com.dotcms.contenttype.test.ContentResourceTest" time="3.272"/>
  <testcase name="test_getContent_shouldReturnRelationships[26: com.dotcms.contenttype.test.ContentResourceTest$TestCase@4426c971]" classname="com.dotcms.contenttype.test.ContentResourceTest" time="3.443"/>
  <testcase name="test_getContent_shouldReturnRelationships[27: com.dotcms.contenttype.test.ContentResourceTest$TestCase@17ddfd51]" classname="com.dotcms.contenttype.test.ContentResourceTest" time="3.852"/>
  <testcase name="test_getContent_shouldReturnRelationships[28: com.dotcms.contenttype.test.ContentResourceTest$TestCase@73b9f9de]" classname="com.dotcms.contenttype.test.ContentResourceTest" time="4.01"/>
  <testcase name="test_getContent_shouldReturnRelationships[29: com.dotcms.contenttype.test.ContentResourceTest$TestCase@560aa37e]" classname="com.dotcms.contenttype.test.ContentResourceTest" time="3.92"/>
  <testcase name="test_getContent_shouldReturnRelationships[30: com.dotcms.contenttype.test.ContentResourceTest$TestCase@2415858f]" classname="com.dotcms.contenttype.test.ContentResourceTest" time="4.016"/>
  <testcase name="test_getContent_shouldReturnRelationships[31: com.dotcms.contenttype.test.ContentResourceTest$TestCase@5cdac329]" classname="com.dotcms.contenttype.test.ContentResourceTest" time="4.014"/>
  <testcase name="test_getContent_shouldReturnRelationships[32: com.dotcms.contenttype.test.ContentResourceTest$TestCase@6011a665]" classname="com.dotcms.contenttype.test.ContentResourceTest" time="5.281"/>
  <testcase name="test_getContent_shouldReturnRelationships[33: com.dotcms.contenttype.test.ContentResourceTest$TestCase@6303e84a]" classname="com.dotcms.contenttype.test.ContentResourceTest" time="5.249"/>
  <testcase name="testSinglePOST_InvalidParamsShouldReturn400[0: ({\n    &quot;stInode&quot; : &quot;InvalidValue&quot;,\n    &quot;numeric&quot; : &quot;0&quot;,\n    &quot;image&quot; : &quot;whatever&quot;\n}, Bad Request)]" classname="com.dotcms.contenttype.test.ContentResourceTest" time="1.047"/>
  <testcase name="testSinglePOST_InvalidParamsShouldReturn400[1: ({\n    &quot;numeric&quot; : &quot;0&quot;,\n    &quot;image&quot; : &quot;whatever&quot;\n}, Bad Request)]" classname="com.dotcms.contenttype.test.ContentResourceTest" time="1.059"/>
  <testcase name="Test_Save_Action_Set_Null_To_Required_NumericField_Issue_15340" classname="com.dotcms.contenttype.test.ContentResourceTest" time="1.09"/>
  <testcase name="Test_Save_Action_Remove_Image_Then_Verify_Fields_Were_Cleared_Issue_15340" classname="com.dotcms.contenttype.test.ContentResourceTest" time="3.553"/>
  <testcase name="test_getContentWithMultipleSelfRelated_shouldReturnRelationships[0: com.dotcms.contenttype.test.ContentResourceTest$PullSelfRelatedTestCase@617b758c]" classname="com.dotcms.contenttype.test.ContentResourceTest" time="2.226"/>
  <testcase name="test_getContentWithMultipleSelfRelated_shouldReturnRelationships[1: com.dotcms.contenttype.test.ContentResourceTest$PullSelfRelatedTestCase@cb4c548]" classname="com.dotcms.contenttype.test.ContentResourceTest" time="2.212"/>
  <testcase name="testGetContentWithAllCategoriesInfo[0: json]" classname="com.dotcms.contenttype.test.ContentResourceTest" time="2.959"/>
  <testcase name="testGetContentWithAllCategoriesInfo[1: xml]" classname="com.dotcms.contenttype.test.ContentResourceTest" time="3.088"/>
  <system-out><![CDATA[











]]></system-out>
  <system-err><![CDATA[]]></system-err>
</testsuite>
