<?xml version="1.0" encoding="UTF-8"?>
<testsuite name="com.dotcms.rest.TagResourceIntegrationTest" tests="4" skipped="0" failures="0" errors="0" timestamp="2023-06-30T15:14:06" hostname="fv-az178-462" time="0.299">
  <properties/>
  <testcase name="testList[0: com.dotcms.rest.TagResourceTestCase@1fa3c00]" classname="com.dotcms.rest.TagResourceIntegrationTest" time="0.232"/>
  <testcase name="testList[1: com.dotcms.rest.TagResourceTestCase@39d2b088]" classname="com.dotcms.rest.TagResourceIntegrationTest" time="0.024"/>
  <testcase name="testList[2: com.dotcms.rest.TagResourceTestCase@2be41efa]" classname="com.dotcms.rest.TagResourceIntegrationTest" time="0.021"/>
  <testcase name="testList[3: com.dotcms.rest.TagResourceTestCase@7e83b913]" classname="com.dotcms.rest.TagResourceIntegrationTest" time="0.021"/>
  <system-out><![CDATA[]]></system-out>
  <system-err><![CDATA[Jun 30, 2023 3:14:06 PM com.dotcms.repackage.org.hibernate.validator.internal.util.Version <clinit>
INFO: HV000001: Hibernate Validator 4.3.2.Final
]]></system-err>
</testsuite>
