<?xml version="1.0" encoding="UTF-8"?>
<testsuite name="com.dotcms.rest.elasticsearch.ESContentResourcePortletTest" tests="8" skipped="0" failures="0" errors="0" timestamp="2023-06-27T15:53:36" hostname="fv-az343-524" time="9.245">
  <properties/>
  <testcase name="test_search_includeGrandChildCategory_success" classname="com.dotcms.rest.elasticsearch.ESContentResourcePortletTest" time="1.666"/>
  <testcase name="testSearch[0: com.dotcms.rest.elasticsearch.ESContentResourcePortletTest$TestCase@7b1908ad]" classname="com.dotcms.rest.elasticsearch.ESContentResourcePortletTest" time="1.096"/>
  <testcase name="testSearch[1: com.dotcms.rest.elasticsearch.ESContentResourcePortletTest$TestCase@12449ece]" classname="com.dotcms.rest.elasticsearch.ESContentResourcePortletTest" time="1.391"/>
  <testcase name="testSearch[2: com.dotcms.rest.elasticsearch.ESContentResourcePortletTest$TestCase@51d1373f]" classname="com.dotcms.rest.elasticsearch.ESContentResourcePortletTest" time="1.065"/>
  <testcase name="testSearch[3: com.dotcms.rest.elasticsearch.ESContentResourcePortletTest$TestCase@54a6e498]" classname="com.dotcms.rest.elasticsearch.ESContentResourcePortletTest" time="0.394"/>
  <testcase name="testSearch[4: com.dotcms.rest.elasticsearch.ESContentResourcePortletTest$TestCase@67c9d2c1]" classname="com.dotcms.rest.elasticsearch.ESContentResourcePortletTest" time="1.494"/>
  <testcase name="testSearch[5: com.dotcms.rest.elasticsearch.ESContentResourcePortletTest$TestCase@51cd8218]" classname="com.dotcms.rest.elasticsearch.ESContentResourcePortletTest" time="1.091"/>
  <testcase name="testSearch[6: com.dotcms.rest.elasticsearch.ESContentResourcePortletTest$TestCase@97d3fd1]" classname="com.dotcms.rest.elasticsearch.ESContentResourcePortletTest" time="1.047"/>
  <system-out><![CDATA[]]></system-out>
  <system-err><![CDATA[]]></system-err>
</testsuite>
