<?xml version="1.0" encoding="UTF-8"?>
<testsuite name="com.dotmarketing.startup.runonce.Task05370AddAppsPortletToLayoutTest" tests="1" skipped="0" failures="0" errors="0" timestamp="2023-06-29T21:06:16" hostname="fv-az674-164" time="0.009">
  <properties/>
  <testcase name="test_upgradeTask_success" classname="com.dotmarketing.startup.runonce.Task05370AddAppsPortletToLayoutTest" time="0.009"/>
  <system-out><![CDATA[]]></system-out>
  <system-err><![CDATA[]]></system-err>
</testsuite>
