<?xml version="1.0" encoding="UTF-8"?>
<testsuite name="com.dotmarketing.portlets.linkchecker.business.LinkCheckerAPITest" tests="1" skipped="0" failures="0" errors="0" timestamp="2023-07-07T20:16:07" hostname="fv-az422-848" time="124.017">
  <properties/>
  <testcase name="findInvalidLinks" classname="com.dotmarketing.portlets.linkchecker.business.LinkCheckerAPITest" time="124.017"/>
  <system-out><![CDATA[



]]></system-out>
  <system-err><![CDATA[]]></system-err>
</testsuite>
