<?xml version="1.0" encoding="UTF-8"?>
<testsuite name="com.dotmarketing.business.DeterministicIdentifierAPITest" tests="16" skipped="0" failures="0" errors="0" timestamp="2023-06-24T03:30:01" hostname="fv-az1128-296" time="0.926">
  <properties/>
  <testcase name="Test_Category_Path_Seed_And_Id" classname="com.dotmarketing.business.DeterministicIdentifierAPITest" time="0.021"/>
  <testcase name="Test_Language_Deterministic_Id[0: LanguageTestCase{expectedSeed='Language:es:US', expectedHash=4913155, langCode='es', countryCode='US', country='United States'}]" classname="com.dotmarketing.business.DeterministicIdentifierAPITest" time="0.001"/>
  <testcase name="Test_Language_Deterministic_Id[1: LanguageTestCase{expectedSeed='Language:ep:', expectedHash=5292269, langCode='ep', countryCode='', country=''}]" classname="com.dotmarketing.business.DeterministicIdentifierAPITest" time="0.001"/>
  <testcase name="Test_Language_Deterministic_Id[2: LanguageTestCase{expectedSeed='Language:sg:SAG', expectedHash=4713118, langCode='sg', countryCode='SAG', country=''}]" classname="com.dotmarketing.business.DeterministicIdentifierAPITest" time="0.001"/>
  <testcase name="Test_Language_Deterministic_Id[3: LanguageTestCase{expectedSeed='Language:en:NZ', expectedHash=5382528, langCode='en', countryCode='NZ', country='New Zealand'}]" classname="com.dotmarketing.business.DeterministicIdentifierAPITest" time="0.001"/>
  <testcase name="Test_Category_None_Persisted_Category_Should_Return_Deterministic_Id" classname="com.dotmarketing.business.DeterministicIdentifierAPITest" time="0.001"/>
  <testcase name="Test_Asset_Generate_Deterministic_Id_Best_Effort[0: TestCase{versionable=my.host1687572002796.com, parent=System Host, expectedName='my.host1687572002796.com', expectedType='Host'}]" classname="com.dotmarketing.business.DeterministicIdentifierAPITest" time="0.002"/>
  <testcase name="Test_Asset_Generate_Deterministic_Id_Best_Effort[1: TestCase{versionable=com.dotmarketing.portlets.contentlet.model.Contentlet@53e226c2[map={modDate=2023-06-24 02:00:03.775, fileName=file12992240402013508897.txt, title=file12992240402013508897.txt, inode=ffb6cc2d-243f-4a1d-8b40-d60f32983b4b, __IS_NEW_CONTENT__=true, disabledWYSIWYG=[], host=12bbc8fc-e553-4078-96fd-afecac664d34, stInode=33888b6f-7a8e-4069-b1b6-5c1aa9d0a48d, owner=system, identifier=29296e96-74e9-4e89-a49a-54bdc0fdb849, nullProperties=[wfExpireDate, wfPublishDate, wfActionAssign, wfActionId, wfActionComments, filterKey, whereToSend, wfNeverExpire, _path_to_move, timezoneId, iWantTo, wfPublishTime, wfExpireTime], languageId=1, fileAsset=/home/runner/work/core/custom/assets/f/f/ffb6cc2d-243f-4a1d-8b40-d60f32983b4b/fileAsset/file12992240402013508897.txt, folder=bb4fce52-3073-42c3-835d-e50b53a4b455, __disable_workflow__=true, sortOrder=0, modUser=system},lowIndexPriority=false,variantId=DEFAULT], parent=com.dotmarketing.portlets.folders.model.Folder@32757fd5[identifier=bb4fce52-3073-42c3-835d-e50b53a4b455,name=testName1687572003765,sortOrder=0,showOnMenu=false,hostId=12bbc8fc-e553-4078-96fd-afecac664d34,type=folder,title=testTitle1687572003765,filesMasks=,defaultFileType=33888b6f-7a8e-4069-b1b6-5c1aa9d0a48d,modDate=2023-06-24 02:00:03.768,owner=&lt;null&gt;,iDate=2023-06-24 02:00:03.768,inode=bb4fce52-3073-42c3-835d-e50b53a4b455,path=/testName1687572003765/], expectedName='file12992240402013508897.txt', expectedType='FileAsset'}]" classname="com.dotmarketing.business.DeterministicIdentifierAPITest" time="0.003"/>
  <testcase name="Test_Asset_Generate_Deterministic_Id_Best_Effort[2: TestCase{versionable=com.dotmarketing.portlets.templates.model.Template@7d2755e1, parent=my.host1687572002796.com, expectedName='testTitle1687572003853', expectedType='Template'}]" classname="com.dotmarketing.business.DeterministicIdentifierAPITest" time="0.002"/>
  <testcase name="Test_Asset_Generate_Deterministic_Id_Best_Effort[3: TestCase{versionable=com.dotmarketing.portlets.htmlpageasset.model.HTMLPageAsset@4e2d2e65[map={template=5685cdc2-b75d-44e3-9cb0-182b1aabcb4b, owner=system, identifier=d0d15871-f21c-4fd3-a9b6-d852abf19c7b, nullProperties=[wfExpireDate, wfPublishDate, wfActionAssign, wfActionId, wfActionComments, filterKey, whereToSend, wfNeverExpire, _path_to_move, timezoneId, iWantTo, wfPublishTime, wfExpireTime], modDate=2023-06-24 02:00:03.867, cachettl=0, _is_test_mode=true, languageId=1, title=test-page-title-1687572003862, httpsreq=, url=test-page-url-1687572003862, showOnMenu=, inode=ac824e21-1f98-4018-b630-31083431b8f6, folder=bb4fce52-3073-42c3-835d-e50b53a4b455, disabledWYSIWYG=[], sortOrder=1, modUser=system, host=12bbc8fc-e553-4078-96fd-afecac664d34, stInode=c541abb1-69b3-4bc5-8430-5e09e5239cc8, friendlyName=test-page-friendly-name-1687572003862},lowIndexPriority=false,variantId=DEFAULT], parent=com.dotmarketing.portlets.folders.model.Folder@32757fd5[identifier=bb4fce52-3073-42c3-835d-e50b53a4b455,name=testName1687572003765,sortOrder=0,showOnMenu=false,hostId=12bbc8fc-e553-4078-96fd-afecac664d34,type=folder,title=testTitle1687572003765,filesMasks=,defaultFileType=33888b6f-7a8e-4069-b1b6-5c1aa9d0a48d,modDate=2023-06-24 02:00:03.768,owner=&lt;null&gt;,iDate=2023-06-24 02:00:03.768,inode=bb4fce52-3073-42c3-835d-e50b53a4b455,path=/testName1687572003765/], expectedName='test-page-url-1687572003862', expectedType='htmlpageasset'}]" classname="com.dotmarketing.business.DeterministicIdentifierAPITest" time="0.002"/>
  <testcase name="Test_Asset_Generate_Deterministic_Id_Best_Effort[4: TestCase{versionable=com.dotmarketing.portlets.contentlet.model.Contentlet@6ca36cc8[map={fileAsset2=/home/runner/work/core/custom/assets/0/5/056b811e-4fcb-46c8-9b72-80fc9e5cf2ae/fileAsset2/test_binary1687572004758.png, modDate=2023-06-24 02:00:04.762, fileAsset1=/home/runner/work/core/custom/assets/0/5/056b811e-4fcb-46c8-9b72-80fc9e5cf2ae/fileAsset1/test_binary1687572004757.jpg, title=blah, inode=056b811e-4fcb-46c8-9b72-80fc9e5cf2ae, __IS_NEW_CONTENT__=true, disabledWYSIWYG=[], host=8a7d5e23-da1e-420a-b4f0-471e7da8ea2d, stInode=e7c2faad-5fa8-48ff-b96d-e3147d075fcb, owner=system, identifier=e446f6f1-db7e-45c4-bfa5-7d7ea048f723, nullProperties=[], languageId=1, image1=c505ed20-5447-4cb9-be64-6b466b17b379, folder=SYSTEM_FOLDER, __disable_workflow__=true, sortOrder=0, modUser=system},lowIndexPriority=false,variantId=DEFAULT], parent=default, expectedName='test_binary1687572004757.jpg:test_binary1687572004758.png', expectedType='MultipleBinaries1687572003987'}]" classname="com.dotmarketing.business.DeterministicIdentifierAPITest" time="0.005"/>
  <testcase name="Test_Asset_Generate_Deterministic_Id_Best_Effort[5: TestCase{versionable=name58011bfb84 : keyTag58011bfb84, parent=my.host1687572002796.com, expectedName='keyTag58011bfb84', expectedType='persona'}]" classname="com.dotmarketing.business.DeterministicIdentifierAPITest" time="0.004"/>
  <testcase name="Test_Similar_Content_Type_Wont_Clash" classname="com.dotmarketing.business.DeterministicIdentifierAPITest" time="0.419"/>
  <testcase name="Test_Generate_Folder_Identifier" classname="com.dotmarketing.business.DeterministicIdentifierAPITest" time="0.447"/>
  <testcase name="Test_Generate_Content_Type_Identifier[0: ContentTypeTestCase{contentType=KeyValueContentType{name=Language Variable, id=f4d7c1b8-2c88-4071-abf1-a5328977b07d, description=Default Content Type for Language Variables, defaultType=false, fixed=true, iDate=Thu Aug 31 16:38:49 UTC 2017, system=true, versionable=true, variable=Languagevariable, modDate=Sat Jun 24 01:56:50 UTC 2023, host=SYSTEM_HOST, siteName=systemHost, icon=language, sortOrder=0, folder=SYSTEM_FOLDER, folderPath=/, markedForDeletion=false, multilingualable=false}, expectedName='Languagevariable', expectedType='KeyValue'}]" classname="com.dotmarketing.business.DeterministicIdentifierAPITest" time="0.006"/>
  <testcase name="Test_Generate_Content_Type_Identifier[1: ContentTypeTestCase{contentType=SimpleContentType{name=testName1687572005050, id=76d271cb-93bd-48b6-b851-a770698c813c, description=testDescription1687572005050, defaultType=false, fixed=false, iDate=Sat Jun 24 02:00:05 UTC 2023, system=false, versionable=true, multilingualable=false, variable=testVarname1687572005050, owner=system, modDate=Sat Jun 24 02:00:05 UTC 2023, host=8a7d5e23-da1e-420a-b4f0-471e7da8ea2d, siteName=default, icon=event_note, sortOrder=0, folder=SYSTEM_FOLDER, folderPath=/, requiredFields=[], markedForDeletion=false}, expectedName='testVarname1687572005050', expectedType='CONTENT'}]" classname="com.dotmarketing.business.DeterministicIdentifierAPITest" time="0.004"/>
  <system-out><![CDATA[]]></system-out>
  <system-err><![CDATA[]]></system-err>
</testsuite>
