<?xml version="1.0" encoding="UTF-8"?>
<testsuite name="com.dotcms.content.elasticsearch.business.ESContentletAPIImplTest" tests="48" skipped="0" failures="0" errors="0" timestamp="2023-07-22T00:00:51" hostname="fv-az735-229" time="88.486">
  <properties/>
  <testcase name="flushVanityURLCacheRight" classname="com.dotcms.content.elasticsearch.business.ESContentletAPIImplTest" time="3.77"/>
  <testcase name="differentVersionWithDifferentExpireDate" classname="com.dotcms.content.elasticsearch.business.ESContentletAPIImplTest" time="0.594"/>
  <testcase name="whenTryToLockShouldThrowDotSecurityException" classname="com.dotcms.content.elasticsearch.business.ESContentletAPIImplTest" time="1.88"/>
  <testcase name="findAllVersionsByVariantWithNoAllowUser" classname="com.dotcms.content.elasticsearch.business.ESContentletAPIImplTest" time="4.398"/>
  <testcase name="savingFieldWithUniqueFieldInDifferentHost" classname="com.dotcms.content.elasticsearch.business.ESContentletAPIImplTest" time="2.524"/>
  <testcase name="findAllVersionsByVariantWithNoContentlet" classname="com.dotcms.content.elasticsearch.business.ESContentletAPIImplTest" time="0.003"/>
  <testcase name="shouldUpdateAllTheDifferentLangVersions" classname="com.dotcms.content.elasticsearch.business.ESContentletAPIImplTest" time="2.095"/>
  <testcase name="testIsCheckInSafeWithRelationshipsFieldsShouldReturnTrue" classname="com.dotcms.content.elasticsearch.business.ESContentletAPIImplTest" time="0.614"/>
  <testcase name="testGetRelatedContentWhenIndexIsMessedUp" classname="com.dotcms.content.elasticsearch.business.ESContentletAPIImplTest" time="4.805"/>
  <testcase name="TestFindLiveOrWorkingVersions" classname="com.dotcms.content.elasticsearch.business.ESContentletAPIImplTest" time="7.406"/>
  <testcase name="findContentletByIdentifierAnyLanguageNoDefaultVersion" classname="com.dotcms.content.elasticsearch.business.ESContentletAPIImplTest" time="2.093"/>
  <testcase name="test_getUrlMapForContentlet_with_detail_page_and_pattern" classname="com.dotcms.content.elasticsearch.business.ESContentletAPIImplTest" time="2.565"/>
  <testcase name="test_move_invalid_start_host" classname="com.dotcms.content.elasticsearch.business.ESContentletAPIImplTest" time="0.002"/>
  <testcase name="variantIdOutsideJsonFIeld" classname="com.dotcms.content.elasticsearch.business.ESContentletAPIImplTest" time="1.474"/>
  <testcase name="test_getUrlMapForContentlet_with_bad_detail_page" classname="com.dotcms.content.elasticsearch.business.ESContentletAPIImplTest" time="1.06"/>
  <testcase name="findContentletByIdentifierAnyLanguageAndVariant" classname="com.dotcms.content.elasticsearch.business.ESContentletAPIImplTest" time="2.035"/>
  <testcase name="whenTryToLockShouldWork" classname="com.dotcms.content.elasticsearch.business.ESContentletAPIImplTest" time="0.996"/>
  <testcase name="savingFieldWithUniqueFieldInDifferentHostUsingContentTypeHost" classname="com.dotcms.content.elasticsearch.business.ESContentletAPIImplTest" time="3.182"/>
  <testcase name="findAllVersionsWithOldVersionsByVariant" classname="com.dotcms.content.elasticsearch.business.ESContentletAPIImplTest" time="7.978"/>
  <testcase name="selfRelatedContents" classname="com.dotcms.content.elasticsearch.business.ESContentletAPIImplTest" time="1.916"/>
  <testcase name="testGetRelatedContentFromMultilingualContent" classname="com.dotcms.content.elasticsearch.business.ESContentletAPIImplTest" time="1.78"/>
  <testcase name="shouldUpdateAllTheDifferentVariantsVersions" classname="com.dotcms.content.elasticsearch.business.ESContentletAPIImplTest" time="1.66"/>
  <testcase name="differentVersionWithDifferentPublishDateAndUniquePublishExpireDate" classname="com.dotcms.content.elasticsearch.business.ESContentletAPIImplTest" time="1.525"/>
  <testcase name="testCheckInWithLegacyRelationshipsAndReadOnlyClusterShouldThrowAnException" classname="com.dotcms.content.elasticsearch.business.ESContentletAPIImplTest" time="0.133"/>
  <testcase name="testGetArchivedRelatedChild" classname="com.dotcms.content.elasticsearch.business.ESContentletAPIImplTest" time="1.503"/>
  <testcase name="saveContentToAnotherVariant" classname="com.dotcms.content.elasticsearch.business.ESContentletAPIImplTest" time="1.241"/>
  <testcase name="whenOwnerTryToLockShouldWork" classname="com.dotcms.content.elasticsearch.business.ESContentletAPIImplTest" time="1.975"/>
  <testcase name="savingFieldWithUniqueFieldInTheSameHostTakingContentTypeHost" classname="com.dotcms.content.elasticsearch.business.ESContentletAPIImplTest" time="1.489"/>
  <testcase name="differentVersionWithDifferentExpireDateAndUniquePublishExpireDat" classname="com.dotcms.content.elasticsearch.business.ESContentletAPIImplTest" time="1.345"/>
  <testcase name="savingFieldWithUniqueFieldInTheSameHost" classname="com.dotcms.content.elasticsearch.business.ESContentletAPIImplTest" time="1.635"/>
  <testcase name="test_move_not_exists_path" classname="com.dotcms.content.elasticsearch.business.ESContentletAPIImplTest" time="0.021"/>
  <testcase name="saveAndUpdateContentletWithBinaryField" classname="com.dotcms.content.elasticsearch.business.ESContentletAPIImplTest" time="0.764"/>
  <testcase name="test_getUrlMapForContentlet_with_detail_page_but_no_pattern" classname="com.dotcms.content.elasticsearch.business.ESContentletAPIImplTest" time="2.371"/>
  <testcase name="test_move_invalid_null_host" classname="com.dotcms.content.elasticsearch.business.ESContentletAPIImplTest" time="0.001"/>
  <testcase name="findDeletedContentletByIdentifierAnyLanguage" classname="com.dotcms.content.elasticsearch.business.ESContentletAPIImplTest" time="1.922"/>
  <testcase name="testGetArchivedRelatedParent" classname="com.dotcms.content.elasticsearch.business.ESContentletAPIImplTest" time="1.598"/>
  <testcase name="testIsCheckInSafeWithLegacyRelationshipsShouldReturnFalse" classname="com.dotcms.content.elasticsearch.business.ESContentletAPIImplTest" time="0.112"/>
  <testcase name="findAllVersionsByVariant" classname="com.dotcms.content.elasticsearch.business.ESContentletAPIImplTest" time="1.876"/>
  <testcase name="savingFieldWithUniqueFieldInDifferentHostUniquePerSiteToFalse" classname="com.dotcms.content.elasticsearch.business.ESContentletAPIImplTest" time="2.587"/>
  <testcase name="shouldUpdateAllTheDifferentVariantsVersionsInTheSameLang" classname="com.dotcms.content.elasticsearch.business.ESContentletAPIImplTest" time="2.528"/>
  <testcase name="testIsCheckInSafeWithoutRelationshipsShouldReturnTrue" classname="com.dotcms.content.elasticsearch.business.ESContentletAPIImplTest" time="0.045"/>
  <testcase name="test_move_to_exists_path_invalid_user" classname="com.dotcms.content.elasticsearch.business.ESContentletAPIImplTest" time="1.112"/>
  <testcase name="test_move_invalid_path" classname="com.dotcms.content.elasticsearch.business.ESContentletAPIImplTest" time="0.001"/>
  <testcase name="savingFieldWithUniqueFieldInTheSameHostUniquePerSiteToFalse" classname="com.dotcms.content.elasticsearch.business.ESContentletAPIImplTest" time="2.306"/>
  <testcase name="testCheckInArchivedPageShouldThrowDotDataException" classname="com.dotcms.content.elasticsearch.business.ESContentletAPIImplTest" time="0.904"/>
  <testcase name="differentVersionWithDifferentPublishDate" classname="com.dotcms.content.elasticsearch.business.ESContentletAPIImplTest" time="2.083"/>
  <testcase name="testCopyProperties" classname="com.dotcms.content.elasticsearch.business.ESContentletAPIImplTest" time="1.151"/>
  <testcase name="saveContentToSpecificVariant" classname="com.dotcms.content.elasticsearch.business.ESContentletAPIImplTest" time="1.414"/>
  <system-out><![CDATA[]]></system-out>
  <system-err><![CDATA[]]></system-err>
</testsuite>
