<?xml version="1.0" encoding="UTF-8"?>
<testsuite name="com.dotcms.rest.api.v1.folder.FolderResourceTest" tests="10" skipped="0" failures="0" errors="0" timestamp="2023-06-30T21:28:12" hostname="fv-az389-28" time="21.013">
  <properties/>
  <testcase name="test_loadFolderAndSubFoldersByPath_UserNoPermissionsOverSubFolder_returnFoldersWithUserPermissions" classname="com.dotcms.rest.api.v1.folder.FolderResourceTest" time="4.749"/>
  <testcase name="test_loadFolderAndSubFoldersByPath_Admin_InvalidHostId_return400" classname="com.dotcms.rest.api.v1.folder.FolderResourceTest" time="1.887"/>
  <testcase name="test_loadFolderAndSubFoldersByPath_UserNoPermissionsOverFolder_return403" classname="com.dotcms.rest.api.v1.folder.FolderResourceTest" time="3.209"/>
  <testcase name="test_createFolders_siteNameNotExists_return400" classname="com.dotcms.rest.api.v1.folder.FolderResourceTest" time="0.793"/>
  <testcase name="test_createFolders_UserNoPermissions_return403" classname="com.dotcms.rest.api.v1.folder.FolderResourceTest" time="1.277"/>
  <testcase name="test_loadFolderAndSubFoldersByPath_Admin_success" classname="com.dotcms.rest.api.v1.folder.FolderResourceTest" time="1.826"/>
  <testcase name="test_createFolders_restrictedFolderName_return400" classname="com.dotcms.rest.api.v1.folder.FolderResourceTest" time="1.219"/>
  <testcase name="test_loadFolderAndSubFoldersByPath_UserNoPermissionsOverHost_return403" classname="com.dotcms.rest.api.v1.folder.FolderResourceTest" time="2.607"/>
  <testcase name="test_loadFolderAndSubFoldersByPath_Admin_InvalidPath_return400" classname="com.dotcms.rest.api.v1.folder.FolderResourceTest" time="2.214"/>
  <testcase name="test_createFolders_success" classname="com.dotcms.rest.api.v1.folder.FolderResourceTest" time="1.232"/>
  <system-out><![CDATA[]]></system-out>
  <system-err><![CDATA[]]></system-err>
</testsuite>
