<?xml version="1.0" encoding="UTF-8"?>
<testsuite name="com.dotmarketing.startup.runonce.Task210802UpdateStructureTableTest" tests="1" skipped="0" failures="0" errors="0" timestamp="2023-07-21T04:36:58" hostname="fv-az256-498" time="0.031">
  <properties/>
  <testcase name="testExecuteUpgrade" classname="com.dotmarketing.startup.runonce.Task210802UpdateStructureTableTest" time="0.031"/>
  <system-out><![CDATA[]]></system-out>
  <system-err><![CDATA[]]></system-err>
</testsuite>
