<?xml version="1.0" encoding="UTF-8"?>
<testsuite name="com.dotmarketing.portlets.structure.model.ContentletRelationshipsTest" tests="7" skipped="0" failures="0" errors="0" timestamp="2023-07-07T15:56:52" hostname="fv-az363-219" time="7.245">
  <properties/>
  <testcase name="testDoesAllowOnlyOne[0: com.dotmarketing.portlets.structure.model.ContentletRelationshipsTest$CardinalityTestCase@a61b364]" classname="com.dotmarketing.portlets.structure.model.ContentletRelationshipsTest" time="0.45"/>
  <testcase name="testDoesAllowOnlyOne[1: com.dotmarketing.portlets.structure.model.ContentletRelationshipsTest$CardinalityTestCase@4de119]" classname="com.dotmarketing.portlets.structure.model.ContentletRelationshipsTest" time="0.411"/>
  <testcase name="testDoesAllowOnlyOne[2: com.dotmarketing.portlets.structure.model.ContentletRelationshipsTest$CardinalityTestCase@200a3180]" classname="com.dotmarketing.portlets.structure.model.ContentletRelationshipsTest" time="0.361"/>
  <testcase name="testGetRelationshipRecords[0: com.dotmarketing.portlets.structure.model.ContentletRelationshipsTest$TestCase@51782162]" classname="com.dotmarketing.portlets.structure.model.ContentletRelationshipsTest" time="1.838"/>
  <testcase name="testGetRelationshipRecords[1: com.dotmarketing.portlets.structure.model.ContentletRelationshipsTest$TestCase@568542ba]" classname="com.dotmarketing.portlets.structure.model.ContentletRelationshipsTest" time="0.782"/>
  <testcase name="testGetRelationshipRecords[2: com.dotmarketing.portlets.structure.model.ContentletRelationshipsTest$TestCase@392f245a]" classname="com.dotmarketing.portlets.structure.model.ContentletRelationshipsTest" time="1.686"/>
  <testcase name="testGetRelationshipRecords[3: com.dotmarketing.portlets.structure.model.ContentletRelationshipsTest$TestCase@485884ce]" classname="com.dotmarketing.portlets.structure.model.ContentletRelationshipsTest" time="1.717"/>
  <system-out><![CDATA[]]></system-out>
  <system-err><![CDATA[]]></system-err>
</testsuite>
