<?xml version="1.0" encoding="UTF-8"?>
<testsuite name="com.dotcms.content.business.ObjectMapperTest" tests="2" skipped="0" failures="0" errors="0" timestamp="2023-07-19T07:23:03" hostname="fv-az1231-779" time="0.016">
  <properties/>
  <testcase name="TestJsonViews" classname="com.dotcms.content.business.ObjectMapperTest" time="0.014"/>
  <testcase name="TestJsonHtmlEscapingDisabledByDefault" classname="com.dotcms.content.business.ObjectMapperTest" time="0.002"/>
  <system-out><![CDATA[]]></system-out>
  <system-err><![CDATA[]]></system-err>
</testsuite>
