<?xml version="1.0" encoding="UTF-8"?>
<testsuite name="com.dotcms.rest.api.v1.vtl.VTLResourceIntegrationTest" tests="6" skipped="0" failures="0" errors="0" timestamp="2023-06-27T18:51:53" hostname="fv-az451-154" time="10.663">
  <properties/>
  <testcase name="testGet[0: com.dotcms.rest.api.v1.vtl.VTLResourceTestCase@57a15ce8]" classname="com.dotcms.rest.api.v1.vtl.VTLResourceIntegrationTest" time="2.649"/>
  <testcase name="testGet[1: com.dotcms.rest.api.v1.vtl.VTLResourceTestCase@7462ffa5]" classname="com.dotcms.rest.api.v1.vtl.VTLResourceIntegrationTest" time="2.065"/>
  <testcase name="testGet[2: com.dotcms.rest.api.v1.vtl.VTLResourceTestCase@5ac0b236]" classname="com.dotcms.rest.api.v1.vtl.VTLResourceIntegrationTest" time="2.108"/>
  <testcase name="testGet[3: com.dotcms.rest.api.v1.vtl.VTLResourceTestCase@33ff57d1]" classname="com.dotcms.rest.api.v1.vtl.VTLResourceIntegrationTest" time="0.829"/>
  <testcase name="testGet[4: com.dotcms.rest.api.v1.vtl.VTLResourceTestCase@6e640b5a]" classname="com.dotcms.rest.api.v1.vtl.VTLResourceIntegrationTest" time="2.07"/>
  <testcase name="testGet[5: com.dotcms.rest.api.v1.vtl.VTLResourceTestCase@d985ee4]" classname="com.dotcms.rest.api.v1.vtl.VTLResourceIntegrationTest" time="0.941"/>
  <system-out><![CDATA[]]></system-out>
  <system-err><![CDATA[]]></system-err>
</testsuite>
