<?xml version="1.0" encoding="UTF-8"?>
<testsuite name="com.dotcms.contenttype.test.ContentResourceTest" tests="52" skipped="0" failures="0" errors="0" timestamp="2023-07-06T20:45:06" hostname="fv-az440-292" time="148.605">
  <properties/>
  <testcase name="testGetContentShouldReturnIconDetails" classname="com.dotcms.contenttype.test.ContentResourceTest" time="1.484"/>
  <testcase name="Test_Save_Action_Set_Words_To_Required_NumericField_Issue_15340" classname="com.dotcms.contenttype.test.ContentResourceTest" time="0.847"/>
  <testcase name="test_getContent_includeGrandChildCategory_success" classname="com.dotcms.contenttype.test.ContentResourceTest" time="1.258"/>
  <testcase name="testGetContentWithRelatedParameter[0: com.dotcms.contenttype.test.ContentResourceTest$PullRelatedTestCase@64749295]" classname="com.dotcms.contenttype.test.ContentResourceTest" time="3.931"/>
  <testcase name="testGetContentWithRelatedParameter[1: com.dotcms.contenttype.test.ContentResourceTest$PullRelatedTestCase@6208ef13]" classname="com.dotcms.contenttype.test.ContentResourceTest" time="3.754"/>
  <testcase name="testGetContentWithRelatedParameter[2: com.dotcms.contenttype.test.ContentResourceTest$PullRelatedTestCase@4bd3fe00]" classname="com.dotcms.contenttype.test.ContentResourceTest" time="3.989"/>
  <testcase name="testGetContentWithRelatedParameter[3: com.dotcms.contenttype.test.ContentResourceTest$PullRelatedTestCase@9f3e464]" classname="com.dotcms.contenttype.test.ContentResourceTest" time="3.841"/>
  <testcase name="testGetContentWithRelatedParameter[4: com.dotcms.contenttype.test.ContentResourceTest$PullRelatedTestCase@49d33ff5]" classname="com.dotcms.contenttype.test.ContentResourceTest" time="3.807"/>
  <testcase name="test_getContent_SelfRelatedWith3LevelsOfDepth_shouldReturnRelationships" classname="com.dotcms.contenttype.test.ContentResourceTest" time="1.398"/>
  <testcase name="Test_Save_Action_Send_Fields_SubSet_Issue_15340" classname="com.dotcms.contenttype.test.ContentResourceTest" time="2.961"/>
  <testcase name="test_getContent_shouldReturnRelationships[0: com.dotcms.contenttype.test.ContentResourceTest$TestCase@6c8621ab]" classname="com.dotcms.contenttype.test.ContentResourceTest" time="2.776"/>
  <testcase name="test_getContent_shouldReturnRelationships[1: com.dotcms.contenttype.test.ContentResourceTest$TestCase@38f1e1c5]" classname="com.dotcms.contenttype.test.ContentResourceTest" time="2.992"/>
  <testcase name="test_getContent_shouldReturnRelationships[2: com.dotcms.contenttype.test.ContentResourceTest$TestCase@2eb7e27b]" classname="com.dotcms.contenttype.test.ContentResourceTest" time="3.33"/>
  <testcase name="test_getContent_shouldReturnRelationships[3: com.dotcms.contenttype.test.ContentResourceTest$TestCase@7ecb5ccf]" classname="com.dotcms.contenttype.test.ContentResourceTest" time="3.265"/>
  <testcase name="test_getContent_shouldReturnRelationships[4: com.dotcms.contenttype.test.ContentResourceTest$TestCase@239da1c4]" classname="com.dotcms.contenttype.test.ContentResourceTest" time="3.041"/>
  <testcase name="test_getContent_shouldReturnRelationships[5: com.dotcms.contenttype.test.ContentResourceTest$TestCase@145583bb]" classname="com.dotcms.contenttype.test.ContentResourceTest" time="2.859"/>
  <testcase name="test_getContent_shouldReturnRelationships[6: com.dotcms.contenttype.test.ContentResourceTest$TestCase@5600f70]" classname="com.dotcms.contenttype.test.ContentResourceTest" time="3.026"/>
  <testcase name="test_getContent_shouldReturnRelationships[7: com.dotcms.contenttype.test.ContentResourceTest$TestCase@21690637]" classname="com.dotcms.contenttype.test.ContentResourceTest" time="2.946"/>
  <testcase name="test_getContent_shouldReturnRelationships[8: com.dotcms.contenttype.test.ContentResourceTest$TestCase@6fb4105f]" classname="com.dotcms.contenttype.test.ContentResourceTest" time="3.189"/>
  <testcase name="test_getContent_shouldReturnRelationships[9: com.dotcms.contenttype.test.ContentResourceTest$TestCase@57c40e49]" classname="com.dotcms.contenttype.test.ContentResourceTest" time="3.128"/>
  <testcase name="test_getContent_shouldReturnRelationships[10: com.dotcms.contenttype.test.ContentResourceTest$TestCase@52da904e]" classname="com.dotcms.contenttype.test.ContentResourceTest" time="2.819"/>
  <testcase name="test_getContent_shouldReturnRelationships[11: com.dotcms.contenttype.test.ContentResourceTest$TestCase@3beb7c9c]" classname="com.dotcms.contenttype.test.ContentResourceTest" time="2.794"/>
  <testcase name="test_getContent_shouldReturnRelationships[12: com.dotcms.contenttype.test.ContentResourceTest$TestCase@7412a556]" classname="com.dotcms.contenttype.test.ContentResourceTest" time="2.725"/>
  <testcase name="test_getContent_shouldReturnRelationships[13: com.dotcms.contenttype.test.ContentResourceTest$TestCase@3d34bdb]" classname="com.dotcms.contenttype.test.ContentResourceTest" time="2.68"/>
  <testcase name="test_getContent_shouldReturnRelationships[14: com.dotcms.contenttype.test.ContentResourceTest$TestCase@50de30f]" classname="com.dotcms.contenttype.test.ContentResourceTest" time="2.722"/>
  <testcase name="test_getContent_shouldReturnRelationships[15: com.dotcms.contenttype.test.ContentResourceTest$TestCase@656270ae]" classname="com.dotcms.contenttype.test.ContentResourceTest" time="3.751"/>
  <testcase name="test_getContent_shouldReturnRelationships[16: com.dotcms.contenttype.test.ContentResourceTest$TestCase@43b5141]" classname="com.dotcms.contenttype.test.ContentResourceTest" time="2.834"/>
  <testcase name="test_getContent_shouldReturnRelationships[17: com.dotcms.contenttype.test.ContentResourceTest$TestCase@1daf4f8e]" classname="com.dotcms.contenttype.test.ContentResourceTest" time="3.014"/>
  <testcase name="test_getContent_shouldReturnRelationships[18: com.dotcms.contenttype.test.ContentResourceTest$TestCase@77d0c2af]" classname="com.dotcms.contenttype.test.ContentResourceTest" time="3.015"/>
  <testcase name="test_getContent_shouldReturnRelationships[19: com.dotcms.contenttype.test.ContentResourceTest$TestCase@1412bfb]" classname="com.dotcms.contenttype.test.ContentResourceTest" time="3.042"/>
  <testcase name="test_getContent_shouldReturnRelationships[20: com.dotcms.contenttype.test.ContentResourceTest$TestCase@5f2ec3cb]" classname="com.dotcms.contenttype.test.ContentResourceTest" time="3.146"/>
  <testcase name="test_getContent_shouldReturnRelationships[21: com.dotcms.contenttype.test.ContentResourceTest$TestCase@389a349f]" classname="com.dotcms.contenttype.test.ContentResourceTest" time="2.28"/>
  <testcase name="test_getContent_shouldReturnRelationships[22: com.dotcms.contenttype.test.ContentResourceTest$TestCase@49ae5c99]" classname="com.dotcms.contenttype.test.ContentResourceTest" time="3.159"/>
  <testcase name="test_getContent_shouldReturnRelationships[23: com.dotcms.contenttype.test.ContentResourceTest$TestCase@41b8b8a4]" classname="com.dotcms.contenttype.test.ContentResourceTest" time="3.233"/>
  <testcase name="test_getContent_shouldReturnRelationships[24: com.dotcms.contenttype.test.ContentResourceTest$TestCase@68211bc3]" classname="com.dotcms.contenttype.test.ContentResourceTest" time="3.343"/>
  <testcase name="test_getContent_shouldReturnRelationships[25: com.dotcms.contenttype.test.ContentResourceTest$TestCase@176f494]" classname="com.dotcms.contenttype.test.ContentResourceTest" time="3.71"/>
  <testcase name="test_getContent_shouldReturnRelationships[26: com.dotcms.contenttype.test.ContentResourceTest$TestCase@3a073ab7]" classname="com.dotcms.contenttype.test.ContentResourceTest" time="3.43"/>
  <testcase name="test_getContent_shouldReturnRelationships[27: com.dotcms.contenttype.test.ContentResourceTest$TestCase@3efec8cb]" classname="com.dotcms.contenttype.test.ContentResourceTest" time="3.183"/>
  <testcase name="test_getContent_shouldReturnRelationships[28: com.dotcms.contenttype.test.ContentResourceTest$TestCase@5ee133d4]" classname="com.dotcms.contenttype.test.ContentResourceTest" time="3.136"/>
  <testcase name="test_getContent_shouldReturnRelationships[29: com.dotcms.contenttype.test.ContentResourceTest$TestCase@6805aec8]" classname="com.dotcms.contenttype.test.ContentResourceTest" time="3.211"/>
  <testcase name="test_getContent_shouldReturnRelationships[30: com.dotcms.contenttype.test.ContentResourceTest$TestCase@6b54e3fd]" classname="com.dotcms.contenttype.test.ContentResourceTest" time="2.124"/>
  <testcase name="test_getContent_shouldReturnRelationships[31: com.dotcms.contenttype.test.ContentResourceTest$TestCase@2324c6cc]" classname="com.dotcms.contenttype.test.ContentResourceTest" time="3.344"/>
  <testcase name="test_getContent_shouldReturnRelationships[32: com.dotcms.contenttype.test.ContentResourceTest$TestCase@748c3eef]" classname="com.dotcms.contenttype.test.ContentResourceTest" time="3.401"/>
  <testcase name="test_getContent_shouldReturnRelationships[33: com.dotcms.contenttype.test.ContentResourceTest$TestCase@313aad58]" classname="com.dotcms.contenttype.test.ContentResourceTest" time="4.455"/>
  <testcase name="testSinglePOST_InvalidParamsShouldReturn400[0: ({\n    &quot;stInode&quot; : &quot;InvalidValue&quot;,\n    &quot;numeric&quot; : &quot;0&quot;,\n    &quot;image&quot; : &quot;whatever&quot;\n}, Bad Request)]" classname="com.dotcms.contenttype.test.ContentResourceTest" time="1.011"/>
  <testcase name="testSinglePOST_InvalidParamsShouldReturn400[1: ({\n    &quot;numeric&quot; : &quot;0&quot;,\n    &quot;image&quot; : &quot;whatever&quot;\n}, Bad Request)]" classname="com.dotcms.contenttype.test.ContentResourceTest" time="0.956"/>
  <testcase name="Test_Save_Action_Set_Null_To_Required_NumericField_Issue_15340" classname="com.dotcms.contenttype.test.ContentResourceTest" time="0.988"/>
  <testcase name="Test_Save_Action_Remove_Image_Then_Verify_Fields_Were_Cleared_Issue_15340" classname="com.dotcms.contenttype.test.ContentResourceTest" time="4.113"/>
  <testcase name="test_getContentWithMultipleSelfRelated_shouldReturnRelationships[0: com.dotcms.contenttype.test.ContentResourceTest$PullSelfRelatedTestCase@782a4054]" classname="com.dotcms.contenttype.test.ContentResourceTest" time="1.867"/>
  <testcase name="test_getContentWithMultipleSelfRelated_shouldReturnRelationships[1: com.dotcms.contenttype.test.ContentResourceTest$PullSelfRelatedTestCase@6d4462f8]" classname="com.dotcms.contenttype.test.ContentResourceTest" time="1.94"/>
  <testcase name="testGetContentWithAllCategoriesInfo[0: json]" classname="com.dotcms.contenttype.test.ContentResourceTest" time="2.639"/>
  <testcase name="testGetContentWithAllCategoriesInfo[1: xml]" classname="com.dotcms.contenttype.test.ContentResourceTest" time="2.712"/>
  <system-out><![CDATA[











]]></system-out>
  <system-err><![CDATA[]]></system-err>
</testsuite>
