<?xml version="1.0" encoding="UTF-8"?>
<testsuite name="com.dotmarketing.business.DeterministicIdentifierAPITest" tests="16" skipped="0" failures="0" errors="0" timestamp="2023-06-30T22:05:43" hostname="fv-az247-376" time="1.516">
  <properties/>
  <testcase name="Test_Category_Path_Seed_And_Id" classname="com.dotmarketing.business.DeterministicIdentifierAPITest" time="0.033"/>
  <testcase name="Test_Language_Deterministic_Id[0: LanguageTestCase{expectedSeed='Language:es:US', expectedHash=4913155, langCode='es', countryCode='US', country='United States'}]" classname="com.dotmarketing.business.DeterministicIdentifierAPITest" time="0.001"/>
  <testcase name="Test_Language_Deterministic_Id[1: LanguageTestCase{expectedSeed='Language:ep:', expectedHash=5292269, langCode='ep', countryCode='', country=''}]" classname="com.dotmarketing.business.DeterministicIdentifierAPITest" time="0.001"/>
  <testcase name="Test_Language_Deterministic_Id[2: LanguageTestCase{expectedSeed='Language:sg:SAG', expectedHash=4713118, langCode='sg', countryCode='SAG', country=''}]" classname="com.dotmarketing.business.DeterministicIdentifierAPITest" time="0.001"/>
  <testcase name="Test_Language_Deterministic_Id[3: LanguageTestCase{expectedSeed='Language:en:NZ', expectedHash=5382528, langCode='en', countryCode='NZ', country='New Zealand'}]" classname="com.dotmarketing.business.DeterministicIdentifierAPITest" time="0.001"/>
  <testcase name="Test_Category_None_Persisted_Category_Should_Return_Deterministic_Id" classname="com.dotmarketing.business.DeterministicIdentifierAPITest" time="0.002"/>
  <testcase name="Test_Asset_Generate_Deterministic_Id_Best_Effort[0: TestCase{versionable=my.host1688162315032.com, parent=System Host, expectedName='my.host1688162315032.com', expectedType='Host'}]" classname="com.dotmarketing.business.DeterministicIdentifierAPITest" time="0.003"/>
  <testcase name="Test_Asset_Generate_Deterministic_Id_Best_Effort[1: TestCase{versionable=com.dotmarketing.portlets.contentlet.model.Contentlet@5fdfa2c5[map={modDate=2023-06-30 21:58:35.525, fileName=file2394702907618358246.txt, title=file2394702907618358246.txt, inode=a966d34c-be56-4e8d-ace5-f4dea22aecdb, __IS_NEW_CONTENT__=true, disabledWYSIWYG=[], host=8ed268fe-54db-4217-8371-f2482983d68f, stInode=33888b6f-7a8e-4069-b1b6-5c1aa9d0a48d, owner=system, identifier=e67564bf-f4f2-42d0-8979-2333a26d4d9a, nullProperties=[wfExpireDate, wfPublishDate, wfActionAssign, wfActionId, wfActionComments, filterKey, whereToSend, wfNeverExpire, _path_to_move, timezoneId, iWantTo, wfPublishTime, wfExpireTime], languageId=1, fileAsset=/home/runner/work/core/custom/assets/a/9/a966d34c-be56-4e8d-ace5-f4dea22aecdb/fileAsset/file2394702907618358246.txt, folder=08ae4e6b-934d-4b67-a576-1dc11067669b, __disable_workflow__=true, sortOrder=0, modUser=system},lowIndexPriority=false,variantId=DEFAULT], parent=com.dotmarketing.portlets.folders.model.Folder@16a83e2d[identifier=08ae4e6b-934d-4b67-a576-1dc11067669b,name=testName1688162315506,sortOrder=0,showOnMenu=false,hostId=8ed268fe-54db-4217-8371-f2482983d68f,type=folder,title=testTitle1688162315506,filesMasks=,defaultFileType=33888b6f-7a8e-4069-b1b6-5c1aa9d0a48d,modDate=2023-06-30 21:58:35.51,owner=&lt;null&gt;,iDate=2023-06-30 21:58:35.51,inode=08ae4e6b-934d-4b67-a576-1dc11067669b,path=/testName1688162315506/], expectedName='file2394702907618358246.txt', expectedType='FileAsset'}]" classname="com.dotmarketing.business.DeterministicIdentifierAPITest" time="0.004"/>
  <testcase name="Test_Asset_Generate_Deterministic_Id_Best_Effort[2: TestCase{versionable=com.dotmarketing.portlets.templates.model.Template@eeef3cc0, parent=my.host1688162315032.com, expectedName='testTitle1688162315668', expectedType='Template'}]" classname="com.dotmarketing.business.DeterministicIdentifierAPITest" time="0.004"/>
  <testcase name="Test_Asset_Generate_Deterministic_Id_Best_Effort[3: TestCase{versionable=com.dotmarketing.portlets.htmlpageasset.model.HTMLPageAsset@2dd66ef4[map={template=97a13a4d-c694-4dbc-95bb-93d88a777a47, owner=system, identifier=ec1932bc-c7dd-4ea8-a5ce-579bc18c4d52, nullProperties=[wfExpireDate, wfPublishDate, wfActionAssign, wfActionId, wfActionComments, filterKey, whereToSend, wfNeverExpire, _path_to_move, timezoneId, iWantTo, wfPublishTime, wfExpireTime], modDate=2023-06-30 21:58:35.697, cachettl=0, _is_test_mode=true, languageId=1, title=test-page-title-1688162315692, httpsreq=, url=test-page-url-1688162315692, showOnMenu=, inode=7cb7ab6c-8497-4190-bab7-a5ceec9f2b4f, folder=08ae4e6b-934d-4b67-a576-1dc11067669b, disabledWYSIWYG=[], sortOrder=1, modUser=system, host=8ed268fe-54db-4217-8371-f2482983d68f, stInode=c541abb1-69b3-4bc5-8430-5e09e5239cc8, friendlyName=test-page-friendly-name-1688162315692},lowIndexPriority=false,variantId=DEFAULT], parent=com.dotmarketing.portlets.folders.model.Folder@16a83e2d[identifier=08ae4e6b-934d-4b67-a576-1dc11067669b,name=testName1688162315506,sortOrder=0,showOnMenu=false,hostId=8ed268fe-54db-4217-8371-f2482983d68f,type=folder,title=testTitle1688162315506,filesMasks=,defaultFileType=33888b6f-7a8e-4069-b1b6-5c1aa9d0a48d,modDate=2023-06-30 21:58:35.51,owner=&lt;null&gt;,iDate=2023-06-30 21:58:35.51,inode=08ae4e6b-934d-4b67-a576-1dc11067669b,path=/testName1688162315506/], expectedName='test-page-url-1688162315692', expectedType='htmlpageasset'}]" classname="com.dotmarketing.business.DeterministicIdentifierAPITest" time="0.003"/>
  <testcase name="Test_Asset_Generate_Deterministic_Id_Best_Effort[4: TestCase{versionable=com.dotmarketing.portlets.contentlet.model.Contentlet@959dd3[map={fileAsset2=/home/runner/work/core/custom/assets/4/6/46b11d7d-6887-4423-989b-67440e84f304/fileAsset2/test_binary1688162317538.png, modDate=2023-06-30 21:58:37.545, fileAsset1=/home/runner/work/core/custom/assets/4/6/46b11d7d-6887-4423-989b-67440e84f304/fileAsset1/test_binary1688162317538.jpg, title=blah, inode=46b11d7d-6887-4423-989b-67440e84f304, __IS_NEW_CONTENT__=true, disabledWYSIWYG=[], host=48190c8c-42c4-46af-8d1a-0cd5db894797, stInode=7067e642-1c87-4ab0-923c-50f6dcd757cf, owner=system, identifier=f437be13-d452-428b-9646-c65adb0c3a27, nullProperties=[], languageId=1, image1=7703472a-6c25-484e-92f1-ee6ea53da780, folder=SYSTEM_FOLDER, __disable_workflow__=true, sortOrder=0, modUser=system},lowIndexPriority=false,variantId=DEFAULT], parent=demo.dotcms.com, expectedName='test_binary1688162317538.jpg:test_binary1688162317538.png', expectedType='MultipleBinaries1688162315908'}]" classname="com.dotmarketing.business.DeterministicIdentifierAPITest" time="0.004"/>
  <testcase name="Test_Asset_Generate_Deterministic_Id_Best_Effort[5: TestCase{versionable=namea88050c0f6 : keyTaga88050c0f6, parent=my.host1688162315032.com, expectedName='keyTaga88050c0f6', expectedType='persona'}]" classname="com.dotmarketing.business.DeterministicIdentifierAPITest" time="0.004"/>
  <testcase name="Test_Similar_Content_Type_Wont_Clash" classname="com.dotmarketing.business.DeterministicIdentifierAPITest" time="0.609"/>
  <testcase name="Test_Generate_Folder_Identifier" classname="com.dotmarketing.business.DeterministicIdentifierAPITest" time="0.828"/>
  <testcase name="Test_Generate_Content_Type_Identifier[0: ContentTypeTestCase{contentType=KeyValueContentType{name=Language Variable, id=f4d7c1b8-2c88-4071-abf1-a5328977b07d, description=Default Content Type for Language Variables, defaultType=false, fixed=true, iDate=Thu Aug 31 16:38:49 UTC 2017, system=true, versionable=true, variable=Languagevariable, modDate=Fri Jun 30 20:44:20 UTC 2023, host=SYSTEM_HOST, siteName=systemHost, icon=language, sortOrder=0, folder=SYSTEM_FOLDER, folderPath=/, markedForDeletion=true, multilingualable=false}, expectedName='Languagevariable', expectedType='KeyValue'}]" classname="com.dotmarketing.business.DeterministicIdentifierAPITest" time="0.006"/>
  <testcase name="Test_Generate_Content_Type_Identifier[1: ContentTypeTestCase{contentType=SimpleContentType{name=testName1688162317982, id=40106418-7a29-4423-b16e-d6e9e556f7ca, description=testDescription1688162317982, defaultType=false, fixed=false, iDate=Fri Jun 30 21:58:37 UTC 2023, system=false, versionable=true, multilingualable=false, variable=testVarname1688162317982, owner=system, modDate=Fri Jun 30 21:58:39 UTC 2023, host=48190c8c-42c4-46af-8d1a-0cd5db894797, siteName=demo.dotcms.com, icon=event_note, sortOrder=0, folder=SYSTEM_FOLDER, folderPath=/, requiredFields=[], markedForDeletion=false}, expectedName='testVarname1688162317982', expectedType='CONTENT'}]" classname="com.dotmarketing.business.DeterministicIdentifierAPITest" time="0.011"/>
  <system-out><![CDATA[]]></system-out>
  <system-err><![CDATA[]]></system-err>
</testsuite>
