<?xml version="1.0" encoding="UTF-8"?>
<testsuite name="com.dotcms.contenttype.business.FieldAPITest" tests="93" skipped="0" failures="0" errors="0" timestamp="2023-06-26T16:25:57" hostname="fv-az422-943" time="15.342">
  <properties/>
  <testcase name="test_SaveNewIndexedField_ShouldAddESMapping" classname="com.dotcms.contenttype.business.FieldAPITest" time="0.308"/>
  <testcase name="getFieldVariablesForField" classname="com.dotcms.contenttype.business.FieldAPITest" time="0.273"/>
  <testcase name="testSaveRelationshipWithDuplicateFieldsShouldThrowAnException[0: com.dotcms.contenttype.business.FieldAPITest$UniqueConstraintTestCase@757d97a0]" classname="com.dotcms.contenttype.business.FieldAPITest" time="0.324"/>
  <testcase name="testSaveRelationshipWithDuplicateFieldsShouldThrowAnException[1: com.dotcms.contenttype.business.FieldAPITest$UniqueConstraintTestCase@6efa0e88]" classname="com.dotcms.contenttype.business.FieldAPITest" time="0.314"/>
  <testcase name="testSaveRelationshipWithDuplicateFieldsShouldThrowAnException[2: com.dotcms.contenttype.business.FieldAPITest$UniqueConstraintTestCase@312b4449]" classname="com.dotcms.contenttype.business.FieldAPITest" time="0.326"/>
  <testcase name="testSaveRelationshipWithDuplicateFieldsShouldThrowAnException[3: com.dotcms.contenttype.business.FieldAPITest$UniqueConstraintTestCase@49364834]" classname="com.dotcms.contenttype.business.FieldAPITest" time="0.296"/>
  <testcase name="testSaveRelationshipWithDuplicateFieldsShouldThrowAnException[4: com.dotcms.contenttype.business.FieldAPITest$UniqueConstraintTestCase@50ef0625]" classname="com.dotcms.contenttype.business.FieldAPITest" time="0.362"/>
  <testcase name="testSaveRelationshipWithDuplicateFieldsShouldThrowAnException[5: com.dotcms.contenttype.business.FieldAPITest$UniqueConstraintTestCase@6edfdcfe]" classname="com.dotcms.contenttype.business.FieldAPITest" time="0.332"/>
  <testcase name="test_GivenBothSidedRelationshipField_WhenRemovingChildField_RelationshipShouldBeGettable" classname="com.dotcms.contenttype.business.FieldAPITest" time="0.531"/>
  <testcase name="test_GivenBothSidedRelationshipField_WhenRemovingParentField_RelationshipShouldBeGettable" classname="com.dotcms.contenttype.business.FieldAPITest" time="0.518"/>
  <testcase name="testSaveRelationshipField_when_newFieldIsSetToAnExistingRelationship_SaveShouldSucceed" classname="com.dotcms.contenttype.business.FieldAPITest" time="0.503"/>
  <testcase name="testSaveOneSidedRelationship_when_theChildContentTypeIsRelatedWithAnotherContentType_ShouldSucceed" classname="com.dotcms.contenttype.business.FieldAPITest" time="1.599"/>
  <testcase name="testSaveFieldVariable_KeyWithSpecialChars_ShouldSucceed[0: __myKey]" classname="com.dotcms.contenttype.business.FieldAPITest" time="0.049"/>
  <testcase name="testSaveFieldVariable_KeyWithSpecialChars_ShouldSucceed[1: dottype.]" classname="com.dotcms.contenttype.business.FieldAPITest" time="0.045"/>
  <testcase name="testSaveFieldVariable_KeyWithSpecialChars_ShouldSucceed[2: dot:type]" classname="com.dotcms.contenttype.business.FieldAPITest" time="0.046"/>
  <testcase name="testSaveFieldVariable_KeyWithSpecialChars_ShouldSucceed[3: dot-type]" classname="com.dotcms.contenttype.business.FieldAPITest" time="0.043"/>
  <testcase name="testSaveFieldVariable_KeyWithSpecialChars_ShouldSucceed[4: *dottype*]" classname="com.dotcms.contenttype.business.FieldAPITest" time="0.044"/>
  <testcase name="testSaveFieldVariable_KeyWithSpecialChars_ShouldSucceed[5: $my^^&amp;key%]" classname="com.dotcms.contenttype.business.FieldAPITest" time="0.045"/>
  <testcase name="testUpdateParentFieldInARelationship_shouldSucceed" classname="com.dotcms.contenttype.business.FieldAPITest" time="0.564"/>
  <testcase name="testSaveOneSidedManyToOneRelationshipField_returns_newRelationshipObject" classname="com.dotcms.contenttype.business.FieldAPITest" time="0.357"/>
  <testcase name="testUpdateSelfRelatedFields_shouldNotChangeRelationNames" classname="com.dotcms.contenttype.business.FieldAPITest" time="0.523"/>
  <testcase name="testSaveRelationshipFieldBothSidesRequired_ShouldSucceed" classname="com.dotcms.contenttype.business.FieldAPITest" time="0.555"/>
  <testcase name="testSaveRelationshipField_when_replacingChildInABothSidedRelationship_ShouldThrowException" classname="com.dotcms.contenttype.business.FieldAPITest" time="0.578"/>
  <testcase name="testValidateRelationshipFieldWithDash_shouldThrowAnException" classname="com.dotcms.contenttype.business.FieldAPITest" time="0.029"/>
  <testcase name="test_SaveField_GivenTypeName_GeneratedVariableIsSameAsProvidedOne: caseModDateCompatible" classname="com.dotcms.contenttype.business.FieldAPITest" time="0.049"/>
  <testcase name="test_SaveField_GivenTypeName_GeneratedVariableIsSameAsProvidedOne: caseTitleCompatible" classname="com.dotcms.contenttype.business.FieldAPITest" time="0.05"/>
  <testcase name="test_SaveField_GivenTypeName_GeneratedVariableIsSameAsProvidedOne: caseTitleImageCompatible" classname="com.dotcms.contenttype.business.FieldAPITest" time="0.046"/>
  <testcase name="test_SaveField_GivenTypeName_GeneratedVariableIsSameAsProvidedOne: caseContentTypeCompatible" classname="com.dotcms.contenttype.business.FieldAPITest" time="0.046"/>
  <testcase name="test_SaveField_GivenTypeName_GeneratedVariableIsSameAsProvidedOne: caseBaseTypeCompatible" classname="com.dotcms.contenttype.business.FieldAPITest" time="0.047"/>
  <testcase name="test_SaveField_GivenTypeName_GeneratedVariableIsSameAsProvidedOne: caseLiveCompatible" classname="com.dotcms.contenttype.business.FieldAPITest" time="0.046"/>
  <testcase name="test_SaveField_GivenTypeName_GeneratedVariableIsSameAsProvidedOne: caseWorkingCompatible" classname="com.dotcms.contenttype.business.FieldAPITest" time="0.048"/>
  <testcase name="test_SaveField_GivenTypeName_GeneratedVariableIsSameAsProvidedOne: caseArchivedCompatible" classname="com.dotcms.contenttype.business.FieldAPITest" time="0.048"/>
  <testcase name="test_SaveField_GivenTypeName_GeneratedVariableIsSameAsProvidedOne: caseLockedCompatible" classname="com.dotcms.contenttype.business.FieldAPITest" time="0.045"/>
  <testcase name="test_SaveField_GivenTypeName_GeneratedVariableIsSameAsProvidedOne: caseIdentifierCompatible" classname="com.dotcms.contenttype.business.FieldAPITest" time="0.046"/>
  <testcase name="test_SaveField_GivenTypeName_GeneratedVariableIsSameAsProvidedOne: caseInodeCompatible" classname="com.dotcms.contenttype.business.FieldAPITest" time="0.047"/>
  <testcase name="test_SaveField_GivenTypeName_GeneratedVariableIsSameAsProvidedOne: caseUrlMapCompatible" classname="com.dotcms.contenttype.business.FieldAPITest" time="0.048"/>
  <testcase name="test_GivenOneSidedRelationshipField_WhenRemovingField_RelationshipShouldBeWiped" classname="com.dotcms.contenttype.business.FieldAPITest" time="0.332"/>
  <testcase name="testSave_InvalidVariable_ShouldThrowException[0: (123, true)]" classname="com.dotcms.contenttype.business.FieldAPITest" time="0.026"/>
  <testcase name="testSave_InvalidVariable_ShouldThrowException[1: (_123, true)]" classname="com.dotcms.contenttype.business.FieldAPITest" time="0.027"/>
  <testcase name="testSave_InvalidVariable_ShouldThrowException[2: (_123a, true)]" classname="com.dotcms.contenttype.business.FieldAPITest" time="0.025"/>
  <testcase name="testSave_InvalidVariable_ShouldThrowException[3: (asd123asd, false)]" classname="com.dotcms.contenttype.business.FieldAPITest" time="0.031"/>
  <testcase name="testSave_InvalidVariable_ShouldThrowException[4: (Asfsdf, false)]" classname="com.dotcms.contenttype.business.FieldAPITest" time="0.032"/>
  <testcase name="testSave_InvalidVariable_ShouldThrowException[5: (aa123, false)]" classname="com.dotcms.contenttype.business.FieldAPITest" time="0.035"/>
  <testcase name="test_SaveNewRelationshipField_ShouldAddESMapping" classname="com.dotcms.contenttype.business.FieldAPITest" time="0.341"/>
  <testcase name="testSaveRelationshipField_GivenRecreatedDeletedRelationshipFieldChoosingExistingRel_SaveShouldSucceed" classname="com.dotcms.contenttype.business.FieldAPITest" time="0.735"/>
  <testcase name="test_SaveField_GivenGraphQLCompatibleVariable_ShouldSave: caseModDateCompatible" classname="com.dotcms.contenttype.business.FieldAPITest" time="0.049"/>
  <testcase name="test_SaveField_GivenGraphQLCompatibleVariable_ShouldSave: caseTitleCompatible" classname="com.dotcms.contenttype.business.FieldAPITest" time="0.048"/>
  <testcase name="test_SaveField_GivenGraphQLCompatibleVariable_ShouldSave: caseTitleImageCompatible" classname="com.dotcms.contenttype.business.FieldAPITest" time="0.044"/>
  <testcase name="test_SaveField_GivenGraphQLCompatibleVariable_ShouldSave: caseContentTypeCompatible" classname="com.dotcms.contenttype.business.FieldAPITest" time="0.046"/>
  <testcase name="test_SaveField_GivenGraphQLCompatibleVariable_ShouldSave: caseBaseTypeCompatible" classname="com.dotcms.contenttype.business.FieldAPITest" time="0.055"/>
  <testcase name="test_SaveField_GivenGraphQLCompatibleVariable_ShouldSave: caseLiveCompatible" classname="com.dotcms.contenttype.business.FieldAPITest" time="0.048"/>
  <testcase name="test_SaveField_GivenGraphQLCompatibleVariable_ShouldSave: caseWorkingCompatible" classname="com.dotcms.contenttype.business.FieldAPITest" time="0.046"/>
  <testcase name="test_SaveField_GivenGraphQLCompatibleVariable_ShouldSave: caseArchivedCompatible" classname="com.dotcms.contenttype.business.FieldAPITest" time="0.045"/>
  <testcase name="test_SaveField_GivenGraphQLCompatibleVariable_ShouldSave: caseLockedCompatible" classname="com.dotcms.contenttype.business.FieldAPITest" time="0.047"/>
  <testcase name="test_SaveField_GivenGraphQLCompatibleVariable_ShouldSave: caseIdentifierCompatible" classname="com.dotcms.contenttype.business.FieldAPITest" time="0.047"/>
  <testcase name="test_SaveField_GivenGraphQLCompatibleVariable_ShouldSave: caseInodeCompatible" classname="com.dotcms.contenttype.business.FieldAPITest" time="0.046"/>
  <testcase name="test_SaveField_GivenGraphQLCompatibleVariable_ShouldSave: caseUrlMapCompatible" classname="com.dotcms.contenttype.business.FieldAPITest" time="0.049"/>
  <testcase name="testSave_InvalidName_ShouldThrowException[0: 123]" classname="com.dotcms.contenttype.business.FieldAPITest" time="0.033"/>
  <testcase name="testSave_InvalidName_ShouldThrowException[1: 123abc]" classname="com.dotcms.contenttype.business.FieldAPITest" time="0.033"/>
  <testcase name="testSave_InvalidName_ShouldThrowException[2: _123a]" classname="com.dotcms.contenttype.business.FieldAPITest" time="0.034"/>
  <testcase name="testSave_InvalidName_ShouldThrowException[3: asd123asd]" classname="com.dotcms.contenttype.business.FieldAPITest" time="0.033"/>
  <testcase name="testSave_InvalidName_ShouldThrowException[4: Asfsdf]" classname="com.dotcms.contenttype.business.FieldAPITest" time="0.032"/>
  <testcase name="testSave_InvalidName_ShouldThrowException[5: aa123]" classname="com.dotcms.contenttype.business.FieldAPITest" time="0.033"/>
  <testcase name="testSave_InvalidName_ShouldThrowException[6: This is a field]" classname="com.dotcms.contenttype.business.FieldAPITest" time="0.035"/>
  <testcase name="testSave_InvalidName_ShouldThrowException[7: Field &amp;&amp; ,,,..**==} name~~~__]" classname="com.dotcms.contenttype.business.FieldAPITest" time="0.034"/>
  <testcase name="testSave_InvalidName_ShouldThrowException[8: __]" classname="com.dotcms.contenttype.business.FieldAPITest" time="0.035"/>
  <testcase name="test_SaveNewNoIndexedField_ShouldNotAddESMapping" classname="com.dotcms.contenttype.business.FieldAPITest" time="0.046"/>
  <testcase name="testValidateRelationshipField_shouldThrowAnException[0: com.dotcms.contenttype.business.FieldAPITest$TestCase@394a6a01]" classname="com.dotcms.contenttype.business.FieldAPITest" time="0.029"/>
  <testcase name="testValidateRelationshipField_shouldThrowAnException[1: com.dotcms.contenttype.business.FieldAPITest$TestCase@d2d7297]" classname="com.dotcms.contenttype.business.FieldAPITest" time="0.028"/>
  <testcase name="testValidateRelationshipField_shouldThrowAnException[2: com.dotcms.contenttype.business.FieldAPITest$TestCase@1e3b2bb7]" classname="com.dotcms.contenttype.business.FieldAPITest" time="0.029"/>
  <testcase name="testSaveRelationshipField_when_replacingParentInABothSidedRelationship_ShouldThrowException" classname="com.dotcms.contenttype.business.FieldAPITest" time="0.579"/>
  <testcase name="testSave_UpdateExistingFieldWithDifferentContentType_ShouldThrowException" classname="com.dotcms.contenttype.business.FieldAPITest" time="0.029"/>
  <testcase name="test_SaveField_GivenTypeName_GeneratedVariableIsDifferentThanProvidedOne: caseModDateIncompatible" classname="com.dotcms.contenttype.business.FieldAPITest" time="0.046"/>
  <testcase name="test_SaveField_GivenTypeName_GeneratedVariableIsDifferentThanProvidedOne: caseTitleIncompatible" classname="com.dotcms.contenttype.business.FieldAPITest" time="0.052"/>
  <testcase name="test_SaveField_GivenTypeName_GeneratedVariableIsDifferentThanProvidedOne: caseTitleImageIncompatible" classname="com.dotcms.contenttype.business.FieldAPITest" time="0.046"/>
  <testcase name="test_SaveField_GivenTypeName_GeneratedVariableIsDifferentThanProvidedOne: caseContentTypeIncompatible" classname="com.dotcms.contenttype.business.FieldAPITest" time="0.05"/>
  <testcase name="test_SaveField_GivenTypeName_GeneratedVariableIsDifferentThanProvidedOne: caseConLanguageIncompatible" classname="com.dotcms.contenttype.business.FieldAPITest" time="0.049"/>
  <testcase name="test_SaveField_GivenTypeName_GeneratedVariableIsDifferentThanProvidedOne: caseConLanguageParentIncompatible" classname="com.dotcms.contenttype.business.FieldAPITest" time="0.283"/>
  <testcase name="test_SaveField_GivenTypeName_GeneratedVariableIsDifferentThanProvidedOne: caseBaseTypeIncompatible" classname="com.dotcms.contenttype.business.FieldAPITest" time="0.05"/>
  <testcase name="test_SaveField_GivenTypeName_GeneratedVariableIsDifferentThanProvidedOne: caseLiveIncompatible" classname="com.dotcms.contenttype.business.FieldAPITest" time="0.046"/>
  <testcase name="test_SaveField_GivenTypeName_GeneratedVariableIsDifferentThanProvidedOne: caseIdentifierIncompatible" classname="com.dotcms.contenttype.business.FieldAPITest" time="0.048"/>
  <testcase name="test_SaveField_GivenTypeName_GeneratedVariableIsDifferentThanProvidedOne: caseInodeIncompatible" classname="com.dotcms.contenttype.business.FieldAPITest" time="0.051"/>
  <testcase name="test_SaveField_GivenTypeName_GeneratedVariableIsDifferentThanProvidedOne: caseHostIncompatible" classname="com.dotcms.contenttype.business.FieldAPITest" time="0.054"/>
  <testcase name="test_SaveField_GivenTypeName_GeneratedVariableIsDifferentThanProvidedOne: caseHostParentIncompatible" classname="com.dotcms.contenttype.business.FieldAPITest" time="0.322"/>
  <testcase name="test_SaveField_GivenTypeName_GeneratedVariableIsDifferentThanProvidedOne: caseFolderIncompatible" classname="com.dotcms.contenttype.business.FieldAPITest" time="0.05"/>
  <testcase name="test_SaveField_GivenTypeName_GeneratedVariableIsDifferentThanProvidedOne: caseFolder_ParentIncompatible" classname="com.dotcms.contenttype.business.FieldAPITest" time="0.29"/>
  <testcase name="test_SaveField_GivenTypeName_GeneratedVariableIsDifferentThanProvidedOne: caseUrlMapIncompatible" classname="com.dotcms.contenttype.business.FieldAPITest" time="0.051"/>
  <testcase name="test_SaveField_GivenTypeName_GeneratedVariableIsDifferentThanProvidedOne: caseOwnerIncompatible" classname="com.dotcms.contenttype.business.FieldAPITest" time="0.053"/>
  <testcase name="test_SaveField_GivenTypeName_GeneratedVariableIsDifferentThanProvidedOne: caseOwner_ParentIncompatible" classname="com.dotcms.contenttype.business.FieldAPITest" time="0.313"/>
  <testcase name="test_SaveField_GivenTypeName_GeneratedVariableIsDifferentThanProvidedOne: caseModUserIncompatible" classname="com.dotcms.contenttype.business.FieldAPITest" time="0.056"/>
  <testcase name="test_SaveField_GivenTypeName_GeneratedVariableIsDifferentThanProvidedOne: caseModUser_ParentIncompatible" classname="com.dotcms.contenttype.business.FieldAPITest" time="0.305"/>
  <testcase name="testUpdateOneSidedRelationshipField_shouldSucceed" classname="com.dotcms.contenttype.business.FieldAPITest" time="0.419"/>
  <testcase name="testSaveOneSidedRelationshipField_returns_newRelationshipObject" classname="com.dotcms.contenttype.business.FieldAPITest" time="0.352"/>
  <system-out><![CDATA[]]></system-out>
  <system-err><![CDATA[]]></system-err>
</testsuite>
