<?xml version="1.0" encoding="UTF-8"?>
<testsuite name="com.dotmarketing.portlets.structure.model.ContentletRelationshipsTest" tests="7" skipped="0" failures="0" errors="0" timestamp="2023-06-22T20:06:25" hostname="fv-az456-887" time="10.687">
  <properties/>
  <testcase name="testDoesAllowOnlyOne[0: com.dotmarketing.portlets.structure.model.ContentletRelationshipsTest$CardinalityTestCase@170fa38b]" classname="com.dotmarketing.portlets.structure.model.ContentletRelationshipsTest" time="0.75"/>
  <testcase name="testDoesAllowOnlyOne[1: com.dotmarketing.portlets.structure.model.ContentletRelationshipsTest$CardinalityTestCase@5d23b7d1]" classname="com.dotmarketing.portlets.structure.model.ContentletRelationshipsTest" time="0.754"/>
  <testcase name="testDoesAllowOnlyOne[2: com.dotmarketing.portlets.structure.model.ContentletRelationshipsTest$CardinalityTestCase@40825a00]" classname="com.dotmarketing.portlets.structure.model.ContentletRelationshipsTest" time="0.75"/>
  <testcase name="testGetRelationshipRecords[0: com.dotmarketing.portlets.structure.model.ContentletRelationshipsTest$TestCase@50f2a80e]" classname="com.dotmarketing.portlets.structure.model.ContentletRelationshipsTest" time="2.58"/>
  <testcase name="testGetRelationshipRecords[1: com.dotmarketing.portlets.structure.model.ContentletRelationshipsTest$TestCase@3a8b5a60]" classname="com.dotmarketing.portlets.structure.model.ContentletRelationshipsTest" time="1.454"/>
  <testcase name="testGetRelationshipRecords[2: com.dotmarketing.portlets.structure.model.ContentletRelationshipsTest$TestCase@7ad6efdf]" classname="com.dotmarketing.portlets.structure.model.ContentletRelationshipsTest" time="2.243"/>
  <testcase name="testGetRelationshipRecords[3: com.dotmarketing.portlets.structure.model.ContentletRelationshipsTest$TestCase@28d6e8df]" classname="com.dotmarketing.portlets.structure.model.ContentletRelationshipsTest" time="2.154"/>
  <system-out><![CDATA[]]></system-out>
  <system-err><![CDATA[]]></system-err>
</testsuite>
