<?xml version="1.0" encoding="UTF-8"?>
<testsuite name="com.dotmarketing.servlets.ajax.AjaxDirectorServletIntegrationTest" tests="2" skipped="0" failures="0" errors="0" timestamp="2023-07-24T15:55:52" hostname="fv-az571-935" time="1.829">
  <properties/>
  <testcase name="testService[0: com.dotmarketing.servlets.ajax.AjaxDirectorServletTestCase@3876133c]" classname="com.dotmarketing.servlets.ajax.AjaxDirectorServletIntegrationTest" time="1.092"/>
  <testcase name="testService[1: com.dotmarketing.servlets.ajax.AjaxDirectorServletTestCase@20ab773d]" classname="com.dotmarketing.servlets.ajax.AjaxDirectorServletIntegrationTest" time="0.737"/>
  <system-out><![CDATA[]]></system-out>
  <system-err><![CDATA[]]></system-err>
</testsuite>
