<?xml version="1.0" encoding="UTF-8"?>
<testsuite name="com.dotcms.concurrent.lock.DotKeyLockManagerTest" tests="6" skipped="0" failures="0" errors="0" timestamp="2023-07-11T17:25:44" hostname="fv-az1032-278" time="9.459">
  <properties/>
  <testcase name="Test_Sped_Global_Reentrant_Lock" classname="com.dotcms.concurrent.lock.DotKeyLockManagerTest" time="4.602"/>
  <testcase name="Test_speed_StripedLockManager" classname="com.dotcms.concurrent.lock.DotKeyLockManagerTest" time="0.172"/>
  <testcase name="Test_Recursive_Lock_On_The_Same_Key" classname="com.dotcms.concurrent.lock.DotKeyLockManagerTest" time="0.056"/>
  <testcase name="Test_speed_Synchronized_Lock" classname="com.dotcms.concurrent.lock.DotKeyLockManagerTest" time="4.599"/>
  <testcase name="Test_Lock_On_Null_Key" classname="com.dotcms.concurrent.lock.DotKeyLockManagerTest" time="0.002"/>
  <testcase name="Test_Recursive_Call_On_The_Same_Key_With_Time_Out" classname="com.dotcms.concurrent.lock.DotKeyLockManagerTest" time="0.028"/>
  <system-out><![CDATA[





























































































































































































]]></system-out>
  <system-err><![CDATA[]]></system-err>
</testsuite>
