<?xml version="1.0" encoding="UTF-8"?>
<testsuite name="com.dotmarketing.servlets.ajax.AjaxDirectorServletIntegrationTest" tests="2" skipped="0" failures="0" errors="0" timestamp="2023-07-07T19:30:07" hostname="fv-az507-246" time="0.984">
  <properties/>
  <testcase name="testService[0: com.dotmarketing.servlets.ajax.AjaxDirectorServletTestCase@29db2ff7]" classname="com.dotmarketing.servlets.ajax.AjaxDirectorServletIntegrationTest" time="0.582"/>
  <testcase name="testService[1: com.dotmarketing.servlets.ajax.AjaxDirectorServletTestCase@10a55ad0]" classname="com.dotmarketing.servlets.ajax.AjaxDirectorServletIntegrationTest" time="0.402"/>
  <system-out><![CDATA[]]></system-out>
  <system-err><![CDATA[]]></system-err>
</testsuite>
