<?xml version="1.0" encoding="UTF-8"?>
<testsuite name="com.dotmarketing.portlets.structure.model.ContentletRelationshipsTest" tests="7" skipped="0" failures="0" errors="0" timestamp="2023-07-11T22:38:31" hostname="fv-az436-467" time="10.508">
  <properties/>
  <testcase name="testDoesAllowOnlyOne[0: com.dotmarketing.portlets.structure.model.ContentletRelationshipsTest$CardinalityTestCase@2edd76b0]" classname="com.dotmarketing.portlets.structure.model.ContentletRelationshipsTest" time="0.771"/>
  <testcase name="testDoesAllowOnlyOne[1: com.dotmarketing.portlets.structure.model.ContentletRelationshipsTest$CardinalityTestCase@3768e958]" classname="com.dotmarketing.portlets.structure.model.ContentletRelationshipsTest" time="0.727"/>
  <testcase name="testDoesAllowOnlyOne[2: com.dotmarketing.portlets.structure.model.ContentletRelationshipsTest$CardinalityTestCase@1e5ae9c3]" classname="com.dotmarketing.portlets.structure.model.ContentletRelationshipsTest" time="0.695"/>
  <testcase name="testGetRelationshipRecords[0: com.dotmarketing.portlets.structure.model.ContentletRelationshipsTest$TestCase@7a937665]" classname="com.dotmarketing.portlets.structure.model.ContentletRelationshipsTest" time="2.351"/>
  <testcase name="testGetRelationshipRecords[1: com.dotmarketing.portlets.structure.model.ContentletRelationshipsTest$TestCase@3f3ef771]" classname="com.dotmarketing.portlets.structure.model.ContentletRelationshipsTest" time="2.5"/>
  <testcase name="testGetRelationshipRecords[2: com.dotmarketing.portlets.structure.model.ContentletRelationshipsTest$TestCase@4f6cfbe7]" classname="com.dotmarketing.portlets.structure.model.ContentletRelationshipsTest" time="1.195"/>
  <testcase name="testGetRelationshipRecords[3: com.dotmarketing.portlets.structure.model.ContentletRelationshipsTest$TestCase@6b11738]" classname="com.dotmarketing.portlets.structure.model.ContentletRelationshipsTest" time="2.267"/>
  <system-out><![CDATA[]]></system-out>
  <system-err><![CDATA[]]></system-err>
</testsuite>
