<?xml version="1.0" encoding="UTF-8"?>
<testsuite name="com.dotmarketing.portlets.workflows.model.WorkflowSearcherTest" tests="1" skipped="0" failures="0" errors="0" timestamp="2023-07-01T03:12:44" hostname="fv-az842-282" time="1.018">
  <properties/>
  <testcase name="issue4134" classname="com.dotmarketing.portlets.workflows.model.WorkflowSearcherTest" time="1.018"/>
  <system-out><![CDATA[]]></system-out>
  <system-err><![CDATA[]]></system-err>
</testsuite>
