<?xml version="1.0" encoding="UTF-8"?>
<testsuite name="com.dotmarketing.portlets.containers.business.ContainerStructureFinderStrategyResolverTest" tests="2" skipped="0" failures="0" errors="0" timestamp="2023-07-18T22:47:18" hostname="fv-az193-732" time="2.137">
  <properties/>
  <testcase name="test_default_layout" classname="com.dotmarketing.portlets.containers.business.ContainerStructureFinderStrategyResolverTest" time="0.775"/>
  <testcase name="get_container_structure_from_file_name_" classname="com.dotmarketing.portlets.containers.business.ContainerStructureFinderStrategyResolverTest" time="1.362"/>
  <system-out><![CDATA[]]></system-out>
  <system-err><![CDATA[]]></system-err>
</testsuite>
