<?xml version="1.0" encoding="UTF-8"?>
<testsuite name="com.dotmarketing.cms.urlmap.URLMapAPIImplTest" tests="18" skipped="1" failures="0" errors="0" timestamp="2023-07-21T23:28:48" hostname="fv-az398-443" time="64.612">
  <properties/>
  <testcase name="isUrlPatternWithoutUrlMap" classname="com.dotmarketing.cms.urlmap.URLMapAPIImplTest" time="2.318"/>
  <testcase name="shouldReturnInPREVIEW_MODEWhenContentExistsInFuture" classname="com.dotmarketing.cms.urlmap.URLMapAPIImplTest" time="4.703"/>
  <testcase name="processURLMapWithoutUrlMap" classname="com.dotmarketing.cms.urlmap.URLMapAPIImplTest" time="0.0">
    <skipped/>
  </testcase>
  <testcase name="shouldReturnNullWhenTheContentNotExists" classname="com.dotmarketing.cms.urlmap.URLMapAPIImplTest" time="4.665"/>
  <testcase name="shouldReturnContentletWhenTheContentExists" classname="com.dotmarketing.cms.urlmap.URLMapAPIImplTest" time="4.099"/>
  <testcase name="shouldReturnURLInfoWhenContentExistsInFutureButTimeMachineIsSet" classname="com.dotmarketing.cms.urlmap.URLMapAPIImplTest" time="4.3"/>
  <testcase name="test_multiple_content_types_using_same_pattern" classname="com.dotmarketing.cms.urlmap.URLMapAPIImplTest" time="6.223"/>
  <testcase name="test_url_map_pattern_at_root_with_slash_in_url_title" classname="com.dotmarketing.cms.urlmap.URLMapAPIImplTest" time="4.711"/>
  <testcase name="shouldReturnContentletWhenTheContentExistsAndUseAFloatField" classname="com.dotmarketing.cms.urlmap.URLMapAPIImplTest" time="2.226"/>
  <testcase name="shouldReturnContentletWhenTheContentExistsAndUseAIntegerFIeld" classname="com.dotmarketing.cms.urlmap.URLMapAPIImplTest" time="1.991"/>
  <testcase name="test_url_map_pattern_at_root" classname="com.dotmarketing.cms.urlmap.URLMapAPIImplTest" time="4.118"/>
  <testcase name="test_url_map_pattern_with_slash_in_url_title_complex_rul_map_pattern" classname="com.dotmarketing.cms.urlmap.URLMapAPIImplTest" time="4.087"/>
  <testcase name="processURLMapMethodShouldNotFailWithInvalidFields" classname="com.dotmarketing.cms.urlmap.URLMapAPIImplTest" time="1.88"/>
  <testcase name="shouldReturnNullWhenThePageUriIsNotDetailPage" classname="com.dotmarketing.cms.urlmap.URLMapAPIImplTest" time="1.869"/>
  <testcase name="shouldReturnEmptyOptionalWhenContentExistsInFuture" classname="com.dotmarketing.cms.urlmap.URLMapAPIImplTest" time="4.567"/>
  <testcase name="test_url_map_pattern_with_slash_in_url_title" classname="com.dotmarketing.cms.urlmap.URLMapAPIImplTest" time="4.791"/>
  <testcase name="shouldNotMatchUrlStaringWithAPI" classname="com.dotmarketing.cms.urlmap.URLMapAPIImplTest" time="4.153"/>
  <testcase name="shouldThrowDotSecurityExceptionWhenUserDontHavePermission" classname="com.dotmarketing.cms.urlmap.URLMapAPIImplTest" time="3.911"/>
  <system-out><![CDATA[]]></system-out>
  <system-err><![CDATA[]]></system-err>
</testsuite>
