<?xml version="1.0" encoding="UTF-8"?>
<testsuite name="com.dotcms.rest.api.v1.page.NavResourceTest" tests="4" skipped="0" failures="0" errors="0" timestamp="2023-06-23T17:57:49" hostname="fv-az592-477" time="2.886">
  <properties/>
  <testcase name="getAboutUsNav_WhenDepthAndLanguageAreValid_Success" classname="com.dotcms.rest.api.v1.page.NavResourceTest" time="0.734"/>
  <testcase name="getAboutUsNav_WhenLanguageDoesNotExists_NotFound" classname="com.dotcms.rest.api.v1.page.NavResourceTest" time="0.72"/>
  <testcase name="getAboutUsNav_WhenLanguageIsNotAValidNumber_BadRequest" classname="com.dotcms.rest.api.v1.page.NavResourceTest" time="0.709"/>
  <testcase name="getAboutUsNav_WhenDepthIsNotAValidNumber_BadRequest" classname="com.dotcms.rest.api.v1.page.NavResourceTest" time="0.722"/>
  <system-out><![CDATA[]]></system-out>
  <system-err><![CDATA[]]></system-err>
</testsuite>
