<?xml version="1.0" encoding="UTF-8"?>
<testsuite name="com.dotmarketing.startup.runonce.Task05200WorkflowTaskUniqueKeyTest" tests="3" skipped="0" failures="0" errors="0" timestamp="2023-07-21T16:21:05" hostname="fv-az453-320" time="5.235">
  <properties/>
  <testcase name="Test_Upgrade_Task_When_Duped_WorkflowTasks_Exists" classname="com.dotmarketing.startup.runonce.Task05200WorkflowTaskUniqueKeyTest" time="2.162"/>
  <testcase name="Test_Upgrade_Task_When_Duped_With_Null_Languages_WorkflowTasks_Exists" classname="com.dotmarketing.startup.runonce.Task05200WorkflowTaskUniqueKeyTest" time="3.061"/>
  <testcase name="Test_Upgrade_Task" classname="com.dotmarketing.startup.runonce.Task05200WorkflowTaskUniqueKeyTest" time="0.012"/>
  <system-out><![CDATA[]]></system-out>
  <system-err><![CDATA[]]></system-err>
</testsuite>
