<?xml version="1.0" encoding="UTF-8"?>
<testsuite name="com.dotcms.contenttype.test.ContentResourceTest" tests="52" skipped="0" failures="0" errors="0" timestamp="2023-06-23T16:42:07" hostname="fv-az1098-397" time="132.22">
  <properties/>
  <testcase name="testGetContentShouldReturnIconDetails" classname="com.dotcms.contenttype.test.ContentResourceTest" time="1.421"/>
  <testcase name="Test_Save_Action_Set_Words_To_Required_NumericField_Issue_15340" classname="com.dotcms.contenttype.test.ContentResourceTest" time="0.841"/>
  <testcase name="test_getContent_includeGrandChildCategory_success" classname="com.dotcms.contenttype.test.ContentResourceTest" time="1.234"/>
  <testcase name="testGetContentWithRelatedParameter[0: com.dotcms.contenttype.test.ContentResourceTest$PullRelatedTestCase@6210e48d]" classname="com.dotcms.contenttype.test.ContentResourceTest" time="3.404"/>
  <testcase name="testGetContentWithRelatedParameter[1: com.dotcms.contenttype.test.ContentResourceTest$PullRelatedTestCase@2467a818]" classname="com.dotcms.contenttype.test.ContentResourceTest" time="3.354"/>
  <testcase name="testGetContentWithRelatedParameter[2: com.dotcms.contenttype.test.ContentResourceTest$PullRelatedTestCase@7bcc9a9b]" classname="com.dotcms.contenttype.test.ContentResourceTest" time="3.425"/>
  <testcase name="testGetContentWithRelatedParameter[3: com.dotcms.contenttype.test.ContentResourceTest$PullRelatedTestCase@d5a3566]" classname="com.dotcms.contenttype.test.ContentResourceTest" time="3.446"/>
  <testcase name="testGetContentWithRelatedParameter[4: com.dotcms.contenttype.test.ContentResourceTest$PullRelatedTestCase@688b9ccc]" classname="com.dotcms.contenttype.test.ContentResourceTest" time="3.528"/>
  <testcase name="test_getContent_SelfRelatedWith3LevelsOfDepth_shouldReturnRelationships" classname="com.dotcms.contenttype.test.ContentResourceTest" time="1.273"/>
  <testcase name="Test_Save_Action_Send_Fields_SubSet_Issue_15340" classname="com.dotcms.contenttype.test.ContentResourceTest" time="2.807"/>
  <testcase name="test_getContent_shouldReturnRelationships[0: com.dotcms.contenttype.test.ContentResourceTest$TestCase@7135dead]" classname="com.dotcms.contenttype.test.ContentResourceTest" time="2.852"/>
  <testcase name="test_getContent_shouldReturnRelationships[1: com.dotcms.contenttype.test.ContentResourceTest$TestCase@6eb29a52]" classname="com.dotcms.contenttype.test.ContentResourceTest" time="2.65"/>
  <testcase name="test_getContent_shouldReturnRelationships[2: com.dotcms.contenttype.test.ContentResourceTest$TestCase@321f63e7]" classname="com.dotcms.contenttype.test.ContentResourceTest" time="2.672"/>
  <testcase name="test_getContent_shouldReturnRelationships[3: com.dotcms.contenttype.test.ContentResourceTest$TestCase@646f494]" classname="com.dotcms.contenttype.test.ContentResourceTest" time="2.733"/>
  <testcase name="test_getContent_shouldReturnRelationships[4: com.dotcms.contenttype.test.ContentResourceTest$TestCase@59d98247]" classname="com.dotcms.contenttype.test.ContentResourceTest" time="2.654"/>
  <testcase name="test_getContent_shouldReturnRelationships[5: com.dotcms.contenttype.test.ContentResourceTest$TestCase@2343e324]" classname="com.dotcms.contenttype.test.ContentResourceTest" time="2.535"/>
  <testcase name="test_getContent_shouldReturnRelationships[6: com.dotcms.contenttype.test.ContentResourceTest$TestCase@6a8aacf0]" classname="com.dotcms.contenttype.test.ContentResourceTest" time="2.637"/>
  <testcase name="test_getContent_shouldReturnRelationships[7: com.dotcms.contenttype.test.ContentResourceTest$TestCase@5b591761]" classname="com.dotcms.contenttype.test.ContentResourceTest" time="2.56"/>
  <testcase name="test_getContent_shouldReturnRelationships[8: com.dotcms.contenttype.test.ContentResourceTest$TestCase@4e076df7]" classname="com.dotcms.contenttype.test.ContentResourceTest" time="2.632"/>
  <testcase name="test_getContent_shouldReturnRelationships[9: com.dotcms.contenttype.test.ContentResourceTest$TestCase@72e1edd0]" classname="com.dotcms.contenttype.test.ContentResourceTest" time="2.788"/>
  <testcase name="test_getContent_shouldReturnRelationships[10: com.dotcms.contenttype.test.ContentResourceTest$TestCase@4d332250]" classname="com.dotcms.contenttype.test.ContentResourceTest" time="2.593"/>
  <testcase name="test_getContent_shouldReturnRelationships[11: com.dotcms.contenttype.test.ContentResourceTest$TestCase@5e42d688]" classname="com.dotcms.contenttype.test.ContentResourceTest" time="2.522"/>
  <testcase name="test_getContent_shouldReturnRelationships[12: com.dotcms.contenttype.test.ContentResourceTest$TestCase@2bdf7062]" classname="com.dotcms.contenttype.test.ContentResourceTest" time="2.692"/>
  <testcase name="test_getContent_shouldReturnRelationships[13: com.dotcms.contenttype.test.ContentResourceTest$TestCase@562d97a4]" classname="com.dotcms.contenttype.test.ContentResourceTest" time="2.539"/>
  <testcase name="test_getContent_shouldReturnRelationships[14: com.dotcms.contenttype.test.ContentResourceTest$TestCase@2d81e93]" classname="com.dotcms.contenttype.test.ContentResourceTest" time="2.516"/>
  <testcase name="test_getContent_shouldReturnRelationships[15: com.dotcms.contenttype.test.ContentResourceTest$TestCase@4ae66ed6]" classname="com.dotcms.contenttype.test.ContentResourceTest" time="3.482"/>
  <testcase name="test_getContent_shouldReturnRelationships[16: com.dotcms.contenttype.test.ContentResourceTest$TestCase@1a6a5b88]" classname="com.dotcms.contenttype.test.ContentResourceTest" time="3.53"/>
  <testcase name="test_getContent_shouldReturnRelationships[17: com.dotcms.contenttype.test.ContentResourceTest$TestCase@20c06fd6]" classname="com.dotcms.contenttype.test.ContentResourceTest" time="2.711"/>
  <testcase name="test_getContent_shouldReturnRelationships[18: com.dotcms.contenttype.test.ContentResourceTest$TestCase@62aed1db]" classname="com.dotcms.contenttype.test.ContentResourceTest" time="2.735"/>
  <testcase name="test_getContent_shouldReturnRelationships[19: com.dotcms.contenttype.test.ContentResourceTest$TestCase@1b478386]" classname="com.dotcms.contenttype.test.ContentResourceTest" time="1.722"/>
  <testcase name="test_getContent_shouldReturnRelationships[20: com.dotcms.contenttype.test.ContentResourceTest$TestCase@53393d7d]" classname="com.dotcms.contenttype.test.ContentResourceTest" time="2.974"/>
  <testcase name="test_getContent_shouldReturnRelationships[21: com.dotcms.contenttype.test.ContentResourceTest$TestCase@70245613]" classname="com.dotcms.contenttype.test.ContentResourceTest" time="2.962"/>
  <testcase name="test_getContent_shouldReturnRelationships[22: com.dotcms.contenttype.test.ContentResourceTest$TestCase@649061c5]" classname="com.dotcms.contenttype.test.ContentResourceTest" time="2.827"/>
  <testcase name="test_getContent_shouldReturnRelationships[23: com.dotcms.contenttype.test.ContentResourceTest$TestCase@436c8562]" classname="com.dotcms.contenttype.test.ContentResourceTest" time="2.892"/>
  <testcase name="test_getContent_shouldReturnRelationships[24: com.dotcms.contenttype.test.ContentResourceTest$TestCase@59249aa7]" classname="com.dotcms.contenttype.test.ContentResourceTest" time="1.741"/>
  <testcase name="test_getContent_shouldReturnRelationships[25: com.dotcms.contenttype.test.ContentResourceTest$TestCase@b62cb5e]" classname="com.dotcms.contenttype.test.ContentResourceTest" time="2.965"/>
  <testcase name="test_getContent_shouldReturnRelationships[26: com.dotcms.contenttype.test.ContentResourceTest$TestCase@6c1b0dbe]" classname="com.dotcms.contenttype.test.ContentResourceTest" time="2.877"/>
  <testcase name="test_getContent_shouldReturnRelationships[27: com.dotcms.contenttype.test.ContentResourceTest$TestCase@4bfbd2ca]" classname="com.dotcms.contenttype.test.ContentResourceTest" time="2.684"/>
  <testcase name="test_getContent_shouldReturnRelationships[28: com.dotcms.contenttype.test.ContentResourceTest$TestCase@367798b0]" classname="com.dotcms.contenttype.test.ContentResourceTest" time="2.624"/>
  <testcase name="test_getContent_shouldReturnRelationships[29: com.dotcms.contenttype.test.ContentResourceTest$TestCase@2bd28d1b]" classname="com.dotcms.contenttype.test.ContentResourceTest" time="2.687"/>
  <testcase name="test_getContent_shouldReturnRelationships[30: com.dotcms.contenttype.test.ContentResourceTest$TestCase@1f100322]" classname="com.dotcms.contenttype.test.ContentResourceTest" time="2.668"/>
  <testcase name="test_getContent_shouldReturnRelationships[31: com.dotcms.contenttype.test.ContentResourceTest$TestCase@a68ff88]" classname="com.dotcms.contenttype.test.ContentResourceTest" time="2.666"/>
  <testcase name="test_getContent_shouldReturnRelationships[32: com.dotcms.contenttype.test.ContentResourceTest$TestCase@d0446d]" classname="com.dotcms.contenttype.test.ContentResourceTest" time="3.6"/>
  <testcase name="test_getContent_shouldReturnRelationships[33: com.dotcms.contenttype.test.ContentResourceTest$TestCase@3fd5bb39]" classname="com.dotcms.contenttype.test.ContentResourceTest" time="3.547"/>
  <testcase name="testSinglePOST_InvalidParamsShouldReturn400[0: ({\n    &quot;stInode&quot; : &quot;InvalidValue&quot;,\n    &quot;numeric&quot; : &quot;0&quot;,\n    &quot;image&quot; : &quot;whatever&quot;\n}, Bad Request)]" classname="com.dotcms.contenttype.test.ContentResourceTest" time="0.849"/>
  <testcase name="testSinglePOST_InvalidParamsShouldReturn400[1: ({\n    &quot;numeric&quot; : &quot;0&quot;,\n    &quot;image&quot; : &quot;whatever&quot;\n}, Bad Request)]" classname="com.dotcms.contenttype.test.ContentResourceTest" time="0.824"/>
  <testcase name="Test_Save_Action_Set_Null_To_Required_NumericField_Issue_15340" classname="com.dotcms.contenttype.test.ContentResourceTest" time="0.848"/>
  <testcase name="Test_Save_Action_Remove_Image_Then_Verify_Fields_Were_Cleared_Issue_15340" classname="com.dotcms.contenttype.test.ContentResourceTest" time="3.664"/>
  <testcase name="test_getContentWithMultipleSelfRelated_shouldReturnRelationships[0: com.dotcms.contenttype.test.ContentResourceTest$PullSelfRelatedTestCase@6d9a89dd]" classname="com.dotcms.contenttype.test.ContentResourceTest" time="1.506"/>
  <testcase name="test_getContentWithMultipleSelfRelated_shouldReturnRelationships[1: com.dotcms.contenttype.test.ContentResourceTest$PullSelfRelatedTestCase@6f6b4b2f]" classname="com.dotcms.contenttype.test.ContentResourceTest" time="1.552"/>
  <testcase name="testGetContentWithAllCategoriesInfo[0: json]" classname="com.dotcms.contenttype.test.ContentResourceTest" time="2.365"/>
  <testcase name="testGetContentWithAllCategoriesInfo[1: xml]" classname="com.dotcms.contenttype.test.ContentResourceTest" time="2.407"/>
  <system-out><![CDATA[











]]></system-out>
  <system-err><![CDATA[]]></system-err>
</testsuite>
