<?xml version="1.0" encoding="UTF-8"?>
<testsuite name="com.dotmarketing.business.DeterministicIdentifierAPITest" tests="16" skipped="0" failures="0" errors="0" timestamp="2023-07-21T00:16:08" hostname="fv-az247-899" time="1.619">
  <properties/>
  <testcase name="Test_Category_Path_Seed_And_Id" classname="com.dotmarketing.business.DeterministicIdentifierAPITest" time="0.038"/>
  <testcase name="Test_Language_Deterministic_Id[0: LanguageTestCase{expectedSeed='Language:es:US', expectedHash=4913155, langCode='es', countryCode='US', country='United States'}]" classname="com.dotmarketing.business.DeterministicIdentifierAPITest" time="0.002"/>
  <testcase name="Test_Language_Deterministic_Id[1: LanguageTestCase{expectedSeed='Language:ep:', expectedHash=5292269, langCode='ep', countryCode='', country=''}]" classname="com.dotmarketing.business.DeterministicIdentifierAPITest" time="0.001"/>
  <testcase name="Test_Language_Deterministic_Id[2: LanguageTestCase{expectedSeed='Language:sg:SAG', expectedHash=4713118, langCode='sg', countryCode='SAG', country=''}]" classname="com.dotmarketing.business.DeterministicIdentifierAPITest" time="0.002"/>
  <testcase name="Test_Language_Deterministic_Id[3: LanguageTestCase{expectedSeed='Language:en:NZ', expectedHash=5382528, langCode='en', countryCode='NZ', country='New Zealand'}]" classname="com.dotmarketing.business.DeterministicIdentifierAPITest" time="0.001"/>
  <testcase name="Test_Category_None_Persisted_Category_Should_Return_Deterministic_Id" classname="com.dotmarketing.business.DeterministicIdentifierAPITest" time="0.002"/>
  <testcase name="Test_Asset_Generate_Deterministic_Id_Best_Effort[0: TestCase{versionable=my.host1689898133988.com, parent=System Host, expectedName='my.host1689898133988.com', expectedType='Host'}]" classname="com.dotmarketing.business.DeterministicIdentifierAPITest" time="0.004"/>
  <testcase name="Test_Asset_Generate_Deterministic_Id_Best_Effort[1: TestCase{versionable=com.dotmarketing.portlets.contentlet.model.Contentlet@162f4aca[map={modDate=2023-07-21 00:08:54.491, fileName=file9491384905869170546.txt, title=file9491384905869170546.txt, inode=c11f7fc9-2265-4bb1-a02a-ce9e6518c21c, __IS_NEW_CONTENT__=true, disabledWYSIWYG=[], host=08d4ac9d-bc37-4899-a6bc-a2dd24f9a90d, stInode=33888b6f-7a8e-4069-b1b6-5c1aa9d0a48d, owner=system, identifier=608ab9a9-6e8a-4a71-96d7-827a3948691f, nullProperties=[wfExpireDate, wfPublishDate, wfActionAssign, wfActionId, wfActionComments, filterKey, whereToSend, wfNeverExpire, _path_to_move, timezoneId, iWantTo, wfPublishTime, wfExpireTime], languageId=1, fileAsset=/home/runner/work/core/custom/assets/c/1/c11f7fc9-2265-4bb1-a02a-ce9e6518c21c/fileAsset/file9491384905869170546.txt, folder=3ec5fd20-2e57-4b55-93db-69d5aa2562a5, __disable_workflow__=true, sortOrder=0, modUser=system},lowIndexPriority=false,variantId=DEFAULT], parent=com.dotmarketing.portlets.folders.model.Folder@78e9f5bb[identifier=3ec5fd20-2e57-4b55-93db-69d5aa2562a5,name=testName1689898134482,sortOrder=0,showOnMenu=false,hostId=08d4ac9d-bc37-4899-a6bc-a2dd24f9a90d,type=folder,title=testTitle1689898134482,filesMasks=,defaultFileType=33888b6f-7a8e-4069-b1b6-5c1aa9d0a48d,modDate=2023-07-21 00:08:54.485,owner=&lt;null&gt;,iDate=2023-07-21 00:08:54.485,inode=3ec5fd20-2e57-4b55-93db-69d5aa2562a5,path=/testName1689898134482/], expectedName='file9491384905869170546.txt', expectedType='FileAsset'}]" classname="com.dotmarketing.business.DeterministicIdentifierAPITest" time="0.005"/>
  <testcase name="Test_Asset_Generate_Deterministic_Id_Best_Effort[2: TestCase{versionable=com.dotmarketing.portlets.templates.model.Template@b2361ab, parent=my.host1689898133988.com, expectedName='testTitle1689898134602', expectedType='Template'}]" classname="com.dotmarketing.business.DeterministicIdentifierAPITest" time="0.003"/>
  <testcase name="Test_Asset_Generate_Deterministic_Id_Best_Effort[3: TestCase{versionable=com.dotmarketing.portlets.htmlpageasset.model.HTMLPageAsset@fd9c75c[map={template=6ad763cc-8a0f-437c-9a09-754ac05804a0, owner=system, identifier=83e7e215-9f2a-4c28-8cf4-80911ef83e65, nullProperties=[wfExpireDate, wfPublishDate, wfActionAssign, wfActionId, wfActionComments, filterKey, whereToSend, wfNeverExpire, _path_to_move, timezoneId, iWantTo, wfPublishTime, wfExpireTime], modDate=2023-07-21 00:08:54.623, cachettl=0, _is_test_mode=true, languageId=1, title=test-page-title-1689898134616, httpsreq=, url=test-page-url-1689898134616, showOnMenu=, inode=3bede9bc-c2d7-42f0-81d0-d5dcb8e23db8, folder=3ec5fd20-2e57-4b55-93db-69d5aa2562a5, disabledWYSIWYG=[], sortOrder=1, modUser=system, host=08d4ac9d-bc37-4899-a6bc-a2dd24f9a90d, stInode=c541abb1-69b3-4bc5-8430-5e09e5239cc8, friendlyName=test-page-friendly-name-1689898134616},lowIndexPriority=false,variantId=DEFAULT], parent=com.dotmarketing.portlets.folders.model.Folder@78e9f5bb[identifier=3ec5fd20-2e57-4b55-93db-69d5aa2562a5,name=testName1689898134482,sortOrder=0,showOnMenu=false,hostId=08d4ac9d-bc37-4899-a6bc-a2dd24f9a90d,type=folder,title=testTitle1689898134482,filesMasks=,defaultFileType=33888b6f-7a8e-4069-b1b6-5c1aa9d0a48d,modDate=2023-07-21 00:08:54.485,owner=&lt;null&gt;,iDate=2023-07-21 00:08:54.485,inode=3ec5fd20-2e57-4b55-93db-69d5aa2562a5,path=/testName1689898134482/], expectedName='test-page-url-1689898134616', expectedType='htmlpageasset'}]" classname="com.dotmarketing.business.DeterministicIdentifierAPITest" time="0.004"/>
  <testcase name="Test_Asset_Generate_Deterministic_Id_Best_Effort[4: TestCase{versionable=com.dotmarketing.portlets.contentlet.model.Contentlet@6d464abd[map={fileAsset2=/home/runner/work/core/custom/assets/7/3/73ff83c0-a1bf-4963-a65f-b19670bb1bd0/fileAsset2/test_binary1689898136497.png, modDate=2023-07-21 00:08:56.502, fileAsset1=/home/runner/work/core/custom/assets/7/3/73ff83c0-a1bf-4963-a65f-b19670bb1bd0/fileAsset1/test_binary1689898136496.jpg, title=blah, inode=73ff83c0-a1bf-4963-a65f-b19670bb1bd0, __IS_NEW_CONTENT__=true, disabledWYSIWYG=[], host=48190c8c-42c4-46af-8d1a-0cd5db894797, stInode=bfe07a49-aef4-4c5f-a35b-c8652601628e, owner=system, identifier=20854727-2a41-461b-b12f-52360ee3b39e, nullProperties=[], languageId=1, image1=19e6ef84-cbdd-4bd7-8ea2-e9e87ccea473, folder=SYSTEM_FOLDER, __disable_workflow__=true, sortOrder=0, modUser=system},lowIndexPriority=false,variantId=DEFAULT], parent=demo.dotcms.com, expectedName='test_binary1689898136496.jpg:test_binary1689898136497.png', expectedType='MultipleBinaries1689898134861'}]" classname="com.dotmarketing.business.DeterministicIdentifierAPITest" time="0.004"/>
  <testcase name="Test_Asset_Generate_Deterministic_Id_Best_Effort[5: TestCase{versionable=name90f9abd2e3 : keyTag90f9abd2e3, parent=my.host1689898133988.com, expectedName='keyTag90f9abd2e3', expectedType='persona'}]" classname="com.dotmarketing.business.DeterministicIdentifierAPITest" time="0.004"/>
  <testcase name="Test_Similar_Content_Type_Wont_Clash" classname="com.dotmarketing.business.DeterministicIdentifierAPITest" time="0.538"/>
  <testcase name="Test_Generate_Folder_Identifier" classname="com.dotmarketing.business.DeterministicIdentifierAPITest" time="0.994"/>
  <testcase name="Test_Generate_Content_Type_Identifier[0: ContentTypeTestCase{contentType=KeyValueContentType{name=Language Variable, id=f4d7c1b8-2c88-4071-abf1-a5328977b07d, description=Default Content Type for Language Variables, defaultType=false, fixed=true, iDate=Thu Aug 31 16:38:49 UTC 2017, system=true, versionable=true, variable=Languagevariable, modDate=Thu Jul 20 22:55:54 UTC 2023, host=SYSTEM_HOST, siteName=systemHost, icon=language, sortOrder=0, folder=SYSTEM_FOLDER, folderPath=/, markedForDeletion=true, multilingualable=false}, expectedName='Languagevariable', expectedType='KeyValue'}]" classname="com.dotmarketing.business.DeterministicIdentifierAPITest" time="0.007"/>
  <testcase name="Test_Generate_Content_Type_Identifier[1: ContentTypeTestCase{contentType=SimpleContentType{name=testName1689898136988, id=83f7fa24-7e7c-4055-8f3a-9e2c79a0020a, description=testDescription1689898136988, defaultType=false, fixed=false, iDate=Fri Jul 21 00:08:56 UTC 2023, system=false, versionable=true, multilingualable=false, variable=testVarname1689898136988, owner=system, modDate=Fri Jul 21 00:08:57 UTC 2023, host=48190c8c-42c4-46af-8d1a-0cd5db894797, siteName=demo.dotcms.com, icon=event_note, sortOrder=0, folder=SYSTEM_FOLDER, folderPath=/, requiredFields=[], markedForDeletion=false}, expectedName='testVarname1689898136988', expectedType='CONTENT'}]" classname="com.dotmarketing.business.DeterministicIdentifierAPITest" time="0.007"/>
  <system-out><![CDATA[]]></system-out>
  <system-err><![CDATA[]]></system-err>
</testsuite>
