<?xml version="1.0" encoding="UTF-8"?>
<testsuite name="com.dotcms.rest.elasticsearch.ESContentResourcePortletTest" tests="8" skipped="0" failures="0" errors="0" timestamp="2023-06-24T02:48:44" hostname="fv-az1128-296" time="7.825">
  <properties/>
  <testcase name="test_search_includeGrandChildCategory_success" classname="com.dotcms.rest.elasticsearch.ESContentResourcePortletTest" time="1.379"/>
  <testcase name="testSearch[0: com.dotcms.rest.elasticsearch.ESContentResourcePortletTest$TestCase@5da8d6c0]" classname="com.dotcms.rest.elasticsearch.ESContentResourcePortletTest" time="0.938"/>
  <testcase name="testSearch[1: com.dotcms.rest.elasticsearch.ESContentResourcePortletTest$TestCase@73dcccb9]" classname="com.dotcms.rest.elasticsearch.ESContentResourcePortletTest" time="1.25"/>
  <testcase name="testSearch[2: com.dotcms.rest.elasticsearch.ESContentResourcePortletTest$TestCase@2ed40b21]" classname="com.dotcms.rest.elasticsearch.ESContentResourcePortletTest" time="0.916"/>
  <testcase name="testSearch[3: com.dotcms.rest.elasticsearch.ESContentResourcePortletTest$TestCase@2ee1a5d6]" classname="com.dotcms.rest.elasticsearch.ESContentResourcePortletTest" time="1.213"/>
  <testcase name="testSearch[4: com.dotcms.rest.elasticsearch.ESContentResourcePortletTest$TestCase@35e4781c]" classname="com.dotcms.rest.elasticsearch.ESContentResourcePortletTest" time="0.219"/>
  <testcase name="testSearch[5: com.dotcms.rest.elasticsearch.ESContentResourcePortletTest$TestCase@2048d31d]" classname="com.dotcms.rest.elasticsearch.ESContentResourcePortletTest" time="0.952"/>
  <testcase name="testSearch[6: com.dotcms.rest.elasticsearch.ESContentResourcePortletTest$TestCase@2e4b4936]" classname="com.dotcms.rest.elasticsearch.ESContentResourcePortletTest" time="0.957"/>
  <system-out><![CDATA[]]></system-out>
  <system-err><![CDATA[]]></system-err>
</testsuite>
