<?xml version="1.0" encoding="UTF-8"?>
<testsuite name="com.dotcms.rest.elasticsearch.ESContentResourcePortletTest" tests="8" skipped="0" failures="0" errors="0" timestamp="2023-06-30T01:22:39" hostname="fv-az343-533" time="10.363">
  <properties/>
  <testcase name="test_search_includeGrandChildCategory_success" classname="com.dotcms.rest.elasticsearch.ESContentResourcePortletTest" time="1.689"/>
  <testcase name="testSearch[0: com.dotcms.rest.elasticsearch.ESContentResourcePortletTest$TestCase@59c0c104]" classname="com.dotcms.rest.elasticsearch.ESContentResourcePortletTest" time="1.13"/>
  <testcase name="testSearch[1: com.dotcms.rest.elasticsearch.ESContentResourcePortletTest$TestCase@13e2581a]" classname="com.dotcms.rest.elasticsearch.ESContentResourcePortletTest" time="1.384"/>
  <testcase name="testSearch[2: com.dotcms.rest.elasticsearch.ESContentResourcePortletTest$TestCase@5f2cc487]" classname="com.dotcms.rest.elasticsearch.ESContentResourcePortletTest" time="1.145"/>
  <testcase name="testSearch[3: com.dotcms.rest.elasticsearch.ESContentResourcePortletTest$TestCase@43c8e53]" classname="com.dotcms.rest.elasticsearch.ESContentResourcePortletTest" time="1.4"/>
  <testcase name="testSearch[4: com.dotcms.rest.elasticsearch.ESContentResourcePortletTest$TestCase@5babb731]" classname="com.dotcms.rest.elasticsearch.ESContentResourcePortletTest" time="1.379"/>
  <testcase name="testSearch[5: com.dotcms.rest.elasticsearch.ESContentResourcePortletTest$TestCase@5a0806d6]" classname="com.dotcms.rest.elasticsearch.ESContentResourcePortletTest" time="1.123"/>
  <testcase name="testSearch[6: com.dotcms.rest.elasticsearch.ESContentResourcePortletTest$TestCase@63b9f9ec]" classname="com.dotcms.rest.elasticsearch.ESContentResourcePortletTest" time="1.113"/>
  <system-out><![CDATA[]]></system-out>
  <system-err><![CDATA[]]></system-err>
</testsuite>
