<?xml version="1.0" encoding="UTF-8"?>
<testsuite name="com.dotcms.rest.elasticsearch.ESContentResourcePortletTest" tests="8" skipped="0" failures="0" errors="0" timestamp="2023-07-21T16:55:11" hostname="fv-az1233-524" time="7.528">
  <properties/>
  <testcase name="test_search_includeGrandChildCategory_success" classname="com.dotcms.rest.elasticsearch.ESContentResourcePortletTest" time="1.595"/>
  <testcase name="testSearch[0: com.dotcms.rest.elasticsearch.ESContentResourcePortletTest$TestCase@17acc81f]" classname="com.dotcms.rest.elasticsearch.ESContentResourcePortletTest" time="1.06"/>
  <testcase name="testSearch[1: com.dotcms.rest.elasticsearch.ESContentResourcePortletTest$TestCase@1c58c14]" classname="com.dotcms.rest.elasticsearch.ESContentResourcePortletTest" time="0.284"/>
  <testcase name="testSearch[2: com.dotcms.rest.elasticsearch.ESContentResourcePortletTest$TestCase@3a4767ca]" classname="com.dotcms.rest.elasticsearch.ESContentResourcePortletTest" time="1.024"/>
  <testcase name="testSearch[3: com.dotcms.rest.elasticsearch.ESContentResourcePortletTest$TestCase@63aadfd4]" classname="com.dotcms.rest.elasticsearch.ESContentResourcePortletTest" time="1.258"/>
  <testcase name="testSearch[4: com.dotcms.rest.elasticsearch.ESContentResourcePortletTest$TestCase@12b70f8e]" classname="com.dotcms.rest.elasticsearch.ESContentResourcePortletTest" time="0.347"/>
  <testcase name="testSearch[5: com.dotcms.rest.elasticsearch.ESContentResourcePortletTest$TestCase@3f3f94e0]" classname="com.dotcms.rest.elasticsearch.ESContentResourcePortletTest" time="1.014"/>
  <testcase name="testSearch[6: com.dotcms.rest.elasticsearch.ESContentResourcePortletTest$TestCase@3ec7cdfa]" classname="com.dotcms.rest.elasticsearch.ESContentResourcePortletTest" time="0.945"/>
  <system-out><![CDATA[]]></system-out>
  <system-err><![CDATA[]]></system-err>
</testsuite>
