<?xml version="1.0" encoding="UTF-8"?>
<testsuite name="com.dotmarketing.portlets.structure.model.ContentletRelationshipsTest" tests="7" skipped="0" failures="0" errors="0" timestamp="2023-06-29T21:05:06" hostname="fv-az445-513" time="7.762">
  <properties/>
  <testcase name="testDoesAllowOnlyOne[0: com.dotmarketing.portlets.structure.model.ContentletRelationshipsTest$CardinalityTestCase@3ffaebae]" classname="com.dotmarketing.portlets.structure.model.ContentletRelationshipsTest" time="0.486"/>
  <testcase name="testDoesAllowOnlyOne[1: com.dotmarketing.portlets.structure.model.ContentletRelationshipsTest$CardinalityTestCase@51200a60]" classname="com.dotmarketing.portlets.structure.model.ContentletRelationshipsTest" time="0.432"/>
  <testcase name="testDoesAllowOnlyOne[2: com.dotmarketing.portlets.structure.model.ContentletRelationshipsTest$CardinalityTestCase@104693c5]" classname="com.dotmarketing.portlets.structure.model.ContentletRelationshipsTest" time="0.449"/>
  <testcase name="testGetRelationshipRecords[0: com.dotmarketing.portlets.structure.model.ContentletRelationshipsTest$TestCase@7f1af392]" classname="com.dotmarketing.portlets.structure.model.ContentletRelationshipsTest" time="1.967"/>
  <testcase name="testGetRelationshipRecords[1: com.dotmarketing.portlets.structure.model.ContentletRelationshipsTest$TestCase@17d5c044]" classname="com.dotmarketing.portlets.structure.model.ContentletRelationshipsTest" time="1.9"/>
  <testcase name="testGetRelationshipRecords[2: com.dotmarketing.portlets.structure.model.ContentletRelationshipsTest$TestCase@46f7bbd4]" classname="com.dotmarketing.portlets.structure.model.ContentletRelationshipsTest" time="0.755"/>
  <testcase name="testGetRelationshipRecords[3: com.dotmarketing.portlets.structure.model.ContentletRelationshipsTest$TestCase@628bd074]" classname="com.dotmarketing.portlets.structure.model.ContentletRelationshipsTest" time="1.765"/>
  <system-out><![CDATA[]]></system-out>
  <system-err><![CDATA[]]></system-err>
</testsuite>
