<?xml version="1.0" encoding="UTF-8"?>
<testsuite name="com.dotmarketing.startup.runonce.Task04335CreateSystemWorkflowTest" tests="1" skipped="0" failures="0" errors="0" timestamp="2023-07-18T19:16:59" hostname="fv-az455-56" time="0.061">
  <properties/>
  <testcase name="addPermission_onDiffDataBase_Success" classname="com.dotmarketing.startup.runonce.Task04335CreateSystemWorkflowTest" time="0.061"/>
  <system-out><![CDATA[]]></system-out>
  <system-err><![CDATA[]]></system-err>
</testsuite>
