<?xml version="1.0" encoding="UTF-8"?>
<testsuite name="com.dotmarketing.portlets.structure.model.ContentletRelationshipsTest" tests="7" skipped="0" failures="0" errors="0" timestamp="2023-06-26T21:52:24" hostname="fv-az401-312" time="8.9">
  <properties/>
  <testcase name="testDoesAllowOnlyOne[0: com.dotmarketing.portlets.structure.model.ContentletRelationshipsTest$CardinalityTestCase@75639b00]" classname="com.dotmarketing.portlets.structure.model.ContentletRelationshipsTest" time="0.449"/>
  <testcase name="testDoesAllowOnlyOne[1: com.dotmarketing.portlets.structure.model.ContentletRelationshipsTest$CardinalityTestCase@586e9900]" classname="com.dotmarketing.portlets.structure.model.ContentletRelationshipsTest" time="0.447"/>
  <testcase name="testDoesAllowOnlyOne[2: com.dotmarketing.portlets.structure.model.ContentletRelationshipsTest$CardinalityTestCase@7164d53e]" classname="com.dotmarketing.portlets.structure.model.ContentletRelationshipsTest" time="0.422"/>
  <testcase name="testGetRelationshipRecords[0: com.dotmarketing.portlets.structure.model.ContentletRelationshipsTest$TestCase@631242]" classname="com.dotmarketing.portlets.structure.model.ContentletRelationshipsTest" time="1.96"/>
  <testcase name="testGetRelationshipRecords[1: com.dotmarketing.portlets.structure.model.ContentletRelationshipsTest$TestCase@69b122d5]" classname="com.dotmarketing.portlets.structure.model.ContentletRelationshipsTest" time="1.937"/>
  <testcase name="testGetRelationshipRecords[2: com.dotmarketing.portlets.structure.model.ContentletRelationshipsTest$TestCase@45bb007a]" classname="com.dotmarketing.portlets.structure.model.ContentletRelationshipsTest" time="1.833"/>
  <testcase name="testGetRelationshipRecords[3: com.dotmarketing.portlets.structure.model.ContentletRelationshipsTest$TestCase@1221e0d6]" classname="com.dotmarketing.portlets.structure.model.ContentletRelationshipsTest" time="1.847"/>
  <system-out><![CDATA[]]></system-out>
  <system-err><![CDATA[]]></system-err>
</testsuite>
