<?xml version="1.0" encoding="UTF-8"?>
<testsuite name="com.dotcms.rest.api.v1.vtl.VTLResourceIntegrationTest" tests="6" skipped="0" failures="0" errors="0" timestamp="2023-07-11T23:48:13" hostname="fv-az251-15" time="12.386">
  <properties/>
  <testcase name="testGet[0: com.dotcms.rest.api.v1.vtl.VTLResourceTestCase@68bc4ae5]" classname="com.dotcms.rest.api.v1.vtl.VTLResourceIntegrationTest" time="2.513"/>
  <testcase name="testGet[1: com.dotcms.rest.api.v1.vtl.VTLResourceTestCase@18245e24]" classname="com.dotcms.rest.api.v1.vtl.VTLResourceIntegrationTest" time="1.87"/>
  <testcase name="testGet[2: com.dotcms.rest.api.v1.vtl.VTLResourceTestCase@2f90cb1]" classname="com.dotcms.rest.api.v1.vtl.VTLResourceIntegrationTest" time="2.03"/>
  <testcase name="testGet[3: com.dotcms.rest.api.v1.vtl.VTLResourceTestCase@1aa80cd]" classname="com.dotcms.rest.api.v1.vtl.VTLResourceIntegrationTest" time="2.084"/>
  <testcase name="testGet[4: com.dotcms.rest.api.v1.vtl.VTLResourceTestCase@b4b197f]" classname="com.dotcms.rest.api.v1.vtl.VTLResourceIntegrationTest" time="1.883"/>
  <testcase name="testGet[5: com.dotcms.rest.api.v1.vtl.VTLResourceTestCase@31a4a34c]" classname="com.dotcms.rest.api.v1.vtl.VTLResourceIntegrationTest" time="2.006"/>
  <system-out><![CDATA[]]></system-out>
  <system-err><![CDATA[]]></system-err>
</testsuite>
