<?xml version="1.0" encoding="UTF-8"?>
<testsuite name="com.dotcms.publishing.PublisherAPIImplTest" tests="24" skipped="0" failures="0" errors="0" timestamp="2023-07-13T19:49:46" hostname="fv-az417-935" time="3.723">
  <properties/>
  <testcase name="AddAllCategoryIntoBundle" classname="com.dotcms.publishing.PublisherAPIImplTest" time="0.142"/>
  <testcase name="testFilterDescriptors" classname="com.dotcms.publishing.PublisherAPIImplTest" time="0.062"/>
  <testcase name="sendPushPublishBundle[0: com.dotcms.publishing.PublisherAPIImplTest$TestAsset@bb125d4]" classname="com.dotcms.publishing.PublisherAPIImplTest" time="1.163"/>
  <testcase name="sendPushPublishBundle[1: com.dotcms.publishing.PublisherAPIImplTest$TestAsset@46a428f3]" classname="com.dotcms.publishing.PublisherAPIImplTest" time="0.161"/>
  <testcase name="sendPushPublishBundle[2: com.dotcms.publishing.PublisherAPIImplTest$TestAsset@4bed8757]" classname="com.dotcms.publishing.PublisherAPIImplTest" time="0.126"/>
  <testcase name="sendPushPublishBundle[3: com.dotcms.publishing.PublisherAPIImplTest$TestAsset@57fcc95d]" classname="com.dotcms.publishing.PublisherAPIImplTest" time="0.276"/>
  <testcase name="sendPushPublishBundle[4: com.dotcms.publishing.PublisherAPIImplTest$TestAsset@5561c9f3]" classname="com.dotcms.publishing.PublisherAPIImplTest" time="0.245"/>
  <testcase name="sendPushPublishBundle[5: com.dotcms.publishing.PublisherAPIImplTest$TestAsset@3265801c]" classname="com.dotcms.publishing.PublisherAPIImplTest" time="0.144"/>
  <testcase name="sendPushPublishBundle[6: com.dotcms.publishing.PublisherAPIImplTest$TestAsset@15156e38]" classname="com.dotcms.publishing.PublisherAPIImplTest" time="0.131"/>
  <testcase name="sendPushPublishBundle[7: com.dotcms.publishing.PublisherAPIImplTest$TestAsset@2492ebe6]" classname="com.dotcms.publishing.PublisherAPIImplTest" time="0.132"/>
  <testcase name="sendPushPublishBundle[8: com.dotcms.publishing.PublisherAPIImplTest$TestAsset@7f6780d6]" classname="com.dotcms.publishing.PublisherAPIImplTest" time="0.1"/>
  <testcase name="sendPushPublishBundle[9: com.dotcms.publishing.PublisherAPIImplTest$TestAsset@611c8a46]" classname="com.dotcms.publishing.PublisherAPIImplTest" time="0.147"/>
  <testcase name="sendPushPublishBundle[10: com.dotcms.publishing.PublisherAPIImplTest$TestAsset@5f464cf3]" classname="com.dotcms.publishing.PublisherAPIImplTest" time="0.066"/>
  <testcase name="generateBundle[0: com.dotcms.publishing.PublisherAPIImplTest$TestAsset@bb125d4]" classname="com.dotcms.publishing.PublisherAPIImplTest" time="0.093"/>
  <testcase name="generateBundle[1: com.dotcms.publishing.PublisherAPIImplTest$TestAsset@46a428f3]" classname="com.dotcms.publishing.PublisherAPIImplTest" time="0.071"/>
  <testcase name="generateBundle[2: com.dotcms.publishing.PublisherAPIImplTest$TestAsset@4bed8757]" classname="com.dotcms.publishing.PublisherAPIImplTest" time="0.068"/>
  <testcase name="generateBundle[3: com.dotcms.publishing.PublisherAPIImplTest$TestAsset@57fcc95d]" classname="com.dotcms.publishing.PublisherAPIImplTest" time="0.125"/>
  <testcase name="generateBundle[4: com.dotcms.publishing.PublisherAPIImplTest$TestAsset@5561c9f3]" classname="com.dotcms.publishing.PublisherAPIImplTest" time="0.12"/>
  <testcase name="generateBundle[5: com.dotcms.publishing.PublisherAPIImplTest$TestAsset@3265801c]" classname="com.dotcms.publishing.PublisherAPIImplTest" time="0.068"/>
  <testcase name="generateBundle[6: com.dotcms.publishing.PublisherAPIImplTest$TestAsset@15156e38]" classname="com.dotcms.publishing.PublisherAPIImplTest" time="0.074"/>
  <testcase name="generateBundle[7: com.dotcms.publishing.PublisherAPIImplTest$TestAsset@2492ebe6]" classname="com.dotcms.publishing.PublisherAPIImplTest" time="0.055"/>
  <testcase name="generateBundle[8: com.dotcms.publishing.PublisherAPIImplTest$TestAsset@7f6780d6]" classname="com.dotcms.publishing.PublisherAPIImplTest" time="0.041"/>
  <testcase name="generateBundle[9: com.dotcms.publishing.PublisherAPIImplTest$TestAsset@611c8a46]" classname="com.dotcms.publishing.PublisherAPIImplTest" time="0.089"/>
  <testcase name="generateBundle[10: com.dotcms.publishing.PublisherAPIImplTest$TestAsset@5f464cf3]" classname="com.dotcms.publishing.PublisherAPIImplTest" time="0.016"/>
  <system-out><![CDATA[









































































































































































]]></system-out>
  <system-err><![CDATA[]]></system-err>
</testsuite>
