<?xml version="1.0" encoding="UTF-8"?>
<testsuite name="com.dotcms.rendering.velocity.viewtools.content.util.ContentUtilsTest" tests="89" skipped="0" failures="0" errors="0" timestamp="2023-07-14T14:42:45" hostname="fv-az627-249" time="392.788">
  <properties/>
  <testcase name="whenTheTimeMachineDateIsNullAndPublishDateInFutureShouldNotReturnAnything" classname="com.dotcms.rendering.velocity.viewtools.content.util.ContentUtilsTest" time="2.972"/>
  <testcase name="test_find_multilingual_contentlet_getContentletSuccessfully" classname="com.dotcms.rendering.velocity.viewtools.content.util.ContentUtilsTest" time="2.221"/>
  <testcase name="whenTheTimeMachineDateAndPublishDateAreTomorrowShouldReturnOneContent" classname="com.dotcms.rendering.velocity.viewtools.content.util.ContentUtilsTest" time="2.971"/>
  <testcase name="testPullRelated[0: com.dotcms.rendering.velocity.viewtools.content.util.ContentUtilsTest$TestCase@1e747e3d]" classname="com.dotcms.rendering.velocity.viewtools.content.util.ContentUtilsTest" time="3.696"/>
  <testcase name="testPullRelated[1: com.dotcms.rendering.velocity.viewtools.content.util.ContentUtilsTest$TestCase@13dbac19]" classname="com.dotcms.rendering.velocity.viewtools.content.util.ContentUtilsTest" time="2.957"/>
  <testcase name="testPullRelated[2: com.dotcms.rendering.velocity.viewtools.content.util.ContentUtilsTest$TestCase@24cb8ada]" classname="com.dotcms.rendering.velocity.viewtools.content.util.ContentUtilsTest" time="4.232"/>
  <testcase name="testPullRelated[3: com.dotcms.rendering.velocity.viewtools.content.util.ContentUtilsTest$TestCase@24c09730]" classname="com.dotcms.rendering.velocity.viewtools.content.util.ContentUtilsTest" time="3.736"/>
  <testcase name="testPullRelated[4: com.dotcms.rendering.velocity.viewtools.content.util.ContentUtilsTest$TestCase@19788003]" classname="com.dotcms.rendering.velocity.viewtools.content.util.ContentUtilsTest" time="3.211"/>
  <testcase name="testPullRelated[5: com.dotcms.rendering.velocity.viewtools.content.util.ContentUtilsTest$TestCase@578d5c51]" classname="com.dotcms.rendering.velocity.viewtools.content.util.ContentUtilsTest" time="3.872"/>
  <testcase name="testPullRelated[6: com.dotcms.rendering.velocity.viewtools.content.util.ContentUtilsTest$TestCase@2fe89120]" classname="com.dotcms.rendering.velocity.viewtools.content.util.ContentUtilsTest" time="4.139"/>
  <testcase name="testPullRelated[7: com.dotcms.rendering.velocity.viewtools.content.util.ContentUtilsTest$TestCase@fb1eafa]" classname="com.dotcms.rendering.velocity.viewtools.content.util.ContentUtilsTest" time="3.128"/>
  <testcase name="testPullRelated[8: com.dotcms.rendering.velocity.viewtools.content.util.ContentUtilsTest$TestCase@52141b97]" classname="com.dotcms.rendering.velocity.viewtools.content.util.ContentUtilsTest" time="3.773"/>
  <testcase name="testPullRelated[9: com.dotcms.rendering.velocity.viewtools.content.util.ContentUtilsTest$TestCase@6f46aa50]" classname="com.dotcms.rendering.velocity.viewtools.content.util.ContentUtilsTest" time="4.16"/>
  <testcase name="testPullRelated[10: com.dotcms.rendering.velocity.viewtools.content.util.ContentUtilsTest$TestCase@4cc5709]" classname="com.dotcms.rendering.velocity.viewtools.content.util.ContentUtilsTest" time="4.048"/>
  <testcase name="testPullRelated[11: com.dotcms.rendering.velocity.viewtools.content.util.ContentUtilsTest$TestCase@42a9b50]" classname="com.dotcms.rendering.velocity.viewtools.content.util.ContentUtilsTest" time="4.279"/>
  <testcase name="testPullRelated[12: com.dotcms.rendering.velocity.viewtools.content.util.ContentUtilsTest$TestCase@7610e0e1]" classname="com.dotcms.rendering.velocity.viewtools.content.util.ContentUtilsTest" time="3.809"/>
  <testcase name="testPullRelated[13: com.dotcms.rendering.velocity.viewtools.content.util.ContentUtilsTest$TestCase@2c5ed059]" classname="com.dotcms.rendering.velocity.viewtools.content.util.ContentUtilsTest" time="3.165"/>
  <testcase name="testPullRelated[14: com.dotcms.rendering.velocity.viewtools.content.util.ContentUtilsTest$TestCase@4accbec4]" classname="com.dotcms.rendering.velocity.viewtools.content.util.ContentUtilsTest" time="3.915"/>
  <testcase name="testPullRelated[15: com.dotcms.rendering.velocity.viewtools.content.util.ContentUtilsTest$TestCase@1aec4cd6]" classname="com.dotcms.rendering.velocity.viewtools.content.util.ContentUtilsTest" time="3.28"/>
  <testcase name="testPullRelated[16: com.dotcms.rendering.velocity.viewtools.content.util.ContentUtilsTest$TestCase@6b0ab082]" classname="com.dotcms.rendering.velocity.viewtools.content.util.ContentUtilsTest" time="3.745"/>
  <testcase name="testPullRelated[17: com.dotcms.rendering.velocity.viewtools.content.util.ContentUtilsTest$TestCase@310c69a2]" classname="com.dotcms.rendering.velocity.viewtools.content.util.ContentUtilsTest" time="3.293"/>
  <testcase name="testPullRelated[18: com.dotcms.rendering.velocity.viewtools.content.util.ContentUtilsTest$TestCase@1e99cbd9]" classname="com.dotcms.rendering.velocity.viewtools.content.util.ContentUtilsTest" time="3.957"/>
  <testcase name="testPullRelated[19: com.dotcms.rendering.velocity.viewtools.content.util.ContentUtilsTest$TestCase@666bae20]" classname="com.dotcms.rendering.velocity.viewtools.content.util.ContentUtilsTest" time="4.017"/>
  <testcase name="testPullRelated[20: com.dotcms.rendering.velocity.viewtools.content.util.ContentUtilsTest$TestCase@585b9ccf]" classname="com.dotcms.rendering.velocity.viewtools.content.util.ContentUtilsTest" time="4.166"/>
  <testcase name="testPullRelated[21: com.dotcms.rendering.velocity.viewtools.content.util.ContentUtilsTest$TestCase@a48af1f]" classname="com.dotcms.rendering.velocity.viewtools.content.util.ContentUtilsTest" time="3.86"/>
  <testcase name="testPullRelated[22: com.dotcms.rendering.velocity.viewtools.content.util.ContentUtilsTest$TestCase@5adf6a8c]" classname="com.dotcms.rendering.velocity.viewtools.content.util.ContentUtilsTest" time="4.017"/>
  <testcase name="testPullRelated[23: com.dotcms.rendering.velocity.viewtools.content.util.ContentUtilsTest$TestCase@617ed559]" classname="com.dotcms.rendering.velocity.viewtools.content.util.ContentUtilsTest" time="4.063"/>
  <testcase name="testPullRelated[24: com.dotcms.rendering.velocity.viewtools.content.util.ContentUtilsTest$TestCase@6547905d]" classname="com.dotcms.rendering.velocity.viewtools.content.util.ContentUtilsTest" time="3.968"/>
  <testcase name="testPullRelated[25: com.dotcms.rendering.velocity.viewtools.content.util.ContentUtilsTest$TestCase@2a38fbbd]" classname="com.dotcms.rendering.velocity.viewtools.content.util.ContentUtilsTest" time="4.091"/>
  <testcase name="testPullRelated[26: com.dotcms.rendering.velocity.viewtools.content.util.ContentUtilsTest$TestCase@b127f7c]" classname="com.dotcms.rendering.velocity.viewtools.content.util.ContentUtilsTest" time="4.278"/>
  <testcase name="testPullRelated[27: com.dotcms.rendering.velocity.viewtools.content.util.ContentUtilsTest$TestCase@1cd1a75a]" classname="com.dotcms.rendering.velocity.viewtools.content.util.ContentUtilsTest" time="3.94"/>
  <testcase name="testPullRelated[28: com.dotcms.rendering.velocity.viewtools.content.util.ContentUtilsTest$TestCase@454d09e5]" classname="com.dotcms.rendering.velocity.viewtools.content.util.ContentUtilsTest" time="3.997"/>
  <testcase name="testPullRelated[29: com.dotcms.rendering.velocity.viewtools.content.util.ContentUtilsTest$TestCase@2845e7e2]" classname="com.dotcms.rendering.velocity.viewtools.content.util.ContentUtilsTest" time="3.947"/>
  <testcase name="testPullRelated[30: com.dotcms.rendering.velocity.viewtools.content.util.ContentUtilsTest$TestCase@30b49409]" classname="com.dotcms.rendering.velocity.viewtools.content.util.ContentUtilsTest" time="4.082"/>
  <testcase name="testPullRelated[31: com.dotcms.rendering.velocity.viewtools.content.util.ContentUtilsTest$TestCase@214e0e32]" classname="com.dotcms.rendering.velocity.viewtools.content.util.ContentUtilsTest" time="4.078"/>
  <testcase name="testPullRelated[32: com.dotcms.rendering.velocity.viewtools.content.util.ContentUtilsTest$TestCase@ce129df]" classname="com.dotcms.rendering.velocity.viewtools.content.util.ContentUtilsTest" time="3.878"/>
  <testcase name="testPullRelated[33: com.dotcms.rendering.velocity.viewtools.content.util.ContentUtilsTest$TestCase@b9cb556]" classname="com.dotcms.rendering.velocity.viewtools.content.util.ContentUtilsTest" time="4.249"/>
  <testcase name="testPullRelated[34: com.dotcms.rendering.velocity.viewtools.content.util.ContentUtilsTest$TestCase@1f1c6cf0]" classname="com.dotcms.rendering.velocity.viewtools.content.util.ContentUtilsTest" time="3.943"/>
  <testcase name="testPullRelated[35: com.dotcms.rendering.velocity.viewtools.content.util.ContentUtilsTest$TestCase@4e72cebf]" classname="com.dotcms.rendering.velocity.viewtools.content.util.ContentUtilsTest" time="4.251"/>
  <testcase name="testPullRelated[36: com.dotcms.rendering.velocity.viewtools.content.util.ContentUtilsTest$TestCase@4b58b97f]" classname="com.dotcms.rendering.velocity.viewtools.content.util.ContentUtilsTest" time="5.95"/>
  <testcase name="testPullRelated[37: com.dotcms.rendering.velocity.viewtools.content.util.ContentUtilsTest$TestCase@25009347]" classname="com.dotcms.rendering.velocity.viewtools.content.util.ContentUtilsTest" time="6.115"/>
  <testcase name="testPullRelated[38: com.dotcms.rendering.velocity.viewtools.content.util.ContentUtilsTest$TestCase@598710fb]" classname="com.dotcms.rendering.velocity.viewtools.content.util.ContentUtilsTest" time="6.154"/>
  <testcase name="testPullRelated[39: com.dotcms.rendering.velocity.viewtools.content.util.ContentUtilsTest$TestCase@1582a42]" classname="com.dotcms.rendering.velocity.viewtools.content.util.ContentUtilsTest" time="5.17"/>
  <testcase name="testPullRelated[40: com.dotcms.rendering.velocity.viewtools.content.util.ContentUtilsTest$TestCase@fc5e857]" classname="com.dotcms.rendering.velocity.viewtools.content.util.ContentUtilsTest" time="6.22"/>
  <testcase name="testPullRelated[41: com.dotcms.rendering.velocity.viewtools.content.util.ContentUtilsTest$TestCase@2efec843]" classname="com.dotcms.rendering.velocity.viewtools.content.util.ContentUtilsTest" time="5.82"/>
  <testcase name="testPullRelated[42: com.dotcms.rendering.velocity.viewtools.content.util.ContentUtilsTest$TestCase@4f9f05af]" classname="com.dotcms.rendering.velocity.viewtools.content.util.ContentUtilsTest" time="5.11"/>
  <testcase name="testPullRelated[43: com.dotcms.rendering.velocity.viewtools.content.util.ContentUtilsTest$TestCase@fd53c24]" classname="com.dotcms.rendering.velocity.viewtools.content.util.ContentUtilsTest" time="6.245"/>
  <testcase name="testPullRelated[44: com.dotcms.rendering.velocity.viewtools.content.util.ContentUtilsTest$TestCase@2ff2ead9]" classname="com.dotcms.rendering.velocity.viewtools.content.util.ContentUtilsTest" time="6.207"/>
  <testcase name="testPullRelated[45: com.dotcms.rendering.velocity.viewtools.content.util.ContentUtilsTest$TestCase@779693b4]" classname="com.dotcms.rendering.velocity.viewtools.content.util.ContentUtilsTest" time="5.575"/>
  <testcase name="testPullRelated[46: com.dotcms.rendering.velocity.viewtools.content.util.ContentUtilsTest$TestCase@40935294]" classname="com.dotcms.rendering.velocity.viewtools.content.util.ContentUtilsTest" time="6.358"/>
  <testcase name="testPullRelated[47: com.dotcms.rendering.velocity.viewtools.content.util.ContentUtilsTest$TestCase@660162be]" classname="com.dotcms.rendering.velocity.viewtools.content.util.ContentUtilsTest" time="6.189"/>
  <testcase name="testPullRelated[48: com.dotcms.rendering.velocity.viewtools.content.util.ContentUtilsTest$TestCase@5e9de885]" classname="com.dotcms.rendering.velocity.viewtools.content.util.ContentUtilsTest" time="4.833"/>
  <testcase name="testPullRelated[49: com.dotcms.rendering.velocity.viewtools.content.util.ContentUtilsTest$TestCase@1d55dbd1]" classname="com.dotcms.rendering.velocity.viewtools.content.util.ContentUtilsTest" time="6.017"/>
  <testcase name="testPullRelated[50: com.dotcms.rendering.velocity.viewtools.content.util.ContentUtilsTest$TestCase@47083d1d]" classname="com.dotcms.rendering.velocity.viewtools.content.util.ContentUtilsTest" time="5.143"/>
  <testcase name="testPullRelated[51: com.dotcms.rendering.velocity.viewtools.content.util.ContentUtilsTest$TestCase@2a71a3d0]" classname="com.dotcms.rendering.velocity.viewtools.content.util.ContentUtilsTest" time="5.008"/>
  <testcase name="testPullRelated[52: com.dotcms.rendering.velocity.viewtools.content.util.ContentUtilsTest$TestCase@1b19afdb]" classname="com.dotcms.rendering.velocity.viewtools.content.util.ContentUtilsTest" time="6.046"/>
  <testcase name="testPullRelated[53: com.dotcms.rendering.velocity.viewtools.content.util.ContentUtilsTest$TestCase@28a1743a]" classname="com.dotcms.rendering.velocity.viewtools.content.util.ContentUtilsTest" time="5.005"/>
  <testcase name="testPullRelated[54: com.dotcms.rendering.velocity.viewtools.content.util.ContentUtilsTest$TestCase@2ec744e6]" classname="com.dotcms.rendering.velocity.viewtools.content.util.ContentUtilsTest" time="6.309"/>
  <testcase name="testPullRelated[55: com.dotcms.rendering.velocity.viewtools.content.util.ContentUtilsTest$TestCase@98f1dcd]" classname="com.dotcms.rendering.velocity.viewtools.content.util.ContentUtilsTest" time="5.879"/>
  <testcase name="testPullRelated[56: com.dotcms.rendering.velocity.viewtools.content.util.ContentUtilsTest$TestCase@5f3e1c50]" classname="com.dotcms.rendering.velocity.viewtools.content.util.ContentUtilsTest" time="6.241"/>
  <testcase name="testPullRelated[57: com.dotcms.rendering.velocity.viewtools.content.util.ContentUtilsTest$TestCase@7c1db329]" classname="com.dotcms.rendering.velocity.viewtools.content.util.ContentUtilsTest" time="5.825"/>
  <testcase name="testPullRelated[58: com.dotcms.rendering.velocity.viewtools.content.util.ContentUtilsTest$TestCase@68692838]" classname="com.dotcms.rendering.velocity.viewtools.content.util.ContentUtilsTest" time="5.397"/>
  <testcase name="testPullRelated[59: com.dotcms.rendering.velocity.viewtools.content.util.ContentUtilsTest$TestCase@19f9218d]" classname="com.dotcms.rendering.velocity.viewtools.content.util.ContentUtilsTest" time="5.994"/>
  <testcase name="testPullRelated[60: com.dotcms.rendering.velocity.viewtools.content.util.ContentUtilsTest$TestCase@368a627e]" classname="com.dotcms.rendering.velocity.viewtools.content.util.ContentUtilsTest" time="5.938"/>
  <testcase name="testPullRelated[61: com.dotcms.rendering.velocity.viewtools.content.util.ContentUtilsTest$TestCase@279f0b7d]" classname="com.dotcms.rendering.velocity.viewtools.content.util.ContentUtilsTest" time="6.046"/>
  <testcase name="testPullRelated[62: com.dotcms.rendering.velocity.viewtools.content.util.ContentUtilsTest$TestCase@616cf5e]" classname="com.dotcms.rendering.velocity.viewtools.content.util.ContentUtilsTest" time="6.229"/>
  <testcase name="testPullRelated[63: com.dotcms.rendering.velocity.viewtools.content.util.ContentUtilsTest$TestCase@56336358]" classname="com.dotcms.rendering.velocity.viewtools.content.util.ContentUtilsTest" time="5.995"/>
  <testcase name="testPullRelated[64: com.dotcms.rendering.velocity.viewtools.content.util.ContentUtilsTest$TestCase@334f6272]" classname="com.dotcms.rendering.velocity.viewtools.content.util.ContentUtilsTest" time="5.084"/>
  <testcase name="testPullRelated[65: com.dotcms.rendering.velocity.viewtools.content.util.ContentUtilsTest$TestCase@6c545385]" classname="com.dotcms.rendering.velocity.viewtools.content.util.ContentUtilsTest" time="5.068"/>
  <testcase name="testPullRelated[66: com.dotcms.rendering.velocity.viewtools.content.util.ContentUtilsTest$TestCase@5c080d6e]" classname="com.dotcms.rendering.velocity.viewtools.content.util.ContentUtilsTest" time="5.14"/>
  <testcase name="testPullRelated[67: com.dotcms.rendering.velocity.viewtools.content.util.ContentUtilsTest$TestCase@11ec8c14]" classname="com.dotcms.rendering.velocity.viewtools.content.util.ContentUtilsTest" time="5.059"/>
  <testcase name="testPullRelated[68: com.dotcms.rendering.velocity.viewtools.content.util.ContentUtilsTest$TestCase@597830a9]" classname="com.dotcms.rendering.velocity.viewtools.content.util.ContentUtilsTest" time="5.048"/>
  <testcase name="testPullRelated[69: com.dotcms.rendering.velocity.viewtools.content.util.ContentUtilsTest$TestCase@177e8878]" classname="com.dotcms.rendering.velocity.viewtools.content.util.ContentUtilsTest" time="5.016"/>
  <testcase name="testPullRelated[70: com.dotcms.rendering.velocity.viewtools.content.util.ContentUtilsTest$TestCase@b018484]" classname="com.dotcms.rendering.velocity.viewtools.content.util.ContentUtilsTest" time="6.155"/>
  <testcase name="testPullRelated[71: com.dotcms.rendering.velocity.viewtools.content.util.ContentUtilsTest$TestCase@7e7835dc]" classname="com.dotcms.rendering.velocity.viewtools.content.util.ContentUtilsTest" time="6.251"/>
  <testcase name="whenPublishAndExpireDatesAreInTheFutureAndTimeMachineIsAfterBoth" classname="com.dotcms.rendering.velocity.viewtools.content.util.ContentUtilsTest" time="3.029"/>
  <testcase name="testPullRelatedForLegacyRelationship[0: com.dotcms.rendering.velocity.viewtools.content.util.ContentUtilsTest$LegacyTestCase@661dbfc2]" classname="com.dotcms.rendering.velocity.viewtools.content.util.ContentUtilsTest" time="4.642"/>
  <testcase name="testPullRelatedForLegacyRelationship[1: com.dotcms.rendering.velocity.viewtools.content.util.ContentUtilsTest$LegacyTestCase@543d631]" classname="com.dotcms.rendering.velocity.viewtools.content.util.ContentUtilsTest" time="4.1"/>
  <testcase name="whenTheTimeMachineDateIsAfterTomorrowAndExpireDateIsTomorrowShouldNotReturnContent" classname="com.dotcms.rendering.velocity.viewtools.content.util.ContentUtilsTest" time="3.071"/>
  <testcase name="testPullLiveRelatedWhenLatestVersionIsWorking" classname="com.dotcms.rendering.velocity.viewtools.content.util.ContentUtilsTest" time="3.451"/>
  <testcase name="test_add_relationships_on_parent_children_related_contents" classname="com.dotcms.rendering.velocity.viewtools.content.util.ContentUtilsTest" time="1.501"/>
  <testcase name="testSortPullRelated[0: com.dotcms.rendering.velocity.viewtools.content.util.ContentUtilsTest$SortTestCase@2e147b9]" classname="com.dotcms.rendering.velocity.viewtools.content.util.ContentUtilsTest" time="2.775"/>
  <testcase name="testSortPullRelated[1: com.dotcms.rendering.velocity.viewtools.content.util.ContentUtilsTest$SortTestCase@3d8844ec]" classname="com.dotcms.rendering.velocity.viewtools.content.util.ContentUtilsTest" time="2.816"/>
  <testcase name="testSortPullRelated[2: com.dotcms.rendering.velocity.viewtools.content.util.ContentUtilsTest$SortTestCase@36601f30]" classname="com.dotcms.rendering.velocity.viewtools.content.util.ContentUtilsTest" time="1.753"/>
  <testcase name="testSortPullRelated[3: com.dotcms.rendering.velocity.viewtools.content.util.ContentUtilsTest$SortTestCase@2d09a593]" classname="com.dotcms.rendering.velocity.viewtools.content.util.ContentUtilsTest" time="2.757"/>
  <testcase name="testSortPullRelated[4: com.dotcms.rendering.velocity.viewtools.content.util.ContentUtilsTest$SortTestCase@25ddf304]" classname="com.dotcms.rendering.velocity.viewtools.content.util.ContentUtilsTest" time="1.611"/>
  <testcase name="testSortPullRelated[5: com.dotcms.rendering.velocity.viewtools.content.util.ContentUtilsTest$SortTestCase@5a8d7c77]" classname="com.dotcms.rendering.velocity.viewtools.content.util.ContentUtilsTest" time="2.705"/>
  <testcase name="whenTheTimeMachineDateIsAfterTomorrowAndExpireDateIsInFutureShouldReturnContent" classname="com.dotcms.rendering.velocity.viewtools.content.util.ContentUtilsTest" time="3.067"/>
  <testcase name="testPullRelatedFieldShouldRespectDefaultOrder" classname="com.dotcms.rendering.velocity.viewtools.content.util.ContentUtilsTest" time="2.286"/>
  <system-out><![CDATA[]]></system-out>
  <system-err><![CDATA[]]></system-err>
</testsuite>
