<?xml version="1.0" encoding="UTF-8"?>
<testsuite name="com.dotcms.rest.api.v1.relationships.RelationshipsResourceTest" tests="3" skipped="0" failures="0" errors="0" timestamp="2023-07-13T16:54:48" hostname="fv-az262-63" time="2.375">
  <properties/>
  <testcase name="testGetOneSidedRelationships" classname="com.dotcms.rest.api.v1.relationships.RelationshipsResourceTest" time="0.85"/>
  <testcase name="testGetOneSidedRelationshipsWithInvalidContentTypeReturnsBadRequest" classname="com.dotcms.rest.api.v1.relationships.RelationshipsResourceTest" time="0.756"/>
  <testcase name="testGetOneSidedRelationshipsWithoutContentTypeReturnsBadRequest" classname="com.dotcms.rest.api.v1.relationships.RelationshipsResourceTest" time="0.769"/>
  <system-out><![CDATA[]]></system-out>
  <system-err><![CDATA[]]></system-err>
</testsuite>
