<?xml version="1.0" encoding="UTF-8"?>
<testsuite name="com.dotcms.rest.TagResourceIntegrationTest" tests="4" skipped="0" failures="0" errors="0" timestamp="2023-07-24T15:21:12" hostname="fv-az571-935" time="0.375">
  <properties/>
  <testcase name="testList[0: com.dotcms.rest.TagResourceTestCase@614dd9bd]" classname="com.dotcms.rest.TagResourceIntegrationTest" time="0.276"/>
  <testcase name="testList[1: com.dotcms.rest.TagResourceTestCase@656318d8]" classname="com.dotcms.rest.TagResourceIntegrationTest" time="0.035"/>
  <testcase name="testList[2: com.dotcms.rest.TagResourceTestCase@373f3b24]" classname="com.dotcms.rest.TagResourceIntegrationTest" time="0.03"/>
  <testcase name="testList[3: com.dotcms.rest.TagResourceTestCase@6cdb01b8]" classname="com.dotcms.rest.TagResourceIntegrationTest" time="0.034"/>
  <system-out><![CDATA[]]></system-out>
  <system-err><![CDATA[Jul 24, 2023 3:21:13 PM com.dotcms.repackage.org.hibernate.validator.internal.util.Version <clinit>
INFO: HV000001: Hibernate Validator 4.3.2.Final
]]></system-err>
</testsuite>
