<?xml version="1.0" encoding="UTF-8"?>
<testsuite name="com.dotcms.rendering.velocity.services.VelocityResourceKeyTest" tests="4" skipped="0" failures="0" errors="0" timestamp="2023-07-06T23:19:38" hostname="fv-az1256-62" time="0.031">
  <properties/>
  <testcase name="velocityResourceKey_constructor_db_container_test" classname="com.dotcms.rendering.velocity.services.VelocityResourceKeyTest" time="0.0"/>
  <testcase name="velocityResourceKey_constructor_fs_container_path_test" classname="com.dotcms.rendering.velocity.services.VelocityResourceKeyTest" time="0.03"/>
  <testcase name="velocityResourceKey_constructor_page_lang2_test" classname="com.dotcms.rendering.velocity.services.VelocityResourceKeyTest" time="0.0"/>
  <testcase name="velocityResourceKey_constructor_contentlet_lang2_test" classname="com.dotcms.rendering.velocity.services.VelocityResourceKeyTest" time="0.001"/>
  <system-out><![CDATA[]]></system-out>
  <system-err><![CDATA[]]></system-err>
</testsuite>
