<?xml version="1.0" encoding="UTF-8"?>
<testsuite name="com.dotmarketing.portlets.structure.model.ContentletRelationshipsTest" tests="7" skipped="0" failures="0" errors="0" timestamp="2023-07-19T19:24:55" hostname="fv-az842-421" time="11.26">
  <properties/>
  <testcase name="testDoesAllowOnlyOne[0: com.dotmarketing.portlets.structure.model.ContentletRelationshipsTest$CardinalityTestCase@5814cf17]" classname="com.dotmarketing.portlets.structure.model.ContentletRelationshipsTest" time="0.687"/>
  <testcase name="testDoesAllowOnlyOne[1: com.dotmarketing.portlets.structure.model.ContentletRelationshipsTest$CardinalityTestCase@14ca6003]" classname="com.dotmarketing.portlets.structure.model.ContentletRelationshipsTest" time="0.665"/>
  <testcase name="testDoesAllowOnlyOne[2: com.dotmarketing.portlets.structure.model.ContentletRelationshipsTest$CardinalityTestCase@1cc14e8f]" classname="com.dotmarketing.portlets.structure.model.ContentletRelationshipsTest" time="0.717"/>
  <testcase name="testGetRelationshipRecords[0: com.dotmarketing.portlets.structure.model.ContentletRelationshipsTest$TestCase@5f4cdb69]" classname="com.dotmarketing.portlets.structure.model.ContentletRelationshipsTest" time="2.432"/>
  <testcase name="testGetRelationshipRecords[1: com.dotmarketing.portlets.structure.model.ContentletRelationshipsTest$TestCase@21dedbe0]" classname="com.dotmarketing.portlets.structure.model.ContentletRelationshipsTest" time="2.335"/>
  <testcase name="testGetRelationshipRecords[2: com.dotmarketing.portlets.structure.model.ContentletRelationshipsTest$TestCase@66536da0]" classname="com.dotmarketing.portlets.structure.model.ContentletRelationshipsTest" time="2.306"/>
  <testcase name="testGetRelationshipRecords[3: com.dotmarketing.portlets.structure.model.ContentletRelationshipsTest$TestCase@70f0e2d3]" classname="com.dotmarketing.portlets.structure.model.ContentletRelationshipsTest" time="2.118"/>
  <system-out><![CDATA[]]></system-out>
  <system-err><![CDATA[]]></system-err>
</testsuite>
