<?xml version="1.0" encoding="UTF-8"?>
<testsuite name="com.dotmarketing.startup.runonce.Task04375UpdateColorsTest" tests="1" skipped="0" failures="0" errors="0" timestamp="2023-07-17T17:18:30" hostname="fv-az797-388" time="0.007">
  <properties/>
  <testcase name="testExecuteUpgrade_newColors_Success" classname="com.dotmarketing.startup.runonce.Task04375UpdateColorsTest" time="0.007"/>
  <system-out><![CDATA[]]></system-out>
  <system-err><![CDATA[]]></system-err>
</testsuite>
