<?xml version="1.0" encoding="UTF-8"?>
<testsuite name="com.dotcms.rendering.velocity.viewtools.content.util.ContentUtilsTest" tests="89" skipped="0" failures="0" errors="0" timestamp="2023-07-20T23:05:08" hostname="fv-az247-899" time="408.975">
  <properties/>
  <testcase name="whenTheTimeMachineDateIsNullAndPublishDateInFutureShouldNotReturnAnything" classname="com.dotcms.rendering.velocity.viewtools.content.util.ContentUtilsTest" time="3.588"/>
  <testcase name="test_find_multilingual_contentlet_getContentletSuccessfully" classname="com.dotcms.rendering.velocity.viewtools.content.util.ContentUtilsTest" time="2.247"/>
  <testcase name="whenTheTimeMachineDateAndPublishDateAreTomorrowShouldReturnOneContent" classname="com.dotcms.rendering.velocity.viewtools.content.util.ContentUtilsTest" time="3.701"/>
  <testcase name="testPullRelated[0: com.dotcms.rendering.velocity.viewtools.content.util.ContentUtilsTest$TestCase@1c155c82]" classname="com.dotcms.rendering.velocity.viewtools.content.util.ContentUtilsTest" time="4.46"/>
  <testcase name="testPullRelated[1: com.dotcms.rendering.velocity.viewtools.content.util.ContentUtilsTest$TestCase@32116ff4]" classname="com.dotcms.rendering.velocity.viewtools.content.util.ContentUtilsTest" time="2.851"/>
  <testcase name="testPullRelated[2: com.dotcms.rendering.velocity.viewtools.content.util.ContentUtilsTest$TestCase@37baa351]" classname="com.dotcms.rendering.velocity.viewtools.content.util.ContentUtilsTest" time="4.223"/>
  <testcase name="testPullRelated[3: com.dotcms.rendering.velocity.viewtools.content.util.ContentUtilsTest$TestCase@1dc2e2d4]" classname="com.dotcms.rendering.velocity.viewtools.content.util.ContentUtilsTest" time="2.93"/>
  <testcase name="testPullRelated[4: com.dotcms.rendering.velocity.viewtools.content.util.ContentUtilsTest$TestCase@2b855ca2]" classname="com.dotcms.rendering.velocity.viewtools.content.util.ContentUtilsTest" time="4.182"/>
  <testcase name="testPullRelated[5: com.dotcms.rendering.velocity.viewtools.content.util.ContentUtilsTest$TestCase@1252e8e9]" classname="com.dotcms.rendering.velocity.viewtools.content.util.ContentUtilsTest" time="3.929"/>
  <testcase name="testPullRelated[6: com.dotcms.rendering.velocity.viewtools.content.util.ContentUtilsTest$TestCase@701061d9]" classname="com.dotcms.rendering.velocity.viewtools.content.util.ContentUtilsTest" time="4.457"/>
  <testcase name="testPullRelated[7: com.dotcms.rendering.velocity.viewtools.content.util.ContentUtilsTest$TestCase@7acee94d]" classname="com.dotcms.rendering.velocity.viewtools.content.util.ContentUtilsTest" time="4.839"/>
  <testcase name="testPullRelated[8: com.dotcms.rendering.velocity.viewtools.content.util.ContentUtilsTest$TestCase@7b2fdafa]" classname="com.dotcms.rendering.velocity.viewtools.content.util.ContentUtilsTest" time="3.012"/>
  <testcase name="testPullRelated[9: com.dotcms.rendering.velocity.viewtools.content.util.ContentUtilsTest$TestCase@7ebf60d6]" classname="com.dotcms.rendering.velocity.viewtools.content.util.ContentUtilsTest" time="2.979"/>
  <testcase name="testPullRelated[10: com.dotcms.rendering.velocity.viewtools.content.util.ContentUtilsTest$TestCase@dd2c871]" classname="com.dotcms.rendering.velocity.viewtools.content.util.ContentUtilsTest" time="3.107"/>
  <testcase name="testPullRelated[11: com.dotcms.rendering.velocity.viewtools.content.util.ContentUtilsTest$TestCase@dbdc07]" classname="com.dotcms.rendering.velocity.viewtools.content.util.ContentUtilsTest" time="4.261"/>
  <testcase name="testPullRelated[12: com.dotcms.rendering.velocity.viewtools.content.util.ContentUtilsTest$TestCase@5262eec]" classname="com.dotcms.rendering.velocity.viewtools.content.util.ContentUtilsTest" time="2.848"/>
  <testcase name="testPullRelated[13: com.dotcms.rendering.velocity.viewtools.content.util.ContentUtilsTest$TestCase@9a474e]" classname="com.dotcms.rendering.velocity.viewtools.content.util.ContentUtilsTest" time="3.064"/>
  <testcase name="testPullRelated[14: com.dotcms.rendering.velocity.viewtools.content.util.ContentUtilsTest$TestCase@1b10966c]" classname="com.dotcms.rendering.velocity.viewtools.content.util.ContentUtilsTest" time="3.82"/>
  <testcase name="testPullRelated[15: com.dotcms.rendering.velocity.viewtools.content.util.ContentUtilsTest$TestCase@45f54aed]" classname="com.dotcms.rendering.velocity.viewtools.content.util.ContentUtilsTest" time="4.65"/>
  <testcase name="testPullRelated[16: com.dotcms.rendering.velocity.viewtools.content.util.ContentUtilsTest$TestCase@71904df1]" classname="com.dotcms.rendering.velocity.viewtools.content.util.ContentUtilsTest" time="4.488"/>
  <testcase name="testPullRelated[17: com.dotcms.rendering.velocity.viewtools.content.util.ContentUtilsTest$TestCase@23e2c4ba]" classname="com.dotcms.rendering.velocity.viewtools.content.util.ContentUtilsTest" time="4.171"/>
  <testcase name="testPullRelated[18: com.dotcms.rendering.velocity.viewtools.content.util.ContentUtilsTest$TestCase@3cde955c]" classname="com.dotcms.rendering.velocity.viewtools.content.util.ContentUtilsTest" time="4.084"/>
  <testcase name="testPullRelated[19: com.dotcms.rendering.velocity.viewtools.content.util.ContentUtilsTest$TestCase@53130208]" classname="com.dotcms.rendering.velocity.viewtools.content.util.ContentUtilsTest" time="4.387"/>
  <testcase name="testPullRelated[20: com.dotcms.rendering.velocity.viewtools.content.util.ContentUtilsTest$TestCase@209f225e]" classname="com.dotcms.rendering.velocity.viewtools.content.util.ContentUtilsTest" time="3.802"/>
  <testcase name="testPullRelated[21: com.dotcms.rendering.velocity.viewtools.content.util.ContentUtilsTest$TestCase@156de5e3]" classname="com.dotcms.rendering.velocity.viewtools.content.util.ContentUtilsTest" time="3.864"/>
  <testcase name="testPullRelated[22: com.dotcms.rendering.velocity.viewtools.content.util.ContentUtilsTest$TestCase@5d51f667]" classname="com.dotcms.rendering.velocity.viewtools.content.util.ContentUtilsTest" time="4.38"/>
  <testcase name="testPullRelated[23: com.dotcms.rendering.velocity.viewtools.content.util.ContentUtilsTest$TestCase@1619ac87]" classname="com.dotcms.rendering.velocity.viewtools.content.util.ContentUtilsTest" time="4.109"/>
  <testcase name="testPullRelated[24: com.dotcms.rendering.velocity.viewtools.content.util.ContentUtilsTest$TestCase@4fcde1c8]" classname="com.dotcms.rendering.velocity.viewtools.content.util.ContentUtilsTest" time="3.957"/>
  <testcase name="testPullRelated[25: com.dotcms.rendering.velocity.viewtools.content.util.ContentUtilsTest$TestCase@3575472f]" classname="com.dotcms.rendering.velocity.viewtools.content.util.ContentUtilsTest" time="3.922"/>
  <testcase name="testPullRelated[26: com.dotcms.rendering.velocity.viewtools.content.util.ContentUtilsTest$TestCase@67c56d28]" classname="com.dotcms.rendering.velocity.viewtools.content.util.ContentUtilsTest" time="4.614"/>
  <testcase name="testPullRelated[27: com.dotcms.rendering.velocity.viewtools.content.util.ContentUtilsTest$TestCase@3ce388c3]" classname="com.dotcms.rendering.velocity.viewtools.content.util.ContentUtilsTest" time="3.538"/>
  <testcase name="testPullRelated[28: com.dotcms.rendering.velocity.viewtools.content.util.ContentUtilsTest$TestCase@1c80ed36]" classname="com.dotcms.rendering.velocity.viewtools.content.util.ContentUtilsTest" time="4.062"/>
  <testcase name="testPullRelated[29: com.dotcms.rendering.velocity.viewtools.content.util.ContentUtilsTest$TestCase@3538db6]" classname="com.dotcms.rendering.velocity.viewtools.content.util.ContentUtilsTest" time="4.185"/>
  <testcase name="testPullRelated[30: com.dotcms.rendering.velocity.viewtools.content.util.ContentUtilsTest$TestCase@4fb30cd9]" classname="com.dotcms.rendering.velocity.viewtools.content.util.ContentUtilsTest" time="4.167"/>
  <testcase name="testPullRelated[31: com.dotcms.rendering.velocity.viewtools.content.util.ContentUtilsTest$TestCase@6f36307c]" classname="com.dotcms.rendering.velocity.viewtools.content.util.ContentUtilsTest" time="3.862"/>
  <testcase name="testPullRelated[32: com.dotcms.rendering.velocity.viewtools.content.util.ContentUtilsTest$TestCase@744489f1]" classname="com.dotcms.rendering.velocity.viewtools.content.util.ContentUtilsTest" time="4.279"/>
  <testcase name="testPullRelated[33: com.dotcms.rendering.velocity.viewtools.content.util.ContentUtilsTest$TestCase@6be594f2]" classname="com.dotcms.rendering.velocity.viewtools.content.util.ContentUtilsTest" time="3.842"/>
  <testcase name="testPullRelated[34: com.dotcms.rendering.velocity.viewtools.content.util.ContentUtilsTest$TestCase@3ce78893]" classname="com.dotcms.rendering.velocity.viewtools.content.util.ContentUtilsTest" time="4.454"/>
  <testcase name="testPullRelated[35: com.dotcms.rendering.velocity.viewtools.content.util.ContentUtilsTest$TestCase@628cfaa3]" classname="com.dotcms.rendering.velocity.viewtools.content.util.ContentUtilsTest" time="3.895"/>
  <testcase name="testPullRelated[36: com.dotcms.rendering.velocity.viewtools.content.util.ContentUtilsTest$TestCase@3257fc02]" classname="com.dotcms.rendering.velocity.viewtools.content.util.ContentUtilsTest" time="5.505"/>
  <testcase name="testPullRelated[37: com.dotcms.rendering.velocity.viewtools.content.util.ContentUtilsTest$TestCase@7552acbe]" classname="com.dotcms.rendering.velocity.viewtools.content.util.ContentUtilsTest" time="5.798"/>
  <testcase name="testPullRelated[38: com.dotcms.rendering.velocity.viewtools.content.util.ContentUtilsTest$TestCase@75710197]" classname="com.dotcms.rendering.velocity.viewtools.content.util.ContentUtilsTest" time="5.392"/>
  <testcase name="testPullRelated[39: com.dotcms.rendering.velocity.viewtools.content.util.ContentUtilsTest$TestCase@702db478]" classname="com.dotcms.rendering.velocity.viewtools.content.util.ContentUtilsTest" time="6.057"/>
  <testcase name="testPullRelated[40: com.dotcms.rendering.velocity.viewtools.content.util.ContentUtilsTest$TestCase@7d97e193]" classname="com.dotcms.rendering.velocity.viewtools.content.util.ContentUtilsTest" time="5.116"/>
  <testcase name="testPullRelated[41: com.dotcms.rendering.velocity.viewtools.content.util.ContentUtilsTest$TestCase@1dc085c3]" classname="com.dotcms.rendering.velocity.viewtools.content.util.ContentUtilsTest" time="5.741"/>
  <testcase name="testPullRelated[42: com.dotcms.rendering.velocity.viewtools.content.util.ContentUtilsTest$TestCase@60404255]" classname="com.dotcms.rendering.velocity.viewtools.content.util.ContentUtilsTest" time="6.431"/>
  <testcase name="testPullRelated[43: com.dotcms.rendering.velocity.viewtools.content.util.ContentUtilsTest$TestCase@7dd3a451]" classname="com.dotcms.rendering.velocity.viewtools.content.util.ContentUtilsTest" time="6.246"/>
  <testcase name="testPullRelated[44: com.dotcms.rendering.velocity.viewtools.content.util.ContentUtilsTest$TestCase@3f8a5901]" classname="com.dotcms.rendering.velocity.viewtools.content.util.ContentUtilsTest" time="5.932"/>
  <testcase name="testPullRelated[45: com.dotcms.rendering.velocity.viewtools.content.util.ContentUtilsTest$TestCase@267d2dae]" classname="com.dotcms.rendering.velocity.viewtools.content.util.ContentUtilsTest" time="5.804"/>
  <testcase name="testPullRelated[46: com.dotcms.rendering.velocity.viewtools.content.util.ContentUtilsTest$TestCase@44cd91de]" classname="com.dotcms.rendering.velocity.viewtools.content.util.ContentUtilsTest" time="6.616"/>
  <testcase name="testPullRelated[47: com.dotcms.rendering.velocity.viewtools.content.util.ContentUtilsTest$TestCase@245c543a]" classname="com.dotcms.rendering.velocity.viewtools.content.util.ContentUtilsTest" time="6.339"/>
  <testcase name="testPullRelated[48: com.dotcms.rendering.velocity.viewtools.content.util.ContentUtilsTest$TestCase@497353e1]" classname="com.dotcms.rendering.velocity.viewtools.content.util.ContentUtilsTest" time="6.748"/>
  <testcase name="testPullRelated[49: com.dotcms.rendering.velocity.viewtools.content.util.ContentUtilsTest$TestCase@6ac073c]" classname="com.dotcms.rendering.velocity.viewtools.content.util.ContentUtilsTest" time="5.971"/>
  <testcase name="testPullRelated[50: com.dotcms.rendering.velocity.viewtools.content.util.ContentUtilsTest$TestCase@2e472556]" classname="com.dotcms.rendering.velocity.viewtools.content.util.ContentUtilsTest" time="6.519"/>
  <testcase name="testPullRelated[51: com.dotcms.rendering.velocity.viewtools.content.util.ContentUtilsTest$TestCase@68fc4920]" classname="com.dotcms.rendering.velocity.viewtools.content.util.ContentUtilsTest" time="6.777"/>
  <testcase name="testPullRelated[52: com.dotcms.rendering.velocity.viewtools.content.util.ContentUtilsTest$TestCase@3b43e385]" classname="com.dotcms.rendering.velocity.viewtools.content.util.ContentUtilsTest" time="5.109"/>
  <testcase name="testPullRelated[53: com.dotcms.rendering.velocity.viewtools.content.util.ContentUtilsTest$TestCase@5db08636]" classname="com.dotcms.rendering.velocity.viewtools.content.util.ContentUtilsTest" time="6.176"/>
  <testcase name="testPullRelated[54: com.dotcms.rendering.velocity.viewtools.content.util.ContentUtilsTest$TestCase@4a4a6543]" classname="com.dotcms.rendering.velocity.viewtools.content.util.ContentUtilsTest" time="6.301"/>
  <testcase name="testPullRelated[55: com.dotcms.rendering.velocity.viewtools.content.util.ContentUtilsTest$TestCase@40f59063]" classname="com.dotcms.rendering.velocity.viewtools.content.util.ContentUtilsTest" time="4.908"/>
  <testcase name="testPullRelated[56: com.dotcms.rendering.velocity.viewtools.content.util.ContentUtilsTest$TestCase@640e0c33]" classname="com.dotcms.rendering.velocity.viewtools.content.util.ContentUtilsTest" time="6.252"/>
  <testcase name="testPullRelated[57: com.dotcms.rendering.velocity.viewtools.content.util.ContentUtilsTest$TestCase@3dd6a7b2]" classname="com.dotcms.rendering.velocity.viewtools.content.util.ContentUtilsTest" time="5.053"/>
  <testcase name="testPullRelated[58: com.dotcms.rendering.velocity.viewtools.content.util.ContentUtilsTest$TestCase@24afad36]" classname="com.dotcms.rendering.velocity.viewtools.content.util.ContentUtilsTest" time="6.342"/>
  <testcase name="testPullRelated[59: com.dotcms.rendering.velocity.viewtools.content.util.ContentUtilsTest$TestCase@48354748]" classname="com.dotcms.rendering.velocity.viewtools.content.util.ContentUtilsTest" time="5.926"/>
  <testcase name="testPullRelated[60: com.dotcms.rendering.velocity.viewtools.content.util.ContentUtilsTest$TestCase@5cceb5e9]" classname="com.dotcms.rendering.velocity.viewtools.content.util.ContentUtilsTest" time="6.231"/>
  <testcase name="testPullRelated[61: com.dotcms.rendering.velocity.viewtools.content.util.ContentUtilsTest$TestCase@542d72f5]" classname="com.dotcms.rendering.velocity.viewtools.content.util.ContentUtilsTest" time="5.984"/>
  <testcase name="testPullRelated[62: com.dotcms.rendering.velocity.viewtools.content.util.ContentUtilsTest$TestCase@d32b35b]" classname="com.dotcms.rendering.velocity.viewtools.content.util.ContentUtilsTest" time="5.293"/>
  <testcase name="testPullRelated[63: com.dotcms.rendering.velocity.viewtools.content.util.ContentUtilsTest$TestCase@6fdfbab2]" classname="com.dotcms.rendering.velocity.viewtools.content.util.ContentUtilsTest" time="5.106"/>
  <testcase name="testPullRelated[64: com.dotcms.rendering.velocity.viewtools.content.util.ContentUtilsTest$TestCase@46173b5d]" classname="com.dotcms.rendering.velocity.viewtools.content.util.ContentUtilsTest" time="5.937"/>
  <testcase name="testPullRelated[65: com.dotcms.rendering.velocity.viewtools.content.util.ContentUtilsTest$TestCase@791253b0]" classname="com.dotcms.rendering.velocity.viewtools.content.util.ContentUtilsTest" time="6.086"/>
  <testcase name="testPullRelated[66: com.dotcms.rendering.velocity.viewtools.content.util.ContentUtilsTest$TestCase@61228fa2]" classname="com.dotcms.rendering.velocity.viewtools.content.util.ContentUtilsTest" time="5.701"/>
  <testcase name="testPullRelated[67: com.dotcms.rendering.velocity.viewtools.content.util.ContentUtilsTest$TestCase@733aa31e]" classname="com.dotcms.rendering.velocity.viewtools.content.util.ContentUtilsTest" time="7.052"/>
  <testcase name="testPullRelated[68: com.dotcms.rendering.velocity.viewtools.content.util.ContentUtilsTest$TestCase@c08b3f7]" classname="com.dotcms.rendering.velocity.viewtools.content.util.ContentUtilsTest" time="5.838"/>
  <testcase name="testPullRelated[69: com.dotcms.rendering.velocity.viewtools.content.util.ContentUtilsTest$TestCase@67ecfe15]" classname="com.dotcms.rendering.velocity.viewtools.content.util.ContentUtilsTest" time="6.172"/>
  <testcase name="testPullRelated[70: com.dotcms.rendering.velocity.viewtools.content.util.ContentUtilsTest$TestCase@12c622d5]" classname="com.dotcms.rendering.velocity.viewtools.content.util.ContentUtilsTest" time="6.213"/>
  <testcase name="testPullRelated[71: com.dotcms.rendering.velocity.viewtools.content.util.ContentUtilsTest$TestCase@344241c0]" classname="com.dotcms.rendering.velocity.viewtools.content.util.ContentUtilsTest" time="6.068"/>
  <testcase name="whenPublishAndExpireDatesAreInTheFutureAndTimeMachineIsAfterBoth" classname="com.dotcms.rendering.velocity.viewtools.content.util.ContentUtilsTest" time="3.622"/>
  <testcase name="testPullRelatedForLegacyRelationship[0: com.dotcms.rendering.velocity.viewtools.content.util.ContentUtilsTest$LegacyTestCase@7d1cdbb4]" classname="com.dotcms.rendering.velocity.viewtools.content.util.ContentUtilsTest" time="3.032"/>
  <testcase name="testPullRelatedForLegacyRelationship[1: com.dotcms.rendering.velocity.viewtools.content.util.ContentUtilsTest$LegacyTestCase@7d808e54]" classname="com.dotcms.rendering.velocity.viewtools.content.util.ContentUtilsTest" time="4.261"/>
  <testcase name="whenTheTimeMachineDateIsAfterTomorrowAndExpireDateIsTomorrowShouldNotReturnContent" classname="com.dotcms.rendering.velocity.viewtools.content.util.ContentUtilsTest" time="3.692"/>
  <testcase name="testPullLiveRelatedWhenLatestVersionIsWorking" classname="com.dotcms.rendering.velocity.viewtools.content.util.ContentUtilsTest" time="3.998"/>
  <testcase name="test_add_relationships_on_parent_children_related_contents" classname="com.dotcms.rendering.velocity.viewtools.content.util.ContentUtilsTest" time="1.698"/>
  <testcase name="testSortPullRelated[0: com.dotcms.rendering.velocity.viewtools.content.util.ContentUtilsTest$SortTestCase@5ef3dbbb]" classname="com.dotcms.rendering.velocity.viewtools.content.util.ContentUtilsTest" time="2.118"/>
  <testcase name="testSortPullRelated[1: com.dotcms.rendering.velocity.viewtools.content.util.ContentUtilsTest$SortTestCase@7899cde4]" classname="com.dotcms.rendering.velocity.viewtools.content.util.ContentUtilsTest" time="2.217"/>
  <testcase name="testSortPullRelated[2: com.dotcms.rendering.velocity.viewtools.content.util.ContentUtilsTest$SortTestCase@63436838]" classname="com.dotcms.rendering.velocity.viewtools.content.util.ContentUtilsTest" time="2.47"/>
  <testcase name="testSortPullRelated[3: com.dotcms.rendering.velocity.viewtools.content.util.ContentUtilsTest$SortTestCase@1ac8a82a]" classname="com.dotcms.rendering.velocity.viewtools.content.util.ContentUtilsTest" time="3.191"/>
  <testcase name="testSortPullRelated[4: com.dotcms.rendering.velocity.viewtools.content.util.ContentUtilsTest$SortTestCase@5aa696cb]" classname="com.dotcms.rendering.velocity.viewtools.content.util.ContentUtilsTest" time="3.126"/>
  <testcase name="testSortPullRelated[5: com.dotcms.rendering.velocity.viewtools.content.util.ContentUtilsTest$SortTestCase@6c669696]" classname="com.dotcms.rendering.velocity.viewtools.content.util.ContentUtilsTest" time="3.098"/>
  <testcase name="whenTheTimeMachineDateIsAfterTomorrowAndExpireDateIsInFutureShouldReturnContent" classname="com.dotcms.rendering.velocity.viewtools.content.util.ContentUtilsTest" time="3.859"/>
  <testcase name="testPullRelatedFieldShouldRespectDefaultOrder" classname="com.dotcms.rendering.velocity.viewtools.content.util.ContentUtilsTest" time="2.633"/>
  <system-out><![CDATA[]]></system-out>
  <system-err><![CDATA[]]></system-err>
</testsuite>
