<?xml version="1.0" encoding="UTF-8"?>
<testsuite name="com.dotcms.rest.elasticsearch.ESContentResourcePortletTest" tests="8" skipped="0" failures="0" errors="0" timestamp="2023-07-18T18:19:15" hostname="fv-az803-421" time="9.73">
  <properties/>
  <testcase name="test_search_includeGrandChildCategory_success" classname="com.dotcms.rest.elasticsearch.ESContentResourcePortletTest" time="1.954"/>
  <testcase name="testSearch[0: com.dotcms.rest.elasticsearch.ESContentResourcePortletTest$TestCase@3413a6ae]" classname="com.dotcms.rest.elasticsearch.ESContentResourcePortletTest" time="1.24"/>
  <testcase name="testSearch[1: com.dotcms.rest.elasticsearch.ESContentResourcePortletTest$TestCase@10e17800]" classname="com.dotcms.rest.elasticsearch.ESContentResourcePortletTest" time="1.342"/>
  <testcase name="testSearch[2: com.dotcms.rest.elasticsearch.ESContentResourcePortletTest$TestCase@4e60c9a]" classname="com.dotcms.rest.elasticsearch.ESContentResourcePortletTest" time="1.171"/>
  <testcase name="testSearch[3: com.dotcms.rest.elasticsearch.ESContentResourcePortletTest$TestCase@40ba6cfe]" classname="com.dotcms.rest.elasticsearch.ESContentResourcePortletTest" time="1.313"/>
  <testcase name="testSearch[4: com.dotcms.rest.elasticsearch.ESContentResourcePortletTest$TestCase@69b58491]" classname="com.dotcms.rest.elasticsearch.ESContentResourcePortletTest" time="0.393"/>
  <testcase name="testSearch[5: com.dotcms.rest.elasticsearch.ESContentResourcePortletTest$TestCase@720fc0df]" classname="com.dotcms.rest.elasticsearch.ESContentResourcePortletTest" time="1.175"/>
  <testcase name="testSearch[6: com.dotcms.rest.elasticsearch.ESContentResourcePortletTest$TestCase@463990d8]" classname="com.dotcms.rest.elasticsearch.ESContentResourcePortletTest" time="1.141"/>
  <system-out><![CDATA[]]></system-out>
  <system-err><![CDATA[]]></system-err>
</testsuite>
