<?xml version="1.0" encoding="UTF-8"?>
<testsuite name="com.dotmarketing.business.DeterministicIdentifierAPITest" tests="16" skipped="0" failures="0" errors="0" timestamp="2023-07-18T04:44:17" hostname="fv-az1236-699" time="1.526">
  <properties/>
  <testcase name="Test_Category_Path_Seed_And_Id" classname="com.dotmarketing.business.DeterministicIdentifierAPITest" time="0.026"/>
  <testcase name="Test_Language_Deterministic_Id[0: LanguageTestCase{expectedSeed='Language:es:US', expectedHash=4913155, langCode='es', countryCode='US', country='United States'}]" classname="com.dotmarketing.business.DeterministicIdentifierAPITest" time="0.001"/>
  <testcase name="Test_Language_Deterministic_Id[1: LanguageTestCase{expectedSeed='Language:ep:', expectedHash=5292269, langCode='ep', countryCode='', country=''}]" classname="com.dotmarketing.business.DeterministicIdentifierAPITest" time="0.001"/>
  <testcase name="Test_Language_Deterministic_Id[2: LanguageTestCase{expectedSeed='Language:sg:SAG', expectedHash=4713118, langCode='sg', countryCode='SAG', country=''}]" classname="com.dotmarketing.business.DeterministicIdentifierAPITest" time="0.001"/>
  <testcase name="Test_Language_Deterministic_Id[3: LanguageTestCase{expectedSeed='Language:en:NZ', expectedHash=5382528, langCode='en', countryCode='NZ', country='New Zealand'}]" classname="com.dotmarketing.business.DeterministicIdentifierAPITest" time="0.001"/>
  <testcase name="Test_Category_None_Persisted_Category_Should_Return_Deterministic_Id" classname="com.dotmarketing.business.DeterministicIdentifierAPITest" time="0.002"/>
  <testcase name="Test_Asset_Generate_Deterministic_Id_Best_Effort[0: TestCase{versionable=my.host1689655070779.com, parent=System Host, expectedName='my.host1689655070779.com', expectedType='Host'}]" classname="com.dotmarketing.business.DeterministicIdentifierAPITest" time="0.003"/>
  <testcase name="Test_Asset_Generate_Deterministic_Id_Best_Effort[1: TestCase{versionable=com.dotmarketing.portlets.contentlet.model.Contentlet@41d315f8[map={modDate=2023-07-18 04:37:51.515, fileName=file10728327615571746415.txt, title=file10728327615571746415.txt, inode=7ece4b93-3989-4dd6-b8d6-6dae8caa0bfb, __IS_NEW_CONTENT__=true, disabledWYSIWYG=[], host=9a40ecad-d833-47ac-96a4-bfb6f82672e4, stInode=33888b6f-7a8e-4069-b1b6-5c1aa9d0a48d, owner=system, identifier=7c6c759f-3ef3-4b15-a406-8c7ce11e55d6, nullProperties=[wfExpireDate, wfPublishDate, wfActionAssign, wfActionId, wfActionComments, filterKey, whereToSend, wfNeverExpire, _path_to_move, timezoneId, iWantTo, wfPublishTime, wfExpireTime], languageId=1, fileAsset=/home/runner/work/core/custom/assets/7/e/7ece4b93-3989-4dd6-b8d6-6dae8caa0bfb/fileAsset/file10728327615571746415.txt, folder=ca31282e-71a9-406c-8813-9647e398fdab, __disable_workflow__=true, sortOrder=0, modUser=system},lowIndexPriority=false,variantId=DEFAULT], parent=com.dotmarketing.portlets.folders.model.Folder@3387e4d2[identifier=ca31282e-71a9-406c-8813-9647e398fdab,name=testName1689655071508,sortOrder=0,showOnMenu=false,hostId=9a40ecad-d833-47ac-96a4-bfb6f82672e4,type=folder,title=testTitle1689655071508,filesMasks=,defaultFileType=33888b6f-7a8e-4069-b1b6-5c1aa9d0a48d,modDate=2023-07-18 04:37:51.511,owner=&lt;null&gt;,iDate=2023-07-18 04:37:51.511,inode=ca31282e-71a9-406c-8813-9647e398fdab,path=/testName1689655071508/], expectedName='file10728327615571746415.txt', expectedType='FileAsset'}]" classname="com.dotmarketing.business.DeterministicIdentifierAPITest" time="0.003"/>
  <testcase name="Test_Asset_Generate_Deterministic_Id_Best_Effort[2: TestCase{versionable=com.dotmarketing.portlets.templates.model.Template@c3a344aa, parent=my.host1689655070779.com, expectedName='testTitle1689655071626', expectedType='Template'}]" classname="com.dotmarketing.business.DeterministicIdentifierAPITest" time="0.002"/>
  <testcase name="Test_Asset_Generate_Deterministic_Id_Best_Effort[3: TestCase{versionable=com.dotmarketing.portlets.htmlpageasset.model.HTMLPageAsset@62c94d11[map={template=bb1a7dc8-4216-4d23-b31c-b0eb2402c87c, owner=system, identifier=515807f0-73d0-4d4e-aa19-1b526a47eb8c, nullProperties=[wfExpireDate, wfPublishDate, wfActionAssign, wfActionId, wfActionComments, filterKey, whereToSend, wfNeverExpire, _path_to_move, timezoneId, iWantTo, wfPublishTime, wfExpireTime], modDate=2023-07-18 04:37:51.644, cachettl=0, _is_test_mode=true, languageId=1, title=test-page-title-1689655071640, httpsreq=, url=test-page-url-1689655071640, showOnMenu=, inode=55b87b1d-4c13-4d4a-af8b-048b3d120bb0, folder=ca31282e-71a9-406c-8813-9647e398fdab, disabledWYSIWYG=[], sortOrder=1, modUser=system, host=9a40ecad-d833-47ac-96a4-bfb6f82672e4, stInode=c541abb1-69b3-4bc5-8430-5e09e5239cc8, friendlyName=test-page-friendly-name-1689655071640},lowIndexPriority=false,variantId=DEFAULT], parent=com.dotmarketing.portlets.folders.model.Folder@3387e4d2[identifier=ca31282e-71a9-406c-8813-9647e398fdab,name=testName1689655071508,sortOrder=0,showOnMenu=false,hostId=9a40ecad-d833-47ac-96a4-bfb6f82672e4,type=folder,title=testTitle1689655071508,filesMasks=,defaultFileType=33888b6f-7a8e-4069-b1b6-5c1aa9d0a48d,modDate=2023-07-18 04:37:51.511,owner=&lt;null&gt;,iDate=2023-07-18 04:37:51.511,inode=ca31282e-71a9-406c-8813-9647e398fdab,path=/testName1689655071508/], expectedName='test-page-url-1689655071640', expectedType='htmlpageasset'}]" classname="com.dotmarketing.business.DeterministicIdentifierAPITest" time="0.003"/>
  <testcase name="Test_Asset_Generate_Deterministic_Id_Best_Effort[4: TestCase{versionable=com.dotmarketing.portlets.contentlet.model.Contentlet@38deb7c2[map={fileAsset2=/home/runner/work/core/custom/assets/e/c/eca4718f-e017-4be9-95f0-a12fa5a9d907/fileAsset2/test_binary1689655073484.png, modDate=2023-07-18 04:37:53.489, fileAsset1=/home/runner/work/core/custom/assets/e/c/eca4718f-e017-4be9-95f0-a12fa5a9d907/fileAsset1/test_binary1689655073484.jpg, title=blah, inode=eca4718f-e017-4be9-95f0-a12fa5a9d907, __IS_NEW_CONTENT__=true, disabledWYSIWYG=[], host=48190c8c-42c4-46af-8d1a-0cd5db894797, stInode=8c68dac4-6b0a-4691-b357-28482e9b4cee, owner=system, identifier=10f8a048-17fb-42b2-ba44-88b576734a59, nullProperties=[], languageId=1, image1=54b67d78-1bf1-4f12-9736-2f183e956ac9, folder=SYSTEM_FOLDER, __disable_workflow__=true, sortOrder=0, modUser=system},lowIndexPriority=false,variantId=DEFAULT], parent=demo.dotcms.com, expectedName='test_binary1689655073484.jpg:test_binary1689655073484.png', expectedType='MultipleBinaries1689655071899'}]" classname="com.dotmarketing.business.DeterministicIdentifierAPITest" time="0.004"/>
  <testcase name="Test_Asset_Generate_Deterministic_Id_Best_Effort[5: TestCase{versionable=namef36473791e : keyTagf36473791e, parent=my.host1689655070779.com, expectedName='keyTagf36473791e', expectedType='persona'}]" classname="com.dotmarketing.business.DeterministicIdentifierAPITest" time="0.003"/>
  <testcase name="Test_Similar_Content_Type_Wont_Clash" classname="com.dotmarketing.business.DeterministicIdentifierAPITest" time="0.464"/>
  <testcase name="Test_Generate_Folder_Identifier" classname="com.dotmarketing.business.DeterministicIdentifierAPITest" time="0.993"/>
  <testcase name="Test_Generate_Content_Type_Identifier[0: ContentTypeTestCase{contentType=KeyValueContentType{name=Language Variable, id=f4d7c1b8-2c88-4071-abf1-a5328977b07d, description=Default Content Type for Language Variables, defaultType=false, fixed=true, iDate=Thu Aug 31 16:38:49 UTC 2017, system=true, versionable=true, variable=Languagevariable, modDate=Tue Jul 18 03:32:30 UTC 2023, host=SYSTEM_HOST, siteName=systemHost, icon=language, sortOrder=0, folder=SYSTEM_FOLDER, folderPath=/, markedForDeletion=true, multilingualable=false}, expectedName='Languagevariable', expectedType='KeyValue'}]" classname="com.dotmarketing.business.DeterministicIdentifierAPITest" time="0.006"/>
  <testcase name="Test_Generate_Content_Type_Identifier[1: ContentTypeTestCase{contentType=SimpleContentType{name=testName1689655073939, id=27c2a59b-19b3-4525-a713-107fa4630075, description=testDescription1689655073939, defaultType=false, fixed=false, iDate=Tue Jul 18 04:37:53 UTC 2023, system=false, versionable=true, multilingualable=false, variable=testVarname1689655073939, owner=system, modDate=Tue Jul 18 04:37:54 UTC 2023, host=48190c8c-42c4-46af-8d1a-0cd5db894797, siteName=demo.dotcms.com, icon=event_note, sortOrder=0, folder=SYSTEM_FOLDER, folderPath=/, requiredFields=[], markedForDeletion=false}, expectedName='testVarname1689655073939', expectedType='CONTENT'}]" classname="com.dotmarketing.business.DeterministicIdentifierAPITest" time="0.009"/>
  <system-out><![CDATA[]]></system-out>
  <system-err><![CDATA[]]></system-err>
</testsuite>
