<?xml version="1.0" encoding="UTF-8"?>
<testsuite name="com.dotmarketing.startup.runonce.Task230426AlterVarcharLengthOfLockedByColTest" tests="1" skipped="0" failures="0" errors="0" timestamp="2023-07-12T17:57:05" hostname="fv-az254-482" time="0.079">
  <properties/>
  <testcase name="test_executeUpgrade_GivenIncreaseLockedByLength_LengthShouldBeMoreThan36" classname="com.dotmarketing.startup.runonce.Task230426AlterVarcharLengthOfLockedByColTest" time="0.079"/>
  <system-out><![CDATA[]]></system-out>
  <system-err><![CDATA[]]></system-err>
</testsuite>
