<?xml version="1.0" encoding="UTF-8"?>
<testsuite name="com.dotmarketing.portlets.workflows.business.SaveContentActionletTest" tests="2" skipped="0" failures="0" errors="0" timestamp="2023-06-30T21:44:59" hostname="fv-az280-303" time="2.291">
  <properties/>
  <testcase name="save_Content_with_Publish_Expire_NerverExpire_Save_Success_Test" classname="com.dotmarketing.portlets.workflows.business.SaveContentActionletTest" time="1.158"/>
  <testcase name="saveContentTest" classname="com.dotmarketing.portlets.workflows.business.SaveContentActionletTest" time="1.133"/>
  <system-out><![CDATA[]]></system-out>
  <system-err><![CDATA[]]></system-err>
</testsuite>
