<?xml version="1.0" encoding="UTF-8"?>
<testsuite name="com.dotmarketing.factories.PublishFactoryTest" tests="5" skipped="0" failures="0" errors="0" timestamp="2023-06-26T16:40:44" hostname="fv-az455-440" time="16.941">
  <properties/>
  <testcase name="test_publishHTMLPage_should_remove_cached_page" classname="com.dotmarketing.factories.PublishFactoryTest" time="5.788"/>
  <testcase name="test_publishHTMLPage_pageUsingFileTemplate_success" classname="com.dotmarketing.factories.PublishFactoryTest" time="3.0"/>
  <testcase name="testPublishHTMLPageWithContentWithFuturePublishDate" classname="com.dotmarketing.factories.PublishFactoryTest" time="3.091"/>
  <testcase name="testPublishHTMLPageWithExperiredContent" classname="com.dotmarketing.factories.PublishFactoryTest" time="2.033"/>
  <testcase name="testPublishHTMLPageWithExperiredAndFutureContent" classname="com.dotmarketing.factories.PublishFactoryTest" time="3.029"/>
  <system-out><![CDATA[]]></system-out>
  <system-err><![CDATA[]]></system-err>
</testsuite>
