<?xml version="1.0" encoding="UTF-8"?>
<testsuite name="com.dotcms.publisher.receiver.BundlePublisherTest" tests="1" skipped="0" failures="0" errors="0" timestamp="2023-06-28T17:07:37" hostname="fv-az395-584" time="0.011">
  <properties/>
  <testcase name="trigger_events" classname="com.dotcms.publisher.receiver.BundlePublisherTest" time="0.011"/>
  <system-out><![CDATA[]]></system-out>
  <system-err><![CDATA[]]></system-err>
</testsuite>
