<?xml version="1.0" encoding="UTF-8"?>
<testsuite name="com.dotmarketing.business.DeterministicIdentifierAPITest" tests="16" skipped="0" failures="0" errors="0" timestamp="2023-06-28T04:15:19" hostname="fv-az1028-708" time="1.803">
  <properties/>
  <testcase name="Test_Category_Path_Seed_And_Id" classname="com.dotmarketing.business.DeterministicIdentifierAPITest" time="0.021"/>
  <testcase name="Test_Language_Deterministic_Id[0: LanguageTestCase{expectedSeed='Language:es:US', expectedHash=4913155, langCode='es', countryCode='US', country='United States'}]" classname="com.dotmarketing.business.DeterministicIdentifierAPITest" time="0.001"/>
  <testcase name="Test_Language_Deterministic_Id[1: LanguageTestCase{expectedSeed='Language:ep:', expectedHash=5292269, langCode='ep', countryCode='', country=''}]" classname="com.dotmarketing.business.DeterministicIdentifierAPITest" time="0.001"/>
  <testcase name="Test_Language_Deterministic_Id[2: LanguageTestCase{expectedSeed='Language:sg:SAG', expectedHash=4713118, langCode='sg', countryCode='SAG', country=''}]" classname="com.dotmarketing.business.DeterministicIdentifierAPITest" time="0.0"/>
  <testcase name="Test_Language_Deterministic_Id[3: LanguageTestCase{expectedSeed='Language:en:NZ', expectedHash=5382528, langCode='en', countryCode='NZ', country='New Zealand'}]" classname="com.dotmarketing.business.DeterministicIdentifierAPITest" time="0.001"/>
  <testcase name="Test_Category_None_Persisted_Category_Should_Return_Deterministic_Id" classname="com.dotmarketing.business.DeterministicIdentifierAPITest" time="0.001"/>
  <testcase name="Test_Asset_Generate_Deterministic_Id_Best_Effort[0: TestCase{versionable=my.host1687925333780.com, parent=System Host, expectedName='my.host1687925333780.com', expectedType='Host'}]" classname="com.dotmarketing.business.DeterministicIdentifierAPITest" time="0.002"/>
  <testcase name="Test_Asset_Generate_Deterministic_Id_Best_Effort[1: TestCase{versionable=com.dotmarketing.portlets.contentlet.model.Contentlet@2ae53470[map={modDate=2023-06-28 04:08:54.551, fileName=file1385757499334932477.txt, title=file1385757499334932477.txt, inode=7ebe2c09-2e65-4399-b181-fdfcd1430ea6, __IS_NEW_CONTENT__=true, disabledWYSIWYG=[], host=a67c0172-c82f-4684-8eae-e37c838749c1, stInode=33888b6f-7a8e-4069-b1b6-5c1aa9d0a48d, owner=system, identifier=95b704dc-859a-45fb-bb1c-e3f03579d933, nullProperties=[wfExpireDate, wfPublishDate, wfActionAssign, wfActionId, wfActionComments, filterKey, whereToSend, wfNeverExpire, _path_to_move, timezoneId, iWantTo, wfPublishTime, wfExpireTime], languageId=1, fileAsset=/home/runner/work/core/custom/assets/7/e/7ebe2c09-2e65-4399-b181-fdfcd1430ea6/fileAsset/file1385757499334932477.txt, folder=f63219d8-8509-4cd0-ae46-9ffb49adc6db, __disable_workflow__=true, sortOrder=0, modUser=system},lowIndexPriority=false,variantId=DEFAULT], parent=com.dotmarketing.portlets.folders.model.Folder@31ce024f[identifier=f63219d8-8509-4cd0-ae46-9ffb49adc6db,name=testName1687925334545,sortOrder=0,showOnMenu=false,hostId=a67c0172-c82f-4684-8eae-e37c838749c1,type=folder,title=testTitle1687925334545,filesMasks=,defaultFileType=33888b6f-7a8e-4069-b1b6-5c1aa9d0a48d,modDate=2023-06-28 04:08:54.547,owner=&lt;null&gt;,iDate=2023-06-28 04:08:54.547,inode=f63219d8-8509-4cd0-ae46-9ffb49adc6db,path=/testName1687925334545/], expectedName='file1385757499334932477.txt', expectedType='FileAsset'}]" classname="com.dotmarketing.business.DeterministicIdentifierAPITest" time="0.002"/>
  <testcase name="Test_Asset_Generate_Deterministic_Id_Best_Effort[2: TestCase{versionable=com.dotmarketing.portlets.templates.model.Template@90ae50bb, parent=my.host1687925333780.com, expectedName='testTitle1687925334632', expectedType='Template'}]" classname="com.dotmarketing.business.DeterministicIdentifierAPITest" time="0.002"/>
  <testcase name="Test_Asset_Generate_Deterministic_Id_Best_Effort[3: TestCase{versionable=com.dotmarketing.portlets.htmlpageasset.model.HTMLPageAsset@4079e2bc[map={template=7ec8284b-8ada-4918-8fc1-9a26edf55747, owner=system, identifier=f83ccae4-b038-4e6f-a730-759d1b648e0b, nullProperties=[wfExpireDate, wfPublishDate, wfActionAssign, wfActionId, wfActionComments, filterKey, whereToSend, wfNeverExpire, _path_to_move, timezoneId, iWantTo, wfPublishTime, wfExpireTime], modDate=2023-06-28 04:08:54.646, cachettl=0, _is_test_mode=true, languageId=1, title=test-page-title-1687925334641, httpsreq=, url=test-page-url-1687925334641, showOnMenu=, inode=2589f6a8-9842-4fdd-b4a0-1660140a976f, folder=f63219d8-8509-4cd0-ae46-9ffb49adc6db, disabledWYSIWYG=[], sortOrder=1, modUser=system, host=a67c0172-c82f-4684-8eae-e37c838749c1, stInode=c541abb1-69b3-4bc5-8430-5e09e5239cc8, friendlyName=test-page-friendly-name-1687925334641},lowIndexPriority=false,variantId=DEFAULT], parent=com.dotmarketing.portlets.folders.model.Folder@31ce024f[identifier=f63219d8-8509-4cd0-ae46-9ffb49adc6db,name=testName1687925334545,sortOrder=0,showOnMenu=false,hostId=a67c0172-c82f-4684-8eae-e37c838749c1,type=folder,title=testTitle1687925334545,filesMasks=,defaultFileType=33888b6f-7a8e-4069-b1b6-5c1aa9d0a48d,modDate=2023-06-28 04:08:54.547,owner=&lt;null&gt;,iDate=2023-06-28 04:08:54.547,inode=f63219d8-8509-4cd0-ae46-9ffb49adc6db,path=/testName1687925334545/], expectedName='test-page-url-1687925334641', expectedType='htmlpageasset'}]" classname="com.dotmarketing.business.DeterministicIdentifierAPITest" time="0.002"/>
  <testcase name="Test_Asset_Generate_Deterministic_Id_Best_Effort[4: TestCase{versionable=com.dotmarketing.portlets.contentlet.model.Contentlet@4b52d8b9[map={fileAsset2=/home/runner/work/core/custom/assets/5/c/5c20f471-c98b-47c7-9d7d-3d39d5873d78/fileAsset2/test_binary1687925335533.png, modDate=2023-06-28 04:08:55.538, fileAsset1=/home/runner/work/core/custom/assets/5/c/5c20f471-c98b-47c7-9d7d-3d39d5873d78/fileAsset1/test_binary1687925335533.jpg, title=blah, inode=5c20f471-c98b-47c7-9d7d-3d39d5873d78, __IS_NEW_CONTENT__=true, disabledWYSIWYG=[], host=48190c8c-42c4-46af-8d1a-0cd5db894797, stInode=690fd84b-b62d-4a8b-9492-469e22718e24, owner=system, identifier=e43b1c66-c25f-47bc-8454-03b951fa5b11, nullProperties=[], languageId=1, image1=15db6e85-cd1f-4085-80e1-7bb8370da82e, folder=SYSTEM_FOLDER, __disable_workflow__=true, sortOrder=0, modUser=system},lowIndexPriority=false,variantId=DEFAULT], parent=demo.dotcms.com, expectedName='test_binary1687925335533.jpg:test_binary1687925335533.png', expectedType='MultipleBinaries1687925334797'}]" classname="com.dotmarketing.business.DeterministicIdentifierAPITest" time="0.003"/>
  <testcase name="Test_Asset_Generate_Deterministic_Id_Best_Effort[5: TestCase{versionable=name661fc47c5f : keyTag661fc47c5f, parent=my.host1687925333780.com, expectedName='keyTag661fc47c5f', expectedType='persona'}]" classname="com.dotmarketing.business.DeterministicIdentifierAPITest" time="0.002"/>
  <testcase name="Test_Similar_Content_Type_Wont_Clash" classname="com.dotmarketing.business.DeterministicIdentifierAPITest" time="0.589"/>
  <testcase name="Test_Generate_Folder_Identifier" classname="com.dotmarketing.business.DeterministicIdentifierAPITest" time="1.156"/>
  <testcase name="Test_Generate_Content_Type_Identifier[0: ContentTypeTestCase{contentType=KeyValueContentType{name=Language Variable, id=f4d7c1b8-2c88-4071-abf1-a5328977b07d, description=Default Content Type for Language Variables, defaultType=false, fixed=true, iDate=Thu Aug 31 16:38:49 UTC 2017, system=true, versionable=true, variable=Languagevariable, modDate=Wed Jun 28 03:06:56 UTC 2023, host=SYSTEM_HOST, siteName=systemHost, icon=language, sortOrder=0, folder=SYSTEM_FOLDER, folderPath=/, markedForDeletion=true, multilingualable=false}, expectedName='Languagevariable', expectedType='KeyValue'}]" classname="com.dotmarketing.business.DeterministicIdentifierAPITest" time="0.007"/>
  <testcase name="Test_Generate_Content_Type_Identifier[1: ContentTypeTestCase{contentType=SimpleContentType{name=testName1687925335908, id=70a4eb5e-e982-4454-af2c-cb683055befb, description=testDescription1687925335908, defaultType=false, fixed=false, iDate=Wed Jun 28 04:08:55 UTC 2023, system=false, versionable=true, multilingualable=false, variable=testVarname1687925335908, owner=system, modDate=Wed Jun 28 04:08:56 UTC 2023, host=48190c8c-42c4-46af-8d1a-0cd5db894797, siteName=demo.dotcms.com, icon=event_note, sortOrder=0, folder=SYSTEM_FOLDER, folderPath=/, requiredFields=[], markedForDeletion=false}, expectedName='testVarname1687925335908', expectedType='CONTENT'}]" classname="com.dotmarketing.business.DeterministicIdentifierAPITest" time="0.009"/>
  <system-out><![CDATA[]]></system-out>
  <system-err><![CDATA[]]></system-err>
</testsuite>
