<?xml version="1.0" encoding="UTF-8"?>
<testsuite name="com.dotcms.enterprise.publishing.remote.HostBundlerHandlerTest" tests="2" skipped="0" failures="0" errors="0" timestamp="2023-07-11T23:07:54" hostname="fv-az461-329" time="2.925">
  <properties/>
  <testcase name="testBundlerHandler_UnpublishHost_Success" classname="com.dotcms.enterprise.publishing.remote.HostBundlerHandlerTest" time="1.508"/>
  <testcase name="testGenerate_success_when_liveContentletIsNotFound" classname="com.dotcms.enterprise.publishing.remote.HostBundlerHandlerTest" time="1.417"/>
  <system-out><![CDATA[]]></system-out>
  <system-err><![CDATA[]]></system-err>
</testsuite>
