<?xml version="1.0" encoding="UTF-8"?>
<testsuite name="com.dotcms.auth.providers.jwt.factories.ApiTokenAPITest" tests="24" skipped="0" failures="0" errors="0" timestamp="2023-07-21T14:50:38" hostname="fv-az1098-922" time="13.577">
  <properties/>
  <testcase name="test_JWT_allow_all_networks" classname="com.dotcms.auth.providers.jwt.factories.ApiTokenAPITest" time="0.007"/>
  <testcase name="test_each_issued_token_should_have_different_ids" classname="com.dotcms.auth.providers.jwt.factories.ApiTokenAPITest" time="0.008"/>
  <testcase name="test_ApiToken_Builder" classname="com.dotcms.auth.providers.jwt.factories.ApiTokenAPITest" time="0.002"/>
  <testcase name="test_delete_ApiToken" classname="com.dotcms.auth.providers.jwt.factories.ApiTokenAPITest" time="0.008"/>
  <testcase name="test_user_must_be_active_to_validate_ApiToken" classname="com.dotcms.auth.providers.jwt.factories.ApiTokenAPITest" time="0.734"/>
  <testcase name="test_ApiToken_isValid" classname="com.dotcms.auth.providers.jwt.factories.ApiTokenAPITest" time="1.011"/>
  <testcase name="test_JWT_isValid_from_ip" classname="com.dotcms.auth.providers.jwt.factories.ApiTokenAPITest" time="0.007"/>
  <testcase name="test_404_Cache_in_ApiToken_API" classname="com.dotcms.auth.providers.jwt.factories.ApiTokenAPITest" time="0.002"/>
  <testcase name="test_apiToken_Cache" classname="com.dotcms.auth.providers.jwt.factories.ApiTokenAPITest" time="0.002"/>
  <testcase name="test_Valid_ApiToken_jwt" classname="com.dotcms.auth.providers.jwt.factories.ApiTokenAPITest" time="0.003"/>
  <testcase name="test_JWT_subnets" classname="com.dotcms.auth.providers.jwt.factories.ApiTokenAPITest" time="0.002"/>
  <testcase name="testNonWellFormedToken" classname="com.dotcms.auth.providers.jwt.factories.ApiTokenAPITest" time="0.0"/>
  <testcase name="test_revoke_ApiToken" classname="com.dotcms.auth.providers.jwt.factories.ApiTokenAPITest" time="1.716"/>
  <testcase name="test_listing_permissions_work" classname="com.dotcms.auth.providers.jwt.factories.ApiTokenAPITest" time="1.449"/>
  <testcase name="test_expired_ApiToken" classname="com.dotcms.auth.providers.jwt.factories.ApiTokenAPITest" time="5.006"/>
  <testcase name="test_ApiToken_isValid_from_ip" classname="com.dotcms.auth.providers.jwt.factories.ApiTokenAPITest" time="0.003"/>
  <testcase name="testWellFormedToken" classname="com.dotcms.auth.providers.jwt.factories.ApiTokenAPITest" time="0.003"/>
  <testcase name="test_revoke_permissions_fail" classname="com.dotcms.auth.providers.jwt.factories.ApiTokenAPITest" time="1.444"/>
  <testcase name="test_revoke_permissions_work" classname="com.dotcms.auth.providers.jwt.factories.ApiTokenAPITest" time="0.721"/>
  <testcase name="test_JWT_claims_json" classname="com.dotcms.auth.providers.jwt.factories.ApiTokenAPITest" time="0.005"/>
  <testcase name="test_Can_Create_Token_Issue_for_User_with_Expire_Date" classname="com.dotcms.auth.providers.jwt.factories.ApiTokenAPITest" time="0.002"/>
  <testcase name="test_get_JWT_permissions_work" classname="com.dotcms.auth.providers.jwt.factories.ApiTokenAPITest" time="1.434"/>
  <testcase name="test_ApiToken_Persistance_Works" classname="com.dotcms.auth.providers.jwt.factories.ApiTokenAPITest" time="0.004"/>
  <testcase name="test_Can_Create_Token_Issue_for_User_with_Expired_Date" classname="com.dotcms.auth.providers.jwt.factories.ApiTokenAPITest" time="0.001"/>
  <system-out><![CDATA[]]></system-out>
  <system-err><![CDATA[]]></system-err>
</testsuite>
