<?xml version="1.0" encoding="UTF-8"?>
<testsuite name="com.dotcms.rest.elasticsearch.ESContentResourcePortletTest" tests="8" skipped="0" failures="0" errors="0" timestamp="2023-06-23T00:35:40" hostname="fv-az395-584" time="9.883">
  <properties/>
  <testcase name="test_search_includeGrandChildCategory_success" classname="com.dotcms.rest.elasticsearch.ESContentResourcePortletTest" time="1.661"/>
  <testcase name="testSearch[0: com.dotcms.rest.elasticsearch.ESContentResourcePortletTest$TestCase@3f117d5]" classname="com.dotcms.rest.elasticsearch.ESContentResourcePortletTest" time="1.063"/>
  <testcase name="testSearch[1: com.dotcms.rest.elasticsearch.ESContentResourcePortletTest$TestCase@19a9e4c5]" classname="com.dotcms.rest.elasticsearch.ESContentResourcePortletTest" time="1.316"/>
  <testcase name="testSearch[2: com.dotcms.rest.elasticsearch.ESContentResourcePortletTest$TestCase@745ef54f]" classname="com.dotcms.rest.elasticsearch.ESContentResourcePortletTest" time="1.04"/>
  <testcase name="testSearch[3: com.dotcms.rest.elasticsearch.ESContentResourcePortletTest$TestCase@4ed45a46]" classname="com.dotcms.rest.elasticsearch.ESContentResourcePortletTest" time="1.333"/>
  <testcase name="testSearch[4: com.dotcms.rest.elasticsearch.ESContentResourcePortletTest$TestCase@4590b3f6]" classname="com.dotcms.rest.elasticsearch.ESContentResourcePortletTest" time="1.335"/>
  <testcase name="testSearch[5: com.dotcms.rest.elasticsearch.ESContentResourcePortletTest$TestCase@1349e84d]" classname="com.dotcms.rest.elasticsearch.ESContentResourcePortletTest" time="1.095"/>
  <testcase name="testSearch[6: com.dotcms.rest.elasticsearch.ESContentResourcePortletTest$TestCase@103e83e6]" classname="com.dotcms.rest.elasticsearch.ESContentResourcePortletTest" time="1.038"/>
  <system-out><![CDATA[]]></system-out>
  <system-err><![CDATA[]]></system-err>
</testsuite>
