<?xml version="1.0" encoding="UTF-8"?>
<testsuite name="com.dotmarketing.startup.runonce.Task220822CreateVariantTableTest" tests="4" skipped="0" failures="0" errors="0" timestamp="2023-06-26T17:48:07" hostname="fv-az341-169" time="0.026">
  <properties/>
  <testcase name="nameDuplicated" classname="com.dotmarketing.startup.runonce.Task220822CreateVariantTableTest" time="0.008"/>
  <testcase name="createVariantTable" classname="com.dotmarketing.startup.runonce.Task220822CreateVariantTableTest" time="0.01"/>
  <testcase name="descriptionDuplicated" classname="com.dotmarketing.startup.runonce.Task220822CreateVariantTableTest" time="0.003"/>
  <testcase name="runTUTwice" classname="com.dotmarketing.startup.runonce.Task220822CreateVariantTableTest" time="0.005"/>
  <system-out><![CDATA[]]></system-out>
  <system-err><![CDATA[]]></system-err>
</testsuite>
