<?xml version="1.0" encoding="UTF-8"?>
<testsuite name="com.dotmarketing.business.LayoutAPITest" tests="9" skipped="0" failures="0" errors="0" timestamp="2023-07-20T20:31:31" hostname="fv-az1232-188" time="3.829">
  <properties/>
  <testcase name="test_SaveLayout_WhenCreateNewLayout_Success" classname="com.dotmarketing.business.LayoutAPITest" time="1.02"/>
  <testcase name="test_doesUserHaveAccessToPortlet" classname="com.dotmarketing.business.LayoutAPITest" time="0.001"/>
  <testcase name="test_resolveLayout" classname="com.dotmarketing.business.LayoutAPITest" time="0.027"/>
  <testcase name="test_addLayoutForUser_UserNull" classname="com.dotmarketing.business.LayoutAPITest" time="0.007"/>
  <testcase name="test_SaveLayout_WhenCreateAndUpdateNewLayout_Success" classname="com.dotmarketing.business.LayoutAPITest" time="0.01"/>
  <testcase name="test_findGettingStartedLayout_Success" classname="com.dotmarketing.business.LayoutAPITest" time="0.006"/>
  <testcase name="test_addLayoutForUser_LayoutNull" classname="com.dotmarketing.business.LayoutAPITest" time="0.929"/>
  <testcase name="test_addLayoutForUser_reAddSameLayout_Success" classname="com.dotmarketing.business.LayoutAPITest" time="0.921"/>
  <testcase name="test_addLayoutForUser_Success" classname="com.dotmarketing.business.LayoutAPITest" time="0.908"/>
  <system-out><![CDATA[]]></system-out>
  <system-err><![CDATA[]]></system-err>
</testsuite>
