<?xml version="1.0" encoding="UTF-8"?>
<testsuite name="com.dotcms.rendering.velocity.viewtools.WorkflowToolTest" tests="2" skipped="0" failures="0" errors="0" timestamp="2023-07-13T21:16:11" hostname="fv-az357-263" time="2.662">
  <properties/>
  <testcase name="testFire[0: com.dotcms.rendering.velocity.viewtools.WorkflowToolFireTestCase@5dd240b1]" classname="com.dotcms.rendering.velocity.viewtools.WorkflowToolTest" time="1.394"/>
  <testcase name="testFire[1: com.dotcms.rendering.velocity.viewtools.WorkflowToolFireTestCase@4607793b]" classname="com.dotcms.rendering.velocity.viewtools.WorkflowToolTest" time="1.268"/>
  <system-out><![CDATA[]]></system-out>
  <system-err><![CDATA[]]></system-err>
</testsuite>
