<?xml version="1.0" encoding="UTF-8"?>
<testsuite name="com.dotcms.rest.api.v1.vtl.VTLResourceIntegrationTest" tests="6" skipped="0" failures="0" errors="0" timestamp="2023-07-21T16:46:55" hostname="fv-az717-170" time="11.086">
  <properties/>
  <testcase name="testGet[0: com.dotcms.rest.api.v1.vtl.VTLResourceTestCase@330d17d0]" classname="com.dotcms.rest.api.v1.vtl.VTLResourceIntegrationTest" time="2.27"/>
  <testcase name="testGet[1: com.dotcms.rest.api.v1.vtl.VTLResourceTestCase@1f824922]" classname="com.dotcms.rest.api.v1.vtl.VTLResourceIntegrationTest" time="1.783"/>
  <testcase name="testGet[2: com.dotcms.rest.api.v1.vtl.VTLResourceTestCase@4027ff5d]" classname="com.dotcms.rest.api.v1.vtl.VTLResourceIntegrationTest" time="2.09"/>
  <testcase name="testGet[3: com.dotcms.rest.api.v1.vtl.VTLResourceTestCase@19c612b]" classname="com.dotcms.rest.api.v1.vtl.VTLResourceIntegrationTest" time="1.121"/>
  <testcase name="testGet[4: com.dotcms.rest.api.v1.vtl.VTLResourceTestCase@5af4455f]" classname="com.dotcms.rest.api.v1.vtl.VTLResourceIntegrationTest" time="1.794"/>
  <testcase name="testGet[5: com.dotcms.rest.api.v1.vtl.VTLResourceTestCase@5732cc7a]" classname="com.dotcms.rest.api.v1.vtl.VTLResourceIntegrationTest" time="2.027"/>
  <system-out><![CDATA[]]></system-out>
  <system-err><![CDATA[]]></system-err>
</testsuite>
