<?xml version="1.0" encoding="UTF-8"?>
<testsuite name="com.dotcms.rest.TagResourceIntegrationTest" tests="4" skipped="0" failures="0" errors="0" timestamp="2023-07-03T16:01:07" hostname="fv-az349-999" time="0.299">
  <properties/>
  <testcase name="testList[0: com.dotcms.rest.TagResourceTestCase@32e5bcba]" classname="com.dotcms.rest.TagResourceIntegrationTest" time="0.248"/>
  <testcase name="testList[1: com.dotcms.rest.TagResourceTestCase@5dceb3ee]" classname="com.dotcms.rest.TagResourceIntegrationTest" time="0.02"/>
  <testcase name="testList[2: com.dotcms.rest.TagResourceTestCase@2e291224]" classname="com.dotcms.rest.TagResourceIntegrationTest" time="0.014"/>
  <testcase name="testList[3: com.dotcms.rest.TagResourceTestCase@2adb1797]" classname="com.dotcms.rest.TagResourceIntegrationTest" time="0.016"/>
  <system-out><![CDATA[]]></system-out>
  <system-err><![CDATA[Jul 03, 2023 4:01:07 PM com.dotcms.repackage.org.hibernate.validator.internal.util.Version <clinit>
INFO: HV000001: Hibernate Validator 4.3.2.Final
]]></system-err>
</testsuite>
