<?xml version="1.0" encoding="UTF-8"?>
<testsuite name="com.dotmarketing.portlets.structure.model.ContentletRelationshipsTest" tests="7" skipped="0" failures="0" errors="0" timestamp="2023-06-28T23:28:27" hostname="fv-az955-446" time="8.893">
  <properties/>
  <testcase name="testDoesAllowOnlyOne[0: com.dotmarketing.portlets.structure.model.ContentletRelationshipsTest$CardinalityTestCase@4c283c7]" classname="com.dotmarketing.portlets.structure.model.ContentletRelationshipsTest" time="0.546"/>
  <testcase name="testDoesAllowOnlyOne[1: com.dotmarketing.portlets.structure.model.ContentletRelationshipsTest$CardinalityTestCase@15363979]" classname="com.dotmarketing.portlets.structure.model.ContentletRelationshipsTest" time="0.422"/>
  <testcase name="testDoesAllowOnlyOne[2: com.dotmarketing.portlets.structure.model.ContentletRelationshipsTest$CardinalityTestCase@6f2673be]" classname="com.dotmarketing.portlets.structure.model.ContentletRelationshipsTest" time="0.454"/>
  <testcase name="testGetRelationshipRecords[0: com.dotmarketing.portlets.structure.model.ContentletRelationshipsTest$TestCase@26b1726e]" classname="com.dotmarketing.portlets.structure.model.ContentletRelationshipsTest" time="2.041"/>
  <testcase name="testGetRelationshipRecords[1: com.dotmarketing.portlets.structure.model.ContentletRelationshipsTest$TestCase@367d11c4]" classname="com.dotmarketing.portlets.structure.model.ContentletRelationshipsTest" time="1.891"/>
  <testcase name="testGetRelationshipRecords[2: com.dotmarketing.portlets.structure.model.ContentletRelationshipsTest$TestCase@12241b83]" classname="com.dotmarketing.portlets.structure.model.ContentletRelationshipsTest" time="1.767"/>
  <testcase name="testGetRelationshipRecords[3: com.dotmarketing.portlets.structure.model.ContentletRelationshipsTest$TestCase@4ec331fa]" classname="com.dotmarketing.portlets.structure.model.ContentletRelationshipsTest" time="1.77"/>
  <system-out><![CDATA[]]></system-out>
  <system-err><![CDATA[]]></system-err>
</testsuite>
