<?xml version="1.0" encoding="UTF-8"?>
<testsuite name="com.dotmarketing.util.contentlet.pagination.PaginatedContentletsIntegrationTest" tests="5" skipped="0" failures="0" errors="0" timestamp="2023-07-13T00:12:18" hostname="fv-az1259-223" time="9.945">
  <properties/>
  <testcase name="remove" classname="com.dotmarketing.util.contentlet.pagination.PaginatedContentletsIntegrationTest" time="1.695"/>
  <testcase name="getContentletWithNone" classname="com.dotmarketing.util.contentlet.pagination.PaginatedContentletsIntegrationTest" time="2.002"/>
  <testcase name="getContentletWithoutReallyPagination" classname="com.dotmarketing.util.contentlet.pagination.PaginatedContentletsIntegrationTest" time="2.082"/>
  <testcase name="getContentletWithReallyPagination" classname="com.dotmarketing.util.contentlet.pagination.PaginatedContentletsIntegrationTest" time="2.007"/>
  <testcase name="getContentletWithReallyPaginationAndMock" classname="com.dotmarketing.util.contentlet.pagination.PaginatedContentletsIntegrationTest" time="2.159"/>
  <system-out><![CDATA[]]></system-out>
  <system-err><![CDATA[]]></system-err>
</testsuite>
