<?xml version="1.0" encoding="UTF-8"?>
<testsuite name="com.dotcms.rest.elasticsearch.ESContentResourcePortletTest" tests="8" skipped="0" failures="0" errors="0" timestamp="2023-07-07T18:41:17" hostname="fv-az1131-394" time="8.849">
  <properties/>
  <testcase name="test_search_includeGrandChildCategory_success" classname="com.dotcms.rest.elasticsearch.ESContentResourcePortletTest" time="1.99"/>
  <testcase name="testSearch[0: com.dotcms.rest.elasticsearch.ESContentResourcePortletTest$TestCase@7b393110]" classname="com.dotcms.rest.elasticsearch.ESContentResourcePortletTest" time="1.182"/>
  <testcase name="testSearch[1: com.dotcms.rest.elasticsearch.ESContentResourcePortletTest$TestCase@4326c675]" classname="com.dotcms.rest.elasticsearch.ESContentResourcePortletTest" time="0.47"/>
  <testcase name="testSearch[2: com.dotcms.rest.elasticsearch.ESContentResourcePortletTest$TestCase@683defb3]" classname="com.dotcms.rest.elasticsearch.ESContentResourcePortletTest" time="1.185"/>
  <testcase name="testSearch[3: com.dotcms.rest.elasticsearch.ESContentResourcePortletTest$TestCase@71a717f9]" classname="com.dotcms.rest.elasticsearch.ESContentResourcePortletTest" time="1.404"/>
  <testcase name="testSearch[4: com.dotcms.rest.elasticsearch.ESContentResourcePortletTest$TestCase@43a4196c]" classname="com.dotcms.rest.elasticsearch.ESContentResourcePortletTest" time="0.339"/>
  <testcase name="testSearch[5: com.dotcms.rest.elasticsearch.ESContentResourcePortletTest$TestCase@36c47a03]" classname="com.dotcms.rest.elasticsearch.ESContentResourcePortletTest" time="1.169"/>
  <testcase name="testSearch[6: com.dotcms.rest.elasticsearch.ESContentResourcePortletTest$TestCase@31035b1f]" classname="com.dotcms.rest.elasticsearch.ESContentResourcePortletTest" time="1.102"/>
  <system-out><![CDATA[]]></system-out>
  <system-err><![CDATA[]]></system-err>
</testsuite>
