<?xml version="1.0" encoding="UTF-8"?>
<testsuite name="com.dotmarketing.servlets.ajax.AjaxDirectorServletIntegrationTest" tests="2" skipped="0" failures="0" errors="0" timestamp="2023-06-24T00:09:00" hostname="fv-az407-493" time="1.131">
  <properties/>
  <testcase name="testService[0: com.dotmarketing.servlets.ajax.AjaxDirectorServletTestCase@3c92e118]" classname="com.dotmarketing.servlets.ajax.AjaxDirectorServletIntegrationTest" time="0.665"/>
  <testcase name="testService[1: com.dotmarketing.servlets.ajax.AjaxDirectorServletTestCase@57566db3]" classname="com.dotmarketing.servlets.ajax.AjaxDirectorServletIntegrationTest" time="0.466"/>
  <system-out><![CDATA[]]></system-out>
  <system-err><![CDATA[]]></system-err>
</testsuite>
