<?xml version="1.0" encoding="UTF-8"?>
<testsuite name="com.dotmarketing.portlets.structure.model.ContentletRelationshipsTest" tests="7" skipped="0" failures="0" errors="0" timestamp="2023-06-30T20:29:47" hostname="fv-az442-763" time="9.213">
  <properties/>
  <testcase name="testDoesAllowOnlyOne[0: com.dotmarketing.portlets.structure.model.ContentletRelationshipsTest$CardinalityTestCase@b64b24b]" classname="com.dotmarketing.portlets.structure.model.ContentletRelationshipsTest" time="0.507"/>
  <testcase name="testDoesAllowOnlyOne[1: com.dotmarketing.portlets.structure.model.ContentletRelationshipsTest$CardinalityTestCase@2d86ea5e]" classname="com.dotmarketing.portlets.structure.model.ContentletRelationshipsTest" time="0.492"/>
  <testcase name="testDoesAllowOnlyOne[2: com.dotmarketing.portlets.structure.model.ContentletRelationshipsTest$CardinalityTestCase@412751f9]" classname="com.dotmarketing.portlets.structure.model.ContentletRelationshipsTest" time="0.491"/>
  <testcase name="testGetRelationshipRecords[0: com.dotmarketing.portlets.structure.model.ContentletRelationshipsTest$TestCase@11626759]" classname="com.dotmarketing.portlets.structure.model.ContentletRelationshipsTest" time="1.977"/>
  <testcase name="testGetRelationshipRecords[1: com.dotmarketing.portlets.structure.model.ContentletRelationshipsTest$TestCase@3fba69d4]" classname="com.dotmarketing.portlets.structure.model.ContentletRelationshipsTest" time="1.926"/>
  <testcase name="testGetRelationshipRecords[2: com.dotmarketing.portlets.structure.model.ContentletRelationshipsTest$TestCase@25f4b067]" classname="com.dotmarketing.portlets.structure.model.ContentletRelationshipsTest" time="1.899"/>
  <testcase name="testGetRelationshipRecords[3: com.dotmarketing.portlets.structure.model.ContentletRelationshipsTest$TestCase@5ea785b9]" classname="com.dotmarketing.portlets.structure.model.ContentletRelationshipsTest" time="1.92"/>
  <system-out><![CDATA[]]></system-out>
  <system-err><![CDATA[]]></system-err>
</testsuite>
