<?xml version="1.0" encoding="UTF-8"?>
<testsuite name="com.dotmarketing.business.DeterministicIdentifierAPITest" tests="16" skipped="0" failures="0" errors="0" timestamp="2023-06-27T21:53:42" hostname="fv-az936-789" time="1.917">
  <properties/>
  <testcase name="Test_Category_Path_Seed_And_Id" classname="com.dotmarketing.business.DeterministicIdentifierAPITest" time="0.033"/>
  <testcase name="Test_Language_Deterministic_Id[0: LanguageTestCase{expectedSeed='Language:es:US', expectedHash=4913155, langCode='es', countryCode='US', country='United States'}]" classname="com.dotmarketing.business.DeterministicIdentifierAPITest" time="0.002"/>
  <testcase name="Test_Language_Deterministic_Id[1: LanguageTestCase{expectedSeed='Language:ep:', expectedHash=5292269, langCode='ep', countryCode='', country=''}]" classname="com.dotmarketing.business.DeterministicIdentifierAPITest" time="0.002"/>
  <testcase name="Test_Language_Deterministic_Id[2: LanguageTestCase{expectedSeed='Language:sg:SAG', expectedHash=4713118, langCode='sg', countryCode='SAG', country=''}]" classname="com.dotmarketing.business.DeterministicIdentifierAPITest" time="0.002"/>
  <testcase name="Test_Language_Deterministic_Id[3: LanguageTestCase{expectedSeed='Language:en:NZ', expectedHash=5382528, langCode='en', countryCode='NZ', country='New Zealand'}]" classname="com.dotmarketing.business.DeterministicIdentifierAPITest" time="0.001"/>
  <testcase name="Test_Category_None_Persisted_Category_Should_Return_Deterministic_Id" classname="com.dotmarketing.business.DeterministicIdentifierAPITest" time="0.002"/>
  <testcase name="Test_Asset_Generate_Deterministic_Id_Best_Effort[0: TestCase{versionable=my.host1687902393918.com, parent=System Host, expectedName='my.host1687902393918.com', expectedType='Host'}]" classname="com.dotmarketing.business.DeterministicIdentifierAPITest" time="0.004"/>
  <testcase name="Test_Asset_Generate_Deterministic_Id_Best_Effort[1: TestCase{versionable=com.dotmarketing.portlets.contentlet.model.Contentlet@376e8278[map={modDate=2023-06-27 21:46:34.488, fileName=file12891986195888398686.txt, title=file12891986195888398686.txt, inode=645e0e96-2e27-41e8-a531-7b29fbf87103, __IS_NEW_CONTENT__=true, disabledWYSIWYG=[], host=8ab746f3-3366-449c-a065-5d8f69b7c1d3, stInode=33888b6f-7a8e-4069-b1b6-5c1aa9d0a48d, owner=system, identifier=09df1449-a7e4-456d-b812-7e422690d45b, nullProperties=[wfExpireDate, wfPublishDate, wfActionAssign, wfActionId, wfActionComments, filterKey, whereToSend, wfNeverExpire, _path_to_move, timezoneId, iWantTo, wfPublishTime, wfExpireTime], languageId=1, fileAsset=/home/runner/work/core/custom/assets/6/4/645e0e96-2e27-41e8-a531-7b29fbf87103/fileAsset/file12891986195888398686.txt, folder=d3cd8514-6391-4e5b-ae61-deccddc570d6, __disable_workflow__=true, sortOrder=0, modUser=system},lowIndexPriority=false,variantId=DEFAULT], parent=com.dotmarketing.portlets.folders.model.Folder@66bd2bc0[identifier=d3cd8514-6391-4e5b-ae61-deccddc570d6,name=testName1687902394477,sortOrder=0,showOnMenu=false,hostId=8ab746f3-3366-449c-a065-5d8f69b7c1d3,type=folder,title=testTitle1687902394477,filesMasks=,defaultFileType=33888b6f-7a8e-4069-b1b6-5c1aa9d0a48d,modDate=2023-06-27 21:46:34.481,owner=&lt;null&gt;,iDate=2023-06-27 21:46:34.481,inode=d3cd8514-6391-4e5b-ae61-deccddc570d6,path=/testName1687902394477/], expectedName='file12891986195888398686.txt', expectedType='FileAsset'}]" classname="com.dotmarketing.business.DeterministicIdentifierAPITest" time="0.006"/>
  <testcase name="Test_Asset_Generate_Deterministic_Id_Best_Effort[2: TestCase{versionable=com.dotmarketing.portlets.templates.model.Template@ef4e4964, parent=my.host1687902393918.com, expectedName='testTitle1687902394688', expectedType='Template'}]" classname="com.dotmarketing.business.DeterministicIdentifierAPITest" time="0.003"/>
  <testcase name="Test_Asset_Generate_Deterministic_Id_Best_Effort[3: TestCase{versionable=com.dotmarketing.portlets.htmlpageasset.model.HTMLPageAsset@2460dee3[map={template=84987c0f-5ab4-4955-a8fd-ddae0ef25643, owner=system, identifier=e9da09ce-edd3-43d4-8a22-e1eb077fb8b6, nullProperties=[wfExpireDate, wfPublishDate, wfActionAssign, wfActionId, wfActionComments, filterKey, whereToSend, wfNeverExpire, _path_to_move, timezoneId, iWantTo, wfPublishTime, wfExpireTime], modDate=2023-06-27 21:46:34.719, cachettl=0, _is_test_mode=true, languageId=1, title=test-page-title-1687902394711, httpsreq=, url=test-page-url-1687902394711, showOnMenu=, inode=977e6100-c630-4eed-95ac-d30ec1c9aa3e, folder=d3cd8514-6391-4e5b-ae61-deccddc570d6, disabledWYSIWYG=[], sortOrder=1, modUser=system, host=8ab746f3-3366-449c-a065-5d8f69b7c1d3, stInode=c541abb1-69b3-4bc5-8430-5e09e5239cc8, friendlyName=test-page-friendly-name-1687902394711},lowIndexPriority=false,variantId=DEFAULT], parent=com.dotmarketing.portlets.folders.model.Folder@66bd2bc0[identifier=d3cd8514-6391-4e5b-ae61-deccddc570d6,name=testName1687902394477,sortOrder=0,showOnMenu=false,hostId=8ab746f3-3366-449c-a065-5d8f69b7c1d3,type=folder,title=testTitle1687902394477,filesMasks=,defaultFileType=33888b6f-7a8e-4069-b1b6-5c1aa9d0a48d,modDate=2023-06-27 21:46:34.481,owner=&lt;null&gt;,iDate=2023-06-27 21:46:34.481,inode=d3cd8514-6391-4e5b-ae61-deccddc570d6,path=/testName1687902394477/], expectedName='test-page-url-1687902394711', expectedType='htmlpageasset'}]" classname="com.dotmarketing.business.DeterministicIdentifierAPITest" time="0.005"/>
  <testcase name="Test_Asset_Generate_Deterministic_Id_Best_Effort[4: TestCase{versionable=com.dotmarketing.portlets.contentlet.model.Contentlet@6cc9b35b[map={fileAsset2=/home/runner/work/core/custom/assets/f/2/f2973e0e-810c-44aa-9b59-f7d964978df7/fileAsset2/test_binary1687902396483.png, modDate=2023-06-27 21:46:36.491, fileAsset1=/home/runner/work/core/custom/assets/f/2/f2973e0e-810c-44aa-9b59-f7d964978df7/fileAsset1/test_binary1687902396483.jpg, title=blah, inode=f2973e0e-810c-44aa-9b59-f7d964978df7, __IS_NEW_CONTENT__=true, disabledWYSIWYG=[], host=48190c8c-42c4-46af-8d1a-0cd5db894797, stInode=3dec409f-6da5-415f-a9a2-0338593219ee, owner=system, identifier=386d15de-a08b-4dd2-aaba-6ae41d98d16a, nullProperties=[], languageId=1, image1=3855952f-3662-4b64-b7c7-f41f4f7a0145, folder=SYSTEM_FOLDER, __disable_workflow__=true, sortOrder=0, modUser=system},lowIndexPriority=false,variantId=DEFAULT], parent=demo.dotcms.com, expectedName='test_binary1687902396483.jpg:test_binary1687902396483.png', expectedType='MultipleBinaries1687902395078'}]" classname="com.dotmarketing.business.DeterministicIdentifierAPITest" time="0.004"/>
  <testcase name="Test_Asset_Generate_Deterministic_Id_Best_Effort[5: TestCase{versionable=name87d3eb37fa : keyTag87d3eb37fa, parent=my.host1687902393918.com, expectedName='keyTag87d3eb37fa', expectedType='persona'}]" classname="com.dotmarketing.business.DeterministicIdentifierAPITest" time="0.003"/>
  <testcase name="Test_Similar_Content_Type_Wont_Clash" classname="com.dotmarketing.business.DeterministicIdentifierAPITest" time="0.655"/>
  <testcase name="Test_Generate_Folder_Identifier" classname="com.dotmarketing.business.DeterministicIdentifierAPITest" time="1.174"/>
  <testcase name="Test_Generate_Content_Type_Identifier[0: ContentTypeTestCase{contentType=KeyValueContentType{name=Language Variable, id=f4d7c1b8-2c88-4071-abf1-a5328977b07d, description=Default Content Type for Language Variables, defaultType=false, fixed=true, iDate=Thu Aug 31 16:38:49 UTC 2017, system=true, versionable=true, variable=Languagevariable, modDate=Tue Jun 27 20:30:33 UTC 2023, host=SYSTEM_HOST, siteName=systemHost, icon=language, sortOrder=0, folder=SYSTEM_FOLDER, folderPath=/, markedForDeletion=true, multilingualable=false}, expectedName='Languagevariable', expectedType='KeyValue'}]" classname="com.dotmarketing.business.DeterministicIdentifierAPITest" time="0.008"/>
  <testcase name="Test_Generate_Content_Type_Identifier[1: ContentTypeTestCase{contentType=SimpleContentType{name=testName1687902396965, id=a86d00b0-1a74-4e1c-963b-3e0df36dbd95, description=testDescription1687902396965, defaultType=false, fixed=false, iDate=Tue Jun 27 21:46:36 UTC 2023, system=false, versionable=true, multilingualable=false, variable=testVarname1687902396965, owner=system, modDate=Tue Jun 27 21:46:37 UTC 2023, host=48190c8c-42c4-46af-8d1a-0cd5db894797, siteName=demo.dotcms.com, icon=event_note, sortOrder=0, folder=SYSTEM_FOLDER, folderPath=/, requiredFields=[], markedForDeletion=false}, expectedName='testVarname1687902396965', expectedType='CONTENT'}]" classname="com.dotmarketing.business.DeterministicIdentifierAPITest" time="0.007"/>
  <system-out><![CDATA[]]></system-out>
  <system-err><![CDATA[]]></system-err>
</testsuite>
