<?xml version="1.0" encoding="UTF-8"?>
<testsuite name="com.dotmarketing.startup.runonce.Task230328AddMarkedForDeletionColumnTest" tests="1" skipped="0" failures="0" errors="0" timestamp="2023-06-26T17:52:57" hostname="fv-az341-169" time="0.023">
  <properties/>
  <testcase name="TestUpgradeTask" classname="com.dotmarketing.startup.runonce.Task230328AddMarkedForDeletionColumnTest" time="0.023"/>
  <system-out><![CDATA[]]></system-out>
  <system-err><![CDATA[]]></system-err>
</testsuite>
