<?xml version="1.0" encoding="UTF-8"?>
<testsuite name="com.dotmarketing.business.DeterministicIdentifierAPITest" tests="16" skipped="0" failures="0" errors="0" timestamp="2023-07-06T22:34:31" hostname="fv-az987-876" time="1.264">
  <properties/>
  <testcase name="Test_Category_Path_Seed_And_Id" classname="com.dotmarketing.business.DeterministicIdentifierAPITest" time="0.022"/>
  <testcase name="Test_Language_Deterministic_Id[0: LanguageTestCase{expectedSeed='Language:es:US', expectedHash=4913155, langCode='es', countryCode='US', country='United States'}]" classname="com.dotmarketing.business.DeterministicIdentifierAPITest" time="0.001"/>
  <testcase name="Test_Language_Deterministic_Id[1: LanguageTestCase{expectedSeed='Language:ep:', expectedHash=5292269, langCode='ep', countryCode='', country=''}]" classname="com.dotmarketing.business.DeterministicIdentifierAPITest" time="0.001"/>
  <testcase name="Test_Language_Deterministic_Id[2: LanguageTestCase{expectedSeed='Language:sg:SAG', expectedHash=4713118, langCode='sg', countryCode='SAG', country=''}]" classname="com.dotmarketing.business.DeterministicIdentifierAPITest" time="0.001"/>
  <testcase name="Test_Language_Deterministic_Id[3: LanguageTestCase{expectedSeed='Language:en:NZ', expectedHash=5382528, langCode='en', countryCode='NZ', country='New Zealand'}]" classname="com.dotmarketing.business.DeterministicIdentifierAPITest" time="0.001"/>
  <testcase name="Test_Category_None_Persisted_Category_Should_Return_Deterministic_Id" classname="com.dotmarketing.business.DeterministicIdentifierAPITest" time="0.002"/>
  <testcase name="Test_Asset_Generate_Deterministic_Id_Best_Effort[0: TestCase{versionable=my.host1688682479088.com, parent=System Host, expectedName='my.host1688682479088.com', expectedType='Host'}]" classname="com.dotmarketing.business.DeterministicIdentifierAPITest" time="0.003"/>
  <testcase name="Test_Asset_Generate_Deterministic_Id_Best_Effort[1: TestCase{versionable=com.dotmarketing.portlets.contentlet.model.Contentlet@288ba358[map={modDate=2023-07-06 22:27:59.857, fileName=file1446788243945330453.txt, title=file1446788243945330453.txt, inode=48a4f036-2ae9-41d5-837f-0a1240d7b165, __IS_NEW_CONTENT__=true, disabledWYSIWYG=[], host=efcd4c70-e1cf-4d33-8784-9f60201e69c0, stInode=33888b6f-7a8e-4069-b1b6-5c1aa9d0a48d, owner=system, identifier=dc2220c1-cc3e-4f4e-8c9f-3dcd603f3603, nullProperties=[wfExpireDate, wfPublishDate, wfActionAssign, wfActionId, wfActionComments, filterKey, whereToSend, wfNeverExpire, _path_to_move, timezoneId, iWantTo, wfPublishTime, wfExpireTime], languageId=1, fileAsset=/home/runner/work/core/custom/assets/4/8/48a4f036-2ae9-41d5-837f-0a1240d7b165/fileAsset/file1446788243945330453.txt, folder=b071593f-5446-4509-bce0-6ebaf3e7433d, __disable_workflow__=true, sortOrder=0, modUser=system},lowIndexPriority=false,variantId=DEFAULT], parent=com.dotmarketing.portlets.folders.model.Folder@2e2f334b[identifier=b071593f-5446-4509-bce0-6ebaf3e7433d,name=testName1688682479849,sortOrder=0,showOnMenu=false,hostId=efcd4c70-e1cf-4d33-8784-9f60201e69c0,type=folder,title=testTitle1688682479849,filesMasks=,defaultFileType=33888b6f-7a8e-4069-b1b6-5c1aa9d0a48d,modDate=2023-07-06 22:27:59.852,owner=&lt;null&gt;,iDate=2023-07-06 22:27:59.852,inode=b071593f-5446-4509-bce0-6ebaf3e7433d,path=/testName1688682479849/], expectedName='file1446788243945330453.txt', expectedType='FileAsset'}]" classname="com.dotmarketing.business.DeterministicIdentifierAPITest" time="0.002"/>
  <testcase name="Test_Asset_Generate_Deterministic_Id_Best_Effort[2: TestCase{versionable=com.dotmarketing.portlets.templates.model.Template@c920f4d9, parent=my.host1688682479088.com, expectedName='testTitle1688682480008', expectedType='Template'}]" classname="com.dotmarketing.business.DeterministicIdentifierAPITest" time="0.002"/>
  <testcase name="Test_Asset_Generate_Deterministic_Id_Best_Effort[3: TestCase{versionable=com.dotmarketing.portlets.htmlpageasset.model.HTMLPageAsset@4e10b063[map={template=9eababfd-9107-4af6-8ecb-48ca385cb41e, owner=system, identifier=57eb2232-039d-4576-9c6e-c0024db247c0, nullProperties=[wfExpireDate, wfPublishDate, wfActionAssign, wfActionId, wfActionComments, filterKey, whereToSend, wfNeverExpire, _path_to_move, timezoneId, iWantTo, wfPublishTime, wfExpireTime], modDate=2023-07-06 22:28:00.037, cachettl=0, _is_test_mode=true, languageId=1, title=test-page-title-1688682480031, httpsreq=, url=test-page-url-1688682480031, showOnMenu=, inode=b5b7df06-26af-461d-97dd-957e39bee962, folder=b071593f-5446-4509-bce0-6ebaf3e7433d, disabledWYSIWYG=[], sortOrder=1, modUser=system, host=efcd4c70-e1cf-4d33-8784-9f60201e69c0, stInode=c541abb1-69b3-4bc5-8430-5e09e5239cc8, friendlyName=test-page-friendly-name-1688682480031},lowIndexPriority=false,variantId=DEFAULT], parent=com.dotmarketing.portlets.folders.model.Folder@2e2f334b[identifier=b071593f-5446-4509-bce0-6ebaf3e7433d,name=testName1688682479849,sortOrder=0,showOnMenu=false,hostId=efcd4c70-e1cf-4d33-8784-9f60201e69c0,type=folder,title=testTitle1688682479849,filesMasks=,defaultFileType=33888b6f-7a8e-4069-b1b6-5c1aa9d0a48d,modDate=2023-07-06 22:27:59.852,owner=&lt;null&gt;,iDate=2023-07-06 22:27:59.852,inode=b071593f-5446-4509-bce0-6ebaf3e7433d,path=/testName1688682479849/], expectedName='test-page-url-1688682480031', expectedType='htmlpageasset'}]" classname="com.dotmarketing.business.DeterministicIdentifierAPITest" time="0.003"/>
  <testcase name="Test_Asset_Generate_Deterministic_Id_Best_Effort[4: TestCase{versionable=com.dotmarketing.portlets.contentlet.model.Contentlet@a02d194[map={fileAsset2=/home/runner/work/core/custom/assets/2/8/28516b64-01a0-4cdb-9114-4a08b0a94b40/fileAsset2/test_binary1688682481894.png, modDate=2023-07-06 22:28:01.899, fileAsset1=/home/runner/work/core/custom/assets/2/8/28516b64-01a0-4cdb-9114-4a08b0a94b40/fileAsset1/test_binary1688682481894.jpg, title=blah, inode=28516b64-01a0-4cdb-9114-4a08b0a94b40, __IS_NEW_CONTENT__=true, disabledWYSIWYG=[], host=48190c8c-42c4-46af-8d1a-0cd5db894797, stInode=1511c741-1705-4d4e-a99f-c314139458ab, owner=system, identifier=6fb76ddf-782d-4d17-88dd-8f89c2221473, nullProperties=[], languageId=1, image1=88243bcf-ad9c-4ac6-817d-9770cd9bda26, folder=SYSTEM_FOLDER, __disable_workflow__=true, sortOrder=0, modUser=system},lowIndexPriority=false,variantId=DEFAULT], parent=demo.dotcms.com, expectedName='test_binary1688682481894.jpg:test_binary1688682481894.png', expectedType='MultipleBinaries1688682480263'}]" classname="com.dotmarketing.business.DeterministicIdentifierAPITest" time="0.003"/>
  <testcase name="Test_Asset_Generate_Deterministic_Id_Best_Effort[5: TestCase{versionable=name1a3137f19b : keyTag1a3137f19b, parent=my.host1688682479088.com, expectedName='keyTag1a3137f19b', expectedType='persona'}]" classname="com.dotmarketing.business.DeterministicIdentifierAPITest" time="0.002"/>
  <testcase name="Test_Similar_Content_Type_Wont_Clash" classname="com.dotmarketing.business.DeterministicIdentifierAPITest" time="0.524"/>
  <testcase name="Test_Generate_Folder_Identifier" classname="com.dotmarketing.business.DeterministicIdentifierAPITest" time="0.682"/>
  <testcase name="Test_Generate_Content_Type_Identifier[0: ContentTypeTestCase{contentType=KeyValueContentType{name=Language Variable, id=f4d7c1b8-2c88-4071-abf1-a5328977b07d, description=Default Content Type for Language Variables, defaultType=false, fixed=true, iDate=Thu Aug 31 16:38:49 UTC 2017, system=true, versionable=true, variable=Languagevariable, modDate=Thu Jul 06 21:21:39 UTC 2023, host=SYSTEM_HOST, siteName=systemHost, icon=language, sortOrder=0, folder=SYSTEM_FOLDER, folderPath=/, markedForDeletion=true, multilingualable=false}, expectedName='Languagevariable', expectedType='KeyValue'}]" classname="com.dotmarketing.business.DeterministicIdentifierAPITest" time="0.005"/>
  <testcase name="Test_Generate_Content_Type_Identifier[1: ContentTypeTestCase{contentType=SimpleContentType{name=testName1688682482354, id=498a23b5-51ab-46ab-ad97-3836323475ca, description=testDescription1688682482354, defaultType=false, fixed=false, iDate=Thu Jul 06 22:28:02 UTC 2023, system=false, versionable=true, multilingualable=false, variable=testVarname1688682482354, owner=system, modDate=Thu Jul 06 22:28:03 UTC 2023, host=48190c8c-42c4-46af-8d1a-0cd5db894797, siteName=demo.dotcms.com, icon=event_note, sortOrder=0, folder=SYSTEM_FOLDER, folderPath=/, requiredFields=[], markedForDeletion=false}, expectedName='testVarname1688682482354', expectedType='CONTENT'}]" classname="com.dotmarketing.business.DeterministicIdentifierAPITest" time="0.005"/>
  <system-out><![CDATA[]]></system-out>
  <system-err><![CDATA[]]></system-err>
</testsuite>
