<?xml version="1.0" encoding="UTF-8"?>
<testsuite name="com.dotmarketing.startup.runonce.Task230523CreateVariantFieldInContentletIntegrationTest" tests="1" skipped="0" failures="0" errors="0" timestamp="2023-06-26T20:09:44" hostname="fv-az404-370" time="1.552">
  <properties/>
  <testcase name="executeTaskUpgrade" classname="com.dotmarketing.startup.runonce.Task230523CreateVariantFieldInContentletIntegrationTest" time="1.552"/>
  <system-out><![CDATA[]]></system-out>
  <system-err><![CDATA[]]></system-err>
</testsuite>
