<?xml version="1.0" encoding="UTF-8"?>
<testsuite name="com.dotcms.rest.api.v1.workflow.WorkflowResourceIntegrationTest" tests="29" skipped="0" failures="0" errors="0" timestamp="2023-07-03T17:27:05" hostname="fv-az313-710" time="42.915">
  <properties/>
  <testcase name="Test_Get_Bulk_Actions_For_Query" classname="com.dotcms.rest.api.v1.workflow.WorkflowResourceIntegrationTest" time="2.371"/>
  <testcase name="testUpdateSchemaUsingDupeName" classname="com.dotcms.rest.api.v1.workflow.WorkflowResourceIntegrationTest" time="0.009"/>
  <testcase name="testImportScheme" classname="com.dotcms.rest.api.v1.workflow.WorkflowResourceIntegrationTest" time="0.091"/>
  <testcase name="testUpdateStep" classname="com.dotcms.rest.api.v1.workflow.WorkflowResourceIntegrationTest" time="0.025"/>
  <testcase name="Test_Fire_Bulk_Actions_For_Contentlet_Id" classname="com.dotcms.rest.api.v1.workflow.WorkflowResourceIntegrationTest" time="2.003"/>
  <testcase name="Test_Set_Value_on_All_NonRequired_Fields_Then_Fire_Save_Set_Null_Then_Verify_Fields_Were_Cleared_Issue_15340" classname="com.dotcms.rest.api.v1.workflow.WorkflowResourceIntegrationTest" time="3.336"/>
  <testcase name="testAddSchemaThenFindIt" classname="com.dotcms.rest.api.v1.workflow.WorkflowResourceIntegrationTest" time="0.004"/>
  <testcase name="testCreateSchemeThenAddStepsThenAddActions" classname="com.dotcms.rest.api.v1.workflow.WorkflowResourceIntegrationTest" time="0.041"/>
  <testcase name="test_mapRoleId_No_Exist_Success" classname="com.dotcms.rest.api.v1.workflow.WorkflowResourceIntegrationTest" time="0.002"/>
  <testcase name="Test_Find_Bulk_Actions_Then_Fire_Bulk_Actions_On_Custom_Content_Type_with_Errors_Then_Verify_Workflow_Did_Not_Changed" classname="com.dotcms.rest.api.v1.workflow.WorkflowResourceIntegrationTest" time="2.522"/>
  <testcase name="testUpdateAction" classname="com.dotcms.rest.api.v1.workflow.WorkflowResourceIntegrationTest" time="0.025"/>
  <testcase name="Test_Fire_Save_Remove_Image_Then_Verify_Fields_Were_Cleared_Issue_15340" classname="com.dotcms.rest.api.v1.workflow.WorkflowResourceIntegrationTest" time="1.994"/>
  <testcase name="testFireActionDefault_ContentWithRelationships_Success" classname="com.dotcms.rest.api.v1.workflow.WorkflowResourceIntegrationTest" time="2.542"/>
  <testcase name="Test_Fire_Save_Instance_Then_Fire_Update_Instance" classname="com.dotcms.rest.api.v1.workflow.WorkflowResourceIntegrationTest" time="2.96"/>
  <testcase name="test_mapRoleId_Role_Key_Success" classname="com.dotcms.rest.api.v1.workflow.WorkflowResourceIntegrationTest" time="0.004"/>
  <testcase name="testUpdateSchema" classname="com.dotcms.rest.api.v1.workflow.WorkflowResourceIntegrationTest" time="0.004"/>
  <testcase name="testDeleteScheme" classname="com.dotcms.rest.api.v1.workflow.WorkflowResourceIntegrationTest" time="0.069"/>
  <testcase name="test_mapRoleId_Role_Id_Success" classname="com.dotcms.rest.api.v1.workflow.WorkflowResourceIntegrationTest" time="0.001"/>
  <testcase name="Test_Find_Bulk_Actions_Then_Fire_Bulk_Actions_On_Custom_Content_Type_Then_Verify_Workflow_Changed" classname="com.dotcms.rest.api.v1.workflow.WorkflowResourceIntegrationTest" time="9.375"/>
  <testcase name="test_Fire_Save_Content_Type_Binary_File" classname="com.dotcms.rest.api.v1.workflow.WorkflowResourceIntegrationTest" time="3.931"/>
  <testcase name="testCreateSchemeThenFindStepsBySchemeId" classname="com.dotcms.rest.api.v1.workflow.WorkflowResourceIntegrationTest" time="0.018"/>
  <testcase name="Test_Get_Bulk_Actions_For_Contentlet_Ids" classname="com.dotcms.rest.api.v1.workflow.WorkflowResourceIntegrationTest" time="0.729"/>
  <testcase name="Test_Create_Instance_Of_Content_With_Mandatory_Fields_Then_Send_Partial_Number_Of_Required_Fields_Issue_15340" classname="com.dotcms.rest.api.v1.workflow.WorkflowResourceIntegrationTest" time="2.834"/>
  <testcase name="testCreateSchemeThenAddStepsThenDeleteSteps" classname="com.dotcms.rest.api.v1.workflow.WorkflowResourceIntegrationTest" time="2.576"/>
  <testcase name="testFindActionsByStepThenDeleteThem" classname="com.dotcms.rest.api.v1.workflow.WorkflowResourceIntegrationTest" time="0.046"/>
  <testcase name="testFireActionDefault_ContentWithCategories_Success" classname="com.dotcms.rest.api.v1.workflow.WorkflowResourceIntegrationTest" time="2.405"/>
  <testcase name="testSaveActionToStepThenFindActionsBySchemeThenFindByStep" classname="com.dotcms.rest.api.v1.workflow.WorkflowResourceIntegrationTest" time="0.034"/>
  <testcase name="testReorderStep" classname="com.dotcms.rest.api.v1.workflow.WorkflowResourceIntegrationTest" time="0.072"/>
  <testcase name="Test_Create_Instance_Of_Content_With_Numeric_Fields_Verify_Message_When_Setting_Invalid_Values_Issue_15340" classname="com.dotcms.rest.api.v1.workflow.WorkflowResourceIntegrationTest" time="2.888"/>
  <system-out><![CDATA[




]]></system-out>
  <system-err><![CDATA[]]></system-err>
</testsuite>
