<?xml version="1.0" encoding="UTF-8"?>
<testsuite name="com.dotmarketing.portlets.structure.model.ContentletRelationshipsTest" tests="7" skipped="0" failures="0" errors="0" timestamp="2023-07-17T16:48:00" hostname="fv-az673-315" time="8.403">
  <properties/>
  <testcase name="testDoesAllowOnlyOne[0: com.dotmarketing.portlets.structure.model.ContentletRelationshipsTest$CardinalityTestCase@1bd8fdfc]" classname="com.dotmarketing.portlets.structure.model.ContentletRelationshipsTest" time="0.401"/>
  <testcase name="testDoesAllowOnlyOne[1: com.dotmarketing.portlets.structure.model.ContentletRelationshipsTest$CardinalityTestCase@64ed0a97]" classname="com.dotmarketing.portlets.structure.model.ContentletRelationshipsTest" time="0.486"/>
  <testcase name="testDoesAllowOnlyOne[2: com.dotmarketing.portlets.structure.model.ContentletRelationshipsTest$CardinalityTestCase@74c878af]" classname="com.dotmarketing.portlets.structure.model.ContentletRelationshipsTest" time="0.382"/>
  <testcase name="testGetRelationshipRecords[0: com.dotmarketing.portlets.structure.model.ContentletRelationshipsTest$TestCase@5d67752f]" classname="com.dotmarketing.portlets.structure.model.ContentletRelationshipsTest" time="1.835"/>
  <testcase name="testGetRelationshipRecords[1: com.dotmarketing.portlets.structure.model.ContentletRelationshipsTest$TestCase@18c4462]" classname="com.dotmarketing.portlets.structure.model.ContentletRelationshipsTest" time="1.801"/>
  <testcase name="testGetRelationshipRecords[2: com.dotmarketing.portlets.structure.model.ContentletRelationshipsTest$TestCase@d394f76]" classname="com.dotmarketing.portlets.structure.model.ContentletRelationshipsTest" time="1.743"/>
  <testcase name="testGetRelationshipRecords[3: com.dotmarketing.portlets.structure.model.ContentletRelationshipsTest$TestCase@3a83437e]" classname="com.dotmarketing.portlets.structure.model.ContentletRelationshipsTest" time="1.754"/>
  <system-out><![CDATA[]]></system-out>
  <system-err><![CDATA[]]></system-err>
</testsuite>
