<?xml version="1.0" encoding="UTF-8"?>
<testsuite name="com.dotcms.rest.api.v1.vtl.VTLResourceIntegrationTest" tests="6" skipped="0" failures="0" errors="0" timestamp="2023-07-13T20:26:22" hostname="fv-az417-935" time="12.09">
  <properties/>
  <testcase name="testGet[0: com.dotcms.rest.api.v1.vtl.VTLResourceTestCase@1c4901bf]" classname="com.dotcms.rest.api.v1.vtl.VTLResourceIntegrationTest" time="2.149"/>
  <testcase name="testGet[1: com.dotcms.rest.api.v1.vtl.VTLResourceTestCase@6a4ff848]" classname="com.dotcms.rest.api.v1.vtl.VTLResourceIntegrationTest" time="2.009"/>
  <testcase name="testGet[2: com.dotcms.rest.api.v1.vtl.VTLResourceTestCase@330dd23b]" classname="com.dotcms.rest.api.v1.vtl.VTLResourceIntegrationTest" time="1.988"/>
  <testcase name="testGet[3: com.dotcms.rest.api.v1.vtl.VTLResourceTestCase@5e0e3d28]" classname="com.dotcms.rest.api.v1.vtl.VTLResourceIntegrationTest" time="2.009"/>
  <testcase name="testGet[4: com.dotcms.rest.api.v1.vtl.VTLResourceTestCase@a9e8baf]" classname="com.dotcms.rest.api.v1.vtl.VTLResourceIntegrationTest" time="2.025"/>
  <testcase name="testGet[5: com.dotcms.rest.api.v1.vtl.VTLResourceTestCase@1f06af0c]" classname="com.dotcms.rest.api.v1.vtl.VTLResourceIntegrationTest" time="1.91"/>
  <system-out><![CDATA[]]></system-out>
  <system-err><![CDATA[]]></system-err>
</testsuite>
