<?xml version="1.0" encoding="UTF-8"?>
<testsuite name="com.dotmarketing.business.PermissionAPIIntegrationTest" tests="4" skipped="0" failures="0" errors="0" timestamp="2023-06-30T17:25:09" hostname="fv-az797-168" time="11.588">
  <properties/>
  <testcase name="resetPermissionsUnder" classname="com.dotmarketing.business.PermissionAPIIntegrationTest" time="0.976"/>
  <testcase name="Test_Parent_Individual_Permissions_Should_not_Appear_On_getPermission_Over_Children_Assets" classname="com.dotmarketing.business.PermissionAPIIntegrationTest" time="5.062"/>
  <testcase name="test_permissionIndividuallyByRole" classname="com.dotmarketing.business.PermissionAPIIntegrationTest" time="2.661"/>
  <testcase name="issue11850" classname="com.dotmarketing.business.PermissionAPIIntegrationTest" time="2.888"/>
  <system-out><![CDATA[]]></system-out>
  <system-err><![CDATA[]]></system-err>
</testsuite>
