<?xml version="1.0" encoding="UTF-8"?>
<testsuite name="com.dotcms.rest.elasticsearch.ESContentResourcePortletTest" tests="8" skipped="0" failures="0" errors="0" timestamp="2023-07-19T19:04:00" hostname="fv-az842-421" time="11.12">
  <properties/>
  <testcase name="test_search_includeGrandChildCategory_success" classname="com.dotcms.rest.elasticsearch.ESContentResourcePortletTest" time="2.496"/>
  <testcase name="testSearch[0: com.dotcms.rest.elasticsearch.ESContentResourcePortletTest$TestCase@40ba6cfe]" classname="com.dotcms.rest.elasticsearch.ESContentResourcePortletTest" time="1.115"/>
  <testcase name="testSearch[1: com.dotcms.rest.elasticsearch.ESContentResourcePortletTest$TestCase@69b58491]" classname="com.dotcms.rest.elasticsearch.ESContentResourcePortletTest" time="1.414"/>
  <testcase name="testSearch[2: com.dotcms.rest.elasticsearch.ESContentResourcePortletTest$TestCase@720fc0df]" classname="com.dotcms.rest.elasticsearch.ESContentResourcePortletTest" time="1.154"/>
  <testcase name="testSearch[3: com.dotcms.rest.elasticsearch.ESContentResourcePortletTest$TestCase@463990d8]" classname="com.dotcms.rest.elasticsearch.ESContentResourcePortletTest" time="1.383"/>
  <testcase name="testSearch[4: com.dotcms.rest.elasticsearch.ESContentResourcePortletTest$TestCase@55f7c97d]" classname="com.dotcms.rest.elasticsearch.ESContentResourcePortletTest" time="1.357"/>
  <testcase name="testSearch[5: com.dotcms.rest.elasticsearch.ESContentResourcePortletTest$TestCase@10234e5e]" classname="com.dotcms.rest.elasticsearch.ESContentResourcePortletTest" time="1.138"/>
  <testcase name="testSearch[6: com.dotcms.rest.elasticsearch.ESContentResourcePortletTest$TestCase@1c266dbd]" classname="com.dotcms.rest.elasticsearch.ESContentResourcePortletTest" time="1.061"/>
  <system-out><![CDATA[]]></system-out>
  <system-err><![CDATA[]]></system-err>
</testsuite>
