<?xml version="1.0" encoding="UTF-8"?>
<testsuite name="com.dotmarketing.business.DeterministicIdentifierAPITest" tests="16" skipped="0" failures="1" errors="0" timestamp="2023-07-14T02:03:27" hostname="fv-az493-156" time="1.63">
  <properties/>
  <testcase name="Test_Category_Path_Seed_And_Id" classname="com.dotmarketing.business.DeterministicIdentifierAPITest" time="0.023"/>
  <testcase name="Test_Language_Deterministic_Id[0: LanguageTestCase{expectedSeed='Language:es:US', expectedHash=4913155, langCode='es', countryCode='US', country='United States'}]" classname="com.dotmarketing.business.DeterministicIdentifierAPITest" time="0.011">
    <failure message="java.lang.AssertionError: expected:&lt;4913155&gt; but was:&lt;1689300207644&gt;" type="java.lang.AssertionError">java.lang.AssertionError: expected:&lt;4913155&gt; but was:&lt;1689300207644&gt;
	at org.junit.Assert.fail(Assert.java:89)
	at org.junit.Assert.failNotEquals(Assert.java:835)
	at org.junit.Assert.assertEquals(Assert.java:647)
	at org.junit.Assert.assertEquals(Assert.java:633)
	at com.dotmarketing.business.DeterministicIdentifierAPITest.Test_Language_Deterministic_Id(DeterministicIdentifierAPITest.java:347)
	at java.base/jdk.internal.reflect.NativeMethodAccessorImpl.invoke0(Native Method)
	at java.base/jdk.internal.reflect.NativeMethodAccessorImpl.invoke(NativeMethodAccessorImpl.java:62)
	at java.base/jdk.internal.reflect.DelegatingMethodAccessorImpl.invoke(DelegatingMethodAccessorImpl.java:43)
	at java.base/java.lang.reflect.Method.invoke(Method.java:566)
	at org.junit.runners.model.FrameworkMethod$1.runReflectiveCall(FrameworkMethod.java:59)
	at org.junit.internal.runners.model.ReflectiveCallable.run(ReflectiveCallable.java:12)
	at org.junit.runners.model.FrameworkMethod.invokeExplosively(FrameworkMethod.java:56)
	at com.tngtech.java.junit.dataprovider.DataProviderFrameworkMethod.invokeExplosively(DataProviderFrameworkMethod.java:119)
	at org.junit.internal.runners.statements.InvokeMethod.evaluate(InvokeMethod.java:17)
	at org.junit.runners.ParentRunner$3.evaluate(ParentRunner.java:306)
	at org.junit.rules.TestWatcher$1.evaluate(TestWatcher.java:61)
	at org.junit.rules.RunRules.evaluate(RunRules.java:20)
	at org.junit.runners.ParentRunner.runLeaf(ParentRunner.java:366)
	at com.dotcms.junit.CustomDataProviderRunner.runChild(CustomDataProviderRunner.java:41)
	at com.dotcms.junit.CustomDataProviderRunner.runChild(CustomDataProviderRunner.java:26)
	at org.junit.runners.ParentRunner$4.run(ParentRunner.java:331)
	at org.junit.runners.ParentRunner$1.schedule(ParentRunner.java:79)
	at org.junit.runners.ParentRunner.runChildren(ParentRunner.java:329)
	at org.junit.runners.ParentRunner.access$100(ParentRunner.java:66)
	at org.junit.runners.ParentRunner$2.evaluate(ParentRunner.java:293)
	at org.junit.runners.ParentRunner$3.evaluate(ParentRunner.java:306)
	at org.junit.runners.ParentRunner.run(ParentRunner.java:413)
	at com.dotcms.junit.MainBaseSuite$DotRunner.run(MainBaseSuite.java:71)
	at org.junit.runners.Suite.runChild(Suite.java:128)
	at org.junit.runners.Suite.runChild(Suite.java:27)
	at org.junit.runners.ParentRunner$4.run(ParentRunner.java:331)
	at org.junit.runners.ParentRunner$1.schedule(ParentRunner.java:79)
	at org.junit.runners.ParentRunner.runChildren(ParentRunner.java:329)
	at org.junit.runners.ParentRunner.access$100(ParentRunner.java:66)
	at org.junit.runners.ParentRunner$2.evaluate(ParentRunner.java:293)
	at org.junit.runners.ParentRunner$3.evaluate(ParentRunner.java:306)
	at org.junit.runners.ParentRunner.run(ParentRunner.java:413)
	at org.gradle.api.internal.tasks.testing.junit.JUnitTestClassExecutor.runTestClass(JUnitTestClassExecutor.java:110)
	at org.gradle.api.internal.tasks.testing.junit.JUnitTestClassExecutor.execute(JUnitTestClassExecutor.java:58)
	at org.gradle.api.internal.tasks.testing.junit.JUnitTestClassExecutor.execute(JUnitTestClassExecutor.java:38)
	at org.gradle.api.internal.tasks.testing.junit.AbstractJUnitTestClassProcessor.processTestClass(AbstractJUnitTestClassProcessor.java:62)
	at org.gradle.api.internal.tasks.testing.SuiteTestClassProcessor.processTestClass(SuiteTestClassProcessor.java:51)
	at java.base/jdk.internal.reflect.NativeMethodAccessorImpl.invoke0(Native Method)
	at java.base/jdk.internal.reflect.NativeMethodAccessorImpl.invoke(NativeMethodAccessorImpl.java:62)
	at java.base/jdk.internal.reflect.DelegatingMethodAccessorImpl.invoke(DelegatingMethodAccessorImpl.java:43)
	at java.base/java.lang.reflect.Method.invoke(Method.java:566)
	at org.gradle.internal.dispatch.ReflectionDispatch.dispatch(ReflectionDispatch.java:36)
	at org.gradle.internal.dispatch.ReflectionDispatch.dispatch(ReflectionDispatch.java:24)
	at org.gradle.internal.dispatch.ContextClassLoaderDispatch.dispatch(ContextClassLoaderDispatch.java:33)
	at org.gradle.internal.dispatch.ProxyDispatchAdapter$DispatchingInvocationHandler.invoke(ProxyDispatchAdapter.java:94)
	at com.sun.proxy.$Proxy5.processTestClass(Unknown Source)
	at org.gradle.api.internal.tasks.testing.worker.TestWorker$2.run(TestWorker.java:176)
	at org.gradle.api.internal.tasks.testing.worker.TestWorker.executeAndMaintainThreadName(TestWorker.java:129)
	at org.gradle.api.internal.tasks.testing.worker.TestWorker.execute(TestWorker.java:100)
	at org.gradle.api.internal.tasks.testing.worker.TestWorker.execute(TestWorker.java:60)
	at org.gradle.process.internal.worker.child.ActionExecutionWorker.execute(ActionExecutionWorker.java:56)
	at org.gradle.process.internal.worker.child.SystemApplicationClassLoaderWorker.call(SystemApplicationClassLoaderWorker.java:133)
	at org.gradle.process.internal.worker.child.SystemApplicationClassLoaderWorker.call(SystemApplicationClassLoaderWorker.java:71)
	at worker.org.gradle.process.internal.worker.GradleWorkerMain.run(GradleWorkerMain.java:69)
	at worker.org.gradle.process.internal.worker.GradleWorkerMain.main(GradleWorkerMain.java:74)
</failure>
  </testcase>
  <testcase name="Test_Language_Deterministic_Id[1: LanguageTestCase{expectedSeed='Language:ep:', expectedHash=5292269, langCode='ep', countryCode='', country=''}]" classname="com.dotmarketing.business.DeterministicIdentifierAPITest" time="0.012"/>
  <testcase name="Test_Language_Deterministic_Id[2: LanguageTestCase{expectedSeed='Language:sg:SAG', expectedHash=4713118, langCode='sg', countryCode='SAG', country=''}]" classname="com.dotmarketing.business.DeterministicIdentifierAPITest" time="0.001"/>
  <testcase name="Test_Language_Deterministic_Id[3: LanguageTestCase{expectedSeed='Language:en:NZ', expectedHash=5382528, langCode='en', countryCode='NZ', country='New Zealand'}]" classname="com.dotmarketing.business.DeterministicIdentifierAPITest" time="0.001"/>
  <testcase name="Test_Category_None_Persisted_Category_Should_Return_Deterministic_Id" classname="com.dotmarketing.business.DeterministicIdentifierAPITest" time="0.001"/>
  <testcase name="Test_Asset_Generate_Deterministic_Id_Best_Effort[0: TestCase{versionable=my.host1689299826486.com, parent=System Host, expectedName='my.host1689299826486.com', expectedType='Host'}]" classname="com.dotmarketing.business.DeterministicIdentifierAPITest" time="0.004"/>
  <testcase name="Test_Asset_Generate_Deterministic_Id_Best_Effort[1: TestCase{versionable=com.dotmarketing.portlets.contentlet.model.Contentlet@69b55542[map={modDate=2023-07-14 01:57:07.294, fileName=file5856533978962754113.txt, title=file5856533978962754113.txt, inode=437297d3-ef35-4d99-ba9f-758ab307fe22, __IS_NEW_CONTENT__=true, disabledWYSIWYG=[], host=8265dea1-059b-40dc-a5de-8968322a648a, stInode=33888b6f-7a8e-4069-b1b6-5c1aa9d0a48d, owner=system, identifier=69ec4abb-3344-4b4b-8fb5-7f6bb6eff99a, nullProperties=[wfExpireDate, wfPublishDate, wfActionAssign, wfActionId, wfActionComments, filterKey, whereToSend, wfNeverExpire, _path_to_move, timezoneId, iWantTo, wfPublishTime, wfExpireTime], languageId=1, fileAsset=/home/runner/work/core/custom/assets/4/3/437297d3-ef35-4d99-ba9f-758ab307fe22/fileAsset/file5856533978962754113.txt, folder=61936e36-df35-4039-a291-beccaf0c03b3, __disable_workflow__=true, sortOrder=0, modUser=system},lowIndexPriority=false,variantId=DEFAULT], parent=com.dotmarketing.portlets.folders.model.Folder@70733bef[identifier=61936e36-df35-4039-a291-beccaf0c03b3,name=testName1689299827285,sortOrder=0,showOnMenu=false,hostId=8265dea1-059b-40dc-a5de-8968322a648a,type=folder,title=testTitle1689299827285,filesMasks=,defaultFileType=33888b6f-7a8e-4069-b1b6-5c1aa9d0a48d,modDate=2023-07-14 01:57:07.287,owner=&lt;null&gt;,iDate=2023-07-14 01:57:07.287,inode=61936e36-df35-4039-a291-beccaf0c03b3,path=/testName1689299827285/], expectedName='file5856533978962754113.txt', expectedType='FileAsset'}]" classname="com.dotmarketing.business.DeterministicIdentifierAPITest" time="0.003"/>
  <testcase name="Test_Asset_Generate_Deterministic_Id_Best_Effort[2: TestCase{versionable=com.dotmarketing.portlets.templates.model.Template@6304352d, parent=my.host1689299826486.com, expectedName='testTitle1689299827390', expectedType='Template'}]" classname="com.dotmarketing.business.DeterministicIdentifierAPITest" time="0.002"/>
  <testcase name="Test_Asset_Generate_Deterministic_Id_Best_Effort[3: TestCase{versionable=com.dotmarketing.portlets.htmlpageasset.model.HTMLPageAsset@5407fdd3[map={template=e8713399-b5ce-4037-870f-2d4fafca6993, owner=system, identifier=da719284-f4bf-4a02-9a72-50d391e1670e, nullProperties=[wfExpireDate, wfPublishDate, wfActionAssign, wfActionId, wfActionComments, filterKey, whereToSend, wfNeverExpire, _path_to_move, timezoneId, iWantTo, wfPublishTime, wfExpireTime], modDate=2023-07-14 01:57:07.403, cachettl=0, _is_test_mode=true, languageId=1, title=test-page-title-1689299827399, httpsreq=, url=test-page-url-1689299827399, showOnMenu=, inode=c495f4d6-5bc5-4807-ae1e-5dcaa504eb0c, folder=61936e36-df35-4039-a291-beccaf0c03b3, disabledWYSIWYG=[], sortOrder=1, modUser=system, host=8265dea1-059b-40dc-a5de-8968322a648a, stInode=c541abb1-69b3-4bc5-8430-5e09e5239cc8, friendlyName=test-page-friendly-name-1689299827399},lowIndexPriority=false,variantId=DEFAULT], parent=com.dotmarketing.portlets.folders.model.Folder@70733bef[identifier=61936e36-df35-4039-a291-beccaf0c03b3,name=testName1689299827285,sortOrder=0,showOnMenu=false,hostId=8265dea1-059b-40dc-a5de-8968322a648a,type=folder,title=testTitle1689299827285,filesMasks=,defaultFileType=33888b6f-7a8e-4069-b1b6-5c1aa9d0a48d,modDate=2023-07-14 01:57:07.287,owner=&lt;null&gt;,iDate=2023-07-14 01:57:07.287,inode=61936e36-df35-4039-a291-beccaf0c03b3,path=/testName1689299827285/], expectedName='test-page-url-1689299827399', expectedType='htmlpageasset'}]" classname="com.dotmarketing.business.DeterministicIdentifierAPITest" time="0.002"/>
  <testcase name="Test_Asset_Generate_Deterministic_Id_Best_Effort[4: TestCase{versionable=com.dotmarketing.portlets.contentlet.model.Contentlet@3ae6ba0[map={fileAsset2=/home/runner/work/core/custom/assets/0/c/0cdca197-8756-4e52-8cd4-3b7d5430385d/fileAsset2/test_binary1689299828275.png, modDate=2023-07-14 01:57:08.279, fileAsset1=/home/runner/work/core/custom/assets/0/c/0cdca197-8756-4e52-8cd4-3b7d5430385d/fileAsset1/test_binary1689299828275.jpg, title=blah, inode=0cdca197-8756-4e52-8cd4-3b7d5430385d, __IS_NEW_CONTENT__=true, disabledWYSIWYG=[], host=48190c8c-42c4-46af-8d1a-0cd5db894797, stInode=34162461-098f-41e4-947a-763a3c9c3518, owner=system, identifier=2a1f3447-bc65-42b6-942c-d4639582adb6, nullProperties=[], languageId=1, image1=27e31182-e0ef-4004-9b9f-3c7b0f41a4c0, folder=SYSTEM_FOLDER, __disable_workflow__=true, sortOrder=0, modUser=system},lowIndexPriority=false,variantId=DEFAULT], parent=demo.dotcms.com, expectedName='test_binary1689299828275.jpg:test_binary1689299828275.png', expectedType='MultipleBinaries1689299827557'}]" classname="com.dotmarketing.business.DeterministicIdentifierAPITest" time="0.002"/>
  <testcase name="Test_Asset_Generate_Deterministic_Id_Best_Effort[5: TestCase{versionable=name627de867a0 : keyTag627de867a0, parent=my.host1689299826486.com, expectedName='keyTag627de867a0', expectedType='persona'}]" classname="com.dotmarketing.business.DeterministicIdentifierAPITest" time="0.002"/>
  <testcase name="Test_Similar_Content_Type_Wont_Clash" classname="com.dotmarketing.business.DeterministicIdentifierAPITest" time="0.457"/>
  <testcase name="Test_Generate_Folder_Identifier" classname="com.dotmarketing.business.DeterministicIdentifierAPITest" time="1.095"/>
  <testcase name="Test_Generate_Content_Type_Identifier[0: ContentTypeTestCase{contentType=KeyValueContentType{name=Language Variable, id=f4d7c1b8-2c88-4071-abf1-a5328977b07d, description=Default Content Type for Language Variables, defaultType=false, fixed=true, iDate=Thu Aug 31 16:38:49 UTC 2017, system=true, versionable=true, variable=Languagevariable, modDate=Fri Jul 14 00:54:45 UTC 2023, host=SYSTEM_HOST, siteName=systemHost, icon=language, sortOrder=0, folder=SYSTEM_FOLDER, folderPath=/, markedForDeletion=true, multilingualable=false}, expectedName='Languagevariable', expectedType='KeyValue'}]" classname="com.dotmarketing.business.DeterministicIdentifierAPITest" time="0.006"/>
  <testcase name="Test_Generate_Content_Type_Identifier[1: ContentTypeTestCase{contentType=SimpleContentType{name=testName1689299828597, id=eab6d84e-b7af-4ebd-b914-6eafda4b72d6, description=testDescription1689299828597, defaultType=false, fixed=false, iDate=Fri Jul 14 01:57:08 UTC 2023, system=false, versionable=true, multilingualable=false, variable=testVarname1689299828597, owner=system, modDate=Fri Jul 14 01:57:09 UTC 2023, host=48190c8c-42c4-46af-8d1a-0cd5db894797, siteName=demo.dotcms.com, icon=event_note, sortOrder=0, folder=SYSTEM_FOLDER, folderPath=/, requiredFields=[], markedForDeletion=false}, expectedName='testVarname1689299828597', expectedType='CONTENT'}]" classname="com.dotmarketing.business.DeterministicIdentifierAPITest" time="0.004"/>
  <system-out><![CDATA[]]></system-out>
  <system-err><![CDATA[]]></system-err>
</testsuite>
