<?xml version="1.0" encoding="UTF-8"?>
<testsuite name="com.dotcms.publisher.business.PublishQueueElementTransformerTest" tests="1" skipped="0" failures="0" errors="0" timestamp="2023-07-13T16:12:46" hostname="fv-az262-63" time="1.197">
  <properties/>
  <testcase name="getDetailedAssets" classname="com.dotcms.publisher.business.PublishQueueElementTransformerTest" time="1.197"/>
  <system-out><![CDATA[]]></system-out>
  <system-err><![CDATA[]]></system-err>
</testsuite>
