<?xml version="1.0" encoding="UTF-8"?>
<testsuite name="com.dotcms.contenttype.test.ContentResourceTest" tests="52" skipped="0" failures="0" errors="0" timestamp="2023-06-27T18:31:38" hostname="fv-az451-154" time="137.736">
  <properties/>
  <testcase name="testGetContentShouldReturnIconDetails" classname="com.dotcms.contenttype.test.ContentResourceTest" time="1.481"/>
  <testcase name="Test_Save_Action_Set_Words_To_Required_NumericField_Issue_15340" classname="com.dotcms.contenttype.test.ContentResourceTest" time="0.848"/>
  <testcase name="test_getContent_includeGrandChildCategory_success" classname="com.dotcms.contenttype.test.ContentResourceTest" time="1.156"/>
  <testcase name="testGetContentWithRelatedParameter[0: com.dotcms.contenttype.test.ContentResourceTest$PullRelatedTestCase@30c544df]" classname="com.dotcms.contenttype.test.ContentResourceTest" time="3.68"/>
  <testcase name="testGetContentWithRelatedParameter[1: com.dotcms.contenttype.test.ContentResourceTest$PullRelatedTestCase@4717ff6c]" classname="com.dotcms.contenttype.test.ContentResourceTest" time="2.815"/>
  <testcase name="testGetContentWithRelatedParameter[2: com.dotcms.contenttype.test.ContentResourceTest$PullRelatedTestCase@588c741c]" classname="com.dotcms.contenttype.test.ContentResourceTest" time="3.824"/>
  <testcase name="testGetContentWithRelatedParameter[3: com.dotcms.contenttype.test.ContentResourceTest$PullRelatedTestCase@3d6f89e3]" classname="com.dotcms.contenttype.test.ContentResourceTest" time="3.583"/>
  <testcase name="testGetContentWithRelatedParameter[4: com.dotcms.contenttype.test.ContentResourceTest$PullRelatedTestCase@2716c12d]" classname="com.dotcms.contenttype.test.ContentResourceTest" time="3.603"/>
  <testcase name="test_getContent_SelfRelatedWith3LevelsOfDepth_shouldReturnRelationships" classname="com.dotcms.contenttype.test.ContentResourceTest" time="1.268"/>
  <testcase name="Test_Save_Action_Send_Fields_SubSet_Issue_15340" classname="com.dotcms.contenttype.test.ContentResourceTest" time="2.732"/>
  <testcase name="test_getContent_shouldReturnRelationships[0: com.dotcms.contenttype.test.ContentResourceTest$TestCase@5f82b63c]" classname="com.dotcms.contenttype.test.ContentResourceTest" time="1.86"/>
  <testcase name="test_getContent_shouldReturnRelationships[1: com.dotcms.contenttype.test.ContentResourceTest$TestCase@64950544]" classname="com.dotcms.contenttype.test.ContentResourceTest" time="2.851"/>
  <testcase name="test_getContent_shouldReturnRelationships[2: com.dotcms.contenttype.test.ContentResourceTest$TestCase@2574b8a4]" classname="com.dotcms.contenttype.test.ContentResourceTest" time="1.825"/>
  <testcase name="test_getContent_shouldReturnRelationships[3: com.dotcms.contenttype.test.ContentResourceTest$TestCase@34fa1a8e]" classname="com.dotcms.contenttype.test.ContentResourceTest" time="2.891"/>
  <testcase name="test_getContent_shouldReturnRelationships[4: com.dotcms.contenttype.test.ContentResourceTest$TestCase@7e83797b]" classname="com.dotcms.contenttype.test.ContentResourceTest" time="2.869"/>
  <testcase name="test_getContent_shouldReturnRelationships[5: com.dotcms.contenttype.test.ContentResourceTest$TestCase@32f0ecca]" classname="com.dotcms.contenttype.test.ContentResourceTest" time="2.885"/>
  <testcase name="test_getContent_shouldReturnRelationships[6: com.dotcms.contenttype.test.ContentResourceTest$TestCase@3241d3a8]" classname="com.dotcms.contenttype.test.ContentResourceTest" time="2.962"/>
  <testcase name="test_getContent_shouldReturnRelationships[7: com.dotcms.contenttype.test.ContentResourceTest$TestCase@568b8104]" classname="com.dotcms.contenttype.test.ContentResourceTest" time="2.972"/>
  <testcase name="test_getContent_shouldReturnRelationships[8: com.dotcms.contenttype.test.ContentResourceTest$TestCase@33a6620f]" classname="com.dotcms.contenttype.test.ContentResourceTest" time="3.27"/>
  <testcase name="test_getContent_shouldReturnRelationships[9: com.dotcms.contenttype.test.ContentResourceTest$TestCase@6054e0d]" classname="com.dotcms.contenttype.test.ContentResourceTest" time="3.12"/>
  <testcase name="test_getContent_shouldReturnRelationships[10: com.dotcms.contenttype.test.ContentResourceTest$TestCase@3a6501f6]" classname="com.dotcms.contenttype.test.ContentResourceTest" time="3.01"/>
  <testcase name="test_getContent_shouldReturnRelationships[11: com.dotcms.contenttype.test.ContentResourceTest$TestCase@30ec341f]" classname="com.dotcms.contenttype.test.ContentResourceTest" time="2.813"/>
  <testcase name="test_getContent_shouldReturnRelationships[12: com.dotcms.contenttype.test.ContentResourceTest$TestCase@305a8e17]" classname="com.dotcms.contenttype.test.ContentResourceTest" time="2.781"/>
  <testcase name="test_getContent_shouldReturnRelationships[13: com.dotcms.contenttype.test.ContentResourceTest$TestCase@1c03cb37]" classname="com.dotcms.contenttype.test.ContentResourceTest" time="2.752"/>
  <testcase name="test_getContent_shouldReturnRelationships[14: com.dotcms.contenttype.test.ContentResourceTest$TestCase@efb03f0]" classname="com.dotcms.contenttype.test.ContentResourceTest" time="2.858"/>
  <testcase name="test_getContent_shouldReturnRelationships[15: com.dotcms.contenttype.test.ContentResourceTest$TestCase@5f6682fc]" classname="com.dotcms.contenttype.test.ContentResourceTest" time="3.751"/>
  <testcase name="test_getContent_shouldReturnRelationships[16: com.dotcms.contenttype.test.ContentResourceTest$TestCase@3b288531]" classname="com.dotcms.contenttype.test.ContentResourceTest" time="3.718"/>
  <testcase name="test_getContent_shouldReturnRelationships[17: com.dotcms.contenttype.test.ContentResourceTest$TestCase@39f0bb10]" classname="com.dotcms.contenttype.test.ContentResourceTest" time="3.035"/>
  <testcase name="test_getContent_shouldReturnRelationships[18: com.dotcms.contenttype.test.ContentResourceTest$TestCase@6fc2db5d]" classname="com.dotcms.contenttype.test.ContentResourceTest" time="3.028"/>
  <testcase name="test_getContent_shouldReturnRelationships[19: com.dotcms.contenttype.test.ContentResourceTest$TestCase@458d53b]" classname="com.dotcms.contenttype.test.ContentResourceTest" time="3.113"/>
  <testcase name="test_getContent_shouldReturnRelationships[20: com.dotcms.contenttype.test.ContentResourceTest$TestCase@7ba6d98c]" classname="com.dotcms.contenttype.test.ContentResourceTest" time="3.169"/>
  <testcase name="test_getContent_shouldReturnRelationships[21: com.dotcms.contenttype.test.ContentResourceTest$TestCase@4732d5d3]" classname="com.dotcms.contenttype.test.ContentResourceTest" time="3.319"/>
  <testcase name="test_getContent_shouldReturnRelationships[22: com.dotcms.contenttype.test.ContentResourceTest$TestCase@3ed3f65b]" classname="com.dotcms.contenttype.test.ContentResourceTest" time="2.905"/>
  <testcase name="test_getContent_shouldReturnRelationships[23: com.dotcms.contenttype.test.ContentResourceTest$TestCase@7ce01db7]" classname="com.dotcms.contenttype.test.ContentResourceTest" time="2.993"/>
  <testcase name="test_getContent_shouldReturnRelationships[24: com.dotcms.contenttype.test.ContentResourceTest$TestCase@3147c11e]" classname="com.dotcms.contenttype.test.ContentResourceTest" time="3.011"/>
  <testcase name="test_getContent_shouldReturnRelationships[25: com.dotcms.contenttype.test.ContentResourceTest$TestCase@600a06a8]" classname="com.dotcms.contenttype.test.ContentResourceTest" time="2.316"/>
  <testcase name="test_getContent_shouldReturnRelationships[26: com.dotcms.contenttype.test.ContentResourceTest$TestCase@414a45dc]" classname="com.dotcms.contenttype.test.ContentResourceTest" time="2.299"/>
  <testcase name="test_getContent_shouldReturnRelationships[27: com.dotcms.contenttype.test.ContentResourceTest$TestCase@3d3be5e7]" classname="com.dotcms.contenttype.test.ContentResourceTest" time="1.955"/>
  <testcase name="test_getContent_shouldReturnRelationships[28: com.dotcms.contenttype.test.ContentResourceTest$TestCase@32fb9c6f]" classname="com.dotcms.contenttype.test.ContentResourceTest" time="2.994"/>
  <testcase name="test_getContent_shouldReturnRelationships[29: com.dotcms.contenttype.test.ContentResourceTest$TestCase@2f4f3de]" classname="com.dotcms.contenttype.test.ContentResourceTest" time="2.867"/>
  <testcase name="test_getContent_shouldReturnRelationships[30: com.dotcms.contenttype.test.ContentResourceTest$TestCase@118322f9]" classname="com.dotcms.contenttype.test.ContentResourceTest" time="1.801"/>
  <testcase name="test_getContent_shouldReturnRelationships[31: com.dotcms.contenttype.test.ContentResourceTest$TestCase@7375f9f3]" classname="com.dotcms.contenttype.test.ContentResourceTest" time="2.901"/>
  <testcase name="test_getContent_shouldReturnRelationships[32: com.dotcms.contenttype.test.ContentResourceTest$TestCase@1d030b16]" classname="com.dotcms.contenttype.test.ContentResourceTest" time="3.834"/>
  <testcase name="test_getContent_shouldReturnRelationships[33: com.dotcms.contenttype.test.ContentResourceTest$TestCase@384c616b]" classname="com.dotcms.contenttype.test.ContentResourceTest" time="3.968"/>
  <testcase name="testSinglePOST_InvalidParamsShouldReturn400[0: ({\n    &quot;stInode&quot; : &quot;InvalidValue&quot;,\n    &quot;numeric&quot; : &quot;0&quot;,\n    &quot;image&quot; : &quot;whatever&quot;\n}, Bad Request)]" classname="com.dotcms.contenttype.test.ContentResourceTest" time="0.823"/>
  <testcase name="testSinglePOST_InvalidParamsShouldReturn400[1: ({\n    &quot;numeric&quot; : &quot;0&quot;,\n    &quot;image&quot; : &quot;whatever&quot;\n}, Bad Request)]" classname="com.dotcms.contenttype.test.ContentResourceTest" time="0.792"/>
  <testcase name="Test_Save_Action_Set_Null_To_Required_NumericField_Issue_15340" classname="com.dotcms.contenttype.test.ContentResourceTest" time="0.836"/>
  <testcase name="Test_Save_Action_Remove_Image_Then_Verify_Fields_Were_Cleared_Issue_15340" classname="com.dotcms.contenttype.test.ContentResourceTest" time="3.644"/>
  <testcase name="test_getContentWithMultipleSelfRelated_shouldReturnRelationships[0: com.dotcms.contenttype.test.ContentResourceTest$PullSelfRelatedTestCase@6c36d5e9]" classname="com.dotcms.contenttype.test.ContentResourceTest" time="1.733"/>
  <testcase name="test_getContentWithMultipleSelfRelated_shouldReturnRelationships[1: com.dotcms.contenttype.test.ContentResourceTest$PullSelfRelatedTestCase@696838c2]" classname="com.dotcms.contenttype.test.ContentResourceTest" time="1.534"/>
  <testcase name="testGetContentWithAllCategoriesInfo[0: json]" classname="com.dotcms.contenttype.test.ContentResourceTest" time="2.347"/>
  <testcase name="testGetContentWithAllCategoriesInfo[1: xml]" classname="com.dotcms.contenttype.test.ContentResourceTest" time="2.333"/>
  <system-out><![CDATA[











]]></system-out>
  <system-err><![CDATA[]]></system-err>
</testsuite>
