<?xml version="1.0" encoding="UTF-8"?>
<testsuite name="com.dotmarketing.portlets.fileassets.business.FileAssetAPITest" tests="13" skipped="0" failures="0" errors="0" timestamp="2023-07-18T23:43:49" hostname="fv-az408-147" time="22.073">
  <properties/>
  <testcase name="test_findFileAssetsByHost_liveFileAssets_success" classname="com.dotmarketing.portlets.fileassets.business.FileAssetAPITest" time="5.134"/>
  <testcase name="test_that_we_return_files_from_host_system_folder" classname="com.dotmarketing.portlets.fileassets.business.FileAssetAPITest" time="1.405"/>
  <testcase name="test_findFileAssetsByParentable_workingFileAssets_success" classname="com.dotmarketing.portlets.fileassets.business.FileAssetAPITest" time="1.303"/>
  <testcase name="test_findFileAssetsByParentable_liveFileAssets_success" classname="com.dotmarketing.portlets.fileassets.business.FileAssetAPITest" time="2.368"/>
  <testcase name="Test_That_File_Asset_Gets_Stored_in_Cache_and_is_Not_Rebuilt_Everytime" classname="com.dotmarketing.portlets.fileassets.business.FileAssetAPITest" time="1.109"/>
  <testcase name="Test_Modify_Identifier_File_Name_Then_Recover_File_Then_Expect_Mismatch" classname="com.dotmarketing.portlets.fileassets.business.FileAssetAPITest" time="1.284"/>
  <testcase name="Test_Rename_File_Asset_Then_Recover_File_Then_Expect_Match" classname="com.dotmarketing.portlets.fileassets.business.FileAssetAPITest" time="0.22"/>
  <testcase name="test_findFileAssetsByHost_archivedFileAssets_success" classname="com.dotmarketing.portlets.fileassets.business.FileAssetAPITest" time="2.0"/>
  <testcase name="test_findFileAssetsByParentable_archivedFileAssets_success" classname="com.dotmarketing.portlets.fileassets.business.FileAssetAPITest" time="1.459"/>
  <testcase name="test_that_file_asset_from_db_respects_folder_permissions" classname="com.dotmarketing.portlets.fileassets.business.FileAssetAPITest" time="1.279"/>
  <testcase name="test_that_file_asset_from_db_respects_live_working_flag" classname="com.dotmarketing.portlets.fileassets.business.FileAssetAPITest" time="1.299"/>
  <testcase name="test_findFileAssetsByHost_workingFileAssets_success" classname="com.dotmarketing.portlets.fileassets.business.FileAssetAPITest" time="1.895"/>
  <testcase name="test_that_file_asset_from_db_works" classname="com.dotmarketing.portlets.fileassets.business.FileAssetAPITest" time="1.317"/>
  <system-out><![CDATA[]]></system-out>
  <system-err><![CDATA[]]></system-err>
</testsuite>
