<?xml version="1.0" encoding="UTF-8"?>
<testsuite name="com.dotcms.rest.api.v3.contenttype.FieldResourceTest" tests="25" skipped="0" failures="0" errors="0" timestamp="2023-07-11T17:27:32" hostname="fv-az351-324" time="27.874">
  <properties/>
  <testcase name="shouldDeleteFieldsAndFixMaxColumnsPerRowRules" classname="com.dotcms.rest.api.v3.contenttype.FieldResourceTest" time="1.64"/>
  <testcase name="shouldUpdateFieldsInLegacyContentType" classname="com.dotcms.rest.api.v3.contenttype.FieldResourceTest" time="0.987"/>
  <testcase name="shouldUpdateFieldAndIgnoreSortOrderEvenWhenItSent" classname="com.dotcms.rest.api.v3.contenttype.FieldResourceTest" time="0.942"/>
  <testcase name="shouldMoveAndFixLegacyLayout" classname="com.dotcms.rest.api.v3.contenttype.FieldResourceTest" time="1.755"/>
  <testcase name="shouldFixLayout" classname="com.dotcms.rest.api.v3.contenttype.FieldResourceTest" time="0.872"/>
  <testcase name="shouldThrowExceptionWhenMoveFieldWithMaxColumnsRule" classname="com.dotcms.rest.api.v3.contenttype.FieldResourceTest" time="1.206"/>
  <testcase name="shouldThrowExceptionWhenContentTypeDoesNotExists" classname="com.dotcms.rest.api.v3.contenttype.FieldResourceTest" time="0.875"/>
  <testcase name="shouldRemoveEmptyRows" classname="com.dotcms.rest.api.v3.contenttype.FieldResourceTest" time="0.939"/>
  <testcase name="shouldThrowExceptionAndNotDeleteAny" classname="com.dotcms.rest.api.v3.contenttype.FieldResourceTest" time="0.88"/>
  <testcase name="shouldUpdateField" classname="com.dotcms.rest.api.v3.contenttype.FieldResourceTest" time="0.915"/>
  <testcase name="shouldThrowExceptionWhenDeleteFieldWithMaxColumnsRule" classname="com.dotcms.rest.api.v3.contenttype.FieldResourceTest" time="1.155"/>
  <testcase name="shouldDeleteFieldsInContentTypesWithWrongLayout" classname="com.dotcms.rest.api.v3.contenttype.FieldResourceTest" time="1.076"/>
  <testcase name="shouldUpdateFieldAndIgnoreSortOrderEvenWhenItIsSentWhenContentTypeHasWrongLayout" classname="com.dotcms.rest.api.v3.contenttype.FieldResourceTest" time="0.989"/>
  <testcase name="shouldUpdateFieldAndIgnoreSortOrder" classname="com.dotcms.rest.api.v3.contenttype.FieldResourceTest" time="0.941"/>
  <testcase name="shouldCreateFieldWithMoveEndPoint" classname="com.dotcms.rest.api.v3.contenttype.FieldResourceTest" time="0.987"/>
  <testcase name="shouldUpdateFieldAndIgnoreSortOrderWhenContentTypeHasWrongLayout" classname="com.dotcms.rest.api.v3.contenttype.FieldResourceTest" time="0.951"/>
  <testcase name="shouldDeleteFields" classname="com.dotcms.rest.api.v3.contenttype.FieldResourceTest" time="1.063"/>
  <testcase name="shouldThrowErrorWhenContentTypeDoesNotExists" classname="com.dotcms.rest.api.v3.contenttype.FieldResourceTest" time="0.843"/>
  <testcase name="shouldFixMaxColumnsPerRowRules" classname="com.dotcms.rest.api.v3.contenttype.FieldResourceTest" time="1.069"/>
  <testcase name="shouldMoveFields" classname="com.dotcms.rest.api.v3.contenttype.FieldResourceTest" time="0.957"/>
  <testcase name="shouldThrowErrorWhenFieldDoesNotExists" classname="com.dotcms.rest.api.v3.contenttype.FieldResourceTest" time="0.906"/>
  <testcase name="shouldCreateFieldAndRelationshipWithMoveEndPoint" classname="com.dotcms.rest.api.v3.contenttype.FieldResourceTest" time="1.367"/>
  <testcase name="shouldMoveAndFixMaxColumnsInRowRules" classname="com.dotcms.rest.api.v3.contenttype.FieldResourceTest" time="2.503"/>
  <testcase name="shouldCreateTabDividerWithMoveEndPoint" classname="com.dotcms.rest.api.v3.contenttype.FieldResourceTest" time="1.095"/>
  <testcase name="shouldGetAllContentTypesFields" classname="com.dotcms.rest.api.v3.contenttype.FieldResourceTest" time="0.954"/>
  <system-out><![CDATA[]]></system-out>
  <system-err><![CDATA[]]></system-err>
</testsuite>
