<?xml version="1.0" encoding="UTF-8"?>
<testsuite name="com.dotcms.rest.elasticsearch.ESContentResourcePortletTest" tests="8" skipped="0" failures="0" errors="0" timestamp="2023-06-30T22:19:29" hostname="fv-az162-235" time="9.043">
  <properties/>
  <testcase name="test_search_includeGrandChildCategory_success" classname="com.dotcms.rest.elasticsearch.ESContentResourcePortletTest" time="1.429"/>
  <testcase name="testSearch[0: com.dotcms.rest.elasticsearch.ESContentResourcePortletTest$TestCase@3420a73]" classname="com.dotcms.rest.elasticsearch.ESContentResourcePortletTest" time="1.011"/>
  <testcase name="testSearch[1: com.dotcms.rest.elasticsearch.ESContentResourcePortletTest$TestCase@123123d4]" classname="com.dotcms.rest.elasticsearch.ESContentResourcePortletTest" time="1.273"/>
  <testcase name="testSearch[2: com.dotcms.rest.elasticsearch.ESContentResourcePortletTest$TestCase@3b0b13ba]" classname="com.dotcms.rest.elasticsearch.ESContentResourcePortletTest" time="0.944"/>
  <testcase name="testSearch[3: com.dotcms.rest.elasticsearch.ESContentResourcePortletTest$TestCase@c7c9b71]" classname="com.dotcms.rest.elasticsearch.ESContentResourcePortletTest" time="1.211"/>
  <testcase name="testSearch[4: com.dotcms.rest.elasticsearch.ESContentResourcePortletTest$TestCase@1f7e191f]" classname="com.dotcms.rest.elasticsearch.ESContentResourcePortletTest" time="1.349"/>
  <testcase name="testSearch[5: com.dotcms.rest.elasticsearch.ESContentResourcePortletTest$TestCase@4cab6a7]" classname="com.dotcms.rest.elasticsearch.ESContentResourcePortletTest" time="0.892"/>
  <testcase name="testSearch[6: com.dotcms.rest.elasticsearch.ESContentResourcePortletTest$TestCase@67bff347]" classname="com.dotcms.rest.elasticsearch.ESContentResourcePortletTest" time="0.931"/>
  <system-out><![CDATA[]]></system-out>
  <system-err><![CDATA[]]></system-err>
</testsuite>
