<?xml version="1.0" encoding="UTF-8"?>
<testsuite name="com.dotmarketing.cms.urlmap.URLMapAPIImplTest" tests="18" skipped="1" failures="0" errors="0" timestamp="2023-06-27T17:21:43" hostname="fv-az206-664" time="62.344">
  <properties/>
  <testcase name="isUrlPatternWithoutUrlMap" classname="com.dotmarketing.cms.urlmap.URLMapAPIImplTest" time="2.424"/>
  <testcase name="shouldReturnInPREVIEW_MODEWhenContentExistsInFuture" classname="com.dotmarketing.cms.urlmap.URLMapAPIImplTest" time="4.44"/>
  <testcase name="processURLMapWithoutUrlMap" classname="com.dotmarketing.cms.urlmap.URLMapAPIImplTest" time="0.0">
    <skipped/>
  </testcase>
  <testcase name="shouldReturnNullWhenTheContentNotExists" classname="com.dotmarketing.cms.urlmap.URLMapAPIImplTest" time="4.058"/>
  <testcase name="shouldReturnContentletWhenTheContentExists" classname="com.dotmarketing.cms.urlmap.URLMapAPIImplTest" time="3.747"/>
  <testcase name="shouldReturnURLInfoWhenContentExistsInFutureButTimeMachineIsSet" classname="com.dotmarketing.cms.urlmap.URLMapAPIImplTest" time="4.612"/>
  <testcase name="test_multiple_content_types_using_same_pattern" classname="com.dotmarketing.cms.urlmap.URLMapAPIImplTest" time="5.635"/>
  <testcase name="test_url_map_pattern_at_root_with_slash_in_url_title" classname="com.dotmarketing.cms.urlmap.URLMapAPIImplTest" time="3.985"/>
  <testcase name="shouldReturnContentletWhenTheContentExistsAndUseAFloatField" classname="com.dotmarketing.cms.urlmap.URLMapAPIImplTest" time="2.371"/>
  <testcase name="shouldReturnContentletWhenTheContentExistsAndUseAIntegerFIeld" classname="com.dotmarketing.cms.urlmap.URLMapAPIImplTest" time="2.264"/>
  <testcase name="test_url_map_pattern_at_root" classname="com.dotmarketing.cms.urlmap.URLMapAPIImplTest" time="4.459"/>
  <testcase name="test_url_map_pattern_with_slash_in_url_title_complex_rul_map_pattern" classname="com.dotmarketing.cms.urlmap.URLMapAPIImplTest" time="4.084"/>
  <testcase name="processURLMapMethodShouldNotFailWithInvalidFields" classname="com.dotmarketing.cms.urlmap.URLMapAPIImplTest" time="1.282"/>
  <testcase name="shouldReturnNullWhenThePageUriIsNotDetailPage" classname="com.dotmarketing.cms.urlmap.URLMapAPIImplTest" time="1.94"/>
  <testcase name="shouldReturnEmptyOptionalWhenContentExistsInFuture" classname="com.dotmarketing.cms.urlmap.URLMapAPIImplTest" time="4.558"/>
  <testcase name="test_url_map_pattern_with_slash_in_url_title" classname="com.dotmarketing.cms.urlmap.URLMapAPIImplTest" time="4.709"/>
  <testcase name="shouldNotMatchUrlStaringWithAPI" classname="com.dotmarketing.cms.urlmap.URLMapAPIImplTest" time="4.0"/>
  <testcase name="shouldThrowDotSecurityExceptionWhenUserDontHavePermission" classname="com.dotmarketing.cms.urlmap.URLMapAPIImplTest" time="3.776"/>
  <system-out><![CDATA[]]></system-out>
  <system-err><![CDATA[]]></system-err>
</testsuite>
