<?xml version="1.0" encoding="UTF-8"?>
<testsuite name="com.dotmarketing.portlets.rules.conditionlet.CurrentSessionLanguageConditionletTest" tests="13" skipped="0" failures="0" errors="0" timestamp="2023-07-08T05:38:58" hostname="fv-az351-324" time="0.02">
  <properties/>
  <testcase name="testIsComparison" classname="com.dotmarketing.portlets.rules.conditionlet.CurrentSessionLanguageConditionletTest" time="0.009"/>
  <testcase name="testGreaterThanComparison" classname="com.dotmarketing.portlets.rules.conditionlet.CurrentSessionLanguageConditionletTest" time="0.002"/>
  <testcase name="testLessThanOrEqualComparison" classname="com.dotmarketing.portlets.rules.conditionlet.CurrentSessionLanguageConditionletTest" time="0.0"/>
  <testcase name="testStartsWithComparison" classname="com.dotmarketing.portlets.rules.conditionlet.CurrentSessionLanguageConditionletTest" time="0.0"/>
  <testcase name="testIsNotComparison" classname="com.dotmarketing.portlets.rules.conditionlet.CurrentSessionLanguageConditionletTest" time="0.001"/>
  <testcase name="testContainsComparison" classname="com.dotmarketing.portlets.rules.conditionlet.CurrentSessionLanguageConditionletTest" time="0.001"/>
  <testcase name="testEqualComparison" classname="com.dotmarketing.portlets.rules.conditionlet.CurrentSessionLanguageConditionletTest" time="0.001"/>
  <testcase name="testEndsWithComparison" classname="com.dotmarketing.portlets.rules.conditionlet.CurrentSessionLanguageConditionletTest" time="0.001"/>
  <testcase name="testRegexComparison" classname="com.dotmarketing.portlets.rules.conditionlet.CurrentSessionLanguageConditionletTest" time="0.0"/>
  <testcase name="testLessThanComparison" classname="com.dotmarketing.portlets.rules.conditionlet.CurrentSessionLanguageConditionletTest" time="0.001"/>
  <testcase name="testExistComparison" classname="com.dotmarketing.portlets.rules.conditionlet.CurrentSessionLanguageConditionletTest" time="0.001"/>
  <testcase name="testGreaterThanOrEqualComparison" classname="com.dotmarketing.portlets.rules.conditionlet.CurrentSessionLanguageConditionletTest" time="0.001"/>
  <testcase name="testBetweenComparison" classname="com.dotmarketing.portlets.rules.conditionlet.CurrentSessionLanguageConditionletTest" time="0.001"/>
  <system-out><![CDATA[]]></system-out>
  <system-err><![CDATA[]]></system-err>
</testsuite>
