<?xml version="1.0" encoding="UTF-8"?>
<testsuite name="com.dotcms.rest.api.v1.vtl.VTLResourceIntegrationTest" tests="6" skipped="0" failures="0" errors="0" timestamp="2023-06-22T19:39:46" hostname="fv-az456-887" time="11.94">
  <properties/>
  <testcase name="testGet[0: com.dotcms.rest.api.v1.vtl.VTLResourceTestCase@3269326e]" classname="com.dotcms.rest.api.v1.vtl.VTLResourceIntegrationTest" time="2.059"/>
  <testcase name="testGet[1: com.dotcms.rest.api.v1.vtl.VTLResourceTestCase@75cdce8f]" classname="com.dotcms.rest.api.v1.vtl.VTLResourceIntegrationTest" time="1.761"/>
  <testcase name="testGet[2: com.dotcms.rest.api.v1.vtl.VTLResourceTestCase@355b6f2d]" classname="com.dotcms.rest.api.v1.vtl.VTLResourceIntegrationTest" time="2.221"/>
  <testcase name="testGet[3: com.dotcms.rest.api.v1.vtl.VTLResourceTestCase@6d741a7a]" classname="com.dotcms.rest.api.v1.vtl.VTLResourceIntegrationTest" time="1.915"/>
  <testcase name="testGet[4: com.dotcms.rest.api.v1.vtl.VTLResourceTestCase@1675bff8]" classname="com.dotcms.rest.api.v1.vtl.VTLResourceIntegrationTest" time="1.943"/>
  <testcase name="testGet[5: com.dotcms.rest.api.v1.vtl.VTLResourceTestCase@dd7b20f]" classname="com.dotcms.rest.api.v1.vtl.VTLResourceIntegrationTest" time="2.041"/>
  <system-out><![CDATA[]]></system-out>
  <system-err><![CDATA[]]></system-err>
</testsuite>
