<?xml version="1.0" encoding="UTF-8"?>
<testsuite name="com.dotmarketing.servlets.ajax.AjaxDirectorServletIntegrationTest" tests="2" skipped="0" failures="0" errors="0" timestamp="2023-07-17T19:13:35" hostname="fv-az451-216" time="2.174">
  <properties/>
  <testcase name="testService[0: com.dotmarketing.servlets.ajax.AjaxDirectorServletTestCase@e4e9486]" classname="com.dotmarketing.servlets.ajax.AjaxDirectorServletIntegrationTest" time="1.156"/>
  <testcase name="testService[1: com.dotmarketing.servlets.ajax.AjaxDirectorServletTestCase@75a0bf59]" classname="com.dotmarketing.servlets.ajax.AjaxDirectorServletIntegrationTest" time="1.018"/>
  <system-out><![CDATA[]]></system-out>
  <system-err><![CDATA[]]></system-err>
</testsuite>
