<?xml version="1.0" encoding="UTF-8"?>
<testsuite name="com.dotmarketing.portlets.structure.model.ContentletRelationshipsTest" tests="7" skipped="0" failures="0" errors="0" timestamp="2023-07-12T00:12:48" hostname="fv-az251-15" time="8.292">
  <properties/>
  <testcase name="testDoesAllowOnlyOne[0: com.dotmarketing.portlets.structure.model.ContentletRelationshipsTest$CardinalityTestCase@774a87fe]" classname="com.dotmarketing.portlets.structure.model.ContentletRelationshipsTest" time="0.448"/>
  <testcase name="testDoesAllowOnlyOne[1: com.dotmarketing.portlets.structure.model.ContentletRelationshipsTest$CardinalityTestCase@4e489f96]" classname="com.dotmarketing.portlets.structure.model.ContentletRelationshipsTest" time="0.507"/>
  <testcase name="testDoesAllowOnlyOne[2: com.dotmarketing.portlets.structure.model.ContentletRelationshipsTest$CardinalityTestCase@12dd4177]" classname="com.dotmarketing.portlets.structure.model.ContentletRelationshipsTest" time="0.513"/>
  <testcase name="testGetRelationshipRecords[0: com.dotmarketing.portlets.structure.model.ContentletRelationshipsTest$TestCase@282440f0]" classname="com.dotmarketing.portlets.structure.model.ContentletRelationshipsTest" time="2.08"/>
  <testcase name="testGetRelationshipRecords[1: com.dotmarketing.portlets.structure.model.ContentletRelationshipsTest$TestCase@bf2477d]" classname="com.dotmarketing.portlets.structure.model.ContentletRelationshipsTest" time="2.024"/>
  <testcase name="testGetRelationshipRecords[2: com.dotmarketing.portlets.structure.model.ContentletRelationshipsTest$TestCase@14ccdba]" classname="com.dotmarketing.portlets.structure.model.ContentletRelationshipsTest" time="0.852"/>
  <testcase name="testGetRelationshipRecords[3: com.dotmarketing.portlets.structure.model.ContentletRelationshipsTest$TestCase@79e2f21d]" classname="com.dotmarketing.portlets.structure.model.ContentletRelationshipsTest" time="1.861"/>
  <system-out><![CDATA[]]></system-out>
  <system-err><![CDATA[]]></system-err>
</testsuite>
