<?xml version="1.0" encoding="UTF-8"?>
<testsuite name="com.dotmarketing.business.DeterministicIdentifierAPITest" tests="16" skipped="0" failures="0" errors="0" timestamp="2023-07-21T04:36:46" hostname="fv-az256-498" time="0.903">
  <properties/>
  <testcase name="Test_Category_Path_Seed_And_Id" classname="com.dotmarketing.business.DeterministicIdentifierAPITest" time="0.036"/>
  <testcase name="Test_Language_Deterministic_Id[0: LanguageTestCase{expectedSeed='Language:es:US', expectedHash=4913155, langCode='es', countryCode='US', country='United States'}]" classname="com.dotmarketing.business.DeterministicIdentifierAPITest" time="0.001"/>
  <testcase name="Test_Language_Deterministic_Id[1: LanguageTestCase{expectedSeed='Language:ep:', expectedHash=5292269, langCode='ep', countryCode='', country=''}]" classname="com.dotmarketing.business.DeterministicIdentifierAPITest" time="0.001"/>
  <testcase name="Test_Language_Deterministic_Id[2: LanguageTestCase{expectedSeed='Language:sg:SAG', expectedHash=4713118, langCode='sg', countryCode='SAG', country=''}]" classname="com.dotmarketing.business.DeterministicIdentifierAPITest" time="0.001"/>
  <testcase name="Test_Language_Deterministic_Id[3: LanguageTestCase{expectedSeed='Language:en:NZ', expectedHash=5382528, langCode='en', countryCode='NZ', country='New Zealand'}]" classname="com.dotmarketing.business.DeterministicIdentifierAPITest" time="0.001"/>
  <testcase name="Test_Category_None_Persisted_Category_Should_Return_Deterministic_Id" classname="com.dotmarketing.business.DeterministicIdentifierAPITest" time="0.001"/>
  <testcase name="Test_Asset_Generate_Deterministic_Id_Best_Effort[0: TestCase{versionable=my.host1689913772654.com, parent=System Host, expectedName='my.host1689913772654.com', expectedType='Host'}]" classname="com.dotmarketing.business.DeterministicIdentifierAPITest" time="0.007"/>
  <testcase name="Test_Asset_Generate_Deterministic_Id_Best_Effort[1: TestCase{versionable=com.dotmarketing.portlets.contentlet.model.Contentlet@1167844b[map={modDate=2023-07-21 04:29:33.252, fileName=file2444184132905935520.txt, title=file2444184132905935520.txt, inode=eb67a337-14e8-47b9-92e2-e7983e15fe3f, __IS_NEW_CONTENT__=true, disabledWYSIWYG=[], host=f872b8ec-af89-4ad3-87db-0255e5ab94cd, stInode=33888b6f-7a8e-4069-b1b6-5c1aa9d0a48d, owner=system, identifier=afd51657-49e7-4256-8c04-d7fd578abd5e, nullProperties=[wfExpireDate, wfPublishDate, wfActionAssign, wfActionId, wfActionComments, filterKey, whereToSend, wfNeverExpire, _path_to_move, timezoneId, iWantTo, wfPublishTime, wfExpireTime], languageId=1, fileAsset=/home/runner/work/core/custom/assets/e/b/eb67a337-14e8-47b9-92e2-e7983e15fe3f/fileAsset/file2444184132905935520.txt, folder=f4c315b0-f354-4242-840e-0c717d9dcd17, __disable_workflow__=true, sortOrder=0, modUser=system},lowIndexPriority=false,variantId=DEFAULT], parent=com.dotmarketing.portlets.folders.model.Folder@f2f6e34[identifier=f4c315b0-f354-4242-840e-0c717d9dcd17,name=testName1689913773244,sortOrder=0,showOnMenu=false,hostId=f872b8ec-af89-4ad3-87db-0255e5ab94cd,type=folder,title=testTitle1689913773244,filesMasks=,defaultFileType=33888b6f-7a8e-4069-b1b6-5c1aa9d0a48d,modDate=2023-07-21 04:29:33.247,owner=&lt;null&gt;,iDate=2023-07-21 04:29:33.248,inode=f4c315b0-f354-4242-840e-0c717d9dcd17,path=/testName1689913773244/], expectedName='file2444184132905935520.txt', expectedType='FileAsset'}]" classname="com.dotmarketing.business.DeterministicIdentifierAPITest" time="0.004"/>
  <testcase name="Test_Asset_Generate_Deterministic_Id_Best_Effort[2: TestCase{versionable=com.dotmarketing.portlets.templates.model.Template@eb5c4ff8, parent=my.host1689913772654.com, expectedName='testTitle1689913773372', expectedType='Template'}]" classname="com.dotmarketing.business.DeterministicIdentifierAPITest" time="0.002"/>
  <testcase name="Test_Asset_Generate_Deterministic_Id_Best_Effort[3: TestCase{versionable=com.dotmarketing.portlets.htmlpageasset.model.HTMLPageAsset@1270dbd0[map={template=4971bc94-797e-4f57-8e24-a5bad04a7cc4, owner=system, identifier=09d07439-f0cb-4584-8cfe-df8686564913, nullProperties=[wfExpireDate, wfPublishDate, wfActionAssign, wfActionId, wfActionComments, filterKey, whereToSend, wfNeverExpire, _path_to_move, timezoneId, iWantTo, wfPublishTime, wfExpireTime], modDate=2023-07-21 04:29:33.391, cachettl=0, _is_test_mode=true, languageId=1, title=test-page-title-1689913773386, httpsreq=, url=test-page-url-1689913773386, showOnMenu=, inode=44a11c21-806e-4880-b4c5-1be29aae1b19, folder=f4c315b0-f354-4242-840e-0c717d9dcd17, disabledWYSIWYG=[], sortOrder=1, modUser=system, host=f872b8ec-af89-4ad3-87db-0255e5ab94cd, stInode=c541abb1-69b3-4bc5-8430-5e09e5239cc8, friendlyName=test-page-friendly-name-1689913773386},lowIndexPriority=false,variantId=DEFAULT], parent=com.dotmarketing.portlets.folders.model.Folder@f2f6e34[identifier=f4c315b0-f354-4242-840e-0c717d9dcd17,name=testName1689913773244,sortOrder=0,showOnMenu=false,hostId=f872b8ec-af89-4ad3-87db-0255e5ab94cd,type=folder,title=testTitle1689913773244,filesMasks=,defaultFileType=33888b6f-7a8e-4069-b1b6-5c1aa9d0a48d,modDate=2023-07-21 04:29:33.247,owner=&lt;null&gt;,iDate=2023-07-21 04:29:33.248,inode=f4c315b0-f354-4242-840e-0c717d9dcd17,path=/testName1689913773244/], expectedName='test-page-url-1689913773386', expectedType='htmlpageasset'}]" classname="com.dotmarketing.business.DeterministicIdentifierAPITest" time="0.003"/>
  <testcase name="Test_Asset_Generate_Deterministic_Id_Best_Effort[4: TestCase{versionable=com.dotmarketing.portlets.contentlet.model.Contentlet@5672df74[map={fileAsset2=/home/runner/work/core/custom/assets/d/9/d9a43199-5661-4586-b5f7-e78fa7b0b42b/fileAsset2/test_binary1689913775242.png, modDate=2023-07-21 04:29:35.248, fileAsset1=/home/runner/work/core/custom/assets/d/9/d9a43199-5661-4586-b5f7-e78fa7b0b42b/fileAsset1/test_binary1689913775242.jpg, title=blah, inode=d9a43199-5661-4586-b5f7-e78fa7b0b42b, __IS_NEW_CONTENT__=true, disabledWYSIWYG=[], host=48190c8c-42c4-46af-8d1a-0cd5db894797, stInode=5f1ddcfa-a5fc-4140-b1ce-8d9f3350dd02, owner=system, identifier=795ba878-1d84-4a68-aabf-c6c10f860900, nullProperties=[], languageId=1, image1=ddea614a-9759-4158-8f87-bc0c01f64445, folder=SYSTEM_FOLDER, __disable_workflow__=true, sortOrder=0, modUser=system},lowIndexPriority=false,variantId=DEFAULT], parent=demo.dotcms.com, expectedName='test_binary1689913775242.jpg:test_binary1689913775242.png', expectedType='MultipleBinaries1689913773598'}]" classname="com.dotmarketing.business.DeterministicIdentifierAPITest" time="0.003"/>
  <testcase name="Test_Asset_Generate_Deterministic_Id_Best_Effort[5: TestCase{versionable=name20607d0e36 : keyTag20607d0e36, parent=my.host1689913772654.com, expectedName='keyTag20607d0e36', expectedType='persona'}]" classname="com.dotmarketing.business.DeterministicIdentifierAPITest" time="0.003"/>
  <testcase name="Test_Similar_Content_Type_Wont_Clash" classname="com.dotmarketing.business.DeterministicIdentifierAPITest" time="0.591"/>
  <testcase name="Test_Generate_Folder_Identifier" classname="com.dotmarketing.business.DeterministicIdentifierAPITest" time="0.233"/>
  <testcase name="Test_Generate_Content_Type_Identifier[0: ContentTypeTestCase{contentType=KeyValueContentType{name=Language Variable, id=f4d7c1b8-2c88-4071-abf1-a5328977b07d, description=Default Content Type for Language Variables, defaultType=false, fixed=true, iDate=Thu Aug 31 16:38:49 UTC 2017, system=true, versionable=true, variable=Languagevariable, modDate=Fri Jul 21 03:17:05 UTC 2023, host=SYSTEM_HOST, siteName=systemHost, icon=language, sortOrder=0, folder=SYSTEM_FOLDER, folderPath=/, markedForDeletion=true, multilingualable=false}, expectedName='Languagevariable', expectedType='KeyValue'}]" classname="com.dotmarketing.business.DeterministicIdentifierAPITest" time="0.007"/>
  <testcase name="Test_Generate_Content_Type_Identifier[1: ContentTypeTestCase{contentType=SimpleContentType{name=testName1689913775681, id=d2cfa8ae-da94-4394-bdbb-1abe8cfec679, description=testDescription1689913775681, defaultType=false, fixed=false, iDate=Fri Jul 21 04:29:35 UTC 2023, system=false, versionable=true, multilingualable=false, variable=testVarname1689913775681, owner=system, modDate=Fri Jul 21 04:29:36 UTC 2023, host=48190c8c-42c4-46af-8d1a-0cd5db894797, siteName=demo.dotcms.com, icon=event_note, sortOrder=0, folder=SYSTEM_FOLDER, folderPath=/, requiredFields=[], markedForDeletion=false}, expectedName='testVarname1689913775681', expectedType='CONTENT'}]" classname="com.dotmarketing.business.DeterministicIdentifierAPITest" time="0.005"/>
  <system-out><![CDATA[]]></system-out>
  <system-err><![CDATA[]]></system-err>
</testsuite>
