<?xml version="1.0" encoding="UTF-8"?>
<testsuite name="com.dotmarketing.portlets.structure.model.ContentletRelationshipsTest" tests="7" skipped="0" failures="0" errors="0" timestamp="2023-07-20T08:06:52" hostname="fv-az313-957" time="8.113">
  <properties/>
  <testcase name="testDoesAllowOnlyOne[0: com.dotmarketing.portlets.structure.model.ContentletRelationshipsTest$CardinalityTestCase@5d894992]" classname="com.dotmarketing.portlets.structure.model.ContentletRelationshipsTest" time="0.49"/>
  <testcase name="testDoesAllowOnlyOne[1: com.dotmarketing.portlets.structure.model.ContentletRelationshipsTest$CardinalityTestCase@3ef6d57f]" classname="com.dotmarketing.portlets.structure.model.ContentletRelationshipsTest" time="0.473"/>
  <testcase name="testDoesAllowOnlyOne[2: com.dotmarketing.portlets.structure.model.ContentletRelationshipsTest$CardinalityTestCase@60452556]" classname="com.dotmarketing.portlets.structure.model.ContentletRelationshipsTest" time="0.449"/>
  <testcase name="testGetRelationshipRecords[0: com.dotmarketing.portlets.structure.model.ContentletRelationshipsTest$TestCase@570677c0]" classname="com.dotmarketing.portlets.structure.model.ContentletRelationshipsTest" time="1.988"/>
  <testcase name="testGetRelationshipRecords[1: com.dotmarketing.portlets.structure.model.ContentletRelationshipsTest$TestCase@40d4716b]" classname="com.dotmarketing.portlets.structure.model.ContentletRelationshipsTest" time="1.972"/>
  <testcase name="testGetRelationshipRecords[2: com.dotmarketing.portlets.structure.model.ContentletRelationshipsTest$TestCase@48011923]" classname="com.dotmarketing.portlets.structure.model.ContentletRelationshipsTest" time="1.911"/>
  <testcase name="testGetRelationshipRecords[3: com.dotmarketing.portlets.structure.model.ContentletRelationshipsTest$TestCase@1a7eae0]" classname="com.dotmarketing.portlets.structure.model.ContentletRelationshipsTest" time="0.819"/>
  <system-out><![CDATA[]]></system-out>
  <system-err><![CDATA[]]></system-err>
</testsuite>
