<?xml version="1.0" encoding="UTF-8"?>
<testsuite name="com.dotcms.rest.TagResourceIntegrationTest" tests="4" skipped="0" failures="0" errors="0" timestamp="2023-07-20T21:58:09" hostname="fv-az803-349" time="0.422">
  <properties/>
  <testcase name="testList[0: com.dotcms.rest.TagResourceTestCase@122394a8]" classname="com.dotcms.rest.TagResourceIntegrationTest" time="0.328"/>
  <testcase name="testList[1: com.dotcms.rest.TagResourceTestCase@f5e9880]" classname="com.dotcms.rest.TagResourceIntegrationTest" time="0.034"/>
  <testcase name="testList[2: com.dotcms.rest.TagResourceTestCase@78051b97]" classname="com.dotcms.rest.TagResourceIntegrationTest" time="0.027"/>
  <testcase name="testList[3: com.dotcms.rest.TagResourceTestCase@6d6f5897]" classname="com.dotcms.rest.TagResourceIntegrationTest" time="0.031"/>
  <system-out><![CDATA[]]></system-out>
  <system-err><![CDATA[Jul 20, 2023 9:58:09 PM com.dotcms.repackage.org.hibernate.validator.internal.util.Version <clinit>
INFO: HV000001: Hibernate Validator 4.3.2.Final
]]></system-err>
</testsuite>
