<?xml version="1.0" encoding="UTF-8"?>
<testsuite name="com.dotcms.cache.lettuce.LettuceCacheTest" tests="6" skipped="0" failures="0" errors="0" timestamp="2023-07-21T18:45:20" hostname="fv-az454-899" time="0.047">
  <properties/>
  <testcase name="test_cache_key_listing" classname="com.dotcms.cache.lettuce.LettuceCacheTest" time="0.013"/>
  <testcase name="test_cache_group_listing" classname="com.dotcms.cache.lettuce.LettuceCacheTest" time="0.008"/>
  <testcase name="test_prefix_key_cycling" classname="com.dotcms.cache.lettuce.LettuceCacheTest" time="0.008"/>
  <testcase name="test_flushall" classname="com.dotcms.cache.lettuce.LettuceCacheTest" time="0.006"/>
  <testcase name="tests_puts_and_gets" classname="com.dotcms.cache.lettuce.LettuceCacheTest" time="0.006"/>
  <testcase name="test_cache_key_generation" classname="com.dotcms.cache.lettuce.LettuceCacheTest" time="0.005"/>
  <system-out><![CDATA[]]></system-out>
  <system-err><![CDATA[]]></system-err>
</testsuite>
