<?xml version="1.0" encoding="UTF-8"?>
<testsuite name="com.dotcms.rendering.velocity.viewtools.navigation.NavToolCacheTest" tests="2" skipped="0" failures="0" errors="0" timestamp="2023-07-20T19:41:52" hostname="fv-az1232-188" time="3.978">
  <properties/>
  <testcase name="test_navtool_cache_does_not_return_hydrated_navresults" classname="com.dotcms.rendering.velocity.viewtools.navigation.NavToolCacheTest" time="3.957"/>
  <testcase name="test_NavToolCache_cannot_take_a_hydrated_result" classname="com.dotcms.rendering.velocity.viewtools.navigation.NavToolCacheTest" time="0.021"/>
  <system-out><![CDATA[






]]></system-out>
  <system-err><![CDATA[]]></system-err>
</testsuite>
