<?xml version="1.0" encoding="UTF-8"?>
<testsuite name="com.dotmarketing.db.HibernateUtilTest" tests="7" skipped="0" failures="0" errors="0" timestamp="2023-06-26T16:24:17" hostname="fv-az364-36" time="1.387">
  <properties/>
  <testcase name="testAddCommitListener[0: com.dotmarketing.db.AddCommitListenerTestCase@7c448822]" classname="com.dotmarketing.db.HibernateUtilTest" time="0.001"/>
  <testcase name="testAddCommitListener[1: com.dotmarketing.db.AddCommitListenerTestCase@36dfccc9]" classname="com.dotmarketing.db.HibernateUtilTest" time="0.001"/>
  <testcase name="testAddCommitListener[2: com.dotmarketing.db.AddCommitListenerTestCase@26678468]" classname="com.dotmarketing.db.HibernateUtilTest" time="0.001"/>
  <testcase name="testAddCommitListener[3: com.dotmarketing.db.AddCommitListenerTestCase@37fef7ef]" classname="com.dotmarketing.db.HibernateUtilTest" time="0.001"/>
  <testcase name="testAddCommitListener[4: com.dotmarketing.db.AddCommitListenerTestCase@6f236caa]" classname="com.dotmarketing.db.HibernateUtilTest" time="0.001"/>
  <testcase name="updateOnDirtyObjectWhenFlush" classname="com.dotmarketing.db.HibernateUtilTest" time="0.193"/>
  <testcase name="updateOnDirtyObjectWhenQuery" classname="com.dotmarketing.db.HibernateUtilTest" time="1.189"/>
  <system-out><![CDATA[]]></system-out>
  <system-err><![CDATA[]]></system-err>
</testsuite>
