<?xml version="1.0" encoding="UTF-8"?>
<testsuite name="com.dotcms.rest.TagResourceIntegrationTest" tests="4" skipped="0" failures="0" errors="0" timestamp="2023-07-18T18:10:42" hostname="fv-az803-421" time="0.422">
  <properties/>
  <testcase name="testList[0: com.dotcms.rest.TagResourceTestCase@6f46aa50]" classname="com.dotcms.rest.TagResourceIntegrationTest" time="0.338"/>
  <testcase name="testList[1: com.dotcms.rest.TagResourceTestCase@4cc5709]" classname="com.dotcms.rest.TagResourceIntegrationTest" time="0.033"/>
  <testcase name="testList[2: com.dotcms.rest.TagResourceTestCase@42a9b50]" classname="com.dotcms.rest.TagResourceIntegrationTest" time="0.026"/>
  <testcase name="testList[3: com.dotcms.rest.TagResourceTestCase@7610e0e1]" classname="com.dotcms.rest.TagResourceIntegrationTest" time="0.025"/>
  <system-out><![CDATA[]]></system-out>
  <system-err><![CDATA[Jul 18, 2023 6:10:43 PM com.dotcms.repackage.org.hibernate.validator.internal.util.Version <clinit>
INFO: HV000001: Hibernate Validator 4.3.2.Final
]]></system-err>
</testsuite>
