<?xml version="1.0" encoding="UTF-8"?>
<testsuite name="com.dotmarketing.portlets.personas.business.PersonaAPITest" tests="5" skipped="0" failures="0" errors="0" timestamp="2023-07-18T16:59:43" hostname="fv-az370-360" time="5.555">
  <properties/>
  <testcase name="test_pulling_personas_including_default_persona" classname="com.dotmarketing.portlets.personas.business.PersonaAPITest" time="1.011"/>
  <testcase name="testgetPersonasIncludingDefaultPersona_filterNewPersonaContentType_ShouldReturnPersonas" classname="com.dotmarketing.portlets.personas.business.PersonaAPITest" time="1.786"/>
  <testcase name="testFindPersonaByTag_CustomPersonaType_ShouldReturnTag" classname="com.dotmarketing.portlets.personas.business.PersonaAPITest" time="2.655"/>
  <testcase name="test_filtering_personas_by_name_and_keytag_including_default_persona" classname="com.dotmarketing.portlets.personas.business.PersonaAPITest" time="0.078"/>
  <testcase name="test_pagination_of_pulling_personas_including_default_persona" classname="com.dotmarketing.portlets.personas.business.PersonaAPITest" time="0.025"/>
  <system-out><![CDATA[]]></system-out>
  <system-err><![CDATA[











]]></system-err>
</testsuite>
