<?xml version="1.0" encoding="UTF-8"?>
<testsuite name="com.dotmarketing.portlets.contentlet.ajax.ContentletAjaxTest" tests="7" skipped="0" failures="0" errors="0" timestamp="2023-06-23T19:28:03" hostname="fv-az256-466" time="9.99">
  <properties/>
  <testcase name="test_searchContentletsByUser_filteringByDates_returns_validResults" classname="com.dotmarketing.portlets.contentlet.ajax.ContentletAjaxTest" time="2.421"/>
  <testcase name="issue5330" classname="com.dotmarketing.portlets.contentlet.ajax.ContentletAjaxTest" time="2.55"/>
  <testcase name="test_doSearchGlossaryTerm_ReturnsListLanguageVariables" classname="com.dotmarketing.portlets.contentlet.ajax.ContentletAjaxTest" time="2.199"/>
  <testcase name="test_searchContentletsByUser_filteringByRelatedContent_returns_validResults[0: ONE_TO_MANY]" classname="com.dotmarketing.portlets.contentlet.ajax.ContentletAjaxTest" time="0.681"/>
  <testcase name="test_searchContentletsByUser_filteringByRelatedContent_returns_validResults[1: MANY_TO_MANY]" classname="com.dotmarketing.portlets.contentlet.ajax.ContentletAjaxTest" time="0.652"/>
  <testcase name="test_searchContentletsByUser_filteringByRelatedContent_returns_validResults[2: ONE_TO_ONE]" classname="com.dotmarketing.portlets.contentlet.ajax.ContentletAjaxTest" time="0.714"/>
  <testcase name="test_searchContentletsByUser_filteringByRelatedContent_returns_validResults[3: MANY_TO_ONE]" classname="com.dotmarketing.portlets.contentlet.ajax.ContentletAjaxTest" time="0.771"/>
  <system-out><![CDATA[]]></system-out>
  <system-err><![CDATA[]]></system-err>
</testsuite>
