<?xml version="1.0" encoding="UTF-8"?>
<testsuite name="com.dotcms.storage.StoragePersistenceAPITest" tests="18" skipped="0" failures="0" errors="0" timestamp="2023-06-26T15:26:56" hostname="fv-az413-549" time="2.019">
  <properties/>
  <testcase name="Test_Get_Provider_By_StorageType" classname="com.dotcms.storage.StoragePersistenceAPITest" time="0.005"/>
  <testcase name="Test_Replace_Entry[0: TestCase{storageType=FILE_SYSTEM, groupName='mHujqkM4gc', path='any-path', file=testFile1900568123221930316.bin}]" classname="com.dotcms.storage.StoragePersistenceAPITest" time="0.003"/>
  <testcase name="Test_Replace_Entry[1: TestCase{storageType=DB, groupName='mHujqkM4gc', path='any-path', file=testFile1900568123221930316.bin}]" classname="com.dotcms.storage.StoragePersistenceAPITest" time="0.091"/>
  <testcase name="Test_Pull_File_Different_Casing[0: TestCase{storageType=FILE_SYSTEM, groupName='mHujqkM4gc', path='any-path', file=testFile1900568123221930316.bin}]" classname="com.dotcms.storage.StoragePersistenceAPITest" time="0.002"/>
  <testcase name="Test_Pull_File_Different_Casing[1: TestCase{storageType=DB, groupName='mHujqkM4gc', path='any-path', file=testFile1900568123221930316.bin}]" classname="com.dotcms.storage.StoragePersistenceAPITest" time="0.009"/>
  <testcase name="Test_Get_Default_Provider" classname="com.dotcms.storage.StoragePersistenceAPITest" time="0.001"/>
  <testcase name="Test_Attempt_Push_Same_Binary_Twice[0: TestCase{storageType=FILE_SYSTEM, groupName='ZmTfym4VvO', path='imageFilePath', file=test_image2.png}]" classname="com.dotcms.storage.StoragePersistenceAPITest" time="0.002"/>
  <testcase name="Test_Attempt_Push_Same_Binary_Twice[1: TestCase{storageType=DB, groupName='ZmTfym4VvO', path='imageFilePath', file=test_image2.png}]" classname="com.dotcms.storage.StoragePersistenceAPITest" time="0.021"/>
  <testcase name="Test_Delete_Object_Version[0: TestCase{storageType=FILE_SYSTEM, groupName='i4Ohqb1BAW', path='fixed-large-file-path', file=testFile3812652880781406157.bin}]" classname="com.dotcms.storage.StoragePersistenceAPITest" time="0.11"/>
  <testcase name="Test_Delete_Object_Version[1: TestCase{storageType=DB, groupName='i4Ohqb1BAW', path='fixed-large-file-path', file=testFile3812652880781406157.bin}]" classname="com.dotcms.storage.StoragePersistenceAPITest" time="1.367"/>
  <testcase name="Test_Storage_Push_File_Then_Recover_Then_Remove_Group[0: TestCase{storageType=FILE_SYSTEM, groupName='fixed-group-name', path='textFilePath', file=test.txt}]" classname="com.dotcms.storage.StoragePersistenceAPITest" time="0.011"/>
  <testcase name="Test_Storage_Push_File_Then_Recover_Then_Remove_Group[1: TestCase{storageType=FILE_SYSTEM, groupName='fixed-group-name', path='imageFilePath', file=test_image1.jpg}]" classname="com.dotcms.storage.StoragePersistenceAPITest" time="0.002"/>
  <testcase name="Test_Storage_Push_File_Then_Recover_Then_Remove_Group[2: TestCase{storageType=DB, groupName='fixed-group-name', path='textFilePath', file=test.txt}]" classname="com.dotcms.storage.StoragePersistenceAPITest" time="0.014"/>
  <testcase name="Test_Storage_Push_File_Then_Recover_Then_Remove_Group[3: TestCase{storageType=DB, groupName='fixed-group-name', path='imageFilePath', file=test_image1.jpg}]" classname="com.dotcms.storage.StoragePersistenceAPITest" time="0.123"/>
  <testcase name="Test_Attempt_Create_Dupe_Group[0: TestCase{storageType=FILE_SYSTEM, groupName='JUndvSFvsY', path='null', file=n/a}]" classname="com.dotcms.storage.StoragePersistenceAPITest" time="0.001"/>
  <testcase name="Test_Attempt_Create_Dupe_Group[1: TestCase{storageType=DB, groupName='JUndvSFvsY', path='null', file=n/a}]" classname="com.dotcms.storage.StoragePersistenceAPITest" time="0.004"/>
  <testcase name="Test_Push_Large_File[0: TestCase{storageType=FILE_SYSTEM, groupName='i4Ohqb1BAW', path='fixed-large-file-path', file=testFile3812652880781406157.bin}]" classname="com.dotcms.storage.StoragePersistenceAPITest" time="0.04"/>
  <testcase name="Test_Push_Large_File[1: TestCase{storageType=DB, groupName='i4Ohqb1BAW', path='fixed-large-file-path', file=testFile3812652880781406157.bin}]" classname="com.dotcms.storage.StoragePersistenceAPITest" time="0.212"/>
  <system-out><![CDATA[]]></system-out>
  <system-err><![CDATA[]]></system-err>
</testsuite>
