<?xml version="1.0" encoding="UTF-8"?>
<testsuite name="com.dotmarketing.startup.runonce.Task05200WorkflowTaskUniqueKeyTest" tests="3" skipped="0" failures="0" errors="0" timestamp="2023-07-04T02:00:44" hostname="fv-az613-350" time="4.511">
  <properties/>
  <testcase name="Test_Upgrade_Task_When_Duped_WorkflowTasks_Exists" classname="com.dotmarketing.startup.runonce.Task05200WorkflowTaskUniqueKeyTest" time="1.455"/>
  <testcase name="Test_Upgrade_Task_When_Duped_With_Null_Languages_WorkflowTasks_Exists" classname="com.dotmarketing.startup.runonce.Task05200WorkflowTaskUniqueKeyTest" time="3.046"/>
  <testcase name="Test_Upgrade_Task" classname="com.dotmarketing.startup.runonce.Task05200WorkflowTaskUniqueKeyTest" time="0.009"/>
  <system-out><![CDATA[]]></system-out>
  <system-err><![CDATA[]]></system-err>
</testsuite>
