<?xml version="1.0" encoding="UTF-8"?>
<testsuite name="com.dotmarketing.db.DbConnectionFactoryUtilTest" tests="1" skipped="0" failures="0" errors="0" timestamp="2023-07-10T23:41:44" hostname="fv-az621-762" time="0.007">
  <properties/>
  <testcase name="testInTransaction" classname="com.dotmarketing.db.DbConnectionFactoryUtilTest" time="0.007"/>
  <system-out><![CDATA[]]></system-out>
  <system-err><![CDATA[]]></system-err>
</testsuite>
