<?xml version="1.0" encoding="UTF-8"?>
<testsuite name="com.dotmarketing.servlets.ajax.AjaxDirectorServletIntegrationTest" tests="2" skipped="0" failures="0" errors="0" timestamp="2023-06-30T15:51:41" hostname="fv-az409-496" time="3.53">
  <properties/>
  <testcase name="testService[0: com.dotmarketing.servlets.ajax.AjaxDirectorServletTestCase@342d2790]" classname="com.dotmarketing.servlets.ajax.AjaxDirectorServletIntegrationTest" time="2.196"/>
  <testcase name="testService[1: com.dotmarketing.servlets.ajax.AjaxDirectorServletTestCase@34371b6]" classname="com.dotmarketing.servlets.ajax.AjaxDirectorServletIntegrationTest" time="1.334"/>
  <system-out><![CDATA[]]></system-out>
  <system-err><![CDATA[]]></system-err>
</testsuite>
