<?xml version="1.0" encoding="UTF-8"?>
<testsuite name="com.dotcms.rest.api.v1.vtl.VTLResourceIntegrationTest" tests="6" skipped="0" failures="0" errors="0" timestamp="2023-07-17T20:54:58" hostname="fv-az561-617" time="14.237">
  <properties/>
  <testcase name="testGet[0: com.dotcms.rest.api.v1.vtl.VTLResourceTestCase@5f495723]" classname="com.dotcms.rest.api.v1.vtl.VTLResourceIntegrationTest" time="1.979"/>
  <testcase name="testGet[1: com.dotcms.rest.api.v1.vtl.VTLResourceTestCase@5f639d0c]" classname="com.dotcms.rest.api.v1.vtl.VTLResourceIntegrationTest" time="1.968"/>
  <testcase name="testGet[2: com.dotcms.rest.api.v1.vtl.VTLResourceTestCase@3b865097]" classname="com.dotcms.rest.api.v1.vtl.VTLResourceIntegrationTest" time="2.43"/>
  <testcase name="testGet[3: com.dotcms.rest.api.v1.vtl.VTLResourceTestCase@19bf48df]" classname="com.dotcms.rest.api.v1.vtl.VTLResourceIntegrationTest" time="2.907"/>
  <testcase name="testGet[4: com.dotcms.rest.api.v1.vtl.VTLResourceTestCase@cdae484]" classname="com.dotcms.rest.api.v1.vtl.VTLResourceIntegrationTest" time="2.765"/>
  <testcase name="testGet[5: com.dotcms.rest.api.v1.vtl.VTLResourceTestCase@4f1293ee]" classname="com.dotcms.rest.api.v1.vtl.VTLResourceIntegrationTest" time="2.188"/>
  <system-out><![CDATA[]]></system-out>
  <system-err><![CDATA[]]></system-err>
</testsuite>
