<?xml version="1.0" encoding="UTF-8"?>
<testsuite name="com.dotmarketing.startup.StartupTasksExecutorTest" tests="3" skipped="0" failures="0" errors="0" timestamp="2023-06-26T19:57:22" hostname="fv-az1114-884" time="0.011">
  <properties/>
  <testcase name="testGetTaskId[0: com.dotmarketing.startup.StartupTasksExecutorTest$TestCase@649b07da]" classname="com.dotmarketing.startup.StartupTasksExecutorTest" time="0.01"/>
  <testcase name="testGetTaskId[1: com.dotmarketing.startup.StartupTasksExecutorTest$TestCase@a710ea3]" classname="com.dotmarketing.startup.StartupTasksExecutorTest" time="0.001"/>
  <testcase name="testGetTaskId[2: com.dotmarketing.startup.StartupTasksExecutorTest$TestCase@54fcf104]" classname="com.dotmarketing.startup.StartupTasksExecutorTest" time="0.0"/>
  <system-out><![CDATA[]]></system-out>
  <system-err><![CDATA[]]></system-err>
</testsuite>
