<?xml version="1.0" encoding="UTF-8"?>
<testsuite name="com.dotcms.rest.TagResourceIntegrationTest" tests="4" skipped="0" failures="0" errors="0" timestamp="2023-06-28T16:49:01" hostname="fv-az790-106" time="0.3">
  <properties/>
  <testcase name="testList[0: com.dotcms.rest.TagResourceTestCase@4bdf3b0e]" classname="com.dotcms.rest.TagResourceIntegrationTest" time="0.223"/>
  <testcase name="testList[1: com.dotcms.rest.TagResourceTestCase@4c556c74]" classname="com.dotcms.rest.TagResourceIntegrationTest" time="0.038"/>
  <testcase name="testList[2: com.dotcms.rest.TagResourceTestCase@3260abb7]" classname="com.dotcms.rest.TagResourceIntegrationTest" time="0.017"/>
  <testcase name="testList[3: com.dotcms.rest.TagResourceTestCase@7b2f282b]" classname="com.dotcms.rest.TagResourceIntegrationTest" time="0.02"/>
  <system-out><![CDATA[]]></system-out>
  <system-err><![CDATA[Jun 28, 2023 4:49:01 PM com.dotcms.repackage.org.hibernate.validator.internal.util.Version <clinit>
INFO: HV000001: Hibernate Validator 4.3.2.Final
]]></system-err>
</testsuite>
