<?xml version="1.0" encoding="UTF-8"?>
<testsuite name="com.dotmarketing.portlets.structure.model.ContentletRelationshipsTest" tests="7" skipped="0" failures="0" errors="0" timestamp="2023-06-30T23:13:59" hostname="fv-az1256-878" time="7.657">
  <properties/>
  <testcase name="testDoesAllowOnlyOne[0: com.dotmarketing.portlets.structure.model.ContentletRelationshipsTest$CardinalityTestCase@3e7a8cf2]" classname="com.dotmarketing.portlets.structure.model.ContentletRelationshipsTest" time="0.414"/>
  <testcase name="testDoesAllowOnlyOne[1: com.dotmarketing.portlets.structure.model.ContentletRelationshipsTest$CardinalityTestCase@653046c3]" classname="com.dotmarketing.portlets.structure.model.ContentletRelationshipsTest" time="0.394"/>
  <testcase name="testDoesAllowOnlyOne[2: com.dotmarketing.portlets.structure.model.ContentletRelationshipsTest$CardinalityTestCase@60d28d77]" classname="com.dotmarketing.portlets.structure.model.ContentletRelationshipsTest" time="0.406"/>
  <testcase name="testGetRelationshipRecords[0: com.dotmarketing.portlets.structure.model.ContentletRelationshipsTest$TestCase@715960ea]" classname="com.dotmarketing.portlets.structure.model.ContentletRelationshipsTest" time="1.838"/>
  <testcase name="testGetRelationshipRecords[1: com.dotmarketing.portlets.structure.model.ContentletRelationshipsTest$TestCase@1b2e7f2f]" classname="com.dotmarketing.portlets.structure.model.ContentletRelationshipsTest" time="1.823"/>
  <testcase name="testGetRelationshipRecords[2: com.dotmarketing.portlets.structure.model.ContentletRelationshipsTest$TestCase@7ccf34d7]" classname="com.dotmarketing.portlets.structure.model.ContentletRelationshipsTest" time="1.83"/>
  <testcase name="testGetRelationshipRecords[3: com.dotmarketing.portlets.structure.model.ContentletRelationshipsTest$TestCase@882b70c]" classname="com.dotmarketing.portlets.structure.model.ContentletRelationshipsTest" time="0.95"/>
  <system-out><![CDATA[]]></system-out>
  <system-err><![CDATA[]]></system-err>
</testsuite>
