<?xml version="1.0" encoding="UTF-8"?>
<testsuite name="com.dotcms.notification.business.NotificationAPITest" tests="5" skipped="0" failures="0" errors="0" timestamp="2023-07-10T21:52:23" hostname="fv-az487-466" time="6.559">
  <properties/>
  <testcase name="testNewNotificationsCount" classname="com.dotcms.notification.business.NotificationAPITest" time="0.01"/>
  <testcase name="testGetPaginatedNotifications" classname="com.dotcms.notification.business.NotificationAPITest" time="0.028"/>
  <testcase name="testSaveDeleteNotification" classname="com.dotcms.notification.business.NotificationAPITest" time="0.006"/>
  <testcase name="testSaveNotificationsForUsers" classname="com.dotcms.notification.business.NotificationAPITest" time="1.803"/>
  <testcase name="generateNotificationForRole" classname="com.dotcms.notification.business.NotificationAPITest" time="4.711"/>
  <system-out><![CDATA[]]></system-out>
  <system-err><![CDATA[]]></system-err>
</testsuite>
