<?xml version="1.0" encoding="UTF-8"?>
<testsuite name="com.dotcms.enterprise.publishing.remote.bundler.HostBundlerTest" tests="3" skipped="0" failures="0" errors="0" timestamp="2023-06-28T04:03:31" hostname="fv-az1032-241" time="0.044">
  <properties/>
  <testcase name="addHostInBundle[0: com.dotcms.enterprise.publishing.remote.bundler.HostBundlerTest$TestCase@4c297fb7]" classname="com.dotcms.enterprise.publishing.remote.bundler.HostBundlerTest" time="0.014"/>
  <testcase name="addHostInBundle[1: com.dotcms.enterprise.publishing.remote.bundler.HostBundlerTest$TestCase@6fcf8cc8]" classname="com.dotcms.enterprise.publishing.remote.bundler.HostBundlerTest" time="0.011"/>
  <testcase name="addHostInBundle[2: com.dotcms.enterprise.publishing.remote.bundler.HostBundlerTest$TestCase@b7b5cd2]" classname="com.dotcms.enterprise.publishing.remote.bundler.HostBundlerTest" time="0.019"/>
  <system-out><![CDATA[]]></system-out>
  <system-err><![CDATA[]]></system-err>
</testsuite>
