<?xml version="1.0" encoding="UTF-8"?>
<testsuite name="com.dotcms.publisher.business.PublishQueueElementTransformerTest" tests="1" skipped="0" failures="0" errors="0" timestamp="2023-06-27T16:21:51" hostname="fv-az206-664" time="1.113">
  <properties/>
  <testcase name="getDetailedAssets" classname="com.dotcms.publisher.business.PublishQueueElementTransformerTest" time="1.113"/>
  <system-out><![CDATA[]]></system-out>
  <system-err><![CDATA[]]></system-err>
</testsuite>
