<?xml version="1.0" encoding="UTF-8"?>
<testsuite name="com.dotmarketing.servlets.ajax.AjaxDirectorServletIntegrationTest" tests="2" skipped="0" failures="0" errors="0" timestamp="2023-07-18T00:21:08" hostname="fv-az442-90" time="2.522">
  <properties/>
  <testcase name="testService[0: com.dotmarketing.servlets.ajax.AjaxDirectorServletTestCase@742d06c6]" classname="com.dotmarketing.servlets.ajax.AjaxDirectorServletIntegrationTest" time="1.013"/>
  <testcase name="testService[1: com.dotmarketing.servlets.ajax.AjaxDirectorServletTestCase@53ace451]" classname="com.dotmarketing.servlets.ajax.AjaxDirectorServletIntegrationTest" time="1.509"/>
  <system-out><![CDATA[]]></system-out>
  <system-err><![CDATA[]]></system-err>
</testsuite>
