<?xml version="1.0" encoding="UTF-8"?>
<testsuite name="com.dotcms.rendering.velocity.viewtools.XsltToolTest" tests="1" skipped="0" failures="0" errors="0" timestamp="2023-07-13T15:08:15" hostname="fv-az621-935" time="3.262">
  <properties/>
  <testcase name="TestTransform" classname="com.dotcms.rendering.velocity.viewtools.XsltToolTest" time="3.262"/>
  <system-out><![CDATA[]]></system-out>
  <system-err><![CDATA[]]></system-err>
</testsuite>
