<?xml version="1.0" encoding="UTF-8"?>
<testsuite name="com.dotmarketing.servlets.ajax.AjaxDirectorServletIntegrationTest" tests="2" skipped="0" failures="0" errors="0" timestamp="2023-07-18T18:45:27" hostname="fv-az351-382" time="2.802">
  <properties/>
  <testcase name="testService[0: com.dotmarketing.servlets.ajax.AjaxDirectorServletTestCase@46bc02ba]" classname="com.dotmarketing.servlets.ajax.AjaxDirectorServletIntegrationTest" time="1.54"/>
  <testcase name="testService[1: com.dotmarketing.servlets.ajax.AjaxDirectorServletTestCase@35a8409c]" classname="com.dotmarketing.servlets.ajax.AjaxDirectorServletIntegrationTest" time="1.262"/>
  <system-out><![CDATA[]]></system-out>
  <system-err><![CDATA[]]></system-err>
</testsuite>
