<?xml version="1.0" encoding="UTF-8"?>
<testsuite name="com.dotmarketing.startup.StartupTasksExecutorTest" tests="3" skipped="0" failures="0" errors="0" timestamp="2023-07-18T19:33:18" hostname="fv-az455-56" time="0.017">
  <properties/>
  <testcase name="testGetTaskId[0: com.dotmarketing.startup.StartupTasksExecutorTest$TestCase@41bb44a7]" classname="com.dotmarketing.startup.StartupTasksExecutorTest" time="0.014"/>
  <testcase name="testGetTaskId[1: com.dotmarketing.startup.StartupTasksExecutorTest$TestCase@77e19084]" classname="com.dotmarketing.startup.StartupTasksExecutorTest" time="0.001"/>
  <testcase name="testGetTaskId[2: com.dotmarketing.startup.StartupTasksExecutorTest$TestCase@5e11a0ee]" classname="com.dotmarketing.startup.StartupTasksExecutorTest" time="0.001"/>
  <system-out><![CDATA[]]></system-out>
  <system-err><![CDATA[]]></system-err>
</testsuite>
