<?xml version="1.0" encoding="UTF-8"?>
<testsuite name="com.dotcms.auth.providers.jwt.JsonWebTokenUtilsIntegrationTest" tests="4" skipped="0" failures="0" errors="0" timestamp="2023-06-26T16:09:45" hostname="fv-az422-943" time="1.026">
  <properties/>
  <testcase name="get_user_in_token_modified" classname="com.dotcms.auth.providers.jwt.JsonWebTokenUtilsIntegrationTest" time="1.009"/>
  <testcase name="get_user_in_token" classname="com.dotcms.auth.providers.jwt.JsonWebTokenUtilsIntegrationTest" time="0.004"/>
  <testcase name="testWellFormedToken" classname="com.dotcms.auth.providers.jwt.JsonWebTokenUtilsIntegrationTest" time="0.012"/>
  <testcase name="testParseMalformedToken" classname="com.dotcms.auth.providers.jwt.JsonWebTokenUtilsIntegrationTest" time="0.0"/>
  <system-out><![CDATA[

]]></system-out>
  <system-err><![CDATA[]]></system-err>
</testsuite>
