<?xml version="1.0" encoding="UTF-8"?>
<testsuite name="com.dotmarketing.startup.runonce.Task201013AddNewColumnsToIdentifierTableTest" tests="1" skipped="0" failures="0" errors="0" timestamp="2023-07-07T20:55:43" hostname="fv-az422-848" time="0.022">
  <properties/>
  <testcase name="test_upgradeTask_success" classname="com.dotmarketing.startup.runonce.Task201013AddNewColumnsToIdentifierTableTest" time="0.022"/>
  <system-out><![CDATA[]]></system-out>
  <system-err><![CDATA[]]></system-err>
</testsuite>
