<?xml version="1.0" encoding="UTF-8"?>
<testsuite name="com.dotcms.rest.api.v1.vtl.VTLResourceIntegrationTest" tests="6" skipped="0" failures="0" errors="0" timestamp="2023-07-17T18:52:13" hostname="fv-az563-445" time="12.331">
  <properties/>
  <testcase name="testGet[0: com.dotcms.rest.api.v1.vtl.VTLResourceTestCase@748c084a]" classname="com.dotcms.rest.api.v1.vtl.VTLResourceIntegrationTest" time="2.411"/>
  <testcase name="testGet[1: com.dotcms.rest.api.v1.vtl.VTLResourceTestCase@2d3a080e]" classname="com.dotcms.rest.api.v1.vtl.VTLResourceIntegrationTest" time="2.056"/>
  <testcase name="testGet[2: com.dotcms.rest.api.v1.vtl.VTLResourceTestCase@275c1508]" classname="com.dotcms.rest.api.v1.vtl.VTLResourceIntegrationTest" time="2.016"/>
  <testcase name="testGet[3: com.dotcms.rest.api.v1.vtl.VTLResourceTestCase@39121978]" classname="com.dotcms.rest.api.v1.vtl.VTLResourceIntegrationTest" time="1.903"/>
  <testcase name="testGet[4: com.dotcms.rest.api.v1.vtl.VTLResourceTestCase@2d488848]" classname="com.dotcms.rest.api.v1.vtl.VTLResourceIntegrationTest" time="2.058"/>
  <testcase name="testGet[5: com.dotcms.rest.api.v1.vtl.VTLResourceTestCase@504f9f97]" classname="com.dotcms.rest.api.v1.vtl.VTLResourceIntegrationTest" time="1.887"/>
  <system-out><![CDATA[]]></system-out>
  <system-err><![CDATA[]]></system-err>
</testsuite>
