<?xml version="1.0" encoding="UTF-8"?>
<testsuite name="com.dotmarketing.startup.runonce.Task05210CreateDefaultDotAssetTest" tests="1" skipped="0" failures="0" errors="0" timestamp="2023-07-07T19:59:35" hostname="fv-az622-57" time="1.202">
  <properties/>
  <testcase name="Test_Upgrade_Task" classname="com.dotmarketing.startup.runonce.Task05210CreateDefaultDotAssetTest" time="1.202"/>
  <system-out><![CDATA[]]></system-out>
  <system-err><![CDATA[]]></system-err>
</testsuite>
