<?xml version="1.0" encoding="UTF-8"?>
<testsuite name="com.dotcms.rest.api.v1.vtl.VTLResourceIntegrationTest" tests="6" skipped="0" failures="0" errors="0" timestamp="2023-07-19T16:28:36" hostname="fv-az400-396" time="10.97">
  <properties/>
  <testcase name="testGet[0: com.dotcms.rest.api.v1.vtl.VTLResourceTestCase@76af0f2e]" classname="com.dotcms.rest.api.v1.vtl.VTLResourceIntegrationTest" time="1.784"/>
  <testcase name="testGet[1: com.dotcms.rest.api.v1.vtl.VTLResourceTestCase@59c32b6e]" classname="com.dotcms.rest.api.v1.vtl.VTLResourceIntegrationTest" time="1.15"/>
  <testcase name="testGet[2: com.dotcms.rest.api.v1.vtl.VTLResourceTestCase@34906ded]" classname="com.dotcms.rest.api.v1.vtl.VTLResourceIntegrationTest" time="3.153"/>
  <testcase name="testGet[3: com.dotcms.rest.api.v1.vtl.VTLResourceTestCase@3f298643]" classname="com.dotcms.rest.api.v1.vtl.VTLResourceIntegrationTest" time="1.857"/>
  <testcase name="testGet[4: com.dotcms.rest.api.v1.vtl.VTLResourceTestCase@31f128f7]" classname="com.dotcms.rest.api.v1.vtl.VTLResourceIntegrationTest" time="2.092"/>
  <testcase name="testGet[5: com.dotcms.rest.api.v1.vtl.VTLResourceTestCase@7129edfc]" classname="com.dotcms.rest.api.v1.vtl.VTLResourceIntegrationTest" time="0.932"/>
  <system-out><![CDATA[]]></system-out>
  <system-err><![CDATA[]]></system-err>
</testsuite>
