<?xml version="1.0" encoding="UTF-8"?>
<testsuite name="com.dotcms.rest.api.v1.authentication.CreateJsonWebTokenResourceIntegrationTest" tests="1" skipped="0" failures="0" errors="0" timestamp="2023-07-19T03:28:49" hostname="fv-az365-508" time="0.073">
  <properties/>
  <testcase name="testGetApiToken" classname="com.dotcms.rest.api.v1.authentication.CreateJsonWebTokenResourceIntegrationTest" time="0.073"/>
  <system-out><![CDATA[
]]></system-out>
  <system-err><![CDATA[]]></system-err>
</testsuite>
