<?xml version="1.0" encoding="UTF-8"?>
<testsuite name="com.dotcms.rest.elasticsearch.ESContentResourcePortletTest" tests="8" skipped="0" failures="0" errors="0" timestamp="2023-07-12T19:44:13" hostname="fv-az552-613" time="8.822">
  <properties/>
  <testcase name="test_search_includeGrandChildCategory_success" classname="com.dotcms.rest.elasticsearch.ESContentResourcePortletTest" time="1.378"/>
  <testcase name="testSearch[0: com.dotcms.rest.elasticsearch.ESContentResourcePortletTest$TestCase@520b4088]" classname="com.dotcms.rest.elasticsearch.ESContentResourcePortletTest" time="0.947"/>
  <testcase name="testSearch[1: com.dotcms.rest.elasticsearch.ESContentResourcePortletTest$TestCase@564cd68f]" classname="com.dotcms.rest.elasticsearch.ESContentResourcePortletTest" time="1.241"/>
  <testcase name="testSearch[2: com.dotcms.rest.elasticsearch.ESContentResourcePortletTest$TestCase@3d21f0f3]" classname="com.dotcms.rest.elasticsearch.ESContentResourcePortletTest" time="0.939"/>
  <testcase name="testSearch[3: com.dotcms.rest.elasticsearch.ESContentResourcePortletTest$TestCase@735fde20]" classname="com.dotcms.rest.elasticsearch.ESContentResourcePortletTest" time="1.25"/>
  <testcase name="testSearch[4: com.dotcms.rest.elasticsearch.ESContentResourcePortletTest$TestCase@7b58cfc3]" classname="com.dotcms.rest.elasticsearch.ESContentResourcePortletTest" time="1.223"/>
  <testcase name="testSearch[5: com.dotcms.rest.elasticsearch.ESContentResourcePortletTest$TestCase@4b908689]" classname="com.dotcms.rest.elasticsearch.ESContentResourcePortletTest" time="0.911"/>
  <testcase name="testSearch[6: com.dotcms.rest.elasticsearch.ESContentResourcePortletTest$TestCase@79845160]" classname="com.dotcms.rest.elasticsearch.ESContentResourcePortletTest" time="0.933"/>
  <system-out><![CDATA[]]></system-out>
  <system-err><![CDATA[]]></system-err>
</testsuite>
