<?xml version="1.0" encoding="UTF-8"?>
<testsuite name="com.dotcms.rendering.velocity.viewtools.content.util.ContentUtilsTest" tests="89" skipped="0" failures="0" errors="0" timestamp="2023-07-05T16:36:09" hostname="fv-az313-710" time="394.715">
  <properties/>
  <testcase name="whenTheTimeMachineDateIsNullAndPublishDateInFutureShouldNotReturnAnything" classname="com.dotcms.rendering.velocity.viewtools.content.util.ContentUtilsTest" time="3.143"/>
  <testcase name="test_find_multilingual_contentlet_getContentletSuccessfully" classname="com.dotcms.rendering.velocity.viewtools.content.util.ContentUtilsTest" time="0.97"/>
  <testcase name="whenTheTimeMachineDateAndPublishDateAreTomorrowShouldReturnOneContent" classname="com.dotcms.rendering.velocity.viewtools.content.util.ContentUtilsTest" time="3.145"/>
  <testcase name="testPullRelated[0: com.dotcms.rendering.velocity.viewtools.content.util.ContentUtilsTest$TestCase@6543c6ec]" classname="com.dotcms.rendering.velocity.viewtools.content.util.ContentUtilsTest" time="2.566"/>
  <testcase name="testPullRelated[1: com.dotcms.rendering.velocity.viewtools.content.util.ContentUtilsTest$TestCase@a7a4781]" classname="com.dotcms.rendering.velocity.viewtools.content.util.ContentUtilsTest" time="3.937"/>
  <testcase name="testPullRelated[2: com.dotcms.rendering.velocity.viewtools.content.util.ContentUtilsTest$TestCase@b2260c2]" classname="com.dotcms.rendering.velocity.viewtools.content.util.ContentUtilsTest" time="4.094"/>
  <testcase name="testPullRelated[3: com.dotcms.rendering.velocity.viewtools.content.util.ContentUtilsTest$TestCase@26a77097]" classname="com.dotcms.rendering.velocity.viewtools.content.util.ContentUtilsTest" time="4.035"/>
  <testcase name="testPullRelated[4: com.dotcms.rendering.velocity.viewtools.content.util.ContentUtilsTest$TestCase@5d28a609]" classname="com.dotcms.rendering.velocity.viewtools.content.util.ContentUtilsTest" time="4.122"/>
  <testcase name="testPullRelated[5: com.dotcms.rendering.velocity.viewtools.content.util.ContentUtilsTest$TestCase@536b462]" classname="com.dotcms.rendering.velocity.viewtools.content.util.ContentUtilsTest" time="3.896"/>
  <testcase name="testPullRelated[6: com.dotcms.rendering.velocity.viewtools.content.util.ContentUtilsTest$TestCase@1d0af076]" classname="com.dotcms.rendering.velocity.viewtools.content.util.ContentUtilsTest" time="3.274"/>
  <testcase name="testPullRelated[7: com.dotcms.rendering.velocity.viewtools.content.util.ContentUtilsTest$TestCase@340888]" classname="com.dotcms.rendering.velocity.viewtools.content.util.ContentUtilsTest" time="3.89"/>
  <testcase name="testPullRelated[8: com.dotcms.rendering.velocity.viewtools.content.util.ContentUtilsTest$TestCase@18b4ee69]" classname="com.dotcms.rendering.velocity.viewtools.content.util.ContentUtilsTest" time="4.169"/>
  <testcase name="testPullRelated[9: com.dotcms.rendering.velocity.viewtools.content.util.ContentUtilsTest$TestCase@2811dcb9]" classname="com.dotcms.rendering.velocity.viewtools.content.util.ContentUtilsTest" time="3.815"/>
  <testcase name="testPullRelated[10: com.dotcms.rendering.velocity.viewtools.content.util.ContentUtilsTest$TestCase@6252108d]" classname="com.dotcms.rendering.velocity.viewtools.content.util.ContentUtilsTest" time="3.502"/>
  <testcase name="testPullRelated[11: com.dotcms.rendering.velocity.viewtools.content.util.ContentUtilsTest$TestCase@42023407]" classname="com.dotcms.rendering.velocity.viewtools.content.util.ContentUtilsTest" time="3.827"/>
  <testcase name="testPullRelated[12: com.dotcms.rendering.velocity.viewtools.content.util.ContentUtilsTest$TestCase@7d7a4d88]" classname="com.dotcms.rendering.velocity.viewtools.content.util.ContentUtilsTest" time="3.927"/>
  <testcase name="testPullRelated[13: com.dotcms.rendering.velocity.viewtools.content.util.ContentUtilsTest$TestCase@5b28a28a]" classname="com.dotcms.rendering.velocity.viewtools.content.util.ContentUtilsTest" time="4.018"/>
  <testcase name="testPullRelated[14: com.dotcms.rendering.velocity.viewtools.content.util.ContentUtilsTest$TestCase@298c171a]" classname="com.dotcms.rendering.velocity.viewtools.content.util.ContentUtilsTest" time="4.185"/>
  <testcase name="testPullRelated[15: com.dotcms.rendering.velocity.viewtools.content.util.ContentUtilsTest$TestCase@7afdac20]" classname="com.dotcms.rendering.velocity.viewtools.content.util.ContentUtilsTest" time="2.958"/>
  <testcase name="testPullRelated[16: com.dotcms.rendering.velocity.viewtools.content.util.ContentUtilsTest$TestCase@5544b8fa]" classname="com.dotcms.rendering.velocity.viewtools.content.util.ContentUtilsTest" time="3.897"/>
  <testcase name="testPullRelated[17: com.dotcms.rendering.velocity.viewtools.content.util.ContentUtilsTest$TestCase@4be66c2a]" classname="com.dotcms.rendering.velocity.viewtools.content.util.ContentUtilsTest" time="4.305"/>
  <testcase name="testPullRelated[18: com.dotcms.rendering.velocity.viewtools.content.util.ContentUtilsTest$TestCase@21b968b]" classname="com.dotcms.rendering.velocity.viewtools.content.util.ContentUtilsTest" time="4.043"/>
  <testcase name="testPullRelated[19: com.dotcms.rendering.velocity.viewtools.content.util.ContentUtilsTest$TestCase@1510b644]" classname="com.dotcms.rendering.velocity.viewtools.content.util.ContentUtilsTest" time="2.98"/>
  <testcase name="testPullRelated[20: com.dotcms.rendering.velocity.viewtools.content.util.ContentUtilsTest$TestCase@65635f74]" classname="com.dotcms.rendering.velocity.viewtools.content.util.ContentUtilsTest" time="3.909"/>
  <testcase name="testPullRelated[21: com.dotcms.rendering.velocity.viewtools.content.util.ContentUtilsTest$TestCase@1d9cf8ce]" classname="com.dotcms.rendering.velocity.viewtools.content.util.ContentUtilsTest" time="3.153"/>
  <testcase name="testPullRelated[22: com.dotcms.rendering.velocity.viewtools.content.util.ContentUtilsTest$TestCase@436d8a38]" classname="com.dotcms.rendering.velocity.viewtools.content.util.ContentUtilsTest" time="4.193"/>
  <testcase name="testPullRelated[23: com.dotcms.rendering.velocity.viewtools.content.util.ContentUtilsTest$TestCase@535fa687]" classname="com.dotcms.rendering.velocity.viewtools.content.util.ContentUtilsTest" time="2.954"/>
  <testcase name="testPullRelated[24: com.dotcms.rendering.velocity.viewtools.content.util.ContentUtilsTest$TestCase@2c38cb67]" classname="com.dotcms.rendering.velocity.viewtools.content.util.ContentUtilsTest" time="4.21"/>
  <testcase name="testPullRelated[25: com.dotcms.rendering.velocity.viewtools.content.util.ContentUtilsTest$TestCase@56180ca6]" classname="com.dotcms.rendering.velocity.viewtools.content.util.ContentUtilsTest" time="3.801"/>
  <testcase name="testPullRelated[26: com.dotcms.rendering.velocity.viewtools.content.util.ContentUtilsTest$TestCase@798b6017]" classname="com.dotcms.rendering.velocity.viewtools.content.util.ContentUtilsTest" time="4.196"/>
  <testcase name="testPullRelated[27: com.dotcms.rendering.velocity.viewtools.content.util.ContentUtilsTest$TestCase@574e9a3f]" classname="com.dotcms.rendering.velocity.viewtools.content.util.ContentUtilsTest" time="2.979"/>
  <testcase name="testPullRelated[28: com.dotcms.rendering.velocity.viewtools.content.util.ContentUtilsTest$TestCase@3d471042]" classname="com.dotcms.rendering.velocity.viewtools.content.util.ContentUtilsTest" time="4.16"/>
  <testcase name="testPullRelated[29: com.dotcms.rendering.velocity.viewtools.content.util.ContentUtilsTest$TestCase@2b2c4670]" classname="com.dotcms.rendering.velocity.viewtools.content.util.ContentUtilsTest" time="3.88"/>
  <testcase name="testPullRelated[30: com.dotcms.rendering.velocity.viewtools.content.util.ContentUtilsTest$TestCase@98500da]" classname="com.dotcms.rendering.velocity.viewtools.content.util.ContentUtilsTest" time="4.277"/>
  <testcase name="testPullRelated[31: com.dotcms.rendering.velocity.viewtools.content.util.ContentUtilsTest$TestCase@2ab9ecb7]" classname="com.dotcms.rendering.velocity.viewtools.content.util.ContentUtilsTest" time="2.954"/>
  <testcase name="testPullRelated[32: com.dotcms.rendering.velocity.viewtools.content.util.ContentUtilsTest$TestCase@2ff92ca2]" classname="com.dotcms.rendering.velocity.viewtools.content.util.ContentUtilsTest" time="3.913"/>
  <testcase name="testPullRelated[33: com.dotcms.rendering.velocity.viewtools.content.util.ContentUtilsTest$TestCase@662fe0eb]" classname="com.dotcms.rendering.velocity.viewtools.content.util.ContentUtilsTest" time="4.132"/>
  <testcase name="testPullRelated[34: com.dotcms.rendering.velocity.viewtools.content.util.ContentUtilsTest$TestCase@470dbf24]" classname="com.dotcms.rendering.velocity.viewtools.content.util.ContentUtilsTest" time="3.085"/>
  <testcase name="testPullRelated[35: com.dotcms.rendering.velocity.viewtools.content.util.ContentUtilsTest$TestCase@22342f26]" classname="com.dotcms.rendering.velocity.viewtools.content.util.ContentUtilsTest" time="3.051"/>
  <testcase name="testPullRelated[36: com.dotcms.rendering.velocity.viewtools.content.util.ContentUtilsTest$TestCase@44ce8bfe]" classname="com.dotcms.rendering.velocity.viewtools.content.util.ContentUtilsTest" time="6.258"/>
  <testcase name="testPullRelated[37: com.dotcms.rendering.velocity.viewtools.content.util.ContentUtilsTest$TestCase@5dff1334]" classname="com.dotcms.rendering.velocity.viewtools.content.util.ContentUtilsTest" time="4.855"/>
  <testcase name="testPullRelated[38: com.dotcms.rendering.velocity.viewtools.content.util.ContentUtilsTest$TestCase@77a17330]" classname="com.dotcms.rendering.velocity.viewtools.content.util.ContentUtilsTest" time="6.53"/>
  <testcase name="testPullRelated[39: com.dotcms.rendering.velocity.viewtools.content.util.ContentUtilsTest$TestCase@746f3ffd]" classname="com.dotcms.rendering.velocity.viewtools.content.util.ContentUtilsTest" time="5.989"/>
  <testcase name="testPullRelated[40: com.dotcms.rendering.velocity.viewtools.content.util.ContentUtilsTest$TestCase@44cedbf5]" classname="com.dotcms.rendering.velocity.viewtools.content.util.ContentUtilsTest" time="4.82"/>
  <testcase name="testPullRelated[41: com.dotcms.rendering.velocity.viewtools.content.util.ContentUtilsTest$TestCase@610d06eb]" classname="com.dotcms.rendering.velocity.viewtools.content.util.ContentUtilsTest" time="6.454"/>
  <testcase name="testPullRelated[42: com.dotcms.rendering.velocity.viewtools.content.util.ContentUtilsTest$TestCase@1dc9d109]" classname="com.dotcms.rendering.velocity.viewtools.content.util.ContentUtilsTest" time="6.065"/>
  <testcase name="testPullRelated[43: com.dotcms.rendering.velocity.viewtools.content.util.ContentUtilsTest$TestCase@1054959a]" classname="com.dotcms.rendering.velocity.viewtools.content.util.ContentUtilsTest" time="5.895"/>
  <testcase name="testPullRelated[44: com.dotcms.rendering.velocity.viewtools.content.util.ContentUtilsTest$TestCase@2277f516]" classname="com.dotcms.rendering.velocity.viewtools.content.util.ContentUtilsTest" time="6.093"/>
  <testcase name="testPullRelated[45: com.dotcms.rendering.velocity.viewtools.content.util.ContentUtilsTest$TestCase@2bc495ed]" classname="com.dotcms.rendering.velocity.viewtools.content.util.ContentUtilsTest" time="6.137"/>
  <testcase name="testPullRelated[46: com.dotcms.rendering.velocity.viewtools.content.util.ContentUtilsTest$TestCase@78d65805]" classname="com.dotcms.rendering.velocity.viewtools.content.util.ContentUtilsTest" time="6.124"/>
  <testcase name="testPullRelated[47: com.dotcms.rendering.velocity.viewtools.content.util.ContentUtilsTest$TestCase@4c9afac0]" classname="com.dotcms.rendering.velocity.viewtools.content.util.ContentUtilsTest" time="6.087"/>
  <testcase name="testPullRelated[48: com.dotcms.rendering.velocity.viewtools.content.util.ContentUtilsTest$TestCase@51d86900]" classname="com.dotcms.rendering.velocity.viewtools.content.util.ContentUtilsTest" time="6.128"/>
  <testcase name="testPullRelated[49: com.dotcms.rendering.velocity.viewtools.content.util.ContentUtilsTest$TestCase@5e3ce52b]" classname="com.dotcms.rendering.velocity.viewtools.content.util.ContentUtilsTest" time="5.931"/>
  <testcase name="testPullRelated[50: com.dotcms.rendering.velocity.viewtools.content.util.ContentUtilsTest$TestCase@14608899]" classname="com.dotcms.rendering.velocity.viewtools.content.util.ContentUtilsTest" time="6.503"/>
  <testcase name="testPullRelated[51: com.dotcms.rendering.velocity.viewtools.content.util.ContentUtilsTest$TestCase@fb73c2f]" classname="com.dotcms.rendering.velocity.viewtools.content.util.ContentUtilsTest" time="5.991"/>
  <testcase name="testPullRelated[52: com.dotcms.rendering.velocity.viewtools.content.util.ContentUtilsTest$TestCase@1d35d4b0]" classname="com.dotcms.rendering.velocity.viewtools.content.util.ContentUtilsTest" time="6.046"/>
  <testcase name="testPullRelated[53: com.dotcms.rendering.velocity.viewtools.content.util.ContentUtilsTest$TestCase@24996f80]" classname="com.dotcms.rendering.velocity.viewtools.content.util.ContentUtilsTest" time="5.958"/>
  <testcase name="testPullRelated[54: com.dotcms.rendering.velocity.viewtools.content.util.ContentUtilsTest$TestCase@34ad0fca]" classname="com.dotcms.rendering.velocity.viewtools.content.util.ContentUtilsTest" time="6.257"/>
  <testcase name="testPullRelated[55: com.dotcms.rendering.velocity.viewtools.content.util.ContentUtilsTest$TestCase@2cd1b34]" classname="com.dotcms.rendering.velocity.viewtools.content.util.ContentUtilsTest" time="6.11"/>
  <testcase name="testPullRelated[56: com.dotcms.rendering.velocity.viewtools.content.util.ContentUtilsTest$TestCase@316edf89]" classname="com.dotcms.rendering.velocity.viewtools.content.util.ContentUtilsTest" time="4.847"/>
  <testcase name="testPullRelated[57: com.dotcms.rendering.velocity.viewtools.content.util.ContentUtilsTest$TestCase@5e64534b]" classname="com.dotcms.rendering.velocity.viewtools.content.util.ContentUtilsTest" time="6.385"/>
  <testcase name="testPullRelated[58: com.dotcms.rendering.velocity.viewtools.content.util.ContentUtilsTest$TestCase@2ebc412]" classname="com.dotcms.rendering.velocity.viewtools.content.util.ContentUtilsTest" time="6.128"/>
  <testcase name="testPullRelated[59: com.dotcms.rendering.velocity.viewtools.content.util.ContentUtilsTest$TestCase@68957bc0]" classname="com.dotcms.rendering.velocity.viewtools.content.util.ContentUtilsTest" time="5.93"/>
  <testcase name="testPullRelated[60: com.dotcms.rendering.velocity.viewtools.content.util.ContentUtilsTest$TestCase@2f4063cc]" classname="com.dotcms.rendering.velocity.viewtools.content.util.ContentUtilsTest" time="6.229"/>
  <testcase name="testPullRelated[61: com.dotcms.rendering.velocity.viewtools.content.util.ContentUtilsTest$TestCase@53428364]" classname="com.dotcms.rendering.velocity.viewtools.content.util.ContentUtilsTest" time="5.904"/>
  <testcase name="testPullRelated[62: com.dotcms.rendering.velocity.viewtools.content.util.ContentUtilsTest$TestCase@f55164a]" classname="com.dotcms.rendering.velocity.viewtools.content.util.ContentUtilsTest" time="6.107"/>
  <testcase name="testPullRelated[63: com.dotcms.rendering.velocity.viewtools.content.util.ContentUtilsTest$TestCase@4c5d371b]" classname="com.dotcms.rendering.velocity.viewtools.content.util.ContentUtilsTest" time="6.255"/>
  <testcase name="testPullRelated[64: com.dotcms.rendering.velocity.viewtools.content.util.ContentUtilsTest$TestCase@60af735f]" classname="com.dotcms.rendering.velocity.viewtools.content.util.ContentUtilsTest" time="5.133"/>
  <testcase name="testPullRelated[65: com.dotcms.rendering.velocity.viewtools.content.util.ContentUtilsTest$TestCase@27b1858d]" classname="com.dotcms.rendering.velocity.viewtools.content.util.ContentUtilsTest" time="5.772"/>
  <testcase name="testPullRelated[66: com.dotcms.rendering.velocity.viewtools.content.util.ContentUtilsTest$TestCase@712077]" classname="com.dotcms.rendering.velocity.viewtools.content.util.ContentUtilsTest" time="5.489"/>
  <testcase name="testPullRelated[67: com.dotcms.rendering.velocity.viewtools.content.util.ContentUtilsTest$TestCase@25b12a8d]" classname="com.dotcms.rendering.velocity.viewtools.content.util.ContentUtilsTest" time="6.174"/>
  <testcase name="testPullRelated[68: com.dotcms.rendering.velocity.viewtools.content.util.ContentUtilsTest$TestCase@3e9f90ef]" classname="com.dotcms.rendering.velocity.viewtools.content.util.ContentUtilsTest" time="5.925"/>
  <testcase name="testPullRelated[69: com.dotcms.rendering.velocity.viewtools.content.util.ContentUtilsTest$TestCase@15a9e75c]" classname="com.dotcms.rendering.velocity.viewtools.content.util.ContentUtilsTest" time="4.961"/>
  <testcase name="testPullRelated[70: com.dotcms.rendering.velocity.viewtools.content.util.ContentUtilsTest$TestCase@1c521f06]" classname="com.dotcms.rendering.velocity.viewtools.content.util.ContentUtilsTest" time="6.552"/>
  <testcase name="testPullRelated[71: com.dotcms.rendering.velocity.viewtools.content.util.ContentUtilsTest$TestCase@301bbb43]" classname="com.dotcms.rendering.velocity.viewtools.content.util.ContentUtilsTest" time="6.043"/>
  <testcase name="whenPublishAndExpireDatesAreInTheFutureAndTimeMachineIsAfterBoth" classname="com.dotcms.rendering.velocity.viewtools.content.util.ContentUtilsTest" time="3.184"/>
  <testcase name="testPullRelatedForLegacyRelationship[0: com.dotcms.rendering.velocity.viewtools.content.util.ContentUtilsTest$LegacyTestCase@72c15d47]" classname="com.dotcms.rendering.velocity.viewtools.content.util.ContentUtilsTest" time="4.287"/>
  <testcase name="testPullRelatedForLegacyRelationship[1: com.dotcms.rendering.velocity.viewtools.content.util.ContentUtilsTest$LegacyTestCase@2888c744]" classname="com.dotcms.rendering.velocity.viewtools.content.util.ContentUtilsTest" time="4.175"/>
  <testcase name="whenTheTimeMachineDateIsAfterTomorrowAndExpireDateIsTomorrowShouldNotReturnContent" classname="com.dotcms.rendering.velocity.viewtools.content.util.ContentUtilsTest" time="3.168"/>
  <testcase name="testPullLiveRelatedWhenLatestVersionIsWorking" classname="com.dotcms.rendering.velocity.viewtools.content.util.ContentUtilsTest" time="3.534"/>
  <testcase name="test_add_relationships_on_parent_children_related_contents" classname="com.dotcms.rendering.velocity.viewtools.content.util.ContentUtilsTest" time="1.568"/>
  <testcase name="testSortPullRelated[0: com.dotcms.rendering.velocity.viewtools.content.util.ContentUtilsTest$SortTestCase@24ae577c]" classname="com.dotcms.rendering.velocity.viewtools.content.util.ContentUtilsTest" time="2.617"/>
  <testcase name="testSortPullRelated[1: com.dotcms.rendering.velocity.viewtools.content.util.ContentUtilsTest$SortTestCase@49023109]" classname="com.dotcms.rendering.velocity.viewtools.content.util.ContentUtilsTest" time="2.781"/>
  <testcase name="testSortPullRelated[2: com.dotcms.rendering.velocity.viewtools.content.util.ContentUtilsTest$SortTestCase@3151760b]" classname="com.dotcms.rendering.velocity.viewtools.content.util.ContentUtilsTest" time="1.604"/>
  <testcase name="testSortPullRelated[3: com.dotcms.rendering.velocity.viewtools.content.util.ContentUtilsTest$SortTestCase@5f0d2582]" classname="com.dotcms.rendering.velocity.viewtools.content.util.ContentUtilsTest" time="2.891"/>
  <testcase name="testSortPullRelated[4: com.dotcms.rendering.velocity.viewtools.content.util.ContentUtilsTest$SortTestCase@94e9ca8]" classname="com.dotcms.rendering.velocity.viewtools.content.util.ContentUtilsTest" time="1.716"/>
  <testcase name="testSortPullRelated[5: com.dotcms.rendering.velocity.viewtools.content.util.ContentUtilsTest$SortTestCase@519c7ef1]" classname="com.dotcms.rendering.velocity.viewtools.content.util.ContentUtilsTest" time="2.935"/>
  <testcase name="whenTheTimeMachineDateIsAfterTomorrowAndExpireDateIsInFutureShouldReturnContent" classname="com.dotcms.rendering.velocity.viewtools.content.util.ContentUtilsTest" time="3.231"/>
  <testcase name="testPullRelatedFieldShouldRespectDefaultOrder" classname="com.dotcms.rendering.velocity.viewtools.content.util.ContentUtilsTest" time="1.402"/>
  <system-out><![CDATA[]]></system-out>
  <system-err><![CDATA[]]></system-err>
</testsuite>
