<?xml version="1.0" encoding="UTF-8"?>
<testsuite name="com.dotcms.rest.api.v1.vtl.VTLResourceIntegrationTest" tests="6" skipped="0" failures="0" errors="0" timestamp="2023-07-14T20:23:57" hostname="fv-az555-578" time="10.129">
  <properties/>
  <testcase name="testGet[0: com.dotcms.rest.api.v1.vtl.VTLResourceTestCase@78fb6529]" classname="com.dotcms.rest.api.v1.vtl.VTLResourceIntegrationTest" time="1.034"/>
  <testcase name="testGet[1: com.dotcms.rest.api.v1.vtl.VTLResourceTestCase@3af7a152]" classname="com.dotcms.rest.api.v1.vtl.VTLResourceIntegrationTest" time="2.052"/>
  <testcase name="testGet[2: com.dotcms.rest.api.v1.vtl.VTLResourceTestCase@5c7f03ca]" classname="com.dotcms.rest.api.v1.vtl.VTLResourceIntegrationTest" time="0.945"/>
  <testcase name="testGet[3: com.dotcms.rest.api.v1.vtl.VTLResourceTestCase@37d527f2]" classname="com.dotcms.rest.api.v1.vtl.VTLResourceIntegrationTest" time="1.956"/>
  <testcase name="testGet[4: com.dotcms.rest.api.v1.vtl.VTLResourceTestCase@14a4ce0c]" classname="com.dotcms.rest.api.v1.vtl.VTLResourceIntegrationTest" time="2.082"/>
  <testcase name="testGet[5: com.dotcms.rest.api.v1.vtl.VTLResourceTestCase@135e00fb]" classname="com.dotcms.rest.api.v1.vtl.VTLResourceIntegrationTest" time="2.059"/>
  <system-out><![CDATA[]]></system-out>
  <system-err><![CDATA[]]></system-err>
</testsuite>
