<?xml version="1.0" encoding="UTF-8"?>
<testsuite name="com.dotcms.rest.TagResourceIntegrationTest" tests="4" skipped="0" failures="0" errors="0" timestamp="2023-07-17T16:24:05" hostname="fv-az673-315" time="0.227">
  <properties/>
  <testcase name="testList[0: com.dotcms.rest.TagResourceTestCase@4f238a30]" classname="com.dotcms.rest.TagResourceIntegrationTest" time="0.181"/>
  <testcase name="testList[1: com.dotcms.rest.TagResourceTestCase@7893e670]" classname="com.dotcms.rest.TagResourceIntegrationTest" time="0.018"/>
  <testcase name="testList[2: com.dotcms.rest.TagResourceTestCase@6846df08]" classname="com.dotcms.rest.TagResourceIntegrationTest" time="0.014"/>
  <testcase name="testList[3: com.dotcms.rest.TagResourceTestCase@33bc2aed]" classname="com.dotcms.rest.TagResourceIntegrationTest" time="0.014"/>
  <system-out><![CDATA[]]></system-out>
  <system-err><![CDATA[Jul 17, 2023 4:24:05 PM com.dotcms.repackage.org.hibernate.validator.internal.util.Version <clinit>
INFO: HV000001: Hibernate Validator 4.3.2.Final
]]></system-err>
</testsuite>
