<?xml version="1.0" encoding="UTF-8"?>
<testsuite name="com.dotmarketing.business.DeterministicIdentifierAPITest" tests="16" skipped="0" failures="0" errors="0" timestamp="2023-07-14T16:21:55" hostname="fv-az364-103" time="1.309">
  <properties/>
  <testcase name="Test_Category_Path_Seed_And_Id" classname="com.dotmarketing.business.DeterministicIdentifierAPITest" time="0.027"/>
  <testcase name="Test_Language_Deterministic_Id[0: LanguageTestCase{expectedSeed='Language:es:US', expectedHash=4913155, langCode='es', countryCode='US', country='United States'}]" classname="com.dotmarketing.business.DeterministicIdentifierAPITest" time="0.001"/>
  <testcase name="Test_Language_Deterministic_Id[1: LanguageTestCase{expectedSeed='Language:ep:', expectedHash=5292269, langCode='ep', countryCode='', country=''}]" classname="com.dotmarketing.business.DeterministicIdentifierAPITest" time="0.002"/>
  <testcase name="Test_Language_Deterministic_Id[2: LanguageTestCase{expectedSeed='Language:sg:SAG', expectedHash=4713118, langCode='sg', countryCode='SAG', country=''}]" classname="com.dotmarketing.business.DeterministicIdentifierAPITest" time="0.002"/>
  <testcase name="Test_Language_Deterministic_Id[3: LanguageTestCase{expectedSeed='Language:en:NZ', expectedHash=5382528, langCode='en', countryCode='NZ', country='New Zealand'}]" classname="com.dotmarketing.business.DeterministicIdentifierAPITest" time="0.001"/>
  <testcase name="Test_Category_None_Persisted_Category_Should_Return_Deterministic_Id" classname="com.dotmarketing.business.DeterministicIdentifierAPITest" time="0.002"/>
  <testcase name="Test_Asset_Generate_Deterministic_Id_Best_Effort[0: TestCase{versionable=my.host1689351291257.com, parent=System Host, expectedName='my.host1689351291257.com', expectedType='Host'}]" classname="com.dotmarketing.business.DeterministicIdentifierAPITest" time="0.004"/>
  <testcase name="Test_Asset_Generate_Deterministic_Id_Best_Effort[1: TestCase{versionable=com.dotmarketing.portlets.contentlet.model.Contentlet@40499330[map={modDate=2023-07-14 16:14:51.74, fileName=file9311856860413864101.txt, title=file9311856860413864101.txt, inode=65f31b5e-7cb1-4ad9-9d49-a2d235a4bdaf, __IS_NEW_CONTENT__=true, disabledWYSIWYG=[], host=6b336324-3483-4e54-b514-bcbc7326090b, stInode=33888b6f-7a8e-4069-b1b6-5c1aa9d0a48d, owner=system, identifier=4cc0065d-844b-49bc-8b32-be5647dc2049, nullProperties=[wfExpireDate, wfPublishDate, wfActionAssign, wfActionId, wfActionComments, filterKey, whereToSend, wfNeverExpire, _path_to_move, timezoneId, iWantTo, wfPublishTime, wfExpireTime], languageId=1, fileAsset=/home/runner/work/core/custom/assets/6/5/65f31b5e-7cb1-4ad9-9d49-a2d235a4bdaf/fileAsset/file9311856860413864101.txt, folder=58a4fa4f-81dd-4aad-b793-1801fd996acf, __disable_workflow__=true, sortOrder=0, modUser=system},lowIndexPriority=false,variantId=DEFAULT], parent=com.dotmarketing.portlets.folders.model.Folder@7a98867[identifier=58a4fa4f-81dd-4aad-b793-1801fd996acf,name=testName1689351291732,sortOrder=0,showOnMenu=false,hostId=6b336324-3483-4e54-b514-bcbc7326090b,type=folder,title=testTitle1689351291732,filesMasks=,defaultFileType=33888b6f-7a8e-4069-b1b6-5c1aa9d0a48d,modDate=2023-07-14 16:14:51.735,owner=&lt;null&gt;,iDate=2023-07-14 16:14:51.735,inode=58a4fa4f-81dd-4aad-b793-1801fd996acf,path=/testName1689351291732/], expectedName='file9311856860413864101.txt', expectedType='FileAsset'}]" classname="com.dotmarketing.business.DeterministicIdentifierAPITest" time="0.004"/>
  <testcase name="Test_Asset_Generate_Deterministic_Id_Best_Effort[2: TestCase{versionable=com.dotmarketing.portlets.templates.model.Template@94170ffd, parent=my.host1689351291257.com, expectedName='testTitle1689351291847', expectedType='Template'}]" classname="com.dotmarketing.business.DeterministicIdentifierAPITest" time="0.002"/>
  <testcase name="Test_Asset_Generate_Deterministic_Id_Best_Effort[3: TestCase{versionable=com.dotmarketing.portlets.htmlpageasset.model.HTMLPageAsset@2b6b672f[map={template=a1b58948-d97d-4e3f-99ae-0523fbc48613, owner=system, identifier=2ae4369b-9883-4335-9497-edc041307794, nullProperties=[wfExpireDate, wfPublishDate, wfActionAssign, wfActionId, wfActionComments, filterKey, whereToSend, wfNeverExpire, _path_to_move, timezoneId, iWantTo, wfPublishTime, wfExpireTime], modDate=2023-07-14 16:14:51.867, cachettl=0, _is_test_mode=true, languageId=1, title=test-page-title-1689351291860, httpsreq=, url=test-page-url-1689351291860, showOnMenu=, inode=129182da-0156-4a15-a342-90c0a10747fd, folder=58a4fa4f-81dd-4aad-b793-1801fd996acf, disabledWYSIWYG=[], sortOrder=1, modUser=system, host=6b336324-3483-4e54-b514-bcbc7326090b, stInode=c541abb1-69b3-4bc5-8430-5e09e5239cc8, friendlyName=test-page-friendly-name-1689351291860},lowIndexPriority=false,variantId=DEFAULT], parent=com.dotmarketing.portlets.folders.model.Folder@7a98867[identifier=58a4fa4f-81dd-4aad-b793-1801fd996acf,name=testName1689351291732,sortOrder=0,showOnMenu=false,hostId=6b336324-3483-4e54-b514-bcbc7326090b,type=folder,title=testTitle1689351291732,filesMasks=,defaultFileType=33888b6f-7a8e-4069-b1b6-5c1aa9d0a48d,modDate=2023-07-14 16:14:51.735,owner=&lt;null&gt;,iDate=2023-07-14 16:14:51.735,inode=58a4fa4f-81dd-4aad-b793-1801fd996acf,path=/testName1689351291732/], expectedName='test-page-url-1689351291860', expectedType='htmlpageasset'}]" classname="com.dotmarketing.business.DeterministicIdentifierAPITest" time="0.003"/>
  <testcase name="Test_Asset_Generate_Deterministic_Id_Best_Effort[4: TestCase{versionable=com.dotmarketing.portlets.contentlet.model.Contentlet@2cde1b36[map={fileAsset2=/home/runner/work/core/custom/assets/b/5/b5345e93-d224-4071-962b-479dc03ee0ac/fileAsset2/test_binary1689351293709.png, modDate=2023-07-14 16:14:53.714, fileAsset1=/home/runner/work/core/custom/assets/b/5/b5345e93-d224-4071-962b-479dc03ee0ac/fileAsset1/test_binary1689351293708.jpg, title=blah, inode=b5345e93-d224-4071-962b-479dc03ee0ac, __IS_NEW_CONTENT__=true, disabledWYSIWYG=[], host=48190c8c-42c4-46af-8d1a-0cd5db894797, stInode=ea3ed83f-9839-4436-ae29-d35bedeb863d, owner=system, identifier=4e910140-66c2-49c4-9d27-698974b73d05, nullProperties=[], languageId=1, image1=32b3a470-48e6-425f-aef9-7409fad5c540, folder=SYSTEM_FOLDER, __disable_workflow__=true, sortOrder=0, modUser=system},lowIndexPriority=false,variantId=DEFAULT], parent=demo.dotcms.com, expectedName='test_binary1689351293708.jpg:test_binary1689351293709.png', expectedType='MultipleBinaries1689351292081'}]" classname="com.dotmarketing.business.DeterministicIdentifierAPITest" time="0.004"/>
  <testcase name="Test_Asset_Generate_Deterministic_Id_Best_Effort[5: TestCase{versionable=name39426df2e1 : keyTag39426df2e1, parent=my.host1689351291257.com, expectedName='keyTag39426df2e1', expectedType='persona'}]" classname="com.dotmarketing.business.DeterministicIdentifierAPITest" time="0.003"/>
  <testcase name="Test_Similar_Content_Type_Wont_Clash" classname="com.dotmarketing.business.DeterministicIdentifierAPITest" time="0.515"/>
  <testcase name="Test_Generate_Folder_Identifier" classname="com.dotmarketing.business.DeterministicIdentifierAPITest" time="0.7"/>
  <testcase name="Test_Generate_Content_Type_Identifier[0: ContentTypeTestCase{contentType=KeyValueContentType{name=Language Variable, id=f4d7c1b8-2c88-4071-abf1-a5328977b07d, description=Default Content Type for Language Variables, defaultType=false, fixed=true, iDate=Thu Aug 31 16:38:49 UTC 2017, system=true, versionable=true, variable=Languagevariable, modDate=Fri Jul 14 15:02:51 UTC 2023, host=SYSTEM_HOST, siteName=systemHost, icon=language, sortOrder=0, folder=SYSTEM_FOLDER, folderPath=/, markedForDeletion=true, multilingualable=false}, expectedName='Languagevariable', expectedType='KeyValue'}]" classname="com.dotmarketing.business.DeterministicIdentifierAPITest" time="0.017"/>
  <testcase name="Test_Generate_Content_Type_Identifier[1: ContentTypeTestCase{contentType=SimpleContentType{name=testName1689351294150, id=316fc29b-a0e2-443b-b779-338f374a2f6f, description=testDescription1689351294150, defaultType=false, fixed=false, iDate=Fri Jul 14 16:14:54 UTC 2023, system=false, versionable=true, multilingualable=false, variable=testVarname1689351294150, owner=system, modDate=Fri Jul 14 16:14:55 UTC 2023, host=48190c8c-42c4-46af-8d1a-0cd5db894797, siteName=demo.dotcms.com, icon=event_note, sortOrder=0, folder=SYSTEM_FOLDER, folderPath=/, requiredFields=[], markedForDeletion=false}, expectedName='testVarname1689351294150', expectedType='CONTENT'}]" classname="com.dotmarketing.business.DeterministicIdentifierAPITest" time="0.016"/>
  <system-out><![CDATA[]]></system-out>
  <system-err><![CDATA[]]></system-err>
</testsuite>
