<?xml version="1.0" encoding="UTF-8"?>
<testsuite name="com.dotmarketing.servlets.ajax.AjaxDirectorServletIntegrationTest" tests="2" skipped="0" failures="0" errors="0" timestamp="2023-07-11T22:05:45" hostname="fv-az552-460" time="1.211">
  <properties/>
  <testcase name="testService[0: com.dotmarketing.servlets.ajax.AjaxDirectorServletTestCase@2ea42acc]" classname="com.dotmarketing.servlets.ajax.AjaxDirectorServletIntegrationTest" time="0.717"/>
  <testcase name="testService[1: com.dotmarketing.servlets.ajax.AjaxDirectorServletTestCase@24eff7f6]" classname="com.dotmarketing.servlets.ajax.AjaxDirectorServletIntegrationTest" time="0.494"/>
  <system-out><![CDATA[]]></system-out>
  <system-err><![CDATA[]]></system-err>
</testsuite>
