<?xml version="1.0" encoding="UTF-8"?>
<testsuite name="com.dotcms.rest.api.v1.vtl.VTLResourceIntegrationTest" tests="6" skipped="0" failures="0" errors="0" timestamp="2023-07-14T22:39:27" hostname="fv-az613-925" time="10.408">
  <properties/>
  <testcase name="testGet[0: com.dotcms.rest.api.v1.vtl.VTLResourceTestCase@7b5c5640]" classname="com.dotcms.rest.api.v1.vtl.VTLResourceIntegrationTest" time="2.514"/>
  <testcase name="testGet[1: com.dotcms.rest.api.v1.vtl.VTLResourceTestCase@37272517]" classname="com.dotcms.rest.api.v1.vtl.VTLResourceIntegrationTest" time="1.846"/>
  <testcase name="testGet[2: com.dotcms.rest.api.v1.vtl.VTLResourceTestCase@94c2342]" classname="com.dotcms.rest.api.v1.vtl.VTLResourceIntegrationTest" time="1.105"/>
  <testcase name="testGet[3: com.dotcms.rest.api.v1.vtl.VTLResourceTestCase@67d08742]" classname="com.dotcms.rest.api.v1.vtl.VTLResourceIntegrationTest" time="1.053"/>
  <testcase name="testGet[4: com.dotcms.rest.api.v1.vtl.VTLResourceTestCase@7ea733ae]" classname="com.dotcms.rest.api.v1.vtl.VTLResourceIntegrationTest" time="1.882"/>
  <testcase name="testGet[5: com.dotcms.rest.api.v1.vtl.VTLResourceTestCase@70a6bef0]" classname="com.dotcms.rest.api.v1.vtl.VTLResourceIntegrationTest" time="2.007"/>
  <system-out><![CDATA[]]></system-out>
  <system-err><![CDATA[]]></system-err>
</testsuite>
