<?xml version="1.0" encoding="UTF-8"?>
<testsuite name="com.dotmarketing.portlets.structure.model.ContentletRelationshipsTest" tests="7" skipped="0" failures="0" errors="0" timestamp="2023-06-30T19:06:35" hostname="fv-az612-580" time="8.409">
  <properties/>
  <testcase name="testDoesAllowOnlyOne[0: com.dotmarketing.portlets.structure.model.ContentletRelationshipsTest$CardinalityTestCase@653e64]" classname="com.dotmarketing.portlets.structure.model.ContentletRelationshipsTest" time="0.4"/>
  <testcase name="testDoesAllowOnlyOne[1: com.dotmarketing.portlets.structure.model.ContentletRelationshipsTest$CardinalityTestCase@15317a63]" classname="com.dotmarketing.portlets.structure.model.ContentletRelationshipsTest" time="0.437"/>
  <testcase name="testDoesAllowOnlyOne[2: com.dotmarketing.portlets.structure.model.ContentletRelationshipsTest$CardinalityTestCase@11f633b2]" classname="com.dotmarketing.portlets.structure.model.ContentletRelationshipsTest" time="0.414"/>
  <testcase name="testGetRelationshipRecords[0: com.dotmarketing.portlets.structure.model.ContentletRelationshipsTest$TestCase@594e7091]" classname="com.dotmarketing.portlets.structure.model.ContentletRelationshipsTest" time="1.885"/>
  <testcase name="testGetRelationshipRecords[1: com.dotmarketing.portlets.structure.model.ContentletRelationshipsTest$TestCase@7071f3c2]" classname="com.dotmarketing.portlets.structure.model.ContentletRelationshipsTest" time="1.833"/>
  <testcase name="testGetRelationshipRecords[2: com.dotmarketing.portlets.structure.model.ContentletRelationshipsTest$TestCase@6e0d6dcd]" classname="com.dotmarketing.portlets.structure.model.ContentletRelationshipsTest" time="1.716"/>
  <testcase name="testGetRelationshipRecords[3: com.dotmarketing.portlets.structure.model.ContentletRelationshipsTest$TestCase@4e46a81d]" classname="com.dotmarketing.portlets.structure.model.ContentletRelationshipsTest" time="1.722"/>
  <system-out><![CDATA[]]></system-out>
  <system-err><![CDATA[]]></system-err>
</testsuite>
