<?xml version="1.0" encoding="UTF-8"?>
<testsuite name="com.dotcms.rest.elasticsearch.ESContentResourcePortletTest" tests="8" skipped="0" failures="0" errors="0" timestamp="2023-06-27T23:34:39" hostname="fv-az168-423" time="7.108">
  <properties/>
  <testcase name="test_search_includeGrandChildCategory_success" classname="com.dotcms.rest.elasticsearch.ESContentResourcePortletTest" time="1.393"/>
  <testcase name="testSearch[0: com.dotcms.rest.elasticsearch.ESContentResourcePortletTest$TestCase@60fd1e37]" classname="com.dotcms.rest.elasticsearch.ESContentResourcePortletTest" time="0.958"/>
  <testcase name="testSearch[1: com.dotcms.rest.elasticsearch.ESContentResourcePortletTest$TestCase@109d01e0]" classname="com.dotcms.rest.elasticsearch.ESContentResourcePortletTest" time="0.279"/>
  <testcase name="testSearch[2: com.dotcms.rest.elasticsearch.ESContentResourcePortletTest$TestCase@251ff01f]" classname="com.dotcms.rest.elasticsearch.ESContentResourcePortletTest" time="0.998"/>
  <testcase name="testSearch[3: com.dotcms.rest.elasticsearch.ESContentResourcePortletTest$TestCase@348e83da]" classname="com.dotcms.rest.elasticsearch.ESContentResourcePortletTest" time="1.259"/>
  <testcase name="testSearch[4: com.dotcms.rest.elasticsearch.ESContentResourcePortletTest$TestCase@3c0a2fda]" classname="com.dotcms.rest.elasticsearch.ESContentResourcePortletTest" time="0.308"/>
  <testcase name="testSearch[5: com.dotcms.rest.elasticsearch.ESContentResourcePortletTest$TestCase@4460abba]" classname="com.dotcms.rest.elasticsearch.ESContentResourcePortletTest" time="0.982"/>
  <testcase name="testSearch[6: com.dotcms.rest.elasticsearch.ESContentResourcePortletTest$TestCase@1e253421]" classname="com.dotcms.rest.elasticsearch.ESContentResourcePortletTest" time="0.93"/>
  <system-out><![CDATA[]]></system-out>
  <system-err><![CDATA[]]></system-err>
</testsuite>
