<?xml version="1.0" encoding="UTF-8"?>
<testsuite name="com.dotcms.publisher.business.PublisherAPIImplTest" tests="7" skipped="0" failures="0" errors="0" timestamp="2023-06-28T17:12:14" hostname="fv-az255-362" time="10.327">
  <properties/>
  <testcase name="test_deleteElementFromPublishQueueTable_OneAsset" classname="com.dotcms.publisher.business.PublisherAPIImplTest" time="1.539"/>
  <testcase name="test_deleteElementFromPublishQueueTable_TwoAssets" classname="com.dotcms.publisher.business.PublisherAPIImplTest" time="2.148"/>
  <testcase name="test_deleteElementsFromPublishQueueTable_TwoAssets" classname="com.dotcms.publisher.business.PublisherAPIImplTest" time="2.085"/>
  <testcase name="test_getQueueBundleIdsToProcess_ShouldExcludeFailedIntegrityStatus[0: BUNDLE_SENT_SUCCESSFULLY]" classname="com.dotcms.publisher.business.PublisherAPIImplTest" time="1.134"/>
  <testcase name="test_getQueueBundleIdsToProcess_ShouldExcludeFailedIntegrityStatus[1: PUBLISHING_BUNDLE]" classname="com.dotcms.publisher.business.PublisherAPIImplTest" time="1.141"/>
  <testcase name="test_getQueueBundleIdsToProcess_ShouldExcludeFailedIntegrityStatus[2: WAITING_FOR_PUBLISHING]" classname="com.dotcms.publisher.business.PublisherAPIImplTest" time="1.142"/>
  <testcase name="test_getQueueBundleIdsToProcess_ShouldExcludeFailedIntegrityStatus[3: FAILED_INTEGRITY_CHECK]" classname="com.dotcms.publisher.business.PublisherAPIImplTest" time="1.136"/>
  <system-out><![CDATA[]]></system-out>
  <system-err><![CDATA[]]></system-err>
</testsuite>
