<?xml version="1.0" encoding="UTF-8"?>
<testsuite name="com.dotmarketing.portlets.workflows.actionlet.SaveContentActionletTest" tests="9" skipped="0" failures="0" errors="0" timestamp="2023-07-04T02:15:08" hostname="fv-az951-870" time="2.705">
  <properties/>
  <testcase name="test_Publish_With_Save_Contentlet[0: com.dotmarketing.portlets.workflows.actionlet.SaveContentActionletTest$TestCase@f23ecd0]" classname="com.dotmarketing.portlets.workflows.actionlet.SaveContentActionletTest" time="1.244"/>
  <testcase name="test_Publish_With_Save_Contentlet[1: com.dotmarketing.portlets.workflows.actionlet.SaveContentActionletTest$TestCase@2b8b36f9]" classname="com.dotmarketing.portlets.workflows.actionlet.SaveContentActionletTest" time="1.282"/>
  <testcase name="test_Publish_With_Save_Contentlet[2: com.dotmarketing.portlets.workflows.actionlet.SaveContentActionletTest$TestCase@c892dfe]" classname="com.dotmarketing.portlets.workflows.actionlet.SaveContentActionletTest" time="0.027"/>
  <testcase name="test_Publish_With_Save_Contentlet[3: com.dotmarketing.portlets.workflows.actionlet.SaveContentActionletTest$TestCase@1b6604d4]" classname="com.dotmarketing.portlets.workflows.actionlet.SaveContentActionletTest" time="0.02"/>
  <testcase name="test_Publish_With_Save_Contentlet[4: com.dotmarketing.portlets.workflows.actionlet.SaveContentActionletTest$TestCase@b332e04]" classname="com.dotmarketing.portlets.workflows.actionlet.SaveContentActionletTest" time="0.022"/>
  <testcase name="test_Publish_With_Save_Contentlet[5: com.dotmarketing.portlets.workflows.actionlet.SaveContentActionletTest$TestCase@79fded65]" classname="com.dotmarketing.portlets.workflows.actionlet.SaveContentActionletTest" time="0.023"/>
  <testcase name="test_Publish_With_Save_Contentlet[6: com.dotmarketing.portlets.workflows.actionlet.SaveContentActionletTest$TestCase@3c5ec979]" classname="com.dotmarketing.portlets.workflows.actionlet.SaveContentActionletTest" time="0.027"/>
  <testcase name="test_Publish_With_Save_Contentlet[7: com.dotmarketing.portlets.workflows.actionlet.SaveContentActionletTest$TestCase@17353a82]" classname="com.dotmarketing.portlets.workflows.actionlet.SaveContentActionletTest" time="0.034"/>
  <testcase name="test_Publish_With_Save_Contentlet[8: com.dotmarketing.portlets.workflows.actionlet.SaveContentActionletTest$TestCase@5e4656e]" classname="com.dotmarketing.portlets.workflows.actionlet.SaveContentActionletTest" time="0.023"/>
  <system-out><![CDATA[]]></system-out>
  <system-err><![CDATA[]]></system-err>
</testsuite>
