<?xml version="1.0" encoding="UTF-8"?>
<testsuite name="com.dotmarketing.business.DeterministicIdentifierAPITest" tests="16" skipped="0" failures="0" errors="0" timestamp="2023-06-26T17:15:04" hostname="fv-az370-611" time="1.484">
  <properties/>
  <testcase name="Test_Category_Path_Seed_And_Id" classname="com.dotmarketing.business.DeterministicIdentifierAPITest" time="0.024"/>
  <testcase name="Test_Language_Deterministic_Id[0: LanguageTestCase{expectedSeed='Language:es:US', expectedHash=4913155, langCode='es', countryCode='US', country='United States'}]" classname="com.dotmarketing.business.DeterministicIdentifierAPITest" time="0.001"/>
  <testcase name="Test_Language_Deterministic_Id[1: LanguageTestCase{expectedSeed='Language:ep:', expectedHash=5292269, langCode='ep', countryCode='', country=''}]" classname="com.dotmarketing.business.DeterministicIdentifierAPITest" time="0.001"/>
  <testcase name="Test_Language_Deterministic_Id[2: LanguageTestCase{expectedSeed='Language:sg:SAG', expectedHash=4713118, langCode='sg', countryCode='SAG', country=''}]" classname="com.dotmarketing.business.DeterministicIdentifierAPITest" time="0.001"/>
  <testcase name="Test_Language_Deterministic_Id[3: LanguageTestCase{expectedSeed='Language:en:NZ', expectedHash=5382528, langCode='en', countryCode='NZ', country='New Zealand'}]" classname="com.dotmarketing.business.DeterministicIdentifierAPITest" time="0.001"/>
  <testcase name="Test_Category_None_Persisted_Category_Should_Return_Deterministic_Id" classname="com.dotmarketing.business.DeterministicIdentifierAPITest" time="0.002"/>
  <testcase name="Test_Asset_Generate_Deterministic_Id_Best_Effort[0: TestCase{versionable=my.host1687799324947.com, parent=System Host, expectedName='my.host1687799324947.com', expectedType='Host'}]" classname="com.dotmarketing.business.DeterministicIdentifierAPITest" time="0.003"/>
  <testcase name="Test_Asset_Generate_Deterministic_Id_Best_Effort[1: TestCase{versionable=com.dotmarketing.portlets.contentlet.model.Contentlet@54cca1e3[map={modDate=2023-06-26 17:08:45.806, fileName=file57152249300832577.txt, title=file57152249300832577.txt, inode=c1893253-5ad5-4c1c-856f-4c678f493922, __IS_NEW_CONTENT__=true, disabledWYSIWYG=[], host=a181463c-b11e-4c7f-afcc-8d020b99f157, stInode=33888b6f-7a8e-4069-b1b6-5c1aa9d0a48d, owner=system, identifier=b5d78920-0dc1-40d7-9233-8525957d8103, nullProperties=[wfExpireDate, wfPublishDate, wfActionAssign, wfActionId, wfActionComments, filterKey, whereToSend, wfNeverExpire, _path_to_move, timezoneId, iWantTo, wfPublishTime, wfExpireTime], languageId=1, fileAsset=/home/runner/work/core/custom/assets/c/1/c1893253-5ad5-4c1c-856f-4c678f493922/fileAsset/file57152249300832577.txt, folder=6eadbbd6-1266-4560-a9ec-f87ebc10b1da, __disable_workflow__=true, sortOrder=0, modUser=system},lowIndexPriority=false,variantId=DEFAULT], parent=com.dotmarketing.portlets.folders.model.Folder@71e886f9[identifier=6eadbbd6-1266-4560-a9ec-f87ebc10b1da,name=testName1687799325799,sortOrder=0,showOnMenu=false,hostId=a181463c-b11e-4c7f-afcc-8d020b99f157,type=folder,title=testTitle1687799325799,filesMasks=,defaultFileType=33888b6f-7a8e-4069-b1b6-5c1aa9d0a48d,modDate=2023-06-26 17:08:45.802,owner=&lt;null&gt;,iDate=2023-06-26 17:08:45.802,inode=6eadbbd6-1266-4560-a9ec-f87ebc10b1da,path=/testName1687799325799/], expectedName='file57152249300832577.txt', expectedType='FileAsset'}]" classname="com.dotmarketing.business.DeterministicIdentifierAPITest" time="0.005"/>
  <testcase name="Test_Asset_Generate_Deterministic_Id_Best_Effort[2: TestCase{versionable=com.dotmarketing.portlets.templates.model.Template@2ddc80af, parent=my.host1687799324947.com, expectedName='testTitle1687799325879', expectedType='Template'}]" classname="com.dotmarketing.business.DeterministicIdentifierAPITest" time="0.003"/>
  <testcase name="Test_Asset_Generate_Deterministic_Id_Best_Effort[3: TestCase{versionable=com.dotmarketing.portlets.htmlpageasset.model.HTMLPageAsset@767dda43[map={template=719c7b3f-f64b-40cb-9e63-d428fbbb5465, owner=system, identifier=d418d670-f3e3-42e5-853f-8f3e94e44f73, nullProperties=[wfExpireDate, wfPublishDate, wfActionAssign, wfActionId, wfActionComments, filterKey, whereToSend, wfNeverExpire, _path_to_move, timezoneId, iWantTo, wfPublishTime, wfExpireTime], modDate=2023-06-26 17:08:45.908, cachettl=0, _is_test_mode=true, languageId=1, title=test-page-title-1687799325899, httpsreq=, url=test-page-url-1687799325899, showOnMenu=, inode=cb9dba03-22fd-4cb8-873f-b006b737f3aa, folder=6eadbbd6-1266-4560-a9ec-f87ebc10b1da, disabledWYSIWYG=[], sortOrder=1, modUser=system, host=a181463c-b11e-4c7f-afcc-8d020b99f157, stInode=c541abb1-69b3-4bc5-8430-5e09e5239cc8, friendlyName=test-page-friendly-name-1687799325899},lowIndexPriority=false,variantId=DEFAULT], parent=com.dotmarketing.portlets.folders.model.Folder@71e886f9[identifier=6eadbbd6-1266-4560-a9ec-f87ebc10b1da,name=testName1687799325799,sortOrder=0,showOnMenu=false,hostId=a181463c-b11e-4c7f-afcc-8d020b99f157,type=folder,title=testTitle1687799325799,filesMasks=,defaultFileType=33888b6f-7a8e-4069-b1b6-5c1aa9d0a48d,modDate=2023-06-26 17:08:45.802,owner=&lt;null&gt;,iDate=2023-06-26 17:08:45.802,inode=6eadbbd6-1266-4560-a9ec-f87ebc10b1da,path=/testName1687799325799/], expectedName='test-page-url-1687799325899', expectedType='htmlpageasset'}]" classname="com.dotmarketing.business.DeterministicIdentifierAPITest" time="0.003"/>
  <testcase name="Test_Asset_Generate_Deterministic_Id_Best_Effort[4: TestCase{versionable=com.dotmarketing.portlets.contentlet.model.Contentlet@47fa452b[map={fileAsset2=/home/runner/work/core/custom/assets/e/b/eb69fe9b-7f19-424b-80cc-44f0c96538de/fileAsset2/test_binary1687799326782.png, modDate=2023-06-26 17:08:46.787, fileAsset1=/home/runner/work/core/custom/assets/e/b/eb69fe9b-7f19-424b-80cc-44f0c96538de/fileAsset1/test_binary1687799326782.jpg, title=blah, inode=eb69fe9b-7f19-424b-80cc-44f0c96538de, __IS_NEW_CONTENT__=true, disabledWYSIWYG=[], host=48190c8c-42c4-46af-8d1a-0cd5db894797, stInode=e83e464b-b8f4-42dd-afcd-b5f86f840cd2, owner=system, identifier=4e4197a6-51fd-4be3-a7c2-76b2918d1c76, nullProperties=[], languageId=1, image1=c8fb259b-4217-4007-ad52-4cd87e8316d6, folder=SYSTEM_FOLDER, __disable_workflow__=true, sortOrder=0, modUser=system},lowIndexPriority=false,variantId=DEFAULT], parent=demo.dotcms.com, expectedName='test_binary1687799326782.jpg:test_binary1687799326782.png', expectedType='MultipleBinaries1687799326111'}]" classname="com.dotmarketing.business.DeterministicIdentifierAPITest" time="0.003"/>
  <testcase name="Test_Asset_Generate_Deterministic_Id_Best_Effort[5: TestCase{versionable=name61364f7b62 : keyTag61364f7b62, parent=my.host1687799324947.com, expectedName='keyTag61364f7b62', expectedType='persona'}]" classname="com.dotmarketing.business.DeterministicIdentifierAPITest" time="0.002"/>
  <testcase name="Test_Similar_Content_Type_Wont_Clash" classname="com.dotmarketing.business.DeterministicIdentifierAPITest" time="0.478"/>
  <testcase name="Test_Generate_Folder_Identifier" classname="com.dotmarketing.business.DeterministicIdentifierAPITest" time="0.938"/>
  <testcase name="Test_Generate_Content_Type_Identifier[0: ContentTypeTestCase{contentType=KeyValueContentType{name=Language Variable, id=f4d7c1b8-2c88-4071-abf1-a5328977b07d, description=Default Content Type for Language Variables, defaultType=false, fixed=true, iDate=Thu Aug 31 16:38:49 UTC 2017, system=true, versionable=true, variable=Languagevariable, modDate=Mon Jun 26 16:02:47 UTC 2023, host=SYSTEM_HOST, siteName=systemHost, icon=language, sortOrder=0, folder=SYSTEM_FOLDER, folderPath=/, markedForDeletion=true, multilingualable=false}, expectedName='Languagevariable', expectedType='KeyValue'}]" classname="com.dotmarketing.business.DeterministicIdentifierAPITest" time="0.007"/>
  <testcase name="Test_Generate_Content_Type_Identifier[1: ContentTypeTestCase{contentType=SimpleContentType{name=testName1687799327176, id=4d8497d0-6c3b-4bb6-8c76-bc09987b711f, description=testDescription1687799327176, defaultType=false, fixed=false, iDate=Mon Jun 26 17:08:47 UTC 2023, system=false, versionable=true, multilingualable=false, variable=testVarname1687799327176, owner=system, modDate=Mon Jun 26 17:08:48 UTC 2023, host=48190c8c-42c4-46af-8d1a-0cd5db894797, siteName=demo.dotcms.com, icon=event_note, sortOrder=0, folder=SYSTEM_FOLDER, folderPath=/, requiredFields=[], markedForDeletion=false}, expectedName='testVarname1687799327176', expectedType='CONTENT'}]" classname="com.dotmarketing.business.DeterministicIdentifierAPITest" time="0.009"/>
  <system-out><![CDATA[]]></system-out>
  <system-err><![CDATA[]]></system-err>
</testsuite>
