<?xml version="1.0" encoding="UTF-8"?>
<testsuite name="com.dotmarketing.portlets.structure.model.ContentletRelationshipsTest" tests="7" skipped="0" failures="0" errors="0" timestamp="2023-07-03T22:14:23" hostname="fv-az344-336" time="8.73">
  <properties/>
  <testcase name="testDoesAllowOnlyOne[0: com.dotmarketing.portlets.structure.model.ContentletRelationshipsTest$CardinalityTestCase@18f7e203]" classname="com.dotmarketing.portlets.structure.model.ContentletRelationshipsTest" time="0.583"/>
  <testcase name="testDoesAllowOnlyOne[1: com.dotmarketing.portlets.structure.model.ContentletRelationshipsTest$CardinalityTestCase@399292b3]" classname="com.dotmarketing.portlets.structure.model.ContentletRelationshipsTest" time="0.411"/>
  <testcase name="testDoesAllowOnlyOne[2: com.dotmarketing.portlets.structure.model.ContentletRelationshipsTest$CardinalityTestCase@3e62c3c]" classname="com.dotmarketing.portlets.structure.model.ContentletRelationshipsTest" time="0.444"/>
  <testcase name="testGetRelationshipRecords[0: com.dotmarketing.portlets.structure.model.ContentletRelationshipsTest$TestCase@4ffd9dfc]" classname="com.dotmarketing.portlets.structure.model.ContentletRelationshipsTest" time="1.892"/>
  <testcase name="testGetRelationshipRecords[1: com.dotmarketing.portlets.structure.model.ContentletRelationshipsTest$TestCase@683d99fa]" classname="com.dotmarketing.portlets.structure.model.ContentletRelationshipsTest" time="1.897"/>
  <testcase name="testGetRelationshipRecords[2: com.dotmarketing.portlets.structure.model.ContentletRelationshipsTest$TestCase@45978944]" classname="com.dotmarketing.portlets.structure.model.ContentletRelationshipsTest" time="1.738"/>
  <testcase name="testGetRelationshipRecords[3: com.dotmarketing.portlets.structure.model.ContentletRelationshipsTest$TestCase@77a2ca06]" classname="com.dotmarketing.portlets.structure.model.ContentletRelationshipsTest" time="1.765"/>
  <system-out><![CDATA[]]></system-out>
  <system-err><![CDATA[]]></system-err>
</testsuite>
