<?xml version="1.0" encoding="UTF-8"?>
<testsuite name="com.dotcms.workflow.helper.TestSystemActionMappingsHandlerMerger" tests="2" skipped="0" failures="0" errors="0" timestamp="2023-06-26T15:39:08" hostname="fv-az364-36" time="0.117">
  <properties/>
  <testcase name="test_merge_system_actions_for_schemes" classname="com.dotcms.workflow.helper.TestSystemActionMappingsHandlerMerger" time="0.054"/>
  <testcase name="test_merge_system_actions_for_content_types" classname="com.dotcms.workflow.helper.TestSystemActionMappingsHandlerMerger" time="0.062"/>
  <system-out><![CDATA[]]></system-out>
  <system-err><![CDATA[]]></system-err>
</testsuite>
