<?xml version="1.0" encoding="UTF-8"?>
<testsuite name="com.dotmarketing.business.DeterministicIdentifierAPITest" tests="16" skipped="0" failures="0" errors="0" timestamp="2023-06-28T15:40:18" hostname="fv-az452-705" time="1.144">
  <properties/>
  <testcase name="Test_Category_Path_Seed_And_Id" classname="com.dotmarketing.business.DeterministicIdentifierAPITest" time="0.036"/>
  <testcase name="Test_Language_Deterministic_Id[0: LanguageTestCase{expectedSeed='Language:es:US', expectedHash=4913155, langCode='es', countryCode='US', country='United States'}]" classname="com.dotmarketing.business.DeterministicIdentifierAPITest" time="0.001"/>
  <testcase name="Test_Language_Deterministic_Id[1: LanguageTestCase{expectedSeed='Language:ep:', expectedHash=5292269, langCode='ep', countryCode='', country=''}]" classname="com.dotmarketing.business.DeterministicIdentifierAPITest" time="0.001"/>
  <testcase name="Test_Language_Deterministic_Id[2: LanguageTestCase{expectedSeed='Language:sg:SAG', expectedHash=4713118, langCode='sg', countryCode='SAG', country=''}]" classname="com.dotmarketing.business.DeterministicIdentifierAPITest" time="0.001"/>
  <testcase name="Test_Language_Deterministic_Id[3: LanguageTestCase{expectedSeed='Language:en:NZ', expectedHash=5382528, langCode='en', countryCode='NZ', country='New Zealand'}]" classname="com.dotmarketing.business.DeterministicIdentifierAPITest" time="0.001"/>
  <testcase name="Test_Category_None_Persisted_Category_Should_Return_Deterministic_Id" classname="com.dotmarketing.business.DeterministicIdentifierAPITest" time="0.001"/>
  <testcase name="Test_Asset_Generate_Deterministic_Id_Best_Effort[0: TestCase{versionable=my.host1687966420453.com, parent=System Host, expectedName='my.host1687966420453.com', expectedType='Host'}]" classname="com.dotmarketing.business.DeterministicIdentifierAPITest" time="0.004"/>
  <testcase name="Test_Asset_Generate_Deterministic_Id_Best_Effort[1: TestCase{versionable=com.dotmarketing.portlets.contentlet.model.Contentlet@3c108685[map={modDate=2023-06-28 15:33:41.004, fileName=file14540485514779524271.txt, title=file14540485514779524271.txt, inode=64bd0d80-fee8-460e-90aa-d865c941f155, __IS_NEW_CONTENT__=true, disabledWYSIWYG=[], host=cb6d6098-8f6e-48bf-84cc-83e10d5b62b7, stInode=33888b6f-7a8e-4069-b1b6-5c1aa9d0a48d, owner=system, identifier=3ed0c8c9-36a2-4566-9247-9093678c5da8, nullProperties=[wfExpireDate, wfPublishDate, wfActionAssign, wfActionId, wfActionComments, filterKey, whereToSend, wfNeverExpire, _path_to_move, timezoneId, iWantTo, wfPublishTime, wfExpireTime], languageId=1, fileAsset=/home/runner/work/core/custom/assets/6/4/64bd0d80-fee8-460e-90aa-d865c941f155/fileAsset/file14540485514779524271.txt, folder=3a540e33-3f15-42da-aea7-ed379661e5f7, __disable_workflow__=true, sortOrder=0, modUser=system},lowIndexPriority=false,variantId=DEFAULT], parent=com.dotmarketing.portlets.folders.model.Folder@4eb8d3df[identifier=3a540e33-3f15-42da-aea7-ed379661e5f7,name=testName1687966420996,sortOrder=0,showOnMenu=false,hostId=cb6d6098-8f6e-48bf-84cc-83e10d5b62b7,type=folder,title=testTitle1687966420996,filesMasks=,defaultFileType=33888b6f-7a8e-4069-b1b6-5c1aa9d0a48d,modDate=2023-06-28 15:33:41.0,owner=&lt;null&gt;,iDate=2023-06-28 15:33:41.0,inode=3a540e33-3f15-42da-aea7-ed379661e5f7,path=/testName1687966420996/], expectedName='file14540485514779524271.txt', expectedType='FileAsset'}]" classname="com.dotmarketing.business.DeterministicIdentifierAPITest" time="0.007"/>
  <testcase name="Test_Asset_Generate_Deterministic_Id_Best_Effort[2: TestCase{versionable=com.dotmarketing.portlets.templates.model.Template@b175c346, parent=my.host1687966420453.com, expectedName='testTitle1687966421123', expectedType='Template'}]" classname="com.dotmarketing.business.DeterministicIdentifierAPITest" time="0.002"/>
  <testcase name="Test_Asset_Generate_Deterministic_Id_Best_Effort[3: TestCase{versionable=com.dotmarketing.portlets.htmlpageasset.model.HTMLPageAsset@557a381a[map={template=4ef5cbfa-bdb6-41af-96bb-a2fbde6392e9, owner=system, identifier=269098ec-55ee-498a-98e2-8b6cb52e2d04, nullProperties=[wfExpireDate, wfPublishDate, wfActionAssign, wfActionId, wfActionComments, filterKey, whereToSend, wfNeverExpire, _path_to_move, timezoneId, iWantTo, wfPublishTime, wfExpireTime], modDate=2023-06-28 15:33:41.14, cachettl=0, _is_test_mode=true, languageId=1, title=test-page-title-1687966421136, httpsreq=, url=test-page-url-1687966421136, showOnMenu=, inode=7212f372-6813-43c0-88a5-d5f938524432, folder=3a540e33-3f15-42da-aea7-ed379661e5f7, disabledWYSIWYG=[], sortOrder=1, modUser=system, host=cb6d6098-8f6e-48bf-84cc-83e10d5b62b7, stInode=c541abb1-69b3-4bc5-8430-5e09e5239cc8, friendlyName=test-page-friendly-name-1687966421136},lowIndexPriority=false,variantId=DEFAULT], parent=com.dotmarketing.portlets.folders.model.Folder@4eb8d3df[identifier=3a540e33-3f15-42da-aea7-ed379661e5f7,name=testName1687966420996,sortOrder=0,showOnMenu=false,hostId=cb6d6098-8f6e-48bf-84cc-83e10d5b62b7,type=folder,title=testTitle1687966420996,filesMasks=,defaultFileType=33888b6f-7a8e-4069-b1b6-5c1aa9d0a48d,modDate=2023-06-28 15:33:41.0,owner=&lt;null&gt;,iDate=2023-06-28 15:33:41.0,inode=3a540e33-3f15-42da-aea7-ed379661e5f7,path=/testName1687966420996/], expectedName='test-page-url-1687966421136', expectedType='htmlpageasset'}]" classname="com.dotmarketing.business.DeterministicIdentifierAPITest" time="0.003"/>
  <testcase name="Test_Asset_Generate_Deterministic_Id_Best_Effort[4: TestCase{versionable=com.dotmarketing.portlets.contentlet.model.Contentlet@21622a71[map={fileAsset2=/home/runner/work/core/custom/assets/3/1/318f0c11-a509-43bb-9e02-a543b93e5847/fileAsset2/test_binary1687966423010.png, modDate=2023-06-28 15:33:43.017, fileAsset1=/home/runner/work/core/custom/assets/3/1/318f0c11-a509-43bb-9e02-a543b93e5847/fileAsset1/test_binary1687966423010.jpg, title=blah, inode=318f0c11-a509-43bb-9e02-a543b93e5847, __IS_NEW_CONTENT__=true, disabledWYSIWYG=[], host=48190c8c-42c4-46af-8d1a-0cd5db894797, stInode=5f8fc8da-9984-434c-a153-9b2a65a924e5, owner=system, identifier=d6d9384c-903c-4da4-b599-aa7ef3e803b2, nullProperties=[], languageId=1, image1=751cdf73-3a36-4e84-9582-670cb4db0622, folder=SYSTEM_FOLDER, __disable_workflow__=true, sortOrder=0, modUser=system},lowIndexPriority=false,variantId=DEFAULT], parent=demo.dotcms.com, expectedName='test_binary1687966423010.jpg:test_binary1687966423010.png', expectedType='MultipleBinaries1687966421295'}]" classname="com.dotmarketing.business.DeterministicIdentifierAPITest" time="0.004"/>
  <testcase name="Test_Asset_Generate_Deterministic_Id_Best_Effort[5: TestCase{versionable=name4a42738d6e : keyTag4a42738d6e, parent=my.host1687966420453.com, expectedName='keyTag4a42738d6e', expectedType='persona'}]" classname="com.dotmarketing.business.DeterministicIdentifierAPITest" time="0.003"/>
  <testcase name="Test_Similar_Content_Type_Wont_Clash" classname="com.dotmarketing.business.DeterministicIdentifierAPITest" time="0.489"/>
  <testcase name="Test_Generate_Folder_Identifier" classname="com.dotmarketing.business.DeterministicIdentifierAPITest" time="0.574"/>
  <testcase name="Test_Generate_Content_Type_Identifier[0: ContentTypeTestCase{contentType=KeyValueContentType{name=Language Variable, id=f4d7c1b8-2c88-4071-abf1-a5328977b07d, description=Default Content Type for Language Variables, defaultType=false, fixed=true, iDate=Thu Aug 31 16:38:49 UTC 2017, system=true, versionable=true, variable=Languagevariable, modDate=Wed Jun 28 14:22:42 UTC 2023, host=SYSTEM_HOST, siteName=systemHost, icon=language, sortOrder=0, folder=SYSTEM_FOLDER, folderPath=/, markedForDeletion=true, multilingualable=false}, expectedName='Languagevariable', expectedType='KeyValue'}]" classname="com.dotmarketing.business.DeterministicIdentifierAPITest" time="0.006"/>
  <testcase name="Test_Generate_Content_Type_Identifier[1: ContentTypeTestCase{contentType=SimpleContentType{name=testName1687966423473, id=ceb9e625-6f3c-42be-81d9-1d91a50edebb, description=testDescription1687966423473, defaultType=false, fixed=false, iDate=Wed Jun 28 15:33:43 UTC 2023, system=false, versionable=true, multilingualable=false, variable=testVarname1687966423473, owner=system, modDate=Wed Jun 28 15:33:44 UTC 2023, host=48190c8c-42c4-46af-8d1a-0cd5db894797, siteName=demo.dotcms.com, icon=event_note, sortOrder=0, folder=SYSTEM_FOLDER, folderPath=/, requiredFields=[], markedForDeletion=false}, expectedName='testVarname1687966423473', expectedType='CONTENT'}]" classname="com.dotmarketing.business.DeterministicIdentifierAPITest" time="0.005"/>
  <system-out><![CDATA[]]></system-out>
  <system-err><![CDATA[]]></system-err>
</testsuite>
