<?xml version="1.0" encoding="UTF-8"?>
<testsuite name="com.dotcms.rest.api.v1.vtl.VTLResourceIntegrationTest" tests="6" skipped="0" failures="0" errors="0" timestamp="2023-07-03T17:18:27" hostname="fv-az444-624" time="12.446">
  <properties/>
  <testcase name="testGet[0: com.dotcms.rest.api.v1.vtl.VTLResourceTestCase@19945d95]" classname="com.dotcms.rest.api.v1.vtl.VTLResourceIntegrationTest" time="2.576"/>
  <testcase name="testGet[1: com.dotcms.rest.api.v1.vtl.VTLResourceTestCase@55d456d4]" classname="com.dotcms.rest.api.v1.vtl.VTLResourceIntegrationTest" time="1.845"/>
  <testcase name="testGet[2: com.dotcms.rest.api.v1.vtl.VTLResourceTestCase@3ec110e0]" classname="com.dotcms.rest.api.v1.vtl.VTLResourceIntegrationTest" time="2.034"/>
  <testcase name="testGet[3: com.dotcms.rest.api.v1.vtl.VTLResourceTestCase@575661da]" classname="com.dotcms.rest.api.v1.vtl.VTLResourceIntegrationTest" time="2.077"/>
  <testcase name="testGet[4: com.dotcms.rest.api.v1.vtl.VTLResourceTestCase@6c95f650]" classname="com.dotcms.rest.api.v1.vtl.VTLResourceIntegrationTest" time="1.907"/>
  <testcase name="testGet[5: com.dotcms.rest.api.v1.vtl.VTLResourceTestCase@1b006fe0]" classname="com.dotcms.rest.api.v1.vtl.VTLResourceIntegrationTest" time="2.007"/>
  <system-out><![CDATA[]]></system-out>
  <system-err><![CDATA[]]></system-err>
</testsuite>
