<?xml version="1.0" encoding="UTF-8"?>
<testsuite name="com.dotmarketing.portlets.structure.model.ContentletRelationshipsTest" tests="7" skipped="0" failures="0" errors="0" timestamp="2023-07-17T16:34:08" hostname="fv-az338-287" time="9.541">
  <properties/>
  <testcase name="testDoesAllowOnlyOne[0: com.dotmarketing.portlets.structure.model.ContentletRelationshipsTest$CardinalityTestCase@54bc6914]" classname="com.dotmarketing.portlets.structure.model.ContentletRelationshipsTest" time="0.519"/>
  <testcase name="testDoesAllowOnlyOne[1: com.dotmarketing.portlets.structure.model.ContentletRelationshipsTest$CardinalityTestCase@52e18868]" classname="com.dotmarketing.portlets.structure.model.ContentletRelationshipsTest" time="0.503"/>
  <testcase name="testDoesAllowOnlyOne[2: com.dotmarketing.portlets.structure.model.ContentletRelationshipsTest$CardinalityTestCase@66dfde65]" classname="com.dotmarketing.portlets.structure.model.ContentletRelationshipsTest" time="0.48"/>
  <testcase name="testGetRelationshipRecords[0: com.dotmarketing.portlets.structure.model.ContentletRelationshipsTest$TestCase@5197363c]" classname="com.dotmarketing.portlets.structure.model.ContentletRelationshipsTest" time="2.088"/>
  <testcase name="testGetRelationshipRecords[1: com.dotmarketing.portlets.structure.model.ContentletRelationshipsTest$TestCase@665401d3]" classname="com.dotmarketing.portlets.structure.model.ContentletRelationshipsTest" time="2.141"/>
  <testcase name="testGetRelationshipRecords[2: com.dotmarketing.portlets.structure.model.ContentletRelationshipsTest$TestCase@38a867b9]" classname="com.dotmarketing.portlets.structure.model.ContentletRelationshipsTest" time="1.9"/>
  <testcase name="testGetRelationshipRecords[3: com.dotmarketing.portlets.structure.model.ContentletRelationshipsTest$TestCase@201cba3f]" classname="com.dotmarketing.portlets.structure.model.ContentletRelationshipsTest" time="1.909"/>
  <system-out><![CDATA[]]></system-out>
  <system-err><![CDATA[]]></system-err>
</testsuite>
