<?xml version="1.0" encoding="UTF-8"?>
<testsuite name="com.dotmarketing.portlets.structure.model.ContentletRelationshipsTest" tests="7" skipped="0" failures="0" errors="0" timestamp="2023-07-13T22:32:19" hostname="fv-az166-219" time="8.285">
  <properties/>
  <testcase name="testDoesAllowOnlyOne[0: com.dotmarketing.portlets.structure.model.ContentletRelationshipsTest$CardinalityTestCase@7dc474c8]" classname="com.dotmarketing.portlets.structure.model.ContentletRelationshipsTest" time="0.396"/>
  <testcase name="testDoesAllowOnlyOne[1: com.dotmarketing.portlets.structure.model.ContentletRelationshipsTest$CardinalityTestCase@305e4a5e]" classname="com.dotmarketing.portlets.structure.model.ContentletRelationshipsTest" time="0.409"/>
  <testcase name="testDoesAllowOnlyOne[2: com.dotmarketing.portlets.structure.model.ContentletRelationshipsTest$CardinalityTestCase@2c7c67c]" classname="com.dotmarketing.portlets.structure.model.ContentletRelationshipsTest" time="0.386"/>
  <testcase name="testGetRelationshipRecords[0: com.dotmarketing.portlets.structure.model.ContentletRelationshipsTest$TestCase@22f1b0ff]" classname="com.dotmarketing.portlets.structure.model.ContentletRelationshipsTest" time="1.812"/>
  <testcase name="testGetRelationshipRecords[1: com.dotmarketing.portlets.structure.model.ContentletRelationshipsTest$TestCase@7ccdf25d]" classname="com.dotmarketing.portlets.structure.model.ContentletRelationshipsTest" time="1.865"/>
  <testcase name="testGetRelationshipRecords[2: com.dotmarketing.portlets.structure.model.ContentletRelationshipsTest$TestCase@3e835b20]" classname="com.dotmarketing.portlets.structure.model.ContentletRelationshipsTest" time="1.717"/>
  <testcase name="testGetRelationshipRecords[3: com.dotmarketing.portlets.structure.model.ContentletRelationshipsTest$TestCase@2cb9eaa]" classname="com.dotmarketing.portlets.structure.model.ContentletRelationshipsTest" time="1.699"/>
  <system-out><![CDATA[]]></system-out>
  <system-err><![CDATA[]]></system-err>
</testsuite>
