<?xml version="1.0" encoding="UTF-8"?>
<testsuite name="com.dotcms.rest.api.v1.vtl.VTLResourceIntegrationTest" tests="6" skipped="0" failures="0" errors="0" timestamp="2023-06-28T23:03:10" hostname="fv-az642-275" time="12.174">
  <properties/>
  <testcase name="testGet[0: com.dotcms.rest.api.v1.vtl.VTLResourceTestCase@33d934be]" classname="com.dotcms.rest.api.v1.vtl.VTLResourceIntegrationTest" time="2.161"/>
  <testcase name="testGet[1: com.dotcms.rest.api.v1.vtl.VTLResourceTestCase@51713e0]" classname="com.dotcms.rest.api.v1.vtl.VTLResourceIntegrationTest" time="1.909"/>
  <testcase name="testGet[2: com.dotcms.rest.api.v1.vtl.VTLResourceTestCase@529aa251]" classname="com.dotcms.rest.api.v1.vtl.VTLResourceIntegrationTest" time="2.114"/>
  <testcase name="testGet[3: com.dotcms.rest.api.v1.vtl.VTLResourceTestCase@b79c4fd]" classname="com.dotcms.rest.api.v1.vtl.VTLResourceIntegrationTest" time="1.943"/>
  <testcase name="testGet[4: com.dotcms.rest.api.v1.vtl.VTLResourceTestCase@717f7de8]" classname="com.dotcms.rest.api.v1.vtl.VTLResourceIntegrationTest" time="1.951"/>
  <testcase name="testGet[5: com.dotcms.rest.api.v1.vtl.VTLResourceTestCase@4ccae834]" classname="com.dotcms.rest.api.v1.vtl.VTLResourceIntegrationTest" time="2.096"/>
  <system-out><![CDATA[]]></system-out>
  <system-err><![CDATA[]]></system-err>
</testsuite>
