<?xml version="1.0" encoding="UTF-8"?>
<testsuite name="com.dotmarketing.portlets.structure.model.ContentletRelationshipsTest" tests="7" skipped="0" failures="0" errors="0" timestamp="2023-06-30T19:44:14" hostname="fv-az360-832" time="10.37">
  <properties/>
  <testcase name="testDoesAllowOnlyOne[0: com.dotmarketing.portlets.structure.model.ContentletRelationshipsTest$CardinalityTestCase@36ef1b4c]" classname="com.dotmarketing.portlets.structure.model.ContentletRelationshipsTest" time="0.58"/>
  <testcase name="testDoesAllowOnlyOne[1: com.dotmarketing.portlets.structure.model.ContentletRelationshipsTest$CardinalityTestCase@1ee2d6fa]" classname="com.dotmarketing.portlets.structure.model.ContentletRelationshipsTest" time="0.573"/>
  <testcase name="testDoesAllowOnlyOne[2: com.dotmarketing.portlets.structure.model.ContentletRelationshipsTest$CardinalityTestCase@4dbf2e32]" classname="com.dotmarketing.portlets.structure.model.ContentletRelationshipsTest" time="0.589"/>
  <testcase name="testGetRelationshipRecords[0: com.dotmarketing.portlets.structure.model.ContentletRelationshipsTest$TestCase@3c734117]" classname="com.dotmarketing.portlets.structure.model.ContentletRelationshipsTest" time="2.256"/>
  <testcase name="testGetRelationshipRecords[1: com.dotmarketing.portlets.structure.model.ContentletRelationshipsTest$TestCase@728808ae]" classname="com.dotmarketing.portlets.structure.model.ContentletRelationshipsTest" time="2.192"/>
  <testcase name="testGetRelationshipRecords[2: com.dotmarketing.portlets.structure.model.ContentletRelationshipsTest$TestCase@7ad54503]" classname="com.dotmarketing.portlets.structure.model.ContentletRelationshipsTest" time="2.139"/>
  <testcase name="testGetRelationshipRecords[3: com.dotmarketing.portlets.structure.model.ContentletRelationshipsTest$TestCase@4eaf2ad5]" classname="com.dotmarketing.portlets.structure.model.ContentletRelationshipsTest" time="2.036"/>
  <system-out><![CDATA[]]></system-out>
  <system-err><![CDATA[]]></system-err>
</testsuite>
