<?xml version="1.0" encoding="UTF-8"?>
<testsuite name="com.dotmarketing.filters.AutoLoginFilterTest" tests="1" skipped="0" failures="0" errors="0" timestamp="2023-06-28T01:09:34" hostname="fv-az573-179" time="0.077">
  <properties/>
  <testcase name="shouldReturnOkWithLogoutRequest" classname="com.dotmarketing.filters.AutoLoginFilterTest" time="0.077"/>
  <system-out><![CDATA[]]></system-out>
  <system-err><![CDATA[]]></system-err>
</testsuite>
