<?xml version="1.0" encoding="UTF-8"?>
<testsuite name="com.dotmarketing.portlets.structure.model.ContentletRelationshipsTest" tests="7" skipped="0" failures="0" errors="0" timestamp="2023-06-26T16:25:11" hostname="fv-az936-789" time="9.582">
  <properties/>
  <testcase name="testDoesAllowOnlyOne[0: com.dotmarketing.portlets.structure.model.ContentletRelationshipsTest$CardinalityTestCase@4d8ad9e8]" classname="com.dotmarketing.portlets.structure.model.ContentletRelationshipsTest" time="0.58"/>
  <testcase name="testDoesAllowOnlyOne[1: com.dotmarketing.portlets.structure.model.ContentletRelationshipsTest$CardinalityTestCase@56ba3285]" classname="com.dotmarketing.portlets.structure.model.ContentletRelationshipsTest" time="0.62"/>
  <testcase name="testDoesAllowOnlyOne[2: com.dotmarketing.portlets.structure.model.ContentletRelationshipsTest$CardinalityTestCase@2047a425]" classname="com.dotmarketing.portlets.structure.model.ContentletRelationshipsTest" time="0.604"/>
  <testcase name="testGetRelationshipRecords[0: com.dotmarketing.portlets.structure.model.ContentletRelationshipsTest$TestCase@647cd295]" classname="com.dotmarketing.portlets.structure.model.ContentletRelationshipsTest" time="2.146"/>
  <testcase name="testGetRelationshipRecords[1: com.dotmarketing.portlets.structure.model.ContentletRelationshipsTest$TestCase@7f22026b]" classname="com.dotmarketing.portlets.structure.model.ContentletRelationshipsTest" time="2.273"/>
  <testcase name="testGetRelationshipRecords[2: com.dotmarketing.portlets.structure.model.ContentletRelationshipsTest$TestCase@780b3910]" classname="com.dotmarketing.portlets.structure.model.ContentletRelationshipsTest" time="2.142"/>
  <testcase name="testGetRelationshipRecords[3: com.dotmarketing.portlets.structure.model.ContentletRelationshipsTest$TestCase@6570dcb8]" classname="com.dotmarketing.portlets.structure.model.ContentletRelationshipsTest" time="1.214"/>
  <system-out><![CDATA[]]></system-out>
  <system-err><![CDATA[]]></system-err>
</testsuite>
