<?xml version="1.0" encoding="UTF-8"?>
<testsuite name="com.dotcms.rest.api.v1.vtl.VTLResourceIntegrationTest" tests="6" skipped="0" failures="0" errors="0" timestamp="2023-06-27T18:44:50" hostname="fv-az359-674" time="11.007">
  <properties/>
  <testcase name="testGet[0: com.dotcms.rest.api.v1.vtl.VTLResourceTestCase@7fcf73cd]" classname="com.dotcms.rest.api.v1.vtl.VTLResourceIntegrationTest" time="2.115"/>
  <testcase name="testGet[1: com.dotcms.rest.api.v1.vtl.VTLResourceTestCase@707b6cbb]" classname="com.dotcms.rest.api.v1.vtl.VTLResourceIntegrationTest" time="1.128"/>
  <testcase name="testGet[2: com.dotcms.rest.api.v1.vtl.VTLResourceTestCase@3b8660bc]" classname="com.dotcms.rest.api.v1.vtl.VTLResourceIntegrationTest" time="1.823"/>
  <testcase name="testGet[3: com.dotcms.rest.api.v1.vtl.VTLResourceTestCase@18dc7436]" classname="com.dotcms.rest.api.v1.vtl.VTLResourceIntegrationTest" time="2.052"/>
  <testcase name="testGet[4: com.dotcms.rest.api.v1.vtl.VTLResourceTestCase@1c892dfb]" classname="com.dotcms.rest.api.v1.vtl.VTLResourceIntegrationTest" time="1.94"/>
  <testcase name="testGet[5: com.dotcms.rest.api.v1.vtl.VTLResourceTestCase@37bc9465]" classname="com.dotcms.rest.api.v1.vtl.VTLResourceIntegrationTest" time="1.949"/>
  <system-out><![CDATA[]]></system-out>
  <system-err><![CDATA[]]></system-err>
</testsuite>
