<?xml version="1.0" encoding="UTF-8"?>
<testsuite name="com.dotmarketing.business.DeterministicIdentifierAPITest" tests="16" skipped="0" failures="0" errors="0" timestamp="2023-06-28T19:44:18" hostname="fv-az398-53" time="0.574">
  <properties/>
  <testcase name="Test_Category_Path_Seed_And_Id" classname="com.dotmarketing.business.DeterministicIdentifierAPITest" time="0.027"/>
  <testcase name="Test_Language_Deterministic_Id[0: LanguageTestCase{expectedSeed='Language:es:US', expectedHash=4913155, langCode='es', countryCode='US', country='United States'}]" classname="com.dotmarketing.business.DeterministicIdentifierAPITest" time="0.001"/>
  <testcase name="Test_Language_Deterministic_Id[1: LanguageTestCase{expectedSeed='Language:ep:', expectedHash=5292269, langCode='ep', countryCode='', country=''}]" classname="com.dotmarketing.business.DeterministicIdentifierAPITest" time="0.001"/>
  <testcase name="Test_Language_Deterministic_Id[2: LanguageTestCase{expectedSeed='Language:sg:SAG', expectedHash=4713118, langCode='sg', countryCode='SAG', country=''}]" classname="com.dotmarketing.business.DeterministicIdentifierAPITest" time="0.001"/>
  <testcase name="Test_Language_Deterministic_Id[3: LanguageTestCase{expectedSeed='Language:en:NZ', expectedHash=5382528, langCode='en', countryCode='NZ', country='New Zealand'}]" classname="com.dotmarketing.business.DeterministicIdentifierAPITest" time="0.001"/>
  <testcase name="Test_Category_None_Persisted_Category_Should_Return_Deterministic_Id" classname="com.dotmarketing.business.DeterministicIdentifierAPITest" time="0.001"/>
  <testcase name="Test_Asset_Generate_Deterministic_Id_Best_Effort[0: TestCase{versionable=my.host1687981083436.com, parent=System Host, expectedName='my.host1687981083436.com', expectedType='Host'}]" classname="com.dotmarketing.business.DeterministicIdentifierAPITest" time="0.006"/>
  <testcase name="Test_Asset_Generate_Deterministic_Id_Best_Effort[1: TestCase{versionable=com.dotmarketing.portlets.contentlet.model.Contentlet@679f7919[map={modDate=2023-06-28 19:38:04.163, fileName=file6956714032283623483.txt, title=file6956714032283623483.txt, inode=cf0fac2a-4ca4-4c9a-b668-a8bdfc5699f0, __IS_NEW_CONTENT__=true, disabledWYSIWYG=[], host=1f3f7c87-eed6-4d4c-bb18-e10ceab2b354, stInode=33888b6f-7a8e-4069-b1b6-5c1aa9d0a48d, owner=system, identifier=7c6beb66-decb-440f-8b15-cb4e53f82453, nullProperties=[wfExpireDate, wfPublishDate, wfActionAssign, wfActionId, wfActionComments, filterKey, whereToSend, wfNeverExpire, _path_to_move, timezoneId, iWantTo, wfPublishTime, wfExpireTime], languageId=1, fileAsset=/home/runner/work/core/custom/assets/c/f/cf0fac2a-4ca4-4c9a-b668-a8bdfc5699f0/fileAsset/file6956714032283623483.txt, folder=62d239db-35ce-4ffa-b603-d9781c471bf7, __disable_workflow__=true, sortOrder=0, modUser=system},lowIndexPriority=false,variantId=DEFAULT], parent=com.dotmarketing.portlets.folders.model.Folder@6e03807d[identifier=62d239db-35ce-4ffa-b603-d9781c471bf7,name=testName1687981084157,sortOrder=0,showOnMenu=false,hostId=1f3f7c87-eed6-4d4c-bb18-e10ceab2b354,type=folder,title=testTitle1687981084157,filesMasks=,defaultFileType=33888b6f-7a8e-4069-b1b6-5c1aa9d0a48d,modDate=2023-06-28 19:38:04.159,owner=&lt;null&gt;,iDate=2023-06-28 19:38:04.159,inode=62d239db-35ce-4ffa-b603-d9781c471bf7,path=/testName1687981084157/], expectedName='file6956714032283623483.txt', expectedType='FileAsset'}]" classname="com.dotmarketing.business.DeterministicIdentifierAPITest" time="0.003"/>
  <testcase name="Test_Asset_Generate_Deterministic_Id_Best_Effort[2: TestCase{versionable=com.dotmarketing.portlets.templates.model.Template@e06b835d, parent=my.host1687981083436.com, expectedName='testTitle1687981084248', expectedType='Template'}]" classname="com.dotmarketing.business.DeterministicIdentifierAPITest" time="0.002"/>
  <testcase name="Test_Asset_Generate_Deterministic_Id_Best_Effort[3: TestCase{versionable=com.dotmarketing.portlets.htmlpageasset.model.HTMLPageAsset@473e5b61[map={template=b608d9ce-78b8-4986-b14d-3ba802212fb6, owner=system, identifier=373aa133-6451-4451-b450-2ab968d080f9, nullProperties=[wfExpireDate, wfPublishDate, wfActionAssign, wfActionId, wfActionComments, filterKey, whereToSend, wfNeverExpire, _path_to_move, timezoneId, iWantTo, wfPublishTime, wfExpireTime], modDate=2023-06-28 19:38:04.264, cachettl=0, _is_test_mode=true, languageId=1, title=test-page-title-1687981084261, httpsreq=, url=test-page-url-1687981084261, showOnMenu=, inode=95af5cc1-ff29-4215-b46c-462503562110, folder=62d239db-35ce-4ffa-b603-d9781c471bf7, disabledWYSIWYG=[], sortOrder=1, modUser=system, host=1f3f7c87-eed6-4d4c-bb18-e10ceab2b354, stInode=c541abb1-69b3-4bc5-8430-5e09e5239cc8, friendlyName=test-page-friendly-name-1687981084261},lowIndexPriority=false,variantId=DEFAULT], parent=com.dotmarketing.portlets.folders.model.Folder@6e03807d[identifier=62d239db-35ce-4ffa-b603-d9781c471bf7,name=testName1687981084157,sortOrder=0,showOnMenu=false,hostId=1f3f7c87-eed6-4d4c-bb18-e10ceab2b354,type=folder,title=testTitle1687981084157,filesMasks=,defaultFileType=33888b6f-7a8e-4069-b1b6-5c1aa9d0a48d,modDate=2023-06-28 19:38:04.159,owner=&lt;null&gt;,iDate=2023-06-28 19:38:04.159,inode=62d239db-35ce-4ffa-b603-d9781c471bf7,path=/testName1687981084157/], expectedName='test-page-url-1687981084261', expectedType='htmlpageasset'}]" classname="com.dotmarketing.business.DeterministicIdentifierAPITest" time="0.003"/>
  <testcase name="Test_Asset_Generate_Deterministic_Id_Best_Effort[4: TestCase{versionable=com.dotmarketing.portlets.contentlet.model.Contentlet@5cf8157d[map={fileAsset2=/home/runner/work/core/custom/assets/d/2/d29e2718-8516-46dc-8cf4-da550022b216/fileAsset2/test_binary1687981085164.png, modDate=2023-06-28 19:38:05.168, fileAsset1=/home/runner/work/core/custom/assets/d/2/d29e2718-8516-46dc-8cf4-da550022b216/fileAsset1/test_binary1687981085164.jpg, title=blah, inode=d29e2718-8516-46dc-8cf4-da550022b216, __IS_NEW_CONTENT__=true, disabledWYSIWYG=[], host=48190c8c-42c4-46af-8d1a-0cd5db894797, stInode=852b28ee-cffe-4941-803a-9efb836a5963, owner=system, identifier=31a49aa0-f2f4-430c-98d9-00371b9ce223, nullProperties=[], languageId=1, image1=f4c5974c-42e6-4d46-8441-23f29df1d5d8, folder=SYSTEM_FOLDER, __disable_workflow__=true, sortOrder=0, modUser=system},lowIndexPriority=false,variantId=DEFAULT], parent=demo.dotcms.com, expectedName='test_binary1687981085164.jpg:test_binary1687981085164.png', expectedType='MultipleBinaries1687981084371'}]" classname="com.dotmarketing.business.DeterministicIdentifierAPITest" time="0.003"/>
  <testcase name="Test_Asset_Generate_Deterministic_Id_Best_Effort[5: TestCase{versionable=name7bc087c37e : keyTag7bc087c37e, parent=my.host1687981083436.com, expectedName='keyTag7bc087c37e', expectedType='persona'}]" classname="com.dotmarketing.business.DeterministicIdentifierAPITest" time="0.003"/>
  <testcase name="Test_Similar_Content_Type_Wont_Clash" classname="com.dotmarketing.business.DeterministicIdentifierAPITest" time="0.377"/>
  <testcase name="Test_Generate_Folder_Identifier" classname="com.dotmarketing.business.DeterministicIdentifierAPITest" time="0.134"/>
  <testcase name="Test_Generate_Content_Type_Identifier[0: ContentTypeTestCase{contentType=KeyValueContentType{name=Language Variable, id=f4d7c1b8-2c88-4071-abf1-a5328977b07d, description=Default Content Type for Language Variables, defaultType=false, fixed=true, iDate=Thu Aug 31 16:38:49 UTC 2017, system=true, versionable=true, variable=Languagevariable, modDate=Wed Jun 28 18:35:51 UTC 2023, host=SYSTEM_HOST, siteName=systemHost, icon=language, sortOrder=0, folder=SYSTEM_FOLDER, folderPath=/, markedForDeletion=true, multilingualable=false}, expectedName='Languagevariable', expectedType='KeyValue'}]" classname="com.dotmarketing.business.DeterministicIdentifierAPITest" time="0.004"/>
  <testcase name="Test_Generate_Content_Type_Identifier[1: ContentTypeTestCase{contentType=SimpleContentType{name=testName1687981085502, id=17ceae56-515b-44ea-abd6-fc57cd6ad8aa, description=testDescription1687981085502, defaultType=false, fixed=false, iDate=Wed Jun 28 19:38:05 UTC 2023, system=false, versionable=true, multilingualable=false, variable=testVarname1687981085502, owner=system, modDate=Wed Jun 28 19:38:06 UTC 2023, host=48190c8c-42c4-46af-8d1a-0cd5db894797, siteName=demo.dotcms.com, icon=event_note, sortOrder=0, folder=SYSTEM_FOLDER, folderPath=/, requiredFields=[], markedForDeletion=false}, expectedName='testVarname1687981085502', expectedType='CONTENT'}]" classname="com.dotmarketing.business.DeterministicIdentifierAPITest" time="0.004"/>
  <system-out><![CDATA[]]></system-out>
  <system-err><![CDATA[]]></system-err>
</testsuite>
