<?xml version="1.0" encoding="UTF-8"?>
<testsuite name="com.dotcms.http.CircuitBreakerUrlTest" tests="10" skipped="0" failures="0" errors="0" timestamp="2023-06-23T18:16:47" hostname="fv-az507-453" time="8.492">
  <properties/>
  <testcase name="testBadBreaker" classname="com.dotcms.http.CircuitBreakerUrlTest" time="0.029"/>
  <testcase name="test_breaker_url_using_private_ip_throws_an_exception" classname="com.dotcms.http.CircuitBreakerUrlTest" time="0.002"/>
  <testcase name="testGet" classname="com.dotcms.http.CircuitBreakerUrlTest" time="0.452"/>
  <testcase name="testBadRequest" classname="com.dotcms.http.CircuitBreakerUrlTest" time="0.079"/>
  <testcase name="testToString" classname="com.dotcms.http.CircuitBreakerUrlTest" time="0.338"/>
  <testcase name="disallowRedirects" classname="com.dotcms.http.CircuitBreakerUrlTest" time="0.021"/>
  <testcase name="testGoodBreaker" classname="com.dotcms.http.CircuitBreakerUrlTest" time="0.317"/>
  <testcase name="testRecovery" classname="com.dotcms.http.CircuitBreakerUrlTest" time="6.247"/>
  <testcase name="test_circuitBreakerConnectionControl" classname="com.dotcms.http.CircuitBreakerUrlTest" time="1.003"/>
  <testcase name="testBreakerPool" classname="com.dotcms.http.CircuitBreakerUrlTest" time="0.001"/>
  <system-out><![CDATA[]]></system-out>
  <system-err><![CDATA[]]></system-err>
</testsuite>
