<?xml version="1.0" encoding="UTF-8"?>
<testsuite name="com.dotcms.rest.api.v1.vtl.VTLResourceIntegrationTest" tests="6" skipped="0" failures="0" errors="0" timestamp="2023-07-11T21:04:16" hostname="fv-az203-15" time="9.417">
  <properties/>
  <testcase name="testGet[0: com.dotcms.rest.api.v1.vtl.VTLResourceTestCase@25e27d8c]" classname="com.dotcms.rest.api.v1.vtl.VTLResourceIntegrationTest" time="2.455"/>
  <testcase name="testGet[1: com.dotcms.rest.api.v1.vtl.VTLResourceTestCase@7fbb35e3]" classname="com.dotcms.rest.api.v1.vtl.VTLResourceIntegrationTest" time="1.025"/>
  <testcase name="testGet[2: com.dotcms.rest.api.v1.vtl.VTLResourceTestCase@2c293cd]" classname="com.dotcms.rest.api.v1.vtl.VTLResourceIntegrationTest" time="0.972"/>
  <testcase name="testGet[3: com.dotcms.rest.api.v1.vtl.VTLResourceTestCase@602beda8]" classname="com.dotcms.rest.api.v1.vtl.VTLResourceIntegrationTest" time="1.071"/>
  <testcase name="testGet[4: com.dotcms.rest.api.v1.vtl.VTLResourceTestCase@5613e23c]" classname="com.dotcms.rest.api.v1.vtl.VTLResourceIntegrationTest" time="2.024"/>
  <testcase name="testGet[5: com.dotcms.rest.api.v1.vtl.VTLResourceTestCase@7021c130]" classname="com.dotcms.rest.api.v1.vtl.VTLResourceIntegrationTest" time="1.87"/>
  <system-out><![CDATA[]]></system-out>
  <system-err><![CDATA[]]></system-err>
</testsuite>
