<?xml version="1.0" encoding="UTF-8"?>
<testsuite name="com.dotmarketing.startup.runonce.Task211007RemoveNotNullConstraintFromCompanyMXColumnTest" tests="1" skipped="0" failures="0" errors="0" timestamp="2023-07-20T20:58:55" hostname="fv-az174-151" time="0.004">
  <properties/>
  <testcase name="test" classname="com.dotmarketing.startup.runonce.Task211007RemoveNotNullConstraintFromCompanyMXColumnTest" time="0.004"/>
  <system-out><![CDATA[]]></system-out>
  <system-err><![CDATA[]]></system-err>
</testsuite>
