<?xml version="1.0" encoding="UTF-8"?>
<testsuite name="com.dotmarketing.portlets.fileassets.business.FileAssetFactoryIntegrationTest" tests="5" skipped="0" failures="0" errors="0" timestamp="2023-06-28T21:00:43" hostname="fv-az617-914" time="13.574">
  <properties/>
  <testcase name="shouldReturnOneFile" classname="com.dotmarketing.portlets.fileassets.business.FileAssetFactoryIntegrationTest" time="2.68"/>
  <testcase name="shouldReturnEmptyList" classname="com.dotmarketing.portlets.fileassets.business.FileAssetFactoryIntegrationTest" time="1.718"/>
  <testcase name="shouldReturnTwoFiles" classname="com.dotmarketing.portlets.fileassets.business.FileAssetFactoryIntegrationTest" time="2.646"/>
  <testcase name="whenUserNotHavePermissionOverParentFolder" classname="com.dotmarketing.portlets.fileassets.business.FileAssetFactoryIntegrationTest" time="1.42"/>
  <testcase name="shouldWorkWithAnonymous" classname="com.dotmarketing.portlets.fileassets.business.FileAssetFactoryIntegrationTest" time="5.108"/>
  <system-out><![CDATA[]]></system-out>
  <system-err><![CDATA[]]></system-err>
</testsuite>
