<?xml version="1.0" encoding="UTF-8"?>
<testsuite name="com.dotmarketing.portlets.structure.model.ContentletRelationshipsTest" tests="7" skipped="0" failures="0" errors="0" timestamp="2023-07-10T22:22:00" hostname="fv-az445-212" time="8.981">
  <properties/>
  <testcase name="testDoesAllowOnlyOne[0: com.dotmarketing.portlets.structure.model.ContentletRelationshipsTest$CardinalityTestCase@7eaf115a]" classname="com.dotmarketing.portlets.structure.model.ContentletRelationshipsTest" time="0.473"/>
  <testcase name="testDoesAllowOnlyOne[1: com.dotmarketing.portlets.structure.model.ContentletRelationshipsTest$CardinalityTestCase@10531204]" classname="com.dotmarketing.portlets.structure.model.ContentletRelationshipsTest" time="0.479"/>
  <testcase name="testDoesAllowOnlyOne[2: com.dotmarketing.portlets.structure.model.ContentletRelationshipsTest$CardinalityTestCase@23ec6025]" classname="com.dotmarketing.portlets.structure.model.ContentletRelationshipsTest" time="0.448"/>
  <testcase name="testGetRelationshipRecords[0: com.dotmarketing.portlets.structure.model.ContentletRelationshipsTest$TestCase@57572cf]" classname="com.dotmarketing.portlets.structure.model.ContentletRelationshipsTest" time="2.022"/>
  <testcase name="testGetRelationshipRecords[1: com.dotmarketing.portlets.structure.model.ContentletRelationshipsTest$TestCase@3d686fa]" classname="com.dotmarketing.portlets.structure.model.ContentletRelationshipsTest" time="1.928"/>
  <testcase name="testGetRelationshipRecords[2: com.dotmarketing.portlets.structure.model.ContentletRelationshipsTest$TestCase@b9d77b6]" classname="com.dotmarketing.portlets.structure.model.ContentletRelationshipsTest" time="1.843"/>
  <testcase name="testGetRelationshipRecords[3: com.dotmarketing.portlets.structure.model.ContentletRelationshipsTest$TestCase@4b30c3a8]" classname="com.dotmarketing.portlets.structure.model.ContentletRelationshipsTest" time="1.787"/>
  <system-out><![CDATA[]]></system-out>
  <system-err><![CDATA[]]></system-err>
</testsuite>
