<?xml version="1.0" encoding="UTF-8"?>
<testsuite name="com.dotcms.rendering.velocity.viewtools.content.util.ContentUtilsTest" tests="89" skipped="0" failures="0" errors="0" timestamp="2023-07-18T00:47:20" hostname="fv-az1128-367" time="396.761">
  <properties/>
  <testcase name="whenTheTimeMachineDateIsNullAndPublishDateInFutureShouldNotReturnAnything" classname="com.dotcms.rendering.velocity.viewtools.content.util.ContentUtilsTest" time="2.966"/>
  <testcase name="test_find_multilingual_contentlet_getContentletSuccessfully" classname="com.dotcms.rendering.velocity.viewtools.content.util.ContentUtilsTest" time="2.158"/>
  <testcase name="whenTheTimeMachineDateAndPublishDateAreTomorrowShouldReturnOneContent" classname="com.dotcms.rendering.velocity.viewtools.content.util.ContentUtilsTest" time="2.941"/>
  <testcase name="testPullRelated[0: com.dotcms.rendering.velocity.viewtools.content.util.ContentUtilsTest$TestCase@4ce56414]" classname="com.dotcms.rendering.velocity.viewtools.content.util.ContentUtilsTest" time="3.78"/>
  <testcase name="testPullRelated[1: com.dotcms.rendering.velocity.viewtools.content.util.ContentUtilsTest$TestCase@f3317d8]" classname="com.dotcms.rendering.velocity.viewtools.content.util.ContentUtilsTest" time="3.87"/>
  <testcase name="testPullRelated[2: com.dotcms.rendering.velocity.viewtools.content.util.ContentUtilsTest$TestCase@75e21b34]" classname="com.dotcms.rendering.velocity.viewtools.content.util.ContentUtilsTest" time="4.386"/>
  <testcase name="testPullRelated[3: com.dotcms.rendering.velocity.viewtools.content.util.ContentUtilsTest$TestCase@32eb7b0d]" classname="com.dotcms.rendering.velocity.viewtools.content.util.ContentUtilsTest" time="3.689"/>
  <testcase name="testPullRelated[4: com.dotcms.rendering.velocity.viewtools.content.util.ContentUtilsTest$TestCase@55c97c80]" classname="com.dotcms.rendering.velocity.viewtools.content.util.ContentUtilsTest" time="4.249"/>
  <testcase name="testPullRelated[5: com.dotcms.rendering.velocity.viewtools.content.util.ContentUtilsTest$TestCase@42533c36]" classname="com.dotcms.rendering.velocity.viewtools.content.util.ContentUtilsTest" time="3.828"/>
  <testcase name="testPullRelated[6: com.dotcms.rendering.velocity.viewtools.content.util.ContentUtilsTest$TestCase@270da4f3]" classname="com.dotcms.rendering.velocity.viewtools.content.util.ContentUtilsTest" time="3.297"/>
  <testcase name="testPullRelated[7: com.dotcms.rendering.velocity.viewtools.content.util.ContentUtilsTest$TestCase@4e57900c]" classname="com.dotcms.rendering.velocity.viewtools.content.util.ContentUtilsTest" time="3.889"/>
  <testcase name="testPullRelated[8: com.dotcms.rendering.velocity.viewtools.content.util.ContentUtilsTest$TestCase@50e4d83a]" classname="com.dotcms.rendering.velocity.viewtools.content.util.ContentUtilsTest" time="3.993"/>
  <testcase name="testPullRelated[9: com.dotcms.rendering.velocity.viewtools.content.util.ContentUtilsTest$TestCase@b0dec9c]" classname="com.dotcms.rendering.velocity.viewtools.content.util.ContentUtilsTest" time="4.004"/>
  <testcase name="testPullRelated[10: com.dotcms.rendering.velocity.viewtools.content.util.ContentUtilsTest$TestCase@41edfb32]" classname="com.dotcms.rendering.velocity.viewtools.content.util.ContentUtilsTest" time="3.255"/>
  <testcase name="testPullRelated[11: com.dotcms.rendering.velocity.viewtools.content.util.ContentUtilsTest$TestCase@3348c4f3]" classname="com.dotcms.rendering.velocity.viewtools.content.util.ContentUtilsTest" time="2.948"/>
  <testcase name="testPullRelated[12: com.dotcms.rendering.velocity.viewtools.content.util.ContentUtilsTest$TestCase@451bffa8]" classname="com.dotcms.rendering.velocity.viewtools.content.util.ContentUtilsTest" time="3.803"/>
  <testcase name="testPullRelated[13: com.dotcms.rendering.velocity.viewtools.content.util.ContentUtilsTest$TestCase@2116829b]" classname="com.dotcms.rendering.velocity.viewtools.content.util.ContentUtilsTest" time="4.169"/>
  <testcase name="testPullRelated[14: com.dotcms.rendering.velocity.viewtools.content.util.ContentUtilsTest$TestCase@f8cc9e0]" classname="com.dotcms.rendering.velocity.viewtools.content.util.ContentUtilsTest" time="3.982"/>
  <testcase name="testPullRelated[15: com.dotcms.rendering.velocity.viewtools.content.util.ContentUtilsTest$TestCase@7a16fbbe]" classname="com.dotcms.rendering.velocity.viewtools.content.util.ContentUtilsTest" time="4.234"/>
  <testcase name="testPullRelated[16: com.dotcms.rendering.velocity.viewtools.content.util.ContentUtilsTest$TestCase@60eabdeb]" classname="com.dotcms.rendering.velocity.viewtools.content.util.ContentUtilsTest" time="3.689"/>
  <testcase name="testPullRelated[17: com.dotcms.rendering.velocity.viewtools.content.util.ContentUtilsTest$TestCase@75fdf937]" classname="com.dotcms.rendering.velocity.viewtools.content.util.ContentUtilsTest" time="3.263"/>
  <testcase name="testPullRelated[18: com.dotcms.rendering.velocity.viewtools.content.util.ContentUtilsTest$TestCase@1c57eda1]" classname="com.dotcms.rendering.velocity.viewtools.content.util.ContentUtilsTest" time="4.106"/>
  <testcase name="testPullRelated[19: com.dotcms.rendering.velocity.viewtools.content.util.ContentUtilsTest$TestCase@51d13e9e]" classname="com.dotcms.rendering.velocity.viewtools.content.util.ContentUtilsTest" time="3.949"/>
  <testcase name="testPullRelated[20: com.dotcms.rendering.velocity.viewtools.content.util.ContentUtilsTest$TestCase@6461c4aa]" classname="com.dotcms.rendering.velocity.viewtools.content.util.ContentUtilsTest" time="4.159"/>
  <testcase name="testPullRelated[21: com.dotcms.rendering.velocity.viewtools.content.util.ContentUtilsTest$TestCase@7e4fbd50]" classname="com.dotcms.rendering.velocity.viewtools.content.util.ContentUtilsTest" time="3.829"/>
  <testcase name="testPullRelated[22: com.dotcms.rendering.velocity.viewtools.content.util.ContentUtilsTest$TestCase@5d566ddd]" classname="com.dotcms.rendering.velocity.viewtools.content.util.ContentUtilsTest" time="4.23"/>
  <testcase name="testPullRelated[23: com.dotcms.rendering.velocity.viewtools.content.util.ContentUtilsTest$TestCase@52b8d27]" classname="com.dotcms.rendering.velocity.viewtools.content.util.ContentUtilsTest" time="3.828"/>
  <testcase name="testPullRelated[24: com.dotcms.rendering.velocity.viewtools.content.util.ContentUtilsTest$TestCase@6f055dbc]" classname="com.dotcms.rendering.velocity.viewtools.content.util.ContentUtilsTest" time="4.074"/>
  <testcase name="testPullRelated[25: com.dotcms.rendering.velocity.viewtools.content.util.ContentUtilsTest$TestCase@6ca3c831]" classname="com.dotcms.rendering.velocity.viewtools.content.util.ContentUtilsTest" time="3.932"/>
  <testcase name="testPullRelated[26: com.dotcms.rendering.velocity.viewtools.content.util.ContentUtilsTest$TestCase@27578fd]" classname="com.dotcms.rendering.velocity.viewtools.content.util.ContentUtilsTest" time="3.352"/>
  <testcase name="testPullRelated[27: com.dotcms.rendering.velocity.viewtools.content.util.ContentUtilsTest$TestCase@5b6e9f21]" classname="com.dotcms.rendering.velocity.viewtools.content.util.ContentUtilsTest" time="3.083"/>
  <testcase name="testPullRelated[28: com.dotcms.rendering.velocity.viewtools.content.util.ContentUtilsTest$TestCase@1ec3d14d]" classname="com.dotcms.rendering.velocity.viewtools.content.util.ContentUtilsTest" time="3.834"/>
  <testcase name="testPullRelated[29: com.dotcms.rendering.velocity.viewtools.content.util.ContentUtilsTest$TestCase@6c5360e4]" classname="com.dotcms.rendering.velocity.viewtools.content.util.ContentUtilsTest" time="4.206"/>
  <testcase name="testPullRelated[30: com.dotcms.rendering.velocity.viewtools.content.util.ContentUtilsTest$TestCase@45c85f03]" classname="com.dotcms.rendering.velocity.viewtools.content.util.ContentUtilsTest" time="3.922"/>
  <testcase name="testPullRelated[31: com.dotcms.rendering.velocity.viewtools.content.util.ContentUtilsTest$TestCase@6af0470c]" classname="com.dotcms.rendering.velocity.viewtools.content.util.ContentUtilsTest" time="4.1"/>
  <testcase name="testPullRelated[32: com.dotcms.rendering.velocity.viewtools.content.util.ContentUtilsTest$TestCase@6a39baa6]" classname="com.dotcms.rendering.velocity.viewtools.content.util.ContentUtilsTest" time="4.002"/>
  <testcase name="testPullRelated[33: com.dotcms.rendering.velocity.viewtools.content.util.ContentUtilsTest$TestCase@1d1ab345]" classname="com.dotcms.rendering.velocity.viewtools.content.util.ContentUtilsTest" time="3.997"/>
  <testcase name="testPullRelated[34: com.dotcms.rendering.velocity.viewtools.content.util.ContentUtilsTest$TestCase@1aadd7a2]" classname="com.dotcms.rendering.velocity.viewtools.content.util.ContentUtilsTest" time="4.053"/>
  <testcase name="testPullRelated[35: com.dotcms.rendering.velocity.viewtools.content.util.ContentUtilsTest$TestCase@728d3bdc]" classname="com.dotcms.rendering.velocity.viewtools.content.util.ContentUtilsTest" time="3.228"/>
  <testcase name="testPullRelated[36: com.dotcms.rendering.velocity.viewtools.content.util.ContentUtilsTest$TestCase@554643a1]" classname="com.dotcms.rendering.velocity.viewtools.content.util.ContentUtilsTest" time="5.952"/>
  <testcase name="testPullRelated[37: com.dotcms.rendering.velocity.viewtools.content.util.ContentUtilsTest$TestCase@1d8e42d7]" classname="com.dotcms.rendering.velocity.viewtools.content.util.ContentUtilsTest" time="6.075"/>
  <testcase name="testPullRelated[38: com.dotcms.rendering.velocity.viewtools.content.util.ContentUtilsTest$TestCase@69ea8603]" classname="com.dotcms.rendering.velocity.viewtools.content.util.ContentUtilsTest" time="6.317"/>
  <testcase name="testPullRelated[39: com.dotcms.rendering.velocity.viewtools.content.util.ContentUtilsTest$TestCase@72221339]" classname="com.dotcms.rendering.velocity.viewtools.content.util.ContentUtilsTest" time="5.859"/>
  <testcase name="testPullRelated[40: com.dotcms.rendering.velocity.viewtools.content.util.ContentUtilsTest$TestCase@159e0d97]" classname="com.dotcms.rendering.velocity.viewtools.content.util.ContentUtilsTest" time="5.171"/>
  <testcase name="testPullRelated[41: com.dotcms.rendering.velocity.viewtools.content.util.ContentUtilsTest$TestCase@7ae97d09]" classname="com.dotcms.rendering.velocity.viewtools.content.util.ContentUtilsTest" time="5.939"/>
  <testcase name="testPullRelated[42: com.dotcms.rendering.velocity.viewtools.content.util.ContentUtilsTest$TestCase@478e36c9]" classname="com.dotcms.rendering.velocity.viewtools.content.util.ContentUtilsTest" time="6.252"/>
  <testcase name="testPullRelated[43: com.dotcms.rendering.velocity.viewtools.content.util.ContentUtilsTest$TestCase@25574eda]" classname="com.dotcms.rendering.velocity.viewtools.content.util.ContentUtilsTest" time="6.123"/>
  <testcase name="testPullRelated[44: com.dotcms.rendering.velocity.viewtools.content.util.ContentUtilsTest$TestCase@40c01d52]" classname="com.dotcms.rendering.velocity.viewtools.content.util.ContentUtilsTest" time="6.169"/>
  <testcase name="testPullRelated[45: com.dotcms.rendering.velocity.viewtools.content.util.ContentUtilsTest$TestCase@71f03176]" classname="com.dotcms.rendering.velocity.viewtools.content.util.ContentUtilsTest" time="4.73"/>
  <testcase name="testPullRelated[46: com.dotcms.rendering.velocity.viewtools.content.util.ContentUtilsTest$TestCase@477e69ff]" classname="com.dotcms.rendering.velocity.viewtools.content.util.ContentUtilsTest" time="6.302"/>
  <testcase name="testPullRelated[47: com.dotcms.rendering.velocity.viewtools.content.util.ContentUtilsTest$TestCase@5840de54]" classname="com.dotcms.rendering.velocity.viewtools.content.util.ContentUtilsTest" time="6.23"/>
  <testcase name="testPullRelated[48: com.dotcms.rendering.velocity.viewtools.content.util.ContentUtilsTest$TestCase@18aa7283]" classname="com.dotcms.rendering.velocity.viewtools.content.util.ContentUtilsTest" time="5.82"/>
  <testcase name="testPullRelated[49: com.dotcms.rendering.velocity.viewtools.content.util.ContentUtilsTest$TestCase@68a19b61]" classname="com.dotcms.rendering.velocity.viewtools.content.util.ContentUtilsTest" time="5.98"/>
  <testcase name="testPullRelated[50: com.dotcms.rendering.velocity.viewtools.content.util.ContentUtilsTest$TestCase@5c24261b]" classname="com.dotcms.rendering.velocity.viewtools.content.util.ContentUtilsTest" time="6.339"/>
  <testcase name="testPullRelated[51: com.dotcms.rendering.velocity.viewtools.content.util.ContentUtilsTest$TestCase@2c8e1b5]" classname="com.dotcms.rendering.velocity.viewtools.content.util.ContentUtilsTest" time="5.154"/>
  <testcase name="testPullRelated[52: com.dotcms.rendering.velocity.viewtools.content.util.ContentUtilsTest$TestCase@493db505]" classname="com.dotcms.rendering.velocity.viewtools.content.util.ContentUtilsTest" time="5.846"/>
  <testcase name="testPullRelated[53: com.dotcms.rendering.velocity.viewtools.content.util.ContentUtilsTest$TestCase@2da345d0]" classname="com.dotcms.rendering.velocity.viewtools.content.util.ContentUtilsTest" time="6.093"/>
  <testcase name="testPullRelated[54: com.dotcms.rendering.velocity.viewtools.content.util.ContentUtilsTest$TestCase@50caaa81]" classname="com.dotcms.rendering.velocity.viewtools.content.util.ContentUtilsTest" time="5.267"/>
  <testcase name="testPullRelated[55: com.dotcms.rendering.velocity.viewtools.content.util.ContentUtilsTest$TestCase@154a2c64]" classname="com.dotcms.rendering.velocity.viewtools.content.util.ContentUtilsTest" time="5.813"/>
  <testcase name="testPullRelated[56: com.dotcms.rendering.velocity.viewtools.content.util.ContentUtilsTest$TestCase@31fb2655]" classname="com.dotcms.rendering.velocity.viewtools.content.util.ContentUtilsTest" time="6.33"/>
  <testcase name="testPullRelated[57: com.dotcms.rendering.velocity.viewtools.content.util.ContentUtilsTest$TestCase@641687f]" classname="com.dotcms.rendering.velocity.viewtools.content.util.ContentUtilsTest" time="5.883"/>
  <testcase name="testPullRelated[58: com.dotcms.rendering.velocity.viewtools.content.util.ContentUtilsTest$TestCase@3da5494]" classname="com.dotcms.rendering.velocity.viewtools.content.util.ContentUtilsTest" time="6.102"/>
  <testcase name="testPullRelated[59: com.dotcms.rendering.velocity.viewtools.content.util.ContentUtilsTest$TestCase@47b77187]" classname="com.dotcms.rendering.velocity.viewtools.content.util.ContentUtilsTest" time="6.335"/>
  <testcase name="testPullRelated[60: com.dotcms.rendering.velocity.viewtools.content.util.ContentUtilsTest$TestCase@2f963eaa]" classname="com.dotcms.rendering.velocity.viewtools.content.util.ContentUtilsTest" time="5.686"/>
  <testcase name="testPullRelated[61: com.dotcms.rendering.velocity.viewtools.content.util.ContentUtilsTest$TestCase@2299b9b7]" classname="com.dotcms.rendering.velocity.viewtools.content.util.ContentUtilsTest" time="6.109"/>
  <testcase name="testPullRelated[62: com.dotcms.rendering.velocity.viewtools.content.util.ContentUtilsTest$TestCase@73362784]" classname="com.dotcms.rendering.velocity.viewtools.content.util.ContentUtilsTest" time="6.355"/>
  <testcase name="testPullRelated[63: com.dotcms.rendering.velocity.viewtools.content.util.ContentUtilsTest$TestCase@ff15b2c]" classname="com.dotcms.rendering.velocity.viewtools.content.util.ContentUtilsTest" time="6.023"/>
  <testcase name="testPullRelated[64: com.dotcms.rendering.velocity.viewtools.content.util.ContentUtilsTest$TestCase@118c4716]" classname="com.dotcms.rendering.velocity.viewtools.content.util.ContentUtilsTest" time="5.944"/>
  <testcase name="testPullRelated[65: com.dotcms.rendering.velocity.viewtools.content.util.ContentUtilsTest$TestCase@7eb70091]" classname="com.dotcms.rendering.velocity.viewtools.content.util.ContentUtilsTest" time="6.041"/>
  <testcase name="testPullRelated[66: com.dotcms.rendering.velocity.viewtools.content.util.ContentUtilsTest$TestCase@3c7f12c4]" classname="com.dotcms.rendering.velocity.viewtools.content.util.ContentUtilsTest" time="6.209"/>
  <testcase name="testPullRelated[67: com.dotcms.rendering.velocity.viewtools.content.util.ContentUtilsTest$TestCase@3952065c]" classname="com.dotcms.rendering.velocity.viewtools.content.util.ContentUtilsTest" time="6.021"/>
  <testcase name="testPullRelated[68: com.dotcms.rendering.velocity.viewtools.content.util.ContentUtilsTest$TestCase@4a154297]" classname="com.dotcms.rendering.velocity.viewtools.content.util.ContentUtilsTest" time="5.233"/>
  <testcase name="testPullRelated[69: com.dotcms.rendering.velocity.viewtools.content.util.ContentUtilsTest$TestCase@ce060cc]" classname="com.dotcms.rendering.velocity.viewtools.content.util.ContentUtilsTest" time="5.894"/>
  <testcase name="testPullRelated[70: com.dotcms.rendering.velocity.viewtools.content.util.ContentUtilsTest$TestCase@48cdaaa6]" classname="com.dotcms.rendering.velocity.viewtools.content.util.ContentUtilsTest" time="5.197"/>
  <testcase name="testPullRelated[71: com.dotcms.rendering.velocity.viewtools.content.util.ContentUtilsTest$TestCase@61042505]" classname="com.dotcms.rendering.velocity.viewtools.content.util.ContentUtilsTest" time="6.206"/>
  <testcase name="whenPublishAndExpireDatesAreInTheFutureAndTimeMachineIsAfterBoth" classname="com.dotcms.rendering.velocity.viewtools.content.util.ContentUtilsTest" time="3.009"/>
  <testcase name="testPullRelatedForLegacyRelationship[0: com.dotcms.rendering.velocity.viewtools.content.util.ContentUtilsTest$LegacyTestCase@165c248]" classname="com.dotcms.rendering.velocity.viewtools.content.util.ContentUtilsTest" time="4.644"/>
  <testcase name="testPullRelatedForLegacyRelationship[1: com.dotcms.rendering.velocity.viewtools.content.util.ContentUtilsTest$LegacyTestCase@e0c34a8]" classname="com.dotcms.rendering.velocity.viewtools.content.util.ContentUtilsTest" time="4.031"/>
  <testcase name="whenTheTimeMachineDateIsAfterTomorrowAndExpireDateIsTomorrowShouldNotReturnContent" classname="com.dotcms.rendering.velocity.viewtools.content.util.ContentUtilsTest" time="3.082"/>
  <testcase name="testPullLiveRelatedWhenLatestVersionIsWorking" classname="com.dotcms.rendering.velocity.viewtools.content.util.ContentUtilsTest" time="3.612"/>
  <testcase name="test_add_relationships_on_parent_children_related_contents" classname="com.dotcms.rendering.velocity.viewtools.content.util.ContentUtilsTest" time="1.505"/>
  <testcase name="testSortPullRelated[0: com.dotcms.rendering.velocity.viewtools.content.util.ContentUtilsTest$SortTestCase@2bb13755]" classname="com.dotcms.rendering.velocity.viewtools.content.util.ContentUtilsTest" time="1.626"/>
  <testcase name="testSortPullRelated[1: com.dotcms.rendering.velocity.viewtools.content.util.ContentUtilsTest$SortTestCase@6b5d132b]" classname="com.dotcms.rendering.velocity.viewtools.content.util.ContentUtilsTest" time="1.78"/>
  <testcase name="testSortPullRelated[2: com.dotcms.rendering.velocity.viewtools.content.util.ContentUtilsTest$SortTestCase@4485fb8a]" classname="com.dotcms.rendering.velocity.viewtools.content.util.ContentUtilsTest" time="1.895"/>
  <testcase name="testSortPullRelated[3: com.dotcms.rendering.velocity.viewtools.content.util.ContentUtilsTest$SortTestCase@2b432ec6]" classname="com.dotcms.rendering.velocity.viewtools.content.util.ContentUtilsTest" time="2.61"/>
  <testcase name="testSortPullRelated[4: com.dotcms.rendering.velocity.viewtools.content.util.ContentUtilsTest$SortTestCase@9eabf64]" classname="com.dotcms.rendering.velocity.viewtools.content.util.ContentUtilsTest" time="1.62"/>
  <testcase name="testSortPullRelated[5: com.dotcms.rendering.velocity.viewtools.content.util.ContentUtilsTest$SortTestCase@a2d2139]" classname="com.dotcms.rendering.velocity.viewtools.content.util.ContentUtilsTest" time="2.735"/>
  <testcase name="whenTheTimeMachineDateIsAfterTomorrowAndExpireDateIsInFutureShouldReturnContent" classname="com.dotcms.rendering.velocity.viewtools.content.util.ContentUtilsTest" time="2.995"/>
  <testcase name="testPullRelatedFieldShouldRespectDefaultOrder" classname="com.dotcms.rendering.velocity.viewtools.content.util.ContentUtilsTest" time="2.339"/>
  <system-out><![CDATA[]]></system-out>
  <system-err><![CDATA[]]></system-err>
</testsuite>
