<?xml version="1.0" encoding="UTF-8"?>
<testsuite name="com.dotcms.rest.api.v1.vtl.VTLResourceIntegrationTest" tests="6" skipped="0" failures="0" errors="0" timestamp="2023-07-24T15:24:04" hostname="fv-az571-935" time="12.291">
  <properties/>
  <testcase name="testGet[0: com.dotcms.rest.api.v1.vtl.VTLResourceTestCase@eef057f]" classname="com.dotcms.rest.api.v1.vtl.VTLResourceIntegrationTest" time="2.279"/>
  <testcase name="testGet[1: com.dotcms.rest.api.v1.vtl.VTLResourceTestCase@6cbcee90]" classname="com.dotcms.rest.api.v1.vtl.VTLResourceIntegrationTest" time="1.875"/>
  <testcase name="testGet[2: com.dotcms.rest.api.v1.vtl.VTLResourceTestCase@4724cb5]" classname="com.dotcms.rest.api.v1.vtl.VTLResourceIntegrationTest" time="2.186"/>
  <testcase name="testGet[3: com.dotcms.rest.api.v1.vtl.VTLResourceTestCase@29da82e9]" classname="com.dotcms.rest.api.v1.vtl.VTLResourceIntegrationTest" time="1.961"/>
  <testcase name="testGet[4: com.dotcms.rest.api.v1.vtl.VTLResourceTestCase@5fe8ae50]" classname="com.dotcms.rest.api.v1.vtl.VTLResourceIntegrationTest" time="1.939"/>
  <testcase name="testGet[5: com.dotcms.rest.api.v1.vtl.VTLResourceTestCase@542b0353]" classname="com.dotcms.rest.api.v1.vtl.VTLResourceIntegrationTest" time="2.051"/>
  <system-out><![CDATA[]]></system-out>
  <system-err><![CDATA[]]></system-err>
</testsuite>
