<?xml version="1.0" encoding="UTF-8"?>
<testsuite name="com.dotcms.enterprise.publishing.staticpublishing.LanguageFolderTest" tests="5" skipped="0" failures="0" errors="0" timestamp="2023-07-12T20:46:38" hostname="fv-az449-127" time="0.003">
  <properties/>
  <testcase name="testCompareTo[0: com.dotcms.enterprise.publishing.staticpublishing.LanguageFolderTest$TestCase@79a5fefc]" classname="com.dotcms.enterprise.publishing.staticpublishing.LanguageFolderTest" time="0.001"/>
  <testcase name="testCompareTo[1: com.dotcms.enterprise.publishing.staticpublishing.LanguageFolderTest$TestCase@6f38c681]" classname="com.dotcms.enterprise.publishing.staticpublishing.LanguageFolderTest" time="0.0"/>
  <testcase name="testCompareTo[2: com.dotcms.enterprise.publishing.staticpublishing.LanguageFolderTest$TestCase@4ca77b6c]" classname="com.dotcms.enterprise.publishing.staticpublishing.LanguageFolderTest" time="0.001"/>
  <testcase name="testCompareTo[3: com.dotcms.enterprise.publishing.staticpublishing.LanguageFolderTest$TestCase@3b760beb]" classname="com.dotcms.enterprise.publishing.staticpublishing.LanguageFolderTest" time="0.0"/>
  <testcase name="testCompareTo[4: com.dotcms.enterprise.publishing.staticpublishing.LanguageFolderTest$TestCase@6d724067]" classname="com.dotcms.enterprise.publishing.staticpublishing.LanguageFolderTest" time="0.001"/>
  <system-out><![CDATA[]]></system-out>
  <system-err><![CDATA[]]></system-err>
</testsuite>
