<?xml version="1.0" encoding="UTF-8"?>
<testsuite name="com.dotcms.cluster.business.ServerAPIImplTest" tests="2" skipped="0" failures="0" errors="0" timestamp="2023-07-14T14:47:20" hostname="fv-az364-103" time="0.015">
  <properties/>
  <testcase name="testGetOldestServerReturnsProperServer" classname="com.dotcms.cluster.business.ServerAPIImplTest" time="0.013"/>
  <testcase name="testGetServerStartTime" classname="com.dotcms.cluster.business.ServerAPIImplTest" time="0.001"/>
  <system-out><![CDATA[]]></system-out>
  <system-err><![CDATA[]]></system-err>
</testsuite>
