<?xml version="1.0" encoding="UTF-8"?>
<testsuite name="com.dotcms.csspreproc.CSSPreProcessServletTest" tests="3" skipped="0" failures="0" errors="0" timestamp="2023-07-21T17:46:45" hostname="fv-az1233-524" time="1.195">
  <properties/>
  <testcase name="testCompileScssFileWithImport" classname="com.dotcms.csspreproc.CSSPreProcessServletTest" time="1.134"/>
  <testcase name="testCompileValidScssFile" classname="com.dotcms.csspreproc.CSSPreProcessServletTest" time="0.034"/>
  <testcase name="testCompileInvalidScssFile" classname="com.dotcms.csspreproc.CSSPreProcessServletTest" time="0.026"/>
  <system-out><![CDATA[]]></system-out>
  <system-err><![CDATA[]]></system-err>
</testsuite>
