<?xml version="1.0" encoding="UTF-8"?>
<testsuite name="com.dotcms.rest.elasticsearch.ESContentResourcePortletTest" tests="8" skipped="0" failures="0" errors="0" timestamp="2023-06-23T21:53:01" hostname="fv-az397-542" time="9.643">
  <properties/>
  <testcase name="test_search_includeGrandChildCategory_success" classname="com.dotcms.rest.elasticsearch.ESContentResourcePortletTest" time="1.53"/>
  <testcase name="testSearch[0: com.dotcms.rest.elasticsearch.ESContentResourcePortletTest$TestCase@245fba75]" classname="com.dotcms.rest.elasticsearch.ESContentResourcePortletTest" time="1.012"/>
  <testcase name="testSearch[1: com.dotcms.rest.elasticsearch.ESContentResourcePortletTest$TestCase@22fea218]" classname="com.dotcms.rest.elasticsearch.ESContentResourcePortletTest" time="1.365"/>
  <testcase name="testSearch[2: com.dotcms.rest.elasticsearch.ESContentResourcePortletTest$TestCase@2e1db91]" classname="com.dotcms.rest.elasticsearch.ESContentResourcePortletTest" time="1.023"/>
  <testcase name="testSearch[3: com.dotcms.rest.elasticsearch.ESContentResourcePortletTest$TestCase@267a8362]" classname="com.dotcms.rest.elasticsearch.ESContentResourcePortletTest" time="1.281"/>
  <testcase name="testSearch[4: com.dotcms.rest.elasticsearch.ESContentResourcePortletTest$TestCase@7f2f19ca]" classname="com.dotcms.rest.elasticsearch.ESContentResourcePortletTest" time="1.379"/>
  <testcase name="testSearch[5: com.dotcms.rest.elasticsearch.ESContentResourcePortletTest$TestCase@28168a55]" classname="com.dotcms.rest.elasticsearch.ESContentResourcePortletTest" time="1.023"/>
  <testcase name="testSearch[6: com.dotcms.rest.elasticsearch.ESContentResourcePortletTest$TestCase@24a7e195]" classname="com.dotcms.rest.elasticsearch.ESContentResourcePortletTest" time="1.03"/>
  <system-out><![CDATA[]]></system-out>
  <system-err><![CDATA[]]></system-err>
</testsuite>
