<?xml version="1.0" encoding="UTF-8"?>
<testsuite name="com.dotcms.rest.TagResourceIntegrationTest" tests="4" skipped="0" failures="0" errors="0" timestamp="2023-07-20T05:05:59" hostname="fv-az450-410" time="0.227">
  <properties/>
  <testcase name="testList[0: com.dotcms.rest.TagResourceTestCase@fc5e857]" classname="com.dotcms.rest.TagResourceIntegrationTest" time="0.18"/>
  <testcase name="testList[1: com.dotcms.rest.TagResourceTestCase@2efec843]" classname="com.dotcms.rest.TagResourceIntegrationTest" time="0.017"/>
  <testcase name="testList[2: com.dotcms.rest.TagResourceTestCase@4f9f05af]" classname="com.dotcms.rest.TagResourceIntegrationTest" time="0.014"/>
  <testcase name="testList[3: com.dotcms.rest.TagResourceTestCase@fd53c24]" classname="com.dotcms.rest.TagResourceIntegrationTest" time="0.016"/>
  <system-out><![CDATA[]]></system-out>
  <system-err><![CDATA[Jul 20, 2023 5:05:59 AM com.dotcms.repackage.org.hibernate.validator.internal.util.Version <clinit>
INFO: HV000001: Hibernate Validator 4.3.2.Final
]]></system-err>
</testsuite>
