<?xml version="1.0" encoding="UTF-8"?>
<testsuite name="com.dotmarketing.business.DeterministicIdentifierAPITest" tests="16" skipped="0" failures="0" errors="0" timestamp="2023-06-30T21:41:42" hostname="fv-az389-28" time="1.178">
  <properties/>
  <testcase name="Test_Category_Path_Seed_And_Id" classname="com.dotmarketing.business.DeterministicIdentifierAPITest" time="0.026"/>
  <testcase name="Test_Language_Deterministic_Id[0: LanguageTestCase{expectedSeed='Language:es:US', expectedHash=4913155, langCode='es', countryCode='US', country='United States'}]" classname="com.dotmarketing.business.DeterministicIdentifierAPITest" time="0.001"/>
  <testcase name="Test_Language_Deterministic_Id[1: LanguageTestCase{expectedSeed='Language:ep:', expectedHash=5292269, langCode='ep', countryCode='', country=''}]" classname="com.dotmarketing.business.DeterministicIdentifierAPITest" time="0.001"/>
  <testcase name="Test_Language_Deterministic_Id[2: LanguageTestCase{expectedSeed='Language:sg:SAG', expectedHash=4713118, langCode='sg', countryCode='SAG', country=''}]" classname="com.dotmarketing.business.DeterministicIdentifierAPITest" time="0.001"/>
  <testcase name="Test_Language_Deterministic_Id[3: LanguageTestCase{expectedSeed='Language:en:NZ', expectedHash=5382528, langCode='en', countryCode='NZ', country='New Zealand'}]" classname="com.dotmarketing.business.DeterministicIdentifierAPITest" time="0.001"/>
  <testcase name="Test_Category_None_Persisted_Category_Should_Return_Deterministic_Id" classname="com.dotmarketing.business.DeterministicIdentifierAPITest" time="0.001"/>
  <testcase name="Test_Asset_Generate_Deterministic_Id_Best_Effort[0: TestCase{versionable=my.host1688160923830.com, parent=System Host, expectedName='my.host1688160923830.com', expectedType='Host'}]" classname="com.dotmarketing.business.DeterministicIdentifierAPITest" time="0.005"/>
  <testcase name="Test_Asset_Generate_Deterministic_Id_Best_Effort[1: TestCase{versionable=com.dotmarketing.portlets.contentlet.model.Contentlet@613d95d5[map={modDate=2023-06-30 21:35:24.514, fileName=file1541034750757409660.txt, title=file1541034750757409660.txt, inode=5836bda6-4334-448a-bfb2-2f3011747525, __IS_NEW_CONTENT__=true, disabledWYSIWYG=[], host=2d329d46-ab31-424b-b7c8-0f18421eddad, stInode=33888b6f-7a8e-4069-b1b6-5c1aa9d0a48d, owner=system, identifier=6fc30e71-1602-46ee-b3d0-63424a50612b, nullProperties=[wfExpireDate, wfPublishDate, wfActionAssign, wfActionId, wfActionComments, filterKey, whereToSend, wfNeverExpire, _path_to_move, timezoneId, iWantTo, wfPublishTime, wfExpireTime], languageId=1, fileAsset=/home/runner/work/core/custom/assets/5/8/5836bda6-4334-448a-bfb2-2f3011747525/fileAsset/file1541034750757409660.txt, folder=6865affa-ed24-4918-b3cc-d267726ed752, __disable_workflow__=true, sortOrder=0, modUser=system},lowIndexPriority=false,variantId=DEFAULT], parent=com.dotmarketing.portlets.folders.model.Folder@1372a554[identifier=6865affa-ed24-4918-b3cc-d267726ed752,name=testName1688160924508,sortOrder=0,showOnMenu=false,hostId=2d329d46-ab31-424b-b7c8-0f18421eddad,type=folder,title=testTitle1688160924508,filesMasks=,defaultFileType=33888b6f-7a8e-4069-b1b6-5c1aa9d0a48d,modDate=2023-06-30 21:35:24.51,owner=&lt;null&gt;,iDate=2023-06-30 21:35:24.51,inode=6865affa-ed24-4918-b3cc-d267726ed752,path=/testName1688160924508/], expectedName='file1541034750757409660.txt', expectedType='FileAsset'}]" classname="com.dotmarketing.business.DeterministicIdentifierAPITest" time="0.003"/>
  <testcase name="Test_Asset_Generate_Deterministic_Id_Best_Effort[2: TestCase{versionable=com.dotmarketing.portlets.templates.model.Template@1dc8dbb0, parent=my.host1688160923830.com, expectedName='testTitle1688160924611', expectedType='Template'}]" classname="com.dotmarketing.business.DeterministicIdentifierAPITest" time="0.002"/>
  <testcase name="Test_Asset_Generate_Deterministic_Id_Best_Effort[3: TestCase{versionable=com.dotmarketing.portlets.htmlpageasset.model.HTMLPageAsset@38b6bdea[map={template=61cdcaf6-d006-4075-a96e-d54761925019, owner=system, identifier=97237c15-8f21-4799-9a13-91a826b2673b, nullProperties=[wfExpireDate, wfPublishDate, wfActionAssign, wfActionId, wfActionComments, filterKey, whereToSend, wfNeverExpire, _path_to_move, timezoneId, iWantTo, wfPublishTime, wfExpireTime], modDate=2023-06-30 21:35:24.627, cachettl=0, _is_test_mode=true, languageId=1, title=test-page-title-1688160924623, httpsreq=, url=test-page-url-1688160924623, showOnMenu=, inode=7f1f8cdd-aac7-4604-9cf8-d77a28a19776, folder=6865affa-ed24-4918-b3cc-d267726ed752, disabledWYSIWYG=[], sortOrder=1, modUser=system, host=2d329d46-ab31-424b-b7c8-0f18421eddad, stInode=c541abb1-69b3-4bc5-8430-5e09e5239cc8, friendlyName=test-page-friendly-name-1688160924623},lowIndexPriority=false,variantId=DEFAULT], parent=com.dotmarketing.portlets.folders.model.Folder@1372a554[identifier=6865affa-ed24-4918-b3cc-d267726ed752,name=testName1688160924508,sortOrder=0,showOnMenu=false,hostId=2d329d46-ab31-424b-b7c8-0f18421eddad,type=folder,title=testTitle1688160924508,filesMasks=,defaultFileType=33888b6f-7a8e-4069-b1b6-5c1aa9d0a48d,modDate=2023-06-30 21:35:24.51,owner=&lt;null&gt;,iDate=2023-06-30 21:35:24.51,inode=6865affa-ed24-4918-b3cc-d267726ed752,path=/testName1688160924508/], expectedName='test-page-url-1688160924623', expectedType='htmlpageasset'}]" classname="com.dotmarketing.business.DeterministicIdentifierAPITest" time="0.003"/>
  <testcase name="Test_Asset_Generate_Deterministic_Id_Best_Effort[4: TestCase{versionable=com.dotmarketing.portlets.contentlet.model.Contentlet@3a0df4e3[map={fileAsset2=/home/runner/work/core/custom/assets/0/1/01f0489c-e561-4a56-94f9-764937814793/fileAsset2/test_binary1688160925497.png, modDate=2023-06-30 21:35:25.501, fileAsset1=/home/runner/work/core/custom/assets/0/1/01f0489c-e561-4a56-94f9-764937814793/fileAsset1/test_binary1688160925497.jpg, title=blah, inode=01f0489c-e561-4a56-94f9-764937814793, __IS_NEW_CONTENT__=true, disabledWYSIWYG=[], host=48190c8c-42c4-46af-8d1a-0cd5db894797, stInode=ce750f91-c3fc-4311-90bc-2d2e5d96343d, owner=system, identifier=6f5332da-66c1-416e-ac90-d0d17aeceb5f, nullProperties=[], languageId=1, image1=01d6631a-3789-4712-958e-438164cdf024, folder=SYSTEM_FOLDER, __disable_workflow__=true, sortOrder=0, modUser=system},lowIndexPriority=false,variantId=DEFAULT], parent=demo.dotcms.com, expectedName='test_binary1688160925497.jpg:test_binary1688160925497.png', expectedType='MultipleBinaries1688160924743'}]" classname="com.dotmarketing.business.DeterministicIdentifierAPITest" time="0.003"/>
  <testcase name="Test_Asset_Generate_Deterministic_Id_Best_Effort[5: TestCase{versionable=name7c381ccbcc : keyTag7c381ccbcc, parent=my.host1688160923830.com, expectedName='keyTag7c381ccbcc', expectedType='persona'}]" classname="com.dotmarketing.business.DeterministicIdentifierAPITest" time="0.002"/>
  <testcase name="Test_Similar_Content_Type_Wont_Clash" classname="com.dotmarketing.business.DeterministicIdentifierAPITest" time="0.377"/>
  <testcase name="Test_Generate_Folder_Identifier" classname="com.dotmarketing.business.DeterministicIdentifierAPITest" time="0.743"/>
  <testcase name="Test_Generate_Content_Type_Identifier[0: ContentTypeTestCase{contentType=KeyValueContentType{name=Language Variable, id=f4d7c1b8-2c88-4071-abf1-a5328977b07d, description=Default Content Type for Language Variables, defaultType=false, fixed=true, iDate=Thu Aug 31 16:38:49 UTC 2017, system=true, versionable=true, variable=Languagevariable, modDate=Fri Jun 30 20:32:52 UTC 2023, host=SYSTEM_HOST, siteName=systemHost, icon=language, sortOrder=0, folder=SYSTEM_FOLDER, folderPath=/, markedForDeletion=true, multilingualable=false}, expectedName='Languagevariable', expectedType='KeyValue'}]" classname="com.dotmarketing.business.DeterministicIdentifierAPITest" time="0.004"/>
  <testcase name="Test_Generate_Content_Type_Identifier[1: ContentTypeTestCase{contentType=SimpleContentType{name=testName1688160925830, id=3b0aaa68-9430-4e13-87bd-c490c3bcfed4, description=testDescription1688160925830, defaultType=false, fixed=false, iDate=Fri Jun 30 21:35:25 UTC 2023, system=false, versionable=true, multilingualable=false, variable=testVarname1688160925830, owner=system, modDate=Fri Jun 30 21:35:26 UTC 2023, host=48190c8c-42c4-46af-8d1a-0cd5db894797, siteName=demo.dotcms.com, icon=event_note, sortOrder=0, folder=SYSTEM_FOLDER, folderPath=/, requiredFields=[], markedForDeletion=false}, expectedName='testVarname1688160925830', expectedType='CONTENT'}]" classname="com.dotmarketing.business.DeterministicIdentifierAPITest" time="0.004"/>
  <system-out><![CDATA[]]></system-out>
  <system-err><![CDATA[]]></system-err>
</testsuite>
