<?xml version="1.0" encoding="UTF-8"?>
<testsuite name="com.dotmarketing.portlets.structure.model.ContentletRelationshipsTest" tests="7" skipped="0" failures="0" errors="0" timestamp="2023-07-19T01:35:06" hostname="fv-az585-374" time="8.216">
  <properties/>
  <testcase name="testDoesAllowOnlyOne[0: com.dotmarketing.portlets.structure.model.ContentletRelationshipsTest$CardinalityTestCase@7e0cd665]" classname="com.dotmarketing.portlets.structure.model.ContentletRelationshipsTest" time="0.489"/>
  <testcase name="testDoesAllowOnlyOne[1: com.dotmarketing.portlets.structure.model.ContentletRelationshipsTest$CardinalityTestCase@354af5a5]" classname="com.dotmarketing.portlets.structure.model.ContentletRelationshipsTest" time="0.486"/>
  <testcase name="testDoesAllowOnlyOne[2: com.dotmarketing.portlets.structure.model.ContentletRelationshipsTest$CardinalityTestCase@4965a4f6]" classname="com.dotmarketing.portlets.structure.model.ContentletRelationshipsTest" time="0.477"/>
  <testcase name="testGetRelationshipRecords[0: com.dotmarketing.portlets.structure.model.ContentletRelationshipsTest$TestCase@2af72a5f]" classname="com.dotmarketing.portlets.structure.model.ContentletRelationshipsTest" time="1.981"/>
  <testcase name="testGetRelationshipRecords[1: com.dotmarketing.portlets.structure.model.ContentletRelationshipsTest$TestCase@32506e9a]" classname="com.dotmarketing.portlets.structure.model.ContentletRelationshipsTest" time="2.094"/>
  <testcase name="testGetRelationshipRecords[2: com.dotmarketing.portlets.structure.model.ContentletRelationshipsTest$TestCase@505552a8]" classname="com.dotmarketing.portlets.structure.model.ContentletRelationshipsTest" time="1.882"/>
  <testcase name="testGetRelationshipRecords[3: com.dotmarketing.portlets.structure.model.ContentletRelationshipsTest$TestCase@34731e40]" classname="com.dotmarketing.portlets.structure.model.ContentletRelationshipsTest" time="0.806"/>
  <system-out><![CDATA[]]></system-out>
  <system-err><![CDATA[]]></system-err>
</testsuite>
