<?xml version="1.0" encoding="UTF-8"?>
<testsuite name="com.dotcms.contenttype.test.ContentResourceTest" tests="52" skipped="0" failures="0" errors="0" timestamp="2023-07-10T20:30:00" hostname="fv-az950-407" time="156.027">
  <properties/>
  <testcase name="testGetContentShouldReturnIconDetails" classname="com.dotcms.contenttype.test.ContentResourceTest" time="1.712"/>
  <testcase name="Test_Save_Action_Set_Words_To_Required_NumericField_Issue_15340" classname="com.dotcms.contenttype.test.ContentResourceTest" time="1.002"/>
  <testcase name="test_getContent_includeGrandChildCategory_success" classname="com.dotcms.contenttype.test.ContentResourceTest" time="1.522"/>
  <testcase name="testGetContentWithRelatedParameter[0: com.dotcms.contenttype.test.ContentResourceTest$PullRelatedTestCase@5524c3c1]" classname="com.dotcms.contenttype.test.ContentResourceTest" time="4.302"/>
  <testcase name="testGetContentWithRelatedParameter[1: com.dotcms.contenttype.test.ContentResourceTest$PullRelatedTestCase@35f7fd9]" classname="com.dotcms.contenttype.test.ContentResourceTest" time="4.468"/>
  <testcase name="testGetContentWithRelatedParameter[2: com.dotcms.contenttype.test.ContentResourceTest$PullRelatedTestCase@12507f3a]" classname="com.dotcms.contenttype.test.ContentResourceTest" time="4.48"/>
  <testcase name="testGetContentWithRelatedParameter[3: com.dotcms.contenttype.test.ContentResourceTest$PullRelatedTestCase@72f8831]" classname="com.dotcms.contenttype.test.ContentResourceTest" time="4.086"/>
  <testcase name="testGetContentWithRelatedParameter[4: com.dotcms.contenttype.test.ContentResourceTest$PullRelatedTestCase@74e669de]" classname="com.dotcms.contenttype.test.ContentResourceTest" time="4.215"/>
  <testcase name="test_getContent_SelfRelatedWith3LevelsOfDepth_shouldReturnRelationships" classname="com.dotcms.contenttype.test.ContentResourceTest" time="1.5"/>
  <testcase name="Test_Save_Action_Send_Fields_SubSet_Issue_15340" classname="com.dotcms.contenttype.test.ContentResourceTest" time="3.18"/>
  <testcase name="test_getContent_shouldReturnRelationships[0: com.dotcms.contenttype.test.ContentResourceTest$TestCase@cbf712c]" classname="com.dotcms.contenttype.test.ContentResourceTest" time="3.364"/>
  <testcase name="test_getContent_shouldReturnRelationships[1: com.dotcms.contenttype.test.ContentResourceTest$TestCase@1d07662e]" classname="com.dotcms.contenttype.test.ContentResourceTest" time="2.364"/>
  <testcase name="test_getContent_shouldReturnRelationships[2: com.dotcms.contenttype.test.ContentResourceTest$TestCase@66921bbf]" classname="com.dotcms.contenttype.test.ContentResourceTest" time="3.324"/>
  <testcase name="test_getContent_shouldReturnRelationships[3: com.dotcms.contenttype.test.ContentResourceTest$TestCase@217d262a]" classname="com.dotcms.contenttype.test.ContentResourceTest" time="2.364"/>
  <testcase name="test_getContent_shouldReturnRelationships[4: com.dotcms.contenttype.test.ContentResourceTest$TestCase@563c0538]" classname="com.dotcms.contenttype.test.ContentResourceTest" time="3.365"/>
  <testcase name="test_getContent_shouldReturnRelationships[5: com.dotcms.contenttype.test.ContentResourceTest$TestCase@70ac2fc7]" classname="com.dotcms.contenttype.test.ContentResourceTest" time="3.463"/>
  <testcase name="test_getContent_shouldReturnRelationships[6: com.dotcms.contenttype.test.ContentResourceTest$TestCase@6159d8e]" classname="com.dotcms.contenttype.test.ContentResourceTest" time="3.21"/>
  <testcase name="test_getContent_shouldReturnRelationships[7: com.dotcms.contenttype.test.ContentResourceTest$TestCase@4e91a710]" classname="com.dotcms.contenttype.test.ContentResourceTest" time="2.253"/>
  <testcase name="test_getContent_shouldReturnRelationships[8: com.dotcms.contenttype.test.ContentResourceTest$TestCase@78326e3f]" classname="com.dotcms.contenttype.test.ContentResourceTest" time="3.359"/>
  <testcase name="test_getContent_shouldReturnRelationships[9: com.dotcms.contenttype.test.ContentResourceTest$TestCase@6971a4e9]" classname="com.dotcms.contenttype.test.ContentResourceTest" time="3.532"/>
  <testcase name="test_getContent_shouldReturnRelationships[10: com.dotcms.contenttype.test.ContentResourceTest$TestCase@4322ada4]" classname="com.dotcms.contenttype.test.ContentResourceTest" time="3.216"/>
  <testcase name="test_getContent_shouldReturnRelationships[11: com.dotcms.contenttype.test.ContentResourceTest$TestCase@c82bf7]" classname="com.dotcms.contenttype.test.ContentResourceTest" time="3.171"/>
  <testcase name="test_getContent_shouldReturnRelationships[12: com.dotcms.contenttype.test.ContentResourceTest$TestCase@6b60fe47]" classname="com.dotcms.contenttype.test.ContentResourceTest" time="2.137"/>
  <testcase name="test_getContent_shouldReturnRelationships[13: com.dotcms.contenttype.test.ContentResourceTest$TestCase@f52592e]" classname="com.dotcms.contenttype.test.ContentResourceTest" time="2.085"/>
  <testcase name="test_getContent_shouldReturnRelationships[14: com.dotcms.contenttype.test.ContentResourceTest$TestCase@594b8aed]" classname="com.dotcms.contenttype.test.ContentResourceTest" time="2.12"/>
  <testcase name="test_getContent_shouldReturnRelationships[15: com.dotcms.contenttype.test.ContentResourceTest$TestCase@189d95a0]" classname="com.dotcms.contenttype.test.ContentResourceTest" time="3.215"/>
  <testcase name="test_getContent_shouldReturnRelationships[16: com.dotcms.contenttype.test.ContentResourceTest$TestCase@74e3d232]" classname="com.dotcms.contenttype.test.ContentResourceTest" time="4.247"/>
  <testcase name="test_getContent_shouldReturnRelationships[17: com.dotcms.contenttype.test.ContentResourceTest$TestCase@69656ea9]" classname="com.dotcms.contenttype.test.ContentResourceTest" time="3.365"/>
  <testcase name="test_getContent_shouldReturnRelationships[18: com.dotcms.contenttype.test.ContentResourceTest$TestCase@6cfc9d8a]" classname="com.dotcms.contenttype.test.ContentResourceTest" time="3.707"/>
  <testcase name="test_getContent_shouldReturnRelationships[19: com.dotcms.contenttype.test.ContentResourceTest$TestCase@18b82520]" classname="com.dotcms.contenttype.test.ContentResourceTest" time="3.673"/>
  <testcase name="test_getContent_shouldReturnRelationships[20: com.dotcms.contenttype.test.ContentResourceTest$TestCase@72a00647]" classname="com.dotcms.contenttype.test.ContentResourceTest" time="3.795"/>
  <testcase name="test_getContent_shouldReturnRelationships[21: com.dotcms.contenttype.test.ContentResourceTest$TestCase@30f22e9c]" classname="com.dotcms.contenttype.test.ContentResourceTest" time="2.689"/>
  <testcase name="test_getContent_shouldReturnRelationships[22: com.dotcms.contenttype.test.ContentResourceTest$TestCase@38eae5c5]" classname="com.dotcms.contenttype.test.ContentResourceTest" time="3.743"/>
  <testcase name="test_getContent_shouldReturnRelationships[23: com.dotcms.contenttype.test.ContentResourceTest$TestCase@612246dd]" classname="com.dotcms.contenttype.test.ContentResourceTest" time="3.522"/>
  <testcase name="test_getContent_shouldReturnRelationships[24: com.dotcms.contenttype.test.ContentResourceTest$TestCase@1342f680]" classname="com.dotcms.contenttype.test.ContentResourceTest" time="3.745"/>
  <testcase name="test_getContent_shouldReturnRelationships[25: com.dotcms.contenttype.test.ContentResourceTest$TestCase@32e5bcba]" classname="com.dotcms.contenttype.test.ContentResourceTest" time="2.724"/>
  <testcase name="test_getContent_shouldReturnRelationships[26: com.dotcms.contenttype.test.ContentResourceTest$TestCase@5dceb3ee]" classname="com.dotcms.contenttype.test.ContentResourceTest" time="2.726"/>
  <testcase name="test_getContent_shouldReturnRelationships[27: com.dotcms.contenttype.test.ContentResourceTest$TestCase@2e291224]" classname="com.dotcms.contenttype.test.ContentResourceTest" time="3.209"/>
  <testcase name="test_getContent_shouldReturnRelationships[28: com.dotcms.contenttype.test.ContentResourceTest$TestCase@2adb1797]" classname="com.dotcms.contenttype.test.ContentResourceTest" time="3.356"/>
  <testcase name="test_getContent_shouldReturnRelationships[29: com.dotcms.contenttype.test.ContentResourceTest$TestCase@35c47e1a]" classname="com.dotcms.contenttype.test.ContentResourceTest" time="3.362"/>
  <testcase name="test_getContent_shouldReturnRelationships[30: com.dotcms.contenttype.test.ContentResourceTest$TestCase@1d3dea8f]" classname="com.dotcms.contenttype.test.ContentResourceTest" time="3.227"/>
  <testcase name="test_getContent_shouldReturnRelationships[31: com.dotcms.contenttype.test.ContentResourceTest$TestCase@7be3733e]" classname="com.dotcms.contenttype.test.ContentResourceTest" time="3.383"/>
  <testcase name="test_getContent_shouldReturnRelationships[32: com.dotcms.contenttype.test.ContentResourceTest$TestCase@976a47a]" classname="com.dotcms.contenttype.test.ContentResourceTest" time="3.47"/>
  <testcase name="test_getContent_shouldReturnRelationships[33: com.dotcms.contenttype.test.ContentResourceTest$TestCase@1f543fe0]" classname="com.dotcms.contenttype.test.ContentResourceTest" time="4.635"/>
  <testcase name="testSinglePOST_InvalidParamsShouldReturn400[0: ({\n    &quot;stInode&quot; : &quot;InvalidValue&quot;,\n    &quot;numeric&quot; : &quot;0&quot;,\n    &quot;image&quot; : &quot;whatever&quot;\n}, Bad Request)]" classname="com.dotcms.contenttype.test.ContentResourceTest" time="1.012"/>
  <testcase name="testSinglePOST_InvalidParamsShouldReturn400[1: ({\n    &quot;numeric&quot; : &quot;0&quot;,\n    &quot;image&quot; : &quot;whatever&quot;\n}, Bad Request)]" classname="com.dotcms.contenttype.test.ContentResourceTest" time="0.954"/>
  <testcase name="Test_Save_Action_Set_Null_To_Required_NumericField_Issue_15340" classname="com.dotcms.contenttype.test.ContentResourceTest" time="1.013"/>
  <testcase name="Test_Save_Action_Remove_Image_Then_Verify_Fields_Were_Cleared_Issue_15340" classname="com.dotcms.contenttype.test.ContentResourceTest" time="4.385"/>
  <testcase name="test_getContentWithMultipleSelfRelated_shouldReturnRelationships[0: com.dotcms.contenttype.test.ContentResourceTest$PullSelfRelatedTestCase@dd53303]" classname="com.dotcms.contenttype.test.ContentResourceTest" time="1.906"/>
  <testcase name="test_getContentWithMultipleSelfRelated_shouldReturnRelationships[1: com.dotcms.contenttype.test.ContentResourceTest$PullSelfRelatedTestCase@313c03b7]" classname="com.dotcms.contenttype.test.ContentResourceTest" time="1.899"/>
  <testcase name="testGetContentWithAllCategoriesInfo[0: json]" classname="com.dotcms.contenttype.test.ContentResourceTest" time="2.594"/>
  <testcase name="testGetContentWithAllCategoriesInfo[1: xml]" classname="com.dotcms.contenttype.test.ContentResourceTest" time="2.667"/>
  <system-out><![CDATA[











]]></system-out>
  <system-err><![CDATA[]]></system-err>
</testsuite>
