<?xml version="1.0" encoding="UTF-8"?>
<testsuite name="com.dotmarketing.startup.runonce.Task210805DropUserProxyTableTest" tests="1" skipped="0" failures="0" errors="0" timestamp="2023-07-14T03:09:54" hostname="fv-az268-867" time="0.006">
  <properties/>
  <testcase name="testUpgradeTask" classname="com.dotmarketing.startup.runonce.Task210805DropUserProxyTableTest" time="0.006"/>
  <system-out><![CDATA[]]></system-out>
  <system-err><![CDATA[]]></system-err>
</testsuite>
