<?xml version="1.0" encoding="UTF-8"?>
<testsuite name="com.dotmarketing.startup.runonce.Task230110MakeSomeSystemFieldsRemovableByBaseTypeTest" tests="1" skipped="0" failures="0" errors="0" timestamp="2023-07-19T18:41:20" hostname="fv-az189-825" time="0.044">
  <properties/>
  <testcase name="testExecuteUpgrade" classname="com.dotmarketing.startup.runonce.Task230110MakeSomeSystemFieldsRemovableByBaseTypeTest" time="0.044"/>
  <system-out><![CDATA[]]></system-out>
  <system-err><![CDATA[]]></system-err>
</testsuite>
