<?xml version="1.0" encoding="UTF-8"?>
<testsuite name="com.dotcms.rest.api.v1.vtl.VTLResourceIntegrationTest" tests="6" skipped="0" failures="0" errors="0" timestamp="2023-07-19T01:13:33" hostname="fv-az585-374" time="12.102">
  <properties/>
  <testcase name="testGet[0: com.dotcms.rest.api.v1.vtl.VTLResourceTestCase@1b732334]" classname="com.dotcms.rest.api.v1.vtl.VTLResourceIntegrationTest" time="2.272"/>
  <testcase name="testGet[1: com.dotcms.rest.api.v1.vtl.VTLResourceTestCase@d59c3c2]" classname="com.dotcms.rest.api.v1.vtl.VTLResourceIntegrationTest" time="1.851"/>
  <testcase name="testGet[2: com.dotcms.rest.api.v1.vtl.VTLResourceTestCase@45bec6d3]" classname="com.dotcms.rest.api.v1.vtl.VTLResourceIntegrationTest" time="2.041"/>
  <testcase name="testGet[3: com.dotcms.rest.api.v1.vtl.VTLResourceTestCase@1a64264a]" classname="com.dotcms.rest.api.v1.vtl.VTLResourceIntegrationTest" time="2.14"/>
  <testcase name="testGet[4: com.dotcms.rest.api.v1.vtl.VTLResourceTestCase@188cdcb1]" classname="com.dotcms.rest.api.v1.vtl.VTLResourceIntegrationTest" time="1.827"/>
  <testcase name="testGet[5: com.dotcms.rest.api.v1.vtl.VTLResourceTestCase@5b084bb1]" classname="com.dotcms.rest.api.v1.vtl.VTLResourceIntegrationTest" time="1.971"/>
  <system-out><![CDATA[]]></system-out>
  <system-err><![CDATA[]]></system-err>
</testsuite>
