<?xml version="1.0" encoding="UTF-8"?>
<testsuite name="com.dotcms.enterprise.publishing.remote.bundler.ContainerBundlerTest" tests="4" skipped="0" failures="0" errors="0" timestamp="2023-06-26T16:53:03" hostname="fv-az936-789" time="0.052">
  <properties/>
  <testcase name="addContainerInBundle[0: com.dotcms.enterprise.publishing.remote.bundler.ContainerBundlerTest$TestCase@34cb59eb]" classname="com.dotcms.enterprise.publishing.remote.bundler.ContainerBundlerTest" time="0.017"/>
  <testcase name="addContainerInBundle[1: com.dotcms.enterprise.publishing.remote.bundler.ContainerBundlerTest$TestCase@323d9dd4]" classname="com.dotcms.enterprise.publishing.remote.bundler.ContainerBundlerTest" time="0.012"/>
  <testcase name="addContainerInBundle[2: com.dotcms.enterprise.publishing.remote.bundler.ContainerBundlerTest$TestCase@2d052057]" classname="com.dotcms.enterprise.publishing.remote.bundler.ContainerBundlerTest" time="0.012"/>
  <testcase name="addContainerInBundle[3: com.dotcms.enterprise.publishing.remote.bundler.ContainerBundlerTest$TestCase@649b07da]" classname="com.dotcms.enterprise.publishing.remote.bundler.ContainerBundlerTest" time="0.01"/>
  <system-out><![CDATA[]]></system-out>
  <system-err><![CDATA[]]></system-err>
</testsuite>
