<?xml version="1.0" encoding="UTF-8"?>
<testsuite name="com.dotcms.rendering.velocity.viewtools.content.util.ContentUtilsTest" tests="89" skipped="0" failures="0" errors="0" timestamp="2023-06-24T00:12:39" hostname="fv-az309-60" time="409.393">
  <properties/>
  <testcase name="whenTheTimeMachineDateIsNullAndPublishDateInFutureShouldNotReturnAnything" classname="com.dotcms.rendering.velocity.viewtools.content.util.ContentUtilsTest" time="3.256"/>
  <testcase name="test_find_multilingual_contentlet_getContentletSuccessfully" classname="com.dotcms.rendering.velocity.viewtools.content.util.ContentUtilsTest" time="0.902"/>
  <testcase name="whenTheTimeMachineDateAndPublishDateAreTomorrowShouldReturnOneContent" classname="com.dotcms.rendering.velocity.viewtools.content.util.ContentUtilsTest" time="3.265"/>
  <testcase name="testPullRelated[0: com.dotcms.rendering.velocity.viewtools.content.util.ContentUtilsTest$TestCase@40f47059]" classname="com.dotcms.rendering.velocity.viewtools.content.util.ContentUtilsTest" time="4.489"/>
  <testcase name="testPullRelated[1: com.dotcms.rendering.velocity.viewtools.content.util.ContentUtilsTest$TestCase@314d61ab]" classname="com.dotcms.rendering.velocity.viewtools.content.util.ContentUtilsTest" time="3.769"/>
  <testcase name="testPullRelated[2: com.dotcms.rendering.velocity.viewtools.content.util.ContentUtilsTest$TestCase@4e5e4813]" classname="com.dotcms.rendering.velocity.viewtools.content.util.ContentUtilsTest" time="4.328"/>
  <testcase name="testPullRelated[3: com.dotcms.rendering.velocity.viewtools.content.util.ContentUtilsTest$TestCase@4f3ee944]" classname="com.dotcms.rendering.velocity.viewtools.content.util.ContentUtilsTest" time="3.996"/>
  <testcase name="testPullRelated[4: com.dotcms.rendering.velocity.viewtools.content.util.ContentUtilsTest$TestCase@2cab3e42]" classname="com.dotcms.rendering.velocity.viewtools.content.util.ContentUtilsTest" time="3.074"/>
  <testcase name="testPullRelated[5: com.dotcms.rendering.velocity.viewtools.content.util.ContentUtilsTest$TestCase@76b14245]" classname="com.dotcms.rendering.velocity.viewtools.content.util.ContentUtilsTest" time="4.068"/>
  <testcase name="testPullRelated[6: com.dotcms.rendering.velocity.viewtools.content.util.ContentUtilsTest$TestCase@4a938250]" classname="com.dotcms.rendering.velocity.viewtools.content.util.ContentUtilsTest" time="3.996"/>
  <testcase name="testPullRelated[7: com.dotcms.rendering.velocity.viewtools.content.util.ContentUtilsTest$TestCase@72df368f]" classname="com.dotcms.rendering.velocity.viewtools.content.util.ContentUtilsTest" time="4.308"/>
  <testcase name="testPullRelated[8: com.dotcms.rendering.velocity.viewtools.content.util.ContentUtilsTest$TestCase@7f34fb8]" classname="com.dotcms.rendering.velocity.viewtools.content.util.ContentUtilsTest" time="2.968"/>
  <testcase name="testPullRelated[9: com.dotcms.rendering.velocity.viewtools.content.util.ContentUtilsTest$TestCase@7bac8669]" classname="com.dotcms.rendering.velocity.viewtools.content.util.ContentUtilsTest" time="3.855"/>
  <testcase name="testPullRelated[10: com.dotcms.rendering.velocity.viewtools.content.util.ContentUtilsTest$TestCase@2dfb1a4e]" classname="com.dotcms.rendering.velocity.viewtools.content.util.ContentUtilsTest" time="4.009"/>
  <testcase name="testPullRelated[11: com.dotcms.rendering.velocity.viewtools.content.util.ContentUtilsTest$TestCase@261b3a30]" classname="com.dotcms.rendering.velocity.viewtools.content.util.ContentUtilsTest" time="4.087"/>
  <testcase name="testPullRelated[12: com.dotcms.rendering.velocity.viewtools.content.util.ContentUtilsTest$TestCase@3b082fc4]" classname="com.dotcms.rendering.velocity.viewtools.content.util.ContentUtilsTest" time="3.935"/>
  <testcase name="testPullRelated[13: com.dotcms.rendering.velocity.viewtools.content.util.ContentUtilsTest$TestCase@24087902]" classname="com.dotcms.rendering.velocity.viewtools.content.util.ContentUtilsTest" time="3.34"/>
  <testcase name="testPullRelated[14: com.dotcms.rendering.velocity.viewtools.content.util.ContentUtilsTest$TestCase@51d42ea7]" classname="com.dotcms.rendering.velocity.viewtools.content.util.ContentUtilsTest" time="3.641"/>
  <testcase name="testPullRelated[15: com.dotcms.rendering.velocity.viewtools.content.util.ContentUtilsTest$TestCase@2e615417]" classname="com.dotcms.rendering.velocity.viewtools.content.util.ContentUtilsTest" time="4.231"/>
  <testcase name="testPullRelated[16: com.dotcms.rendering.velocity.viewtools.content.util.ContentUtilsTest$TestCase@546d2810]" classname="com.dotcms.rendering.velocity.viewtools.content.util.ContentUtilsTest" time="4.092"/>
  <testcase name="testPullRelated[17: com.dotcms.rendering.velocity.viewtools.content.util.ContentUtilsTest$TestCase@334a8bf6]" classname="com.dotcms.rendering.velocity.viewtools.content.util.ContentUtilsTest" time="3.93"/>
  <testcase name="testPullRelated[18: com.dotcms.rendering.velocity.viewtools.content.util.ContentUtilsTest$TestCase@431b2a2e]" classname="com.dotcms.rendering.velocity.viewtools.content.util.ContentUtilsTest" time="4.137"/>
  <testcase name="testPullRelated[19: com.dotcms.rendering.velocity.viewtools.content.util.ContentUtilsTest$TestCase@67fe0fb6]" classname="com.dotcms.rendering.velocity.viewtools.content.util.ContentUtilsTest" time="4.033"/>
  <testcase name="testPullRelated[20: com.dotcms.rendering.velocity.viewtools.content.util.ContentUtilsTest$TestCase@5aee86f1]" classname="com.dotcms.rendering.velocity.viewtools.content.util.ContentUtilsTest" time="4.065"/>
  <testcase name="testPullRelated[21: com.dotcms.rendering.velocity.viewtools.content.util.ContentUtilsTest$TestCase@3d1ca361]" classname="com.dotcms.rendering.velocity.viewtools.content.util.ContentUtilsTest" time="3.944"/>
  <testcase name="testPullRelated[22: com.dotcms.rendering.velocity.viewtools.content.util.ContentUtilsTest$TestCase@27cca4b6]" classname="com.dotcms.rendering.velocity.viewtools.content.util.ContentUtilsTest" time="4.244"/>
  <testcase name="testPullRelated[23: com.dotcms.rendering.velocity.viewtools.content.util.ContentUtilsTest$TestCase@30d89c46]" classname="com.dotcms.rendering.velocity.viewtools.content.util.ContentUtilsTest" time="3.864"/>
  <testcase name="testPullRelated[24: com.dotcms.rendering.velocity.viewtools.content.util.ContentUtilsTest$TestCase@1e2f5da2]" classname="com.dotcms.rendering.velocity.viewtools.content.util.ContentUtilsTest" time="4.182"/>
  <testcase name="testPullRelated[25: com.dotcms.rendering.velocity.viewtools.content.util.ContentUtilsTest$TestCase@4670e2ad]" classname="com.dotcms.rendering.velocity.viewtools.content.util.ContentUtilsTest" time="4.012"/>
  <testcase name="testPullRelated[26: com.dotcms.rendering.velocity.viewtools.content.util.ContentUtilsTest$TestCase@4db07c1]" classname="com.dotcms.rendering.velocity.viewtools.content.util.ContentUtilsTest" time="4.024"/>
  <testcase name="testPullRelated[27: com.dotcms.rendering.velocity.viewtools.content.util.ContentUtilsTest$TestCase@709581b0]" classname="com.dotcms.rendering.velocity.viewtools.content.util.ContentUtilsTest" time="4.155"/>
  <testcase name="testPullRelated[28: com.dotcms.rendering.velocity.viewtools.content.util.ContentUtilsTest$TestCase@14b3104d]" classname="com.dotcms.rendering.velocity.viewtools.content.util.ContentUtilsTest" time="3.826"/>
  <testcase name="testPullRelated[29: com.dotcms.rendering.velocity.viewtools.content.util.ContentUtilsTest$TestCase@5597fdfc]" classname="com.dotcms.rendering.velocity.viewtools.content.util.ContentUtilsTest" time="4.188"/>
  <testcase name="testPullRelated[30: com.dotcms.rendering.velocity.viewtools.content.util.ContentUtilsTest$TestCase@92e1d80]" classname="com.dotcms.rendering.velocity.viewtools.content.util.ContentUtilsTest" time="4.023"/>
  <testcase name="testPullRelated[31: com.dotcms.rendering.velocity.viewtools.content.util.ContentUtilsTest$TestCase@55ea8514]" classname="com.dotcms.rendering.velocity.viewtools.content.util.ContentUtilsTest" time="4.159"/>
  <testcase name="testPullRelated[32: com.dotcms.rendering.velocity.viewtools.content.util.ContentUtilsTest$TestCase@5957c69c]" classname="com.dotcms.rendering.velocity.viewtools.content.util.ContentUtilsTest" time="3.967"/>
  <testcase name="testPullRelated[33: com.dotcms.rendering.velocity.viewtools.content.util.ContentUtilsTest$TestCase@33c5b857]" classname="com.dotcms.rendering.velocity.viewtools.content.util.ContentUtilsTest" time="4.072"/>
  <testcase name="testPullRelated[34: com.dotcms.rendering.velocity.viewtools.content.util.ContentUtilsTest$TestCase@4a7e61b2]" classname="com.dotcms.rendering.velocity.viewtools.content.util.ContentUtilsTest" time="4.113"/>
  <testcase name="testPullRelated[35: com.dotcms.rendering.velocity.viewtools.content.util.ContentUtilsTest$TestCase@4bbd8fcc]" classname="com.dotcms.rendering.velocity.viewtools.content.util.ContentUtilsTest" time="3.974"/>
  <testcase name="testPullRelated[36: com.dotcms.rendering.velocity.viewtools.content.util.ContentUtilsTest$TestCase@2cb9c301]" classname="com.dotcms.rendering.velocity.viewtools.content.util.ContentUtilsTest" time="6.185"/>
  <testcase name="testPullRelated[37: com.dotcms.rendering.velocity.viewtools.content.util.ContentUtilsTest$TestCase@32a0c1c1]" classname="com.dotcms.rendering.velocity.viewtools.content.util.ContentUtilsTest" time="6.092"/>
  <testcase name="testPullRelated[38: com.dotcms.rendering.velocity.viewtools.content.util.ContentUtilsTest$TestCase@b6a45d6]" classname="com.dotcms.rendering.velocity.viewtools.content.util.ContentUtilsTest" time="6.294"/>
  <testcase name="testPullRelated[39: com.dotcms.rendering.velocity.viewtools.content.util.ContentUtilsTest$TestCase@2c0e7898]" classname="com.dotcms.rendering.velocity.viewtools.content.util.ContentUtilsTest" time="4.843"/>
  <testcase name="testPullRelated[40: com.dotcms.rendering.velocity.viewtools.content.util.ContentUtilsTest$TestCase@4e4d17d3]" classname="com.dotcms.rendering.velocity.viewtools.content.util.ContentUtilsTest" time="6.327"/>
  <testcase name="testPullRelated[41: com.dotcms.rendering.velocity.viewtools.content.util.ContentUtilsTest$TestCase@7ad76912]" classname="com.dotcms.rendering.velocity.viewtools.content.util.ContentUtilsTest" time="5.769"/>
  <testcase name="testPullRelated[42: com.dotcms.rendering.velocity.viewtools.content.util.ContentUtilsTest$TestCase@234ac76b]" classname="com.dotcms.rendering.velocity.viewtools.content.util.ContentUtilsTest" time="6.287"/>
  <testcase name="testPullRelated[43: com.dotcms.rendering.velocity.viewtools.content.util.ContentUtilsTest$TestCase@7cdfb122]" classname="com.dotcms.rendering.velocity.viewtools.content.util.ContentUtilsTest" time="6.223"/>
  <testcase name="testPullRelated[44: com.dotcms.rendering.velocity.viewtools.content.util.ContentUtilsTest$TestCase@5a8ac2e5]" classname="com.dotcms.rendering.velocity.viewtools.content.util.ContentUtilsTest" time="6.001"/>
  <testcase name="testPullRelated[45: com.dotcms.rendering.velocity.viewtools.content.util.ContentUtilsTest$TestCase@1b54bf5f]" classname="com.dotcms.rendering.velocity.viewtools.content.util.ContentUtilsTest" time="5.796"/>
  <testcase name="testPullRelated[46: com.dotcms.rendering.velocity.viewtools.content.util.ContentUtilsTest$TestCase@6e5042c1]" classname="com.dotcms.rendering.velocity.viewtools.content.util.ContentUtilsTest" time="6.524"/>
  <testcase name="testPullRelated[47: com.dotcms.rendering.velocity.viewtools.content.util.ContentUtilsTest$TestCase@6f87a888]" classname="com.dotcms.rendering.velocity.viewtools.content.util.ContentUtilsTest" time="6.127"/>
  <testcase name="testPullRelated[48: com.dotcms.rendering.velocity.viewtools.content.util.ContentUtilsTest$TestCase@6396d277]" classname="com.dotcms.rendering.velocity.viewtools.content.util.ContentUtilsTest" time="5.75"/>
  <testcase name="testPullRelated[49: com.dotcms.rendering.velocity.viewtools.content.util.ContentUtilsTest$TestCase@5d06271d]" classname="com.dotcms.rendering.velocity.viewtools.content.util.ContentUtilsTest" time="6.189"/>
  <testcase name="testPullRelated[50: com.dotcms.rendering.velocity.viewtools.content.util.ContentUtilsTest$TestCase@312c3036]" classname="com.dotcms.rendering.velocity.viewtools.content.util.ContentUtilsTest" time="6.113"/>
  <testcase name="testPullRelated[51: com.dotcms.rendering.velocity.viewtools.content.util.ContentUtilsTest$TestCase@63bd0d73]" classname="com.dotcms.rendering.velocity.viewtools.content.util.ContentUtilsTest" time="6.134"/>
  <testcase name="testPullRelated[52: com.dotcms.rendering.velocity.viewtools.content.util.ContentUtilsTest$TestCase@36ed7e19]" classname="com.dotcms.rendering.velocity.viewtools.content.util.ContentUtilsTest" time="5.998"/>
  <testcase name="testPullRelated[53: com.dotcms.rendering.velocity.viewtools.content.util.ContentUtilsTest$TestCase@5a3f9916]" classname="com.dotcms.rendering.velocity.viewtools.content.util.ContentUtilsTest" time="6.257"/>
  <testcase name="testPullRelated[54: com.dotcms.rendering.velocity.viewtools.content.util.ContentUtilsTest$TestCase@a42bfe7]" classname="com.dotcms.rendering.velocity.viewtools.content.util.ContentUtilsTest" time="6.234"/>
  <testcase name="testPullRelated[55: com.dotcms.rendering.velocity.viewtools.content.util.ContentUtilsTest$TestCase@19fed49]" classname="com.dotcms.rendering.velocity.viewtools.content.util.ContentUtilsTest" time="5.86"/>
  <testcase name="testPullRelated[56: com.dotcms.rendering.velocity.viewtools.content.util.ContentUtilsTest$TestCase@5c5f56d5]" classname="com.dotcms.rendering.velocity.viewtools.content.util.ContentUtilsTest" time="6.228"/>
  <testcase name="testPullRelated[57: com.dotcms.rendering.velocity.viewtools.content.util.ContentUtilsTest$TestCase@7a0e8361]" classname="com.dotcms.rendering.velocity.viewtools.content.util.ContentUtilsTest" time="4.789"/>
  <testcase name="testPullRelated[58: com.dotcms.rendering.velocity.viewtools.content.util.ContentUtilsTest$TestCase@652ca640]" classname="com.dotcms.rendering.velocity.viewtools.content.util.ContentUtilsTest" time="6.413"/>
  <testcase name="testPullRelated[59: com.dotcms.rendering.velocity.viewtools.content.util.ContentUtilsTest$TestCase@1ba7fa09]" classname="com.dotcms.rendering.velocity.viewtools.content.util.ContentUtilsTest" time="5.993"/>
  <testcase name="testPullRelated[60: com.dotcms.rendering.velocity.viewtools.content.util.ContentUtilsTest$TestCase@3de8ee56]" classname="com.dotcms.rendering.velocity.viewtools.content.util.ContentUtilsTest" time="4.95"/>
  <testcase name="testPullRelated[61: com.dotcms.rendering.velocity.viewtools.content.util.ContentUtilsTest$TestCase@33736701]" classname="com.dotcms.rendering.velocity.viewtools.content.util.ContentUtilsTest" time="6.044"/>
  <testcase name="testPullRelated[62: com.dotcms.rendering.velocity.viewtools.content.util.ContentUtilsTest$TestCase@336dd989]" classname="com.dotcms.rendering.velocity.viewtools.content.util.ContentUtilsTest" time="6.334"/>
  <testcase name="testPullRelated[63: com.dotcms.rendering.velocity.viewtools.content.util.ContentUtilsTest$TestCase@173e1a5f]" classname="com.dotcms.rendering.velocity.viewtools.content.util.ContentUtilsTest" time="6.478"/>
  <testcase name="testPullRelated[64: com.dotcms.rendering.velocity.viewtools.content.util.ContentUtilsTest$TestCase@6d5edcb0]" classname="com.dotcms.rendering.velocity.viewtools.content.util.ContentUtilsTest" time="5.696"/>
  <testcase name="testPullRelated[65: com.dotcms.rendering.velocity.viewtools.content.util.ContentUtilsTest$TestCase@45bde575]" classname="com.dotcms.rendering.velocity.viewtools.content.util.ContentUtilsTest" time="5.951"/>
  <testcase name="testPullRelated[66: com.dotcms.rendering.velocity.viewtools.content.util.ContentUtilsTest$TestCase@1841ddda]" classname="com.dotcms.rendering.velocity.viewtools.content.util.ContentUtilsTest" time="6.442"/>
  <testcase name="testPullRelated[67: com.dotcms.rendering.velocity.viewtools.content.util.ContentUtilsTest$TestCase@7f4ad06f]" classname="com.dotcms.rendering.velocity.viewtools.content.util.ContentUtilsTest" time="6.048"/>
  <testcase name="testPullRelated[68: com.dotcms.rendering.velocity.viewtools.content.util.ContentUtilsTest$TestCase@64ea286a]" classname="com.dotcms.rendering.velocity.viewtools.content.util.ContentUtilsTest" time="5.931"/>
  <testcase name="testPullRelated[69: com.dotcms.rendering.velocity.viewtools.content.util.ContentUtilsTest$TestCase@4ed6efcf]" classname="com.dotcms.rendering.velocity.viewtools.content.util.ContentUtilsTest" time="6.137"/>
  <testcase name="testPullRelated[70: com.dotcms.rendering.velocity.viewtools.content.util.ContentUtilsTest$TestCase@586f44c2]" classname="com.dotcms.rendering.velocity.viewtools.content.util.ContentUtilsTest" time="5.236"/>
  <testcase name="testPullRelated[71: com.dotcms.rendering.velocity.viewtools.content.util.ContentUtilsTest$TestCase@710f2e08]" classname="com.dotcms.rendering.velocity.viewtools.content.util.ContentUtilsTest" time="5.893"/>
  <testcase name="whenPublishAndExpireDatesAreInTheFutureAndTimeMachineIsAfterBoth" classname="com.dotcms.rendering.velocity.viewtools.content.util.ContentUtilsTest" time="3.264"/>
  <testcase name="testPullRelatedForLegacyRelationship[0: com.dotcms.rendering.velocity.viewtools.content.util.ContentUtilsTest$LegacyTestCase@4413e13b]" classname="com.dotcms.rendering.velocity.viewtools.content.util.ContentUtilsTest" time="4.751"/>
  <testcase name="testPullRelatedForLegacyRelationship[1: com.dotcms.rendering.velocity.viewtools.content.util.ContentUtilsTest$LegacyTestCase@3d42d6e1]" classname="com.dotcms.rendering.velocity.viewtools.content.util.ContentUtilsTest" time="4.088"/>
  <testcase name="whenTheTimeMachineDateIsAfterTomorrowAndExpireDateIsTomorrowShouldNotReturnContent" classname="com.dotcms.rendering.velocity.viewtools.content.util.ContentUtilsTest" time="3.286"/>
  <testcase name="testPullLiveRelatedWhenLatestVersionIsWorking" classname="com.dotcms.rendering.velocity.viewtools.content.util.ContentUtilsTest" time="4.163"/>
  <testcase name="test_add_relationships_on_parent_children_related_contents" classname="com.dotcms.rendering.velocity.viewtools.content.util.ContentUtilsTest" time="1.564"/>
  <testcase name="testSortPullRelated[0: com.dotcms.rendering.velocity.viewtools.content.util.ContentUtilsTest$SortTestCase@1f29dcdf]" classname="com.dotcms.rendering.velocity.viewtools.content.util.ContentUtilsTest" time="1.703"/>
  <testcase name="testSortPullRelated[1: com.dotcms.rendering.velocity.viewtools.content.util.ContentUtilsTest$SortTestCase@17dede5c]" classname="com.dotcms.rendering.velocity.viewtools.content.util.ContentUtilsTest" time="2.773"/>
  <testcase name="testSortPullRelated[2: com.dotcms.rendering.velocity.viewtools.content.util.ContentUtilsTest$SortTestCase@4c1fffa5]" classname="com.dotcms.rendering.velocity.viewtools.content.util.ContentUtilsTest" time="2.906"/>
  <testcase name="testSortPullRelated[3: com.dotcms.rendering.velocity.viewtools.content.util.ContentUtilsTest$SortTestCase@6741cd19]" classname="com.dotcms.rendering.velocity.viewtools.content.util.ContentUtilsTest" time="2.836"/>
  <testcase name="testSortPullRelated[4: com.dotcms.rendering.velocity.viewtools.content.util.ContentUtilsTest$SortTestCase@365f2a0a]" classname="com.dotcms.rendering.velocity.viewtools.content.util.ContentUtilsTest" time="2.907"/>
  <testcase name="testSortPullRelated[5: com.dotcms.rendering.velocity.viewtools.content.util.ContentUtilsTest$SortTestCase@57922ea3]" classname="com.dotcms.rendering.velocity.viewtools.content.util.ContentUtilsTest" time="2.979"/>
  <testcase name="whenTheTimeMachineDateIsAfterTomorrowAndExpireDateIsInFutureShouldReturnContent" classname="com.dotcms.rendering.velocity.viewtools.content.util.ContentUtilsTest" time="3.348"/>
  <testcase name="testPullRelatedFieldShouldRespectDefaultOrder" classname="com.dotcms.rendering.velocity.viewtools.content.util.ContentUtilsTest" time="2.735"/>
  <system-out><![CDATA[]]></system-out>
  <system-err><![CDATA[]]></system-err>
</testsuite>
