<?xml version="1.0" encoding="UTF-8"?>
<testsuite name="com.dotmarketing.servlets.ajax.AjaxDirectorServletIntegrationTest" tests="2" skipped="0" failures="0" errors="0" timestamp="2023-06-26T16:53:04" hostname="fv-az370-611" time="1.83">
  <properties/>
  <testcase name="testService[0: com.dotmarketing.servlets.ajax.AjaxDirectorServletTestCase@23851907]" classname="com.dotmarketing.servlets.ajax.AjaxDirectorServletIntegrationTest" time="1.094"/>
  <testcase name="testService[1: com.dotmarketing.servlets.ajax.AjaxDirectorServletTestCase@507e5299]" classname="com.dotmarketing.servlets.ajax.AjaxDirectorServletIntegrationTest" time="0.735"/>
  <system-out><![CDATA[]]></system-out>
  <system-err><![CDATA[]]></system-err>
</testsuite>
