<?xml version="1.0" encoding="UTF-8"?>
<testsuite name="com.dotmarketing.portlets.containers.business.ContainerAPITest" tests="16" skipped="0" failures="0" errors="0" timestamp="2023-07-19T18:43:03" hostname="fv-az615-953" time="5.45">
  <properties/>
  <testcase name="deletingSystemContainer" classname="com.dotmarketing.portlets.containers.business.ContainerAPITest" time="0.002"/>
  <testcase name="delete" classname="com.dotmarketing.portlets.containers.business.ContainerAPITest" time="1.094"/>
  <testcase name="copyingSystemContainer" classname="com.dotmarketing.portlets.containers.business.ContainerAPITest" time="0.002"/>
  <testcase name="compareCountDeletedContainer" classname="com.dotmarketing.portlets.containers.business.ContainerAPITest" time="0.158"/>
  <testcase name="testCopy" classname="com.dotmarketing.portlets.containers.business.ContainerAPITest" time="1.147"/>
  <testcase name="gettingParentHostFromSystemContainer" classname="com.dotmarketing.portlets.containers.business.ContainerAPITest" time="0.002"/>
  <testcase name="savingSystemContainer" classname="com.dotmarketing.portlets.containers.business.ContainerAPITest" time="0.002"/>
  <testcase name="findContainerUsedBySpecificContentType" classname="com.dotmarketing.portlets.containers.business.ContainerAPITest" time="0.161"/>
  <testcase name="save" classname="com.dotmarketing.portlets.containers.business.ContainerAPITest" time="0.027"/>
  <testcase name="testFindContainersUnder" classname="com.dotmarketing.portlets.containers.business.ContainerAPITest" time="0.018"/>
  <testcase name="testFindContainersWithParent" classname="com.dotmarketing.portlets.containers.business.ContainerAPITest" time="2.186"/>
  <testcase name="testFindAllContainers" classname="com.dotmarketing.portlets.containers.business.ContainerAPITest" time="0.527"/>
  <testcase name="saveWithExistingIds" classname="com.dotmarketing.portlets.containers.business.ContainerAPITest" time="0.033"/>
  <testcase name="findContainersWithoutSystemContainer" classname="com.dotmarketing.portlets.containers.business.ContainerAPITest" time="0.037"/>
  <testcase name="findContainersWithSystemContainer" classname="com.dotmarketing.portlets.containers.business.ContainerAPITest" time="0.025"/>
  <testcase name="testFindContainers" classname="com.dotmarketing.portlets.containers.business.ContainerAPITest" time="0.024"/>
  <system-out><![CDATA[]]></system-out>
  <system-err><![CDATA[]]></system-err>
</testsuite>
