<?xml version="1.0" encoding="UTF-8"?>
<testsuite name="com.dotcms.publishing.PublisherFilterImplTest" tests="4" skipped="0" failures="0" errors="0" timestamp="2023-07-19T18:24:32" hostname="fv-az189-825" time="0.003">
  <properties/>
  <testcase name="Test_doesExcludeClassesContainsType" classname="com.dotcms.publishing.PublisherFilterImplTest" time="0.001"/>
  <testcase name="Test_doesExcludeDependencyClassesContainsType" classname="com.dotcms.publishing.PublisherFilterImplTest" time="0.001"/>
  <testcase name="Test_doesExcludeDependencyQueryContainsContentletId" classname="com.dotcms.publishing.PublisherFilterImplTest" time="0.001"/>
  <testcase name="Test_doesExcludeQueryContainContentletId" classname="com.dotcms.publishing.PublisherFilterImplTest" time="0.0"/>
  <system-out><![CDATA[]]></system-out>
  <system-err><![CDATA[]]></system-err>
</testsuite>
