<?xml version="1.0" encoding="UTF-8"?>
<testsuite name="com.liferay.util.LocaleUtilTest" tests="2" skipped="0" failures="0" errors="0" timestamp="2023-06-28T22:31:05" hostname="fv-az955-446" time="0.082">
  <properties/>
  <testcase name="testFromLanguageId" classname="com.liferay.util.LocaleUtilTest" time="0.004"/>
  <testcase name="testGetLocale" classname="com.liferay.util.LocaleUtilTest" time="0.078"/>
  <system-out><![CDATA[]]></system-out>
  <system-err><![CDATA[]]></system-err>
</testsuite>
