<?xml version="1.0" encoding="UTF-8"?>
<testsuite name="com.dotmarketing.business.DeterministicIdentifierAPITest" tests="16" skipped="0" failures="0" errors="0" timestamp="2023-07-04T02:56:55" hostname="fv-az951-870" time="1.321">
  <properties/>
  <testcase name="Test_Category_Path_Seed_And_Id" classname="com.dotmarketing.business.DeterministicIdentifierAPITest" time="0.054"/>
  <testcase name="Test_Language_Deterministic_Id[0: LanguageTestCase{expectedSeed='Language:es:US', expectedHash=4913155, langCode='es', countryCode='US', country='United States'}]" classname="com.dotmarketing.business.DeterministicIdentifierAPITest" time="0.002"/>
  <testcase name="Test_Language_Deterministic_Id[1: LanguageTestCase{expectedSeed='Language:ep:', expectedHash=5292269, langCode='ep', countryCode='', country=''}]" classname="com.dotmarketing.business.DeterministicIdentifierAPITest" time="0.002"/>
  <testcase name="Test_Language_Deterministic_Id[2: LanguageTestCase{expectedSeed='Language:sg:SAG', expectedHash=4713118, langCode='sg', countryCode='SAG', country=''}]" classname="com.dotmarketing.business.DeterministicIdentifierAPITest" time="0.001"/>
  <testcase name="Test_Language_Deterministic_Id[3: LanguageTestCase{expectedSeed='Language:en:NZ', expectedHash=5382528, langCode='en', countryCode='NZ', country='New Zealand'}]" classname="com.dotmarketing.business.DeterministicIdentifierAPITest" time="0.001"/>
  <testcase name="Test_Category_None_Persisted_Category_Should_Return_Deterministic_Id" classname="com.dotmarketing.business.DeterministicIdentifierAPITest" time="0.002"/>
  <testcase name="Test_Asset_Generate_Deterministic_Id_Best_Effort[0: TestCase{versionable=my.host1688438939766.com, parent=System Host, expectedName='my.host1688438939766.com', expectedType='Host'}]" classname="com.dotmarketing.business.DeterministicIdentifierAPITest" time="0.008"/>
  <testcase name="Test_Asset_Generate_Deterministic_Id_Best_Effort[1: TestCase{versionable=com.dotmarketing.portlets.contentlet.model.Contentlet@6c624df2[map={modDate=2023-07-04 02:49:00.945, fileName=file4670309750947459752.txt, title=file4670309750947459752.txt, inode=69185414-5ffd-44de-bd5e-c12ac3666315, __IS_NEW_CONTENT__=true, disabledWYSIWYG=[], host=19838adf-6836-4d2a-9085-be1a402f2434, stInode=33888b6f-7a8e-4069-b1b6-5c1aa9d0a48d, owner=system, identifier=1724b72e-eea2-4885-abd9-939f07b5d593, nullProperties=[wfExpireDate, wfPublishDate, wfActionAssign, wfActionId, wfActionComments, filterKey, whereToSend, wfNeverExpire, _path_to_move, timezoneId, iWantTo, wfPublishTime, wfExpireTime], languageId=1, fileAsset=/home/runner/work/core/custom/assets/6/9/69185414-5ffd-44de-bd5e-c12ac3666315/fileAsset/file4670309750947459752.txt, folder=11bdc17f-0f40-452f-b0a6-a17603dd9083, __disable_workflow__=true, sortOrder=0, modUser=system},lowIndexPriority=false,variantId=DEFAULT], parent=com.dotmarketing.portlets.folders.model.Folder@195715ff[identifier=11bdc17f-0f40-452f-b0a6-a17603dd9083,name=testName1688438940927,sortOrder=0,showOnMenu=false,hostId=19838adf-6836-4d2a-9085-be1a402f2434,type=folder,title=testTitle1688438940927,filesMasks=,defaultFileType=33888b6f-7a8e-4069-b1b6-5c1aa9d0a48d,modDate=2023-07-04 02:49:00.934,owner=&lt;null&gt;,iDate=2023-07-04 02:49:00.934,inode=11bdc17f-0f40-452f-b0a6-a17603dd9083,path=/testName1688438940927/], expectedName='file4670309750947459752.txt', expectedType='FileAsset'}]" classname="com.dotmarketing.business.DeterministicIdentifierAPITest" time="0.007"/>
  <testcase name="Test_Asset_Generate_Deterministic_Id_Best_Effort[2: TestCase{versionable=com.dotmarketing.portlets.templates.model.Template@8fc94fda, parent=my.host1688438939766.com, expectedName='testTitle1688438941184', expectedType='Template'}]" classname="com.dotmarketing.business.DeterministicIdentifierAPITest" time="0.004"/>
  <testcase name="Test_Asset_Generate_Deterministic_Id_Best_Effort[3: TestCase{versionable=com.dotmarketing.portlets.htmlpageasset.model.HTMLPageAsset@56096697[map={template=e3141a0d-24f5-45b3-a3eb-e2386de78b55, owner=system, identifier=038982f6-464c-4e93-849d-49d7be6e4720, nullProperties=[wfExpireDate, wfPublishDate, wfActionAssign, wfActionId, wfActionComments, filterKey, whereToSend, wfNeverExpire, _path_to_move, timezoneId, iWantTo, wfPublishTime, wfExpireTime], modDate=2023-07-04 02:49:01.212, cachettl=0, _is_test_mode=true, languageId=1, title=test-page-title-1688438941207, httpsreq=, url=test-page-url-1688438941207, showOnMenu=, inode=39d3edd9-fcca-48cf-bc28-a9535d9898b1, folder=11bdc17f-0f40-452f-b0a6-a17603dd9083, disabledWYSIWYG=[], sortOrder=1, modUser=system, host=19838adf-6836-4d2a-9085-be1a402f2434, stInode=c541abb1-69b3-4bc5-8430-5e09e5239cc8, friendlyName=test-page-friendly-name-1688438941207},lowIndexPriority=false,variantId=DEFAULT], parent=com.dotmarketing.portlets.folders.model.Folder@195715ff[identifier=11bdc17f-0f40-452f-b0a6-a17603dd9083,name=testName1688438940927,sortOrder=0,showOnMenu=false,hostId=19838adf-6836-4d2a-9085-be1a402f2434,type=folder,title=testTitle1688438940927,filesMasks=,defaultFileType=33888b6f-7a8e-4069-b1b6-5c1aa9d0a48d,modDate=2023-07-04 02:49:00.934,owner=&lt;null&gt;,iDate=2023-07-04 02:49:00.934,inode=11bdc17f-0f40-452f-b0a6-a17603dd9083,path=/testName1688438940927/], expectedName='test-page-url-1688438941207', expectedType='htmlpageasset'}]" classname="com.dotmarketing.business.DeterministicIdentifierAPITest" time="0.005"/>
  <testcase name="Test_Asset_Generate_Deterministic_Id_Best_Effort[4: TestCase{versionable=com.dotmarketing.portlets.contentlet.model.Contentlet@50fe710e[map={fileAsset2=/home/runner/work/core/custom/assets/f/9/f90ed082-cee9-46b6-8c16-5f902ebcad0b/fileAsset2/test_binary1688438942943.png, modDate=2023-07-04 02:49:02.953, fileAsset1=/home/runner/work/core/custom/assets/f/9/f90ed082-cee9-46b6-8c16-5f902ebcad0b/fileAsset1/test_binary1688438942943.jpg, title=blah, inode=f90ed082-cee9-46b6-8c16-5f902ebcad0b, __IS_NEW_CONTENT__=true, disabledWYSIWYG=[], host=48190c8c-42c4-46af-8d1a-0cd5db894797, stInode=b69fdbe5-7244-45cf-ab36-60c53e719673, owner=system, identifier=ec10a3ea-bc47-49b5-805f-469faa8d6c23, nullProperties=[], languageId=1, image1=036019e1-3602-4f45-b1b1-dbc46fd4831e, folder=SYSTEM_FOLDER, __disable_workflow__=true, sortOrder=0, modUser=system},lowIndexPriority=false,variantId=DEFAULT], parent=demo.dotcms.com, expectedName='test_binary1688438942943.jpg:test_binary1688438942943.png', expectedType='MultipleBinaries1688438941478'}]" classname="com.dotmarketing.business.DeterministicIdentifierAPITest" time="0.006"/>
  <testcase name="Test_Asset_Generate_Deterministic_Id_Best_Effort[5: TestCase{versionable=name8acff61958 : keyTag8acff61958, parent=my.host1688438939766.com, expectedName='keyTag8acff61958', expectedType='persona'}]" classname="com.dotmarketing.business.DeterministicIdentifierAPITest" time="0.005"/>
  <testcase name="Test_Similar_Content_Type_Wont_Clash" classname="com.dotmarketing.business.DeterministicIdentifierAPITest" time="0.751"/>
  <testcase name="Test_Generate_Folder_Identifier" classname="com.dotmarketing.business.DeterministicIdentifierAPITest" time="0.447"/>
  <testcase name="Test_Generate_Content_Type_Identifier[0: ContentTypeTestCase{contentType=KeyValueContentType{name=Language Variable, id=f4d7c1b8-2c88-4071-abf1-a5328977b07d, description=Default Content Type for Language Variables, defaultType=false, fixed=true, iDate=Thu Aug 31 16:38:49 UTC 2017, system=true, versionable=true, variable=Languagevariable, modDate=Tue Jul 04 01:23:11 UTC 2023, host=SYSTEM_HOST, siteName=systemHost, icon=language, sortOrder=0, folder=SYSTEM_FOLDER, folderPath=/, markedForDeletion=true, multilingualable=false}, expectedName='Languagevariable', expectedType='KeyValue'}]" classname="com.dotmarketing.business.DeterministicIdentifierAPITest" time="0.008"/>
  <testcase name="Test_Generate_Content_Type_Identifier[1: ContentTypeTestCase{contentType=SimpleContentType{name=testName1688438943696, id=a0f510ec-3b37-4668-b29c-04436538c6cc, description=testDescription1688438943696, defaultType=false, fixed=false, iDate=Tue Jul 04 02:49:03 UTC 2023, system=false, versionable=true, multilingualable=false, variable=testVarname1688438943696, owner=system, modDate=Tue Jul 04 02:49:04 UTC 2023, host=48190c8c-42c4-46af-8d1a-0cd5db894797, siteName=demo.dotcms.com, icon=event_note, sortOrder=0, folder=SYSTEM_FOLDER, folderPath=/, requiredFields=[], markedForDeletion=false}, expectedName='testVarname1688438943696', expectedType='CONTENT'}]" classname="com.dotmarketing.business.DeterministicIdentifierAPITest" time="0.008"/>
  <system-out><![CDATA[]]></system-out>
  <system-err><![CDATA[]]></system-err>
</testsuite>
