<?xml version="1.0" encoding="UTF-8"?>
<testsuite name="com.dotcms.rest.elasticsearch.ESContentResourcePortletTest" tests="8" skipped="0" failures="0" errors="0" timestamp="2023-07-12T19:56:45" hostname="fv-az1241-832" time="8.98">
  <properties/>
  <testcase name="test_search_includeGrandChildCategory_success" classname="com.dotcms.rest.elasticsearch.ESContentResourcePortletTest" time="1.661"/>
  <testcase name="testSearch[0: com.dotcms.rest.elasticsearch.ESContentResourcePortletTest$TestCase@55eb61e0]" classname="com.dotcms.rest.elasticsearch.ESContentResourcePortletTest" time="1.02"/>
  <testcase name="testSearch[1: com.dotcms.rest.elasticsearch.ESContentResourcePortletTest$TestCase@12606ded]" classname="com.dotcms.rest.elasticsearch.ESContentResourcePortletTest" time="1.411"/>
  <testcase name="testSearch[2: com.dotcms.rest.elasticsearch.ESContentResourcePortletTest$TestCase@4a507d98]" classname="com.dotcms.rest.elasticsearch.ESContentResourcePortletTest" time="1.099"/>
  <testcase name="testSearch[3: com.dotcms.rest.elasticsearch.ESContentResourcePortletTest$TestCase@2d570506]" classname="com.dotcms.rest.elasticsearch.ESContentResourcePortletTest" time="1.354"/>
  <testcase name="testSearch[4: com.dotcms.rest.elasticsearch.ESContentResourcePortletTest$TestCase@23bd852d]" classname="com.dotcms.rest.elasticsearch.ESContentResourcePortletTest" time="0.291"/>
  <testcase name="testSearch[5: com.dotcms.rest.elasticsearch.ESContentResourcePortletTest$TestCase@32238bb2]" classname="com.dotcms.rest.elasticsearch.ESContentResourcePortletTest" time="1.124"/>
  <testcase name="testSearch[6: com.dotcms.rest.elasticsearch.ESContentResourcePortletTest$TestCase@7b569cd3]" classname="com.dotcms.rest.elasticsearch.ESContentResourcePortletTest" time="1.017"/>
  <system-out><![CDATA[]]></system-out>
  <system-err><![CDATA[]]></system-err>
</testsuite>
