<?xml version="1.0" encoding="UTF-8"?>
<testsuite name="com.dotmarketing.startup.runonce.Task211101AddContentletAsJsonColumnTest" tests="1" skipped="0" failures="0" errors="0" timestamp="2023-07-14T02:04:15" hostname="fv-az493-156" time="0.543">
  <properties/>
  <testcase name="Test_Upgrade_Task" classname="com.dotmarketing.startup.runonce.Task211101AddContentletAsJsonColumnTest" time="0.543"/>
  <system-out><![CDATA[]]></system-out>
  <system-err><![CDATA[]]></system-err>
</testsuite>
