<?xml version="1.0" encoding="UTF-8"?>
<testsuite name="com.dotcms.rest.api.v1.versionable.VersionableResourceTest" tests="24" skipped="0" failures="0" errors="0" timestamp="2023-06-28T15:37:56" hostname="fv-az452-705" time="35.514">
  <properties/>
  <testcase name="test_findVersion_inodeDoesNotExist_return404" classname="com.dotcms.rest.api.v1.versionable.VersionableResourceTest" time="0.786"/>
  <testcase name="test_restoreVersion_inodeDoesNotExist_return404" classname="com.dotcms.rest.api.v1.versionable.VersionableResourceTest" time="0.776"/>
  <testcase name="test_deleteVersion_limitedUserWithoutEditPermission_contentlet_return403" classname="com.dotcms.rest.api.v1.versionable.VersionableResourceTest" time="2.515"/>
  <testcase name="test_findAllVersions_container_success" classname="com.dotcms.rest.api.v1.versionable.VersionableResourceTest" time="1.072"/>
  <testcase name="test_findAllVersion_identifierDoesNotExist_return404" classname="com.dotcms.rest.api.v1.versionable.VersionableResourceTest" time="0.816"/>
  <testcase name="test_deleteVersion_limitedUserWithoutEditPermission_container_return403" classname="com.dotcms.rest.api.v1.versionable.VersionableResourceTest" time="1.933"/>
  <testcase name="test_findAllVersions_contentlet_success" classname="com.dotcms.rest.api.v1.versionable.VersionableResourceTest" time="1.385"/>
  <testcase name="test_findAllVersions_limitedUserWithoutViewPermission_contentlet_return403" classname="com.dotcms.rest.api.v1.versionable.VersionableResourceTest" time="2.711"/>
  <testcase name="test_deleteVersion_versionIsWorkingOrLive_container_return400" classname="com.dotcms.rest.api.v1.versionable.VersionableResourceTest" time="1.286"/>
  <testcase name="test_findVersion_contentlet_success" classname="com.dotcms.rest.api.v1.versionable.VersionableResourceTest" time="1.165"/>
  <testcase name="test_findVersion_template_success" classname="com.dotcms.rest.api.v1.versionable.VersionableResourceTest" time="1.844"/>
  <testcase name="test_restoreVersion_limitedUserWithoutEditPermission_container_return403" classname="com.dotcms.rest.api.v1.versionable.VersionableResourceTest" time="1.864"/>
  <testcase name="test_findVersion_limitedUserWithoutViewPermission_contentlet_return403" classname="com.dotcms.rest.api.v1.versionable.VersionableResourceTest" time="2.099"/>
  <testcase name="test_findVersion_container_success" classname="com.dotcms.rest.api.v1.versionable.VersionableResourceTest" time="1.175"/>
  <testcase name="test_findAllVersions_limitedUserWithoutViewPermission_template_return403" classname="com.dotcms.rest.api.v1.versionable.VersionableResourceTest" time="1.818"/>
  <testcase name="test_deleteVersion_container_success" classname="com.dotcms.rest.api.v1.versionable.VersionableResourceTest" time="1.278"/>
  <testcase name="test_findAllVersions_link_success" classname="com.dotcms.rest.api.v1.versionable.VersionableResourceTest" time="0.975"/>
  <testcase name="test_findVersion_link_success" classname="com.dotcms.rest.api.v1.versionable.VersionableResourceTest" time="1.085"/>
  <testcase name="test_deleteVersion_contentlet_success" classname="com.dotcms.rest.api.v1.versionable.VersionableResourceTest" time="1.048"/>
  <testcase name="test_restoreVersion_container_success" classname="com.dotcms.rest.api.v1.versionable.VersionableResourceTest" time="1.945"/>
  <testcase name="test_deleteVersion_versionIsWorkingOrLive_contentlet_return400" classname="com.dotcms.rest.api.v1.versionable.VersionableResourceTest" time="1.069"/>
  <testcase name="test_findVersion_limitedUserWithoutViewPermission_template_return403" classname="com.dotcms.rest.api.v1.versionable.VersionableResourceTest" time="1.879"/>
  <testcase name="test_findAllVersions_template_success" classname="com.dotcms.rest.api.v1.versionable.VersionableResourceTest" time="1.161"/>
  <testcase name="test_findVersion_limitedUserWithoutViewPermission_container_return403" classname="com.dotcms.rest.api.v1.versionable.VersionableResourceTest" time="1.828"/>
  <system-out><![CDATA[]]></system-out>
  <system-err><![CDATA[]]></system-err>
</testsuite>
