<?xml version="1.0" encoding="UTF-8"?>
<testsuite name="com.dotcms.publisher.bundle.business.BundleFactoryTest" tests="7" skipped="0" failures="0" errors="0" timestamp="2023-06-28T03:47:24" hostname="fv-az422-786" time="4.055">
  <properties/>
  <testcase name="test_deleteAllAssetsFromBundle" classname="com.dotcms.publisher.bundle.business.BundleFactoryTest" time="1.195"/>
  <testcase name="test_findSentBundlesOlderThan_byAdminUser" classname="com.dotcms.publisher.bundle.business.BundleFactoryTest" time="0.724"/>
  <testcase name="test_insertBundleWithFilterKey_success" classname="com.dotcms.publisher.bundle.business.BundleFactoryTest" time="0.007"/>
  <testcase name="test_insertBundleWithoutFilterKey_success" classname="com.dotcms.publisher.bundle.business.BundleFactoryTest" time="0.003"/>
  <testcase name="test_findSentBundlesOlderThan_byLimitedUser" classname="com.dotcms.publisher.bundle.business.BundleFactoryTest" time="0.707"/>
  <testcase name="test_findSentBundles_byLimitedUser" classname="com.dotcms.publisher.bundle.business.BundleFactoryTest" time="0.704"/>
  <testcase name="test_findSentBundles_byAdminUser" classname="com.dotcms.publisher.bundle.business.BundleFactoryTest" time="0.715"/>
  <system-out><![CDATA[]]></system-out>
  <system-err><![CDATA[]]></system-err>
</testsuite>
