<?xml version="1.0" encoding="UTF-8"?>
<testsuite name="com.dotmarketing.portlets.workflows.actionlet.SaveContentAsDraftActionletIntegrationTest" tests="1" skipped="0" failures="0" errors="0" timestamp="2023-06-23T16:52:20" hostname="fv-az162-375" time="2.201">
  <properties/>
  <testcase name="save_draft_with_permissions" classname="com.dotmarketing.portlets.workflows.actionlet.SaveContentAsDraftActionletIntegrationTest" time="2.201"/>
  <system-out><![CDATA[]]></system-out>
  <system-err><![CDATA[]]></system-err>
</testsuite>
