<?xml version="1.0" encoding="UTF-8"?>
<testsuite name="com.dotmarketing.quartz.job.StartEndScheduledExperimentsJobTest" tests="2" skipped="0" failures="0" errors="0" timestamp="2023-06-26T18:30:27" hostname="fv-az404-370" time="124.108">
  <properties/>
  <testcase name="testJob" classname="com.dotmarketing.quartz.job.StartEndScheduledExperimentsJobTest" time="124.037"/>
  <testcase name="testJob_noLicense" classname="com.dotmarketing.quartz.job.StartEndScheduledExperimentsJobTest" time="0.071"/>
  <system-out><![CDATA[]]></system-out>
  <system-err><![CDATA[]]></system-err>
</testsuite>
