<?xml version="1.0" encoding="UTF-8"?>
<testsuite name="com.dotcms.rest.elasticsearch.ESContentResourcePortletTest" tests="8" skipped="0" failures="0" errors="0" timestamp="2023-06-28T20:30:13" hostname="fv-az617-914" time="7.848">
  <properties/>
  <testcase name="test_search_includeGrandChildCategory_success" classname="com.dotcms.rest.elasticsearch.ESContentResourcePortletTest" time="1.38"/>
  <testcase name="testSearch[0: com.dotcms.rest.elasticsearch.ESContentResourcePortletTest$TestCase@7c279d22]" classname="com.dotcms.rest.elasticsearch.ESContentResourcePortletTest" time="0.873"/>
  <testcase name="testSearch[1: com.dotcms.rest.elasticsearch.ESContentResourcePortletTest$TestCase@1eceb429]" classname="com.dotcms.rest.elasticsearch.ESContentResourcePortletTest" time="1.307"/>
  <testcase name="testSearch[2: com.dotcms.rest.elasticsearch.ESContentResourcePortletTest$TestCase@1d06c3e7]" classname="com.dotcms.rest.elasticsearch.ESContentResourcePortletTest" time="0.887"/>
  <testcase name="testSearch[3: com.dotcms.rest.elasticsearch.ESContentResourcePortletTest$TestCase@2f3ac467]" classname="com.dotcms.rest.elasticsearch.ESContentResourcePortletTest" time="0.319"/>
  <testcase name="testSearch[4: com.dotcms.rest.elasticsearch.ESContentResourcePortletTest$TestCase@6fb4922f]" classname="com.dotcms.rest.elasticsearch.ESContentResourcePortletTest" time="1.324"/>
  <testcase name="testSearch[5: com.dotcms.rest.elasticsearch.ESContentResourcePortletTest$TestCase@4b01c0c]" classname="com.dotcms.rest.elasticsearch.ESContentResourcePortletTest" time="0.897"/>
  <testcase name="testSearch[6: com.dotcms.rest.elasticsearch.ESContentResourcePortletTest$TestCase@2f02ee86]" classname="com.dotcms.rest.elasticsearch.ESContentResourcePortletTest" time="0.859"/>
  <system-out><![CDATA[]]></system-out>
  <system-err><![CDATA[]]></system-err>
</testsuite>
