<?xml version="1.0" encoding="UTF-8"?>
<testsuite name="com.dotmarketing.startup.runonce.Task220402UpdateDateTimezonesTest" tests="1" skipped="0" failures="0" errors="0" timestamp="2023-06-30T02:19:40" hostname="fv-az343-533" time="0.043">
  <properties/>
  <testcase name="Test_Upgrade_Task" classname="com.dotmarketing.startup.runonce.Task220402UpdateDateTimezonesTest" time="0.043"/>
  <system-out><![CDATA[]]></system-out>
  <system-err><![CDATA[]]></system-err>
</testsuite>
