<?xml version="1.0" encoding="UTF-8"?>
<testsuite name="com.dotmarketing.portlets.structure.model.ContentletRelationshipsTest" tests="7" skipped="0" failures="0" errors="0" timestamp="2023-07-12T00:03:45" hostname="fv-az646-156" time="9.694">
  <properties/>
  <testcase name="testDoesAllowOnlyOne[0: com.dotmarketing.portlets.structure.model.ContentletRelationshipsTest$CardinalityTestCase@5503be8c]" classname="com.dotmarketing.portlets.structure.model.ContentletRelationshipsTest" time="0.559"/>
  <testcase name="testDoesAllowOnlyOne[1: com.dotmarketing.portlets.structure.model.ContentletRelationshipsTest$CardinalityTestCase@61d7589e]" classname="com.dotmarketing.portlets.structure.model.ContentletRelationshipsTest" time="0.537"/>
  <testcase name="testDoesAllowOnlyOne[2: com.dotmarketing.portlets.structure.model.ContentletRelationshipsTest$CardinalityTestCase@60012b6a]" classname="com.dotmarketing.portlets.structure.model.ContentletRelationshipsTest" time="0.531"/>
  <testcase name="testGetRelationshipRecords[0: com.dotmarketing.portlets.structure.model.ContentletRelationshipsTest$TestCase@72463e52]" classname="com.dotmarketing.portlets.structure.model.ContentletRelationshipsTest" time="2.124"/>
  <testcase name="testGetRelationshipRecords[1: com.dotmarketing.portlets.structure.model.ContentletRelationshipsTest$TestCase@3af91948]" classname="com.dotmarketing.portlets.structure.model.ContentletRelationshipsTest" time="2.043"/>
  <testcase name="testGetRelationshipRecords[2: com.dotmarketing.portlets.structure.model.ContentletRelationshipsTest$TestCase@61b1a521]" classname="com.dotmarketing.portlets.structure.model.ContentletRelationshipsTest" time="1.918"/>
  <testcase name="testGetRelationshipRecords[3: com.dotmarketing.portlets.structure.model.ContentletRelationshipsTest$TestCase@8028806]" classname="com.dotmarketing.portlets.structure.model.ContentletRelationshipsTest" time="1.981"/>
  <system-out><![CDATA[]]></system-out>
  <system-err><![CDATA[]]></system-err>
</testsuite>
