<?xml version="1.0" encoding="UTF-8"?>
<testsuite name="com.dotmarketing.portlets.structure.model.ContentletRelationshipsTest" tests="7" skipped="0" failures="0" errors="0" timestamp="2023-06-22T19:16:36" hostname="fv-az419-343" time="8.425">
  <properties/>
  <testcase name="testDoesAllowOnlyOne[0: com.dotmarketing.portlets.structure.model.ContentletRelationshipsTest$CardinalityTestCase@5957c69c]" classname="com.dotmarketing.portlets.structure.model.ContentletRelationshipsTest" time="0.555"/>
  <testcase name="testDoesAllowOnlyOne[1: com.dotmarketing.portlets.structure.model.ContentletRelationshipsTest$CardinalityTestCase@33c5b857]" classname="com.dotmarketing.portlets.structure.model.ContentletRelationshipsTest" time="0.477"/>
  <testcase name="testDoesAllowOnlyOne[2: com.dotmarketing.portlets.structure.model.ContentletRelationshipsTest$CardinalityTestCase@4a7e61b2]" classname="com.dotmarketing.portlets.structure.model.ContentletRelationshipsTest" time="0.495"/>
  <testcase name="testGetRelationshipRecords[0: com.dotmarketing.portlets.structure.model.ContentletRelationshipsTest$TestCase@4bbd8fcc]" classname="com.dotmarketing.portlets.structure.model.ContentletRelationshipsTest" time="2.058"/>
  <testcase name="testGetRelationshipRecords[1: com.dotmarketing.portlets.structure.model.ContentletRelationshipsTest$TestCase@2cb9c301]" classname="com.dotmarketing.portlets.structure.model.ContentletRelationshipsTest" time="2.028"/>
  <testcase name="testGetRelationshipRecords[2: com.dotmarketing.portlets.structure.model.ContentletRelationshipsTest$TestCase@32a0c1c1]" classname="com.dotmarketing.portlets.structure.model.ContentletRelationshipsTest" time="1.881"/>
  <testcase name="testGetRelationshipRecords[3: com.dotmarketing.portlets.structure.model.ContentletRelationshipsTest$TestCase@b6a45d6]" classname="com.dotmarketing.portlets.structure.model.ContentletRelationshipsTest" time="0.93"/>
  <system-out><![CDATA[]]></system-out>
  <system-err><![CDATA[]]></system-err>
</testsuite>
