<?xml version="1.0" encoding="UTF-8"?>
<testsuite name="com.dotmarketing.startup.runonce.Task220912UpdateCorrectShowOnMenuPropertyTest" tests="1" skipped="0" failures="0" errors="0" timestamp="2023-07-11T00:06:09" hostname="fv-az621-762" time="0.025">
  <properties/>
  <testcase name="testExecuteUpgrade" classname="com.dotmarketing.startup.runonce.Task220912UpdateCorrectShowOnMenuPropertyTest" time="0.025"/>
  <system-out><![CDATA[]]></system-out>
  <system-err><![CDATA[]]></system-err>
</testsuite>
