<?xml version="1.0" encoding="UTF-8"?>
<testsuite name="com.dotcms.rest.TagResourceIntegrationTest" tests="4" skipped="0" failures="0" errors="0" timestamp="2023-06-26T17:03:59" hostname="fv-az1226-245" time="0.275">
  <properties/>
  <testcase name="testList[0: com.dotcms.rest.TagResourceTestCase@7e8daaa9]" classname="com.dotcms.rest.TagResourceIntegrationTest" time="0.214"/>
  <testcase name="testList[1: com.dotcms.rest.TagResourceTestCase@687cab5e]" classname="com.dotcms.rest.TagResourceIntegrationTest" time="0.022"/>
  <testcase name="testList[2: com.dotcms.rest.TagResourceTestCase@7a70f2f5]" classname="com.dotcms.rest.TagResourceIntegrationTest" time="0.017"/>
  <testcase name="testList[3: com.dotcms.rest.TagResourceTestCase@63653b18]" classname="com.dotcms.rest.TagResourceIntegrationTest" time="0.022"/>
  <system-out><![CDATA[]]></system-out>
  <system-err><![CDATA[Jun 26, 2023 5:03:59 PM com.dotcms.repackage.org.hibernate.validator.internal.util.Version <clinit>
INFO: HV000001: Hibernate Validator 4.3.2.Final
]]></system-err>
</testsuite>
