<?xml version="1.0" encoding="UTF-8"?>
<testsuite name="com.dotcms.rendering.velocity.VelocityUtilTest" tests="5" skipped="0" failures="0" errors="0" timestamp="2023-06-23T17:22:32" hostname="fv-az450-696" time="1.83">
  <properties/>
  <testcase name="test01DefaultVelocityPath" classname="com.dotcms.rendering.velocity.VelocityUtilTest" time="0.001"/>
  <testcase name="test02CustomVelocityPath" classname="com.dotcms.rendering.velocity.VelocityUtilTest" time="0.001"/>
  <testcase name="test_getPageCacheKey_returnNull" classname="com.dotcms.rendering.velocity.VelocityUtilTest" time="1.809"/>
  <testcase name="test_servlet_context_is_not_available_in_velocity" classname="com.dotcms.rendering.velocity.VelocityUtilTest" time="0.013"/>
  <testcase name="test_unable_to_modify_userid_in_velocity_session" classname="com.dotcms.rendering.velocity.VelocityUtilTest" time="0.005"/>
  <system-out><![CDATA[]]></system-out>
  <system-err><![CDATA[]]></system-err>
</testsuite>
