<?xml version="1.0" encoding="UTF-8"?>
<testsuite name="com.dotcms.rest.elasticsearch.ESContentResourcePortletTest" tests="8" skipped="0" failures="0" errors="0" timestamp="2023-06-29T20:03:03" hostname="fv-az254-767" time="9.849">
  <properties/>
  <testcase name="test_search_includeGrandChildCategory_success" classname="com.dotcms.rest.elasticsearch.ESContentResourcePortletTest" time="1.656"/>
  <testcase name="testSearch[0: com.dotcms.rest.elasticsearch.ESContentResourcePortletTest$TestCase@5a9027b3]" classname="com.dotcms.rest.elasticsearch.ESContentResourcePortletTest" time="1.033"/>
  <testcase name="testSearch[1: com.dotcms.rest.elasticsearch.ESContentResourcePortletTest$TestCase@7c520a6]" classname="com.dotcms.rest.elasticsearch.ESContentResourcePortletTest" time="1.304"/>
  <testcase name="testSearch[2: com.dotcms.rest.elasticsearch.ESContentResourcePortletTest$TestCase@174ff73f]" classname="com.dotcms.rest.elasticsearch.ESContentResourcePortletTest" time="1.086"/>
  <testcase name="testSearch[3: com.dotcms.rest.elasticsearch.ESContentResourcePortletTest$TestCase@35ac44c8]" classname="com.dotcms.rest.elasticsearch.ESContentResourcePortletTest" time="1.277"/>
  <testcase name="testSearch[4: com.dotcms.rest.elasticsearch.ESContentResourcePortletTest$TestCase@6eda4071]" classname="com.dotcms.rest.elasticsearch.ESContentResourcePortletTest" time="1.36"/>
  <testcase name="testSearch[5: com.dotcms.rest.elasticsearch.ESContentResourcePortletTest$TestCase@40b49d1c]" classname="com.dotcms.rest.elasticsearch.ESContentResourcePortletTest" time="1.063"/>
  <testcase name="testSearch[6: com.dotcms.rest.elasticsearch.ESContentResourcePortletTest$TestCase@282a7c3a]" classname="com.dotcms.rest.elasticsearch.ESContentResourcePortletTest" time="1.068"/>
  <system-out><![CDATA[]]></system-out>
  <system-err><![CDATA[]]></system-err>
</testsuite>
