<?xml version="1.0" encoding="UTF-8"?>
<testsuite name="com.dotmarketing.servlets.ajax.AjaxDirectorServletIntegrationTest" tests="2" skipped="0" failures="0" errors="0" timestamp="2023-06-30T23:23:29" hostname="fv-az257-412" time="1.245">
  <properties/>
  <testcase name="testService[0: com.dotmarketing.servlets.ajax.AjaxDirectorServletTestCase@72331ae0]" classname="com.dotmarketing.servlets.ajax.AjaxDirectorServletIntegrationTest" time="0.838"/>
  <testcase name="testService[1: com.dotmarketing.servlets.ajax.AjaxDirectorServletTestCase@5be9392c]" classname="com.dotmarketing.servlets.ajax.AjaxDirectorServletIntegrationTest" time="0.407"/>
  <system-out><![CDATA[]]></system-out>
  <system-err><![CDATA[]]></system-err>
</testsuite>
