<?xml version="1.0" encoding="UTF-8"?>
<testsuite name="com.dotmarketing.servlets.ajax.AjaxDirectorServletIntegrationTest" tests="2" skipped="0" failures="0" errors="0" timestamp="2023-06-30T00:25:25" hostname="fv-az442-763" time="2.612">
  <properties/>
  <testcase name="testService[0: com.dotmarketing.servlets.ajax.AjaxDirectorServletTestCase@5e8dc494]" classname="com.dotmarketing.servlets.ajax.AjaxDirectorServletIntegrationTest" time="1.7"/>
  <testcase name="testService[1: com.dotmarketing.servlets.ajax.AjaxDirectorServletTestCase@28e8ff41]" classname="com.dotmarketing.servlets.ajax.AjaxDirectorServletIntegrationTest" time="0.911"/>
  <system-out><![CDATA[]]></system-out>
  <system-err><![CDATA[]]></system-err>
</testsuite>
