<?xml version="1.0" encoding="UTF-8"?>
<testsuite name="com.dotmarketing.portlets.categories.business.CategoryAPITest" tests="20" skipped="0" failures="0" errors="0" timestamp="2023-06-26T17:57:43" hostname="fv-az455-779" time="42.083">
  <properties/>
  <testcase name="test_isParent_givenGrandChildCategoryBelongsToParentCategory_returnTrue" classname="com.dotmarketing.portlets.categories.business.CategoryAPITest" time="0.039"/>
  <testcase name="verifyCache" classname="com.dotmarketing.portlets.categories.business.CategoryAPITest" time="0.058"/>
  <testcase name="test_save_createTopLevelCategory_asLimitedUser_withoutPermissions_throwDotSecurityException" classname="com.dotmarketing.portlets.categories.business.CategoryAPITest" time="0.849"/>
  <testcase name="testSortChildren" classname="com.dotmarketing.portlets.categories.business.CategoryAPITest" time="0.081"/>
  <testcase name="test_save_createSubCategory_asAdmin_success" classname="com.dotmarketing.portlets.categories.business.CategoryAPITest" time="0.018"/>
  <testcase name="test_save_createTopLevelCategory_asAdmin_success" classname="com.dotmarketing.portlets.categories.business.CategoryAPITest" time="0.006"/>
  <testcase name="test_save_createTopLevelCategory_asLimitedUser_success" classname="com.dotmarketing.portlets.categories.business.CategoryAPITest" time="18.244"/>
  <testcase name="test_save_createSubCategory_asLimitedUser_withoutPermissions_throwDotSecurityException" classname="com.dotmarketing.portlets.categories.business.CategoryAPITest" time="0.856"/>
  <testcase name="testDuplicatedCategories" classname="com.dotmarketing.portlets.categories.business.CategoryAPITest" time="0.014"/>
  <testcase name="getParents" classname="com.dotmarketing.portlets.categories.business.CategoryAPITest" time="2.197"/>
  <testcase name="test_Find_Categories_Within_ContentType" classname="com.dotmarketing.portlets.categories.business.CategoryAPITest" time="1.071"/>
  <testcase name="test_isParent_givenGrandChildCategoryThatNoBelongsToParentCategory_returnFalse" classname="com.dotmarketing.portlets.categories.business.CategoryAPITest" time="0.115"/>
  <testcase name="test_save_createTopLevelCategory_asLimitedUser_fail" classname="com.dotmarketing.portlets.categories.business.CategoryAPITest" time="15.816"/>
  <testcase name="findTopLevelCategories" classname="com.dotmarketing.portlets.categories.business.CategoryAPITest" time="0.026"/>
  <testcase name="test_save_editCategory_asLimitedUser_success" classname="com.dotmarketing.portlets.categories.business.CategoryAPITest" time="0.878"/>
  <testcase name="checkUniqueKey_severalCases_Success" classname="com.dotmarketing.portlets.categories.business.CategoryAPITest" time="0.035"/>
  <testcase name="test_save_createSubCategory_asLimitedUser_success" classname="com.dotmarketing.portlets.categories.business.CategoryAPITest" time="0.862"/>
  <testcase name="getCategoryTreeUp_hierarchyLevelThree_Success" classname="com.dotmarketing.portlets.categories.business.CategoryAPITest" time="0.053"/>
  <testcase name="test_save_editCategory_asLimitedUser_withoutPermissions_throwDotSecurityException" classname="com.dotmarketing.portlets.categories.business.CategoryAPITest" time="0.834"/>
  <testcase name="findChildren" classname="com.dotmarketing.portlets.categories.business.CategoryAPITest" time="0.028"/>
  <system-out><![CDATA[
]]></system-out>
  <system-err><![CDATA[]]></system-err>
</testsuite>
