<?xml version="1.0" encoding="UTF-8"?>
<testsuite name="com.dotmarketing.portlets.contentlet.util.ContentletUtilTest" tests="5" skipped="0" failures="0" errors="0" timestamp="2023-06-28T03:24:07" hostname="fv-az422-786" time="6.614">
  <properties/>
  <testcase name="validateContentPrintableMapMethodReturnProperCategories[0: categoryNames]" classname="com.dotmarketing.portlets.contentlet.util.ContentletUtilTest" time="1.713"/>
  <testcase name="validateContentPrintableMapMethodReturnProperCategories[1: allCategoriesInfo]" classname="com.dotmarketing.portlets.contentlet.util.ContentletUtilTest" time="1.625"/>
  <testcase name="test_getContentPrintableMap_WhenContentTypeIsHTMLPage_PathIsAddedToTheMap" classname="com.dotmarketing.portlets.contentlet.util.ContentletUtilTest" time="0.842"/>
  <testcase name="test_getContentPrintableMap_WhenContentTypeIsNeitherFileAssetNorPage_PathIsNotAddedToTheMap" classname="com.dotmarketing.portlets.contentlet.util.ContentletUtilTest" time="1.183"/>
  <testcase name="test_getContentPrintableMap_WhenContentTypeIsFileAsset_PathIsAddedToTheMap" classname="com.dotmarketing.portlets.contentlet.util.ContentletUtilTest" time="1.251"/>
  <system-out><![CDATA[]]></system-out>
  <system-err><![CDATA[]]></system-err>
</testsuite>
