<?xml version="1.0" encoding="UTF-8"?>
<testsuite name="com.dotmarketing.startup.runonce.Task04335CreateSystemWorkflowTest" tests="1" skipped="0" failures="0" errors="0" timestamp="2023-07-17T16:56:41" hostname="fv-az673-315" time="0.025">
  <properties/>
  <testcase name="addPermission_onDiffDataBase_Success" classname="com.dotmarketing.startup.runonce.Task04335CreateSystemWorkflowTest" time="0.025"/>
  <system-out><![CDATA[]]></system-out>
  <system-err><![CDATA[]]></system-err>
</testsuite>
