<?xml version="1.0" encoding="UTF-8"?>
<testsuite name="com.dotmarketing.portlets.structure.model.ContentletRelationshipsTest" tests="7" skipped="0" failures="0" errors="0" timestamp="2023-06-29T06:06:02" hostname="fv-az343-696" time="10.665">
  <properties/>
  <testcase name="testDoesAllowOnlyOne[0: com.dotmarketing.portlets.structure.model.ContentletRelationshipsTest$CardinalityTestCase@73b2c8e5]" classname="com.dotmarketing.portlets.structure.model.ContentletRelationshipsTest" time="0.66"/>
  <testcase name="testDoesAllowOnlyOne[1: com.dotmarketing.portlets.structure.model.ContentletRelationshipsTest$CardinalityTestCase@6de169a6]" classname="com.dotmarketing.portlets.structure.model.ContentletRelationshipsTest" time="0.612"/>
  <testcase name="testDoesAllowOnlyOne[2: com.dotmarketing.portlets.structure.model.ContentletRelationshipsTest$CardinalityTestCase@3cc8faf8]" classname="com.dotmarketing.portlets.structure.model.ContentletRelationshipsTest" time="0.623"/>
  <testcase name="testGetRelationshipRecords[0: com.dotmarketing.portlets.structure.model.ContentletRelationshipsTest$TestCase@2b2b7052]" classname="com.dotmarketing.portlets.structure.model.ContentletRelationshipsTest" time="2.258"/>
  <testcase name="testGetRelationshipRecords[1: com.dotmarketing.portlets.structure.model.ContentletRelationshipsTest$TestCase@4e3b7032]" classname="com.dotmarketing.portlets.structure.model.ContentletRelationshipsTest" time="2.303"/>
  <testcase name="testGetRelationshipRecords[2: com.dotmarketing.portlets.structure.model.ContentletRelationshipsTest$TestCase@28718c0a]" classname="com.dotmarketing.portlets.structure.model.ContentletRelationshipsTest" time="2.136"/>
  <testcase name="testGetRelationshipRecords[3: com.dotmarketing.portlets.structure.model.ContentletRelationshipsTest$TestCase@5395bcc6]" classname="com.dotmarketing.portlets.structure.model.ContentletRelationshipsTest" time="2.069"/>
  <system-out><![CDATA[]]></system-out>
  <system-err><![CDATA[]]></system-err>
</testsuite>
