<?xml version="1.0" encoding="UTF-8"?>
<testsuite name="com.dotcms.rest.elasticsearch.ESContentResourcePortletTest" tests="8" skipped="0" failures="0" errors="0" timestamp="2023-07-17T16:45:34" hostname="fv-az797-388" time="10.277">
  <properties/>
  <testcase name="test_search_includeGrandChildCategory_success" classname="com.dotcms.rest.elasticsearch.ESContentResourcePortletTest" time="1.709"/>
  <testcase name="testSearch[0: com.dotcms.rest.elasticsearch.ESContentResourcePortletTest$TestCase@7d2715f0]" classname="com.dotcms.rest.elasticsearch.ESContentResourcePortletTest" time="1.12"/>
  <testcase name="testSearch[1: com.dotcms.rest.elasticsearch.ESContentResourcePortletTest$TestCase@78447e9]" classname="com.dotcms.rest.elasticsearch.ESContentResourcePortletTest" time="1.331"/>
  <testcase name="testSearch[2: com.dotcms.rest.elasticsearch.ESContentResourcePortletTest$TestCase@7380e3fc]" classname="com.dotcms.rest.elasticsearch.ESContentResourcePortletTest" time="1.126"/>
  <testcase name="testSearch[3: com.dotcms.rest.elasticsearch.ESContentResourcePortletTest$TestCase@52239a2f]" classname="com.dotcms.rest.elasticsearch.ESContentResourcePortletTest" time="1.406"/>
  <testcase name="testSearch[4: com.dotcms.rest.elasticsearch.ESContentResourcePortletTest$TestCase@176e9d0e]" classname="com.dotcms.rest.elasticsearch.ESContentResourcePortletTest" time="1.377"/>
  <testcase name="testSearch[5: com.dotcms.rest.elasticsearch.ESContentResourcePortletTest$TestCase@32f02b05]" classname="com.dotcms.rest.elasticsearch.ESContentResourcePortletTest" time="1.157"/>
  <testcase name="testSearch[6: com.dotcms.rest.elasticsearch.ESContentResourcePortletTest$TestCase@461bb1a4]" classname="com.dotcms.rest.elasticsearch.ESContentResourcePortletTest" time="1.05"/>
  <system-out><![CDATA[]]></system-out>
  <system-err><![CDATA[]]></system-err>
</testsuite>
