<?xml version="1.0" encoding="UTF-8"?>
<testsuite name="com.dotcms.rendering.velocity.viewtools.content.util.ContentUtilsTest" tests="89" skipped="0" failures="0" errors="0" timestamp="2023-06-23T18:14:40" hostname="fv-az561-920" time="407.346">
  <properties/>
  <testcase name="whenTheTimeMachineDateIsNullAndPublishDateInFutureShouldNotReturnAnything" classname="com.dotcms.rendering.velocity.viewtools.content.util.ContentUtilsTest" time="3.167"/>
  <testcase name="test_find_multilingual_contentlet_getContentletSuccessfully" classname="com.dotcms.rendering.velocity.viewtools.content.util.ContentUtilsTest" time="1.907"/>
  <testcase name="whenTheTimeMachineDateAndPublishDateAreTomorrowShouldReturnOneContent" classname="com.dotcms.rendering.velocity.viewtools.content.util.ContentUtilsTest" time="3.109"/>
  <testcase name="testPullRelated[0: com.dotcms.rendering.velocity.viewtools.content.util.ContentUtilsTest$TestCase@7ed59975]" classname="com.dotcms.rendering.velocity.viewtools.content.util.ContentUtilsTest" time="3.689"/>
  <testcase name="testPullRelated[1: com.dotcms.rendering.velocity.viewtools.content.util.ContentUtilsTest$TestCase@59e6470d]" classname="com.dotcms.rendering.velocity.viewtools.content.util.ContentUtilsTest" time="3.881"/>
  <testcase name="testPullRelated[2: com.dotcms.rendering.velocity.viewtools.content.util.ContentUtilsTest$TestCase@3f68c3d4]" classname="com.dotcms.rendering.velocity.viewtools.content.util.ContentUtilsTest" time="3.144"/>
  <testcase name="testPullRelated[3: com.dotcms.rendering.velocity.viewtools.content.util.ContentUtilsTest$TestCase@8c7b855]" classname="com.dotcms.rendering.velocity.viewtools.content.util.ContentUtilsTest" time="4.13"/>
  <testcase name="testPullRelated[4: com.dotcms.rendering.velocity.viewtools.content.util.ContentUtilsTest$TestCase@5a8b9609]" classname="com.dotcms.rendering.velocity.viewtools.content.util.ContentUtilsTest" time="3.97"/>
  <testcase name="testPullRelated[5: com.dotcms.rendering.velocity.viewtools.content.util.ContentUtilsTest$TestCase@31be6c7a]" classname="com.dotcms.rendering.velocity.viewtools.content.util.ContentUtilsTest" time="3.971"/>
  <testcase name="testPullRelated[6: com.dotcms.rendering.velocity.viewtools.content.util.ContentUtilsTest$TestCase@48b16ffa]" classname="com.dotcms.rendering.velocity.viewtools.content.util.ContentUtilsTest" time="4.242"/>
  <testcase name="testPullRelated[7: com.dotcms.rendering.velocity.viewtools.content.util.ContentUtilsTest$TestCase@7d8163a9]" classname="com.dotcms.rendering.velocity.viewtools.content.util.ContentUtilsTest" time="3.024"/>
  <testcase name="testPullRelated[8: com.dotcms.rendering.velocity.viewtools.content.util.ContentUtilsTest$TestCase@7bbc99ce]" classname="com.dotcms.rendering.velocity.viewtools.content.util.ContentUtilsTest" time="3.994"/>
  <testcase name="testPullRelated[9: com.dotcms.rendering.velocity.viewtools.content.util.ContentUtilsTest$TestCase@3923e77f]" classname="com.dotcms.rendering.velocity.viewtools.content.util.ContentUtilsTest" time="4.003"/>
  <testcase name="testPullRelated[10: com.dotcms.rendering.velocity.viewtools.content.util.ContentUtilsTest$TestCase@7aae811e]" classname="com.dotcms.rendering.velocity.viewtools.content.util.ContentUtilsTest" time="3.11"/>
  <testcase name="testPullRelated[11: com.dotcms.rendering.velocity.viewtools.content.util.ContentUtilsTest$TestCase@cc429c9]" classname="com.dotcms.rendering.velocity.viewtools.content.util.ContentUtilsTest" time="4.417"/>
  <testcase name="testPullRelated[12: com.dotcms.rendering.velocity.viewtools.content.util.ContentUtilsTest$TestCase@13a9b376]" classname="com.dotcms.rendering.velocity.viewtools.content.util.ContentUtilsTest" time="3.566"/>
  <testcase name="testPullRelated[13: com.dotcms.rendering.velocity.viewtools.content.util.ContentUtilsTest$TestCase@3517b663]" classname="com.dotcms.rendering.velocity.viewtools.content.util.ContentUtilsTest" time="4.227"/>
  <testcase name="testPullRelated[14: com.dotcms.rendering.velocity.viewtools.content.util.ContentUtilsTest$TestCase@3b3f77ae]" classname="com.dotcms.rendering.velocity.viewtools.content.util.ContentUtilsTest" time="3.905"/>
  <testcase name="testPullRelated[15: com.dotcms.rendering.velocity.viewtools.content.util.ContentUtilsTest$TestCase@16989b61]" classname="com.dotcms.rendering.velocity.viewtools.content.util.ContentUtilsTest" time="4.15"/>
  <testcase name="testPullRelated[16: com.dotcms.rendering.velocity.viewtools.content.util.ContentUtilsTest$TestCase@48f4a8c7]" classname="com.dotcms.rendering.velocity.viewtools.content.util.ContentUtilsTest" time="3.941"/>
  <testcase name="testPullRelated[17: com.dotcms.rendering.velocity.viewtools.content.util.ContentUtilsTest$TestCase@4058ab14]" classname="com.dotcms.rendering.velocity.viewtools.content.util.ContentUtilsTest" time="4.07"/>
  <testcase name="testPullRelated[18: com.dotcms.rendering.velocity.viewtools.content.util.ContentUtilsTest$TestCase@1a26b6]" classname="com.dotcms.rendering.velocity.viewtools.content.util.ContentUtilsTest" time="3.995"/>
  <testcase name="testPullRelated[19: com.dotcms.rendering.velocity.viewtools.content.util.ContentUtilsTest$TestCase@528be647]" classname="com.dotcms.rendering.velocity.viewtools.content.util.ContentUtilsTest" time="4.079"/>
  <testcase name="testPullRelated[20: com.dotcms.rendering.velocity.viewtools.content.util.ContentUtilsTest$TestCase@3fd4ce41]" classname="com.dotcms.rendering.velocity.viewtools.content.util.ContentUtilsTest" time="4.174"/>
  <testcase name="testPullRelated[21: com.dotcms.rendering.velocity.viewtools.content.util.ContentUtilsTest$TestCase@3a51d2a4]" classname="com.dotcms.rendering.velocity.viewtools.content.util.ContentUtilsTest" time="3.824"/>
  <testcase name="testPullRelated[22: com.dotcms.rendering.velocity.viewtools.content.util.ContentUtilsTest$TestCase@6b2f6cce]" classname="com.dotcms.rendering.velocity.viewtools.content.util.ContentUtilsTest" time="4.238"/>
  <testcase name="testPullRelated[23: com.dotcms.rendering.velocity.viewtools.content.util.ContentUtilsTest$TestCase@669b0632]" classname="com.dotcms.rendering.velocity.viewtools.content.util.ContentUtilsTest" time="3.931"/>
  <testcase name="testPullRelated[24: com.dotcms.rendering.velocity.viewtools.content.util.ContentUtilsTest$TestCase@7f246a66]" classname="com.dotcms.rendering.velocity.viewtools.content.util.ContentUtilsTest" time="4.149"/>
  <testcase name="testPullRelated[25: com.dotcms.rendering.velocity.viewtools.content.util.ContentUtilsTest$TestCase@4b5453d4]" classname="com.dotcms.rendering.velocity.viewtools.content.util.ContentUtilsTest" time="3.836"/>
  <testcase name="testPullRelated[26: com.dotcms.rendering.velocity.viewtools.content.util.ContentUtilsTest$TestCase@5b0d1f6c]" classname="com.dotcms.rendering.velocity.viewtools.content.util.ContentUtilsTest" time="4.28"/>
  <testcase name="testPullRelated[27: com.dotcms.rendering.velocity.viewtools.content.util.ContentUtilsTest$TestCase@651938a9]" classname="com.dotcms.rendering.velocity.viewtools.content.util.ContentUtilsTest" time="3.988"/>
  <testcase name="testPullRelated[28: com.dotcms.rendering.velocity.viewtools.content.util.ContentUtilsTest$TestCase@39321936]" classname="com.dotcms.rendering.velocity.viewtools.content.util.ContentUtilsTest" time="3.889"/>
  <testcase name="testPullRelated[29: com.dotcms.rendering.velocity.viewtools.content.util.ContentUtilsTest$TestCase@50912737]" classname="com.dotcms.rendering.velocity.viewtools.content.util.ContentUtilsTest" time="4.161"/>
  <testcase name="testPullRelated[30: com.dotcms.rendering.velocity.viewtools.content.util.ContentUtilsTest$TestCase@63d4a436]" classname="com.dotcms.rendering.velocity.viewtools.content.util.ContentUtilsTest" time="4.034"/>
  <testcase name="testPullRelated[31: com.dotcms.rendering.velocity.viewtools.content.util.ContentUtilsTest$TestCase@4fa41495]" classname="com.dotcms.rendering.velocity.viewtools.content.util.ContentUtilsTest" time="3.215"/>
  <testcase name="testPullRelated[32: com.dotcms.rendering.velocity.viewtools.content.util.ContentUtilsTest$TestCase@66f64ffe]" classname="com.dotcms.rendering.velocity.viewtools.content.util.ContentUtilsTest" time="3.805"/>
  <testcase name="testPullRelated[33: com.dotcms.rendering.velocity.viewtools.content.util.ContentUtilsTest$TestCase@3f876488]" classname="com.dotcms.rendering.velocity.viewtools.content.util.ContentUtilsTest" time="4.13"/>
  <testcase name="testPullRelated[34: com.dotcms.rendering.velocity.viewtools.content.util.ContentUtilsTest$TestCase@7934825a]" classname="com.dotcms.rendering.velocity.viewtools.content.util.ContentUtilsTest" time="4.059"/>
  <testcase name="testPullRelated[35: com.dotcms.rendering.velocity.viewtools.content.util.ContentUtilsTest$TestCase@165b3155]" classname="com.dotcms.rendering.velocity.viewtools.content.util.ContentUtilsTest" time="3.211"/>
  <testcase name="testPullRelated[36: com.dotcms.rendering.velocity.viewtools.content.util.ContentUtilsTest$TestCase@428605df]" classname="com.dotcms.rendering.velocity.viewtools.content.util.ContentUtilsTest" time="5.878"/>
  <testcase name="testPullRelated[37: com.dotcms.rendering.velocity.viewtools.content.util.ContentUtilsTest$TestCase@46218a23]" classname="com.dotcms.rendering.velocity.viewtools.content.util.ContentUtilsTest" time="6.116"/>
  <testcase name="testPullRelated[38: com.dotcms.rendering.velocity.viewtools.content.util.ContentUtilsTest$TestCase@1bdaf6ef]" classname="com.dotcms.rendering.velocity.viewtools.content.util.ContentUtilsTest" time="6.289"/>
  <testcase name="testPullRelated[39: com.dotcms.rendering.velocity.viewtools.content.util.ContentUtilsTest$TestCase@54c4ad58]" classname="com.dotcms.rendering.velocity.viewtools.content.util.ContentUtilsTest" time="6.119"/>
  <testcase name="testPullRelated[40: com.dotcms.rendering.velocity.viewtools.content.util.ContentUtilsTest$TestCase@261ef2e2]" classname="com.dotcms.rendering.velocity.viewtools.content.util.ContentUtilsTest" time="6.129"/>
  <testcase name="testPullRelated[41: com.dotcms.rendering.velocity.viewtools.content.util.ContentUtilsTest$TestCase@6c241490]" classname="com.dotcms.rendering.velocity.viewtools.content.util.ContentUtilsTest" time="6.042"/>
  <testcase name="testPullRelated[42: com.dotcms.rendering.velocity.viewtools.content.util.ContentUtilsTest$TestCase@2005fa75]" classname="com.dotcms.rendering.velocity.viewtools.content.util.ContentUtilsTest" time="6.062"/>
  <testcase name="testPullRelated[43: com.dotcms.rendering.velocity.viewtools.content.util.ContentUtilsTest$TestCase@51da3d40]" classname="com.dotcms.rendering.velocity.viewtools.content.util.ContentUtilsTest" time="6.121"/>
  <testcase name="testPullRelated[44: com.dotcms.rendering.velocity.viewtools.content.util.ContentUtilsTest$TestCase@825c7b]" classname="com.dotcms.rendering.velocity.viewtools.content.util.ContentUtilsTest" time="6.124"/>
  <testcase name="testPullRelated[45: com.dotcms.rendering.velocity.viewtools.content.util.ContentUtilsTest$TestCase@4c4e586f]" classname="com.dotcms.rendering.velocity.viewtools.content.util.ContentUtilsTest" time="5.891"/>
  <testcase name="testPullRelated[46: com.dotcms.rendering.velocity.viewtools.content.util.ContentUtilsTest$TestCase@4397c5c1]" classname="com.dotcms.rendering.velocity.viewtools.content.util.ContentUtilsTest" time="5.465"/>
  <testcase name="testPullRelated[47: com.dotcms.rendering.velocity.viewtools.content.util.ContentUtilsTest$TestCase@4327d0ce]" classname="com.dotcms.rendering.velocity.viewtools.content.util.ContentUtilsTest" time="6.043"/>
  <testcase name="testPullRelated[48: com.dotcms.rendering.velocity.viewtools.content.util.ContentUtilsTest$TestCase@51d43d55]" classname="com.dotcms.rendering.velocity.viewtools.content.util.ContentUtilsTest" time="5.756"/>
  <testcase name="testPullRelated[49: com.dotcms.rendering.velocity.viewtools.content.util.ContentUtilsTest$TestCase@6fe78a20]" classname="com.dotcms.rendering.velocity.viewtools.content.util.ContentUtilsTest" time="6.161"/>
  <testcase name="testPullRelated[50: com.dotcms.rendering.velocity.viewtools.content.util.ContentUtilsTest$TestCase@1223f3d0]" classname="com.dotcms.rendering.velocity.viewtools.content.util.ContentUtilsTest" time="6.201"/>
  <testcase name="testPullRelated[51: com.dotcms.rendering.velocity.viewtools.content.util.ContentUtilsTest$TestCase@6ffff0fa]" classname="com.dotcms.rendering.velocity.viewtools.content.util.ContentUtilsTest" time="6.066"/>
  <testcase name="testPullRelated[52: com.dotcms.rendering.velocity.viewtools.content.util.ContentUtilsTest$TestCase@1fb156c5]" classname="com.dotcms.rendering.velocity.viewtools.content.util.ContentUtilsTest" time="6.121"/>
  <testcase name="testPullRelated[53: com.dotcms.rendering.velocity.viewtools.content.util.ContentUtilsTest$TestCase@4c546999]" classname="com.dotcms.rendering.velocity.viewtools.content.util.ContentUtilsTest" time="5.872"/>
  <testcase name="testPullRelated[54: com.dotcms.rendering.velocity.viewtools.content.util.ContentUtilsTest$TestCase@41e4aeb0]" classname="com.dotcms.rendering.velocity.viewtools.content.util.ContentUtilsTest" time="6.188"/>
  <testcase name="testPullRelated[55: com.dotcms.rendering.velocity.viewtools.content.util.ContentUtilsTest$TestCase@510cfe56]" classname="com.dotcms.rendering.velocity.viewtools.content.util.ContentUtilsTest" time="6.239"/>
  <testcase name="testPullRelated[56: com.dotcms.rendering.velocity.viewtools.content.util.ContentUtilsTest$TestCase@449e9dcc]" classname="com.dotcms.rendering.velocity.viewtools.content.util.ContentUtilsTest" time="5.912"/>
  <testcase name="testPullRelated[57: com.dotcms.rendering.velocity.viewtools.content.util.ContentUtilsTest$TestCase@2b692c67]" classname="com.dotcms.rendering.velocity.viewtools.content.util.ContentUtilsTest" time="5.994"/>
  <testcase name="testPullRelated[58: com.dotcms.rendering.velocity.viewtools.content.util.ContentUtilsTest$TestCase@4f9c8694]" classname="com.dotcms.rendering.velocity.viewtools.content.util.ContentUtilsTest" time="5.465"/>
  <testcase name="testPullRelated[59: com.dotcms.rendering.velocity.viewtools.content.util.ContentUtilsTest$TestCase@79d42f7f]" classname="com.dotcms.rendering.velocity.viewtools.content.util.ContentUtilsTest" time="5.846"/>
  <testcase name="testPullRelated[60: com.dotcms.rendering.velocity.viewtools.content.util.ContentUtilsTest$TestCase@4914ad74]" classname="com.dotcms.rendering.velocity.viewtools.content.util.ContentUtilsTest" time="6.017"/>
  <testcase name="testPullRelated[61: com.dotcms.rendering.velocity.viewtools.content.util.ContentUtilsTest$TestCase@2bfcaa25]" classname="com.dotcms.rendering.velocity.viewtools.content.util.ContentUtilsTest" time="6.191"/>
  <testcase name="testPullRelated[62: com.dotcms.rendering.velocity.viewtools.content.util.ContentUtilsTest$TestCase@7f21e8]" classname="com.dotcms.rendering.velocity.viewtools.content.util.ContentUtilsTest" time="6.077"/>
  <testcase name="testPullRelated[63: com.dotcms.rendering.velocity.viewtools.content.util.ContentUtilsTest$TestCase@5808594f]" classname="com.dotcms.rendering.velocity.viewtools.content.util.ContentUtilsTest" time="6.011"/>
  <testcase name="testPullRelated[64: com.dotcms.rendering.velocity.viewtools.content.util.ContentUtilsTest$TestCase@341b3037]" classname="com.dotcms.rendering.velocity.viewtools.content.util.ContentUtilsTest" time="5.241"/>
  <testcase name="testPullRelated[65: com.dotcms.rendering.velocity.viewtools.content.util.ContentUtilsTest$TestCase@7a780913]" classname="com.dotcms.rendering.velocity.viewtools.content.util.ContentUtilsTest" time="6.168"/>
  <testcase name="testPullRelated[66: com.dotcms.rendering.velocity.viewtools.content.util.ContentUtilsTest$TestCase@3f117d5]" classname="com.dotcms.rendering.velocity.viewtools.content.util.ContentUtilsTest" time="6.062"/>
  <testcase name="testPullRelated[67: com.dotcms.rendering.velocity.viewtools.content.util.ContentUtilsTest$TestCase@19a9e4c5]" classname="com.dotcms.rendering.velocity.viewtools.content.util.ContentUtilsTest" time="6.132"/>
  <testcase name="testPullRelated[68: com.dotcms.rendering.velocity.viewtools.content.util.ContentUtilsTest$TestCase@745ef54f]" classname="com.dotcms.rendering.velocity.viewtools.content.util.ContentUtilsTest" time="6.13"/>
  <testcase name="testPullRelated[69: com.dotcms.rendering.velocity.viewtools.content.util.ContentUtilsTest$TestCase@4ed45a46]" classname="com.dotcms.rendering.velocity.viewtools.content.util.ContentUtilsTest" time="5.923"/>
  <testcase name="testPullRelated[70: com.dotcms.rendering.velocity.viewtools.content.util.ContentUtilsTest$TestCase@4590b3f6]" classname="com.dotcms.rendering.velocity.viewtools.content.util.ContentUtilsTest" time="6.172"/>
  <testcase name="testPullRelated[71: com.dotcms.rendering.velocity.viewtools.content.util.ContentUtilsTest$TestCase@1349e84d]" classname="com.dotcms.rendering.velocity.viewtools.content.util.ContentUtilsTest" time="6.215"/>
  <testcase name="whenPublishAndExpireDatesAreInTheFutureAndTimeMachineIsAfterBoth" classname="com.dotcms.rendering.velocity.viewtools.content.util.ContentUtilsTest" time="3.189"/>
  <testcase name="testPullRelatedForLegacyRelationship[0: com.dotcms.rendering.velocity.viewtools.content.util.ContentUtilsTest$LegacyTestCase@103e83e6]" classname="com.dotcms.rendering.velocity.viewtools.content.util.ContentUtilsTest" time="4.504"/>
  <testcase name="testPullRelatedForLegacyRelationship[1: com.dotcms.rendering.velocity.viewtools.content.util.ContentUtilsTest$LegacyTestCase@7c54edcd]" classname="com.dotcms.rendering.velocity.viewtools.content.util.ContentUtilsTest" time="3.121"/>
  <testcase name="whenTheTimeMachineDateIsAfterTomorrowAndExpireDateIsTomorrowShouldNotReturnContent" classname="com.dotcms.rendering.velocity.viewtools.content.util.ContentUtilsTest" time="3.137"/>
  <testcase name="testPullLiveRelatedWhenLatestVersionIsWorking" classname="com.dotcms.rendering.velocity.viewtools.content.util.ContentUtilsTest" time="4.618"/>
  <testcase name="test_add_relationships_on_parent_children_related_contents" classname="com.dotcms.rendering.velocity.viewtools.content.util.ContentUtilsTest" time="1.514"/>
  <testcase name="testSortPullRelated[0: com.dotcms.rendering.velocity.viewtools.content.util.ContentUtilsTest$SortTestCase@3c1beeb2]" classname="com.dotcms.rendering.velocity.viewtools.content.util.ContentUtilsTest" time="2.804"/>
  <testcase name="testSortPullRelated[1: com.dotcms.rendering.velocity.viewtools.content.util.ContentUtilsTest$SortTestCase@60cc62fc]" classname="com.dotcms.rendering.velocity.viewtools.content.util.ContentUtilsTest" time="2.646"/>
  <testcase name="testSortPullRelated[2: com.dotcms.rendering.velocity.viewtools.content.util.ContentUtilsTest$SortTestCase@409ecb0]" classname="com.dotcms.rendering.velocity.viewtools.content.util.ContentUtilsTest" time="2.8"/>
  <testcase name="testSortPullRelated[3: com.dotcms.rendering.velocity.viewtools.content.util.ContentUtilsTest$SortTestCase@5fe85379]" classname="com.dotcms.rendering.velocity.viewtools.content.util.ContentUtilsTest" time="2.877"/>
  <testcase name="testSortPullRelated[4: com.dotcms.rendering.velocity.viewtools.content.util.ContentUtilsTest$SortTestCase@3c655848]" classname="com.dotcms.rendering.velocity.viewtools.content.util.ContentUtilsTest" time="2.826"/>
  <testcase name="testSortPullRelated[5: com.dotcms.rendering.velocity.viewtools.content.util.ContentUtilsTest$SortTestCase@3f3d06ba]" classname="com.dotcms.rendering.velocity.viewtools.content.util.ContentUtilsTest" time="2.527"/>
  <testcase name="whenTheTimeMachineDateIsAfterTomorrowAndExpireDateIsInFutureShouldReturnContent" classname="com.dotcms.rendering.velocity.viewtools.content.util.ContentUtilsTest" time="3.186"/>
  <testcase name="testPullRelatedFieldShouldRespectDefaultOrder" classname="com.dotcms.rendering.velocity.viewtools.content.util.ContentUtilsTest" time="2.541"/>
  <system-out><![CDATA[]]></system-out>
  <system-err><![CDATA[]]></system-err>
</testsuite>
