<?xml version="1.0" encoding="UTF-8"?>
<testsuite name="com.dotmarketing.portlets.contentlet.business.ContentletAPITest" tests="169" skipped="3" failures="0" errors="0" timestamp="2023-07-15T00:35:05" hostname="fv-az617-846" time="230.483">
  <properties/>
  <testcase name="deleteRelatedContent" classname="com.dotmarketing.portlets.contentlet.business.ContentletAPITest" time="2.025"/>
  <testcase name="deleteCollectionAllVersions" classname="com.dotmarketing.portlets.contentlet.business.ContentletAPITest" time="1.499"/>
  <testcase name="setDateTimeFieldValueWithTimeZone[0: UTC, 2023-03-15 15:45 +0000]" classname="com.dotmarketing.portlets.contentlet.business.ContentletAPITest" time="1.289"/>
  <testcase name="setDateTimeFieldValueWithTimeZone[1: America/New_York, 2023-02-15 15:45 -0500]" classname="com.dotmarketing.portlets.contentlet.business.ContentletAPITest" time="1.304"/>
  <testcase name="setDateTimeFieldValueWithTimeZone[2: America/New_York, 2023-03-15 16:45 -0400]" classname="com.dotmarketing.portlets.contentlet.business.ContentletAPITest" time="1.298"/>
  <testcase name="setDateTimeFieldValueWithTimeZone[3: America/Chicago, 2023-02-15 14:45 -0600]" classname="com.dotmarketing.portlets.contentlet.business.ContentletAPITest" time="1.287"/>
  <testcase name="setDateTimeFieldValueWithTimeZone[4: America/Chicago, 2023-03-15 15:45 -0500]" classname="com.dotmarketing.portlets.contentlet.business.ContentletAPITest" time="1.329"/>
  <testcase name="setDateTimeFieldValueWithTimeZone[5: America/Los_Angeles, 2023-02-15 12:45 -0800]" classname="com.dotmarketing.portlets.contentlet.business.ContentletAPITest" time="1.284"/>
  <testcase name="setDateTimeFieldValueWithTimeZone[6: America/Los_Angeles, 2023-03-15 13:45 -0700]" classname="com.dotmarketing.portlets.contentlet.business.ContentletAPITest" time="1.359"/>
  <testcase name="testCheckin1_ExistingContentWithRels_NullRels_ShouldKeepExistingRels" classname="com.dotmarketing.portlets.contentlet.business.ContentletAPITest" time="1.54"/>
  <testcase name="test_findContentletByIdentifierOrFallback_existing_NonEnglish_WithSpanish_fallback_true_expecting_Spanish_true" classname="com.dotmarketing.portlets.contentlet.business.ContentletAPITest" time="1.536"/>
  <testcase name="destroy_content_locked_by_admin_by_other_admin_user" classname="com.dotmarketing.portlets.contentlet.business.ContentletAPITest" time="1.511"/>
  <testcase name="test_validateContentlet_wrong_size_expect_DotContentletValidationException" classname="com.dotmarketing.portlets.contentlet.business.ContentletAPITest" time="0.043"/>
  <testcase name="test_validateContentlet_wrong_mime_type_expect_DotContentletValidationException" classname="com.dotmarketing.portlets.contentlet.business.ContentletAPITest" time="0.066"/>
  <testcase name="run_listener_after_save_result_called_all_listeners" classname="com.dotmarketing.portlets.contentlet.business.ContentletAPITest" time="0.0">
    <skipped/>
  </testcase>
  <testcase name="testRemoveContentFromIndexMultilingualContent" classname="com.dotmarketing.portlets.contentlet.business.ContentletAPITest" time="0.413"/>
  <testcase name="test_getAllRelationships_checkOrdering" classname="com.dotmarketing.portlets.contentlet.business.ContentletAPITest" time="2.341"/>
  <testcase name="rangeQuery" classname="com.dotmarketing.portlets.contentlet.business.ContentletAPITest" time="2.314"/>
  <testcase name="findContentletByIdentifier" classname="com.dotmarketing.portlets.contentlet.business.ContentletAPITest" time="0.003"/>
  <testcase name="contentOnlyWithExpireFieldTest" classname="com.dotmarketing.portlets.contentlet.business.ContentletAPITest" time="1.381"/>
  <testcase name="publichWithToDifferentVarianst" classname="com.dotmarketing.portlets.contentlet.business.ContentletAPITest" time="1.988"/>
  <testcase name="deleteForAllVersions" classname="com.dotmarketing.portlets.contentlet.business.ContentletAPITest" time="1.342"/>
  <testcase name="getContentletReferencesForMonolingualPages" classname="com.dotmarketing.portlets.contentlet.business.ContentletAPITest" time="1.914"/>
  <testcase name="getAllRelationships" classname="com.dotmarketing.portlets.contentlet.business.ContentletAPITest" time="0.013"/>
  <testcase name="testCheckin1_ExistingContentWithCats_EmptyCatsList_ShouldWipeExistingCats" classname="com.dotmarketing.portlets.contentlet.business.ContentletAPITest" time="1.487"/>
  <testcase name="getContentletReferences_ReferencesByContentLang" classname="com.dotmarketing.portlets.contentlet.business.ContentletAPITest" time="1.277"/>
  <testcase name="getRelatedContent" classname="com.dotmarketing.portlets.contentlet.business.ContentletAPITest" time="0.601"/>
  <testcase name="testCheckin_Non_Existing_Identifier_With_Not_Validate_Success" classname="com.dotmarketing.portlets.contentlet.business.ContentletAPITest" time="1.218"/>
  <testcase name="Test_Copy_Metadata_On_CheckIn" classname="com.dotmarketing.portlets.contentlet.business.ContentletAPITest" time="1.403"/>
  <testcase name="testCheckinWithoutVersioning_ExistingContentWithRels_NullRels_ShouldKeepExistingRels" classname="com.dotmarketing.portlets.contentlet.business.ContentletAPITest" time="1.486"/>
  <testcase name="testCheckin2_ExistingContentWithRels_NullRels_ShouldKeepExistingRels" classname="com.dotmarketing.portlets.contentlet.business.ContentletAPITest" time="1.442"/>
  <testcase name="delete" classname="com.dotmarketing.portlets.contentlet.business.ContentletAPITest" time="1.306"/>
  <testcase name="archiveCollection" classname="com.dotmarketing.portlets.contentlet.business.ContentletAPITest" time="0.202"/>
  <testcase name="test_findContentletByIdentifierOrFallback_existing_English_version_no_Spanish_fallback_false_expecting_false" classname="com.dotmarketing.portlets.contentlet.business.ContentletAPITest" time="1.048"/>
  <testcase name="test_findContentletByIdentifierOrFallback_existing_EnglishSpanish_fallback_false_expecting_Spanish_true" classname="com.dotmarketing.portlets.contentlet.business.ContentletAPITest" time="1.183"/>
  <testcase name="findContentletsByFolder" classname="com.dotmarketing.portlets.contentlet.business.ContentletAPITest" time="0.587"/>
  <testcase name="delete_GivenUnarchivedContentAndDontValidateMeInTrue_ShouldDeleteSuccessfully" classname="com.dotmarketing.portlets.contentlet.business.ContentletAPITest" time="0.283"/>
  <testcase name="newFileAssetLanguageDifferentThanDefault" classname="com.dotmarketing.portlets.contentlet.business.ContentletAPITest" time="1.218"/>
  <testcase name="test_findContentletByIdentifierOrFallback_existing_English_No_Spanish_fallback_false_expecting_False" classname="com.dotmarketing.portlets.contentlet.business.ContentletAPITest" time="1.134"/>
  <testcase name="testMoveContentDependenciesFromParentSelfRelated" classname="com.dotmarketing.portlets.contentlet.business.ContentletAPITest" time="1.925"/>
  <testcase name="test_findContentletByIdentifierOrFallback_existing_DotContentletStateException_expected_true" classname="com.dotmarketing.portlets.contentlet.business.ContentletAPITest" time="1.054"/>
  <testcase name="deleteAllVersionsAndBackup" classname="com.dotmarketing.portlets.contentlet.business.ContentletAPITest" time="1.466"/>
  <testcase name="testDotAsset_Checkin" classname="com.dotmarketing.portlets.contentlet.business.ContentletAPITest" time="0.443"/>
  <testcase name="testCheckInContentletWithoutHost_shouldUseContentTypeHost" classname="com.dotmarketing.portlets.contentlet.business.ContentletAPITest" time="1.191"/>
  <testcase name="test_variant_present_in_document_id" classname="com.dotmarketing.portlets.contentlet.business.ContentletAPITest" time="1.321"/>
  <testcase name="clearDateTimeFieldValue[0: &lt;empty string&gt;]" classname="com.dotmarketing.portlets.contentlet.business.ContentletAPITest" time="1.293"/>
  <testcase name="clearDateTimeFieldValue[1: &lt;null&gt;]" classname="com.dotmarketing.portlets.contentlet.business.ContentletAPITest" time="1.264"/>
  <testcase name="widgetInvalidateAllLang" classname="com.dotmarketing.portlets.contentlet.business.ContentletAPITest" time="1.518"/>
  <testcase name="saveContentWithInvalidJSONField_ShouldThrowException" classname="com.dotmarketing.portlets.contentlet.business.ContentletAPITest" time="0.033"/>
  <testcase name="testCheckin1_ExistingContentWithCats_NullCats_ShouldKeepExistingCats" classname="com.dotmarketing.portlets.contentlet.business.ContentletAPITest" time="1.462"/>
  <testcase name="testCopyContentletDoesNotCopyWorkflowHistory" classname="com.dotmarketing.portlets.contentlet.business.ContentletAPITest" time="11.29"/>
  <testcase name="findContentletsByHost" classname="com.dotmarketing.portlets.contentlet.business.ContentletAPITest" time="0.014"/>
  <testcase name="testCheckinNoDefaultActions" classname="com.dotmarketing.portlets.contentlet.business.ContentletAPITest" time="1.658"/>
  <testcase name="search" classname="com.dotmarketing.portlets.contentlet.business.ContentletAPITest" time="0.003"/>
  <testcase name="testCheckin3_ExistingContentWithCats_EmptyCatsList_ShouldWipeExistingCats" classname="com.dotmarketing.portlets.contentlet.business.ContentletAPITest" time="1.413"/>
  <testcase name="saveContentWithValidJSONField_ShouldSucceed" classname="com.dotmarketing.portlets.contentlet.business.ContentletAPITest" time="1.169"/>
  <testcase name="Test_Move_Content_Different_Host_And_Folder_On_CheckIn" classname="com.dotmarketing.portlets.contentlet.business.ContentletAPITest" time="1.949"/>
  <testcase name="no_destroy_limited_content_locked_by_admin_by_limited_user" classname="com.dotmarketing.portlets.contentlet.business.ContentletAPITest" time="1.449"/>
  <testcase name="testCheckinDefaultActionsSkipBySettingActionId" classname="com.dotmarketing.portlets.contentlet.business.ContentletAPITest" time="1.734"/>
  <testcase name="archive" classname="com.dotmarketing.portlets.contentlet.business.ContentletAPITest" time="0.115"/>
  <testcase name="testCheckin3_ExistingContentWithRels_NullRels_ShouldKeepExistingRels" classname="com.dotmarketing.portlets.contentlet.business.ContentletAPITest" time="1.443"/>
  <testcase name="testCheckin4_ExistingContentWithRels_EmptyRels_ShouldWipeExistingRels" classname="com.dotmarketing.portlets.contentlet.business.ContentletAPITest" time="1.451"/>
  <testcase name="test_update_mod_date_contentlet_expect_success" classname="com.dotmarketing.portlets.contentlet.business.ContentletAPITest" time="1.064"/>
  <testcase name="test_findContentletByIdentifierOrFallback_existing_EnglishLive_WithSpanishWorking_fallback_true_expecting_SpanishWorking_true" classname="com.dotmarketing.portlets.contentlet.business.ContentletAPITest" time="1.868"/>
  <testcase name="deleteRelatedContentWithParent" classname="com.dotmarketing.portlets.contentlet.business.ContentletAPITest" time="1.607"/>
  <testcase name="searchIndex" classname="com.dotmarketing.portlets.contentlet.business.ContentletAPITest" time="0.003"/>
  <testcase name="test_findContentletByIdentifierOrFallback_existing_EnglishSpanish_fallback_true_expecting_Spanish_true" classname="com.dotmarketing.portlets.contentlet.business.ContentletAPITest" time="1.132"/>
  <testcase name="testContentWithTwoBinaryFieldsAndSameFile_afterCheckinShouldContainBothFields" classname="com.dotmarketing.portlets.contentlet.business.ContentletAPITest" time="0.368"/>
  <testcase name="publishCollection" classname="com.dotmarketing.portlets.contentlet.business.ContentletAPITest" time="0.151"/>
  <testcase name="test_validateContentlet_contentWithTabDividerField" classname="com.dotmarketing.portlets.contentlet.business.ContentletAPITest" time="1.225"/>
  <testcase name="findContentletByIdentifiers" classname="com.dotmarketing.portlets.contentlet.business.ContentletAPITest" time="0.003"/>
  <testcase name="testCheckinWithoutVersioning_ExistingContentWithCats_NullCats_ShouldKeepExistingCats" classname="com.dotmarketing.portlets.contentlet.business.ContentletAPITest" time="1.414"/>
  <testcase name="testMoveContentDependenciesFromChildSelfRelated" classname="com.dotmarketing.portlets.contentlet.business.ContentletAPITest" time="1.756"/>
  <testcase name="testCheckin2_ExistingContentWithCats_NullCats_ShouldKeepExistingCats" classname="com.dotmarketing.portlets.contentlet.business.ContentletAPITest" time="1.395"/>
  <testcase name="test_findContentletByIdentifierOrFallback_non_existing_DotContentletStateException_expected" classname="com.dotmarketing.portlets.contentlet.business.ContentletAPITest" time="0.001"/>
  <testcase name="publish" classname="com.dotmarketing.portlets.contentlet.business.ContentletAPITest" time="0.07"/>
  <testcase name="testUpdatePublishExpireDatesFromIdentifier" classname="com.dotmarketing.portlets.contentlet.business.ContentletAPITest" time="1.796"/>
  <testcase name="publishRelatedHtmlPages" classname="com.dotmarketing.portlets.contentlet.business.ContentletAPITest" time="0.003"/>
  <testcase name="cleanBinaryField" classname="com.dotmarketing.portlets.contentlet.business.ContentletAPITest" time="0.008"/>
  <testcase name="testCheckinDefaultActions" classname="com.dotmarketing.portlets.contentlet.business.ContentletAPITest" time="1.555"/>
  <testcase name="testCheckin4_ExistingContentWithRels_NullRels_ShouldKeepExistingRels" classname="com.dotmarketing.portlets.contentlet.business.ContentletAPITest" time="1.433"/>
  <testcase name="testSetTemplateForAPageMustKeepTheSameTemplateForWorkingVersionsOnly" classname="com.dotmarketing.portlets.contentlet.business.ContentletAPITest" time="0.849"/>
  <testcase name="getAllLanguages" classname="com.dotmarketing.portlets.contentlet.business.ContentletAPITest" time="9.11"/>
  <testcase name="find" classname="com.dotmarketing.portlets.contentlet.business.ContentletAPITest" time="0.0"/>
  <testcase name="isContentEqual" classname="com.dotmarketing.portlets.contentlet.business.ContentletAPITest" time="0.001"/>
  <testcase name="Test_Key_Value_As_Map_Test" classname="com.dotmarketing.portlets.contentlet.business.ContentletAPITest" time="2.516"/>
  <testcase name="test_findInDb_returns_properly" classname="com.dotmarketing.portlets.contentlet.business.ContentletAPITest" time="1.24"/>
  <testcase name="testMoveContentDependenciesFromParent" classname="com.dotmarketing.portlets.contentlet.business.ContentletAPITest" time="1.957"/>
  <testcase name="copyContentlet" classname="com.dotmarketing.portlets.contentlet.business.ContentletAPITest" time="1.364"/>
  <testcase name="TestCopyHTMLPageIncludesPersonalizedMultiTrees" classname="com.dotmarketing.portlets.contentlet.business.ContentletAPITest" time="6.098"/>
  <testcase name="testCheckinWithoutVersioning_ShouldDeletePreviousBinary_WhenBinaryIsUpdated" classname="com.dotmarketing.portlets.contentlet.business.ContentletAPITest" time="1.505"/>
  <testcase name="testCheckin_nullRequiredFieldValue[0: com.dotmarketing.portlets.contentlet.business.ContentletAPITest$TestCaseNullFieldvalues@7c27999e]" classname="com.dotmarketing.portlets.contentlet.business.ContentletAPITest" time="1.143"/>
  <testcase name="testCheckin_nullRequiredFieldValue[1: com.dotmarketing.portlets.contentlet.business.ContentletAPITest$TestCaseNullFieldvalues@29622fed]" classname="com.dotmarketing.portlets.contentlet.business.ContentletAPITest" time="1.191"/>
  <testcase name="testCheckin_nullRequiredFieldValue[2: com.dotmarketing.portlets.contentlet.business.ContentletAPITest$TestCaseNullFieldvalues@3b2cb473]" classname="com.dotmarketing.portlets.contentlet.business.ContentletAPITest" time="1.141"/>
  <testcase name="testCheckin_nullRequiredFieldValue[3: com.dotmarketing.portlets.contentlet.business.ContentletAPITest$TestCaseNullFieldvalues@3e734700]" classname="com.dotmarketing.portlets.contentlet.business.ContentletAPITest" time="1.142"/>
  <testcase name="testUniqueTextFieldWithDataTypeWholeNumber" classname="com.dotmarketing.portlets.contentlet.business.ContentletAPITest" time="1.507"/>
  <testcase name="testCheckin3_ExistingContentWithCats_NullCats_ShouldKeepExistingCats" classname="com.dotmarketing.portlets.contentlet.business.ContentletAPITest" time="1.409"/>
  <testcase name="getFieldValue" classname="com.dotmarketing.portlets.contentlet.business.ContentletAPITest" time="0.004"/>
  <testcase name="testDeletePageDefinedAsDetailPage" classname="com.dotmarketing.portlets.contentlet.business.ContentletAPITest" time="2.111"/>
  <testcase name="testSetTemplateForAPageMustKeepTheSameTemplateForWorkingVersionsNoLive" classname="com.dotmarketing.portlets.contentlet.business.ContentletAPITest" time="2.605"/>
  <testcase name="testCheckInWithSelfRelationInBothParentsAndChildren" classname="com.dotmarketing.portlets.contentlet.business.ContentletAPITest" time="1.846"/>
  <testcase name="getRelatedContentPullByParent" classname="com.dotmarketing.portlets.contentlet.business.ContentletAPITest" time="1.638"/>
  <testcase name="testContentCheckin_mapIncludeExpectedProperties" classname="com.dotmarketing.portlets.contentlet.business.ContentletAPITest" time="1.457"/>
  <testcase name="testMoveContentDependenciesFromChild" classname="com.dotmarketing.portlets.contentlet.business.ContentletAPITest" time="1.826"/>
  <testcase name="addRemoveContentFromIndex" classname="com.dotmarketing.portlets.contentlet.business.ContentletAPITest" time="1.322"/>
  <testcase name="test_invalidate_shorty_cache" classname="com.dotmarketing.portlets.contentlet.business.ContentletAPITest" time="1.652"/>
  <testcase name="testGetRelatedForSelfJoinsDoesNotCacheWhenPullByParentIsNull" classname="com.dotmarketing.portlets.contentlet.business.ContentletAPITest" time="1.823"/>
  <testcase name="testUniqueTextFieldContentlets[0: com.dotmarketing.portlets.contentlet.business.ContentletAPITest$testCaseUniqueTextField@7e58c239]" classname="com.dotmarketing.portlets.contentlet.business.ContentletAPITest" time="1.545"/>
  <testcase name="testUniqueTextFieldContentlets[1: com.dotmarketing.portlets.contentlet.business.ContentletAPITest$testCaseUniqueTextField@467d8758]" classname="com.dotmarketing.portlets.contentlet.business.ContentletAPITest" time="1.539"/>
  <testcase name="testUniqueTextFieldContentlets[2: com.dotmarketing.portlets.contentlet.business.ContentletAPITest$testCaseUniqueTextField@182c3cc8]" classname="com.dotmarketing.portlets.contentlet.business.ContentletAPITest" time="1.684"/>
  <testcase name="testUniqueTextFieldContentlets[3: com.dotmarketing.portlets.contentlet.business.ContentletAPITest$testCaseUniqueTextField@3cc3338a]" classname="com.dotmarketing.portlets.contentlet.business.ContentletAPITest" time="1.539"/>
  <testcase name="testUniqueTextFieldContentlets[4: com.dotmarketing.portlets.contentlet.business.ContentletAPITest$testCaseUniqueTextField@4b26721]" classname="com.dotmarketing.portlets.contentlet.business.ContentletAPITest" time="1.578"/>
  <testcase name="testUniqueTextFieldContentlets[5: com.dotmarketing.portlets.contentlet.business.ContentletAPITest$testCaseUniqueTextField@2edf77a8]" classname="com.dotmarketing.portlets.contentlet.business.ContentletAPITest" time="1.551"/>
  <testcase name="testUniqueTextFieldContentlets[6: com.dotmarketing.portlets.contentlet.business.ContentletAPITest$testCaseUniqueTextField@576cd4c7]" classname="com.dotmarketing.portlets.contentlet.business.ContentletAPITest" time="1.671"/>
  <testcase name="testUniqueTextFieldContentlets[7: com.dotmarketing.portlets.contentlet.business.ContentletAPITest$testCaseUniqueTextField@7296f2c3]" classname="com.dotmarketing.portlets.contentlet.business.ContentletAPITest" time="1.607"/>
  <testcase name="testUniqueTextFieldContentlets[8: com.dotmarketing.portlets.contentlet.business.ContentletAPITest$testCaseUniqueTextField@650a18df]" classname="com.dotmarketing.portlets.contentlet.business.ContentletAPITest" time="1.633"/>
  <testcase name="testCreateSelfJoinedRelationship_contentletAddedAsChild" classname="com.dotmarketing.portlets.contentlet.business.ContentletAPITest" time="1.713"/>
  <testcase name="copyContentletWithSeveralVersionsOrderIssue" classname="com.dotmarketing.portlets.contentlet.business.ContentletAPITest" time="6.594"/>
  <testcase name="unarchiveCollection" classname="com.dotmarketing.portlets.contentlet.business.ContentletAPITest" time="0.236"/>
  <testcase name="copyContentletWithFolder" classname="com.dotmarketing.portlets.contentlet.business.ContentletAPITest" time="1.382"/>
  <testcase name="test_findContentletByIdentifierOrFallback_existing_OnlySpanishWorking_fallback_true_expecting_English_true" classname="com.dotmarketing.portlets.contentlet.business.ContentletAPITest" time="0.219"/>
  <testcase name="test_findContentletByIdentifierOrFallback_existing_NonEnglish_WithSpanish_fallback_false_expecting_Spanish_true" classname="com.dotmarketing.portlets.contentlet.business.ContentletAPITest" time="1.056"/>
  <testcase name="testCheckin4_ExistingContentWithCats_NullCats_ShouldKeepExistingCats" classname="com.dotmarketing.portlets.contentlet.business.ContentletAPITest" time="1.489"/>
  <testcase name="testCheckin2_ExistingContentWithCats_EmptyCatsList_ShouldWipeExistingCats" classname="com.dotmarketing.portlets.contentlet.business.ContentletAPITest" time="1.456"/>
  <testcase name="unarchive" classname="com.dotmarketing.portlets.contentlet.business.ContentletAPITest" time="0.087"/>
  <testcase name="test_saveMultilingualFileAssetBasedOnLegacyFile_shouldKeepBinaryFile" classname="com.dotmarketing.portlets.contentlet.business.ContentletAPITest" time="0.0">
    <skipped/>
  </testcase>
  <testcase name="findContentlets" classname="com.dotmarketing.portlets.contentlet.business.ContentletAPITest" time="0.005"/>
  <testcase name="testCheckinWithoutVersioning_ShouldPreserveBinary_WhenOtherFieldsAreUpdated" classname="com.dotmarketing.portlets.contentlet.business.ContentletAPITest" time="1.583"/>
  <testcase name="deleteCollection" classname="com.dotmarketing.portlets.contentlet.business.ContentletAPITest" time="1.367"/>
  <testcase name="test_copyContentlet_contentletArchivedShouldCopyAsArchived" classname="com.dotmarketing.portlets.contentlet.business.ContentletAPITest" time="2.049"/>
  <testcase name="findContentletForLanguage" classname="com.dotmarketing.portlets.contentlet.business.ContentletAPITest" time="0.001"/>
  <testcase name="Test_Load_Field_Works_On_Contentlet_Saved_as_Json_Or_Saved_As_Columns" classname="com.dotmarketing.portlets.contentlet.business.ContentletAPITest" time="1.834"/>
  <testcase name="testCheckin3_ExistingContentWithRels_EmptyRels_ShouldWipeExistingRels" classname="com.dotmarketing.portlets.contentlet.business.ContentletAPITest" time="1.45"/>
  <testcase name="testCheckinDefaultActionsSkip" classname="com.dotmarketing.portlets.contentlet.business.ContentletAPITest" time="1.546"/>
  <testcase name="findByStructure" classname="com.dotmarketing.portlets.contentlet.business.ContentletAPITest" time="0.003"/>
  <testcase name="deleteMultipleContents" classname="com.dotmarketing.portlets.contentlet.business.ContentletAPITest" time="5.006"/>
  <testcase name="findAllContent" classname="com.dotmarketing.portlets.contentlet.business.ContentletAPITest" time="0.0">
    <skipped/>
  </testcase>
  <testcase name="findPageContentlets" classname="com.dotmarketing.portlets.contentlet.business.ContentletAPITest" time="0.001"/>
  <testcase name="getContentletReferences" classname="com.dotmarketing.portlets.contentlet.business.ContentletAPITest" time="2.783"/>
  <testcase name="copyContentletWithFolderAppendCopy" classname="com.dotmarketing.portlets.contentlet.business.ContentletAPITest" time="1.271"/>
  <testcase name="cleanTagField" classname="com.dotmarketing.portlets.contentlet.business.ContentletAPITest" time="0.009"/>
  <testcase name="saveContentWithExistingIdentifier" classname="com.dotmarketing.portlets.contentlet.business.ContentletAPITest" time="1.695"/>
  <testcase name="unpublish" classname="com.dotmarketing.portlets.contentlet.business.ContentletAPITest" time="0.091"/>
  <testcase name="testCheckin_Non_Existing_Identifier_With_Validate_Should_FAIL" classname="com.dotmarketing.portlets.contentlet.business.ContentletAPITest" time="0.024"/>
  <testcase name="copyContentletWithHost" classname="com.dotmarketing.portlets.contentlet.business.ContentletAPITest" time="1.303"/>
  <testcase name="testCheckinWithoutVersioning_ExistingContentWithCats_EmptyCats_ShouldWipeExistingCats" classname="com.dotmarketing.portlets.contentlet.business.ContentletAPITest" time="1.356"/>
  <testcase name="unpublishCollection" classname="com.dotmarketing.portlets.contentlet.business.ContentletAPITest" time="0.193"/>
  <testcase name="newVersionFileAssetLanguageDifferentThanDefault" classname="com.dotmarketing.portlets.contentlet.business.ContentletAPITest" time="1.393"/>
  <testcase name="testCheckinWithoutVersioning_ExistingContentWithRels_EmptyRels_ShouldWipeExistingRels" classname="com.dotmarketing.portlets.contentlet.business.ContentletAPITest" time="1.506"/>
  <testcase name="testCopyProperties_TypeWithTagField_shouldCopyTagFieldValue" classname="com.dotmarketing.portlets.contentlet.business.ContentletAPITest" time="1.174"/>
  <testcase name="testSearchFileAssetByMetadata" classname="com.dotmarketing.portlets.contentlet.business.ContentletAPITest" time="0.956"/>
  <testcase name="testCheckin4_ExistingContentWithCats_EmptyCatsList_ShouldWipeExistingCats" classname="com.dotmarketing.portlets.contentlet.business.ContentletAPITest" time="1.502"/>
  <testcase name="searchWithPermissions" classname="com.dotmarketing.portlets.contentlet.business.ContentletAPITest" time="0.005"/>
  <testcase name="getContentletReferences_PersonaIncluded" classname="com.dotmarketing.portlets.contentlet.business.ContentletAPITest" time="1.243"/>
  <testcase name="saveContentWithJSONField[0: ({} {}, {})]" classname="com.dotmarketing.portlets.contentlet.business.ContentletAPITest" time="1.189"/>
  <testcase name="saveContentWithJSONField[1: ({} LOL, {})]" classname="com.dotmarketing.portlets.contentlet.business.ContentletAPITest" time="1.195"/>
  <testcase name="getContentletReferences_FilterOutReferencesByContentLang" classname="com.dotmarketing.portlets.contentlet.business.ContentletAPITest" time="0.212"/>
  <testcase name="testDelete_GivenMultiLangMultiVersionContent_WhenDeletingOneSpanishVersion_ShouldDeleteAllSpanishVersions" classname="com.dotmarketing.portlets.contentlet.business.ContentletAPITest" time="2.154"/>
  <testcase name="test_getAllRelationships_checkOrdering_selfRelatedContentType" classname="com.dotmarketing.portlets.contentlet.business.ContentletAPITest" time="2.107"/>
  <testcase name="addLinkToContentlet" classname="com.dotmarketing.portlets.contentlet.business.ContentletAPITest" time="0.034"/>
  <testcase name="relateContent" classname="com.dotmarketing.portlets.contentlet.business.ContentletAPITest" time="1.602"/>
  <testcase name="findByStructureInode" classname="com.dotmarketing.portlets.contentlet.business.ContentletAPITest" time="0.003"/>
  <testcase name="testFileCopyOnSecondLanguageVersion" classname="com.dotmarketing.portlets.contentlet.business.ContentletAPITest" time="2.32"/>
  <testcase name="testUniqueTextFieldLiveAndWorkingWithDiffValues" classname="com.dotmarketing.portlets.contentlet.business.ContentletAPITest" time="3.66"/>
  <testcase name="test_validateContentlet_noErrors_whenRelationChainSameContentType" classname="com.dotmarketing.portlets.contentlet.business.ContentletAPITest" time="1.539"/>
  <testcase name="getAllRelationshipsByContentlet" classname="com.dotmarketing.portlets.contentlet.business.ContentletAPITest" time="1.656"/>
  <testcase name="relateContentDirect" classname="com.dotmarketing.portlets.contentlet.business.ContentletAPITest" time="1.563"/>
  <testcase name="testCheckin1_ExistingContentWithChildAndParentRels_NullRels_ShouldKeepExistingRels" classname="com.dotmarketing.portlets.contentlet.business.ContentletAPITest" time="2.393"/>
  <testcase name="test_findContentletByIdentifierOrFallback_existing_EnglishLive_WithSpanishWorking_fallback_true_expecting_English_true" classname="com.dotmarketing.portlets.contentlet.business.ContentletAPITest" time="1.983"/>
  <system-out><![CDATA[]]></system-out>
  <system-err><![CDATA[]]></system-err>
</testsuite>
