<?xml version="1.0" encoding="UTF-8"?>
<testsuite name="com.dotmarketing.portlets.structure.model.ContentletRelationshipsTest" tests="7" skipped="0" failures="0" errors="0" timestamp="2023-06-28T00:57:45" hostname="fv-az614-690" time="7.552">
  <properties/>
  <testcase name="testDoesAllowOnlyOne[0: com.dotmarketing.portlets.structure.model.ContentletRelationshipsTest$CardinalityTestCase@6de91102]" classname="com.dotmarketing.portlets.structure.model.ContentletRelationshipsTest" time="0.415"/>
  <testcase name="testDoesAllowOnlyOne[1: com.dotmarketing.portlets.structure.model.ContentletRelationshipsTest$CardinalityTestCase@7d515511]" classname="com.dotmarketing.portlets.structure.model.ContentletRelationshipsTest" time="0.45"/>
  <testcase name="testDoesAllowOnlyOne[2: com.dotmarketing.portlets.structure.model.ContentletRelationshipsTest$CardinalityTestCase@17992a1d]" classname="com.dotmarketing.portlets.structure.model.ContentletRelationshipsTest" time="0.418"/>
  <testcase name="testGetRelationshipRecords[0: com.dotmarketing.portlets.structure.model.ContentletRelationshipsTest$TestCase@447dde8b]" classname="com.dotmarketing.portlets.structure.model.ContentletRelationshipsTest" time="1.96"/>
  <testcase name="testGetRelationshipRecords[1: com.dotmarketing.portlets.structure.model.ContentletRelationshipsTest$TestCase@6139a607]" classname="com.dotmarketing.portlets.structure.model.ContentletRelationshipsTest" time="1.829"/>
  <testcase name="testGetRelationshipRecords[2: com.dotmarketing.portlets.structure.model.ContentletRelationshipsTest$TestCase@16b79eec]" classname="com.dotmarketing.portlets.structure.model.ContentletRelationshipsTest" time="0.725"/>
  <testcase name="testGetRelationshipRecords[3: com.dotmarketing.portlets.structure.model.ContentletRelationshipsTest$TestCase@48a087e5]" classname="com.dotmarketing.portlets.structure.model.ContentletRelationshipsTest" time="1.755"/>
  <system-out><![CDATA[]]></system-out>
  <system-err><![CDATA[]]></system-err>
</testsuite>
