<?xml version="1.0" encoding="UTF-8"?>
<testsuite name="com.dotcms.languagevariable.business.LanguageVariableAPITest" tests="6" skipped="0" failures="0" errors="0" timestamp="2023-06-30T21:40:19" hostname="fv-az162-235" time="8.478">
  <properties/>
  <testcase name="saveLanguageVariableContent" classname="com.dotcms.languagevariable.business.LanguageVariableAPITest" time="1.742"/>
  <testcase name="getLanguageVariableUsingFallbackLanguage" classname="com.dotcms.languagevariable.business.LanguageVariableAPITest" time="0.332"/>
  <testcase name="getLanguageVariableUsingDefaultContentToDefaultLanguage" classname="com.dotcms.languagevariable.business.LanguageVariableAPITest" time="1.344"/>
  <testcase name="getLanguageVariableWorkingVersion" classname="com.dotcms.languagevariable.business.LanguageVariableAPITest" time="2.561"/>
  <testcase name="getLanguageVariableLiveVersion" classname="com.dotcms.languagevariable.business.LanguageVariableAPITest" time="1.286"/>
  <testcase name="getLanguageVariable" classname="com.dotcms.languagevariable.business.LanguageVariableAPITest" time="1.212"/>
  <system-out><![CDATA[]]></system-out>
  <system-err><![CDATA[]]></system-err>
</testsuite>
