<?xml version="1.0" encoding="UTF-8"?>
<testsuite name="com.dotcms.contenttype.test.ContentResourceTest" tests="52" skipped="0" failures="0" errors="0" timestamp="2023-07-19T16:05:36" hostname="fv-az400-396" time="176.82">
  <properties/>
  <testcase name="testGetContentShouldReturnIconDetails" classname="com.dotcms.contenttype.test.ContentResourceTest" time="2.132"/>
  <testcase name="Test_Save_Action_Set_Words_To_Required_NumericField_Issue_15340" classname="com.dotcms.contenttype.test.ContentResourceTest" time="1.142"/>
  <testcase name="test_getContent_includeGrandChildCategory_success" classname="com.dotcms.contenttype.test.ContentResourceTest" time="1.725"/>
  <testcase name="testGetContentWithRelatedParameter[0: com.dotcms.contenttype.test.ContentResourceTest$PullRelatedTestCase@6dfca385]" classname="com.dotcms.contenttype.test.ContentResourceTest" time="4.105"/>
  <testcase name="testGetContentWithRelatedParameter[1: com.dotcms.contenttype.test.ContentResourceTest$PullRelatedTestCase@388362c4]" classname="com.dotcms.contenttype.test.ContentResourceTest" time="4.657"/>
  <testcase name="testGetContentWithRelatedParameter[2: com.dotcms.contenttype.test.ContentResourceTest$PullRelatedTestCase@37199ca8]" classname="com.dotcms.contenttype.test.ContentResourceTest" time="4.752"/>
  <testcase name="testGetContentWithRelatedParameter[3: com.dotcms.contenttype.test.ContentResourceTest$PullRelatedTestCase@2eebd610]" classname="com.dotcms.contenttype.test.ContentResourceTest" time="3.677"/>
  <testcase name="testGetContentWithRelatedParameter[4: com.dotcms.contenttype.test.ContentResourceTest$PullRelatedTestCase@2683b8c3]" classname="com.dotcms.contenttype.test.ContentResourceTest" time="5.017"/>
  <testcase name="test_getContent_SelfRelatedWith3LevelsOfDepth_shouldReturnRelationships" classname="com.dotcms.contenttype.test.ContentResourceTest" time="1.773"/>
  <testcase name="Test_Save_Action_Send_Fields_SubSet_Issue_15340" classname="com.dotcms.contenttype.test.ContentResourceTest" time="3.502"/>
  <testcase name="test_getContent_shouldReturnRelationships[0: com.dotcms.contenttype.test.ContentResourceTest$TestCase@5357b95]" classname="com.dotcms.contenttype.test.ContentResourceTest" time="3.757"/>
  <testcase name="test_getContent_shouldReturnRelationships[1: com.dotcms.contenttype.test.ContentResourceTest$TestCase@7eb24b47]" classname="com.dotcms.contenttype.test.ContentResourceTest" time="3.027"/>
  <testcase name="test_getContent_shouldReturnRelationships[2: com.dotcms.contenttype.test.ContentResourceTest$TestCase@e9959d7]" classname="com.dotcms.contenttype.test.ContentResourceTest" time="4.01"/>
  <testcase name="test_getContent_shouldReturnRelationships[3: com.dotcms.contenttype.test.ContentResourceTest$TestCase@3567ad67]" classname="com.dotcms.contenttype.test.ContentResourceTest" time="4.093"/>
  <testcase name="test_getContent_shouldReturnRelationships[4: com.dotcms.contenttype.test.ContentResourceTest$TestCase@1ba0918d]" classname="com.dotcms.contenttype.test.ContentResourceTest" time="4.086"/>
  <testcase name="test_getContent_shouldReturnRelationships[5: com.dotcms.contenttype.test.ContentResourceTest$TestCase@772409cd]" classname="com.dotcms.contenttype.test.ContentResourceTest" time="3.697"/>
  <testcase name="test_getContent_shouldReturnRelationships[6: com.dotcms.contenttype.test.ContentResourceTest$TestCase@3337b11f]" classname="com.dotcms.contenttype.test.ContentResourceTest" time="3.891"/>
  <testcase name="test_getContent_shouldReturnRelationships[7: com.dotcms.contenttype.test.ContentResourceTest$TestCase@3b332e8b]" classname="com.dotcms.contenttype.test.ContentResourceTest" time="3.82"/>
  <testcase name="test_getContent_shouldReturnRelationships[8: com.dotcms.contenttype.test.ContentResourceTest$TestCase@2400fc99]" classname="com.dotcms.contenttype.test.ContentResourceTest" time="3.052"/>
  <testcase name="test_getContent_shouldReturnRelationships[9: com.dotcms.contenttype.test.ContentResourceTest$TestCase@733df3b5]" classname="com.dotcms.contenttype.test.ContentResourceTest" time="3.839"/>
  <testcase name="test_getContent_shouldReturnRelationships[10: com.dotcms.contenttype.test.ContentResourceTest$TestCase@7d0c0b84]" classname="com.dotcms.contenttype.test.ContentResourceTest" time="3.857"/>
  <testcase name="test_getContent_shouldReturnRelationships[11: com.dotcms.contenttype.test.ContentResourceTest$TestCase@5fe925d8]" classname="com.dotcms.contenttype.test.ContentResourceTest" time="3.533"/>
  <testcase name="test_getContent_shouldReturnRelationships[12: com.dotcms.contenttype.test.ContentResourceTest$TestCase@7c2efe88]" classname="com.dotcms.contenttype.test.ContentResourceTest" time="3.433"/>
  <testcase name="test_getContent_shouldReturnRelationships[13: com.dotcms.contenttype.test.ContentResourceTest$TestCase@60120ae3]" classname="com.dotcms.contenttype.test.ContentResourceTest" time="2.346"/>
  <testcase name="test_getContent_shouldReturnRelationships[14: com.dotcms.contenttype.test.ContentResourceTest$TestCase@7ddf6d4e]" classname="com.dotcms.contenttype.test.ContentResourceTest" time="3.426"/>
  <testcase name="test_getContent_shouldReturnRelationships[15: com.dotcms.contenttype.test.ContentResourceTest$TestCase@6b0e40c8]" classname="com.dotcms.contenttype.test.ContentResourceTest" time="4.515"/>
  <testcase name="test_getContent_shouldReturnRelationships[16: com.dotcms.contenttype.test.ContentResourceTest$TestCase@60df299f]" classname="com.dotcms.contenttype.test.ContentResourceTest" time="3.913"/>
  <testcase name="test_getContent_shouldReturnRelationships[17: com.dotcms.contenttype.test.ContentResourceTest$TestCase@10ea7275]" classname="com.dotcms.contenttype.test.ContentResourceTest" time="3.854"/>
  <testcase name="test_getContent_shouldReturnRelationships[18: com.dotcms.contenttype.test.ContentResourceTest$TestCase@16d9d83b]" classname="com.dotcms.contenttype.test.ContentResourceTest" time="3.916"/>
  <testcase name="test_getContent_shouldReturnRelationships[19: com.dotcms.contenttype.test.ContentResourceTest$TestCase@fc8c228]" classname="com.dotcms.contenttype.test.ContentResourceTest" time="3.558"/>
  <testcase name="test_getContent_shouldReturnRelationships[20: com.dotcms.contenttype.test.ContentResourceTest$TestCase@16c2919f]" classname="com.dotcms.contenttype.test.ContentResourceTest" time="2.934"/>
  <testcase name="test_getContent_shouldReturnRelationships[21: com.dotcms.contenttype.test.ContentResourceTest$TestCase@55f830e8]" classname="com.dotcms.contenttype.test.ContentResourceTest" time="3.199"/>
  <testcase name="test_getContent_shouldReturnRelationships[22: com.dotcms.contenttype.test.ContentResourceTest$TestCase@db8226c]" classname="com.dotcms.contenttype.test.ContentResourceTest" time="3.685"/>
  <testcase name="test_getContent_shouldReturnRelationships[23: com.dotcms.contenttype.test.ContentResourceTest$TestCase@44a87871]" classname="com.dotcms.contenttype.test.ContentResourceTest" time="3.686"/>
  <testcase name="test_getContent_shouldReturnRelationships[24: com.dotcms.contenttype.test.ContentResourceTest$TestCase@46e44712]" classname="com.dotcms.contenttype.test.ContentResourceTest" time="3.663"/>
  <testcase name="test_getContent_shouldReturnRelationships[25: com.dotcms.contenttype.test.ContentResourceTest$TestCase@520f5056]" classname="com.dotcms.contenttype.test.ContentResourceTest" time="3.949"/>
  <testcase name="test_getContent_shouldReturnRelationships[26: com.dotcms.contenttype.test.ContentResourceTest$TestCase@1e68b339]" classname="com.dotcms.contenttype.test.ContentResourceTest" time="4.24"/>
  <testcase name="test_getContent_shouldReturnRelationships[27: com.dotcms.contenttype.test.ContentResourceTest$TestCase@19843b75]" classname="com.dotcms.contenttype.test.ContentResourceTest" time="2.719"/>
  <testcase name="test_getContent_shouldReturnRelationships[28: com.dotcms.contenttype.test.ContentResourceTest$TestCase@7dbc3380]" classname="com.dotcms.contenttype.test.ContentResourceTest" time="3.954"/>
  <testcase name="test_getContent_shouldReturnRelationships[29: com.dotcms.contenttype.test.ContentResourceTest$TestCase@55194181]" classname="com.dotcms.contenttype.test.ContentResourceTest" time="3.655"/>
  <testcase name="test_getContent_shouldReturnRelationships[30: com.dotcms.contenttype.test.ContentResourceTest$TestCase@e33d160]" classname="com.dotcms.contenttype.test.ContentResourceTest" time="3.69"/>
  <testcase name="test_getContent_shouldReturnRelationships[31: com.dotcms.contenttype.test.ContentResourceTest$TestCase@36541c40]" classname="com.dotcms.contenttype.test.ContentResourceTest" time="3.729"/>
  <testcase name="test_getContent_shouldReturnRelationships[32: com.dotcms.contenttype.test.ContentResourceTest$TestCase@2a680939]" classname="com.dotcms.contenttype.test.ContentResourceTest" time="4.974"/>
  <testcase name="test_getContent_shouldReturnRelationships[33: com.dotcms.contenttype.test.ContentResourceTest$TestCase@356250bc]" classname="com.dotcms.contenttype.test.ContentResourceTest" time="5.091"/>
  <testcase name="testSinglePOST_InvalidParamsShouldReturn400[0: ({\n    &quot;stInode&quot; : &quot;InvalidValue&quot;,\n    &quot;numeric&quot; : &quot;0&quot;,\n    &quot;image&quot; : &quot;whatever&quot;\n}, Bad Request)]" classname="com.dotcms.contenttype.test.ContentResourceTest" time="1.177"/>
  <testcase name="testSinglePOST_InvalidParamsShouldReturn400[1: ({\n    &quot;numeric&quot; : &quot;0&quot;,\n    &quot;image&quot; : &quot;whatever&quot;\n}, Bad Request)]" classname="com.dotcms.contenttype.test.ContentResourceTest" time="1.084"/>
  <testcase name="Test_Save_Action_Set_Null_To_Required_NumericField_Issue_15340" classname="com.dotcms.contenttype.test.ContentResourceTest" time="1.138"/>
  <testcase name="Test_Save_Action_Remove_Image_Then_Verify_Fields_Were_Cleared_Issue_15340" classname="com.dotcms.contenttype.test.ContentResourceTest" time="3.6"/>
  <testcase name="test_getContentWithMultipleSelfRelated_shouldReturnRelationships[0: com.dotcms.contenttype.test.ContentResourceTest$PullSelfRelatedTestCase@336a8154]" classname="com.dotcms.contenttype.test.ContentResourceTest" time="2.283"/>
  <testcase name="test_getContentWithMultipleSelfRelated_shouldReturnRelationships[1: com.dotcms.contenttype.test.ContentResourceTest$PullSelfRelatedTestCase@592167c1]" classname="com.dotcms.contenttype.test.ContentResourceTest" time="2.211"/>
  <testcase name="testGetContentWithAllCategoriesInfo[0: json]" classname="com.dotcms.contenttype.test.ContentResourceTest" time="2.968"/>
  <testcase name="testGetContentWithAllCategoriesInfo[1: xml]" classname="com.dotcms.contenttype.test.ContentResourceTest" time="3.079"/>
  <system-out><![CDATA[











]]></system-out>
  <system-err><![CDATA[]]></system-err>
</testsuite>
