<?xml version="1.0" encoding="UTF-8"?>
<testsuite name="com.dotmarketing.servlets.ajax.AjaxDirectorServletIntegrationTest" tests="2" skipped="0" failures="0" errors="0" timestamp="2023-06-29T22:35:04" hostname="fv-az180-30" time="2.056">
  <properties/>
  <testcase name="testService[0: com.dotmarketing.servlets.ajax.AjaxDirectorServletTestCase@541880ca]" classname="com.dotmarketing.servlets.ajax.AjaxDirectorServletIntegrationTest" time="0.907"/>
  <testcase name="testService[1: com.dotmarketing.servlets.ajax.AjaxDirectorServletTestCase@d34054e]" classname="com.dotmarketing.servlets.ajax.AjaxDirectorServletIntegrationTest" time="1.149"/>
  <system-out><![CDATA[]]></system-out>
  <system-err><![CDATA[]]></system-err>
</testsuite>
