<?xml version="1.0" encoding="UTF-8"?>
<testsuite name="com.dotcms.publishing.PublisherAPIImplTest" tests="24" skipped="0" failures="0" errors="0" timestamp="2023-06-23T22:30:12" hostname="fv-az444-739" time="4.824">
  <properties/>
  <testcase name="AddAllCategoryIntoBundle" classname="com.dotcms.publishing.PublisherAPIImplTest" time="0.385"/>
  <testcase name="testFilterDescriptors" classname="com.dotcms.publishing.PublisherAPIImplTest" time="0.117"/>
  <testcase name="sendPushPublishBundle[0: com.dotcms.publishing.PublisherAPIImplTest$TestAsset@321f63e7]" classname="com.dotcms.publishing.PublisherAPIImplTest" time="1.373"/>
  <testcase name="sendPushPublishBundle[1: com.dotcms.publishing.PublisherAPIImplTest$TestAsset@646f494]" classname="com.dotcms.publishing.PublisherAPIImplTest" time="0.206"/>
  <testcase name="sendPushPublishBundle[2: com.dotcms.publishing.PublisherAPIImplTest$TestAsset@59d98247]" classname="com.dotcms.publishing.PublisherAPIImplTest" time="0.194"/>
  <testcase name="sendPushPublishBundle[3: com.dotcms.publishing.PublisherAPIImplTest$TestAsset@2343e324]" classname="com.dotcms.publishing.PublisherAPIImplTest" time="0.29"/>
  <testcase name="sendPushPublishBundle[4: com.dotcms.publishing.PublisherAPIImplTest$TestAsset@6a8aacf0]" classname="com.dotcms.publishing.PublisherAPIImplTest" time="0.276"/>
  <testcase name="sendPushPublishBundle[5: com.dotcms.publishing.PublisherAPIImplTest$TestAsset@5b591761]" classname="com.dotcms.publishing.PublisherAPIImplTest" time="0.277"/>
  <testcase name="sendPushPublishBundle[6: com.dotcms.publishing.PublisherAPIImplTest$TestAsset@4e076df7]" classname="com.dotcms.publishing.PublisherAPIImplTest" time="0.179"/>
  <testcase name="sendPushPublishBundle[7: com.dotcms.publishing.PublisherAPIImplTest$TestAsset@72e1edd0]" classname="com.dotcms.publishing.PublisherAPIImplTest" time="0.103"/>
  <testcase name="sendPushPublishBundle[8: com.dotcms.publishing.PublisherAPIImplTest$TestAsset@4d332250]" classname="com.dotcms.publishing.PublisherAPIImplTest" time="0.089"/>
  <testcase name="sendPushPublishBundle[9: com.dotcms.publishing.PublisherAPIImplTest$TestAsset@5e42d688]" classname="com.dotcms.publishing.PublisherAPIImplTest" time="0.151"/>
  <testcase name="sendPushPublishBundle[10: com.dotcms.publishing.PublisherAPIImplTest$TestAsset@2bdf7062]" classname="com.dotcms.publishing.PublisherAPIImplTest" time="0.056"/>
  <testcase name="generateBundle[0: com.dotcms.publishing.PublisherAPIImplTest$TestAsset@321f63e7]" classname="com.dotcms.publishing.PublisherAPIImplTest" time="0.095"/>
  <testcase name="generateBundle[1: com.dotcms.publishing.PublisherAPIImplTest$TestAsset@646f494]" classname="com.dotcms.publishing.PublisherAPIImplTest" time="0.087"/>
  <testcase name="generateBundle[2: com.dotcms.publishing.PublisherAPIImplTest$TestAsset@59d98247]" classname="com.dotcms.publishing.PublisherAPIImplTest" time="0.078"/>
  <testcase name="generateBundle[3: com.dotcms.publishing.PublisherAPIImplTest$TestAsset@2343e324]" classname="com.dotcms.publishing.PublisherAPIImplTest" time="0.141"/>
  <testcase name="generateBundle[4: com.dotcms.publishing.PublisherAPIImplTest$TestAsset@6a8aacf0]" classname="com.dotcms.publishing.PublisherAPIImplTest" time="0.136"/>
  <testcase name="generateBundle[5: com.dotcms.publishing.PublisherAPIImplTest$TestAsset@5b591761]" classname="com.dotcms.publishing.PublisherAPIImplTest" time="0.079"/>
  <testcase name="generateBundle[6: com.dotcms.publishing.PublisherAPIImplTest$TestAsset@4e076df7]" classname="com.dotcms.publishing.PublisherAPIImplTest" time="0.109"/>
  <testcase name="generateBundle[7: com.dotcms.publishing.PublisherAPIImplTest$TestAsset@72e1edd0]" classname="com.dotcms.publishing.PublisherAPIImplTest" time="0.105"/>
  <testcase name="generateBundle[8: com.dotcms.publishing.PublisherAPIImplTest$TestAsset@4d332250]" classname="com.dotcms.publishing.PublisherAPIImplTest" time="0.131"/>
  <testcase name="generateBundle[9: com.dotcms.publishing.PublisherAPIImplTest$TestAsset@5e42d688]" classname="com.dotcms.publishing.PublisherAPIImplTest" time="0.137"/>
  <testcase name="generateBundle[10: com.dotcms.publishing.PublisherAPIImplTest$TestAsset@2bdf7062]" classname="com.dotcms.publishing.PublisherAPIImplTest" time="0.017"/>
  <system-out><![CDATA[









































































































































































]]></system-out>
  <system-err><![CDATA[]]></system-err>
</testsuite>
