<?xml version="1.0" encoding="UTF-8"?>
<testsuite name="com.dotmarketing.startup.runonce.Task05160MultiTreeAddPersonalizationColumnAndChangingPKTest" tests="1" skipped="1" failures="0" errors="0" timestamp="2023-07-14T16:02:52" hostname="fv-az364-103" time="0.001">
  <properties/>
  <testcase name="testExecuteUpgrade" classname="com.dotmarketing.startup.runonce.Task05160MultiTreeAddPersonalizationColumnAndChangingPKTest" time="0.001">
    <skipped/>
  </testcase>
  <system-out><![CDATA[]]></system-out>
  <system-err><![CDATA[]]></system-err>
</testsuite>
