<?xml version="1.0" encoding="UTF-8"?>
<testsuite name="com.dotcms.publishing.manifest.CSVManifestBuilderTest" tests="34" skipped="0" failures="0" errors="0" timestamp="2023-07-19T19:17:35" hostname="fv-az615-953" time="0.133">
  <properties/>
  <testcase name="exclude[0: com.dotcms.publishing.manifest.CSVManifestBuilderTest$TestCase@9c78e9e]" classname="com.dotcms.publishing.manifest.CSVManifestBuilderTest" time="0.003"/>
  <testcase name="exclude[1: com.dotcms.publishing.manifest.CSVManifestBuilderTest$TestCase@40f9fe6e]" classname="com.dotcms.publishing.manifest.CSVManifestBuilderTest" time="0.001"/>
  <testcase name="exclude[2: com.dotcms.publishing.manifest.CSVManifestBuilderTest$TestCase@44c31a51]" classname="com.dotcms.publishing.manifest.CSVManifestBuilderTest" time="0.001"/>
  <testcase name="exclude[3: com.dotcms.publishing.manifest.CSVManifestBuilderTest$TestCase@24c70ed0]" classname="com.dotcms.publishing.manifest.CSVManifestBuilderTest" time="0.001"/>
  <testcase name="exclude[4: com.dotcms.publishing.manifest.CSVManifestBuilderTest$TestCase@11c1c7a8]" classname="com.dotcms.publishing.manifest.CSVManifestBuilderTest" time="0.002"/>
  <testcase name="exclude[5: com.dotcms.publishing.manifest.CSVManifestBuilderTest$TestCase@1ec45170]" classname="com.dotcms.publishing.manifest.CSVManifestBuilderTest" time="0.004"/>
  <testcase name="exclude[6: com.dotcms.publishing.manifest.CSVManifestBuilderTest$TestCase@4289c16b]" classname="com.dotcms.publishing.manifest.CSVManifestBuilderTest" time="0.002"/>
  <testcase name="exclude[7: com.dotcms.publishing.manifest.CSVManifestBuilderTest$TestCase@5e24e664]" classname="com.dotcms.publishing.manifest.CSVManifestBuilderTest" time="0.001"/>
  <testcase name="exclude[8: com.dotcms.publishing.manifest.CSVManifestBuilderTest$TestCase@4147868f]" classname="com.dotcms.publishing.manifest.CSVManifestBuilderTest" time="0.001"/>
  <testcase name="exclude[9: com.dotcms.publishing.manifest.CSVManifestBuilderTest$TestCase@7db41006]" classname="com.dotcms.publishing.manifest.CSVManifestBuilderTest" time="0.001"/>
  <testcase name="exclude[10: com.dotcms.publishing.manifest.CSVManifestBuilderTest$TestCase@71ba1442]" classname="com.dotcms.publishing.manifest.CSVManifestBuilderTest" time="0.001"/>
  <testcase name="exclude[11: com.dotcms.publishing.manifest.CSVManifestBuilderTest$TestCase@854cbd7]" classname="com.dotcms.publishing.manifest.CSVManifestBuilderTest" time="0.001"/>
  <testcase name="exclude[12: com.dotcms.publishing.manifest.CSVManifestBuilderTest$TestCase@755a57ac]" classname="com.dotcms.publishing.manifest.CSVManifestBuilderTest" time="0.001"/>
  <testcase name="exclude[13: com.dotcms.publishing.manifest.CSVManifestBuilderTest$TestCase@28335d21]" classname="com.dotcms.publishing.manifest.CSVManifestBuilderTest" time="0.001"/>
  <testcase name="exclude[14: com.dotcms.publishing.manifest.CSVManifestBuilderTest$TestCase@98a5461]" classname="com.dotcms.publishing.manifest.CSVManifestBuilderTest" time="0.001"/>
  <testcase name="emptyManifestFile" classname="com.dotcms.publishing.manifest.CSVManifestBuilderTest" time="0.001"/>
  <testcase name="addHeader" classname="com.dotcms.publishing.manifest.CSVManifestBuilderTest" time="0.045"/>
  <testcase name="callAddHeaderAfterInclude" classname="com.dotcms.publishing.manifest.CSVManifestBuilderTest" time="0.021"/>
  <testcase name="include[0: com.dotcms.publishing.manifest.CSVManifestBuilderTest$TestCase@9c78e9e]" classname="com.dotcms.publishing.manifest.CSVManifestBuilderTest" time="0.001"/>
  <testcase name="include[1: com.dotcms.publishing.manifest.CSVManifestBuilderTest$TestCase@40f9fe6e]" classname="com.dotcms.publishing.manifest.CSVManifestBuilderTest" time="0.001"/>
  <testcase name="include[2: com.dotcms.publishing.manifest.CSVManifestBuilderTest$TestCase@44c31a51]" classname="com.dotcms.publishing.manifest.CSVManifestBuilderTest" time="0.001"/>
  <testcase name="include[3: com.dotcms.publishing.manifest.CSVManifestBuilderTest$TestCase@24c70ed0]" classname="com.dotcms.publishing.manifest.CSVManifestBuilderTest" time="0.001"/>
  <testcase name="include[4: com.dotcms.publishing.manifest.CSVManifestBuilderTest$TestCase@11c1c7a8]" classname="com.dotcms.publishing.manifest.CSVManifestBuilderTest" time="0.001"/>
  <testcase name="include[5: com.dotcms.publishing.manifest.CSVManifestBuilderTest$TestCase@1ec45170]" classname="com.dotcms.publishing.manifest.CSVManifestBuilderTest" time="0.003"/>
  <testcase name="include[6: com.dotcms.publishing.manifest.CSVManifestBuilderTest$TestCase@4289c16b]" classname="com.dotcms.publishing.manifest.CSVManifestBuilderTest" time="0.001"/>
  <testcase name="include[7: com.dotcms.publishing.manifest.CSVManifestBuilderTest$TestCase@5e24e664]" classname="com.dotcms.publishing.manifest.CSVManifestBuilderTest" time="0.001"/>
  <testcase name="include[8: com.dotcms.publishing.manifest.CSVManifestBuilderTest$TestCase@4147868f]" classname="com.dotcms.publishing.manifest.CSVManifestBuilderTest" time="0.001"/>
  <testcase name="include[9: com.dotcms.publishing.manifest.CSVManifestBuilderTest$TestCase@7db41006]" classname="com.dotcms.publishing.manifest.CSVManifestBuilderTest" time="0.001"/>
  <testcase name="include[10: com.dotcms.publishing.manifest.CSVManifestBuilderTest$TestCase@71ba1442]" classname="com.dotcms.publishing.manifest.CSVManifestBuilderTest" time="0.002"/>
  <testcase name="include[11: com.dotcms.publishing.manifest.CSVManifestBuilderTest$TestCase@854cbd7]" classname="com.dotcms.publishing.manifest.CSVManifestBuilderTest" time="0.002"/>
  <testcase name="include[12: com.dotcms.publishing.manifest.CSVManifestBuilderTest$TestCase@755a57ac]" classname="com.dotcms.publishing.manifest.CSVManifestBuilderTest" time="0.001"/>
  <testcase name="include[13: com.dotcms.publishing.manifest.CSVManifestBuilderTest$TestCase@28335d21]" classname="com.dotcms.publishing.manifest.CSVManifestBuilderTest" time="0.001"/>
  <testcase name="include[14: com.dotcms.publishing.manifest.CSVManifestBuilderTest$TestCase@98a5461]" classname="com.dotcms.publishing.manifest.CSVManifestBuilderTest" time="0.001"/>
  <testcase name="callAddHeaderAfterExclude" classname="com.dotcms.publishing.manifest.CSVManifestBuilderTest" time="0.023"/>
  <system-out><![CDATA[]]></system-out>
  <system-err><![CDATA[]]></system-err>
</testsuite>
