<?xml version="1.0" encoding="UTF-8"?>
<testsuite name="com.dotcms.rest.elasticsearch.ESContentResourcePortletTest" tests="8" skipped="0" failures="0" errors="0" timestamp="2023-06-28T16:56:02" hostname="fv-az790-106" time="7.824">
  <properties/>
  <testcase name="test_search_includeGrandChildCategory_success" classname="com.dotcms.rest.elasticsearch.ESContentResourcePortletTest" time="1.407"/>
  <testcase name="testSearch[0: com.dotcms.rest.elasticsearch.ESContentResourcePortletTest$TestCase@44fff260]" classname="com.dotcms.rest.elasticsearch.ESContentResourcePortletTest" time="0.942"/>
  <testcase name="testSearch[1: com.dotcms.rest.elasticsearch.ESContentResourcePortletTest$TestCase@228de544]" classname="com.dotcms.rest.elasticsearch.ESContentResourcePortletTest" time="1.213"/>
  <testcase name="testSearch[2: com.dotcms.rest.elasticsearch.ESContentResourcePortletTest$TestCase@a707be5]" classname="com.dotcms.rest.elasticsearch.ESContentResourcePortletTest" time="0.948"/>
  <testcase name="testSearch[3: com.dotcms.rest.elasticsearch.ESContentResourcePortletTest$TestCase@5712b8b8]" classname="com.dotcms.rest.elasticsearch.ESContentResourcePortletTest" time="0.216"/>
  <testcase name="testSearch[4: com.dotcms.rest.elasticsearch.ESContentResourcePortletTest$TestCase@6cc53cc8]" classname="com.dotcms.rest.elasticsearch.ESContentResourcePortletTest" time="1.26"/>
  <testcase name="testSearch[5: com.dotcms.rest.elasticsearch.ESContentResourcePortletTest$TestCase@21af53d1]" classname="com.dotcms.rest.elasticsearch.ESContentResourcePortletTest" time="0.93"/>
  <testcase name="testSearch[6: com.dotcms.rest.elasticsearch.ESContentResourcePortletTest$TestCase@2809bb52]" classname="com.dotcms.rest.elasticsearch.ESContentResourcePortletTest" time="0.907"/>
  <system-out><![CDATA[]]></system-out>
  <system-err><![CDATA[]]></system-err>
</testsuite>
