<?xml version="1.0" encoding="UTF-8"?>
<testsuite name="com.dotmarketing.portlets.structure.model.ContentletRelationshipsTest" tests="7" skipped="0" failures="0" errors="0" timestamp="2023-07-06T18:17:36" hostname="fv-az749-409" time="7.289">
  <properties/>
  <testcase name="testDoesAllowOnlyOne[0: com.dotmarketing.portlets.structure.model.ContentletRelationshipsTest$CardinalityTestCase@7798eb16]" classname="com.dotmarketing.portlets.structure.model.ContentletRelationshipsTest" time="0.536"/>
  <testcase name="testDoesAllowOnlyOne[1: com.dotmarketing.portlets.structure.model.ContentletRelationshipsTest$CardinalityTestCase@9cdb156]" classname="com.dotmarketing.portlets.structure.model.ContentletRelationshipsTest" time="0.465"/>
  <testcase name="testDoesAllowOnlyOne[2: com.dotmarketing.portlets.structure.model.ContentletRelationshipsTest$CardinalityTestCase@3830d648]" classname="com.dotmarketing.portlets.structure.model.ContentletRelationshipsTest" time="0.5"/>
  <testcase name="testGetRelationshipRecords[0: com.dotmarketing.portlets.structure.model.ContentletRelationshipsTest$TestCase@54ff83f4]" classname="com.dotmarketing.portlets.structure.model.ContentletRelationshipsTest" time="1.074"/>
  <testcase name="testGetRelationshipRecords[1: com.dotmarketing.portlets.structure.model.ContentletRelationshipsTest$TestCase@640f1226]" classname="com.dotmarketing.portlets.structure.model.ContentletRelationshipsTest" time="1.011"/>
  <testcase name="testGetRelationshipRecords[2: com.dotmarketing.portlets.structure.model.ContentletRelationshipsTest$TestCase@2c58f0]" classname="com.dotmarketing.portlets.structure.model.ContentletRelationshipsTest" time="1.858"/>
  <testcase name="testGetRelationshipRecords[3: com.dotmarketing.portlets.structure.model.ContentletRelationshipsTest$TestCase@3e104c2b]" classname="com.dotmarketing.portlets.structure.model.ContentletRelationshipsTest" time="1.844"/>
  <system-out><![CDATA[]]></system-out>
  <system-err><![CDATA[]]></system-err>
</testsuite>
