<?xml version="1.0" encoding="UTF-8"?>
<testsuite name="com.dotmarketing.common.db.DBTimeZoneCheckTest" tests="1" skipped="0" failures="0" errors="0" timestamp="2023-06-23T22:20:59" hostname="fv-az551-628" time="0.039">
  <properties/>
  <testcase name="test_timezones_work" classname="com.dotmarketing.common.db.DBTimeZoneCheckTest" time="0.039"/>
  <system-out><![CDATA[]]></system-out>
  <system-err><![CDATA[]]></system-err>
</testsuite>
