<?xml version="1.0" encoding="UTF-8"?>
<testsuite name="com.dotcms.publishing.PushPublishFiltersInitializerTest" tests="6" skipped="0" failures="0" errors="0" timestamp="2023-06-23T19:43:29" hostname="fv-az162-375" time="0.033">
  <properties/>
  <testcase name="test_loadFilter_BooleanPropertyValueSetNumber_filterIsNotAdded" classname="com.dotcms.publishing.PushPublishFiltersInitializerTest" time="0.004"/>
  <testcase name="test_loadFilter_success" classname="com.dotcms.publishing.PushPublishFiltersInitializerTest" time="0.004"/>
  <testcase name="test_loadFilter_RequiredPropertyNull_filterIsNotAdded" classname="com.dotcms.publishing.PushPublishFiltersInitializerTest" time="0.003"/>
  <testcase name="test_loadFilter_BooleanPropertyValueSetToAnyOtherString_filterIsNotAdded" classname="com.dotcms.publishing.PushPublishFiltersInitializerTest" time="0.004"/>
  <testcase name="test_loadFilter_YAMLFileEmpty_otherFiltersLoadSuccessfully" classname="com.dotcms.publishing.PushPublishFiltersInitializerTest" time="0.007"/>
  <testcase name="test_loadFilter_AddPropertyNotExpected_filterIsNotAdded" classname="com.dotcms.publishing.PushPublishFiltersInitializerTest" time="0.011"/>
  <system-out><![CDATA[]]></system-out>
  <system-err><![CDATA[]]></system-err>
</testsuite>
