<?xml version="1.0" encoding="UTF-8"?>
<testsuite name="com.dotcms.rest.api.v1.vtl.VTLResourceIntegrationTest" tests="6" skipped="0" failures="0" errors="0" timestamp="2023-06-23T17:01:10" hostname="fv-az1098-397" time="11.052">
  <properties/>
  <testcase name="testGet[0: com.dotcms.rest.api.v1.vtl.VTLResourceTestCase@5a0a782c]" classname="com.dotcms.rest.api.v1.vtl.VTLResourceIntegrationTest" time="2.093"/>
  <testcase name="testGet[1: com.dotcms.rest.api.v1.vtl.VTLResourceTestCase@18a2af27]" classname="com.dotcms.rest.api.v1.vtl.VTLResourceIntegrationTest" time="2.075"/>
  <testcase name="testGet[2: com.dotcms.rest.api.v1.vtl.VTLResourceTestCase@77122df8]" classname="com.dotcms.rest.api.v1.vtl.VTLResourceIntegrationTest" time="1.034"/>
  <testcase name="testGet[3: com.dotcms.rest.api.v1.vtl.VTLResourceTestCase@1f3d4aee]" classname="com.dotcms.rest.api.v1.vtl.VTLResourceIntegrationTest" time="1.832"/>
  <testcase name="testGet[4: com.dotcms.rest.api.v1.vtl.VTLResourceTestCase@16ff9a3d]" classname="com.dotcms.rest.api.v1.vtl.VTLResourceIntegrationTest" time="2.078"/>
  <testcase name="testGet[5: com.dotcms.rest.api.v1.vtl.VTLResourceTestCase@1b29d452]" classname="com.dotcms.rest.api.v1.vtl.VTLResourceIntegrationTest" time="1.939"/>
  <system-out><![CDATA[]]></system-out>
  <system-err><![CDATA[]]></system-err>
</testsuite>
