<?xml version="1.0" encoding="UTF-8"?>
<testsuite name="com.dotmarketing.portlets.contentlet.business.web.ContentletWebAPIImplIntegrationTest" tests="8" skipped="0" failures="0" errors="0" timestamp="2023-06-27T00:48:55" hostname="fv-az419-343" time="22.169">
  <properties/>
  <testcase name="whenOldNameIsSubstring" classname="com.dotmarketing.portlets.contentlet.business.web.ContentletWebAPIImplIntegrationTest" time="3.703"/>
  <testcase name="whenHostNameChangeShouldUpdateContainerPath" classname="com.dotmarketing.portlets.contentlet.business.web.ContentletWebAPIImplIntegrationTest" time="4.015"/>
  <testcase name="whenHostNameNotChange" classname="com.dotmarketing.portlets.contentlet.business.web.ContentletWebAPIImplIntegrationTest" time="3.859"/>
  <testcase name="whenHostNameChangeShouldUpdatePageTemplatePath" classname="com.dotmarketing.portlets.contentlet.business.web.ContentletWebAPIImplIntegrationTest" time="1.651"/>
  <testcase name="whenHostNameChangeWithLegacyTemplateLayout" classname="com.dotmarketing.portlets.contentlet.business.web.ContentletWebAPIImplIntegrationTest" time="3.523"/>
  <testcase name="whenNewNameIsSubstring" classname="com.dotmarketing.portlets.contentlet.business.web.ContentletWebAPIImplIntegrationTest" time="3.065"/>
  <testcase name="testSavePersonaWithLicenseShouldPass" classname="com.dotmarketing.portlets.contentlet.business.web.ContentletWebAPIImplIntegrationTest" time="1.249"/>
  <testcase name="testSavePersonaWithoutLicenseShouldFail" classname="com.dotmarketing.portlets.contentlet.business.web.ContentletWebAPIImplIntegrationTest" time="1.104"/>
  <system-out><![CDATA[]]></system-out>
  <system-err><![CDATA[]]></system-err>
</testsuite>
