<?xml version="1.0" encoding="UTF-8"?>
<testsuite name="com.dotcms.contenttype.test.ContentTypeResourceTest" tests="10" skipped="0" failures="0" errors="0" timestamp="2023-06-30T14:59:04" hostname="fv-az178-462" time="22.249">
  <properties/>
  <testcase name="testJson[0: widget-type-object.json]" classname="com.dotcms.contenttype.test.ContentTypeResourceTest" time="2.487"/>
  <testcase name="testJson[1: empty-widget.json]" classname="com.dotcms.contenttype.test.ContentTypeResourceTest" time="2.308"/>
  <testcase name="testJson[2: content-type-object.json]" classname="com.dotcms.contenttype.test.ContentTypeResourceTest" time="1.72"/>
  <testcase name="testJson[3: persona-type-object.json]" classname="com.dotcms.contenttype.test.ContentTypeResourceTest" time="3.098"/>
  <testcase name="testJson[4: content-type-array-insert.json]" classname="com.dotcms.contenttype.test.ContentTypeResourceTest" time="3.228"/>
  <testcase name="testJson[5: file-asset.json]" classname="com.dotcms.contenttype.test.ContentTypeResourceTest" time="2.18"/>
  <testcase name="testJson[6: page-content-type.json]" classname="com.dotcms.contenttype.test.ContentTypeResourceTest" time="5.467"/>
  <testcase name="testJson[7: content-type-object-insert.json]" classname="com.dotcms.contenttype.test.ContentTypeResourceTest" time="1.756"/>
  <testcase name="test_setHostAndFolderAsIdentifer_with_null" classname="com.dotcms.contenttype.test.ContentTypeResourceTest" time="0.002"/>
  <testcase name="test_setHostAndFolderAsIdentifer_with_System_Host" classname="com.dotcms.contenttype.test.ContentTypeResourceTest" time="0.003"/>
  <system-out><![CDATA[]]></system-out>
  <system-err><![CDATA[]]></system-err>
</testsuite>
