<?xml version="1.0" encoding="UTF-8"?>
<testsuite name="com.dotcms.rest.elasticsearch.ESContentResourcePortletTest" tests="8" skipped="0" failures="0" errors="0" timestamp="2023-06-23T17:48:44" hostname="fv-az646-389" time="7.794">
  <properties/>
  <testcase name="test_search_includeGrandChildCategory_success" classname="com.dotcms.rest.elasticsearch.ESContentResourcePortletTest" time="1.457"/>
  <testcase name="testSearch[0: com.dotcms.rest.elasticsearch.ESContentResourcePortletTest$TestCase@63bd0d73]" classname="com.dotcms.rest.elasticsearch.ESContentResourcePortletTest" time="0.894"/>
  <testcase name="testSearch[1: com.dotcms.rest.elasticsearch.ESContentResourcePortletTest$TestCase@36ed7e19]" classname="com.dotcms.rest.elasticsearch.ESContentResourcePortletTest" time="0.313"/>
  <testcase name="testSearch[2: com.dotcms.rest.elasticsearch.ESContentResourcePortletTest$TestCase@5a3f9916]" classname="com.dotcms.rest.elasticsearch.ESContentResourcePortletTest" time="0.886"/>
  <testcase name="testSearch[3: com.dotcms.rest.elasticsearch.ESContentResourcePortletTest$TestCase@a42bfe7]" classname="com.dotcms.rest.elasticsearch.ESContentResourcePortletTest" time="1.271"/>
  <testcase name="testSearch[4: com.dotcms.rest.elasticsearch.ESContentResourcePortletTest$TestCase@19fed49]" classname="com.dotcms.rest.elasticsearch.ESContentResourcePortletTest" time="1.253"/>
  <testcase name="testSearch[5: com.dotcms.rest.elasticsearch.ESContentResourcePortletTest$TestCase@5c5f56d5]" classname="com.dotcms.rest.elasticsearch.ESContentResourcePortletTest" time="0.864"/>
  <testcase name="testSearch[6: com.dotcms.rest.elasticsearch.ESContentResourcePortletTest$TestCase@7a0e8361]" classname="com.dotcms.rest.elasticsearch.ESContentResourcePortletTest" time="0.856"/>
  <system-out><![CDATA[]]></system-out>
  <system-err><![CDATA[]]></system-err>
</testsuite>
