<?xml version="1.0" encoding="UTF-8"?>
<testsuite name="com.dotcms.rest.api.v1.workflow.WorkflowResourceIntegrationTest" tests="29" skipped="0" failures="0" errors="0" timestamp="2023-07-12T19:42:48" hostname="fv-az552-613" time="43.344">
  <properties/>
  <testcase name="Test_Get_Bulk_Actions_For_Query" classname="com.dotcms.rest.api.v1.workflow.WorkflowResourceIntegrationTest" time="3.355"/>
  <testcase name="testUpdateSchemaUsingDupeName" classname="com.dotcms.rest.api.v1.workflow.WorkflowResourceIntegrationTest" time="0.009"/>
  <testcase name="testImportScheme" classname="com.dotcms.rest.api.v1.workflow.WorkflowResourceIntegrationTest" time="0.088"/>
  <testcase name="testUpdateStep" classname="com.dotcms.rest.api.v1.workflow.WorkflowResourceIntegrationTest" time="0.029"/>
  <testcase name="Test_Fire_Bulk_Actions_For_Contentlet_Id" classname="com.dotcms.rest.api.v1.workflow.WorkflowResourceIntegrationTest" time="2.074"/>
  <testcase name="Test_Set_Value_on_All_NonRequired_Fields_Then_Fire_Save_Set_Null_Then_Verify_Fields_Were_Cleared_Issue_15340" classname="com.dotcms.rest.api.v1.workflow.WorkflowResourceIntegrationTest" time="3.372"/>
  <testcase name="testAddSchemaThenFindIt" classname="com.dotcms.rest.api.v1.workflow.WorkflowResourceIntegrationTest" time="0.003"/>
  <testcase name="testCreateSchemeThenAddStepsThenAddActions" classname="com.dotcms.rest.api.v1.workflow.WorkflowResourceIntegrationTest" time="0.039"/>
  <testcase name="test_mapRoleId_No_Exist_Success" classname="com.dotcms.rest.api.v1.workflow.WorkflowResourceIntegrationTest" time="0.001"/>
  <testcase name="Test_Find_Bulk_Actions_Then_Fire_Bulk_Actions_On_Custom_Content_Type_with_Errors_Then_Verify_Workflow_Did_Not_Changed" classname="com.dotcms.rest.api.v1.workflow.WorkflowResourceIntegrationTest" time="2.487"/>
  <testcase name="testUpdateAction" classname="com.dotcms.rest.api.v1.workflow.WorkflowResourceIntegrationTest" time="0.025"/>
  <testcase name="Test_Fire_Save_Remove_Image_Then_Verify_Fields_Were_Cleared_Issue_15340" classname="com.dotcms.rest.api.v1.workflow.WorkflowResourceIntegrationTest" time="2.953"/>
  <testcase name="testFireActionDefault_ContentWithRelationships_Success" classname="com.dotcms.rest.api.v1.workflow.WorkflowResourceIntegrationTest" time="3.655"/>
  <testcase name="Test_Fire_Save_Instance_Then_Fire_Update_Instance" classname="com.dotcms.rest.api.v1.workflow.WorkflowResourceIntegrationTest" time="1.973"/>
  <testcase name="test_mapRoleId_Role_Key_Success" classname="com.dotcms.rest.api.v1.workflow.WorkflowResourceIntegrationTest" time="0.006"/>
  <testcase name="testUpdateSchema" classname="com.dotcms.rest.api.v1.workflow.WorkflowResourceIntegrationTest" time="0.005"/>
  <testcase name="testDeleteScheme" classname="com.dotcms.rest.api.v1.workflow.WorkflowResourceIntegrationTest" time="0.072"/>
  <testcase name="test_mapRoleId_Role_Id_Success" classname="com.dotcms.rest.api.v1.workflow.WorkflowResourceIntegrationTest" time="0.001"/>
  <testcase name="Test_Find_Bulk_Actions_Then_Fire_Bulk_Actions_On_Custom_Content_Type_Then_Verify_Workflow_Changed" classname="com.dotcms.rest.api.v1.workflow.WorkflowResourceIntegrationTest" time="8.497"/>
  <testcase name="test_Fire_Save_Content_Type_Binary_File" classname="com.dotcms.rest.api.v1.workflow.WorkflowResourceIntegrationTest" time="2.934"/>
  <testcase name="testCreateSchemeThenFindStepsBySchemeId" classname="com.dotcms.rest.api.v1.workflow.WorkflowResourceIntegrationTest" time="0.016"/>
  <testcase name="Test_Get_Bulk_Actions_For_Contentlet_Ids" classname="com.dotcms.rest.api.v1.workflow.WorkflowResourceIntegrationTest" time="0.77"/>
  <testcase name="Test_Create_Instance_Of_Content_With_Mandatory_Fields_Then_Send_Partial_Number_Of_Required_Fields_Issue_15340" classname="com.dotcms.rest.api.v1.workflow.WorkflowResourceIntegrationTest" time="2.941"/>
  <testcase name="testCreateSchemeThenAddStepsThenDeleteSteps" classname="com.dotcms.rest.api.v1.workflow.WorkflowResourceIntegrationTest" time="2.56"/>
  <testcase name="testFindActionsByStepThenDeleteThem" classname="com.dotcms.rest.api.v1.workflow.WorkflowResourceIntegrationTest" time="0.044"/>
  <testcase name="testFireActionDefault_ContentWithCategories_Success" classname="com.dotcms.rest.api.v1.workflow.WorkflowResourceIntegrationTest" time="2.444"/>
  <testcase name="testSaveActionToStepThenFindActionsBySchemeThenFindByStep" classname="com.dotcms.rest.api.v1.workflow.WorkflowResourceIntegrationTest" time="0.037"/>
  <testcase name="testReorderStep" classname="com.dotcms.rest.api.v1.workflow.WorkflowResourceIntegrationTest" time="0.07"/>
  <testcase name="Test_Create_Instance_Of_Content_With_Numeric_Fields_Verify_Message_When_Setting_Invalid_Values_Issue_15340" classname="com.dotcms.rest.api.v1.workflow.WorkflowResourceIntegrationTest" time="2.88"/>
  <system-out><![CDATA[




]]></system-out>
  <system-err><![CDATA[]]></system-err>
</testsuite>
