<?xml version="1.0" encoding="UTF-8"?>
<testsuite name="com.dotcms.rest.elasticsearch.ESContentResourcePortletTest" tests="8" skipped="0" failures="0" errors="0" timestamp="2023-06-30T15:15:30" hostname="fv-az451-778" time="7.886">
  <properties/>
  <testcase name="test_search_includeGrandChildCategory_success" classname="com.dotcms.rest.elasticsearch.ESContentResourcePortletTest" time="1.366"/>
  <testcase name="testSearch[0: com.dotcms.rest.elasticsearch.ESContentResourcePortletTest$TestCase@45ada6d1]" classname="com.dotcms.rest.elasticsearch.ESContentResourcePortletTest" time="0.923"/>
  <testcase name="testSearch[1: com.dotcms.rest.elasticsearch.ESContentResourcePortletTest$TestCase@24e41000]" classname="com.dotcms.rest.elasticsearch.ESContentResourcePortletTest" time="1.269"/>
  <testcase name="testSearch[2: com.dotcms.rest.elasticsearch.ESContentResourcePortletTest$TestCase@1acfed49]" classname="com.dotcms.rest.elasticsearch.ESContentResourcePortletTest" time="0.925"/>
  <testcase name="testSearch[3: com.dotcms.rest.elasticsearch.ESContentResourcePortletTest$TestCase@6b513316]" classname="com.dotcms.rest.elasticsearch.ESContentResourcePortletTest" time="1.238"/>
  <testcase name="testSearch[4: com.dotcms.rest.elasticsearch.ESContentResourcePortletTest$TestCase@43629b83]" classname="com.dotcms.rest.elasticsearch.ESContentResourcePortletTest" time="0.245"/>
  <testcase name="testSearch[5: com.dotcms.rest.elasticsearch.ESContentResourcePortletTest$TestCase@4702e7ff]" classname="com.dotcms.rest.elasticsearch.ESContentResourcePortletTest" time="0.976"/>
  <testcase name="testSearch[6: com.dotcms.rest.elasticsearch.ESContentResourcePortletTest$TestCase@22c2eff3]" classname="com.dotcms.rest.elasticsearch.ESContentResourcePortletTest" time="0.941"/>
  <system-out><![CDATA[]]></system-out>
  <system-err><![CDATA[]]></system-err>
</testsuite>
