<?xml version="1.0" encoding="UTF-8"?>
<testsuite name="com.dotmarketing.portlets.structure.model.ContentletRelationshipsTest" tests="7" skipped="0" failures="0" errors="0" timestamp="2023-06-26T16:48:27" hostname="fv-az370-611" time="8.144">
  <properties/>
  <testcase name="testDoesAllowOnlyOne[0: com.dotmarketing.portlets.structure.model.ContentletRelationshipsTest$CardinalityTestCase@d4b3fd3]" classname="com.dotmarketing.portlets.structure.model.ContentletRelationshipsTest" time="0.521"/>
  <testcase name="testDoesAllowOnlyOne[1: com.dotmarketing.portlets.structure.model.ContentletRelationshipsTest$CardinalityTestCase@49095865]" classname="com.dotmarketing.portlets.structure.model.ContentletRelationshipsTest" time="0.498"/>
  <testcase name="testDoesAllowOnlyOne[2: com.dotmarketing.portlets.structure.model.ContentletRelationshipsTest$CardinalityTestCase@650a4a7]" classname="com.dotmarketing.portlets.structure.model.ContentletRelationshipsTest" time="0.443"/>
  <testcase name="testGetRelationshipRecords[0: com.dotmarketing.portlets.structure.model.ContentletRelationshipsTest$TestCase@bc716ae]" classname="com.dotmarketing.portlets.structure.model.ContentletRelationshipsTest" time="2.026"/>
  <testcase name="testGetRelationshipRecords[1: com.dotmarketing.portlets.structure.model.ContentletRelationshipsTest$TestCase@5f2615a2]" classname="com.dotmarketing.portlets.structure.model.ContentletRelationshipsTest" time="0.941"/>
  <testcase name="testGetRelationshipRecords[2: com.dotmarketing.portlets.structure.model.ContentletRelationshipsTest$TestCase@5cefb453]" classname="com.dotmarketing.portlets.structure.model.ContentletRelationshipsTest" time="1.817"/>
  <testcase name="testGetRelationshipRecords[3: com.dotmarketing.portlets.structure.model.ContentletRelationshipsTest$TestCase@5f9946f5]" classname="com.dotmarketing.portlets.structure.model.ContentletRelationshipsTest" time="1.897"/>
  <system-out><![CDATA[]]></system-out>
  <system-err><![CDATA[]]></system-err>
</testsuite>
