<?xml version="1.0" encoding="UTF-8"?>
<testsuite name="com.dotmarketing.startup.runonce.Task221007AddVariantIntoPrimaryKeyTest" tests="3" skipped="0" failures="0" errors="0" timestamp="2023-07-12T22:56:01" hostname="fv-az167-45" time="0.057">
  <properties/>
  <testcase name="executeUpgrade" classname="com.dotmarketing.startup.runonce.Task221007AddVariantIntoPrimaryKeyTest" time="0.027"/>
  <testcase name="primaryKeyWithNoDefaultName" classname="com.dotmarketing.startup.runonce.Task221007AddVariantIntoPrimaryKeyTest" time="0.015"/>
  <testcase name="whenThePrimaryKeyDoesNotExists" classname="com.dotmarketing.startup.runonce.Task221007AddVariantIntoPrimaryKeyTest" time="0.014"/>
  <system-out><![CDATA[]]></system-out>
  <system-err><![CDATA[]]></system-err>
</testsuite>
