<?xml version="1.0" encoding="UTF-8"?>
<testsuite name="com.dotcms.rest.api.v1.vtl.VTLResourceIntegrationTest" tests="6" skipped="0" failures="0" errors="0" timestamp="2023-07-20T23:20:57" hostname="fv-az247-899" time="10.974">
  <properties/>
  <testcase name="testGet[0: com.dotcms.rest.api.v1.vtl.VTLResourceTestCase@56e604d0]" classname="com.dotcms.rest.api.v1.vtl.VTLResourceIntegrationTest" time="2.174"/>
  <testcase name="testGet[1: com.dotcms.rest.api.v1.vtl.VTLResourceTestCase@a1d98fe]" classname="com.dotcms.rest.api.v1.vtl.VTLResourceIntegrationTest" time="0.823"/>
  <testcase name="testGet[2: com.dotcms.rest.api.v1.vtl.VTLResourceTestCase@28ffba7e]" classname="com.dotcms.rest.api.v1.vtl.VTLResourceIntegrationTest" time="2.2"/>
  <testcase name="testGet[3: com.dotcms.rest.api.v1.vtl.VTLResourceTestCase@35148020]" classname="com.dotcms.rest.api.v1.vtl.VTLResourceIntegrationTest" time="2.034"/>
  <testcase name="testGet[4: com.dotcms.rest.api.v1.vtl.VTLResourceTestCase@53b2c2d6]" classname="com.dotcms.rest.api.v1.vtl.VTLResourceIntegrationTest" time="1.777"/>
  <testcase name="testGet[5: com.dotcms.rest.api.v1.vtl.VTLResourceTestCase@350e7a36]" classname="com.dotcms.rest.api.v1.vtl.VTLResourceIntegrationTest" time="1.965"/>
  <system-out><![CDATA[]]></system-out>
  <system-err><![CDATA[]]></system-err>
</testsuite>
