<?xml version="1.0" encoding="UTF-8"?>
<testsuite name="com.dotmarketing.portlets.contentlet.business.ContentletFactoryTest" tests="5" skipped="0" failures="0" errors="0" timestamp="2023-06-29T17:51:26" hostname="fv-az166-287" time="5.23">
  <properties/>
  <testcase name="Create_Contentlets_Then_Count" classname="com.dotmarketing.portlets.contentlet.business.ContentletFactoryTest" time="1.34"/>
  <testcase name="findAllCurrentOffsetLimit" classname="com.dotmarketing.portlets.contentlet.business.ContentletFactoryTest" time="2.406"/>
  <testcase name="find" classname="com.dotmarketing.portlets.contentlet.business.ContentletFactoryTest" time="0.006"/>
  <testcase name="Create_Contentlet_Then_find_Expect_Cache_Hit_Then_Remove_Expect_404" classname="com.dotmarketing.portlets.contentlet.business.ContentletFactoryTest" time="1.474"/>
  <testcase name="findAllCurrent" classname="com.dotmarketing.portlets.contentlet.business.ContentletFactoryTest" time="0.003"/>
  <system-out><![CDATA[]]></system-out>
  <system-err><![CDATA[]]></system-err>
</testsuite>
