<?xml version="1.0" encoding="UTF-8"?>
<testsuite name="com.dotcms.rest.elasticsearch.ESContentResourcePortletTest" tests="8" skipped="0" failures="0" errors="0" timestamp="2023-07-13T16:47:28" hostname="fv-az365-454" time="7.755">
  <properties/>
  <testcase name="test_search_includeGrandChildCategory_success" classname="com.dotcms.rest.elasticsearch.ESContentResourcePortletTest" time="1.371"/>
  <testcase name="testSearch[0: com.dotcms.rest.elasticsearch.ESContentResourcePortletTest$TestCase@53e0c98b]" classname="com.dotcms.rest.elasticsearch.ESContentResourcePortletTest" time="0.923"/>
  <testcase name="testSearch[1: com.dotcms.rest.elasticsearch.ESContentResourcePortletTest$TestCase@37137eb0]" classname="com.dotcms.rest.elasticsearch.ESContentResourcePortletTest" time="1.249"/>
  <testcase name="testSearch[2: com.dotcms.rest.elasticsearch.ESContentResourcePortletTest$TestCase@40fb89b]" classname="com.dotcms.rest.elasticsearch.ESContentResourcePortletTest" time="0.909"/>
  <testcase name="testSearch[3: com.dotcms.rest.elasticsearch.ESContentResourcePortletTest$TestCase@3ea6adef]" classname="com.dotcms.rest.elasticsearch.ESContentResourcePortletTest" time="1.22"/>
  <testcase name="testSearch[4: com.dotcms.rest.elasticsearch.ESContentResourcePortletTest$TestCase@6bdf8721]" classname="com.dotcms.rest.elasticsearch.ESContentResourcePortletTest" time="0.234"/>
  <testcase name="testSearch[5: com.dotcms.rest.elasticsearch.ESContentResourcePortletTest$TestCase@47159214]" classname="com.dotcms.rest.elasticsearch.ESContentResourcePortletTest" time="0.924"/>
  <testcase name="testSearch[6: com.dotcms.rest.elasticsearch.ESContentResourcePortletTest$TestCase@3ea7310d]" classname="com.dotcms.rest.elasticsearch.ESContentResourcePortletTest" time="0.924"/>
  <system-out><![CDATA[]]></system-out>
  <system-err><![CDATA[]]></system-err>
</testsuite>
