<?xml version="1.0" encoding="UTF-8"?>
<testsuite name="com.dotmarketing.business.DeterministicIdentifierAPITest" tests="16" skipped="0" failures="0" errors="0" timestamp="2023-06-30T16:45:34" hostname="fv-az470-104" time="1.686">
  <properties/>
  <testcase name="Test_Category_Path_Seed_And_Id" classname="com.dotmarketing.business.DeterministicIdentifierAPITest" time="0.048"/>
  <testcase name="Test_Language_Deterministic_Id[0: LanguageTestCase{expectedSeed='Language:es:US', expectedHash=4913155, langCode='es', countryCode='US', country='United States'}]" classname="com.dotmarketing.business.DeterministicIdentifierAPITest" time="0.006"/>
  <testcase name="Test_Language_Deterministic_Id[1: LanguageTestCase{expectedSeed='Language:ep:', expectedHash=5292269, langCode='ep', countryCode='', country=''}]" classname="com.dotmarketing.business.DeterministicIdentifierAPITest" time="0.001"/>
  <testcase name="Test_Language_Deterministic_Id[2: LanguageTestCase{expectedSeed='Language:sg:SAG', expectedHash=4713118, langCode='sg', countryCode='SAG', country=''}]" classname="com.dotmarketing.business.DeterministicIdentifierAPITest" time="0.002"/>
  <testcase name="Test_Language_Deterministic_Id[3: LanguageTestCase{expectedSeed='Language:en:NZ', expectedHash=5382528, langCode='en', countryCode='NZ', country='New Zealand'}]" classname="com.dotmarketing.business.DeterministicIdentifierAPITest" time="0.001"/>
  <testcase name="Test_Category_None_Persisted_Category_Should_Return_Deterministic_Id" classname="com.dotmarketing.business.DeterministicIdentifierAPITest" time="0.003"/>
  <testcase name="Test_Asset_Generate_Deterministic_Id_Best_Effort[0: TestCase{versionable=my.host1688143077741.com, parent=System Host, expectedName='my.host1688143077741.com', expectedType='Host'}]" classname="com.dotmarketing.business.DeterministicIdentifierAPITest" time="0.004"/>
  <testcase name="Test_Asset_Generate_Deterministic_Id_Best_Effort[1: TestCase{versionable=com.dotmarketing.portlets.contentlet.model.Contentlet@7f567433[map={modDate=2023-06-30 16:37:58.081, fileName=file15491767171889393068.txt, title=file15491767171889393068.txt, inode=29a1e026-ceff-47a6-8ae8-157b5cee687b, __IS_NEW_CONTENT__=true, disabledWYSIWYG=[], host=a2afc28e-e52e-4a19-af96-595f6594e5f8, stInode=33888b6f-7a8e-4069-b1b6-5c1aa9d0a48d, owner=system, identifier=6bb2db89-a7c2-4829-887f-873e8d39a433, nullProperties=[wfExpireDate, wfPublishDate, wfActionAssign, wfActionId, wfActionComments, filterKey, whereToSend, wfNeverExpire, _path_to_move, timezoneId, iWantTo, wfPublishTime, wfExpireTime], languageId=1, fileAsset=/home/runner/work/core/custom/assets/2/9/29a1e026-ceff-47a6-8ae8-157b5cee687b/fileAsset/file15491767171889393068.txt, folder=a31797be-535a-4e62-9641-441bcef09dc2, __disable_workflow__=true, sortOrder=0, modUser=system},lowIndexPriority=false,variantId=DEFAULT], parent=com.dotmarketing.portlets.folders.model.Folder@3bfcbb25[identifier=a31797be-535a-4e62-9641-441bcef09dc2,name=testName1688143078070,sortOrder=0,showOnMenu=false,hostId=a2afc28e-e52e-4a19-af96-595f6594e5f8,type=folder,title=testTitle1688143078070,filesMasks=,defaultFileType=33888b6f-7a8e-4069-b1b6-5c1aa9d0a48d,modDate=2023-06-30 16:37:58.075,owner=&lt;null&gt;,iDate=2023-06-30 16:37:58.075,inode=a31797be-535a-4e62-9641-441bcef09dc2,path=/testName1688143078070/], expectedName='file15491767171889393068.txt', expectedType='FileAsset'}]" classname="com.dotmarketing.business.DeterministicIdentifierAPITest" time="0.004"/>
  <testcase name="Test_Asset_Generate_Deterministic_Id_Best_Effort[2: TestCase{versionable=com.dotmarketing.portlets.templates.model.Template@19e288b4, parent=my.host1688143077741.com, expectedName='testTitle1688143078228', expectedType='Template'}]" classname="com.dotmarketing.business.DeterministicIdentifierAPITest" time="0.003"/>
  <testcase name="Test_Asset_Generate_Deterministic_Id_Best_Effort[3: TestCase{versionable=com.dotmarketing.portlets.htmlpageasset.model.HTMLPageAsset@2b96395f[map={template=26872d8b-c23b-4a15-8634-ba52a5c516e3, owner=system, identifier=49a29c0e-f20b-4440-b8a5-a9e607e551a5, nullProperties=[wfExpireDate, wfPublishDate, wfActionAssign, wfActionId, wfActionComments, filterKey, whereToSend, wfNeverExpire, _path_to_move, timezoneId, iWantTo, wfPublishTime, wfExpireTime], modDate=2023-06-30 16:37:58.271, cachettl=0, _is_test_mode=true, languageId=1, title=test-page-title-1688143078263, httpsreq=, url=test-page-url-1688143078263, showOnMenu=, inode=334c1c0f-7fee-4f5c-8a39-e79c6720fe69, folder=a31797be-535a-4e62-9641-441bcef09dc2, disabledWYSIWYG=[], sortOrder=1, modUser=system, host=a2afc28e-e52e-4a19-af96-595f6594e5f8, stInode=c541abb1-69b3-4bc5-8430-5e09e5239cc8, friendlyName=test-page-friendly-name-1688143078263},lowIndexPriority=false,variantId=DEFAULT], parent=com.dotmarketing.portlets.folders.model.Folder@3bfcbb25[identifier=a31797be-535a-4e62-9641-441bcef09dc2,name=testName1688143078070,sortOrder=0,showOnMenu=false,hostId=a2afc28e-e52e-4a19-af96-595f6594e5f8,type=folder,title=testTitle1688143078070,filesMasks=,defaultFileType=33888b6f-7a8e-4069-b1b6-5c1aa9d0a48d,modDate=2023-06-30 16:37:58.075,owner=&lt;null&gt;,iDate=2023-06-30 16:37:58.075,inode=a31797be-535a-4e62-9641-441bcef09dc2,path=/testName1688143078070/], expectedName='test-page-url-1688143078263', expectedType='htmlpageasset'}]" classname="com.dotmarketing.business.DeterministicIdentifierAPITest" time="0.003"/>
  <testcase name="Test_Asset_Generate_Deterministic_Id_Best_Effort[4: TestCase{versionable=com.dotmarketing.portlets.contentlet.model.Contentlet@1625738[map={fileAsset2=/home/runner/work/core/custom/assets/b/2/b29bab77-dd63-45f6-b570-c4ee3c13a42a/fileAsset2/test_binary1688143080075.png, modDate=2023-06-30 16:38:00.086, fileAsset1=/home/runner/work/core/custom/assets/b/2/b29bab77-dd63-45f6-b570-c4ee3c13a42a/fileAsset1/test_binary1688143080074.jpg, title=blah, inode=b29bab77-dd63-45f6-b570-c4ee3c13a42a, __IS_NEW_CONTENT__=true, disabledWYSIWYG=[], host=48190c8c-42c4-46af-8d1a-0cd5db894797, stInode=262b3423-59f5-407e-8930-ec7580ec8262, owner=system, identifier=fc87bead-f4f8-468f-966e-16ace1433af4, nullProperties=[], languageId=1, image1=4c02e75a-7a5c-4cc4-8922-74074d9bccb3, folder=SYSTEM_FOLDER, __disable_workflow__=true, sortOrder=0, modUser=system},lowIndexPriority=false,variantId=DEFAULT], parent=demo.dotcms.com, expectedName='test_binary1688143080074.jpg:test_binary1688143080075.png', expectedType='MultipleBinaries1688143078511'}]" classname="com.dotmarketing.business.DeterministicIdentifierAPITest" time="0.003"/>
  <testcase name="Test_Asset_Generate_Deterministic_Id_Best_Effort[5: TestCase{versionable=name6a11a72065 : keyTag6a11a72065, parent=my.host1688143077741.com, expectedName='keyTag6a11a72065', expectedType='persona'}]" classname="com.dotmarketing.business.DeterministicIdentifierAPITest" time="0.004"/>
  <testcase name="Test_Similar_Content_Type_Wont_Clash" classname="com.dotmarketing.business.DeterministicIdentifierAPITest" time="0.647"/>
  <testcase name="Test_Generate_Folder_Identifier" classname="com.dotmarketing.business.DeterministicIdentifierAPITest" time="0.938"/>
  <testcase name="Test_Generate_Content_Type_Identifier[0: ContentTypeTestCase{contentType=KeyValueContentType{name=Language Variable, id=f4d7c1b8-2c88-4071-abf1-a5328977b07d, description=Default Content Type for Language Variables, defaultType=false, fixed=true, iDate=Thu Aug 31 16:38:49 UTC 2017, system=true, versionable=true, variable=Languagevariable, modDate=Fri Jun 30 15:18:23 UTC 2023, host=SYSTEM_HOST, siteName=systemHost, icon=language, sortOrder=0, folder=SYSTEM_FOLDER, folderPath=/, markedForDeletion=true, multilingualable=false}, expectedName='Languagevariable', expectedType='KeyValue'}]" classname="com.dotmarketing.business.DeterministicIdentifierAPITest" time="0.008"/>
  <testcase name="Test_Generate_Content_Type_Identifier[1: ContentTypeTestCase{contentType=SimpleContentType{name=testName1688143080585, id=7074eee4-2af2-4cc0-bc62-956639f7f89b, description=testDescription1688143080585, defaultType=false, fixed=false, iDate=Fri Jun 30 16:38:00 UTC 2023, system=false, versionable=true, multilingualable=false, variable=testVarname1688143080585, owner=system, modDate=Fri Jun 30 16:38:01 UTC 2023, host=48190c8c-42c4-46af-8d1a-0cd5db894797, siteName=demo.dotcms.com, icon=event_note, sortOrder=0, folder=SYSTEM_FOLDER, folderPath=/, requiredFields=[], markedForDeletion=false}, expectedName='testVarname1688143080585', expectedType='CONTENT'}]" classname="com.dotmarketing.business.DeterministicIdentifierAPITest" time="0.007"/>
  <system-out><![CDATA[]]></system-out>
  <system-err><![CDATA[]]></system-err>
</testsuite>
