<?xml version="1.0" encoding="UTF-8"?>
<testsuite name="com.dotmarketing.portlets.structure.model.ContentletRelationshipsTest" tests="7" skipped="0" failures="0" errors="0" timestamp="2023-07-20T23:46:24" hostname="fv-az247-899" time="9.861">
  <properties/>
  <testcase name="testDoesAllowOnlyOne[0: com.dotmarketing.portlets.structure.model.ContentletRelationshipsTest$CardinalityTestCase@337e1df]" classname="com.dotmarketing.portlets.structure.model.ContentletRelationshipsTest" time="0.548"/>
  <testcase name="testDoesAllowOnlyOne[1: com.dotmarketing.portlets.structure.model.ContentletRelationshipsTest$CardinalityTestCase@79e10ca8]" classname="com.dotmarketing.portlets.structure.model.ContentletRelationshipsTest" time="0.529"/>
  <testcase name="testDoesAllowOnlyOne[2: com.dotmarketing.portlets.structure.model.ContentletRelationshipsTest$CardinalityTestCase@5811845c]" classname="com.dotmarketing.portlets.structure.model.ContentletRelationshipsTest" time="0.526"/>
  <testcase name="testGetRelationshipRecords[0: com.dotmarketing.portlets.structure.model.ContentletRelationshipsTest$TestCase@5f7bd83e]" classname="com.dotmarketing.portlets.structure.model.ContentletRelationshipsTest" time="2.137"/>
  <testcase name="testGetRelationshipRecords[1: com.dotmarketing.portlets.structure.model.ContentletRelationshipsTest$TestCase@63fee317]" classname="com.dotmarketing.portlets.structure.model.ContentletRelationshipsTest" time="2.11"/>
  <testcase name="testGetRelationshipRecords[2: com.dotmarketing.portlets.structure.model.ContentletRelationshipsTest$TestCase@120b278c]" classname="com.dotmarketing.portlets.structure.model.ContentletRelationshipsTest" time="1.992"/>
  <testcase name="testGetRelationshipRecords[3: com.dotmarketing.portlets.structure.model.ContentletRelationshipsTest$TestCase@466c72f5]" classname="com.dotmarketing.portlets.structure.model.ContentletRelationshipsTest" time="2.017"/>
  <system-out><![CDATA[]]></system-out>
  <system-err><![CDATA[]]></system-err>
</testsuite>
