<?xml version="1.0" encoding="UTF-8"?>
<testsuite name="com.dotcms.rest.api.v1.vtl.VTLResourceIntegrationTest" tests="6" skipped="0" failures="0" errors="0" timestamp="2023-06-30T20:54:38" hostname="fv-az389-28" time="10.204">
  <properties/>
  <testcase name="testGet[0: com.dotcms.rest.api.v1.vtl.VTLResourceTestCase@305cb9df]" classname="com.dotcms.rest.api.v1.vtl.VTLResourceIntegrationTest" time="1.143"/>
  <testcase name="testGet[1: com.dotcms.rest.api.v1.vtl.VTLResourceTestCase@7cf72187]" classname="com.dotcms.rest.api.v1.vtl.VTLResourceIntegrationTest" time="1.995"/>
  <testcase name="testGet[2: com.dotcms.rest.api.v1.vtl.VTLResourceTestCase@41061bb1]" classname="com.dotcms.rest.api.v1.vtl.VTLResourceIntegrationTest" time="1.036"/>
  <testcase name="testGet[3: com.dotcms.rest.api.v1.vtl.VTLResourceTestCase@356ceaff]" classname="com.dotcms.rest.api.v1.vtl.VTLResourceIntegrationTest" time="1.954"/>
  <testcase name="testGet[4: com.dotcms.rest.api.v1.vtl.VTLResourceTestCase@60ab3fcc]" classname="com.dotcms.rest.api.v1.vtl.VTLResourceIntegrationTest" time="2.093"/>
  <testcase name="testGet[5: com.dotcms.rest.api.v1.vtl.VTLResourceTestCase@2595d147]" classname="com.dotcms.rest.api.v1.vtl.VTLResourceIntegrationTest" time="1.982"/>
  <system-out><![CDATA[]]></system-out>
  <system-err><![CDATA[]]></system-err>
</testsuite>
