<?xml version="1.0" encoding="UTF-8"?>
<testsuite name="com.dotcms.rendering.velocity.viewtools.content.util.ContentUtilsTest" tests="89" skipped="0" failures="0" errors="0" timestamp="2023-06-29T20:12:56" hostname="fv-az221-564" time="403.261">
  <properties/>
  <testcase name="whenTheTimeMachineDateIsNullAndPublishDateInFutureShouldNotReturnAnything" classname="com.dotcms.rendering.velocity.viewtools.content.util.ContentUtilsTest" time="2.911"/>
  <testcase name="test_find_multilingual_contentlet_getContentletSuccessfully" classname="com.dotcms.rendering.velocity.viewtools.content.util.ContentUtilsTest" time="2.119"/>
  <testcase name="whenTheTimeMachineDateAndPublishDateAreTomorrowShouldReturnOneContent" classname="com.dotcms.rendering.velocity.viewtools.content.util.ContentUtilsTest" time="2.896"/>
  <testcase name="testPullRelated[0: com.dotcms.rendering.velocity.viewtools.content.util.ContentUtilsTest$TestCase@27eaab5d]" classname="com.dotcms.rendering.velocity.viewtools.content.util.ContentUtilsTest" time="3.672"/>
  <testcase name="testPullRelated[1: com.dotcms.rendering.velocity.viewtools.content.util.ContentUtilsTest$TestCase@207895e6]" classname="com.dotcms.rendering.velocity.viewtools.content.util.ContentUtilsTest" time="4.143"/>
  <testcase name="testPullRelated[2: com.dotcms.rendering.velocity.viewtools.content.util.ContentUtilsTest$TestCase@7b501ca7]" classname="com.dotcms.rendering.velocity.viewtools.content.util.ContentUtilsTest" time="4.013"/>
  <testcase name="testPullRelated[3: com.dotcms.rendering.velocity.viewtools.content.util.ContentUtilsTest$TestCase@18280103]" classname="com.dotcms.rendering.velocity.viewtools.content.util.ContentUtilsTest" time="3.987"/>
  <testcase name="testPullRelated[4: com.dotcms.rendering.velocity.viewtools.content.util.ContentUtilsTest$TestCase@6a6af118]" classname="com.dotcms.rendering.velocity.viewtools.content.util.ContentUtilsTest" time="3.943"/>
  <testcase name="testPullRelated[5: com.dotcms.rendering.velocity.viewtools.content.util.ContentUtilsTest$TestCase@e599e16]" classname="com.dotcms.rendering.velocity.viewtools.content.util.ContentUtilsTest" time="4.123"/>
  <testcase name="testPullRelated[6: com.dotcms.rendering.velocity.viewtools.content.util.ContentUtilsTest$TestCase@75170e5e]" classname="com.dotcms.rendering.velocity.viewtools.content.util.ContentUtilsTest" time="4.159"/>
  <testcase name="testPullRelated[7: com.dotcms.rendering.velocity.viewtools.content.util.ContentUtilsTest$TestCase@2d6f29e6]" classname="com.dotcms.rendering.velocity.viewtools.content.util.ContentUtilsTest" time="4.187"/>
  <testcase name="testPullRelated[8: com.dotcms.rendering.velocity.viewtools.content.util.ContentUtilsTest$TestCase@1030ef62]" classname="com.dotcms.rendering.velocity.viewtools.content.util.ContentUtilsTest" time="3.864"/>
  <testcase name="testPullRelated[9: com.dotcms.rendering.velocity.viewtools.content.util.ContentUtilsTest$TestCase@525b6a5c]" classname="com.dotcms.rendering.velocity.viewtools.content.util.ContentUtilsTest" time="4.01"/>
  <testcase name="testPullRelated[10: com.dotcms.rendering.velocity.viewtools.content.util.ContentUtilsTest$TestCase@1f73ebb7]" classname="com.dotcms.rendering.velocity.viewtools.content.util.ContentUtilsTest" time="4.313"/>
  <testcase name="testPullRelated[11: com.dotcms.rendering.velocity.viewtools.content.util.ContentUtilsTest$TestCase@4b87c1a6]" classname="com.dotcms.rendering.velocity.viewtools.content.util.ContentUtilsTest" time="3.924"/>
  <testcase name="testPullRelated[12: com.dotcms.rendering.velocity.viewtools.content.util.ContentUtilsTest$TestCase@5c5b7c4b]" classname="com.dotcms.rendering.velocity.viewtools.content.util.ContentUtilsTest" time="3.92"/>
  <testcase name="testPullRelated[13: com.dotcms.rendering.velocity.viewtools.content.util.ContentUtilsTest$TestCase@555be416]" classname="com.dotcms.rendering.velocity.viewtools.content.util.ContentUtilsTest" time="4.043"/>
  <testcase name="testPullRelated[14: com.dotcms.rendering.velocity.viewtools.content.util.ContentUtilsTest$TestCase@55758359]" classname="com.dotcms.rendering.velocity.viewtools.content.util.ContentUtilsTest" time="4.179"/>
  <testcase name="testPullRelated[15: com.dotcms.rendering.velocity.viewtools.content.util.ContentUtilsTest$TestCase@208ae2a0]" classname="com.dotcms.rendering.velocity.viewtools.content.util.ContentUtilsTest" time="4.01"/>
  <testcase name="testPullRelated[16: com.dotcms.rendering.velocity.viewtools.content.util.ContentUtilsTest$TestCase@27346bde]" classname="com.dotcms.rendering.velocity.viewtools.content.util.ContentUtilsTest" time="3.964"/>
  <testcase name="testPullRelated[17: com.dotcms.rendering.velocity.viewtools.content.util.ContentUtilsTest$TestCase@2d45507a]" classname="com.dotcms.rendering.velocity.viewtools.content.util.ContentUtilsTest" time="3.916"/>
  <testcase name="testPullRelated[18: com.dotcms.rendering.velocity.viewtools.content.util.ContentUtilsTest$TestCase@545361c0]" classname="com.dotcms.rendering.velocity.viewtools.content.util.ContentUtilsTest" time="4.236"/>
  <testcase name="testPullRelated[19: com.dotcms.rendering.velocity.viewtools.content.util.ContentUtilsTest$TestCase@233b0608]" classname="com.dotcms.rendering.velocity.viewtools.content.util.ContentUtilsTest" time="3.982"/>
  <testcase name="testPullRelated[20: com.dotcms.rendering.velocity.viewtools.content.util.ContentUtilsTest$TestCase@2755f32a]" classname="com.dotcms.rendering.velocity.viewtools.content.util.ContentUtilsTest" time="4.088"/>
  <testcase name="testPullRelated[21: com.dotcms.rendering.velocity.viewtools.content.util.ContentUtilsTest$TestCase@2014b13a]" classname="com.dotcms.rendering.velocity.viewtools.content.util.ContentUtilsTest" time="2.8"/>
  <testcase name="testPullRelated[22: com.dotcms.rendering.velocity.viewtools.content.util.ContentUtilsTest$TestCase@6f069999]" classname="com.dotcms.rendering.velocity.viewtools.content.util.ContentUtilsTest" time="3.238"/>
  <testcase name="testPullRelated[23: com.dotcms.rendering.velocity.viewtools.content.util.ContentUtilsTest$TestCase@14f6c937]" classname="com.dotcms.rendering.velocity.viewtools.content.util.ContentUtilsTest" time="4.053"/>
  <testcase name="testPullRelated[24: com.dotcms.rendering.velocity.viewtools.content.util.ContentUtilsTest$TestCase@1cb2a420]" classname="com.dotcms.rendering.velocity.viewtools.content.util.ContentUtilsTest" time="2.924"/>
  <testcase name="testPullRelated[25: com.dotcms.rendering.velocity.viewtools.content.util.ContentUtilsTest$TestCase@192a4bed]" classname="com.dotcms.rendering.velocity.viewtools.content.util.ContentUtilsTest" time="4.185"/>
  <testcase name="testPullRelated[26: com.dotcms.rendering.velocity.viewtools.content.util.ContentUtilsTest$TestCase@423bc300]" classname="com.dotcms.rendering.velocity.viewtools.content.util.ContentUtilsTest" time="3.982"/>
  <testcase name="testPullRelated[27: com.dotcms.rendering.velocity.viewtools.content.util.ContentUtilsTest$TestCase@60260501]" classname="com.dotcms.rendering.velocity.viewtools.content.util.ContentUtilsTest" time="4.129"/>
  <testcase name="testPullRelated[28: com.dotcms.rendering.velocity.viewtools.content.util.ContentUtilsTest$TestCase@69bc2e81]" classname="com.dotcms.rendering.velocity.viewtools.content.util.ContentUtilsTest" time="3.889"/>
  <testcase name="testPullRelated[29: com.dotcms.rendering.velocity.viewtools.content.util.ContentUtilsTest$TestCase@22026578]" classname="com.dotcms.rendering.velocity.viewtools.content.util.ContentUtilsTest" time="4.19"/>
  <testcase name="testPullRelated[30: com.dotcms.rendering.velocity.viewtools.content.util.ContentUtilsTest$TestCase@3ebd81fb]" classname="com.dotcms.rendering.velocity.viewtools.content.util.ContentUtilsTest" time="4.019"/>
  <testcase name="testPullRelated[31: com.dotcms.rendering.velocity.viewtools.content.util.ContentUtilsTest$TestCase@6e639520]" classname="com.dotcms.rendering.velocity.viewtools.content.util.ContentUtilsTest" time="4.257"/>
  <testcase name="testPullRelated[32: com.dotcms.rendering.velocity.viewtools.content.util.ContentUtilsTest$TestCase@66a3764b]" classname="com.dotcms.rendering.velocity.viewtools.content.util.ContentUtilsTest" time="3.879"/>
  <testcase name="testPullRelated[33: com.dotcms.rendering.velocity.viewtools.content.util.ContentUtilsTest$TestCase@57bbf642]" classname="com.dotcms.rendering.velocity.viewtools.content.util.ContentUtilsTest" time="3.942"/>
  <testcase name="testPullRelated[34: com.dotcms.rendering.velocity.viewtools.content.util.ContentUtilsTest$TestCase@55b1717]" classname="com.dotcms.rendering.velocity.viewtools.content.util.ContentUtilsTest" time="4.242"/>
  <testcase name="testPullRelated[35: com.dotcms.rendering.velocity.viewtools.content.util.ContentUtilsTest$TestCase@77e34809]" classname="com.dotcms.rendering.velocity.viewtools.content.util.ContentUtilsTest" time="3.913"/>
  <testcase name="testPullRelated[36: com.dotcms.rendering.velocity.viewtools.content.util.ContentUtilsTest$TestCase@a8f7990]" classname="com.dotcms.rendering.velocity.viewtools.content.util.ContentUtilsTest" time="6.208"/>
  <testcase name="testPullRelated[37: com.dotcms.rendering.velocity.viewtools.content.util.ContentUtilsTest$TestCase@20e9765]" classname="com.dotcms.rendering.velocity.viewtools.content.util.ContentUtilsTest" time="5.956"/>
  <testcase name="testPullRelated[38: com.dotcms.rendering.velocity.viewtools.content.util.ContentUtilsTest$TestCase@5f30cb9c]" classname="com.dotcms.rendering.velocity.viewtools.content.util.ContentUtilsTest" time="5.245"/>
  <testcase name="testPullRelated[39: com.dotcms.rendering.velocity.viewtools.content.util.ContentUtilsTest$TestCase@32fe6373]" classname="com.dotcms.rendering.velocity.viewtools.content.util.ContentUtilsTest" time="6.268"/>
  <testcase name="testPullRelated[40: com.dotcms.rendering.velocity.viewtools.content.util.ContentUtilsTest$TestCase@43ccdf45]" classname="com.dotcms.rendering.velocity.viewtools.content.util.ContentUtilsTest" time="6.048"/>
  <testcase name="testPullRelated[41: com.dotcms.rendering.velocity.viewtools.content.util.ContentUtilsTest$TestCase@358fdde6]" classname="com.dotcms.rendering.velocity.viewtools.content.util.ContentUtilsTest" time="5.835"/>
  <testcase name="testPullRelated[42: com.dotcms.rendering.velocity.viewtools.content.util.ContentUtilsTest$TestCase@6c3a8ce0]" classname="com.dotcms.rendering.velocity.viewtools.content.util.ContentUtilsTest" time="6.298"/>
  <testcase name="testPullRelated[43: com.dotcms.rendering.velocity.viewtools.content.util.ContentUtilsTest$TestCase@2d1e9fef]" classname="com.dotcms.rendering.velocity.viewtools.content.util.ContentUtilsTest" time="6.186"/>
  <testcase name="testPullRelated[44: com.dotcms.rendering.velocity.viewtools.content.util.ContentUtilsTest$TestCase@80d4bfe]" classname="com.dotcms.rendering.velocity.viewtools.content.util.ContentUtilsTest" time="5.806"/>
  <testcase name="testPullRelated[45: com.dotcms.rendering.velocity.viewtools.content.util.ContentUtilsTest$TestCase@43a6d7f4]" classname="com.dotcms.rendering.velocity.viewtools.content.util.ContentUtilsTest" time="5.103"/>
  <testcase name="testPullRelated[46: com.dotcms.rendering.velocity.viewtools.content.util.ContentUtilsTest$TestCase@7b430eec]" classname="com.dotcms.rendering.velocity.viewtools.content.util.ContentUtilsTest" time="6.238"/>
  <testcase name="testPullRelated[47: com.dotcms.rendering.velocity.viewtools.content.util.ContentUtilsTest$TestCase@22fb178c]" classname="com.dotcms.rendering.velocity.viewtools.content.util.ContentUtilsTest" time="6.082"/>
  <testcase name="testPullRelated[48: com.dotcms.rendering.velocity.viewtools.content.util.ContentUtilsTest$TestCase@404bea96]" classname="com.dotcms.rendering.velocity.viewtools.content.util.ContentUtilsTest" time="6.09"/>
  <testcase name="testPullRelated[49: com.dotcms.rendering.velocity.viewtools.content.util.ContentUtilsTest$TestCase@35278c1c]" classname="com.dotcms.rendering.velocity.viewtools.content.util.ContentUtilsTest" time="5.936"/>
  <testcase name="testPullRelated[50: com.dotcms.rendering.velocity.viewtools.content.util.ContentUtilsTest$TestCase@56f0d03a]" classname="com.dotcms.rendering.velocity.viewtools.content.util.ContentUtilsTest" time="6.017"/>
  <testcase name="testPullRelated[51: com.dotcms.rendering.velocity.viewtools.content.util.ContentUtilsTest$TestCase@2ccdfa1f]" classname="com.dotcms.rendering.velocity.viewtools.content.util.ContentUtilsTest" time="6.224"/>
  <testcase name="testPullRelated[52: com.dotcms.rendering.velocity.viewtools.content.util.ContentUtilsTest$TestCase@33cdaa4a]" classname="com.dotcms.rendering.velocity.viewtools.content.util.ContentUtilsTest" time="6.045"/>
  <testcase name="testPullRelated[53: com.dotcms.rendering.velocity.viewtools.content.util.ContentUtilsTest$TestCase@3a839743]" classname="com.dotcms.rendering.velocity.viewtools.content.util.ContentUtilsTest" time="6.118"/>
  <testcase name="testPullRelated[54: com.dotcms.rendering.velocity.viewtools.content.util.ContentUtilsTest$TestCase@6aa2f129]" classname="com.dotcms.rendering.velocity.viewtools.content.util.ContentUtilsTest" time="6.15"/>
  <testcase name="testPullRelated[55: com.dotcms.rendering.velocity.viewtools.content.util.ContentUtilsTest$TestCase@297cf360]" classname="com.dotcms.rendering.velocity.viewtools.content.util.ContentUtilsTest" time="6.186"/>
  <testcase name="testPullRelated[56: com.dotcms.rendering.velocity.viewtools.content.util.ContentUtilsTest$TestCase@773d93ff]" classname="com.dotcms.rendering.velocity.viewtools.content.util.ContentUtilsTest" time="5.872"/>
  <testcase name="testPullRelated[57: com.dotcms.rendering.velocity.viewtools.content.util.ContentUtilsTest$TestCase@51a23bd4]" classname="com.dotcms.rendering.velocity.viewtools.content.util.ContentUtilsTest" time="6.015"/>
  <testcase name="testPullRelated[58: com.dotcms.rendering.velocity.viewtools.content.util.ContentUtilsTest$TestCase@2c74a370]" classname="com.dotcms.rendering.velocity.viewtools.content.util.ContentUtilsTest" time="6.364"/>
  <testcase name="testPullRelated[59: com.dotcms.rendering.velocity.viewtools.content.util.ContentUtilsTest$TestCase@625da26d]" classname="com.dotcms.rendering.velocity.viewtools.content.util.ContentUtilsTest" time="6.167"/>
  <testcase name="testPullRelated[60: com.dotcms.rendering.velocity.viewtools.content.util.ContentUtilsTest$TestCase@79e467b2]" classname="com.dotcms.rendering.velocity.viewtools.content.util.ContentUtilsTest" time="5.982"/>
  <testcase name="testPullRelated[61: com.dotcms.rendering.velocity.viewtools.content.util.ContentUtilsTest$TestCase@39d88fc1]" classname="com.dotcms.rendering.velocity.viewtools.content.util.ContentUtilsTest" time="4.94"/>
  <testcase name="testPullRelated[62: com.dotcms.rendering.velocity.viewtools.content.util.ContentUtilsTest$TestCase@30bec4a9]" classname="com.dotcms.rendering.velocity.viewtools.content.util.ContentUtilsTest" time="6.376"/>
  <testcase name="testPullRelated[63: com.dotcms.rendering.velocity.viewtools.content.util.ContentUtilsTest$TestCase@3f7f4619]" classname="com.dotcms.rendering.velocity.viewtools.content.util.ContentUtilsTest" time="5.847"/>
  <testcase name="testPullRelated[64: com.dotcms.rendering.velocity.viewtools.content.util.ContentUtilsTest$TestCase@65fc7fb3]" classname="com.dotcms.rendering.velocity.viewtools.content.util.ContentUtilsTest" time="6.205"/>
  <testcase name="testPullRelated[65: com.dotcms.rendering.velocity.viewtools.content.util.ContentUtilsTest$TestCase@18a7424a]" classname="com.dotcms.rendering.velocity.viewtools.content.util.ContentUtilsTest" time="4.916"/>
  <testcase name="testPullRelated[66: com.dotcms.rendering.velocity.viewtools.content.util.ContentUtilsTest$TestCase@5efa567b]" classname="com.dotcms.rendering.velocity.viewtools.content.util.ContentUtilsTest" time="6.277"/>
  <testcase name="testPullRelated[67: com.dotcms.rendering.velocity.viewtools.content.util.ContentUtilsTest$TestCase@1bf08c33]" classname="com.dotcms.rendering.velocity.viewtools.content.util.ContentUtilsTest" time="6.139"/>
  <testcase name="testPullRelated[68: com.dotcms.rendering.velocity.viewtools.content.util.ContentUtilsTest$TestCase@1df77919]" classname="com.dotcms.rendering.velocity.viewtools.content.util.ContentUtilsTest" time="5.867"/>
  <testcase name="testPullRelated[69: com.dotcms.rendering.velocity.viewtools.content.util.ContentUtilsTest$TestCase@3f60cdff]" classname="com.dotcms.rendering.velocity.viewtools.content.util.ContentUtilsTest" time="6.068"/>
  <testcase name="testPullRelated[70: com.dotcms.rendering.velocity.viewtools.content.util.ContentUtilsTest$TestCase@33251de6]" classname="com.dotcms.rendering.velocity.viewtools.content.util.ContentUtilsTest" time="6.106"/>
  <testcase name="testPullRelated[71: com.dotcms.rendering.velocity.viewtools.content.util.ContentUtilsTest$TestCase@2cab8ea5]" classname="com.dotcms.rendering.velocity.viewtools.content.util.ContentUtilsTest" time="6.176"/>
  <testcase name="whenPublishAndExpireDatesAreInTheFutureAndTimeMachineIsAfterBoth" classname="com.dotcms.rendering.velocity.viewtools.content.util.ContentUtilsTest" time="2.971"/>
  <testcase name="testPullRelatedForLegacyRelationship[0: com.dotcms.rendering.velocity.viewtools.content.util.ContentUtilsTest$LegacyTestCase@ab21598]" classname="com.dotcms.rendering.velocity.viewtools.content.util.ContentUtilsTest" time="3.676"/>
  <testcase name="testPullRelatedForLegacyRelationship[1: com.dotcms.rendering.velocity.viewtools.content.util.ContentUtilsTest$LegacyTestCase@33043e04]" classname="com.dotcms.rendering.velocity.viewtools.content.util.ContentUtilsTest" time="4.206"/>
  <testcase name="whenTheTimeMachineDateIsAfterTomorrowAndExpireDateIsTomorrowShouldNotReturnContent" classname="com.dotcms.rendering.velocity.viewtools.content.util.ContentUtilsTest" time="2.974"/>
  <testcase name="testPullLiveRelatedWhenLatestVersionIsWorking" classname="com.dotcms.rendering.velocity.viewtools.content.util.ContentUtilsTest" time="3.565"/>
  <testcase name="test_add_relationships_on_parent_children_related_contents" classname="com.dotcms.rendering.velocity.viewtools.content.util.ContentUtilsTest" time="1.492"/>
  <testcase name="testSortPullRelated[0: com.dotcms.rendering.velocity.viewtools.content.util.ContentUtilsTest$SortTestCase@2855dfaf]" classname="com.dotcms.rendering.velocity.viewtools.content.util.ContentUtilsTest" time="1.413"/>
  <testcase name="testSortPullRelated[1: com.dotcms.rendering.velocity.viewtools.content.util.ContentUtilsTest$SortTestCase@587bb2a6]" classname="com.dotcms.rendering.velocity.viewtools.content.util.ContentUtilsTest" time="2.644"/>
  <testcase name="testSortPullRelated[2: com.dotcms.rendering.velocity.viewtools.content.util.ContentUtilsTest$SortTestCase@427f72e4]" classname="com.dotcms.rendering.velocity.viewtools.content.util.ContentUtilsTest" time="1.565"/>
  <testcase name="testSortPullRelated[3: com.dotcms.rendering.velocity.viewtools.content.util.ContentUtilsTest$SortTestCase@509990b1]" classname="com.dotcms.rendering.velocity.viewtools.content.util.ContentUtilsTest" time="2.533"/>
  <testcase name="testSortPullRelated[4: com.dotcms.rendering.velocity.viewtools.content.util.ContentUtilsTest$SortTestCase@563795aa]" classname="com.dotcms.rendering.velocity.viewtools.content.util.ContentUtilsTest" time="2.629"/>
  <testcase name="testSortPullRelated[5: com.dotcms.rendering.velocity.viewtools.content.util.ContentUtilsTest$SortTestCase@535cf348]" classname="com.dotcms.rendering.velocity.viewtools.content.util.ContentUtilsTest" time="2.505"/>
  <testcase name="whenTheTimeMachineDateIsAfterTomorrowAndExpireDateIsInFutureShouldReturnContent" classname="com.dotcms.rendering.velocity.viewtools.content.util.ContentUtilsTest" time="2.994"/>
  <testcase name="testPullRelatedFieldShouldRespectDefaultOrder" classname="com.dotcms.rendering.velocity.viewtools.content.util.ContentUtilsTest" time="2.493"/>
  <system-out><![CDATA[]]></system-out>
  <system-err><![CDATA[]]></system-err>
</testsuite>
