<?xml version="1.0" encoding="UTF-8"?>
<testsuite name="com.dotcms.rest.TagResourceIntegrationTest" tests="4" skipped="0" failures="0" errors="0" timestamp="2023-06-26T16:37:41" hostname="fv-az585-827" time="0.299">
  <properties/>
  <testcase name="testList[0: com.dotcms.rest.TagResourceTestCase@113162e2]" classname="com.dotcms.rest.TagResourceIntegrationTest" time="0.22"/>
  <testcase name="testList[1: com.dotcms.rest.TagResourceTestCase@797a5065]" classname="com.dotcms.rest.TagResourceIntegrationTest" time="0.026"/>
  <testcase name="testList[2: com.dotcms.rest.TagResourceTestCase@58f7433a]" classname="com.dotcms.rest.TagResourceIntegrationTest" time="0.022"/>
  <testcase name="testList[3: com.dotcms.rest.TagResourceTestCase@4879495b]" classname="com.dotcms.rest.TagResourceIntegrationTest" time="0.03"/>
  <system-out><![CDATA[]]></system-out>
  <system-err><![CDATA[Jun 26, 2023 4:37:41 PM com.dotcms.repackage.org.hibernate.validator.internal.util.Version <clinit>
INFO: HV000001: Hibernate Validator 4.3.2.Final
]]></system-err>
</testsuite>
