<?xml version="1.0" encoding="UTF-8"?>
<testsuite name="com.dotmarketing.servlets.ajax.AjaxDirectorServletIntegrationTest" tests="2" skipped="0" failures="0" errors="0" timestamp="2023-06-30T19:25:53" hostname="fv-az621-917" time="1.668">
  <properties/>
  <testcase name="testService[0: com.dotmarketing.servlets.ajax.AjaxDirectorServletTestCase@657cab30]" classname="com.dotmarketing.servlets.ajax.AjaxDirectorServletIntegrationTest" time="0.893"/>
  <testcase name="testService[1: com.dotmarketing.servlets.ajax.AjaxDirectorServletTestCase@50f39502]" classname="com.dotmarketing.servlets.ajax.AjaxDirectorServletIntegrationTest" time="0.775"/>
  <system-out><![CDATA[]]></system-out>
  <system-err><![CDATA[]]></system-err>
</testsuite>
