<?xml version="1.0" encoding="UTF-8"?>
<testsuite name="com.dotcms.rest.api.v1.vtl.VTLResourceIntegrationTest" tests="6" skipped="0" failures="0" errors="0" timestamp="2023-06-23T20:33:56" hostname="fv-az583-526" time="10.995">
  <properties/>
  <testcase name="testGet[0: com.dotcms.rest.api.v1.vtl.VTLResourceTestCase@431b2a2e]" classname="com.dotcms.rest.api.v1.vtl.VTLResourceIntegrationTest" time="1.177"/>
  <testcase name="testGet[1: com.dotcms.rest.api.v1.vtl.VTLResourceTestCase@67fe0fb6]" classname="com.dotcms.rest.api.v1.vtl.VTLResourceIntegrationTest" time="1.906"/>
  <testcase name="testGet[2: com.dotcms.rest.api.v1.vtl.VTLResourceTestCase@5aee86f1]" classname="com.dotcms.rest.api.v1.vtl.VTLResourceIntegrationTest" time="1.918"/>
  <testcase name="testGet[3: com.dotcms.rest.api.v1.vtl.VTLResourceTestCase@3d1ca361]" classname="com.dotcms.rest.api.v1.vtl.VTLResourceIntegrationTest" time="2.14"/>
  <testcase name="testGet[4: com.dotcms.rest.api.v1.vtl.VTLResourceTestCase@27cca4b6]" classname="com.dotcms.rest.api.v1.vtl.VTLResourceIntegrationTest" time="1.94"/>
  <testcase name="testGet[5: com.dotcms.rest.api.v1.vtl.VTLResourceTestCase@30d89c46]" classname="com.dotcms.rest.api.v1.vtl.VTLResourceIntegrationTest" time="1.914"/>
  <system-out><![CDATA[]]></system-out>
  <system-err><![CDATA[]]></system-err>
</testsuite>
