<?xml version="1.0" encoding="UTF-8"?>
<testsuite name="com.dotmarketing.portlets.structure.model.ContentletRelationshipsTest" tests="7" skipped="0" failures="0" errors="0" timestamp="2023-06-26T17:57:30" hostname="fv-az455-779" time="8.743">
  <properties/>
  <testcase name="testDoesAllowOnlyOne[0: com.dotmarketing.portlets.structure.model.ContentletRelationshipsTest$CardinalityTestCase@1015ad62]" classname="com.dotmarketing.portlets.structure.model.ContentletRelationshipsTest" time="0.542"/>
  <testcase name="testDoesAllowOnlyOne[1: com.dotmarketing.portlets.structure.model.ContentletRelationshipsTest$CardinalityTestCase@780df874]" classname="com.dotmarketing.portlets.structure.model.ContentletRelationshipsTest" time="0.524"/>
  <testcase name="testDoesAllowOnlyOne[2: com.dotmarketing.portlets.structure.model.ContentletRelationshipsTest$CardinalityTestCase@30ac058d]" classname="com.dotmarketing.portlets.structure.model.ContentletRelationshipsTest" time="0.535"/>
  <testcase name="testGetRelationshipRecords[0: com.dotmarketing.portlets.structure.model.ContentletRelationshipsTest$TestCase@181642fe]" classname="com.dotmarketing.portlets.structure.model.ContentletRelationshipsTest" time="2.105"/>
  <testcase name="testGetRelationshipRecords[1: com.dotmarketing.portlets.structure.model.ContentletRelationshipsTest$TestCase@25d58223]" classname="com.dotmarketing.portlets.structure.model.ContentletRelationshipsTest" time="2.112"/>
  <testcase name="testGetRelationshipRecords[2: com.dotmarketing.portlets.structure.model.ContentletRelationshipsTest$TestCase@320c00b5]" classname="com.dotmarketing.portlets.structure.model.ContentletRelationshipsTest" time="2.008"/>
  <testcase name="testGetRelationshipRecords[3: com.dotmarketing.portlets.structure.model.ContentletRelationshipsTest$TestCase@625cfb14]" classname="com.dotmarketing.portlets.structure.model.ContentletRelationshipsTest" time="0.916"/>
  <system-out><![CDATA[]]></system-out>
  <system-err><![CDATA[]]></system-err>
</testsuite>
