<?xml version="1.0" encoding="UTF-8"?>
<testsuite name="com.dotmarketing.startup.runonce.Task05160MultiTreeAddPersonalizationColumnAndChangingPKTest" tests="1" skipped="1" failures="0" errors="0" timestamp="2023-06-28T09:37:41" hostname="fv-az554-967" time="0.0">
  <properties/>
  <testcase name="testExecuteUpgrade" classname="com.dotmarketing.startup.runonce.Task05160MultiTreeAddPersonalizationColumnAndChangingPKTest" time="0.0">
    <skipped/>
  </testcase>
  <system-out><![CDATA[]]></system-out>
  <system-err><![CDATA[]]></system-err>
</testsuite>
