<?xml version="1.0" encoding="UTF-8"?>
<testsuite name="com.dotcms.rest.api.v1.menu.MenuResourceTest" tests="1" skipped="0" failures="0" errors="0" timestamp="2023-07-20T01:00:29" hostname="fv-az341-447" time="1.507">
  <properties/>
  <testcase name="test_get_translation" classname="com.dotcms.rest.api.v1.menu.MenuResourceTest" time="1.507"/>
  <system-out><![CDATA[]]></system-out>
  <system-err><![CDATA[]]></system-err>
</testsuite>
