<?xml version="1.0" encoding="UTF-8"?>
<testsuite name="com.dotmarketing.servlets.ajax.AjaxDirectorServletIntegrationTest" tests="2" skipped="0" failures="0" errors="0" timestamp="2023-07-21T15:51:56" hostname="fv-az1098-922" time="2.93">
  <properties/>
  <testcase name="testService[0: com.dotmarketing.servlets.ajax.AjaxDirectorServletTestCase@25018124]" classname="com.dotmarketing.servlets.ajax.AjaxDirectorServletIntegrationTest" time="1.616"/>
  <testcase name="testService[1: com.dotmarketing.servlets.ajax.AjaxDirectorServletTestCase@6d702959]" classname="com.dotmarketing.servlets.ajax.AjaxDirectorServletIntegrationTest" time="1.313"/>
  <system-out><![CDATA[]]></system-out>
  <system-err><![CDATA[]]></system-err>
</testsuite>
