<?xml version="1.0" encoding="UTF-8"?>
<testsuite name="com.dotmarketing.portlets.structure.model.ContentletRelationshipsTest" tests="7" skipped="0" failures="0" errors="0" timestamp="2023-07-07T17:42:14" hostname="fv-az617-548" time="8.728">
  <properties/>
  <testcase name="testDoesAllowOnlyOne[0: com.dotmarketing.portlets.structure.model.ContentletRelationshipsTest$CardinalityTestCase@4a840fe8]" classname="com.dotmarketing.portlets.structure.model.ContentletRelationshipsTest" time="0.734"/>
  <testcase name="testDoesAllowOnlyOne[1: com.dotmarketing.portlets.structure.model.ContentletRelationshipsTest$CardinalityTestCase@420e110]" classname="com.dotmarketing.portlets.structure.model.ContentletRelationshipsTest" time="0.557"/>
  <testcase name="testDoesAllowOnlyOne[2: com.dotmarketing.portlets.structure.model.ContentletRelationshipsTest$CardinalityTestCase@3df3aa5b]" classname="com.dotmarketing.portlets.structure.model.ContentletRelationshipsTest" time="0.52"/>
  <testcase name="testGetRelationshipRecords[0: com.dotmarketing.portlets.structure.model.ContentletRelationshipsTest$TestCase@34054fed]" classname="com.dotmarketing.portlets.structure.model.ContentletRelationshipsTest" time="2.085"/>
  <testcase name="testGetRelationshipRecords[1: com.dotmarketing.portlets.structure.model.ContentletRelationshipsTest$TestCase@5e94fdca]" classname="com.dotmarketing.portlets.structure.model.ContentletRelationshipsTest" time="2.024"/>
  <testcase name="testGetRelationshipRecords[2: com.dotmarketing.portlets.structure.model.ContentletRelationshipsTest$TestCase@5dbfbf69]" classname="com.dotmarketing.portlets.structure.model.ContentletRelationshipsTest" time="0.875"/>
  <testcase name="testGetRelationshipRecords[3: com.dotmarketing.portlets.structure.model.ContentletRelationshipsTest$TestCase@7dbe67f7]" classname="com.dotmarketing.portlets.structure.model.ContentletRelationshipsTest" time="1.932"/>
  <system-out><![CDATA[]]></system-out>
  <system-err><![CDATA[]]></system-err>
</testsuite>
