<?xml version="1.0" encoding="UTF-8"?>
<testsuite name="com.dotmarketing.cache.FolderCacheImplIntegrationTest" tests="2" skipped="0" failures="0" errors="0" timestamp="2023-07-13T22:32:25" hostname="fv-az298-223" time="0.008">
  <properties/>
  <testcase name="testPUT_GivenSystemFolderWithSystemHost_ShouldStillHaveSystemHostInFolder" classname="com.dotmarketing.cache.FolderCacheImplIntegrationTest" time="0.001"/>
  <testcase name="testPUT_GivenSystemFolderWithHostDifferentFromSystemHost_ShouldSetSystemHostToFolder" classname="com.dotmarketing.cache.FolderCacheImplIntegrationTest" time="0.007"/>
  <system-out><![CDATA[]]></system-out>
  <system-err><![CDATA[]]></system-err>
</testsuite>
