<?xml version="1.0" encoding="UTF-8"?>
<testsuite name="com.dotmarketing.portlets.structure.model.ContentletRelationshipsTest" tests="7" skipped="0" failures="0" errors="0" timestamp="2023-06-30T20:10:50" hostname="fv-az1025-316" time="8.686">
  <properties/>
  <testcase name="testDoesAllowOnlyOne[0: com.dotmarketing.portlets.structure.model.ContentletRelationshipsTest$CardinalityTestCase@191662f4]" classname="com.dotmarketing.portlets.structure.model.ContentletRelationshipsTest" time="0.529"/>
  <testcase name="testDoesAllowOnlyOne[1: com.dotmarketing.portlets.structure.model.ContentletRelationshipsTest$CardinalityTestCase@4f180943]" classname="com.dotmarketing.portlets.structure.model.ContentletRelationshipsTest" time="0.517"/>
  <testcase name="testDoesAllowOnlyOne[2: com.dotmarketing.portlets.structure.model.ContentletRelationshipsTest$CardinalityTestCase@3b8b68bb]" classname="com.dotmarketing.portlets.structure.model.ContentletRelationshipsTest" time="0.527"/>
  <testcase name="testGetRelationshipRecords[0: com.dotmarketing.portlets.structure.model.ContentletRelationshipsTest$TestCase@2533e120]" classname="com.dotmarketing.portlets.structure.model.ContentletRelationshipsTest" time="2.212"/>
  <testcase name="testGetRelationshipRecords[1: com.dotmarketing.portlets.structure.model.ContentletRelationshipsTest$TestCase@f9826b0]" classname="com.dotmarketing.portlets.structure.model.ContentletRelationshipsTest" time="1.051"/>
  <testcase name="testGetRelationshipRecords[2: com.dotmarketing.portlets.structure.model.ContentletRelationshipsTest$TestCase@c57411]" classname="com.dotmarketing.portlets.structure.model.ContentletRelationshipsTest" time="1.944"/>
  <testcase name="testGetRelationshipRecords[3: com.dotmarketing.portlets.structure.model.ContentletRelationshipsTest$TestCase@606b1a02]" classname="com.dotmarketing.portlets.structure.model.ContentletRelationshipsTest" time="1.906"/>
  <system-out><![CDATA[]]></system-out>
  <system-err><![CDATA[]]></system-err>
</testsuite>
