<?xml version="1.0" encoding="UTF-8"?>
<testsuite name="com.dotmarketing.portlets.structure.model.ContentletRelationshipsTest" tests="7" skipped="0" failures="0" errors="0" timestamp="2023-06-29T16:36:11" hostname="fv-az397-405" time="7.421">
  <properties/>
  <testcase name="testDoesAllowOnlyOne[0: com.dotmarketing.portlets.structure.model.ContentletRelationshipsTest$CardinalityTestCase@5f622b1b]" classname="com.dotmarketing.portlets.structure.model.ContentletRelationshipsTest" time="0.595"/>
  <testcase name="testDoesAllowOnlyOne[1: com.dotmarketing.portlets.structure.model.ContentletRelationshipsTest$CardinalityTestCase@18fca8c3]" classname="com.dotmarketing.portlets.structure.model.ContentletRelationshipsTest" time="0.524"/>
  <testcase name="testDoesAllowOnlyOne[2: com.dotmarketing.portlets.structure.model.ContentletRelationshipsTest$CardinalityTestCase@403df240]" classname="com.dotmarketing.portlets.structure.model.ContentletRelationshipsTest" time="0.503"/>
  <testcase name="testGetRelationshipRecords[0: com.dotmarketing.portlets.structure.model.ContentletRelationshipsTest$TestCase@688c393e]" classname="com.dotmarketing.portlets.structure.model.ContentletRelationshipsTest" time="1.02"/>
  <testcase name="testGetRelationshipRecords[1: com.dotmarketing.portlets.structure.model.ContentletRelationshipsTest$TestCase@2678edc7]" classname="com.dotmarketing.portlets.structure.model.ContentletRelationshipsTest" time="1.012"/>
  <testcase name="testGetRelationshipRecords[2: com.dotmarketing.portlets.structure.model.ContentletRelationshipsTest$TestCase@5bbfe37b]" classname="com.dotmarketing.portlets.structure.model.ContentletRelationshipsTest" time="1.882"/>
  <testcase name="testGetRelationshipRecords[3: com.dotmarketing.portlets.structure.model.ContentletRelationshipsTest$TestCase@74bfb5be]" classname="com.dotmarketing.portlets.structure.model.ContentletRelationshipsTest" time="1.885"/>
  <system-out><![CDATA[]]></system-out>
  <system-err><![CDATA[]]></system-err>
</testsuite>
