<?xml version="1.0" encoding="UTF-8"?>
<testsuite name="com.dotcms.rest.elasticsearch.ESContentResourcePortletTest" tests="8" skipped="0" failures="0" errors="0" timestamp="2023-06-22T18:56:19" hostname="fv-az419-343" time="9.092">
  <properties/>
  <testcase name="test_search_includeGrandChildCategory_success" classname="com.dotcms.rest.elasticsearch.ESContentResourcePortletTest" time="1.655"/>
  <testcase name="testSearch[0: com.dotcms.rest.elasticsearch.ESContentResourcePortletTest$TestCase@3b0cdcea]" classname="com.dotcms.rest.elasticsearch.ESContentResourcePortletTest" time="1.1"/>
  <testcase name="testSearch[1: com.dotcms.rest.elasticsearch.ESContentResourcePortletTest$TestCase@6a84d495]" classname="com.dotcms.rest.elasticsearch.ESContentResourcePortletTest" time="1.321"/>
  <testcase name="testSearch[2: com.dotcms.rest.elasticsearch.ESContentResourcePortletTest$TestCase@358a3585]" classname="com.dotcms.rest.elasticsearch.ESContentResourcePortletTest" time="1.103"/>
  <testcase name="testSearch[3: com.dotcms.rest.elasticsearch.ESContentResourcePortletTest$TestCase@327addd2]" classname="com.dotcms.rest.elasticsearch.ESContentResourcePortletTest" time="1.308"/>
  <testcase name="testSearch[4: com.dotcms.rest.elasticsearch.ESContentResourcePortletTest$TestCase@6f4cacfb]" classname="com.dotcms.rest.elasticsearch.ESContentResourcePortletTest" time="0.352"/>
  <testcase name="testSearch[5: com.dotcms.rest.elasticsearch.ESContentResourcePortletTest$TestCase@23a0fdfb]" classname="com.dotcms.rest.elasticsearch.ESContentResourcePortletTest" time="1.164"/>
  <testcase name="testSearch[6: com.dotcms.rest.elasticsearch.ESContentResourcePortletTest$TestCase@4762d217]" classname="com.dotcms.rest.elasticsearch.ESContentResourcePortletTest" time="1.088"/>
  <system-out><![CDATA[]]></system-out>
  <system-err><![CDATA[]]></system-err>
</testsuite>
