<?xml version="1.0" encoding="UTF-8"?>
<testsuite name="com.dotcms.rest.api.v1.vtl.VTLResourceIntegrationTest" tests="6" skipped="0" failures="0" errors="0" timestamp="2023-07-18T19:54:36" hostname="fv-az344-517" time="12.284">
  <properties/>
  <testcase name="testGet[0: com.dotcms.rest.api.v1.vtl.VTLResourceTestCase@78023ccc]" classname="com.dotcms.rest.api.v1.vtl.VTLResourceIntegrationTest" time="2.125"/>
  <testcase name="testGet[1: com.dotcms.rest.api.v1.vtl.VTLResourceTestCase@3c01b640]" classname="com.dotcms.rest.api.v1.vtl.VTLResourceIntegrationTest" time="2.104"/>
  <testcase name="testGet[2: com.dotcms.rest.api.v1.vtl.VTLResourceTestCase@19123f26]" classname="com.dotcms.rest.api.v1.vtl.VTLResourceIntegrationTest" time="1.825"/>
  <testcase name="testGet[3: com.dotcms.rest.api.v1.vtl.VTLResourceTestCase@57bb605e]" classname="com.dotcms.rest.api.v1.vtl.VTLResourceIntegrationTest" time="2.081"/>
  <testcase name="testGet[4: com.dotcms.rest.api.v1.vtl.VTLResourceTestCase@3e36d239]" classname="com.dotcms.rest.api.v1.vtl.VTLResourceIntegrationTest" time="2.067"/>
  <testcase name="testGet[5: com.dotcms.rest.api.v1.vtl.VTLResourceTestCase@f34d009]" classname="com.dotcms.rest.api.v1.vtl.VTLResourceIntegrationTest" time="2.082"/>
  <system-out><![CDATA[]]></system-out>
  <system-err><![CDATA[]]></system-err>
</testsuite>
