<?xml version="1.0" encoding="UTF-8"?>
<testsuite name="com.dotmarketing.portlets.workflows.business.WorkflowAPITest" tests="49" skipped="0" failures="0" errors="0" timestamp="2023-07-14T02:36:10" hostname="fv-az268-867" time="49.488">
  <properties/>
  <testcase name="mapSystemActionToWorkflowActionForWorkflowScheme_Null_SystemAction_Test" classname="com.dotmarketing.portlets.workflows.business.WorkflowAPITest" time="0.0"/>
  <testcase name="mapSystemActionToWorkflowActionForWorkflowScheme_Null_Workflow_Scheme_Test" classname="com.dotmarketing.portlets.workflows.business.WorkflowAPITest" time="0.002"/>
  <testcase name="findAvailableActions" classname="com.dotmarketing.portlets.workflows.business.WorkflowAPITest" time="1.528"/>
  <testcase name="deleteWorkflowHistoryOldVersions" classname="com.dotmarketing.portlets.workflows.business.WorkflowAPITest" time="1.101"/>
  <testcase name="onLanguageDeletedEvent_Test" classname="com.dotmarketing.portlets.workflows.business.WorkflowAPITest" time="1.121"/>
  <testcase name="Create_Contentlet_Assign_Task_With_Null_Status_Then_Checkin_Then_Verify_Auto_Assign_is_Called_And_New_Task_Is_Set_Contentlet" classname="com.dotmarketing.portlets.workflows.business.WorkflowAPITest" time="1.182"/>
  <testcase name="saveSchemesForStruct" classname="com.dotmarketing.portlets.workflows.business.WorkflowAPITest" time="0.029"/>
  <testcase name="find_Task_By_Contentlet_Then_Find_Version_Info" classname="com.dotmarketing.portlets.workflows.business.WorkflowAPITest" time="1.336"/>
  <testcase name="fireWorkflowAction_checkPropertiesAreCopied_successfully" classname="com.dotmarketing.portlets.workflows.business.WorkflowAPITest" time="0.953"/>
  <testcase name="hasArchiveActionlet_False_Test" classname="com.dotmarketing.portlets.workflows.business.WorkflowAPITest" time="0.002"/>
  <testcase name="findTaskByContentlet" classname="com.dotmarketing.portlets.workflows.business.WorkflowAPITest" time="1.326"/>
  <testcase name="deleteScheme" classname="com.dotmarketing.portlets.workflows.business.WorkflowAPITest" time="5.533"/>
  <testcase name="validatingDocumentManagementWorkflow" classname="com.dotmarketing.portlets.workflows.business.WorkflowAPITest" time="3.67"/>
  <testcase name="mapSystemActionToWorkflowActionForContentType_Null_WFAction_Test" classname="com.dotmarketing.portlets.workflows.business.WorkflowAPITest" time="0.001"/>
  <testcase name="findStepsByContentlet" classname="com.dotmarketing.portlets.workflows.business.WorkflowAPITest" time="1.466"/>
  <testcase name="mapSystemActionToWorkflowActionForWorkflowScheme_InvalidScheme_Test" classname="com.dotmarketing.portlets.workflows.business.WorkflowAPITest" time="0.005"/>
  <testcase name="findFirstStepExistingTest" classname="com.dotmarketing.portlets.workflows.business.WorkflowAPITest" time="0.003"/>
  <testcase name="findStepsByContentlet_validateIfStepsResultsAreOnCache" classname="com.dotmarketing.portlets.workflows.business.WorkflowAPITest" time="2.037"/>
  <testcase name="findAction" classname="com.dotmarketing.portlets.workflows.business.WorkflowAPITest" time="1.208"/>
  <testcase name="findActions" classname="com.dotmarketing.portlets.workflows.business.WorkflowAPITest" time="0.014"/>
  <testcase name="hasArchiveActionlet_True_Test" classname="com.dotmarketing.portlets.workflows.business.WorkflowAPITest" time="0.003"/>
  <testcase name="saveWorkflowTask" classname="com.dotmarketing.portlets.workflows.business.WorkflowAPITest" time="1.088"/>
  <testcase name="findFirstStepNonExistingTest" classname="com.dotmarketing.portlets.workflows.business.WorkflowAPITest" time="0.001"/>
  <testcase name="copy_system_workflow_success" classname="com.dotmarketing.portlets.workflows.business.WorkflowAPITest" time="0.353"/>
  <testcase name="mapSystemActionToWorkflowActionForContentType_Null_SystemAction_Test" classname="com.dotmarketing.portlets.workflows.business.WorkflowAPITest" time="0.001"/>
  <testcase name="findFirstStepForActionExistingTest" classname="com.dotmarketing.portlets.workflows.business.WorkflowAPITest" time="0.004"/>
  <testcase name="delete_action_and_dependencies_Test" classname="com.dotmarketing.portlets.workflows.business.WorkflowAPITest" time="0.274"/>
  <testcase name="send_permission_with_limited_user_Test" classname="com.dotmarketing.portlets.workflows.business.WorkflowAPITest" time="1.827"/>
  <testcase name="mapSystemActionToWorkflowActionForContentType_Test" classname="com.dotmarketing.portlets.workflows.business.WorkflowAPITest" time="0.041"/>
  <testcase name="issue5197" classname="com.dotmarketing.portlets.workflows.business.WorkflowAPITest" time="1.688"/>
  <testcase name="hasPublishActionlet_False_Test" classname="com.dotmarketing.portlets.workflows.business.WorkflowAPITest" time="0.003"/>
  <testcase name="mapSystemActionToWorkflowActionForContentType_InvalidHost_ContentType_Test" classname="com.dotmarketing.portlets.workflows.business.WorkflowAPITest" time="0.003"/>
  <testcase name="findAvailableActions_working_version_get_empty_actions" classname="com.dotmarketing.portlets.workflows.business.WorkflowAPITest" time="1.809"/>
  <testcase name="hasSaveActionlet_True_Test" classname="com.dotmarketing.portlets.workflows.business.WorkflowAPITest" time="0.01"/>
  <testcase name="test_create_workflow_with_two_move_actionlets_test_findActions" classname="com.dotmarketing.portlets.workflows.business.WorkflowAPITest" time="0.062"/>
  <testcase name="mapSystemActionToWorkflowActionForWorkflowScheme_Test" classname="com.dotmarketing.portlets.workflows.business.WorkflowAPITest" time="2.343"/>
  <testcase name="validatingNoObligatorieContentTypeWorkflow" classname="com.dotmarketing.portlets.workflows.business.WorkflowAPITest" time="0.294"/>
  <testcase name="findSchemesForContenttype_validateIfSchemesResultsAreOnCache" classname="com.dotmarketing.portlets.workflows.business.WorkflowAPITest" time="1.389"/>
  <testcase name="saveScheme_keepExistingContentWorkflowTaskStatus_IfWorkflowSchemeRemainsAssociated" classname="com.dotmarketing.portlets.workflows.business.WorkflowAPITest" time="1.472"/>
  <testcase name="findFirstStepForActionNonExistingTest" classname="com.dotmarketing.portlets.workflows.business.WorkflowAPITest" time="0.001"/>
  <testcase name="mapSystemActionToWorkflowActionForContentType_Null_ContentType_Test" classname="com.dotmarketing.portlets.workflows.business.WorkflowAPITest" time="0.003"/>
  <testcase name="hasPublishActionlet_True_Test" classname="com.dotmarketing.portlets.workflows.business.WorkflowAPITest" time="0.002"/>
  <testcase name="mapSystemActionToWorkflowActionForWorkflowScheme_Null_WFAction_Test" classname="com.dotmarketing.portlets.workflows.business.WorkflowAPITest" time="0.002"/>
  <testcase name="findActionsRestrictedByPermission" classname="com.dotmarketing.portlets.workflows.business.WorkflowAPITest" time="0.1"/>
  <testcase name="findActionRespectingPermissions" classname="com.dotmarketing.portlets.workflows.business.WorkflowAPITest" time="1.177"/>
  <testcase name="findActionMappedBySystemActionContentlet_Test" classname="com.dotmarketing.portlets.workflows.business.WorkflowAPITest" time="1.584"/>
  <testcase name="hasSaveActionlet_False_Test" classname="com.dotmarketing.portlets.workflows.business.WorkflowAPITest" time="0.017"/>
  <testcase name="testPushIndexUpdate" classname="com.dotmarketing.portlets.workflows.business.WorkflowAPITest" time="10.845"/>
  <testcase name="archive_success_whenWorkflowIsArchived" classname="com.dotmarketing.portlets.workflows.business.WorkflowAPITest" time="0.561"/>
  <system-out><![CDATA[



]]></system-out>
  <system-err><![CDATA[]]></system-err>
</testsuite>
