<?xml version="1.0" encoding="UTF-8"?>
<testsuite name="com.dotcms.integritycheckers.ContentPageIntegrityCheckerTest" tests="2" skipped="0" failures="0" errors="0" timestamp="2023-07-20T23:50:12" hostname="fv-az550-580" time="5.789">
  <properties/>
  <testcase name="TestFixConflictGeneratesContentletAsJson" classname="com.dotcms.integritycheckers.ContentPageIntegrityCheckerTest" time="3.458"/>
  <testcase name="test_executeFix_identifierColumnsNotNull" classname="com.dotcms.integritycheckers.ContentPageIntegrityCheckerTest" time="2.331"/>
  <system-out><![CDATA[]]></system-out>
  <system-err><![CDATA[]]></system-err>
</testsuite>
