<?xml version="1.0" encoding="UTF-8"?>
<testsuite name="com.dotmarketing.common.db.DotDatabaseMetaDataTest" tests="8" skipped="0" failures="0" errors="0" timestamp="2023-07-19T16:04:08" hostname="fv-az218-51" time="0.064">
  <properties/>
  <testcase name="getColumnNames" classname="com.dotmarketing.common.db.DotDatabaseMetaDataTest" time="0.008"/>
  <testcase name="tableNotExistsTest" classname="com.dotmarketing.common.db.DotDatabaseMetaDataTest" time="0.004"/>
  <testcase name="getForeignKeysTest" classname="com.dotmarketing.common.db.DotDatabaseMetaDataTest" time="0.017"/>
  <testcase name="tableExistsTest" classname="com.dotmarketing.common.db.DotDatabaseMetaDataTest" time="0.002"/>
  <testcase name="getPrimaryKeyFields" classname="com.dotmarketing.common.db.DotDatabaseMetaDataTest" time="0.004"/>
  <testcase name="getModifiedColumnLength" classname="com.dotmarketing.common.db.DotDatabaseMetaDataTest" time="0.011"/>
  <testcase name="findForeignKeysTest" classname="com.dotmarketing.common.db.DotDatabaseMetaDataTest" time="0.014"/>
  <testcase name="getContentletVersionInfoPrimaryKeyFields" classname="com.dotmarketing.common.db.DotDatabaseMetaDataTest" time="0.003"/>
  <system-out><![CDATA[



]]></system-out>
  <system-err><![CDATA[]]></system-err>
</testsuite>
