<?xml version="1.0" encoding="UTF-8"?>
<testsuite name="com.dotcms.auth.providers.saml.v1.DotSamlResourceTest" tests="1" skipped="0" failures="0" errors="0" timestamp="2023-06-28T17:50:22" hostname="fv-az842-670" time="0.068">
  <properties/>
  <testcase name="testMetadata" classname="com.dotcms.auth.providers.saml.v1.DotSamlResourceTest" time="0.068"/>
  <system-out><![CDATA[]]></system-out>
  <system-err><![CDATA[]]></system-err>
</testsuite>
