<?xml version="1.0" encoding="UTF-8"?>
<testsuite name="com.dotmarketing.portlets.rules.business.RulesCacheFTest" tests="9" skipped="0" failures="0" errors="0" timestamp="2023-07-19T23:49:57" hostname="fv-az713-951" time="0.242">
  <properties/>
  <testcase name="testgetRulesByParentFireOnReturnsNullWhenConditionOfCachedRuleOnSameHostIsDeleted" classname="com.dotmarketing.portlets.rules.business.RulesCacheFTest" time="0.033"/>
  <testcase name="testgetRulesByParentFireOnReturnsNullWhenConditionValueOfCachedRuleOnSameHostIsDeleted" classname="com.dotmarketing.portlets.rules.business.RulesCacheFTest" time="0.031"/>
  <testcase name="testgetRulesByParentFireOnReturnsNullWhenConditionGroupOfCachedRuleOnSameHostIsUpdated" classname="com.dotmarketing.portlets.rules.business.RulesCacheFTest" time="0.02"/>
  <testcase name="testgetRulesByParentFireOnReturnsNullWhenConditionsOfCachedRuleOnSameHostAreDeletedByGroup" classname="com.dotmarketing.portlets.rules.business.RulesCacheFTest" time="0.025"/>
  <testcase name="testgetRulesByParentFireOnReturnsNullWhenConditionOfCachedRuleOnSameHostIsUpdated" classname="com.dotmarketing.portlets.rules.business.RulesCacheFTest" time="0.03"/>
  <testcase name="testgetRulesByParentFireOnReturnsNullWhenConditionValuesOfCachedRuleOnSameHostIsDeleted" classname="com.dotmarketing.portlets.rules.business.RulesCacheFTest" time="0.029"/>
  <testcase name="testgetRulesByParentFireOnReturnsNullWhenCachedRuleOnSameHostIsUpdated" classname="com.dotmarketing.portlets.rules.business.RulesCacheFTest" time="0.034"/>
  <testcase name="testgetRulesByParentFireOnReturnsNullWhenConditionValueOfCachedRuleOnSameHostIsUpdated" classname="com.dotmarketing.portlets.rules.business.RulesCacheFTest" time="0.025"/>
  <testcase name="testgetRulesByParentFireOnReturnsNullWhenConditionGroupOfCachedRuleOnSameHostIsDeleted" classname="com.dotmarketing.portlets.rules.business.RulesCacheFTest" time="0.013"/>
  <system-out><![CDATA[]]></system-out>
  <system-err><![CDATA[]]></system-err>
</testsuite>
