<?xml version="1.0" encoding="UTF-8"?>
<testsuite name="com.dotcms.rendering.velocity.viewtools.DotTemplateToolTest" tests="6" skipped="0" failures="0" errors="0" timestamp="2023-07-10T23:20:06" hostname="fv-az487-466" time="4.153">
  <properties/>
  <testcase name="whenHostNameHasComma" classname="com.dotcms.rendering.velocity.viewtools.DotTemplateToolTest" time="0.01"/>
  <testcase name="whenGetMaxUUIDToDrawedTemplate" classname="com.dotcms.rendering.velocity.viewtools.DotTemplateToolTest" time="0.065"/>
  <testcase name="whenGetMaxUUIDToAdvancedTemplate" classname="com.dotcms.rendering.velocity.viewtools.DotTemplateToolTest" time="0.051"/>
  <testcase name="themeNull" classname="com.dotcms.rendering.velocity.viewtools.DotTemplateToolTest" time="0.921"/>
  <testcase name="theme" classname="com.dotcms.rendering.velocity.viewtools.DotTemplateToolTest" time="2.108"/>
  <testcase name="themeDoesNotExists" classname="com.dotcms.rendering.velocity.viewtools.DotTemplateToolTest" time="0.998"/>
  <system-out><![CDATA[
]]></system-out>
  <system-err><![CDATA[]]></system-err>
</testsuite>
