<?xml version="1.0" encoding="UTF-8"?>
<testsuite name="com.dotcms.rest.api.v1.vtl.VTLResourceIntegrationTest" tests="6" skipped="0" failures="0" errors="0" timestamp="2023-06-27T19:55:59" hostname="fv-az1246-735" time="11.127">
  <properties/>
  <testcase name="testGet[0: com.dotcms.rest.api.v1.vtl.VTLResourceTestCase@6e722e4e]" classname="com.dotcms.rest.api.v1.vtl.VTLResourceIntegrationTest" time="2.243"/>
  <testcase name="testGet[1: com.dotcms.rest.api.v1.vtl.VTLResourceTestCase@350d329d]" classname="com.dotcms.rest.api.v1.vtl.VTLResourceIntegrationTest" time="1.007"/>
  <testcase name="testGet[2: com.dotcms.rest.api.v1.vtl.VTLResourceTestCase@18165445]" classname="com.dotcms.rest.api.v1.vtl.VTLResourceIntegrationTest" time="1.906"/>
  <testcase name="testGet[3: com.dotcms.rest.api.v1.vtl.VTLResourceTestCase@33fb8bed]" classname="com.dotcms.rest.api.v1.vtl.VTLResourceIntegrationTest" time="2.185"/>
  <testcase name="testGet[4: com.dotcms.rest.api.v1.vtl.VTLResourceTestCase@4c04d382]" classname="com.dotcms.rest.api.v1.vtl.VTLResourceIntegrationTest" time="1.833"/>
  <testcase name="testGet[5: com.dotcms.rest.api.v1.vtl.VTLResourceTestCase@10c18945]" classname="com.dotcms.rest.api.v1.vtl.VTLResourceIntegrationTest" time="1.953"/>
  <system-out><![CDATA[]]></system-out>
  <system-err><![CDATA[]]></system-err>
</testsuite>
