<?xml version="1.0" encoding="UTF-8"?>
<testsuite name="com.dotcms.contenttype.test.ContentResourceTest" tests="52" skipped="0" failures="0" errors="0" timestamp="2023-07-14T22:20:04" hostname="fv-az613-925" time="135.658">
  <properties/>
  <testcase name="testGetContentShouldReturnIconDetails" classname="com.dotcms.contenttype.test.ContentResourceTest" time="1.462"/>
  <testcase name="Test_Save_Action_Set_Words_To_Required_NumericField_Issue_15340" classname="com.dotcms.contenttype.test.ContentResourceTest" time="0.801"/>
  <testcase name="test_getContent_includeGrandChildCategory_success" classname="com.dotcms.contenttype.test.ContentResourceTest" time="1.238"/>
  <testcase name="testGetContentWithRelatedParameter[0: com.dotcms.contenttype.test.ContentResourceTest$PullRelatedTestCase@acb104a]" classname="com.dotcms.contenttype.test.ContentResourceTest" time="3.753"/>
  <testcase name="testGetContentWithRelatedParameter[1: com.dotcms.contenttype.test.ContentResourceTest$PullRelatedTestCase@205cf373]" classname="com.dotcms.contenttype.test.ContentResourceTest" time="3.456"/>
  <testcase name="testGetContentWithRelatedParameter[2: com.dotcms.contenttype.test.ContentResourceTest$PullRelatedTestCase@6524438d]" classname="com.dotcms.contenttype.test.ContentResourceTest" time="3.8"/>
  <testcase name="testGetContentWithRelatedParameter[3: com.dotcms.contenttype.test.ContentResourceTest$PullRelatedTestCase@409ea229]" classname="com.dotcms.contenttype.test.ContentResourceTest" time="2.45"/>
  <testcase name="testGetContentWithRelatedParameter[4: com.dotcms.contenttype.test.ContentResourceTest$PullRelatedTestCase@1285a330]" classname="com.dotcms.contenttype.test.ContentResourceTest" time="3.664"/>
  <testcase name="test_getContent_SelfRelatedWith3LevelsOfDepth_shouldReturnRelationships" classname="com.dotcms.contenttype.test.ContentResourceTest" time="1.26"/>
  <testcase name="Test_Save_Action_Send_Fields_SubSet_Issue_15340" classname="com.dotcms.contenttype.test.ContentResourceTest" time="1.706"/>
  <testcase name="test_getContent_shouldReturnRelationships[0: com.dotcms.contenttype.test.ContentResourceTest$TestCase@55850d78]" classname="com.dotcms.contenttype.test.ContentResourceTest" time="2.828"/>
  <testcase name="test_getContent_shouldReturnRelationships[1: com.dotcms.contenttype.test.ContentResourceTest$TestCase@127a046e]" classname="com.dotcms.contenttype.test.ContentResourceTest" time="1.83"/>
  <testcase name="test_getContent_shouldReturnRelationships[2: com.dotcms.contenttype.test.ContentResourceTest$TestCase@274063e2]" classname="com.dotcms.contenttype.test.ContentResourceTest" time="2.837"/>
  <testcase name="test_getContent_shouldReturnRelationships[3: com.dotcms.contenttype.test.ContentResourceTest$TestCase@18e3c819]" classname="com.dotcms.contenttype.test.ContentResourceTest" time="1.847"/>
  <testcase name="test_getContent_shouldReturnRelationships[4: com.dotcms.contenttype.test.ContentResourceTest$TestCase@65f0f8b0]" classname="com.dotcms.contenttype.test.ContentResourceTest" time="2.82"/>
  <testcase name="test_getContent_shouldReturnRelationships[5: com.dotcms.contenttype.test.ContentResourceTest$TestCase@276bd914]" classname="com.dotcms.contenttype.test.ContentResourceTest" time="2.733"/>
  <testcase name="test_getContent_shouldReturnRelationships[6: com.dotcms.contenttype.test.ContentResourceTest$TestCase@390e168]" classname="com.dotcms.contenttype.test.ContentResourceTest" time="2.925"/>
  <testcase name="test_getContent_shouldReturnRelationships[7: com.dotcms.contenttype.test.ContentResourceTest$TestCase@5b54203]" classname="com.dotcms.contenttype.test.ContentResourceTest" time="2.924"/>
  <testcase name="test_getContent_shouldReturnRelationships[8: com.dotcms.contenttype.test.ContentResourceTest$TestCase@67621f7d]" classname="com.dotcms.contenttype.test.ContentResourceTest" time="3.053"/>
  <testcase name="test_getContent_shouldReturnRelationships[9: com.dotcms.contenttype.test.ContentResourceTest$TestCase@1e38c9fc]" classname="com.dotcms.contenttype.test.ContentResourceTest" time="3.161"/>
  <testcase name="test_getContent_shouldReturnRelationships[10: com.dotcms.contenttype.test.ContentResourceTest$TestCase@1a27e0f2]" classname="com.dotcms.contenttype.test.ContentResourceTest" time="2.929"/>
  <testcase name="test_getContent_shouldReturnRelationships[11: com.dotcms.contenttype.test.ContentResourceTest$TestCase@35ad1cef]" classname="com.dotcms.contenttype.test.ContentResourceTest" time="2.862"/>
  <testcase name="test_getContent_shouldReturnRelationships[12: com.dotcms.contenttype.test.ContentResourceTest$TestCase@424374d0]" classname="com.dotcms.contenttype.test.ContentResourceTest" time="2.809"/>
  <testcase name="test_getContent_shouldReturnRelationships[13: com.dotcms.contenttype.test.ContentResourceTest$TestCase@1a6c224d]" classname="com.dotcms.contenttype.test.ContentResourceTest" time="2.839"/>
  <testcase name="test_getContent_shouldReturnRelationships[14: com.dotcms.contenttype.test.ContentResourceTest$TestCase@3f697182]" classname="com.dotcms.contenttype.test.ContentResourceTest" time="2.959"/>
  <testcase name="test_getContent_shouldReturnRelationships[15: com.dotcms.contenttype.test.ContentResourceTest$TestCase@627e58e4]" classname="com.dotcms.contenttype.test.ContentResourceTest" time="2.8"/>
  <testcase name="test_getContent_shouldReturnRelationships[16: com.dotcms.contenttype.test.ContentResourceTest$TestCase@3bc2458f]" classname="com.dotcms.contenttype.test.ContentResourceTest" time="3.687"/>
  <testcase name="test_getContent_shouldReturnRelationships[17: com.dotcms.contenttype.test.ContentResourceTest$TestCase@40c776f0]" classname="com.dotcms.contenttype.test.ContentResourceTest" time="2.872"/>
  <testcase name="test_getContent_shouldReturnRelationships[18: com.dotcms.contenttype.test.ContentResourceTest$TestCase@3456fa0b]" classname="com.dotcms.contenttype.test.ContentResourceTest" time="3.049"/>
  <testcase name="test_getContent_shouldReturnRelationships[19: com.dotcms.contenttype.test.ContentResourceTest$TestCase@247f3d1d]" classname="com.dotcms.contenttype.test.ContentResourceTest" time="2.936"/>
  <testcase name="test_getContent_shouldReturnRelationships[20: com.dotcms.contenttype.test.ContentResourceTest$TestCase@db8fa20]" classname="com.dotcms.contenttype.test.ContentResourceTest" time="3.144"/>
  <testcase name="test_getContent_shouldReturnRelationships[21: com.dotcms.contenttype.test.ContentResourceTest$TestCase@76b36d91]" classname="com.dotcms.contenttype.test.ContentResourceTest" time="3.175"/>
  <testcase name="test_getContent_shouldReturnRelationships[22: com.dotcms.contenttype.test.ContentResourceTest$TestCase@75b657ee]" classname="com.dotcms.contenttype.test.ContentResourceTest" time="2.862"/>
  <testcase name="test_getContent_shouldReturnRelationships[23: com.dotcms.contenttype.test.ContentResourceTest$TestCase@287c1b90]" classname="com.dotcms.contenttype.test.ContentResourceTest" time="1.971"/>
  <testcase name="test_getContent_shouldReturnRelationships[24: com.dotcms.contenttype.test.ContentResourceTest$TestCase@625f8d45]" classname="com.dotcms.contenttype.test.ContentResourceTest" time="2.982"/>
  <testcase name="test_getContent_shouldReturnRelationships[25: com.dotcms.contenttype.test.ContentResourceTest$TestCase@fedbb7a]" classname="com.dotcms.contenttype.test.ContentResourceTest" time="3.101"/>
  <testcase name="test_getContent_shouldReturnRelationships[26: com.dotcms.contenttype.test.ContentResourceTest$TestCase@4823944e]" classname="com.dotcms.contenttype.test.ContentResourceTest" time="3.075"/>
  <testcase name="test_getContent_shouldReturnRelationships[27: com.dotcms.contenttype.test.ContentResourceTest$TestCase@4bb641]" classname="com.dotcms.contenttype.test.ContentResourceTest" time="2.942"/>
  <testcase name="test_getContent_shouldReturnRelationships[28: com.dotcms.contenttype.test.ContentResourceTest$TestCase@1ee026a8]" classname="com.dotcms.contenttype.test.ContentResourceTest" time="2.937"/>
  <testcase name="test_getContent_shouldReturnRelationships[29: com.dotcms.contenttype.test.ContentResourceTest$TestCase@7cb46865]" classname="com.dotcms.contenttype.test.ContentResourceTest" time="2.866"/>
  <testcase name="test_getContent_shouldReturnRelationships[30: com.dotcms.contenttype.test.ContentResourceTest$TestCase@28e11259]" classname="com.dotcms.contenttype.test.ContentResourceTest" time="2.841"/>
  <testcase name="test_getContent_shouldReturnRelationships[31: com.dotcms.contenttype.test.ContentResourceTest$TestCase@754550ba]" classname="com.dotcms.contenttype.test.ContentResourceTest" time="1.797"/>
  <testcase name="test_getContent_shouldReturnRelationships[32: com.dotcms.contenttype.test.ContentResourceTest$TestCase@6a0feddc]" classname="com.dotcms.contenttype.test.ContentResourceTest" time="3.899"/>
  <testcase name="test_getContent_shouldReturnRelationships[33: com.dotcms.contenttype.test.ContentResourceTest$TestCase@35a747b8]" classname="com.dotcms.contenttype.test.ContentResourceTest" time="3.67"/>
  <testcase name="testSinglePOST_InvalidParamsShouldReturn400[0: ({\n    &quot;stInode&quot; : &quot;InvalidValue&quot;,\n    &quot;numeric&quot; : &quot;0&quot;,\n    &quot;image&quot; : &quot;whatever&quot;\n}, Bad Request)]" classname="com.dotcms.contenttype.test.ContentResourceTest" time="0.803"/>
  <testcase name="testSinglePOST_InvalidParamsShouldReturn400[1: ({\n    &quot;numeric&quot; : &quot;0&quot;,\n    &quot;image&quot; : &quot;whatever&quot;\n}, Bad Request)]" classname="com.dotcms.contenttype.test.ContentResourceTest" time="0.781"/>
  <testcase name="Test_Save_Action_Set_Null_To_Required_NumericField_Issue_15340" classname="com.dotcms.contenttype.test.ContentResourceTest" time="0.801"/>
  <testcase name="Test_Save_Action_Remove_Image_Then_Verify_Fields_Were_Cleared_Issue_15340" classname="com.dotcms.contenttype.test.ContentResourceTest" time="3.593"/>
  <testcase name="test_getContentWithMultipleSelfRelated_shouldReturnRelationships[0: com.dotcms.contenttype.test.ContentResourceTest$PullSelfRelatedTestCase@4a6baa0b]" classname="com.dotcms.contenttype.test.ContentResourceTest" time="1.582"/>
  <testcase name="test_getContentWithMultipleSelfRelated_shouldReturnRelationships[1: com.dotcms.contenttype.test.ContentResourceTest$PullSelfRelatedTestCase@5f9fdf97]" classname="com.dotcms.contenttype.test.ContentResourceTest" time="1.544"/>
  <testcase name="testGetContentWithAllCategoriesInfo[0: json]" classname="com.dotcms.contenttype.test.ContentResourceTest" time="2.544"/>
  <testcase name="testGetContentWithAllCategoriesInfo[1: xml]" classname="com.dotcms.contenttype.test.ContentResourceTest" time="2.447"/>
  <system-out><![CDATA[











]]></system-out>
  <system-err><![CDATA[]]></system-err>
</testsuite>
