<?xml version="1.0" encoding="UTF-8"?>
<testsuite name="com.dotcms.rest.api.v1.configuration.ConfigurationResourceTest" tests="1" skipped="0" failures="0" errors="0" timestamp="2023-06-30T18:58:40" hostname="fv-az621-917" time="0.082">
  <properties/>
  <testcase name="testVerifyConfigurationData" classname="com.dotcms.rest.api.v1.configuration.ConfigurationResourceTest" time="0.082"/>
  <system-out><![CDATA[]]></system-out>
  <system-err><![CDATA[]]></system-err>
</testsuite>
