<?xml version="1.0" encoding="UTF-8"?>
<testsuite name="com.dotcms.rest.api.v2.contenttype.FieldResourceTest" tests="29" skipped="0" failures="0" errors="0" timestamp="2023-07-18T16:47:23" hostname="fv-az370-360" time="3.815">
  <properties/>
  <testcase name="testFieldMultiSelect" classname="com.dotcms.rest.api.v2.contenttype.FieldResourceTest" time="0.394"/>
  <testcase name="testFieldWysiwyg" classname="com.dotcms.rest.api.v2.contenttype.FieldResourceTest" time="0.264"/>
  <testcase name="testFieldCheckbox" classname="com.dotcms.rest.api.v2.contenttype.FieldResourceTest" time="0.091"/>
  <testcase name="testFieldDateTime" classname="com.dotcms.rest.api.v2.contenttype.FieldResourceTest" time="0.128"/>
  <testcase name="testFieldBinary" classname="com.dotcms.rest.api.v2.contenttype.FieldResourceTest" time="0.104"/>
  <testcase name="testFieldCustom" classname="com.dotcms.rest.api.v2.contenttype.FieldResourceTest" time="0.111"/>
  <testcase name="testFieldHidden" classname="com.dotcms.rest.api.v2.contenttype.FieldResourceTest" time="0.088"/>
  <testcase name="testFieldSelect" classname="com.dotcms.rest.api.v2.contenttype.FieldResourceTest" time="0.244"/>
  <testcase name="testFieldTag" classname="com.dotcms.rest.api.v2.contenttype.FieldResourceTest" time="0.127"/>
  <testcase name="testFieldImage" classname="com.dotcms.rest.api.v2.contenttype.FieldResourceTest" time="0.1"/>
  <testcase name="testFieldRadio" classname="com.dotcms.rest.api.v2.contenttype.FieldResourceTest" time="0.258"/>
  <testcase name="testFieldsList" classname="com.dotcms.rest.api.v2.contenttype.FieldResourceTest" time="0.009"/>
  <testcase name="testFieldPermissionTab" classname="com.dotcms.rest.api.v2.contenttype.FieldResourceTest" time="0.099"/>
  <testcase name="testCreateRelationshipFieldWithDash_Return400" classname="com.dotcms.rest.api.v2.contenttype.FieldResourceTest" time="0.004"/>
  <testcase name="testFieldHostFolder" classname="com.dotcms.rest.api.v2.contenttype.FieldResourceTest" time="0.081"/>
  <testcase name="testFieldRelationshipsTab" classname="com.dotcms.rest.api.v2.contenttype.FieldResourceTest" time="0.086"/>
  <testcase name="testFieldLineDivider" classname="com.dotcms.rest.api.v2.contenttype.FieldResourceTest" time="0.083"/>
  <testcase name="testFieldTabDividerField" classname="com.dotcms.rest.api.v2.contenttype.FieldResourceTest" time="0.088"/>
  <testcase name="testUpdateFieldVariable_Return400" classname="com.dotcms.rest.api.v2.contenttype.FieldResourceTest" time="0.292"/>
  <testcase name="testFieldTextArea" classname="com.dotcms.rest.api.v2.contenttype.FieldResourceTest" time="0.246"/>
  <testcase name="testFieldConstant" classname="com.dotcms.rest.api.v2.contenttype.FieldResourceTest" time="0.097"/>
  <testcase name="testCreateRelationshipFieldWithoutRelationType_Return400" classname="com.dotcms.rest.api.v2.contenttype.FieldResourceTest" time="0.005"/>
  <testcase name="testFieldCategory" classname="com.dotcms.rest.api.v2.contenttype.FieldResourceTest" time="0.106"/>
  <testcase name="testCreateRelationshipFieldWithoutContentTypeId_Return400" classname="com.dotcms.rest.api.v2.contenttype.FieldResourceTest" time="0.005"/>
  <testcase name="testFieldDate" classname="com.dotcms.rest.api.v2.contenttype.FieldResourceTest" time="0.148"/>
  <testcase name="testFieldFile" classname="com.dotcms.rest.api.v2.contenttype.FieldResourceTest" time="0.088"/>
  <testcase name="testFieldText" classname="com.dotcms.rest.api.v2.contenttype.FieldResourceTest" time="0.232"/>
  <testcase name="testFieldTime" classname="com.dotcms.rest.api.v2.contenttype.FieldResourceTest" time="0.137"/>
  <testcase name="testFieldKeyValue" classname="com.dotcms.rest.api.v2.contenttype.FieldResourceTest" time="0.094"/>
  <system-out><![CDATA[]]></system-out>
  <system-err><![CDATA[]]></system-err>
</testsuite>
