<?xml version="1.0" encoding="UTF-8"?>
<testsuite name="com.dotcms.mock.request.CachedParameterDecoratorTest" tests="1" skipped="0" failures="0" errors="0" timestamp="2023-07-20T00:04:27" hostname="fv-az713-951" time="0.006">
  <properties/>
  <testcase name="testDecorate" classname="com.dotcms.mock.request.CachedParameterDecoratorTest" time="0.006"/>
  <system-out><![CDATA[]]></system-out>
  <system-err><![CDATA[]]></system-err>
</testsuite>
