<?xml version="1.0" encoding="UTF-8"?>
<testsuite name="com.dotcms.contenttype.test.DeleteFieldJobTest" tests="1" skipped="0" failures="0" errors="0" timestamp="2023-06-26T18:49:22" hostname="fv-az404-370" time="4.499">
  <properties/>
  <testcase name="testFieldDelete" classname="com.dotcms.contenttype.test.DeleteFieldJobTest" time="4.499"/>
  <system-out><![CDATA[]]></system-out>
  <system-err><![CDATA[]]></system-err>
</testsuite>
