<?xml version="1.0" encoding="UTF-8"?>
<testsuite name="com.dotmarketing.business.DeterministicIdentifierAPITest" tests="16" skipped="0" failures="0" errors="0" timestamp="2023-06-30T20:20:32" hostname="fv-az470-104" time="1.274">
  <properties/>
  <testcase name="Test_Category_Path_Seed_And_Id" classname="com.dotmarketing.business.DeterministicIdentifierAPITest" time="0.025"/>
  <testcase name="Test_Language_Deterministic_Id[0: LanguageTestCase{expectedSeed='Language:es:US', expectedHash=4913155, langCode='es', countryCode='US', country='United States'}]" classname="com.dotmarketing.business.DeterministicIdentifierAPITest" time="0.001"/>
  <testcase name="Test_Language_Deterministic_Id[1: LanguageTestCase{expectedSeed='Language:ep:', expectedHash=5292269, langCode='ep', countryCode='', country=''}]" classname="com.dotmarketing.business.DeterministicIdentifierAPITest" time="0.001"/>
  <testcase name="Test_Language_Deterministic_Id[2: LanguageTestCase{expectedSeed='Language:sg:SAG', expectedHash=4713118, langCode='sg', countryCode='SAG', country=''}]" classname="com.dotmarketing.business.DeterministicIdentifierAPITest" time="0.001"/>
  <testcase name="Test_Language_Deterministic_Id[3: LanguageTestCase{expectedSeed='Language:en:NZ', expectedHash=5382528, langCode='en', countryCode='NZ', country='New Zealand'}]" classname="com.dotmarketing.business.DeterministicIdentifierAPITest" time="0.001"/>
  <testcase name="Test_Category_None_Persisted_Category_Should_Return_Deterministic_Id" classname="com.dotmarketing.business.DeterministicIdentifierAPITest" time="0.001"/>
  <testcase name="Test_Asset_Generate_Deterministic_Id_Best_Effort[0: TestCase{versionable=my.host1688156051267.com, parent=System Host, expectedName='my.host1688156051267.com', expectedType='Host'}]" classname="com.dotmarketing.business.DeterministicIdentifierAPITest" time="0.003"/>
  <testcase name="Test_Asset_Generate_Deterministic_Id_Best_Effort[1: TestCase{versionable=com.dotmarketing.portlets.contentlet.model.Contentlet@61a4367f[map={modDate=2023-06-30 20:14:12.117, fileName=file7029712452206945734.txt, title=file7029712452206945734.txt, inode=3809bd18-7376-4a6e-b898-636936e485e8, __IS_NEW_CONTENT__=true, disabledWYSIWYG=[], host=9d4191e2-d5d1-4350-b661-25e809e146a7, stInode=33888b6f-7a8e-4069-b1b6-5c1aa9d0a48d, owner=system, identifier=118aa0f3-3542-441c-99b7-6d73b47d6b5b, nullProperties=[wfExpireDate, wfPublishDate, wfActionAssign, wfActionId, wfActionComments, filterKey, whereToSend, wfNeverExpire, _path_to_move, timezoneId, iWantTo, wfPublishTime, wfExpireTime], languageId=1, fileAsset=/home/runner/work/core/custom/assets/3/8/3809bd18-7376-4a6e-b898-636936e485e8/fileAsset/file7029712452206945734.txt, folder=154419a7-b410-48e6-8b21-5ef225b1ef8d, __disable_workflow__=true, sortOrder=0, modUser=system},lowIndexPriority=false,variantId=DEFAULT], parent=com.dotmarketing.portlets.folders.model.Folder@6d3193b8[identifier=154419a7-b410-48e6-8b21-5ef225b1ef8d,name=testName1688156052109,sortOrder=0,showOnMenu=false,hostId=9d4191e2-d5d1-4350-b661-25e809e146a7,type=folder,title=testTitle1688156052109,filesMasks=,defaultFileType=33888b6f-7a8e-4069-b1b6-5c1aa9d0a48d,modDate=2023-06-30 20:14:12.112,owner=&lt;null&gt;,iDate=2023-06-30 20:14:12.112,inode=154419a7-b410-48e6-8b21-5ef225b1ef8d,path=/testName1688156052109/], expectedName='file7029712452206945734.txt', expectedType='FileAsset'}]" classname="com.dotmarketing.business.DeterministicIdentifierAPITest" time="0.003"/>
  <testcase name="Test_Asset_Generate_Deterministic_Id_Best_Effort[2: TestCase{versionable=com.dotmarketing.portlets.templates.model.Template@21fee1c1, parent=my.host1688156051267.com, expectedName='testTitle1688156052232', expectedType='Template'}]" classname="com.dotmarketing.business.DeterministicIdentifierAPITest" time="0.002"/>
  <testcase name="Test_Asset_Generate_Deterministic_Id_Best_Effort[3: TestCase{versionable=com.dotmarketing.portlets.htmlpageasset.model.HTMLPageAsset@4e29c534[map={template=46e47349-5c43-48c2-8092-abc2b19dadcd, owner=system, identifier=cbdbfd8b-1e97-4863-ad4c-3048ed01fd41, nullProperties=[wfExpireDate, wfPublishDate, wfActionAssign, wfActionId, wfActionComments, filterKey, whereToSend, wfNeverExpire, _path_to_move, timezoneId, iWantTo, wfPublishTime, wfExpireTime], modDate=2023-06-30 20:14:12.251, cachettl=0, _is_test_mode=true, languageId=1, title=test-page-title-1688156052247, httpsreq=, url=test-page-url-1688156052247, showOnMenu=, inode=fa8cbaf9-e442-4362-923d-25c5342b7a13, folder=154419a7-b410-48e6-8b21-5ef225b1ef8d, disabledWYSIWYG=[], sortOrder=1, modUser=system, host=9d4191e2-d5d1-4350-b661-25e809e146a7, stInode=c541abb1-69b3-4bc5-8430-5e09e5239cc8, friendlyName=test-page-friendly-name-1688156052247},lowIndexPriority=false,variantId=DEFAULT], parent=com.dotmarketing.portlets.folders.model.Folder@6d3193b8[identifier=154419a7-b410-48e6-8b21-5ef225b1ef8d,name=testName1688156052109,sortOrder=0,showOnMenu=false,hostId=9d4191e2-d5d1-4350-b661-25e809e146a7,type=folder,title=testTitle1688156052109,filesMasks=,defaultFileType=33888b6f-7a8e-4069-b1b6-5c1aa9d0a48d,modDate=2023-06-30 20:14:12.112,owner=&lt;null&gt;,iDate=2023-06-30 20:14:12.112,inode=154419a7-b410-48e6-8b21-5ef225b1ef8d,path=/testName1688156052109/], expectedName='test-page-url-1688156052247', expectedType='htmlpageasset'}]" classname="com.dotmarketing.business.DeterministicIdentifierAPITest" time="0.002"/>
  <testcase name="Test_Asset_Generate_Deterministic_Id_Best_Effort[4: TestCase{versionable=com.dotmarketing.portlets.contentlet.model.Contentlet@1e198884[map={fileAsset2=/home/runner/work/core/custom/assets/0/7/07b9b508-2a26-4aac-988d-08cd555d2239/fileAsset2/test_binary1688156054094.png, modDate=2023-06-30 20:14:14.099, fileAsset1=/home/runner/work/core/custom/assets/0/7/07b9b508-2a26-4aac-988d-08cd555d2239/fileAsset1/test_binary1688156054094.jpg, title=blah, inode=07b9b508-2a26-4aac-988d-08cd555d2239, __IS_NEW_CONTENT__=true, disabledWYSIWYG=[], host=48190c8c-42c4-46af-8d1a-0cd5db894797, stInode=7603a933-608f-445f-a389-53ee0546149a, owner=system, identifier=3d8ff1ef-fce7-4ebf-b9a8-1c67f071815d, nullProperties=[], languageId=1, image1=6ceb929d-b335-487c-8b34-eb3bfb1fd9d7, folder=SYSTEM_FOLDER, __disable_workflow__=true, sortOrder=0, modUser=system},lowIndexPriority=false,variantId=DEFAULT], parent=demo.dotcms.com, expectedName='test_binary1688156054094.jpg:test_binary1688156054094.png', expectedType='MultipleBinaries1688156052532'}]" classname="com.dotmarketing.business.DeterministicIdentifierAPITest" time="0.002"/>
  <testcase name="Test_Asset_Generate_Deterministic_Id_Best_Effort[5: TestCase{versionable=name3aee4a7d56 : keyTag3aee4a7d56, parent=my.host1688156051267.com, expectedName='keyTag3aee4a7d56', expectedType='persona'}]" classname="com.dotmarketing.business.DeterministicIdentifierAPITest" time="0.002"/>
  <testcase name="Test_Similar_Content_Type_Wont_Clash" classname="com.dotmarketing.business.DeterministicIdentifierAPITest" time="0.421"/>
  <testcase name="Test_Generate_Folder_Identifier" classname="com.dotmarketing.business.DeterministicIdentifierAPITest" time="0.79"/>
  <testcase name="Test_Generate_Content_Type_Identifier[0: ContentTypeTestCase{contentType=KeyValueContentType{name=Language Variable, id=f4d7c1b8-2c88-4071-abf1-a5328977b07d, description=Default Content Type for Language Variables, defaultType=false, fixed=true, iDate=Thu Aug 31 16:38:49 UTC 2017, system=true, versionable=true, variable=Languagevariable, modDate=Fri Jun 30 19:10:41 UTC 2023, host=SYSTEM_HOST, siteName=systemHost, icon=language, sortOrder=0, folder=SYSTEM_FOLDER, folderPath=/, markedForDeletion=true, multilingualable=false}, expectedName='Languagevariable', expectedType='KeyValue'}]" classname="com.dotmarketing.business.DeterministicIdentifierAPITest" time="0.007"/>
  <testcase name="Test_Generate_Content_Type_Identifier[1: ContentTypeTestCase{contentType=SimpleContentType{name=testName1688156054462, id=3eb5f297-6e39-4fdf-b004-6b068e10c249, description=testDescription1688156054462, defaultType=false, fixed=false, iDate=Fri Jun 30 20:14:14 UTC 2023, system=false, versionable=true, multilingualable=false, variable=testVarname1688156054462, owner=system, modDate=Fri Jun 30 20:14:15 UTC 2023, host=48190c8c-42c4-46af-8d1a-0cd5db894797, siteName=demo.dotcms.com, icon=event_note, sortOrder=0, folder=SYSTEM_FOLDER, folderPath=/, requiredFields=[], markedForDeletion=false}, expectedName='testVarname1688156054462', expectedType='CONTENT'}]" classname="com.dotmarketing.business.DeterministicIdentifierAPITest" time="0.006"/>
  <system-out><![CDATA[]]></system-out>
  <system-err><![CDATA[]]></system-err>
</testsuite>
