<?xml version="1.0" encoding="UTF-8"?>
<testsuite name="com.dotcms.enterprise.publishing.remote.bundler.LinkBundlerTest" tests="2" skipped="0" failures="0" errors="0" timestamp="2023-06-29T20:16:53" hostname="fv-az417-420" time="0.012">
  <properties/>
  <testcase name="addLinkInBundle[0: com.dotcms.enterprise.publishing.remote.bundler.LinkBundlerTest$TestCase@6b979701]" classname="com.dotcms.enterprise.publishing.remote.bundler.LinkBundlerTest" time="0.007"/>
  <testcase name="addLinkInBundle[1: com.dotcms.enterprise.publishing.remote.bundler.LinkBundlerTest$TestCase@760a7036]" classname="com.dotcms.enterprise.publishing.remote.bundler.LinkBundlerTest" time="0.005"/>
  <system-out><![CDATA[]]></system-out>
  <system-err><![CDATA[]]></system-err>
</testsuite>
