<?xml version="1.0" encoding="UTF-8"?>
<testsuite name="com.dotmarketing.business.PermissionAPIIntegrationTest" tests="4" skipped="0" failures="0" errors="0" timestamp="2023-06-30T22:13:03" hostname="fv-az629-494" time="13.469">
  <properties/>
  <testcase name="resetPermissionsUnder" classname="com.dotmarketing.business.PermissionAPIIntegrationTest" time="2.176"/>
  <testcase name="Test_Parent_Individual_Permissions_Should_not_Appear_On_getPermission_Over_Children_Assets" classname="com.dotmarketing.business.PermissionAPIIntegrationTest" time="4.563"/>
  <testcase name="test_permissionIndividuallyByRole" classname="com.dotmarketing.business.PermissionAPIIntegrationTest" time="2.854"/>
  <testcase name="issue11850" classname="com.dotmarketing.business.PermissionAPIIntegrationTest" time="3.876"/>
  <system-out><![CDATA[]]></system-out>
  <system-err><![CDATA[]]></system-err>
</testsuite>
