<?xml version="1.0" encoding="UTF-8"?>
<testsuite name="com.dotmarketing.portlets.structure.factories.StructureFactoryTest" tests="31" skipped="2" failures="0" errors="0" timestamp="2023-07-21T23:22:39" hostname="fv-az398-443" time="11.787">
  <properties/>
  <testcase name="getStructuresWithLimit" classname="com.dotmarketing.portlets.structure.factories.StructureFactoryTest" time="0.006"/>
  <testcase name="getImagesFieldsList" classname="com.dotmarketing.portlets.structure.factories.StructureFactoryTest" time="0.002"/>
  <testcase name="getNoSystemStructuresWithReadPermissions" classname="com.dotmarketing.portlets.structure.factories.StructureFactoryTest" time="1.252"/>
  <testcase name="getStructuresAllParameters" classname="com.dotmarketing.portlets.structure.factories.StructureFactoryTest" time="0.006"/>
  <testcase name="getTotalImages" classname="com.dotmarketing.portlets.structure.factories.StructureFactoryTest" time="0.001"/>
  <testcase name="getStructuresByUser" classname="com.dotmarketing.portlets.structure.factories.StructureFactoryTest" time="0.495"/>
  <testcase name="getTotalWYSIWYG" classname="com.dotmarketing.portlets.structure.factories.StructureFactoryTest" time="0.001"/>
  <testcase name="disableDefault" classname="com.dotmarketing.portlets.structure.factories.StructureFactoryTest" time="0.001"/>
  <testcase name="getStructuresWithWritePermissions" classname="com.dotmarketing.portlets.structure.factories.StructureFactoryTest" time="0.027"/>
  <testcase name="getTotalDates" classname="com.dotmarketing.portlets.structure.factories.StructureFactoryTest" time="0.004"/>
  <testcase name="getTotalFiles" classname="com.dotmarketing.portlets.structure.factories.StructureFactoryTest" time="0.0"/>
  <testcase name="getStructureByInode" classname="com.dotmarketing.portlets.structure.factories.StructureFactoryTest" time="0.001"/>
  <testcase name="getTagsFields" classname="com.dotmarketing.portlets.structure.factories.StructureFactoryTest" time="0.0"/>
  <testcase name="getTotalTextAreas" classname="com.dotmarketing.portlets.structure.factories.StructureFactoryTest" time="0.001"/>
  <testcase name="findStructureURLMapPatterns" classname="com.dotmarketing.portlets.structure.factories.StructureFactoryTest" time="8.02"/>
  <testcase name="getAllStructuresNames" classname="com.dotmarketing.portlets.structure.factories.StructureFactoryTest" time="0.72"/>
  <testcase name="getAllVelocityVariablesNames" classname="com.dotmarketing.portlets.structure.factories.StructureFactoryTest" time="0.507"/>
  <testcase name="getStructuresWithOrderAndLimit" classname="com.dotmarketing.portlets.structure.factories.StructureFactoryTest" time="0.014"/>
  <testcase name="getStructureByType" classname="com.dotmarketing.portlets.structure.factories.StructureFactoryTest" time="0.002"/>
  <testcase name="getStructures" classname="com.dotmarketing.portlets.structure.factories.StructureFactoryTest" time="0.528"/>
  <testcase name="getStructuresWithReadPermissions" classname="com.dotmarketing.portlets.structure.factories.StructureFactoryTest" time="0.051"/>
  <testcase name="getStructuresByWFScheme" classname="com.dotmarketing.portlets.structure.factories.StructureFactoryTest" time="0.0">
    <skipped/>
  </testcase>
  <testcase name="structures" classname="com.dotmarketing.portlets.structure.factories.StructureFactoryTest" time="0.117"/>
  <testcase name="createDefaultStructure" classname="com.dotmarketing.portlets.structure.factories.StructureFactoryTest" time="0.0">
    <skipped/>
  </testcase>
  <testcase name="getDefaultStructure" classname="com.dotmarketing.portlets.structure.factories.StructureFactoryTest" time="0.002"/>
  <testcase name="getStructureByVelocityVarName" classname="com.dotmarketing.portlets.structure.factories.StructureFactoryTest" time="0.0"/>
  <testcase name="getTotals" classname="com.dotmarketing.portlets.structure.factories.StructureFactoryTest" time="0.0"/>
  <testcase name="getStructuresCount" classname="com.dotmarketing.portlets.structure.factories.StructureFactoryTest" time="0.003"/>
  <testcase name="findStructuresUserCanUse" classname="com.dotmarketing.portlets.structure.factories.StructureFactoryTest" time="0.016"/>
  <testcase name="getStructuresWithOrderLimitAndDirection" classname="com.dotmarketing.portlets.structure.factories.StructureFactoryTest" time="0.004"/>
  <testcase name="getFilesFieldsList" classname="com.dotmarketing.portlets.structure.factories.StructureFactoryTest" time="0.0"/>
  <system-out><![CDATA[]]></system-out>
  <system-err><![CDATA[]]></system-err>
</testsuite>
