<?xml version="1.0" encoding="UTF-8"?>
<testsuite name="com.dotmarketing.business.DeterministicIdentifierAPITest" tests="16" skipped="0" failures="0" errors="0" timestamp="2023-07-11T21:34:49" hostname="fv-az206-849" time="1.572">
  <properties/>
  <testcase name="Test_Category_Path_Seed_And_Id" classname="com.dotmarketing.business.DeterministicIdentifierAPITest" time="0.019"/>
  <testcase name="Test_Language_Deterministic_Id[0: LanguageTestCase{expectedSeed='Language:es:US', expectedHash=4913155, langCode='es', countryCode='US', country='United States'}]" classname="com.dotmarketing.business.DeterministicIdentifierAPITest" time="0.001"/>
  <testcase name="Test_Language_Deterministic_Id[1: LanguageTestCase{expectedSeed='Language:ep:', expectedHash=5292269, langCode='ep', countryCode='', country=''}]" classname="com.dotmarketing.business.DeterministicIdentifierAPITest" time="0.001"/>
  <testcase name="Test_Language_Deterministic_Id[2: LanguageTestCase{expectedSeed='Language:sg:SAG', expectedHash=4713118, langCode='sg', countryCode='SAG', country=''}]" classname="com.dotmarketing.business.DeterministicIdentifierAPITest" time="0.001"/>
  <testcase name="Test_Language_Deterministic_Id[3: LanguageTestCase{expectedSeed='Language:en:NZ', expectedHash=5382528, langCode='en', countryCode='NZ', country='New Zealand'}]" classname="com.dotmarketing.business.DeterministicIdentifierAPITest" time="0.0"/>
  <testcase name="Test_Category_None_Persisted_Category_Should_Return_Deterministic_Id" classname="com.dotmarketing.business.DeterministicIdentifierAPITest" time="0.001"/>
  <testcase name="Test_Asset_Generate_Deterministic_Id_Best_Effort[0: TestCase{versionable=my.host1689110912546.com, parent=System Host, expectedName='my.host1689110912546.com', expectedType='Host'}]" classname="com.dotmarketing.business.DeterministicIdentifierAPITest" time="0.002"/>
  <testcase name="Test_Asset_Generate_Deterministic_Id_Best_Effort[1: TestCase{versionable=com.dotmarketing.portlets.contentlet.model.Contentlet@6acae223[map={modDate=2023-07-11 21:28:33.253, fileName=file9736927805280381358.txt, title=file9736927805280381358.txt, inode=5d7413b1-cbb7-4357-ab5d-a3a16c7e59f3, __IS_NEW_CONTENT__=true, disabledWYSIWYG=[], host=61b981f0-cc14-417b-9805-07d6ca73a0e0, stInode=33888b6f-7a8e-4069-b1b6-5c1aa9d0a48d, owner=system, identifier=732fa177-04b1-4eb2-a58e-f45bb184b26f, nullProperties=[wfExpireDate, wfPublishDate, wfActionAssign, wfActionId, wfActionComments, filterKey, whereToSend, wfNeverExpire, _path_to_move, timezoneId, iWantTo, wfPublishTime, wfExpireTime], languageId=1, fileAsset=/home/runner/work/core/custom/assets/5/d/5d7413b1-cbb7-4357-ab5d-a3a16c7e59f3/fileAsset/file9736927805280381358.txt, folder=7937b557-a131-4f3a-965b-cb8b91222c86, __disable_workflow__=true, sortOrder=0, modUser=system},lowIndexPriority=false,variantId=DEFAULT], parent=com.dotmarketing.portlets.folders.model.Folder@232e0bbe[identifier=7937b557-a131-4f3a-965b-cb8b91222c86,name=testName1689110913245,sortOrder=0,showOnMenu=false,hostId=61b981f0-cc14-417b-9805-07d6ca73a0e0,type=folder,title=testTitle1689110913245,filesMasks=,defaultFileType=33888b6f-7a8e-4069-b1b6-5c1aa9d0a48d,modDate=2023-07-11 21:28:33.248,owner=&lt;null&gt;,iDate=2023-07-11 21:28:33.248,inode=7937b557-a131-4f3a-965b-cb8b91222c86,path=/testName1689110913245/], expectedName='file9736927805280381358.txt', expectedType='FileAsset'}]" classname="com.dotmarketing.business.DeterministicIdentifierAPITest" time="0.002"/>
  <testcase name="Test_Asset_Generate_Deterministic_Id_Best_Effort[2: TestCase{versionable=com.dotmarketing.portlets.templates.model.Template@7077fb6e, parent=my.host1689110912546.com, expectedName='testTitle1689110913365', expectedType='Template'}]" classname="com.dotmarketing.business.DeterministicIdentifierAPITest" time="0.001"/>
  <testcase name="Test_Asset_Generate_Deterministic_Id_Best_Effort[3: TestCase{versionable=com.dotmarketing.portlets.htmlpageasset.model.HTMLPageAsset@cb627c3[map={template=ebcb4b40-8b4b-4792-a6ad-e51e2d4955f6, owner=system, identifier=fc57411f-0b36-417e-b912-c91acf840a95, nullProperties=[wfExpireDate, wfPublishDate, wfActionAssign, wfActionId, wfActionComments, filterKey, whereToSend, wfNeverExpire, _path_to_move, timezoneId, iWantTo, wfPublishTime, wfExpireTime], modDate=2023-07-11 21:28:33.385, cachettl=0, _is_test_mode=true, languageId=1, title=test-page-title-1689110913380, httpsreq=, url=test-page-url-1689110913380, showOnMenu=, inode=3a494605-2078-4c59-8f49-3ce380ab7569, folder=7937b557-a131-4f3a-965b-cb8b91222c86, disabledWYSIWYG=[], sortOrder=1, modUser=system, host=61b981f0-cc14-417b-9805-07d6ca73a0e0, stInode=c541abb1-69b3-4bc5-8430-5e09e5239cc8, friendlyName=test-page-friendly-name-1689110913380},lowIndexPriority=false,variantId=DEFAULT], parent=com.dotmarketing.portlets.folders.model.Folder@232e0bbe[identifier=7937b557-a131-4f3a-965b-cb8b91222c86,name=testName1689110913245,sortOrder=0,showOnMenu=false,hostId=61b981f0-cc14-417b-9805-07d6ca73a0e0,type=folder,title=testTitle1689110913245,filesMasks=,defaultFileType=33888b6f-7a8e-4069-b1b6-5c1aa9d0a48d,modDate=2023-07-11 21:28:33.248,owner=&lt;null&gt;,iDate=2023-07-11 21:28:33.248,inode=7937b557-a131-4f3a-965b-cb8b91222c86,path=/testName1689110913245/], expectedName='test-page-url-1689110913380', expectedType='htmlpageasset'}]" classname="com.dotmarketing.business.DeterministicIdentifierAPITest" time="0.002"/>
  <testcase name="Test_Asset_Generate_Deterministic_Id_Best_Effort[4: TestCase{versionable=com.dotmarketing.portlets.contentlet.model.Contentlet@56f71c53[map={fileAsset2=/home/runner/work/core/custom/assets/5/0/509d9447-ce18-47f7-846c-30808ffe687b/fileAsset2/test_binary1689110914216.png, modDate=2023-07-11 21:28:34.22, fileAsset1=/home/runner/work/core/custom/assets/5/0/509d9447-ce18-47f7-846c-30808ffe687b/fileAsset1/test_binary1689110914216.jpg, title=blah, inode=509d9447-ce18-47f7-846c-30808ffe687b, __IS_NEW_CONTENT__=true, disabledWYSIWYG=[], host=48190c8c-42c4-46af-8d1a-0cd5db894797, stInode=18a25939-6e62-4571-9de3-7143955f3ad9, owner=system, identifier=d4e39beb-6054-4192-9a7a-f1d40a5142c5, nullProperties=[], languageId=1, image1=ad86f8c3-e231-4e72-a9b0-7eb0d4306b94, folder=SYSTEM_FOLDER, __disable_workflow__=true, sortOrder=0, modUser=system},lowIndexPriority=false,variantId=DEFAULT], parent=demo.dotcms.com, expectedName='test_binary1689110914216.jpg:test_binary1689110914216.png', expectedType='MultipleBinaries1689110913530'}]" classname="com.dotmarketing.business.DeterministicIdentifierAPITest" time="0.003"/>
  <testcase name="Test_Asset_Generate_Deterministic_Id_Best_Effort[5: TestCase{versionable=name0b26e17d4b : keyTag0b26e17d4b, parent=my.host1689110912546.com, expectedName='keyTag0b26e17d4b', expectedType='persona'}]" classname="com.dotmarketing.business.DeterministicIdentifierAPITest" time="0.002"/>
  <testcase name="Test_Similar_Content_Type_Wont_Clash" classname="com.dotmarketing.business.DeterministicIdentifierAPITest" time="0.417"/>
  <testcase name="Test_Generate_Folder_Identifier" classname="com.dotmarketing.business.DeterministicIdentifierAPITest" time="1.11"/>
  <testcase name="Test_Generate_Content_Type_Identifier[0: ContentTypeTestCase{contentType=KeyValueContentType{name=Language Variable, id=f4d7c1b8-2c88-4071-abf1-a5328977b07d, description=Default Content Type for Language Variables, defaultType=false, fixed=true, iDate=Thu Aug 31 16:38:49 UTC 2017, system=true, versionable=true, variable=Languagevariable, modDate=Tue Jul 11 20:24:59 UTC 2023, host=SYSTEM_HOST, siteName=systemHost, icon=language, sortOrder=0, folder=SYSTEM_FOLDER, folderPath=/, markedForDeletion=true, multilingualable=false}, expectedName='Languagevariable', expectedType='KeyValue'}]" classname="com.dotmarketing.business.DeterministicIdentifierAPITest" time="0.004"/>
  <testcase name="Test_Generate_Content_Type_Identifier[1: ContentTypeTestCase{contentType=SimpleContentType{name=testName1689110914637, id=0e05c403-3296-4d38-9a3a-9200a543a675, description=testDescription1689110914637, defaultType=false, fixed=false, iDate=Tue Jul 11 21:28:34 UTC 2023, system=false, versionable=true, multilingualable=false, variable=testVarname1689110914637, owner=system, modDate=Tue Jul 11 21:28:36 UTC 2023, host=48190c8c-42c4-46af-8d1a-0cd5db894797, siteName=demo.dotcms.com, icon=event_note, sortOrder=0, folder=SYSTEM_FOLDER, folderPath=/, requiredFields=[], markedForDeletion=false}, expectedName='testVarname1689110914637', expectedType='CONTENT'}]" classname="com.dotmarketing.business.DeterministicIdentifierAPITest" time="0.004"/>
  <system-out><![CDATA[]]></system-out>
  <system-err><![CDATA[]]></system-err>
</testsuite>
