<?xml version="1.0" encoding="UTF-8"?>
<testsuite name="com.dotcms.rendering.velocity.viewtools.content.util.ContentUtilsTest" tests="89" skipped="0" failures="0" errors="0" timestamp="2023-07-13T16:31:35" hostname="fv-az218-607" time="401.11">
  <properties/>
  <testcase name="whenTheTimeMachineDateIsNullAndPublishDateInFutureShouldNotReturnAnything" classname="com.dotcms.rendering.velocity.viewtools.content.util.ContentUtilsTest" time="3.228"/>
  <testcase name="test_find_multilingual_contentlet_getContentletSuccessfully" classname="com.dotcms.rendering.velocity.viewtools.content.util.ContentUtilsTest" time="1.816"/>
  <testcase name="whenTheTimeMachineDateAndPublishDateAreTomorrowShouldReturnOneContent" classname="com.dotcms.rendering.velocity.viewtools.content.util.ContentUtilsTest" time="3.288"/>
  <testcase name="testPullRelated[0: com.dotcms.rendering.velocity.viewtools.content.util.ContentUtilsTest$TestCase@14da8d64]" classname="com.dotcms.rendering.velocity.viewtools.content.util.ContentUtilsTest" time="4.403"/>
  <testcase name="testPullRelated[1: com.dotcms.rendering.velocity.viewtools.content.util.ContentUtilsTest$TestCase@2a9acff5]" classname="com.dotcms.rendering.velocity.viewtools.content.util.ContentUtilsTest" time="4.068"/>
  <testcase name="testPullRelated[2: com.dotcms.rendering.velocity.viewtools.content.util.ContentUtilsTest$TestCase@72d71b64]" classname="com.dotcms.rendering.velocity.viewtools.content.util.ContentUtilsTest" time="4.005"/>
  <testcase name="testPullRelated[3: com.dotcms.rendering.velocity.viewtools.content.util.ContentUtilsTest$TestCase@63401a99]" classname="com.dotcms.rendering.velocity.viewtools.content.util.ContentUtilsTest" time="3.96"/>
  <testcase name="testPullRelated[4: com.dotcms.rendering.velocity.viewtools.content.util.ContentUtilsTest$TestCase@23310a38]" classname="com.dotcms.rendering.velocity.viewtools.content.util.ContentUtilsTest" time="4.104"/>
  <testcase name="testPullRelated[5: com.dotcms.rendering.velocity.viewtools.content.util.ContentUtilsTest$TestCase@5f289ccc]" classname="com.dotcms.rendering.velocity.viewtools.content.util.ContentUtilsTest" time="3.979"/>
  <testcase name="testPullRelated[6: com.dotcms.rendering.velocity.viewtools.content.util.ContentUtilsTest$TestCase@156ea076]" classname="com.dotcms.rendering.velocity.viewtools.content.util.ContentUtilsTest" time="4.237"/>
  <testcase name="testPullRelated[7: com.dotcms.rendering.velocity.viewtools.content.util.ContentUtilsTest$TestCase@7699e490]" classname="com.dotcms.rendering.velocity.viewtools.content.util.ContentUtilsTest" time="3.917"/>
  <testcase name="testPullRelated[8: com.dotcms.rendering.velocity.viewtools.content.util.ContentUtilsTest$TestCase@5dd240b1]" classname="com.dotcms.rendering.velocity.viewtools.content.util.ContentUtilsTest" time="4.153"/>
  <testcase name="testPullRelated[9: com.dotcms.rendering.velocity.viewtools.content.util.ContentUtilsTest$TestCase@4607793b]" classname="com.dotcms.rendering.velocity.viewtools.content.util.ContentUtilsTest" time="3.985"/>
  <testcase name="testPullRelated[10: com.dotcms.rendering.velocity.viewtools.content.util.ContentUtilsTest$TestCase@260a0c9d]" classname="com.dotcms.rendering.velocity.viewtools.content.util.ContentUtilsTest" time="3.298"/>
  <testcase name="testPullRelated[11: com.dotcms.rendering.velocity.viewtools.content.util.ContentUtilsTest$TestCase@1f0ed1a8]" classname="com.dotcms.rendering.velocity.viewtools.content.util.ContentUtilsTest" time="3.911"/>
  <testcase name="testPullRelated[12: com.dotcms.rendering.velocity.viewtools.content.util.ContentUtilsTest$TestCase@5016dd30]" classname="com.dotcms.rendering.velocity.viewtools.content.util.ContentUtilsTest" time="3.838"/>
  <testcase name="testPullRelated[13: com.dotcms.rendering.velocity.viewtools.content.util.ContentUtilsTest$TestCase@2da5b8a8]" classname="com.dotcms.rendering.velocity.viewtools.content.util.ContentUtilsTest" time="4.202"/>
  <testcase name="testPullRelated[14: com.dotcms.rendering.velocity.viewtools.content.util.ContentUtilsTest$TestCase@5bbd3765]" classname="com.dotcms.rendering.velocity.viewtools.content.util.ContentUtilsTest" time="4.046"/>
  <testcase name="testPullRelated[15: com.dotcms.rendering.velocity.viewtools.content.util.ContentUtilsTest$TestCase@32d72e2b]" classname="com.dotcms.rendering.velocity.viewtools.content.util.ContentUtilsTest" time="4.078"/>
  <testcase name="testPullRelated[16: com.dotcms.rendering.velocity.viewtools.content.util.ContentUtilsTest$TestCase@54ce9a1c]" classname="com.dotcms.rendering.velocity.viewtools.content.util.ContentUtilsTest" time="3.794"/>
  <testcase name="testPullRelated[17: com.dotcms.rendering.velocity.viewtools.content.util.ContentUtilsTest$TestCase@54ae08d5]" classname="com.dotcms.rendering.velocity.viewtools.content.util.ContentUtilsTest" time="4.264"/>
  <testcase name="testPullRelated[18: com.dotcms.rendering.velocity.viewtools.content.util.ContentUtilsTest$TestCase@661a1b3a]" classname="com.dotcms.rendering.velocity.viewtools.content.util.ContentUtilsTest" time="4.06"/>
  <testcase name="testPullRelated[19: com.dotcms.rendering.velocity.viewtools.content.util.ContentUtilsTest$TestCase@6db7d7a4]" classname="com.dotcms.rendering.velocity.viewtools.content.util.ContentUtilsTest" time="3.444"/>
  <testcase name="testPullRelated[20: com.dotcms.rendering.velocity.viewtools.content.util.ContentUtilsTest$TestCase@4d89ae74]" classname="com.dotcms.rendering.velocity.viewtools.content.util.ContentUtilsTest" time="3.686"/>
  <testcase name="testPullRelated[21: com.dotcms.rendering.velocity.viewtools.content.util.ContentUtilsTest$TestCase@6945ffb0]" classname="com.dotcms.rendering.velocity.viewtools.content.util.ContentUtilsTest" time="3.747"/>
  <testcase name="testPullRelated[22: com.dotcms.rendering.velocity.viewtools.content.util.ContentUtilsTest$TestCase@5fb0ea69]" classname="com.dotcms.rendering.velocity.viewtools.content.util.ContentUtilsTest" time="4.356"/>
  <testcase name="testPullRelated[23: com.dotcms.rendering.velocity.viewtools.content.util.ContentUtilsTest$TestCase@ce90ccc]" classname="com.dotcms.rendering.velocity.viewtools.content.util.ContentUtilsTest" time="3.051"/>
  <testcase name="testPullRelated[24: com.dotcms.rendering.velocity.viewtools.content.util.ContentUtilsTest$TestCase@c93e92b]" classname="com.dotcms.rendering.velocity.viewtools.content.util.ContentUtilsTest" time="4.201"/>
  <testcase name="testPullRelated[25: com.dotcms.rendering.velocity.viewtools.content.util.ContentUtilsTest$TestCase@4aed2f76]" classname="com.dotcms.rendering.velocity.viewtools.content.util.ContentUtilsTest" time="4.114"/>
  <testcase name="testPullRelated[26: com.dotcms.rendering.velocity.viewtools.content.util.ContentUtilsTest$TestCase@125677e0]" classname="com.dotcms.rendering.velocity.viewtools.content.util.ContentUtilsTest" time="3.981"/>
  <testcase name="testPullRelated[27: com.dotcms.rendering.velocity.viewtools.content.util.ContentUtilsTest$TestCase@561d860a]" classname="com.dotcms.rendering.velocity.viewtools.content.util.ContentUtilsTest" time="2.849"/>
  <testcase name="testPullRelated[28: com.dotcms.rendering.velocity.viewtools.content.util.ContentUtilsTest$TestCase@4554e753]" classname="com.dotcms.rendering.velocity.viewtools.content.util.ContentUtilsTest" time="4.217"/>
  <testcase name="testPullRelated[29: com.dotcms.rendering.velocity.viewtools.content.util.ContentUtilsTest$TestCase@6661f610]" classname="com.dotcms.rendering.velocity.viewtools.content.util.ContentUtilsTest" time="2.956"/>
  <testcase name="testPullRelated[30: com.dotcms.rendering.velocity.viewtools.content.util.ContentUtilsTest$TestCase@47a9644b]" classname="com.dotcms.rendering.velocity.viewtools.content.util.ContentUtilsTest" time="3.08"/>
  <testcase name="testPullRelated[31: com.dotcms.rendering.velocity.viewtools.content.util.ContentUtilsTest$TestCase@7d3e9762]" classname="com.dotcms.rendering.velocity.viewtools.content.util.ContentUtilsTest" time="4.17"/>
  <testcase name="testPullRelated[32: com.dotcms.rendering.velocity.viewtools.content.util.ContentUtilsTest$TestCase@1f3299e9]" classname="com.dotcms.rendering.velocity.viewtools.content.util.ContentUtilsTest" time="3.034"/>
  <testcase name="testPullRelated[33: com.dotcms.rendering.velocity.viewtools.content.util.ContentUtilsTest$TestCase@768a2d69]" classname="com.dotcms.rendering.velocity.viewtools.content.util.ContentUtilsTest" time="4.029"/>
  <testcase name="testPullRelated[34: com.dotcms.rendering.velocity.viewtools.content.util.ContentUtilsTest$TestCase@7a0d84cf]" classname="com.dotcms.rendering.velocity.viewtools.content.util.ContentUtilsTest" time="3.837"/>
  <testcase name="testPullRelated[35: com.dotcms.rendering.velocity.viewtools.content.util.ContentUtilsTest$TestCase@7381996b]" classname="com.dotcms.rendering.velocity.viewtools.content.util.ContentUtilsTest" time="4.145"/>
  <testcase name="testPullRelated[36: com.dotcms.rendering.velocity.viewtools.content.util.ContentUtilsTest$TestCase@7877ab23]" classname="com.dotcms.rendering.velocity.viewtools.content.util.ContentUtilsTest" time="6.063"/>
  <testcase name="testPullRelated[37: com.dotcms.rendering.velocity.viewtools.content.util.ContentUtilsTest$TestCase@5f313021]" classname="com.dotcms.rendering.velocity.viewtools.content.util.ContentUtilsTest" time="6.01"/>
  <testcase name="testPullRelated[38: com.dotcms.rendering.velocity.viewtools.content.util.ContentUtilsTest$TestCase@498cecf4]" classname="com.dotcms.rendering.velocity.viewtools.content.util.ContentUtilsTest" time="6.504"/>
  <testcase name="testPullRelated[39: com.dotcms.rendering.velocity.viewtools.content.util.ContentUtilsTest$TestCase@36397e6f]" classname="com.dotcms.rendering.velocity.viewtools.content.util.ContentUtilsTest" time="5.045"/>
  <testcase name="testPullRelated[40: com.dotcms.rendering.velocity.viewtools.content.util.ContentUtilsTest$TestCase@7352e538]" classname="com.dotcms.rendering.velocity.viewtools.content.util.ContentUtilsTest" time="4.93"/>
  <testcase name="testPullRelated[41: com.dotcms.rendering.velocity.viewtools.content.util.ContentUtilsTest$TestCase@2534634b]" classname="com.dotcms.rendering.velocity.viewtools.content.util.ContentUtilsTest" time="5.165"/>
  <testcase name="testPullRelated[42: com.dotcms.rendering.velocity.viewtools.content.util.ContentUtilsTest$TestCase@b71d055]" classname="com.dotcms.rendering.velocity.viewtools.content.util.ContentUtilsTest" time="6.361"/>
  <testcase name="testPullRelated[43: com.dotcms.rendering.velocity.viewtools.content.util.ContentUtilsTest$TestCase@76461d52]" classname="com.dotcms.rendering.velocity.viewtools.content.util.ContentUtilsTest" time="4.75"/>
  <testcase name="testPullRelated[44: com.dotcms.rendering.velocity.viewtools.content.util.ContentUtilsTest$TestCase@12d95d87]" classname="com.dotcms.rendering.velocity.viewtools.content.util.ContentUtilsTest" time="6.431"/>
  <testcase name="testPullRelated[45: com.dotcms.rendering.velocity.viewtools.content.util.ContentUtilsTest$TestCase@14f14aac]" classname="com.dotcms.rendering.velocity.viewtools.content.util.ContentUtilsTest" time="5.932"/>
  <testcase name="testPullRelated[46: com.dotcms.rendering.velocity.viewtools.content.util.ContentUtilsTest$TestCase@1187c31f]" classname="com.dotcms.rendering.velocity.viewtools.content.util.ContentUtilsTest" time="6.113"/>
  <testcase name="testPullRelated[47: com.dotcms.rendering.velocity.viewtools.content.util.ContentUtilsTest$TestCase@57edf0f0]" classname="com.dotcms.rendering.velocity.viewtools.content.util.ContentUtilsTest" time="6.108"/>
  <testcase name="testPullRelated[48: com.dotcms.rendering.velocity.viewtools.content.util.ContentUtilsTest$TestCase@f00aaef]" classname="com.dotcms.rendering.velocity.viewtools.content.util.ContentUtilsTest" time="5.938"/>
  <testcase name="testPullRelated[49: com.dotcms.rendering.velocity.viewtools.content.util.ContentUtilsTest$TestCase@113a3589]" classname="com.dotcms.rendering.velocity.viewtools.content.util.ContentUtilsTest" time="6.015"/>
  <testcase name="testPullRelated[50: com.dotcms.rendering.velocity.viewtools.content.util.ContentUtilsTest$TestCase@3e0a938a]" classname="com.dotcms.rendering.velocity.viewtools.content.util.ContentUtilsTest" time="5.456"/>
  <testcase name="testPullRelated[51: com.dotcms.rendering.velocity.viewtools.content.util.ContentUtilsTest$TestCase@6589ecb]" classname="com.dotcms.rendering.velocity.viewtools.content.util.ContentUtilsTest" time="5.962"/>
  <testcase name="testPullRelated[52: com.dotcms.rendering.velocity.viewtools.content.util.ContentUtilsTest$TestCase@c850b3d]" classname="com.dotcms.rendering.velocity.viewtools.content.util.ContentUtilsTest" time="5.982"/>
  <testcase name="testPullRelated[53: com.dotcms.rendering.velocity.viewtools.content.util.ContentUtilsTest$TestCase@4cd3e159]" classname="com.dotcms.rendering.velocity.viewtools.content.util.ContentUtilsTest" time="6.11"/>
  <testcase name="testPullRelated[54: com.dotcms.rendering.velocity.viewtools.content.util.ContentUtilsTest$TestCase@26afad8a]" classname="com.dotcms.rendering.velocity.viewtools.content.util.ContentUtilsTest" time="5.179"/>
  <testcase name="testPullRelated[55: com.dotcms.rendering.velocity.viewtools.content.util.ContentUtilsTest$TestCase@6443c152]" classname="com.dotcms.rendering.velocity.viewtools.content.util.ContentUtilsTest" time="5.96"/>
  <testcase name="testPullRelated[56: com.dotcms.rendering.velocity.viewtools.content.util.ContentUtilsTest$TestCase@40bbf204]" classname="com.dotcms.rendering.velocity.viewtools.content.util.ContentUtilsTest" time="6.194"/>
  <testcase name="testPullRelated[57: com.dotcms.rendering.velocity.viewtools.content.util.ContentUtilsTest$TestCase@13310a63]" classname="com.dotcms.rendering.velocity.viewtools.content.util.ContentUtilsTest" time="5.181"/>
  <testcase name="testPullRelated[58: com.dotcms.rendering.velocity.viewtools.content.util.ContentUtilsTest$TestCase@48a93672]" classname="com.dotcms.rendering.velocity.viewtools.content.util.ContentUtilsTest" time="6.225"/>
  <testcase name="testPullRelated[59: com.dotcms.rendering.velocity.viewtools.content.util.ContentUtilsTest$TestCase@329a2764]" classname="com.dotcms.rendering.velocity.viewtools.content.util.ContentUtilsTest" time="4.88"/>
  <testcase name="testPullRelated[60: com.dotcms.rendering.velocity.viewtools.content.util.ContentUtilsTest$TestCase@2d2ed8e1]" classname="com.dotcms.rendering.velocity.viewtools.content.util.ContentUtilsTest" time="6.112"/>
  <testcase name="testPullRelated[61: com.dotcms.rendering.velocity.viewtools.content.util.ContentUtilsTest$TestCase@36d7bd35]" classname="com.dotcms.rendering.velocity.viewtools.content.util.ContentUtilsTest" time="6.007"/>
  <testcase name="testPullRelated[62: com.dotcms.rendering.velocity.viewtools.content.util.ContentUtilsTest$TestCase@37cc073b]" classname="com.dotcms.rendering.velocity.viewtools.content.util.ContentUtilsTest" time="6.391"/>
  <testcase name="testPullRelated[63: com.dotcms.rendering.velocity.viewtools.content.util.ContentUtilsTest$TestCase@548ea7a1]" classname="com.dotcms.rendering.velocity.viewtools.content.util.ContentUtilsTest" time="5.981"/>
  <testcase name="testPullRelated[64: com.dotcms.rendering.velocity.viewtools.content.util.ContentUtilsTest$TestCase@fbc8401]" classname="com.dotcms.rendering.velocity.viewtools.content.util.ContentUtilsTest" time="6.001"/>
  <testcase name="testPullRelated[65: com.dotcms.rendering.velocity.viewtools.content.util.ContentUtilsTest$TestCase@409aed6]" classname="com.dotcms.rendering.velocity.viewtools.content.util.ContentUtilsTest" time="6.08"/>
  <testcase name="testPullRelated[66: com.dotcms.rendering.velocity.viewtools.content.util.ContentUtilsTest$TestCase@53ab94b3]" classname="com.dotcms.rendering.velocity.viewtools.content.util.ContentUtilsTest" time="5.331"/>
  <testcase name="testPullRelated[67: com.dotcms.rendering.velocity.viewtools.content.util.ContentUtilsTest$TestCase@72b992c8]" classname="com.dotcms.rendering.velocity.viewtools.content.util.ContentUtilsTest" time="6.021"/>
  <testcase name="testPullRelated[68: com.dotcms.rendering.velocity.viewtools.content.util.ContentUtilsTest$TestCase@19ce8c12]" classname="com.dotcms.rendering.velocity.viewtools.content.util.ContentUtilsTest" time="5.946"/>
  <testcase name="testPullRelated[69: com.dotcms.rendering.velocity.viewtools.content.util.ContentUtilsTest$TestCase@5078fee3]" classname="com.dotcms.rendering.velocity.viewtools.content.util.ContentUtilsTest" time="6.401"/>
  <testcase name="testPullRelated[70: com.dotcms.rendering.velocity.viewtools.content.util.ContentUtilsTest$TestCase@5ff9f653]" classname="com.dotcms.rendering.velocity.viewtools.content.util.ContentUtilsTest" time="5.091"/>
  <testcase name="testPullRelated[71: com.dotcms.rendering.velocity.viewtools.content.util.ContentUtilsTest$TestCase@616810b6]" classname="com.dotcms.rendering.velocity.viewtools.content.util.ContentUtilsTest" time="5.827"/>
  <testcase name="whenPublishAndExpireDatesAreInTheFutureAndTimeMachineIsAfterBoth" classname="com.dotcms.rendering.velocity.viewtools.content.util.ContentUtilsTest" time="3.295"/>
  <testcase name="testPullRelatedForLegacyRelationship[0: com.dotcms.rendering.velocity.viewtools.content.util.ContentUtilsTest$LegacyTestCase@c2bae95]" classname="com.dotcms.rendering.velocity.viewtools.content.util.ContentUtilsTest" time="4.443"/>
  <testcase name="testPullRelatedForLegacyRelationship[1: com.dotcms.rendering.velocity.viewtools.content.util.ContentUtilsTest$LegacyTestCase@1b33d615]" classname="com.dotcms.rendering.velocity.viewtools.content.util.ContentUtilsTest" time="4.182"/>
  <testcase name="whenTheTimeMachineDateIsAfterTomorrowAndExpireDateIsTomorrowShouldNotReturnContent" classname="com.dotcms.rendering.velocity.viewtools.content.util.ContentUtilsTest" time="3.326"/>
  <testcase name="testPullLiveRelatedWhenLatestVersionIsWorking" classname="com.dotcms.rendering.velocity.viewtools.content.util.ContentUtilsTest" time="4.322"/>
  <testcase name="test_add_relationships_on_parent_children_related_contents" classname="com.dotcms.rendering.velocity.viewtools.content.util.ContentUtilsTest" time="1.551"/>
  <testcase name="testSortPullRelated[0: com.dotcms.rendering.velocity.viewtools.content.util.ContentUtilsTest$SortTestCase@b68f04e]" classname="com.dotcms.rendering.velocity.viewtools.content.util.ContentUtilsTest" time="1.887"/>
  <testcase name="testSortPullRelated[1: com.dotcms.rendering.velocity.viewtools.content.util.ContentUtilsTest$SortTestCase@2aa4bc35]" classname="com.dotcms.rendering.velocity.viewtools.content.util.ContentUtilsTest" time="2.832"/>
  <testcase name="testSortPullRelated[2: com.dotcms.rendering.velocity.viewtools.content.util.ContentUtilsTest$SortTestCase@7b2ae0f2]" classname="com.dotcms.rendering.velocity.viewtools.content.util.ContentUtilsTest" time="2.782"/>
  <testcase name="testSortPullRelated[3: com.dotcms.rendering.velocity.viewtools.content.util.ContentUtilsTest$SortTestCase@7e2c02fc]" classname="com.dotcms.rendering.velocity.viewtools.content.util.ContentUtilsTest" time="2.992"/>
  <testcase name="testSortPullRelated[4: com.dotcms.rendering.velocity.viewtools.content.util.ContentUtilsTest$SortTestCase@328a67f7]" classname="com.dotcms.rendering.velocity.viewtools.content.util.ContentUtilsTest" time="2.81"/>
  <testcase name="testSortPullRelated[5: com.dotcms.rendering.velocity.viewtools.content.util.ContentUtilsTest$SortTestCase@3dc03087]" classname="com.dotcms.rendering.velocity.viewtools.content.util.ContentUtilsTest" time="3.106"/>
  <testcase name="whenTheTimeMachineDateIsAfterTomorrowAndExpireDateIsInFutureShouldReturnContent" classname="com.dotcms.rendering.velocity.viewtools.content.util.ContentUtilsTest" time="3.412"/>
  <testcase name="testPullRelatedFieldShouldRespectDefaultOrder" classname="com.dotcms.rendering.velocity.viewtools.content.util.ContentUtilsTest" time="2.954"/>
  <system-out><![CDATA[]]></system-out>
  <system-err><![CDATA[]]></system-err>
</testsuite>
