<?xml version="1.0" encoding="UTF-8"?>
<testsuite name="com.dotmarketing.factories.PublishFactoryTest" tests="5" skipped="0" failures="0" errors="0" timestamp="2023-06-27T16:29:55" hostname="fv-az354-410" time="19.477">
  <properties/>
  <testcase name="test_publishHTMLPage_should_remove_cached_page" classname="com.dotmarketing.factories.PublishFactoryTest" time="7.327"/>
  <testcase name="test_publishHTMLPage_pageUsingFileTemplate_success" classname="com.dotmarketing.factories.PublishFactoryTest" time="3.083"/>
  <testcase name="testPublishHTMLPageWithContentWithFuturePublishDate" classname="com.dotmarketing.factories.PublishFactoryTest" time="2.992"/>
  <testcase name="testPublishHTMLPageWithExperiredContent" classname="com.dotmarketing.factories.PublishFactoryTest" time="3.061"/>
  <testcase name="testPublishHTMLPageWithExperiredAndFutureContent" classname="com.dotmarketing.factories.PublishFactoryTest" time="3.014"/>
  <system-out><![CDATA[]]></system-out>
  <system-err><![CDATA[]]></system-err>
</testsuite>
