<?xml version="1.0" encoding="UTF-8"?>
<testsuite name="com.dotcms.rest.api.v1.vtl.VTLResourceIntegrationTest" tests="6" skipped="0" failures="0" errors="0" timestamp="2023-06-23T23:38:57" hostname="fv-az407-493" time="12.312">
  <properties/>
  <testcase name="testGet[0: com.dotcms.rest.api.v1.vtl.VTLResourceTestCase@1be38691]" classname="com.dotcms.rest.api.v1.vtl.VTLResourceIntegrationTest" time="2.34"/>
  <testcase name="testGet[1: com.dotcms.rest.api.v1.vtl.VTLResourceTestCase@267c45ad]" classname="com.dotcms.rest.api.v1.vtl.VTLResourceIntegrationTest" time="1.975"/>
  <testcase name="testGet[2: com.dotcms.rest.api.v1.vtl.VTLResourceTestCase@48ef176d]" classname="com.dotcms.rest.api.v1.vtl.VTLResourceIntegrationTest" time="1.99"/>
  <testcase name="testGet[3: com.dotcms.rest.api.v1.vtl.VTLResourceTestCase@36382896]" classname="com.dotcms.rest.api.v1.vtl.VTLResourceIntegrationTest" time="2.044"/>
  <testcase name="testGet[4: com.dotcms.rest.api.v1.vtl.VTLResourceTestCase@31e8f7ce]" classname="com.dotcms.rest.api.v1.vtl.VTLResourceIntegrationTest" time="1.919"/>
  <testcase name="testGet[5: com.dotcms.rest.api.v1.vtl.VTLResourceTestCase@757d8d73]" classname="com.dotcms.rest.api.v1.vtl.VTLResourceIntegrationTest" time="2.044"/>
  <system-out><![CDATA[]]></system-out>
  <system-err><![CDATA[]]></system-err>
</testsuite>
