<?xml version="1.0" encoding="UTF-8"?>
<testsuite name="com.dotcms.rendering.velocity.viewtools.content.ContentToolTest" tests="18" skipped="0" failures="0" errors="0" timestamp="2023-07-14T14:49:17" hostname="fv-az627-249" time="55.686">
  <properties/>
  <testcase name="whenTheTimeMachineDateIsNullAndPublishDateInFutureShouldNotReturnAnything" classname="com.dotcms.rendering.velocity.viewtools.content.ContentToolTest" time="3.06"/>
  <testcase name="whenTheTimeMachineDateAndPublishDateAreTomorrowShouldReturnOneContent" classname="com.dotcms.rendering.velocity.viewtools.content.ContentToolTest" time="3.11"/>
  <testcase name="testPullRelated_MultiLangContent" classname="com.dotcms.rendering.velocity.viewtools.content.ContentToolTest" time="8.89"/>
  <testcase name="testPullRelated" classname="com.dotcms.rendering.velocity.viewtools.content.ContentToolTest" time="7.119"/>
  <testcase name="whenPublishAndExpireDatesAreInTheFutureAndTimeMachineIsAfterBoth" classname="com.dotcms.rendering.velocity.viewtools.content.ContentToolTest" time="3.158"/>
  <testcase name="testPullRelatedField_whenInvalidFieldIsSent_throwsAnException" classname="com.dotcms.rendering.velocity.viewtools.content.ContentToolTest" time="0.357"/>
  <testcase name="whenTheTimeMachineDateIsAfterTomorrowAndExpireDateIsTomorrowShouldNotReturnContent" classname="com.dotcms.rendering.velocity.viewtools.content.ContentToolTest" time="3.104"/>
  <testcase name="testPullRelatedContent_whenRelationshipFieldExists[0: com.dotcms.rendering.velocity.viewtools.content.ContentToolTest$TestCase@6ca26189]" classname="com.dotcms.rendering.velocity.viewtools.content.ContentToolTest" time="0.649"/>
  <testcase name="testPullRelatedContent_whenRelationshipFieldExists[1: com.dotcms.rendering.velocity.viewtools.content.ContentToolTest$TestCase@ce774b3]" classname="com.dotcms.rendering.velocity.viewtools.content.ContentToolTest" time="0.68"/>
  <testcase name="testPullRelatedContent_whenRelationshipFieldExists[2: com.dotcms.rendering.velocity.viewtools.content.ContentToolTest$TestCase@4668e3f8]" classname="com.dotcms.rendering.velocity.viewtools.content.ContentToolTest" time="0.64"/>
  <testcase name="testPullRelatedContent_whenRelationshipFieldExists[3: com.dotcms.rendering.velocity.viewtools.content.ContentToolTest$TestCase@77b75186]" classname="com.dotcms.rendering.velocity.viewtools.content.ContentToolTest" time="0.63"/>
  <testcase name="testPullRelatedContent_whenRelationshipFieldExists[4: com.dotcms.rendering.velocity.viewtools.content.ContentToolTest$TestCase@866d8d0]" classname="com.dotcms.rendering.velocity.viewtools.content.ContentToolTest" time="0.662"/>
  <testcase name="testPullRelatedContent_whenRelationshipFieldExists[5: com.dotcms.rendering.velocity.viewtools.content.ContentToolTest$TestCase@3f137783]" classname="com.dotcms.rendering.velocity.viewtools.content.ContentToolTest" time="0.612"/>
  <testcase name="testPullRelatedField_success" classname="com.dotcms.rendering.velocity.viewtools.content.ContentToolTest" time="4.659"/>
  <testcase name="testPullRelatedParentContentTypeInLiveMode" classname="com.dotcms.rendering.velocity.viewtools.content.ContentToolTest" time="6.208"/>
  <testcase name="testPullMultiLanguage" classname="com.dotcms.rendering.velocity.viewtools.content.ContentToolTest" time="3.114"/>
  <testcase name="whenTheTimeMachineDateIsAfterTomorrowAndExpireDateIsInFutureShouldReturnContent" classname="com.dotcms.rendering.velocity.viewtools.content.ContentToolTest" time="3.036"/>
  <testcase name="testPullRelatedParentContentType" classname="com.dotcms.rendering.velocity.viewtools.content.ContentToolTest" time="5.996"/>
  <system-out><![CDATA[]]></system-out>
  <system-err><![CDATA[]]></system-err>
</testsuite>
