<?xml version="1.0" encoding="UTF-8"?>
<testsuite name="com.dotcms.rendering.velocity.viewtools.content.util.ContentUtilsTest" tests="89" skipped="0" failures="0" errors="0" timestamp="2023-07-12T23:29:22" hostname="fv-az167-45" time="416.317">
  <properties/>
  <testcase name="whenTheTimeMachineDateIsNullAndPublishDateInFutureShouldNotReturnAnything" classname="com.dotcms.rendering.velocity.viewtools.content.util.ContentUtilsTest" time="3.685"/>
  <testcase name="test_find_multilingual_contentlet_getContentletSuccessfully" classname="com.dotcms.rendering.velocity.viewtools.content.util.ContentUtilsTest" time="2.479"/>
  <testcase name="whenTheTimeMachineDateAndPublishDateAreTomorrowShouldReturnOneContent" classname="com.dotcms.rendering.velocity.viewtools.content.util.ContentUtilsTest" time="2.634"/>
  <testcase name="testPullRelated[0: com.dotcms.rendering.velocity.viewtools.content.util.ContentUtilsTest$TestCase@4bd1adca]" classname="com.dotcms.rendering.velocity.viewtools.content.util.ContentUtilsTest" time="4.497"/>
  <testcase name="testPullRelated[1: com.dotcms.rendering.velocity.viewtools.content.util.ContentUtilsTest$TestCase@54eb6cf3]" classname="com.dotcms.rendering.velocity.viewtools.content.util.ContentUtilsTest" time="4.097"/>
  <testcase name="testPullRelated[2: com.dotcms.rendering.velocity.viewtools.content.util.ContentUtilsTest$TestCase@69a5bca0]" classname="com.dotcms.rendering.velocity.viewtools.content.util.ContentUtilsTest" time="4.32"/>
  <testcase name="testPullRelated[3: com.dotcms.rendering.velocity.viewtools.content.util.ContentUtilsTest$TestCase@6ab9ef99]" classname="com.dotcms.rendering.velocity.viewtools.content.util.ContentUtilsTest" time="4.692"/>
  <testcase name="testPullRelated[4: com.dotcms.rendering.velocity.viewtools.content.util.ContentUtilsTest$TestCase@2cc0b0f9]" classname="com.dotcms.rendering.velocity.viewtools.content.util.ContentUtilsTest" time="4.112"/>
  <testcase name="testPullRelated[5: com.dotcms.rendering.velocity.viewtools.content.util.ContentUtilsTest$TestCase@23c3cd66]" classname="com.dotcms.rendering.velocity.viewtools.content.util.ContentUtilsTest" time="3.82"/>
  <testcase name="testPullRelated[6: com.dotcms.rendering.velocity.viewtools.content.util.ContentUtilsTest$TestCase@67472502]" classname="com.dotcms.rendering.velocity.viewtools.content.util.ContentUtilsTest" time="4.525"/>
  <testcase name="testPullRelated[7: com.dotcms.rendering.velocity.viewtools.content.util.ContentUtilsTest$TestCase@42a7cb54]" classname="com.dotcms.rendering.velocity.viewtools.content.util.ContentUtilsTest" time="2.898"/>
  <testcase name="testPullRelated[8: com.dotcms.rendering.velocity.viewtools.content.util.ContentUtilsTest$TestCase@6bc9fc81]" classname="com.dotcms.rendering.velocity.viewtools.content.util.ContentUtilsTest" time="5.212"/>
  <testcase name="testPullRelated[9: com.dotcms.rendering.velocity.viewtools.content.util.ContentUtilsTest$TestCase@56dca463]" classname="com.dotcms.rendering.velocity.viewtools.content.util.ContentUtilsTest" time="2.875"/>
  <testcase name="testPullRelated[10: com.dotcms.rendering.velocity.viewtools.content.util.ContentUtilsTest$TestCase@8ede48f]" classname="com.dotcms.rendering.velocity.viewtools.content.util.ContentUtilsTest" time="4.464"/>
  <testcase name="testPullRelated[11: com.dotcms.rendering.velocity.viewtools.content.util.ContentUtilsTest$TestCase@746c63ad]" classname="com.dotcms.rendering.velocity.viewtools.content.util.ContentUtilsTest" time="3.158"/>
  <testcase name="testPullRelated[12: com.dotcms.rendering.velocity.viewtools.content.util.ContentUtilsTest$TestCase@5065a455]" classname="com.dotcms.rendering.velocity.viewtools.content.util.ContentUtilsTest" time="4.885"/>
  <testcase name="testPullRelated[13: com.dotcms.rendering.velocity.viewtools.content.util.ContentUtilsTest$TestCase@63a9fd86]" classname="com.dotcms.rendering.velocity.viewtools.content.util.ContentUtilsTest" time="3.062"/>
  <testcase name="testPullRelated[14: com.dotcms.rendering.velocity.viewtools.content.util.ContentUtilsTest$TestCase@487b4e0]" classname="com.dotcms.rendering.velocity.viewtools.content.util.ContentUtilsTest" time="4.147"/>
  <testcase name="testPullRelated[15: com.dotcms.rendering.velocity.viewtools.content.util.ContentUtilsTest$TestCase@1361ced6]" classname="com.dotcms.rendering.velocity.viewtools.content.util.ContentUtilsTest" time="4.171"/>
  <testcase name="testPullRelated[16: com.dotcms.rendering.velocity.viewtools.content.util.ContentUtilsTest$TestCase@6edb97e3]" classname="com.dotcms.rendering.velocity.viewtools.content.util.ContentUtilsTest" time="4.141"/>
  <testcase name="testPullRelated[17: com.dotcms.rendering.velocity.viewtools.content.util.ContentUtilsTest$TestCase@42321273]" classname="com.dotcms.rendering.velocity.viewtools.content.util.ContentUtilsTest" time="3.647"/>
  <testcase name="testPullRelated[18: com.dotcms.rendering.velocity.viewtools.content.util.ContentUtilsTest$TestCase@7b2b9e61]" classname="com.dotcms.rendering.velocity.viewtools.content.util.ContentUtilsTest" time="4.331"/>
  <testcase name="testPullRelated[19: com.dotcms.rendering.velocity.viewtools.content.util.ContentUtilsTest$TestCase@66a1e8ac]" classname="com.dotcms.rendering.velocity.viewtools.content.util.ContentUtilsTest" time="3.093"/>
  <testcase name="testPullRelated[20: com.dotcms.rendering.velocity.viewtools.content.util.ContentUtilsTest$TestCase@54770f14]" classname="com.dotcms.rendering.velocity.viewtools.content.util.ContentUtilsTest" time="4.011"/>
  <testcase name="testPullRelated[21: com.dotcms.rendering.velocity.viewtools.content.util.ContentUtilsTest$TestCase@6843e63]" classname="com.dotcms.rendering.velocity.viewtools.content.util.ContentUtilsTest" time="3.909"/>
  <testcase name="testPullRelated[22: com.dotcms.rendering.velocity.viewtools.content.util.ContentUtilsTest$TestCase@21fb6044]" classname="com.dotcms.rendering.velocity.viewtools.content.util.ContentUtilsTest" time="4.412"/>
  <testcase name="testPullRelated[23: com.dotcms.rendering.velocity.viewtools.content.util.ContentUtilsTest$TestCase@4876085f]" classname="com.dotcms.rendering.velocity.viewtools.content.util.ContentUtilsTest" time="4.03"/>
  <testcase name="testPullRelated[24: com.dotcms.rendering.velocity.viewtools.content.util.ContentUtilsTest$TestCase@2415a1ea]" classname="com.dotcms.rendering.velocity.viewtools.content.util.ContentUtilsTest" time="2.997"/>
  <testcase name="testPullRelated[25: com.dotcms.rendering.velocity.viewtools.content.util.ContentUtilsTest$TestCase@3c5f42d]" classname="com.dotcms.rendering.velocity.viewtools.content.util.ContentUtilsTest" time="3.046"/>
  <testcase name="testPullRelated[26: com.dotcms.rendering.velocity.viewtools.content.util.ContentUtilsTest$TestCase@79c65d51]" classname="com.dotcms.rendering.velocity.viewtools.content.util.ContentUtilsTest" time="3.979"/>
  <testcase name="testPullRelated[27: com.dotcms.rendering.velocity.viewtools.content.util.ContentUtilsTest$TestCase@10a96c6]" classname="com.dotcms.rendering.velocity.viewtools.content.util.ContentUtilsTest" time="3.221"/>
  <testcase name="testPullRelated[28: com.dotcms.rendering.velocity.viewtools.content.util.ContentUtilsTest$TestCase@8996dfc]" classname="com.dotcms.rendering.velocity.viewtools.content.util.ContentUtilsTest" time="3.727"/>
  <testcase name="testPullRelated[29: com.dotcms.rendering.velocity.viewtools.content.util.ContentUtilsTest$TestCase@2451945e]" classname="com.dotcms.rendering.velocity.viewtools.content.util.ContentUtilsTest" time="4.265"/>
  <testcase name="testPullRelated[30: com.dotcms.rendering.velocity.viewtools.content.util.ContentUtilsTest$TestCase@6f367950]" classname="com.dotcms.rendering.velocity.viewtools.content.util.ContentUtilsTest" time="3.992"/>
  <testcase name="testPullRelated[31: com.dotcms.rendering.velocity.viewtools.content.util.ContentUtilsTest$TestCase@3a5f7ed6]" classname="com.dotcms.rendering.velocity.viewtools.content.util.ContentUtilsTest" time="3.356"/>
  <testcase name="testPullRelated[32: com.dotcms.rendering.velocity.viewtools.content.util.ContentUtilsTest$TestCase@796a02ec]" classname="com.dotcms.rendering.velocity.viewtools.content.util.ContentUtilsTest" time="3.798"/>
  <testcase name="testPullRelated[33: com.dotcms.rendering.velocity.viewtools.content.util.ContentUtilsTest$TestCase@51b18afb]" classname="com.dotcms.rendering.velocity.viewtools.content.util.ContentUtilsTest" time="4.076"/>
  <testcase name="testPullRelated[34: com.dotcms.rendering.velocity.viewtools.content.util.ContentUtilsTest$TestCase@d119564]" classname="com.dotcms.rendering.velocity.viewtools.content.util.ContentUtilsTest" time="4.208"/>
  <testcase name="testPullRelated[35: com.dotcms.rendering.velocity.viewtools.content.util.ContentUtilsTest$TestCase@4c79e3de]" classname="com.dotcms.rendering.velocity.viewtools.content.util.ContentUtilsTest" time="3.167"/>
  <testcase name="testPullRelated[36: com.dotcms.rendering.velocity.viewtools.content.util.ContentUtilsTest$TestCase@65adf5df]" classname="com.dotcms.rendering.velocity.viewtools.content.util.ContentUtilsTest" time="5.972"/>
  <testcase name="testPullRelated[37: com.dotcms.rendering.velocity.viewtools.content.util.ContentUtilsTest$TestCase@38165dc3]" classname="com.dotcms.rendering.velocity.viewtools.content.util.ContentUtilsTest" time="6.173"/>
  <testcase name="testPullRelated[38: com.dotcms.rendering.velocity.viewtools.content.util.ContentUtilsTest$TestCase@39ad4510]" classname="com.dotcms.rendering.velocity.viewtools.content.util.ContentUtilsTest" time="5.348"/>
  <testcase name="testPullRelated[39: com.dotcms.rendering.velocity.viewtools.content.util.ContentUtilsTest$TestCase@3a4926e8]" classname="com.dotcms.rendering.velocity.viewtools.content.util.ContentUtilsTest" time="6.77"/>
  <testcase name="testPullRelated[40: com.dotcms.rendering.velocity.viewtools.content.util.ContentUtilsTest$TestCase@30c02f73]" classname="com.dotcms.rendering.velocity.viewtools.content.util.ContentUtilsTest" time="6.252"/>
  <testcase name="testPullRelated[41: com.dotcms.rendering.velocity.viewtools.content.util.ContentUtilsTest$TestCase@3a3284ed]" classname="com.dotcms.rendering.velocity.viewtools.content.util.ContentUtilsTest" time="5.098"/>
  <testcase name="testPullRelated[42: com.dotcms.rendering.velocity.viewtools.content.util.ContentUtilsTest$TestCase@6964d37e]" classname="com.dotcms.rendering.velocity.viewtools.content.util.ContentUtilsTest" time="5.071"/>
  <testcase name="testPullRelated[43: com.dotcms.rendering.velocity.viewtools.content.util.ContentUtilsTest$TestCase@1a69c6dc]" classname="com.dotcms.rendering.velocity.viewtools.content.util.ContentUtilsTest" time="6.215"/>
  <testcase name="testPullRelated[44: com.dotcms.rendering.velocity.viewtools.content.util.ContentUtilsTest$TestCase@2b63c955]" classname="com.dotcms.rendering.velocity.viewtools.content.util.ContentUtilsTest" time="4.985"/>
  <testcase name="testPullRelated[45: com.dotcms.rendering.velocity.viewtools.content.util.ContentUtilsTest$TestCase@5582538]" classname="com.dotcms.rendering.velocity.viewtools.content.util.ContentUtilsTest" time="5.803"/>
  <testcase name="testPullRelated[46: com.dotcms.rendering.velocity.viewtools.content.util.ContentUtilsTest$TestCase@4ae8e9ce]" classname="com.dotcms.rendering.velocity.viewtools.content.util.ContentUtilsTest" time="6.648"/>
  <testcase name="testPullRelated[47: com.dotcms.rendering.velocity.viewtools.content.util.ContentUtilsTest$TestCase@1ee38969]" classname="com.dotcms.rendering.velocity.viewtools.content.util.ContentUtilsTest" time="7.196"/>
  <testcase name="testPullRelated[48: com.dotcms.rendering.velocity.viewtools.content.util.ContentUtilsTest$TestCase@2b7fd281]" classname="com.dotcms.rendering.velocity.viewtools.content.util.ContentUtilsTest" time="6.846"/>
  <testcase name="testPullRelated[49: com.dotcms.rendering.velocity.viewtools.content.util.ContentUtilsTest$TestCase@6f4a4333]" classname="com.dotcms.rendering.velocity.viewtools.content.util.ContentUtilsTest" time="6.104"/>
  <testcase name="testPullRelated[50: com.dotcms.rendering.velocity.viewtools.content.util.ContentUtilsTest$TestCase@6261718d]" classname="com.dotcms.rendering.velocity.viewtools.content.util.ContentUtilsTest" time="6.661"/>
  <testcase name="testPullRelated[51: com.dotcms.rendering.velocity.viewtools.content.util.ContentUtilsTest$TestCase@604b0469]" classname="com.dotcms.rendering.velocity.viewtools.content.util.ContentUtilsTest" time="5.863"/>
  <testcase name="testPullRelated[52: com.dotcms.rendering.velocity.viewtools.content.util.ContentUtilsTest$TestCase@3575393b]" classname="com.dotcms.rendering.velocity.viewtools.content.util.ContentUtilsTest" time="5.851"/>
  <testcase name="testPullRelated[53: com.dotcms.rendering.velocity.viewtools.content.util.ContentUtilsTest$TestCase@81ba77d]" classname="com.dotcms.rendering.velocity.viewtools.content.util.ContentUtilsTest" time="6.113"/>
  <testcase name="testPullRelated[54: com.dotcms.rendering.velocity.viewtools.content.util.ContentUtilsTest$TestCase@611f42ea]" classname="com.dotcms.rendering.velocity.viewtools.content.util.ContentUtilsTest" time="6.268"/>
  <testcase name="testPullRelated[55: com.dotcms.rendering.velocity.viewtools.content.util.ContentUtilsTest$TestCase@594f6aec]" classname="com.dotcms.rendering.velocity.viewtools.content.util.ContentUtilsTest" time="6.32"/>
  <testcase name="testPullRelated[56: com.dotcms.rendering.velocity.viewtools.content.util.ContentUtilsTest$TestCase@45ef3c1f]" classname="com.dotcms.rendering.velocity.viewtools.content.util.ContentUtilsTest" time="6.784"/>
  <testcase name="testPullRelated[57: com.dotcms.rendering.velocity.viewtools.content.util.ContentUtilsTest$TestCase@109a5b90]" classname="com.dotcms.rendering.velocity.viewtools.content.util.ContentUtilsTest" time="5.144"/>
  <testcase name="testPullRelated[58: com.dotcms.rendering.velocity.viewtools.content.util.ContentUtilsTest$TestCase@b09437b]" classname="com.dotcms.rendering.velocity.viewtools.content.util.ContentUtilsTest" time="6.142"/>
  <testcase name="testPullRelated[59: com.dotcms.rendering.velocity.viewtools.content.util.ContentUtilsTest$TestCase@293340fc]" classname="com.dotcms.rendering.velocity.viewtools.content.util.ContentUtilsTest" time="6.153"/>
  <testcase name="testPullRelated[60: com.dotcms.rendering.velocity.viewtools.content.util.ContentUtilsTest$TestCase@15009e01]" classname="com.dotcms.rendering.velocity.viewtools.content.util.ContentUtilsTest" time="6.278"/>
  <testcase name="testPullRelated[61: com.dotcms.rendering.velocity.viewtools.content.util.ContentUtilsTest$TestCase@578411ea]" classname="com.dotcms.rendering.velocity.viewtools.content.util.ContentUtilsTest" time="5.917"/>
  <testcase name="testPullRelated[62: com.dotcms.rendering.velocity.viewtools.content.util.ContentUtilsTest$TestCase@165792fa]" classname="com.dotcms.rendering.velocity.viewtools.content.util.ContentUtilsTest" time="6.261"/>
  <testcase name="testPullRelated[63: com.dotcms.rendering.velocity.viewtools.content.util.ContentUtilsTest$TestCase@2550146c]" classname="com.dotcms.rendering.velocity.viewtools.content.util.ContentUtilsTest" time="6.016"/>
  <testcase name="testPullRelated[64: com.dotcms.rendering.velocity.viewtools.content.util.ContentUtilsTest$TestCase@34316651]" classname="com.dotcms.rendering.velocity.viewtools.content.util.ContentUtilsTest" time="6.103"/>
  <testcase name="testPullRelated[65: com.dotcms.rendering.velocity.viewtools.content.util.ContentUtilsTest$TestCase@434d2a7c]" classname="com.dotcms.rendering.velocity.viewtools.content.util.ContentUtilsTest" time="6.004"/>
  <testcase name="testPullRelated[66: com.dotcms.rendering.velocity.viewtools.content.util.ContentUtilsTest$TestCase@69a7a0ad]" classname="com.dotcms.rendering.velocity.viewtools.content.util.ContentUtilsTest" time="6.37"/>
  <testcase name="testPullRelated[67: com.dotcms.rendering.velocity.viewtools.content.util.ContentUtilsTest$TestCase@4c712a81]" classname="com.dotcms.rendering.velocity.viewtools.content.util.ContentUtilsTest" time="5.122"/>
  <testcase name="testPullRelated[68: com.dotcms.rendering.velocity.viewtools.content.util.ContentUtilsTest$TestCase@73cdceb0]" classname="com.dotcms.rendering.velocity.viewtools.content.util.ContentUtilsTest" time="5.235"/>
  <testcase name="testPullRelated[69: com.dotcms.rendering.velocity.viewtools.content.util.ContentUtilsTest$TestCase@59f9047f]" classname="com.dotcms.rendering.velocity.viewtools.content.util.ContentUtilsTest" time="6.799"/>
  <testcase name="testPullRelated[70: com.dotcms.rendering.velocity.viewtools.content.util.ContentUtilsTest$TestCase@d0f7525]" classname="com.dotcms.rendering.velocity.viewtools.content.util.ContentUtilsTest" time="6.206"/>
  <testcase name="testPullRelated[71: com.dotcms.rendering.velocity.viewtools.content.util.ContentUtilsTest$TestCase@48ef6327]" classname="com.dotcms.rendering.velocity.viewtools.content.util.ContentUtilsTest" time="6.365"/>
  <testcase name="whenPublishAndExpireDatesAreInTheFutureAndTimeMachineIsAfterBoth" classname="com.dotcms.rendering.velocity.viewtools.content.util.ContentUtilsTest" time="3.628"/>
  <testcase name="testPullRelatedForLegacyRelationship[0: com.dotcms.rendering.velocity.viewtools.content.util.ContentUtilsTest$LegacyTestCase@55ca9cc4]" classname="com.dotcms.rendering.velocity.viewtools.content.util.ContentUtilsTest" time="3.687"/>
  <testcase name="testPullRelatedForLegacyRelationship[1: com.dotcms.rendering.velocity.viewtools.content.util.ContentUtilsTest$LegacyTestCase@4401a0fe]" classname="com.dotcms.rendering.velocity.viewtools.content.util.ContentUtilsTest" time="4.258"/>
  <testcase name="whenTheTimeMachineDateIsAfterTomorrowAndExpireDateIsTomorrowShouldNotReturnContent" classname="com.dotcms.rendering.velocity.viewtools.content.util.ContentUtilsTest" time="3.804"/>
  <testcase name="testPullLiveRelatedWhenLatestVersionIsWorking" classname="com.dotcms.rendering.velocity.viewtools.content.util.ContentUtilsTest" time="5.136"/>
  <testcase name="test_add_relationships_on_parent_children_related_contents" classname="com.dotcms.rendering.velocity.viewtools.content.util.ContentUtilsTest" time="1.717"/>
  <testcase name="testSortPullRelated[0: com.dotcms.rendering.velocity.viewtools.content.util.ContentUtilsTest$SortTestCase@32514306]" classname="com.dotcms.rendering.velocity.viewtools.content.util.ContentUtilsTest" time="3.068"/>
  <testcase name="testSortPullRelated[1: com.dotcms.rendering.velocity.viewtools.content.util.ContentUtilsTest$SortTestCase@194e830]" classname="com.dotcms.rendering.velocity.viewtools.content.util.ContentUtilsTest" time="2.395"/>
  <testcase name="testSortPullRelated[2: com.dotcms.rendering.velocity.viewtools.content.util.ContentUtilsTest$SortTestCase@39787a]" classname="com.dotcms.rendering.velocity.viewtools.content.util.ContentUtilsTest" time="3.231"/>
  <testcase name="testSortPullRelated[3: com.dotcms.rendering.velocity.viewtools.content.util.ContentUtilsTest$SortTestCase@49f63ed3]" classname="com.dotcms.rendering.velocity.viewtools.content.util.ContentUtilsTest" time="3.716"/>
  <testcase name="testSortPullRelated[4: com.dotcms.rendering.velocity.viewtools.content.util.ContentUtilsTest$SortTestCase@71070d98]" classname="com.dotcms.rendering.velocity.viewtools.content.util.ContentUtilsTest" time="3.441"/>
  <testcase name="testSortPullRelated[5: com.dotcms.rendering.velocity.viewtools.content.util.ContentUtilsTest$SortTestCase@5774aee0]" classname="com.dotcms.rendering.velocity.viewtools.content.util.ContentUtilsTest" time="3.573"/>
  <testcase name="whenTheTimeMachineDateIsAfterTomorrowAndExpireDateIsInFutureShouldReturnContent" classname="com.dotcms.rendering.velocity.viewtools.content.util.ContentUtilsTest" time="3.787"/>
  <testcase name="testPullRelatedFieldShouldRespectDefaultOrder" classname="com.dotcms.rendering.velocity.viewtools.content.util.ContentUtilsTest" time="3.278"/>
  <system-out><![CDATA[]]></system-out>
  <system-err><![CDATA[]]></system-err>
</testsuite>
