<?xml version="1.0" encoding="UTF-8"?>
<testsuite name="com.dotmarketing.business.DeterministicIdentifierAPITest" tests="16" skipped="0" failures="0" errors="0" timestamp="2023-06-30T21:27:57" hostname="fv-az248-258" time="1.475">
  <properties/>
  <testcase name="Test_Category_Path_Seed_And_Id" classname="com.dotmarketing.business.DeterministicIdentifierAPITest" time="0.021"/>
  <testcase name="Test_Language_Deterministic_Id[0: LanguageTestCase{expectedSeed='Language:es:US', expectedHash=4913155, langCode='es', countryCode='US', country='United States'}]" classname="com.dotmarketing.business.DeterministicIdentifierAPITest" time="0.001"/>
  <testcase name="Test_Language_Deterministic_Id[1: LanguageTestCase{expectedSeed='Language:ep:', expectedHash=5292269, langCode='ep', countryCode='', country=''}]" classname="com.dotmarketing.business.DeterministicIdentifierAPITest" time="0.001"/>
  <testcase name="Test_Language_Deterministic_Id[2: LanguageTestCase{expectedSeed='Language:sg:SAG', expectedHash=4713118, langCode='sg', countryCode='SAG', country=''}]" classname="com.dotmarketing.business.DeterministicIdentifierAPITest" time="0.001"/>
  <testcase name="Test_Language_Deterministic_Id[3: LanguageTestCase{expectedSeed='Language:en:NZ', expectedHash=5382528, langCode='en', countryCode='NZ', country='New Zealand'}]" classname="com.dotmarketing.business.DeterministicIdentifierAPITest" time="0.001"/>
  <testcase name="Test_Category_None_Persisted_Category_Should_Return_Deterministic_Id" classname="com.dotmarketing.business.DeterministicIdentifierAPITest" time="0.001"/>
  <testcase name="Test_Asset_Generate_Deterministic_Id_Best_Effort[0: TestCase{versionable=my.host1688154818203.com, parent=System Host, expectedName='my.host1688154818203.com', expectedType='Host'}]" classname="com.dotmarketing.business.DeterministicIdentifierAPITest" time="0.003"/>
  <testcase name="Test_Asset_Generate_Deterministic_Id_Best_Effort[1: TestCase{versionable=com.dotmarketing.portlets.contentlet.model.Contentlet@4779cbd1[map={modDate=2023-06-30 19:53:39.045, fileName=file6993062519981782386.txt, title=file6993062519981782386.txt, inode=223c39a6-c53f-48e7-989d-818fd19cd61b, __IS_NEW_CONTENT__=true, disabledWYSIWYG=[], host=ca4fe96a-8857-470e-9a12-63af7a9c6417, stInode=33888b6f-7a8e-4069-b1b6-5c1aa9d0a48d, owner=system, identifier=0308bda8-9129-40bd-be49-3ec4d19c323f, nullProperties=[wfExpireDate, wfPublishDate, wfActionAssign, wfActionId, wfActionComments, filterKey, whereToSend, wfNeverExpire, _path_to_move, timezoneId, iWantTo, wfPublishTime, wfExpireTime], languageId=1, fileAsset=/home/runner/work/core/custom/assets/2/2/223c39a6-c53f-48e7-989d-818fd19cd61b/fileAsset/file6993062519981782386.txt, folder=d972946f-615a-4b05-89d7-eece8aa7bebc, __disable_workflow__=true, sortOrder=0, modUser=system},lowIndexPriority=false,variantId=DEFAULT], parent=com.dotmarketing.portlets.folders.model.Folder@3e249011[identifier=d972946f-615a-4b05-89d7-eece8aa7bebc,name=testName1688154819035,sortOrder=0,showOnMenu=false,hostId=ca4fe96a-8857-470e-9a12-63af7a9c6417,type=folder,title=testTitle1688154819035,filesMasks=,defaultFileType=33888b6f-7a8e-4069-b1b6-5c1aa9d0a48d,modDate=2023-06-30 19:53:39.038,owner=&lt;null&gt;,iDate=2023-06-30 19:53:39.038,inode=d972946f-615a-4b05-89d7-eece8aa7bebc,path=/testName1688154819035/], expectedName='file6993062519981782386.txt', expectedType='FileAsset'}]" classname="com.dotmarketing.business.DeterministicIdentifierAPITest" time="0.003"/>
  <testcase name="Test_Asset_Generate_Deterministic_Id_Best_Effort[2: TestCase{versionable=com.dotmarketing.portlets.templates.model.Template@3cc5dc78, parent=my.host1688154818203.com, expectedName='testTitle1688154819144', expectedType='Template'}]" classname="com.dotmarketing.business.DeterministicIdentifierAPITest" time="0.002"/>
  <testcase name="Test_Asset_Generate_Deterministic_Id_Best_Effort[3: TestCase{versionable=com.dotmarketing.portlets.htmlpageasset.model.HTMLPageAsset@4ef22cac[map={template=e0aef459-ff9b-4916-a618-47422f6a56f4, owner=system, identifier=f78abc15-1605-4745-8235-65d1e34c1cb4, nullProperties=[wfExpireDate, wfPublishDate, wfActionAssign, wfActionId, wfActionComments, filterKey, whereToSend, wfNeverExpire, _path_to_move, timezoneId, iWantTo, wfPublishTime, wfExpireTime], modDate=2023-06-30 19:53:39.159, cachettl=0, _is_test_mode=true, languageId=1, title=test-page-title-1688154819155, httpsreq=, url=test-page-url-1688154819155, showOnMenu=, inode=1b0ba45c-af0e-44b5-86c7-b0c503235df9, folder=d972946f-615a-4b05-89d7-eece8aa7bebc, disabledWYSIWYG=[], sortOrder=1, modUser=system, host=ca4fe96a-8857-470e-9a12-63af7a9c6417, stInode=c541abb1-69b3-4bc5-8430-5e09e5239cc8, friendlyName=test-page-friendly-name-1688154819155},lowIndexPriority=false,variantId=DEFAULT], parent=com.dotmarketing.portlets.folders.model.Folder@3e249011[identifier=d972946f-615a-4b05-89d7-eece8aa7bebc,name=testName1688154819035,sortOrder=0,showOnMenu=false,hostId=ca4fe96a-8857-470e-9a12-63af7a9c6417,type=folder,title=testTitle1688154819035,filesMasks=,defaultFileType=33888b6f-7a8e-4069-b1b6-5c1aa9d0a48d,modDate=2023-06-30 19:53:39.038,owner=&lt;null&gt;,iDate=2023-06-30 19:53:39.038,inode=d972946f-615a-4b05-89d7-eece8aa7bebc,path=/testName1688154819035/], expectedName='test-page-url-1688154819155', expectedType='htmlpageasset'}]" classname="com.dotmarketing.business.DeterministicIdentifierAPITest" time="0.003"/>
  <testcase name="Test_Asset_Generate_Deterministic_Id_Best_Effort[4: TestCase{versionable=com.dotmarketing.portlets.contentlet.model.Contentlet@34682ca4[map={fileAsset2=/home/runner/work/core/custom/assets/c/9/c9352603-4a8e-4450-80f5-35960409bc58/fileAsset2/test_binary1688154820045.png, modDate=2023-06-30 19:53:40.05, fileAsset1=/home/runner/work/core/custom/assets/c/9/c9352603-4a8e-4450-80f5-35960409bc58/fileAsset1/test_binary1688154820045.jpg, title=blah, inode=c9352603-4a8e-4450-80f5-35960409bc58, __IS_NEW_CONTENT__=true, disabledWYSIWYG=[], host=8a7d5e23-da1e-420a-b4f0-471e7da8ea2d, stInode=4d1b1f72-1920-454b-af5a-19ec0caf7c75, owner=system, identifier=7b3a66d9-85db-42ae-9ef8-034ee01d0768, nullProperties=[], languageId=1, image1=c3f954d9-e1e9-4da3-9bdc-c294468dc38e, folder=SYSTEM_FOLDER, __disable_workflow__=true, sortOrder=0, modUser=system},lowIndexPriority=false,variantId=DEFAULT], parent=default, expectedName='test_binary1688154820045.jpg:test_binary1688154820045.png', expectedType='MultipleBinaries1688154819268'}]" classname="com.dotmarketing.business.DeterministicIdentifierAPITest" time="0.006"/>
  <testcase name="Test_Asset_Generate_Deterministic_Id_Best_Effort[5: TestCase{versionable=namebcce4ec492 : keyTagbcce4ec492, parent=my.host1688154818203.com, expectedName='keyTagbcce4ec492', expectedType='persona'}]" classname="com.dotmarketing.business.DeterministicIdentifierAPITest" time="0.005"/>
  <testcase name="Test_Similar_Content_Type_Wont_Clash" classname="com.dotmarketing.business.DeterministicIdentifierAPITest" time="0.425"/>
  <testcase name="Test_Generate_Folder_Identifier" classname="com.dotmarketing.business.DeterministicIdentifierAPITest" time="0.991"/>
  <testcase name="Test_Generate_Content_Type_Identifier[0: ContentTypeTestCase{contentType=KeyValueContentType{name=Language Variable, id=f4d7c1b8-2c88-4071-abf1-a5328977b07d, description=Default Content Type for Language Variables, defaultType=false, fixed=true, iDate=Thu Aug 31 16:38:49 UTC 2017, system=true, versionable=true, variable=Languagevariable, modDate=Fri Jun 30 19:50:05 UTC 2023, host=SYSTEM_HOST, siteName=systemHost, icon=language, sortOrder=0, folder=SYSTEM_FOLDER, folderPath=/, markedForDeletion=false, multilingualable=false}, expectedName='Languagevariable', expectedType='KeyValue'}]" classname="com.dotmarketing.business.DeterministicIdentifierAPITest" time="0.005"/>
  <testcase name="Test_Generate_Content_Type_Identifier[1: ContentTypeTestCase{contentType=SimpleContentType{name=testName1688154820601, id=d10f476d-ce3a-4bcc-b787-fb1c75ee4652, description=testDescription1688154820601, defaultType=false, fixed=false, iDate=Fri Jun 30 19:53:40 UTC 2023, system=false, versionable=true, multilingualable=false, variable=testVarname1688154820601, owner=system, modDate=Fri Jun 30 19:53:41 UTC 2023, host=8a7d5e23-da1e-420a-b4f0-471e7da8ea2d, siteName=default, icon=event_note, sortOrder=0, folder=SYSTEM_FOLDER, folderPath=/, requiredFields=[], markedForDeletion=false}, expectedName='testVarname1688154820601', expectedType='CONTENT'}]" classname="com.dotmarketing.business.DeterministicIdentifierAPITest" time="0.004"/>
  <system-out><![CDATA[]]></system-out>
  <system-err><![CDATA[]]></system-err>
</testsuite>
