<?xml version="1.0" encoding="UTF-8"?>
<testsuite name="com.dotcms.rendering.velocity.VelocityUtilTest" tests="5" skipped="0" failures="0" errors="0" timestamp="2023-07-18T19:51:17" hostname="fv-az553-913" time="2.142">
  <properties/>
  <testcase name="test01DefaultVelocityPath" classname="com.dotcms.rendering.velocity.VelocityUtilTest" time="0.001"/>
  <testcase name="test02CustomVelocityPath" classname="com.dotcms.rendering.velocity.VelocityUtilTest" time="0.002"/>
  <testcase name="test_getPageCacheKey_returnNull" classname="com.dotcms.rendering.velocity.VelocityUtilTest" time="2.114"/>
  <testcase name="test_servlet_context_is_not_available_in_velocity" classname="com.dotcms.rendering.velocity.VelocityUtilTest" time="0.016"/>
  <testcase name="test_unable_to_modify_userid_in_velocity_session" classname="com.dotcms.rendering.velocity.VelocityUtilTest" time="0.008"/>
  <system-out><![CDATA[]]></system-out>
  <system-err><![CDATA[]]></system-err>
</testsuite>
