<?xml version="1.0" encoding="UTF-8"?>
<testsuite name="com.dotmarketing.portlets.contentlet.business.HostFactoryImplTest" tests="1" skipped="0" failures="0" errors="0" timestamp="2023-06-26T16:04:14" hostname="fv-az180-822" time="1.493">
  <properties/>
  <testcase name="test_findLiveAndStopped_shouldOnlyRetunLiveAndStoppedSites" classname="com.dotmarketing.portlets.contentlet.business.HostFactoryImplTest" time="1.493"/>
  <system-out><![CDATA[]]></system-out>
  <system-err><![CDATA[]]></system-err>
</testsuite>
