<?xml version="1.0" encoding="UTF-8"?>
<testsuite name="com.dotcms.rest.elasticsearch.ESContentResourcePortletTest" tests="8" skipped="0" failures="0" errors="0" timestamp="2023-06-28T23:07:37" hostname="fv-az642-275" time="7.867">
  <properties/>
  <testcase name="test_search_includeGrandChildCategory_success" classname="com.dotcms.rest.elasticsearch.ESContentResourcePortletTest" time="1.383"/>
  <testcase name="testSearch[0: com.dotcms.rest.elasticsearch.ESContentResourcePortletTest$TestCase@14c92d9a]" classname="com.dotcms.rest.elasticsearch.ESContentResourcePortletTest" time="0.963"/>
  <testcase name="testSearch[1: com.dotcms.rest.elasticsearch.ESContentResourcePortletTest$TestCase@4c21312]" classname="com.dotcms.rest.elasticsearch.ESContentResourcePortletTest" time="1.235"/>
  <testcase name="testSearch[2: com.dotcms.rest.elasticsearch.ESContentResourcePortletTest$TestCase@51946d15]" classname="com.dotcms.rest.elasticsearch.ESContentResourcePortletTest" time="0.951"/>
  <testcase name="testSearch[3: com.dotcms.rest.elasticsearch.ESContentResourcePortletTest$TestCase@12b9991c]" classname="com.dotcms.rest.elasticsearch.ESContentResourcePortletTest" time="1.229"/>
  <testcase name="testSearch[4: com.dotcms.rest.elasticsearch.ESContentResourcePortletTest$TestCase@4f41c32c]" classname="com.dotcms.rest.elasticsearch.ESContentResourcePortletTest" time="0.238"/>
  <testcase name="testSearch[5: com.dotcms.rest.elasticsearch.ESContentResourcePortletTest$TestCase@5b8f1355]" classname="com.dotcms.rest.elasticsearch.ESContentResourcePortletTest" time="0.95"/>
  <testcase name="testSearch[6: com.dotcms.rest.elasticsearch.ESContentResourcePortletTest$TestCase@298131f4]" classname="com.dotcms.rest.elasticsearch.ESContentResourcePortletTest" time="0.916"/>
  <system-out><![CDATA[]]></system-out>
  <system-err><![CDATA[]]></system-err>
</testsuite>
