<?xml version="1.0" encoding="UTF-8"?>
<testsuite name="com.dotcms.content.elasticsearch.business.ContentletIndexAPIImplTest" tests="14" skipped="0" failures="0" errors="0" timestamp="2023-06-27T20:19:52" hostname="fv-az936-789" time="149.963">
  <properties/>
  <testcase name="createContentIndexAndDelete" classname="com.dotcms.content.elasticsearch.business.ContentletIndexAPIImplTest" time="20.439"/>
  <testcase name="isDotCMSIndexName" classname="com.dotcms.content.elasticsearch.business.ContentletIndexAPIImplTest" time="0.001"/>
  <testcase name="addRemoveContentToIndex" classname="com.dotcms.content.elasticsearch.business.ContentletIndexAPIImplTest" time="14.631"/>
  <testcase name="removeContentFromIndexByStructureInode" classname="com.dotcms.content.elasticsearch.business.ContentletIndexAPIImplTest" time="3.221"/>
  <testcase name="test_indexContentList_with_diff_refresh_strategies" classname="com.dotcms.content.elasticsearch.business.ContentletIndexAPIImplTest" time="6.657"/>
  <testcase name="test_indexContentList_ContentTypeWithPageDetailNotExists" classname="com.dotcms.content.elasticsearch.business.ContentletIndexAPIImplTest" time="1.432"/>
  <testcase name="optimize" classname="com.dotcms.content.elasticsearch.business.ContentletIndexAPIImplTest" time="20.112"/>
  <testcase name="activateDeactivateIndex" classname="com.dotcms.content.elasticsearch.business.ContentletIndexAPIImplTest" time="20.6"/>
  <testcase name="testSearchIndexByDate" classname="com.dotcms.content.elasticsearch.business.ContentletIndexAPIImplTest" time="0.49"/>
  <testcase name="testGetIndexDocumentCountSuccess" classname="com.dotcms.content.elasticsearch.business.ContentletIndexAPIImplTest" time="0.005"/>
  <testcase name="testSearch" classname="com.dotcms.content.elasticsearch.business.ContentletIndexAPIImplTest" time="3.406"/>
  <testcase name="testRemoveContentFromIndex" classname="com.dotcms.content.elasticsearch.business.ContentletIndexAPIImplTest" time="18.916"/>
  <testcase name="testGetIndexDocumentCountWithInvalidIndexNameFails" classname="com.dotcms.content.elasticsearch.business.ContentletIndexAPIImplTest" time="0.025"/>
  <testcase name="test_that_live_and_working_content_makes_it_into_the_index" classname="com.dotcms.content.elasticsearch.business.ContentletIndexAPIImplTest" time="40.026"/>
  <system-out><![CDATA[]]></system-out>
  <system-err><![CDATA[]]></system-err>
</testsuite>
