<?xml version="1.0" encoding="UTF-8"?>
<testsuite name="com.dotmarketing.common.db.ParamsSetterTest" tests="1" skipped="0" failures="0" errors="0" timestamp="2023-06-24T00:54:58" hostname="fv-az309-60" time="1.205">
  <properties/>
  <testcase name="setParamsTest" classname="com.dotmarketing.common.db.ParamsSetterTest" time="1.205"/>
  <system-out><![CDATA[]]></system-out>
  <system-err><![CDATA[]]></system-err>
</testsuite>
