<?xml version="1.0" encoding="UTF-8"?>
<testsuite name="com.dotcms.enterprise.publishing.remote.bundler.HostBundlerTest" tests="3" skipped="0" failures="0" errors="0" timestamp="2023-07-12T20:25:22" hostname="fv-az552-613" time="0.05">
  <properties/>
  <testcase name="addHostInBundle[0: com.dotcms.enterprise.publishing.remote.bundler.HostBundlerTest$TestCase@5621a669]" classname="com.dotcms.enterprise.publishing.remote.bundler.HostBundlerTest" time="0.017"/>
  <testcase name="addHostInBundle[1: com.dotcms.enterprise.publishing.remote.bundler.HostBundlerTest$TestCase@a68739a]" classname="com.dotcms.enterprise.publishing.remote.bundler.HostBundlerTest" time="0.012"/>
  <testcase name="addHostInBundle[2: com.dotcms.enterprise.publishing.remote.bundler.HostBundlerTest$TestCase@20ee3527]" classname="com.dotcms.enterprise.publishing.remote.bundler.HostBundlerTest" time="0.021"/>
  <system-out><![CDATA[]]></system-out>
  <system-err><![CDATA[]]></system-err>
</testsuite>
