<?xml version="1.0" encoding="UTF-8"?>
<testsuite name="com.dotcms.rest.elasticsearch.ESContentResourcePortletTest" tests="8" skipped="0" failures="0" errors="0" timestamp="2023-07-19T03:29:19" hostname="fv-az365-508" time="7.604">
  <properties/>
  <testcase name="test_search_includeGrandChildCategory_success" classname="com.dotcms.rest.elasticsearch.ESContentResourcePortletTest" time="1.278"/>
  <testcase name="testSearch[0: com.dotcms.rest.elasticsearch.ESContentResourcePortletTest$TestCase@6b95808c]" classname="com.dotcms.rest.elasticsearch.ESContentResourcePortletTest" time="0.899"/>
  <testcase name="testSearch[1: com.dotcms.rest.elasticsearch.ESContentResourcePortletTest$TestCase@719c144a]" classname="com.dotcms.rest.elasticsearch.ESContentResourcePortletTest" time="1.33"/>
  <testcase name="testSearch[2: com.dotcms.rest.elasticsearch.ESContentResourcePortletTest$TestCase@382e6974]" classname="com.dotcms.rest.elasticsearch.ESContentResourcePortletTest" time="0.856"/>
  <testcase name="testSearch[3: com.dotcms.rest.elasticsearch.ESContentResourcePortletTest$TestCase@43a7c71e]" classname="com.dotcms.rest.elasticsearch.ESContentResourcePortletTest" time="0.285"/>
  <testcase name="testSearch[4: com.dotcms.rest.elasticsearch.ESContentResourcePortletTest$TestCase@471be06]" classname="com.dotcms.rest.elasticsearch.ESContentResourcePortletTest" time="1.304"/>
  <testcase name="testSearch[5: com.dotcms.rest.elasticsearch.ESContentResourcePortletTest$TestCase@15dec486]" classname="com.dotcms.rest.elasticsearch.ESContentResourcePortletTest" time="0.851"/>
  <testcase name="testSearch[6: com.dotcms.rest.elasticsearch.ESContentResourcePortletTest$TestCase@5ef07a80]" classname="com.dotcms.rest.elasticsearch.ESContentResourcePortletTest" time="0.799"/>
  <system-out><![CDATA[]]></system-out>
  <system-err><![CDATA[]]></system-err>
</testsuite>
