<?xml version="1.0" encoding="UTF-8"?>
<testsuite name="com.dotmarketing.portlets.structure.model.ContentletRelationshipsTest" tests="7" skipped="0" failures="0" errors="0" timestamp="2023-07-05T21:43:04" hostname="fv-az402-966" time="10.058">
  <properties/>
  <testcase name="testDoesAllowOnlyOne[0: com.dotmarketing.portlets.structure.model.ContentletRelationshipsTest$CardinalityTestCase@bc98792]" classname="com.dotmarketing.portlets.structure.model.ContentletRelationshipsTest" time="0.705"/>
  <testcase name="testDoesAllowOnlyOne[1: com.dotmarketing.portlets.structure.model.ContentletRelationshipsTest$CardinalityTestCase@486c4e14]" classname="com.dotmarketing.portlets.structure.model.ContentletRelationshipsTest" time="0.558"/>
  <testcase name="testDoesAllowOnlyOne[2: com.dotmarketing.portlets.structure.model.ContentletRelationshipsTest$CardinalityTestCase@65e85d1d]" classname="com.dotmarketing.portlets.structure.model.ContentletRelationshipsTest" time="0.533"/>
  <testcase name="testGetRelationshipRecords[0: com.dotmarketing.portlets.structure.model.ContentletRelationshipsTest$TestCase@526af1de]" classname="com.dotmarketing.portlets.structure.model.ContentletRelationshipsTest" time="2.186"/>
  <testcase name="testGetRelationshipRecords[1: com.dotmarketing.portlets.structure.model.ContentletRelationshipsTest$TestCase@15580916]" classname="com.dotmarketing.portlets.structure.model.ContentletRelationshipsTest" time="2.12"/>
  <testcase name="testGetRelationshipRecords[2: com.dotmarketing.portlets.structure.model.ContentletRelationshipsTest$TestCase@3feef947]" classname="com.dotmarketing.portlets.structure.model.ContentletRelationshipsTest" time="1.959"/>
  <testcase name="testGetRelationshipRecords[3: com.dotmarketing.portlets.structure.model.ContentletRelationshipsTest$TestCase@18c95b12]" classname="com.dotmarketing.portlets.structure.model.ContentletRelationshipsTest" time="1.995"/>
  <system-out><![CDATA[]]></system-out>
  <system-err><![CDATA[]]></system-err>
</testsuite>
