<?xml version="1.0" encoding="UTF-8"?>
<testsuite name="com.dotmarketing.portlets.structure.model.ContentletRelationshipsTest" tests="7" skipped="0" failures="0" errors="0" timestamp="2023-06-28T14:58:37" hostname="fv-az189-858" time="7.294">
  <properties/>
  <testcase name="testDoesAllowOnlyOne[0: com.dotmarketing.portlets.structure.model.ContentletRelationshipsTest$CardinalityTestCase@799c6734]" classname="com.dotmarketing.portlets.structure.model.ContentletRelationshipsTest" time="0.405"/>
  <testcase name="testDoesAllowOnlyOne[1: com.dotmarketing.portlets.structure.model.ContentletRelationshipsTest$CardinalityTestCase@1bef2712]" classname="com.dotmarketing.portlets.structure.model.ContentletRelationshipsTest" time="0.394"/>
  <testcase name="testDoesAllowOnlyOne[2: com.dotmarketing.portlets.structure.model.ContentletRelationshipsTest$CardinalityTestCase@6d5871ac]" classname="com.dotmarketing.portlets.structure.model.ContentletRelationshipsTest" time="0.377"/>
  <testcase name="testGetRelationshipRecords[0: com.dotmarketing.portlets.structure.model.ContentletRelationshipsTest$TestCase@15de084e]" classname="com.dotmarketing.portlets.structure.model.ContentletRelationshipsTest" time="1.879"/>
  <testcase name="testGetRelationshipRecords[1: com.dotmarketing.portlets.structure.model.ContentletRelationshipsTest$TestCase@f616806]" classname="com.dotmarketing.portlets.structure.model.ContentletRelationshipsTest" time="1.796"/>
  <testcase name="testGetRelationshipRecords[2: com.dotmarketing.portlets.structure.model.ContentletRelationshipsTest$TestCase@6dd4094f]" classname="com.dotmarketing.portlets.structure.model.ContentletRelationshipsTest" time="1.691"/>
  <testcase name="testGetRelationshipRecords[3: com.dotmarketing.portlets.structure.model.ContentletRelationshipsTest$TestCase@432fc048]" classname="com.dotmarketing.portlets.structure.model.ContentletRelationshipsTest" time="0.748"/>
  <system-out><![CDATA[]]></system-out>
  <system-err><![CDATA[]]></system-err>
</testsuite>
