<?xml version="1.0" encoding="UTF-8"?>
<testsuite name="com.dotcms.rest.elasticsearch.ESContentResourcePortletTest" tests="8" skipped="0" failures="0" errors="0" timestamp="2023-07-17T21:00:02" hostname="fv-az561-617" time="10.528">
  <properties/>
  <testcase name="test_search_includeGrandChildCategory_success" classname="com.dotcms.rest.elasticsearch.ESContentResourcePortletTest" time="2.231"/>
  <testcase name="testSearch[0: com.dotcms.rest.elasticsearch.ESContentResourcePortletTest$TestCase@521a1d45]" classname="com.dotcms.rest.elasticsearch.ESContentResourcePortletTest" time="1.123"/>
  <testcase name="testSearch[1: com.dotcms.rest.elasticsearch.ESContentResourcePortletTest$TestCase@4454ea9c]" classname="com.dotcms.rest.elasticsearch.ESContentResourcePortletTest" time="1.339"/>
  <testcase name="testSearch[2: com.dotcms.rest.elasticsearch.ESContentResourcePortletTest$TestCase@80943df]" classname="com.dotcms.rest.elasticsearch.ESContentResourcePortletTest" time="1.116"/>
  <testcase name="testSearch[3: com.dotcms.rest.elasticsearch.ESContentResourcePortletTest$TestCase@58ff6521]" classname="com.dotcms.rest.elasticsearch.ESContentResourcePortletTest" time="1.338"/>
  <testcase name="testSearch[4: com.dotcms.rest.elasticsearch.ESContentResourcePortletTest$TestCase@5a8dbb4e]" classname="com.dotcms.rest.elasticsearch.ESContentResourcePortletTest" time="1.327"/>
  <testcase name="testSearch[5: com.dotcms.rest.elasticsearch.ESContentResourcePortletTest$TestCase@39eeba89]" classname="com.dotcms.rest.elasticsearch.ESContentResourcePortletTest" time="1.036"/>
  <testcase name="testSearch[6: com.dotcms.rest.elasticsearch.ESContentResourcePortletTest$TestCase@7bbb11d0]" classname="com.dotcms.rest.elasticsearch.ESContentResourcePortletTest" time="1.017"/>
  <system-out><![CDATA[]]></system-out>
  <system-err><![CDATA[]]></system-err>
</testsuite>
