<?xml version="1.0" encoding="UTF-8"?>
<testsuite name="com.dotcms.rendering.velocity.viewtools.content.util.ContentUtilsTest" tests="89" skipped="0" failures="0" errors="0" timestamp="2023-06-30T15:37:39" hostname="fv-az173-860" time="400.726">
  <properties/>
  <testcase name="whenTheTimeMachineDateIsNullAndPublishDateInFutureShouldNotReturnAnything" classname="com.dotcms.rendering.velocity.viewtools.content.util.ContentUtilsTest" time="3.627"/>
  <testcase name="test_find_multilingual_contentlet_getContentletSuccessfully" classname="com.dotcms.rendering.velocity.viewtools.content.util.ContentUtilsTest" time="1.495"/>
  <testcase name="whenTheTimeMachineDateAndPublishDateAreTomorrowShouldReturnOneContent" classname="com.dotcms.rendering.velocity.viewtools.content.util.ContentUtilsTest" time="3.685"/>
  <testcase name="testPullRelated[0: com.dotcms.rendering.velocity.viewtools.content.util.ContentUtilsTest$TestCase@2612e43a]" classname="com.dotcms.rendering.velocity.viewtools.content.util.ContentUtilsTest" time="4.225"/>
  <testcase name="testPullRelated[1: com.dotcms.rendering.velocity.viewtools.content.util.ContentUtilsTest$TestCase@2448b459]" classname="com.dotcms.rendering.velocity.viewtools.content.util.ContentUtilsTest" time="2.868"/>
  <testcase name="testPullRelated[2: com.dotcms.rendering.velocity.viewtools.content.util.ContentUtilsTest$TestCase@6db0ee90]" classname="com.dotcms.rendering.velocity.viewtools.content.util.ContentUtilsTest" time="4.342"/>
  <testcase name="testPullRelated[3: com.dotcms.rendering.velocity.viewtools.content.util.ContentUtilsTest$TestCase@d6494cc]" classname="com.dotcms.rendering.velocity.viewtools.content.util.ContentUtilsTest" time="3.814"/>
  <testcase name="testPullRelated[4: com.dotcms.rendering.velocity.viewtools.content.util.ContentUtilsTest$TestCase@3ce6926e]" classname="com.dotcms.rendering.velocity.viewtools.content.util.ContentUtilsTest" time="4.367"/>
  <testcase name="testPullRelated[5: com.dotcms.rendering.velocity.viewtools.content.util.ContentUtilsTest$TestCase@5ded13d7]" classname="com.dotcms.rendering.velocity.viewtools.content.util.ContentUtilsTest" time="3.697"/>
  <testcase name="testPullRelated[6: com.dotcms.rendering.velocity.viewtools.content.util.ContentUtilsTest$TestCase@3743b294]" classname="com.dotcms.rendering.velocity.viewtools.content.util.ContentUtilsTest" time="4.551"/>
  <testcase name="testPullRelated[7: com.dotcms.rendering.velocity.viewtools.content.util.ContentUtilsTest$TestCase@1ea88244]" classname="com.dotcms.rendering.velocity.viewtools.content.util.ContentUtilsTest" time="2.979"/>
  <testcase name="testPullRelated[8: com.dotcms.rendering.velocity.viewtools.content.util.ContentUtilsTest$TestCase@1655161d]" classname="com.dotcms.rendering.velocity.viewtools.content.util.ContentUtilsTest" time="3.839"/>
  <testcase name="testPullRelated[9: com.dotcms.rendering.velocity.viewtools.content.util.ContentUtilsTest$TestCase@2313dcab]" classname="com.dotcms.rendering.velocity.viewtools.content.util.ContentUtilsTest" time="3.809"/>
  <testcase name="testPullRelated[10: com.dotcms.rendering.velocity.viewtools.content.util.ContentUtilsTest$TestCase@9ee0d4f]" classname="com.dotcms.rendering.velocity.viewtools.content.util.ContentUtilsTest" time="4.378"/>
  <testcase name="testPullRelated[11: com.dotcms.rendering.velocity.viewtools.content.util.ContentUtilsTest$TestCase@530e0494]" classname="com.dotcms.rendering.velocity.viewtools.content.util.ContentUtilsTest" time="3.861"/>
  <testcase name="testPullRelated[12: com.dotcms.rendering.velocity.viewtools.content.util.ContentUtilsTest$TestCase@6dd50516]" classname="com.dotcms.rendering.velocity.viewtools.content.util.ContentUtilsTest" time="4.061"/>
  <testcase name="testPullRelated[13: com.dotcms.rendering.velocity.viewtools.content.util.ContentUtilsTest$TestCase@501e6a83]" classname="com.dotcms.rendering.velocity.viewtools.content.util.ContentUtilsTest" time="4.102"/>
  <testcase name="testPullRelated[14: com.dotcms.rendering.velocity.viewtools.content.util.ContentUtilsTest$TestCase@296381ba]" classname="com.dotcms.rendering.velocity.viewtools.content.util.ContentUtilsTest" time="3.885"/>
  <testcase name="testPullRelated[15: com.dotcms.rendering.velocity.viewtools.content.util.ContentUtilsTest$TestCase@aea0aa6]" classname="com.dotcms.rendering.velocity.viewtools.content.util.ContentUtilsTest" time="4.296"/>
  <testcase name="testPullRelated[16: com.dotcms.rendering.velocity.viewtools.content.util.ContentUtilsTest$TestCase@4f525358]" classname="com.dotcms.rendering.velocity.viewtools.content.util.ContentUtilsTest" time="2.851"/>
  <testcase name="testPullRelated[17: com.dotcms.rendering.velocity.viewtools.content.util.ContentUtilsTest$TestCase@6c3b7243]" classname="com.dotcms.rendering.velocity.viewtools.content.util.ContentUtilsTest" time="3.088"/>
  <testcase name="testPullRelated[18: com.dotcms.rendering.velocity.viewtools.content.util.ContentUtilsTest$TestCase@5960502f]" classname="com.dotcms.rendering.velocity.viewtools.content.util.ContentUtilsTest" time="4.164"/>
  <testcase name="testPullRelated[19: com.dotcms.rendering.velocity.viewtools.content.util.ContentUtilsTest$TestCase@305ce9f]" classname="com.dotcms.rendering.velocity.viewtools.content.util.ContentUtilsTest" time="4.212"/>
  <testcase name="testPullRelated[20: com.dotcms.rendering.velocity.viewtools.content.util.ContentUtilsTest$TestCase@5e909534]" classname="com.dotcms.rendering.velocity.viewtools.content.util.ContentUtilsTest" time="3.881"/>
  <testcase name="testPullRelated[21: com.dotcms.rendering.velocity.viewtools.content.util.ContentUtilsTest$TestCase@690e5dcf]" classname="com.dotcms.rendering.velocity.viewtools.content.util.ContentUtilsTest" time="3.895"/>
  <testcase name="testPullRelated[22: com.dotcms.rendering.velocity.viewtools.content.util.ContentUtilsTest$TestCase@323499e9]" classname="com.dotcms.rendering.velocity.viewtools.content.util.ContentUtilsTest" time="4.388"/>
  <testcase name="testPullRelated[23: com.dotcms.rendering.velocity.viewtools.content.util.ContentUtilsTest$TestCase@1f68c806]" classname="com.dotcms.rendering.velocity.viewtools.content.util.ContentUtilsTest" time="2.821"/>
  <testcase name="testPullRelated[24: com.dotcms.rendering.velocity.viewtools.content.util.ContentUtilsTest$TestCase@458bd7ea]" classname="com.dotcms.rendering.velocity.viewtools.content.util.ContentUtilsTest" time="4.16"/>
  <testcase name="testPullRelated[25: com.dotcms.rendering.velocity.viewtools.content.util.ContentUtilsTest$TestCase@5e701ab1]" classname="com.dotcms.rendering.velocity.viewtools.content.util.ContentUtilsTest" time="3.94"/>
  <testcase name="testPullRelated[26: com.dotcms.rendering.velocity.viewtools.content.util.ContentUtilsTest$TestCase@489d3b47]" classname="com.dotcms.rendering.velocity.viewtools.content.util.ContentUtilsTest" time="4.312"/>
  <testcase name="testPullRelated[27: com.dotcms.rendering.velocity.viewtools.content.util.ContentUtilsTest$TestCase@116ce2aa]" classname="com.dotcms.rendering.velocity.viewtools.content.util.ContentUtilsTest" time="4.225"/>
  <testcase name="testPullRelated[28: com.dotcms.rendering.velocity.viewtools.content.util.ContentUtilsTest$TestCase@a4343ea]" classname="com.dotcms.rendering.velocity.viewtools.content.util.ContentUtilsTest" time="3.921"/>
  <testcase name="testPullRelated[29: com.dotcms.rendering.velocity.viewtools.content.util.ContentUtilsTest$TestCase@54386581]" classname="com.dotcms.rendering.velocity.viewtools.content.util.ContentUtilsTest" time="2.938"/>
  <testcase name="testPullRelated[30: com.dotcms.rendering.velocity.viewtools.content.util.ContentUtilsTest$TestCase@75de2b42]" classname="com.dotcms.rendering.velocity.viewtools.content.util.ContentUtilsTest" time="3.177"/>
  <testcase name="testPullRelated[31: com.dotcms.rendering.velocity.viewtools.content.util.ContentUtilsTest$TestCase@351fee1]" classname="com.dotcms.rendering.velocity.viewtools.content.util.ContentUtilsTest" time="2.926"/>
  <testcase name="testPullRelated[32: com.dotcms.rendering.velocity.viewtools.content.util.ContentUtilsTest$TestCase@139db172]" classname="com.dotcms.rendering.velocity.viewtools.content.util.ContentUtilsTest" time="3.146"/>
  <testcase name="testPullRelated[33: com.dotcms.rendering.velocity.viewtools.content.util.ContentUtilsTest$TestCase@41edaed]" classname="com.dotcms.rendering.velocity.viewtools.content.util.ContentUtilsTest" time="4.088"/>
  <testcase name="testPullRelated[34: com.dotcms.rendering.velocity.viewtools.content.util.ContentUtilsTest$TestCase@9e6517]" classname="com.dotcms.rendering.velocity.viewtools.content.util.ContentUtilsTest" time="4.287"/>
  <testcase name="testPullRelated[35: com.dotcms.rendering.velocity.viewtools.content.util.ContentUtilsTest$TestCase@cb43513]" classname="com.dotcms.rendering.velocity.viewtools.content.util.ContentUtilsTest" time="4.256"/>
  <testcase name="testPullRelated[36: com.dotcms.rendering.velocity.viewtools.content.util.ContentUtilsTest$TestCase@72dc13d6]" classname="com.dotcms.rendering.velocity.viewtools.content.util.ContentUtilsTest" time="5.949"/>
  <testcase name="testPullRelated[37: com.dotcms.rendering.velocity.viewtools.content.util.ContentUtilsTest$TestCase@e776d2]" classname="com.dotcms.rendering.velocity.viewtools.content.util.ContentUtilsTest" time="6.071"/>
  <testcase name="testPullRelated[38: com.dotcms.rendering.velocity.viewtools.content.util.ContentUtilsTest$TestCase@73a21d04]" classname="com.dotcms.rendering.velocity.viewtools.content.util.ContentUtilsTest" time="5.348"/>
  <testcase name="testPullRelated[39: com.dotcms.rendering.velocity.viewtools.content.util.ContentUtilsTest$TestCase@5e93b2ce]" classname="com.dotcms.rendering.velocity.viewtools.content.util.ContentUtilsTest" time="5.854"/>
  <testcase name="testPullRelated[40: com.dotcms.rendering.velocity.viewtools.content.util.ContentUtilsTest$TestCase@4cc34869]" classname="com.dotcms.rendering.velocity.viewtools.content.util.ContentUtilsTest" time="6.263"/>
  <testcase name="testPullRelated[41: com.dotcms.rendering.velocity.viewtools.content.util.ContentUtilsTest$TestCase@77a9e6c5]" classname="com.dotcms.rendering.velocity.viewtools.content.util.ContentUtilsTest" time="5.833"/>
  <testcase name="testPullRelated[42: com.dotcms.rendering.velocity.viewtools.content.util.ContentUtilsTest$TestCase@14008f09]" classname="com.dotcms.rendering.velocity.viewtools.content.util.ContentUtilsTest" time="6.419"/>
  <testcase name="testPullRelated[43: com.dotcms.rendering.velocity.viewtools.content.util.ContentUtilsTest$TestCase@57464a85]" classname="com.dotcms.rendering.velocity.viewtools.content.util.ContentUtilsTest" time="6.264"/>
  <testcase name="testPullRelated[44: com.dotcms.rendering.velocity.viewtools.content.util.ContentUtilsTest$TestCase@110c004]" classname="com.dotcms.rendering.velocity.viewtools.content.util.ContentUtilsTest" time="6.349"/>
  <testcase name="testPullRelated[45: com.dotcms.rendering.velocity.viewtools.content.util.ContentUtilsTest$TestCase@3937812d]" classname="com.dotcms.rendering.velocity.viewtools.content.util.ContentUtilsTest" time="6.471"/>
  <testcase name="testPullRelated[46: com.dotcms.rendering.velocity.viewtools.content.util.ContentUtilsTest$TestCase@295f39c5]" classname="com.dotcms.rendering.velocity.viewtools.content.util.ContentUtilsTest" time="5.39"/>
  <testcase name="testPullRelated[47: com.dotcms.rendering.velocity.viewtools.content.util.ContentUtilsTest$TestCase@4c284c09]" classname="com.dotcms.rendering.velocity.viewtools.content.util.ContentUtilsTest" time="6.173"/>
  <testcase name="testPullRelated[48: com.dotcms.rendering.velocity.viewtools.content.util.ContentUtilsTest$TestCase@4b3fb568]" classname="com.dotcms.rendering.velocity.viewtools.content.util.ContentUtilsTest" time="4.994"/>
  <testcase name="testPullRelated[49: com.dotcms.rendering.velocity.viewtools.content.util.ContentUtilsTest$TestCase@4e846bcb]" classname="com.dotcms.rendering.velocity.viewtools.content.util.ContentUtilsTest" time="5.953"/>
  <testcase name="testPullRelated[50: com.dotcms.rendering.velocity.viewtools.content.util.ContentUtilsTest$TestCase@1ec5f2cf]" classname="com.dotcms.rendering.velocity.viewtools.content.util.ContentUtilsTest" time="6.358"/>
  <testcase name="testPullRelated[51: com.dotcms.rendering.velocity.viewtools.content.util.ContentUtilsTest$TestCase@1083bd1a]" classname="com.dotcms.rendering.velocity.viewtools.content.util.ContentUtilsTest" time="6.042"/>
  <testcase name="testPullRelated[52: com.dotcms.rendering.velocity.viewtools.content.util.ContentUtilsTest$TestCase@26a1de97]" classname="com.dotcms.rendering.velocity.viewtools.content.util.ContentUtilsTest" time="6.135"/>
  <testcase name="testPullRelated[53: com.dotcms.rendering.velocity.viewtools.content.util.ContentUtilsTest$TestCase@4b9623bb]" classname="com.dotcms.rendering.velocity.viewtools.content.util.ContentUtilsTest" time="5.932"/>
  <testcase name="testPullRelated[54: com.dotcms.rendering.velocity.viewtools.content.util.ContentUtilsTest$TestCase@7af4f38c]" classname="com.dotcms.rendering.velocity.viewtools.content.util.ContentUtilsTest" time="6.53"/>
  <testcase name="testPullRelated[55: com.dotcms.rendering.velocity.viewtools.content.util.ContentUtilsTest$TestCase@7792faa5]" classname="com.dotcms.rendering.velocity.viewtools.content.util.ContentUtilsTest" time="6.002"/>
  <testcase name="testPullRelated[56: com.dotcms.rendering.velocity.viewtools.content.util.ContentUtilsTest$TestCase@5f6fc7a6]" classname="com.dotcms.rendering.velocity.viewtools.content.util.ContentUtilsTest" time="5.25"/>
  <testcase name="testPullRelated[57: com.dotcms.rendering.velocity.viewtools.content.util.ContentUtilsTest$TestCase@251eac0b]" classname="com.dotcms.rendering.velocity.viewtools.content.util.ContentUtilsTest" time="6.891"/>
  <testcase name="testPullRelated[58: com.dotcms.rendering.velocity.viewtools.content.util.ContentUtilsTest$TestCase@78ab53b7]" classname="com.dotcms.rendering.velocity.viewtools.content.util.ContentUtilsTest" time="5.226"/>
  <testcase name="testPullRelated[59: com.dotcms.rendering.velocity.viewtools.content.util.ContentUtilsTest$TestCase@180cd9d5]" classname="com.dotcms.rendering.velocity.viewtools.content.util.ContentUtilsTest" time="5.94"/>
  <testcase name="testPullRelated[60: com.dotcms.rendering.velocity.viewtools.content.util.ContentUtilsTest$TestCase@39ff7f85]" classname="com.dotcms.rendering.velocity.viewtools.content.util.ContentUtilsTest" time="6.073"/>
  <testcase name="testPullRelated[61: com.dotcms.rendering.velocity.viewtools.content.util.ContentUtilsTest$TestCase@6951e245]" classname="com.dotcms.rendering.velocity.viewtools.content.util.ContentUtilsTest" time="6.167"/>
  <testcase name="testPullRelated[62: com.dotcms.rendering.velocity.viewtools.content.util.ContentUtilsTest$TestCase@4bc53233]" classname="com.dotcms.rendering.velocity.viewtools.content.util.ContentUtilsTest" time="6.329"/>
  <testcase name="testPullRelated[63: com.dotcms.rendering.velocity.viewtools.content.util.ContentUtilsTest$TestCase@357998ef]" classname="com.dotcms.rendering.velocity.viewtools.content.util.ContentUtilsTest" time="4.868"/>
  <testcase name="testPullRelated[64: com.dotcms.rendering.velocity.viewtools.content.util.ContentUtilsTest$TestCase@7738da92]" classname="com.dotcms.rendering.velocity.viewtools.content.util.ContentUtilsTest" time="6.26"/>
  <testcase name="testPullRelated[65: com.dotcms.rendering.velocity.viewtools.content.util.ContentUtilsTest$TestCase@119d4dfa]" classname="com.dotcms.rendering.velocity.viewtools.content.util.ContentUtilsTest" time="4.889"/>
  <testcase name="testPullRelated[66: com.dotcms.rendering.velocity.viewtools.content.util.ContentUtilsTest$TestCase@732bb150]" classname="com.dotcms.rendering.velocity.viewtools.content.util.ContentUtilsTest" time="6.141"/>
  <testcase name="testPullRelated[67: com.dotcms.rendering.velocity.viewtools.content.util.ContentUtilsTest$TestCase@aecf13a]" classname="com.dotcms.rendering.velocity.viewtools.content.util.ContentUtilsTest" time="6.379"/>
  <testcase name="testPullRelated[68: com.dotcms.rendering.velocity.viewtools.content.util.ContentUtilsTest$TestCase@3b3146bf]" classname="com.dotcms.rendering.velocity.viewtools.content.util.ContentUtilsTest" time="5.878"/>
  <testcase name="testPullRelated[69: com.dotcms.rendering.velocity.viewtools.content.util.ContentUtilsTest$TestCase@40383ebe]" classname="com.dotcms.rendering.velocity.viewtools.content.util.ContentUtilsTest" time="5.947"/>
  <testcase name="testPullRelated[70: com.dotcms.rendering.velocity.viewtools.content.util.ContentUtilsTest$TestCase@6e37a6d8]" classname="com.dotcms.rendering.velocity.viewtools.content.util.ContentUtilsTest" time="5.461"/>
  <testcase name="testPullRelated[71: com.dotcms.rendering.velocity.viewtools.content.util.ContentUtilsTest$TestCase@3bfff05]" classname="com.dotcms.rendering.velocity.viewtools.content.util.ContentUtilsTest" time="5.854"/>
  <testcase name="whenPublishAndExpireDatesAreInTheFutureAndTimeMachineIsAfterBoth" classname="com.dotcms.rendering.velocity.viewtools.content.util.ContentUtilsTest" time="3.453"/>
  <testcase name="testPullRelatedForLegacyRelationship[0: com.dotcms.rendering.velocity.viewtools.content.util.ContentUtilsTest$LegacyTestCase@328a4573]" classname="com.dotcms.rendering.velocity.viewtools.content.util.ContentUtilsTest" time="3.329"/>
  <testcase name="testPullRelatedForLegacyRelationship[1: com.dotcms.rendering.velocity.viewtools.content.util.ContentUtilsTest$LegacyTestCase@33c64052]" classname="com.dotcms.rendering.velocity.viewtools.content.util.ContentUtilsTest" time="3.093"/>
  <testcase name="whenTheTimeMachineDateIsAfterTomorrowAndExpireDateIsTomorrowShouldNotReturnContent" classname="com.dotcms.rendering.velocity.viewtools.content.util.ContentUtilsTest" time="3.601"/>
  <testcase name="testPullLiveRelatedWhenLatestVersionIsWorking" classname="com.dotcms.rendering.velocity.viewtools.content.util.ContentUtilsTest" time="3.45"/>
  <testcase name="test_add_relationships_on_parent_children_related_contents" classname="com.dotcms.rendering.velocity.viewtools.content.util.ContentUtilsTest" time="1.663"/>
  <testcase name="testSortPullRelated[0: com.dotcms.rendering.velocity.viewtools.content.util.ContentUtilsTest$SortTestCase@60943194]" classname="com.dotcms.rendering.velocity.viewtools.content.util.ContentUtilsTest" time="2.224"/>
  <testcase name="testSortPullRelated[1: com.dotcms.rendering.velocity.viewtools.content.util.ContentUtilsTest$SortTestCase@1c2fbd54]" classname="com.dotcms.rendering.velocity.viewtools.content.util.ContentUtilsTest" time="3.094"/>
  <testcase name="testSortPullRelated[2: com.dotcms.rendering.velocity.viewtools.content.util.ContentUtilsTest$SortTestCase@7ceec27f]" classname="com.dotcms.rendering.velocity.viewtools.content.util.ContentUtilsTest" time="2.291"/>
  <testcase name="testSortPullRelated[3: com.dotcms.rendering.velocity.viewtools.content.util.ContentUtilsTest$SortTestCase@7dabd960]" classname="com.dotcms.rendering.velocity.viewtools.content.util.ContentUtilsTest" time="2.046"/>
  <testcase name="testSortPullRelated[4: com.dotcms.rendering.velocity.viewtools.content.util.ContentUtilsTest$SortTestCase@3cf24fd0]" classname="com.dotcms.rendering.velocity.viewtools.content.util.ContentUtilsTest" time="3.303"/>
  <testcase name="testSortPullRelated[5: com.dotcms.rendering.velocity.viewtools.content.util.ContentUtilsTest$SortTestCase@5d568007]" classname="com.dotcms.rendering.velocity.viewtools.content.util.ContentUtilsTest" time="2.233"/>
  <testcase name="whenTheTimeMachineDateIsAfterTomorrowAndExpireDateIsInFutureShouldReturnContent" classname="com.dotcms.rendering.velocity.viewtools.content.util.ContentUtilsTest" time="3.616"/>
  <testcase name="testPullRelatedFieldShouldRespectDefaultOrder" classname="com.dotcms.rendering.velocity.viewtools.content.util.ContentUtilsTest" time="2.885"/>
  <system-out><![CDATA[]]></system-out>
  <system-err><![CDATA[]]></system-err>
</testsuite>
