<?xml version="1.0" encoding="UTF-8"?>
<testsuite name="com.dotmarketing.business.DeterministicIdentifierAPITest" tests="16" skipped="0" failures="0" errors="0" timestamp="2023-07-17T21:53:19" hostname="fv-az561-617" time="1.707">
  <properties/>
  <testcase name="Test_Category_Path_Seed_And_Id" classname="com.dotmarketing.business.DeterministicIdentifierAPITest" time="0.028"/>
  <testcase name="Test_Language_Deterministic_Id[0: LanguageTestCase{expectedSeed='Language:es:US', expectedHash=4913155, langCode='es', countryCode='US', country='United States'}]" classname="com.dotmarketing.business.DeterministicIdentifierAPITest" time="0.001"/>
  <testcase name="Test_Language_Deterministic_Id[1: LanguageTestCase{expectedSeed='Language:ep:', expectedHash=5292269, langCode='ep', countryCode='', country=''}]" classname="com.dotmarketing.business.DeterministicIdentifierAPITest" time="0.001"/>
  <testcase name="Test_Language_Deterministic_Id[2: LanguageTestCase{expectedSeed='Language:sg:SAG', expectedHash=4713118, langCode='sg', countryCode='SAG', country=''}]" classname="com.dotmarketing.business.DeterministicIdentifierAPITest" time="0.001"/>
  <testcase name="Test_Language_Deterministic_Id[3: LanguageTestCase{expectedSeed='Language:en:NZ', expectedHash=5382528, langCode='en', countryCode='NZ', country='New Zealand'}]" classname="com.dotmarketing.business.DeterministicIdentifierAPITest" time="0.001"/>
  <testcase name="Test_Category_None_Persisted_Category_Should_Return_Deterministic_Id" classname="com.dotmarketing.business.DeterministicIdentifierAPITest" time="0.001"/>
  <testcase name="Test_Asset_Generate_Deterministic_Id_Best_Effort[0: TestCase{versionable=my.host1689630366533.com, parent=System Host, expectedName='my.host1689630366533.com', expectedType='Host'}]" classname="com.dotmarketing.business.DeterministicIdentifierAPITest" time="0.004"/>
  <testcase name="Test_Asset_Generate_Deterministic_Id_Best_Effort[1: TestCase{versionable=com.dotmarketing.portlets.contentlet.model.Contentlet@16ab65fd[map={modDate=2023-07-17 21:46:07.153, fileName=file1057991056713752270.txt, title=file1057991056713752270.txt, inode=434bdba5-c305-44cb-b3b8-55435da76fed, __IS_NEW_CONTENT__=true, disabledWYSIWYG=[], host=c424b9a9-e076-42cc-9601-ce3ee962aa8a, stInode=33888b6f-7a8e-4069-b1b6-5c1aa9d0a48d, owner=system, identifier=dbda5c73-c503-4a2e-9235-25e4e3dad6f3, nullProperties=[wfExpireDate, wfPublishDate, wfActionAssign, wfActionId, wfActionComments, filterKey, whereToSend, wfNeverExpire, _path_to_move, timezoneId, iWantTo, wfPublishTime, wfExpireTime], languageId=1, fileAsset=/home/runner/work/core/custom/assets/4/3/434bdba5-c305-44cb-b3b8-55435da76fed/fileAsset/file1057991056713752270.txt, folder=5c97161b-694f-4f14-ac4a-9353a5c932ab, __disable_workflow__=true, sortOrder=0, modUser=system},lowIndexPriority=false,variantId=DEFAULT], parent=com.dotmarketing.portlets.folders.model.Folder@5c53f96[identifier=5c97161b-694f-4f14-ac4a-9353a5c932ab,name=testName1689630367142,sortOrder=0,showOnMenu=false,hostId=c424b9a9-e076-42cc-9601-ce3ee962aa8a,type=folder,title=testTitle1689630367142,filesMasks=,defaultFileType=33888b6f-7a8e-4069-b1b6-5c1aa9d0a48d,modDate=2023-07-17 21:46:07.146,owner=&lt;null&gt;,iDate=2023-07-17 21:46:07.147,inode=5c97161b-694f-4f14-ac4a-9353a5c932ab,path=/testName1689630367142/], expectedName='file1057991056713752270.txt', expectedType='FileAsset'}]" classname="com.dotmarketing.business.DeterministicIdentifierAPITest" time="0.003"/>
  <testcase name="Test_Asset_Generate_Deterministic_Id_Best_Effort[2: TestCase{versionable=com.dotmarketing.portlets.templates.model.Template@bf0c504, parent=my.host1689630366533.com, expectedName='testTitle1689630367336', expectedType='Template'}]" classname="com.dotmarketing.business.DeterministicIdentifierAPITest" time="0.003"/>
  <testcase name="Test_Asset_Generate_Deterministic_Id_Best_Effort[3: TestCase{versionable=com.dotmarketing.portlets.htmlpageasset.model.HTMLPageAsset@4942df00[map={template=b4bf0cbf-5c1e-40d1-be2c-be40ee647661, owner=system, identifier=3b90c5c9-daeb-4498-9757-3b96753d0636, nullProperties=[wfExpireDate, wfPublishDate, wfActionAssign, wfActionId, wfActionComments, filterKey, whereToSend, wfNeverExpire, _path_to_move, timezoneId, iWantTo, wfPublishTime, wfExpireTime], modDate=2023-07-17 21:46:07.372, cachettl=0, _is_test_mode=true, languageId=1, title=test-page-title-1689630367364, httpsreq=, url=test-page-url-1689630367364, showOnMenu=, inode=aed3e74a-8405-48d5-83b4-57b0e8507981, folder=5c97161b-694f-4f14-ac4a-9353a5c932ab, disabledWYSIWYG=[], sortOrder=1, modUser=system, host=c424b9a9-e076-42cc-9601-ce3ee962aa8a, stInode=c541abb1-69b3-4bc5-8430-5e09e5239cc8, friendlyName=test-page-friendly-name-1689630367364},lowIndexPriority=false,variantId=DEFAULT], parent=com.dotmarketing.portlets.folders.model.Folder@5c53f96[identifier=5c97161b-694f-4f14-ac4a-9353a5c932ab,name=testName1689630367142,sortOrder=0,showOnMenu=false,hostId=c424b9a9-e076-42cc-9601-ce3ee962aa8a,type=folder,title=testTitle1689630367142,filesMasks=,defaultFileType=33888b6f-7a8e-4069-b1b6-5c1aa9d0a48d,modDate=2023-07-17 21:46:07.146,owner=&lt;null&gt;,iDate=2023-07-17 21:46:07.147,inode=5c97161b-694f-4f14-ac4a-9353a5c932ab,path=/testName1689630367142/], expectedName='test-page-url-1689630367364', expectedType='htmlpageasset'}]" classname="com.dotmarketing.business.DeterministicIdentifierAPITest" time="0.003"/>
  <testcase name="Test_Asset_Generate_Deterministic_Id_Best_Effort[4: TestCase{versionable=com.dotmarketing.portlets.contentlet.model.Contentlet@4b4f89dd[map={fileAsset2=/home/runner/work/core/custom/assets/4/1/41ebe918-7378-45b4-bc65-37220f5bb580/fileAsset2/test_binary1689630369131.png, modDate=2023-07-17 21:46:09.138, fileAsset1=/home/runner/work/core/custom/assets/4/1/41ebe918-7378-45b4-bc65-37220f5bb580/fileAsset1/test_binary1689630369131.jpg, title=blah, inode=41ebe918-7378-45b4-bc65-37220f5bb580, __IS_NEW_CONTENT__=true, disabledWYSIWYG=[], host=48190c8c-42c4-46af-8d1a-0cd5db894797, stInode=918aade8-b1e1-4574-af66-cd5afb87791c, owner=system, identifier=8a413613-5350-4054-843d-2a50d29dfe84, nullProperties=[], languageId=1, image1=fc5c0f6f-1bfc-45ff-94ba-741a43e83b2c, folder=SYSTEM_FOLDER, __disable_workflow__=true, sortOrder=0, modUser=system},lowIndexPriority=false,variantId=DEFAULT], parent=demo.dotcms.com, expectedName='test_binary1689630369131.jpg:test_binary1689630369131.png', expectedType='MultipleBinaries1689630367754'}]" classname="com.dotmarketing.business.DeterministicIdentifierAPITest" time="0.003"/>
  <testcase name="Test_Asset_Generate_Deterministic_Id_Best_Effort[5: TestCase{versionable=name31c20a580b : keyTag31c20a580b, parent=my.host1689630366533.com, expectedName='keyTag31c20a580b', expectedType='persona'}]" classname="com.dotmarketing.business.DeterministicIdentifierAPITest" time="0.003"/>
  <testcase name="Test_Similar_Content_Type_Wont_Clash" classname="com.dotmarketing.business.DeterministicIdentifierAPITest" time="0.592"/>
  <testcase name="Test_Generate_Folder_Identifier" classname="com.dotmarketing.business.DeterministicIdentifierAPITest" time="1.046"/>
  <testcase name="Test_Generate_Content_Type_Identifier[0: ContentTypeTestCase{contentType=KeyValueContentType{name=Language Variable, id=f4d7c1b8-2c88-4071-abf1-a5328977b07d, description=Default Content Type for Language Variables, defaultType=false, fixed=true, iDate=Thu Aug 31 16:38:49 UTC 2017, system=true, versionable=true, variable=Languagevariable, modDate=Mon Jul 17 20:27:34 UTC 2023, host=SYSTEM_HOST, siteName=systemHost, icon=language, sortOrder=0, folder=SYSTEM_FOLDER, folderPath=/, markedForDeletion=true, multilingualable=false}, expectedName='Languagevariable', expectedType='KeyValue'}]" classname="com.dotmarketing.business.DeterministicIdentifierAPITest" time="0.006"/>
  <testcase name="Test_Generate_Content_Type_Identifier[1: ContentTypeTestCase{contentType=SimpleContentType{name=testName1689630369629, id=9199a2e6-859d-4e7d-8c81-bf9d8abea961, description=testDescription1689630369629, defaultType=false, fixed=false, iDate=Mon Jul 17 21:46:09 UTC 2023, system=false, versionable=true, multilingualable=false, variable=testVarname1689630369629, owner=system, modDate=Mon Jul 17 21:46:10 UTC 2023, host=48190c8c-42c4-46af-8d1a-0cd5db894797, siteName=demo.dotcms.com, icon=event_note, sortOrder=0, folder=SYSTEM_FOLDER, folderPath=/, requiredFields=[], markedForDeletion=false}, expectedName='testVarname1689630369629', expectedType='CONTENT'}]" classname="com.dotmarketing.business.DeterministicIdentifierAPITest" time="0.007"/>
  <system-out><![CDATA[]]></system-out>
  <system-err><![CDATA[]]></system-err>
</testsuite>
