<?xml version="1.0" encoding="UTF-8"?>
<testsuite name="com.dotmarketing.portlets.structure.model.ContentletRelationshipsTest" tests="7" skipped="0" failures="0" errors="0" timestamp="2023-06-26T17:08:03" hostname="fv-az1098-397" time="8.446">
  <properties/>
  <testcase name="testDoesAllowOnlyOne[0: com.dotmarketing.portlets.structure.model.ContentletRelationshipsTest$CardinalityTestCase@796f2fdf]" classname="com.dotmarketing.portlets.structure.model.ContentletRelationshipsTest" time="0.398"/>
  <testcase name="testDoesAllowOnlyOne[1: com.dotmarketing.portlets.structure.model.ContentletRelationshipsTest$CardinalityTestCase@afcf2e7]" classname="com.dotmarketing.portlets.structure.model.ContentletRelationshipsTest" time="0.42"/>
  <testcase name="testDoesAllowOnlyOne[2: com.dotmarketing.portlets.structure.model.ContentletRelationshipsTest$CardinalityTestCase@2ffa1e34]" classname="com.dotmarketing.portlets.structure.model.ContentletRelationshipsTest" time="0.421"/>
  <testcase name="testGetRelationshipRecords[0: com.dotmarketing.portlets.structure.model.ContentletRelationshipsTest$TestCase@29ef06d8]" classname="com.dotmarketing.portlets.structure.model.ContentletRelationshipsTest" time="1.883"/>
  <testcase name="testGetRelationshipRecords[1: com.dotmarketing.portlets.structure.model.ContentletRelationshipsTest$TestCase@297ec5ed]" classname="com.dotmarketing.portlets.structure.model.ContentletRelationshipsTest" time="1.852"/>
  <testcase name="testGetRelationshipRecords[2: com.dotmarketing.portlets.structure.model.ContentletRelationshipsTest$TestCase@447871ef]" classname="com.dotmarketing.portlets.structure.model.ContentletRelationshipsTest" time="1.71"/>
  <testcase name="testGetRelationshipRecords[3: com.dotmarketing.portlets.structure.model.ContentletRelationshipsTest$TestCase@3b0cdcea]" classname="com.dotmarketing.portlets.structure.model.ContentletRelationshipsTest" time="1.762"/>
  <system-out><![CDATA[]]></system-out>
  <system-err><![CDATA[]]></system-err>
</testsuite>
