<?xml version="1.0" encoding="UTF-8"?>
<testsuite name="com.dotmarketing.startup.runonce.Task05035LanguageTableIdentityOffTest" tests="1" skipped="0" failures="0" errors="0" timestamp="2023-07-06T22:17:03" hostname="fv-az987-876" time="0.014">
  <properties/>
  <testcase name="testExecuteUpgrade" classname="com.dotmarketing.startup.runonce.Task05035LanguageTableIdentityOffTest" time="0.014"/>
  <system-out><![CDATA[]]></system-out>
  <system-err><![CDATA[]]></system-err>
</testsuite>
