<?xml version="1.0" encoding="UTF-8"?>
<testsuite name="com.dotcms.util.pagination.ContainerPaginatorTest" tests="1" skipped="0" failures="0" errors="0" timestamp="2023-06-23T22:22:11" hostname="fv-az627-978" time="0.076">
  <properties/>
  <testcase name="getPaginatedContainers" classname="com.dotcms.util.pagination.ContainerPaginatorTest" time="0.076"/>
  <system-out><![CDATA[]]></system-out>
  <system-err><![CDATA[]]></system-err>
</testsuite>
