<?xml version="1.0" encoding="UTF-8"?>
<testsuite name="com.dotmarketing.portlets.structure.model.ContentletRelationshipsTest" tests="7" skipped="0" failures="0" errors="0" timestamp="2023-07-14T01:38:02" hostname="fv-az493-156" time="8.889">
  <properties/>
  <testcase name="testDoesAllowOnlyOne[0: com.dotmarketing.portlets.structure.model.ContentletRelationshipsTest$CardinalityTestCase@68c021fa]" classname="com.dotmarketing.portlets.structure.model.ContentletRelationshipsTest" time="0.406"/>
  <testcase name="testDoesAllowOnlyOne[1: com.dotmarketing.portlets.structure.model.ContentletRelationshipsTest$CardinalityTestCase@29a6e96f]" classname="com.dotmarketing.portlets.structure.model.ContentletRelationshipsTest" time="0.388"/>
  <testcase name="testDoesAllowOnlyOne[2: com.dotmarketing.portlets.structure.model.ContentletRelationshipsTest$CardinalityTestCase@3f15a993]" classname="com.dotmarketing.portlets.structure.model.ContentletRelationshipsTest" time="0.488"/>
  <testcase name="testGetRelationshipRecords[0: com.dotmarketing.portlets.structure.model.ContentletRelationshipsTest$TestCase@8a693f4]" classname="com.dotmarketing.portlets.structure.model.ContentletRelationshipsTest" time="1.933"/>
  <testcase name="testGetRelationshipRecords[1: com.dotmarketing.portlets.structure.model.ContentletRelationshipsTest$TestCase@6180aceb]" classname="com.dotmarketing.portlets.structure.model.ContentletRelationshipsTest" time="1.902"/>
  <testcase name="testGetRelationshipRecords[2: com.dotmarketing.portlets.structure.model.ContentletRelationshipsTest$TestCase@7f73cc25]" classname="com.dotmarketing.portlets.structure.model.ContentletRelationshipsTest" time="1.826"/>
  <testcase name="testGetRelationshipRecords[3: com.dotmarketing.portlets.structure.model.ContentletRelationshipsTest$TestCase@6d38bb69]" classname="com.dotmarketing.portlets.structure.model.ContentletRelationshipsTest" time="1.945"/>
  <system-out><![CDATA[]]></system-out>
  <system-err><![CDATA[]]></system-err>
</testsuite>
