<?xml version="1.0" encoding="UTF-8"?>
<testsuite name="com.dotcms.util.pagination.ContentTypesPaginatorTest" tests="10" skipped="0" failures="0" errors="0" timestamp="2023-06-28T00:02:31" hostname="fv-az614-690" time="1.003">
  <properties/>
  <testcase name="getPaginatedAllowedContentTypesOrderedByName" classname="com.dotcms.util.pagination.ContentTypesPaginatorTest" time="0.056"/>
  <testcase name="test_getItems_WhenFilterEqualsToBaseType_ReturnsAllRelatedContentTypes" classname="com.dotcms.util.pagination.ContentTypesPaginatorTest" time="0.019"/>
  <testcase name="getAllAllowedContentTypesOrderedByName" classname="com.dotcms.util.pagination.ContentTypesPaginatorTest" time="0.037"/>
  <testcase name="test_getItems_WhenFilterContainsContentTypeName_ReturnsTheContentTypeThatMatches[0: com.dotcms.util.pagination.ContentTypesPaginatorTest$TestCase@5456373f]" classname="com.dotcms.util.pagination.ContentTypesPaginatorTest" time="0.181"/>
  <testcase name="test_getItems_WhenFilterContainsContentTypeName_ReturnsTheContentTypeThatMatches[1: com.dotcms.util.pagination.ContentTypesPaginatorTest$TestCase@59532dfc]" classname="com.dotcms.util.pagination.ContentTypesPaginatorTest" time="0.135"/>
  <testcase name="whenTheIndicesAreDeactivateShouldReturnNAInEntries" classname="com.dotcms.util.pagination.ContentTypesPaginatorTest" time="0.442"/>
  <testcase name="test_getItems_WhenFilterEqualsToBaseType_ReturnsAllChildrenContentTypes" classname="com.dotcms.util.pagination.ContentTypesPaginatorTest" time="0.021"/>
  <testcase name="getFilteredPaginatedAllowedContentTypesOrderedByName" classname="com.dotcms.util.pagination.ContentTypesPaginatorTest" time="0.026"/>
  <testcase name="getFilteredAllowedContentTypesOrderedByName" classname="com.dotcms.util.pagination.ContentTypesPaginatorTest" time="0.017"/>
  <testcase name="test_getItems_WhenNoFilter_ReturnsAllContentTypes" classname="com.dotcms.util.pagination.ContentTypesPaginatorTest" time="0.065"/>
  <system-out><![CDATA[]]></system-out>
  <system-err><![CDATA[]]></system-err>
</testsuite>
