<?xml version="1.0" encoding="UTF-8"?>
<testsuite name="com.dotmarketing.portlets.containers.business.ContainerFactoryImplTest" tests="5" skipped="0" failures="0" errors="0" timestamp="2023-06-26T17:26:57" hostname="fv-az341-169" time="1.664">
  <properties/>
  <testcase name="test_save_inputExistingContainerData_shouldUpdateExistingContainer" classname="com.dotmarketing.portlets.containers.business.ContainerFactoryImplTest" time="0.03"/>
  <testcase name="test_find_inodeInputParameter_shouldReturnContainerByInode" classname="com.dotmarketing.portlets.containers.business.ContainerFactoryImplTest" time="0.622"/>
  <testcase name="test_save_containerWithoutIdentifier_shouldThrowException" classname="com.dotmarketing.portlets.containers.business.ContainerFactoryImplTest" time="0.002"/>
  <testcase name="test_save_inputNewContainerData_shouldInsertNewContainer" classname="com.dotmarketing.portlets.containers.business.ContainerFactoryImplTest" time="0.043"/>
  <testcase name="test_container_find_by_query_no_SQL_injection_in_orderby" classname="com.dotmarketing.portlets.containers.business.ContainerFactoryImplTest" time="0.967"/>
  <system-out><![CDATA[]]></system-out>
  <system-err><![CDATA[]]></system-err>
</testsuite>
