<?xml version="1.0" encoding="UTF-8"?>
<testsuite name="com.dotcms.rendering.velocity.viewtools.content.StoryBlockMapTest" tests="7" skipped="0" failures="0" errors="0" timestamp="2023-06-29T18:39:39" hostname="fv-az166-287" time="0.631">
  <properties/>
  <testcase name="test_overridden_render_to_html" classname="com.dotcms.rendering.velocity.viewtools.content.StoryBlockMapTest" time="0.567"/>
  <testcase name="test_default_render_to_html" classname="com.dotcms.rendering.velocity.viewtools.content.StoryBlockMapTest" time="0.04"/>
  <testcase name="test_default_olist_render_to_html" classname="com.dotcms.rendering.velocity.viewtools.content.StoryBlockMapTest" time="0.006"/>
  <testcase name="test_default_contentlet_render_to_html" classname="com.dotcms.rendering.velocity.viewtools.content.StoryBlockMapTest" time="0.004"/>
  <testcase name="test_empty_json_to_html" classname="com.dotcms.rendering.velocity.viewtools.content.StoryBlockMapTest" time="0.003"/>
  <testcase name="test_default_ulist_render_to_html" classname="com.dotcms.rendering.velocity.viewtools.content.StoryBlockMapTest" time="0.005"/>
  <testcase name="test_default_paragraph_render_to_html" classname="com.dotcms.rendering.velocity.viewtools.content.StoryBlockMapTest" time="0.004"/>
  <system-out><![CDATA[]]></system-out>
  <system-err><![CDATA[]]></system-err>
</testsuite>
