<?xml version="1.0" encoding="UTF-8"?>
<testsuite name="com.dotmarketing.portlets.workflows.actionlet.SaveContentActionletWithTagsTest" tests="1" skipped="0" failures="0" errors="0" timestamp="2023-07-10T22:16:33" hostname="fv-az445-212" time="1.337">
  <properties/>
  <testcase name="test_Save_Contentlet_Actionlet_Tags" classname="com.dotmarketing.portlets.workflows.actionlet.SaveContentActionletWithTagsTest" time="1.337"/>
  <system-out><![CDATA[]]></system-out>
  <system-err><![CDATA[]]></system-err>
</testsuite>
