<?xml version="1.0" encoding="UTF-8"?>
<testsuite name="com.dotmarketing.filters.FiltersTest" tests="9" skipped="0" failures="0" errors="0" timestamp="2023-07-07T19:26:23" hostname="fv-az507-246" time="61.846">
  <properties/>
  <testcase name="shouldRedirect401" classname="com.dotmarketing.filters.FiltersTest" time="0.052"/>
  <testcase name="vanityUrlsShouldPassParams" classname="com.dotmarketing.filters.FiltersTest" time="9.448"/>
  <testcase name="shouldWorkVanityUrl" classname="com.dotmarketing.filters.FiltersTest" time="22.005"/>
  <testcase name="redirectHomePageTest" classname="com.dotmarketing.filters.FiltersTest" time="9.395"/>
  <testcase name="shouldForwardToImage" classname="com.dotmarketing.filters.FiltersTest" time="0.005"/>
  <testcase name="shouldRedirectToFolderIndex" classname="com.dotmarketing.filters.FiltersTest" time="0.042"/>
  <testcase name="Test_VanityURL_Forward_Redirect_Params" classname="com.dotmarketing.filters.FiltersTest" time="12.838"/>
  <testcase name="vanityRedirectURLMAP" classname="com.dotmarketing.filters.FiltersTest" time="8.054"/>
  <testcase name="shouldReturnStrutsPage" classname="com.dotmarketing.filters.FiltersTest" time="0.007"/>
  <system-out><![CDATA[]]></system-out>
  <system-err><![CDATA[]]></system-err>
</testsuite>
