<?xml version="1.0" encoding="UTF-8"?>
<testsuite name="com.dotmarketing.portlets.structure.model.ContentletRelationshipsTest" tests="7" skipped="0" failures="0" errors="0" timestamp="2023-06-28T18:21:33" hostname="fv-az255-362" time="9.595">
  <properties/>
  <testcase name="testDoesAllowOnlyOne[0: com.dotmarketing.portlets.structure.model.ContentletRelationshipsTest$CardinalityTestCase@48f8ddd9]" classname="com.dotmarketing.portlets.structure.model.ContentletRelationshipsTest" time="0.699"/>
  <testcase name="testDoesAllowOnlyOne[1: com.dotmarketing.portlets.structure.model.ContentletRelationshipsTest$CardinalityTestCase@d150a4a]" classname="com.dotmarketing.portlets.structure.model.ContentletRelationshipsTest" time="0.699"/>
  <testcase name="testDoesAllowOnlyOne[2: com.dotmarketing.portlets.structure.model.ContentletRelationshipsTest$CardinalityTestCase@6f6d86f7]" classname="com.dotmarketing.portlets.structure.model.ContentletRelationshipsTest" time="0.807"/>
  <testcase name="testGetRelationshipRecords[0: com.dotmarketing.portlets.structure.model.ContentletRelationshipsTest$TestCase@583861b8]" classname="com.dotmarketing.portlets.structure.model.ContentletRelationshipsTest" time="1.424"/>
  <testcase name="testGetRelationshipRecords[1: com.dotmarketing.portlets.structure.model.ContentletRelationshipsTest$TestCase@56206973]" classname="com.dotmarketing.portlets.structure.model.ContentletRelationshipsTest" time="1.473"/>
  <testcase name="testGetRelationshipRecords[2: com.dotmarketing.portlets.structure.model.ContentletRelationshipsTest$TestCase@73c27ea7]" classname="com.dotmarketing.portlets.structure.model.ContentletRelationshipsTest" time="2.259"/>
  <testcase name="testGetRelationshipRecords[3: com.dotmarketing.portlets.structure.model.ContentletRelationshipsTest$TestCase@701b0416]" classname="com.dotmarketing.portlets.structure.model.ContentletRelationshipsTest" time="2.231"/>
  <system-out><![CDATA[]]></system-out>
  <system-err><![CDATA[]]></system-err>
</testsuite>
