<?xml version="1.0" encoding="UTF-8"?>
<testsuite name="com.dotmarketing.business.DeterministicIdentifierAPITest" tests="16" skipped="0" failures="0" errors="0" timestamp="2023-07-08T05:57:55" hostname="fv-az436-467" time="2.0">
  <properties/>
  <testcase name="Test_Category_Path_Seed_And_Id" classname="com.dotmarketing.business.DeterministicIdentifierAPITest" time="0.035"/>
  <testcase name="Test_Language_Deterministic_Id[0: LanguageTestCase{expectedSeed='Language:es:US', expectedHash=4913155, langCode='es', countryCode='US', country='United States'}]" classname="com.dotmarketing.business.DeterministicIdentifierAPITest" time="0.002"/>
  <testcase name="Test_Language_Deterministic_Id[1: LanguageTestCase{expectedSeed='Language:ep:', expectedHash=5292269, langCode='ep', countryCode='', country=''}]" classname="com.dotmarketing.business.DeterministicIdentifierAPITest" time="0.001"/>
  <testcase name="Test_Language_Deterministic_Id[2: LanguageTestCase{expectedSeed='Language:sg:SAG', expectedHash=4713118, langCode='sg', countryCode='SAG', country=''}]" classname="com.dotmarketing.business.DeterministicIdentifierAPITest" time="0.001"/>
  <testcase name="Test_Language_Deterministic_Id[3: LanguageTestCase{expectedSeed='Language:en:NZ', expectedHash=5382528, langCode='en', countryCode='NZ', country='New Zealand'}]" classname="com.dotmarketing.business.DeterministicIdentifierAPITest" time="0.001"/>
  <testcase name="Test_Category_None_Persisted_Category_Should_Return_Deterministic_Id" classname="com.dotmarketing.business.DeterministicIdentifierAPITest" time="0.002"/>
  <testcase name="Test_Asset_Generate_Deterministic_Id_Best_Effort[0: TestCase{versionable=my.host1688795419722.com, parent=System Host, expectedName='my.host1688795419722.com', expectedType='Host'}]" classname="com.dotmarketing.business.DeterministicIdentifierAPITest" time="0.006"/>
  <testcase name="Test_Asset_Generate_Deterministic_Id_Best_Effort[1: TestCase{versionable=com.dotmarketing.portlets.contentlet.model.Contentlet@f5b4d38[map={modDate=2023-07-08 05:50:20.041, fileName=file9797717259164885205.txt, title=file9797717259164885205.txt, inode=8dbd0c03-1d24-44b7-85bc-2d1730a60bca, __IS_NEW_CONTENT__=true, disabledWYSIWYG=[], host=85e1d1ca-da73-4e1d-92b4-0996b4b952a8, stInode=33888b6f-7a8e-4069-b1b6-5c1aa9d0a48d, owner=system, identifier=973f0b60-bba6-474f-8247-2669ca115135, nullProperties=[wfExpireDate, wfPublishDate, wfActionAssign, wfActionId, wfActionComments, filterKey, whereToSend, wfNeverExpire, _path_to_move, timezoneId, iWantTo, wfPublishTime, wfExpireTime], languageId=1, fileAsset=/home/runner/work/core/custom/assets/8/d/8dbd0c03-1d24-44b7-85bc-2d1730a60bca/fileAsset/file9797717259164885205.txt, folder=17a1642f-dcb9-4278-bb14-34e3929da38c, __disable_workflow__=true, sortOrder=0, modUser=system},lowIndexPriority=false,variantId=DEFAULT], parent=com.dotmarketing.portlets.folders.model.Folder@7c29de89[identifier=17a1642f-dcb9-4278-bb14-34e3929da38c,name=testName1688795420031,sortOrder=0,showOnMenu=false,hostId=85e1d1ca-da73-4e1d-92b4-0996b4b952a8,type=folder,title=testTitle1688795420031,filesMasks=,defaultFileType=33888b6f-7a8e-4069-b1b6-5c1aa9d0a48d,modDate=2023-07-08 05:50:20.035,owner=&lt;null&gt;,iDate=2023-07-08 05:50:20.035,inode=17a1642f-dcb9-4278-bb14-34e3929da38c,path=/testName1688795420031/], expectedName='file9797717259164885205.txt', expectedType='FileAsset'}]" classname="com.dotmarketing.business.DeterministicIdentifierAPITest" time="0.007"/>
  <testcase name="Test_Asset_Generate_Deterministic_Id_Best_Effort[2: TestCase{versionable=com.dotmarketing.portlets.templates.model.Template@7e05ff1c, parent=my.host1688795419722.com, expectedName='testTitle1688795420206', expectedType='Template'}]" classname="com.dotmarketing.business.DeterministicIdentifierAPITest" time="0.003"/>
  <testcase name="Test_Asset_Generate_Deterministic_Id_Best_Effort[3: TestCase{versionable=com.dotmarketing.portlets.htmlpageasset.model.HTMLPageAsset@64cdd53[map={template=4f0ac852-094a-4469-9b9f-d6dd0e0584ce, owner=system, identifier=eb5d587e-9f1d-402a-bfdf-773462a3da84, nullProperties=[wfExpireDate, wfPublishDate, wfActionAssign, wfActionId, wfActionComments, filterKey, whereToSend, wfNeverExpire, _path_to_move, timezoneId, iWantTo, wfPublishTime, wfExpireTime], modDate=2023-07-08 05:50:20.251, cachettl=0, _is_test_mode=true, languageId=1, title=test-page-title-1688795420242, httpsreq=, url=test-page-url-1688795420242, showOnMenu=, inode=0eb23fe0-a7c3-4573-ac53-9540cc264e28, folder=17a1642f-dcb9-4278-bb14-34e3929da38c, disabledWYSIWYG=[], sortOrder=1, modUser=system, host=85e1d1ca-da73-4e1d-92b4-0996b4b952a8, stInode=c541abb1-69b3-4bc5-8430-5e09e5239cc8, friendlyName=test-page-friendly-name-1688795420242},lowIndexPriority=false,variantId=DEFAULT], parent=com.dotmarketing.portlets.folders.model.Folder@7c29de89[identifier=17a1642f-dcb9-4278-bb14-34e3929da38c,name=testName1688795420031,sortOrder=0,showOnMenu=false,hostId=85e1d1ca-da73-4e1d-92b4-0996b4b952a8,type=folder,title=testTitle1688795420031,filesMasks=,defaultFileType=33888b6f-7a8e-4069-b1b6-5c1aa9d0a48d,modDate=2023-07-08 05:50:20.035,owner=&lt;null&gt;,iDate=2023-07-08 05:50:20.035,inode=17a1642f-dcb9-4278-bb14-34e3929da38c,path=/testName1688795420031/], expectedName='test-page-url-1688795420242', expectedType='htmlpageasset'}]" classname="com.dotmarketing.business.DeterministicIdentifierAPITest" time="0.005"/>
  <testcase name="Test_Asset_Generate_Deterministic_Id_Best_Effort[4: TestCase{versionable=com.dotmarketing.portlets.contentlet.model.Contentlet@1c4f959f[map={fileAsset2=/home/runner/work/core/custom/assets/9/f/9fc2472f-6299-41d7-bbf8-15c2ea09954f/fileAsset2/test_binary1688795422071.png, modDate=2023-07-08 05:50:22.08, fileAsset1=/home/runner/work/core/custom/assets/9/f/9fc2472f-6299-41d7-bbf8-15c2ea09954f/fileAsset1/test_binary1688795422071.jpg, title=blah, inode=9fc2472f-6299-41d7-bbf8-15c2ea09954f, __IS_NEW_CONTENT__=true, disabledWYSIWYG=[], host=48190c8c-42c4-46af-8d1a-0cd5db894797, stInode=974f8c3c-9a60-4c68-9a9f-549cba108c38, owner=system, identifier=4c2d528a-dfde-4849-b994-299bc2e20fff, nullProperties=[], languageId=1, image1=4ed3c0c3-4355-4082-a37a-af0dcea94c70, folder=SYSTEM_FOLDER, __disable_workflow__=true, sortOrder=0, modUser=system},lowIndexPriority=false,variantId=DEFAULT], parent=demo.dotcms.com, expectedName='test_binary1688795422071.jpg:test_binary1688795422071.png', expectedType='MultipleBinaries1688795420728'}]" classname="com.dotmarketing.business.DeterministicIdentifierAPITest" time="0.009"/>
  <testcase name="Test_Asset_Generate_Deterministic_Id_Best_Effort[5: TestCase{versionable=name1fa061e1c8 : keyTag1fa061e1c8, parent=my.host1688795419722.com, expectedName='keyTag1fa061e1c8', expectedType='persona'}]" classname="com.dotmarketing.business.DeterministicIdentifierAPITest" time="0.004"/>
  <testcase name="Test_Similar_Content_Type_Wont_Clash" classname="com.dotmarketing.business.DeterministicIdentifierAPITest" time="0.675"/>
  <testcase name="Test_Generate_Folder_Identifier" classname="com.dotmarketing.business.DeterministicIdentifierAPITest" time="1.208"/>
  <testcase name="Test_Generate_Content_Type_Identifier[0: ContentTypeTestCase{contentType=KeyValueContentType{name=Language Variable, id=f4d7c1b8-2c88-4071-abf1-a5328977b07d, description=Default Content Type for Language Variables, defaultType=false, fixed=true, iDate=Thu Aug 31 16:38:49 UTC 2017, system=true, versionable=true, variable=Languagevariable, modDate=Sat Jul 08 04:33:00 UTC 2023, host=SYSTEM_HOST, siteName=systemHost, icon=language, sortOrder=0, folder=SYSTEM_FOLDER, folderPath=/, markedForDeletion=true, multilingualable=false}, expectedName='Languagevariable', expectedType='KeyValue'}]" classname="com.dotmarketing.business.DeterministicIdentifierAPITest" time="0.014"/>
  <testcase name="Test_Generate_Content_Type_Identifier[1: ContentTypeTestCase{contentType=SimpleContentType{name=testName1688795422622, id=167df1fd-7d61-4431-8fac-0a7d09eef23b, description=testDescription1688795422622, defaultType=false, fixed=false, iDate=Sat Jul 08 05:50:22 UTC 2023, system=false, versionable=true, multilingualable=false, variable=testVarname1688795422622, owner=system, modDate=Sat Jul 08 05:50:23 UTC 2023, host=48190c8c-42c4-46af-8d1a-0cd5db894797, siteName=demo.dotcms.com, icon=event_note, sortOrder=0, folder=SYSTEM_FOLDER, folderPath=/, requiredFields=[], markedForDeletion=false}, expectedName='testVarname1688795422622', expectedType='CONTENT'}]" classname="com.dotmarketing.business.DeterministicIdentifierAPITest" time="0.013"/>
  <system-out><![CDATA[]]></system-out>
  <system-err><![CDATA[]]></system-err>
</testsuite>
