<?xml version="1.0" encoding="UTF-8"?>
<testsuite name="com.dotcms.rest.elasticsearch.ESContentResourcePortletTest" tests="8" skipped="0" failures="0" errors="0" timestamp="2023-07-13T16:50:51" hostname="fv-az218-607" time="7.836">
  <properties/>
  <testcase name="test_search_includeGrandChildCategory_success" classname="com.dotcms.rest.elasticsearch.ESContentResourcePortletTest" time="1.388"/>
  <testcase name="testSearch[0: com.dotcms.rest.elasticsearch.ESContentResourcePortletTest$TestCase@64364c64]" classname="com.dotcms.rest.elasticsearch.ESContentResourcePortletTest" time="0.935"/>
  <testcase name="testSearch[1: com.dotcms.rest.elasticsearch.ESContentResourcePortletTest$TestCase@75646938]" classname="com.dotcms.rest.elasticsearch.ESContentResourcePortletTest" time="0.272"/>
  <testcase name="testSearch[2: com.dotcms.rest.elasticsearch.ESContentResourcePortletTest$TestCase@4f66e1d4]" classname="com.dotcms.rest.elasticsearch.ESContentResourcePortletTest" time="0.921"/>
  <testcase name="testSearch[3: com.dotcms.rest.elasticsearch.ESContentResourcePortletTest$TestCase@6bcd7dd4]" classname="com.dotcms.rest.elasticsearch.ESContentResourcePortletTest" time="1.25"/>
  <testcase name="testSearch[4: com.dotcms.rest.elasticsearch.ESContentResourcePortletTest$TestCase@3d4e49a5]" classname="com.dotcms.rest.elasticsearch.ESContentResourcePortletTest" time="1.279"/>
  <testcase name="testSearch[5: com.dotcms.rest.elasticsearch.ESContentResourcePortletTest$TestCase@6b35da9d]" classname="com.dotcms.rest.elasticsearch.ESContentResourcePortletTest" time="0.886"/>
  <testcase name="testSearch[6: com.dotcms.rest.elasticsearch.ESContentResourcePortletTest$TestCase@13a5ee6e]" classname="com.dotcms.rest.elasticsearch.ESContentResourcePortletTest" time="0.902"/>
  <system-out><![CDATA[]]></system-out>
  <system-err><![CDATA[]]></system-err>
</testsuite>
