<?xml version="1.0" encoding="UTF-8"?>
<testsuite name="com.dotmarketing.business.DeterministicIdentifierAPITest" tests="16" skipped="0" failures="0" errors="0" timestamp="2023-06-23T22:40:19" hostname="fv-az397-542" time="1.428">
  <properties/>
  <testcase name="Test_Category_Path_Seed_And_Id" classname="com.dotmarketing.business.DeterministicIdentifierAPITest" time="0.032"/>
  <testcase name="Test_Language_Deterministic_Id[0: LanguageTestCase{expectedSeed='Language:es:US', expectedHash=4913155, langCode='es', countryCode='US', country='United States'}]" classname="com.dotmarketing.business.DeterministicIdentifierAPITest" time="0.002"/>
  <testcase name="Test_Language_Deterministic_Id[1: LanguageTestCase{expectedSeed='Language:ep:', expectedHash=5292269, langCode='ep', countryCode='', country=''}]" classname="com.dotmarketing.business.DeterministicIdentifierAPITest" time="0.001"/>
  <testcase name="Test_Language_Deterministic_Id[2: LanguageTestCase{expectedSeed='Language:sg:SAG', expectedHash=4713118, langCode='sg', countryCode='SAG', country=''}]" classname="com.dotmarketing.business.DeterministicIdentifierAPITest" time="0.001"/>
  <testcase name="Test_Language_Deterministic_Id[3: LanguageTestCase{expectedSeed='Language:en:NZ', expectedHash=5382528, langCode='en', countryCode='NZ', country='New Zealand'}]" classname="com.dotmarketing.business.DeterministicIdentifierAPITest" time="0.001"/>
  <testcase name="Test_Category_None_Persisted_Category_Should_Return_Deterministic_Id" classname="com.dotmarketing.business.DeterministicIdentifierAPITest" time="0.002"/>
  <testcase name="Test_Asset_Generate_Deterministic_Id_Best_Effort[0: TestCase{versionable=my.host1687553844186.com, parent=System Host, expectedName='my.host1687553844186.com', expectedType='Host'}]" classname="com.dotmarketing.business.DeterministicIdentifierAPITest" time="0.004"/>
  <testcase name="Test_Asset_Generate_Deterministic_Id_Best_Effort[1: TestCase{versionable=com.dotmarketing.portlets.contentlet.model.Contentlet@88e4d87[map={modDate=2023-06-23 20:57:24.89, fileName=file2502374095711088662.txt, title=file2502374095711088662.txt, inode=a24d3abe-a48d-43c5-9aa1-f782f29666ec, __IS_NEW_CONTENT__=true, disabledWYSIWYG=[], host=38754132-0a12-4b2b-993d-c8e779a8b6ce, stInode=33888b6f-7a8e-4069-b1b6-5c1aa9d0a48d, owner=system, identifier=c1c5f5f2-5fff-457f-b9e0-7a53ddaaa538, nullProperties=[wfExpireDate, wfPublishDate, wfActionAssign, wfActionId, wfActionComments, filterKey, whereToSend, wfNeverExpire, _path_to_move, timezoneId, iWantTo, wfPublishTime, wfExpireTime], languageId=1, fileAsset=/home/runner/work/core/custom/assets/a/2/a24d3abe-a48d-43c5-9aa1-f782f29666ec/fileAsset/file2502374095711088662.txt, folder=f002003c-3fd7-4cec-86fd-ce005274d3f1, __disable_workflow__=true, sortOrder=0, modUser=system},lowIndexPriority=false,variantId=DEFAULT], parent=com.dotmarketing.portlets.folders.model.Folder@1f0b278e[identifier=f002003c-3fd7-4cec-86fd-ce005274d3f1,name=testName1687553844881,sortOrder=0,showOnMenu=false,hostId=38754132-0a12-4b2b-993d-c8e779a8b6ce,type=folder,title=testTitle1687553844881,filesMasks=,defaultFileType=33888b6f-7a8e-4069-b1b6-5c1aa9d0a48d,modDate=2023-06-23 20:57:24.885,owner=&lt;null&gt;,iDate=2023-06-23 20:57:24.885,inode=f002003c-3fd7-4cec-86fd-ce005274d3f1,path=/testName1687553844881/], expectedName='file2502374095711088662.txt', expectedType='FileAsset'}]" classname="com.dotmarketing.business.DeterministicIdentifierAPITest" time="0.004"/>
  <testcase name="Test_Asset_Generate_Deterministic_Id_Best_Effort[2: TestCase{versionable=com.dotmarketing.portlets.templates.model.Template@b0d399c1, parent=my.host1687553844186.com, expectedName='testTitle1687553844968', expectedType='Template'}]" classname="com.dotmarketing.business.DeterministicIdentifierAPITest" time="0.003"/>
  <testcase name="Test_Asset_Generate_Deterministic_Id_Best_Effort[3: TestCase{versionable=com.dotmarketing.portlets.htmlpageasset.model.HTMLPageAsset@37675505[map={template=39716424-8981-4994-9bad-ed5f9f2b2e0a, owner=system, identifier=0e801e7b-30e7-42f0-a4b7-3f6f84dceb72, nullProperties=[wfExpireDate, wfPublishDate, wfActionAssign, wfActionId, wfActionComments, filterKey, whereToSend, wfNeverExpire, _path_to_move, timezoneId, iWantTo, wfPublishTime, wfExpireTime], modDate=2023-06-23 20:57:24.988, cachettl=0, _is_test_mode=true, languageId=1, title=test-page-title-1687553844981, httpsreq=, url=test-page-url-1687553844981, showOnMenu=, inode=06ecc530-bd29-492c-92f6-92306fa02f58, folder=f002003c-3fd7-4cec-86fd-ce005274d3f1, disabledWYSIWYG=[], sortOrder=1, modUser=system, host=38754132-0a12-4b2b-993d-c8e779a8b6ce, stInode=c541abb1-69b3-4bc5-8430-5e09e5239cc8, friendlyName=test-page-friendly-name-1687553844981},lowIndexPriority=false,variantId=DEFAULT], parent=com.dotmarketing.portlets.folders.model.Folder@1f0b278e[identifier=f002003c-3fd7-4cec-86fd-ce005274d3f1,name=testName1687553844881,sortOrder=0,showOnMenu=false,hostId=38754132-0a12-4b2b-993d-c8e779a8b6ce,type=folder,title=testTitle1687553844881,filesMasks=,defaultFileType=33888b6f-7a8e-4069-b1b6-5c1aa9d0a48d,modDate=2023-06-23 20:57:24.885,owner=&lt;null&gt;,iDate=2023-06-23 20:57:24.885,inode=f002003c-3fd7-4cec-86fd-ce005274d3f1,path=/testName1687553844881/], expectedName='test-page-url-1687553844981', expectedType='htmlpageasset'}]" classname="com.dotmarketing.business.DeterministicIdentifierAPITest" time="0.004"/>
  <testcase name="Test_Asset_Generate_Deterministic_Id_Best_Effort[4: TestCase{versionable=com.dotmarketing.portlets.contentlet.model.Contentlet@63469474[map={fileAsset2=/home/runner/work/core/custom/assets/b/4/b426b62f-1018-4e5d-ab6a-6bbb0b46c2a3/fileAsset2/test_binary1687553845873.png, modDate=2023-06-23 20:57:25.881, fileAsset1=/home/runner/work/core/custom/assets/b/4/b426b62f-1018-4e5d-ab6a-6bbb0b46c2a3/fileAsset1/test_binary1687553845872.jpg, title=blah, inode=b426b62f-1018-4e5d-ab6a-6bbb0b46c2a3, __IS_NEW_CONTENT__=true, disabledWYSIWYG=[], host=8a7d5e23-da1e-420a-b4f0-471e7da8ea2d, stInode=af6295fc-489a-41af-a10e-5d026f8fc6db, owner=system, identifier=aaa13e55-e0b5-4f83-beac-0da915a7401f, nullProperties=[], languageId=1, image1=d8a0ab5c-a6f8-4086-be0d-3a62ec414e1b, folder=SYSTEM_FOLDER, __disable_workflow__=true, sortOrder=0, modUser=system},lowIndexPriority=false,variantId=DEFAULT], parent=default, expectedName='test_binary1687553845872.jpg:test_binary1687553845873.png', expectedType='MultipleBinaries1687553845108'}]" classname="com.dotmarketing.business.DeterministicIdentifierAPITest" time="0.012"/>
  <testcase name="Test_Asset_Generate_Deterministic_Id_Best_Effort[5: TestCase{versionable=name052ad0d630 : keyTag052ad0d630, parent=my.host1687553844186.com, expectedName='keyTag052ad0d630', expectedType='persona'}]" classname="com.dotmarketing.business.DeterministicIdentifierAPITest" time="0.007"/>
  <testcase name="Test_Similar_Content_Type_Wont_Clash" classname="com.dotmarketing.business.DeterministicIdentifierAPITest" time="0.634"/>
  <testcase name="Test_Generate_Folder_Identifier" classname="com.dotmarketing.business.DeterministicIdentifierAPITest" time="0.7"/>
  <testcase name="Test_Generate_Content_Type_Identifier[0: ContentTypeTestCase{contentType=KeyValueContentType{name=Language Variable, id=f4d7c1b8-2c88-4071-abf1-a5328977b07d, description=Default Content Type for Language Variables, defaultType=false, fixed=true, iDate=Thu Aug 31 16:38:49 UTC 2017, system=true, versionable=true, variable=Languagevariable, modDate=Fri Jun 23 20:53:49 UTC 2023, host=SYSTEM_HOST, siteName=systemHost, icon=language, sortOrder=0, folder=SYSTEM_FOLDER, folderPath=/, markedForDeletion=false, multilingualable=false}, expectedName='Languagevariable', expectedType='KeyValue'}]" classname="com.dotmarketing.business.DeterministicIdentifierAPITest" time="0.008"/>
  <testcase name="Test_Generate_Content_Type_Identifier[1: ContentTypeTestCase{contentType=SimpleContentType{name=testName1687553846251, id=d14439d1-88e9-45f5-b5e5-d9264f0ea1c8, description=testDescription1687553846251, defaultType=false, fixed=false, iDate=Fri Jun 23 20:57:26 UTC 2023, system=false, versionable=true, multilingualable=false, variable=testVarname1687553846251, owner=system, modDate=Fri Jun 23 20:57:26 UTC 2023, host=8a7d5e23-da1e-420a-b4f0-471e7da8ea2d, siteName=default, icon=event_note, sortOrder=0, folder=SYSTEM_FOLDER, folderPath=/, requiredFields=[], markedForDeletion=false}, expectedName='testVarname1687553846251', expectedType='CONTENT'}]" classname="com.dotmarketing.business.DeterministicIdentifierAPITest" time="0.01"/>
  <system-out><![CDATA[]]></system-out>
  <system-err><![CDATA[]]></system-err>
</testsuite>
