<?xml version="1.0" encoding="UTF-8"?>
<testsuite name="com.dotcms.rest.api.v1.vtl.VTLResourceIntegrationTest" tests="6" skipped="0" failures="0" errors="0" timestamp="2023-07-18T01:01:50" hostname="fv-az1128-367" time="12.109">
  <properties/>
  <testcase name="testGet[0: com.dotcms.rest.api.v1.vtl.VTLResourceTestCase@1a772e4c]" classname="com.dotcms.rest.api.v1.vtl.VTLResourceIntegrationTest" time="2.27"/>
  <testcase name="testGet[1: com.dotcms.rest.api.v1.vtl.VTLResourceTestCase@2ac8a469]" classname="com.dotcms.rest.api.v1.vtl.VTLResourceIntegrationTest" time="1.954"/>
  <testcase name="testGet[2: com.dotcms.rest.api.v1.vtl.VTLResourceTestCase@58149d28]" classname="com.dotcms.rest.api.v1.vtl.VTLResourceIntegrationTest" time="1.89"/>
  <testcase name="testGet[3: com.dotcms.rest.api.v1.vtl.VTLResourceTestCase@4a783ab]" classname="com.dotcms.rest.api.v1.vtl.VTLResourceIntegrationTest" time="1.946"/>
  <testcase name="testGet[4: com.dotcms.rest.api.v1.vtl.VTLResourceTestCase@2701d83d]" classname="com.dotcms.rest.api.v1.vtl.VTLResourceIntegrationTest" time="2.134"/>
  <testcase name="testGet[5: com.dotcms.rest.api.v1.vtl.VTLResourceTestCase@4805db58]" classname="com.dotcms.rest.api.v1.vtl.VTLResourceIntegrationTest" time="1.915"/>
  <system-out><![CDATA[]]></system-out>
  <system-err><![CDATA[]]></system-err>
</testsuite>
