<?xml version="1.0" encoding="UTF-8"?>
<testsuite name="com.dotcms.contenttype.test.ContentTypeFactoryImplTest" tests="24" skipped="0" failures="0" errors="0" timestamp="2023-07-17T15:48:32" hostname="fv-az493-152" time="107.1">
  <properties/>
  <testcase name="findUrlMappedByPageIdWithoutContentType" classname="com.dotcms.contenttype.test.ContentTypeFactoryImplTest" time="1.751"/>
  <testcase name="testSerialization" classname="com.dotcms.contenttype.test.ContentTypeFactoryImplTest" time="0.003"/>
  <testcase name="test_UpdateContentType_SetSortOrder" classname="com.dotcms.contenttype.test.ContentTypeFactoryImplTest" time="0.228"/>
  <testcase name="testFindAll" classname="com.dotcms.contenttype.test.ContentTypeFactoryImplTest" time="0.058"/>
  <testcase name="testDefaultType" classname="com.dotcms.contenttype.test.ContentTypeFactoryImplTest" time="0.001"/>
  <testcase name="findUrlMappedByPageId" classname="com.dotcms.contenttype.test.ContentTypeFactoryImplTest" time="1.751"/>
  <testcase name="testAddingContentTypes" classname="com.dotcms.contenttype.test.ContentTypeFactoryImplTest" time="12.123"/>
  <testcase name="test_UpdateContentType_SetIcon" classname="com.dotcms.contenttype.test.ContentTypeFactoryImplTest" time="0.225"/>
  <testcase name="searchCount" classname="com.dotcms.contenttype.test.ContentTypeFactoryImplTest" time="0.004"/>
  <testcase name="testFindMethodEquals" classname="com.dotcms.contenttype.test.ContentTypeFactoryImplTest" time="0.551"/>
  <testcase name="suggestVelocityVar" classname="com.dotcms.contenttype.test.ContentTypeFactoryImplTest" time="1.37"/>
  <testcase name="testAddingUpdatingDeleteing" classname="com.dotcms.contenttype.test.ContentTypeFactoryImplTest" time="86.382"/>
  <testcase name="testUpdatingContentTypes" classname="com.dotcms.contenttype.test.ContentTypeFactoryImplTest" time="0.009"/>
  <testcase name="testFieldsMethod" classname="com.dotcms.contenttype.test.ContentTypeFactoryImplTest" time="0.001"/>
  <testcase name="test_UpdateContentType_SetIconAndSortOrder" classname="com.dotcms.contenttype.test.ContentTypeFactoryImplTest" time="0.256"/>
  <testcase name="test_AddingContentType_SetIconAndSortOrder" classname="com.dotcms.contenttype.test.ContentTypeFactoryImplTest" time="0.248"/>
  <testcase name="Test_Mark_ContentTypeForDeletion" classname="com.dotcms.contenttype.test.ContentTypeFactoryImplTest" time="0.045"/>
  <testcase name="testDifferentContentTypes" classname="com.dotcms.contenttype.test.ContentTypeFactoryImplTest" time="0.754"/>
  <testcase name="testFindUrlMapped" classname="com.dotcms.contenttype.test.ContentTypeFactoryImplTest" time="0.002"/>
  <testcase name="test_AddingContentType_SetIcon" classname="com.dotcms.contenttype.test.ContentTypeFactoryImplTest" time="0.244"/>
  <testcase name="testSearch" classname="com.dotcms.contenttype.test.ContentTypeFactoryImplTest" time="0.577"/>
  <testcase name="testAddingContentType_withFieldVariables" classname="com.dotcms.contenttype.test.ContentTypeFactoryImplTest" time="0.26"/>
  <testcase name="findUrlMappedByPageIdWithNull" classname="com.dotcms.contenttype.test.ContentTypeFactoryImplTest" time="0.001"/>
  <testcase name="test_AddingContentType_SetSortOrder" classname="com.dotcms.contenttype.test.ContentTypeFactoryImplTest" time="0.249"/>
  <system-out><![CDATA[]]></system-out>
  <system-err><![CDATA[]]></system-err>
</testsuite>
