<?xml version="1.0" encoding="UTF-8"?>
<testsuite name="com.dotcms.contenttype.test.ContentTypeBuilderTest" tests="3" skipped="0" failures="0" errors="0" timestamp="2023-07-11T21:46:44" hostname="fv-az436-467" time="0.015">
  <properties/>
  <testcase name="testCopy" classname="com.dotcms.contenttype.test.ContentTypeBuilderTest" time="0.008"/>
  <testcase name="testEquals" classname="com.dotcms.contenttype.test.ContentTypeBuilderTest" time="0.004"/>
  <testcase name="testAllContentTypeBuilders" classname="com.dotcms.contenttype.test.ContentTypeBuilderTest" time="0.002"/>
  <system-out><![CDATA[]]></system-out>
  <system-err><![CDATA[]]></system-err>
</testsuite>
