<?xml version="1.0" encoding="UTF-8"?>
<testsuite name="com.dotcms.contenttype.test.ContentResourceTest" tests="52" skipped="0" failures="0" errors="0" timestamp="2023-07-14T14:38:16" hostname="fv-az627-249" time="134.513">
  <properties/>
  <testcase name="testGetContentShouldReturnIconDetails" classname="com.dotcms.contenttype.test.ContentResourceTest" time="1.452"/>
  <testcase name="Test_Save_Action_Set_Words_To_Required_NumericField_Issue_15340" classname="com.dotcms.contenttype.test.ContentResourceTest" time="0.879"/>
  <testcase name="test_getContent_includeGrandChildCategory_success" classname="com.dotcms.contenttype.test.ContentResourceTest" time="1.256"/>
  <testcase name="testGetContentWithRelatedParameter[0: com.dotcms.contenttype.test.ContentResourceTest$PullRelatedTestCase@1056b2a5]" classname="com.dotcms.contenttype.test.ContentResourceTest" time="3.68"/>
  <testcase name="testGetContentWithRelatedParameter[1: com.dotcms.contenttype.test.ContentResourceTest$PullRelatedTestCase@1e3527aa]" classname="com.dotcms.contenttype.test.ContentResourceTest" time="3.451"/>
  <testcase name="testGetContentWithRelatedParameter[2: com.dotcms.contenttype.test.ContentResourceTest$PullRelatedTestCase@6c5c23bc]" classname="com.dotcms.contenttype.test.ContentResourceTest" time="3.483"/>
  <testcase name="testGetContentWithRelatedParameter[3: com.dotcms.contenttype.test.ContentResourceTest$PullRelatedTestCase@61102326]" classname="com.dotcms.contenttype.test.ContentResourceTest" time="3.425"/>
  <testcase name="testGetContentWithRelatedParameter[4: com.dotcms.contenttype.test.ContentResourceTest$PullRelatedTestCase@4476663b]" classname="com.dotcms.contenttype.test.ContentResourceTest" time="3.378"/>
  <testcase name="test_getContent_SelfRelatedWith3LevelsOfDepth_shouldReturnRelationships" classname="com.dotcms.contenttype.test.ContentResourceTest" time="1.332"/>
  <testcase name="Test_Save_Action_Send_Fields_SubSet_Issue_15340" classname="com.dotcms.contenttype.test.ContentResourceTest" time="2.827"/>
  <testcase name="test_getContent_shouldReturnRelationships[0: com.dotcms.contenttype.test.ContentResourceTest$TestCase@73c91168]" classname="com.dotcms.contenttype.test.ContentResourceTest" time="2.649"/>
  <testcase name="test_getContent_shouldReturnRelationships[1: com.dotcms.contenttype.test.ContentResourceTest$TestCase@7e058d6e]" classname="com.dotcms.contenttype.test.ContentResourceTest" time="1.634"/>
  <testcase name="test_getContent_shouldReturnRelationships[2: com.dotcms.contenttype.test.ContentResourceTest$TestCase@1e6c989b]" classname="com.dotcms.contenttype.test.ContentResourceTest" time="2.698"/>
  <testcase name="test_getContent_shouldReturnRelationships[3: com.dotcms.contenttype.test.ContentResourceTest$TestCase@69dc62d3]" classname="com.dotcms.contenttype.test.ContentResourceTest" time="2.78"/>
  <testcase name="test_getContent_shouldReturnRelationships[4: com.dotcms.contenttype.test.ContentResourceTest$TestCase@52256cd1]" classname="com.dotcms.contenttype.test.ContentResourceTest" time="2.764"/>
  <testcase name="test_getContent_shouldReturnRelationships[5: com.dotcms.contenttype.test.ContentResourceTest$TestCase@19f506]" classname="com.dotcms.contenttype.test.ContentResourceTest" time="2.674"/>
  <testcase name="test_getContent_shouldReturnRelationships[6: com.dotcms.contenttype.test.ContentResourceTest$TestCase@7acb1dde]" classname="com.dotcms.contenttype.test.ContentResourceTest" time="2.635"/>
  <testcase name="test_getContent_shouldReturnRelationships[7: com.dotcms.contenttype.test.ContentResourceTest$TestCase@700b22ae]" classname="com.dotcms.contenttype.test.ContentResourceTest" time="2.619"/>
  <testcase name="test_getContent_shouldReturnRelationships[8: com.dotcms.contenttype.test.ContentResourceTest$TestCase@9318b9a]" classname="com.dotcms.contenttype.test.ContentResourceTest" time="1.844"/>
  <testcase name="test_getContent_shouldReturnRelationships[9: com.dotcms.contenttype.test.ContentResourceTest$TestCase@464ffe7f]" classname="com.dotcms.contenttype.test.ContentResourceTest" time="2.806"/>
  <testcase name="test_getContent_shouldReturnRelationships[10: com.dotcms.contenttype.test.ContentResourceTest$TestCase@64482e85]" classname="com.dotcms.contenttype.test.ContentResourceTest" time="2.539"/>
  <testcase name="test_getContent_shouldReturnRelationships[11: com.dotcms.contenttype.test.ContentResourceTest$TestCase@4d7f7ef0]" classname="com.dotcms.contenttype.test.ContentResourceTest" time="2.49"/>
  <testcase name="test_getContent_shouldReturnRelationships[12: com.dotcms.contenttype.test.ContentResourceTest$TestCase@4897519e]" classname="com.dotcms.contenttype.test.ContentResourceTest" time="2.533"/>
  <testcase name="test_getContent_shouldReturnRelationships[13: com.dotcms.contenttype.test.ContentResourceTest$TestCase@7192e2f5]" classname="com.dotcms.contenttype.test.ContentResourceTest" time="2.525"/>
  <testcase name="test_getContent_shouldReturnRelationships[14: com.dotcms.contenttype.test.ContentResourceTest$TestCase@540bc644]" classname="com.dotcms.contenttype.test.ContentResourceTest" time="2.599"/>
  <testcase name="test_getContent_shouldReturnRelationships[15: com.dotcms.contenttype.test.ContentResourceTest$TestCase@62b5bacb]" classname="com.dotcms.contenttype.test.ContentResourceTest" time="3.485"/>
  <testcase name="test_getContent_shouldReturnRelationships[16: com.dotcms.contenttype.test.ContentResourceTest$TestCase@105c0ca2]" classname="com.dotcms.contenttype.test.ContentResourceTest" time="3.581"/>
  <testcase name="test_getContent_shouldReturnRelationships[17: com.dotcms.contenttype.test.ContentResourceTest$TestCase@76bfd116]" classname="com.dotcms.contenttype.test.ContentResourceTest" time="2.654"/>
  <testcase name="test_getContent_shouldReturnRelationships[18: com.dotcms.contenttype.test.ContentResourceTest$TestCase@7c8c1063]" classname="com.dotcms.contenttype.test.ContentResourceTest" time="2.789"/>
  <testcase name="test_getContent_shouldReturnRelationships[19: com.dotcms.contenttype.test.ContentResourceTest$TestCase@33208edb]" classname="com.dotcms.contenttype.test.ContentResourceTest" time="2.876"/>
  <testcase name="test_getContent_shouldReturnRelationships[20: com.dotcms.contenttype.test.ContentResourceTest$TestCase@4369ad01]" classname="com.dotcms.contenttype.test.ContentResourceTest" time="3.039"/>
  <testcase name="test_getContent_shouldReturnRelationships[21: com.dotcms.contenttype.test.ContentResourceTest$TestCase@4b56f31b]" classname="com.dotcms.contenttype.test.ContentResourceTest" time="2.929"/>
  <testcase name="test_getContent_shouldReturnRelationships[22: com.dotcms.contenttype.test.ContentResourceTest$TestCase@57c5fd1a]" classname="com.dotcms.contenttype.test.ContentResourceTest" time="2.752"/>
  <testcase name="test_getContent_shouldReturnRelationships[23: com.dotcms.contenttype.test.ContentResourceTest$TestCase@60a4e76f]" classname="com.dotcms.contenttype.test.ContentResourceTest" time="2.904"/>
  <testcase name="test_getContent_shouldReturnRelationships[24: com.dotcms.contenttype.test.ContentResourceTest$TestCase@6eab5fdf]" classname="com.dotcms.contenttype.test.ContentResourceTest" time="2.993"/>
  <testcase name="test_getContent_shouldReturnRelationships[25: com.dotcms.contenttype.test.ContentResourceTest$TestCase@1299a73a]" classname="com.dotcms.contenttype.test.ContentResourceTest" time="3.157"/>
  <testcase name="test_getContent_shouldReturnRelationships[26: com.dotcms.contenttype.test.ContentResourceTest$TestCase@6a4ca55e]" classname="com.dotcms.contenttype.test.ContentResourceTest" time="3.055"/>
  <testcase name="test_getContent_shouldReturnRelationships[27: com.dotcms.contenttype.test.ContentResourceTest$TestCase@2d14b8e7]" classname="com.dotcms.contenttype.test.ContentResourceTest" time="2.751"/>
  <testcase name="test_getContent_shouldReturnRelationships[28: com.dotcms.contenttype.test.ContentResourceTest$TestCase@19f54f3d]" classname="com.dotcms.contenttype.test.ContentResourceTest" time="2.791"/>
  <testcase name="test_getContent_shouldReturnRelationships[29: com.dotcms.contenttype.test.ContentResourceTest$TestCase@468a8b4e]" classname="com.dotcms.contenttype.test.ContentResourceTest" time="2.696"/>
  <testcase name="test_getContent_shouldReturnRelationships[30: com.dotcms.contenttype.test.ContentResourceTest$TestCase@4963b094]" classname="com.dotcms.contenttype.test.ContentResourceTest" time="2.7"/>
  <testcase name="test_getContent_shouldReturnRelationships[31: com.dotcms.contenttype.test.ContentResourceTest$TestCase@4138fadf]" classname="com.dotcms.contenttype.test.ContentResourceTest" time="2.694"/>
  <testcase name="test_getContent_shouldReturnRelationships[32: com.dotcms.contenttype.test.ContentResourceTest$TestCase@7287d962]" classname="com.dotcms.contenttype.test.ContentResourceTest" time="3.604"/>
  <testcase name="test_getContent_shouldReturnRelationships[33: com.dotcms.contenttype.test.ContentResourceTest$TestCase@6045fc87]" classname="com.dotcms.contenttype.test.ContentResourceTest" time="3.705"/>
  <testcase name="testSinglePOST_InvalidParamsShouldReturn400[0: ({\n    &quot;stInode&quot; : &quot;InvalidValue&quot;,\n    &quot;numeric&quot; : &quot;0&quot;,\n    &quot;image&quot; : &quot;whatever&quot;\n}, Bad Request)]" classname="com.dotcms.contenttype.test.ContentResourceTest" time="0.877"/>
  <testcase name="testSinglePOST_InvalidParamsShouldReturn400[1: ({\n    &quot;numeric&quot; : &quot;0&quot;,\n    &quot;image&quot; : &quot;whatever&quot;\n}, Bad Request)]" classname="com.dotcms.contenttype.test.ContentResourceTest" time="0.862"/>
  <testcase name="Test_Save_Action_Set_Null_To_Required_NumericField_Issue_15340" classname="com.dotcms.contenttype.test.ContentResourceTest" time="0.901"/>
  <testcase name="Test_Save_Action_Remove_Image_Then_Verify_Fields_Were_Cleared_Issue_15340" classname="com.dotcms.contenttype.test.ContentResourceTest" time="3.798"/>
  <testcase name="test_getContentWithMultipleSelfRelated_shouldReturnRelationships[0: com.dotcms.contenttype.test.ContentResourceTest$PullSelfRelatedTestCase@321efd58]" classname="com.dotcms.contenttype.test.ContentResourceTest" time="1.531"/>
  <testcase name="test_getContentWithMultipleSelfRelated_shouldReturnRelationships[1: com.dotcms.contenttype.test.ContentResourceTest$PullSelfRelatedTestCase@7e1e7eb0]" classname="com.dotcms.contenttype.test.ContentResourceTest" time="1.584"/>
  <testcase name="testGetContentWithAllCategoriesInfo[0: json]" classname="com.dotcms.contenttype.test.ContentResourceTest" time="2.437"/>
  <testcase name="testGetContentWithAllCategoriesInfo[1: xml]" classname="com.dotcms.contenttype.test.ContentResourceTest" time="2.41"/>
  <system-out><![CDATA[











]]></system-out>
  <system-err><![CDATA[]]></system-err>
</testsuite>
