<?xml version="1.0" encoding="UTF-8"?>
<testsuite name="com.dotmarketing.servlets.ajax.AjaxDirectorServletIntegrationTest" tests="2" skipped="0" failures="0" errors="0" timestamp="2023-07-10T23:30:46" hostname="fv-az620-40" time="4.169">
  <properties/>
  <testcase name="testService[0: com.dotmarketing.servlets.ajax.AjaxDirectorServletTestCase@343fc8d5]" classname="com.dotmarketing.servlets.ajax.AjaxDirectorServletIntegrationTest" time="1.44"/>
  <testcase name="testService[1: com.dotmarketing.servlets.ajax.AjaxDirectorServletTestCase@62b7f6be]" classname="com.dotmarketing.servlets.ajax.AjaxDirectorServletIntegrationTest" time="2.728"/>
  <system-out><![CDATA[]]></system-out>
  <system-err><![CDATA[]]></system-err>
</testsuite>
