<?xml version="1.0" encoding="UTF-8"?>
<testsuite name="com.dotcms.keyvalue.business.KeyValueAPITest" tests="9" skipped="0" failures="0" errors="0" timestamp="2023-06-28T14:10:57" hostname="fv-az189-858" time="10.598">
  <properties/>
  <testcase name="keyValueLanguageContentTypeCache" classname="com.dotcms.keyvalue.business.KeyValueAPITest" time="1.916"/>
  <testcase name="keyValueLanguageCache" classname="com.dotcms.keyvalue.business.KeyValueAPITest" time="1.329"/>
  <testcase name="keyValueContentTypeCache" classname="com.dotcms.keyvalue.business.KeyValueAPITest" time="1.232"/>
  <testcase name="keyValueCache" classname="com.dotcms.keyvalue.business.KeyValueAPITest" time="1.251"/>
  <testcase name="updateKeyValueContent" classname="com.dotcms.keyvalue.business.KeyValueAPITest" time="0.425"/>
  <testcase name="getKeyValueList" classname="com.dotcms.keyvalue.business.KeyValueAPITest" time="0.501"/>
  <testcase name="saveKeyValueContentWithUnique" classname="com.dotcms.keyvalue.business.KeyValueAPITest" time="1.242"/>
  <testcase name="test_get_savesKeyWithWhitespaceInEnglishAndSpanish_success" classname="com.dotcms.keyvalue.business.KeyValueAPITest" time="1.393"/>
  <testcase name="savesKeyValueContentWithVersionInEnglishAndSpanish" classname="com.dotcms.keyvalue.business.KeyValueAPITest" time="1.309"/>
  <system-out><![CDATA[
]]></system-out>
  <system-err><![CDATA[]]></system-err>
</testsuite>
