<?xml version="1.0" encoding="UTF-8"?>
<testsuite name="com.dotcms.contenttype.test.JsonContentTypeTransformerTest" tests="4" skipped="0" failures="0" errors="0" timestamp="2023-06-30T20:48:20" hostname="fv-az247-376" time="8.363">
  <properties/>
  <testcase name="testFieldSerialization" classname="com.dotcms.contenttype.test.JsonContentTypeTransformerTest" time="1.863"/>
  <testcase name="testContentTypeSerialization" classname="com.dotcms.contenttype.test.JsonContentTypeTransformerTest" time="2.88"/>
  <testcase name="testFieldArraySerialization" classname="com.dotcms.contenttype.test.JsonContentTypeTransformerTest" time="1.251"/>
  <testcase name="testContentTypeArraySerialization" classname="com.dotcms.contenttype.test.JsonContentTypeTransformerTest" time="2.367"/>
  <system-out><![CDATA[]]></system-out>
  <system-err><![CDATA[]]></system-err>
</testsuite>
