<?xml version="1.0" encoding="UTF-8"?>
<testsuite name="com.dotmarketing.portlets.structure.model.ContentletRelationshipsTest" tests="7" skipped="0" failures="0" errors="0" timestamp="2023-07-13T21:03:17" hostname="fv-az673-76" time="7.916">
  <properties/>
  <testcase name="testDoesAllowOnlyOne[0: com.dotmarketing.portlets.structure.model.ContentletRelationshipsTest$CardinalityTestCase@76901eb7]" classname="com.dotmarketing.portlets.structure.model.ContentletRelationshipsTest" time="0.463"/>
  <testcase name="testDoesAllowOnlyOne[1: com.dotmarketing.portlets.structure.model.ContentletRelationshipsTest$CardinalityTestCase@73a7b531]" classname="com.dotmarketing.portlets.structure.model.ContentletRelationshipsTest" time="0.464"/>
  <testcase name="testDoesAllowOnlyOne[2: com.dotmarketing.portlets.structure.model.ContentletRelationshipsTest$CardinalityTestCase@7c5eed4b]" classname="com.dotmarketing.portlets.structure.model.ContentletRelationshipsTest" time="0.444"/>
  <testcase name="testGetRelationshipRecords[0: com.dotmarketing.portlets.structure.model.ContentletRelationshipsTest$TestCase@78e7b26e]" classname="com.dotmarketing.portlets.structure.model.ContentletRelationshipsTest" time="1.97"/>
  <testcase name="testGetRelationshipRecords[1: com.dotmarketing.portlets.structure.model.ContentletRelationshipsTest$TestCase@e746e63]" classname="com.dotmarketing.portlets.structure.model.ContentletRelationshipsTest" time="0.957"/>
  <testcase name="testGetRelationshipRecords[2: com.dotmarketing.portlets.structure.model.ContentletRelationshipsTest$TestCase@40b45ca1]" classname="com.dotmarketing.portlets.structure.model.ContentletRelationshipsTest" time="1.819"/>
  <testcase name="testGetRelationshipRecords[3: com.dotmarketing.portlets.structure.model.ContentletRelationshipsTest$TestCase@4b0bc549]" classname="com.dotmarketing.portlets.structure.model.ContentletRelationshipsTest" time="1.798"/>
  <system-out><![CDATA[]]></system-out>
  <system-err><![CDATA[]]></system-err>
</testsuite>
