<?xml version="1.0" encoding="UTF-8"?>
<testsuite name="com.dotcms.rest.elasticsearch.ESContentResourcePortletTest" tests="8" skipped="0" failures="0" errors="0" timestamp="2023-06-27T21:01:25" hostname="fv-az936-789" time="9.019">
  <properties/>
  <testcase name="test_search_includeGrandChildCategory_success" classname="com.dotcms.rest.elasticsearch.ESContentResourcePortletTest" time="1.679"/>
  <testcase name="testSearch[0: com.dotcms.rest.elasticsearch.ESContentResourcePortletTest$TestCase@5dafaf3b]" classname="com.dotcms.rest.elasticsearch.ESContentResourcePortletTest" time="1.107"/>
  <testcase name="testSearch[1: com.dotcms.rest.elasticsearch.ESContentResourcePortletTest$TestCase@7e90719b]" classname="com.dotcms.rest.elasticsearch.ESContentResourcePortletTest" time="1.352"/>
  <testcase name="testSearch[2: com.dotcms.rest.elasticsearch.ESContentResourcePortletTest$TestCase@34d53c18]" classname="com.dotcms.rest.elasticsearch.ESContentResourcePortletTest" time="1.06"/>
  <testcase name="testSearch[3: com.dotcms.rest.elasticsearch.ESContentResourcePortletTest$TestCase@6f302fb6]" classname="com.dotcms.rest.elasticsearch.ESContentResourcePortletTest" time="1.312"/>
  <testcase name="testSearch[4: com.dotcms.rest.elasticsearch.ESContentResourcePortletTest$TestCase@4fc6931c]" classname="com.dotcms.rest.elasticsearch.ESContentResourcePortletTest" time="0.382"/>
  <testcase name="testSearch[5: com.dotcms.rest.elasticsearch.ESContentResourcePortletTest$TestCase@32273fd6]" classname="com.dotcms.rest.elasticsearch.ESContentResourcePortletTest" time="1.084"/>
  <testcase name="testSearch[6: com.dotcms.rest.elasticsearch.ESContentResourcePortletTest$TestCase@2f0ff076]" classname="com.dotcms.rest.elasticsearch.ESContentResourcePortletTest" time="1.041"/>
  <system-out><![CDATA[]]></system-out>
  <system-err><![CDATA[]]></system-err>
</testsuite>
