<?xml version="1.0" encoding="UTF-8"?>
<testsuite name="com.dotcms.rest.api.v1.menu.MenuResourceTest" tests="1" skipped="0" failures="0" errors="0" timestamp="2023-06-28T17:58:39" hostname="fv-az842-670" time="1.434">
  <properties/>
  <testcase name="test_get_translation" classname="com.dotcms.rest.api.v1.menu.MenuResourceTest" time="1.434"/>
  <system-out><![CDATA[]]></system-out>
  <system-err><![CDATA[]]></system-err>
</testsuite>
