<?xml version="1.0" encoding="UTF-8"?>
<testsuite name="com.dotcms.rest.elasticsearch.ESContentResourcePortletTest" tests="8" skipped="0" failures="0" errors="0" timestamp="2023-07-20T00:06:26" hostname="fv-az341-447" time="10.448">
  <properties/>
  <testcase name="test_search_includeGrandChildCategory_success" classname="com.dotcms.rest.elasticsearch.ESContentResourcePortletTest" time="1.78"/>
  <testcase name="testSearch[0: com.dotcms.rest.elasticsearch.ESContentResourcePortletTest$TestCase@5051a386]" classname="com.dotcms.rest.elasticsearch.ESContentResourcePortletTest" time="1.125"/>
  <testcase name="testSearch[1: com.dotcms.rest.elasticsearch.ESContentResourcePortletTest$TestCase@588f54a5]" classname="com.dotcms.rest.elasticsearch.ESContentResourcePortletTest" time="1.453"/>
  <testcase name="testSearch[2: com.dotcms.rest.elasticsearch.ESContentResourcePortletTest$TestCase@45b41231]" classname="com.dotcms.rest.elasticsearch.ESContentResourcePortletTest" time="1.11"/>
  <testcase name="testSearch[3: com.dotcms.rest.elasticsearch.ESContentResourcePortletTest$TestCase@58fc284d]" classname="com.dotcms.rest.elasticsearch.ESContentResourcePortletTest" time="1.431"/>
  <testcase name="testSearch[4: com.dotcms.rest.elasticsearch.ESContentResourcePortletTest$TestCase@5ecfd47]" classname="com.dotcms.rest.elasticsearch.ESContentResourcePortletTest" time="1.335"/>
  <testcase name="testSearch[5: com.dotcms.rest.elasticsearch.ESContentResourcePortletTest$TestCase@2764ab23]" classname="com.dotcms.rest.elasticsearch.ESContentResourcePortletTest" time="1.147"/>
  <testcase name="testSearch[6: com.dotcms.rest.elasticsearch.ESContentResourcePortletTest$TestCase@42240064]" classname="com.dotcms.rest.elasticsearch.ESContentResourcePortletTest" time="1.066"/>
  <system-out><![CDATA[]]></system-out>
  <system-err><![CDATA[]]></system-err>
</testsuite>
