<?xml version="1.0" encoding="UTF-8"?>
<testsuite name="com.dotmarketing.portlets.structure.model.ContentletRelationshipsTest" tests="7" skipped="0" failures="0" errors="0" timestamp="2023-06-27T19:06:00" hostname="fv-az359-674" time="8.131">
  <properties/>
  <testcase name="testDoesAllowOnlyOne[0: com.dotmarketing.portlets.structure.model.ContentletRelationshipsTest$CardinalityTestCase@4be43d39]" classname="com.dotmarketing.portlets.structure.model.ContentletRelationshipsTest" time="0.399"/>
  <testcase name="testDoesAllowOnlyOne[1: com.dotmarketing.portlets.structure.model.ContentletRelationshipsTest$CardinalityTestCase@8c8191c]" classname="com.dotmarketing.portlets.structure.model.ContentletRelationshipsTest" time="0.389"/>
  <testcase name="testDoesAllowOnlyOne[2: com.dotmarketing.portlets.structure.model.ContentletRelationshipsTest$CardinalityTestCase@1bedfedf]" classname="com.dotmarketing.portlets.structure.model.ContentletRelationshipsTest" time="0.382"/>
  <testcase name="testGetRelationshipRecords[0: com.dotmarketing.portlets.structure.model.ContentletRelationshipsTest$TestCase@207e9eb8]" classname="com.dotmarketing.portlets.structure.model.ContentletRelationshipsTest" time="1.821"/>
  <testcase name="testGetRelationshipRecords[1: com.dotmarketing.portlets.structure.model.ContentletRelationshipsTest$TestCase@4a19627b]" classname="com.dotmarketing.portlets.structure.model.ContentletRelationshipsTest" time="1.824"/>
  <testcase name="testGetRelationshipRecords[2: com.dotmarketing.portlets.structure.model.ContentletRelationshipsTest$TestCase@2d192dd]" classname="com.dotmarketing.portlets.structure.model.ContentletRelationshipsTest" time="1.647"/>
  <testcase name="testGetRelationshipRecords[3: com.dotmarketing.portlets.structure.model.ContentletRelationshipsTest$TestCase@763e9f5e]" classname="com.dotmarketing.portlets.structure.model.ContentletRelationshipsTest" time="1.667"/>
  <system-out><![CDATA[]]></system-out>
  <system-err><![CDATA[]]></system-err>
</testsuite>
