<?xml version="1.0" encoding="UTF-8"?>
<testsuite name="com.dotmarketing.startup.runonce.Task230522AddHashIndicesToWorkflowTablesTest" tests="1" skipped="0" failures="0" errors="0" timestamp="2023-07-11T16:02:58" hostname="fv-az399-769" time="0.029">
  <properties/>
  <testcase name="executeTaskUpgrade" classname="com.dotmarketing.startup.runonce.Task230522AddHashIndicesToWorkflowTablesTest" time="0.029"/>
  <system-out><![CDATA[]]></system-out>
  <system-err><![CDATA[]]></system-err>
</testsuite>
