<?xml version="1.0" encoding="UTF-8"?>
<testsuite name="com.dotcms.contenttype.test.ContentResourceTest" tests="52" skipped="0" failures="0" errors="0" timestamp="2023-06-30T18:54:52" hostname="fv-az360-832" time="172.451">
  <properties/>
  <testcase name="testGetContentShouldReturnIconDetails" classname="com.dotcms.contenttype.test.ContentResourceTest" time="1.96"/>
  <testcase name="Test_Save_Action_Set_Words_To_Required_NumericField_Issue_15340" classname="com.dotcms.contenttype.test.ContentResourceTest" time="1.101"/>
  <testcase name="test_getContent_includeGrandChildCategory_success" classname="com.dotcms.contenttype.test.ContentResourceTest" time="1.617"/>
  <testcase name="testGetContentWithRelatedParameter[0: com.dotcms.contenttype.test.ContentResourceTest$PullRelatedTestCase@6e20cfb2]" classname="com.dotcms.contenttype.test.ContentResourceTest" time="4.497"/>
  <testcase name="testGetContentWithRelatedParameter[1: com.dotcms.contenttype.test.ContentResourceTest$PullRelatedTestCase@4af3d38]" classname="com.dotcms.contenttype.test.ContentResourceTest" time="4.377"/>
  <testcase name="testGetContentWithRelatedParameter[2: com.dotcms.contenttype.test.ContentResourceTest$PullRelatedTestCase@1efc945c]" classname="com.dotcms.contenttype.test.ContentResourceTest" time="4.908"/>
  <testcase name="testGetContentWithRelatedParameter[3: com.dotcms.contenttype.test.ContentResourceTest$PullRelatedTestCase@667512cf]" classname="com.dotcms.contenttype.test.ContentResourceTest" time="4.674"/>
  <testcase name="testGetContentWithRelatedParameter[4: com.dotcms.contenttype.test.ContentResourceTest$PullRelatedTestCase@ec00cec]" classname="com.dotcms.contenttype.test.ContentResourceTest" time="4.421"/>
  <testcase name="test_getContent_SelfRelatedWith3LevelsOfDepth_shouldReturnRelationships" classname="com.dotcms.contenttype.test.ContentResourceTest" time="1.57"/>
  <testcase name="Test_Save_Action_Send_Fields_SubSet_Issue_15340" classname="com.dotcms.contenttype.test.ContentResourceTest" time="3.152"/>
  <testcase name="test_getContent_shouldReturnRelationships[0: com.dotcms.contenttype.test.ContentResourceTest$TestCase@73fbb6f1]" classname="com.dotcms.contenttype.test.ContentResourceTest" time="3.416"/>
  <testcase name="test_getContent_shouldReturnRelationships[1: com.dotcms.contenttype.test.ContentResourceTest$TestCase@9df92a6]" classname="com.dotcms.contenttype.test.ContentResourceTest" time="3.459"/>
  <testcase name="test_getContent_shouldReturnRelationships[2: com.dotcms.contenttype.test.ContentResourceTest$TestCase@47721a38]" classname="com.dotcms.contenttype.test.ContentResourceTest" time="3.261"/>
  <testcase name="test_getContent_shouldReturnRelationships[3: com.dotcms.contenttype.test.ContentResourceTest$TestCase@49dbd956]" classname="com.dotcms.contenttype.test.ContentResourceTest" time="3.63"/>
  <testcase name="test_getContent_shouldReturnRelationships[4: com.dotcms.contenttype.test.ContentResourceTest$TestCase@6739a2a2]" classname="com.dotcms.contenttype.test.ContentResourceTest" time="2.399"/>
  <testcase name="test_getContent_shouldReturnRelationships[5: com.dotcms.contenttype.test.ContentResourceTest$TestCase@12865641]" classname="com.dotcms.contenttype.test.ContentResourceTest" time="3.146"/>
  <testcase name="test_getContent_shouldReturnRelationships[6: com.dotcms.contenttype.test.ContentResourceTest$TestCase@45f22df3]" classname="com.dotcms.contenttype.test.ContentResourceTest" time="3.459"/>
  <testcase name="test_getContent_shouldReturnRelationships[7: com.dotcms.contenttype.test.ContentResourceTest$TestCase@52744d72]" classname="com.dotcms.contenttype.test.ContentResourceTest" time="3.404"/>
  <testcase name="test_getContent_shouldReturnRelationships[8: com.dotcms.contenttype.test.ContentResourceTest$TestCase@7872d92c]" classname="com.dotcms.contenttype.test.ContentResourceTest" time="3.698"/>
  <testcase name="test_getContent_shouldReturnRelationships[9: com.dotcms.contenttype.test.ContentResourceTest$TestCase@5866bc3d]" classname="com.dotcms.contenttype.test.ContentResourceTest" time="3.858"/>
  <testcase name="test_getContent_shouldReturnRelationships[10: com.dotcms.contenttype.test.ContentResourceTest$TestCase@caf9f77]" classname="com.dotcms.contenttype.test.ContentResourceTest" time="3.304"/>
  <testcase name="test_getContent_shouldReturnRelationships[11: com.dotcms.contenttype.test.ContentResourceTest$TestCase@7c405c4d]" classname="com.dotcms.contenttype.test.ContentResourceTest" time="3.4"/>
  <testcase name="test_getContent_shouldReturnRelationships[12: com.dotcms.contenttype.test.ContentResourceTest$TestCase@12154150]" classname="com.dotcms.contenttype.test.ContentResourceTest" time="3.482"/>
  <testcase name="test_getContent_shouldReturnRelationships[13: com.dotcms.contenttype.test.ContentResourceTest$TestCase@7fff907b]" classname="com.dotcms.contenttype.test.ContentResourceTest" time="3.396"/>
  <testcase name="test_getContent_shouldReturnRelationships[14: com.dotcms.contenttype.test.ContentResourceTest$TestCase@fdbecd4]" classname="com.dotcms.contenttype.test.ContentResourceTest" time="3.413"/>
  <testcase name="test_getContent_shouldReturnRelationships[15: com.dotcms.contenttype.test.ContentResourceTest$TestCase@71877b56]" classname="com.dotcms.contenttype.test.ContentResourceTest" time="4.624"/>
  <testcase name="test_getContent_shouldReturnRelationships[16: com.dotcms.contenttype.test.ContentResourceTest$TestCase@4920bbf7]" classname="com.dotcms.contenttype.test.ContentResourceTest" time="4.494"/>
  <testcase name="test_getContent_shouldReturnRelationships[17: com.dotcms.contenttype.test.ContentResourceTest$TestCase@4adf86e0]" classname="com.dotcms.contenttype.test.ContentResourceTest" time="3.709"/>
  <testcase name="test_getContent_shouldReturnRelationships[18: com.dotcms.contenttype.test.ContentResourceTest$TestCase@1ab26e23]" classname="com.dotcms.contenttype.test.ContentResourceTest" time="2.694"/>
  <testcase name="test_getContent_shouldReturnRelationships[19: com.dotcms.contenttype.test.ContentResourceTest$TestCase@5025fbe8]" classname="com.dotcms.contenttype.test.ContentResourceTest" time="4.024"/>
  <testcase name="test_getContent_shouldReturnRelationships[20: com.dotcms.contenttype.test.ContentResourceTest$TestCase@1c961d18]" classname="com.dotcms.contenttype.test.ContentResourceTest" time="3.648"/>
  <testcase name="test_getContent_shouldReturnRelationships[21: com.dotcms.contenttype.test.ContentResourceTest$TestCase@2a4860ec]" classname="com.dotcms.contenttype.test.ContentResourceTest" time="3.788"/>
  <testcase name="test_getContent_shouldReturnRelationships[22: com.dotcms.contenttype.test.ContentResourceTest$TestCase@2302c0f0]" classname="com.dotcms.contenttype.test.ContentResourceTest" time="3.838"/>
  <testcase name="test_getContent_shouldReturnRelationships[23: com.dotcms.contenttype.test.ContentResourceTest$TestCase@5c0785c3]" classname="com.dotcms.contenttype.test.ContentResourceTest" time="3.911"/>
  <testcase name="test_getContent_shouldReturnRelationships[24: com.dotcms.contenttype.test.ContentResourceTest$TestCase@70553d86]" classname="com.dotcms.contenttype.test.ContentResourceTest" time="3.653"/>
  <testcase name="test_getContent_shouldReturnRelationships[25: com.dotcms.contenttype.test.ContentResourceTest$TestCase@19f36c60]" classname="com.dotcms.contenttype.test.ContentResourceTest" time="2.797"/>
  <testcase name="test_getContent_shouldReturnRelationships[26: com.dotcms.contenttype.test.ContentResourceTest$TestCase@2cc32aee]" classname="com.dotcms.contenttype.test.ContentResourceTest" time="3.841"/>
  <testcase name="test_getContent_shouldReturnRelationships[27: com.dotcms.contenttype.test.ContentResourceTest$TestCase@4c0a9b28]" classname="com.dotcms.contenttype.test.ContentResourceTest" time="3.612"/>
  <testcase name="test_getContent_shouldReturnRelationships[28: com.dotcms.contenttype.test.ContentResourceTest$TestCase@15ea3622]" classname="com.dotcms.contenttype.test.ContentResourceTest" time="3.466"/>
  <testcase name="test_getContent_shouldReturnRelationships[29: com.dotcms.contenttype.test.ContentResourceTest$TestCase@17f8d893]" classname="com.dotcms.contenttype.test.ContentResourceTest" time="3.632"/>
  <testcase name="test_getContent_shouldReturnRelationships[30: com.dotcms.contenttype.test.ContentResourceTest$TestCase@225914d8]" classname="com.dotcms.contenttype.test.ContentResourceTest" time="3.493"/>
  <testcase name="test_getContent_shouldReturnRelationships[31: com.dotcms.contenttype.test.ContentResourceTest$TestCase@3a121860]" classname="com.dotcms.contenttype.test.ContentResourceTest" time="3.746"/>
  <testcase name="test_getContent_shouldReturnRelationships[32: com.dotcms.contenttype.test.ContentResourceTest$TestCase@7e8d7226]" classname="com.dotcms.contenttype.test.ContentResourceTest" time="4.68"/>
  <testcase name="test_getContent_shouldReturnRelationships[33: com.dotcms.contenttype.test.ContentResourceTest$TestCase@2f600124]" classname="com.dotcms.contenttype.test.ContentResourceTest" time="4.598"/>
  <testcase name="testSinglePOST_InvalidParamsShouldReturn400[0: ({\n    &quot;stInode&quot; : &quot;InvalidValue&quot;,\n    &quot;numeric&quot; : &quot;0&quot;,\n    &quot;image&quot; : &quot;whatever&quot;\n}, Bad Request)]" classname="com.dotcms.contenttype.test.ContentResourceTest" time="1.006"/>
  <testcase name="testSinglePOST_InvalidParamsShouldReturn400[1: ({\n    &quot;numeric&quot; : &quot;0&quot;,\n    &quot;image&quot; : &quot;whatever&quot;\n}, Bad Request)]" classname="com.dotcms.contenttype.test.ContentResourceTest" time="0.979"/>
  <testcase name="Test_Save_Action_Set_Null_To_Required_NumericField_Issue_15340" classname="com.dotcms.contenttype.test.ContentResourceTest" time="1.068"/>
  <testcase name="Test_Save_Action_Remove_Image_Then_Verify_Fields_Were_Cleared_Issue_15340" classname="com.dotcms.contenttype.test.ContentResourceTest" time="4.435"/>
  <testcase name="test_getContentWithMultipleSelfRelated_shouldReturnRelationships[0: com.dotcms.contenttype.test.ContentResourceTest$PullSelfRelatedTestCase@6f8efe12]" classname="com.dotcms.contenttype.test.ContentResourceTest" time="1.921"/>
  <testcase name="test_getContentWithMultipleSelfRelated_shouldReturnRelationships[1: com.dotcms.contenttype.test.ContentResourceTest$PullSelfRelatedTestCase@7a87ad87]" classname="com.dotcms.contenttype.test.ContentResourceTest" time="2.041"/>
  <testcase name="testGetContentWithAllCategoriesInfo[0: json]" classname="com.dotcms.contenttype.test.ContentResourceTest" time="2.909"/>
  <testcase name="testGetContentWithAllCategoriesInfo[1: xml]" classname="com.dotcms.contenttype.test.ContentResourceTest" time="2.838"/>
  <system-out><![CDATA[











]]></system-out>
  <system-err><![CDATA[]]></system-err>
</testsuite>
