<?xml version="1.0" encoding="UTF-8"?>
<testsuite name="com.dotcms.rest.elasticsearch.ESContentResourcePortletTest" tests="8" skipped="0" failures="0" errors="0" timestamp="2023-07-14T15:01:35" hostname="fv-az627-249" time="8.825">
  <properties/>
  <testcase name="test_search_includeGrandChildCategory_success" classname="com.dotcms.rest.elasticsearch.ESContentResourcePortletTest" time="1.433"/>
  <testcase name="testSearch[0: com.dotcms.rest.elasticsearch.ESContentResourcePortletTest$TestCase@2aaa4b2b]" classname="com.dotcms.rest.elasticsearch.ESContentResourcePortletTest" time="0.93"/>
  <testcase name="testSearch[1: com.dotcms.rest.elasticsearch.ESContentResourcePortletTest$TestCase@cce9b48]" classname="com.dotcms.rest.elasticsearch.ESContentResourcePortletTest" time="1.248"/>
  <testcase name="testSearch[2: com.dotcms.rest.elasticsearch.ESContentResourcePortletTest$TestCase@4c7d382f]" classname="com.dotcms.rest.elasticsearch.ESContentResourcePortletTest" time="0.929"/>
  <testcase name="testSearch[3: com.dotcms.rest.elasticsearch.ESContentResourcePortletTest$TestCase@4a11f784]" classname="com.dotcms.rest.elasticsearch.ESContentResourcePortletTest" time="1.217"/>
  <testcase name="testSearch[4: com.dotcms.rest.elasticsearch.ESContentResourcePortletTest$TestCase@321a0efe]" classname="com.dotcms.rest.elasticsearch.ESContentResourcePortletTest" time="1.215"/>
  <testcase name="testSearch[5: com.dotcms.rest.elasticsearch.ESContentResourcePortletTest$TestCase@4af6c72e]" classname="com.dotcms.rest.elasticsearch.ESContentResourcePortletTest" time="0.921"/>
  <testcase name="testSearch[6: com.dotcms.rest.elasticsearch.ESContentResourcePortletTest$TestCase@6fef221f]" classname="com.dotcms.rest.elasticsearch.ESContentResourcePortletTest" time="0.931"/>
  <system-out><![CDATA[]]></system-out>
  <system-err><![CDATA[]]></system-err>
</testsuite>
