<?xml version="1.0" encoding="UTF-8"?>
<testsuite name="com.dotcms.enterprise.publishing.remote.bundler.ContentTypeBundlerTest" tests="5" skipped="0" failures="0" errors="0" timestamp="2023-06-27T18:34:00" hostname="fv-az450-696" time="0.031">
  <properties/>
  <testcase name="addContentTypeInBundle[0: com.dotcms.enterprise.publishing.remote.bundler.ContentTypeBundlerTest$TestCase@359df1b4]" classname="com.dotcms.enterprise.publishing.remote.bundler.ContentTypeBundlerTest" time="0.007"/>
  <testcase name="addContentTypeInBundle[1: com.dotcms.enterprise.publishing.remote.bundler.ContentTypeBundlerTest$TestCase@605dcc97]" classname="com.dotcms.enterprise.publishing.remote.bundler.ContentTypeBundlerTest" time="0.005"/>
  <testcase name="addContentTypeInBundle[2: com.dotcms.enterprise.publishing.remote.bundler.ContentTypeBundlerTest$TestCase@6bc20f13]" classname="com.dotcms.enterprise.publishing.remote.bundler.ContentTypeBundlerTest" time="0.005"/>
  <testcase name="addContentTypeInBundle[3: com.dotcms.enterprise.publishing.remote.bundler.ContentTypeBundlerTest$TestCase@2b609ea8]" classname="com.dotcms.enterprise.publishing.remote.bundler.ContentTypeBundlerTest" time="0.007"/>
  <testcase name="addContentTypeInBundle[4: com.dotcms.enterprise.publishing.remote.bundler.ContentTypeBundlerTest$TestCase@712ada21]" classname="com.dotcms.enterprise.publishing.remote.bundler.ContentTypeBundlerTest" time="0.006"/>
  <system-out><![CDATA[]]></system-out>
  <system-err><![CDATA[]]></system-err>
</testsuite>
