<?xml version="1.0" encoding="UTF-8"?>
<testsuite name="com.dotcms.business.SystemAPITest" tests="5" skipped="0" failures="0" errors="0" timestamp="2023-07-12T00:41:46" hostname="fv-az646-156" time="0.11">
  <properties/>
  <testcase name="test_find_all" classname="com.dotcms.business.SystemAPITest" time="0.087"/>
  <testcase name="test_update_non_existing_key" classname="com.dotcms.business.SystemAPITest" time="0.006"/>
  <testcase name="test_double_insert" classname="com.dotcms.business.SystemAPITest" time="0.007"/>
  <testcase name="test_crud_success" classname="com.dotcms.business.SystemAPITest" time="0.008"/>
  <testcase name="test_delete_non_existing_key" classname="com.dotcms.business.SystemAPITest" time="0.002"/>
  <system-out><![CDATA[]]></system-out>
  <system-err><![CDATA[]]></system-err>
</testsuite>
