<?xml version="1.0" encoding="UTF-8"?>
<testsuite name="com.dotmarketing.startup.runonce.Task05160MultiTreeAddPersonalizationColumnAndChangingPKTest" tests="1" skipped="1" failures="0" errors="0" timestamp="2023-06-23T18:19:24" hostname="fv-az578-351" time="0.001">
  <properties/>
  <testcase name="testExecuteUpgrade" classname="com.dotmarketing.startup.runonce.Task05160MultiTreeAddPersonalizationColumnAndChangingPKTest" time="0.001">
    <skipped/>
  </testcase>
  <system-out><![CDATA[]]></system-out>
  <system-err><![CDATA[]]></system-err>
</testsuite>
