<?xml version="1.0" encoding="UTF-8"?>
<testsuite name="com.dotmarketing.portlets.structure.transform.ContentletRelationshipsTransformerTest" tests="2" skipped="0" failures="0" errors="0" timestamp="2023-06-29T16:36:18" hostname="fv-az397-405" time="3.715">
  <properties/>
  <testcase name="testHasParentFalse_BothSidesRelationship_selfRelatedContentType" classname="com.dotmarketing.portlets.structure.transform.ContentletRelationshipsTransformerTest" time="2.108"/>
  <testcase name="testHasParentTrue_OneSideRelationship_selfRelatedContentType" classname="com.dotmarketing.portlets.structure.transform.ContentletRelationshipsTransformerTest" time="1.607"/>
  <system-out><![CDATA[]]></system-out>
  <system-err><![CDATA[]]></system-err>
</testsuite>
