<?xml version="1.0" encoding="UTF-8"?>
<testsuite name="com.dotcms.rest.api.v1.vtl.VTLResourceIntegrationTest" tests="6" skipped="0" failures="0" errors="0" timestamp="2023-07-13T16:46:41" hostname="fv-az218-607" time="9.473">
  <properties/>
  <testcase name="testGet[0: com.dotcms.rest.api.v1.vtl.VTLResourceTestCase@1860eb89]" classname="com.dotcms.rest.api.v1.vtl.VTLResourceIntegrationTest" time="2.408"/>
  <testcase name="testGet[1: com.dotcms.rest.api.v1.vtl.VTLResourceTestCase@54fb1abb]" classname="com.dotcms.rest.api.v1.vtl.VTLResourceIntegrationTest" time="1.959"/>
  <testcase name="testGet[2: com.dotcms.rest.api.v1.vtl.VTLResourceTestCase@662329bc]" classname="com.dotcms.rest.api.v1.vtl.VTLResourceIntegrationTest" time="2.241"/>
  <testcase name="testGet[3: com.dotcms.rest.api.v1.vtl.VTLResourceTestCase@4006d5b6]" classname="com.dotcms.rest.api.v1.vtl.VTLResourceIntegrationTest" time="0.853"/>
  <testcase name="testGet[4: com.dotcms.rest.api.v1.vtl.VTLResourceTestCase@5f25429c]" classname="com.dotcms.rest.api.v1.vtl.VTLResourceIntegrationTest" time="0.972"/>
  <testcase name="testGet[5: com.dotcms.rest.api.v1.vtl.VTLResourceTestCase@5387a501]" classname="com.dotcms.rest.api.v1.vtl.VTLResourceIntegrationTest" time="1.039"/>
  <system-out><![CDATA[]]></system-out>
  <system-err><![CDATA[]]></system-err>
</testsuite>
