<?xml version="1.0" encoding="UTF-8"?>
<testsuite name="com.dotcms.contenttype.test.DeleteFieldJobTest" tests="1" skipped="0" failures="0" errors="0" timestamp="2023-07-19T23:07:33" hostname="fv-az713-951" time="5.803">
  <properties/>
  <testcase name="testFieldDelete" classname="com.dotcms.contenttype.test.DeleteFieldJobTest" time="5.803"/>
  <system-out><![CDATA[]]></system-out>
  <system-err><![CDATA[]]></system-err>
</testsuite>
