<?xml version="1.0" encoding="UTF-8"?>
<testsuite name="com.dotcms.rest.elasticsearch.ESContentResourcePortletTest" tests="8" skipped="0" failures="0" errors="0" timestamp="2023-07-14T01:06:27" hostname="fv-az812-504" time="8.958">
  <properties/>
  <testcase name="test_search_includeGrandChildCategory_success" classname="com.dotcms.rest.elasticsearch.ESContentResourcePortletTest" time="1.393"/>
  <testcase name="testSearch[0: com.dotcms.rest.elasticsearch.ESContentResourcePortletTest$TestCase@720b26aa]" classname="com.dotcms.rest.elasticsearch.ESContentResourcePortletTest" time="0.95"/>
  <testcase name="testSearch[1: com.dotcms.rest.elasticsearch.ESContentResourcePortletTest$TestCase@67635e77]" classname="com.dotcms.rest.elasticsearch.ESContentResourcePortletTest" time="1.258"/>
  <testcase name="testSearch[2: com.dotcms.rest.elasticsearch.ESContentResourcePortletTest$TestCase@642cb984]" classname="com.dotcms.rest.elasticsearch.ESContentResourcePortletTest" time="0.967"/>
  <testcase name="testSearch[3: com.dotcms.rest.elasticsearch.ESContentResourcePortletTest$TestCase@5927dfe6]" classname="com.dotcms.rest.elasticsearch.ESContentResourcePortletTest" time="1.246"/>
  <testcase name="testSearch[4: com.dotcms.rest.elasticsearch.ESContentResourcePortletTest$TestCase@72b28c1e]" classname="com.dotcms.rest.elasticsearch.ESContentResourcePortletTest" time="1.295"/>
  <testcase name="testSearch[5: com.dotcms.rest.elasticsearch.ESContentResourcePortletTest$TestCase@f5ff4d9]" classname="com.dotcms.rest.elasticsearch.ESContentResourcePortletTest" time="0.916"/>
  <testcase name="testSearch[6: com.dotcms.rest.elasticsearch.ESContentResourcePortletTest$TestCase@e3e8c2f]" classname="com.dotcms.rest.elasticsearch.ESContentResourcePortletTest" time="0.932"/>
  <system-out><![CDATA[]]></system-out>
  <system-err><![CDATA[]]></system-err>
</testsuite>
