<?xml version="1.0" encoding="UTF-8"?>
<testsuite name="com.dotcms.rest.api.v1.authentication.ResetPasswordResourceIntegrationTest" tests="4" skipped="0" failures="0" errors="0" timestamp="2023-06-29T17:45:17" hostname="fv-az571-416" time="8.821">
  <properties/>
  <testcase name="testEXPIREDTOKEN" classname="com.dotcms.rest.api.v1.authentication.ResetPasswordResourceIntegrationTest" time="2.736"/>
  <testcase name="test_resetPassword_tokenNotBelongAnyUser_badRequest" classname="com.dotcms.rest.api.v1.authentication.ResetPasswordResourceIntegrationTest" time="0.005"/>
  <testcase name="test_resetPassword_success" classname="com.dotcms.rest.api.v1.authentication.ResetPasswordResourceIntegrationTest" time="3.389"/>
  <testcase name="testINVALIDPASSWORD" classname="com.dotcms.rest.api.v1.authentication.ResetPasswordResourceIntegrationTest" time="2.691"/>
  <system-out><![CDATA[]]></system-out>
  <system-err><![CDATA[]]></system-err>
</testsuite>
