<?xml version="1.0" encoding="UTF-8"?>
<testsuite name="com.dotcms.publishing.PublisherAPIImplTest" tests="24" skipped="0" failures="0" errors="0" timestamp="2023-06-30T18:32:09" hostname="fv-az360-832" time="5.501">
  <properties/>
  <testcase name="AddAllCategoryIntoBundle" classname="com.dotcms.publishing.PublisherAPIImplTest" time="0.33"/>
  <testcase name="testFilterDescriptors" classname="com.dotcms.publishing.PublisherAPIImplTest" time="0.115"/>
  <testcase name="sendPushPublishBundle[0: com.dotcms.publishing.PublisherAPIImplTest$TestAsset@2445fc95]" classname="com.dotcms.publishing.PublisherAPIImplTest" time="1.566"/>
  <testcase name="sendPushPublishBundle[1: com.dotcms.publishing.PublisherAPIImplTest$TestAsset@42a2f713]" classname="com.dotcms.publishing.PublisherAPIImplTest" time="0.235"/>
  <testcase name="sendPushPublishBundle[2: com.dotcms.publishing.PublisherAPIImplTest$TestAsset@253c3d95]" classname="com.dotcms.publishing.PublisherAPIImplTest" time="0.292"/>
  <testcase name="sendPushPublishBundle[3: com.dotcms.publishing.PublisherAPIImplTest$TestAsset@69b4a661]" classname="com.dotcms.publishing.PublisherAPIImplTest" time="0.402"/>
  <testcase name="sendPushPublishBundle[4: com.dotcms.publishing.PublisherAPIImplTest$TestAsset@621e5e96]" classname="com.dotcms.publishing.PublisherAPIImplTest" time="0.297"/>
  <testcase name="sendPushPublishBundle[5: com.dotcms.publishing.PublisherAPIImplTest$TestAsset@37d127a9]" classname="com.dotcms.publishing.PublisherAPIImplTest" time="0.203"/>
  <testcase name="sendPushPublishBundle[6: com.dotcms.publishing.PublisherAPIImplTest$TestAsset@73c57453]" classname="com.dotcms.publishing.PublisherAPIImplTest" time="0.179"/>
  <testcase name="sendPushPublishBundle[7: com.dotcms.publishing.PublisherAPIImplTest$TestAsset@3f8e53e4]" classname="com.dotcms.publishing.PublisherAPIImplTest" time="0.126"/>
  <testcase name="sendPushPublishBundle[8: com.dotcms.publishing.PublisherAPIImplTest$TestAsset@2ff4406d]" classname="com.dotcms.publishing.PublisherAPIImplTest" time="0.099"/>
  <testcase name="sendPushPublishBundle[9: com.dotcms.publishing.PublisherAPIImplTest$TestAsset@1126c655]" classname="com.dotcms.publishing.PublisherAPIImplTest" time="0.176"/>
  <testcase name="sendPushPublishBundle[10: com.dotcms.publishing.PublisherAPIImplTest$TestAsset@49194fce]" classname="com.dotcms.publishing.PublisherAPIImplTest" time="0.085"/>
  <testcase name="generateBundle[0: com.dotcms.publishing.PublisherAPIImplTest$TestAsset@2445fc95]" classname="com.dotcms.publishing.PublisherAPIImplTest" time="0.108"/>
  <testcase name="generateBundle[1: com.dotcms.publishing.PublisherAPIImplTest$TestAsset@42a2f713]" classname="com.dotcms.publishing.PublisherAPIImplTest" time="0.111"/>
  <testcase name="generateBundle[2: com.dotcms.publishing.PublisherAPIImplTest$TestAsset@253c3d95]" classname="com.dotcms.publishing.PublisherAPIImplTest" time="0.093"/>
  <testcase name="generateBundle[3: com.dotcms.publishing.PublisherAPIImplTest$TestAsset@69b4a661]" classname="com.dotcms.publishing.PublisherAPIImplTest" time="0.196"/>
  <testcase name="generateBundle[4: com.dotcms.publishing.PublisherAPIImplTest$TestAsset@621e5e96]" classname="com.dotcms.publishing.PublisherAPIImplTest" time="0.225"/>
  <testcase name="generateBundle[5: com.dotcms.publishing.PublisherAPIImplTest$TestAsset@37d127a9]" classname="com.dotcms.publishing.PublisherAPIImplTest" time="0.116"/>
  <testcase name="generateBundle[6: com.dotcms.publishing.PublisherAPIImplTest$TestAsset@73c57453]" classname="com.dotcms.publishing.PublisherAPIImplTest" time="0.122"/>
  <testcase name="generateBundle[7: com.dotcms.publishing.PublisherAPIImplTest$TestAsset@3f8e53e4]" classname="com.dotcms.publishing.PublisherAPIImplTest" time="0.098"/>
  <testcase name="generateBundle[8: com.dotcms.publishing.PublisherAPIImplTest$TestAsset@2ff4406d]" classname="com.dotcms.publishing.PublisherAPIImplTest" time="0.089"/>
  <testcase name="generateBundle[9: com.dotcms.publishing.PublisherAPIImplTest$TestAsset@1126c655]" classname="com.dotcms.publishing.PublisherAPIImplTest" time="0.199"/>
  <testcase name="generateBundle[10: com.dotcms.publishing.PublisherAPIImplTest$TestAsset@49194fce]" classname="com.dotcms.publishing.PublisherAPIImplTest" time="0.027"/>
  <system-out><![CDATA[









































































































































































]]></system-out>
  <system-err><![CDATA[]]></system-err>
</testsuite>
