<?xml version="1.0" encoding="UTF-8"?>
<testsuite name="com.dotcms.publisher.endpoint.business.PublishingEndPointFactoryImplTest" tests="6" skipped="0" failures="0" errors="0" timestamp="2023-07-22T00:12:15" hostname="fv-az735-229" time="0.02">
  <properties/>
  <testcase name="shouldReturnTrueWhenMachineNamesAreTheSame" classname="com.dotcms.publisher.endpoint.business.PublishingEndPointFactoryImplTest" time="0.001"/>
  <testcase name="shouldReturnFalseWhenMachineNamesAreDifferent" classname="com.dotcms.publisher.endpoint.business.PublishingEndPointFactoryImplTest" time="0.012"/>
  <testcase name="shouldReturnTrueWhenIPAddressAndHostnameReferToSameMachine" classname="com.dotcms.publisher.endpoint.business.PublishingEndPointFactoryImplTest" time="0.003"/>
  <testcase name="shouldReturnTrueWhenIPAddressesAreTheSame" classname="com.dotcms.publisher.endpoint.business.PublishingEndPointFactoryImplTest" time="0.0"/>
  <testcase name="shouldReturnFalseWhenIPAddressesAreDifferent" classname="com.dotcms.publisher.endpoint.business.PublishingEndPointFactoryImplTest" time="0.003"/>
  <testcase name="shouldReturnFalseWhenIPAddressAndHostnameReferToDifferentMachines" classname="com.dotcms.publisher.endpoint.business.PublishingEndPointFactoryImplTest" time="0.001"/>
  <system-out><![CDATA[]]></system-out>
  <system-err><![CDATA[]]></system-err>
</testsuite>
