<?xml version="1.0" encoding="UTF-8"?>
<testsuite name="com.dotmarketing.servlets.ajax.AjaxDirectorServletIntegrationTest" tests="2" skipped="0" failures="0" errors="0" timestamp="2023-07-01T02:18:15" hostname="fv-az616-461" time="2.529">
  <properties/>
  <testcase name="testService[0: com.dotmarketing.servlets.ajax.AjaxDirectorServletTestCase@119241d6]" classname="com.dotmarketing.servlets.ajax.AjaxDirectorServletIntegrationTest" time="1.491"/>
  <testcase name="testService[1: com.dotmarketing.servlets.ajax.AjaxDirectorServletTestCase@2a971845]" classname="com.dotmarketing.servlets.ajax.AjaxDirectorServletIntegrationTest" time="1.038"/>
  <system-out><![CDATA[]]></system-out>
  <system-err><![CDATA[]]></system-err>
</testsuite>
