<?xml version="1.0" encoding="UTF-8"?>
<testsuite name="com.dotcms.rest.api.v1.vtl.VTLResourceIntegrationTest" tests="6" skipped="0" failures="0" errors="0" timestamp="2023-07-13T22:13:05" hostname="fv-az267-171" time="11.003">
  <properties/>
  <testcase name="testGet[0: com.dotcms.rest.api.v1.vtl.VTLResourceTestCase@7582b862]" classname="com.dotcms.rest.api.v1.vtl.VTLResourceIntegrationTest" time="2.177"/>
  <testcase name="testGet[1: com.dotcms.rest.api.v1.vtl.VTLResourceTestCase@6e4cf3e4]" classname="com.dotcms.rest.api.v1.vtl.VTLResourceIntegrationTest" time="0.891"/>
  <testcase name="testGet[2: com.dotcms.rest.api.v1.vtl.VTLResourceTestCase@4bacd4bc]" classname="com.dotcms.rest.api.v1.vtl.VTLResourceIntegrationTest" time="1.941"/>
  <testcase name="testGet[3: com.dotcms.rest.api.v1.vtl.VTLResourceTestCase@69b9c847]" classname="com.dotcms.rest.api.v1.vtl.VTLResourceIntegrationTest" time="2.19"/>
  <testcase name="testGet[4: com.dotcms.rest.api.v1.vtl.VTLResourceTestCase@9182cba]" classname="com.dotcms.rest.api.v1.vtl.VTLResourceIntegrationTest" time="1.877"/>
  <testcase name="testGet[5: com.dotcms.rest.api.v1.vtl.VTLResourceTestCase@423dae]" classname="com.dotcms.rest.api.v1.vtl.VTLResourceIntegrationTest" time="1.926"/>
  <system-out><![CDATA[]]></system-out>
  <system-err><![CDATA[]]></system-err>
</testsuite>
