<?xml version="1.0" encoding="UTF-8"?>
<testsuite name="com.dotmarketing.startup.runonce.Task210510UpdateStorageTableDropMetadataColumnTest" tests="1" skipped="0" failures="0" errors="0" timestamp="2023-07-21T16:41:26" hostname="fv-az453-320" time="0.013">
  <properties/>
  <testcase name="testExecuteUpgrade" classname="com.dotmarketing.startup.runonce.Task210510UpdateStorageTableDropMetadataColumnTest" time="0.013"/>
  <system-out><![CDATA[]]></system-out>
  <system-err><![CDATA[]]></system-err>
</testsuite>
