<?xml version="1.0" encoding="UTF-8"?>
<testsuite name="com.dotcms.rest.TagResourceIntegrationTest" tests="4" skipped="0" failures="0" errors="0" timestamp="2023-06-29T17:36:20" hostname="fv-az166-287" time="0.371">
  <properties/>
  <testcase name="testList[0: com.dotcms.rest.TagResourceTestCase@628ddb8b]" classname="com.dotcms.rest.TagResourceIntegrationTest" time="0.279"/>
  <testcase name="testList[1: com.dotcms.rest.TagResourceTestCase@43ba8bb3]" classname="com.dotcms.rest.TagResourceIntegrationTest" time="0.029"/>
  <testcase name="testList[2: com.dotcms.rest.TagResourceTestCase@7733aac4]" classname="com.dotcms.rest.TagResourceIntegrationTest" time="0.025"/>
  <testcase name="testList[3: com.dotcms.rest.TagResourceTestCase@758de891]" classname="com.dotcms.rest.TagResourceIntegrationTest" time="0.038"/>
  <system-out><![CDATA[]]></system-out>
  <system-err><![CDATA[Jun 29, 2023 5:36:20 PM com.dotcms.repackage.org.hibernate.validator.internal.util.Version <clinit>
INFO: HV000001: Hibernate Validator 4.3.2.Final
]]></system-err>
</testsuite>
