<?xml version="1.0" encoding="UTF-8"?>
<testsuite name="com.dotcms.rest.api.v1.apps.AppsResourceTest" tests="18" skipped="0" failures="0" errors="0" timestamp="2023-06-24T00:59:12" hostname="fv-az309-60" time="60.032">
  <properties/>
  <testcase name="Test_Create_App_Descriptor_Then_Create_App_Integration_Then_Delete_App_Descriptor" classname="com.dotcms.rest.api.v1.apps.AppsResourceTest" time="10.45"/>
  <testcase name="Test_Pagination_And_Sort_Then_Request_Filter_Expect_Empty_Results" classname="com.dotcms.rest.api.v1.apps.AppsResourceTest" time="27.589"/>
  <testcase name="Test_List_Available_Apps_Invalid_License" classname="com.dotcms.rest.api.v1.apps.AppsResourceTest" time="0.002"/>
  <testcase name="Test_Create_App_descriptor_Then_Create_App_Integration_Then_Delete_One_Single_Secret" classname="com.dotcms.rest.api.v1.apps.AppsResourceTest" time="0.983"/>
  <testcase name="Test_Required_Params_Sent_Empty_Value_Expect_Bad_Request" classname="com.dotcms.rest.api.v1.apps.AppsResourceTest" time="0.656"/>
  <testcase name="Test_Create_App_descriptor_Then_Create_App_Integration_Then_Update_Secrets" classname="com.dotcms.rest.api.v1.apps.AppsResourceTest" time="1.123"/>
  <testcase name="Test_Select_List_Param" classname="com.dotcms.rest.api.v1.apps.AppsResourceTest" time="0.998"/>
  <testcase name="Test_Create_App_descriptor_Then_Create_App_Integration_Then_Archive_Site_Expect_Secrets_No_Longer_Available" classname="com.dotcms.rest.api.v1.apps.AppsResourceTest" time="1.768"/>
  <testcase name="Test_Secret_Form_Keys_And_Values_Are_Trimmed" classname="com.dotcms.rest.api.v1.apps.AppsResourceTest" time="1.221"/>
  <testcase name="Test_Get_App_Detail_Invalid_License" classname="com.dotcms.rest.api.v1.apps.AppsResourceTest" time="0.01"/>
  <testcase name="Test_Export_Import" classname="com.dotcms.rest.api.v1.apps.AppsResourceTest" time="1.143"/>
  <testcase name="Test_Create_Descriptor_Then_Add_Dynamic_Prop" classname="com.dotcms.rest.api.v1.apps.AppsResourceTest" time="0.964"/>
  <testcase name="Test_Create_app_descriptor_Then_Create_App_Integration_Then_Delete_The_Whole_App" classname="com.dotcms.rest.api.v1.apps.AppsResourceTest" time="1.966"/>
  <testcase name="Test_App_Key_Casing" classname="com.dotcms.rest.api.v1.apps.AppsResourceTest" time="5.138"/>
  <testcase name="Test_Secret_Serializer_Returned_Values_Match_Descriptor_Verify_Hidden_Secrets_Are_Protected_Verify_Params_Are_Ordered" classname="com.dotcms.rest.api.v1.apps.AppsResourceTest" time="5.214"/>
  <testcase name="Test_Required_Params_Send_Missing_Required_Param_Expect_Bad_Request" classname="com.dotcms.rest.api.v1.apps.AppsResourceTest" time="0.793"/>
  <testcase name="Test_Get_App_By_Key_Invalid_License" classname="com.dotcms.rest.api.v1.apps.AppsResourceTest" time="0.002"/>
  <testcase name="Test_Already_Exists_Exception_Expect_Bad_Request" classname="com.dotcms.rest.api.v1.apps.AppsResourceTest" time="0.012"/>
  <system-out><![CDATA[]]></system-out>
  <system-err><![CDATA[]]></system-err>
</testsuite>
