<?xml version="1.0" encoding="UTF-8"?>
<testsuite name="com.dotcms.ema.EMAWebInterceptorTest" tests="4" skipped="0" failures="0" errors="0" timestamp="2023-06-28T19:33:57" hostname="fv-az440-364" time="4.265">
  <properties/>
  <testcase name="test_EMAInterceptor_intercept_SecretExistsAtHost_ReturnResult_Query_String" classname="com.dotcms.ema.EMAWebInterceptorTest" time="1.198"/>
  <testcase name="test_EMAInterceptor_intercept_SecretDoesNotExist_ReturnNext" classname="com.dotcms.ema.EMAWebInterceptorTest" time="1.007"/>
  <testcase name="test_EMAInterceptor_intercept_SecretExistsAtSystemHost_ReturnResult" classname="com.dotcms.ema.EMAWebInterceptorTest" time="1.048"/>
  <testcase name="test_EMAInterceptor_intercept_SecretExistAtHost_ReturnResult" classname="com.dotcms.ema.EMAWebInterceptorTest" time="1.012"/>
  <system-out><![CDATA[]]></system-out>
  <system-err><![CDATA[]]></system-err>
</testsuite>
