<?xml version="1.0" encoding="UTF-8"?>
<testsuite name="com.dotmarketing.portlets.structure.model.ContentletRelationshipsTest" tests="7" skipped="0" failures="0" errors="0" timestamp="2023-06-26T20:10:35" hostname="fv-az1128-296" time="8.258">
  <properties/>
  <testcase name="testDoesAllowOnlyOne[0: com.dotmarketing.portlets.structure.model.ContentletRelationshipsTest$CardinalityTestCase@2ef1e74c]" classname="com.dotmarketing.portlets.structure.model.ContentletRelationshipsTest" time="0.5"/>
  <testcase name="testDoesAllowOnlyOne[1: com.dotmarketing.portlets.structure.model.ContentletRelationshipsTest$CardinalityTestCase@15c00715]" classname="com.dotmarketing.portlets.structure.model.ContentletRelationshipsTest" time="0.372"/>
  <testcase name="testDoesAllowOnlyOne[2: com.dotmarketing.portlets.structure.model.ContentletRelationshipsTest$CardinalityTestCase@25378868]" classname="com.dotmarketing.portlets.structure.model.ContentletRelationshipsTest" time="0.396"/>
  <testcase name="testGetRelationshipRecords[0: com.dotmarketing.portlets.structure.model.ContentletRelationshipsTest$TestCase@1aa75d3f]" classname="com.dotmarketing.portlets.structure.model.ContentletRelationshipsTest" time="1.834"/>
  <testcase name="testGetRelationshipRecords[1: com.dotmarketing.portlets.structure.model.ContentletRelationshipsTest$TestCase@3b4d02a0]" classname="com.dotmarketing.portlets.structure.model.ContentletRelationshipsTest" time="1.779"/>
  <testcase name="testGetRelationshipRecords[2: com.dotmarketing.portlets.structure.model.ContentletRelationshipsTest$TestCase@2ea04273]" classname="com.dotmarketing.portlets.structure.model.ContentletRelationshipsTest" time="1.682"/>
  <testcase name="testGetRelationshipRecords[3: com.dotmarketing.portlets.structure.model.ContentletRelationshipsTest$TestCase@37cdeb07]" classname="com.dotmarketing.portlets.structure.model.ContentletRelationshipsTest" time="1.695"/>
  <system-out><![CDATA[]]></system-out>
  <system-err><![CDATA[]]></system-err>
</testsuite>
