<?xml version="1.0" encoding="UTF-8"?>
<testsuite name="com.dotmarketing.portlets.structure.transform.ContentletRelationshipsTransformerTest" tests="2" skipped="0" failures="0" errors="0" timestamp="2023-06-26T17:57:39" hostname="fv-az455-779" time="3.857">
  <properties/>
  <testcase name="testHasParentFalse_BothSidesRelationship_selfRelatedContentType" classname="com.dotmarketing.portlets.structure.transform.ContentletRelationshipsTransformerTest" time="2.168"/>
  <testcase name="testHasParentTrue_OneSideRelationship_selfRelatedContentType" classname="com.dotmarketing.portlets.structure.transform.ContentletRelationshipsTransformerTest" time="1.689"/>
  <system-out><![CDATA[]]></system-out>
  <system-err><![CDATA[]]></system-err>
</testsuite>
