<?xml version="1.0" encoding="UTF-8"?>
<testsuite name="com.dotcms.rendering.velocity.viewtools.content.util.ContentUtilsTest" tests="89" skipped="0" failures="0" errors="0" timestamp="2023-07-10T22:44:17" hostname="fv-az620-40" time="409.381">
  <properties/>
  <testcase name="whenTheTimeMachineDateIsNullAndPublishDateInFutureShouldNotReturnAnything" classname="com.dotcms.rendering.velocity.viewtools.content.util.ContentUtilsTest" time="3.731"/>
  <testcase name="test_find_multilingual_contentlet_getContentletSuccessfully" classname="com.dotcms.rendering.velocity.viewtools.content.util.ContentUtilsTest" time="2.366"/>
  <testcase name="whenTheTimeMachineDateAndPublishDateAreTomorrowShouldReturnOneContent" classname="com.dotcms.rendering.velocity.viewtools.content.util.ContentUtilsTest" time="3.847"/>
  <testcase name="testPullRelated[0: com.dotcms.rendering.velocity.viewtools.content.util.ContentUtilsTest$TestCase@63780fb0]" classname="com.dotcms.rendering.velocity.viewtools.content.util.ContentUtilsTest" time="3.182"/>
  <testcase name="testPullRelated[1: com.dotcms.rendering.velocity.viewtools.content.util.ContentUtilsTest$TestCase@7fcca9ea]" classname="com.dotcms.rendering.velocity.viewtools.content.util.ContentUtilsTest" time="3.895"/>
  <testcase name="testPullRelated[2: com.dotcms.rendering.velocity.viewtools.content.util.ContentUtilsTest$TestCase@3ee4bb10]" classname="com.dotcms.rendering.velocity.viewtools.content.util.ContentUtilsTest" time="4.407"/>
  <testcase name="testPullRelated[3: com.dotcms.rendering.velocity.viewtools.content.util.ContentUtilsTest$TestCase@3727e036]" classname="com.dotcms.rendering.velocity.viewtools.content.util.ContentUtilsTest" time="3.642"/>
  <testcase name="testPullRelated[4: com.dotcms.rendering.velocity.viewtools.content.util.ContentUtilsTest$TestCase@14017ced]" classname="com.dotcms.rendering.velocity.viewtools.content.util.ContentUtilsTest" time="4.298"/>
  <testcase name="testPullRelated[5: com.dotcms.rendering.velocity.viewtools.content.util.ContentUtilsTest$TestCase@e18147e]" classname="com.dotcms.rendering.velocity.viewtools.content.util.ContentUtilsTest" time="4.101"/>
  <testcase name="testPullRelated[6: com.dotcms.rendering.velocity.viewtools.content.util.ContentUtilsTest$TestCase@153f1296]" classname="com.dotcms.rendering.velocity.viewtools.content.util.ContentUtilsTest" time="4.02"/>
  <testcase name="testPullRelated[7: com.dotcms.rendering.velocity.viewtools.content.util.ContentUtilsTest$TestCase@1d916657]" classname="com.dotcms.rendering.velocity.viewtools.content.util.ContentUtilsTest" time="3.94"/>
  <testcase name="testPullRelated[8: com.dotcms.rendering.velocity.viewtools.content.util.ContentUtilsTest$TestCase@2e8871c]" classname="com.dotcms.rendering.velocity.viewtools.content.util.ContentUtilsTest" time="4.267"/>
  <testcase name="testPullRelated[9: com.dotcms.rendering.velocity.viewtools.content.util.ContentUtilsTest$TestCase@4c9dd8db]" classname="com.dotcms.rendering.velocity.viewtools.content.util.ContentUtilsTest" time="3.589"/>
  <testcase name="testPullRelated[10: com.dotcms.rendering.velocity.viewtools.content.util.ContentUtilsTest$TestCase@21dbc87c]" classname="com.dotcms.rendering.velocity.viewtools.content.util.ContentUtilsTest" time="4.57"/>
  <testcase name="testPullRelated[11: com.dotcms.rendering.velocity.viewtools.content.util.ContentUtilsTest$TestCase@376eb1ce]" classname="com.dotcms.rendering.velocity.viewtools.content.util.ContentUtilsTest" time="3.772"/>
  <testcase name="testPullRelated[12: com.dotcms.rendering.velocity.viewtools.content.util.ContentUtilsTest$TestCase@71f80058]" classname="com.dotcms.rendering.velocity.viewtools.content.util.ContentUtilsTest" time="4.162"/>
  <testcase name="testPullRelated[13: com.dotcms.rendering.velocity.viewtools.content.util.ContentUtilsTest$TestCase@538155bc]" classname="com.dotcms.rendering.velocity.viewtools.content.util.ContentUtilsTest" time="3.955"/>
  <testcase name="testPullRelated[14: com.dotcms.rendering.velocity.viewtools.content.util.ContentUtilsTest$TestCase@2ce6ef98]" classname="com.dotcms.rendering.velocity.viewtools.content.util.ContentUtilsTest" time="4.085"/>
  <testcase name="testPullRelated[15: com.dotcms.rendering.velocity.viewtools.content.util.ContentUtilsTest$TestCase@6e44db0b]" classname="com.dotcms.rendering.velocity.viewtools.content.util.ContentUtilsTest" time="4.178"/>
  <testcase name="testPullRelated[16: com.dotcms.rendering.velocity.viewtools.content.util.ContentUtilsTest$TestCase@5f0ffc5b]" classname="com.dotcms.rendering.velocity.viewtools.content.util.ContentUtilsTest" time="3.885"/>
  <testcase name="testPullRelated[17: com.dotcms.rendering.velocity.viewtools.content.util.ContentUtilsTest$TestCase@67a6eb3]" classname="com.dotcms.rendering.velocity.viewtools.content.util.ContentUtilsTest" time="4.189"/>
  <testcase name="testPullRelated[18: com.dotcms.rendering.velocity.viewtools.content.util.ContentUtilsTest$TestCase@1d7bdbcb]" classname="com.dotcms.rendering.velocity.viewtools.content.util.ContentUtilsTest" time="3.948"/>
  <testcase name="testPullRelated[19: com.dotcms.rendering.velocity.viewtools.content.util.ContentUtilsTest$TestCase@552fd7ec]" classname="com.dotcms.rendering.velocity.viewtools.content.util.ContentUtilsTest" time="4.271"/>
  <testcase name="testPullRelated[20: com.dotcms.rendering.velocity.viewtools.content.util.ContentUtilsTest$TestCase@75e21436]" classname="com.dotcms.rendering.velocity.viewtools.content.util.ContentUtilsTest" time="2.946"/>
  <testcase name="testPullRelated[21: com.dotcms.rendering.velocity.viewtools.content.util.ContentUtilsTest$TestCase@2038e3cf]" classname="com.dotcms.rendering.velocity.viewtools.content.util.ContentUtilsTest" time="4.03"/>
  <testcase name="testPullRelated[22: com.dotcms.rendering.velocity.viewtools.content.util.ContentUtilsTest$TestCase@63ded180]" classname="com.dotcms.rendering.velocity.viewtools.content.util.ContentUtilsTest" time="4.062"/>
  <testcase name="testPullRelated[23: com.dotcms.rendering.velocity.viewtools.content.util.ContentUtilsTest$TestCase@4865eaa0]" classname="com.dotcms.rendering.velocity.viewtools.content.util.ContentUtilsTest" time="4.267"/>
  <testcase name="testPullRelated[24: com.dotcms.rendering.velocity.viewtools.content.util.ContentUtilsTest$TestCase@2d43143e]" classname="com.dotcms.rendering.velocity.viewtools.content.util.ContentUtilsTest" time="2.928"/>
  <testcase name="testPullRelated[25: com.dotcms.rendering.velocity.viewtools.content.util.ContentUtilsTest$TestCase@4a02bcc2]" classname="com.dotcms.rendering.velocity.viewtools.content.util.ContentUtilsTest" time="3.99"/>
  <testcase name="testPullRelated[26: com.dotcms.rendering.velocity.viewtools.content.util.ContentUtilsTest$TestCase@5f4526d3]" classname="com.dotcms.rendering.velocity.viewtools.content.util.ContentUtilsTest" time="3.115"/>
  <testcase name="testPullRelated[27: com.dotcms.rendering.velocity.viewtools.content.util.ContentUtilsTest$TestCase@3892e771]" classname="com.dotcms.rendering.velocity.viewtools.content.util.ContentUtilsTest" time="3.183"/>
  <testcase name="testPullRelated[28: com.dotcms.rendering.velocity.viewtools.content.util.ContentUtilsTest$TestCase@dc5e6b9]" classname="com.dotcms.rendering.velocity.viewtools.content.util.ContentUtilsTest" time="3.928"/>
  <testcase name="testPullRelated[29: com.dotcms.rendering.velocity.viewtools.content.util.ContentUtilsTest$TestCase@52febf6f]" classname="com.dotcms.rendering.velocity.viewtools.content.util.ContentUtilsTest" time="3.087"/>
  <testcase name="testPullRelated[30: com.dotcms.rendering.velocity.viewtools.content.util.ContentUtilsTest$TestCase@247b785d]" classname="com.dotcms.rendering.velocity.viewtools.content.util.ContentUtilsTest" time="3.156"/>
  <testcase name="testPullRelated[31: com.dotcms.rendering.velocity.viewtools.content.util.ContentUtilsTest$TestCase@b7daacc]" classname="com.dotcms.rendering.velocity.viewtools.content.util.ContentUtilsTest" time="3.876"/>
  <testcase name="testPullRelated[32: com.dotcms.rendering.velocity.viewtools.content.util.ContentUtilsTest$TestCase@292f7534]" classname="com.dotcms.rendering.velocity.viewtools.content.util.ContentUtilsTest" time="4.357"/>
  <testcase name="testPullRelated[33: com.dotcms.rendering.velocity.viewtools.content.util.ContentUtilsTest$TestCase@e8da2b9]" classname="com.dotcms.rendering.velocity.viewtools.content.util.ContentUtilsTest" time="3.7"/>
  <testcase name="testPullRelated[34: com.dotcms.rendering.velocity.viewtools.content.util.ContentUtilsTest$TestCase@714b8aa5]" classname="com.dotcms.rendering.velocity.viewtools.content.util.ContentUtilsTest" time="4.57"/>
  <testcase name="testPullRelated[35: com.dotcms.rendering.velocity.viewtools.content.util.ContentUtilsTest$TestCase@1786658a]" classname="com.dotcms.rendering.velocity.viewtools.content.util.ContentUtilsTest" time="3.878"/>
  <testcase name="testPullRelated[36: com.dotcms.rendering.velocity.viewtools.content.util.ContentUtilsTest$TestCase@45d2249b]" classname="com.dotcms.rendering.velocity.viewtools.content.util.ContentUtilsTest" time="6.391"/>
  <testcase name="testPullRelated[37: com.dotcms.rendering.velocity.viewtools.content.util.ContentUtilsTest$TestCase@2629def2]" classname="com.dotcms.rendering.velocity.viewtools.content.util.ContentUtilsTest" time="5.81"/>
  <testcase name="testPullRelated[38: com.dotcms.rendering.velocity.viewtools.content.util.ContentUtilsTest$TestCase@b1a6630]" classname="com.dotcms.rendering.velocity.viewtools.content.util.ContentUtilsTest" time="5.631"/>
  <testcase name="testPullRelated[39: com.dotcms.rendering.velocity.viewtools.content.util.ContentUtilsTest$TestCase@2f14f8ec]" classname="com.dotcms.rendering.velocity.viewtools.content.util.ContentUtilsTest" time="5.547"/>
  <testcase name="testPullRelated[40: com.dotcms.rendering.velocity.viewtools.content.util.ContentUtilsTest$TestCase@7b36e769]" classname="com.dotcms.rendering.velocity.viewtools.content.util.ContentUtilsTest" time="6.33"/>
  <testcase name="testPullRelated[41: com.dotcms.rendering.velocity.viewtools.content.util.ContentUtilsTest$TestCase@138078b3]" classname="com.dotcms.rendering.velocity.viewtools.content.util.ContentUtilsTest" time="6.03"/>
  <testcase name="testPullRelated[42: com.dotcms.rendering.velocity.viewtools.content.util.ContentUtilsTest$TestCase@4b73b715]" classname="com.dotcms.rendering.velocity.viewtools.content.util.ContentUtilsTest" time="6.185"/>
  <testcase name="testPullRelated[43: com.dotcms.rendering.velocity.viewtools.content.util.ContentUtilsTest$TestCase@43a8e50f]" classname="com.dotcms.rendering.velocity.viewtools.content.util.ContentUtilsTest" time="6.147"/>
  <testcase name="testPullRelated[44: com.dotcms.rendering.velocity.viewtools.content.util.ContentUtilsTest$TestCase@f695fbc]" classname="com.dotcms.rendering.velocity.viewtools.content.util.ContentUtilsTest" time="6.032"/>
  <testcase name="testPullRelated[45: com.dotcms.rendering.velocity.viewtools.content.util.ContentUtilsTest$TestCase@1f3cfb02]" classname="com.dotcms.rendering.velocity.viewtools.content.util.ContentUtilsTest" time="5.919"/>
  <testcase name="testPullRelated[46: com.dotcms.rendering.velocity.viewtools.content.util.ContentUtilsTest$TestCase@49a12cef]" classname="com.dotcms.rendering.velocity.viewtools.content.util.ContentUtilsTest" time="6.602"/>
  <testcase name="testPullRelated[47: com.dotcms.rendering.velocity.viewtools.content.util.ContentUtilsTest$TestCase@4da53849]" classname="com.dotcms.rendering.velocity.viewtools.content.util.ContentUtilsTest" time="7.214"/>
  <testcase name="testPullRelated[48: com.dotcms.rendering.velocity.viewtools.content.util.ContentUtilsTest$TestCase@8740afe]" classname="com.dotcms.rendering.velocity.viewtools.content.util.ContentUtilsTest" time="6.805"/>
  <testcase name="testPullRelated[49: com.dotcms.rendering.velocity.viewtools.content.util.ContentUtilsTest$TestCase@70681419]" classname="com.dotcms.rendering.velocity.viewtools.content.util.ContentUtilsTest" time="4.91"/>
  <testcase name="testPullRelated[50: com.dotcms.rendering.velocity.viewtools.content.util.ContentUtilsTest$TestCase@30ee88af]" classname="com.dotcms.rendering.velocity.viewtools.content.util.ContentUtilsTest" time="6.399"/>
  <testcase name="testPullRelated[51: com.dotcms.rendering.velocity.viewtools.content.util.ContentUtilsTest$TestCase@546d998b]" classname="com.dotcms.rendering.velocity.viewtools.content.util.ContentUtilsTest" time="6.115"/>
  <testcase name="testPullRelated[52: com.dotcms.rendering.velocity.viewtools.content.util.ContentUtilsTest$TestCase@7c665a02]" classname="com.dotcms.rendering.velocity.viewtools.content.util.ContentUtilsTest" time="6.161"/>
  <testcase name="testPullRelated[53: com.dotcms.rendering.velocity.viewtools.content.util.ContentUtilsTest$TestCase@4c9e514b]" classname="com.dotcms.rendering.velocity.viewtools.content.util.ContentUtilsTest" time="6.037"/>
  <testcase name="testPullRelated[54: com.dotcms.rendering.velocity.viewtools.content.util.ContentUtilsTest$TestCase@8711387]" classname="com.dotcms.rendering.velocity.viewtools.content.util.ContentUtilsTest" time="5.213"/>
  <testcase name="testPullRelated[55: com.dotcms.rendering.velocity.viewtools.content.util.ContentUtilsTest$TestCase@306862c3]" classname="com.dotcms.rendering.velocity.viewtools.content.util.ContentUtilsTest" time="6.0"/>
  <testcase name="testPullRelated[56: com.dotcms.rendering.velocity.viewtools.content.util.ContentUtilsTest$TestCase@7e109886]" classname="com.dotcms.rendering.velocity.viewtools.content.util.ContentUtilsTest" time="5.237"/>
  <testcase name="testPullRelated[57: com.dotcms.rendering.velocity.viewtools.content.util.ContentUtilsTest$TestCase@403a9a06]" classname="com.dotcms.rendering.velocity.viewtools.content.util.ContentUtilsTest" time="5.841"/>
  <testcase name="testPullRelated[58: com.dotcms.rendering.velocity.viewtools.content.util.ContentUtilsTest$TestCase@40d744ad]" classname="com.dotcms.rendering.velocity.viewtools.content.util.ContentUtilsTest" time="6.093"/>
  <testcase name="testPullRelated[59: com.dotcms.rendering.velocity.viewtools.content.util.ContentUtilsTest$TestCase@33da580e]" classname="com.dotcms.rendering.velocity.viewtools.content.util.ContentUtilsTest" time="6.412"/>
  <testcase name="testPullRelated[60: com.dotcms.rendering.velocity.viewtools.content.util.ContentUtilsTest$TestCase@4974325b]" classname="com.dotcms.rendering.velocity.viewtools.content.util.ContentUtilsTest" time="4.948"/>
  <testcase name="testPullRelated[61: com.dotcms.rendering.velocity.viewtools.content.util.ContentUtilsTest$TestCase@5d8a6bd9]" classname="com.dotcms.rendering.velocity.viewtools.content.util.ContentUtilsTest" time="4.948"/>
  <testcase name="testPullRelated[62: com.dotcms.rendering.velocity.viewtools.content.util.ContentUtilsTest$TestCase@2702aee9]" classname="com.dotcms.rendering.velocity.viewtools.content.util.ContentUtilsTest" time="6.456"/>
  <testcase name="testPullRelated[63: com.dotcms.rendering.velocity.viewtools.content.util.ContentUtilsTest$TestCase@4679882f]" classname="com.dotcms.rendering.velocity.viewtools.content.util.ContentUtilsTest" time="5.957"/>
  <testcase name="testPullRelated[64: com.dotcms.rendering.velocity.viewtools.content.util.ContentUtilsTest$TestCase@2ef79c51]" classname="com.dotcms.rendering.velocity.viewtools.content.util.ContentUtilsTest" time="5.994"/>
  <testcase name="testPullRelated[65: com.dotcms.rendering.velocity.viewtools.content.util.ContentUtilsTest$TestCase@20adfef5]" classname="com.dotcms.rendering.velocity.viewtools.content.util.ContentUtilsTest" time="6.326"/>
  <testcase name="testPullRelated[66: com.dotcms.rendering.velocity.viewtools.content.util.ContentUtilsTest$TestCase@126a69ef]" classname="com.dotcms.rendering.velocity.viewtools.content.util.ContentUtilsTest" time="6.247"/>
  <testcase name="testPullRelated[67: com.dotcms.rendering.velocity.viewtools.content.util.ContentUtilsTest$TestCase@1858b37d]" classname="com.dotcms.rendering.velocity.viewtools.content.util.ContentUtilsTest" time="5.877"/>
  <testcase name="testPullRelated[68: com.dotcms.rendering.velocity.viewtools.content.util.ContentUtilsTest$TestCase@a5fa133]" classname="com.dotcms.rendering.velocity.viewtools.content.util.ContentUtilsTest" time="6.426"/>
  <testcase name="testPullRelated[69: com.dotcms.rendering.velocity.viewtools.content.util.ContentUtilsTest$TestCase@454abcdb]" classname="com.dotcms.rendering.velocity.viewtools.content.util.ContentUtilsTest" time="5.939"/>
  <testcase name="testPullRelated[70: com.dotcms.rendering.velocity.viewtools.content.util.ContentUtilsTest$TestCase@4ae908c]" classname="com.dotcms.rendering.velocity.viewtools.content.util.ContentUtilsTest" time="5.962"/>
  <testcase name="testPullRelated[71: com.dotcms.rendering.velocity.viewtools.content.util.ContentUtilsTest$TestCase@5930083f]" classname="com.dotcms.rendering.velocity.viewtools.content.util.ContentUtilsTest" time="6.47"/>
  <testcase name="whenPublishAndExpireDatesAreInTheFutureAndTimeMachineIsAfterBoth" classname="com.dotcms.rendering.velocity.viewtools.content.util.ContentUtilsTest" time="3.858"/>
  <testcase name="testPullRelatedForLegacyRelationship[0: com.dotcms.rendering.velocity.viewtools.content.util.ContentUtilsTest$LegacyTestCase@2e116c13]" classname="com.dotcms.rendering.velocity.viewtools.content.util.ContentUtilsTest" time="3.534"/>
  <testcase name="testPullRelatedForLegacyRelationship[1: com.dotcms.rendering.velocity.viewtools.content.util.ContentUtilsTest$LegacyTestCase@3e2da16e]" classname="com.dotcms.rendering.velocity.viewtools.content.util.ContentUtilsTest" time="4.217"/>
  <testcase name="whenTheTimeMachineDateIsAfterTomorrowAndExpireDateIsTomorrowShouldNotReturnContent" classname="com.dotcms.rendering.velocity.viewtools.content.util.ContentUtilsTest" time="3.951"/>
  <testcase name="testPullLiveRelatedWhenLatestVersionIsWorking" classname="com.dotcms.rendering.velocity.viewtools.content.util.ContentUtilsTest" time="3.946"/>
  <testcase name="test_add_relationships_on_parent_children_related_contents" classname="com.dotcms.rendering.velocity.viewtools.content.util.ContentUtilsTest" time="1.721"/>
  <testcase name="testSortPullRelated[0: com.dotcms.rendering.velocity.viewtools.content.util.ContentUtilsTest$SortTestCase@4e776cd7]" classname="com.dotcms.rendering.velocity.viewtools.content.util.ContentUtilsTest" time="3.217"/>
  <testcase name="testSortPullRelated[1: com.dotcms.rendering.velocity.viewtools.content.util.ContentUtilsTest$SortTestCase@17dff4d6]" classname="com.dotcms.rendering.velocity.viewtools.content.util.ContentUtilsTest" time="2.227"/>
  <testcase name="testSortPullRelated[2: com.dotcms.rendering.velocity.viewtools.content.util.ContentUtilsTest$SortTestCase@320b73ca]" classname="com.dotcms.rendering.velocity.viewtools.content.util.ContentUtilsTest" time="3.236"/>
  <testcase name="testSortPullRelated[3: com.dotcms.rendering.velocity.viewtools.content.util.ContentUtilsTest$SortTestCase@61fe9234]" classname="com.dotcms.rendering.velocity.viewtools.content.util.ContentUtilsTest" time="2.263"/>
  <testcase name="testSortPullRelated[4: com.dotcms.rendering.velocity.viewtools.content.util.ContentUtilsTest$SortTestCase@149a5b08]" classname="com.dotcms.rendering.velocity.viewtools.content.util.ContentUtilsTest" time="2.28"/>
  <testcase name="testSortPullRelated[5: com.dotcms.rendering.velocity.viewtools.content.util.ContentUtilsTest$SortTestCase@7c0b6409]" classname="com.dotcms.rendering.velocity.viewtools.content.util.ContentUtilsTest" time="2.447"/>
  <testcase name="whenTheTimeMachineDateIsAfterTomorrowAndExpireDateIsInFutureShouldReturnContent" classname="com.dotcms.rendering.velocity.viewtools.content.util.ContentUtilsTest" time="3.809"/>
  <testcase name="testPullRelatedFieldShouldRespectDefaultOrder" classname="com.dotcms.rendering.velocity.viewtools.content.util.ContentUtilsTest" time="2.689"/>
  <system-out><![CDATA[]]></system-out>
  <system-err><![CDATA[]]></system-err>
</testsuite>
