<?xml version="1.0" encoding="UTF-8"?>
<testsuite name="com.dotcms.rest.api.v1.vtl.VTLResourceIntegrationTest" tests="6" skipped="0" failures="0" errors="0" timestamp="2023-06-30T23:55:35" hostname="fv-az613-350" time="13.404">
  <properties/>
  <testcase name="testGet[0: com.dotcms.rest.api.v1.vtl.VTLResourceTestCase@35c47e1a]" classname="com.dotcms.rest.api.v1.vtl.VTLResourceIntegrationTest" time="2.6"/>
  <testcase name="testGet[1: com.dotcms.rest.api.v1.vtl.VTLResourceTestCase@1d3dea8f]" classname="com.dotcms.rest.api.v1.vtl.VTLResourceIntegrationTest" time="1.889"/>
  <testcase name="testGet[2: com.dotcms.rest.api.v1.vtl.VTLResourceTestCase@7be3733e]" classname="com.dotcms.rest.api.v1.vtl.VTLResourceIntegrationTest" time="2.375"/>
  <testcase name="testGet[3: com.dotcms.rest.api.v1.vtl.VTLResourceTestCase@976a47a]" classname="com.dotcms.rest.api.v1.vtl.VTLResourceIntegrationTest" time="2.668"/>
  <testcase name="testGet[4: com.dotcms.rest.api.v1.vtl.VTLResourceTestCase@1f543fe0]" classname="com.dotcms.rest.api.v1.vtl.VTLResourceIntegrationTest" time="1.934"/>
  <testcase name="testGet[5: com.dotcms.rest.api.v1.vtl.VTLResourceTestCase@6d4fc717]" classname="com.dotcms.rest.api.v1.vtl.VTLResourceIntegrationTest" time="1.938"/>
  <system-out><![CDATA[]]></system-out>
  <system-err><![CDATA[]]></system-err>
</testsuite>
