<?xml version="1.0" encoding="UTF-8"?>
<testsuite name="com.dotcms.rest.elasticsearch.ESContentResourcePortletTest" tests="8" skipped="0" failures="0" errors="0" timestamp="2023-06-26T17:37:12" hostname="fv-az455-779" time="8.889">
  <properties/>
  <testcase name="test_search_includeGrandChildCategory_success" classname="com.dotcms.rest.elasticsearch.ESContentResourcePortletTest" time="2.527"/>
  <testcase name="testSearch[0: com.dotcms.rest.elasticsearch.ESContentResourcePortletTest$TestCase@2ea62113]" classname="com.dotcms.rest.elasticsearch.ESContentResourcePortletTest" time="1.065"/>
  <testcase name="testSearch[1: com.dotcms.rest.elasticsearch.ESContentResourcePortletTest$TestCase@8c790b4]" classname="com.dotcms.rest.elasticsearch.ESContentResourcePortletTest" time="0.37"/>
  <testcase name="testSearch[2: com.dotcms.rest.elasticsearch.ESContentResourcePortletTest$TestCase@7131cb0d]" classname="com.dotcms.rest.elasticsearch.ESContentResourcePortletTest" time="1.073"/>
  <testcase name="testSearch[3: com.dotcms.rest.elasticsearch.ESContentResourcePortletTest$TestCase@166ab96e]" classname="com.dotcms.rest.elasticsearch.ESContentResourcePortletTest" time="0.376"/>
  <testcase name="testSearch[4: com.dotcms.rest.elasticsearch.ESContentResourcePortletTest$TestCase@9dbbc09]" classname="com.dotcms.rest.elasticsearch.ESContentResourcePortletTest" time="1.344"/>
  <testcase name="testSearch[5: com.dotcms.rest.elasticsearch.ESContentResourcePortletTest$TestCase@3daddfb6]" classname="com.dotcms.rest.elasticsearch.ESContentResourcePortletTest" time="1.119"/>
  <testcase name="testSearch[6: com.dotcms.rest.elasticsearch.ESContentResourcePortletTest$TestCase@423b02ad]" classname="com.dotcms.rest.elasticsearch.ESContentResourcePortletTest" time="1.013"/>
  <system-out><![CDATA[]]></system-out>
  <system-err><![CDATA[]]></system-err>
</testsuite>
