<?xml version="1.0" encoding="UTF-8"?>
<testsuite name="com.dotmarketing.business.VersionableAPITest" tests="17" skipped="0" failures="0" errors="0" timestamp="2023-07-13T23:38:27" hostname="fv-az298-223" time="20.237">
  <properties/>
  <testcase name="testFindLiveVersionContentlet" classname="com.dotmarketing.business.VersionableAPITest" time="1.168"/>
  <testcase name="testFindWorkingVersionHTMLPage" classname="com.dotmarketing.business.VersionableAPITest" time="2.524"/>
  <testcase name="testFindLiveVersionTemplate" classname="com.dotmarketing.business.VersionableAPITest" time="0.04"/>
  <testcase name="testSetLockedHost" classname="com.dotmarketing.business.VersionableAPITest" time="0.945"/>
  <testcase name="getAllByVariants" classname="com.dotmarketing.business.VersionableAPITest" time="1.355"/>
  <testcase name="testIsLiveHost" classname="com.dotmarketing.business.VersionableAPITest" time="0.711"/>
  <testcase name="testFindLiveVersionContainer" classname="com.dotmarketing.business.VersionableAPITest" time="0.093"/>
  <testcase name="testFindPreviousVersion" classname="com.dotmarketing.business.VersionableAPITest" time="1.66"/>
  <testcase name="testIsWorkingHost" classname="com.dotmarketing.business.VersionableAPITest" time="0.263"/>
  <testcase name="setWorkingWithAnotherVariant" classname="com.dotmarketing.business.VersionableAPITest" time="2.13"/>
  <testcase name="testFindLiveVersionHTMLPage" classname="com.dotmarketing.business.VersionableAPITest" time="3.021"/>
  <testcase name="testFindWorkingVersionContainer" classname="com.dotmarketing.business.VersionableAPITest" time="0.073"/>
  <testcase name="getEmptyVariant" classname="com.dotmarketing.business.VersionableAPITest" time="0.003"/>
  <testcase name="getAllByVariantsLIVE" classname="com.dotmarketing.business.VersionableAPITest" time="3.923"/>
  <testcase name="setWorkingWithDefaultVariant" classname="com.dotmarketing.business.VersionableAPITest" time="1.118"/>
  <testcase name="testFindWorkingVersionTemplate" classname="com.dotmarketing.business.VersionableAPITest" time="0.034"/>
  <testcase name="testFindWorkingVersionContentlet" classname="com.dotmarketing.business.VersionableAPITest" time="1.172"/>
  <system-out><![CDATA[]]></system-out>
  <system-err><![CDATA[]]></system-err>
</testsuite>
