<?xml version="1.0" encoding="UTF-8"?>
<testsuite name="com.dotmarketing.common.db.ParamsSetterTest" tests="1" skipped="0" failures="0" errors="0" timestamp="2023-07-03T17:48:10" hostname="fv-az218-411" time="1.147">
  <properties/>
  <testcase name="setParamsTest" classname="com.dotmarketing.common.db.ParamsSetterTest" time="1.147"/>
  <system-out><![CDATA[]]></system-out>
  <system-err><![CDATA[]]></system-err>
</testsuite>
