<?xml version="1.0" encoding="UTF-8"?>
<testsuite name="com.dotmarketing.startup.runonce.Task210218MigrateUserProxyTableTest" tests="1" skipped="0" failures="0" errors="0" timestamp="2023-07-18T17:28:48" hostname="fv-az370-360" time="1.614">
  <properties/>
  <testcase name="testUpgradeTask" classname="com.dotmarketing.startup.runonce.Task210218MigrateUserProxyTableTest" time="1.614"/>
  <system-out><![CDATA[]]></system-out>
  <system-err><![CDATA[]]></system-err>
</testsuite>
