<?xml version="1.0" encoding="UTF-8"?>
<testsuite name="com.dotcms.rendering.velocity.services.HTMLPageAssetRenderedTest" tests="52" skipped="0" failures="0" errors="0" timestamp="2023-07-12T19:33:48" hostname="fv-az552-613" time="161.213">
  <properties/>
  <testcase name="containerArchived_PageShouldResolve" classname="com.dotcms.rendering.velocity.services.HTMLPageAssetRenderedTest" time="2.409"/>
  <testcase name="ContentFallbackFalse_PageFallbackTrue_PageEnglishAndSpanish_ViewEnglishContent1And2_ViewSpanishContent2And3[0: DEFAULT]" classname="com.dotcms.rendering.velocity.services.HTMLPageAssetRenderedTest" time="4.884"/>
  <testcase name="ContentFallbackFalse_PageFallbackTrue_PageEnglishAndSpanish_ViewEnglishContent1And2_ViewSpanishContent2And3[1: FILE]" classname="com.dotcms.rendering.velocity.services.HTMLPageAssetRenderedTest" time="2.116"/>
  <testcase name="pageWithMultiplePersona" classname="com.dotcms.rendering.velocity.services.HTMLPageAssetRenderedTest" time="5.058"/>
  <testcase name="pageWithFileTemplateAdvancedShouldRender" classname="com.dotcms.rendering.velocity.services.HTMLPageAssetRenderedTest" time="2.946"/>
  <testcase name="containerTwiceIntoPage" classname="com.dotcms.rendering.velocity.services.HTMLPageAssetRenderedTest" time="3.614"/>
  <testcase name="pageWithFileTemplateDesignShouldRender" classname="com.dotcms.rendering.velocity.services.HTMLPageAssetRenderedTest" time="2.517"/>
  <testcase name="shouldReturnPageHTMLForLegacyUUID[0: DEFAULT]" classname="com.dotcms.rendering.velocity.services.HTMLPageAssetRenderedTest" time="1.113"/>
  <testcase name="shouldReturnPageHTMLForLegacyUUID[1: FILE]" classname="com.dotcms.rendering.velocity.services.HTMLPageAssetRenderedTest" time="1.018"/>
  <testcase name="test_WidgetPreExecuteCodeShowRegardlessPageMode[0: com.dotcms.rendering.velocity.services.HTMLPageAssetRenderedTest$WidgetPreExecuteCodeTestCase@7d780177]" classname="com.dotcms.rendering.velocity.services.HTMLPageAssetRenderedTest" time="2.46"/>
  <testcase name="test_WidgetPreExecuteCodeShowRegardlessPageMode[1: com.dotcms.rendering.velocity.services.HTMLPageAssetRenderedTest$WidgetPreExecuteCodeTestCase@2e95b15c]" classname="com.dotcms.rendering.velocity.services.HTMLPageAssetRenderedTest" time="2.478"/>
  <testcase name="test_WidgetPreExecuteCodeShowRegardlessPageMode[2: com.dotcms.rendering.velocity.services.HTMLPageAssetRenderedTest$WidgetPreExecuteCodeTestCase@4bd1adca]" classname="com.dotcms.rendering.velocity.services.HTMLPageAssetRenderedTest" time="1.692"/>
  <testcase name="renderPageWithFileAssetImage" classname="com.dotcms.rendering.velocity.services.HTMLPageAssetRenderedTest" time="4.093"/>
  <testcase name="containerTwiceIntoPageAndTemplateLayout" classname="com.dotcms.rendering.velocity.services.HTMLPageAssetRenderedTest" time="4.978"/>
  <testcase name="shouldRenderTemplateAndContainers page Host: CURRENT Template Host: CURRENT Container Host: CURRENT" classname="com.dotcms.rendering.velocity.services.HTMLPageAssetRenderedTest" time="3.911"/>
  <testcase name="shouldRenderTemplateAndContainers page Host: CURRENT Template Host: CURRENT Container Host: ANOTHER" classname="com.dotcms.rendering.velocity.services.HTMLPageAssetRenderedTest" time="3.332"/>
  <testcase name="shouldRenderTemplateAndContainers page Host: CURRENT Template Host: ANOTHER Container Host: ANOTHER" classname="com.dotcms.rendering.velocity.services.HTMLPageAssetRenderedTest" time="3.816"/>
  <testcase name="shouldRenderTemplateAndContainers page Host: CURRENT Template Host: CURRENT Container Host: DEFAULT" classname="com.dotcms.rendering.velocity.services.HTMLPageAssetRenderedTest" time="3.178"/>
  <testcase name="shouldRenderTemplateAndContainers page Host: CURRENT Template Host: ANOTHER Container Host: DEFAULT" classname="com.dotcms.rendering.velocity.services.HTMLPageAssetRenderedTest" time="3.122"/>
  <testcase name="shouldRenderTemplateAndContainers page Host: CURRENT Template Host: CURRENT Container Host: CURRENT" classname="com.dotcms.rendering.velocity.services.HTMLPageAssetRenderedTest" time="3.047"/>
  <testcase name="shouldRenderTemplateAndContainers page Host: CURRENT Template Host: CURRENT Container Host: ANOTHER" classname="com.dotcms.rendering.velocity.services.HTMLPageAssetRenderedTest" time="1.999"/>
  <testcase name="shouldRenderTemplateAndContainers page Host: CURRENT Template Host: ANOTHER Container Host: ANOTHER" classname="com.dotcms.rendering.velocity.services.HTMLPageAssetRenderedTest" time="1.99"/>
  <testcase name="shouldRenderTemplateAndContainers page Host: CURRENT Template Host: CURRENT Container Host: DEFAULT" classname="com.dotcms.rendering.velocity.services.HTMLPageAssetRenderedTest" time="3.134"/>
  <testcase name="shouldRenderTemplateAndContainers page Host: CURRENT Template Host: ANOTHER Container Host: DEFAULT" classname="com.dotcms.rendering.velocity.services.HTMLPageAssetRenderedTest" time="1.908"/>
  <testcase name="shouldRenderTemplateAndContainers page Host: CURRENT Template Host: CURRENT Container Host: CURRENT" classname="com.dotcms.rendering.velocity.services.HTMLPageAssetRenderedTest" time="5.256"/>
  <testcase name="shouldRenderTemplateAndContainers page Host: CURRENT Template Host: CURRENT Container Host: ANOTHER" classname="com.dotcms.rendering.velocity.services.HTMLPageAssetRenderedTest" time="5.17"/>
  <testcase name="shouldRenderTemplateAndContainers page Host: CURRENT Template Host: ANOTHER Container Host: ANOTHER" classname="com.dotcms.rendering.velocity.services.HTMLPageAssetRenderedTest" time="4.904"/>
  <testcase name="shouldRenderTemplateAndContainers page Host: CURRENT Template Host: CURRENT Container Host: DEFAULT" classname="com.dotcms.rendering.velocity.services.HTMLPageAssetRenderedTest" time="5.204"/>
  <testcase name="shouldRenderTemplateAndContainers page Host: CURRENT Template Host: ANOTHER Container Host: DEFAULT" classname="com.dotcms.rendering.velocity.services.HTMLPageAssetRenderedTest" time="5.162"/>
  <testcase name="shouldRenderTemplateAndContainers page Host: CURRENT Template Host: CURRENT Container Host: CURRENT" classname="com.dotcms.rendering.velocity.services.HTMLPageAssetRenderedTest" time="6.047"/>
  <testcase name="shouldRenderTemplateAndContainers page Host: CURRENT Template Host: CURRENT Container Host: ANOTHER" classname="com.dotcms.rendering.velocity.services.HTMLPageAssetRenderedTest" time="5.008"/>
  <testcase name="shouldRenderTemplateAndContainers page Host: CURRENT Template Host: ANOTHER Container Host: ANOTHER" classname="com.dotcms.rendering.velocity.services.HTMLPageAssetRenderedTest" time="4.215"/>
  <testcase name="shouldRenderTemplateAndContainers page Host: CURRENT Template Host: CURRENT Container Host: DEFAULT" classname="com.dotcms.rendering.velocity.services.HTMLPageAssetRenderedTest" time="5.152"/>
  <testcase name="shouldRenderTemplateAndContainers page Host: CURRENT Template Host: ANOTHER Container Host: DEFAULT" classname="com.dotcms.rendering.velocity.services.HTMLPageAssetRenderedTest" time="5.162"/>
  <testcase name="renderPageWithDotAssetImage" classname="com.dotcms.rendering.velocity.services.HTMLPageAssetRenderedTest" time="3.806"/>
  <testcase name="ContentFallbackFalse_PageFallbackFalse_PageEnglishAndSpanish_ViewEnglishContent1And2_ViewSpanishContent2And3[0: DEFAULT]" classname="com.dotcms.rendering.velocity.services.HTMLPageAssetRenderedTest" time="2.556"/>
  <testcase name="ContentFallbackFalse_PageFallbackFalse_PageEnglishAndSpanish_ViewEnglishContent1And2_ViewSpanishContent2And3[1: FILE]" classname="com.dotcms.rendering.velocity.services.HTMLPageAssetRenderedTest" time="1.966"/>
  <testcase name="shouldReturnParserContainerUUID[0: DEFAULT]" classname="com.dotcms.rendering.velocity.services.HTMLPageAssetRenderedTest" time="0.569"/>
  <testcase name="shouldReturnParserContainerUUID[1: FILE]" classname="com.dotcms.rendering.velocity.services.HTMLPageAssetRenderedTest" time="0.575"/>
  <testcase name="constantField_notUpdatedCache_whenChanged[0: DEFAULT]" classname="com.dotcms.rendering.velocity.services.HTMLPageAssetRenderedTest" time="4.974"/>
  <testcase name="constantField_notUpdatedCache_whenChanged[1: FILE]" classname="com.dotcms.rendering.velocity.services.HTMLPageAssetRenderedTest" time="5.097"/>
  <testcase name="render_spanish_contentlets_on_english_page[0: DEFAULT]" classname="com.dotcms.rendering.velocity.services.HTMLPageAssetRenderedTest" time="0.46"/>
  <testcase name="render_spanish_contentlets_on_english_page[1: FILE]" classname="com.dotcms.rendering.velocity.services.HTMLPageAssetRenderedTest" time="1.479"/>
  <testcase name="pageWithSidebarShouldRender" classname="com.dotcms.rendering.velocity.services.HTMLPageAssetRenderedTest" time="4.76"/>
  <testcase name="ContentFallbackTrue_PageFallbackTrue_PageEnglishAndSpanish_ViewEnglishContent1And2_ViewSpanishContent1And2And3[0: DEFAULT]" classname="com.dotcms.rendering.velocity.services.HTMLPageAssetRenderedTest" time="2.302"/>
  <testcase name="ContentFallbackTrue_PageFallbackTrue_PageEnglishAndSpanish_ViewEnglishContent1And2_ViewSpanishContent1And2And3[1: FILE]" classname="com.dotcms.rendering.velocity.services.HTMLPageAssetRenderedTest" time="2.018"/>
  <testcase name="shouldReturnPageHTMLForLegacyUUIDAndMultiTree[0: DEFAULT]" classname="com.dotcms.rendering.velocity.services.HTMLPageAssetRenderedTest" time="1.233"/>
  <testcase name="shouldReturnPageHTMLForLegacyUUIDAndMultiTree[1: FILE]" classname="com.dotcms.rendering.velocity.services.HTMLPageAssetRenderedTest" time="1.059"/>
  <testcase name="shouldReturnPageHTMLForPersona[0: DEFAULT]" classname="com.dotcms.rendering.velocity.services.HTMLPageAssetRenderedTest" time="1.591"/>
  <testcase name="shouldReturnPageHTMLForPersona[1: FILE]" classname="com.dotcms.rendering.velocity.services.HTMLPageAssetRenderedTest" time="1.662"/>
  <testcase name="ContentFallbackFalse_PageFallbackTrue_PageEnglish_ViewEnglishContent1And2_ViewSpanishContent2And3[0: DEFAULT]" classname="com.dotcms.rendering.velocity.services.HTMLPageAssetRenderedTest" time="1.455"/>
  <testcase name="ContentFallbackFalse_PageFallbackTrue_PageEnglish_ViewEnglishContent1And2_ViewSpanishContent2And3[1: FILE]" classname="com.dotcms.rendering.velocity.services.HTMLPageAssetRenderedTest" time="1.557"/>
  <system-out><![CDATA[]]></system-out>
  <system-err><![CDATA[]]></system-err>
</testsuite>
