<?xml version="1.0" encoding="UTF-8"?>
<testsuite name="com.dotcms.rest.elasticsearch.ESContentResourcePortletTest" tests="8" skipped="0" failures="0" errors="0" timestamp="2023-07-21T03:46:50" hostname="fv-az256-498" time="8.871">
  <properties/>
  <testcase name="test_search_includeGrandChildCategory_success" classname="com.dotcms.rest.elasticsearch.ESContentResourcePortletTest" time="1.668"/>
  <testcase name="testSearch[0: com.dotcms.rest.elasticsearch.ESContentResourcePortletTest$TestCase@46cf5f00]" classname="com.dotcms.rest.elasticsearch.ESContentResourcePortletTest" time="1.095"/>
  <testcase name="testSearch[1: com.dotcms.rest.elasticsearch.ESContentResourcePortletTest$TestCase@2582a34e]" classname="com.dotcms.rest.elasticsearch.ESContentResourcePortletTest" time="1.321"/>
  <testcase name="testSearch[2: com.dotcms.rest.elasticsearch.ESContentResourcePortletTest$TestCase@5fd5a979]" classname="com.dotcms.rest.elasticsearch.ESContentResourcePortletTest" time="1.066"/>
  <testcase name="testSearch[3: com.dotcms.rest.elasticsearch.ESContentResourcePortletTest$TestCase@583886f3]" classname="com.dotcms.rest.elasticsearch.ESContentResourcePortletTest" time="0.338"/>
  <testcase name="testSearch[4: com.dotcms.rest.elasticsearch.ESContentResourcePortletTest$TestCase@64b3e5ab]" classname="com.dotcms.rest.elasticsearch.ESContentResourcePortletTest" time="1.32"/>
  <testcase name="testSearch[5: com.dotcms.rest.elasticsearch.ESContentResourcePortletTest$TestCase@549bb2a0]" classname="com.dotcms.rest.elasticsearch.ESContentResourcePortletTest" time="1.024"/>
  <testcase name="testSearch[6: com.dotcms.rest.elasticsearch.ESContentResourcePortletTest$TestCase@2677472b]" classname="com.dotcms.rest.elasticsearch.ESContentResourcePortletTest" time="1.038"/>
  <system-out><![CDATA[]]></system-out>
  <system-err><![CDATA[]]></system-err>
</testsuite>
