<?xml version="1.0" encoding="UTF-8"?>
<testsuite name="com.dotmarketing.business.DeterministicIdentifierAPITest" tests="16" skipped="0" failures="0" errors="0" timestamp="2023-07-17T18:24:28" hostname="fv-az168-813" time="1.35">
  <properties/>
  <testcase name="Test_Category_Path_Seed_And_Id" classname="com.dotmarketing.business.DeterministicIdentifierAPITest" time="0.022"/>
  <testcase name="Test_Language_Deterministic_Id[0: LanguageTestCase{expectedSeed='Language:es:US', expectedHash=4913155, langCode='es', countryCode='US', country='United States'}]" classname="com.dotmarketing.business.DeterministicIdentifierAPITest" time="0.001"/>
  <testcase name="Test_Language_Deterministic_Id[1: LanguageTestCase{expectedSeed='Language:ep:', expectedHash=5292269, langCode='ep', countryCode='', country=''}]" classname="com.dotmarketing.business.DeterministicIdentifierAPITest" time="0.001"/>
  <testcase name="Test_Language_Deterministic_Id[2: LanguageTestCase{expectedSeed='Language:sg:SAG', expectedHash=4713118, langCode='sg', countryCode='SAG', country=''}]" classname="com.dotmarketing.business.DeterministicIdentifierAPITest" time="0.001"/>
  <testcase name="Test_Language_Deterministic_Id[3: LanguageTestCase{expectedSeed='Language:en:NZ', expectedHash=5382528, langCode='en', countryCode='NZ', country='New Zealand'}]" classname="com.dotmarketing.business.DeterministicIdentifierAPITest" time="0.0"/>
  <testcase name="Test_Category_None_Persisted_Category_Should_Return_Deterministic_Id" classname="com.dotmarketing.business.DeterministicIdentifierAPITest" time="0.002"/>
  <testcase name="Test_Asset_Generate_Deterministic_Id_Best_Effort[0: TestCase{versionable=my.host1689617886852.com, parent=System Host, expectedName='my.host1689617886852.com', expectedType='Host'}]" classname="com.dotmarketing.business.DeterministicIdentifierAPITest" time="0.003"/>
  <testcase name="Test_Asset_Generate_Deterministic_Id_Best_Effort[1: TestCase{versionable=com.dotmarketing.portlets.contentlet.model.Contentlet@62efb036[map={modDate=2023-07-17 18:18:07.638, fileName=file8032651935260956306.txt, title=file8032651935260956306.txt, inode=a58d8a40-4fde-404d-8ddc-0f61c026f913, __IS_NEW_CONTENT__=true, disabledWYSIWYG=[], host=45cdb7f7-ccbd-48a5-862c-259a77c43a2a, stInode=33888b6f-7a8e-4069-b1b6-5c1aa9d0a48d, owner=system, identifier=ca59294a-5966-48e7-be79-e0ee366d2db0, nullProperties=[wfExpireDate, wfPublishDate, wfActionAssign, wfActionId, wfActionComments, filterKey, whereToSend, wfNeverExpire, _path_to_move, timezoneId, iWantTo, wfPublishTime, wfExpireTime], languageId=1, fileAsset=/home/runner/work/core/custom/assets/a/5/a58d8a40-4fde-404d-8ddc-0f61c026f913/fileAsset/file8032651935260956306.txt, folder=5b146e78-cb86-4d4d-adb3-a5acba397b3b, __disable_workflow__=true, sortOrder=0, modUser=system},lowIndexPriority=false,variantId=DEFAULT], parent=com.dotmarketing.portlets.folders.model.Folder@6277174a[identifier=5b146e78-cb86-4d4d-adb3-a5acba397b3b,name=testName1689617887621,sortOrder=0,showOnMenu=false,hostId=45cdb7f7-ccbd-48a5-862c-259a77c43a2a,type=folder,title=testTitle1689617887621,filesMasks=,defaultFileType=33888b6f-7a8e-4069-b1b6-5c1aa9d0a48d,modDate=2023-07-17 18:18:07.624,owner=&lt;null&gt;,iDate=2023-07-17 18:18:07.624,inode=5b146e78-cb86-4d4d-adb3-a5acba397b3b,path=/testName1689617887621/], expectedName='file8032651935260956306.txt', expectedType='FileAsset'}]" classname="com.dotmarketing.business.DeterministicIdentifierAPITest" time="0.003"/>
  <testcase name="Test_Asset_Generate_Deterministic_Id_Best_Effort[2: TestCase{versionable=com.dotmarketing.portlets.templates.model.Template@834669fa, parent=my.host1689617886852.com, expectedName='testTitle1689617887815', expectedType='Template'}]" classname="com.dotmarketing.business.DeterministicIdentifierAPITest" time="0.002"/>
  <testcase name="Test_Asset_Generate_Deterministic_Id_Best_Effort[3: TestCase{versionable=com.dotmarketing.portlets.htmlpageasset.model.HTMLPageAsset@2012b5a2[map={template=5e27826e-182c-4a6c-b097-b72aaf518cd6, owner=system, identifier=f35b5535-142e-4568-9e0a-941713d056d7, nullProperties=[wfExpireDate, wfPublishDate, wfActionAssign, wfActionId, wfActionComments, filterKey, whereToSend, wfNeverExpire, _path_to_move, timezoneId, iWantTo, wfPublishTime, wfExpireTime], modDate=2023-07-17 18:18:07.835, cachettl=0, _is_test_mode=true, languageId=1, title=test-page-title-1689617887830, httpsreq=, url=test-page-url-1689617887830, showOnMenu=, inode=28937a88-accf-49fd-9ae1-666910d60794, folder=5b146e78-cb86-4d4d-adb3-a5acba397b3b, disabledWYSIWYG=[], sortOrder=1, modUser=system, host=45cdb7f7-ccbd-48a5-862c-259a77c43a2a, stInode=c541abb1-69b3-4bc5-8430-5e09e5239cc8, friendlyName=test-page-friendly-name-1689617887830},lowIndexPriority=false,variantId=DEFAULT], parent=com.dotmarketing.portlets.folders.model.Folder@6277174a[identifier=5b146e78-cb86-4d4d-adb3-a5acba397b3b,name=testName1689617887621,sortOrder=0,showOnMenu=false,hostId=45cdb7f7-ccbd-48a5-862c-259a77c43a2a,type=folder,title=testTitle1689617887621,filesMasks=,defaultFileType=33888b6f-7a8e-4069-b1b6-5c1aa9d0a48d,modDate=2023-07-17 18:18:07.624,owner=&lt;null&gt;,iDate=2023-07-17 18:18:07.624,inode=5b146e78-cb86-4d4d-adb3-a5acba397b3b,path=/testName1689617887621/], expectedName='test-page-url-1689617887830', expectedType='htmlpageasset'}]" classname="com.dotmarketing.business.DeterministicIdentifierAPITest" time="0.003"/>
  <testcase name="Test_Asset_Generate_Deterministic_Id_Best_Effort[4: TestCase{versionable=com.dotmarketing.portlets.contentlet.model.Contentlet@1cbeb92d[map={fileAsset2=/home/runner/work/core/custom/assets/7/d/7dd24c7f-719c-4623-b4c7-b580ca7413d7/fileAsset2/test_binary1689617889610.png, modDate=2023-07-17 18:18:09.636, fileAsset1=/home/runner/work/core/custom/assets/7/d/7dd24c7f-719c-4623-b4c7-b580ca7413d7/fileAsset1/test_binary1689617889610.jpg, title=blah, inode=7dd24c7f-719c-4623-b4c7-b580ca7413d7, __IS_NEW_CONTENT__=true, disabledWYSIWYG=[], host=48190c8c-42c4-46af-8d1a-0cd5db894797, stInode=97d1e64f-c7e7-466d-9d34-639da25282c4, owner=system, identifier=d99f2966-d7d0-4ede-98c5-ec38752a7868, nullProperties=[], languageId=1, image1=e09022b1-09a7-44c2-9689-85229da2b587, folder=SYSTEM_FOLDER, __disable_workflow__=true, sortOrder=0, modUser=system},lowIndexPriority=false,variantId=DEFAULT], parent=demo.dotcms.com, expectedName='test_binary1689617889610.jpg:test_binary1689617889610.png', expectedType='MultipleBinaries1689617888084'}]" classname="com.dotmarketing.business.DeterministicIdentifierAPITest" time="0.002"/>
  <testcase name="Test_Asset_Generate_Deterministic_Id_Best_Effort[5: TestCase{versionable=name54c00abc05 : keyTag54c00abc05, parent=my.host1689617886852.com, expectedName='keyTag54c00abc05', expectedType='persona'}]" classname="com.dotmarketing.business.DeterministicIdentifierAPITest" time="0.002"/>
  <testcase name="Test_Similar_Content_Type_Wont_Clash" classname="com.dotmarketing.business.DeterministicIdentifierAPITest" time="0.402"/>
  <testcase name="Test_Generate_Folder_Identifier" classname="com.dotmarketing.business.DeterministicIdentifierAPITest" time="0.894"/>
  <testcase name="Test_Generate_Content_Type_Identifier[0: ContentTypeTestCase{contentType=KeyValueContentType{name=Language Variable, id=f4d7c1b8-2c88-4071-abf1-a5328977b07d, description=Default Content Type for Language Variables, defaultType=false, fixed=true, iDate=Thu Aug 31 16:38:49 UTC 2017, system=true, versionable=true, variable=Languagevariable, modDate=Mon Jul 17 17:13:12 UTC 2023, host=SYSTEM_HOST, siteName=systemHost, icon=language, sortOrder=0, folder=SYSTEM_FOLDER, folderPath=/, markedForDeletion=true, multilingualable=false}, expectedName='Languagevariable', expectedType='KeyValue'}]" classname="com.dotmarketing.business.DeterministicIdentifierAPITest" time="0.004"/>
  <testcase name="Test_Generate_Content_Type_Identifier[1: ContentTypeTestCase{contentType=SimpleContentType{name=testName1689617890035, id=a836931b-f4c8-4350-9b91-ab0a984d1d0d, description=testDescription1689617890035, defaultType=false, fixed=false, iDate=Mon Jul 17 18:18:10 UTC 2023, system=false, versionable=true, multilingualable=false, variable=testVarname1689617890035, owner=system, modDate=Mon Jul 17 18:18:11 UTC 2023, host=48190c8c-42c4-46af-8d1a-0cd5db894797, siteName=demo.dotcms.com, icon=event_note, sortOrder=0, folder=SYSTEM_FOLDER, folderPath=/, requiredFields=[], markedForDeletion=false}, expectedName='testVarname1689617890035', expectedType='CONTENT'}]" classname="com.dotmarketing.business.DeterministicIdentifierAPITest" time="0.004"/>
  <system-out><![CDATA[]]></system-out>
  <system-err><![CDATA[]]></system-err>
</testsuite>
