<?xml version="1.0" encoding="UTF-8"?>
<testsuite name="com.dotmarketing.servlets.ajax.AjaxDirectorServletIntegrationTest" tests="2" skipped="0" failures="0" errors="0" timestamp="2023-06-30T23:44:46" hostname="fv-az449-126" time="2.595">
  <properties/>
  <testcase name="testService[0: com.dotmarketing.servlets.ajax.AjaxDirectorServletTestCase@47a6baa3]" classname="com.dotmarketing.servlets.ajax.AjaxDirectorServletIntegrationTest" time="1.329"/>
  <testcase name="testService[1: com.dotmarketing.servlets.ajax.AjaxDirectorServletTestCase@19ec57f5]" classname="com.dotmarketing.servlets.ajax.AjaxDirectorServletIntegrationTest" time="1.266"/>
  <system-out><![CDATA[]]></system-out>
  <system-err><![CDATA[]]></system-err>
</testsuite>
