<?xml version="1.0" encoding="UTF-8"?>
<testsuite name="com.dotcms.contenttype.test.ContentResourceTest" tests="52" skipped="0" failures="0" errors="0" timestamp="2023-06-30T22:33:04" hostname="fv-az257-412" time="157.083">
  <properties/>
  <testcase name="testGetContentShouldReturnIconDetails" classname="com.dotcms.contenttype.test.ContentResourceTest" time="1.765"/>
  <testcase name="Test_Save_Action_Set_Words_To_Required_NumericField_Issue_15340" classname="com.dotcms.contenttype.test.ContentResourceTest" time="0.962"/>
  <testcase name="test_getContent_includeGrandChildCategory_success" classname="com.dotcms.contenttype.test.ContentResourceTest" time="1.455"/>
  <testcase name="testGetContentWithRelatedParameter[0: com.dotcms.contenttype.test.ContentResourceTest$PullRelatedTestCase@54211535]" classname="com.dotcms.contenttype.test.ContentResourceTest" time="4.049"/>
  <testcase name="testGetContentWithRelatedParameter[1: com.dotcms.contenttype.test.ContentResourceTest$PullRelatedTestCase@46d1d26b]" classname="com.dotcms.contenttype.test.ContentResourceTest" time="4.138"/>
  <testcase name="testGetContentWithRelatedParameter[2: com.dotcms.contenttype.test.ContentResourceTest$PullRelatedTestCase@190beeed]" classname="com.dotcms.contenttype.test.ContentResourceTest" time="4.321"/>
  <testcase name="testGetContentWithRelatedParameter[3: com.dotcms.contenttype.test.ContentResourceTest$PullRelatedTestCase@687bd875]" classname="com.dotcms.contenttype.test.ContentResourceTest" time="4.044"/>
  <testcase name="testGetContentWithRelatedParameter[4: com.dotcms.contenttype.test.ContentResourceTest$PullRelatedTestCase@342fe0f2]" classname="com.dotcms.contenttype.test.ContentResourceTest" time="4.274"/>
  <testcase name="test_getContent_SelfRelatedWith3LevelsOfDepth_shouldReturnRelationships" classname="com.dotcms.contenttype.test.ContentResourceTest" time="1.565"/>
  <testcase name="Test_Save_Action_Send_Fields_SubSet_Issue_15340" classname="com.dotcms.contenttype.test.ContentResourceTest" time="3.072"/>
  <testcase name="test_getContent_shouldReturnRelationships[0: com.dotcms.contenttype.test.ContentResourceTest$TestCase@7ca53e96]" classname="com.dotcms.contenttype.test.ContentResourceTest" time="3.359"/>
  <testcase name="test_getContent_shouldReturnRelationships[1: com.dotcms.contenttype.test.ContentResourceTest$TestCase@3a9fcb69]" classname="com.dotcms.contenttype.test.ContentResourceTest" time="3.205"/>
  <testcase name="test_getContent_shouldReturnRelationships[2: com.dotcms.contenttype.test.ContentResourceTest$TestCase@c91043f]" classname="com.dotcms.contenttype.test.ContentResourceTest" time="3.257"/>
  <testcase name="test_getContent_shouldReturnRelationships[3: com.dotcms.contenttype.test.ContentResourceTest$TestCase@47724d2f]" classname="com.dotcms.contenttype.test.ContentResourceTest" time="3.426"/>
  <testcase name="test_getContent_shouldReturnRelationships[4: com.dotcms.contenttype.test.ContentResourceTest$TestCase@12769ad9]" classname="com.dotcms.contenttype.test.ContentResourceTest" time="3.35"/>
  <testcase name="test_getContent_shouldReturnRelationships[5: com.dotcms.contenttype.test.ContentResourceTest$TestCase@5676df7d]" classname="com.dotcms.contenttype.test.ContentResourceTest" time="3.038"/>
  <testcase name="test_getContent_shouldReturnRelationships[6: com.dotcms.contenttype.test.ContentResourceTest$TestCase@52c28970]" classname="com.dotcms.contenttype.test.ContentResourceTest" time="3.095"/>
  <testcase name="test_getContent_shouldReturnRelationships[7: com.dotcms.contenttype.test.ContentResourceTest$TestCase@70cbd32]" classname="com.dotcms.contenttype.test.ContentResourceTest" time="3.162"/>
  <testcase name="test_getContent_shouldReturnRelationships[8: com.dotcms.contenttype.test.ContentResourceTest$TestCase@210a4f58]" classname="com.dotcms.contenttype.test.ContentResourceTest" time="3.381"/>
  <testcase name="test_getContent_shouldReturnRelationships[9: com.dotcms.contenttype.test.ContentResourceTest$TestCase@41e7e133]" classname="com.dotcms.contenttype.test.ContentResourceTest" time="3.156"/>
  <testcase name="test_getContent_shouldReturnRelationships[10: com.dotcms.contenttype.test.ContentResourceTest$TestCase@7a87976]" classname="com.dotcms.contenttype.test.ContentResourceTest" time="2.974"/>
  <testcase name="test_getContent_shouldReturnRelationships[11: com.dotcms.contenttype.test.ContentResourceTest$TestCase@652fb19c]" classname="com.dotcms.contenttype.test.ContentResourceTest" time="2.921"/>
  <testcase name="test_getContent_shouldReturnRelationships[12: com.dotcms.contenttype.test.ContentResourceTest$TestCase@16ac42ee]" classname="com.dotcms.contenttype.test.ContentResourceTest" time="2.958"/>
  <testcase name="test_getContent_shouldReturnRelationships[13: com.dotcms.contenttype.test.ContentResourceTest$TestCase@68bcc771]" classname="com.dotcms.contenttype.test.ContentResourceTest" time="2.915"/>
  <testcase name="test_getContent_shouldReturnRelationships[14: com.dotcms.contenttype.test.ContentResourceTest$TestCase@2c9b60d9]" classname="com.dotcms.contenttype.test.ContentResourceTest" time="2.969"/>
  <testcase name="test_getContent_shouldReturnRelationships[15: com.dotcms.contenttype.test.ContentResourceTest$TestCase@34209787]" classname="com.dotcms.contenttype.test.ContentResourceTest" time="4.179"/>
  <testcase name="test_getContent_shouldReturnRelationships[16: com.dotcms.contenttype.test.ContentResourceTest$TestCase@406f18df]" classname="com.dotcms.contenttype.test.ContentResourceTest" time="3.985"/>
  <testcase name="test_getContent_shouldReturnRelationships[17: com.dotcms.contenttype.test.ContentResourceTest$TestCase@4e66c8ec]" classname="com.dotcms.contenttype.test.ContentResourceTest" time="3.388"/>
  <testcase name="test_getContent_shouldReturnRelationships[18: com.dotcms.contenttype.test.ContentResourceTest$TestCase@390cf451]" classname="com.dotcms.contenttype.test.ContentResourceTest" time="3.27"/>
  <testcase name="test_getContent_shouldReturnRelationships[19: com.dotcms.contenttype.test.ContentResourceTest$TestCase@9a0d058]" classname="com.dotcms.contenttype.test.ContentResourceTest" time="3.304"/>
  <testcase name="test_getContent_shouldReturnRelationships[20: com.dotcms.contenttype.test.ContentResourceTest$TestCase@31b18853]" classname="com.dotcms.contenttype.test.ContentResourceTest" time="3.585"/>
  <testcase name="test_getContent_shouldReturnRelationships[21: com.dotcms.contenttype.test.ContentResourceTest$TestCase@49e80721]" classname="com.dotcms.contenttype.test.ContentResourceTest" time="3.383"/>
  <testcase name="test_getContent_shouldReturnRelationships[22: com.dotcms.contenttype.test.ContentResourceTest$TestCase@1798dc31]" classname="com.dotcms.contenttype.test.ContentResourceTest" time="3.267"/>
  <testcase name="test_getContent_shouldReturnRelationships[23: com.dotcms.contenttype.test.ContentResourceTest$TestCase@1835fc8a]" classname="com.dotcms.contenttype.test.ContentResourceTest" time="3.091"/>
  <testcase name="test_getContent_shouldReturnRelationships[24: com.dotcms.contenttype.test.ContentResourceTest$TestCase@257b1ccf]" classname="com.dotcms.contenttype.test.ContentResourceTest" time="3.312"/>
  <testcase name="test_getContent_shouldReturnRelationships[25: com.dotcms.contenttype.test.ContentResourceTest$TestCase@2ca3d64e]" classname="com.dotcms.contenttype.test.ContentResourceTest" time="2.46"/>
  <testcase name="test_getContent_shouldReturnRelationships[26: com.dotcms.contenttype.test.ContentResourceTest$TestCase@7d8beebf]" classname="com.dotcms.contenttype.test.ContentResourceTest" time="3.47"/>
  <testcase name="test_getContent_shouldReturnRelationships[27: com.dotcms.contenttype.test.ContentResourceTest$TestCase@4aed8c28]" classname="com.dotcms.contenttype.test.ContentResourceTest" time="3.201"/>
  <testcase name="test_getContent_shouldReturnRelationships[28: com.dotcms.contenttype.test.ContentResourceTest$TestCase@370d7cde]" classname="com.dotcms.contenttype.test.ContentResourceTest" time="3.303"/>
  <testcase name="test_getContent_shouldReturnRelationships[29: com.dotcms.contenttype.test.ContentResourceTest$TestCase@5aecdd7]" classname="com.dotcms.contenttype.test.ContentResourceTest" time="3.124"/>
  <testcase name="test_getContent_shouldReturnRelationships[30: com.dotcms.contenttype.test.ContentResourceTest$TestCase@27f235cb]" classname="com.dotcms.contenttype.test.ContentResourceTest" time="3.18"/>
  <testcase name="test_getContent_shouldReturnRelationships[31: com.dotcms.contenttype.test.ContentResourceTest$TestCase@15871d1]" classname="com.dotcms.contenttype.test.ContentResourceTest" time="3.221"/>
  <testcase name="test_getContent_shouldReturnRelationships[32: com.dotcms.contenttype.test.ContentResourceTest$TestCase@5def16a8]" classname="com.dotcms.contenttype.test.ContentResourceTest" time="4.47"/>
  <testcase name="test_getContent_shouldReturnRelationships[33: com.dotcms.contenttype.test.ContentResourceTest$TestCase@2edca8b7]" classname="com.dotcms.contenttype.test.ContentResourceTest" time="4.576"/>
  <testcase name="testSinglePOST_InvalidParamsShouldReturn400[0: ({\n    &quot;stInode&quot; : &quot;InvalidValue&quot;,\n    &quot;numeric&quot; : &quot;0&quot;,\n    &quot;image&quot; : &quot;whatever&quot;\n}, Bad Request)]" classname="com.dotcms.contenttype.test.ContentResourceTest" time="1.012"/>
  <testcase name="testSinglePOST_InvalidParamsShouldReturn400[1: ({\n    &quot;numeric&quot; : &quot;0&quot;,\n    &quot;image&quot; : &quot;whatever&quot;\n}, Bad Request)]" classname="com.dotcms.contenttype.test.ContentResourceTest" time="0.951"/>
  <testcase name="Test_Save_Action_Set_Null_To_Required_NumericField_Issue_15340" classname="com.dotcms.contenttype.test.ContentResourceTest" time="1.022"/>
  <testcase name="Test_Save_Action_Remove_Image_Then_Verify_Fields_Were_Cleared_Issue_15340" classname="com.dotcms.contenttype.test.ContentResourceTest" time="3.237"/>
  <testcase name="test_getContentWithMultipleSelfRelated_shouldReturnRelationships[0: com.dotcms.contenttype.test.ContentResourceTest$PullSelfRelatedTestCase@5a22a0e4]" classname="com.dotcms.contenttype.test.ContentResourceTest" time="2.107"/>
  <testcase name="test_getContentWithMultipleSelfRelated_shouldReturnRelationships[1: com.dotcms.contenttype.test.ContentResourceTest$PullSelfRelatedTestCase@7f5db75e]" classname="com.dotcms.contenttype.test.ContentResourceTest" time="1.876"/>
  <testcase name="testGetContentWithAllCategoriesInfo[0: json]" classname="com.dotcms.contenttype.test.ContentResourceTest" time="1.615"/>
  <testcase name="testGetContentWithAllCategoriesInfo[1: xml]" classname="com.dotcms.contenttype.test.ContentResourceTest" time="2.68"/>
  <system-out><![CDATA[











]]></system-out>
  <system-err><![CDATA[]]></system-err>
</testsuite>
