<?xml version="1.0" encoding="UTF-8"?>
<testsuite name="com.dotmarketing.portlets.workflows.business.WorkflowAPIMultiLanguageTest" tests="1" skipped="0" failures="0" errors="0" timestamp="2023-07-13T17:02:40" hostname="fv-az218-607" time="1.337">
  <properties/>
  <testcase name="runMultipleLanguageWorkflowTest" classname="com.dotmarketing.portlets.workflows.business.WorkflowAPIMultiLanguageTest" time="1.337"/>
  <system-out><![CDATA[]]></system-out>
  <system-err><![CDATA[]]></system-err>
</testsuite>
