<?xml version="1.0" encoding="UTF-8"?>
<testsuite name="com.dotmarketing.business.DeterministicIdentifierAPITest" tests="16" skipped="0" failures="0" errors="0" timestamp="2023-07-14T00:03:31" hostname="fv-az298-223" time="1.082">
  <properties/>
  <testcase name="Test_Category_Path_Seed_And_Id" classname="com.dotmarketing.business.DeterministicIdentifierAPITest" time="0.03"/>
  <testcase name="Test_Language_Deterministic_Id[0: LanguageTestCase{expectedSeed='Language:es:US', expectedHash=4913155, langCode='es', countryCode='US', country='United States'}]" classname="com.dotmarketing.business.DeterministicIdentifierAPITest" time="0.001"/>
  <testcase name="Test_Language_Deterministic_Id[1: LanguageTestCase{expectedSeed='Language:ep:', expectedHash=5292269, langCode='ep', countryCode='', country=''}]" classname="com.dotmarketing.business.DeterministicIdentifierAPITest" time="0.001"/>
  <testcase name="Test_Language_Deterministic_Id[2: LanguageTestCase{expectedSeed='Language:sg:SAG', expectedHash=4713118, langCode='sg', countryCode='SAG', country=''}]" classname="com.dotmarketing.business.DeterministicIdentifierAPITest" time="0.001"/>
  <testcase name="Test_Language_Deterministic_Id[3: LanguageTestCase{expectedSeed='Language:en:NZ', expectedHash=5382528, langCode='en', countryCode='NZ', country='New Zealand'}]" classname="com.dotmarketing.business.DeterministicIdentifierAPITest" time="0.001"/>
  <testcase name="Test_Category_None_Persisted_Category_Should_Return_Deterministic_Id" classname="com.dotmarketing.business.DeterministicIdentifierAPITest" time="0.001"/>
  <testcase name="Test_Asset_Generate_Deterministic_Id_Best_Effort[0: TestCase{versionable=my.host1689292617606.com, parent=System Host, expectedName='my.host1689292617606.com', expectedType='Host'}]" classname="com.dotmarketing.business.DeterministicIdentifierAPITest" time="0.006"/>
  <testcase name="Test_Asset_Generate_Deterministic_Id_Best_Effort[1: TestCase{versionable=com.dotmarketing.portlets.contentlet.model.Contentlet@ec1192e[map={modDate=2023-07-13 23:56:58.328, fileName=file16291802823826247164.txt, title=file16291802823826247164.txt, inode=a3a08830-42f6-4d0e-8eca-f44d25044ba5, __IS_NEW_CONTENT__=true, disabledWYSIWYG=[], host=6ceaa3ca-e743-40a8-9d1b-5d5f90364c88, stInode=33888b6f-7a8e-4069-b1b6-5c1aa9d0a48d, owner=system, identifier=7b8d603a-6d2c-41d7-bc78-423f70dfcadb, nullProperties=[wfExpireDate, wfPublishDate, wfActionAssign, wfActionId, wfActionComments, filterKey, whereToSend, wfNeverExpire, _path_to_move, timezoneId, iWantTo, wfPublishTime, wfExpireTime], languageId=1, fileAsset=/home/runner/work/core/custom/assets/a/3/a3a08830-42f6-4d0e-8eca-f44d25044ba5/fileAsset/file16291802823826247164.txt, folder=5213e97b-2bf6-4adb-b436-9acd7c168df0, __disable_workflow__=true, sortOrder=0, modUser=system},lowIndexPriority=false,variantId=DEFAULT], parent=com.dotmarketing.portlets.folders.model.Folder@657689e8[identifier=5213e97b-2bf6-4adb-b436-9acd7c168df0,name=testName1689292618321,sortOrder=0,showOnMenu=false,hostId=6ceaa3ca-e743-40a8-9d1b-5d5f90364c88,type=folder,title=testTitle1689292618321,filesMasks=,defaultFileType=33888b6f-7a8e-4069-b1b6-5c1aa9d0a48d,modDate=2023-07-13 23:56:58.324,owner=&lt;null&gt;,iDate=2023-07-13 23:56:58.324,inode=5213e97b-2bf6-4adb-b436-9acd7c168df0,path=/testName1689292618321/], expectedName='file16291802823826247164.txt', expectedType='FileAsset'}]" classname="com.dotmarketing.business.DeterministicIdentifierAPITest" time="0.004"/>
  <testcase name="Test_Asset_Generate_Deterministic_Id_Best_Effort[2: TestCase{versionable=com.dotmarketing.portlets.templates.model.Template@6fc28cb5, parent=my.host1689292617606.com, expectedName='testTitle1689292618424', expectedType='Template'}]" classname="com.dotmarketing.business.DeterministicIdentifierAPITest" time="0.002"/>
  <testcase name="Test_Asset_Generate_Deterministic_Id_Best_Effort[3: TestCase{versionable=com.dotmarketing.portlets.htmlpageasset.model.HTMLPageAsset@7430e12c[map={template=55bcf8f5-febd-4ab6-a2b0-6d68cf015cd7, owner=system, identifier=311a1b95-c67d-470f-aa8d-48c36026ac94, nullProperties=[wfExpireDate, wfPublishDate, wfActionAssign, wfActionId, wfActionComments, filterKey, whereToSend, wfNeverExpire, _path_to_move, timezoneId, iWantTo, wfPublishTime, wfExpireTime], modDate=2023-07-13 23:56:58.442, cachettl=0, _is_test_mode=true, languageId=1, title=test-page-title-1689292618437, httpsreq=, url=test-page-url-1689292618437, showOnMenu=, inode=b94e4ed4-ed15-45d6-b3b3-1002c691965c, folder=5213e97b-2bf6-4adb-b436-9acd7c168df0, disabledWYSIWYG=[], sortOrder=1, modUser=system, host=6ceaa3ca-e743-40a8-9d1b-5d5f90364c88, stInode=c541abb1-69b3-4bc5-8430-5e09e5239cc8, friendlyName=test-page-friendly-name-1689292618437},lowIndexPriority=false,variantId=DEFAULT], parent=com.dotmarketing.portlets.folders.model.Folder@657689e8[identifier=5213e97b-2bf6-4adb-b436-9acd7c168df0,name=testName1689292618321,sortOrder=0,showOnMenu=false,hostId=6ceaa3ca-e743-40a8-9d1b-5d5f90364c88,type=folder,title=testTitle1689292618321,filesMasks=,defaultFileType=33888b6f-7a8e-4069-b1b6-5c1aa9d0a48d,modDate=2023-07-13 23:56:58.324,owner=&lt;null&gt;,iDate=2023-07-13 23:56:58.324,inode=5213e97b-2bf6-4adb-b436-9acd7c168df0,path=/testName1689292618321/], expectedName='test-page-url-1689292618437', expectedType='htmlpageasset'}]" classname="com.dotmarketing.business.DeterministicIdentifierAPITest" time="0.003"/>
  <testcase name="Test_Asset_Generate_Deterministic_Id_Best_Effort[4: TestCase{versionable=com.dotmarketing.portlets.contentlet.model.Contentlet@43ca8b6b[map={fileAsset2=/home/runner/work/core/custom/assets/9/2/920319f3-9f10-4f50-b716-0de7132a09d3/fileAsset2/test_binary1689292620359.png, modDate=2023-07-13 23:57:00.364, fileAsset1=/home/runner/work/core/custom/assets/9/2/920319f3-9f10-4f50-b716-0de7132a09d3/fileAsset1/test_binary1689292620359.jpg, title=blah, inode=920319f3-9f10-4f50-b716-0de7132a09d3, __IS_NEW_CONTENT__=true, disabledWYSIWYG=[], host=48190c8c-42c4-46af-8d1a-0cd5db894797, stInode=302358b5-9a01-49c3-ac2c-0946b4073d37, owner=system, identifier=d8f75719-6261-4c01-b7f7-d858cd9b169e, nullProperties=[], languageId=1, image1=f2ad915f-fcfa-4a83-b155-44910bc7f59f, folder=SYSTEM_FOLDER, __disable_workflow__=true, sortOrder=0, modUser=system},lowIndexPriority=false,variantId=DEFAULT], parent=demo.dotcms.com, expectedName='test_binary1689292620359.jpg:test_binary1689292620359.png', expectedType='MultipleBinaries1689292618704'}]" classname="com.dotmarketing.business.DeterministicIdentifierAPITest" time="0.003"/>
  <testcase name="Test_Asset_Generate_Deterministic_Id_Best_Effort[5: TestCase{versionable=namec3252b8f7d : keyTagc3252b8f7d, parent=my.host1689292617606.com, expectedName='keyTagc3252b8f7d', expectedType='persona'}]" classname="com.dotmarketing.business.DeterministicIdentifierAPITest" time="0.002"/>
  <testcase name="Test_Similar_Content_Type_Wont_Clash" classname="com.dotmarketing.business.DeterministicIdentifierAPITest" time="0.5"/>
  <testcase name="Test_Generate_Folder_Identifier" classname="com.dotmarketing.business.DeterministicIdentifierAPITest" time="0.505"/>
  <testcase name="Test_Generate_Content_Type_Identifier[0: ContentTypeTestCase{contentType=KeyValueContentType{name=Language Variable, id=f4d7c1b8-2c88-4071-abf1-a5328977b07d, description=Default Content Type for Language Variables, defaultType=false, fixed=true, iDate=Thu Aug 31 16:38:49 UTC 2017, system=true, versionable=true, variable=Languagevariable, modDate=Thu Jul 13 22:49:32 UTC 2023, host=SYSTEM_HOST, siteName=systemHost, icon=language, sortOrder=0, folder=SYSTEM_FOLDER, folderPath=/, markedForDeletion=true, multilingualable=false}, expectedName='Languagevariable', expectedType='KeyValue'}]" classname="com.dotmarketing.business.DeterministicIdentifierAPITest" time="0.006"/>
  <testcase name="Test_Generate_Content_Type_Identifier[1: ContentTypeTestCase{contentType=SimpleContentType{name=testName1689292620714, id=d1cb9a84-f284-4f86-bdee-59141e0b0607, description=testDescription1689292620714, defaultType=false, fixed=false, iDate=Thu Jul 13 23:57:00 UTC 2023, system=false, versionable=true, multilingualable=false, variable=testVarname1689292620714, owner=system, modDate=Thu Jul 13 23:57:01 UTC 2023, host=48190c8c-42c4-46af-8d1a-0cd5db894797, siteName=demo.dotcms.com, icon=event_note, sortOrder=0, folder=SYSTEM_FOLDER, folderPath=/, requiredFields=[], markedForDeletion=false}, expectedName='testVarname1689292620714', expectedType='CONTENT'}]" classname="com.dotmarketing.business.DeterministicIdentifierAPITest" time="0.009"/>
  <system-out><![CDATA[]]></system-out>
  <system-err><![CDATA[]]></system-err>
</testsuite>
