<?xml version="1.0" encoding="UTF-8"?>
<testsuite name="com.dotmarketing.portlets.languagesmanager.business.LanguageAPITest" tests="11" skipped="0" failures="0" errors="0" timestamp="2023-06-29T20:52:43" hostname="fv-az576-571" time="106.147">
  <properties/>
  <testcase name="getStringKey_KeyExistsPropertiesFileAndAsAContent_returnsLanguageVariableContent" classname="com.dotmarketing.portlets.languagesmanager.business.LanguageAPITest" time="1.349"/>
  <testcase name="test_saveLanguage_InvalidLanguage_ShouldThrowException[0: &lt;null&gt;]" classname="com.dotmarketing.portlets.languagesmanager.business.LanguageAPITest" time="0.001"/>
  <testcase name="test_saveLanguage_InvalidLanguage_ShouldThrowException[1: ]" classname="com.dotmarketing.portlets.languagesmanager.business.LanguageAPITest" time="0.001"/>
  <testcase name="test_saveLanguage_InvalidLanguage_ShouldThrowException[2: it]" classname="com.dotmarketing.portlets.languagesmanager.business.LanguageAPITest" time="0.0"/>
  <testcase name="test_saveLanguage_InvalidLanguage_ShouldThrowException[3: -it]" classname="com.dotmarketing.portlets.languagesmanager.business.LanguageAPITest" time="0.0"/>
  <testcase name="getStringsAsMap_returnMap" classname="com.dotmarketing.portlets.languagesmanager.business.LanguageAPITest" time="1.291"/>
  <testcase name="languageCache" classname="com.dotmarketing.portlets.languagesmanager.business.LanguageAPITest" time="0.021"/>
  <testcase name="getStringKey_returnLanguageVariableContent" classname="com.dotmarketing.portlets.languagesmanager.business.LanguageAPITest" time="1.442"/>
  <testcase name="test_deleteLanguage_WithExistingContent_ShouldFail" classname="com.dotmarketing.portlets.languagesmanager.business.LanguageAPITest" time="1.087"/>
  <testcase name="Create_Content_Under_Default_Lang_Make_New_Default_Language_And_Test_Assets_Lang_Transfer" classname="com.dotmarketing.portlets.languagesmanager.business.LanguageAPITest" time="99.993"/>
  <testcase name="getStringKey_returnKey" classname="com.dotmarketing.portlets.languagesmanager.business.LanguageAPITest" time="0.961"/>
  <system-out><![CDATA[]]></system-out>
  <system-err><![CDATA[]]></system-err>
</testsuite>
