<?xml version="1.0" encoding="UTF-8"?>
<testsuite name="com.dotmarketing.servlets.ajax.AjaxDirectorServletIntegrationTest" tests="2" skipped="0" failures="0" errors="0" timestamp="2023-06-26T19:21:10" hostname="fv-az934-274" time="3.638">
  <properties/>
  <testcase name="testService[0: com.dotmarketing.servlets.ajax.AjaxDirectorServletTestCase@6a7155d]" classname="com.dotmarketing.servlets.ajax.AjaxDirectorServletIntegrationTest" time="2.02"/>
  <testcase name="testService[1: com.dotmarketing.servlets.ajax.AjaxDirectorServletTestCase@75a9b194]" classname="com.dotmarketing.servlets.ajax.AjaxDirectorServletIntegrationTest" time="1.618"/>
  <system-out><![CDATA[]]></system-out>
  <system-err><![CDATA[]]></system-err>
</testsuite>
