<?xml version="1.0" encoding="UTF-8"?>
<testsuite name="com.dotcms.cache.lettuce.RedisClientTest" tests="5" skipped="0" failures="0" errors="0" timestamp="2023-07-12T00:29:48" hostname="fv-az461-329" time="0.932">
  <properties/>
  <testcase name="test_client_set_ttl" classname="com.dotcms.cache.lettuce.RedisClientTest" time="0.909"/>
  <testcase name="test_client_crud_if_running" classname="com.dotcms.cache.lettuce.RedisClientTest" time="0.012"/>
  <testcase name="test_client_is_singleton" classname="com.dotcms.cache.lettuce.RedisClientTest" time="0.001"/>
  <testcase name="test_client_setIfAbsent" classname="com.dotcms.cache.lettuce.RedisClientTest" time="0.005"/>
  <testcase name="test_client_setIfPresent" classname="com.dotcms.cache.lettuce.RedisClientTest" time="0.005"/>
  <system-out><![CDATA[]]></system-out>
  <system-err><![CDATA[]]></system-err>
</testsuite>
