<?xml version="1.0" encoding="UTF-8"?>
<testsuite name="com.dotcms.rest.api.v1.vtl.VTLResourceIntegrationTest" tests="6" skipped="0" failures="0" errors="0" timestamp="2023-06-29T17:39:33" hostname="fv-az166-287" time="15.183">
  <properties/>
  <testcase name="testGet[0: com.dotcms.rest.api.v1.vtl.VTLResourceTestCase@12865641]" classname="com.dotcms.rest.api.v1.vtl.VTLResourceIntegrationTest" time="2.191"/>
  <testcase name="testGet[1: com.dotcms.rest.api.v1.vtl.VTLResourceTestCase@45f22df3]" classname="com.dotcms.rest.api.v1.vtl.VTLResourceIntegrationTest" time="2.71"/>
  <testcase name="testGet[2: com.dotcms.rest.api.v1.vtl.VTLResourceTestCase@52744d72]" classname="com.dotcms.rest.api.v1.vtl.VTLResourceIntegrationTest" time="2.427"/>
  <testcase name="testGet[3: com.dotcms.rest.api.v1.vtl.VTLResourceTestCase@7872d92c]" classname="com.dotcms.rest.api.v1.vtl.VTLResourceIntegrationTest" time="3.009"/>
  <testcase name="testGet[4: com.dotcms.rest.api.v1.vtl.VTLResourceTestCase@5866bc3d]" classname="com.dotcms.rest.api.v1.vtl.VTLResourceIntegrationTest" time="2.76"/>
  <testcase name="testGet[5: com.dotcms.rest.api.v1.vtl.VTLResourceTestCase@caf9f77]" classname="com.dotcms.rest.api.v1.vtl.VTLResourceIntegrationTest" time="2.086"/>
  <system-out><![CDATA[]]></system-out>
  <system-err><![CDATA[]]></system-err>
</testsuite>
