<?xml version="1.0" encoding="UTF-8"?>
<testsuite name="com.dotmarketing.portlets.structure.transform.ContentletRelationshipsTransformerTest" tests="2" skipped="0" failures="0" errors="0" timestamp="2023-07-11T18:04:53" hostname="fv-az1032-278" time="3.488">
  <properties/>
  <testcase name="testHasParentFalse_BothSidesRelationship_selfRelatedContentType" classname="com.dotmarketing.portlets.structure.transform.ContentletRelationshipsTransformerTest" time="1.954"/>
  <testcase name="testHasParentTrue_OneSideRelationship_selfRelatedContentType" classname="com.dotmarketing.portlets.structure.transform.ContentletRelationshipsTransformerTest" time="1.534"/>
  <system-out><![CDATA[]]></system-out>
  <system-err><![CDATA[]]></system-err>
</testsuite>
