<?xml version="1.0" encoding="UTF-8"?>
<testsuite name="com.dotcms.content.elasticsearch.business.ContentletIndexAPIImplTest" tests="14" skipped="0" failures="0" errors="0" timestamp="2023-06-28T19:44:13" hostname="fv-az577-630" time="135.98">
  <properties/>
  <testcase name="createContentIndexAndDelete" classname="com.dotcms.content.elasticsearch.business.ContentletIndexAPIImplTest" time="18.066"/>
  <testcase name="isDotCMSIndexName" classname="com.dotcms.content.elasticsearch.business.ContentletIndexAPIImplTest" time="0.001"/>
  <testcase name="addRemoveContentToIndex" classname="com.dotcms.content.elasticsearch.business.ContentletIndexAPIImplTest" time="13.73"/>
  <testcase name="removeContentFromIndexByStructureInode" classname="com.dotcms.content.elasticsearch.business.ContentletIndexAPIImplTest" time="3.179"/>
  <testcase name="test_indexContentList_with_diff_refresh_strategies" classname="com.dotcms.content.elasticsearch.business.ContentletIndexAPIImplTest" time="6.65"/>
  <testcase name="test_indexContentList_ContentTypeWithPageDetailNotExists" classname="com.dotcms.content.elasticsearch.business.ContentletIndexAPIImplTest" time="1.443"/>
  <testcase name="optimize" classname="com.dotcms.content.elasticsearch.business.ContentletIndexAPIImplTest" time="18.037"/>
  <testcase name="activateDeactivateIndex" classname="com.dotcms.content.elasticsearch.business.ContentletIndexAPIImplTest" time="18.341"/>
  <testcase name="testSearchIndexByDate" classname="com.dotcms.content.elasticsearch.business.ContentletIndexAPIImplTest" time="0.486"/>
  <testcase name="testGetIndexDocumentCountSuccess" classname="com.dotcms.content.elasticsearch.business.ContentletIndexAPIImplTest" time="0.006"/>
  <testcase name="testSearch" classname="com.dotcms.content.elasticsearch.business.ContentletIndexAPIImplTest" time="2.82"/>
  <testcase name="testRemoveContentFromIndex" classname="com.dotcms.content.elasticsearch.business.ContentletIndexAPIImplTest" time="17.22"/>
  <testcase name="testGetIndexDocumentCountWithInvalidIndexNameFails" classname="com.dotcms.content.elasticsearch.business.ContentletIndexAPIImplTest" time="0.024"/>
  <testcase name="test_that_live_and_working_content_makes_it_into_the_index" classname="com.dotcms.content.elasticsearch.business.ContentletIndexAPIImplTest" time="35.974"/>
  <system-out><![CDATA[]]></system-out>
  <system-err><![CDATA[]]></system-err>
</testsuite>
