<?xml version="1.0" encoding="UTF-8"?>
<testsuite name="com.dotmarketing.portlets.structure.model.ContentletRelationshipsTest" tests="7" skipped="0" failures="0" errors="0" timestamp="2023-07-01T00:17:40" hostname="fv-az613-350" time="6.671">
  <properties/>
  <testcase name="testDoesAllowOnlyOne[0: com.dotmarketing.portlets.structure.model.ContentletRelationshipsTest$CardinalityTestCase@3cdba5c5]" classname="com.dotmarketing.portlets.structure.model.ContentletRelationshipsTest" time="0.436"/>
  <testcase name="testDoesAllowOnlyOne[1: com.dotmarketing.portlets.structure.model.ContentletRelationshipsTest$CardinalityTestCase@5df4ee39]" classname="com.dotmarketing.portlets.structure.model.ContentletRelationshipsTest" time="0.447"/>
  <testcase name="testDoesAllowOnlyOne[2: com.dotmarketing.portlets.structure.model.ContentletRelationshipsTest$CardinalityTestCase@5792148c]" classname="com.dotmarketing.portlets.structure.model.ContentletRelationshipsTest" time="0.42"/>
  <testcase name="testGetRelationshipRecords[0: com.dotmarketing.portlets.structure.model.ContentletRelationshipsTest$TestCase@69cad7fd]" classname="com.dotmarketing.portlets.structure.model.ContentletRelationshipsTest" time="1.972"/>
  <testcase name="testGetRelationshipRecords[1: com.dotmarketing.portlets.structure.model.ContentletRelationshipsTest$TestCase@8dea28c]" classname="com.dotmarketing.portlets.structure.model.ContentletRelationshipsTest" time="0.875"/>
  <testcase name="testGetRelationshipRecords[2: com.dotmarketing.portlets.structure.model.ContentletRelationshipsTest$TestCase@72a11088]" classname="com.dotmarketing.portlets.structure.model.ContentletRelationshipsTest" time="1.757"/>
  <testcase name="testGetRelationshipRecords[3: com.dotmarketing.portlets.structure.model.ContentletRelationshipsTest$TestCase@35505c24]" classname="com.dotmarketing.portlets.structure.model.ContentletRelationshipsTest" time="0.764"/>
  <system-out><![CDATA[]]></system-out>
  <system-err><![CDATA[]]></system-err>
</testsuite>
