<?xml version="1.0" encoding="UTF-8"?>
<testsuite name="com.dotcms.contenttype.business.ContentTypeInitializerTest" tests="2" skipped="0" failures="0" errors="0" timestamp="2023-07-17T17:15:01" hostname="fv-az673-315" time="2.2">
  <properties/>
  <testcase name="test_system_field" classname="com.dotcms.contenttype.business.ContentTypeInitializerTest" time="2.173"/>
  <testcase name="test_content_type_init" classname="com.dotcms.contenttype.business.ContentTypeInitializerTest" time="0.027"/>
  <system-out><![CDATA[]]></system-out>
  <system-err><![CDATA[]]></system-err>
</testsuite>
