<?xml version="1.0" encoding="UTF-8"?>
<testsuite name="com.dotmarketing.portlets.containers.business.ContainerAPITest" tests="16" skipped="0" failures="0" errors="0" timestamp="2023-07-14T01:36:28" hostname="fv-az493-156" time="3.827">
  <properties/>
  <testcase name="deletingSystemContainer" classname="com.dotmarketing.portlets.containers.business.ContainerAPITest" time="0.001"/>
  <testcase name="delete" classname="com.dotmarketing.portlets.containers.business.ContainerAPITest" time="1.095"/>
  <testcase name="copyingSystemContainer" classname="com.dotmarketing.portlets.containers.business.ContainerAPITest" time="0.0"/>
  <testcase name="compareCountDeletedContainer" classname="com.dotmarketing.portlets.containers.business.ContainerAPITest" time="0.066"/>
  <testcase name="testCopy" classname="com.dotmarketing.portlets.containers.business.ContainerAPITest" time="0.948"/>
  <testcase name="gettingParentHostFromSystemContainer" classname="com.dotmarketing.portlets.containers.business.ContainerAPITest" time="0.002"/>
  <testcase name="savingSystemContainer" classname="com.dotmarketing.portlets.containers.business.ContainerAPITest" time="0.006"/>
  <testcase name="findContainerUsedBySpecificContentType" classname="com.dotmarketing.portlets.containers.business.ContainerAPITest" time="0.1"/>
  <testcase name="save" classname="com.dotmarketing.portlets.containers.business.ContainerAPITest" time="0.031"/>
  <testcase name="testFindContainersUnder" classname="com.dotmarketing.portlets.containers.business.ContainerAPITest" time="0.013"/>
  <testcase name="testFindContainersWithParent" classname="com.dotmarketing.portlets.containers.business.ContainerAPITest" time="1.208"/>
  <testcase name="testFindAllContainers" classname="com.dotmarketing.portlets.containers.business.ContainerAPITest" time="0.282"/>
  <testcase name="saveWithExistingIds" classname="com.dotmarketing.portlets.containers.business.ContainerAPITest" time="0.017"/>
  <testcase name="findContainersWithoutSystemContainer" classname="com.dotmarketing.portlets.containers.business.ContainerAPITest" time="0.018"/>
  <testcase name="findContainersWithSystemContainer" classname="com.dotmarketing.portlets.containers.business.ContainerAPITest" time="0.018"/>
  <testcase name="testFindContainers" classname="com.dotmarketing.portlets.containers.business.ContainerAPITest" time="0.016"/>
  <system-out><![CDATA[]]></system-out>
  <system-err><![CDATA[]]></system-err>
</testsuite>
