<?xml version="1.0" encoding="UTF-8"?>
<testsuite name="com.dotcms.util.content.json.PopulateContentletAsJSONUtilTest" tests="3" skipped="0" failures="0" errors="0" timestamp="2023-06-28T01:39:46" hostname="fv-az612-160" time="95.844">
  <properties/>
  <testcase name="Test_populate_everything" classname="com.dotcms.util.content.json.PopulateContentletAsJSONUtilTest" time="50.653"/>
  <testcase name="Test_populate_All_excluding_host" classname="com.dotcms.util.content.json.PopulateContentletAsJSONUtilTest" time="13.086"/>
  <testcase name="Test_populate_host" classname="com.dotcms.util.content.json.PopulateContentletAsJSONUtilTest" time="32.105"/>
  <system-out><![CDATA[]]></system-out>
  <system-err><![CDATA[]]></system-err>
</testsuite>
