<?xml version="1.0" encoding="UTF-8"?>
<testsuite name="com.dotcms.publishing.PublisherAPIImplTest" tests="24" skipped="0" failures="0" errors="0" timestamp="2023-06-26T15:19:19" hostname="fv-az955-152" time="4.082">
  <properties/>
  <testcase name="AddAllCategoryIntoBundle" classname="com.dotcms.publishing.PublisherAPIImplTest" time="0.3"/>
  <testcase name="testFilterDescriptors" classname="com.dotcms.publishing.PublisherAPIImplTest" time="0.16"/>
  <testcase name="sendPushPublishBundle[0: com.dotcms.publishing.PublisherAPIImplTest$TestAsset@17339beb]" classname="com.dotcms.publishing.PublisherAPIImplTest" time="1.238"/>
  <testcase name="sendPushPublishBundle[1: com.dotcms.publishing.PublisherAPIImplTest$TestAsset@43919f55]" classname="com.dotcms.publishing.PublisherAPIImplTest" time="0.172"/>
  <testcase name="sendPushPublishBundle[2: com.dotcms.publishing.PublisherAPIImplTest$TestAsset@552b5283]" classname="com.dotcms.publishing.PublisherAPIImplTest" time="0.163"/>
  <testcase name="sendPushPublishBundle[3: com.dotcms.publishing.PublisherAPIImplTest$TestAsset@3088d8f5]" classname="com.dotcms.publishing.PublisherAPIImplTest" time="0.257"/>
  <testcase name="sendPushPublishBundle[4: com.dotcms.publishing.PublisherAPIImplTest$TestAsset@3beff1cc]" classname="com.dotcms.publishing.PublisherAPIImplTest" time="0.214"/>
  <testcase name="sendPushPublishBundle[5: com.dotcms.publishing.PublisherAPIImplTest$TestAsset@74cbbad3]" classname="com.dotcms.publishing.PublisherAPIImplTest" time="0.149"/>
  <testcase name="sendPushPublishBundle[6: com.dotcms.publishing.PublisherAPIImplTest$TestAsset@7b7b5183]" classname="com.dotcms.publishing.PublisherAPIImplTest" time="0.113"/>
  <testcase name="sendPushPublishBundle[7: com.dotcms.publishing.PublisherAPIImplTest$TestAsset@d427169]" classname="com.dotcms.publishing.PublisherAPIImplTest" time="0.133"/>
  <testcase name="sendPushPublishBundle[8: com.dotcms.publishing.PublisherAPIImplTest$TestAsset@49e7909c]" classname="com.dotcms.publishing.PublisherAPIImplTest" time="0.092"/>
  <testcase name="sendPushPublishBundle[9: com.dotcms.publishing.PublisherAPIImplTest$TestAsset@6053a651]" classname="com.dotcms.publishing.PublisherAPIImplTest" time="0.143"/>
  <testcase name="sendPushPublishBundle[10: com.dotcms.publishing.PublisherAPIImplTest$TestAsset@41850491]" classname="com.dotcms.publishing.PublisherAPIImplTest" time="0.086"/>
  <testcase name="generateBundle[0: com.dotcms.publishing.PublisherAPIImplTest$TestAsset@17339beb]" classname="com.dotcms.publishing.PublisherAPIImplTest" time="0.088"/>
  <testcase name="generateBundle[1: com.dotcms.publishing.PublisherAPIImplTest$TestAsset@43919f55]" classname="com.dotcms.publishing.PublisherAPIImplTest" time="0.075"/>
  <testcase name="generateBundle[2: com.dotcms.publishing.PublisherAPIImplTest$TestAsset@552b5283]" classname="com.dotcms.publishing.PublisherAPIImplTest" time="0.073"/>
  <testcase name="generateBundle[3: com.dotcms.publishing.PublisherAPIImplTest$TestAsset@3088d8f5]" classname="com.dotcms.publishing.PublisherAPIImplTest" time="0.144"/>
  <testcase name="generateBundle[4: com.dotcms.publishing.PublisherAPIImplTest$TestAsset@3beff1cc]" classname="com.dotcms.publishing.PublisherAPIImplTest" time="0.125"/>
  <testcase name="generateBundle[5: com.dotcms.publishing.PublisherAPIImplTest$TestAsset@74cbbad3]" classname="com.dotcms.publishing.PublisherAPIImplTest" time="0.075"/>
  <testcase name="generateBundle[6: com.dotcms.publishing.PublisherAPIImplTest$TestAsset@7b7b5183]" classname="com.dotcms.publishing.PublisherAPIImplTest" time="0.069"/>
  <testcase name="generateBundle[7: com.dotcms.publishing.PublisherAPIImplTest$TestAsset@d427169]" classname="com.dotcms.publishing.PublisherAPIImplTest" time="0.054"/>
  <testcase name="generateBundle[8: com.dotcms.publishing.PublisherAPIImplTest$TestAsset@49e7909c]" classname="com.dotcms.publishing.PublisherAPIImplTest" time="0.04"/>
  <testcase name="generateBundle[9: com.dotcms.publishing.PublisherAPIImplTest$TestAsset@6053a651]" classname="com.dotcms.publishing.PublisherAPIImplTest" time="0.095"/>
  <testcase name="generateBundle[10: com.dotcms.publishing.PublisherAPIImplTest$TestAsset@41850491]" classname="com.dotcms.publishing.PublisherAPIImplTest" time="0.014"/>
  <system-out><![CDATA[









































































































































































]]></system-out>
  <system-err><![CDATA[]]></system-err>
</testsuite>
