<?xml version="1.0" encoding="UTF-8"?>
<testsuite name="com.dotcms.util.content.json.PopulateContentletAsJSONUtilTest" tests="3" skipped="0" failures="0" errors="0" timestamp="2023-07-06T22:38:11" hostname="fv-az987-876" time="93.823">
  <properties/>
  <testcase name="Test_populate_everything" classname="com.dotcms.util.content.json.PopulateContentletAsJSONUtilTest" time="48.523"/>
  <testcase name="Test_populate_All_excluding_host" classname="com.dotcms.util.content.json.PopulateContentletAsJSONUtilTest" time="13.664"/>
  <testcase name="Test_populate_host" classname="com.dotcms.util.content.json.PopulateContentletAsJSONUtilTest" time="31.636"/>
  <system-out><![CDATA[]]></system-out>
  <system-err><![CDATA[]]></system-err>
</testsuite>
