<?xml version="1.0" encoding="UTF-8"?>
<testsuite name="com.dotmarketing.db.DbConnectionFactoryUtilTest" tests="1" skipped="0" failures="0" errors="0" timestamp="2023-07-13T17:25:41" hostname="fv-az262-63" time="0.0">
  <properties/>
  <testcase name="testInTransaction" classname="com.dotmarketing.db.DbConnectionFactoryUtilTest" time="0.0"/>
  <system-out><![CDATA[]]></system-out>
  <system-err><![CDATA[]]></system-err>
</testsuite>
