<?xml version="1.0" encoding="UTF-8"?>
<testsuite name="com.dotcms.contenttype.test.ContentResourceTest" tests="52" skipped="0" failures="0" errors="0" timestamp="2023-06-23T17:25:50" hostname="fv-az578-351" time="156.282">
  <properties/>
  <testcase name="testGetContentShouldReturnIconDetails" classname="com.dotcms.contenttype.test.ContentResourceTest" time="1.779"/>
  <testcase name="Test_Save_Action_Set_Words_To_Required_NumericField_Issue_15340" classname="com.dotcms.contenttype.test.ContentResourceTest" time="0.955"/>
  <testcase name="test_getContent_includeGrandChildCategory_success" classname="com.dotcms.contenttype.test.ContentResourceTest" time="1.457"/>
  <testcase name="testGetContentWithRelatedParameter[0: com.dotcms.contenttype.test.ContentResourceTest$PullRelatedTestCase@6a618bf3]" classname="com.dotcms.contenttype.test.ContentResourceTest" time="4.0"/>
  <testcase name="testGetContentWithRelatedParameter[1: com.dotcms.contenttype.test.ContentResourceTest$PullRelatedTestCase@42c1a571]" classname="com.dotcms.contenttype.test.ContentResourceTest" time="4.138"/>
  <testcase name="testGetContentWithRelatedParameter[2: com.dotcms.contenttype.test.ContentResourceTest$PullRelatedTestCase@38c47b1c]" classname="com.dotcms.contenttype.test.ContentResourceTest" time="4.025"/>
  <testcase name="testGetContentWithRelatedParameter[3: com.dotcms.contenttype.test.ContentResourceTest$PullRelatedTestCase@5c0071d7]" classname="com.dotcms.contenttype.test.ContentResourceTest" time="3.868"/>
  <testcase name="testGetContentWithRelatedParameter[4: com.dotcms.contenttype.test.ContentResourceTest$PullRelatedTestCase@3a5857b7]" classname="com.dotcms.contenttype.test.ContentResourceTest" time="3.786"/>
  <testcase name="test_getContent_SelfRelatedWith3LevelsOfDepth_shouldReturnRelationships" classname="com.dotcms.contenttype.test.ContentResourceTest" time="1.459"/>
  <testcase name="Test_Save_Action_Send_Fields_SubSet_Issue_15340" classname="com.dotcms.contenttype.test.ContentResourceTest" time="3.059"/>
  <testcase name="test_getContent_shouldReturnRelationships[0: com.dotcms.contenttype.test.ContentResourceTest$TestCase@757d97a0]" classname="com.dotcms.contenttype.test.ContentResourceTest" time="3.036"/>
  <testcase name="test_getContent_shouldReturnRelationships[1: com.dotcms.contenttype.test.ContentResourceTest$TestCase@6efa0e88]" classname="com.dotcms.contenttype.test.ContentResourceTest" time="3.195"/>
  <testcase name="test_getContent_shouldReturnRelationships[2: com.dotcms.contenttype.test.ContentResourceTest$TestCase@312b4449]" classname="com.dotcms.contenttype.test.ContentResourceTest" time="3.23"/>
  <testcase name="test_getContent_shouldReturnRelationships[3: com.dotcms.contenttype.test.ContentResourceTest$TestCase@49364834]" classname="com.dotcms.contenttype.test.ContentResourceTest" time="3.325"/>
  <testcase name="test_getContent_shouldReturnRelationships[4: com.dotcms.contenttype.test.ContentResourceTest$TestCase@50ef0625]" classname="com.dotcms.contenttype.test.ContentResourceTest" time="3.283"/>
  <testcase name="test_getContent_shouldReturnRelationships[5: com.dotcms.contenttype.test.ContentResourceTest$TestCase@6edfdcfe]" classname="com.dotcms.contenttype.test.ContentResourceTest" time="2.957"/>
  <testcase name="test_getContent_shouldReturnRelationships[6: com.dotcms.contenttype.test.ContentResourceTest$TestCase@5bdd460]" classname="com.dotcms.contenttype.test.ContentResourceTest" time="3.147"/>
  <testcase name="test_getContent_shouldReturnRelationships[7: com.dotcms.contenttype.test.ContentResourceTest$TestCase@7eb14b0b]" classname="com.dotcms.contenttype.test.ContentResourceTest" time="3.077"/>
  <testcase name="test_getContent_shouldReturnRelationships[8: com.dotcms.contenttype.test.ContentResourceTest$TestCase@56c7b4d6]" classname="com.dotcms.contenttype.test.ContentResourceTest" time="3.434"/>
  <testcase name="test_getContent_shouldReturnRelationships[9: com.dotcms.contenttype.test.ContentResourceTest$TestCase@466fbadc]" classname="com.dotcms.contenttype.test.ContentResourceTest" time="3.518"/>
  <testcase name="test_getContent_shouldReturnRelationships[10: com.dotcms.contenttype.test.ContentResourceTest$TestCase@2d9a78a5]" classname="com.dotcms.contenttype.test.ContentResourceTest" time="3.109"/>
  <testcase name="test_getContent_shouldReturnRelationships[11: com.dotcms.contenttype.test.ContentResourceTest$TestCase@5987970e]" classname="com.dotcms.contenttype.test.ContentResourceTest" time="2.991"/>
  <testcase name="test_getContent_shouldReturnRelationships[12: com.dotcms.contenttype.test.ContentResourceTest$TestCase@320df9ec]" classname="com.dotcms.contenttype.test.ContentResourceTest" time="3.074"/>
  <testcase name="test_getContent_shouldReturnRelationships[13: com.dotcms.contenttype.test.ContentResourceTest$TestCase@98f0c2b]" classname="com.dotcms.contenttype.test.ContentResourceTest" time="3.05"/>
  <testcase name="test_getContent_shouldReturnRelationships[14: com.dotcms.contenttype.test.ContentResourceTest$TestCase@77ae12ef]" classname="com.dotcms.contenttype.test.ContentResourceTest" time="3.048"/>
  <testcase name="test_getContent_shouldReturnRelationships[15: com.dotcms.contenttype.test.ContentResourceTest$TestCase@12f4d4f3]" classname="com.dotcms.contenttype.test.ContentResourceTest" time="4.078"/>
  <testcase name="test_getContent_shouldReturnRelationships[16: com.dotcms.contenttype.test.ContentResourceTest$TestCase@4feb9dd8]" classname="com.dotcms.contenttype.test.ContentResourceTest" time="4.09"/>
  <testcase name="test_getContent_shouldReturnRelationships[17: com.dotcms.contenttype.test.ContentResourceTest$TestCase@3ef42e5a]" classname="com.dotcms.contenttype.test.ContentResourceTest" time="3.304"/>
  <testcase name="test_getContent_shouldReturnRelationships[18: com.dotcms.contenttype.test.ContentResourceTest$TestCase@394a6a01]" classname="com.dotcms.contenttype.test.ContentResourceTest" time="2.198"/>
  <testcase name="test_getContent_shouldReturnRelationships[19: com.dotcms.contenttype.test.ContentResourceTest$TestCase@d2d7297]" classname="com.dotcms.contenttype.test.ContentResourceTest" time="3.291"/>
  <testcase name="test_getContent_shouldReturnRelationships[20: com.dotcms.contenttype.test.ContentResourceTest$TestCase@1e3b2bb7]" classname="com.dotcms.contenttype.test.ContentResourceTest" time="3.374"/>
  <testcase name="test_getContent_shouldReturnRelationships[21: com.dotcms.contenttype.test.ContentResourceTest$TestCase@1a250d4]" classname="com.dotcms.contenttype.test.ContentResourceTest" time="3.44"/>
  <testcase name="test_getContent_shouldReturnRelationships[22: com.dotcms.contenttype.test.ContentResourceTest$TestCase@6bd22883]" classname="com.dotcms.contenttype.test.ContentResourceTest" time="3.158"/>
  <testcase name="test_getContent_shouldReturnRelationships[23: com.dotcms.contenttype.test.ContentResourceTest$TestCase@d0d56a4]" classname="com.dotcms.contenttype.test.ContentResourceTest" time="3.176"/>
  <testcase name="test_getContent_shouldReturnRelationships[24: com.dotcms.contenttype.test.ContentResourceTest$TestCase@4aaca221]" classname="com.dotcms.contenttype.test.ContentResourceTest" time="3.311"/>
  <testcase name="test_getContent_shouldReturnRelationships[25: com.dotcms.contenttype.test.ContentResourceTest$TestCase@599b6f50]" classname="com.dotcms.contenttype.test.ContentResourceTest" time="3.445"/>
  <testcase name="test_getContent_shouldReturnRelationships[26: com.dotcms.contenttype.test.ContentResourceTest$TestCase@23f7d2d0]" classname="com.dotcms.contenttype.test.ContentResourceTest" time="3.442"/>
  <testcase name="test_getContent_shouldReturnRelationships[27: com.dotcms.contenttype.test.ContentResourceTest$TestCase@4428187c]" classname="com.dotcms.contenttype.test.ContentResourceTest" time="3.182"/>
  <testcase name="test_getContent_shouldReturnRelationships[28: com.dotcms.contenttype.test.ContentResourceTest$TestCase@6b3a0772]" classname="com.dotcms.contenttype.test.ContentResourceTest" time="3.052"/>
  <testcase name="test_getContent_shouldReturnRelationships[29: com.dotcms.contenttype.test.ContentResourceTest$TestCase@69d914aa]" classname="com.dotcms.contenttype.test.ContentResourceTest" time="3.068"/>
  <testcase name="test_getContent_shouldReturnRelationships[30: com.dotcms.contenttype.test.ContentResourceTest$TestCase@74253a13]" classname="com.dotcms.contenttype.test.ContentResourceTest" time="3.17"/>
  <testcase name="test_getContent_shouldReturnRelationships[31: com.dotcms.contenttype.test.ContentResourceTest$TestCase@70ca2713]" classname="com.dotcms.contenttype.test.ContentResourceTest" time="3.059"/>
  <testcase name="test_getContent_shouldReturnRelationships[32: com.dotcms.contenttype.test.ContentResourceTest$TestCase@4bf0bfef]" classname="com.dotcms.contenttype.test.ContentResourceTest" time="4.151"/>
  <testcase name="test_getContent_shouldReturnRelationships[33: com.dotcms.contenttype.test.ContentResourceTest$TestCase@6aad8e7f]" classname="com.dotcms.contenttype.test.ContentResourceTest" time="4.236"/>
  <testcase name="testSinglePOST_InvalidParamsShouldReturn400[0: ({\n    &quot;stInode&quot; : &quot;InvalidValue&quot;,\n    &quot;numeric&quot; : &quot;0&quot;,\n    &quot;image&quot; : &quot;whatever&quot;\n}, Bad Request)]" classname="com.dotcms.contenttype.test.ContentResourceTest" time="0.977"/>
  <testcase name="testSinglePOST_InvalidParamsShouldReturn400[1: ({\n    &quot;numeric&quot; : &quot;0&quot;,\n    &quot;image&quot; : &quot;whatever&quot;\n}, Bad Request)]" classname="com.dotcms.contenttype.test.ContentResourceTest" time="0.912"/>
  <testcase name="Test_Save_Action_Set_Null_To_Required_NumericField_Issue_15340" classname="com.dotcms.contenttype.test.ContentResourceTest" time="1.004"/>
  <testcase name="Test_Save_Action_Remove_Image_Then_Verify_Fields_Were_Cleared_Issue_15340" classname="com.dotcms.contenttype.test.ContentResourceTest" time="4.078"/>
  <testcase name="test_getContentWithMultipleSelfRelated_shouldReturnRelationships[0: com.dotcms.contenttype.test.ContentResourceTest$PullSelfRelatedTestCase@16d69fd7]" classname="com.dotcms.contenttype.test.ContentResourceTest" time="1.813"/>
  <testcase name="test_getContentWithMultipleSelfRelated_shouldReturnRelationships[1: com.dotcms.contenttype.test.ContentResourceTest$PullSelfRelatedTestCase@58175525]" classname="com.dotcms.contenttype.test.ContentResourceTest" time="1.84"/>
  <testcase name="testGetContentWithAllCategoriesInfo[0: json]" classname="com.dotcms.contenttype.test.ContentResourceTest" time="2.625"/>
  <testcase name="testGetContentWithAllCategoriesInfo[1: xml]" classname="com.dotcms.contenttype.test.ContentResourceTest" time="2.806"/>
  <system-out><![CDATA[











]]></system-out>
  <system-err><![CDATA[]]></system-err>
</testsuite>
