<?xml version="1.0" encoding="UTF-8"?>
<testsuite name="com.dotmarketing.business.DeterministicIdentifierAPITest" tests="16" skipped="0" failures="0" errors="0" timestamp="2023-06-29T19:37:19" hostname="fv-az453-135" time="1.459">
  <properties/>
  <testcase name="Test_Category_Path_Seed_And_Id" classname="com.dotmarketing.business.DeterministicIdentifierAPITest" time="0.039"/>
  <testcase name="Test_Language_Deterministic_Id[0: LanguageTestCase{expectedSeed='Language:es:US', expectedHash=4913155, langCode='es', countryCode='US', country='United States'}]" classname="com.dotmarketing.business.DeterministicIdentifierAPITest" time="0.001"/>
  <testcase name="Test_Language_Deterministic_Id[1: LanguageTestCase{expectedSeed='Language:ep:', expectedHash=5292269, langCode='ep', countryCode='', country=''}]" classname="com.dotmarketing.business.DeterministicIdentifierAPITest" time="0.001"/>
  <testcase name="Test_Language_Deterministic_Id[2: LanguageTestCase{expectedSeed='Language:sg:SAG', expectedHash=4713118, langCode='sg', countryCode='SAG', country=''}]" classname="com.dotmarketing.business.DeterministicIdentifierAPITest" time="0.001"/>
  <testcase name="Test_Language_Deterministic_Id[3: LanguageTestCase{expectedSeed='Language:en:NZ', expectedHash=5382528, langCode='en', countryCode='NZ', country='New Zealand'}]" classname="com.dotmarketing.business.DeterministicIdentifierAPITest" time="0.001"/>
  <testcase name="Test_Category_None_Persisted_Category_Should_Return_Deterministic_Id" classname="com.dotmarketing.business.DeterministicIdentifierAPITest" time="0.002"/>
  <testcase name="Test_Asset_Generate_Deterministic_Id_Best_Effort[0: TestCase{versionable=my.host1688067035229.com, parent=System Host, expectedName='my.host1688067035229.com', expectedType='Host'}]" classname="com.dotmarketing.business.DeterministicIdentifierAPITest" time="0.004"/>
  <testcase name="Test_Asset_Generate_Deterministic_Id_Best_Effort[1: TestCase{versionable=com.dotmarketing.portlets.contentlet.model.Contentlet@5de288d7[map={modDate=2023-06-29 19:30:35.976, fileName=file15307018436124671074.txt, title=file15307018436124671074.txt, inode=1449b2de-c67e-43ba-902c-bc8d4027dcc0, __IS_NEW_CONTENT__=true, disabledWYSIWYG=[], host=2b04a9b6-49c4-4a1e-b4bf-d5abfdf9e419, stInode=33888b6f-7a8e-4069-b1b6-5c1aa9d0a48d, owner=system, identifier=73a09b5e-d3ad-424e-8cff-bf5815b02e41, nullProperties=[wfExpireDate, wfPublishDate, wfActionAssign, wfActionId, wfActionComments, filterKey, whereToSend, wfNeverExpire, _path_to_move, timezoneId, iWantTo, wfPublishTime, wfExpireTime], languageId=1, fileAsset=/home/runner/work/core/custom/assets/1/4/1449b2de-c67e-43ba-902c-bc8d4027dcc0/fileAsset/file15307018436124671074.txt, folder=54dcd9b9-762d-495a-af44-2430069f5d46, __disable_workflow__=true, sortOrder=0, modUser=system},lowIndexPriority=false,variantId=DEFAULT], parent=com.dotmarketing.portlets.folders.model.Folder@6e9c0df3[identifier=54dcd9b9-762d-495a-af44-2430069f5d46,name=testName1688067035966,sortOrder=0,showOnMenu=false,hostId=2b04a9b6-49c4-4a1e-b4bf-d5abfdf9e419,type=folder,title=testTitle1688067035966,filesMasks=,defaultFileType=33888b6f-7a8e-4069-b1b6-5c1aa9d0a48d,modDate=2023-06-29 19:30:35.97,owner=&lt;null&gt;,iDate=2023-06-29 19:30:35.97,inode=54dcd9b9-762d-495a-af44-2430069f5d46,path=/testName1688067035966/], expectedName='file15307018436124671074.txt', expectedType='FileAsset'}]" classname="com.dotmarketing.business.DeterministicIdentifierAPITest" time="0.004"/>
  <testcase name="Test_Asset_Generate_Deterministic_Id_Best_Effort[2: TestCase{versionable=com.dotmarketing.portlets.templates.model.Template@c5c7b9a6, parent=my.host1688067035229.com, expectedName='testTitle1688067036097', expectedType='Template'}]" classname="com.dotmarketing.business.DeterministicIdentifierAPITest" time="0.003"/>
  <testcase name="Test_Asset_Generate_Deterministic_Id_Best_Effort[3: TestCase{versionable=com.dotmarketing.portlets.htmlpageasset.model.HTMLPageAsset@39612730[map={template=568b6e45-ed69-4b48-9402-12d03f954f4a, owner=system, identifier=7c17dab2-eaff-4b7c-9717-5723e1ecd9bc, nullProperties=[wfExpireDate, wfPublishDate, wfActionAssign, wfActionId, wfActionComments, filterKey, whereToSend, wfNeverExpire, _path_to_move, timezoneId, iWantTo, wfPublishTime, wfExpireTime], modDate=2023-06-29 19:30:36.116, cachettl=0, _is_test_mode=true, languageId=1, title=test-page-title-1688067036110, httpsreq=, url=test-page-url-1688067036110, showOnMenu=, inode=32cfdaf9-bee3-41e4-a90c-d5d91a1aae74, folder=54dcd9b9-762d-495a-af44-2430069f5d46, disabledWYSIWYG=[], sortOrder=1, modUser=system, host=2b04a9b6-49c4-4a1e-b4bf-d5abfdf9e419, stInode=c541abb1-69b3-4bc5-8430-5e09e5239cc8, friendlyName=test-page-friendly-name-1688067036110},lowIndexPriority=false,variantId=DEFAULT], parent=com.dotmarketing.portlets.folders.model.Folder@6e9c0df3[identifier=54dcd9b9-762d-495a-af44-2430069f5d46,name=testName1688067035966,sortOrder=0,showOnMenu=false,hostId=2b04a9b6-49c4-4a1e-b4bf-d5abfdf9e419,type=folder,title=testTitle1688067035966,filesMasks=,defaultFileType=33888b6f-7a8e-4069-b1b6-5c1aa9d0a48d,modDate=2023-06-29 19:30:35.97,owner=&lt;null&gt;,iDate=2023-06-29 19:30:35.97,inode=54dcd9b9-762d-495a-af44-2430069f5d46,path=/testName1688067035966/], expectedName='test-page-url-1688067036110', expectedType='htmlpageasset'}]" classname="com.dotmarketing.business.DeterministicIdentifierAPITest" time="0.003"/>
  <testcase name="Test_Asset_Generate_Deterministic_Id_Best_Effort[4: TestCase{versionable=com.dotmarketing.portlets.contentlet.model.Contentlet@25a72400[map={fileAsset2=/home/runner/work/core/custom/assets/f/a/fa7b0173-8a98-4eab-b3b1-38d468419d8d/fileAsset2/test_binary1688067037916.png, modDate=2023-06-29 19:30:37.922, fileAsset1=/home/runner/work/core/custom/assets/f/a/fa7b0173-8a98-4eab-b3b1-38d468419d8d/fileAsset1/test_binary1688067037916.jpg, title=blah, inode=fa7b0173-8a98-4eab-b3b1-38d468419d8d, __IS_NEW_CONTENT__=true, disabledWYSIWYG=[], host=48190c8c-42c4-46af-8d1a-0cd5db894797, stInode=cd38bc3c-884a-4f36-9208-0cd1444320a7, owner=system, identifier=21e86668-37bf-4ace-b611-2e0aeaeb64fa, nullProperties=[], languageId=1, image1=8342e05a-6e83-4972-8712-99bb8818abe8, folder=SYSTEM_FOLDER, __disable_workflow__=true, sortOrder=0, modUser=system},lowIndexPriority=false,variantId=DEFAULT], parent=demo.dotcms.com, expectedName='test_binary1688067037916.jpg:test_binary1688067037916.png', expectedType='MultipleBinaries1688067036305'}]" classname="com.dotmarketing.business.DeterministicIdentifierAPITest" time="0.003"/>
  <testcase name="Test_Asset_Generate_Deterministic_Id_Best_Effort[5: TestCase{versionable=name2d91c9b02f : keyTag2d91c9b02f, parent=my.host1688067035229.com, expectedName='keyTag2d91c9b02f', expectedType='persona'}]" classname="com.dotmarketing.business.DeterministicIdentifierAPITest" time="0.003"/>
  <testcase name="Test_Similar_Content_Type_Wont_Clash" classname="com.dotmarketing.business.DeterministicIdentifierAPITest" time="0.644"/>
  <testcase name="Test_Generate_Folder_Identifier" classname="com.dotmarketing.business.DeterministicIdentifierAPITest" time="0.73"/>
  <testcase name="Test_Generate_Content_Type_Identifier[0: ContentTypeTestCase{contentType=KeyValueContentType{name=Language Variable, id=f4d7c1b8-2c88-4071-abf1-a5328977b07d, description=Default Content Type for Language Variables, defaultType=false, fixed=true, iDate=Thu Aug 31 16:38:49 UTC 2017, system=true, versionable=true, variable=Languagevariable, modDate=Thu Jun 29 18:19:57 UTC 2023, host=SYSTEM_HOST, siteName=systemHost, icon=language, sortOrder=0, folder=SYSTEM_FOLDER, folderPath=/, markedForDeletion=true, multilingualable=false}, expectedName='Languagevariable', expectedType='KeyValue'}]" classname="com.dotmarketing.business.DeterministicIdentifierAPITest" time="0.008"/>
  <testcase name="Test_Generate_Content_Type_Identifier[1: ContentTypeTestCase{contentType=SimpleContentType{name=testName1688067038306, id=961402bc-7aa9-4102-8afb-6cfe816b1428, description=testDescription1688067038306, defaultType=false, fixed=false, iDate=Thu Jun 29 19:30:38 UTC 2023, system=false, versionable=true, multilingualable=false, variable=testVarname1688067038306, owner=system, modDate=Thu Jun 29 19:30:39 UTC 2023, host=48190c8c-42c4-46af-8d1a-0cd5db894797, siteName=demo.dotcms.com, icon=event_note, sortOrder=0, folder=SYSTEM_FOLDER, folderPath=/, requiredFields=[], markedForDeletion=false}, expectedName='testVarname1688067038306', expectedType='CONTENT'}]" classname="com.dotmarketing.business.DeterministicIdentifierAPITest" time="0.009"/>
  <system-out><![CDATA[]]></system-out>
  <system-err><![CDATA[]]></system-err>
</testsuite>
