<?xml version="1.0" encoding="UTF-8"?>
<testsuite name="com.dotmarketing.business.DeterministicIdentifierAPITest" tests="16" skipped="0" failures="0" errors="0" timestamp="2023-07-19T22:20:41" hostname="fv-az561-507" time="0.906">
  <properties/>
  <testcase name="Test_Category_Path_Seed_And_Id" classname="com.dotmarketing.business.DeterministicIdentifierAPITest" time="0.033"/>
  <testcase name="Test_Language_Deterministic_Id[0: LanguageTestCase{expectedSeed='Language:es:US', expectedHash=4913155, langCode='es', countryCode='US', country='United States'}]" classname="com.dotmarketing.business.DeterministicIdentifierAPITest" time="0.002"/>
  <testcase name="Test_Language_Deterministic_Id[1: LanguageTestCase{expectedSeed='Language:ep:', expectedHash=5292269, langCode='ep', countryCode='', country=''}]" classname="com.dotmarketing.business.DeterministicIdentifierAPITest" time="0.001"/>
  <testcase name="Test_Language_Deterministic_Id[2: LanguageTestCase{expectedSeed='Language:sg:SAG', expectedHash=4713118, langCode='sg', countryCode='SAG', country=''}]" classname="com.dotmarketing.business.DeterministicIdentifierAPITest" time="0.002"/>
  <testcase name="Test_Language_Deterministic_Id[3: LanguageTestCase{expectedSeed='Language:en:NZ', expectedHash=5382528, langCode='en', countryCode='NZ', country='New Zealand'}]" classname="com.dotmarketing.business.DeterministicIdentifierAPITest" time="0.002"/>
  <testcase name="Test_Category_None_Persisted_Category_Should_Return_Deterministic_Id" classname="com.dotmarketing.business.DeterministicIdentifierAPITest" time="0.002"/>
  <testcase name="Test_Asset_Generate_Deterministic_Id_Best_Effort[0: TestCase{versionable=my.host1689804821127.com, parent=System Host, expectedName='my.host1689804821127.com', expectedType='Host'}]" classname="com.dotmarketing.business.DeterministicIdentifierAPITest" time="0.007"/>
  <testcase name="Test_Asset_Generate_Deterministic_Id_Best_Effort[1: TestCase{versionable=com.dotmarketing.portlets.contentlet.model.Contentlet@43ddece4[map={modDate=2023-07-19 22:13:41.739, fileName=file1393254963674432163.txt, title=file1393254963674432163.txt, inode=209919e1-d509-4f3c-bc95-4174a874a648, __IS_NEW_CONTENT__=true, disabledWYSIWYG=[], host=e5fa197b-a292-44e3-8531-cf95b67abab4, stInode=33888b6f-7a8e-4069-b1b6-5c1aa9d0a48d, owner=system, identifier=999dfdfc-69d5-497b-aaaa-ed2c946f88cb, nullProperties=[wfExpireDate, wfPublishDate, wfActionAssign, wfActionId, wfActionComments, filterKey, whereToSend, wfNeverExpire, _path_to_move, timezoneId, iWantTo, wfPublishTime, wfExpireTime], languageId=1, fileAsset=/home/runner/work/core/custom/assets/2/0/209919e1-d509-4f3c-bc95-4174a874a648/fileAsset/file1393254963674432163.txt, folder=28e531e4-a6f9-415e-a319-8f1e00231a5f, __disable_workflow__=true, sortOrder=0, modUser=system},lowIndexPriority=false,variantId=DEFAULT], parent=com.dotmarketing.portlets.folders.model.Folder@7bc81e6c[identifier=28e531e4-a6f9-415e-a319-8f1e00231a5f,name=testName1689804821730,sortOrder=0,showOnMenu=false,hostId=e5fa197b-a292-44e3-8531-cf95b67abab4,type=folder,title=testTitle1689804821730,filesMasks=,defaultFileType=33888b6f-7a8e-4069-b1b6-5c1aa9d0a48d,modDate=2023-07-19 22:13:41.734,owner=&lt;null&gt;,iDate=2023-07-19 22:13:41.734,inode=28e531e4-a6f9-415e-a319-8f1e00231a5f,path=/testName1689804821730/], expectedName='file1393254963674432163.txt', expectedType='FileAsset'}]" classname="com.dotmarketing.business.DeterministicIdentifierAPITest" time="0.005"/>
  <testcase name="Test_Asset_Generate_Deterministic_Id_Best_Effort[2: TestCase{versionable=com.dotmarketing.portlets.templates.model.Template@2e9927c2, parent=my.host1689804821127.com, expectedName='testTitle1689804821851', expectedType='Template'}]" classname="com.dotmarketing.business.DeterministicIdentifierAPITest" time="0.006"/>
  <testcase name="Test_Asset_Generate_Deterministic_Id_Best_Effort[3: TestCase{versionable=com.dotmarketing.portlets.htmlpageasset.model.HTMLPageAsset@3770ffaf[map={template=b607caef-f421-4b7b-92ec-2e5d2bcc06e4, owner=system, identifier=de1cd644-6b8c-4093-b742-ecd1f1109ba8, nullProperties=[wfExpireDate, wfPublishDate, wfActionAssign, wfActionId, wfActionComments, filterKey, whereToSend, wfNeverExpire, _path_to_move, timezoneId, iWantTo, wfPublishTime, wfExpireTime], modDate=2023-07-19 22:13:41.869, cachettl=0, _is_test_mode=true, languageId=1, title=test-page-title-1689804821864, httpsreq=, url=test-page-url-1689804821864, showOnMenu=, inode=8c5799a0-c1c2-4955-842c-1d3fe40df889, folder=28e531e4-a6f9-415e-a319-8f1e00231a5f, disabledWYSIWYG=[], sortOrder=1, modUser=system, host=e5fa197b-a292-44e3-8531-cf95b67abab4, stInode=c541abb1-69b3-4bc5-8430-5e09e5239cc8, friendlyName=test-page-friendly-name-1689804821864},lowIndexPriority=false,variantId=DEFAULT], parent=com.dotmarketing.portlets.folders.model.Folder@7bc81e6c[identifier=28e531e4-a6f9-415e-a319-8f1e00231a5f,name=testName1689804821730,sortOrder=0,showOnMenu=false,hostId=e5fa197b-a292-44e3-8531-cf95b67abab4,type=folder,title=testTitle1689804821730,filesMasks=,defaultFileType=33888b6f-7a8e-4069-b1b6-5c1aa9d0a48d,modDate=2023-07-19 22:13:41.734,owner=&lt;null&gt;,iDate=2023-07-19 22:13:41.734,inode=28e531e4-a6f9-415e-a319-8f1e00231a5f,path=/testName1689804821730/], expectedName='test-page-url-1689804821864', expectedType='htmlpageasset'}]" classname="com.dotmarketing.business.DeterministicIdentifierAPITest" time="0.004"/>
  <testcase name="Test_Asset_Generate_Deterministic_Id_Best_Effort[4: TestCase{versionable=com.dotmarketing.portlets.contentlet.model.Contentlet@610474d7[map={fileAsset2=/home/runner/work/core/custom/assets/8/9/89c2068e-a9ac-40b1-ba35-f28eba51db25/fileAsset2/test_binary1689804823792.png, modDate=2023-07-19 22:13:43.799, fileAsset1=/home/runner/work/core/custom/assets/8/9/89c2068e-a9ac-40b1-ba35-f28eba51db25/fileAsset1/test_binary1689804823792.jpg, title=blah, inode=89c2068e-a9ac-40b1-ba35-f28eba51db25, __IS_NEW_CONTENT__=true, disabledWYSIWYG=[], host=48190c8c-42c4-46af-8d1a-0cd5db894797, stInode=764eddc8-e171-4fad-81fd-09511a790fb9, owner=system, identifier=96fe9813-9803-44e0-a295-15a22cb2ed80, nullProperties=[], languageId=1, image1=e24b22c5-a10c-4134-8c65-4edb873d66bc, folder=SYSTEM_FOLDER, __disable_workflow__=true, sortOrder=0, modUser=system},lowIndexPriority=false,variantId=DEFAULT], parent=demo.dotcms.com, expectedName='test_binary1689804823792.jpg:test_binary1689804823792.png', expectedType='MultipleBinaries1689804822125'}]" classname="com.dotmarketing.business.DeterministicIdentifierAPITest" time="0.004"/>
  <testcase name="Test_Asset_Generate_Deterministic_Id_Best_Effort[5: TestCase{versionable=namec8b4d38627 : keyTagc8b4d38627, parent=my.host1689804821127.com, expectedName='keyTagc8b4d38627', expectedType='persona'}]" classname="com.dotmarketing.business.DeterministicIdentifierAPITest" time="0.003"/>
  <testcase name="Test_Similar_Content_Type_Wont_Clash" classname="com.dotmarketing.business.DeterministicIdentifierAPITest" time="0.577"/>
  <testcase name="Test_Generate_Folder_Identifier" classname="com.dotmarketing.business.DeterministicIdentifierAPITest" time="0.241"/>
  <testcase name="Test_Generate_Content_Type_Identifier[0: ContentTypeTestCase{contentType=KeyValueContentType{name=Language Variable, id=f4d7c1b8-2c88-4071-abf1-a5328977b07d, description=Default Content Type for Language Variables, defaultType=false, fixed=true, iDate=Thu Aug 31 16:38:49 UTC 2017, system=true, versionable=true, variable=Languagevariable, modDate=Wed Jul 19 20:58:55 UTC 2023, host=SYSTEM_HOST, siteName=systemHost, icon=language, sortOrder=0, folder=SYSTEM_FOLDER, folderPath=/, markedForDeletion=true, multilingualable=false}, expectedName='Languagevariable', expectedType='KeyValue'}]" classname="com.dotmarketing.business.DeterministicIdentifierAPITest" time="0.005"/>
  <testcase name="Test_Generate_Content_Type_Identifier[1: ContentTypeTestCase{contentType=SimpleContentType{name=testName1689804824269, id=1fe88397-1081-4922-9f58-9afbd52d56b7, description=testDescription1689804824269, defaultType=false, fixed=false, iDate=Wed Jul 19 22:13:44 UTC 2023, system=false, versionable=true, multilingualable=false, variable=testVarname1689804824269, owner=system, modDate=Wed Jul 19 22:13:45 UTC 2023, host=48190c8c-42c4-46af-8d1a-0cd5db894797, siteName=demo.dotcms.com, icon=event_note, sortOrder=0, folder=SYSTEM_FOLDER, folderPath=/, requiredFields=[], markedForDeletion=false}, expectedName='testVarname1689804824269', expectedType='CONTENT'}]" classname="com.dotmarketing.business.DeterministicIdentifierAPITest" time="0.007"/>
  <system-out><![CDATA[]]></system-out>
  <system-err><![CDATA[]]></system-err>
</testsuite>
