<?xml version="1.0" encoding="UTF-8"?>
<testsuite name="com.dotmarketing.util.TestConfig" tests="2" skipped="0" failures="0" errors="0" timestamp="2023-06-27T21:04:47" hostname="fv-az166-290" time="0.004">
  <properties/>
  <testcase name="test_getCustomArrayProperty_no_exists" classname="com.dotmarketing.util.TestConfig" time="0.002"/>
  <testcase name="test_getCustomArrayProperty_exists" classname="com.dotmarketing.util.TestConfig" time="0.002"/>
  <system-out><![CDATA[]]></system-out>
  <system-err><![CDATA[]]></system-err>
</testsuite>
