<?xml version="1.0" encoding="UTF-8"?>
<testsuite name="com.dotmarketing.business.DeterministicIdentifierAPITest" tests="16" skipped="0" failures="0" errors="0" timestamp="2023-07-03T18:10:10" hostname="fv-az218-411" time="1.429">
  <properties/>
  <testcase name="Test_Category_Path_Seed_And_Id" classname="com.dotmarketing.business.DeterministicIdentifierAPITest" time="0.032"/>
  <testcase name="Test_Language_Deterministic_Id[0: LanguageTestCase{expectedSeed='Language:es:US', expectedHash=4913155, langCode='es', countryCode='US', country='United States'}]" classname="com.dotmarketing.business.DeterministicIdentifierAPITest" time="0.001"/>
  <testcase name="Test_Language_Deterministic_Id[1: LanguageTestCase{expectedSeed='Language:ep:', expectedHash=5292269, langCode='ep', countryCode='', country=''}]" classname="com.dotmarketing.business.DeterministicIdentifierAPITest" time="0.001"/>
  <testcase name="Test_Language_Deterministic_Id[2: LanguageTestCase{expectedSeed='Language:sg:SAG', expectedHash=4713118, langCode='sg', countryCode='SAG', country=''}]" classname="com.dotmarketing.business.DeterministicIdentifierAPITest" time="0.001"/>
  <testcase name="Test_Language_Deterministic_Id[3: LanguageTestCase{expectedSeed='Language:en:NZ', expectedHash=5382528, langCode='en', countryCode='NZ', country='New Zealand'}]" classname="com.dotmarketing.business.DeterministicIdentifierAPITest" time="0.001"/>
  <testcase name="Test_Category_None_Persisted_Category_Should_Return_Deterministic_Id" classname="com.dotmarketing.business.DeterministicIdentifierAPITest" time="0.001"/>
  <testcase name="Test_Asset_Generate_Deterministic_Id_Best_Effort[0: TestCase{versionable=my.host1688407401723.com, parent=System Host, expectedName='my.host1688407401723.com', expectedType='Host'}]" classname="com.dotmarketing.business.DeterministicIdentifierAPITest" time="0.006"/>
  <testcase name="Test_Asset_Generate_Deterministic_Id_Best_Effort[1: TestCase{versionable=com.dotmarketing.portlets.contentlet.model.Contentlet@727b807b[map={modDate=2023-07-03 18:03:22.282, fileName=file17576444628553956351.txt, title=file17576444628553956351.txt, inode=d7f07a2a-c1d4-4c27-b917-4867cfb4dc0c, __IS_NEW_CONTENT__=true, disabledWYSIWYG=[], host=4dccd4f4-c2ed-4f2d-8d6c-bb60f99d2b4b, stInode=33888b6f-7a8e-4069-b1b6-5c1aa9d0a48d, owner=system, identifier=7a87644d-0847-490c-b0e7-6f6258591e83, nullProperties=[wfExpireDate, wfPublishDate, wfActionAssign, wfActionId, wfActionComments, filterKey, whereToSend, wfNeverExpire, _path_to_move, timezoneId, iWantTo, wfPublishTime, wfExpireTime], languageId=1, fileAsset=/home/runner/work/core/custom/assets/d/7/d7f07a2a-c1d4-4c27-b917-4867cfb4dc0c/fileAsset/file17576444628553956351.txt, folder=bfb6ec92-68f6-4ca9-85a8-f414db82980c, __disable_workflow__=true, sortOrder=0, modUser=system},lowIndexPriority=false,variantId=DEFAULT], parent=com.dotmarketing.portlets.folders.model.Folder@7b7a23e7[identifier=bfb6ec92-68f6-4ca9-85a8-f414db82980c,name=testName1688407402273,sortOrder=0,showOnMenu=false,hostId=4dccd4f4-c2ed-4f2d-8d6c-bb60f99d2b4b,type=folder,title=testTitle1688407402273,filesMasks=,defaultFileType=33888b6f-7a8e-4069-b1b6-5c1aa9d0a48d,modDate=2023-07-03 18:03:22.277,owner=&lt;null&gt;,iDate=2023-07-03 18:03:22.277,inode=bfb6ec92-68f6-4ca9-85a8-f414db82980c,path=/testName1688407402273/], expectedName='file17576444628553956351.txt', expectedType='FileAsset'}]" classname="com.dotmarketing.business.DeterministicIdentifierAPITest" time="0.004"/>
  <testcase name="Test_Asset_Generate_Deterministic_Id_Best_Effort[2: TestCase{versionable=com.dotmarketing.portlets.templates.model.Template@b63cafb7, parent=my.host1688407401723.com, expectedName='testTitle1688407402387', expectedType='Template'}]" classname="com.dotmarketing.business.DeterministicIdentifierAPITest" time="0.002"/>
  <testcase name="Test_Asset_Generate_Deterministic_Id_Best_Effort[3: TestCase{versionable=com.dotmarketing.portlets.htmlpageasset.model.HTMLPageAsset@4e616f8b[map={template=3409ed02-24fc-4506-a089-2fd2d6e82669, owner=system, identifier=8ded7ddd-e2d1-4e50-8e54-d940f4955b7f, nullProperties=[wfExpireDate, wfPublishDate, wfActionAssign, wfActionId, wfActionComments, filterKey, whereToSend, wfNeverExpire, _path_to_move, timezoneId, iWantTo, wfPublishTime, wfExpireTime], modDate=2023-07-03 18:03:22.406, cachettl=0, _is_test_mode=true, languageId=1, title=test-page-title-1688407402400, httpsreq=, url=test-page-url-1688407402400, showOnMenu=, inode=5472ebf5-d32b-4d0d-9af1-518f76abadcd, folder=bfb6ec92-68f6-4ca9-85a8-f414db82980c, disabledWYSIWYG=[], sortOrder=1, modUser=system, host=4dccd4f4-c2ed-4f2d-8d6c-bb60f99d2b4b, stInode=c541abb1-69b3-4bc5-8430-5e09e5239cc8, friendlyName=test-page-friendly-name-1688407402400},lowIndexPriority=false,variantId=DEFAULT], parent=com.dotmarketing.portlets.folders.model.Folder@7b7a23e7[identifier=bfb6ec92-68f6-4ca9-85a8-f414db82980c,name=testName1688407402273,sortOrder=0,showOnMenu=false,hostId=4dccd4f4-c2ed-4f2d-8d6c-bb60f99d2b4b,type=folder,title=testTitle1688407402273,filesMasks=,defaultFileType=33888b6f-7a8e-4069-b1b6-5c1aa9d0a48d,modDate=2023-07-03 18:03:22.277,owner=&lt;null&gt;,iDate=2023-07-03 18:03:22.277,inode=bfb6ec92-68f6-4ca9-85a8-f414db82980c,path=/testName1688407402273/], expectedName='test-page-url-1688407402400', expectedType='htmlpageasset'}]" classname="com.dotmarketing.business.DeterministicIdentifierAPITest" time="0.003"/>
  <testcase name="Test_Asset_Generate_Deterministic_Id_Best_Effort[4: TestCase{versionable=com.dotmarketing.portlets.contentlet.model.Contentlet@7169c758[map={fileAsset2=/home/runner/work/core/custom/assets/a/5/a5a11e2b-d7fa-4386-ad5d-526901c670af/fileAsset2/test_binary1688407404284.png, modDate=2023-07-03 18:03:24.29, fileAsset1=/home/runner/work/core/custom/assets/a/5/a5a11e2b-d7fa-4386-ad5d-526901c670af/fileAsset1/test_binary1688407404284.jpg, title=blah, inode=a5a11e2b-d7fa-4386-ad5d-526901c670af, __IS_NEW_CONTENT__=true, disabledWYSIWYG=[], host=48190c8c-42c4-46af-8d1a-0cd5db894797, stInode=44afc584-bb3c-48d5-8203-5b07b2152b0a, owner=system, identifier=6f75e096-c757-4f6a-ab4b-8ee999afc63a, nullProperties=[], languageId=1, image1=9de3e4e5-eb2b-4388-add1-f32fc272ea1b, folder=SYSTEM_FOLDER, __disable_workflow__=true, sortOrder=0, modUser=system},lowIndexPriority=false,variantId=DEFAULT], parent=demo.dotcms.com, expectedName='test_binary1688407404284.jpg:test_binary1688407404284.png', expectedType='MultipleBinaries1688407402640'}]" classname="com.dotmarketing.business.DeterministicIdentifierAPITest" time="0.004"/>
  <testcase name="Test_Asset_Generate_Deterministic_Id_Best_Effort[5: TestCase{versionable=name31dc661c58 : keyTag31dc661c58, parent=my.host1688407401723.com, expectedName='keyTag31dc661c58', expectedType='persona'}]" classname="com.dotmarketing.business.DeterministicIdentifierAPITest" time="0.003"/>
  <testcase name="Test_Similar_Content_Type_Wont_Clash" classname="com.dotmarketing.business.DeterministicIdentifierAPITest" time="0.573"/>
  <testcase name="Test_Generate_Folder_Identifier" classname="com.dotmarketing.business.DeterministicIdentifierAPITest" time="0.771"/>
  <testcase name="Test_Generate_Content_Type_Identifier[0: ContentTypeTestCase{contentType=KeyValueContentType{name=Language Variable, id=f4d7c1b8-2c88-4071-abf1-a5328977b07d, description=Default Content Type for Language Variables, defaultType=false, fixed=true, iDate=Thu Aug 31 16:38:49 UTC 2017, system=true, versionable=true, variable=Languagevariable, modDate=Mon Jul 03 16:53:18 UTC 2023, host=SYSTEM_HOST, siteName=systemHost, icon=language, sortOrder=0, folder=SYSTEM_FOLDER, folderPath=/, markedForDeletion=true, multilingualable=false}, expectedName='Languagevariable', expectedType='KeyValue'}]" classname="com.dotmarketing.business.DeterministicIdentifierAPITest" time="0.009"/>
  <testcase name="Test_Generate_Content_Type_Identifier[1: ContentTypeTestCase{contentType=SimpleContentType{name=testName1688407404773, id=8a6923b9-a123-4923-9047-8aa71ddd5452, description=testDescription1688407404773, defaultType=false, fixed=false, iDate=Mon Jul 03 18:03:24 UTC 2023, system=false, versionable=true, multilingualable=false, variable=testVarname1688407404773, owner=system, modDate=Mon Jul 03 18:03:25 UTC 2023, host=48190c8c-42c4-46af-8d1a-0cd5db894797, siteName=demo.dotcms.com, icon=event_note, sortOrder=0, folder=SYSTEM_FOLDER, folderPath=/, requiredFields=[], markedForDeletion=false}, expectedName='testVarname1688407404773', expectedType='CONTENT'}]" classname="com.dotmarketing.business.DeterministicIdentifierAPITest" time="0.008"/>
  <system-out><![CDATA[]]></system-out>
  <system-err><![CDATA[]]></system-err>
</testsuite>
