<?xml version="1.0" encoding="UTF-8"?>
<testsuite name="com.dotmarketing.servlets.ajax.AjaxDirectorServletIntegrationTest" tests="2" skipped="0" failures="0" errors="0" timestamp="2023-07-06T23:46:01" hostname="fv-az450-882" time="1.108">
  <properties/>
  <testcase name="testService[0: com.dotmarketing.servlets.ajax.AjaxDirectorServletTestCase@52449095]" classname="com.dotmarketing.servlets.ajax.AjaxDirectorServletIntegrationTest" time="0.684"/>
  <testcase name="testService[1: com.dotmarketing.servlets.ajax.AjaxDirectorServletTestCase@447fb3b1]" classname="com.dotmarketing.servlets.ajax.AjaxDirectorServletIntegrationTest" time="0.424"/>
  <system-out><![CDATA[]]></system-out>
  <system-err><![CDATA[]]></system-err>
</testsuite>
