<?xml version="1.0" encoding="UTF-8"?>
<testsuite name="com.dotcms.contenttype.model.field.layout.FieldLayoutTest" tests="24" skipped="0" failures="0" errors="0" timestamp="2023-07-10T22:46:31" hostname="fv-az621-762" time="0.46">
  <properties/>
  <testcase name="shouldFixSortOrder" classname="com.dotcms.contenttype.model.field.layout.FieldLayoutTest" time="0.097"/>
  <testcase name="shouldReturnNullContentTypeInternationalizationWhenItIsNotSet" classname="com.dotcms.contenttype.model.field.layout.FieldLayoutTest" time="0.002"/>
  <testcase name="shouldFixLayoutValidationExceptionWhenHasColumnWithoutRow" classname="com.dotcms.contenttype.model.field.layout.FieldLayoutTest" time="0.021"/>
  <testcase name="shouldFixLayoutValidationExceptionWhenHasTabFieldWithoutRows" classname="com.dotcms.contenttype.model.field.layout.FieldLayoutTest" time="0.006"/>
  <testcase name="shouldCreateFieldLayoutAndNotThrowException" classname="com.dotcms.contenttype.model.field.layout.FieldLayoutTest" time="0.149"/>
  <testcase name="shouldAddNewFieldAndThrowException" classname="com.dotcms.contenttype.model.field.layout.FieldLayoutTest" time="0.009"/>
  <testcase name="shouldThrowFieldLayoutValidationExceptionWhenHasColumnWithoutRow" classname="com.dotcms.contenttype.model.field.layout.FieldLayoutTest" time="0.002"/>
  <testcase name="shouldRemoveFieldsAndNotThrowException" classname="com.dotcms.contenttype.model.field.layout.FieldLayoutTest" time="0.01"/>
  <testcase name="shouldreturnContentTypeInternationalizationWhenItIsSet" classname="com.dotcms.contenttype.model.field.layout.FieldLayoutTest" time="0.01"/>
  <testcase name="shouldMoveFieldAndThrowException" classname="com.dotcms.contenttype.model.field.layout.FieldLayoutTest" time="0.004"/>
  <testcase name="shouldCreateFieldLayout" classname="com.dotcms.contenttype.model.field.layout.FieldLayoutTest" time="0.001"/>
  <testcase name="shouldFixLayoutValidationExceptionWhenHasFieldsWithoutRows" classname="com.dotcms.contenttype.model.field.layout.FieldLayoutTest" time="0.007"/>
  <testcase name="shouldThrowWhenSortOrderIsNorRight" classname="com.dotcms.contenttype.model.field.layout.FieldLayoutTest" time="0.064"/>
  <testcase name="shouldMoveFieldBackward" classname="com.dotcms.contenttype.model.field.layout.FieldLayoutTest" time="0.012"/>
  <testcase name="shouldAddNewField" classname="com.dotcms.contenttype.model.field.layout.FieldLayoutTest" time="0.013"/>
  <testcase name="shouldCreateFieldLayoutWithTabDivider" classname="com.dotcms.contenttype.model.field.layout.FieldLayoutTest" time="0.004"/>
  <testcase name="shouldThrowFieldLayoutValidationExceptionWhenHasFieldsWithoutRows" classname="com.dotcms.contenttype.model.field.layout.FieldLayoutTest" time="0.006"/>
  <testcase name="shouldCreateFieldLayoutWhenHasMoreThanOneTabDividerInRow" classname="com.dotcms.contenttype.model.field.layout.FieldLayoutTest" time="0.004"/>
  <testcase name="shouldMoveFieldForward" classname="com.dotcms.contenttype.model.field.layout.FieldLayoutTest" time="0.016"/>
  <testcase name="shouldThrowFieldLayoutValidationExceptionWhenHasRowsWithoutColumn" classname="com.dotcms.contenttype.model.field.layout.FieldLayoutTest" time="0.001"/>
  <testcase name="shouldRemoveFieldsAndThrowException" classname="com.dotcms.contenttype.model.field.layout.FieldLayoutTest" time="0.005"/>
  <testcase name="shouldThrowFieldLayoutValidationExceptionWhenHasTabFieldWithoutRows" classname="com.dotcms.contenttype.model.field.layout.FieldLayoutTest" time="0.002"/>
  <testcase name="shouldThrowFieldLayoutValidationExceptionWhenHasRowWithoutColumn" classname="com.dotcms.contenttype.model.field.layout.FieldLayoutTest" time="0.002"/>
  <testcase name="shouldFixLayoutWhenHasRowWithoutColumn" classname="com.dotcms.contenttype.model.field.layout.FieldLayoutTest" time="0.007"/>
  <system-out><![CDATA[]]></system-out>
  <system-err><![CDATA[]]></system-err>
</testsuite>
