<?xml version="1.0" encoding="UTF-8"?>
<testsuite name="com.dotmarketing.portlets.structure.model.ContentletRelationshipsTest" tests="7" skipped="0" failures="0" errors="0" timestamp="2023-07-21T06:45:40" hostname="fv-az456-820" time="10.816">
  <properties/>
  <testcase name="testDoesAllowOnlyOne[0: com.dotmarketing.portlets.structure.model.ContentletRelationshipsTest$CardinalityTestCase@5a3b4788]" classname="com.dotmarketing.portlets.structure.model.ContentletRelationshipsTest" time="0.675"/>
  <testcase name="testDoesAllowOnlyOne[1: com.dotmarketing.portlets.structure.model.ContentletRelationshipsTest$CardinalityTestCase@7bde866c]" classname="com.dotmarketing.portlets.structure.model.ContentletRelationshipsTest" time="0.498"/>
  <testcase name="testDoesAllowOnlyOne[2: com.dotmarketing.portlets.structure.model.ContentletRelationshipsTest$CardinalityTestCase@2f3d8dae]" classname="com.dotmarketing.portlets.structure.model.ContentletRelationshipsTest" time="0.571"/>
  <testcase name="testGetRelationshipRecords[0: com.dotmarketing.portlets.structure.model.ContentletRelationshipsTest$TestCase@39ea30c7]" classname="com.dotmarketing.portlets.structure.model.ContentletRelationshipsTest" time="2.185"/>
  <testcase name="testGetRelationshipRecords[1: com.dotmarketing.portlets.structure.model.ContentletRelationshipsTest$TestCase@396d3775]" classname="com.dotmarketing.portlets.structure.model.ContentletRelationshipsTest" time="2.329"/>
  <testcase name="testGetRelationshipRecords[2: com.dotmarketing.portlets.structure.model.ContentletRelationshipsTest$TestCase@368f2bd2]" classname="com.dotmarketing.portlets.structure.model.ContentletRelationshipsTest" time="2.214"/>
  <testcase name="testGetRelationshipRecords[3: com.dotmarketing.portlets.structure.model.ContentletRelationshipsTest$TestCase@759c9050]" classname="com.dotmarketing.portlets.structure.model.ContentletRelationshipsTest" time="2.343"/>
  <system-out><![CDATA[]]></system-out>
  <system-err><![CDATA[]]></system-err>
</testsuite>
