<?xml version="1.0" encoding="UTF-8"?>
<testsuite name="com.dotcms.rendering.velocity.viewtools.content.util.ContentUtilsTest" tests="89" skipped="0" failures="0" errors="0" timestamp="2023-06-28T16:19:50" hostname="fv-az361-558" time="400.784">
  <properties/>
  <testcase name="whenTheTimeMachineDateIsNullAndPublishDateInFutureShouldNotReturnAnything" classname="com.dotcms.rendering.velocity.viewtools.content.util.ContentUtilsTest" time="2.953"/>
  <testcase name="test_find_multilingual_contentlet_getContentletSuccessfully" classname="com.dotcms.rendering.velocity.viewtools.content.util.ContentUtilsTest" time="2.122"/>
  <testcase name="whenTheTimeMachineDateAndPublishDateAreTomorrowShouldReturnOneContent" classname="com.dotcms.rendering.velocity.viewtools.content.util.ContentUtilsTest" time="3.017"/>
  <testcase name="testPullRelated[0: com.dotcms.rendering.velocity.viewtools.content.util.ContentUtilsTest$TestCase@55a93de0]" classname="com.dotcms.rendering.velocity.viewtools.content.util.ContentUtilsTest" time="3.754"/>
  <testcase name="testPullRelated[1: com.dotcms.rendering.velocity.viewtools.content.util.ContentUtilsTest$TestCase@72060d18]" classname="com.dotcms.rendering.velocity.viewtools.content.util.ContentUtilsTest" time="3.776"/>
  <testcase name="testPullRelated[2: com.dotcms.rendering.velocity.viewtools.content.util.ContentUtilsTest$TestCase@2892a5a]" classname="com.dotcms.rendering.velocity.viewtools.content.util.ContentUtilsTest" time="3.302"/>
  <testcase name="testPullRelated[3: com.dotcms.rendering.velocity.viewtools.content.util.ContentUtilsTest$TestCase@67e79a78]" classname="com.dotcms.rendering.velocity.viewtools.content.util.ContentUtilsTest" time="3.84"/>
  <testcase name="testPullRelated[4: com.dotcms.rendering.velocity.viewtools.content.util.ContentUtilsTest$TestCase@7b3ded59]" classname="com.dotcms.rendering.velocity.viewtools.content.util.ContentUtilsTest" time="4.173"/>
  <testcase name="testPullRelated[5: com.dotcms.rendering.velocity.viewtools.content.util.ContentUtilsTest$TestCase@391151eb]" classname="com.dotcms.rendering.velocity.viewtools.content.util.ContentUtilsTest" time="3.892"/>
  <testcase name="testPullRelated[6: com.dotcms.rendering.velocity.viewtools.content.util.ContentUtilsTest$TestCase@72016769]" classname="com.dotcms.rendering.velocity.viewtools.content.util.ContentUtilsTest" time="4.179"/>
  <testcase name="testPullRelated[7: com.dotcms.rendering.velocity.viewtools.content.util.ContentUtilsTest$TestCase@296e070b]" classname="com.dotcms.rendering.velocity.viewtools.content.util.ContentUtilsTest" time="4.041"/>
  <testcase name="testPullRelated[8: com.dotcms.rendering.velocity.viewtools.content.util.ContentUtilsTest$TestCase@3d2d705a]" classname="com.dotcms.rendering.velocity.viewtools.content.util.ContentUtilsTest" time="4.045"/>
  <testcase name="testPullRelated[9: com.dotcms.rendering.velocity.viewtools.content.util.ContentUtilsTest$TestCase@e80e01d]" classname="com.dotcms.rendering.velocity.viewtools.content.util.ContentUtilsTest" time="3.92"/>
  <testcase name="testPullRelated[10: com.dotcms.rendering.velocity.viewtools.content.util.ContentUtilsTest$TestCase@77c3f48b]" classname="com.dotcms.rendering.velocity.viewtools.content.util.ContentUtilsTest" time="3.286"/>
  <testcase name="testPullRelated[11: com.dotcms.rendering.velocity.viewtools.content.util.ContentUtilsTest$TestCase@2eccf327]" classname="com.dotcms.rendering.velocity.viewtools.content.util.ContentUtilsTest" time="4.186"/>
  <testcase name="testPullRelated[12: com.dotcms.rendering.velocity.viewtools.content.util.ContentUtilsTest$TestCase@7835f904]" classname="com.dotcms.rendering.velocity.viewtools.content.util.ContentUtilsTest" time="3.706"/>
  <testcase name="testPullRelated[13: com.dotcms.rendering.velocity.viewtools.content.util.ContentUtilsTest$TestCase@71bc7e17]" classname="com.dotcms.rendering.velocity.viewtools.content.util.ContentUtilsTest" time="4.102"/>
  <testcase name="testPullRelated[14: com.dotcms.rendering.velocity.viewtools.content.util.ContentUtilsTest$TestCase@19b3bb07]" classname="com.dotcms.rendering.velocity.viewtools.content.util.ContentUtilsTest" time="4.004"/>
  <testcase name="testPullRelated[15: com.dotcms.rendering.velocity.viewtools.content.util.ContentUtilsTest$TestCase@50af26dd]" classname="com.dotcms.rendering.velocity.viewtools.content.util.ContentUtilsTest" time="4.082"/>
  <testcase name="testPullRelated[16: com.dotcms.rendering.velocity.viewtools.content.util.ContentUtilsTest$TestCase@7850815]" classname="com.dotcms.rendering.velocity.viewtools.content.util.ContentUtilsTest" time="3.93"/>
  <testcase name="testPullRelated[17: com.dotcms.rendering.velocity.viewtools.content.util.ContentUtilsTest$TestCase@155b9234]" classname="com.dotcms.rendering.velocity.viewtools.content.util.ContentUtilsTest" time="4.232"/>
  <testcase name="testPullRelated[18: com.dotcms.rendering.velocity.viewtools.content.util.ContentUtilsTest$TestCase@11b4781b]" classname="com.dotcms.rendering.velocity.viewtools.content.util.ContentUtilsTest" time="3.844"/>
  <testcase name="testPullRelated[19: com.dotcms.rendering.velocity.viewtools.content.util.ContentUtilsTest$TestCase@38043d3e]" classname="com.dotcms.rendering.velocity.viewtools.content.util.ContentUtilsTest" time="4.056"/>
  <testcase name="testPullRelated[20: com.dotcms.rendering.velocity.viewtools.content.util.ContentUtilsTest$TestCase@176e4f8b]" classname="com.dotcms.rendering.velocity.viewtools.content.util.ContentUtilsTest" time="4.107"/>
  <testcase name="testPullRelated[21: com.dotcms.rendering.velocity.viewtools.content.util.ContentUtilsTest$TestCase@5e6db560]" classname="com.dotcms.rendering.velocity.viewtools.content.util.ContentUtilsTest" time="3.941"/>
  <testcase name="testPullRelated[22: com.dotcms.rendering.velocity.viewtools.content.util.ContentUtilsTest$TestCase@6c2b7a16]" classname="com.dotcms.rendering.velocity.viewtools.content.util.ContentUtilsTest" time="4.265"/>
  <testcase name="testPullRelated[23: com.dotcms.rendering.velocity.viewtools.content.util.ContentUtilsTest$TestCase@755f4760]" classname="com.dotcms.rendering.velocity.viewtools.content.util.ContentUtilsTest" time="4.023"/>
  <testcase name="testPullRelated[24: com.dotcms.rendering.velocity.viewtools.content.util.ContentUtilsTest$TestCase@10284c57]" classname="com.dotcms.rendering.velocity.viewtools.content.util.ContentUtilsTest" time="3.148"/>
  <testcase name="testPullRelated[25: com.dotcms.rendering.velocity.viewtools.content.util.ContentUtilsTest$TestCase@235d3d87]" classname="com.dotcms.rendering.velocity.viewtools.content.util.ContentUtilsTest" time="3.853"/>
  <testcase name="testPullRelated[26: com.dotcms.rendering.velocity.viewtools.content.util.ContentUtilsTest$TestCase@14111830]" classname="com.dotcms.rendering.velocity.viewtools.content.util.ContentUtilsTest" time="4.013"/>
  <testcase name="testPullRelated[27: com.dotcms.rendering.velocity.viewtools.content.util.ContentUtilsTest$TestCase@1bfa3995]" classname="com.dotcms.rendering.velocity.viewtools.content.util.ContentUtilsTest" time="4.045"/>
  <testcase name="testPullRelated[28: com.dotcms.rendering.velocity.viewtools.content.util.ContentUtilsTest$TestCase@49e29449]" classname="com.dotcms.rendering.velocity.viewtools.content.util.ContentUtilsTest" time="4.108"/>
  <testcase name="testPullRelated[29: com.dotcms.rendering.velocity.viewtools.content.util.ContentUtilsTest$TestCase@31939f7]" classname="com.dotcms.rendering.velocity.viewtools.content.util.ContentUtilsTest" time="4.068"/>
  <testcase name="testPullRelated[30: com.dotcms.rendering.velocity.viewtools.content.util.ContentUtilsTest$TestCase@1f55613c]" classname="com.dotcms.rendering.velocity.viewtools.content.util.ContentUtilsTest" time="4.079"/>
  <testcase name="testPullRelated[31: com.dotcms.rendering.velocity.viewtools.content.util.ContentUtilsTest$TestCase@5529c5d2]" classname="com.dotcms.rendering.velocity.viewtools.content.util.ContentUtilsTest" time="3.243"/>
  <testcase name="testPullRelated[32: com.dotcms.rendering.velocity.viewtools.content.util.ContentUtilsTest$TestCase@8b453e2]" classname="com.dotcms.rendering.velocity.viewtools.content.util.ContentUtilsTest" time="3.646"/>
  <testcase name="testPullRelated[33: com.dotcms.rendering.velocity.viewtools.content.util.ContentUtilsTest$TestCase@42281582]" classname="com.dotcms.rendering.velocity.viewtools.content.util.ContentUtilsTest" time="4.235"/>
  <testcase name="testPullRelated[34: com.dotcms.rendering.velocity.viewtools.content.util.ContentUtilsTest$TestCase@76c0d07a]" classname="com.dotcms.rendering.velocity.viewtools.content.util.ContentUtilsTest" time="3.94"/>
  <testcase name="testPullRelated[35: com.dotcms.rendering.velocity.viewtools.content.util.ContentUtilsTest$TestCase@6ddc8c25]" classname="com.dotcms.rendering.velocity.viewtools.content.util.ContentUtilsTest" time="4.185"/>
  <testcase name="testPullRelated[36: com.dotcms.rendering.velocity.viewtools.content.util.ContentUtilsTest$TestCase@47dde93f]" classname="com.dotcms.rendering.velocity.viewtools.content.util.ContentUtilsTest" time="6.034"/>
  <testcase name="testPullRelated[37: com.dotcms.rendering.velocity.viewtools.content.util.ContentUtilsTest$TestCase@45db6043]" classname="com.dotcms.rendering.velocity.viewtools.content.util.ContentUtilsTest" time="6.083"/>
  <testcase name="testPullRelated[38: com.dotcms.rendering.velocity.viewtools.content.util.ContentUtilsTest$TestCase@35e83b82]" classname="com.dotcms.rendering.velocity.viewtools.content.util.ContentUtilsTest" time="6.404"/>
  <testcase name="testPullRelated[39: com.dotcms.rendering.velocity.viewtools.content.util.ContentUtilsTest$TestCase@3cdc34be]" classname="com.dotcms.rendering.velocity.viewtools.content.util.ContentUtilsTest" time="4.81"/>
  <testcase name="testPullRelated[40: com.dotcms.rendering.velocity.viewtools.content.util.ContentUtilsTest$TestCase@14e0b60b]" classname="com.dotcms.rendering.velocity.viewtools.content.util.ContentUtilsTest" time="6.202"/>
  <testcase name="testPullRelated[41: com.dotcms.rendering.velocity.viewtools.content.util.ContentUtilsTest$TestCase@a2705ac]" classname="com.dotcms.rendering.velocity.viewtools.content.util.ContentUtilsTest" time="4.916"/>
  <testcase name="testPullRelated[42: com.dotcms.rendering.velocity.viewtools.content.util.ContentUtilsTest$TestCase@7ee70b41]" classname="com.dotcms.rendering.velocity.viewtools.content.util.ContentUtilsTest" time="6.186"/>
  <testcase name="testPullRelated[43: com.dotcms.rendering.velocity.viewtools.content.util.ContentUtilsTest$TestCase@2343b9e7]" classname="com.dotcms.rendering.velocity.viewtools.content.util.ContentUtilsTest" time="6.083"/>
  <testcase name="testPullRelated[44: com.dotcms.rendering.velocity.viewtools.content.util.ContentUtilsTest$TestCase@3282136a]" classname="com.dotcms.rendering.velocity.viewtools.content.util.ContentUtilsTest" time="6.0"/>
  <testcase name="testPullRelated[45: com.dotcms.rendering.velocity.viewtools.content.util.ContentUtilsTest$TestCase@3a7af3]" classname="com.dotcms.rendering.velocity.viewtools.content.util.ContentUtilsTest" time="5.954"/>
  <testcase name="testPullRelated[46: com.dotcms.rendering.velocity.viewtools.content.util.ContentUtilsTest$TestCase@46c1d4b6]" classname="com.dotcms.rendering.velocity.viewtools.content.util.ContentUtilsTest" time="6.326"/>
  <testcase name="testPullRelated[47: com.dotcms.rendering.velocity.viewtools.content.util.ContentUtilsTest$TestCase@78f3c108]" classname="com.dotcms.rendering.velocity.viewtools.content.util.ContentUtilsTest" time="6.383"/>
  <testcase name="testPullRelated[48: com.dotcms.rendering.velocity.viewtools.content.util.ContentUtilsTest$TestCase@5ac8943f]" classname="com.dotcms.rendering.velocity.viewtools.content.util.ContentUtilsTest" time="5.775"/>
  <testcase name="testPullRelated[49: com.dotcms.rendering.velocity.viewtools.content.util.ContentUtilsTest$TestCase@9769077]" classname="com.dotcms.rendering.velocity.viewtools.content.util.ContentUtilsTest" time="6.008"/>
  <testcase name="testPullRelated[50: com.dotcms.rendering.velocity.viewtools.content.util.ContentUtilsTest$TestCase@41da918b]" classname="com.dotcms.rendering.velocity.viewtools.content.util.ContentUtilsTest" time="6.16"/>
  <testcase name="testPullRelated[51: com.dotcms.rendering.velocity.viewtools.content.util.ContentUtilsTest$TestCase@27c7f339]" classname="com.dotcms.rendering.velocity.viewtools.content.util.ContentUtilsTest" time="5.199"/>
  <testcase name="testPullRelated[52: com.dotcms.rendering.velocity.viewtools.content.util.ContentUtilsTest$TestCase@39b0f292]" classname="com.dotcms.rendering.velocity.viewtools.content.util.ContentUtilsTest" time="5.833"/>
  <testcase name="testPullRelated[53: com.dotcms.rendering.velocity.viewtools.content.util.ContentUtilsTest$TestCase@4f828fb]" classname="com.dotcms.rendering.velocity.viewtools.content.util.ContentUtilsTest" time="5.162"/>
  <testcase name="testPullRelated[54: com.dotcms.rendering.velocity.viewtools.content.util.ContentUtilsTest$TestCase@11bba726]" classname="com.dotcms.rendering.velocity.viewtools.content.util.ContentUtilsTest" time="6.196"/>
  <testcase name="testPullRelated[55: com.dotcms.rendering.velocity.viewtools.content.util.ContentUtilsTest$TestCase@9fdd013]" classname="com.dotcms.rendering.velocity.viewtools.content.util.ContentUtilsTest" time="5.865"/>
  <testcase name="testPullRelated[56: com.dotcms.rendering.velocity.viewtools.content.util.ContentUtilsTest$TestCase@376787dc]" classname="com.dotcms.rendering.velocity.viewtools.content.util.ContentUtilsTest" time="6.328"/>
  <testcase name="testPullRelated[57: com.dotcms.rendering.velocity.viewtools.content.util.ContentUtilsTest$TestCase@729dce3b]" classname="com.dotcms.rendering.velocity.viewtools.content.util.ContentUtilsTest" time="5.75"/>
  <testcase name="testPullRelated[58: com.dotcms.rendering.velocity.viewtools.content.util.ContentUtilsTest$TestCase@3e53d5d9]" classname="com.dotcms.rendering.velocity.viewtools.content.util.ContentUtilsTest" time="6.345"/>
  <testcase name="testPullRelated[59: com.dotcms.rendering.velocity.viewtools.content.util.ContentUtilsTest$TestCase@5949e748]" classname="com.dotcms.rendering.velocity.viewtools.content.util.ContentUtilsTest" time="6.17"/>
  <testcase name="testPullRelated[60: com.dotcms.rendering.velocity.viewtools.content.util.ContentUtilsTest$TestCase@521bd2da]" classname="com.dotcms.rendering.velocity.viewtools.content.util.ContentUtilsTest" time="6.026"/>
  <testcase name="testPullRelated[61: com.dotcms.rendering.velocity.viewtools.content.util.ContentUtilsTest$TestCase@4e6b22b4]" classname="com.dotcms.rendering.velocity.viewtools.content.util.ContentUtilsTest" time="5.902"/>
  <testcase name="testPullRelated[62: com.dotcms.rendering.velocity.viewtools.content.util.ContentUtilsTest$TestCase@6e36dbbd]" classname="com.dotcms.rendering.velocity.viewtools.content.util.ContentUtilsTest" time="6.344"/>
  <testcase name="testPullRelated[63: com.dotcms.rendering.velocity.viewtools.content.util.ContentUtilsTest$TestCase@78530294]" classname="com.dotcms.rendering.velocity.viewtools.content.util.ContentUtilsTest" time="6.15"/>
  <testcase name="testPullRelated[64: com.dotcms.rendering.velocity.viewtools.content.util.ContentUtilsTest$TestCase@74528246]" classname="com.dotcms.rendering.velocity.viewtools.content.util.ContentUtilsTest" time="5.872"/>
  <testcase name="testPullRelated[65: com.dotcms.rendering.velocity.viewtools.content.util.ContentUtilsTest$TestCase@63bb60fa]" classname="com.dotcms.rendering.velocity.viewtools.content.util.ContentUtilsTest" time="6.267"/>
  <testcase name="testPullRelated[66: com.dotcms.rendering.velocity.viewtools.content.util.ContentUtilsTest$TestCase@3b88b403]" classname="com.dotcms.rendering.velocity.viewtools.content.util.ContentUtilsTest" time="6.091"/>
  <testcase name="testPullRelated[67: com.dotcms.rendering.velocity.viewtools.content.util.ContentUtilsTest$TestCase@5b2f4644]" classname="com.dotcms.rendering.velocity.viewtools.content.util.ContentUtilsTest" time="5.742"/>
  <testcase name="testPullRelated[68: com.dotcms.rendering.velocity.viewtools.content.util.ContentUtilsTest$TestCase@3b0fbfd5]" classname="com.dotcms.rendering.velocity.viewtools.content.util.ContentUtilsTest" time="6.325"/>
  <testcase name="testPullRelated[69: com.dotcms.rendering.velocity.viewtools.content.util.ContentUtilsTest$TestCase@30bb4fe]" classname="com.dotcms.rendering.velocity.viewtools.content.util.ContentUtilsTest" time="5.851"/>
  <testcase name="testPullRelated[70: com.dotcms.rendering.velocity.viewtools.content.util.ContentUtilsTest$TestCase@7ddd2030]" classname="com.dotcms.rendering.velocity.viewtools.content.util.ContentUtilsTest" time="6.26"/>
  <testcase name="testPullRelated[71: com.dotcms.rendering.velocity.viewtools.content.util.ContentUtilsTest$TestCase@5ce154a9]" classname="com.dotcms.rendering.velocity.viewtools.content.util.ContentUtilsTest" time="6.083"/>
  <testcase name="whenPublishAndExpireDatesAreInTheFutureAndTimeMachineIsAfterBoth" classname="com.dotcms.rendering.velocity.viewtools.content.util.ContentUtilsTest" time="3.042"/>
  <testcase name="testPullRelatedForLegacyRelationship[0: com.dotcms.rendering.velocity.viewtools.content.util.ContentUtilsTest$LegacyTestCase@1a56b9f7]" classname="com.dotcms.rendering.velocity.viewtools.content.util.ContentUtilsTest" time="2.882"/>
  <testcase name="testPullRelatedForLegacyRelationship[1: com.dotcms.rendering.velocity.viewtools.content.util.ContentUtilsTest$LegacyTestCase@44245207]" classname="com.dotcms.rendering.velocity.viewtools.content.util.ContentUtilsTest" time="3.912"/>
  <testcase name="whenTheTimeMachineDateIsAfterTomorrowAndExpireDateIsTomorrowShouldNotReturnContent" classname="com.dotcms.rendering.velocity.viewtools.content.util.ContentUtilsTest" time="2.039"/>
  <testcase name="testPullLiveRelatedWhenLatestVersionIsWorking" classname="com.dotcms.rendering.velocity.viewtools.content.util.ContentUtilsTest" time="3.667"/>
  <testcase name="test_add_relationships_on_parent_children_related_contents" classname="com.dotcms.rendering.velocity.viewtools.content.util.ContentUtilsTest" time="1.498"/>
  <testcase name="testSortPullRelated[0: com.dotcms.rendering.velocity.viewtools.content.util.ContentUtilsTest$SortTestCase@506c3613]" classname="com.dotcms.rendering.velocity.viewtools.content.util.ContentUtilsTest" time="2.574"/>
  <testcase name="testSortPullRelated[1: com.dotcms.rendering.velocity.viewtools.content.util.ContentUtilsTest$SortTestCase@67e64ab]" classname="com.dotcms.rendering.velocity.viewtools.content.util.ContentUtilsTest" time="2.686"/>
  <testcase name="testSortPullRelated[2: com.dotcms.rendering.velocity.viewtools.content.util.ContentUtilsTest$SortTestCase@2948fc92]" classname="com.dotcms.rendering.velocity.viewtools.content.util.ContentUtilsTest" time="1.78"/>
  <testcase name="testSortPullRelated[3: com.dotcms.rendering.velocity.viewtools.content.util.ContentUtilsTest$SortTestCase@4f1a37d6]" classname="com.dotcms.rendering.velocity.viewtools.content.util.ContentUtilsTest" time="2.745"/>
  <testcase name="testSortPullRelated[4: com.dotcms.rendering.velocity.viewtools.content.util.ContentUtilsTest$SortTestCase@7ef74c88]" classname="com.dotcms.rendering.velocity.viewtools.content.util.ContentUtilsTest" time="2.695"/>
  <testcase name="testSortPullRelated[5: com.dotcms.rendering.velocity.viewtools.content.util.ContentUtilsTest$SortTestCase@b5924c1]" classname="com.dotcms.rendering.velocity.viewtools.content.util.ContentUtilsTest" time="1.871"/>
  <testcase name="whenTheTimeMachineDateIsAfterTomorrowAndExpireDateIsInFutureShouldReturnContent" classname="com.dotcms.rendering.velocity.viewtools.content.util.ContentUtilsTest" time="3.26"/>
  <testcase name="testPullRelatedFieldShouldRespectDefaultOrder" classname="com.dotcms.rendering.velocity.viewtools.content.util.ContentUtilsTest" time="1.705"/>
  <system-out><![CDATA[]]></system-out>
  <system-err><![CDATA[]]></system-err>
</testsuite>
