<?xml version="1.0" encoding="UTF-8"?>
<testsuite name="com.dotcms.rest.elasticsearch.ESContentResourcePortletTest" tests="8" skipped="0" failures="0" errors="0" timestamp="2023-07-19T20:08:08" hostname="fv-az407-374" time="7.666">
  <properties/>
  <testcase name="test_search_includeGrandChildCategory_success" classname="com.dotcms.rest.elasticsearch.ESContentResourcePortletTest" time="1.333"/>
  <testcase name="testSearch[0: com.dotcms.rest.elasticsearch.ESContentResourcePortletTest$TestCase@19f88cb1]" classname="com.dotcms.rest.elasticsearch.ESContentResourcePortletTest" time="0.918"/>
  <testcase name="testSearch[1: com.dotcms.rest.elasticsearch.ESContentResourcePortletTest$TestCase@652fcf88]" classname="com.dotcms.rest.elasticsearch.ESContentResourcePortletTest" time="1.204"/>
  <testcase name="testSearch[2: com.dotcms.rest.elasticsearch.ESContentResourcePortletTest$TestCase@4039d101]" classname="com.dotcms.rest.elasticsearch.ESContentResourcePortletTest" time="0.982"/>
  <testcase name="testSearch[3: com.dotcms.rest.elasticsearch.ESContentResourcePortletTest$TestCase@30edd520]" classname="com.dotcms.rest.elasticsearch.ESContentResourcePortletTest" time="0.218"/>
  <testcase name="testSearch[4: com.dotcms.rest.elasticsearch.ESContentResourcePortletTest$TestCase@6dad4a88]" classname="com.dotcms.rest.elasticsearch.ESContentResourcePortletTest" time="1.223"/>
  <testcase name="testSearch[5: com.dotcms.rest.elasticsearch.ESContentResourcePortletTest$TestCase@76e58b3a]" classname="com.dotcms.rest.elasticsearch.ESContentResourcePortletTest" time="0.895"/>
  <testcase name="testSearch[6: com.dotcms.rest.elasticsearch.ESContentResourcePortletTest$TestCase@785afd3e]" classname="com.dotcms.rest.elasticsearch.ESContentResourcePortletTest" time="0.893"/>
  <system-out><![CDATA[]]></system-out>
  <system-err><![CDATA[]]></system-err>
</testsuite>
