<?xml version="1.0" encoding="UTF-8"?>
<testsuite name="com.dotcms.security.multipart.ContentDispositionFileNameParserTest" tests="1" skipped="0" failures="0" errors="0" timestamp="2023-07-07T21:01:26" hostname="fv-az422-848" time="1.007">
  <properties/>
  <testcase name="Test_Parse_happy_path" classname="com.dotcms.security.multipart.ContentDispositionFileNameParserTest" time="1.007"/>
  <system-out><![CDATA[]]></system-out>
  <system-err><![CDATA[]]></system-err>
</testsuite>
