<?xml version="1.0" encoding="UTF-8"?>
<testsuite name="com.dotmarketing.business.DeterministicIdentifierAPITest" tests="16" skipped="0" failures="0" errors="0" timestamp="2023-07-03T22:40:32" hostname="fv-az344-336" time="1.08">
  <properties/>
  <testcase name="Test_Category_Path_Seed_And_Id" classname="com.dotmarketing.business.DeterministicIdentifierAPITest" time="0.024"/>
  <testcase name="Test_Language_Deterministic_Id[0: LanguageTestCase{expectedSeed='Language:es:US', expectedHash=4913155, langCode='es', countryCode='US', country='United States'}]" classname="com.dotmarketing.business.DeterministicIdentifierAPITest" time="0.001"/>
  <testcase name="Test_Language_Deterministic_Id[1: LanguageTestCase{expectedSeed='Language:ep:', expectedHash=5292269, langCode='ep', countryCode='', country=''}]" classname="com.dotmarketing.business.DeterministicIdentifierAPITest" time="0.001"/>
  <testcase name="Test_Language_Deterministic_Id[2: LanguageTestCase{expectedSeed='Language:sg:SAG', expectedHash=4713118, langCode='sg', countryCode='SAG', country=''}]" classname="com.dotmarketing.business.DeterministicIdentifierAPITest" time="0.001"/>
  <testcase name="Test_Language_Deterministic_Id[3: LanguageTestCase{expectedSeed='Language:en:NZ', expectedHash=5382528, langCode='en', countryCode='NZ', country='New Zealand'}]" classname="com.dotmarketing.business.DeterministicIdentifierAPITest" time="0.001"/>
  <testcase name="Test_Category_None_Persisted_Category_Should_Return_Deterministic_Id" classname="com.dotmarketing.business.DeterministicIdentifierAPITest" time="0.001"/>
  <testcase name="Test_Asset_Generate_Deterministic_Id_Best_Effort[0: TestCase{versionable=my.host1688423650926.com, parent=System Host, expectedName='my.host1688423650926.com', expectedType='Host'}]" classname="com.dotmarketing.business.DeterministicIdentifierAPITest" time="0.003"/>
  <testcase name="Test_Asset_Generate_Deterministic_Id_Best_Effort[1: TestCase{versionable=com.dotmarketing.portlets.contentlet.model.Contentlet@45286d97[map={modDate=2023-07-03 22:34:11.812, fileName=file12157120233222537823.txt, title=file12157120233222537823.txt, inode=793a44c0-e40d-430b-9b44-28c8852376a1, __IS_NEW_CONTENT__=true, disabledWYSIWYG=[], host=93bf1c31-b340-49c7-92a6-1426c94fd245, stInode=33888b6f-7a8e-4069-b1b6-5c1aa9d0a48d, owner=system, identifier=667fa807-38a4-4675-8b75-c031bc28f988, nullProperties=[wfExpireDate, wfPublishDate, wfActionAssign, wfActionId, wfActionComments, filterKey, whereToSend, wfNeverExpire, _path_to_move, timezoneId, iWantTo, wfPublishTime, wfExpireTime], languageId=1, fileAsset=/home/runner/work/core/custom/assets/7/9/793a44c0-e40d-430b-9b44-28c8852376a1/fileAsset/file12157120233222537823.txt, folder=c6f29f1d-167a-4701-8461-012b33abb193, __disable_workflow__=true, sortOrder=0, modUser=system},lowIndexPriority=false,variantId=DEFAULT], parent=com.dotmarketing.portlets.folders.model.Folder@31d37b6f[identifier=c6f29f1d-167a-4701-8461-012b33abb193,name=testName1688423651803,sortOrder=0,showOnMenu=false,hostId=93bf1c31-b340-49c7-92a6-1426c94fd245,type=folder,title=testTitle1688423651803,filesMasks=,defaultFileType=33888b6f-7a8e-4069-b1b6-5c1aa9d0a48d,modDate=2023-07-03 22:34:11.807,owner=&lt;null&gt;,iDate=2023-07-03 22:34:11.807,inode=c6f29f1d-167a-4701-8461-012b33abb193,path=/testName1688423651803/], expectedName='file12157120233222537823.txt', expectedType='FileAsset'}]" classname="com.dotmarketing.business.DeterministicIdentifierAPITest" time="0.003"/>
  <testcase name="Test_Asset_Generate_Deterministic_Id_Best_Effort[2: TestCase{versionable=com.dotmarketing.portlets.templates.model.Template@e8f20a02, parent=my.host1688423650926.com, expectedName='testTitle1688423651912', expectedType='Template'}]" classname="com.dotmarketing.business.DeterministicIdentifierAPITest" time="0.002"/>
  <testcase name="Test_Asset_Generate_Deterministic_Id_Best_Effort[3: TestCase{versionable=com.dotmarketing.portlets.htmlpageasset.model.HTMLPageAsset@7f20fbea[map={template=5df73d35-2f39-4880-8c4e-86cafdf69bbe, owner=system, identifier=8aff6580-23fc-4c22-a303-3e888b9da1ba, nullProperties=[wfExpireDate, wfPublishDate, wfActionAssign, wfActionId, wfActionComments, filterKey, whereToSend, wfNeverExpire, _path_to_move, timezoneId, iWantTo, wfPublishTime, wfExpireTime], modDate=2023-07-03 22:34:11.926, cachettl=0, _is_test_mode=true, languageId=1, title=test-page-title-1688423651922, httpsreq=, url=test-page-url-1688423651922, showOnMenu=, inode=521281ec-a5ca-4769-b713-6b0f0882b893, folder=c6f29f1d-167a-4701-8461-012b33abb193, disabledWYSIWYG=[], sortOrder=1, modUser=system, host=93bf1c31-b340-49c7-92a6-1426c94fd245, stInode=c541abb1-69b3-4bc5-8430-5e09e5239cc8, friendlyName=test-page-friendly-name-1688423651922},lowIndexPriority=false,variantId=DEFAULT], parent=com.dotmarketing.portlets.folders.model.Folder@31d37b6f[identifier=c6f29f1d-167a-4701-8461-012b33abb193,name=testName1688423651803,sortOrder=0,showOnMenu=false,hostId=93bf1c31-b340-49c7-92a6-1426c94fd245,type=folder,title=testTitle1688423651803,filesMasks=,defaultFileType=33888b6f-7a8e-4069-b1b6-5c1aa9d0a48d,modDate=2023-07-03 22:34:11.807,owner=&lt;null&gt;,iDate=2023-07-03 22:34:11.807,inode=c6f29f1d-167a-4701-8461-012b33abb193,path=/testName1688423651803/], expectedName='test-page-url-1688423651922', expectedType='htmlpageasset'}]" classname="com.dotmarketing.business.DeterministicIdentifierAPITest" time="0.002"/>
  <testcase name="Test_Asset_Generate_Deterministic_Id_Best_Effort[4: TestCase{versionable=com.dotmarketing.portlets.contentlet.model.Contentlet@4e8d0684[map={fileAsset2=/home/runner/work/core/custom/assets/5/3/53ff6204-2484-4da6-89c3-47bfe925d505/fileAsset2/test_binary1688423652741.png, modDate=2023-07-03 22:34:12.747, fileAsset1=/home/runner/work/core/custom/assets/5/3/53ff6204-2484-4da6-89c3-47bfe925d505/fileAsset1/test_binary1688423652741.jpg, title=blah, inode=53ff6204-2484-4da6-89c3-47bfe925d505, __IS_NEW_CONTENT__=true, disabledWYSIWYG=[], host=48190c8c-42c4-46af-8d1a-0cd5db894797, stInode=65893e85-a766-4f90-8e66-b84f777f2937, owner=system, identifier=59da9774-0dce-4ed0-993c-2b2bb98bef53, nullProperties=[], languageId=1, image1=fec22fb7-d7f8-4a81-8fb6-898169f16682, folder=SYSTEM_FOLDER, __disable_workflow__=true, sortOrder=0, modUser=system},lowIndexPriority=false,variantId=DEFAULT], parent=demo.dotcms.com, expectedName='test_binary1688423652741.jpg:test_binary1688423652741.png', expectedType='MultipleBinaries1688423652086'}]" classname="com.dotmarketing.business.DeterministicIdentifierAPITest" time="0.003"/>
  <testcase name="Test_Asset_Generate_Deterministic_Id_Best_Effort[5: TestCase{versionable=name8f3bd01f16 : keyTag8f3bd01f16, parent=my.host1688423650926.com, expectedName='keyTag8f3bd01f16', expectedType='persona'}]" classname="com.dotmarketing.business.DeterministicIdentifierAPITest" time="0.002"/>
  <testcase name="Test_Similar_Content_Type_Wont_Clash" classname="com.dotmarketing.business.DeterministicIdentifierAPITest" time="0.454"/>
  <testcase name="Test_Generate_Folder_Identifier" classname="com.dotmarketing.business.DeterministicIdentifierAPITest" time="0.566"/>
  <testcase name="Test_Generate_Content_Type_Identifier[0: ContentTypeTestCase{contentType=KeyValueContentType{name=Language Variable, id=f4d7c1b8-2c88-4071-abf1-a5328977b07d, description=Default Content Type for Language Variables, defaultType=false, fixed=true, iDate=Thu Aug 31 16:38:49 UTC 2017, system=true, versionable=true, variable=Languagevariable, modDate=Mon Jul 03 21:29:18 UTC 2023, host=SYSTEM_HOST, siteName=systemHost, icon=language, sortOrder=0, folder=SYSTEM_FOLDER, folderPath=/, markedForDeletion=true, multilingualable=false}, expectedName='Languagevariable', expectedType='KeyValue'}]" classname="com.dotmarketing.business.DeterministicIdentifierAPITest" time="0.006"/>
  <testcase name="Test_Generate_Content_Type_Identifier[1: ContentTypeTestCase{contentType=SimpleContentType{name=testName1688423653153, id=4d2ffd3f-c6b1-4c5e-b8ea-f2edae13e1ad, description=testDescription1688423653153, defaultType=false, fixed=false, iDate=Mon Jul 03 22:34:13 UTC 2023, system=false, versionable=true, multilingualable=false, variable=testVarname1688423653153, owner=system, modDate=Mon Jul 03 22:34:13 UTC 2023, host=48190c8c-42c4-46af-8d1a-0cd5db894797, siteName=demo.dotcms.com, icon=event_note, sortOrder=0, folder=SYSTEM_FOLDER, folderPath=/, requiredFields=[], markedForDeletion=false}, expectedName='testVarname1688423653153', expectedType='CONTENT'}]" classname="com.dotmarketing.business.DeterministicIdentifierAPITest" time="0.006"/>
  <system-out><![CDATA[]]></system-out>
  <system-err><![CDATA[]]></system-err>
</testsuite>
