<?xml version="1.0" encoding="UTF-8"?>
<testsuite name="com.dotmarketing.business.DeterministicIdentifierAPITest" tests="16" skipped="0" failures="0" errors="0" timestamp="2023-07-19T19:17:41" hostname="fv-az615-953" time="1.424">
  <properties/>
  <testcase name="Test_Category_Path_Seed_And_Id" classname="com.dotmarketing.business.DeterministicIdentifierAPITest" time="0.041"/>
  <testcase name="Test_Language_Deterministic_Id[0: LanguageTestCase{expectedSeed='Language:es:US', expectedHash=4913155, langCode='es', countryCode='US', country='United States'}]" classname="com.dotmarketing.business.DeterministicIdentifierAPITest" time="0.001"/>
  <testcase name="Test_Language_Deterministic_Id[1: LanguageTestCase{expectedSeed='Language:ep:', expectedHash=5292269, langCode='ep', countryCode='', country=''}]" classname="com.dotmarketing.business.DeterministicIdentifierAPITest" time="0.002"/>
  <testcase name="Test_Language_Deterministic_Id[2: LanguageTestCase{expectedSeed='Language:sg:SAG', expectedHash=4713118, langCode='sg', countryCode='SAG', country=''}]" classname="com.dotmarketing.business.DeterministicIdentifierAPITest" time="0.002"/>
  <testcase name="Test_Language_Deterministic_Id[3: LanguageTestCase{expectedSeed='Language:en:NZ', expectedHash=5382528, langCode='en', countryCode='NZ', country='New Zealand'}]" classname="com.dotmarketing.business.DeterministicIdentifierAPITest" time="0.002"/>
  <testcase name="Test_Category_None_Persisted_Category_Should_Return_Deterministic_Id" classname="com.dotmarketing.business.DeterministicIdentifierAPITest" time="0.002"/>
  <testcase name="Test_Asset_Generate_Deterministic_Id_Best_Effort[0: TestCase{versionable=my.host1689793802242.com, parent=System Host, expectedName='my.host1689793802242.com', expectedType='Host'}]" classname="com.dotmarketing.business.DeterministicIdentifierAPITest" time="0.005"/>
  <testcase name="Test_Asset_Generate_Deterministic_Id_Best_Effort[1: TestCase{versionable=com.dotmarketing.portlets.contentlet.model.Contentlet@5ec88589[map={modDate=2023-07-19 19:10:02.693, fileName=file7341588746156144547.txt, title=file7341588746156144547.txt, inode=8d919140-0c96-4d90-8d1e-5e0d95bb58ef, __IS_NEW_CONTENT__=true, disabledWYSIWYG=[], host=606d567b-b0e9-4565-b6c1-64d4ed5d0efe, stInode=33888b6f-7a8e-4069-b1b6-5c1aa9d0a48d, owner=system, identifier=b910341b-ec17-4e2b-92a6-f0a423194a86, nullProperties=[wfExpireDate, wfPublishDate, wfActionAssign, wfActionId, wfActionComments, filterKey, whereToSend, wfNeverExpire, _path_to_move, timezoneId, iWantTo, wfPublishTime, wfExpireTime], languageId=1, fileAsset=/home/runner/work/core/custom/assets/8/d/8d919140-0c96-4d90-8d1e-5e0d95bb58ef/fileAsset/file7341588746156144547.txt, folder=b660ce9c-f5de-463e-83c7-6cb07f82c61e, __disable_workflow__=true, sortOrder=0, modUser=system},lowIndexPriority=false,variantId=DEFAULT], parent=com.dotmarketing.portlets.folders.model.Folder@7c9d0f0a[identifier=b660ce9c-f5de-463e-83c7-6cb07f82c61e,name=testName1689793802681,sortOrder=0,showOnMenu=false,hostId=606d567b-b0e9-4565-b6c1-64d4ed5d0efe,type=folder,title=testTitle1689793802681,filesMasks=,defaultFileType=33888b6f-7a8e-4069-b1b6-5c1aa9d0a48d,modDate=2023-07-19 19:10:02.686,owner=&lt;null&gt;,iDate=2023-07-19 19:10:02.686,inode=b660ce9c-f5de-463e-83c7-6cb07f82c61e,path=/testName1689793802681/], expectedName='file7341588746156144547.txt', expectedType='FileAsset'}]" classname="com.dotmarketing.business.DeterministicIdentifierAPITest" time="0.006"/>
  <testcase name="Test_Asset_Generate_Deterministic_Id_Best_Effort[2: TestCase{versionable=com.dotmarketing.portlets.templates.model.Template@1f4a6561, parent=my.host1689793802242.com, expectedName='testTitle1689793802942', expectedType='Template'}]" classname="com.dotmarketing.business.DeterministicIdentifierAPITest" time="0.007"/>
  <testcase name="Test_Asset_Generate_Deterministic_Id_Best_Effort[3: TestCase{versionable=com.dotmarketing.portlets.htmlpageasset.model.HTMLPageAsset@ad0aa20[map={template=81b85ffb-b51d-4b5b-bafc-4d3af37c655c, owner=system, identifier=ff08d5d1-8d88-4823-b73e-e2de9413a5a5, nullProperties=[wfExpireDate, wfPublishDate, wfActionAssign, wfActionId, wfActionComments, filterKey, whereToSend, wfNeverExpire, _path_to_move, timezoneId, iWantTo, wfPublishTime, wfExpireTime], modDate=2023-07-19 19:10:02.966, cachettl=0, _is_test_mode=true, languageId=1, title=test-page-title-1689793802959, httpsreq=, url=test-page-url-1689793802959, showOnMenu=, inode=5346de7a-8326-431d-b7bb-bcd1734851c4, folder=b660ce9c-f5de-463e-83c7-6cb07f82c61e, disabledWYSIWYG=[], sortOrder=1, modUser=system, host=606d567b-b0e9-4565-b6c1-64d4ed5d0efe, stInode=c541abb1-69b3-4bc5-8430-5e09e5239cc8, friendlyName=test-page-friendly-name-1689793802959},lowIndexPriority=false,variantId=DEFAULT], parent=com.dotmarketing.portlets.folders.model.Folder@7c9d0f0a[identifier=b660ce9c-f5de-463e-83c7-6cb07f82c61e,name=testName1689793802681,sortOrder=0,showOnMenu=false,hostId=606d567b-b0e9-4565-b6c1-64d4ed5d0efe,type=folder,title=testTitle1689793802681,filesMasks=,defaultFileType=33888b6f-7a8e-4069-b1b6-5c1aa9d0a48d,modDate=2023-07-19 19:10:02.686,owner=&lt;null&gt;,iDate=2023-07-19 19:10:02.686,inode=b660ce9c-f5de-463e-83c7-6cb07f82c61e,path=/testName1689793802681/], expectedName='test-page-url-1689793802959', expectedType='htmlpageasset'}]" classname="com.dotmarketing.business.DeterministicIdentifierAPITest" time="0.004"/>
  <testcase name="Test_Asset_Generate_Deterministic_Id_Best_Effort[4: TestCase{versionable=com.dotmarketing.portlets.contentlet.model.Contentlet@5b0e3a9a[map={fileAsset2=/home/runner/work/core/custom/assets/5/6/56c853f8-006e-4864-9b21-f20c6740ceff/fileAsset2/test_binary1689793804703.png, modDate=2023-07-19 19:10:04.711, fileAsset1=/home/runner/work/core/custom/assets/5/6/56c853f8-006e-4864-9b21-f20c6740ceff/fileAsset1/test_binary1689793804703.jpg, title=blah, inode=56c853f8-006e-4864-9b21-f20c6740ceff, __IS_NEW_CONTENT__=true, disabledWYSIWYG=[], host=48190c8c-42c4-46af-8d1a-0cd5db894797, stInode=2c4fcdfd-db79-4854-be00-e902ad3fc4df, owner=system, identifier=e8757810-9288-4469-9339-8157638f1854, nullProperties=[], languageId=1, image1=34cfdf7f-7162-47be-8fce-e983630b6e0a, folder=SYSTEM_FOLDER, __disable_workflow__=true, sortOrder=0, modUser=system},lowIndexPriority=false,variantId=DEFAULT], parent=demo.dotcms.com, expectedName='test_binary1689793804703.jpg:test_binary1689793804703.png', expectedType='MultipleBinaries1689793803221'}]" classname="com.dotmarketing.business.DeterministicIdentifierAPITest" time="0.005"/>
  <testcase name="Test_Asset_Generate_Deterministic_Id_Best_Effort[5: TestCase{versionable=name17292c0008 : keyTag17292c0008, parent=my.host1689793802242.com, expectedName='keyTag17292c0008', expectedType='persona'}]" classname="com.dotmarketing.business.DeterministicIdentifierAPITest" time="0.005"/>
  <testcase name="Test_Similar_Content_Type_Wont_Clash" classname="com.dotmarketing.business.DeterministicIdentifierAPITest" time="0.668"/>
  <testcase name="Test_Generate_Folder_Identifier" classname="com.dotmarketing.business.DeterministicIdentifierAPITest" time="0.649"/>
  <testcase name="Test_Generate_Content_Type_Identifier[0: ContentTypeTestCase{contentType=KeyValueContentType{name=Language Variable, id=f4d7c1b8-2c88-4071-abf1-a5328977b07d, description=Default Content Type for Language Variables, defaultType=false, fixed=true, iDate=Thu Aug 31 16:38:49 UTC 2017, system=true, versionable=true, variable=Languagevariable, modDate=Wed Jul 19 17:49:36 UTC 2023, host=SYSTEM_HOST, siteName=systemHost, icon=language, sortOrder=0, folder=SYSTEM_FOLDER, folderPath=/, markedForDeletion=true, multilingualable=false}, expectedName='Languagevariable', expectedType='KeyValue'}]" classname="com.dotmarketing.business.DeterministicIdentifierAPITest" time="0.009"/>
  <testcase name="Test_Generate_Content_Type_Identifier[1: ContentTypeTestCase{contentType=SimpleContentType{name=testName1689793805204, id=010d9aac-3ccf-48dd-8841-3933eeeca111, description=testDescription1689793805204, defaultType=false, fixed=false, iDate=Wed Jul 19 19:10:05 UTC 2023, system=false, versionable=true, multilingualable=false, variable=testVarname1689793805204, owner=system, modDate=Wed Jul 19 19:10:06 UTC 2023, host=48190c8c-42c4-46af-8d1a-0cd5db894797, siteName=demo.dotcms.com, icon=event_note, sortOrder=0, folder=SYSTEM_FOLDER, folderPath=/, requiredFields=[], markedForDeletion=false}, expectedName='testVarname1689793805204', expectedType='CONTENT'}]" classname="com.dotmarketing.business.DeterministicIdentifierAPITest" time="0.009"/>
  <system-out><![CDATA[]]></system-out>
  <system-err><![CDATA[]]></system-err>
</testsuite>
