<?xml version="1.0" encoding="UTF-8"?>
<testsuite name="com.dotcms.rendering.velocity.servlet.VelocityServletIntegrationTest" tests="9" skipped="0" failures="0" errors="0" timestamp="2023-07-21T23:33:52" hostname="fv-az398-443" time="28.382">
  <properties/>
  <testcase name="backendUserRefererEmpty" classname="com.dotcms.rendering.velocity.servlet.VelocityServletIntegrationTest" time="1.201"/>
  <testcase name="backendUserRefererNotDotAdmin" classname="com.dotcms.rendering.velocity.servlet.VelocityServletIntegrationTest" time="0.803"/>
  <testcase name="whenRequestURLMapAndVanityURLTogether" classname="com.dotcms.rendering.velocity.servlet.VelocityServletIntegrationTest" time="9.191"/>
  <testcase name="testingTimeMachine" classname="com.dotcms.rendering.velocity.servlet.VelocityServletIntegrationTest" time="3.032"/>
  <testcase name="backendUserDisabledNavigateModeSet" classname="com.dotcms.rendering.velocity.servlet.VelocityServletIntegrationTest" time="0.959"/>
  <testcase name="backendUserRefererDotAdmin" classname="com.dotcms.rendering.velocity.servlet.VelocityServletIntegrationTest" time="1.013"/>
  <testcase name="whenRequestVanityURL" classname="com.dotcms.rendering.velocity.servlet.VelocityServletIntegrationTest" time="6.559"/>
  <testcase name="whenRequestURLMap" classname="com.dotcms.rendering.velocity.servlet.VelocityServletIntegrationTest" time="4.629"/>
  <testcase name="Test_Frontend_Login_Overrides_BackendLogin_When_Page_Requested" classname="com.dotcms.rendering.velocity.servlet.VelocityServletIntegrationTest" time="0.994"/>
  <system-out><![CDATA[]]></system-out>
  <system-err><![CDATA[]]></system-err>
</testsuite>
