<?xml version="1.0" encoding="UTF-8"?>
<testsuite name="com.dotcms.rest.elasticsearch.ESContentResourcePortletTest" tests="8" skipped="0" failures="0" errors="0" timestamp="2023-06-28T17:23:03" hostname="fv-az283-467" time="8.863">
  <properties/>
  <testcase name="test_search_includeGrandChildCategory_success" classname="com.dotcms.rest.elasticsearch.ESContentResourcePortletTest" time="1.614"/>
  <testcase name="testSearch[0: com.dotcms.rest.elasticsearch.ESContentResourcePortletTest$TestCase@713a4a5f]" classname="com.dotcms.rest.elasticsearch.ESContentResourcePortletTest" time="1.063"/>
  <testcase name="testSearch[1: com.dotcms.rest.elasticsearch.ESContentResourcePortletTest$TestCase@3d952d27]" classname="com.dotcms.rest.elasticsearch.ESContentResourcePortletTest" time="1.327"/>
  <testcase name="testSearch[2: com.dotcms.rest.elasticsearch.ESContentResourcePortletTest$TestCase@357c5236]" classname="com.dotcms.rest.elasticsearch.ESContentResourcePortletTest" time="1.019"/>
  <testcase name="testSearch[3: com.dotcms.rest.elasticsearch.ESContentResourcePortletTest$TestCase@70b907a3]" classname="com.dotcms.rest.elasticsearch.ESContentResourcePortletTest" time="1.298"/>
  <testcase name="testSearch[4: com.dotcms.rest.elasticsearch.ESContentResourcePortletTest$TestCase@5372c359]" classname="com.dotcms.rest.elasticsearch.ESContentResourcePortletTest" time="0.361"/>
  <testcase name="testSearch[5: com.dotcms.rest.elasticsearch.ESContentResourcePortletTest$TestCase@479a2005]" classname="com.dotcms.rest.elasticsearch.ESContentResourcePortletTest" time="1.097"/>
  <testcase name="testSearch[6: com.dotcms.rest.elasticsearch.ESContentResourcePortletTest$TestCase@10a02722]" classname="com.dotcms.rest.elasticsearch.ESContentResourcePortletTest" time="1.081"/>
  <system-out><![CDATA[]]></system-out>
  <system-err><![CDATA[]]></system-err>
</testsuite>
