<?xml version="1.0" encoding="UTF-8"?>
<testsuite name="com.dotcms.integritycheckers.FolderIntegrityCheckerTest" tests="1" skipped="0" failures="0" errors="0" timestamp="2023-06-28T16:07:58" hostname="fv-az361-558" time="0.026">
  <properties/>
  <testcase name="test_execute_identifierColumnsNotNull" classname="com.dotcms.integritycheckers.FolderIntegrityCheckerTest" time="0.026"/>
  <system-out><![CDATA[]]></system-out>
  <system-err><![CDATA[]]></system-err>
</testsuite>
