<?xml version="1.0" encoding="UTF-8"?>
<testsuite name="com.dotcms.util.content.json.PopulateContentletAsJSONUtilTest" tests="3" skipped="0" failures="0" errors="0" timestamp="2023-06-29T18:42:24" hostname="fv-az166-287" time="109.254">
  <properties/>
  <testcase name="Test_populate_everything" classname="com.dotcms.util.content.json.PopulateContentletAsJSONUtilTest" time="58.863"/>
  <testcase name="Test_populate_All_excluding_host" classname="com.dotcms.util.content.json.PopulateContentletAsJSONUtilTest" time="18.169"/>
  <testcase name="Test_populate_host" classname="com.dotcms.util.content.json.PopulateContentletAsJSONUtilTest" time="32.222"/>
  <system-out><![CDATA[]]></system-out>
  <system-err><![CDATA[]]></system-err>
</testsuite>
