<?xml version="1.0" encoding="UTF-8"?>
<testsuite name="com.dotcms.publisher.assets.business.PushedAssetsAPITest" tests="2" skipped="0" failures="0" errors="0" timestamp="2023-06-30T17:29:15" hostname="fv-az210-575" time="0.141">
  <properties/>
  <testcase name="test_save_and_delete_pushed_assets_on_two_env" classname="com.dotcms.publisher.assets.business.PushedAssetsAPITest" time="0.135"/>
  <testcase name="test_deletePushedAssetsByBundleId" classname="com.dotcms.publisher.assets.business.PushedAssetsAPITest" time="0.006"/>
  <system-out><![CDATA[]]></system-out>
  <system-err><![CDATA[]]></system-err>
</testsuite>
