<?xml version="1.0" encoding="UTF-8"?>
<testsuite name="com.dotcms.rendering.velocity.viewtools.navigation.NavToolTest" tests="19" skipped="0" failures="0" errors="0" timestamp="2023-07-21T22:46:05" hostname="fv-az398-443" time="41.445">
  <properties/>
  <testcase name="Test_Render_Menu_Items_On_Edit_Mode_Page_Mode[0: EDIT_MODE]" classname="com.dotcms.rendering.velocity.viewtools.navigation.NavToolTest" time="3.18"/>
  <testcase name="Test_Render_Menu_Items_On_Edit_Mode_Page_Mode[1: PREVIEW_MODE]" classname="com.dotcms.rendering.velocity.viewtools.navigation.NavToolTest" time="1.95"/>
  <testcase name="Test_Render_Menu_Items_On_Live_And_Admin_Page_Mode[0: LIVE]" classname="com.dotcms.rendering.velocity.viewtools.navigation.NavToolTest" time="2.911"/>
  <testcase name="Test_Render_Menu_Items_On_Live_And_Admin_Page_Mode[1: ADMIN_MODE]" classname="com.dotcms.rendering.velocity.viewtools.navigation.NavToolTest" time="2.391"/>
  <testcase name="testFolderDefaultPageToLanguageFalse" classname="com.dotcms.rendering.velocity.viewtools.navigation.NavToolTest" time="2.974"/>
  <testcase name="testFolderDefaultPageToLanguageTrue" classname="com.dotcms.rendering.velocity.viewtools.navigation.NavToolTest" time="3.06"/>
  <testcase name="testNavTool_getNav_SystemFolder_ShouldNotChangeSystemFolderHostId" classname="com.dotcms.rendering.velocity.viewtools.navigation.NavToolTest" time="2.88"/>
  <testcase name="testNavTool_rootLevel_returnItemsOnlyForSite" classname="com.dotcms.rendering.velocity.viewtools.navigation.NavToolTest" time="6.141"/>
  <testcase name="testRootLevelNavigation_WhenOneFileAssetIsShownOnMenu" classname="com.dotcms.rendering.velocity.viewtools.navigation.NavToolTest" time="7.089"/>
  <testcase name="testShouldAddFileInAnotherLang[0: com.dotcms.rendering.velocity.viewtools.navigation.NavToolTest$NavToolTestCase@46f12ef6]" classname="com.dotcms.rendering.velocity.viewtools.navigation.NavToolTest" time="0.001"/>
  <testcase name="testShouldAddFileInAnotherLang[1: com.dotcms.rendering.velocity.viewtools.navigation.NavToolTest$NavToolTestCase@e293cd6]" classname="com.dotcms.rendering.velocity.viewtools.navigation.NavToolTest" time="0.001"/>
  <testcase name="testShouldAddFileInAnotherLang[2: com.dotcms.rendering.velocity.viewtools.navigation.NavToolTest$NavToolTestCase@6d2005e4]" classname="com.dotcms.rendering.velocity.viewtools.navigation.NavToolTest" time="0.001"/>
  <testcase name="testShouldAddFileInAnotherLang[3: com.dotcms.rendering.velocity.viewtools.navigation.NavToolTest$NavToolTestCase@5149e5cd]" classname="com.dotcms.rendering.velocity.viewtools.navigation.NavToolTest" time="0.0"/>
  <testcase name="testShouldAddFileInAnotherLang[4: com.dotcms.rendering.velocity.viewtools.navigation.NavToolTest$NavToolTestCase@1e80e78c]" classname="com.dotcms.rendering.velocity.viewtools.navigation.NavToolTest" time="0.001"/>
  <testcase name="test_getNavLevelAsParameter" classname="com.dotcms.rendering.velocity.viewtools.navigation.NavToolTest" time="3.001"/>
  <testcase name="test_getNavWithoutParameters" classname="com.dotcms.rendering.velocity.viewtools.navigation.NavToolTest" time="2.863"/>
  <testcase name="test_getNav_GivenLinkItems_ShouldOnlyShowLinksEditMode" classname="com.dotcms.rendering.velocity.viewtools.navigation.NavToolTest" time="0.29"/>
  <testcase name="test_getNav_GivenLinkItems_ShouldOnlyShowLiveLinksLiveMode" classname="com.dotcms.rendering.velocity.viewtools.navigation.NavToolTest" time="0.976"/>
  <testcase name="test_getNav_multilingualPage_shouldOnlyReturnOne" classname="com.dotcms.rendering.velocity.viewtools.navigation.NavToolTest" time="1.734"/>
  <system-out><![CDATA[]]></system-out>
  <system-err><![CDATA[]]></system-err>
</testsuite>
