<?xml version="1.0" encoding="UTF-8"?>
<testsuite name="com.dotcms.rest.api.v1.content.ContentVersionResourceIntegrationTest" tests="6" skipped="0" failures="0" errors="0" timestamp="2023-07-21T03:41:13" hostname="fv-az256-498" time="6.166">
  <properties/>
  <testcase name="test_Find_All_By_Lang_Expect_OK" classname="com.dotcms.rest.api.v1.content.ContentVersionResourceIntegrationTest" time="3.033"/>
  <testcase name="test_Find_All_By_Lang_Expect_404" classname="com.dotcms.rest.api.v1.content.ContentVersionResourceIntegrationTest" time="0.006"/>
  <testcase name="test_find_multiple_inodes" classname="com.dotcms.rest.api.v1.content.ContentVersionResourceIntegrationTest" time="1.675"/>
  <testcase name="test_Find_All_Expect_OK" classname="com.dotcms.rest.api.v1.content.ContentVersionResourceIntegrationTest" time="1.445"/>
  <testcase name="test_Bad_Request_404" classname="com.dotcms.rest.api.v1.content.ContentVersionResourceIntegrationTest" time="0.002"/>
  <testcase name="test_Find_All_Expect_404" classname="com.dotcms.rest.api.v1.content.ContentVersionResourceIntegrationTest" time="0.003"/>
  <system-out><![CDATA[]]></system-out>
  <system-err><![CDATA[]]></system-err>
</testsuite>
