<?xml version="1.0" encoding="UTF-8"?>
<testsuite name="com.dotmarketing.portlets.structure.model.ContentletRelationshipsTest" tests="7" skipped="0" failures="0" errors="0" timestamp="2023-06-28T16:58:20" hostname="fv-az341-124" time="8.765">
  <properties/>
  <testcase name="testDoesAllowOnlyOne[0: com.dotmarketing.portlets.structure.model.ContentletRelationshipsTest$CardinalityTestCase@137215a]" classname="com.dotmarketing.portlets.structure.model.ContentletRelationshipsTest" time="0.504"/>
  <testcase name="testDoesAllowOnlyOne[1: com.dotmarketing.portlets.structure.model.ContentletRelationshipsTest$CardinalityTestCase@4c51b899]" classname="com.dotmarketing.portlets.structure.model.ContentletRelationshipsTest" time="0.409"/>
  <testcase name="testDoesAllowOnlyOne[2: com.dotmarketing.portlets.structure.model.ContentletRelationshipsTest$CardinalityTestCase@7ad01f08]" classname="com.dotmarketing.portlets.structure.model.ContentletRelationshipsTest" time="0.459"/>
  <testcase name="testGetRelationshipRecords[0: com.dotmarketing.portlets.structure.model.ContentletRelationshipsTest$TestCase@44d152ed]" classname="com.dotmarketing.portlets.structure.model.ContentletRelationshipsTest" time="1.983"/>
  <testcase name="testGetRelationshipRecords[1: com.dotmarketing.portlets.structure.model.ContentletRelationshipsTest$TestCase@7c5496dc]" classname="com.dotmarketing.portlets.structure.model.ContentletRelationshipsTest" time="1.907"/>
  <testcase name="testGetRelationshipRecords[2: com.dotmarketing.portlets.structure.model.ContentletRelationshipsTest$TestCase@3d006cbf]" classname="com.dotmarketing.portlets.structure.model.ContentletRelationshipsTest" time="1.751"/>
  <testcase name="testGetRelationshipRecords[3: com.dotmarketing.portlets.structure.model.ContentletRelationshipsTest$TestCase@47d21c48]" classname="com.dotmarketing.portlets.structure.model.ContentletRelationshipsTest" time="1.751"/>
  <system-out><![CDATA[]]></system-out>
  <system-err><![CDATA[]]></system-err>
</testsuite>
