<?xml version="1.0" encoding="UTF-8"?>
<testsuite name="com.dotcms.publishing.PublisherAPIImplTest" tests="24" skipped="0" failures="0" errors="0" timestamp="2023-06-27T15:23:41" hostname="fv-az354-410" time="4.004">
  <properties/>
  <testcase name="AddAllCategoryIntoBundle" classname="com.dotcms.publishing.PublisherAPIImplTest" time="0.149"/>
  <testcase name="testFilterDescriptors" classname="com.dotcms.publishing.PublisherAPIImplTest" time="0.081"/>
  <testcase name="sendPushPublishBundle[0: com.dotcms.publishing.PublisherAPIImplTest$TestAsset@56591fa4]" classname="com.dotcms.publishing.PublisherAPIImplTest" time="1.162"/>
  <testcase name="sendPushPublishBundle[1: com.dotcms.publishing.PublisherAPIImplTest$TestAsset@539fca35]" classname="com.dotcms.publishing.PublisherAPIImplTest" time="0.193"/>
  <testcase name="sendPushPublishBundle[2: com.dotcms.publishing.PublisherAPIImplTest$TestAsset@733ed272]" classname="com.dotcms.publishing.PublisherAPIImplTest" time="0.145"/>
  <testcase name="sendPushPublishBundle[3: com.dotcms.publishing.PublisherAPIImplTest$TestAsset@152bb8a]" classname="com.dotcms.publishing.PublisherAPIImplTest" time="0.315"/>
  <testcase name="sendPushPublishBundle[4: com.dotcms.publishing.PublisherAPIImplTest$TestAsset@1fe8203b]" classname="com.dotcms.publishing.PublisherAPIImplTest" time="0.204"/>
  <testcase name="sendPushPublishBundle[5: com.dotcms.publishing.PublisherAPIImplTest$TestAsset@328b8f91]" classname="com.dotcms.publishing.PublisherAPIImplTest" time="0.147"/>
  <testcase name="sendPushPublishBundle[6: com.dotcms.publishing.PublisherAPIImplTest$TestAsset@37a376f0]" classname="com.dotcms.publishing.PublisherAPIImplTest" time="0.121"/>
  <testcase name="sendPushPublishBundle[7: com.dotcms.publishing.PublisherAPIImplTest$TestAsset@23b91565]" classname="com.dotcms.publishing.PublisherAPIImplTest" time="0.118"/>
  <testcase name="sendPushPublishBundle[8: com.dotcms.publishing.PublisherAPIImplTest$TestAsset@7d0e10d1]" classname="com.dotcms.publishing.PublisherAPIImplTest" time="0.142"/>
  <testcase name="sendPushPublishBundle[9: com.dotcms.publishing.PublisherAPIImplTest$TestAsset@1317ffe6]" classname="com.dotcms.publishing.PublisherAPIImplTest" time="0.186"/>
  <testcase name="sendPushPublishBundle[10: com.dotcms.publishing.PublisherAPIImplTest$TestAsset@3f2f1f82]" classname="com.dotcms.publishing.PublisherAPIImplTest" time="0.071"/>
  <testcase name="generateBundle[0: com.dotcms.publishing.PublisherAPIImplTest$TestAsset@56591fa4]" classname="com.dotcms.publishing.PublisherAPIImplTest" time="0.112"/>
  <testcase name="generateBundle[1: com.dotcms.publishing.PublisherAPIImplTest$TestAsset@539fca35]" classname="com.dotcms.publishing.PublisherAPIImplTest" time="0.083"/>
  <testcase name="generateBundle[2: com.dotcms.publishing.PublisherAPIImplTest$TestAsset@733ed272]" classname="com.dotcms.publishing.PublisherAPIImplTest" time="0.077"/>
  <testcase name="generateBundle[3: com.dotcms.publishing.PublisherAPIImplTest$TestAsset@152bb8a]" classname="com.dotcms.publishing.PublisherAPIImplTest" time="0.145"/>
  <testcase name="generateBundle[4: com.dotcms.publishing.PublisherAPIImplTest$TestAsset@1fe8203b]" classname="com.dotcms.publishing.PublisherAPIImplTest" time="0.139"/>
  <testcase name="generateBundle[5: com.dotcms.publishing.PublisherAPIImplTest$TestAsset@328b8f91]" classname="com.dotcms.publishing.PublisherAPIImplTest" time="0.089"/>
  <testcase name="generateBundle[6: com.dotcms.publishing.PublisherAPIImplTest$TestAsset@37a376f0]" classname="com.dotcms.publishing.PublisherAPIImplTest" time="0.09"/>
  <testcase name="generateBundle[7: com.dotcms.publishing.PublisherAPIImplTest$TestAsset@23b91565]" classname="com.dotcms.publishing.PublisherAPIImplTest" time="0.067"/>
  <testcase name="generateBundle[8: com.dotcms.publishing.PublisherAPIImplTest$TestAsset@7d0e10d1]" classname="com.dotcms.publishing.PublisherAPIImplTest" time="0.042"/>
  <testcase name="generateBundle[9: com.dotcms.publishing.PublisherAPIImplTest$TestAsset@1317ffe6]" classname="com.dotcms.publishing.PublisherAPIImplTest" time="0.1"/>
  <testcase name="generateBundle[10: com.dotcms.publishing.PublisherAPIImplTest$TestAsset@3f2f1f82]" classname="com.dotcms.publishing.PublisherAPIImplTest" time="0.015"/>
  <system-out><![CDATA[









































































































































































]]></system-out>
  <system-err><![CDATA[]]></system-err>
</testsuite>
