<?xml version="1.0" encoding="UTF-8"?>
<testsuite name="com.dotcms.integritycheckers.FolderIntegrityCheckerTest" tests="1" skipped="0" failures="0" errors="0" timestamp="2023-07-18T05:47:45" hostname="fv-az1235-995" time="0.044">
  <properties/>
  <testcase name="test_execute_identifierColumnsNotNull" classname="com.dotcms.integritycheckers.FolderIntegrityCheckerTest" time="0.044"/>
  <system-out><![CDATA[]]></system-out>
  <system-err><![CDATA[]]></system-err>
</testsuite>
