<?xml version="1.0" encoding="UTF-8"?>
<testsuite name="com.dotcms.rest.api.v1.vtl.VTLResourceIntegrationTest" tests="6" skipped="0" failures="0" errors="0" timestamp="2023-07-11T17:23:02" hostname="fv-az351-324" time="10.918">
  <properties/>
  <testcase name="testGet[0: com.dotcms.rest.api.v1.vtl.VTLResourceTestCase@2c894706]" classname="com.dotcms.rest.api.v1.vtl.VTLResourceIntegrationTest" time="1.004"/>
  <testcase name="testGet[1: com.dotcms.rest.api.v1.vtl.VTLResourceTestCase@10d72675]" classname="com.dotcms.rest.api.v1.vtl.VTLResourceIntegrationTest" time="1.831"/>
  <testcase name="testGet[2: com.dotcms.rest.api.v1.vtl.VTLResourceTestCase@1b5ba4f]" classname="com.dotcms.rest.api.v1.vtl.VTLResourceIntegrationTest" time="2.112"/>
  <testcase name="testGet[3: com.dotcms.rest.api.v1.vtl.VTLResourceTestCase@16e1ffdf]" classname="com.dotcms.rest.api.v1.vtl.VTLResourceIntegrationTest" time="1.991"/>
  <testcase name="testGet[4: com.dotcms.rest.api.v1.vtl.VTLResourceTestCase@70b63b72]" classname="com.dotcms.rest.api.v1.vtl.VTLResourceIntegrationTest" time="1.99"/>
  <testcase name="testGet[5: com.dotcms.rest.api.v1.vtl.VTLResourceTestCase@59fb4f9f]" classname="com.dotcms.rest.api.v1.vtl.VTLResourceIntegrationTest" time="1.988"/>
  <system-out><![CDATA[]]></system-out>
  <system-err><![CDATA[]]></system-err>
</testsuite>
