<?xml version="1.0" encoding="UTF-8"?>
<testsuite name="com.dotcms.rest.api.v1.vtl.VTLResourceIntegrationTest" tests="6" skipped="0" failures="0" errors="0" timestamp="2023-07-17T19:47:29" hostname="fv-az305-30" time="12.13">
  <properties/>
  <testcase name="testGet[0: com.dotcms.rest.api.v1.vtl.VTLResourceTestCase@18aa7283]" classname="com.dotcms.rest.api.v1.vtl.VTLResourceIntegrationTest" time="2.135"/>
  <testcase name="testGet[1: com.dotcms.rest.api.v1.vtl.VTLResourceTestCase@68a19b61]" classname="com.dotcms.rest.api.v1.vtl.VTLResourceIntegrationTest" time="1.999"/>
  <testcase name="testGet[2: com.dotcms.rest.api.v1.vtl.VTLResourceTestCase@5c24261b]" classname="com.dotcms.rest.api.v1.vtl.VTLResourceIntegrationTest" time="2.002"/>
  <testcase name="testGet[3: com.dotcms.rest.api.v1.vtl.VTLResourceTestCase@2c8e1b5]" classname="com.dotcms.rest.api.v1.vtl.VTLResourceIntegrationTest" time="1.962"/>
  <testcase name="testGet[4: com.dotcms.rest.api.v1.vtl.VTLResourceTestCase@493db505]" classname="com.dotcms.rest.api.v1.vtl.VTLResourceIntegrationTest" time="2.053"/>
  <testcase name="testGet[5: com.dotcms.rest.api.v1.vtl.VTLResourceTestCase@2da345d0]" classname="com.dotcms.rest.api.v1.vtl.VTLResourceIntegrationTest" time="1.978"/>
  <system-out><![CDATA[]]></system-out>
  <system-err><![CDATA[]]></system-err>
</testsuite>
