<?xml version="1.0" encoding="UTF-8"?>
<testsuite name="com.dotmarketing.business.DeterministicIdentifierAPITest" tests="16" skipped="0" failures="0" errors="0" timestamp="2023-06-24T00:03:30" hostname="fv-az805-638" time="1.515">
  <properties/>
  <testcase name="Test_Category_Path_Seed_And_Id" classname="com.dotmarketing.business.DeterministicIdentifierAPITest" time="0.03"/>
  <testcase name="Test_Language_Deterministic_Id[0: LanguageTestCase{expectedSeed='Language:es:US', expectedHash=4913155, langCode='es', countryCode='US', country='United States'}]" classname="com.dotmarketing.business.DeterministicIdentifierAPITest" time="0.002"/>
  <testcase name="Test_Language_Deterministic_Id[1: LanguageTestCase{expectedSeed='Language:ep:', expectedHash=5292269, langCode='ep', countryCode='', country=''}]" classname="com.dotmarketing.business.DeterministicIdentifierAPITest" time="0.001"/>
  <testcase name="Test_Language_Deterministic_Id[2: LanguageTestCase{expectedSeed='Language:sg:SAG', expectedHash=4713118, langCode='sg', countryCode='SAG', country=''}]" classname="com.dotmarketing.business.DeterministicIdentifierAPITest" time="0.001"/>
  <testcase name="Test_Language_Deterministic_Id[3: LanguageTestCase{expectedSeed='Language:en:NZ', expectedHash=5382528, langCode='en', countryCode='NZ', country='New Zealand'}]" classname="com.dotmarketing.business.DeterministicIdentifierAPITest" time="0.001"/>
  <testcase name="Test_Category_None_Persisted_Category_Should_Return_Deterministic_Id" classname="com.dotmarketing.business.DeterministicIdentifierAPITest" time="0.002"/>
  <testcase name="Test_Asset_Generate_Deterministic_Id_Best_Effort[0: TestCase{versionable=my.host1687559484168.com, parent=System Host, expectedName='my.host1687559484168.com', expectedType='Host'}]" classname="com.dotmarketing.business.DeterministicIdentifierAPITest" time="0.006"/>
  <testcase name="Test_Asset_Generate_Deterministic_Id_Best_Effort[1: TestCase{versionable=com.dotmarketing.portlets.contentlet.model.Contentlet@208130d4[map={modDate=2023-06-23 22:31:25.346, fileName=file3411365101308303141.txt, title=file3411365101308303141.txt, inode=8e297dc1-7ac0-4dc9-a8c1-3fb6a33a6f97, __IS_NEW_CONTENT__=true, disabledWYSIWYG=[], host=6e4c9bcf-039b-4a73-ba89-d935cc7d147e, stInode=33888b6f-7a8e-4069-b1b6-5c1aa9d0a48d, owner=system, identifier=c6e53dc3-f9fe-4618-946a-f8024351cb59, nullProperties=[wfExpireDate, wfPublishDate, wfActionAssign, wfActionId, wfActionComments, filterKey, whereToSend, wfNeverExpire, _path_to_move, timezoneId, iWantTo, wfPublishTime, wfExpireTime], languageId=1, fileAsset=/home/runner/work/core/custom/assets/8/e/8e297dc1-7ac0-4dc9-a8c1-3fb6a33a6f97/fileAsset/file3411365101308303141.txt, folder=92bb4678-6206-47c6-9f50-379818817df0, __disable_workflow__=true, sortOrder=0, modUser=system},lowIndexPriority=false,variantId=DEFAULT], parent=com.dotmarketing.portlets.folders.model.Folder@64938ea8[identifier=92bb4678-6206-47c6-9f50-379818817df0,name=testName1687559485336,sortOrder=0,showOnMenu=false,hostId=6e4c9bcf-039b-4a73-ba89-d935cc7d147e,type=folder,title=testTitle1687559485336,filesMasks=,defaultFileType=33888b6f-7a8e-4069-b1b6-5c1aa9d0a48d,modDate=2023-06-23 22:31:25.339,owner=&lt;null&gt;,iDate=2023-06-23 22:31:25.339,inode=92bb4678-6206-47c6-9f50-379818817df0,path=/testName1687559485336/], expectedName='file3411365101308303141.txt', expectedType='FileAsset'}]" classname="com.dotmarketing.business.DeterministicIdentifierAPITest" time="0.004"/>
  <testcase name="Test_Asset_Generate_Deterministic_Id_Best_Effort[2: TestCase{versionable=com.dotmarketing.portlets.templates.model.Template@acaa1936, parent=my.host1687559484168.com, expectedName='testTitle1687559485433', expectedType='Template'}]" classname="com.dotmarketing.business.DeterministicIdentifierAPITest" time="0.002"/>
  <testcase name="Test_Asset_Generate_Deterministic_Id_Best_Effort[3: TestCase{versionable=com.dotmarketing.portlets.htmlpageasset.model.HTMLPageAsset@71b50143[map={template=10cc2822-4169-4c2a-acf4-d215a96c4f0d, owner=system, identifier=30f0d792-f941-4de7-8f12-da662d7467a6, nullProperties=[wfExpireDate, wfPublishDate, wfActionAssign, wfActionId, wfActionComments, filterKey, whereToSend, wfNeverExpire, _path_to_move, timezoneId, iWantTo, wfPublishTime, wfExpireTime], modDate=2023-06-23 22:31:25.454, cachettl=0, _is_test_mode=true, languageId=1, title=test-page-title-1687559485449, httpsreq=, url=test-page-url-1687559485449, showOnMenu=, inode=4f205b73-8611-4c2c-8406-5e98b828325b, folder=92bb4678-6206-47c6-9f50-379818817df0, disabledWYSIWYG=[], sortOrder=1, modUser=system, host=6e4c9bcf-039b-4a73-ba89-d935cc7d147e, stInode=c541abb1-69b3-4bc5-8430-5e09e5239cc8, friendlyName=test-page-friendly-name-1687559485449},lowIndexPriority=false,variantId=DEFAULT], parent=com.dotmarketing.portlets.folders.model.Folder@64938ea8[identifier=92bb4678-6206-47c6-9f50-379818817df0,name=testName1687559485336,sortOrder=0,showOnMenu=false,hostId=6e4c9bcf-039b-4a73-ba89-d935cc7d147e,type=folder,title=testTitle1687559485336,filesMasks=,defaultFileType=33888b6f-7a8e-4069-b1b6-5c1aa9d0a48d,modDate=2023-06-23 22:31:25.339,owner=&lt;null&gt;,iDate=2023-06-23 22:31:25.339,inode=92bb4678-6206-47c6-9f50-379818817df0,path=/testName1687559485336/], expectedName='test-page-url-1687559485449', expectedType='htmlpageasset'}]" classname="com.dotmarketing.business.DeterministicIdentifierAPITest" time="0.003"/>
  <testcase name="Test_Asset_Generate_Deterministic_Id_Best_Effort[4: TestCase{versionable=com.dotmarketing.portlets.contentlet.model.Contentlet@a1f56be[map={fileAsset2=/home/runner/work/core/custom/assets/b/a/baed9660-58b4-4dc1-a07b-ee6332c803a4/fileAsset2/test_binary1687559486320.png, modDate=2023-06-23 22:31:26.325, fileAsset1=/home/runner/work/core/custom/assets/b/a/baed9660-58b4-4dc1-a07b-ee6332c803a4/fileAsset1/test_binary1687559486320.jpg, title=blah, inode=baed9660-58b4-4dc1-a07b-ee6332c803a4, __IS_NEW_CONTENT__=true, disabledWYSIWYG=[], host=8a7d5e23-da1e-420a-b4f0-471e7da8ea2d, stInode=aeb6baa4-4673-4c1c-adcb-bec7135786c5, owner=system, identifier=6647465f-1d3d-448d-a96a-549583c45925, nullProperties=[], languageId=1, image1=db4b2c8d-a992-4819-80b0-a40ed212013c, folder=SYSTEM_FOLDER, __disable_workflow__=true, sortOrder=0, modUser=system},lowIndexPriority=false,variantId=DEFAULT], parent=default, expectedName='test_binary1687559486320.jpg:test_binary1687559486320.png', expectedType='MultipleBinaries1687559485575'}]" classname="com.dotmarketing.business.DeterministicIdentifierAPITest" time="0.009"/>
  <testcase name="Test_Asset_Generate_Deterministic_Id_Best_Effort[5: TestCase{versionable=name04aa1162a6 : keyTag04aa1162a6, parent=my.host1687559484168.com, expectedName='keyTag04aa1162a6', expectedType='persona'}]" classname="com.dotmarketing.business.DeterministicIdentifierAPITest" time="0.007"/>
  <testcase name="Test_Similar_Content_Type_Wont_Clash" classname="com.dotmarketing.business.DeterministicIdentifierAPITest" time="0.451"/>
  <testcase name="Test_Generate_Folder_Identifier" classname="com.dotmarketing.business.DeterministicIdentifierAPITest" time="0.979"/>
  <testcase name="Test_Generate_Content_Type_Identifier[0: ContentTypeTestCase{contentType=KeyValueContentType{name=Language Variable, id=f4d7c1b8-2c88-4071-abf1-a5328977b07d, description=Default Content Type for Language Variables, defaultType=false, fixed=true, iDate=Thu Aug 31 16:38:49 UTC 2017, system=true, versionable=true, variable=Languagevariable, modDate=Fri Jun 23 22:28:02 UTC 2023, host=SYSTEM_HOST, siteName=systemHost, icon=language, sortOrder=0, folder=SYSTEM_FOLDER, folderPath=/, markedForDeletion=false, multilingualable=false}, expectedName='Languagevariable', expectedType='KeyValue'}]" classname="com.dotmarketing.business.DeterministicIdentifierAPITest" time="0.008"/>
  <testcase name="Test_Generate_Content_Type_Identifier[1: ContentTypeTestCase{contentType=SimpleContentType{name=testName1687559486639, id=71eb027e-ad86-456f-8bcc-a8248876274b, description=testDescription1687559486639, defaultType=false, fixed=false, iDate=Fri Jun 23 22:31:26 UTC 2023, system=false, versionable=true, multilingualable=false, variable=testVarname1687559486639, owner=system, modDate=Fri Jun 23 22:31:27 UTC 2023, host=8a7d5e23-da1e-420a-b4f0-471e7da8ea2d, siteName=default, icon=event_note, sortOrder=0, folder=SYSTEM_FOLDER, folderPath=/, requiredFields=[], markedForDeletion=false}, expectedName='testVarname1687559486639', expectedType='CONTENT'}]" classname="com.dotmarketing.business.DeterministicIdentifierAPITest" time="0.005"/>
  <system-out><![CDATA[]]></system-out>
  <system-err><![CDATA[]]></system-err>
</testsuite>
