<?xml version="1.0" encoding="UTF-8"?>
<testsuite name="com.dotcms.rest.elasticsearch.ESContentResourcePortletTest" tests="8" skipped="0" failures="0" errors="0" timestamp="2023-06-26T18:57:50" hostname="fv-az341-169" time="9.685">
  <properties/>
  <testcase name="test_search_includeGrandChildCategory_success" classname="com.dotcms.rest.elasticsearch.ESContentResourcePortletTest" time="2.518"/>
  <testcase name="testSearch[0: com.dotcms.rest.elasticsearch.ESContentResourcePortletTest$TestCase@36793894]" classname="com.dotcms.rest.elasticsearch.ESContentResourcePortletTest" time="1.049"/>
  <testcase name="testSearch[1: com.dotcms.rest.elasticsearch.ESContentResourcePortletTest$TestCase@3220bd78]" classname="com.dotcms.rest.elasticsearch.ESContentResourcePortletTest" time="0.329"/>
  <testcase name="testSearch[2: com.dotcms.rest.elasticsearch.ESContentResourcePortletTest$TestCase@62df94db]" classname="com.dotcms.rest.elasticsearch.ESContentResourcePortletTest" time="1.068"/>
  <testcase name="testSearch[3: com.dotcms.rest.elasticsearch.ESContentResourcePortletTest$TestCase@677cbf7]" classname="com.dotcms.rest.elasticsearch.ESContentResourcePortletTest" time="1.317"/>
  <testcase name="testSearch[4: com.dotcms.rest.elasticsearch.ESContentResourcePortletTest$TestCase@7935ee35]" classname="com.dotcms.rest.elasticsearch.ESContentResourcePortletTest" time="1.283"/>
  <testcase name="testSearch[5: com.dotcms.rest.elasticsearch.ESContentResourcePortletTest$TestCase@4e494716]" classname="com.dotcms.rest.elasticsearch.ESContentResourcePortletTest" time="1.095"/>
  <testcase name="testSearch[6: com.dotcms.rest.elasticsearch.ESContentResourcePortletTest$TestCase@502e7b48]" classname="com.dotcms.rest.elasticsearch.ESContentResourcePortletTest" time="1.025"/>
  <system-out><![CDATA[]]></system-out>
  <system-err><![CDATA[]]></system-err>
</testsuite>
