<?xml version="1.0" encoding="UTF-8"?>
<testsuite name="com.dotcms.rendering.velocity.viewtools.content.util.ContentUtilsTest" tests="89" skipped="0" failures="0" errors="0" timestamp="2023-07-24T15:08:03" hostname="fv-az571-935" time="414.66">
  <properties/>
  <testcase name="whenTheTimeMachineDateIsNullAndPublishDateInFutureShouldNotReturnAnything" classname="com.dotcms.rendering.velocity.viewtools.content.util.ContentUtilsTest" time="3.565"/>
  <testcase name="test_find_multilingual_contentlet_getContentletSuccessfully" classname="com.dotcms.rendering.velocity.viewtools.content.util.ContentUtilsTest" time="1.647"/>
  <testcase name="whenTheTimeMachineDateAndPublishDateAreTomorrowShouldReturnOneContent" classname="com.dotcms.rendering.velocity.viewtools.content.util.ContentUtilsTest" time="3.681"/>
  <testcase name="testPullRelated[0: com.dotcms.rendering.velocity.viewtools.content.util.ContentUtilsTest$TestCase@1f059245]" classname="com.dotcms.rendering.velocity.viewtools.content.util.ContentUtilsTest" time="4.338"/>
  <testcase name="testPullRelated[1: com.dotcms.rendering.velocity.viewtools.content.util.ContentUtilsTest$TestCase@2339d3a1]" classname="com.dotcms.rendering.velocity.viewtools.content.util.ContentUtilsTest" time="3.934"/>
  <testcase name="testPullRelated[2: com.dotcms.rendering.velocity.viewtools.content.util.ContentUtilsTest$TestCase@37fec3f4]" classname="com.dotcms.rendering.velocity.viewtools.content.util.ContentUtilsTest" time="3.37"/>
  <testcase name="testPullRelated[3: com.dotcms.rendering.velocity.viewtools.content.util.ContentUtilsTest$TestCase@15b1f536]" classname="com.dotcms.rendering.velocity.viewtools.content.util.ContentUtilsTest" time="4.702"/>
  <testcase name="testPullRelated[4: com.dotcms.rendering.velocity.viewtools.content.util.ContentUtilsTest$TestCase@2615ca7f]" classname="com.dotcms.rendering.velocity.viewtools.content.util.ContentUtilsTest" time="3.597"/>
  <testcase name="testPullRelated[5: com.dotcms.rendering.velocity.viewtools.content.util.ContentUtilsTest$TestCase@4b5ca1c7]" classname="com.dotcms.rendering.velocity.viewtools.content.util.ContentUtilsTest" time="4.498"/>
  <testcase name="testPullRelated[6: com.dotcms.rendering.velocity.viewtools.content.util.ContentUtilsTest$TestCase@a7c2a3b]" classname="com.dotcms.rendering.velocity.viewtools.content.util.ContentUtilsTest" time="4.892"/>
  <testcase name="testPullRelated[7: com.dotcms.rendering.velocity.viewtools.content.util.ContentUtilsTest$TestCase@107e6607]" classname="com.dotcms.rendering.velocity.viewtools.content.util.ContentUtilsTest" time="3.948"/>
  <testcase name="testPullRelated[8: com.dotcms.rendering.velocity.viewtools.content.util.ContentUtilsTest$TestCase@18300045]" classname="com.dotcms.rendering.velocity.viewtools.content.util.ContentUtilsTest" time="4.873"/>
  <testcase name="testPullRelated[9: com.dotcms.rendering.velocity.viewtools.content.util.ContentUtilsTest$TestCase@36ccd81d]" classname="com.dotcms.rendering.velocity.viewtools.content.util.ContentUtilsTest" time="2.739"/>
  <testcase name="testPullRelated[10: com.dotcms.rendering.velocity.viewtools.content.util.ContentUtilsTest$TestCase@5d8a010d]" classname="com.dotcms.rendering.velocity.viewtools.content.util.ContentUtilsTest" time="4.449"/>
  <testcase name="testPullRelated[11: com.dotcms.rendering.velocity.viewtools.content.util.ContentUtilsTest$TestCase@3ea71ae5]" classname="com.dotcms.rendering.velocity.viewtools.content.util.ContentUtilsTest" time="3.399"/>
  <testcase name="testPullRelated[12: com.dotcms.rendering.velocity.viewtools.content.util.ContentUtilsTest$TestCase@268d075c]" classname="com.dotcms.rendering.velocity.viewtools.content.util.ContentUtilsTest" time="4.511"/>
  <testcase name="testPullRelated[13: com.dotcms.rendering.velocity.viewtools.content.util.ContentUtilsTest$TestCase@76d13fa0]" classname="com.dotcms.rendering.velocity.viewtools.content.util.ContentUtilsTest" time="3.769"/>
  <testcase name="testPullRelated[14: com.dotcms.rendering.velocity.viewtools.content.util.ContentUtilsTest$TestCase@7b5eda1e]" classname="com.dotcms.rendering.velocity.viewtools.content.util.ContentUtilsTest" time="4.46"/>
  <testcase name="testPullRelated[15: com.dotcms.rendering.velocity.viewtools.content.util.ContentUtilsTest$TestCase@7d2897a2]" classname="com.dotcms.rendering.velocity.viewtools.content.util.ContentUtilsTest" time="4.009"/>
  <testcase name="testPullRelated[16: com.dotcms.rendering.velocity.viewtools.content.util.ContentUtilsTest$TestCase@33d1c8bc]" classname="com.dotcms.rendering.velocity.viewtools.content.util.ContentUtilsTest" time="4.121"/>
  <testcase name="testPullRelated[17: com.dotcms.rendering.velocity.viewtools.content.util.ContentUtilsTest$TestCase@4c02dd59]" classname="com.dotcms.rendering.velocity.viewtools.content.util.ContentUtilsTest" time="4.12"/>
  <testcase name="testPullRelated[18: com.dotcms.rendering.velocity.viewtools.content.util.ContentUtilsTest$TestCase@410160ed]" classname="com.dotcms.rendering.velocity.viewtools.content.util.ContentUtilsTest" time="4.361"/>
  <testcase name="testPullRelated[19: com.dotcms.rendering.velocity.viewtools.content.util.ContentUtilsTest$TestCase@78ad7ae8]" classname="com.dotcms.rendering.velocity.viewtools.content.util.ContentUtilsTest" time="3.763"/>
  <testcase name="testPullRelated[20: com.dotcms.rendering.velocity.viewtools.content.util.ContentUtilsTest$TestCase@4584c969]" classname="com.dotcms.rendering.velocity.viewtools.content.util.ContentUtilsTest" time="4.245"/>
  <testcase name="testPullRelated[21: com.dotcms.rendering.velocity.viewtools.content.util.ContentUtilsTest$TestCase@1fb62c95]" classname="com.dotcms.rendering.velocity.viewtools.content.util.ContentUtilsTest" time="3.616"/>
  <testcase name="testPullRelated[22: com.dotcms.rendering.velocity.viewtools.content.util.ContentUtilsTest$TestCase@55fa2186]" classname="com.dotcms.rendering.velocity.viewtools.content.util.ContentUtilsTest" time="3.387"/>
  <testcase name="testPullRelated[23: com.dotcms.rendering.velocity.viewtools.content.util.ContentUtilsTest$TestCase@46936beb]" classname="com.dotcms.rendering.velocity.viewtools.content.util.ContentUtilsTest" time="4.109"/>
  <testcase name="testPullRelated[24: com.dotcms.rendering.velocity.viewtools.content.util.ContentUtilsTest$TestCase@25bf2dd1]" classname="com.dotcms.rendering.velocity.viewtools.content.util.ContentUtilsTest" time="4.199"/>
  <testcase name="testPullRelated[25: com.dotcms.rendering.velocity.viewtools.content.util.ContentUtilsTest$TestCase@bc36f77]" classname="com.dotcms.rendering.velocity.viewtools.content.util.ContentUtilsTest" time="3.811"/>
  <testcase name="testPullRelated[26: com.dotcms.rendering.velocity.viewtools.content.util.ContentUtilsTest$TestCase@fb18998]" classname="com.dotcms.rendering.velocity.viewtools.content.util.ContentUtilsTest" time="3.217"/>
  <testcase name="testPullRelated[27: com.dotcms.rendering.velocity.viewtools.content.util.ContentUtilsTest$TestCase@52a067b6]" classname="com.dotcms.rendering.velocity.viewtools.content.util.ContentUtilsTest" time="3.124"/>
  <testcase name="testPullRelated[28: com.dotcms.rendering.velocity.viewtools.content.util.ContentUtilsTest$TestCase@e2d1996]" classname="com.dotcms.rendering.velocity.viewtools.content.util.ContentUtilsTest" time="3.82"/>
  <testcase name="testPullRelated[29: com.dotcms.rendering.velocity.viewtools.content.util.ContentUtilsTest$TestCase@1e8577f3]" classname="com.dotcms.rendering.velocity.viewtools.content.util.ContentUtilsTest" time="4.207"/>
  <testcase name="testPullRelated[30: com.dotcms.rendering.velocity.viewtools.content.util.ContentUtilsTest$TestCase@1d7bc0f2]" classname="com.dotcms.rendering.velocity.viewtools.content.util.ContentUtilsTest" time="3.247"/>
  <testcase name="testPullRelated[31: com.dotcms.rendering.velocity.viewtools.content.util.ContentUtilsTest$TestCase@4cb7893c]" classname="com.dotcms.rendering.velocity.viewtools.content.util.ContentUtilsTest" time="4.881"/>
  <testcase name="testPullRelated[32: com.dotcms.rendering.velocity.viewtools.content.util.ContentUtilsTest$TestCase@2a30c895]" classname="com.dotcms.rendering.velocity.viewtools.content.util.ContentUtilsTest" time="4.045"/>
  <testcase name="testPullRelated[33: com.dotcms.rendering.velocity.viewtools.content.util.ContentUtilsTest$TestCase@1f3f18cf]" classname="com.dotcms.rendering.velocity.viewtools.content.util.ContentUtilsTest" time="4.09"/>
  <testcase name="testPullRelated[34: com.dotcms.rendering.velocity.viewtools.content.util.ContentUtilsTest$TestCase@5c80378a]" classname="com.dotcms.rendering.velocity.viewtools.content.util.ContentUtilsTest" time="3.975"/>
  <testcase name="testPullRelated[35: com.dotcms.rendering.velocity.viewtools.content.util.ContentUtilsTest$TestCase@2c8ebb4f]" classname="com.dotcms.rendering.velocity.viewtools.content.util.ContentUtilsTest" time="4.241"/>
  <testcase name="testPullRelated[36: com.dotcms.rendering.velocity.viewtools.content.util.ContentUtilsTest$TestCase@56aa2b]" classname="com.dotcms.rendering.velocity.viewtools.content.util.ContentUtilsTest" time="5.265"/>
  <testcase name="testPullRelated[37: com.dotcms.rendering.velocity.viewtools.content.util.ContentUtilsTest$TestCase@6748238e]" classname="com.dotcms.rendering.velocity.viewtools.content.util.ContentUtilsTest" time="5.964"/>
  <testcase name="testPullRelated[38: com.dotcms.rendering.velocity.viewtools.content.util.ContentUtilsTest$TestCase@3aa9748a]" classname="com.dotcms.rendering.velocity.viewtools.content.util.ContentUtilsTest" time="6.541"/>
  <testcase name="testPullRelated[39: com.dotcms.rendering.velocity.viewtools.content.util.ContentUtilsTest$TestCase@63a4f453]" classname="com.dotcms.rendering.velocity.viewtools.content.util.ContentUtilsTest" time="5.749"/>
  <testcase name="testPullRelated[40: com.dotcms.rendering.velocity.viewtools.content.util.ContentUtilsTest$TestCase@56961dfe]" classname="com.dotcms.rendering.velocity.viewtools.content.util.ContentUtilsTest" time="5.049"/>
  <testcase name="testPullRelated[41: com.dotcms.rendering.velocity.viewtools.content.util.ContentUtilsTest$TestCase@70e400f1]" classname="com.dotcms.rendering.velocity.viewtools.content.util.ContentUtilsTest" time="5.077"/>
  <testcase name="testPullRelated[42: com.dotcms.rendering.velocity.viewtools.content.util.ContentUtilsTest$TestCase@1183743]" classname="com.dotcms.rendering.velocity.viewtools.content.util.ContentUtilsTest" time="5.615"/>
  <testcase name="testPullRelated[43: com.dotcms.rendering.velocity.viewtools.content.util.ContentUtilsTest$TestCase@45da5d5f]" classname="com.dotcms.rendering.velocity.viewtools.content.util.ContentUtilsTest" time="6.908"/>
  <testcase name="testPullRelated[44: com.dotcms.rendering.velocity.viewtools.content.util.ContentUtilsTest$TestCase@23c5d1f7]" classname="com.dotcms.rendering.velocity.viewtools.content.util.ContentUtilsTest" time="5.326"/>
  <testcase name="testPullRelated[45: com.dotcms.rendering.velocity.viewtools.content.util.ContentUtilsTest$TestCase@73f6aef6]" classname="com.dotcms.rendering.velocity.viewtools.content.util.ContentUtilsTest" time="6.876"/>
  <testcase name="testPullRelated[46: com.dotcms.rendering.velocity.viewtools.content.util.ContentUtilsTest$TestCase@33942de4]" classname="com.dotcms.rendering.velocity.viewtools.content.util.ContentUtilsTest" time="6.627"/>
  <testcase name="testPullRelated[47: com.dotcms.rendering.velocity.viewtools.content.util.ContentUtilsTest$TestCase@24b3ae6c]" classname="com.dotcms.rendering.velocity.viewtools.content.util.ContentUtilsTest" time="6.966"/>
  <testcase name="testPullRelated[48: com.dotcms.rendering.velocity.viewtools.content.util.ContentUtilsTest$TestCase@29749964]" classname="com.dotcms.rendering.velocity.viewtools.content.util.ContentUtilsTest" time="5.877"/>
  <testcase name="testPullRelated[49: com.dotcms.rendering.velocity.viewtools.content.util.ContentUtilsTest$TestCase@6f3303a2]" classname="com.dotcms.rendering.velocity.viewtools.content.util.ContentUtilsTest" time="6.042"/>
  <testcase name="testPullRelated[50: com.dotcms.rendering.velocity.viewtools.content.util.ContentUtilsTest$TestCase@7ddae8ad]" classname="com.dotcms.rendering.velocity.viewtools.content.util.ContentUtilsTest" time="5.093"/>
  <testcase name="testPullRelated[51: com.dotcms.rendering.velocity.viewtools.content.util.ContentUtilsTest$TestCase@4423f9b4]" classname="com.dotcms.rendering.velocity.viewtools.content.util.ContentUtilsTest" time="6.346"/>
  <testcase name="testPullRelated[52: com.dotcms.rendering.velocity.viewtools.content.util.ContentUtilsTest$TestCase@4911e7ed]" classname="com.dotcms.rendering.velocity.viewtools.content.util.ContentUtilsTest" time="6.32"/>
  <testcase name="testPullRelated[53: com.dotcms.rendering.velocity.viewtools.content.util.ContentUtilsTest$TestCase@3e48d37e]" classname="com.dotcms.rendering.velocity.viewtools.content.util.ContentUtilsTest" time="5.675"/>
  <testcase name="testPullRelated[54: com.dotcms.rendering.velocity.viewtools.content.util.ContentUtilsTest$TestCase@14fdcb9a]" classname="com.dotcms.rendering.velocity.viewtools.content.util.ContentUtilsTest" time="6.246"/>
  <testcase name="testPullRelated[55: com.dotcms.rendering.velocity.viewtools.content.util.ContentUtilsTest$TestCase@4fc87ee8]" classname="com.dotcms.rendering.velocity.viewtools.content.util.ContentUtilsTest" time="4.902"/>
  <testcase name="testPullRelated[56: com.dotcms.rendering.velocity.viewtools.content.util.ContentUtilsTest$TestCase@920c673]" classname="com.dotcms.rendering.velocity.viewtools.content.util.ContentUtilsTest" time="6.447"/>
  <testcase name="testPullRelated[57: com.dotcms.rendering.velocity.viewtools.content.util.ContentUtilsTest$TestCase@718b370a]" classname="com.dotcms.rendering.velocity.viewtools.content.util.ContentUtilsTest" time="5.911"/>
  <testcase name="testPullRelated[58: com.dotcms.rendering.velocity.viewtools.content.util.ContentUtilsTest$TestCase@bd083ba]" classname="com.dotcms.rendering.velocity.viewtools.content.util.ContentUtilsTest" time="5.406"/>
  <testcase name="testPullRelated[59: com.dotcms.rendering.velocity.viewtools.content.util.ContentUtilsTest$TestCase@7639316]" classname="com.dotcms.rendering.velocity.viewtools.content.util.ContentUtilsTest" time="5.074"/>
  <testcase name="testPullRelated[60: com.dotcms.rendering.velocity.viewtools.content.util.ContentUtilsTest$TestCase@87fded7]" classname="com.dotcms.rendering.velocity.viewtools.content.util.ContentUtilsTest" time="6.259"/>
  <testcase name="testPullRelated[61: com.dotcms.rendering.velocity.viewtools.content.util.ContentUtilsTest$TestCase@20648bb5]" classname="com.dotcms.rendering.velocity.viewtools.content.util.ContentUtilsTest" time="5.694"/>
  <testcase name="testPullRelated[62: com.dotcms.rendering.velocity.viewtools.content.util.ContentUtilsTest$TestCase@2fa61150]" classname="com.dotcms.rendering.velocity.viewtools.content.util.ContentUtilsTest" time="5.349"/>
  <testcase name="testPullRelated[63: com.dotcms.rendering.velocity.viewtools.content.util.ContentUtilsTest$TestCase@3446cc91]" classname="com.dotcms.rendering.velocity.viewtools.content.util.ContentUtilsTest" time="5.587"/>
  <testcase name="testPullRelated[64: com.dotcms.rendering.velocity.viewtools.content.util.ContentUtilsTest$TestCase@423925a8]" classname="com.dotcms.rendering.velocity.viewtools.content.util.ContentUtilsTest" time="6.881"/>
  <testcase name="testPullRelated[65: com.dotcms.rendering.velocity.viewtools.content.util.ContentUtilsTest$TestCase@46042779]" classname="com.dotcms.rendering.velocity.viewtools.content.util.ContentUtilsTest" time="4.909"/>
  <testcase name="testPullRelated[66: com.dotcms.rendering.velocity.viewtools.content.util.ContentUtilsTest$TestCase@59378278]" classname="com.dotcms.rendering.velocity.viewtools.content.util.ContentUtilsTest" time="6.309"/>
  <testcase name="testPullRelated[67: com.dotcms.rendering.velocity.viewtools.content.util.ContentUtilsTest$TestCase@5b17ff8b]" classname="com.dotcms.rendering.velocity.viewtools.content.util.ContentUtilsTest" time="6.348"/>
  <testcase name="testPullRelated[68: com.dotcms.rendering.velocity.viewtools.content.util.ContentUtilsTest$TestCase@50089524]" classname="com.dotcms.rendering.velocity.viewtools.content.util.ContentUtilsTest" time="6.323"/>
  <testcase name="testPullRelated[69: com.dotcms.rendering.velocity.viewtools.content.util.ContentUtilsTest$TestCase@37d05fb3]" classname="com.dotcms.rendering.velocity.viewtools.content.util.ContentUtilsTest" time="5.825"/>
  <testcase name="testPullRelated[70: com.dotcms.rendering.velocity.viewtools.content.util.ContentUtilsTest$TestCase@52913f73]" classname="com.dotcms.rendering.velocity.viewtools.content.util.ContentUtilsTest" time="6.365"/>
  <testcase name="testPullRelated[71: com.dotcms.rendering.velocity.viewtools.content.util.ContentUtilsTest$TestCase@361e790d]" classname="com.dotcms.rendering.velocity.viewtools.content.util.ContentUtilsTest" time="6.082"/>
  <testcase name="whenPublishAndExpireDatesAreInTheFutureAndTimeMachineIsAfterBoth" classname="com.dotcms.rendering.velocity.viewtools.content.util.ContentUtilsTest" time="3.688"/>
  <testcase name="testPullRelatedForLegacyRelationship[0: com.dotcms.rendering.velocity.viewtools.content.util.ContentUtilsTest$LegacyTestCase@222b6b5f]" classname="com.dotcms.rendering.velocity.viewtools.content.util.ContentUtilsTest" time="4.969"/>
  <testcase name="testPullRelatedForLegacyRelationship[1: com.dotcms.rendering.velocity.viewtools.content.util.ContentUtilsTest$LegacyTestCase@17b3956e]" classname="com.dotcms.rendering.velocity.viewtools.content.util.ContentUtilsTest" time="4.012"/>
  <testcase name="whenTheTimeMachineDateIsAfterTomorrowAndExpireDateIsTomorrowShouldNotReturnContent" classname="com.dotcms.rendering.velocity.viewtools.content.util.ContentUtilsTest" time="3.598"/>
  <testcase name="testPullLiveRelatedWhenLatestVersionIsWorking" classname="com.dotcms.rendering.velocity.viewtools.content.util.ContentUtilsTest" time="4.503"/>
  <testcase name="test_add_relationships_on_parent_children_related_contents" classname="com.dotcms.rendering.velocity.viewtools.content.util.ContentUtilsTest" time="1.655"/>
  <testcase name="testSortPullRelated[0: com.dotcms.rendering.velocity.viewtools.content.util.ContentUtilsTest$SortTestCase@4c025a4c]" classname="com.dotcms.rendering.velocity.viewtools.content.util.ContentUtilsTest" time="3.086"/>
  <testcase name="testSortPullRelated[1: com.dotcms.rendering.velocity.viewtools.content.util.ContentUtilsTest$SortTestCase@91184d0]" classname="com.dotcms.rendering.velocity.viewtools.content.util.ContentUtilsTest" time="3.509"/>
  <testcase name="testSortPullRelated[2: com.dotcms.rendering.velocity.viewtools.content.util.ContentUtilsTest$SortTestCase@7099673e]" classname="com.dotcms.rendering.velocity.viewtools.content.util.ContentUtilsTest" time="3.233"/>
  <testcase name="testSortPullRelated[3: com.dotcms.rendering.velocity.viewtools.content.util.ContentUtilsTest$SortTestCase@7b0a84a6]" classname="com.dotcms.rendering.velocity.viewtools.content.util.ContentUtilsTest" time="3.627"/>
  <testcase name="testSortPullRelated[4: com.dotcms.rendering.velocity.viewtools.content.util.ContentUtilsTest$SortTestCase@250461b1]" classname="com.dotcms.rendering.velocity.viewtools.content.util.ContentUtilsTest" time="3.385"/>
  <testcase name="testSortPullRelated[5: com.dotcms.rendering.velocity.viewtools.content.util.ContentUtilsTest$SortTestCase@20b646c5]" classname="com.dotcms.rendering.velocity.viewtools.content.util.ContentUtilsTest" time="2.428"/>
  <testcase name="whenTheTimeMachineDateIsAfterTomorrowAndExpireDateIsInFutureShouldReturnContent" classname="com.dotcms.rendering.velocity.viewtools.content.util.ContentUtilsTest" time="3.713"/>
  <testcase name="testPullRelatedFieldShouldRespectDefaultOrder" classname="com.dotcms.rendering.velocity.viewtools.content.util.ContentUtilsTest" time="3.058"/>
  <system-out><![CDATA[]]></system-out>
  <system-err><![CDATA[]]></system-err>
</testsuite>
