<?xml version="1.0" encoding="UTF-8"?>
<testsuite name="com.dotmarketing.servlets.ajax.AjaxDirectorServletIntegrationTest" tests="2" skipped="0" failures="0" errors="0" timestamp="2023-07-14T23:06:26" hostname="fv-az613-925" time="1.337">
  <properties/>
  <testcase name="testService[0: com.dotmarketing.servlets.ajax.AjaxDirectorServletTestCase@2fdb8cb0]" classname="com.dotmarketing.servlets.ajax.AjaxDirectorServletIntegrationTest" time="0.656"/>
  <testcase name="testService[1: com.dotmarketing.servlets.ajax.AjaxDirectorServletTestCase@63a05d0f]" classname="com.dotmarketing.servlets.ajax.AjaxDirectorServletIntegrationTest" time="0.681"/>
  <system-out><![CDATA[]]></system-out>
  <system-err><![CDATA[]]></system-err>
</testsuite>
