<?xml version="1.0" encoding="UTF-8"?>
<testsuite name="com.liferay.util.LocaleUtilTest" tests="2" skipped="0" failures="0" errors="0" timestamp="2023-06-30T19:45:44" hostname="fv-az338-938" time="0.074">
  <properties/>
  <testcase name="testFromLanguageId" classname="com.liferay.util.LocaleUtilTest" time="0.006"/>
  <testcase name="testGetLocale" classname="com.liferay.util.LocaleUtilTest" time="0.067"/>
  <system-out><![CDATA[]]></system-out>
  <system-err><![CDATA[]]></system-err>
</testsuite>
