<?xml version="1.0" encoding="UTF-8"?>
<testsuite name="com.dotcms.rest.elasticsearch.ESContentResourcePortletTest" tests="8" skipped="0" failures="0" errors="0" timestamp="2023-07-15T00:02:03" hostname="fv-az1107-746" time="7.341">
  <properties/>
  <testcase name="test_search_includeGrandChildCategory_success" classname="com.dotcms.rest.elasticsearch.ESContentResourcePortletTest" time="1.247"/>
  <testcase name="testSearch[0: com.dotcms.rest.elasticsearch.ESContentResourcePortletTest$TestCase@1a6e715e]" classname="com.dotcms.rest.elasticsearch.ESContentResourcePortletTest" time="0.848"/>
  <testcase name="testSearch[1: com.dotcms.rest.elasticsearch.ESContentResourcePortletTest$TestCase@3d21069b]" classname="com.dotcms.rest.elasticsearch.ESContentResourcePortletTest" time="1.234"/>
  <testcase name="testSearch[2: com.dotcms.rest.elasticsearch.ESContentResourcePortletTest$TestCase@380be13d]" classname="com.dotcms.rest.elasticsearch.ESContentResourcePortletTest" time="0.908"/>
  <testcase name="testSearch[3: com.dotcms.rest.elasticsearch.ESContentResourcePortletTest$TestCase@3c2053ee]" classname="com.dotcms.rest.elasticsearch.ESContentResourcePortletTest" time="0.227"/>
  <testcase name="testSearch[4: com.dotcms.rest.elasticsearch.ESContentResourcePortletTest$TestCase@552d21b5]" classname="com.dotcms.rest.elasticsearch.ESContentResourcePortletTest" time="1.248"/>
  <testcase name="testSearch[5: com.dotcms.rest.elasticsearch.ESContentResourcePortletTest$TestCase@608de055]" classname="com.dotcms.rest.elasticsearch.ESContentResourcePortletTest" time="0.82"/>
  <testcase name="testSearch[6: com.dotcms.rest.elasticsearch.ESContentResourcePortletTest$TestCase@768f770]" classname="com.dotcms.rest.elasticsearch.ESContentResourcePortletTest" time="0.808"/>
  <system-out><![CDATA[]]></system-out>
  <system-err><![CDATA[]]></system-err>
</testsuite>
