<?xml version="1.0" encoding="UTF-8"?>
<testsuite name="com.dotmarketing.quartz.job.StartEndScheduledExperimentsJobTest" tests="2" skipped="0" failures="0" errors="0" timestamp="2023-07-10T20:55:35" hostname="fv-az812-782" time="124.058">
  <properties/>
  <testcase name="testJob" classname="com.dotmarketing.quartz.job.StartEndScheduledExperimentsJobTest" time="123.991"/>
  <testcase name="testJob_noLicense" classname="com.dotmarketing.quartz.job.StartEndScheduledExperimentsJobTest" time="0.067"/>
  <system-out><![CDATA[]]></system-out>
  <system-err><![CDATA[]]></system-err>
</testsuite>
