<?xml version="1.0" encoding="UTF-8"?>
<testsuite name="com.dotcms.rest.api.v1.vtl.VTLResourceIntegrationTest" tests="6" skipped="0" failures="0" errors="0" timestamp="2023-06-28T00:36:16" hostname="fv-az614-690" time="12.15">
  <properties/>
  <testcase name="testGet[0: com.dotcms.rest.api.v1.vtl.VTLResourceTestCase@2f55730e]" classname="com.dotcms.rest.api.v1.vtl.VTLResourceIntegrationTest" time="2.174"/>
  <testcase name="testGet[1: com.dotcms.rest.api.v1.vtl.VTLResourceTestCase@2c94c0e6]" classname="com.dotcms.rest.api.v1.vtl.VTLResourceIntegrationTest" time="1.848"/>
  <testcase name="testGet[2: com.dotcms.rest.api.v1.vtl.VTLResourceTestCase@89870e1]" classname="com.dotcms.rest.api.v1.vtl.VTLResourceIntegrationTest" time="2.433"/>
  <testcase name="testGet[3: com.dotcms.rest.api.v1.vtl.VTLResourceTestCase@32d352b5]" classname="com.dotcms.rest.api.v1.vtl.VTLResourceIntegrationTest" time="1.728"/>
  <testcase name="testGet[4: com.dotcms.rest.api.v1.vtl.VTLResourceTestCase@361a9ae2]" classname="com.dotcms.rest.api.v1.vtl.VTLResourceIntegrationTest" time="1.965"/>
  <testcase name="testGet[5: com.dotcms.rest.api.v1.vtl.VTLResourceTestCase@3c83ff37]" classname="com.dotcms.rest.api.v1.vtl.VTLResourceIntegrationTest" time="2.002"/>
  <system-out><![CDATA[]]></system-out>
  <system-err><![CDATA[]]></system-err>
</testsuite>
