<?xml version="1.0" encoding="UTF-8"?>
<testsuite name="com.dotmarketing.portlets.contentlet.business.ContentletFactoryTest" tests="5" skipped="0" failures="0" errors="0" timestamp="2023-06-27T17:04:05" hostname="fv-az206-664" time="4.49">
  <properties/>
  <testcase name="Create_Contentlets_Then_Count" classname="com.dotmarketing.portlets.contentlet.business.ContentletFactoryTest" time="1.211"/>
  <testcase name="findAllCurrentOffsetLimit" classname="com.dotmarketing.portlets.contentlet.business.ContentletFactoryTest" time="1.912"/>
  <testcase name="find" classname="com.dotmarketing.portlets.contentlet.business.ContentletFactoryTest" time="0.002"/>
  <testcase name="Create_Contentlet_Then_find_Expect_Cache_Hit_Then_Remove_Expect_404" classname="com.dotmarketing.portlets.contentlet.business.ContentletFactoryTest" time="1.363"/>
  <testcase name="findAllCurrent" classname="com.dotmarketing.portlets.contentlet.business.ContentletFactoryTest" time="0.002"/>
  <system-out><![CDATA[]]></system-out>
  <system-err><![CDATA[]]></system-err>
</testsuite>
