<?xml version="1.0" encoding="UTF-8"?>
<testsuite name="com.dotcms.rendering.velocity.viewtools.FileToolTest" tests="5" skipped="0" failures="0" errors="0" timestamp="2023-07-17T17:11:27" hostname="fv-az257-583" time="9.871">
  <properties/>
  <testcase name="getFileWithTwoVersions" classname="com.dotcms.rendering.velocity.viewtools.FileToolTest" time="2.059"/>
  <testcase name="getFileNotDefaultVariant" classname="com.dotcms.rendering.velocity.viewtools.FileToolTest" time="1.823"/>
  <testcase name="getFileWithVersionInAnotherVariant" classname="com.dotcms.rendering.velocity.viewtools.FileToolTest" time="1.94"/>
  <testcase name="getFileByFallback" classname="com.dotcms.rendering.velocity.viewtools.FileToolTest" time="2.074"/>
  <testcase name="testGetFile_givenNotLiveFile_ShouldReturnNull" classname="com.dotcms.rendering.velocity.viewtools.FileToolTest" time="1.974"/>
  <system-out><![CDATA[]]></system-out>
  <system-err><![CDATA[]]></system-err>
</testsuite>
