<?xml version="1.0" encoding="UTF-8"?>
<testsuite name="com.dotmarketing.portlets.structure.model.ContentletRelationshipsTest" tests="7" skipped="0" failures="0" errors="0" timestamp="2023-07-20T19:53:51" hostname="fv-az408-124" time="9.689">
  <properties/>
  <testcase name="testDoesAllowOnlyOne[0: com.dotmarketing.portlets.structure.model.ContentletRelationshipsTest$CardinalityTestCase@4ead24b7]" classname="com.dotmarketing.portlets.structure.model.ContentletRelationshipsTest" time="0.543"/>
  <testcase name="testDoesAllowOnlyOne[1: com.dotmarketing.portlets.structure.model.ContentletRelationshipsTest$CardinalityTestCase@47f44fc1]" classname="com.dotmarketing.portlets.structure.model.ContentletRelationshipsTest" time="0.549"/>
  <testcase name="testDoesAllowOnlyOne[2: com.dotmarketing.portlets.structure.model.ContentletRelationshipsTest$CardinalityTestCase@67625d0f]" classname="com.dotmarketing.portlets.structure.model.ContentletRelationshipsTest" time="0.545"/>
  <testcase name="testGetRelationshipRecords[0: com.dotmarketing.portlets.structure.model.ContentletRelationshipsTest$TestCase@7fcdf3d5]" classname="com.dotmarketing.portlets.structure.model.ContentletRelationshipsTest" time="2.131"/>
  <testcase name="testGetRelationshipRecords[1: com.dotmarketing.portlets.structure.model.ContentletRelationshipsTest$TestCase@58e2e807]" classname="com.dotmarketing.portlets.structure.model.ContentletRelationshipsTest" time="2.012"/>
  <testcase name="testGetRelationshipRecords[2: com.dotmarketing.portlets.structure.model.ContentletRelationshipsTest$TestCase@3d8d3e9d]" classname="com.dotmarketing.portlets.structure.model.ContentletRelationshipsTest" time="1.974"/>
  <testcase name="testGetRelationshipRecords[3: com.dotmarketing.portlets.structure.model.ContentletRelationshipsTest$TestCase@48729606]" classname="com.dotmarketing.portlets.structure.model.ContentletRelationshipsTest" time="1.935"/>
  <system-out><![CDATA[]]></system-out>
  <system-err><![CDATA[]]></system-err>
</testsuite>
