<?xml version="1.0" encoding="UTF-8"?>
<testsuite name="com.dotmarketing.startup.runonce.Task210520UpdateAnonymousEmailTest" tests="1" skipped="0" failures="0" errors="0" timestamp="2023-07-20T18:32:49" hostname="fv-az574-670" time="0.01">
  <properties/>
  <testcase name="testExecuteUpgrade" classname="com.dotmarketing.startup.runonce.Task210520UpdateAnonymousEmailTest" time="0.01"/>
  <system-out><![CDATA[]]></system-out>
  <system-err><![CDATA[]]></system-err>
</testsuite>
