<?xml version="1.0" encoding="UTF-8"?>
<testsuite name="com.dotmarketing.startup.runonce.Task05370AddAppsPortletToLayoutTest" tests="1" skipped="0" failures="0" errors="0" timestamp="2023-06-28T01:16:49" hostname="fv-az175-688" time="0.02">
  <properties/>
  <testcase name="test_upgradeTask_success" classname="com.dotmarketing.startup.runonce.Task05370AddAppsPortletToLayoutTest" time="0.02"/>
  <system-out><![CDATA[]]></system-out>
  <system-err><![CDATA[]]></system-err>
</testsuite>
