<?xml version="1.0" encoding="UTF-8"?>
<testsuite name="com.dotcms.contenttype.test.ContentResourceTest" tests="52" skipped="0" failures="0" errors="0" timestamp="2023-07-04T01:28:28" hostname="fv-az951-870" time="194.06">
  <properties/>
  <testcase name="testGetContentShouldReturnIconDetails" classname="com.dotcms.contenttype.test.ContentResourceTest" time="2.014"/>
  <testcase name="Test_Save_Action_Set_Words_To_Required_NumericField_Issue_15340" classname="com.dotcms.contenttype.test.ContentResourceTest" time="1.158"/>
  <testcase name="test_getContent_includeGrandChildCategory_success" classname="com.dotcms.contenttype.test.ContentResourceTest" time="1.918"/>
  <testcase name="testGetContentWithRelatedParameter[0: com.dotcms.contenttype.test.ContentResourceTest$PullRelatedTestCase@364bf6da]" classname="com.dotcms.contenttype.test.ContentResourceTest" time="5.533"/>
  <testcase name="testGetContentWithRelatedParameter[1: com.dotcms.contenttype.test.ContentResourceTest$PullRelatedTestCase@6620a712]" classname="com.dotcms.contenttype.test.ContentResourceTest" time="5.359"/>
  <testcase name="testGetContentWithRelatedParameter[2: com.dotcms.contenttype.test.ContentResourceTest$PullRelatedTestCase@d28e16a]" classname="com.dotcms.contenttype.test.ContentResourceTest" time="5.233"/>
  <testcase name="testGetContentWithRelatedParameter[3: com.dotcms.contenttype.test.ContentResourceTest$PullRelatedTestCase@2a94fa3e]" classname="com.dotcms.contenttype.test.ContentResourceTest" time="4.913"/>
  <testcase name="testGetContentWithRelatedParameter[4: com.dotcms.contenttype.test.ContentResourceTest$PullRelatedTestCase@43003490]" classname="com.dotcms.contenttype.test.ContentResourceTest" time="3.962"/>
  <testcase name="test_getContent_SelfRelatedWith3LevelsOfDepth_shouldReturnRelationships" classname="com.dotcms.contenttype.test.ContentResourceTest" time="1.899"/>
  <testcase name="Test_Save_Action_Send_Fields_SubSet_Issue_15340" classname="com.dotcms.contenttype.test.ContentResourceTest" time="3.515"/>
  <testcase name="test_getContent_shouldReturnRelationships[0: com.dotcms.contenttype.test.ContentResourceTest$TestCase@207b03d5]" classname="com.dotcms.contenttype.test.ContentResourceTest" time="3.673"/>
  <testcase name="test_getContent_shouldReturnRelationships[1: com.dotcms.contenttype.test.ContentResourceTest$TestCase@6a928501]" classname="com.dotcms.contenttype.test.ContentResourceTest" time="3.859"/>
  <testcase name="test_getContent_shouldReturnRelationships[2: com.dotcms.contenttype.test.ContentResourceTest$TestCase@67dac767]" classname="com.dotcms.contenttype.test.ContentResourceTest" time="3.856"/>
  <testcase name="test_getContent_shouldReturnRelationships[3: com.dotcms.contenttype.test.ContentResourceTest$TestCase@25bcdbb8]" classname="com.dotcms.contenttype.test.ContentResourceTest" time="3.975"/>
  <testcase name="test_getContent_shouldReturnRelationships[4: com.dotcms.contenttype.test.ContentResourceTest$TestCase@5da10171]" classname="com.dotcms.contenttype.test.ContentResourceTest" time="4.219"/>
  <testcase name="test_getContent_shouldReturnRelationships[5: com.dotcms.contenttype.test.ContentResourceTest$TestCase@23e52d49]" classname="com.dotcms.contenttype.test.ContentResourceTest" time="3.972"/>
  <testcase name="test_getContent_shouldReturnRelationships[6: com.dotcms.contenttype.test.ContentResourceTest$TestCase@12b537ad]" classname="com.dotcms.contenttype.test.ContentResourceTest" time="3.878"/>
  <testcase name="test_getContent_shouldReturnRelationships[7: com.dotcms.contenttype.test.ContentResourceTest$TestCase@51975f58]" classname="com.dotcms.contenttype.test.ContentResourceTest" time="3.9"/>
  <testcase name="test_getContent_shouldReturnRelationships[8: com.dotcms.contenttype.test.ContentResourceTest$TestCase@4e86692]" classname="com.dotcms.contenttype.test.ContentResourceTest" time="4.169"/>
  <testcase name="test_getContent_shouldReturnRelationships[9: com.dotcms.contenttype.test.ContentResourceTest$TestCase@e6d8c23]" classname="com.dotcms.contenttype.test.ContentResourceTest" time="3.086"/>
  <testcase name="test_getContent_shouldReturnRelationships[10: com.dotcms.contenttype.test.ContentResourceTest$TestCase@355eda1c]" classname="com.dotcms.contenttype.test.ContentResourceTest" time="3.779"/>
  <testcase name="test_getContent_shouldReturnRelationships[11: com.dotcms.contenttype.test.ContentResourceTest$TestCase@5e582e70]" classname="com.dotcms.contenttype.test.ContentResourceTest" time="2.807"/>
  <testcase name="test_getContent_shouldReturnRelationships[12: com.dotcms.contenttype.test.ContentResourceTest$TestCase@19c30fdf]" classname="com.dotcms.contenttype.test.ContentResourceTest" time="3.777"/>
  <testcase name="test_getContent_shouldReturnRelationships[13: com.dotcms.contenttype.test.ContentResourceTest$TestCase@7bad9450]" classname="com.dotcms.contenttype.test.ContentResourceTest" time="3.845"/>
  <testcase name="test_getContent_shouldReturnRelationships[14: com.dotcms.contenttype.test.ContentResourceTest$TestCase@38e02f03]" classname="com.dotcms.contenttype.test.ContentResourceTest" time="3.782"/>
  <testcase name="test_getContent_shouldReturnRelationships[15: com.dotcms.contenttype.test.ContentResourceTest$TestCase@2754bdc1]" classname="com.dotcms.contenttype.test.ContentResourceTest" time="5.139"/>
  <testcase name="test_getContent_shouldReturnRelationships[16: com.dotcms.contenttype.test.ContentResourceTest$TestCase@26e8f303]" classname="com.dotcms.contenttype.test.ContentResourceTest" time="5.12"/>
  <testcase name="test_getContent_shouldReturnRelationships[17: com.dotcms.contenttype.test.ContentResourceTest$TestCase@31f0ec9a]" classname="com.dotcms.contenttype.test.ContentResourceTest" time="4.145"/>
  <testcase name="test_getContent_shouldReturnRelationships[18: com.dotcms.contenttype.test.ContentResourceTest$TestCase@8d14590]" classname="com.dotcms.contenttype.test.ContentResourceTest" time="4.1"/>
  <testcase name="test_getContent_shouldReturnRelationships[19: com.dotcms.contenttype.test.ContentResourceTest$TestCase@ae95bfe]" classname="com.dotcms.contenttype.test.ContentResourceTest" time="4.345"/>
  <testcase name="test_getContent_shouldReturnRelationships[20: com.dotcms.contenttype.test.ContentResourceTest$TestCase@6bf8c14b]" classname="com.dotcms.contenttype.test.ContentResourceTest" time="4.174"/>
  <testcase name="test_getContent_shouldReturnRelationships[21: com.dotcms.contenttype.test.ContentResourceTest$TestCase@5dda6492]" classname="com.dotcms.contenttype.test.ContentResourceTest" time="4.51"/>
  <testcase name="test_getContent_shouldReturnRelationships[22: com.dotcms.contenttype.test.ContentResourceTest$TestCase@5f25477c]" classname="com.dotcms.contenttype.test.ContentResourceTest" time="4.055"/>
  <testcase name="test_getContent_shouldReturnRelationships[23: com.dotcms.contenttype.test.ContentResourceTest$TestCase@1f53c1cd]" classname="com.dotcms.contenttype.test.ContentResourceTest" time="4.267"/>
  <testcase name="test_getContent_shouldReturnRelationships[24: com.dotcms.contenttype.test.ContentResourceTest$TestCase@320cb9f5]" classname="com.dotcms.contenttype.test.ContentResourceTest" time="4.661"/>
  <testcase name="test_getContent_shouldReturnRelationships[25: com.dotcms.contenttype.test.ContentResourceTest$TestCase@3cfcb5d2]" classname="com.dotcms.contenttype.test.ContentResourceTest" time="4.425"/>
  <testcase name="test_getContent_shouldReturnRelationships[26: com.dotcms.contenttype.test.ContentResourceTest$TestCase@49170b96]" classname="com.dotcms.contenttype.test.ContentResourceTest" time="3.899"/>
  <testcase name="test_getContent_shouldReturnRelationships[27: com.dotcms.contenttype.test.ContentResourceTest$TestCase@484be6d0]" classname="com.dotcms.contenttype.test.ContentResourceTest" time="4.462"/>
  <testcase name="test_getContent_shouldReturnRelationships[28: com.dotcms.contenttype.test.ContentResourceTest$TestCase@1fdf2d3d]" classname="com.dotcms.contenttype.test.ContentResourceTest" time="4.06"/>
  <testcase name="test_getContent_shouldReturnRelationships[29: com.dotcms.contenttype.test.ContentResourceTest$TestCase@46544931]" classname="com.dotcms.contenttype.test.ContentResourceTest" time="4.034"/>
  <testcase name="test_getContent_shouldReturnRelationships[30: com.dotcms.contenttype.test.ContentResourceTest$TestCase@376eb1d6]" classname="com.dotcms.contenttype.test.ContentResourceTest" time="3.94"/>
  <testcase name="test_getContent_shouldReturnRelationships[31: com.dotcms.contenttype.test.ContentResourceTest$TestCase@2084ac8d]" classname="com.dotcms.contenttype.test.ContentResourceTest" time="3.871"/>
  <testcase name="test_getContent_shouldReturnRelationships[32: com.dotcms.contenttype.test.ContentResourceTest$TestCase@4654cb65]" classname="com.dotcms.contenttype.test.ContentResourceTest" time="5.389"/>
  <testcase name="test_getContent_shouldReturnRelationships[33: com.dotcms.contenttype.test.ContentResourceTest$TestCase@22ad0f5f]" classname="com.dotcms.contenttype.test.ContentResourceTest" time="5.27"/>
  <testcase name="testSinglePOST_InvalidParamsShouldReturn400[0: ({\n    &quot;stInode&quot; : &quot;InvalidValue&quot;,\n    &quot;numeric&quot; : &quot;0&quot;,\n    &quot;image&quot; : &quot;whatever&quot;\n}, Bad Request)]" classname="com.dotcms.contenttype.test.ContentResourceTest" time="1.163"/>
  <testcase name="testSinglePOST_InvalidParamsShouldReturn400[1: ({\n    &quot;numeric&quot; : &quot;0&quot;,\n    &quot;image&quot; : &quot;whatever&quot;\n}, Bad Request)]" classname="com.dotcms.contenttype.test.ContentResourceTest" time="1.059"/>
  <testcase name="Test_Save_Action_Set_Null_To_Required_NumericField_Issue_15340" classname="com.dotcms.contenttype.test.ContentResourceTest" time="1.215"/>
  <testcase name="Test_Save_Action_Remove_Image_Then_Verify_Fields_Were_Cleared_Issue_15340" classname="com.dotcms.contenttype.test.ContentResourceTest" time="3.883"/>
  <testcase name="test_getContentWithMultipleSelfRelated_shouldReturnRelationships[0: com.dotcms.contenttype.test.ContentResourceTest$PullSelfRelatedTestCase@656ac295]" classname="com.dotcms.contenttype.test.ContentResourceTest" time="2.418"/>
  <testcase name="test_getContentWithMultipleSelfRelated_shouldReturnRelationships[1: com.dotcms.contenttype.test.ContentResourceTest$PullSelfRelatedTestCase@50532be]" classname="com.dotcms.contenttype.test.ContentResourceTest" time="2.307"/>
  <testcase name="testGetContentWithAllCategoriesInfo[0: json]" classname="com.dotcms.contenttype.test.ContentResourceTest" time="3.116"/>
  <testcase name="testGetContentWithAllCategoriesInfo[1: xml]" classname="com.dotcms.contenttype.test.ContentResourceTest" time="2.943"/>
  <system-out><![CDATA[











]]></system-out>
  <system-err><![CDATA[]]></system-err>
</testsuite>
