<?xml version="1.0" encoding="UTF-8"?>
<testsuite name="com.dotmarketing.startup.runonce.Task220330ChangeVanityURLSiteFieldTypeTest" tests="2" skipped="0" failures="0" errors="0" timestamp="2023-07-10T21:49:10" hostname="fv-az950-407" time="3.89">
  <properties/>
  <testcase name="test_upgradeTask_success" classname="com.dotmarketing.startup.runonce.Task220330ChangeVanityURLSiteFieldTypeTest" time="3.881"/>
  <testcase name="runTUTwice" classname="com.dotmarketing.startup.runonce.Task220330ChangeVanityURLSiteFieldTypeTest" time="0.009"/>
  <system-out><![CDATA[]]></system-out>
  <system-err><![CDATA[]]></system-err>
</testsuite>
