<?xml version="1.0" encoding="UTF-8"?>
<testsuite name="com.dotcms.filters.VanityUrlFilterTest" tests="6" skipped="0" failures="0" errors="0" timestamp="2023-06-27T17:53:08" hostname="fv-az450-696" time="22.836">
  <properties/>
  <testcase name="test_that_vanity_url_filter_handles_proxy_requests" classname="com.dotcms.filters.VanityUrlFilterTest" time="3.903"/>
  <testcase name="test_cache_flush_does_not_break_vanities" classname="com.dotcms.filters.VanityUrlFilterTest" time="3.718"/>
  <testcase name="test_vanity_trailing_slash_200_success" classname="com.dotcms.filters.VanityUrlFilterTest" time="3.802"/>
  <testcase name="test_that_vanity_url_filter_adds_vanity_as_request_attribute" classname="com.dotcms.filters.VanityUrlFilterTest" time="3.867"/>
  <testcase name="test_vanity_trailing_slash_301_success" classname="com.dotcms.filters.VanityUrlFilterTest" time="3.742"/>
  <testcase name="test_that_vanity_url_filter_handles_redirects" classname="com.dotcms.filters.VanityUrlFilterTest" time="3.804"/>
  <system-out><![CDATA[]]></system-out>
  <system-err><![CDATA[]]></system-err>
</testsuite>
