<?xml version="1.0" encoding="UTF-8"?>
<testsuite name="com.dotcms.rest.TagResourceIntegrationTest" tests="4" skipped="0" failures="0" errors="0" timestamp="2023-06-23T20:31:27" hostname="fv-az583-526" time="0.264">
  <properties/>
  <testcase name="testList[0: com.dotcms.rest.TagResourceTestCase@4f3ee944]" classname="com.dotcms.rest.TagResourceIntegrationTest" time="0.2"/>
  <testcase name="testList[1: com.dotcms.rest.TagResourceTestCase@2cab3e42]" classname="com.dotcms.rest.TagResourceIntegrationTest" time="0.021"/>
  <testcase name="testList[2: com.dotcms.rest.TagResourceTestCase@76b14245]" classname="com.dotcms.rest.TagResourceIntegrationTest" time="0.021"/>
  <testcase name="testList[3: com.dotcms.rest.TagResourceTestCase@4a938250]" classname="com.dotcms.rest.TagResourceIntegrationTest" time="0.02"/>
  <system-out><![CDATA[]]></system-out>
  <system-err><![CDATA[Jun 23, 2023 8:31:27 PM com.dotcms.repackage.org.hibernate.validator.internal.util.Version <clinit>
INFO: HV000001: Hibernate Validator 4.3.2.Final
]]></system-err>
</testsuite>
