<?xml version="1.0" encoding="UTF-8"?>
<testsuite name="com.dotmarketing.business.DeterministicIdentifierAPITest" tests="16" skipped="0" failures="0" errors="0" timestamp="2023-07-01T00:43:53" hostname="fv-az613-350" time="1.48">
  <properties/>
  <testcase name="Test_Category_Path_Seed_And_Id" classname="com.dotmarketing.business.DeterministicIdentifierAPITest" time="0.029"/>
  <testcase name="Test_Language_Deterministic_Id[0: LanguageTestCase{expectedSeed='Language:es:US', expectedHash=4913155, langCode='es', countryCode='US', country='United States'}]" classname="com.dotmarketing.business.DeterministicIdentifierAPITest" time="0.001"/>
  <testcase name="Test_Language_Deterministic_Id[1: LanguageTestCase{expectedSeed='Language:ep:', expectedHash=5292269, langCode='ep', countryCode='', country=''}]" classname="com.dotmarketing.business.DeterministicIdentifierAPITest" time="0.001"/>
  <testcase name="Test_Language_Deterministic_Id[2: LanguageTestCase{expectedSeed='Language:sg:SAG', expectedHash=4713118, langCode='sg', countryCode='SAG', country=''}]" classname="com.dotmarketing.business.DeterministicIdentifierAPITest" time="0.001"/>
  <testcase name="Test_Language_Deterministic_Id[3: LanguageTestCase{expectedSeed='Language:en:NZ', expectedHash=5382528, langCode='en', countryCode='NZ', country='New Zealand'}]" classname="com.dotmarketing.business.DeterministicIdentifierAPITest" time="0.001"/>
  <testcase name="Test_Category_None_Persisted_Category_Should_Return_Deterministic_Id" classname="com.dotmarketing.business.DeterministicIdentifierAPITest" time="0.001"/>
  <testcase name="Test_Asset_Generate_Deterministic_Id_Best_Effort[0: TestCase{versionable=my.host1688171853329.com, parent=System Host, expectedName='my.host1688171853329.com', expectedType='Host'}]" classname="com.dotmarketing.business.DeterministicIdentifierAPITest" time="0.003"/>
  <testcase name="Test_Asset_Generate_Deterministic_Id_Best_Effort[1: TestCase{versionable=com.dotmarketing.portlets.contentlet.model.Contentlet@352ba11f[map={modDate=2023-07-01 00:37:34.126, fileName=file13984544504774707259.txt, title=file13984544504774707259.txt, inode=01abd508-7a4e-48db-b958-faa667aa4a49, __IS_NEW_CONTENT__=true, disabledWYSIWYG=[], host=a7a9ac9d-4f03-4af2-92a6-6350a43444b2, stInode=33888b6f-7a8e-4069-b1b6-5c1aa9d0a48d, owner=system, identifier=85f56c13-6c1d-4c5f-98f1-ccc86003bd0b, nullProperties=[wfExpireDate, wfPublishDate, wfActionAssign, wfActionId, wfActionComments, filterKey, whereToSend, wfNeverExpire, _path_to_move, timezoneId, iWantTo, wfPublishTime, wfExpireTime], languageId=1, fileAsset=/home/runner/work/core/custom/assets/0/1/01abd508-7a4e-48db-b958-faa667aa4a49/fileAsset/file13984544504774707259.txt, folder=c36477c3-2e55-4ba5-9d7a-9026447f06e1, __disable_workflow__=true, sortOrder=0, modUser=system},lowIndexPriority=false,variantId=DEFAULT], parent=com.dotmarketing.portlets.folders.model.Folder@71c7c868[identifier=c36477c3-2e55-4ba5-9d7a-9026447f06e1,name=testName1688171854118,sortOrder=0,showOnMenu=false,hostId=a7a9ac9d-4f03-4af2-92a6-6350a43444b2,type=folder,title=testTitle1688171854118,filesMasks=,defaultFileType=33888b6f-7a8e-4069-b1b6-5c1aa9d0a48d,modDate=2023-07-01 00:37:34.121,owner=&lt;null&gt;,iDate=2023-07-01 00:37:34.121,inode=c36477c3-2e55-4ba5-9d7a-9026447f06e1,path=/testName1688171854118/], expectedName='file13984544504774707259.txt', expectedType='FileAsset'}]" classname="com.dotmarketing.business.DeterministicIdentifierAPITest" time="0.003"/>
  <testcase name="Test_Asset_Generate_Deterministic_Id_Best_Effort[2: TestCase{versionable=com.dotmarketing.portlets.templates.model.Template@6550e5e6, parent=my.host1688171853329.com, expectedName='testTitle1688171854245', expectedType='Template'}]" classname="com.dotmarketing.business.DeterministicIdentifierAPITest" time="0.002"/>
  <testcase name="Test_Asset_Generate_Deterministic_Id_Best_Effort[3: TestCase{versionable=com.dotmarketing.portlets.htmlpageasset.model.HTMLPageAsset@63be0519[map={template=648279b9-a0d6-4807-941f-2e627a347aa4, owner=system, identifier=998f6674-a5ea-47aa-be76-7dea748f2ceb, nullProperties=[wfExpireDate, wfPublishDate, wfActionAssign, wfActionId, wfActionComments, filterKey, whereToSend, wfNeverExpire, _path_to_move, timezoneId, iWantTo, wfPublishTime, wfExpireTime], modDate=2023-07-01 00:37:34.262, cachettl=0, _is_test_mode=true, languageId=1, title=test-page-title-1688171854258, httpsreq=, url=test-page-url-1688171854258, showOnMenu=, inode=139f64c4-1d80-4a54-94b2-f7d3294076a8, folder=c36477c3-2e55-4ba5-9d7a-9026447f06e1, disabledWYSIWYG=[], sortOrder=1, modUser=system, host=a7a9ac9d-4f03-4af2-92a6-6350a43444b2, stInode=c541abb1-69b3-4bc5-8430-5e09e5239cc8, friendlyName=test-page-friendly-name-1688171854258},lowIndexPriority=false,variantId=DEFAULT], parent=com.dotmarketing.portlets.folders.model.Folder@71c7c868[identifier=c36477c3-2e55-4ba5-9d7a-9026447f06e1,name=testName1688171854118,sortOrder=0,showOnMenu=false,hostId=a7a9ac9d-4f03-4af2-92a6-6350a43444b2,type=folder,title=testTitle1688171854118,filesMasks=,defaultFileType=33888b6f-7a8e-4069-b1b6-5c1aa9d0a48d,modDate=2023-07-01 00:37:34.121,owner=&lt;null&gt;,iDate=2023-07-01 00:37:34.121,inode=c36477c3-2e55-4ba5-9d7a-9026447f06e1,path=/testName1688171854118/], expectedName='test-page-url-1688171854258', expectedType='htmlpageasset'}]" classname="com.dotmarketing.business.DeterministicIdentifierAPITest" time="0.002"/>
  <testcase name="Test_Asset_Generate_Deterministic_Id_Best_Effort[4: TestCase{versionable=com.dotmarketing.portlets.contentlet.model.Contentlet@1271808b[map={fileAsset2=/home/runner/work/core/custom/assets/1/b/1ba5db92-09cc-40c2-94ab-58bf6c851767/fileAsset2/test_binary1688171856080.png, modDate=2023-07-01 00:37:36.085, fileAsset1=/home/runner/work/core/custom/assets/1/b/1ba5db92-09cc-40c2-94ab-58bf6c851767/fileAsset1/test_binary1688171856080.jpg, title=blah, inode=1ba5db92-09cc-40c2-94ab-58bf6c851767, __IS_NEW_CONTENT__=true, disabledWYSIWYG=[], host=48190c8c-42c4-46af-8d1a-0cd5db894797, stInode=efa3b0fe-617f-40ef-97e9-7437e63e3a7e, owner=system, identifier=6ca11432-596b-4851-bae4-30815b1cce0d, nullProperties=[], languageId=1, image1=de696c67-fa7e-4b11-97ca-c56e32768197, folder=SYSTEM_FOLDER, __disable_workflow__=true, sortOrder=0, modUser=system},lowIndexPriority=false,variantId=DEFAULT], parent=demo.dotcms.com, expectedName='test_binary1688171856080.jpg:test_binary1688171856080.png', expectedType='MultipleBinaries1688171854405'}]" classname="com.dotmarketing.business.DeterministicIdentifierAPITest" time="0.004"/>
  <testcase name="Test_Asset_Generate_Deterministic_Id_Best_Effort[5: TestCase{versionable=nameecc443afdc : keyTagecc443afdc, parent=my.host1688171853329.com, expectedName='keyTagecc443afdc', expectedType='persona'}]" classname="com.dotmarketing.business.DeterministicIdentifierAPITest" time="0.002"/>
  <testcase name="Test_Similar_Content_Type_Wont_Clash" classname="com.dotmarketing.business.DeterministicIdentifierAPITest" time="0.445"/>
  <testcase name="Test_Generate_Folder_Identifier" classname="com.dotmarketing.business.DeterministicIdentifierAPITest" time="0.964"/>
  <testcase name="Test_Generate_Content_Type_Identifier[0: ContentTypeTestCase{contentType=KeyValueContentType{name=Language Variable, id=f4d7c1b8-2c88-4071-abf1-a5328977b07d, description=Default Content Type for Language Variables, defaultType=false, fixed=true, iDate=Thu Aug 31 16:38:49 UTC 2017, system=true, versionable=true, variable=Languagevariable, modDate=Fri Jun 30 23:32:57 UTC 2023, host=SYSTEM_HOST, siteName=systemHost, icon=language, sortOrder=0, folder=SYSTEM_FOLDER, folderPath=/, markedForDeletion=true, multilingualable=false}, expectedName='Languagevariable', expectedType='KeyValue'}]" classname="com.dotmarketing.business.DeterministicIdentifierAPITest" time="0.012"/>
  <testcase name="Test_Generate_Content_Type_Identifier[1: ContentTypeTestCase{contentType=SimpleContentType{name=testName1688171856490, id=5e37d02f-f513-432c-8d30-79abc29fbdd2, description=testDescription1688171856490, defaultType=false, fixed=false, iDate=Sat Jul 01 00:37:36 UTC 2023, system=false, versionable=true, multilingualable=false, variable=testVarname1688171856490, owner=system, modDate=Sat Jul 01 00:37:37 UTC 2023, host=48190c8c-42c4-46af-8d1a-0cd5db894797, siteName=demo.dotcms.com, icon=event_note, sortOrder=0, folder=SYSTEM_FOLDER, folderPath=/, requiredFields=[], markedForDeletion=false}, expectedName='testVarname1688171856490', expectedType='CONTENT'}]" classname="com.dotmarketing.business.DeterministicIdentifierAPITest" time="0.006"/>
  <system-out><![CDATA[]]></system-out>
  <system-err><![CDATA[]]></system-err>
</testsuite>
