<?xml version="1.0" encoding="UTF-8"?>
<testsuite name="com.dotmarketing.portlets.templates.business.FileAssetTemplateUtilTest" tests="8" skipped="0" failures="0" errors="0" timestamp="2023-06-23T17:45:35" hostname="fv-az1098-397" time="7.036">
  <properties/>
  <testcase name="test_getHost_ramdom_default_expected" classname="com.dotmarketing.portlets.templates.business.FileAssetTemplateUtilTest" time="0.019"/>
  <testcase name="test_getPathFromFullPath_right_host_on_full_path" classname="com.dotmarketing.portlets.templates.business.FileAssetTemplateUtilTest" time="0.001"/>
  <testcase name="test_getHost_null_default_expected" classname="com.dotmarketing.portlets.templates.business.FileAssetTemplateUtilTest" time="0.001"/>
  <testcase name="test_getHost_blank_default_expected" classname="com.dotmarketing.portlets.templates.business.FileAssetTemplateUtilTest" time="0.001"/>
  <testcase name="testGetFullPathMethod" classname="com.dotmarketing.portlets.templates.business.FileAssetTemplateUtilTest" time="3.257"/>
  <testcase name="test_getPathFromFullPath_any_host_on_relative_path" classname="com.dotmarketing.portlets.templates.business.FileAssetTemplateUtilTest" time="0.0"/>
  <testcase name="test_getHost_demo_default_demo" classname="com.dotmarketing.portlets.templates.business.FileAssetTemplateUtilTest" time="3.754"/>
  <testcase name="test_getPathFromFullPath_wrong_host_on_full_path" classname="com.dotmarketing.portlets.templates.business.FileAssetTemplateUtilTest" time="0.001"/>
  <system-out><![CDATA[]]></system-out>
  <system-err><![CDATA[]]></system-err>
</testsuite>
