<?xml version="1.0" encoding="UTF-8"?>
<testsuite name="com.dotcms.graphql.DotGraphQLHttpServletTest" tests="4" skipped="0" failures="0" errors="0" timestamp="2023-06-26T16:23:08" hostname="fv-az370-611" time="0.091">
  <properties/>
  <testcase name="testing_OPTIONSRequestToGraphQLServer_returnResponseWithExpectedHeaders" classname="com.dotcms.graphql.DotGraphQLHttpServletTest" time="0.078"/>
  <testcase name="testing_GETRequestToGraphQLServer_returnResponseWithExpectedHeaders" classname="com.dotcms.graphql.DotGraphQLHttpServletTest" time="0.009"/>
  <testcase name="testing_cors_headers" classname="com.dotcms.graphql.DotGraphQLHttpServletTest" time="0.001"/>
  <testcase name="testing_POSTRequestToGraphQLServer_returnResponseWithExpectedHeaders" classname="com.dotcms.graphql.DotGraphQLHttpServletTest" time="0.003"/>
  <system-out><![CDATA[]]></system-out>
  <system-err><![CDATA[]]></system-err>
</testsuite>
