<?xml version="1.0" encoding="UTF-8"?>
<testsuite name="com.dotcms.rest.api.v1.vtl.VTLResourceIntegrationTest" tests="6" skipped="0" failures="0" errors="0" timestamp="2023-07-06T21:23:38" hostname="fv-az1234-650" time="11.912">
  <properties/>
  <testcase name="testGet[0: com.dotcms.rest.api.v1.vtl.VTLResourceTestCase@687bd875]" classname="com.dotcms.rest.api.v1.vtl.VTLResourceIntegrationTest" time="1.979"/>
  <testcase name="testGet[1: com.dotcms.rest.api.v1.vtl.VTLResourceTestCase@342fe0f2]" classname="com.dotcms.rest.api.v1.vtl.VTLResourceIntegrationTest" time="2.008"/>
  <testcase name="testGet[2: com.dotcms.rest.api.v1.vtl.VTLResourceTestCase@7ca53e96]" classname="com.dotcms.rest.api.v1.vtl.VTLResourceIntegrationTest" time="1.991"/>
  <testcase name="testGet[3: com.dotcms.rest.api.v1.vtl.VTLResourceTestCase@3a9fcb69]" classname="com.dotcms.rest.api.v1.vtl.VTLResourceIntegrationTest" time="2.068"/>
  <testcase name="testGet[4: com.dotcms.rest.api.v1.vtl.VTLResourceTestCase@c91043f]" classname="com.dotcms.rest.api.v1.vtl.VTLResourceIntegrationTest" time="2.012"/>
  <testcase name="testGet[5: com.dotcms.rest.api.v1.vtl.VTLResourceTestCase@47724d2f]" classname="com.dotcms.rest.api.v1.vtl.VTLResourceIntegrationTest" time="1.854"/>
  <system-out><![CDATA[]]></system-out>
  <system-err><![CDATA[]]></system-err>
</testsuite>
