<?xml version="1.0" encoding="UTF-8"?>
<testsuite name="com.dotcms.enterprise.publishing.remote.StaticPushPublishBundleGeneratorTest" tests="8" skipped="0" failures="0" errors="0" timestamp="2023-07-10T22:33:40" hostname="fv-az351-324" time="12.094">
  <properties/>
  <testcase name="Test_Static_Publish_Bundle_Generate[0: TestCase{bundler=class com.dotcms.enterprise.publishing.bundlers.FileAssetBundler, fileName=static-push-test-file.txt, isInclude=true, pattern='null', expectedMatches=1, condition=EQ}]" classname="com.dotcms.enterprise.publishing.remote.StaticPushPublishBundleGeneratorTest" time="2.976"/>
  <testcase name="Test_Static_Publish_Bundle_Generate[1: TestCase{bundler=class com.dotcms.enterprise.publishing.bundlers.FileAssetBundler, fileName=test file blank.txt, isInclude=true, pattern='null', expectedMatches=1, condition=EQ}]" classname="com.dotcms.enterprise.publishing.remote.StaticPushPublishBundleGeneratorTest" time="3.025"/>
  <testcase name="Test_Static_Publish_Bundle_Generate[2: TestCase{bundler=class com.dotcms.enterprise.publishing.bundlers.FileAssetBundler, fileName=test-file.txt, isInclude=true, pattern='/*', expectedMatches=1, condition=GTE}]" classname="com.dotcms.enterprise.publishing.remote.StaticPushPublishBundleGeneratorTest" time="1.027"/>
  <testcase name="Test_Static_Publish_Bundle_Generate[3: TestCase{bundler=class com.dotcms.enterprise.publishing.bundlers.HTMLPageAsContentBundler, fileName=static-push-test-page.htm, isInclude=true, pattern='null', expectedMatches=1, condition=EQ}]" classname="com.dotcms.enterprise.publishing.remote.StaticPushPublishBundleGeneratorTest" time="1.019"/>
  <testcase name="Test_Static_Publish_Bundle_Generate[4: TestCase{bundler=class com.dotcms.enterprise.publishing.bundlers.HTMLPageAsContentBundler, fileName=test page blank.htm, isInclude=true, pattern='null', expectedMatches=1, condition=EQ}]" classname="com.dotcms.enterprise.publishing.remote.StaticPushPublishBundleGeneratorTest" time="1.022"/>
  <testcase name="Test_Static_Publish_Bundle_Generate[5: TestCase{bundler=class com.dotcms.enterprise.publishing.bundlers.HTMLPageAsContentBundler, fileName=test page blank.htm, isInclude=true, pattern='/*', expectedMatches=1, condition=GTE}]" classname="com.dotcms.enterprise.publishing.remote.StaticPushPublishBundleGeneratorTest" time="1.036"/>
  <testcase name="Test_Static_Publish_Bundle_Generate[6: TestCase{bundler=class com.dotcms.enterprise.publishing.bundlers.FileAssetBundler, fileName=any.htm, isInclude=false, pattern='/*', expectedMatches=0, condition=GTE}]" classname="com.dotcms.enterprise.publishing.remote.StaticPushPublishBundleGeneratorTest" time="0.96"/>
  <testcase name="Test_Static_Publish_Bundle_Generate[7: TestCase{bundler=class com.dotcms.enterprise.publishing.bundlers.HTMLPageAsContentBundler, fileName=any.htm, isInclude=false, pattern='/*', expectedMatches=0, condition=GTE}]" classname="com.dotcms.enterprise.publishing.remote.StaticPushPublishBundleGeneratorTest" time="1.028"/>
  <system-out><![CDATA[]]></system-out>
  <system-err><![CDATA[]]></system-err>
</testsuite>
