<?xml version="1.0" encoding="UTF-8"?>
<testsuite name="com.dotmarketing.startup.runonce.Task230110MakeSomeSystemFieldsRemovableByBaseTypeTest" tests="1" skipped="0" failures="0" errors="0" timestamp="2023-07-18T01:28:25" hostname="fv-az877-612" time="0.038">
  <properties/>
  <testcase name="testExecuteUpgrade" classname="com.dotmarketing.startup.runonce.Task230110MakeSomeSystemFieldsRemovableByBaseTypeTest" time="0.038"/>
  <system-out><![CDATA[]]></system-out>
  <system-err><![CDATA[]]></system-err>
</testsuite>
