<?xml version="1.0" encoding="UTF-8"?>
<testsuite name="com.dotcms.rest.api.v2.contenttype.FieldResourceTest" tests="29" skipped="0" failures="0" errors="0" timestamp="2023-07-18T18:22:12" hostname="fv-az351-382" time="4.358">
  <properties/>
  <testcase name="testFieldMultiSelect" classname="com.dotcms.rest.api.v2.contenttype.FieldResourceTest" time="0.409"/>
  <testcase name="testFieldWysiwyg" classname="com.dotcms.rest.api.v2.contenttype.FieldResourceTest" time="0.277"/>
  <testcase name="testFieldCheckbox" classname="com.dotcms.rest.api.v2.contenttype.FieldResourceTest" time="0.098"/>
  <testcase name="testFieldDateTime" classname="com.dotcms.rest.api.v2.contenttype.FieldResourceTest" time="0.159"/>
  <testcase name="testFieldBinary" classname="com.dotcms.rest.api.v2.contenttype.FieldResourceTest" time="0.13"/>
  <testcase name="testFieldCustom" classname="com.dotcms.rest.api.v2.contenttype.FieldResourceTest" time="0.131"/>
  <testcase name="testFieldHidden" classname="com.dotcms.rest.api.v2.contenttype.FieldResourceTest" time="0.119"/>
  <testcase name="testFieldSelect" classname="com.dotcms.rest.api.v2.contenttype.FieldResourceTest" time="0.265"/>
  <testcase name="testFieldTag" classname="com.dotcms.rest.api.v2.contenttype.FieldResourceTest" time="0.154"/>
  <testcase name="testFieldImage" classname="com.dotcms.rest.api.v2.contenttype.FieldResourceTest" time="0.108"/>
  <testcase name="testFieldRadio" classname="com.dotcms.rest.api.v2.contenttype.FieldResourceTest" time="0.261"/>
  <testcase name="testFieldsList" classname="com.dotcms.rest.api.v2.contenttype.FieldResourceTest" time="0.018"/>
  <testcase name="testFieldPermissionTab" classname="com.dotcms.rest.api.v2.contenttype.FieldResourceTest" time="0.093"/>
  <testcase name="testCreateRelationshipFieldWithDash_Return400" classname="com.dotcms.rest.api.v2.contenttype.FieldResourceTest" time="0.008"/>
  <testcase name="testFieldHostFolder" classname="com.dotcms.rest.api.v2.contenttype.FieldResourceTest" time="0.095"/>
  <testcase name="testFieldRelationshipsTab" classname="com.dotcms.rest.api.v2.contenttype.FieldResourceTest" time="0.092"/>
  <testcase name="testFieldLineDivider" classname="com.dotcms.rest.api.v2.contenttype.FieldResourceTest" time="0.093"/>
  <testcase name="testFieldTabDividerField" classname="com.dotcms.rest.api.v2.contenttype.FieldResourceTest" time="0.124"/>
  <testcase name="testUpdateFieldVariable_Return400" classname="com.dotcms.rest.api.v2.contenttype.FieldResourceTest" time="0.383"/>
  <testcase name="testFieldTextArea" classname="com.dotcms.rest.api.v2.contenttype.FieldResourceTest" time="0.252"/>
  <testcase name="testFieldConstant" classname="com.dotcms.rest.api.v2.contenttype.FieldResourceTest" time="0.103"/>
  <testcase name="testCreateRelationshipFieldWithoutRelationType_Return400" classname="com.dotcms.rest.api.v2.contenttype.FieldResourceTest" time="0.005"/>
  <testcase name="testFieldCategory" classname="com.dotcms.rest.api.v2.contenttype.FieldResourceTest" time="0.102"/>
  <testcase name="testCreateRelationshipFieldWithoutContentTypeId_Return400" classname="com.dotcms.rest.api.v2.contenttype.FieldResourceTest" time="0.005"/>
  <testcase name="testFieldDate" classname="com.dotcms.rest.api.v2.contenttype.FieldResourceTest" time="0.159"/>
  <testcase name="testFieldFile" classname="com.dotcms.rest.api.v2.contenttype.FieldResourceTest" time="0.11"/>
  <testcase name="testFieldText" classname="com.dotcms.rest.api.v2.contenttype.FieldResourceTest" time="0.29"/>
  <testcase name="testFieldTime" classname="com.dotcms.rest.api.v2.contenttype.FieldResourceTest" time="0.164"/>
  <testcase name="testFieldKeyValue" classname="com.dotcms.rest.api.v2.contenttype.FieldResourceTest" time="0.116"/>
  <system-out><![CDATA[]]></system-out>
  <system-err><![CDATA[]]></system-err>
</testsuite>
