<?xml version="1.0" encoding="UTF-8"?>
<testsuite name="com.dotcms.rest.api.v1.vtl.VTLResourceIntegrationTest" tests="6" skipped="0" failures="0" errors="0" timestamp="2023-06-29T20:27:30" hostname="fv-az221-564" time="10.999">
  <properties/>
  <testcase name="testGet[0: com.dotcms.rest.api.v1.vtl.VTLResourceTestCase@7e11908d]" classname="com.dotcms.rest.api.v1.vtl.VTLResourceIntegrationTest" time="2.012"/>
  <testcase name="testGet[1: com.dotcms.rest.api.v1.vtl.VTLResourceTestCase@4be6d0ee]" classname="com.dotcms.rest.api.v1.vtl.VTLResourceIntegrationTest" time="1.1"/>
  <testcase name="testGet[2: com.dotcms.rest.api.v1.vtl.VTLResourceTestCase@5d102e47]" classname="com.dotcms.rest.api.v1.vtl.VTLResourceIntegrationTest" time="1.956"/>
  <testcase name="testGet[3: com.dotcms.rest.api.v1.vtl.VTLResourceTestCase@5a321d28]" classname="com.dotcms.rest.api.v1.vtl.VTLResourceIntegrationTest" time="1.974"/>
  <testcase name="testGet[4: com.dotcms.rest.api.v1.vtl.VTLResourceTestCase@28557b1b]" classname="com.dotcms.rest.api.v1.vtl.VTLResourceIntegrationTest" time="2.075"/>
  <testcase name="testGet[5: com.dotcms.rest.api.v1.vtl.VTLResourceTestCase@5549af5f]" classname="com.dotcms.rest.api.v1.vtl.VTLResourceIntegrationTest" time="1.881"/>
  <system-out><![CDATA[]]></system-out>
  <system-err><![CDATA[]]></system-err>
</testsuite>
