<?xml version="1.0" encoding="UTF-8"?>
<testsuite name="org.apache.felix.framework.OSGIUtilTest" tests="4" skipped="0" failures="0" errors="0" timestamp="2023-06-28T00:33:31" hostname="fv-az313-98" time="10.912">
  <properties/>
  <testcase name="test03CustomFelixDeployPath" classname="org.apache.felix.framework.OSGIUtilTest" time="4.35"/>
  <testcase name="test04CustomFelixUndeployPath" classname="org.apache.felix.framework.OSGIUtilTest" time="4.347"/>
  <testcase name="test_check_get_exported_packages_normalized" classname="org.apache.felix.framework.OSGIUtilTest" time="0.009"/>
  <testcase name="test_validate_felix_custom_base_dir" classname="org.apache.felix.framework.OSGIUtilTest" time="2.206"/>
  <system-out><![CDATA[













































































































































































































































































]]></system-out>
  <system-err><![CDATA[]]></system-err>
</testsuite>
