<?xml version="1.0" encoding="UTF-8"?>
<testsuite name="com.dotmarketing.portlets.contentlet.ajax.ContentletAjaxTest" tests="7" skipped="0" failures="0" errors="0" timestamp="2023-06-26T19:31:07" hostname="fv-az1114-884" time="6.924">
  <properties/>
  <testcase name="test_searchContentletsByUser_filteringByDates_returns_validResults" classname="com.dotmarketing.portlets.contentlet.ajax.ContentletAjaxTest" time="1.991"/>
  <testcase name="issue5330" classname="com.dotmarketing.portlets.contentlet.ajax.ContentletAjaxTest" time="2.382"/>
  <testcase name="test_doSearchGlossaryTerm_ReturnsListLanguageVariables" classname="com.dotmarketing.portlets.contentlet.ajax.ContentletAjaxTest" time="0.792"/>
  <testcase name="test_searchContentletsByUser_filteringByRelatedContent_returns_validResults[0: ONE_TO_MANY]" classname="com.dotmarketing.portlets.contentlet.ajax.ContentletAjaxTest" time="0.448"/>
  <testcase name="test_searchContentletsByUser_filteringByRelatedContent_returns_validResults[1: MANY_TO_MANY]" classname="com.dotmarketing.portlets.contentlet.ajax.ContentletAjaxTest" time="0.427"/>
  <testcase name="test_searchContentletsByUser_filteringByRelatedContent_returns_validResults[2: ONE_TO_ONE]" classname="com.dotmarketing.portlets.contentlet.ajax.ContentletAjaxTest" time="0.475"/>
  <testcase name="test_searchContentletsByUser_filteringByRelatedContent_returns_validResults[3: MANY_TO_ONE]" classname="com.dotmarketing.portlets.contentlet.ajax.ContentletAjaxTest" time="0.408"/>
  <system-out><![CDATA[]]></system-out>
  <system-err><![CDATA[]]></system-err>
</testsuite>
