<?xml version="1.0" encoding="UTF-8"?>
<testsuite name="com.dotcms.rendering.velocity.viewtools.WorkflowToolTest" tests="2" skipped="0" failures="0" errors="0" timestamp="2023-07-21T06:00:54" hostname="fv-az484-380" time="2.622">
  <properties/>
  <testcase name="testFire[0: com.dotcms.rendering.velocity.viewtools.WorkflowToolFireTestCase@31b18853]" classname="com.dotcms.rendering.velocity.viewtools.WorkflowToolTest" time="1.429"/>
  <testcase name="testFire[1: com.dotcms.rendering.velocity.viewtools.WorkflowToolFireTestCase@49e80721]" classname="com.dotcms.rendering.velocity.viewtools.WorkflowToolTest" time="1.193"/>
  <system-out><![CDATA[]]></system-out>
  <system-err><![CDATA[]]></system-err>
</testsuite>
