<?xml version="1.0" encoding="UTF-8"?>
<testsuite name="com.dotcms.auth.providers.jwt.JsonWebTokenUtilsIntegrationTest" tests="4" skipped="0" failures="0" errors="0" timestamp="2023-06-26T16:15:02" hostname="fv-az341-169" time="1.022">
  <properties/>
  <testcase name="get_user_in_token_modified" classname="com.dotcms.auth.providers.jwt.JsonWebTokenUtilsIntegrationTest" time="1.017"/>
  <testcase name="get_user_in_token" classname="com.dotcms.auth.providers.jwt.JsonWebTokenUtilsIntegrationTest" time="0.003"/>
  <testcase name="testWellFormedToken" classname="com.dotcms.auth.providers.jwt.JsonWebTokenUtilsIntegrationTest" time="0.002"/>
  <testcase name="testParseMalformedToken" classname="com.dotcms.auth.providers.jwt.JsonWebTokenUtilsIntegrationTest" time="0.0"/>
  <system-out><![CDATA[

]]></system-out>
  <system-err><![CDATA[]]></system-err>
</testsuite>
