<?xml version="1.0" encoding="UTF-8"?>
<testsuite name="com.dotcms.rest.api.v1.taillog.TailLogResourceTest" tests="1" skipped="0" failures="0" errors="0" timestamp="2023-07-12T20:49:36" hostname="fv-az449-127" time="30.032">
  <properties/>
  <testcase name="testTailLogResource" classname="com.dotcms.rest.api.v1.taillog.TailLogResourceTest" time="30.032"/>
  <system-out><![CDATA[]]></system-out>
  <system-err><![CDATA[]]></system-err>
</testsuite>
