<?xml version="1.0" encoding="UTF-8"?>
<testsuite name="com.dotcms.rest.TagResourceIntegrationTest" tests="4" skipped="0" failures="0" errors="0" timestamp="2023-06-30T17:00:23" hostname="fv-az674-164" time="0.257">
  <properties/>
  <testcase name="testList[0: com.dotcms.rest.TagResourceTestCase@2f0676f9]" classname="com.dotcms.rest.TagResourceIntegrationTest" time="0.205"/>
  <testcase name="testList[1: com.dotcms.rest.TagResourceTestCase@5bef3b38]" classname="com.dotcms.rest.TagResourceIntegrationTest" time="0.018"/>
  <testcase name="testList[2: com.dotcms.rest.TagResourceTestCase@3add3a69]" classname="com.dotcms.rest.TagResourceIntegrationTest" time="0.015"/>
  <testcase name="testList[3: com.dotcms.rest.TagResourceTestCase@1e24f1ea]" classname="com.dotcms.rest.TagResourceIntegrationTest" time="0.019"/>
  <system-out><![CDATA[]]></system-out>
  <system-err><![CDATA[Jun 30, 2023 5:00:23 PM com.dotcms.repackage.org.hibernate.validator.internal.util.Version <clinit>
INFO: HV000001: Hibernate Validator 4.3.2.Final
]]></system-err>
</testsuite>
