<?xml version="1.0" encoding="UTF-8"?>
<testsuite name="com.dotcms.rest.elasticsearch.ESContentResourcePortletTest" tests="8" skipped="0" failures="0" errors="0" timestamp="2023-06-23T16:08:35" hostname="fv-az162-375" time="7.693">
  <properties/>
  <testcase name="test_search_includeGrandChildCategory_success" classname="com.dotcms.rest.elasticsearch.ESContentResourcePortletTest" time="1.353"/>
  <testcase name="testSearch[0: com.dotcms.rest.elasticsearch.ESContentResourcePortletTest$TestCase@f113bcc]" classname="com.dotcms.rest.elasticsearch.ESContentResourcePortletTest" time="0.91"/>
  <testcase name="testSearch[1: com.dotcms.rest.elasticsearch.ESContentResourcePortletTest$TestCase@57d70cad]" classname="com.dotcms.rest.elasticsearch.ESContentResourcePortletTest" time="0.291"/>
  <testcase name="testSearch[2: com.dotcms.rest.elasticsearch.ESContentResourcePortletTest$TestCase@26b48744]" classname="com.dotcms.rest.elasticsearch.ESContentResourcePortletTest" time="0.937"/>
  <testcase name="testSearch[3: com.dotcms.rest.elasticsearch.ESContentResourcePortletTest$TestCase@77250445]" classname="com.dotcms.rest.elasticsearch.ESContentResourcePortletTest" time="1.209"/>
  <testcase name="testSearch[4: com.dotcms.rest.elasticsearch.ESContentResourcePortletTest$TestCase@716c9e36]" classname="com.dotcms.rest.elasticsearch.ESContentResourcePortletTest" time="1.192"/>
  <testcase name="testSearch[5: com.dotcms.rest.elasticsearch.ESContentResourcePortletTest$TestCase@1e3156d2]" classname="com.dotcms.rest.elasticsearch.ESContentResourcePortletTest" time="0.904"/>
  <testcase name="testSearch[6: com.dotcms.rest.elasticsearch.ESContentResourcePortletTest$TestCase@1cbd7cf7]" classname="com.dotcms.rest.elasticsearch.ESContentResourcePortletTest" time="0.896"/>
  <system-out><![CDATA[]]></system-out>
  <system-err><![CDATA[]]></system-err>
</testsuite>
