<?xml version="1.0" encoding="UTF-8"?>
<testsuite name="com.dotcms.rest.elasticsearch.ESContentResourcePortletTest" tests="8" skipped="0" failures="0" errors="0" timestamp="2023-06-29T18:19:13" hostname="fv-az417-420" time="7.711">
  <properties/>
  <testcase name="test_search_includeGrandChildCategory_success" classname="com.dotcms.rest.elasticsearch.ESContentResourcePortletTest" time="1.386"/>
  <testcase name="testSearch[0: com.dotcms.rest.elasticsearch.ESContentResourcePortletTest$TestCase@7c0ee4b2]" classname="com.dotcms.rest.elasticsearch.ESContentResourcePortletTest" time="0.941"/>
  <testcase name="testSearch[1: com.dotcms.rest.elasticsearch.ESContentResourcePortletTest$TestCase@5e51f6b2]" classname="com.dotcms.rest.elasticsearch.ESContentResourcePortletTest" time="1.198"/>
  <testcase name="testSearch[2: com.dotcms.rest.elasticsearch.ESContentResourcePortletTest$TestCase@280fcd6b]" classname="com.dotcms.rest.elasticsearch.ESContentResourcePortletTest" time="0.946"/>
  <testcase name="testSearch[3: com.dotcms.rest.elasticsearch.ESContentResourcePortletTest$TestCase@52851c5d]" classname="com.dotcms.rest.elasticsearch.ESContentResourcePortletTest" time="0.197"/>
  <testcase name="testSearch[4: com.dotcms.rest.elasticsearch.ESContentResourcePortletTest$TestCase@59a559cb]" classname="com.dotcms.rest.elasticsearch.ESContentResourcePortletTest" time="1.232"/>
  <testcase name="testSearch[5: com.dotcms.rest.elasticsearch.ESContentResourcePortletTest$TestCase@890c02b]" classname="com.dotcms.rest.elasticsearch.ESContentResourcePortletTest" time="0.921"/>
  <testcase name="testSearch[6: com.dotcms.rest.elasticsearch.ESContentResourcePortletTest$TestCase@5e2230c7]" classname="com.dotcms.rest.elasticsearch.ESContentResourcePortletTest" time="0.887"/>
  <system-out><![CDATA[]]></system-out>
  <system-err><![CDATA[]]></system-err>
</testsuite>
