<?xml version="1.0" encoding="UTF-8"?>
<testsuite name="com.dotmarketing.servlets.ajax.AjaxDirectorServletIntegrationTest" tests="2" skipped="0" failures="0" errors="0" timestamp="2023-06-22T01:25:42" hostname="fv-az484-488" time="2.932">
  <properties/>
  <testcase name="testService[0: com.dotmarketing.servlets.ajax.AjaxDirectorServletTestCase@3517b663]" classname="com.dotmarketing.servlets.ajax.AjaxDirectorServletIntegrationTest" time="1.14"/>
  <testcase name="testService[1: com.dotmarketing.servlets.ajax.AjaxDirectorServletTestCase@3b3f77ae]" classname="com.dotmarketing.servlets.ajax.AjaxDirectorServletIntegrationTest" time="1.792"/>
  <system-out><![CDATA[]]></system-out>
  <system-err><![CDATA[]]></system-err>
</testsuite>
