<?xml version="1.0" encoding="UTF-8"?>
<testsuite name="com.dotmarketing.portlets.structure.model.ContentletRelationshipsTest" tests="7" skipped="0" failures="0" errors="0" timestamp="2023-07-13T23:36:26" hostname="fv-az298-223" time="9.823">
  <properties/>
  <testcase name="testDoesAllowOnlyOne[0: com.dotmarketing.portlets.structure.model.ContentletRelationshipsTest$CardinalityTestCase@fe71564]" classname="com.dotmarketing.portlets.structure.model.ContentletRelationshipsTest" time="0.67"/>
  <testcase name="testDoesAllowOnlyOne[1: com.dotmarketing.portlets.structure.model.ContentletRelationshipsTest$CardinalityTestCase@c4736a4]" classname="com.dotmarketing.portlets.structure.model.ContentletRelationshipsTest" time="0.546"/>
  <testcase name="testDoesAllowOnlyOne[2: com.dotmarketing.portlets.structure.model.ContentletRelationshipsTest$CardinalityTestCase@cdd751f]" classname="com.dotmarketing.portlets.structure.model.ContentletRelationshipsTest" time="0.509"/>
  <testcase name="testGetRelationshipRecords[0: com.dotmarketing.portlets.structure.model.ContentletRelationshipsTest$TestCase@42a291c5]" classname="com.dotmarketing.portlets.structure.model.ContentletRelationshipsTest" time="2.129"/>
  <testcase name="testGetRelationshipRecords[1: com.dotmarketing.portlets.structure.model.ContentletRelationshipsTest$TestCase@75d9f0c0]" classname="com.dotmarketing.portlets.structure.model.ContentletRelationshipsTest" time="2.047"/>
  <testcase name="testGetRelationshipRecords[2: com.dotmarketing.portlets.structure.model.ContentletRelationshipsTest$TestCase@401e0ac9]" classname="com.dotmarketing.portlets.structure.model.ContentletRelationshipsTest" time="1.916"/>
  <testcase name="testGetRelationshipRecords[3: com.dotmarketing.portlets.structure.model.ContentletRelationshipsTest$TestCase@278cea58]" classname="com.dotmarketing.portlets.structure.model.ContentletRelationshipsTest" time="2.006"/>
  <system-out><![CDATA[]]></system-out>
  <system-err><![CDATA[]]></system-err>
</testsuite>
