<?xml version="1.0" encoding="UTF-8"?>
<testsuite name="com.dotcms.rest.TagResourceIntegrationTest" tests="4" skipped="0" failures="0" errors="0" timestamp="2023-06-23T21:32:06" hostname="fv-az627-978" time="0.244">
  <properties/>
  <testcase name="testList[0: com.dotcms.rest.TagResourceTestCase@7eae75dc]" classname="com.dotcms.rest.TagResourceIntegrationTest" time="0.189"/>
  <testcase name="testList[1: com.dotcms.rest.TagResourceTestCase@7da43c47]" classname="com.dotcms.rest.TagResourceIntegrationTest" time="0.017"/>
  <testcase name="testList[2: com.dotcms.rest.TagResourceTestCase@63f564b4]" classname="com.dotcms.rest.TagResourceIntegrationTest" time="0.014"/>
  <testcase name="testList[3: com.dotcms.rest.TagResourceTestCase@34fa341a]" classname="com.dotcms.rest.TagResourceIntegrationTest" time="0.023"/>
  <system-out><![CDATA[]]></system-out>
  <system-err><![CDATA[Jun 23, 2023 9:32:06 PM com.dotcms.repackage.org.hibernate.validator.internal.util.Version <clinit>
INFO: HV000001: Hibernate Validator 4.3.2.Final
]]></system-err>
</testsuite>
