<?xml version="1.0" encoding="UTF-8"?>
<testsuite name="com.dotcms.contenttype.test.ContentTypeTest" tests="3" skipped="0" failures="0" errors="0" timestamp="2023-07-17T21:51:30" hostname="fv-az407-374" time="0.55">
  <properties/>
  <testcase name="test_that_it_works_like_the_old_way" classname="com.dotcms.contenttype.test.ContentTypeTest" time="0.437"/>
  <testcase name="test_that_fields_of_type_are_returned" classname="com.dotcms.contenttype.test.ContentTypeTest" time="0.055"/>
  <testcase name="test_that_immutable_fields_work_the_same_as_normal_fields_returned" classname="com.dotcms.contenttype.test.ContentTypeTest" time="0.056"/>
  <system-out><![CDATA[]]></system-out>
  <system-err><![CDATA[]]></system-err>
</testsuite>
