<?xml version="1.0" encoding="UTF-8"?>
<testsuite name="com.dotcms.rest.api.v1.configuration.ConfigurationResourceTest" tests="1" skipped="0" failures="0" errors="0" timestamp="2023-07-17T23:53:07" hostname="fv-az442-90" time="0.088">
  <properties/>
  <testcase name="testVerifyConfigurationData" classname="com.dotcms.rest.api.v1.configuration.ConfigurationResourceTest" time="0.088"/>
  <system-out><![CDATA[]]></system-out>
  <system-err><![CDATA[]]></system-err>
</testsuite>
