<?xml version="1.0" encoding="UTF-8"?>
<testsuite name="com.dotcms.storage.FileMetadataAPITest" tests="45" skipped="0" failures="0" errors="0" timestamp="2023-07-15T00:05:50" hostname="fv-az343-544" time="43.921">
  <properties/>
  <testcase name="Test_Add_Then_Recover_Temp_Resource_Metadata" classname="com.dotcms.storage.FileMetadataAPITest" time="0.006"/>
  <testcase name="Test_GetMetadata[0: FILE_SYSTEM]" classname="com.dotcms.storage.FileMetadataAPITest" time="0.778"/>
  <testcase name="Test_GetMetadata[1: DB]" classname="com.dotcms.storage.FileMetadataAPITest" time="0.834"/>
  <testcase name="Test_Get_First_Indexed_Binary_Field" classname="com.dotcms.storage.FileMetadataAPITest" time="3.2"/>
  <testcase name="Test_Force_Set_Metadata[0: TestCase{langId=1, storageType=FILE_SYSTEM, testFile=test_image1.jpg, fileAssetContent=com.dotmarketing.portlets.contentlet.model.Contentlet@59591706[map={modDate=2023-07-15 00:03:05.616, fileName=test_image11689379385612.jpg, title=test_image11689379385612.jpg, inode=dafe9fa0-d28c-4357-819f-6dfdd5c5b578, __IS_NEW_CONTENT__=true, disabledWYSIWYG=[], host=48190c8c-42c4-46af-8d1a-0cd5db894797, stInode=33888b6f-7a8e-4069-b1b6-5c1aa9d0a48d, owner=system, identifier=20976f7d374d321b666e2383a4995dd1, nullProperties=[wfExpireDate, wfPublishDate, wfActionAssign, wfActionId, wfActionComments, filterKey, whereToSend, wfNeverExpire, _path_to_move, timezoneId, iWantTo, wfPublishTime, wfExpireTime], _is_test_mode=true, languageId=1, fileAsset=/home/runner/work/core/custom/assets/d/a/dafe9fa0-d28c-4357-819f-6dfdd5c5b578/fileAsset/test_image11689379385612.jpg, folder=2c51d2e4f0d73ea8ec90a23202a5be57, __disable_workflow__=true, sortOrder=0, modUser=system},lowIndexPriority=false,variantId=DEFAULT]}]" classname="com.dotcms.storage.FileMetadataAPITest" time="0.762"/>
  <testcase name="Test_Force_Set_Metadata[1: TestCase{langId=1, storageType=FILE_SYSTEM, testFile=test.gif, fileAssetContent=com.dotmarketing.portlets.contentlet.model.Contentlet@79fb6cbe[map={modDate=2023-07-15 00:03:05.932, fileName=test_image11689379385930.gif, title=test_image11689379385930.gif, inode=c9e4e272-06e2-4552-8fbd-5eee51da93e1, __IS_NEW_CONTENT__=true, disabledWYSIWYG=[], host=48190c8c-42c4-46af-8d1a-0cd5db894797, stInode=33888b6f-7a8e-4069-b1b6-5c1aa9d0a48d, owner=system, identifier=6a748d158346b0b58df817ede0c3d134, nullProperties=[wfExpireDate, wfPublishDate, wfActionAssign, wfActionId, wfActionComments, filterKey, whereToSend, wfNeverExpire, _path_to_move, timezoneId, iWantTo, wfPublishTime, wfExpireTime], _is_test_mode=true, languageId=1, fileAsset=/home/runner/work/core/custom/assets/c/9/c9e4e272-06e2-4552-8fbd-5eee51da93e1/fileAsset/test_image11689379385930.gif, folder=4a7a866eeae78fef2f37b2a6fbd74115, __disable_workflow__=true, sortOrder=0, modUser=system},lowIndexPriority=false,variantId=DEFAULT]}]" classname="com.dotcms.storage.FileMetadataAPITest" time="1.022"/>
  <testcase name="Test_Force_Set_Metadata[2: TestCase{langId=1, storageType=FILE_SYSTEM, testFile=test_image2.png, fileAssetContent=com.dotmarketing.portlets.contentlet.model.Contentlet@1dd168a5[map={modDate=2023-07-15 00:03:06.953, fileName=test_image11689379386950.png, title=test_image11689379386950.png, inode=0273b825-8c19-45fd-b07d-1505ee8f97e0, __IS_NEW_CONTENT__=true, disabledWYSIWYG=[], host=48190c8c-42c4-46af-8d1a-0cd5db894797, stInode=33888b6f-7a8e-4069-b1b6-5c1aa9d0a48d, owner=system, identifier=a153c276db1557b2b23f8e0f34b0129c, nullProperties=[wfExpireDate, wfPublishDate, wfActionAssign, wfActionId, wfActionComments, filterKey, whereToSend, wfNeverExpire, _path_to_move, timezoneId, iWantTo, wfPublishTime, wfExpireTime], _is_test_mode=true, languageId=1, fileAsset=/home/runner/work/core/custom/assets/0/2/0273b825-8c19-45fd-b07d-1505ee8f97e0/fileAsset/test_image11689379386950.png, folder=4e499ac2494827cc21e03122f708f197, __disable_workflow__=true, sortOrder=0, modUser=system},lowIndexPriority=false,variantId=DEFAULT]}]" classname="com.dotcms.storage.FileMetadataAPITest" time="1.021"/>
  <testcase name="Test_Force_Set_Metadata[3: TestCase{langId=1, storageType=FILE_SYSTEM, testFile=test_image.svg, fileAssetContent=com.dotmarketing.portlets.contentlet.model.Contentlet@319821cd[map={modDate=2023-07-15 00:03:07.976, fileName=test_image11689379387973.svg, title=test_image11689379387973.svg, inode=44e7f114-d086-4e77-9f6c-660ca2f70acb, __IS_NEW_CONTENT__=true, disabledWYSIWYG=[], host=48190c8c-42c4-46af-8d1a-0cd5db894797, stInode=33888b6f-7a8e-4069-b1b6-5c1aa9d0a48d, owner=system, identifier=ffc05c66aef03999a0bdd3a305f5641e, nullProperties=[wfExpireDate, wfPublishDate, wfActionAssign, wfActionId, wfActionComments, filterKey, whereToSend, wfNeverExpire, _path_to_move, timezoneId, iWantTo, wfPublishTime, wfExpireTime], _is_test_mode=true, languageId=1, fileAsset=/home/runner/work/core/custom/assets/4/4/44e7f114-d086-4e77-9f6c-660ca2f70acb/fileAsset/test_image11689379387973.svg, folder=2cecae2582e07ba6c524a28ac8a86370, __disable_workflow__=true, sortOrder=0, modUser=system},lowIndexPriority=false,variantId=DEFAULT]}]" classname="com.dotcms.storage.FileMetadataAPITest" time="1.027"/>
  <testcase name="Test_Force_Set_Metadata[4: TestCase{langId=1, storageType=FILE_SYSTEM, testFile=test.pdf, fileAssetContent=com.dotmarketing.portlets.contentlet.model.Contentlet@1628f090[map={modDate=2023-07-15 00:03:09.009, fileName=test_image11689379389007.pdf, title=test_image11689379389007.pdf, inode=310b1b49-c105-4130-bc7d-7048a141d1e7, __IS_NEW_CONTENT__=true, disabledWYSIWYG=[], host=48190c8c-42c4-46af-8d1a-0cd5db894797, stInode=33888b6f-7a8e-4069-b1b6-5c1aa9d0a48d, owner=system, identifier=dba9306b3bcdbc6e3fa615ade8ef8398, nullProperties=[wfExpireDate, wfPublishDate, wfActionAssign, wfActionId, wfActionComments, filterKey, whereToSend, wfNeverExpire, _path_to_move, timezoneId, iWantTo, wfPublishTime, wfExpireTime], _is_test_mode=true, languageId=1, fileAsset=/home/runner/work/core/custom/assets/3/1/310b1b49-c105-4130-bc7d-7048a141d1e7/fileAsset/test_image11689379389007.pdf, folder=7cf919a20cd3eade934d6804128d4437, __disable_workflow__=true, sortOrder=0, modUser=system},lowIndexPriority=false,variantId=DEFAULT]}]" classname="com.dotcms.storage.FileMetadataAPITest" time="1.026"/>
  <testcase name="Test_Force_Set_Metadata[5: TestCase{langId=1, storageType=DB, testFile=test_image1.jpg, fileAssetContent=com.dotmarketing.portlets.contentlet.model.Contentlet@3758213[map={modDate=2023-07-15 00:03:10.035, fileName=test_image11689379390033.jpg, title=test_image11689379390033.jpg, inode=f12be6f2-6e9c-490b-b81f-454ae056923d, __IS_NEW_CONTENT__=true, disabledWYSIWYG=[], host=48190c8c-42c4-46af-8d1a-0cd5db894797, stInode=33888b6f-7a8e-4069-b1b6-5c1aa9d0a48d, owner=system, identifier=736932959d717536d13d0d941aff4505, nullProperties=[wfExpireDate, wfPublishDate, wfActionAssign, wfActionId, wfActionComments, filterKey, whereToSend, wfNeverExpire, _path_to_move, timezoneId, iWantTo, wfPublishTime, wfExpireTime], _is_test_mode=true, languageId=1, fileAsset=/home/runner/work/core/custom/assets/f/1/f12be6f2-6e9c-490b-b81f-454ae056923d/fileAsset/test_image11689379390033.jpg, folder=3ed1fb5f06e965288223fc76f9c799af, __disable_workflow__=true, sortOrder=0, modUser=system},lowIndexPriority=false,variantId=DEFAULT]}]" classname="com.dotcms.storage.FileMetadataAPITest" time="1.041"/>
  <testcase name="Test_Force_Set_Metadata[6: TestCase{langId=1, storageType=DB, testFile=test.gif, fileAssetContent=com.dotmarketing.portlets.contentlet.model.Contentlet@9e86116[map={modDate=2023-07-15 00:03:11.065, fileName=test_image11689379391062.gif, title=test_image11689379391062.gif, inode=1e9dd7ee-5446-45ab-a36d-1befad43750a, __IS_NEW_CONTENT__=true, disabledWYSIWYG=[], host=48190c8c-42c4-46af-8d1a-0cd5db894797, stInode=33888b6f-7a8e-4069-b1b6-5c1aa9d0a48d, owner=system, identifier=69b933fd2f27d7ed65b8a2faa41f7e27, nullProperties=[wfExpireDate, wfPublishDate, wfActionAssign, wfActionId, wfActionComments, filterKey, whereToSend, wfNeverExpire, _path_to_move, timezoneId, iWantTo, wfPublishTime, wfExpireTime], _is_test_mode=true, languageId=1, fileAsset=/home/runner/work/core/custom/assets/1/e/1e9dd7ee-5446-45ab-a36d-1befad43750a/fileAsset/test_image11689379391062.gif, folder=4179c2c28a6318cbc6042cdd0f9e6d1c, __disable_workflow__=true, sortOrder=0, modUser=system},lowIndexPriority=false,variantId=DEFAULT]}]" classname="com.dotcms.storage.FileMetadataAPITest" time="1.028"/>
  <testcase name="Test_Force_Set_Metadata[7: TestCase{langId=1, storageType=DB, testFile=test_image2.png, fileAssetContent=com.dotmarketing.portlets.contentlet.model.Contentlet@51fbe7eb[map={modDate=2023-07-15 00:03:12.093, fileName=test_image11689379392090.png, title=test_image11689379392090.png, inode=28d30e69-e0cd-4b30-b433-0ab12722f357, __IS_NEW_CONTENT__=true, disabledWYSIWYG=[], host=48190c8c-42c4-46af-8d1a-0cd5db894797, stInode=33888b6f-7a8e-4069-b1b6-5c1aa9d0a48d, owner=system, identifier=c115a5c2a952443a1c9edf6b7c543967, nullProperties=[wfExpireDate, wfPublishDate, wfActionAssign, wfActionId, wfActionComments, filterKey, whereToSend, wfNeverExpire, _path_to_move, timezoneId, iWantTo, wfPublishTime, wfExpireTime], _is_test_mode=true, languageId=1, fileAsset=/home/runner/work/core/custom/assets/2/8/28d30e69-e0cd-4b30-b433-0ab12722f357/fileAsset/test_image11689379392090.png, folder=9729a78d18eebbb518c63420ee1a5ea4, __disable_workflow__=true, sortOrder=0, modUser=system},lowIndexPriority=false,variantId=DEFAULT]}]" classname="com.dotcms.storage.FileMetadataAPITest" time="1.038"/>
  <testcase name="Test_Force_Set_Metadata[8: TestCase{langId=1, storageType=DB, testFile=test_image.svg, fileAssetContent=com.dotmarketing.portlets.contentlet.model.Contentlet@fa5abf3[map={modDate=2023-07-15 00:03:13.121, fileName=test_image11689379393118.svg, title=test_image11689379393118.svg, inode=637d8585-7d34-4c14-95c5-f0210a394295, __IS_NEW_CONTENT__=true, disabledWYSIWYG=[], host=48190c8c-42c4-46af-8d1a-0cd5db894797, stInode=33888b6f-7a8e-4069-b1b6-5c1aa9d0a48d, owner=system, identifier=0d6fe77efd94226a2af384cf06dcdb79, nullProperties=[wfExpireDate, wfPublishDate, wfActionAssign, wfActionId, wfActionComments, filterKey, whereToSend, wfNeverExpire, _path_to_move, timezoneId, iWantTo, wfPublishTime, wfExpireTime], _is_test_mode=true, languageId=1, fileAsset=/home/runner/work/core/custom/assets/6/3/637d8585-7d34-4c14-95c5-f0210a394295/fileAsset/test_image11689379393118.svg, folder=17bcc4b3ae6b91eca59f31eb3e407242, __disable_workflow__=true, sortOrder=0, modUser=system},lowIndexPriority=false,variantId=DEFAULT]}]" classname="com.dotcms.storage.FileMetadataAPITest" time="1.028"/>
  <testcase name="Test_Force_Set_Metadata[9: TestCase{langId=1, storageType=DB, testFile=test.pdf, fileAssetContent=com.dotmarketing.portlets.contentlet.model.Contentlet@6a20e5e8[map={modDate=2023-07-15 00:03:14.14, fileName=test_image11689379394138.pdf, title=test_image11689379394138.pdf, inode=e5785dd6-94b4-43d4-87fa-303bde5d93a5, __IS_NEW_CONTENT__=true, disabledWYSIWYG=[], host=48190c8c-42c4-46af-8d1a-0cd5db894797, stInode=33888b6f-7a8e-4069-b1b6-5c1aa9d0a48d, owner=system, identifier=c10ffcc833b22ee5987202a4c9758e42, nullProperties=[wfExpireDate, wfPublishDate, wfActionAssign, wfActionId, wfActionComments, filterKey, whereToSend, wfNeverExpire, _path_to_move, timezoneId, iWantTo, wfPublishTime, wfExpireTime], _is_test_mode=true, languageId=1, fileAsset=/home/runner/work/core/custom/assets/e/5/e5785dd6-94b4-43d4-87fa-303bde5d93a5/fileAsset/test_image11689379394138.pdf, folder=9cc44f4abc0004e131ebb58ce54c0944, __disable_workflow__=true, sortOrder=0, modUser=system},lowIndexPriority=false,variantId=DEFAULT]}]" classname="com.dotcms.storage.FileMetadataAPITest" time="1.034"/>
  <testcase name="Test_Generate_Metadata_From_HtmlPage_Should_Resolve_ExtendedMetadata" classname="com.dotcms.storage.FileMetadataAPITest" time="0.066"/>
  <testcase name="Test_Generate_Metadata_From_FileAssets[0: TestCase{langId=1, storageType=FILE_SYSTEM, testFile=test_image1.jpg, fileAssetContent=com.dotmarketing.portlets.contentlet.model.Contentlet@59591706[map={modDate=2023-07-15 00:03:05.616, fileName=test_image11689379385612.jpg, title=test_image11689379385612.jpg, inode=dafe9fa0-d28c-4357-819f-6dfdd5c5b578, __IS_NEW_CONTENT__=true, disabledWYSIWYG=[], host=48190c8c-42c4-46af-8d1a-0cd5db894797, stInode=33888b6f-7a8e-4069-b1b6-5c1aa9d0a48d, owner=system, identifier=20976f7d374d321b666e2383a4995dd1, nullProperties=[wfExpireDate, wfPublishDate, wfActionAssign, wfActionId, wfActionComments, filterKey, whereToSend, wfNeverExpire, _path_to_move, timezoneId, iWantTo, wfPublishTime, wfExpireTime], _is_test_mode=true, languageId=1, fileAsset=/home/runner/work/core/custom/assets/d/a/dafe9fa0-d28c-4357-819f-6dfdd5c5b578/fileAsset/test_image11689379385612.jpg, folder=2c51d2e4f0d73ea8ec90a23202a5be57, __disable_workflow__=true, sortOrder=0, modUser=system},lowIndexPriority=false,variantId=DEFAULT]}]" classname="com.dotcms.storage.FileMetadataAPITest" time="0.036"/>
  <testcase name="Test_Generate_Metadata_From_FileAssets[1: TestCase{langId=1, storageType=FILE_SYSTEM, testFile=test.gif, fileAssetContent=com.dotmarketing.portlets.contentlet.model.Contentlet@79fb6cbe[map={modDate=2023-07-15 00:03:05.932, fileName=test_image11689379385930.gif, title=test_image11689379385930.gif, inode=c9e4e272-06e2-4552-8fbd-5eee51da93e1, __IS_NEW_CONTENT__=true, disabledWYSIWYG=[], host=48190c8c-42c4-46af-8d1a-0cd5db894797, stInode=33888b6f-7a8e-4069-b1b6-5c1aa9d0a48d, owner=system, identifier=6a748d158346b0b58df817ede0c3d134, nullProperties=[wfExpireDate, wfPublishDate, wfActionAssign, wfActionId, wfActionComments, filterKey, whereToSend, wfNeverExpire, _path_to_move, timezoneId, iWantTo, wfPublishTime, wfExpireTime], _is_test_mode=true, languageId=1, fileAsset=/home/runner/work/core/custom/assets/c/9/c9e4e272-06e2-4552-8fbd-5eee51da93e1/fileAsset/test_image11689379385930.gif, folder=4a7a866eeae78fef2f37b2a6fbd74115, __disable_workflow__=true, sortOrder=0, modUser=system},lowIndexPriority=false,variantId=DEFAULT]}]" classname="com.dotcms.storage.FileMetadataAPITest" time="0.032"/>
  <testcase name="Test_Generate_Metadata_From_FileAssets[2: TestCase{langId=1, storageType=FILE_SYSTEM, testFile=test_image2.png, fileAssetContent=com.dotmarketing.portlets.contentlet.model.Contentlet@1dd168a5[map={modDate=2023-07-15 00:03:06.953, fileName=test_image11689379386950.png, title=test_image11689379386950.png, inode=0273b825-8c19-45fd-b07d-1505ee8f97e0, __IS_NEW_CONTENT__=true, disabledWYSIWYG=[], host=48190c8c-42c4-46af-8d1a-0cd5db894797, stInode=33888b6f-7a8e-4069-b1b6-5c1aa9d0a48d, owner=system, identifier=a153c276db1557b2b23f8e0f34b0129c, nullProperties=[wfExpireDate, wfPublishDate, wfActionAssign, wfActionId, wfActionComments, filterKey, whereToSend, wfNeverExpire, _path_to_move, timezoneId, iWantTo, wfPublishTime, wfExpireTime], _is_test_mode=true, languageId=1, fileAsset=/home/runner/work/core/custom/assets/0/2/0273b825-8c19-45fd-b07d-1505ee8f97e0/fileAsset/test_image11689379386950.png, folder=4e499ac2494827cc21e03122f708f197, __disable_workflow__=true, sortOrder=0, modUser=system},lowIndexPriority=false,variantId=DEFAULT]}]" classname="com.dotcms.storage.FileMetadataAPITest" time="0.03"/>
  <testcase name="Test_Generate_Metadata_From_FileAssets[3: TestCase{langId=1, storageType=FILE_SYSTEM, testFile=test_image.svg, fileAssetContent=com.dotmarketing.portlets.contentlet.model.Contentlet@319821cd[map={modDate=2023-07-15 00:03:07.976, fileName=test_image11689379387973.svg, title=test_image11689379387973.svg, inode=44e7f114-d086-4e77-9f6c-660ca2f70acb, __IS_NEW_CONTENT__=true, disabledWYSIWYG=[], host=48190c8c-42c4-46af-8d1a-0cd5db894797, stInode=33888b6f-7a8e-4069-b1b6-5c1aa9d0a48d, owner=system, identifier=ffc05c66aef03999a0bdd3a305f5641e, nullProperties=[wfExpireDate, wfPublishDate, wfActionAssign, wfActionId, wfActionComments, filterKey, whereToSend, wfNeverExpire, _path_to_move, timezoneId, iWantTo, wfPublishTime, wfExpireTime], _is_test_mode=true, languageId=1, fileAsset=/home/runner/work/core/custom/assets/4/4/44e7f114-d086-4e77-9f6c-660ca2f70acb/fileAsset/test_image11689379387973.svg, folder=2cecae2582e07ba6c524a28ac8a86370, __disable_workflow__=true, sortOrder=0, modUser=system},lowIndexPriority=false,variantId=DEFAULT]}]" classname="com.dotcms.storage.FileMetadataAPITest" time="0.035"/>
  <testcase name="Test_Generate_Metadata_From_FileAssets[4: TestCase{langId=1, storageType=FILE_SYSTEM, testFile=test.pdf, fileAssetContent=com.dotmarketing.portlets.contentlet.model.Contentlet@1628f090[map={modDate=2023-07-15 00:03:09.009, fileName=test_image11689379389007.pdf, title=test_image11689379389007.pdf, inode=310b1b49-c105-4130-bc7d-7048a141d1e7, __IS_NEW_CONTENT__=true, disabledWYSIWYG=[], host=48190c8c-42c4-46af-8d1a-0cd5db894797, stInode=33888b6f-7a8e-4069-b1b6-5c1aa9d0a48d, owner=system, identifier=dba9306b3bcdbc6e3fa615ade8ef8398, nullProperties=[wfExpireDate, wfPublishDate, wfActionAssign, wfActionId, wfActionComments, filterKey, whereToSend, wfNeverExpire, _path_to_move, timezoneId, iWantTo, wfPublishTime, wfExpireTime], _is_test_mode=true, languageId=1, fileAsset=/home/runner/work/core/custom/assets/3/1/310b1b49-c105-4130-bc7d-7048a141d1e7/fileAsset/test_image11689379389007.pdf, folder=7cf919a20cd3eade934d6804128d4437, __disable_workflow__=true, sortOrder=0, modUser=system},lowIndexPriority=false,variantId=DEFAULT]}]" classname="com.dotcms.storage.FileMetadataAPITest" time="0.061"/>
  <testcase name="Test_Generate_Metadata_From_FileAssets[5: TestCase{langId=1, storageType=DB, testFile=test_image1.jpg, fileAssetContent=com.dotmarketing.portlets.contentlet.model.Contentlet@3758213[map={modDate=2023-07-15 00:03:10.035, fileName=test_image11689379390033.jpg, title=test_image11689379390033.jpg, inode=f12be6f2-6e9c-490b-b81f-454ae056923d, __IS_NEW_CONTENT__=true, disabledWYSIWYG=[], host=48190c8c-42c4-46af-8d1a-0cd5db894797, stInode=33888b6f-7a8e-4069-b1b6-5c1aa9d0a48d, owner=system, identifier=736932959d717536d13d0d941aff4505, nullProperties=[wfExpireDate, wfPublishDate, wfActionAssign, wfActionId, wfActionComments, filterKey, whereToSend, wfNeverExpire, _path_to_move, timezoneId, iWantTo, wfPublishTime, wfExpireTime], _is_test_mode=true, languageId=1, fileAsset=/home/runner/work/core/custom/assets/f/1/f12be6f2-6e9c-490b-b81f-454ae056923d/fileAsset/test_image11689379390033.jpg, folder=3ed1fb5f06e965288223fc76f9c799af, __disable_workflow__=true, sortOrder=0, modUser=system},lowIndexPriority=false,variantId=DEFAULT]}]" classname="com.dotcms.storage.FileMetadataAPITest" time="0.015"/>
  <testcase name="Test_Generate_Metadata_From_FileAssets[6: TestCase{langId=1, storageType=DB, testFile=test.gif, fileAssetContent=com.dotmarketing.portlets.contentlet.model.Contentlet@9e86116[map={modDate=2023-07-15 00:03:11.065, fileName=test_image11689379391062.gif, title=test_image11689379391062.gif, inode=1e9dd7ee-5446-45ab-a36d-1befad43750a, __IS_NEW_CONTENT__=true, disabledWYSIWYG=[], host=48190c8c-42c4-46af-8d1a-0cd5db894797, stInode=33888b6f-7a8e-4069-b1b6-5c1aa9d0a48d, owner=system, identifier=69b933fd2f27d7ed65b8a2faa41f7e27, nullProperties=[wfExpireDate, wfPublishDate, wfActionAssign, wfActionId, wfActionComments, filterKey, whereToSend, wfNeverExpire, _path_to_move, timezoneId, iWantTo, wfPublishTime, wfExpireTime], _is_test_mode=true, languageId=1, fileAsset=/home/runner/work/core/custom/assets/1/e/1e9dd7ee-5446-45ab-a36d-1befad43750a/fileAsset/test_image11689379391062.gif, folder=4179c2c28a6318cbc6042cdd0f9e6d1c, __disable_workflow__=true, sortOrder=0, modUser=system},lowIndexPriority=false,variantId=DEFAULT]}]" classname="com.dotcms.storage.FileMetadataAPITest" time="0.009"/>
  <testcase name="Test_Generate_Metadata_From_FileAssets[7: TestCase{langId=1, storageType=DB, testFile=test_image2.png, fileAssetContent=com.dotmarketing.portlets.contentlet.model.Contentlet@51fbe7eb[map={modDate=2023-07-15 00:03:12.093, fileName=test_image11689379392090.png, title=test_image11689379392090.png, inode=28d30e69-e0cd-4b30-b433-0ab12722f357, __IS_NEW_CONTENT__=true, disabledWYSIWYG=[], host=48190c8c-42c4-46af-8d1a-0cd5db894797, stInode=33888b6f-7a8e-4069-b1b6-5c1aa9d0a48d, owner=system, identifier=c115a5c2a952443a1c9edf6b7c543967, nullProperties=[wfExpireDate, wfPublishDate, wfActionAssign, wfActionId, wfActionComments, filterKey, whereToSend, wfNeverExpire, _path_to_move, timezoneId, iWantTo, wfPublishTime, wfExpireTime], _is_test_mode=true, languageId=1, fileAsset=/home/runner/work/core/custom/assets/2/8/28d30e69-e0cd-4b30-b433-0ab12722f357/fileAsset/test_image11689379392090.png, folder=9729a78d18eebbb518c63420ee1a5ea4, __disable_workflow__=true, sortOrder=0, modUser=system},lowIndexPriority=false,variantId=DEFAULT]}]" classname="com.dotcms.storage.FileMetadataAPITest" time="0.009"/>
  <testcase name="Test_Generate_Metadata_From_FileAssets[8: TestCase{langId=1, storageType=DB, testFile=test_image.svg, fileAssetContent=com.dotmarketing.portlets.contentlet.model.Contentlet@fa5abf3[map={modDate=2023-07-15 00:03:13.121, fileName=test_image11689379393118.svg, title=test_image11689379393118.svg, inode=637d8585-7d34-4c14-95c5-f0210a394295, __IS_NEW_CONTENT__=true, disabledWYSIWYG=[], host=48190c8c-42c4-46af-8d1a-0cd5db894797, stInode=33888b6f-7a8e-4069-b1b6-5c1aa9d0a48d, owner=system, identifier=0d6fe77efd94226a2af384cf06dcdb79, nullProperties=[wfExpireDate, wfPublishDate, wfActionAssign, wfActionId, wfActionComments, filterKey, whereToSend, wfNeverExpire, _path_to_move, timezoneId, iWantTo, wfPublishTime, wfExpireTime], _is_test_mode=true, languageId=1, fileAsset=/home/runner/work/core/custom/assets/6/3/637d8585-7d34-4c14-95c5-f0210a394295/fileAsset/test_image11689379393118.svg, folder=17bcc4b3ae6b91eca59f31eb3e407242, __disable_workflow__=true, sortOrder=0, modUser=system},lowIndexPriority=false,variantId=DEFAULT]}]" classname="com.dotcms.storage.FileMetadataAPITest" time="0.009"/>
  <testcase name="Test_Generate_Metadata_From_FileAssets[9: TestCase{langId=1, storageType=DB, testFile=test.pdf, fileAssetContent=com.dotmarketing.portlets.contentlet.model.Contentlet@6a20e5e8[map={modDate=2023-07-15 00:03:14.14, fileName=test_image11689379394138.pdf, title=test_image11689379394138.pdf, inode=e5785dd6-94b4-43d4-87fa-303bde5d93a5, __IS_NEW_CONTENT__=true, disabledWYSIWYG=[], host=48190c8c-42c4-46af-8d1a-0cd5db894797, stInode=33888b6f-7a8e-4069-b1b6-5c1aa9d0a48d, owner=system, identifier=c10ffcc833b22ee5987202a4c9758e42, nullProperties=[wfExpireDate, wfPublishDate, wfActionAssign, wfActionId, wfActionComments, filterKey, whereToSend, wfNeverExpire, _path_to_move, timezoneId, iWantTo, wfPublishTime, wfExpireTime], _is_test_mode=true, languageId=1, fileAsset=/home/runner/work/core/custom/assets/e/5/e5785dd6-94b4-43d4-87fa-303bde5d93a5/fileAsset/test_image11689379394138.pdf, folder=9cc44f4abc0004e131ebb58ce54c0944, __disable_workflow__=true, sortOrder=0, modUser=system},lowIndexPriority=false,variantId=DEFAULT]}]" classname="com.dotcms.storage.FileMetadataAPITest" time="0.012"/>
  <testcase name="TestMetadataModel" classname="com.dotcms.storage.FileMetadataAPITest" time="0.003"/>
  <testcase name="Test_Get_Metadata_Property" classname="com.dotcms.storage.FileMetadataAPITest" time="0.694"/>
  <testcase name="Test_GetMetadata_ForceGenerate[0: FILE_SYSTEM]" classname="com.dotcms.storage.FileMetadataAPITest" time="1.085"/>
  <testcase name="Test_GetMetadata_ForceGenerate[1: DB]" classname="com.dotcms.storage.FileMetadataAPITest" time="1.038"/>
  <testcase name="Test_Get_Metadata_No_Cache_Force_Generate[0: FILE_SYSTEM]" classname="com.dotcms.storage.FileMetadataAPITest" time="1.023"/>
  <testcase name="Test_Get_Metadata_No_Cache_Force_Generate[1: DB]" classname="com.dotcms.storage.FileMetadataAPITest" time="1.057"/>
  <testcase name="Test_Metadata_Gets_Updated_When_Lower_Version_Found[0: FILE_SYSTEM]" classname="com.dotcms.storage.FileMetadataAPITest" time="1.023"/>
  <testcase name="Test_Metadata_Gets_Updated_When_Lower_Version_Found[1: DB]" classname="com.dotcms.storage.FileMetadataAPITest" time="1.054"/>
  <testcase name="Test_Add_Custom_Attributes_FileAssets[0: FILE_SYSTEM]" classname="com.dotcms.storage.FileMetadataAPITest" time="2.152"/>
  <testcase name="Test_Add_Custom_Attributes_FileAssets[1: DB]" classname="com.dotcms.storage.FileMetadataAPITest" time="1.989"/>
  <testcase name="Test_Generate_Metadata_Should_Not_Override_Custom_Attributes[0: FILE_SYSTEM]" classname="com.dotcms.storage.FileMetadataAPITest" time="1.953"/>
  <testcase name="Test_Generate_Metadata_Should_Not_Override_Custom_Attributes[1: DB]" classname="com.dotcms.storage.FileMetadataAPITest" time="1.932"/>
  <testcase name="Test_Write_Custom_Metadata_Then_Generate_Metadata_Expect_All_Metadata[0: FILE_SYSTEM]" classname="com.dotcms.storage.FileMetadataAPITest" time="0.998"/>
  <testcase name="Test_Write_Custom_Metadata_Then_Generate_Metadata_Expect_All_Metadata[1: DB]" classname="com.dotcms.storage.FileMetadataAPITest" time="1.083"/>
  <testcase name="Test_Generate_Metadata_From_ContentType_With_Multiple_Binary_Fields[0: FILE_SYSTEM]" classname="com.dotcms.storage.FileMetadataAPITest" time="1.466"/>
  <testcase name="Test_Generate_Metadata_From_ContentType_With_Multiple_Binary_Fields[1: DB]" classname="com.dotcms.storage.FileMetadataAPITest" time="2.885"/>
  <testcase name="Test_Get_Metadata_No_Cache[0: FILE_SYSTEM]" classname="com.dotcms.storage.FileMetadataAPITest" time="0.683"/>
  <testcase name="Test_Get_Metadata_No_Cache[1: DB]" classname="com.dotcms.storage.FileMetadataAPITest" time="1.04"/>
  <testcase name="Test_Copy_Metadata[0: FILE_SYSTEM]" classname="com.dotcms.storage.FileMetadataAPITest" time="2.677"/>
  <testcase name="Test_Copy_Metadata[1: DB]" classname="com.dotcms.storage.FileMetadataAPITest" time="2.916"/>
  <system-out><![CDATA[]]></system-out>
  <system-err><![CDATA[]]></system-err>
</testsuite>
