<?xml version="1.0" encoding="UTF-8"?>
<testsuite name="com.dotmarketing.tag.business.TagAPITest" tests="27" skipped="0" failures="0" errors="0" timestamp="2023-07-21T16:20:11" hostname="fv-az453-320" time="35.593">
  <properties/>
  <testcase name="removeTagRelationAndTagWhenPossible" classname="com.dotmarketing.tag.business.TagAPITest" time="4.264"/>
  <testcase name="updateTag" classname="com.dotmarketing.tag.business.TagAPITest" time="0.008"/>
  <testcase name="editTag" classname="com.dotmarketing.tag.business.TagAPITest" time="0.004"/>
  <testcase name="validateTagCache" classname="com.dotmarketing.tag.business.TagAPITest" time="4.177"/>
  <testcase name="addTagInode" classname="com.dotmarketing.tag.business.TagAPITest" time="3.75"/>
  <testcase name="getTagsByInode" classname="com.dotmarketing.tag.business.TagAPITest" time="3.477"/>
  <testcase name="addTag" classname="com.dotmarketing.tag.business.TagAPITest" time="0.006"/>
  <testcase name="updateTagReferences" classname="com.dotmarketing.tag.business.TagAPITest" time="2.612"/>
  <testcase name="getTagInodesByInode" classname="com.dotmarketing.tag.business.TagAPITest" time="3.582"/>
  <testcase name="getTagInodesByTagId" classname="com.dotmarketing.tag.business.TagAPITest" time="3.678"/>
  <testcase name="getTagsForUserByUserId" classname="com.dotmarketing.tag.business.TagAPITest" time="0.017"/>
  <testcase name="getTagsInText" classname="com.dotmarketing.tag.business.TagAPITest" time="0.014"/>
  <testcase name="validatePersonaTags" classname="com.dotmarketing.tag.business.TagAPITest" time="1.821"/>
  <testcase name="deleteTag" classname="com.dotmarketing.tag.business.TagAPITest" time="0.014"/>
  <testcase name="getTagAndCreate" classname="com.dotmarketing.tag.business.TagAPITest" time="0.004"/>
  <testcase name="getFilteredTags" classname="com.dotmarketing.tag.business.TagAPITest" time="0.003"/>
  <testcase name="getAllTags" classname="com.dotmarketing.tag.business.TagAPITest" time="0.016"/>
  <testcase name="getTagByTagId" classname="com.dotmarketing.tag.business.TagAPITest" time="0.002"/>
  <testcase name="getTagsForUserByUserInode" classname="com.dotmarketing.tag.business.TagAPITest" time="0.006"/>
  <testcase name="testGetTagsByHostId_returnAllTagsOfAHost" classname="com.dotmarketing.tag.business.TagAPITest" time="0.002"/>
  <testcase name="getTagByNameAndHost" classname="com.dotmarketing.tag.business.TagAPITest" time="0.003"/>
  <testcase name="getTagByName" classname="com.dotmarketing.tag.business.TagAPITest" time="0.019"/>
  <testcase name="getTagInode" classname="com.dotmarketing.tag.business.TagAPITest" time="4.065"/>
  <testcase name="deleteTagInode" classname="com.dotmarketing.tag.business.TagAPITest" time="4.015"/>
  <testcase name="getSuggestedTag" classname="com.dotmarketing.tag.business.TagAPITest" time="0.007"/>
  <testcase name="saveTag" classname="com.dotmarketing.tag.business.TagAPITest" time="0.006"/>
  <testcase name="getTagsInText_givenTagWithPersonaSuffix_shouldNotCreateDup" classname="com.dotmarketing.tag.business.TagAPITest" time="0.016"/>
  <system-out><![CDATA[]]></system-out>
  <system-err><![CDATA[]]></system-err>
</testsuite>
