<?xml version="1.0" encoding="UTF-8"?>
<testsuite name="com.dotmarketing.servlets.ajax.AjaxDirectorServletIntegrationTest" tests="2" skipped="0" failures="0" errors="0" timestamp="2023-06-30T21:04:43" hostname="fv-az248-258" time="1.004">
  <properties/>
  <testcase name="testService[0: com.dotmarketing.servlets.ajax.AjaxDirectorServletTestCase@4c12c286]" classname="com.dotmarketing.servlets.ajax.AjaxDirectorServletIntegrationTest" time="0.644"/>
  <testcase name="testService[1: com.dotmarketing.servlets.ajax.AjaxDirectorServletTestCase@6cd53991]" classname="com.dotmarketing.servlets.ajax.AjaxDirectorServletIntegrationTest" time="0.36"/>
  <system-out><![CDATA[]]></system-out>
  <system-err><![CDATA[]]></system-err>
</testsuite>
