<?xml version="1.0" encoding="UTF-8"?>
<testsuite name="com.dotcms.rest.TagResourceIntegrationTest" tests="4" skipped="0" failures="0" errors="0" timestamp="2023-07-07T19:00:52" hostname="fv-az507-246" time="0.266">
  <properties/>
  <testcase name="testList[0: com.dotcms.rest.TagResourceTestCase@38c2c6b4]" classname="com.dotcms.rest.TagResourceIntegrationTest" time="0.211"/>
  <testcase name="testList[1: com.dotcms.rest.TagResourceTestCase@1f02fdb5]" classname="com.dotcms.rest.TagResourceIntegrationTest" time="0.021"/>
  <testcase name="testList[2: com.dotcms.rest.TagResourceTestCase@605dfd1]" classname="com.dotcms.rest.TagResourceIntegrationTest" time="0.016"/>
  <testcase name="testList[3: com.dotcms.rest.TagResourceTestCase@1736682f]" classname="com.dotcms.rest.TagResourceIntegrationTest" time="0.017"/>
  <system-out><![CDATA[]]></system-out>
  <system-err><![CDATA[Jul 07, 2023 7:00:52 PM com.dotcms.repackage.org.hibernate.validator.internal.util.Version <clinit>
INFO: HV000001: Hibernate Validator 4.3.2.Final
]]></system-err>
</testsuite>
