<?xml version="1.0" encoding="UTF-8"?>
<testsuite name="com.dotmarketing.business.DeterministicIdentifierAPITest" tests="16" skipped="0" failures="0" errors="0" timestamp="2023-06-29T06:35:06" hostname="fv-az343-696" time="1.161">
  <properties/>
  <testcase name="Test_Category_Path_Seed_And_Id" classname="com.dotmarketing.business.DeterministicIdentifierAPITest" time="0.026"/>
  <testcase name="Test_Language_Deterministic_Id[0: LanguageTestCase{expectedSeed='Language:es:US', expectedHash=4913155, langCode='es', countryCode='US', country='United States'}]" classname="com.dotmarketing.business.DeterministicIdentifierAPITest" time="0.001"/>
  <testcase name="Test_Language_Deterministic_Id[1: LanguageTestCase{expectedSeed='Language:ep:', expectedHash=5292269, langCode='ep', countryCode='', country=''}]" classname="com.dotmarketing.business.DeterministicIdentifierAPITest" time="0.001"/>
  <testcase name="Test_Language_Deterministic_Id[2: LanguageTestCase{expectedSeed='Language:sg:SAG', expectedHash=4713118, langCode='sg', countryCode='SAG', country=''}]" classname="com.dotmarketing.business.DeterministicIdentifierAPITest" time="0.001"/>
  <testcase name="Test_Language_Deterministic_Id[3: LanguageTestCase{expectedSeed='Language:en:NZ', expectedHash=5382528, langCode='en', countryCode='NZ', country='New Zealand'}]" classname="com.dotmarketing.business.DeterministicIdentifierAPITest" time="0.001"/>
  <testcase name="Test_Category_None_Persisted_Category_Should_Return_Deterministic_Id" classname="com.dotmarketing.business.DeterministicIdentifierAPITest" time="0.001"/>
  <testcase name="Test_Asset_Generate_Deterministic_Id_Best_Effort[0: TestCase{versionable=my.host1688020076998.com, parent=System Host, expectedName='my.host1688020076998.com', expectedType='Host'}]" classname="com.dotmarketing.business.DeterministicIdentifierAPITest" time="0.004"/>
  <testcase name="Test_Asset_Generate_Deterministic_Id_Best_Effort[1: TestCase{versionable=com.dotmarketing.portlets.contentlet.model.Contentlet@6d7b455[map={modDate=2023-06-29 06:27:57.454, fileName=file6152707525879552978.txt, title=file6152707525879552978.txt, inode=cae9d062-d69d-4354-ab90-47166af2fad1, __IS_NEW_CONTENT__=true, disabledWYSIWYG=[], host=da8dbe77-c4e5-428f-943f-9344f3170457, stInode=33888b6f-7a8e-4069-b1b6-5c1aa9d0a48d, owner=system, identifier=a6fac925-7aa9-44dd-94f4-f9ea5d7368e9, nullProperties=[wfExpireDate, wfPublishDate, wfActionAssign, wfActionId, wfActionComments, filterKey, whereToSend, wfNeverExpire, _path_to_move, timezoneId, iWantTo, wfPublishTime, wfExpireTime], languageId=1, fileAsset=/home/runner/work/core/custom/assets/c/a/cae9d062-d69d-4354-ab90-47166af2fad1/fileAsset/file6152707525879552978.txt, folder=78a393af-c271-491d-a4a6-3756ed9a00e1, __disable_workflow__=true, sortOrder=0, modUser=system},lowIndexPriority=false,variantId=DEFAULT], parent=com.dotmarketing.portlets.folders.model.Folder@1daabc29[identifier=78a393af-c271-491d-a4a6-3756ed9a00e1,name=testName1688020077446,sortOrder=0,showOnMenu=false,hostId=da8dbe77-c4e5-428f-943f-9344f3170457,type=folder,title=testTitle1688020077446,filesMasks=,defaultFileType=33888b6f-7a8e-4069-b1b6-5c1aa9d0a48d,modDate=2023-06-29 06:27:57.449,owner=&lt;null&gt;,iDate=2023-06-29 06:27:57.449,inode=78a393af-c271-491d-a4a6-3756ed9a00e1,path=/testName1688020077446/], expectedName='file6152707525879552978.txt', expectedType='FileAsset'}]" classname="com.dotmarketing.business.DeterministicIdentifierAPITest" time="0.006"/>
  <testcase name="Test_Asset_Generate_Deterministic_Id_Best_Effort[2: TestCase{versionable=com.dotmarketing.portlets.templates.model.Template@aaee8f2, parent=my.host1688020076998.com, expectedName='testTitle1688020077601', expectedType='Template'}]" classname="com.dotmarketing.business.DeterministicIdentifierAPITest" time="0.002"/>
  <testcase name="Test_Asset_Generate_Deterministic_Id_Best_Effort[3: TestCase{versionable=com.dotmarketing.portlets.htmlpageasset.model.HTMLPageAsset@1b0a06fe[map={template=0c2aa313-4c4d-4fcf-b18c-9b0e1683eb7a, owner=system, identifier=8c70a7e3-4f53-415a-965f-8589454f4c2a, nullProperties=[wfExpireDate, wfPublishDate, wfActionAssign, wfActionId, wfActionComments, filterKey, whereToSend, wfNeverExpire, _path_to_move, timezoneId, iWantTo, wfPublishTime, wfExpireTime], modDate=2023-06-29 06:27:57.619, cachettl=0, _is_test_mode=true, languageId=1, title=test-page-title-1688020077613, httpsreq=, url=test-page-url-1688020077613, showOnMenu=, inode=8a4b4fe3-322a-4988-9e7f-9887ad1f60c6, folder=78a393af-c271-491d-a4a6-3756ed9a00e1, disabledWYSIWYG=[], sortOrder=1, modUser=system, host=da8dbe77-c4e5-428f-943f-9344f3170457, stInode=c541abb1-69b3-4bc5-8430-5e09e5239cc8, friendlyName=test-page-friendly-name-1688020077613},lowIndexPriority=false,variantId=DEFAULT], parent=com.dotmarketing.portlets.folders.model.Folder@1daabc29[identifier=78a393af-c271-491d-a4a6-3756ed9a00e1,name=testName1688020077446,sortOrder=0,showOnMenu=false,hostId=da8dbe77-c4e5-428f-943f-9344f3170457,type=folder,title=testTitle1688020077446,filesMasks=,defaultFileType=33888b6f-7a8e-4069-b1b6-5c1aa9d0a48d,modDate=2023-06-29 06:27:57.449,owner=&lt;null&gt;,iDate=2023-06-29 06:27:57.449,inode=78a393af-c271-491d-a4a6-3756ed9a00e1,path=/testName1688020077446/], expectedName='test-page-url-1688020077613', expectedType='htmlpageasset'}]" classname="com.dotmarketing.business.DeterministicIdentifierAPITest" time="0.003"/>
  <testcase name="Test_Asset_Generate_Deterministic_Id_Best_Effort[4: TestCase{versionable=com.dotmarketing.portlets.contentlet.model.Contentlet@32c4d554[map={fileAsset2=/home/runner/work/core/custom/assets/9/8/98da9319-892d-4adb-812f-3b0d82e0f091/fileAsset2/test_binary1688020079474.png, modDate=2023-06-29 06:27:59.479, fileAsset1=/home/runner/work/core/custom/assets/9/8/98da9319-892d-4adb-812f-3b0d82e0f091/fileAsset1/test_binary1688020079473.jpg, title=blah, inode=98da9319-892d-4adb-812f-3b0d82e0f091, __IS_NEW_CONTENT__=true, disabledWYSIWYG=[], host=48190c8c-42c4-46af-8d1a-0cd5db894797, stInode=e58dbc5c-0f6d-42ac-861d-34440d66b9f4, owner=system, identifier=1905dd6f-8e26-45f2-b14f-abd262ba3e19, nullProperties=[], languageId=1, image1=9095d6b5-db1f-45ad-9ee6-e414f9bda561, folder=SYSTEM_FOLDER, __disable_workflow__=true, sortOrder=0, modUser=system},lowIndexPriority=false,variantId=DEFAULT], parent=demo.dotcms.com, expectedName='test_binary1688020079473.jpg:test_binary1688020079474.png', expectedType='MultipleBinaries1688020077804'}]" classname="com.dotmarketing.business.DeterministicIdentifierAPITest" time="0.003"/>
  <testcase name="Test_Asset_Generate_Deterministic_Id_Best_Effort[5: TestCase{versionable=name1615b683d9 : keyTag1615b683d9, parent=my.host1688020076998.com, expectedName='keyTag1615b683d9', expectedType='persona'}]" classname="com.dotmarketing.business.DeterministicIdentifierAPITest" time="0.002"/>
  <testcase name="Test_Similar_Content_Type_Wont_Clash" classname="com.dotmarketing.business.DeterministicIdentifierAPITest" time="0.521"/>
  <testcase name="Test_Generate_Folder_Identifier" classname="com.dotmarketing.business.DeterministicIdentifierAPITest" time="0.573"/>
  <testcase name="Test_Generate_Content_Type_Identifier[0: ContentTypeTestCase{contentType=KeyValueContentType{name=Language Variable, id=f4d7c1b8-2c88-4071-abf1-a5328977b07d, description=Default Content Type for Language Variables, defaultType=false, fixed=true, iDate=Thu Aug 31 16:38:49 UTC 2017, system=true, versionable=true, variable=Languagevariable, modDate=Thu Jun 29 05:16:14 UTC 2023, host=SYSTEM_HOST, siteName=systemHost, icon=language, sortOrder=0, folder=SYSTEM_FOLDER, folderPath=/, markedForDeletion=true, multilingualable=false}, expectedName='Languagevariable', expectedType='KeyValue'}]" classname="com.dotmarketing.business.DeterministicIdentifierAPITest" time="0.007"/>
  <testcase name="Test_Generate_Content_Type_Identifier[1: ContentTypeTestCase{contentType=SimpleContentType{name=testName1688020079947, id=c53296d7-824b-4537-8cfd-0041cb04f3f3, description=testDescription1688020079947, defaultType=false, fixed=false, iDate=Thu Jun 29 06:27:59 UTC 2023, system=false, versionable=true, multilingualable=false, variable=testVarname1688020079947, owner=system, modDate=Thu Jun 29 06:28:01 UTC 2023, host=48190c8c-42c4-46af-8d1a-0cd5db894797, siteName=demo.dotcms.com, icon=event_note, sortOrder=0, folder=SYSTEM_FOLDER, folderPath=/, requiredFields=[], markedForDeletion=false}, expectedName='testVarname1688020079947', expectedType='CONTENT'}]" classname="com.dotmarketing.business.DeterministicIdentifierAPITest" time="0.005"/>
  <system-out><![CDATA[]]></system-out>
  <system-err><![CDATA[]]></system-err>
</testsuite>
