<?xml version="1.0" encoding="UTF-8"?>
<testsuite name="com.dotcms.rest.api.v1.vtl.VTLResourceIntegrationTest" tests="6" skipped="0" failures="0" errors="0" timestamp="2023-07-03T21:52:10" hostname="fv-az344-336" time="10.383">
  <properties/>
  <testcase name="testGet[0: com.dotcms.rest.api.v1.vtl.VTLResourceTestCase@5bd73c14]" classname="com.dotcms.rest.api.v1.vtl.VTLResourceIntegrationTest" time="2.507"/>
  <testcase name="testGet[1: com.dotcms.rest.api.v1.vtl.VTLResourceTestCase@2e53b27d]" classname="com.dotcms.rest.api.v1.vtl.VTLResourceIntegrationTest" time="1.915"/>
  <testcase name="testGet[2: com.dotcms.rest.api.v1.vtl.VTLResourceTestCase@719b8c5d]" classname="com.dotcms.rest.api.v1.vtl.VTLResourceIntegrationTest" time="2.093"/>
  <testcase name="testGet[3: com.dotcms.rest.api.v1.vtl.VTLResourceTestCase@151aaf11]" classname="com.dotcms.rest.api.v1.vtl.VTLResourceIntegrationTest" time="0.95"/>
  <testcase name="testGet[4: com.dotcms.rest.api.v1.vtl.VTLResourceTestCase@774f163a]" classname="com.dotcms.rest.api.v1.vtl.VTLResourceIntegrationTest" time="1.009"/>
  <testcase name="testGet[5: com.dotcms.rest.api.v1.vtl.VTLResourceTestCase@44bc92f4]" classname="com.dotcms.rest.api.v1.vtl.VTLResourceIntegrationTest" time="1.909"/>
  <system-out><![CDATA[]]></system-out>
  <system-err><![CDATA[]]></system-err>
</testsuite>
