<?xml version="1.0" encoding="UTF-8"?>
<testsuite name="com.dotmarketing.portlets.structure.model.ContentletRelationshipsTest" tests="7" skipped="0" failures="0" errors="0" timestamp="2023-06-23T18:53:09" hostname="fv-az561-920" time="7.651">
  <properties/>
  <testcase name="testDoesAllowOnlyOne[0: com.dotmarketing.portlets.structure.model.ContentletRelationshipsTest$CardinalityTestCase@6fa4a84b]" classname="com.dotmarketing.portlets.structure.model.ContentletRelationshipsTest" time="0.462"/>
  <testcase name="testDoesAllowOnlyOne[1: com.dotmarketing.portlets.structure.model.ContentletRelationshipsTest$CardinalityTestCase@54a932bf]" classname="com.dotmarketing.portlets.structure.model.ContentletRelationshipsTest" time="0.433"/>
  <testcase name="testDoesAllowOnlyOne[2: com.dotmarketing.portlets.structure.model.ContentletRelationshipsTest$CardinalityTestCase@11303a04]" classname="com.dotmarketing.portlets.structure.model.ContentletRelationshipsTest" time="0.402"/>
  <testcase name="testGetRelationshipRecords[0: com.dotmarketing.portlets.structure.model.ContentletRelationshipsTest$TestCase@170fa38b]" classname="com.dotmarketing.portlets.structure.model.ContentletRelationshipsTest" time="0.954"/>
  <testcase name="testGetRelationshipRecords[1: com.dotmarketing.portlets.structure.model.ContentletRelationshipsTest$TestCase@5d23b7d1]" classname="com.dotmarketing.portlets.structure.model.ContentletRelationshipsTest" time="1.882"/>
  <testcase name="testGetRelationshipRecords[2: com.dotmarketing.portlets.structure.model.ContentletRelationshipsTest$TestCase@40825a00]" classname="com.dotmarketing.portlets.structure.model.ContentletRelationshipsTest" time="1.776"/>
  <testcase name="testGetRelationshipRecords[3: com.dotmarketing.portlets.structure.model.ContentletRelationshipsTest$TestCase@50f2a80e]" classname="com.dotmarketing.portlets.structure.model.ContentletRelationshipsTest" time="1.74"/>
  <system-out><![CDATA[]]></system-out>
  <system-err><![CDATA[]]></system-err>
</testsuite>
