<?xml version="1.0" encoding="UTF-8"?>
<testsuite name="com.dotcms.rest.elasticsearch.ESContentResourcePortletTest" tests="8" skipped="0" failures="0" errors="0" timestamp="2023-07-21T18:40:20" hostname="fv-az449-560" time="9.505">
  <properties/>
  <testcase name="test_search_includeGrandChildCategory_success" classname="com.dotcms.rest.elasticsearch.ESContentResourcePortletTest" time="1.594"/>
  <testcase name="testSearch[0: com.dotcms.rest.elasticsearch.ESContentResourcePortletTest$TestCase@4aebbf98]" classname="com.dotcms.rest.elasticsearch.ESContentResourcePortletTest" time="0.971"/>
  <testcase name="testSearch[1: com.dotcms.rest.elasticsearch.ESContentResourcePortletTest$TestCase@8cdab4a]" classname="com.dotcms.rest.elasticsearch.ESContentResourcePortletTest" time="1.285"/>
  <testcase name="testSearch[2: com.dotcms.rest.elasticsearch.ESContentResourcePortletTest$TestCase@b9ade88]" classname="com.dotcms.rest.elasticsearch.ESContentResourcePortletTest" time="0.943"/>
  <testcase name="testSearch[3: com.dotcms.rest.elasticsearch.ESContentResourcePortletTest$TestCase@12decb0d]" classname="com.dotcms.rest.elasticsearch.ESContentResourcePortletTest" time="1.291"/>
  <testcase name="testSearch[4: com.dotcms.rest.elasticsearch.ESContentResourcePortletTest$TestCase@55eb1b1]" classname="com.dotcms.rest.elasticsearch.ESContentResourcePortletTest" time="1.312"/>
  <testcase name="testSearch[5: com.dotcms.rest.elasticsearch.ESContentResourcePortletTest$TestCase@60acddab]" classname="com.dotcms.rest.elasticsearch.ESContentResourcePortletTest" time="1.067"/>
  <testcase name="testSearch[6: com.dotcms.rest.elasticsearch.ESContentResourcePortletTest$TestCase@3d1f21a8]" classname="com.dotcms.rest.elasticsearch.ESContentResourcePortletTest" time="1.041"/>
  <system-out><![CDATA[]]></system-out>
  <system-err><![CDATA[]]></system-err>
</testsuite>
