<?xml version="1.0" encoding="UTF-8"?>
<testsuite name="com.dotcms.uuid.shorty.ShortyIdApiTest" tests="11" skipped="0" failures="0" errors="0" timestamp="2023-06-27T16:51:22" hostname="fv-az206-664" time="29.795">
  <properties/>
  <testcase name="test404Cache" classname="com.dotcms.uuid.shorty.ShortyIdApiTest" time="1.213"/>
  <testcase name="test404CacheWhenDBDown" classname="com.dotcms.uuid.shorty.ShortyIdApiTest" time="10.752"/>
  <testcase name="testShortyLookup" classname="com.dotcms.uuid.shorty.ShortyIdApiTest" time="2.108"/>
  <testcase name="testUuidIfy" classname="com.dotcms.uuid.shorty.ShortyIdApiTest" time="2.031"/>
  <testcase name="testLongerShorties" classname="com.dotcms.uuid.shorty.ShortyIdApiTest" time="1.89"/>
  <testcase name="testShortify" classname="com.dotcms.uuid.shorty.ShortyIdApiTest" time="1.943"/>
  <testcase name="testContentlet404CacheInvalidation" classname="com.dotcms.uuid.shorty.ShortyIdApiTest" time="1.99"/>
  <testcase name="testTempShorties" classname="com.dotcms.uuid.shorty.ShortyIdApiTest" time="1.957"/>
  <testcase name="testShortyCache" classname="com.dotcms.uuid.shorty.ShortyIdApiTest" time="2.052"/>
  <testcase name="testValidShorty" classname="com.dotcms.uuid.shorty.ShortyIdApiTest" time="1.942"/>
  <testcase name="testIdentifier404CacheInvalidation" classname="com.dotcms.uuid.shorty.ShortyIdApiTest" time="1.916"/>
  <system-out><![CDATA[











































































































































































































































































































]]></system-out>
  <system-err><![CDATA[]]></system-err>
</testsuite>
