<?xml version="1.0" encoding="UTF-8"?>
<testsuite name="com.dotmarketing.startup.runonce.Task230523CreateVariantFieldInContentletIntegrationTest" tests="1" skipped="0" failures="0" errors="0" timestamp="2023-07-24T16:28:38" hostname="fv-az571-935" time="0.367">
  <properties/>
  <testcase name="executeTaskUpgrade" classname="com.dotmarketing.startup.runonce.Task230523CreateVariantFieldInContentletIntegrationTest" time="0.367"/>
  <system-out><![CDATA[]]></system-out>
  <system-err><![CDATA[]]></system-err>
</testsuite>
