<?xml version="1.0" encoding="UTF-8"?>
<testsuite name="com.dotcms.rest.elasticsearch.ESContentResourcePortletTest" tests="8" skipped="0" failures="0" errors="0" timestamp="2023-06-23T18:52:53" hostname="fv-az507-453" time="9.64">
  <properties/>
  <testcase name="test_search_includeGrandChildCategory_success" classname="com.dotcms.rest.elasticsearch.ESContentResourcePortletTest" time="1.581"/>
  <testcase name="testSearch[0: com.dotcms.rest.elasticsearch.ESContentResourcePortletTest$TestCase@2a3d46b0]" classname="com.dotcms.rest.elasticsearch.ESContentResourcePortletTest" time="1.037"/>
  <testcase name="testSearch[1: com.dotcms.rest.elasticsearch.ESContentResourcePortletTest$TestCase@7f319a37]" classname="com.dotcms.rest.elasticsearch.ESContentResourcePortletTest" time="1.311"/>
  <testcase name="testSearch[2: com.dotcms.rest.elasticsearch.ESContentResourcePortletTest$TestCase@2f514e52]" classname="com.dotcms.rest.elasticsearch.ESContentResourcePortletTest" time="1.044"/>
  <testcase name="testSearch[3: com.dotcms.rest.elasticsearch.ESContentResourcePortletTest$TestCase@3927f68d]" classname="com.dotcms.rest.elasticsearch.ESContentResourcePortletTest" time="1.319"/>
  <testcase name="testSearch[4: com.dotcms.rest.elasticsearch.ESContentResourcePortletTest$TestCase@796f2fdf]" classname="com.dotcms.rest.elasticsearch.ESContentResourcePortletTest" time="1.297"/>
  <testcase name="testSearch[5: com.dotcms.rest.elasticsearch.ESContentResourcePortletTest$TestCase@afcf2e7]" classname="com.dotcms.rest.elasticsearch.ESContentResourcePortletTest" time="1.036"/>
  <testcase name="testSearch[6: com.dotcms.rest.elasticsearch.ESContentResourcePortletTest$TestCase@2ffa1e34]" classname="com.dotcms.rest.elasticsearch.ESContentResourcePortletTest" time="1.015"/>
  <system-out><![CDATA[]]></system-out>
  <system-err><![CDATA[]]></system-err>
</testsuite>
