<?xml version="1.0" encoding="UTF-8"?>
<testsuite name="com.dotmarketing.portlets.workflows.actionlet.SaveContentActionletTest" tests="9" skipped="0" failures="0" errors="0" timestamp="2023-06-27T17:49:29" hostname="fv-az162-375" time="2.32">
  <properties/>
  <testcase name="test_Publish_With_Save_Contentlet[0: com.dotmarketing.portlets.workflows.actionlet.SaveContentActionletTest$TestCase@4e447931]" classname="com.dotmarketing.portlets.workflows.actionlet.SaveContentActionletTest" time="1.114"/>
  <testcase name="test_Publish_With_Save_Contentlet[1: com.dotmarketing.portlets.workflows.actionlet.SaveContentActionletTest$TestCase@632a9871]" classname="com.dotmarketing.portlets.workflows.actionlet.SaveContentActionletTest" time="1.133"/>
  <testcase name="test_Publish_With_Save_Contentlet[2: com.dotmarketing.portlets.workflows.actionlet.SaveContentActionletTest$TestCase@278b817e]" classname="com.dotmarketing.portlets.workflows.actionlet.SaveContentActionletTest" time="0.01"/>
  <testcase name="test_Publish_With_Save_Contentlet[3: com.dotmarketing.portlets.workflows.actionlet.SaveContentActionletTest$TestCase@79d01beb]" classname="com.dotmarketing.portlets.workflows.actionlet.SaveContentActionletTest" time="0.009"/>
  <testcase name="test_Publish_With_Save_Contentlet[4: com.dotmarketing.portlets.workflows.actionlet.SaveContentActionletTest$TestCase@14b07811]" classname="com.dotmarketing.portlets.workflows.actionlet.SaveContentActionletTest" time="0.01"/>
  <testcase name="test_Publish_With_Save_Contentlet[5: com.dotmarketing.portlets.workflows.actionlet.SaveContentActionletTest$TestCase@23ee83e6]" classname="com.dotmarketing.portlets.workflows.actionlet.SaveContentActionletTest" time="0.01"/>
  <testcase name="test_Publish_With_Save_Contentlet[6: com.dotmarketing.portlets.workflows.actionlet.SaveContentActionletTest$TestCase@58956694]" classname="com.dotmarketing.portlets.workflows.actionlet.SaveContentActionletTest" time="0.011"/>
  <testcase name="test_Publish_With_Save_Contentlet[7: com.dotmarketing.portlets.workflows.actionlet.SaveContentActionletTest$TestCase@21e3212e]" classname="com.dotmarketing.portlets.workflows.actionlet.SaveContentActionletTest" time="0.011"/>
  <testcase name="test_Publish_With_Save_Contentlet[8: com.dotmarketing.portlets.workflows.actionlet.SaveContentActionletTest$TestCase@3604a5f3]" classname="com.dotmarketing.portlets.workflows.actionlet.SaveContentActionletTest" time="0.01"/>
  <system-out><![CDATA[]]></system-out>
  <system-err><![CDATA[]]></system-err>
</testsuite>
