<?xml version="1.0" encoding="UTF-8"?>
<testsuite name="com.dotcms.rest.api.v1.vtl.VTLResourceIntegrationTest" tests="6" skipped="0" failures="0" errors="0" timestamp="2023-06-30T18:42:48" hostname="fv-az612-580" time="12.066">
  <properties/>
  <testcase name="testGet[0: com.dotcms.rest.api.v1.vtl.VTLResourceTestCase@58b43601]" classname="com.dotcms.rest.api.v1.vtl.VTLResourceIntegrationTest" time="2.023"/>
  <testcase name="testGet[1: com.dotcms.rest.api.v1.vtl.VTLResourceTestCase@220b4281]" classname="com.dotcms.rest.api.v1.vtl.VTLResourceIntegrationTest" time="2.036"/>
  <testcase name="testGet[2: com.dotcms.rest.api.v1.vtl.VTLResourceTestCase@44c10df3]" classname="com.dotcms.rest.api.v1.vtl.VTLResourceIntegrationTest" time="1.959"/>
  <testcase name="testGet[3: com.dotcms.rest.api.v1.vtl.VTLResourceTestCase@7e4e2330]" classname="com.dotcms.rest.api.v1.vtl.VTLResourceIntegrationTest" time="2.076"/>
  <testcase name="testGet[4: com.dotcms.rest.api.v1.vtl.VTLResourceTestCase@73306c6]" classname="com.dotcms.rest.api.v1.vtl.VTLResourceIntegrationTest" time="2.075"/>
  <testcase name="testGet[5: com.dotcms.rest.api.v1.vtl.VTLResourceTestCase@7fd443eb]" classname="com.dotcms.rest.api.v1.vtl.VTLResourceIntegrationTest" time="1.895"/>
  <system-out><![CDATA[]]></system-out>
  <system-err><![CDATA[]]></system-err>
</testsuite>
