<?xml version="1.0" encoding="UTF-8"?>
<testsuite name="com.dotcms.rest.elasticsearch.ESContentResourcePortletTest" tests="8" skipped="0" failures="0" errors="0" timestamp="2023-07-18T18:22:40" hostname="fv-az351-382" time="8.627">
  <properties/>
  <testcase name="test_search_includeGrandChildCategory_success" classname="com.dotcms.rest.elasticsearch.ESContentResourcePortletTest" time="1.333"/>
  <testcase name="testSearch[0: com.dotcms.rest.elasticsearch.ESContentResourcePortletTest$TestCase@2aaa7825]" classname="com.dotcms.rest.elasticsearch.ESContentResourcePortletTest" time="0.886"/>
  <testcase name="testSearch[1: com.dotcms.rest.elasticsearch.ESContentResourcePortletTest$TestCase@5366744b]" classname="com.dotcms.rest.elasticsearch.ESContentResourcePortletTest" time="1.273"/>
  <testcase name="testSearch[2: com.dotcms.rest.elasticsearch.ESContentResourcePortletTest$TestCase@74d62367]" classname="com.dotcms.rest.elasticsearch.ESContentResourcePortletTest" time="0.876"/>
  <testcase name="testSearch[3: com.dotcms.rest.elasticsearch.ESContentResourcePortletTest$TestCase@160beee8]" classname="com.dotcms.rest.elasticsearch.ESContentResourcePortletTest" time="1.272"/>
  <testcase name="testSearch[4: com.dotcms.rest.elasticsearch.ESContentResourcePortletTest$TestCase@6f19c75c]" classname="com.dotcms.rest.elasticsearch.ESContentResourcePortletTest" time="1.256"/>
  <testcase name="testSearch[5: com.dotcms.rest.elasticsearch.ESContentResourcePortletTest$TestCase@fbd32d8]" classname="com.dotcms.rest.elasticsearch.ESContentResourcePortletTest" time="0.875"/>
  <testcase name="testSearch[6: com.dotcms.rest.elasticsearch.ESContentResourcePortletTest$TestCase@4ab5f553]" classname="com.dotcms.rest.elasticsearch.ESContentResourcePortletTest" time="0.856"/>
  <system-out><![CDATA[]]></system-out>
  <system-err><![CDATA[]]></system-err>
</testsuite>
