<?xml version="1.0" encoding="UTF-8"?>
<testsuite name="com.dotcms.rest.elasticsearch.ESContentResourcePortletTest" tests="8" skipped="0" failures="0" errors="0" timestamp="2023-07-20T23:26:01" hostname="fv-az247-899" time="9.105">
  <properties/>
  <testcase name="test_search_includeGrandChildCategory_success" classname="com.dotcms.rest.elasticsearch.ESContentResourcePortletTest" time="1.686"/>
  <testcase name="testSearch[0: com.dotcms.rest.elasticsearch.ESContentResourcePortletTest$TestCase@4d62ceca]" classname="com.dotcms.rest.elasticsearch.ESContentResourcePortletTest" time="1.109"/>
  <testcase name="testSearch[1: com.dotcms.rest.elasticsearch.ESContentResourcePortletTest$TestCase@8ee0258]" classname="com.dotcms.rest.elasticsearch.ESContentResourcePortletTest" time="1.346"/>
  <testcase name="testSearch[2: com.dotcms.rest.elasticsearch.ESContentResourcePortletTest$TestCase@16e3df6a]" classname="com.dotcms.rest.elasticsearch.ESContentResourcePortletTest" time="1.123"/>
  <testcase name="testSearch[3: com.dotcms.rest.elasticsearch.ESContentResourcePortletTest$TestCase@31116b17]" classname="com.dotcms.rest.elasticsearch.ESContentResourcePortletTest" time="1.352"/>
  <testcase name="testSearch[4: com.dotcms.rest.elasticsearch.ESContentResourcePortletTest$TestCase@6a5ee761]" classname="com.dotcms.rest.elasticsearch.ESContentResourcePortletTest" time="0.314"/>
  <testcase name="testSearch[5: com.dotcms.rest.elasticsearch.ESContentResourcePortletTest$TestCase@125ad4b0]" classname="com.dotcms.rest.elasticsearch.ESContentResourcePortletTest" time="1.13"/>
  <testcase name="testSearch[6: com.dotcms.rest.elasticsearch.ESContentResourcePortletTest$TestCase@1a4a511e]" classname="com.dotcms.rest.elasticsearch.ESContentResourcePortletTest" time="1.045"/>
  <system-out><![CDATA[]]></system-out>
  <system-err><![CDATA[]]></system-err>
</testsuite>
