<?xml version="1.0" encoding="UTF-8"?>
<testsuite name="com.dotmarketing.portlets.structure.model.ContentletRelationshipsTest" tests="7" skipped="0" failures="0" errors="0" timestamp="2023-06-30T23:03:00" hostname="fv-az262-663" time="8.46">
  <properties/>
  <testcase name="testDoesAllowOnlyOne[0: com.dotmarketing.portlets.structure.model.ContentletRelationshipsTest$CardinalityTestCase@32006bbd]" classname="com.dotmarketing.portlets.structure.model.ContentletRelationshipsTest" time="0.525"/>
  <testcase name="testDoesAllowOnlyOne[1: com.dotmarketing.portlets.structure.model.ContentletRelationshipsTest$CardinalityTestCase@d981309]" classname="com.dotmarketing.portlets.structure.model.ContentletRelationshipsTest" time="0.5"/>
  <testcase name="testDoesAllowOnlyOne[2: com.dotmarketing.portlets.structure.model.ContentletRelationshipsTest$CardinalityTestCase@6dd3805f]" classname="com.dotmarketing.portlets.structure.model.ContentletRelationshipsTest" time="0.477"/>
  <testcase name="testGetRelationshipRecords[0: com.dotmarketing.portlets.structure.model.ContentletRelationshipsTest$TestCase@47e1e594]" classname="com.dotmarketing.portlets.structure.model.ContentletRelationshipsTest" time="2.087"/>
  <testcase name="testGetRelationshipRecords[1: com.dotmarketing.portlets.structure.model.ContentletRelationshipsTest$TestCase@768d2356]" classname="com.dotmarketing.portlets.structure.model.ContentletRelationshipsTest" time="1.046"/>
  <testcase name="testGetRelationshipRecords[2: com.dotmarketing.portlets.structure.model.ContentletRelationshipsTest$TestCase@3bc066d5]" classname="com.dotmarketing.portlets.structure.model.ContentletRelationshipsTest" time="1.941"/>
  <testcase name="testGetRelationshipRecords[3: com.dotmarketing.portlets.structure.model.ContentletRelationshipsTest$TestCase@4ae0d88a]" classname="com.dotmarketing.portlets.structure.model.ContentletRelationshipsTest" time="1.882"/>
  <system-out><![CDATA[]]></system-out>
  <system-err><![CDATA[]]></system-err>
</testsuite>
