<?xml version="1.0" encoding="UTF-8"?>
<testsuite name="com.dotmarketing.filters.CMSUrlUtilIntegrationTest" tests="7" skipped="0" failures="0" errors="0" timestamp="2023-06-26T17:34:54" hostname="fv-az585-827" time="6.006">
  <properties/>
  <testcase name="whenResolveResourceType_shouldReturnATupleWithPageAndNone" classname="com.dotmarketing.filters.CMSUrlUtilIntegrationTest" time="1.263"/>
  <testcase name="shouldReturnATupleWithFalseAndNone" classname="com.dotmarketing.filters.CMSUrlUtilIntegrationTest" time="1.165"/>
  <testcase name="shouldReturnATupleWithTrueAndPageUrlMap" classname="com.dotmarketing.filters.CMSUrlUtilIntegrationTest" time="1.16"/>
  <testcase name="shouldReturnATupleWithTrueAndNone" classname="com.dotmarketing.filters.CMSUrlUtilIntegrationTest" time="1.224"/>
  <testcase name="whenResolveResourceType_shouldReturnATupleWithPageAndPageUrlMap" classname="com.dotmarketing.filters.CMSUrlUtilIntegrationTest" time="1.153"/>
  <testcase name="whenResolveResourceType_shouldReturnATupleWithFolderAndNone" classname="com.dotmarketing.filters.CMSUrlUtilIntegrationTest" time="0.013"/>
  <testcase name="whenResolveResourceType_shouldReturnATupleWithPageAndPageIndex" classname="com.dotmarketing.filters.CMSUrlUtilIntegrationTest" time="0.027"/>
  <system-out><![CDATA[]]></system-out>
  <system-err><![CDATA[]]></system-err>
</testsuite>
