<?xml version="1.0" encoding="UTF-8"?>
<testsuite name="com.dotcms.rest.api.v1.vtl.VTLResourceIntegrationTest" tests="6" skipped="0" failures="0" errors="0" timestamp="2023-06-23T17:38:15" hostname="fv-az450-696" time="10.018">
  <properties/>
  <testcase name="testGet[0: com.dotcms.rest.api.v1.vtl.VTLResourceTestCase@11e230b5]" classname="com.dotcms.rest.api.v1.vtl.VTLResourceIntegrationTest" time="1.25"/>
  <testcase name="testGet[1: com.dotcms.rest.api.v1.vtl.VTLResourceTestCase@7982ba8a]" classname="com.dotcms.rest.api.v1.vtl.VTLResourceIntegrationTest" time="1.904"/>
  <testcase name="testGet[2: com.dotcms.rest.api.v1.vtl.VTLResourceTestCase@4e1b3982]" classname="com.dotcms.rest.api.v1.vtl.VTLResourceIntegrationTest" time="2.154"/>
  <testcase name="testGet[3: com.dotcms.rest.api.v1.vtl.VTLResourceTestCase@360f2478]" classname="com.dotcms.rest.api.v1.vtl.VTLResourceIntegrationTest" time="1.888"/>
  <testcase name="testGet[4: com.dotcms.rest.api.v1.vtl.VTLResourceTestCase@3668cd94]" classname="com.dotcms.rest.api.v1.vtl.VTLResourceIntegrationTest" time="0.842"/>
  <testcase name="testGet[5: com.dotcms.rest.api.v1.vtl.VTLResourceTestCase@5ad26739]" classname="com.dotcms.rest.api.v1.vtl.VTLResourceIntegrationTest" time="1.98"/>
  <system-out><![CDATA[]]></system-out>
  <system-err><![CDATA[]]></system-err>
</testsuite>
