<?xml version="1.0" encoding="UTF-8"?>
<testsuite name="com.dotcms.rest.api.v1.configuration.ConfigurationResourceTest" tests="1" skipped="0" failures="0" errors="0" timestamp="2023-06-26T19:10:37" hostname="fv-az1114-884" time="0.061">
  <properties/>
  <testcase name="testVerifyConfigurationData" classname="com.dotcms.rest.api.v1.configuration.ConfigurationResourceTest" time="0.061"/>
  <system-out><![CDATA[]]></system-out>
  <system-err><![CDATA[]]></system-err>
</testsuite>
