<?xml version="1.0" encoding="UTF-8"?>
<testsuite name="com.dotmarketing.portlets.structure.model.ContentletRelationshipsTest" tests="7" skipped="0" failures="0" errors="0" timestamp="2023-07-14T20:48:56" hostname="fv-az555-578" time="6.664">
  <properties/>
  <testcase name="testDoesAllowOnlyOne[0: com.dotmarketing.portlets.structure.model.ContentletRelationshipsTest$CardinalityTestCase@41071e2e]" classname="com.dotmarketing.portlets.structure.model.ContentletRelationshipsTest" time="0.521"/>
  <testcase name="testDoesAllowOnlyOne[1: com.dotmarketing.portlets.structure.model.ContentletRelationshipsTest$CardinalityTestCase@51a80811]" classname="com.dotmarketing.portlets.structure.model.ContentletRelationshipsTest" time="0.566"/>
  <testcase name="testDoesAllowOnlyOne[2: com.dotmarketing.portlets.structure.model.ContentletRelationshipsTest$CardinalityTestCase@5ef90f4]" classname="com.dotmarketing.portlets.structure.model.ContentletRelationshipsTest" time="0.521"/>
  <testcase name="testGetRelationshipRecords[0: com.dotmarketing.portlets.structure.model.ContentletRelationshipsTest$TestCase@50940479]" classname="com.dotmarketing.portlets.structure.model.ContentletRelationshipsTest" time="1.042"/>
  <testcase name="testGetRelationshipRecords[1: com.dotmarketing.portlets.structure.model.ContentletRelationshipsTest$TestCase@291b862b]" classname="com.dotmarketing.portlets.structure.model.ContentletRelationshipsTest" time="1.057"/>
  <testcase name="testGetRelationshipRecords[2: com.dotmarketing.portlets.structure.model.ContentletRelationshipsTest$TestCase@3862fb99]" classname="com.dotmarketing.portlets.structure.model.ContentletRelationshipsTest" time="1.057"/>
  <testcase name="testGetRelationshipRecords[3: com.dotmarketing.portlets.structure.model.ContentletRelationshipsTest$TestCase@41f3a451]" classname="com.dotmarketing.portlets.structure.model.ContentletRelationshipsTest" time="1.899"/>
  <system-out><![CDATA[]]></system-out>
  <system-err><![CDATA[]]></system-err>
</testsuite>
