<?xml version="1.0" encoding="UTF-8"?>
<testsuite name="com.dotcms.rest.elasticsearch.ESContentResourcePortletTest" tests="8" skipped="0" failures="0" errors="0" timestamp="2023-07-11T17:50:17" hostname="fv-az246-187" time="8.641">
  <properties/>
  <testcase name="test_search_includeGrandChildCategory_success" classname="com.dotcms.rest.elasticsearch.ESContentResourcePortletTest" time="1.346"/>
  <testcase name="testSearch[0: com.dotcms.rest.elasticsearch.ESContentResourcePortletTest$TestCase@51f49d6b]" classname="com.dotcms.rest.elasticsearch.ESContentResourcePortletTest" time="0.919"/>
  <testcase name="testSearch[1: com.dotcms.rest.elasticsearch.ESContentResourcePortletTest$TestCase@6b293c28]" classname="com.dotcms.rest.elasticsearch.ESContentResourcePortletTest" time="1.214"/>
  <testcase name="testSearch[2: com.dotcms.rest.elasticsearch.ESContentResourcePortletTest$TestCase@659d9329]" classname="com.dotcms.rest.elasticsearch.ESContentResourcePortletTest" time="0.935"/>
  <testcase name="testSearch[3: com.dotcms.rest.elasticsearch.ESContentResourcePortletTest$TestCase@59aa5b61]" classname="com.dotcms.rest.elasticsearch.ESContentResourcePortletTest" time="1.189"/>
  <testcase name="testSearch[4: com.dotcms.rest.elasticsearch.ESContentResourcePortletTest$TestCase@2cc09afa]" classname="com.dotcms.rest.elasticsearch.ESContentResourcePortletTest" time="1.215"/>
  <testcase name="testSearch[5: com.dotcms.rest.elasticsearch.ESContentResourcePortletTest$TestCase@eaa3b36]" classname="com.dotcms.rest.elasticsearch.ESContentResourcePortletTest" time="0.903"/>
  <testcase name="testSearch[6: com.dotcms.rest.elasticsearch.ESContentResourcePortletTest$TestCase@7a7e511]" classname="com.dotcms.rest.elasticsearch.ESContentResourcePortletTest" time="0.919"/>
  <system-out><![CDATA[]]></system-out>
  <system-err><![CDATA[]]></system-err>
</testsuite>
