<?xml version="1.0" encoding="UTF-8"?>
<testsuite name="com.dotcms.rest.TagResourceIntegrationTest" tests="4" skipped="0" failures="0" errors="0" timestamp="2023-07-20T19:56:02" hostname="fv-az1232-188" time="0.412">
  <properties/>
  <testcase name="testList[0: com.dotcms.rest.TagResourceTestCase@4c862ef]" classname="com.dotcms.rest.TagResourceIntegrationTest" time="0.325"/>
  <testcase name="testList[1: com.dotcms.rest.TagResourceTestCase@3458d614]" classname="com.dotcms.rest.TagResourceIntegrationTest" time="0.031"/>
  <testcase name="testList[2: com.dotcms.rest.TagResourceTestCase@789e8cee]" classname="com.dotcms.rest.TagResourceIntegrationTest" time="0.025"/>
  <testcase name="testList[3: com.dotcms.rest.TagResourceTestCase@4f3b9004]" classname="com.dotcms.rest.TagResourceIntegrationTest" time="0.03"/>
  <system-out><![CDATA[]]></system-out>
  <system-err><![CDATA[Jul 20, 2023 7:56:02 PM com.dotcms.repackage.org.hibernate.validator.internal.util.Version <clinit>
INFO: HV000001: Hibernate Validator 4.3.2.Final
]]></system-err>
</testsuite>
