<?xml version="1.0" encoding="UTF-8"?>
<testsuite name="com.dotmarketing.business.DeterministicIdentifierAPITest" tests="16" skipped="0" failures="0" errors="0" timestamp="2023-07-14T20:56:12" hostname="fv-az1244-305" time="1.417">
  <properties/>
  <testcase name="Test_Category_Path_Seed_And_Id" classname="com.dotmarketing.business.DeterministicIdentifierAPITest" time="0.025"/>
  <testcase name="Test_Language_Deterministic_Id[0: LanguageTestCase{expectedSeed='Language:es:US', expectedHash=4913155, langCode='es', countryCode='US', country='United States'}]" classname="com.dotmarketing.business.DeterministicIdentifierAPITest" time="0.001"/>
  <testcase name="Test_Language_Deterministic_Id[1: LanguageTestCase{expectedSeed='Language:ep:', expectedHash=5292269, langCode='ep', countryCode='', country=''}]" classname="com.dotmarketing.business.DeterministicIdentifierAPITest" time="0.0"/>
  <testcase name="Test_Language_Deterministic_Id[2: LanguageTestCase{expectedSeed='Language:sg:SAG', expectedHash=4713118, langCode='sg', countryCode='SAG', country=''}]" classname="com.dotmarketing.business.DeterministicIdentifierAPITest" time="0.0"/>
  <testcase name="Test_Language_Deterministic_Id[3: LanguageTestCase{expectedSeed='Language:en:NZ', expectedHash=5382528, langCode='en', countryCode='NZ', country='New Zealand'}]" classname="com.dotmarketing.business.DeterministicIdentifierAPITest" time="0.001"/>
  <testcase name="Test_Category_None_Persisted_Category_Should_Return_Deterministic_Id" classname="com.dotmarketing.business.DeterministicIdentifierAPITest" time="0.001"/>
  <testcase name="Test_Asset_Generate_Deterministic_Id_Best_Effort[0: TestCase{versionable=my.host1689367794541.com, parent=System Host, expectedName='my.host1689367794541.com', expectedType='Host'}]" classname="com.dotmarketing.business.DeterministicIdentifierAPITest" time="0.004"/>
  <testcase name="Test_Asset_Generate_Deterministic_Id_Best_Effort[1: TestCase{versionable=com.dotmarketing.portlets.contentlet.model.Contentlet@63445022[map={modDate=2023-07-14 20:49:55.329, fileName=file14914297192200953884.txt, title=file14914297192200953884.txt, inode=4c53c233-725f-4b8f-9862-4ca58ad09b03, __IS_NEW_CONTENT__=true, disabledWYSIWYG=[], host=da6e6627-a1b1-45b8-9180-2a964fd4313c, stInode=33888b6f-7a8e-4069-b1b6-5c1aa9d0a48d, owner=system, identifier=c697a332-fb59-4287-b2dd-0bf8e1defd34, nullProperties=[wfExpireDate, wfPublishDate, wfActionAssign, wfActionId, wfActionComments, filterKey, whereToSend, wfNeverExpire, _path_to_move, timezoneId, iWantTo, wfPublishTime, wfExpireTime], languageId=1, fileAsset=/home/runner/work/core/custom/assets/4/c/4c53c233-725f-4b8f-9862-4ca58ad09b03/fileAsset/file14914297192200953884.txt, folder=6fbb2f82-7b20-4d28-a554-9f4bd1730582, __disable_workflow__=true, sortOrder=0, modUser=system},lowIndexPriority=false,variantId=DEFAULT], parent=com.dotmarketing.portlets.folders.model.Folder@68e17732[identifier=6fbb2f82-7b20-4d28-a554-9f4bd1730582,name=testName1689367795322,sortOrder=0,showOnMenu=false,hostId=da6e6627-a1b1-45b8-9180-2a964fd4313c,type=folder,title=testTitle1689367795322,filesMasks=,defaultFileType=33888b6f-7a8e-4069-b1b6-5c1aa9d0a48d,modDate=2023-07-14 20:49:55.325,owner=&lt;null&gt;,iDate=2023-07-14 20:49:55.325,inode=6fbb2f82-7b20-4d28-a554-9f4bd1730582,path=/testName1689367795322/], expectedName='file14914297192200953884.txt', expectedType='FileAsset'}]" classname="com.dotmarketing.business.DeterministicIdentifierAPITest" time="0.003"/>
  <testcase name="Test_Asset_Generate_Deterministic_Id_Best_Effort[2: TestCase{versionable=com.dotmarketing.portlets.templates.model.Template@f4186448, parent=my.host1689367794541.com, expectedName='testTitle1689367795423', expectedType='Template'}]" classname="com.dotmarketing.business.DeterministicIdentifierAPITest" time="0.002"/>
  <testcase name="Test_Asset_Generate_Deterministic_Id_Best_Effort[3: TestCase{versionable=com.dotmarketing.portlets.htmlpageasset.model.HTMLPageAsset@19d45f04[map={template=0e17030d-a03f-4788-81b3-e91e3bbbad8d, owner=system, identifier=9fe22bbe-5859-4a62-9933-a449bffa6699, nullProperties=[wfExpireDate, wfPublishDate, wfActionAssign, wfActionId, wfActionComments, filterKey, whereToSend, wfNeverExpire, _path_to_move, timezoneId, iWantTo, wfPublishTime, wfExpireTime], modDate=2023-07-14 20:49:55.437, cachettl=0, _is_test_mode=true, languageId=1, title=test-page-title-1689367795433, httpsreq=, url=test-page-url-1689367795433, showOnMenu=, inode=22d16507-d50a-4a63-aaac-01e6fda31941, folder=6fbb2f82-7b20-4d28-a554-9f4bd1730582, disabledWYSIWYG=[], sortOrder=1, modUser=system, host=da6e6627-a1b1-45b8-9180-2a964fd4313c, stInode=c541abb1-69b3-4bc5-8430-5e09e5239cc8, friendlyName=test-page-friendly-name-1689367795433},lowIndexPriority=false,variantId=DEFAULT], parent=com.dotmarketing.portlets.folders.model.Folder@68e17732[identifier=6fbb2f82-7b20-4d28-a554-9f4bd1730582,name=testName1689367795322,sortOrder=0,showOnMenu=false,hostId=da6e6627-a1b1-45b8-9180-2a964fd4313c,type=folder,title=testTitle1689367795322,filesMasks=,defaultFileType=33888b6f-7a8e-4069-b1b6-5c1aa9d0a48d,modDate=2023-07-14 20:49:55.325,owner=&lt;null&gt;,iDate=2023-07-14 20:49:55.325,inode=6fbb2f82-7b20-4d28-a554-9f4bd1730582,path=/testName1689367795322/], expectedName='test-page-url-1689367795433', expectedType='htmlpageasset'}]" classname="com.dotmarketing.business.DeterministicIdentifierAPITest" time="0.002"/>
  <testcase name="Test_Asset_Generate_Deterministic_Id_Best_Effort[4: TestCase{versionable=com.dotmarketing.portlets.contentlet.model.Contentlet@4dbe987a[map={fileAsset2=/home/runner/work/core/custom/assets/b/2/b20941d8-3a2d-4132-a7a8-4787ab8df8b3/fileAsset2/test_binary1689367797265.png, modDate=2023-07-14 20:49:57.269, fileAsset1=/home/runner/work/core/custom/assets/b/2/b20941d8-3a2d-4132-a7a8-4787ab8df8b3/fileAsset1/test_binary1689367797264.jpg, title=blah, inode=b20941d8-3a2d-4132-a7a8-4787ab8df8b3, __IS_NEW_CONTENT__=true, disabledWYSIWYG=[], host=48190c8c-42c4-46af-8d1a-0cd5db894797, stInode=9d1d4ca0-508e-4a3c-bddb-deb3f7c95312, owner=system, identifier=2e6d2662-91b7-4ed4-9861-f40a41028bee, nullProperties=[], languageId=1, image1=f2ada6b0-2c35-435b-a8a9-f884406ff441, folder=SYSTEM_FOLDER, __disable_workflow__=true, sortOrder=0, modUser=system},lowIndexPriority=false,variantId=DEFAULT], parent=demo.dotcms.com, expectedName='test_binary1689367797264.jpg:test_binary1689367797265.png', expectedType='MultipleBinaries1689367795604'}]" classname="com.dotmarketing.business.DeterministicIdentifierAPITest" time="0.003"/>
  <testcase name="Test_Asset_Generate_Deterministic_Id_Best_Effort[5: TestCase{versionable=namea94fdbf839 : keyTaga94fdbf839, parent=my.host1689367794541.com, expectedName='keyTaga94fdbf839', expectedType='persona'}]" classname="com.dotmarketing.business.DeterministicIdentifierAPITest" time="0.002"/>
  <testcase name="Test_Similar_Content_Type_Wont_Clash" classname="com.dotmarketing.business.DeterministicIdentifierAPITest" time="0.424"/>
  <testcase name="Test_Generate_Folder_Identifier" classname="com.dotmarketing.business.DeterministicIdentifierAPITest" time="0.937"/>
  <testcase name="Test_Generate_Content_Type_Identifier[0: ContentTypeTestCase{contentType=KeyValueContentType{name=Language Variable, id=f4d7c1b8-2c88-4071-abf1-a5328977b07d, description=Default Content Type for Language Variables, defaultType=false, fixed=true, iDate=Thu Aug 31 16:38:49 UTC 2017, system=true, versionable=true, variable=Languagevariable, modDate=Fri Jul 14 19:44:57 UTC 2023, host=SYSTEM_HOST, siteName=systemHost, icon=language, sortOrder=0, folder=SYSTEM_FOLDER, folderPath=/, markedForDeletion=true, multilingualable=false}, expectedName='Languagevariable', expectedType='KeyValue'}]" classname="com.dotmarketing.business.DeterministicIdentifierAPITest" time="0.006"/>
  <testcase name="Test_Generate_Content_Type_Identifier[1: ContentTypeTestCase{contentType=SimpleContentType{name=testName1689367797680, id=4b535c2c-cf2c-4fda-8e5e-9f7c0edded67, description=testDescription1689367797680, defaultType=false, fixed=false, iDate=Fri Jul 14 20:49:57 UTC 2023, system=false, versionable=true, multilingualable=false, variable=testVarname1689367797680, owner=system, modDate=Fri Jul 14 20:49:58 UTC 2023, host=48190c8c-42c4-46af-8d1a-0cd5db894797, siteName=demo.dotcms.com, icon=event_note, sortOrder=0, folder=SYSTEM_FOLDER, folderPath=/, requiredFields=[], markedForDeletion=false}, expectedName='testVarname1689367797680', expectedType='CONTENT'}]" classname="com.dotmarketing.business.DeterministicIdentifierAPITest" time="0.005"/>
  <system-out><![CDATA[]]></system-out>
  <system-err><![CDATA[]]></system-err>
</testsuite>
