<?xml version="1.0" encoding="UTF-8"?>
<testsuite name="com.dotcms.rest.TagResourceIntegrationTest" tests="4" skipped="0" failures="0" errors="0" timestamp="2023-06-23T00:28:06" hostname="fv-az395-584" time="0.386">
  <properties/>
  <testcase name="testList[0: com.dotcms.rest.TagResourceTestCase@51da3d40]" classname="com.dotcms.rest.TagResourceIntegrationTest" time="0.286"/>
  <testcase name="testList[1: com.dotcms.rest.TagResourceTestCase@825c7b]" classname="com.dotcms.rest.TagResourceIntegrationTest" time="0.034"/>
  <testcase name="testList[2: com.dotcms.rest.TagResourceTestCase@4c4e586f]" classname="com.dotcms.rest.TagResourceIntegrationTest" time="0.032"/>
  <testcase name="testList[3: com.dotcms.rest.TagResourceTestCase@4397c5c1]" classname="com.dotcms.rest.TagResourceIntegrationTest" time="0.033"/>
  <system-out><![CDATA[]]></system-out>
  <system-err><![CDATA[Jun 23, 2023 12:28:06 AM com.dotcms.repackage.org.hibernate.validator.internal.util.Version <clinit>
INFO: HV000001: Hibernate Validator 4.3.2.Final
]]></system-err>
</testsuite>
