<?xml version="1.0" encoding="UTF-8"?>
<testsuite name="com.dotmarketing.startup.runonce.Task05165CreateContentTypeWorkflowActionMappingTableTest" tests="1" skipped="0" failures="0" errors="0" timestamp="2023-07-18T18:50:14" hostname="fv-az351-382" time="0.052">
  <properties/>
  <testcase name="testExecuteUpgrade" classname="com.dotmarketing.startup.runonce.Task05165CreateContentTypeWorkflowActionMappingTableTest" time="0.052"/>
  <system-out><![CDATA[]]></system-out>
  <system-err><![CDATA[]]></system-err>
</testsuite>
