<?xml version="1.0" encoding="UTF-8"?>
<testsuite name="com.dotcms.rendering.velocity.viewtools.content.util.ContentUtilsTest" tests="89" skipped="0" failures="0" errors="0" timestamp="2023-07-10T20:35:11" hostname="fv-az950-407" time="410.558">
  <properties/>
  <testcase name="whenTheTimeMachineDateIsNullAndPublishDateInFutureShouldNotReturnAnything" classname="com.dotcms.rendering.velocity.viewtools.content.util.ContentUtilsTest" time="3.616"/>
  <testcase name="test_find_multilingual_contentlet_getContentletSuccessfully" classname="com.dotcms.rendering.velocity.viewtools.content.util.ContentUtilsTest" time="2.22"/>
  <testcase name="whenTheTimeMachineDateAndPublishDateAreTomorrowShouldReturnOneContent" classname="com.dotcms.rendering.velocity.viewtools.content.util.ContentUtilsTest" time="3.51"/>
  <testcase name="testPullRelated[0: com.dotcms.rendering.velocity.viewtools.content.util.ContentUtilsTest$TestCase@36fc9278]" classname="com.dotcms.rendering.velocity.viewtools.content.util.ContentUtilsTest" time="4.626"/>
  <testcase name="testPullRelated[1: com.dotcms.rendering.velocity.viewtools.content.util.ContentUtilsTest$TestCase@7dae9f68]" classname="com.dotcms.rendering.velocity.viewtools.content.util.ContentUtilsTest" time="4.047"/>
  <testcase name="testPullRelated[2: com.dotcms.rendering.velocity.viewtools.content.util.ContentUtilsTest$TestCase@69b7dfe4]" classname="com.dotcms.rendering.velocity.viewtools.content.util.ContentUtilsTest" time="4.343"/>
  <testcase name="testPullRelated[3: com.dotcms.rendering.velocity.viewtools.content.util.ContentUtilsTest$TestCase@14e863b]" classname="com.dotcms.rendering.velocity.viewtools.content.util.ContentUtilsTest" time="5.08"/>
  <testcase name="testPullRelated[4: com.dotcms.rendering.velocity.viewtools.content.util.ContentUtilsTest$TestCase@53f3bb38]" classname="com.dotcms.rendering.velocity.viewtools.content.util.ContentUtilsTest" time="2.741"/>
  <testcase name="testPullRelated[5: com.dotcms.rendering.velocity.viewtools.content.util.ContentUtilsTest$TestCase@5aaf2bf1]" classname="com.dotcms.rendering.velocity.viewtools.content.util.ContentUtilsTest" time="3.097"/>
  <testcase name="testPullRelated[6: com.dotcms.rendering.velocity.viewtools.content.util.ContentUtilsTest$TestCase@db087bf]" classname="com.dotcms.rendering.velocity.viewtools.content.util.ContentUtilsTest" time="3.099"/>
  <testcase name="testPullRelated[7: com.dotcms.rendering.velocity.viewtools.content.util.ContentUtilsTest$TestCase@78bab76c]" classname="com.dotcms.rendering.velocity.viewtools.content.util.ContentUtilsTest" time="4.381"/>
  <testcase name="testPullRelated[8: com.dotcms.rendering.velocity.viewtools.content.util.ContentUtilsTest$TestCase@36def938]" classname="com.dotcms.rendering.velocity.viewtools.content.util.ContentUtilsTest" time="4.638"/>
  <testcase name="testPullRelated[9: com.dotcms.rendering.velocity.viewtools.content.util.ContentUtilsTest$TestCase@158dbcb1]" classname="com.dotcms.rendering.velocity.viewtools.content.util.ContentUtilsTest" time="4.007"/>
  <testcase name="testPullRelated[10: com.dotcms.rendering.velocity.viewtools.content.util.ContentUtilsTest$TestCase@1c094cc0]" classname="com.dotcms.rendering.velocity.viewtools.content.util.ContentUtilsTest" time="4.075"/>
  <testcase name="testPullRelated[11: com.dotcms.rendering.velocity.viewtools.content.util.ContentUtilsTest$TestCase@312599fa]" classname="com.dotcms.rendering.velocity.viewtools.content.util.ContentUtilsTest" time="3.3"/>
  <testcase name="testPullRelated[12: com.dotcms.rendering.velocity.viewtools.content.util.ContentUtilsTest$TestCase@7073b1df]" classname="com.dotcms.rendering.velocity.viewtools.content.util.ContentUtilsTest" time="3.729"/>
  <testcase name="testPullRelated[13: com.dotcms.rendering.velocity.viewtools.content.util.ContentUtilsTest$TestCase@863e354]" classname="com.dotcms.rendering.velocity.viewtools.content.util.ContentUtilsTest" time="3.878"/>
  <testcase name="testPullRelated[14: com.dotcms.rendering.velocity.viewtools.content.util.ContentUtilsTest$TestCase@5e5ac1d4]" classname="com.dotcms.rendering.velocity.viewtools.content.util.ContentUtilsTest" time="4.357"/>
  <testcase name="testPullRelated[15: com.dotcms.rendering.velocity.viewtools.content.util.ContentUtilsTest$TestCase@43ad69ac]" classname="com.dotcms.rendering.velocity.viewtools.content.util.ContentUtilsTest" time="4.138"/>
  <testcase name="testPullRelated[16: com.dotcms.rendering.velocity.viewtools.content.util.ContentUtilsTest$TestCase@2ebdd54f]" classname="com.dotcms.rendering.velocity.viewtools.content.util.ContentUtilsTest" time="3.93"/>
  <testcase name="testPullRelated[17: com.dotcms.rendering.velocity.viewtools.content.util.ContentUtilsTest$TestCase@39d3fa8f]" classname="com.dotcms.rendering.velocity.viewtools.content.util.ContentUtilsTest" time="3.834"/>
  <testcase name="testPullRelated[18: com.dotcms.rendering.velocity.viewtools.content.util.ContentUtilsTest$TestCase@310fd800]" classname="com.dotcms.rendering.velocity.viewtools.content.util.ContentUtilsTest" time="4.201"/>
  <testcase name="testPullRelated[19: com.dotcms.rendering.velocity.viewtools.content.util.ContentUtilsTest$TestCase@19c73784]" classname="com.dotcms.rendering.velocity.viewtools.content.util.ContentUtilsTest" time="2.986"/>
  <testcase name="testPullRelated[20: com.dotcms.rendering.velocity.viewtools.content.util.ContentUtilsTest$TestCase@59908e5e]" classname="com.dotcms.rendering.velocity.viewtools.content.util.ContentUtilsTest" time="4.292"/>
  <testcase name="testPullRelated[21: com.dotcms.rendering.velocity.viewtools.content.util.ContentUtilsTest$TestCase@7fb10061]" classname="com.dotcms.rendering.velocity.viewtools.content.util.ContentUtilsTest" time="3.722"/>
  <testcase name="testPullRelated[22: com.dotcms.rendering.velocity.viewtools.content.util.ContentUtilsTest$TestCase@3031184f]" classname="com.dotcms.rendering.velocity.viewtools.content.util.ContentUtilsTest" time="4.281"/>
  <testcase name="testPullRelated[23: com.dotcms.rendering.velocity.viewtools.content.util.ContentUtilsTest$TestCase@106a72da]" classname="com.dotcms.rendering.velocity.viewtools.content.util.ContentUtilsTest" time="4.13"/>
  <testcase name="testPullRelated[24: com.dotcms.rendering.velocity.viewtools.content.util.ContentUtilsTest$TestCase@4d55ecf7]" classname="com.dotcms.rendering.velocity.viewtools.content.util.ContentUtilsTest" time="4.094"/>
  <testcase name="testPullRelated[25: com.dotcms.rendering.velocity.viewtools.content.util.ContentUtilsTest$TestCase@3a104f34]" classname="com.dotcms.rendering.velocity.viewtools.content.util.ContentUtilsTest" time="4.113"/>
  <testcase name="testPullRelated[26: com.dotcms.rendering.velocity.viewtools.content.util.ContentUtilsTest$TestCase@25bdb59]" classname="com.dotcms.rendering.velocity.viewtools.content.util.ContentUtilsTest" time="3.924"/>
  <testcase name="testPullRelated[27: com.dotcms.rendering.velocity.viewtools.content.util.ContentUtilsTest$TestCase@41e4956a]" classname="com.dotcms.rendering.velocity.viewtools.content.util.ContentUtilsTest" time="4.155"/>
  <testcase name="testPullRelated[28: com.dotcms.rendering.velocity.viewtools.content.util.ContentUtilsTest$TestCase@23b4ebf5]" classname="com.dotcms.rendering.velocity.viewtools.content.util.ContentUtilsTest" time="3.781"/>
  <testcase name="testPullRelated[29: com.dotcms.rendering.velocity.viewtools.content.util.ContentUtilsTest$TestCase@1b657958]" classname="com.dotcms.rendering.velocity.viewtools.content.util.ContentUtilsTest" time="3.446"/>
  <testcase name="testPullRelated[30: com.dotcms.rendering.velocity.viewtools.content.util.ContentUtilsTest$TestCase@47b8e87e]" classname="com.dotcms.rendering.velocity.viewtools.content.util.ContentUtilsTest" time="4.196"/>
  <testcase name="testPullRelated[31: com.dotcms.rendering.velocity.viewtools.content.util.ContentUtilsTest$TestCase@22126a26]" classname="com.dotcms.rendering.velocity.viewtools.content.util.ContentUtilsTest" time="4.135"/>
  <testcase name="testPullRelated[32: com.dotcms.rendering.velocity.viewtools.content.util.ContentUtilsTest$TestCase@26fdd6d2]" classname="com.dotcms.rendering.velocity.viewtools.content.util.ContentUtilsTest" time="2.857"/>
  <testcase name="testPullRelated[33: com.dotcms.rendering.velocity.viewtools.content.util.ContentUtilsTest$TestCase@1662d4ec]" classname="com.dotcms.rendering.velocity.viewtools.content.util.ContentUtilsTest" time="4.211"/>
  <testcase name="testPullRelated[34: com.dotcms.rendering.velocity.viewtools.content.util.ContentUtilsTest$TestCase@16192546]" classname="com.dotcms.rendering.velocity.viewtools.content.util.ContentUtilsTest" time="2.976"/>
  <testcase name="testPullRelated[35: com.dotcms.rendering.velocity.viewtools.content.util.ContentUtilsTest$TestCase@276b3ef9]" classname="com.dotcms.rendering.velocity.viewtools.content.util.ContentUtilsTest" time="4.549"/>
  <testcase name="testPullRelated[36: com.dotcms.rendering.velocity.viewtools.content.util.ContentUtilsTest$TestCase@6f683780]" classname="com.dotcms.rendering.velocity.viewtools.content.util.ContentUtilsTest" time="6.83"/>
  <testcase name="testPullRelated[37: com.dotcms.rendering.velocity.viewtools.content.util.ContentUtilsTest$TestCase@6f2d4b35]" classname="com.dotcms.rendering.velocity.viewtools.content.util.ContentUtilsTest" time="5.663"/>
  <testcase name="testPullRelated[38: com.dotcms.rendering.velocity.viewtools.content.util.ContentUtilsTest$TestCase@30c17083]" classname="com.dotcms.rendering.velocity.viewtools.content.util.ContentUtilsTest" time="6.751"/>
  <testcase name="testPullRelated[39: com.dotcms.rendering.velocity.viewtools.content.util.ContentUtilsTest$TestCase@4e231c94]" classname="com.dotcms.rendering.velocity.viewtools.content.util.ContentUtilsTest" time="5.824"/>
  <testcase name="testPullRelated[40: com.dotcms.rendering.velocity.viewtools.content.util.ContentUtilsTest$TestCase@60d9f6e7]" classname="com.dotcms.rendering.velocity.viewtools.content.util.ContentUtilsTest" time="5.998"/>
  <testcase name="testPullRelated[41: com.dotcms.rendering.velocity.viewtools.content.util.ContentUtilsTest$TestCase@65286d2a]" classname="com.dotcms.rendering.velocity.viewtools.content.util.ContentUtilsTest" time="5.925"/>
  <testcase name="testPullRelated[42: com.dotcms.rendering.velocity.viewtools.content.util.ContentUtilsTest$TestCase@5e565c64]" classname="com.dotcms.rendering.velocity.viewtools.content.util.ContentUtilsTest" time="6.848"/>
  <testcase name="testPullRelated[43: com.dotcms.rendering.velocity.viewtools.content.util.ContentUtilsTest$TestCase@8c73c86]" classname="com.dotcms.rendering.velocity.viewtools.content.util.ContentUtilsTest" time="6.962"/>
  <testcase name="testPullRelated[44: com.dotcms.rendering.velocity.viewtools.content.util.ContentUtilsTest$TestCase@27068db7]" classname="com.dotcms.rendering.velocity.viewtools.content.util.ContentUtilsTest" time="5.924"/>
  <testcase name="testPullRelated[45: com.dotcms.rendering.velocity.viewtools.content.util.ContentUtilsTest$TestCase@1e1f540]" classname="com.dotcms.rendering.velocity.viewtools.content.util.ContentUtilsTest" time="4.753"/>
  <testcase name="testPullRelated[46: com.dotcms.rendering.velocity.viewtools.content.util.ContentUtilsTest$TestCase@6d382c64]" classname="com.dotcms.rendering.velocity.viewtools.content.util.ContentUtilsTest" time="6.698"/>
  <testcase name="testPullRelated[47: com.dotcms.rendering.velocity.viewtools.content.util.ContentUtilsTest$TestCase@5caa1e49]" classname="com.dotcms.rendering.velocity.viewtools.content.util.ContentUtilsTest" time="6.099"/>
  <testcase name="testPullRelated[48: com.dotcms.rendering.velocity.viewtools.content.util.ContentUtilsTest$TestCase@4fd24b5e]" classname="com.dotcms.rendering.velocity.viewtools.content.util.ContentUtilsTest" time="5.862"/>
  <testcase name="testPullRelated[49: com.dotcms.rendering.velocity.viewtools.content.util.ContentUtilsTest$TestCase@4117fc11]" classname="com.dotcms.rendering.velocity.viewtools.content.util.ContentUtilsTest" time="5.851"/>
  <testcase name="testPullRelated[50: com.dotcms.rendering.velocity.viewtools.content.util.ContentUtilsTest$TestCase@6d60b35b]" classname="com.dotcms.rendering.velocity.viewtools.content.util.ContentUtilsTest" time="5.37"/>
  <testcase name="testPullRelated[51: com.dotcms.rendering.velocity.viewtools.content.util.ContentUtilsTest$TestCase@6134a0e8]" classname="com.dotcms.rendering.velocity.viewtools.content.util.ContentUtilsTest" time="5.072"/>
  <testcase name="testPullRelated[52: com.dotcms.rendering.velocity.viewtools.content.util.ContentUtilsTest$TestCase@3c618f2b]" classname="com.dotcms.rendering.velocity.viewtools.content.util.ContentUtilsTest" time="6.124"/>
  <testcase name="testPullRelated[53: com.dotcms.rendering.velocity.viewtools.content.util.ContentUtilsTest$TestCase@42e80bc2]" classname="com.dotcms.rendering.velocity.viewtools.content.util.ContentUtilsTest" time="6.284"/>
  <testcase name="testPullRelated[54: com.dotcms.rendering.velocity.viewtools.content.util.ContentUtilsTest$TestCase@2afa92af]" classname="com.dotcms.rendering.velocity.viewtools.content.util.ContentUtilsTest" time="6.283"/>
  <testcase name="testPullRelated[55: com.dotcms.rendering.velocity.viewtools.content.util.ContentUtilsTest$TestCase@6e8d54f8]" classname="com.dotcms.rendering.velocity.viewtools.content.util.ContentUtilsTest" time="5.958"/>
  <testcase name="testPullRelated[56: com.dotcms.rendering.velocity.viewtools.content.util.ContentUtilsTest$TestCase@5ea586d5]" classname="com.dotcms.rendering.velocity.viewtools.content.util.ContentUtilsTest" time="6.072"/>
  <testcase name="testPullRelated[57: com.dotcms.rendering.velocity.viewtools.content.util.ContentUtilsTest$TestCase@5c1130d8]" classname="com.dotcms.rendering.velocity.viewtools.content.util.ContentUtilsTest" time="6.033"/>
  <testcase name="testPullRelated[58: com.dotcms.rendering.velocity.viewtools.content.util.ContentUtilsTest$TestCase@2200ae1f]" classname="com.dotcms.rendering.velocity.viewtools.content.util.ContentUtilsTest" time="5.273"/>
  <testcase name="testPullRelated[59: com.dotcms.rendering.velocity.viewtools.content.util.ContentUtilsTest$TestCase@26ae0433]" classname="com.dotcms.rendering.velocity.viewtools.content.util.ContentUtilsTest" time="5.987"/>
  <testcase name="testPullRelated[60: com.dotcms.rendering.velocity.viewtools.content.util.ContentUtilsTest$TestCase@54cfbd1d]" classname="com.dotcms.rendering.velocity.viewtools.content.util.ContentUtilsTest" time="5.984"/>
  <testcase name="testPullRelated[61: com.dotcms.rendering.velocity.viewtools.content.util.ContentUtilsTest$TestCase@10dc0ac]" classname="com.dotcms.rendering.velocity.viewtools.content.util.ContentUtilsTest" time="5.975"/>
  <testcase name="testPullRelated[62: com.dotcms.rendering.velocity.viewtools.content.util.ContentUtilsTest$TestCase@26daf6c4]" classname="com.dotcms.rendering.velocity.viewtools.content.util.ContentUtilsTest" time="6.366"/>
  <testcase name="testPullRelated[63: com.dotcms.rendering.velocity.viewtools.content.util.ContentUtilsTest$TestCase@7003e1b0]" classname="com.dotcms.rendering.velocity.viewtools.content.util.ContentUtilsTest" time="6.227"/>
  <testcase name="testPullRelated[64: com.dotcms.rendering.velocity.viewtools.content.util.ContentUtilsTest$TestCase@598d9df8]" classname="com.dotcms.rendering.velocity.viewtools.content.util.ContentUtilsTest" time="6.073"/>
  <testcase name="testPullRelated[65: com.dotcms.rendering.velocity.viewtools.content.util.ContentUtilsTest$TestCase@366a2ec5]" classname="com.dotcms.rendering.velocity.viewtools.content.util.ContentUtilsTest" time="5.837"/>
  <testcase name="testPullRelated[66: com.dotcms.rendering.velocity.viewtools.content.util.ContentUtilsTest$TestCase@47f7921a]" classname="com.dotcms.rendering.velocity.viewtools.content.util.ContentUtilsTest" time="6.51"/>
  <testcase name="testPullRelated[67: com.dotcms.rendering.velocity.viewtools.content.util.ContentUtilsTest$TestCase@2896e535]" classname="com.dotcms.rendering.velocity.viewtools.content.util.ContentUtilsTest" time="6.113"/>
  <testcase name="testPullRelated[68: com.dotcms.rendering.velocity.viewtools.content.util.ContentUtilsTest$TestCase@1d41cf82]" classname="com.dotcms.rendering.velocity.viewtools.content.util.ContentUtilsTest" time="6.071"/>
  <testcase name="testPullRelated[69: com.dotcms.rendering.velocity.viewtools.content.util.ContentUtilsTest$TestCase@7a3ad6e9]" classname="com.dotcms.rendering.velocity.viewtools.content.util.ContentUtilsTest" time="5.967"/>
  <testcase name="testPullRelated[70: com.dotcms.rendering.velocity.viewtools.content.util.ContentUtilsTest$TestCase@126fcf6]" classname="com.dotcms.rendering.velocity.viewtools.content.util.ContentUtilsTest" time="5.381"/>
  <testcase name="testPullRelated[71: com.dotcms.rendering.velocity.viewtools.content.util.ContentUtilsTest$TestCase@1e860eaa]" classname="com.dotcms.rendering.velocity.viewtools.content.util.ContentUtilsTest" time="5.928"/>
  <testcase name="whenPublishAndExpireDatesAreInTheFutureAndTimeMachineIsAfterBoth" classname="com.dotcms.rendering.velocity.viewtools.content.util.ContentUtilsTest" time="3.335"/>
  <testcase name="testPullRelatedForLegacyRelationship[0: com.dotcms.rendering.velocity.viewtools.content.util.ContentUtilsTest$LegacyTestCase@da8ef27]" classname="com.dotcms.rendering.velocity.viewtools.content.util.ContentUtilsTest" time="4.313"/>
  <testcase name="testPullRelatedForLegacyRelationship[1: com.dotcms.rendering.velocity.viewtools.content.util.ContentUtilsTest$LegacyTestCase@2189fde5]" classname="com.dotcms.rendering.velocity.viewtools.content.util.ContentUtilsTest" time="4.201"/>
  <testcase name="whenTheTimeMachineDateIsAfterTomorrowAndExpireDateIsTomorrowShouldNotReturnContent" classname="com.dotcms.rendering.velocity.viewtools.content.util.ContentUtilsTest" time="3.428"/>
  <testcase name="testPullLiveRelatedWhenLatestVersionIsWorking" classname="com.dotcms.rendering.velocity.viewtools.content.util.ContentUtilsTest" time="3.595"/>
  <testcase name="test_add_relationships_on_parent_children_related_contents" classname="com.dotcms.rendering.velocity.viewtools.content.util.ContentUtilsTest" time="1.658"/>
  <testcase name="testSortPullRelated[0: com.dotcms.rendering.velocity.viewtools.content.util.ContentUtilsTest$SortTestCase@177e646e]" classname="com.dotcms.rendering.velocity.viewtools.content.util.ContentUtilsTest" time="2.895"/>
  <testcase name="testSortPullRelated[1: com.dotcms.rendering.velocity.viewtools.content.util.ContentUtilsTest$SortTestCase@39a3db75]" classname="com.dotcms.rendering.velocity.viewtools.content.util.ContentUtilsTest" time="2.3"/>
  <testcase name="testSortPullRelated[2: com.dotcms.rendering.velocity.viewtools.content.util.ContentUtilsTest$SortTestCase@7338cab1]" classname="com.dotcms.rendering.velocity.viewtools.content.util.ContentUtilsTest" time="1.94"/>
  <testcase name="testSortPullRelated[3: com.dotcms.rendering.velocity.viewtools.content.util.ContentUtilsTest$SortTestCase@1db067e6]" classname="com.dotcms.rendering.velocity.viewtools.content.util.ContentUtilsTest" time="3.402"/>
  <testcase name="testSortPullRelated[4: com.dotcms.rendering.velocity.viewtools.content.util.ContentUtilsTest$SortTestCase@79892d2a]" classname="com.dotcms.rendering.velocity.viewtools.content.util.ContentUtilsTest" time="2.302"/>
  <testcase name="testSortPullRelated[5: com.dotcms.rendering.velocity.viewtools.content.util.ContentUtilsTest$SortTestCase@5e56291d]" classname="com.dotcms.rendering.velocity.viewtools.content.util.ContentUtilsTest" time="3.302"/>
  <testcase name="whenTheTimeMachineDateIsAfterTomorrowAndExpireDateIsInFutureShouldReturnContent" classname="com.dotcms.rendering.velocity.viewtools.content.util.ContentUtilsTest" time="3.314"/>
  <testcase name="testPullRelatedFieldShouldRespectDefaultOrder" classname="com.dotcms.rendering.velocity.viewtools.content.util.ContentUtilsTest" time="2.999"/>
  <system-out><![CDATA[]]></system-out>
  <system-err><![CDATA[]]></system-err>
</testsuite>
