<?xml version="1.0" encoding="UTF-8"?>
<testsuite name="com.dotcms.rest.api.v1.vtl.VTLResourceIntegrationTest" tests="6" skipped="0" failures="0" errors="0" timestamp="2023-06-28T23:06:22" hostname="fv-az955-446" time="12.457">
  <properties/>
  <testcase name="testGet[0: com.dotcms.rest.api.v1.vtl.VTLResourceTestCase@7769c69e]" classname="com.dotcms.rest.api.v1.vtl.VTLResourceIntegrationTest" time="2.356"/>
  <testcase name="testGet[1: com.dotcms.rest.api.v1.vtl.VTLResourceTestCase@7f15f3d8]" classname="com.dotcms.rest.api.v1.vtl.VTLResourceIntegrationTest" time="2.235"/>
  <testcase name="testGet[2: com.dotcms.rest.api.v1.vtl.VTLResourceTestCase@6ab6fd74]" classname="com.dotcms.rest.api.v1.vtl.VTLResourceIntegrationTest" time="1.831"/>
  <testcase name="testGet[3: com.dotcms.rest.api.v1.vtl.VTLResourceTestCase@1ffbaa59]" classname="com.dotcms.rest.api.v1.vtl.VTLResourceIntegrationTest" time="1.92"/>
  <testcase name="testGet[4: com.dotcms.rest.api.v1.vtl.VTLResourceTestCase@269fc20e]" classname="com.dotcms.rest.api.v1.vtl.VTLResourceIntegrationTest" time="2.106"/>
  <testcase name="testGet[5: com.dotcms.rest.api.v1.vtl.VTLResourceTestCase@76c47e36]" classname="com.dotcms.rest.api.v1.vtl.VTLResourceIntegrationTest" time="2.007"/>
  <system-out><![CDATA[]]></system-out>
  <system-err><![CDATA[]]></system-err>
</testsuite>
