<?xml version="1.0" encoding="UTF-8"?>
<testsuite name="com.dotcms.enterprise.publishing.remote.bundler.FolderBundlerTest" tests="3" skipped="0" failures="0" errors="0" timestamp="2023-06-26T15:30:16" hostname="fv-az413-549" time="0.02">
  <properties/>
  <testcase name="addFolderInBundle[0: com.dotcms.enterprise.publishing.remote.bundler.FolderBundlerTest$TestCase@138f2da7]" classname="com.dotcms.enterprise.publishing.remote.bundler.FolderBundlerTest" time="0.009"/>
  <testcase name="addFolderInBundle[1: com.dotcms.enterprise.publishing.remote.bundler.FolderBundlerTest$TestCase@df54c6]" classname="com.dotcms.enterprise.publishing.remote.bundler.FolderBundlerTest" time="0.005"/>
  <testcase name="addFolderInBundle[2: com.dotcms.enterprise.publishing.remote.bundler.FolderBundlerTest$TestCase@629ba546]" classname="com.dotcms.enterprise.publishing.remote.bundler.FolderBundlerTest" time="0.005"/>
  <system-out><![CDATA[]]></system-out>
  <system-err><![CDATA[]]></system-err>
</testsuite>
