<?xml version="1.0" encoding="UTF-8"?>
<testsuite name="com.dotmarketing.servlets.ajax.AjaxDirectorServletIntegrationTest" tests="2" skipped="0" failures="0" errors="0" timestamp="2023-06-30T21:58:09" hostname="fv-az455-320" time="2.195">
  <properties/>
  <testcase name="testService[0: com.dotmarketing.servlets.ajax.AjaxDirectorServletTestCase@5bb869ff]" classname="com.dotmarketing.servlets.ajax.AjaxDirectorServletIntegrationTest" time="0.888"/>
  <testcase name="testService[1: com.dotmarketing.servlets.ajax.AjaxDirectorServletTestCase@59adc054]" classname="com.dotmarketing.servlets.ajax.AjaxDirectorServletIntegrationTest" time="1.307"/>
  <system-out><![CDATA[]]></system-out>
  <system-err><![CDATA[]]></system-err>
</testsuite>
