<?xml version="1.0" encoding="UTF-8"?>
<testsuite name="com.dotmarketing.business.DeterministicIdentifierAPITest" tests="16" skipped="0" failures="0" errors="0" timestamp="2023-06-30T23:47:41" hostname="fv-az257-412" time="1.753">
  <properties/>
  <testcase name="Test_Category_Path_Seed_And_Id" classname="com.dotmarketing.business.DeterministicIdentifierAPITest" time="0.032"/>
  <testcase name="Test_Language_Deterministic_Id[0: LanguageTestCase{expectedSeed='Language:es:US', expectedHash=4913155, langCode='es', countryCode='US', country='United States'}]" classname="com.dotmarketing.business.DeterministicIdentifierAPITest" time="0.001"/>
  <testcase name="Test_Language_Deterministic_Id[1: LanguageTestCase{expectedSeed='Language:ep:', expectedHash=5292269, langCode='ep', countryCode='', country=''}]" classname="com.dotmarketing.business.DeterministicIdentifierAPITest" time="0.001"/>
  <testcase name="Test_Language_Deterministic_Id[2: LanguageTestCase{expectedSeed='Language:sg:SAG', expectedHash=4713118, langCode='sg', countryCode='SAG', country=''}]" classname="com.dotmarketing.business.DeterministicIdentifierAPITest" time="0.001"/>
  <testcase name="Test_Language_Deterministic_Id[3: LanguageTestCase{expectedSeed='Language:en:NZ', expectedHash=5382528, langCode='en', countryCode='NZ', country='New Zealand'}]" classname="com.dotmarketing.business.DeterministicIdentifierAPITest" time="0.001"/>
  <testcase name="Test_Category_None_Persisted_Category_Should_Return_Deterministic_Id" classname="com.dotmarketing.business.DeterministicIdentifierAPITest" time="0.002"/>
  <testcase name="Test_Asset_Generate_Deterministic_Id_Best_Effort[0: TestCase{versionable=my.host1688168437004.com, parent=System Host, expectedName='my.host1688168437004.com', expectedType='Host'}]" classname="com.dotmarketing.business.DeterministicIdentifierAPITest" time="0.003"/>
  <testcase name="Test_Asset_Generate_Deterministic_Id_Best_Effort[1: TestCase{versionable=com.dotmarketing.portlets.contentlet.model.Contentlet@4b591ea[map={modDate=2023-06-30 23:40:37.518, fileName=file1939539747990513658.txt, title=file1939539747990513658.txt, inode=9217c3e3-3c33-4a63-96c9-85b15e715c56, __IS_NEW_CONTENT__=true, disabledWYSIWYG=[], host=f66e9af0-9431-449b-8828-3cb7bd6ae356, stInode=33888b6f-7a8e-4069-b1b6-5c1aa9d0a48d, owner=system, identifier=43e620f7-8fc1-45d3-b9ac-33dfde120254, nullProperties=[wfExpireDate, wfPublishDate, wfActionAssign, wfActionId, wfActionComments, filterKey, whereToSend, wfNeverExpire, _path_to_move, timezoneId, iWantTo, wfPublishTime, wfExpireTime], languageId=1, fileAsset=/home/runner/work/core/custom/assets/9/2/9217c3e3-3c33-4a63-96c9-85b15e715c56/fileAsset/file1939539747990513658.txt, folder=9b21586d-aa39-4fef-b0d4-1d4358db8495, __disable_workflow__=true, sortOrder=0, modUser=system},lowIndexPriority=false,variantId=DEFAULT], parent=com.dotmarketing.portlets.folders.model.Folder@4766ef61[identifier=9b21586d-aa39-4fef-b0d4-1d4358db8495,name=testName1688168437508,sortOrder=0,showOnMenu=false,hostId=f66e9af0-9431-449b-8828-3cb7bd6ae356,type=folder,title=testTitle1688168437508,filesMasks=,defaultFileType=33888b6f-7a8e-4069-b1b6-5c1aa9d0a48d,modDate=2023-06-30 23:40:37.512,owner=&lt;null&gt;,iDate=2023-06-30 23:40:37.512,inode=9b21586d-aa39-4fef-b0d4-1d4358db8495,path=/testName1688168437508/], expectedName='file1939539747990513658.txt', expectedType='FileAsset'}]" classname="com.dotmarketing.business.DeterministicIdentifierAPITest" time="0.003"/>
  <testcase name="Test_Asset_Generate_Deterministic_Id_Best_Effort[2: TestCase{versionable=com.dotmarketing.portlets.templates.model.Template@d5a216fb, parent=my.host1688168437004.com, expectedName='testTitle1688168437630', expectedType='Template'}]" classname="com.dotmarketing.business.DeterministicIdentifierAPITest" time="0.002"/>
  <testcase name="Test_Asset_Generate_Deterministic_Id_Best_Effort[3: TestCase{versionable=com.dotmarketing.portlets.htmlpageasset.model.HTMLPageAsset@626a3f9f[map={template=8d71c248-1734-45eb-b16f-55e79be6812e, owner=system, identifier=264ae21d-4679-4130-a73f-cd9eea2a3759, nullProperties=[wfExpireDate, wfPublishDate, wfActionAssign, wfActionId, wfActionComments, filterKey, whereToSend, wfNeverExpire, _path_to_move, timezoneId, iWantTo, wfPublishTime, wfExpireTime], modDate=2023-06-30 23:40:37.654, cachettl=0, _is_test_mode=true, languageId=1, title=test-page-title-1688168437648, httpsreq=, url=test-page-url-1688168437648, showOnMenu=, inode=137d37a1-5ed9-4bca-8004-af4d852ce811, folder=9b21586d-aa39-4fef-b0d4-1d4358db8495, disabledWYSIWYG=[], sortOrder=1, modUser=system, host=f66e9af0-9431-449b-8828-3cb7bd6ae356, stInode=c541abb1-69b3-4bc5-8430-5e09e5239cc8, friendlyName=test-page-friendly-name-1688168437648},lowIndexPriority=false,variantId=DEFAULT], parent=com.dotmarketing.portlets.folders.model.Folder@4766ef61[identifier=9b21586d-aa39-4fef-b0d4-1d4358db8495,name=testName1688168437508,sortOrder=0,showOnMenu=false,hostId=f66e9af0-9431-449b-8828-3cb7bd6ae356,type=folder,title=testTitle1688168437508,filesMasks=,defaultFileType=33888b6f-7a8e-4069-b1b6-5c1aa9d0a48d,modDate=2023-06-30 23:40:37.512,owner=&lt;null&gt;,iDate=2023-06-30 23:40:37.512,inode=9b21586d-aa39-4fef-b0d4-1d4358db8495,path=/testName1688168437508/], expectedName='test-page-url-1688168437648', expectedType='htmlpageasset'}]" classname="com.dotmarketing.business.DeterministicIdentifierAPITest" time="0.003"/>
  <testcase name="Test_Asset_Generate_Deterministic_Id_Best_Effort[4: TestCase{versionable=com.dotmarketing.portlets.contentlet.model.Contentlet@448c078a[map={fileAsset2=/home/runner/work/core/custom/assets/b/2/b240631c-d66b-4a39-855b-ff6e60edbfa1/fileAsset2/test_binary1688168439544.png, modDate=2023-06-30 23:40:39.55, fileAsset1=/home/runner/work/core/custom/assets/b/2/b240631c-d66b-4a39-855b-ff6e60edbfa1/fileAsset1/test_binary1688168439544.jpg, title=blah, inode=b240631c-d66b-4a39-855b-ff6e60edbfa1, __IS_NEW_CONTENT__=true, disabledWYSIWYG=[], host=48190c8c-42c4-46af-8d1a-0cd5db894797, stInode=50738abf-7142-43b8-a663-bda691ba1e3c, owner=system, identifier=42cff50d-84eb-4104-ae24-560292efe25b, nullProperties=[], languageId=1, image1=1d9bbe99-3e97-4236-bde9-3b90dd7c3e14, folder=SYSTEM_FOLDER, __disable_workflow__=true, sortOrder=0, modUser=system},lowIndexPriority=false,variantId=DEFAULT], parent=demo.dotcms.com, expectedName='test_binary1688168439544.jpg:test_binary1688168439544.png', expectedType='MultipleBinaries1688168437940'}]" classname="com.dotmarketing.business.DeterministicIdentifierAPITest" time="0.003"/>
  <testcase name="Test_Asset_Generate_Deterministic_Id_Best_Effort[5: TestCase{versionable=name2a59f7feda : keyTag2a59f7feda, parent=my.host1688168437004.com, expectedName='keyTag2a59f7feda', expectedType='persona'}]" classname="com.dotmarketing.business.DeterministicIdentifierAPITest" time="0.002"/>
  <testcase name="Test_Similar_Content_Type_Wont_Clash" classname="com.dotmarketing.business.DeterministicIdentifierAPITest" time="0.533"/>
  <testcase name="Test_Generate_Folder_Identifier" classname="com.dotmarketing.business.DeterministicIdentifierAPITest" time="1.15"/>
  <testcase name="Test_Generate_Content_Type_Identifier[0: ContentTypeTestCase{contentType=KeyValueContentType{name=Language Variable, id=f4d7c1b8-2c88-4071-abf1-a5328977b07d, description=Default Content Type for Language Variables, defaultType=false, fixed=true, iDate=Thu Aug 31 16:38:49 UTC 2017, system=true, versionable=true, variable=Languagevariable, modDate=Fri Jun 30 22:29:12 UTC 2023, host=SYSTEM_HOST, siteName=systemHost, icon=language, sortOrder=0, folder=SYSTEM_FOLDER, folderPath=/, markedForDeletion=true, multilingualable=false}, expectedName='Languagevariable', expectedType='KeyValue'}]" classname="com.dotmarketing.business.DeterministicIdentifierAPITest" time="0.005"/>
  <testcase name="Test_Generate_Content_Type_Identifier[1: ContentTypeTestCase{contentType=SimpleContentType{name=testName1688168440079, id=fd4d9c13-47e2-47e3-8094-3d186c7bf57c, description=testDescription1688168440079, defaultType=false, fixed=false, iDate=Fri Jun 30 23:40:40 UTC 2023, system=false, versionable=true, multilingualable=false, variable=testVarname1688168440079, owner=system, modDate=Fri Jun 30 23:40:41 UTC 2023, host=48190c8c-42c4-46af-8d1a-0cd5db894797, siteName=demo.dotcms.com, icon=event_note, sortOrder=0, folder=SYSTEM_FOLDER, folderPath=/, requiredFields=[], markedForDeletion=false}, expectedName='testVarname1688168440079', expectedType='CONTENT'}]" classname="com.dotmarketing.business.DeterministicIdentifierAPITest" time="0.005"/>
  <system-out><![CDATA[]]></system-out>
  <system-err><![CDATA[]]></system-err>
</testsuite>
