<?xml version="1.0" encoding="UTF-8"?>
<testsuite name="com.dotcms.cache.KeyValueCacheImplTest" tests="9" skipped="0" failures="0" errors="0" timestamp="2023-06-23T22:41:34" hostname="fv-az805-638" time="0.023">
  <properties/>
  <testcase name="shouldReturnNullWhenLookForKeyByContentTypeLiveAndWrongLanguage" classname="com.dotcms.cache.KeyValueCacheImplTest" time="0.001"/>
  <testcase name="shouldAddCacheEntryForContentTypeLanguageAndNotLive" classname="com.dotcms.cache.KeyValueCacheImplTest" time="0.001"/>
  <testcase name="shouldReturnNullWhenLookForKeyByContentTypeAndWrongLanguageId" classname="com.dotcms.cache.KeyValueCacheImplTest" time="0.001"/>
  <testcase name="shouldReturnNullWhenLookForKeyByLanguageLiveAndWrongContentType" classname="com.dotcms.cache.KeyValueCacheImplTest" time="0.001"/>
  <testcase name="shouldReturnNullWhenLookForKeyByLanguageidAndWrongContentTypeAnd" classname="com.dotcms.cache.KeyValueCacheImplTest" time="0.001"/>
  <testcase name="shouldReturnNullWhenLookForKeyByContentTypeLanguageAndWrongLive" classname="com.dotcms.cache.KeyValueCacheImplTest" time="0.004"/>
  <testcase name="shouldReturnNullWhenLookForKeyByContentTypeLanguageLiveIdNotAdded" classname="com.dotcms.cache.KeyValueCacheImplTest" time="0.001"/>
  <testcase name="shouldAddCacheEntryForContentTypeAndLanguage" classname="com.dotcms.cache.KeyValueCacheImplTest" time="0.001"/>
  <testcase name="shouldReturnNullWhenLookForKeyByContentTypeAndLanguageIdNotAdded" classname="com.dotcms.cache.KeyValueCacheImplTest" time="0.004"/>
  <system-out><![CDATA[]]></system-out>
  <system-err><![CDATA[]]></system-err>
</testsuite>
