<?xml version="1.0" encoding="UTF-8"?>
<testsuite name="com.dotcms.rendering.velocity.viewtools.WorkflowToolTest" tests="2" skipped="0" failures="0" errors="0" timestamp="2023-07-18T00:54:53" hostname="fv-az1128-367" time="2.563">
  <properties/>
  <testcase name="testFire[0: com.dotcms.rendering.velocity.viewtools.WorkflowToolFireTestCase@43d9a8b9]" classname="com.dotcms.rendering.velocity.viewtools.WorkflowToolTest" time="1.32"/>
  <testcase name="testFire[1: com.dotcms.rendering.velocity.viewtools.WorkflowToolFireTestCase@3adad7db]" classname="com.dotcms.rendering.velocity.viewtools.WorkflowToolTest" time="1.243"/>
  <system-out><![CDATA[]]></system-out>
  <system-err><![CDATA[]]></system-err>
</testsuite>
