<?xml version="1.0" encoding="UTF-8"?>
<testsuite name="com.dotcms.rest.api.v1.vtl.VTLResourceIntegrationTest" tests="6" skipped="0" failures="0" errors="0" timestamp="2023-07-21T15:25:06" hostname="fv-az1098-922" time="11.391">
  <properties/>
  <testcase name="testGet[0: com.dotcms.rest.api.v1.vtl.VTLResourceTestCase@fc8c228]" classname="com.dotcms.rest.api.v1.vtl.VTLResourceIntegrationTest" time="1.505"/>
  <testcase name="testGet[1: com.dotcms.rest.api.v1.vtl.VTLResourceTestCase@16c2919f]" classname="com.dotcms.rest.api.v1.vtl.VTLResourceIntegrationTest" time="1.95"/>
  <testcase name="testGet[2: com.dotcms.rest.api.v1.vtl.VTLResourceTestCase@55f830e8]" classname="com.dotcms.rest.api.v1.vtl.VTLResourceIntegrationTest" time="2.196"/>
  <testcase name="testGet[3: com.dotcms.rest.api.v1.vtl.VTLResourceTestCase@db8226c]" classname="com.dotcms.rest.api.v1.vtl.VTLResourceIntegrationTest" time="1.773"/>
  <testcase name="testGet[4: com.dotcms.rest.api.v1.vtl.VTLResourceTestCase@44a87871]" classname="com.dotcms.rest.api.v1.vtl.VTLResourceIntegrationTest" time="1.963"/>
  <testcase name="testGet[5: com.dotcms.rest.api.v1.vtl.VTLResourceTestCase@46e44712]" classname="com.dotcms.rest.api.v1.vtl.VTLResourceIntegrationTest" time="2.001"/>
  <system-out><![CDATA[]]></system-out>
  <system-err><![CDATA[]]></system-err>
</testsuite>
