<?xml version="1.0" encoding="UTF-8"?>
<testsuite name="com.dotcms.contenttype.test.ContentResourceTest" tests="52" skipped="0" failures="0" errors="0" timestamp="2023-07-21T17:28:15" hostname="fv-az454-899" time="161.153">
  <properties/>
  <testcase name="testGetContentShouldReturnIconDetails" classname="com.dotcms.contenttype.test.ContentResourceTest" time="1.868"/>
  <testcase name="Test_Save_Action_Set_Words_To_Required_NumericField_Issue_15340" classname="com.dotcms.contenttype.test.ContentResourceTest" time="1.044"/>
  <testcase name="test_getContent_includeGrandChildCategory_success" classname="com.dotcms.contenttype.test.ContentResourceTest" time="1.558"/>
  <testcase name="testGetContentWithRelatedParameter[0: com.dotcms.contenttype.test.ContentResourceTest$PullRelatedTestCase@1fc7d2ee]" classname="com.dotcms.contenttype.test.ContentResourceTest" time="4.294"/>
  <testcase name="testGetContentWithRelatedParameter[1: com.dotcms.contenttype.test.ContentResourceTest$PullRelatedTestCase@173cfefe]" classname="com.dotcms.contenttype.test.ContentResourceTest" time="4.05"/>
  <testcase name="testGetContentWithRelatedParameter[2: com.dotcms.contenttype.test.ContentResourceTest$PullRelatedTestCase@44638603]" classname="com.dotcms.contenttype.test.ContentResourceTest" time="4.118"/>
  <testcase name="testGetContentWithRelatedParameter[3: com.dotcms.contenttype.test.ContentResourceTest$PullRelatedTestCase@64a367e4]" classname="com.dotcms.contenttype.test.ContentResourceTest" time="4.119"/>
  <testcase name="testGetContentWithRelatedParameter[4: com.dotcms.contenttype.test.ContentResourceTest$PullRelatedTestCase@45d2893c]" classname="com.dotcms.contenttype.test.ContentResourceTest" time="4.135"/>
  <testcase name="test_getContent_SelfRelatedWith3LevelsOfDepth_shouldReturnRelationships" classname="com.dotcms.contenttype.test.ContentResourceTest" time="1.518"/>
  <testcase name="Test_Save_Action_Send_Fields_SubSet_Issue_15340" classname="com.dotcms.contenttype.test.ContentResourceTest" time="3.04"/>
  <testcase name="test_getContent_shouldReturnRelationships[0: com.dotcms.contenttype.test.ContentResourceTest$TestCase@35695476]" classname="com.dotcms.contenttype.test.ContentResourceTest" time="3.274"/>
  <testcase name="test_getContent_shouldReturnRelationships[1: com.dotcms.contenttype.test.ContentResourceTest$TestCase@6d628f46]" classname="com.dotcms.contenttype.test.ContentResourceTest" time="3.191"/>
  <testcase name="test_getContent_shouldReturnRelationships[2: com.dotcms.contenttype.test.ContentResourceTest$TestCase@12014949]" classname="com.dotcms.contenttype.test.ContentResourceTest" time="3.383"/>
  <testcase name="test_getContent_shouldReturnRelationships[3: com.dotcms.contenttype.test.ContentResourceTest$TestCase@43cbb95c]" classname="com.dotcms.contenttype.test.ContentResourceTest" time="3.524"/>
  <testcase name="test_getContent_shouldReturnRelationships[4: com.dotcms.contenttype.test.ContentResourceTest$TestCase@3cfe9fb7]" classname="com.dotcms.contenttype.test.ContentResourceTest" time="3.815"/>
  <testcase name="test_getContent_shouldReturnRelationships[5: com.dotcms.contenttype.test.ContentResourceTest$TestCase@451f2fd1]" classname="com.dotcms.contenttype.test.ContentResourceTest" time="3.444"/>
  <testcase name="test_getContent_shouldReturnRelationships[6: com.dotcms.contenttype.test.ContentResourceTest$TestCase@5d4c6d3a]" classname="com.dotcms.contenttype.test.ContentResourceTest" time="3.501"/>
  <testcase name="test_getContent_shouldReturnRelationships[7: com.dotcms.contenttype.test.ContentResourceTest$TestCase@43533e96]" classname="com.dotcms.contenttype.test.ContentResourceTest" time="3.338"/>
  <testcase name="test_getContent_shouldReturnRelationships[8: com.dotcms.contenttype.test.ContentResourceTest$TestCase@b18126c]" classname="com.dotcms.contenttype.test.ContentResourceTest" time="3.29"/>
  <testcase name="test_getContent_shouldReturnRelationships[9: com.dotcms.contenttype.test.ContentResourceTest$TestCase@37c5d579]" classname="com.dotcms.contenttype.test.ContentResourceTest" time="3.326"/>
  <testcase name="test_getContent_shouldReturnRelationships[10: com.dotcms.contenttype.test.ContentResourceTest$TestCase@9de5b06]" classname="com.dotcms.contenttype.test.ContentResourceTest" time="3.371"/>
  <testcase name="test_getContent_shouldReturnRelationships[11: com.dotcms.contenttype.test.ContentResourceTest$TestCase@53a36325]" classname="com.dotcms.contenttype.test.ContentResourceTest" time="3.225"/>
  <testcase name="test_getContent_shouldReturnRelationships[12: com.dotcms.contenttype.test.ContentResourceTest$TestCase@18e3904f]" classname="com.dotcms.contenttype.test.ContentResourceTest" time="3.166"/>
  <testcase name="test_getContent_shouldReturnRelationships[13: com.dotcms.contenttype.test.ContentResourceTest$TestCase@114f037]" classname="com.dotcms.contenttype.test.ContentResourceTest" time="3.084"/>
  <testcase name="test_getContent_shouldReturnRelationships[14: com.dotcms.contenttype.test.ContentResourceTest$TestCase@7a699d78]" classname="com.dotcms.contenttype.test.ContentResourceTest" time="3.054"/>
  <testcase name="test_getContent_shouldReturnRelationships[15: com.dotcms.contenttype.test.ContentResourceTest$TestCase@329b635b]" classname="com.dotcms.contenttype.test.ContentResourceTest" time="4.19"/>
  <testcase name="test_getContent_shouldReturnRelationships[16: com.dotcms.contenttype.test.ContentResourceTest$TestCase@367eecaf]" classname="com.dotcms.contenttype.test.ContentResourceTest" time="4.111"/>
  <testcase name="test_getContent_shouldReturnRelationships[17: com.dotcms.contenttype.test.ContentResourceTest$TestCase@104d271f]" classname="com.dotcms.contenttype.test.ContentResourceTest" time="3.473"/>
  <testcase name="test_getContent_shouldReturnRelationships[18: com.dotcms.contenttype.test.ContentResourceTest$TestCase@26f9fa33]" classname="com.dotcms.contenttype.test.ContentResourceTest" time="3.397"/>
  <testcase name="test_getContent_shouldReturnRelationships[19: com.dotcms.contenttype.test.ContentResourceTest$TestCase@4f91c40c]" classname="com.dotcms.contenttype.test.ContentResourceTest" time="3.579"/>
  <testcase name="test_getContent_shouldReturnRelationships[20: com.dotcms.contenttype.test.ContentResourceTest$TestCase@ecb52c5]" classname="com.dotcms.contenttype.test.ContentResourceTest" time="3.694"/>
  <testcase name="test_getContent_shouldReturnRelationships[21: com.dotcms.contenttype.test.ContentResourceTest$TestCase@77c7e9dc]" classname="com.dotcms.contenttype.test.ContentResourceTest" time="3.554"/>
  <testcase name="test_getContent_shouldReturnRelationships[22: com.dotcms.contenttype.test.ContentResourceTest$TestCase@1e06bd75]" classname="com.dotcms.contenttype.test.ContentResourceTest" time="3.488"/>
  <testcase name="test_getContent_shouldReturnRelationships[23: com.dotcms.contenttype.test.ContentResourceTest$TestCase@5ff6ab1d]" classname="com.dotcms.contenttype.test.ContentResourceTest" time="3.42"/>
  <testcase name="test_getContent_shouldReturnRelationships[24: com.dotcms.contenttype.test.ContentResourceTest$TestCase@b7f875c]" classname="com.dotcms.contenttype.test.ContentResourceTest" time="3.62"/>
  <testcase name="test_getContent_shouldReturnRelationships[25: com.dotcms.contenttype.test.ContentResourceTest$TestCase@433e16e6]" classname="com.dotcms.contenttype.test.ContentResourceTest" time="2.517"/>
  <testcase name="test_getContent_shouldReturnRelationships[26: com.dotcms.contenttype.test.ContentResourceTest$TestCase@68f8e6e1]" classname="com.dotcms.contenttype.test.ContentResourceTest" time="2.691"/>
  <testcase name="test_getContent_shouldReturnRelationships[27: com.dotcms.contenttype.test.ContentResourceTest$TestCase@2bc06a0]" classname="com.dotcms.contenttype.test.ContentResourceTest" time="3.252"/>
  <testcase name="test_getContent_shouldReturnRelationships[28: com.dotcms.contenttype.test.ContentResourceTest$TestCase@758e34cc]" classname="com.dotcms.contenttype.test.ContentResourceTest" time="3.215"/>
  <testcase name="test_getContent_shouldReturnRelationships[29: com.dotcms.contenttype.test.ContentResourceTest$TestCase@46b485bd]" classname="com.dotcms.contenttype.test.ContentResourceTest" time="3.314"/>
  <testcase name="test_getContent_shouldReturnRelationships[30: com.dotcms.contenttype.test.ContentResourceTest$TestCase@69d4ac64]" classname="com.dotcms.contenttype.test.ContentResourceTest" time="3.31"/>
  <testcase name="test_getContent_shouldReturnRelationships[31: com.dotcms.contenttype.test.ContentResourceTest$TestCase@b3f3ef8]" classname="com.dotcms.contenttype.test.ContentResourceTest" time="2.36"/>
  <testcase name="test_getContent_shouldReturnRelationships[32: com.dotcms.contenttype.test.ContentResourceTest$TestCase@f935307]" classname="com.dotcms.contenttype.test.ContentResourceTest" time="4.453"/>
  <testcase name="test_getContent_shouldReturnRelationships[33: com.dotcms.contenttype.test.ContentResourceTest$TestCase@6de8a625]" classname="com.dotcms.contenttype.test.ContentResourceTest" time="3.391"/>
  <testcase name="testSinglePOST_InvalidParamsShouldReturn400[0: ({\n    &quot;stInode&quot; : &quot;InvalidValue&quot;,\n    &quot;numeric&quot; : &quot;0&quot;,\n    &quot;image&quot; : &quot;whatever&quot;\n}, Bad Request)]" classname="com.dotcms.contenttype.test.ContentResourceTest" time="0.97"/>
  <testcase name="testSinglePOST_InvalidParamsShouldReturn400[1: ({\n    &quot;numeric&quot; : &quot;0&quot;,\n    &quot;image&quot; : &quot;whatever&quot;\n}, Bad Request)]" classname="com.dotcms.contenttype.test.ContentResourceTest" time="0.942"/>
  <testcase name="Test_Save_Action_Set_Null_To_Required_NumericField_Issue_15340" classname="com.dotcms.contenttype.test.ContentResourceTest" time="1.032"/>
  <testcase name="Test_Save_Action_Remove_Image_Then_Verify_Fields_Were_Cleared_Issue_15340" classname="com.dotcms.contenttype.test.ContentResourceTest" time="4.185"/>
  <testcase name="test_getContentWithMultipleSelfRelated_shouldReturnRelationships[0: com.dotcms.contenttype.test.ContentResourceTest$PullSelfRelatedTestCase@53a9a254]" classname="com.dotcms.contenttype.test.ContentResourceTest" time="1.945"/>
  <testcase name="test_getContentWithMultipleSelfRelated_shouldReturnRelationships[1: com.dotcms.contenttype.test.ContentResourceTest$PullSelfRelatedTestCase@4637d84d]" classname="com.dotcms.contenttype.test.ContentResourceTest" time="1.96"/>
  <testcase name="testGetContentWithAllCategoriesInfo[0: json]" classname="com.dotcms.contenttype.test.ContentResourceTest" time="2.657"/>
  <testcase name="testGetContentWithAllCategoriesInfo[1: xml]" classname="com.dotcms.contenttype.test.ContentResourceTest" time="2.699"/>
  <system-out><![CDATA[











]]></system-out>
  <system-err><![CDATA[]]></system-err>
</testsuite>
