<?xml version="1.0" encoding="UTF-8"?>
<testsuite name="com.dotmarketing.portlets.structure.model.ContentletRelationshipsTest" tests="7" skipped="0" failures="0" errors="0" timestamp="2023-07-12T15:36:55" hostname="fv-az411-825" time="10.767">
  <properties/>
  <testcase name="testDoesAllowOnlyOne[0: com.dotmarketing.portlets.structure.model.ContentletRelationshipsTest$CardinalityTestCase@3851bd81]" classname="com.dotmarketing.portlets.structure.model.ContentletRelationshipsTest" time="0.657"/>
  <testcase name="testDoesAllowOnlyOne[1: com.dotmarketing.portlets.structure.model.ContentletRelationshipsTest$CardinalityTestCase@4130493e]" classname="com.dotmarketing.portlets.structure.model.ContentletRelationshipsTest" time="0.653"/>
  <testcase name="testDoesAllowOnlyOne[2: com.dotmarketing.portlets.structure.model.ContentletRelationshipsTest$CardinalityTestCase@f8a0602]" classname="com.dotmarketing.portlets.structure.model.ContentletRelationshipsTest" time="0.614"/>
  <testcase name="testGetRelationshipRecords[0: com.dotmarketing.portlets.structure.model.ContentletRelationshipsTest$TestCase@6795c554]" classname="com.dotmarketing.portlets.structure.model.ContentletRelationshipsTest" time="2.228"/>
  <testcase name="testGetRelationshipRecords[1: com.dotmarketing.portlets.structure.model.ContentletRelationshipsTest$TestCase@521dc192]" classname="com.dotmarketing.portlets.structure.model.ContentletRelationshipsTest" time="2.313"/>
  <testcase name="testGetRelationshipRecords[2: com.dotmarketing.portlets.structure.model.ContentletRelationshipsTest$TestCase@11a70b56]" classname="com.dotmarketing.portlets.structure.model.ContentletRelationshipsTest" time="2.181"/>
  <testcase name="testGetRelationshipRecords[3: com.dotmarketing.portlets.structure.model.ContentletRelationshipsTest$TestCase@4e42b576]" classname="com.dotmarketing.portlets.structure.model.ContentletRelationshipsTest" time="2.119"/>
  <system-out><![CDATA[]]></system-out>
  <system-err><![CDATA[]]></system-err>
</testsuite>
