<?xml version="1.0" encoding="UTF-8"?>
<testsuite name="com.dotmarketing.business.DeterministicIdentifierAPITest" tests="16" skipped="0" failures="0" errors="0" timestamp="2023-07-06T21:57:50" hostname="fv-az440-292" time="1.219">
  <properties/>
  <testcase name="Test_Category_Path_Seed_And_Id" classname="com.dotmarketing.business.DeterministicIdentifierAPITest" time="0.034"/>
  <testcase name="Test_Language_Deterministic_Id[0: LanguageTestCase{expectedSeed='Language:es:US', expectedHash=4913155, langCode='es', countryCode='US', country='United States'}]" classname="com.dotmarketing.business.DeterministicIdentifierAPITest" time="0.002"/>
  <testcase name="Test_Language_Deterministic_Id[1: LanguageTestCase{expectedSeed='Language:ep:', expectedHash=5292269, langCode='ep', countryCode='', country=''}]" classname="com.dotmarketing.business.DeterministicIdentifierAPITest" time="0.001"/>
  <testcase name="Test_Language_Deterministic_Id[2: LanguageTestCase{expectedSeed='Language:sg:SAG', expectedHash=4713118, langCode='sg', countryCode='SAG', country=''}]" classname="com.dotmarketing.business.DeterministicIdentifierAPITest" time="0.002"/>
  <testcase name="Test_Language_Deterministic_Id[3: LanguageTestCase{expectedSeed='Language:en:NZ', expectedHash=5382528, langCode='en', countryCode='NZ', country='New Zealand'}]" classname="com.dotmarketing.business.DeterministicIdentifierAPITest" time="0.001"/>
  <testcase name="Test_Category_None_Persisted_Category_Should_Return_Deterministic_Id" classname="com.dotmarketing.business.DeterministicIdentifierAPITest" time="0.002"/>
  <testcase name="Test_Asset_Generate_Deterministic_Id_Best_Effort[0: TestCase{versionable=my.host1688680264148.com, parent=System Host, expectedName='my.host1688680264148.com', expectedType='Host'}]" classname="com.dotmarketing.business.DeterministicIdentifierAPITest" time="0.005"/>
  <testcase name="Test_Asset_Generate_Deterministic_Id_Best_Effort[1: TestCase{versionable=com.dotmarketing.portlets.contentlet.model.Contentlet@5814d046[map={modDate=2023-07-06 21:51:04.95, fileName=file18289975236390169418.txt, title=file18289975236390169418.txt, inode=59b64ddf-96ff-4972-ae56-bdc1cd1e91a7, __IS_NEW_CONTENT__=true, disabledWYSIWYG=[], host=f6b2f38f-210e-48ef-8ca9-d54d37748abc, stInode=33888b6f-7a8e-4069-b1b6-5c1aa9d0a48d, owner=system, identifier=23bf89b9-7939-4ab9-a8dc-ac8b4d89321f, nullProperties=[wfExpireDate, wfPublishDate, wfActionAssign, wfActionId, wfActionComments, filterKey, whereToSend, wfNeverExpire, _path_to_move, timezoneId, iWantTo, wfPublishTime, wfExpireTime], languageId=1, fileAsset=/home/runner/work/core/custom/assets/5/9/59b64ddf-96ff-4972-ae56-bdc1cd1e91a7/fileAsset/file18289975236390169418.txt, folder=1cfdd656-6af7-4f13-b116-5fe41a199b3a, __disable_workflow__=true, sortOrder=0, modUser=system},lowIndexPriority=false,variantId=DEFAULT], parent=com.dotmarketing.portlets.folders.model.Folder@6993c068[identifier=1cfdd656-6af7-4f13-b116-5fe41a199b3a,name=testName1688680264943,sortOrder=0,showOnMenu=false,hostId=f6b2f38f-210e-48ef-8ca9-d54d37748abc,type=folder,title=testTitle1688680264943,filesMasks=,defaultFileType=33888b6f-7a8e-4069-b1b6-5c1aa9d0a48d,modDate=2023-07-06 21:51:04.946,owner=&lt;null&gt;,iDate=2023-07-06 21:51:04.946,inode=1cfdd656-6af7-4f13-b116-5fe41a199b3a,path=/testName1688680264943/], expectedName='file18289975236390169418.txt', expectedType='FileAsset'}]" classname="com.dotmarketing.business.DeterministicIdentifierAPITest" time="0.004"/>
  <testcase name="Test_Asset_Generate_Deterministic_Id_Best_Effort[2: TestCase{versionable=com.dotmarketing.portlets.templates.model.Template@df65c90f, parent=my.host1688680264148.com, expectedName='testTitle1688680265039', expectedType='Template'}]" classname="com.dotmarketing.business.DeterministicIdentifierAPITest" time="0.002"/>
  <testcase name="Test_Asset_Generate_Deterministic_Id_Best_Effort[3: TestCase{versionable=com.dotmarketing.portlets.htmlpageasset.model.HTMLPageAsset@66c72912[map={template=7bc30386-d84d-4135-998b-4310f1bd01ae, owner=system, identifier=1e84648a-bc7a-4ac2-a321-dbb6ac033c74, nullProperties=[wfExpireDate, wfPublishDate, wfActionAssign, wfActionId, wfActionComments, filterKey, whereToSend, wfNeverExpire, _path_to_move, timezoneId, iWantTo, wfPublishTime, wfExpireTime], modDate=2023-07-06 21:51:05.056, cachettl=0, _is_test_mode=true, languageId=1, title=test-page-title-1688680265050, httpsreq=, url=test-page-url-1688680265050, showOnMenu=, inode=7969d9f8-fd99-416e-b9e7-505ee1b16385, folder=1cfdd656-6af7-4f13-b116-5fe41a199b3a, disabledWYSIWYG=[], sortOrder=1, modUser=system, host=f6b2f38f-210e-48ef-8ca9-d54d37748abc, stInode=c541abb1-69b3-4bc5-8430-5e09e5239cc8, friendlyName=test-page-friendly-name-1688680265050},lowIndexPriority=false,variantId=DEFAULT], parent=com.dotmarketing.portlets.folders.model.Folder@6993c068[identifier=1cfdd656-6af7-4f13-b116-5fe41a199b3a,name=testName1688680264943,sortOrder=0,showOnMenu=false,hostId=f6b2f38f-210e-48ef-8ca9-d54d37748abc,type=folder,title=testTitle1688680264943,filesMasks=,defaultFileType=33888b6f-7a8e-4069-b1b6-5c1aa9d0a48d,modDate=2023-07-06 21:51:04.946,owner=&lt;null&gt;,iDate=2023-07-06 21:51:04.946,inode=1cfdd656-6af7-4f13-b116-5fe41a199b3a,path=/testName1688680264943/], expectedName='test-page-url-1688680265050', expectedType='htmlpageasset'}]" classname="com.dotmarketing.business.DeterministicIdentifierAPITest" time="0.003"/>
  <testcase name="Test_Asset_Generate_Deterministic_Id_Best_Effort[4: TestCase{versionable=com.dotmarketing.portlets.contentlet.model.Contentlet@293fa438[map={fileAsset2=/home/runner/work/core/custom/assets/b/f/bf793a5e-6b9e-4181-9b80-b9c41869b54e/fileAsset2/test_binary1688680266899.png, modDate=2023-07-06 21:51:06.904, fileAsset1=/home/runner/work/core/custom/assets/b/f/bf793a5e-6b9e-4181-9b80-b9c41869b54e/fileAsset1/test_binary1688680266899.jpg, title=blah, inode=bf793a5e-6b9e-4181-9b80-b9c41869b54e, __IS_NEW_CONTENT__=true, disabledWYSIWYG=[], host=48190c8c-42c4-46af-8d1a-0cd5db894797, stInode=21b976a1-79bb-40e5-a88f-4d08ef0e3c19, owner=system, identifier=22b97522-14b9-41bd-abc6-14a18ab06ac1, nullProperties=[], languageId=1, image1=ffbf1e70-2c41-4b35-846f-bf1767e8e0c3, folder=SYSTEM_FOLDER, __disable_workflow__=true, sortOrder=0, modUser=system},lowIndexPriority=false,variantId=DEFAULT], parent=demo.dotcms.com, expectedName='test_binary1688680266899.jpg:test_binary1688680266899.png', expectedType='MultipleBinaries1688680265233'}]" classname="com.dotmarketing.business.DeterministicIdentifierAPITest" time="0.005"/>
  <testcase name="Test_Asset_Generate_Deterministic_Id_Best_Effort[5: TestCase{versionable=name0a2c667512 : keyTag0a2c667512, parent=my.host1688680264148.com, expectedName='keyTag0a2c667512', expectedType='persona'}]" classname="com.dotmarketing.business.DeterministicIdentifierAPITest" time="0.004"/>
  <testcase name="Test_Similar_Content_Type_Wont_Clash" classname="com.dotmarketing.business.DeterministicIdentifierAPITest" time="0.555"/>
  <testcase name="Test_Generate_Folder_Identifier" classname="com.dotmarketing.business.DeterministicIdentifierAPITest" time="0.58"/>
  <testcase name="Test_Generate_Content_Type_Identifier[0: ContentTypeTestCase{contentType=KeyValueContentType{name=Language Variable, id=f4d7c1b8-2c88-4071-abf1-a5328977b07d, description=Default Content Type for Language Variables, defaultType=false, fixed=true, iDate=Thu Aug 31 16:38:49 UTC 2017, system=true, versionable=true, variable=Languagevariable, modDate=Thu Jul 06 20:41:43 UTC 2023, host=SYSTEM_HOST, siteName=systemHost, icon=language, sortOrder=0, folder=SYSTEM_FOLDER, folderPath=/, markedForDeletion=true, multilingualable=false}, expectedName='Languagevariable', expectedType='KeyValue'}]" classname="com.dotmarketing.business.DeterministicIdentifierAPITest" time="0.006"/>
  <testcase name="Test_Generate_Content_Type_Identifier[1: ContentTypeTestCase{contentType=SimpleContentType{name=testName1688680267272, id=ec6ac144-4540-40fb-bcd4-3279523cb45b, description=testDescription1688680267272, defaultType=false, fixed=false, iDate=Thu Jul 06 21:51:07 UTC 2023, system=false, versionable=true, multilingualable=false, variable=testVarname1688680267272, owner=system, modDate=Thu Jul 06 21:51:08 UTC 2023, host=48190c8c-42c4-46af-8d1a-0cd5db894797, siteName=demo.dotcms.com, icon=event_note, sortOrder=0, folder=SYSTEM_FOLDER, folderPath=/, requiredFields=[], markedForDeletion=false}, expectedName='testVarname1688680267272', expectedType='CONTENT'}]" classname="com.dotmarketing.business.DeterministicIdentifierAPITest" time="0.009"/>
  <system-out><![CDATA[]]></system-out>
  <system-err><![CDATA[]]></system-err>
</testsuite>
