<?xml version="1.0" encoding="UTF-8"?>
<testsuite name="com.dotcms.rest.api.v1.contenttype.FieldVariableResourceTest" tests="2" skipped="0" failures="0" errors="0" timestamp="2023-07-03T21:54:13" hostname="fv-az344-336" time="12.864">
  <properties/>
  <testcase name="testByFieldId" classname="com.dotcms.rest.api.v1.contenttype.FieldVariableResourceTest" time="6.432"/>
  <testcase name="testByFieldVar" classname="com.dotcms.rest.api.v1.contenttype.FieldVariableResourceTest" time="6.432"/>
  <system-out><![CDATA[]]></system-out>
  <system-err><![CDATA[]]></system-err>
</testsuite>
