<?xml version="1.0" encoding="UTF-8"?>
<testsuite name="com.dotcms.rest.api.v1.vtl.VTLResourceIntegrationTest" tests="6" skipped="0" failures="0" errors="0" timestamp="2023-07-13T18:47:39" hostname="fv-az254-636" time="12.562">
  <properties/>
  <testcase name="testGet[0: com.dotcms.rest.api.v1.vtl.VTLResourceTestCase@543d49f6]" classname="com.dotcms.rest.api.v1.vtl.VTLResourceIntegrationTest" time="2.383"/>
  <testcase name="testGet[1: com.dotcms.rest.api.v1.vtl.VTLResourceTestCase@4a43a190]" classname="com.dotcms.rest.api.v1.vtl.VTLResourceIntegrationTest" time="2.031"/>
  <testcase name="testGet[2: com.dotcms.rest.api.v1.vtl.VTLResourceTestCase@75baefaf]" classname="com.dotcms.rest.api.v1.vtl.VTLResourceIntegrationTest" time="1.985"/>
  <testcase name="testGet[3: com.dotcms.rest.api.v1.vtl.VTLResourceTestCase@2b325103]" classname="com.dotcms.rest.api.v1.vtl.VTLResourceIntegrationTest" time="2.018"/>
  <testcase name="testGet[4: com.dotcms.rest.api.v1.vtl.VTLResourceTestCase@157ecf6a]" classname="com.dotcms.rest.api.v1.vtl.VTLResourceIntegrationTest" time="2.033"/>
  <testcase name="testGet[5: com.dotcms.rest.api.v1.vtl.VTLResourceTestCase@4266b374]" classname="com.dotcms.rest.api.v1.vtl.VTLResourceIntegrationTest" time="2.112"/>
  <system-out><![CDATA[]]></system-out>
  <system-err><![CDATA[]]></system-err>
</testsuite>
