<?xml version="1.0" encoding="UTF-8"?>
<testsuite name="com.dotcms.rest.api.v1.vtl.VTLResourceIntegrationTest" tests="6" skipped="0" failures="0" errors="0" timestamp="2023-06-29T20:44:17" hostname="fv-az576-571" time="10.967">
  <properties/>
  <testcase name="testGet[0: com.dotcms.rest.api.v1.vtl.VTLResourceTestCase@3880c953]" classname="com.dotcms.rest.api.v1.vtl.VTLResourceIntegrationTest" time="2.179"/>
  <testcase name="testGet[1: com.dotcms.rest.api.v1.vtl.VTLResourceTestCase@4cdfcb98]" classname="com.dotcms.rest.api.v1.vtl.VTLResourceIntegrationTest" time="1.965"/>
  <testcase name="testGet[2: com.dotcms.rest.api.v1.vtl.VTLResourceTestCase@7ce580ab]" classname="com.dotcms.rest.api.v1.vtl.VTLResourceIntegrationTest" time="0.823"/>
  <testcase name="testGet[3: com.dotcms.rest.api.v1.vtl.VTLResourceTestCase@51e18077]" classname="com.dotcms.rest.api.v1.vtl.VTLResourceIntegrationTest" time="2.28"/>
  <testcase name="testGet[4: com.dotcms.rest.api.v1.vtl.VTLResourceTestCase@6f951149]" classname="com.dotcms.rest.api.v1.vtl.VTLResourceIntegrationTest" time="1.929"/>
  <testcase name="testGet[5: com.dotcms.rest.api.v1.vtl.VTLResourceTestCase@5d248428]" classname="com.dotcms.rest.api.v1.vtl.VTLResourceIntegrationTest" time="1.79"/>
  <system-out><![CDATA[]]></system-out>
  <system-err><![CDATA[]]></system-err>
</testsuite>
