<?xml version="1.0" encoding="UTF-8"?>
<testsuite name="com.dotmarketing.servlets.ajax.AjaxDirectorServletIntegrationTest" tests="2" skipped="0" failures="0" errors="0" timestamp="2023-07-04T17:15:50" hostname="fv-az162-235" time="1.44">
  <properties/>
  <testcase name="testService[0: com.dotmarketing.servlets.ajax.AjaxDirectorServletTestCase@2a09a55]" classname="com.dotmarketing.servlets.ajax.AjaxDirectorServletIntegrationTest" time="0.788"/>
  <testcase name="testService[1: com.dotmarketing.servlets.ajax.AjaxDirectorServletTestCase@4fa04181]" classname="com.dotmarketing.servlets.ajax.AjaxDirectorServletIntegrationTest" time="0.652"/>
  <system-out><![CDATA[]]></system-out>
  <system-err><![CDATA[]]></system-err>
</testsuite>
