<?xml version="1.0" encoding="UTF-8"?>
<testsuite name="com.dotcms.enterprise.publishing.remote.bundler.ContainerBundlerTest" tests="4" skipped="0" failures="0" errors="0" timestamp="2023-06-28T01:09:34" hostname="fv-az573-179" time="0.044">
  <properties/>
  <testcase name="addContainerInBundle[0: com.dotcms.enterprise.publishing.remote.bundler.ContainerBundlerTest$TestCase@4b9d83ea]" classname="com.dotcms.enterprise.publishing.remote.bundler.ContainerBundlerTest" time="0.013"/>
  <testcase name="addContainerInBundle[1: com.dotcms.enterprise.publishing.remote.bundler.ContainerBundlerTest$TestCase@6bd6071e]" classname="com.dotcms.enterprise.publishing.remote.bundler.ContainerBundlerTest" time="0.007"/>
  <testcase name="addContainerInBundle[2: com.dotcms.enterprise.publishing.remote.bundler.ContainerBundlerTest$TestCase@2378c990]" classname="com.dotcms.enterprise.publishing.remote.bundler.ContainerBundlerTest" time="0.007"/>
  <testcase name="addContainerInBundle[3: com.dotcms.enterprise.publishing.remote.bundler.ContainerBundlerTest$TestCase@438422b]" classname="com.dotcms.enterprise.publishing.remote.bundler.ContainerBundlerTest" time="0.016"/>
  <system-out><![CDATA[]]></system-out>
  <system-err><![CDATA[]]></system-err>
</testsuite>
