<?xml version="1.0" encoding="UTF-8"?>
<testsuite name="com.dotcms.rest.api.v1.vtl.VTLResourceIntegrationTest" tests="6" skipped="0" failures="0" errors="0" timestamp="2023-07-22T00:43:08" hostname="fv-az735-229" time="12.103">
  <properties/>
  <testcase name="testGet[0: com.dotcms.rest.api.v1.vtl.VTLResourceTestCase@2ce545f3]" classname="com.dotcms.rest.api.v1.vtl.VTLResourceIntegrationTest" time="2.189"/>
  <testcase name="testGet[1: com.dotcms.rest.api.v1.vtl.VTLResourceTestCase@77cfc303]" classname="com.dotcms.rest.api.v1.vtl.VTLResourceIntegrationTest" time="1.876"/>
  <testcase name="testGet[2: com.dotcms.rest.api.v1.vtl.VTLResourceTestCase@19a00eaa]" classname="com.dotcms.rest.api.v1.vtl.VTLResourceIntegrationTest" time="2.046"/>
  <testcase name="testGet[3: com.dotcms.rest.api.v1.vtl.VTLResourceTestCase@272aef8c]" classname="com.dotcms.rest.api.v1.vtl.VTLResourceIntegrationTest" time="2.062"/>
  <testcase name="testGet[4: com.dotcms.rest.api.v1.vtl.VTLResourceTestCase@21e6fc47]" classname="com.dotcms.rest.api.v1.vtl.VTLResourceIntegrationTest" time="1.882"/>
  <testcase name="testGet[5: com.dotcms.rest.api.v1.vtl.VTLResourceTestCase@28b8f4a3]" classname="com.dotcms.rest.api.v1.vtl.VTLResourceIntegrationTest" time="2.048"/>
  <system-out><![CDATA[]]></system-out>
  <system-err><![CDATA[]]></system-err>
</testsuite>
