<?xml version="1.0" encoding="UTF-8"?>
<testsuite name="com.dotcms.csspreproc.CSSPreProcessServletTest" tests="3" skipped="0" failures="0" errors="0" timestamp="2023-07-13T21:32:30" hostname="fv-az673-76" time="1.142">
  <properties/>
  <testcase name="testCompileScssFileWithImport" classname="com.dotcms.csspreproc.CSSPreProcessServletTest" time="1.104"/>
  <testcase name="testCompileValidScssFile" classname="com.dotcms.csspreproc.CSSPreProcessServletTest" time="0.019"/>
  <testcase name="testCompileInvalidScssFile" classname="com.dotcms.csspreproc.CSSPreProcessServletTest" time="0.019"/>
  <system-out><![CDATA[]]></system-out>
  <system-err><![CDATA[]]></system-err>
</testsuite>
