<?xml version="1.0" encoding="UTF-8"?>
<testsuite name="com.dotmarketing.startup.runonce.Task05035LanguageTableIdentityOffTest" tests="1" skipped="0" failures="0" errors="0" timestamp="2023-07-18T00:35:53" hostname="fv-az162-832" time="0.017">
  <properties/>
  <testcase name="testExecuteUpgrade" classname="com.dotmarketing.startup.runonce.Task05035LanguageTableIdentityOffTest" time="0.017"/>
  <system-out><![CDATA[]]></system-out>
  <system-err><![CDATA[]]></system-err>
</testsuite>
