<?xml version="1.0" encoding="UTF-8"?>
<testsuite name="com.dotcms.rest.api.v1.versionable.VersionableResourceTest" tests="24" skipped="0" failures="0" errors="0" timestamp="2023-07-11T18:14:20" hostname="fv-az351-324" time="44.995">
  <properties/>
  <testcase name="test_findVersion_inodeDoesNotExist_return404" classname="com.dotcms.rest.api.v1.versionable.VersionableResourceTest" time="0.883"/>
  <testcase name="test_restoreVersion_inodeDoesNotExist_return404" classname="com.dotcms.rest.api.v1.versionable.VersionableResourceTest" time="0.855"/>
  <testcase name="test_deleteVersion_limitedUserWithoutEditPermission_contentlet_return403" classname="com.dotcms.rest.api.v1.versionable.VersionableResourceTest" time="2.42"/>
  <testcase name="test_findAllVersions_container_success" classname="com.dotcms.rest.api.v1.versionable.VersionableResourceTest" time="1.073"/>
  <testcase name="test_findAllVersion_identifierDoesNotExist_return404" classname="com.dotcms.rest.api.v1.versionable.VersionableResourceTest" time="0.826"/>
  <testcase name="test_deleteVersion_limitedUserWithoutEditPermission_container_return403" classname="com.dotcms.rest.api.v1.versionable.VersionableResourceTest" time="2.292"/>
  <testcase name="test_findAllVersions_contentlet_success" classname="com.dotcms.rest.api.v1.versionable.VersionableResourceTest" time="2.253"/>
  <testcase name="test_findAllVersions_limitedUserWithoutViewPermission_contentlet_return403" classname="com.dotcms.rest.api.v1.versionable.VersionableResourceTest" time="2.748"/>
  <testcase name="test_deleteVersion_versionIsWorkingOrLive_container_return400" classname="com.dotcms.rest.api.v1.versionable.VersionableResourceTest" time="1.137"/>
  <testcase name="test_findVersion_contentlet_success" classname="com.dotcms.rest.api.v1.versionable.VersionableResourceTest" time="2.103"/>
  <testcase name="test_findVersion_template_success" classname="com.dotcms.rest.api.v1.versionable.VersionableResourceTest" time="1.978"/>
  <testcase name="test_restoreVersion_limitedUserWithoutEditPermission_container_return403" classname="com.dotcms.rest.api.v1.versionable.VersionableResourceTest" time="2.911"/>
  <testcase name="test_findVersion_limitedUserWithoutViewPermission_contentlet_return403" classname="com.dotcms.rest.api.v1.versionable.VersionableResourceTest" time="2.021"/>
  <testcase name="test_findVersion_container_success" classname="com.dotcms.rest.api.v1.versionable.VersionableResourceTest" time="1.084"/>
  <testcase name="test_findAllVersions_limitedUserWithoutViewPermission_template_return403" classname="com.dotcms.rest.api.v1.versionable.VersionableResourceTest" time="2.895"/>
  <testcase name="test_deleteVersion_container_success" classname="com.dotcms.rest.api.v1.versionable.VersionableResourceTest" time="1.154"/>
  <testcase name="test_findAllVersions_link_success" classname="com.dotcms.rest.api.v1.versionable.VersionableResourceTest" time="1.993"/>
  <testcase name="test_findVersion_link_success" classname="com.dotcms.rest.api.v1.versionable.VersionableResourceTest" time="1.243"/>
  <testcase name="test_deleteVersion_contentlet_success" classname="com.dotcms.rest.api.v1.versionable.VersionableResourceTest" time="2.073"/>
  <testcase name="test_restoreVersion_container_success" classname="com.dotcms.rest.api.v1.versionable.VersionableResourceTest" time="1.88"/>
  <testcase name="test_deleteVersion_versionIsWorkingOrLive_contentlet_return400" classname="com.dotcms.rest.api.v1.versionable.VersionableResourceTest" time="2.172"/>
  <testcase name="test_findVersion_limitedUserWithoutViewPermission_template_return403" classname="com.dotcms.rest.api.v1.versionable.VersionableResourceTest" time="2.84"/>
  <testcase name="test_findAllVersions_template_success" classname="com.dotcms.rest.api.v1.versionable.VersionableResourceTest" time="1.993"/>
  <testcase name="test_findVersion_limitedUserWithoutViewPermission_container_return403" classname="com.dotcms.rest.api.v1.versionable.VersionableResourceTest" time="2.163"/>
  <system-out><![CDATA[]]></system-out>
  <system-err><![CDATA[]]></system-err>
</testsuite>
