<?xml version="1.0" encoding="UTF-8"?>
<testsuite name="com.dotcms.rest.MapToContentletPopulatorTest" tests="20" skipped="0" failures="0" errors="0" timestamp="2023-07-13T20:35:36" hostname="fv-az673-76" time="56.058">
  <properties/>
  <testcase name="testPopulateLegacyRelationshipWithLuceneQueryAndIdentifier" classname="com.dotcms.rest.MapToContentletPopulatorTest" time="7.999"/>
  <testcase name="Test_Pass_Valid_Category" classname="com.dotcms.rest.MapToContentletPopulatorTest" time="4.437"/>
  <testcase name="Test_Pass_Empty_List_Multiple_Category_Fields_Pass_Empty_List" classname="com.dotcms.rest.MapToContentletPopulatorTest" time="1.676"/>
  <testcase name="Test_Pass_Null_As_Category" classname="com.dotcms.rest.MapToContentletPopulatorTest" time="4.516"/>
  <testcase name="testPopulateTwoSidedRelationshipWithLuceneQuery" classname="com.dotcms.rest.MapToContentletPopulatorTest" time="1.84"/>
  <testcase name="Test_Pass_Invalid_Category" classname="com.dotcms.rest.MapToContentletPopulatorTest" time="4.519"/>
  <testcase name="Test_Pass_List_Of_Categories" classname="com.dotcms.rest.MapToContentletPopulatorTest" time="4.553"/>
  <testcase name="testPopulateOneSidedRelationship[0: com.dotcms.rest.MapToContentletPopulatorTest$TestCase@18b7ba14]" classname="com.dotcms.rest.MapToContentletPopulatorTest" time="1.454"/>
  <testcase name="testPopulateOneSidedRelationship[1: com.dotcms.rest.MapToContentletPopulatorTest$TestCase@5bad41ec]" classname="com.dotcms.rest.MapToContentletPopulatorTest" time="1.455"/>
  <testcase name="testPopulateOneSidedRelationship[2: com.dotcms.rest.MapToContentletPopulatorTest$TestCase@580e7bf4]" classname="com.dotcms.rest.MapToContentletPopulatorTest" time="1.473"/>
  <testcase name="testPopulateOneSidedRelationship[3: com.dotcms.rest.MapToContentletPopulatorTest$TestCase@39503379]" classname="com.dotcms.rest.MapToContentletPopulatorTest" time="1.433"/>
  <testcase name="Test_Set_Or_Resolve_Language" classname="com.dotcms.rest.MapToContentletPopulatorTest" time="1.078"/>
  <testcase name="Test_Pass_Categoryless_Contentlet" classname="com.dotcms.rest.MapToContentletPopulatorTest" time="4.589"/>
  <testcase name="Test_Pass_Empty_List_Multiple_Category_Fields_Pass_Null[0: &lt;null&gt;]" classname="com.dotcms.rest.MapToContentletPopulatorTest" time="1.696"/>
  <testcase name="Test_Pass_Empty_List_Multiple_Category_Fields_Pass_Null[1: null]" classname="com.dotcms.rest.MapToContentletPopulatorTest" time="1.717"/>
  <testcase name="Test_Pass_Empty_List_Multiple_Category_Fields_Pass_Null[2: null]" classname="com.dotcms.rest.MapToContentletPopulatorTest" time="1.714"/>
  <testcase name="Test_Pass_Empty_List_Of_Categories" classname="com.dotcms.rest.MapToContentletPopulatorTest" time="4.593"/>
  <testcase name="testPopulateContentletWithTwoSidedRelationshipAndParentRelationNameEqualsToAnotherFieldVarInChild" classname="com.dotcms.rest.MapToContentletPopulatorTest" time="1.66"/>
  <testcase name="Test_Pass_Empty_List_Multiple_Category_Fields_Pass_List_Of_Category" classname="com.dotcms.rest.MapToContentletPopulatorTest" time="1.724"/>
  <testcase name="testPopulateSelfJoinedRelationshipWithLuceneQuery" classname="com.dotcms.rest.MapToContentletPopulatorTest" time="1.93"/>
  <system-out><![CDATA[]]></system-out>
  <system-err><![CDATA[]]></system-err>
</testsuite>
