<?xml version="1.0" encoding="UTF-8"?>
<testsuite name="com.dotmarketing.portlets.structure.model.ContentletRelationshipsTest" tests="7" skipped="0" failures="0" errors="0" timestamp="2023-07-18T04:17:37" hostname="fv-az1236-699" time="9.418">
  <properties/>
  <testcase name="testDoesAllowOnlyOne[0: com.dotmarketing.portlets.structure.model.ContentletRelationshipsTest$CardinalityTestCase@3e7a52ff]" classname="com.dotmarketing.portlets.structure.model.ContentletRelationshipsTest" time="0.539"/>
  <testcase name="testDoesAllowOnlyOne[1: com.dotmarketing.portlets.structure.model.ContentletRelationshipsTest$CardinalityTestCase@6f236dc6]" classname="com.dotmarketing.portlets.structure.model.ContentletRelationshipsTest" time="0.428"/>
  <testcase name="testDoesAllowOnlyOne[2: com.dotmarketing.portlets.structure.model.ContentletRelationshipsTest$CardinalityTestCase@6ff81487]" classname="com.dotmarketing.portlets.structure.model.ContentletRelationshipsTest" time="0.439"/>
  <testcase name="testGetRelationshipRecords[0: com.dotmarketing.portlets.structure.model.ContentletRelationshipsTest$TestCase@49643476]" classname="com.dotmarketing.portlets.structure.model.ContentletRelationshipsTest" time="1.991"/>
  <testcase name="testGetRelationshipRecords[1: com.dotmarketing.portlets.structure.model.ContentletRelationshipsTest$TestCase@25e57a0f]" classname="com.dotmarketing.portlets.structure.model.ContentletRelationshipsTest" time="2.058"/>
  <testcase name="testGetRelationshipRecords[2: com.dotmarketing.portlets.structure.model.ContentletRelationshipsTest$TestCase@515c6e28]" classname="com.dotmarketing.portlets.structure.model.ContentletRelationshipsTest" time="1.951"/>
  <testcase name="testGetRelationshipRecords[3: com.dotmarketing.portlets.structure.model.ContentletRelationshipsTest$TestCase@7eaf04a8]" classname="com.dotmarketing.portlets.structure.model.ContentletRelationshipsTest" time="2.01"/>
  <system-out><![CDATA[]]></system-out>
  <system-err><![CDATA[]]></system-err>
</testsuite>
