<?xml version="1.0" encoding="UTF-8"?>
<testsuite name="com.dotmarketing.business.DeterministicIdentifierAPITest" tests="16" skipped="0" failures="0" errors="0" timestamp="2023-06-30T17:12:58" hostname="fv-az193-238" time="1.343">
  <properties/>
  <testcase name="Test_Category_Path_Seed_And_Id" classname="com.dotmarketing.business.DeterministicIdentifierAPITest" time="0.025"/>
  <testcase name="Test_Language_Deterministic_Id[0: LanguageTestCase{expectedSeed='Language:es:US', expectedHash=4913155, langCode='es', countryCode='US', country='United States'}]" classname="com.dotmarketing.business.DeterministicIdentifierAPITest" time="0.002"/>
  <testcase name="Test_Language_Deterministic_Id[1: LanguageTestCase{expectedSeed='Language:ep:', expectedHash=5292269, langCode='ep', countryCode='', country=''}]" classname="com.dotmarketing.business.DeterministicIdentifierAPITest" time="0.001"/>
  <testcase name="Test_Language_Deterministic_Id[2: LanguageTestCase{expectedSeed='Language:sg:SAG', expectedHash=4713118, langCode='sg', countryCode='SAG', country=''}]" classname="com.dotmarketing.business.DeterministicIdentifierAPITest" time="0.0"/>
  <testcase name="Test_Language_Deterministic_Id[3: LanguageTestCase{expectedSeed='Language:en:NZ', expectedHash=5382528, langCode='en', countryCode='NZ', country='New Zealand'}]" classname="com.dotmarketing.business.DeterministicIdentifierAPITest" time="0.001"/>
  <testcase name="Test_Category_None_Persisted_Category_Should_Return_Deterministic_Id" classname="com.dotmarketing.business.DeterministicIdentifierAPITest" time="0.001"/>
  <testcase name="Test_Asset_Generate_Deterministic_Id_Best_Effort[0: TestCase{versionable=my.host1688144794342.com, parent=System Host, expectedName='my.host1688144794342.com', expectedType='Host'}]" classname="com.dotmarketing.business.DeterministicIdentifierAPITest" time="0.006"/>
  <testcase name="Test_Asset_Generate_Deterministic_Id_Best_Effort[1: TestCase{versionable=com.dotmarketing.portlets.contentlet.model.Contentlet@1469c142[map={modDate=2023-06-30 17:06:35.153, fileName=file7223487842544146831.txt, title=file7223487842544146831.txt, inode=509a8729-6b7d-4b31-ac32-fabf779adeb5, __IS_NEW_CONTENT__=true, disabledWYSIWYG=[], host=b24985e3-9926-4360-9304-53024e273083, stInode=33888b6f-7a8e-4069-b1b6-5c1aa9d0a48d, owner=system, identifier=2d86c053-222a-4504-bc57-c1bb827c4a1d, nullProperties=[wfExpireDate, wfPublishDate, wfActionAssign, wfActionId, wfActionComments, filterKey, whereToSend, wfNeverExpire, _path_to_move, timezoneId, iWantTo, wfPublishTime, wfExpireTime], languageId=1, fileAsset=/home/runner/work/core/custom/assets/5/0/509a8729-6b7d-4b31-ac32-fabf779adeb5/fileAsset/file7223487842544146831.txt, folder=bc39b6bf-bf7a-4243-98da-137ff4e1cb32, __disable_workflow__=true, sortOrder=0, modUser=system},lowIndexPriority=false,variantId=DEFAULT], parent=com.dotmarketing.portlets.folders.model.Folder@36b458a[identifier=bc39b6bf-bf7a-4243-98da-137ff4e1cb32,name=testName1688144795147,sortOrder=0,showOnMenu=false,hostId=b24985e3-9926-4360-9304-53024e273083,type=folder,title=testTitle1688144795147,filesMasks=,defaultFileType=33888b6f-7a8e-4069-b1b6-5c1aa9d0a48d,modDate=2023-06-30 17:06:35.149,owner=&lt;null&gt;,iDate=2023-06-30 17:06:35.149,inode=bc39b6bf-bf7a-4243-98da-137ff4e1cb32,path=/testName1688144795147/], expectedName='file7223487842544146831.txt', expectedType='FileAsset'}]" classname="com.dotmarketing.business.DeterministicIdentifierAPITest" time="0.003"/>
  <testcase name="Test_Asset_Generate_Deterministic_Id_Best_Effort[2: TestCase{versionable=com.dotmarketing.portlets.templates.model.Template@6d7a0d43, parent=my.host1688144794342.com, expectedName='testTitle1688144795270', expectedType='Template'}]" classname="com.dotmarketing.business.DeterministicIdentifierAPITest" time="0.002"/>
  <testcase name="Test_Asset_Generate_Deterministic_Id_Best_Effort[3: TestCase{versionable=com.dotmarketing.portlets.htmlpageasset.model.HTMLPageAsset@6515b9b5[map={template=28f9ceb1-1714-401c-b73b-dd24f890ae35, owner=system, identifier=04b4f4bf-cab4-4ebe-ae2e-7fc0e08faeec, nullProperties=[wfExpireDate, wfPublishDate, wfActionAssign, wfActionId, wfActionComments, filterKey, whereToSend, wfNeverExpire, _path_to_move, timezoneId, iWantTo, wfPublishTime, wfExpireTime], modDate=2023-06-30 17:06:35.289, cachettl=0, _is_test_mode=true, languageId=1, title=test-page-title-1688144795284, httpsreq=, url=test-page-url-1688144795284, showOnMenu=, inode=18451755-a350-4b6e-94c7-6eb8d7385a21, folder=bc39b6bf-bf7a-4243-98da-137ff4e1cb32, disabledWYSIWYG=[], sortOrder=1, modUser=system, host=b24985e3-9926-4360-9304-53024e273083, stInode=c541abb1-69b3-4bc5-8430-5e09e5239cc8, friendlyName=test-page-friendly-name-1688144795284},lowIndexPriority=false,variantId=DEFAULT], parent=com.dotmarketing.portlets.folders.model.Folder@36b458a[identifier=bc39b6bf-bf7a-4243-98da-137ff4e1cb32,name=testName1688144795147,sortOrder=0,showOnMenu=false,hostId=b24985e3-9926-4360-9304-53024e273083,type=folder,title=testTitle1688144795147,filesMasks=,defaultFileType=33888b6f-7a8e-4069-b1b6-5c1aa9d0a48d,modDate=2023-06-30 17:06:35.149,owner=&lt;null&gt;,iDate=2023-06-30 17:06:35.149,inode=bc39b6bf-bf7a-4243-98da-137ff4e1cb32,path=/testName1688144795147/], expectedName='test-page-url-1688144795284', expectedType='htmlpageasset'}]" classname="com.dotmarketing.business.DeterministicIdentifierAPITest" time="0.002"/>
  <testcase name="Test_Asset_Generate_Deterministic_Id_Best_Effort[4: TestCase{versionable=com.dotmarketing.portlets.contentlet.model.Contentlet@2628a59f[map={fileAsset2=/home/runner/work/core/custom/assets/c/0/c0630712-b1b5-479e-b465-4c41f0a04ea5/fileAsset2/test_binary1688144796136.png, modDate=2023-06-30 17:06:36.14, fileAsset1=/home/runner/work/core/custom/assets/c/0/c0630712-b1b5-479e-b465-4c41f0a04ea5/fileAsset1/test_binary1688144796136.jpg, title=blah, inode=c0630712-b1b5-479e-b465-4c41f0a04ea5, __IS_NEW_CONTENT__=true, disabledWYSIWYG=[], host=48190c8c-42c4-46af-8d1a-0cd5db894797, stInode=5e427aaa-f325-44af-b0e9-d4b48a435000, owner=system, identifier=cb347994-a2a9-492e-bc26-46db04ce9d61, nullProperties=[], languageId=1, image1=25431268-1b13-4b3c-afee-e25b96736a64, folder=SYSTEM_FOLDER, __disable_workflow__=true, sortOrder=0, modUser=system},lowIndexPriority=false,variantId=DEFAULT], parent=demo.dotcms.com, expectedName='test_binary1688144796136.jpg:test_binary1688144796136.png', expectedType='MultipleBinaries1688144795413'}]" classname="com.dotmarketing.business.DeterministicIdentifierAPITest" time="0.003"/>
  <testcase name="Test_Asset_Generate_Deterministic_Id_Best_Effort[5: TestCase{versionable=name0e42e00284 : keyTag0e42e00284, parent=my.host1688144794342.com, expectedName='keyTag0e42e00284', expectedType='persona'}]" classname="com.dotmarketing.business.DeterministicIdentifierAPITest" time="0.002"/>
  <testcase name="Test_Similar_Content_Type_Wont_Clash" classname="com.dotmarketing.business.DeterministicIdentifierAPITest" time="0.43"/>
  <testcase name="Test_Generate_Folder_Identifier" classname="com.dotmarketing.business.DeterministicIdentifierAPITest" time="0.856"/>
  <testcase name="Test_Generate_Content_Type_Identifier[0: ContentTypeTestCase{contentType=KeyValueContentType{name=Language Variable, id=f4d7c1b8-2c88-4071-abf1-a5328977b07d, description=Default Content Type for Language Variables, defaultType=false, fixed=true, iDate=Thu Aug 31 16:38:49 UTC 2017, system=true, versionable=true, variable=Languagevariable, modDate=Fri Jun 30 16:02:18 UTC 2023, host=SYSTEM_HOST, siteName=systemHost, icon=language, sortOrder=0, folder=SYSTEM_FOLDER, folderPath=/, markedForDeletion=true, multilingualable=false}, expectedName='Languagevariable', expectedType='KeyValue'}]" classname="com.dotmarketing.business.DeterministicIdentifierAPITest" time="0.004"/>
  <testcase name="Test_Generate_Content_Type_Identifier[1: ContentTypeTestCase{contentType=SimpleContentType{name=testName1688144796484, id=5e1fd7f4-34df-4ab9-8fda-4344c7773c9c, description=testDescription1688144796484, defaultType=false, fixed=false, iDate=Fri Jun 30 17:06:36 UTC 2023, system=false, versionable=true, multilingualable=false, variable=testVarname1688144796484, owner=system, modDate=Fri Jun 30 17:06:37 UTC 2023, host=48190c8c-42c4-46af-8d1a-0cd5db894797, siteName=demo.dotcms.com, icon=event_note, sortOrder=0, folder=SYSTEM_FOLDER, folderPath=/, requiredFields=[], markedForDeletion=false}, expectedName='testVarname1688144796484', expectedType='CONTENT'}]" classname="com.dotmarketing.business.DeterministicIdentifierAPITest" time="0.004"/>
  <system-out><![CDATA[]]></system-out>
  <system-err><![CDATA[]]></system-err>
</testsuite>
