<?xml version="1.0" encoding="UTF-8"?>
<testsuite name="com.dotcms.rest.api.v1.vtl.VTLResourceIntegrationTest" tests="6" skipped="0" failures="0" errors="0" timestamp="2023-06-30T15:23:57" hostname="fv-az409-496" time="10.387">
  <properties/>
  <testcase name="testGet[0: com.dotcms.rest.api.v1.vtl.VTLResourceTestCase@744e7198]" classname="com.dotcms.rest.api.v1.vtl.VTLResourceIntegrationTest" time="2.452"/>
  <testcase name="testGet[1: com.dotcms.rest.api.v1.vtl.VTLResourceTestCase@4bd87207]" classname="com.dotcms.rest.api.v1.vtl.VTLResourceIntegrationTest" time="1.063"/>
  <testcase name="testGet[2: com.dotcms.rest.api.v1.vtl.VTLResourceTestCase@772c701a]" classname="com.dotcms.rest.api.v1.vtl.VTLResourceIntegrationTest" time="0.999"/>
  <testcase name="testGet[3: com.dotcms.rest.api.v1.vtl.VTLResourceTestCase@1cd9642b]" classname="com.dotcms.rest.api.v1.vtl.VTLResourceIntegrationTest" time="1.941"/>
  <testcase name="testGet[4: com.dotcms.rest.api.v1.vtl.VTLResourceTestCase@1b1c1499]" classname="com.dotcms.rest.api.v1.vtl.VTLResourceIntegrationTest" time="1.945"/>
  <testcase name="testGet[5: com.dotcms.rest.api.v1.vtl.VTLResourceTestCase@13dc15b7]" classname="com.dotcms.rest.api.v1.vtl.VTLResourceIntegrationTest" time="1.986"/>
  <system-out><![CDATA[]]></system-out>
  <system-err><![CDATA[]]></system-err>
</testsuite>
