<?xml version="1.0" encoding="UTF-8"?>
<testsuite name="com.dotcms.publisher.endpoint.business.PublishingEndPointAPITest" tests="4" skipped="0" failures="0" errors="0" timestamp="2023-07-18T16:12:56" hostname="fv-az370-360" time="0.224">
  <properties/>
  <testcase name="getEnabledSendingEndPointByAddress_returnNull_whenInvalidAddressIsReceived" classname="com.dotcms.publisher.endpoint.business.PublishingEndPointAPITest" time="0.005"/>
  <testcase name="getEnabledSendingEndPointByAddress_returnEndpoint_whenIPAddressIsUsed" classname="com.dotcms.publisher.endpoint.business.PublishingEndPointAPITest" time="0.005"/>
  <testcase name="getEnabledSendingEndPointByAddress_returnEndpoint_whenNetmaskIsUsed" classname="com.dotcms.publisher.endpoint.business.PublishingEndPointAPITest" time="0.008"/>
  <testcase name="test" classname="com.dotcms.publisher.endpoint.business.PublishingEndPointAPITest" time="0.204"/>
  <system-out><![CDATA[]]></system-out>
  <system-err><![CDATA[]]></system-err>
</testsuite>
