<?xml version="1.0" encoding="UTF-8"?>
<testsuite name="com.dotmarketing.business.DeterministicIdentifierAPITest" tests="16" skipped="0" failures="0" errors="0" timestamp="2023-07-10T22:31:07" hostname="fv-az812-782" time="1.578">
  <properties/>
  <testcase name="Test_Category_Path_Seed_And_Id" classname="com.dotmarketing.business.DeterministicIdentifierAPITest" time="0.028"/>
  <testcase name="Test_Language_Deterministic_Id[0: LanguageTestCase{expectedSeed='Language:es:US', expectedHash=4913155, langCode='es', countryCode='US', country='United States'}]" classname="com.dotmarketing.business.DeterministicIdentifierAPITest" time="0.001"/>
  <testcase name="Test_Language_Deterministic_Id[1: LanguageTestCase{expectedSeed='Language:ep:', expectedHash=5292269, langCode='ep', countryCode='', country=''}]" classname="com.dotmarketing.business.DeterministicIdentifierAPITest" time="0.001"/>
  <testcase name="Test_Language_Deterministic_Id[2: LanguageTestCase{expectedSeed='Language:sg:SAG', expectedHash=4713118, langCode='sg', countryCode='SAG', country=''}]" classname="com.dotmarketing.business.DeterministicIdentifierAPITest" time="0.001"/>
  <testcase name="Test_Language_Deterministic_Id[3: LanguageTestCase{expectedSeed='Language:en:NZ', expectedHash=5382528, langCode='en', countryCode='NZ', country='New Zealand'}]" classname="com.dotmarketing.business.DeterministicIdentifierAPITest" time="0.001"/>
  <testcase name="Test_Category_None_Persisted_Category_Should_Return_Deterministic_Id" classname="com.dotmarketing.business.DeterministicIdentifierAPITest" time="0.001"/>
  <testcase name="Test_Asset_Generate_Deterministic_Id_Best_Effort[0: TestCase{versionable=my.host1689027882687.com, parent=System Host, expectedName='my.host1689027882687.com', expectedType='Host'}]" classname="com.dotmarketing.business.DeterministicIdentifierAPITest" time="0.003"/>
  <testcase name="Test_Asset_Generate_Deterministic_Id_Best_Effort[1: TestCase{versionable=com.dotmarketing.portlets.contentlet.model.Contentlet@2db5f605[map={modDate=2023-07-10 22:24:43.578, fileName=file4160037884193468354.txt, title=file4160037884193468354.txt, inode=a2cfba85-b3bb-4dc0-aa0a-d9b222d9db95, __IS_NEW_CONTENT__=true, disabledWYSIWYG=[], host=392e8646-724c-4523-bbd7-111e1b1a2f9c, stInode=33888b6f-7a8e-4069-b1b6-5c1aa9d0a48d, owner=system, identifier=47ed05c5-c92b-49a6-b69e-7544634cd47d, nullProperties=[wfExpireDate, wfPublishDate, wfActionAssign, wfActionId, wfActionComments, filterKey, whereToSend, wfNeverExpire, _path_to_move, timezoneId, iWantTo, wfPublishTime, wfExpireTime], languageId=1, fileAsset=/home/runner/work/core/custom/assets/a/2/a2cfba85-b3bb-4dc0-aa0a-d9b222d9db95/fileAsset/file4160037884193468354.txt, folder=92ef2787-d841-42ae-a880-c5f322067b3b, __disable_workflow__=true, sortOrder=0, modUser=system},lowIndexPriority=false,variantId=DEFAULT], parent=com.dotmarketing.portlets.folders.model.Folder@8eb8959[identifier=92ef2787-d841-42ae-a880-c5f322067b3b,name=testName1689027883571,sortOrder=0,showOnMenu=false,hostId=392e8646-724c-4523-bbd7-111e1b1a2f9c,type=folder,title=testTitle1689027883571,filesMasks=,defaultFileType=33888b6f-7a8e-4069-b1b6-5c1aa9d0a48d,modDate=2023-07-10 22:24:43.573,owner=&lt;null&gt;,iDate=2023-07-10 22:24:43.573,inode=92ef2787-d841-42ae-a880-c5f322067b3b,path=/testName1689027883571/], expectedName='file4160037884193468354.txt', expectedType='FileAsset'}]" classname="com.dotmarketing.business.DeterministicIdentifierAPITest" time="0.003"/>
  <testcase name="Test_Asset_Generate_Deterministic_Id_Best_Effort[2: TestCase{versionable=com.dotmarketing.portlets.templates.model.Template@90121061, parent=my.host1689027882687.com, expectedName='testTitle1689027883675', expectedType='Template'}]" classname="com.dotmarketing.business.DeterministicIdentifierAPITest" time="0.002"/>
  <testcase name="Test_Asset_Generate_Deterministic_Id_Best_Effort[3: TestCase{versionable=com.dotmarketing.portlets.htmlpageasset.model.HTMLPageAsset@1e0ad523[map={template=cd153be3-8f13-46bc-9bee-ae583a766923, owner=system, identifier=071cbc7a-d509-4c2e-a769-5d6fe141c41d, nullProperties=[wfExpireDate, wfPublishDate, wfActionAssign, wfActionId, wfActionComments, filterKey, whereToSend, wfNeverExpire, _path_to_move, timezoneId, iWantTo, wfPublishTime, wfExpireTime], modDate=2023-07-10 22:24:43.693, cachettl=0, _is_test_mode=true, languageId=1, title=test-page-title-1689027883689, httpsreq=, url=test-page-url-1689027883689, showOnMenu=, inode=1af83aa2-787f-4aaa-8747-55fd446ba0d4, folder=92ef2787-d841-42ae-a880-c5f322067b3b, disabledWYSIWYG=[], sortOrder=1, modUser=system, host=392e8646-724c-4523-bbd7-111e1b1a2f9c, stInode=c541abb1-69b3-4bc5-8430-5e09e5239cc8, friendlyName=test-page-friendly-name-1689027883689},lowIndexPriority=false,variantId=DEFAULT], parent=com.dotmarketing.portlets.folders.model.Folder@8eb8959[identifier=92ef2787-d841-42ae-a880-c5f322067b3b,name=testName1689027883571,sortOrder=0,showOnMenu=false,hostId=392e8646-724c-4523-bbd7-111e1b1a2f9c,type=folder,title=testTitle1689027883571,filesMasks=,defaultFileType=33888b6f-7a8e-4069-b1b6-5c1aa9d0a48d,modDate=2023-07-10 22:24:43.573,owner=&lt;null&gt;,iDate=2023-07-10 22:24:43.573,inode=92ef2787-d841-42ae-a880-c5f322067b3b,path=/testName1689027883571/], expectedName='test-page-url-1689027883689', expectedType='htmlpageasset'}]" classname="com.dotmarketing.business.DeterministicIdentifierAPITest" time="0.003"/>
  <testcase name="Test_Asset_Generate_Deterministic_Id_Best_Effort[4: TestCase{versionable=com.dotmarketing.portlets.contentlet.model.Contentlet@6f0e48a[map={fileAsset2=/home/runner/work/core/custom/assets/4/d/4dc4df42-8c42-494e-b5af-0bb3eb3e4efc/fileAsset2/test_binary1689027884555.png, modDate=2023-07-10 22:24:44.56, fileAsset1=/home/runner/work/core/custom/assets/4/d/4dc4df42-8c42-494e-b5af-0bb3eb3e4efc/fileAsset1/test_binary1689027884554.jpg, title=blah, inode=4dc4df42-8c42-494e-b5af-0bb3eb3e4efc, __IS_NEW_CONTENT__=true, disabledWYSIWYG=[], host=48190c8c-42c4-46af-8d1a-0cd5db894797, stInode=697b7e24-1c23-4b67-8117-28b85ce8f9d3, owner=system, identifier=c3f403a8-8101-439d-9933-292908cc8393, nullProperties=[], languageId=1, image1=7d2f5c9f-956c-4171-ae9b-b367eba44612, folder=SYSTEM_FOLDER, __disable_workflow__=true, sortOrder=0, modUser=system},lowIndexPriority=false,variantId=DEFAULT], parent=demo.dotcms.com, expectedName='test_binary1689027884554.jpg:test_binary1689027884555.png', expectedType='MultipleBinaries1689027883826'}]" classname="com.dotmarketing.business.DeterministicIdentifierAPITest" time="0.003"/>
  <testcase name="Test_Asset_Generate_Deterministic_Id_Best_Effort[5: TestCase{versionable=namea8aa11bf30 : keyTaga8aa11bf30, parent=my.host1689027882687.com, expectedName='keyTaga8aa11bf30', expectedType='persona'}]" classname="com.dotmarketing.business.DeterministicIdentifierAPITest" time="0.004"/>
  <testcase name="Test_Similar_Content_Type_Wont_Clash" classname="com.dotmarketing.business.DeterministicIdentifierAPITest" time="0.46"/>
  <testcase name="Test_Generate_Folder_Identifier" classname="com.dotmarketing.business.DeterministicIdentifierAPITest" time="1.053"/>
  <testcase name="Test_Generate_Content_Type_Identifier[0: ContentTypeTestCase{contentType=KeyValueContentType{name=Language Variable, id=f4d7c1b8-2c88-4071-abf1-a5328977b07d, description=Default Content Type for Language Variables, defaultType=false, fixed=true, iDate=Thu Aug 31 16:38:49 UTC 2017, system=true, versionable=true, variable=Languagevariable, modDate=Mon Jul 10 21:19:28 UTC 2023, host=SYSTEM_HOST, siteName=systemHost, icon=language, sortOrder=0, folder=SYSTEM_FOLDER, folderPath=/, markedForDeletion=true, multilingualable=false}, expectedName='Languagevariable', expectedType='KeyValue'}]" classname="com.dotmarketing.business.DeterministicIdentifierAPITest" time="0.005"/>
  <testcase name="Test_Generate_Content_Type_Identifier[1: ContentTypeTestCase{contentType=SimpleContentType{name=testName1689027884977, id=1e952ae5-15d9-41fd-870d-7e0cf085b6f0, description=testDescription1689027884977, defaultType=false, fixed=false, iDate=Mon Jul 10 22:24:44 UTC 2023, system=false, versionable=true, multilingualable=false, variable=testVarname1689027884977, owner=system, modDate=Mon Jul 10 22:24:45 UTC 2023, host=48190c8c-42c4-46af-8d1a-0cd5db894797, siteName=demo.dotcms.com, icon=event_note, sortOrder=0, folder=SYSTEM_FOLDER, folderPath=/, requiredFields=[], markedForDeletion=false}, expectedName='testVarname1689027884977', expectedType='CONTENT'}]" classname="com.dotmarketing.business.DeterministicIdentifierAPITest" time="0.006"/>
  <system-out><![CDATA[]]></system-out>
  <system-err><![CDATA[]]></system-err>
</testsuite>
