<?xml version="1.0" encoding="UTF-8"?>
<testsuite name="com.dotcms.content.elasticsearch.business.ESContentFactoryImplTest" tests="42" skipped="0" failures="0" errors="0" timestamp="2023-06-29T21:47:50" hostname="fv-az560-11" time="86.594">
  <properties/>
  <testcase name="testModDateDotRawFormatIsValid" classname="com.dotcms.content.elasticsearch.business.ESContentFactoryImplTest" time="0.003"/>
  <testcase name="test_findContentletByIdentifierAnyLanguageNoArchived" classname="com.dotcms.content.elasticsearch.business.ESContentFactoryImplTest" time="2.226"/>
  <testcase name="findContentletsReturnsInExpectedOrder" classname="com.dotcms.content.elasticsearch.business.ESContentFactoryImplTest" time="1.53"/>
  <testcase name="testIndexSearchFilteringByTime[0: com.dotcms.content.elasticsearch.business.ESContentFactoryImplTest$TestCase@2670a4e]" classname="com.dotcms.content.elasticsearch.business.ESContentFactoryImplTest" time="2.361"/>
  <testcase name="testIndexSearchFilteringByTime[1: com.dotcms.content.elasticsearch.business.ESContentFactoryImplTest$TestCase@503b2d48]" classname="com.dotcms.content.elasticsearch.business.ESContentFactoryImplTest" time="2.033"/>
  <testcase name="testIndexSearchFilteringByTime[2: com.dotcms.content.elasticsearch.business.ESContentFactoryImplTest$TestCase@499384b6]" classname="com.dotcms.content.elasticsearch.business.ESContentFactoryImplTest" time="2.039"/>
  <testcase name="testIndexSearchFilteringByTime[3: com.dotcms.content.elasticsearch.business.ESContentFactoryImplTest$TestCase@1d1e90fb]" classname="com.dotcms.content.elasticsearch.business.ESContentFactoryImplTest" time="2.027"/>
  <testcase name="testIndexSearchFilteringByTime[4: com.dotcms.content.elasticsearch.business.ESContentFactoryImplTest$TestCase@2711cc6c]" classname="com.dotcms.content.elasticsearch.business.ESContentFactoryImplTest" time="2.039"/>
  <testcase name="testIndexSearchFilteringByTime[5: com.dotcms.content.elasticsearch.business.ESContentFactoryImplTest$TestCase@2e49e4ab]" classname="com.dotcms.content.elasticsearch.business.ESContentFactoryImplTest" time="2.058"/>
  <testcase name="test_translateQueryWithLicense" classname="com.dotcms.content.elasticsearch.business.ESContentFactoryImplTest" time="0.001"/>
  <testcase name="test_cached_es_query_response" classname="com.dotcms.content.elasticsearch.business.ESContentFactoryImplTest" time="1.635"/>
  <testcase name="findContentletByIdentifierAnyLanguageNoDefaultVersion" classname="com.dotcms.content.elasticsearch.business.ESContentFactoryImplTest" time="1.553"/>
  <testcase name="testScore" classname="com.dotcms.content.elasticsearch.business.ESContentFactoryImplTest" time="1.668"/>
  <testcase name="findAllVersionsWithOldVersions" classname="com.dotcms.content.elasticsearch.business.ESContentFactoryImplTest" time="4.476"/>
  <testcase name="test_findContentletByIdentifierAnyLanguageIncludeDeleted" classname="com.dotcms.content.elasticsearch.business.ESContentFactoryImplTest" time="2.059"/>
  <testcase name="test_findContentletByIdentifierAnyLanguage" classname="com.dotcms.content.elasticsearch.business.ESContentFactoryImplTest" time="1.795"/>
  <testcase name="Test_load_Json_Field" classname="com.dotcms.content.elasticsearch.business.ESContentFactoryImplTest" time="3.557"/>
  <testcase name="testDeleteVersion_KeepPermissions" classname="com.dotcms.content.elasticsearch.business.ESContentFactoryImplTest" time="2.212"/>
  <testcase name="test_cached_es_query_different_responses_for_all_params" classname="com.dotcms.content.elasticsearch.business.ESContentFactoryImplTest" time="2.864"/>
  <testcase name="test_translateQueryWithoutLicense" classname="com.dotcms.content.elasticsearch.business.ESContentFactoryImplTest" time="0.006"/>
  <testcase name="findAllVersions" classname="com.dotcms.content.elasticsearch.business.ESContentFactoryImplTest" time="1.927"/>
  <testcase name="findAllVersionsWithOldVersionsByVariant" classname="com.dotcms.content.elasticsearch.business.ESContentFactoryImplTest" time="7.933"/>
  <testcase name="Test_Setting_Track_Hits" classname="com.dotcms.content.elasticsearch.business.ESContentFactoryImplTest" time="0.001"/>
  <testcase name="test_trying_with_bad_sorts" classname="com.dotcms.content.elasticsearch.business.ESContentFactoryImplTest" time="0.022"/>
  <testcase name="test_dotAssets_persist_title_as_null" classname="com.dotcms.content.elasticsearch.business.ESContentFactoryImplTest" time="1.302"/>
  <testcase name="findAllVersionsWithNotOldVersions" classname="com.dotcms.content.elasticsearch.business.ESContentFactoryImplTest" time="3.795"/>
  <testcase name="saveContentlets" classname="com.dotcms.content.elasticsearch.business.ESContentFactoryImplTest" time="0.003"/>
  <testcase name="findContentlets" classname="com.dotcms.content.elasticsearch.business.ESContentFactoryImplTest" time="0.362"/>
  <testcase name="findDeletedContentletByIdentifierAnyLanguage" classname="com.dotcms.content.elasticsearch.business.ESContentFactoryImplTest" time="1.811"/>
  <testcase name="Test_Nulled_Out_Columns" classname="com.dotcms.content.elasticsearch.business.ESContentFactoryImplTest" time="3.672"/>
  <testcase name="test_findContentletByIdentifier" classname="com.dotcms.content.elasticsearch.business.ESContentFactoryImplTest" time="1.805"/>
  <testcase name="findAllVersionsByVariant" classname="com.dotcms.content.elasticsearch.business.ESContentFactoryImplTest" time="2.012"/>
  <testcase name="Test_TrackHits_SearchCount" classname="com.dotcms.content.elasticsearch.business.ESContentFactoryImplTest" time="4.557"/>
  <testcase name="testIndexSearchFilteringByDateTime[0: com.dotcms.content.elasticsearch.business.ESContentFactoryImplTest$TestCase@7b2a73e0]" classname="com.dotcms.content.elasticsearch.business.ESContentFactoryImplTest" time="2.864"/>
  <testcase name="testIndexSearchFilteringByDateTime[1: com.dotcms.content.elasticsearch.business.ESContentFactoryImplTest$TestCase@12daad36]" classname="com.dotcms.content.elasticsearch.business.ESContentFactoryImplTest" time="2.037"/>
  <testcase name="testIndexSearchFilteringByDateTime[2: com.dotcms.content.elasticsearch.business.ESContentFactoryImplTest$TestCase@3b8171ad]" classname="com.dotcms.content.elasticsearch.business.ESContentFactoryImplTest" time="2.071"/>
  <testcase name="testIndexSearchFilteringByDateTime[3: com.dotcms.content.elasticsearch.business.ESContentFactoryImplTest$TestCase@5a0ca6ca]" classname="com.dotcms.content.elasticsearch.business.ESContentFactoryImplTest" time="2.059"/>
  <testcase name="testIndexSearchFilteringByDateTime[4: com.dotcms.content.elasticsearch.business.ESContentFactoryImplTest$TestCase@72917b18]" classname="com.dotcms.content.elasticsearch.business.ESContentFactoryImplTest" time="2.065"/>
  <testcase name="testIndexSearchFilteringByDateTime[5: com.dotcms.content.elasticsearch.business.ESContentFactoryImplTest$TestCase@35e5cb61]" classname="com.dotcms.content.elasticsearch.business.ESContentFactoryImplTest" time="2.03"/>
  <testcase name="testIndexSearchFilteringByDateTime[6: com.dotcms.content.elasticsearch.business.ESContentFactoryImplTest$TestCase@5d9d869]" classname="com.dotcms.content.elasticsearch.business.ESContentFactoryImplTest" time="2.05"/>
  <testcase name="testIndexSearchFilteringByDateTime[7: com.dotcms.content.elasticsearch.business.ESContentFactoryImplTest$TestCase@3a5c14ee]" classname="com.dotcms.content.elasticsearch.business.ESContentFactoryImplTest" time="2.03"/>
  <testcase name="testIndexSearchFilteringByDateTime[8: com.dotcms.content.elasticsearch.business.ESContentFactoryImplTest$TestCase@436cf106]" classname="com.dotcms.content.elasticsearch.business.ESContentFactoryImplTest" time="2.037"/>
  <system-out><![CDATA[]]></system-out>
  <system-err><![CDATA[]]></system-err>
</testsuite>
