<?xml version="1.0" encoding="UTF-8"?>
<testsuite name="com.dotmarketing.portlets.structure.model.ContentletRelationshipsTest" tests="7" skipped="0" failures="0" errors="0" timestamp="2023-07-20T05:30:08" hostname="fv-az450-410" time="8.093">
  <properties/>
  <testcase name="testDoesAllowOnlyOne[0: com.dotmarketing.portlets.structure.model.ContentletRelationshipsTest$CardinalityTestCase@3d7a77f0]" classname="com.dotmarketing.portlets.structure.model.ContentletRelationshipsTest" time="0.474"/>
  <testcase name="testDoesAllowOnlyOne[1: com.dotmarketing.portlets.structure.model.ContentletRelationshipsTest$CardinalityTestCase@3a62d4b6]" classname="com.dotmarketing.portlets.structure.model.ContentletRelationshipsTest" time="0.477"/>
  <testcase name="testDoesAllowOnlyOne[2: com.dotmarketing.portlets.structure.model.ContentletRelationshipsTest$CardinalityTestCase@3d412f58]" classname="com.dotmarketing.portlets.structure.model.ContentletRelationshipsTest" time="0.459"/>
  <testcase name="testGetRelationshipRecords[0: com.dotmarketing.portlets.structure.model.ContentletRelationshipsTest$TestCase@3c84128b]" classname="com.dotmarketing.portlets.structure.model.ContentletRelationshipsTest" time="2.007"/>
  <testcase name="testGetRelationshipRecords[1: com.dotmarketing.portlets.structure.model.ContentletRelationshipsTest$TestCase@52af371c]" classname="com.dotmarketing.portlets.structure.model.ContentletRelationshipsTest" time="1.944"/>
  <testcase name="testGetRelationshipRecords[2: com.dotmarketing.portlets.structure.model.ContentletRelationshipsTest$TestCase@7e449e9b]" classname="com.dotmarketing.portlets.structure.model.ContentletRelationshipsTest" time="1.905"/>
  <testcase name="testGetRelationshipRecords[3: com.dotmarketing.portlets.structure.model.ContentletRelationshipsTest$TestCase@4acb45e4]" classname="com.dotmarketing.portlets.structure.model.ContentletRelationshipsTest" time="0.825"/>
  <system-out><![CDATA[]]></system-out>
  <system-err><![CDATA[]]></system-err>
</testsuite>
