<?xml version="1.0" encoding="UTF-8"?>
<testsuite name="com.dotcms.rest.api.v1.vtl.VTLResourceIntegrationTest" tests="6" skipped="0" failures="0" errors="0" timestamp="2023-07-14T23:27:01" hostname="fv-az809-141" time="10.438">
  <properties/>
  <testcase name="testGet[0: com.dotcms.rest.api.v1.vtl.VTLResourceTestCase@2aa4bc35]" classname="com.dotcms.rest.api.v1.vtl.VTLResourceIntegrationTest" time="1.495"/>
  <testcase name="testGet[1: com.dotcms.rest.api.v1.vtl.VTLResourceTestCase@7b2ae0f2]" classname="com.dotcms.rest.api.v1.vtl.VTLResourceIntegrationTest" time="1.83"/>
  <testcase name="testGet[2: com.dotcms.rest.api.v1.vtl.VTLResourceTestCase@7e2c02fc]" classname="com.dotcms.rest.api.v1.vtl.VTLResourceIntegrationTest" time="2.298"/>
  <testcase name="testGet[3: com.dotcms.rest.api.v1.vtl.VTLResourceTestCase@328a67f7]" classname="com.dotcms.rest.api.v1.vtl.VTLResourceIntegrationTest" time="0.838"/>
  <testcase name="testGet[4: com.dotcms.rest.api.v1.vtl.VTLResourceTestCase@3dc03087]" classname="com.dotcms.rest.api.v1.vtl.VTLResourceIntegrationTest" time="1.935"/>
  <testcase name="testGet[5: com.dotcms.rest.api.v1.vtl.VTLResourceTestCase@11416abd]" classname="com.dotcms.rest.api.v1.vtl.VTLResourceIntegrationTest" time="2.04"/>
  <system-out><![CDATA[]]></system-out>
  <system-err><![CDATA[]]></system-err>
</testsuite>
