<?xml version="1.0" encoding="UTF-8"?>
<testsuite name="com.dotcms.publishing.PublisherAPIImplTest" tests="24" skipped="0" failures="0" errors="0" timestamp="2023-06-26T18:36:14" hostname="fv-az1114-884" time="4.113">
  <properties/>
  <testcase name="AddAllCategoryIntoBundle" classname="com.dotcms.publishing.PublisherAPIImplTest" time="0.208"/>
  <testcase name="testFilterDescriptors" classname="com.dotcms.publishing.PublisherAPIImplTest" time="0.063"/>
  <testcase name="sendPushPublishBundle[0: com.dotcms.publishing.PublisherAPIImplTest$TestAsset@d280e6d]" classname="com.dotcms.publishing.PublisherAPIImplTest" time="1.261"/>
  <testcase name="sendPushPublishBundle[1: com.dotcms.publishing.PublisherAPIImplTest$TestAsset@52a12f45]" classname="com.dotcms.publishing.PublisherAPIImplTest" time="0.25"/>
  <testcase name="sendPushPublishBundle[2: com.dotcms.publishing.PublisherAPIImplTest$TestAsset@63042de]" classname="com.dotcms.publishing.PublisherAPIImplTest" time="0.17"/>
  <testcase name="sendPushPublishBundle[3: com.dotcms.publishing.PublisherAPIImplTest$TestAsset@52e8030f]" classname="com.dotcms.publishing.PublisherAPIImplTest" time="0.289"/>
  <testcase name="sendPushPublishBundle[4: com.dotcms.publishing.PublisherAPIImplTest$TestAsset@1f7e3459]" classname="com.dotcms.publishing.PublisherAPIImplTest" time="0.237"/>
  <testcase name="sendPushPublishBundle[5: com.dotcms.publishing.PublisherAPIImplTest$TestAsset@44fefbf4]" classname="com.dotcms.publishing.PublisherAPIImplTest" time="0.161"/>
  <testcase name="sendPushPublishBundle[6: com.dotcms.publishing.PublisherAPIImplTest$TestAsset@405c7707]" classname="com.dotcms.publishing.PublisherAPIImplTest" time="0.131"/>
  <testcase name="sendPushPublishBundle[7: com.dotcms.publishing.PublisherAPIImplTest$TestAsset@52bef478]" classname="com.dotcms.publishing.PublisherAPIImplTest" time="0.122"/>
  <testcase name="sendPushPublishBundle[8: com.dotcms.publishing.PublisherAPIImplTest$TestAsset@3c0cde8a]" classname="com.dotcms.publishing.PublisherAPIImplTest" time="0.09"/>
  <testcase name="sendPushPublishBundle[9: com.dotcms.publishing.PublisherAPIImplTest$TestAsset@f1ea3a4]" classname="com.dotcms.publishing.PublisherAPIImplTest" time="0.176"/>
  <testcase name="sendPushPublishBundle[10: com.dotcms.publishing.PublisherAPIImplTest$TestAsset@2c59090f]" classname="com.dotcms.publishing.PublisherAPIImplTest" time="0.071"/>
  <testcase name="generateBundle[0: com.dotcms.publishing.PublisherAPIImplTest$TestAsset@d280e6d]" classname="com.dotcms.publishing.PublisherAPIImplTest" time="0.087"/>
  <testcase name="generateBundle[1: com.dotcms.publishing.PublisherAPIImplTest$TestAsset@52a12f45]" classname="com.dotcms.publishing.PublisherAPIImplTest" time="0.087"/>
  <testcase name="generateBundle[2: com.dotcms.publishing.PublisherAPIImplTest$TestAsset@63042de]" classname="com.dotcms.publishing.PublisherAPIImplTest" time="0.083"/>
  <testcase name="generateBundle[3: com.dotcms.publishing.PublisherAPIImplTest$TestAsset@52e8030f]" classname="com.dotcms.publishing.PublisherAPIImplTest" time="0.134"/>
  <testcase name="generateBundle[4: com.dotcms.publishing.PublisherAPIImplTest$TestAsset@1f7e3459]" classname="com.dotcms.publishing.PublisherAPIImplTest" time="0.136"/>
  <testcase name="generateBundle[5: com.dotcms.publishing.PublisherAPIImplTest$TestAsset@44fefbf4]" classname="com.dotcms.publishing.PublisherAPIImplTest" time="0.066"/>
  <testcase name="generateBundle[6: com.dotcms.publishing.PublisherAPIImplTest$TestAsset@405c7707]" classname="com.dotcms.publishing.PublisherAPIImplTest" time="0.07"/>
  <testcase name="generateBundle[7: com.dotcms.publishing.PublisherAPIImplTest$TestAsset@52bef478]" classname="com.dotcms.publishing.PublisherAPIImplTest" time="0.065"/>
  <testcase name="generateBundle[8: com.dotcms.publishing.PublisherAPIImplTest$TestAsset@3c0cde8a]" classname="com.dotcms.publishing.PublisherAPIImplTest" time="0.04"/>
  <testcase name="generateBundle[9: com.dotcms.publishing.PublisherAPIImplTest$TestAsset@f1ea3a4]" classname="com.dotcms.publishing.PublisherAPIImplTest" time="0.087"/>
  <testcase name="generateBundle[10: com.dotcms.publishing.PublisherAPIImplTest$TestAsset@2c59090f]" classname="com.dotcms.publishing.PublisherAPIImplTest" time="0.018"/>
  <system-out><![CDATA[









































































































































































]]></system-out>
  <system-err><![CDATA[]]></system-err>
</testsuite>
