<?xml version="1.0" encoding="UTF-8"?>
<testsuite name="com.dotmarketing.business.DeterministicIdentifierAPITest" tests="16" skipped="0" failures="0" errors="0" timestamp="2023-06-29T20:18:06" hostname="fv-az417-420" time="1.671">
  <properties/>
  <testcase name="Test_Category_Path_Seed_And_Id" classname="com.dotmarketing.business.DeterministicIdentifierAPITest" time="0.028"/>
  <testcase name="Test_Language_Deterministic_Id[0: LanguageTestCase{expectedSeed='Language:es:US', expectedHash=4913155, langCode='es', countryCode='US', country='United States'}]" classname="com.dotmarketing.business.DeterministicIdentifierAPITest" time="0.001"/>
  <testcase name="Test_Language_Deterministic_Id[1: LanguageTestCase{expectedSeed='Language:ep:', expectedHash=5292269, langCode='ep', countryCode='', country=''}]" classname="com.dotmarketing.business.DeterministicIdentifierAPITest" time="0.0"/>
  <testcase name="Test_Language_Deterministic_Id[2: LanguageTestCase{expectedSeed='Language:sg:SAG', expectedHash=4713118, langCode='sg', countryCode='SAG', country=''}]" classname="com.dotmarketing.business.DeterministicIdentifierAPITest" time="0.001"/>
  <testcase name="Test_Language_Deterministic_Id[3: LanguageTestCase{expectedSeed='Language:en:NZ', expectedHash=5382528, langCode='en', countryCode='NZ', country='New Zealand'}]" classname="com.dotmarketing.business.DeterministicIdentifierAPITest" time="0.001"/>
  <testcase name="Test_Category_None_Persisted_Category_Should_Return_Deterministic_Id" classname="com.dotmarketing.business.DeterministicIdentifierAPITest" time="0.002"/>
  <testcase name="Test_Asset_Generate_Deterministic_Id_Best_Effort[0: TestCase{versionable=my.host1688069507506.com, parent=System Host, expectedName='my.host1688069507506.com', expectedType='Host'}]" classname="com.dotmarketing.business.DeterministicIdentifierAPITest" time="0.003"/>
  <testcase name="Test_Asset_Generate_Deterministic_Id_Best_Effort[1: TestCase{versionable=com.dotmarketing.portlets.contentlet.model.Contentlet@46cb756e[map={modDate=2023-06-29 20:11:48.336, fileName=file14449617794099966485.txt, title=file14449617794099966485.txt, inode=d0a3990f-5d1c-4c04-b035-1ef95f02b287, __IS_NEW_CONTENT__=true, disabledWYSIWYG=[], host=5f0b34af-ddcd-41a2-8348-c2040a99564e, stInode=33888b6f-7a8e-4069-b1b6-5c1aa9d0a48d, owner=system, identifier=fcde7c3f-4b52-4e8d-af13-d8603df7b806, nullProperties=[wfExpireDate, wfPublishDate, wfActionAssign, wfActionId, wfActionComments, filterKey, whereToSend, wfNeverExpire, _path_to_move, timezoneId, iWantTo, wfPublishTime, wfExpireTime], languageId=1, fileAsset=/home/runner/work/core/custom/assets/d/0/d0a3990f-5d1c-4c04-b035-1ef95f02b287/fileAsset/file14449617794099966485.txt, folder=c0094c59-b406-45d8-9d17-dc991d9006ef, __disable_workflow__=true, sortOrder=0, modUser=system},lowIndexPriority=false,variantId=DEFAULT], parent=com.dotmarketing.portlets.folders.model.Folder@1426cadd[identifier=c0094c59-b406-45d8-9d17-dc991d9006ef,name=testName1688069508329,sortOrder=0,showOnMenu=false,hostId=5f0b34af-ddcd-41a2-8348-c2040a99564e,type=folder,title=testTitle1688069508329,filesMasks=,defaultFileType=33888b6f-7a8e-4069-b1b6-5c1aa9d0a48d,modDate=2023-06-29 20:11:48.331,owner=&lt;null&gt;,iDate=2023-06-29 20:11:48.331,inode=c0094c59-b406-45d8-9d17-dc991d9006ef,path=/testName1688069508329/], expectedName='file14449617794099966485.txt', expectedType='FileAsset'}]" classname="com.dotmarketing.business.DeterministicIdentifierAPITest" time="0.004"/>
  <testcase name="Test_Asset_Generate_Deterministic_Id_Best_Effort[2: TestCase{versionable=com.dotmarketing.portlets.templates.model.Template@684ca037, parent=my.host1688069507506.com, expectedName='testTitle1688069508437', expectedType='Template'}]" classname="com.dotmarketing.business.DeterministicIdentifierAPITest" time="0.002"/>
  <testcase name="Test_Asset_Generate_Deterministic_Id_Best_Effort[3: TestCase{versionable=com.dotmarketing.portlets.htmlpageasset.model.HTMLPageAsset@5a2b48af[map={template=02101412-9433-41bf-86bf-0d7845ec74b4, owner=system, identifier=df07c472-d508-4665-a1e8-d1bd4e0b2439, nullProperties=[wfExpireDate, wfPublishDate, wfActionAssign, wfActionId, wfActionComments, filterKey, whereToSend, wfNeverExpire, _path_to_move, timezoneId, iWantTo, wfPublishTime, wfExpireTime], modDate=2023-06-29 20:11:48.452, cachettl=0, _is_test_mode=true, languageId=1, title=test-page-title-1688069508448, httpsreq=, url=test-page-url-1688069508448, showOnMenu=, inode=a705a0bf-72b8-4908-8d4d-c1d0ce36d4e0, folder=c0094c59-b406-45d8-9d17-dc991d9006ef, disabledWYSIWYG=[], sortOrder=1, modUser=system, host=5f0b34af-ddcd-41a2-8348-c2040a99564e, stInode=c541abb1-69b3-4bc5-8430-5e09e5239cc8, friendlyName=test-page-friendly-name-1688069508448},lowIndexPriority=false,variantId=DEFAULT], parent=com.dotmarketing.portlets.folders.model.Folder@1426cadd[identifier=c0094c59-b406-45d8-9d17-dc991d9006ef,name=testName1688069508329,sortOrder=0,showOnMenu=false,hostId=5f0b34af-ddcd-41a2-8348-c2040a99564e,type=folder,title=testTitle1688069508329,filesMasks=,defaultFileType=33888b6f-7a8e-4069-b1b6-5c1aa9d0a48d,modDate=2023-06-29 20:11:48.331,owner=&lt;null&gt;,iDate=2023-06-29 20:11:48.331,inode=c0094c59-b406-45d8-9d17-dc991d9006ef,path=/testName1688069508329/], expectedName='test-page-url-1688069508448', expectedType='htmlpageasset'}]" classname="com.dotmarketing.business.DeterministicIdentifierAPITest" time="0.003"/>
  <testcase name="Test_Asset_Generate_Deterministic_Id_Best_Effort[4: TestCase{versionable=com.dotmarketing.portlets.contentlet.model.Contentlet@574aa7e9[map={fileAsset2=/home/runner/work/core/custom/assets/4/5/4554c62c-c7e4-4e21-aae5-f956d0a3696b/fileAsset2/test_binary1688069509299.png, modDate=2023-06-29 20:11:49.304, fileAsset1=/home/runner/work/core/custom/assets/4/5/4554c62c-c7e4-4e21-aae5-f956d0a3696b/fileAsset1/test_binary1688069509299.jpg, title=blah, inode=4554c62c-c7e4-4e21-aae5-f956d0a3696b, __IS_NEW_CONTENT__=true, disabledWYSIWYG=[], host=48190c8c-42c4-46af-8d1a-0cd5db894797, stInode=8292b8fd-7484-4870-9ef6-e8af028be08b, owner=system, identifier=d8422862-5a44-4fbc-8d29-d232661e37ee, nullProperties=[], languageId=1, image1=13909a77-6c43-48b7-b0cf-45d8f943fdf8, folder=SYSTEM_FOLDER, __disable_workflow__=true, sortOrder=0, modUser=system},lowIndexPriority=false,variantId=DEFAULT], parent=demo.dotcms.com, expectedName='test_binary1688069509299.jpg:test_binary1688069509299.png', expectedType='MultipleBinaries1688069508700'}]" classname="com.dotmarketing.business.DeterministicIdentifierAPITest" time="0.003"/>
  <testcase name="Test_Asset_Generate_Deterministic_Id_Best_Effort[5: TestCase{versionable=namef083c38678 : keyTagf083c38678, parent=my.host1688069507506.com, expectedName='keyTagf083c38678', expectedType='persona'}]" classname="com.dotmarketing.business.DeterministicIdentifierAPITest" time="0.003"/>
  <testcase name="Test_Similar_Content_Type_Wont_Clash" classname="com.dotmarketing.business.DeterministicIdentifierAPITest" time="0.469"/>
  <testcase name="Test_Generate_Folder_Identifier" classname="com.dotmarketing.business.DeterministicIdentifierAPITest" time="1.14"/>
  <testcase name="Test_Generate_Content_Type_Identifier[0: ContentTypeTestCase{contentType=KeyValueContentType{name=Language Variable, id=f4d7c1b8-2c88-4071-abf1-a5328977b07d, description=Default Content Type for Language Variables, defaultType=false, fixed=true, iDate=Thu Aug 31 16:38:49 UTC 2017, system=true, versionable=true, variable=Languagevariable, modDate=Thu Jun 29 19:05:37 UTC 2023, host=SYSTEM_HOST, siteName=systemHost, icon=language, sortOrder=0, folder=SYSTEM_FOLDER, folderPath=/, markedForDeletion=true, multilingualable=false}, expectedName='Languagevariable', expectedType='KeyValue'}]" classname="com.dotmarketing.business.DeterministicIdentifierAPITest" time="0.004"/>
  <testcase name="Test_Generate_Content_Type_Identifier[1: ContentTypeTestCase{contentType=SimpleContentType{name=testName1688069509696, id=d14d9dbc-8b36-46ce-a1fa-3faa9b634a6c, description=testDescription1688069509696, defaultType=false, fixed=false, iDate=Thu Jun 29 20:11:49 UTC 2023, system=false, versionable=true, multilingualable=false, variable=testVarname1688069509696, owner=system, modDate=Thu Jun 29 20:11:50 UTC 2023, host=48190c8c-42c4-46af-8d1a-0cd5db894797, siteName=demo.dotcms.com, icon=event_note, sortOrder=0, folder=SYSTEM_FOLDER, folderPath=/, requiredFields=[], markedForDeletion=false}, expectedName='testVarname1688069509696', expectedType='CONTENT'}]" classname="com.dotmarketing.business.DeterministicIdentifierAPITest" time="0.004"/>
  <system-out><![CDATA[]]></system-out>
  <system-err><![CDATA[]]></system-err>
</testsuite>
