<?xml version="1.0" encoding="UTF-8"?>
<testsuite name="com.dotcms.rest.elasticsearch.ESContentResourcePortletTest" tests="8" skipped="0" failures="0" errors="0" timestamp="2023-07-11T03:07:00" hostname="fv-az1256-472" time="7.693">
  <properties/>
  <testcase name="test_search_includeGrandChildCategory_success" classname="com.dotcms.rest.elasticsearch.ESContentResourcePortletTest" time="1.383"/>
  <testcase name="testSearch[0: com.dotcms.rest.elasticsearch.ESContentResourcePortletTest$TestCase@1260e621]" classname="com.dotcms.rest.elasticsearch.ESContentResourcePortletTest" time="0.941"/>
  <testcase name="testSearch[1: com.dotcms.rest.elasticsearch.ESContentResourcePortletTest$TestCase@76e64a62]" classname="com.dotcms.rest.elasticsearch.ESContentResourcePortletTest" time="1.216"/>
  <testcase name="testSearch[2: com.dotcms.rest.elasticsearch.ESContentResourcePortletTest$TestCase@2709b1c9]" classname="com.dotcms.rest.elasticsearch.ESContentResourcePortletTest" time="0.911"/>
  <testcase name="testSearch[3: com.dotcms.rest.elasticsearch.ESContentResourcePortletTest$TestCase@7b563e21]" classname="com.dotcms.rest.elasticsearch.ESContentResourcePortletTest" time="1.191"/>
  <testcase name="testSearch[4: com.dotcms.rest.elasticsearch.ESContentResourcePortletTest$TestCase@6e929e84]" classname="com.dotcms.rest.elasticsearch.ESContentResourcePortletTest" time="0.199"/>
  <testcase name="testSearch[5: com.dotcms.rest.elasticsearch.ESContentResourcePortletTest$TestCase@2a637c6e]" classname="com.dotcms.rest.elasticsearch.ESContentResourcePortletTest" time="0.936"/>
  <testcase name="testSearch[6: com.dotcms.rest.elasticsearch.ESContentResourcePortletTest$TestCase@408e0712]" classname="com.dotcms.rest.elasticsearch.ESContentResourcePortletTest" time="0.914"/>
  <system-out><![CDATA[]]></system-out>
  <system-err><![CDATA[]]></system-err>
</testsuite>
