<?xml version="1.0" encoding="UTF-8"?>
<testsuite name="com.dotcms.rendering.velocity.viewtools.content.util.ContentUtilsTest" tests="89" skipped="0" failures="0" errors="0" timestamp="2023-07-11T20:49:25" hostname="fv-az203-15" time="403.697">
  <properties/>
  <testcase name="whenTheTimeMachineDateIsNullAndPublishDateInFutureShouldNotReturnAnything" classname="com.dotcms.rendering.velocity.viewtools.content.util.ContentUtilsTest" time="3.229"/>
  <testcase name="test_find_multilingual_contentlet_getContentletSuccessfully" classname="com.dotcms.rendering.velocity.viewtools.content.util.ContentUtilsTest" time="1.877"/>
  <testcase name="whenTheTimeMachineDateAndPublishDateAreTomorrowShouldReturnOneContent" classname="com.dotcms.rendering.velocity.viewtools.content.util.ContentUtilsTest" time="3.226"/>
  <testcase name="testPullRelated[0: com.dotcms.rendering.velocity.viewtools.content.util.ContentUtilsTest$TestCase@28ffcca8]" classname="com.dotcms.rendering.velocity.viewtools.content.util.ContentUtilsTest" time="3.548"/>
  <testcase name="testPullRelated[1: com.dotcms.rendering.velocity.viewtools.content.util.ContentUtilsTest$TestCase@7e7e5ddc]" classname="com.dotcms.rendering.velocity.viewtools.content.util.ContentUtilsTest" time="3.954"/>
  <testcase name="testPullRelated[2: com.dotcms.rendering.velocity.viewtools.content.util.ContentUtilsTest$TestCase@38c1dda9]" classname="com.dotcms.rendering.velocity.viewtools.content.util.ContentUtilsTest" time="4.415"/>
  <testcase name="testPullRelated[3: com.dotcms.rendering.velocity.viewtools.content.util.ContentUtilsTest$TestCase@45f6971f]" classname="com.dotcms.rendering.velocity.viewtools.content.util.ContentUtilsTest" time="2.819"/>
  <testcase name="testPullRelated[4: com.dotcms.rendering.velocity.viewtools.content.util.ContentUtilsTest$TestCase@133a8985]" classname="com.dotcms.rendering.velocity.viewtools.content.util.ContentUtilsTest" time="4.026"/>
  <testcase name="testPullRelated[5: com.dotcms.rendering.velocity.viewtools.content.util.ContentUtilsTest$TestCase@1f26a683]" classname="com.dotcms.rendering.velocity.viewtools.content.util.ContentUtilsTest" time="3.104"/>
  <testcase name="testPullRelated[6: com.dotcms.rendering.velocity.viewtools.content.util.ContentUtilsTest$TestCase@29bc0c5b]" classname="com.dotcms.rendering.velocity.viewtools.content.util.ContentUtilsTest" time="3.256"/>
  <testcase name="testPullRelated[7: com.dotcms.rendering.velocity.viewtools.content.util.ContentUtilsTest$TestCase@5803281c]" classname="com.dotcms.rendering.velocity.viewtools.content.util.ContentUtilsTest" time="3.836"/>
  <testcase name="testPullRelated[8: com.dotcms.rendering.velocity.viewtools.content.util.ContentUtilsTest$TestCase@1fb2e438]" classname="com.dotcms.rendering.velocity.viewtools.content.util.ContentUtilsTest" time="3.803"/>
  <testcase name="testPullRelated[9: com.dotcms.rendering.velocity.viewtools.content.util.ContentUtilsTest$TestCase@350a4bf3]" classname="com.dotcms.rendering.velocity.viewtools.content.util.ContentUtilsTest" time="4.346"/>
  <testcase name="testPullRelated[10: com.dotcms.rendering.velocity.viewtools.content.util.ContentUtilsTest$TestCase@7c1d57dd]" classname="com.dotcms.rendering.velocity.viewtools.content.util.ContentUtilsTest" time="3.984"/>
  <testcase name="testPullRelated[11: com.dotcms.rendering.velocity.viewtools.content.util.ContentUtilsTest$TestCase@3d9fd38a]" classname="com.dotcms.rendering.velocity.viewtools.content.util.ContentUtilsTest" time="4.168"/>
  <testcase name="testPullRelated[12: com.dotcms.rendering.velocity.viewtools.content.util.ContentUtilsTest$TestCase@35847325]" classname="com.dotcms.rendering.velocity.viewtools.content.util.ContentUtilsTest" time="3.945"/>
  <testcase name="testPullRelated[13: com.dotcms.rendering.velocity.viewtools.content.util.ContentUtilsTest$TestCase@5236f3b5]" classname="com.dotcms.rendering.velocity.viewtools.content.util.ContentUtilsTest" time="3.918"/>
  <testcase name="testPullRelated[14: com.dotcms.rendering.velocity.viewtools.content.util.ContentUtilsTest$TestCase@4403f591]" classname="com.dotcms.rendering.velocity.viewtools.content.util.ContentUtilsTest" time="4.172"/>
  <testcase name="testPullRelated[15: com.dotcms.rendering.velocity.viewtools.content.util.ContentUtilsTest$TestCase@7437d18]" classname="com.dotcms.rendering.velocity.viewtools.content.util.ContentUtilsTest" time="4.026"/>
  <testcase name="testPullRelated[16: com.dotcms.rendering.velocity.viewtools.content.util.ContentUtilsTest$TestCase@11483b8e]" classname="com.dotcms.rendering.velocity.viewtools.content.util.ContentUtilsTest" time="4.069"/>
  <testcase name="testPullRelated[17: com.dotcms.rendering.velocity.viewtools.content.util.ContentUtilsTest$TestCase@7486c949]" classname="com.dotcms.rendering.velocity.viewtools.content.util.ContentUtilsTest" time="3.788"/>
  <testcase name="testPullRelated[18: com.dotcms.rendering.velocity.viewtools.content.util.ContentUtilsTest$TestCase@2f721535]" classname="com.dotcms.rendering.velocity.viewtools.content.util.ContentUtilsTest" time="4.22"/>
  <testcase name="testPullRelated[19: com.dotcms.rendering.velocity.viewtools.content.util.ContentUtilsTest$TestCase@33c5067e]" classname="com.dotcms.rendering.velocity.viewtools.content.util.ContentUtilsTest" time="4.022"/>
  <testcase name="testPullRelated[20: com.dotcms.rendering.velocity.viewtools.content.util.ContentUtilsTest$TestCase@6301dfc3]" classname="com.dotcms.rendering.velocity.viewtools.content.util.ContentUtilsTest" time="4.166"/>
  <testcase name="testPullRelated[21: com.dotcms.rendering.velocity.viewtools.content.util.ContentUtilsTest$TestCase@218f9e6b]" classname="com.dotcms.rendering.velocity.viewtools.content.util.ContentUtilsTest" time="4.011"/>
  <testcase name="testPullRelated[22: com.dotcms.rendering.velocity.viewtools.content.util.ContentUtilsTest$TestCase@1eebfcd2]" classname="com.dotcms.rendering.velocity.viewtools.content.util.ContentUtilsTest" time="4.12"/>
  <testcase name="testPullRelated[23: com.dotcms.rendering.velocity.viewtools.content.util.ContentUtilsTest$TestCase@506ef87]" classname="com.dotcms.rendering.velocity.viewtools.content.util.ContentUtilsTest" time="3.09"/>
  <testcase name="testPullRelated[24: com.dotcms.rendering.velocity.viewtools.content.util.ContentUtilsTest$TestCase@6894c723]" classname="com.dotcms.rendering.velocity.viewtools.content.util.ContentUtilsTest" time="3.865"/>
  <testcase name="testPullRelated[25: com.dotcms.rendering.velocity.viewtools.content.util.ContentUtilsTest$TestCase@35b5609c]" classname="com.dotcms.rendering.velocity.viewtools.content.util.ContentUtilsTest" time="4.073"/>
  <testcase name="testPullRelated[26: com.dotcms.rendering.velocity.viewtools.content.util.ContentUtilsTest$TestCase@74791794]" classname="com.dotcms.rendering.velocity.viewtools.content.util.ContentUtilsTest" time="4.205"/>
  <testcase name="testPullRelated[27: com.dotcms.rendering.velocity.viewtools.content.util.ContentUtilsTest$TestCase@46b1b44b]" classname="com.dotcms.rendering.velocity.viewtools.content.util.ContentUtilsTest" time="4.077"/>
  <testcase name="testPullRelated[28: com.dotcms.rendering.velocity.viewtools.content.util.ContentUtilsTest$TestCase@852de61]" classname="com.dotcms.rendering.velocity.viewtools.content.util.ContentUtilsTest" time="3.836"/>
  <testcase name="testPullRelated[29: com.dotcms.rendering.velocity.viewtools.content.util.ContentUtilsTest$TestCase@16fdfe77]" classname="com.dotcms.rendering.velocity.viewtools.content.util.ContentUtilsTest" time="4.083"/>
  <testcase name="testPullRelated[30: com.dotcms.rendering.velocity.viewtools.content.util.ContentUtilsTest$TestCase@2a849e8b]" classname="com.dotcms.rendering.velocity.viewtools.content.util.ContentUtilsTest" time="4.246"/>
  <testcase name="testPullRelated[31: com.dotcms.rendering.velocity.viewtools.content.util.ContentUtilsTest$TestCase@61dc647c]" classname="com.dotcms.rendering.velocity.viewtools.content.util.ContentUtilsTest" time="3.821"/>
  <testcase name="testPullRelated[32: com.dotcms.rendering.velocity.viewtools.content.util.ContentUtilsTest$TestCase@7f631ff0]" classname="com.dotcms.rendering.velocity.viewtools.content.util.ContentUtilsTest" time="4.219"/>
  <testcase name="testPullRelated[33: com.dotcms.rendering.velocity.viewtools.content.util.ContentUtilsTest$TestCase@614582d]" classname="com.dotcms.rendering.velocity.viewtools.content.util.ContentUtilsTest" time="4.038"/>
  <testcase name="testPullRelated[34: com.dotcms.rendering.velocity.viewtools.content.util.ContentUtilsTest$TestCase@86aeea2]" classname="com.dotcms.rendering.velocity.viewtools.content.util.ContentUtilsTest" time="4.232"/>
  <testcase name="testPullRelated[35: com.dotcms.rendering.velocity.viewtools.content.util.ContentUtilsTest$TestCase@a179457]" classname="com.dotcms.rendering.velocity.viewtools.content.util.ContentUtilsTest" time="3.874"/>
  <testcase name="testPullRelated[36: com.dotcms.rendering.velocity.viewtools.content.util.ContentUtilsTest$TestCase@6dec867a]" classname="com.dotcms.rendering.velocity.viewtools.content.util.ContentUtilsTest" time="6.176"/>
  <testcase name="testPullRelated[37: com.dotcms.rendering.velocity.viewtools.content.util.ContentUtilsTest$TestCase@499d7eda]" classname="com.dotcms.rendering.velocity.viewtools.content.util.ContentUtilsTest" time="6.018"/>
  <testcase name="testPullRelated[38: com.dotcms.rendering.velocity.viewtools.content.util.ContentUtilsTest$TestCase@16dd96b5]" classname="com.dotcms.rendering.velocity.viewtools.content.util.ContentUtilsTest" time="5.138"/>
  <testcase name="testPullRelated[39: com.dotcms.rendering.velocity.viewtools.content.util.ContentUtilsTest$TestCase@205e0d15]" classname="com.dotcms.rendering.velocity.viewtools.content.util.ContentUtilsTest" time="5.117"/>
  <testcase name="testPullRelated[40: com.dotcms.rendering.velocity.viewtools.content.util.ContentUtilsTest$TestCase@29088032]" classname="com.dotcms.rendering.velocity.viewtools.content.util.ContentUtilsTest" time="6.305"/>
  <testcase name="testPullRelated[41: com.dotcms.rendering.velocity.viewtools.content.util.ContentUtilsTest$TestCase@bc15067]" classname="com.dotcms.rendering.velocity.viewtools.content.util.ContentUtilsTest" time="4.791"/>
  <testcase name="testPullRelated[42: com.dotcms.rendering.velocity.viewtools.content.util.ContentUtilsTest$TestCase@71530794]" classname="com.dotcms.rendering.velocity.viewtools.content.util.ContentUtilsTest" time="6.467"/>
  <testcase name="testPullRelated[43: com.dotcms.rendering.velocity.viewtools.content.util.ContentUtilsTest$TestCase@21b58a0e]" classname="com.dotcms.rendering.velocity.viewtools.content.util.ContentUtilsTest" time="6.132"/>
  <testcase name="testPullRelated[44: com.dotcms.rendering.velocity.viewtools.content.util.ContentUtilsTest$TestCase@4c51971a]" classname="com.dotcms.rendering.velocity.viewtools.content.util.ContentUtilsTest" time="5.835"/>
  <testcase name="testPullRelated[45: com.dotcms.rendering.velocity.viewtools.content.util.ContentUtilsTest$TestCase@4d12a49f]" classname="com.dotcms.rendering.velocity.viewtools.content.util.ContentUtilsTest" time="4.901"/>
  <testcase name="testPullRelated[46: com.dotcms.rendering.velocity.viewtools.content.util.ContentUtilsTest$TestCase@2414750e]" classname="com.dotcms.rendering.velocity.viewtools.content.util.ContentUtilsTest" time="5.583"/>
  <testcase name="testPullRelated[47: com.dotcms.rendering.velocity.viewtools.content.util.ContentUtilsTest$TestCase@297c7e78]" classname="com.dotcms.rendering.velocity.viewtools.content.util.ContentUtilsTest" time="5.843"/>
  <testcase name="testPullRelated[48: com.dotcms.rendering.velocity.viewtools.content.util.ContentUtilsTest$TestCase@69d5d50a]" classname="com.dotcms.rendering.velocity.viewtools.content.util.ContentUtilsTest" time="5.866"/>
  <testcase name="testPullRelated[49: com.dotcms.rendering.velocity.viewtools.content.util.ContentUtilsTest$TestCase@31bbb2f3]" classname="com.dotcms.rendering.velocity.viewtools.content.util.ContentUtilsTest" time="6.189"/>
  <testcase name="testPullRelated[50: com.dotcms.rendering.velocity.viewtools.content.util.ContentUtilsTest$TestCase@36000dcf]" classname="com.dotcms.rendering.velocity.viewtools.content.util.ContentUtilsTest" time="6.048"/>
  <testcase name="testPullRelated[51: com.dotcms.rendering.velocity.viewtools.content.util.ContentUtilsTest$TestCase@7c453ac9]" classname="com.dotcms.rendering.velocity.viewtools.content.util.ContentUtilsTest" time="6.144"/>
  <testcase name="testPullRelated[52: com.dotcms.rendering.velocity.viewtools.content.util.ContentUtilsTest$TestCase@3bffddce]" classname="com.dotcms.rendering.velocity.viewtools.content.util.ContentUtilsTest" time="5.214"/>
  <testcase name="testPullRelated[53: com.dotcms.rendering.velocity.viewtools.content.util.ContentUtilsTest$TestCase@573fdc68]" classname="com.dotcms.rendering.velocity.viewtools.content.util.ContentUtilsTest" time="5.813"/>
  <testcase name="testPullRelated[54: com.dotcms.rendering.velocity.viewtools.content.util.ContentUtilsTest$TestCase@6167dd35]" classname="com.dotcms.rendering.velocity.viewtools.content.util.ContentUtilsTest" time="6.465"/>
  <testcase name="testPullRelated[55: com.dotcms.rendering.velocity.viewtools.content.util.ContentUtilsTest$TestCase@342120a2]" classname="com.dotcms.rendering.velocity.viewtools.content.util.ContentUtilsTest" time="6.27"/>
  <testcase name="testPullRelated[56: com.dotcms.rendering.velocity.viewtools.content.util.ContentUtilsTest$TestCase@71f59a45]" classname="com.dotcms.rendering.velocity.viewtools.content.util.ContentUtilsTest" time="5.793"/>
  <testcase name="testPullRelated[57: com.dotcms.rendering.velocity.viewtools.content.util.ContentUtilsTest$TestCase@5800c48f]" classname="com.dotcms.rendering.velocity.viewtools.content.util.ContentUtilsTest" time="6.005"/>
  <testcase name="testPullRelated[58: com.dotcms.rendering.velocity.viewtools.content.util.ContentUtilsTest$TestCase@75124cf]" classname="com.dotcms.rendering.velocity.viewtools.content.util.ContentUtilsTest" time="6.445"/>
  <testcase name="testPullRelated[59: com.dotcms.rendering.velocity.viewtools.content.util.ContentUtilsTest$TestCase@3a4830b7]" classname="com.dotcms.rendering.velocity.viewtools.content.util.ContentUtilsTest" time="5.818"/>
  <testcase name="testPullRelated[60: com.dotcms.rendering.velocity.viewtools.content.util.ContentUtilsTest$TestCase@6732a209]" classname="com.dotcms.rendering.velocity.viewtools.content.util.ContentUtilsTest" time="6.055"/>
  <testcase name="testPullRelated[61: com.dotcms.rendering.velocity.viewtools.content.util.ContentUtilsTest$TestCase@39c836dc]" classname="com.dotcms.rendering.velocity.viewtools.content.util.ContentUtilsTest" time="6.064"/>
  <testcase name="testPullRelated[62: com.dotcms.rendering.velocity.viewtools.content.util.ContentUtilsTest$TestCase@37310a76]" classname="com.dotcms.rendering.velocity.viewtools.content.util.ContentUtilsTest" time="6.474"/>
  <testcase name="testPullRelated[63: com.dotcms.rendering.velocity.viewtools.content.util.ContentUtilsTest$TestCase@4c8749af]" classname="com.dotcms.rendering.velocity.viewtools.content.util.ContentUtilsTest" time="5.924"/>
  <testcase name="testPullRelated[64: com.dotcms.rendering.velocity.viewtools.content.util.ContentUtilsTest$TestCase@3e5788dc]" classname="com.dotcms.rendering.velocity.viewtools.content.util.ContentUtilsTest" time="5.985"/>
  <testcase name="testPullRelated[65: com.dotcms.rendering.velocity.viewtools.content.util.ContentUtilsTest$TestCase@46d1371c]" classname="com.dotcms.rendering.velocity.viewtools.content.util.ContentUtilsTest" time="6.143"/>
  <testcase name="testPullRelated[66: com.dotcms.rendering.velocity.viewtools.content.util.ContentUtilsTest$TestCase@790ce70a]" classname="com.dotcms.rendering.velocity.viewtools.content.util.ContentUtilsTest" time="5.318"/>
  <testcase name="testPullRelated[67: com.dotcms.rendering.velocity.viewtools.content.util.ContentUtilsTest$TestCase@fb003b5]" classname="com.dotcms.rendering.velocity.viewtools.content.util.ContentUtilsTest" time="5.877"/>
  <testcase name="testPullRelated[68: com.dotcms.rendering.velocity.viewtools.content.util.ContentUtilsTest$TestCase@da36bf7]" classname="com.dotcms.rendering.velocity.viewtools.content.util.ContentUtilsTest" time="5.237"/>
  <testcase name="testPullRelated[69: com.dotcms.rendering.velocity.viewtools.content.util.ContentUtilsTest$TestCase@4205c488]" classname="com.dotcms.rendering.velocity.viewtools.content.util.ContentUtilsTest" time="4.983"/>
  <testcase name="testPullRelated[70: com.dotcms.rendering.velocity.viewtools.content.util.ContentUtilsTest$TestCase@5caf4f75]" classname="com.dotcms.rendering.velocity.viewtools.content.util.ContentUtilsTest" time="5.301"/>
  <testcase name="testPullRelated[71: com.dotcms.rendering.velocity.viewtools.content.util.ContentUtilsTest$TestCase@530d52fe]" classname="com.dotcms.rendering.velocity.viewtools.content.util.ContentUtilsTest" time="5.964"/>
  <testcase name="whenPublishAndExpireDatesAreInTheFutureAndTimeMachineIsAfterBoth" classname="com.dotcms.rendering.velocity.viewtools.content.util.ContentUtilsTest" time="3.205"/>
  <testcase name="testPullRelatedForLegacyRelationship[0: com.dotcms.rendering.velocity.viewtools.content.util.ContentUtilsTest$LegacyTestCase@456767bb]" classname="com.dotcms.rendering.velocity.viewtools.content.util.ContentUtilsTest" time="4.574"/>
  <testcase name="testPullRelatedForLegacyRelationship[1: com.dotcms.rendering.velocity.viewtools.content.util.ContentUtilsTest$LegacyTestCase@292aca1b]" classname="com.dotcms.rendering.velocity.viewtools.content.util.ContentUtilsTest" time="4.186"/>
  <testcase name="whenTheTimeMachineDateIsAfterTomorrowAndExpireDateIsTomorrowShouldNotReturnContent" classname="com.dotcms.rendering.velocity.viewtools.content.util.ContentUtilsTest" time="3.163"/>
  <testcase name="testPullLiveRelatedWhenLatestVersionIsWorking" classname="com.dotcms.rendering.velocity.viewtools.content.util.ContentUtilsTest" time="4.369"/>
  <testcase name="test_add_relationships_on_parent_children_related_contents" classname="com.dotcms.rendering.velocity.viewtools.content.util.ContentUtilsTest" time="1.589"/>
  <testcase name="testSortPullRelated[0: com.dotcms.rendering.velocity.viewtools.content.util.ContentUtilsTest$SortTestCase@f58fcac]" classname="com.dotcms.rendering.velocity.viewtools.content.util.ContentUtilsTest" time="2.745"/>
  <testcase name="testSortPullRelated[1: com.dotcms.rendering.velocity.viewtools.content.util.ContentUtilsTest$SortTestCase@367bd51b]" classname="com.dotcms.rendering.velocity.viewtools.content.util.ContentUtilsTest" time="2.956"/>
  <testcase name="testSortPullRelated[2: com.dotcms.rendering.velocity.viewtools.content.util.ContentUtilsTest$SortTestCase@485f36d0]" classname="com.dotcms.rendering.velocity.viewtools.content.util.ContentUtilsTest" time="2.91"/>
  <testcase name="testSortPullRelated[3: com.dotcms.rendering.velocity.viewtools.content.util.ContentUtilsTest$SortTestCase@375a57d2]" classname="com.dotcms.rendering.velocity.viewtools.content.util.ContentUtilsTest" time="2.967"/>
  <testcase name="testSortPullRelated[4: com.dotcms.rendering.velocity.viewtools.content.util.ContentUtilsTest$SortTestCase@7faf7009]" classname="com.dotcms.rendering.velocity.viewtools.content.util.ContentUtilsTest" time="3.033"/>
  <testcase name="testSortPullRelated[5: com.dotcms.rendering.velocity.viewtools.content.util.ContentUtilsTest$SortTestCase@1794a1ea]" classname="com.dotcms.rendering.velocity.viewtools.content.util.ContentUtilsTest" time="2.96"/>
  <testcase name="whenTheTimeMachineDateIsAfterTomorrowAndExpireDateIsInFutureShouldReturnContent" classname="com.dotcms.rendering.velocity.viewtools.content.util.ContentUtilsTest" time="3.23"/>
  <testcase name="testPullRelatedFieldShouldRespectDefaultOrder" classname="com.dotcms.rendering.velocity.viewtools.content.util.ContentUtilsTest" time="2.401"/>
  <system-out><![CDATA[]]></system-out>
  <system-err><![CDATA[]]></system-err>
</testsuite>
