<?xml version="1.0" encoding="UTF-8"?>
<testsuite name="com.dotcms.rest.TagResourceIntegrationTest" tests="4" skipped="0" failures="0" errors="0" timestamp="2023-07-12T19:46:25" hostname="fv-az621-917" time="0.305">
  <properties/>
  <testcase name="testList[0: com.dotcms.rest.TagResourceTestCase@2d6dbfa8]" classname="com.dotcms.rest.TagResourceIntegrationTest" time="0.241"/>
  <testcase name="testList[1: com.dotcms.rest.TagResourceTestCase@76f7378e]" classname="com.dotcms.rest.TagResourceIntegrationTest" time="0.022"/>
  <testcase name="testList[2: com.dotcms.rest.TagResourceTestCase@7008fccb]" classname="com.dotcms.rest.TagResourceIntegrationTest" time="0.017"/>
  <testcase name="testList[3: com.dotcms.rest.TagResourceTestCase@577d3b14]" classname="com.dotcms.rest.TagResourceIntegrationTest" time="0.022"/>
  <system-out><![CDATA[]]></system-out>
  <system-err><![CDATA[Jul 12, 2023 7:46:26 PM com.dotcms.repackage.org.hibernate.validator.internal.util.Version <clinit>
INFO: HV000001: Hibernate Validator 4.3.2.Final
]]></system-err>
</testsuite>
