<?xml version="1.0" encoding="UTF-8"?>
<testsuite name="com.dotcms.contenttype.test.ContentTypeImportExportTest" tests="1" skipped="0" failures="0" errors="0" timestamp="2023-07-13T20:17:31" hostname="fv-az673-76" time="8.46">
  <properties/>
  <testcase name="testExport" classname="com.dotcms.contenttype.test.ContentTypeImportExportTest" time="8.46"/>
  <system-out><![CDATA[



]]></system-out>
  <system-err><![CDATA[]]></system-err>
</testsuite>
