<?xml version="1.0" encoding="UTF-8"?>
<testsuite name="com.dotcms.rest.TagResourceIntegrationTest" tests="4" skipped="0" failures="0" errors="0" timestamp="2023-06-29T05:38:05" hostname="fv-az343-696" time="0.391">
  <properties/>
  <testcase name="testList[0: com.dotcms.rest.TagResourceTestCase@4e25044f]" classname="com.dotcms.rest.TagResourceIntegrationTest" time="0.309"/>
  <testcase name="testList[1: com.dotcms.rest.TagResourceTestCase@1bbabc8f]" classname="com.dotcms.rest.TagResourceIntegrationTest" time="0.024"/>
  <testcase name="testList[2: com.dotcms.rest.TagResourceTestCase@600a4eaa]" classname="com.dotcms.rest.TagResourceIntegrationTest" time="0.025"/>
  <testcase name="testList[3: com.dotcms.rest.TagResourceTestCase@3243a686]" classname="com.dotcms.rest.TagResourceIntegrationTest" time="0.032"/>
  <system-out><![CDATA[]]></system-out>
  <system-err><![CDATA[Jun 29, 2023 5:38:05 AM com.dotcms.repackage.org.hibernate.validator.internal.util.Version <clinit>
INFO: HV000001: Hibernate Validator 4.3.2.Final
]]></system-err>
</testsuite>
