<?xml version="1.0" encoding="UTF-8"?>
<testsuite name="com.dotcms.rest.elasticsearch.ESContentResourcePortletTest" tests="8" skipped="0" failures="0" errors="0" timestamp="2023-07-13T15:54:20" hostname="fv-az621-935" time="9.532">
  <properties/>
  <testcase name="test_search_includeGrandChildCategory_success" classname="com.dotcms.rest.elasticsearch.ESContentResourcePortletTest" time="2.296"/>
  <testcase name="testSearch[0: com.dotcms.rest.elasticsearch.ESContentResourcePortletTest$TestCase@25376f9c]" classname="com.dotcms.rest.elasticsearch.ESContentResourcePortletTest" time="1.04"/>
  <testcase name="testSearch[1: com.dotcms.rest.elasticsearch.ESContentResourcePortletTest$TestCase@17c366a2]" classname="com.dotcms.rest.elasticsearch.ESContentResourcePortletTest" time="0.379"/>
  <testcase name="testSearch[2: com.dotcms.rest.elasticsearch.ESContentResourcePortletTest$TestCase@760829cc]" classname="com.dotcms.rest.elasticsearch.ESContentResourcePortletTest" time="1.069"/>
  <testcase name="testSearch[3: com.dotcms.rest.elasticsearch.ESContentResourcePortletTest$TestCase@15b9037d]" classname="com.dotcms.rest.elasticsearch.ESContentResourcePortletTest" time="1.308"/>
  <testcase name="testSearch[4: com.dotcms.rest.elasticsearch.ESContentResourcePortletTest$TestCase@becc5d9]" classname="com.dotcms.rest.elasticsearch.ESContentResourcePortletTest" time="1.329"/>
  <testcase name="testSearch[5: com.dotcms.rest.elasticsearch.ESContentResourcePortletTest$TestCase@7964470]" classname="com.dotcms.rest.elasticsearch.ESContentResourcePortletTest" time="1.071"/>
  <testcase name="testSearch[6: com.dotcms.rest.elasticsearch.ESContentResourcePortletTest$TestCase@30675b07]" classname="com.dotcms.rest.elasticsearch.ESContentResourcePortletTest" time="1.04"/>
  <system-out><![CDATA[]]></system-out>
  <system-err><![CDATA[]]></system-err>
</testsuite>
