<?xml version="1.0" encoding="UTF-8"?>
<testsuite name="com.dotmarketing.servlets.ajax.AjaxDirectorServletIntegrationTest" tests="2" skipped="0" failures="0" errors="0" timestamp="2023-07-14T00:08:38" hostname="fv-az408-305" time="2.444">
  <properties/>
  <testcase name="testService[0: com.dotmarketing.servlets.ajax.AjaxDirectorServletTestCase@793f3db2]" classname="com.dotmarketing.servlets.ajax.AjaxDirectorServletIntegrationTest" time="1.393"/>
  <testcase name="testService[1: com.dotmarketing.servlets.ajax.AjaxDirectorServletTestCase@cf5991d]" classname="com.dotmarketing.servlets.ajax.AjaxDirectorServletIntegrationTest" time="1.051"/>
  <system-out><![CDATA[]]></system-out>
  <system-err><![CDATA[]]></system-err>
</testsuite>
