<?xml version="1.0" encoding="UTF-8"?>
<testsuite name="com.dotcms.rest.api.v1.vtl.VTLResourceIntegrationTest" tests="6" skipped="0" failures="0" errors="0" timestamp="2023-07-10T21:41:45" hostname="fv-az812-782" time="12.464">
  <properties/>
  <testcase name="testGet[0: com.dotcms.rest.api.v1.vtl.VTLResourceTestCase@39331622]" classname="com.dotcms.rest.api.v1.vtl.VTLResourceIntegrationTest" time="2.393"/>
  <testcase name="testGet[1: com.dotcms.rest.api.v1.vtl.VTLResourceTestCase@5422fbf3]" classname="com.dotcms.rest.api.v1.vtl.VTLResourceIntegrationTest" time="1.979"/>
  <testcase name="testGet[2: com.dotcms.rest.api.v1.vtl.VTLResourceTestCase@15c1f55d]" classname="com.dotcms.rest.api.v1.vtl.VTLResourceIntegrationTest" time="2.12"/>
  <testcase name="testGet[3: com.dotcms.rest.api.v1.vtl.VTLResourceTestCase@6831e1d6]" classname="com.dotcms.rest.api.v1.vtl.VTLResourceIntegrationTest" time="1.987"/>
  <testcase name="testGet[4: com.dotcms.rest.api.v1.vtl.VTLResourceTestCase@491268f4]" classname="com.dotcms.rest.api.v1.vtl.VTLResourceIntegrationTest" time="2.01"/>
  <testcase name="testGet[5: com.dotcms.rest.api.v1.vtl.VTLResourceTestCase@a2cef46]" classname="com.dotcms.rest.api.v1.vtl.VTLResourceIntegrationTest" time="1.974"/>
  <system-out><![CDATA[]]></system-out>
  <system-err><![CDATA[]]></system-err>
</testsuite>
