<?xml version="1.0" encoding="UTF-8"?>
<testsuite name="com.dotcms.rest.api.v1.vtl.VTLResourceIntegrationTest" tests="6" skipped="0" failures="0" errors="0" timestamp="2023-07-19T15:31:51" hostname="fv-az218-51" time="12.208">
  <properties/>
  <testcase name="testGet[0: com.dotcms.rest.api.v1.vtl.VTLResourceTestCase@5658f752]" classname="com.dotcms.rest.api.v1.vtl.VTLResourceIntegrationTest" time="2.145"/>
  <testcase name="testGet[1: com.dotcms.rest.api.v1.vtl.VTLResourceTestCase@208ee4a8]" classname="com.dotcms.rest.api.v1.vtl.VTLResourceIntegrationTest" time="2.026"/>
  <testcase name="testGet[2: com.dotcms.rest.api.v1.vtl.VTLResourceTestCase@7e53b198]" classname="com.dotcms.rest.api.v1.vtl.VTLResourceIntegrationTest" time="2.389"/>
  <testcase name="testGet[3: com.dotcms.rest.api.v1.vtl.VTLResourceTestCase@3bd9d3d2]" classname="com.dotcms.rest.api.v1.vtl.VTLResourceIntegrationTest" time="1.759"/>
  <testcase name="testGet[4: com.dotcms.rest.api.v1.vtl.VTLResourceTestCase@2a2a519c]" classname="com.dotcms.rest.api.v1.vtl.VTLResourceIntegrationTest" time="1.83"/>
  <testcase name="testGet[5: com.dotcms.rest.api.v1.vtl.VTLResourceTestCase@7d565bd5]" classname="com.dotcms.rest.api.v1.vtl.VTLResourceIntegrationTest" time="2.058"/>
  <system-out><![CDATA[]]></system-out>
  <system-err><![CDATA[]]></system-err>
</testsuite>
