<?xml version="1.0" encoding="UTF-8"?>
<testsuite name="com.dotcms.rest.elasticsearch.ESContentResourcePortletTest" tests="8" skipped="0" failures="0" errors="0" timestamp="2023-07-10T21:45:54" hostname="fv-az812-782" time="8.554">
  <properties/>
  <testcase name="test_search_includeGrandChildCategory_success" classname="com.dotcms.rest.elasticsearch.ESContentResourcePortletTest" time="1.341"/>
  <testcase name="testSearch[0: com.dotcms.rest.elasticsearch.ESContentResourcePortletTest$TestCase@2b785819]" classname="com.dotcms.rest.elasticsearch.ESContentResourcePortletTest" time="0.888"/>
  <testcase name="testSearch[1: com.dotcms.rest.elasticsearch.ESContentResourcePortletTest$TestCase@4bbdb7ef]" classname="com.dotcms.rest.elasticsearch.ESContentResourcePortletTest" time="1.237"/>
  <testcase name="testSearch[2: com.dotcms.rest.elasticsearch.ESContentResourcePortletTest$TestCase@31324e9e]" classname="com.dotcms.rest.elasticsearch.ESContentResourcePortletTest" time="0.895"/>
  <testcase name="testSearch[3: com.dotcms.rest.elasticsearch.ESContentResourcePortletTest$TestCase@27917a06]" classname="com.dotcms.rest.elasticsearch.ESContentResourcePortletTest" time="1.233"/>
  <testcase name="testSearch[4: com.dotcms.rest.elasticsearch.ESContentResourcePortletTest$TestCase@4ec0467d]" classname="com.dotcms.rest.elasticsearch.ESContentResourcePortletTest" time="1.269"/>
  <testcase name="testSearch[5: com.dotcms.rest.elasticsearch.ESContentResourcePortletTest$TestCase@68648285]" classname="com.dotcms.rest.elasticsearch.ESContentResourcePortletTest" time="0.837"/>
  <testcase name="testSearch[6: com.dotcms.rest.elasticsearch.ESContentResourcePortletTest$TestCase@4b0167a9]" classname="com.dotcms.rest.elasticsearch.ESContentResourcePortletTest" time="0.852"/>
  <system-out><![CDATA[]]></system-out>
  <system-err><![CDATA[]]></system-err>
</testsuite>
