<?xml version="1.0" encoding="UTF-8"?>
<testsuite name="com.dotmarketing.business.DeterministicIdentifierAPITest" tests="16" skipped="0" failures="0" errors="0" timestamp="2023-07-20T21:00:11" hostname="fv-az1232-188" time="1.986">
  <properties/>
  <testcase name="Test_Category_Path_Seed_And_Id" classname="com.dotmarketing.business.DeterministicIdentifierAPITest" time="0.044"/>
  <testcase name="Test_Language_Deterministic_Id[0: LanguageTestCase{expectedSeed='Language:es:US', expectedHash=4913155, langCode='es', countryCode='US', country='United States'}]" classname="com.dotmarketing.business.DeterministicIdentifierAPITest" time="0.015"/>
  <testcase name="Test_Language_Deterministic_Id[1: LanguageTestCase{expectedSeed='Language:ep:', expectedHash=5292269, langCode='ep', countryCode='', country=''}]" classname="com.dotmarketing.business.DeterministicIdentifierAPITest" time="0.002"/>
  <testcase name="Test_Language_Deterministic_Id[2: LanguageTestCase{expectedSeed='Language:sg:SAG', expectedHash=4713118, langCode='sg', countryCode='SAG', country=''}]" classname="com.dotmarketing.business.DeterministicIdentifierAPITest" time="0.001"/>
  <testcase name="Test_Language_Deterministic_Id[3: LanguageTestCase{expectedSeed='Language:en:NZ', expectedHash=5382528, langCode='en', countryCode='NZ', country='New Zealand'}]" classname="com.dotmarketing.business.DeterministicIdentifierAPITest" time="0.002"/>
  <testcase name="Test_Category_None_Persisted_Category_Should_Return_Deterministic_Id" classname="com.dotmarketing.business.DeterministicIdentifierAPITest" time="0.002"/>
  <testcase name="Test_Asset_Generate_Deterministic_Id_Best_Effort[0: TestCase{versionable=my.host1689886350481.com, parent=System Host, expectedName='my.host1689886350481.com', expectedType='Host'}]" classname="com.dotmarketing.business.DeterministicIdentifierAPITest" time="0.005"/>
  <testcase name="Test_Asset_Generate_Deterministic_Id_Best_Effort[1: TestCase{versionable=com.dotmarketing.portlets.contentlet.model.Contentlet@6bb4d63b[map={modDate=2023-07-20 20:52:31.734, fileName=file7629798847387651490.txt, title=file7629798847387651490.txt, inode=ff799be9-8a70-41d3-9ca5-fcf6576ad8cf, __IS_NEW_CONTENT__=true, disabledWYSIWYG=[], host=498d64d4-7121-4c55-a02b-2ed9628ced87, stInode=33888b6f-7a8e-4069-b1b6-5c1aa9d0a48d, owner=system, identifier=5faac551-2978-408f-8fa0-ca24273ae5ff, nullProperties=[wfExpireDate, wfPublishDate, wfActionAssign, wfActionId, wfActionComments, filterKey, whereToSend, wfNeverExpire, _path_to_move, timezoneId, iWantTo, wfPublishTime, wfExpireTime], languageId=1, fileAsset=/home/runner/work/core/custom/assets/f/f/ff799be9-8a70-41d3-9ca5-fcf6576ad8cf/fileAsset/file7629798847387651490.txt, folder=3ef8e2ae-be8f-4b1a-84a8-c15a7b1f21e1, __disable_workflow__=true, sortOrder=0, modUser=system},lowIndexPriority=false,variantId=DEFAULT], parent=com.dotmarketing.portlets.folders.model.Folder@68d5991b[identifier=3ef8e2ae-be8f-4b1a-84a8-c15a7b1f21e1,name=testName1689886351714,sortOrder=0,showOnMenu=false,hostId=498d64d4-7121-4c55-a02b-2ed9628ced87,type=folder,title=testTitle1689886351714,filesMasks=,defaultFileType=33888b6f-7a8e-4069-b1b6-5c1aa9d0a48d,modDate=2023-07-20 20:52:31.72,owner=&lt;null&gt;,iDate=2023-07-20 20:52:31.72,inode=3ef8e2ae-be8f-4b1a-84a8-c15a7b1f21e1,path=/testName1689886351714/], expectedName='file7629798847387651490.txt', expectedType='FileAsset'}]" classname="com.dotmarketing.business.DeterministicIdentifierAPITest" time="0.005"/>
  <testcase name="Test_Asset_Generate_Deterministic_Id_Best_Effort[2: TestCase{versionable=com.dotmarketing.portlets.templates.model.Template@b867f9e7, parent=my.host1689886350481.com, expectedName='testTitle1689886351895', expectedType='Template'}]" classname="com.dotmarketing.business.DeterministicIdentifierAPITest" time="0.004"/>
  <testcase name="Test_Asset_Generate_Deterministic_Id_Best_Effort[3: TestCase{versionable=com.dotmarketing.portlets.htmlpageasset.model.HTMLPageAsset@31db3795[map={template=e5360b2c-0605-41e7-80bd-b53fbb9c3f94, owner=system, identifier=8df7357c-d645-49c3-ba55-e74cd275bdc6, nullProperties=[wfExpireDate, wfPublishDate, wfActionAssign, wfActionId, wfActionComments, filterKey, whereToSend, wfNeverExpire, _path_to_move, timezoneId, iWantTo, wfPublishTime, wfExpireTime], modDate=2023-07-20 20:52:31.92, cachettl=0, _is_test_mode=true, languageId=1, title=test-page-title-1689886351914, httpsreq=, url=test-page-url-1689886351914, showOnMenu=, inode=f5516e40-47bc-4697-bff5-ee9fc61cf290, folder=3ef8e2ae-be8f-4b1a-84a8-c15a7b1f21e1, disabledWYSIWYG=[], sortOrder=1, modUser=system, host=498d64d4-7121-4c55-a02b-2ed9628ced87, stInode=c541abb1-69b3-4bc5-8430-5e09e5239cc8, friendlyName=test-page-friendly-name-1689886351914},lowIndexPriority=false,variantId=DEFAULT], parent=com.dotmarketing.portlets.folders.model.Folder@68d5991b[identifier=3ef8e2ae-be8f-4b1a-84a8-c15a7b1f21e1,name=testName1689886351714,sortOrder=0,showOnMenu=false,hostId=498d64d4-7121-4c55-a02b-2ed9628ced87,type=folder,title=testTitle1689886351714,filesMasks=,defaultFileType=33888b6f-7a8e-4069-b1b6-5c1aa9d0a48d,modDate=2023-07-20 20:52:31.72,owner=&lt;null&gt;,iDate=2023-07-20 20:52:31.72,inode=3ef8e2ae-be8f-4b1a-84a8-c15a7b1f21e1,path=/testName1689886351714/], expectedName='test-page-url-1689886351914', expectedType='htmlpageasset'}]" classname="com.dotmarketing.business.DeterministicIdentifierAPITest" time="0.005"/>
  <testcase name="Test_Asset_Generate_Deterministic_Id_Best_Effort[4: TestCase{versionable=com.dotmarketing.portlets.contentlet.model.Contentlet@3af205be[map={fileAsset2=/home/runner/work/core/custom/assets/e/6/e69734ca-e885-41bc-9104-114bd296155f/fileAsset2/test_binary1689886353771.png, modDate=2023-07-20 20:52:33.778, fileAsset1=/home/runner/work/core/custom/assets/e/6/e69734ca-e885-41bc-9104-114bd296155f/fileAsset1/test_binary1689886353771.jpg, title=blah, inode=e69734ca-e885-41bc-9104-114bd296155f, __IS_NEW_CONTENT__=true, disabledWYSIWYG=[], host=48190c8c-42c4-46af-8d1a-0cd5db894797, stInode=eb85ed3f-e5b2-4b89-9de9-38c2827af305, owner=system, identifier=0b03c62d-b662-40e5-938a-970a7086d723, nullProperties=[], languageId=1, image1=41658078-76e2-4e02-a1ec-135e8568c5e4, folder=SYSTEM_FOLDER, __disable_workflow__=true, sortOrder=0, modUser=system},lowIndexPriority=false,variantId=DEFAULT], parent=demo.dotcms.com, expectedName='test_binary1689886353771.jpg:test_binary1689886353771.png', expectedType='MultipleBinaries1689886352108'}]" classname="com.dotmarketing.business.DeterministicIdentifierAPITest" time="0.005"/>
  <testcase name="Test_Asset_Generate_Deterministic_Id_Best_Effort[5: TestCase{versionable=name5b1df2da85 : keyTag5b1df2da85, parent=my.host1689886350481.com, expectedName='keyTag5b1df2da85', expectedType='persona'}]" classname="com.dotmarketing.business.DeterministicIdentifierAPITest" time="0.004"/>
  <testcase name="Test_Similar_Content_Type_Wont_Clash" classname="com.dotmarketing.business.DeterministicIdentifierAPITest" time="0.705"/>
  <testcase name="Test_Generate_Folder_Identifier" classname="com.dotmarketing.business.DeterministicIdentifierAPITest" time="1.165"/>
  <testcase name="Test_Generate_Content_Type_Identifier[0: ContentTypeTestCase{contentType=KeyValueContentType{name=Language Variable, id=f4d7c1b8-2c88-4071-abf1-a5328977b07d, description=Default Content Type for Language Variables, defaultType=false, fixed=true, iDate=Thu Aug 31 16:38:49 UTC 2017, system=true, versionable=true, variable=Languagevariable, modDate=Thu Jul 20 19:31:21 UTC 2023, host=SYSTEM_HOST, siteName=systemHost, icon=language, sortOrder=0, folder=SYSTEM_FOLDER, folderPath=/, markedForDeletion=true, multilingualable=false}, expectedName='Languagevariable', expectedType='KeyValue'}]" classname="com.dotmarketing.business.DeterministicIdentifierAPITest" time="0.007"/>
  <testcase name="Test_Generate_Content_Type_Identifier[1: ContentTypeTestCase{contentType=SimpleContentType{name=testName1689886354374, id=a3a01d02-f6fb-4aa0-b2d5-a02297ae3a54, description=testDescription1689886354374, defaultType=false, fixed=false, iDate=Thu Jul 20 20:52:34 UTC 2023, system=false, versionable=true, multilingualable=false, variable=testVarname1689886354374, owner=system, modDate=Thu Jul 20 20:52:35 UTC 2023, host=48190c8c-42c4-46af-8d1a-0cd5db894797, siteName=demo.dotcms.com, icon=event_note, sortOrder=0, folder=SYSTEM_FOLDER, folderPath=/, requiredFields=[], markedForDeletion=false}, expectedName='testVarname1689886354374', expectedType='CONTENT'}]" classname="com.dotmarketing.business.DeterministicIdentifierAPITest" time="0.006"/>
  <system-out><![CDATA[]]></system-out>
  <system-err><![CDATA[]]></system-err>
</testsuite>
