<?xml version="1.0" encoding="UTF-8"?>
<testsuite name="com.dotcms.rendering.velocity.viewtools.content.util.ContentUtilsTest" tests="89" skipped="0" failures="0" errors="0" timestamp="2023-06-26T14:27:08" hostname="fv-az413-549" time="408.654">
  <properties/>
  <testcase name="whenTheTimeMachineDateIsNullAndPublishDateInFutureShouldNotReturnAnything" classname="com.dotcms.rendering.velocity.viewtools.content.util.ContentUtilsTest" time="3.449"/>
  <testcase name="test_find_multilingual_contentlet_getContentletSuccessfully" classname="com.dotcms.rendering.velocity.viewtools.content.util.ContentUtilsTest" time="1.722"/>
  <testcase name="whenTheTimeMachineDateAndPublishDateAreTomorrowShouldReturnOneContent" classname="com.dotcms.rendering.velocity.viewtools.content.util.ContentUtilsTest" time="3.418"/>
  <testcase name="testPullRelated[0: com.dotcms.rendering.velocity.viewtools.content.util.ContentUtilsTest$TestCase@1cbd7cf7]" classname="com.dotcms.rendering.velocity.viewtools.content.util.ContentUtilsTest" time="4.276"/>
  <testcase name="testPullRelated[1: com.dotcms.rendering.velocity.viewtools.content.util.ContentUtilsTest$TestCase@43e55409]" classname="com.dotcms.rendering.velocity.viewtools.content.util.ContentUtilsTest" time="4.067"/>
  <testcase name="testPullRelated[2: com.dotcms.rendering.velocity.viewtools.content.util.ContentUtilsTest$TestCase@56edef6d]" classname="com.dotcms.rendering.velocity.viewtools.content.util.ContentUtilsTest" time="3.108"/>
  <testcase name="testPullRelated[3: com.dotcms.rendering.velocity.viewtools.content.util.ContentUtilsTest$TestCase@42feb4a4]" classname="com.dotcms.rendering.velocity.viewtools.content.util.ContentUtilsTest" time="4.162"/>
  <testcase name="testPullRelated[4: com.dotcms.rendering.velocity.viewtools.content.util.ContentUtilsTest$TestCase@355322c8]" classname="com.dotcms.rendering.velocity.viewtools.content.util.ContentUtilsTest" time="3.795"/>
  <testcase name="testPullRelated[5: com.dotcms.rendering.velocity.viewtools.content.util.ContentUtilsTest$TestCase@5c7f6d77]" classname="com.dotcms.rendering.velocity.viewtools.content.util.ContentUtilsTest" time="4.195"/>
  <testcase name="testPullRelated[6: com.dotcms.rendering.velocity.viewtools.content.util.ContentUtilsTest$TestCase@65506712]" classname="com.dotcms.rendering.velocity.viewtools.content.util.ContentUtilsTest" time="4.087"/>
  <testcase name="testPullRelated[7: com.dotcms.rendering.velocity.viewtools.content.util.ContentUtilsTest$TestCase@52bca488]" classname="com.dotcms.rendering.velocity.viewtools.content.util.ContentUtilsTest" time="3.117"/>
  <testcase name="testPullRelated[8: com.dotcms.rendering.velocity.viewtools.content.util.ContentUtilsTest$TestCase@7ed59975]" classname="com.dotcms.rendering.velocity.viewtools.content.util.ContentUtilsTest" time="3.895"/>
  <testcase name="testPullRelated[9: com.dotcms.rendering.velocity.viewtools.content.util.ContentUtilsTest$TestCase@59e6470d]" classname="com.dotcms.rendering.velocity.viewtools.content.util.ContentUtilsTest" time="4.094"/>
  <testcase name="testPullRelated[10: com.dotcms.rendering.velocity.viewtools.content.util.ContentUtilsTest$TestCase@3f68c3d4]" classname="com.dotcms.rendering.velocity.viewtools.content.util.ContentUtilsTest" time="4.134"/>
  <testcase name="testPullRelated[11: com.dotcms.rendering.velocity.viewtools.content.util.ContentUtilsTest$TestCase@8c7b855]" classname="com.dotcms.rendering.velocity.viewtools.content.util.ContentUtilsTest" time="3.064"/>
  <testcase name="testPullRelated[12: com.dotcms.rendering.velocity.viewtools.content.util.ContentUtilsTest$TestCase@5a8b9609]" classname="com.dotcms.rendering.velocity.viewtools.content.util.ContentUtilsTest" time="3.07"/>
  <testcase name="testPullRelated[13: com.dotcms.rendering.velocity.viewtools.content.util.ContentUtilsTest$TestCase@31be6c7a]" classname="com.dotcms.rendering.velocity.viewtools.content.util.ContentUtilsTest" time="3.842"/>
  <testcase name="testPullRelated[14: com.dotcms.rendering.velocity.viewtools.content.util.ContentUtilsTest$TestCase@48b16ffa]" classname="com.dotcms.rendering.velocity.viewtools.content.util.ContentUtilsTest" time="4.22"/>
  <testcase name="testPullRelated[15: com.dotcms.rendering.velocity.viewtools.content.util.ContentUtilsTest$TestCase@7d8163a9]" classname="com.dotcms.rendering.velocity.viewtools.content.util.ContentUtilsTest" time="3.784"/>
  <testcase name="testPullRelated[16: com.dotcms.rendering.velocity.viewtools.content.util.ContentUtilsTest$TestCase@7bbc99ce]" classname="com.dotcms.rendering.velocity.viewtools.content.util.ContentUtilsTest" time="4.214"/>
  <testcase name="testPullRelated[17: com.dotcms.rendering.velocity.viewtools.content.util.ContentUtilsTest$TestCase@3923e77f]" classname="com.dotcms.rendering.velocity.viewtools.content.util.ContentUtilsTest" time="4.032"/>
  <testcase name="testPullRelated[18: com.dotcms.rendering.velocity.viewtools.content.util.ContentUtilsTest$TestCase@7aae811e]" classname="com.dotcms.rendering.velocity.viewtools.content.util.ContentUtilsTest" time="3.955"/>
  <testcase name="testPullRelated[19: com.dotcms.rendering.velocity.viewtools.content.util.ContentUtilsTest$TestCase@cc429c9]" classname="com.dotcms.rendering.velocity.viewtools.content.util.ContentUtilsTest" time="4.281"/>
  <testcase name="testPullRelated[20: com.dotcms.rendering.velocity.viewtools.content.util.ContentUtilsTest$TestCase@13a9b376]" classname="com.dotcms.rendering.velocity.viewtools.content.util.ContentUtilsTest" time="3.786"/>
  <testcase name="testPullRelated[21: com.dotcms.rendering.velocity.viewtools.content.util.ContentUtilsTest$TestCase@3517b663]" classname="com.dotcms.rendering.velocity.viewtools.content.util.ContentUtilsTest" time="4.052"/>
  <testcase name="testPullRelated[22: com.dotcms.rendering.velocity.viewtools.content.util.ContentUtilsTest$TestCase@3b3f77ae]" classname="com.dotcms.rendering.velocity.viewtools.content.util.ContentUtilsTest" time="4.178"/>
  <testcase name="testPullRelated[23: com.dotcms.rendering.velocity.viewtools.content.util.ContentUtilsTest$TestCase@16989b61]" classname="com.dotcms.rendering.velocity.viewtools.content.util.ContentUtilsTest" time="4.311"/>
  <testcase name="testPullRelated[24: com.dotcms.rendering.velocity.viewtools.content.util.ContentUtilsTest$TestCase@48f4a8c7]" classname="com.dotcms.rendering.velocity.viewtools.content.util.ContentUtilsTest" time="3.855"/>
  <testcase name="testPullRelated[25: com.dotcms.rendering.velocity.viewtools.content.util.ContentUtilsTest$TestCase@4058ab14]" classname="com.dotcms.rendering.velocity.viewtools.content.util.ContentUtilsTest" time="3.977"/>
  <testcase name="testPullRelated[26: com.dotcms.rendering.velocity.viewtools.content.util.ContentUtilsTest$TestCase@1a26b6]" classname="com.dotcms.rendering.velocity.viewtools.content.util.ContentUtilsTest" time="4.3"/>
  <testcase name="testPullRelated[27: com.dotcms.rendering.velocity.viewtools.content.util.ContentUtilsTest$TestCase@528be647]" classname="com.dotcms.rendering.velocity.viewtools.content.util.ContentUtilsTest" time="4.058"/>
  <testcase name="testPullRelated[28: com.dotcms.rendering.velocity.viewtools.content.util.ContentUtilsTest$TestCase@3fd4ce41]" classname="com.dotcms.rendering.velocity.viewtools.content.util.ContentUtilsTest" time="3.954"/>
  <testcase name="testPullRelated[29: com.dotcms.rendering.velocity.viewtools.content.util.ContentUtilsTest$TestCase@3a51d2a4]" classname="com.dotcms.rendering.velocity.viewtools.content.util.ContentUtilsTest" time="3.99"/>
  <testcase name="testPullRelated[30: com.dotcms.rendering.velocity.viewtools.content.util.ContentUtilsTest$TestCase@6b2f6cce]" classname="com.dotcms.rendering.velocity.viewtools.content.util.ContentUtilsTest" time="4.898"/>
  <testcase name="testPullRelated[31: com.dotcms.rendering.velocity.viewtools.content.util.ContentUtilsTest$TestCase@669b0632]" classname="com.dotcms.rendering.velocity.viewtools.content.util.ContentUtilsTest" time="3.807"/>
  <testcase name="testPullRelated[32: com.dotcms.rendering.velocity.viewtools.content.util.ContentUtilsTest$TestCase@7f246a66]" classname="com.dotcms.rendering.velocity.viewtools.content.util.ContentUtilsTest" time="4.32"/>
  <testcase name="testPullRelated[33: com.dotcms.rendering.velocity.viewtools.content.util.ContentUtilsTest$TestCase@4b5453d4]" classname="com.dotcms.rendering.velocity.viewtools.content.util.ContentUtilsTest" time="3.787"/>
  <testcase name="testPullRelated[34: com.dotcms.rendering.velocity.viewtools.content.util.ContentUtilsTest$TestCase@5b0d1f6c]" classname="com.dotcms.rendering.velocity.viewtools.content.util.ContentUtilsTest" time="4.52"/>
  <testcase name="testPullRelated[35: com.dotcms.rendering.velocity.viewtools.content.util.ContentUtilsTest$TestCase@651938a9]" classname="com.dotcms.rendering.velocity.viewtools.content.util.ContentUtilsTest" time="3.746"/>
  <testcase name="testPullRelated[36: com.dotcms.rendering.velocity.viewtools.content.util.ContentUtilsTest$TestCase@39321936]" classname="com.dotcms.rendering.velocity.viewtools.content.util.ContentUtilsTest" time="6.339"/>
  <testcase name="testPullRelated[37: com.dotcms.rendering.velocity.viewtools.content.util.ContentUtilsTest$TestCase@50912737]" classname="com.dotcms.rendering.velocity.viewtools.content.util.ContentUtilsTest" time="5.83"/>
  <testcase name="testPullRelated[38: com.dotcms.rendering.velocity.viewtools.content.util.ContentUtilsTest$TestCase@63d4a436]" classname="com.dotcms.rendering.velocity.viewtools.content.util.ContentUtilsTest" time="6.334"/>
  <testcase name="testPullRelated[39: com.dotcms.rendering.velocity.viewtools.content.util.ContentUtilsTest$TestCase@4fa41495]" classname="com.dotcms.rendering.velocity.viewtools.content.util.ContentUtilsTest" time="6.181"/>
  <testcase name="testPullRelated[40: com.dotcms.rendering.velocity.viewtools.content.util.ContentUtilsTest$TestCase@66f64ffe]" classname="com.dotcms.rendering.velocity.viewtools.content.util.ContentUtilsTest" time="6.166"/>
  <testcase name="testPullRelated[41: com.dotcms.rendering.velocity.viewtools.content.util.ContentUtilsTest$TestCase@3f876488]" classname="com.dotcms.rendering.velocity.viewtools.content.util.ContentUtilsTest" time="4.771"/>
  <testcase name="testPullRelated[42: com.dotcms.rendering.velocity.viewtools.content.util.ContentUtilsTest$TestCase@7934825a]" classname="com.dotcms.rendering.velocity.viewtools.content.util.ContentUtilsTest" time="6.486"/>
  <testcase name="testPullRelated[43: com.dotcms.rendering.velocity.viewtools.content.util.ContentUtilsTest$TestCase@165b3155]" classname="com.dotcms.rendering.velocity.viewtools.content.util.ContentUtilsTest" time="6.056"/>
  <testcase name="testPullRelated[44: com.dotcms.rendering.velocity.viewtools.content.util.ContentUtilsTest$TestCase@428605df]" classname="com.dotcms.rendering.velocity.viewtools.content.util.ContentUtilsTest" time="5.85"/>
  <testcase name="testPullRelated[45: com.dotcms.rendering.velocity.viewtools.content.util.ContentUtilsTest$TestCase@46218a23]" classname="com.dotcms.rendering.velocity.viewtools.content.util.ContentUtilsTest" time="6.242"/>
  <testcase name="testPullRelated[46: com.dotcms.rendering.velocity.viewtools.content.util.ContentUtilsTest$TestCase@1bdaf6ef]" classname="com.dotcms.rendering.velocity.viewtools.content.util.ContentUtilsTest" time="5.269"/>
  <testcase name="testPullRelated[47: com.dotcms.rendering.velocity.viewtools.content.util.ContentUtilsTest$TestCase@54c4ad58]" classname="com.dotcms.rendering.velocity.viewtools.content.util.ContentUtilsTest" time="5.93"/>
  <testcase name="testPullRelated[48: com.dotcms.rendering.velocity.viewtools.content.util.ContentUtilsTest$TestCase@261ef2e2]" classname="com.dotcms.rendering.velocity.viewtools.content.util.ContentUtilsTest" time="6.031"/>
  <testcase name="testPullRelated[49: com.dotcms.rendering.velocity.viewtools.content.util.ContentUtilsTest$TestCase@6c241490]" classname="com.dotcms.rendering.velocity.viewtools.content.util.ContentUtilsTest" time="5.961"/>
  <testcase name="testPullRelated[50: com.dotcms.rendering.velocity.viewtools.content.util.ContentUtilsTest$TestCase@2005fa75]" classname="com.dotcms.rendering.velocity.viewtools.content.util.ContentUtilsTest" time="6.193"/>
  <testcase name="testPullRelated[51: com.dotcms.rendering.velocity.viewtools.content.util.ContentUtilsTest$TestCase@51da3d40]" classname="com.dotcms.rendering.velocity.viewtools.content.util.ContentUtilsTest" time="6.315"/>
  <testcase name="testPullRelated[52: com.dotcms.rendering.velocity.viewtools.content.util.ContentUtilsTest$TestCase@825c7b]" classname="com.dotcms.rendering.velocity.viewtools.content.util.ContentUtilsTest" time="4.981"/>
  <testcase name="testPullRelated[53: com.dotcms.rendering.velocity.viewtools.content.util.ContentUtilsTest$TestCase@4c4e586f]" classname="com.dotcms.rendering.velocity.viewtools.content.util.ContentUtilsTest" time="5.86"/>
  <testcase name="testPullRelated[54: com.dotcms.rendering.velocity.viewtools.content.util.ContentUtilsTest$TestCase@4397c5c1]" classname="com.dotcms.rendering.velocity.viewtools.content.util.ContentUtilsTest" time="6.374"/>
  <testcase name="testPullRelated[55: com.dotcms.rendering.velocity.viewtools.content.util.ContentUtilsTest$TestCase@4327d0ce]" classname="com.dotcms.rendering.velocity.viewtools.content.util.ContentUtilsTest" time="6.169"/>
  <testcase name="testPullRelated[56: com.dotcms.rendering.velocity.viewtools.content.util.ContentUtilsTest$TestCase@51d43d55]" classname="com.dotcms.rendering.velocity.viewtools.content.util.ContentUtilsTest" time="5.912"/>
  <testcase name="testPullRelated[57: com.dotcms.rendering.velocity.viewtools.content.util.ContentUtilsTest$TestCase@6fe78a20]" classname="com.dotcms.rendering.velocity.viewtools.content.util.ContentUtilsTest" time="6.194"/>
  <testcase name="testPullRelated[58: com.dotcms.rendering.velocity.viewtools.content.util.ContentUtilsTest$TestCase@1223f3d0]" classname="com.dotcms.rendering.velocity.viewtools.content.util.ContentUtilsTest" time="5.364"/>
  <testcase name="testPullRelated[59: com.dotcms.rendering.velocity.viewtools.content.util.ContentUtilsTest$TestCase@6ffff0fa]" classname="com.dotcms.rendering.velocity.viewtools.content.util.ContentUtilsTest" time="5.913"/>
  <testcase name="testPullRelated[60: com.dotcms.rendering.velocity.viewtools.content.util.ContentUtilsTest$TestCase@1fb156c5]" classname="com.dotcms.rendering.velocity.viewtools.content.util.ContentUtilsTest" time="6.215"/>
  <testcase name="testPullRelated[61: com.dotcms.rendering.velocity.viewtools.content.util.ContentUtilsTest$TestCase@4c546999]" classname="com.dotcms.rendering.velocity.viewtools.content.util.ContentUtilsTest" time="6.03"/>
  <testcase name="testPullRelated[62: com.dotcms.rendering.velocity.viewtools.content.util.ContentUtilsTest$TestCase@41e4aeb0]" classname="com.dotcms.rendering.velocity.viewtools.content.util.ContentUtilsTest" time="5.28"/>
  <testcase name="testPullRelated[63: com.dotcms.rendering.velocity.viewtools.content.util.ContentUtilsTest$TestCase@510cfe56]" classname="com.dotcms.rendering.velocity.viewtools.content.util.ContentUtilsTest" time="6.008"/>
  <testcase name="testPullRelated[64: com.dotcms.rendering.velocity.viewtools.content.util.ContentUtilsTest$TestCase@449e9dcc]" classname="com.dotcms.rendering.velocity.viewtools.content.util.ContentUtilsTest" time="5.984"/>
  <testcase name="testPullRelated[65: com.dotcms.rendering.velocity.viewtools.content.util.ContentUtilsTest$TestCase@2b692c67]" classname="com.dotcms.rendering.velocity.viewtools.content.util.ContentUtilsTest" time="5.899"/>
  <testcase name="testPullRelated[66: com.dotcms.rendering.velocity.viewtools.content.util.ContentUtilsTest$TestCase@4f9c8694]" classname="com.dotcms.rendering.velocity.viewtools.content.util.ContentUtilsTest" time="6.428"/>
  <testcase name="testPullRelated[67: com.dotcms.rendering.velocity.viewtools.content.util.ContentUtilsTest$TestCase@79d42f7f]" classname="com.dotcms.rendering.velocity.viewtools.content.util.ContentUtilsTest" time="5.174"/>
  <testcase name="testPullRelated[68: com.dotcms.rendering.velocity.viewtools.content.util.ContentUtilsTest$TestCase@4914ad74]" classname="com.dotcms.rendering.velocity.viewtools.content.util.ContentUtilsTest" time="5.925"/>
  <testcase name="testPullRelated[69: com.dotcms.rendering.velocity.viewtools.content.util.ContentUtilsTest$TestCase@2bfcaa25]" classname="com.dotcms.rendering.velocity.viewtools.content.util.ContentUtilsTest" time="6.042"/>
  <testcase name="testPullRelated[70: com.dotcms.rendering.velocity.viewtools.content.util.ContentUtilsTest$TestCase@7f21e8]" classname="com.dotcms.rendering.velocity.viewtools.content.util.ContentUtilsTest" time="6.324"/>
  <testcase name="testPullRelated[71: com.dotcms.rendering.velocity.viewtools.content.util.ContentUtilsTest$TestCase@5808594f]" classname="com.dotcms.rendering.velocity.viewtools.content.util.ContentUtilsTest" time="5.965"/>
  <testcase name="whenPublishAndExpireDatesAreInTheFutureAndTimeMachineIsAfterBoth" classname="com.dotcms.rendering.velocity.viewtools.content.util.ContentUtilsTest" time="3.487"/>
  <testcase name="testPullRelatedForLegacyRelationship[0: com.dotcms.rendering.velocity.viewtools.content.util.ContentUtilsTest$LegacyTestCase@341b3037]" classname="com.dotcms.rendering.velocity.viewtools.content.util.ContentUtilsTest" time="4.302"/>
  <testcase name="testPullRelatedForLegacyRelationship[1: com.dotcms.rendering.velocity.viewtools.content.util.ContentUtilsTest$LegacyTestCase@7a780913]" classname="com.dotcms.rendering.velocity.viewtools.content.util.ContentUtilsTest" time="4.023"/>
  <testcase name="whenTheTimeMachineDateIsAfterTomorrowAndExpireDateIsTomorrowShouldNotReturnContent" classname="com.dotcms.rendering.velocity.viewtools.content.util.ContentUtilsTest" time="3.359"/>
  <testcase name="testPullLiveRelatedWhenLatestVersionIsWorking" classname="com.dotcms.rendering.velocity.viewtools.content.util.ContentUtilsTest" time="4.407"/>
  <testcase name="test_add_relationships_on_parent_children_related_contents" classname="com.dotcms.rendering.velocity.viewtools.content.util.ContentUtilsTest" time="1.62"/>
  <testcase name="testSortPullRelated[0: com.dotcms.rendering.velocity.viewtools.content.util.ContentUtilsTest$SortTestCase@3f117d5]" classname="com.dotcms.rendering.velocity.viewtools.content.util.ContentUtilsTest" time="3.018"/>
  <testcase name="testSortPullRelated[1: com.dotcms.rendering.velocity.viewtools.content.util.ContentUtilsTest$SortTestCase@19a9e4c5]" classname="com.dotcms.rendering.velocity.viewtools.content.util.ContentUtilsTest" time="2.877"/>
  <testcase name="testSortPullRelated[2: com.dotcms.rendering.velocity.viewtools.content.util.ContentUtilsTest$SortTestCase@745ef54f]" classname="com.dotcms.rendering.velocity.viewtools.content.util.ContentUtilsTest" time="2.945"/>
  <testcase name="testSortPullRelated[3: com.dotcms.rendering.velocity.viewtools.content.util.ContentUtilsTest$SortTestCase@4ed45a46]" classname="com.dotcms.rendering.velocity.viewtools.content.util.ContentUtilsTest" time="3.002"/>
  <testcase name="testSortPullRelated[4: com.dotcms.rendering.velocity.viewtools.content.util.ContentUtilsTest$SortTestCase@4590b3f6]" classname="com.dotcms.rendering.velocity.viewtools.content.util.ContentUtilsTest" time="1.975"/>
  <testcase name="testSortPullRelated[5: com.dotcms.rendering.velocity.viewtools.content.util.ContentUtilsTest$SortTestCase@1349e84d]" classname="com.dotcms.rendering.velocity.viewtools.content.util.ContentUtilsTest" time="2.074"/>
  <testcase name="whenTheTimeMachineDateIsAfterTomorrowAndExpireDateIsInFutureShouldReturnContent" classname="com.dotcms.rendering.velocity.viewtools.content.util.ContentUtilsTest" time="3.563"/>
  <testcase name="testPullRelatedFieldShouldRespectDefaultOrder" classname="com.dotcms.rendering.velocity.viewtools.content.util.ContentUtilsTest" time="2.479"/>
  <system-out><![CDATA[]]></system-out>
  <system-err><![CDATA[]]></system-err>
</testsuite>
