<?xml version="1.0" encoding="UTF-8"?>
<testsuite name="com.dotcms.rest.IntegrityResourceIntegrationTest" tests="2" skipped="0" failures="0" errors="0" timestamp="2023-07-07T20:13:34" hostname="fv-az622-57" time="0.083">
  <properties/>
  <testcase name="fixConflictsShouldReturnLicenseException" classname="com.dotcms.rest.IntegrityResourceIntegrationTest" time="0.073"/>
  <testcase name="generateShouldReturnLicenseException" classname="com.dotcms.rest.IntegrityResourceIntegrationTest" time="0.009"/>
  <system-out><![CDATA[]]></system-out>
  <system-err><![CDATA[]]></system-err>
</testsuite>
