<?xml version="1.0" encoding="UTF-8"?>
<testsuite name="com.dotmarketing.portlets.workflows.actionlet.SaveContentAsDraftActionletIntegrationTest" tests="1" skipped="0" failures="0" errors="0" timestamp="2023-06-28T01:26:12" hostname="fv-az614-690" time="2.15">
  <properties/>
  <testcase name="save_draft_with_permissions" classname="com.dotmarketing.portlets.workflows.actionlet.SaveContentAsDraftActionletIntegrationTest" time="2.15"/>
  <system-out><![CDATA[]]></system-out>
  <system-err><![CDATA[]]></system-err>
</testsuite>
