<?xml version="1.0" encoding="UTF-8"?>
<testsuite name="com.dotcms.content.business.json.ContentletJsonAPITest" tests="9" skipped="0" failures="0" errors="0" timestamp="2023-07-20T21:01:07" hostname="fv-az1232-188" time="26.369">
  <properties/>
  <testcase name="Simple_Json_Serialize_Test" classname="com.dotcms.content.business.json.ContentletJsonAPITest" time="5.927"/>
  <testcase name="Test_Category_And_Tags_Are_Not_Serialized" classname="com.dotcms.content.business.json.ContentletJsonAPITest" time="2.901"/>
  <testcase name="Create_Content_Then_Find_It_Then_Create_Json_Content_Then_Recover_And_Compare" classname="com.dotcms.content.business.json.ContentletJsonAPITest" time="5.137"/>
  <testcase name="Test_Remove_System_Fields_From_v1_Version_Conversion" classname="com.dotcms.content.business.json.ContentletJsonAPITest" time="0.006"/>
  <testcase name="Simple_Serializer_Test" classname="com.dotcms.content.business.json.ContentletJsonAPITest" time="3.224"/>
  <testcase name="Initialize_Fields_With_Default_Value_Test" classname="com.dotcms.content.business.json.ContentletJsonAPITest" time="4.018"/>
  <testcase name="TestCustomMetadataDeserializer" classname="com.dotcms.content.business.json.ContentletJsonAPITest" time="0.004"/>
  <testcase name="testSerializeContent" classname="com.dotcms.content.business.json.ContentletJsonAPITest" time="1.212"/>
  <testcase name="Test_Hydration_Test" classname="com.dotcms.content.business.json.ContentletJsonAPITest" time="3.937"/>
  <system-out><![CDATA[
]]></system-out>
  <system-err><![CDATA[]]></system-err>
</testsuite>
