<?xml version="1.0" encoding="UTF-8"?>
<testsuite name="com.dotcms.rest.api.v1.vtl.VTLResourceIntegrationTest" tests="6" skipped="0" failures="0" errors="0" timestamp="2023-06-30T16:20:45" hostname="fv-az447-885" time="12.444">
  <properties/>
  <testcase name="testGet[0: com.dotcms.rest.api.v1.vtl.VTLResourceTestCase@161bd3a6]" classname="com.dotcms.rest.api.v1.vtl.VTLResourceIntegrationTest" time="2.494"/>
  <testcase name="testGet[1: com.dotcms.rest.api.v1.vtl.VTLResourceTestCase@38fc5c37]" classname="com.dotcms.rest.api.v1.vtl.VTLResourceIntegrationTest" time="1.87"/>
  <testcase name="testGet[2: com.dotcms.rest.api.v1.vtl.VTLResourceTestCase@13256299]" classname="com.dotcms.rest.api.v1.vtl.VTLResourceIntegrationTest" time="2.124"/>
  <testcase name="testGet[3: com.dotcms.rest.api.v1.vtl.VTLResourceTestCase@239183c6]" classname="com.dotcms.rest.api.v1.vtl.VTLResourceIntegrationTest" time="1.938"/>
  <testcase name="testGet[4: com.dotcms.rest.api.v1.vtl.VTLResourceTestCase@6b5fe2f1]" classname="com.dotcms.rest.api.v1.vtl.VTLResourceIntegrationTest" time="2.03"/>
  <testcase name="testGet[5: com.dotcms.rest.api.v1.vtl.VTLResourceTestCase@31981649]" classname="com.dotcms.rest.api.v1.vtl.VTLResourceIntegrationTest" time="1.988"/>
  <system-out><![CDATA[]]></system-out>
  <system-err><![CDATA[]]></system-err>
</testsuite>
