<?xml version="1.0" encoding="UTF-8"?>
<testsuite name="com.dotmarketing.startup.runonce.Task220829CreateExperimentsTableTest" tests="1" skipped="0" failures="0" errors="0" timestamp="2023-07-21T16:16:07" hostname="fv-az1098-922" time="0.014">
  <properties/>
  <testcase name="testExecuteUpgrade" classname="com.dotmarketing.startup.runonce.Task220829CreateExperimentsTableTest" time="0.014"/>
  <system-out><![CDATA[]]></system-out>
  <system-err><![CDATA[]]></system-err>
</testsuite>
