<?xml version="1.0" encoding="UTF-8"?>
<testsuite name="com.dotmarketing.portlets.structure.model.ContentletRelationshipsTest" tests="7" skipped="0" failures="0" errors="0" timestamp="2023-06-30T18:20:48" hostname="fv-az210-575" time="8.346">
  <properties/>
  <testcase name="testDoesAllowOnlyOne[0: com.dotmarketing.portlets.structure.model.ContentletRelationshipsTest$CardinalityTestCase@28dc0846]" classname="com.dotmarketing.portlets.structure.model.ContentletRelationshipsTest" time="0.457"/>
  <testcase name="testDoesAllowOnlyOne[1: com.dotmarketing.portlets.structure.model.ContentletRelationshipsTest$CardinalityTestCase@50607052]" classname="com.dotmarketing.portlets.structure.model.ContentletRelationshipsTest" time="0.367"/>
  <testcase name="testDoesAllowOnlyOne[2: com.dotmarketing.portlets.structure.model.ContentletRelationshipsTest$CardinalityTestCase@5d7ab055]" classname="com.dotmarketing.portlets.structure.model.ContentletRelationshipsTest" time="0.411"/>
  <testcase name="testGetRelationshipRecords[0: com.dotmarketing.portlets.structure.model.ContentletRelationshipsTest$TestCase@18b3f481]" classname="com.dotmarketing.portlets.structure.model.ContentletRelationshipsTest" time="1.905"/>
  <testcase name="testGetRelationshipRecords[1: com.dotmarketing.portlets.structure.model.ContentletRelationshipsTest$TestCase@506541e9]" classname="com.dotmarketing.portlets.structure.model.ContentletRelationshipsTest" time="1.801"/>
  <testcase name="testGetRelationshipRecords[2: com.dotmarketing.portlets.structure.model.ContentletRelationshipsTest$TestCase@3d45957]" classname="com.dotmarketing.portlets.structure.model.ContentletRelationshipsTest" time="1.701"/>
  <testcase name="testGetRelationshipRecords[3: com.dotmarketing.portlets.structure.model.ContentletRelationshipsTest$TestCase@b24a960]" classname="com.dotmarketing.portlets.structure.model.ContentletRelationshipsTest" time="1.701"/>
  <system-out><![CDATA[]]></system-out>
  <system-err><![CDATA[]]></system-err>
</testsuite>
