<?xml version="1.0" encoding="UTF-8"?>
<testsuite name="com.dotcms.rest.elasticsearch.ESContentResourcePortletTest" tests="8" skipped="0" failures="0" errors="0" timestamp="2023-07-18T22:12:48" hostname="fv-az247-820" time="8.754">
  <properties/>
  <testcase name="test_search_includeGrandChildCategory_success" classname="com.dotcms.rest.elasticsearch.ESContentResourcePortletTest" time="1.599"/>
  <testcase name="testSearch[0: com.dotcms.rest.elasticsearch.ESContentResourcePortletTest$TestCase@480056b4]" classname="com.dotcms.rest.elasticsearch.ESContentResourcePortletTest" time="1.06"/>
  <testcase name="testSearch[1: com.dotcms.rest.elasticsearch.ESContentResourcePortletTest$TestCase@14d0e229]" classname="com.dotcms.rest.elasticsearch.ESContentResourcePortletTest" time="1.371"/>
  <testcase name="testSearch[2: com.dotcms.rest.elasticsearch.ESContentResourcePortletTest$TestCase@58c6fce3]" classname="com.dotcms.rest.elasticsearch.ESContentResourcePortletTest" time="1.043"/>
  <testcase name="testSearch[3: com.dotcms.rest.elasticsearch.ESContentResourcePortletTest$TestCase@3d1f2da4]" classname="com.dotcms.rest.elasticsearch.ESContentResourcePortletTest" time="0.328"/>
  <testcase name="testSearch[4: com.dotcms.rest.elasticsearch.ESContentResourcePortletTest$TestCase@77606945]" classname="com.dotcms.rest.elasticsearch.ESContentResourcePortletTest" time="1.335"/>
  <testcase name="testSearch[5: com.dotcms.rest.elasticsearch.ESContentResourcePortletTest$TestCase@64b21c2a]" classname="com.dotcms.rest.elasticsearch.ESContentResourcePortletTest" time="1.009"/>
  <testcase name="testSearch[6: com.dotcms.rest.elasticsearch.ESContentResourcePortletTest$TestCase@b7cc5bb]" classname="com.dotcms.rest.elasticsearch.ESContentResourcePortletTest" time="1.007"/>
  <system-out><![CDATA[]]></system-out>
  <system-err><![CDATA[]]></system-err>
</testsuite>
