<?xml version="1.0" encoding="UTF-8"?>
<testsuite name="com.dotcms.uuid.shorty.ShortyIdApiTest" tests="11" skipped="0" failures="0" errors="0" timestamp="2023-07-08T04:55:50" hostname="fv-az436-467" time="36.534">
  <properties/>
  <testcase name="test404Cache" classname="com.dotcms.uuid.shorty.ShortyIdApiTest" time="1.783"/>
  <testcase name="test404CacheWhenDBDown" classname="com.dotcms.uuid.shorty.ShortyIdApiTest" time="12.663"/>
  <testcase name="testShortyLookup" classname="com.dotcms.uuid.shorty.ShortyIdApiTest" time="2.527"/>
  <testcase name="testUuidIfy" classname="com.dotcms.uuid.shorty.ShortyIdApiTest" time="2.449"/>
  <testcase name="testLongerShorties" classname="com.dotcms.uuid.shorty.ShortyIdApiTest" time="2.388"/>
  <testcase name="testShortify" classname="com.dotcms.uuid.shorty.ShortyIdApiTest" time="2.473"/>
  <testcase name="testContentlet404CacheInvalidation" classname="com.dotcms.uuid.shorty.ShortyIdApiTest" time="2.479"/>
  <testcase name="testTempShorties" classname="com.dotcms.uuid.shorty.ShortyIdApiTest" time="2.43"/>
  <testcase name="testShortyCache" classname="com.dotcms.uuid.shorty.ShortyIdApiTest" time="2.588"/>
  <testcase name="testValidShorty" classname="com.dotcms.uuid.shorty.ShortyIdApiTest" time="2.378"/>
  <testcase name="testIdentifier404CacheInvalidation" classname="com.dotcms.uuid.shorty.ShortyIdApiTest" time="2.376"/>
  <system-out><![CDATA[











































































































































































































































































































]]></system-out>
  <system-err><![CDATA[]]></system-err>
</testsuite>
