<?xml version="1.0" encoding="UTF-8"?>
<testsuite name="com.dotmarketing.startup.runonce.Task220413IncreasePublishedPushedAssetIdColTest" tests="2" skipped="0" failures="0" errors="0" timestamp="2023-07-11T02:01:13" hostname="fv-az336-51" time="0.027">
  <properties/>
  <testcase name="test_upgradeTask" classname="com.dotmarketing.startup.runonce.Task220413IncreasePublishedPushedAssetIdColTest" time="0.016"/>
  <testcase name="test_upgradeTask_noCapacity" classname="com.dotmarketing.startup.runonce.Task220413IncreasePublishedPushedAssetIdColTest" time="0.011"/>
  <system-out><![CDATA[]]></system-out>
  <system-err><![CDATA[]]></system-err>
</testsuite>
