<?xml version="1.0" encoding="UTF-8"?>
<testsuite name="com.dotcms.publisher.bundle.business.BundleAPITest" tests="11" skipped="0" failures="0" errors="0" timestamp="2023-06-28T03:59:53" hostname="fv-az422-786" time="5.484">
  <properties/>
  <testcase name="test_deleteBundleById_uploadedBundle" classname="com.dotcms.publisher.bundle.business.BundleAPITest" time="0.006"/>
  <testcase name="test_deleteBundleAndDependencies_bundleIdDoesNotExist" classname="com.dotcms.publisher.bundle.business.BundleAPITest" time="0.001"/>
  <testcase name="test_deleteAllBundles_byLimitedUser" classname="com.dotcms.publisher.bundle.business.BundleAPITest" time="0.739"/>
  <testcase name="test_bundleTgzExists_returnFalse" classname="com.dotcms.publisher.bundle.business.BundleAPITest" time="0.003"/>
  <testcase name="test_deleteBundleAndDependencies_byAdmin" classname="com.dotcms.publisher.bundle.business.BundleAPITest" time="0.715"/>
  <testcase name="test_deleteBundleAndDependenciesOlderThan_futureDate" classname="com.dotcms.publisher.bundle.business.BundleAPITest" time="0.001"/>
  <testcase name="test_deleteBundleAndDependenciesOlderThan_byAdmin" classname="com.dotcms.publisher.bundle.business.BundleAPITest" time="1.849"/>
  <testcase name="test_deleteBundleAndDependenciesOlderThan_byLimitedUser" classname="com.dotcms.publisher.bundle.business.BundleAPITest" time="0.728"/>
  <testcase name="test_bundleTgzExists_returnTrue" classname="com.dotcms.publisher.bundle.business.BundleAPITest" time="0.01"/>
  <testcase name="test_deleteAllBundles_byAdmin" classname="com.dotcms.publisher.bundle.business.BundleAPITest" time="0.734"/>
  <testcase name="test_deleteBundleAndDependencies_byLimitedUser" classname="com.dotcms.publisher.bundle.business.BundleAPITest" time="0.698"/>
  <system-out><![CDATA[
]]></system-out>
  <system-err><![CDATA[]]></system-err>
</testsuite>
