<?xml version="1.0" encoding="UTF-8"?>
<testsuite name="com.dotcms.rest.api.v1.page.PageResourceTest" tests="18" skipped="0" failures="0" errors="0" timestamp="2023-06-28T03:39:08" hostname="fv-az255-852" time="60.906">
  <properties/>
  <testcase name="testRenderWithContent" classname="com.dotcms.rest.api.v1.page.PageResourceTest" time="3.008"/>
  <testcase name="test_addContent_invalid_content_type" classname="com.dotcms.rest.api.v1.page.PageResourceTest" time="5.085"/>
  <testcase name="shouldReturn404ForPageWithURLPatternWithNotLIVEContentInLiveMode" classname="com.dotcms.rest.api.v1.page.PageResourceTest" time="3.316"/>
  <testcase name="shouldReturnPageByURLPattern" classname="com.dotcms.rest.api.v1.page.PageResourceTest" time="2.256"/>
  <testcase name="testRenderPersonalizationVersion" classname="com.dotcms.rest.api.v1.page.PageResourceTest" time="2.439"/>
  <testcase name="shouldResponseWith" classname="com.dotcms.rest.api.v1.page.PageResourceTest" time="12.458"/>
  <testcase name="testGetPersonalizedPersonasOnPage" classname="com.dotcms.rest.api.v1.page.PageResourceTest" time="2.987"/>
  <testcase name="getPersonasForLimitedUser" classname="com.dotcms.rest.api.v1.page.PageResourceTest" time="4.42"/>
  <testcase name="testPathParamWithHost" classname="com.dotcms.rest.api.v1.page.PageResourceTest" time="2.022"/>
  <testcase name="shouldReturnLIVE" classname="com.dotcms.rest.api.v1.page.PageResourceTest" time="4.319"/>
  <testcase name="testPathParam" classname="com.dotcms.rest.api.v1.page.PageResourceTest" time="1.826"/>
  <testcase name="shouldKeepTheAParserContainerContentAfterLayoutSaved" classname="com.dotcms.rest.api.v1.page.PageResourceTest" time="2.98"/>
  <testcase name="testOnNumberOfPagesDataAttribute_render" classname="com.dotcms.rest.api.v1.page.PageResourceTest" time="2.64"/>
  <testcase name="testShouldRenderContainers" classname="com.dotcms.rest.api.v1.page.PageResourceTest" time="2.042"/>
  <testcase name="shouldReturn404ForPageWithURLPatternWithNotLIVEContentInAdminMode" classname="com.dotcms.rest.api.v1.page.PageResourceTest" time="1.654"/>
  <testcase name="testNumberContentWithNotDrawTemplate" classname="com.dotcms.rest.api.v1.page.PageResourceTest" time="3.01"/>
  <testcase name="testRender" classname="com.dotcms.rest.api.v1.page.PageResourceTest" time="2.6"/>
  <testcase name="testRenderNotPersonalizationVersion" classname="com.dotcms.rest.api.v1.page.PageResourceTest" time="1.842"/>
  <system-out><![CDATA[
]]></system-out>
  <system-err><![CDATA[]]></system-err>
</testsuite>
