<?xml version="1.0" encoding="UTF-8"?>
<testsuite name="com.dotcms.rest.api.v1.contenttype.FieldResourceTest" tests="25" skipped="0" failures="0" errors="0" timestamp="2023-06-24T02:44:53" hostname="fv-az1128-296" time="116.489">
  <properties/>
  <testcase name="testFieldMultiSelect" classname="com.dotcms.rest.api.v1.contenttype.FieldResourceTest" time="5.102"/>
  <testcase name="testFieldWysiwyg" classname="com.dotcms.rest.api.v1.contenttype.FieldResourceTest" time="4.905"/>
  <testcase name="testFieldCheckbox" classname="com.dotcms.rest.api.v1.contenttype.FieldResourceTest" time="4.782"/>
  <testcase name="testFieldDateTime" classname="com.dotcms.rest.api.v1.contenttype.FieldResourceTest" time="4.816"/>
  <testcase name="testFieldBinary" classname="com.dotcms.rest.api.v1.contenttype.FieldResourceTest" time="4.768"/>
  <testcase name="testFieldCustom" classname="com.dotcms.rest.api.v1.contenttype.FieldResourceTest" time="4.761"/>
  <testcase name="testFieldHidden" classname="com.dotcms.rest.api.v1.contenttype.FieldResourceTest" time="4.757"/>
  <testcase name="testFieldSelect" classname="com.dotcms.rest.api.v1.contenttype.FieldResourceTest" time="4.927"/>
  <testcase name="testFieldTag" classname="com.dotcms.rest.api.v1.contenttype.FieldResourceTest" time="4.888"/>
  <testcase name="testFieldImage" classname="com.dotcms.rest.api.v1.contenttype.FieldResourceTest" time="4.795"/>
  <testcase name="testFieldRadio" classname="com.dotcms.rest.api.v1.contenttype.FieldResourceTest" time="4.917"/>
  <testcase name="testFieldsList" classname="com.dotcms.rest.api.v1.contenttype.FieldResourceTest" time="0.791"/>
  <testcase name="testFieldPermissionTab" classname="com.dotcms.rest.api.v1.contenttype.FieldResourceTest" time="4.773"/>
  <testcase name="testFieldHostFolder" classname="com.dotcms.rest.api.v1.contenttype.FieldResourceTest" time="4.76"/>
  <testcase name="testFieldRelationshipsTab" classname="com.dotcms.rest.api.v1.contenttype.FieldResourceTest" time="4.771"/>
  <testcase name="testFieldLineDivider" classname="com.dotcms.rest.api.v1.contenttype.FieldResourceTest" time="4.767"/>
  <testcase name="testFieldTabDividerField" classname="com.dotcms.rest.api.v1.contenttype.FieldResourceTest" time="4.745"/>
  <testcase name="testFieldTextArea" classname="com.dotcms.rest.api.v1.contenttype.FieldResourceTest" time="4.931"/>
  <testcase name="testFieldConstant" classname="com.dotcms.rest.api.v1.contenttype.FieldResourceTest" time="4.762"/>
  <testcase name="testFieldCategory" classname="com.dotcms.rest.api.v1.contenttype.FieldResourceTest" time="4.738"/>
  <testcase name="testFieldDate" classname="com.dotcms.rest.api.v1.contenttype.FieldResourceTest" time="4.814"/>
  <testcase name="testFieldFile" classname="com.dotcms.rest.api.v1.contenttype.FieldResourceTest" time="4.759"/>
  <testcase name="testFieldText" classname="com.dotcms.rest.api.v1.contenttype.FieldResourceTest" time="4.907"/>
  <testcase name="testFieldTime" classname="com.dotcms.rest.api.v1.contenttype.FieldResourceTest" time="4.798"/>
  <testcase name="testFieldKeyValue" classname="com.dotcms.rest.api.v1.contenttype.FieldResourceTest" time="4.755"/>
  <system-out><![CDATA[]]></system-out>
  <system-err><![CDATA[]]></system-err>
</testsuite>
