<?xml version="1.0" encoding="UTF-8"?>
<testsuite name="com.dotmarketing.portlets.browser.BrowserUtilTest" tests="11" skipped="0" failures="0" errors="0" timestamp="2023-06-30T22:36:40" hostname="fv-az629-494" time="25.407">
  <properties/>
  <testcase name="defaultPathEqualsToFolderSelectedFolder" classname="com.dotmarketing.portlets.browser.BrowserUtilTest" time="1.983"/>
  <testcase name="defaultPathEqualsToFolderHostField" classname="com.dotmarketing.portlets.browser.BrowserUtilTest" time="3.081"/>
  <testcase name="defaultPathEqualsToFieldVariablePathIds" classname="com.dotmarketing.portlets.browser.BrowserUtilTest" time="2.08"/>
  <testcase name="defaultPathEqualsToWrongFieldVariable" classname="com.dotmarketing.portlets.browser.BrowserUtilTest" time="2.053"/>
  <testcase name="defaultPathEqualsToFieldVariableAbsolutePath" classname="com.dotmarketing.portlets.browser.BrowserUtilTest" time="1.999"/>
  <testcase name="defaultPathEqualsToFolderCurrentHost" classname="com.dotmarketing.portlets.browser.BrowserUtilTest" time="2.047"/>
  <testcase name="defaultPathEqualsToFieldVariableAbsolutePathPathIds" classname="com.dotmarketing.portlets.browser.BrowserUtilTest" time="2.034"/>
  <testcase name="defaultPathEqualsToFieldVariable" classname="com.dotmarketing.portlets.browser.BrowserUtilTest" time="2.972"/>
  <testcase name="defaultPathEqualsToExistingImage" classname="com.dotmarketing.portlets.browser.BrowserUtilTest" time="3.079"/>
  <testcase name="defaultPathEqualsToExistingImagePathIds" classname="com.dotmarketing.portlets.browser.BrowserUtilTest" time="2.262"/>
  <testcase name="defaultPathEqualsToFolderHostFieldNoValue" classname="com.dotmarketing.portlets.browser.BrowserUtilTest" time="1.816"/>
  <system-out><![CDATA[]]></system-out>
  <system-err><![CDATA[]]></system-err>
</testsuite>
