<?xml version="1.0" encoding="UTF-8"?>
<testsuite name="com.dotcms.enterprise.publishing.bundler.URLMapBundlerTest" tests="2" skipped="0" failures="0" errors="0" timestamp="2023-07-12T16:07:09" hostname="fv-az411-825" time="8.038">
  <properties/>
  <testcase name="urlMapWithInclude" classname="com.dotcms.enterprise.publishing.bundler.URLMapBundlerTest" time="4.141"/>
  <testcase name="urlMapWithIncludeAndBlankSpace" classname="com.dotcms.enterprise.publishing.bundler.URLMapBundlerTest" time="3.897"/>
  <system-out><![CDATA[]]></system-out>
  <system-err><![CDATA[]]></system-err>
</testsuite>
