<?xml version="1.0" encoding="UTF-8"?>
<testsuite name="com.dotcms.rest.elasticsearch.ESContentResourcePortletTest" tests="8" skipped="0" failures="0" errors="0" timestamp="2023-07-03T17:22:13" hostname="fv-az218-411" time="9.41">
  <properties/>
  <testcase name="test_search_includeGrandChildCategory_success" classname="com.dotcms.rest.elasticsearch.ESContentResourcePortletTest" time="1.511"/>
  <testcase name="testSearch[0: com.dotcms.rest.elasticsearch.ESContentResourcePortletTest$TestCase@7baa8f57]" classname="com.dotcms.rest.elasticsearch.ESContentResourcePortletTest" time="1.006"/>
  <testcase name="testSearch[1: com.dotcms.rest.elasticsearch.ESContentResourcePortletTest$TestCase@18df0894]" classname="com.dotcms.rest.elasticsearch.ESContentResourcePortletTest" time="1.297"/>
  <testcase name="testSearch[2: com.dotcms.rest.elasticsearch.ESContentResourcePortletTest$TestCase@752be4e7]" classname="com.dotcms.rest.elasticsearch.ESContentResourcePortletTest" time="0.997"/>
  <testcase name="testSearch[3: com.dotcms.rest.elasticsearch.ESContentResourcePortletTest$TestCase@489b1208]" classname="com.dotcms.rest.elasticsearch.ESContentResourcePortletTest" time="1.318"/>
  <testcase name="testSearch[4: com.dotcms.rest.elasticsearch.ESContentResourcePortletTest$TestCase@67e4fc7b]" classname="com.dotcms.rest.elasticsearch.ESContentResourcePortletTest" time="1.325"/>
  <testcase name="testSearch[5: com.dotcms.rest.elasticsearch.ESContentResourcePortletTest$TestCase@79fd3bb]" classname="com.dotcms.rest.elasticsearch.ESContentResourcePortletTest" time="1.005"/>
  <testcase name="testSearch[6: com.dotcms.rest.elasticsearch.ESContentResourcePortletTest$TestCase@2d390373]" classname="com.dotcms.rest.elasticsearch.ESContentResourcePortletTest" time="0.949"/>
  <system-out><![CDATA[]]></system-out>
  <system-err><![CDATA[]]></system-err>
</testsuite>
