<?xml version="1.0" encoding="UTF-8"?>
<testsuite name="com.dotmarketing.business.DeterministicIdentifierAPITest" tests="16" skipped="0" failures="0" errors="0" timestamp="2023-07-13T17:30:23" hostname="fv-az365-454" time="0.743">
  <properties/>
  <testcase name="Test_Category_Path_Seed_And_Id" classname="com.dotmarketing.business.DeterministicIdentifierAPITest" time="0.022"/>
  <testcase name="Test_Language_Deterministic_Id[0: LanguageTestCase{expectedSeed='Language:es:US', expectedHash=4913155, langCode='es', countryCode='US', country='United States'}]" classname="com.dotmarketing.business.DeterministicIdentifierAPITest" time="0.001"/>
  <testcase name="Test_Language_Deterministic_Id[1: LanguageTestCase{expectedSeed='Language:ep:', expectedHash=5292269, langCode='ep', countryCode='', country=''}]" classname="com.dotmarketing.business.DeterministicIdentifierAPITest" time="0.001"/>
  <testcase name="Test_Language_Deterministic_Id[2: LanguageTestCase{expectedSeed='Language:sg:SAG', expectedHash=4713118, langCode='sg', countryCode='SAG', country=''}]" classname="com.dotmarketing.business.DeterministicIdentifierAPITest" time="0.001"/>
  <testcase name="Test_Language_Deterministic_Id[3: LanguageTestCase{expectedSeed='Language:en:NZ', expectedHash=5382528, langCode='en', countryCode='NZ', country='New Zealand'}]" classname="com.dotmarketing.business.DeterministicIdentifierAPITest" time="0.0"/>
  <testcase name="Test_Category_None_Persisted_Category_Should_Return_Deterministic_Id" classname="com.dotmarketing.business.DeterministicIdentifierAPITest" time="0.002"/>
  <testcase name="Test_Asset_Generate_Deterministic_Id_Best_Effort[0: TestCase{versionable=my.host1689269037798.com, parent=System Host, expectedName='my.host1689269037798.com', expectedType='Host'}]" classname="com.dotmarketing.business.DeterministicIdentifierAPITest" time="0.003"/>
  <testcase name="Test_Asset_Generate_Deterministic_Id_Best_Effort[1: TestCase{versionable=com.dotmarketing.portlets.contentlet.model.Contentlet@5fc1b58b[map={modDate=2023-07-13 17:23:58.518, fileName=file17522244289175159867.txt, title=file17522244289175159867.txt, inode=a6a058b0-5ed8-4f67-8b27-dc13ecd0da55, __IS_NEW_CONTENT__=true, disabledWYSIWYG=[], host=5570e103-8f4a-41af-9d90-001882debc3b, stInode=33888b6f-7a8e-4069-b1b6-5c1aa9d0a48d, owner=system, identifier=8ba6aa2b-2387-414f-9093-c265719acb55, nullProperties=[wfExpireDate, wfPublishDate, wfActionAssign, wfActionId, wfActionComments, filterKey, whereToSend, wfNeverExpire, _path_to_move, timezoneId, iWantTo, wfPublishTime, wfExpireTime], languageId=1, fileAsset=/home/runner/work/core/custom/assets/a/6/a6a058b0-5ed8-4f67-8b27-dc13ecd0da55/fileAsset/file17522244289175159867.txt, folder=2bf318e4-8233-443d-8145-fd8bdc80cbe8, __disable_workflow__=true, sortOrder=0, modUser=system},lowIndexPriority=false,variantId=DEFAULT], parent=com.dotmarketing.portlets.folders.model.Folder@2ea55a82[identifier=2bf318e4-8233-443d-8145-fd8bdc80cbe8,name=testName1689269038512,sortOrder=0,showOnMenu=false,hostId=5570e103-8f4a-41af-9d90-001882debc3b,type=folder,title=testTitle1689269038512,filesMasks=,defaultFileType=33888b6f-7a8e-4069-b1b6-5c1aa9d0a48d,modDate=2023-07-13 17:23:58.514,owner=&lt;null&gt;,iDate=2023-07-13 17:23:58.514,inode=2bf318e4-8233-443d-8145-fd8bdc80cbe8,path=/testName1689269038512/], expectedName='file17522244289175159867.txt', expectedType='FileAsset'}]" classname="com.dotmarketing.business.DeterministicIdentifierAPITest" time="0.003"/>
  <testcase name="Test_Asset_Generate_Deterministic_Id_Best_Effort[2: TestCase{versionable=com.dotmarketing.portlets.templates.model.Template@b5b7973, parent=my.host1689269037798.com, expectedName='testTitle1689269038603', expectedType='Template'}]" classname="com.dotmarketing.business.DeterministicIdentifierAPITest" time="0.001"/>
  <testcase name="Test_Asset_Generate_Deterministic_Id_Best_Effort[3: TestCase{versionable=com.dotmarketing.portlets.htmlpageasset.model.HTMLPageAsset@5bf65f3a[map={template=18b33d3e-a522-467e-b3f6-f9f6f5d842d8, owner=system, identifier=dfb7dd23-f359-4fa2-bf99-fdd6ef0d837c, nullProperties=[wfExpireDate, wfPublishDate, wfActionAssign, wfActionId, wfActionComments, filterKey, whereToSend, wfNeverExpire, _path_to_move, timezoneId, iWantTo, wfPublishTime, wfExpireTime], modDate=2023-07-13 17:23:58.62, cachettl=0, _is_test_mode=true, languageId=1, title=test-page-title-1689269038616, httpsreq=, url=test-page-url-1689269038616, showOnMenu=, inode=888fcbd3-1058-4361-a087-c5919b2a22d2, folder=2bf318e4-8233-443d-8145-fd8bdc80cbe8, disabledWYSIWYG=[], sortOrder=1, modUser=system, host=5570e103-8f4a-41af-9d90-001882debc3b, stInode=c541abb1-69b3-4bc5-8430-5e09e5239cc8, friendlyName=test-page-friendly-name-1689269038616},lowIndexPriority=false,variantId=DEFAULT], parent=com.dotmarketing.portlets.folders.model.Folder@2ea55a82[identifier=2bf318e4-8233-443d-8145-fd8bdc80cbe8,name=testName1689269038512,sortOrder=0,showOnMenu=false,hostId=5570e103-8f4a-41af-9d90-001882debc3b,type=folder,title=testTitle1689269038512,filesMasks=,defaultFileType=33888b6f-7a8e-4069-b1b6-5c1aa9d0a48d,modDate=2023-07-13 17:23:58.514,owner=&lt;null&gt;,iDate=2023-07-13 17:23:58.514,inode=2bf318e4-8233-443d-8145-fd8bdc80cbe8,path=/testName1689269038512/], expectedName='test-page-url-1689269038616', expectedType='htmlpageasset'}]" classname="com.dotmarketing.business.DeterministicIdentifierAPITest" time="0.001"/>
  <testcase name="Test_Asset_Generate_Deterministic_Id_Best_Effort[4: TestCase{versionable=com.dotmarketing.portlets.contentlet.model.Contentlet@39e65ab[map={fileAsset2=/home/runner/work/core/custom/assets/8/3/83a86003-844e-4c91-a1a8-85b30bfe4bd7/fileAsset2/test_binary1689269040489.png, modDate=2023-07-13 17:24:00.492, fileAsset1=/home/runner/work/core/custom/assets/8/3/83a86003-844e-4c91-a1a8-85b30bfe4bd7/fileAsset1/test_binary1689269040489.jpg, title=blah, inode=83a86003-844e-4c91-a1a8-85b30bfe4bd7, __IS_NEW_CONTENT__=true, disabledWYSIWYG=[], host=48190c8c-42c4-46af-8d1a-0cd5db894797, stInode=9f420358-2e65-42ea-8da9-bd60c2c375f2, owner=system, identifier=b8689b29-d923-42fe-b308-5fc538eb4a82, nullProperties=[], languageId=1, image1=ed118442-0681-42a9-b108-f5b6acc70940, folder=SYSTEM_FOLDER, __disable_workflow__=true, sortOrder=0, modUser=system},lowIndexPriority=false,variantId=DEFAULT], parent=demo.dotcms.com, expectedName='test_binary1689269040489.jpg:test_binary1689269040489.png', expectedType='MultipleBinaries1689269038893'}]" classname="com.dotmarketing.business.DeterministicIdentifierAPITest" time="0.002"/>
  <testcase name="Test_Asset_Generate_Deterministic_Id_Best_Effort[5: TestCase{versionable=name5ab2b42403 : keyTag5ab2b42403, parent=my.host1689269037798.com, expectedName='keyTag5ab2b42403', expectedType='persona'}]" classname="com.dotmarketing.business.DeterministicIdentifierAPITest" time="0.002"/>
  <testcase name="Test_Similar_Content_Type_Wont_Clash" classname="com.dotmarketing.business.DeterministicIdentifierAPITest" time="0.406"/>
  <testcase name="Test_Generate_Folder_Identifier" classname="com.dotmarketing.business.DeterministicIdentifierAPITest" time="0.28"/>
  <testcase name="Test_Generate_Content_Type_Identifier[0: ContentTypeTestCase{contentType=KeyValueContentType{name=Language Variable, id=f4d7c1b8-2c88-4071-abf1-a5328977b07d, description=Default Content Type for Language Variables, defaultType=false, fixed=true, iDate=Thu Aug 31 16:38:49 UTC 2017, system=true, versionable=true, variable=Languagevariable, modDate=Thu Jul 13 16:21:01 UTC 2023, host=SYSTEM_HOST, siteName=systemHost, icon=language, sortOrder=0, folder=SYSTEM_FOLDER, folderPath=/, markedForDeletion=true, multilingualable=false}, expectedName='Languagevariable', expectedType='KeyValue'}]" classname="com.dotmarketing.business.DeterministicIdentifierAPITest" time="0.008"/>
  <testcase name="Test_Generate_Content_Type_Identifier[1: ContentTypeTestCase{contentType=SimpleContentType{name=testName1689269040954, id=9b439683-8e82-46fb-a028-9f6619a29b8f, description=testDescription1689269040954, defaultType=false, fixed=false, iDate=Thu Jul 13 17:24:00 UTC 2023, system=false, versionable=true, multilingualable=false, variable=testVarname1689269040954, owner=system, modDate=Thu Jul 13 17:24:02 UTC 2023, host=48190c8c-42c4-46af-8d1a-0cd5db894797, siteName=demo.dotcms.com, icon=event_note, sortOrder=0, folder=SYSTEM_FOLDER, folderPath=/, requiredFields=[], markedForDeletion=false}, expectedName='testVarname1689269040954', expectedType='CONTENT'}]" classname="com.dotmarketing.business.DeterministicIdentifierAPITest" time="0.007"/>
  <system-out><![CDATA[]]></system-out>
  <system-err><![CDATA[]]></system-err>
</testsuite>
