<?xml version="1.0" encoding="UTF-8"?>
<testsuite name="com.liferay.portal.ejb.UserUtilTest" tests="26" skipped="0" failures="0" errors="0" timestamp="2023-06-29T19:52:50" hostname="fv-az189-858" time="21.255">
  <properties/>
  <testcase name="testCountByC_PMarkDeleted" classname="com.liferay.portal.ejb.UserUtilTest" time="0.823"/>
  <testcase name="testRemoveByCompanyId" classname="com.liferay.portal.ejb.UserUtilTest" time="0.716"/>
  <testcase name="testCountByC_P" classname="com.liferay.portal.ejb.UserUtilTest" time="0.772"/>
  <testcase name="testCountByC_U" classname="com.liferay.portal.ejb.UserUtilTest" time="0.807"/>
  <testcase name="testFindByC_UMarkDeleted" classname="com.liferay.portal.ejb.UserUtilTest" time="0.76"/>
  <testcase name="testCountByC_UMarkDeleted" classname="com.liferay.portal.ejb.UserUtilTest" time="0.791"/>
  <testcase name="testFindAll" classname="com.liferay.portal.ejb.UserUtilTest" time="0.776"/>
  <testcase name="testFindByC_EAMarkDeleted" classname="com.liferay.portal.ejb.UserUtilTest" time="0.743"/>
  <testcase name="testFindByC_EA" classname="com.liferay.portal.ejb.UserUtilTest" time="0.804"/>
  <testcase name="testRemoveByC_P" classname="com.liferay.portal.ejb.UserUtilTest" time="0.715"/>
  <testcase name="testRemoveByC_U" classname="com.liferay.portal.ejb.UserUtilTest" time="0.718"/>
  <testcase name="testRemoveByC_EAMarkDeleted" classname="com.liferay.portal.ejb.UserUtilTest" time="0.747"/>
  <testcase name="testFindByCompanyId" classname="com.liferay.portal.ejb.UserUtilTest" time="0.779"/>
  <testcase name="testRemoveByC_EA" classname="com.liferay.portal.ejb.UserUtilTest" time="0.711"/>
  <testcase name="testRemoveByCompanyIdMarkDeleted" classname="com.liferay.portal.ejb.UserUtilTest" time="0.747"/>
  <testcase name="testCountByCompanyId" classname="com.liferay.portal.ejb.UserUtilTest" time="0.001"/>
  <testcase name="testCountByC_EA" classname="com.liferay.portal.ejb.UserUtilTest" time="0.763"/>
  <testcase name="testFindByC_P_PrevAndNext" classname="com.liferay.portal.ejb.UserUtilTest" time="2.985"/>
  <testcase name="testFindByC_P" classname="com.liferay.portal.ejb.UserUtilTest" time="0.753"/>
  <testcase name="testFindByC_U" classname="com.liferay.portal.ejb.UserUtilTest" time="0.761"/>
  <testcase name="testFindByC_PWithLimit" classname="com.liferay.portal.ejb.UserUtilTest" time="0.743"/>
  <testcase name="testRemoveByC_PMarkDeleted" classname="com.liferay.portal.ejb.UserUtilTest" time="0.781"/>
  <testcase name="testCountByC_EAMarkDeleted" classname="com.liferay.portal.ejb.UserUtilTest" time="0.748"/>
  <testcase name="testRemoveByC_UMarkDeleted" classname="com.liferay.portal.ejb.UserUtilTest" time="0.755"/>
  <testcase name="testFindByC_PMarkDeleted" classname="com.liferay.portal.ejb.UserUtilTest" time="0.768"/>
  <testcase name="testFindByCompanyIdWithLimit" classname="com.liferay.portal.ejb.UserUtilTest" time="0.781"/>
  <system-out><![CDATA[]]></system-out>
  <system-err><![CDATA[]]></system-err>
</testsuite>
