<?xml version="1.0" encoding="UTF-8"?>
<testsuite name="com.dotcms.publisher.assets.business.PushedAssetsAPITest" tests="2" skipped="0" failures="0" errors="0" timestamp="2023-07-18T17:58:33" hostname="fv-az455-56" time="0.248">
  <properties/>
  <testcase name="test_save_and_delete_pushed_assets_on_two_env" classname="com.dotcms.publisher.assets.business.PushedAssetsAPITest" time="0.242"/>
  <testcase name="test_deletePushedAssetsByBundleId" classname="com.dotcms.publisher.assets.business.PushedAssetsAPITest" time="0.005"/>
  <system-out><![CDATA[]]></system-out>
  <system-err><![CDATA[]]></system-err>
</testsuite>
