<?xml version="1.0" encoding="UTF-8"?>
<testsuite name="com.dotmarketing.startup.runonce.Task220512UpdateNoHTMLRegexValueTest" tests="1" skipped="0" failures="0" errors="0" timestamp="2023-06-30T15:18:35" hostname="fv-az589-574" time="0.091">
  <properties/>
  <testcase name="testExecuteUpgrade" classname="com.dotmarketing.startup.runonce.Task220512UpdateNoHTMLRegexValueTest" time="0.091"/>
  <system-out><![CDATA[]]></system-out>
  <system-err><![CDATA[]]></system-err>
</testsuite>
