<?xml version="1.0" encoding="UTF-8"?>
<testsuite name="com.dotcms.rest.elasticsearch.ESContentResourcePortletTest" tests="8" skipped="0" failures="0" errors="0" timestamp="2023-06-27T01:37:33" hostname="fv-az419-343" time="9.8">
  <properties/>
  <testcase name="test_search_includeGrandChildCategory_success" classname="com.dotcms.rest.elasticsearch.ESContentResourcePortletTest" time="1.683"/>
  <testcase name="testSearch[0: com.dotcms.rest.elasticsearch.ESContentResourcePortletTest$TestCase@47e8fc48]" classname="com.dotcms.rest.elasticsearch.ESContentResourcePortletTest" time="1.045"/>
  <testcase name="testSearch[1: com.dotcms.rest.elasticsearch.ESContentResourcePortletTest$TestCase@234a074c]" classname="com.dotcms.rest.elasticsearch.ESContentResourcePortletTest" time="1.355"/>
  <testcase name="testSearch[2: com.dotcms.rest.elasticsearch.ESContentResourcePortletTest$TestCase@591eb4e4]" classname="com.dotcms.rest.elasticsearch.ESContentResourcePortletTest" time="1.063"/>
  <testcase name="testSearch[3: com.dotcms.rest.elasticsearch.ESContentResourcePortletTest$TestCase@3c974a06]" classname="com.dotcms.rest.elasticsearch.ESContentResourcePortletTest" time="1.321"/>
  <testcase name="testSearch[4: com.dotcms.rest.elasticsearch.ESContentResourcePortletTest$TestCase@3c9dfb60]" classname="com.dotcms.rest.elasticsearch.ESContentResourcePortletTest" time="1.281"/>
  <testcase name="testSearch[5: com.dotcms.rest.elasticsearch.ESContentResourcePortletTest$TestCase@4f9eebd8]" classname="com.dotcms.rest.elasticsearch.ESContentResourcePortletTest" time="1.022"/>
  <testcase name="testSearch[6: com.dotcms.rest.elasticsearch.ESContentResourcePortletTest$TestCase@630bcf5b]" classname="com.dotcms.rest.elasticsearch.ESContentResourcePortletTest" time="1.029"/>
  <system-out><![CDATA[]]></system-out>
  <system-err><![CDATA[]]></system-err>
</testsuite>
