<?xml version="1.0" encoding="UTF-8"?>
<testsuite name="com.dotmarketing.portlets.htmlpages.business.HTMLPageAPITest" tests="13" skipped="0" failures="0" errors="0" timestamp="2023-07-21T18:58:54" hostname="fv-az449-560" time="33.013">
  <properties/>
  <testcase name="testCopy_customTemplateCreatesNewTemplate" classname="com.dotmarketing.portlets.htmlpages.business.HTMLPageAPITest" time="8.119"/>
  <testcase name="removeOneLanguageOfHtmlAsset" classname="com.dotmarketing.portlets.htmlpages.business.HTMLPageAPITest" time="0.756"/>
  <testcase name="checkcout_populate_url_field_for_pages" classname="com.dotmarketing.portlets.htmlpages.business.HTMLPageAPITest" time="1.477"/>
  <testcase name="delete" classname="com.dotmarketing.portlets.htmlpages.business.HTMLPageAPITest" time="7.477"/>
  <testcase name="testGetHTMLPageAssetWithTagsShouldReturnTags" classname="com.dotmarketing.portlets.htmlpages.business.HTMLPageAPITest" time="6.43"/>
  <testcase name="testFindByIdLanguageFallback[0: com.dotmarketing.portlets.htmlpages.business.HTMLPageAPITest$TestCaseFindByIdLanguageFallback@708d63cb]" classname="com.dotmarketing.portlets.htmlpages.business.HTMLPageAPITest" time="0.782"/>
  <testcase name="testFindByIdLanguageFallback[1: com.dotmarketing.portlets.htmlpages.business.HTMLPageAPITest$TestCaseFindByIdLanguageFallback@7f6053c2]" classname="com.dotmarketing.portlets.htmlpages.business.HTMLPageAPITest" time="0.855"/>
  <testcase name="testFindByIdLanguageFallback[2: com.dotmarketing.portlets.htmlpages.business.HTMLPageAPITest$TestCaseFindByIdLanguageFallback@30a4ee52]" classname="com.dotmarketing.portlets.htmlpages.business.HTMLPageAPITest" time="1.041"/>
  <testcase name="testFindByIdLanguageFallback[3: com.dotmarketing.portlets.htmlpages.business.HTMLPageAPITest$TestCaseFindByIdLanguageFallback@a451634]" classname="com.dotmarketing.portlets.htmlpages.business.HTMLPageAPITest" time="1.047"/>
  <testcase name="testFindByIdLanguageFallback[4: com.dotmarketing.portlets.htmlpages.business.HTMLPageAPITest$TestCaseFindByIdLanguageFallback@11cdaf8c]" classname="com.dotmarketing.portlets.htmlpages.business.HTMLPageAPITest" time="0.98"/>
  <testcase name="move" classname="com.dotmarketing.portlets.htmlpages.business.HTMLPageAPITest" time="1.226"/>
  <testcase name="saveHTMLPage" classname="com.dotmarketing.portlets.htmlpages.business.HTMLPageAPITest" time="1.354"/>
  <testcase name="testFromContentlet_contentOnVariant_shouldKeepVariant" classname="com.dotmarketing.portlets.htmlpages.business.HTMLPageAPITest" time="1.467"/>
  <system-out><![CDATA[]]></system-out>
  <system-err><![CDATA[]]></system-err>
</testsuite>
