<?xml version="1.0" encoding="UTF-8"?>
<testsuite name="com.dotmarketing.portlets.structure.model.ContentletRelationshipsTest" tests="7" skipped="0" failures="0" errors="0" timestamp="2023-07-03T18:06:38" hostname="fv-az564-656" time="11.077">
  <properties/>
  <testcase name="testDoesAllowOnlyOne[0: com.dotmarketing.portlets.structure.model.ContentletRelationshipsTest$CardinalityTestCase@77f4b5d6]" classname="com.dotmarketing.portlets.structure.model.ContentletRelationshipsTest" time="0.646"/>
  <testcase name="testDoesAllowOnlyOne[1: com.dotmarketing.portlets.structure.model.ContentletRelationshipsTest$CardinalityTestCase@2fce4755]" classname="com.dotmarketing.portlets.structure.model.ContentletRelationshipsTest" time="0.652"/>
  <testcase name="testDoesAllowOnlyOne[2: com.dotmarketing.portlets.structure.model.ContentletRelationshipsTest$CardinalityTestCase@66adbc01]" classname="com.dotmarketing.portlets.structure.model.ContentletRelationshipsTest" time="0.64"/>
  <testcase name="testGetRelationshipRecords[0: com.dotmarketing.portlets.structure.model.ContentletRelationshipsTest$TestCase@429452da]" classname="com.dotmarketing.portlets.structure.model.ContentletRelationshipsTest" time="2.417"/>
  <testcase name="testGetRelationshipRecords[1: com.dotmarketing.portlets.structure.model.ContentletRelationshipsTest$TestCase@109c055b]" classname="com.dotmarketing.portlets.structure.model.ContentletRelationshipsTest" time="2.474"/>
  <testcase name="testGetRelationshipRecords[2: com.dotmarketing.portlets.structure.model.ContentletRelationshipsTest$TestCase@4d351cf2]" classname="com.dotmarketing.portlets.structure.model.ContentletRelationshipsTest" time="2.151"/>
  <testcase name="testGetRelationshipRecords[3: com.dotmarketing.portlets.structure.model.ContentletRelationshipsTest$TestCase@46f3ece1]" classname="com.dotmarketing.portlets.structure.model.ContentletRelationshipsTest" time="2.097"/>
  <system-out><![CDATA[]]></system-out>
  <system-err><![CDATA[]]></system-err>
</testsuite>
