<?xml version="1.0" encoding="UTF-8"?>
<testsuite name="com.dotmarketing.servlets.ajax.AjaxDirectorServletIntegrationTest" tests="2" skipped="0" failures="0" errors="0" timestamp="2023-06-30T23:08:07" hostname="fv-az262-663" time="2.593">
  <properties/>
  <testcase name="testService[0: com.dotmarketing.servlets.ajax.AjaxDirectorServletTestCase@798c2d6e]" classname="com.dotmarketing.servlets.ajax.AjaxDirectorServletIntegrationTest" time="0.808"/>
  <testcase name="testService[1: com.dotmarketing.servlets.ajax.AjaxDirectorServletTestCase@51fc73c4]" classname="com.dotmarketing.servlets.ajax.AjaxDirectorServletIntegrationTest" time="1.785"/>
  <system-out><![CDATA[]]></system-out>
  <system-err><![CDATA[]]></system-err>
</testsuite>
