<?xml version="1.0" encoding="UTF-8"?>
<testsuite name="com.dotcms.rest.api.v1.vtl.VTLResourceIntegrationTest" tests="6" skipped="0" failures="0" errors="0" timestamp="2023-06-30T15:45:13" hostname="fv-az470-104" time="13.054">
  <properties/>
  <testcase name="testGet[0: com.dotcms.rest.api.v1.vtl.VTLResourceTestCase@63babcc4]" classname="com.dotcms.rest.api.v1.vtl.VTLResourceIntegrationTest" time="2.301"/>
  <testcase name="testGet[1: com.dotcms.rest.api.v1.vtl.VTLResourceTestCase@55f79076]" classname="com.dotcms.rest.api.v1.vtl.VTLResourceIntegrationTest" time="2.681"/>
  <testcase name="testGet[2: com.dotcms.rest.api.v1.vtl.VTLResourceTestCase@1394cb]" classname="com.dotcms.rest.api.v1.vtl.VTLResourceIntegrationTest" time="1.064"/>
  <testcase name="testGet[3: com.dotcms.rest.api.v1.vtl.VTLResourceTestCase@6866f9e6]" classname="com.dotcms.rest.api.v1.vtl.VTLResourceIntegrationTest" time="2.308"/>
  <testcase name="testGet[4: com.dotcms.rest.api.v1.vtl.VTLResourceTestCase@5e0c34b2]" classname="com.dotcms.rest.api.v1.vtl.VTLResourceIntegrationTest" time="2.702"/>
  <testcase name="testGet[5: com.dotcms.rest.api.v1.vtl.VTLResourceTestCase@37116b25]" classname="com.dotcms.rest.api.v1.vtl.VTLResourceIntegrationTest" time="1.997"/>
  <system-out><![CDATA[]]></system-out>
  <system-err><![CDATA[]]></system-err>
</testsuite>
