<?xml version="1.0" encoding="UTF-8"?>
<testsuite name="com.dotcms.rest.TagResourceIntegrationTest" tests="4" skipped="0" failures="0" errors="0" timestamp="2023-06-30T15:42:13" hostname="fv-az470-104" time="0.381">
  <properties/>
  <testcase name="testList[0: com.dotcms.rest.TagResourceTestCase@6c6b58a6]" classname="com.dotcms.rest.TagResourceIntegrationTest" time="0.291"/>
  <testcase name="testList[1: com.dotcms.rest.TagResourceTestCase@44f462f]" classname="com.dotcms.rest.TagResourceIntegrationTest" time="0.03"/>
  <testcase name="testList[2: com.dotcms.rest.TagResourceTestCase@2f6a998b]" classname="com.dotcms.rest.TagResourceIntegrationTest" time="0.026"/>
  <testcase name="testList[3: com.dotcms.rest.TagResourceTestCase@247a6304]" classname="com.dotcms.rest.TagResourceIntegrationTest" time="0.032"/>
  <system-out><![CDATA[]]></system-out>
  <system-err><![CDATA[Jun 30, 2023 3:42:13 PM com.dotcms.repackage.org.hibernate.validator.internal.util.Version <clinit>
INFO: HV000001: Hibernate Validator 4.3.2.Final
]]></system-err>
</testsuite>
