<?xml version="1.0" encoding="UTF-8"?>
<testsuite name="com.dotcms.rendering.velocity.viewtools.content.ContentMapTest" tests="3" skipped="0" failures="0" errors="0" timestamp="2023-07-12T14:54:52" hostname="fv-az411-825" time="11.023">
  <properties/>
  <testcase name="testGet_Field_Variable" classname="com.dotcms.rendering.velocity.viewtools.content.ContentMapTest" time="0.648"/>
  <testcase name="testGetRelationshipFieldFromContentMapWithMultilingualRelatedContent" classname="com.dotcms.rendering.velocity.viewtools.content.ContentMapTest" time="5.082"/>
  <testcase name="testGet_showCategories_AsAnonUser" classname="com.dotcms.rendering.velocity.viewtools.content.ContentMapTest" time="5.292"/>
  <system-out><![CDATA[]]></system-out>
  <system-err><![CDATA[]]></system-err>
</testsuite>
