<?xml version="1.0" encoding="UTF-8"?>
<testsuite name="com.dotcms.rest.TagResourceIntegrationTest" tests="4" skipped="0" failures="0" errors="0" timestamp="2023-06-30T21:07:19" hostname="fv-az247-376" time="0.33">
  <properties/>
  <testcase name="testList[0: com.dotcms.rest.TagResourceTestCase@1c97b796]" classname="com.dotcms.rest.TagResourceIntegrationTest" time="0.253"/>
  <testcase name="testList[1: com.dotcms.rest.TagResourceTestCase@784b2ed5]" classname="com.dotcms.rest.TagResourceIntegrationTest" time="0.027"/>
  <testcase name="testList[2: com.dotcms.rest.TagResourceTestCase@47981004]" classname="com.dotcms.rest.TagResourceIntegrationTest" time="0.023"/>
  <testcase name="testList[3: com.dotcms.rest.TagResourceTestCase@6ced6fca]" classname="com.dotcms.rest.TagResourceIntegrationTest" time="0.026"/>
  <system-out><![CDATA[]]></system-out>
  <system-err><![CDATA[Jun 30, 2023 9:07:19 PM com.dotcms.repackage.org.hibernate.validator.internal.util.Version <clinit>
INFO: HV000001: Hibernate Validator 4.3.2.Final
]]></system-err>
</testsuite>
