<?xml version="1.0" encoding="UTF-8"?>
<testsuite name="com.dotcms.rest.elasticsearch.ESContentResourcePortletTest" tests="8" skipped="0" failures="0" errors="0" timestamp="2023-07-11T00:16:32" hostname="fv-az176-516" time="8.646">
  <properties/>
  <testcase name="test_search_includeGrandChildCategory_success" classname="com.dotcms.rest.elasticsearch.ESContentResourcePortletTest" time="1.378"/>
  <testcase name="testSearch[0: com.dotcms.rest.elasticsearch.ESContentResourcePortletTest$TestCase@405eecdd]" classname="com.dotcms.rest.elasticsearch.ESContentResourcePortletTest" time="0.891"/>
  <testcase name="testSearch[1: com.dotcms.rest.elasticsearch.ESContentResourcePortletTest$TestCase@6a203258]" classname="com.dotcms.rest.elasticsearch.ESContentResourcePortletTest" time="1.234"/>
  <testcase name="testSearch[2: com.dotcms.rest.elasticsearch.ESContentResourcePortletTest$TestCase@45ff1dcf]" classname="com.dotcms.rest.elasticsearch.ESContentResourcePortletTest" time="0.907"/>
  <testcase name="testSearch[3: com.dotcms.rest.elasticsearch.ESContentResourcePortletTest$TestCase@47e7250b]" classname="com.dotcms.rest.elasticsearch.ESContentResourcePortletTest" time="1.257"/>
  <testcase name="testSearch[4: com.dotcms.rest.elasticsearch.ESContentResourcePortletTest$TestCase@70e8112e]" classname="com.dotcms.rest.elasticsearch.ESContentResourcePortletTest" time="1.272"/>
  <testcase name="testSearch[5: com.dotcms.rest.elasticsearch.ESContentResourcePortletTest$TestCase@1b315f99]" classname="com.dotcms.rest.elasticsearch.ESContentResourcePortletTest" time="0.859"/>
  <testcase name="testSearch[6: com.dotcms.rest.elasticsearch.ESContentResourcePortletTest$TestCase@269d2855]" classname="com.dotcms.rest.elasticsearch.ESContentResourcePortletTest" time="0.848"/>
  <system-out><![CDATA[]]></system-out>
  <system-err><![CDATA[]]></system-err>
</testsuite>
