<?xml version="1.0" encoding="UTF-8"?>
<testsuite name="com.dotmarketing.business.DeterministicIdentifierAPITest" tests="16" skipped="0" failures="0" errors="0" timestamp="2023-06-28T18:52:15" hostname="fv-az255-362" time="1.243">
  <properties/>
  <testcase name="Test_Category_Path_Seed_And_Id" classname="com.dotmarketing.business.DeterministicIdentifierAPITest" time="0.032"/>
  <testcase name="Test_Language_Deterministic_Id[0: LanguageTestCase{expectedSeed='Language:es:US', expectedHash=4913155, langCode='es', countryCode='US', country='United States'}]" classname="com.dotmarketing.business.DeterministicIdentifierAPITest" time="0.001"/>
  <testcase name="Test_Language_Deterministic_Id[1: LanguageTestCase{expectedSeed='Language:ep:', expectedHash=5292269, langCode='ep', countryCode='', country=''}]" classname="com.dotmarketing.business.DeterministicIdentifierAPITest" time="0.002"/>
  <testcase name="Test_Language_Deterministic_Id[2: LanguageTestCase{expectedSeed='Language:sg:SAG', expectedHash=4713118, langCode='sg', countryCode='SAG', country=''}]" classname="com.dotmarketing.business.DeterministicIdentifierAPITest" time="0.001"/>
  <testcase name="Test_Language_Deterministic_Id[3: LanguageTestCase{expectedSeed='Language:en:NZ', expectedHash=5382528, langCode='en', countryCode='NZ', country='New Zealand'}]" classname="com.dotmarketing.business.DeterministicIdentifierAPITest" time="0.002"/>
  <testcase name="Test_Category_None_Persisted_Category_Should_Return_Deterministic_Id" classname="com.dotmarketing.business.DeterministicIdentifierAPITest" time="0.001"/>
  <testcase name="Test_Asset_Generate_Deterministic_Id_Best_Effort[0: TestCase{versionable=my.host1687977899741.com, parent=System Host, expectedName='my.host1687977899741.com', expectedType='Host'}]" classname="com.dotmarketing.business.DeterministicIdentifierAPITest" time="0.004"/>
  <testcase name="Test_Asset_Generate_Deterministic_Id_Best_Effort[1: TestCase{versionable=com.dotmarketing.portlets.contentlet.model.Contentlet@56cb6dd8[map={modDate=2023-06-28 18:45:00.199, fileName=file6420084483607362557.txt, title=file6420084483607362557.txt, inode=a353f6e2-14bb-490d-a76e-819b797225c6, __IS_NEW_CONTENT__=true, disabledWYSIWYG=[], host=0a71a38e-3ed2-426f-a6cc-32e8637171d8, stInode=33888b6f-7a8e-4069-b1b6-5c1aa9d0a48d, owner=system, identifier=e536d3f9-f4e9-4f52-8589-19cba791ce7c, nullProperties=[wfExpireDate, wfPublishDate, wfActionAssign, wfActionId, wfActionComments, filterKey, whereToSend, wfNeverExpire, _path_to_move, timezoneId, iWantTo, wfPublishTime, wfExpireTime], languageId=1, fileAsset=/home/runner/work/core/custom/assets/a/3/a353f6e2-14bb-490d-a76e-819b797225c6/fileAsset/file6420084483607362557.txt, folder=480a88f2-2367-4713-9d82-6082ad4aa21b, __disable_workflow__=true, sortOrder=0, modUser=system},lowIndexPriority=false,variantId=DEFAULT], parent=com.dotmarketing.portlets.folders.model.Folder@66505cc1[identifier=480a88f2-2367-4713-9d82-6082ad4aa21b,name=testName1687977900188,sortOrder=0,showOnMenu=false,hostId=0a71a38e-3ed2-426f-a6cc-32e8637171d8,type=folder,title=testTitle1687977900188,filesMasks=,defaultFileType=33888b6f-7a8e-4069-b1b6-5c1aa9d0a48d,modDate=2023-06-28 18:45:00.192,owner=&lt;null&gt;,iDate=2023-06-28 18:45:00.192,inode=480a88f2-2367-4713-9d82-6082ad4aa21b,path=/testName1687977900188/], expectedName='file6420084483607362557.txt', expectedType='FileAsset'}]" classname="com.dotmarketing.business.DeterministicIdentifierAPITest" time="0.004"/>
  <testcase name="Test_Asset_Generate_Deterministic_Id_Best_Effort[2: TestCase{versionable=com.dotmarketing.portlets.templates.model.Template@bd9203c0, parent=my.host1687977899741.com, expectedName='testTitle1687977900366', expectedType='Template'}]" classname="com.dotmarketing.business.DeterministicIdentifierAPITest" time="0.003"/>
  <testcase name="Test_Asset_Generate_Deterministic_Id_Best_Effort[3: TestCase{versionable=com.dotmarketing.portlets.htmlpageasset.model.HTMLPageAsset@59cbddea[map={template=5e9178d9-2a6f-4fb4-b573-bbc68896b8c8, owner=system, identifier=5cbadde6-ad28-4539-94a2-59a092decda0, nullProperties=[wfExpireDate, wfPublishDate, wfActionAssign, wfActionId, wfActionComments, filterKey, whereToSend, wfNeverExpire, _path_to_move, timezoneId, iWantTo, wfPublishTime, wfExpireTime], modDate=2023-06-28 18:45:00.391, cachettl=0, _is_test_mode=true, languageId=1, title=test-page-title-1687977900386, httpsreq=, url=test-page-url-1687977900386, showOnMenu=, inode=d981f991-4f05-4e06-b448-7b42864d99a9, folder=480a88f2-2367-4713-9d82-6082ad4aa21b, disabledWYSIWYG=[], sortOrder=1, modUser=system, host=0a71a38e-3ed2-426f-a6cc-32e8637171d8, stInode=c541abb1-69b3-4bc5-8430-5e09e5239cc8, friendlyName=test-page-friendly-name-1687977900386},lowIndexPriority=false,variantId=DEFAULT], parent=com.dotmarketing.portlets.folders.model.Folder@66505cc1[identifier=480a88f2-2367-4713-9d82-6082ad4aa21b,name=testName1687977900188,sortOrder=0,showOnMenu=false,hostId=0a71a38e-3ed2-426f-a6cc-32e8637171d8,type=folder,title=testTitle1687977900188,filesMasks=,defaultFileType=33888b6f-7a8e-4069-b1b6-5c1aa9d0a48d,modDate=2023-06-28 18:45:00.192,owner=&lt;null&gt;,iDate=2023-06-28 18:45:00.192,inode=480a88f2-2367-4713-9d82-6082ad4aa21b,path=/testName1687977900188/], expectedName='test-page-url-1687977900386', expectedType='htmlpageasset'}]" classname="com.dotmarketing.business.DeterministicIdentifierAPITest" time="0.003"/>
  <testcase name="Test_Asset_Generate_Deterministic_Id_Best_Effort[4: TestCase{versionable=com.dotmarketing.portlets.contentlet.model.Contentlet@3f17f41[map={fileAsset2=/home/runner/work/core/custom/assets/5/6/56119cc0-0d67-4312-b24e-6bb45a0952f1/fileAsset2/test_binary1687977902206.png, modDate=2023-06-28 18:45:02.213, fileAsset1=/home/runner/work/core/custom/assets/5/6/56119cc0-0d67-4312-b24e-6bb45a0952f1/fileAsset1/test_binary1687977902206.jpg, title=blah, inode=56119cc0-0d67-4312-b24e-6bb45a0952f1, __IS_NEW_CONTENT__=true, disabledWYSIWYG=[], host=48190c8c-42c4-46af-8d1a-0cd5db894797, stInode=162684bc-a408-47ba-8f08-5deeabbd2ec9, owner=system, identifier=4721ba05-e3f4-4ba5-a589-1863c62ed104, nullProperties=[], languageId=1, image1=9598a8e1-6bbe-44d2-9eac-9553fc3ae5fd, folder=SYSTEM_FOLDER, __disable_workflow__=true, sortOrder=0, modUser=system},lowIndexPriority=false,variantId=DEFAULT], parent=demo.dotcms.com, expectedName='test_binary1687977902206.jpg:test_binary1687977902206.png', expectedType='MultipleBinaries1687977900562'}]" classname="com.dotmarketing.business.DeterministicIdentifierAPITest" time="0.004"/>
  <testcase name="Test_Asset_Generate_Deterministic_Id_Best_Effort[5: TestCase{versionable=name38b034376a : keyTag38b034376a, parent=my.host1687977899741.com, expectedName='keyTag38b034376a', expectedType='persona'}]" classname="com.dotmarketing.business.DeterministicIdentifierAPITest" time="0.004"/>
  <testcase name="Test_Similar_Content_Type_Wont_Clash" classname="com.dotmarketing.business.DeterministicIdentifierAPITest" time="0.64"/>
  <testcase name="Test_Generate_Folder_Identifier" classname="com.dotmarketing.business.DeterministicIdentifierAPITest" time="0.508"/>
  <testcase name="Test_Generate_Content_Type_Identifier[0: ContentTypeTestCase{contentType=KeyValueContentType{name=Language Variable, id=f4d7c1b8-2c88-4071-abf1-a5328977b07d, description=Default Content Type for Language Variables, defaultType=false, fixed=true, iDate=Thu Aug 31 16:38:49 UTC 2017, system=true, versionable=true, variable=Languagevariable, modDate=Wed Jun 28 17:26:15 UTC 2023, host=SYSTEM_HOST, siteName=systemHost, icon=language, sortOrder=0, folder=SYSTEM_FOLDER, folderPath=/, markedForDeletion=true, multilingualable=false}, expectedName='Languagevariable', expectedType='KeyValue'}]" classname="com.dotmarketing.business.DeterministicIdentifierAPITest" time="0.014"/>
  <testcase name="Test_Generate_Content_Type_Identifier[1: ContentTypeTestCase{contentType=SimpleContentType{name=testName1687977902642, id=e5f18744-38fb-463c-b1a6-198aeb9cf5e8, description=testDescription1687977902642, defaultType=false, fixed=false, iDate=Wed Jun 28 18:45:02 UTC 2023, system=false, versionable=true, multilingualable=false, variable=testVarname1687977902642, owner=system, modDate=Wed Jun 28 18:45:03 UTC 2023, host=48190c8c-42c4-46af-8d1a-0cd5db894797, siteName=demo.dotcms.com, icon=event_note, sortOrder=0, folder=SYSTEM_FOLDER, folderPath=/, requiredFields=[], markedForDeletion=false}, expectedName='testVarname1687977902642', expectedType='CONTENT'}]" classname="com.dotmarketing.business.DeterministicIdentifierAPITest" time="0.008"/>
  <system-out><![CDATA[]]></system-out>
  <system-err><![CDATA[]]></system-err>
</testsuite>
