<?xml version="1.0" encoding="UTF-8"?>
<testsuite name="com.dotmarketing.servlets.ajax.AjaxDirectorServletIntegrationTest" tests="2" skipped="0" failures="0" errors="0" timestamp="2023-06-23T16:29:48" hostname="fv-az162-375" time="1.669">
  <properties/>
  <testcase name="testService[0: com.dotmarketing.servlets.ajax.AjaxDirectorServletTestCase@510cfe56]" classname="com.dotmarketing.servlets.ajax.AjaxDirectorServletIntegrationTest" time="0.643"/>
  <testcase name="testService[1: com.dotmarketing.servlets.ajax.AjaxDirectorServletTestCase@449e9dcc]" classname="com.dotmarketing.servlets.ajax.AjaxDirectorServletIntegrationTest" time="1.026"/>
  <system-out><![CDATA[]]></system-out>
  <system-err><![CDATA[]]></system-err>
</testsuite>
