<?xml version="1.0" encoding="UTF-8"?>
<testsuite name="com.dotcms.rest.elasticsearch.ESContentResourcePortletTest" tests="8" skipped="0" failures="0" errors="0" timestamp="2023-06-29T16:16:16" hostname="fv-az397-405" time="8.856">
  <properties/>
  <testcase name="test_search_includeGrandChildCategory_success" classname="com.dotcms.rest.elasticsearch.ESContentResourcePortletTest" time="1.457"/>
  <testcase name="testSearch[0: com.dotcms.rest.elasticsearch.ESContentResourcePortletTest$TestCase@3c31715e]" classname="com.dotcms.rest.elasticsearch.ESContentResourcePortletTest" time="0.896"/>
  <testcase name="testSearch[1: com.dotcms.rest.elasticsearch.ESContentResourcePortletTest$TestCase@57cc01fa]" classname="com.dotcms.rest.elasticsearch.ESContentResourcePortletTest" time="1.252"/>
  <testcase name="testSearch[2: com.dotcms.rest.elasticsearch.ESContentResourcePortletTest$TestCase@14e01e2a]" classname="com.dotcms.rest.elasticsearch.ESContentResourcePortletTest" time="0.876"/>
  <testcase name="testSearch[3: com.dotcms.rest.elasticsearch.ESContentResourcePortletTest$TestCase@25714d1c]" classname="com.dotcms.rest.elasticsearch.ESContentResourcePortletTest" time="1.258"/>
  <testcase name="testSearch[4: com.dotcms.rest.elasticsearch.ESContentResourcePortletTest$TestCase@127d736d]" classname="com.dotcms.rest.elasticsearch.ESContentResourcePortletTest" time="1.252"/>
  <testcase name="testSearch[5: com.dotcms.rest.elasticsearch.ESContentResourcePortletTest$TestCase@25897309]" classname="com.dotcms.rest.elasticsearch.ESContentResourcePortletTest" time="0.98"/>
  <testcase name="testSearch[6: com.dotcms.rest.elasticsearch.ESContentResourcePortletTest$TestCase@318c38dc]" classname="com.dotcms.rest.elasticsearch.ESContentResourcePortletTest" time="0.884"/>
  <system-out><![CDATA[]]></system-out>
  <system-err><![CDATA[]]></system-err>
</testsuite>
