<?xml version="1.0" encoding="UTF-8"?>
<testsuite name="com.dotmarketing.startup.runonce.Task210527DropReviewFieldsFromContentletTableTest" tests="1" skipped="0" failures="0" errors="0" timestamp="2023-07-20T22:33:16" hostname="fv-az574-670" time="0.061">
  <properties/>
  <testcase name="testExecuteUpgrade" classname="com.dotmarketing.startup.runonce.Task210527DropReviewFieldsFromContentletTableTest" time="0.061"/>
  <system-out><![CDATA[]]></system-out>
  <system-err><![CDATA[]]></system-err>
</testsuite>
