<?xml version="1.0" encoding="UTF-8"?>
<testsuite name="com.dotcms.contenttype.test.FieldBuilderTest" tests="12" skipped="0" failures="0" errors="0" timestamp="2023-06-26T19:32:42" hostname="fv-az1128-296" time="0.038">
  <properties/>
  <testcase name="testValuesCheck" classname="com.dotcms.contenttype.test.FieldBuilderTest" time="0.002"/>
  <testcase name="testCopy" classname="com.dotcms.contenttype.test.FieldBuilderTest" time="0.0"/>
  <testcase name="testFieldChecks" classname="com.dotcms.contenttype.test.FieldBuilderTest" time="0.0"/>
  <testcase name="testDateTimeField" classname="com.dotcms.contenttype.test.FieldBuilderTest" time="0.001"/>
  <testcase name="testTimeFieldException" classname="com.dotcms.contenttype.test.FieldBuilderTest" time="0.009"/>
  <testcase name="testDateField" classname="com.dotcms.contenttype.test.FieldBuilderTest" time="0.001"/>
  <testcase name="testTimeField" classname="com.dotcms.contenttype.test.FieldBuilderTest" time="0.001"/>
  <testcase name="testDateTimeFieldException" classname="com.dotcms.contenttype.test.FieldBuilderTest" time="0.0"/>
  <testcase name="testImplTypeBuilder" classname="com.dotcms.contenttype.test.FieldBuilderTest" time="0.021"/>
  <testcase name="testAllFieldBuilders" classname="com.dotcms.contenttype.test.FieldBuilderTest" time="0.001"/>
  <testcase name="testDateFieldException" classname="com.dotcms.contenttype.test.FieldBuilderTest" time="0.001"/>
  <testcase name="testEquals" classname="com.dotcms.contenttype.test.FieldBuilderTest" time="0.0"/>
  <system-out><![CDATA[]]></system-out>
  <system-err><![CDATA[]]></system-err>
</testsuite>
