<?xml version="1.0" encoding="UTF-8"?>
<testsuite name="com.dotcms.enterprise.publishing.remote.bundler.ContentTypeBundlerTest" tests="5" skipped="0" failures="0" errors="0" timestamp="2023-07-01T00:38:01" hostname="fv-az487-783" time="0.026">
  <properties/>
  <testcase name="addContentTypeInBundle[0: com.dotcms.enterprise.publishing.remote.bundler.ContentTypeBundlerTest$TestCase@47d613ef]" classname="com.dotcms.enterprise.publishing.remote.bundler.ContentTypeBundlerTest" time="0.006"/>
  <testcase name="addContentTypeInBundle[1: com.dotcms.enterprise.publishing.remote.bundler.ContentTypeBundlerTest$TestCase@6301a63c]" classname="com.dotcms.enterprise.publishing.remote.bundler.ContentTypeBundlerTest" time="0.005"/>
  <testcase name="addContentTypeInBundle[2: com.dotcms.enterprise.publishing.remote.bundler.ContentTypeBundlerTest$TestCase@5464ec11]" classname="com.dotcms.enterprise.publishing.remote.bundler.ContentTypeBundlerTest" time="0.005"/>
  <testcase name="addContentTypeInBundle[3: com.dotcms.enterprise.publishing.remote.bundler.ContentTypeBundlerTest$TestCase@409040a2]" classname="com.dotcms.enterprise.publishing.remote.bundler.ContentTypeBundlerTest" time="0.005"/>
  <testcase name="addContentTypeInBundle[4: com.dotcms.enterprise.publishing.remote.bundler.ContentTypeBundlerTest$TestCase@37ae6a34]" classname="com.dotcms.enterprise.publishing.remote.bundler.ContentTypeBundlerTest" time="0.005"/>
  <system-out><![CDATA[]]></system-out>
  <system-err><![CDATA[]]></system-err>
</testsuite>
