<?xml version="1.0" encoding="UTF-8"?>
<testsuite name="com.dotmarketing.portlets.structure.model.ContentletRelationshipsTest" tests="7" skipped="0" failures="0" errors="0" timestamp="2023-06-26T17:02:52" hostname="fv-az422-943" time="8.458">
  <properties/>
  <testcase name="testDoesAllowOnlyOne[0: com.dotmarketing.portlets.structure.model.ContentletRelationshipsTest$CardinalityTestCase@58943bff]" classname="com.dotmarketing.portlets.structure.model.ContentletRelationshipsTest" time="0.428"/>
  <testcase name="testDoesAllowOnlyOne[1: com.dotmarketing.portlets.structure.model.ContentletRelationshipsTest$CardinalityTestCase@29d194af]" classname="com.dotmarketing.portlets.structure.model.ContentletRelationshipsTest" time="0.414"/>
  <testcase name="testDoesAllowOnlyOne[2: com.dotmarketing.portlets.structure.model.ContentletRelationshipsTest$CardinalityTestCase@1c70061f]" classname="com.dotmarketing.portlets.structure.model.ContentletRelationshipsTest" time="0.438"/>
  <testcase name="testGetRelationshipRecords[0: com.dotmarketing.portlets.structure.model.ContentletRelationshipsTest$TestCase@63fa9470]" classname="com.dotmarketing.portlets.structure.model.ContentletRelationshipsTest" time="1.872"/>
  <testcase name="testGetRelationshipRecords[1: com.dotmarketing.portlets.structure.model.ContentletRelationshipsTest$TestCase@1ac81033]" classname="com.dotmarketing.portlets.structure.model.ContentletRelationshipsTest" time="1.863"/>
  <testcase name="testGetRelationshipRecords[2: com.dotmarketing.portlets.structure.model.ContentletRelationshipsTest$TestCase@3f198b29]" classname="com.dotmarketing.portlets.structure.model.ContentletRelationshipsTest" time="1.732"/>
  <testcase name="testGetRelationshipRecords[3: com.dotmarketing.portlets.structure.model.ContentletRelationshipsTest$TestCase@23c5222b]" classname="com.dotmarketing.portlets.structure.model.ContentletRelationshipsTest" time="1.71"/>
  <system-out><![CDATA[]]></system-out>
  <system-err><![CDATA[]]></system-err>
</testsuite>
