<?xml version="1.0" encoding="UTF-8"?>
<testsuite name="com.dotcms.rest.TagResourceIntegrationTest" tests="4" skipped="0" failures="0" errors="0" timestamp="2023-06-28T20:16:36" hostname="fv-az216-796" time="0.332">
  <properties/>
  <testcase name="testList[0: com.dotcms.rest.TagResourceTestCase@fb24b47]" classname="com.dotcms.rest.TagResourceIntegrationTest" time="0.248"/>
  <testcase name="testList[1: com.dotcms.rest.TagResourceTestCase@25194db7]" classname="com.dotcms.rest.TagResourceIntegrationTest" time="0.029"/>
  <testcase name="testList[2: com.dotcms.rest.TagResourceTestCase@56e66f84]" classname="com.dotcms.rest.TagResourceIntegrationTest" time="0.023"/>
  <testcase name="testList[3: com.dotcms.rest.TagResourceTestCase@672b9a75]" classname="com.dotcms.rest.TagResourceIntegrationTest" time="0.031"/>
  <system-out><![CDATA[]]></system-out>
  <system-err><![CDATA[Jun 28, 2023 8:16:36 PM com.dotcms.repackage.org.hibernate.validator.internal.util.Version <clinit>
INFO: HV000001: Hibernate Validator 4.3.2.Final
]]></system-err>
</testsuite>
