<?xml version="1.0" encoding="UTF-8"?>
<testsuite name="com.dotmarketing.startup.runonce.Task05190UpdateFormsWidgetCodeFieldTest" tests="1" skipped="0" failures="0" errors="0" timestamp="2023-07-18T00:08:29" hostname="fv-az362-624" time="1.155">
  <properties/>
  <testcase name="Test_Upgrade" classname="com.dotmarketing.startup.runonce.Task05190UpdateFormsWidgetCodeFieldTest" time="1.155"/>
  <system-out><![CDATA[]]></system-out>
  <system-err><![CDATA[]]></system-err>
</testsuite>
