<?xml version="1.0" encoding="UTF-8"?>
<testsuite name="com.dotmarketing.business.LayoutAPITest" tests="9" skipped="0" failures="0" errors="0" timestamp="2023-07-14T02:45:54" hostname="fv-az268-867" time="3.105">
  <properties/>
  <testcase name="test_SaveLayout_WhenCreateNewLayout_Success" classname="com.dotmarketing.business.LayoutAPITest" time="1.009"/>
  <testcase name="test_doesUserHaveAccessToPortlet" classname="com.dotmarketing.business.LayoutAPITest" time="0.001"/>
  <testcase name="test_resolveLayout" classname="com.dotmarketing.business.LayoutAPITest" time="0.02"/>
  <testcase name="test_addLayoutForUser_UserNull" classname="com.dotmarketing.business.LayoutAPITest" time="0.005"/>
  <testcase name="test_SaveLayout_WhenCreateAndUpdateNewLayout_Success" classname="com.dotmarketing.business.LayoutAPITest" time="0.008"/>
  <testcase name="test_findGettingStartedLayout_Success" classname="com.dotmarketing.business.LayoutAPITest" time="0.003"/>
  <testcase name="test_addLayoutForUser_LayoutNull" classname="com.dotmarketing.business.LayoutAPITest" time="0.679"/>
  <testcase name="test_addLayoutForUser_reAddSameLayout_Success" classname="com.dotmarketing.business.LayoutAPITest" time="0.693"/>
  <testcase name="test_addLayoutForUser_Success" classname="com.dotmarketing.business.LayoutAPITest" time="0.686"/>
  <system-out><![CDATA[]]></system-out>
  <system-err><![CDATA[]]></system-err>
</testsuite>
