<?xml version="1.0" encoding="UTF-8"?>
<testsuite name="com.dotcms.rest.api.v1.vtl.VTLResourceIntegrationTest" tests="6" skipped="0" failures="0" errors="0" timestamp="2023-07-13T18:09:20" hostname="fv-az590-649" time="12.08">
  <properties/>
  <testcase name="testGet[0: com.dotcms.rest.api.v1.vtl.VTLResourceTestCase@7d892dc1]" classname="com.dotcms.rest.api.v1.vtl.VTLResourceIntegrationTest" time="2.26"/>
  <testcase name="testGet[1: com.dotcms.rest.api.v1.vtl.VTLResourceTestCase@7ef076df]" classname="com.dotcms.rest.api.v1.vtl.VTLResourceIntegrationTest" time="2.776"/>
  <testcase name="testGet[2: com.dotcms.rest.api.v1.vtl.VTLResourceTestCase@11f64fbd]" classname="com.dotcms.rest.api.v1.vtl.VTLResourceIntegrationTest" time="2.024"/>
  <testcase name="testGet[3: com.dotcms.rest.api.v1.vtl.VTLResourceTestCase@528e9aca]" classname="com.dotcms.rest.api.v1.vtl.VTLResourceIntegrationTest" time="1.036"/>
  <testcase name="testGet[4: com.dotcms.rest.api.v1.vtl.VTLResourceTestCase@66dd527f]" classname="com.dotcms.rest.api.v1.vtl.VTLResourceIntegrationTest" time="1.938"/>
  <testcase name="testGet[5: com.dotcms.rest.api.v1.vtl.VTLResourceTestCase@1b6686f5]" classname="com.dotcms.rest.api.v1.vtl.VTLResourceIntegrationTest" time="2.045"/>
  <system-out><![CDATA[]]></system-out>
  <system-err><![CDATA[]]></system-err>
</testsuite>
