<?xml version="1.0" encoding="UTF-8"?>
<testsuite name="com.dotcms.publishing.manifest.ManifestUtilTest" tests="3" skipped="0" failures="0" errors="0" timestamp="2023-07-14T16:25:40" hostname="fv-az364-103" time="0.008">
  <properties/>
  <testcase name="testConfigFilePath" classname="com.dotcms.publishing.manifest.ManifestUtilTest" time="0.0"/>
  <testcase name="getManifestInputStreamExpectSuccess" classname="com.dotcms.publishing.manifest.ManifestUtilTest" time="0.005"/>
  <testcase name="getManifestInputStreamExpectFail" classname="com.dotcms.publishing.manifest.ManifestUtilTest" time="0.003"/>
  <system-out><![CDATA[]]></system-out>
  <system-err><![CDATA[]]></system-err>
</testsuite>
