<?xml version="1.0" encoding="UTF-8"?>
<testsuite name="com.dotmarketing.startup.runonce.Task201013AddNewColumnsToIdentifierTableTest" tests="1" skipped="0" failures="0" errors="0" timestamp="2023-07-07T00:05:40" hostname="fv-az450-882" time="0.019">
  <properties/>
  <testcase name="test_upgradeTask_success" classname="com.dotmarketing.startup.runonce.Task201013AddNewColumnsToIdentifierTableTest" time="0.019"/>
  <system-out><![CDATA[]]></system-out>
  <system-err><![CDATA[]]></system-err>
</testsuite>
