<?xml version="1.0" encoding="UTF-8"?>
<testsuite name="com.dotmarketing.portlets.structure.model.ContentletRelationshipsTest" tests="7" skipped="0" failures="0" errors="0" timestamp="2023-06-23T23:26:47" hostname="fv-az1259-189" time="10.201">
  <properties/>
  <testcase name="testDoesAllowOnlyOne[0: com.dotmarketing.portlets.structure.model.ContentletRelationshipsTest$CardinalityTestCase@3d0b2224]" classname="com.dotmarketing.portlets.structure.model.ContentletRelationshipsTest" time="0.623"/>
  <testcase name="testDoesAllowOnlyOne[1: com.dotmarketing.portlets.structure.model.ContentletRelationshipsTest$CardinalityTestCase@37d59bd4]" classname="com.dotmarketing.portlets.structure.model.ContentletRelationshipsTest" time="0.567"/>
  <testcase name="testDoesAllowOnlyOne[2: com.dotmarketing.portlets.structure.model.ContentletRelationshipsTest$CardinalityTestCase@78682cca]" classname="com.dotmarketing.portlets.structure.model.ContentletRelationshipsTest" time="0.529"/>
  <testcase name="testGetRelationshipRecords[0: com.dotmarketing.portlets.structure.model.ContentletRelationshipsTest$TestCase@739b2b3e]" classname="com.dotmarketing.portlets.structure.model.ContentletRelationshipsTest" time="2.251"/>
  <testcase name="testGetRelationshipRecords[1: com.dotmarketing.portlets.structure.model.ContentletRelationshipsTest$TestCase@17653d6b]" classname="com.dotmarketing.portlets.structure.model.ContentletRelationshipsTest" time="2.126"/>
  <testcase name="testGetRelationshipRecords[2: com.dotmarketing.portlets.structure.model.ContentletRelationshipsTest$TestCase@c751f68]" classname="com.dotmarketing.portlets.structure.model.ContentletRelationshipsTest" time="2.112"/>
  <testcase name="testGetRelationshipRecords[3: com.dotmarketing.portlets.structure.model.ContentletRelationshipsTest$TestCase@35427c50]" classname="com.dotmarketing.portlets.structure.model.ContentletRelationshipsTest" time="1.992"/>
  <system-out><![CDATA[]]></system-out>
  <system-err><![CDATA[]]></system-err>
</testsuite>
