<?xml version="1.0" encoding="UTF-8"?>
<testsuite name="com.dotcms.rest.elasticsearch.ESContentResourcePortletTest" tests="8" skipped="0" failures="0" errors="0" timestamp="2023-07-20T03:53:24" hostname="fv-az592-428" time="7.765">
  <properties/>
  <testcase name="test_search_includeGrandChildCategory_success" classname="com.dotcms.rest.elasticsearch.ESContentResourcePortletTest" time="1.358"/>
  <testcase name="testSearch[0: com.dotcms.rest.elasticsearch.ESContentResourcePortletTest$TestCase@37bf753d]" classname="com.dotcms.rest.elasticsearch.ESContentResourcePortletTest" time="0.932"/>
  <testcase name="testSearch[1: com.dotcms.rest.elasticsearch.ESContentResourcePortletTest$TestCase@1c231c9a]" classname="com.dotcms.rest.elasticsearch.ESContentResourcePortletTest" time="0.234"/>
  <testcase name="testSearch[2: com.dotcms.rest.elasticsearch.ESContentResourcePortletTest$TestCase@1b1ea2db]" classname="com.dotcms.rest.elasticsearch.ESContentResourcePortletTest" time="0.969"/>
  <testcase name="testSearch[3: com.dotcms.rest.elasticsearch.ESContentResourcePortletTest$TestCase@53132e1c]" classname="com.dotcms.rest.elasticsearch.ESContentResourcePortletTest" time="1.228"/>
  <testcase name="testSearch[4: com.dotcms.rest.elasticsearch.ESContentResourcePortletTest$TestCase@1fc9bfde]" classname="com.dotcms.rest.elasticsearch.ESContentResourcePortletTest" time="1.205"/>
  <testcase name="testSearch[5: com.dotcms.rest.elasticsearch.ESContentResourcePortletTest$TestCase@1b0ab771]" classname="com.dotcms.rest.elasticsearch.ESContentResourcePortletTest" time="0.912"/>
  <testcase name="testSearch[6: com.dotcms.rest.elasticsearch.ESContentResourcePortletTest$TestCase@756cc6b1]" classname="com.dotcms.rest.elasticsearch.ESContentResourcePortletTest" time="0.924"/>
  <system-out><![CDATA[]]></system-out>
  <system-err><![CDATA[]]></system-err>
</testsuite>
