<?xml version="1.0" encoding="UTF-8"?>
<testsuite name="com.dotmarketing.portlets.structure.model.ContentletRelationshipsTest" tests="7" skipped="0" failures="0" errors="0" timestamp="2023-07-05T17:13:43" hostname="fv-az313-710" time="9.089">
  <properties/>
  <testcase name="testDoesAllowOnlyOne[0: com.dotmarketing.portlets.structure.model.ContentletRelationshipsTest$CardinalityTestCase@33932688]" classname="com.dotmarketing.portlets.structure.model.ContentletRelationshipsTest" time="0.71"/>
  <testcase name="testDoesAllowOnlyOne[1: com.dotmarketing.portlets.structure.model.ContentletRelationshipsTest$CardinalityTestCase@1b8114c5]" classname="com.dotmarketing.portlets.structure.model.ContentletRelationshipsTest" time="0.534"/>
  <testcase name="testDoesAllowOnlyOne[2: com.dotmarketing.portlets.structure.model.ContentletRelationshipsTest$CardinalityTestCase@63b4afb3]" classname="com.dotmarketing.portlets.structure.model.ContentletRelationshipsTest" time="0.421"/>
  <testcase name="testGetRelationshipRecords[0: com.dotmarketing.portlets.structure.model.ContentletRelationshipsTest$TestCase@7c6732fe]" classname="com.dotmarketing.portlets.structure.model.ContentletRelationshipsTest" time="1.909"/>
  <testcase name="testGetRelationshipRecords[1: com.dotmarketing.portlets.structure.model.ContentletRelationshipsTest$TestCase@566afc9c]" classname="com.dotmarketing.portlets.structure.model.ContentletRelationshipsTest" time="1.945"/>
  <testcase name="testGetRelationshipRecords[2: com.dotmarketing.portlets.structure.model.ContentletRelationshipsTest$TestCase@45defda8]" classname="com.dotmarketing.portlets.structure.model.ContentletRelationshipsTest" time="1.79"/>
  <testcase name="testGetRelationshipRecords[3: com.dotmarketing.portlets.structure.model.ContentletRelationshipsTest$TestCase@3d10b97]" classname="com.dotmarketing.portlets.structure.model.ContentletRelationshipsTest" time="1.778"/>
  <system-out><![CDATA[]]></system-out>
  <system-err><![CDATA[]]></system-err>
</testsuite>
