<?xml version="1.0" encoding="UTF-8"?>
<testsuite name="com.liferay.portal.ejb.UserUtilTest" tests="26" skipped="0" failures="0" errors="0" timestamp="2023-07-10T20:10:29" hostname="fv-az950-407" time="25.417">
  <properties/>
  <testcase name="testCountByC_PMarkDeleted" classname="com.liferay.portal.ejb.UserUtilTest" time="0.998"/>
  <testcase name="testRemoveByCompanyId" classname="com.liferay.portal.ejb.UserUtilTest" time="0.869"/>
  <testcase name="testCountByC_P" classname="com.liferay.portal.ejb.UserUtilTest" time="0.895"/>
  <testcase name="testCountByC_U" classname="com.liferay.portal.ejb.UserUtilTest" time="0.897"/>
  <testcase name="testFindByC_UMarkDeleted" classname="com.liferay.portal.ejb.UserUtilTest" time="0.91"/>
  <testcase name="testCountByC_UMarkDeleted" classname="com.liferay.portal.ejb.UserUtilTest" time="0.896"/>
  <testcase name="testFindAll" classname="com.liferay.portal.ejb.UserUtilTest" time="0.945"/>
  <testcase name="testFindByC_EAMarkDeleted" classname="com.liferay.portal.ejb.UserUtilTest" time="0.895"/>
  <testcase name="testFindByC_EA" classname="com.liferay.portal.ejb.UserUtilTest" time="0.929"/>
  <testcase name="testRemoveByC_P" classname="com.liferay.portal.ejb.UserUtilTest" time="0.875"/>
  <testcase name="testRemoveByC_U" classname="com.liferay.portal.ejb.UserUtilTest" time="0.861"/>
  <testcase name="testRemoveByC_EAMarkDeleted" classname="com.liferay.portal.ejb.UserUtilTest" time="0.918"/>
  <testcase name="testFindByCompanyId" classname="com.liferay.portal.ejb.UserUtilTest" time="0.943"/>
  <testcase name="testRemoveByC_EA" classname="com.liferay.portal.ejb.UserUtilTest" time="0.876"/>
  <testcase name="testRemoveByCompanyIdMarkDeleted" classname="com.liferay.portal.ejb.UserUtilTest" time="0.917"/>
  <testcase name="testCountByCompanyId" classname="com.liferay.portal.ejb.UserUtilTest" time="0.001"/>
  <testcase name="testCountByC_EA" classname="com.liferay.portal.ejb.UserUtilTest" time="0.887"/>
  <testcase name="testFindByC_P_PrevAndNext" classname="com.liferay.portal.ejb.UserUtilTest" time="3.668"/>
  <testcase name="testFindByC_P" classname="com.liferay.portal.ejb.UserUtilTest" time="0.898"/>
  <testcase name="testFindByC_U" classname="com.liferay.portal.ejb.UserUtilTest" time="0.904"/>
  <testcase name="testFindByC_PWithLimit" classname="com.liferay.portal.ejb.UserUtilTest" time="0.886"/>
  <testcase name="testRemoveByC_PMarkDeleted" classname="com.liferay.portal.ejb.UserUtilTest" time="0.905"/>
  <testcase name="testCountByC_EAMarkDeleted" classname="com.liferay.portal.ejb.UserUtilTest" time="0.9"/>
  <testcase name="testRemoveByC_UMarkDeleted" classname="com.liferay.portal.ejb.UserUtilTest" time="0.922"/>
  <testcase name="testFindByC_PMarkDeleted" classname="com.liferay.portal.ejb.UserUtilTest" time="0.921"/>
  <testcase name="testFindByCompanyIdWithLimit" classname="com.liferay.portal.ejb.UserUtilTest" time="0.89"/>
  <system-out><![CDATA[]]></system-out>
  <system-err><![CDATA[]]></system-err>
</testsuite>
