<?xml version="1.0" encoding="UTF-8"?>
<testsuite name="com.dotcms.rest.api.v1.vtl.VTLResourceIntegrationTest" tests="6" skipped="0" failures="0" errors="0" timestamp="2023-07-17T16:11:06" hostname="fv-az309-326" time="12.536">
  <properties/>
  <testcase name="testGet[0: com.dotcms.rest.api.v1.vtl.VTLResourceTestCase@3d1ade3b]" classname="com.dotcms.rest.api.v1.vtl.VTLResourceIntegrationTest" time="2.559"/>
  <testcase name="testGet[1: com.dotcms.rest.api.v1.vtl.VTLResourceTestCase@2a413716]" classname="com.dotcms.rest.api.v1.vtl.VTLResourceIntegrationTest" time="1.843"/>
  <testcase name="testGet[2: com.dotcms.rest.api.v1.vtl.VTLResourceTestCase@238b05a6]" classname="com.dotcms.rest.api.v1.vtl.VTLResourceIntegrationTest" time="2.133"/>
  <testcase name="testGet[3: com.dotcms.rest.api.v1.vtl.VTLResourceTestCase@76935420]" classname="com.dotcms.rest.api.v1.vtl.VTLResourceIntegrationTest" time="2.018"/>
  <testcase name="testGet[4: com.dotcms.rest.api.v1.vtl.VTLResourceTestCase@1d93a7cf]" classname="com.dotcms.rest.api.v1.vtl.VTLResourceIntegrationTest" time="1.914"/>
  <testcase name="testGet[5: com.dotcms.rest.api.v1.vtl.VTLResourceTestCase@3ec9daec]" classname="com.dotcms.rest.api.v1.vtl.VTLResourceIntegrationTest" time="2.069"/>
  <system-out><![CDATA[]]></system-out>
  <system-err><![CDATA[]]></system-err>
</testsuite>
