<?xml version="1.0" encoding="UTF-8"?>
<testsuite name="com.dotcms.enterprise.publishing.remote.CategoryBundlerHandlerTest" tests="5" skipped="0" failures="0" errors="0" timestamp="2023-07-11T15:36:14" hostname="fv-az221-100" time="0.438">
  <properties/>
  <testcase name="testBundlerAndHandler_success_sameInodeBlankKey" classname="com.dotcms.enterprise.publishing.remote.CategoryBundlerHandlerTest" time="0.24"/>
  <testcase name="testBundlerAndHandler_success_sameInodeSameKey" classname="com.dotcms.enterprise.publishing.remote.CategoryBundlerHandlerTest" time="0.033"/>
  <testcase name="testBundlerAndHandler_success_sameInodeDifferentKey" classname="com.dotcms.enterprise.publishing.remote.CategoryBundlerHandlerTest" time="0.04"/>
  <testcase name="testBundlerAndHandler_success_SameKey_SameInodeOnReceiver" classname="com.dotcms.enterprise.publishing.remote.CategoryBundlerHandlerTest" time="0.047"/>
  <testcase name="testBundlerAndHandler_success_newCategories" classname="com.dotcms.enterprise.publishing.remote.CategoryBundlerHandlerTest" time="0.074"/>
  <system-out><![CDATA[]]></system-out>
  <system-err><![CDATA[]]></system-err>
</testsuite>
