<?xml version="1.0" encoding="UTF-8"?>
<testsuite name="com.dotcms.rest.elasticsearch.ESContentResourcePortletTest" tests="8" skipped="0" failures="0" errors="0" timestamp="2023-07-10T22:03:51" hostname="fv-az445-212" time="6.765">
  <properties/>
  <testcase name="test_search_includeGrandChildCategory_success" classname="com.dotcms.rest.elasticsearch.ESContentResourcePortletTest" time="1.349"/>
  <testcase name="testSearch[0: com.dotcms.rest.elasticsearch.ESContentResourcePortletTest$TestCase@1ad895e4]" classname="com.dotcms.rest.elasticsearch.ESContentResourcePortletTest" time="0.889"/>
  <testcase name="testSearch[1: com.dotcms.rest.elasticsearch.ESContentResourcePortletTest$TestCase@cc86d7c]" classname="com.dotcms.rest.elasticsearch.ESContentResourcePortletTest" time="0.295"/>
  <testcase name="testSearch[2: com.dotcms.rest.elasticsearch.ESContentResourcePortletTest$TestCase@4431c236]" classname="com.dotcms.rest.elasticsearch.ESContentResourcePortletTest" time="0.9"/>
  <testcase name="testSearch[3: com.dotcms.rest.elasticsearch.ESContentResourcePortletTest$TestCase@25270565]" classname="com.dotcms.rest.elasticsearch.ESContentResourcePortletTest" time="1.318"/>
  <testcase name="testSearch[4: com.dotcms.rest.elasticsearch.ESContentResourcePortletTest$TestCase@7b0ed390]" classname="com.dotcms.rest.elasticsearch.ESContentResourcePortletTest" time="0.257"/>
  <testcase name="testSearch[5: com.dotcms.rest.elasticsearch.ESContentResourcePortletTest$TestCase@3462e200]" classname="com.dotcms.rest.elasticsearch.ESContentResourcePortletTest" time="0.894"/>
  <testcase name="testSearch[6: com.dotcms.rest.elasticsearch.ESContentResourcePortletTest$TestCase@7e88b6c8]" classname="com.dotcms.rest.elasticsearch.ESContentResourcePortletTest" time="0.861"/>
  <system-out><![CDATA[]]></system-out>
  <system-err><![CDATA[]]></system-err>
</testsuite>
