<?xml version="1.0" encoding="UTF-8"?>
<testsuite name="com.dotcms.integritycheckers.IntegrityUtilTest" tests="7" skipped="0" failures="0" errors="0" timestamp="2023-07-20T22:16:27" hostname="fv-az809-149" time="9.916">
  <properties/>
  <testcase name="folderWithConflicts[0: true]" classname="com.dotcms.integritycheckers.IntegrityUtilTest" time="0.679"/>
  <testcase name="folderWithConflicts[1: false]" classname="com.dotcms.integritycheckers.IntegrityUtilTest" time="0.965"/>
  <testcase name="contentTypeWithConflicts" classname="com.dotcms.integritycheckers.IntegrityUtilTest" time="0.074"/>
  <testcase name="contentFileWithConflicts" classname="com.dotcms.integritycheckers.IntegrityUtilTest" time="3.032"/>
  <testcase name="hostFileWithConflicts" classname="com.dotcms.integritycheckers.IntegrityUtilTest" time="2.088"/>
  <testcase name="roleFileWithConflicts" classname="com.dotcms.integritycheckers.IntegrityUtilTest" time="0.075"/>
  <testcase name="pageFileWithConflicts" classname="com.dotcms.integritycheckers.IntegrityUtilTest" time="3.002"/>
  <system-out><![CDATA[]]></system-out>
  <system-err><![CDATA[]]></system-err>
</testsuite>
