<?xml version="1.0" encoding="UTF-8"?>
<testsuite name="com.dotcms.rest.TagResourceIntegrationTest" tests="4" skipped="0" failures="0" errors="0" timestamp="2023-07-20T17:31:35" hostname="fv-az574-670" time="0.354">
  <properties/>
  <testcase name="testList[0: com.dotcms.rest.TagResourceTestCase@24afad36]" classname="com.dotcms.rest.TagResourceIntegrationTest" time="0.271"/>
  <testcase name="testList[1: com.dotcms.rest.TagResourceTestCase@48354748]" classname="com.dotcms.rest.TagResourceIntegrationTest" time="0.03"/>
  <testcase name="testList[2: com.dotcms.rest.TagResourceTestCase@5cceb5e9]" classname="com.dotcms.rest.TagResourceIntegrationTest" time="0.024"/>
  <testcase name="testList[3: com.dotcms.rest.TagResourceTestCase@542d72f5]" classname="com.dotcms.rest.TagResourceIntegrationTest" time="0.028"/>
  <system-out><![CDATA[]]></system-out>
  <system-err><![CDATA[Jul 20, 2023 5:31:35 PM com.dotcms.repackage.org.hibernate.validator.internal.util.Version <clinit>
INFO: HV000001: Hibernate Validator 4.3.2.Final
]]></system-err>
</testsuite>
