<?xml version="1.0" encoding="UTF-8"?>
<testsuite name="com.dotcms.rest.TagResourceIntegrationTest" tests="4" skipped="0" failures="0" errors="0" timestamp="2023-06-29T21:30:54" hostname="fv-az216-434" time="0.394">
  <properties/>
  <testcase name="testList[0: com.dotcms.rest.TagResourceTestCase@1c9ec6a7]" classname="com.dotcms.rest.TagResourceIntegrationTest" time="0.303"/>
  <testcase name="testList[1: com.dotcms.rest.TagResourceTestCase@111f7542]" classname="com.dotcms.rest.TagResourceIntegrationTest" time="0.028"/>
  <testcase name="testList[2: com.dotcms.rest.TagResourceTestCase@75866437]" classname="com.dotcms.rest.TagResourceIntegrationTest" time="0.027"/>
  <testcase name="testList[3: com.dotcms.rest.TagResourceTestCase@e99eb86]" classname="com.dotcms.rest.TagResourceIntegrationTest" time="0.034"/>
  <system-out><![CDATA[]]></system-out>
  <system-err><![CDATA[Jun 29, 2023 9:30:54 PM com.dotcms.repackage.org.hibernate.validator.internal.util.Version <clinit>
INFO: HV000001: Hibernate Validator 4.3.2.Final
]]></system-err>
</testsuite>
