<?xml version="1.0" encoding="UTF-8"?>
<testsuite name="com.dotcms.contenttype.test.ContentResourceTest" tests="52" skipped="0" failures="0" errors="0" timestamp="2023-07-20T21:09:59" hostname="fv-az574-670" time="179.419">
  <properties/>
  <testcase name="testGetContentShouldReturnIconDetails" classname="com.dotcms.contenttype.test.ContentResourceTest" time="1.978"/>
  <testcase name="Test_Save_Action_Set_Words_To_Required_NumericField_Issue_15340" classname="com.dotcms.contenttype.test.ContentResourceTest" time="1.138"/>
  <testcase name="test_getContent_includeGrandChildCategory_success" classname="com.dotcms.contenttype.test.ContentResourceTest" time="1.719"/>
  <testcase name="testGetContentWithRelatedParameter[0: com.dotcms.contenttype.test.ContentResourceTest$PullRelatedTestCase@262d6552]" classname="com.dotcms.contenttype.test.ContentResourceTest" time="4.896"/>
  <testcase name="testGetContentWithRelatedParameter[1: com.dotcms.contenttype.test.ContentResourceTest$PullRelatedTestCase@5e4403a5]" classname="com.dotcms.contenttype.test.ContentResourceTest" time="4.729"/>
  <testcase name="testGetContentWithRelatedParameter[2: com.dotcms.contenttype.test.ContentResourceTest$PullRelatedTestCase@3cc52d27]" classname="com.dotcms.contenttype.test.ContentResourceTest" time="4.776"/>
  <testcase name="testGetContentWithRelatedParameter[3: com.dotcms.contenttype.test.ContentResourceTest$PullRelatedTestCase@3984cf1a]" classname="com.dotcms.contenttype.test.ContentResourceTest" time="4.733"/>
  <testcase name="testGetContentWithRelatedParameter[4: com.dotcms.contenttype.test.ContentResourceTest$PullRelatedTestCase@74ce3a8d]" classname="com.dotcms.contenttype.test.ContentResourceTest" time="3.76"/>
  <testcase name="test_getContent_SelfRelatedWith3LevelsOfDepth_shouldReturnRelationships" classname="com.dotcms.contenttype.test.ContentResourceTest" time="1.73"/>
  <testcase name="Test_Save_Action_Send_Fields_SubSet_Issue_15340" classname="com.dotcms.contenttype.test.ContentResourceTest" time="2.344"/>
  <testcase name="test_getContent_shouldReturnRelationships[0: com.dotcms.contenttype.test.ContentResourceTest$TestCase@ae9469a]" classname="com.dotcms.contenttype.test.ContentResourceTest" time="3.488"/>
  <testcase name="test_getContent_shouldReturnRelationships[1: com.dotcms.contenttype.test.ContentResourceTest$TestCase@1fd0fef5]" classname="com.dotcms.contenttype.test.ContentResourceTest" time="3.7"/>
  <testcase name="test_getContent_shouldReturnRelationships[2: com.dotcms.contenttype.test.ContentResourceTest$TestCase@330e0a]" classname="com.dotcms.contenttype.test.ContentResourceTest" time="3.611"/>
  <testcase name="test_getContent_shouldReturnRelationships[3: com.dotcms.contenttype.test.ContentResourceTest$TestCase@52c56d3]" classname="com.dotcms.contenttype.test.ContentResourceTest" time="3.88"/>
  <testcase name="test_getContent_shouldReturnRelationships[4: com.dotcms.contenttype.test.ContentResourceTest$TestCase@45b10d7a]" classname="com.dotcms.contenttype.test.ContentResourceTest" time="2.935"/>
  <testcase name="test_getContent_shouldReturnRelationships[5: com.dotcms.contenttype.test.ContentResourceTest$TestCase@5d8e646f]" classname="com.dotcms.contenttype.test.ContentResourceTest" time="3.58"/>
  <testcase name="test_getContent_shouldReturnRelationships[6: com.dotcms.contenttype.test.ContentResourceTest$TestCase@45d5628a]" classname="com.dotcms.contenttype.test.ContentResourceTest" time="3.5"/>
  <testcase name="test_getContent_shouldReturnRelationships[7: com.dotcms.contenttype.test.ContentResourceTest$TestCase@22a82e2d]" classname="com.dotcms.contenttype.test.ContentResourceTest" time="3.601"/>
  <testcase name="test_getContent_shouldReturnRelationships[8: com.dotcms.contenttype.test.ContentResourceTest$TestCase@6f3f2ddf]" classname="com.dotcms.contenttype.test.ContentResourceTest" time="3.711"/>
  <testcase name="test_getContent_shouldReturnRelationships[9: com.dotcms.contenttype.test.ContentResourceTest$TestCase@413c914b]" classname="com.dotcms.contenttype.test.ContentResourceTest" time="4.18"/>
  <testcase name="test_getContent_shouldReturnRelationships[10: com.dotcms.contenttype.test.ContentResourceTest$TestCase@2f937ad4]" classname="com.dotcms.contenttype.test.ContentResourceTest" time="3.562"/>
  <testcase name="test_getContent_shouldReturnRelationships[11: com.dotcms.contenttype.test.ContentResourceTest$TestCase@4c29f04d]" classname="com.dotcms.contenttype.test.ContentResourceTest" time="3.546"/>
  <testcase name="test_getContent_shouldReturnRelationships[12: com.dotcms.contenttype.test.ContentResourceTest$TestCase@5aee6dc2]" classname="com.dotcms.contenttype.test.ContentResourceTest" time="3.611"/>
  <testcase name="test_getContent_shouldReturnRelationships[13: com.dotcms.contenttype.test.ContentResourceTest$TestCase@7f7d191d]" classname="com.dotcms.contenttype.test.ContentResourceTest" time="3.59"/>
  <testcase name="test_getContent_shouldReturnRelationships[14: com.dotcms.contenttype.test.ContentResourceTest$TestCase@4b0c89fc]" classname="com.dotcms.contenttype.test.ContentResourceTest" time="3.82"/>
  <testcase name="test_getContent_shouldReturnRelationships[15: com.dotcms.contenttype.test.ContentResourceTest$TestCase@4824b348]" classname="com.dotcms.contenttype.test.ContentResourceTest" time="4.966"/>
  <testcase name="test_getContent_shouldReturnRelationships[16: com.dotcms.contenttype.test.ContentResourceTest$TestCase@618d57f3]" classname="com.dotcms.contenttype.test.ContentResourceTest" time="5.0"/>
  <testcase name="test_getContent_shouldReturnRelationships[17: com.dotcms.contenttype.test.ContentResourceTest$TestCase@76af0f2e]" classname="com.dotcms.contenttype.test.ContentResourceTest" time="4.124"/>
  <testcase name="test_getContent_shouldReturnRelationships[18: com.dotcms.contenttype.test.ContentResourceTest$TestCase@59c32b6e]" classname="com.dotcms.contenttype.test.ContentResourceTest" time="4.204"/>
  <testcase name="test_getContent_shouldReturnRelationships[19: com.dotcms.contenttype.test.ContentResourceTest$TestCase@34906ded]" classname="com.dotcms.contenttype.test.ContentResourceTest" time="4.104"/>
  <testcase name="test_getContent_shouldReturnRelationships[20: com.dotcms.contenttype.test.ContentResourceTest$TestCase@3f298643]" classname="com.dotcms.contenttype.test.ContentResourceTest" time="4.151"/>
  <testcase name="test_getContent_shouldReturnRelationships[21: com.dotcms.contenttype.test.ContentResourceTest$TestCase@31f128f7]" classname="com.dotcms.contenttype.test.ContentResourceTest" time="3.248"/>
  <testcase name="test_getContent_shouldReturnRelationships[22: com.dotcms.contenttype.test.ContentResourceTest$TestCase@7129edfc]" classname="com.dotcms.contenttype.test.ContentResourceTest" time="3.712"/>
  <testcase name="test_getContent_shouldReturnRelationships[23: com.dotcms.contenttype.test.ContentResourceTest$TestCase@46e11931]" classname="com.dotcms.contenttype.test.ContentResourceTest" time="4.024"/>
  <testcase name="test_getContent_shouldReturnRelationships[24: com.dotcms.contenttype.test.ContentResourceTest$TestCase@35899430]" classname="com.dotcms.contenttype.test.ContentResourceTest" time="3.073"/>
  <testcase name="test_getContent_shouldReturnRelationships[25: com.dotcms.contenttype.test.ContentResourceTest$TestCase@d87b4e6]" classname="com.dotcms.contenttype.test.ContentResourceTest" time="4.177"/>
  <testcase name="test_getContent_shouldReturnRelationships[26: com.dotcms.contenttype.test.ContentResourceTest$TestCase@33ffeea7]" classname="com.dotcms.contenttype.test.ContentResourceTest" time="3.213"/>
  <testcase name="test_getContent_shouldReturnRelationships[27: com.dotcms.contenttype.test.ContentResourceTest$TestCase@7d994178]" classname="com.dotcms.contenttype.test.ContentResourceTest" time="3.872"/>
  <testcase name="test_getContent_shouldReturnRelationships[28: com.dotcms.contenttype.test.ContentResourceTest$TestCase@4c862ef]" classname="com.dotcms.contenttype.test.ContentResourceTest" time="3.882"/>
  <testcase name="test_getContent_shouldReturnRelationships[29: com.dotcms.contenttype.test.ContentResourceTest$TestCase@3458d614]" classname="com.dotcms.contenttype.test.ContentResourceTest" time="3.813"/>
  <testcase name="test_getContent_shouldReturnRelationships[30: com.dotcms.contenttype.test.ContentResourceTest$TestCase@789e8cee]" classname="com.dotcms.contenttype.test.ContentResourceTest" time="3.681"/>
  <testcase name="test_getContent_shouldReturnRelationships[31: com.dotcms.contenttype.test.ContentResourceTest$TestCase@4f3b9004]" classname="com.dotcms.contenttype.test.ContentResourceTest" time="3.704"/>
  <testcase name="test_getContent_shouldReturnRelationships[32: com.dotcms.contenttype.test.ContentResourceTest$TestCase@8235c16]" classname="com.dotcms.contenttype.test.ContentResourceTest" time="4.01"/>
  <testcase name="test_getContent_shouldReturnRelationships[33: com.dotcms.contenttype.test.ContentResourceTest$TestCase@7a39d370]" classname="com.dotcms.contenttype.test.ContentResourceTest" time="5.325"/>
  <testcase name="testSinglePOST_InvalidParamsShouldReturn400[0: ({\n    &quot;stInode&quot; : &quot;InvalidValue&quot;,\n    &quot;numeric&quot; : &quot;0&quot;,\n    &quot;image&quot; : &quot;whatever&quot;\n}, Bad Request)]" classname="com.dotcms.contenttype.test.ContentResourceTest" time="1.104"/>
  <testcase name="testSinglePOST_InvalidParamsShouldReturn400[1: ({\n    &quot;numeric&quot; : &quot;0&quot;,\n    &quot;image&quot; : &quot;whatever&quot;\n}, Bad Request)]" classname="com.dotcms.contenttype.test.ContentResourceTest" time="1.087"/>
  <testcase name="Test_Save_Action_Set_Null_To_Required_NumericField_Issue_15340" classname="com.dotcms.contenttype.test.ContentResourceTest" time="1.133"/>
  <testcase name="Test_Save_Action_Remove_Image_Then_Verify_Fields_Were_Cleared_Issue_15340" classname="com.dotcms.contenttype.test.ContentResourceTest" time="4.616"/>
  <testcase name="test_getContentWithMultipleSelfRelated_shouldReturnRelationships[0: com.dotcms.contenttype.test.ContentResourceTest$PullSelfRelatedTestCase@6564cc58]" classname="com.dotcms.contenttype.test.ContentResourceTest" time="2.166"/>
  <testcase name="test_getContentWithMultipleSelfRelated_shouldReturnRelationships[1: com.dotcms.contenttype.test.ContentResourceTest$PullSelfRelatedTestCase@7735ef0e]" classname="com.dotcms.contenttype.test.ContentResourceTest" time="2.155"/>
  <testcase name="testGetContentWithAllCategoriesInfo[0: json]" classname="com.dotcms.contenttype.test.ContentResourceTest" time="1.847"/>
  <testcase name="testGetContentWithAllCategoriesInfo[1: xml]" classname="com.dotcms.contenttype.test.ContentResourceTest" time="2.903"/>
  <system-out><![CDATA[











]]></system-out>
  <system-err><![CDATA[]]></system-err>
</testsuite>
