<?xml version="1.0" encoding="UTF-8"?>
<testsuite name="com.dotmarketing.servlets.BinaryExporterServletTest" tests="10" skipped="1" failures="0" errors="0" timestamp="2023-07-01T00:21:34" hostname="fv-az613-350" time="33.585">
  <properties/>
  <testcase name="requestGifFile" classname="com.dotmarketing.servlets.BinaryExporterServletTest" time="0.0">
    <skipped/>
  </testcase>
  <testcase name="requestWebpImage[0: Mozilla/5.0 (Macintosh; Intel Mac OS X 10_15_7) AppleWebKit/605.1.15 (KHTML, like Gecko) Version/15.3 Safari/605.1.15, image/webp]" classname="com.dotmarketing.servlets.BinaryExporterServletTest" time="3.065"/>
  <testcase name="requestWebpImage[1: Mozilla/5.0 (Macintosh; Intel Mac OS X 10_15_4) AppleWebKit/605.1.15 (KHTML, like Gecko) Version/13.1 Safari/605.1.15, image/jpeg]" classname="com.dotmarketing.servlets.BinaryExporterServletTest" time="2.095"/>
  <testcase name="requestWebpImage[2: Mozilla/5.0 (X11; CrOS x86_64 13982.82.0) AppleWebKit/537.36 (KHTML, like Gecko) Chrome/92.0.4515.157 Safari/537.36, image/webp]" classname="com.dotmarketing.servlets.BinaryExporterServletTest" time="2.01"/>
  <testcase name="requestWebpImage[3: Mozilla/5.0 (Windows NT 10.0; Win64; x64) AppleWebKit/537.36 (KHTML, like Gecko) Chrome/90.0.4430.85 Safari/537.36 Edg/90.0.818.46, image/webp]" classname="com.dotmarketing.servlets.BinaryExporterServletTest" time="3.039"/>
  <testcase name="requestWebpImage[4: Mozilla/5.0 (iPhone; CPU iPhone OS 14_7_1 like Mac OS X) AppleWebKit/605.1.15 (KHTML, like Gecko) FxiOS/36.0  Mobile/15E148 Safari/605.1.15, image/webp]" classname="com.dotmarketing.servlets.BinaryExporterServletTest" time="3.036"/>
  <testcase name="requestBinaryFile[0: by-identifier, has-read-permissions]" classname="com.dotmarketing.servlets.BinaryExporterServletTest" time="4.169"/>
  <testcase name="requestBinaryFile[1: by-identifier, no-permissions]" classname="com.dotmarketing.servlets.BinaryExporterServletTest" time="6.012"/>
  <testcase name="requestBinaryFile[2: by-inode, has-read-permissions]" classname="com.dotmarketing.servlets.BinaryExporterServletTest" time="4.049"/>
  <testcase name="requestBinaryFile[3: by-inode, no-permissions]" classname="com.dotmarketing.servlets.BinaryExporterServletTest" time="6.11"/>
  <system-out><![CDATA[]]></system-out>
  <system-err><![CDATA[]]></system-err>
</testsuite>
