<?xml version="1.0" encoding="UTF-8"?>
<testsuite name="com.dotcms.csspreproc.CSSCacheTest" tests="2" skipped="0" failures="0" errors="0" timestamp="2023-07-14T01:52:44" hostname="fv-az812-504" time="5.259">
  <properties/>
  <testcase name="test_checkinContentlet_shouldRemoveCache" classname="com.dotcms.csspreproc.CSSCacheTest" time="2.375"/>
  <testcase name="test_unpublishContentlet_shouldRemoveCache" classname="com.dotcms.csspreproc.CSSCacheTest" time="2.884"/>
  <system-out><![CDATA[]]></system-out>
  <system-err><![CDATA[]]></system-err>
</testsuite>
