<?xml version="1.0" encoding="UTF-8"?>
<testsuite name="com.dotcms.rest.elasticsearch.ESContentResourcePortletTest" tests="8" skipped="0" failures="0" errors="0" timestamp="2023-07-12T19:54:46" hostname="fv-az449-127" time="9.735">
  <properties/>
  <testcase name="test_search_includeGrandChildCategory_success" classname="com.dotcms.rest.elasticsearch.ESContentResourcePortletTest" time="1.588"/>
  <testcase name="testSearch[0: com.dotcms.rest.elasticsearch.ESContentResourcePortletTest$TestCase@5416d258]" classname="com.dotcms.rest.elasticsearch.ESContentResourcePortletTest" time="0.989"/>
  <testcase name="testSearch[1: com.dotcms.rest.elasticsearch.ESContentResourcePortletTest$TestCase@7168e92b]" classname="com.dotcms.rest.elasticsearch.ESContentResourcePortletTest" time="1.36"/>
  <testcase name="testSearch[2: com.dotcms.rest.elasticsearch.ESContentResourcePortletTest$TestCase@4d7d9dc0]" classname="com.dotcms.rest.elasticsearch.ESContentResourcePortletTest" time="1.053"/>
  <testcase name="testSearch[3: com.dotcms.rest.elasticsearch.ESContentResourcePortletTest$TestCase@728106fe]" classname="com.dotcms.rest.elasticsearch.ESContentResourcePortletTest" time="1.341"/>
  <testcase name="testSearch[4: com.dotcms.rest.elasticsearch.ESContentResourcePortletTest$TestCase@10e78ee4]" classname="com.dotcms.rest.elasticsearch.ESContentResourcePortletTest" time="1.31"/>
  <testcase name="testSearch[5: com.dotcms.rest.elasticsearch.ESContentResourcePortletTest$TestCase@26701c62]" classname="com.dotcms.rest.elasticsearch.ESContentResourcePortletTest" time="1.057"/>
  <testcase name="testSearch[6: com.dotcms.rest.elasticsearch.ESContentResourcePortletTest$TestCase@7c206f1]" classname="com.dotcms.rest.elasticsearch.ESContentResourcePortletTest" time="1.035"/>
  <system-out><![CDATA[]]></system-out>
  <system-err><![CDATA[]]></system-err>
</testsuite>
