<?xml version="1.0" encoding="UTF-8"?>
<testsuite name="com.dotcms.rest.TagResourceIntegrationTest" tests="4" skipped="0" failures="0" errors="0" timestamp="2023-06-26T19:12:29" hostname="fv-az404-370" time="0.277">
  <properties/>
  <testcase name="testList[0: com.dotcms.rest.TagResourceTestCase@11d5f431]" classname="com.dotcms.rest.TagResourceIntegrationTest" time="0.208"/>
  <testcase name="testList[1: com.dotcms.rest.TagResourceTestCase@2c03eafa]" classname="com.dotcms.rest.TagResourceIntegrationTest" time="0.017"/>
  <testcase name="testList[2: com.dotcms.rest.TagResourceTestCase@4db4289e]" classname="com.dotcms.rest.TagResourceIntegrationTest" time="0.014"/>
  <testcase name="testList[3: com.dotcms.rest.TagResourceTestCase@77e73657]" classname="com.dotcms.rest.TagResourceIntegrationTest" time="0.038"/>
  <system-out><![CDATA[]]></system-out>
  <system-err><![CDATA[Jun 26, 2023 7:12:29 PM com.dotcms.repackage.org.hibernate.validator.internal.util.Version <clinit>
INFO: HV000001: Hibernate Validator 4.3.2.Final
]]></system-err>
</testsuite>
