<?xml version="1.0" encoding="UTF-8"?>
<testsuite name="com.dotcms.rest.api.v1.vtl.VTLResourceIntegrationTest" tests="6" skipped="0" failures="0" errors="0" timestamp="2023-06-27T19:22:49" hostname="fv-az337-595" time="12.148">
  <properties/>
  <testcase name="testGet[0: com.dotcms.rest.api.v1.vtl.VTLResourceTestCase@aa55922]" classname="com.dotcms.rest.api.v1.vtl.VTLResourceIntegrationTest" time="2.166"/>
  <testcase name="testGet[1: com.dotcms.rest.api.v1.vtl.VTLResourceTestCase@50dcf760]" classname="com.dotcms.rest.api.v1.vtl.VTLResourceIntegrationTest" time="1.9"/>
  <testcase name="testGet[2: com.dotcms.rest.api.v1.vtl.VTLResourceTestCase@1c5931dc]" classname="com.dotcms.rest.api.v1.vtl.VTLResourceIntegrationTest" time="2.198"/>
  <testcase name="testGet[3: com.dotcms.rest.api.v1.vtl.VTLResourceTestCase@4bb97ced]" classname="com.dotcms.rest.api.v1.vtl.VTLResourceIntegrationTest" time="1.913"/>
  <testcase name="testGet[4: com.dotcms.rest.api.v1.vtl.VTLResourceTestCase@6b7550f1]" classname="com.dotcms.rest.api.v1.vtl.VTLResourceIntegrationTest" time="1.945"/>
  <testcase name="testGet[5: com.dotcms.rest.api.v1.vtl.VTLResourceTestCase@5ca5dd08]" classname="com.dotcms.rest.api.v1.vtl.VTLResourceIntegrationTest" time="2.026"/>
  <system-out><![CDATA[]]></system-out>
  <system-err><![CDATA[]]></system-err>
</testsuite>
