<?xml version="1.0" encoding="UTF-8"?>
<testsuite name="com.dotcms.storage.FileStorageAPITest" tests="5" skipped="0" failures="0" errors="0" timestamp="2023-07-17T23:57:32" hostname="fv-az442-90" time="2.034">
  <properties/>
  <testcase name="Test_Chainable_Storage_Cache_404_pulling_existing_objects" classname="com.dotcms.storage.FileStorageAPITest" time="0.01"/>
  <testcase name="Test_Mem_Storage" classname="com.dotcms.storage.FileStorageAPITest" time="0.0"/>
  <testcase name="Test_Chainable_Storage_check_exist_object" classname="com.dotcms.storage.FileStorageAPITest" time="0.003"/>
  <testcase name="Test_Chainable_Storage_Cache_404_pulling" classname="com.dotcms.storage.FileStorageAPITest" time="0.003"/>
  <testcase name="Test_Chainable_Storage_Cascate_propagate_stores" classname="com.dotcms.storage.FileStorageAPITest" time="2.016"/>
  <system-out><![CDATA[]]></system-out>
  <system-err><![CDATA[]]></system-err>
</testsuite>
