<?xml version="1.0" encoding="UTF-8"?>
<testsuite name="com.dotmarketing.quartz.job.PopulateContentletAsJSONJobTest" tests="1" skipped="0" failures="0" errors="0" timestamp="2023-06-22T15:10:15" hostname="fv-az361-657" time="0.016">
  <properties/>
  <testcase name="test_fireJob" classname="com.dotmarketing.quartz.job.PopulateContentletAsJSONJobTest" time="0.016"/>
  <system-out><![CDATA[]]></system-out>
  <system-err><![CDATA[]]></system-err>
</testsuite>
