<?xml version="1.0" encoding="UTF-8"?>
<testsuite name="com.dotcms.rendering.velocity.services.HTMLPageAssetRenderedTest" tests="52" skipped="0" failures="0" errors="0" timestamp="2023-06-23T22:58:03" hostname="fv-az1259-189" time="160.68">
  <properties/>
  <testcase name="containerArchived_PageShouldResolve" classname="com.dotcms.rendering.velocity.services.HTMLPageAssetRenderedTest" time="2.143"/>
  <testcase name="ContentFallbackFalse_PageFallbackTrue_PageEnglishAndSpanish_ViewEnglishContent1And2_ViewSpanishContent2And3[0: DEFAULT]" classname="com.dotcms.rendering.velocity.services.HTMLPageAssetRenderedTest" time="3.499"/>
  <testcase name="ContentFallbackFalse_PageFallbackTrue_PageEnglishAndSpanish_ViewEnglishContent1And2_ViewSpanishContent2And3[1: FILE]" classname="com.dotcms.rendering.velocity.services.HTMLPageAssetRenderedTest" time="2.441"/>
  <testcase name="pageWithMultiplePersona" classname="com.dotcms.rendering.velocity.services.HTMLPageAssetRenderedTest" time="5.185"/>
  <testcase name="pageWithFileTemplateAdvancedShouldRender" classname="com.dotcms.rendering.velocity.services.HTMLPageAssetRenderedTest" time="2.807"/>
  <testcase name="containerTwiceIntoPage" classname="com.dotcms.rendering.velocity.services.HTMLPageAssetRenderedTest" time="2.722"/>
  <testcase name="pageWithFileTemplateDesignShouldRender" classname="com.dotcms.rendering.velocity.services.HTMLPageAssetRenderedTest" time="2.519"/>
  <testcase name="shouldReturnPageHTMLForLegacyUUID[0: DEFAULT]" classname="com.dotcms.rendering.velocity.services.HTMLPageAssetRenderedTest" time="1.177"/>
  <testcase name="shouldReturnPageHTMLForLegacyUUID[1: FILE]" classname="com.dotcms.rendering.velocity.services.HTMLPageAssetRenderedTest" time="1.032"/>
  <testcase name="test_WidgetPreExecuteCodeShowRegardlessPageMode[0: com.dotcms.rendering.velocity.services.HTMLPageAssetRenderedTest$WidgetPreExecuteCodeTestCase@fc8e239]" classname="com.dotcms.rendering.velocity.services.HTMLPageAssetRenderedTest" time="2.778"/>
  <testcase name="test_WidgetPreExecuteCodeShowRegardlessPageMode[1: com.dotcms.rendering.velocity.services.HTMLPageAssetRenderedTest$WidgetPreExecuteCodeTestCase@28b4ff6c]" classname="com.dotcms.rendering.velocity.services.HTMLPageAssetRenderedTest" time="2.757"/>
  <testcase name="test_WidgetPreExecuteCodeShowRegardlessPageMode[2: com.dotcms.rendering.velocity.services.HTMLPageAssetRenderedTest$WidgetPreExecuteCodeTestCase@53adc455]" classname="com.dotcms.rendering.velocity.services.HTMLPageAssetRenderedTest" time="2.888"/>
  <testcase name="renderPageWithFileAssetImage" classname="com.dotcms.rendering.velocity.services.HTMLPageAssetRenderedTest" time="5.251"/>
  <testcase name="containerTwiceIntoPageAndTemplateLayout" classname="com.dotcms.rendering.velocity.services.HTMLPageAssetRenderedTest" time="3.936"/>
  <testcase name="shouldRenderTemplateAndContainers page Host: CURRENT Template Host: CURRENT Container Host: CURRENT" classname="com.dotcms.rendering.velocity.services.HTMLPageAssetRenderedTest" time="4.234"/>
  <testcase name="shouldRenderTemplateAndContainers page Host: CURRENT Template Host: CURRENT Container Host: ANOTHER" classname="com.dotcms.rendering.velocity.services.HTMLPageAssetRenderedTest" time="3.135"/>
  <testcase name="shouldRenderTemplateAndContainers page Host: CURRENT Template Host: ANOTHER Container Host: ANOTHER" classname="com.dotcms.rendering.velocity.services.HTMLPageAssetRenderedTest" time="2.964"/>
  <testcase name="shouldRenderTemplateAndContainers page Host: CURRENT Template Host: CURRENT Container Host: DEFAULT" classname="com.dotcms.rendering.velocity.services.HTMLPageAssetRenderedTest" time="3.112"/>
  <testcase name="shouldRenderTemplateAndContainers page Host: CURRENT Template Host: ANOTHER Container Host: DEFAULT" classname="com.dotcms.rendering.velocity.services.HTMLPageAssetRenderedTest" time="3.149"/>
  <testcase name="shouldRenderTemplateAndContainers page Host: CURRENT Template Host: CURRENT Container Host: CURRENT" classname="com.dotcms.rendering.velocity.services.HTMLPageAssetRenderedTest" time="3.037"/>
  <testcase name="shouldRenderTemplateAndContainers page Host: CURRENT Template Host: CURRENT Container Host: ANOTHER" classname="com.dotcms.rendering.velocity.services.HTMLPageAssetRenderedTest" time="2.97"/>
  <testcase name="shouldRenderTemplateAndContainers page Host: CURRENT Template Host: ANOTHER Container Host: ANOTHER" classname="com.dotcms.rendering.velocity.services.HTMLPageAssetRenderedTest" time="3.097"/>
  <testcase name="shouldRenderTemplateAndContainers page Host: CURRENT Template Host: CURRENT Container Host: DEFAULT" classname="com.dotcms.rendering.velocity.services.HTMLPageAssetRenderedTest" time="3.006"/>
  <testcase name="shouldRenderTemplateAndContainers page Host: CURRENT Template Host: ANOTHER Container Host: DEFAULT" classname="com.dotcms.rendering.velocity.services.HTMLPageAssetRenderedTest" time="3.116"/>
  <testcase name="shouldRenderTemplateAndContainers page Host: CURRENT Template Host: CURRENT Container Host: CURRENT" classname="com.dotcms.rendering.velocity.services.HTMLPageAssetRenderedTest" time="5.061"/>
  <testcase name="shouldRenderTemplateAndContainers page Host: CURRENT Template Host: CURRENT Container Host: ANOTHER" classname="com.dotcms.rendering.velocity.services.HTMLPageAssetRenderedTest" time="5.211"/>
  <testcase name="shouldRenderTemplateAndContainers page Host: CURRENT Template Host: ANOTHER Container Host: ANOTHER" classname="com.dotcms.rendering.velocity.services.HTMLPageAssetRenderedTest" time="5.079"/>
  <testcase name="shouldRenderTemplateAndContainers page Host: CURRENT Template Host: CURRENT Container Host: DEFAULT" classname="com.dotcms.rendering.velocity.services.HTMLPageAssetRenderedTest" time="4.136"/>
  <testcase name="shouldRenderTemplateAndContainers page Host: CURRENT Template Host: ANOTHER Container Host: DEFAULT" classname="com.dotcms.rendering.velocity.services.HTMLPageAssetRenderedTest" time="5.234"/>
  <testcase name="shouldRenderTemplateAndContainers page Host: CURRENT Template Host: CURRENT Container Host: CURRENT" classname="com.dotcms.rendering.velocity.services.HTMLPageAssetRenderedTest" time="5.098"/>
  <testcase name="shouldRenderTemplateAndContainers page Host: CURRENT Template Host: CURRENT Container Host: ANOTHER" classname="com.dotcms.rendering.velocity.services.HTMLPageAssetRenderedTest" time="5.822"/>
  <testcase name="shouldRenderTemplateAndContainers page Host: CURRENT Template Host: ANOTHER Container Host: ANOTHER" classname="com.dotcms.rendering.velocity.services.HTMLPageAssetRenderedTest" time="5.133"/>
  <testcase name="shouldRenderTemplateAndContainers page Host: CURRENT Template Host: CURRENT Container Host: DEFAULT" classname="com.dotcms.rendering.velocity.services.HTMLPageAssetRenderedTest" time="4.083"/>
  <testcase name="shouldRenderTemplateAndContainers page Host: CURRENT Template Host: ANOTHER Container Host: DEFAULT" classname="com.dotcms.rendering.velocity.services.HTMLPageAssetRenderedTest" time="5.391"/>
  <testcase name="renderPageWithDotAssetImage" classname="com.dotcms.rendering.velocity.services.HTMLPageAssetRenderedTest" time="3.851"/>
  <testcase name="ContentFallbackFalse_PageFallbackFalse_PageEnglishAndSpanish_ViewEnglishContent1And2_ViewSpanishContent2And3[0: DEFAULT]" classname="com.dotcms.rendering.velocity.services.HTMLPageAssetRenderedTest" time="1.185"/>
  <testcase name="ContentFallbackFalse_PageFallbackFalse_PageEnglishAndSpanish_ViewEnglishContent1And2_ViewSpanishContent2And3[1: FILE]" classname="com.dotcms.rendering.velocity.services.HTMLPageAssetRenderedTest" time="1.193"/>
  <testcase name="shouldReturnParserContainerUUID[0: DEFAULT]" classname="com.dotcms.rendering.velocity.services.HTMLPageAssetRenderedTest" time="1.592"/>
  <testcase name="shouldReturnParserContainerUUID[1: FILE]" classname="com.dotcms.rendering.velocity.services.HTMLPageAssetRenderedTest" time="1.478"/>
  <testcase name="constantField_notUpdatedCache_whenChanged[0: DEFAULT]" classname="com.dotcms.rendering.velocity.services.HTMLPageAssetRenderedTest" time="6.273"/>
  <testcase name="constantField_notUpdatedCache_whenChanged[1: FILE]" classname="com.dotcms.rendering.velocity.services.HTMLPageAssetRenderedTest" time="5.142"/>
  <testcase name="render_spanish_contentlets_on_english_page[0: DEFAULT]" classname="com.dotcms.rendering.velocity.services.HTMLPageAssetRenderedTest" time="0.544"/>
  <testcase name="render_spanish_contentlets_on_english_page[1: FILE]" classname="com.dotcms.rendering.velocity.services.HTMLPageAssetRenderedTest" time="0.573"/>
  <testcase name="pageWithSidebarShouldRender" classname="com.dotcms.rendering.velocity.services.HTMLPageAssetRenderedTest" time="4.5"/>
  <testcase name="ContentFallbackTrue_PageFallbackTrue_PageEnglishAndSpanish_ViewEnglishContent1And2_ViewSpanishContent1And2And3[0: DEFAULT]" classname="com.dotcms.rendering.velocity.services.HTMLPageAssetRenderedTest" time="1.184"/>
  <testcase name="ContentFallbackTrue_PageFallbackTrue_PageEnglishAndSpanish_ViewEnglishContent1And2_ViewSpanishContent1And2And3[1: FILE]" classname="com.dotcms.rendering.velocity.services.HTMLPageAssetRenderedTest" time="1.394"/>
  <testcase name="shouldReturnPageHTMLForLegacyUUIDAndMultiTree[0: DEFAULT]" classname="com.dotcms.rendering.velocity.services.HTMLPageAssetRenderedTest" time="1.046"/>
  <testcase name="shouldReturnPageHTMLForLegacyUUIDAndMultiTree[1: FILE]" classname="com.dotcms.rendering.velocity.services.HTMLPageAssetRenderedTest" time="1.103"/>
  <testcase name="shouldReturnPageHTMLForPersona[0: DEFAULT]" classname="com.dotcms.rendering.velocity.services.HTMLPageAssetRenderedTest" time="1.606"/>
  <testcase name="shouldReturnPageHTMLForPersona[1: FILE]" classname="com.dotcms.rendering.velocity.services.HTMLPageAssetRenderedTest" time="1.711"/>
  <testcase name="ContentFallbackFalse_PageFallbackTrue_PageEnglish_ViewEnglishContent1And2_ViewSpanishContent2And3[0: DEFAULT]" classname="com.dotcms.rendering.velocity.services.HTMLPageAssetRenderedTest" time="1.443"/>
  <testcase name="ContentFallbackFalse_PageFallbackTrue_PageEnglish_ViewEnglishContent1And2_ViewSpanishContent2And3[1: FILE]" classname="com.dotcms.rendering.velocity.services.HTMLPageAssetRenderedTest" time="1.655"/>
  <system-out><![CDATA[]]></system-out>
  <system-err><![CDATA[]]></system-err>
</testsuite>
