<?xml version="1.0" encoding="UTF-8"?>
<testsuite name="com.dotmarketing.portlets.structure.model.ContentletRelationshipsTest" tests="7" skipped="0" failures="0" errors="0" timestamp="2023-07-12T20:01:09" hostname="fv-az552-613" time="9.192">
  <properties/>
  <testcase name="testDoesAllowOnlyOne[0: com.dotmarketing.portlets.structure.model.ContentletRelationshipsTest$CardinalityTestCase@3a0459]" classname="com.dotmarketing.portlets.structure.model.ContentletRelationshipsTest" time="0.532"/>
  <testcase name="testDoesAllowOnlyOne[1: com.dotmarketing.portlets.structure.model.ContentletRelationshipsTest$CardinalityTestCase@ae58463]" classname="com.dotmarketing.portlets.structure.model.ContentletRelationshipsTest" time="0.478"/>
  <testcase name="testDoesAllowOnlyOne[2: com.dotmarketing.portlets.structure.model.ContentletRelationshipsTest$CardinalityTestCase@304c452f]" classname="com.dotmarketing.portlets.structure.model.ContentletRelationshipsTest" time="0.497"/>
  <testcase name="testGetRelationshipRecords[0: com.dotmarketing.portlets.structure.model.ContentletRelationshipsTest$TestCase@1066a7]" classname="com.dotmarketing.portlets.structure.model.ContentletRelationshipsTest" time="2.056"/>
  <testcase name="testGetRelationshipRecords[1: com.dotmarketing.portlets.structure.model.ContentletRelationshipsTest$TestCase@5058b230]" classname="com.dotmarketing.portlets.structure.model.ContentletRelationshipsTest" time="2.022"/>
  <testcase name="testGetRelationshipRecords[2: com.dotmarketing.portlets.structure.model.ContentletRelationshipsTest$TestCase@76b8e2c4]" classname="com.dotmarketing.portlets.structure.model.ContentletRelationshipsTest" time="1.802"/>
  <testcase name="testGetRelationshipRecords[3: com.dotmarketing.portlets.structure.model.ContentletRelationshipsTest$TestCase@248fb401]" classname="com.dotmarketing.portlets.structure.model.ContentletRelationshipsTest" time="1.804"/>
  <system-out><![CDATA[]]></system-out>
  <system-err><![CDATA[]]></system-err>
</testsuite>
