<?xml version="1.0" encoding="UTF-8"?>
<testsuite name="com.dotmarketing.business.DeterministicIdentifierAPITest" tests="16" skipped="0" failures="0" errors="0" timestamp="2023-07-13T17:45:29" hostname="fv-az262-63" time="1.377">
  <properties/>
  <testcase name="Test_Category_Path_Seed_And_Id" classname="com.dotmarketing.business.DeterministicIdentifierAPITest" time="0.027"/>
  <testcase name="Test_Language_Deterministic_Id[0: LanguageTestCase{expectedSeed='Language:es:US', expectedHash=4913155, langCode='es', countryCode='US', country='United States'}]" classname="com.dotmarketing.business.DeterministicIdentifierAPITest" time="0.001"/>
  <testcase name="Test_Language_Deterministic_Id[1: LanguageTestCase{expectedSeed='Language:ep:', expectedHash=5292269, langCode='ep', countryCode='', country=''}]" classname="com.dotmarketing.business.DeterministicIdentifierAPITest" time="0.001"/>
  <testcase name="Test_Language_Deterministic_Id[2: LanguageTestCase{expectedSeed='Language:sg:SAG', expectedHash=4713118, langCode='sg', countryCode='SAG', country=''}]" classname="com.dotmarketing.business.DeterministicIdentifierAPITest" time="0.001"/>
  <testcase name="Test_Language_Deterministic_Id[3: LanguageTestCase{expectedSeed='Language:en:NZ', expectedHash=5382528, langCode='en', countryCode='NZ', country='New Zealand'}]" classname="com.dotmarketing.business.DeterministicIdentifierAPITest" time="0.001"/>
  <testcase name="Test_Category_None_Persisted_Category_Should_Return_Deterministic_Id" classname="com.dotmarketing.business.DeterministicIdentifierAPITest" time="0.001"/>
  <testcase name="Test_Asset_Generate_Deterministic_Id_Best_Effort[0: TestCase{versionable=my.host1689269909706.com, parent=System Host, expectedName='my.host1689269909706.com', expectedType='Host'}]" classname="com.dotmarketing.business.DeterministicIdentifierAPITest" time="0.004"/>
  <testcase name="Test_Asset_Generate_Deterministic_Id_Best_Effort[1: TestCase{versionable=com.dotmarketing.portlets.contentlet.model.Contentlet@1eca3fe3[map={modDate=2023-07-13 17:38:30.381, fileName=file1587666919422865126.txt, title=file1587666919422865126.txt, inode=66ea5866-6fd4-47cf-8883-f6e874f4b163, __IS_NEW_CONTENT__=true, disabledWYSIWYG=[], host=12bdf0ad-5c64-43ab-b8f1-6be624475404, stInode=33888b6f-7a8e-4069-b1b6-5c1aa9d0a48d, owner=system, identifier=c77dac36-b563-49d2-a49f-bd6a6ab3decd, nullProperties=[wfExpireDate, wfPublishDate, wfActionAssign, wfActionId, wfActionComments, filterKey, whereToSend, wfNeverExpire, _path_to_move, timezoneId, iWantTo, wfPublishTime, wfExpireTime], languageId=1, fileAsset=/home/runner/work/core/custom/assets/6/6/66ea5866-6fd4-47cf-8883-f6e874f4b163/fileAsset/file1587666919422865126.txt, folder=2e651f2f-7498-4ae0-bf42-c86618c8903c, __disable_workflow__=true, sortOrder=0, modUser=system},lowIndexPriority=false,variantId=DEFAULT], parent=com.dotmarketing.portlets.folders.model.Folder@5853acf0[identifier=2e651f2f-7498-4ae0-bf42-c86618c8903c,name=testName1689269910370,sortOrder=0,showOnMenu=false,hostId=12bdf0ad-5c64-43ab-b8f1-6be624475404,type=folder,title=testTitle1689269910370,filesMasks=,defaultFileType=33888b6f-7a8e-4069-b1b6-5c1aa9d0a48d,modDate=2023-07-13 17:38:30.375,owner=&lt;null&gt;,iDate=2023-07-13 17:38:30.375,inode=2e651f2f-7498-4ae0-bf42-c86618c8903c,path=/testName1689269910370/], expectedName='file1587666919422865126.txt', expectedType='FileAsset'}]" classname="com.dotmarketing.business.DeterministicIdentifierAPITest" time="0.003"/>
  <testcase name="Test_Asset_Generate_Deterministic_Id_Best_Effort[2: TestCase{versionable=com.dotmarketing.portlets.templates.model.Template@a5c89fd0, parent=my.host1689269909706.com, expectedName='testTitle1689269910510', expectedType='Template'}]" classname="com.dotmarketing.business.DeterministicIdentifierAPITest" time="0.002"/>
  <testcase name="Test_Asset_Generate_Deterministic_Id_Best_Effort[3: TestCase{versionable=com.dotmarketing.portlets.htmlpageasset.model.HTMLPageAsset@51887c8f[map={template=92f93ea0-f1bf-462d-b60b-4dbfb694700c, owner=system, identifier=aac74c6f-5d15-452a-a900-8a30b371ec05, nullProperties=[wfExpireDate, wfPublishDate, wfActionAssign, wfActionId, wfActionComments, filterKey, whereToSend, wfNeverExpire, _path_to_move, timezoneId, iWantTo, wfPublishTime, wfExpireTime], modDate=2023-07-13 17:38:30.546, cachettl=0, _is_test_mode=true, languageId=1, title=test-page-title-1689269910541, httpsreq=, url=test-page-url-1689269910541, showOnMenu=, inode=e2044388-055b-45d7-8b68-60ce8853ca0d, folder=2e651f2f-7498-4ae0-bf42-c86618c8903c, disabledWYSIWYG=[], sortOrder=1, modUser=system, host=12bdf0ad-5c64-43ab-b8f1-6be624475404, stInode=c541abb1-69b3-4bc5-8430-5e09e5239cc8, friendlyName=test-page-friendly-name-1689269910541},lowIndexPriority=false,variantId=DEFAULT], parent=com.dotmarketing.portlets.folders.model.Folder@5853acf0[identifier=2e651f2f-7498-4ae0-bf42-c86618c8903c,name=testName1689269910370,sortOrder=0,showOnMenu=false,hostId=12bdf0ad-5c64-43ab-b8f1-6be624475404,type=folder,title=testTitle1689269910370,filesMasks=,defaultFileType=33888b6f-7a8e-4069-b1b6-5c1aa9d0a48d,modDate=2023-07-13 17:38:30.375,owner=&lt;null&gt;,iDate=2023-07-13 17:38:30.375,inode=2e651f2f-7498-4ae0-bf42-c86618c8903c,path=/testName1689269910370/], expectedName='test-page-url-1689269910541', expectedType='htmlpageasset'}]" classname="com.dotmarketing.business.DeterministicIdentifierAPITest" time="0.003"/>
  <testcase name="Test_Asset_Generate_Deterministic_Id_Best_Effort[4: TestCase{versionable=com.dotmarketing.portlets.contentlet.model.Contentlet@42971d2[map={fileAsset2=/home/runner/work/core/custom/assets/b/f/bffe4618-290b-4019-a85c-f9a199f793e2/fileAsset2/test_binary1689269912345.png, modDate=2023-07-13 17:38:32.353, fileAsset1=/home/runner/work/core/custom/assets/b/f/bffe4618-290b-4019-a85c-f9a199f793e2/fileAsset1/test_binary1689269912345.jpg, title=blah, inode=bffe4618-290b-4019-a85c-f9a199f793e2, __IS_NEW_CONTENT__=true, disabledWYSIWYG=[], host=48190c8c-42c4-46af-8d1a-0cd5db894797, stInode=284839ce-b0b2-4e4b-a36d-a3174e96de1f, owner=system, identifier=cbab9903-e104-4744-ba57-b5780ed9f0b5, nullProperties=[], languageId=1, image1=7a110485-8781-43ac-9da6-83874a2963f6, folder=SYSTEM_FOLDER, __disable_workflow__=true, sortOrder=0, modUser=system},lowIndexPriority=false,variantId=DEFAULT], parent=demo.dotcms.com, expectedName='test_binary1689269912345.jpg:test_binary1689269912345.png', expectedType='MultipleBinaries1689269910720'}]" classname="com.dotmarketing.business.DeterministicIdentifierAPITest" time="0.004"/>
  <testcase name="Test_Asset_Generate_Deterministic_Id_Best_Effort[5: TestCase{versionable=namea301408839 : keyTaga301408839, parent=my.host1689269909706.com, expectedName='keyTaga301408839', expectedType='persona'}]" classname="com.dotmarketing.business.DeterministicIdentifierAPITest" time="0.003"/>
  <testcase name="Test_Similar_Content_Type_Wont_Clash" classname="com.dotmarketing.business.DeterministicIdentifierAPITest" time="0.621"/>
  <testcase name="Test_Generate_Folder_Identifier" classname="com.dotmarketing.business.DeterministicIdentifierAPITest" time="0.679"/>
  <testcase name="Test_Generate_Content_Type_Identifier[0: ContentTypeTestCase{contentType=KeyValueContentType{name=Language Variable, id=f4d7c1b8-2c88-4071-abf1-a5328977b07d, description=Default Content Type for Language Variables, defaultType=false, fixed=true, iDate=Thu Aug 31 16:38:49 UTC 2017, system=true, versionable=true, variable=Languagevariable, modDate=Thu Jul 13 16:25:53 UTC 2023, host=SYSTEM_HOST, siteName=systemHost, icon=language, sortOrder=0, folder=SYSTEM_FOLDER, folderPath=/, markedForDeletion=true, multilingualable=false}, expectedName='Languagevariable', expectedType='KeyValue'}]" classname="com.dotmarketing.business.DeterministicIdentifierAPITest" time="0.009"/>
  <testcase name="Test_Generate_Content_Type_Identifier[1: ContentTypeTestCase{contentType=SimpleContentType{name=testName1689269912837, id=f27c4158-a840-4af6-8a05-462c6464a3d6, description=testDescription1689269912837, defaultType=false, fixed=false, iDate=Thu Jul 13 17:38:32 UTC 2023, system=false, versionable=true, multilingualable=false, variable=testVarname1689269912837, owner=system, modDate=Thu Jul 13 17:38:34 UTC 2023, host=48190c8c-42c4-46af-8d1a-0cd5db894797, siteName=demo.dotcms.com, icon=event_note, sortOrder=0, folder=SYSTEM_FOLDER, folderPath=/, requiredFields=[], markedForDeletion=false}, expectedName='testVarname1689269912837', expectedType='CONTENT'}]" classname="com.dotmarketing.business.DeterministicIdentifierAPITest" time="0.01"/>
  <system-out><![CDATA[]]></system-out>
  <system-err><![CDATA[]]></system-err>
</testsuite>
