<?xml version="1.0" encoding="UTF-8"?>
<testsuite name="com.dotmarketing.portlets.structure.model.ContentletRelationshipsTest" tests="7" skipped="0" failures="0" errors="0" timestamp="2023-07-06T23:47:43" hostname="fv-az1256-62" time="7.599">
  <properties/>
  <testcase name="testDoesAllowOnlyOne[0: com.dotmarketing.portlets.structure.model.ContentletRelationshipsTest$CardinalityTestCase@1ed1942e]" classname="com.dotmarketing.portlets.structure.model.ContentletRelationshipsTest" time="0.46"/>
  <testcase name="testDoesAllowOnlyOne[1: com.dotmarketing.portlets.structure.model.ContentletRelationshipsTest$CardinalityTestCase@5af05a6e]" classname="com.dotmarketing.portlets.structure.model.ContentletRelationshipsTest" time="0.426"/>
  <testcase name="testDoesAllowOnlyOne[2: com.dotmarketing.portlets.structure.model.ContentletRelationshipsTest$CardinalityTestCase@25087a60]" classname="com.dotmarketing.portlets.structure.model.ContentletRelationshipsTest" time="0.423"/>
  <testcase name="testGetRelationshipRecords[0: com.dotmarketing.portlets.structure.model.ContentletRelationshipsTest$TestCase@577ef31b]" classname="com.dotmarketing.portlets.structure.model.ContentletRelationshipsTest" time="1.947"/>
  <testcase name="testGetRelationshipRecords[1: com.dotmarketing.portlets.structure.model.ContentletRelationshipsTest$TestCase@451c7d3e]" classname="com.dotmarketing.portlets.structure.model.ContentletRelationshipsTest" time="0.876"/>
  <testcase name="testGetRelationshipRecords[2: com.dotmarketing.portlets.structure.model.ContentletRelationshipsTest$TestCase@1d676cd9]" classname="com.dotmarketing.portlets.structure.model.ContentletRelationshipsTest" time="1.756"/>
  <testcase name="testGetRelationshipRecords[3: com.dotmarketing.portlets.structure.model.ContentletRelationshipsTest$TestCase@7b5ade6f]" classname="com.dotmarketing.portlets.structure.model.ContentletRelationshipsTest" time="1.711"/>
  <system-out><![CDATA[]]></system-out>
  <system-err><![CDATA[]]></system-err>
</testsuite>
