<?xml version="1.0" encoding="UTF-8"?>
<testsuite name="com.dotcms.rest.api.v1.vtl.VTLResourceIntegrationTest" tests="6" skipped="0" failures="0" errors="0" timestamp="2023-06-28T00:29:09" hostname="fv-az175-688" time="12.324">
  <properties/>
  <testcase name="testGet[0: com.dotcms.rest.api.v1.vtl.VTLResourceTestCase@607f3d4e]" classname="com.dotcms.rest.api.v1.vtl.VTLResourceIntegrationTest" time="2.537"/>
  <testcase name="testGet[1: com.dotcms.rest.api.v1.vtl.VTLResourceTestCase@28082ccd]" classname="com.dotcms.rest.api.v1.vtl.VTLResourceIntegrationTest" time="1.8"/>
  <testcase name="testGet[2: com.dotcms.rest.api.v1.vtl.VTLResourceTestCase@7df878d7]" classname="com.dotcms.rest.api.v1.vtl.VTLResourceIntegrationTest" time="2.018"/>
  <testcase name="testGet[3: com.dotcms.rest.api.v1.vtl.VTLResourceTestCase@600b5be4]" classname="com.dotcms.rest.api.v1.vtl.VTLResourceIntegrationTest" time="2.308"/>
  <testcase name="testGet[4: com.dotcms.rest.api.v1.vtl.VTLResourceTestCase@79079fe6]" classname="com.dotcms.rest.api.v1.vtl.VTLResourceIntegrationTest" time="1.657"/>
  <testcase name="testGet[5: com.dotcms.rest.api.v1.vtl.VTLResourceTestCase@1000ba4f]" classname="com.dotcms.rest.api.v1.vtl.VTLResourceIntegrationTest" time="2.003"/>
  <system-out><![CDATA[]]></system-out>
  <system-err><![CDATA[]]></system-err>
</testsuite>
