<?xml version="1.0" encoding="UTF-8"?>
<testsuite name="com.dotcms.rest.elasticsearch.ESContentResourcePortletTest" tests="8" skipped="0" failures="0" errors="0" timestamp="2023-07-14T18:16:24" hostname="fv-az1236-699" time="7.785">
  <properties/>
  <testcase name="test_search_includeGrandChildCategory_success" classname="com.dotcms.rest.elasticsearch.ESContentResourcePortletTest" time="1.343"/>
  <testcase name="testSearch[0: com.dotcms.rest.elasticsearch.ESContentResourcePortletTest$TestCase@2e5966de]" classname="com.dotcms.rest.elasticsearch.ESContentResourcePortletTest" time="0.948"/>
  <testcase name="testSearch[1: com.dotcms.rest.elasticsearch.ESContentResourcePortletTest$TestCase@59f77710]" classname="com.dotcms.rest.elasticsearch.ESContentResourcePortletTest" time="1.222"/>
  <testcase name="testSearch[2: com.dotcms.rest.elasticsearch.ESContentResourcePortletTest$TestCase@2af4fa74]" classname="com.dotcms.rest.elasticsearch.ESContentResourcePortletTest" time="0.937"/>
  <testcase name="testSearch[3: com.dotcms.rest.elasticsearch.ESContentResourcePortletTest$TestCase@594462f3]" classname="com.dotcms.rest.elasticsearch.ESContentResourcePortletTest" time="0.236"/>
  <testcase name="testSearch[4: com.dotcms.rest.elasticsearch.ESContentResourcePortletTest$TestCase@3cce8093]" classname="com.dotcms.rest.elasticsearch.ESContentResourcePortletTest" time="1.27"/>
  <testcase name="testSearch[5: com.dotcms.rest.elasticsearch.ESContentResourcePortletTest$TestCase@5ee33fed]" classname="com.dotcms.rest.elasticsearch.ESContentResourcePortletTest" time="0.913"/>
  <testcase name="testSearch[6: com.dotcms.rest.elasticsearch.ESContentResourcePortletTest$TestCase@53c9491f]" classname="com.dotcms.rest.elasticsearch.ESContentResourcePortletTest" time="0.914"/>
  <system-out><![CDATA[]]></system-out>
  <system-err><![CDATA[]]></system-err>
</testsuite>
