<?xml version="1.0" encoding="UTF-8"?>
<testsuite name="com.dotmarketing.startup.runonce.Task05380ChangeContainerPathToAbsoluteTest" tests="13" skipped="0" failures="0" errors="0" timestamp="2023-07-13T21:24:00" hostname="fv-az673-76" time="41.553">
  <properties/>
  <testcase name="whenTemplateLayoutHasAbsolutePathShouldKeepThePathWithoutChange" classname="com.dotmarketing.startup.runonce.Task05380ChangeContainerPathToAbsoluteTest" time="2.667"/>
  <testcase name="whenTemplateLayoutHasRelativePathShouldTurnIntoAAbsolutePath" classname="com.dotmarketing.startup.runonce.Task05380ChangeContainerPathToAbsoluteTest" time="3.07"/>
  <testcase name="whenLegacyTemplateLayoutHasIDContainer" classname="com.dotmarketing.startup.runonce.Task05380ChangeContainerPathToAbsoluteTest" time="2.034"/>
  <testcase name="whenTemplateLayoutHasRelativePathButBodyIsNullShouldTurnIntoAAbsolutePath" classname="com.dotmarketing.startup.runonce.Task05380ChangeContainerPathToAbsoluteTest" time="3.081"/>
  <testcase name="whenHaveMoreThanOneTemplate" classname="com.dotmarketing.startup.runonce.Task05380ChangeContainerPathToAbsoluteTest" time="3.092"/>
  <testcase name="whenLegacyTemplateLayoutHasRelativePathShouldTurnIntoAbsolutePath" classname="com.dotmarketing.startup.runonce.Task05380ChangeContainerPathToAbsoluteTest" time="3.055"/>
  <testcase name="whenTemplateLayoutHasNotFileCOntainer" classname="com.dotmarketing.startup.runonce.Task05380ChangeContainerPathToAbsoluteTest" time="3.049"/>
  <testcase name="whenTemplateLayoutHasRelativePathAndSideBar" classname="com.dotmarketing.startup.runonce.Task05380ChangeContainerPathToAbsoluteTest" time="3.063"/>
  <testcase name="whenSiteChangeNameBeforeRunUT" classname="com.dotmarketing.startup.runonce.Task05380ChangeContainerPathToAbsoluteTest" time="4.106"/>
  <testcase name="whenLegacyTemplateLayoutHasAbsolutePathToAnotherSite" classname="com.dotmarketing.startup.runonce.Task05380ChangeContainerPathToAbsoluteTest" time="4.054"/>
  <testcase name="whenTemplateAdvancedHasRelativePath" classname="com.dotmarketing.startup.runonce.Task05380ChangeContainerPathToAbsoluteTest" time="3.058"/>
  <testcase name="whenTemplateLayoutHasAbsolutePathToAnotherSite" classname="com.dotmarketing.startup.runonce.Task05380ChangeContainerPathToAbsoluteTest" time="4.082"/>
  <testcase name="whenLegacyTemplateLayoutHasAbsolutePath" classname="com.dotmarketing.startup.runonce.Task05380ChangeContainerPathToAbsoluteTest" time="3.141"/>
  <system-out><![CDATA[]]></system-out>
  <system-err><![CDATA[]]></system-err>
</testsuite>
