<?xml version="1.0" encoding="UTF-8"?>
<testsuite name="com.dotmarketing.startup.runonce.Task05225RemoveLoadRecordsToIndexTest" tests="2" skipped="0" failures="0" errors="0" timestamp="2023-06-30T23:45:53" hostname="fv-az586-632" time="0.018">
  <properties/>
  <testcase name="testUpgradeTaskWhenProcedureExistsShouldPass" classname="com.dotmarketing.startup.runonce.Task05225RemoveLoadRecordsToIndexTest" time="0.015"/>
  <testcase name="testUpgradeTaskWhenProcedureDoesNotExistShouldPass" classname="com.dotmarketing.startup.runonce.Task05225RemoveLoadRecordsToIndexTest" time="0.003"/>
  <system-out><![CDATA[]]></system-out>
  <system-err><![CDATA[]]></system-err>
</testsuite>
