<?xml version="1.0" encoding="UTF-8"?>
<testsuite name="com.dotmarketing.portlets.htmlpages.business.HTMLPageAPITest" tests="13" skipped="0" failures="0" errors="0" timestamp="2023-06-26T21:51:20" hostname="fv-az401-312" time="34.964">
  <properties/>
  <testcase name="testCopy_customTemplateCreatesNewTemplate" classname="com.dotmarketing.portlets.htmlpages.business.HTMLPageAPITest" time="7.112"/>
  <testcase name="removeOneLanguageOfHtmlAsset" classname="com.dotmarketing.portlets.htmlpages.business.HTMLPageAPITest" time="0.568"/>
  <testcase name="checkcout_populate_url_field_for_pages" classname="com.dotmarketing.portlets.htmlpages.business.HTMLPageAPITest" time="1.384"/>
  <testcase name="delete" classname="com.dotmarketing.portlets.htmlpages.business.HTMLPageAPITest" time="6.869"/>
  <testcase name="testGetHTMLPageAssetWithTagsShouldReturnTags" classname="com.dotmarketing.portlets.htmlpages.business.HTMLPageAPITest" time="4.116"/>
  <testcase name="testFindByIdLanguageFallback[0: com.dotmarketing.portlets.htmlpages.business.HTMLPageAPITest$TestCaseFindByIdLanguageFallback@4faa77df]" classname="com.dotmarketing.portlets.htmlpages.business.HTMLPageAPITest" time="1.909"/>
  <testcase name="testFindByIdLanguageFallback[1: com.dotmarketing.portlets.htmlpages.business.HTMLPageAPITest$TestCaseFindByIdLanguageFallback@c7c4799]" classname="com.dotmarketing.portlets.htmlpages.business.HTMLPageAPITest" time="2.034"/>
  <testcase name="testFindByIdLanguageFallback[2: com.dotmarketing.portlets.htmlpages.business.HTMLPageAPITest$TestCaseFindByIdLanguageFallback@28c0ac00]" classname="com.dotmarketing.portlets.htmlpages.business.HTMLPageAPITest" time="2.025"/>
  <testcase name="testFindByIdLanguageFallback[3: com.dotmarketing.portlets.htmlpages.business.HTMLPageAPITest$TestCaseFindByIdLanguageFallback@7c5ccc7]" classname="com.dotmarketing.portlets.htmlpages.business.HTMLPageAPITest" time="2.054"/>
  <testcase name="testFindByIdLanguageFallback[4: com.dotmarketing.portlets.htmlpages.business.HTMLPageAPITest$TestCaseFindByIdLanguageFallback@1bcd476f]" classname="com.dotmarketing.portlets.htmlpages.business.HTMLPageAPITest" time="1.99"/>
  <testcase name="move" classname="com.dotmarketing.portlets.htmlpages.business.HTMLPageAPITest" time="1.185"/>
  <testcase name="saveHTMLPage" classname="com.dotmarketing.portlets.htmlpages.business.HTMLPageAPITest" time="2.255"/>
  <testcase name="testFromContentlet_contentOnVariant_shouldKeepVariant" classname="com.dotmarketing.portlets.htmlpages.business.HTMLPageAPITest" time="1.459"/>
  <system-out><![CDATA[]]></system-out>
  <system-err><![CDATA[]]></system-err>
</testsuite>
