<?xml version="1.0" encoding="UTF-8"?>
<testsuite name="com.dotmarketing.startup.runonce.Task210506UpdateStorageTableTest" tests="1" skipped="0" failures="0" errors="0" timestamp="2023-06-29T19:19:50" hostname="fv-az572-127" time="0.018">
  <properties/>
  <testcase name="testExecuteUpgrade" classname="com.dotmarketing.startup.runonce.Task210506UpdateStorageTableTest" time="0.018"/>
  <system-out><![CDATA[]]></system-out>
  <system-err><![CDATA[]]></system-err>
</testsuite>
