<?xml version="1.0" encoding="UTF-8"?>
<testsuite name="com.dotcms.auth.providers.saml.v1.DotSamlResourceTest" tests="1" skipped="0" failures="0" errors="0" timestamp="2023-06-30T17:42:06" hostname="fv-az797-168" time="0.093">
  <properties/>
  <testcase name="testMetadata" classname="com.dotcms.auth.providers.saml.v1.DotSamlResourceTest" time="0.093"/>
  <system-out><![CDATA[]]></system-out>
  <system-err><![CDATA[]]></system-err>
</testsuite>
