<?xml version="1.0" encoding="UTF-8"?>
<testsuite name="com.dotmarketing.portlets.structure.model.ContentletRelationshipsTest" tests="7" skipped="0" failures="0" errors="0" timestamp="2023-07-10T16:45:11" hostname="fv-az450-691" time="8.701">
  <properties/>
  <testcase name="testDoesAllowOnlyOne[0: com.dotmarketing.portlets.structure.model.ContentletRelationshipsTest$CardinalityTestCase@7eae257b]" classname="com.dotmarketing.portlets.structure.model.ContentletRelationshipsTest" time="0.468"/>
  <testcase name="testDoesAllowOnlyOne[1: com.dotmarketing.portlets.structure.model.ContentletRelationshipsTest$CardinalityTestCase@28c192c7]" classname="com.dotmarketing.portlets.structure.model.ContentletRelationshipsTest" time="0.42"/>
  <testcase name="testDoesAllowOnlyOne[2: com.dotmarketing.portlets.structure.model.ContentletRelationshipsTest$CardinalityTestCase@22585f3a]" classname="com.dotmarketing.portlets.structure.model.ContentletRelationshipsTest" time="0.466"/>
  <testcase name="testGetRelationshipRecords[0: com.dotmarketing.portlets.structure.model.ContentletRelationshipsTest$TestCase@4dbf4c57]" classname="com.dotmarketing.portlets.structure.model.ContentletRelationshipsTest" time="1.898"/>
  <testcase name="testGetRelationshipRecords[1: com.dotmarketing.portlets.structure.model.ContentletRelationshipsTest$TestCase@42352d66]" classname="com.dotmarketing.portlets.structure.model.ContentletRelationshipsTest" time="1.876"/>
  <testcase name="testGetRelationshipRecords[2: com.dotmarketing.portlets.structure.model.ContentletRelationshipsTest$TestCase@6646c84d]" classname="com.dotmarketing.portlets.structure.model.ContentletRelationshipsTest" time="1.798"/>
  <testcase name="testGetRelationshipRecords[3: com.dotmarketing.portlets.structure.model.ContentletRelationshipsTest$TestCase@607fa30]" classname="com.dotmarketing.portlets.structure.model.ContentletRelationshipsTest" time="1.775"/>
  <system-out><![CDATA[]]></system-out>
  <system-err><![CDATA[]]></system-err>
</testsuite>
