<?xml version="1.0" encoding="UTF-8"?>
<testsuite name="com.dotmarketing.image.filter.ImageFilterAPIImplTest" tests="6" skipped="0" failures="0" errors="0" timestamp="2023-06-26T15:56:36" hostname="fv-az180-822" time="2.738">
  <properties/>
  <testcase name="test_dimensions" classname="com.dotmarketing.image.filter.ImageFilterAPIImplTest" time="0.525"/>
  <testcase name="test_intelligentResize" classname="com.dotmarketing.image.filter.ImageFilterAPIImplTest" time="0.051"/>
  <testcase name="test_resizeImage" classname="com.dotmarketing.image.filter.ImageFilterAPIImplTest" time="0.018"/>
  <testcase name="test_resizeImage_change_algo" classname="com.dotmarketing.image.filter.ImageFilterAPIImplTest" time="2.133"/>
  <testcase name="test_image_readers_for_image_files" classname="com.dotmarketing.image.filter.ImageFilterAPIImplTest" time="0.001"/>
  <testcase name="test_image_readers_loaded" classname="com.dotmarketing.image.filter.ImageFilterAPIImplTest" time="0.009"/>
  <system-out><![CDATA[]]></system-out>
  <system-err><![CDATA[




































































































































































































]]></system-err>
</testsuite>
