<?xml version="1.0" encoding="UTF-8"?>
<testsuite name="com.dotcms.rest.api.v1.vtl.VTLResourceIntegrationTest" tests="6" skipped="0" failures="0" errors="0" timestamp="2023-07-11T03:05:04" hostname="fv-az437-589" time="11.416">
  <properties/>
  <testcase name="testGet[0: com.dotcms.rest.api.v1.vtl.VTLResourceTestCase@7ecb5ccf]" classname="com.dotcms.rest.api.v1.vtl.VTLResourceIntegrationTest" time="2.355"/>
  <testcase name="testGet[1: com.dotcms.rest.api.v1.vtl.VTLResourceTestCase@239da1c4]" classname="com.dotcms.rest.api.v1.vtl.VTLResourceIntegrationTest" time="2.013"/>
  <testcase name="testGet[2: com.dotcms.rest.api.v1.vtl.VTLResourceTestCase@145583bb]" classname="com.dotcms.rest.api.v1.vtl.VTLResourceIntegrationTest" time="2.221"/>
  <testcase name="testGet[3: com.dotcms.rest.api.v1.vtl.VTLResourceTestCase@5600f70]" classname="com.dotcms.rest.api.v1.vtl.VTLResourceIntegrationTest" time="0.909"/>
  <testcase name="testGet[4: com.dotcms.rest.api.v1.vtl.VTLResourceTestCase@21690637]" classname="com.dotcms.rest.api.v1.vtl.VTLResourceIntegrationTest" time="1.911"/>
  <testcase name="testGet[5: com.dotcms.rest.api.v1.vtl.VTLResourceTestCase@6fb4105f]" classname="com.dotcms.rest.api.v1.vtl.VTLResourceIntegrationTest" time="2.007"/>
  <system-out><![CDATA[]]></system-out>
  <system-err><![CDATA[]]></system-err>
</testsuite>
