<?xml version="1.0" encoding="UTF-8"?>
<testsuite name="com.dotcms.rest.TagResourceIntegrationTest" tests="4" skipped="0" failures="0" errors="0" timestamp="2023-07-10T23:01:02" hostname="fv-az621-762" time="0.355">
  <properties/>
  <testcase name="testList[0: com.dotcms.rest.TagResourceTestCase@348f2112]" classname="com.dotcms.rest.TagResourceIntegrationTest" time="0.272"/>
  <testcase name="testList[1: com.dotcms.rest.TagResourceTestCase@1873bb95]" classname="com.dotcms.rest.TagResourceIntegrationTest" time="0.029"/>
  <testcase name="testList[2: com.dotcms.rest.TagResourceTestCase@57991dff]" classname="com.dotcms.rest.TagResourceIntegrationTest" time="0.023"/>
  <testcase name="testList[3: com.dotcms.rest.TagResourceTestCase@456ca715]" classname="com.dotcms.rest.TagResourceIntegrationTest" time="0.031"/>
  <system-out><![CDATA[]]></system-out>
  <system-err><![CDATA[Jul 10, 2023 11:01:02 PM com.dotcms.repackage.org.hibernate.validator.internal.util.Version <clinit>
INFO: HV000001: Hibernate Validator 4.3.2.Final
]]></system-err>
</testsuite>
