<?xml version="1.0" encoding="UTF-8"?>
<testsuite name="com.dotcms.contenttype.test.ContentTypeAPIImplTest" tests="320" skipped="0" failures="0" errors="0" timestamp="2023-07-13T21:45:01" hostname="fv-az267-171" time="263.795">
  <properties/>
  <testcase name="testSave_GivenTypeNamesWithNumbers_ExpectedValidVariableName[0: 123]" classname="com.dotcms.contenttype.test.ContentTypeAPIImplTest" time="0.048"/>
  <testcase name="testSave_GivenTypeNamesWithNumbers_ExpectedValidVariableName[1: 123abc]" classname="com.dotcms.contenttype.test.ContentTypeAPIImplTest" time="0.045"/>
  <testcase name="testSave_GivenTypeNamesWithNumbers_ExpectedValidVariableName[2: 123___]" classname="com.dotcms.contenttype.test.ContentTypeAPIImplTest" time="0.042"/>
  <testcase name="testSave_GivenTypeNamesWithNumbers_ExpectedValidVariableName[3: 123*]" classname="com.dotcms.contenttype.test.ContentTypeAPIImplTest" time="0.045"/>
  <testcase name="testSave_GivenTypeNamesWithNumbers_ExpectedValidVariableName[4: 123*=+$%]" classname="com.dotcms.contenttype.test.ContentTypeAPIImplTest" time="0.043"/>
  <testcase name="testSave_GivenTypeNamesWithNumbers_ExpectedValidVariableName[5: abc123]" classname="com.dotcms.contenttype.test.ContentTypeAPIImplTest" time="0.045"/>
  <testcase name="testSave_GivenTypeNamesWithNumbers_ExpectedValidVariableName[6: _123a]" classname="com.dotcms.contenttype.test.ContentTypeAPIImplTest" time="0.042"/>
  <testcase name="testSave_GivenTypeNamesWithNumbers_ExpectedValidVariableName[7: *123]" classname="com.dotcms.contenttype.test.ContentTypeAPIImplTest" time="0.04"/>
  <testcase name="testSave_GivenTypeNamesWithNumbers_ExpectedValidVariableName[8: ****123**]" classname="com.dotcms.contenttype.test.ContentTypeAPIImplTest" time="0.041"/>
  <testcase name="testSave_GivenTypeNamesWithNumbers_ExpectedValidVariableName[9: ?123]" classname="com.dotcms.contenttype.test.ContentTypeAPIImplTest" time="0.04"/>
  <testcase name="testSave_GivenTypeNamesWithNumbers_ExpectedValidVariableName[10: =$123]" classname="com.dotcms.contenttype.test.ContentTypeAPIImplTest" time="0.048"/>
  <testcase name="testSave_GivenTypeNamesWithNumbers_ExpectedValidVariableName[11: asd123asd]" classname="com.dotcms.contenttype.test.ContentTypeAPIImplTest" time="0.04"/>
  <testcase name="testSave_GivenTypeNamesWithNumbers_ExpectedValidVariableName[12: Asfsdf]" classname="com.dotcms.contenttype.test.ContentTypeAPIImplTest" time="0.039"/>
  <testcase name="testSave_GivenTypeNamesWithNumbers_ExpectedValidVariableName[13: aa123]" classname="com.dotcms.contenttype.test.ContentTypeAPIImplTest" time="0.041"/>
  <testcase name="testSave_GivenTypeNamesWithNumbers_ExpectedValidVariableName[14: This is a field]" classname="com.dotcms.contenttype.test.ContentTypeAPIImplTest" time="0.041"/>
  <testcase name="testSave_GivenTypeNamesWithNumbers_ExpectedValidVariableName[15: Field &amp;&amp; ,,,..**==} name~~~__]" classname="com.dotcms.contenttype.test.ContentTypeAPIImplTest" time="0.039"/>
  <testcase name="testIsContentTypeAllowedReturnsFalse" classname="com.dotcms.contenttype.test.ContentTypeAPIImplTest" time="0.552"/>
  <testcase name="testDeleteLimitedUserPermissions[0: com.dotcms.contenttype.test.ContentTypeAPIImplTest$TestCaseUpdateContentTypePermissions@478e36c9]" classname="com.dotcms.contenttype.test.ContentTypeAPIImplTest" time="1.229"/>
  <testcase name="testDeleteLimitedUserPermissions[1: com.dotcms.contenttype.test.ContentTypeAPIImplTest$TestCaseUpdateContentTypePermissions@25574eda]" classname="com.dotcms.contenttype.test.ContentTypeAPIImplTest" time="1.108"/>
  <testcase name="testDeleteLimitedUserPermissions[2: com.dotcms.contenttype.test.ContentTypeAPIImplTest$TestCaseUpdateContentTypePermissions@40c01d52]" classname="com.dotcms.contenttype.test.ContentTypeAPIImplTest" time="1.075"/>
  <testcase name="testDeleteLimitedUserPermissions[3: com.dotcms.contenttype.test.ContentTypeAPIImplTest$TestCaseUpdateContentTypePermissions@71f03176]" classname="com.dotcms.contenttype.test.ContentTypeAPIImplTest" time="1.065"/>
  <testcase name="testDeleteContentTypeChild_deleteRelationshipFieldOnParent_deleteRelationship_bothWays" classname="com.dotcms.contenttype.test.ContentTypeAPIImplTest" time="0.36"/>
  <testcase name="testSaveShouldRespectCaseInsensitiveVariableName" classname="com.dotcms.contenttype.test.ContentTypeAPIImplTest" time="0.08"/>
  <testcase name="testFieldAPISaveLimitedUserPermissions[0: com.dotcms.contenttype.test.ContentTypeAPIImplTest$TestCaseUpdateContentTypePermissions@478e36c9]" classname="com.dotcms.contenttype.test.ContentTypeAPIImplTest" time="1.014"/>
  <testcase name="testFieldAPISaveLimitedUserPermissions[1: com.dotcms.contenttype.test.ContentTypeAPIImplTest$TestCaseUpdateContentTypePermissions@25574eda]" classname="com.dotcms.contenttype.test.ContentTypeAPIImplTest" time="1.019"/>
  <testcase name="testFieldAPISaveLimitedUserPermissions[2: com.dotcms.contenttype.test.ContentTypeAPIImplTest$TestCaseUpdateContentTypePermissions@40c01d52]" classname="com.dotcms.contenttype.test.ContentTypeAPIImplTest" time="1.014"/>
  <testcase name="testFieldAPISaveLimitedUserPermissions[3: com.dotcms.contenttype.test.ContentTypeAPIImplTest$TestCaseUpdateContentTypePermissions@71f03176]" classname="com.dotcms.contenttype.test.ContentTypeAPIImplTest" time="1.014"/>
  <testcase name="testDeleteContentTypeParent_deleteRelationship" classname="com.dotcms.contenttype.test.ContentTypeAPIImplTest" time="0.262"/>
  <testcase name="findUrlMappedByPageIdWithoutContentType" classname="com.dotcms.contenttype.test.ContentTypeAPIImplTest" time="1.501"/>
  <testcase name="testFieldAPIDeleteLimitedUserPermissions[0: com.dotcms.contenttype.test.ContentTypeAPIImplTest$TestCaseUpdateContentTypePermissions@478e36c9]" classname="com.dotcms.contenttype.test.ContentTypeAPIImplTest" time="1.122"/>
  <testcase name="testFieldAPIDeleteLimitedUserPermissions[1: com.dotcms.contenttype.test.ContentTypeAPIImplTest$TestCaseUpdateContentTypePermissions@25574eda]" classname="com.dotcms.contenttype.test.ContentTypeAPIImplTest" time="1.081"/>
  <testcase name="testFieldAPIDeleteLimitedUserPermissions[2: com.dotcms.contenttype.test.ContentTypeAPIImplTest$TestCaseUpdateContentTypePermissions@40c01d52]" classname="com.dotcms.contenttype.test.ContentTypeAPIImplTest" time="1.078"/>
  <testcase name="testFieldAPIDeleteLimitedUserPermissions[3: com.dotcms.contenttype.test.ContentTypeAPIImplTest$TestCaseUpdateContentTypePermissions@71f03176]" classname="com.dotcms.contenttype.test.ContentTypeAPIImplTest" time="1.084"/>
  <testcase name="testPageContentTypeWithPublishExpireFields" classname="com.dotcms.contenttype.test.ContentTypeAPIImplTest" time="2.489"/>
  <testcase name="testWidgetContentTypeWithPublishExpireFields" classname="com.dotcms.contenttype.test.ContentTypeAPIImplTest" time="0.872"/>
  <testcase name="testSaveContentTypeLimitedUserPermissions[0: com.dotcms.contenttype.test.ContentTypeAPIImplTest$TestCaseUpdateContentTypePermissions@477e69ff]" classname="com.dotcms.contenttype.test.ContentTypeAPIImplTest" time="0.166"/>
  <testcase name="testSaveContentTypeLimitedUserPermissions[1: com.dotcms.contenttype.test.ContentTypeAPIImplTest$TestCaseUpdateContentTypePermissions@5840de54]" classname="com.dotcms.contenttype.test.ContentTypeAPIImplTest" time="0.118"/>
  <testcase name="testSaveContentTypeLimitedUserPermissions[2: com.dotcms.contenttype.test.ContentTypeAPIImplTest$TestCaseUpdateContentTypePermissions@18aa7283]" classname="com.dotcms.contenttype.test.ContentTypeAPIImplTest" time="0.104"/>
  <testcase name="testSaveContentTypeLimitedUserPermissions[3: com.dotcms.contenttype.test.ContentTypeAPIImplTest$TestCaseUpdateContentTypePermissions@68a19b61]" classname="com.dotcms.contenttype.test.ContentTypeAPIImplTest" time="0.101"/>
  <testcase name="testSerialization" classname="com.dotcms.contenttype.test.ContentTypeAPIImplTest" time="0.019"/>
  <testcase name="testPersonaContentTypeWithPublishExpireFields" classname="com.dotcms.contenttype.test.ContentTypeAPIImplTest" time="1.283"/>
  <testcase name="test_content_type_parent_permissionable_when_no_data" classname="com.dotcms.contenttype.test.ContentTypeAPIImplTest" time="0.007"/>
  <testcase name="testFileContentTypeWithPublishExpireFields" classname="com.dotcms.contenttype.test.ContentTypeAPIImplTest" time="0.672"/>
  <testcase name="testFindAll" classname="com.dotcms.contenttype.test.ContentTypeAPIImplTest" time="0.678"/>
  <testcase name="testSave_GivenTypeWithReservedVarInNameAndNotSystem_ShouldSaveWithDifferentVar[0: basetype]" classname="com.dotcms.contenttype.test.ContentTypeAPIImplTest" time="0.044"/>
  <testcase name="testSave_GivenTypeWithReservedVarInNameAndNotSystem_ShouldSaveWithDifferentVar[1: categories]" classname="com.dotcms.contenttype.test.ContentTypeAPIImplTest" time="0.047"/>
  <testcase name="testSave_GivenTypeWithReservedVarInNameAndNotSystem_ShouldSaveWithDifferentVar[2: conhost]" classname="com.dotcms.contenttype.test.ContentTypeAPIImplTest" time="0.041"/>
  <testcase name="testSave_GivenTypeWithReservedVarInNameAndNotSystem_ShouldSaveWithDifferentVar[3: conhostname]" classname="com.dotcms.contenttype.test.ContentTypeAPIImplTest" time="0.04"/>
  <testcase name="testSave_GivenTypeWithReservedVarInNameAndNotSystem_ShouldSaveWithDifferentVar[4: contenttype]" classname="com.dotcms.contenttype.test.ContentTypeAPIImplTest" time="0.04"/>
  <testcase name="testSave_GivenTypeWithReservedVarInNameAndNotSystem_ShouldSaveWithDifferentVar[5: deleted]" classname="com.dotcms.contenttype.test.ContentTypeAPIImplTest" time="0.041"/>
  <testcase name="testSave_GivenTypeWithReservedVarInNameAndNotSystem_ShouldSaveWithDifferentVar[6: expdate]" classname="com.dotcms.contenttype.test.ContentTypeAPIImplTest" time="0.041"/>
  <testcase name="testSave_GivenTypeWithReservedVarInNameAndNotSystem_ShouldSaveWithDifferentVar[7: identifier]" classname="com.dotcms.contenttype.test.ContentTypeAPIImplTest" time="0.042"/>
  <testcase name="testSave_GivenTypeWithReservedVarInNameAndNotSystem_ShouldSaveWithDifferentVar[8: inode]" classname="com.dotcms.contenttype.test.ContentTypeAPIImplTest" time="0.044"/>
  <testcase name="testSave_GivenTypeWithReservedVarInNameAndNotSystem_ShouldSaveWithDifferentVar[9: languageid]" classname="com.dotcms.contenttype.test.ContentTypeAPIImplTest" time="0.05"/>
  <testcase name="testSave_GivenTypeWithReservedVarInNameAndNotSystem_ShouldSaveWithDifferentVar[10: live]" classname="com.dotcms.contenttype.test.ContentTypeAPIImplTest" time="0.06"/>
  <testcase name="testSave_GivenTypeWithReservedVarInNameAndNotSystem_ShouldSaveWithDifferentVar[11: locked]" classname="com.dotcms.contenttype.test.ContentTypeAPIImplTest" time="0.062"/>
  <testcase name="testSave_GivenTypeWithReservedVarInNameAndNotSystem_ShouldSaveWithDifferentVar[12: metadata]" classname="com.dotcms.contenttype.test.ContentTypeAPIImplTest" time="0.048"/>
  <testcase name="testSave_GivenTypeWithReservedVarInNameAndNotSystem_ShouldSaveWithDifferentVar[13: moddate]" classname="com.dotcms.contenttype.test.ContentTypeAPIImplTest" time="0.048"/>
  <testcase name="testSave_GivenTypeWithReservedVarInNameAndNotSystem_ShouldSaveWithDifferentVar[14: moduser]" classname="com.dotcms.contenttype.test.ContentTypeAPIImplTest" time="0.049"/>
  <testcase name="testSave_GivenTypeWithReservedVarInNameAndNotSystem_ShouldSaveWithDifferentVar[15: originalstartdate]" classname="com.dotcms.contenttype.test.ContentTypeAPIImplTest" time="0.05"/>
  <testcase name="testSave_GivenTypeWithReservedVarInNameAndNotSystem_ShouldSaveWithDifferentVar[16: owner]" classname="com.dotcms.contenttype.test.ContentTypeAPIImplTest" time="0.051"/>
  <testcase name="testSave_GivenTypeWithReservedVarInNameAndNotSystem_ShouldSaveWithDifferentVar[17: ownercanpublish]" classname="com.dotcms.contenttype.test.ContentTypeAPIImplTest" time="0.047"/>
  <testcase name="testSave_GivenTypeWithReservedVarInNameAndNotSystem_ShouldSaveWithDifferentVar[18: ownercanread]" classname="com.dotcms.contenttype.test.ContentTypeAPIImplTest" time="0.05"/>
  <testcase name="testSave_GivenTypeWithReservedVarInNameAndNotSystem_ShouldSaveWithDifferentVar[19: ownercanwrite]" classname="com.dotcms.contenttype.test.ContentTypeAPIImplTest" time="0.045"/>
  <testcase name="testSave_GivenTypeWithReservedVarInNameAndNotSystem_ShouldSaveWithDifferentVar[20: parentpath]" classname="com.dotcms.contenttype.test.ContentTypeAPIImplTest" time="0.042"/>
  <testcase name="testSave_GivenTypeWithReservedVarInNameAndNotSystem_ShouldSaveWithDifferentVar[21: path]" classname="com.dotcms.contenttype.test.ContentTypeAPIImplTest" time="0.053"/>
  <testcase name="testSave_GivenTypeWithReservedVarInNameAndNotSystem_ShouldSaveWithDifferentVar[22: permissions]" classname="com.dotcms.contenttype.test.ContentTypeAPIImplTest" time="0.041"/>
  <testcase name="testSave_GivenTypeWithReservedVarInNameAndNotSystem_ShouldSaveWithDifferentVar[23: pubdate]" classname="com.dotcms.contenttype.test.ContentTypeAPIImplTest" time="0.049"/>
  <testcase name="testSave_GivenTypeWithReservedVarInNameAndNotSystem_ShouldSaveWithDifferentVar[24: recurrenceend]" classname="com.dotcms.contenttype.test.ContentTypeAPIImplTest" time="0.04"/>
  <testcase name="testSave_GivenTypeWithReservedVarInNameAndNotSystem_ShouldSaveWithDifferentVar[25: recurrencestart]" classname="com.dotcms.contenttype.test.ContentTypeAPIImplTest" time="0.044"/>
  <testcase name="testSave_GivenTypeWithReservedVarInNameAndNotSystem_ShouldSaveWithDifferentVar[26: shortid]" classname="com.dotcms.contenttype.test.ContentTypeAPIImplTest" time="0.039"/>
  <testcase name="testSave_GivenTypeWithReservedVarInNameAndNotSystem_ShouldSaveWithDifferentVar[27: shortinode]" classname="com.dotcms.contenttype.test.ContentTypeAPIImplTest" time="0.041"/>
  <testcase name="testSave_GivenTypeWithReservedVarInNameAndNotSystem_ShouldSaveWithDifferentVar[28: structurename]" classname="com.dotcms.contenttype.test.ContentTypeAPIImplTest" time="0.041"/>
  <testcase name="testSave_GivenTypeWithReservedVarInNameAndNotSystem_ShouldSaveWithDifferentVar[29: structuretype]" classname="com.dotcms.contenttype.test.ContentTypeAPIImplTest" time="0.038"/>
  <testcase name="testSave_GivenTypeWithReservedVarInNameAndNotSystem_ShouldSaveWithDifferentVar[30: tags]" classname="com.dotcms.contenttype.test.ContentTypeAPIImplTest" time="0.037"/>
  <testcase name="testSave_GivenTypeWithReservedVarInNameAndNotSystem_ShouldSaveWithDifferentVar[31: title]" classname="com.dotcms.contenttype.test.ContentTypeAPIImplTest" time="0.043"/>
  <testcase name="testSave_GivenTypeWithReservedVarInNameAndNotSystem_ShouldSaveWithDifferentVar[32: type]" classname="com.dotcms.contenttype.test.ContentTypeAPIImplTest" time="0.045"/>
  <testcase name="testSave_GivenTypeWithReservedVarInNameAndNotSystem_ShouldSaveWithDifferentVar[33: urlmap]" classname="com.dotcms.contenttype.test.ContentTypeAPIImplTest" time="0.04"/>
  <testcase name="testSave_GivenTypeWithReservedVarInNameAndNotSystem_ShouldSaveWithDifferentVar[34: versionts]" classname="com.dotcms.contenttype.test.ContentTypeAPIImplTest" time="0.04"/>
  <testcase name="testSave_GivenTypeWithReservedVarInNameAndNotSystem_ShouldSaveWithDifferentVar[35: wfassign]" classname="com.dotcms.contenttype.test.ContentTypeAPIImplTest" time="0.041"/>
  <testcase name="testSave_GivenTypeWithReservedVarInNameAndNotSystem_ShouldSaveWithDifferentVar[36: wfcreatedby]" classname="com.dotcms.contenttype.test.ContentTypeAPIImplTest" time="0.042"/>
  <testcase name="testSave_GivenTypeWithReservedVarInNameAndNotSystem_ShouldSaveWithDifferentVar[37: wfcurrentstepname]" classname="com.dotcms.contenttype.test.ContentTypeAPIImplTest" time="0.04"/>
  <testcase name="testSave_GivenTypeWithReservedVarInNameAndNotSystem_ShouldSaveWithDifferentVar[38: wfmoddate]" classname="com.dotcms.contenttype.test.ContentTypeAPIImplTest" time="0.042"/>
  <testcase name="testSave_GivenTypeWithReservedVarInNameAndNotSystem_ShouldSaveWithDifferentVar[39: wfscheme]" classname="com.dotcms.contenttype.test.ContentTypeAPIImplTest" time="0.04"/>
  <testcase name="testSave_GivenTypeWithReservedVarInNameAndNotSystem_ShouldSaveWithDifferentVar[40: wfstep]" classname="com.dotcms.contenttype.test.ContentTypeAPIImplTest" time="0.043"/>
  <testcase name="testSave_GivenTypeWithReservedVarInNameAndNotSystem_ShouldSaveWithDifferentVar[41: working]" classname="com.dotcms.contenttype.test.ContentTypeAPIImplTest" time="0.041"/>
  <testcase name="Fields_Should_Not_Get_Removed_When_Host_Is_Empty_Null[0: SiteTestCase{site=Mock for Host, hashCode: 1228780805, expected='default'}]" classname="com.dotcms.contenttype.test.ContentTypeAPIImplTest" time="0.234"/>
  <testcase name="Fields_Should_Not_Get_Removed_When_Host_Is_Empty_Null[1: SiteTestCase{site=Mock for Host, hashCode: 1355459201, expected='SYSTEM_HOST'}]" classname="com.dotcms.contenttype.test.ContentTypeAPIImplTest" time="0.241"/>
  <testcase name="Fields_Should_Not_Get_Removed_When_Host_Is_Empty_Null[2: SiteTestCase{site=Mock for Host, hashCode: 838542933, expected='default'}]" classname="com.dotcms.contenttype.test.ContentTypeAPIImplTest" time="0.256"/>
  <testcase name="testDefaultType" classname="com.dotcms.contenttype.test.ContentTypeAPIImplTest" time="0.101"/>
  <testcase name="testIsContentTypeAllowedReturnsTrue" classname="com.dotcms.contenttype.test.ContentTypeAPIImplTest" time="0.003"/>
  <testcase name="testDeleteContentTypeChild_deleteRelationshipFieldOnParent_deleteRelationship" classname="com.dotcms.contenttype.test.ContentTypeAPIImplTest" time="0.275"/>
  <testcase name="findUrlMappedByPageId" classname="com.dotcms.contenttype.test.ContentTypeAPIImplTest" time="2.389"/>
  <testcase name="testSave_GivenTypeWithReservedNameAndNotSystem_ShouldThrowException[0: host]" classname="com.dotcms.contenttype.test.ContentTypeAPIImplTest" time="0.005"/>
  <testcase name="testSave_GivenTypeWithReservedNameAndNotSystem_ShouldThrowException[1: folder]" classname="com.dotcms.contenttype.test.ContentTypeAPIImplTest" time="0.005"/>
  <testcase name="testSave_GivenTypeWithReservedNameAndNotSystem_ShouldThrowException[2: file]" classname="com.dotcms.contenttype.test.ContentTypeAPIImplTest" time="0.004"/>
  <testcase name="testSave_GivenTypeWithReservedNameAndNotSystem_ShouldThrowException[3: forms]" classname="com.dotcms.contenttype.test.ContentTypeAPIImplTest" time="0.004"/>
  <testcase name="testSave_GivenTypeWithReservedNameAndNotSystem_ShouldThrowException[4: html page]" classname="com.dotcms.contenttype.test.ContentTypeAPIImplTest" time="0.004"/>
  <testcase name="testSave_GivenTypeWithReservedNameAndNotSystem_ShouldThrowException[5: menu link]" classname="com.dotcms.contenttype.test.ContentTypeAPIImplTest" time="0.004"/>
  <testcase name="testSave_GivenTypeWithReservedNameAndNotSystem_ShouldThrowException[6: container]" classname="com.dotcms.contenttype.test.ContentTypeAPIImplTest" time="0.003"/>
  <testcase name="testSave_GivenTypeWithReservedNameAndNotSystem_ShouldThrowException[7: template]" classname="com.dotcms.contenttype.test.ContentTypeAPIImplTest" time="0.004"/>
  <testcase name="testSave_GivenTypeWithReservedNameAndNotSystem_ShouldThrowException[8: user]" classname="com.dotcms.contenttype.test.ContentTypeAPIImplTest" time="0.004"/>
  <testcase name="testAddingContentTypes" classname="com.dotcms.contenttype.test.ContentTypeAPIImplTest" time="18.636"/>
  <testcase name="test_content_type_parent_permissionable" classname="com.dotcms.contenttype.test.ContentTypeAPIImplTest" time="1.072"/>
  <testcase name="test_languageFallback_baseTypes_FormContentType_expected_false" classname="com.dotcms.contenttype.test.ContentTypeAPIImplTest" time="0.001"/>
  <testcase name="testAddingUpdatingDeleting" classname="com.dotcms.contenttype.test.ContentTypeAPIImplTest" time="177.172"/>
  <testcase name="test_languageFallback_baseTypes_KeyValueContentType_expected_false" classname="com.dotcms.contenttype.test.ContentTypeAPIImplTest" time="0.001"/>
  <testcase name="testFindMethodEquals" classname="com.dotcms.contenttype.test.ContentTypeAPIImplTest" time="0.639"/>
  <testcase name="test_languageFallback_baseTypes_FileAssetContentType_expected_true" classname="com.dotcms.contenttype.test.ContentTypeAPIImplTest" time="0.001"/>
  <testcase name="testAddingUpdatingDeletingContentTypeWithFixedFields" classname="com.dotcms.contenttype.test.ContentTypeAPIImplTest" time="1.2"/>
  <testcase name="suggestVelocityVar" classname="com.dotcms.contenttype.test.ContentTypeAPIImplTest" time="0.003"/>
  <testcase name="testUpdateContentTypeModDate" classname="com.dotcms.contenttype.test.ContentTypeAPIImplTest" time="7.201"/>
  <testcase name="count" classname="com.dotcms.contenttype.test.ContentTypeAPIImplTest" time="0.003"/>
  <testcase name="testUpdatingContentTypeWithFixedFieldsDifferentFieldID" classname="com.dotcms.contenttype.test.ContentTypeAPIImplTest" time="1.12"/>
  <testcase name="test_getContentTypeVariableWithPublishField_ShouldReturnNonNullOrEmpty" classname="com.dotcms.contenttype.test.ContentTypeAPIImplTest" time="0.269"/>
  <testcase name="testSaveContentTypeWithReservedVar_ShouldUseDifferentVar[0: basetype]" classname="com.dotcms.contenttype.test.ContentTypeAPIImplTest" time="0.053"/>
  <testcase name="testSaveContentTypeWithReservedVar_ShouldUseDifferentVar[1: categories]" classname="com.dotcms.contenttype.test.ContentTypeAPIImplTest" time="0.05"/>
  <testcase name="testSaveContentTypeWithReservedVar_ShouldUseDifferentVar[2: conhost]" classname="com.dotcms.contenttype.test.ContentTypeAPIImplTest" time="0.042"/>
  <testcase name="testSaveContentTypeWithReservedVar_ShouldUseDifferentVar[3: conhostname]" classname="com.dotcms.contenttype.test.ContentTypeAPIImplTest" time="0.047"/>
  <testcase name="testSaveContentTypeWithReservedVar_ShouldUseDifferentVar[4: contenttype]" classname="com.dotcms.contenttype.test.ContentTypeAPIImplTest" time="0.041"/>
  <testcase name="testSaveContentTypeWithReservedVar_ShouldUseDifferentVar[5: deleted]" classname="com.dotcms.contenttype.test.ContentTypeAPIImplTest" time="0.048"/>
  <testcase name="testSaveContentTypeWithReservedVar_ShouldUseDifferentVar[6: expdate]" classname="com.dotcms.contenttype.test.ContentTypeAPIImplTest" time="0.039"/>
  <testcase name="testSaveContentTypeWithReservedVar_ShouldUseDifferentVar[7: host]" classname="com.dotcms.contenttype.test.ContentTypeAPIImplTest" time="0.0"/>
  <testcase name="testSaveContentTypeWithReservedVar_ShouldUseDifferentVar[8: identifier]" classname="com.dotcms.contenttype.test.ContentTypeAPIImplTest" time="0.045"/>
  <testcase name="testSaveContentTypeWithReservedVar_ShouldUseDifferentVar[9: inode]" classname="com.dotcms.contenttype.test.ContentTypeAPIImplTest" time="0.042"/>
  <testcase name="testSaveContentTypeWithReservedVar_ShouldUseDifferentVar[10: languageid]" classname="com.dotcms.contenttype.test.ContentTypeAPIImplTest" time="0.04"/>
  <testcase name="testSaveContentTypeWithReservedVar_ShouldUseDifferentVar[11: live]" classname="com.dotcms.contenttype.test.ContentTypeAPIImplTest" time="0.039"/>
  <testcase name="testSaveContentTypeWithReservedVar_ShouldUseDifferentVar[12: locked]" classname="com.dotcms.contenttype.test.ContentTypeAPIImplTest" time="0.038"/>
  <testcase name="testSaveContentTypeWithReservedVar_ShouldUseDifferentVar[13: metadata]" classname="com.dotcms.contenttype.test.ContentTypeAPIImplTest" time="0.039"/>
  <testcase name="testSaveContentTypeWithReservedVar_ShouldUseDifferentVar[14: moddate]" classname="com.dotcms.contenttype.test.ContentTypeAPIImplTest" time="0.044"/>
  <testcase name="testSaveContentTypeWithReservedVar_ShouldUseDifferentVar[15: moduser]" classname="com.dotcms.contenttype.test.ContentTypeAPIImplTest" time="0.041"/>
  <testcase name="testSaveContentTypeWithReservedVar_ShouldUseDifferentVar[16: originalstartdate]" classname="com.dotcms.contenttype.test.ContentTypeAPIImplTest" time="0.039"/>
  <testcase name="testSaveContentTypeWithReservedVar_ShouldUseDifferentVar[17: owner]" classname="com.dotcms.contenttype.test.ContentTypeAPIImplTest" time="0.037"/>
  <testcase name="testSaveContentTypeWithReservedVar_ShouldUseDifferentVar[18: ownercanpublish]" classname="com.dotcms.contenttype.test.ContentTypeAPIImplTest" time="0.051"/>
  <testcase name="testSaveContentTypeWithReservedVar_ShouldUseDifferentVar[19: ownercanread]" classname="com.dotcms.contenttype.test.ContentTypeAPIImplTest" time="0.042"/>
  <testcase name="testSaveContentTypeWithReservedVar_ShouldUseDifferentVar[20: ownercanwrite]" classname="com.dotcms.contenttype.test.ContentTypeAPIImplTest" time="0.042"/>
  <testcase name="testSaveContentTypeWithReservedVar_ShouldUseDifferentVar[21: parentpath]" classname="com.dotcms.contenttype.test.ContentTypeAPIImplTest" time="0.046"/>
  <testcase name="testSaveContentTypeWithReservedVar_ShouldUseDifferentVar[22: path]" classname="com.dotcms.contenttype.test.ContentTypeAPIImplTest" time="0.043"/>
  <testcase name="testSaveContentTypeWithReservedVar_ShouldUseDifferentVar[23: permissions]" classname="com.dotcms.contenttype.test.ContentTypeAPIImplTest" time="0.039"/>
  <testcase name="testSaveContentTypeWithReservedVar_ShouldUseDifferentVar[24: pubdate]" classname="com.dotcms.contenttype.test.ContentTypeAPIImplTest" time="0.036"/>
  <testcase name="testSaveContentTypeWithReservedVar_ShouldUseDifferentVar[25: recurrenceend]" classname="com.dotcms.contenttype.test.ContentTypeAPIImplTest" time="0.04"/>
  <testcase name="testSaveContentTypeWithReservedVar_ShouldUseDifferentVar[26: recurrencestart]" classname="com.dotcms.contenttype.test.ContentTypeAPIImplTest" time="0.039"/>
  <testcase name="testSaveContentTypeWithReservedVar_ShouldUseDifferentVar[27: shortid]" classname="com.dotcms.contenttype.test.ContentTypeAPIImplTest" time="0.04"/>
  <testcase name="testSaveContentTypeWithReservedVar_ShouldUseDifferentVar[28: shortinode]" classname="com.dotcms.contenttype.test.ContentTypeAPIImplTest" time="0.04"/>
  <testcase name="testSaveContentTypeWithReservedVar_ShouldUseDifferentVar[29: structurename]" classname="com.dotcms.contenttype.test.ContentTypeAPIImplTest" time="0.041"/>
  <testcase name="testSaveContentTypeWithReservedVar_ShouldUseDifferentVar[30: structuretype]" classname="com.dotcms.contenttype.test.ContentTypeAPIImplTest" time="0.049"/>
  <testcase name="testSaveContentTypeWithReservedVar_ShouldUseDifferentVar[31: tags]" classname="com.dotcms.contenttype.test.ContentTypeAPIImplTest" time="0.039"/>
  <testcase name="testSaveContentTypeWithReservedVar_ShouldUseDifferentVar[32: title]" classname="com.dotcms.contenttype.test.ContentTypeAPIImplTest" time="0.041"/>
  <testcase name="testSaveContentTypeWithReservedVar_ShouldUseDifferentVar[33: type]" classname="com.dotcms.contenttype.test.ContentTypeAPIImplTest" time="0.042"/>
  <testcase name="testSaveContentTypeWithReservedVar_ShouldUseDifferentVar[34: urlmap]" classname="com.dotcms.contenttype.test.ContentTypeAPIImplTest" time="0.039"/>
  <testcase name="testSaveContentTypeWithReservedVar_ShouldUseDifferentVar[35: versionts]" classname="com.dotcms.contenttype.test.ContentTypeAPIImplTest" time="0.04"/>
  <testcase name="testSaveContentTypeWithReservedVar_ShouldUseDifferentVar[36: wfassign]" classname="com.dotcms.contenttype.test.ContentTypeAPIImplTest" time="0.039"/>
  <testcase name="testSaveContentTypeWithReservedVar_ShouldUseDifferentVar[37: wfcreatedby]" classname="com.dotcms.contenttype.test.ContentTypeAPIImplTest" time="0.041"/>
  <testcase name="testSaveContentTypeWithReservedVar_ShouldUseDifferentVar[38: wfcurrentstepname]" classname="com.dotcms.contenttype.test.ContentTypeAPIImplTest" time="0.039"/>
  <testcase name="testSaveContentTypeWithReservedVar_ShouldUseDifferentVar[39: wfmoddate]" classname="com.dotcms.contenttype.test.ContentTypeAPIImplTest" time="0.038"/>
  <testcase name="testSaveContentTypeWithReservedVar_ShouldUseDifferentVar[40: wfscheme]" classname="com.dotcms.contenttype.test.ContentTypeAPIImplTest" time="0.037"/>
  <testcase name="testSaveContentTypeWithReservedVar_ShouldUseDifferentVar[41: wfstep]" classname="com.dotcms.contenttype.test.ContentTypeAPIImplTest" time="0.038"/>
  <testcase name="testSaveContentTypeWithReservedVar_ShouldUseDifferentVar[42: working]" classname="com.dotcms.contenttype.test.ContentTypeAPIImplTest" time="0.038"/>
  <testcase name="test_languageFallback_baseTypes_SimpleContentType_expected_false" classname="com.dotcms.contenttype.test.ContentTypeAPIImplTest" time="0.001"/>
  <testcase name="testFormContentTypeWithPublishExpireFields" classname="com.dotcms.contenttype.test.ContentTypeAPIImplTest" time="0.393"/>
  <testcase name="testSave_GivenTypeWithReservedVarMarkedAsSystem_ShouldSaveWithGivenVar[0: basetype]" classname="com.dotcms.contenttype.test.ContentTypeAPIImplTest" time="0.053"/>
  <testcase name="testSave_GivenTypeWithReservedVarMarkedAsSystem_ShouldSaveWithGivenVar[1: categories]" classname="com.dotcms.contenttype.test.ContentTypeAPIImplTest" time="0.05"/>
  <testcase name="testSave_GivenTypeWithReservedVarMarkedAsSystem_ShouldSaveWithGivenVar[2: conhost]" classname="com.dotcms.contenttype.test.ContentTypeAPIImplTest" time="0.051"/>
  <testcase name="testSave_GivenTypeWithReservedVarMarkedAsSystem_ShouldSaveWithGivenVar[3: conhostname]" classname="com.dotcms.contenttype.test.ContentTypeAPIImplTest" time="0.05"/>
  <testcase name="testSave_GivenTypeWithReservedVarMarkedAsSystem_ShouldSaveWithGivenVar[4: contenttype]" classname="com.dotcms.contenttype.test.ContentTypeAPIImplTest" time="0.046"/>
  <testcase name="testSave_GivenTypeWithReservedVarMarkedAsSystem_ShouldSaveWithGivenVar[5: deleted]" classname="com.dotcms.contenttype.test.ContentTypeAPIImplTest" time="0.052"/>
  <testcase name="testSave_GivenTypeWithReservedVarMarkedAsSystem_ShouldSaveWithGivenVar[6: expdate]" classname="com.dotcms.contenttype.test.ContentTypeAPIImplTest" time="0.044"/>
  <testcase name="testSave_GivenTypeWithReservedVarMarkedAsSystem_ShouldSaveWithGivenVar[7: identifier]" classname="com.dotcms.contenttype.test.ContentTypeAPIImplTest" time="0.047"/>
  <testcase name="testSave_GivenTypeWithReservedVarMarkedAsSystem_ShouldSaveWithGivenVar[8: inode]" classname="com.dotcms.contenttype.test.ContentTypeAPIImplTest" time="0.047"/>
  <testcase name="testSave_GivenTypeWithReservedVarMarkedAsSystem_ShouldSaveWithGivenVar[9: languageid]" classname="com.dotcms.contenttype.test.ContentTypeAPIImplTest" time="0.044"/>
  <testcase name="testSave_GivenTypeWithReservedVarMarkedAsSystem_ShouldSaveWithGivenVar[10: live]" classname="com.dotcms.contenttype.test.ContentTypeAPIImplTest" time="0.045"/>
  <testcase name="testSave_GivenTypeWithReservedVarMarkedAsSystem_ShouldSaveWithGivenVar[11: locked]" classname="com.dotcms.contenttype.test.ContentTypeAPIImplTest" time="0.045"/>
  <testcase name="testSave_GivenTypeWithReservedVarMarkedAsSystem_ShouldSaveWithGivenVar[12: metadata]" classname="com.dotcms.contenttype.test.ContentTypeAPIImplTest" time="0.044"/>
  <testcase name="testSave_GivenTypeWithReservedVarMarkedAsSystem_ShouldSaveWithGivenVar[13: moddate]" classname="com.dotcms.contenttype.test.ContentTypeAPIImplTest" time="0.045"/>
  <testcase name="testSave_GivenTypeWithReservedVarMarkedAsSystem_ShouldSaveWithGivenVar[14: moduser]" classname="com.dotcms.contenttype.test.ContentTypeAPIImplTest" time="0.047"/>
  <testcase name="testSave_GivenTypeWithReservedVarMarkedAsSystem_ShouldSaveWithGivenVar[15: originalstartdate]" classname="com.dotcms.contenttype.test.ContentTypeAPIImplTest" time="0.044"/>
  <testcase name="testSave_GivenTypeWithReservedVarMarkedAsSystem_ShouldSaveWithGivenVar[16: owner]" classname="com.dotcms.contenttype.test.ContentTypeAPIImplTest" time="0.046"/>
  <testcase name="testSave_GivenTypeWithReservedVarMarkedAsSystem_ShouldSaveWithGivenVar[17: ownercanpublish]" classname="com.dotcms.contenttype.test.ContentTypeAPIImplTest" time="0.047"/>
  <testcase name="testSave_GivenTypeWithReservedVarMarkedAsSystem_ShouldSaveWithGivenVar[18: ownercanread]" classname="com.dotcms.contenttype.test.ContentTypeAPIImplTest" time="0.045"/>
  <testcase name="testSave_GivenTypeWithReservedVarMarkedAsSystem_ShouldSaveWithGivenVar[19: ownercanwrite]" classname="com.dotcms.contenttype.test.ContentTypeAPIImplTest" time="0.044"/>
  <testcase name="testSave_GivenTypeWithReservedVarMarkedAsSystem_ShouldSaveWithGivenVar[20: parentpath]" classname="com.dotcms.contenttype.test.ContentTypeAPIImplTest" time="0.046"/>
  <testcase name="testSave_GivenTypeWithReservedVarMarkedAsSystem_ShouldSaveWithGivenVar[21: path]" classname="com.dotcms.contenttype.test.ContentTypeAPIImplTest" time="0.044"/>
  <testcase name="testSave_GivenTypeWithReservedVarMarkedAsSystem_ShouldSaveWithGivenVar[22: permissions]" classname="com.dotcms.contenttype.test.ContentTypeAPIImplTest" time="0.044"/>
  <testcase name="testSave_GivenTypeWithReservedVarMarkedAsSystem_ShouldSaveWithGivenVar[23: pubdate]" classname="com.dotcms.contenttype.test.ContentTypeAPIImplTest" time="0.049"/>
  <testcase name="testSave_GivenTypeWithReservedVarMarkedAsSystem_ShouldSaveWithGivenVar[24: recurrenceend]" classname="com.dotcms.contenttype.test.ContentTypeAPIImplTest" time="0.043"/>
  <testcase name="testSave_GivenTypeWithReservedVarMarkedAsSystem_ShouldSaveWithGivenVar[25: recurrencestart]" classname="com.dotcms.contenttype.test.ContentTypeAPIImplTest" time="0.047"/>
  <testcase name="testSave_GivenTypeWithReservedVarMarkedAsSystem_ShouldSaveWithGivenVar[26: shortid]" classname="com.dotcms.contenttype.test.ContentTypeAPIImplTest" time="0.05"/>
  <testcase name="testSave_GivenTypeWithReservedVarMarkedAsSystem_ShouldSaveWithGivenVar[27: shortinode]" classname="com.dotcms.contenttype.test.ContentTypeAPIImplTest" time="0.046"/>
  <testcase name="testSave_GivenTypeWithReservedVarMarkedAsSystem_ShouldSaveWithGivenVar[28: structurename]" classname="com.dotcms.contenttype.test.ContentTypeAPIImplTest" time="0.045"/>
  <testcase name="testSave_GivenTypeWithReservedVarMarkedAsSystem_ShouldSaveWithGivenVar[29: structuretype]" classname="com.dotcms.contenttype.test.ContentTypeAPIImplTest" time="0.049"/>
  <testcase name="testSave_GivenTypeWithReservedVarMarkedAsSystem_ShouldSaveWithGivenVar[30: tags]" classname="com.dotcms.contenttype.test.ContentTypeAPIImplTest" time="0.046"/>
  <testcase name="testSave_GivenTypeWithReservedVarMarkedAsSystem_ShouldSaveWithGivenVar[31: title]" classname="com.dotcms.contenttype.test.ContentTypeAPIImplTest" time="0.046"/>
  <testcase name="testSave_GivenTypeWithReservedVarMarkedAsSystem_ShouldSaveWithGivenVar[32: type]" classname="com.dotcms.contenttype.test.ContentTypeAPIImplTest" time="0.049"/>
  <testcase name="testSave_GivenTypeWithReservedVarMarkedAsSystem_ShouldSaveWithGivenVar[33: urlmap]" classname="com.dotcms.contenttype.test.ContentTypeAPIImplTest" time="0.051"/>
  <testcase name="testSave_GivenTypeWithReservedVarMarkedAsSystem_ShouldSaveWithGivenVar[34: versionts]" classname="com.dotcms.contenttype.test.ContentTypeAPIImplTest" time="0.048"/>
  <testcase name="testSave_GivenTypeWithReservedVarMarkedAsSystem_ShouldSaveWithGivenVar[35: wfassign]" classname="com.dotcms.contenttype.test.ContentTypeAPIImplTest" time="0.047"/>
  <testcase name="testSave_GivenTypeWithReservedVarMarkedAsSystem_ShouldSaveWithGivenVar[36: wfcreatedby]" classname="com.dotcms.contenttype.test.ContentTypeAPIImplTest" time="0.05"/>
  <testcase name="testSave_GivenTypeWithReservedVarMarkedAsSystem_ShouldSaveWithGivenVar[37: wfcurrentstepname]" classname="com.dotcms.contenttype.test.ContentTypeAPIImplTest" time="0.049"/>
  <testcase name="testSave_GivenTypeWithReservedVarMarkedAsSystem_ShouldSaveWithGivenVar[38: wfmoddate]" classname="com.dotcms.contenttype.test.ContentTypeAPIImplTest" time="0.057"/>
  <testcase name="testSave_GivenTypeWithReservedVarMarkedAsSystem_ShouldSaveWithGivenVar[39: wfscheme]" classname="com.dotcms.contenttype.test.ContentTypeAPIImplTest" time="0.051"/>
  <testcase name="testSave_GivenTypeWithReservedVarMarkedAsSystem_ShouldSaveWithGivenVar[40: wfstep]" classname="com.dotcms.contenttype.test.ContentTypeAPIImplTest" time="0.049"/>
  <testcase name="testSave_GivenTypeWithReservedVarMarkedAsSystem_ShouldSaveWithGivenVar[41: working]" classname="com.dotcms.contenttype.test.ContentTypeAPIImplTest" time="0.046"/>
  <testcase name="testDeleteContentTypeParent_deleteRelationshipFieldOnChild_deleteRelationship_bothWays" classname="com.dotcms.contenttype.test.ContentTypeAPIImplTest" time="0.552"/>
  <testcase name="testSaveContentTypeWithSameName_ShouldIncreaseNumberInsteadConcat" classname="com.dotcms.contenttype.test.ContentTypeAPIImplTest" time="0.116"/>
  <testcase name="test_findAllRespectingLicense_whenLicense_IncludeEETypes" classname="com.dotcms.contenttype.test.ContentTypeAPIImplTest" time="0.017"/>
  <testcase name="testSave_InvalidVariable_ShouldThrowException[0: (123, true)]" classname="com.dotcms.contenttype.test.ContentTypeAPIImplTest" time="0.002"/>
  <testcase name="testSave_InvalidVariable_ShouldThrowException[1: (123aaa, true)]" classname="com.dotcms.contenttype.test.ContentTypeAPIImplTest" time="0.001"/>
  <testcase name="testSave_InvalidVariable_ShouldThrowException[2: (55_, true)]" classname="com.dotcms.contenttype.test.ContentTypeAPIImplTest" time="0.001"/>
  <testcase name="testSave_InvalidVariable_ShouldThrowException[3: (_123, false)]" classname="com.dotcms.contenttype.test.ContentTypeAPIImplTest" time="0.041"/>
  <testcase name="testSave_InvalidVariable_ShouldThrowException[4: (_123a, false)]" classname="com.dotcms.contenttype.test.ContentTypeAPIImplTest" time="0.044"/>
  <testcase name="testSave_InvalidVariable_ShouldThrowException[5: (asd123asd, false)]" classname="com.dotcms.contenttype.test.ContentTypeAPIImplTest" time="0.04"/>
  <testcase name="testSave_InvalidVariable_ShouldThrowException[6: (Asfsdf, false)]" classname="com.dotcms.contenttype.test.ContentTypeAPIImplTest" time="0.041"/>
  <testcase name="testSave_InvalidVariable_ShouldThrowException[7: (aa123, false)]" classname="com.dotcms.contenttype.test.ContentTypeAPIImplTest" time="0.04"/>
  <testcase name="testSave_GivenConsecutiveSavesNameWithSpecialChar_ShouldSaveTheTwoTimes" classname="com.dotcms.contenttype.test.ContentTypeAPIImplTest" time="0.09"/>
  <testcase name="testSave_GivenExistingTypeWithReservedVar_ShouldUpdateAndKeepOriginalVar[0: basetype]" classname="com.dotcms.contenttype.test.ContentTypeAPIImplTest" time="0.045"/>
  <testcase name="testSave_GivenExistingTypeWithReservedVar_ShouldUpdateAndKeepOriginalVar[1: categories]" classname="com.dotcms.contenttype.test.ContentTypeAPIImplTest" time="0.05"/>
  <testcase name="testSave_GivenExistingTypeWithReservedVar_ShouldUpdateAndKeepOriginalVar[2: conhost]" classname="com.dotcms.contenttype.test.ContentTypeAPIImplTest" time="0.046"/>
  <testcase name="testSave_GivenExistingTypeWithReservedVar_ShouldUpdateAndKeepOriginalVar[3: conhostname]" classname="com.dotcms.contenttype.test.ContentTypeAPIImplTest" time="0.051"/>
  <testcase name="testSave_GivenExistingTypeWithReservedVar_ShouldUpdateAndKeepOriginalVar[4: contenttype]" classname="com.dotcms.contenttype.test.ContentTypeAPIImplTest" time="0.047"/>
  <testcase name="testSave_GivenExistingTypeWithReservedVar_ShouldUpdateAndKeepOriginalVar[5: deleted]" classname="com.dotcms.contenttype.test.ContentTypeAPIImplTest" time="0.049"/>
  <testcase name="testSave_GivenExistingTypeWithReservedVar_ShouldUpdateAndKeepOriginalVar[6: expdate]" classname="com.dotcms.contenttype.test.ContentTypeAPIImplTest" time="0.048"/>
  <testcase name="testSave_GivenExistingTypeWithReservedVar_ShouldUpdateAndKeepOriginalVar[7: identifier]" classname="com.dotcms.contenttype.test.ContentTypeAPIImplTest" time="0.049"/>
  <testcase name="testSave_GivenExistingTypeWithReservedVar_ShouldUpdateAndKeepOriginalVar[8: inode]" classname="com.dotcms.contenttype.test.ContentTypeAPIImplTest" time="0.046"/>
  <testcase name="testSave_GivenExistingTypeWithReservedVar_ShouldUpdateAndKeepOriginalVar[9: languageid]" classname="com.dotcms.contenttype.test.ContentTypeAPIImplTest" time="0.044"/>
  <testcase name="testSave_GivenExistingTypeWithReservedVar_ShouldUpdateAndKeepOriginalVar[10: live]" classname="com.dotcms.contenttype.test.ContentTypeAPIImplTest" time="0.044"/>
  <testcase name="testSave_GivenExistingTypeWithReservedVar_ShouldUpdateAndKeepOriginalVar[11: locked]" classname="com.dotcms.contenttype.test.ContentTypeAPIImplTest" time="0.05"/>
  <testcase name="testSave_GivenExistingTypeWithReservedVar_ShouldUpdateAndKeepOriginalVar[12: metadata]" classname="com.dotcms.contenttype.test.ContentTypeAPIImplTest" time="0.049"/>
  <testcase name="testSave_GivenExistingTypeWithReservedVar_ShouldUpdateAndKeepOriginalVar[13: moddate]" classname="com.dotcms.contenttype.test.ContentTypeAPIImplTest" time="0.045"/>
  <testcase name="testSave_GivenExistingTypeWithReservedVar_ShouldUpdateAndKeepOriginalVar[14: moduser]" classname="com.dotcms.contenttype.test.ContentTypeAPIImplTest" time="0.046"/>
  <testcase name="testSave_GivenExistingTypeWithReservedVar_ShouldUpdateAndKeepOriginalVar[15: originalstartdate]" classname="com.dotcms.contenttype.test.ContentTypeAPIImplTest" time="0.047"/>
  <testcase name="testSave_GivenExistingTypeWithReservedVar_ShouldUpdateAndKeepOriginalVar[16: owner]" classname="com.dotcms.contenttype.test.ContentTypeAPIImplTest" time="0.047"/>
  <testcase name="testSave_GivenExistingTypeWithReservedVar_ShouldUpdateAndKeepOriginalVar[17: ownercanpublish]" classname="com.dotcms.contenttype.test.ContentTypeAPIImplTest" time="0.047"/>
  <testcase name="testSave_GivenExistingTypeWithReservedVar_ShouldUpdateAndKeepOriginalVar[18: ownercanread]" classname="com.dotcms.contenttype.test.ContentTypeAPIImplTest" time="0.045"/>
  <testcase name="testSave_GivenExistingTypeWithReservedVar_ShouldUpdateAndKeepOriginalVar[19: ownercanwrite]" classname="com.dotcms.contenttype.test.ContentTypeAPIImplTest" time="0.047"/>
  <testcase name="testSave_GivenExistingTypeWithReservedVar_ShouldUpdateAndKeepOriginalVar[20: parentpath]" classname="com.dotcms.contenttype.test.ContentTypeAPIImplTest" time="0.049"/>
  <testcase name="testSave_GivenExistingTypeWithReservedVar_ShouldUpdateAndKeepOriginalVar[21: path]" classname="com.dotcms.contenttype.test.ContentTypeAPIImplTest" time="0.047"/>
  <testcase name="testSave_GivenExistingTypeWithReservedVar_ShouldUpdateAndKeepOriginalVar[22: permissions]" classname="com.dotcms.contenttype.test.ContentTypeAPIImplTest" time="0.046"/>
  <testcase name="testSave_GivenExistingTypeWithReservedVar_ShouldUpdateAndKeepOriginalVar[23: pubdate]" classname="com.dotcms.contenttype.test.ContentTypeAPIImplTest" time="0.046"/>
  <testcase name="testSave_GivenExistingTypeWithReservedVar_ShouldUpdateAndKeepOriginalVar[24: recurrenceend]" classname="com.dotcms.contenttype.test.ContentTypeAPIImplTest" time="0.043"/>
  <testcase name="testSave_GivenExistingTypeWithReservedVar_ShouldUpdateAndKeepOriginalVar[25: recurrencestart]" classname="com.dotcms.contenttype.test.ContentTypeAPIImplTest" time="0.047"/>
  <testcase name="testSave_GivenExistingTypeWithReservedVar_ShouldUpdateAndKeepOriginalVar[26: shortid]" classname="com.dotcms.contenttype.test.ContentTypeAPIImplTest" time="0.043"/>
  <testcase name="testSave_GivenExistingTypeWithReservedVar_ShouldUpdateAndKeepOriginalVar[27: shortinode]" classname="com.dotcms.contenttype.test.ContentTypeAPIImplTest" time="0.045"/>
  <testcase name="testSave_GivenExistingTypeWithReservedVar_ShouldUpdateAndKeepOriginalVar[28: structurename]" classname="com.dotcms.contenttype.test.ContentTypeAPIImplTest" time="0.047"/>
  <testcase name="testSave_GivenExistingTypeWithReservedVar_ShouldUpdateAndKeepOriginalVar[29: structuretype]" classname="com.dotcms.contenttype.test.ContentTypeAPIImplTest" time="0.048"/>
  <testcase name="testSave_GivenExistingTypeWithReservedVar_ShouldUpdateAndKeepOriginalVar[30: tags]" classname="com.dotcms.contenttype.test.ContentTypeAPIImplTest" time="0.046"/>
  <testcase name="testSave_GivenExistingTypeWithReservedVar_ShouldUpdateAndKeepOriginalVar[31: title]" classname="com.dotcms.contenttype.test.ContentTypeAPIImplTest" time="0.047"/>
  <testcase name="testSave_GivenExistingTypeWithReservedVar_ShouldUpdateAndKeepOriginalVar[32: type]" classname="com.dotcms.contenttype.test.ContentTypeAPIImplTest" time="0.049"/>
  <testcase name="testSave_GivenExistingTypeWithReservedVar_ShouldUpdateAndKeepOriginalVar[33: urlmap]" classname="com.dotcms.contenttype.test.ContentTypeAPIImplTest" time="0.047"/>
  <testcase name="testSave_GivenExistingTypeWithReservedVar_ShouldUpdateAndKeepOriginalVar[34: versionts]" classname="com.dotcms.contenttype.test.ContentTypeAPIImplTest" time="0.043"/>
  <testcase name="testSave_GivenExistingTypeWithReservedVar_ShouldUpdateAndKeepOriginalVar[35: wfassign]" classname="com.dotcms.contenttype.test.ContentTypeAPIImplTest" time="0.043"/>
  <testcase name="testSave_GivenExistingTypeWithReservedVar_ShouldUpdateAndKeepOriginalVar[36: wfcreatedby]" classname="com.dotcms.contenttype.test.ContentTypeAPIImplTest" time="0.044"/>
  <testcase name="testSave_GivenExistingTypeWithReservedVar_ShouldUpdateAndKeepOriginalVar[37: wfcurrentstepname]" classname="com.dotcms.contenttype.test.ContentTypeAPIImplTest" time="0.044"/>
  <testcase name="testSave_GivenExistingTypeWithReservedVar_ShouldUpdateAndKeepOriginalVar[38: wfmoddate]" classname="com.dotcms.contenttype.test.ContentTypeAPIImplTest" time="0.044"/>
  <testcase name="testSave_GivenExistingTypeWithReservedVar_ShouldUpdateAndKeepOriginalVar[39: wfscheme]" classname="com.dotcms.contenttype.test.ContentTypeAPIImplTest" time="0.045"/>
  <testcase name="testSave_GivenExistingTypeWithReservedVar_ShouldUpdateAndKeepOriginalVar[40: wfstep]" classname="com.dotcms.contenttype.test.ContentTypeAPIImplTest" time="0.044"/>
  <testcase name="testSave_GivenExistingTypeWithReservedVar_ShouldUpdateAndKeepOriginalVar[41: working]" classname="com.dotcms.contenttype.test.ContentTypeAPIImplTest" time="0.045"/>
  <testcase name="testUpdatingContentTypes" classname="com.dotcms.contenttype.test.ContentTypeAPIImplTest" time="0.002"/>
  <testcase name="testFieldsMethod" classname="com.dotcms.contenttype.test.ContentTypeAPIImplTest" time="0.0"/>
  <testcase name="testDeleteContentType_GivenLimitedUserWithNoPermissionsUnderContentAndEnoughPermissionsToDeleteType_ShouldDeleteTypeRegardless" classname="com.dotcms.contenttype.test.ContentTypeAPIImplTest" time="1.197"/>
  <testcase name="testDotAssetType" classname="com.dotcms.contenttype.test.ContentTypeAPIImplTest" time="0.576"/>
  <testcase name="test_get_fields_filtered_by_class" classname="com.dotcms.contenttype.test.ContentTypeAPIImplTest" time="0.351"/>
  <testcase name="testSave_GivenFixedTrueAndHostDifferentThanSYSTEMHOST_HostShouldBeSYSTEMHOST" classname="com.dotcms.contenttype.test.ContentTypeAPIImplTest" time="1.018"/>
  <testcase name="test_findAllRespectingLicense_whenCommunity_ExcludeEETypes" classname="com.dotcms.contenttype.test.ContentTypeAPIImplTest" time="0.023"/>
  <testcase name="Test_Fields_without_contenttype_on_saving" classname="com.dotcms.contenttype.test.ContentTypeAPIImplTest" time="0.616"/>
  <testcase name="test_languageFallback_baseTypes_VanityUrlContentType_expected_false" classname="com.dotcms.contenttype.test.ContentTypeAPIImplTest" time="0.001"/>
  <testcase name="test_languageFallback_baseTypes_PersonaContentType_expected_false" classname="com.dotcms.contenttype.test.ContentTypeAPIImplTest" time="0.001"/>
  <testcase name="testSave_GivenTypeWithReservedVarAndNotSystem_ShouldThrowException[0: basetype]" classname="com.dotcms.contenttype.test.ContentTypeAPIImplTest" time="0.003"/>
  <testcase name="testSave_GivenTypeWithReservedVarAndNotSystem_ShouldThrowException[1: categories]" classname="com.dotcms.contenttype.test.ContentTypeAPIImplTest" time="0.003"/>
  <testcase name="testSave_GivenTypeWithReservedVarAndNotSystem_ShouldThrowException[2: conhost]" classname="com.dotcms.contenttype.test.ContentTypeAPIImplTest" time="0.004"/>
  <testcase name="testSave_GivenTypeWithReservedVarAndNotSystem_ShouldThrowException[3: conhostname]" classname="com.dotcms.contenttype.test.ContentTypeAPIImplTest" time="0.003"/>
  <testcase name="testSave_GivenTypeWithReservedVarAndNotSystem_ShouldThrowException[4: contenttype]" classname="com.dotcms.contenttype.test.ContentTypeAPIImplTest" time="0.003"/>
  <testcase name="testSave_GivenTypeWithReservedVarAndNotSystem_ShouldThrowException[5: deleted]" classname="com.dotcms.contenttype.test.ContentTypeAPIImplTest" time="0.004"/>
  <testcase name="testSave_GivenTypeWithReservedVarAndNotSystem_ShouldThrowException[6: expdate]" classname="com.dotcms.contenttype.test.ContentTypeAPIImplTest" time="0.003"/>
  <testcase name="testSave_GivenTypeWithReservedVarAndNotSystem_ShouldThrowException[7: host]" classname="com.dotcms.contenttype.test.ContentTypeAPIImplTest" time="0.003"/>
  <testcase name="testSave_GivenTypeWithReservedVarAndNotSystem_ShouldThrowException[8: identifier]" classname="com.dotcms.contenttype.test.ContentTypeAPIImplTest" time="0.003"/>
  <testcase name="testSave_GivenTypeWithReservedVarAndNotSystem_ShouldThrowException[9: inode]" classname="com.dotcms.contenttype.test.ContentTypeAPIImplTest" time="0.003"/>
  <testcase name="testSave_GivenTypeWithReservedVarAndNotSystem_ShouldThrowException[10: languageid]" classname="com.dotcms.contenttype.test.ContentTypeAPIImplTest" time="0.003"/>
  <testcase name="testSave_GivenTypeWithReservedVarAndNotSystem_ShouldThrowException[11: live]" classname="com.dotcms.contenttype.test.ContentTypeAPIImplTest" time="0.003"/>
  <testcase name="testSave_GivenTypeWithReservedVarAndNotSystem_ShouldThrowException[12: locked]" classname="com.dotcms.contenttype.test.ContentTypeAPIImplTest" time="0.005"/>
  <testcase name="testSave_GivenTypeWithReservedVarAndNotSystem_ShouldThrowException[13: metadata]" classname="com.dotcms.contenttype.test.ContentTypeAPIImplTest" time="0.003"/>
  <testcase name="testSave_GivenTypeWithReservedVarAndNotSystem_ShouldThrowException[14: moddate]" classname="com.dotcms.contenttype.test.ContentTypeAPIImplTest" time="0.003"/>
  <testcase name="testSave_GivenTypeWithReservedVarAndNotSystem_ShouldThrowException[15: moduser]" classname="com.dotcms.contenttype.test.ContentTypeAPIImplTest" time="0.004"/>
  <testcase name="testSave_GivenTypeWithReservedVarAndNotSystem_ShouldThrowException[16: originalstartdate]" classname="com.dotcms.contenttype.test.ContentTypeAPIImplTest" time="0.003"/>
  <testcase name="testSave_GivenTypeWithReservedVarAndNotSystem_ShouldThrowException[17: owner]" classname="com.dotcms.contenttype.test.ContentTypeAPIImplTest" time="0.003"/>
  <testcase name="testSave_GivenTypeWithReservedVarAndNotSystem_ShouldThrowException[18: ownercanpublish]" classname="com.dotcms.contenttype.test.ContentTypeAPIImplTest" time="0.008"/>
  <testcase name="testSave_GivenTypeWithReservedVarAndNotSystem_ShouldThrowException[19: ownercanread]" classname="com.dotcms.contenttype.test.ContentTypeAPIImplTest" time="0.003"/>
  <testcase name="testSave_GivenTypeWithReservedVarAndNotSystem_ShouldThrowException[20: ownercanwrite]" classname="com.dotcms.contenttype.test.ContentTypeAPIImplTest" time="0.003"/>
  <testcase name="testSave_GivenTypeWithReservedVarAndNotSystem_ShouldThrowException[21: parentpath]" classname="com.dotcms.contenttype.test.ContentTypeAPIImplTest" time="0.003"/>
  <testcase name="testSave_GivenTypeWithReservedVarAndNotSystem_ShouldThrowException[22: path]" classname="com.dotcms.contenttype.test.ContentTypeAPIImplTest" time="0.003"/>
  <testcase name="testSave_GivenTypeWithReservedVarAndNotSystem_ShouldThrowException[23: permissions]" classname="com.dotcms.contenttype.test.ContentTypeAPIImplTest" time="0.004"/>
  <testcase name="testSave_GivenTypeWithReservedVarAndNotSystem_ShouldThrowException[24: pubdate]" classname="com.dotcms.contenttype.test.ContentTypeAPIImplTest" time="0.003"/>
  <testcase name="testSave_GivenTypeWithReservedVarAndNotSystem_ShouldThrowException[25: recurrenceend]" classname="com.dotcms.contenttype.test.ContentTypeAPIImplTest" time="0.003"/>
  <testcase name="testSave_GivenTypeWithReservedVarAndNotSystem_ShouldThrowException[26: recurrencestart]" classname="com.dotcms.contenttype.test.ContentTypeAPIImplTest" time="0.003"/>
  <testcase name="testSave_GivenTypeWithReservedVarAndNotSystem_ShouldThrowException[27: shortid]" classname="com.dotcms.contenttype.test.ContentTypeAPIImplTest" time="0.003"/>
  <testcase name="testSave_GivenTypeWithReservedVarAndNotSystem_ShouldThrowException[28: shortinode]" classname="com.dotcms.contenttype.test.ContentTypeAPIImplTest" time="0.003"/>
  <testcase name="testSave_GivenTypeWithReservedVarAndNotSystem_ShouldThrowException[29: structurename]" classname="com.dotcms.contenttype.test.ContentTypeAPIImplTest" time="0.003"/>
  <testcase name="testSave_GivenTypeWithReservedVarAndNotSystem_ShouldThrowException[30: structuretype]" classname="com.dotcms.contenttype.test.ContentTypeAPIImplTest" time="0.003"/>
  <testcase name="testSave_GivenTypeWithReservedVarAndNotSystem_ShouldThrowException[31: tags]" classname="com.dotcms.contenttype.test.ContentTypeAPIImplTest" time="0.003"/>
  <testcase name="testSave_GivenTypeWithReservedVarAndNotSystem_ShouldThrowException[32: title]" classname="com.dotcms.contenttype.test.ContentTypeAPIImplTest" time="0.003"/>
  <testcase name="testSave_GivenTypeWithReservedVarAndNotSystem_ShouldThrowException[33: type]" classname="com.dotcms.contenttype.test.ContentTypeAPIImplTest" time="0.003"/>
  <testcase name="testSave_GivenTypeWithReservedVarAndNotSystem_ShouldThrowException[34: urlmap]" classname="com.dotcms.contenttype.test.ContentTypeAPIImplTest" time="0.003"/>
  <testcase name="testSave_GivenTypeWithReservedVarAndNotSystem_ShouldThrowException[35: versionts]" classname="com.dotcms.contenttype.test.ContentTypeAPIImplTest" time="0.002"/>
  <testcase name="testSave_GivenTypeWithReservedVarAndNotSystem_ShouldThrowException[36: wfassign]" classname="com.dotcms.contenttype.test.ContentTypeAPIImplTest" time="0.003"/>
  <testcase name="testSave_GivenTypeWithReservedVarAndNotSystem_ShouldThrowException[37: wfcreatedby]" classname="com.dotcms.contenttype.test.ContentTypeAPIImplTest" time="0.003"/>
  <testcase name="testSave_GivenTypeWithReservedVarAndNotSystem_ShouldThrowException[38: wfcurrentstepname]" classname="com.dotcms.contenttype.test.ContentTypeAPIImplTest" time="0.003"/>
  <testcase name="testSave_GivenTypeWithReservedVarAndNotSystem_ShouldThrowException[39: wfmoddate]" classname="com.dotcms.contenttype.test.ContentTypeAPIImplTest" time="0.004"/>
  <testcase name="testSave_GivenTypeWithReservedVarAndNotSystem_ShouldThrowException[40: wfscheme]" classname="com.dotcms.contenttype.test.ContentTypeAPIImplTest" time="0.012"/>
  <testcase name="testSave_GivenTypeWithReservedVarAndNotSystem_ShouldThrowException[41: wfstep]" classname="com.dotcms.contenttype.test.ContentTypeAPIImplTest" time="0.004"/>
  <testcase name="testSave_GivenTypeWithReservedVarAndNotSystem_ShouldThrowException[42: working]" classname="com.dotcms.contenttype.test.ContentTypeAPIImplTest" time="0.003"/>
  <testcase name="testSearch" classname="com.dotcms.contenttype.test.ContentTypeAPIImplTest" time="11.686"/>
  <testcase name="findUrlMappedByPageIdWithNull" classname="com.dotcms.contenttype.test.ContentTypeAPIImplTest" time="0.0"/>
  <testcase name="test_get_fields_by_type" classname="com.dotcms.contenttype.test.ContentTypeAPIImplTest" time="0.051"/>
  <testcase name="test_copy_content_type_expected_copy_success" classname="com.dotcms.contenttype.test.ContentTypeAPIImplTest" time="1.197"/>
  <testcase name="test_languageFallback_baseTypes_WidgetContentType_expected_true" classname="com.dotcms.contenttype.test.ContentTypeAPIImplTest" time="0.001"/>
  <testcase name="testSaveLimitedUserPermissions[0: com.dotcms.contenttype.test.ContentTypeAPIImplTest$TestCaseUpdateContentTypePermissions@478e36c9]" classname="com.dotcms.contenttype.test.ContentTypeAPIImplTest" time="1.045"/>
  <testcase name="testSaveLimitedUserPermissions[1: com.dotcms.contenttype.test.ContentTypeAPIImplTest$TestCaseUpdateContentTypePermissions@25574eda]" classname="com.dotcms.contenttype.test.ContentTypeAPIImplTest" time="1.038"/>
  <testcase name="testSaveLimitedUserPermissions[2: com.dotcms.contenttype.test.ContentTypeAPIImplTest$TestCaseUpdateContentTypePermissions@40c01d52]" classname="com.dotcms.contenttype.test.ContentTypeAPIImplTest" time="1.048"/>
  <testcase name="testSaveLimitedUserPermissions[3: com.dotcms.contenttype.test.ContentTypeAPIImplTest$TestCaseUpdateContentTypePermissions@71f03176]" classname="com.dotcms.contenttype.test.ContentTypeAPIImplTest" time="1.037"/>
  <testcase name="test_languageFallback_baseTypes_PageContentType_expected_false" classname="com.dotcms.contenttype.test.ContentTypeAPIImplTest" time="0.002"/>
  <testcase name="test_saveContentTypeWithSameVariableOfExistingTypeButDifferentCase_ShouldThrowException" classname="com.dotcms.contenttype.test.ContentTypeAPIImplTest" time="0.046"/>
  <system-out><![CDATA[]]></system-out>
  <system-err><![CDATA[]]></system-err>
</testsuite>
