<?xml version="1.0" encoding="UTF-8"?>
<testsuite name="com.dotcms.experiments.business.ExperimentAPIImpIntegrationTest" tests="43" skipped="0" failures="0" errors="0" timestamp="2023-06-30T18:03:18" hostname="fv-az612-580" time="74.701">
  <properties/>
  <testcase name="pageReachDirectRefererMultiDays" classname="com.dotcms.experiments.business.ExperimentAPIImpIntegrationTest" time="1.906"/>
  <testcase name="test_calcBayesian_BOverA_BounceRate" classname="com.dotcms.experiments.business.ExperimentAPIImpIntegrationTest" time="1.407"/>
  <testcase name="pageReachAfterExperimentPageButNotDirectReferer" classname="com.dotcms.experiments.business.ExperimentAPIImpIntegrationTest" time="1.945"/>
  <testcase name="noBounceRateWithIndex[0: /index]" classname="com.dotcms.experiments.business.ExperimentAPIImpIntegrationTest" time="0.947"/>
  <testcase name="noBounceRateWithIndex[1: /INDEX]" classname="com.dotcms.experiments.business.ExperimentAPIImpIntegrationTest" time="2.297"/>
  <testcase name="noBounceRateWithIndex[2: /IndEX]" classname="com.dotcms.experiments.business.ExperimentAPIImpIntegrationTest" time="1.042"/>
  <testcase name="noBounceRateWithIndex[3: &lt;empty string&gt;]" classname="com.dotcms.experiments.business.ExperimentAPIImpIntegrationTest" time="0.699"/>
  <testcase name="noBounceRateWithIndex[4: /]" classname="com.dotcms.experiments.business.ExperimentAPIImpIntegrationTest" time="1.307"/>
  <testcase name="noBounceRateWithIndex[5: /?variantName=dotexperiment-fcaef4575a-variant-1&amp;redirect=true]" classname="com.dotcms.experiments.business.ExperimentAPIImpIntegrationTest" time="0.918"/>
  <testcase name="multiDaysEvent" classname="com.dotcms.experiments.business.ExperimentAPIImpIntegrationTest" time="1.064"/>
  <testcase name="pageReachNotDirectReferer" classname="com.dotcms.experiments.business.ExperimentAPIImpIntegrationTest" time="2.192"/>
  <testcase name="resultWithPagination" classname="com.dotcms.experiments.business.ExperimentAPIImpIntegrationTest" time="2.321"/>
  <testcase name="test_calcBayesian_ABC" classname="com.dotcms.experiments.business.ExperimentAPIImpIntegrationTest" time="1.609"/>
  <testcase name="bounceRate" classname="com.dotcms.experiments.business.ExperimentAPIImpIntegrationTest" time="0.871"/>
  <testcase name="tryToGetResultFromExperimentNotSaved" classname="com.dotcms.experiments.business.ExperimentAPIImpIntegrationTest" time="1.61"/>
  <testcase name="testSaveExperiment_shouldNotValidateSchedule" classname="com.dotcms.experiments.business.ExperimentAPIImpIntegrationTest" time="2.274"/>
  <testcase name="testADeleteOriginalVariant_shouldFail" classname="com.dotcms.experiments.business.ExperimentAPIImpIntegrationTest" time="1.594"/>
  <testcase name="testAddMoreThanOneOriginalVariant_shouldFail" classname="com.dotcms.experiments.business.ExperimentAPIImpIntegrationTest" time="2.01"/>
  <testcase name="pageNotReachButExperimentPageWasView" classname="com.dotcms.experiments.business.ExperimentAPIImpIntegrationTest" time="1.774"/>
  <testcase name="addUrlConditionToReachPageGoal" classname="com.dotcms.experiments.business.ExperimentAPIImpIntegrationTest" time="1.584"/>
  <testcase name="resultWithPaginationWhenTheLastPageIsNotComplte" classname="com.dotcms.experiments.business.ExperimentAPIImpIntegrationTest" time="2.703"/>
  <testcase name="pageReachDirectReferer" classname="com.dotcms.experiments.business.ExperimentAPIImpIntegrationTest" time="1.757"/>
  <testcase name="notBounceRateSession" classname="com.dotcms.experiments.business.ExperimentAPIImpIntegrationTest" time="1.867"/>
  <testcase name="test_calcBayesian_AOverB_ended" classname="com.dotcms.experiments.business.ExperimentAPIImpIntegrationTest" time="2.01"/>
  <testcase name="testStartExperiment_shouldPublishContent" classname="com.dotcms.experiments.business.ExperimentAPIImpIntegrationTest" time="3.006"/>
  <testcase name="resultWithUrlMap" classname="com.dotcms.experiments.business.ExperimentAPIImpIntegrationTest" time="1.75"/>
  <testcase name="getEvents" classname="com.dotcms.experiments.business.ExperimentAPIImpIntegrationTest" time="2.334"/>
  <testcase name="tryToGetResultFromExperimentNotStarted" classname="com.dotcms.experiments.business.ExperimentAPIImpIntegrationTest" time="1.64"/>
  <testcase name="getSplitTrafficInsideExperimentResults" classname="com.dotcms.experiments.business.ExperimentAPIImpIntegrationTest" time="1.335"/>
  <testcase name="addUrlConditionToBounceRateCondition" classname="com.dotcms.experiments.business.ExperimentAPIImpIntegrationTest" time="1.742"/>
  <testcase name="pageReachButExperimentPageWasNotView" classname="com.dotcms.experiments.business.ExperimentAPIImpIntegrationTest" time="1.648"/>
  <testcase name="renderUrlMapPageWithExperiment" classname="com.dotcms.experiments.business.ExperimentAPIImpIntegrationTest" time="2.622"/>
  <testcase name="test_calcBayesian_AOverB" classname="com.dotcms.experiments.business.ExperimentAPIImpIntegrationTest" time="2.188"/>
  <testcase name="test_calcBayesian_BOverA" classname="com.dotcms.experiments.business.ExperimentAPIImpIntegrationTest" time="1.105"/>
  <testcase name="test_getResults_missingAnalyticsApp" classname="com.dotcms.experiments.business.ExperimentAPIImpIntegrationTest" time="1.642"/>
  <testcase name="notBounceRate" classname="com.dotcms.experiments.business.ExperimentAPIImpIntegrationTest" time="2.392"/>
  <testcase name="bounceRateWithIndex[0: /index]" classname="com.dotcms.experiments.business.ExperimentAPIImpIntegrationTest" time="0.961"/>
  <testcase name="bounceRateWithIndex[1: /INDEX]" classname="com.dotcms.experiments.business.ExperimentAPIImpIntegrationTest" time="0.888"/>
  <testcase name="bounceRateWithIndex[2: /IndEX]" classname="com.dotcms.experiments.business.ExperimentAPIImpIntegrationTest" time="1.108"/>
  <testcase name="bounceRateWithIndex[3: &lt;empty string&gt;]" classname="com.dotcms.experiments.business.ExperimentAPIImpIntegrationTest" time="0.991"/>
  <testcase name="bounceRateWithIndex[4: /]" classname="com.dotcms.experiments.business.ExperimentAPIImpIntegrationTest" time="0.964"/>
  <testcase name="bounceRateWithIndex[5: /?variantName=dotexperiment-fcaef4575a-variant-1&amp;redirect=true]" classname="com.dotcms.experiments.business.ExperimentAPIImpIntegrationTest" time="1.12"/>
  <testcase name="getRunningExperiment" classname="com.dotcms.experiments.business.ExperimentAPIImpIntegrationTest" time="5.526"/>
  <system-out><![CDATA[]]></system-out>
  <system-err><![CDATA[]]></system-err>
</testsuite>
