<?xml version="1.0" encoding="UTF-8"?>
<testsuite name="com.dotcms.rest.api.v1.system.ConfigurationHelperTest" tests="3" skipped="0" failures="0" errors="0" timestamp="2023-07-07T22:38:43" hostname="fv-az563-341" time="0.003">
  <properties/>
  <testcase name="Test_Parse_Well_Formed_Mail" classname="com.dotcms.rest.api.v1.system.ConfigurationHelperTest" time="0.001"/>
  <testcase name="Test_Parse_Bad_eMail_Mail" classname="com.dotcms.rest.api.v1.system.ConfigurationHelperTest" time="0.001"/>
  <testcase name="Test_Parse_Well_Formed_Mail_And_Sender" classname="com.dotcms.rest.api.v1.system.ConfigurationHelperTest" time="0.001"/>
  <system-out><![CDATA[]]></system-out>
  <system-err><![CDATA[]]></system-err>
</testsuite>
