<?xml version="1.0" encoding="UTF-8"?>
<testsuite name="com.dotmarketing.business.DeterministicIdentifierAPITest" tests="16" skipped="0" failures="0" errors="0" timestamp="2023-06-27T20:36:53" hostname="fv-az412-684" time="0.894">
  <properties/>
  <testcase name="Test_Category_Path_Seed_And_Id" classname="com.dotmarketing.business.DeterministicIdentifierAPITest" time="0.027"/>
  <testcase name="Test_Language_Deterministic_Id[0: LanguageTestCase{expectedSeed='Language:es:US', expectedHash=4913155, langCode='es', countryCode='US', country='United States'}]" classname="com.dotmarketing.business.DeterministicIdentifierAPITest" time="0.002"/>
  <testcase name="Test_Language_Deterministic_Id[1: LanguageTestCase{expectedSeed='Language:ep:', expectedHash=5292269, langCode='ep', countryCode='', country=''}]" classname="com.dotmarketing.business.DeterministicIdentifierAPITest" time="0.001"/>
  <testcase name="Test_Language_Deterministic_Id[2: LanguageTestCase{expectedSeed='Language:sg:SAG', expectedHash=4713118, langCode='sg', countryCode='SAG', country=''}]" classname="com.dotmarketing.business.DeterministicIdentifierAPITest" time="0.001"/>
  <testcase name="Test_Language_Deterministic_Id[3: LanguageTestCase{expectedSeed='Language:en:NZ', expectedHash=5382528, langCode='en', countryCode='NZ', country='New Zealand'}]" classname="com.dotmarketing.business.DeterministicIdentifierAPITest" time="0.001"/>
  <testcase name="Test_Category_None_Persisted_Category_Should_Return_Deterministic_Id" classname="com.dotmarketing.business.DeterministicIdentifierAPITest" time="0.001"/>
  <testcase name="Test_Asset_Generate_Deterministic_Id_Best_Effort[0: TestCase{versionable=my.host1687897799333.com, parent=System Host, expectedName='my.host1687897799333.com', expectedType='Host'}]" classname="com.dotmarketing.business.DeterministicIdentifierAPITest" time="0.004"/>
  <testcase name="Test_Asset_Generate_Deterministic_Id_Best_Effort[1: TestCase{versionable=com.dotmarketing.portlets.contentlet.model.Contentlet@72c4c38a[map={modDate=2023-06-27 20:30:00.097, fileName=file14333804582533486898.txt, title=file14333804582533486898.txt, inode=00fbf9eb-df39-48df-a861-b84c88efc4cd, __IS_NEW_CONTENT__=true, disabledWYSIWYG=[], host=f645f3da-7d2f-47bc-ae5b-7e39a26142ba, stInode=33888b6f-7a8e-4069-b1b6-5c1aa9d0a48d, owner=system, identifier=40c62ea9-7855-4cd1-ad5b-5268ecaf376b, nullProperties=[wfExpireDate, wfPublishDate, wfActionAssign, wfActionId, wfActionComments, filterKey, whereToSend, wfNeverExpire, _path_to_move, timezoneId, iWantTo, wfPublishTime, wfExpireTime], languageId=1, fileAsset=/home/runner/work/core/custom/assets/0/0/00fbf9eb-df39-48df-a861-b84c88efc4cd/fileAsset/file14333804582533486898.txt, folder=46f5f6fc-4930-4fa8-ba04-18da3de22135, __disable_workflow__=true, sortOrder=0, modUser=system},lowIndexPriority=false,variantId=DEFAULT], parent=com.dotmarketing.portlets.folders.model.Folder@3b3a83ae[identifier=46f5f6fc-4930-4fa8-ba04-18da3de22135,name=testName1687897800089,sortOrder=0,showOnMenu=false,hostId=f645f3da-7d2f-47bc-ae5b-7e39a26142ba,type=folder,title=testTitle1687897800089,filesMasks=,defaultFileType=33888b6f-7a8e-4069-b1b6-5c1aa9d0a48d,modDate=2023-06-27 20:30:00.092,owner=&lt;null&gt;,iDate=2023-06-27 20:30:00.092,inode=46f5f6fc-4930-4fa8-ba04-18da3de22135,path=/testName1687897800089/], expectedName='file14333804582533486898.txt', expectedType='FileAsset'}]" classname="com.dotmarketing.business.DeterministicIdentifierAPITest" time="0.003"/>
  <testcase name="Test_Asset_Generate_Deterministic_Id_Best_Effort[2: TestCase{versionable=com.dotmarketing.portlets.templates.model.Template@6784c696, parent=my.host1687897799333.com, expectedName='testTitle1687897800204', expectedType='Template'}]" classname="com.dotmarketing.business.DeterministicIdentifierAPITest" time="0.002"/>
  <testcase name="Test_Asset_Generate_Deterministic_Id_Best_Effort[3: TestCase{versionable=com.dotmarketing.portlets.htmlpageasset.model.HTMLPageAsset@23a1d726[map={template=c0fb46b7-f95b-44a5-af79-2f9850e15095, owner=system, identifier=3bb805ba-b602-4a4c-81b8-a8bd3940bac8, nullProperties=[wfExpireDate, wfPublishDate, wfActionAssign, wfActionId, wfActionComments, filterKey, whereToSend, wfNeverExpire, _path_to_move, timezoneId, iWantTo, wfPublishTime, wfExpireTime], modDate=2023-06-27 20:30:00.222, cachettl=0, _is_test_mode=true, languageId=1, title=test-page-title-1687897800218, httpsreq=, url=test-page-url-1687897800218, showOnMenu=, inode=1d4553ad-2f4e-4ad2-9fc8-e4c10431ddda, folder=46f5f6fc-4930-4fa8-ba04-18da3de22135, disabledWYSIWYG=[], sortOrder=1, modUser=system, host=f645f3da-7d2f-47bc-ae5b-7e39a26142ba, stInode=c541abb1-69b3-4bc5-8430-5e09e5239cc8, friendlyName=test-page-friendly-name-1687897800218},lowIndexPriority=false,variantId=DEFAULT], parent=com.dotmarketing.portlets.folders.model.Folder@3b3a83ae[identifier=46f5f6fc-4930-4fa8-ba04-18da3de22135,name=testName1687897800089,sortOrder=0,showOnMenu=false,hostId=f645f3da-7d2f-47bc-ae5b-7e39a26142ba,type=folder,title=testTitle1687897800089,filesMasks=,defaultFileType=33888b6f-7a8e-4069-b1b6-5c1aa9d0a48d,modDate=2023-06-27 20:30:00.092,owner=&lt;null&gt;,iDate=2023-06-27 20:30:00.092,inode=46f5f6fc-4930-4fa8-ba04-18da3de22135,path=/testName1687897800089/], expectedName='test-page-url-1687897800218', expectedType='htmlpageasset'}]" classname="com.dotmarketing.business.DeterministicIdentifierAPITest" time="0.003"/>
  <testcase name="Test_Asset_Generate_Deterministic_Id_Best_Effort[4: TestCase{versionable=com.dotmarketing.portlets.contentlet.model.Contentlet@19846291[map={fileAsset2=/home/runner/work/core/custom/assets/3/f/3ff6b124-3022-4dca-a6a5-e2e853dccc7a/fileAsset2/test_binary1687897802109.png, modDate=2023-06-27 20:30:02.114, fileAsset1=/home/runner/work/core/custom/assets/3/f/3ff6b124-3022-4dca-a6a5-e2e853dccc7a/fileAsset1/test_binary1687897802109.jpg, title=blah, inode=3ff6b124-3022-4dca-a6a5-e2e853dccc7a, __IS_NEW_CONTENT__=true, disabledWYSIWYG=[], host=48190c8c-42c4-46af-8d1a-0cd5db894797, stInode=2788332f-0c87-4e57-a4d6-34808b441103, owner=system, identifier=f7eea891-8f50-45a1-bb29-ac5d9c14784b, nullProperties=[], languageId=1, image1=c828dd1d-a4c7-42e0-943f-7aebd7f9089b, folder=SYSTEM_FOLDER, __disable_workflow__=true, sortOrder=0, modUser=system},lowIndexPriority=false,variantId=DEFAULT], parent=demo.dotcms.com, expectedName='test_binary1687897802109.jpg:test_binary1687897802109.png', expectedType='MultipleBinaries1687897800506'}]" classname="com.dotmarketing.business.DeterministicIdentifierAPITest" time="0.003"/>
  <testcase name="Test_Asset_Generate_Deterministic_Id_Best_Effort[5: TestCase{versionable=namec8656e0e7d : keyTagc8656e0e7d, parent=my.host1687897799333.com, expectedName='keyTagc8656e0e7d', expectedType='persona'}]" classname="com.dotmarketing.business.DeterministicIdentifierAPITest" time="0.002"/>
  <testcase name="Test_Similar_Content_Type_Wont_Clash" classname="com.dotmarketing.business.DeterministicIdentifierAPITest" time="0.469"/>
  <testcase name="Test_Generate_Folder_Identifier" classname="com.dotmarketing.business.DeterministicIdentifierAPITest" time="0.354"/>
  <testcase name="Test_Generate_Content_Type_Identifier[0: ContentTypeTestCase{contentType=KeyValueContentType{name=Language Variable, id=f4d7c1b8-2c88-4071-abf1-a5328977b07d, description=Default Content Type for Language Variables, defaultType=false, fixed=true, iDate=Thu Aug 31 16:38:49 UTC 2017, system=true, versionable=true, variable=Languagevariable, modDate=Tue Jun 27 19:18:32 UTC 2023, host=SYSTEM_HOST, siteName=systemHost, icon=language, sortOrder=0, folder=SYSTEM_FOLDER, folderPath=/, markedForDeletion=true, multilingualable=false}, expectedName='Languagevariable', expectedType='KeyValue'}]" classname="com.dotmarketing.business.DeterministicIdentifierAPITest" time="0.012"/>
  <testcase name="Test_Generate_Content_Type_Identifier[1: ContentTypeTestCase{contentType=SimpleContentType{name=testName1687897802517, id=aca69d4c-eaa8-430c-9b56-0675830e0b75, description=testDescription1687897802517, defaultType=false, fixed=false, iDate=Tue Jun 27 20:30:02 UTC 2023, system=false, versionable=true, multilingualable=false, variable=testVarname1687897802517, owner=system, modDate=Tue Jun 27 20:30:03 UTC 2023, host=48190c8c-42c4-46af-8d1a-0cd5db894797, siteName=demo.dotcms.com, icon=event_note, sortOrder=0, folder=SYSTEM_FOLDER, folderPath=/, requiredFields=[], markedForDeletion=false}, expectedName='testVarname1687897802517', expectedType='CONTENT'}]" classname="com.dotmarketing.business.DeterministicIdentifierAPITest" time="0.005"/>
  <system-out><![CDATA[]]></system-out>
  <system-err><![CDATA[]]></system-err>
</testsuite>
