<?xml version="1.0" encoding="UTF-8"?>
<testsuite name="com.dotmarketing.portlets.structure.model.ContentletRelationshipsTest" tests="7" skipped="0" failures="0" errors="0" timestamp="2023-06-28T09:28:33" hostname="fv-az554-967" time="8.426">
  <properties/>
  <testcase name="testDoesAllowOnlyOne[0: com.dotmarketing.portlets.structure.model.ContentletRelationshipsTest$CardinalityTestCase@2e64205d]" classname="com.dotmarketing.portlets.structure.model.ContentletRelationshipsTest" time="0.577"/>
  <testcase name="testDoesAllowOnlyOne[1: com.dotmarketing.portlets.structure.model.ContentletRelationshipsTest$CardinalityTestCase@750efec8]" classname="com.dotmarketing.portlets.structure.model.ContentletRelationshipsTest" time="0.411"/>
  <testcase name="testDoesAllowOnlyOne[2: com.dotmarketing.portlets.structure.model.ContentletRelationshipsTest$CardinalityTestCase@1701fc23]" classname="com.dotmarketing.portlets.structure.model.ContentletRelationshipsTest" time="0.492"/>
  <testcase name="testGetRelationshipRecords[0: com.dotmarketing.portlets.structure.model.ContentletRelationshipsTest$TestCase@6f092b32]" classname="com.dotmarketing.portlets.structure.model.ContentletRelationshipsTest" time="1.964"/>
  <testcase name="testGetRelationshipRecords[1: com.dotmarketing.portlets.structure.model.ContentletRelationshipsTest$TestCase@60e08846]" classname="com.dotmarketing.portlets.structure.model.ContentletRelationshipsTest" time="1.954"/>
  <testcase name="testGetRelationshipRecords[2: com.dotmarketing.portlets.structure.model.ContentletRelationshipsTest$TestCase@629ad22c]" classname="com.dotmarketing.portlets.structure.model.ContentletRelationshipsTest" time="1.119"/>
  <testcase name="testGetRelationshipRecords[3: com.dotmarketing.portlets.structure.model.ContentletRelationshipsTest$TestCase@7ae2dab8]" classname="com.dotmarketing.portlets.structure.model.ContentletRelationshipsTest" time="1.907"/>
  <system-out><![CDATA[]]></system-out>
  <system-err><![CDATA[]]></system-err>
</testsuite>
