<?xml version="1.0" encoding="UTF-8"?>
<testsuite name="com.dotcms.publisher.business.PublishQueueElementTransformerTest" tests="1" skipped="0" failures="0" errors="0" timestamp="2023-07-17T16:51:11" hostname="fv-az244-731" time="1.132">
  <properties/>
  <testcase name="getDetailedAssets" classname="com.dotcms.publisher.business.PublishQueueElementTransformerTest" time="1.132"/>
  <system-out><![CDATA[]]></system-out>
  <system-err><![CDATA[]]></system-err>
</testsuite>
