<?xml version="1.0" encoding="UTF-8"?>
<testsuite name="com.dotcms.enterprise.publishing.remote.bundler.LinkBundlerTest" tests="2" skipped="0" failures="0" errors="0" timestamp="2023-07-21T07:14:13" hostname="fv-az456-820" time="0.016">
  <properties/>
  <testcase name="addLinkInBundle[0: com.dotcms.enterprise.publishing.remote.bundler.LinkBundlerTest$TestCase@9d13df2]" classname="com.dotcms.enterprise.publishing.remote.bundler.LinkBundlerTest" time="0.008"/>
  <testcase name="addLinkInBundle[1: com.dotcms.enterprise.publishing.remote.bundler.LinkBundlerTest$TestCase@1fa611b3]" classname="com.dotcms.enterprise.publishing.remote.bundler.LinkBundlerTest" time="0.008"/>
  <system-out><![CDATA[]]></system-out>
  <system-err><![CDATA[]]></system-err>
</testsuite>
