<?xml version="1.0" encoding="UTF-8"?>
<testsuite name="com.dotmarketing.portlets.structure.model.ContentletRelationshipsTest" tests="7" skipped="0" failures="0" errors="0" timestamp="2023-06-23T21:57:34" hostname="fv-az551-628" time="8.686">
  <properties/>
  <testcase name="testDoesAllowOnlyOne[0: com.dotmarketing.portlets.structure.model.ContentletRelationshipsTest$CardinalityTestCase@7e8daaa9]" classname="com.dotmarketing.portlets.structure.model.ContentletRelationshipsTest" time="0.545"/>
  <testcase name="testDoesAllowOnlyOne[1: com.dotmarketing.portlets.structure.model.ContentletRelationshipsTest$CardinalityTestCase@687cab5e]" classname="com.dotmarketing.portlets.structure.model.ContentletRelationshipsTest" time="0.407"/>
  <testcase name="testDoesAllowOnlyOne[2: com.dotmarketing.portlets.structure.model.ContentletRelationshipsTest$CardinalityTestCase@7a70f2f5]" classname="com.dotmarketing.portlets.structure.model.ContentletRelationshipsTest" time="0.45"/>
  <testcase name="testGetRelationshipRecords[0: com.dotmarketing.portlets.structure.model.ContentletRelationshipsTest$TestCase@63653b18]" classname="com.dotmarketing.portlets.structure.model.ContentletRelationshipsTest" time="1.9"/>
  <testcase name="testGetRelationshipRecords[1: com.dotmarketing.portlets.structure.model.ContentletRelationshipsTest$TestCase@70ae0d3f]" classname="com.dotmarketing.portlets.structure.model.ContentletRelationshipsTest" time="1.904"/>
  <testcase name="testGetRelationshipRecords[2: com.dotmarketing.portlets.structure.model.ContentletRelationshipsTest$TestCase@7d857e2f]" classname="com.dotmarketing.portlets.structure.model.ContentletRelationshipsTest" time="1.747"/>
  <testcase name="testGetRelationshipRecords[3: com.dotmarketing.portlets.structure.model.ContentletRelationshipsTest$TestCase@1fcc30]" classname="com.dotmarketing.portlets.structure.model.ContentletRelationshipsTest" time="1.732"/>
  <system-out><![CDATA[]]></system-out>
  <system-err><![CDATA[]]></system-err>
</testsuite>
