<?xml version="1.0" encoding="UTF-8"?>
<testsuite name="com.dotcms.publisher.util.DependencyManagerTest" tests="6" skipped="0" failures="0" errors="0" timestamp="2023-07-13T22:10:39" hostname="fv-az717-983" time="17.061">
  <properties/>
  <testcase name="test_Sending_Page_as_dependencies_with_PUSH_PUBLISHING_PUSH_ALL_FOLDER_PAGES" classname="com.dotcms.publisher.util.DependencyManagerTest" time="3.849"/>
  <testcase name="test_dependencyManager_shouldIncludeSelfRelationships" classname="com.dotcms.publisher.util.DependencyManagerTest" time="3.607"/>
  <testcase name="test_Page_with_FileTemplateDesign_as_Dependencies" classname="com.dotcms.publisher.util.DependencyManagerTest" time="0.726"/>
  <testcase name="test_Page_with_FileContainer_as_Dependencies" classname="com.dotcms.publisher.util.DependencyManagerTest" time="1.842"/>
  <testcase name="test_Page_with_FileTemplateAdvanced_as_Dependencies" classname="com.dotcms.publisher.util.DependencyManagerTest" time="2.171"/>
  <testcase name="test_dependencyManager_shouldIncludeRelationships" classname="com.dotcms.publisher.util.DependencyManagerTest" time="4.866"/>
  <system-out><![CDATA[]]></system-out>
  <system-err><![CDATA[]]></system-err>
</testsuite>
