<?xml version="1.0" encoding="UTF-8"?>
<testsuite name="com.dotmarketing.servlets.ajax.AjaxDirectorServletIntegrationTest" tests="2" skipped="0" failures="0" errors="0" timestamp="2023-07-14T15:23:38" hostname="fv-az627-249" time="2.235">
  <properties/>
  <testcase name="testService[0: com.dotmarketing.servlets.ajax.AjaxDirectorServletTestCase@2797dd3]" classname="com.dotmarketing.servlets.ajax.AjaxDirectorServletIntegrationTest" time="1.148"/>
  <testcase name="testService[1: com.dotmarketing.servlets.ajax.AjaxDirectorServletTestCase@54cf8a09]" classname="com.dotmarketing.servlets.ajax.AjaxDirectorServletIntegrationTest" time="1.087"/>
  <system-out><![CDATA[]]></system-out>
  <system-err><![CDATA[]]></system-err>
</testsuite>
