<?xml version="1.0" encoding="UTF-8"?>
<testsuite name="com.dotcms.rest.api.v1.vtl.VTLResourceIntegrationTest" tests="6" skipped="0" failures="0" errors="0" timestamp="2023-06-29T19:49:47" hostname="fv-az408-23" time="12.505">
  <properties/>
  <testcase name="testGet[0: com.dotcms.rest.api.v1.vtl.VTLResourceTestCase@78d917c4]" classname="com.dotcms.rest.api.v1.vtl.VTLResourceIntegrationTest" time="2.451"/>
  <testcase name="testGet[1: com.dotcms.rest.api.v1.vtl.VTLResourceTestCase@17e9b780]" classname="com.dotcms.rest.api.v1.vtl.VTLResourceIntegrationTest" time="1.92"/>
  <testcase name="testGet[2: com.dotcms.rest.api.v1.vtl.VTLResourceTestCase@31573b36]" classname="com.dotcms.rest.api.v1.vtl.VTLResourceIntegrationTest" time="2.067"/>
  <testcase name="testGet[3: com.dotcms.rest.api.v1.vtl.VTLResourceTestCase@58dfe943]" classname="com.dotcms.rest.api.v1.vtl.VTLResourceIntegrationTest" time="2.046"/>
  <testcase name="testGet[4: com.dotcms.rest.api.v1.vtl.VTLResourceTestCase@6888b2ab]" classname="com.dotcms.rest.api.v1.vtl.VTLResourceIntegrationTest" time="2.088"/>
  <testcase name="testGet[5: com.dotcms.rest.api.v1.vtl.VTLResourceTestCase@32875d8d]" classname="com.dotcms.rest.api.v1.vtl.VTLResourceIntegrationTest" time="1.933"/>
  <system-out><![CDATA[]]></system-out>
  <system-err><![CDATA[]]></system-err>
</testsuite>
