<?xml version="1.0" encoding="UTF-8"?>
<testsuite name="com.dotcms.ema.EMAWebInterceptorTest" tests="4" skipped="0" failures="0" errors="0" timestamp="2023-07-03T18:02:36" hostname="fv-az218-411" time="4.356">
  <properties/>
  <testcase name="test_EMAInterceptor_intercept_SecretExistsAtHost_ReturnResult_Query_String" classname="com.dotcms.ema.EMAWebInterceptorTest" time="1.254"/>
  <testcase name="test_EMAInterceptor_intercept_SecretDoesNotExist_ReturnNext" classname="com.dotcms.ema.EMAWebInterceptorTest" time="0.982"/>
  <testcase name="test_EMAInterceptor_intercept_SecretExistsAtSystemHost_ReturnResult" classname="com.dotcms.ema.EMAWebInterceptorTest" time="1.061"/>
  <testcase name="test_EMAInterceptor_intercept_SecretExistAtHost_ReturnResult" classname="com.dotcms.ema.EMAWebInterceptorTest" time="1.059"/>
  <system-out><![CDATA[]]></system-out>
  <system-err><![CDATA[]]></system-err>
</testsuite>
