<?xml version="1.0" encoding="UTF-8"?>
<testsuite name="com.dotmarketing.business.DeterministicIdentifierAPITest" tests="16" skipped="0" failures="0" errors="0" timestamp="2023-06-24T00:04:52" hostname="fv-az254-300" time="1.324">
  <properties/>
  <testcase name="Test_Category_Path_Seed_And_Id" classname="com.dotmarketing.business.DeterministicIdentifierAPITest" time="0.037"/>
  <testcase name="Test_Language_Deterministic_Id[0: LanguageTestCase{expectedSeed='Language:es:US', expectedHash=4913155, langCode='es', countryCode='US', country='United States'}]" classname="com.dotmarketing.business.DeterministicIdentifierAPITest" time="0.002"/>
  <testcase name="Test_Language_Deterministic_Id[1: LanguageTestCase{expectedSeed='Language:ep:', expectedHash=5292269, langCode='ep', countryCode='', country=''}]" classname="com.dotmarketing.business.DeterministicIdentifierAPITest" time="0.001"/>
  <testcase name="Test_Language_Deterministic_Id[2: LanguageTestCase{expectedSeed='Language:sg:SAG', expectedHash=4713118, langCode='sg', countryCode='SAG', country=''}]" classname="com.dotmarketing.business.DeterministicIdentifierAPITest" time="0.001"/>
  <testcase name="Test_Language_Deterministic_Id[3: LanguageTestCase{expectedSeed='Language:en:NZ', expectedHash=5382528, langCode='en', countryCode='NZ', country='New Zealand'}]" classname="com.dotmarketing.business.DeterministicIdentifierAPITest" time="0.001"/>
  <testcase name="Test_Category_None_Persisted_Category_Should_Return_Deterministic_Id" classname="com.dotmarketing.business.DeterministicIdentifierAPITest" time="0.002"/>
  <testcase name="Test_Asset_Generate_Deterministic_Id_Best_Effort[0: TestCase{versionable=my.host1687558380103.com, parent=System Host, expectedName='my.host1687558380103.com', expectedType='Host'}]" classname="com.dotmarketing.business.DeterministicIdentifierAPITest" time="0.009"/>
  <testcase name="Test_Asset_Generate_Deterministic_Id_Best_Effort[1: TestCase{versionable=com.dotmarketing.portlets.contentlet.model.Contentlet@755006a4[map={modDate=2023-06-23 22:13:00.785, fileName=file4157364507193029604.txt, title=file4157364507193029604.txt, inode=3f057f3a-a2bf-4ce3-b07e-059efc0547ca, __IS_NEW_CONTENT__=true, disabledWYSIWYG=[], host=921557ac-7868-4c52-ad0a-2532284dfab3, stInode=33888b6f-7a8e-4069-b1b6-5c1aa9d0a48d, owner=system, identifier=c4a955b9-5cab-41f4-a0a7-6e3a9544c403, nullProperties=[wfExpireDate, wfPublishDate, wfActionAssign, wfActionId, wfActionComments, filterKey, whereToSend, wfNeverExpire, _path_to_move, timezoneId, iWantTo, wfPublishTime, wfExpireTime], languageId=1, fileAsset=/home/runner/work/core/custom/assets/3/f/3f057f3a-a2bf-4ce3-b07e-059efc0547ca/fileAsset/file4157364507193029604.txt, folder=54d347dc-271d-44b0-bdf4-b8b17ded89d5, __disable_workflow__=true, sortOrder=0, modUser=system},lowIndexPriority=false,variantId=DEFAULT], parent=com.dotmarketing.portlets.folders.model.Folder@5c162cc2[identifier=54d347dc-271d-44b0-bdf4-b8b17ded89d5,name=testName1687558380772,sortOrder=0,showOnMenu=false,hostId=921557ac-7868-4c52-ad0a-2532284dfab3,type=folder,title=testTitle1687558380772,filesMasks=,defaultFileType=33888b6f-7a8e-4069-b1b6-5c1aa9d0a48d,modDate=2023-06-23 22:13:00.776,owner=&lt;null&gt;,iDate=2023-06-23 22:13:00.777,inode=54d347dc-271d-44b0-bdf4-b8b17ded89d5,path=/testName1687558380772/], expectedName='file4157364507193029604.txt', expectedType='FileAsset'}]" classname="com.dotmarketing.business.DeterministicIdentifierAPITest" time="0.005"/>
  <testcase name="Test_Asset_Generate_Deterministic_Id_Best_Effort[2: TestCase{versionable=com.dotmarketing.portlets.templates.model.Template@64c2daa8, parent=my.host1687558380103.com, expectedName='testTitle1687558380920', expectedType='Template'}]" classname="com.dotmarketing.business.DeterministicIdentifierAPITest" time="0.003"/>
  <testcase name="Test_Asset_Generate_Deterministic_Id_Best_Effort[3: TestCase{versionable=com.dotmarketing.portlets.htmlpageasset.model.HTMLPageAsset@5434a6e0[map={template=ddfc8ef7-f4ae-41bf-89ae-0dd8f6942b53, owner=system, identifier=207a2d44-2174-49f2-a3de-448c2f825a82, nullProperties=[wfExpireDate, wfPublishDate, wfActionAssign, wfActionId, wfActionComments, filterKey, whereToSend, wfNeverExpire, _path_to_move, timezoneId, iWantTo, wfPublishTime, wfExpireTime], modDate=2023-06-23 22:13:00.962, cachettl=0, _is_test_mode=true, languageId=1, title=test-page-title-1687558380945, httpsreq=, url=test-page-url-1687558380945, showOnMenu=, inode=10092345-646e-44ba-b7e2-61b7b01aa348, folder=54d347dc-271d-44b0-bdf4-b8b17ded89d5, disabledWYSIWYG=[], sortOrder=1, modUser=system, host=921557ac-7868-4c52-ad0a-2532284dfab3, stInode=c541abb1-69b3-4bc5-8430-5e09e5239cc8, friendlyName=test-page-friendly-name-1687558380945},lowIndexPriority=false,variantId=DEFAULT], parent=com.dotmarketing.portlets.folders.model.Folder@5c162cc2[identifier=54d347dc-271d-44b0-bdf4-b8b17ded89d5,name=testName1687558380772,sortOrder=0,showOnMenu=false,hostId=921557ac-7868-4c52-ad0a-2532284dfab3,type=folder,title=testTitle1687558380772,filesMasks=,defaultFileType=33888b6f-7a8e-4069-b1b6-5c1aa9d0a48d,modDate=2023-06-23 22:13:00.776,owner=&lt;null&gt;,iDate=2023-06-23 22:13:00.777,inode=54d347dc-271d-44b0-bdf4-b8b17ded89d5,path=/testName1687558380772/], expectedName='test-page-url-1687558380945', expectedType='htmlpageasset'}]" classname="com.dotmarketing.business.DeterministicIdentifierAPITest" time="0.006"/>
  <testcase name="Test_Asset_Generate_Deterministic_Id_Best_Effort[4: TestCase{versionable=com.dotmarketing.portlets.contentlet.model.Contentlet@1e1c12f6[map={fileAsset2=/home/runner/work/core/custom/assets/1/b/1b45834c-af59-4dd6-92b0-ff7513598b42/fileAsset2/test_binary1687558382743.png, modDate=2023-06-23 22:13:02.751, fileAsset1=/home/runner/work/core/custom/assets/1/b/1b45834c-af59-4dd6-92b0-ff7513598b42/fileAsset1/test_binary1687558382742.jpg, title=blah, inode=1b45834c-af59-4dd6-92b0-ff7513598b42, __IS_NEW_CONTENT__=true, disabledWYSIWYG=[], host=8a7d5e23-da1e-420a-b4f0-471e7da8ea2d, stInode=770ab111-6f18-4cfe-9cb5-54d1f4337592, owner=system, identifier=7b2dea04-6bcb-4e6f-b262-74ca503ef139, nullProperties=[], languageId=1, image1=61cdd09d-f1af-4c30-8085-05c910173447, folder=SYSTEM_FOLDER, __disable_workflow__=true, sortOrder=0, modUser=system},lowIndexPriority=false,variantId=DEFAULT], parent=default, expectedName='test_binary1687558382742.jpg:test_binary1687558382743.png', expectedType='MultipleBinaries1687558381100'}]" classname="com.dotmarketing.business.DeterministicIdentifierAPITest" time="0.011"/>
  <testcase name="Test_Asset_Generate_Deterministic_Id_Best_Effort[5: TestCase{versionable=name9be197a3b1 : keyTag9be197a3b1, parent=my.host1687558380103.com, expectedName='keyTag9be197a3b1', expectedType='persona'}]" classname="com.dotmarketing.business.DeterministicIdentifierAPITest" time="0.014"/>
  <testcase name="Test_Similar_Content_Type_Wont_Clash" classname="com.dotmarketing.business.DeterministicIdentifierAPITest" time="0.692"/>
  <testcase name="Test_Generate_Folder_Identifier" classname="com.dotmarketing.business.DeterministicIdentifierAPITest" time="0.512"/>
  <testcase name="Test_Generate_Content_Type_Identifier[0: ContentTypeTestCase{contentType=KeyValueContentType{name=Language Variable, id=f4d7c1b8-2c88-4071-abf1-a5328977b07d, description=Default Content Type for Language Variables, defaultType=false, fixed=true, iDate=Thu Aug 31 16:38:49 UTC 2017, system=true, versionable=true, variable=Languagevariable, modDate=Fri Jun 23 22:09:21 UTC 2023, host=SYSTEM_HOST, siteName=systemHost, icon=language, sortOrder=0, folder=SYSTEM_FOLDER, folderPath=/, markedForDeletion=false, multilingualable=false}, expectedName='Languagevariable', expectedType='KeyValue'}]" classname="com.dotmarketing.business.DeterministicIdentifierAPITest" time="0.016"/>
  <testcase name="Test_Generate_Content_Type_Identifier[1: ContentTypeTestCase{contentType=SimpleContentType{name=testName1687558383251, id=4d35e9a5-3c31-4097-a42a-71370c917578, description=testDescription1687558383251, defaultType=false, fixed=false, iDate=Fri Jun 23 22:13:03 UTC 2023, system=false, versionable=true, multilingualable=false, variable=testVarname1687558383251, owner=system, modDate=Fri Jun 23 22:13:04 UTC 2023, host=8a7d5e23-da1e-420a-b4f0-471e7da8ea2d, siteName=default, icon=event_note, sortOrder=0, folder=SYSTEM_FOLDER, folderPath=/, requiredFields=[], markedForDeletion=false}, expectedName='testVarname1687558383251', expectedType='CONTENT'}]" classname="com.dotmarketing.business.DeterministicIdentifierAPITest" time="0.007"/>
  <system-out><![CDATA[]]></system-out>
  <system-err><![CDATA[]]></system-err>
</testsuite>
