<?xml version="1.0" encoding="UTF-8"?>
<testsuite name="com.dotcms.rest.elasticsearch.ESContentResourcePortletTest" tests="8" skipped="0" failures="0" errors="0" timestamp="2023-07-12T23:26:47" hostname="fv-az1259-223" time="8.86">
  <properties/>
  <testcase name="test_search_includeGrandChildCategory_success" classname="com.dotcms.rest.elasticsearch.ESContentResourcePortletTest" time="1.388"/>
  <testcase name="testSearch[0: com.dotcms.rest.elasticsearch.ESContentResourcePortletTest$TestCase@52fd2233]" classname="com.dotcms.rest.elasticsearch.ESContentResourcePortletTest" time="0.956"/>
  <testcase name="testSearch[1: com.dotcms.rest.elasticsearch.ESContentResourcePortletTest$TestCase@738eb2c6]" classname="com.dotcms.rest.elasticsearch.ESContentResourcePortletTest" time="1.226"/>
  <testcase name="testSearch[2: com.dotcms.rest.elasticsearch.ESContentResourcePortletTest$TestCase@2cf0f2c0]" classname="com.dotcms.rest.elasticsearch.ESContentResourcePortletTest" time="0.943"/>
  <testcase name="testSearch[3: com.dotcms.rest.elasticsearch.ESContentResourcePortletTest$TestCase@3b7e1b35]" classname="com.dotcms.rest.elasticsearch.ESContentResourcePortletTest" time="1.21"/>
  <testcase name="testSearch[4: com.dotcms.rest.elasticsearch.ESContentResourcePortletTest$TestCase@a95ad3]" classname="com.dotcms.rest.elasticsearch.ESContentResourcePortletTest" time="1.274"/>
  <testcase name="testSearch[5: com.dotcms.rest.elasticsearch.ESContentResourcePortletTest$TestCase@6b7d082]" classname="com.dotcms.rest.elasticsearch.ESContentResourcePortletTest" time="0.908"/>
  <testcase name="testSearch[6: com.dotcms.rest.elasticsearch.ESContentResourcePortletTest$TestCase@2dfa5466]" classname="com.dotcms.rest.elasticsearch.ESContentResourcePortletTest" time="0.954"/>
  <system-out><![CDATA[]]></system-out>
  <system-err><![CDATA[]]></system-err>
</testsuite>
