<?xml version="1.0" encoding="UTF-8"?>
<testsuite name="com.dotcms.ema.EMAWebInterceptorTest" tests="4" skipped="0" failures="0" errors="0" timestamp="2023-06-23T19:11:18" hostname="fv-az561-920" time="4.191">
  <properties/>
  <testcase name="test_EMAInterceptor_intercept_SecretExistsAtHost_ReturnResult_Query_String" classname="com.dotcms.ema.EMAWebInterceptorTest" time="1.231"/>
  <testcase name="test_EMAInterceptor_intercept_SecretDoesNotExist_ReturnNext" classname="com.dotcms.ema.EMAWebInterceptorTest" time="0.917"/>
  <testcase name="test_EMAInterceptor_intercept_SecretExistsAtSystemHost_ReturnResult" classname="com.dotcms.ema.EMAWebInterceptorTest" time="1.073"/>
  <testcase name="test_EMAInterceptor_intercept_SecretExistAtHost_ReturnResult" classname="com.dotcms.ema.EMAWebInterceptorTest" time="0.97"/>
  <system-out><![CDATA[]]></system-out>
  <system-err><![CDATA[]]></system-err>
</testsuite>
