<?xml version="1.0" encoding="UTF-8"?>
<testsuite name="com.dotmarketing.portlets.structure.factories.StructureFactoryTest" tests="31" skipped="2" failures="0" errors="0" timestamp="2023-07-20T22:00:22" hostname="fv-az574-670" time="16.252">
  <properties/>
  <testcase name="getStructuresWithLimit" classname="com.dotmarketing.portlets.structure.factories.StructureFactoryTest" time="0.009"/>
  <testcase name="getImagesFieldsList" classname="com.dotmarketing.portlets.structure.factories.StructureFactoryTest" time="0.002"/>
  <testcase name="getNoSystemStructuresWithReadPermissions" classname="com.dotmarketing.portlets.structure.factories.StructureFactoryTest" time="2.664"/>
  <testcase name="getStructuresAllParameters" classname="com.dotmarketing.portlets.structure.factories.StructureFactoryTest" time="0.012"/>
  <testcase name="getTotalImages" classname="com.dotmarketing.portlets.structure.factories.StructureFactoryTest" time="0.001"/>
  <testcase name="getStructuresByUser" classname="com.dotmarketing.portlets.structure.factories.StructureFactoryTest" time="1.079"/>
  <testcase name="getTotalWYSIWYG" classname="com.dotmarketing.portlets.structure.factories.StructureFactoryTest" time="0.001"/>
  <testcase name="disableDefault" classname="com.dotmarketing.portlets.structure.factories.StructureFactoryTest" time="0.001"/>
  <testcase name="getStructuresWithWritePermissions" classname="com.dotmarketing.portlets.structure.factories.StructureFactoryTest" time="0.039"/>
  <testcase name="getTotalDates" classname="com.dotmarketing.portlets.structure.factories.StructureFactoryTest" time="0.002"/>
  <testcase name="getTotalFiles" classname="com.dotmarketing.portlets.structure.factories.StructureFactoryTest" time="0.001"/>
  <testcase name="getStructureByInode" classname="com.dotmarketing.portlets.structure.factories.StructureFactoryTest" time="0.001"/>
  <testcase name="getTagsFields" classname="com.dotmarketing.portlets.structure.factories.StructureFactoryTest" time="0.001"/>
  <testcase name="getTotalTextAreas" classname="com.dotmarketing.portlets.structure.factories.StructureFactoryTest" time="0.001"/>
  <testcase name="findStructureURLMapPatterns" classname="com.dotmarketing.portlets.structure.factories.StructureFactoryTest" time="8.846"/>
  <testcase name="getAllStructuresNames" classname="com.dotmarketing.portlets.structure.factories.StructureFactoryTest" time="1.651"/>
  <testcase name="getAllVelocityVariablesNames" classname="com.dotmarketing.portlets.structure.factories.StructureFactoryTest" time="1.109"/>
  <testcase name="getStructuresWithOrderAndLimit" classname="com.dotmarketing.portlets.structure.factories.StructureFactoryTest" time="0.009"/>
  <testcase name="getStructureByType" classname="com.dotmarketing.portlets.structure.factories.StructureFactoryTest" time="0.003"/>
  <testcase name="getStructures" classname="com.dotmarketing.portlets.structure.factories.StructureFactoryTest" time="0.459"/>
  <testcase name="getStructuresWithReadPermissions" classname="com.dotmarketing.portlets.structure.factories.StructureFactoryTest" time="0.092"/>
  <testcase name="getStructuresByWFScheme" classname="com.dotmarketing.portlets.structure.factories.StructureFactoryTest" time="0.0">
    <skipped/>
  </testcase>
  <testcase name="structures" classname="com.dotmarketing.portlets.structure.factories.StructureFactoryTest" time="0.201"/>
  <testcase name="createDefaultStructure" classname="com.dotmarketing.portlets.structure.factories.StructureFactoryTest" time="0.0">
    <skipped/>
  </testcase>
  <testcase name="getDefaultStructure" classname="com.dotmarketing.portlets.structure.factories.StructureFactoryTest" time="0.002"/>
  <testcase name="getStructureByVelocityVarName" classname="com.dotmarketing.portlets.structure.factories.StructureFactoryTest" time="0.013"/>
  <testcase name="getTotals" classname="com.dotmarketing.portlets.structure.factories.StructureFactoryTest" time="0.002"/>
  <testcase name="getStructuresCount" classname="com.dotmarketing.portlets.structure.factories.StructureFactoryTest" time="0.003"/>
  <testcase name="findStructuresUserCanUse" classname="com.dotmarketing.portlets.structure.factories.StructureFactoryTest" time="0.025"/>
  <testcase name="getStructuresWithOrderLimitAndDirection" classname="com.dotmarketing.portlets.structure.factories.StructureFactoryTest" time="0.009"/>
  <testcase name="getFilesFieldsList" classname="com.dotmarketing.portlets.structure.factories.StructureFactoryTest" time="0.003"/>
  <system-out><![CDATA[]]></system-out>
  <system-err><![CDATA[]]></system-err>
</testsuite>
