<?xml version="1.0" encoding="UTF-8"?>
<testsuite name="com.dotcms.publishing.PublisherAPIImplTest" tests="24" skipped="0" failures="0" errors="0" timestamp="2023-07-01T02:06:14" hostname="fv-az842-282" time="7.483">
  <properties/>
  <testcase name="AddAllCategoryIntoBundle" classname="com.dotcms.publishing.PublisherAPIImplTest" time="0.245"/>
  <testcase name="testFilterDescriptors" classname="com.dotcms.publishing.PublisherAPIImplTest" time="0.136"/>
  <testcase name="sendPushPublishBundle[0: com.dotcms.publishing.PublisherAPIImplTest$TestAsset@7c787f75]" classname="com.dotcms.publishing.PublisherAPIImplTest" time="2.157"/>
  <testcase name="sendPushPublishBundle[1: com.dotcms.publishing.PublisherAPIImplTest$TestAsset@5c5b7512]" classname="com.dotcms.publishing.PublisherAPIImplTest" time="0.518"/>
  <testcase name="sendPushPublishBundle[2: com.dotcms.publishing.PublisherAPIImplTest$TestAsset@267c5037]" classname="com.dotcms.publishing.PublisherAPIImplTest" time="0.47"/>
  <testcase name="sendPushPublishBundle[3: com.dotcms.publishing.PublisherAPIImplTest$TestAsset@50f7b2be]" classname="com.dotcms.publishing.PublisherAPIImplTest" time="0.521"/>
  <testcase name="sendPushPublishBundle[4: com.dotcms.publishing.PublisherAPIImplTest$TestAsset@6fcbec02]" classname="com.dotcms.publishing.PublisherAPIImplTest" time="0.317"/>
  <testcase name="sendPushPublishBundle[5: com.dotcms.publishing.PublisherAPIImplTest$TestAsset@683fe70c]" classname="com.dotcms.publishing.PublisherAPIImplTest" time="0.182"/>
  <testcase name="sendPushPublishBundle[6: com.dotcms.publishing.PublisherAPIImplTest$TestAsset@2c06efd4]" classname="com.dotcms.publishing.PublisherAPIImplTest" time="0.195"/>
  <testcase name="sendPushPublishBundle[7: com.dotcms.publishing.PublisherAPIImplTest$TestAsset@4189caa8]" classname="com.dotcms.publishing.PublisherAPIImplTest" time="0.28"/>
  <testcase name="sendPushPublishBundle[8: com.dotcms.publishing.PublisherAPIImplTest$TestAsset@71928567]" classname="com.dotcms.publishing.PublisherAPIImplTest" time="0.21"/>
  <testcase name="sendPushPublishBundle[9: com.dotcms.publishing.PublisherAPIImplTest$TestAsset@66820bde]" classname="com.dotcms.publishing.PublisherAPIImplTest" time="0.423"/>
  <testcase name="sendPushPublishBundle[10: com.dotcms.publishing.PublisherAPIImplTest$TestAsset@7de13095]" classname="com.dotcms.publishing.PublisherAPIImplTest" time="0.139"/>
  <testcase name="generateBundle[0: com.dotcms.publishing.PublisherAPIImplTest$TestAsset@7c787f75]" classname="com.dotcms.publishing.PublisherAPIImplTest" time="0.144"/>
  <testcase name="generateBundle[1: com.dotcms.publishing.PublisherAPIImplTest$TestAsset@5c5b7512]" classname="com.dotcms.publishing.PublisherAPIImplTest" time="0.122"/>
  <testcase name="generateBundle[2: com.dotcms.publishing.PublisherAPIImplTest$TestAsset@267c5037]" classname="com.dotcms.publishing.PublisherAPIImplTest" time="0.111"/>
  <testcase name="generateBundle[3: com.dotcms.publishing.PublisherAPIImplTest$TestAsset@50f7b2be]" classname="com.dotcms.publishing.PublisherAPIImplTest" time="0.217"/>
  <testcase name="generateBundle[4: com.dotcms.publishing.PublisherAPIImplTest$TestAsset@6fcbec02]" classname="com.dotcms.publishing.PublisherAPIImplTest" time="0.276"/>
  <testcase name="generateBundle[5: com.dotcms.publishing.PublisherAPIImplTest$TestAsset@683fe70c]" classname="com.dotcms.publishing.PublisherAPIImplTest" time="0.146"/>
  <testcase name="generateBundle[6: com.dotcms.publishing.PublisherAPIImplTest$TestAsset@2c06efd4]" classname="com.dotcms.publishing.PublisherAPIImplTest" time="0.251"/>
  <testcase name="generateBundle[7: com.dotcms.publishing.PublisherAPIImplTest$TestAsset@4189caa8]" classname="com.dotcms.publishing.PublisherAPIImplTest" time="0.102"/>
  <testcase name="generateBundle[8: com.dotcms.publishing.PublisherAPIImplTest$TestAsset@71928567]" classname="com.dotcms.publishing.PublisherAPIImplTest" time="0.059"/>
  <testcase name="generateBundle[9: com.dotcms.publishing.PublisherAPIImplTest$TestAsset@66820bde]" classname="com.dotcms.publishing.PublisherAPIImplTest" time="0.229"/>
  <testcase name="generateBundle[10: com.dotcms.publishing.PublisherAPIImplTest$TestAsset@7de13095]" classname="com.dotcms.publishing.PublisherAPIImplTest" time="0.024"/>
  <system-out><![CDATA[









































































































































































]]></system-out>
  <system-err><![CDATA[]]></system-err>
</testsuite>
