<?xml version="1.0" encoding="UTF-8"?>
<testsuite name="com.dotmarketing.business.UserAPITest" tests="33" skipped="0" failures="0" errors="0" timestamp="2023-07-13T17:18:41" hostname="fv-az262-63" time="42.317">
  <properties/>
  <testcase name="testGetCountUsersByNameOrEmailDeleted" classname="com.dotmarketing.business.UserAPITest" time="0.81"/>
  <testcase name="testGetUsersIdsByCreationDateDeleted" classname="com.dotmarketing.business.UserAPITest" time="0.774"/>
  <testcase name="test_getUserIdByIcqId_icqIdDoesNotBelongToAnyUser_returnEmptyOptional" classname="com.dotmarketing.business.UserAPITest" time="0.002"/>
  <testcase name="Test_User_Returns_No_Gravatar_When_No_Email_Is_Available_And_OtherWise" classname="com.dotmarketing.business.UserAPITest" time="0.786"/>
  <testcase name="testGetUsersByNameDeleted" classname="com.dotmarketing.business.UserAPITest" time="0.858"/>
  <testcase name="test_getUserRole_success" classname="com.dotmarketing.business.UserAPITest" time="0.822"/>
  <testcase name="delete" classname="com.dotmarketing.business.UserAPITest" time="4.768"/>
  <testcase name="testFindAllUsers" classname="com.dotmarketing.business.UserAPITest" time="0.931"/>
  <testcase name="deleteAnonymous" classname="com.dotmarketing.business.UserAPITest" time="0.001"/>
  <testcase name="test_getUserRole_null" classname="com.dotmarketing.business.UserAPITest" time="0.004"/>
  <testcase name="testGetCountUsersByName" classname="com.dotmarketing.business.UserAPITest" time="0.813"/>
  <testcase name="testGetUsersByNameOrEmail" classname="com.dotmarketing.business.UserAPITest" time="0.795"/>
  <testcase name="testGetUsersByNameOrEmailOrUserIDWithFilter" classname="com.dotmarketing.business.UserAPITest" time="0.854"/>
  <testcase name="testUserApiGetCount" classname="com.dotmarketing.business.UserAPITest" time="16.584"/>
  <testcase name="test_getUserIdByIcqId_icqIdEmpty_throwDotInvalidTokenException" classname="com.dotmarketing.business.UserAPITest" time="0.001"/>
  <testcase name="test_loadByUserByEmail_selfUser" classname="com.dotmarketing.business.UserAPITest" time="0.813"/>
  <testcase name="testGetCountUsersByNameOrEmail" classname="com.dotmarketing.business.UserAPITest" time="0.798"/>
  <testcase name="testGetUnDeletedUsers" classname="com.dotmarketing.business.UserAPITest" time="0.883"/>
  <testcase name="testFrontendAndBackendUser" classname="com.dotmarketing.business.UserAPITest" time="2.42"/>
  <testcase name="test_updateUser_withAdditionalInfo" classname="com.dotmarketing.business.UserAPITest" time="0.824"/>
  <testcase name="test_save_selfUser" classname="com.dotmarketing.business.UserAPITest" time="0.842"/>
  <testcase name="testGetCountUsersByNameOrEmailOrUserIDDeleted" classname="com.dotmarketing.business.UserAPITest" time="0.836"/>
  <testcase name="testGetUsersByNameOrEmailOrUserID" classname="com.dotmarketing.business.UserAPITest" time="0.043"/>
  <testcase name="test_loadByUserById_selfUser" classname="com.dotmarketing.business.UserAPITest" time="0.833"/>
  <testcase name="testGetUsersByName" classname="com.dotmarketing.business.UserAPITest" time="0.87"/>
  <testcase name="test_getUserIdByIcqId_success" classname="com.dotmarketing.business.UserAPITest" time="0.853"/>
  <testcase name="testGetUsersByNameOrEmailOrUserIDDeleted" classname="com.dotmarketing.business.UserAPITest" time="0.858"/>
  <testcase name="testGetUsersByNameOrEmailDeleted" classname="com.dotmarketing.business.UserAPITest" time="0.846"/>
  <testcase name="test_saveNewUser_withAdditionalInfo" classname="com.dotmarketing.business.UserAPITest" time="0.874"/>
  <testcase name="testUserApiFilterUsersByNameAndRole" classname="com.dotmarketing.business.UserAPITest" time="0.006"/>
  <testcase name="test_getUserIdByIcqId_icqIdNull_throwDotInvalidTokenException" classname="com.dotmarketing.business.UserAPITest" time="0.0"/>
  <testcase name="testGetCountUsersByNameOrEmailOrUserID" classname="com.dotmarketing.business.UserAPITest" time="0.899"/>
  <testcase name="testGetUsersIdsByCreationDate" classname="com.dotmarketing.business.UserAPITest" time="0.002"/>
  <system-out><![CDATA[]]></system-out>
  <system-err><![CDATA[]]></system-err>
</testsuite>
