<?xml version="1.0" encoding="UTF-8"?>
<testsuite name="com.dotmarketing.business.DeterministicIdentifierAPITest" tests="16" skipped="0" failures="0" errors="0" timestamp="2023-07-21T07:15:29" hostname="fv-az456-820" time="1.26">
  <properties/>
  <testcase name="Test_Category_Path_Seed_And_Id" classname="com.dotmarketing.business.DeterministicIdentifierAPITest" time="0.033"/>
  <testcase name="Test_Language_Deterministic_Id[0: LanguageTestCase{expectedSeed='Language:es:US', expectedHash=4913155, langCode='es', countryCode='US', country='United States'}]" classname="com.dotmarketing.business.DeterministicIdentifierAPITest" time="0.001"/>
  <testcase name="Test_Language_Deterministic_Id[1: LanguageTestCase{expectedSeed='Language:ep:', expectedHash=5292269, langCode='ep', countryCode='', country=''}]" classname="com.dotmarketing.business.DeterministicIdentifierAPITest" time="0.002"/>
  <testcase name="Test_Language_Deterministic_Id[2: LanguageTestCase{expectedSeed='Language:sg:SAG', expectedHash=4713118, langCode='sg', countryCode='SAG', country=''}]" classname="com.dotmarketing.business.DeterministicIdentifierAPITest" time="0.001"/>
  <testcase name="Test_Language_Deterministic_Id[3: LanguageTestCase{expectedSeed='Language:en:NZ', expectedHash=5382528, langCode='en', countryCode='NZ', country='New Zealand'}]" classname="com.dotmarketing.business.DeterministicIdentifierAPITest" time="0.001"/>
  <testcase name="Test_Category_None_Persisted_Category_Should_Return_Deterministic_Id" classname="com.dotmarketing.business.DeterministicIdentifierAPITest" time="0.003"/>
  <testcase name="Test_Asset_Generate_Deterministic_Id_Best_Effort[0: TestCase{versionable=my.host1689923302231.com, parent=System Host, expectedName='my.host1689923302231.com', expectedType='Host'}]" classname="com.dotmarketing.business.DeterministicIdentifierAPITest" time="0.005"/>
  <testcase name="Test_Asset_Generate_Deterministic_Id_Best_Effort[1: TestCase{versionable=com.dotmarketing.portlets.contentlet.model.Contentlet@9d2ef9f[map={modDate=2023-07-21 07:08:22.762, fileName=file17748282545939691247.txt, title=file17748282545939691247.txt, inode=c3262822-476d-4258-afad-567c2895092f, __IS_NEW_CONTENT__=true, disabledWYSIWYG=[], host=dd93a548-a55f-48f2-bfc1-e6c7a39c1d1b, stInode=33888b6f-7a8e-4069-b1b6-5c1aa9d0a48d, owner=system, identifier=af60b691-7311-4edd-bde3-ef40941b5318, nullProperties=[wfExpireDate, wfPublishDate, wfActionAssign, wfActionId, wfActionComments, filterKey, whereToSend, wfNeverExpire, _path_to_move, timezoneId, iWantTo, wfPublishTime, wfExpireTime], languageId=1, fileAsset=/home/runner/work/core/custom/assets/c/3/c3262822-476d-4258-afad-567c2895092f/fileAsset/file17748282545939691247.txt, folder=8b5a3e71-987b-4410-80bd-1eb0ceb0d581, __disable_workflow__=true, sortOrder=0, modUser=system},lowIndexPriority=false,variantId=DEFAULT], parent=com.dotmarketing.portlets.folders.model.Folder@9031270[identifier=8b5a3e71-987b-4410-80bd-1eb0ceb0d581,name=testName1689923302752,sortOrder=0,showOnMenu=false,hostId=dd93a548-a55f-48f2-bfc1-e6c7a39c1d1b,type=folder,title=testTitle1689923302752,filesMasks=,defaultFileType=33888b6f-7a8e-4069-b1b6-5c1aa9d0a48d,modDate=2023-07-21 07:08:22.755,owner=&lt;null&gt;,iDate=2023-07-21 07:08:22.755,inode=8b5a3e71-987b-4410-80bd-1eb0ceb0d581,path=/testName1689923302752/], expectedName='file17748282545939691247.txt', expectedType='FileAsset'}]" classname="com.dotmarketing.business.DeterministicIdentifierAPITest" time="0.004"/>
  <testcase name="Test_Asset_Generate_Deterministic_Id_Best_Effort[2: TestCase{versionable=com.dotmarketing.portlets.templates.model.Template@cdc6da6c, parent=my.host1689923302231.com, expectedName='testTitle1689923302918', expectedType='Template'}]" classname="com.dotmarketing.business.DeterministicIdentifierAPITest" time="0.003"/>
  <testcase name="Test_Asset_Generate_Deterministic_Id_Best_Effort[3: TestCase{versionable=com.dotmarketing.portlets.htmlpageasset.model.HTMLPageAsset@fd9c58a[map={template=2c6ad4b4-cec4-43ec-9849-60a514f567af, owner=system, identifier=dc89b47b-8d10-4ed6-b41c-4cce294e3b48, nullProperties=[wfExpireDate, wfPublishDate, wfActionAssign, wfActionId, wfActionComments, filterKey, whereToSend, wfNeverExpire, _path_to_move, timezoneId, iWantTo, wfPublishTime, wfExpireTime], modDate=2023-07-21 07:08:22.95, cachettl=0, _is_test_mode=true, languageId=1, title=test-page-title-1689923302942, httpsreq=, url=test-page-url-1689923302942, showOnMenu=, inode=6a5fca73-20f3-4380-8b72-5e1838cf934f, folder=8b5a3e71-987b-4410-80bd-1eb0ceb0d581, disabledWYSIWYG=[], sortOrder=1, modUser=system, host=dd93a548-a55f-48f2-bfc1-e6c7a39c1d1b, stInode=c541abb1-69b3-4bc5-8430-5e09e5239cc8, friendlyName=test-page-friendly-name-1689923302942},lowIndexPriority=false,variantId=DEFAULT], parent=com.dotmarketing.portlets.folders.model.Folder@9031270[identifier=8b5a3e71-987b-4410-80bd-1eb0ceb0d581,name=testName1689923302752,sortOrder=0,showOnMenu=false,hostId=dd93a548-a55f-48f2-bfc1-e6c7a39c1d1b,type=folder,title=testTitle1689923302752,filesMasks=,defaultFileType=33888b6f-7a8e-4069-b1b6-5c1aa9d0a48d,modDate=2023-07-21 07:08:22.755,owner=&lt;null&gt;,iDate=2023-07-21 07:08:22.755,inode=8b5a3e71-987b-4410-80bd-1eb0ceb0d581,path=/testName1689923302752/], expectedName='test-page-url-1689923302942', expectedType='htmlpageasset'}]" classname="com.dotmarketing.business.DeterministicIdentifierAPITest" time="0.004"/>
  <testcase name="Test_Asset_Generate_Deterministic_Id_Best_Effort[4: TestCase{versionable=com.dotmarketing.portlets.contentlet.model.Contentlet@4e78b78c[map={fileAsset2=/home/runner/work/core/custom/assets/e/6/e6306844-adb3-4a11-8b8e-134bbb53bc9c/fileAsset2/test_binary1689923304773.png, modDate=2023-07-21 07:08:24.782, fileAsset1=/home/runner/work/core/custom/assets/e/6/e6306844-adb3-4a11-8b8e-134bbb53bc9c/fileAsset1/test_binary1689923304772.jpg, title=blah, inode=e6306844-adb3-4a11-8b8e-134bbb53bc9c, __IS_NEW_CONTENT__=true, disabledWYSIWYG=[], host=48190c8c-42c4-46af-8d1a-0cd5db894797, stInode=b70c7d30-66c6-4303-a083-e3217f523e18, owner=system, identifier=217931ef-758a-4422-8e92-9a3c3caab8ed, nullProperties=[], languageId=1, image1=fc25c7f6-4b4c-405d-b88f-5ede722afb0f, folder=SYSTEM_FOLDER, __disable_workflow__=true, sortOrder=0, modUser=system},lowIndexPriority=false,variantId=DEFAULT], parent=demo.dotcms.com, expectedName='test_binary1689923304772.jpg:test_binary1689923304773.png', expectedType='MultipleBinaries1689923303301'}]" classname="com.dotmarketing.business.DeterministicIdentifierAPITest" time="0.005"/>
  <testcase name="Test_Asset_Generate_Deterministic_Id_Best_Effort[5: TestCase{versionable=nameab93804d20 : keyTagab93804d20, parent=my.host1689923302231.com, expectedName='keyTagab93804d20', expectedType='persona'}]" classname="com.dotmarketing.business.DeterministicIdentifierAPITest" time="0.004"/>
  <testcase name="Test_Similar_Content_Type_Wont_Clash" classname="com.dotmarketing.business.DeterministicIdentifierAPITest" time="0.584"/>
  <testcase name="Test_Generate_Folder_Identifier" classname="com.dotmarketing.business.DeterministicIdentifierAPITest" time="0.572"/>
  <testcase name="Test_Generate_Content_Type_Identifier[0: ContentTypeTestCase{contentType=KeyValueContentType{name=Language Variable, id=f4d7c1b8-2c88-4071-abf1-a5328977b07d, description=Default Content Type for Language Variables, defaultType=false, fixed=true, iDate=Thu Aug 31 16:38:49 UTC 2017, system=true, versionable=true, variable=Languagevariable, modDate=Fri Jul 21 05:53:38 UTC 2023, host=SYSTEM_HOST, siteName=systemHost, icon=language, sortOrder=0, folder=SYSTEM_FOLDER, folderPath=/, markedForDeletion=true, multilingualable=false}, expectedName='Languagevariable', expectedType='KeyValue'}]" classname="com.dotmarketing.business.DeterministicIdentifierAPITest" time="0.014"/>
  <testcase name="Test_Generate_Content_Type_Identifier[1: ContentTypeTestCase{contentType=SimpleContentType{name=testName1689923305251, id=7bb8a0ad-8327-48d7-8725-d8f783e62638, description=testDescription1689923305251, defaultType=false, fixed=false, iDate=Fri Jul 21 07:08:25 UTC 2023, system=false, versionable=true, multilingualable=false, variable=testVarname1689923305251, owner=system, modDate=Fri Jul 21 07:08:26 UTC 2023, host=48190c8c-42c4-46af-8d1a-0cd5db894797, siteName=demo.dotcms.com, icon=event_note, sortOrder=0, folder=SYSTEM_FOLDER, folderPath=/, requiredFields=[], markedForDeletion=false}, expectedName='testVarname1689923305251', expectedType='CONTENT'}]" classname="com.dotmarketing.business.DeterministicIdentifierAPITest" time="0.018"/>
  <system-out><![CDATA[]]></system-out>
  <system-err><![CDATA[]]></system-err>
</testsuite>
