<?xml version="1.0" encoding="UTF-8"?>
<testsuite name="com.dotcms.contenttype.test.ContentTypeResourceTest" tests="10" skipped="0" failures="0" errors="0" timestamp="2023-07-06T23:00:21" hostname="fv-az450-882" time="19.769">
  <properties/>
  <testcase name="testJson[0: empty-widget.json]" classname="com.dotcms.contenttype.test.ContentTypeResourceTest" time="3.071"/>
  <testcase name="testJson[1: page-content-type.json]" classname="com.dotcms.contenttype.test.ContentTypeResourceTest" time="4.677"/>
  <testcase name="testJson[2: content-type-object.json]" classname="com.dotcms.contenttype.test.ContentTypeResourceTest" time="1.449"/>
  <testcase name="testJson[3: content-type-array-insert.json]" classname="com.dotcms.contenttype.test.ContentTypeResourceTest" time="2.655"/>
  <testcase name="testJson[4: persona-type-object.json]" classname="com.dotcms.contenttype.test.ContentTypeResourceTest" time="2.629"/>
  <testcase name="testJson[5: widget-type-object.json]" classname="com.dotcms.contenttype.test.ContentTypeResourceTest" time="1.731"/>
  <testcase name="testJson[6: file-asset.json]" classname="com.dotcms.contenttype.test.ContentTypeResourceTest" time="1.786"/>
  <testcase name="testJson[7: content-type-object-insert.json]" classname="com.dotcms.contenttype.test.ContentTypeResourceTest" time="1.765"/>
  <testcase name="test_setHostAndFolderAsIdentifer_with_null" classname="com.dotcms.contenttype.test.ContentTypeResourceTest" time="0.0"/>
  <testcase name="test_setHostAndFolderAsIdentifer_with_System_Host" classname="com.dotcms.contenttype.test.ContentTypeResourceTest" time="0.003"/>
  <system-out><![CDATA[]]></system-out>
  <system-err><![CDATA[]]></system-err>
</testsuite>
