<?xml version="1.0" encoding="UTF-8"?>
<testsuite name="com.dotcms.content.model.hydration.MetadataDelegateTest" tests="1" skipped="0" failures="0" errors="0" timestamp="2023-06-30T18:08:08" hostname="fv-az455-211" time="3.06">
  <properties/>
  <testcase name="Test_File_Asset_Path_Normalized" classname="com.dotcms.content.model.hydration.MetadataDelegateTest" time="3.06"/>
  <system-out><![CDATA[]]></system-out>
  <system-err><![CDATA[]]></system-err>
</testsuite>
