<?xml version="1.0" encoding="UTF-8"?>
<testsuite name="com.dotcms.rest.elasticsearch.ESContentResourcePortletTest" tests="8" skipped="0" failures="0" errors="0" timestamp="2023-06-30T19:22:02" hostname="fv-az360-832" time="9.899">
  <properties/>
  <testcase name="test_search_includeGrandChildCategory_success" classname="com.dotcms.rest.elasticsearch.ESContentResourcePortletTest" time="2.158"/>
  <testcase name="testSearch[0: com.dotcms.rest.elasticsearch.ESContentResourcePortletTest$TestCase@27c13aa8]" classname="com.dotcms.rest.elasticsearch.ESContentResourcePortletTest" time="1.068"/>
  <testcase name="testSearch[1: com.dotcms.rest.elasticsearch.ESContentResourcePortletTest$TestCase@3cb169ba]" classname="com.dotcms.rest.elasticsearch.ESContentResourcePortletTest" time="1.453"/>
  <testcase name="testSearch[2: com.dotcms.rest.elasticsearch.ESContentResourcePortletTest$TestCase@5132431e]" classname="com.dotcms.rest.elasticsearch.ESContentResourcePortletTest" time="1.118"/>
  <testcase name="testSearch[3: com.dotcms.rest.elasticsearch.ESContentResourcePortletTest$TestCase@68a17e73]" classname="com.dotcms.rest.elasticsearch.ESContentResourcePortletTest" time="1.373"/>
  <testcase name="testSearch[4: com.dotcms.rest.elasticsearch.ESContentResourcePortletTest$TestCase@469b1db5]" classname="com.dotcms.rest.elasticsearch.ESContentResourcePortletTest" time="0.4"/>
  <testcase name="testSearch[5: com.dotcms.rest.elasticsearch.ESContentResourcePortletTest$TestCase@71d05065]" classname="com.dotcms.rest.elasticsearch.ESContentResourcePortletTest" time="1.162"/>
  <testcase name="testSearch[6: com.dotcms.rest.elasticsearch.ESContentResourcePortletTest$TestCase@32b9d7f2]" classname="com.dotcms.rest.elasticsearch.ESContentResourcePortletTest" time="1.161"/>
  <system-out><![CDATA[]]></system-out>
  <system-err><![CDATA[]]></system-err>
</testsuite>
