<?xml version="1.0" encoding="UTF-8"?>
<testsuite name="com.dotmarketing.portlets.structure.model.ContentletRelationshipsTest" tests="7" skipped="0" failures="0" errors="0" timestamp="2023-07-06T20:22:16" hostname="fv-az1234-650" time="11.067">
  <properties/>
  <testcase name="testDoesAllowOnlyOne[0: com.dotmarketing.portlets.structure.model.ContentletRelationshipsTest$CardinalityTestCase@13997188]" classname="com.dotmarketing.portlets.structure.model.ContentletRelationshipsTest" time="0.687"/>
  <testcase name="testDoesAllowOnlyOne[1: com.dotmarketing.portlets.structure.model.ContentletRelationshipsTest$CardinalityTestCase@260d0f51]" classname="com.dotmarketing.portlets.structure.model.ContentletRelationshipsTest" time="0.619"/>
  <testcase name="testDoesAllowOnlyOne[2: com.dotmarketing.portlets.structure.model.ContentletRelationshipsTest$CardinalityTestCase@53624570]" classname="com.dotmarketing.portlets.structure.model.ContentletRelationshipsTest" time="0.655"/>
  <testcase name="testGetRelationshipRecords[0: com.dotmarketing.portlets.structure.model.ContentletRelationshipsTest$TestCase@1b46fa96]" classname="com.dotmarketing.portlets.structure.model.ContentletRelationshipsTest" time="2.464"/>
  <testcase name="testGetRelationshipRecords[1: com.dotmarketing.portlets.structure.model.ContentletRelationshipsTest$TestCase@430bdd47]" classname="com.dotmarketing.portlets.structure.model.ContentletRelationshipsTest" time="2.274"/>
  <testcase name="testGetRelationshipRecords[2: com.dotmarketing.portlets.structure.model.ContentletRelationshipsTest$TestCase@d3225f0]" classname="com.dotmarketing.portlets.structure.model.ContentletRelationshipsTest" time="2.112"/>
  <testcase name="testGetRelationshipRecords[3: com.dotmarketing.portlets.structure.model.ContentletRelationshipsTest$TestCase@4cbaa8e3]" classname="com.dotmarketing.portlets.structure.model.ContentletRelationshipsTest" time="2.254"/>
  <system-out><![CDATA[]]></system-out>
  <system-err><![CDATA[]]></system-err>
</testsuite>
