<?xml version="1.0" encoding="UTF-8"?>
<testsuite name="com.dotcms.publishing.PublisherAPIImplTest" tests="24" skipped="0" failures="0" errors="0" timestamp="2023-06-28T18:51:02" hostname="fv-az851-777" time="3.642">
  <properties/>
  <testcase name="AddAllCategoryIntoBundle" classname="com.dotcms.publishing.PublisherAPIImplTest" time="0.132"/>
  <testcase name="testFilterDescriptors" classname="com.dotcms.publishing.PublisherAPIImplTest" time="0.074"/>
  <testcase name="sendPushPublishBundle[0: com.dotcms.publishing.PublisherAPIImplTest$TestAsset@1e6854c9]" classname="com.dotcms.publishing.PublisherAPIImplTest" time="1.046"/>
  <testcase name="sendPushPublishBundle[1: com.dotcms.publishing.PublisherAPIImplTest$TestAsset@2adbf07c]" classname="com.dotcms.publishing.PublisherAPIImplTest" time="0.234"/>
  <testcase name="sendPushPublishBundle[2: com.dotcms.publishing.PublisherAPIImplTest$TestAsset@57e3e0b3]" classname="com.dotcms.publishing.PublisherAPIImplTest" time="0.221"/>
  <testcase name="sendPushPublishBundle[3: com.dotcms.publishing.PublisherAPIImplTest$TestAsset@498f0185]" classname="com.dotcms.publishing.PublisherAPIImplTest" time="0.266"/>
  <testcase name="sendPushPublishBundle[4: com.dotcms.publishing.PublisherAPIImplTest$TestAsset@151dda61]" classname="com.dotcms.publishing.PublisherAPIImplTest" time="0.202"/>
  <testcase name="sendPushPublishBundle[5: com.dotcms.publishing.PublisherAPIImplTest$TestAsset@603090ae]" classname="com.dotcms.publishing.PublisherAPIImplTest" time="0.11"/>
  <testcase name="sendPushPublishBundle[6: com.dotcms.publishing.PublisherAPIImplTest$TestAsset@281e0263]" classname="com.dotcms.publishing.PublisherAPIImplTest" time="0.102"/>
  <testcase name="sendPushPublishBundle[7: com.dotcms.publishing.PublisherAPIImplTest$TestAsset@19acbdcc]" classname="com.dotcms.publishing.PublisherAPIImplTest" time="0.109"/>
  <testcase name="sendPushPublishBundle[8: com.dotcms.publishing.PublisherAPIImplTest$TestAsset@6299b24a]" classname="com.dotcms.publishing.PublisherAPIImplTest" time="0.08"/>
  <testcase name="sendPushPublishBundle[9: com.dotcms.publishing.PublisherAPIImplTest$TestAsset@6c8eb57]" classname="com.dotcms.publishing.PublisherAPIImplTest" time="0.155"/>
  <testcase name="sendPushPublishBundle[10: com.dotcms.publishing.PublisherAPIImplTest$TestAsset@5e9decf7]" classname="com.dotcms.publishing.PublisherAPIImplTest" time="0.073"/>
  <testcase name="generateBundle[0: com.dotcms.publishing.PublisherAPIImplTest$TestAsset@1e6854c9]" classname="com.dotcms.publishing.PublisherAPIImplTest" time="0.087"/>
  <testcase name="generateBundle[1: com.dotcms.publishing.PublisherAPIImplTest$TestAsset@2adbf07c]" classname="com.dotcms.publishing.PublisherAPIImplTest" time="0.082"/>
  <testcase name="generateBundle[2: com.dotcms.publishing.PublisherAPIImplTest$TestAsset@57e3e0b3]" classname="com.dotcms.publishing.PublisherAPIImplTest" time="0.066"/>
  <testcase name="generateBundle[3: com.dotcms.publishing.PublisherAPIImplTest$TestAsset@498f0185]" classname="com.dotcms.publishing.PublisherAPIImplTest" time="0.114"/>
  <testcase name="generateBundle[4: com.dotcms.publishing.PublisherAPIImplTest$TestAsset@151dda61]" classname="com.dotcms.publishing.PublisherAPIImplTest" time="0.13"/>
  <testcase name="generateBundle[5: com.dotcms.publishing.PublisherAPIImplTest$TestAsset@603090ae]" classname="com.dotcms.publishing.PublisherAPIImplTest" time="0.073"/>
  <testcase name="generateBundle[6: com.dotcms.publishing.PublisherAPIImplTest$TestAsset@281e0263]" classname="com.dotcms.publishing.PublisherAPIImplTest" time="0.069"/>
  <testcase name="generateBundle[7: com.dotcms.publishing.PublisherAPIImplTest$TestAsset@19acbdcc]" classname="com.dotcms.publishing.PublisherAPIImplTest" time="0.063"/>
  <testcase name="generateBundle[8: com.dotcms.publishing.PublisherAPIImplTest$TestAsset@6299b24a]" classname="com.dotcms.publishing.PublisherAPIImplTest" time="0.047"/>
  <testcase name="generateBundle[9: com.dotcms.publishing.PublisherAPIImplTest$TestAsset@6c8eb57]" classname="com.dotcms.publishing.PublisherAPIImplTest" time="0.086"/>
  <testcase name="generateBundle[10: com.dotcms.publishing.PublisherAPIImplTest$TestAsset@5e9decf7]" classname="com.dotcms.publishing.PublisherAPIImplTest" time="0.013"/>
  <system-out><![CDATA[









































































































































































]]></system-out>
  <system-err><![CDATA[]]></system-err>
</testsuite>
