<?xml version="1.0" encoding="UTF-8"?>
<testsuite name="com.dotcms.rest.elasticsearch.ESContentResourcePortletTest" tests="8" skipped="0" failures="0" errors="0" timestamp="2023-07-20T18:00:50" hostname="fv-az799-201" time="7.557">
  <properties/>
  <testcase name="test_search_includeGrandChildCategory_success" classname="com.dotcms.rest.elasticsearch.ESContentResourcePortletTest" time="1.298"/>
  <testcase name="testSearch[0: com.dotcms.rest.elasticsearch.ESContentResourcePortletTest$TestCase@2c7c67c]" classname="com.dotcms.rest.elasticsearch.ESContentResourcePortletTest" time="0.908"/>
  <testcase name="testSearch[1: com.dotcms.rest.elasticsearch.ESContentResourcePortletTest$TestCase@22f1b0ff]" classname="com.dotcms.rest.elasticsearch.ESContentResourcePortletTest" time="0.238"/>
  <testcase name="testSearch[2: com.dotcms.rest.elasticsearch.ESContentResourcePortletTest$TestCase@7ccdf25d]" classname="com.dotcms.rest.elasticsearch.ESContentResourcePortletTest" time="0.872"/>
  <testcase name="testSearch[3: com.dotcms.rest.elasticsearch.ESContentResourcePortletTest$TestCase@3e835b20]" classname="com.dotcms.rest.elasticsearch.ESContentResourcePortletTest" time="1.281"/>
  <testcase name="testSearch[4: com.dotcms.rest.elasticsearch.ESContentResourcePortletTest$TestCase@2cb9eaa]" classname="com.dotcms.rest.elasticsearch.ESContentResourcePortletTest" time="1.239"/>
  <testcase name="testSearch[5: com.dotcms.rest.elasticsearch.ESContentResourcePortletTest$TestCase@2d92a044]" classname="com.dotcms.rest.elasticsearch.ESContentResourcePortletTest" time="0.863"/>
  <testcase name="testSearch[6: com.dotcms.rest.elasticsearch.ESContentResourcePortletTest$TestCase@3e5ee0b1]" classname="com.dotcms.rest.elasticsearch.ESContentResourcePortletTest" time="0.856"/>
  <system-out><![CDATA[]]></system-out>
  <system-err><![CDATA[]]></system-err>
</testsuite>
