<?xml version="1.0" encoding="UTF-8"?>
<testsuite name="com.dotmarketing.servlets.ajax.AjaxDirectorServletIntegrationTest" tests="2" skipped="0" failures="0" errors="0" timestamp="2023-07-20T00:33:33" hostname="fv-az341-447" time="1.312">
  <properties/>
  <testcase name="testService[0: com.dotmarketing.servlets.ajax.AjaxDirectorServletTestCase@db9ee48]" classname="com.dotmarketing.servlets.ajax.AjaxDirectorServletIntegrationTest" time="0.766"/>
  <testcase name="testService[1: com.dotmarketing.servlets.ajax.AjaxDirectorServletTestCase@6e029633]" classname="com.dotmarketing.servlets.ajax.AjaxDirectorServletIntegrationTest" time="0.545"/>
  <system-out><![CDATA[]]></system-out>
  <system-err><![CDATA[]]></system-err>
</testsuite>
