<?xml version="1.0" encoding="UTF-8"?>
<testsuite name="com.dotmarketing.portlets.structure.model.ContentletRelationshipsTest" tests="7" skipped="0" failures="0" errors="0" timestamp="2023-07-21T19:00:08" hostname="fv-az449-560" time="9.486">
  <properties/>
  <testcase name="testDoesAllowOnlyOne[0: com.dotmarketing.portlets.structure.model.ContentletRelationshipsTest$CardinalityTestCase@6c4e0034]" classname="com.dotmarketing.portlets.structure.model.ContentletRelationshipsTest" time="0.624"/>
  <testcase name="testDoesAllowOnlyOne[1: com.dotmarketing.portlets.structure.model.ContentletRelationshipsTest$CardinalityTestCase@7b8fb591]" classname="com.dotmarketing.portlets.structure.model.ContentletRelationshipsTest" time="0.61"/>
  <testcase name="testDoesAllowOnlyOne[2: com.dotmarketing.portlets.structure.model.ContentletRelationshipsTest$CardinalityTestCase@59d9e862]" classname="com.dotmarketing.portlets.structure.model.ContentletRelationshipsTest" time="0.625"/>
  <testcase name="testGetRelationshipRecords[0: com.dotmarketing.portlets.structure.model.ContentletRelationshipsTest$TestCase@25949d1a]" classname="com.dotmarketing.portlets.structure.model.ContentletRelationshipsTest" time="2.3"/>
  <testcase name="testGetRelationshipRecords[1: com.dotmarketing.portlets.structure.model.ContentletRelationshipsTest$TestCase@3947663c]" classname="com.dotmarketing.portlets.structure.model.ContentletRelationshipsTest" time="1.226"/>
  <testcase name="testGetRelationshipRecords[2: com.dotmarketing.portlets.structure.model.ContentletRelationshipsTest$TestCase@3fe27fb8]" classname="com.dotmarketing.portlets.structure.model.ContentletRelationshipsTest" time="2.064"/>
  <testcase name="testGetRelationshipRecords[3: com.dotmarketing.portlets.structure.model.ContentletRelationshipsTest$TestCase@29ee0ade]" classname="com.dotmarketing.portlets.structure.model.ContentletRelationshipsTest" time="2.035"/>
  <system-out><![CDATA[]]></system-out>
  <system-err><![CDATA[]]></system-err>
</testsuite>
