<?xml version="1.0" encoding="UTF-8"?>
<testsuite name="com.dotmarketing.business.DeterministicIdentifierAPITest" tests="16" skipped="0" failures="0" errors="0" timestamp="2023-07-18T20:09:17" hostname="fv-az206-458" time="1.391">
  <properties/>
  <testcase name="Test_Category_Path_Seed_And_Id" classname="com.dotmarketing.business.DeterministicIdentifierAPITest" time="0.024"/>
  <testcase name="Test_Language_Deterministic_Id[0: LanguageTestCase{expectedSeed='Language:es:US', expectedHash=4913155, langCode='es', countryCode='US', country='United States'}]" classname="com.dotmarketing.business.DeterministicIdentifierAPITest" time="0.001"/>
  <testcase name="Test_Language_Deterministic_Id[1: LanguageTestCase{expectedSeed='Language:ep:', expectedHash=5292269, langCode='ep', countryCode='', country=''}]" classname="com.dotmarketing.business.DeterministicIdentifierAPITest" time="0.002"/>
  <testcase name="Test_Language_Deterministic_Id[2: LanguageTestCase{expectedSeed='Language:sg:SAG', expectedHash=4713118, langCode='sg', countryCode='SAG', country=''}]" classname="com.dotmarketing.business.DeterministicIdentifierAPITest" time="0.001"/>
  <testcase name="Test_Language_Deterministic_Id[3: LanguageTestCase{expectedSeed='Language:en:NZ', expectedHash=5382528, langCode='en', countryCode='NZ', country='New Zealand'}]" classname="com.dotmarketing.business.DeterministicIdentifierAPITest" time="0.001"/>
  <testcase name="Test_Category_None_Persisted_Category_Should_Return_Deterministic_Id" classname="com.dotmarketing.business.DeterministicIdentifierAPITest" time="0.001"/>
  <testcase name="Test_Asset_Generate_Deterministic_Id_Best_Effort[0: TestCase{versionable=my.host1689710572054.com, parent=System Host, expectedName='my.host1689710572054.com', expectedType='Host'}]" classname="com.dotmarketing.business.DeterministicIdentifierAPITest" time="0.005"/>
  <testcase name="Test_Asset_Generate_Deterministic_Id_Best_Effort[1: TestCase{versionable=com.dotmarketing.portlets.contentlet.model.Contentlet@4b8c70af[map={modDate=2023-07-18 20:02:52.729, fileName=file11726724614654998429.txt, title=file11726724614654998429.txt, inode=320ad0a8-0242-497e-baec-6d0d9150f1c9, __IS_NEW_CONTENT__=true, disabledWYSIWYG=[], host=398cea41-c49c-4888-9b03-c12f05c9ace8, stInode=33888b6f-7a8e-4069-b1b6-5c1aa9d0a48d, owner=system, identifier=2a6d54be-0ae4-4897-b220-5fd8ecc331ff, nullProperties=[wfExpireDate, wfPublishDate, wfActionAssign, wfActionId, wfActionComments, filterKey, whereToSend, wfNeverExpire, _path_to_move, timezoneId, iWantTo, wfPublishTime, wfExpireTime], languageId=1, fileAsset=/home/runner/work/core/custom/assets/3/2/320ad0a8-0242-497e-baec-6d0d9150f1c9/fileAsset/file11726724614654998429.txt, folder=58525591-a64f-4ce6-a54b-77441b4e2913, __disable_workflow__=true, sortOrder=0, modUser=system},lowIndexPriority=false,variantId=DEFAULT], parent=com.dotmarketing.portlets.folders.model.Folder@6a19436e[identifier=58525591-a64f-4ce6-a54b-77441b4e2913,name=testName1689710572720,sortOrder=0,showOnMenu=false,hostId=398cea41-c49c-4888-9b03-c12f05c9ace8,type=folder,title=testTitle1689710572720,filesMasks=,defaultFileType=33888b6f-7a8e-4069-b1b6-5c1aa9d0a48d,modDate=2023-07-18 20:02:52.724,owner=&lt;null&gt;,iDate=2023-07-18 20:02:52.724,inode=58525591-a64f-4ce6-a54b-77441b4e2913,path=/testName1689710572720/], expectedName='file11726724614654998429.txt', expectedType='FileAsset'}]" classname="com.dotmarketing.business.DeterministicIdentifierAPITest" time="0.004"/>
  <testcase name="Test_Asset_Generate_Deterministic_Id_Best_Effort[2: TestCase{versionable=com.dotmarketing.portlets.templates.model.Template@ef74b484, parent=my.host1689710572054.com, expectedName='testTitle1689710572849', expectedType='Template'}]" classname="com.dotmarketing.business.DeterministicIdentifierAPITest" time="0.004"/>
  <testcase name="Test_Asset_Generate_Deterministic_Id_Best_Effort[3: TestCase{versionable=com.dotmarketing.portlets.htmlpageasset.model.HTMLPageAsset@14865ed[map={template=34a10685-b722-4591-a848-fcf4e20a4d18, owner=system, identifier=07752d69-012a-4f70-9da2-9cc049870a7c, nullProperties=[wfExpireDate, wfPublishDate, wfActionAssign, wfActionId, wfActionComments, filterKey, whereToSend, wfNeverExpire, _path_to_move, timezoneId, iWantTo, wfPublishTime, wfExpireTime], modDate=2023-07-18 20:02:52.872, cachettl=0, _is_test_mode=true, languageId=1, title=test-page-title-1689710572867, httpsreq=, url=test-page-url-1689710572867, showOnMenu=, inode=be808b37-84d7-4851-bd29-f319929b3eea, folder=58525591-a64f-4ce6-a54b-77441b4e2913, disabledWYSIWYG=[], sortOrder=1, modUser=system, host=398cea41-c49c-4888-9b03-c12f05c9ace8, stInode=c541abb1-69b3-4bc5-8430-5e09e5239cc8, friendlyName=test-page-friendly-name-1689710572867},lowIndexPriority=false,variantId=DEFAULT], parent=com.dotmarketing.portlets.folders.model.Folder@6a19436e[identifier=58525591-a64f-4ce6-a54b-77441b4e2913,name=testName1689710572720,sortOrder=0,showOnMenu=false,hostId=398cea41-c49c-4888-9b03-c12f05c9ace8,type=folder,title=testTitle1689710572720,filesMasks=,defaultFileType=33888b6f-7a8e-4069-b1b6-5c1aa9d0a48d,modDate=2023-07-18 20:02:52.724,owner=&lt;null&gt;,iDate=2023-07-18 20:02:52.724,inode=58525591-a64f-4ce6-a54b-77441b4e2913,path=/testName1689710572720/], expectedName='test-page-url-1689710572867', expectedType='htmlpageasset'}]" classname="com.dotmarketing.business.DeterministicIdentifierAPITest" time="0.003"/>
  <testcase name="Test_Asset_Generate_Deterministic_Id_Best_Effort[4: TestCase{versionable=com.dotmarketing.portlets.contentlet.model.Contentlet@9e3b45d[map={fileAsset2=/home/runner/work/core/custom/assets/3/7/374612e2-a6c5-400a-a911-fd63a412ea6f/fileAsset2/test_binary1689710574719.png, modDate=2023-07-18 20:02:54.734, fileAsset1=/home/runner/work/core/custom/assets/3/7/374612e2-a6c5-400a-a911-fd63a412ea6f/fileAsset1/test_binary1689710574719.jpg, title=blah, inode=374612e2-a6c5-400a-a911-fd63a412ea6f, __IS_NEW_CONTENT__=true, disabledWYSIWYG=[], host=48190c8c-42c4-46af-8d1a-0cd5db894797, stInode=624e9018-cfad-479a-a244-e847703fe431, owner=system, identifier=f0390405-a409-405d-8cd8-1e67896fc9bb, nullProperties=[], languageId=1, image1=79daf033-74dd-42fe-9bec-1ecba9e9da06, folder=SYSTEM_FOLDER, __disable_workflow__=true, sortOrder=0, modUser=system},lowIndexPriority=false,variantId=DEFAULT], parent=demo.dotcms.com, expectedName='test_binary1689710574719.jpg:test_binary1689710574719.png', expectedType='MultipleBinaries1689710573123'}]" classname="com.dotmarketing.business.DeterministicIdentifierAPITest" time="0.004"/>
  <testcase name="Test_Asset_Generate_Deterministic_Id_Best_Effort[5: TestCase{versionable=name37cd47de69 : keyTag37cd47de69, parent=my.host1689710572054.com, expectedName='keyTag37cd47de69', expectedType='persona'}]" classname="com.dotmarketing.business.DeterministicIdentifierAPITest" time="0.002"/>
  <testcase name="Test_Similar_Content_Type_Wont_Clash" classname="com.dotmarketing.business.DeterministicIdentifierAPITest" time="0.454"/>
  <testcase name="Test_Generate_Folder_Identifier" classname="com.dotmarketing.business.DeterministicIdentifierAPITest" time="0.864"/>
  <testcase name="Test_Generate_Content_Type_Identifier[0: ContentTypeTestCase{contentType=KeyValueContentType{name=Language Variable, id=f4d7c1b8-2c88-4071-abf1-a5328977b07d, description=Default Content Type for Language Variables, defaultType=false, fixed=true, iDate=Thu Aug 31 16:38:49 UTC 2017, system=true, versionable=true, variable=Languagevariable, modDate=Tue Jul 18 18:57:10 UTC 2023, host=SYSTEM_HOST, siteName=systemHost, icon=language, sortOrder=0, folder=SYSTEM_FOLDER, folderPath=/, markedForDeletion=true, multilingualable=false}, expectedName='Languagevariable', expectedType='KeyValue'}]" classname="com.dotmarketing.business.DeterministicIdentifierAPITest" time="0.014"/>
  <testcase name="Test_Generate_Content_Type_Identifier[1: ContentTypeTestCase{contentType=SimpleContentType{name=testName1689710575160, id=1b8b6d5b-a0fe-40dd-b687-09e35102df30, description=testDescription1689710575160, defaultType=false, fixed=false, iDate=Tue Jul 18 20:02:55 UTC 2023, system=false, versionable=true, multilingualable=false, variable=testVarname1689710575160, owner=system, modDate=Tue Jul 18 20:02:56 UTC 2023, host=48190c8c-42c4-46af-8d1a-0cd5db894797, siteName=demo.dotcms.com, icon=event_note, sortOrder=0, folder=SYSTEM_FOLDER, folderPath=/, requiredFields=[], markedForDeletion=false}, expectedName='testVarname1689710575160', expectedType='CONTENT'}]" classname="com.dotmarketing.business.DeterministicIdentifierAPITest" time="0.004"/>
  <system-out><![CDATA[]]></system-out>
  <system-err><![CDATA[]]></system-err>
</testsuite>
