<?xml version="1.0" encoding="UTF-8"?>
<testsuite name="com.dotcms.rest.api.v1.menu.MenuResourceTest" tests="1" skipped="0" failures="0" errors="0" timestamp="2023-07-17T21:56:41" hostname="fv-az561-617" time="1.471">
  <properties/>
  <testcase name="test_get_translation" classname="com.dotcms.rest.api.v1.menu.MenuResourceTest" time="1.471"/>
  <system-out><![CDATA[]]></system-out>
  <system-err><![CDATA[]]></system-err>
</testsuite>
