<?xml version="1.0" encoding="UTF-8"?>
<testsuite name="com.dotcms.rendering.velocity.viewtools.FileToolTest" tests="5" skipped="0" failures="0" errors="0" timestamp="2023-07-21T06:55:53" hostname="fv-az484-380" time="8.929">
  <properties/>
  <testcase name="getFileWithTwoVersions" classname="com.dotcms.rendering.velocity.viewtools.FileToolTest" time="1.037"/>
  <testcase name="getFileNotDefaultVariant" classname="com.dotcms.rendering.velocity.viewtools.FileToolTest" time="1.817"/>
  <testcase name="getFileWithVersionInAnotherVariant" classname="com.dotcms.rendering.velocity.viewtools.FileToolTest" time="2.014"/>
  <testcase name="getFileByFallback" classname="com.dotcms.rendering.velocity.viewtools.FileToolTest" time="2.093"/>
  <testcase name="testGetFile_givenNotLiveFile_ShouldReturnNull" classname="com.dotcms.rendering.velocity.viewtools.FileToolTest" time="1.968"/>
  <system-out><![CDATA[]]></system-out>
  <system-err><![CDATA[]]></system-err>
</testsuite>
