<?xml version="1.0" encoding="UTF-8"?>
<testsuite name="com.dotmarketing.portlets.structure.model.ContentletRelationshipsTest" tests="7" skipped="0" failures="0" errors="0" timestamp="2023-06-30T15:41:19" hostname="fv-az178-462" time="10.61">
  <properties/>
  <testcase name="testDoesAllowOnlyOne[0: com.dotmarketing.portlets.structure.model.ContentletRelationshipsTest$CardinalityTestCase@5289140f]" classname="com.dotmarketing.portlets.structure.model.ContentletRelationshipsTest" time="0.674"/>
  <testcase name="testDoesAllowOnlyOne[1: com.dotmarketing.portlets.structure.model.ContentletRelationshipsTest$CardinalityTestCase@18c3aafb]" classname="com.dotmarketing.portlets.structure.model.ContentletRelationshipsTest" time="0.597"/>
  <testcase name="testDoesAllowOnlyOne[2: com.dotmarketing.portlets.structure.model.ContentletRelationshipsTest$CardinalityTestCase@20cc801d]" classname="com.dotmarketing.portlets.structure.model.ContentletRelationshipsTest" time="0.593"/>
  <testcase name="testGetRelationshipRecords[0: com.dotmarketing.portlets.structure.model.ContentletRelationshipsTest$TestCase@36264869]" classname="com.dotmarketing.portlets.structure.model.ContentletRelationshipsTest" time="2.261"/>
  <testcase name="testGetRelationshipRecords[1: com.dotmarketing.portlets.structure.model.ContentletRelationshipsTest$TestCase@2c950bce]" classname="com.dotmarketing.portlets.structure.model.ContentletRelationshipsTest" time="2.192"/>
  <testcase name="testGetRelationshipRecords[2: com.dotmarketing.portlets.structure.model.ContentletRelationshipsTest$TestCase@2984f8d5]" classname="com.dotmarketing.portlets.structure.model.ContentletRelationshipsTest" time="2.175"/>
  <testcase name="testGetRelationshipRecords[3: com.dotmarketing.portlets.structure.model.ContentletRelationshipsTest$TestCase@6d8c5990]" classname="com.dotmarketing.portlets.structure.model.ContentletRelationshipsTest" time="2.117"/>
  <system-out><![CDATA[]]></system-out>
  <system-err><![CDATA[]]></system-err>
</testsuite>
