<?xml version="1.0" encoding="UTF-8"?>
<testsuite name="com.dotcms.contenttype.test.ContentResourceTest" tests="52" skipped="0" failures="0" errors="0" timestamp="2023-06-26T14:52:05" hostname="fv-az180-822" time="135.604">
  <properties/>
  <testcase name="testGetContentShouldReturnIconDetails" classname="com.dotcms.contenttype.test.ContentResourceTest" time="1.422"/>
  <testcase name="Test_Save_Action_Set_Words_To_Required_NumericField_Issue_15340" classname="com.dotcms.contenttype.test.ContentResourceTest" time="0.874"/>
  <testcase name="test_getContent_includeGrandChildCategory_success" classname="com.dotcms.contenttype.test.ContentResourceTest" time="1.285"/>
  <testcase name="testGetContentWithRelatedParameter[0: com.dotcms.contenttype.test.ContentResourceTest$PullRelatedTestCase@a68ff88]" classname="com.dotcms.contenttype.test.ContentResourceTest" time="3.603"/>
  <testcase name="testGetContentWithRelatedParameter[1: com.dotcms.contenttype.test.ContentResourceTest$PullRelatedTestCase@d0446d]" classname="com.dotcms.contenttype.test.ContentResourceTest" time="3.476"/>
  <testcase name="testGetContentWithRelatedParameter[2: com.dotcms.contenttype.test.ContentResourceTest$PullRelatedTestCase@3fd5bb39]" classname="com.dotcms.contenttype.test.ContentResourceTest" time="3.574"/>
  <testcase name="testGetContentWithRelatedParameter[3: com.dotcms.contenttype.test.ContentResourceTest$PullRelatedTestCase@20c3a6f2]" classname="com.dotcms.contenttype.test.ContentResourceTest" time="3.405"/>
  <testcase name="testGetContentWithRelatedParameter[4: com.dotcms.contenttype.test.ContentResourceTest$PullRelatedTestCase@6d9a89dd]" classname="com.dotcms.contenttype.test.ContentResourceTest" time="3.605"/>
  <testcase name="test_getContent_SelfRelatedWith3LevelsOfDepth_shouldReturnRelationships" classname="com.dotcms.contenttype.test.ContentResourceTest" time="1.252"/>
  <testcase name="Test_Save_Action_Send_Fields_SubSet_Issue_15340" classname="com.dotcms.contenttype.test.ContentResourceTest" time="2.822"/>
  <testcase name="test_getContent_shouldReturnRelationships[0: com.dotcms.contenttype.test.ContentResourceTest$TestCase@6f6b4b2f]" classname="com.dotcms.contenttype.test.ContentResourceTest" time="2.793"/>
  <testcase name="test_getContent_shouldReturnRelationships[1: com.dotcms.contenttype.test.ContentResourceTest$TestCase@7df52988]" classname="com.dotcms.contenttype.test.ContentResourceTest" time="2.723"/>
  <testcase name="test_getContent_shouldReturnRelationships[2: com.dotcms.contenttype.test.ContentResourceTest$TestCase@403ce4f2]" classname="com.dotcms.contenttype.test.ContentResourceTest" time="2.687"/>
  <testcase name="test_getContent_shouldReturnRelationships[3: com.dotcms.contenttype.test.ContentResourceTest$TestCase@79d15949]" classname="com.dotcms.contenttype.test.ContentResourceTest" time="1.847"/>
  <testcase name="test_getContent_shouldReturnRelationships[4: com.dotcms.contenttype.test.ContentResourceTest$TestCase@4c56576f]" classname="com.dotcms.contenttype.test.ContentResourceTest" time="2.69"/>
  <testcase name="test_getContent_shouldReturnRelationships[5: com.dotcms.contenttype.test.ContentResourceTest$TestCase@183b9e04]" classname="com.dotcms.contenttype.test.ContentResourceTest" time="2.608"/>
  <testcase name="test_getContent_shouldReturnRelationships[6: com.dotcms.contenttype.test.ContentResourceTest$TestCase@3f87f285]" classname="com.dotcms.contenttype.test.ContentResourceTest" time="2.612"/>
  <testcase name="test_getContent_shouldReturnRelationships[7: com.dotcms.contenttype.test.ContentResourceTest$TestCase@4c6fef2d]" classname="com.dotcms.contenttype.test.ContentResourceTest" time="2.706"/>
  <testcase name="test_getContent_shouldReturnRelationships[8: com.dotcms.contenttype.test.ContentResourceTest$TestCase@32fc24e0]" classname="com.dotcms.contenttype.test.ContentResourceTest" time="2.747"/>
  <testcase name="test_getContent_shouldReturnRelationships[9: com.dotcms.contenttype.test.ContentResourceTest$TestCase@76f35705]" classname="com.dotcms.contenttype.test.ContentResourceTest" time="2.806"/>
  <testcase name="test_getContent_shouldReturnRelationships[10: com.dotcms.contenttype.test.ContentResourceTest$TestCase@76608084]" classname="com.dotcms.contenttype.test.ContentResourceTest" time="2.666"/>
  <testcase name="test_getContent_shouldReturnRelationships[11: com.dotcms.contenttype.test.ContentResourceTest$TestCase@45451fe2]" classname="com.dotcms.contenttype.test.ContentResourceTest" time="2.589"/>
  <testcase name="test_getContent_shouldReturnRelationships[12: com.dotcms.contenttype.test.ContentResourceTest$TestCase@164de88e]" classname="com.dotcms.contenttype.test.ContentResourceTest" time="2.78"/>
  <testcase name="test_getContent_shouldReturnRelationships[13: com.dotcms.contenttype.test.ContentResourceTest$TestCase@7a6ace3d]" classname="com.dotcms.contenttype.test.ContentResourceTest" time="2.642"/>
  <testcase name="test_getContent_shouldReturnRelationships[14: com.dotcms.contenttype.test.ContentResourceTest$TestCase@87c1554]" classname="com.dotcms.contenttype.test.ContentResourceTest" time="2.66"/>
  <testcase name="test_getContent_shouldReturnRelationships[15: com.dotcms.contenttype.test.ContentResourceTest$TestCase@65abb1b6]" classname="com.dotcms.contenttype.test.ContentResourceTest" time="3.772"/>
  <testcase name="test_getContent_shouldReturnRelationships[16: com.dotcms.contenttype.test.ContentResourceTest$TestCase@1c5b3c15]" classname="com.dotcms.contenttype.test.ContentResourceTest" time="3.676"/>
  <testcase name="test_getContent_shouldReturnRelationships[17: com.dotcms.contenttype.test.ContentResourceTest$TestCase@30ec0285]" classname="com.dotcms.contenttype.test.ContentResourceTest" time="2.789"/>
  <testcase name="test_getContent_shouldReturnRelationships[18: com.dotcms.contenttype.test.ContentResourceTest$TestCase@58527779]" classname="com.dotcms.contenttype.test.ContentResourceTest" time="2.759"/>
  <testcase name="test_getContent_shouldReturnRelationships[19: com.dotcms.contenttype.test.ContentResourceTest$TestCase@60cc4bc4]" classname="com.dotcms.contenttype.test.ContentResourceTest" time="2.711"/>
  <testcase name="test_getContent_shouldReturnRelationships[20: com.dotcms.contenttype.test.ContentResourceTest$TestCase@25b2685c]" classname="com.dotcms.contenttype.test.ContentResourceTest" time="2.999"/>
  <testcase name="test_getContent_shouldReturnRelationships[21: com.dotcms.contenttype.test.ContentResourceTest$TestCase@759aae45]" classname="com.dotcms.contenttype.test.ContentResourceTest" time="2.764"/>
  <testcase name="test_getContent_shouldReturnRelationships[22: com.dotcms.contenttype.test.ContentResourceTest$TestCase@3e38f630]" classname="com.dotcms.contenttype.test.ContentResourceTest" time="2.724"/>
  <testcase name="test_getContent_shouldReturnRelationships[23: com.dotcms.contenttype.test.ContentResourceTest$TestCase@3ca80858]" classname="com.dotcms.contenttype.test.ContentResourceTest" time="2.885"/>
  <testcase name="test_getContent_shouldReturnRelationships[24: com.dotcms.contenttype.test.ContentResourceTest$TestCase@a6e7719]" classname="com.dotcms.contenttype.test.ContentResourceTest" time="2.691"/>
  <testcase name="test_getContent_shouldReturnRelationships[25: com.dotcms.contenttype.test.ContentResourceTest$TestCase@2a261897]" classname="com.dotcms.contenttype.test.ContentResourceTest" time="2.886"/>
  <testcase name="test_getContent_shouldReturnRelationships[26: com.dotcms.contenttype.test.ContentResourceTest$TestCase@5356f295]" classname="com.dotcms.contenttype.test.ContentResourceTest" time="2.879"/>
  <testcase name="test_getContent_shouldReturnRelationships[27: com.dotcms.contenttype.test.ContentResourceTest$TestCase@2fc0da6f]" classname="com.dotcms.contenttype.test.ContentResourceTest" time="2.746"/>
  <testcase name="test_getContent_shouldReturnRelationships[28: com.dotcms.contenttype.test.ContentResourceTest$TestCase@566fb631]" classname="com.dotcms.contenttype.test.ContentResourceTest" time="2.791"/>
  <testcase name="test_getContent_shouldReturnRelationships[29: com.dotcms.contenttype.test.ContentResourceTest$TestCase@4c17fecb]" classname="com.dotcms.contenttype.test.ContentResourceTest" time="2.743"/>
  <testcase name="test_getContent_shouldReturnRelationships[30: com.dotcms.contenttype.test.ContentResourceTest$TestCase@28317f86]" classname="com.dotcms.contenttype.test.ContentResourceTest" time="2.631"/>
  <testcase name="test_getContent_shouldReturnRelationships[31: com.dotcms.contenttype.test.ContentResourceTest$TestCase@10bcb4d]" classname="com.dotcms.contenttype.test.ContentResourceTest" time="2.706"/>
  <testcase name="test_getContent_shouldReturnRelationships[32: com.dotcms.contenttype.test.ContentResourceTest$TestCase@2afe2b63]" classname="com.dotcms.contenttype.test.ContentResourceTest" time="3.576"/>
  <testcase name="test_getContent_shouldReturnRelationships[33: com.dotcms.contenttype.test.ContentResourceTest$TestCase@596c6951]" classname="com.dotcms.contenttype.test.ContentResourceTest" time="3.654"/>
  <testcase name="testSinglePOST_InvalidParamsShouldReturn400[0: ({\n    &quot;stInode&quot; : &quot;InvalidValue&quot;,\n    &quot;numeric&quot; : &quot;0&quot;,\n    &quot;image&quot; : &quot;whatever&quot;\n}, Bad Request)]" classname="com.dotcms.contenttype.test.ContentResourceTest" time="0.857"/>
  <testcase name="testSinglePOST_InvalidParamsShouldReturn400[1: ({\n    &quot;numeric&quot; : &quot;0&quot;,\n    &quot;image&quot; : &quot;whatever&quot;\n}, Bad Request)]" classname="com.dotcms.contenttype.test.ContentResourceTest" time="0.845"/>
  <testcase name="Test_Save_Action_Set_Null_To_Required_NumericField_Issue_15340" classname="com.dotcms.contenttype.test.ContentResourceTest" time="0.88"/>
  <testcase name="Test_Save_Action_Remove_Image_Then_Verify_Fields_Were_Cleared_Issue_15340" classname="com.dotcms.contenttype.test.ContentResourceTest" time="3.744"/>
  <testcase name="test_getContentWithMultipleSelfRelated_shouldReturnRelationships[0: com.dotcms.contenttype.test.ContentResourceTest$PullSelfRelatedTestCase@250c0d1b]" classname="com.dotcms.contenttype.test.ContentResourceTest" time="1.682"/>
  <testcase name="test_getContentWithMultipleSelfRelated_shouldReturnRelationships[1: com.dotcms.contenttype.test.ContentResourceTest$PullSelfRelatedTestCase@7e728fea]" classname="com.dotcms.contenttype.test.ContentResourceTest" time="1.539"/>
  <testcase name="testGetContentWithAllCategoriesInfo[0: json]" classname="com.dotcms.contenttype.test.ContentResourceTest" time="2.425"/>
  <testcase name="testGetContentWithAllCategoriesInfo[1: xml]" classname="com.dotcms.contenttype.test.ContentResourceTest" time="2.37"/>
  <system-out><![CDATA[











]]></system-out>
  <system-err><![CDATA[]]></system-err>
</testsuite>
