<?xml version="1.0" encoding="UTF-8"?>
<testsuite name="com.dotmarketing.business.DeterministicIdentifierAPITest" tests="16" skipped="0" failures="0" errors="0" timestamp="2023-07-14T23:27:57" hostname="fv-az613-925" time="1.354">
  <properties/>
  <testcase name="Test_Category_Path_Seed_And_Id" classname="com.dotmarketing.business.DeterministicIdentifierAPITest" time="0.028"/>
  <testcase name="Test_Language_Deterministic_Id[0: LanguageTestCase{expectedSeed='Language:es:US', expectedHash=4913155, langCode='es', countryCode='US', country='United States'}]" classname="com.dotmarketing.business.DeterministicIdentifierAPITest" time="0.001"/>
  <testcase name="Test_Language_Deterministic_Id[1: LanguageTestCase{expectedSeed='Language:ep:', expectedHash=5292269, langCode='ep', countryCode='', country=''}]" classname="com.dotmarketing.business.DeterministicIdentifierAPITest" time="0.001"/>
  <testcase name="Test_Language_Deterministic_Id[2: LanguageTestCase{expectedSeed='Language:sg:SAG', expectedHash=4713118, langCode='sg', countryCode='SAG', country=''}]" classname="com.dotmarketing.business.DeterministicIdentifierAPITest" time="0.001"/>
  <testcase name="Test_Language_Deterministic_Id[3: LanguageTestCase{expectedSeed='Language:en:NZ', expectedHash=5382528, langCode='en', countryCode='NZ', country='New Zealand'}]" classname="com.dotmarketing.business.DeterministicIdentifierAPITest" time="0.001"/>
  <testcase name="Test_Category_None_Persisted_Category_Should_Return_Deterministic_Id" classname="com.dotmarketing.business.DeterministicIdentifierAPITest" time="0.001"/>
  <testcase name="Test_Asset_Generate_Deterministic_Id_Best_Effort[0: TestCase{versionable=my.host1689376892494.com, parent=System Host, expectedName='my.host1689376892494.com', expectedType='Host'}]" classname="com.dotmarketing.business.DeterministicIdentifierAPITest" time="0.005"/>
  <testcase name="Test_Asset_Generate_Deterministic_Id_Best_Effort[1: TestCase{versionable=com.dotmarketing.portlets.contentlet.model.Contentlet@6416d712[map={modDate=2023-07-14 23:21:33.337, fileName=file9950293881167692000.txt, title=file9950293881167692000.txt, inode=8a356f6c-c958-4bfd-980b-96e444fee4c5, __IS_NEW_CONTENT__=true, disabledWYSIWYG=[], host=a00e40d7-f345-41bc-998b-c4e64bf9068f, stInode=33888b6f-7a8e-4069-b1b6-5c1aa9d0a48d, owner=system, identifier=4f9bd171-1e24-4185-acd5-27d14017ed7f, nullProperties=[wfExpireDate, wfPublishDate, wfActionAssign, wfActionId, wfActionComments, filterKey, whereToSend, wfNeverExpire, _path_to_move, timezoneId, iWantTo, wfPublishTime, wfExpireTime], languageId=1, fileAsset=/home/runner/work/core/custom/assets/8/a/8a356f6c-c958-4bfd-980b-96e444fee4c5/fileAsset/file9950293881167692000.txt, folder=8304e282-3f19-409f-8b16-12568633e7a2, __disable_workflow__=true, sortOrder=0, modUser=system},lowIndexPriority=false,variantId=DEFAULT], parent=com.dotmarketing.portlets.folders.model.Folder@75554d87[identifier=8304e282-3f19-409f-8b16-12568633e7a2,name=testName1689376893328,sortOrder=0,showOnMenu=false,hostId=a00e40d7-f345-41bc-998b-c4e64bf9068f,type=folder,title=testTitle1689376893328,filesMasks=,defaultFileType=33888b6f-7a8e-4069-b1b6-5c1aa9d0a48d,modDate=2023-07-14 23:21:33.331,owner=&lt;null&gt;,iDate=2023-07-14 23:21:33.331,inode=8304e282-3f19-409f-8b16-12568633e7a2,path=/testName1689376893328/], expectedName='file9950293881167692000.txt', expectedType='FileAsset'}]" classname="com.dotmarketing.business.DeterministicIdentifierAPITest" time="0.004"/>
  <testcase name="Test_Asset_Generate_Deterministic_Id_Best_Effort[2: TestCase{versionable=com.dotmarketing.portlets.templates.model.Template@72021923, parent=my.host1689376892494.com, expectedName='testTitle1689376893490', expectedType='Template'}]" classname="com.dotmarketing.business.DeterministicIdentifierAPITest" time="0.002"/>
  <testcase name="Test_Asset_Generate_Deterministic_Id_Best_Effort[3: TestCase{versionable=com.dotmarketing.portlets.htmlpageasset.model.HTMLPageAsset@7669fa52[map={template=a9090475-6280-44ae-b290-ec2e045e1345, owner=system, identifier=d0ea482d-3c71-455d-ae9c-94b1cf62da7e, nullProperties=[wfExpireDate, wfPublishDate, wfActionAssign, wfActionId, wfActionComments, filterKey, whereToSend, wfNeverExpire, _path_to_move, timezoneId, iWantTo, wfPublishTime, wfExpireTime], modDate=2023-07-14 23:21:33.509, cachettl=0, _is_test_mode=true, languageId=1, title=test-page-title-1689376893504, httpsreq=, url=test-page-url-1689376893504, showOnMenu=, inode=8ab2e626-7bfa-46aa-b47a-afaa7df5e386, folder=8304e282-3f19-409f-8b16-12568633e7a2, disabledWYSIWYG=[], sortOrder=1, modUser=system, host=a00e40d7-f345-41bc-998b-c4e64bf9068f, stInode=c541abb1-69b3-4bc5-8430-5e09e5239cc8, friendlyName=test-page-friendly-name-1689376893504},lowIndexPriority=false,variantId=DEFAULT], parent=com.dotmarketing.portlets.folders.model.Folder@75554d87[identifier=8304e282-3f19-409f-8b16-12568633e7a2,name=testName1689376893328,sortOrder=0,showOnMenu=false,hostId=a00e40d7-f345-41bc-998b-c4e64bf9068f,type=folder,title=testTitle1689376893328,filesMasks=,defaultFileType=33888b6f-7a8e-4069-b1b6-5c1aa9d0a48d,modDate=2023-07-14 23:21:33.331,owner=&lt;null&gt;,iDate=2023-07-14 23:21:33.331,inode=8304e282-3f19-409f-8b16-12568633e7a2,path=/testName1689376893328/], expectedName='test-page-url-1689376893504', expectedType='htmlpageasset'}]" classname="com.dotmarketing.business.DeterministicIdentifierAPITest" time="0.003"/>
  <testcase name="Test_Asset_Generate_Deterministic_Id_Best_Effort[4: TestCase{versionable=com.dotmarketing.portlets.contentlet.model.Contentlet@5503df45[map={fileAsset2=/home/runner/work/core/custom/assets/6/b/6b352f9e-d5a5-4869-9aeb-e04ee5a4343d/fileAsset2/test_binary1689376894313.png, modDate=2023-07-14 23:21:34.317, fileAsset1=/home/runner/work/core/custom/assets/6/b/6b352f9e-d5a5-4869-9aeb-e04ee5a4343d/fileAsset1/test_binary1689376894312.jpg, title=blah, inode=6b352f9e-d5a5-4869-9aeb-e04ee5a4343d, __IS_NEW_CONTENT__=true, disabledWYSIWYG=[], host=48190c8c-42c4-46af-8d1a-0cd5db894797, stInode=c08fbd0f-04bb-430a-8c9e-98f29bbcc32a, owner=system, identifier=332c0c2e-0916-4032-a2e7-d7db9592d63b, nullProperties=[], languageId=1, image1=b2503abf-8b39-448f-81f4-843ff5f7cb61, folder=SYSTEM_FOLDER, __disable_workflow__=true, sortOrder=0, modUser=system},lowIndexPriority=false,variantId=DEFAULT], parent=demo.dotcms.com, expectedName='test_binary1689376894312.jpg:test_binary1689376894313.png', expectedType='MultipleBinaries1689376893679'}]" classname="com.dotmarketing.business.DeterministicIdentifierAPITest" time="0.003"/>
  <testcase name="Test_Asset_Generate_Deterministic_Id_Best_Effort[5: TestCase{versionable=namecab72db1c2 : keyTagcab72db1c2, parent=my.host1689376892494.com, expectedName='keyTagcab72db1c2', expectedType='persona'}]" classname="com.dotmarketing.business.DeterministicIdentifierAPITest" time="0.002"/>
  <testcase name="Test_Similar_Content_Type_Wont_Clash" classname="com.dotmarketing.business.DeterministicIdentifierAPITest" time="0.47"/>
  <testcase name="Test_Generate_Folder_Identifier" classname="com.dotmarketing.business.DeterministicIdentifierAPITest" time="0.808"/>
  <testcase name="Test_Generate_Content_Type_Identifier[0: ContentTypeTestCase{contentType=KeyValueContentType{name=Language Variable, id=f4d7c1b8-2c88-4071-abf1-a5328977b07d, description=Default Content Type for Language Variables, defaultType=false, fixed=true, iDate=Thu Aug 31 16:38:49 UTC 2017, system=true, versionable=true, variable=Languagevariable, modDate=Fri Jul 14 22:16:47 UTC 2023, host=SYSTEM_HOST, siteName=systemHost, icon=language, sortOrder=0, folder=SYSTEM_FOLDER, folderPath=/, markedForDeletion=true, multilingualable=false}, expectedName='Languagevariable', expectedType='KeyValue'}]" classname="com.dotmarketing.business.DeterministicIdentifierAPITest" time="0.014"/>
  <testcase name="Test_Generate_Content_Type_Identifier[1: ContentTypeTestCase{contentType=SimpleContentType{name=testName1689376894710, id=cf492692-3689-4d5a-ab13-3b4c668e05c7, description=testDescription1689376894710, defaultType=false, fixed=false, iDate=Fri Jul 14 23:21:34 UTC 2023, system=false, versionable=true, multilingualable=false, variable=testVarname1689376894710, owner=system, modDate=Fri Jul 14 23:21:35 UTC 2023, host=48190c8c-42c4-46af-8d1a-0cd5db894797, siteName=demo.dotcms.com, icon=event_note, sortOrder=0, folder=SYSTEM_FOLDER, folderPath=/, requiredFields=[], markedForDeletion=false}, expectedName='testVarname1689376894710', expectedType='CONTENT'}]" classname="com.dotmarketing.business.DeterministicIdentifierAPITest" time="0.008"/>
  <system-out><![CDATA[]]></system-out>
  <system-err><![CDATA[]]></system-err>
</testsuite>
