<?xml version="1.0" encoding="UTF-8"?>
<testsuite name="com.dotcms.contenttype.test.ContentResourceTest" tests="52" skipped="0" failures="0" errors="0" timestamp="2023-07-07T18:13:41" hostname="fv-az1131-394" time="168.534">
  <properties/>
  <testcase name="testGetContentShouldReturnIconDetails" classname="com.dotcms.contenttype.test.ContentResourceTest" time="2.041"/>
  <testcase name="Test_Save_Action_Set_Words_To_Required_NumericField_Issue_15340" classname="com.dotcms.contenttype.test.ContentResourceTest" time="1.07"/>
  <testcase name="test_getContent_includeGrandChildCategory_success" classname="com.dotcms.contenttype.test.ContentResourceTest" time="1.621"/>
  <testcase name="testGetContentWithRelatedParameter[0: com.dotcms.contenttype.test.ContentResourceTest$PullRelatedTestCase@78c3bd6e]" classname="com.dotcms.contenttype.test.ContentResourceTest" time="4.691"/>
  <testcase name="testGetContentWithRelatedParameter[1: com.dotcms.contenttype.test.ContentResourceTest$PullRelatedTestCase@221a2873]" classname="com.dotcms.contenttype.test.ContentResourceTest" time="4.696"/>
  <testcase name="testGetContentWithRelatedParameter[2: com.dotcms.contenttype.test.ContentResourceTest$PullRelatedTestCase@33149809]" classname="com.dotcms.contenttype.test.ContentResourceTest" time="4.734"/>
  <testcase name="testGetContentWithRelatedParameter[3: com.dotcms.contenttype.test.ContentResourceTest$PullRelatedTestCase@36552b93]" classname="com.dotcms.contenttype.test.ContentResourceTest" time="4.503"/>
  <testcase name="testGetContentWithRelatedParameter[4: com.dotcms.contenttype.test.ContentResourceTest$PullRelatedTestCase@5398d8fa]" classname="com.dotcms.contenttype.test.ContentResourceTest" time="4.393"/>
  <testcase name="test_getContent_SelfRelatedWith3LevelsOfDepth_shouldReturnRelationships" classname="com.dotcms.contenttype.test.ContentResourceTest" time="1.699"/>
  <testcase name="Test_Save_Action_Send_Fields_SubSet_Issue_15340" classname="com.dotcms.contenttype.test.ContentResourceTest" time="3.24"/>
  <testcase name="test_getContent_shouldReturnRelationships[0: com.dotcms.contenttype.test.ContentResourceTest$TestCase@20b23b4a]" classname="com.dotcms.contenttype.test.ContentResourceTest" time="3.597"/>
  <testcase name="test_getContent_shouldReturnRelationships[1: com.dotcms.contenttype.test.ContentResourceTest$TestCase@37713b85]" classname="com.dotcms.contenttype.test.ContentResourceTest" time="2.654"/>
  <testcase name="test_getContent_shouldReturnRelationships[2: com.dotcms.contenttype.test.ContentResourceTest$TestCase@2867874b]" classname="com.dotcms.contenttype.test.ContentResourceTest" time="3.706"/>
  <testcase name="test_getContent_shouldReturnRelationships[3: com.dotcms.contenttype.test.ContentResourceTest$TestCase@3dadd5b5]" classname="com.dotcms.contenttype.test.ContentResourceTest" time="3.733"/>
  <testcase name="test_getContent_shouldReturnRelationships[4: com.dotcms.contenttype.test.ContentResourceTest$TestCase@c74c121]" classname="com.dotcms.contenttype.test.ContentResourceTest" time="3.814"/>
  <testcase name="test_getContent_shouldReturnRelationships[5: com.dotcms.contenttype.test.ContentResourceTest$TestCase@32677e39]" classname="com.dotcms.contenttype.test.ContentResourceTest" time="3.635"/>
  <testcase name="test_getContent_shouldReturnRelationships[6: com.dotcms.contenttype.test.ContentResourceTest$TestCase@262eeae1]" classname="com.dotcms.contenttype.test.ContentResourceTest" time="3.519"/>
  <testcase name="test_getContent_shouldReturnRelationships[7: com.dotcms.contenttype.test.ContentResourceTest$TestCase@75fd83ec]" classname="com.dotcms.contenttype.test.ContentResourceTest" time="3.573"/>
  <testcase name="test_getContent_shouldReturnRelationships[8: com.dotcms.contenttype.test.ContentResourceTest$TestCase@5f2a39bb]" classname="com.dotcms.contenttype.test.ContentResourceTest" time="3.725"/>
  <testcase name="test_getContent_shouldReturnRelationships[9: com.dotcms.contenttype.test.ContentResourceTest$TestCase@563502d1]" classname="com.dotcms.contenttype.test.ContentResourceTest" time="2.788"/>
  <testcase name="test_getContent_shouldReturnRelationships[10: com.dotcms.contenttype.test.ContentResourceTest$TestCase@79d9314]" classname="com.dotcms.contenttype.test.ContentResourceTest" time="3.366"/>
  <testcase name="test_getContent_shouldReturnRelationships[11: com.dotcms.contenttype.test.ContentResourceTest$TestCase@1ee682e8]" classname="com.dotcms.contenttype.test.ContentResourceTest" time="2.332"/>
  <testcase name="test_getContent_shouldReturnRelationships[12: com.dotcms.contenttype.test.ContentResourceTest$TestCase@108f876e]" classname="com.dotcms.contenttype.test.ContentResourceTest" time="3.423"/>
  <testcase name="test_getContent_shouldReturnRelationships[13: com.dotcms.contenttype.test.ContentResourceTest$TestCase@6e523c24]" classname="com.dotcms.contenttype.test.ContentResourceTest" time="3.218"/>
  <testcase name="test_getContent_shouldReturnRelationships[14: com.dotcms.contenttype.test.ContentResourceTest$TestCase@53c07c9]" classname="com.dotcms.contenttype.test.ContentResourceTest" time="3.204"/>
  <testcase name="test_getContent_shouldReturnRelationships[15: com.dotcms.contenttype.test.ContentResourceTest$TestCase@2fe73444]" classname="com.dotcms.contenttype.test.ContentResourceTest" time="4.772"/>
  <testcase name="test_getContent_shouldReturnRelationships[16: com.dotcms.contenttype.test.ContentResourceTest$TestCase@43bf7221]" classname="com.dotcms.contenttype.test.ContentResourceTest" time="4.547"/>
  <testcase name="test_getContent_shouldReturnRelationships[17: com.dotcms.contenttype.test.ContentResourceTest$TestCase@3cf3c56e]" classname="com.dotcms.contenttype.test.ContentResourceTest" time="2.604"/>
  <testcase name="test_getContent_shouldReturnRelationships[18: com.dotcms.contenttype.test.ContentResourceTest$TestCase@59148f76]" classname="com.dotcms.contenttype.test.ContentResourceTest" time="2.771"/>
  <testcase name="test_getContent_shouldReturnRelationships[19: com.dotcms.contenttype.test.ContentResourceTest$TestCase@4f47c504]" classname="com.dotcms.contenttype.test.ContentResourceTest" time="2.672"/>
  <testcase name="test_getContent_shouldReturnRelationships[20: com.dotcms.contenttype.test.ContentResourceTest$TestCase@775188b7]" classname="com.dotcms.contenttype.test.ContentResourceTest" time="3.942"/>
  <testcase name="test_getContent_shouldReturnRelationships[21: com.dotcms.contenttype.test.ContentResourceTest$TestCase@552bfb86]" classname="com.dotcms.contenttype.test.ContentResourceTest" time="2.884"/>
  <testcase name="test_getContent_shouldReturnRelationships[22: com.dotcms.contenttype.test.ContentResourceTest$TestCase@2839a16a]" classname="com.dotcms.contenttype.test.ContentResourceTest" time="3.644"/>
  <testcase name="test_getContent_shouldReturnRelationships[23: com.dotcms.contenttype.test.ContentResourceTest$TestCase@59a72e8c]" classname="com.dotcms.contenttype.test.ContentResourceTest" time="3.536"/>
  <testcase name="test_getContent_shouldReturnRelationships[24: com.dotcms.contenttype.test.ContentResourceTest$TestCase@22c8113f]" classname="com.dotcms.contenttype.test.ContentResourceTest" time="2.759"/>
  <testcase name="test_getContent_shouldReturnRelationships[25: com.dotcms.contenttype.test.ContentResourceTest$TestCase@2835392b]" classname="com.dotcms.contenttype.test.ContentResourceTest" time="2.781"/>
  <testcase name="test_getContent_shouldReturnRelationships[26: com.dotcms.contenttype.test.ContentResourceTest$TestCase@4de2efb6]" classname="com.dotcms.contenttype.test.ContentResourceTest" time="4.115"/>
  <testcase name="test_getContent_shouldReturnRelationships[27: com.dotcms.contenttype.test.ContentResourceTest$TestCase@2dd17bc8]" classname="com.dotcms.contenttype.test.ContentResourceTest" time="3.613"/>
  <testcase name="test_getContent_shouldReturnRelationships[28: com.dotcms.contenttype.test.ContentResourceTest$TestCase@4f72c6a4]" classname="com.dotcms.contenttype.test.ContentResourceTest" time="3.589"/>
  <testcase name="test_getContent_shouldReturnRelationships[29: com.dotcms.contenttype.test.ContentResourceTest$TestCase@4e8f5200]" classname="com.dotcms.contenttype.test.ContentResourceTest" time="3.735"/>
  <testcase name="test_getContent_shouldReturnRelationships[30: com.dotcms.contenttype.test.ContentResourceTest$TestCase@144a9b38]" classname="com.dotcms.contenttype.test.ContentResourceTest" time="3.596"/>
  <testcase name="test_getContent_shouldReturnRelationships[31: com.dotcms.contenttype.test.ContentResourceTest$TestCase@3263ad42]" classname="com.dotcms.contenttype.test.ContentResourceTest" time="3.743"/>
  <testcase name="test_getContent_shouldReturnRelationships[32: com.dotcms.contenttype.test.ContentResourceTest$TestCase@6bfd0a4c]" classname="com.dotcms.contenttype.test.ContentResourceTest" time="3.834"/>
  <testcase name="test_getContent_shouldReturnRelationships[33: com.dotcms.contenttype.test.ContentResourceTest$TestCase@5fd65a61]" classname="com.dotcms.contenttype.test.ContentResourceTest" time="4.887"/>
  <testcase name="testSinglePOST_InvalidParamsShouldReturn400[0: ({\n    &quot;stInode&quot; : &quot;InvalidValue&quot;,\n    &quot;numeric&quot; : &quot;0&quot;,\n    &quot;image&quot; : &quot;whatever&quot;\n}, Bad Request)]" classname="com.dotcms.contenttype.test.ContentResourceTest" time="1.064"/>
  <testcase name="testSinglePOST_InvalidParamsShouldReturn400[1: ({\n    &quot;numeric&quot; : &quot;0&quot;,\n    &quot;image&quot; : &quot;whatever&quot;\n}, Bad Request)]" classname="com.dotcms.contenttype.test.ContentResourceTest" time="1.015"/>
  <testcase name="Test_Save_Action_Set_Null_To_Required_NumericField_Issue_15340" classname="com.dotcms.contenttype.test.ContentResourceTest" time="1.07"/>
  <testcase name="Test_Save_Action_Remove_Image_Then_Verify_Fields_Were_Cleared_Issue_15340" classname="com.dotcms.contenttype.test.ContentResourceTest" time="4.402"/>
  <testcase name="test_getContentWithMultipleSelfRelated_shouldReturnRelationships[0: com.dotcms.contenttype.test.ContentResourceTest$PullSelfRelatedTestCase@30232ee7]" classname="com.dotcms.contenttype.test.ContentResourceTest" time="2.138"/>
  <testcase name="test_getContentWithMultipleSelfRelated_shouldReturnRelationships[1: com.dotcms.contenttype.test.ContentResourceTest$PullSelfRelatedTestCase@338ffdc5]" classname="com.dotcms.contenttype.test.ContentResourceTest" time="2.174"/>
  <testcase name="testGetContentWithAllCategoriesInfo[0: json]" classname="com.dotcms.contenttype.test.ContentResourceTest" time="2.77"/>
  <testcase name="testGetContentWithAllCategoriesInfo[1: xml]" classname="com.dotcms.contenttype.test.ContentResourceTest" time="2.897"/>
  <system-out><![CDATA[











]]></system-out>
  <system-err><![CDATA[]]></system-err>
</testsuite>
