<?xml version="1.0" encoding="UTF-8"?>
<testsuite name="com.dotcms.contenttype.test.FieldFactoryImplTest" tests="21" skipped="0" failures="0" errors="0" timestamp="2023-06-23T22:43:54" hostname="fv-az1259-189" time="29.177">
  <properties/>
  <testcase name="testBadBoolDBColumn" classname="com.dotcms.contenttype.test.FieldFactoryImplTest" time="0.021"/>
  <testcase name="testBadIntDBColumn" classname="com.dotcms.contenttype.test.FieldFactoryImplTest" time="0.027"/>
  <testcase name="testBadLegacyDBColumn" classname="com.dotcms.contenttype.test.FieldFactoryImplTest" time="0.023"/>
  <testcase name="testBinaryFieldDataType" classname="com.dotcms.contenttype.test.FieldFactoryImplTest" time="0.028"/>
  <testcase name="testDataTypeLimit" classname="com.dotcms.contenttype.test.FieldFactoryImplTest" time="17.849"/>
  <testcase name="testDeletingFields" classname="com.dotcms.contenttype.test.FieldFactoryImplTest" time="2.375"/>
  <testcase name="testEquals" classname="com.dotcms.contenttype.test.FieldFactoryImplTest" time="0.832"/>
  <testcase name="testFieldImplClasses" classname="com.dotcms.contenttype.test.FieldFactoryImplTest" time="0.002"/>
  <testcase name="testFieldVariables" classname="com.dotcms.contenttype.test.FieldFactoryImplTest" time="3.414"/>
  <testcase name="testFindByTypeMethods" classname="com.dotcms.contenttype.test.FieldFactoryImplTest" time="0.01"/>
  <testcase name="testLegacyFieldBuilder" classname="com.dotcms.contenttype.test.FieldFactoryImplTest" time="0.014"/>
  <testcase name="testReorderField" classname="com.dotcms.contenttype.test.FieldFactoryImplTest" time="0.035"/>
  <testcase name="testSaveAndFindReturnSameObject" classname="com.dotcms.contenttype.test.FieldFactoryImplTest" time="0.025"/>
  <testcase name="testSelectByContentTypeIdFieldRelationTypeInDb" classname="com.dotcms.contenttype.test.FieldFactoryImplTest" time="1.487"/>
  <testcase name="testSelectByContentTypeInDb" classname="com.dotcms.contenttype.test.FieldFactoryImplTest" time="1.373"/>
  <testcase name="testSelectByContentTypeVarInDb" classname="com.dotcms.contenttype.test.FieldFactoryImplTest" time="1.471"/>
  <testcase name="testSuggestVelocityVar" classname="com.dotcms.contenttype.test.FieldFactoryImplTest" time="0.076"/>
  <testcase name="testTextDBColumn" classname="com.dotcms.contenttype.test.FieldFactoryImplTest" time="0.036"/>
  <testcase name="testTextFloatColumn" classname="com.dotcms.contenttype.test.FieldFactoryImplTest" time="0.034"/>
  <testcase name="testTextIntColumn" classname="com.dotcms.contenttype.test.FieldFactoryImplTest" time="0.037"/>
  <testcase name="testUTF8SuggestVariable" classname="com.dotcms.contenttype.test.FieldFactoryImplTest" time="0.002"/>
  <system-out><![CDATA[]]></system-out>
  <system-err><![CDATA[]]></system-err>
</testsuite>
