<?xml version="1.0" encoding="UTF-8"?>
<testsuite name="com.dotcms.enterprise.publishing.remote.CategoryBundlerHandlerTest" tests="5" skipped="0" failures="0" errors="0" timestamp="2023-07-10T14:26:31" hostname="fv-az309-162" time="0.315">
  <properties/>
  <testcase name="testBundlerAndHandler_success_sameInodeBlankKey" classname="com.dotcms.enterprise.publishing.remote.CategoryBundlerHandlerTest" time="0.159"/>
  <testcase name="testBundlerAndHandler_success_sameInodeSameKey" classname="com.dotcms.enterprise.publishing.remote.CategoryBundlerHandlerTest" time="0.028"/>
  <testcase name="testBundlerAndHandler_success_sameInodeDifferentKey" classname="com.dotcms.enterprise.publishing.remote.CategoryBundlerHandlerTest" time="0.029"/>
  <testcase name="testBundlerAndHandler_success_SameKey_SameInodeOnReceiver" classname="com.dotcms.enterprise.publishing.remote.CategoryBundlerHandlerTest" time="0.046"/>
  <testcase name="testBundlerAndHandler_success_newCategories" classname="com.dotcms.enterprise.publishing.remote.CategoryBundlerHandlerTest" time="0.052"/>
  <system-out><![CDATA[]]></system-out>
  <system-err><![CDATA[]]></system-err>
</testsuite>
