<?xml version="1.0" encoding="UTF-8"?>
<testsuite name="com.dotcms.rest.api.v3.contenttype.FieldResourceTest" tests="25" skipped="0" failures="0" errors="0" timestamp="2023-06-27T21:00:57" hostname="fv-az936-789" time="28.423">
  <properties/>
  <testcase name="shouldDeleteFieldsAndFixMaxColumnsPerRowRules" classname="com.dotcms.rest.api.v3.contenttype.FieldResourceTest" time="1.697"/>
  <testcase name="shouldUpdateFieldsInLegacyContentType" classname="com.dotcms.rest.api.v3.contenttype.FieldResourceTest" time="0.989"/>
  <testcase name="shouldUpdateFieldAndIgnoreSortOrderEvenWhenItSent" classname="com.dotcms.rest.api.v3.contenttype.FieldResourceTest" time="0.951"/>
  <testcase name="shouldMoveAndFixLegacyLayout" classname="com.dotcms.rest.api.v3.contenttype.FieldResourceTest" time="1.868"/>
  <testcase name="shouldFixLayout" classname="com.dotcms.rest.api.v3.contenttype.FieldResourceTest" time="0.873"/>
  <testcase name="shouldThrowExceptionWhenMoveFieldWithMaxColumnsRule" classname="com.dotcms.rest.api.v3.contenttype.FieldResourceTest" time="1.281"/>
  <testcase name="shouldThrowExceptionWhenContentTypeDoesNotExists" classname="com.dotcms.rest.api.v3.contenttype.FieldResourceTest" time="0.85"/>
  <testcase name="shouldRemoveEmptyRows" classname="com.dotcms.rest.api.v3.contenttype.FieldResourceTest" time="0.979"/>
  <testcase name="shouldThrowExceptionAndNotDeleteAny" classname="com.dotcms.rest.api.v3.contenttype.FieldResourceTest" time="0.893"/>
  <testcase name="shouldUpdateField" classname="com.dotcms.rest.api.v3.contenttype.FieldResourceTest" time="0.936"/>
  <testcase name="shouldThrowExceptionWhenDeleteFieldWithMaxColumnsRule" classname="com.dotcms.rest.api.v3.contenttype.FieldResourceTest" time="1.213"/>
  <testcase name="shouldDeleteFieldsInContentTypesWithWrongLayout" classname="com.dotcms.rest.api.v3.contenttype.FieldResourceTest" time="1.024"/>
  <testcase name="shouldUpdateFieldAndIgnoreSortOrderEvenWhenItIsSentWhenContentTypeHasWrongLayout" classname="com.dotcms.rest.api.v3.contenttype.FieldResourceTest" time="1.011"/>
  <testcase name="shouldUpdateFieldAndIgnoreSortOrder" classname="com.dotcms.rest.api.v3.contenttype.FieldResourceTest" time="0.929"/>
  <testcase name="shouldCreateFieldWithMoveEndPoint" classname="com.dotcms.rest.api.v3.contenttype.FieldResourceTest" time="1.023"/>
  <testcase name="shouldUpdateFieldAndIgnoreSortOrderWhenContentTypeHasWrongLayout" classname="com.dotcms.rest.api.v3.contenttype.FieldResourceTest" time="0.96"/>
  <testcase name="shouldDeleteFields" classname="com.dotcms.rest.api.v3.contenttype.FieldResourceTest" time="1.053"/>
  <testcase name="shouldThrowErrorWhenContentTypeDoesNotExists" classname="com.dotcms.rest.api.v3.contenttype.FieldResourceTest" time="0.903"/>
  <testcase name="shouldFixMaxColumnsPerRowRules" classname="com.dotcms.rest.api.v3.contenttype.FieldResourceTest" time="1.181"/>
  <testcase name="shouldMoveFields" classname="com.dotcms.rest.api.v3.contenttype.FieldResourceTest" time="0.986"/>
  <testcase name="shouldThrowErrorWhenFieldDoesNotExists" classname="com.dotcms.rest.api.v3.contenttype.FieldResourceTest" time="0.894"/>
  <testcase name="shouldCreateFieldAndRelationshipWithMoveEndPoint" classname="com.dotcms.rest.api.v3.contenttype.FieldResourceTest" time="1.447"/>
  <testcase name="shouldMoveAndFixMaxColumnsInRowRules" classname="com.dotcms.rest.api.v3.contenttype.FieldResourceTest" time="2.455"/>
  <testcase name="shouldCreateTabDividerWithMoveEndPoint" classname="com.dotcms.rest.api.v3.contenttype.FieldResourceTest" time="1.091"/>
  <testcase name="shouldGetAllContentTypesFields" classname="com.dotcms.rest.api.v3.contenttype.FieldResourceTest" time="0.926"/>
  <system-out><![CDATA[]]></system-out>
  <system-err><![CDATA[]]></system-err>
</testsuite>
