<?xml version="1.0" encoding="UTF-8"?>
<testsuite name="com.dotmarketing.portlets.workflows.model.TestWorkflowAction" tests="1" skipped="0" failures="0" errors="0" timestamp="2023-07-07T20:03:43" hostname="fv-az622-57" time="0.015">
  <properties/>
  <testcase name="test_condition_null_evaluate" classname="com.dotmarketing.portlets.workflows.model.TestWorkflowAction" time="0.015"/>
  <system-out><![CDATA[]]></system-out>
  <system-err><![CDATA[]]></system-err>
</testsuite>
