<?xml version="1.0" encoding="UTF-8"?>
<testsuite name="com.dotcms.contenttype.test.ContentResourceTest" tests="52" skipped="0" failures="0" errors="0" timestamp="2023-07-11T02:43:42" hostname="fv-az407-783" time="129.779">
  <properties/>
  <testcase name="testGetContentShouldReturnIconDetails" classname="com.dotcms.contenttype.test.ContentResourceTest" time="1.413"/>
  <testcase name="Test_Save_Action_Set_Words_To_Required_NumericField_Issue_15340" classname="com.dotcms.contenttype.test.ContentResourceTest" time="0.869"/>
  <testcase name="test_getContent_includeGrandChildCategory_success" classname="com.dotcms.contenttype.test.ContentResourceTest" time="1.251"/>
  <testcase name="testGetContentWithRelatedParameter[0: com.dotcms.contenttype.test.ContentResourceTest$PullRelatedTestCase@6136531c]" classname="com.dotcms.contenttype.test.ContentResourceTest" time="3.568"/>
  <testcase name="testGetContentWithRelatedParameter[1: com.dotcms.contenttype.test.ContentResourceTest$PullRelatedTestCase@e5963ee]" classname="com.dotcms.contenttype.test.ContentResourceTest" time="3.468"/>
  <testcase name="testGetContentWithRelatedParameter[2: com.dotcms.contenttype.test.ContentResourceTest$PullRelatedTestCase@368e1598]" classname="com.dotcms.contenttype.test.ContentResourceTest" time="3.582"/>
  <testcase name="testGetContentWithRelatedParameter[3: com.dotcms.contenttype.test.ContentResourceTest$PullRelatedTestCase@3230cc8]" classname="com.dotcms.contenttype.test.ContentResourceTest" time="3.257"/>
  <testcase name="testGetContentWithRelatedParameter[4: com.dotcms.contenttype.test.ContentResourceTest$PullRelatedTestCase@505e0103]" classname="com.dotcms.contenttype.test.ContentResourceTest" time="3.465"/>
  <testcase name="test_getContent_SelfRelatedWith3LevelsOfDepth_shouldReturnRelationships" classname="com.dotcms.contenttype.test.ContentResourceTest" time="1.235"/>
  <testcase name="Test_Save_Action_Send_Fields_SubSet_Issue_15340" classname="com.dotcms.contenttype.test.ContentResourceTest" time="2.823"/>
  <testcase name="test_getContent_shouldReturnRelationships[0: com.dotcms.contenttype.test.ContentResourceTest$TestCase@15dd5ef5]" classname="com.dotcms.contenttype.test.ContentResourceTest" time="2.599"/>
  <testcase name="test_getContent_shouldReturnRelationships[1: com.dotcms.contenttype.test.ContentResourceTest$TestCase@5339bb03]" classname="com.dotcms.contenttype.test.ContentResourceTest" time="2.54"/>
  <testcase name="test_getContent_shouldReturnRelationships[2: com.dotcms.contenttype.test.ContentResourceTest$TestCase@48e7b8e0]" classname="com.dotcms.contenttype.test.ContentResourceTest" time="2.633"/>
  <testcase name="test_getContent_shouldReturnRelationships[3: com.dotcms.contenttype.test.ContentResourceTest$TestCase@6811eee6]" classname="com.dotcms.contenttype.test.ContentResourceTest" time="2.727"/>
  <testcase name="test_getContent_shouldReturnRelationships[4: com.dotcms.contenttype.test.ContentResourceTest$TestCase@17443fe7]" classname="com.dotcms.contenttype.test.ContentResourceTest" time="2.609"/>
  <testcase name="test_getContent_shouldReturnRelationships[5: com.dotcms.contenttype.test.ContentResourceTest$TestCase@93b7faf]" classname="com.dotcms.contenttype.test.ContentResourceTest" time="2.595"/>
  <testcase name="test_getContent_shouldReturnRelationships[6: com.dotcms.contenttype.test.ContentResourceTest$TestCase@7ceef6d0]" classname="com.dotcms.contenttype.test.ContentResourceTest" time="2.692"/>
  <testcase name="test_getContent_shouldReturnRelationships[7: com.dotcms.contenttype.test.ContentResourceTest$TestCase@1b6f4175]" classname="com.dotcms.contenttype.test.ContentResourceTest" time="2.732"/>
  <testcase name="test_getContent_shouldReturnRelationships[8: com.dotcms.contenttype.test.ContentResourceTest$TestCase@2de2eef8]" classname="com.dotcms.contenttype.test.ContentResourceTest" time="2.748"/>
  <testcase name="test_getContent_shouldReturnRelationships[9: com.dotcms.contenttype.test.ContentResourceTest$TestCase@7f763aec]" classname="com.dotcms.contenttype.test.ContentResourceTest" time="2.868"/>
  <testcase name="test_getContent_shouldReturnRelationships[10: com.dotcms.contenttype.test.ContentResourceTest$TestCase@74250ba4]" classname="com.dotcms.contenttype.test.ContentResourceTest" time="2.715"/>
  <testcase name="test_getContent_shouldReturnRelationships[11: com.dotcms.contenttype.test.ContentResourceTest$TestCase@15a098bc]" classname="com.dotcms.contenttype.test.ContentResourceTest" time="2.603"/>
  <testcase name="test_getContent_shouldReturnRelationships[12: com.dotcms.contenttype.test.ContentResourceTest$TestCase@2f8f21de]" classname="com.dotcms.contenttype.test.ContentResourceTest" time="2.54"/>
  <testcase name="test_getContent_shouldReturnRelationships[13: com.dotcms.contenttype.test.ContentResourceTest$TestCase@6160cf99]" classname="com.dotcms.contenttype.test.ContentResourceTest" time="2.626"/>
  <testcase name="test_getContent_shouldReturnRelationships[14: com.dotcms.contenttype.test.ContentResourceTest$TestCase@3dc4803a]" classname="com.dotcms.contenttype.test.ContentResourceTest" time="2.586"/>
  <testcase name="test_getContent_shouldReturnRelationships[15: com.dotcms.contenttype.test.ContentResourceTest$TestCase@2cb09a46]" classname="com.dotcms.contenttype.test.ContentResourceTest" time="3.448"/>
  <testcase name="test_getContent_shouldReturnRelationships[16: com.dotcms.contenttype.test.ContentResourceTest$TestCase@7ae7cfdf]" classname="com.dotcms.contenttype.test.ContentResourceTest" time="3.461"/>
  <testcase name="test_getContent_shouldReturnRelationships[17: com.dotcms.contenttype.test.ContentResourceTest$TestCase@1d1ccb1d]" classname="com.dotcms.contenttype.test.ContentResourceTest" time="2.717"/>
  <testcase name="test_getContent_shouldReturnRelationships[18: com.dotcms.contenttype.test.ContentResourceTest$TestCase@4c05dd4]" classname="com.dotcms.contenttype.test.ContentResourceTest" time="2.892"/>
  <testcase name="test_getContent_shouldReturnRelationships[19: com.dotcms.contenttype.test.ContentResourceTest$TestCase@2c0a95a0]" classname="com.dotcms.contenttype.test.ContentResourceTest" time="2.63"/>
  <testcase name="test_getContent_shouldReturnRelationships[20: com.dotcms.contenttype.test.ContentResourceTest$TestCase@68572ec9]" classname="com.dotcms.contenttype.test.ContentResourceTest" time="3.031"/>
  <testcase name="test_getContent_shouldReturnRelationships[21: com.dotcms.contenttype.test.ContentResourceTest$TestCase@13e844fd]" classname="com.dotcms.contenttype.test.ContentResourceTest" time="1.831"/>
  <testcase name="test_getContent_shouldReturnRelationships[22: com.dotcms.contenttype.test.ContentResourceTest$TestCase@15c085a9]" classname="com.dotcms.contenttype.test.ContentResourceTest" time="2.626"/>
  <testcase name="test_getContent_shouldReturnRelationships[23: com.dotcms.contenttype.test.ContentResourceTest$TestCase@6d9fa524]" classname="com.dotcms.contenttype.test.ContentResourceTest" time="2.812"/>
  <testcase name="test_getContent_shouldReturnRelationships[24: com.dotcms.contenttype.test.ContentResourceTest$TestCase@3c6fef38]" classname="com.dotcms.contenttype.test.ContentResourceTest" time="1.679"/>
  <testcase name="test_getContent_shouldReturnRelationships[25: com.dotcms.contenttype.test.ContentResourceTest$TestCase@6d719be4]" classname="com.dotcms.contenttype.test.ContentResourceTest" time="3.004"/>
  <testcase name="test_getContent_shouldReturnRelationships[26: com.dotcms.contenttype.test.ContentResourceTest$TestCase@7c0db62e]" classname="com.dotcms.contenttype.test.ContentResourceTest" time="2.853"/>
  <testcase name="test_getContent_shouldReturnRelationships[27: com.dotcms.contenttype.test.ContentResourceTest$TestCase@6c2b9a0e]" classname="com.dotcms.contenttype.test.ContentResourceTest" time="2.701"/>
  <testcase name="test_getContent_shouldReturnRelationships[28: com.dotcms.contenttype.test.ContentResourceTest$TestCase@2ffeae9c]" classname="com.dotcms.contenttype.test.ContentResourceTest" time="2.761"/>
  <testcase name="test_getContent_shouldReturnRelationships[29: com.dotcms.contenttype.test.ContentResourceTest$TestCase@4eb1ae3c]" classname="com.dotcms.contenttype.test.ContentResourceTest" time="2.734"/>
  <testcase name="test_getContent_shouldReturnRelationships[30: com.dotcms.contenttype.test.ContentResourceTest$TestCase@5f9cdd02]" classname="com.dotcms.contenttype.test.ContentResourceTest" time="2.608"/>
  <testcase name="test_getContent_shouldReturnRelationships[31: com.dotcms.contenttype.test.ContentResourceTest$TestCase@6f57d715]" classname="com.dotcms.contenttype.test.ContentResourceTest" time="1.73"/>
  <testcase name="test_getContent_shouldReturnRelationships[32: com.dotcms.contenttype.test.ContentResourceTest$TestCase@35870e2d]" classname="com.dotcms.contenttype.test.ContentResourceTest" time="2.643"/>
  <testcase name="test_getContent_shouldReturnRelationships[33: com.dotcms.contenttype.test.ContentResourceTest$TestCase@768496ef]" classname="com.dotcms.contenttype.test.ContentResourceTest" time="2.574"/>
  <testcase name="testSinglePOST_InvalidParamsShouldReturn400[0: ({\n    &quot;stInode&quot; : &quot;InvalidValue&quot;,\n    &quot;numeric&quot; : &quot;0&quot;,\n    &quot;image&quot; : &quot;whatever&quot;\n}, Bad Request)]" classname="com.dotcms.contenttype.test.ContentResourceTest" time="0.96"/>
  <testcase name="testSinglePOST_InvalidParamsShouldReturn400[1: ({\n    &quot;numeric&quot; : &quot;0&quot;,\n    &quot;image&quot; : &quot;whatever&quot;\n}, Bad Request)]" classname="com.dotcms.contenttype.test.ContentResourceTest" time="0.849"/>
  <testcase name="Test_Save_Action_Set_Null_To_Required_NumericField_Issue_15340" classname="com.dotcms.contenttype.test.ContentResourceTest" time="0.874"/>
  <testcase name="Test_Save_Action_Remove_Image_Then_Verify_Fields_Were_Cleared_Issue_15340" classname="com.dotcms.contenttype.test.ContentResourceTest" time="3.686"/>
  <testcase name="test_getContentWithMultipleSelfRelated_shouldReturnRelationships[0: com.dotcms.contenttype.test.ContentResourceTest$PullSelfRelatedTestCase@1e77b863]" classname="com.dotcms.contenttype.test.ContentResourceTest" time="1.55"/>
  <testcase name="test_getContentWithMultipleSelfRelated_shouldReturnRelationships[1: com.dotcms.contenttype.test.ContentResourceTest$PullSelfRelatedTestCase@130c2be6]" classname="com.dotcms.contenttype.test.ContentResourceTest" time="1.559"/>
  <testcase name="testGetContentWithAllCategoriesInfo[0: json]" classname="com.dotcms.contenttype.test.ContentResourceTest" time="2.412"/>
  <testcase name="testGetContentWithAllCategoriesInfo[1: xml]" classname="com.dotcms.contenttype.test.ContentResourceTest" time="2.405"/>
  <system-out><![CDATA[











]]></system-out>
  <system-err><![CDATA[]]></system-err>
</testsuite>
