<?xml version="1.0" encoding="UTF-8"?>
<testsuite name="com.dotcms.rest.api.v1.vtl.VTLResourceIntegrationTest" tests="6" skipped="0" failures="0" errors="0" timestamp="2023-07-14T20:07:43" hostname="fv-az1244-305" time="12.461">
  <properties/>
  <testcase name="testGet[0: com.dotcms.rest.api.v1.vtl.VTLResourceTestCase@6cd0328e]" classname="com.dotcms.rest.api.v1.vtl.VTLResourceIntegrationTest" time="2.639"/>
  <testcase name="testGet[1: com.dotcms.rest.api.v1.vtl.VTLResourceTestCase@1c283d25]" classname="com.dotcms.rest.api.v1.vtl.VTLResourceIntegrationTest" time="1.72"/>
  <testcase name="testGet[2: com.dotcms.rest.api.v1.vtl.VTLResourceTestCase@61df4d9f]" classname="com.dotcms.rest.api.v1.vtl.VTLResourceIntegrationTest" time="2.09"/>
  <testcase name="testGet[3: com.dotcms.rest.api.v1.vtl.VTLResourceTestCase@3c3429d4]" classname="com.dotcms.rest.api.v1.vtl.VTLResourceIntegrationTest" time="2.101"/>
  <testcase name="testGet[4: com.dotcms.rest.api.v1.vtl.VTLResourceTestCase@519d389e]" classname="com.dotcms.rest.api.v1.vtl.VTLResourceIntegrationTest" time="1.892"/>
  <testcase name="testGet[5: com.dotcms.rest.api.v1.vtl.VTLResourceTestCase@c81e69d]" classname="com.dotcms.rest.api.v1.vtl.VTLResourceIntegrationTest" time="2.017"/>
  <system-out><![CDATA[]]></system-out>
  <system-err><![CDATA[]]></system-err>
</testsuite>
