<?xml version="1.0" encoding="UTF-8"?>
<testsuite name="com.dotmarketing.startup.runonce.Task210816DeInodeRelationshipTest" tests="1" skipped="0" failures="0" errors="0" timestamp="2023-07-13T23:04:52" hostname="fv-az362-624" time="0.415">
  <properties/>
  <testcase name="testExecuteUpgrade" classname="com.dotmarketing.startup.runonce.Task210816DeInodeRelationshipTest" time="0.415"/>
  <system-out><![CDATA[
]]></system-out>
  <system-err><![CDATA[]]></system-err>
</testsuite>
