<?xml version="1.0" encoding="UTF-8"?>
<testsuite name="com.dotcms.rest.TagResourceIntegrationTest" tests="4" skipped="0" failures="0" errors="0" timestamp="2023-06-23T23:13:57" hostname="fv-az805-638" time="0.308">
  <properties/>
  <testcase name="testList[0: com.dotcms.rest.TagResourceTestCase@31f8ceee]" classname="com.dotcms.rest.TagResourceIntegrationTest" time="0.23"/>
  <testcase name="testList[1: com.dotcms.rest.TagResourceTestCase@5cfe8d07]" classname="com.dotcms.rest.TagResourceIntegrationTest" time="0.022"/>
  <testcase name="testList[2: com.dotcms.rest.TagResourceTestCase@3938478c]" classname="com.dotcms.rest.TagResourceIntegrationTest" time="0.022"/>
  <testcase name="testList[3: com.dotcms.rest.TagResourceTestCase@5e8fc5e3]" classname="com.dotcms.rest.TagResourceIntegrationTest" time="0.033"/>
  <system-out><![CDATA[]]></system-out>
  <system-err><![CDATA[Jun 23, 2023 11:13:57 PM com.dotcms.repackage.org.hibernate.validator.internal.util.Version <clinit>
INFO: HV000001: Hibernate Validator 4.3.2.Final
]]></system-err>
</testsuite>
