<?xml version="1.0" encoding="UTF-8"?>
<testsuite name="com.dotmarketing.portlets.structure.model.ContentletRelationshipsTest" tests="7" skipped="0" failures="0" errors="0" timestamp="2023-07-11T17:48:12" hostname="fv-az351-324" time="9.96">
  <properties/>
  <testcase name="testDoesAllowOnlyOne[0: com.dotmarketing.portlets.structure.model.ContentletRelationshipsTest$CardinalityTestCase@2df91340]" classname="com.dotmarketing.portlets.structure.model.ContentletRelationshipsTest" time="0.673"/>
  <testcase name="testDoesAllowOnlyOne[1: com.dotmarketing.portlets.structure.model.ContentletRelationshipsTest$CardinalityTestCase@24a450f3]" classname="com.dotmarketing.portlets.structure.model.ContentletRelationshipsTest" time="0.518"/>
  <testcase name="testDoesAllowOnlyOne[2: com.dotmarketing.portlets.structure.model.ContentletRelationshipsTest$CardinalityTestCase@2ef42cef]" classname="com.dotmarketing.portlets.structure.model.ContentletRelationshipsTest" time="0.678"/>
  <testcase name="testGetRelationshipRecords[0: com.dotmarketing.portlets.structure.model.ContentletRelationshipsTest$TestCase@5649c1ed]" classname="com.dotmarketing.portlets.structure.model.ContentletRelationshipsTest" time="2.211"/>
  <testcase name="testGetRelationshipRecords[1: com.dotmarketing.portlets.structure.model.ContentletRelationshipsTest$TestCase@33cfbb77]" classname="com.dotmarketing.portlets.structure.model.ContentletRelationshipsTest" time="2.48"/>
  <testcase name="testGetRelationshipRecords[2: com.dotmarketing.portlets.structure.model.ContentletRelationshipsTest$TestCase@35ea4635]" classname="com.dotmarketing.portlets.structure.model.ContentletRelationshipsTest" time="2.287"/>
  <testcase name="testGetRelationshipRecords[3: com.dotmarketing.portlets.structure.model.ContentletRelationshipsTest$TestCase@3a769733]" classname="com.dotmarketing.portlets.structure.model.ContentletRelationshipsTest" time="1.112"/>
  <system-out><![CDATA[]]></system-out>
  <system-err><![CDATA[]]></system-err>
</testsuite>
