<?xml version="1.0" encoding="UTF-8"?>
<testsuite name="com.dotcms.rest.elasticsearch.ESContentResourcePortletTest" tests="8" skipped="0" failures="0" errors="0" timestamp="2023-07-18T21:37:18" hostname="fv-az550-335" time="7.724">
  <properties/>
  <testcase name="test_search_includeGrandChildCategory_success" classname="com.dotcms.rest.elasticsearch.ESContentResourcePortletTest" time="1.393"/>
  <testcase name="testSearch[0: com.dotcms.rest.elasticsearch.ESContentResourcePortletTest$TestCase@14b09d45]" classname="com.dotcms.rest.elasticsearch.ESContentResourcePortletTest" time="0.866"/>
  <testcase name="testSearch[1: com.dotcms.rest.elasticsearch.ESContentResourcePortletTest$TestCase@4763ecdd]" classname="com.dotcms.rest.elasticsearch.ESContentResourcePortletTest" time="1.31"/>
  <testcase name="testSearch[2: com.dotcms.rest.elasticsearch.ESContentResourcePortletTest$TestCase@56ec62c7]" classname="com.dotcms.rest.elasticsearch.ESContentResourcePortletTest" time="0.864"/>
  <testcase name="testSearch[3: com.dotcms.rest.elasticsearch.ESContentResourcePortletTest$TestCase@15d9c7e2]" classname="com.dotcms.rest.elasticsearch.ESContentResourcePortletTest" time="0.275"/>
  <testcase name="testSearch[4: com.dotcms.rest.elasticsearch.ESContentResourcePortletTest$TestCase@5932aa9]" classname="com.dotcms.rest.elasticsearch.ESContentResourcePortletTest" time="1.281"/>
  <testcase name="testSearch[5: com.dotcms.rest.elasticsearch.ESContentResourcePortletTest$TestCase@5d4e2bc2]" classname="com.dotcms.rest.elasticsearch.ESContentResourcePortletTest" time="0.88"/>
  <testcase name="testSearch[6: com.dotcms.rest.elasticsearch.ESContentResourcePortletTest$TestCase@680190f6]" classname="com.dotcms.rest.elasticsearch.ESContentResourcePortletTest" time="0.854"/>
  <system-out><![CDATA[]]></system-out>
  <system-err><![CDATA[]]></system-err>
</testsuite>
