<?xml version="1.0" encoding="UTF-8"?>
<testsuite name="com.dotmarketing.portlets.structure.model.ContentletRelationshipsTest" tests="7" skipped="0" failures="0" errors="0" timestamp="2023-07-11T21:09:02" hostname="fv-az206-849" time="9.379">
  <properties/>
  <testcase name="testDoesAllowOnlyOne[0: com.dotmarketing.portlets.structure.model.ContentletRelationshipsTest$CardinalityTestCase@cf24492]" classname="com.dotmarketing.portlets.structure.model.ContentletRelationshipsTest" time="0.496"/>
  <testcase name="testDoesAllowOnlyOne[1: com.dotmarketing.portlets.structure.model.ContentletRelationshipsTest$CardinalityTestCase@592e6dd5]" classname="com.dotmarketing.portlets.structure.model.ContentletRelationshipsTest" time="0.487"/>
  <testcase name="testDoesAllowOnlyOne[2: com.dotmarketing.portlets.structure.model.ContentletRelationshipsTest$CardinalityTestCase@7c33e9ad]" classname="com.dotmarketing.portlets.structure.model.ContentletRelationshipsTest" time="0.5"/>
  <testcase name="testGetRelationshipRecords[0: com.dotmarketing.portlets.structure.model.ContentletRelationshipsTest$TestCase@1bb304db]" classname="com.dotmarketing.portlets.structure.model.ContentletRelationshipsTest" time="2.098"/>
  <testcase name="testGetRelationshipRecords[1: com.dotmarketing.portlets.structure.model.ContentletRelationshipsTest$TestCase@5fb15eb]" classname="com.dotmarketing.portlets.structure.model.ContentletRelationshipsTest" time="2.008"/>
  <testcase name="testGetRelationshipRecords[2: com.dotmarketing.portlets.structure.model.ContentletRelationshipsTest$TestCase@2f119044]" classname="com.dotmarketing.portlets.structure.model.ContentletRelationshipsTest" time="1.88"/>
  <testcase name="testGetRelationshipRecords[3: com.dotmarketing.portlets.structure.model.ContentletRelationshipsTest$TestCase@4c8c7a8a]" classname="com.dotmarketing.portlets.structure.model.ContentletRelationshipsTest" time="1.91"/>
  <system-out><![CDATA[]]></system-out>
  <system-err><![CDATA[]]></system-err>
</testsuite>
