<?xml version="1.0" encoding="UTF-8"?>
<testsuite name="com.dotmarketing.servlets.ajax.AjaxDirectorServletIntegrationTest" tests="2" skipped="0" failures="0" errors="0" timestamp="2023-06-30T19:59:16" hostname="fv-az470-104" time="1.365">
  <properties/>
  <testcase name="testService[0: com.dotmarketing.servlets.ajax.AjaxDirectorServletTestCase@622a20bd]" classname="com.dotmarketing.servlets.ajax.AjaxDirectorServletIntegrationTest" time="0.788"/>
  <testcase name="testService[1: com.dotmarketing.servlets.ajax.AjaxDirectorServletTestCase@132e264b]" classname="com.dotmarketing.servlets.ajax.AjaxDirectorServletIntegrationTest" time="0.577"/>
  <system-out><![CDATA[]]></system-out>
  <system-err><![CDATA[]]></system-err>
</testsuite>
