<?xml version="1.0" encoding="UTF-8"?>
<testsuite name="com.dotmarketing.servlets.ajax.AjaxDirectorServletIntegrationTest" tests="2" skipped="0" failures="0" errors="0" timestamp="2023-07-03T17:51:39" hostname="fv-az313-710" time="2.1">
  <properties/>
  <testcase name="testService[0: com.dotmarketing.servlets.ajax.AjaxDirectorServletTestCase@294174b3]" classname="com.dotmarketing.servlets.ajax.AjaxDirectorServletIntegrationTest" time="1.168"/>
  <testcase name="testService[1: com.dotmarketing.servlets.ajax.AjaxDirectorServletTestCase@48527967]" classname="com.dotmarketing.servlets.ajax.AjaxDirectorServletIntegrationTest" time="0.932"/>
  <system-out><![CDATA[]]></system-out>
  <system-err><![CDATA[]]></system-err>
</testsuite>
