<?xml version="1.0" encoding="UTF-8"?>
<testsuite name="com.dotcms.rest.api.v1.vtl.VTLResourceIntegrationTest" tests="6" skipped="0" failures="0" errors="0" timestamp="2023-06-28T17:01:28" hostname="fv-az612-299" time="11.118">
  <properties/>
  <testcase name="testGet[0: com.dotcms.rest.api.v1.vtl.VTLResourceTestCase@261ff631]" classname="com.dotcms.rest.api.v1.vtl.VTLResourceIntegrationTest" time="2.14"/>
  <testcase name="testGet[1: com.dotcms.rest.api.v1.vtl.VTLResourceTestCase@1b9f7938]" classname="com.dotcms.rest.api.v1.vtl.VTLResourceIntegrationTest" time="0.972"/>
  <testcase name="testGet[2: com.dotcms.rest.api.v1.vtl.VTLResourceTestCase@288cccfb]" classname="com.dotcms.rest.api.v1.vtl.VTLResourceIntegrationTest" time="2.087"/>
  <testcase name="testGet[3: com.dotcms.rest.api.v1.vtl.VTLResourceTestCase@1aaa2a6e]" classname="com.dotcms.rest.api.v1.vtl.VTLResourceIntegrationTest" time="2.063"/>
  <testcase name="testGet[4: com.dotcms.rest.api.v1.vtl.VTLResourceTestCase@435de974]" classname="com.dotcms.rest.api.v1.vtl.VTLResourceIntegrationTest" time="1.856"/>
  <testcase name="testGet[5: com.dotcms.rest.api.v1.vtl.VTLResourceTestCase@236b1e9e]" classname="com.dotcms.rest.api.v1.vtl.VTLResourceIntegrationTest" time="2.0"/>
  <system-out><![CDATA[]]></system-out>
  <system-err><![CDATA[]]></system-err>
</testsuite>
