<?xml version="1.0" encoding="UTF-8"?>
<testsuite name="com.dotcms.rest.api.v2.contenttype.FieldResourceTest" tests="30" skipped="0" failures="1" errors="0" timestamp="2023-07-19T18:21:40" hostname="fv-az615-953" time="6.157">
  <properties/>
  <testcase name="testFieldMultiSelect" classname="com.dotcms.rest.api.v2.contenttype.FieldResourceTest" time="0.591"/>
  <testcase name="testFieldWysiwyg" classname="com.dotcms.rest.api.v2.contenttype.FieldResourceTest" time="0.373"/>
  <testcase name="testFieldCheckbox" classname="com.dotcms.rest.api.v2.contenttype.FieldResourceTest" time="0.16"/>
  <testcase name="testFieldDateTime" classname="com.dotcms.rest.api.v2.contenttype.FieldResourceTest" time="0.262"/>
  <testcase name="testFieldBinary" classname="com.dotcms.rest.api.v2.contenttype.FieldResourceTest" time="0.161"/>
  <testcase name="testFieldCustom" classname="com.dotcms.rest.api.v2.contenttype.FieldResourceTest" time="0.158"/>
  <testcase name="testFieldHidden" classname="com.dotcms.rest.api.v2.contenttype.FieldResourceTest" time="0.151"/>
  <testcase name="testFieldSelect" classname="com.dotcms.rest.api.v2.contenttype.FieldResourceTest" time="0.335"/>
  <testcase name="testFieldTag" classname="com.dotcms.rest.api.v2.contenttype.FieldResourceTest" time="0.249"/>
  <testcase name="testFieldImage" classname="com.dotcms.rest.api.v2.contenttype.FieldResourceTest" time="0.149"/>
  <testcase name="testFieldRadio" classname="com.dotcms.rest.api.v2.contenttype.FieldResourceTest" time="0.393"/>
  <testcase name="testFieldsList" classname="com.dotcms.rest.api.v2.contenttype.FieldResourceTest" time="0.018"/>
  <testcase name="testFieldPermissionTab" classname="com.dotcms.rest.api.v2.contenttype.FieldResourceTest" time="0.145"/>
  <testcase name="testCreateRelationshipFieldWithDash_Return400" classname="com.dotcms.rest.api.v2.contenttype.FieldResourceTest" time="0.006"/>
  <testcase name="testFieldHostFolder" classname="com.dotcms.rest.api.v2.contenttype.FieldResourceTest" time="0.153"/>
  <testcase name="testFieldRelationshipsTab" classname="com.dotcms.rest.api.v2.contenttype.FieldResourceTest" time="0.143"/>
  <testcase name="testFieldLineDivider" classname="com.dotcms.rest.api.v2.contenttype.FieldResourceTest" time="0.159"/>
  <testcase name="testFieldTabDividerField" classname="com.dotcms.rest.api.v2.contenttype.FieldResourceTest" time="0.135"/>
  <testcase name="testUpdateFieldVariable_Return400" classname="com.dotcms.rest.api.v2.contenttype.FieldResourceTest" time="0.473"/>
  <testcase name="testFieldTextArea" classname="com.dotcms.rest.api.v2.contenttype.FieldResourceTest" time="0.316"/>
  <testcase name="testFieldConstant" classname="com.dotcms.rest.api.v2.contenttype.FieldResourceTest" time="0.189"/>
  <testcase name="testCreateRelationshipFieldWithoutRelationType_Return400" classname="com.dotcms.rest.api.v2.contenttype.FieldResourceTest" time="0.011"/>
  <testcase name="testFieldCategory" classname="com.dotcms.rest.api.v2.contenttype.FieldResourceTest" time="0.131"/>
  <testcase name="testCreateRelationshipFieldWithoutContentTypeId_Return400" classname="com.dotcms.rest.api.v2.contenttype.FieldResourceTest" time="0.007"/>
  <testcase name="testFieldDate" classname="com.dotcms.rest.api.v2.contenttype.FieldResourceTest" time="0.211"/>
  <testcase name="testFieldFile" classname="com.dotcms.rest.api.v2.contenttype.FieldResourceTest" time="0.154"/>
  <testcase name="testFieldText" classname="com.dotcms.rest.api.v2.contenttype.FieldResourceTest" time="0.39"/>
  <testcase name="testFieldTime" classname="com.dotcms.rest.api.v2.contenttype.FieldResourceTest" time="0.224"/>
  <testcase name="testFieldKeyValue" classname="com.dotcms.rest.api.v2.contenttype.FieldResourceTest" time="0.182"/>
  <testcase name="classMethod" classname="com.dotcms.rest.api.v2.contenttype.FieldResourceTest" time="0.0">
    <failure message="com.dotmarketing.exception.DotDataException: Based on configured schedule, the given trigger will never fire." type="com.dotmarketing.exception.DotDataException">com.dotmarketing.exception.DotDataException: Based on configured schedule, the given trigger will never fire.
	at app//com.dotcms.business.bytebuddy.WrapInTransactionAdvice.throwException(WrapInTransactionAdvice.java:108)
	at app//com.dotcms.business.bytebuddy.WrapInTransactionAdvice.exit(WrapInTransactionAdvice.java:66)
	at app//com.dotcms.contenttype.business.ContentTypeAPIImpl.triggerAsyncDelete(ContentTypeAPIImpl.java:273)
	at app//com.dotcms.contenttype.business.ContentTypeAPIImpl.delete(ContentTypeAPIImpl.java:141)
	at app//com.dotcms.rest.api.v2.contenttype.FieldResourceTest.cleanUpData(FieldResourceTest.java:89)
	at java.base@11.0.19/jdk.internal.reflect.NativeMethodAccessorImpl.invoke0(Native Method)
	at java.base@11.0.19/jdk.internal.reflect.NativeMethodAccessorImpl.invoke(NativeMethodAccessorImpl.java:62)
	at java.base@11.0.19/jdk.internal.reflect.DelegatingMethodAccessorImpl.invoke(DelegatingMethodAccessorImpl.java:43)
	at java.base@11.0.19/java.lang.reflect.Method.invoke(Method.java:566)
	at app//org.junit.runners.model.FrameworkMethod$1.runReflectiveCall(FrameworkMethod.java:59)
	at app//org.junit.internal.runners.model.ReflectiveCallable.run(ReflectiveCallable.java:12)
	at app//org.junit.runners.model.FrameworkMethod.invokeExplosively(FrameworkMethod.java:56)
	at app//org.junit.internal.runners.statements.RunAfters.invokeMethod(RunAfters.java:46)
	at app//org.junit.internal.runners.statements.RunAfters.evaluate(RunAfters.java:33)
	at app//org.junit.runners.ParentRunner$3.evaluate(ParentRunner.java:306)
	at app//org.junit.runners.ParentRunner.run(ParentRunner.java:413)
	at app//com.dotcms.junit.MainBaseSuite$DotRunner.run(MainBaseSuite.java:71)
	at app//org.junit.runners.Suite.runChild(Suite.java:128)
	at app//org.junit.runners.Suite.runChild(Suite.java:27)
	at app//org.junit.runners.ParentRunner$4.run(ParentRunner.java:331)
	at app//org.junit.runners.ParentRunner$1.schedule(ParentRunner.java:79)
	at app//org.junit.runners.ParentRunner.runChildren(ParentRunner.java:329)
	at app//org.junit.runners.ParentRunner.access$100(ParentRunner.java:66)
	at app//org.junit.runners.ParentRunner$2.evaluate(ParentRunner.java:293)
	at app//org.junit.runners.ParentRunner$3.evaluate(ParentRunner.java:306)
	at app//org.junit.runners.ParentRunner.run(ParentRunner.java:413)
	at org.gradle.api.internal.tasks.testing.junit.JUnitTestClassExecutor.runTestClass(JUnitTestClassExecutor.java:110)
	at org.gradle.api.internal.tasks.testing.junit.JUnitTestClassExecutor.execute(JUnitTestClassExecutor.java:58)
	at org.gradle.api.internal.tasks.testing.junit.JUnitTestClassExecutor.execute(JUnitTestClassExecutor.java:38)
	at org.gradle.api.internal.tasks.testing.junit.AbstractJUnitTestClassProcessor.processTestClass(AbstractJUnitTestClassProcessor.java:62)
	at org.gradle.api.internal.tasks.testing.SuiteTestClassProcessor.processTestClass(SuiteTestClassProcessor.java:51)
	at java.base@11.0.19/jdk.internal.reflect.NativeMethodAccessorImpl.invoke0(Native Method)
	at java.base@11.0.19/jdk.internal.reflect.NativeMethodAccessorImpl.invoke(NativeMethodAccessorImpl.java:62)
	at java.base@11.0.19/jdk.internal.reflect.DelegatingMethodAccessorImpl.invoke(DelegatingMethodAccessorImpl.java:43)
	at java.base@11.0.19/java.lang.reflect.Method.invoke(Method.java:566)
	at org.gradle.internal.dispatch.ReflectionDispatch.dispatch(ReflectionDispatch.java:36)
	at org.gradle.internal.dispatch.ReflectionDispatch.dispatch(ReflectionDispatch.java:24)
	at org.gradle.internal.dispatch.ContextClassLoaderDispatch.dispatch(ContextClassLoaderDispatch.java:33)
	at org.gradle.internal.dispatch.ProxyDispatchAdapter$DispatchingInvocationHandler.invoke(ProxyDispatchAdapter.java:94)
	at com.sun.proxy.$Proxy5.processTestClass(Unknown Source)
	at org.gradle.api.internal.tasks.testing.worker.TestWorker$2.run(TestWorker.java:176)
	at org.gradle.api.internal.tasks.testing.worker.TestWorker.executeAndMaintainThreadName(TestWorker.java:129)
	at org.gradle.api.internal.tasks.testing.worker.TestWorker.execute(TestWorker.java:100)
	at org.gradle.api.internal.tasks.testing.worker.TestWorker.execute(TestWorker.java:60)
	at org.gradle.process.internal.worker.child.ActionExecutionWorker.execute(ActionExecutionWorker.java:56)
	at org.gradle.process.internal.worker.child.SystemApplicationClassLoaderWorker.call(SystemApplicationClassLoaderWorker.java:133)
	at org.gradle.process.internal.worker.child.SystemApplicationClassLoaderWorker.call(SystemApplicationClassLoaderWorker.java:71)
	at app//worker.org.gradle.process.internal.worker.GradleWorkerMain.run(GradleWorkerMain.java:69)
	at app//worker.org.gradle.process.internal.worker.GradleWorkerMain.main(GradleWorkerMain.java:74)
Caused by: org.quartz.SchedulerException: Based on configured schedule, the given trigger will never fire.
	at app//org.quartz.core.QuartzScheduler.rescheduleJob(QuartzScheduler.java:1011)
	at app//org.quartz.impl.StdScheduler.rescheduleJob(StdScheduler.java:302)
	at app//com.dotmarketing.quartz.QuartzUtils.scheduleTask(QuartzUtils.java:490)
	at app//com.dotmarketing.quartz.DotStatefulJob.enqueueTrigger(DotStatefulJob.java:171)
	at app//com.dotmarketing.quartz.job.CleanUpFieldReferencesJob.lambda$triggerCleanUpJob$0(CleanUpFieldReferencesJob.java:114)
	at app//com.rainerhahnekamp.sneakythrow.Sneaky.lambda$sneaked$7(Sneaky.java:207)
	at app//com.dotmarketing.db.DotRunnableThread.internalRunner(DotRunnableThread.java:99)
	at app//com.dotmarketing.db.LocalTransaction.wrap(LocalTransaction.java:165)
	at app//com.dotmarketing.db.DotRunnableThread.run(DotRunnableThread.java:53)
	at app//com.dotmarketing.db.HibernateUtil.finalizeCommitListeners(HibernateUtil.java:1165)
	at app//com.dotmarketing.db.HibernateUtil.commitTransaction(HibernateUtil.java:1257)
	at app//com.dotmarketing.db.LocalTransaction.wrap(LocalTransaction.java:169)
	at app//com.dotmarketing.db.DotRunnableThread.run(DotRunnableThread.java:53)
	at app//com.dotmarketing.db.HibernateUtil.finalizeCommitListeners(HibernateUtil.java:1165)
	at app//com.dotmarketing.db.HibernateUtil.commitTransaction(HibernateUtil.java:1257)
	at app//com.dotmarketing.db.LocalTransaction.wrap(LocalTransaction.java:169)
	at app//com.dotmarketing.db.DotRunnableThread.run(DotRunnableThread.java:53)
	at app//com.dotmarketing.db.HibernateUtil.finalizeCommitListeners(HibernateUtil.java:1165)
	at app//com.dotmarketing.db.HibernateUtil.commitTransaction(HibernateUtil.java:1257)
	at app//com.dotcms.business.bytebuddy.WrapInTransactionAdvice.exit(WrapInTransactionAdvice.java:63)
	... 47 more
</failure>
  </testcase>
  <system-out><![CDATA[]]></system-out>
  <system-err><![CDATA[]]></system-err>
</testsuite>
