<?xml version="1.0" encoding="UTF-8"?>
<testsuite name="com.dotcms.rest.WebResourceIntegrationTest" tests="24" skipped="0" failures="0" errors="0" timestamp="2023-07-11T21:02:39" hostname="fv-az203-15" time="0.049">
  <properties/>
  <testcase name="disallow_anon_when_required_frontend_but_not_backend" classname="com.dotcms.rest.WebResourceIntegrationTest" time="0.002"/>
  <testcase name="allow_backEnd_access_if_server_set_to_read_and_bakckend_user" classname="com.dotcms.rest.WebResourceIntegrationTest" time="0.003"/>
  <testcase name="disallow_anon_access_default" classname="com.dotcms.rest.WebResourceIntegrationTest" time="0.001"/>
  <testcase name="allow_api_user_access_if_server_set_to_nothing" classname="com.dotcms.rest.WebResourceIntegrationTest" time="0.001"/>
  <testcase name="allow_front_end_by_defualt" classname="com.dotcms.rest.WebResourceIntegrationTest" time="0.001"/>
  <testcase name="disallow_anon_access_server_if_server_set_to_none" classname="com.dotcms.rest.WebResourceIntegrationTest" time="0.002"/>
  <testcase name="disallow_anon_access_server_if_no_anon_access_set" classname="com.dotcms.rest.WebResourceIntegrationTest" time="0.001"/>
  <testcase name="disallow_api_user_when_required_both_frontend_and_backend" classname="com.dotcms.rest.WebResourceIntegrationTest" time="0.002"/>
  <testcase name="allow_anon_access_if_server_set_to_write_and_read_required_with_required_roles" classname="com.dotcms.rest.WebResourceIntegrationTest" time="0.005"/>
  <testcase name="allow_anon_access_if_server_set_to_write_and_frontend_user" classname="com.dotcms.rest.WebResourceIntegrationTest" time="0.001"/>
  <testcase name="allow_anon_access_if_server_set_to_write" classname="com.dotcms.rest.WebResourceIntegrationTest" time="0.002"/>
  <testcase name="disallow_front_end_access_server_if_only_allowBackendUser" classname="com.dotcms.rest.WebResourceIntegrationTest" time="0.001"/>
  <testcase name="disallow_anon_access_server_set_to_read_and_write_required" classname="com.dotcms.rest.WebResourceIntegrationTest" time="0.003"/>
  <testcase name="disallow_apiUser_access_server_if_only_allowFrontEndUser" classname="com.dotcms.rest.WebResourceIntegrationTest" time="0.003"/>
  <testcase name="disallow_anon_when_required_both_frontend_and_backend" classname="com.dotcms.rest.WebResourceIntegrationTest" time="0.001"/>
  <testcase name="allow_anon_access_if_server_set_to_read_and_frontend_user" classname="com.dotcms.rest.WebResourceIntegrationTest" time="0.001"/>
  <testcase name="disallow_backEnd_access_server_if_only_allowFrontEndUser" classname="com.dotcms.rest.WebResourceIntegrationTest" time="0.001"/>
  <testcase name="allow_back_end_if_only_USER_ID_set_in_request" classname="com.dotcms.rest.WebResourceIntegrationTest" time="0.004"/>
  <testcase name="allow_back_end_by_defualt" classname="com.dotcms.rest.WebResourceIntegrationTest" time="0.001"/>
  <testcase name="webResource_NoLicense_RequiredLicense_returnInvalidLicenseException" classname="com.dotcms.rest.WebResourceIntegrationTest" time="0.007"/>
  <testcase name="allow_frontEnd_access_if_server_set_to_read_and_frontend_user" classname="com.dotcms.rest.WebResourceIntegrationTest" time="0.001"/>
  <testcase name="disallow_anon_access_server_if_anon_access_set_NONE" classname="com.dotcms.rest.WebResourceIntegrationTest" time="0.001"/>
  <testcase name="allow_anon_access_if_server_set_to_write_and_read_required" classname="com.dotcms.rest.WebResourceIntegrationTest" time="0.002"/>
  <testcase name="allow_backEnd_access_if_both_allow_front_and_backend_users" classname="com.dotcms.rest.WebResourceIntegrationTest" time="0.001"/>
  <system-out><![CDATA[]]></system-out>
  <system-err><![CDATA[]]></system-err>
</testsuite>
