<?xml version="1.0" encoding="UTF-8"?>
<testsuite name="com.dotmarketing.servlets.ajax.AjaxDirectorServletIntegrationTest" tests="2" skipped="0" failures="0" errors="0" timestamp="2023-06-26T17:22:24" hostname="fv-az341-169" time="3.404">
  <properties/>
  <testcase name="testService[0: com.dotmarketing.servlets.ajax.AjaxDirectorServletTestCase@17f891c5]" classname="com.dotmarketing.servlets.ajax.AjaxDirectorServletIntegrationTest" time="2.019"/>
  <testcase name="testService[1: com.dotmarketing.servlets.ajax.AjaxDirectorServletTestCase@3e32f4aa]" classname="com.dotmarketing.servlets.ajax.AjaxDirectorServletIntegrationTest" time="1.385"/>
  <system-out><![CDATA[]]></system-out>
  <system-err><![CDATA[]]></system-err>
</testsuite>
