<?xml version="1.0" encoding="UTF-8"?>
<testsuite name="com.dotcms.rest.api.v1.vtl.VTLResourceIntegrationTest" tests="6" skipped="0" failures="0" errors="0" timestamp="2023-06-26T16:41:50" hostname="fv-az422-943" time="11.967">
  <properties/>
  <testcase name="testGet[0: com.dotcms.rest.api.v1.vtl.VTLResourceTestCase@56f3ab11]" classname="com.dotcms.rest.api.v1.vtl.VTLResourceIntegrationTest" time="2.108"/>
  <testcase name="testGet[1: com.dotcms.rest.api.v1.vtl.VTLResourceTestCase@77c7d8ae]" classname="com.dotcms.rest.api.v1.vtl.VTLResourceIntegrationTest" time="2.015"/>
  <testcase name="testGet[2: com.dotcms.rest.api.v1.vtl.VTLResourceTestCase@23535839]" classname="com.dotcms.rest.api.v1.vtl.VTLResourceIntegrationTest" time="2.076"/>
  <testcase name="testGet[3: com.dotcms.rest.api.v1.vtl.VTLResourceTestCase@7e21286b]" classname="com.dotcms.rest.api.v1.vtl.VTLResourceIntegrationTest" time="2.036"/>
  <testcase name="testGet[4: com.dotcms.rest.api.v1.vtl.VTLResourceTestCase@35c1af9d]" classname="com.dotcms.rest.api.v1.vtl.VTLResourceIntegrationTest" time="1.833"/>
  <testcase name="testGet[5: com.dotcms.rest.api.v1.vtl.VTLResourceTestCase@7c8a0323]" classname="com.dotcms.rest.api.v1.vtl.VTLResourceIntegrationTest" time="1.898"/>
  <system-out><![CDATA[]]></system-out>
  <system-err><![CDATA[]]></system-err>
</testsuite>
