<?xml version="1.0" encoding="UTF-8"?>
<testsuite name="com.dotmarketing.quartz.job.IntegrityDataGenerationJobTest" tests="1" skipped="0" failures="0" errors="0" timestamp="2023-07-06T23:39:25" hostname="fv-az791-68" time="0.133">
  <properties/>
  <testcase name="test_generateIntegrationData" classname="com.dotmarketing.quartz.job.IntegrityDataGenerationJobTest" time="0.133"/>
  <system-out><![CDATA[]]></system-out>
  <system-err><![CDATA[]]></system-err>
</testsuite>
