<?xml version="1.0" encoding="UTF-8"?>
<testsuite name="com.dotmarketing.portlets.structure.model.ContentletRelationshipsTest" tests="7" skipped="0" failures="0" errors="0" timestamp="2023-06-30T17:26:58" hostname="fv-az674-164" time="8.358">
  <properties/>
  <testcase name="testDoesAllowOnlyOne[0: com.dotmarketing.portlets.structure.model.ContentletRelationshipsTest$CardinalityTestCase@e75bbea]" classname="com.dotmarketing.portlets.structure.model.ContentletRelationshipsTest" time="0.517"/>
  <testcase name="testDoesAllowOnlyOne[1: com.dotmarketing.portlets.structure.model.ContentletRelationshipsTest$CardinalityTestCase@5328909d]" classname="com.dotmarketing.portlets.structure.model.ContentletRelationshipsTest" time="0.496"/>
  <testcase name="testDoesAllowOnlyOne[2: com.dotmarketing.portlets.structure.model.ContentletRelationshipsTest$CardinalityTestCase@2c8f039]" classname="com.dotmarketing.portlets.structure.model.ContentletRelationshipsTest" time="0.506"/>
  <testcase name="testGetRelationshipRecords[0: com.dotmarketing.portlets.structure.model.ContentletRelationshipsTest$TestCase@56c15e70]" classname="com.dotmarketing.portlets.structure.model.ContentletRelationshipsTest" time="2.123"/>
  <testcase name="testGetRelationshipRecords[1: com.dotmarketing.portlets.structure.model.ContentletRelationshipsTest$TestCase@75c815a9]" classname="com.dotmarketing.portlets.structure.model.ContentletRelationshipsTest" time="1.991"/>
  <testcase name="testGetRelationshipRecords[2: com.dotmarketing.portlets.structure.model.ContentletRelationshipsTest$TestCase@62f3dff5]" classname="com.dotmarketing.portlets.structure.model.ContentletRelationshipsTest" time="0.864"/>
  <testcase name="testGetRelationshipRecords[3: com.dotmarketing.portlets.structure.model.ContentletRelationshipsTest$TestCase@277fa2aa]" classname="com.dotmarketing.portlets.structure.model.ContentletRelationshipsTest" time="1.861"/>
  <system-out><![CDATA[]]></system-out>
  <system-err><![CDATA[]]></system-err>
</testsuite>
