<?xml version="1.0" encoding="UTF-8"?>
<testsuite name="com.dotcms.content.elasticsearch.business.ESContentFactoryImplTest" tests="42" skipped="0" failures="0" errors="0" timestamp="2023-07-05T16:21:48" hostname="fv-az313-710" time="86.552">
  <properties/>
  <testcase name="testModDateDotRawFormatIsValid" classname="com.dotcms.content.elasticsearch.business.ESContentFactoryImplTest" time="0.007"/>
  <testcase name="test_findContentletByIdentifierAnyLanguageNoArchived" classname="com.dotcms.content.elasticsearch.business.ESContentFactoryImplTest" time="2.034"/>
  <testcase name="findContentletsReturnsInExpectedOrder" classname="com.dotcms.content.elasticsearch.business.ESContentFactoryImplTest" time="1.621"/>
  <testcase name="testIndexSearchFilteringByTime[0: com.dotcms.content.elasticsearch.business.ESContentFactoryImplTest$TestCase@36877a12]" classname="com.dotcms.content.elasticsearch.business.ESContentFactoryImplTest" time="2.399"/>
  <testcase name="testIndexSearchFilteringByTime[1: com.dotcms.content.elasticsearch.business.ESContentFactoryImplTest$TestCase@7616176e]" classname="com.dotcms.content.elasticsearch.business.ESContentFactoryImplTest" time="2.039"/>
  <testcase name="testIndexSearchFilteringByTime[2: com.dotcms.content.elasticsearch.business.ESContentFactoryImplTest$TestCase@59e3b0c7]" classname="com.dotcms.content.elasticsearch.business.ESContentFactoryImplTest" time="2.06"/>
  <testcase name="testIndexSearchFilteringByTime[3: com.dotcms.content.elasticsearch.business.ESContentFactoryImplTest$TestCase@2bde6c5d]" classname="com.dotcms.content.elasticsearch.business.ESContentFactoryImplTest" time="2.02"/>
  <testcase name="testIndexSearchFilteringByTime[4: com.dotcms.content.elasticsearch.business.ESContentFactoryImplTest$TestCase@2684c4de]" classname="com.dotcms.content.elasticsearch.business.ESContentFactoryImplTest" time="2.032"/>
  <testcase name="testIndexSearchFilteringByTime[5: com.dotcms.content.elasticsearch.business.ESContentFactoryImplTest$TestCase@606f1a07]" classname="com.dotcms.content.elasticsearch.business.ESContentFactoryImplTest" time="2.075"/>
  <testcase name="test_translateQueryWithLicense" classname="com.dotcms.content.elasticsearch.business.ESContentFactoryImplTest" time="0.001"/>
  <testcase name="test_cached_es_query_response" classname="com.dotcms.content.elasticsearch.business.ESContentFactoryImplTest" time="1.637"/>
  <testcase name="findContentletByIdentifierAnyLanguageNoDefaultVersion" classname="com.dotcms.content.elasticsearch.business.ESContentFactoryImplTest" time="1.548"/>
  <testcase name="testScore" classname="com.dotcms.content.elasticsearch.business.ESContentFactoryImplTest" time="1.665"/>
  <testcase name="findAllVersionsWithOldVersions" classname="com.dotcms.content.elasticsearch.business.ESContentFactoryImplTest" time="4.461"/>
  <testcase name="test_findContentletByIdentifierAnyLanguageIncludeDeleted" classname="com.dotcms.content.elasticsearch.business.ESContentFactoryImplTest" time="1.989"/>
  <testcase name="test_findContentletByIdentifierAnyLanguage" classname="com.dotcms.content.elasticsearch.business.ESContentFactoryImplTest" time="1.845"/>
  <testcase name="Test_load_Json_Field" classname="com.dotcms.content.elasticsearch.business.ESContentFactoryImplTest" time="3.598"/>
  <testcase name="testDeleteVersion_KeepPermissions" classname="com.dotcms.content.elasticsearch.business.ESContentFactoryImplTest" time="2.159"/>
  <testcase name="test_cached_es_query_different_responses_for_all_params" classname="com.dotcms.content.elasticsearch.business.ESContentFactoryImplTest" time="2.638"/>
  <testcase name="test_translateQueryWithoutLicense" classname="com.dotcms.content.elasticsearch.business.ESContentFactoryImplTest" time="0.006"/>
  <testcase name="findAllVersions" classname="com.dotcms.content.elasticsearch.business.ESContentFactoryImplTest" time="2.24"/>
  <testcase name="findAllVersionsWithOldVersionsByVariant" classname="com.dotcms.content.elasticsearch.business.ESContentFactoryImplTest" time="8.139"/>
  <testcase name="Test_Setting_Track_Hits" classname="com.dotcms.content.elasticsearch.business.ESContentFactoryImplTest" time="0.002"/>
  <testcase name="test_trying_with_bad_sorts" classname="com.dotcms.content.elasticsearch.business.ESContentFactoryImplTest" time="0.024"/>
  <testcase name="test_dotAssets_persist_title_as_null" classname="com.dotcms.content.elasticsearch.business.ESContentFactoryImplTest" time="1.384"/>
  <testcase name="findAllVersionsWithNotOldVersions" classname="com.dotcms.content.elasticsearch.business.ESContentFactoryImplTest" time="3.515"/>
  <testcase name="saveContentlets" classname="com.dotcms.content.elasticsearch.business.ESContentFactoryImplTest" time="0.003"/>
  <testcase name="findContentlets" classname="com.dotcms.content.elasticsearch.business.ESContentFactoryImplTest" time="0.453"/>
  <testcase name="findDeletedContentletByIdentifierAnyLanguage" classname="com.dotcms.content.elasticsearch.business.ESContentFactoryImplTest" time="1.631"/>
  <testcase name="Test_Nulled_Out_Columns" classname="com.dotcms.content.elasticsearch.business.ESContentFactoryImplTest" time="3.725"/>
  <testcase name="test_findContentletByIdentifier" classname="com.dotcms.content.elasticsearch.business.ESContentFactoryImplTest" time="1.784"/>
  <testcase name="findAllVersionsByVariant" classname="com.dotcms.content.elasticsearch.business.ESContentFactoryImplTest" time="2.068"/>
  <testcase name="Test_TrackHits_SearchCount" classname="com.dotcms.content.elasticsearch.business.ESContentFactoryImplTest" time="4.378"/>
  <testcase name="testIndexSearchFilteringByDateTime[0: com.dotcms.content.elasticsearch.business.ESContentFactoryImplTest$TestCase@24ceeb45]" classname="com.dotcms.content.elasticsearch.business.ESContentFactoryImplTest" time="2.041"/>
  <testcase name="testIndexSearchFilteringByDateTime[1: com.dotcms.content.elasticsearch.business.ESContentFactoryImplTest$TestCase@7c2ad705]" classname="com.dotcms.content.elasticsearch.business.ESContentFactoryImplTest" time="2.04"/>
  <testcase name="testIndexSearchFilteringByDateTime[2: com.dotcms.content.elasticsearch.business.ESContentFactoryImplTest$TestCase@7c084e6a]" classname="com.dotcms.content.elasticsearch.business.ESContentFactoryImplTest" time="2.039"/>
  <testcase name="testIndexSearchFilteringByDateTime[3: com.dotcms.content.elasticsearch.business.ESContentFactoryImplTest$TestCase@642fccce]" classname="com.dotcms.content.elasticsearch.business.ESContentFactoryImplTest" time="3.045"/>
  <testcase name="testIndexSearchFilteringByDateTime[4: com.dotcms.content.elasticsearch.business.ESContentFactoryImplTest$TestCase@37e897cd]" classname="com.dotcms.content.elasticsearch.business.ESContentFactoryImplTest" time="2.041"/>
  <testcase name="testIndexSearchFilteringByDateTime[5: com.dotcms.content.elasticsearch.business.ESContentFactoryImplTest$TestCase@1d50fcca]" classname="com.dotcms.content.elasticsearch.business.ESContentFactoryImplTest" time="2.033"/>
  <testcase name="testIndexSearchFilteringByDateTime[6: com.dotcms.content.elasticsearch.business.ESContentFactoryImplTest$TestCase@23959a14]" classname="com.dotcms.content.elasticsearch.business.ESContentFactoryImplTest" time="2.049"/>
  <testcase name="testIndexSearchFilteringByDateTime[7: com.dotcms.content.elasticsearch.business.ESContentFactoryImplTest$TestCase@39c67b14]" classname="com.dotcms.content.elasticsearch.business.ESContentFactoryImplTest" time="2.073"/>
  <testcase name="testIndexSearchFilteringByDateTime[8: com.dotcms.content.elasticsearch.business.ESContentFactoryImplTest$TestCase@4ae3c51e]" classname="com.dotcms.content.elasticsearch.business.ESContentFactoryImplTest" time="2.003"/>
  <system-out><![CDATA[]]></system-out>
  <system-err><![CDATA[]]></system-err>
</testsuite>
