<?xml version="1.0" encoding="UTF-8"?>
<testsuite name="com.dotmarketing.startup.runonce.Task220822CreateVariantTableTest" tests="4" skipped="0" failures="0" errors="0" timestamp="2023-07-13T23:07:33" hostname="fv-az362-624" time="0.024">
  <properties/>
  <testcase name="nameDuplicated" classname="com.dotmarketing.startup.runonce.Task220822CreateVariantTableTest" time="0.008"/>
  <testcase name="createVariantTable" classname="com.dotmarketing.startup.runonce.Task220822CreateVariantTableTest" time="0.008"/>
  <testcase name="descriptionDuplicated" classname="com.dotmarketing.startup.runonce.Task220822CreateVariantTableTest" time="0.004"/>
  <testcase name="runTUTwice" classname="com.dotmarketing.startup.runonce.Task220822CreateVariantTableTest" time="0.004"/>
  <system-out><![CDATA[]]></system-out>
  <system-err><![CDATA[]]></system-err>
</testsuite>
