<?xml version="1.0" encoding="UTF-8"?>
<testsuite name="com.dotcms.rest.api.v1.vtl.VTLResourceIntegrationTest" tests="6" skipped="0" failures="0" errors="0" timestamp="2023-06-26T16:46:42" hostname="fv-az1098-397" time="11.969">
  <properties/>
  <testcase name="testGet[0: com.dotcms.rest.api.v1.vtl.VTLResourceTestCase@5ad26739]" classname="com.dotcms.rest.api.v1.vtl.VTLResourceIntegrationTest" time="2.206"/>
  <testcase name="testGet[1: com.dotcms.rest.api.v1.vtl.VTLResourceTestCase@4d1292c8]" classname="com.dotcms.rest.api.v1.vtl.VTLResourceIntegrationTest" time="1.766"/>
  <testcase name="testGet[2: com.dotcms.rest.api.v1.vtl.VTLResourceTestCase@2f153f6]" classname="com.dotcms.rest.api.v1.vtl.VTLResourceIntegrationTest" time="2.014"/>
  <testcase name="testGet[3: com.dotcms.rest.api.v1.vtl.VTLResourceTestCase@72052a51]" classname="com.dotcms.rest.api.v1.vtl.VTLResourceIntegrationTest" time="2.15"/>
  <testcase name="testGet[4: com.dotcms.rest.api.v1.vtl.VTLResourceTestCase@3b276087]" classname="com.dotcms.rest.api.v1.vtl.VTLResourceIntegrationTest" time="1.84"/>
  <testcase name="testGet[5: com.dotcms.rest.api.v1.vtl.VTLResourceTestCase@627a21f9]" classname="com.dotcms.rest.api.v1.vtl.VTLResourceIntegrationTest" time="1.992"/>
  <system-out><![CDATA[]]></system-out>
  <system-err><![CDATA[]]></system-err>
</testsuite>
