<?xml version="1.0" encoding="UTF-8"?>
<testsuite name="com.dotmarketing.business.DeterministicIdentifierAPITest" tests="16" skipped="0" failures="0" errors="0" timestamp="2023-07-12T00:33:49" hostname="fv-az646-156" time="1.173">
  <properties/>
  <testcase name="Test_Category_Path_Seed_And_Id" classname="com.dotmarketing.business.DeterministicIdentifierAPITest" time="0.025"/>
  <testcase name="Test_Language_Deterministic_Id[0: LanguageTestCase{expectedSeed='Language:es:US', expectedHash=4913155, langCode='es', countryCode='US', country='United States'}]" classname="com.dotmarketing.business.DeterministicIdentifierAPITest" time="0.001"/>
  <testcase name="Test_Language_Deterministic_Id[1: LanguageTestCase{expectedSeed='Language:ep:', expectedHash=5292269, langCode='ep', countryCode='', country=''}]" classname="com.dotmarketing.business.DeterministicIdentifierAPITest" time="0.002"/>
  <testcase name="Test_Language_Deterministic_Id[2: LanguageTestCase{expectedSeed='Language:sg:SAG', expectedHash=4713118, langCode='sg', countryCode='SAG', country=''}]" classname="com.dotmarketing.business.DeterministicIdentifierAPITest" time="0.001"/>
  <testcase name="Test_Language_Deterministic_Id[3: LanguageTestCase{expectedSeed='Language:en:NZ', expectedHash=5382528, langCode='en', countryCode='NZ', country='New Zealand'}]" classname="com.dotmarketing.business.DeterministicIdentifierAPITest" time="0.001"/>
  <testcase name="Test_Category_None_Persisted_Category_Should_Return_Deterministic_Id" classname="com.dotmarketing.business.DeterministicIdentifierAPITest" time="0.002"/>
  <testcase name="Test_Asset_Generate_Deterministic_Id_Best_Effort[0: TestCase{versionable=my.host1689121594711.com, parent=System Host, expectedName='my.host1689121594711.com', expectedType='Host'}]" classname="com.dotmarketing.business.DeterministicIdentifierAPITest" time="0.004"/>
  <testcase name="Test_Asset_Generate_Deterministic_Id_Best_Effort[1: TestCase{versionable=com.dotmarketing.portlets.contentlet.model.Contentlet@4a55fe04[map={modDate=2023-07-12 00:26:35.185, fileName=file13020606808749855642.txt, title=file13020606808749855642.txt, inode=8939dda4-e0b3-4eef-87ff-86e166119d92, __IS_NEW_CONTENT__=true, disabledWYSIWYG=[], host=64cd41f7-738b-45d9-9e6d-2f51fee976da, stInode=33888b6f-7a8e-4069-b1b6-5c1aa9d0a48d, owner=system, identifier=a957c089-e3fb-4dce-8407-e7a0e69cf60d, nullProperties=[wfExpireDate, wfPublishDate, wfActionAssign, wfActionId, wfActionComments, filterKey, whereToSend, wfNeverExpire, _path_to_move, timezoneId, iWantTo, wfPublishTime, wfExpireTime], languageId=1, fileAsset=/home/runner/work/core/custom/assets/8/9/8939dda4-e0b3-4eef-87ff-86e166119d92/fileAsset/file13020606808749855642.txt, folder=54a6ce89-00ff-4732-88cc-995287fd5e64, __disable_workflow__=true, sortOrder=0, modUser=system},lowIndexPriority=false,variantId=DEFAULT], parent=com.dotmarketing.portlets.folders.model.Folder@1387346a[identifier=54a6ce89-00ff-4732-88cc-995287fd5e64,name=testName1689121595168,sortOrder=0,showOnMenu=false,hostId=64cd41f7-738b-45d9-9e6d-2f51fee976da,type=folder,title=testTitle1689121595168,filesMasks=,defaultFileType=33888b6f-7a8e-4069-b1b6-5c1aa9d0a48d,modDate=2023-07-12 00:26:35.174,owner=&lt;null&gt;,iDate=2023-07-12 00:26:35.174,inode=54a6ce89-00ff-4732-88cc-995287fd5e64,path=/testName1689121595168/], expectedName='file13020606808749855642.txt', expectedType='FileAsset'}]" classname="com.dotmarketing.business.DeterministicIdentifierAPITest" time="0.004"/>
  <testcase name="Test_Asset_Generate_Deterministic_Id_Best_Effort[2: TestCase{versionable=com.dotmarketing.portlets.templates.model.Template@ec2a5fe3, parent=my.host1689121594711.com, expectedName='testTitle1689121595307', expectedType='Template'}]" classname="com.dotmarketing.business.DeterministicIdentifierAPITest" time="0.002"/>
  <testcase name="Test_Asset_Generate_Deterministic_Id_Best_Effort[3: TestCase{versionable=com.dotmarketing.portlets.htmlpageasset.model.HTMLPageAsset@4de5957[map={template=0acac4fa-3a8b-4bd8-a24e-b2624f3ec8fb, owner=system, identifier=3a785a42-189a-4581-94b0-ffec971ce4fe, nullProperties=[wfExpireDate, wfPublishDate, wfActionAssign, wfActionId, wfActionComments, filterKey, whereToSend, wfNeverExpire, _path_to_move, timezoneId, iWantTo, wfPublishTime, wfExpireTime], modDate=2023-07-12 00:26:35.332, cachettl=0, _is_test_mode=true, languageId=1, title=test-page-title-1689121595326, httpsreq=, url=test-page-url-1689121595326, showOnMenu=, inode=1c76a81a-f47a-4cbb-84b1-f4e37155ba3d, folder=54a6ce89-00ff-4732-88cc-995287fd5e64, disabledWYSIWYG=[], sortOrder=1, modUser=system, host=64cd41f7-738b-45d9-9e6d-2f51fee976da, stInode=c541abb1-69b3-4bc5-8430-5e09e5239cc8, friendlyName=test-page-friendly-name-1689121595326},lowIndexPriority=false,variantId=DEFAULT], parent=com.dotmarketing.portlets.folders.model.Folder@1387346a[identifier=54a6ce89-00ff-4732-88cc-995287fd5e64,name=testName1689121595168,sortOrder=0,showOnMenu=false,hostId=64cd41f7-738b-45d9-9e6d-2f51fee976da,type=folder,title=testTitle1689121595168,filesMasks=,defaultFileType=33888b6f-7a8e-4069-b1b6-5c1aa9d0a48d,modDate=2023-07-12 00:26:35.174,owner=&lt;null&gt;,iDate=2023-07-12 00:26:35.174,inode=54a6ce89-00ff-4732-88cc-995287fd5e64,path=/testName1689121595168/], expectedName='test-page-url-1689121595326', expectedType='htmlpageasset'}]" classname="com.dotmarketing.business.DeterministicIdentifierAPITest" time="0.003"/>
  <testcase name="Test_Asset_Generate_Deterministic_Id_Best_Effort[4: TestCase{versionable=com.dotmarketing.portlets.contentlet.model.Contentlet@fbdc3c[map={fileAsset2=/home/runner/work/core/custom/assets/a/b/ab385f7e-4435-4b24-9606-3840db216471/fileAsset2/test_binary1689121597192.png, modDate=2023-07-12 00:26:37.198, fileAsset1=/home/runner/work/core/custom/assets/a/b/ab385f7e-4435-4b24-9606-3840db216471/fileAsset1/test_binary1689121597192.jpg, title=blah, inode=ab385f7e-4435-4b24-9606-3840db216471, __IS_NEW_CONTENT__=true, disabledWYSIWYG=[], host=48190c8c-42c4-46af-8d1a-0cd5db894797, stInode=3aab7671-8287-43f7-9118-42035ca79eec, owner=system, identifier=118b7bb0-0866-4bcf-9352-57baefb7fe16, nullProperties=[], languageId=1, image1=92aa6477-14e0-4fee-af19-f7c3e40673e5, folder=SYSTEM_FOLDER, __disable_workflow__=true, sortOrder=0, modUser=system},lowIndexPriority=false,variantId=DEFAULT], parent=demo.dotcms.com, expectedName='test_binary1689121597192.jpg:test_binary1689121597192.png', expectedType='MultipleBinaries1689121595483'}]" classname="com.dotmarketing.business.DeterministicIdentifierAPITest" time="0.004"/>
  <testcase name="Test_Asset_Generate_Deterministic_Id_Best_Effort[5: TestCase{versionable=namec893f00d00 : keyTagc893f00d00, parent=my.host1689121594711.com, expectedName='keyTagc893f00d00', expectedType='persona'}]" classname="com.dotmarketing.business.DeterministicIdentifierAPITest" time="0.002"/>
  <testcase name="Test_Similar_Content_Type_Wont_Clash" classname="com.dotmarketing.business.DeterministicIdentifierAPITest" time="0.539"/>
  <testcase name="Test_Generate_Folder_Identifier" classname="com.dotmarketing.business.DeterministicIdentifierAPITest" time="0.57"/>
  <testcase name="Test_Generate_Content_Type_Identifier[0: ContentTypeTestCase{contentType=KeyValueContentType{name=Language Variable, id=f4d7c1b8-2c88-4071-abf1-a5328977b07d, description=Default Content Type for Language Variables, defaultType=false, fixed=true, iDate=Thu Aug 31 16:38:49 UTC 2017, system=true, versionable=true, variable=Languagevariable, modDate=Tue Jul 11 23:12:47 UTC 2023, host=SYSTEM_HOST, siteName=systemHost, icon=language, sortOrder=0, folder=SYSTEM_FOLDER, folderPath=/, markedForDeletion=true, multilingualable=false}, expectedName='Languagevariable', expectedType='KeyValue'}]" classname="com.dotmarketing.business.DeterministicIdentifierAPITest" time="0.005"/>
  <testcase name="Test_Generate_Content_Type_Identifier[1: ContentTypeTestCase{contentType=SimpleContentType{name=testName1689121597714, id=b470e7d3-4c75-4a22-9955-b9900eee5bd7, description=testDescription1689121597714, defaultType=false, fixed=false, iDate=Wed Jul 12 00:26:37 UTC 2023, system=false, versionable=true, multilingualable=false, variable=testVarname1689121597714, owner=system, modDate=Wed Jul 12 00:26:38 UTC 2023, host=48190c8c-42c4-46af-8d1a-0cd5db894797, siteName=demo.dotcms.com, icon=event_note, sortOrder=0, folder=SYSTEM_FOLDER, folderPath=/, requiredFields=[], markedForDeletion=false}, expectedName='testVarname1689121597714', expectedType='CONTENT'}]" classname="com.dotmarketing.business.DeterministicIdentifierAPITest" time="0.005"/>
  <system-out><![CDATA[]]></system-out>
  <system-err><![CDATA[]]></system-err>
</testsuite>
