<?xml version="1.0" encoding="UTF-8"?>
<testsuite name="com.dotcms.rest.api.v2.contenttype.FieldResourceTest" tests="29" skipped="0" failures="0" errors="0" timestamp="2023-07-13T20:24:03" hostname="fv-az305-739" time="4.521">
  <properties/>
  <testcase name="testFieldMultiSelect" classname="com.dotcms.rest.api.v2.contenttype.FieldResourceTest" time="0.43"/>
  <testcase name="testFieldWysiwyg" classname="com.dotcms.rest.api.v2.contenttype.FieldResourceTest" time="0.311"/>
  <testcase name="testFieldCheckbox" classname="com.dotcms.rest.api.v2.contenttype.FieldResourceTest" time="0.122"/>
  <testcase name="testFieldDateTime" classname="com.dotcms.rest.api.v2.contenttype.FieldResourceTest" time="0.184"/>
  <testcase name="testFieldBinary" classname="com.dotcms.rest.api.v2.contenttype.FieldResourceTest" time="0.115"/>
  <testcase name="testFieldCustom" classname="com.dotcms.rest.api.v2.contenttype.FieldResourceTest" time="0.097"/>
  <testcase name="testFieldHidden" classname="com.dotcms.rest.api.v2.contenttype.FieldResourceTest" time="0.137"/>
  <testcase name="testFieldSelect" classname="com.dotcms.rest.api.v2.contenttype.FieldResourceTest" time="0.274"/>
  <testcase name="testFieldTag" classname="com.dotcms.rest.api.v2.contenttype.FieldResourceTest" time="0.171"/>
  <testcase name="testFieldImage" classname="com.dotcms.rest.api.v2.contenttype.FieldResourceTest" time="0.124"/>
  <testcase name="testFieldRadio" classname="com.dotcms.rest.api.v2.contenttype.FieldResourceTest" time="0.265"/>
  <testcase name="testFieldsList" classname="com.dotcms.rest.api.v2.contenttype.FieldResourceTest" time="0.011"/>
  <testcase name="testFieldPermissionTab" classname="com.dotcms.rest.api.v2.contenttype.FieldResourceTest" time="0.12"/>
  <testcase name="testCreateRelationshipFieldWithDash_Return400" classname="com.dotcms.rest.api.v2.contenttype.FieldResourceTest" time="0.008"/>
  <testcase name="testFieldHostFolder" classname="com.dotcms.rest.api.v2.contenttype.FieldResourceTest" time="0.128"/>
  <testcase name="testFieldRelationshipsTab" classname="com.dotcms.rest.api.v2.contenttype.FieldResourceTest" time="0.099"/>
  <testcase name="testFieldLineDivider" classname="com.dotcms.rest.api.v2.contenttype.FieldResourceTest" time="0.098"/>
  <testcase name="testFieldTabDividerField" classname="com.dotcms.rest.api.v2.contenttype.FieldResourceTest" time="0.1"/>
  <testcase name="testUpdateFieldVariable_Return400" classname="com.dotcms.rest.api.v2.contenttype.FieldResourceTest" time="0.362"/>
  <testcase name="testFieldTextArea" classname="com.dotcms.rest.api.v2.contenttype.FieldResourceTest" time="0.26"/>
  <testcase name="testFieldConstant" classname="com.dotcms.rest.api.v2.contenttype.FieldResourceTest" time="0.124"/>
  <testcase name="testCreateRelationshipFieldWithoutRelationType_Return400" classname="com.dotcms.rest.api.v2.contenttype.FieldResourceTest" time="0.005"/>
  <testcase name="testFieldCategory" classname="com.dotcms.rest.api.v2.contenttype.FieldResourceTest" time="0.131"/>
  <testcase name="testCreateRelationshipFieldWithoutContentTypeId_Return400" classname="com.dotcms.rest.api.v2.contenttype.FieldResourceTest" time="0.005"/>
  <testcase name="testFieldDate" classname="com.dotcms.rest.api.v2.contenttype.FieldResourceTest" time="0.145"/>
  <testcase name="testFieldFile" classname="com.dotcms.rest.api.v2.contenttype.FieldResourceTest" time="0.118"/>
  <testcase name="testFieldText" classname="com.dotcms.rest.api.v2.contenttype.FieldResourceTest" time="0.281"/>
  <testcase name="testFieldTime" classname="com.dotcms.rest.api.v2.contenttype.FieldResourceTest" time="0.153"/>
  <testcase name="testFieldKeyValue" classname="com.dotcms.rest.api.v2.contenttype.FieldResourceTest" time="0.13"/>
  <system-out><![CDATA[]]></system-out>
  <system-err><![CDATA[]]></system-err>
</testsuite>
