<?xml version="1.0" encoding="UTF-8"?>
<testsuite name="com.dotmarketing.servlets.ajax.AjaxDirectorServletIntegrationTest" tests="2" skipped="0" failures="0" errors="0" timestamp="2023-07-13T21:07:54" hostname="fv-az673-76" time="2.511">
  <properties/>
  <testcase name="testService[0: com.dotmarketing.servlets.ajax.AjaxDirectorServletTestCase@36615314]" classname="com.dotmarketing.servlets.ajax.AjaxDirectorServletIntegrationTest" time="1.178"/>
  <testcase name="testService[1: com.dotmarketing.servlets.ajax.AjaxDirectorServletTestCase@4de2569c]" classname="com.dotmarketing.servlets.ajax.AjaxDirectorServletIntegrationTest" time="1.333"/>
  <system-out><![CDATA[]]></system-out>
  <system-err><![CDATA[]]></system-err>
</testsuite>
