<?xml version="1.0" encoding="UTF-8"?>
<testsuite name="com.dotmarketing.filters.FiltersTest" tests="9" skipped="0" failures="0" errors="0" timestamp="2023-06-28T19:12:04" hostname="fv-az440-364" time="75.991">
  <properties/>
  <testcase name="shouldRedirect401" classname="com.dotmarketing.filters.FiltersTest" time="0.087"/>
  <testcase name="vanityUrlsShouldPassParams" classname="com.dotmarketing.filters.FiltersTest" time="9.574"/>
  <testcase name="shouldWorkVanityUrl" classname="com.dotmarketing.filters.FiltersTest" time="27.074"/>
  <testcase name="redirectHomePageTest" classname="com.dotmarketing.filters.FiltersTest" time="12.499"/>
  <testcase name="shouldForwardToImage" classname="com.dotmarketing.filters.FiltersTest" time="0.008"/>
  <testcase name="shouldRedirectToFolderIndex" classname="com.dotmarketing.filters.FiltersTest" time="0.099"/>
  <testcase name="Test_VanityURL_Forward_Redirect_Params" classname="com.dotmarketing.filters.FiltersTest" time="16.999"/>
  <testcase name="vanityRedirectURLMAP" classname="com.dotmarketing.filters.FiltersTest" time="9.64"/>
  <testcase name="shouldReturnStrutsPage" classname="com.dotmarketing.filters.FiltersTest" time="0.01"/>
  <system-out><![CDATA[]]></system-out>
  <system-err><![CDATA[]]></system-err>
</testsuite>
