<?xml version="1.0" encoding="UTF-8"?>
<testsuite name="com.dotmarketing.portlets.fileassets.business.FileAssetAPITest" tests="13" skipped="0" failures="0" errors="0" timestamp="2023-07-14T02:26:56" hostname="fv-az268-867" time="21.619">
  <properties/>
  <testcase name="test_findFileAssetsByHost_liveFileAssets_success" classname="com.dotmarketing.portlets.fileassets.business.FileAssetAPITest" time="3.393"/>
  <testcase name="test_that_we_return_files_from_host_system_folder" classname="com.dotmarketing.portlets.fileassets.business.FileAssetAPITest" time="1.36"/>
  <testcase name="test_findFileAssetsByParentable_workingFileAssets_success" classname="com.dotmarketing.portlets.fileassets.business.FileAssetAPITest" time="1.336"/>
  <testcase name="test_findFileAssetsByParentable_liveFileAssets_success" classname="com.dotmarketing.portlets.fileassets.business.FileAssetAPITest" time="2.462"/>
  <testcase name="Test_That_File_Asset_Gets_Stored_in_Cache_and_is_Not_Rebuilt_Everytime" classname="com.dotmarketing.portlets.fileassets.business.FileAssetAPITest" time="1.117"/>
  <testcase name="Test_Modify_Identifier_File_Name_Then_Recover_File_Then_Expect_Mismatch" classname="com.dotmarketing.portlets.fileassets.business.FileAssetAPITest" time="1.369"/>
  <testcase name="Test_Rename_File_Asset_Then_Recover_File_Then_Expect_Match" classname="com.dotmarketing.portlets.fileassets.business.FileAssetAPITest" time="1.293"/>
  <testcase name="test_findFileAssetsByHost_archivedFileAssets_success" classname="com.dotmarketing.portlets.fileassets.business.FileAssetAPITest" time="1.95"/>
  <testcase name="test_findFileAssetsByParentable_archivedFileAssets_success" classname="com.dotmarketing.portlets.fileassets.business.FileAssetAPITest" time="1.548"/>
  <testcase name="test_that_file_asset_from_db_respects_folder_permissions" classname="com.dotmarketing.portlets.fileassets.business.FileAssetAPITest" time="1.427"/>
  <testcase name="test_that_file_asset_from_db_respects_live_working_flag" classname="com.dotmarketing.portlets.fileassets.business.FileAssetAPITest" time="1.371"/>
  <testcase name="test_findFileAssetsByHost_workingFileAssets_success" classname="com.dotmarketing.portlets.fileassets.business.FileAssetAPITest" time="1.653"/>
  <testcase name="test_that_file_asset_from_db_works" classname="com.dotmarketing.portlets.fileassets.business.FileAssetAPITest" time="1.337"/>
  <system-out><![CDATA[]]></system-out>
  <system-err><![CDATA[]]></system-err>
</testsuite>
