<?xml version="1.0" encoding="UTF-8"?>
<testsuite name="com.dotmarketing.business.DeterministicIdentifierAPITest" tests="16" skipped="0" failures="0" errors="0" timestamp="2023-06-26T15:31:31" hostname="fv-az413-549" time="1.284">
  <properties/>
  <testcase name="Test_Category_Path_Seed_And_Id" classname="com.dotmarketing.business.DeterministicIdentifierAPITest" time="0.023"/>
  <testcase name="Test_Language_Deterministic_Id[0: LanguageTestCase{expectedSeed='Language:es:US', expectedHash=4913155, langCode='es', countryCode='US', country='United States'}]" classname="com.dotmarketing.business.DeterministicIdentifierAPITest" time="0.0"/>
  <testcase name="Test_Language_Deterministic_Id[1: LanguageTestCase{expectedSeed='Language:ep:', expectedHash=5292269, langCode='ep', countryCode='', country=''}]" classname="com.dotmarketing.business.DeterministicIdentifierAPITest" time="0.001"/>
  <testcase name="Test_Language_Deterministic_Id[2: LanguageTestCase{expectedSeed='Language:sg:SAG', expectedHash=4713118, langCode='sg', countryCode='SAG', country=''}]" classname="com.dotmarketing.business.DeterministicIdentifierAPITest" time="0.0"/>
  <testcase name="Test_Language_Deterministic_Id[3: LanguageTestCase{expectedSeed='Language:en:NZ', expectedHash=5382528, langCode='en', countryCode='NZ', country='New Zealand'}]" classname="com.dotmarketing.business.DeterministicIdentifierAPITest" time="0.0"/>
  <testcase name="Test_Category_None_Persisted_Category_Should_Return_Deterministic_Id" classname="com.dotmarketing.business.DeterministicIdentifierAPITest" time="0.001"/>
  <testcase name="Test_Asset_Generate_Deterministic_Id_Best_Effort[0: TestCase{versionable=my.host1687787648178.com, parent=System Host, expectedName='my.host1687787648178.com', expectedType='Host'}]" classname="com.dotmarketing.business.DeterministicIdentifierAPITest" time="0.003"/>
  <testcase name="Test_Asset_Generate_Deterministic_Id_Best_Effort[1: TestCase{versionable=com.dotmarketing.portlets.contentlet.model.Contentlet@cbcdd80[map={modDate=2023-06-26 13:54:09.222, fileName=file9334598094115930644.txt, title=file9334598094115930644.txt, inode=2718dbdc-ccca-4856-b92c-a17960a71366, __IS_NEW_CONTENT__=true, disabledWYSIWYG=[], host=e48b20a3-f45c-443f-8b00-f802dd26231c, stInode=33888b6f-7a8e-4069-b1b6-5c1aa9d0a48d, owner=system, identifier=f0ecb63a-e9c0-41b2-8e7a-77644cb50250, nullProperties=[wfExpireDate, wfPublishDate, wfActionAssign, wfActionId, wfActionComments, filterKey, whereToSend, wfNeverExpire, _path_to_move, timezoneId, iWantTo, wfPublishTime, wfExpireTime], languageId=1, fileAsset=/home/runner/work/core/custom/assets/2/7/2718dbdc-ccca-4856-b92c-a17960a71366/fileAsset/file9334598094115930644.txt, folder=08cf174a-0aa1-41bf-ae2c-fd9a46a6362c, __disable_workflow__=true, sortOrder=0, modUser=system},lowIndexPriority=false,variantId=DEFAULT], parent=com.dotmarketing.portlets.folders.model.Folder@47eb1e24[identifier=08cf174a-0aa1-41bf-ae2c-fd9a46a6362c,name=testName1687787649214,sortOrder=0,showOnMenu=false,hostId=e48b20a3-f45c-443f-8b00-f802dd26231c,type=folder,title=testTitle1687787649214,filesMasks=,defaultFileType=33888b6f-7a8e-4069-b1b6-5c1aa9d0a48d,modDate=2023-06-26 13:54:09.217,owner=&lt;null&gt;,iDate=2023-06-26 13:54:09.217,inode=08cf174a-0aa1-41bf-ae2c-fd9a46a6362c,path=/testName1687787649214/], expectedName='file9334598094115930644.txt', expectedType='FileAsset'}]" classname="com.dotmarketing.business.DeterministicIdentifierAPITest" time="0.003"/>
  <testcase name="Test_Asset_Generate_Deterministic_Id_Best_Effort[2: TestCase{versionable=com.dotmarketing.portlets.templates.model.Template@59f5bfb7, parent=my.host1687787648178.com, expectedName='testTitle1687787649315', expectedType='Template'}]" classname="com.dotmarketing.business.DeterministicIdentifierAPITest" time="0.002"/>
  <testcase name="Test_Asset_Generate_Deterministic_Id_Best_Effort[3: TestCase{versionable=com.dotmarketing.portlets.htmlpageasset.model.HTMLPageAsset@21102bfa[map={template=d3856190-3dec-4f7d-872d-5d7b1c25c840, owner=system, identifier=28538a31-77df-4eee-aa99-9d19d05375c4, nullProperties=[wfExpireDate, wfPublishDate, wfActionAssign, wfActionId, wfActionComments, filterKey, whereToSend, wfNeverExpire, _path_to_move, timezoneId, iWantTo, wfPublishTime, wfExpireTime], modDate=2023-06-26 13:54:09.342, cachettl=0, _is_test_mode=true, languageId=1, title=test-page-title-1687787649337, httpsreq=, url=test-page-url-1687787649337, showOnMenu=, inode=2c60f715-48e5-42c8-ba8d-2bd00cf24a19, folder=08cf174a-0aa1-41bf-ae2c-fd9a46a6362c, disabledWYSIWYG=[], sortOrder=1, modUser=system, host=e48b20a3-f45c-443f-8b00-f802dd26231c, stInode=c541abb1-69b3-4bc5-8430-5e09e5239cc8, friendlyName=test-page-friendly-name-1687787649337},lowIndexPriority=false,variantId=DEFAULT], parent=com.dotmarketing.portlets.folders.model.Folder@47eb1e24[identifier=08cf174a-0aa1-41bf-ae2c-fd9a46a6362c,name=testName1687787649214,sortOrder=0,showOnMenu=false,hostId=e48b20a3-f45c-443f-8b00-f802dd26231c,type=folder,title=testTitle1687787649214,filesMasks=,defaultFileType=33888b6f-7a8e-4069-b1b6-5c1aa9d0a48d,modDate=2023-06-26 13:54:09.217,owner=&lt;null&gt;,iDate=2023-06-26 13:54:09.217,inode=08cf174a-0aa1-41bf-ae2c-fd9a46a6362c,path=/testName1687787649214/], expectedName='test-page-url-1687787649337', expectedType='htmlpageasset'}]" classname="com.dotmarketing.business.DeterministicIdentifierAPITest" time="0.002"/>
  <testcase name="Test_Asset_Generate_Deterministic_Id_Best_Effort[4: TestCase{versionable=com.dotmarketing.portlets.contentlet.model.Contentlet@39af3ce9[map={fileAsset2=/home/runner/work/core/custom/assets/1/2/12c44ad9-c963-4ae6-a68a-56a122a17f38/fileAsset2/test_binary1687787650340.png, modDate=2023-06-26 13:54:10.346, fileAsset1=/home/runner/work/core/custom/assets/1/2/12c44ad9-c963-4ae6-a68a-56a122a17f38/fileAsset1/test_binary1687787650339.jpg, title=blah, inode=12c44ad9-c963-4ae6-a68a-56a122a17f38, __IS_NEW_CONTENT__=true, disabledWYSIWYG=[], host=8a7d5e23-da1e-420a-b4f0-471e7da8ea2d, stInode=4ceb2000-93ff-44d4-a51a-057b6fdd6d38, owner=system, identifier=0db6b855-f3c6-4164-bf9f-c405ac988fbf, nullProperties=[], languageId=1, image1=ffb5acfa-6bae-445b-8baf-03396f26675e, folder=SYSTEM_FOLDER, __disable_workflow__=true, sortOrder=0, modUser=system},lowIndexPriority=false,variantId=DEFAULT], parent=default, expectedName='test_binary1687787650339.jpg:test_binary1687787650340.png', expectedType='MultipleBinaries1687787649537'}]" classname="com.dotmarketing.business.DeterministicIdentifierAPITest" time="0.006"/>
  <testcase name="Test_Asset_Generate_Deterministic_Id_Best_Effort[5: TestCase{versionable=name804979bcf6 : keyTag804979bcf6, parent=my.host1687787648178.com, expectedName='keyTag804979bcf6', expectedType='persona'}]" classname="com.dotmarketing.business.DeterministicIdentifierAPITest" time="0.007"/>
  <testcase name="Test_Similar_Content_Type_Wont_Clash" classname="com.dotmarketing.business.DeterministicIdentifierAPITest" time="0.455"/>
  <testcase name="Test_Generate_Folder_Identifier" classname="com.dotmarketing.business.DeterministicIdentifierAPITest" time="0.762"/>
  <testcase name="Test_Generate_Content_Type_Identifier[0: ContentTypeTestCase{contentType=KeyValueContentType{name=Language Variable, id=f4d7c1b8-2c88-4071-abf1-a5328977b07d, description=Default Content Type for Language Variables, defaultType=false, fixed=true, iDate=Thu Aug 31 16:38:49 UTC 2017, system=true, versionable=true, variable=Languagevariable, modDate=Mon Jun 26 13:50:36 UTC 2023, host=SYSTEM_HOST, siteName=systemHost, icon=language, sortOrder=0, folder=SYSTEM_FOLDER, folderPath=/, markedForDeletion=false, multilingualable=false}, expectedName='Languagevariable', expectedType='KeyValue'}]" classname="com.dotmarketing.business.DeterministicIdentifierAPITest" time="0.008"/>
  <testcase name="Test_Generate_Content_Type_Identifier[1: ContentTypeTestCase{contentType=SimpleContentType{name=testName1687787650662, id=3aceba6d-37b7-4d02-b71b-c301af366f14, description=testDescription1687787650662, defaultType=false, fixed=false, iDate=Mon Jun 26 13:54:10 UTC 2023, system=false, versionable=true, multilingualable=false, variable=testVarname1687787650662, owner=system, modDate=Mon Jun 26 13:54:11 UTC 2023, host=8a7d5e23-da1e-420a-b4f0-471e7da8ea2d, siteName=default, icon=event_note, sortOrder=0, folder=SYSTEM_FOLDER, folderPath=/, requiredFields=[], markedForDeletion=false}, expectedName='testVarname1687787650662', expectedType='CONTENT'}]" classname="com.dotmarketing.business.DeterministicIdentifierAPITest" time="0.006"/>
  <system-out><![CDATA[]]></system-out>
  <system-err><![CDATA[]]></system-err>
</testsuite>
