<?xml version="1.0" encoding="UTF-8"?>
<testsuite name="com.dotcms.rendering.velocity.viewtools.XsltToolTest" tests="1" skipped="0" failures="0" errors="0" timestamp="2023-06-23T18:22:22" hostname="fv-az256-466" time="3.035">
  <properties/>
  <testcase name="TestTransform" classname="com.dotcms.rendering.velocity.viewtools.XsltToolTest" time="3.035"/>
  <system-out><![CDATA[]]></system-out>
  <system-err><![CDATA[]]></system-err>
</testsuite>
