<?xml version="1.0" encoding="UTF-8"?>
<testsuite name="com.dotmarketing.portlets.contentlet.business.ContentletCacheImplTest" tests="1" skipped="0" failures="0" errors="0" timestamp="2023-07-11T01:59:00" hostname="fv-az336-51" time="1.343">
  <properties/>
  <testcase name="test_cache_does_not_get_dirty" classname="com.dotmarketing.portlets.contentlet.business.ContentletCacheImplTest" time="1.343"/>
  <system-out><![CDATA[]]></system-out>
  <system-err><![CDATA[]]></system-err>
</testsuite>
