<?xml version="1.0" encoding="UTF-8"?>
<testsuite name="com.dotmarketing.startup.runonce.Task05195CreatesDestroyActionAndAssignDestroyDefaultActionsToTheSystemWorkflowTest" tests="1" skipped="0" failures="0" errors="0" timestamp="2023-06-22T19:26:22" hostname="fv-az419-343" time="0.008">
  <properties/>
  <testcase name="Test_Upgrade_Task" classname="com.dotmarketing.startup.runonce.Task05195CreatesDestroyActionAndAssignDestroyDefaultActionsToTheSystemWorkflowTest" time="0.008"/>
  <system-out><![CDATA[]]></system-out>
  <system-err><![CDATA[]]></system-err>
</testsuite>
