<?xml version="1.0" encoding="UTF-8"?>
<testsuite name="com.dotmarketing.business.VersionableAPITest" tests="17" skipped="0" failures="0" errors="0" timestamp="2023-07-17T21:23:49" hostname="fv-az561-617" time="21.114">
  <properties/>
  <testcase name="testFindLiveVersionContentlet" classname="com.dotmarketing.business.VersionableAPITest" time="1.235"/>
  <testcase name="testFindWorkingVersionHTMLPage" classname="com.dotmarketing.business.VersionableAPITest" time="2.067"/>
  <testcase name="testFindLiveVersionTemplate" classname="com.dotmarketing.business.VersionableAPITest" time="0.04"/>
  <testcase name="testSetLockedHost" classname="com.dotmarketing.business.VersionableAPITest" time="0.953"/>
  <testcase name="getAllByVariants" classname="com.dotmarketing.business.VersionableAPITest" time="1.316"/>
  <testcase name="testIsLiveHost" classname="com.dotmarketing.business.VersionableAPITest" time="0.785"/>
  <testcase name="testFindLiveVersionContainer" classname="com.dotmarketing.business.VersionableAPITest" time="0.113"/>
  <testcase name="testFindPreviousVersion" classname="com.dotmarketing.business.VersionableAPITest" time="1.822"/>
  <testcase name="testIsWorkingHost" classname="com.dotmarketing.business.VersionableAPITest" time="1.069"/>
  <testcase name="setWorkingWithAnotherVariant" classname="com.dotmarketing.business.VersionableAPITest" time="2.204"/>
  <testcase name="testFindLiveVersionHTMLPage" classname="com.dotmarketing.business.VersionableAPITest" time="2.941"/>
  <testcase name="testFindWorkingVersionContainer" classname="com.dotmarketing.business.VersionableAPITest" time="0.098"/>
  <testcase name="getEmptyVariant" classname="com.dotmarketing.business.VersionableAPITest" time="0.002"/>
  <testcase name="getAllByVariantsLIVE" classname="com.dotmarketing.business.VersionableAPITest" time="3.947"/>
  <testcase name="setWorkingWithDefaultVariant" classname="com.dotmarketing.business.VersionableAPITest" time="1.187"/>
  <testcase name="testFindWorkingVersionTemplate" classname="com.dotmarketing.business.VersionableAPITest" time="0.058"/>
  <testcase name="testFindWorkingVersionContentlet" classname="com.dotmarketing.business.VersionableAPITest" time="1.274"/>
  <system-out><![CDATA[]]></system-out>
  <system-err><![CDATA[]]></system-err>
</testsuite>
