<?xml version="1.0" encoding="UTF-8"?>
<testsuite name="com.dotcms.rest.api.v1.authentication.ResetPasswordTokenUtilTest" tests="8" skipped="0" failures="0" errors="0" timestamp="2023-06-29T06:33:29" hostname="fv-az343-696" time="20.331">
  <properties/>
  <testcase name="test_checkToken_tokenExpired_19_minutes_throwDotInvalidTokenException" classname="com.dotcms.rest.api.v1.authentication.ResetPasswordTokenUtilTest" time="2.906"/>
  <testcase name="test_checkToken_tokenExpired_21_minutes_throwDotInvalidTokenException" classname="com.dotcms.rest.api.v1.authentication.ResetPasswordTokenUtilTest" time="2.911"/>
  <testcase name="test_checkToken_success" classname="com.dotcms.rest.api.v1.authentication.ResetPasswordTokenUtilTest" time="2.903"/>
  <testcase name="test_checkToken_tokenExpired_throwDotInvalidTokenException" classname="com.dotcms.rest.api.v1.authentication.ResetPasswordTokenUtilTest" time="2.89"/>
  <testcase name="test_createToken_success" classname="com.dotcms.rest.api.v1.authentication.ResetPasswordTokenUtilTest" time="0.002"/>
  <testcase name="test_checkToken_userIcqIdNotEqualsToken_throwDotInvalidTokenException" classname="com.dotcms.rest.api.v1.authentication.ResetPasswordTokenUtilTest" time="2.901"/>
  <testcase name="test_checkToken_userIcqIdNotSet_throwDotInvalidTokenException" classname="com.dotcms.rest.api.v1.authentication.ResetPasswordTokenUtilTest" time="2.911"/>
  <testcase name="test_checkToken_userIcqIdNotMatchingRegex_throwDotInvalidTokenException" classname="com.dotcms.rest.api.v1.authentication.ResetPasswordTokenUtilTest" time="2.907"/>
  <system-out><![CDATA[]]></system-out>
  <system-err><![CDATA[]]></system-err>
</testsuite>
