<?xml version="1.0" encoding="UTF-8"?>
<testsuite name="com.dotmarketing.portlets.personas.business.PersonaAPITest" tests="5" skipped="0" failures="0" errors="0" timestamp="2023-06-23T23:33:28" hostname="fv-az805-638" time="5.983">
  <properties/>
  <testcase name="test_pulling_personas_including_default_persona" classname="com.dotmarketing.portlets.personas.business.PersonaAPITest" time="1.015"/>
  <testcase name="testgetPersonasIncludingDefaultPersona_filterNewPersonaContentType_ShouldReturnPersonas" classname="com.dotmarketing.portlets.personas.business.PersonaAPITest" time="2.999"/>
  <testcase name="testFindPersonaByTag_CustomPersonaType_ShouldReturnTag" classname="com.dotmarketing.portlets.personas.business.PersonaAPITest" time="1.879"/>
  <testcase name="test_filtering_personas_by_name_and_keytag_including_default_persona" classname="com.dotmarketing.portlets.personas.business.PersonaAPITest" time="0.079"/>
  <testcase name="test_pagination_of_pulling_personas_including_default_persona" classname="com.dotmarketing.portlets.personas.business.PersonaAPITest" time="0.011"/>
  <system-out><![CDATA[]]></system-out>
  <system-err><![CDATA[











]]></system-err>
</testsuite>
