<?xml version="1.0" encoding="UTF-8"?>
<testsuite name="com.dotmarketing.business.DeterministicIdentifierAPITest" tests="16" skipped="0" failures="0" errors="0" timestamp="2023-07-07T16:40:17" hostname="fv-az795-156" time="1.308">
  <properties/>
  <testcase name="Test_Category_Path_Seed_And_Id" classname="com.dotmarketing.business.DeterministicIdentifierAPITest" time="0.029"/>
  <testcase name="Test_Language_Deterministic_Id[0: LanguageTestCase{expectedSeed='Language:es:US', expectedHash=4913155, langCode='es', countryCode='US', country='United States'}]" classname="com.dotmarketing.business.DeterministicIdentifierAPITest" time="0.002"/>
  <testcase name="Test_Language_Deterministic_Id[1: LanguageTestCase{expectedSeed='Language:ep:', expectedHash=5292269, langCode='ep', countryCode='', country=''}]" classname="com.dotmarketing.business.DeterministicIdentifierAPITest" time="0.001"/>
  <testcase name="Test_Language_Deterministic_Id[2: LanguageTestCase{expectedSeed='Language:sg:SAG', expectedHash=4713118, langCode='sg', countryCode='SAG', country=''}]" classname="com.dotmarketing.business.DeterministicIdentifierAPITest" time="0.001"/>
  <testcase name="Test_Language_Deterministic_Id[3: LanguageTestCase{expectedSeed='Language:en:NZ', expectedHash=5382528, langCode='en', countryCode='NZ', country='New Zealand'}]" classname="com.dotmarketing.business.DeterministicIdentifierAPITest" time="0.001"/>
  <testcase name="Test_Category_None_Persisted_Category_Should_Return_Deterministic_Id" classname="com.dotmarketing.business.DeterministicIdentifierAPITest" time="0.002"/>
  <testcase name="Test_Asset_Generate_Deterministic_Id_Best_Effort[0: TestCase{versionable=my.host1688747565364.com, parent=System Host, expectedName='my.host1688747565364.com', expectedType='Host'}]" classname="com.dotmarketing.business.DeterministicIdentifierAPITest" time="0.004"/>
  <testcase name="Test_Asset_Generate_Deterministic_Id_Best_Effort[1: TestCase{versionable=com.dotmarketing.portlets.contentlet.model.Contentlet@12cfa6e5[map={modDate=2023-07-07 16:32:45.95, fileName=file15448911012907271104.txt, title=file15448911012907271104.txt, inode=a16174c2-a315-4b16-98c9-6c2dcd31be13, __IS_NEW_CONTENT__=true, disabledWYSIWYG=[], host=aebe5efd-ff6a-4bf2-99e4-ef35b8764aee, stInode=33888b6f-7a8e-4069-b1b6-5c1aa9d0a48d, owner=system, identifier=c349a620-0dd0-4d1d-86ce-efc93f77abb7, nullProperties=[wfExpireDate, wfPublishDate, wfActionAssign, wfActionId, wfActionComments, filterKey, whereToSend, wfNeverExpire, _path_to_move, timezoneId, iWantTo, wfPublishTime, wfExpireTime], languageId=1, fileAsset=/home/runner/work/core/custom/assets/a/1/a16174c2-a315-4b16-98c9-6c2dcd31be13/fileAsset/file15448911012907271104.txt, folder=ca2b30bd-5bd7-4dc6-9e3f-58f01b8fc94c, __disable_workflow__=true, sortOrder=0, modUser=system},lowIndexPriority=false,variantId=DEFAULT], parent=com.dotmarketing.portlets.folders.model.Folder@44a3fca7[identifier=ca2b30bd-5bd7-4dc6-9e3f-58f01b8fc94c,name=testName1688747565939,sortOrder=0,showOnMenu=false,hostId=aebe5efd-ff6a-4bf2-99e4-ef35b8764aee,type=folder,title=testTitle1688747565939,filesMasks=,defaultFileType=33888b6f-7a8e-4069-b1b6-5c1aa9d0a48d,modDate=2023-07-07 16:32:45.942,owner=&lt;null&gt;,iDate=2023-07-07 16:32:45.942,inode=ca2b30bd-5bd7-4dc6-9e3f-58f01b8fc94c,path=/testName1688747565939/], expectedName='file15448911012907271104.txt', expectedType='FileAsset'}]" classname="com.dotmarketing.business.DeterministicIdentifierAPITest" time="0.003"/>
  <testcase name="Test_Asset_Generate_Deterministic_Id_Best_Effort[2: TestCase{versionable=com.dotmarketing.portlets.templates.model.Template@e947246b, parent=my.host1688747565364.com, expectedName='testTitle1688747566098', expectedType='Template'}]" classname="com.dotmarketing.business.DeterministicIdentifierAPITest" time="0.002"/>
  <testcase name="Test_Asset_Generate_Deterministic_Id_Best_Effort[3: TestCase{versionable=com.dotmarketing.portlets.htmlpageasset.model.HTMLPageAsset@59a31d85[map={template=0a0a1ab9-6a6c-41e8-9290-6500b2681b88, owner=system, identifier=21d21d30-2928-4714-90f1-8f6ae1c29d84, nullProperties=[wfExpireDate, wfPublishDate, wfActionAssign, wfActionId, wfActionComments, filterKey, whereToSend, wfNeverExpire, _path_to_move, timezoneId, iWantTo, wfPublishTime, wfExpireTime], modDate=2023-07-07 16:32:46.128, cachettl=0, _is_test_mode=true, languageId=1, title=test-page-title-1688747566122, httpsreq=, url=test-page-url-1688747566122, showOnMenu=, inode=78dd11c4-224e-4529-8c2e-bf7bf86fc55f, folder=ca2b30bd-5bd7-4dc6-9e3f-58f01b8fc94c, disabledWYSIWYG=[], sortOrder=1, modUser=system, host=aebe5efd-ff6a-4bf2-99e4-ef35b8764aee, stInode=c541abb1-69b3-4bc5-8430-5e09e5239cc8, friendlyName=test-page-friendly-name-1688747566122},lowIndexPriority=false,variantId=DEFAULT], parent=com.dotmarketing.portlets.folders.model.Folder@44a3fca7[identifier=ca2b30bd-5bd7-4dc6-9e3f-58f01b8fc94c,name=testName1688747565939,sortOrder=0,showOnMenu=false,hostId=aebe5efd-ff6a-4bf2-99e4-ef35b8764aee,type=folder,title=testTitle1688747565939,filesMasks=,defaultFileType=33888b6f-7a8e-4069-b1b6-5c1aa9d0a48d,modDate=2023-07-07 16:32:45.942,owner=&lt;null&gt;,iDate=2023-07-07 16:32:45.942,inode=ca2b30bd-5bd7-4dc6-9e3f-58f01b8fc94c,path=/testName1688747565939/], expectedName='test-page-url-1688747566122', expectedType='htmlpageasset'}]" classname="com.dotmarketing.business.DeterministicIdentifierAPITest" time="0.003"/>
  <testcase name="Test_Asset_Generate_Deterministic_Id_Best_Effort[4: TestCase{versionable=com.dotmarketing.portlets.contentlet.model.Contentlet@289f8719[map={fileAsset2=/home/runner/work/core/custom/assets/0/d/0df0914c-7267-4c61-b6b0-627f000f13cb/fileAsset2/test_binary1688747567928.png, modDate=2023-07-07 16:32:47.934, fileAsset1=/home/runner/work/core/custom/assets/0/d/0df0914c-7267-4c61-b6b0-627f000f13cb/fileAsset1/test_binary1688747567927.jpg, title=blah, inode=0df0914c-7267-4c61-b6b0-627f000f13cb, __IS_NEW_CONTENT__=true, disabledWYSIWYG=[], host=48190c8c-42c4-46af-8d1a-0cd5db894797, stInode=716e943f-4600-4b81-9938-252f1c593a6a, owner=system, identifier=81742e5d-f36d-44d1-96ab-3d9fd5b9945c, nullProperties=[], languageId=1, image1=756acca9-5627-4078-b022-fe0a7e5bf750, folder=SYSTEM_FOLDER, __disable_workflow__=true, sortOrder=0, modUser=system},lowIndexPriority=false,variantId=DEFAULT], parent=demo.dotcms.com, expectedName='test_binary1688747567927.jpg:test_binary1688747567928.png', expectedType='MultipleBinaries1688747566547'}]" classname="com.dotmarketing.business.DeterministicIdentifierAPITest" time="0.003"/>
  <testcase name="Test_Asset_Generate_Deterministic_Id_Best_Effort[5: TestCase{versionable=name0d67fe2e5f : keyTag0d67fe2e5f, parent=my.host1688747565364.com, expectedName='keyTag0d67fe2e5f', expectedType='persona'}]" classname="com.dotmarketing.business.DeterministicIdentifierAPITest" time="0.003"/>
  <testcase name="Test_Similar_Content_Type_Wont_Clash" classname="com.dotmarketing.business.DeterministicIdentifierAPITest" time="0.577"/>
  <testcase name="Test_Generate_Folder_Identifier" classname="com.dotmarketing.business.DeterministicIdentifierAPITest" time="0.657"/>
  <testcase name="Test_Generate_Content_Type_Identifier[0: ContentTypeTestCase{contentType=KeyValueContentType{name=Language Variable, id=f4d7c1b8-2c88-4071-abf1-a5328977b07d, description=Default Content Type for Language Variables, defaultType=false, fixed=true, iDate=Thu Aug 31 16:38:49 UTC 2017, system=true, versionable=true, variable=Languagevariable, modDate=Fri Jul 07 15:13:04 UTC 2023, host=SYSTEM_HOST, siteName=systemHost, icon=language, sortOrder=0, folder=SYSTEM_FOLDER, folderPath=/, markedForDeletion=true, multilingualable=false}, expectedName='Languagevariable', expectedType='KeyValue'}]" classname="com.dotmarketing.business.DeterministicIdentifierAPITest" time="0.007"/>
  <testcase name="Test_Generate_Content_Type_Identifier[1: ContentTypeTestCase{contentType=SimpleContentType{name=testName1688747568477, id=6f95eb44-1668-4848-9b31-67d3f0417887, description=testDescription1688747568477, defaultType=false, fixed=false, iDate=Fri Jul 07 16:32:48 UTC 2023, system=false, versionable=true, multilingualable=false, variable=testVarname1688747568477, owner=system, modDate=Fri Jul 07 16:32:49 UTC 2023, host=48190c8c-42c4-46af-8d1a-0cd5db894797, siteName=demo.dotcms.com, icon=event_note, sortOrder=0, folder=SYSTEM_FOLDER, folderPath=/, requiredFields=[], markedForDeletion=false}, expectedName='testVarname1688747568477', expectedType='CONTENT'}]" classname="com.dotmarketing.business.DeterministicIdentifierAPITest" time="0.007"/>
  <system-out><![CDATA[]]></system-out>
  <system-err><![CDATA[]]></system-err>
</testsuite>
