<?xml version="1.0" encoding="UTF-8"?>
<testsuite name="com.dotcms.rest.api.v1.vtl.VTLResourceIntegrationTest" tests="6" skipped="0" failures="0" errors="0" timestamp="2023-06-28T00:48:01" hostname="fv-az612-160" time="12.385">
  <properties/>
  <testcase name="testGet[0: com.dotcms.rest.api.v1.vtl.VTLResourceTestCase@6c7f3ccb]" classname="com.dotcms.rest.api.v1.vtl.VTLResourceIntegrationTest" time="2.519"/>
  <testcase name="testGet[1: com.dotcms.rest.api.v1.vtl.VTLResourceTestCase@3eb5dc33]" classname="com.dotcms.rest.api.v1.vtl.VTLResourceIntegrationTest" time="1.886"/>
  <testcase name="testGet[2: com.dotcms.rest.api.v1.vtl.VTLResourceTestCase@7a902f85]" classname="com.dotcms.rest.api.v1.vtl.VTLResourceIntegrationTest" time="2.171"/>
  <testcase name="testGet[3: com.dotcms.rest.api.v1.vtl.VTLResourceTestCase@a29e995]" classname="com.dotcms.rest.api.v1.vtl.VTLResourceIntegrationTest" time="1.891"/>
  <testcase name="testGet[4: com.dotcms.rest.api.v1.vtl.VTLResourceTestCase@1fa5057f]" classname="com.dotcms.rest.api.v1.vtl.VTLResourceIntegrationTest" time="2.142"/>
  <testcase name="testGet[5: com.dotcms.rest.api.v1.vtl.VTLResourceTestCase@fe106fc]" classname="com.dotcms.rest.api.v1.vtl.VTLResourceIntegrationTest" time="1.776"/>
  <system-out><![CDATA[]]></system-out>
  <system-err><![CDATA[]]></system-err>
</testsuite>
