<?xml version="1.0" encoding="UTF-8"?>
<testsuite name="com.dotmarketing.business.DeterministicIdentifierAPITest" tests="16" skipped="0" failures="0" errors="0" timestamp="2023-06-30T15:59:42" hostname="fv-az451-778" time="1.205">
  <properties/>
  <testcase name="Test_Category_Path_Seed_And_Id" classname="com.dotmarketing.business.DeterministicIdentifierAPITest" time="0.036"/>
  <testcase name="Test_Language_Deterministic_Id[0: LanguageTestCase{expectedSeed='Language:es:US', expectedHash=4913155, langCode='es', countryCode='US', country='United States'}]" classname="com.dotmarketing.business.DeterministicIdentifierAPITest" time="0.001"/>
  <testcase name="Test_Language_Deterministic_Id[1: LanguageTestCase{expectedSeed='Language:ep:', expectedHash=5292269, langCode='ep', countryCode='', country=''}]" classname="com.dotmarketing.business.DeterministicIdentifierAPITest" time="0.001"/>
  <testcase name="Test_Language_Deterministic_Id[2: LanguageTestCase{expectedSeed='Language:sg:SAG', expectedHash=4713118, langCode='sg', countryCode='SAG', country=''}]" classname="com.dotmarketing.business.DeterministicIdentifierAPITest" time="0.001"/>
  <testcase name="Test_Language_Deterministic_Id[3: LanguageTestCase{expectedSeed='Language:en:NZ', expectedHash=5382528, langCode='en', countryCode='NZ', country='New Zealand'}]" classname="com.dotmarketing.business.DeterministicIdentifierAPITest" time="0.001"/>
  <testcase name="Test_Category_None_Persisted_Category_Should_Return_Deterministic_Id" classname="com.dotmarketing.business.DeterministicIdentifierAPITest" time="0.001"/>
  <testcase name="Test_Asset_Generate_Deterministic_Id_Best_Effort[0: TestCase{versionable=my.host1688140395824.com, parent=System Host, expectedName='my.host1688140395824.com', expectedType='Host'}]" classname="com.dotmarketing.business.DeterministicIdentifierAPITest" time="0.005"/>
  <testcase name="Test_Asset_Generate_Deterministic_Id_Best_Effort[1: TestCase{versionable=com.dotmarketing.portlets.contentlet.model.Contentlet@26d1a672[map={modDate=2023-06-30 15:53:16.647, fileName=file17723903865223326550.txt, title=file17723903865223326550.txt, inode=9cebe19d-ac73-464f-a2c9-c57eda7f75fa, __IS_NEW_CONTENT__=true, disabledWYSIWYG=[], host=461cfa86-dc00-44a7-afa3-adf8415420fe, stInode=33888b6f-7a8e-4069-b1b6-5c1aa9d0a48d, owner=system, identifier=aa6e4129-5723-4c60-bb21-7b3a2bffc708, nullProperties=[wfExpireDate, wfPublishDate, wfActionAssign, wfActionId, wfActionComments, filterKey, whereToSend, wfNeverExpire, _path_to_move, timezoneId, iWantTo, wfPublishTime, wfExpireTime], languageId=1, fileAsset=/home/runner/work/core/custom/assets/9/c/9cebe19d-ac73-464f-a2c9-c57eda7f75fa/fileAsset/file17723903865223326550.txt, folder=f5253991-0c4a-4c6d-ad6d-521fc9af69e5, __disable_workflow__=true, sortOrder=0, modUser=system},lowIndexPriority=false,variantId=DEFAULT], parent=com.dotmarketing.portlets.folders.model.Folder@3fb7c6c3[identifier=f5253991-0c4a-4c6d-ad6d-521fc9af69e5,name=testName1688140396641,sortOrder=0,showOnMenu=false,hostId=461cfa86-dc00-44a7-afa3-adf8415420fe,type=folder,title=testTitle1688140396641,filesMasks=,defaultFileType=33888b6f-7a8e-4069-b1b6-5c1aa9d0a48d,modDate=2023-06-30 15:53:16.643,owner=&lt;null&gt;,iDate=2023-06-30 15:53:16.644,inode=f5253991-0c4a-4c6d-ad6d-521fc9af69e5,path=/testName1688140396641/], expectedName='file17723903865223326550.txt', expectedType='FileAsset'}]" classname="com.dotmarketing.business.DeterministicIdentifierAPITest" time="0.004"/>
  <testcase name="Test_Asset_Generate_Deterministic_Id_Best_Effort[2: TestCase{versionable=com.dotmarketing.portlets.templates.model.Template@9bed82ce, parent=my.host1688140395824.com, expectedName='testTitle1688140396735', expectedType='Template'}]" classname="com.dotmarketing.business.DeterministicIdentifierAPITest" time="0.002"/>
  <testcase name="Test_Asset_Generate_Deterministic_Id_Best_Effort[3: TestCase{versionable=com.dotmarketing.portlets.htmlpageasset.model.HTMLPageAsset@338ba9cc[map={template=930e5a6b-075a-438b-bf07-5a2f0acafe89, owner=system, identifier=96a97577-be66-4c82-974b-493a384512d2, nullProperties=[wfExpireDate, wfPublishDate, wfActionAssign, wfActionId, wfActionComments, filterKey, whereToSend, wfNeverExpire, _path_to_move, timezoneId, iWantTo, wfPublishTime, wfExpireTime], modDate=2023-06-30 15:53:16.748, cachettl=0, _is_test_mode=true, languageId=1, title=test-page-title-1688140396745, httpsreq=, url=test-page-url-1688140396745, showOnMenu=, inode=55f4ab63-c3ea-4b8a-8484-dc8a08b6239c, folder=f5253991-0c4a-4c6d-ad6d-521fc9af69e5, disabledWYSIWYG=[], sortOrder=1, modUser=system, host=461cfa86-dc00-44a7-afa3-adf8415420fe, stInode=c541abb1-69b3-4bc5-8430-5e09e5239cc8, friendlyName=test-page-friendly-name-1688140396745},lowIndexPriority=false,variantId=DEFAULT], parent=com.dotmarketing.portlets.folders.model.Folder@3fb7c6c3[identifier=f5253991-0c4a-4c6d-ad6d-521fc9af69e5,name=testName1688140396641,sortOrder=0,showOnMenu=false,hostId=461cfa86-dc00-44a7-afa3-adf8415420fe,type=folder,title=testTitle1688140396641,filesMasks=,defaultFileType=33888b6f-7a8e-4069-b1b6-5c1aa9d0a48d,modDate=2023-06-30 15:53:16.643,owner=&lt;null&gt;,iDate=2023-06-30 15:53:16.644,inode=f5253991-0c4a-4c6d-ad6d-521fc9af69e5,path=/testName1688140396641/], expectedName='test-page-url-1688140396745', expectedType='htmlpageasset'}]" classname="com.dotmarketing.business.DeterministicIdentifierAPITest" time="0.002"/>
  <testcase name="Test_Asset_Generate_Deterministic_Id_Best_Effort[4: TestCase{versionable=com.dotmarketing.portlets.contentlet.model.Contentlet@2ccd4389[map={fileAsset2=/home/runner/work/core/custom/assets/3/4/34064ac5-d8cc-4fcb-94d4-e0e78f9a32a2/fileAsset2/test_binary1688140397593.png, modDate=2023-06-30 15:53:17.597, fileAsset1=/home/runner/work/core/custom/assets/3/4/34064ac5-d8cc-4fcb-94d4-e0e78f9a32a2/fileAsset1/test_binary1688140397592.jpg, title=blah, inode=34064ac5-d8cc-4fcb-94d4-e0e78f9a32a2, __IS_NEW_CONTENT__=true, disabledWYSIWYG=[], host=48190c8c-42c4-46af-8d1a-0cd5db894797, stInode=8a0336c1-7040-49be-ba77-72757ad7613b, owner=system, identifier=f1239c9f-4574-48b9-8fcd-ef454319dabd, nullProperties=[], languageId=1, image1=c0267cb9-2245-44e9-b1f7-aba72e8356cf, folder=SYSTEM_FOLDER, __disable_workflow__=true, sortOrder=0, modUser=system},lowIndexPriority=false,variantId=DEFAULT], parent=demo.dotcms.com, expectedName='test_binary1688140397592.jpg:test_binary1688140397593.png', expectedType='MultipleBinaries1688140396887'}]" classname="com.dotmarketing.business.DeterministicIdentifierAPITest" time="0.003"/>
  <testcase name="Test_Asset_Generate_Deterministic_Id_Best_Effort[5: TestCase{versionable=nameb9e9b86bb1 : keyTagb9e9b86bb1, parent=my.host1688140395824.com, expectedName='keyTagb9e9b86bb1', expectedType='persona'}]" classname="com.dotmarketing.business.DeterministicIdentifierAPITest" time="0.002"/>
  <testcase name="Test_Similar_Content_Type_Wont_Clash" classname="com.dotmarketing.business.DeterministicIdentifierAPITest" time="0.453"/>
  <testcase name="Test_Generate_Folder_Identifier" classname="com.dotmarketing.business.DeterministicIdentifierAPITest" time="0.68"/>
  <testcase name="Test_Generate_Content_Type_Identifier[0: ContentTypeTestCase{contentType=KeyValueContentType{name=Language Variable, id=f4d7c1b8-2c88-4071-abf1-a5328977b07d, description=Default Content Type for Language Variables, defaultType=false, fixed=true, iDate=Thu Aug 31 16:38:49 UTC 2017, system=true, versionable=true, variable=Languagevariable, modDate=Fri Jun 30 14:49:11 UTC 2023, host=SYSTEM_HOST, siteName=systemHost, icon=language, sortOrder=0, folder=SYSTEM_FOLDER, folderPath=/, markedForDeletion=true, multilingualable=false}, expectedName='Languagevariable', expectedType='KeyValue'}]" classname="com.dotmarketing.business.DeterministicIdentifierAPITest" time="0.008"/>
  <testcase name="Test_Generate_Content_Type_Identifier[1: ContentTypeTestCase{contentType=SimpleContentType{name=testName1688140397966, id=3a9ea45d-cf79-4250-8176-950e73b1f41e, description=testDescription1688140397966, defaultType=false, fixed=false, iDate=Fri Jun 30 15:53:17 UTC 2023, system=false, versionable=true, multilingualable=false, variable=testVarname1688140397966, owner=system, modDate=Fri Jun 30 15:53:18 UTC 2023, host=48190c8c-42c4-46af-8d1a-0cd5db894797, siteName=demo.dotcms.com, icon=event_note, sortOrder=0, folder=SYSTEM_FOLDER, folderPath=/, requiredFields=[], markedForDeletion=false}, expectedName='testVarname1688140397966', expectedType='CONTENT'}]" classname="com.dotmarketing.business.DeterministicIdentifierAPITest" time="0.004"/>
  <system-out><![CDATA[]]></system-out>
  <system-err><![CDATA[]]></system-err>
</testsuite>
