<?xml version="1.0" encoding="UTF-8"?>
<testsuite name="com.dotcms.rest.elasticsearch.ESContentResourcePortletTest" tests="8" skipped="0" failures="0" errors="0" timestamp="2023-06-30T17:05:12" hostname="fv-az797-168" time="7.849">
  <properties/>
  <testcase name="test_search_includeGrandChildCategory_success" classname="com.dotcms.rest.elasticsearch.ESContentResourcePortletTest" time="1.359"/>
  <testcase name="testSearch[0: com.dotcms.rest.elasticsearch.ESContentResourcePortletTest$TestCase@65f57ce2]" classname="com.dotcms.rest.elasticsearch.ESContentResourcePortletTest" time="0.963"/>
  <testcase name="testSearch[1: com.dotcms.rest.elasticsearch.ESContentResourcePortletTest$TestCase@7d117622]" classname="com.dotcms.rest.elasticsearch.ESContentResourcePortletTest" time="1.242"/>
  <testcase name="testSearch[2: com.dotcms.rest.elasticsearch.ESContentResourcePortletTest$TestCase@16c26fb0]" classname="com.dotcms.rest.elasticsearch.ESContentResourcePortletTest" time="0.968"/>
  <testcase name="testSearch[3: com.dotcms.rest.elasticsearch.ESContentResourcePortletTest$TestCase@529bab36]" classname="com.dotcms.rest.elasticsearch.ESContentResourcePortletTest" time="1.211"/>
  <testcase name="testSearch[4: com.dotcms.rest.elasticsearch.ESContentResourcePortletTest$TestCase@1cc7cfeb]" classname="com.dotcms.rest.elasticsearch.ESContentResourcePortletTest" time="0.24"/>
  <testcase name="testSearch[5: com.dotcms.rest.elasticsearch.ESContentResourcePortletTest$TestCase@6a911a37]" classname="com.dotcms.rest.elasticsearch.ESContentResourcePortletTest" time="0.949"/>
  <testcase name="testSearch[6: com.dotcms.rest.elasticsearch.ESContentResourcePortletTest$TestCase@6f2b473a]" classname="com.dotcms.rest.elasticsearch.ESContentResourcePortletTest" time="0.917"/>
  <system-out><![CDATA[]]></system-out>
  <system-err><![CDATA[]]></system-err>
</testsuite>
