<?xml version="1.0" encoding="UTF-8"?>
<testsuite name="com.dotmarketing.portlets.structure.model.ContentletRelationshipsTest" tests="7" skipped="0" failures="0" errors="0" timestamp="2023-07-03T16:26:23" hostname="fv-az349-999" time="9.136">
  <properties/>
  <testcase name="testDoesAllowOnlyOne[0: com.dotmarketing.portlets.structure.model.ContentletRelationshipsTest$CardinalityTestCase@5d3b3d4]" classname="com.dotmarketing.portlets.structure.model.ContentletRelationshipsTest" time="0.656"/>
  <testcase name="testDoesAllowOnlyOne[1: com.dotmarketing.portlets.structure.model.ContentletRelationshipsTest$CardinalityTestCase@76b1f2ed]" classname="com.dotmarketing.portlets.structure.model.ContentletRelationshipsTest" time="0.592"/>
  <testcase name="testDoesAllowOnlyOne[2: com.dotmarketing.portlets.structure.model.ContentletRelationshipsTest$CardinalityTestCase@104fc55d]" classname="com.dotmarketing.portlets.structure.model.ContentletRelationshipsTest" time="0.572"/>
  <testcase name="testGetRelationshipRecords[0: com.dotmarketing.portlets.structure.model.ContentletRelationshipsTest$TestCase@7be4bbb4]" classname="com.dotmarketing.portlets.structure.model.ContentletRelationshipsTest" time="2.249"/>
  <testcase name="testGetRelationshipRecords[1: com.dotmarketing.portlets.structure.model.ContentletRelationshipsTest$TestCase@6331ea0f]" classname="com.dotmarketing.portlets.structure.model.ContentletRelationshipsTest" time="2.148"/>
  <testcase name="testGetRelationshipRecords[2: com.dotmarketing.portlets.structure.model.ContentletRelationshipsTest$TestCase@1aee4a1e]" classname="com.dotmarketing.portlets.structure.model.ContentletRelationshipsTest" time="0.957"/>
  <testcase name="testGetRelationshipRecords[3: com.dotmarketing.portlets.structure.model.ContentletRelationshipsTest$TestCase@74650133]" classname="com.dotmarketing.portlets.structure.model.ContentletRelationshipsTest" time="1.961"/>
  <system-out><![CDATA[]]></system-out>
  <system-err><![CDATA[]]></system-err>
</testsuite>
