<?xml version="1.0" encoding="UTF-8"?>
<testsuite name="com.dotmarketing.business.PermissionAPIIntegrationTest" tests="4" skipped="0" failures="0" errors="0" timestamp="2023-07-07T22:13:01" hostname="fv-az563-341" time="14.017">
  <properties/>
  <testcase name="resetPermissionsUnder" classname="com.dotmarketing.business.PermissionAPIIntegrationTest" time="2.256"/>
  <testcase name="Test_Parent_Individual_Permissions_Should_not_Appear_On_getPermission_Over_Children_Assets" classname="com.dotmarketing.business.PermissionAPIIntegrationTest" time="4.711"/>
  <testcase name="test_permissionIndividuallyByRole" classname="com.dotmarketing.business.PermissionAPIIntegrationTest" time="3.136"/>
  <testcase name="issue11850" classname="com.dotmarketing.business.PermissionAPIIntegrationTest" time="3.914"/>
  <system-out><![CDATA[]]></system-out>
  <system-err><![CDATA[]]></system-err>
</testsuite>
