<?xml version="1.0" encoding="UTF-8"?>
<testsuite name="com.dotcms.rendering.velocity.viewtools.XmlToolTest" tests="2" skipped="0" failures="0" errors="0" timestamp="2023-06-30T23:04:01" hostname="fv-az162-235" time="0.04">
  <properties/>
  <testcase name="test_xmltool_using_private_ip_should_throw_an_exception" classname="com.dotcms.rendering.velocity.viewtools.XmlToolTest" time="0.0"/>
  <testcase name="read" classname="com.dotcms.rendering.velocity.viewtools.XmlToolTest" time="0.04"/>
  <system-out><![CDATA[]]></system-out>
  <system-err><![CDATA[]]></system-err>
</testsuite>
