<?xml version="1.0" encoding="UTF-8"?>
<testsuite name="com.dotmarketing.business.DeterministicIdentifierAPITest" tests="16" skipped="0" failures="0" errors="0" timestamp="2023-06-30T02:17:34" hostname="fv-az343-533" time="1.687">
  <properties/>
  <testcase name="Test_Category_Path_Seed_And_Id" classname="com.dotmarketing.business.DeterministicIdentifierAPITest" time="0.036"/>
  <testcase name="Test_Language_Deterministic_Id[0: LanguageTestCase{expectedSeed='Language:es:US', expectedHash=4913155, langCode='es', countryCode='US', country='United States'}]" classname="com.dotmarketing.business.DeterministicIdentifierAPITest" time="0.002"/>
  <testcase name="Test_Language_Deterministic_Id[1: LanguageTestCase{expectedSeed='Language:ep:', expectedHash=5292269, langCode='ep', countryCode='', country=''}]" classname="com.dotmarketing.business.DeterministicIdentifierAPITest" time="0.002"/>
  <testcase name="Test_Language_Deterministic_Id[2: LanguageTestCase{expectedSeed='Language:sg:SAG', expectedHash=4713118, langCode='sg', countryCode='SAG', country=''}]" classname="com.dotmarketing.business.DeterministicIdentifierAPITest" time="0.002"/>
  <testcase name="Test_Language_Deterministic_Id[3: LanguageTestCase{expectedSeed='Language:en:NZ', expectedHash=5382528, langCode='en', countryCode='NZ', country='New Zealand'}]" classname="com.dotmarketing.business.DeterministicIdentifierAPITest" time="0.001"/>
  <testcase name="Test_Category_None_Persisted_Category_Should_Return_Deterministic_Id" classname="com.dotmarketing.business.DeterministicIdentifierAPITest" time="0.002"/>
  <testcase name="Test_Asset_Generate_Deterministic_Id_Best_Effort[0: TestCase{versionable=my.host1688090995843.com, parent=System Host, expectedName='my.host1688090995843.com', expectedType='Host'}]" classname="com.dotmarketing.business.DeterministicIdentifierAPITest" time="0.005"/>
  <testcase name="Test_Asset_Generate_Deterministic_Id_Best_Effort[1: TestCase{versionable=com.dotmarketing.portlets.contentlet.model.Contentlet@edfbe3b[map={modDate=2023-06-30 02:09:56.186, fileName=file16969177661602435723.txt, title=file16969177661602435723.txt, inode=b1433e71-272e-46e9-a48d-2184bd0ec922, __IS_NEW_CONTENT__=true, disabledWYSIWYG=[], host=8014aec5-a436-4bdc-9b58-f55d9e22124d, stInode=33888b6f-7a8e-4069-b1b6-5c1aa9d0a48d, owner=system, identifier=8fd6dce3-f69d-4ec7-8d4b-4f351d0a3279, nullProperties=[wfExpireDate, wfPublishDate, wfActionAssign, wfActionId, wfActionComments, filterKey, whereToSend, wfNeverExpire, _path_to_move, timezoneId, iWantTo, wfPublishTime, wfExpireTime], languageId=1, fileAsset=/home/runner/work/core/custom/assets/b/1/b1433e71-272e-46e9-a48d-2184bd0ec922/fileAsset/file16969177661602435723.txt, folder=e434a0aa-4b2b-4430-a056-574f485fbd8f, __disable_workflow__=true, sortOrder=0, modUser=system},lowIndexPriority=false,variantId=DEFAULT], parent=com.dotmarketing.portlets.folders.model.Folder@1d53867[identifier=e434a0aa-4b2b-4430-a056-574f485fbd8f,name=testName1688090996177,sortOrder=0,showOnMenu=false,hostId=8014aec5-a436-4bdc-9b58-f55d9e22124d,type=folder,title=testTitle1688090996177,filesMasks=,defaultFileType=33888b6f-7a8e-4069-b1b6-5c1aa9d0a48d,modDate=2023-06-30 02:09:56.18,owner=&lt;null&gt;,iDate=2023-06-30 02:09:56.18,inode=e434a0aa-4b2b-4430-a056-574f485fbd8f,path=/testName1688090996177/], expectedName='file16969177661602435723.txt', expectedType='FileAsset'}]" classname="com.dotmarketing.business.DeterministicIdentifierAPITest" time="0.005"/>
  <testcase name="Test_Asset_Generate_Deterministic_Id_Best_Effort[2: TestCase{versionable=com.dotmarketing.portlets.templates.model.Template@b8e48cb6, parent=my.host1688090995843.com, expectedName='testTitle1688090996319', expectedType='Template'}]" classname="com.dotmarketing.business.DeterministicIdentifierAPITest" time="0.003"/>
  <testcase name="Test_Asset_Generate_Deterministic_Id_Best_Effort[3: TestCase{versionable=com.dotmarketing.portlets.htmlpageasset.model.HTMLPageAsset@2374e238[map={template=3a458854-5863-4306-a2e7-65124809ae3b, owner=system, identifier=921daeb8-0f7c-4d8d-8255-093b1bba8d42, nullProperties=[wfExpireDate, wfPublishDate, wfActionAssign, wfActionId, wfActionComments, filterKey, whereToSend, wfNeverExpire, _path_to_move, timezoneId, iWantTo, wfPublishTime, wfExpireTime], modDate=2023-06-30 02:09:56.353, cachettl=0, _is_test_mode=true, languageId=1, title=test-page-title-1688090996347, httpsreq=, url=test-page-url-1688090996347, showOnMenu=, inode=3870f2d2-7ee4-4183-903c-7128d196a57e, folder=e434a0aa-4b2b-4430-a056-574f485fbd8f, disabledWYSIWYG=[], sortOrder=1, modUser=system, host=8014aec5-a436-4bdc-9b58-f55d9e22124d, stInode=c541abb1-69b3-4bc5-8430-5e09e5239cc8, friendlyName=test-page-friendly-name-1688090996347},lowIndexPriority=false,variantId=DEFAULT], parent=com.dotmarketing.portlets.folders.model.Folder@1d53867[identifier=e434a0aa-4b2b-4430-a056-574f485fbd8f,name=testName1688090996177,sortOrder=0,showOnMenu=false,hostId=8014aec5-a436-4bdc-9b58-f55d9e22124d,type=folder,title=testTitle1688090996177,filesMasks=,defaultFileType=33888b6f-7a8e-4069-b1b6-5c1aa9d0a48d,modDate=2023-06-30 02:09:56.18,owner=&lt;null&gt;,iDate=2023-06-30 02:09:56.18,inode=e434a0aa-4b2b-4430-a056-574f485fbd8f,path=/testName1688090996177/], expectedName='test-page-url-1688090996347', expectedType='htmlpageasset'}]" classname="com.dotmarketing.business.DeterministicIdentifierAPITest" time="0.004"/>
  <testcase name="Test_Asset_Generate_Deterministic_Id_Best_Effort[4: TestCase{versionable=com.dotmarketing.portlets.contentlet.model.Contentlet@364f134f[map={fileAsset2=/home/runner/work/core/custom/assets/e/a/ea2d0e8d-6596-4206-9079-b1aec7bb2ff5/fileAsset2/test_binary1688090998220.png, modDate=2023-06-30 02:09:58.229, fileAsset1=/home/runner/work/core/custom/assets/e/a/ea2d0e8d-6596-4206-9079-b1aec7bb2ff5/fileAsset1/test_binary1688090998220.jpg, title=blah, inode=ea2d0e8d-6596-4206-9079-b1aec7bb2ff5, __IS_NEW_CONTENT__=true, disabledWYSIWYG=[], host=48190c8c-42c4-46af-8d1a-0cd5db894797, stInode=7fc78305-2559-4a00-9cbb-fa40b1eb328b, owner=system, identifier=11f864ba-97c8-4d65-bbed-7937ab3ec2b5, nullProperties=[], languageId=1, image1=33f14b6f-f79a-4e19-93c9-2d649572577b, folder=SYSTEM_FOLDER, __disable_workflow__=true, sortOrder=0, modUser=system},lowIndexPriority=false,variantId=DEFAULT], parent=demo.dotcms.com, expectedName='test_binary1688090998220.jpg:test_binary1688090998220.png', expectedType='MultipleBinaries1688090996710'}]" classname="com.dotmarketing.business.DeterministicIdentifierAPITest" time="0.004"/>
  <testcase name="Test_Asset_Generate_Deterministic_Id_Best_Effort[5: TestCase{versionable=name6d64054657 : keyTag6d64054657, parent=my.host1688090995843.com, expectedName='keyTag6d64054657', expectedType='persona'}]" classname="com.dotmarketing.business.DeterministicIdentifierAPITest" time="0.004"/>
  <testcase name="Test_Similar_Content_Type_Wont_Clash" classname="com.dotmarketing.business.DeterministicIdentifierAPITest" time="0.66"/>
  <testcase name="Test_Generate_Folder_Identifier" classname="com.dotmarketing.business.DeterministicIdentifierAPITest" time="0.939"/>
  <testcase name="Test_Generate_Content_Type_Identifier[0: ContentTypeTestCase{contentType=KeyValueContentType{name=Language Variable, id=f4d7c1b8-2c88-4071-abf1-a5328977b07d, description=Default Content Type for Language Variables, defaultType=false, fixed=true, iDate=Thu Aug 31 16:38:49 UTC 2017, system=true, versionable=true, variable=Languagevariable, modDate=Fri Jun 30 00:49:38 UTC 2023, host=SYSTEM_HOST, siteName=systemHost, icon=language, sortOrder=0, folder=SYSTEM_FOLDER, folderPath=/, markedForDeletion=true, multilingualable=false}, expectedName='Languagevariable', expectedType='KeyValue'}]" classname="com.dotmarketing.business.DeterministicIdentifierAPITest" time="0.006"/>
  <testcase name="Test_Generate_Content_Type_Identifier[1: ContentTypeTestCase{contentType=SimpleContentType{name=testName1688090998832, id=67505ada-7b79-455d-990a-6d39f5d574d0, description=testDescription1688090998832, defaultType=false, fixed=false, iDate=Fri Jun 30 02:09:58 UTC 2023, system=false, versionable=true, multilingualable=false, variable=testVarname1688090998832, owner=system, modDate=Fri Jun 30 02:09:59 UTC 2023, host=48190c8c-42c4-46af-8d1a-0cd5db894797, siteName=demo.dotcms.com, icon=event_note, sortOrder=0, folder=SYSTEM_FOLDER, folderPath=/, requiredFields=[], markedForDeletion=false}, expectedName='testVarname1688090998832', expectedType='CONTENT'}]" classname="com.dotmarketing.business.DeterministicIdentifierAPITest" time="0.009"/>
  <system-out><![CDATA[]]></system-out>
  <system-err><![CDATA[]]></system-err>
</testsuite>
