<?xml version="1.0" encoding="UTF-8"?>
<testsuite name="com.dotmarketing.business.CommitListenerCacheWrapperTest" tests="1" skipped="0" failures="0" errors="0" timestamp="2023-06-28T23:18:48" hostname="fv-az446-868" time="0.571">
  <properties/>
  <testcase name="Testing_API_And_Cache_Visibility_In_A_Transaction" classname="com.dotmarketing.business.CommitListenerCacheWrapperTest" time="0.571"/>
  <system-out><![CDATA[]]></system-out>
  <system-err><![CDATA[]]></system-err>
</testsuite>
