<?xml version="1.0" encoding="UTF-8"?>
<testsuite name="com.dotmarketing.util.ResourceCollectorUtilTest" tests="3" skipped="0" failures="0" errors="0" timestamp="2023-07-03T18:36:40" hostname="fv-az564-656" time="0.011">
  <properties/>
  <testcase name="test_getPackages_bundle_version_range" classname="com.dotmarketing.util.ResourceCollectorUtilTest" time="0.006"/>
  <testcase name="test_getPackages_bundle" classname="com.dotmarketing.util.ResourceCollectorUtilTest" time="0.003"/>
  <testcase name="test_getPackages_fragment" classname="com.dotmarketing.util.ResourceCollectorUtilTest" time="0.002"/>
  <system-out><![CDATA[]]></system-out>
  <system-err><![CDATA[]]></system-err>
</testsuite>
