<?xml version="1.0" encoding="UTF-8"?>
<testsuite name="com.dotmarketing.image.focalpoint.FocalPointAPITest" tests="5" skipped="0" failures="0" errors="0" timestamp="2023-06-23T22:21:28" hostname="fv-az397-542" time="1.941">
  <properties/>
  <testcase name="Test_Parsing_a_Focal_Point_From_String" classname="com.dotmarketing.image.focalpoint.FocalPointAPITest" time="0.004"/>
  <testcase name="Test_Write_Focal_Point_From_Temp_Asset_Id" classname="com.dotmarketing.image.focalpoint.FocalPointAPITest" time="0.883"/>
  <testcase name="Test_Reading_and_Writing_From_FocalPoint_For_Given_Conentlet" classname="com.dotmarketing.image.focalpoint.FocalPointAPITest" time="1.034"/>
  <testcase name="Test_Reading_a_Focal_Point_From_Params" classname="com.dotmarketing.image.focalpoint.FocalPointAPITest" time="0.002"/>
  <testcase name="Test_When_No_Focal_Point" classname="com.dotmarketing.image.focalpoint.FocalPointAPITest" time="0.018"/>
  <system-out><![CDATA[]]></system-out>
  <system-err><![CDATA[]]></system-err>
</testsuite>
