<?xml version="1.0" encoding="UTF-8"?>
<testsuite name="com.dotcms.storage.FileMetadataAPITest" tests="45" skipped="0" failures="0" errors="0" timestamp="2023-07-17T17:07:02" hostname="fv-az257-583" time="41.175">
  <properties/>
  <testcase name="Test_Add_Then_Recover_Temp_Resource_Metadata" classname="com.dotcms.storage.FileMetadataAPITest" time="0.005"/>
  <testcase name="Test_GetMetadata[0: FILE_SYSTEM]" classname="com.dotcms.storage.FileMetadataAPITest" time="0.513"/>
  <testcase name="Test_GetMetadata[1: DB]" classname="com.dotcms.storage.FileMetadataAPITest" time="0.803"/>
  <testcase name="Test_Get_First_Indexed_Binary_Field" classname="com.dotcms.storage.FileMetadataAPITest" time="2.333"/>
  <testcase name="Test_Force_Set_Metadata[0: TestCase{langId=1, storageType=FILE_SYSTEM, testFile=test_image1.jpg, fileAssetContent=com.dotmarketing.portlets.contentlet.model.Contentlet@3049f5df[map={modDate=2023-07-17 17:04:24.553, fileName=test_image11689613464551.jpg, title=test_image11689613464551.jpg, inode=3bdd514c-bbf5-49f9-8a7d-c3de8ebf86d0, __IS_NEW_CONTENT__=true, disabledWYSIWYG=[], host=48190c8c-42c4-46af-8d1a-0cd5db894797, stInode=33888b6f-7a8e-4069-b1b6-5c1aa9d0a48d, owner=system, identifier=c58f2f511ee6309fa63ab1f59bcb2310, nullProperties=[wfExpireDate, wfPublishDate, wfActionAssign, wfActionId, wfActionComments, filterKey, whereToSend, wfNeverExpire, _path_to_move, timezoneId, iWantTo, wfPublishTime, wfExpireTime], _is_test_mode=true, languageId=1, fileAsset=/home/runner/work/core/custom/assets/3/b/3bdd514c-bbf5-49f9-8a7d-c3de8ebf86d0/fileAsset/test_image11689613464551.jpg, folder=fc6167d9c37de6fc0a9be796d5326718, __disable_workflow__=true, sortOrder=0, modUser=system},lowIndexPriority=false,variantId=DEFAULT]}]" classname="com.dotcms.storage.FileMetadataAPITest" time="0.679"/>
  <testcase name="Test_Force_Set_Metadata[1: TestCase{langId=1, storageType=FILE_SYSTEM, testFile=test.gif, fileAssetContent=com.dotmarketing.portlets.contentlet.model.Contentlet@4c35fb6d[map={modDate=2023-07-17 17:04:25.019, fileName=test_image11689613465017.gif, title=test_image11689613465017.gif, inode=e7c63204-fd73-4ed9-a7f6-b06c3d2d4d06, __IS_NEW_CONTENT__=true, disabledWYSIWYG=[], host=48190c8c-42c4-46af-8d1a-0cd5db894797, stInode=33888b6f-7a8e-4069-b1b6-5c1aa9d0a48d, owner=system, identifier=c8fbf07563615d416f5bf9cd785e9afa, nullProperties=[wfExpireDate, wfPublishDate, wfActionAssign, wfActionId, wfActionComments, filterKey, whereToSend, wfNeverExpire, _path_to_move, timezoneId, iWantTo, wfPublishTime, wfExpireTime], _is_test_mode=true, languageId=1, fileAsset=/home/runner/work/core/custom/assets/e/7/e7c63204-fd73-4ed9-a7f6-b06c3d2d4d06/fileAsset/test_image11689613465017.gif, folder=0505b5d01d0893e5dd4902b7fe3f7912, __disable_workflow__=true, sortOrder=0, modUser=system},lowIndexPriority=false,variantId=DEFAULT]}]" classname="com.dotcms.storage.FileMetadataAPITest" time="1.027"/>
  <testcase name="Test_Force_Set_Metadata[2: TestCase{langId=1, storageType=FILE_SYSTEM, testFile=test_image2.png, fileAssetContent=com.dotmarketing.portlets.contentlet.model.Contentlet@170c8afd[map={modDate=2023-07-17 17:04:26.042, fileName=test_image11689613466040.png, title=test_image11689613466040.png, inode=6aa3878c-386f-422b-a837-a9b17e960cb6, __IS_NEW_CONTENT__=true, disabledWYSIWYG=[], host=48190c8c-42c4-46af-8d1a-0cd5db894797, stInode=33888b6f-7a8e-4069-b1b6-5c1aa9d0a48d, owner=system, identifier=0c6e71458f85f4ef0694b9099ae7368e, nullProperties=[wfExpireDate, wfPublishDate, wfActionAssign, wfActionId, wfActionComments, filterKey, whereToSend, wfNeverExpire, _path_to_move, timezoneId, iWantTo, wfPublishTime, wfExpireTime], _is_test_mode=true, languageId=1, fileAsset=/home/runner/work/core/custom/assets/6/a/6aa3878c-386f-422b-a837-a9b17e960cb6/fileAsset/test_image11689613466040.png, folder=ab84b5c6f499b1c7aa64d6bef5a0030c, __disable_workflow__=true, sortOrder=0, modUser=system},lowIndexPriority=false,variantId=DEFAULT]}]" classname="com.dotcms.storage.FileMetadataAPITest" time="1.021"/>
  <testcase name="Test_Force_Set_Metadata[3: TestCase{langId=1, storageType=FILE_SYSTEM, testFile=test_image.svg, fileAssetContent=com.dotmarketing.portlets.contentlet.model.Contentlet@697bc0c1[map={modDate=2023-07-17 17:04:27.063, fileName=test_image11689613467061.svg, title=test_image11689613467061.svg, inode=6dee9dbd-35e6-4ec3-a5c1-a4daeac7fe80, __IS_NEW_CONTENT__=true, disabledWYSIWYG=[], host=48190c8c-42c4-46af-8d1a-0cd5db894797, stInode=33888b6f-7a8e-4069-b1b6-5c1aa9d0a48d, owner=system, identifier=9e91b49c8f5448c1ff2226dcf79dee81, nullProperties=[wfExpireDate, wfPublishDate, wfActionAssign, wfActionId, wfActionComments, filterKey, whereToSend, wfNeverExpire, _path_to_move, timezoneId, iWantTo, wfPublishTime, wfExpireTime], _is_test_mode=true, languageId=1, fileAsset=/home/runner/work/core/custom/assets/6/d/6dee9dbd-35e6-4ec3-a5c1-a4daeac7fe80/fileAsset/test_image11689613467061.svg, folder=691ec2ade55ebdd69b8b0ed2002a1e92, __disable_workflow__=true, sortOrder=0, modUser=system},lowIndexPriority=false,variantId=DEFAULT]}]" classname="com.dotcms.storage.FileMetadataAPITest" time="1.025"/>
  <testcase name="Test_Force_Set_Metadata[4: TestCase{langId=1, storageType=FILE_SYSTEM, testFile=test.pdf, fileAssetContent=com.dotmarketing.portlets.contentlet.model.Contentlet@53012f6c[map={modDate=2023-07-17 17:04:28.091, fileName=test_image11689613468089.pdf, title=test_image11689613468089.pdf, inode=b3f35a8e-f4e9-46bf-a535-2763afda854b, __IS_NEW_CONTENT__=true, disabledWYSIWYG=[], host=48190c8c-42c4-46af-8d1a-0cd5db894797, stInode=33888b6f-7a8e-4069-b1b6-5c1aa9d0a48d, owner=system, identifier=a4e43b167ec4a553811ca3a222f854c7, nullProperties=[wfExpireDate, wfPublishDate, wfActionAssign, wfActionId, wfActionComments, filterKey, whereToSend, wfNeverExpire, _path_to_move, timezoneId, iWantTo, wfPublishTime, wfExpireTime], _is_test_mode=true, languageId=1, fileAsset=/home/runner/work/core/custom/assets/b/3/b3f35a8e-f4e9-46bf-a535-2763afda854b/fileAsset/test_image11689613468089.pdf, folder=a8af068fd7aa45b7516dbf60faabe5b2, __disable_workflow__=true, sortOrder=0, modUser=system},lowIndexPriority=false,variantId=DEFAULT]}]" classname="com.dotcms.storage.FileMetadataAPITest" time="1.02"/>
  <testcase name="Test_Force_Set_Metadata[5: TestCase{langId=1, storageType=DB, testFile=test_image1.jpg, fileAssetContent=com.dotmarketing.portlets.contentlet.model.Contentlet@4a615525[map={modDate=2023-07-17 17:04:29.11, fileName=test_image11689613469108.jpg, title=test_image11689613469108.jpg, inode=a230717b-037c-4b48-a1c8-1e08cc1c1f75, __IS_NEW_CONTENT__=true, disabledWYSIWYG=[], host=48190c8c-42c4-46af-8d1a-0cd5db894797, stInode=33888b6f-7a8e-4069-b1b6-5c1aa9d0a48d, owner=system, identifier=e1651600012677213db1f221b6791138, nullProperties=[wfExpireDate, wfPublishDate, wfActionAssign, wfActionId, wfActionComments, filterKey, whereToSend, wfNeverExpire, _path_to_move, timezoneId, iWantTo, wfPublishTime, wfExpireTime], _is_test_mode=true, languageId=1, fileAsset=/home/runner/work/core/custom/assets/a/2/a230717b-037c-4b48-a1c8-1e08cc1c1f75/fileAsset/test_image11689613469108.jpg, folder=b80aa61b17337793a34163ad5830a81b, __disable_workflow__=true, sortOrder=0, modUser=system},lowIndexPriority=false,variantId=DEFAULT]}]" classname="com.dotcms.storage.FileMetadataAPITest" time="1.033"/>
  <testcase name="Test_Force_Set_Metadata[6: TestCase{langId=1, storageType=DB, testFile=test.gif, fileAssetContent=com.dotmarketing.portlets.contentlet.model.Contentlet@2ea80d4d[map={modDate=2023-07-17 17:04:30.133, fileName=test_image11689613470131.gif, title=test_image11689613470131.gif, inode=947479e7-86aa-45fd-bc27-dc6e3c6063c9, __IS_NEW_CONTENT__=true, disabledWYSIWYG=[], host=48190c8c-42c4-46af-8d1a-0cd5db894797, stInode=33888b6f-7a8e-4069-b1b6-5c1aa9d0a48d, owner=system, identifier=52798e77fdf899123178d3c6335badae, nullProperties=[wfExpireDate, wfPublishDate, wfActionAssign, wfActionId, wfActionComments, filterKey, whereToSend, wfNeverExpire, _path_to_move, timezoneId, iWantTo, wfPublishTime, wfExpireTime], _is_test_mode=true, languageId=1, fileAsset=/home/runner/work/core/custom/assets/9/4/947479e7-86aa-45fd-bc27-dc6e3c6063c9/fileAsset/test_image11689613470131.gif, folder=b855015e05ab4be375a36017614704b9, __disable_workflow__=true, sortOrder=0, modUser=system},lowIndexPriority=false,variantId=DEFAULT]}]" classname="com.dotcms.storage.FileMetadataAPITest" time="1.045"/>
  <testcase name="Test_Force_Set_Metadata[7: TestCase{langId=1, storageType=DB, testFile=test_image2.png, fileAssetContent=com.dotmarketing.portlets.contentlet.model.Contentlet@75713b7[map={modDate=2023-07-17 17:04:31.198, fileName=test_image11689613471196.png, title=test_image11689613471196.png, inode=b5de8a09-9094-422d-8804-f1fdc281c03c, __IS_NEW_CONTENT__=true, disabledWYSIWYG=[], host=48190c8c-42c4-46af-8d1a-0cd5db894797, stInode=33888b6f-7a8e-4069-b1b6-5c1aa9d0a48d, owner=system, identifier=2d6f1bde6f728d81ddf7f59afce5916c, nullProperties=[wfExpireDate, wfPublishDate, wfActionAssign, wfActionId, wfActionComments, filterKey, whereToSend, wfNeverExpire, _path_to_move, timezoneId, iWantTo, wfPublishTime, wfExpireTime], _is_test_mode=true, languageId=1, fileAsset=/home/runner/work/core/custom/assets/b/5/b5de8a09-9094-422d-8804-f1fdc281c03c/fileAsset/test_image11689613471196.png, folder=e3a292dcee2030ec952354ae517c7ed1, __disable_workflow__=true, sortOrder=0, modUser=system},lowIndexPriority=false,variantId=DEFAULT]}]" classname="com.dotcms.storage.FileMetadataAPITest" time="1.019"/>
  <testcase name="Test_Force_Set_Metadata[8: TestCase{langId=1, storageType=DB, testFile=test_image.svg, fileAssetContent=com.dotmarketing.portlets.contentlet.model.Contentlet@39eb625f[map={modDate=2023-07-17 17:04:32.207, fileName=test_image11689613472205.svg, title=test_image11689613472205.svg, inode=3d2ced82-6d33-49c1-baef-bade72372c5c, __IS_NEW_CONTENT__=true, disabledWYSIWYG=[], host=48190c8c-42c4-46af-8d1a-0cd5db894797, stInode=33888b6f-7a8e-4069-b1b6-5c1aa9d0a48d, owner=system, identifier=64ab525f69f2c0f635ca328ba3df8f75, nullProperties=[wfExpireDate, wfPublishDate, wfActionAssign, wfActionId, wfActionComments, filterKey, whereToSend, wfNeverExpire, _path_to_move, timezoneId, iWantTo, wfPublishTime, wfExpireTime], _is_test_mode=true, languageId=1, fileAsset=/home/runner/work/core/custom/assets/3/d/3d2ced82-6d33-49c1-baef-bade72372c5c/fileAsset/test_image11689613472205.svg, folder=48b6b0358178e40317255cf5f2adcfd3, __disable_workflow__=true, sortOrder=0, modUser=system},lowIndexPriority=false,variantId=DEFAULT]}]" classname="com.dotcms.storage.FileMetadataAPITest" time="1.032"/>
  <testcase name="Test_Force_Set_Metadata[9: TestCase{langId=1, storageType=DB, testFile=test.pdf, fileAssetContent=com.dotmarketing.portlets.contentlet.model.Contentlet@45940d6d[map={modDate=2023-07-17 17:04:33.224, fileName=test_image11689613473221.pdf, title=test_image11689613473221.pdf, inode=55671a5a-ea42-4216-bd5a-cdc6e678cfad, __IS_NEW_CONTENT__=true, disabledWYSIWYG=[], host=48190c8c-42c4-46af-8d1a-0cd5db894797, stInode=33888b6f-7a8e-4069-b1b6-5c1aa9d0a48d, owner=system, identifier=ab735f4dcc61baf566c300d853341a9b, nullProperties=[wfExpireDate, wfPublishDate, wfActionAssign, wfActionId, wfActionComments, filterKey, whereToSend, wfNeverExpire, _path_to_move, timezoneId, iWantTo, wfPublishTime, wfExpireTime], _is_test_mode=true, languageId=1, fileAsset=/home/runner/work/core/custom/assets/5/5/55671a5a-ea42-4216-bd5a-cdc6e678cfad/fileAsset/test_image11689613473221.pdf, folder=87c834c48c0d71bde64ebbd3f10f4cef, __disable_workflow__=true, sortOrder=0, modUser=system},lowIndexPriority=false,variantId=DEFAULT]}]" classname="com.dotcms.storage.FileMetadataAPITest" time="1.006"/>
  <testcase name="Test_Generate_Metadata_From_HtmlPage_Should_Resolve_ExtendedMetadata" classname="com.dotcms.storage.FileMetadataAPITest" time="0.07"/>
  <testcase name="Test_Generate_Metadata_From_FileAssets[0: TestCase{langId=1, storageType=FILE_SYSTEM, testFile=test_image1.jpg, fileAssetContent=com.dotmarketing.portlets.contentlet.model.Contentlet@3049f5df[map={modDate=2023-07-17 17:04:24.553, fileName=test_image11689613464551.jpg, title=test_image11689613464551.jpg, inode=3bdd514c-bbf5-49f9-8a7d-c3de8ebf86d0, __IS_NEW_CONTENT__=true, disabledWYSIWYG=[], host=48190c8c-42c4-46af-8d1a-0cd5db894797, stInode=33888b6f-7a8e-4069-b1b6-5c1aa9d0a48d, owner=system, identifier=c58f2f511ee6309fa63ab1f59bcb2310, nullProperties=[wfExpireDate, wfPublishDate, wfActionAssign, wfActionId, wfActionComments, filterKey, whereToSend, wfNeverExpire, _path_to_move, timezoneId, iWantTo, wfPublishTime, wfExpireTime], _is_test_mode=true, languageId=1, fileAsset=/home/runner/work/core/custom/assets/3/b/3bdd514c-bbf5-49f9-8a7d-c3de8ebf86d0/fileAsset/test_image11689613464551.jpg, folder=fc6167d9c37de6fc0a9be796d5326718, __disable_workflow__=true, sortOrder=0, modUser=system},lowIndexPriority=false,variantId=DEFAULT]}]" classname="com.dotcms.storage.FileMetadataAPITest" time="0.033"/>
  <testcase name="Test_Generate_Metadata_From_FileAssets[1: TestCase{langId=1, storageType=FILE_SYSTEM, testFile=test.gif, fileAssetContent=com.dotmarketing.portlets.contentlet.model.Contentlet@4c35fb6d[map={modDate=2023-07-17 17:04:25.019, fileName=test_image11689613465017.gif, title=test_image11689613465017.gif, inode=e7c63204-fd73-4ed9-a7f6-b06c3d2d4d06, __IS_NEW_CONTENT__=true, disabledWYSIWYG=[], host=48190c8c-42c4-46af-8d1a-0cd5db894797, stInode=33888b6f-7a8e-4069-b1b6-5c1aa9d0a48d, owner=system, identifier=c8fbf07563615d416f5bf9cd785e9afa, nullProperties=[wfExpireDate, wfPublishDate, wfActionAssign, wfActionId, wfActionComments, filterKey, whereToSend, wfNeverExpire, _path_to_move, timezoneId, iWantTo, wfPublishTime, wfExpireTime], _is_test_mode=true, languageId=1, fileAsset=/home/runner/work/core/custom/assets/e/7/e7c63204-fd73-4ed9-a7f6-b06c3d2d4d06/fileAsset/test_image11689613465017.gif, folder=0505b5d01d0893e5dd4902b7fe3f7912, __disable_workflow__=true, sortOrder=0, modUser=system},lowIndexPriority=false,variantId=DEFAULT]}]" classname="com.dotcms.storage.FileMetadataAPITest" time="0.027"/>
  <testcase name="Test_Generate_Metadata_From_FileAssets[2: TestCase{langId=1, storageType=FILE_SYSTEM, testFile=test_image2.png, fileAssetContent=com.dotmarketing.portlets.contentlet.model.Contentlet@170c8afd[map={modDate=2023-07-17 17:04:26.042, fileName=test_image11689613466040.png, title=test_image11689613466040.png, inode=6aa3878c-386f-422b-a837-a9b17e960cb6, __IS_NEW_CONTENT__=true, disabledWYSIWYG=[], host=48190c8c-42c4-46af-8d1a-0cd5db894797, stInode=33888b6f-7a8e-4069-b1b6-5c1aa9d0a48d, owner=system, identifier=0c6e71458f85f4ef0694b9099ae7368e, nullProperties=[wfExpireDate, wfPublishDate, wfActionAssign, wfActionId, wfActionComments, filterKey, whereToSend, wfNeverExpire, _path_to_move, timezoneId, iWantTo, wfPublishTime, wfExpireTime], _is_test_mode=true, languageId=1, fileAsset=/home/runner/work/core/custom/assets/6/a/6aa3878c-386f-422b-a837-a9b17e960cb6/fileAsset/test_image11689613466040.png, folder=ab84b5c6f499b1c7aa64d6bef5a0030c, __disable_workflow__=true, sortOrder=0, modUser=system},lowIndexPriority=false,variantId=DEFAULT]}]" classname="com.dotcms.storage.FileMetadataAPITest" time="0.026"/>
  <testcase name="Test_Generate_Metadata_From_FileAssets[3: TestCase{langId=1, storageType=FILE_SYSTEM, testFile=test_image.svg, fileAssetContent=com.dotmarketing.portlets.contentlet.model.Contentlet@697bc0c1[map={modDate=2023-07-17 17:04:27.063, fileName=test_image11689613467061.svg, title=test_image11689613467061.svg, inode=6dee9dbd-35e6-4ec3-a5c1-a4daeac7fe80, __IS_NEW_CONTENT__=true, disabledWYSIWYG=[], host=48190c8c-42c4-46af-8d1a-0cd5db894797, stInode=33888b6f-7a8e-4069-b1b6-5c1aa9d0a48d, owner=system, identifier=9e91b49c8f5448c1ff2226dcf79dee81, nullProperties=[wfExpireDate, wfPublishDate, wfActionAssign, wfActionId, wfActionComments, filterKey, whereToSend, wfNeverExpire, _path_to_move, timezoneId, iWantTo, wfPublishTime, wfExpireTime], _is_test_mode=true, languageId=1, fileAsset=/home/runner/work/core/custom/assets/6/d/6dee9dbd-35e6-4ec3-a5c1-a4daeac7fe80/fileAsset/test_image11689613467061.svg, folder=691ec2ade55ebdd69b8b0ed2002a1e92, __disable_workflow__=true, sortOrder=0, modUser=system},lowIndexPriority=false,variantId=DEFAULT]}]" classname="com.dotcms.storage.FileMetadataAPITest" time="0.032"/>
  <testcase name="Test_Generate_Metadata_From_FileAssets[4: TestCase{langId=1, storageType=FILE_SYSTEM, testFile=test.pdf, fileAssetContent=com.dotmarketing.portlets.contentlet.model.Contentlet@53012f6c[map={modDate=2023-07-17 17:04:28.091, fileName=test_image11689613468089.pdf, title=test_image11689613468089.pdf, inode=b3f35a8e-f4e9-46bf-a535-2763afda854b, __IS_NEW_CONTENT__=true, disabledWYSIWYG=[], host=48190c8c-42c4-46af-8d1a-0cd5db894797, stInode=33888b6f-7a8e-4069-b1b6-5c1aa9d0a48d, owner=system, identifier=a4e43b167ec4a553811ca3a222f854c7, nullProperties=[wfExpireDate, wfPublishDate, wfActionAssign, wfActionId, wfActionComments, filterKey, whereToSend, wfNeverExpire, _path_to_move, timezoneId, iWantTo, wfPublishTime, wfExpireTime], _is_test_mode=true, languageId=1, fileAsset=/home/runner/work/core/custom/assets/b/3/b3f35a8e-f4e9-46bf-a535-2763afda854b/fileAsset/test_image11689613468089.pdf, folder=a8af068fd7aa45b7516dbf60faabe5b2, __disable_workflow__=true, sortOrder=0, modUser=system},lowIndexPriority=false,variantId=DEFAULT]}]" classname="com.dotcms.storage.FileMetadataAPITest" time="0.057"/>
  <testcase name="Test_Generate_Metadata_From_FileAssets[5: TestCase{langId=1, storageType=DB, testFile=test_image1.jpg, fileAssetContent=com.dotmarketing.portlets.contentlet.model.Contentlet@4a615525[map={modDate=2023-07-17 17:04:29.11, fileName=test_image11689613469108.jpg, title=test_image11689613469108.jpg, inode=a230717b-037c-4b48-a1c8-1e08cc1c1f75, __IS_NEW_CONTENT__=true, disabledWYSIWYG=[], host=48190c8c-42c4-46af-8d1a-0cd5db894797, stInode=33888b6f-7a8e-4069-b1b6-5c1aa9d0a48d, owner=system, identifier=e1651600012677213db1f221b6791138, nullProperties=[wfExpireDate, wfPublishDate, wfActionAssign, wfActionId, wfActionComments, filterKey, whereToSend, wfNeverExpire, _path_to_move, timezoneId, iWantTo, wfPublishTime, wfExpireTime], _is_test_mode=true, languageId=1, fileAsset=/home/runner/work/core/custom/assets/a/2/a230717b-037c-4b48-a1c8-1e08cc1c1f75/fileAsset/test_image11689613469108.jpg, folder=b80aa61b17337793a34163ad5830a81b, __disable_workflow__=true, sortOrder=0, modUser=system},lowIndexPriority=false,variantId=DEFAULT]}]" classname="com.dotcms.storage.FileMetadataAPITest" time="0.011"/>
  <testcase name="Test_Generate_Metadata_From_FileAssets[6: TestCase{langId=1, storageType=DB, testFile=test.gif, fileAssetContent=com.dotmarketing.portlets.contentlet.model.Contentlet@2ea80d4d[map={modDate=2023-07-17 17:04:30.133, fileName=test_image11689613470131.gif, title=test_image11689613470131.gif, inode=947479e7-86aa-45fd-bc27-dc6e3c6063c9, __IS_NEW_CONTENT__=true, disabledWYSIWYG=[], host=48190c8c-42c4-46af-8d1a-0cd5db894797, stInode=33888b6f-7a8e-4069-b1b6-5c1aa9d0a48d, owner=system, identifier=52798e77fdf899123178d3c6335badae, nullProperties=[wfExpireDate, wfPublishDate, wfActionAssign, wfActionId, wfActionComments, filterKey, whereToSend, wfNeverExpire, _path_to_move, timezoneId, iWantTo, wfPublishTime, wfExpireTime], _is_test_mode=true, languageId=1, fileAsset=/home/runner/work/core/custom/assets/9/4/947479e7-86aa-45fd-bc27-dc6e3c6063c9/fileAsset/test_image11689613470131.gif, folder=b855015e05ab4be375a36017614704b9, __disable_workflow__=true, sortOrder=0, modUser=system},lowIndexPriority=false,variantId=DEFAULT]}]" classname="com.dotcms.storage.FileMetadataAPITest" time="0.008"/>
  <testcase name="Test_Generate_Metadata_From_FileAssets[7: TestCase{langId=1, storageType=DB, testFile=test_image2.png, fileAssetContent=com.dotmarketing.portlets.contentlet.model.Contentlet@75713b7[map={modDate=2023-07-17 17:04:31.198, fileName=test_image11689613471196.png, title=test_image11689613471196.png, inode=b5de8a09-9094-422d-8804-f1fdc281c03c, __IS_NEW_CONTENT__=true, disabledWYSIWYG=[], host=48190c8c-42c4-46af-8d1a-0cd5db894797, stInode=33888b6f-7a8e-4069-b1b6-5c1aa9d0a48d, owner=system, identifier=2d6f1bde6f728d81ddf7f59afce5916c, nullProperties=[wfExpireDate, wfPublishDate, wfActionAssign, wfActionId, wfActionComments, filterKey, whereToSend, wfNeverExpire, _path_to_move, timezoneId, iWantTo, wfPublishTime, wfExpireTime], _is_test_mode=true, languageId=1, fileAsset=/home/runner/work/core/custom/assets/b/5/b5de8a09-9094-422d-8804-f1fdc281c03c/fileAsset/test_image11689613471196.png, folder=e3a292dcee2030ec952354ae517c7ed1, __disable_workflow__=true, sortOrder=0, modUser=system},lowIndexPriority=false,variantId=DEFAULT]}]" classname="com.dotcms.storage.FileMetadataAPITest" time="0.007"/>
  <testcase name="Test_Generate_Metadata_From_FileAssets[8: TestCase{langId=1, storageType=DB, testFile=test_image.svg, fileAssetContent=com.dotmarketing.portlets.contentlet.model.Contentlet@39eb625f[map={modDate=2023-07-17 17:04:32.207, fileName=test_image11689613472205.svg, title=test_image11689613472205.svg, inode=3d2ced82-6d33-49c1-baef-bade72372c5c, __IS_NEW_CONTENT__=true, disabledWYSIWYG=[], host=48190c8c-42c4-46af-8d1a-0cd5db894797, stInode=33888b6f-7a8e-4069-b1b6-5c1aa9d0a48d, owner=system, identifier=64ab525f69f2c0f635ca328ba3df8f75, nullProperties=[wfExpireDate, wfPublishDate, wfActionAssign, wfActionId, wfActionComments, filterKey, whereToSend, wfNeverExpire, _path_to_move, timezoneId, iWantTo, wfPublishTime, wfExpireTime], _is_test_mode=true, languageId=1, fileAsset=/home/runner/work/core/custom/assets/3/d/3d2ced82-6d33-49c1-baef-bade72372c5c/fileAsset/test_image11689613472205.svg, folder=48b6b0358178e40317255cf5f2adcfd3, __disable_workflow__=true, sortOrder=0, modUser=system},lowIndexPriority=false,variantId=DEFAULT]}]" classname="com.dotcms.storage.FileMetadataAPITest" time="0.008"/>
  <testcase name="Test_Generate_Metadata_From_FileAssets[9: TestCase{langId=1, storageType=DB, testFile=test.pdf, fileAssetContent=com.dotmarketing.portlets.contentlet.model.Contentlet@45940d6d[map={modDate=2023-07-17 17:04:33.224, fileName=test_image11689613473221.pdf, title=test_image11689613473221.pdf, inode=55671a5a-ea42-4216-bd5a-cdc6e678cfad, __IS_NEW_CONTENT__=true, disabledWYSIWYG=[], host=48190c8c-42c4-46af-8d1a-0cd5db894797, stInode=33888b6f-7a8e-4069-b1b6-5c1aa9d0a48d, owner=system, identifier=ab735f4dcc61baf566c300d853341a9b, nullProperties=[wfExpireDate, wfPublishDate, wfActionAssign, wfActionId, wfActionComments, filterKey, whereToSend, wfNeverExpire, _path_to_move, timezoneId, iWantTo, wfPublishTime, wfExpireTime], _is_test_mode=true, languageId=1, fileAsset=/home/runner/work/core/custom/assets/5/5/55671a5a-ea42-4216-bd5a-cdc6e678cfad/fileAsset/test_image11689613473221.pdf, folder=87c834c48c0d71bde64ebbd3f10f4cef, __disable_workflow__=true, sortOrder=0, modUser=system},lowIndexPriority=false,variantId=DEFAULT]}]" classname="com.dotcms.storage.FileMetadataAPITest" time="0.008"/>
  <testcase name="TestMetadataModel" classname="com.dotcms.storage.FileMetadataAPITest" time="0.002"/>
  <testcase name="Test_Get_Metadata_Property" classname="com.dotcms.storage.FileMetadataAPITest" time="0.716"/>
  <testcase name="Test_GetMetadata_ForceGenerate[0: FILE_SYSTEM]" classname="com.dotcms.storage.FileMetadataAPITest" time="1.081"/>
  <testcase name="Test_GetMetadata_ForceGenerate[1: DB]" classname="com.dotcms.storage.FileMetadataAPITest" time="1.02"/>
  <testcase name="Test_Get_Metadata_No_Cache_Force_Generate[0: FILE_SYSTEM]" classname="com.dotcms.storage.FileMetadataAPITest" time="1.013"/>
  <testcase name="Test_Get_Metadata_No_Cache_Force_Generate[1: DB]" classname="com.dotcms.storage.FileMetadataAPITest" time="1.034"/>
  <testcase name="Test_Metadata_Gets_Updated_When_Lower_Version_Found[0: FILE_SYSTEM]" classname="com.dotcms.storage.FileMetadataAPITest" time="1.042"/>
  <testcase name="Test_Metadata_Gets_Updated_When_Lower_Version_Found[1: DB]" classname="com.dotcms.storage.FileMetadataAPITest" time="1.059"/>
  <testcase name="Test_Add_Custom_Attributes_FileAssets[0: FILE_SYSTEM]" classname="com.dotcms.storage.FileMetadataAPITest" time="1.878"/>
  <testcase name="Test_Add_Custom_Attributes_FileAssets[1: DB]" classname="com.dotcms.storage.FileMetadataAPITest" time="1.878"/>
  <testcase name="Test_Generate_Metadata_Should_Not_Override_Custom_Attributes[0: FILE_SYSTEM]" classname="com.dotcms.storage.FileMetadataAPITest" time="1.846"/>
  <testcase name="Test_Generate_Metadata_Should_Not_Override_Custom_Attributes[1: DB]" classname="com.dotcms.storage.FileMetadataAPITest" time="1.762"/>
  <testcase name="Test_Write_Custom_Metadata_Then_Generate_Metadata_Expect_All_Metadata[0: FILE_SYSTEM]" classname="com.dotcms.storage.FileMetadataAPITest" time="0.727"/>
  <testcase name="Test_Write_Custom_Metadata_Then_Generate_Metadata_Expect_All_Metadata[1: DB]" classname="com.dotcms.storage.FileMetadataAPITest" time="1.026"/>
  <testcase name="Test_Generate_Metadata_From_ContentType_With_Multiple_Binary_Fields[0: FILE_SYSTEM]" classname="com.dotcms.storage.FileMetadataAPITest" time="2.349"/>
  <testcase name="Test_Generate_Metadata_From_ContentType_With_Multiple_Binary_Fields[1: DB]" classname="com.dotcms.storage.FileMetadataAPITest" time="1.985"/>
  <testcase name="Test_Get_Metadata_No_Cache[0: FILE_SYSTEM]" classname="com.dotcms.storage.FileMetadataAPITest" time="0.741"/>
  <testcase name="Test_Get_Metadata_No_Cache[1: DB]" classname="com.dotcms.storage.FileMetadataAPITest" time="1.022"/>
  <testcase name="Test_Copy_Metadata[0: FILE_SYSTEM]" classname="com.dotcms.storage.FileMetadataAPITest" time="2.51"/>
  <testcase name="Test_Copy_Metadata[1: DB]" classname="com.dotcms.storage.FileMetadataAPITest" time="2.623"/>
  <system-out><![CDATA[]]></system-out>
  <system-err><![CDATA[]]></system-err>
</testsuite>
