<?xml version="1.0" encoding="UTF-8"?>
<testsuite name="com.dotmarketing.portlets.structure.model.ContentletRelationshipsTest" tests="7" skipped="0" failures="0" errors="0" timestamp="2023-07-20T04:10:17" hostname="fv-az592-428" time="8.314">
  <properties/>
  <testcase name="testDoesAllowOnlyOne[0: com.dotmarketing.portlets.structure.model.ContentletRelationshipsTest$CardinalityTestCase@7edaf269]" classname="com.dotmarketing.portlets.structure.model.ContentletRelationshipsTest" time="0.42"/>
  <testcase name="testDoesAllowOnlyOne[1: com.dotmarketing.portlets.structure.model.ContentletRelationshipsTest$CardinalityTestCase@1353b18b]" classname="com.dotmarketing.portlets.structure.model.ContentletRelationshipsTest" time="0.363"/>
  <testcase name="testDoesAllowOnlyOne[2: com.dotmarketing.portlets.structure.model.ContentletRelationshipsTest$CardinalityTestCase@269a0ce9]" classname="com.dotmarketing.portlets.structure.model.ContentletRelationshipsTest" time="0.398"/>
  <testcase name="testGetRelationshipRecords[0: com.dotmarketing.portlets.structure.model.ContentletRelationshipsTest$TestCase@481b1d43]" classname="com.dotmarketing.portlets.structure.model.ContentletRelationshipsTest" time="1.822"/>
  <testcase name="testGetRelationshipRecords[1: com.dotmarketing.portlets.structure.model.ContentletRelationshipsTest$TestCase@617bf793]" classname="com.dotmarketing.portlets.structure.model.ContentletRelationshipsTest" time="1.79"/>
  <testcase name="testGetRelationshipRecords[2: com.dotmarketing.portlets.structure.model.ContentletRelationshipsTest$TestCase@6faaddde]" classname="com.dotmarketing.portlets.structure.model.ContentletRelationshipsTest" time="1.785"/>
  <testcase name="testGetRelationshipRecords[3: com.dotmarketing.portlets.structure.model.ContentletRelationshipsTest$TestCase@19217986]" classname="com.dotmarketing.portlets.structure.model.ContentletRelationshipsTest" time="1.735"/>
  <system-out><![CDATA[]]></system-out>
  <system-err><![CDATA[]]></system-err>
</testsuite>
