<?xml version="1.0" encoding="UTF-8"?>
<testsuite name="com.dotcms.rest.TagResourceIntegrationTest" tests="4" skipped="0" failures="0" errors="0" timestamp="2023-06-29T18:20:57" hostname="fv-az572-127" time="0.335">
  <properties/>
  <testcase name="testList[0: com.dotcms.rest.TagResourceTestCase@71aad3b2]" classname="com.dotcms.rest.TagResourceIntegrationTest" time="0.261"/>
  <testcase name="testList[1: com.dotcms.rest.TagResourceTestCase@534c2414]" classname="com.dotcms.rest.TagResourceIntegrationTest" time="0.026"/>
  <testcase name="testList[2: com.dotcms.rest.TagResourceTestCase@31a1f53c]" classname="com.dotcms.rest.TagResourceIntegrationTest" time="0.021"/>
  <testcase name="testList[3: com.dotcms.rest.TagResourceTestCase@23be3105]" classname="com.dotcms.rest.TagResourceIntegrationTest" time="0.027"/>
  <system-out><![CDATA[]]></system-out>
  <system-err><![CDATA[Jun 29, 2023 6:20:57 PM com.dotcms.repackage.org.hibernate.validator.internal.util.Version <clinit>
INFO: HV000001: Hibernate Validator 4.3.2.Final
]]></system-err>
</testsuite>
