<?xml version="1.0" encoding="UTF-8"?>
<testsuite name="com.dotmarketing.business.DeterministicIdentifierAPITest" tests="16" skipped="0" failures="0" errors="0" timestamp="2023-06-28T17:22:24" hostname="fv-az361-558" time="1.623">
  <properties/>
  <testcase name="Test_Category_Path_Seed_And_Id" classname="com.dotmarketing.business.DeterministicIdentifierAPITest" time="0.022"/>
  <testcase name="Test_Language_Deterministic_Id[0: LanguageTestCase{expectedSeed='Language:es:US', expectedHash=4913155, langCode='es', countryCode='US', country='United States'}]" classname="com.dotmarketing.business.DeterministicIdentifierAPITest" time="0.001"/>
  <testcase name="Test_Language_Deterministic_Id[1: LanguageTestCase{expectedSeed='Language:ep:', expectedHash=5292269, langCode='ep', countryCode='', country=''}]" classname="com.dotmarketing.business.DeterministicIdentifierAPITest" time="0.001"/>
  <testcase name="Test_Language_Deterministic_Id[2: LanguageTestCase{expectedSeed='Language:sg:SAG', expectedHash=4713118, langCode='sg', countryCode='SAG', country=''}]" classname="com.dotmarketing.business.DeterministicIdentifierAPITest" time="0.001"/>
  <testcase name="Test_Language_Deterministic_Id[3: LanguageTestCase{expectedSeed='Language:en:NZ', expectedHash=5382528, langCode='en', countryCode='NZ', country='New Zealand'}]" classname="com.dotmarketing.business.DeterministicIdentifierAPITest" time="0.001"/>
  <testcase name="Test_Category_None_Persisted_Category_Should_Return_Deterministic_Id" classname="com.dotmarketing.business.DeterministicIdentifierAPITest" time="0.002"/>
  <testcase name="Test_Asset_Generate_Deterministic_Id_Best_Effort[0: TestCase{versionable=my.host1687972560368.com, parent=System Host, expectedName='my.host1687972560368.com', expectedType='Host'}]" classname="com.dotmarketing.business.DeterministicIdentifierAPITest" time="0.003"/>
  <testcase name="Test_Asset_Generate_Deterministic_Id_Best_Effort[1: TestCase{versionable=com.dotmarketing.portlets.contentlet.model.Contentlet@1c024bfe[map={modDate=2023-06-28 17:16:01.127, fileName=file8367373016144957980.txt, title=file8367373016144957980.txt, inode=03e5fe4d-0539-4a3c-9f6c-fc27f4a3b07e, __IS_NEW_CONTENT__=true, disabledWYSIWYG=[], host=ca677b74-baf8-4bea-8bd2-995d970cb3f9, stInode=33888b6f-7a8e-4069-b1b6-5c1aa9d0a48d, owner=system, identifier=3295e56d-6ac2-40c3-8b63-825fe9b53b10, nullProperties=[wfExpireDate, wfPublishDate, wfActionAssign, wfActionId, wfActionComments, filterKey, whereToSend, wfNeverExpire, _path_to_move, timezoneId, iWantTo, wfPublishTime, wfExpireTime], languageId=1, fileAsset=/home/runner/work/core/custom/assets/0/3/03e5fe4d-0539-4a3c-9f6c-fc27f4a3b07e/fileAsset/file8367373016144957980.txt, folder=998973d9-a1b5-46e6-b7f5-d196bbf7d4d6, __disable_workflow__=true, sortOrder=0, modUser=system},lowIndexPriority=false,variantId=DEFAULT], parent=com.dotmarketing.portlets.folders.model.Folder@2c151570[identifier=998973d9-a1b5-46e6-b7f5-d196bbf7d4d6,name=testName1687972561120,sortOrder=0,showOnMenu=false,hostId=ca677b74-baf8-4bea-8bd2-995d970cb3f9,type=folder,title=testTitle1687972561120,filesMasks=,defaultFileType=33888b6f-7a8e-4069-b1b6-5c1aa9d0a48d,modDate=2023-06-28 17:16:01.122,owner=&lt;null&gt;,iDate=2023-06-28 17:16:01.122,inode=998973d9-a1b5-46e6-b7f5-d196bbf7d4d6,path=/testName1687972561120/], expectedName='file8367373016144957980.txt', expectedType='FileAsset'}]" classname="com.dotmarketing.business.DeterministicIdentifierAPITest" time="0.003"/>
  <testcase name="Test_Asset_Generate_Deterministic_Id_Best_Effort[2: TestCase{versionable=com.dotmarketing.portlets.templates.model.Template@cc9248ac, parent=my.host1687972560368.com, expectedName='testTitle1687972561218', expectedType='Template'}]" classname="com.dotmarketing.business.DeterministicIdentifierAPITest" time="0.002"/>
  <testcase name="Test_Asset_Generate_Deterministic_Id_Best_Effort[3: TestCase{versionable=com.dotmarketing.portlets.htmlpageasset.model.HTMLPageAsset@28f5beb4[map={template=2c04e5fa-7f8d-4b4f-b7d9-14bcaa0abfd9, owner=system, identifier=09389c61-01b2-4197-85a8-fbc5d689de6d, nullProperties=[wfExpireDate, wfPublishDate, wfActionAssign, wfActionId, wfActionComments, filterKey, whereToSend, wfNeverExpire, _path_to_move, timezoneId, iWantTo, wfPublishTime, wfExpireTime], modDate=2023-06-28 17:16:01.236, cachettl=0, _is_test_mode=true, languageId=1, title=test-page-title-1687972561231, httpsreq=, url=test-page-url-1687972561231, showOnMenu=, inode=8553bd83-abd8-4917-8d4c-7a115f04d63c, folder=998973d9-a1b5-46e6-b7f5-d196bbf7d4d6, disabledWYSIWYG=[], sortOrder=1, modUser=system, host=ca677b74-baf8-4bea-8bd2-995d970cb3f9, stInode=c541abb1-69b3-4bc5-8430-5e09e5239cc8, friendlyName=test-page-friendly-name-1687972561231},lowIndexPriority=false,variantId=DEFAULT], parent=com.dotmarketing.portlets.folders.model.Folder@2c151570[identifier=998973d9-a1b5-46e6-b7f5-d196bbf7d4d6,name=testName1687972561120,sortOrder=0,showOnMenu=false,hostId=ca677b74-baf8-4bea-8bd2-995d970cb3f9,type=folder,title=testTitle1687972561120,filesMasks=,defaultFileType=33888b6f-7a8e-4069-b1b6-5c1aa9d0a48d,modDate=2023-06-28 17:16:01.122,owner=&lt;null&gt;,iDate=2023-06-28 17:16:01.122,inode=998973d9-a1b5-46e6-b7f5-d196bbf7d4d6,path=/testName1687972561120/], expectedName='test-page-url-1687972561231', expectedType='htmlpageasset'}]" classname="com.dotmarketing.business.DeterministicIdentifierAPITest" time="0.002"/>
  <testcase name="Test_Asset_Generate_Deterministic_Id_Best_Effort[4: TestCase{versionable=com.dotmarketing.portlets.contentlet.model.Contentlet@278a378d[map={fileAsset2=/home/runner/work/core/custom/assets/3/2/328380e3-1ed0-46aa-91e3-1e42cfaa8631/fileAsset2/test_binary1687972562128.png, modDate=2023-06-28 17:16:02.132, fileAsset1=/home/runner/work/core/custom/assets/3/2/328380e3-1ed0-46aa-91e3-1e42cfaa8631/fileAsset1/test_binary1687972562128.jpg, title=blah, inode=328380e3-1ed0-46aa-91e3-1e42cfaa8631, __IS_NEW_CONTENT__=true, disabledWYSIWYG=[], host=48190c8c-42c4-46af-8d1a-0cd5db894797, stInode=54f5ff9b-8add-4955-850e-5110fc8d46f0, owner=system, identifier=047bca95-013a-431c-80b6-aca96d837906, nullProperties=[], languageId=1, image1=d4a1605a-4681-446f-9e74-dae21bda64a1, folder=SYSTEM_FOLDER, __disable_workflow__=true, sortOrder=0, modUser=system},lowIndexPriority=false,variantId=DEFAULT], parent=demo.dotcms.com, expectedName='test_binary1687972562128.jpg:test_binary1687972562128.png', expectedType='MultipleBinaries1687972561387'}]" classname="com.dotmarketing.business.DeterministicIdentifierAPITest" time="0.003"/>
  <testcase name="Test_Asset_Generate_Deterministic_Id_Best_Effort[5: TestCase{versionable=nameb4cb1fed4a : keyTagb4cb1fed4a, parent=my.host1687972560368.com, expectedName='keyTagb4cb1fed4a', expectedType='persona'}]" classname="com.dotmarketing.business.DeterministicIdentifierAPITest" time="0.003"/>
  <testcase name="Test_Similar_Content_Type_Wont_Clash" classname="com.dotmarketing.business.DeterministicIdentifierAPITest" time="0.448"/>
  <testcase name="Test_Generate_Folder_Identifier" classname="com.dotmarketing.business.DeterministicIdentifierAPITest" time="1.116"/>
  <testcase name="Test_Generate_Content_Type_Identifier[0: ContentTypeTestCase{contentType=KeyValueContentType{name=Language Variable, id=f4d7c1b8-2c88-4071-abf1-a5328977b07d, description=Default Content Type for Language Variables, defaultType=false, fixed=true, iDate=Thu Aug 31 16:38:49 UTC 2017, system=true, versionable=true, variable=Languagevariable, modDate=Wed Jun 28 16:12:30 UTC 2023, host=SYSTEM_HOST, siteName=systemHost, icon=language, sortOrder=0, folder=SYSTEM_FOLDER, folderPath=/, markedForDeletion=true, multilingualable=false}, expectedName='Languagevariable', expectedType='KeyValue'}]" classname="com.dotmarketing.business.DeterministicIdentifierAPITest" time="0.008"/>
  <testcase name="Test_Generate_Content_Type_Identifier[1: ContentTypeTestCase{contentType=SimpleContentType{name=testName1687972562473, id=ec398e64-2c0a-4255-b054-665050ad5c63, description=testDescription1687972562473, defaultType=false, fixed=false, iDate=Wed Jun 28 17:16:02 UTC 2023, system=false, versionable=true, multilingualable=false, variable=testVarname1687972562473, owner=system, modDate=Wed Jun 28 17:16:03 UTC 2023, host=48190c8c-42c4-46af-8d1a-0cd5db894797, siteName=demo.dotcms.com, icon=event_note, sortOrder=0, folder=SYSTEM_FOLDER, folderPath=/, requiredFields=[], markedForDeletion=false}, expectedName='testVarname1687972562473', expectedType='CONTENT'}]" classname="com.dotmarketing.business.DeterministicIdentifierAPITest" time="0.004"/>
  <system-out><![CDATA[]]></system-out>
  <system-err><![CDATA[]]></system-err>
</testsuite>
