<?xml version="1.0" encoding="UTF-8"?>
<testsuite name="com.dotmarketing.portlets.structure.model.ContentletRelationshipsTest" tests="7" skipped="0" failures="0" errors="0" timestamp="2023-06-30T20:42:52" hostname="fv-az338-938" time="8.608">
  <properties/>
  <testcase name="testDoesAllowOnlyOne[0: com.dotmarketing.portlets.structure.model.ContentletRelationshipsTest$CardinalityTestCase@3e7ba184]" classname="com.dotmarketing.portlets.structure.model.ContentletRelationshipsTest" time="0.448"/>
  <testcase name="testDoesAllowOnlyOne[1: com.dotmarketing.portlets.structure.model.ContentletRelationshipsTest$CardinalityTestCase@189754dc]" classname="com.dotmarketing.portlets.structure.model.ContentletRelationshipsTest" time="0.435"/>
  <testcase name="testDoesAllowOnlyOne[2: com.dotmarketing.portlets.structure.model.ContentletRelationshipsTest$CardinalityTestCase@4cabf444]" classname="com.dotmarketing.portlets.structure.model.ContentletRelationshipsTest" time="0.437"/>
  <testcase name="testGetRelationshipRecords[0: com.dotmarketing.portlets.structure.model.ContentletRelationshipsTest$TestCase@15556681]" classname="com.dotmarketing.portlets.structure.model.ContentletRelationshipsTest" time="1.882"/>
  <testcase name="testGetRelationshipRecords[1: com.dotmarketing.portlets.structure.model.ContentletRelationshipsTest$TestCase@76c1822e]" classname="com.dotmarketing.portlets.structure.model.ContentletRelationshipsTest" time="1.93"/>
  <testcase name="testGetRelationshipRecords[2: com.dotmarketing.portlets.structure.model.ContentletRelationshipsTest$TestCase@54d2099e]" classname="com.dotmarketing.portlets.structure.model.ContentletRelationshipsTest" time="1.766"/>
  <testcase name="testGetRelationshipRecords[3: com.dotmarketing.portlets.structure.model.ContentletRelationshipsTest$TestCase@47c8de94]" classname="com.dotmarketing.portlets.structure.model.ContentletRelationshipsTest" time="1.708"/>
  <system-out><![CDATA[]]></system-out>
  <system-err><![CDATA[]]></system-err>
</testsuite>
