<?xml version="1.0" encoding="UTF-8"?>
<testsuite name="com.dotcms.contenttype.test.ContentResourceTest" tests="52" skipped="0" failures="0" errors="0" timestamp="2023-07-18T21:16:31" hostname="fv-az749-132" time="146.36">
  <properties/>
  <testcase name="testGetContentShouldReturnIconDetails" classname="com.dotcms.contenttype.test.ContentResourceTest" time="1.468"/>
  <testcase name="Test_Save_Action_Set_Words_To_Required_NumericField_Issue_15340" classname="com.dotcms.contenttype.test.ContentResourceTest" time="0.828"/>
  <testcase name="test_getContent_includeGrandChildCategory_success" classname="com.dotcms.contenttype.test.ContentResourceTest" time="1.271"/>
  <testcase name="testGetContentWithRelatedParameter[0: com.dotcms.contenttype.test.ContentResourceTest$PullRelatedTestCase@1a90f315]" classname="com.dotcms.contenttype.test.ContentResourceTest" time="3.841"/>
  <testcase name="testGetContentWithRelatedParameter[1: com.dotcms.contenttype.test.ContentResourceTest$PullRelatedTestCase@1677a6a8]" classname="com.dotcms.contenttype.test.ContentResourceTest" time="3.657"/>
  <testcase name="testGetContentWithRelatedParameter[2: com.dotcms.contenttype.test.ContentResourceTest$PullRelatedTestCase@7fce545d]" classname="com.dotcms.contenttype.test.ContentResourceTest" time="3.892"/>
  <testcase name="testGetContentWithRelatedParameter[3: com.dotcms.contenttype.test.ContentResourceTest$PullRelatedTestCase@5cbed7a8]" classname="com.dotcms.contenttype.test.ContentResourceTest" time="3.575"/>
  <testcase name="testGetContentWithRelatedParameter[4: com.dotcms.contenttype.test.ContentResourceTest$PullRelatedTestCase@412b8f71]" classname="com.dotcms.contenttype.test.ContentResourceTest" time="3.786"/>
  <testcase name="test_getContent_SelfRelatedWith3LevelsOfDepth_shouldReturnRelationships" classname="com.dotcms.contenttype.test.ContentResourceTest" time="1.257"/>
  <testcase name="Test_Save_Action_Send_Fields_SubSet_Issue_15340" classname="com.dotcms.contenttype.test.ContentResourceTest" time="2.743"/>
  <testcase name="test_getContent_shouldReturnRelationships[0: com.dotcms.contenttype.test.ContentResourceTest$TestCase@6ac2331a]" classname="com.dotcms.contenttype.test.ContentResourceTest" time="2.833"/>
  <testcase name="test_getContent_shouldReturnRelationships[1: com.dotcms.contenttype.test.ContentResourceTest$TestCase@67a3eea3]" classname="com.dotcms.contenttype.test.ContentResourceTest" time="2.888"/>
  <testcase name="test_getContent_shouldReturnRelationships[2: com.dotcms.contenttype.test.ContentResourceTest$TestCase@4d0a7668]" classname="com.dotcms.contenttype.test.ContentResourceTest" time="2.917"/>
  <testcase name="test_getContent_shouldReturnRelationships[3: com.dotcms.contenttype.test.ContentResourceTest$TestCase@50c738bf]" classname="com.dotcms.contenttype.test.ContentResourceTest" time="3.193"/>
  <testcase name="test_getContent_shouldReturnRelationships[4: com.dotcms.contenttype.test.ContentResourceTest$TestCase@2be68b5e]" classname="com.dotcms.contenttype.test.ContentResourceTest" time="3.074"/>
  <testcase name="test_getContent_shouldReturnRelationships[5: com.dotcms.contenttype.test.ContentResourceTest$TestCase@5348ae77]" classname="com.dotcms.contenttype.test.ContentResourceTest" time="2.959"/>
  <testcase name="test_getContent_shouldReturnRelationships[6: com.dotcms.contenttype.test.ContentResourceTest$TestCase@4d6f2b40]" classname="com.dotcms.contenttype.test.ContentResourceTest" time="2.977"/>
  <testcase name="test_getContent_shouldReturnRelationships[7: com.dotcms.contenttype.test.ContentResourceTest$TestCase@2404f092]" classname="com.dotcms.contenttype.test.ContentResourceTest" time="2.776"/>
  <testcase name="test_getContent_shouldReturnRelationships[8: com.dotcms.contenttype.test.ContentResourceTest$TestCase@3ba72337]" classname="com.dotcms.contenttype.test.ContentResourceTest" time="3.074"/>
  <testcase name="test_getContent_shouldReturnRelationships[9: com.dotcms.contenttype.test.ContentResourceTest$TestCase@2d8a1922]" classname="com.dotcms.contenttype.test.ContentResourceTest" time="2.149"/>
  <testcase name="test_getContent_shouldReturnRelationships[10: com.dotcms.contenttype.test.ContentResourceTest$TestCase@190b12f8]" classname="com.dotcms.contenttype.test.ContentResourceTest" time="2.805"/>
  <testcase name="test_getContent_shouldReturnRelationships[11: com.dotcms.contenttype.test.ContentResourceTest$TestCase@1a08f12b]" classname="com.dotcms.contenttype.test.ContentResourceTest" time="2.919"/>
  <testcase name="test_getContent_shouldReturnRelationships[12: com.dotcms.contenttype.test.ContentResourceTest$TestCase@1834c7c6]" classname="com.dotcms.contenttype.test.ContentResourceTest" time="3.084"/>
  <testcase name="test_getContent_shouldReturnRelationships[13: com.dotcms.contenttype.test.ContentResourceTest$TestCase@658a8eeb]" classname="com.dotcms.contenttype.test.ContentResourceTest" time="2.889"/>
  <testcase name="test_getContent_shouldReturnRelationships[14: com.dotcms.contenttype.test.ContentResourceTest$TestCase@2457dc70]" classname="com.dotcms.contenttype.test.ContentResourceTest" time="2.917"/>
  <testcase name="test_getContent_shouldReturnRelationships[15: com.dotcms.contenttype.test.ContentResourceTest$TestCase@790be078]" classname="com.dotcms.contenttype.test.ContentResourceTest" time="3.973"/>
  <testcase name="test_getContent_shouldReturnRelationships[16: com.dotcms.contenttype.test.ContentResourceTest$TestCase@47bf1268]" classname="com.dotcms.contenttype.test.ContentResourceTest" time="3.845"/>
  <testcase name="test_getContent_shouldReturnRelationships[17: com.dotcms.contenttype.test.ContentResourceTest$TestCase@76f321a2]" classname="com.dotcms.contenttype.test.ContentResourceTest" time="3.148"/>
  <testcase name="test_getContent_shouldReturnRelationships[18: com.dotcms.contenttype.test.ContentResourceTest$TestCase@6c5dc750]" classname="com.dotcms.contenttype.test.ContentResourceTest" time="3.142"/>
  <testcase name="test_getContent_shouldReturnRelationships[19: com.dotcms.contenttype.test.ContentResourceTest$TestCase@4a73e283]" classname="com.dotcms.contenttype.test.ContentResourceTest" time="3.054"/>
  <testcase name="test_getContent_shouldReturnRelationships[20: com.dotcms.contenttype.test.ContentResourceTest$TestCase@756095f7]" classname="com.dotcms.contenttype.test.ContentResourceTest" time="3.541"/>
  <testcase name="test_getContent_shouldReturnRelationships[21: com.dotcms.contenttype.test.ContentResourceTest$TestCase@1a7154c8]" classname="com.dotcms.contenttype.test.ContentResourceTest" time="3.318"/>
  <testcase name="test_getContent_shouldReturnRelationships[22: com.dotcms.contenttype.test.ContentResourceTest$TestCase@18946791]" classname="com.dotcms.contenttype.test.ContentResourceTest" time="3.096"/>
  <testcase name="test_getContent_shouldReturnRelationships[23: com.dotcms.contenttype.test.ContentResourceTest$TestCase@4d26f9fa]" classname="com.dotcms.contenttype.test.ContentResourceTest" time="3.161"/>
  <testcase name="test_getContent_shouldReturnRelationships[24: com.dotcms.contenttype.test.ContentResourceTest$TestCase@3c980284]" classname="com.dotcms.contenttype.test.ContentResourceTest" time="3.11"/>
  <testcase name="test_getContent_shouldReturnRelationships[25: com.dotcms.contenttype.test.ContentResourceTest$TestCase@2c5fd6cb]" classname="com.dotcms.contenttype.test.ContentResourceTest" time="3.372"/>
  <testcase name="test_getContent_shouldReturnRelationships[26: com.dotcms.contenttype.test.ContentResourceTest$TestCase@174c843e]" classname="com.dotcms.contenttype.test.ContentResourceTest" time="3.357"/>
  <testcase name="test_getContent_shouldReturnRelationships[27: com.dotcms.contenttype.test.ContentResourceTest$TestCase@6d5f4604]" classname="com.dotcms.contenttype.test.ContentResourceTest" time="3.236"/>
  <testcase name="test_getContent_shouldReturnRelationships[28: com.dotcms.contenttype.test.ContentResourceTest$TestCase@11aff509]" classname="com.dotcms.contenttype.test.ContentResourceTest" time="3.301"/>
  <testcase name="test_getContent_shouldReturnRelationships[29: com.dotcms.contenttype.test.ContentResourceTest$TestCase@43148079]" classname="com.dotcms.contenttype.test.ContentResourceTest" time="3.066"/>
  <testcase name="test_getContent_shouldReturnRelationships[30: com.dotcms.contenttype.test.ContentResourceTest$TestCase@300a8151]" classname="com.dotcms.contenttype.test.ContentResourceTest" time="2.91"/>
  <testcase name="test_getContent_shouldReturnRelationships[31: com.dotcms.contenttype.test.ContentResourceTest$TestCase@27729e32]" classname="com.dotcms.contenttype.test.ContentResourceTest" time="3.001"/>
  <testcase name="test_getContent_shouldReturnRelationships[32: com.dotcms.contenttype.test.ContentResourceTest$TestCase@499b3068]" classname="com.dotcms.contenttype.test.ContentResourceTest" time="3.801"/>
  <testcase name="test_getContent_shouldReturnRelationships[33: com.dotcms.contenttype.test.ContentResourceTest$TestCase@2eeb666a]" classname="com.dotcms.contenttype.test.ContentResourceTest" time="4.045"/>
  <testcase name="testSinglePOST_InvalidParamsShouldReturn400[0: ({\n    &quot;stInode&quot; : &quot;InvalidValue&quot;,\n    &quot;numeric&quot; : &quot;0&quot;,\n    &quot;image&quot; : &quot;whatever&quot;\n}, Bad Request)]" classname="com.dotcms.contenttype.test.ContentResourceTest" time="0.828"/>
  <testcase name="testSinglePOST_InvalidParamsShouldReturn400[1: ({\n    &quot;numeric&quot; : &quot;0&quot;,\n    &quot;image&quot; : &quot;whatever&quot;\n}, Bad Request)]" classname="com.dotcms.contenttype.test.ContentResourceTest" time="0.793"/>
  <testcase name="Test_Save_Action_Set_Null_To_Required_NumericField_Issue_15340" classname="com.dotcms.contenttype.test.ContentResourceTest" time="0.833"/>
  <testcase name="Test_Save_Action_Remove_Image_Then_Verify_Fields_Were_Cleared_Issue_15340" classname="com.dotcms.contenttype.test.ContentResourceTest" time="3.588"/>
  <testcase name="test_getContentWithMultipleSelfRelated_shouldReturnRelationships[0: com.dotcms.contenttype.test.ContentResourceTest$PullSelfRelatedTestCase@79bffe92]" classname="com.dotcms.contenttype.test.ContentResourceTest" time="1.605"/>
  <testcase name="test_getContentWithMultipleSelfRelated_shouldReturnRelationships[1: com.dotcms.contenttype.test.ContentResourceTest$PullSelfRelatedTestCase@693789bd]" classname="com.dotcms.contenttype.test.ContentResourceTest" time="1.642"/>
  <testcase name="testGetContentWithAllCategoriesInfo[0: json]" classname="com.dotcms.contenttype.test.ContentResourceTest" time="1.406"/>
  <testcase name="testGetContentWithAllCategoriesInfo[1: xml]" classname="com.dotcms.contenttype.test.ContentResourceTest" time="2.412"/>
  <system-out><![CDATA[











]]></system-out>
  <system-err><![CDATA[]]></system-err>
</testsuite>
