<?xml version="1.0" encoding="UTF-8"?>
<testsuite name="com.dotcms.rest.api.v1.vtl.VTLResourceIntegrationTest" tests="6" skipped="0" failures="0" errors="0" timestamp="2023-06-30T05:07:52" hostname="fv-az210-575" time="12.165">
  <properties/>
  <testcase name="testGet[0: com.dotcms.rest.api.v1.vtl.VTLResourceTestCase@438f81db]" classname="com.dotcms.rest.api.v1.vtl.VTLResourceIntegrationTest" time="2.218"/>
  <testcase name="testGet[1: com.dotcms.rest.api.v1.vtl.VTLResourceTestCase@131817d4]" classname="com.dotcms.rest.api.v1.vtl.VTLResourceIntegrationTest" time="1.8"/>
  <testcase name="testGet[2: com.dotcms.rest.api.v1.vtl.VTLResourceTestCase@5e530bbb]" classname="com.dotcms.rest.api.v1.vtl.VTLResourceIntegrationTest" time="2.126"/>
  <testcase name="testGet[3: com.dotcms.rest.api.v1.vtl.VTLResourceTestCase@49187f8a]" classname="com.dotcms.rest.api.v1.vtl.VTLResourceIntegrationTest" time="2.075"/>
  <testcase name="testGet[4: com.dotcms.rest.api.v1.vtl.VTLResourceTestCase@76a6ae2b]" classname="com.dotcms.rest.api.v1.vtl.VTLResourceIntegrationTest" time="1.863"/>
  <testcase name="testGet[5: com.dotcms.rest.api.v1.vtl.VTLResourceTestCase@25d3b19c]" classname="com.dotcms.rest.api.v1.vtl.VTLResourceIntegrationTest" time="2.083"/>
  <system-out><![CDATA[]]></system-out>
  <system-err><![CDATA[]]></system-err>
</testsuite>
