<?xml version="1.0" encoding="UTF-8"?>
<testsuite name="com.dotmarketing.business.DeterministicIdentifierAPITest" tests="16" skipped="0" failures="0" errors="0" timestamp="2023-06-30T23:02:53" hostname="fv-az162-235" time="0.831">
  <properties/>
  <testcase name="Test_Category_Path_Seed_And_Id" classname="com.dotmarketing.business.DeterministicIdentifierAPITest" time="0.021"/>
  <testcase name="Test_Language_Deterministic_Id[0: LanguageTestCase{expectedSeed='Language:es:US', expectedHash=4913155, langCode='es', countryCode='US', country='United States'}]" classname="com.dotmarketing.business.DeterministicIdentifierAPITest" time="0.001"/>
  <testcase name="Test_Language_Deterministic_Id[1: LanguageTestCase{expectedSeed='Language:ep:', expectedHash=5292269, langCode='ep', countryCode='', country=''}]" classname="com.dotmarketing.business.DeterministicIdentifierAPITest" time="0.001"/>
  <testcase name="Test_Language_Deterministic_Id[2: LanguageTestCase{expectedSeed='Language:sg:SAG', expectedHash=4713118, langCode='sg', countryCode='SAG', country=''}]" classname="com.dotmarketing.business.DeterministicIdentifierAPITest" time="0.001"/>
  <testcase name="Test_Language_Deterministic_Id[3: LanguageTestCase{expectedSeed='Language:en:NZ', expectedHash=5382528, langCode='en', countryCode='NZ', country='New Zealand'}]" classname="com.dotmarketing.business.DeterministicIdentifierAPITest" time="0.001"/>
  <testcase name="Test_Category_None_Persisted_Category_Should_Return_Deterministic_Id" classname="com.dotmarketing.business.DeterministicIdentifierAPITest" time="0.001"/>
  <testcase name="Test_Asset_Generate_Deterministic_Id_Best_Effort[0: TestCase{versionable=my.host1688165788706.com, parent=System Host, expectedName='my.host1688165788706.com', expectedType='Host'}]" classname="com.dotmarketing.business.DeterministicIdentifierAPITest" time="0.002"/>
  <testcase name="Test_Asset_Generate_Deterministic_Id_Best_Effort[1: TestCase{versionable=com.dotmarketing.portlets.contentlet.model.Contentlet@1597226c[map={modDate=2023-06-30 22:56:29.438, fileName=file4731190519336123065.txt, title=file4731190519336123065.txt, inode=6677ec44-d161-44a2-9602-4370b6127f7d, __IS_NEW_CONTENT__=true, disabledWYSIWYG=[], host=37736b02-a358-4cdf-aedc-9d5312f01619, stInode=33888b6f-7a8e-4069-b1b6-5c1aa9d0a48d, owner=system, identifier=f423f0ad-ef19-47c3-a001-70b17eccad8f, nullProperties=[wfExpireDate, wfPublishDate, wfActionAssign, wfActionId, wfActionComments, filterKey, whereToSend, wfNeverExpire, _path_to_move, timezoneId, iWantTo, wfPublishTime, wfExpireTime], languageId=1, fileAsset=/home/runner/work/core/custom/assets/6/6/6677ec44-d161-44a2-9602-4370b6127f7d/fileAsset/file4731190519336123065.txt, folder=1fd2eb03-7f94-4b76-8a88-8b6dec7ffa2d, __disable_workflow__=true, sortOrder=0, modUser=system},lowIndexPriority=false,variantId=DEFAULT], parent=com.dotmarketing.portlets.folders.model.Folder@4eb06c[identifier=1fd2eb03-7f94-4b76-8a88-8b6dec7ffa2d,name=testName1688165789432,sortOrder=0,showOnMenu=false,hostId=37736b02-a358-4cdf-aedc-9d5312f01619,type=folder,title=testTitle1688165789432,filesMasks=,defaultFileType=33888b6f-7a8e-4069-b1b6-5c1aa9d0a48d,modDate=2023-06-30 22:56:29.434,owner=&lt;null&gt;,iDate=2023-06-30 22:56:29.434,inode=1fd2eb03-7f94-4b76-8a88-8b6dec7ffa2d,path=/testName1688165789432/], expectedName='file4731190519336123065.txt', expectedType='FileAsset'}]" classname="com.dotmarketing.business.DeterministicIdentifierAPITest" time="0.005"/>
  <testcase name="Test_Asset_Generate_Deterministic_Id_Best_Effort[2: TestCase{versionable=com.dotmarketing.portlets.templates.model.Template@dfc3234a, parent=my.host1688165788706.com, expectedName='testTitle1688165789532', expectedType='Template'}]" classname="com.dotmarketing.business.DeterministicIdentifierAPITest" time="0.002"/>
  <testcase name="Test_Asset_Generate_Deterministic_Id_Best_Effort[3: TestCase{versionable=com.dotmarketing.portlets.htmlpageasset.model.HTMLPageAsset@2efea0ea[map={template=c0c5b3b1-1259-46ca-81ca-8d344df1b495, owner=system, identifier=91e4e109-d3b3-4b9f-9ac6-46802432ef06, nullProperties=[wfExpireDate, wfPublishDate, wfActionAssign, wfActionId, wfActionComments, filterKey, whereToSend, wfNeverExpire, _path_to_move, timezoneId, iWantTo, wfPublishTime, wfExpireTime], modDate=2023-06-30 22:56:29.544, cachettl=0, _is_test_mode=true, languageId=1, title=test-page-title-1688165789540, httpsreq=, url=test-page-url-1688165789540, showOnMenu=, inode=e626abe0-c697-4804-915f-435359d67e88, folder=1fd2eb03-7f94-4b76-8a88-8b6dec7ffa2d, disabledWYSIWYG=[], sortOrder=1, modUser=system, host=37736b02-a358-4cdf-aedc-9d5312f01619, stInode=c541abb1-69b3-4bc5-8430-5e09e5239cc8, friendlyName=test-page-friendly-name-1688165789540},lowIndexPriority=false,variantId=DEFAULT], parent=com.dotmarketing.portlets.folders.model.Folder@4eb06c[identifier=1fd2eb03-7f94-4b76-8a88-8b6dec7ffa2d,name=testName1688165789432,sortOrder=0,showOnMenu=false,hostId=37736b02-a358-4cdf-aedc-9d5312f01619,type=folder,title=testTitle1688165789432,filesMasks=,defaultFileType=33888b6f-7a8e-4069-b1b6-5c1aa9d0a48d,modDate=2023-06-30 22:56:29.434,owner=&lt;null&gt;,iDate=2023-06-30 22:56:29.434,inode=1fd2eb03-7f94-4b76-8a88-8b6dec7ffa2d,path=/testName1688165789432/], expectedName='test-page-url-1688165789540', expectedType='htmlpageasset'}]" classname="com.dotmarketing.business.DeterministicIdentifierAPITest" time="0.002"/>
  <testcase name="Test_Asset_Generate_Deterministic_Id_Best_Effort[4: TestCase{versionable=com.dotmarketing.portlets.contentlet.model.Contentlet@4dfaff0b[map={fileAsset2=/home/runner/work/core/custom/assets/1/9/19b196f1-a2d7-4593-8805-d7acd319d112/fileAsset2/test_binary1688165791394.png, modDate=2023-06-30 22:56:31.434, fileAsset1=/home/runner/work/core/custom/assets/1/9/19b196f1-a2d7-4593-8805-d7acd319d112/fileAsset1/test_binary1688165791394.jpg, title=blah, inode=19b196f1-a2d7-4593-8805-d7acd319d112, __IS_NEW_CONTENT__=true, disabledWYSIWYG=[], host=48190c8c-42c4-46af-8d1a-0cd5db894797, stInode=81f1fbe2-1faa-4f55-9cfd-02985210f4fc, owner=system, identifier=61a0ea11-66f3-4022-9c55-400aec499e63, nullProperties=[], languageId=1, image1=0615b755-5cbc-4c0a-990d-1c314cb022f1, folder=SYSTEM_FOLDER, __disable_workflow__=true, sortOrder=0, modUser=system},lowIndexPriority=false,variantId=DEFAULT], parent=demo.dotcms.com, expectedName='test_binary1688165791394.jpg:test_binary1688165791394.png', expectedType='MultipleBinaries1688165789766'}]" classname="com.dotmarketing.business.DeterministicIdentifierAPITest" time="0.003"/>
  <testcase name="Test_Asset_Generate_Deterministic_Id_Best_Effort[5: TestCase{versionable=name2a9186a0ce : keyTag2a9186a0ce, parent=my.host1688165788706.com, expectedName='keyTag2a9186a0ce', expectedType='persona'}]" classname="com.dotmarketing.business.DeterministicIdentifierAPITest" time="0.002"/>
  <testcase name="Test_Similar_Content_Type_Wont_Clash" classname="com.dotmarketing.business.DeterministicIdentifierAPITest" time="0.399"/>
  <testcase name="Test_Generate_Folder_Identifier" classname="com.dotmarketing.business.DeterministicIdentifierAPITest" time="0.379"/>
  <testcase name="Test_Generate_Content_Type_Identifier[0: ContentTypeTestCase{contentType=KeyValueContentType{name=Language Variable, id=f4d7c1b8-2c88-4071-abf1-a5328977b07d, description=Default Content Type for Language Variables, defaultType=false, fixed=true, iDate=Thu Aug 31 16:38:49 UTC 2017, system=true, versionable=true, variable=Languagevariable, modDate=Fri Jun 30 21:52:48 UTC 2023, host=SYSTEM_HOST, siteName=systemHost, icon=language, sortOrder=0, folder=SYSTEM_FOLDER, folderPath=/, markedForDeletion=true, multilingualable=false}, expectedName='Languagevariable', expectedType='KeyValue'}]" classname="com.dotmarketing.business.DeterministicIdentifierAPITest" time="0.004"/>
  <testcase name="Test_Generate_Content_Type_Identifier[1: ContentTypeTestCase{contentType=SimpleContentType{name=testName1688165791850, id=3fe36adb-5bbd-4219-82df-ccb4a8cf70bd, description=testDescription1688165791850, defaultType=false, fixed=false, iDate=Fri Jun 30 22:56:31 UTC 2023, system=false, versionable=true, multilingualable=false, variable=testVarname1688165791850, owner=system, modDate=Fri Jun 30 22:56:32 UTC 2023, host=48190c8c-42c4-46af-8d1a-0cd5db894797, siteName=demo.dotcms.com, icon=event_note, sortOrder=0, folder=SYSTEM_FOLDER, folderPath=/, requiredFields=[], markedForDeletion=false}, expectedName='testVarname1688165791850', expectedType='CONTENT'}]" classname="com.dotmarketing.business.DeterministicIdentifierAPITest" time="0.004"/>
  <system-out><![CDATA[]]></system-out>
  <system-err><![CDATA[]]></system-err>
</testsuite>
