<?xml version="1.0" encoding="UTF-8"?>
<testsuite name="com.dotcms.rest.TagResourceIntegrationTest" tests="4" skipped="0" failures="0" errors="0" timestamp="2023-07-07T15:30:08" hostname="fv-az363-219" time="0.225">
  <properties/>
  <testcase name="testList[0: com.dotcms.rest.TagResourceTestCase@4f9ca6b7]" classname="com.dotcms.rest.TagResourceIntegrationTest" time="0.18"/>
  <testcase name="testList[1: com.dotcms.rest.TagResourceTestCase@2364dbe6]" classname="com.dotcms.rest.TagResourceIntegrationTest" time="0.015"/>
  <testcase name="testList[2: com.dotcms.rest.TagResourceTestCase@ad39ef]" classname="com.dotcms.rest.TagResourceIntegrationTest" time="0.013"/>
  <testcase name="testList[3: com.dotcms.rest.TagResourceTestCase@31b21d8a]" classname="com.dotcms.rest.TagResourceIntegrationTest" time="0.017"/>
  <system-out><![CDATA[]]></system-out>
  <system-err><![CDATA[Jul 07, 2023 3:30:08 PM com.dotcms.repackage.org.hibernate.validator.internal.util.Version <clinit>
INFO: HV000001: Hibernate Validator 4.3.2.Final
]]></system-err>
</testsuite>
