<?xml version="1.0" encoding="UTF-8"?>
<testsuite name="com.dotcms.contenttype.business.SiteAndFolderResolverImplTest" tests="11" skipped="0" failures="0" errors="0" timestamp="2023-06-30T00:29:59" hostname="fv-az343-533" time="3.761">
  <properties/>
  <testcase name="Test_Fallback_To_System_Host" classname="com.dotcms.contenttype.business.SiteAndFolderResolverImplTest" time="0.01"/>
  <testcase name="Test_Set_Existing_Folder_Expect_Valid_Resolution" classname="com.dotcms.contenttype.business.SiteAndFolderResolverImplTest" time="0.621"/>
  <testcase name="TestCaller" classname="com.dotcms.contenttype.business.SiteAndFolderResolverImplTest" time="0.012"/>
  <testcase name="Test_Explicitly_Set_System_Host_And_System_Folder_Expect_Same_Values" classname="com.dotcms.contenttype.business.SiteAndFolderResolverImplTest" time="0.002"/>
  <testcase name="Test_fromPath_And_Site_Method" classname="com.dotcms.contenttype.business.SiteAndFolderResolverImplTest" time="1.086"/>
  <testcase name="Test_Skip_Validate_Whatever_Comes_In_Comes_Back_TheSame" classname="com.dotcms.contenttype.business.SiteAndFolderResolverImplTest" time="0.008"/>
  <testcase name="Test_Set_Folder_Path_Expect_Valid_Resolution" classname="com.dotcms.contenttype.business.SiteAndFolderResolverImplTest" time="0.994"/>
  <testcase name="Test_Resolve_Fixed_ContentType" classname="com.dotcms.contenttype.business.SiteAndFolderResolverImplTest" time="0.005"/>
  <testcase name="Test_Get_SiteAndFolderParams_When_No_Host_Value_Is_Expect_Null" classname="com.dotcms.contenttype.business.SiteAndFolderResolverImplTest" time="0.004"/>
  <testcase name="Test_Fallback_To_Default" classname="com.dotcms.contenttype.business.SiteAndFolderResolverImplTest" time="0.005"/>
  <testcase name="Test_fromPath_Method" classname="com.dotcms.contenttype.business.SiteAndFolderResolverImplTest" time="1.009"/>
  <system-out><![CDATA[]]></system-out>
  <system-err><![CDATA[]]></system-err>
</testsuite>
