<?xml version="1.0" encoding="UTF-8"?>
<testsuite name="com.dotmarketing.portlets.structure.model.ContentletRelationshipsTest" tests="7" skipped="0" failures="0" errors="0" timestamp="2023-07-14T15:19:06" hostname="fv-az627-249" time="9.184">
  <properties/>
  <testcase name="testDoesAllowOnlyOne[0: com.dotmarketing.portlets.structure.model.ContentletRelationshipsTest$CardinalityTestCase@6eaf817]" classname="com.dotmarketing.portlets.structure.model.ContentletRelationshipsTest" time="0.597"/>
  <testcase name="testDoesAllowOnlyOne[1: com.dotmarketing.portlets.structure.model.ContentletRelationshipsTest$CardinalityTestCase@3fa2700c]" classname="com.dotmarketing.portlets.structure.model.ContentletRelationshipsTest" time="0.486"/>
  <testcase name="testDoesAllowOnlyOne[2: com.dotmarketing.portlets.structure.model.ContentletRelationshipsTest$CardinalityTestCase@40120f7a]" classname="com.dotmarketing.portlets.structure.model.ContentletRelationshipsTest" time="0.49"/>
  <testcase name="testGetRelationshipRecords[0: com.dotmarketing.portlets.structure.model.ContentletRelationshipsTest$TestCase@4b872fed]" classname="com.dotmarketing.portlets.structure.model.ContentletRelationshipsTest" time="1.943"/>
  <testcase name="testGetRelationshipRecords[1: com.dotmarketing.portlets.structure.model.ContentletRelationshipsTest$TestCase@1a7c5cca]" classname="com.dotmarketing.portlets.structure.model.ContentletRelationshipsTest" time="1.992"/>
  <testcase name="testGetRelationshipRecords[2: com.dotmarketing.portlets.structure.model.ContentletRelationshipsTest$TestCase@36726d99]" classname="com.dotmarketing.portlets.structure.model.ContentletRelationshipsTest" time="1.824"/>
  <testcase name="testGetRelationshipRecords[3: com.dotmarketing.portlets.structure.model.ContentletRelationshipsTest$TestCase@664bddf2]" classname="com.dotmarketing.portlets.structure.model.ContentletRelationshipsTest" time="1.852"/>
  <system-out><![CDATA[]]></system-out>
  <system-err><![CDATA[]]></system-err>
</testsuite>
