<?xml version="1.0" encoding="UTF-8"?>
<testsuite name="com.dotcms.contenttype.test.FieldFactoryImplTest" tests="21" skipped="0" failures="0" errors="0" timestamp="2023-07-11T15:51:39" hostname="fv-az221-100" time="29.408">
  <properties/>
  <testcase name="testBadBoolDBColumn" classname="com.dotcms.contenttype.test.FieldFactoryImplTest" time="0.036"/>
  <testcase name="testBadIntDBColumn" classname="com.dotcms.contenttype.test.FieldFactoryImplTest" time="0.02"/>
  <testcase name="testBadLegacyDBColumn" classname="com.dotcms.contenttype.test.FieldFactoryImplTest" time="0.023"/>
  <testcase name="testBinaryFieldDataType" classname="com.dotcms.contenttype.test.FieldFactoryImplTest" time="0.026"/>
  <testcase name="testDataTypeLimit" classname="com.dotcms.contenttype.test.FieldFactoryImplTest" time="18.29"/>
  <testcase name="testDeletingFields" classname="com.dotcms.contenttype.test.FieldFactoryImplTest" time="2.317"/>
  <testcase name="testEquals" classname="com.dotcms.contenttype.test.FieldFactoryImplTest" time="0.745"/>
  <testcase name="testFieldImplClasses" classname="com.dotcms.contenttype.test.FieldFactoryImplTest" time="0.002"/>
  <testcase name="testFieldVariables" classname="com.dotcms.contenttype.test.FieldFactoryImplTest" time="3.488"/>
  <testcase name="testFindByTypeMethods" classname="com.dotcms.contenttype.test.FieldFactoryImplTest" time="0.013"/>
  <testcase name="testLegacyFieldBuilder" classname="com.dotcms.contenttype.test.FieldFactoryImplTest" time="0.013"/>
  <testcase name="testReorderField" classname="com.dotcms.contenttype.test.FieldFactoryImplTest" time="0.04"/>
  <testcase name="testSaveAndFindReturnSameObject" classname="com.dotcms.contenttype.test.FieldFactoryImplTest" time="0.033"/>
  <testcase name="testSelectByContentTypeIdFieldRelationTypeInDb" classname="com.dotcms.contenttype.test.FieldFactoryImplTest" time="1.409"/>
  <testcase name="testSelectByContentTypeInDb" classname="com.dotcms.contenttype.test.FieldFactoryImplTest" time="1.382"/>
  <testcase name="testSelectByContentTypeVarInDb" classname="com.dotcms.contenttype.test.FieldFactoryImplTest" time="1.387"/>
  <testcase name="testSuggestVelocityVar" classname="com.dotcms.contenttype.test.FieldFactoryImplTest" time="0.073"/>
  <testcase name="testTextDBColumn" classname="com.dotcms.contenttype.test.FieldFactoryImplTest" time="0.035"/>
  <testcase name="testTextFloatColumn" classname="com.dotcms.contenttype.test.FieldFactoryImplTest" time="0.034"/>
  <testcase name="testTextIntColumn" classname="com.dotcms.contenttype.test.FieldFactoryImplTest" time="0.035"/>
  <testcase name="testUTF8SuggestVariable" classname="com.dotcms.contenttype.test.FieldFactoryImplTest" time="0.002"/>
  <system-out><![CDATA[]]></system-out>
  <system-err><![CDATA[]]></system-err>
</testsuite>
