<?xml version="1.0" encoding="UTF-8"?>
<testsuite name="com.dotmarketing.portlets.structure.model.ContentletRelationshipsTest" tests="7" skipped="0" failures="0" errors="0" timestamp="2023-07-17T20:09:31" hostname="fv-az305-30" time="8.425">
  <properties/>
  <testcase name="testDoesAllowOnlyOne[0: com.dotmarketing.portlets.structure.model.ContentletRelationshipsTest$CardinalityTestCase@58dae91b]" classname="com.dotmarketing.portlets.structure.model.ContentletRelationshipsTest" time="0.405"/>
  <testcase name="testDoesAllowOnlyOne[1: com.dotmarketing.portlets.structure.model.ContentletRelationshipsTest$CardinalityTestCase@58c906fb]" classname="com.dotmarketing.portlets.structure.model.ContentletRelationshipsTest" time="0.421"/>
  <testcase name="testDoesAllowOnlyOne[2: com.dotmarketing.portlets.structure.model.ContentletRelationshipsTest$CardinalityTestCase@5c974852]" classname="com.dotmarketing.portlets.structure.model.ContentletRelationshipsTest" time="0.389"/>
  <testcase name="testGetRelationshipRecords[0: com.dotmarketing.portlets.structure.model.ContentletRelationshipsTest$TestCase@3275c287]" classname="com.dotmarketing.portlets.structure.model.ContentletRelationshipsTest" time="1.862"/>
  <testcase name="testGetRelationshipRecords[1: com.dotmarketing.portlets.structure.model.ContentletRelationshipsTest$TestCase@3d6877e3]" classname="com.dotmarketing.portlets.structure.model.ContentletRelationshipsTest" time="1.844"/>
  <testcase name="testGetRelationshipRecords[2: com.dotmarketing.portlets.structure.model.ContentletRelationshipsTest$TestCase@2d86506b]" classname="com.dotmarketing.portlets.structure.model.ContentletRelationshipsTest" time="1.722"/>
  <testcase name="testGetRelationshipRecords[3: com.dotmarketing.portlets.structure.model.ContentletRelationshipsTest$TestCase@4bb55851]" classname="com.dotmarketing.portlets.structure.model.ContentletRelationshipsTest" time="1.782"/>
  <system-out><![CDATA[]]></system-out>
  <system-err><![CDATA[]]></system-err>
</testsuite>
