<?xml version="1.0" encoding="UTF-8"?>
<testsuite name="com.dotmarketing.business.DeterministicIdentifierAPITest" tests="16" skipped="0" failures="0" errors="0" timestamp="2023-07-07T20:43:52" hostname="fv-az244-222" time="1.108">
  <properties/>
  <testcase name="Test_Category_Path_Seed_And_Id" classname="com.dotmarketing.business.DeterministicIdentifierAPITest" time="0.021"/>
  <testcase name="Test_Language_Deterministic_Id[0: LanguageTestCase{expectedSeed='Language:es:US', expectedHash=4913155, langCode='es', countryCode='US', country='United States'}]" classname="com.dotmarketing.business.DeterministicIdentifierAPITest" time="0.001"/>
  <testcase name="Test_Language_Deterministic_Id[1: LanguageTestCase{expectedSeed='Language:ep:', expectedHash=5292269, langCode='ep', countryCode='', country=''}]" classname="com.dotmarketing.business.DeterministicIdentifierAPITest" time="0.001"/>
  <testcase name="Test_Language_Deterministic_Id[2: LanguageTestCase{expectedSeed='Language:sg:SAG', expectedHash=4713118, langCode='sg', countryCode='SAG', country=''}]" classname="com.dotmarketing.business.DeterministicIdentifierAPITest" time="0.001"/>
  <testcase name="Test_Language_Deterministic_Id[3: LanguageTestCase{expectedSeed='Language:en:NZ', expectedHash=5382528, langCode='en', countryCode='NZ', country='New Zealand'}]" classname="com.dotmarketing.business.DeterministicIdentifierAPITest" time="0.001"/>
  <testcase name="Test_Category_None_Persisted_Category_Should_Return_Deterministic_Id" classname="com.dotmarketing.business.DeterministicIdentifierAPITest" time="0.001"/>
  <testcase name="Test_Asset_Generate_Deterministic_Id_Best_Effort[0: TestCase{versionable=my.host1688762253062.com, parent=System Host, expectedName='my.host1688762253062.com', expectedType='Host'}]" classname="com.dotmarketing.business.DeterministicIdentifierAPITest" time="0.003"/>
  <testcase name="Test_Asset_Generate_Deterministic_Id_Best_Effort[1: TestCase{versionable=com.dotmarketing.portlets.contentlet.model.Contentlet@2d1a4695[map={modDate=2023-07-07 20:37:33.702, fileName=file3611179177044588404.txt, title=file3611179177044588404.txt, inode=3dd4d74f-c86e-428f-83ee-342eff3a6bef, __IS_NEW_CONTENT__=true, disabledWYSIWYG=[], host=3f56d553-f833-40c2-a3f5-b97c04199007, stInode=33888b6f-7a8e-4069-b1b6-5c1aa9d0a48d, owner=system, identifier=2ba2fb1c-71b4-4034-b4cd-819b3b903e52, nullProperties=[wfExpireDate, wfPublishDate, wfActionAssign, wfActionId, wfActionComments, filterKey, whereToSend, wfNeverExpire, _path_to_move, timezoneId, iWantTo, wfPublishTime, wfExpireTime], languageId=1, fileAsset=/home/runner/work/core/custom/assets/3/d/3dd4d74f-c86e-428f-83ee-342eff3a6bef/fileAsset/file3611179177044588404.txt, folder=24d96c09-2d90-4b1d-8110-0b7859261dc6, __disable_workflow__=true, sortOrder=0, modUser=system},lowIndexPriority=false,variantId=DEFAULT], parent=com.dotmarketing.portlets.folders.model.Folder@1845bc2f[identifier=24d96c09-2d90-4b1d-8110-0b7859261dc6,name=testName1688762253688,sortOrder=0,showOnMenu=false,hostId=3f56d553-f833-40c2-a3f5-b97c04199007,type=folder,title=testTitle1688762253688,filesMasks=,defaultFileType=33888b6f-7a8e-4069-b1b6-5c1aa9d0a48d,modDate=2023-07-07 20:37:33.695,owner=&lt;null&gt;,iDate=2023-07-07 20:37:33.695,inode=24d96c09-2d90-4b1d-8110-0b7859261dc6,path=/testName1688762253688/], expectedName='file3611179177044588404.txt', expectedType='FileAsset'}]" classname="com.dotmarketing.business.DeterministicIdentifierAPITest" time="0.003"/>
  <testcase name="Test_Asset_Generate_Deterministic_Id_Best_Effort[2: TestCase{versionable=com.dotmarketing.portlets.templates.model.Template@8e5d3fd1, parent=my.host1688762253062.com, expectedName='testTitle1688762253839', expectedType='Template'}]" classname="com.dotmarketing.business.DeterministicIdentifierAPITest" time="0.001"/>
  <testcase name="Test_Asset_Generate_Deterministic_Id_Best_Effort[3: TestCase{versionable=com.dotmarketing.portlets.htmlpageasset.model.HTMLPageAsset@66d8e9a4[map={template=50e0443b-5b7c-4540-be6a-56db93408140, owner=system, identifier=122fc219-8c20-4f6a-8fcf-3c7c763a85f4, nullProperties=[wfExpireDate, wfPublishDate, wfActionAssign, wfActionId, wfActionComments, filterKey, whereToSend, wfNeverExpire, _path_to_move, timezoneId, iWantTo, wfPublishTime, wfExpireTime], modDate=2023-07-07 20:37:33.858, cachettl=0, _is_test_mode=true, languageId=1, title=test-page-title-1688762253854, httpsreq=, url=test-page-url-1688762253854, showOnMenu=, inode=09feeffd-450b-452c-b178-3b15e217a6c1, folder=24d96c09-2d90-4b1d-8110-0b7859261dc6, disabledWYSIWYG=[], sortOrder=1, modUser=system, host=3f56d553-f833-40c2-a3f5-b97c04199007, stInode=c541abb1-69b3-4bc5-8430-5e09e5239cc8, friendlyName=test-page-friendly-name-1688762253854},lowIndexPriority=false,variantId=DEFAULT], parent=com.dotmarketing.portlets.folders.model.Folder@1845bc2f[identifier=24d96c09-2d90-4b1d-8110-0b7859261dc6,name=testName1688762253688,sortOrder=0,showOnMenu=false,hostId=3f56d553-f833-40c2-a3f5-b97c04199007,type=folder,title=testTitle1688762253688,filesMasks=,defaultFileType=33888b6f-7a8e-4069-b1b6-5c1aa9d0a48d,modDate=2023-07-07 20:37:33.695,owner=&lt;null&gt;,iDate=2023-07-07 20:37:33.695,inode=24d96c09-2d90-4b1d-8110-0b7859261dc6,path=/testName1688762253688/], expectedName='test-page-url-1688762253854', expectedType='htmlpageasset'}]" classname="com.dotmarketing.business.DeterministicIdentifierAPITest" time="0.003"/>
  <testcase name="Test_Asset_Generate_Deterministic_Id_Best_Effort[4: TestCase{versionable=com.dotmarketing.portlets.contentlet.model.Contentlet@6ceeba79[map={fileAsset2=/home/runner/work/core/custom/assets/7/f/7fc1c573-2898-4fdf-9f3c-112d8b4a5f1c/fileAsset2/test_binary1688762254658.png, modDate=2023-07-07 20:37:34.662, fileAsset1=/home/runner/work/core/custom/assets/7/f/7fc1c573-2898-4fdf-9f3c-112d8b4a5f1c/fileAsset1/test_binary1688762254658.jpg, title=blah, inode=7fc1c573-2898-4fdf-9f3c-112d8b4a5f1c, __IS_NEW_CONTENT__=true, disabledWYSIWYG=[], host=48190c8c-42c4-46af-8d1a-0cd5db894797, stInode=d07e8b00-ec57-405e-9f01-41954b0d4252, owner=system, identifier=a2de4d33-942e-4a1d-949f-ae57458f13de, nullProperties=[], languageId=1, image1=0bb5bee9-01a6-45f4-a24c-da603506d9af, folder=SYSTEM_FOLDER, __disable_workflow__=true, sortOrder=0, modUser=system},lowIndexPriority=false,variantId=DEFAULT], parent=demo.dotcms.com, expectedName='test_binary1688762254658.jpg:test_binary1688762254658.png', expectedType='MultipleBinaries1688762253993'}]" classname="com.dotmarketing.business.DeterministicIdentifierAPITest" time="0.006"/>
  <testcase name="Test_Asset_Generate_Deterministic_Id_Best_Effort[5: TestCase{versionable=name0556ec2983 : keyTag0556ec2983, parent=my.host1688762253062.com, expectedName='keyTag0556ec2983', expectedType='persona'}]" classname="com.dotmarketing.business.DeterministicIdentifierAPITest" time="0.002"/>
  <testcase name="Test_Similar_Content_Type_Wont_Clash" classname="com.dotmarketing.business.DeterministicIdentifierAPITest" time="0.398"/>
  <testcase name="Test_Generate_Folder_Identifier" classname="com.dotmarketing.business.DeterministicIdentifierAPITest" time="0.657"/>
  <testcase name="Test_Generate_Content_Type_Identifier[0: ContentTypeTestCase{contentType=KeyValueContentType{name=Language Variable, id=f4d7c1b8-2c88-4071-abf1-a5328977b07d, description=Default Content Type for Language Variables, defaultType=false, fixed=true, iDate=Thu Aug 31 16:38:49 UTC 2017, system=true, versionable=true, variable=Languagevariable, modDate=Fri Jul 07 19:34:36 UTC 2023, host=SYSTEM_HOST, siteName=systemHost, icon=language, sortOrder=0, folder=SYSTEM_FOLDER, folderPath=/, markedForDeletion=true, multilingualable=false}, expectedName='Languagevariable', expectedType='KeyValue'}]" classname="com.dotmarketing.business.DeterministicIdentifierAPITest" time="0.004"/>
  <testcase name="Test_Generate_Content_Type_Identifier[1: ContentTypeTestCase{contentType=SimpleContentType{name=testName1688762255148, id=16ee9b2b-7c58-4f80-bd3b-745b8ccba1d8, description=testDescription1688762255148, defaultType=false, fixed=false, iDate=Fri Jul 07 20:37:35 UTC 2023, system=false, versionable=true, multilingualable=false, variable=testVarname1688762255148, owner=system, modDate=Fri Jul 07 20:37:35 UTC 2023, host=48190c8c-42c4-46af-8d1a-0cd5db894797, siteName=demo.dotcms.com, icon=event_note, sortOrder=0, folder=SYSTEM_FOLDER, folderPath=/, requiredFields=[], markedForDeletion=false}, expectedName='testVarname1688762255148', expectedType='CONTENT'}]" classname="com.dotmarketing.business.DeterministicIdentifierAPITest" time="0.003"/>
  <system-out><![CDATA[]]></system-out>
  <system-err><![CDATA[]]></system-err>
</testsuite>
