<?xml version="1.0" encoding="UTF-8"?>
<testsuite name="com.dotcms.rest.api.v1.vtl.VTLResourceIntegrationTest" tests="6" skipped="0" failures="0" errors="0" timestamp="2023-07-18T00:17:16" hostname="fv-az254-523" time="11.413">
  <properties/>
  <testcase name="testGet[0: com.dotcms.rest.api.v1.vtl.VTLResourceTestCase@328d2914]" classname="com.dotcms.rest.api.v1.vtl.VTLResourceIntegrationTest" time="2.464"/>
  <testcase name="testGet[1: com.dotcms.rest.api.v1.vtl.VTLResourceTestCase@c00876]" classname="com.dotcms.rest.api.v1.vtl.VTLResourceIntegrationTest" time="1.953"/>
  <testcase name="testGet[2: com.dotcms.rest.api.v1.vtl.VTLResourceTestCase@246938dd]" classname="com.dotcms.rest.api.v1.vtl.VTLResourceIntegrationTest" time="2.133"/>
  <testcase name="testGet[3: com.dotcms.rest.api.v1.vtl.VTLResourceTestCase@14f997e5]" classname="com.dotcms.rest.api.v1.vtl.VTLResourceIntegrationTest" time="0.98"/>
  <testcase name="testGet[4: com.dotcms.rest.api.v1.vtl.VTLResourceTestCase@4f67c9e7]" classname="com.dotcms.rest.api.v1.vtl.VTLResourceIntegrationTest" time="1.935"/>
  <testcase name="testGet[5: com.dotcms.rest.api.v1.vtl.VTLResourceTestCase@4f64ebc5]" classname="com.dotcms.rest.api.v1.vtl.VTLResourceIntegrationTest" time="1.948"/>
  <system-out><![CDATA[]]></system-out>
  <system-err><![CDATA[]]></system-err>
</testsuite>
