<?xml version="1.0" encoding="UTF-8"?>
<testsuite name="com.dotmarketing.portlets.structure.model.ContentletRelationshipsTest" tests="7" skipped="0" failures="0" errors="0" timestamp="2023-07-21T17:08:38" hostname="fv-az717-170" time="9.137">
  <properties/>
  <testcase name="testDoesAllowOnlyOne[0: com.dotmarketing.portlets.structure.model.ContentletRelationshipsTest$CardinalityTestCase@7e5edc]" classname="com.dotmarketing.portlets.structure.model.ContentletRelationshipsTest" time="0.493"/>
  <testcase name="testDoesAllowOnlyOne[1: com.dotmarketing.portlets.structure.model.ContentletRelationshipsTest$CardinalityTestCase@49c152ab]" classname="com.dotmarketing.portlets.structure.model.ContentletRelationshipsTest" time="0.482"/>
  <testcase name="testDoesAllowOnlyOne[2: com.dotmarketing.portlets.structure.model.ContentletRelationshipsTest$CardinalityTestCase@7db8d4bf]" classname="com.dotmarketing.portlets.structure.model.ContentletRelationshipsTest" time="0.49"/>
  <testcase name="testGetRelationshipRecords[0: com.dotmarketing.portlets.structure.model.ContentletRelationshipsTest$TestCase@3c1b7991]" classname="com.dotmarketing.portlets.structure.model.ContentletRelationshipsTest" time="2.034"/>
  <testcase name="testGetRelationshipRecords[1: com.dotmarketing.portlets.structure.model.ContentletRelationshipsTest$TestCase@4e614870]" classname="com.dotmarketing.portlets.structure.model.ContentletRelationshipsTest" time="1.962"/>
  <testcase name="testGetRelationshipRecords[2: com.dotmarketing.portlets.structure.model.ContentletRelationshipsTest$TestCase@d760f1d]" classname="com.dotmarketing.portlets.structure.model.ContentletRelationshipsTest" time="1.832"/>
  <testcase name="testGetRelationshipRecords[3: com.dotmarketing.portlets.structure.model.ContentletRelationshipsTest$TestCase@36502f20]" classname="com.dotmarketing.portlets.structure.model.ContentletRelationshipsTest" time="1.844"/>
  <system-out><![CDATA[]]></system-out>
  <system-err><![CDATA[]]></system-err>
</testsuite>
