<?xml version="1.0" encoding="UTF-8"?>
<testsuite name="com.dotcms.rendering.velocity.viewtools.content.BinaryMapTest" tests="12" skipped="0" failures="0" errors="0" timestamp="2023-07-11T03:50:26" hostname="fv-az1256-472" time="17.224">
  <properties/>
  <testcase name="test_getShortyUrlInode" classname="com.dotcms.rendering.velocity.viewtools.content.BinaryMapTest" time="1.451"/>
  <testcase name="test_getFile" classname="com.dotcms.rendering.velocity.viewtools.content.BinaryMapTest" time="1.406"/>
  <testcase name="test_getName" classname="com.dotcms.rendering.velocity.viewtools.content.BinaryMapTest" time="1.587"/>
  <testcase name="test_getSize" classname="com.dotcms.rendering.velocity.viewtools.content.BinaryMapTest" time="1.392"/>
  <testcase name="testGetShortyUrl" classname="com.dotcms.rendering.velocity.viewtools.content.BinaryMapTest" time="1.413"/>
  <testcase name="test_getThumbnailUri" classname="com.dotcms.rendering.velocity.viewtools.content.BinaryMapTest" time="1.416"/>
  <testcase name="test_getHeight" classname="com.dotcms.rendering.velocity.viewtools.content.BinaryMapTest" time="1.395"/>
  <testcase name="test_getWidth" classname="com.dotcms.rendering.velocity.viewtools.content.BinaryMapTest" time="1.467"/>
  <testcase name="test_getShorty" classname="com.dotcms.rendering.velocity.viewtools.content.BinaryMapTest" time="1.426"/>
  <testcase name="test_getResizeUri" classname="com.dotcms.rendering.velocity.viewtools.content.BinaryMapTest" time="1.418"/>
  <testcase name="test_GetShortyURLWithoutLanguage" classname="com.dotcms.rendering.velocity.viewtools.content.BinaryMapTest" time="1.411"/>
  <testcase name="testGetRawUri" classname="com.dotcms.rendering.velocity.viewtools.content.BinaryMapTest" time="1.441"/>
  <system-out><![CDATA[]]></system-out>
  <system-err><![CDATA[]]></system-err>
</testsuite>
