<?xml version="1.0" encoding="UTF-8"?>
<testsuite name="com.dotcms.enterprise.publishing.remote.bundler.TemplateBundlerTest" tests="4" skipped="0" failures="0" errors="0" timestamp="2023-07-03T22:39:18" hostname="fv-az344-336" time="0.018">
  <properties/>
  <testcase name="addTemplateInBundle[0: com.dotcms.enterprise.publishing.remote.bundler.TemplateBundlerTest$TestCase@2779ea4b]" classname="com.dotcms.enterprise.publishing.remote.bundler.TemplateBundlerTest" time="0.006"/>
  <testcase name="addTemplateInBundle[1: com.dotcms.enterprise.publishing.remote.bundler.TemplateBundlerTest$TestCase@72d103a3]" classname="com.dotcms.enterprise.publishing.remote.bundler.TemplateBundlerTest" time="0.003"/>
  <testcase name="addTemplateInBundle[2: com.dotcms.enterprise.publishing.remote.bundler.TemplateBundlerTest$TestCase@5f4129ac]" classname="com.dotcms.enterprise.publishing.remote.bundler.TemplateBundlerTest" time="0.003"/>
  <testcase name="addTemplateInBundle[3: com.dotcms.enterprise.publishing.remote.bundler.TemplateBundlerTest$TestCase@1e0a4fc]" classname="com.dotcms.enterprise.publishing.remote.bundler.TemplateBundlerTest" time="0.005"/>
  <system-out><![CDATA[]]></system-out>
  <system-err><![CDATA[]]></system-err>
</testsuite>
