<?xml version="1.0" encoding="UTF-8"?>
<testsuite name="com.dotcms.rest.api.v1.user.UserResourceIntegrationTest" tests="2" skipped="0" failures="0" errors="0" timestamp="2023-07-18T22:10:50" hostname="fv-az749-132" time="1.475">
  <properties/>
  <testcase name="test_logoutAs_success" classname="com.dotcms.rest.api.v1.user.UserResourceIntegrationTest" time="0.739"/>
  <testcase name="test_loginAs_success" classname="com.dotcms.rest.api.v1.user.UserResourceIntegrationTest" time="0.736"/>
  <system-out><![CDATA[]]></system-out>
  <system-err><![CDATA[]]></system-err>
</testsuite>
