<?xml version="1.0" encoding="UTF-8"?>
<testsuite name="com.dotcms.enterprise.publishing.remote.CategoryBundlerHandlerTest" tests="5" skipped="0" failures="0" errors="0" timestamp="2023-07-13T15:59:25" hostname="fv-az216-569" time="0.661">
  <properties/>
  <testcase name="testBundlerAndHandler_success_sameInodeBlankKey" classname="com.dotcms.enterprise.publishing.remote.CategoryBundlerHandlerTest" time="0.382"/>
  <testcase name="testBundlerAndHandler_success_sameInodeSameKey" classname="com.dotcms.enterprise.publishing.remote.CategoryBundlerHandlerTest" time="0.048"/>
  <testcase name="testBundlerAndHandler_success_sameInodeDifferentKey" classname="com.dotcms.enterprise.publishing.remote.CategoryBundlerHandlerTest" time="0.054"/>
  <testcase name="testBundlerAndHandler_success_SameKey_SameInodeOnReceiver" classname="com.dotcms.enterprise.publishing.remote.CategoryBundlerHandlerTest" time="0.067"/>
  <testcase name="testBundlerAndHandler_success_newCategories" classname="com.dotcms.enterprise.publishing.remote.CategoryBundlerHandlerTest" time="0.109"/>
  <system-out><![CDATA[]]></system-out>
  <system-err><![CDATA[]]></system-err>
</testsuite>
