<?xml version="1.0" encoding="UTF-8"?>
<testsuite name="com.dotmarketing.image.focalpoint.FocalPointAPITest" tests="5" skipped="0" failures="0" errors="0" timestamp="2023-07-10T23:41:45" hostname="fv-az621-762" time="1.863">
  <properties/>
  <testcase name="Test_Parsing_a_Focal_Point_From_String" classname="com.dotmarketing.image.focalpoint.FocalPointAPITest" time="0.001"/>
  <testcase name="Test_Write_Focal_Point_From_Temp_Asset_Id" classname="com.dotmarketing.image.focalpoint.FocalPointAPITest" time="0.803"/>
  <testcase name="Test_Reading_and_Writing_From_FocalPoint_For_Given_Conentlet" classname="com.dotmarketing.image.focalpoint.FocalPointAPITest" time="1.037"/>
  <testcase name="Test_Reading_a_Focal_Point_From_Params" classname="com.dotmarketing.image.focalpoint.FocalPointAPITest" time="0.001"/>
  <testcase name="Test_When_No_Focal_Point" classname="com.dotmarketing.image.focalpoint.FocalPointAPITest" time="0.019"/>
  <system-out><![CDATA[]]></system-out>
  <system-err><![CDATA[]]></system-err>
</testsuite>
