<?xml version="1.0" encoding="UTF-8"?>
<testsuite name="com.dotmarketing.servlets.ajax.AjaxDirectorServletIntegrationTest" tests="2" skipped="0" failures="0" errors="0" timestamp="2023-06-23T23:31:21" hostname="fv-az1259-189" time="2.291">
  <properties/>
  <testcase name="testService[0: com.dotmarketing.servlets.ajax.AjaxDirectorServletTestCase@7c51c9f6]" classname="com.dotmarketing.servlets.ajax.AjaxDirectorServletIntegrationTest" time="0.816"/>
  <testcase name="testService[1: com.dotmarketing.servlets.ajax.AjaxDirectorServletTestCase@2784661d]" classname="com.dotmarketing.servlets.ajax.AjaxDirectorServletIntegrationTest" time="1.475"/>
  <system-out><![CDATA[]]></system-out>
  <system-err><![CDATA[]]></system-err>
</testsuite>
