<?xml version="1.0" encoding="UTF-8"?>
<testsuite name="com.dotmarketing.filters.AutoLoginFilterTest" tests="1" skipped="0" failures="0" errors="0" timestamp="2023-06-23T19:40:50" hostname="fv-az507-453" time="0.072">
  <properties/>
  <testcase name="shouldReturnOkWithLogoutRequest" classname="com.dotmarketing.filters.AutoLoginFilterTest" time="0.072"/>
  <system-out><![CDATA[]]></system-out>
  <system-err><![CDATA[]]></system-err>
</testsuite>
