<?xml version="1.0" encoding="UTF-8"?>
<testsuite name="com.dotmarketing.util.MaintenanceUtilTest" tests="1" skipped="0" failures="0" errors="0" timestamp="2023-07-04T02:18:09" hostname="fv-az613-350" time="1.677">
  <properties/>
  <testcase name="test_nonLatinCharactersRemainAfter_DBSearchAndReplace" classname="com.dotmarketing.util.MaintenanceUtilTest" time="1.677"/>
  <system-out><![CDATA[]]></system-out>
  <system-err><![CDATA[]]></system-err>
</testsuite>
