<?xml version="1.0" encoding="UTF-8"?>
<testsuite name="com.dotmarketing.business.helper.PermissionHelperTest" tests="24" skipped="0" failures="0" errors="0" timestamp="2023-07-13T17:43:47" hostname="fv-az262-63" time="6.376">
  <properties/>
  <testcase name="test_getPermissionsByPermissionType_with_system_user_should_succeed[0: com.dotmarketing.business.helper.PermissionHelperTest$TestCase@4da69c64]" classname="com.dotmarketing.business.helper.PermissionHelperTest" time="0.019"/>
  <testcase name="test_getPermissionsByPermissionType_with_system_user_should_succeed[1: com.dotmarketing.business.helper.PermissionHelperTest$TestCase@2c8bdbc6]" classname="com.dotmarketing.business.helper.PermissionHelperTest" time="0.001"/>
  <testcase name="test_getPermissionsByPermissionType_with_system_user_should_succeed[2: com.dotmarketing.business.helper.PermissionHelperTest$TestCase@15870273]" classname="com.dotmarketing.business.helper.PermissionHelperTest" time="0.001"/>
  <testcase name="test_getPermissionsByPermissionType_with_system_user_should_succeed[3: com.dotmarketing.business.helper.PermissionHelperTest$TestCase@7cc8a959]" classname="com.dotmarketing.business.helper.PermissionHelperTest" time="0.001"/>
  <testcase name="test_getPermissionsByPermissionType_with_system_user_should_succeed[4: com.dotmarketing.business.helper.PermissionHelperTest$TestCase@5f45f18]" classname="com.dotmarketing.business.helper.PermissionHelperTest" time="0.001"/>
  <testcase name="test_getPermissionsByPermissionType_with_system_user_should_succeed[5: com.dotmarketing.business.helper.PermissionHelperTest$TestCase@77d3e18b]" classname="com.dotmarketing.business.helper.PermissionHelperTest" time="0.001"/>
  <testcase name="test_getPermissionsByPermissionType_with_system_user_should_succeed[6: com.dotmarketing.business.helper.PermissionHelperTest$TestCase@5aeae198]" classname="com.dotmarketing.business.helper.PermissionHelperTest" time="0.0"/>
  <testcase name="test_getPermissionsByPermissionType_with_system_user_should_succeed[7: com.dotmarketing.business.helper.PermissionHelperTest$TestCase@635119fd]" classname="com.dotmarketing.business.helper.PermissionHelperTest" time="0.0"/>
  <testcase name="test_getPermissionsByPermissionType_with_limited_user_should_succeed[0: com.dotmarketing.business.helper.PermissionHelperTest$TestCase@4da69c64]" classname="com.dotmarketing.business.helper.PermissionHelperTest" time="0.839"/>
  <testcase name="test_getPermissionsByPermissionType_with_limited_user_should_succeed[1: com.dotmarketing.business.helper.PermissionHelperTest$TestCase@2c8bdbc6]" classname="com.dotmarketing.business.helper.PermissionHelperTest" time="0.785"/>
  <testcase name="test_getPermissionsByPermissionType_with_limited_user_should_succeed[2: com.dotmarketing.business.helper.PermissionHelperTest$TestCase@15870273]" classname="com.dotmarketing.business.helper.PermissionHelperTest" time="0.736"/>
  <testcase name="test_getPermissionsByPermissionType_with_limited_user_should_succeed[3: com.dotmarketing.business.helper.PermissionHelperTest$TestCase@7cc8a959]" classname="com.dotmarketing.business.helper.PermissionHelperTest" time="0.776"/>
  <testcase name="test_getPermissionsByPermissionType_with_limited_user_should_succeed[4: com.dotmarketing.business.helper.PermissionHelperTest$TestCase@5f45f18]" classname="com.dotmarketing.business.helper.PermissionHelperTest" time="0.902"/>
  <testcase name="test_getPermissionsByPermissionType_with_limited_user_should_succeed[5: com.dotmarketing.business.helper.PermissionHelperTest$TestCase@77d3e18b]" classname="com.dotmarketing.business.helper.PermissionHelperTest" time="0.772"/>
  <testcase name="test_getPermissionsByPermissionType_with_limited_user_should_succeed[6: com.dotmarketing.business.helper.PermissionHelperTest$TestCase@5aeae198]" classname="com.dotmarketing.business.helper.PermissionHelperTest" time="0.752"/>
  <testcase name="test_getPermissionsByPermissionType_with_limited_user_should_succeed[7: com.dotmarketing.business.helper.PermissionHelperTest$TestCase@635119fd]" classname="com.dotmarketing.business.helper.PermissionHelperTest" time="0.779"/>
  <testcase name="test_getPermissionsByPermissionType_with_invalid_user_should_fail[0: com.dotmarketing.business.helper.PermissionHelperTest$TestCase@4da69c64]" classname="com.dotmarketing.business.helper.PermissionHelperTest" time="0.001"/>
  <testcase name="test_getPermissionsByPermissionType_with_invalid_user_should_fail[1: com.dotmarketing.business.helper.PermissionHelperTest$TestCase@2c8bdbc6]" classname="com.dotmarketing.business.helper.PermissionHelperTest" time="0.0"/>
  <testcase name="test_getPermissionsByPermissionType_with_invalid_user_should_fail[2: com.dotmarketing.business.helper.PermissionHelperTest$TestCase@15870273]" classname="com.dotmarketing.business.helper.PermissionHelperTest" time="0.001"/>
  <testcase name="test_getPermissionsByPermissionType_with_invalid_user_should_fail[3: com.dotmarketing.business.helper.PermissionHelperTest$TestCase@7cc8a959]" classname="com.dotmarketing.business.helper.PermissionHelperTest" time="0.001"/>
  <testcase name="test_getPermissionsByPermissionType_with_invalid_user_should_fail[4: com.dotmarketing.business.helper.PermissionHelperTest$TestCase@5f45f18]" classname="com.dotmarketing.business.helper.PermissionHelperTest" time="0.0"/>
  <testcase name="test_getPermissionsByPermissionType_with_invalid_user_should_fail[5: com.dotmarketing.business.helper.PermissionHelperTest$TestCase@77d3e18b]" classname="com.dotmarketing.business.helper.PermissionHelperTest" time="0.0"/>
  <testcase name="test_getPermissionsByPermissionType_with_invalid_user_should_fail[6: com.dotmarketing.business.helper.PermissionHelperTest$TestCase@5aeae198]" classname="com.dotmarketing.business.helper.PermissionHelperTest" time="0.001"/>
  <testcase name="test_getPermissionsByPermissionType_with_invalid_user_should_fail[7: com.dotmarketing.business.helper.PermissionHelperTest$TestCase@635119fd]" classname="com.dotmarketing.business.helper.PermissionHelperTest" time="0.0"/>
  <system-out><![CDATA[]]></system-out>
  <system-err><![CDATA[]]></system-err>
</testsuite>
