<?xml version="1.0" encoding="UTF-8"?>
<testsuite name="com.dotcms.rendering.velocity.viewtools.content.util.ContentUtilsTest" tests="89" skipped="0" failures="0" errors="0" timestamp="2023-07-04T16:35:15" hostname="fv-az162-235" time="406.469">
  <properties/>
  <testcase name="whenTheTimeMachineDateIsNullAndPublishDateInFutureShouldNotReturnAnything" classname="com.dotcms.rendering.velocity.viewtools.content.util.ContentUtilsTest" time="3.082"/>
  <testcase name="test_find_multilingual_contentlet_getContentletSuccessfully" classname="com.dotcms.rendering.velocity.viewtools.content.util.ContentUtilsTest" time="2.014"/>
  <testcase name="whenTheTimeMachineDateAndPublishDateAreTomorrowShouldReturnOneContent" classname="com.dotcms.rendering.velocity.viewtools.content.util.ContentUtilsTest" time="3.074"/>
  <testcase name="testPullRelated[0: com.dotcms.rendering.velocity.viewtools.content.util.ContentUtilsTest$TestCase@77678d16]" classname="com.dotcms.rendering.velocity.viewtools.content.util.ContentUtilsTest" time="3.815"/>
  <testcase name="testPullRelated[1: com.dotcms.rendering.velocity.viewtools.content.util.ContentUtilsTest$TestCase@579029b7]" classname="com.dotcms.rendering.velocity.viewtools.content.util.ContentUtilsTest" time="3.691"/>
  <testcase name="testPullRelated[2: com.dotcms.rendering.velocity.viewtools.content.util.ContentUtilsTest$TestCase@65485d36]" classname="com.dotcms.rendering.velocity.viewtools.content.util.ContentUtilsTest" time="3.277"/>
  <testcase name="testPullRelated[3: com.dotcms.rendering.velocity.viewtools.content.util.ContentUtilsTest$TestCase@96dae21]" classname="com.dotcms.rendering.velocity.viewtools.content.util.ContentUtilsTest" time="3.926"/>
  <testcase name="testPullRelated[4: com.dotcms.rendering.velocity.viewtools.content.util.ContentUtilsTest$TestCase@42a99d27]" classname="com.dotcms.rendering.velocity.viewtools.content.util.ContentUtilsTest" time="4.033"/>
  <testcase name="testPullRelated[5: com.dotcms.rendering.velocity.viewtools.content.util.ContentUtilsTest$TestCase@14a2c954]" classname="com.dotcms.rendering.velocity.viewtools.content.util.ContentUtilsTest" time="3.987"/>
  <testcase name="testPullRelated[6: com.dotcms.rendering.velocity.viewtools.content.util.ContentUtilsTest$TestCase@3324871b]" classname="com.dotcms.rendering.velocity.viewtools.content.util.ContentUtilsTest" time="4.253"/>
  <testcase name="testPullRelated[7: com.dotcms.rendering.velocity.viewtools.content.util.ContentUtilsTest$TestCase@575c3bf8]" classname="com.dotcms.rendering.velocity.viewtools.content.util.ContentUtilsTest" time="4.154"/>
  <testcase name="testPullRelated[8: com.dotcms.rendering.velocity.viewtools.content.util.ContentUtilsTest$TestCase@5992d491]" classname="com.dotcms.rendering.velocity.viewtools.content.util.ContentUtilsTest" time="3.913"/>
  <testcase name="testPullRelated[9: com.dotcms.rendering.velocity.viewtools.content.util.ContentUtilsTest$TestCase@5b784e9e]" classname="com.dotcms.rendering.velocity.viewtools.content.util.ContentUtilsTest" time="3.991"/>
  <testcase name="testPullRelated[10: com.dotcms.rendering.velocity.viewtools.content.util.ContentUtilsTest$TestCase@4c7316b5]" classname="com.dotcms.rendering.velocity.viewtools.content.util.ContentUtilsTest" time="4.074"/>
  <testcase name="testPullRelated[11: com.dotcms.rendering.velocity.viewtools.content.util.ContentUtilsTest$TestCase@7a467738]" classname="com.dotcms.rendering.velocity.viewtools.content.util.ContentUtilsTest" time="4.087"/>
  <testcase name="testPullRelated[12: com.dotcms.rendering.velocity.viewtools.content.util.ContentUtilsTest$TestCase@353f12bd]" classname="com.dotcms.rendering.velocity.viewtools.content.util.ContentUtilsTest" time="3.934"/>
  <testcase name="testPullRelated[13: com.dotcms.rendering.velocity.viewtools.content.util.ContentUtilsTest$TestCase@2c2aa63a]" classname="com.dotcms.rendering.velocity.viewtools.content.util.ContentUtilsTest" time="4.049"/>
  <testcase name="testPullRelated[14: com.dotcms.rendering.velocity.viewtools.content.util.ContentUtilsTest$TestCase@78b8dbb4]" classname="com.dotcms.rendering.velocity.viewtools.content.util.ContentUtilsTest" time="4.073"/>
  <testcase name="testPullRelated[15: com.dotcms.rendering.velocity.viewtools.content.util.ContentUtilsTest$TestCase@310e9c2c]" classname="com.dotcms.rendering.velocity.viewtools.content.util.ContentUtilsTest" time="3.267"/>
  <testcase name="testPullRelated[16: com.dotcms.rendering.velocity.viewtools.content.util.ContentUtilsTest$TestCase@7c69ca4a]" classname="com.dotcms.rendering.velocity.viewtools.content.util.ContentUtilsTest" time="3.976"/>
  <testcase name="testPullRelated[17: com.dotcms.rendering.velocity.viewtools.content.util.ContentUtilsTest$TestCase@50bb88b]" classname="com.dotcms.rendering.velocity.viewtools.content.util.ContentUtilsTest" time="3.956"/>
  <testcase name="testPullRelated[18: com.dotcms.rendering.velocity.viewtools.content.util.ContentUtilsTest$TestCase@3bd0b6e5]" classname="com.dotcms.rendering.velocity.viewtools.content.util.ContentUtilsTest" time="4.294"/>
  <testcase name="testPullRelated[19: com.dotcms.rendering.velocity.viewtools.content.util.ContentUtilsTest$TestCase@7e7aa24f]" classname="com.dotcms.rendering.velocity.viewtools.content.util.ContentUtilsTest" time="3.726"/>
  <testcase name="testPullRelated[20: com.dotcms.rendering.velocity.viewtools.content.util.ContentUtilsTest$TestCase@4cf30c50]" classname="com.dotcms.rendering.velocity.viewtools.content.util.ContentUtilsTest" time="4.262"/>
  <testcase name="testPullRelated[21: com.dotcms.rendering.velocity.viewtools.content.util.ContentUtilsTest$TestCase@14e43aa5]" classname="com.dotcms.rendering.velocity.viewtools.content.util.ContentUtilsTest" time="3.729"/>
  <testcase name="testPullRelated[22: com.dotcms.rendering.velocity.viewtools.content.util.ContentUtilsTest$TestCase@2a3dc142]" classname="com.dotcms.rendering.velocity.viewtools.content.util.ContentUtilsTest" time="4.35"/>
  <testcase name="testPullRelated[23: com.dotcms.rendering.velocity.viewtools.content.util.ContentUtilsTest$TestCase@1fe6690]" classname="com.dotcms.rendering.velocity.viewtools.content.util.ContentUtilsTest" time="3.858"/>
  <testcase name="testPullRelated[24: com.dotcms.rendering.velocity.viewtools.content.util.ContentUtilsTest$TestCase@553b7b73]" classname="com.dotcms.rendering.velocity.viewtools.content.util.ContentUtilsTest" time="4.18"/>
  <testcase name="testPullRelated[25: com.dotcms.rendering.velocity.viewtools.content.util.ContentUtilsTest$TestCase@603f5263]" classname="com.dotcms.rendering.velocity.viewtools.content.util.ContentUtilsTest" time="3.948"/>
  <testcase name="testPullRelated[26: com.dotcms.rendering.velocity.viewtools.content.util.ContentUtilsTest$TestCase@244cb8f7]" classname="com.dotcms.rendering.velocity.viewtools.content.util.ContentUtilsTest" time="4.144"/>
  <testcase name="testPullRelated[27: com.dotcms.rendering.velocity.viewtools.content.util.ContentUtilsTest$TestCase@56749008]" classname="com.dotcms.rendering.velocity.viewtools.content.util.ContentUtilsTest" time="4.139"/>
  <testcase name="testPullRelated[28: com.dotcms.rendering.velocity.viewtools.content.util.ContentUtilsTest$TestCase@581a8956]" classname="com.dotcms.rendering.velocity.viewtools.content.util.ContentUtilsTest" time="3.916"/>
  <testcase name="testPullRelated[29: com.dotcms.rendering.velocity.viewtools.content.util.ContentUtilsTest$TestCase@422c647c]" classname="com.dotcms.rendering.velocity.viewtools.content.util.ContentUtilsTest" time="4.09"/>
  <testcase name="testPullRelated[30: com.dotcms.rendering.velocity.viewtools.content.util.ContentUtilsTest$TestCase@3e6f7ce]" classname="com.dotcms.rendering.velocity.viewtools.content.util.ContentUtilsTest" time="4.172"/>
  <testcase name="testPullRelated[31: com.dotcms.rendering.velocity.viewtools.content.util.ContentUtilsTest$TestCase@7160c36a]" classname="com.dotcms.rendering.velocity.viewtools.content.util.ContentUtilsTest" time="3.899"/>
  <testcase name="testPullRelated[32: com.dotcms.rendering.velocity.viewtools.content.util.ContentUtilsTest$TestCase@7dbcb429]" classname="com.dotcms.rendering.velocity.viewtools.content.util.ContentUtilsTest" time="4.062"/>
  <testcase name="testPullRelated[33: com.dotcms.rendering.velocity.viewtools.content.util.ContentUtilsTest$TestCase@5c123066]" classname="com.dotcms.rendering.velocity.viewtools.content.util.ContentUtilsTest" time="4.045"/>
  <testcase name="testPullRelated[34: com.dotcms.rendering.velocity.viewtools.content.util.ContentUtilsTest$TestCase@68fef4ad]" classname="com.dotcms.rendering.velocity.viewtools.content.util.ContentUtilsTest" time="4.008"/>
  <testcase name="testPullRelated[35: com.dotcms.rendering.velocity.viewtools.content.util.ContentUtilsTest$TestCase@1f72114b]" classname="com.dotcms.rendering.velocity.viewtools.content.util.ContentUtilsTest" time="4.166"/>
  <testcase name="testPullRelated[36: com.dotcms.rendering.velocity.viewtools.content.util.ContentUtilsTest$TestCase@7f7e370]" classname="com.dotcms.rendering.velocity.viewtools.content.util.ContentUtilsTest" time="6.017"/>
  <testcase name="testPullRelated[37: com.dotcms.rendering.velocity.viewtools.content.util.ContentUtilsTest$TestCase@4a2b72e8]" classname="com.dotcms.rendering.velocity.viewtools.content.util.ContentUtilsTest" time="5.255"/>
  <testcase name="testPullRelated[38: com.dotcms.rendering.velocity.viewtools.content.util.ContentUtilsTest$TestCase@55efbc9c]" classname="com.dotcms.rendering.velocity.viewtools.content.util.ContentUtilsTest" time="6.255"/>
  <testcase name="testPullRelated[39: com.dotcms.rendering.velocity.viewtools.content.util.ContentUtilsTest$TestCase@5a181723]" classname="com.dotcms.rendering.velocity.viewtools.content.util.ContentUtilsTest" time="5.817"/>
  <testcase name="testPullRelated[40: com.dotcms.rendering.velocity.viewtools.content.util.ContentUtilsTest$TestCase@624c8373]" classname="com.dotcms.rendering.velocity.viewtools.content.util.ContentUtilsTest" time="6.317"/>
  <testcase name="testPullRelated[41: com.dotcms.rendering.velocity.viewtools.content.util.ContentUtilsTest$TestCase@73e101e0]" classname="com.dotcms.rendering.velocity.viewtools.content.util.ContentUtilsTest" time="4.877"/>
  <testcase name="testPullRelated[42: com.dotcms.rendering.velocity.viewtools.content.util.ContentUtilsTest$TestCase@5b42585c]" classname="com.dotcms.rendering.velocity.viewtools.content.util.ContentUtilsTest" time="6.388"/>
  <testcase name="testPullRelated[43: com.dotcms.rendering.velocity.viewtools.content.util.ContentUtilsTest$TestCase@41f9ed18]" classname="com.dotcms.rendering.velocity.viewtools.content.util.ContentUtilsTest" time="6.031"/>
  <testcase name="testPullRelated[44: com.dotcms.rendering.velocity.viewtools.content.util.ContentUtilsTest$TestCase@47a8b94f]" classname="com.dotcms.rendering.velocity.viewtools.content.util.ContentUtilsTest" time="6.121"/>
  <testcase name="testPullRelated[45: com.dotcms.rendering.velocity.viewtools.content.util.ContentUtilsTest$TestCase@3c3d4e5b]" classname="com.dotcms.rendering.velocity.viewtools.content.util.ContentUtilsTest" time="5.698"/>
  <testcase name="testPullRelated[46: com.dotcms.rendering.velocity.viewtools.content.util.ContentUtilsTest$TestCase@75746138]" classname="com.dotcms.rendering.velocity.viewtools.content.util.ContentUtilsTest" time="6.378"/>
  <testcase name="testPullRelated[47: com.dotcms.rendering.velocity.viewtools.content.util.ContentUtilsTest$TestCase@7bebd3a3]" classname="com.dotcms.rendering.velocity.viewtools.content.util.ContentUtilsTest" time="6.393"/>
  <testcase name="testPullRelated[48: com.dotcms.rendering.velocity.viewtools.content.util.ContentUtilsTest$TestCase@790b7f50]" classname="com.dotcms.rendering.velocity.viewtools.content.util.ContentUtilsTest" time="5.712"/>
  <testcase name="testPullRelated[49: com.dotcms.rendering.velocity.viewtools.content.util.ContentUtilsTest$TestCase@2f12b9bc]" classname="com.dotcms.rendering.velocity.viewtools.content.util.ContentUtilsTest" time="6.036"/>
  <testcase name="testPullRelated[50: com.dotcms.rendering.velocity.viewtools.content.util.ContentUtilsTest$TestCase@79b970c7]" classname="com.dotcms.rendering.velocity.viewtools.content.util.ContentUtilsTest" time="6.366"/>
  <testcase name="testPullRelated[51: com.dotcms.rendering.velocity.viewtools.content.util.ContentUtilsTest$TestCase@5ceac298]" classname="com.dotcms.rendering.velocity.viewtools.content.util.ContentUtilsTest" time="5.009"/>
  <testcase name="testPullRelated[52: com.dotcms.rendering.velocity.viewtools.content.util.ContentUtilsTest$TestCase@7eb9c7aa]" classname="com.dotcms.rendering.velocity.viewtools.content.util.ContentUtilsTest" time="5.923"/>
  <testcase name="testPullRelated[53: com.dotcms.rendering.velocity.viewtools.content.util.ContentUtilsTest$TestCase@445c5e98]" classname="com.dotcms.rendering.velocity.viewtools.content.util.ContentUtilsTest" time="6.083"/>
  <testcase name="testPullRelated[54: com.dotcms.rendering.velocity.viewtools.content.util.ContentUtilsTest$TestCase@76d1319c]" classname="com.dotcms.rendering.velocity.viewtools.content.util.ContentUtilsTest" time="5.247"/>
  <testcase name="testPullRelated[55: com.dotcms.rendering.velocity.viewtools.content.util.ContentUtilsTest$TestCase@7c25c3dc]" classname="com.dotcms.rendering.velocity.viewtools.content.util.ContentUtilsTest" time="6.046"/>
  <testcase name="testPullRelated[56: com.dotcms.rendering.velocity.viewtools.content.util.ContentUtilsTest$TestCase@4c91df65]" classname="com.dotcms.rendering.velocity.viewtools.content.util.ContentUtilsTest" time="4.909"/>
  <testcase name="testPullRelated[57: com.dotcms.rendering.velocity.viewtools.content.util.ContentUtilsTest$TestCase@6a1fe0f1]" classname="com.dotcms.rendering.velocity.viewtools.content.util.ContentUtilsTest" time="5.132"/>
  <testcase name="testPullRelated[58: com.dotcms.rendering.velocity.viewtools.content.util.ContentUtilsTest$TestCase@15bd61ff]" classname="com.dotcms.rendering.velocity.viewtools.content.util.ContentUtilsTest" time="6.296"/>
  <testcase name="testPullRelated[59: com.dotcms.rendering.velocity.viewtools.content.util.ContentUtilsTest$TestCase@47d46bb7]" classname="com.dotcms.rendering.velocity.viewtools.content.util.ContentUtilsTest" time="6.163"/>
  <testcase name="testPullRelated[60: com.dotcms.rendering.velocity.viewtools.content.util.ContentUtilsTest$TestCase@57ceedf]" classname="com.dotcms.rendering.velocity.viewtools.content.util.ContentUtilsTest" time="5.729"/>
  <testcase name="testPullRelated[61: com.dotcms.rendering.velocity.viewtools.content.util.ContentUtilsTest$TestCase@10f19ee9]" classname="com.dotcms.rendering.velocity.viewtools.content.util.ContentUtilsTest" time="6.036"/>
  <testcase name="testPullRelated[62: com.dotcms.rendering.velocity.viewtools.content.util.ContentUtilsTest$TestCase@6e3da791]" classname="com.dotcms.rendering.velocity.viewtools.content.util.ContentUtilsTest" time="6.266"/>
  <testcase name="testPullRelated[63: com.dotcms.rendering.velocity.viewtools.content.util.ContentUtilsTest$TestCase@ad0e032]" classname="com.dotcms.rendering.velocity.viewtools.content.util.ContentUtilsTest" time="6.248"/>
  <testcase name="testPullRelated[64: com.dotcms.rendering.velocity.viewtools.content.util.ContentUtilsTest$TestCase@6838eda1]" classname="com.dotcms.rendering.velocity.viewtools.content.util.ContentUtilsTest" time="5.831"/>
  <testcase name="testPullRelated[65: com.dotcms.rendering.velocity.viewtools.content.util.ContentUtilsTest$TestCase@74223099]" classname="com.dotcms.rendering.velocity.viewtools.content.util.ContentUtilsTest" time="6.272"/>
  <testcase name="testPullRelated[66: com.dotcms.rendering.velocity.viewtools.content.util.ContentUtilsTest$TestCase@772010a3]" classname="com.dotcms.rendering.velocity.viewtools.content.util.ContentUtilsTest" time="6.062"/>
  <testcase name="testPullRelated[67: com.dotcms.rendering.velocity.viewtools.content.util.ContentUtilsTest$TestCase@7afcbf05]" classname="com.dotcms.rendering.velocity.viewtools.content.util.ContentUtilsTest" time="6.242"/>
  <testcase name="testPullRelated[68: com.dotcms.rendering.velocity.viewtools.content.util.ContentUtilsTest$TestCase@5506001e]" classname="com.dotcms.rendering.velocity.viewtools.content.util.ContentUtilsTest" time="6.053"/>
  <testcase name="testPullRelated[69: com.dotcms.rendering.velocity.viewtools.content.util.ContentUtilsTest$TestCase@30c544df]" classname="com.dotcms.rendering.velocity.viewtools.content.util.ContentUtilsTest" time="5.988"/>
  <testcase name="testPullRelated[70: com.dotcms.rendering.velocity.viewtools.content.util.ContentUtilsTest$TestCase@4717ff6c]" classname="com.dotcms.rendering.velocity.viewtools.content.util.ContentUtilsTest" time="5.131"/>
  <testcase name="testPullRelated[71: com.dotcms.rendering.velocity.viewtools.content.util.ContentUtilsTest$TestCase@588c741c]" classname="com.dotcms.rendering.velocity.viewtools.content.util.ContentUtilsTest" time="6.203"/>
  <testcase name="whenPublishAndExpireDatesAreInTheFutureAndTimeMachineIsAfterBoth" classname="com.dotcms.rendering.velocity.viewtools.content.util.ContentUtilsTest" time="3.111"/>
  <testcase name="testPullRelatedForLegacyRelationship[0: com.dotcms.rendering.velocity.viewtools.content.util.ContentUtilsTest$LegacyTestCase@3d6f89e3]" classname="com.dotcms.rendering.velocity.viewtools.content.util.ContentUtilsTest" time="4.672"/>
  <testcase name="testPullRelatedForLegacyRelationship[1: com.dotcms.rendering.velocity.viewtools.content.util.ContentUtilsTest$LegacyTestCase@2716c12d]" classname="com.dotcms.rendering.velocity.viewtools.content.util.ContentUtilsTest" time="3.831"/>
  <testcase name="whenTheTimeMachineDateIsAfterTomorrowAndExpireDateIsTomorrowShouldNotReturnContent" classname="com.dotcms.rendering.velocity.viewtools.content.util.ContentUtilsTest" time="3.109"/>
  <testcase name="testPullLiveRelatedWhenLatestVersionIsWorking" classname="com.dotcms.rendering.velocity.viewtools.content.util.ContentUtilsTest" time="3.618"/>
  <testcase name="test_add_relationships_on_parent_children_related_contents" classname="com.dotcms.rendering.velocity.viewtools.content.util.ContentUtilsTest" time="1.538"/>
  <testcase name="testSortPullRelated[0: com.dotcms.rendering.velocity.viewtools.content.util.ContentUtilsTest$SortTestCase@5f82b63c]" classname="com.dotcms.rendering.velocity.viewtools.content.util.ContentUtilsTest" time="2.696"/>
  <testcase name="testSortPullRelated[1: com.dotcms.rendering.velocity.viewtools.content.util.ContentUtilsTest$SortTestCase@64950544]" classname="com.dotcms.rendering.velocity.viewtools.content.util.ContentUtilsTest" time="2.726"/>
  <testcase name="testSortPullRelated[2: com.dotcms.rendering.velocity.viewtools.content.util.ContentUtilsTest$SortTestCase@2574b8a4]" classname="com.dotcms.rendering.velocity.viewtools.content.util.ContentUtilsTest" time="2.868"/>
  <testcase name="testSortPullRelated[3: com.dotcms.rendering.velocity.viewtools.content.util.ContentUtilsTest$SortTestCase@34fa1a8e]" classname="com.dotcms.rendering.velocity.viewtools.content.util.ContentUtilsTest" time="2.873"/>
  <testcase name="testSortPullRelated[4: com.dotcms.rendering.velocity.viewtools.content.util.ContentUtilsTest$SortTestCase@7e83797b]" classname="com.dotcms.rendering.velocity.viewtools.content.util.ContentUtilsTest" time="2.835"/>
  <testcase name="testSortPullRelated[5: com.dotcms.rendering.velocity.viewtools.content.util.ContentUtilsTest$SortTestCase@32f0ecca]" classname="com.dotcms.rendering.velocity.viewtools.content.util.ContentUtilsTest" time="3.02"/>
  <testcase name="whenTheTimeMachineDateIsAfterTomorrowAndExpireDateIsInFutureShouldReturnContent" classname="com.dotcms.rendering.velocity.viewtools.content.util.ContentUtilsTest" time="3.143"/>
  <testcase name="testPullRelatedFieldShouldRespectDefaultOrder" classname="com.dotcms.rendering.velocity.viewtools.content.util.ContentUtilsTest" time="2.282"/>
  <system-out><![CDATA[]]></system-out>
  <system-err><![CDATA[]]></system-err>
</testsuite>
