<?xml version="1.0" encoding="UTF-8"?>
<testsuite name="com.dotmarketing.common.db.DBTimeZoneCheckTest" tests="1" skipped="0" failures="0" errors="0" timestamp="2023-07-07T20:17:10" hostname="fv-az622-57" time="0.046">
  <properties/>
  <testcase name="test_timezones_work" classname="com.dotmarketing.common.db.DBTimeZoneCheckTest" time="0.046"/>
  <system-out><![CDATA[]]></system-out>
  <system-err><![CDATA[]]></system-err>
</testsuite>
