<?xml version="1.0" encoding="UTF-8"?>
<testsuite name="com.dotcms.cluster.business.ServerAPIImplTest" tests="2" skipped="0" failures="0" errors="0" timestamp="2023-07-14T22:51:27" hostname="fv-az809-141" time="0.005">
  <properties/>
  <testcase name="testGetOldestServerReturnsProperServer" classname="com.dotcms.cluster.business.ServerAPIImplTest" time="0.004"/>
  <testcase name="testGetServerStartTime" classname="com.dotcms.cluster.business.ServerAPIImplTest" time="0.0"/>
  <system-out><![CDATA[]]></system-out>
  <system-err><![CDATA[]]></system-err>
</testsuite>
