<?xml version="1.0" encoding="UTF-8"?>
<testsuite name="com.dotcms.rendering.velocity.viewtools.WorkflowToolTest" tests="2" skipped="0" failures="0" errors="0" timestamp="2023-06-30T15:09:14" hostname="fv-az178-462" time="2.665">
  <properties/>
  <testcase name="testFire[0: com.dotcms.rendering.velocity.viewtools.WorkflowToolFireTestCase@5c275cb2]" classname="com.dotcms.rendering.velocity.viewtools.WorkflowToolTest" time="1.388"/>
  <testcase name="testFire[1: com.dotcms.rendering.velocity.viewtools.WorkflowToolFireTestCase@36f24d52]" classname="com.dotcms.rendering.velocity.viewtools.WorkflowToolTest" time="1.277"/>
  <system-out><![CDATA[]]></system-out>
  <system-err><![CDATA[]]></system-err>
</testsuite>
