<?xml version="1.0" encoding="UTF-8"?>
<testsuite name="com.dotcms.enterprise.publishing.remote.bundler.FolderBundlerTest" tests="3" skipped="0" failures="0" errors="0" timestamp="2023-06-27T19:29:43" hostname="fv-az359-674" time="0.013">
  <properties/>
  <testcase name="addFolderInBundle[0: com.dotcms.enterprise.publishing.remote.bundler.FolderBundlerTest$TestCase@24d8e58f]" classname="com.dotcms.enterprise.publishing.remote.bundler.FolderBundlerTest" time="0.005"/>
  <testcase name="addFolderInBundle[1: com.dotcms.enterprise.publishing.remote.bundler.FolderBundlerTest$TestCase@3c3da355]" classname="com.dotcms.enterprise.publishing.remote.bundler.FolderBundlerTest" time="0.004"/>
  <testcase name="addFolderInBundle[2: com.dotcms.enterprise.publishing.remote.bundler.FolderBundlerTest$TestCase@54b0fc38]" classname="com.dotcms.enterprise.publishing.remote.bundler.FolderBundlerTest" time="0.004"/>
  <system-out><![CDATA[]]></system-out>
  <system-err><![CDATA[]]></system-err>
</testsuite>
