<?xml version="1.0" encoding="UTF-8"?>
<testsuite name="com.dotmarketing.startup.runonce.Task201102UpdateColumnSitelicTableTest" tests="1" skipped="0" failures="0" errors="0" timestamp="2023-06-28T15:53:31" hostname="fv-az417-729" time="0.016">
  <properties/>
  <testcase name="Test_Upgrade_Task" classname="com.dotmarketing.startup.runonce.Task201102UpdateColumnSitelicTableTest" time="0.016"/>
  <system-out><![CDATA[]]></system-out>
  <system-err><![CDATA[]]></system-err>
</testsuite>
