<?xml version="1.0" encoding="UTF-8"?>
<testsuite name="com.dotcms.rest.api.v1.vtl.VTLResourceIntegrationTest" tests="6" skipped="0" failures="0" errors="0" timestamp="2023-06-27T19:42:21" hostname="fv-az412-684" time="11.373">
  <properties/>
  <testcase name="testGet[0: com.dotcms.rest.api.v1.vtl.VTLResourceTestCase@7388db65]" classname="com.dotcms.rest.api.v1.vtl.VTLResourceIntegrationTest" time="1.214"/>
  <testcase name="testGet[1: com.dotcms.rest.api.v1.vtl.VTLResourceTestCase@67c2d032]" classname="com.dotcms.rest.api.v1.vtl.VTLResourceIntegrationTest" time="1.892"/>
  <testcase name="testGet[2: com.dotcms.rest.api.v1.vtl.VTLResourceTestCase@11eddb9a]" classname="com.dotcms.rest.api.v1.vtl.VTLResourceIntegrationTest" time="2.22"/>
  <testcase name="testGet[3: com.dotcms.rest.api.v1.vtl.VTLResourceTestCase@3e510eb0]" classname="com.dotcms.rest.api.v1.vtl.VTLResourceIntegrationTest" time="1.897"/>
  <testcase name="testGet[4: com.dotcms.rest.api.v1.vtl.VTLResourceTestCase@bb7a9ec]" classname="com.dotcms.rest.api.v1.vtl.VTLResourceIntegrationTest" time="1.919"/>
  <testcase name="testGet[5: com.dotcms.rest.api.v1.vtl.VTLResourceTestCase@7a85bbe8]" classname="com.dotcms.rest.api.v1.vtl.VTLResourceIntegrationTest" time="2.229"/>
  <system-out><![CDATA[]]></system-out>
  <system-err><![CDATA[]]></system-err>
</testsuite>
