<?xml version="1.0" encoding="UTF-8"?>
<testsuite name="com.dotmarketing.business.DeterministicIdentifierAPITest" tests="16" skipped="0" failures="0" errors="0" timestamp="2023-06-28T23:50:23" hostname="fv-az642-275" time="0.742">
  <properties/>
  <testcase name="Test_Category_Path_Seed_And_Id" classname="com.dotmarketing.business.DeterministicIdentifierAPITest" time="0.019"/>
  <testcase name="Test_Language_Deterministic_Id[0: LanguageTestCase{expectedSeed='Language:es:US', expectedHash=4913155, langCode='es', countryCode='US', country='United States'}]" classname="com.dotmarketing.business.DeterministicIdentifierAPITest" time="0.001"/>
  <testcase name="Test_Language_Deterministic_Id[1: LanguageTestCase{expectedSeed='Language:ep:', expectedHash=5292269, langCode='ep', countryCode='', country=''}]" classname="com.dotmarketing.business.DeterministicIdentifierAPITest" time="0.001"/>
  <testcase name="Test_Language_Deterministic_Id[2: LanguageTestCase{expectedSeed='Language:sg:SAG', expectedHash=4713118, langCode='sg', countryCode='SAG', country=''}]" classname="com.dotmarketing.business.DeterministicIdentifierAPITest" time="0.001"/>
  <testcase name="Test_Language_Deterministic_Id[3: LanguageTestCase{expectedSeed='Language:en:NZ', expectedHash=5382528, langCode='en', countryCode='NZ', country='New Zealand'}]" classname="com.dotmarketing.business.DeterministicIdentifierAPITest" time="0.001"/>
  <testcase name="Test_Category_None_Persisted_Category_Should_Return_Deterministic_Id" classname="com.dotmarketing.business.DeterministicIdentifierAPITest" time="0.001"/>
  <testcase name="Test_Asset_Generate_Deterministic_Id_Best_Effort[0: TestCase{versionable=my.host1687995835218.com, parent=System Host, expectedName='my.host1687995835218.com', expectedType='Host'}]" classname="com.dotmarketing.business.DeterministicIdentifierAPITest" time="0.003"/>
  <testcase name="Test_Asset_Generate_Deterministic_Id_Best_Effort[1: TestCase{versionable=com.dotmarketing.portlets.contentlet.model.Contentlet@14c55e11[map={modDate=2023-06-28 23:43:55.989, fileName=file311333077570802464.txt, title=file311333077570802464.txt, inode=11764f02-9dcd-493b-928e-7f41863048a4, __IS_NEW_CONTENT__=true, disabledWYSIWYG=[], host=f4af8f31-963e-474a-9c5b-391d08111abe, stInode=33888b6f-7a8e-4069-b1b6-5c1aa9d0a48d, owner=system, identifier=4e40c5d9-a77e-4fd3-a63c-9333e54606bc, nullProperties=[wfExpireDate, wfPublishDate, wfActionAssign, wfActionId, wfActionComments, filterKey, whereToSend, wfNeverExpire, _path_to_move, timezoneId, iWantTo, wfPublishTime, wfExpireTime], languageId=1, fileAsset=/home/runner/work/core/custom/assets/1/1/11764f02-9dcd-493b-928e-7f41863048a4/fileAsset/file311333077570802464.txt, folder=f2a3857c-2e53-463b-86f6-e7e30ab01459, __disable_workflow__=true, sortOrder=0, modUser=system},lowIndexPriority=false,variantId=DEFAULT], parent=com.dotmarketing.portlets.folders.model.Folder@f82736a[identifier=f2a3857c-2e53-463b-86f6-e7e30ab01459,name=testName1687995835983,sortOrder=0,showOnMenu=false,hostId=f4af8f31-963e-474a-9c5b-391d08111abe,type=folder,title=testTitle1687995835983,filesMasks=,defaultFileType=33888b6f-7a8e-4069-b1b6-5c1aa9d0a48d,modDate=2023-06-28 23:43:55.985,owner=&lt;null&gt;,iDate=2023-06-28 23:43:55.985,inode=f2a3857c-2e53-463b-86f6-e7e30ab01459,path=/testName1687995835983/], expectedName='file311333077570802464.txt', expectedType='FileAsset'}]" classname="com.dotmarketing.business.DeterministicIdentifierAPITest" time="0.002"/>
  <testcase name="Test_Asset_Generate_Deterministic_Id_Best_Effort[2: TestCase{versionable=com.dotmarketing.portlets.templates.model.Template@2ab2f1d8, parent=my.host1687995835218.com, expectedName='testTitle1687995836073', expectedType='Template'}]" classname="com.dotmarketing.business.DeterministicIdentifierAPITest" time="0.002"/>
  <testcase name="Test_Asset_Generate_Deterministic_Id_Best_Effort[3: TestCase{versionable=com.dotmarketing.portlets.htmlpageasset.model.HTMLPageAsset@362d65d1[map={template=66e37859-5f73-4744-a1e1-1f25a465773f, owner=system, identifier=16d186ec-24e9-46bd-bb9e-68f32cf96cd3, nullProperties=[wfExpireDate, wfPublishDate, wfActionAssign, wfActionId, wfActionComments, filterKey, whereToSend, wfNeverExpire, _path_to_move, timezoneId, iWantTo, wfPublishTime, wfExpireTime], modDate=2023-06-28 23:43:56.096, cachettl=0, _is_test_mode=true, languageId=1, title=test-page-title-1687995836093, httpsreq=, url=test-page-url-1687995836093, showOnMenu=, inode=c5b39ac7-09b1-4206-b0f3-eb19ac00b861, folder=f2a3857c-2e53-463b-86f6-e7e30ab01459, disabledWYSIWYG=[], sortOrder=1, modUser=system, host=f4af8f31-963e-474a-9c5b-391d08111abe, stInode=c541abb1-69b3-4bc5-8430-5e09e5239cc8, friendlyName=test-page-friendly-name-1687995836093},lowIndexPriority=false,variantId=DEFAULT], parent=com.dotmarketing.portlets.folders.model.Folder@f82736a[identifier=f2a3857c-2e53-463b-86f6-e7e30ab01459,name=testName1687995835983,sortOrder=0,showOnMenu=false,hostId=f4af8f31-963e-474a-9c5b-391d08111abe,type=folder,title=testTitle1687995835983,filesMasks=,defaultFileType=33888b6f-7a8e-4069-b1b6-5c1aa9d0a48d,modDate=2023-06-28 23:43:55.985,owner=&lt;null&gt;,iDate=2023-06-28 23:43:55.985,inode=f2a3857c-2e53-463b-86f6-e7e30ab01459,path=/testName1687995835983/], expectedName='test-page-url-1687995836093', expectedType='htmlpageasset'}]" classname="com.dotmarketing.business.DeterministicIdentifierAPITest" time="0.002"/>
  <testcase name="Test_Asset_Generate_Deterministic_Id_Best_Effort[4: TestCase{versionable=com.dotmarketing.portlets.contentlet.model.Contentlet@56fbe78b[map={fileAsset2=/home/runner/work/core/custom/assets/f/a/fa61cbb1-19a2-420a-b99c-afce1354e8f2/fileAsset2/test_binary1687995836965.png, modDate=2023-06-28 23:43:56.969, fileAsset1=/home/runner/work/core/custom/assets/f/a/fa61cbb1-19a2-420a-b99c-afce1354e8f2/fileAsset1/test_binary1687995836965.jpg, title=blah, inode=fa61cbb1-19a2-420a-b99c-afce1354e8f2, __IS_NEW_CONTENT__=true, disabledWYSIWYG=[], host=48190c8c-42c4-46af-8d1a-0cd5db894797, stInode=c52d6a30-56ff-496d-888c-b4b4505c6bbc, owner=system, identifier=5722898b-e00d-41b3-abc5-e53964a8b46d, nullProperties=[], languageId=1, image1=cf7d2db3-d17f-4e51-906c-f8a2ed020fd9, folder=SYSTEM_FOLDER, __disable_workflow__=true, sortOrder=0, modUser=system},lowIndexPriority=false,variantId=DEFAULT], parent=demo.dotcms.com, expectedName='test_binary1687995836965.jpg:test_binary1687995836965.png', expectedType='MultipleBinaries1687995836225'}]" classname="com.dotmarketing.business.DeterministicIdentifierAPITest" time="0.002"/>
  <testcase name="Test_Asset_Generate_Deterministic_Id_Best_Effort[5: TestCase{versionable=nameccb1275fef : keyTagccb1275fef, parent=my.host1687995835218.com, expectedName='keyTagccb1275fef', expectedType='persona'}]" classname="com.dotmarketing.business.DeterministicIdentifierAPITest" time="0.001"/>
  <testcase name="Test_Similar_Content_Type_Wont_Clash" classname="com.dotmarketing.business.DeterministicIdentifierAPITest" time="0.407"/>
  <testcase name="Test_Generate_Folder_Identifier" classname="com.dotmarketing.business.DeterministicIdentifierAPITest" time="0.289"/>
  <testcase name="Test_Generate_Content_Type_Identifier[0: ContentTypeTestCase{contentType=KeyValueContentType{name=Language Variable, id=f4d7c1b8-2c88-4071-abf1-a5328977b07d, description=Default Content Type for Language Variables, defaultType=false, fixed=true, iDate=Thu Aug 31 16:38:49 UTC 2017, system=true, versionable=true, variable=Languagevariable, modDate=Wed Jun 28 22:40:35 UTC 2023, host=SYSTEM_HOST, siteName=systemHost, icon=language, sortOrder=0, folder=SYSTEM_FOLDER, folderPath=/, markedForDeletion=true, multilingualable=false}, expectedName='Languagevariable', expectedType='KeyValue'}]" classname="com.dotmarketing.business.DeterministicIdentifierAPITest" time="0.004"/>
  <testcase name="Test_Generate_Content_Type_Identifier[1: ContentTypeTestCase{contentType=SimpleContentType{name=testName1687995837331, id=c677c458-e234-4b85-b3ea-01e383a0f06b, description=testDescription1687995837331, defaultType=false, fixed=false, iDate=Wed Jun 28 23:43:57 UTC 2023, system=false, versionable=true, multilingualable=false, variable=testVarname1687995837331, owner=system, modDate=Wed Jun 28 23:43:58 UTC 2023, host=48190c8c-42c4-46af-8d1a-0cd5db894797, siteName=demo.dotcms.com, icon=event_note, sortOrder=0, folder=SYSTEM_FOLDER, folderPath=/, requiredFields=[], markedForDeletion=false}, expectedName='testVarname1687995837331', expectedType='CONTENT'}]" classname="com.dotmarketing.business.DeterministicIdentifierAPITest" time="0.003"/>
  <system-out><![CDATA[]]></system-out>
  <system-err><![CDATA[]]></system-err>
</testsuite>
