<?xml version="1.0" encoding="UTF-8"?>
<testsuite name="com.dotcms.rest.api.v1.vtl.VTLResourceIntegrationTest" tests="6" skipped="0" failures="0" errors="0" timestamp="2023-06-30T19:46:43" hostname="fv-az1025-316" time="12.47">
  <properties/>
  <testcase name="testGet[0: com.dotcms.rest.api.v1.vtl.VTLResourceTestCase@be7d86a]" classname="com.dotcms.rest.api.v1.vtl.VTLResourceIntegrationTest" time="2.491"/>
  <testcase name="testGet[1: com.dotcms.rest.api.v1.vtl.VTLResourceTestCase@47366564]" classname="com.dotcms.rest.api.v1.vtl.VTLResourceIntegrationTest" time="1.838"/>
  <testcase name="testGet[2: com.dotcms.rest.api.v1.vtl.VTLResourceTestCase@26d8f175]" classname="com.dotcms.rest.api.v1.vtl.VTLResourceIntegrationTest" time="2.151"/>
  <testcase name="testGet[3: com.dotcms.rest.api.v1.vtl.VTLResourceTestCase@1a97d949]" classname="com.dotcms.rest.api.v1.vtl.VTLResourceIntegrationTest" time="2.007"/>
  <testcase name="testGet[4: com.dotcms.rest.api.v1.vtl.VTLResourceTestCase@2f0676f9]" classname="com.dotcms.rest.api.v1.vtl.VTLResourceIntegrationTest" time="1.88"/>
  <testcase name="testGet[5: com.dotcms.rest.api.v1.vtl.VTLResourceTestCase@5bef3b38]" classname="com.dotcms.rest.api.v1.vtl.VTLResourceIntegrationTest" time="2.103"/>
  <system-out><![CDATA[]]></system-out>
  <system-err><![CDATA[]]></system-err>
</testsuite>
