<?xml version="1.0" encoding="UTF-8"?>
<testsuite name="com.dotmarketing.business.DeterministicIdentifierAPITest" tests="16" skipped="0" failures="0" errors="0" timestamp="2023-07-17T17:49:23" hostname="fv-az404-376" time="1.231">
  <properties/>
  <testcase name="Test_Category_Path_Seed_And_Id" classname="com.dotmarketing.business.DeterministicIdentifierAPITest" time="0.024"/>
  <testcase name="Test_Language_Deterministic_Id[0: LanguageTestCase{expectedSeed='Language:es:US', expectedHash=4913155, langCode='es', countryCode='US', country='United States'}]" classname="com.dotmarketing.business.DeterministicIdentifierAPITest" time="0.001"/>
  <testcase name="Test_Language_Deterministic_Id[1: LanguageTestCase{expectedSeed='Language:ep:', expectedHash=5292269, langCode='ep', countryCode='', country=''}]" classname="com.dotmarketing.business.DeterministicIdentifierAPITest" time="0.001"/>
  <testcase name="Test_Language_Deterministic_Id[2: LanguageTestCase{expectedSeed='Language:sg:SAG', expectedHash=4713118, langCode='sg', countryCode='SAG', country=''}]" classname="com.dotmarketing.business.DeterministicIdentifierAPITest" time="0.001"/>
  <testcase name="Test_Language_Deterministic_Id[3: LanguageTestCase{expectedSeed='Language:en:NZ', expectedHash=5382528, langCode='en', countryCode='NZ', country='New Zealand'}]" classname="com.dotmarketing.business.DeterministicIdentifierAPITest" time="0.001"/>
  <testcase name="Test_Category_None_Persisted_Category_Should_Return_Deterministic_Id" classname="com.dotmarketing.business.DeterministicIdentifierAPITest" time="0.001"/>
  <testcase name="Test_Asset_Generate_Deterministic_Id_Best_Effort[0: TestCase{versionable=my.host1689615775629.com, parent=System Host, expectedName='my.host1689615775629.com', expectedType='Host'}]" classname="com.dotmarketing.business.DeterministicIdentifierAPITest" time="0.003"/>
  <testcase name="Test_Asset_Generate_Deterministic_Id_Best_Effort[1: TestCase{versionable=com.dotmarketing.portlets.contentlet.model.Contentlet@d11cb95[map={modDate=2023-07-17 17:42:56.416, fileName=file1552217508095595849.txt, title=file1552217508095595849.txt, inode=4ed60d25-626a-4df0-84f2-412db92e442a, __IS_NEW_CONTENT__=true, disabledWYSIWYG=[], host=8ab4d435-905a-4d6d-ab6a-bb37aa60eb33, stInode=33888b6f-7a8e-4069-b1b6-5c1aa9d0a48d, owner=system, identifier=c109e1f3-a911-4bc1-9fff-e72445503642, nullProperties=[wfExpireDate, wfPublishDate, wfActionAssign, wfActionId, wfActionComments, filterKey, whereToSend, wfNeverExpire, _path_to_move, timezoneId, iWantTo, wfPublishTime, wfExpireTime], languageId=1, fileAsset=/home/runner/work/core/custom/assets/4/e/4ed60d25-626a-4df0-84f2-412db92e442a/fileAsset/file1552217508095595849.txt, folder=ab990986-4eb6-4b97-aeb3-f289b511d02d, __disable_workflow__=true, sortOrder=0, modUser=system},lowIndexPriority=false,variantId=DEFAULT], parent=com.dotmarketing.portlets.folders.model.Folder@e778e99[identifier=ab990986-4eb6-4b97-aeb3-f289b511d02d,name=testName1689615776410,sortOrder=0,showOnMenu=false,hostId=8ab4d435-905a-4d6d-ab6a-bb37aa60eb33,type=folder,title=testTitle1689615776410,filesMasks=,defaultFileType=33888b6f-7a8e-4069-b1b6-5c1aa9d0a48d,modDate=2023-07-17 17:42:56.413,owner=&lt;null&gt;,iDate=2023-07-17 17:42:56.413,inode=ab990986-4eb6-4b97-aeb3-f289b511d02d,path=/testName1689615776410/], expectedName='file1552217508095595849.txt', expectedType='FileAsset'}]" classname="com.dotmarketing.business.DeterministicIdentifierAPITest" time="0.003"/>
  <testcase name="Test_Asset_Generate_Deterministic_Id_Best_Effort[2: TestCase{versionable=com.dotmarketing.portlets.templates.model.Template@de2877c3, parent=my.host1689615775629.com, expectedName='testTitle1689615776510', expectedType='Template'}]" classname="com.dotmarketing.business.DeterministicIdentifierAPITest" time="0.002"/>
  <testcase name="Test_Asset_Generate_Deterministic_Id_Best_Effort[3: TestCase{versionable=com.dotmarketing.portlets.htmlpageasset.model.HTMLPageAsset@5177db12[map={template=b616ee9e-d91c-4c7b-82d4-e3c85d76c529, owner=system, identifier=713979d7-94af-4df5-bf82-0039a8b81334, nullProperties=[wfExpireDate, wfPublishDate, wfActionAssign, wfActionId, wfActionComments, filterKey, whereToSend, wfNeverExpire, _path_to_move, timezoneId, iWantTo, wfPublishTime, wfExpireTime], modDate=2023-07-17 17:42:56.525, cachettl=0, _is_test_mode=true, languageId=1, title=test-page-title-1689615776521, httpsreq=, url=test-page-url-1689615776521, showOnMenu=, inode=9ebe731c-7138-434a-aebc-91b2e4719802, folder=ab990986-4eb6-4b97-aeb3-f289b511d02d, disabledWYSIWYG=[], sortOrder=1, modUser=system, host=8ab4d435-905a-4d6d-ab6a-bb37aa60eb33, stInode=c541abb1-69b3-4bc5-8430-5e09e5239cc8, friendlyName=test-page-friendly-name-1689615776521},lowIndexPriority=false,variantId=DEFAULT], parent=com.dotmarketing.portlets.folders.model.Folder@e778e99[identifier=ab990986-4eb6-4b97-aeb3-f289b511d02d,name=testName1689615776410,sortOrder=0,showOnMenu=false,hostId=8ab4d435-905a-4d6d-ab6a-bb37aa60eb33,type=folder,title=testTitle1689615776410,filesMasks=,defaultFileType=33888b6f-7a8e-4069-b1b6-5c1aa9d0a48d,modDate=2023-07-17 17:42:56.413,owner=&lt;null&gt;,iDate=2023-07-17 17:42:56.413,inode=ab990986-4eb6-4b97-aeb3-f289b511d02d,path=/testName1689615776410/], expectedName='test-page-url-1689615776521', expectedType='htmlpageasset'}]" classname="com.dotmarketing.business.DeterministicIdentifierAPITest" time="0.002"/>
  <testcase name="Test_Asset_Generate_Deterministic_Id_Best_Effort[4: TestCase{versionable=com.dotmarketing.portlets.contentlet.model.Contentlet@15563cdf[map={fileAsset2=/home/runner/work/core/custom/assets/2/1/21877ddd-3022-4994-bc40-c3eb9f227ae0/fileAsset2/test_binary1689615778385.png, modDate=2023-07-17 17:42:58.399, fileAsset1=/home/runner/work/core/custom/assets/2/1/21877ddd-3022-4994-bc40-c3eb9f227ae0/fileAsset1/test_binary1689615778385.jpg, title=blah, inode=21877ddd-3022-4994-bc40-c3eb9f227ae0, __IS_NEW_CONTENT__=true, disabledWYSIWYG=[], host=48190c8c-42c4-46af-8d1a-0cd5db894797, stInode=5c8eb3af-8435-479f-aca9-242cf00ed71b, owner=system, identifier=9fb28e71-7fe9-4911-a10a-57743e071b22, nullProperties=[], languageId=1, image1=ba2750e1-e0a6-42ab-b22b-54f55ca39df4, folder=SYSTEM_FOLDER, __disable_workflow__=true, sortOrder=0, modUser=system},lowIndexPriority=false,variantId=DEFAULT], parent=demo.dotcms.com, expectedName='test_binary1689615778385.jpg:test_binary1689615778385.png', expectedType='MultipleBinaries1689615776754'}]" classname="com.dotmarketing.business.DeterministicIdentifierAPITest" time="0.003"/>
  <testcase name="Test_Asset_Generate_Deterministic_Id_Best_Effort[5: TestCase{versionable=name8c0c6463e1 : keyTag8c0c6463e1, parent=my.host1689615775629.com, expectedName='keyTag8c0c6463e1', expectedType='persona'}]" classname="com.dotmarketing.business.DeterministicIdentifierAPITest" time="0.002"/>
  <testcase name="Test_Similar_Content_Type_Wont_Clash" classname="com.dotmarketing.business.DeterministicIdentifierAPITest" time="0.426"/>
  <testcase name="Test_Generate_Folder_Identifier" classname="com.dotmarketing.business.DeterministicIdentifierAPITest" time="0.751"/>
  <testcase name="Test_Generate_Content_Type_Identifier[0: ContentTypeTestCase{contentType=KeyValueContentType{name=Language Variable, id=f4d7c1b8-2c88-4071-abf1-a5328977b07d, description=Default Content Type for Language Variables, defaultType=false, fixed=true, iDate=Thu Aug 31 16:38:49 UTC 2017, system=true, versionable=true, variable=Languagevariable, modDate=Mon Jul 17 16:38:08 UTC 2023, host=SYSTEM_HOST, siteName=systemHost, icon=language, sortOrder=0, folder=SYSTEM_FOLDER, folderPath=/, markedForDeletion=true, multilingualable=false}, expectedName='Languagevariable', expectedType='KeyValue'}]" classname="com.dotmarketing.business.DeterministicIdentifierAPITest" time="0.004"/>
  <testcase name="Test_Generate_Content_Type_Identifier[1: ContentTypeTestCase{contentType=SimpleContentType{name=testName1689615778889, id=2ded4d7c-da34-4920-bb80-031ce5b07c8f, description=testDescription1689615778889, defaultType=false, fixed=false, iDate=Mon Jul 17 17:42:58 UTC 2023, system=false, versionable=true, multilingualable=false, variable=testVarname1689615778889, owner=system, modDate=Mon Jul 17 17:43:00 UTC 2023, host=48190c8c-42c4-46af-8d1a-0cd5db894797, siteName=demo.dotcms.com, icon=event_note, sortOrder=0, folder=SYSTEM_FOLDER, folderPath=/, requiredFields=[], markedForDeletion=false}, expectedName='testVarname1689615778889', expectedType='CONTENT'}]" classname="com.dotmarketing.business.DeterministicIdentifierAPITest" time="0.005"/>
  <system-out><![CDATA[]]></system-out>
  <system-err><![CDATA[]]></system-err>
</testsuite>
