<?xml version="1.0" encoding="UTF-8"?>
<testsuite name="com.dotcms.enterprise.publishing.remote.bundler.ContentBundlerTest" tests="1" skipped="0" failures="0" errors="0" timestamp="2023-06-30T20:15:35" hostname="fv-az360-832" time="0.783">
  <properties/>
  <testcase name="processContentWithTwoVersions" classname="com.dotcms.enterprise.publishing.remote.bundler.ContentBundlerTest" time="0.783"/>
  <system-out><![CDATA[]]></system-out>
  <system-err><![CDATA[]]></system-err>
</testsuite>
