<?xml version="1.0" encoding="UTF-8"?>
<testsuite name="com.dotcms.rest.api.v1.vtl.VTLResourceIntegrationTest" tests="6" skipped="0" failures="0" errors="0" timestamp="2023-07-21T16:50:29" hostname="fv-az1233-524" time="11.148">
  <properties/>
  <testcase name="testGet[0: com.dotcms.rest.api.v1.vtl.VTLResourceTestCase@64a367e4]" classname="com.dotcms.rest.api.v1.vtl.VTLResourceIntegrationTest" time="2.251"/>
  <testcase name="testGet[1: com.dotcms.rest.api.v1.vtl.VTLResourceTestCase@45d2893c]" classname="com.dotcms.rest.api.v1.vtl.VTLResourceIntegrationTest" time="0.983"/>
  <testcase name="testGet[2: com.dotcms.rest.api.v1.vtl.VTLResourceTestCase@35695476]" classname="com.dotcms.rest.api.v1.vtl.VTLResourceIntegrationTest" time="1.956"/>
  <testcase name="testGet[3: com.dotcms.rest.api.v1.vtl.VTLResourceTestCase@6d628f46]" classname="com.dotcms.rest.api.v1.vtl.VTLResourceIntegrationTest" time="2.008"/>
  <testcase name="testGet[4: com.dotcms.rest.api.v1.vtl.VTLResourceTestCase@12014949]" classname="com.dotcms.rest.api.v1.vtl.VTLResourceIntegrationTest" time="2.021"/>
  <testcase name="testGet[5: com.dotcms.rest.api.v1.vtl.VTLResourceTestCase@43cbb95c]" classname="com.dotcms.rest.api.v1.vtl.VTLResourceIntegrationTest" time="1.929"/>
  <system-out><![CDATA[]]></system-out>
  <system-err><![CDATA[]]></system-err>
</testsuite>
