<?xml version="1.0" encoding="UTF-8"?>
<testsuite name="com.dotcms.enterprise.publishing.remote.bundler.FolderBundlerTest" tests="3" skipped="0" failures="0" errors="0" timestamp="2023-06-29T19:36:04" hostname="fv-az453-135" time="0.024">
  <properties/>
  <testcase name="addFolderInBundle[0: com.dotcms.enterprise.publishing.remote.bundler.FolderBundlerTest$TestCase@378fd8d8]" classname="com.dotcms.enterprise.publishing.remote.bundler.FolderBundlerTest" time="0.009"/>
  <testcase name="addFolderInBundle[1: com.dotcms.enterprise.publishing.remote.bundler.FolderBundlerTest$TestCase@1b6deefd]" classname="com.dotcms.enterprise.publishing.remote.bundler.FolderBundlerTest" time="0.007"/>
  <testcase name="addFolderInBundle[2: com.dotcms.enterprise.publishing.remote.bundler.FolderBundlerTest$TestCase@44e49d17]" classname="com.dotcms.enterprise.publishing.remote.bundler.FolderBundlerTest" time="0.007"/>
  <system-out><![CDATA[]]></system-out>
  <system-err><![CDATA[]]></system-err>
</testsuite>
