<?xml version="1.0" encoding="UTF-8"?>
<testsuite name="com.dotcms.rendering.velocity.viewtools.content.util.ContentUtilsTest" tests="89" skipped="0" failures="0" errors="0" timestamp="2023-07-06T17:41:04" hostname="fv-az749-409" time="397.301">
  <properties/>
  <testcase name="whenTheTimeMachineDateIsNullAndPublishDateInFutureShouldNotReturnAnything" classname="com.dotcms.rendering.velocity.viewtools.content.util.ContentUtilsTest" time="3.074"/>
  <testcase name="test_find_multilingual_contentlet_getContentletSuccessfully" classname="com.dotcms.rendering.velocity.viewtools.content.util.ContentUtilsTest" time="2.007"/>
  <testcase name="whenTheTimeMachineDateAndPublishDateAreTomorrowShouldReturnOneContent" classname="com.dotcms.rendering.velocity.viewtools.content.util.ContentUtilsTest" time="3.036"/>
  <testcase name="testPullRelated[0: com.dotcms.rendering.velocity.viewtools.content.util.ContentUtilsTest$TestCase@63ded180]" classname="com.dotcms.rendering.velocity.viewtools.content.util.ContentUtilsTest" time="3.568"/>
  <testcase name="testPullRelated[1: com.dotcms.rendering.velocity.viewtools.content.util.ContentUtilsTest$TestCase@4865eaa0]" classname="com.dotcms.rendering.velocity.viewtools.content.util.ContentUtilsTest" time="4.296"/>
  <testcase name="testPullRelated[2: com.dotcms.rendering.velocity.viewtools.content.util.ContentUtilsTest$TestCase@2d43143e]" classname="com.dotcms.rendering.velocity.viewtools.content.util.ContentUtilsTest" time="4.12"/>
  <testcase name="testPullRelated[3: com.dotcms.rendering.velocity.viewtools.content.util.ContentUtilsTest$TestCase@4a02bcc2]" classname="com.dotcms.rendering.velocity.viewtools.content.util.ContentUtilsTest" time="3.674"/>
  <testcase name="testPullRelated[4: com.dotcms.rendering.velocity.viewtools.content.util.ContentUtilsTest$TestCase@5f4526d3]" classname="com.dotcms.rendering.velocity.viewtools.content.util.ContentUtilsTest" time="3.283"/>
  <testcase name="testPullRelated[5: com.dotcms.rendering.velocity.viewtools.content.util.ContentUtilsTest$TestCase@3892e771]" classname="com.dotcms.rendering.velocity.viewtools.content.util.ContentUtilsTest" time="3.801"/>
  <testcase name="testPullRelated[6: com.dotcms.rendering.velocity.viewtools.content.util.ContentUtilsTest$TestCase@dc5e6b9]" classname="com.dotcms.rendering.velocity.viewtools.content.util.ContentUtilsTest" time="3.405"/>
  <testcase name="testPullRelated[7: com.dotcms.rendering.velocity.viewtools.content.util.ContentUtilsTest$TestCase@52febf6f]" classname="com.dotcms.rendering.velocity.viewtools.content.util.ContentUtilsTest" time="3.784"/>
  <testcase name="testPullRelated[8: com.dotcms.rendering.velocity.viewtools.content.util.ContentUtilsTest$TestCase@247b785d]" classname="com.dotcms.rendering.velocity.viewtools.content.util.ContentUtilsTest" time="4.083"/>
  <testcase name="testPullRelated[9: com.dotcms.rendering.velocity.viewtools.content.util.ContentUtilsTest$TestCase@b7daacc]" classname="com.dotcms.rendering.velocity.viewtools.content.util.ContentUtilsTest" time="3.973"/>
  <testcase name="testPullRelated[10: com.dotcms.rendering.velocity.viewtools.content.util.ContentUtilsTest$TestCase@292f7534]" classname="com.dotcms.rendering.velocity.viewtools.content.util.ContentUtilsTest" time="4.304"/>
  <testcase name="testPullRelated[11: com.dotcms.rendering.velocity.viewtools.content.util.ContentUtilsTest$TestCase@e8da2b9]" classname="com.dotcms.rendering.velocity.viewtools.content.util.ContentUtilsTest" time="3.901"/>
  <testcase name="testPullRelated[12: com.dotcms.rendering.velocity.viewtools.content.util.ContentUtilsTest$TestCase@714b8aa5]" classname="com.dotcms.rendering.velocity.viewtools.content.util.ContentUtilsTest" time="3.943"/>
  <testcase name="testPullRelated[13: com.dotcms.rendering.velocity.viewtools.content.util.ContentUtilsTest$TestCase@1786658a]" classname="com.dotcms.rendering.velocity.viewtools.content.util.ContentUtilsTest" time="4.065"/>
  <testcase name="testPullRelated[14: com.dotcms.rendering.velocity.viewtools.content.util.ContentUtilsTest$TestCase@45d2249b]" classname="com.dotcms.rendering.velocity.viewtools.content.util.ContentUtilsTest" time="3.234"/>
  <testcase name="testPullRelated[15: com.dotcms.rendering.velocity.viewtools.content.util.ContentUtilsTest$TestCase@2629def2]" classname="com.dotcms.rendering.velocity.viewtools.content.util.ContentUtilsTest" time="3.926"/>
  <testcase name="testPullRelated[16: com.dotcms.rendering.velocity.viewtools.content.util.ContentUtilsTest$TestCase@b1a6630]" classname="com.dotcms.rendering.velocity.viewtools.content.util.ContentUtilsTest" time="3.989"/>
  <testcase name="testPullRelated[17: com.dotcms.rendering.velocity.viewtools.content.util.ContentUtilsTest$TestCase@2f14f8ec]" classname="com.dotcms.rendering.velocity.viewtools.content.util.ContentUtilsTest" time="4.05"/>
  <testcase name="testPullRelated[18: com.dotcms.rendering.velocity.viewtools.content.util.ContentUtilsTest$TestCase@7b36e769]" classname="com.dotcms.rendering.velocity.viewtools.content.util.ContentUtilsTest" time="4.014"/>
  <testcase name="testPullRelated[19: com.dotcms.rendering.velocity.viewtools.content.util.ContentUtilsTest$TestCase@138078b3]" classname="com.dotcms.rendering.velocity.viewtools.content.util.ContentUtilsTest" time="3.195"/>
  <testcase name="testPullRelated[20: com.dotcms.rendering.velocity.viewtools.content.util.ContentUtilsTest$TestCase@4b73b715]" classname="com.dotcms.rendering.velocity.viewtools.content.util.ContentUtilsTest" time="3.829"/>
  <testcase name="testPullRelated[21: com.dotcms.rendering.velocity.viewtools.content.util.ContentUtilsTest$TestCase@43a8e50f]" classname="com.dotcms.rendering.velocity.viewtools.content.util.ContentUtilsTest" time="4.248"/>
  <testcase name="testPullRelated[22: com.dotcms.rendering.velocity.viewtools.content.util.ContentUtilsTest$TestCase@f695fbc]" classname="com.dotcms.rendering.velocity.viewtools.content.util.ContentUtilsTest" time="3.945"/>
  <testcase name="testPullRelated[23: com.dotcms.rendering.velocity.viewtools.content.util.ContentUtilsTest$TestCase@1f3cfb02]" classname="com.dotcms.rendering.velocity.viewtools.content.util.ContentUtilsTest" time="3.229"/>
  <testcase name="testPullRelated[24: com.dotcms.rendering.velocity.viewtools.content.util.ContentUtilsTest$TestCase@49a12cef]" classname="com.dotcms.rendering.velocity.viewtools.content.util.ContentUtilsTest" time="3.902"/>
  <testcase name="testPullRelated[25: com.dotcms.rendering.velocity.viewtools.content.util.ContentUtilsTest$TestCase@4da53849]" classname="com.dotcms.rendering.velocity.viewtools.content.util.ContentUtilsTest" time="3.95"/>
  <testcase name="testPullRelated[26: com.dotcms.rendering.velocity.viewtools.content.util.ContentUtilsTest$TestCase@8740afe]" classname="com.dotcms.rendering.velocity.viewtools.content.util.ContentUtilsTest" time="3.246"/>
  <testcase name="testPullRelated[27: com.dotcms.rendering.velocity.viewtools.content.util.ContentUtilsTest$TestCase@70681419]" classname="com.dotcms.rendering.velocity.viewtools.content.util.ContentUtilsTest" time="3.95"/>
  <testcase name="testPullRelated[28: com.dotcms.rendering.velocity.viewtools.content.util.ContentUtilsTest$TestCase@30ee88af]" classname="com.dotcms.rendering.velocity.viewtools.content.util.ContentUtilsTest" time="4.005"/>
  <testcase name="testPullRelated[29: com.dotcms.rendering.velocity.viewtools.content.util.ContentUtilsTest$TestCase@546d998b]" classname="com.dotcms.rendering.velocity.viewtools.content.util.ContentUtilsTest" time="3.971"/>
  <testcase name="testPullRelated[30: com.dotcms.rendering.velocity.viewtools.content.util.ContentUtilsTest$TestCase@7c665a02]" classname="com.dotcms.rendering.velocity.viewtools.content.util.ContentUtilsTest" time="3.295"/>
  <testcase name="testPullRelated[31: com.dotcms.rendering.velocity.viewtools.content.util.ContentUtilsTest$TestCase@4c9e514b]" classname="com.dotcms.rendering.velocity.viewtools.content.util.ContentUtilsTest" time="3.842"/>
  <testcase name="testPullRelated[32: com.dotcms.rendering.velocity.viewtools.content.util.ContentUtilsTest$TestCase@8711387]" classname="com.dotcms.rendering.velocity.viewtools.content.util.ContentUtilsTest" time="3.208"/>
  <testcase name="testPullRelated[33: com.dotcms.rendering.velocity.viewtools.content.util.ContentUtilsTest$TestCase@306862c3]" classname="com.dotcms.rendering.velocity.viewtools.content.util.ContentUtilsTest" time="3.927"/>
  <testcase name="testPullRelated[34: com.dotcms.rendering.velocity.viewtools.content.util.ContentUtilsTest$TestCase@7e109886]" classname="com.dotcms.rendering.velocity.viewtools.content.util.ContentUtilsTest" time="4.029"/>
  <testcase name="testPullRelated[35: com.dotcms.rendering.velocity.viewtools.content.util.ContentUtilsTest$TestCase@403a9a06]" classname="com.dotcms.rendering.velocity.viewtools.content.util.ContentUtilsTest" time="4.105"/>
  <testcase name="testPullRelated[36: com.dotcms.rendering.velocity.viewtools.content.util.ContentUtilsTest$TestCase@40d744ad]" classname="com.dotcms.rendering.velocity.viewtools.content.util.ContentUtilsTest" time="6.247"/>
  <testcase name="testPullRelated[37: com.dotcms.rendering.velocity.viewtools.content.util.ContentUtilsTest$TestCase@33da580e]" classname="com.dotcms.rendering.velocity.viewtools.content.util.ContentUtilsTest" time="5.82"/>
  <testcase name="testPullRelated[38: com.dotcms.rendering.velocity.viewtools.content.util.ContentUtilsTest$TestCase@4974325b]" classname="com.dotcms.rendering.velocity.viewtools.content.util.ContentUtilsTest" time="5.75"/>
  <testcase name="testPullRelated[39: com.dotcms.rendering.velocity.viewtools.content.util.ContentUtilsTest$TestCase@5d8a6bd9]" classname="com.dotcms.rendering.velocity.viewtools.content.util.ContentUtilsTest" time="5.739"/>
  <testcase name="testPullRelated[40: com.dotcms.rendering.velocity.viewtools.content.util.ContentUtilsTest$TestCase@2702aee9]" classname="com.dotcms.rendering.velocity.viewtools.content.util.ContentUtilsTest" time="6.004"/>
  <testcase name="testPullRelated[41: com.dotcms.rendering.velocity.viewtools.content.util.ContentUtilsTest$TestCase@4679882f]" classname="com.dotcms.rendering.velocity.viewtools.content.util.ContentUtilsTest" time="5.822"/>
  <testcase name="testPullRelated[42: com.dotcms.rendering.velocity.viewtools.content.util.ContentUtilsTest$TestCase@2ef79c51]" classname="com.dotcms.rendering.velocity.viewtools.content.util.ContentUtilsTest" time="6.392"/>
  <testcase name="testPullRelated[43: com.dotcms.rendering.velocity.viewtools.content.util.ContentUtilsTest$TestCase@20adfef5]" classname="com.dotcms.rendering.velocity.viewtools.content.util.ContentUtilsTest" time="6.106"/>
  <testcase name="testPullRelated[44: com.dotcms.rendering.velocity.viewtools.content.util.ContentUtilsTest$TestCase@126a69ef]" classname="com.dotcms.rendering.velocity.viewtools.content.util.ContentUtilsTest" time="5.946"/>
  <testcase name="testPullRelated[45: com.dotcms.rendering.velocity.viewtools.content.util.ContentUtilsTest$TestCase@1858b37d]" classname="com.dotcms.rendering.velocity.viewtools.content.util.ContentUtilsTest" time="6.106"/>
  <testcase name="testPullRelated[46: com.dotcms.rendering.velocity.viewtools.content.util.ContentUtilsTest$TestCase@a5fa133]" classname="com.dotcms.rendering.velocity.viewtools.content.util.ContentUtilsTest" time="5.251"/>
  <testcase name="testPullRelated[47: com.dotcms.rendering.velocity.viewtools.content.util.ContentUtilsTest$TestCase@454abcdb]" classname="com.dotcms.rendering.velocity.viewtools.content.util.ContentUtilsTest" time="5.815"/>
  <testcase name="testPullRelated[48: com.dotcms.rendering.velocity.viewtools.content.util.ContentUtilsTest$TestCase@4ae908c]" classname="com.dotcms.rendering.velocity.viewtools.content.util.ContentUtilsTest" time="6.174"/>
  <testcase name="testPullRelated[49: com.dotcms.rendering.velocity.viewtools.content.util.ContentUtilsTest$TestCase@5930083f]" classname="com.dotcms.rendering.velocity.viewtools.content.util.ContentUtilsTest" time="6.045"/>
  <testcase name="testPullRelated[50: com.dotcms.rendering.velocity.viewtools.content.util.ContentUtilsTest$TestCase@2e116c13]" classname="com.dotcms.rendering.velocity.viewtools.content.util.ContentUtilsTest" time="5.134"/>
  <testcase name="testPullRelated[51: com.dotcms.rendering.velocity.viewtools.content.util.ContentUtilsTest$TestCase@3e2da16e]" classname="com.dotcms.rendering.velocity.viewtools.content.util.ContentUtilsTest" time="5.059"/>
  <testcase name="testPullRelated[52: com.dotcms.rendering.velocity.viewtools.content.util.ContentUtilsTest$TestCase@4e776cd7]" classname="com.dotcms.rendering.velocity.viewtools.content.util.ContentUtilsTest" time="6.111"/>
  <testcase name="testPullRelated[53: com.dotcms.rendering.velocity.viewtools.content.util.ContentUtilsTest$TestCase@17dff4d6]" classname="com.dotcms.rendering.velocity.viewtools.content.util.ContentUtilsTest" time="5.85"/>
  <testcase name="testPullRelated[54: com.dotcms.rendering.velocity.viewtools.content.util.ContentUtilsTest$TestCase@320b73ca]" classname="com.dotcms.rendering.velocity.viewtools.content.util.ContentUtilsTest" time="6.409"/>
  <testcase name="testPullRelated[55: com.dotcms.rendering.velocity.viewtools.content.util.ContentUtilsTest$TestCase@61fe9234]" classname="com.dotcms.rendering.velocity.viewtools.content.util.ContentUtilsTest" time="6.104"/>
  <testcase name="testPullRelated[56: com.dotcms.rendering.velocity.viewtools.content.util.ContentUtilsTest$TestCase@149a5b08]" classname="com.dotcms.rendering.velocity.viewtools.content.util.ContentUtilsTest" time="4.874"/>
  <testcase name="testPullRelated[57: com.dotcms.rendering.velocity.viewtools.content.util.ContentUtilsTest$TestCase@7c0b6409]" classname="com.dotcms.rendering.velocity.viewtools.content.util.ContentUtilsTest" time="6.283"/>
  <testcase name="testPullRelated[58: com.dotcms.rendering.velocity.viewtools.content.util.ContentUtilsTest$TestCase@1577cd61]" classname="com.dotcms.rendering.velocity.viewtools.content.util.ContentUtilsTest" time="6.034"/>
  <testcase name="testPullRelated[59: com.dotcms.rendering.velocity.viewtools.content.util.ContentUtilsTest$TestCase@8d92c9]" classname="com.dotcms.rendering.velocity.viewtools.content.util.ContentUtilsTest" time="6.052"/>
  <testcase name="testPullRelated[60: com.dotcms.rendering.velocity.viewtools.content.util.ContentUtilsTest$TestCase@4609dbcb]" classname="com.dotcms.rendering.velocity.viewtools.content.util.ContentUtilsTest" time="6.006"/>
  <testcase name="testPullRelated[61: com.dotcms.rendering.velocity.viewtools.content.util.ContentUtilsTest$TestCase@6185d42f]" classname="com.dotcms.rendering.velocity.viewtools.content.util.ContentUtilsTest" time="6.151"/>
  <testcase name="testPullRelated[62: com.dotcms.rendering.velocity.viewtools.content.util.ContentUtilsTest$TestCase@4a3211bb]" classname="com.dotcms.rendering.velocity.viewtools.content.util.ContentUtilsTest" time="6.08"/>
  <testcase name="testPullRelated[63: com.dotcms.rendering.velocity.viewtools.content.util.ContentUtilsTest$TestCase@26c5d9ee]" classname="com.dotcms.rendering.velocity.viewtools.content.util.ContentUtilsTest" time="6.013"/>
  <testcase name="testPullRelated[64: com.dotcms.rendering.velocity.viewtools.content.util.ContentUtilsTest$TestCase@2e1a997e]" classname="com.dotcms.rendering.velocity.viewtools.content.util.ContentUtilsTest" time="6.152"/>
  <testcase name="testPullRelated[65: com.dotcms.rendering.velocity.viewtools.content.util.ContentUtilsTest$TestCase@61f1043e]" classname="com.dotcms.rendering.velocity.viewtools.content.util.ContentUtilsTest" time="6.087"/>
  <testcase name="testPullRelated[66: com.dotcms.rendering.velocity.viewtools.content.util.ContentUtilsTest$TestCase@3b947e72]" classname="com.dotcms.rendering.velocity.viewtools.content.util.ContentUtilsTest" time="6.125"/>
  <testcase name="testPullRelated[67: com.dotcms.rendering.velocity.viewtools.content.util.ContentUtilsTest$TestCase@3316ca47]" classname="com.dotcms.rendering.velocity.viewtools.content.util.ContentUtilsTest" time="5.072"/>
  <testcase name="testPullRelated[68: com.dotcms.rendering.velocity.viewtools.content.util.ContentUtilsTest$TestCase@49bd7432]" classname="com.dotcms.rendering.velocity.viewtools.content.util.ContentUtilsTest" time="5.993"/>
  <testcase name="testPullRelated[69: com.dotcms.rendering.velocity.viewtools.content.util.ContentUtilsTest$TestCase@208459cf]" classname="com.dotcms.rendering.velocity.viewtools.content.util.ContentUtilsTest" time="6.012"/>
  <testcase name="testPullRelated[70: com.dotcms.rendering.velocity.viewtools.content.util.ContentUtilsTest$TestCase@38fbc443]" classname="com.dotcms.rendering.velocity.viewtools.content.util.ContentUtilsTest" time="6.427"/>
  <testcase name="testPullRelated[71: com.dotcms.rendering.velocity.viewtools.content.util.ContentUtilsTest$TestCase@3d3a65e9]" classname="com.dotcms.rendering.velocity.viewtools.content.util.ContentUtilsTest" time="4.913"/>
  <testcase name="whenPublishAndExpireDatesAreInTheFutureAndTimeMachineIsAfterBoth" classname="com.dotcms.rendering.velocity.viewtools.content.util.ContentUtilsTest" time="3.079"/>
  <testcase name="testPullRelatedForLegacyRelationship[0: com.dotcms.rendering.velocity.viewtools.content.util.ContentUtilsTest$LegacyTestCase@1f849a98]" classname="com.dotcms.rendering.velocity.viewtools.content.util.ContentUtilsTest" time="3.771"/>
  <testcase name="testPullRelatedForLegacyRelationship[1: com.dotcms.rendering.velocity.viewtools.content.util.ContentUtilsTest$LegacyTestCase@1d4ce286]" classname="com.dotcms.rendering.velocity.viewtools.content.util.ContentUtilsTest" time="3.939"/>
  <testcase name="whenTheTimeMachineDateIsAfterTomorrowAndExpireDateIsTomorrowShouldNotReturnContent" classname="com.dotcms.rendering.velocity.viewtools.content.util.ContentUtilsTest" time="3.032"/>
  <testcase name="testPullLiveRelatedWhenLatestVersionIsWorking" classname="com.dotcms.rendering.velocity.viewtools.content.util.ContentUtilsTest" time="3.683"/>
  <testcase name="test_add_relationships_on_parent_children_related_contents" classname="com.dotcms.rendering.velocity.viewtools.content.util.ContentUtilsTest" time="1.507"/>
  <testcase name="testSortPullRelated[0: com.dotcms.rendering.velocity.viewtools.content.util.ContentUtilsTest$SortTestCase@7bf3e4b0]" classname="com.dotcms.rendering.velocity.viewtools.content.util.ContentUtilsTest" time="2.495"/>
  <testcase name="testSortPullRelated[1: com.dotcms.rendering.velocity.viewtools.content.util.ContentUtilsTest$SortTestCase@1508d30a]" classname="com.dotcms.rendering.velocity.viewtools.content.util.ContentUtilsTest" time="2.806"/>
  <testcase name="testSortPullRelated[2: com.dotcms.rendering.velocity.viewtools.content.util.ContentUtilsTest$SortTestCase@2ee3cb69]" classname="com.dotcms.rendering.velocity.viewtools.content.util.ContentUtilsTest" time="2.744"/>
  <testcase name="testSortPullRelated[3: com.dotcms.rendering.velocity.viewtools.content.util.ContentUtilsTest$SortTestCase@54c144e1]" classname="com.dotcms.rendering.velocity.viewtools.content.util.ContentUtilsTest" time="1.809"/>
  <testcase name="testSortPullRelated[4: com.dotcms.rendering.velocity.viewtools.content.util.ContentUtilsTest$SortTestCase@30f3fcad]" classname="com.dotcms.rendering.velocity.viewtools.content.util.ContentUtilsTest" time="2.658"/>
  <testcase name="testSortPullRelated[5: com.dotcms.rendering.velocity.viewtools.content.util.ContentUtilsTest$SortTestCase@63b0f93a]" classname="com.dotcms.rendering.velocity.viewtools.content.util.ContentUtilsTest" time="2.714"/>
  <testcase name="whenTheTimeMachineDateIsAfterTomorrowAndExpireDateIsInFutureShouldReturnContent" classname="com.dotcms.rendering.velocity.viewtools.content.util.ContentUtilsTest" time="3.049"/>
  <testcase name="testPullRelatedFieldShouldRespectDefaultOrder" classname="com.dotcms.rendering.velocity.viewtools.content.util.ContentUtilsTest" time="2.45"/>
  <system-out><![CDATA[]]></system-out>
  <system-err><![CDATA[]]></system-err>
</testsuite>
