<?xml version="1.0" encoding="UTF-8"?>
<testsuite name="com.dotmarketing.servlets.ajax.AjaxDirectorServletIntegrationTest" tests="2" skipped="0" failures="0" errors="0" timestamp="2023-07-18T18:47:11" hostname="fv-az803-421" time="1.901">
  <properties/>
  <testcase name="testService[0: com.dotmarketing.servlets.ajax.AjaxDirectorServletTestCase@4ddf4eca]" classname="com.dotmarketing.servlets.ajax.AjaxDirectorServletIntegrationTest" time="1.389"/>
  <testcase name="testService[1: com.dotmarketing.servlets.ajax.AjaxDirectorServletTestCase@e19f139]" classname="com.dotmarketing.servlets.ajax.AjaxDirectorServletIntegrationTest" time="0.512"/>
  <system-out><![CDATA[]]></system-out>
  <system-err><![CDATA[]]></system-err>
</testsuite>
