<?xml version="1.0" encoding="UTF-8"?>
<testsuite name="com.dotcms.rest.TagResourceIntegrationTest" tests="4" skipped="0" failures="0" errors="0" timestamp="2023-06-28T17:49:39" hostname="fv-az255-362" time="0.368">
  <properties/>
  <testcase name="testList[0: com.dotcms.rest.TagResourceTestCase@74c075e2]" classname="com.dotcms.rest.TagResourceIntegrationTest" time="0.279"/>
  <testcase name="testList[1: com.dotcms.rest.TagResourceTestCase@2bb96009]" classname="com.dotcms.rest.TagResourceIntegrationTest" time="0.034"/>
  <testcase name="testList[2: com.dotcms.rest.TagResourceTestCase@623af4e4]" classname="com.dotcms.rest.TagResourceIntegrationTest" time="0.025"/>
  <testcase name="testList[3: com.dotcms.rest.TagResourceTestCase@314e95a2]" classname="com.dotcms.rest.TagResourceIntegrationTest" time="0.027"/>
  <system-out><![CDATA[]]></system-out>
  <system-err><![CDATA[Jun 28, 2023 5:49:39 PM com.dotcms.repackage.org.hibernate.validator.internal.util.Version <clinit>
INFO: HV000001: Hibernate Validator 4.3.2.Final
]]></system-err>
</testsuite>
