<?xml version="1.0" encoding="UTF-8"?>
<testsuite name="com.dotcms.rest.api.v1.vtl.VTLResourceIntegrationTest" tests="6" skipped="0" failures="0" errors="0" timestamp="2023-06-28T20:19:19" hostname="fv-az216-796" time="13.077">
  <properties/>
  <testcase name="testGet[0: com.dotcms.rest.api.v1.vtl.VTLResourceTestCase@3af7d158]" classname="com.dotcms.rest.api.v1.vtl.VTLResourceIntegrationTest" time="2.31"/>
  <testcase name="testGet[1: com.dotcms.rest.api.v1.vtl.VTLResourceTestCase@7fbfd1da]" classname="com.dotcms.rest.api.v1.vtl.VTLResourceIntegrationTest" time="2.755"/>
  <testcase name="testGet[2: com.dotcms.rest.api.v1.vtl.VTLResourceTestCase@6d604fb6]" classname="com.dotcms.rest.api.v1.vtl.VTLResourceIntegrationTest" time="1.998"/>
  <testcase name="testGet[3: com.dotcms.rest.api.v1.vtl.VTLResourceTestCase@6d7f77e9]" classname="com.dotcms.rest.api.v1.vtl.VTLResourceIntegrationTest" time="2.232"/>
  <testcase name="testGet[4: com.dotcms.rest.api.v1.vtl.VTLResourceTestCase@6986060f]" classname="com.dotcms.rest.api.v1.vtl.VTLResourceIntegrationTest" time="1.766"/>
  <testcase name="testGet[5: com.dotcms.rest.api.v1.vtl.VTLResourceTestCase@68363be4]" classname="com.dotcms.rest.api.v1.vtl.VTLResourceIntegrationTest" time="2.015"/>
  <system-out><![CDATA[]]></system-out>
  <system-err><![CDATA[]]></system-err>
</testsuite>
