<?xml version="1.0" encoding="UTF-8"?>
<testsuite name="com.dotcms.rest.api.v1.vtl.VTLResourceIntegrationTest" tests="6" skipped="0" failures="0" errors="0" timestamp="2023-07-17T23:31:06" hostname="fv-az362-624" time="12.044">
  <properties/>
  <testcase name="testGet[0: com.dotcms.rest.api.v1.vtl.VTLResourceTestCase@4554e753]" classname="com.dotcms.rest.api.v1.vtl.VTLResourceIntegrationTest" time="2.029"/>
  <testcase name="testGet[1: com.dotcms.rest.api.v1.vtl.VTLResourceTestCase@6661f610]" classname="com.dotcms.rest.api.v1.vtl.VTLResourceIntegrationTest" time="1.985"/>
  <testcase name="testGet[2: com.dotcms.rest.api.v1.vtl.VTLResourceTestCase@47a9644b]" classname="com.dotcms.rest.api.v1.vtl.VTLResourceIntegrationTest" time="2.272"/>
  <testcase name="testGet[3: com.dotcms.rest.api.v1.vtl.VTLResourceTestCase@7d3e9762]" classname="com.dotcms.rest.api.v1.vtl.VTLResourceIntegrationTest" time="1.854"/>
  <testcase name="testGet[4: com.dotcms.rest.api.v1.vtl.VTLResourceTestCase@1f3299e9]" classname="com.dotcms.rest.api.v1.vtl.VTLResourceIntegrationTest" time="1.798"/>
  <testcase name="testGet[5: com.dotcms.rest.api.v1.vtl.VTLResourceTestCase@768a2d69]" classname="com.dotcms.rest.api.v1.vtl.VTLResourceIntegrationTest" time="2.106"/>
  <system-out><![CDATA[]]></system-out>
  <system-err><![CDATA[]]></system-err>
</testsuite>
