<?xml version="1.0" encoding="UTF-8"?>
<testsuite name="com.dotcms.rest.elasticsearch.ESContentResourcePortletTest" tests="8" skipped="0" failures="0" errors="0" timestamp="2023-07-17T18:56:28" hostname="fv-az563-445" time="7.817">
  <properties/>
  <testcase name="test_search_includeGrandChildCategory_success" classname="com.dotcms.rest.elasticsearch.ESContentResourcePortletTest" time="1.401"/>
  <testcase name="testSearch[0: com.dotcms.rest.elasticsearch.ESContentResourcePortletTest$TestCase@4d88125f]" classname="com.dotcms.rest.elasticsearch.ESContentResourcePortletTest" time="0.87"/>
  <testcase name="testSearch[1: com.dotcms.rest.elasticsearch.ESContentResourcePortletTest$TestCase@75ee799a]" classname="com.dotcms.rest.elasticsearch.ESContentResourcePortletTest" time="1.321"/>
  <testcase name="testSearch[2: com.dotcms.rest.elasticsearch.ESContentResourcePortletTest$TestCase@5938f6f6]" classname="com.dotcms.rest.elasticsearch.ESContentResourcePortletTest" time="0.911"/>
  <testcase name="testSearch[3: com.dotcms.rest.elasticsearch.ESContentResourcePortletTest$TestCase@213effb2]" classname="com.dotcms.rest.elasticsearch.ESContentResourcePortletTest" time="1.292"/>
  <testcase name="testSearch[4: com.dotcms.rest.elasticsearch.ESContentResourcePortletTest$TestCase@2ca90b20]" classname="com.dotcms.rest.elasticsearch.ESContentResourcePortletTest" time="0.245"/>
  <testcase name="testSearch[5: com.dotcms.rest.elasticsearch.ESContentResourcePortletTest$TestCase@2a0d9586]" classname="com.dotcms.rest.elasticsearch.ESContentResourcePortletTest" time="0.915"/>
  <testcase name="testSearch[6: com.dotcms.rest.elasticsearch.ESContentResourcePortletTest$TestCase@349c5977]" classname="com.dotcms.rest.elasticsearch.ESContentResourcePortletTest" time="0.862"/>
  <system-out><![CDATA[]]></system-out>
  <system-err><![CDATA[]]></system-err>
</testsuite>
