<?xml version="1.0" encoding="UTF-8"?>
<testsuite name="com.dotmarketing.business.VersionableFactoryImplTest" tests="10" skipped="0" failures="0" errors="0" timestamp="2023-06-30T05:59:08" hostname="fv-az210-575" time="11.681">
  <properties/>
  <testcase name="findContentletVersionInfo" classname="com.dotmarketing.business.VersionableFactoryImplTest" time="1.074"/>
  <testcase name="createContentletVersionInfoWithNotDefaultVariant" classname="com.dotmarketing.business.VersionableFactoryImplTest" time="1.064"/>
  <testcase name="findContentletVersionInfoInDBWithVariant" classname="com.dotmarketing.business.VersionableFactoryImplTest" time="1.067"/>
  <testcase name="findContentletVersionInfoInDB" classname="com.dotmarketing.business.VersionableFactoryImplTest" time="1.065"/>
  <testcase name="findAllContentletVersionInfoWithVariant" classname="com.dotmarketing.business.VersionableFactoryImplTest" time="1.155"/>
  <testcase name="findContentletByIdentifierAnyLanguageAndVariant" classname="com.dotmarketing.business.VersionableFactoryImplTest" time="2.004"/>
  <testcase name="findContentletVersionInfoWithVariant" classname="com.dotmarketing.business.VersionableFactoryImplTest" time="1.061"/>
  <testcase name="findContentletVersionInfoCacheWithVariant" classname="com.dotmarketing.business.VersionableFactoryImplTest" time="1.076"/>
  <testcase name="findContentletVersionInfoCache" classname="com.dotmarketing.business.VersionableFactoryImplTest" time="1.059"/>
  <testcase name="createContentletVersionInfoWithDefaultVariant" classname="com.dotmarketing.business.VersionableFactoryImplTest" time="1.056"/>
  <system-out><![CDATA[]]></system-out>
  <system-err><![CDATA[]]></system-err>
</testsuite>
