<?xml version="1.0" encoding="UTF-8"?>
<testsuite name="com.dotmarketing.business.DeterministicIdentifierAPITest" tests="16" skipped="0" failures="0" errors="0" timestamp="2023-06-22T15:05:39" hostname="fv-az361-657" time="0.74">
  <properties/>
  <testcase name="Test_Category_Path_Seed_And_Id" classname="com.dotmarketing.business.DeterministicIdentifierAPITest" time="0.038"/>
  <testcase name="Test_Language_Deterministic_Id[0: LanguageTestCase{expectedSeed='Language:es:US', expectedHash=4913155, langCode='es', countryCode='US', country='United States'}]" classname="com.dotmarketing.business.DeterministicIdentifierAPITest" time="0.001"/>
  <testcase name="Test_Language_Deterministic_Id[1: LanguageTestCase{expectedSeed='Language:ep:', expectedHash=5292269, langCode='ep', countryCode='', country=''}]" classname="com.dotmarketing.business.DeterministicIdentifierAPITest" time="0.001"/>
  <testcase name="Test_Language_Deterministic_Id[2: LanguageTestCase{expectedSeed='Language:sg:SAG', expectedHash=4713118, langCode='sg', countryCode='SAG', country=''}]" classname="com.dotmarketing.business.DeterministicIdentifierAPITest" time="0.001"/>
  <testcase name="Test_Language_Deterministic_Id[3: LanguageTestCase{expectedSeed='Language:en:NZ', expectedHash=5382528, langCode='en', countryCode='NZ', country='New Zealand'}]" classname="com.dotmarketing.business.DeterministicIdentifierAPITest" time="0.0"/>
  <testcase name="Test_Category_None_Persisted_Category_Should_Return_Deterministic_Id" classname="com.dotmarketing.business.DeterministicIdentifierAPITest" time="0.001"/>
  <testcase name="Test_Asset_Generate_Deterministic_Id_Best_Effort[0: TestCase{versionable=my.host1687440790255.com, parent=System Host, expectedName='my.host1687440790255.com', expectedType='Host'}]" classname="com.dotmarketing.business.DeterministicIdentifierAPITest" time="0.004"/>
  <testcase name="Test_Asset_Generate_Deterministic_Id_Best_Effort[1: TestCase{versionable=com.dotmarketing.portlets.contentlet.model.Contentlet@d30aa33[map={modDate=2023-06-22 13:33:11.262, fileName=file17749099767160711238.txt, title=file17749099767160711238.txt, inode=783f537f-7592-4555-81f5-fda00c0268e8, __IS_NEW_CONTENT__=true, disabledWYSIWYG=[], host=61df95e8-de5f-4170-a6b9-83add83fe9ff, stInode=33888b6f-7a8e-4069-b1b6-5c1aa9d0a48d, owner=system, identifier=076eb568-211e-4f2d-a1b0-eb33a72170fa, nullProperties=[wfExpireDate, wfPublishDate, wfActionAssign, wfActionId, wfActionComments, filterKey, whereToSend, wfNeverExpire, _path_to_move, timezoneId, iWantTo, wfPublishTime, wfExpireTime], languageId=1, fileAsset=/home/runner/work/core/custom/assets/7/8/783f537f-7592-4555-81f5-fda00c0268e8/fileAsset/file17749099767160711238.txt, folder=203d034d-1e29-4cb9-a4fc-ebb77930ad8e, __disable_workflow__=true, sortOrder=0, modUser=system},lowIndexPriority=false,variantId=DEFAULT], parent=com.dotmarketing.portlets.folders.model.Folder@6e1e8b02[identifier=203d034d-1e29-4cb9-a4fc-ebb77930ad8e,name=testName1687440791255,sortOrder=0,showOnMenu=false,hostId=61df95e8-de5f-4170-a6b9-83add83fe9ff,type=folder,title=testTitle1687440791255,filesMasks=,defaultFileType=33888b6f-7a8e-4069-b1b6-5c1aa9d0a48d,modDate=2023-06-22 13:33:11.258,owner=&lt;null&gt;,iDate=2023-06-22 13:33:11.258,inode=203d034d-1e29-4cb9-a4fc-ebb77930ad8e,path=/testName1687440791255/], expectedName='file17749099767160711238.txt', expectedType='FileAsset'}]" classname="com.dotmarketing.business.DeterministicIdentifierAPITest" time="0.004"/>
  <testcase name="Test_Asset_Generate_Deterministic_Id_Best_Effort[2: TestCase{versionable=com.dotmarketing.portlets.templates.model.Template@165413bb, parent=my.host1687440790255.com, expectedName='testTitle1687440791333', expectedType='Template'}]" classname="com.dotmarketing.business.DeterministicIdentifierAPITest" time="0.002"/>
  <testcase name="Test_Asset_Generate_Deterministic_Id_Best_Effort[3: TestCase{versionable=com.dotmarketing.portlets.htmlpageasset.model.HTMLPageAsset@7f210436[map={template=d690e62a-6070-406e-9023-d4ac177ede7d, owner=system, identifier=bce67dac-5284-4322-b674-760b478ab70d, nullProperties=[wfExpireDate, wfPublishDate, wfActionAssign, wfActionId, wfActionComments, filterKey, whereToSend, wfNeverExpire, _path_to_move, timezoneId, iWantTo, wfPublishTime, wfExpireTime], modDate=2023-06-22 13:33:11.353, cachettl=0, _is_test_mode=true, languageId=1, title=test-page-title-1687440791342, httpsreq=, url=test-page-url-1687440791342, showOnMenu=, inode=1c3866c2-9f9c-489a-b34b-41cb630924f6, folder=203d034d-1e29-4cb9-a4fc-ebb77930ad8e, disabledWYSIWYG=[], sortOrder=1, modUser=system, host=61df95e8-de5f-4170-a6b9-83add83fe9ff, stInode=c541abb1-69b3-4bc5-8430-5e09e5239cc8, friendlyName=test-page-friendly-name-1687440791342},lowIndexPriority=false,variantId=DEFAULT], parent=com.dotmarketing.portlets.folders.model.Folder@6e1e8b02[identifier=203d034d-1e29-4cb9-a4fc-ebb77930ad8e,name=testName1687440791255,sortOrder=0,showOnMenu=false,hostId=61df95e8-de5f-4170-a6b9-83add83fe9ff,type=folder,title=testTitle1687440791255,filesMasks=,defaultFileType=33888b6f-7a8e-4069-b1b6-5c1aa9d0a48d,modDate=2023-06-22 13:33:11.258,owner=&lt;null&gt;,iDate=2023-06-22 13:33:11.258,inode=203d034d-1e29-4cb9-a4fc-ebb77930ad8e,path=/testName1687440791255/], expectedName='test-page-url-1687440791342', expectedType='htmlpageasset'}]" classname="com.dotmarketing.business.DeterministicIdentifierAPITest" time="0.002"/>
  <testcase name="Test_Asset_Generate_Deterministic_Id_Best_Effort[4: TestCase{versionable=com.dotmarketing.portlets.contentlet.model.Contentlet@6176bbad[map={fileAsset2=/home/runner/work/core/custom/assets/6/3/63bca51f-d75a-49b3-b9eb-591ddef1194a/fileAsset2/test_binary1687440792242.png, modDate=2023-06-22 13:33:12.248, fileAsset1=/home/runner/work/core/custom/assets/6/3/63bca51f-d75a-49b3-b9eb-591ddef1194a/fileAsset1/test_binary1687440792242.jpg, title=blah, inode=63bca51f-d75a-49b3-b9eb-591ddef1194a, __IS_NEW_CONTENT__=true, disabledWYSIWYG=[], host=8a7d5e23-da1e-420a-b4f0-471e7da8ea2d, stInode=5bab5e17-e00f-455d-bdd6-67fa9ab0c1c8, owner=system, identifier=a0658926-5c5b-4d9c-a156-7ec37eaa42d3, nullProperties=[], languageId=1, image1=37336f6b-779b-434d-9a45-52a025e34ff1, folder=SYSTEM_FOLDER, __disable_workflow__=true, sortOrder=0, modUser=system},lowIndexPriority=false,variantId=DEFAULT], parent=default, expectedName='test_binary1687440792242.jpg:test_binary1687440792242.png', expectedType='MultipleBinaries1687440791439'}]" classname="com.dotmarketing.business.DeterministicIdentifierAPITest" time="0.007"/>
  <testcase name="Test_Asset_Generate_Deterministic_Id_Best_Effort[5: TestCase{versionable=name6d4bfe051b : keyTag6d4bfe051b, parent=my.host1687440790255.com, expectedName='keyTag6d4bfe051b', expectedType='persona'}]" classname="com.dotmarketing.business.DeterministicIdentifierAPITest" time="0.006"/>
  <testcase name="Test_Similar_Content_Type_Wont_Clash" classname="com.dotmarketing.business.DeterministicIdentifierAPITest" time="0.389"/>
  <testcase name="Test_Generate_Folder_Identifier" classname="com.dotmarketing.business.DeterministicIdentifierAPITest" time="0.267"/>
  <testcase name="Test_Generate_Content_Type_Identifier[0: ContentTypeTestCase{contentType=KeyValueContentType{name=Language Variable, id=f4d7c1b8-2c88-4071-abf1-a5328977b07d, description=Default Content Type for Language Variables, defaultType=false, fixed=true, iDate=Thu Aug 31 16:38:49 UTC 2017, system=true, versionable=true, variable=Languagevariable, modDate=Thu Jun 22 13:29:57 UTC 2023, host=SYSTEM_HOST, siteName=systemHost, icon=language, sortOrder=0, folder=SYSTEM_FOLDER, folderPath=/, markedForDeletion=false, multilingualable=false}, expectedName='Languagevariable', expectedType='KeyValue'}]" classname="com.dotmarketing.business.DeterministicIdentifierAPITest" time="0.006"/>
  <testcase name="Test_Generate_Content_Type_Identifier[1: ContentTypeTestCase{contentType=SimpleContentType{name=testName1687440792552, id=5c2fd66f-ef55-4667-bf90-4e29a2b52417, description=testDescription1687440792552, defaultType=false, fixed=false, iDate=Thu Jun 22 13:33:12 UTC 2023, system=false, versionable=true, multilingualable=false, variable=testVarname1687440792552, owner=system, modDate=Thu Jun 22 13:33:13 UTC 2023, host=8a7d5e23-da1e-420a-b4f0-471e7da8ea2d, siteName=default, icon=event_note, sortOrder=0, folder=SYSTEM_FOLDER, folderPath=/, requiredFields=[], markedForDeletion=false}, expectedName='testVarname1687440792552', expectedType='CONTENT'}]" classname="com.dotmarketing.business.DeterministicIdentifierAPITest" time="0.003"/>
  <system-out><![CDATA[]]></system-out>
  <system-err><![CDATA[]]></system-err>
</testsuite>
