<?xml version="1.0" encoding="UTF-8"?>
<testsuite name="com.dotcms.rest.TagResourceIntegrationTest" tests="4" skipped="0" failures="0" errors="0" timestamp="2023-07-12T23:19:50" hostname="fv-az1259-223" time="0.264">
  <properties/>
  <testcase name="testList[0: com.dotcms.rest.TagResourceTestCase@6b5578c1]" classname="com.dotcms.rest.TagResourceIntegrationTest" time="0.218"/>
  <testcase name="testList[1: com.dotcms.rest.TagResourceTestCase@7362117a]" classname="com.dotcms.rest.TagResourceIntegrationTest" time="0.016"/>
  <testcase name="testList[2: com.dotcms.rest.TagResourceTestCase@4e9e120]" classname="com.dotcms.rest.TagResourceIntegrationTest" time="0.013"/>
  <testcase name="testList[3: com.dotcms.rest.TagResourceTestCase@286d91c7]" classname="com.dotcms.rest.TagResourceIntegrationTest" time="0.016"/>
  <system-out><![CDATA[]]></system-out>
  <system-err><![CDATA[Jul 12, 2023 11:19:50 PM com.dotcms.repackage.org.hibernate.validator.internal.util.Version <clinit>
INFO: HV000001: Hibernate Validator 4.3.2.Final
]]></system-err>
</testsuite>
