<?xml version="1.0" encoding="UTF-8"?>
<testsuite name="com.dotcms.rendering.velocity.viewtools.XmlToolTest" tests="2" skipped="0" failures="0" errors="0" timestamp="2023-06-28T19:43:14" hostname="fv-az440-364" time="0.03">
  <properties/>
  <testcase name="test_xmltool_using_private_ip_should_throw_an_exception" classname="com.dotcms.rendering.velocity.viewtools.XmlToolTest" time="0.001"/>
  <testcase name="read" classname="com.dotcms.rendering.velocity.viewtools.XmlToolTest" time="0.029"/>
  <system-out><![CDATA[]]></system-out>
  <system-err><![CDATA[]]></system-err>
</testsuite>
