<?xml version="1.0" encoding="UTF-8"?>
<testsuite name="com.dotcms.content.elasticsearch.business.ESMappingAPITest" tests="19" skipped="0" failures="0" errors="0" timestamp="2023-07-17T15:31:21" hostname="fv-az338-287" time="25.462">
  <properties/>
  <testcase name="testLoadCategories_GivenContentWithCats_ShouldLoadESMapWithListOfCatsVarnames" classname="com.dotcms.content.elasticsearch.business.ESMappingAPITest" time="1.413"/>
  <testcase name="whenContentletHasInvalidHostId" classname="com.dotcms.content.elasticsearch.business.ESMappingAPITest" time="0.834"/>
  <testcase name="Test_toMap_Metadata_dotRaw" classname="com.dotcms.content.elasticsearch.business.ESMappingAPITest" time="2.753"/>
  <testcase name="test_toMap_binary_field_shouldSuccess" classname="com.dotcms.content.elasticsearch.business.ESMappingAPITest" time="0.284"/>
  <testcase name="whenContentletHasInvalidContentTypeId" classname="com.dotcms.content.elasticsearch.business.ESMappingAPITest" time="1.112"/>
  <testcase name="whenContentletHasNotContentletVersionInfo" classname="com.dotcms.content.elasticsearch.business.ESMappingAPITest" time="1.089"/>
  <testcase name="testLoadRelationshipFields_whenUsingOneSideFieldRelationships_shouldSuccess" classname="com.dotcms.content.elasticsearch.business.ESMappingAPITest" time="1.702"/>
  <testcase name="testLoadRelationshipFields_whenUsingSelfRelationships_shouldSuccess" classname="com.dotcms.content.elasticsearch.business.ESMappingAPITest" time="1.552"/>
  <testcase name="testLoadRelationshipFields_whenUsingTwoSidedFieldRelationships_shouldSuccess" classname="com.dotcms.content.elasticsearch.business.ESMappingAPITest" time="1.571"/>
  <testcase name="Test_Create_FileAsset_With_Metadata_KeyValue_Then_Query" classname="com.dotcms.content.elasticsearch.business.ESMappingAPITest" time="0.749"/>
  <testcase name="test_toMap_when_textFieldShouldNotBeIncluded" classname="com.dotcms.content.elasticsearch.business.ESMappingAPITest" time="2.05"/>
  <testcase name="test_toMap_hidden_date_fields_shouldSuccess" classname="com.dotcms.content.elasticsearch.business.ESMappingAPITest" time="1.158"/>
  <testcase name="testLoadRelationshipFields_whenUsingLegacyRelationships_shouldSuccess" classname="com.dotcms.content.elasticsearch.business.ESMappingAPITest" time="1.522"/>
  <testcase name="whenContentletHasInvalidFolderId" classname="com.dotcms.content.elasticsearch.business.ESMappingAPITest" time="0.36"/>
  <testcase name="whenContentletHasNotIdentifier" classname="com.dotcms.content.elasticsearch.business.ESMappingAPITest" time="2.078"/>
  <testcase name="test_toMap_fileasset_txt_shouldSuccess" classname="com.dotcms.content.elasticsearch.business.ESMappingAPITest" time="0.443"/>
  <testcase name="Test_Create_ContentType_With_KeyValue_Field_Test_Query_Expect_Success" classname="com.dotcms.content.elasticsearch.business.ESMappingAPITest" time="1.293"/>
  <testcase name="Test_Create_FileAsset_Query_by_MetaData_Expect_Success" classname="com.dotcms.content.elasticsearch.business.ESMappingAPITest" time="1.387"/>
  <testcase name="test_toMap_when_textFieldShouldBeIncluded" classname="com.dotcms.content.elasticsearch.business.ESMappingAPITest" time="2.108"/>
  <system-out><![CDATA[]]></system-out>
  <system-err><![CDATA[]]></system-err>
</testsuite>
