<?xml version="1.0" encoding="UTF-8"?>
<testsuite name="com.dotmarketing.portlets.contentlet.transform.ContentletTransformerTest" tests="23" skipped="0" failures="0" errors="0" timestamp="2023-06-26T16:10:46" hostname="fv-az955-152" time="13.916">
  <properties/>
  <testcase name="Test_DotAsset_FileAsset_Pushed_Back_into_Transformer" classname="com.dotmarketing.portlets.contentlet.transform.ContentletTransformerTest" time="1.228"/>
  <testcase name="Test_Hydrate_Contentlet_WithUrl" classname="com.dotmarketing.portlets.contentlet.transform.ContentletTransformerTest" time="0.92"/>
  <testcase name="Transformer_Backwards_Compatibility_Test[0: CompatibilityTestCase{baseContentType=ANY}]" classname="com.dotmarketing.portlets.contentlet.transform.ContentletTransformerTest" time="0.001"/>
  <testcase name="Transformer_Backwards_Compatibility_Test[1: CompatibilityTestCase{baseContentType=CONTENT}]" classname="com.dotmarketing.portlets.contentlet.transform.ContentletTransformerTest" time="0.376"/>
  <testcase name="Transformer_Backwards_Compatibility_Test[2: CompatibilityTestCase{baseContentType=WIDGET}]" classname="com.dotmarketing.portlets.contentlet.transform.ContentletTransformerTest" time="0.092"/>
  <testcase name="Transformer_Backwards_Compatibility_Test[3: CompatibilityTestCase{baseContentType=FORM}]" classname="com.dotmarketing.portlets.contentlet.transform.ContentletTransformerTest" time="0.001"/>
  <testcase name="Transformer_Backwards_Compatibility_Test[4: CompatibilityTestCase{baseContentType=FILEASSET}]" classname="com.dotmarketing.portlets.contentlet.transform.ContentletTransformerTest" time="0.124"/>
  <testcase name="Transformer_Backwards_Compatibility_Test[5: CompatibilityTestCase{baseContentType=HTMLPAGE}]" classname="com.dotmarketing.portlets.contentlet.transform.ContentletTransformerTest" time="0.119"/>
  <testcase name="Transformer_Backwards_Compatibility_Test[6: CompatibilityTestCase{baseContentType=PERSONA}]" classname="com.dotmarketing.portlets.contentlet.transform.ContentletTransformerTest" time="0.0"/>
  <testcase name="Transformer_Backwards_Compatibility_Test[7: CompatibilityTestCase{baseContentType=VANITY_URL}]" classname="com.dotmarketing.portlets.contentlet.transform.ContentletTransformerTest" time="0.0"/>
  <testcase name="Transformer_Backwards_Compatibility_Test[8: CompatibilityTestCase{baseContentType=KEY_VALUE}]" classname="com.dotmarketing.portlets.contentlet.transform.ContentletTransformerTest" time="0.0"/>
  <testcase name="Test_Contentlet_To_Map_View_For_FileAsset" classname="com.dotmarketing.portlets.contentlet.transform.ContentletTransformerTest" time="0.241"/>
  <testcase name="Test_Constant_fields_are_in_map" classname="com.dotmarketing.portlets.contentlet.transform.ContentletTransformerTest" time="1.847"/>
  <testcase name="Transformer_Simple_Test" classname="com.dotmarketing.portlets.contentlet.transform.ContentletTransformerTest" time="0.057"/>
  <testcase name="Transformer_content_Resource_Date_Formats_Test" classname="com.dotmarketing.portlets.contentlet.transform.ContentletTransformerTest" time="4.076"/>
  <testcase name="Test_Serialize_Contentlet_Then_Recover_Then_Transform[0: com.dotmarketing.portlets.contentlet.transform.ContentletTransformerTest$SerializationTestCase@4879495b]" classname="com.dotmarketing.portlets.contentlet.transform.ContentletTransformerTest" time="0.012"/>
  <testcase name="Test_Serialize_Contentlet_Then_Recover_Then_Transform[1: com.dotmarketing.portlets.contentlet.transform.ContentletTransformerTest$SerializationTestCase@52c504c4]" classname="com.dotmarketing.portlets.contentlet.transform.ContentletTransformerTest" time="0.012"/>
  <testcase name="Test_Serialize_Contentlet_Then_Recover_Then_Transform[2: com.dotmarketing.portlets.contentlet.transform.ContentletTransformerTest$SerializationTestCase@79178f81]" classname="com.dotmarketing.portlets.contentlet.transform.ContentletTransformerTest" time="0.013"/>
  <testcase name="Test_Serialize_Contentlet_Then_Recover_Then_Transform[3: com.dotmarketing.portlets.contentlet.transform.ContentletTransformerTest$SerializationTestCase@1b1bfd0a]" classname="com.dotmarketing.portlets.contentlet.transform.ContentletTransformerTest" time="0.006"/>
  <testcase name="Test_Serialize_Contentlet_Then_Recover_Then_Transform[4: com.dotmarketing.portlets.contentlet.transform.ContentletTransformerTest$SerializationTestCase@192a4ca3]" classname="com.dotmarketing.portlets.contentlet.transform.ContentletTransformerTest" time="0.006"/>
  <testcase name="Test_Hydrate_Contentlet_Without_Url_And_AssetName_Does_Not_Exist" classname="com.dotmarketing.portlets.contentlet.transform.ContentletTransformerTest" time="0.969"/>
  <testcase name="Test_Hydrate_Contentlet_Without_Url" classname="com.dotmarketing.portlets.contentlet.transform.ContentletTransformerTest" time="1.016"/>
  <testcase name="Test_Null_Value_On_Category" classname="com.dotmarketing.portlets.contentlet.transform.ContentletTransformerTest" time="2.79"/>
  <system-out><![CDATA[]]></system-out>
  <system-err><![CDATA[]]></system-err>
</testsuite>
