<?xml version="1.0" encoding="UTF-8"?>
<testsuite name="com.dotmarketing.portlets.workflows.actionlet.FourEyeApproverActionletTest" tests="3" skipped="0" failures="0" errors="0" timestamp="2023-06-30T22:51:10" hostname="fv-az936-969" time="6.362">
  <properties/>
  <testcase name="contentApprovalWithTwoApprovers" classname="com.dotmarketing.portlets.workflows.actionlet.FourEyeApproverActionletTest" time="3.971"/>
  <testcase name="contentApprovalWithOneApprover" classname="com.dotmarketing.portlets.workflows.actionlet.FourEyeApproverActionletTest" time="1.274"/>
  <testcase name="unauthorizedUserTriggeringWorkflowAction" classname="com.dotmarketing.portlets.workflows.actionlet.FourEyeApproverActionletTest" time="1.117"/>
  <system-out><![CDATA[]]></system-out>
  <system-err><![CDATA[]]></system-err>
</testsuite>
