<?xml version="1.0" encoding="UTF-8"?>
<testsuite name="com.dotcms.publishing.PushPublishFiltersInitializerTest" tests="6" skipped="0" failures="0" errors="0" timestamp="2023-07-21T16:24:50" hostname="fv-az453-320" time="0.061">
  <properties/>
  <testcase name="test_loadFilter_BooleanPropertyValueSetNumber_filterIsNotAdded" classname="com.dotcms.publishing.PushPublishFiltersInitializerTest" time="0.009"/>
  <testcase name="test_loadFilter_success" classname="com.dotcms.publishing.PushPublishFiltersInitializerTest" time="0.013"/>
  <testcase name="test_loadFilter_RequiredPropertyNull_filterIsNotAdded" classname="com.dotcms.publishing.PushPublishFiltersInitializerTest" time="0.012"/>
  <testcase name="test_loadFilter_BooleanPropertyValueSetToAnyOtherString_filterIsNotAdded" classname="com.dotcms.publishing.PushPublishFiltersInitializerTest" time="0.011"/>
  <testcase name="test_loadFilter_YAMLFileEmpty_otherFiltersLoadSuccessfully" classname="com.dotcms.publishing.PushPublishFiltersInitializerTest" time="0.008"/>
  <testcase name="test_loadFilter_AddPropertyNotExpected_filterIsNotAdded" classname="com.dotcms.publishing.PushPublishFiltersInitializerTest" time="0.008"/>
  <system-out><![CDATA[]]></system-out>
  <system-err><![CDATA[]]></system-err>
</testsuite>
