<?xml version="1.0" encoding="UTF-8"?>
<testsuite name="com.dotcms.rest.api.v1.vtl.VTLResourceIntegrationTest" tests="6" skipped="0" failures="0" errors="0" timestamp="2023-06-22T18:51:51" hostname="fv-az419-343" time="13.673">
  <properties/>
  <testcase name="testGet[0: com.dotcms.rest.api.v1.vtl.VTLResourceTestCase@2f514e52]" classname="com.dotcms.rest.api.v1.vtl.VTLResourceIntegrationTest" time="2.613"/>
  <testcase name="testGet[1: com.dotcms.rest.api.v1.vtl.VTLResourceTestCase@3927f68d]" classname="com.dotcms.rest.api.v1.vtl.VTLResourceIntegrationTest" time="1.828"/>
  <testcase name="testGet[2: com.dotcms.rest.api.v1.vtl.VTLResourceTestCase@796f2fdf]" classname="com.dotcms.rest.api.v1.vtl.VTLResourceIntegrationTest" time="2.397"/>
  <testcase name="testGet[3: com.dotcms.rest.api.v1.vtl.VTLResourceTestCase@afcf2e7]" classname="com.dotcms.rest.api.v1.vtl.VTLResourceIntegrationTest" time="2.677"/>
  <testcase name="testGet[4: com.dotcms.rest.api.v1.vtl.VTLResourceTestCase@2ffa1e34]" classname="com.dotcms.rest.api.v1.vtl.VTLResourceIntegrationTest" time="2.099"/>
  <testcase name="testGet[5: com.dotcms.rest.api.v1.vtl.VTLResourceTestCase@29ef06d8]" classname="com.dotcms.rest.api.v1.vtl.VTLResourceIntegrationTest" time="2.059"/>
  <system-out><![CDATA[]]></system-out>
  <system-err><![CDATA[]]></system-err>
</testsuite>
