<?xml version="1.0" encoding="UTF-8"?>
<testsuite name="com.dotcms.publishing.BundlerUtilTest" tests="1" skipped="0" failures="0" errors="0" timestamp="2023-06-28T04:36:21" hostname="fv-az255-852" time="0.002">
  <properties/>
  <testcase name="test_jsonToObject_when_typeReference" classname="com.dotcms.publishing.BundlerUtilTest" time="0.002"/>
  <system-out><![CDATA[]]></system-out>
  <system-err><![CDATA[]]></system-err>
</testsuite>
