<?xml version="1.0" encoding="UTF-8"?>
<testsuite name="com.dotcms.rest.api.v1.vtl.VTLResourceIntegrationTest" tests="6" skipped="0" failures="0" errors="0" timestamp="2023-07-18T20:28:15" hostname="fv-az887-517" time="11.422">
  <properties/>
  <testcase name="testGet[0: com.dotcms.rest.api.v1.vtl.VTLResourceTestCase@6303e84a]" classname="com.dotcms.rest.api.v1.vtl.VTLResourceIntegrationTest" time="2.647"/>
  <testcase name="testGet[1: com.dotcms.rest.api.v1.vtl.VTLResourceTestCase@6bb22058]" classname="com.dotcms.rest.api.v1.vtl.VTLResourceIntegrationTest" time="1.679"/>
  <testcase name="testGet[2: com.dotcms.rest.api.v1.vtl.VTLResourceTestCase@617b758c]" classname="com.dotcms.rest.api.v1.vtl.VTLResourceIntegrationTest" time="2.247"/>
  <testcase name="testGet[3: com.dotcms.rest.api.v1.vtl.VTLResourceTestCase@cb4c548]" classname="com.dotcms.rest.api.v1.vtl.VTLResourceIntegrationTest" time="0.965"/>
  <testcase name="testGet[4: com.dotcms.rest.api.v1.vtl.VTLResourceTestCase@70893d2c]" classname="com.dotcms.rest.api.v1.vtl.VTLResourceIntegrationTest" time="1.897"/>
  <testcase name="testGet[5: com.dotcms.rest.api.v1.vtl.VTLResourceTestCase@a436385]" classname="com.dotcms.rest.api.v1.vtl.VTLResourceIntegrationTest" time="1.986"/>
  <system-out><![CDATA[]]></system-out>
  <system-err><![CDATA[]]></system-err>
</testsuite>
