<?xml version="1.0" encoding="UTF-8"?>
<testsuite name="org.apache.felix.framework.OSGIUtilTest" tests="6" skipped="0" failures="0" errors="0" timestamp="2023-06-22T20:16:13" hostname="fv-az456-887" time="11.26">
  <properties/>
  <testcase name="test01DefaultFelixDeployPath" classname="org.apache.felix.framework.OSGIUtilTest" time="0.001"/>
  <testcase name="test02DefaultFelixUndeployPath" classname="org.apache.felix.framework.OSGIUtilTest" time="0.001"/>
  <testcase name="test03CustomFelixDeployPath" classname="org.apache.felix.framework.OSGIUtilTest" time="4.538"/>
  <testcase name="test04CustomFelixUndeployPath" classname="org.apache.felix.framework.OSGIUtilTest" time="4.436"/>
  <testcase name="test_check_get_exported_packages_normalized" classname="org.apache.felix.framework.OSGIUtilTest" time="0.009"/>
  <testcase name="test_validate_felix_custom_base_dir" classname="org.apache.felix.framework.OSGIUtilTest" time="2.275"/>
  <system-out><![CDATA[













































































































































































































































































]]></system-out>
  <system-err><![CDATA[]]></system-err>
</testsuite>
