<?xml version="1.0" encoding="UTF-8"?>
<testsuite name="com.dotcms.rest.elasticsearch.ESContentResourcePortletTest" tests="8" skipped="0" failures="0" errors="0" timestamp="2023-06-29T17:45:56" hostname="fv-az571-416" time="8.109">
  <properties/>
  <testcase name="test_search_includeGrandChildCategory_success" classname="com.dotcms.rest.elasticsearch.ESContentResourcePortletTest" time="1.333"/>
  <testcase name="testSearch[0: com.dotcms.rest.elasticsearch.ESContentResourcePortletTest$TestCase@63658a1e]" classname="com.dotcms.rest.elasticsearch.ESContentResourcePortletTest" time="0.863"/>
  <testcase name="testSearch[1: com.dotcms.rest.elasticsearch.ESContentResourcePortletTest$TestCase@568772b0]" classname="com.dotcms.rest.elasticsearch.ESContentResourcePortletTest" time="0.337"/>
  <testcase name="testSearch[2: com.dotcms.rest.elasticsearch.ESContentResourcePortletTest$TestCase@3476b669]" classname="com.dotcms.rest.elasticsearch.ESContentResourcePortletTest" time="0.949"/>
  <testcase name="testSearch[3: com.dotcms.rest.elasticsearch.ESContentResourcePortletTest$TestCase@38979651]" classname="com.dotcms.rest.elasticsearch.ESContentResourcePortletTest" time="1.334"/>
  <testcase name="testSearch[4: com.dotcms.rest.elasticsearch.ESContentResourcePortletTest$TestCase@776dce27]" classname="com.dotcms.rest.elasticsearch.ESContentResourcePortletTest" time="1.324"/>
  <testcase name="testSearch[5: com.dotcms.rest.elasticsearch.ESContentResourcePortletTest$TestCase@1a122088]" classname="com.dotcms.rest.elasticsearch.ESContentResourcePortletTest" time="1.028"/>
  <testcase name="testSearch[6: com.dotcms.rest.elasticsearch.ESContentResourcePortletTest$TestCase@1bd6185d]" classname="com.dotcms.rest.elasticsearch.ESContentResourcePortletTest" time="0.941"/>
  <system-out><![CDATA[]]></system-out>
  <system-err><![CDATA[]]></system-err>
</testsuite>
