<?xml version="1.0" encoding="UTF-8"?>
<testsuite name="com.dotmarketing.portlets.contentlet.business.ContentletCacheImplTest" tests="1" skipped="0" failures="0" errors="0" timestamp="2023-07-20T00:58:12" hostname="fv-az341-447" time="1.324">
  <properties/>
  <testcase name="test_cache_does_not_get_dirty" classname="com.dotmarketing.portlets.contentlet.business.ContentletCacheImplTest" time="1.324"/>
  <system-out><![CDATA[]]></system-out>
  <system-err><![CDATA[]]></system-err>
</testsuite>
