<?xml version="1.0" encoding="UTF-8"?>
<testsuite name="com.dotcms.contenttype.test.JsonContentTypeTransformerTest" tests="4" skipped="0" failures="0" errors="0" timestamp="2023-07-03T15:43:51" hostname="fv-az349-999" time="5.592">
  <properties/>
  <testcase name="testFieldSerialization" classname="com.dotcms.contenttype.test.JsonContentTypeTransformerTest" time="1.311"/>
  <testcase name="testContentTypeSerialization" classname="com.dotcms.contenttype.test.JsonContentTypeTransformerTest" time="1.957"/>
  <testcase name="testFieldArraySerialization" classname="com.dotcms.contenttype.test.JsonContentTypeTransformerTest" time="0.815"/>
  <testcase name="testContentTypeArraySerialization" classname="com.dotcms.contenttype.test.JsonContentTypeTransformerTest" time="1.509"/>
  <system-out><![CDATA[]]></system-out>
  <system-err><![CDATA[]]></system-err>
</testsuite>
