<?xml version="1.0" encoding="UTF-8"?>
<testsuite name="com.dotcms.contenttype.business.SiteAndFolderResolverImplTest" tests="11" skipped="0" failures="0" errors="0" timestamp="2023-07-10T20:08:00" hostname="fv-az950-407" time="3.742">
  <properties/>
  <testcase name="Test_Fallback_To_System_Host" classname="com.dotcms.contenttype.business.SiteAndFolderResolverImplTest" time="0.009"/>
  <testcase name="Test_Set_Existing_Folder_Expect_Valid_Resolution" classname="com.dotcms.contenttype.business.SiteAndFolderResolverImplTest" time="0.654"/>
  <testcase name="TestCaller" classname="com.dotcms.contenttype.business.SiteAndFolderResolverImplTest" time="0.012"/>
  <testcase name="Test_Explicitly_Set_System_Host_And_System_Folder_Expect_Same_Values" classname="com.dotcms.contenttype.business.SiteAndFolderResolverImplTest" time="0.002"/>
  <testcase name="Test_fromPath_And_Site_Method" classname="com.dotcms.contenttype.business.SiteAndFolderResolverImplTest" time="1.025"/>
  <testcase name="Test_Skip_Validate_Whatever_Comes_In_Comes_Back_TheSame" classname="com.dotcms.contenttype.business.SiteAndFolderResolverImplTest" time="0.01"/>
  <testcase name="Test_Set_Folder_Path_Expect_Valid_Resolution" classname="com.dotcms.contenttype.business.SiteAndFolderResolverImplTest" time="0.983"/>
  <testcase name="Test_Resolve_Fixed_ContentType" classname="com.dotcms.contenttype.business.SiteAndFolderResolverImplTest" time="0.005"/>
  <testcase name="Test_Get_SiteAndFolderParams_When_No_Host_Value_Is_Expect_Null" classname="com.dotcms.contenttype.business.SiteAndFolderResolverImplTest" time="0.003"/>
  <testcase name="Test_Fallback_To_Default" classname="com.dotcms.contenttype.business.SiteAndFolderResolverImplTest" time="0.004"/>
  <testcase name="Test_fromPath_Method" classname="com.dotcms.contenttype.business.SiteAndFolderResolverImplTest" time="1.03"/>
  <system-out><![CDATA[]]></system-out>
  <system-err><![CDATA[]]></system-err>
</testsuite>
