<?xml version="1.0" encoding="UTF-8"?>
<testsuite name="com.dotmarketing.business.DeterministicIdentifierAPITest" tests="16" skipped="0" failures="0" errors="0" timestamp="2023-07-18T17:44:24" hostname="fv-az1234-907" time="0.739">
  <properties/>
  <testcase name="Test_Category_Path_Seed_And_Id" classname="com.dotmarketing.business.DeterministicIdentifierAPITest" time="0.029"/>
  <testcase name="Test_Language_Deterministic_Id[0: LanguageTestCase{expectedSeed='Language:es:US', expectedHash=4913155, langCode='es', countryCode='US', country='United States'}]" classname="com.dotmarketing.business.DeterministicIdentifierAPITest" time="0.001"/>
  <testcase name="Test_Language_Deterministic_Id[1: LanguageTestCase{expectedSeed='Language:ep:', expectedHash=5292269, langCode='ep', countryCode='', country=''}]" classname="com.dotmarketing.business.DeterministicIdentifierAPITest" time="0.001"/>
  <testcase name="Test_Language_Deterministic_Id[2: LanguageTestCase{expectedSeed='Language:sg:SAG', expectedHash=4713118, langCode='sg', countryCode='SAG', country=''}]" classname="com.dotmarketing.business.DeterministicIdentifierAPITest" time="0.001"/>
  <testcase name="Test_Language_Deterministic_Id[3: LanguageTestCase{expectedSeed='Language:en:NZ', expectedHash=5382528, langCode='en', countryCode='NZ', country='New Zealand'}]" classname="com.dotmarketing.business.DeterministicIdentifierAPITest" time="0.001"/>
  <testcase name="Test_Category_None_Persisted_Category_Should_Return_Deterministic_Id" classname="com.dotmarketing.business.DeterministicIdentifierAPITest" time="0.001"/>
  <testcase name="Test_Asset_Generate_Deterministic_Id_Best_Effort[0: TestCase{versionable=my.host1689701874732.com, parent=System Host, expectedName='my.host1689701874732.com', expectedType='Host'}]" classname="com.dotmarketing.business.DeterministicIdentifierAPITest" time="0.006"/>
  <testcase name="Test_Asset_Generate_Deterministic_Id_Best_Effort[1: TestCase{versionable=com.dotmarketing.portlets.contentlet.model.Contentlet@551eadc6[map={modDate=2023-07-18 17:37:55.453, fileName=file3715217842401771501.txt, title=file3715217842401771501.txt, inode=eed46119-0a37-4b2d-8adb-cd92f57bd80b, __IS_NEW_CONTENT__=true, disabledWYSIWYG=[], host=0c364670-b4d6-43f1-8149-650297adafd2, stInode=33888b6f-7a8e-4069-b1b6-5c1aa9d0a48d, owner=system, identifier=a9428a9a-d821-4521-8598-e568d9edadb5, nullProperties=[wfExpireDate, wfPublishDate, wfActionAssign, wfActionId, wfActionComments, filterKey, whereToSend, wfNeverExpire, _path_to_move, timezoneId, iWantTo, wfPublishTime, wfExpireTime], languageId=1, fileAsset=/home/runner/work/core/custom/assets/e/e/eed46119-0a37-4b2d-8adb-cd92f57bd80b/fileAsset/file3715217842401771501.txt, folder=e66e8334-c320-479a-ab96-1bf776324521, __disable_workflow__=true, sortOrder=0, modUser=system},lowIndexPriority=false,variantId=DEFAULT], parent=com.dotmarketing.portlets.folders.model.Folder@276f6bcf[identifier=e66e8334-c320-479a-ab96-1bf776324521,name=testName1689701875447,sortOrder=0,showOnMenu=false,hostId=0c364670-b4d6-43f1-8149-650297adafd2,type=folder,title=testTitle1689701875447,filesMasks=,defaultFileType=33888b6f-7a8e-4069-b1b6-5c1aa9d0a48d,modDate=2023-07-18 17:37:55.45,owner=&lt;null&gt;,iDate=2023-07-18 17:37:55.45,inode=e66e8334-c320-479a-ab96-1bf776324521,path=/testName1689701875447/], expectedName='file3715217842401771501.txt', expectedType='FileAsset'}]" classname="com.dotmarketing.business.DeterministicIdentifierAPITest" time="0.004"/>
  <testcase name="Test_Asset_Generate_Deterministic_Id_Best_Effort[2: TestCase{versionable=com.dotmarketing.portlets.templates.model.Template@2457baba, parent=my.host1689701874732.com, expectedName='testTitle1689701875552', expectedType='Template'}]" classname="com.dotmarketing.business.DeterministicIdentifierAPITest" time="0.002"/>
  <testcase name="Test_Asset_Generate_Deterministic_Id_Best_Effort[3: TestCase{versionable=com.dotmarketing.portlets.htmlpageasset.model.HTMLPageAsset@12814d9d[map={template=36a1fb66-33c3-4a46-b50b-fe938cb54946, owner=system, identifier=8eeac812-731f-4bbc-81b5-4b6ba20f4044, nullProperties=[wfExpireDate, wfPublishDate, wfActionAssign, wfActionId, wfActionComments, filterKey, whereToSend, wfNeverExpire, _path_to_move, timezoneId, iWantTo, wfPublishTime, wfExpireTime], modDate=2023-07-18 17:37:55.569, cachettl=0, _is_test_mode=true, languageId=1, title=test-page-title-1689701875566, httpsreq=, url=test-page-url-1689701875566, showOnMenu=, inode=2a657f11-0138-49f6-8d6e-23042e87e549, folder=e66e8334-c320-479a-ab96-1bf776324521, disabledWYSIWYG=[], sortOrder=1, modUser=system, host=0c364670-b4d6-43f1-8149-650297adafd2, stInode=c541abb1-69b3-4bc5-8430-5e09e5239cc8, friendlyName=test-page-friendly-name-1689701875566},lowIndexPriority=false,variantId=DEFAULT], parent=com.dotmarketing.portlets.folders.model.Folder@276f6bcf[identifier=e66e8334-c320-479a-ab96-1bf776324521,name=testName1689701875447,sortOrder=0,showOnMenu=false,hostId=0c364670-b4d6-43f1-8149-650297adafd2,type=folder,title=testTitle1689701875447,filesMasks=,defaultFileType=33888b6f-7a8e-4069-b1b6-5c1aa9d0a48d,modDate=2023-07-18 17:37:55.45,owner=&lt;null&gt;,iDate=2023-07-18 17:37:55.45,inode=e66e8334-c320-479a-ab96-1bf776324521,path=/testName1689701875447/], expectedName='test-page-url-1689701875566', expectedType='htmlpageasset'}]" classname="com.dotmarketing.business.DeterministicIdentifierAPITest" time="0.002"/>
  <testcase name="Test_Asset_Generate_Deterministic_Id_Best_Effort[4: TestCase{versionable=com.dotmarketing.portlets.contentlet.model.Contentlet@2039e673[map={fileAsset2=/home/runner/work/core/custom/assets/9/4/94fc6035-78e5-457b-8b55-f70166d5281e/fileAsset2/test_binary1689701876436.png, modDate=2023-07-18 17:37:56.44, fileAsset1=/home/runner/work/core/custom/assets/9/4/94fc6035-78e5-457b-8b55-f70166d5281e/fileAsset1/test_binary1689701876436.jpg, title=blah, inode=94fc6035-78e5-457b-8b55-f70166d5281e, __IS_NEW_CONTENT__=true, disabledWYSIWYG=[], host=48190c8c-42c4-46af-8d1a-0cd5db894797, stInode=8cfac1be-cc40-4846-8bf7-3686bb922a8e, owner=system, identifier=a3a5e624-0013-4504-bf5d-6f0cb536584d, nullProperties=[], languageId=1, image1=b8d158eb-2b8f-4f24-a2f3-b15766627d66, folder=SYSTEM_FOLDER, __disable_workflow__=true, sortOrder=0, modUser=system},lowIndexPriority=false,variantId=DEFAULT], parent=demo.dotcms.com, expectedName='test_binary1689701876436.jpg:test_binary1689701876436.png', expectedType='MultipleBinaries1689701875719'}]" classname="com.dotmarketing.business.DeterministicIdentifierAPITest" time="0.002"/>
  <testcase name="Test_Asset_Generate_Deterministic_Id_Best_Effort[5: TestCase{versionable=name5ea7afa865 : keyTag5ea7afa865, parent=my.host1689701874732.com, expectedName='keyTag5ea7afa865', expectedType='persona'}]" classname="com.dotmarketing.business.DeterministicIdentifierAPITest" time="0.002"/>
  <testcase name="Test_Similar_Content_Type_Wont_Clash" classname="com.dotmarketing.business.DeterministicIdentifierAPITest" time="0.457"/>
  <testcase name="Test_Generate_Folder_Identifier" classname="com.dotmarketing.business.DeterministicIdentifierAPITest" time="0.211"/>
  <testcase name="Test_Generate_Content_Type_Identifier[0: ContentTypeTestCase{contentType=KeyValueContentType{name=Language Variable, id=f4d7c1b8-2c88-4071-abf1-a5328977b07d, description=Default Content Type for Language Variables, defaultType=false, fixed=true, iDate=Thu Aug 31 16:38:49 UTC 2017, system=true, versionable=true, variable=Languagevariable, modDate=Tue Jul 18 16:33:09 UTC 2023, host=SYSTEM_HOST, siteName=systemHost, icon=language, sortOrder=0, folder=SYSTEM_FOLDER, folderPath=/, markedForDeletion=true, multilingualable=false}, expectedName='Languagevariable', expectedType='KeyValue'}]" classname="com.dotmarketing.business.DeterministicIdentifierAPITest" time="0.005"/>
  <testcase name="Test_Generate_Content_Type_Identifier[1: ContentTypeTestCase{contentType=SimpleContentType{name=testName1689701876904, id=659348c5-468e-4b34-ae4a-228676cb5288, description=testDescription1689701876904, defaultType=false, fixed=false, iDate=Tue Jul 18 17:37:56 UTC 2023, system=false, versionable=true, multilingualable=false, variable=testVarname1689701876904, owner=system, modDate=Tue Jul 18 17:37:57 UTC 2023, host=48190c8c-42c4-46af-8d1a-0cd5db894797, siteName=demo.dotcms.com, icon=event_note, sortOrder=0, folder=SYSTEM_FOLDER, folderPath=/, requiredFields=[], markedForDeletion=false}, expectedName='testVarname1689701876904', expectedType='CONTENT'}]" classname="com.dotmarketing.business.DeterministicIdentifierAPITest" time="0.011"/>
  <system-out><![CDATA[]]></system-out>
  <system-err><![CDATA[]]></system-err>
</testsuite>
