<?xml version="1.0" encoding="UTF-8"?>
<testsuite name="com.dotmarketing.portlets.templates.business.TemplateAPITest" tests="44" skipped="0" failures="0" errors="0" timestamp="2023-06-27T16:08:42" hostname="fv-az343-524" time="41.057">
  <properties/>
  <testcase name="saveDraftTemplate_inodeNotExists_success" classname="com.dotmarketing.portlets.templates.business.TemplateAPITest" time="0.533"/>
  <testcase name="publishTemplate_expects_live_true" classname="com.dotmarketing.portlets.templates.business.TemplateAPITest" time="0.018"/>
  <testcase name="getContainersUUIDFromDrawTemplateBodyTest" classname="com.dotmarketing.portlets.templates.business.TemplateAPITest" time="0.001"/>
  <testcase name="findPagesByTemplate" classname="com.dotmarketing.portlets.templates.business.TemplateAPITest" time="2.256"/>
  <testcase name="testFindTemplatesUserCanUse_IncludeUniqueFilter_ShouldListOnlyOneResult" classname="com.dotmarketing.portlets.templates.business.TemplateAPITest" time="0.05"/>
  <testcase name="delete" classname="com.dotmarketing.portlets.templates.business.TemplateAPITest" time="0.055"/>
  <testcase name="test_find_inode_not_exist_return_Null" classname="com.dotmarketing.portlets.templates.business.TemplateAPITest" time="0.002"/>
  <testcase name="getContainersUUIDFromDrawTemplateBodyDoubleCommasTest" classname="com.dotmarketing.portlets.templates.business.TemplateAPITest" time="0.001"/>
  <testcase name="justOnePageVersion" classname="com.dotmarketing.portlets.templates.business.TemplateAPITest" time="2.171"/>
  <testcase name="severalPageVersionLang" classname="com.dotmarketing.portlets.templates.business.TemplateAPITest" time="2.96"/>
  <testcase name="testFindWorkingTemplateNoNPE" classname="com.dotmarketing.portlets.templates.business.TemplateAPITest" time="0.001"/>
  <testcase name="test_saveTemplate_limitedUser_success" classname="com.dotmarketing.portlets.templates.business.TemplateAPITest" time="2.726"/>
  <testcase name="test_findAllVersions_IdentifierNotBelongToTemplate_returnEmptyList" classname="com.dotmarketing.portlets.templates.business.TemplateAPITest" time="0.012"/>
  <testcase name="testFindTemplatesNoLayout" classname="com.dotmarketing.portlets.templates.business.TemplateAPITest" time="0.18"/>
  <testcase name="unpublishTemplate_expects_live_false" classname="com.dotmarketing.portlets.templates.business.TemplateAPITest" time="0.025"/>
  <testcase name="testFindTemplatesAssignedTo" classname="com.dotmarketing.portlets.templates.business.TemplateAPITest" time="0.068"/>
  <testcase name="test_find_success" classname="com.dotmarketing.portlets.templates.business.TemplateAPITest" time="0.024"/>
  <testcase name="archiveTemplate_expects_archive_true" classname="com.dotmarketing.portlets.templates.business.TemplateAPITest" time="0.021"/>
  <testcase name="testFindTemplates" classname="com.dotmarketing.portlets.templates.business.TemplateAPITest" time="0.034"/>
  <testcase name="archiveTemplate_expects_unarchive_true" classname="com.dotmarketing.portlets.templates.business.TemplateAPITest" time="0.027"/>
  <testcase name="test_newTemplate_checkIfSavesOwnerAndCreateDateOnIdentifier" classname="com.dotmarketing.portlets.templates.business.TemplateAPITest" time="0.025"/>
  <testcase name="getContainersUUIDFromDrawTemplateBodyTestNullInput" classname="com.dotmarketing.portlets.templates.business.TemplateAPITest" time="0.001"/>
  <testcase name="getTemplateByFolder_fileTemplate_success" classname="com.dotmarketing.portlets.templates.business.TemplateAPITest" time="2.023"/>
  <testcase name="findLiveTemplate" classname="com.dotmarketing.portlets.templates.business.TemplateAPITest" time="0.028"/>
  <testcase name="test_getContainersInTemplate_success" classname="com.dotmarketing.portlets.templates.business.TemplateAPITest" time="2.076"/>
  <testcase name="test_findAllVersions_success" classname="com.dotmarketing.portlets.templates.business.TemplateAPITest" time="0.042"/>
  <testcase name="testFindWorkingTemplateByName" classname="com.dotmarketing.portlets.templates.business.TemplateAPITest" time="1.023"/>
  <testcase name="test_saveTemplate_limitedUser_noEnoughPermissions_fail" classname="com.dotmarketing.portlets.templates.business.TemplateAPITest" time="1.569"/>
  <testcase name="copyTemplate" classname="com.dotmarketing.portlets.templates.business.TemplateAPITest" time="0.1"/>
  <testcase name="saveDraftTemplate_lastUpdatedUserIsNotTheSame_success" classname="com.dotmarketing.portlets.templates.business.TemplateAPITest" time="2.982"/>
  <testcase name="setThemeNameNull" classname="com.dotmarketing.portlets.templates.business.TemplateAPITest" time="0.023"/>
  <testcase name="severalPageVersionVariant" classname="com.dotmarketing.portlets.templates.business.TemplateAPITest" time="3.414"/>
  <testcase name="test_saveTemplate_editExistingTemplate" classname="com.dotmarketing.portlets.templates.business.TemplateAPITest" time="2.46"/>
  <testcase name="test_saveTemplate_newTemplate" classname="com.dotmarketing.portlets.templates.business.TemplateAPITest" time="1.209"/>
  <testcase name="severalPages" classname="com.dotmarketing.portlets.templates.business.TemplateAPITest" time="2.457"/>
  <testcase name="testFindLiveTemplateNoNPE" classname="com.dotmarketing.portlets.templates.business.TemplateAPITest" time="0.001"/>
  <testcase name="setThemeName" classname="com.dotmarketing.portlets.templates.business.TemplateAPITest" time="1.648"/>
  <testcase name="saveDraftTemplate_success" classname="com.dotmarketing.portlets.templates.business.TemplateAPITest" time="1.075"/>
  <testcase name="getTemplateHost_fileTemplate_success" classname="com.dotmarketing.portlets.templates.business.TemplateAPITest" time="2.484"/>
  <testcase name="findWorkingTemplate_fileTemplate_success" classname="com.dotmarketing.portlets.templates.business.TemplateAPITest" time="1.979"/>
  <testcase name="saveDraftTemplate_identifierNotExists_success" classname="com.dotmarketing.portlets.templates.business.TemplateAPITest" time="0.688"/>
  <testcase name="findLiveTemplate_fileTemplate_success" classname="com.dotmarketing.portlets.templates.business.TemplateAPITest" time="2.54"/>
  <testcase name="setThemeNameDoesNotExists" classname="com.dotmarketing.portlets.templates.business.TemplateAPITest" time="0.029"/>
  <testcase name="getContainersUUIDFromDrawTemplateBodyLegacyTest" classname="com.dotmarketing.portlets.templates.business.TemplateAPITest" time="0.001"/>
  <system-out><![CDATA[]]></system-out>
  <system-err><![CDATA[]]></system-err>
</testsuite>
