<?xml version="1.0" encoding="UTF-8"?>
<testsuite name="com.dotmarketing.business.DeterministicIdentifierAPITest" tests="16" skipped="0" failures="0" errors="0" timestamp="2023-07-19T04:15:01" hostname="fv-az365-508" time="1.553">
  <properties/>
  <testcase name="Test_Category_Path_Seed_And_Id" classname="com.dotmarketing.business.DeterministicIdentifierAPITest" time="0.026"/>
  <testcase name="Test_Language_Deterministic_Id[0: LanguageTestCase{expectedSeed='Language:es:US', expectedHash=4913155, langCode='es', countryCode='US', country='United States'}]" classname="com.dotmarketing.business.DeterministicIdentifierAPITest" time="0.001"/>
  <testcase name="Test_Language_Deterministic_Id[1: LanguageTestCase{expectedSeed='Language:ep:', expectedHash=5292269, langCode='ep', countryCode='', country=''}]" classname="com.dotmarketing.business.DeterministicIdentifierAPITest" time="0.002"/>
  <testcase name="Test_Language_Deterministic_Id[2: LanguageTestCase{expectedSeed='Language:sg:SAG', expectedHash=4713118, langCode='sg', countryCode='SAG', country=''}]" classname="com.dotmarketing.business.DeterministicIdentifierAPITest" time="0.001"/>
  <testcase name="Test_Language_Deterministic_Id[3: LanguageTestCase{expectedSeed='Language:en:NZ', expectedHash=5382528, langCode='en', countryCode='NZ', country='New Zealand'}]" classname="com.dotmarketing.business.DeterministicIdentifierAPITest" time="0.001"/>
  <testcase name="Test_Category_None_Persisted_Category_Should_Return_Deterministic_Id" classname="com.dotmarketing.business.DeterministicIdentifierAPITest" time="0.002"/>
  <testcase name="Test_Asset_Generate_Deterministic_Id_Best_Effort[0: TestCase{versionable=my.host1689739713715.com, parent=System Host, expectedName='my.host1689739713715.com', expectedType='Host'}]" classname="com.dotmarketing.business.DeterministicIdentifierAPITest" time="0.003"/>
  <testcase name="Test_Asset_Generate_Deterministic_Id_Best_Effort[1: TestCase{versionable=com.dotmarketing.portlets.contentlet.model.Contentlet@10c15123[map={modDate=2023-07-19 04:08:34.519, fileName=file12149388419076211975.txt, title=file12149388419076211975.txt, inode=bf816a28-ee0c-421e-84b7-cc490d3a6022, __IS_NEW_CONTENT__=true, disabledWYSIWYG=[], host=c0074e8f-1c34-4613-a29e-3b8cae9d1897, stInode=33888b6f-7a8e-4069-b1b6-5c1aa9d0a48d, owner=system, identifier=ea6106f3-4e82-4c1c-993f-36d11ea8760e, nullProperties=[wfExpireDate, wfPublishDate, wfActionAssign, wfActionId, wfActionComments, filterKey, whereToSend, wfNeverExpire, _path_to_move, timezoneId, iWantTo, wfPublishTime, wfExpireTime], languageId=1, fileAsset=/home/runner/work/core/custom/assets/b/f/bf816a28-ee0c-421e-84b7-cc490d3a6022/fileAsset/file12149388419076211975.txt, folder=ad980faf-ee48-49be-8a23-23c521d326dd, __disable_workflow__=true, sortOrder=0, modUser=system},lowIndexPriority=false,variantId=DEFAULT], parent=com.dotmarketing.portlets.folders.model.Folder@2c957e8a[identifier=ad980faf-ee48-49be-8a23-23c521d326dd,name=testName1689739714511,sortOrder=0,showOnMenu=false,hostId=c0074e8f-1c34-4613-a29e-3b8cae9d1897,type=folder,title=testTitle1689739714511,filesMasks=,defaultFileType=33888b6f-7a8e-4069-b1b6-5c1aa9d0a48d,modDate=2023-07-19 04:08:34.514,owner=&lt;null&gt;,iDate=2023-07-19 04:08:34.514,inode=ad980faf-ee48-49be-8a23-23c521d326dd,path=/testName1689739714511/], expectedName='file12149388419076211975.txt', expectedType='FileAsset'}]" classname="com.dotmarketing.business.DeterministicIdentifierAPITest" time="0.003"/>
  <testcase name="Test_Asset_Generate_Deterministic_Id_Best_Effort[2: TestCase{versionable=com.dotmarketing.portlets.templates.model.Template@7aac6cac, parent=my.host1689739713715.com, expectedName='testTitle1689739714619', expectedType='Template'}]" classname="com.dotmarketing.business.DeterministicIdentifierAPITest" time="0.002"/>
  <testcase name="Test_Asset_Generate_Deterministic_Id_Best_Effort[3: TestCase{versionable=com.dotmarketing.portlets.htmlpageasset.model.HTMLPageAsset@12e4163a[map={template=dca36e49-e68a-4bbd-b8a1-e4264ae595fe, owner=system, identifier=9a9ac139-2f42-4ab6-8eb5-99bfc9a2610e, nullProperties=[wfExpireDate, wfPublishDate, wfActionAssign, wfActionId, wfActionComments, filterKey, whereToSend, wfNeverExpire, _path_to_move, timezoneId, iWantTo, wfPublishTime, wfExpireTime], modDate=2023-07-19 04:08:34.634, cachettl=0, _is_test_mode=true, languageId=1, title=test-page-title-1689739714630, httpsreq=, url=test-page-url-1689739714630, showOnMenu=, inode=5ab47cbe-584f-46ad-bc3a-74765f011889, folder=ad980faf-ee48-49be-8a23-23c521d326dd, disabledWYSIWYG=[], sortOrder=1, modUser=system, host=c0074e8f-1c34-4613-a29e-3b8cae9d1897, stInode=c541abb1-69b3-4bc5-8430-5e09e5239cc8, friendlyName=test-page-friendly-name-1689739714630},lowIndexPriority=false,variantId=DEFAULT], parent=com.dotmarketing.portlets.folders.model.Folder@2c957e8a[identifier=ad980faf-ee48-49be-8a23-23c521d326dd,name=testName1689739714511,sortOrder=0,showOnMenu=false,hostId=c0074e8f-1c34-4613-a29e-3b8cae9d1897,type=folder,title=testTitle1689739714511,filesMasks=,defaultFileType=33888b6f-7a8e-4069-b1b6-5c1aa9d0a48d,modDate=2023-07-19 04:08:34.514,owner=&lt;null&gt;,iDate=2023-07-19 04:08:34.514,inode=ad980faf-ee48-49be-8a23-23c521d326dd,path=/testName1689739714511/], expectedName='test-page-url-1689739714630', expectedType='htmlpageasset'}]" classname="com.dotmarketing.business.DeterministicIdentifierAPITest" time="0.003"/>
  <testcase name="Test_Asset_Generate_Deterministic_Id_Best_Effort[4: TestCase{versionable=com.dotmarketing.portlets.contentlet.model.Contentlet@74502962[map={fileAsset2=/home/runner/work/core/custom/assets/7/a/7aa5ed5a-c932-4d94-b5ca-aefea95f4430/fileAsset2/test_binary1689739715514.png, modDate=2023-07-19 04:08:35.52, fileAsset1=/home/runner/work/core/custom/assets/7/a/7aa5ed5a-c932-4d94-b5ca-aefea95f4430/fileAsset1/test_binary1689739715514.jpg, title=blah, inode=7aa5ed5a-c932-4d94-b5ca-aefea95f4430, __IS_NEW_CONTENT__=true, disabledWYSIWYG=[], host=48190c8c-42c4-46af-8d1a-0cd5db894797, stInode=972f33ad-aad5-45ac-acee-aefa42fbc0a4, owner=system, identifier=988beea6-7106-413a-a75a-4f5d76c1d850, nullProperties=[], languageId=1, image1=1d70f35e-db3d-4131-af15-786b5cd1a2d3, folder=SYSTEM_FOLDER, __disable_workflow__=true, sortOrder=0, modUser=system},lowIndexPriority=false,variantId=DEFAULT], parent=demo.dotcms.com, expectedName='test_binary1689739715514.jpg:test_binary1689739715514.png', expectedType='MultipleBinaries1689739714847'}]" classname="com.dotmarketing.business.DeterministicIdentifierAPITest" time="0.008"/>
  <testcase name="Test_Asset_Generate_Deterministic_Id_Best_Effort[5: TestCase{versionable=name3210d1f57f : keyTag3210d1f57f, parent=my.host1689739713715.com, expectedName='keyTag3210d1f57f', expectedType='persona'}]" classname="com.dotmarketing.business.DeterministicIdentifierAPITest" time="0.009"/>
  <testcase name="Test_Similar_Content_Type_Wont_Clash" classname="com.dotmarketing.business.DeterministicIdentifierAPITest" time="0.524"/>
  <testcase name="Test_Generate_Folder_Identifier" classname="com.dotmarketing.business.DeterministicIdentifierAPITest" time="0.949"/>
  <testcase name="Test_Generate_Content_Type_Identifier[0: ContentTypeTestCase{contentType=KeyValueContentType{name=Language Variable, id=f4d7c1b8-2c88-4071-abf1-a5328977b07d, description=Default Content Type for Language Variables, defaultType=false, fixed=true, iDate=Thu Aug 31 16:38:49 UTC 2017, system=true, versionable=true, variable=Languagevariable, modDate=Wed Jul 19 03:01:42 UTC 2023, host=SYSTEM_HOST, siteName=systemHost, icon=language, sortOrder=0, folder=SYSTEM_FOLDER, folderPath=/, markedForDeletion=true, multilingualable=false}, expectedName='Languagevariable', expectedType='KeyValue'}]" classname="com.dotmarketing.business.DeterministicIdentifierAPITest" time="0.009"/>
  <testcase name="Test_Generate_Content_Type_Identifier[1: ContentTypeTestCase{contentType=SimpleContentType{name=testName1689739715975, id=bc9fa188-65e0-4e35-ad80-513094f93e7b, description=testDescription1689739715975, defaultType=false, fixed=false, iDate=Wed Jul 19 04:08:35 UTC 2023, system=false, versionable=true, multilingualable=false, variable=testVarname1689739715975, owner=system, modDate=Wed Jul 19 04:08:36 UTC 2023, host=48190c8c-42c4-46af-8d1a-0cd5db894797, siteName=demo.dotcms.com, icon=event_note, sortOrder=0, folder=SYSTEM_FOLDER, folderPath=/, requiredFields=[], markedForDeletion=false}, expectedName='testVarname1689739715975', expectedType='CONTENT'}]" classname="com.dotmarketing.business.DeterministicIdentifierAPITest" time="0.005"/>
  <system-out><![CDATA[]]></system-out>
  <system-err><![CDATA[]]></system-err>
</testsuite>
