<?xml version="1.0" encoding="UTF-8"?>
<testsuite name="com.dotmarketing.portlets.links.factories.LinkFactoryTest" tests="1" skipped="0" failures="0" errors="0" timestamp="2023-07-13T22:32:01" hostname="fv-az267-171" time="2.348">
  <properties/>
  <testcase name="testGetLinkChildrenByCondition" classname="com.dotmarketing.portlets.links.factories.LinkFactoryTest" time="2.348"/>
  <system-out><![CDATA[]]></system-out>
  <system-err><![CDATA[]]></system-err>
</testsuite>
