<?xml version="1.0" encoding="UTF-8"?>
<testsuite name="com.dotcms.rest.api.v1.vtl.VTLResourceIntegrationTest" tests="6" skipped="0" failures="0" errors="0" timestamp="2023-07-10T16:23:26" hostname="fv-az450-691" time="12.446">
  <properties/>
  <testcase name="testGet[0: com.dotcms.rest.api.v1.vtl.VTLResourceTestCase@9d1a320]" classname="com.dotcms.rest.api.v1.vtl.VTLResourceIntegrationTest" time="2.335"/>
  <testcase name="testGet[1: com.dotcms.rest.api.v1.vtl.VTLResourceTestCase@e9952eb]" classname="com.dotcms.rest.api.v1.vtl.VTLResourceIntegrationTest" time="2.074"/>
  <testcase name="testGet[2: com.dotcms.rest.api.v1.vtl.VTLResourceTestCase@4da9c16b]" classname="com.dotcms.rest.api.v1.vtl.VTLResourceIntegrationTest" time="2.022"/>
  <testcase name="testGet[3: com.dotcms.rest.api.v1.vtl.VTLResourceTestCase@4cd31664]" classname="com.dotcms.rest.api.v1.vtl.VTLResourceIntegrationTest" time="1.873"/>
  <testcase name="testGet[4: com.dotcms.rest.api.v1.vtl.VTLResourceTestCase@489f747d]" classname="com.dotcms.rest.api.v1.vtl.VTLResourceIntegrationTest" time="2.088"/>
  <testcase name="testGet[5: com.dotcms.rest.api.v1.vtl.VTLResourceTestCase@c55698f]" classname="com.dotcms.rest.api.v1.vtl.VTLResourceIntegrationTest" time="2.053"/>
  <system-out><![CDATA[]]></system-out>
  <system-err><![CDATA[]]></system-err>
</testsuite>
