<?xml version="1.0" encoding="UTF-8"?>
<testsuite name="com.dotcms.rest.api.v1.vtl.VTLResourceIntegrationTest" tests="6" skipped="0" failures="0" errors="0" timestamp="2023-07-06T23:25:52" hostname="fv-az1256-62" time="12.32">
  <properties/>
  <testcase name="testGet[0: com.dotcms.rest.api.v1.vtl.VTLResourceTestCase@63317e9e]" classname="com.dotcms.rest.api.v1.vtl.VTLResourceIntegrationTest" time="2.542"/>
  <testcase name="testGet[1: com.dotcms.rest.api.v1.vtl.VTLResourceTestCase@127bbab3]" classname="com.dotcms.rest.api.v1.vtl.VTLResourceIntegrationTest" time="1.846"/>
  <testcase name="testGet[2: com.dotcms.rest.api.v1.vtl.VTLResourceTestCase@4fdd0ba6]" classname="com.dotcms.rest.api.v1.vtl.VTLResourceIntegrationTest" time="1.961"/>
  <testcase name="testGet[3: com.dotcms.rest.api.v1.vtl.VTLResourceTestCase@44862d5f]" classname="com.dotcms.rest.api.v1.vtl.VTLResourceIntegrationTest" time="2.271"/>
  <testcase name="testGet[4: com.dotcms.rest.api.v1.vtl.VTLResourceTestCase@2cab6edf]" classname="com.dotcms.rest.api.v1.vtl.VTLResourceIntegrationTest" time="1.779"/>
  <testcase name="testGet[5: com.dotcms.rest.api.v1.vtl.VTLResourceTestCase@63caf7db]" classname="com.dotcms.rest.api.v1.vtl.VTLResourceIntegrationTest" time="1.921"/>
  <system-out><![CDATA[]]></system-out>
  <system-err><![CDATA[]]></system-err>
</testsuite>
