<?xml version="1.0" encoding="UTF-8"?>
<testsuite name="com.dotcms.rest.elasticsearch.ESContentResourcePortletTest" tests="8" skipped="0" failures="0" errors="0" timestamp="2023-07-06T21:48:49" hostname="fv-az987-876" time="8.708">
  <properties/>
  <testcase name="test_search_includeGrandChildCategory_success" classname="com.dotcms.rest.elasticsearch.ESContentResourcePortletTest" time="1.372"/>
  <testcase name="testSearch[0: com.dotcms.rest.elasticsearch.ESContentResourcePortletTest$TestCase@60ea41e0]" classname="com.dotcms.rest.elasticsearch.ESContentResourcePortletTest" time="0.86"/>
  <testcase name="testSearch[1: com.dotcms.rest.elasticsearch.ESContentResourcePortletTest$TestCase@1f4dc40]" classname="com.dotcms.rest.elasticsearch.ESContentResourcePortletTest" time="1.263"/>
  <testcase name="testSearch[2: com.dotcms.rest.elasticsearch.ESContentResourcePortletTest$TestCase@258f1b46]" classname="com.dotcms.rest.elasticsearch.ESContentResourcePortletTest" time="0.876"/>
  <testcase name="testSearch[3: com.dotcms.rest.elasticsearch.ESContentResourcePortletTest$TestCase@40acbaf0]" classname="com.dotcms.rest.elasticsearch.ESContentResourcePortletTest" time="1.304"/>
  <testcase name="testSearch[4: com.dotcms.rest.elasticsearch.ESContentResourcePortletTest$TestCase@727b1644]" classname="com.dotcms.rest.elasticsearch.ESContentResourcePortletTest" time="1.261"/>
  <testcase name="testSearch[5: com.dotcms.rest.elasticsearch.ESContentResourcePortletTest$TestCase@554ad297]" classname="com.dotcms.rest.elasticsearch.ESContentResourcePortletTest" time="0.902"/>
  <testcase name="testSearch[6: com.dotcms.rest.elasticsearch.ESContentResourcePortletTest$TestCase@8c2a653]" classname="com.dotcms.rest.elasticsearch.ESContentResourcePortletTest" time="0.868"/>
  <system-out><![CDATA[]]></system-out>
  <system-err><![CDATA[]]></system-err>
</testsuite>
