<?xml version="1.0" encoding="UTF-8"?>
<testsuite name="com.dotmarketing.util.MaintenanceUtilTest" tests="1" skipped="0" failures="0" errors="0" timestamp="2023-06-26T17:15:09" hostname="fv-az370-611" time="0.663">
  <properties/>
  <testcase name="test_nonLatinCharactersRemainAfter_DBSearchAndReplace" classname="com.dotmarketing.util.MaintenanceUtilTest" time="0.663"/>
  <system-out><![CDATA[]]></system-out>
  <system-err><![CDATA[]]></system-err>
</testsuite>
