<?xml version="1.0" encoding="UTF-8"?>
<testsuite name="com.dotcms.rendering.velocity.viewtools.WorkflowToolTest" tests="2" skipped="0" failures="0" errors="0" timestamp="2023-06-30T18:05:11" hostname="fv-az247-376" time="2.609">
  <properties/>
  <testcase name="testFire[0: com.dotcms.rendering.velocity.viewtools.WorkflowToolFireTestCase@be3e2]" classname="com.dotcms.rendering.velocity.viewtools.WorkflowToolTest" time="1.426"/>
  <testcase name="testFire[1: com.dotcms.rendering.velocity.viewtools.WorkflowToolFireTestCase@790f2e69]" classname="com.dotcms.rendering.velocity.viewtools.WorkflowToolTest" time="1.182"/>
  <system-out><![CDATA[]]></system-out>
  <system-err><![CDATA[]]></system-err>
</testsuite>
