<?xml version="1.0" encoding="UTF-8"?>
<testsuite name="com.dotmarketing.business.DeterministicIdentifierAPITest" tests="16" skipped="0" failures="0" errors="0" timestamp="2023-06-28T21:13:23" hostname="fv-az216-796" time="1.61">
  <properties/>
  <testcase name="Test_Category_Path_Seed_And_Id" classname="com.dotmarketing.business.DeterministicIdentifierAPITest" time="0.03"/>
  <testcase name="Test_Language_Deterministic_Id[0: LanguageTestCase{expectedSeed='Language:es:US', expectedHash=4913155, langCode='es', countryCode='US', country='United States'}]" classname="com.dotmarketing.business.DeterministicIdentifierAPITest" time="0.001"/>
  <testcase name="Test_Language_Deterministic_Id[1: LanguageTestCase{expectedSeed='Language:ep:', expectedHash=5292269, langCode='ep', countryCode='', country=''}]" classname="com.dotmarketing.business.DeterministicIdentifierAPITest" time="0.001"/>
  <testcase name="Test_Language_Deterministic_Id[2: LanguageTestCase{expectedSeed='Language:sg:SAG', expectedHash=4713118, langCode='sg', countryCode='SAG', country=''}]" classname="com.dotmarketing.business.DeterministicIdentifierAPITest" time="0.001"/>
  <testcase name="Test_Language_Deterministic_Id[3: LanguageTestCase{expectedSeed='Language:en:NZ', expectedHash=5382528, langCode='en', countryCode='NZ', country='New Zealand'}]" classname="com.dotmarketing.business.DeterministicIdentifierAPITest" time="0.001"/>
  <testcase name="Test_Category_None_Persisted_Category_Should_Return_Deterministic_Id" classname="com.dotmarketing.business.DeterministicIdentifierAPITest" time="0.002"/>
  <testcase name="Test_Asset_Generate_Deterministic_Id_Best_Effort[0: TestCase{versionable=my.host1687986396625.com, parent=System Host, expectedName='my.host1687986396625.com', expectedType='Host'}]" classname="com.dotmarketing.business.DeterministicIdentifierAPITest" time="0.003"/>
  <testcase name="Test_Asset_Generate_Deterministic_Id_Best_Effort[1: TestCase{versionable=com.dotmarketing.portlets.contentlet.model.Contentlet@6ec838a7[map={modDate=2023-06-28 21:06:37.239, fileName=file3454223819194147970.txt, title=file3454223819194147970.txt, inode=2164cc8b-befb-43fe-88f2-36880f3f6620, __IS_NEW_CONTENT__=true, disabledWYSIWYG=[], host=df39b79f-5ae3-4d7b-bdfe-14294a56eb08, stInode=33888b6f-7a8e-4069-b1b6-5c1aa9d0a48d, owner=system, identifier=39d23a3b-0d93-44fe-9bc9-7935dc56037d, nullProperties=[wfExpireDate, wfPublishDate, wfActionAssign, wfActionId, wfActionComments, filterKey, whereToSend, wfNeverExpire, _path_to_move, timezoneId, iWantTo, wfPublishTime, wfExpireTime], languageId=1, fileAsset=/home/runner/work/core/custom/assets/2/1/2164cc8b-befb-43fe-88f2-36880f3f6620/fileAsset/file3454223819194147970.txt, folder=9562418a-58fd-47fe-b886-ab84946cd588, __disable_workflow__=true, sortOrder=0, modUser=system},lowIndexPriority=false,variantId=DEFAULT], parent=com.dotmarketing.portlets.folders.model.Folder@4b73e551[identifier=9562418a-58fd-47fe-b886-ab84946cd588,name=testName1687986397230,sortOrder=0,showOnMenu=false,hostId=df39b79f-5ae3-4d7b-bdfe-14294a56eb08,type=folder,title=testTitle1687986397230,filesMasks=,defaultFileType=33888b6f-7a8e-4069-b1b6-5c1aa9d0a48d,modDate=2023-06-28 21:06:37.233,owner=&lt;null&gt;,iDate=2023-06-28 21:06:37.233,inode=9562418a-58fd-47fe-b886-ab84946cd588,path=/testName1687986397230/], expectedName='file3454223819194147970.txt', expectedType='FileAsset'}]" classname="com.dotmarketing.business.DeterministicIdentifierAPITest" time="0.004"/>
  <testcase name="Test_Asset_Generate_Deterministic_Id_Best_Effort[2: TestCase{versionable=com.dotmarketing.portlets.templates.model.Template@3840a08b, parent=my.host1687986396625.com, expectedName='testTitle1687986397392', expectedType='Template'}]" classname="com.dotmarketing.business.DeterministicIdentifierAPITest" time="0.003"/>
  <testcase name="Test_Asset_Generate_Deterministic_Id_Best_Effort[3: TestCase{versionable=com.dotmarketing.portlets.htmlpageasset.model.HTMLPageAsset@12c1e8f7[map={template=e3592649-7b0d-4f3c-b43d-080d619236cf, owner=system, identifier=9ffd4c95-34a0-46a7-9eef-a7c66e991db6, nullProperties=[wfExpireDate, wfPublishDate, wfActionAssign, wfActionId, wfActionComments, filterKey, whereToSend, wfNeverExpire, _path_to_move, timezoneId, iWantTo, wfPublishTime, wfExpireTime], modDate=2023-06-28 21:06:37.419, cachettl=0, _is_test_mode=true, languageId=1, title=test-page-title-1687986397414, httpsreq=, url=test-page-url-1687986397414, showOnMenu=, inode=d4ce48d4-5a5b-47c8-a2b1-49952e64915e, folder=9562418a-58fd-47fe-b886-ab84946cd588, disabledWYSIWYG=[], sortOrder=1, modUser=system, host=df39b79f-5ae3-4d7b-bdfe-14294a56eb08, stInode=c541abb1-69b3-4bc5-8430-5e09e5239cc8, friendlyName=test-page-friendly-name-1687986397414},lowIndexPriority=false,variantId=DEFAULT], parent=com.dotmarketing.portlets.folders.model.Folder@4b73e551[identifier=9562418a-58fd-47fe-b886-ab84946cd588,name=testName1687986397230,sortOrder=0,showOnMenu=false,hostId=df39b79f-5ae3-4d7b-bdfe-14294a56eb08,type=folder,title=testTitle1687986397230,filesMasks=,defaultFileType=33888b6f-7a8e-4069-b1b6-5c1aa9d0a48d,modDate=2023-06-28 21:06:37.233,owner=&lt;null&gt;,iDate=2023-06-28 21:06:37.233,inode=9562418a-58fd-47fe-b886-ab84946cd588,path=/testName1687986397230/], expectedName='test-page-url-1687986397414', expectedType='htmlpageasset'}]" classname="com.dotmarketing.business.DeterministicIdentifierAPITest" time="0.004"/>
  <testcase name="Test_Asset_Generate_Deterministic_Id_Best_Effort[4: TestCase{versionable=com.dotmarketing.portlets.contentlet.model.Contentlet@790a244[map={fileAsset2=/home/runner/work/core/custom/assets/f/0/f0de910f-b594-489c-ba6a-38e5cce926e5/fileAsset2/test_binary1687986399284.png, modDate=2023-06-28 21:06:39.29, fileAsset1=/home/runner/work/core/custom/assets/f/0/f0de910f-b594-489c-ba6a-38e5cce926e5/fileAsset1/test_binary1687986399283.jpg, title=blah, inode=f0de910f-b594-489c-ba6a-38e5cce926e5, __IS_NEW_CONTENT__=true, disabledWYSIWYG=[], host=48190c8c-42c4-46af-8d1a-0cd5db894797, stInode=a2bab187-2d5d-4d17-8bd9-3605c78aac70, owner=system, identifier=22ae0954-447b-4e2d-86d9-9d4c2398c1a9, nullProperties=[], languageId=1, image1=252e14cb-f2bf-4153-a394-fc640298d5da, folder=SYSTEM_FOLDER, __disable_workflow__=true, sortOrder=0, modUser=system},lowIndexPriority=false,variantId=DEFAULT], parent=demo.dotcms.com, expectedName='test_binary1687986399283.jpg:test_binary1687986399284.png', expectedType='MultipleBinaries1687986397645'}]" classname="com.dotmarketing.business.DeterministicIdentifierAPITest" time="0.005"/>
  <testcase name="Test_Asset_Generate_Deterministic_Id_Best_Effort[5: TestCase{versionable=name45030f798f : keyTag45030f798f, parent=my.host1687986396625.com, expectedName='keyTag45030f798f', expectedType='persona'}]" classname="com.dotmarketing.business.DeterministicIdentifierAPITest" time="0.003"/>
  <testcase name="Test_Similar_Content_Type_Wont_Clash" classname="com.dotmarketing.business.DeterministicIdentifierAPITest" time="0.556"/>
  <testcase name="Test_Generate_Folder_Identifier" classname="com.dotmarketing.business.DeterministicIdentifierAPITest" time="0.972"/>
  <testcase name="Test_Generate_Content_Type_Identifier[0: ContentTypeTestCase{contentType=KeyValueContentType{name=Language Variable, id=f4d7c1b8-2c88-4071-abf1-a5328977b07d, description=Default Content Type for Language Variables, defaultType=false, fixed=true, iDate=Thu Aug 31 16:38:49 UTC 2017, system=true, versionable=true, variable=Languagevariable, modDate=Wed Jun 28 19:54:28 UTC 2023, host=SYSTEM_HOST, siteName=systemHost, icon=language, sortOrder=0, folder=SYSTEM_FOLDER, folderPath=/, markedForDeletion=true, multilingualable=false}, expectedName='Languagevariable', expectedType='KeyValue'}]" classname="com.dotmarketing.business.DeterministicIdentifierAPITest" time="0.015"/>
  <testcase name="Test_Generate_Content_Type_Identifier[1: ContentTypeTestCase{contentType=SimpleContentType{name=testName1687986399809, id=a0273db2-71d8-475c-b27d-748f61081300, description=testDescription1687986399809, defaultType=false, fixed=false, iDate=Wed Jun 28 21:06:39 UTC 2023, system=false, versionable=true, multilingualable=false, variable=testVarname1687986399809, owner=system, modDate=Wed Jun 28 21:06:40 UTC 2023, host=48190c8c-42c4-46af-8d1a-0cd5db894797, siteName=demo.dotcms.com, icon=event_note, sortOrder=0, folder=SYSTEM_FOLDER, folderPath=/, requiredFields=[], markedForDeletion=false}, expectedName='testVarname1687986399809', expectedType='CONTENT'}]" classname="com.dotmarketing.business.DeterministicIdentifierAPITest" time="0.007"/>
  <system-out><![CDATA[]]></system-out>
  <system-err><![CDATA[]]></system-err>
</testsuite>
