<?xml version="1.0" encoding="UTF-8"?>
<testsuite name="com.dotcms.rest.api.v1.content.ContentVersionResourceIntegrationTest" tests="6" skipped="0" failures="0" errors="0" timestamp="2023-07-19T15:31:19" hostname="fv-az218-51" time="5.123">
  <properties/>
  <testcase name="test_Find_All_By_Lang_Expect_OK" classname="com.dotcms.rest.api.v1.content.ContentVersionResourceIntegrationTest" time="2.904"/>
  <testcase name="test_Find_All_By_Lang_Expect_404" classname="com.dotcms.rest.api.v1.content.ContentVersionResourceIntegrationTest" time="0.007"/>
  <testcase name="test_find_multiple_inodes" classname="com.dotcms.rest.api.v1.content.ContentVersionResourceIntegrationTest" time="0.67"/>
  <testcase name="test_Find_All_Expect_OK" classname="com.dotcms.rest.api.v1.content.ContentVersionResourceIntegrationTest" time="1.532"/>
  <testcase name="test_Bad_Request_404" classname="com.dotcms.rest.api.v1.content.ContentVersionResourceIntegrationTest" time="0.007"/>
  <testcase name="test_Find_All_Expect_404" classname="com.dotcms.rest.api.v1.content.ContentVersionResourceIntegrationTest" time="0.001"/>
  <system-out><![CDATA[]]></system-out>
  <system-err><![CDATA[]]></system-err>
</testsuite>
