<?xml version="1.0" encoding="UTF-8"?>
<testsuite name="com.dotcms.security.multipart.ContentDispositionFileNameParserTest" tests="1" skipped="0" failures="0" errors="0" timestamp="2023-07-06T18:45:10" hostname="fv-az749-409" time="1.021">
  <properties/>
  <testcase name="Test_Parse_happy_path" classname="com.dotcms.security.multipart.ContentDispositionFileNameParserTest" time="1.021"/>
  <system-out><![CDATA[]]></system-out>
  <system-err><![CDATA[]]></system-err>
</testsuite>
