<?xml version="1.0" encoding="UTF-8"?>
<testsuite name="com.dotcms.tika.TikaUtilsTest" tests="6" skipped="0" failures="0" errors="0" timestamp="2023-07-18T05:48:35" hostname="fv-az1235-995" time="0.03">
  <properties/>
  <testcase name="testGetConfiguredMetadataFields" classname="com.dotcms.tika.TikaUtilsTest" time="0.013"/>
  <testcase name="test_FilterMetadataFields_WhenFieldsArrayIsEmpty_DoesNotModifyTheMap" classname="com.dotcms.tika.TikaUtilsTest" time="0.003"/>
  <testcase name="test_FilterMetadataFields_WhenFieldMatchesRegex_ReturnsMapWithTheField" classname="com.dotcms.tika.TikaUtilsTest" time="0.002"/>
  <testcase name="test_FilterMetadataFields_WhenFieldIsWildcard_ReturnsMapWithAllFields" classname="com.dotcms.tika.TikaUtilsTest" time="0.001"/>
  <testcase name="test_FilterMetadataFields_WhenFieldExistsInMap_ReturnsMapWithTheField" classname="com.dotcms.tika.TikaUtilsTest" time="0.007"/>
  <testcase name="test_FilterMetadataFields_WhenMapEmpty_ReturnsEmptyMap" classname="com.dotcms.tika.TikaUtilsTest" time="0.004"/>
  <system-out><![CDATA[]]></system-out>
  <system-err><![CDATA[]]></system-err>
</testsuite>
