<?xml version="1.0" encoding="UTF-8"?>
<testsuite name="com.dotmarketing.portlets.fileassets.business.FileAssetAPITest" tests="13" skipped="0" failures="0" errors="0" timestamp="2023-06-23T19:18:01" hostname="fv-az162-375" time="21.692">
  <properties/>
  <testcase name="test_findFileAssetsByHost_liveFileAssets_success" classname="com.dotmarketing.portlets.fileassets.business.FileAssetAPITest" time="4.957"/>
  <testcase name="test_that_we_return_files_from_host_system_folder" classname="com.dotmarketing.portlets.fileassets.business.FileAssetAPITest" time="1.289"/>
  <testcase name="test_findFileAssetsByParentable_workingFileAssets_success" classname="com.dotmarketing.portlets.fileassets.business.FileAssetAPITest" time="1.218"/>
  <testcase name="test_findFileAssetsByParentable_liveFileAssets_success" classname="com.dotmarketing.portlets.fileassets.business.FileAssetAPITest" time="2.607"/>
  <testcase name="Test_That_File_Asset_Gets_Stored_in_Cache_and_is_Not_Rebuilt_Everytime" classname="com.dotmarketing.portlets.fileassets.business.FileAssetAPITest" time="1.079"/>
  <testcase name="Test_Modify_Identifier_File_Name_Then_Recover_File_Then_Expect_Mismatch" classname="com.dotmarketing.portlets.fileassets.business.FileAssetAPITest" time="0.29"/>
  <testcase name="Test_Rename_File_Asset_Then_Recover_File_Then_Expect_Match" classname="com.dotmarketing.portlets.fileassets.business.FileAssetAPITest" time="1.263"/>
  <testcase name="test_findFileAssetsByHost_archivedFileAssets_success" classname="com.dotmarketing.portlets.fileassets.business.FileAssetAPITest" time="1.871"/>
  <testcase name="test_findFileAssetsByParentable_archivedFileAssets_success" classname="com.dotmarketing.portlets.fileassets.business.FileAssetAPITest" time="1.354"/>
  <testcase name="test_that_file_asset_from_db_respects_folder_permissions" classname="com.dotmarketing.portlets.fileassets.business.FileAssetAPITest" time="1.19"/>
  <testcase name="test_that_file_asset_from_db_respects_live_working_flag" classname="com.dotmarketing.portlets.fileassets.business.FileAssetAPITest" time="1.215"/>
  <testcase name="test_findFileAssetsByHost_workingFileAssets_success" classname="com.dotmarketing.portlets.fileassets.business.FileAssetAPITest" time="2.131"/>
  <testcase name="test_that_file_asset_from_db_works" classname="com.dotmarketing.portlets.fileassets.business.FileAssetAPITest" time="1.227"/>
  <system-out><![CDATA[]]></system-out>
  <system-err><![CDATA[]]></system-err>
</testsuite>
