<?xml version="1.0" encoding="UTF-8"?>
<testsuite name="com.dotcms.publisher.util.DependencyModDateUtilTest" tests="48" skipped="0" failures="0" errors="0" timestamp="2023-07-13T19:45:47" hostname="fv-az305-739" time="95.606">
  <properties/>
  <testcase name="excludeByModDateContentNotPushBefore: ForcePush: com.dotcms.publisher.util.DependencyModDateUtilTest$TestCase@78ff6f9f" classname="com.dotcms.publisher.util.DependencyModDateUtilTest" time="1.971"/>
  <testcase name="excludeByModDateContentNotPushBefore: ForcePush: com.dotcms.publisher.util.DependencyModDateUtilTest$TestCase@c6601e7" classname="com.dotcms.publisher.util.DependencyModDateUtilTest" time="2.022"/>
  <testcase name="excludeByModDateContentNotPushBefore: ForcePush: com.dotcms.publisher.util.DependencyModDateUtilTest$TestCase@278f5058" classname="com.dotcms.publisher.util.DependencyModDateUtilTest" time="2.037"/>
  <testcase name="excludeByModDateContentNotPushBefore: ForcePush: com.dotcms.publisher.util.DependencyModDateUtilTest$TestCase@7f2a6130" classname="com.dotcms.publisher.util.DependencyModDateUtilTest" time="2.054"/>
  <testcase name="excludeByModDateContentNotPushBefore: ForcePush: com.dotcms.publisher.util.DependencyModDateUtilTest$TestCase@7c2a7add" classname="com.dotcms.publisher.util.DependencyModDateUtilTest" time="2.042"/>
  <testcase name="excludeByModDateContentNotPushBefore: ForcePush: com.dotcms.publisher.util.DependencyModDateUtilTest$TestCase@40ff3586" classname="com.dotcms.publisher.util.DependencyModDateUtilTest" time="2.002"/>
  <testcase name="excludeByModDateContentNotPushBefore: ForcePush: com.dotcms.publisher.util.DependencyModDateUtilTest$TestCase@1dafa051" classname="com.dotcms.publisher.util.DependencyModDateUtilTest" time="2.034"/>
  <testcase name="excludeByModDateContentNotPushBefore: ForcePush: com.dotcms.publisher.util.DependencyModDateUtilTest$TestCase@31a06135" classname="com.dotcms.publisher.util.DependencyModDateUtilTest" time="2.037"/>
  <testcase name="excludeByModDateContentNotPushBefore: ForcePush: com.dotcms.publisher.util.DependencyModDateUtilTest$TestCase@1ef3094e" classname="com.dotcms.publisher.util.DependencyModDateUtilTest" time="2.063"/>
  <testcase name="excludeByModDateContentNotPushBefore: ForcePush: com.dotcms.publisher.util.DependencyModDateUtilTest$TestCase@27194c13" classname="com.dotcms.publisher.util.DependencyModDateUtilTest" time="2.032"/>
  <testcase name="excludeByModDateContentNotPushBefore: ForcePush: com.dotcms.publisher.util.DependencyModDateUtilTest$TestCase@47d4cd89" classname="com.dotcms.publisher.util.DependencyModDateUtilTest" time="2.032"/>
  <testcase name="excludeByModDateContentNotPushBefore: ForcePush: com.dotcms.publisher.util.DependencyModDateUtilTest$TestCase@754fa58f" classname="com.dotcms.publisher.util.DependencyModDateUtilTest" time="2.022"/>
  <testcase name="excludeByModDateContentWithPushAssetAfterModDate: ForcePush: com.dotcms.publisher.util.DependencyModDateUtilTest$TestCase@78ff6f9f" classname="com.dotcms.publisher.util.DependencyModDateUtilTest" time="2.083"/>
  <testcase name="excludeByModDateContentWithPushAssetAfterModDate: ForcePush: com.dotcms.publisher.util.DependencyModDateUtilTest$TestCase@c6601e7" classname="com.dotcms.publisher.util.DependencyModDateUtilTest" time="1.994"/>
  <testcase name="excludeByModDateContentWithPushAssetAfterModDate: ForcePush: com.dotcms.publisher.util.DependencyModDateUtilTest$TestCase@278f5058" classname="com.dotcms.publisher.util.DependencyModDateUtilTest" time="2.046"/>
  <testcase name="excludeByModDateContentWithPushAssetAfterModDate: ForcePush: com.dotcms.publisher.util.DependencyModDateUtilTest$TestCase@7f2a6130" classname="com.dotcms.publisher.util.DependencyModDateUtilTest" time="2.03"/>
  <testcase name="excludeByModDateContentWithPushAssetAfterModDate: ForcePush: com.dotcms.publisher.util.DependencyModDateUtilTest$TestCase@7c2a7add" classname="com.dotcms.publisher.util.DependencyModDateUtilTest" time="2.023"/>
  <testcase name="excludeByModDateContentWithPushAssetAfterModDate: ForcePush: com.dotcms.publisher.util.DependencyModDateUtilTest$TestCase@40ff3586" classname="com.dotcms.publisher.util.DependencyModDateUtilTest" time="2.086"/>
  <testcase name="excludeByModDateContentWithPushAssetAfterModDate: ForcePush: com.dotcms.publisher.util.DependencyModDateUtilTest$TestCase@1dafa051" classname="com.dotcms.publisher.util.DependencyModDateUtilTest" time="1.026"/>
  <testcase name="excludeByModDateContentWithPushAssetAfterModDate: ForcePush: com.dotcms.publisher.util.DependencyModDateUtilTest$TestCase@31a06135" classname="com.dotcms.publisher.util.DependencyModDateUtilTest" time="2.077"/>
  <testcase name="excludeByModDateContentWithPushAssetAfterModDate: ForcePush: com.dotcms.publisher.util.DependencyModDateUtilTest$TestCase@1ef3094e" classname="com.dotcms.publisher.util.DependencyModDateUtilTest" time="1.988"/>
  <testcase name="excludeByModDateContentWithPushAssetAfterModDate: ForcePush: com.dotcms.publisher.util.DependencyModDateUtilTest$TestCase@27194c13" classname="com.dotcms.publisher.util.DependencyModDateUtilTest" time="2.089"/>
  <testcase name="excludeByModDateContentWithPushAssetAfterModDate: ForcePush: com.dotcms.publisher.util.DependencyModDateUtilTest$TestCase@47d4cd89" classname="com.dotcms.publisher.util.DependencyModDateUtilTest" time="1.963"/>
  <testcase name="excludeByModDateContentWithPushAssetAfterModDate: ForcePush: com.dotcms.publisher.util.DependencyModDateUtilTest$TestCase@754fa58f" classname="com.dotcms.publisher.util.DependencyModDateUtilTest" time="2.04"/>
  <testcase name="excludeByModDateContentWithPushAssetBeforeModDate: ForcePush: com.dotcms.publisher.util.DependencyModDateUtilTest$TestCase@78ff6f9f" classname="com.dotcms.publisher.util.DependencyModDateUtilTest" time="2.059"/>
  <testcase name="excludeByModDateContentWithPushAssetBeforeModDate: ForcePush: com.dotcms.publisher.util.DependencyModDateUtilTest$TestCase@c6601e7" classname="com.dotcms.publisher.util.DependencyModDateUtilTest" time="2.035"/>
  <testcase name="excludeByModDateContentWithPushAssetBeforeModDate: ForcePush: com.dotcms.publisher.util.DependencyModDateUtilTest$TestCase@278f5058" classname="com.dotcms.publisher.util.DependencyModDateUtilTest" time="2.046"/>
  <testcase name="excludeByModDateContentWithPushAssetBeforeModDate: ForcePush: com.dotcms.publisher.util.DependencyModDateUtilTest$TestCase@7f2a6130" classname="com.dotcms.publisher.util.DependencyModDateUtilTest" time="2.006"/>
  <testcase name="excludeByModDateContentWithPushAssetBeforeModDate: ForcePush: com.dotcms.publisher.util.DependencyModDateUtilTest$TestCase@7c2a7add" classname="com.dotcms.publisher.util.DependencyModDateUtilTest" time="2.067"/>
  <testcase name="excludeByModDateContentWithPushAssetBeforeModDate: ForcePush: com.dotcms.publisher.util.DependencyModDateUtilTest$TestCase@40ff3586" classname="com.dotcms.publisher.util.DependencyModDateUtilTest" time="2.017"/>
  <testcase name="excludeByModDateContentWithPushAssetBeforeModDate: ForcePush: com.dotcms.publisher.util.DependencyModDateUtilTest$TestCase@1dafa051" classname="com.dotcms.publisher.util.DependencyModDateUtilTest" time="2.048"/>
  <testcase name="excludeByModDateContentWithPushAssetBeforeModDate: ForcePush: com.dotcms.publisher.util.DependencyModDateUtilTest$TestCase@31a06135" classname="com.dotcms.publisher.util.DependencyModDateUtilTest" time="2.027"/>
  <testcase name="excludeByModDateContentWithPushAssetBeforeModDate: ForcePush: com.dotcms.publisher.util.DependencyModDateUtilTest$TestCase@1ef3094e" classname="com.dotcms.publisher.util.DependencyModDateUtilTest" time="1.997"/>
  <testcase name="excludeByModDateContentWithPushAssetBeforeModDate: ForcePush: com.dotcms.publisher.util.DependencyModDateUtilTest$TestCase@27194c13" classname="com.dotcms.publisher.util.DependencyModDateUtilTest" time="2.099"/>
  <testcase name="excludeByModDateContentWithPushAssetBeforeModDate: ForcePush: com.dotcms.publisher.util.DependencyModDateUtilTest$TestCase@47d4cd89" classname="com.dotcms.publisher.util.DependencyModDateUtilTest" time="2.01"/>
  <testcase name="excludeByModDateContentWithPushAssetBeforeModDate: ForcePush: com.dotcms.publisher.util.DependencyModDateUtilTest$TestCase@754fa58f" classname="com.dotcms.publisher.util.DependencyModDateUtilTest" time="2.003"/>
  <testcase name="excludeByModDateContentWithTwoEnvironment: ForcePush: com.dotcms.publisher.util.DependencyModDateUtilTest$TestCase@78ff6f9f" classname="com.dotcms.publisher.util.DependencyModDateUtilTest" time="2.033"/>
  <testcase name="excludeByModDateContentWithTwoEnvironment: ForcePush: com.dotcms.publisher.util.DependencyModDateUtilTest$TestCase@c6601e7" classname="com.dotcms.publisher.util.DependencyModDateUtilTest" time="2.04"/>
  <testcase name="excludeByModDateContentWithTwoEnvironment: ForcePush: com.dotcms.publisher.util.DependencyModDateUtilTest$TestCase@278f5058" classname="com.dotcms.publisher.util.DependencyModDateUtilTest" time="2.023"/>
  <testcase name="excludeByModDateContentWithTwoEnvironment: ForcePush: com.dotcms.publisher.util.DependencyModDateUtilTest$TestCase@7f2a6130" classname="com.dotcms.publisher.util.DependencyModDateUtilTest" time="2.079"/>
  <testcase name="excludeByModDateContentWithTwoEnvironment: ForcePush: com.dotcms.publisher.util.DependencyModDateUtilTest$TestCase@7c2a7add" classname="com.dotcms.publisher.util.DependencyModDateUtilTest" time="2.002"/>
  <testcase name="excludeByModDateContentWithTwoEnvironment: ForcePush: com.dotcms.publisher.util.DependencyModDateUtilTest$TestCase@40ff3586" classname="com.dotcms.publisher.util.DependencyModDateUtilTest" time="2.041"/>
  <testcase name="excludeByModDateContentWithTwoEnvironment: ForcePush: com.dotcms.publisher.util.DependencyModDateUtilTest$TestCase@1dafa051" classname="com.dotcms.publisher.util.DependencyModDateUtilTest" time="1.091"/>
  <testcase name="excludeByModDateContentWithTwoEnvironment: ForcePush: com.dotcms.publisher.util.DependencyModDateUtilTest$TestCase@31a06135" classname="com.dotcms.publisher.util.DependencyModDateUtilTest" time="1.967"/>
  <testcase name="excludeByModDateContentWithTwoEnvironment: ForcePush: com.dotcms.publisher.util.DependencyModDateUtilTest$TestCase@1ef3094e" classname="com.dotcms.publisher.util.DependencyModDateUtilTest" time="2.011"/>
  <testcase name="excludeByModDateContentWithTwoEnvironment: ForcePush: com.dotcms.publisher.util.DependencyModDateUtilTest$TestCase@27194c13" classname="com.dotcms.publisher.util.DependencyModDateUtilTest" time="2.046"/>
  <testcase name="excludeByModDateContentWithTwoEnvironment: ForcePush: com.dotcms.publisher.util.DependencyModDateUtilTest$TestCase@47d4cd89" classname="com.dotcms.publisher.util.DependencyModDateUtilTest" time="2.02"/>
  <testcase name="excludeByModDateContentWithTwoEnvironment: ForcePush: com.dotcms.publisher.util.DependencyModDateUtilTest$TestCase@754fa58f" classname="com.dotcms.publisher.util.DependencyModDateUtilTest" time="2.042"/>
  <system-out><![CDATA[]]></system-out>
  <system-err><![CDATA[]]></system-err>
</testsuite>
