<?xml version="1.0" encoding="UTF-8"?>
<testsuite name="com.dotmarketing.startup.runonce.Task05050FileAssetContentTypeReadOnlyFileNameTest" tests="1" skipped="0" failures="0" errors="0" timestamp="2023-07-07T17:51:12" hostname="fv-az617-548" time="0.016">
  <properties/>
  <testcase name="testExecuteUpgrade" classname="com.dotmarketing.startup.runonce.Task05050FileAssetContentTypeReadOnlyFileNameTest" time="0.016"/>
  <system-out><![CDATA[]]></system-out>
  <system-err><![CDATA[]]></system-err>
</testsuite>
