<?xml version="1.0" encoding="UTF-8"?>
<testsuite name="com.dotcms.rest.TagResourceIntegrationTest" tests="4" skipped="0" failures="0" errors="0" timestamp="2023-07-11T17:38:49" hostname="fv-az1032-278" time="0.23">
  <properties/>
  <testcase name="testList[0: com.dotcms.rest.TagResourceTestCase@6e4b3ce8]" classname="com.dotcms.rest.TagResourceIntegrationTest" time="0.179"/>
  <testcase name="testList[1: com.dotcms.rest.TagResourceTestCase@31be101d]" classname="com.dotcms.rest.TagResourceIntegrationTest" time="0.018"/>
  <testcase name="testList[2: com.dotcms.rest.TagResourceTestCase@7c7226fd]" classname="com.dotcms.rest.TagResourceIntegrationTest" time="0.015"/>
  <testcase name="testList[3: com.dotcms.rest.TagResourceTestCase@4e10a01]" classname="com.dotcms.rest.TagResourceIntegrationTest" time="0.018"/>
  <system-out><![CDATA[]]></system-out>
  <system-err><![CDATA[Jul 11, 2023 5:38:49 PM com.dotcms.repackage.org.hibernate.validator.internal.util.Version <clinit>
INFO: HV000001: Hibernate Validator 4.3.2.Final
]]></system-err>
</testsuite>
