<?xml version="1.0" encoding="UTF-8"?>
<testsuite name="com.dotcms.publishing.remote.RemoteReceiverLanguageResolutionTest" tests="2" skipped="0" failures="0" errors="0" timestamp="2023-06-30T21:40:36" hostname="fv-az162-235" time="9.193">
  <properties/>
  <testcase name="Test_Create_New_Languages_Create_Bundle_Then_Publish_Bundle_Then_Read_Verify_Dupes_Are_Ignored_And_New_Languges_Were_Created" classname="com.dotcms.publishing.remote.RemoteReceiverLanguageResolutionTest" time="5.905"/>
  <testcase name="Test_Create_Dupe_Languages_Create_Bundle_Then_Publish_Bundle_Then_Read_Languages_Verify_Dupes_Are_Ignored" classname="com.dotcms.publishing.remote.RemoteReceiverLanguageResolutionTest" time="3.288"/>
  <system-out><![CDATA[]]></system-out>
  <system-err><![CDATA[Jun 30, 2023 9:40:39 PM com.impossibl.postgres.system.Settings set
WARNING: Applying unknown setting: autosave
]]></system-err>
</testsuite>
