<?xml version="1.0" encoding="UTF-8"?>
<testsuite name="com.dotmarketing.portlets.structure.model.ContentletRelationshipsTest" tests="7" skipped="0" failures="0" errors="0" timestamp="2023-06-28T16:56:38" hostname="fv-az361-558" time="9.688">
  <properties/>
  <testcase name="testDoesAllowOnlyOne[0: com.dotmarketing.portlets.structure.model.ContentletRelationshipsTest$CardinalityTestCase@35078774]" classname="com.dotmarketing.portlets.structure.model.ContentletRelationshipsTest" time="0.641"/>
  <testcase name="testDoesAllowOnlyOne[1: com.dotmarketing.portlets.structure.model.ContentletRelationshipsTest$CardinalityTestCase@7957fe14]" classname="com.dotmarketing.portlets.structure.model.ContentletRelationshipsTest" time="0.525"/>
  <testcase name="testDoesAllowOnlyOne[2: com.dotmarketing.portlets.structure.model.ContentletRelationshipsTest$CardinalityTestCase@4dfa9efb]" classname="com.dotmarketing.portlets.structure.model.ContentletRelationshipsTest" time="0.523"/>
  <testcase name="testGetRelationshipRecords[0: com.dotmarketing.portlets.structure.model.ContentletRelationshipsTest$TestCase@72c3cc61]" classname="com.dotmarketing.portlets.structure.model.ContentletRelationshipsTest" time="2.08"/>
  <testcase name="testGetRelationshipRecords[1: com.dotmarketing.portlets.structure.model.ContentletRelationshipsTest$TestCase@7bf6c96a]" classname="com.dotmarketing.portlets.structure.model.ContentletRelationshipsTest" time="2.045"/>
  <testcase name="testGetRelationshipRecords[2: com.dotmarketing.portlets.structure.model.ContentletRelationshipsTest$TestCase@3d172f5e]" classname="com.dotmarketing.portlets.structure.model.ContentletRelationshipsTest" time="1.997"/>
  <testcase name="testGetRelationshipRecords[3: com.dotmarketing.portlets.structure.model.ContentletRelationshipsTest$TestCase@24837341]" classname="com.dotmarketing.portlets.structure.model.ContentletRelationshipsTest" time="1.877"/>
  <system-out><![CDATA[]]></system-out>
  <system-err><![CDATA[]]></system-err>
</testsuite>
