<?xml version="1.0" encoding="UTF-8"?>
<testsuite name="com.dotmarketing.portlets.fileassets.business.FileAssetAPITest" tests="13" skipped="0" failures="0" errors="0" timestamp="2023-07-15T00:32:14" hostname="fv-az617-846" time="22.09">
  <properties/>
  <testcase name="test_findFileAssetsByHost_liveFileAssets_success" classname="com.dotmarketing.portlets.fileassets.business.FileAssetAPITest" time="4.191"/>
  <testcase name="test_that_we_return_files_from_host_system_folder" classname="com.dotmarketing.portlets.fileassets.business.FileAssetAPITest" time="1.271"/>
  <testcase name="test_findFileAssetsByParentable_workingFileAssets_success" classname="com.dotmarketing.portlets.fileassets.business.FileAssetAPITest" time="1.286"/>
  <testcase name="test_findFileAssetsByParentable_liveFileAssets_success" classname="com.dotmarketing.portlets.fileassets.business.FileAssetAPITest" time="2.545"/>
  <testcase name="Test_That_File_Asset_Gets_Stored_in_Cache_and_is_Not_Rebuilt_Everytime" classname="com.dotmarketing.portlets.fileassets.business.FileAssetAPITest" time="1.088"/>
  <testcase name="Test_Modify_Identifier_File_Name_Then_Recover_File_Then_Expect_Mismatch" classname="com.dotmarketing.portlets.fileassets.business.FileAssetAPITest" time="1.443"/>
  <testcase name="Test_Rename_File_Asset_Then_Recover_File_Then_Expect_Match" classname="com.dotmarketing.portlets.fileassets.business.FileAssetAPITest" time="1.186"/>
  <testcase name="test_findFileAssetsByHost_archivedFileAssets_success" classname="com.dotmarketing.portlets.fileassets.business.FileAssetAPITest" time="1.865"/>
  <testcase name="test_findFileAssetsByParentable_archivedFileAssets_success" classname="com.dotmarketing.portlets.fileassets.business.FileAssetAPITest" time="1.455"/>
  <testcase name="test_that_file_asset_from_db_respects_folder_permissions" classname="com.dotmarketing.portlets.fileassets.business.FileAssetAPITest" time="1.248"/>
  <testcase name="test_that_file_asset_from_db_respects_live_working_flag" classname="com.dotmarketing.portlets.fileassets.business.FileAssetAPITest" time="1.299"/>
  <testcase name="test_findFileAssetsByHost_workingFileAssets_success" classname="com.dotmarketing.portlets.fileassets.business.FileAssetAPITest" time="1.909"/>
  <testcase name="test_that_file_asset_from_db_works" classname="com.dotmarketing.portlets.fileassets.business.FileAssetAPITest" time="1.304"/>
  <system-out><![CDATA[]]></system-out>
  <system-err><![CDATA[]]></system-err>
</testsuite>
