<?xml version="1.0" encoding="UTF-8"?>
<testsuite name="com.dotmarketing.business.DeterministicIdentifierAPITest" tests="16" skipped="0" failures="0" errors="0" timestamp="2023-07-10T23:26:24" hostname="fv-az487-466" time="1.788">
  <properties/>
  <testcase name="Test_Category_Path_Seed_And_Id" classname="com.dotmarketing.business.DeterministicIdentifierAPITest" time="0.037"/>
  <testcase name="Test_Language_Deterministic_Id[0: LanguageTestCase{expectedSeed='Language:es:US', expectedHash=4913155, langCode='es', countryCode='US', country='United States'}]" classname="com.dotmarketing.business.DeterministicIdentifierAPITest" time="0.002"/>
  <testcase name="Test_Language_Deterministic_Id[1: LanguageTestCase{expectedSeed='Language:ep:', expectedHash=5292269, langCode='ep', countryCode='', country=''}]" classname="com.dotmarketing.business.DeterministicIdentifierAPITest" time="0.002"/>
  <testcase name="Test_Language_Deterministic_Id[2: LanguageTestCase{expectedSeed='Language:sg:SAG', expectedHash=4713118, langCode='sg', countryCode='SAG', country=''}]" classname="com.dotmarketing.business.DeterministicIdentifierAPITest" time="0.002"/>
  <testcase name="Test_Language_Deterministic_Id[3: LanguageTestCase{expectedSeed='Language:en:NZ', expectedHash=5382528, langCode='en', countryCode='NZ', country='New Zealand'}]" classname="com.dotmarketing.business.DeterministicIdentifierAPITest" time="0.002"/>
  <testcase name="Test_Category_None_Persisted_Category_Should_Return_Deterministic_Id" classname="com.dotmarketing.business.DeterministicIdentifierAPITest" time="0.003"/>
  <testcase name="Test_Asset_Generate_Deterministic_Id_Best_Effort[0: TestCase{versionable=my.host1689031141337.com, parent=System Host, expectedName='my.host1689031141337.com', expectedType='Host'}]" classname="com.dotmarketing.business.DeterministicIdentifierAPITest" time="0.005"/>
  <testcase name="Test_Asset_Generate_Deterministic_Id_Best_Effort[1: TestCase{versionable=com.dotmarketing.portlets.contentlet.model.Contentlet@407c3aea[map={modDate=2023-07-10 23:19:01.79, fileName=file18398902706774366607.txt, title=file18398902706774366607.txt, inode=8a94fbab-b5ba-4570-bd61-10e93b48c6cd, __IS_NEW_CONTENT__=true, disabledWYSIWYG=[], host=cb009295-857b-4009-b1de-22339be645de, stInode=33888b6f-7a8e-4069-b1b6-5c1aa9d0a48d, owner=system, identifier=c3c5786b-0664-40ab-b352-5f288639f546, nullProperties=[wfExpireDate, wfPublishDate, wfActionAssign, wfActionId, wfActionComments, filterKey, whereToSend, wfNeverExpire, _path_to_move, timezoneId, iWantTo, wfPublishTime, wfExpireTime], languageId=1, fileAsset=/home/runner/work/core/custom/assets/8/a/8a94fbab-b5ba-4570-bd61-10e93b48c6cd/fileAsset/file18398902706774366607.txt, folder=dfbe3536-b7b3-4611-b428-063e2517d32f, __disable_workflow__=true, sortOrder=0, modUser=system},lowIndexPriority=false,variantId=DEFAULT], parent=com.dotmarketing.portlets.folders.model.Folder@14db9c26[identifier=dfbe3536-b7b3-4611-b428-063e2517d32f,name=testName1689031141779,sortOrder=0,showOnMenu=false,hostId=cb009295-857b-4009-b1de-22339be645de,type=folder,title=testTitle1689031141779,filesMasks=,defaultFileType=33888b6f-7a8e-4069-b1b6-5c1aa9d0a48d,modDate=2023-07-10 23:19:01.785,owner=&lt;null&gt;,iDate=2023-07-10 23:19:01.785,inode=dfbe3536-b7b3-4611-b428-063e2517d32f,path=/testName1689031141779/], expectedName='file18398902706774366607.txt', expectedType='FileAsset'}]" classname="com.dotmarketing.business.DeterministicIdentifierAPITest" time="0.005"/>
  <testcase name="Test_Asset_Generate_Deterministic_Id_Best_Effort[2: TestCase{versionable=com.dotmarketing.portlets.templates.model.Template@f68ec238, parent=my.host1689031141337.com, expectedName='testTitle1689031141937', expectedType='Template'}]" classname="com.dotmarketing.business.DeterministicIdentifierAPITest" time="0.004"/>
  <testcase name="Test_Asset_Generate_Deterministic_Id_Best_Effort[3: TestCase{versionable=com.dotmarketing.portlets.htmlpageasset.model.HTMLPageAsset@1077f598[map={template=359e833c-fae3-46ab-9d7f-c3705a8524d8, owner=system, identifier=7a64d10f-686b-4ba4-9bd9-8df7950f4870, nullProperties=[wfExpireDate, wfPublishDate, wfActionAssign, wfActionId, wfActionComments, filterKey, whereToSend, wfNeverExpire, _path_to_move, timezoneId, iWantTo, wfPublishTime, wfExpireTime], modDate=2023-07-10 23:19:01.966, cachettl=0, _is_test_mode=true, languageId=1, title=test-page-title-1689031141958, httpsreq=, url=test-page-url-1689031141958, showOnMenu=, inode=6881976f-aaec-45d0-b9be-d24c97dc50e5, folder=dfbe3536-b7b3-4611-b428-063e2517d32f, disabledWYSIWYG=[], sortOrder=1, modUser=system, host=cb009295-857b-4009-b1de-22339be645de, stInode=c541abb1-69b3-4bc5-8430-5e09e5239cc8, friendlyName=test-page-friendly-name-1689031141958},lowIndexPriority=false,variantId=DEFAULT], parent=com.dotmarketing.portlets.folders.model.Folder@14db9c26[identifier=dfbe3536-b7b3-4611-b428-063e2517d32f,name=testName1689031141779,sortOrder=0,showOnMenu=false,hostId=cb009295-857b-4009-b1de-22339be645de,type=folder,title=testTitle1689031141779,filesMasks=,defaultFileType=33888b6f-7a8e-4069-b1b6-5c1aa9d0a48d,modDate=2023-07-10 23:19:01.785,owner=&lt;null&gt;,iDate=2023-07-10 23:19:01.785,inode=dfbe3536-b7b3-4611-b428-063e2517d32f,path=/testName1689031141779/], expectedName='test-page-url-1689031141958', expectedType='htmlpageasset'}]" classname="com.dotmarketing.business.DeterministicIdentifierAPITest" time="0.004"/>
  <testcase name="Test_Asset_Generate_Deterministic_Id_Best_Effort[4: TestCase{versionable=com.dotmarketing.portlets.contentlet.model.Contentlet@12529ced[map={fileAsset2=/home/runner/work/core/custom/assets/c/9/c9d686a7-5adb-4b5b-b144-fc9e0fe1c803/fileAsset2/test_binary1689031143831.png, modDate=2023-07-10 23:19:03.84, fileAsset1=/home/runner/work/core/custom/assets/c/9/c9d686a7-5adb-4b5b-b144-fc9e0fe1c803/fileAsset1/test_binary1689031143831.jpg, title=blah, inode=c9d686a7-5adb-4b5b-b144-fc9e0fe1c803, __IS_NEW_CONTENT__=true, disabledWYSIWYG=[], host=48190c8c-42c4-46af-8d1a-0cd5db894797, stInode=d7eac45d-1f58-4bb6-8ba0-bb339f77fa97, owner=system, identifier=131e8bbb-6361-4ead-9872-d38ce08ebd12, nullProperties=[], languageId=1, image1=42238226-0c43-4bbd-a841-dcdf2c497a99, folder=SYSTEM_FOLDER, __disable_workflow__=true, sortOrder=0, modUser=system},lowIndexPriority=false,variantId=DEFAULT], parent=demo.dotcms.com, expectedName='test_binary1689031143831.jpg:test_binary1689031143831.png', expectedType='MultipleBinaries1689031142241'}]" classname="com.dotmarketing.business.DeterministicIdentifierAPITest" time="0.005"/>
  <testcase name="Test_Asset_Generate_Deterministic_Id_Best_Effort[5: TestCase{versionable=namefb222a2803 : keyTagfb222a2803, parent=my.host1689031141337.com, expectedName='keyTagfb222a2803', expectedType='persona'}]" classname="com.dotmarketing.business.DeterministicIdentifierAPITest" time="0.004"/>
  <testcase name="Test_Similar_Content_Type_Wont_Clash" classname="com.dotmarketing.business.DeterministicIdentifierAPITest" time="0.638"/>
  <testcase name="Test_Generate_Folder_Identifier" classname="com.dotmarketing.business.DeterministicIdentifierAPITest" time="1.053"/>
  <testcase name="Test_Generate_Content_Type_Identifier[0: ContentTypeTestCase{contentType=KeyValueContentType{name=Language Variable, id=f4d7c1b8-2c88-4071-abf1-a5328977b07d, description=Default Content Type for Language Variables, defaultType=false, fixed=true, iDate=Thu Aug 31 16:38:49 UTC 2017, system=true, versionable=true, variable=Languagevariable, modDate=Mon Jul 10 22:03:33 UTC 2023, host=SYSTEM_HOST, siteName=systemHost, icon=language, sortOrder=0, folder=SYSTEM_FOLDER, folderPath=/, markedForDeletion=true, multilingualable=false}, expectedName='Languagevariable', expectedType='KeyValue'}]" classname="com.dotmarketing.business.DeterministicIdentifierAPITest" time="0.008"/>
  <testcase name="Test_Generate_Content_Type_Identifier[1: ContentTypeTestCase{contentType=SimpleContentType{name=testName1689031144432, id=96a3ab7f-4e4f-4dab-b39f-c5c116e33389, description=testDescription1689031144432, defaultType=false, fixed=false, iDate=Mon Jul 10 23:19:04 UTC 2023, system=false, versionable=true, multilingualable=false, variable=testVarname1689031144432, owner=system, modDate=Mon Jul 10 23:19:06 UTC 2023, host=48190c8c-42c4-46af-8d1a-0cd5db894797, siteName=demo.dotcms.com, icon=event_note, sortOrder=0, folder=SYSTEM_FOLDER, folderPath=/, requiredFields=[], markedForDeletion=false}, expectedName='testVarname1689031144432', expectedType='CONTENT'}]" classname="com.dotmarketing.business.DeterministicIdentifierAPITest" time="0.009"/>
  <system-out><![CDATA[]]></system-out>
  <system-err><![CDATA[]]></system-err>
</testsuite>
