<?xml version="1.0" encoding="UTF-8"?>
<testsuite name="com.dotcms.rendering.velocity.viewtools.XsltToolTest" tests="1" skipped="0" failures="0" errors="0" timestamp="2023-07-13T21:33:02" hostname="fv-az267-171" time="3.187">
  <properties/>
  <testcase name="TestTransform" classname="com.dotcms.rendering.velocity.viewtools.XsltToolTest" time="3.187"/>
  <system-out><![CDATA[]]></system-out>
  <system-err><![CDATA[]]></system-err>
</testsuite>
