<?xml version="1.0" encoding="UTF-8"?>
<testsuite name="com.dotmarketing.portlets.languagesmanager.business.LanguageAPITest" tests="11" skipped="0" failures="0" errors="0" timestamp="2023-06-26T16:07:24" hostname="fv-az936-789" time="119.232">
  <properties/>
  <testcase name="getStringKey_KeyExistsPropertiesFileAndAsAContent_returnsLanguageVariableContent" classname="com.dotmarketing.portlets.languagesmanager.business.LanguageAPITest" time="1.35"/>
  <testcase name="test_saveLanguage_InvalidLanguage_ShouldThrowException[0: &lt;null&gt;]" classname="com.dotmarketing.portlets.languagesmanager.business.LanguageAPITest" time="0.001"/>
  <testcase name="test_saveLanguage_InvalidLanguage_ShouldThrowException[1: ]" classname="com.dotmarketing.portlets.languagesmanager.business.LanguageAPITest" time="0.001"/>
  <testcase name="test_saveLanguage_InvalidLanguage_ShouldThrowException[2: it]" classname="com.dotmarketing.portlets.languagesmanager.business.LanguageAPITest" time="0.001"/>
  <testcase name="test_saveLanguage_InvalidLanguage_ShouldThrowException[3: -it]" classname="com.dotmarketing.portlets.languagesmanager.business.LanguageAPITest" time="0.0"/>
  <testcase name="getStringsAsMap_returnMap" classname="com.dotmarketing.portlets.languagesmanager.business.LanguageAPITest" time="1.255"/>
  <testcase name="languageCache" classname="com.dotmarketing.portlets.languagesmanager.business.LanguageAPITest" time="0.016"/>
  <testcase name="getStringKey_returnLanguageVariableContent" classname="com.dotmarketing.portlets.languagesmanager.business.LanguageAPITest" time="1.384"/>
  <testcase name="test_deleteLanguage_WithExistingContent_ShouldFail" classname="com.dotmarketing.portlets.languagesmanager.business.LanguageAPITest" time="1.103"/>
  <testcase name="Create_Content_Under_Default_Lang_Make_New_Default_Language_And_Test_Assets_Lang_Transfer" classname="com.dotmarketing.portlets.languagesmanager.business.LanguageAPITest" time="114.098"/>
  <testcase name="getStringKey_returnKey" classname="com.dotmarketing.portlets.languagesmanager.business.LanguageAPITest" time="0.021"/>
  <system-out><![CDATA[]]></system-out>
  <system-err><![CDATA[]]></system-err>
</testsuite>
