<?xml version="1.0" encoding="UTF-8"?>
<testsuite name="com.dotmarketing.business.DeterministicIdentifierAPITest" tests="16" skipped="0" failures="0" errors="0" timestamp="2023-07-11T23:08:57" hostname="fv-az436-467" time="1.601">
  <properties/>
  <testcase name="Test_Category_Path_Seed_And_Id" classname="com.dotmarketing.business.DeterministicIdentifierAPITest" time="0.031"/>
  <testcase name="Test_Language_Deterministic_Id[0: LanguageTestCase{expectedSeed='Language:es:US', expectedHash=4913155, langCode='es', countryCode='US', country='United States'}]" classname="com.dotmarketing.business.DeterministicIdentifierAPITest" time="0.001"/>
  <testcase name="Test_Language_Deterministic_Id[1: LanguageTestCase{expectedSeed='Language:ep:', expectedHash=5292269, langCode='ep', countryCode='', country=''}]" classname="com.dotmarketing.business.DeterministicIdentifierAPITest" time="0.002"/>
  <testcase name="Test_Language_Deterministic_Id[2: LanguageTestCase{expectedSeed='Language:sg:SAG', expectedHash=4713118, langCode='sg', countryCode='SAG', country=''}]" classname="com.dotmarketing.business.DeterministicIdentifierAPITest" time="0.001"/>
  <testcase name="Test_Language_Deterministic_Id[3: LanguageTestCase{expectedSeed='Language:en:NZ', expectedHash=5382528, langCode='en', countryCode='NZ', country='New Zealand'}]" classname="com.dotmarketing.business.DeterministicIdentifierAPITest" time="0.001"/>
  <testcase name="Test_Category_None_Persisted_Category_Should_Return_Deterministic_Id" classname="com.dotmarketing.business.DeterministicIdentifierAPITest" time="0.002"/>
  <testcase name="Test_Asset_Generate_Deterministic_Id_Best_Effort[0: TestCase{versionable=my.host1689116518912.com, parent=System Host, expectedName='my.host1689116518912.com', expectedType='Host'}]" classname="com.dotmarketing.business.DeterministicIdentifierAPITest" time="0.004"/>
  <testcase name="Test_Asset_Generate_Deterministic_Id_Best_Effort[1: TestCase{versionable=com.dotmarketing.portlets.contentlet.model.Contentlet@7c6c331a[map={modDate=2023-07-11 23:01:59.461, fileName=file6858045156008696101.txt, title=file6858045156008696101.txt, inode=ae1cb3b4-3c00-41c6-9d84-871608fc0cf4, __IS_NEW_CONTENT__=true, disabledWYSIWYG=[], host=9b288beb-ac58-4dee-83d7-0e8722a15beb, stInode=33888b6f-7a8e-4069-b1b6-5c1aa9d0a48d, owner=system, identifier=b2799fda-5a5d-4d9e-93cf-a0e3ea954c3e, nullProperties=[wfExpireDate, wfPublishDate, wfActionAssign, wfActionId, wfActionComments, filterKey, whereToSend, wfNeverExpire, _path_to_move, timezoneId, iWantTo, wfPublishTime, wfExpireTime], languageId=1, fileAsset=/home/runner/work/core/custom/assets/a/e/ae1cb3b4-3c00-41c6-9d84-871608fc0cf4/fileAsset/file6858045156008696101.txt, folder=ac3eded7-21a8-4335-87af-abf39977b3ec, __disable_workflow__=true, sortOrder=0, modUser=system},lowIndexPriority=false,variantId=DEFAULT], parent=com.dotmarketing.portlets.folders.model.Folder@1582a396[identifier=ac3eded7-21a8-4335-87af-abf39977b3ec,name=testName1689116519446,sortOrder=0,showOnMenu=false,hostId=9b288beb-ac58-4dee-83d7-0e8722a15beb,type=folder,title=testTitle1689116519446,filesMasks=,defaultFileType=33888b6f-7a8e-4069-b1b6-5c1aa9d0a48d,modDate=2023-07-11 23:01:59.452,owner=&lt;null&gt;,iDate=2023-07-11 23:01:59.452,inode=ac3eded7-21a8-4335-87af-abf39977b3ec,path=/testName1689116519446/], expectedName='file6858045156008696101.txt', expectedType='FileAsset'}]" classname="com.dotmarketing.business.DeterministicIdentifierAPITest" time="0.004"/>
  <testcase name="Test_Asset_Generate_Deterministic_Id_Best_Effort[2: TestCase{versionable=com.dotmarketing.portlets.templates.model.Template@aca02495, parent=my.host1689116518912.com, expectedName='testTitle1689116519604', expectedType='Template'}]" classname="com.dotmarketing.business.DeterministicIdentifierAPITest" time="0.002"/>
  <testcase name="Test_Asset_Generate_Deterministic_Id_Best_Effort[3: TestCase{versionable=com.dotmarketing.portlets.htmlpageasset.model.HTMLPageAsset@7c97e2a8[map={template=47ca84cb-51a0-468f-b16a-a3f549e54b3a, owner=system, identifier=4aa4d95d-f2c7-44ef-ad93-304045cf8671, nullProperties=[wfExpireDate, wfPublishDate, wfActionAssign, wfActionId, wfActionComments, filterKey, whereToSend, wfNeverExpire, _path_to_move, timezoneId, iWantTo, wfPublishTime, wfExpireTime], modDate=2023-07-11 23:01:59.631, cachettl=0, _is_test_mode=true, languageId=1, title=test-page-title-1689116519624, httpsreq=, url=test-page-url-1689116519624, showOnMenu=, inode=f80c79e4-6bd2-47df-b50a-cdd87643fe21, folder=ac3eded7-21a8-4335-87af-abf39977b3ec, disabledWYSIWYG=[], sortOrder=1, modUser=system, host=9b288beb-ac58-4dee-83d7-0e8722a15beb, stInode=c541abb1-69b3-4bc5-8430-5e09e5239cc8, friendlyName=test-page-friendly-name-1689116519624},lowIndexPriority=false,variantId=DEFAULT], parent=com.dotmarketing.portlets.folders.model.Folder@1582a396[identifier=ac3eded7-21a8-4335-87af-abf39977b3ec,name=testName1689116519446,sortOrder=0,showOnMenu=false,hostId=9b288beb-ac58-4dee-83d7-0e8722a15beb,type=folder,title=testTitle1689116519446,filesMasks=,defaultFileType=33888b6f-7a8e-4069-b1b6-5c1aa9d0a48d,modDate=2023-07-11 23:01:59.452,owner=&lt;null&gt;,iDate=2023-07-11 23:01:59.452,inode=ac3eded7-21a8-4335-87af-abf39977b3ec,path=/testName1689116519446/], expectedName='test-page-url-1689116519624', expectedType='htmlpageasset'}]" classname="com.dotmarketing.business.DeterministicIdentifierAPITest" time="0.003"/>
  <testcase name="Test_Asset_Generate_Deterministic_Id_Best_Effort[4: TestCase{versionable=com.dotmarketing.portlets.contentlet.model.Contentlet@79fb1f34[map={fileAsset2=/home/runner/work/core/custom/assets/a/8/a89696c5-959c-4b9b-b9ea-70133ad9887c/fileAsset2/test_binary1689116521521.png, modDate=2023-07-11 23:02:01.536, fileAsset1=/home/runner/work/core/custom/assets/a/8/a89696c5-959c-4b9b-b9ea-70133ad9887c/fileAsset1/test_binary1689116521521.jpg, title=blah, inode=a89696c5-959c-4b9b-b9ea-70133ad9887c, __IS_NEW_CONTENT__=true, disabledWYSIWYG=[], host=48190c8c-42c4-46af-8d1a-0cd5db894797, stInode=35ec9a74-2cf9-4fa5-81cd-4c97c379988f, owner=system, identifier=656f0422-9360-4bb2-ac87-f93f7fe096d9, nullProperties=[], languageId=1, image1=ee691b71-b00e-4142-9320-094fcd9cf9e7, folder=SYSTEM_FOLDER, __disable_workflow__=true, sortOrder=0, modUser=system},lowIndexPriority=false,variantId=DEFAULT], parent=demo.dotcms.com, expectedName='test_binary1689116521521.jpg:test_binary1689116521521.png', expectedType='MultipleBinaries1689116519837'}]" classname="com.dotmarketing.business.DeterministicIdentifierAPITest" time="0.004"/>
  <testcase name="Test_Asset_Generate_Deterministic_Id_Best_Effort[5: TestCase{versionable=name6071207703 : keyTag6071207703, parent=my.host1689116518912.com, expectedName='keyTag6071207703', expectedType='persona'}]" classname="com.dotmarketing.business.DeterministicIdentifierAPITest" time="0.003"/>
  <testcase name="Test_Similar_Content_Type_Wont_Clash" classname="com.dotmarketing.business.DeterministicIdentifierAPITest" time="0.631"/>
  <testcase name="Test_Generate_Folder_Identifier" classname="com.dotmarketing.business.DeterministicIdentifierAPITest" time="0.889"/>
  <testcase name="Test_Generate_Content_Type_Identifier[0: ContentTypeTestCase{contentType=KeyValueContentType{name=Language Variable, id=f4d7c1b8-2c88-4071-abf1-a5328977b07d, description=Default Content Type for Language Variables, defaultType=false, fixed=true, iDate=Thu Aug 31 16:38:49 UTC 2017, system=true, versionable=true, variable=Languagevariable, modDate=Tue Jul 11 21:46:21 UTC 2023, host=SYSTEM_HOST, siteName=systemHost, icon=language, sortOrder=0, folder=SYSTEM_FOLDER, folderPath=/, markedForDeletion=true, multilingualable=false}, expectedName='Languagevariable', expectedType='KeyValue'}]" classname="com.dotmarketing.business.DeterministicIdentifierAPITest" time="0.013"/>
  <testcase name="Test_Generate_Content_Type_Identifier[1: ContentTypeTestCase{contentType=SimpleContentType{name=testName1689116522269, id=0e8fe1ca-7069-4e0d-9253-8ab723a78c40, description=testDescription1689116522269, defaultType=false, fixed=false, iDate=Tue Jul 11 23:02:02 UTC 2023, system=false, versionable=true, multilingualable=false, variable=testVarname1689116522269, owner=system, modDate=Tue Jul 11 23:02:03 UTC 2023, host=48190c8c-42c4-46af-8d1a-0cd5db894797, siteName=demo.dotcms.com, icon=event_note, sortOrder=0, folder=SYSTEM_FOLDER, folderPath=/, requiredFields=[], markedForDeletion=false}, expectedName='testVarname1689116522269', expectedType='CONTENT'}]" classname="com.dotmarketing.business.DeterministicIdentifierAPITest" time="0.006"/>
  <system-out><![CDATA[]]></system-out>
  <system-err><![CDATA[]]></system-err>
</testsuite>
