<?xml version="1.0" encoding="UTF-8"?>
<testsuite name="com.dotmarketing.business.DeterministicIdentifierAPITest" tests="16" skipped="0" failures="0" errors="0" timestamp="2023-07-20T00:20:58" hostname="fv-az713-951" time="1.18">
  <properties/>
  <testcase name="Test_Category_Path_Seed_And_Id" classname="com.dotmarketing.business.DeterministicIdentifierAPITest" time="0.023"/>
  <testcase name="Test_Language_Deterministic_Id[0: LanguageTestCase{expectedSeed='Language:es:US', expectedHash=4913155, langCode='es', countryCode='US', country='United States'}]" classname="com.dotmarketing.business.DeterministicIdentifierAPITest" time="0.001"/>
  <testcase name="Test_Language_Deterministic_Id[1: LanguageTestCase{expectedSeed='Language:ep:', expectedHash=5292269, langCode='ep', countryCode='', country=''}]" classname="com.dotmarketing.business.DeterministicIdentifierAPITest" time="0.0"/>
  <testcase name="Test_Language_Deterministic_Id[2: LanguageTestCase{expectedSeed='Language:sg:SAG', expectedHash=4713118, langCode='sg', countryCode='SAG', country=''}]" classname="com.dotmarketing.business.DeterministicIdentifierAPITest" time="0.0"/>
  <testcase name="Test_Language_Deterministic_Id[3: LanguageTestCase{expectedSeed='Language:en:NZ', expectedHash=5382528, langCode='en', countryCode='NZ', country='New Zealand'}]" classname="com.dotmarketing.business.DeterministicIdentifierAPITest" time="0.0"/>
  <testcase name="Test_Category_None_Persisted_Category_Should_Return_Deterministic_Id" classname="com.dotmarketing.business.DeterministicIdentifierAPITest" time="0.001"/>
  <testcase name="Test_Asset_Generate_Deterministic_Id_Best_Effort[0: TestCase{versionable=my.host1689812072179.com, parent=System Host, expectedName='my.host1689812072179.com', expectedType='Host'}]" classname="com.dotmarketing.business.DeterministicIdentifierAPITest" time="0.002"/>
  <testcase name="Test_Asset_Generate_Deterministic_Id_Best_Effort[1: TestCase{versionable=com.dotmarketing.portlets.contentlet.model.Contentlet@a1f6705[map={modDate=2023-07-20 00:14:32.897, fileName=file13379754161235341593.txt, title=file13379754161235341593.txt, inode=04b4d4ee-80b7-47a7-b467-c366a4e6e36f, __IS_NEW_CONTENT__=true, disabledWYSIWYG=[], host=68709632-022c-467f-9b30-8a28fa8a4041, stInode=33888b6f-7a8e-4069-b1b6-5c1aa9d0a48d, owner=system, identifier=50f095fb-3481-4777-bc0a-1ee62ca4a416, nullProperties=[wfExpireDate, wfPublishDate, wfActionAssign, wfActionId, wfActionComments, filterKey, whereToSend, wfNeverExpire, _path_to_move, timezoneId, iWantTo, wfPublishTime, wfExpireTime], languageId=1, fileAsset=/home/runner/work/core/custom/assets/0/4/04b4d4ee-80b7-47a7-b467-c366a4e6e36f/fileAsset/file13379754161235341593.txt, folder=bc3e3cf8-0f30-4f9c-875f-41ec48ad7971, __disable_workflow__=true, sortOrder=0, modUser=system},lowIndexPriority=false,variantId=DEFAULT], parent=com.dotmarketing.portlets.folders.model.Folder@6a87839d[identifier=bc3e3cf8-0f30-4f9c-875f-41ec48ad7971,name=testName1689812072890,sortOrder=0,showOnMenu=false,hostId=68709632-022c-467f-9b30-8a28fa8a4041,type=folder,title=testTitle1689812072890,filesMasks=,defaultFileType=33888b6f-7a8e-4069-b1b6-5c1aa9d0a48d,modDate=2023-07-20 00:14:32.892,owner=&lt;null&gt;,iDate=2023-07-20 00:14:32.892,inode=bc3e3cf8-0f30-4f9c-875f-41ec48ad7971,path=/testName1689812072890/], expectedName='file13379754161235341593.txt', expectedType='FileAsset'}]" classname="com.dotmarketing.business.DeterministicIdentifierAPITest" time="0.002"/>
  <testcase name="Test_Asset_Generate_Deterministic_Id_Best_Effort[2: TestCase{versionable=com.dotmarketing.portlets.templates.model.Template@e78010a1, parent=my.host1689812072179.com, expectedName='testTitle1689812072986', expectedType='Template'}]" classname="com.dotmarketing.business.DeterministicIdentifierAPITest" time="0.002"/>
  <testcase name="Test_Asset_Generate_Deterministic_Id_Best_Effort[3: TestCase{versionable=com.dotmarketing.portlets.htmlpageasset.model.HTMLPageAsset@7621de95[map={template=65974a6a-0413-4f5e-83a1-9e873807863f, owner=system, identifier=3450bf19-5cd4-4660-a309-aaf9ebffec9d, nullProperties=[wfExpireDate, wfPublishDate, wfActionAssign, wfActionId, wfActionComments, filterKey, whereToSend, wfNeverExpire, _path_to_move, timezoneId, iWantTo, wfPublishTime, wfExpireTime], modDate=2023-07-20 00:14:33.006, cachettl=0, _is_test_mode=true, languageId=1, title=test-page-title-1689812073003, httpsreq=, url=test-page-url-1689812073003, showOnMenu=, inode=9841fd56-e2cf-4099-8565-e0358aa86fff, folder=bc3e3cf8-0f30-4f9c-875f-41ec48ad7971, disabledWYSIWYG=[], sortOrder=1, modUser=system, host=68709632-022c-467f-9b30-8a28fa8a4041, stInode=c541abb1-69b3-4bc5-8430-5e09e5239cc8, friendlyName=test-page-friendly-name-1689812073003},lowIndexPriority=false,variantId=DEFAULT], parent=com.dotmarketing.portlets.folders.model.Folder@6a87839d[identifier=bc3e3cf8-0f30-4f9c-875f-41ec48ad7971,name=testName1689812072890,sortOrder=0,showOnMenu=false,hostId=68709632-022c-467f-9b30-8a28fa8a4041,type=folder,title=testTitle1689812072890,filesMasks=,defaultFileType=33888b6f-7a8e-4069-b1b6-5c1aa9d0a48d,modDate=2023-07-20 00:14:32.892,owner=&lt;null&gt;,iDate=2023-07-20 00:14:32.892,inode=bc3e3cf8-0f30-4f9c-875f-41ec48ad7971,path=/testName1689812072890/], expectedName='test-page-url-1689812073003', expectedType='htmlpageasset'}]" classname="com.dotmarketing.business.DeterministicIdentifierAPITest" time="0.002"/>
  <testcase name="Test_Asset_Generate_Deterministic_Id_Best_Effort[4: TestCase{versionable=com.dotmarketing.portlets.contentlet.model.Contentlet@6b7f23cd[map={fileAsset2=/home/runner/work/core/custom/assets/1/6/16e2fd21-d0e1-4f5e-b5ae-fd6ca452f081/fileAsset2/test_binary1689812074895.png, modDate=2023-07-20 00:14:34.899, fileAsset1=/home/runner/work/core/custom/assets/1/6/16e2fd21-d0e1-4f5e-b5ae-fd6ca452f081/fileAsset1/test_binary1689812074895.jpg, title=blah, inode=16e2fd21-d0e1-4f5e-b5ae-fd6ca452f081, __IS_NEW_CONTENT__=true, disabledWYSIWYG=[], host=48190c8c-42c4-46af-8d1a-0cd5db894797, stInode=28364978-a15c-41e1-9143-d7e091854f61, owner=system, identifier=15a592e0-9b10-4bc7-9a39-b269fe7d2588, nullProperties=[], languageId=1, image1=3ea4468a-b27c-4746-b73e-a89edb36fddf, folder=SYSTEM_FOLDER, __disable_workflow__=true, sortOrder=0, modUser=system},lowIndexPriority=false,variantId=DEFAULT], parent=demo.dotcms.com, expectedName='test_binary1689812074895.jpg:test_binary1689812074895.png', expectedType='MultipleBinaries1689812073335'}]" classname="com.dotmarketing.business.DeterministicIdentifierAPITest" time="0.003"/>
  <testcase name="Test_Asset_Generate_Deterministic_Id_Best_Effort[5: TestCase{versionable=name56c3a2e1f7 : keyTag56c3a2e1f7, parent=my.host1689812072179.com, expectedName='keyTag56c3a2e1f7', expectedType='persona'}]" classname="com.dotmarketing.business.DeterministicIdentifierAPITest" time="0.002"/>
  <testcase name="Test_Similar_Content_Type_Wont_Clash" classname="com.dotmarketing.business.DeterministicIdentifierAPITest" time="0.407"/>
  <testcase name="Test_Generate_Folder_Identifier" classname="com.dotmarketing.business.DeterministicIdentifierAPITest" time="0.71"/>
  <testcase name="Test_Generate_Content_Type_Identifier[0: ContentTypeTestCase{contentType=KeyValueContentType{name=Language Variable, id=f4d7c1b8-2c88-4071-abf1-a5328977b07d, description=Default Content Type for Language Variables, defaultType=false, fixed=true, iDate=Thu Aug 31 16:38:49 UTC 2017, system=true, versionable=true, variable=Languagevariable, modDate=Wed Jul 19 23:10:59 UTC 2023, host=SYSTEM_HOST, siteName=systemHost, icon=language, sortOrder=0, folder=SYSTEM_FOLDER, folderPath=/, markedForDeletion=true, multilingualable=false}, expectedName='Languagevariable', expectedType='KeyValue'}]" classname="com.dotmarketing.business.DeterministicIdentifierAPITest" time="0.012"/>
  <testcase name="Test_Generate_Content_Type_Identifier[1: ContentTypeTestCase{contentType=SimpleContentType{name=testName1689812075338, id=6b7af664-aa15-4237-a310-e4efe27948a4, description=testDescription1689812075338, defaultType=false, fixed=false, iDate=Thu Jul 20 00:14:35 UTC 2023, system=false, versionable=true, multilingualable=false, variable=testVarname1689812075338, owner=system, modDate=Thu Jul 20 00:14:36 UTC 2023, host=48190c8c-42c4-46af-8d1a-0cd5db894797, siteName=demo.dotcms.com, icon=event_note, sortOrder=0, folder=SYSTEM_FOLDER, folderPath=/, requiredFields=[], markedForDeletion=false}, expectedName='testVarname1689812075338', expectedType='CONTENT'}]" classname="com.dotmarketing.business.DeterministicIdentifierAPITest" time="0.007"/>
  <system-out><![CDATA[]]></system-out>
  <system-err><![CDATA[]]></system-err>
</testsuite>
