<?xml version="1.0" encoding="UTF-8"?>
<testsuite name="com.dotcms.content.elasticsearch.business.ESContentletAPIImplTest" tests="48" skipped="0" failures="0" errors="0" timestamp="2023-07-18T19:17:04" hostname="fv-az553-913" time="98.388">
  <properties/>
  <testcase name="flushVanityURLCacheRight" classname="com.dotcms.content.elasticsearch.business.ESContentletAPIImplTest" time="4.72"/>
  <testcase name="differentVersionWithDifferentExpireDate" classname="com.dotcms.content.elasticsearch.business.ESContentletAPIImplTest" time="1.892"/>
  <testcase name="whenTryToLockShouldThrowDotSecurityException" classname="com.dotcms.content.elasticsearch.business.ESContentletAPIImplTest" time="2.081"/>
  <testcase name="findAllVersionsByVariantWithNoAllowUser" classname="com.dotcms.content.elasticsearch.business.ESContentletAPIImplTest" time="4.263"/>
  <testcase name="savingFieldWithUniqueFieldInDifferentHost" classname="com.dotcms.content.elasticsearch.business.ESContentletAPIImplTest" time="2.311"/>
  <testcase name="findAllVersionsByVariantWithNoContentlet" classname="com.dotcms.content.elasticsearch.business.ESContentletAPIImplTest" time="0.004"/>
  <testcase name="shouldUpdateAllTheDifferentLangVersions" classname="com.dotcms.content.elasticsearch.business.ESContentletAPIImplTest" time="2.246"/>
  <testcase name="testIsCheckInSafeWithRelationshipsFieldsShouldReturnTrue" classname="com.dotcms.content.elasticsearch.business.ESContentletAPIImplTest" time="1.144"/>
  <testcase name="testGetRelatedContentWhenIndexIsMessedUp" classname="com.dotcms.content.elasticsearch.business.ESContentletAPIImplTest" time="6.911"/>
  <testcase name="TestFindLiveOrWorkingVersions" classname="com.dotcms.content.elasticsearch.business.ESContentletAPIImplTest" time="7.596"/>
  <testcase name="findContentletByIdentifierAnyLanguageNoDefaultVersion" classname="com.dotcms.content.elasticsearch.business.ESContentletAPIImplTest" time="2.276"/>
  <testcase name="test_getUrlMapForContentlet_with_detail_page_and_pattern" classname="com.dotcms.content.elasticsearch.business.ESContentletAPIImplTest" time="2.79"/>
  <testcase name="test_move_invalid_start_host" classname="com.dotcms.content.elasticsearch.business.ESContentletAPIImplTest" time="0.002"/>
  <testcase name="variantIdOutsideJsonFIeld" classname="com.dotcms.content.elasticsearch.business.ESContentletAPIImplTest" time="2.267"/>
  <testcase name="test_getUrlMapForContentlet_with_bad_detail_page" classname="com.dotcms.content.elasticsearch.business.ESContentletAPIImplTest" time="1.102"/>
  <testcase name="findContentletByIdentifierAnyLanguageAndVariant" classname="com.dotcms.content.elasticsearch.business.ESContentletAPIImplTest" time="2.001"/>
  <testcase name="whenTryToLockShouldWork" classname="com.dotcms.content.elasticsearch.business.ESContentletAPIImplTest" time="2.164"/>
  <testcase name="savingFieldWithUniqueFieldInDifferentHostUsingContentTypeHost" classname="com.dotcms.content.elasticsearch.business.ESContentletAPIImplTest" time="2.165"/>
  <testcase name="findAllVersionsWithOldVersionsByVariant" classname="com.dotcms.content.elasticsearch.business.ESContentletAPIImplTest" time="8.06"/>
  <testcase name="selfRelatedContents" classname="com.dotcms.content.elasticsearch.business.ESContentletAPIImplTest" time="2.481"/>
  <testcase name="testGetRelatedContentFromMultilingualContent" classname="com.dotcms.content.elasticsearch.business.ESContentletAPIImplTest" time="2.075"/>
  <testcase name="shouldUpdateAllTheDifferentVariantsVersions" classname="com.dotcms.content.elasticsearch.business.ESContentletAPIImplTest" time="1.842"/>
  <testcase name="differentVersionWithDifferentPublishDateAndUniquePublishExpireDate" classname="com.dotcms.content.elasticsearch.business.ESContentletAPIImplTest" time="1.55"/>
  <testcase name="testCheckInWithLegacyRelationshipsAndReadOnlyClusterShouldThrowAnException" classname="com.dotcms.content.elasticsearch.business.ESContentletAPIImplTest" time="0.268"/>
  <testcase name="testGetArchivedRelatedChild" classname="com.dotcms.content.elasticsearch.business.ESContentletAPIImplTest" time="2.058"/>
  <testcase name="saveContentToAnotherVariant" classname="com.dotcms.content.elasticsearch.business.ESContentletAPIImplTest" time="0.496"/>
  <testcase name="whenOwnerTryToLockShouldWork" classname="com.dotcms.content.elasticsearch.business.ESContentletAPIImplTest" time="1.397"/>
  <testcase name="savingFieldWithUniqueFieldInTheSameHostTakingContentTypeHost" classname="com.dotcms.content.elasticsearch.business.ESContentletAPIImplTest" time="2.066"/>
  <testcase name="differentVersionWithDifferentExpireDateAndUniquePublishExpireDat" classname="com.dotcms.content.elasticsearch.business.ESContentletAPIImplTest" time="1.893"/>
  <testcase name="savingFieldWithUniqueFieldInTheSameHost" classname="com.dotcms.content.elasticsearch.business.ESContentletAPIImplTest" time="2.095"/>
  <testcase name="test_move_not_exists_path" classname="com.dotcms.content.elasticsearch.business.ESContentletAPIImplTest" time="0.024"/>
  <testcase name="saveAndUpdateContentletWithBinaryField" classname="com.dotcms.content.elasticsearch.business.ESContentletAPIImplTest" time="1.839"/>
  <testcase name="test_getUrlMapForContentlet_with_detail_page_but_no_pattern" classname="com.dotcms.content.elasticsearch.business.ESContentletAPIImplTest" time="2.278"/>
  <testcase name="test_move_invalid_null_host" classname="com.dotcms.content.elasticsearch.business.ESContentletAPIImplTest" time="0.001"/>
  <testcase name="findDeletedContentletByIdentifierAnyLanguage" classname="com.dotcms.content.elasticsearch.business.ESContentletAPIImplTest" time="1.92"/>
  <testcase name="testGetArchivedRelatedParent" classname="com.dotcms.content.elasticsearch.business.ESContentletAPIImplTest" time="1.746"/>
  <testcase name="testIsCheckInSafeWithLegacyRelationshipsShouldReturnFalse" classname="com.dotcms.content.elasticsearch.business.ESContentletAPIImplTest" time="0.156"/>
  <testcase name="findAllVersionsByVariant" classname="com.dotcms.content.elasticsearch.business.ESContentletAPIImplTest" time="2.913"/>
  <testcase name="savingFieldWithUniqueFieldInDifferentHostUniquePerSiteToFalse" classname="com.dotcms.content.elasticsearch.business.ESContentletAPIImplTest" time="2.485"/>
  <testcase name="shouldUpdateAllTheDifferentVariantsVersionsInTheSameLang" classname="com.dotcms.content.elasticsearch.business.ESContentletAPIImplTest" time="1.551"/>
  <testcase name="testIsCheckInSafeWithoutRelationshipsShouldReturnTrue" classname="com.dotcms.content.elasticsearch.business.ESContentletAPIImplTest" time="0.077"/>
  <testcase name="test_move_to_exists_path_invalid_user" classname="com.dotcms.content.elasticsearch.business.ESContentletAPIImplTest" time="1.195"/>
  <testcase name="test_move_invalid_path" classname="com.dotcms.content.elasticsearch.business.ESContentletAPIImplTest" time="0.002"/>
  <testcase name="savingFieldWithUniqueFieldInTheSameHostUniquePerSiteToFalse" classname="com.dotcms.content.elasticsearch.business.ESContentletAPIImplTest" time="2.204"/>
  <testcase name="testCheckInArchivedPageShouldThrowDotDataException" classname="com.dotcms.content.elasticsearch.business.ESContentletAPIImplTest" time="0.813"/>
  <testcase name="differentVersionWithDifferentPublishDate" classname="com.dotcms.content.elasticsearch.business.ESContentletAPIImplTest" time="2.22"/>
  <testcase name="testCopyProperties" classname="com.dotcms.content.elasticsearch.business.ESContentletAPIImplTest" time="1.175"/>
  <testcase name="saveContentToSpecificVariant" classname="com.dotcms.content.elasticsearch.business.ESContentletAPIImplTest" time="1.55"/>
  <system-out><![CDATA[]]></system-out>
  <system-err><![CDATA[]]></system-err>
</testsuite>
