<?xml version="1.0" encoding="UTF-8"?>
<testsuite name="com.dotcms.rest.elasticsearch.ESContentResourcePortletTest" tests="8" skipped="0" failures="0" errors="0" timestamp="2023-06-30T22:38:14" hostname="fv-az936-969" time="7.728">
  <properties/>
  <testcase name="test_search_includeGrandChildCategory_success" classname="com.dotcms.rest.elasticsearch.ESContentResourcePortletTest" time="1.364"/>
  <testcase name="testSearch[0: com.dotcms.rest.elasticsearch.ESContentResourcePortletTest$TestCase@1dde9b6a]" classname="com.dotcms.rest.elasticsearch.ESContentResourcePortletTest" time="0.892"/>
  <testcase name="testSearch[1: com.dotcms.rest.elasticsearch.ESContentResourcePortletTest$TestCase@11cdcd06]" classname="com.dotcms.rest.elasticsearch.ESContentResourcePortletTest" time="1.272"/>
  <testcase name="testSearch[2: com.dotcms.rest.elasticsearch.ESContentResourcePortletTest$TestCase@7e51c933]" classname="com.dotcms.rest.elasticsearch.ESContentResourcePortletTest" time="0.882"/>
  <testcase name="testSearch[3: com.dotcms.rest.elasticsearch.ESContentResourcePortletTest$TestCase@5744186a]" classname="com.dotcms.rest.elasticsearch.ESContentResourcePortletTest" time="0.297"/>
  <testcase name="testSearch[4: com.dotcms.rest.elasticsearch.ESContentResourcePortletTest$TestCase@3e28dc23]" classname="com.dotcms.rest.elasticsearch.ESContentResourcePortletTest" time="1.294"/>
  <testcase name="testSearch[5: com.dotcms.rest.elasticsearch.ESContentResourcePortletTest$TestCase@4172831d]" classname="com.dotcms.rest.elasticsearch.ESContentResourcePortletTest" time="0.861"/>
  <testcase name="testSearch[6: com.dotcms.rest.elasticsearch.ESContentResourcePortletTest$TestCase@311ad251]" classname="com.dotcms.rest.elasticsearch.ESContentResourcePortletTest" time="0.866"/>
  <system-out><![CDATA[]]></system-out>
  <system-err><![CDATA[]]></system-err>
</testsuite>
