<?xml version="1.0" encoding="UTF-8"?>
<testsuite name="com.dotcms.rest.api.v1.vtl.VTLResourceIntegrationTest" tests="6" skipped="0" failures="0" errors="0" timestamp="2023-06-30T19:16:50" hostname="fv-az360-832" time="14.221">
  <properties/>
  <testcase name="testGet[0: com.dotcms.rest.api.v1.vtl.VTLResourceTestCase@47dbb4b6]" classname="com.dotcms.rest.api.v1.vtl.VTLResourceIntegrationTest" time="2.178"/>
  <testcase name="testGet[1: com.dotcms.rest.api.v1.vtl.VTLResourceTestCase@7f4f521]" classname="com.dotcms.rest.api.v1.vtl.VTLResourceIntegrationTest" time="2.824"/>
  <testcase name="testGet[2: com.dotcms.rest.api.v1.vtl.VTLResourceTestCase@4078c494]" classname="com.dotcms.rest.api.v1.vtl.VTLResourceIntegrationTest" time="2.4"/>
  <testcase name="testGet[3: com.dotcms.rest.api.v1.vtl.VTLResourceTestCase@72ac5b81]" classname="com.dotcms.rest.api.v1.vtl.VTLResourceIntegrationTest" time="2.846"/>
  <testcase name="testGet[4: com.dotcms.rest.api.v1.vtl.VTLResourceTestCase@68483f66]" classname="com.dotcms.rest.api.v1.vtl.VTLResourceIntegrationTest" time="1.807"/>
  <testcase name="testGet[5: com.dotcms.rest.api.v1.vtl.VTLResourceTestCase@483592b3]" classname="com.dotcms.rest.api.v1.vtl.VTLResourceIntegrationTest" time="2.165"/>
  <system-out><![CDATA[]]></system-out>
  <system-err><![CDATA[]]></system-err>
</testsuite>
