<?xml version="1.0" encoding="UTF-8"?>
<testsuite name="com.dotcms.contenttype.business.ContentTypeDestroyAPIImplTest" tests="5" skipped="0" failures="0" errors="0" timestamp="2023-06-28T04:36:18" hostname="fv-az256-253" time="176.998">
  <properties/>
  <testcase name="Destroy_General_Test" classname="com.dotcms.contenttype.business.ContentTypeDestroyAPIImplTest" time="15.185"/>
  <testcase name="Test_Destroy_Persona_Like_Content_Type" classname="com.dotcms.contenttype.business.ContentTypeDestroyAPIImplTest" time="2.132"/>
  <testcase name="Test_Relocate_Contentlets" classname="com.dotcms.contenttype.business.ContentTypeDestroyAPIImplTest" time="146.544"/>
  <testcase name="Test_Destroy_With_Categories" classname="com.dotcms.contenttype.business.ContentTypeDestroyAPIImplTest" time="2.246"/>
  <testcase name="testNextBatch" classname="com.dotcms.contenttype.business.ContentTypeDestroyAPIImplTest" time="10.89"/>
  <system-out><![CDATA[]]></system-out>
  <system-err><![CDATA[]]></system-err>
</testsuite>
