<?xml version="1.0" encoding="UTF-8"?>
<testsuite name="com.dotmarketing.portlets.structure.model.ContentletRelationshipsTest" tests="7" skipped="0" failures="0" errors="0" timestamp="2023-07-08T04:56:14" hostname="fv-az337-298" time="8.051">
  <properties/>
  <testcase name="testDoesAllowOnlyOne[0: com.dotmarketing.portlets.structure.model.ContentletRelationshipsTest$CardinalityTestCase@4bb05c94]" classname="com.dotmarketing.portlets.structure.model.ContentletRelationshipsTest" time="0.587"/>
  <testcase name="testDoesAllowOnlyOne[1: com.dotmarketing.portlets.structure.model.ContentletRelationshipsTest$CardinalityTestCase@3afef79f]" classname="com.dotmarketing.portlets.structure.model.ContentletRelationshipsTest" time="0.608"/>
  <testcase name="testDoesAllowOnlyOne[2: com.dotmarketing.portlets.structure.model.ContentletRelationshipsTest$CardinalityTestCase@7afe5626]" classname="com.dotmarketing.portlets.structure.model.ContentletRelationshipsTest" time="0.536"/>
  <testcase name="testGetRelationshipRecords[0: com.dotmarketing.portlets.structure.model.ContentletRelationshipsTest$TestCase@472b16f5]" classname="com.dotmarketing.portlets.structure.model.ContentletRelationshipsTest" time="2.182"/>
  <testcase name="testGetRelationshipRecords[1: com.dotmarketing.portlets.structure.model.ContentletRelationshipsTest$TestCase@eb6b678]" classname="com.dotmarketing.portlets.structure.model.ContentletRelationshipsTest" time="1.178"/>
  <testcase name="testGetRelationshipRecords[2: com.dotmarketing.portlets.structure.model.ContentletRelationshipsTest$TestCase@43b9ea3e]" classname="com.dotmarketing.portlets.structure.model.ContentletRelationshipsTest" time="1.03"/>
  <testcase name="testGetRelationshipRecords[3: com.dotmarketing.portlets.structure.model.ContentletRelationshipsTest$TestCase@4bfedb09]" classname="com.dotmarketing.portlets.structure.model.ContentletRelationshipsTest" time="1.927"/>
  <system-out><![CDATA[]]></system-out>
  <system-err><![CDATA[]]></system-err>
</testsuite>
