<?xml version="1.0" encoding="UTF-8"?>
<testsuite name="com.dotmarketing.servlets.ajax.AjaxDirectorServletIntegrationTest" tests="2" skipped="0" failures="0" errors="0" timestamp="2023-07-13T17:09:07" hostname="fv-az365-454" time="2.52">
  <properties/>
  <testcase name="testService[0: com.dotmarketing.servlets.ajax.AjaxDirectorServletTestCase@1d59ffd0]" classname="com.dotmarketing.servlets.ajax.AjaxDirectorServletIntegrationTest" time="1.235"/>
  <testcase name="testService[1: com.dotmarketing.servlets.ajax.AjaxDirectorServletTestCase@63984c75]" classname="com.dotmarketing.servlets.ajax.AjaxDirectorServletIntegrationTest" time="1.285"/>
  <system-out><![CDATA[]]></system-out>
  <system-err><![CDATA[]]></system-err>
</testsuite>
