<?xml version="1.0" encoding="UTF-8"?>
<testsuite name="com.dotmarketing.portlets.structure.model.ContentletRelationshipsTest" tests="7" skipped="0" failures="0" errors="0" timestamp="2023-06-23T17:59:34" hostname="fv-az450-696" time="8.354">
  <properties/>
  <testcase name="testDoesAllowOnlyOne[0: com.dotmarketing.portlets.structure.model.ContentletRelationshipsTest$CardinalityTestCase@6e0f0df8]" classname="com.dotmarketing.portlets.structure.model.ContentletRelationshipsTest" time="0.384"/>
  <testcase name="testDoesAllowOnlyOne[1: com.dotmarketing.portlets.structure.model.ContentletRelationshipsTest$CardinalityTestCase@2a3d46b0]" classname="com.dotmarketing.portlets.structure.model.ContentletRelationshipsTest" time="0.423"/>
  <testcase name="testDoesAllowOnlyOne[2: com.dotmarketing.portlets.structure.model.ContentletRelationshipsTest$CardinalityTestCase@7f319a37]" classname="com.dotmarketing.portlets.structure.model.ContentletRelationshipsTest" time="0.419"/>
  <testcase name="testGetRelationshipRecords[0: com.dotmarketing.portlets.structure.model.ContentletRelationshipsTest$TestCase@2f514e52]" classname="com.dotmarketing.portlets.structure.model.ContentletRelationshipsTest" time="1.86"/>
  <testcase name="testGetRelationshipRecords[1: com.dotmarketing.portlets.structure.model.ContentletRelationshipsTest$TestCase@3927f68d]" classname="com.dotmarketing.portlets.structure.model.ContentletRelationshipsTest" time="1.87"/>
  <testcase name="testGetRelationshipRecords[2: com.dotmarketing.portlets.structure.model.ContentletRelationshipsTest$TestCase@796f2fdf]" classname="com.dotmarketing.portlets.structure.model.ContentletRelationshipsTest" time="1.711"/>
  <testcase name="testGetRelationshipRecords[3: com.dotmarketing.portlets.structure.model.ContentletRelationshipsTest$TestCase@afcf2e7]" classname="com.dotmarketing.portlets.structure.model.ContentletRelationshipsTest" time="1.687"/>
  <system-out><![CDATA[]]></system-out>
  <system-err><![CDATA[]]></system-err>
</testsuite>
