<?xml version="1.0" encoding="UTF-8"?>
<testsuite name="com.dotmarketing.servlets.ajax.AjaxDirectorServletIntegrationTest" tests="2" skipped="0" failures="0" errors="0" timestamp="2023-07-12T15:42:00" hostname="fv-az411-825" time="0.662">
  <properties/>
  <testcase name="testService[0: com.dotmarketing.servlets.ajax.AjaxDirectorServletTestCase@536f2749]" classname="com.dotmarketing.servlets.ajax.AjaxDirectorServletIntegrationTest" time="0.513"/>
  <testcase name="testService[1: com.dotmarketing.servlets.ajax.AjaxDirectorServletTestCase@760cb239]" classname="com.dotmarketing.servlets.ajax.AjaxDirectorServletIntegrationTest" time="0.149"/>
  <system-out><![CDATA[]]></system-out>
  <system-err><![CDATA[]]></system-err>
</testsuite>
