<?xml version="1.0" encoding="UTF-8"?>
<testsuite name="com.dotmarketing.portlets.structure.model.ContentletRelationshipsTest" tests="7" skipped="0" failures="0" errors="0" timestamp="2023-07-17T16:44:53" hostname="fv-az257-583" time="8.85">
  <properties/>
  <testcase name="testDoesAllowOnlyOne[0: com.dotmarketing.portlets.structure.model.ContentletRelationshipsTest$CardinalityTestCase@23ac3b93]" classname="com.dotmarketing.portlets.structure.model.ContentletRelationshipsTest" time="0.449"/>
  <testcase name="testDoesAllowOnlyOne[1: com.dotmarketing.portlets.structure.model.ContentletRelationshipsTest$CardinalityTestCase@23f1b221]" classname="com.dotmarketing.portlets.structure.model.ContentletRelationshipsTest" time="0.411"/>
  <testcase name="testDoesAllowOnlyOne[2: com.dotmarketing.portlets.structure.model.ContentletRelationshipsTest$CardinalityTestCase@e92f87c]" classname="com.dotmarketing.portlets.structure.model.ContentletRelationshipsTest" time="0.458"/>
  <testcase name="testGetRelationshipRecords[0: com.dotmarketing.portlets.structure.model.ContentletRelationshipsTest$TestCase@60c08210]" classname="com.dotmarketing.portlets.structure.model.ContentletRelationshipsTest" time="1.986"/>
  <testcase name="testGetRelationshipRecords[1: com.dotmarketing.portlets.structure.model.ContentletRelationshipsTest$TestCase@22725d38]" classname="com.dotmarketing.portlets.structure.model.ContentletRelationshipsTest" time="1.972"/>
  <testcase name="testGetRelationshipRecords[2: com.dotmarketing.portlets.structure.model.ContentletRelationshipsTest$TestCase@cbc93ed]" classname="com.dotmarketing.portlets.structure.model.ContentletRelationshipsTest" time="1.76"/>
  <testcase name="testGetRelationshipRecords[3: com.dotmarketing.portlets.structure.model.ContentletRelationshipsTest$TestCase@15f4db1e]" classname="com.dotmarketing.portlets.structure.model.ContentletRelationshipsTest" time="1.813"/>
  <system-out><![CDATA[]]></system-out>
  <system-err><![CDATA[]]></system-err>
</testsuite>
