<?xml version="1.0" encoding="UTF-8"?>
<testsuite name="com.dotcms.visitor.filter.logger.VisitorLoggerTest" tests="3" skipped="1" failures="0" errors="0" timestamp="2023-07-17T22:59:37" hostname="fv-az362-624" time="0.01">
  <properties/>
  <testcase name="testRemoveConstructor" classname="com.dotcms.visitor.filter.logger.VisitorLoggerTest" time="0.009"/>
  <testcase name="testLog" classname="com.dotcms.visitor.filter.logger.VisitorLoggerTest" time="0.0">
    <skipped/>
  </testcase>
  <testcase name="testAddConstructor" classname="com.dotcms.visitor.filter.logger.VisitorLoggerTest" time="0.001"/>
  <system-out><![CDATA[]]></system-out>
  <system-err><![CDATA[]]></system-err>
</testsuite>
