<?xml version="1.0" encoding="UTF-8"?>
<testsuite name="com.dotcms.rendering.velocity.viewtools.content.util.ContentUtilsTest" tests="89" skipped="0" failures="0" errors="0" timestamp="2023-07-11T17:31:31" hostname="fv-az246-187" time="388.919">
  <properties/>
  <testcase name="whenTheTimeMachineDateIsNullAndPublishDateInFutureShouldNotReturnAnything" classname="com.dotcms.rendering.velocity.viewtools.content.util.ContentUtilsTest" time="2.918"/>
  <testcase name="test_find_multilingual_contentlet_getContentletSuccessfully" classname="com.dotcms.rendering.velocity.viewtools.content.util.ContentUtilsTest" time="2.159"/>
  <testcase name="whenTheTimeMachineDateAndPublishDateAreTomorrowShouldReturnOneContent" classname="com.dotcms.rendering.velocity.viewtools.content.util.ContentUtilsTest" time="2.965"/>
  <testcase name="testPullRelated[0: com.dotcms.rendering.velocity.viewtools.content.util.ContentUtilsTest$TestCase@7882ff7a]" classname="com.dotcms.rendering.velocity.viewtools.content.util.ContentUtilsTest" time="2.614"/>
  <testcase name="testPullRelated[1: com.dotcms.rendering.velocity.viewtools.content.util.ContentUtilsTest$TestCase@4326f69a]" classname="com.dotcms.rendering.velocity.viewtools.content.util.ContentUtilsTest" time="3.026"/>
  <testcase name="testPullRelated[2: com.dotcms.rendering.velocity.viewtools.content.util.ContentUtilsTest$TestCase@f64f39]" classname="com.dotcms.rendering.velocity.viewtools.content.util.ContentUtilsTest" time="4.134"/>
  <testcase name="testPullRelated[3: com.dotcms.rendering.velocity.viewtools.content.util.ContentUtilsTest$TestCase@17e8f8c2]" classname="com.dotcms.rendering.velocity.viewtools.content.util.ContentUtilsTest" time="4.091"/>
  <testcase name="testPullRelated[4: com.dotcms.rendering.velocity.viewtools.content.util.ContentUtilsTest$TestCase@78feac6a]" classname="com.dotcms.rendering.velocity.viewtools.content.util.ContentUtilsTest" time="3.875"/>
  <testcase name="testPullRelated[5: com.dotcms.rendering.velocity.viewtools.content.util.ContentUtilsTest$TestCase@c1817c9]" classname="com.dotcms.rendering.velocity.viewtools.content.util.ContentUtilsTest" time="3.104"/>
  <testcase name="testPullRelated[6: com.dotcms.rendering.velocity.viewtools.content.util.ContentUtilsTest$TestCase@3ea51ef4]" classname="com.dotcms.rendering.velocity.viewtools.content.util.ContentUtilsTest" time="4.189"/>
  <testcase name="testPullRelated[7: com.dotcms.rendering.velocity.viewtools.content.util.ContentUtilsTest$TestCase@6edbdf0a]" classname="com.dotcms.rendering.velocity.viewtools.content.util.ContentUtilsTest" time="2.872"/>
  <testcase name="testPullRelated[8: com.dotcms.rendering.velocity.viewtools.content.util.ContentUtilsTest$TestCase@63cbb347]" classname="com.dotcms.rendering.velocity.viewtools.content.util.ContentUtilsTest" time="4.202"/>
  <testcase name="testPullRelated[9: com.dotcms.rendering.velocity.viewtools.content.util.ContentUtilsTest$TestCase@2fa156a8]" classname="com.dotcms.rendering.velocity.viewtools.content.util.ContentUtilsTest" time="2.831"/>
  <testcase name="testPullRelated[10: com.dotcms.rendering.velocity.viewtools.content.util.ContentUtilsTest$TestCase@39e5bf16]" classname="com.dotcms.rendering.velocity.viewtools.content.util.ContentUtilsTest" time="4.205"/>
  <testcase name="testPullRelated[11: com.dotcms.rendering.velocity.viewtools.content.util.ContentUtilsTest$TestCase@97614af]" classname="com.dotcms.rendering.velocity.viewtools.content.util.ContentUtilsTest" time="4.156"/>
  <testcase name="testPullRelated[12: com.dotcms.rendering.velocity.viewtools.content.util.ContentUtilsTest$TestCase@3799df4d]" classname="com.dotcms.rendering.velocity.viewtools.content.util.ContentUtilsTest" time="4.02"/>
  <testcase name="testPullRelated[13: com.dotcms.rendering.velocity.viewtools.content.util.ContentUtilsTest$TestCase@12a8db00]" classname="com.dotcms.rendering.velocity.viewtools.content.util.ContentUtilsTest" time="3.854"/>
  <testcase name="testPullRelated[14: com.dotcms.rendering.velocity.viewtools.content.util.ContentUtilsTest$TestCase@6a1cb4c]" classname="com.dotcms.rendering.velocity.viewtools.content.util.ContentUtilsTest" time="4.163"/>
  <testcase name="testPullRelated[15: com.dotcms.rendering.velocity.viewtools.content.util.ContentUtilsTest$TestCase@3f4b745b]" classname="com.dotcms.rendering.velocity.viewtools.content.util.ContentUtilsTest" time="3.862"/>
  <testcase name="testPullRelated[16: com.dotcms.rendering.velocity.viewtools.content.util.ContentUtilsTest$TestCase@46d1a748]" classname="com.dotcms.rendering.velocity.viewtools.content.util.ContentUtilsTest" time="4.078"/>
  <testcase name="testPullRelated[17: com.dotcms.rendering.velocity.viewtools.content.util.ContentUtilsTest$TestCase@12f51449]" classname="com.dotcms.rendering.velocity.viewtools.content.util.ContentUtilsTest" time="4.019"/>
  <testcase name="testPullRelated[18: com.dotcms.rendering.velocity.viewtools.content.util.ContentUtilsTest$TestCase@1a0656f0]" classname="com.dotcms.rendering.velocity.viewtools.content.util.ContentUtilsTest" time="4.24"/>
  <testcase name="testPullRelated[19: com.dotcms.rendering.velocity.viewtools.content.util.ContentUtilsTest$TestCase@7e8b0047]" classname="com.dotcms.rendering.velocity.viewtools.content.util.ContentUtilsTest" time="2.937"/>
  <testcase name="testPullRelated[20: com.dotcms.rendering.velocity.viewtools.content.util.ContentUtilsTest$TestCase@352b1339]" classname="com.dotcms.rendering.velocity.viewtools.content.util.ContentUtilsTest" time="4.17"/>
  <testcase name="testPullRelated[21: com.dotcms.rendering.velocity.viewtools.content.util.ContentUtilsTest$TestCase@f460e89]" classname="com.dotcms.rendering.velocity.viewtools.content.util.ContentUtilsTest" time="3.868"/>
  <testcase name="testPullRelated[22: com.dotcms.rendering.velocity.viewtools.content.util.ContentUtilsTest$TestCase@275f7847]" classname="com.dotcms.rendering.velocity.viewtools.content.util.ContentUtilsTest" time="3.173"/>
  <testcase name="testPullRelated[23: com.dotcms.rendering.velocity.viewtools.content.util.ContentUtilsTest$TestCase@170cdd3]" classname="com.dotcms.rendering.velocity.viewtools.content.util.ContentUtilsTest" time="2.97"/>
  <testcase name="testPullRelated[24: com.dotcms.rendering.velocity.viewtools.content.util.ContentUtilsTest$TestCase@6c2fb41f]" classname="com.dotcms.rendering.velocity.viewtools.content.util.ContentUtilsTest" time="3.928"/>
  <testcase name="testPullRelated[25: com.dotcms.rendering.velocity.viewtools.content.util.ContentUtilsTest$TestCase@53a2cd55]" classname="com.dotcms.rendering.velocity.viewtools.content.util.ContentUtilsTest" time="3.145"/>
  <testcase name="testPullRelated[26: com.dotcms.rendering.velocity.viewtools.content.util.ContentUtilsTest$TestCase@fe30a26]" classname="com.dotcms.rendering.velocity.viewtools.content.util.ContentUtilsTest" time="3.083"/>
  <testcase name="testPullRelated[27: com.dotcms.rendering.velocity.viewtools.content.util.ContentUtilsTest$TestCase@8fa405c]" classname="com.dotcms.rendering.velocity.viewtools.content.util.ContentUtilsTest" time="2.941"/>
  <testcase name="testPullRelated[28: com.dotcms.rendering.velocity.viewtools.content.util.ContentUtilsTest$TestCase@19648210]" classname="com.dotcms.rendering.velocity.viewtools.content.util.ContentUtilsTest" time="4.024"/>
  <testcase name="testPullRelated[29: com.dotcms.rendering.velocity.viewtools.content.util.ContentUtilsTest$TestCase@5c692c0c]" classname="com.dotcms.rendering.velocity.viewtools.content.util.ContentUtilsTest" time="3.084"/>
  <testcase name="testPullRelated[30: com.dotcms.rendering.velocity.viewtools.content.util.ContentUtilsTest$TestCase@4bccbf9d]" classname="com.dotcms.rendering.velocity.viewtools.content.util.ContentUtilsTest" time="3.982"/>
  <testcase name="testPullRelated[31: com.dotcms.rendering.velocity.viewtools.content.util.ContentUtilsTest$TestCase@11eefe18]" classname="com.dotcms.rendering.velocity.viewtools.content.util.ContentUtilsTest" time="3.235"/>
  <testcase name="testPullRelated[32: com.dotcms.rendering.velocity.viewtools.content.util.ContentUtilsTest$TestCase@2ca78a37]" classname="com.dotcms.rendering.velocity.viewtools.content.util.ContentUtilsTest" time="2.979"/>
  <testcase name="testPullRelated[33: com.dotcms.rendering.velocity.viewtools.content.util.ContentUtilsTest$TestCase@393bcae3]" classname="com.dotcms.rendering.velocity.viewtools.content.util.ContentUtilsTest" time="3.994"/>
  <testcase name="testPullRelated[34: com.dotcms.rendering.velocity.viewtools.content.util.ContentUtilsTest$TestCase@17a5ba0e]" classname="com.dotcms.rendering.velocity.viewtools.content.util.ContentUtilsTest" time="4.13"/>
  <testcase name="testPullRelated[35: com.dotcms.rendering.velocity.viewtools.content.util.ContentUtilsTest$TestCase@71dd98dc]" classname="com.dotcms.rendering.velocity.viewtools.content.util.ContentUtilsTest" time="3.92"/>
  <testcase name="testPullRelated[36: com.dotcms.rendering.velocity.viewtools.content.util.ContentUtilsTest$TestCase@613b52e2]" classname="com.dotcms.rendering.velocity.viewtools.content.util.ContentUtilsTest" time="6.186"/>
  <testcase name="testPullRelated[37: com.dotcms.rendering.velocity.viewtools.content.util.ContentUtilsTest$TestCase@630e0f4]" classname="com.dotcms.rendering.velocity.viewtools.content.util.ContentUtilsTest" time="5.997"/>
  <testcase name="testPullRelated[38: com.dotcms.rendering.velocity.viewtools.content.util.ContentUtilsTest$TestCase@3c7f5ff6]" classname="com.dotcms.rendering.velocity.viewtools.content.util.ContentUtilsTest" time="6.213"/>
  <testcase name="testPullRelated[39: com.dotcms.rendering.velocity.viewtools.content.util.ContentUtilsTest$TestCase@21f93bdd]" classname="com.dotcms.rendering.velocity.viewtools.content.util.ContentUtilsTest" time="6.115"/>
  <testcase name="testPullRelated[40: com.dotcms.rendering.velocity.viewtools.content.util.ContentUtilsTest$TestCase@1aeec142]" classname="com.dotcms.rendering.velocity.viewtools.content.util.ContentUtilsTest" time="6.177"/>
  <testcase name="testPullRelated[41: com.dotcms.rendering.velocity.viewtools.content.util.ContentUtilsTest$TestCase@1b58b5ab]" classname="com.dotcms.rendering.velocity.viewtools.content.util.ContentUtilsTest" time="5.859"/>
  <testcase name="testPullRelated[42: com.dotcms.rendering.velocity.viewtools.content.util.ContentUtilsTest$TestCase@5d1ec9d9]" classname="com.dotcms.rendering.velocity.viewtools.content.util.ContentUtilsTest" time="6.193"/>
  <testcase name="testPullRelated[43: com.dotcms.rendering.velocity.viewtools.content.util.ContentUtilsTest$TestCase@35513674]" classname="com.dotcms.rendering.velocity.viewtools.content.util.ContentUtilsTest" time="6.104"/>
  <testcase name="testPullRelated[44: com.dotcms.rendering.velocity.viewtools.content.util.ContentUtilsTest$TestCase@59d9054d]" classname="com.dotcms.rendering.velocity.viewtools.content.util.ContentUtilsTest" time="6.304"/>
  <testcase name="testPullRelated[45: com.dotcms.rendering.velocity.viewtools.content.util.ContentUtilsTest$TestCase@7721630]" classname="com.dotcms.rendering.velocity.viewtools.content.util.ContentUtilsTest" time="5.782"/>
  <testcase name="testPullRelated[46: com.dotcms.rendering.velocity.viewtools.content.util.ContentUtilsTest$TestCase@2c894706]" classname="com.dotcms.rendering.velocity.viewtools.content.util.ContentUtilsTest" time="6.311"/>
  <testcase name="testPullRelated[47: com.dotcms.rendering.velocity.viewtools.content.util.ContentUtilsTest$TestCase@10d72675]" classname="com.dotcms.rendering.velocity.viewtools.content.util.ContentUtilsTest" time="4.979"/>
  <testcase name="testPullRelated[48: com.dotcms.rendering.velocity.viewtools.content.util.ContentUtilsTest$TestCase@1b5ba4f]" classname="com.dotcms.rendering.velocity.viewtools.content.util.ContentUtilsTest" time="5.912"/>
  <testcase name="testPullRelated[49: com.dotcms.rendering.velocity.viewtools.content.util.ContentUtilsTest$TestCase@16e1ffdf]" classname="com.dotcms.rendering.velocity.viewtools.content.util.ContentUtilsTest" time="6.061"/>
  <testcase name="testPullRelated[50: com.dotcms.rendering.velocity.viewtools.content.util.ContentUtilsTest$TestCase@70b63b72]" classname="com.dotcms.rendering.velocity.viewtools.content.util.ContentUtilsTest" time="5.264"/>
  <testcase name="testPullRelated[51: com.dotcms.rendering.velocity.viewtools.content.util.ContentUtilsTest$TestCase@59fb4f9f]" classname="com.dotcms.rendering.velocity.viewtools.content.util.ContentUtilsTest" time="5.919"/>
  <testcase name="testPullRelated[52: com.dotcms.rendering.velocity.viewtools.content.util.ContentUtilsTest$TestCase@75b0e12d]" classname="com.dotcms.rendering.velocity.viewtools.content.util.ContentUtilsTest" time="6.217"/>
  <testcase name="testPullRelated[53: com.dotcms.rendering.velocity.viewtools.content.util.ContentUtilsTest$TestCase@6cb6f743]" classname="com.dotcms.rendering.velocity.viewtools.content.util.ContentUtilsTest" time="6.099"/>
  <testcase name="testPullRelated[54: com.dotcms.rendering.velocity.viewtools.content.util.ContentUtilsTest$TestCase@2d9a3c0c]" classname="com.dotcms.rendering.velocity.viewtools.content.util.ContentUtilsTest" time="6.09"/>
  <testcase name="testPullRelated[55: com.dotcms.rendering.velocity.viewtools.content.util.ContentUtilsTest$TestCase@2e9e0997]" classname="com.dotcms.rendering.velocity.viewtools.content.util.ContentUtilsTest" time="5.014"/>
  <testcase name="testPullRelated[56: com.dotcms.rendering.velocity.viewtools.content.util.ContentUtilsTest$TestCase@5cd52ce0]" classname="com.dotcms.rendering.velocity.viewtools.content.util.ContentUtilsTest" time="6.07"/>
  <testcase name="testPullRelated[57: com.dotcms.rendering.velocity.viewtools.content.util.ContentUtilsTest$TestCase@702c4d6]" classname="com.dotcms.rendering.velocity.viewtools.content.util.ContentUtilsTest" time="5.076"/>
  <testcase name="testPullRelated[58: com.dotcms.rendering.velocity.viewtools.content.util.ContentUtilsTest$TestCase@7b84f266]" classname="com.dotcms.rendering.velocity.viewtools.content.util.ContentUtilsTest" time="6.262"/>
  <testcase name="testPullRelated[59: com.dotcms.rendering.velocity.viewtools.content.util.ContentUtilsTest$TestCase@25089e30]" classname="com.dotcms.rendering.velocity.viewtools.content.util.ContentUtilsTest" time="5.895"/>
  <testcase name="testPullRelated[60: com.dotcms.rendering.velocity.viewtools.content.util.ContentUtilsTest$TestCase@504f045d]" classname="com.dotcms.rendering.velocity.viewtools.content.util.ContentUtilsTest" time="6.195"/>
  <testcase name="testPullRelated[61: com.dotcms.rendering.velocity.viewtools.content.util.ContentUtilsTest$TestCase@41fa4ef6]" classname="com.dotcms.rendering.velocity.viewtools.content.util.ContentUtilsTest" time="5.897"/>
  <testcase name="testPullRelated[62: com.dotcms.rendering.velocity.viewtools.content.util.ContentUtilsTest$TestCase@1db1936d]" classname="com.dotcms.rendering.velocity.viewtools.content.util.ContentUtilsTest" time="6.108"/>
  <testcase name="testPullRelated[63: com.dotcms.rendering.velocity.viewtools.content.util.ContentUtilsTest$TestCase@7c2977f5]" classname="com.dotcms.rendering.velocity.viewtools.content.util.ContentUtilsTest" time="6.095"/>
  <testcase name="testPullRelated[64: com.dotcms.rendering.velocity.viewtools.content.util.ContentUtilsTest$TestCase@54ecf9c1]" classname="com.dotcms.rendering.velocity.viewtools.content.util.ContentUtilsTest" time="6.167"/>
  <testcase name="testPullRelated[65: com.dotcms.rendering.velocity.viewtools.content.util.ContentUtilsTest$TestCase@47f29054]" classname="com.dotcms.rendering.velocity.viewtools.content.util.ContentUtilsTest" time="5.933"/>
  <testcase name="testPullRelated[66: com.dotcms.rendering.velocity.viewtools.content.util.ContentUtilsTest$TestCase@5649493c]" classname="com.dotcms.rendering.velocity.viewtools.content.util.ContentUtilsTest" time="5.323"/>
  <testcase name="testPullRelated[67: com.dotcms.rendering.velocity.viewtools.content.util.ContentUtilsTest$TestCase@61e81adf]" classname="com.dotcms.rendering.velocity.viewtools.content.util.ContentUtilsTest" time="5.984"/>
  <testcase name="testPullRelated[68: com.dotcms.rendering.velocity.viewtools.content.util.ContentUtilsTest$TestCase@5279d5d2]" classname="com.dotcms.rendering.velocity.viewtools.content.util.ContentUtilsTest" time="5.957"/>
  <testcase name="testPullRelated[69: com.dotcms.rendering.velocity.viewtools.content.util.ContentUtilsTest$TestCase@1da9ff9]" classname="com.dotcms.rendering.velocity.viewtools.content.util.ContentUtilsTest" time="6.057"/>
  <testcase name="testPullRelated[70: com.dotcms.rendering.velocity.viewtools.content.util.ContentUtilsTest$TestCase@1d462657]" classname="com.dotcms.rendering.velocity.viewtools.content.util.ContentUtilsTest" time="5.228"/>
  <testcase name="testPullRelated[71: com.dotcms.rendering.velocity.viewtools.content.util.ContentUtilsTest$TestCase@3cd9f9c2]" classname="com.dotcms.rendering.velocity.viewtools.content.util.ContentUtilsTest" time="5.992"/>
  <testcase name="whenPublishAndExpireDatesAreInTheFutureAndTimeMachineIsAfterBoth" classname="com.dotcms.rendering.velocity.viewtools.content.util.ContentUtilsTest" time="2.951"/>
  <testcase name="testPullRelatedForLegacyRelationship[0: com.dotcms.rendering.velocity.viewtools.content.util.ContentUtilsTest$LegacyTestCase@20927cce]" classname="com.dotcms.rendering.velocity.viewtools.content.util.ContentUtilsTest" time="4.031"/>
  <testcase name="testPullRelatedForLegacyRelationship[1: com.dotcms.rendering.velocity.viewtools.content.util.ContentUtilsTest$LegacyTestCase@75e20a72]" classname="com.dotcms.rendering.velocity.viewtools.content.util.ContentUtilsTest" time="3.944"/>
  <testcase name="whenTheTimeMachineDateIsAfterTomorrowAndExpireDateIsTomorrowShouldNotReturnContent" classname="com.dotcms.rendering.velocity.viewtools.content.util.ContentUtilsTest" time="2.908"/>
  <testcase name="testPullLiveRelatedWhenLatestVersionIsWorking" classname="com.dotcms.rendering.velocity.viewtools.content.util.ContentUtilsTest" time="3.596"/>
  <testcase name="test_add_relationships_on_parent_children_related_contents" classname="com.dotcms.rendering.velocity.viewtools.content.util.ContentUtilsTest" time="1.459"/>
  <testcase name="testSortPullRelated[0: com.dotcms.rendering.velocity.viewtools.content.util.ContentUtilsTest$SortTestCase@59baee07]" classname="com.dotcms.rendering.velocity.viewtools.content.util.ContentUtilsTest" time="2.501"/>
  <testcase name="testSortPullRelated[1: com.dotcms.rendering.velocity.viewtools.content.util.ContentUtilsTest$SortTestCase@2ade1b1b]" classname="com.dotcms.rendering.velocity.viewtools.content.util.ContentUtilsTest" time="2.623"/>
  <testcase name="testSortPullRelated[2: com.dotcms.rendering.velocity.viewtools.content.util.ContentUtilsTest$SortTestCase@19196682]" classname="com.dotcms.rendering.velocity.viewtools.content.util.ContentUtilsTest" time="2.638"/>
  <testcase name="testSortPullRelated[3: com.dotcms.rendering.velocity.viewtools.content.util.ContentUtilsTest$SortTestCase@7ccd5e49]" classname="com.dotcms.rendering.velocity.viewtools.content.util.ContentUtilsTest" time="2.548"/>
  <testcase name="testSortPullRelated[4: com.dotcms.rendering.velocity.viewtools.content.util.ContentUtilsTest$SortTestCase@72895d01]" classname="com.dotcms.rendering.velocity.viewtools.content.util.ContentUtilsTest" time="1.653"/>
  <testcase name="testSortPullRelated[5: com.dotcms.rendering.velocity.viewtools.content.util.ContentUtilsTest$SortTestCase@28559688]" classname="com.dotcms.rendering.velocity.viewtools.content.util.ContentUtilsTest" time="1.516"/>
  <testcase name="whenTheTimeMachineDateIsAfterTomorrowAndExpireDateIsInFutureShouldReturnContent" classname="com.dotcms.rendering.velocity.viewtools.content.util.ContentUtilsTest" time="2.002"/>
  <testcase name="testPullRelatedFieldShouldRespectDefaultOrder" classname="com.dotcms.rendering.velocity.viewtools.content.util.ContentUtilsTest" time="2.372"/>
  <system-out><![CDATA[]]></system-out>
  <system-err><![CDATA[]]></system-err>
</testsuite>
