<?xml version="1.0" encoding="UTF-8"?>
<testsuite name="com.dotmarketing.portlets.structure.model.ContentletRelationshipsTest" tests="7" skipped="0" failures="0" errors="0" timestamp="2023-06-28T00:53:50" hostname="fv-az175-688" time="9.581">
  <properties/>
  <testcase name="testDoesAllowOnlyOne[0: com.dotmarketing.portlets.structure.model.ContentletRelationshipsTest$CardinalityTestCase@49d7ed45]" classname="com.dotmarketing.portlets.structure.model.ContentletRelationshipsTest" time="0.554"/>
  <testcase name="testDoesAllowOnlyOne[1: com.dotmarketing.portlets.structure.model.ContentletRelationshipsTest$CardinalityTestCase@708adcef]" classname="com.dotmarketing.portlets.structure.model.ContentletRelationshipsTest" time="0.534"/>
  <testcase name="testDoesAllowOnlyOne[2: com.dotmarketing.portlets.structure.model.ContentletRelationshipsTest$CardinalityTestCase@17e7381a]" classname="com.dotmarketing.portlets.structure.model.ContentletRelationshipsTest" time="0.54"/>
  <testcase name="testGetRelationshipRecords[0: com.dotmarketing.portlets.structure.model.ContentletRelationshipsTest$TestCase@681c8543]" classname="com.dotmarketing.portlets.structure.model.ContentletRelationshipsTest" time="2.061"/>
  <testcase name="testGetRelationshipRecords[1: com.dotmarketing.portlets.structure.model.ContentletRelationshipsTest$TestCase@1e57e0c0]" classname="com.dotmarketing.portlets.structure.model.ContentletRelationshipsTest" time="2.064"/>
  <testcase name="testGetRelationshipRecords[2: com.dotmarketing.portlets.structure.model.ContentletRelationshipsTest$TestCase@389c2a41]" classname="com.dotmarketing.portlets.structure.model.ContentletRelationshipsTest" time="1.927"/>
  <testcase name="testGetRelationshipRecords[3: com.dotmarketing.portlets.structure.model.ContentletRelationshipsTest$TestCase@1615f2a0]" classname="com.dotmarketing.portlets.structure.model.ContentletRelationshipsTest" time="1.899"/>
  <system-out><![CDATA[]]></system-out>
  <system-err><![CDATA[]]></system-err>
</testsuite>
