<?xml version="1.0" encoding="UTF-8"?>
<testsuite name="com.dotmarketing.business.DeterministicIdentifierAPITest" tests="16" skipped="0" failures="0" errors="0" timestamp="2023-07-15T01:12:20" hostname="fv-az617-846" time="1.333">
  <properties/>
  <testcase name="Test_Category_Path_Seed_And_Id" classname="com.dotmarketing.business.DeterministicIdentifierAPITest" time="0.021"/>
  <testcase name="Test_Language_Deterministic_Id[0: LanguageTestCase{expectedSeed='Language:es:US', expectedHash=4913155, langCode='es', countryCode='US', country='United States'}]" classname="com.dotmarketing.business.DeterministicIdentifierAPITest" time="0.001"/>
  <testcase name="Test_Language_Deterministic_Id[1: LanguageTestCase{expectedSeed='Language:ep:', expectedHash=5292269, langCode='ep', countryCode='', country=''}]" classname="com.dotmarketing.business.DeterministicIdentifierAPITest" time="0.001"/>
  <testcase name="Test_Language_Deterministic_Id[2: LanguageTestCase{expectedSeed='Language:sg:SAG', expectedHash=4713118, langCode='sg', countryCode='SAG', country=''}]" classname="com.dotmarketing.business.DeterministicIdentifierAPITest" time="0.001"/>
  <testcase name="Test_Language_Deterministic_Id[3: LanguageTestCase{expectedSeed='Language:en:NZ', expectedHash=5382528, langCode='en', countryCode='NZ', country='New Zealand'}]" classname="com.dotmarketing.business.DeterministicIdentifierAPITest" time="0.001"/>
  <testcase name="Test_Category_None_Persisted_Category_Should_Return_Deterministic_Id" classname="com.dotmarketing.business.DeterministicIdentifierAPITest" time="0.001"/>
  <testcase name="Test_Asset_Generate_Deterministic_Id_Best_Effort[0: TestCase{versionable=my.host1689383160369.com, parent=System Host, expectedName='my.host1689383160369.com', expectedType='Host'}]" classname="com.dotmarketing.business.DeterministicIdentifierAPITest" time="0.003"/>
  <testcase name="Test_Asset_Generate_Deterministic_Id_Best_Effort[1: TestCase{versionable=com.dotmarketing.portlets.contentlet.model.Contentlet@16adc2e9[map={modDate=2023-07-15 01:06:01.173, fileName=file5863378903638077301.txt, title=file5863378903638077301.txt, inode=0b10cef2-d60e-47d9-97f6-6121effd5174, __IS_NEW_CONTENT__=true, disabledWYSIWYG=[], host=ab136bec-a3e3-4845-b06d-8a69e19cc5b7, stInode=33888b6f-7a8e-4069-b1b6-5c1aa9d0a48d, owner=system, identifier=8c75f49f-1ab1-45e0-b932-e1ad192e3f6c, nullProperties=[wfExpireDate, wfPublishDate, wfActionAssign, wfActionId, wfActionComments, filterKey, whereToSend, wfNeverExpire, _path_to_move, timezoneId, iWantTo, wfPublishTime, wfExpireTime], languageId=1, fileAsset=/home/runner/work/core/custom/assets/0/b/0b10cef2-d60e-47d9-97f6-6121effd5174/fileAsset/file5863378903638077301.txt, folder=475b9639-182e-4167-a83d-3e5c92f9d79f, __disable_workflow__=true, sortOrder=0, modUser=system},lowIndexPriority=false,variantId=DEFAULT], parent=com.dotmarketing.portlets.folders.model.Folder@9d24e91[identifier=475b9639-182e-4167-a83d-3e5c92f9d79f,name=testName1689383161166,sortOrder=0,showOnMenu=false,hostId=ab136bec-a3e3-4845-b06d-8a69e19cc5b7,type=folder,title=testTitle1689383161166,filesMasks=,defaultFileType=33888b6f-7a8e-4069-b1b6-5c1aa9d0a48d,modDate=2023-07-15 01:06:01.168,owner=&lt;null&gt;,iDate=2023-07-15 01:06:01.168,inode=475b9639-182e-4167-a83d-3e5c92f9d79f,path=/testName1689383161166/], expectedName='file5863378903638077301.txt', expectedType='FileAsset'}]" classname="com.dotmarketing.business.DeterministicIdentifierAPITest" time="0.002"/>
  <testcase name="Test_Asset_Generate_Deterministic_Id_Best_Effort[2: TestCase{versionable=com.dotmarketing.portlets.templates.model.Template@42bc1940, parent=my.host1689383160369.com, expectedName='testTitle1689383161265', expectedType='Template'}]" classname="com.dotmarketing.business.DeterministicIdentifierAPITest" time="0.002"/>
  <testcase name="Test_Asset_Generate_Deterministic_Id_Best_Effort[3: TestCase{versionable=com.dotmarketing.portlets.htmlpageasset.model.HTMLPageAsset@2a87018[map={template=06d26ef7-b833-4d5b-8e11-8d7efe92bee4, owner=system, identifier=cea741bc-a817-4f3e-87b8-e5a29023927b, nullProperties=[wfExpireDate, wfPublishDate, wfActionAssign, wfActionId, wfActionComments, filterKey, whereToSend, wfNeverExpire, _path_to_move, timezoneId, iWantTo, wfPublishTime, wfExpireTime], modDate=2023-07-15 01:06:01.282, cachettl=0, _is_test_mode=true, languageId=1, title=test-page-title-1689383161278, httpsreq=, url=test-page-url-1689383161278, showOnMenu=, inode=fe32edd1-de05-4ce7-8b50-50ae5c445e9f, folder=475b9639-182e-4167-a83d-3e5c92f9d79f, disabledWYSIWYG=[], sortOrder=1, modUser=system, host=ab136bec-a3e3-4845-b06d-8a69e19cc5b7, stInode=c541abb1-69b3-4bc5-8430-5e09e5239cc8, friendlyName=test-page-friendly-name-1689383161278},lowIndexPriority=false,variantId=DEFAULT], parent=com.dotmarketing.portlets.folders.model.Folder@9d24e91[identifier=475b9639-182e-4167-a83d-3e5c92f9d79f,name=testName1689383161166,sortOrder=0,showOnMenu=false,hostId=ab136bec-a3e3-4845-b06d-8a69e19cc5b7,type=folder,title=testTitle1689383161166,filesMasks=,defaultFileType=33888b6f-7a8e-4069-b1b6-5c1aa9d0a48d,modDate=2023-07-15 01:06:01.168,owner=&lt;null&gt;,iDate=2023-07-15 01:06:01.168,inode=475b9639-182e-4167-a83d-3e5c92f9d79f,path=/testName1689383161166/], expectedName='test-page-url-1689383161278', expectedType='htmlpageasset'}]" classname="com.dotmarketing.business.DeterministicIdentifierAPITest" time="0.002"/>
  <testcase name="Test_Asset_Generate_Deterministic_Id_Best_Effort[4: TestCase{versionable=com.dotmarketing.portlets.contentlet.model.Contentlet@8981a28[map={fileAsset2=/home/runner/work/core/custom/assets/c/5/c5062f69-3a5e-4a28-87f3-6bcd259c9b1b/fileAsset2/test_binary1689383162142.png, modDate=2023-07-15 01:06:02.146, fileAsset1=/home/runner/work/core/custom/assets/c/5/c5062f69-3a5e-4a28-87f3-6bcd259c9b1b/fileAsset1/test_binary1689383162142.jpg, title=blah, inode=c5062f69-3a5e-4a28-87f3-6bcd259c9b1b, __IS_NEW_CONTENT__=true, disabledWYSIWYG=[], host=48190c8c-42c4-46af-8d1a-0cd5db894797, stInode=40e9bddb-bd3f-4e97-8bae-574986a37820, owner=system, identifier=554bab0d-d3a3-4e94-80c7-8706895ef329, nullProperties=[], languageId=1, image1=8865e7c8-093d-47aa-8070-c966cf2ba3c8, folder=SYSTEM_FOLDER, __disable_workflow__=true, sortOrder=0, modUser=system},lowIndexPriority=false,variantId=DEFAULT], parent=demo.dotcms.com, expectedName='test_binary1689383162142.jpg:test_binary1689383162142.png', expectedType='MultipleBinaries1689383161404'}]" classname="com.dotmarketing.business.DeterministicIdentifierAPITest" time="0.003"/>
  <testcase name="Test_Asset_Generate_Deterministic_Id_Best_Effort[5: TestCase{versionable=nameafed891411 : keyTagafed891411, parent=my.host1689383160369.com, expectedName='keyTagafed891411', expectedType='persona'}]" classname="com.dotmarketing.business.DeterministicIdentifierAPITest" time="0.002"/>
  <testcase name="Test_Similar_Content_Type_Wont_Clash" classname="com.dotmarketing.business.DeterministicIdentifierAPITest" time="0.406"/>
  <testcase name="Test_Generate_Folder_Identifier" classname="com.dotmarketing.business.DeterministicIdentifierAPITest" time="0.87"/>
  <testcase name="Test_Generate_Content_Type_Identifier[0: ContentTypeTestCase{contentType=KeyValueContentType{name=Language Variable, id=f4d7c1b8-2c88-4071-abf1-a5328977b07d, description=Default Content Type for Language Variables, defaultType=false, fixed=true, iDate=Thu Aug 31 16:38:49 UTC 2017, system=true, versionable=true, variable=Languagevariable, modDate=Sat Jul 15 00:03:07 UTC 2023, host=SYSTEM_HOST, siteName=systemHost, icon=language, sortOrder=0, folder=SYSTEM_FOLDER, folderPath=/, markedForDeletion=true, multilingualable=false}, expectedName='Languagevariable', expectedType='KeyValue'}]" classname="com.dotmarketing.business.DeterministicIdentifierAPITest" time="0.006"/>
  <testcase name="Test_Generate_Content_Type_Identifier[1: ContentTypeTestCase{contentType=SimpleContentType{name=testName1689383162498, id=4aaea099-6419-4b27-8659-6a7efeef9c3d, description=testDescription1689383162498, defaultType=false, fixed=false, iDate=Sat Jul 15 01:06:02 UTC 2023, system=false, versionable=true, multilingualable=false, variable=testVarname1689383162498, owner=system, modDate=Sat Jul 15 01:06:03 UTC 2023, host=48190c8c-42c4-46af-8d1a-0cd5db894797, siteName=demo.dotcms.com, icon=event_note, sortOrder=0, folder=SYSTEM_FOLDER, folderPath=/, requiredFields=[], markedForDeletion=false}, expectedName='testVarname1689383162498', expectedType='CONTENT'}]" classname="com.dotmarketing.business.DeterministicIdentifierAPITest" time="0.01"/>
  <system-out><![CDATA[]]></system-out>
  <system-err><![CDATA[]]></system-err>
</testsuite>
