<?xml version="1.0" encoding="UTF-8"?>
<testsuite name="com.dotmarketing.cache.FolderCacheImplIntegrationTest" tests="2" skipped="0" failures="0" errors="0" timestamp="2023-06-23T18:04:16" hostname="fv-az507-453" time="0.004">
  <properties/>
  <testcase name="testPUT_GivenSystemFolderWithSystemHost_ShouldStillHaveSystemHostInFolder" classname="com.dotmarketing.cache.FolderCacheImplIntegrationTest" time="0.002"/>
  <testcase name="testPUT_GivenSystemFolderWithHostDifferentFromSystemHost_ShouldSetSystemHostToFolder" classname="com.dotmarketing.cache.FolderCacheImplIntegrationTest" time="0.002"/>
  <system-out><![CDATA[]]></system-out>
  <system-err><![CDATA[]]></system-err>
</testsuite>
