<?xml version="1.0" encoding="UTF-8"?>
<testsuite name="com.dotcms.rest.api.v1.vtl.VTLResourceIntegrationTest" tests="6" skipped="0" failures="0" errors="0" timestamp="2023-06-29T23:57:08" hostname="fv-az442-763" time="11.508">
  <properties/>
  <testcase name="testGet[0: com.dotcms.rest.api.v1.vtl.VTLResourceTestCase@6dcef51c]" classname="com.dotcms.rest.api.v1.vtl.VTLResourceIntegrationTest" time="1.49"/>
  <testcase name="testGet[1: com.dotcms.rest.api.v1.vtl.VTLResourceTestCase@26fc4b91]" classname="com.dotcms.rest.api.v1.vtl.VTLResourceIntegrationTest" time="1.986"/>
  <testcase name="testGet[2: com.dotcms.rest.api.v1.vtl.VTLResourceTestCase@ac61073]" classname="com.dotcms.rest.api.v1.vtl.VTLResourceIntegrationTest" time="2.078"/>
  <testcase name="testGet[3: com.dotcms.rest.api.v1.vtl.VTLResourceTestCase@71a2605b]" classname="com.dotcms.rest.api.v1.vtl.VTLResourceIntegrationTest" time="1.952"/>
  <testcase name="testGet[4: com.dotcms.rest.api.v1.vtl.VTLResourceTestCase@6b5e0d66]" classname="com.dotcms.rest.api.v1.vtl.VTLResourceIntegrationTest" time="1.928"/>
  <testcase name="testGet[5: com.dotcms.rest.api.v1.vtl.VTLResourceTestCase@2f3a635f]" classname="com.dotcms.rest.api.v1.vtl.VTLResourceIntegrationTest" time="2.072"/>
  <system-out><![CDATA[]]></system-out>
  <system-err><![CDATA[]]></system-err>
</testsuite>
