<?xml version="1.0" encoding="UTF-8"?>
<testsuite name="com.dotcms.concurrent.lock.DotKeyLockManagerTest" tests="6" skipped="0" failures="0" errors="0" timestamp="2023-06-30T15:31:09" hostname="fv-az362-636" time="9.498">
  <properties/>
  <testcase name="Test_Sped_Global_Reentrant_Lock" classname="com.dotcms.concurrent.lock.DotKeyLockManagerTest" time="4.627"/>
  <testcase name="Test_speed_StripedLockManager" classname="com.dotcms.concurrent.lock.DotKeyLockManagerTest" time="0.161"/>
  <testcase name="Test_Recursive_Lock_On_The_Same_Key" classname="com.dotcms.concurrent.lock.DotKeyLockManagerTest" time="0.057"/>
  <testcase name="Test_speed_Synchronized_Lock" classname="com.dotcms.concurrent.lock.DotKeyLockManagerTest" time="4.622"/>
  <testcase name="Test_Lock_On_Null_Key" classname="com.dotcms.concurrent.lock.DotKeyLockManagerTest" time="0.001"/>
  <testcase name="Test_Recursive_Call_On_The_Same_Key_With_Time_Out" classname="com.dotcms.concurrent.lock.DotKeyLockManagerTest" time="0.029"/>
  <system-out><![CDATA[





























































































































































































]]></system-out>
  <system-err><![CDATA[]]></system-err>
</testsuite>
