<?xml version="1.0" encoding="UTF-8"?>
<testsuite name="com.dotcms.rest.api.v1.vtl.VTLResourceIntegrationTest" tests="6" skipped="0" failures="0" errors="0" timestamp="2023-06-28T03:33:12" hostname="fv-az256-253" time="14.089">
  <properties/>
  <testcase name="testGet[0: com.dotcms.rest.api.v1.vtl.VTLResourceTestCase@4656990c]" classname="com.dotcms.rest.api.v1.vtl.VTLResourceIntegrationTest" time="2.24"/>
  <testcase name="testGet[1: com.dotcms.rest.api.v1.vtl.VTLResourceTestCase@268f00e7]" classname="com.dotcms.rest.api.v1.vtl.VTLResourceIntegrationTest" time="1.971"/>
  <testcase name="testGet[2: com.dotcms.rest.api.v1.vtl.VTLResourceTestCase@13a74d06]" classname="com.dotcms.rest.api.v1.vtl.VTLResourceIntegrationTest" time="2.861"/>
  <testcase name="testGet[3: com.dotcms.rest.api.v1.vtl.VTLResourceTestCase@56013955]" classname="com.dotcms.rest.api.v1.vtl.VTLResourceIntegrationTest" time="2.118"/>
  <testcase name="testGet[4: com.dotcms.rest.api.v1.vtl.VTLResourceTestCase@246d4460]" classname="com.dotcms.rest.api.v1.vtl.VTLResourceIntegrationTest" time="2.138"/>
  <testcase name="testGet[5: com.dotcms.rest.api.v1.vtl.VTLResourceTestCase@7abbf032]" classname="com.dotcms.rest.api.v1.vtl.VTLResourceIntegrationTest" time="2.759"/>
  <system-out><![CDATA[]]></system-out>
  <system-err><![CDATA[]]></system-err>
</testsuite>
