<?xml version="1.0" encoding="UTF-8"?>
<testsuite name="com.dotmarketing.portlets.structure.model.ContentletRelationshipsTest" tests="7" skipped="0" failures="0" errors="0" timestamp="2023-06-28T17:47:26" hostname="fv-az365-455" time="8.651">
  <properties/>
  <testcase name="testDoesAllowOnlyOne[0: com.dotmarketing.portlets.structure.model.ContentletRelationshipsTest$CardinalityTestCase@4c6dd852]" classname="com.dotmarketing.portlets.structure.model.ContentletRelationshipsTest" time="0.446"/>
  <testcase name="testDoesAllowOnlyOne[1: com.dotmarketing.portlets.structure.model.ContentletRelationshipsTest$CardinalityTestCase@30c58e4c]" classname="com.dotmarketing.portlets.structure.model.ContentletRelationshipsTest" time="0.419"/>
  <testcase name="testDoesAllowOnlyOne[2: com.dotmarketing.portlets.structure.model.ContentletRelationshipsTest$CardinalityTestCase@651afb9e]" classname="com.dotmarketing.portlets.structure.model.ContentletRelationshipsTest" time="0.455"/>
  <testcase name="testGetRelationshipRecords[0: com.dotmarketing.portlets.structure.model.ContentletRelationshipsTest$TestCase@3d6d32b3]" classname="com.dotmarketing.portlets.structure.model.ContentletRelationshipsTest" time="2.037"/>
  <testcase name="testGetRelationshipRecords[1: com.dotmarketing.portlets.structure.model.ContentletRelationshipsTest$TestCase@1fe0d204]" classname="com.dotmarketing.portlets.structure.model.ContentletRelationshipsTest" time="1.849"/>
  <testcase name="testGetRelationshipRecords[2: com.dotmarketing.portlets.structure.model.ContentletRelationshipsTest$TestCase@34b885a]" classname="com.dotmarketing.portlets.structure.model.ContentletRelationshipsTest" time="1.715"/>
  <testcase name="testGetRelationshipRecords[3: com.dotmarketing.portlets.structure.model.ContentletRelationshipsTest$TestCase@31bf45a6]" classname="com.dotmarketing.portlets.structure.model.ContentletRelationshipsTest" time="1.725"/>
  <system-out><![CDATA[]]></system-out>
  <system-err><![CDATA[]]></system-err>
</testsuite>
