<?xml version="1.0" encoding="UTF-8"?>
<testsuite name="com.dotmarketing.portlets.structure.model.ContentletRelationshipsTest" tests="7" skipped="0" failures="0" errors="0" timestamp="2023-06-30T00:14:00" hostname="fv-az986-883" time="7.763">
  <properties/>
  <testcase name="testDoesAllowOnlyOne[0: com.dotmarketing.portlets.structure.model.ContentletRelationshipsTest$CardinalityTestCase@12f65b7c]" classname="com.dotmarketing.portlets.structure.model.ContentletRelationshipsTest" time="0.466"/>
  <testcase name="testDoesAllowOnlyOne[1: com.dotmarketing.portlets.structure.model.ContentletRelationshipsTest$CardinalityTestCase@2591ac7b]" classname="com.dotmarketing.portlets.structure.model.ContentletRelationshipsTest" time="0.407"/>
  <testcase name="testDoesAllowOnlyOne[2: com.dotmarketing.portlets.structure.model.ContentletRelationshipsTest$CardinalityTestCase@5191d9ef]" classname="com.dotmarketing.portlets.structure.model.ContentletRelationshipsTest" time="0.454"/>
  <testcase name="testGetRelationshipRecords[0: com.dotmarketing.portlets.structure.model.ContentletRelationshipsTest$TestCase@7d7e254b]" classname="com.dotmarketing.portlets.structure.model.ContentletRelationshipsTest" time="1.951"/>
  <testcase name="testGetRelationshipRecords[1: com.dotmarketing.portlets.structure.model.ContentletRelationshipsTest$TestCase@5df3bc23]" classname="com.dotmarketing.portlets.structure.model.ContentletRelationshipsTest" time="1.877"/>
  <testcase name="testGetRelationshipRecords[2: com.dotmarketing.portlets.structure.model.ContentletRelationshipsTest$TestCase@75292192]" classname="com.dotmarketing.portlets.structure.model.ContentletRelationshipsTest" time="0.83"/>
  <testcase name="testGetRelationshipRecords[3: com.dotmarketing.portlets.structure.model.ContentletRelationshipsTest$TestCase@2a28c079]" classname="com.dotmarketing.portlets.structure.model.ContentletRelationshipsTest" time="1.776"/>
  <system-out><![CDATA[]]></system-out>
  <system-err><![CDATA[]]></system-err>
</testsuite>
