<?xml version="1.0" encoding="UTF-8"?>
<testsuite name="com.dotcms.rest.TagResourceIntegrationTest" tests="4" skipped="0" failures="0" errors="0" timestamp="2023-07-21T16:44:26" hostname="fv-az717-170" time="0.243">
  <properties/>
  <testcase name="testList[0: com.dotcms.rest.TagResourceTestCase@2279fb8c]" classname="com.dotcms.rest.TagResourceIntegrationTest" time="0.195"/>
  <testcase name="testList[1: com.dotcms.rest.TagResourceTestCase@6bb428bd]" classname="com.dotcms.rest.TagResourceIntegrationTest" time="0.016"/>
  <testcase name="testList[2: com.dotcms.rest.TagResourceTestCase@7ae5f8d1]" classname="com.dotcms.rest.TagResourceIntegrationTest" time="0.013"/>
  <testcase name="testList[3: com.dotcms.rest.TagResourceTestCase@511a1ff1]" classname="com.dotcms.rest.TagResourceIntegrationTest" time="0.018"/>
  <system-out><![CDATA[]]></system-out>
  <system-err><![CDATA[Jul 21, 2023 4:44:26 PM com.dotcms.repackage.org.hibernate.validator.internal.util.Version <clinit>
INFO: HV000001: Hibernate Validator 4.3.2.Final
]]></system-err>
</testsuite>
