<?xml version="1.0" encoding="UTF-8"?>
<testsuite name="com.dotcms.rest.api.v1.page.PageResourceTest" tests="18" skipped="0" failures="0" errors="0" timestamp="2023-07-19T16:12:06" hostname="fv-az621-121" time="60.262">
  <properties/>
  <testcase name="testRenderWithContent" classname="com.dotcms.rest.api.v1.page.PageResourceTest" time="3.043"/>
  <testcase name="test_addContent_invalid_content_type" classname="com.dotcms.rest.api.v1.page.PageResourceTest" time="4.61"/>
  <testcase name="shouldReturn404ForPageWithURLPatternWithNotLIVEContentInLiveMode" classname="com.dotcms.rest.api.v1.page.PageResourceTest" time="2.39"/>
  <testcase name="shouldReturnPageByURLPattern" classname="com.dotcms.rest.api.v1.page.PageResourceTest" time="2.192"/>
  <testcase name="testRenderPersonalizationVersion" classname="com.dotcms.rest.api.v1.page.PageResourceTest" time="2.253"/>
  <testcase name="shouldResponseWith" classname="com.dotcms.rest.api.v1.page.PageResourceTest" time="12.619"/>
  <testcase name="testGetPersonalizedPersonasOnPage" classname="com.dotcms.rest.api.v1.page.PageResourceTest" time="2.949"/>
  <testcase name="getPersonasForLimitedUser" classname="com.dotcms.rest.api.v1.page.PageResourceTest" time="5.311"/>
  <testcase name="testPathParamWithHost" classname="com.dotcms.rest.api.v1.page.PageResourceTest" time="2.166"/>
  <testcase name="shouldReturnLIVE" classname="com.dotcms.rest.api.v1.page.PageResourceTest" time="4.194"/>
  <testcase name="testPathParam" classname="com.dotcms.rest.api.v1.page.PageResourceTest" time="1.808"/>
  <testcase name="shouldKeepTheAParserContainerContentAfterLayoutSaved" classname="com.dotcms.rest.api.v1.page.PageResourceTest" time="3.012"/>
  <testcase name="testOnNumberOfPagesDataAttribute_render" classname="com.dotcms.rest.api.v1.page.PageResourceTest" time="2.608"/>
  <testcase name="testShouldRenderContainers" classname="com.dotcms.rest.api.v1.page.PageResourceTest" time="2.011"/>
  <testcase name="shouldReturn404ForPageWithURLPatternWithNotLIVEContentInAdminMode" classname="com.dotcms.rest.api.v1.page.PageResourceTest" time="1.796"/>
  <testcase name="testNumberContentWithNotDrawTemplate" classname="com.dotcms.rest.api.v1.page.PageResourceTest" time="2.623"/>
  <testcase name="testRender" classname="com.dotcms.rest.api.v1.page.PageResourceTest" time="2.856"/>
  <testcase name="testRenderNotPersonalizationVersion" classname="com.dotcms.rest.api.v1.page.PageResourceTest" time="1.818"/>
  <system-out><![CDATA[
]]></system-out>
  <system-err><![CDATA[]]></system-err>
</testsuite>
