<?xml version="1.0" encoding="UTF-8"?>
<testsuite name="com.dotcms.rest.elasticsearch.ESContentResourcePortletTest" tests="8" skipped="0" failures="0" errors="0" timestamp="2023-07-03T21:56:18" hostname="fv-az344-336" time="7.72">
  <properties/>
  <testcase name="test_search_includeGrandChildCategory_success" classname="com.dotcms.rest.elasticsearch.ESContentResourcePortletTest" time="1.365"/>
  <testcase name="testSearch[0: com.dotcms.rest.elasticsearch.ESContentResourcePortletTest$TestCase@749143a1]" classname="com.dotcms.rest.elasticsearch.ESContentResourcePortletTest" time="0.906"/>
  <testcase name="testSearch[1: com.dotcms.rest.elasticsearch.ESContentResourcePortletTest$TestCase@2fae728]" classname="com.dotcms.rest.elasticsearch.ESContentResourcePortletTest" time="1.282"/>
  <testcase name="testSearch[2: com.dotcms.rest.elasticsearch.ESContentResourcePortletTest$TestCase@299f2cd9]" classname="com.dotcms.rest.elasticsearch.ESContentResourcePortletTest" time="0.874"/>
  <testcase name="testSearch[3: com.dotcms.rest.elasticsearch.ESContentResourcePortletTest$TestCase@4ddc543e]" classname="com.dotcms.rest.elasticsearch.ESContentResourcePortletTest" time="1.286"/>
  <testcase name="testSearch[4: com.dotcms.rest.elasticsearch.ESContentResourcePortletTest$TestCase@33ae9a6f]" classname="com.dotcms.rest.elasticsearch.ESContentResourcePortletTest" time="0.247"/>
  <testcase name="testSearch[5: com.dotcms.rest.elasticsearch.ESContentResourcePortletTest$TestCase@66b8e895]" classname="com.dotcms.rest.elasticsearch.ESContentResourcePortletTest" time="0.892"/>
  <testcase name="testSearch[6: com.dotcms.rest.elasticsearch.ESContentResourcePortletTest$TestCase@3611f97f]" classname="com.dotcms.rest.elasticsearch.ESContentResourcePortletTest" time="0.868"/>
  <system-out><![CDATA[]]></system-out>
  <system-err><![CDATA[]]></system-err>
</testsuite>
