<?xml version="1.0" encoding="UTF-8"?>
<testsuite name="com.dotmarketing.portlets.structure.model.ContentletRelationshipsTest" tests="7" skipped="0" failures="0" errors="0" timestamp="2023-07-12T17:20:09" hostname="fv-az254-482" time="10.635">
  <properties/>
  <testcase name="testDoesAllowOnlyOne[0: com.dotmarketing.portlets.structure.model.ContentletRelationshipsTest$CardinalityTestCase@65323004]" classname="com.dotmarketing.portlets.structure.model.ContentletRelationshipsTest" time="0.647"/>
  <testcase name="testDoesAllowOnlyOne[1: com.dotmarketing.portlets.structure.model.ContentletRelationshipsTest$CardinalityTestCase@2fb98b55]" classname="com.dotmarketing.portlets.structure.model.ContentletRelationshipsTest" time="0.609"/>
  <testcase name="testDoesAllowOnlyOne[2: com.dotmarketing.portlets.structure.model.ContentletRelationshipsTest$CardinalityTestCase@48bc2992]" classname="com.dotmarketing.portlets.structure.model.ContentletRelationshipsTest" time="0.632"/>
  <testcase name="testGetRelationshipRecords[0: com.dotmarketing.portlets.structure.model.ContentletRelationshipsTest$TestCase@1256e6bd]" classname="com.dotmarketing.portlets.structure.model.ContentletRelationshipsTest" time="2.243"/>
  <testcase name="testGetRelationshipRecords[1: com.dotmarketing.portlets.structure.model.ContentletRelationshipsTest$TestCase@661046e3]" classname="com.dotmarketing.portlets.structure.model.ContentletRelationshipsTest" time="2.291"/>
  <testcase name="testGetRelationshipRecords[2: com.dotmarketing.portlets.structure.model.ContentletRelationshipsTest$TestCase@5909a57]" classname="com.dotmarketing.portlets.structure.model.ContentletRelationshipsTest" time="2.087"/>
  <testcase name="testGetRelationshipRecords[3: com.dotmarketing.portlets.structure.model.ContentletRelationshipsTest$TestCase@2c49c3ce]" classname="com.dotmarketing.portlets.structure.model.ContentletRelationshipsTest" time="2.124"/>
  <system-out><![CDATA[]]></system-out>
  <system-err><![CDATA[]]></system-err>
</testsuite>
