<?xml version="1.0" encoding="UTF-8"?>
<testsuite name="com.dotcms.enterprise.publishing.remote.bundler.RuleBundlerTest" tests="2" skipped="0" failures="0" errors="0" timestamp="2023-07-14T01:39:08" hostname="fv-az268-867" time="0.038">
  <properties/>
  <testcase name="addRuleInBundle[0: com.dotcms.enterprise.publishing.remote.bundler.RuleBundlerTest$TestCase@527ee71b]" classname="com.dotcms.enterprise.publishing.remote.bundler.RuleBundlerTest" time="0.018"/>
  <testcase name="addRuleInBundle[1: com.dotcms.enterprise.publishing.remote.bundler.RuleBundlerTest$TestCase@6d6e69a2]" classname="com.dotcms.enterprise.publishing.remote.bundler.RuleBundlerTest" time="0.019"/>
  <system-out><![CDATA[]]></system-out>
  <system-err><![CDATA[]]></system-err>
</testsuite>
