<?xml version="1.0" encoding="UTF-8"?>
<testsuite name="com.dotmarketing.portlets.structure.model.ContentletRelationshipsTest" tests="7" skipped="0" failures="0" errors="0" timestamp="2023-06-27T01:57:57" hostname="fv-az419-343" time="9.701">
  <properties/>
  <testcase name="testDoesAllowOnlyOne[0: com.dotmarketing.portlets.structure.model.ContentletRelationshipsTest$CardinalityTestCase@6cd3df17]" classname="com.dotmarketing.portlets.structure.model.ContentletRelationshipsTest" time="0.547"/>
  <testcase name="testDoesAllowOnlyOne[1: com.dotmarketing.portlets.structure.model.ContentletRelationshipsTest$CardinalityTestCase@5d4eb8c0]" classname="com.dotmarketing.portlets.structure.model.ContentletRelationshipsTest" time="0.527"/>
  <testcase name="testDoesAllowOnlyOne[2: com.dotmarketing.portlets.structure.model.ContentletRelationshipsTest$CardinalityTestCase@248f341]" classname="com.dotmarketing.portlets.structure.model.ContentletRelationshipsTest" time="0.475"/>
  <testcase name="testGetRelationshipRecords[0: com.dotmarketing.portlets.structure.model.ContentletRelationshipsTest$TestCase@5a42e0a9]" classname="com.dotmarketing.portlets.structure.model.ContentletRelationshipsTest" time="2.097"/>
  <testcase name="testGetRelationshipRecords[1: com.dotmarketing.portlets.structure.model.ContentletRelationshipsTest$TestCase@281bb791]" classname="com.dotmarketing.portlets.structure.model.ContentletRelationshipsTest" time="2.142"/>
  <testcase name="testGetRelationshipRecords[2: com.dotmarketing.portlets.structure.model.ContentletRelationshipsTest$TestCase@3b92ea]" classname="com.dotmarketing.portlets.structure.model.ContentletRelationshipsTest" time="1.929"/>
  <testcase name="testGetRelationshipRecords[3: com.dotmarketing.portlets.structure.model.ContentletRelationshipsTest$TestCase@452cbb57]" classname="com.dotmarketing.portlets.structure.model.ContentletRelationshipsTest" time="1.983"/>
  <system-out><![CDATA[]]></system-out>
  <system-err><![CDATA[]]></system-err>
</testsuite>
