<?xml version="1.0" encoding="UTF-8"?>
<testsuite name="com.dotcms.rest.api.v1.authentication.ResetPasswordTokenUtilTest" tests="8" skipped="0" failures="0" errors="0" timestamp="2023-07-11T23:07:21" hostname="fv-az436-467" time="19.842">
  <properties/>
  <testcase name="test_checkToken_tokenExpired_19_minutes_throwDotInvalidTokenException" classname="com.dotcms.rest.api.v1.authentication.ResetPasswordTokenUtilTest" time="2.863"/>
  <testcase name="test_checkToken_tokenExpired_21_minutes_throwDotInvalidTokenException" classname="com.dotcms.rest.api.v1.authentication.ResetPasswordTokenUtilTest" time="2.827"/>
  <testcase name="test_checkToken_success" classname="com.dotcms.rest.api.v1.authentication.ResetPasswordTokenUtilTest" time="2.831"/>
  <testcase name="test_checkToken_tokenExpired_throwDotInvalidTokenException" classname="com.dotcms.rest.api.v1.authentication.ResetPasswordTokenUtilTest" time="2.85"/>
  <testcase name="test_createToken_success" classname="com.dotcms.rest.api.v1.authentication.ResetPasswordTokenUtilTest" time="0.002"/>
  <testcase name="test_checkToken_userIcqIdNotEqualsToken_throwDotInvalidTokenException" classname="com.dotcms.rest.api.v1.authentication.ResetPasswordTokenUtilTest" time="2.828"/>
  <testcase name="test_checkToken_userIcqIdNotSet_throwDotInvalidTokenException" classname="com.dotcms.rest.api.v1.authentication.ResetPasswordTokenUtilTest" time="2.813"/>
  <testcase name="test_checkToken_userIcqIdNotMatchingRegex_throwDotInvalidTokenException" classname="com.dotcms.rest.api.v1.authentication.ResetPasswordTokenUtilTest" time="2.826"/>
  <system-out><![CDATA[]]></system-out>
  <system-err><![CDATA[]]></system-err>
</testsuite>
