<?xml version="1.0" encoding="UTF-8"?>
<testsuite name="com.dotcms.rest.api.v1.vtl.VTLResourceIntegrationTest" tests="6" skipped="0" failures="0" errors="0" timestamp="2023-07-19T17:50:58" hostname="fv-az189-825" time="12.072">
  <properties/>
  <testcase name="testGet[0: com.dotcms.rest.api.v1.vtl.VTLResourceTestCase@be1b66b]" classname="com.dotcms.rest.api.v1.vtl.VTLResourceIntegrationTest" time="2.285"/>
  <testcase name="testGet[1: com.dotcms.rest.api.v1.vtl.VTLResourceTestCase@63b34e11]" classname="com.dotcms.rest.api.v1.vtl.VTLResourceIntegrationTest" time="1.744"/>
  <testcase name="testGet[2: com.dotcms.rest.api.v1.vtl.VTLResourceTestCase@75ea30fe]" classname="com.dotcms.rest.api.v1.vtl.VTLResourceIntegrationTest" time="2.148"/>
  <testcase name="testGet[3: com.dotcms.rest.api.v1.vtl.VTLResourceTestCase@4c6a37d9]" classname="com.dotcms.rest.api.v1.vtl.VTLResourceIntegrationTest" time="1.975"/>
  <testcase name="testGet[4: com.dotcms.rest.api.v1.vtl.VTLResourceTestCase@4a3e92d1]" classname="com.dotcms.rest.api.v1.vtl.VTLResourceIntegrationTest" time="1.908"/>
  <testcase name="testGet[5: com.dotcms.rest.api.v1.vtl.VTLResourceTestCase@33048e41]" classname="com.dotcms.rest.api.v1.vtl.VTLResourceIntegrationTest" time="2.012"/>
  <system-out><![CDATA[]]></system-out>
  <system-err><![CDATA[]]></system-err>
</testsuite>
