<?xml version="1.0" encoding="UTF-8"?>
<testsuite name="com.dotcms.rest.api.v1.vtl.VTLResourceIntegrationTest" tests="6" skipped="0" failures="0" errors="0" timestamp="2023-06-30T19:00:20" hostname="fv-az621-917" time="12.094">
  <properties/>
  <testcase name="testGet[0: com.dotcms.rest.api.v1.vtl.VTLResourceTestCase@1cc27a9a]" classname="com.dotcms.rest.api.v1.vtl.VTLResourceIntegrationTest" time="2.18"/>
  <testcase name="testGet[1: com.dotcms.rest.api.v1.vtl.VTLResourceTestCase@112e89d4]" classname="com.dotcms.rest.api.v1.vtl.VTLResourceIntegrationTest" time="1.992"/>
  <testcase name="testGet[2: com.dotcms.rest.api.v1.vtl.VTLResourceTestCase@53e94a56]" classname="com.dotcms.rest.api.v1.vtl.VTLResourceIntegrationTest" time="1.883"/>
  <testcase name="testGet[3: com.dotcms.rest.api.v1.vtl.VTLResourceTestCase@1a213109]" classname="com.dotcms.rest.api.v1.vtl.VTLResourceIntegrationTest" time="2.087"/>
  <testcase name="testGet[4: com.dotcms.rest.api.v1.vtl.VTLResourceTestCase@15b88e7d]" classname="com.dotcms.rest.api.v1.vtl.VTLResourceIntegrationTest" time="2.028"/>
  <testcase name="testGet[5: com.dotcms.rest.api.v1.vtl.VTLResourceTestCase@703dd537]" classname="com.dotcms.rest.api.v1.vtl.VTLResourceIntegrationTest" time="1.924"/>
  <system-out><![CDATA[]]></system-out>
  <system-err><![CDATA[]]></system-err>
</testsuite>
