<?xml version="1.0" encoding="UTF-8"?>
<testsuite name="com.dotcms.rest.api.v1.vtl.VTLResourceIntegrationTest" tests="6" skipped="0" failures="0" errors="0" timestamp="2023-06-29T22:08:41" hostname="fv-az180-30" time="12.099">
  <properties/>
  <testcase name="testGet[0: com.dotcms.rest.api.v1.vtl.VTLResourceTestCase@288cccfb]" classname="com.dotcms.rest.api.v1.vtl.VTLResourceIntegrationTest" time="2.272"/>
  <testcase name="testGet[1: com.dotcms.rest.api.v1.vtl.VTLResourceTestCase@1aaa2a6e]" classname="com.dotcms.rest.api.v1.vtl.VTLResourceIntegrationTest" time="1.864"/>
  <testcase name="testGet[2: com.dotcms.rest.api.v1.vtl.VTLResourceTestCase@435de974]" classname="com.dotcms.rest.api.v1.vtl.VTLResourceIntegrationTest" time="1.989"/>
  <testcase name="testGet[3: com.dotcms.rest.api.v1.vtl.VTLResourceTestCase@236b1e9e]" classname="com.dotcms.rest.api.v1.vtl.VTLResourceIntegrationTest" time="2.09"/>
  <testcase name="testGet[4: com.dotcms.rest.api.v1.vtl.VTLResourceTestCase@6dcef51c]" classname="com.dotcms.rest.api.v1.vtl.VTLResourceIntegrationTest" time="1.854"/>
  <testcase name="testGet[5: com.dotcms.rest.api.v1.vtl.VTLResourceTestCase@26fc4b91]" classname="com.dotcms.rest.api.v1.vtl.VTLResourceIntegrationTest" time="2.03"/>
  <system-out><![CDATA[]]></system-out>
  <system-err><![CDATA[]]></system-err>
</testsuite>
