<?xml version="1.0" encoding="UTF-8"?>
<testsuite name="com.dotmarketing.startup.runonce.Task220829CreateExperimentsTableTest" tests="1" skipped="0" failures="0" errors="0" timestamp="2023-07-13T21:15:55" hostname="fv-az417-935" time="0.009">
  <properties/>
  <testcase name="testExecuteUpgrade" classname="com.dotmarketing.startup.runonce.Task220829CreateExperimentsTableTest" time="0.009"/>
  <system-out><![CDATA[]]></system-out>
  <system-err><![CDATA[]]></system-err>
</testsuite>
