<?xml version="1.0" encoding="UTF-8"?>
<testsuite name="com.dotcms.rest.api.v1.vtl.VTLResourceIntegrationTest" tests="6" skipped="0" failures="0" errors="0" timestamp="2023-07-08T04:30:14" hostname="fv-az337-298" time="15.121">
  <properties/>
  <testcase name="testGet[0: com.dotcms.rest.api.v1.vtl.VTLResourceTestCase@66921bbf]" classname="com.dotcms.rest.api.v1.vtl.VTLResourceIntegrationTest" time="2.427"/>
  <testcase name="testGet[1: com.dotcms.rest.api.v1.vtl.VTLResourceTestCase@217d262a]" classname="com.dotcms.rest.api.v1.vtl.VTLResourceIntegrationTest" time="2.547"/>
  <testcase name="testGet[2: com.dotcms.rest.api.v1.vtl.VTLResourceTestCase@563c0538]" classname="com.dotcms.rest.api.v1.vtl.VTLResourceIntegrationTest" time="2.445"/>
  <testcase name="testGet[3: com.dotcms.rest.api.v1.vtl.VTLResourceTestCase@70ac2fc7]" classname="com.dotcms.rest.api.v1.vtl.VTLResourceIntegrationTest" time="2.941"/>
  <testcase name="testGet[4: com.dotcms.rest.api.v1.vtl.VTLResourceTestCase@6159d8e]" classname="com.dotcms.rest.api.v1.vtl.VTLResourceIntegrationTest" time="2.686"/>
  <testcase name="testGet[5: com.dotcms.rest.api.v1.vtl.VTLResourceTestCase@4e91a710]" classname="com.dotcms.rest.api.v1.vtl.VTLResourceIntegrationTest" time="2.075"/>
  <system-out><![CDATA[]]></system-out>
  <system-err><![CDATA[]]></system-err>
</testsuite>
