<?xml version="1.0" encoding="UTF-8"?>
<testsuite name="com.dotcms.contenttype.test.ContentResourceTest" tests="52" skipped="0" failures="0" errors="0" timestamp="2023-07-17T16:41:25" hostname="fv-az404-376" time="138.381">
  <properties/>
  <testcase name="testGetContentShouldReturnIconDetails" classname="com.dotcms.contenttype.test.ContentResourceTest" time="1.511"/>
  <testcase name="Test_Save_Action_Set_Words_To_Required_NumericField_Issue_15340" classname="com.dotcms.contenttype.test.ContentResourceTest" time="0.815"/>
  <testcase name="test_getContent_includeGrandChildCategory_success" classname="com.dotcms.contenttype.test.ContentResourceTest" time="1.244"/>
  <testcase name="testGetContentWithRelatedParameter[0: com.dotcms.contenttype.test.ContentResourceTest$PullRelatedTestCase@76bfd116]" classname="com.dotcms.contenttype.test.ContentResourceTest" time="3.73"/>
  <testcase name="testGetContentWithRelatedParameter[1: com.dotcms.contenttype.test.ContentResourceTest$PullRelatedTestCase@7c8c1063]" classname="com.dotcms.contenttype.test.ContentResourceTest" time="3.577"/>
  <testcase name="testGetContentWithRelatedParameter[2: com.dotcms.contenttype.test.ContentResourceTest$PullRelatedTestCase@33208edb]" classname="com.dotcms.contenttype.test.ContentResourceTest" time="3.656"/>
  <testcase name="testGetContentWithRelatedParameter[3: com.dotcms.contenttype.test.ContentResourceTest$PullRelatedTestCase@4369ad01]" classname="com.dotcms.contenttype.test.ContentResourceTest" time="3.432"/>
  <testcase name="testGetContentWithRelatedParameter[4: com.dotcms.contenttype.test.ContentResourceTest$PullRelatedTestCase@4b56f31b]" classname="com.dotcms.contenttype.test.ContentResourceTest" time="3.594"/>
  <testcase name="test_getContent_SelfRelatedWith3LevelsOfDepth_shouldReturnRelationships" classname="com.dotcms.contenttype.test.ContentResourceTest" time="1.295"/>
  <testcase name="Test_Save_Action_Send_Fields_SubSet_Issue_15340" classname="com.dotcms.contenttype.test.ContentResourceTest" time="2.784"/>
  <testcase name="test_getContent_shouldReturnRelationships[0: com.dotcms.contenttype.test.ContentResourceTest$TestCase@57c5fd1a]" classname="com.dotcms.contenttype.test.ContentResourceTest" time="2.972"/>
  <testcase name="test_getContent_shouldReturnRelationships[1: com.dotcms.contenttype.test.ContentResourceTest$TestCase@60a4e76f]" classname="com.dotcms.contenttype.test.ContentResourceTest" time="2.986"/>
  <testcase name="test_getContent_shouldReturnRelationships[2: com.dotcms.contenttype.test.ContentResourceTest$TestCase@6eab5fdf]" classname="com.dotcms.contenttype.test.ContentResourceTest" time="3.074"/>
  <testcase name="test_getContent_shouldReturnRelationships[3: com.dotcms.contenttype.test.ContentResourceTest$TestCase@1299a73a]" classname="com.dotcms.contenttype.test.ContentResourceTest" time="3.108"/>
  <testcase name="test_getContent_shouldReturnRelationships[4: com.dotcms.contenttype.test.ContentResourceTest$TestCase@6a4ca55e]" classname="com.dotcms.contenttype.test.ContentResourceTest" time="3.172"/>
  <testcase name="test_getContent_shouldReturnRelationships[5: com.dotcms.contenttype.test.ContentResourceTest$TestCase@2d14b8e7]" classname="com.dotcms.contenttype.test.ContentResourceTest" time="2.868"/>
  <testcase name="test_getContent_shouldReturnRelationships[6: com.dotcms.contenttype.test.ContentResourceTest$TestCase@19f54f3d]" classname="com.dotcms.contenttype.test.ContentResourceTest" time="2.958"/>
  <testcase name="test_getContent_shouldReturnRelationships[7: com.dotcms.contenttype.test.ContentResourceTest$TestCase@468a8b4e]" classname="com.dotcms.contenttype.test.ContentResourceTest" time="2.951"/>
  <testcase name="test_getContent_shouldReturnRelationships[8: com.dotcms.contenttype.test.ContentResourceTest$TestCase@4963b094]" classname="com.dotcms.contenttype.test.ContentResourceTest" time="1.935"/>
  <testcase name="test_getContent_shouldReturnRelationships[9: com.dotcms.contenttype.test.ContentResourceTest$TestCase@4138fadf]" classname="com.dotcms.contenttype.test.ContentResourceTest" time="3.025"/>
  <testcase name="test_getContent_shouldReturnRelationships[10: com.dotcms.contenttype.test.ContentResourceTest$TestCase@7287d962]" classname="com.dotcms.contenttype.test.ContentResourceTest" time="2.69"/>
  <testcase name="test_getContent_shouldReturnRelationships[11: com.dotcms.contenttype.test.ContentResourceTest$TestCase@6045fc87]" classname="com.dotcms.contenttype.test.ContentResourceTest" time="2.669"/>
  <testcase name="test_getContent_shouldReturnRelationships[12: com.dotcms.contenttype.test.ContentResourceTest$TestCase@3476070b]" classname="com.dotcms.contenttype.test.ContentResourceTest" time="2.651"/>
  <testcase name="test_getContent_shouldReturnRelationships[13: com.dotcms.contenttype.test.ContentResourceTest$TestCase@321efd58]" classname="com.dotcms.contenttype.test.ContentResourceTest" time="1.731"/>
  <testcase name="test_getContent_shouldReturnRelationships[14: com.dotcms.contenttype.test.ContentResourceTest$TestCase@7e1e7eb0]" classname="com.dotcms.contenttype.test.ContentResourceTest" time="2.84"/>
  <testcase name="test_getContent_shouldReturnRelationships[15: com.dotcms.contenttype.test.ContentResourceTest$TestCase@31f01430]" classname="com.dotcms.contenttype.test.ContentResourceTest" time="3.662"/>
  <testcase name="test_getContent_shouldReturnRelationships[16: com.dotcms.contenttype.test.ContentResourceTest$TestCase@35ba035a]" classname="com.dotcms.contenttype.test.ContentResourceTest" time="3.688"/>
  <testcase name="test_getContent_shouldReturnRelationships[17: com.dotcms.contenttype.test.ContentResourceTest$TestCase@708bcc88]" classname="com.dotcms.contenttype.test.ContentResourceTest" time="3.013"/>
  <testcase name="test_getContent_shouldReturnRelationships[18: com.dotcms.contenttype.test.ContentResourceTest$TestCase@7dedc7d7]" classname="com.dotcms.contenttype.test.ContentResourceTest" time="3.296"/>
  <testcase name="test_getContent_shouldReturnRelationships[19: com.dotcms.contenttype.test.ContentResourceTest$TestCase@4c0d0dce]" classname="com.dotcms.contenttype.test.ContentResourceTest" time="2.911"/>
  <testcase name="test_getContent_shouldReturnRelationships[20: com.dotcms.contenttype.test.ContentResourceTest$TestCase@294867c6]" classname="com.dotcms.contenttype.test.ContentResourceTest" time="3.103"/>
  <testcase name="test_getContent_shouldReturnRelationships[21: com.dotcms.contenttype.test.ContentResourceTest$TestCase@70901eb]" classname="com.dotcms.contenttype.test.ContentResourceTest" time="3.223"/>
  <testcase name="test_getContent_shouldReturnRelationships[22: com.dotcms.contenttype.test.ContentResourceTest$TestCase@14c9bda2]" classname="com.dotcms.contenttype.test.ContentResourceTest" time="2.868"/>
  <testcase name="test_getContent_shouldReturnRelationships[23: com.dotcms.contenttype.test.ContentResourceTest$TestCase@300eb188]" classname="com.dotcms.contenttype.test.ContentResourceTest" time="2.065"/>
  <testcase name="test_getContent_shouldReturnRelationships[24: com.dotcms.contenttype.test.ContentResourceTest$TestCase@5a129618]" classname="com.dotcms.contenttype.test.ContentResourceTest" time="2.987"/>
  <testcase name="test_getContent_shouldReturnRelationships[25: com.dotcms.contenttype.test.ContentResourceTest$TestCase@15dbc2e8]" classname="com.dotcms.contenttype.test.ContentResourceTest" time="3.336"/>
  <testcase name="test_getContent_shouldReturnRelationships[26: com.dotcms.contenttype.test.ContentResourceTest$TestCase@4c26595c]" classname="com.dotcms.contenttype.test.ContentResourceTest" time="1.92"/>
  <testcase name="test_getContent_shouldReturnRelationships[27: com.dotcms.contenttype.test.ContentResourceTest$TestCase@9e123a1]" classname="com.dotcms.contenttype.test.ContentResourceTest" time="2.949"/>
  <testcase name="test_getContent_shouldReturnRelationships[28: com.dotcms.contenttype.test.ContentResourceTest$TestCase@478dd6d3]" classname="com.dotcms.contenttype.test.ContentResourceTest" time="2.895"/>
  <testcase name="test_getContent_shouldReturnRelationships[29: com.dotcms.contenttype.test.ContentResourceTest$TestCase@c0a8048]" classname="com.dotcms.contenttype.test.ContentResourceTest" time="1.841"/>
  <testcase name="test_getContent_shouldReturnRelationships[30: com.dotcms.contenttype.test.ContentResourceTest$TestCase@7298c42c]" classname="com.dotcms.contenttype.test.ContentResourceTest" time="2.903"/>
  <testcase name="test_getContent_shouldReturnRelationships[31: com.dotcms.contenttype.test.ContentResourceTest$TestCase@72640df5]" classname="com.dotcms.contenttype.test.ContentResourceTest" time="2.91"/>
  <testcase name="test_getContent_shouldReturnRelationships[32: com.dotcms.contenttype.test.ContentResourceTest$TestCase@5bf66624]" classname="com.dotcms.contenttype.test.ContentResourceTest" time="3.852"/>
  <testcase name="test_getContent_shouldReturnRelationships[33: com.dotcms.contenttype.test.ContentResourceTest$TestCase@326a5d2]" classname="com.dotcms.contenttype.test.ContentResourceTest" time="3.745"/>
  <testcase name="testSinglePOST_InvalidParamsShouldReturn400[0: ({\n    &quot;stInode&quot; : &quot;InvalidValue&quot;,\n    &quot;numeric&quot; : &quot;0&quot;,\n    &quot;image&quot; : &quot;whatever&quot;\n}, Bad Request)]" classname="com.dotcms.contenttype.test.ContentResourceTest" time="0.817"/>
  <testcase name="testSinglePOST_InvalidParamsShouldReturn400[1: ({\n    &quot;numeric&quot; : &quot;0&quot;,\n    &quot;image&quot; : &quot;whatever&quot;\n}, Bad Request)]" classname="com.dotcms.contenttype.test.ContentResourceTest" time="0.793"/>
  <testcase name="Test_Save_Action_Set_Null_To_Required_NumericField_Issue_15340" classname="com.dotcms.contenttype.test.ContentResourceTest" time="0.814"/>
  <testcase name="Test_Save_Action_Remove_Image_Then_Verify_Fields_Were_Cleared_Issue_15340" classname="com.dotcms.contenttype.test.ContentResourceTest" time="3.625"/>
  <testcase name="test_getContentWithMultipleSelfRelated_shouldReturnRelationships[0: com.dotcms.contenttype.test.ContentResourceTest$PullSelfRelatedTestCase@6572109b]" classname="com.dotcms.contenttype.test.ContentResourceTest" time="1.536"/>
  <testcase name="test_getContentWithMultipleSelfRelated_shouldReturnRelationships[1: com.dotcms.contenttype.test.ContentResourceTest$PullSelfRelatedTestCase@d5d9d57]" classname="com.dotcms.contenttype.test.ContentResourceTest" time="1.575"/>
  <testcase name="testGetContentWithAllCategoriesInfo[0: json]" classname="com.dotcms.contenttype.test.ContentResourceTest" time="2.398"/>
  <testcase name="testGetContentWithAllCategoriesInfo[1: xml]" classname="com.dotcms.contenttype.test.ContentResourceTest" time="2.382"/>
  <system-out><![CDATA[











]]></system-out>
  <system-err><![CDATA[]]></system-err>
</testsuite>
