<?xml version="1.0" encoding="UTF-8"?>
<testsuite name="com.dotcms.enterprise.publishing.remote.handler.ContentWorkflowHandlerTest" tests="1" skipped="0" failures="0" errors="0" timestamp="2023-07-21T16:44:02" hostname="fv-az453-320" time="0.136">
  <properties/>
  <testcase name="Test_Handle_Push_Content_File_With_No_Step_On_It" classname="com.dotcms.enterprise.publishing.remote.handler.ContentWorkflowHandlerTest" time="0.136"/>
  <system-out><![CDATA[]]></system-out>
  <system-err><![CDATA[]]></system-err>
</testsuite>
