<?xml version="1.0" encoding="UTF-8"?>
<testsuite name="com.dotcms.publisher.endpoint.business.PublishingEndPointFactoryImplTest" tests="6" skipped="0" failures="0" errors="0" timestamp="2023-07-21T05:37:46" hostname="fv-az484-380" time="0.026">
  <properties/>
  <testcase name="shouldReturnTrueWhenMachineNamesAreTheSame" classname="com.dotcms.publisher.endpoint.business.PublishingEndPointFactoryImplTest" time="0.0"/>
  <testcase name="shouldReturnFalseWhenMachineNamesAreDifferent" classname="com.dotcms.publisher.endpoint.business.PublishingEndPointFactoryImplTest" time="0.016"/>
  <testcase name="shouldReturnTrueWhenIPAddressAndHostnameReferToSameMachine" classname="com.dotcms.publisher.endpoint.business.PublishingEndPointFactoryImplTest" time="0.0"/>
  <testcase name="shouldReturnTrueWhenIPAddressesAreTheSame" classname="com.dotcms.publisher.endpoint.business.PublishingEndPointFactoryImplTest" time="0.007"/>
  <testcase name="shouldReturnFalseWhenIPAddressesAreDifferent" classname="com.dotcms.publisher.endpoint.business.PublishingEndPointFactoryImplTest" time="0.0"/>
  <testcase name="shouldReturnFalseWhenIPAddressAndHostnameReferToDifferentMachines" classname="com.dotcms.publisher.endpoint.business.PublishingEndPointFactoryImplTest" time="0.0"/>
  <system-out><![CDATA[]]></system-out>
  <system-err><![CDATA[]]></system-err>
</testsuite>
