<?xml version="1.0" encoding="UTF-8"?>
<testsuite name="com.dotmarketing.portlets.structure.model.ContentletRelationshipsTest" tests="7" skipped="0" failures="0" errors="0" timestamp="2023-07-18T21:55:21" hostname="fv-az550-335" time="7.73">
  <properties/>
  <testcase name="testDoesAllowOnlyOne[0: com.dotmarketing.portlets.structure.model.ContentletRelationshipsTest$CardinalityTestCase@68b88613]" classname="com.dotmarketing.portlets.structure.model.ContentletRelationshipsTest" time="0.476"/>
  <testcase name="testDoesAllowOnlyOne[1: com.dotmarketing.portlets.structure.model.ContentletRelationshipsTest$CardinalityTestCase@c89fe77]" classname="com.dotmarketing.portlets.structure.model.ContentletRelationshipsTest" time="0.44"/>
  <testcase name="testDoesAllowOnlyOne[2: com.dotmarketing.portlets.structure.model.ContentletRelationshipsTest$CardinalityTestCase@3ebdc78f]" classname="com.dotmarketing.portlets.structure.model.ContentletRelationshipsTest" time="0.453"/>
  <testcase name="testGetRelationshipRecords[0: com.dotmarketing.portlets.structure.model.ContentletRelationshipsTest$TestCase@33b4cbf3]" classname="com.dotmarketing.portlets.structure.model.ContentletRelationshipsTest" time="1.929"/>
  <testcase name="testGetRelationshipRecords[1: com.dotmarketing.portlets.structure.model.ContentletRelationshipsTest$TestCase@1f904b88]" classname="com.dotmarketing.portlets.structure.model.ContentletRelationshipsTest" time="1.894"/>
  <testcase name="testGetRelationshipRecords[2: com.dotmarketing.portlets.structure.model.ContentletRelationshipsTest$TestCase@5ca9744b]" classname="com.dotmarketing.portlets.structure.model.ContentletRelationshipsTest" time="0.789"/>
  <testcase name="testGetRelationshipRecords[3: com.dotmarketing.portlets.structure.model.ContentletRelationshipsTest$TestCase@cf841ee]" classname="com.dotmarketing.portlets.structure.model.ContentletRelationshipsTest" time="1.747"/>
  <system-out><![CDATA[]]></system-out>
  <system-err><![CDATA[]]></system-err>
</testsuite>
