<?xml version="1.0" encoding="UTF-8"?>
<testsuite name="com.dotmarketing.business.DeterministicIdentifierAPITest" tests="16" skipped="0" failures="0" errors="0" timestamp="2023-07-07T20:59:22" hostname="fv-az422-848" time="1.55">
  <properties/>
  <testcase name="Test_Category_Path_Seed_And_Id" classname="com.dotmarketing.business.DeterministicIdentifierAPITest" time="0.025"/>
  <testcase name="Test_Language_Deterministic_Id[0: LanguageTestCase{expectedSeed='Language:es:US', expectedHash=4913155, langCode='es', countryCode='US', country='United States'}]" classname="com.dotmarketing.business.DeterministicIdentifierAPITest" time="0.001"/>
  <testcase name="Test_Language_Deterministic_Id[1: LanguageTestCase{expectedSeed='Language:ep:', expectedHash=5292269, langCode='ep', countryCode='', country=''}]" classname="com.dotmarketing.business.DeterministicIdentifierAPITest" time="0.001"/>
  <testcase name="Test_Language_Deterministic_Id[2: LanguageTestCase{expectedSeed='Language:sg:SAG', expectedHash=4713118, langCode='sg', countryCode='SAG', country=''}]" classname="com.dotmarketing.business.DeterministicIdentifierAPITest" time="0.001"/>
  <testcase name="Test_Language_Deterministic_Id[3: LanguageTestCase{expectedSeed='Language:en:NZ', expectedHash=5382528, langCode='en', countryCode='NZ', country='New Zealand'}]" classname="com.dotmarketing.business.DeterministicIdentifierAPITest" time="0.001"/>
  <testcase name="Test_Category_None_Persisted_Category_Should_Return_Deterministic_Id" classname="com.dotmarketing.business.DeterministicIdentifierAPITest" time="0.002"/>
  <testcase name="Test_Asset_Generate_Deterministic_Id_Best_Effort[0: TestCase{versionable=my.host1688763173970.com, parent=System Host, expectedName='my.host1688763173970.com', expectedType='Host'}]" classname="com.dotmarketing.business.DeterministicIdentifierAPITest" time="0.004"/>
  <testcase name="Test_Asset_Generate_Deterministic_Id_Best_Effort[1: TestCase{versionable=com.dotmarketing.portlets.contentlet.model.Contentlet@3e1db500[map={modDate=2023-07-07 20:52:54.748, fileName=file10048277508934652596.txt, title=file10048277508934652596.txt, inode=5b7e8463-fe09-41ed-8fe6-9fd9e84f7434, __IS_NEW_CONTENT__=true, disabledWYSIWYG=[], host=7d00f945-1ec7-4503-a538-7178f545bbba, stInode=33888b6f-7a8e-4069-b1b6-5c1aa9d0a48d, owner=system, identifier=15f5a6d5-925a-4d33-ae6d-aa674d9f9c26, nullProperties=[wfExpireDate, wfPublishDate, wfActionAssign, wfActionId, wfActionComments, filterKey, whereToSend, wfNeverExpire, _path_to_move, timezoneId, iWantTo, wfPublishTime, wfExpireTime], languageId=1, fileAsset=/home/runner/work/core/custom/assets/5/b/5b7e8463-fe09-41ed-8fe6-9fd9e84f7434/fileAsset/file10048277508934652596.txt, folder=44d4e4f2-f2d8-432d-b884-d4f1c95aca04, __disable_workflow__=true, sortOrder=0, modUser=system},lowIndexPriority=false,variantId=DEFAULT], parent=com.dotmarketing.portlets.folders.model.Folder@17f52fd4[identifier=44d4e4f2-f2d8-432d-b884-d4f1c95aca04,name=testName1688763174740,sortOrder=0,showOnMenu=false,hostId=7d00f945-1ec7-4503-a538-7178f545bbba,type=folder,title=testTitle1688763174740,filesMasks=,defaultFileType=33888b6f-7a8e-4069-b1b6-5c1aa9d0a48d,modDate=2023-07-07 20:52:54.743,owner=&lt;null&gt;,iDate=2023-07-07 20:52:54.743,inode=44d4e4f2-f2d8-432d-b884-d4f1c95aca04,path=/testName1688763174740/], expectedName='file10048277508934652596.txt', expectedType='FileAsset'}]" classname="com.dotmarketing.business.DeterministicIdentifierAPITest" time="0.003"/>
  <testcase name="Test_Asset_Generate_Deterministic_Id_Best_Effort[2: TestCase{versionable=com.dotmarketing.portlets.templates.model.Template@7ff786ee, parent=my.host1688763173970.com, expectedName='testTitle1688763174841', expectedType='Template'}]" classname="com.dotmarketing.business.DeterministicIdentifierAPITest" time="0.002"/>
  <testcase name="Test_Asset_Generate_Deterministic_Id_Best_Effort[3: TestCase{versionable=com.dotmarketing.portlets.htmlpageasset.model.HTMLPageAsset@67991776[map={template=82db8377-143f-4a62-b6f2-efac07235b58, owner=system, identifier=560b66f9-796b-4a4d-b4b9-3c58f14cba6d, nullProperties=[wfExpireDate, wfPublishDate, wfActionAssign, wfActionId, wfActionComments, filterKey, whereToSend, wfNeverExpire, _path_to_move, timezoneId, iWantTo, wfPublishTime, wfExpireTime], modDate=2023-07-07 20:52:54.856, cachettl=0, _is_test_mode=true, languageId=1, title=test-page-title-1688763174852, httpsreq=, url=test-page-url-1688763174852, showOnMenu=, inode=202be201-508c-4969-baa1-c81468bf8a3b, folder=44d4e4f2-f2d8-432d-b884-d4f1c95aca04, disabledWYSIWYG=[], sortOrder=1, modUser=system, host=7d00f945-1ec7-4503-a538-7178f545bbba, stInode=c541abb1-69b3-4bc5-8430-5e09e5239cc8, friendlyName=test-page-friendly-name-1688763174852},lowIndexPriority=false,variantId=DEFAULT], parent=com.dotmarketing.portlets.folders.model.Folder@17f52fd4[identifier=44d4e4f2-f2d8-432d-b884-d4f1c95aca04,name=testName1688763174740,sortOrder=0,showOnMenu=false,hostId=7d00f945-1ec7-4503-a538-7178f545bbba,type=folder,title=testTitle1688763174740,filesMasks=,defaultFileType=33888b6f-7a8e-4069-b1b6-5c1aa9d0a48d,modDate=2023-07-07 20:52:54.743,owner=&lt;null&gt;,iDate=2023-07-07 20:52:54.743,inode=44d4e4f2-f2d8-432d-b884-d4f1c95aca04,path=/testName1688763174740/], expectedName='test-page-url-1688763174852', expectedType='htmlpageasset'}]" classname="com.dotmarketing.business.DeterministicIdentifierAPITest" time="0.002"/>
  <testcase name="Test_Asset_Generate_Deterministic_Id_Best_Effort[4: TestCase{versionable=com.dotmarketing.portlets.contentlet.model.Contentlet@e054704[map={fileAsset2=/home/runner/work/core/custom/assets/3/f/3f915f2c-8bcf-46f2-9d73-014594ac7ff2/fileAsset2/test_binary1688763175716.png, modDate=2023-07-07 20:52:55.721, fileAsset1=/home/runner/work/core/custom/assets/3/f/3f915f2c-8bcf-46f2-9d73-014594ac7ff2/fileAsset1/test_binary1688763175716.jpg, title=blah, inode=3f915f2c-8bcf-46f2-9d73-014594ac7ff2, __IS_NEW_CONTENT__=true, disabledWYSIWYG=[], host=48190c8c-42c4-46af-8d1a-0cd5db894797, stInode=c89adbff-5c48-45a5-a580-b8ea179e43c5, owner=system, identifier=c8e977dc-0ce9-41be-a9c5-f65a18db3bb9, nullProperties=[], languageId=1, image1=f0403388-6f34-448c-8977-afa09ad1aebe, folder=SYSTEM_FOLDER, __disable_workflow__=true, sortOrder=0, modUser=system},lowIndexPriority=false,variantId=DEFAULT], parent=demo.dotcms.com, expectedName='test_binary1688763175716.jpg:test_binary1688763175716.png', expectedType='MultipleBinaries1688763175029'}]" classname="com.dotmarketing.business.DeterministicIdentifierAPITest" time="0.002"/>
  <testcase name="Test_Asset_Generate_Deterministic_Id_Best_Effort[5: TestCase{versionable=name8f6cecd0d4 : keyTag8f6cecd0d4, parent=my.host1688763173970.com, expectedName='keyTag8f6cecd0d4', expectedType='persona'}]" classname="com.dotmarketing.business.DeterministicIdentifierAPITest" time="0.003"/>
  <testcase name="Test_Similar_Content_Type_Wont_Clash" classname="com.dotmarketing.business.DeterministicIdentifierAPITest" time="0.501"/>
  <testcase name="Test_Generate_Folder_Identifier" classname="com.dotmarketing.business.DeterministicIdentifierAPITest" time="0.983"/>
  <testcase name="Test_Generate_Content_Type_Identifier[0: ContentTypeTestCase{contentType=KeyValueContentType{name=Language Variable, id=f4d7c1b8-2c88-4071-abf1-a5328977b07d, description=Default Content Type for Language Variables, defaultType=false, fixed=true, iDate=Thu Aug 31 16:38:49 UTC 2017, system=true, versionable=true, variable=Languagevariable, modDate=Fri Jul 07 19:43:41 UTC 2023, host=SYSTEM_HOST, siteName=systemHost, icon=language, sortOrder=0, folder=SYSTEM_FOLDER, folderPath=/, markedForDeletion=true, multilingualable=false}, expectedName='Languagevariable', expectedType='KeyValue'}]" classname="com.dotmarketing.business.DeterministicIdentifierAPITest" time="0.007"/>
  <testcase name="Test_Generate_Content_Type_Identifier[1: ContentTypeTestCase{contentType=SimpleContentType{name=testName1688763176124, id=78590721-33fd-487f-b9ba-54e2c04d21ae, description=testDescription1688763176124, defaultType=false, fixed=false, iDate=Fri Jul 07 20:52:56 UTC 2023, system=false, versionable=true, multilingualable=false, variable=testVarname1688763176124, owner=system, modDate=Fri Jul 07 20:52:57 UTC 2023, host=48190c8c-42c4-46af-8d1a-0cd5db894797, siteName=demo.dotcms.com, icon=event_note, sortOrder=0, folder=SYSTEM_FOLDER, folderPath=/, requiredFields=[], markedForDeletion=false}, expectedName='testVarname1688763176124', expectedType='CONTENT'}]" classname="com.dotmarketing.business.DeterministicIdentifierAPITest" time="0.008"/>
  <system-out><![CDATA[]]></system-out>
  <system-err><![CDATA[]]></system-err>
</testsuite>
