<?xml version="1.0" encoding="UTF-8"?>
<testsuite name="com.dotmarketing.portlets.structure.model.ContentletRelationshipsTest" tests="7" skipped="0" failures="0" errors="0" timestamp="2023-06-30T16:43:17" hostname="fv-az447-885" time="9.195">
  <properties/>
  <testcase name="testDoesAllowOnlyOne[0: com.dotmarketing.portlets.structure.model.ContentletRelationshipsTest$CardinalityTestCase@558ae742]" classname="com.dotmarketing.portlets.structure.model.ContentletRelationshipsTest" time="0.537"/>
  <testcase name="testDoesAllowOnlyOne[1: com.dotmarketing.portlets.structure.model.ContentletRelationshipsTest$CardinalityTestCase@4d88932f]" classname="com.dotmarketing.portlets.structure.model.ContentletRelationshipsTest" time="0.454"/>
  <testcase name="testDoesAllowOnlyOne[2: com.dotmarketing.portlets.structure.model.ContentletRelationshipsTest$CardinalityTestCase@32b315be]" classname="com.dotmarketing.portlets.structure.model.ContentletRelationshipsTest" time="0.486"/>
  <testcase name="testGetRelationshipRecords[0: com.dotmarketing.portlets.structure.model.ContentletRelationshipsTest$TestCase@e726702]" classname="com.dotmarketing.portlets.structure.model.ContentletRelationshipsTest" time="1.939"/>
  <testcase name="testGetRelationshipRecords[1: com.dotmarketing.portlets.structure.model.ContentletRelationshipsTest$TestCase@c403179]" classname="com.dotmarketing.portlets.structure.model.ContentletRelationshipsTest" time="2.003"/>
  <testcase name="testGetRelationshipRecords[2: com.dotmarketing.portlets.structure.model.ContentletRelationshipsTest$TestCase@5d8ca35]" classname="com.dotmarketing.portlets.structure.model.ContentletRelationshipsTest" time="1.827"/>
  <testcase name="testGetRelationshipRecords[3: com.dotmarketing.portlets.structure.model.ContentletRelationshipsTest$TestCase@2fec21d5]" classname="com.dotmarketing.portlets.structure.model.ContentletRelationshipsTest" time="1.948"/>
  <system-out><![CDATA[]]></system-out>
  <system-err><![CDATA[]]></system-err>
</testsuite>
