<?xml version="1.0" encoding="UTF-8"?>
<testsuite name="com.dotmarketing.business.DeterministicIdentifierAPITest" tests="16" skipped="0" failures="0" errors="0" timestamp="2023-06-30T17:52:45" hostname="fv-az674-164" time="0.721">
  <properties/>
  <testcase name="Test_Category_Path_Seed_And_Id" classname="com.dotmarketing.business.DeterministicIdentifierAPITest" time="0.02"/>
  <testcase name="Test_Language_Deterministic_Id[0: LanguageTestCase{expectedSeed='Language:es:US', expectedHash=4913155, langCode='es', countryCode='US', country='United States'}]" classname="com.dotmarketing.business.DeterministicIdentifierAPITest" time="0.001"/>
  <testcase name="Test_Language_Deterministic_Id[1: LanguageTestCase{expectedSeed='Language:ep:', expectedHash=5292269, langCode='ep', countryCode='', country=''}]" classname="com.dotmarketing.business.DeterministicIdentifierAPITest" time="0.001"/>
  <testcase name="Test_Language_Deterministic_Id[2: LanguageTestCase{expectedSeed='Language:sg:SAG', expectedHash=4713118, langCode='sg', countryCode='SAG', country=''}]" classname="com.dotmarketing.business.DeterministicIdentifierAPITest" time="0.001"/>
  <testcase name="Test_Language_Deterministic_Id[3: LanguageTestCase{expectedSeed='Language:en:NZ', expectedHash=5382528, langCode='en', countryCode='NZ', country='New Zealand'}]" classname="com.dotmarketing.business.DeterministicIdentifierAPITest" time="0.001"/>
  <testcase name="Test_Category_None_Persisted_Category_Should_Return_Deterministic_Id" classname="com.dotmarketing.business.DeterministicIdentifierAPITest" time="0.002"/>
  <testcase name="Test_Asset_Generate_Deterministic_Id_Best_Effort[0: TestCase{versionable=my.host1688147186659.com, parent=System Host, expectedName='my.host1688147186659.com', expectedType='Host'}]" classname="com.dotmarketing.business.DeterministicIdentifierAPITest" time="0.002"/>
  <testcase name="Test_Asset_Generate_Deterministic_Id_Best_Effort[1: TestCase{versionable=com.dotmarketing.portlets.contentlet.model.Contentlet@5039e7e5[map={modDate=2023-06-30 17:46:27.368, fileName=file3654608146848470231.txt, title=file3654608146848470231.txt, inode=8cd6156d-bd37-4f07-8497-7c759ca6d4f8, __IS_NEW_CONTENT__=true, disabledWYSIWYG=[], host=0bfa9234-309c-4d4a-beb7-6262b123936f, stInode=33888b6f-7a8e-4069-b1b6-5c1aa9d0a48d, owner=system, identifier=d4e9b3ea-89b0-471a-8a33-9cae303ca11a, nullProperties=[wfExpireDate, wfPublishDate, wfActionAssign, wfActionId, wfActionComments, filterKey, whereToSend, wfNeverExpire, _path_to_move, timezoneId, iWantTo, wfPublishTime, wfExpireTime], languageId=1, fileAsset=/home/runner/work/core/custom/assets/8/c/8cd6156d-bd37-4f07-8497-7c759ca6d4f8/fileAsset/file3654608146848470231.txt, folder=8f31cc99-7c98-41ad-8ca9-88743bc1e1e9, __disable_workflow__=true, sortOrder=0, modUser=system},lowIndexPriority=false,variantId=DEFAULT], parent=com.dotmarketing.portlets.folders.model.Folder@6dd2eda[identifier=8f31cc99-7c98-41ad-8ca9-88743bc1e1e9,name=testName1688147187361,sortOrder=0,showOnMenu=false,hostId=0bfa9234-309c-4d4a-beb7-6262b123936f,type=folder,title=testTitle1688147187361,filesMasks=,defaultFileType=33888b6f-7a8e-4069-b1b6-5c1aa9d0a48d,modDate=2023-06-30 17:46:27.364,owner=&lt;null&gt;,iDate=2023-06-30 17:46:27.364,inode=8f31cc99-7c98-41ad-8ca9-88743bc1e1e9,path=/testName1688147187361/], expectedName='file3654608146848470231.txt', expectedType='FileAsset'}]" classname="com.dotmarketing.business.DeterministicIdentifierAPITest" time="0.003"/>
  <testcase name="Test_Asset_Generate_Deterministic_Id_Best_Effort[2: TestCase{versionable=com.dotmarketing.portlets.templates.model.Template@50c97bab, parent=my.host1688147186659.com, expectedName='testTitle1688147187464', expectedType='Template'}]" classname="com.dotmarketing.business.DeterministicIdentifierAPITest" time="0.002"/>
  <testcase name="Test_Asset_Generate_Deterministic_Id_Best_Effort[3: TestCase{versionable=com.dotmarketing.portlets.htmlpageasset.model.HTMLPageAsset@3081f9a8[map={template=6d008d6d-158f-4aaf-a9e9-c324fa2ef8f3, owner=system, identifier=a8db9c12-7a6d-47d9-aec7-ce1598b3ffcc, nullProperties=[wfExpireDate, wfPublishDate, wfActionAssign, wfActionId, wfActionComments, filterKey, whereToSend, wfNeverExpire, _path_to_move, timezoneId, iWantTo, wfPublishTime, wfExpireTime], modDate=2023-06-30 17:46:27.481, cachettl=0, _is_test_mode=true, languageId=1, title=test-page-title-1688147187476, httpsreq=, url=test-page-url-1688147187476, showOnMenu=, inode=f40a0b27-7df1-45fa-a1c4-1d36d1b56a8d, folder=8f31cc99-7c98-41ad-8ca9-88743bc1e1e9, disabledWYSIWYG=[], sortOrder=1, modUser=system, host=0bfa9234-309c-4d4a-beb7-6262b123936f, stInode=c541abb1-69b3-4bc5-8430-5e09e5239cc8, friendlyName=test-page-friendly-name-1688147187476},lowIndexPriority=false,variantId=DEFAULT], parent=com.dotmarketing.portlets.folders.model.Folder@6dd2eda[identifier=8f31cc99-7c98-41ad-8ca9-88743bc1e1e9,name=testName1688147187361,sortOrder=0,showOnMenu=false,hostId=0bfa9234-309c-4d4a-beb7-6262b123936f,type=folder,title=testTitle1688147187361,filesMasks=,defaultFileType=33888b6f-7a8e-4069-b1b6-5c1aa9d0a48d,modDate=2023-06-30 17:46:27.364,owner=&lt;null&gt;,iDate=2023-06-30 17:46:27.364,inode=8f31cc99-7c98-41ad-8ca9-88743bc1e1e9,path=/testName1688147187361/], expectedName='test-page-url-1688147187476', expectedType='htmlpageasset'}]" classname="com.dotmarketing.business.DeterministicIdentifierAPITest" time="0.002"/>
  <testcase name="Test_Asset_Generate_Deterministic_Id_Best_Effort[4: TestCase{versionable=com.dotmarketing.portlets.contentlet.model.Contentlet@46570910[map={fileAsset2=/home/runner/work/core/custom/assets/0/c/0cb5bcfb-b2ac-4442-a77f-1368b030e50d/fileAsset2/test_binary1688147188347.png, modDate=2023-06-30 17:46:28.351, fileAsset1=/home/runner/work/core/custom/assets/0/c/0cb5bcfb-b2ac-4442-a77f-1368b030e50d/fileAsset1/test_binary1688147188347.jpg, title=blah, inode=0cb5bcfb-b2ac-4442-a77f-1368b030e50d, __IS_NEW_CONTENT__=true, disabledWYSIWYG=[], host=48190c8c-42c4-46af-8d1a-0cd5db894797, stInode=bdcee6fc-0955-4844-bc9e-9f084a23c64d, owner=system, identifier=098a3233-0bbd-420d-a779-8dc4170841f2, nullProperties=[], languageId=1, image1=036548a7-61d2-473b-a8b3-9ee9bf069377, folder=SYSTEM_FOLDER, __disable_workflow__=true, sortOrder=0, modUser=system},lowIndexPriority=false,variantId=DEFAULT], parent=demo.dotcms.com, expectedName='test_binary1688147188347.jpg:test_binary1688147188347.png', expectedType='MultipleBinaries1688147187663'}]" classname="com.dotmarketing.business.DeterministicIdentifierAPITest" time="0.002"/>
  <testcase name="Test_Asset_Generate_Deterministic_Id_Best_Effort[5: TestCase{versionable=name6e41ec821b : keyTag6e41ec821b, parent=my.host1688147186659.com, expectedName='keyTag6e41ec821b', expectedType='persona'}]" classname="com.dotmarketing.business.DeterministicIdentifierAPITest" time="0.003"/>
  <testcase name="Test_Similar_Content_Type_Wont_Clash" classname="com.dotmarketing.business.DeterministicIdentifierAPITest" time="0.423"/>
  <testcase name="Test_Generate_Folder_Identifier" classname="com.dotmarketing.business.DeterministicIdentifierAPITest" time="0.248"/>
  <testcase name="Test_Generate_Content_Type_Identifier[0: ContentTypeTestCase{contentType=KeyValueContentType{name=Language Variable, id=f4d7c1b8-2c88-4071-abf1-a5328977b07d, description=Default Content Type for Language Variables, defaultType=false, fixed=true, iDate=Thu Aug 31 16:38:49 UTC 2017, system=true, versionable=true, variable=Languagevariable, modDate=Fri Jun 30 16:40:46 UTC 2023, host=SYSTEM_HOST, siteName=systemHost, icon=language, sortOrder=0, folder=SYSTEM_FOLDER, folderPath=/, markedForDeletion=true, multilingualable=false}, expectedName='Languagevariable', expectedType='KeyValue'}]" classname="com.dotmarketing.business.DeterministicIdentifierAPITest" time="0.004"/>
  <testcase name="Test_Generate_Content_Type_Identifier[1: ContentTypeTestCase{contentType=SimpleContentType{name=testName1688147188748, id=3c8fd0bc-201a-479a-832c-61e3c553fb3f, description=testDescription1688147188748, defaultType=false, fixed=false, iDate=Fri Jun 30 17:46:28 UTC 2023, system=false, versionable=true, multilingualable=false, variable=testVarname1688147188748, owner=system, modDate=Fri Jun 30 17:46:30 UTC 2023, host=48190c8c-42c4-46af-8d1a-0cd5db894797, siteName=demo.dotcms.com, icon=event_note, sortOrder=0, folder=SYSTEM_FOLDER, folderPath=/, requiredFields=[], markedForDeletion=false}, expectedName='testVarname1688147188748', expectedType='CONTENT'}]" classname="com.dotmarketing.business.DeterministicIdentifierAPITest" time="0.004"/>
  <system-out><![CDATA[]]></system-out>
  <system-err><![CDATA[]]></system-err>
</testsuite>
