<?xml version="1.0" encoding="UTF-8"?>
<testsuite name="com.liferay.portal.ejb.UserLocalManagerTest" tests="4" skipped="0" failures="0" errors="0" timestamp="2023-07-10T22:19:17" hostname="fv-az620-40" time="3.846">
  <properties/>
  <testcase name="testInvalidFirstName" classname="com.liferay.portal.ejb.UserLocalManagerTest" time="1.089"/>
  <testcase name="testValidName" classname="com.liferay.portal.ejb.UserLocalManagerTest" time="0.911"/>
  <testcase name="test_user_id_is_UUID" classname="com.liferay.portal.ejb.UserLocalManagerTest" time="0.95"/>
  <testcase name="testInvalidLastName" classname="com.liferay.portal.ejb.UserLocalManagerTest" time="0.894"/>
  <system-out><![CDATA[]]></system-out>
  <system-err><![CDATA[]]></system-err>
</testsuite>
