<?xml version="1.0" encoding="UTF-8"?>
<testsuite name="com.dotcms.storage.repository.HashedLocalFileRepositoryManagerTest" tests="2" skipped="0" failures="0" errors="0" timestamp="2023-07-13T22:16:48" hostname="fv-az717-983" time="0.007">
  <properties/>
  <testcase name="test_normalizeFileInSubDirectoryAndFile" classname="com.dotcms.storage.repository.HashedLocalFileRepositoryManagerTest" time="0.004"/>
  <testcase name="test_GetOrCreate_and_Exits_" classname="com.dotcms.storage.repository.HashedLocalFileRepositoryManagerTest" time="0.003"/>
  <system-out><![CDATA[]]></system-out>
  <system-err><![CDATA[]]></system-err>
</testsuite>
