<?xml version="1.0" encoding="UTF-8"?>
<testsuite name="com.dotcms.contenttype.test.ContentResourceTest" tests="52" skipped="0" failures="0" errors="0" timestamp="2023-07-03T21:02:18" hostname="fv-az351-989" time="167.491">
  <properties/>
  <testcase name="testGetContentShouldReturnIconDetails" classname="com.dotcms.contenttype.test.ContentResourceTest" time="1.776"/>
  <testcase name="Test_Save_Action_Set_Words_To_Required_NumericField_Issue_15340" classname="com.dotcms.contenttype.test.ContentResourceTest" time="1.014"/>
  <testcase name="test_getContent_includeGrandChildCategory_success" classname="com.dotcms.contenttype.test.ContentResourceTest" time="1.508"/>
  <testcase name="testGetContentWithRelatedParameter[0: com.dotcms.contenttype.test.ContentResourceTest$PullRelatedTestCase@79ff5f0b]" classname="com.dotcms.contenttype.test.ContentResourceTest" time="4.712"/>
  <testcase name="testGetContentWithRelatedParameter[1: com.dotcms.contenttype.test.ContentResourceTest$PullRelatedTestCase@4e9de83c]" classname="com.dotcms.contenttype.test.ContentResourceTest" time="4.412"/>
  <testcase name="testGetContentWithRelatedParameter[2: com.dotcms.contenttype.test.ContentResourceTest$PullRelatedTestCase@7c773f6c]" classname="com.dotcms.contenttype.test.ContentResourceTest" time="4.623"/>
  <testcase name="testGetContentWithRelatedParameter[3: com.dotcms.contenttype.test.ContentResourceTest$PullRelatedTestCase@29df0bbe]" classname="com.dotcms.contenttype.test.ContentResourceTest" time="4.498"/>
  <testcase name="testGetContentWithRelatedParameter[4: com.dotcms.contenttype.test.ContentResourceTest$PullRelatedTestCase@2a5b1e89]" classname="com.dotcms.contenttype.test.ContentResourceTest" time="4.352"/>
  <testcase name="test_getContent_SelfRelatedWith3LevelsOfDepth_shouldReturnRelationships" classname="com.dotcms.contenttype.test.ContentResourceTest" time="1.587"/>
  <testcase name="Test_Save_Action_Send_Fields_SubSet_Issue_15340" classname="com.dotcms.contenttype.test.ContentResourceTest" time="2.114"/>
  <testcase name="test_getContent_shouldReturnRelationships[0: com.dotcms.contenttype.test.ContentResourceTest$TestCase@ba6cff6]" classname="com.dotcms.contenttype.test.ContentResourceTest" time="3.332"/>
  <testcase name="test_getContent_shouldReturnRelationships[1: com.dotcms.contenttype.test.ContentResourceTest$TestCase@4eef1db1]" classname="com.dotcms.contenttype.test.ContentResourceTest" time="2.321"/>
  <testcase name="test_getContent_shouldReturnRelationships[2: com.dotcms.contenttype.test.ContentResourceTest$TestCase@1f3c7d29]" classname="com.dotcms.contenttype.test.ContentResourceTest" time="3.334"/>
  <testcase name="test_getContent_shouldReturnRelationships[3: com.dotcms.contenttype.test.ContentResourceTest$TestCase@6d619711]" classname="com.dotcms.contenttype.test.ContentResourceTest" time="3.691"/>
  <testcase name="test_getContent_shouldReturnRelationships[4: com.dotcms.contenttype.test.ContentResourceTest$TestCase@50853c34]" classname="com.dotcms.contenttype.test.ContentResourceTest" time="3.534"/>
  <testcase name="test_getContent_shouldReturnRelationships[5: com.dotcms.contenttype.test.ContentResourceTest$TestCase@6631a100]" classname="com.dotcms.contenttype.test.ContentResourceTest" time="3.575"/>
  <testcase name="test_getContent_shouldReturnRelationships[6: com.dotcms.contenttype.test.ContentResourceTest$TestCase@1a985dda]" classname="com.dotcms.contenttype.test.ContentResourceTest" time="3.641"/>
  <testcase name="test_getContent_shouldReturnRelationships[7: com.dotcms.contenttype.test.ContentResourceTest$TestCase@7b208887]" classname="com.dotcms.contenttype.test.ContentResourceTest" time="3.452"/>
  <testcase name="test_getContent_shouldReturnRelationships[8: com.dotcms.contenttype.test.ContentResourceTest$TestCase@23d6f4b]" classname="com.dotcms.contenttype.test.ContentResourceTest" time="3.483"/>
  <testcase name="test_getContent_shouldReturnRelationships[9: com.dotcms.contenttype.test.ContentResourceTest$TestCase@696fe7ad]" classname="com.dotcms.contenttype.test.ContentResourceTest" time="2.717"/>
  <testcase name="test_getContent_shouldReturnRelationships[10: com.dotcms.contenttype.test.ContentResourceTest$TestCase@314101d7]" classname="com.dotcms.contenttype.test.ContentResourceTest" time="3.265"/>
  <testcase name="test_getContent_shouldReturnRelationships[11: com.dotcms.contenttype.test.ContentResourceTest$TestCase@4edac3c8]" classname="com.dotcms.contenttype.test.ContentResourceTest" time="3.313"/>
  <testcase name="test_getContent_shouldReturnRelationships[12: com.dotcms.contenttype.test.ContentResourceTest$TestCase@27f4ba6f]" classname="com.dotcms.contenttype.test.ContentResourceTest" time="3.28"/>
  <testcase name="test_getContent_shouldReturnRelationships[13: com.dotcms.contenttype.test.ContentResourceTest$TestCase@313063b3]" classname="com.dotcms.contenttype.test.ContentResourceTest" time="3.24"/>
  <testcase name="test_getContent_shouldReturnRelationships[14: com.dotcms.contenttype.test.ContentResourceTest$TestCase@8c683fb]" classname="com.dotcms.contenttype.test.ContentResourceTest" time="3.272"/>
  <testcase name="test_getContent_shouldReturnRelationships[15: com.dotcms.contenttype.test.ContentResourceTest$TestCase@109ac5a8]" classname="com.dotcms.contenttype.test.ContentResourceTest" time="4.38"/>
  <testcase name="test_getContent_shouldReturnRelationships[16: com.dotcms.contenttype.test.ContentResourceTest$TestCase@123f3216]" classname="com.dotcms.contenttype.test.ContentResourceTest" time="4.44"/>
  <testcase name="test_getContent_shouldReturnRelationships[17: com.dotcms.contenttype.test.ContentResourceTest$TestCase@2020e619]" classname="com.dotcms.contenttype.test.ContentResourceTest" time="3.702"/>
  <testcase name="test_getContent_shouldReturnRelationships[18: com.dotcms.contenttype.test.ContentResourceTest$TestCase@1cc560bd]" classname="com.dotcms.contenttype.test.ContentResourceTest" time="2.59"/>
  <testcase name="test_getContent_shouldReturnRelationships[19: com.dotcms.contenttype.test.ContentResourceTest$TestCase@5a345108]" classname="com.dotcms.contenttype.test.ContentResourceTest" time="3.662"/>
  <testcase name="test_getContent_shouldReturnRelationships[20: com.dotcms.contenttype.test.ContentResourceTest$TestCase@317077da]" classname="com.dotcms.contenttype.test.ContentResourceTest" time="3.922"/>
  <testcase name="test_getContent_shouldReturnRelationships[21: com.dotcms.contenttype.test.ContentResourceTest$TestCase@16475fc3]" classname="com.dotcms.contenttype.test.ContentResourceTest" time="3.826"/>
  <testcase name="test_getContent_shouldReturnRelationships[22: com.dotcms.contenttype.test.ContentResourceTest$TestCase@21b0053e]" classname="com.dotcms.contenttype.test.ContentResourceTest" time="3.452"/>
  <testcase name="test_getContent_shouldReturnRelationships[23: com.dotcms.contenttype.test.ContentResourceTest$TestCase@59f4bc11]" classname="com.dotcms.contenttype.test.ContentResourceTest" time="3.618"/>
  <testcase name="test_getContent_shouldReturnRelationships[24: com.dotcms.contenttype.test.ContentResourceTest$TestCase@6b08de52]" classname="com.dotcms.contenttype.test.ContentResourceTest" time="3.599"/>
  <testcase name="test_getContent_shouldReturnRelationships[25: com.dotcms.contenttype.test.ContentResourceTest$TestCase@471d2db7]" classname="com.dotcms.contenttype.test.ContentResourceTest" time="3.973"/>
  <testcase name="test_getContent_shouldReturnRelationships[26: com.dotcms.contenttype.test.ContentResourceTest$TestCase@66a5599f]" classname="com.dotcms.contenttype.test.ContentResourceTest" time="3.729"/>
  <testcase name="test_getContent_shouldReturnRelationships[27: com.dotcms.contenttype.test.ContentResourceTest$TestCase@1a4d656e]" classname="com.dotcms.contenttype.test.ContentResourceTest" time="3.667"/>
  <testcase name="test_getContent_shouldReturnRelationships[28: com.dotcms.contenttype.test.ContentResourceTest$TestCase@379ad23b]" classname="com.dotcms.contenttype.test.ContentResourceTest" time="3.439"/>
  <testcase name="test_getContent_shouldReturnRelationships[29: com.dotcms.contenttype.test.ContentResourceTest$TestCase@19c431ea]" classname="com.dotcms.contenttype.test.ContentResourceTest" time="3.609"/>
  <testcase name="test_getContent_shouldReturnRelationships[30: com.dotcms.contenttype.test.ContentResourceTest$TestCase@5561faec]" classname="com.dotcms.contenttype.test.ContentResourceTest" time="3.458"/>
  <testcase name="test_getContent_shouldReturnRelationships[31: com.dotcms.contenttype.test.ContentResourceTest$TestCase@2476933b]" classname="com.dotcms.contenttype.test.ContentResourceTest" time="3.6"/>
  <testcase name="test_getContent_shouldReturnRelationships[32: com.dotcms.contenttype.test.ContentResourceTest$TestCase@459c8684]" classname="com.dotcms.contenttype.test.ContentResourceTest" time="4.536"/>
  <testcase name="test_getContent_shouldReturnRelationships[33: com.dotcms.contenttype.test.ContentResourceTest$TestCase@7defa4bc]" classname="com.dotcms.contenttype.test.ContentResourceTest" time="4.682"/>
  <testcase name="testSinglePOST_InvalidParamsShouldReturn400[0: ({\n    &quot;stInode&quot; : &quot;InvalidValue&quot;,\n    &quot;numeric&quot; : &quot;0&quot;,\n    &quot;image&quot; : &quot;whatever&quot;\n}, Bad Request)]" classname="com.dotcms.contenttype.test.ContentResourceTest" time="1.029"/>
  <testcase name="testSinglePOST_InvalidParamsShouldReturn400[1: ({\n    &quot;numeric&quot; : &quot;0&quot;,\n    &quot;image&quot; : &quot;whatever&quot;\n}, Bad Request)]" classname="com.dotcms.contenttype.test.ContentResourceTest" time="0.974"/>
  <testcase name="Test_Save_Action_Set_Null_To_Required_NumericField_Issue_15340" classname="com.dotcms.contenttype.test.ContentResourceTest" time="1.024"/>
  <testcase name="Test_Save_Action_Remove_Image_Then_Verify_Fields_Were_Cleared_Issue_15340" classname="com.dotcms.contenttype.test.ContentResourceTest" time="4.053"/>
  <testcase name="test_getContentWithMultipleSelfRelated_shouldReturnRelationships[0: com.dotcms.contenttype.test.ContentResourceTest$PullSelfRelatedTestCase@377c37f7]" classname="com.dotcms.contenttype.test.ContentResourceTest" time="1.947"/>
  <testcase name="test_getContentWithMultipleSelfRelated_shouldReturnRelationships[1: com.dotcms.contenttype.test.ContentResourceTest$PullSelfRelatedTestCase@16752f3a]" classname="com.dotcms.contenttype.test.ContentResourceTest" time="1.943"/>
  <testcase name="testGetContentWithAllCategoriesInfo[0: json]" classname="com.dotcms.contenttype.test.ContentResourceTest" time="2.762"/>
  <testcase name="testGetContentWithAllCategoriesInfo[1: xml]" classname="com.dotcms.contenttype.test.ContentResourceTest" time="1.826"/>
  <system-out><![CDATA[











]]></system-out>
  <system-err><![CDATA[]]></system-err>
</testsuite>
