<?xml version="1.0" encoding="UTF-8"?>
<testsuite name="com.dotmarketing.business.DeterministicIdentifierAPITest" tests="16" skipped="0" failures="0" errors="0" timestamp="2023-06-30T20:36:45" hostname="fv-az1025-316" time="1.547">
  <properties/>
  <testcase name="Test_Category_Path_Seed_And_Id" classname="com.dotmarketing.business.DeterministicIdentifierAPITest" time="0.02"/>
  <testcase name="Test_Language_Deterministic_Id[0: LanguageTestCase{expectedSeed='Language:es:US', expectedHash=4913155, langCode='es', countryCode='US', country='United States'}]" classname="com.dotmarketing.business.DeterministicIdentifierAPITest" time="0.001"/>
  <testcase name="Test_Language_Deterministic_Id[1: LanguageTestCase{expectedSeed='Language:ep:', expectedHash=5292269, langCode='ep', countryCode='', country=''}]" classname="com.dotmarketing.business.DeterministicIdentifierAPITest" time="0.001"/>
  <testcase name="Test_Language_Deterministic_Id[2: LanguageTestCase{expectedSeed='Language:sg:SAG', expectedHash=4713118, langCode='sg', countryCode='SAG', country=''}]" classname="com.dotmarketing.business.DeterministicIdentifierAPITest" time="0.002"/>
  <testcase name="Test_Language_Deterministic_Id[3: LanguageTestCase{expectedSeed='Language:en:NZ', expectedHash=5382528, langCode='en', countryCode='NZ', country='New Zealand'}]" classname="com.dotmarketing.business.DeterministicIdentifierAPITest" time="0.001"/>
  <testcase name="Test_Category_None_Persisted_Category_Should_Return_Deterministic_Id" classname="com.dotmarketing.business.DeterministicIdentifierAPITest" time="0.001"/>
  <testcase name="Test_Asset_Generate_Deterministic_Id_Best_Effort[0: TestCase{versionable=my.host1688157024576.com, parent=System Host, expectedName='my.host1688157024576.com', expectedType='Host'}]" classname="com.dotmarketing.business.DeterministicIdentifierAPITest" time="0.003"/>
  <testcase name="Test_Asset_Generate_Deterministic_Id_Best_Effort[1: TestCase{versionable=com.dotmarketing.portlets.contentlet.model.Contentlet@4d6d7051[map={modDate=2023-06-30 20:30:25.406, fileName=file6141512994914598549.txt, title=file6141512994914598549.txt, inode=1be8d38f-0e5c-42b6-9b94-111eaf937f6e, __IS_NEW_CONTENT__=true, disabledWYSIWYG=[], host=70382247-cc95-44e8-ba89-16f1bf86bb16, stInode=33888b6f-7a8e-4069-b1b6-5c1aa9d0a48d, owner=system, identifier=01dafbe2-c2ae-4bde-9198-cc934108262b, nullProperties=[wfExpireDate, wfPublishDate, wfActionAssign, wfActionId, wfActionComments, filterKey, whereToSend, wfNeverExpire, _path_to_move, timezoneId, iWantTo, wfPublishTime, wfExpireTime], languageId=1, fileAsset=/home/runner/work/core/custom/assets/1/b/1be8d38f-0e5c-42b6-9b94-111eaf937f6e/fileAsset/file6141512994914598549.txt, folder=ce9d62b0-c7c1-40b4-8914-ef1cbd3b1d3b, __disable_workflow__=true, sortOrder=0, modUser=system},lowIndexPriority=false,variantId=DEFAULT], parent=com.dotmarketing.portlets.folders.model.Folder@2c95b21d[identifier=ce9d62b0-c7c1-40b4-8914-ef1cbd3b1d3b,name=testName1688157025399,sortOrder=0,showOnMenu=false,hostId=70382247-cc95-44e8-ba89-16f1bf86bb16,type=folder,title=testTitle1688157025399,filesMasks=,defaultFileType=33888b6f-7a8e-4069-b1b6-5c1aa9d0a48d,modDate=2023-06-30 20:30:25.402,owner=&lt;null&gt;,iDate=2023-06-30 20:30:25.402,inode=ce9d62b0-c7c1-40b4-8914-ef1cbd3b1d3b,path=/testName1688157025399/], expectedName='file6141512994914598549.txt', expectedType='FileAsset'}]" classname="com.dotmarketing.business.DeterministicIdentifierAPITest" time="0.004"/>
  <testcase name="Test_Asset_Generate_Deterministic_Id_Best_Effort[2: TestCase{versionable=com.dotmarketing.portlets.templates.model.Template@413a99d7, parent=my.host1688157024576.com, expectedName='testTitle1688157025497', expectedType='Template'}]" classname="com.dotmarketing.business.DeterministicIdentifierAPITest" time="0.003"/>
  <testcase name="Test_Asset_Generate_Deterministic_Id_Best_Effort[3: TestCase{versionable=com.dotmarketing.portlets.htmlpageasset.model.HTMLPageAsset@2a986bb8[map={template=fddcb12d-0523-4ecd-9826-a3c466e50c2d, owner=system, identifier=cb56af5a-4777-468a-88fa-fad607246295, nullProperties=[wfExpireDate, wfPublishDate, wfActionAssign, wfActionId, wfActionComments, filterKey, whereToSend, wfNeverExpire, _path_to_move, timezoneId, iWantTo, wfPublishTime, wfExpireTime], modDate=2023-06-30 20:30:25.513, cachettl=0, _is_test_mode=true, languageId=1, title=test-page-title-1688157025508, httpsreq=, url=test-page-url-1688157025508, showOnMenu=, inode=2a59e044-2d4e-41ed-aa18-b1e2ffb8cc83, folder=ce9d62b0-c7c1-40b4-8914-ef1cbd3b1d3b, disabledWYSIWYG=[], sortOrder=1, modUser=system, host=70382247-cc95-44e8-ba89-16f1bf86bb16, stInode=c541abb1-69b3-4bc5-8430-5e09e5239cc8, friendlyName=test-page-friendly-name-1688157025508},lowIndexPriority=false,variantId=DEFAULT], parent=com.dotmarketing.portlets.folders.model.Folder@2c95b21d[identifier=ce9d62b0-c7c1-40b4-8914-ef1cbd3b1d3b,name=testName1688157025399,sortOrder=0,showOnMenu=false,hostId=70382247-cc95-44e8-ba89-16f1bf86bb16,type=folder,title=testTitle1688157025399,filesMasks=,defaultFileType=33888b6f-7a8e-4069-b1b6-5c1aa9d0a48d,modDate=2023-06-30 20:30:25.402,owner=&lt;null&gt;,iDate=2023-06-30 20:30:25.402,inode=ce9d62b0-c7c1-40b4-8914-ef1cbd3b1d3b,path=/testName1688157025399/], expectedName='test-page-url-1688157025508', expectedType='htmlpageasset'}]" classname="com.dotmarketing.business.DeterministicIdentifierAPITest" time="0.003"/>
  <testcase name="Test_Asset_Generate_Deterministic_Id_Best_Effort[4: TestCase{versionable=com.dotmarketing.portlets.contentlet.model.Contentlet@37318d31[map={fileAsset2=/home/runner/work/core/custom/assets/0/2/02906acb-aee9-4df0-b716-5973ab6cc1c4/fileAsset2/test_binary1688157026383.png, modDate=2023-06-30 20:30:26.388, fileAsset1=/home/runner/work/core/custom/assets/0/2/02906acb-aee9-4df0-b716-5973ab6cc1c4/fileAsset1/test_binary1688157026383.jpg, title=blah, inode=02906acb-aee9-4df0-b716-5973ab6cc1c4, __IS_NEW_CONTENT__=true, disabledWYSIWYG=[], host=48190c8c-42c4-46af-8d1a-0cd5db894797, stInode=bba33b5d-a6d4-4606-8033-24ba3144b490, owner=system, identifier=7f51c00f-29e5-4a8d-aa32-ce29acd542b0, nullProperties=[], languageId=1, image1=78895832-3389-4584-a8f0-99590918e72e, folder=SYSTEM_FOLDER, __disable_workflow__=true, sortOrder=0, modUser=system},lowIndexPriority=false,variantId=DEFAULT], parent=demo.dotcms.com, expectedName='test_binary1688157026383.jpg:test_binary1688157026383.png', expectedType='MultipleBinaries1688157025661'}]" classname="com.dotmarketing.business.DeterministicIdentifierAPITest" time="0.005"/>
  <testcase name="Test_Asset_Generate_Deterministic_Id_Best_Effort[5: TestCase{versionable=name30fc671287 : keyTag30fc671287, parent=my.host1688157024576.com, expectedName='keyTag30fc671287', expectedType='persona'}]" classname="com.dotmarketing.business.DeterministicIdentifierAPITest" time="0.002"/>
  <testcase name="Test_Similar_Content_Type_Wont_Clash" classname="com.dotmarketing.business.DeterministicIdentifierAPITest" time="0.415"/>
  <testcase name="Test_Generate_Folder_Identifier" classname="com.dotmarketing.business.DeterministicIdentifierAPITest" time="1.073"/>
  <testcase name="Test_Generate_Content_Type_Identifier[0: ContentTypeTestCase{contentType=KeyValueContentType{name=Language Variable, id=f4d7c1b8-2c88-4071-abf1-a5328977b07d, description=Default Content Type for Language Variables, defaultType=false, fixed=true, iDate=Thu Aug 31 16:38:49 UTC 2017, system=true, versionable=true, variable=Languagevariable, modDate=Fri Jun 30 19:24:17 UTC 2023, host=SYSTEM_HOST, siteName=systemHost, icon=language, sortOrder=0, folder=SYSTEM_FOLDER, folderPath=/, markedForDeletion=true, multilingualable=false}, expectedName='Languagevariable', expectedType='KeyValue'}]" classname="com.dotmarketing.business.DeterministicIdentifierAPITest" time="0.005"/>
  <testcase name="Test_Generate_Content_Type_Identifier[1: ContentTypeTestCase{contentType=SimpleContentType{name=testName1688157026749, id=70e015b8-0941-40ee-b912-b403a14b1c62, description=testDescription1688157026749, defaultType=false, fixed=false, iDate=Fri Jun 30 20:30:26 UTC 2023, system=false, versionable=true, multilingualable=false, variable=testVarname1688157026749, owner=system, modDate=Fri Jun 30 20:30:27 UTC 2023, host=48190c8c-42c4-46af-8d1a-0cd5db894797, siteName=demo.dotcms.com, icon=event_note, sortOrder=0, folder=SYSTEM_FOLDER, folderPath=/, requiredFields=[], markedForDeletion=false}, expectedName='testVarname1688157026749', expectedType='CONTENT'}]" classname="com.dotmarketing.business.DeterministicIdentifierAPITest" time="0.005"/>
  <system-out><![CDATA[]]></system-out>
  <system-err><![CDATA[]]></system-err>
</testsuite>
