<?xml version="1.0" encoding="UTF-8"?>
<testsuite name="com.dotcms.rest.TagResourceIntegrationTest" tests="4" skipped="0" failures="0" errors="0" timestamp="2023-07-08T04:56:33" hostname="fv-az436-467" time="0.433">
  <properties/>
  <testcase name="testList[0: com.dotcms.rest.TagResourceTestCase@6b62b8de]" classname="com.dotcms.rest.TagResourceIntegrationTest" time="0.32"/>
  <testcase name="testList[1: com.dotcms.rest.TagResourceTestCase@1145e52a]" classname="com.dotcms.rest.TagResourceIntegrationTest" time="0.05"/>
  <testcase name="testList[2: com.dotcms.rest.TagResourceTestCase@7f2d942f]" classname="com.dotcms.rest.TagResourceIntegrationTest" time="0.027"/>
  <testcase name="testList[3: com.dotcms.rest.TagResourceTestCase@13a0025]" classname="com.dotcms.rest.TagResourceIntegrationTest" time="0.036"/>
  <system-out><![CDATA[]]></system-out>
  <system-err><![CDATA[Jul 08, 2023 4:56:33 AM com.dotcms.repackage.org.hibernate.validator.internal.util.Version <clinit>
INFO: HV000001: Hibernate Validator 4.3.2.Final
]]></system-err>
</testsuite>
