<?xml version="1.0" encoding="UTF-8"?>
<testsuite name="com.dotcms.rest.elasticsearch.ESContentResourcePortletTest" tests="8" skipped="0" failures="0" errors="0" timestamp="2023-06-28T03:38:11" hostname="fv-az256-253" time="11.042">
  <properties/>
  <testcase name="test_search_includeGrandChildCategory_success" classname="com.dotcms.rest.elasticsearch.ESContentResourcePortletTest" time="2.557"/>
  <testcase name="testSearch[0: com.dotcms.rest.elasticsearch.ESContentResourcePortletTest$TestCase@2271b4ae]" classname="com.dotcms.rest.elasticsearch.ESContentResourcePortletTest" time="1.104"/>
  <testcase name="testSearch[1: com.dotcms.rest.elasticsearch.ESContentResourcePortletTest$TestCase@458de365]" classname="com.dotcms.rest.elasticsearch.ESContentResourcePortletTest" time="1.336"/>
  <testcase name="testSearch[2: com.dotcms.rest.elasticsearch.ESContentResourcePortletTest$TestCase@3f9c7d3f]" classname="com.dotcms.rest.elasticsearch.ESContentResourcePortletTest" time="1.146"/>
  <testcase name="testSearch[3: com.dotcms.rest.elasticsearch.ESContentResourcePortletTest$TestCase@34871a6c]" classname="com.dotcms.rest.elasticsearch.ESContentResourcePortletTest" time="1.347"/>
  <testcase name="testSearch[4: com.dotcms.rest.elasticsearch.ESContentResourcePortletTest$TestCase@1b7c1c96]" classname="com.dotcms.rest.elasticsearch.ESContentResourcePortletTest" time="1.394"/>
  <testcase name="testSearch[5: com.dotcms.rest.elasticsearch.ESContentResourcePortletTest$TestCase@31c05257]" classname="com.dotcms.rest.elasticsearch.ESContentResourcePortletTest" time="1.065"/>
  <testcase name="testSearch[6: com.dotcms.rest.elasticsearch.ESContentResourcePortletTest$TestCase@6d69b4d5]" classname="com.dotcms.rest.elasticsearch.ESContentResourcePortletTest" time="1.092"/>
  <system-out><![CDATA[]]></system-out>
  <system-err><![CDATA[]]></system-err>
</testsuite>
