<?xml version="1.0" encoding="UTF-8"?>
<testsuite name="com.dotmarketing.portlets.structure.model.ContentletRelationshipsTest" tests="7" skipped="0" failures="0" errors="0" timestamp="2023-07-18T06:40:24" hostname="fv-az1235-995" time="9.638">
  <properties/>
  <testcase name="testDoesAllowOnlyOne[0: com.dotmarketing.portlets.structure.model.ContentletRelationshipsTest$CardinalityTestCase@3b8bd52b]" classname="com.dotmarketing.portlets.structure.model.ContentletRelationshipsTest" time="0.683"/>
  <testcase name="testDoesAllowOnlyOne[1: com.dotmarketing.portlets.structure.model.ContentletRelationshipsTest$CardinalityTestCase@130c0031]" classname="com.dotmarketing.portlets.structure.model.ContentletRelationshipsTest" time="0.635"/>
  <testcase name="testDoesAllowOnlyOne[2: com.dotmarketing.portlets.structure.model.ContentletRelationshipsTest$CardinalityTestCase@56a799f9]" classname="com.dotmarketing.portlets.structure.model.ContentletRelationshipsTest" time="0.588"/>
  <testcase name="testGetRelationshipRecords[0: com.dotmarketing.portlets.structure.model.ContentletRelationshipsTest$TestCase@586bc009]" classname="com.dotmarketing.portlets.structure.model.ContentletRelationshipsTest" time="1.202"/>
  <testcase name="testGetRelationshipRecords[1: com.dotmarketing.portlets.structure.model.ContentletRelationshipsTest$TestCase@3dac74a2]" classname="com.dotmarketing.portlets.structure.model.ContentletRelationshipsTest" time="2.207"/>
  <testcase name="testGetRelationshipRecords[2: com.dotmarketing.portlets.structure.model.ContentletRelationshipsTest$TestCase@4ed2f6ae]" classname="com.dotmarketing.portlets.structure.model.ContentletRelationshipsTest" time="2.059"/>
  <testcase name="testGetRelationshipRecords[3: com.dotmarketing.portlets.structure.model.ContentletRelationshipsTest$TestCase@2450c6dc]" classname="com.dotmarketing.portlets.structure.model.ContentletRelationshipsTest" time="2.261"/>
  <system-out><![CDATA[]]></system-out>
  <system-err><![CDATA[]]></system-err>
</testsuite>
