<?xml version="1.0" encoding="UTF-8"?>
<testsuite name="com.dotcms.filters.VanityUrlFilterTest" tests="6" skipped="0" failures="0" errors="0" timestamp="2023-06-29T05:46:05" hostname="fv-az343-696" time="29.125">
  <properties/>
  <testcase name="test_that_vanity_url_filter_handles_proxy_requests" classname="com.dotcms.filters.VanityUrlFilterTest" time="5.053"/>
  <testcase name="test_cache_flush_does_not_break_vanities" classname="com.dotcms.filters.VanityUrlFilterTest" time="4.823"/>
  <testcase name="test_vanity_trailing_slash_200_success" classname="com.dotcms.filters.VanityUrlFilterTest" time="4.796"/>
  <testcase name="test_that_vanity_url_filter_adds_vanity_as_request_attribute" classname="com.dotcms.filters.VanityUrlFilterTest" time="4.897"/>
  <testcase name="test_vanity_trailing_slash_301_success" classname="com.dotcms.filters.VanityUrlFilterTest" time="4.717"/>
  <testcase name="test_that_vanity_url_filter_handles_redirects" classname="com.dotcms.filters.VanityUrlFilterTest" time="4.839"/>
  <system-out><![CDATA[]]></system-out>
  <system-err><![CDATA[]]></system-err>
</testsuite>
