<?xml version="1.0" encoding="UTF-8"?>
<testsuite name="com.dotmarketing.startup.runonce.Task210316UpdateLayoutIconsTest" tests="1" skipped="0" failures="0" errors="0" timestamp="2023-07-18T19:12:15" hostname="fv-az803-421" time="0.02">
  <properties/>
  <testcase name="test_upgradeTask" classname="com.dotmarketing.startup.runonce.Task210316UpdateLayoutIconsTest" time="0.02"/>
  <system-out><![CDATA[]]></system-out>
  <system-err><![CDATA[]]></system-err>
</testsuite>
