<?xml version="1.0" encoding="UTF-8"?>
<testsuite name="com.dotcms.contenttype.model.field.layout.FieldLayoutTest" tests="24" skipped="0" failures="0" errors="0" timestamp="2023-06-30T18:59:08" hostname="fv-az360-832" time="0.519">
  <properties/>
  <testcase name="shouldFixSortOrder" classname="com.dotcms.contenttype.model.field.layout.FieldLayoutTest" time="0.121"/>
  <testcase name="shouldReturnNullContentTypeInternationalizationWhenItIsNotSet" classname="com.dotcms.contenttype.model.field.layout.FieldLayoutTest" time="0.002"/>
  <testcase name="shouldFixLayoutValidationExceptionWhenHasColumnWithoutRow" classname="com.dotcms.contenttype.model.field.layout.FieldLayoutTest" time="0.007"/>
  <testcase name="shouldFixLayoutValidationExceptionWhenHasTabFieldWithoutRows" classname="com.dotcms.contenttype.model.field.layout.FieldLayoutTest" time="0.037"/>
  <testcase name="shouldCreateFieldLayoutAndNotThrowException" classname="com.dotcms.contenttype.model.field.layout.FieldLayoutTest" time="0.166"/>
  <testcase name="shouldAddNewFieldAndThrowException" classname="com.dotcms.contenttype.model.field.layout.FieldLayoutTest" time="0.013"/>
  <testcase name="shouldThrowFieldLayoutValidationExceptionWhenHasColumnWithoutRow" classname="com.dotcms.contenttype.model.field.layout.FieldLayoutTest" time="0.002"/>
  <testcase name="shouldRemoveFieldsAndNotThrowException" classname="com.dotcms.contenttype.model.field.layout.FieldLayoutTest" time="0.009"/>
  <testcase name="shouldreturnContentTypeInternationalizationWhenItIsSet" classname="com.dotcms.contenttype.model.field.layout.FieldLayoutTest" time="0.01"/>
  <testcase name="shouldMoveFieldAndThrowException" classname="com.dotcms.contenttype.model.field.layout.FieldLayoutTest" time="0.003"/>
  <testcase name="shouldCreateFieldLayout" classname="com.dotcms.contenttype.model.field.layout.FieldLayoutTest" time="0.002"/>
  <testcase name="shouldFixLayoutValidationExceptionWhenHasFieldsWithoutRows" classname="com.dotcms.contenttype.model.field.layout.FieldLayoutTest" time="0.009"/>
  <testcase name="shouldThrowWhenSortOrderIsNorRight" classname="com.dotcms.contenttype.model.field.layout.FieldLayoutTest" time="0.071"/>
  <testcase name="shouldMoveFieldBackward" classname="com.dotcms.contenttype.model.field.layout.FieldLayoutTest" time="0.013"/>
  <testcase name="shouldAddNewField" classname="com.dotcms.contenttype.model.field.layout.FieldLayoutTest" time="0.011"/>
  <testcase name="shouldCreateFieldLayoutWithTabDivider" classname="com.dotcms.contenttype.model.field.layout.FieldLayoutTest" time="0.004"/>
  <testcase name="shouldThrowFieldLayoutValidationExceptionWhenHasFieldsWithoutRows" classname="com.dotcms.contenttype.model.field.layout.FieldLayoutTest" time="0.002"/>
  <testcase name="shouldCreateFieldLayoutWhenHasMoreThanOneTabDividerInRow" classname="com.dotcms.contenttype.model.field.layout.FieldLayoutTest" time="0.004"/>
  <testcase name="shouldMoveFieldForward" classname="com.dotcms.contenttype.model.field.layout.FieldLayoutTest" time="0.01"/>
  <testcase name="shouldThrowFieldLayoutValidationExceptionWhenHasRowsWithoutColumn" classname="com.dotcms.contenttype.model.field.layout.FieldLayoutTest" time="0.002"/>
  <testcase name="shouldRemoveFieldsAndThrowException" classname="com.dotcms.contenttype.model.field.layout.FieldLayoutTest" time="0.005"/>
  <testcase name="shouldThrowFieldLayoutValidationExceptionWhenHasTabFieldWithoutRows" classname="com.dotcms.contenttype.model.field.layout.FieldLayoutTest" time="0.002"/>
  <testcase name="shouldThrowFieldLayoutValidationExceptionWhenHasRowWithoutColumn" classname="com.dotcms.contenttype.model.field.layout.FieldLayoutTest" time="0.002"/>
  <testcase name="shouldFixLayoutWhenHasRowWithoutColumn" classname="com.dotcms.contenttype.model.field.layout.FieldLayoutTest" time="0.004"/>
  <system-out><![CDATA[]]></system-out>
  <system-err><![CDATA[]]></system-err>
</testsuite>
