<?xml version="1.0" encoding="UTF-8"?>
<testsuite name="com.dotmarketing.portlets.workflows.business.SaveContentDraftActionletTest" tests="2" skipped="0" failures="0" errors="0" timestamp="2023-06-23T19:10:50" hostname="fv-az248-890" time="2.677">
  <properties/>
  <testcase name="saveContentDraftTest" classname="com.dotmarketing.portlets.workflows.business.SaveContentDraftActionletTest" time="1.283"/>
  <testcase name="save_content_draft_test_with_categories_success" classname="com.dotmarketing.portlets.workflows.business.SaveContentDraftActionletTest" time="1.394"/>
  <system-out><![CDATA[]]></system-out>
  <system-err><![CDATA[]]></system-err>
</testsuite>
