<?xml version="1.0" encoding="UTF-8"?>
<testsuite name="com.dotcms.rest.api.v1.vtl.VTLResourceIntegrationTest" tests="6" skipped="0" failures="0" errors="0" timestamp="2023-06-23T23:08:23" hostname="fv-az444-739" time="12.453">
  <properties/>
  <testcase name="testGet[0: com.dotcms.rest.api.v1.vtl.VTLResourceTestCase@267a8362]" classname="com.dotcms.rest.api.v1.vtl.VTLResourceIntegrationTest" time="2.481"/>
  <testcase name="testGet[1: com.dotcms.rest.api.v1.vtl.VTLResourceTestCase@7f2f19ca]" classname="com.dotcms.rest.api.v1.vtl.VTLResourceIntegrationTest" time="2.028"/>
  <testcase name="testGet[2: com.dotcms.rest.api.v1.vtl.VTLResourceTestCase@28168a55]" classname="com.dotcms.rest.api.v1.vtl.VTLResourceIntegrationTest" time="2.085"/>
  <testcase name="testGet[3: com.dotcms.rest.api.v1.vtl.VTLResourceTestCase@24a7e195]" classname="com.dotcms.rest.api.v1.vtl.VTLResourceIntegrationTest" time="1.724"/>
  <testcase name="testGet[4: com.dotcms.rest.api.v1.vtl.VTLResourceTestCase@563407f0]" classname="com.dotcms.rest.api.v1.vtl.VTLResourceIntegrationTest" time="2.017"/>
  <testcase name="testGet[5: com.dotcms.rest.api.v1.vtl.VTLResourceTestCase@5152a5b5]" classname="com.dotcms.rest.api.v1.vtl.VTLResourceIntegrationTest" time="2.117"/>
  <system-out><![CDATA[]]></system-out>
  <system-err><![CDATA[]]></system-err>
</testsuite>
