<?xml version="1.0" encoding="UTF-8"?>
<testsuite name="com.dotmarketing.servlets.ajax.AjaxDirectorServletIntegrationTest" tests="2" skipped="0" failures="0" errors="0" timestamp="2023-07-10T15:26:50" hostname="fv-az309-162" time="1.895">
  <properties/>
  <testcase name="testService[0: com.dotmarketing.servlets.ajax.AjaxDirectorServletTestCase@7b49994]" classname="com.dotmarketing.servlets.ajax.AjaxDirectorServletIntegrationTest" time="0.989"/>
  <testcase name="testService[1: com.dotmarketing.servlets.ajax.AjaxDirectorServletTestCase@375cb012]" classname="com.dotmarketing.servlets.ajax.AjaxDirectorServletIntegrationTest" time="0.906"/>
  <system-out><![CDATA[]]></system-out>
  <system-err><![CDATA[]]></system-err>
</testsuite>
