<?xml version="1.0" encoding="UTF-8"?>
<testsuite name="com.dotcms.rest.TagResourceIntegrationTest" tests="4" skipped="0" failures="0" errors="0" timestamp="2023-07-21T15:39:10" hostname="fv-az453-320" time="0.396">
  <properties/>
  <testcase name="testList[0: com.dotcms.rest.TagResourceTestCase@4c053538]" classname="com.dotcms.rest.TagResourceIntegrationTest" time="0.292"/>
  <testcase name="testList[1: com.dotcms.rest.TagResourceTestCase@4b39bf22]" classname="com.dotcms.rest.TagResourceIntegrationTest" time="0.038"/>
  <testcase name="testList[2: com.dotcms.rest.TagResourceTestCase@54c7744e]" classname="com.dotcms.rest.TagResourceIntegrationTest" time="0.038"/>
  <testcase name="testList[3: com.dotcms.rest.TagResourceTestCase@3bc01f8f]" classname="com.dotcms.rest.TagResourceIntegrationTest" time="0.028"/>
  <system-out><![CDATA[]]></system-out>
  <system-err><![CDATA[Jul 21, 2023 3:39:10 PM com.dotcms.repackage.org.hibernate.validator.internal.util.Version <clinit>
INFO: HV000001: Hibernate Validator 4.3.2.Final
]]></system-err>
</testsuite>
