<?xml version="1.0" encoding="UTF-8"?>
<testsuite name="com.dotcms.keyvalue.business.KeyValueAPITest" tests="9" skipped="0" failures="0" errors="0" timestamp="2023-07-12T19:18:45" hostname="fv-az449-127" time="12.99">
  <properties/>
  <testcase name="keyValueLanguageContentTypeCache" classname="com.dotcms.keyvalue.business.KeyValueAPITest" time="0.658"/>
  <testcase name="keyValueLanguageCache" classname="com.dotcms.keyvalue.business.KeyValueAPITest" time="1.59"/>
  <testcase name="keyValueContentTypeCache" classname="com.dotcms.keyvalue.business.KeyValueAPITest" time="1.549"/>
  <testcase name="keyValueCache" classname="com.dotcms.keyvalue.business.KeyValueAPITest" time="1.511"/>
  <testcase name="updateKeyValueContent" classname="com.dotcms.keyvalue.business.KeyValueAPITest" time="1.642"/>
  <testcase name="getKeyValueList" classname="com.dotcms.keyvalue.business.KeyValueAPITest" time="1.584"/>
  <testcase name="saveKeyValueContentWithUnique" classname="com.dotcms.keyvalue.business.KeyValueAPITest" time="1.315"/>
  <testcase name="test_get_savesKeyWithWhitespaceInEnglishAndSpanish_success" classname="com.dotcms.keyvalue.business.KeyValueAPITest" time="1.636"/>
  <testcase name="savesKeyValueContentWithVersionInEnglishAndSpanish" classname="com.dotcms.keyvalue.business.KeyValueAPITest" time="1.504"/>
  <system-out><![CDATA[
]]></system-out>
  <system-err><![CDATA[]]></system-err>
</testsuite>
