<?xml version="1.0" encoding="UTF-8"?>
<testsuite name="com.dotcms.analytics.bayesian.BayesianAPIImplTest" tests="8" skipped="0" failures="0" errors="0" timestamp="2023-06-30T21:30:29" hostname="fv-az248-258" time="0.213">
  <properties/>
  <testcase name="test_calculateABTesting_invalidTestFailures" classname="com.dotcms.analytics.bayesian.BayesianAPIImplTest" time="0.0"/>
  <testcase name="test_calculateABTesting_invalidControlSuccesses" classname="com.dotcms.analytics.bayesian.BayesianAPIImplTest" time="0.0"/>
  <testcase name="test_calculateABTesting_invalidPriorBeta" classname="com.dotcms.analytics.bayesian.BayesianAPIImplTest" time="0.0"/>
  <testcase name="test_calculateABTesting_invalidTestSuccesses" classname="com.dotcms.analytics.bayesian.BayesianAPIImplTest" time="0.001"/>
  <testcase name="test_calculateABTesting" classname="com.dotcms.analytics.bayesian.BayesianAPIImplTest" time="0.208"/>
  <testcase name="test_calculateABCTesting" classname="com.dotcms.analytics.bayesian.BayesianAPIImplTest" time="0.001"/>
  <testcase name="test_calculateABTesting_invalidControlFailures" classname="com.dotcms.analytics.bayesian.BayesianAPIImplTest" time="0.0"/>
  <testcase name="test_calculateABTesting_invalidPriorAlpha" classname="com.dotcms.analytics.bayesian.BayesianAPIImplTest" time="0.001"/>
  <system-out><![CDATA[]]></system-out>
  <system-err><![CDATA[]]></system-err>
</testsuite>
