<?xml version="1.0" encoding="UTF-8"?>
<testsuite name="com.dotcms.rest.elasticsearch.ESContentResourcePortletTest" tests="8" skipped="0" failures="0" errors="0" timestamp="2023-07-17T17:05:01" hostname="fv-az404-376" time="6.789">
  <properties/>
  <testcase name="test_search_includeGrandChildCategory_success" classname="com.dotcms.rest.elasticsearch.ESContentResourcePortletTest" time="1.33"/>
  <testcase name="testSearch[0: com.dotcms.rest.elasticsearch.ESContentResourcePortletTest$TestCase@3f104627]" classname="com.dotcms.rest.elasticsearch.ESContentResourcePortletTest" time="0.876"/>
  <testcase name="testSearch[1: com.dotcms.rest.elasticsearch.ESContentResourcePortletTest$TestCase@2858e344]" classname="com.dotcms.rest.elasticsearch.ESContentResourcePortletTest" time="0.322"/>
  <testcase name="testSearch[2: com.dotcms.rest.elasticsearch.ESContentResourcePortletTest$TestCase@350ac5b1]" classname="com.dotcms.rest.elasticsearch.ESContentResourcePortletTest" time="0.937"/>
  <testcase name="testSearch[3: com.dotcms.rest.elasticsearch.ESContentResourcePortletTest$TestCase@2949f047]" classname="com.dotcms.rest.elasticsearch.ESContentResourcePortletTest" time="1.284"/>
  <testcase name="testSearch[4: com.dotcms.rest.elasticsearch.ESContentResourcePortletTest$TestCase@1455ba37]" classname="com.dotcms.rest.elasticsearch.ESContentResourcePortletTest" time="0.243"/>
  <testcase name="testSearch[5: com.dotcms.rest.elasticsearch.ESContentResourcePortletTest$TestCase@7b78293a]" classname="com.dotcms.rest.elasticsearch.ESContentResourcePortletTest" time="0.923"/>
  <testcase name="testSearch[6: com.dotcms.rest.elasticsearch.ESContentResourcePortletTest$TestCase@18bc5ca9]" classname="com.dotcms.rest.elasticsearch.ESContentResourcePortletTest" time="0.873"/>
  <system-out><![CDATA[]]></system-out>
  <system-err><![CDATA[]]></system-err>
</testsuite>
