<?xml version="1.0" encoding="UTF-8"?>
<testsuite name="com.dotmarketing.portlets.templates.business.TemplateFactoryImplTest" tests="7" skipped="0" failures="0" errors="0" timestamp="2023-06-23T23:41:15" hostname="fv-az444-739" time="7.165">
  <properties/>
  <testcase name="testFindWorkingTemplateByName_SQL_INJECTIION" classname="com.dotmarketing.portlets.templates.business.TemplateFactoryImplTest" time="0.011"/>
  <testcase name="test_findTemplates_fileTemplate_success" classname="com.dotmarketing.portlets.templates.business.TemplateFactoryImplTest" time="2.41"/>
  <testcase name="test_getTemplateByFolder_propertiesVtlDoesNotExist_returnNotFoundInDbException" classname="com.dotmarketing.portlets.templates.business.TemplateFactoryImplTest" time="0.648"/>
  <testcase name="test_findTemplates_usingHostId_hostWithNoTemplates_returnEmptyList" classname="com.dotmarketing.portlets.templates.business.TemplateFactoryImplTest" time="1.017"/>
  <testcase name="test_getTemplateByFolder_success" classname="com.dotmarketing.portlets.templates.business.TemplateFactoryImplTest" time="2.185"/>
  <testcase name="test_find_templates_by_name_uses_parameterized_queries" classname="com.dotmarketing.portlets.templates.business.TemplateFactoryImplTest" time="0.046"/>
  <testcase name="test_getTemplateByFolder_folderDoesNotLiveUnderApplicationTemplates_returnNotFoundInDbException" classname="com.dotmarketing.portlets.templates.business.TemplateFactoryImplTest" time="0.842"/>
  <system-out><![CDATA[]]></system-out>
  <system-err><![CDATA[]]></system-err>
</testsuite>
