<?xml version="1.0" encoding="UTF-8"?>
<testsuite name="com.dotcms.rendering.velocity.viewtools.content.util.ContentUtilsTest" tests="89" skipped="0" failures="0" errors="0" timestamp="2023-06-30T23:04:31" hostname="fv-az449-126" time="399.598">
  <properties/>
  <testcase name="whenTheTimeMachineDateIsNullAndPublishDateInFutureShouldNotReturnAnything" classname="com.dotcms.rendering.velocity.viewtools.content.util.ContentUtilsTest" time="2.923"/>
  <testcase name="test_find_multilingual_contentlet_getContentletSuccessfully" classname="com.dotcms.rendering.velocity.viewtools.content.util.ContentUtilsTest" time="2.155"/>
  <testcase name="whenTheTimeMachineDateAndPublishDateAreTomorrowShouldReturnOneContent" classname="com.dotcms.rendering.velocity.viewtools.content.util.ContentUtilsTest" time="2.953"/>
  <testcase name="testPullRelated[0: com.dotcms.rendering.velocity.viewtools.content.util.ContentUtilsTest$TestCase@2f5b5fdd]" classname="com.dotcms.rendering.velocity.viewtools.content.util.ContentUtilsTest" time="3.62"/>
  <testcase name="testPullRelated[1: com.dotcms.rendering.velocity.viewtools.content.util.ContentUtilsTest$TestCase@6ea05ff0]" classname="com.dotcms.rendering.velocity.viewtools.content.util.ContentUtilsTest" time="4.127"/>
  <testcase name="testPullRelated[2: com.dotcms.rendering.velocity.viewtools.content.util.ContentUtilsTest$TestCase@2414161c]" classname="com.dotcms.rendering.velocity.viewtools.content.util.ContentUtilsTest" time="3.107"/>
  <testcase name="testPullRelated[3: com.dotcms.rendering.velocity.viewtools.content.util.ContentUtilsTest$TestCase@60bfa00]" classname="com.dotcms.rendering.velocity.viewtools.content.util.ContentUtilsTest" time="3.822"/>
  <testcase name="testPullRelated[4: com.dotcms.rendering.velocity.viewtools.content.util.ContentUtilsTest$TestCase@73dbf8ab]" classname="com.dotcms.rendering.velocity.viewtools.content.util.ContentUtilsTest" time="4.182"/>
  <testcase name="testPullRelated[5: com.dotcms.rendering.velocity.viewtools.content.util.ContentUtilsTest$TestCase@1f6866ff]" classname="com.dotcms.rendering.velocity.viewtools.content.util.ContentUtilsTest" time="4.129"/>
  <testcase name="testPullRelated[6: com.dotcms.rendering.velocity.viewtools.content.util.ContentUtilsTest$TestCase@1bc837f8]" classname="com.dotcms.rendering.velocity.viewtools.content.util.ContentUtilsTest" time="4.009"/>
  <testcase name="testPullRelated[7: com.dotcms.rendering.velocity.viewtools.content.util.ContentUtilsTest$TestCase@42ca157b]" classname="com.dotcms.rendering.velocity.viewtools.content.util.ContentUtilsTest" time="3.179"/>
  <testcase name="testPullRelated[8: com.dotcms.rendering.velocity.viewtools.content.util.ContentUtilsTest$TestCase@6ef8b329]" classname="com.dotcms.rendering.velocity.viewtools.content.util.ContentUtilsTest" time="3.912"/>
  <testcase name="testPullRelated[9: com.dotcms.rendering.velocity.viewtools.content.util.ContentUtilsTest$TestCase@32fb6f97]" classname="com.dotcms.rendering.velocity.viewtools.content.util.ContentUtilsTest" time="3.995"/>
  <testcase name="testPullRelated[10: com.dotcms.rendering.velocity.viewtools.content.util.ContentUtilsTest$TestCase@68d6f9c7]" classname="com.dotcms.rendering.velocity.viewtools.content.util.ContentUtilsTest" time="3.32"/>
  <testcase name="testPullRelated[11: com.dotcms.rendering.velocity.viewtools.content.util.ContentUtilsTest$TestCase@7a25486b]" classname="com.dotcms.rendering.velocity.viewtools.content.util.ContentUtilsTest" time="3.737"/>
  <testcase name="testPullRelated[12: com.dotcms.rendering.velocity.viewtools.content.util.ContentUtilsTest$TestCase@516fddfd]" classname="com.dotcms.rendering.velocity.viewtools.content.util.ContentUtilsTest" time="4.176"/>
  <testcase name="testPullRelated[13: com.dotcms.rendering.velocity.viewtools.content.util.ContentUtilsTest$TestCase@38818790]" classname="com.dotcms.rendering.velocity.viewtools.content.util.ContentUtilsTest" time="3.858"/>
  <testcase name="testPullRelated[14: com.dotcms.rendering.velocity.viewtools.content.util.ContentUtilsTest$TestCase@67c65986]" classname="com.dotcms.rendering.velocity.viewtools.content.util.ContentUtilsTest" time="4.19"/>
  <testcase name="testPullRelated[15: com.dotcms.rendering.velocity.viewtools.content.util.ContentUtilsTest$TestCase@37f02305]" classname="com.dotcms.rendering.velocity.viewtools.content.util.ContentUtilsTest" time="3.889"/>
  <testcase name="testPullRelated[16: com.dotcms.rendering.velocity.viewtools.content.util.ContentUtilsTest$TestCase@185f9033]" classname="com.dotcms.rendering.velocity.viewtools.content.util.ContentUtilsTest" time="4.208"/>
  <testcase name="testPullRelated[17: com.dotcms.rendering.velocity.viewtools.content.util.ContentUtilsTest$TestCase@2cd629af]" classname="com.dotcms.rendering.velocity.viewtools.content.util.ContentUtilsTest" time="4.015"/>
  <testcase name="testPullRelated[18: com.dotcms.rendering.velocity.viewtools.content.util.ContentUtilsTest$TestCase@79894fda]" classname="com.dotcms.rendering.velocity.viewtools.content.util.ContentUtilsTest" time="4.167"/>
  <testcase name="testPullRelated[19: com.dotcms.rendering.velocity.viewtools.content.util.ContentUtilsTest$TestCase@4fd7a3e5]" classname="com.dotcms.rendering.velocity.viewtools.content.util.ContentUtilsTest" time="4.066"/>
  <testcase name="testPullRelated[20: com.dotcms.rendering.velocity.viewtools.content.util.ContentUtilsTest$TestCase@2bed6c24]" classname="com.dotcms.rendering.velocity.viewtools.content.util.ContentUtilsTest" time="3.752"/>
  <testcase name="testPullRelated[21: com.dotcms.rendering.velocity.viewtools.content.util.ContentUtilsTest$TestCase@36eba3a7]" classname="com.dotcms.rendering.velocity.viewtools.content.util.ContentUtilsTest" time="4.099"/>
  <testcase name="testPullRelated[22: com.dotcms.rendering.velocity.viewtools.content.util.ContentUtilsTest$TestCase@52fdd3f]" classname="com.dotcms.rendering.velocity.viewtools.content.util.ContentUtilsTest" time="4.063"/>
  <testcase name="testPullRelated[23: com.dotcms.rendering.velocity.viewtools.content.util.ContentUtilsTest$TestCase@77958ef4]" classname="com.dotcms.rendering.velocity.viewtools.content.util.ContentUtilsTest" time="4.174"/>
  <testcase name="testPullRelated[24: com.dotcms.rendering.velocity.viewtools.content.util.ContentUtilsTest$TestCase@3759506e]" classname="com.dotcms.rendering.velocity.viewtools.content.util.ContentUtilsTest" time="3.853"/>
  <testcase name="testPullRelated[25: com.dotcms.rendering.velocity.viewtools.content.util.ContentUtilsTest$TestCase@5c442bb9]" classname="com.dotcms.rendering.velocity.viewtools.content.util.ContentUtilsTest" time="4.232"/>
  <testcase name="testPullRelated[26: com.dotcms.rendering.velocity.viewtools.content.util.ContentUtilsTest$TestCase@2779c32b]" classname="com.dotcms.rendering.velocity.viewtools.content.util.ContentUtilsTest" time="3.184"/>
  <testcase name="testPullRelated[27: com.dotcms.rendering.velocity.viewtools.content.util.ContentUtilsTest$TestCase@7cc01b1e]" classname="com.dotcms.rendering.velocity.viewtools.content.util.ContentUtilsTest" time="3.809"/>
  <testcase name="testPullRelated[28: com.dotcms.rendering.velocity.viewtools.content.util.ContentUtilsTest$TestCase@167fec8]" classname="com.dotcms.rendering.velocity.viewtools.content.util.ContentUtilsTest" time="3.252"/>
  <testcase name="testPullRelated[29: com.dotcms.rendering.velocity.viewtools.content.util.ContentUtilsTest$TestCase@7c0314be]" classname="com.dotcms.rendering.velocity.viewtools.content.util.ContentUtilsTest" time="3.828"/>
  <testcase name="testPullRelated[30: com.dotcms.rendering.velocity.viewtools.content.util.ContentUtilsTest$TestCase@150af08e]" classname="com.dotcms.rendering.velocity.viewtools.content.util.ContentUtilsTest" time="4.147"/>
  <testcase name="testPullRelated[31: com.dotcms.rendering.velocity.viewtools.content.util.ContentUtilsTest$TestCase@69ee11da]" classname="com.dotcms.rendering.velocity.viewtools.content.util.ContentUtilsTest" time="3.993"/>
  <testcase name="testPullRelated[32: com.dotcms.rendering.velocity.viewtools.content.util.ContentUtilsTest$TestCase@57c13391]" classname="com.dotcms.rendering.velocity.viewtools.content.util.ContentUtilsTest" time="3.958"/>
  <testcase name="testPullRelated[33: com.dotcms.rendering.velocity.viewtools.content.util.ContentUtilsTest$TestCase@33836b33]" classname="com.dotcms.rendering.velocity.viewtools.content.util.ContentUtilsTest" time="4.032"/>
  <testcase name="testPullRelated[34: com.dotcms.rendering.velocity.viewtools.content.util.ContentUtilsTest$TestCase@71cf634d]" classname="com.dotcms.rendering.velocity.viewtools.content.util.ContentUtilsTest" time="3.313"/>
  <testcase name="testPullRelated[35: com.dotcms.rendering.velocity.viewtools.content.util.ContentUtilsTest$TestCase@68b6dc6f]" classname="com.dotcms.rendering.velocity.viewtools.content.util.ContentUtilsTest" time="3.951"/>
  <testcase name="testPullRelated[36: com.dotcms.rendering.velocity.viewtools.content.util.ContentUtilsTest$TestCase@36352753]" classname="com.dotcms.rendering.velocity.viewtools.content.util.ContentUtilsTest" time="6.202"/>
  <testcase name="testPullRelated[37: com.dotcms.rendering.velocity.viewtools.content.util.ContentUtilsTest$TestCase@1ec70855]" classname="com.dotcms.rendering.velocity.viewtools.content.util.ContentUtilsTest" time="5.886"/>
  <testcase name="testPullRelated[38: com.dotcms.rendering.velocity.viewtools.content.util.ContentUtilsTest$TestCase@1498d5cb]" classname="com.dotcms.rendering.velocity.viewtools.content.util.ContentUtilsTest" time="6.29"/>
  <testcase name="testPullRelated[39: com.dotcms.rendering.velocity.viewtools.content.util.ContentUtilsTest$TestCase@4a933693]" classname="com.dotcms.rendering.velocity.viewtools.content.util.ContentUtilsTest" time="5.952"/>
  <testcase name="testPullRelated[40: com.dotcms.rendering.velocity.viewtools.content.util.ContentUtilsTest$TestCase@55039f2d]" classname="com.dotcms.rendering.velocity.viewtools.content.util.ContentUtilsTest" time="6.3"/>
  <testcase name="testPullRelated[41: com.dotcms.rendering.velocity.viewtools.content.util.ContentUtilsTest$TestCase@73a0b078]" classname="com.dotcms.rendering.velocity.viewtools.content.util.ContentUtilsTest" time="5.685"/>
  <testcase name="testPullRelated[42: com.dotcms.rendering.velocity.viewtools.content.util.ContentUtilsTest$TestCase@21c4054a]" classname="com.dotcms.rendering.velocity.viewtools.content.util.ContentUtilsTest" time="6.328"/>
  <testcase name="testPullRelated[43: com.dotcms.rendering.velocity.viewtools.content.util.ContentUtilsTest$TestCase@72b0884f]" classname="com.dotcms.rendering.velocity.viewtools.content.util.ContentUtilsTest" time="6.172"/>
  <testcase name="testPullRelated[44: com.dotcms.rendering.velocity.viewtools.content.util.ContentUtilsTest$TestCase@3b038bc3]" classname="com.dotcms.rendering.velocity.viewtools.content.util.ContentUtilsTest" time="5.973"/>
  <testcase name="testPullRelated[45: com.dotcms.rendering.velocity.viewtools.content.util.ContentUtilsTest$TestCase@4d56dfab]" classname="com.dotcms.rendering.velocity.viewtools.content.util.ContentUtilsTest" time="5.964"/>
  <testcase name="testPullRelated[46: com.dotcms.rendering.velocity.viewtools.content.util.ContentUtilsTest$TestCase@4cb96d1e]" classname="com.dotcms.rendering.velocity.viewtools.content.util.ContentUtilsTest" time="5.325"/>
  <testcase name="testPullRelated[47: com.dotcms.rendering.velocity.viewtools.content.util.ContentUtilsTest$TestCase@3abd6636]" classname="com.dotcms.rendering.velocity.viewtools.content.util.ContentUtilsTest" time="5.887"/>
  <testcase name="testPullRelated[48: com.dotcms.rendering.velocity.viewtools.content.util.ContentUtilsTest$TestCase@1dc7bf31]" classname="com.dotcms.rendering.velocity.viewtools.content.util.ContentUtilsTest" time="5.173"/>
  <testcase name="testPullRelated[49: com.dotcms.rendering.velocity.viewtools.content.util.ContentUtilsTest$TestCase@669780a5]" classname="com.dotcms.rendering.velocity.viewtools.content.util.ContentUtilsTest" time="5.99"/>
  <testcase name="testPullRelated[50: com.dotcms.rendering.velocity.viewtools.content.util.ContentUtilsTest$TestCase@61c1c0f4]" classname="com.dotcms.rendering.velocity.viewtools.content.util.ContentUtilsTest" time="6.006"/>
  <testcase name="testPullRelated[51: com.dotcms.rendering.velocity.viewtools.content.util.ContentUtilsTest$TestCase@301c862c]" classname="com.dotcms.rendering.velocity.viewtools.content.util.ContentUtilsTest" time="6.361"/>
  <testcase name="testPullRelated[52: com.dotcms.rendering.velocity.viewtools.content.util.ContentUtilsTest$TestCase@10829929]" classname="com.dotcms.rendering.velocity.viewtools.content.util.ContentUtilsTest" time="4.954"/>
  <testcase name="testPullRelated[53: com.dotcms.rendering.velocity.viewtools.content.util.ContentUtilsTest$TestCase@4acaa134]" classname="com.dotcms.rendering.velocity.viewtools.content.util.ContentUtilsTest" time="5.854"/>
  <testcase name="testPullRelated[54: com.dotcms.rendering.velocity.viewtools.content.util.ContentUtilsTest$TestCase@25e31ef9]" classname="com.dotcms.rendering.velocity.viewtools.content.util.ContentUtilsTest" time="6.316"/>
  <testcase name="testPullRelated[55: com.dotcms.rendering.velocity.viewtools.content.util.ContentUtilsTest$TestCase@719ad18f]" classname="com.dotcms.rendering.velocity.viewtools.content.util.ContentUtilsTest" time="6.189"/>
  <testcase name="testPullRelated[56: com.dotcms.rendering.velocity.viewtools.content.util.ContentUtilsTest$TestCase@75d54544]" classname="com.dotcms.rendering.velocity.viewtools.content.util.ContentUtilsTest" time="6.066"/>
  <testcase name="testPullRelated[57: com.dotcms.rendering.velocity.viewtools.content.util.ContentUtilsTest$TestCase@6a8989cb]" classname="com.dotcms.rendering.velocity.viewtools.content.util.ContentUtilsTest" time="6.032"/>
  <testcase name="testPullRelated[58: com.dotcms.rendering.velocity.viewtools.content.util.ContentUtilsTest$TestCase@57a056b5]" classname="com.dotcms.rendering.velocity.viewtools.content.util.ContentUtilsTest" time="6.098"/>
  <testcase name="testPullRelated[59: com.dotcms.rendering.velocity.viewtools.content.util.ContentUtilsTest$TestCase@7011f367]" classname="com.dotcms.rendering.velocity.viewtools.content.util.ContentUtilsTest" time="6.001"/>
  <testcase name="testPullRelated[60: com.dotcms.rendering.velocity.viewtools.content.util.ContentUtilsTest$TestCase@2f316744]" classname="com.dotcms.rendering.velocity.viewtools.content.util.ContentUtilsTest" time="6.208"/>
  <testcase name="testPullRelated[61: com.dotcms.rendering.velocity.viewtools.content.util.ContentUtilsTest$TestCase@95064b8]" classname="com.dotcms.rendering.velocity.viewtools.content.util.ContentUtilsTest" time="5.943"/>
  <testcase name="testPullRelated[62: com.dotcms.rendering.velocity.viewtools.content.util.ContentUtilsTest$TestCase@5c908ed9]" classname="com.dotcms.rendering.velocity.viewtools.content.util.ContentUtilsTest" time="6.11"/>
  <testcase name="testPullRelated[63: com.dotcms.rendering.velocity.viewtools.content.util.ContentUtilsTest$TestCase@23e5d4e7]" classname="com.dotcms.rendering.velocity.viewtools.content.util.ContentUtilsTest" time="6.362"/>
  <testcase name="testPullRelated[64: com.dotcms.rendering.velocity.viewtools.content.util.ContentUtilsTest$TestCase@7ca9c98]" classname="com.dotcms.rendering.velocity.viewtools.content.util.ContentUtilsTest" time="5.806"/>
  <testcase name="testPullRelated[65: com.dotcms.rendering.velocity.viewtools.content.util.ContentUtilsTest$TestCase@d354d7d]" classname="com.dotcms.rendering.velocity.viewtools.content.util.ContentUtilsTest" time="5.94"/>
  <testcase name="testPullRelated[66: com.dotcms.rendering.velocity.viewtools.content.util.ContentUtilsTest$TestCase@558bfc44]" classname="com.dotcms.rendering.velocity.viewtools.content.util.ContentUtilsTest" time="6.343"/>
  <testcase name="testPullRelated[67: com.dotcms.rendering.velocity.viewtools.content.util.ContentUtilsTest$TestCase@58c448fe]" classname="com.dotcms.rendering.velocity.viewtools.content.util.ContentUtilsTest" time="5.967"/>
  <testcase name="testPullRelated[68: com.dotcms.rendering.velocity.viewtools.content.util.ContentUtilsTest$TestCase@bb92122]" classname="com.dotcms.rendering.velocity.viewtools.content.util.ContentUtilsTest" time="6.001"/>
  <testcase name="testPullRelated[69: com.dotcms.rendering.velocity.viewtools.content.util.ContentUtilsTest$TestCase@2cc0cb8d]" classname="com.dotcms.rendering.velocity.viewtools.content.util.ContentUtilsTest" time="6.217"/>
  <testcase name="testPullRelated[70: com.dotcms.rendering.velocity.viewtools.content.util.ContentUtilsTest$TestCase@26236b8d]" classname="com.dotcms.rendering.velocity.viewtools.content.util.ContentUtilsTest" time="5.392"/>
  <testcase name="testPullRelated[71: com.dotcms.rendering.velocity.viewtools.content.util.ContentUtilsTest$TestCase@5c5a540f]" classname="com.dotcms.rendering.velocity.viewtools.content.util.ContentUtilsTest" time="5.695"/>
  <testcase name="whenPublishAndExpireDatesAreInTheFutureAndTimeMachineIsAfterBoth" classname="com.dotcms.rendering.velocity.viewtools.content.util.ContentUtilsTest" time="3.016"/>
  <testcase name="testPullRelatedForLegacyRelationship[0: com.dotcms.rendering.velocity.viewtools.content.util.ContentUtilsTest$LegacyTestCase@1ea8ce97]" classname="com.dotcms.rendering.velocity.viewtools.content.util.ContentUtilsTest" time="2.853"/>
  <testcase name="testPullRelatedForLegacyRelationship[1: com.dotcms.rendering.velocity.viewtools.content.util.ContentUtilsTest$LegacyTestCase@349ee26c]" classname="com.dotcms.rendering.velocity.viewtools.content.util.ContentUtilsTest" time="4.238"/>
  <testcase name="whenTheTimeMachineDateIsAfterTomorrowAndExpireDateIsTomorrowShouldNotReturnContent" classname="com.dotcms.rendering.velocity.viewtools.content.util.ContentUtilsTest" time="3.034"/>
  <testcase name="testPullLiveRelatedWhenLatestVersionIsWorking" classname="com.dotcms.rendering.velocity.viewtools.content.util.ContentUtilsTest" time="3.411"/>
  <testcase name="test_add_relationships_on_parent_children_related_contents" classname="com.dotcms.rendering.velocity.viewtools.content.util.ContentUtilsTest" time="1.491"/>
  <testcase name="testSortPullRelated[0: com.dotcms.rendering.velocity.viewtools.content.util.ContentUtilsTest$SortTestCase@9dc9871]" classname="com.dotcms.rendering.velocity.viewtools.content.util.ContentUtilsTest" time="1.448"/>
  <testcase name="testSortPullRelated[1: com.dotcms.rendering.velocity.viewtools.content.util.ContentUtilsTest$SortTestCase@7284f69]" classname="com.dotcms.rendering.velocity.viewtools.content.util.ContentUtilsTest" time="2.615"/>
  <testcase name="testSortPullRelated[2: com.dotcms.rendering.velocity.viewtools.content.util.ContentUtilsTest$SortTestCase@5f2ce56d]" classname="com.dotcms.rendering.velocity.viewtools.content.util.ContentUtilsTest" time="1.54"/>
  <testcase name="testSortPullRelated[3: com.dotcms.rendering.velocity.viewtools.content.util.ContentUtilsTest$SortTestCase@1c62f166]" classname="com.dotcms.rendering.velocity.viewtools.content.util.ContentUtilsTest" time="2.726"/>
  <testcase name="testSortPullRelated[4: com.dotcms.rendering.velocity.viewtools.content.util.ContentUtilsTest$SortTestCase@7190fd8b]" classname="com.dotcms.rendering.velocity.viewtools.content.util.ContentUtilsTest" time="2.735"/>
  <testcase name="testSortPullRelated[5: com.dotcms.rendering.velocity.viewtools.content.util.ContentUtilsTest$SortTestCase@3486b7d7]" classname="com.dotcms.rendering.velocity.viewtools.content.util.ContentUtilsTest" time="2.767"/>
  <testcase name="whenTheTimeMachineDateIsAfterTomorrowAndExpireDateIsInFutureShouldReturnContent" classname="com.dotcms.rendering.velocity.viewtools.content.util.ContentUtilsTest" time="3.054"/>
  <testcase name="testPullRelatedFieldShouldRespectDefaultOrder" classname="com.dotcms.rendering.velocity.viewtools.content.util.ContentUtilsTest" time="2.299"/>
  <system-out><![CDATA[]]></system-out>
  <system-err><![CDATA[]]></system-err>
</testsuite>
