<?xml version="1.0" encoding="UTF-8"?>
<testsuite name="com.dotcms.rest.api.v1.vtl.VTLResourceIntegrationTest" tests="6" skipped="0" failures="0" errors="0" timestamp="2023-06-29T19:28:44" hostname="fv-az417-420" time="12.415">
  <properties/>
  <testcase name="testGet[0: com.dotcms.rest.api.v1.vtl.VTLResourceTestCase@72193b2c]" classname="com.dotcms.rest.api.v1.vtl.VTLResourceIntegrationTest" time="2.553"/>
  <testcase name="testGet[1: com.dotcms.rest.api.v1.vtl.VTLResourceTestCase@2d05a75a]" classname="com.dotcms.rest.api.v1.vtl.VTLResourceIntegrationTest" time="1.839"/>
  <testcase name="testGet[2: com.dotcms.rest.api.v1.vtl.VTLResourceTestCase@768058e1]" classname="com.dotcms.rest.api.v1.vtl.VTLResourceIntegrationTest" time="2.065"/>
  <testcase name="testGet[3: com.dotcms.rest.api.v1.vtl.VTLResourceTestCase@5255eb8]" classname="com.dotcms.rest.api.v1.vtl.VTLResourceIntegrationTest" time="2.15"/>
  <testcase name="testGet[4: com.dotcms.rest.api.v1.vtl.VTLResourceTestCase@3eded56b]" classname="com.dotcms.rest.api.v1.vtl.VTLResourceIntegrationTest" time="1.849"/>
  <testcase name="testGet[5: com.dotcms.rest.api.v1.vtl.VTLResourceTestCase@3e618a9d]" classname="com.dotcms.rest.api.v1.vtl.VTLResourceIntegrationTest" time="1.959"/>
  <system-out><![CDATA[]]></system-out>
  <system-err><![CDATA[]]></system-err>
</testsuite>
