<?xml version="1.0" encoding="UTF-8"?>
<testsuite name="com.dotmarketing.beans.HostTest" tests="2" skipped="0" failures="0" errors="0" timestamp="2023-07-10T21:46:12" hostname="fv-az950-407" time="0.004">
  <properties/>
  <testcase name="isDefaultReturnsProperValueWhenSet" classname="com.dotmarketing.beans.HostTest" time="0.001"/>
  <testcase name="isDefaultReturnsFalseWhenNotSet" classname="com.dotmarketing.beans.HostTest" time="0.003"/>
  <system-out><![CDATA[]]></system-out>
  <system-err><![CDATA[]]></system-err>
</testsuite>
