<?xml version="1.0" encoding="UTF-8"?>
<testsuite name="com.dotcms.rest.api.v1.vtl.VTLResourceIntegrationTest" tests="6" skipped="0" failures="0" errors="0" timestamp="2023-07-19T18:17:01" hostname="fv-az615-953" time="13.098">
  <properties/>
  <testcase name="testGet[0: com.dotcms.rest.api.v1.vtl.VTLResourceTestCase@5caa5dc2]" classname="com.dotcms.rest.api.v1.vtl.VTLResourceIntegrationTest" time="2.965"/>
  <testcase name="testGet[1: com.dotcms.rest.api.v1.vtl.VTLResourceTestCase@3740c8db]" classname="com.dotcms.rest.api.v1.vtl.VTLResourceIntegrationTest" time="1.894"/>
  <testcase name="testGet[2: com.dotcms.rest.api.v1.vtl.VTLResourceTestCase@11eb5a2d]" classname="com.dotcms.rest.api.v1.vtl.VTLResourceIntegrationTest" time="2.206"/>
  <testcase name="testGet[3: com.dotcms.rest.api.v1.vtl.VTLResourceTestCase@4a687307]" classname="com.dotcms.rest.api.v1.vtl.VTLResourceIntegrationTest" time="2.096"/>
  <testcase name="testGet[4: com.dotcms.rest.api.v1.vtl.VTLResourceTestCase@44a273c5]" classname="com.dotcms.rest.api.v1.vtl.VTLResourceIntegrationTest" time="1.822"/>
  <testcase name="testGet[5: com.dotcms.rest.api.v1.vtl.VTLResourceTestCase@75957d9a]" classname="com.dotcms.rest.api.v1.vtl.VTLResourceIntegrationTest" time="2.115"/>
  <system-out><![CDATA[]]></system-out>
  <system-err><![CDATA[]]></system-err>
</testsuite>
