<?xml version="1.0" encoding="UTF-8"?>
<testsuite name="com.dotcms.integritycheckers.IntegrityUtilTest" tests="7" skipped="0" failures="0" errors="0" timestamp="2023-07-13T21:31:48" hostname="fv-az673-76" time="11.48">
  <properties/>
  <testcase name="folderWithConflicts[0: true]" classname="com.dotcms.integritycheckers.IntegrityUtilTest" time="2.18"/>
  <testcase name="folderWithConflicts[1: false]" classname="com.dotcms.integritycheckers.IntegrityUtilTest" time="0.94"/>
  <testcase name="contentTypeWithConflicts" classname="com.dotcms.integritycheckers.IntegrityUtilTest" time="0.084"/>
  <testcase name="contentFileWithConflicts" classname="com.dotcms.integritycheckers.IntegrityUtilTest" time="3.095"/>
  <testcase name="hostFileWithConflicts" classname="com.dotcms.integritycheckers.IntegrityUtilTest" time="2.032"/>
  <testcase name="roleFileWithConflicts" classname="com.dotcms.integritycheckers.IntegrityUtilTest" time="0.074"/>
  <testcase name="pageFileWithConflicts" classname="com.dotcms.integritycheckers.IntegrityUtilTest" time="3.075"/>
  <system-out><![CDATA[]]></system-out>
  <system-err><![CDATA[]]></system-err>
</testsuite>
