<?xml version="1.0" encoding="UTF-8"?>
<testsuite name="com.dotcms.rest.api.v1.contenttype.ContentTypeResourceTest" tests="9" skipped="0" failures="0" errors="0" timestamp="2023-07-14T01:04:27" hostname="fv-az812-504" time="16.129">
  <properties/>
  <testcase name="getBaseTypes_asAdmin" classname="com.dotcms.rest.api.v1.contenttype.ContentTypeResourceTest" time="0.275"/>
  <testcase name="getContentTypes" classname="com.dotcms.rest.api.v1.contenttype.ContentTypeResourceTest" time="0.022"/>
  <testcase name="testGetRecentBaseTypes_whenCommunity_excludeTypes[0: com.dotcms.rest.api.v1.contenttype.ContentTypeResourceTest$TestCase@3ed8f4fa]" classname="com.dotcms.rest.api.v1.contenttype.ContentTypeResourceTest" time="0.014"/>
  <testcase name="testGetRecentBaseTypes_whenCommunity_excludeTypes[1: com.dotcms.rest.api.v1.contenttype.ContentTypeResourceTest$TestCase@cf33612]" classname="com.dotcms.rest.api.v1.contenttype.ContentTypeResourceTest" time="0.002"/>
  <testcase name="getBaseTypes_asLimitedUser" classname="com.dotcms.rest.api.v1.contenttype.ContentTypeResourceTest" time="0.776"/>
  <testcase name="testMain" classname="com.dotcms.rest.api.v1.contenttype.ContentTypeResourceTest" time="9.37"/>
  <testcase name="getContentTypes_GivenNotExistingTypeName_ShouldThrowError" classname="com.dotcms.rest.api.v1.contenttype.ContentTypeResourceTest" time="0.002"/>
  <testcase name="getContentTypesWithoutType" classname="com.dotcms.rest.api.v1.contenttype.ContentTypeResourceTest" time="0.012"/>
  <testcase name="Simple_Test_Using_VarName" classname="com.dotcms.rest.api.v1.contenttype.ContentTypeResourceTest" time="5.654"/>
  <system-out><![CDATA[]]></system-out>
  <system-err><![CDATA[]]></system-err>
</testsuite>
