<?xml version="1.0" encoding="UTF-8"?>
<testsuite name="com.dotcms.rendering.velocity.viewtools.content.util.ContentUtilsTest" tests="89" skipped="0" failures="0" errors="0" timestamp="2023-06-23T22:49:14" hostname="fv-az1259-189" time="412.564">
  <properties/>
  <testcase name="whenTheTimeMachineDateIsNullAndPublishDateInFutureShouldNotReturnAnything" classname="com.dotcms.rendering.velocity.viewtools.content.util.ContentUtilsTest" time="3.316"/>
  <testcase name="test_find_multilingual_contentlet_getContentletSuccessfully" classname="com.dotcms.rendering.velocity.viewtools.content.util.ContentUtilsTest" time="1.775"/>
  <testcase name="whenTheTimeMachineDateAndPublishDateAreTomorrowShouldReturnOneContent" classname="com.dotcms.rendering.velocity.viewtools.content.util.ContentUtilsTest" time="3.294"/>
  <testcase name="testPullRelated[0: com.dotcms.rendering.velocity.viewtools.content.util.ContentUtilsTest$TestCase@e06f738]" classname="com.dotcms.rendering.velocity.viewtools.content.util.ContentUtilsTest" time="4.388"/>
  <testcase name="testPullRelated[1: com.dotcms.rendering.velocity.viewtools.content.util.ContentUtilsTest$TestCase@48bc0954]" classname="com.dotcms.rendering.velocity.viewtools.content.util.ContentUtilsTest" time="4.202"/>
  <testcase name="testPullRelated[2: com.dotcms.rendering.velocity.viewtools.content.util.ContentUtilsTest$TestCase@2b0c15de]" classname="com.dotcms.rendering.velocity.viewtools.content.util.ContentUtilsTest" time="3.917"/>
  <testcase name="testPullRelated[3: com.dotcms.rendering.velocity.viewtools.content.util.ContentUtilsTest$TestCase@6144c64e]" classname="com.dotcms.rendering.velocity.viewtools.content.util.ContentUtilsTest" time="4.142"/>
  <testcase name="testPullRelated[4: com.dotcms.rendering.velocity.viewtools.content.util.ContentUtilsTest$TestCase@58424269]" classname="com.dotcms.rendering.velocity.viewtools.content.util.ContentUtilsTest" time="4.02"/>
  <testcase name="testPullRelated[5: com.dotcms.rendering.velocity.viewtools.content.util.ContentUtilsTest$TestCase@709c069c]" classname="com.dotcms.rendering.velocity.viewtools.content.util.ContentUtilsTest" time="3.954"/>
  <testcase name="testPullRelated[6: com.dotcms.rendering.velocity.viewtools.content.util.ContentUtilsTest$TestCase@3b755fb4]" classname="com.dotcms.rendering.velocity.viewtools.content.util.ContentUtilsTest" time="4.196"/>
  <testcase name="testPullRelated[7: com.dotcms.rendering.velocity.viewtools.content.util.ContentUtilsTest$TestCase@7c448822]" classname="com.dotcms.rendering.velocity.viewtools.content.util.ContentUtilsTest" time="3.956"/>
  <testcase name="testPullRelated[8: com.dotcms.rendering.velocity.viewtools.content.util.ContentUtilsTest$TestCase@36dfccc9]" classname="com.dotcms.rendering.velocity.viewtools.content.util.ContentUtilsTest" time="4.117"/>
  <testcase name="testPullRelated[9: com.dotcms.rendering.velocity.viewtools.content.util.ContentUtilsTest$TestCase@26678468]" classname="com.dotcms.rendering.velocity.viewtools.content.util.ContentUtilsTest" time="3.896"/>
  <testcase name="testPullRelated[10: com.dotcms.rendering.velocity.viewtools.content.util.ContentUtilsTest$TestCase@37fef7ef]" classname="com.dotcms.rendering.velocity.viewtools.content.util.ContentUtilsTest" time="4.243"/>
  <testcase name="testPullRelated[11: com.dotcms.rendering.velocity.viewtools.content.util.ContentUtilsTest$TestCase@6f236caa]" classname="com.dotcms.rendering.velocity.viewtools.content.util.ContentUtilsTest" time="3.829"/>
  <testcase name="testPullRelated[12: com.dotcms.rendering.velocity.viewtools.content.util.ContentUtilsTest$TestCase@27524c03]" classname="com.dotcms.rendering.velocity.viewtools.content.util.ContentUtilsTest" time="4.137"/>
  <testcase name="testPullRelated[13: com.dotcms.rendering.velocity.viewtools.content.util.ContentUtilsTest$TestCase@3d0cc845]" classname="com.dotcms.rendering.velocity.viewtools.content.util.ContentUtilsTest" time="3.997"/>
  <testcase name="testPullRelated[14: com.dotcms.rendering.velocity.viewtools.content.util.ContentUtilsTest$TestCase@7d8d0184]" classname="com.dotcms.rendering.velocity.viewtools.content.util.ContentUtilsTest" time="4.021"/>
  <testcase name="testPullRelated[15: com.dotcms.rendering.velocity.viewtools.content.util.ContentUtilsTest$TestCase@93f64a3]" classname="com.dotcms.rendering.velocity.viewtools.content.util.ContentUtilsTest" time="4.212"/>
  <testcase name="testPullRelated[16: com.dotcms.rendering.velocity.viewtools.content.util.ContentUtilsTest$TestCase@3cb803d3]" classname="com.dotcms.rendering.velocity.viewtools.content.util.ContentUtilsTest" time="3.933"/>
  <testcase name="testPullRelated[17: com.dotcms.rendering.velocity.viewtools.content.util.ContentUtilsTest$TestCase@67adbae1]" classname="com.dotcms.rendering.velocity.viewtools.content.util.ContentUtilsTest" time="4.077"/>
  <testcase name="testPullRelated[18: com.dotcms.rendering.velocity.viewtools.content.util.ContentUtilsTest$TestCase@72b906b1]" classname="com.dotcms.rendering.velocity.viewtools.content.util.ContentUtilsTest" time="3.935"/>
  <testcase name="testPullRelated[19: com.dotcms.rendering.velocity.viewtools.content.util.ContentUtilsTest$TestCase@516e39]" classname="com.dotcms.rendering.velocity.viewtools.content.util.ContentUtilsTest" time="4.194"/>
  <testcase name="testPullRelated[20: com.dotcms.rendering.velocity.viewtools.content.util.ContentUtilsTest$TestCase@7c8b437b]" classname="com.dotcms.rendering.velocity.viewtools.content.util.ContentUtilsTest" time="3.918"/>
  <testcase name="testPullRelated[21: com.dotcms.rendering.velocity.viewtools.content.util.ContentUtilsTest$TestCase@767b94b9]" classname="com.dotcms.rendering.velocity.viewtools.content.util.ContentUtilsTest" time="4.06"/>
  <testcase name="testPullRelated[22: com.dotcms.rendering.velocity.viewtools.content.util.ContentUtilsTest$TestCase@4c4d9849]" classname="com.dotcms.rendering.velocity.viewtools.content.util.ContentUtilsTest" time="4.167"/>
  <testcase name="testPullRelated[23: com.dotcms.rendering.velocity.viewtools.content.util.ContentUtilsTest$TestCase@4766075f]" classname="com.dotcms.rendering.velocity.viewtools.content.util.ContentUtilsTest" time="4.051"/>
  <testcase name="testPullRelated[24: com.dotcms.rendering.velocity.viewtools.content.util.ContentUtilsTest$TestCase@61501453]" classname="com.dotcms.rendering.velocity.viewtools.content.util.ContentUtilsTest" time="3.956"/>
  <testcase name="testPullRelated[25: com.dotcms.rendering.velocity.viewtools.content.util.ContentUtilsTest$TestCase@4b249a9c]" classname="com.dotcms.rendering.velocity.viewtools.content.util.ContentUtilsTest" time="4.083"/>
  <testcase name="testPullRelated[26: com.dotcms.rendering.velocity.viewtools.content.util.ContentUtilsTest$TestCase@6b0bdc61]" classname="com.dotcms.rendering.velocity.viewtools.content.util.ContentUtilsTest" time="4.146"/>
  <testcase name="testPullRelated[27: com.dotcms.rendering.velocity.viewtools.content.util.ContentUtilsTest$TestCase@1ca072a0]" classname="com.dotcms.rendering.velocity.viewtools.content.util.ContentUtilsTest" time="4.023"/>
  <testcase name="testPullRelated[28: com.dotcms.rendering.velocity.viewtools.content.util.ContentUtilsTest$TestCase@7db31feb]" classname="com.dotcms.rendering.velocity.viewtools.content.util.ContentUtilsTest" time="3.994"/>
  <testcase name="testPullRelated[29: com.dotcms.rendering.velocity.viewtools.content.util.ContentUtilsTest$TestCase@12ac9abb]" classname="com.dotcms.rendering.velocity.viewtools.content.util.ContentUtilsTest" time="3.959"/>
  <testcase name="testPullRelated[30: com.dotcms.rendering.velocity.viewtools.content.util.ContentUtilsTest$TestCase@2771b45b]" classname="com.dotcms.rendering.velocity.viewtools.content.util.ContentUtilsTest" time="4.313"/>
  <testcase name="testPullRelated[31: com.dotcms.rendering.velocity.viewtools.content.util.ContentUtilsTest$TestCase@38dbe767]" classname="com.dotcms.rendering.velocity.viewtools.content.util.ContentUtilsTest" time="4.05"/>
  <testcase name="testPullRelated[32: com.dotcms.rendering.velocity.viewtools.content.util.ContentUtilsTest$TestCase@5d72ebd0]" classname="com.dotcms.rendering.velocity.viewtools.content.util.ContentUtilsTest" time="3.843"/>
  <testcase name="testPullRelated[33: com.dotcms.rendering.velocity.viewtools.content.util.ContentUtilsTest$TestCase@2bfdcb87]" classname="com.dotcms.rendering.velocity.viewtools.content.util.ContentUtilsTest" time="4.142"/>
  <testcase name="testPullRelated[34: com.dotcms.rendering.velocity.viewtools.content.util.ContentUtilsTest$TestCase@10471cf]" classname="com.dotcms.rendering.velocity.viewtools.content.util.ContentUtilsTest" time="4.011"/>
  <testcase name="testPullRelated[35: com.dotcms.rendering.velocity.viewtools.content.util.ContentUtilsTest$TestCase@66034e57]" classname="com.dotcms.rendering.velocity.viewtools.content.util.ContentUtilsTest" time="4.06"/>
  <testcase name="testPullRelated[36: com.dotcms.rendering.velocity.viewtools.content.util.ContentUtilsTest$TestCase@2c65152c]" classname="com.dotcms.rendering.velocity.viewtools.content.util.ContentUtilsTest" time="6.247"/>
  <testcase name="testPullRelated[37: com.dotcms.rendering.velocity.viewtools.content.util.ContentUtilsTest$TestCase@690152d4]" classname="com.dotcms.rendering.velocity.viewtools.content.util.ContentUtilsTest" time="5.857"/>
  <testcase name="testPullRelated[38: com.dotcms.rendering.velocity.viewtools.content.util.ContentUtilsTest$TestCase@4ba9dc32]" classname="com.dotcms.rendering.velocity.viewtools.content.util.ContentUtilsTest" time="6.434"/>
  <testcase name="testPullRelated[39: com.dotcms.rendering.velocity.viewtools.content.util.ContentUtilsTest$TestCase@372452e6]" classname="com.dotcms.rendering.velocity.viewtools.content.util.ContentUtilsTest" time="5.819"/>
  <testcase name="testPullRelated[40: com.dotcms.rendering.velocity.viewtools.content.util.ContentUtilsTest$TestCase@336cfd5b]" classname="com.dotcms.rendering.velocity.viewtools.content.util.ContentUtilsTest" time="6.064"/>
  <testcase name="testPullRelated[41: com.dotcms.rendering.velocity.viewtools.content.util.ContentUtilsTest$TestCase@50989e10]" classname="com.dotcms.rendering.velocity.viewtools.content.util.ContentUtilsTest" time="5.151"/>
  <testcase name="testPullRelated[42: com.dotcms.rendering.velocity.viewtools.content.util.ContentUtilsTest$TestCase@55d5907d]" classname="com.dotcms.rendering.velocity.viewtools.content.util.ContentUtilsTest" time="6.342"/>
  <testcase name="testPullRelated[43: com.dotcms.rendering.velocity.viewtools.content.util.ContentUtilsTest$TestCase@40f34b43]" classname="com.dotcms.rendering.velocity.viewtools.content.util.ContentUtilsTest" time="5.922"/>
  <testcase name="testPullRelated[44: com.dotcms.rendering.velocity.viewtools.content.util.ContentUtilsTest$TestCase@1421f023]" classname="com.dotcms.rendering.velocity.viewtools.content.util.ContentUtilsTest" time="6.18"/>
  <testcase name="testPullRelated[45: com.dotcms.rendering.velocity.viewtools.content.util.ContentUtilsTest$TestCase@dd94a9]" classname="com.dotcms.rendering.velocity.viewtools.content.util.ContentUtilsTest" time="4.81"/>
  <testcase name="testPullRelated[46: com.dotcms.rendering.velocity.viewtools.content.util.ContentUtilsTest$TestCase@7972bab7]" classname="com.dotcms.rendering.velocity.viewtools.content.util.ContentUtilsTest" time="6.227"/>
  <testcase name="testPullRelated[47: com.dotcms.rendering.velocity.viewtools.content.util.ContentUtilsTest$TestCase@23815f89]" classname="com.dotcms.rendering.velocity.viewtools.content.util.ContentUtilsTest" time="6.321"/>
  <testcase name="testPullRelated[48: com.dotcms.rendering.velocity.viewtools.content.util.ContentUtilsTest$TestCase@38ba0332]" classname="com.dotcms.rendering.velocity.viewtools.content.util.ContentUtilsTest" time="5.872"/>
  <testcase name="testPullRelated[49: com.dotcms.rendering.velocity.viewtools.content.util.ContentUtilsTest$TestCase@542ea050]" classname="com.dotcms.rendering.velocity.viewtools.content.util.ContentUtilsTest" time="5.983"/>
  <testcase name="testPullRelated[50: com.dotcms.rendering.velocity.viewtools.content.util.ContentUtilsTest$TestCase@38e51f60]" classname="com.dotcms.rendering.velocity.viewtools.content.util.ContentUtilsTest" time="6.542"/>
  <testcase name="testPullRelated[51: com.dotcms.rendering.velocity.viewtools.content.util.ContentUtilsTest$TestCase@113162e2]" classname="com.dotcms.rendering.velocity.viewtools.content.util.ContentUtilsTest" time="4.934"/>
  <testcase name="testPullRelated[52: com.dotcms.rendering.velocity.viewtools.content.util.ContentUtilsTest$TestCase@797a5065]" classname="com.dotcms.rendering.velocity.viewtools.content.util.ContentUtilsTest" time="5.901"/>
  <testcase name="testPullRelated[53: com.dotcms.rendering.velocity.viewtools.content.util.ContentUtilsTest$TestCase@58f7433a]" classname="com.dotcms.rendering.velocity.viewtools.content.util.ContentUtilsTest" time="6.212"/>
  <testcase name="testPullRelated[54: com.dotcms.rendering.velocity.viewtools.content.util.ContentUtilsTest$TestCase@4879495b]" classname="com.dotcms.rendering.velocity.viewtools.content.util.ContentUtilsTest" time="6.18"/>
  <testcase name="testPullRelated[55: com.dotcms.rendering.velocity.viewtools.content.util.ContentUtilsTest$TestCase@52c504c4]" classname="com.dotcms.rendering.velocity.viewtools.content.util.ContentUtilsTest" time="6.095"/>
  <testcase name="testPullRelated[56: com.dotcms.rendering.velocity.viewtools.content.util.ContentUtilsTest$TestCase@79178f81]" classname="com.dotcms.rendering.velocity.viewtools.content.util.ContentUtilsTest" time="6.172"/>
  <testcase name="testPullRelated[57: com.dotcms.rendering.velocity.viewtools.content.util.ContentUtilsTest$TestCase@1b1bfd0a]" classname="com.dotcms.rendering.velocity.viewtools.content.util.ContentUtilsTest" time="5.821"/>
  <testcase name="testPullRelated[58: com.dotcms.rendering.velocity.viewtools.content.util.ContentUtilsTest$TestCase@192a4ca3]" classname="com.dotcms.rendering.velocity.viewtools.content.util.ContentUtilsTest" time="6.134"/>
  <testcase name="testPullRelated[59: com.dotcms.rendering.velocity.viewtools.content.util.ContentUtilsTest$TestCase@63b39866]" classname="com.dotcms.rendering.velocity.viewtools.content.util.ContentUtilsTest" time="6.216"/>
  <testcase name="testPullRelated[60: com.dotcms.rendering.velocity.viewtools.content.util.ContentUtilsTest$TestCase@261d6816]" classname="com.dotcms.rendering.velocity.viewtools.content.util.ContentUtilsTest" time="6.271"/>
  <testcase name="testPullRelated[61: com.dotcms.rendering.velocity.viewtools.content.util.ContentUtilsTest$TestCase@62aa3272]" classname="com.dotcms.rendering.velocity.viewtools.content.util.ContentUtilsTest" time="5.564"/>
  <testcase name="testPullRelated[62: com.dotcms.rendering.velocity.viewtools.content.util.ContentUtilsTest$TestCase@292e25d0]" classname="com.dotcms.rendering.velocity.viewtools.content.util.ContentUtilsTest" time="6.39"/>
  <testcase name="testPullRelated[63: com.dotcms.rendering.velocity.viewtools.content.util.ContentUtilsTest$TestCase@5621e83b]" classname="com.dotcms.rendering.velocity.viewtools.content.util.ContentUtilsTest" time="6.177"/>
  <testcase name="testPullRelated[64: com.dotcms.rendering.velocity.viewtools.content.util.ContentUtilsTest$TestCase@1bb17731]" classname="com.dotcms.rendering.velocity.viewtools.content.util.ContentUtilsTest" time="5.978"/>
  <testcase name="testPullRelated[65: com.dotcms.rendering.velocity.viewtools.content.util.ContentUtilsTest$TestCase@28bbef97]" classname="com.dotcms.rendering.velocity.viewtools.content.util.ContentUtilsTest" time="6.09"/>
  <testcase name="testPullRelated[66: com.dotcms.rendering.velocity.viewtools.content.util.ContentUtilsTest$TestCase@70634ff5]" classname="com.dotcms.rendering.velocity.viewtools.content.util.ContentUtilsTest" time="6.168"/>
  <testcase name="testPullRelated[67: com.dotcms.rendering.velocity.viewtools.content.util.ContentUtilsTest$TestCase@29da01f2]" classname="com.dotcms.rendering.velocity.viewtools.content.util.ContentUtilsTest" time="6.032"/>
  <testcase name="testPullRelated[68: com.dotcms.rendering.velocity.viewtools.content.util.ContentUtilsTest$TestCase@3942f307]" classname="com.dotcms.rendering.velocity.viewtools.content.util.ContentUtilsTest" time="6.089"/>
  <testcase name="testPullRelated[69: com.dotcms.rendering.velocity.viewtools.content.util.ContentUtilsTest$TestCase@4e7274ef]" classname="com.dotcms.rendering.velocity.viewtools.content.util.ContentUtilsTest" time="6.164"/>
  <testcase name="testPullRelated[70: com.dotcms.rendering.velocity.viewtools.content.util.ContentUtilsTest$TestCase@24848633]" classname="com.dotcms.rendering.velocity.viewtools.content.util.ContentUtilsTest" time="6.009"/>
  <testcase name="testPullRelated[71: com.dotcms.rendering.velocity.viewtools.content.util.ContentUtilsTest$TestCase@5da8d6c0]" classname="com.dotcms.rendering.velocity.viewtools.content.util.ContentUtilsTest" time="6.269"/>
  <testcase name="whenPublishAndExpireDatesAreInTheFutureAndTimeMachineIsAfterBoth" classname="com.dotcms.rendering.velocity.viewtools.content.util.ContentUtilsTest" time="3.576"/>
  <testcase name="testPullRelatedForLegacyRelationship[0: com.dotcms.rendering.velocity.viewtools.content.util.ContentUtilsTest$LegacyTestCase@73dcccb9]" classname="com.dotcms.rendering.velocity.viewtools.content.util.ContentUtilsTest" time="4.029"/>
  <testcase name="testPullRelatedForLegacyRelationship[1: com.dotcms.rendering.velocity.viewtools.content.util.ContentUtilsTest$LegacyTestCase@2ed40b21]" classname="com.dotcms.rendering.velocity.viewtools.content.util.ContentUtilsTest" time="3.098"/>
  <testcase name="whenTheTimeMachineDateIsAfterTomorrowAndExpireDateIsTomorrowShouldNotReturnContent" classname="com.dotcms.rendering.velocity.viewtools.content.util.ContentUtilsTest" time="3.536"/>
  <testcase name="testPullLiveRelatedWhenLatestVersionIsWorking" classname="com.dotcms.rendering.velocity.viewtools.content.util.ContentUtilsTest" time="4.126"/>
  <testcase name="test_add_relationships_on_parent_children_related_contents" classname="com.dotcms.rendering.velocity.viewtools.content.util.ContentUtilsTest" time="1.607"/>
  <testcase name="testSortPullRelated[0: com.dotcms.rendering.velocity.viewtools.content.util.ContentUtilsTest$SortTestCase@2ee1a5d6]" classname="com.dotcms.rendering.velocity.viewtools.content.util.ContentUtilsTest" time="1.98"/>
  <testcase name="testSortPullRelated[1: com.dotcms.rendering.velocity.viewtools.content.util.ContentUtilsTest$SortTestCase@35e4781c]" classname="com.dotcms.rendering.velocity.viewtools.content.util.ContentUtilsTest" time="2.945"/>
  <testcase name="testSortPullRelated[2: com.dotcms.rendering.velocity.viewtools.content.util.ContentUtilsTest$SortTestCase@2048d31d]" classname="com.dotcms.rendering.velocity.viewtools.content.util.ContentUtilsTest" time="2.725"/>
  <testcase name="testSortPullRelated[3: com.dotcms.rendering.velocity.viewtools.content.util.ContentUtilsTest$SortTestCase@2e4b4936]" classname="com.dotcms.rendering.velocity.viewtools.content.util.ContentUtilsTest" time="2.928"/>
  <testcase name="testSortPullRelated[4: com.dotcms.rendering.velocity.viewtools.content.util.ContentUtilsTest$SortTestCase@d27963c]" classname="com.dotcms.rendering.velocity.viewtools.content.util.ContentUtilsTest" time="2.788"/>
  <testcase name="testSortPullRelated[5: com.dotcms.rendering.velocity.viewtools.content.util.ContentUtilsTest$SortTestCase@1b953b1c]" classname="com.dotcms.rendering.velocity.viewtools.content.util.ContentUtilsTest" time="1.848"/>
  <testcase name="whenTheTimeMachineDateIsAfterTomorrowAndExpireDateIsInFutureShouldReturnContent" classname="com.dotcms.rendering.velocity.viewtools.content.util.ContentUtilsTest" time="3.51"/>
  <testcase name="testPullRelatedFieldShouldRespectDefaultOrder" classname="com.dotcms.rendering.velocity.viewtools.content.util.ContentUtilsTest" time="2.704"/>
  <system-out><![CDATA[]]></system-out>
  <system-err><![CDATA[]]></system-err>
</testsuite>
