<?xml version="1.0" encoding="UTF-8"?>
<testsuite name="com.dotcms.rendering.velocity.VelocityMacroCacheTest" tests="3" skipped="0" failures="0" errors="0" timestamp="2023-07-20T04:53:09" hostname="fv-az450-410" time="0.244">
  <properties/>
  <testcase name="test010MacroCaches" classname="com.dotcms.rendering.velocity.VelocityMacroCacheTest" time="0.001"/>
  <testcase name="test020MacroSurvivesVelocityDump" classname="com.dotcms.rendering.velocity.VelocityMacroCacheTest" time="0.003"/>
  <testcase name="test030MacroDoesNotSurviveTotalDump" classname="com.dotcms.rendering.velocity.VelocityMacroCacheTest" time="0.24"/>
  <system-out><![CDATA[]]></system-out>
  <system-err><![CDATA[]]></system-err>
</testsuite>
