<?xml version="1.0" encoding="UTF-8"?>
<testsuite name="com.dotmarketing.business.CommitListenerCacheWrapperTest" tests="1" skipped="0" failures="0" errors="0" timestamp="2023-07-17T18:00:39" hostname="fv-az168-813" time="0.563">
  <properties/>
  <testcase name="Testing_API_And_Cache_Visibility_In_A_Transaction" classname="com.dotmarketing.business.CommitListenerCacheWrapperTest" time="0.563"/>
  <system-out><![CDATA[]]></system-out>
  <system-err><![CDATA[]]></system-err>
</testsuite>
