<?xml version="1.0" encoding="UTF-8"?>
<testsuite name="com.dotmarketing.portlets.structure.model.ContentletRelationshipsTest" tests="7" skipped="0" failures="0" errors="0" timestamp="2023-06-26T15:05:30" hostname="fv-az413-549" time="8.04">
  <properties/>
  <testcase name="testDoesAllowOnlyOne[0: com.dotmarketing.portlets.structure.model.ContentletRelationshipsTest$CardinalityTestCase@65d30d60]" classname="com.dotmarketing.portlets.structure.model.ContentletRelationshipsTest" time="0.464"/>
  <testcase name="testDoesAllowOnlyOne[1: com.dotmarketing.portlets.structure.model.ContentletRelationshipsTest$CardinalityTestCase@559fec7d]" classname="com.dotmarketing.portlets.structure.model.ContentletRelationshipsTest" time="0.47"/>
  <testcase name="testDoesAllowOnlyOne[2: com.dotmarketing.portlets.structure.model.ContentletRelationshipsTest$CardinalityTestCase@99a826c]" classname="com.dotmarketing.portlets.structure.model.ContentletRelationshipsTest" time="0.448"/>
  <testcase name="testGetRelationshipRecords[0: com.dotmarketing.portlets.structure.model.ContentletRelationshipsTest$TestCase@35e87b1d]" classname="com.dotmarketing.portlets.structure.model.ContentletRelationshipsTest" time="1.956"/>
  <testcase name="testGetRelationshipRecords[1: com.dotmarketing.portlets.structure.model.ContentletRelationshipsTest$TestCase@482dd8cd]" classname="com.dotmarketing.portlets.structure.model.ContentletRelationshipsTest" time="1.987"/>
  <testcase name="testGetRelationshipRecords[2: com.dotmarketing.portlets.structure.model.ContentletRelationshipsTest$TestCase@62fb39b1]" classname="com.dotmarketing.portlets.structure.model.ContentletRelationshipsTest" time="0.828"/>
  <testcase name="testGetRelationshipRecords[3: com.dotmarketing.portlets.structure.model.ContentletRelationshipsTest$TestCase@3f2f4e60]" classname="com.dotmarketing.portlets.structure.model.ContentletRelationshipsTest" time="1.887"/>
  <system-out><![CDATA[]]></system-out>
  <system-err><![CDATA[]]></system-err>
</testsuite>
