<?xml version="1.0" encoding="UTF-8"?>
<testsuite name="com.dotmarketing.portlets.contentlet.util.ContentletUtilTest" tests="5" skipped="0" failures="0" errors="0" timestamp="2023-06-22T01:08:22" hostname="fv-az484-488" time="7.743">
  <properties/>
  <testcase name="validateContentPrintableMapMethodReturnProperCategories[0: categoryNames]" classname="com.dotmarketing.portlets.contentlet.util.ContentletUtilTest" time="1.636"/>
  <testcase name="validateContentPrintableMapMethodReturnProperCategories[1: allCategoriesInfo]" classname="com.dotmarketing.portlets.contentlet.util.ContentletUtilTest" time="1.532"/>
  <testcase name="test_getContentPrintableMap_WhenContentTypeIsHTMLPage_PathIsAddedToTheMap" classname="com.dotmarketing.portlets.contentlet.util.ContentletUtilTest" time="2.063"/>
  <testcase name="test_getContentPrintableMap_WhenContentTypeIsNeitherFileAssetNorPage_PathIsNotAddedToTheMap" classname="com.dotmarketing.portlets.contentlet.util.ContentletUtilTest" time="1.161"/>
  <testcase name="test_getContentPrintableMap_WhenContentTypeIsFileAsset_PathIsAddedToTheMap" classname="com.dotmarketing.portlets.contentlet.util.ContentletUtilTest" time="1.35"/>
  <system-out><![CDATA[]]></system-out>
  <system-err><![CDATA[]]></system-err>
</testsuite>
