<?xml version="1.0" encoding="UTF-8"?>
<testsuite name="com.dotcms.rest.TagResourceIntegrationTest" tests="4" skipped="0" failures="0" errors="0" timestamp="2023-07-12T23:42:36" hostname="fv-az167-45" time="0.418">
  <properties/>
  <testcase name="testList[0: com.dotcms.rest.TagResourceTestCase@32420f49]" classname="com.dotcms.rest.TagResourceIntegrationTest" time="0.318"/>
  <testcase name="testList[1: com.dotcms.rest.TagResourceTestCase@18bf8226]" classname="com.dotcms.rest.TagResourceIntegrationTest" time="0.034"/>
  <testcase name="testList[2: com.dotcms.rest.TagResourceTestCase@1f5f99ea]" classname="com.dotcms.rest.TagResourceIntegrationTest" time="0.03"/>
  <testcase name="testList[3: com.dotcms.rest.TagResourceTestCase@6c46fc7b]" classname="com.dotcms.rest.TagResourceIntegrationTest" time="0.036"/>
  <system-out><![CDATA[]]></system-out>
  <system-err><![CDATA[Jul 12, 2023 11:42:36 PM com.dotcms.repackage.org.hibernate.validator.internal.util.Version <clinit>
INFO: HV000001: Hibernate Validator 4.3.2.Final
]]></system-err>
</testsuite>
