<?xml version="1.0" encoding="UTF-8"?>
<testsuite name="com.dotmarketing.portlets.structure.model.ContentletRelationshipsTest" tests="7" skipped="0" failures="0" errors="0" timestamp="2023-07-18T20:36:21" hostname="fv-az553-913" time="7.083">
  <properties/>
  <testcase name="testDoesAllowOnlyOne[0: com.dotmarketing.portlets.structure.model.ContentletRelationshipsTest$CardinalityTestCase@4b8a9ed1]" classname="com.dotmarketing.portlets.structure.model.ContentletRelationshipsTest" time="0.571"/>
  <testcase name="testDoesAllowOnlyOne[1: com.dotmarketing.portlets.structure.model.ContentletRelationshipsTest$CardinalityTestCase@2df8852e]" classname="com.dotmarketing.portlets.structure.model.ContentletRelationshipsTest" time="0.576"/>
  <testcase name="testDoesAllowOnlyOne[2: com.dotmarketing.portlets.structure.model.ContentletRelationshipsTest$CardinalityTestCase@2f730f1a]" classname="com.dotmarketing.portlets.structure.model.ContentletRelationshipsTest" time="0.562"/>
  <testcase name="testGetRelationshipRecords[0: com.dotmarketing.portlets.structure.model.ContentletRelationshipsTest$TestCase@49cd3006]" classname="com.dotmarketing.portlets.structure.model.ContentletRelationshipsTest" time="2.267"/>
  <testcase name="testGetRelationshipRecords[1: com.dotmarketing.portlets.structure.model.ContentletRelationshipsTest$TestCase@562e43f8]" classname="com.dotmarketing.portlets.structure.model.ContentletRelationshipsTest" time="1.131"/>
  <testcase name="testGetRelationshipRecords[2: com.dotmarketing.portlets.structure.model.ContentletRelationshipsTest$TestCase@3f166de6]" classname="com.dotmarketing.portlets.structure.model.ContentletRelationshipsTest" time="1.024"/>
  <testcase name="testGetRelationshipRecords[3: com.dotmarketing.portlets.structure.model.ContentletRelationshipsTest$TestCase@82aaec1]" classname="com.dotmarketing.portlets.structure.model.ContentletRelationshipsTest" time="0.948"/>
  <system-out><![CDATA[]]></system-out>
  <system-err><![CDATA[]]></system-err>
</testsuite>
