<?xml version="1.0" encoding="UTF-8"?>
<testsuite name="com.dotcms.rest.api.v1.vtl.VTLResourceIntegrationTest" tests="6" skipped="0" failures="0" errors="0" timestamp="2023-06-28T03:13:01" hostname="fv-az422-786" time="12.539">
  <properties/>
  <testcase name="testGet[0: com.dotcms.rest.api.v1.vtl.VTLResourceTestCase@45cb5b80]" classname="com.dotcms.rest.api.v1.vtl.VTLResourceIntegrationTest" time="2.579"/>
  <testcase name="testGet[1: com.dotcms.rest.api.v1.vtl.VTLResourceTestCase@15581e]" classname="com.dotcms.rest.api.v1.vtl.VTLResourceIntegrationTest" time="1.837"/>
  <testcase name="testGet[2: com.dotcms.rest.api.v1.vtl.VTLResourceTestCase@40d457b1]" classname="com.dotcms.rest.api.v1.vtl.VTLResourceIntegrationTest" time="2.133"/>
  <testcase name="testGet[3: com.dotcms.rest.api.v1.vtl.VTLResourceTestCase@681f2251]" classname="com.dotcms.rest.api.v1.vtl.VTLResourceIntegrationTest" time="2.01"/>
  <testcase name="testGet[4: com.dotcms.rest.api.v1.vtl.VTLResourceTestCase@77977389]" classname="com.dotcms.rest.api.v1.vtl.VTLResourceIntegrationTest" time="1.923"/>
  <testcase name="testGet[5: com.dotcms.rest.api.v1.vtl.VTLResourceTestCase@5de800cd]" classname="com.dotcms.rest.api.v1.vtl.VTLResourceIntegrationTest" time="2.057"/>
  <system-out><![CDATA[]]></system-out>
  <system-err><![CDATA[]]></system-err>
</testsuite>
