<?xml version="1.0" encoding="UTF-8"?>
<testsuite name="com.dotmarketing.portlets.structure.model.ContentletRelationshipsTest" tests="7" skipped="0" failures="0" errors="0" timestamp="2023-07-18T01:23:13" hostname="fv-az1128-367" time="8.262">
  <properties/>
  <testcase name="testDoesAllowOnlyOne[0: com.dotmarketing.portlets.structure.model.ContentletRelationshipsTest$CardinalityTestCase@5aa07301]" classname="com.dotmarketing.portlets.structure.model.ContentletRelationshipsTest" time="0.399"/>
  <testcase name="testDoesAllowOnlyOne[1: com.dotmarketing.portlets.structure.model.ContentletRelationshipsTest$CardinalityTestCase@3bc0c3e4]" classname="com.dotmarketing.portlets.structure.model.ContentletRelationshipsTest" time="0.395"/>
  <testcase name="testDoesAllowOnlyOne[2: com.dotmarketing.portlets.structure.model.ContentletRelationshipsTest$CardinalityTestCase@7239d31e]" classname="com.dotmarketing.portlets.structure.model.ContentletRelationshipsTest" time="0.413"/>
  <testcase name="testGetRelationshipRecords[0: com.dotmarketing.portlets.structure.model.ContentletRelationshipsTest$TestCase@742f4e78]" classname="com.dotmarketing.portlets.structure.model.ContentletRelationshipsTest" time="1.858"/>
  <testcase name="testGetRelationshipRecords[1: com.dotmarketing.portlets.structure.model.ContentletRelationshipsTest$TestCase@2dce1387]" classname="com.dotmarketing.portlets.structure.model.ContentletRelationshipsTest" time="1.845"/>
  <testcase name="testGetRelationshipRecords[2: com.dotmarketing.portlets.structure.model.ContentletRelationshipsTest$TestCase@102c2a39]" classname="com.dotmarketing.portlets.structure.model.ContentletRelationshipsTest" time="1.685"/>
  <testcase name="testGetRelationshipRecords[3: com.dotmarketing.portlets.structure.model.ContentletRelationshipsTest$TestCase@2c31aa01]" classname="com.dotmarketing.portlets.structure.model.ContentletRelationshipsTest" time="1.667"/>
  <system-out><![CDATA[]]></system-out>
  <system-err><![CDATA[]]></system-err>
</testsuite>
