<?xml version="1.0" encoding="UTF-8"?>
<testsuite name="com.dotmarketing.portlets.containers.business.ContainerAPIImplTest" tests="20" skipped="0" failures="0" errors="0" timestamp="2023-06-30T18:29:40" hostname="fv-az247-376" time="88.488">
  <properties/>
  <testcase name="whenFindFileContainerByAbsolutePathAndExistsInCurrentHost" classname="com.dotmarketing.portlets.containers.business.ContainerAPIImplTest" time="8.416"/>
  <testcase name="test_get_live_not_found" classname="com.dotmarketing.portlets.containers.business.ContainerAPIImplTest" time="0.004"/>
  <testcase name="whenFindContainerByIdAndUserNotHasPermission" classname="com.dotmarketing.portlets.containers.business.ContainerAPIImplTest" time="8.086"/>
  <testcase name="test_get_container_by_folder_found" classname="com.dotmarketing.portlets.containers.business.ContainerAPIImplTest" time="7.154"/>
  <testcase name="whenFindPublishContainerByIdAndExistsAndLiveTrue" classname="com.dotmarketing.portlets.containers.business.ContainerAPIImplTest" time="0.23"/>
  <testcase name="whenFindPublishContainerByIdAndExistsAndLiveFalse" classname="com.dotmarketing.portlets.containers.business.ContainerAPIImplTest" time="1.014"/>
  <testcase name="test_find_all_containers_success" classname="com.dotmarketing.portlets.containers.business.ContainerAPIImplTest" time="6.778"/>
  <testcase name="whenFindFileContainerByAbsolutePathAndExists" classname="com.dotmarketing.portlets.containers.business.ContainerAPIImplTest" time="7.05"/>
  <testcase name="whenFindFileContainerByRelativePathAndNotExists" classname="com.dotmarketing.portlets.containers.business.ContainerAPIImplTest" time="0.0"/>
  <testcase name="whenFindPublishedFileContainerByAbsolutePathAndExists" classname="com.dotmarketing.portlets.containers.business.ContainerAPIImplTest" time="7.292"/>
  <testcase name="test_getContainerByFolder_cache" classname="com.dotmarketing.portlets.containers.business.ContainerAPIImplTest" time="1.14"/>
  <testcase name="test_containerapi_find_by_inode" classname="com.dotmarketing.portlets.containers.business.ContainerAPIImplTest" time="0.858"/>
  <testcase name="getContentTypesInContainer" classname="com.dotmarketing.portlets.containers.business.ContainerAPIImplTest" time="4.049"/>
  <testcase name="test_find_container_not_found" classname="com.dotmarketing.portlets.containers.business.ContainerAPIImplTest" time="1.001"/>
  <testcase name="whenFindContainerByIdAndExists" classname="com.dotmarketing.portlets.containers.business.ContainerAPIImplTest" time="0.008"/>
  <testcase name="whenUserNotHavePermissionInDefaultHost" classname="com.dotmarketing.portlets.containers.business.ContainerAPIImplTest" time="8.975"/>
  <testcase name="test_get_working_found" classname="com.dotmarketing.portlets.containers.business.ContainerAPIImplTest" time="8.265"/>
  <testcase name="whenFindFileContainerByAbsolutePathAndExistsInDefaultHost" classname="com.dotmarketing.portlets.containers.business.ContainerAPIImplTest" time="8.084"/>
  <testcase name="whenUserNotHavePermissionInCurrentHost" classname="com.dotmarketing.portlets.containers.business.ContainerAPIImplTest" time="10.081"/>
  <testcase name="whenFindContainerByIdAndNotExists" classname="com.dotmarketing.portlets.containers.business.ContainerAPIImplTest" time="0.001"/>
  <system-out><![CDATA[]]></system-out>
  <system-err><![CDATA[]]></system-err>
</testsuite>
