<?xml version="1.0" encoding="UTF-8"?>
<testsuite name="com.dotmarketing.portlets.rules.conditionlet.VisitorOperatingSystemConditionletTest" tests="2" skipped="0" failures="0" errors="0" timestamp="2023-07-03T17:36:30" hostname="fv-az218-411" time="0.005">
  <properties/>
  <testcase name="testEvaluateIs" classname="com.dotmarketing.portlets.rules.conditionlet.VisitorOperatingSystemConditionletTest" time="0.003"/>
  <testcase name="testEvaluateIsNot" classname="com.dotmarketing.portlets.rules.conditionlet.VisitorOperatingSystemConditionletTest" time="0.001"/>
  <system-out><![CDATA[]]></system-out>
  <system-err><![CDATA[]]></system-err>
</testsuite>
