<?xml version="1.0" encoding="UTF-8"?>
<testsuite name="com.dotcms.rest.api.v1.relationships.RelationshipsResourceTest" tests="3" skipped="0" failures="0" errors="0" timestamp="2023-06-28T03:22:45" hostname="fv-az1032-241" time="2.466">
  <properties/>
  <testcase name="testGetOneSidedRelationships" classname="com.dotcms.rest.api.v1.relationships.RelationshipsResourceTest" time="0.87"/>
  <testcase name="testGetOneSidedRelationshipsWithInvalidContentTypeReturnsBadRequest" classname="com.dotcms.rest.api.v1.relationships.RelationshipsResourceTest" time="0.797"/>
  <testcase name="testGetOneSidedRelationshipsWithoutContentTypeReturnsBadRequest" classname="com.dotcms.rest.api.v1.relationships.RelationshipsResourceTest" time="0.798"/>
  <system-out><![CDATA[]]></system-out>
  <system-err><![CDATA[]]></system-err>
</testsuite>
