<?xml version="1.0" encoding="UTF-8"?>
<testsuite name="com.dotcms.publisher.util.DependencyModDateUtilTest" tests="48" skipped="0" failures="0" errors="0" timestamp="2023-07-12T19:13:16" hostname="fv-az621-917" time="97.761">
  <properties/>
  <testcase name="excludeByModDateContentNotPushBefore: ForcePush: com.dotcms.publisher.util.DependencyModDateUtilTest$TestCase@3db196d6" classname="com.dotcms.publisher.util.DependencyModDateUtilTest" time="1.813"/>
  <testcase name="excludeByModDateContentNotPushBefore: ForcePush: com.dotcms.publisher.util.DependencyModDateUtilTest$TestCase@7d02e5ea" classname="com.dotcms.publisher.util.DependencyModDateUtilTest" time="2.066"/>
  <testcase name="excludeByModDateContentNotPushBefore: ForcePush: com.dotcms.publisher.util.DependencyModDateUtilTest$TestCase@65d6f337" classname="com.dotcms.publisher.util.DependencyModDateUtilTest" time="2.016"/>
  <testcase name="excludeByModDateContentNotPushBefore: ForcePush: com.dotcms.publisher.util.DependencyModDateUtilTest$TestCase@7a19222e" classname="com.dotcms.publisher.util.DependencyModDateUtilTest" time="2.124"/>
  <testcase name="excludeByModDateContentNotPushBefore: ForcePush: com.dotcms.publisher.util.DependencyModDateUtilTest$TestCase@4baf0c9d" classname="com.dotcms.publisher.util.DependencyModDateUtilTest" time="1.948"/>
  <testcase name="excludeByModDateContentNotPushBefore: ForcePush: com.dotcms.publisher.util.DependencyModDateUtilTest$TestCase@21e88db7" classname="com.dotcms.publisher.util.DependencyModDateUtilTest" time="2.051"/>
  <testcase name="excludeByModDateContentNotPushBefore: ForcePush: com.dotcms.publisher.util.DependencyModDateUtilTest$TestCase@73759df6" classname="com.dotcms.publisher.util.DependencyModDateUtilTest" time="2.05"/>
  <testcase name="excludeByModDateContentNotPushBefore: ForcePush: com.dotcms.publisher.util.DependencyModDateUtilTest$TestCase@40cec9e4" classname="com.dotcms.publisher.util.DependencyModDateUtilTest" time="2.051"/>
  <testcase name="excludeByModDateContentNotPushBefore: ForcePush: com.dotcms.publisher.util.DependencyModDateUtilTest$TestCase@73b6fe84" classname="com.dotcms.publisher.util.DependencyModDateUtilTest" time="2.027"/>
  <testcase name="excludeByModDateContentNotPushBefore: ForcePush: com.dotcms.publisher.util.DependencyModDateUtilTest$TestCase@16d64070" classname="com.dotcms.publisher.util.DependencyModDateUtilTest" time="2.031"/>
  <testcase name="excludeByModDateContentNotPushBefore: ForcePush: com.dotcms.publisher.util.DependencyModDateUtilTest$TestCase@4993e571" classname="com.dotcms.publisher.util.DependencyModDateUtilTest" time="2.038"/>
  <testcase name="excludeByModDateContentNotPushBefore: ForcePush: com.dotcms.publisher.util.DependencyModDateUtilTest$TestCase@7fa4844e" classname="com.dotcms.publisher.util.DependencyModDateUtilTest" time="2.054"/>
  <testcase name="excludeByModDateContentWithPushAssetAfterModDate: ForcePush: com.dotcms.publisher.util.DependencyModDateUtilTest$TestCase@3db196d6" classname="com.dotcms.publisher.util.DependencyModDateUtilTest" time="2.13"/>
  <testcase name="excludeByModDateContentWithPushAssetAfterModDate: ForcePush: com.dotcms.publisher.util.DependencyModDateUtilTest$TestCase@7d02e5ea" classname="com.dotcms.publisher.util.DependencyModDateUtilTest" time="1.929"/>
  <testcase name="excludeByModDateContentWithPushAssetAfterModDate: ForcePush: com.dotcms.publisher.util.DependencyModDateUtilTest$TestCase@65d6f337" classname="com.dotcms.publisher.util.DependencyModDateUtilTest" time="2.043"/>
  <testcase name="excludeByModDateContentWithPushAssetAfterModDate: ForcePush: com.dotcms.publisher.util.DependencyModDateUtilTest$TestCase@7a19222e" classname="com.dotcms.publisher.util.DependencyModDateUtilTest" time="2.065"/>
  <testcase name="excludeByModDateContentWithPushAssetAfterModDate: ForcePush: com.dotcms.publisher.util.DependencyModDateUtilTest$TestCase@4baf0c9d" classname="com.dotcms.publisher.util.DependencyModDateUtilTest" time="2.094"/>
  <testcase name="excludeByModDateContentWithPushAssetAfterModDate: ForcePush: com.dotcms.publisher.util.DependencyModDateUtilTest$TestCase@21e88db7" classname="com.dotcms.publisher.util.DependencyModDateUtilTest" time="1.968"/>
  <testcase name="excludeByModDateContentWithPushAssetAfterModDate: ForcePush: com.dotcms.publisher.util.DependencyModDateUtilTest$TestCase@73759df6" classname="com.dotcms.publisher.util.DependencyModDateUtilTest" time="2.129"/>
  <testcase name="excludeByModDateContentWithPushAssetAfterModDate: ForcePush: com.dotcms.publisher.util.DependencyModDateUtilTest$TestCase@40cec9e4" classname="com.dotcms.publisher.util.DependencyModDateUtilTest" time="2.03"/>
  <testcase name="excludeByModDateContentWithPushAssetAfterModDate: ForcePush: com.dotcms.publisher.util.DependencyModDateUtilTest$TestCase@73b6fe84" classname="com.dotcms.publisher.util.DependencyModDateUtilTest" time="2.038"/>
  <testcase name="excludeByModDateContentWithPushAssetAfterModDate: ForcePush: com.dotcms.publisher.util.DependencyModDateUtilTest$TestCase@16d64070" classname="com.dotcms.publisher.util.DependencyModDateUtilTest" time="2.15"/>
  <testcase name="excludeByModDateContentWithPushAssetAfterModDate: ForcePush: com.dotcms.publisher.util.DependencyModDateUtilTest$TestCase@4993e571" classname="com.dotcms.publisher.util.DependencyModDateUtilTest" time="1.912"/>
  <testcase name="excludeByModDateContentWithPushAssetAfterModDate: ForcePush: com.dotcms.publisher.util.DependencyModDateUtilTest$TestCase@7fa4844e" classname="com.dotcms.publisher.util.DependencyModDateUtilTest" time="2.039"/>
  <testcase name="excludeByModDateContentWithPushAssetBeforeModDate: ForcePush: com.dotcms.publisher.util.DependencyModDateUtilTest$TestCase@3db196d6" classname="com.dotcms.publisher.util.DependencyModDateUtilTest" time="2.021"/>
  <testcase name="excludeByModDateContentWithPushAssetBeforeModDate: ForcePush: com.dotcms.publisher.util.DependencyModDateUtilTest$TestCase@7d02e5ea" classname="com.dotcms.publisher.util.DependencyModDateUtilTest" time="2.049"/>
  <testcase name="excludeByModDateContentWithPushAssetBeforeModDate: ForcePush: com.dotcms.publisher.util.DependencyModDateUtilTest$TestCase@65d6f337" classname="com.dotcms.publisher.util.DependencyModDateUtilTest" time="2.026"/>
  <testcase name="excludeByModDateContentWithPushAssetBeforeModDate: ForcePush: com.dotcms.publisher.util.DependencyModDateUtilTest$TestCase@7a19222e" classname="com.dotcms.publisher.util.DependencyModDateUtilTest" time="2.054"/>
  <testcase name="excludeByModDateContentWithPushAssetBeforeModDate: ForcePush: com.dotcms.publisher.util.DependencyModDateUtilTest$TestCase@4baf0c9d" classname="com.dotcms.publisher.util.DependencyModDateUtilTest" time="2.03"/>
  <testcase name="excludeByModDateContentWithPushAssetBeforeModDate: ForcePush: com.dotcms.publisher.util.DependencyModDateUtilTest$TestCase@21e88db7" classname="com.dotcms.publisher.util.DependencyModDateUtilTest" time="2.031"/>
  <testcase name="excludeByModDateContentWithPushAssetBeforeModDate: ForcePush: com.dotcms.publisher.util.DependencyModDateUtilTest$TestCase@73759df6" classname="com.dotcms.publisher.util.DependencyModDateUtilTest" time="2.097"/>
  <testcase name="excludeByModDateContentWithPushAssetBeforeModDate: ForcePush: com.dotcms.publisher.util.DependencyModDateUtilTest$TestCase@40cec9e4" classname="com.dotcms.publisher.util.DependencyModDateUtilTest" time="1.996"/>
  <testcase name="excludeByModDateContentWithPushAssetBeforeModDate: ForcePush: com.dotcms.publisher.util.DependencyModDateUtilTest$TestCase@73b6fe84" classname="com.dotcms.publisher.util.DependencyModDateUtilTest" time="2.058"/>
  <testcase name="excludeByModDateContentWithPushAssetBeforeModDate: ForcePush: com.dotcms.publisher.util.DependencyModDateUtilTest$TestCase@16d64070" classname="com.dotcms.publisher.util.DependencyModDateUtilTest" time="2.048"/>
  <testcase name="excludeByModDateContentWithPushAssetBeforeModDate: ForcePush: com.dotcms.publisher.util.DependencyModDateUtilTest$TestCase@4993e571" classname="com.dotcms.publisher.util.DependencyModDateUtilTest" time="2.087"/>
  <testcase name="excludeByModDateContentWithPushAssetBeforeModDate: ForcePush: com.dotcms.publisher.util.DependencyModDateUtilTest$TestCase@7fa4844e" classname="com.dotcms.publisher.util.DependencyModDateUtilTest" time="1.955"/>
  <testcase name="excludeByModDateContentWithTwoEnvironment: ForcePush: com.dotcms.publisher.util.DependencyModDateUtilTest$TestCase@3db196d6" classname="com.dotcms.publisher.util.DependencyModDateUtilTest" time="2.052"/>
  <testcase name="excludeByModDateContentWithTwoEnvironment: ForcePush: com.dotcms.publisher.util.DependencyModDateUtilTest$TestCase@7d02e5ea" classname="com.dotcms.publisher.util.DependencyModDateUtilTest" time="2.032"/>
  <testcase name="excludeByModDateContentWithTwoEnvironment: ForcePush: com.dotcms.publisher.util.DependencyModDateUtilTest$TestCase@65d6f337" classname="com.dotcms.publisher.util.DependencyModDateUtilTest" time="2.048"/>
  <testcase name="excludeByModDateContentWithTwoEnvironment: ForcePush: com.dotcms.publisher.util.DependencyModDateUtilTest$TestCase@7a19222e" classname="com.dotcms.publisher.util.DependencyModDateUtilTest" time="2.108"/>
  <testcase name="excludeByModDateContentWithTwoEnvironment: ForcePush: com.dotcms.publisher.util.DependencyModDateUtilTest$TestCase@4baf0c9d" classname="com.dotcms.publisher.util.DependencyModDateUtilTest" time="1.96"/>
  <testcase name="excludeByModDateContentWithTwoEnvironment: ForcePush: com.dotcms.publisher.util.DependencyModDateUtilTest$TestCase@21e88db7" classname="com.dotcms.publisher.util.DependencyModDateUtilTest" time="2.079"/>
  <testcase name="excludeByModDateContentWithTwoEnvironment: ForcePush: com.dotcms.publisher.util.DependencyModDateUtilTest$TestCase@73759df6" classname="com.dotcms.publisher.util.DependencyModDateUtilTest" time="2.032"/>
  <testcase name="excludeByModDateContentWithTwoEnvironment: ForcePush: com.dotcms.publisher.util.DependencyModDateUtilTest$TestCase@40cec9e4" classname="com.dotcms.publisher.util.DependencyModDateUtilTest" time="2.077"/>
  <testcase name="excludeByModDateContentWithTwoEnvironment: ForcePush: com.dotcms.publisher.util.DependencyModDateUtilTest$TestCase@73b6fe84" classname="com.dotcms.publisher.util.DependencyModDateUtilTest" time="2.012"/>
  <testcase name="excludeByModDateContentWithTwoEnvironment: ForcePush: com.dotcms.publisher.util.DependencyModDateUtilTest$TestCase@16d64070" classname="com.dotcms.publisher.util.DependencyModDateUtilTest" time="2.046"/>
  <testcase name="excludeByModDateContentWithTwoEnvironment: ForcePush: com.dotcms.publisher.util.DependencyModDateUtilTest$TestCase@4993e571" classname="com.dotcms.publisher.util.DependencyModDateUtilTest" time="2.028"/>
  <testcase name="excludeByModDateContentWithTwoEnvironment: ForcePush: com.dotcms.publisher.util.DependencyModDateUtilTest$TestCase@7fa4844e" classname="com.dotcms.publisher.util.DependencyModDateUtilTest" time="2.034"/>
  <system-out><![CDATA[]]></system-out>
  <system-err><![CDATA[]]></system-err>
</testsuite>
