<?xml version="1.0" encoding="UTF-8"?>
<testsuite name="com.dotmarketing.servlets.ajax.AjaxDirectorServletIntegrationTest" tests="2" skipped="0" failures="0" errors="0" timestamp="2023-06-29T19:13:56" hostname="fv-az453-135" time="3.994">
  <properties/>
  <testcase name="testService[0: com.dotmarketing.servlets.ajax.AjaxDirectorServletTestCase@7798eb16]" classname="com.dotmarketing.servlets.ajax.AjaxDirectorServletIntegrationTest" time="2.299"/>
  <testcase name="testService[1: com.dotmarketing.servlets.ajax.AjaxDirectorServletTestCase@9cdb156]" classname="com.dotmarketing.servlets.ajax.AjaxDirectorServletIntegrationTest" time="1.695"/>
  <system-out><![CDATA[]]></system-out>
  <system-err><![CDATA[]]></system-err>
</testsuite>
