<?xml version="1.0" encoding="UTF-8"?>
<testsuite name="com.dotcms.rest.api.v1.vtl.VTLResourceIntegrationTest" tests="6" skipped="0" failures="0" errors="0" timestamp="2023-06-29T05:40:58" hostname="fv-az343-696" time="8.921">
  <properties/>
  <testcase name="testGet[0: com.dotcms.rest.api.v1.vtl.VTLResourceTestCase@eee2c7d]" classname="com.dotcms.rest.api.v1.vtl.VTLResourceIntegrationTest" time="0.992"/>
  <testcase name="testGet[1: com.dotcms.rest.api.v1.vtl.VTLResourceTestCase@41a75e36]" classname="com.dotcms.rest.api.v1.vtl.VTLResourceIntegrationTest" time="0.962"/>
  <testcase name="testGet[2: com.dotcms.rest.api.v1.vtl.VTLResourceTestCase@2d54d188]" classname="com.dotcms.rest.api.v1.vtl.VTLResourceIntegrationTest" time="1.015"/>
  <testcase name="testGet[3: com.dotcms.rest.api.v1.vtl.VTLResourceTestCase@6d46a680]" classname="com.dotcms.rest.api.v1.vtl.VTLResourceIntegrationTest" time="1.973"/>
  <testcase name="testGet[4: com.dotcms.rest.api.v1.vtl.VTLResourceTestCase@1234e291]" classname="com.dotcms.rest.api.v1.vtl.VTLResourceIntegrationTest" time="1.978"/>
  <testcase name="testGet[5: com.dotcms.rest.api.v1.vtl.VTLResourceTestCase@6919480f]" classname="com.dotcms.rest.api.v1.vtl.VTLResourceIntegrationTest" time="2.0"/>
  <system-out><![CDATA[]]></system-out>
  <system-err><![CDATA[]]></system-err>
</testsuite>
