<?xml version="1.0" encoding="UTF-8"?>
<testsuite name="com.dotmarketing.portlets.rules.business.RulesCacheFTest" tests="9" skipped="0" failures="0" errors="0" timestamp="2023-07-08T05:38:59" hostname="fv-az351-324" time="0.263">
  <properties/>
  <testcase name="testgetRulesByParentFireOnReturnsNullWhenConditionOfCachedRuleOnSameHostIsDeleted" classname="com.dotmarketing.portlets.rules.business.RulesCacheFTest" time="0.032"/>
  <testcase name="testgetRulesByParentFireOnReturnsNullWhenConditionValueOfCachedRuleOnSameHostIsDeleted" classname="com.dotmarketing.portlets.rules.business.RulesCacheFTest" time="0.032"/>
  <testcase name="testgetRulesByParentFireOnReturnsNullWhenConditionGroupOfCachedRuleOnSameHostIsUpdated" classname="com.dotmarketing.portlets.rules.business.RulesCacheFTest" time="0.022"/>
  <testcase name="testgetRulesByParentFireOnReturnsNullWhenConditionsOfCachedRuleOnSameHostAreDeletedByGroup" classname="com.dotmarketing.portlets.rules.business.RulesCacheFTest" time="0.028"/>
  <testcase name="testgetRulesByParentFireOnReturnsNullWhenConditionOfCachedRuleOnSameHostIsUpdated" classname="com.dotmarketing.portlets.rules.business.RulesCacheFTest" time="0.034"/>
  <testcase name="testgetRulesByParentFireOnReturnsNullWhenConditionValuesOfCachedRuleOnSameHostIsDeleted" classname="com.dotmarketing.portlets.rules.business.RulesCacheFTest" time="0.032"/>
  <testcase name="testgetRulesByParentFireOnReturnsNullWhenCachedRuleOnSameHostIsUpdated" classname="com.dotmarketing.portlets.rules.business.RulesCacheFTest" time="0.035"/>
  <testcase name="testgetRulesByParentFireOnReturnsNullWhenConditionValueOfCachedRuleOnSameHostIsUpdated" classname="com.dotmarketing.portlets.rules.business.RulesCacheFTest" time="0.027"/>
  <testcase name="testgetRulesByParentFireOnReturnsNullWhenConditionGroupOfCachedRuleOnSameHostIsDeleted" classname="com.dotmarketing.portlets.rules.business.RulesCacheFTest" time="0.02"/>
  <system-out><![CDATA[]]></system-out>
  <system-err><![CDATA[]]></system-err>
</testsuite>
