<?xml version="1.0" encoding="UTF-8"?>
<testsuite name="com.dotmarketing.portlets.contentlet.business.web.ContentletWebAPIImplIntegrationTest" tests="8" skipped="0" failures="0" errors="0" timestamp="2023-07-17T19:09:19" hostname="fv-az305-30" time="19.911">
  <properties/>
  <testcase name="whenOldNameIsSubstring" classname="com.dotmarketing.portlets.contentlet.business.web.ContentletWebAPIImplIntegrationTest" time="3.515"/>
  <testcase name="whenHostNameChangeShouldUpdateContainerPath" classname="com.dotmarketing.portlets.contentlet.business.web.ContentletWebAPIImplIntegrationTest" time="3.069"/>
  <testcase name="whenHostNameNotChange" classname="com.dotmarketing.portlets.contentlet.business.web.ContentletWebAPIImplIntegrationTest" time="2.958"/>
  <testcase name="whenHostNameChangeShouldUpdatePageTemplatePath" classname="com.dotmarketing.portlets.contentlet.business.web.ContentletWebAPIImplIntegrationTest" time="1.552"/>
  <testcase name="whenHostNameChangeWithLegacyTemplateLayout" classname="com.dotmarketing.portlets.contentlet.business.web.ContentletWebAPIImplIntegrationTest" time="3.563"/>
  <testcase name="whenNewNameIsSubstring" classname="com.dotmarketing.portlets.contentlet.business.web.ContentletWebAPIImplIntegrationTest" time="3.022"/>
  <testcase name="testSavePersonaWithLicenseShouldPass" classname="com.dotmarketing.portlets.contentlet.business.web.ContentletWebAPIImplIntegrationTest" time="1.143"/>
  <testcase name="testSavePersonaWithoutLicenseShouldFail" classname="com.dotmarketing.portlets.contentlet.business.web.ContentletWebAPIImplIntegrationTest" time="1.089"/>
  <system-out><![CDATA[]]></system-out>
  <system-err><![CDATA[]]></system-err>
</testsuite>
