<?xml version="1.0" encoding="UTF-8"?>
<testsuite name="com.dotcms.rest.BundlePublisherResourceIntegrationTest" tests="1" skipped="0" failures="0" errors="0" timestamp="2023-07-18T22:20:38" hostname="fv-az749-132" time="0.015">
  <properties/>
  <testcase name="publishShouldReturnLicenseException" classname="com.dotcms.rest.BundlePublisherResourceIntegrationTest" time="0.015"/>
  <system-out><![CDATA[]]></system-out>
  <system-err><![CDATA[]]></system-err>
</testsuite>
