<?xml version="1.0" encoding="UTF-8"?>
<testsuite name="com.dotcms.enterprise.publishing.remote.PushPublishBundleGeneratorTest" tests="10" skipped="0" failures="0" errors="0" timestamp="2023-06-27T20:26:34" hostname="fv-az338-385" time="15.092">
  <properties/>
  <testcase name="Test_GenerateBundle_PageWithTemplateDeleted_PageSuccessfullyAddedToBundle" classname="com.dotcms.enterprise.publishing.remote.PushPublishBundleGeneratorTest" time="1.357"/>
  <testcase name="testGenerateBundleWithFilter_DependenciesFalse_TemplateContainerFolderContenttypeContentlet_NotAdded" classname="com.dotcms.enterprise.publishing.remote.PushPublishBundleGeneratorTest" time="1.394"/>
  <testcase name="testGenerateBundleWithFilter_ExcludeDependencyQuery_ContentFromChildContentType_NotAdded" classname="com.dotcms.enterprise.publishing.remote.PushPublishBundleGeneratorTest" time="1.624"/>
  <testcase name="testGenerateBundleWithFilter_RelationshipsFalse_ChildcontentletChildcontentyypeRelationship_NotAdded" classname="com.dotcms.enterprise.publishing.remote.PushPublishBundleGeneratorTest" time="2.607"/>
  <testcase name="Test_GenerateBundle_FileAssetZeroBytes_ContentAllowZeroLengthFilesSetToTrue_Success" classname="com.dotcms.enterprise.publishing.remote.PushPublishBundleGeneratorTest" time="1.642"/>
  <testcase name="Test_GenerateBundle_FileAssetZeroBytes_ContentAllowZeroLengthFilesSetToFalse_DotBundleException" classname="com.dotcms.enterprise.publishing.remote.PushPublishBundleGeneratorTest" time="0.997"/>
  <testcase name="testGenerateBundleWithFilter_ExcludeClasses_TemplateContainer_NotAdded" classname="com.dotcms.enterprise.publishing.remote.PushPublishBundleGeneratorTest" time="0.164"/>
  <testcase name="testGenerateBundle_FilterDependenciesAndForcePushFalse_ContentExplicitlyAddedMustBePushedRegardlessPushDate" classname="com.dotcms.enterprise.publishing.remote.PushPublishBundleGeneratorTest" time="1.612"/>
  <testcase name="testGenerateBundleWithFilter_ExcludeDependencyClasses_ContentTypeWorkflow_NotAdded" classname="com.dotcms.enterprise.publishing.remote.PushPublishBundleGeneratorTest" time="1.656"/>
  <testcase name="testGenerateBundleWithFilter_ExcludeQuery_BaseTypeWidget_NotAdded" classname="com.dotcms.enterprise.publishing.remote.PushPublishBundleGeneratorTest" time="2.038"/>
  <system-out><![CDATA[]]></system-out>
  <system-err><![CDATA[]]></system-err>
</testsuite>
