<?xml version="1.0" encoding="UTF-8"?>
<testsuite name="com.dotcms.publishing.manifest.CSVManifestReaderTest" tests="34" skipped="0" failures="0" errors="0" timestamp="2023-07-21T23:48:41" hostname="fv-az398-443" time="0.1">
  <properties/>
  <testcase name="exclude[0: com.dotcms.publishing.manifest.CSVManifestReaderTest$TestCase@3e7a165e]" classname="com.dotcms.publishing.manifest.CSVManifestReaderTest" time="0.007"/>
  <testcase name="exclude[1: com.dotcms.publishing.manifest.CSVManifestReaderTest$TestCase@55f8c702]" classname="com.dotcms.publishing.manifest.CSVManifestReaderTest" time="0.002"/>
  <testcase name="exclude[2: com.dotcms.publishing.manifest.CSVManifestReaderTest$TestCase@4089aa2c]" classname="com.dotcms.publishing.manifest.CSVManifestReaderTest" time="0.003"/>
  <testcase name="exclude[3: com.dotcms.publishing.manifest.CSVManifestReaderTest$TestCase@566cf2f]" classname="com.dotcms.publishing.manifest.CSVManifestReaderTest" time="0.002"/>
  <testcase name="exclude[4: com.dotcms.publishing.manifest.CSVManifestReaderTest$TestCase@6bc0f13b]" classname="com.dotcms.publishing.manifest.CSVManifestReaderTest" time="0.002"/>
  <testcase name="exclude[5: com.dotcms.publishing.manifest.CSVManifestReaderTest$TestCase@7893fb96]" classname="com.dotcms.publishing.manifest.CSVManifestReaderTest" time="0.003"/>
  <testcase name="exclude[6: com.dotcms.publishing.manifest.CSVManifestReaderTest$TestCase@7546e662]" classname="com.dotcms.publishing.manifest.CSVManifestReaderTest" time="0.002"/>
  <testcase name="exclude[7: com.dotcms.publishing.manifest.CSVManifestReaderTest$TestCase@46ea4052]" classname="com.dotcms.publishing.manifest.CSVManifestReaderTest" time="0.003"/>
  <testcase name="exclude[8: com.dotcms.publishing.manifest.CSVManifestReaderTest$TestCase@2a4f389d]" classname="com.dotcms.publishing.manifest.CSVManifestReaderTest" time="0.002"/>
  <testcase name="exclude[9: com.dotcms.publishing.manifest.CSVManifestReaderTest$TestCase@4de73909]" classname="com.dotcms.publishing.manifest.CSVManifestReaderTest" time="0.002"/>
  <testcase name="exclude[10: com.dotcms.publishing.manifest.CSVManifestReaderTest$TestCase@fd0a321]" classname="com.dotcms.publishing.manifest.CSVManifestReaderTest" time="0.002"/>
  <testcase name="exclude[11: com.dotcms.publishing.manifest.CSVManifestReaderTest$TestCase@1bac8a59]" classname="com.dotcms.publishing.manifest.CSVManifestReaderTest" time="0.002"/>
  <testcase name="exclude[12: com.dotcms.publishing.manifest.CSVManifestReaderTest$TestCase@4874d261]" classname="com.dotcms.publishing.manifest.CSVManifestReaderTest" time="0.002"/>
  <testcase name="exclude[13: com.dotcms.publishing.manifest.CSVManifestReaderTest$TestCase@3caf8517]" classname="com.dotcms.publishing.manifest.CSVManifestReaderTest" time="0.003"/>
  <testcase name="exclude[14: com.dotcms.publishing.manifest.CSVManifestReaderTest$TestCase@366cf008]" classname="com.dotcms.publishing.manifest.CSVManifestReaderTest" time="0.002"/>
  <testcase name="createCSVManifestReaderWithInputStream" classname="com.dotcms.publishing.manifest.CSVManifestReaderTest" time="0.021"/>
  <testcase name="emptyManifestFile" classname="com.dotcms.publishing.manifest.CSVManifestReaderTest" time="0.001"/>
  <testcase name="getAssets" classname="com.dotcms.publishing.manifest.CSVManifestReaderTest" time="0.02"/>
  <testcase name="getMetadata" classname="com.dotcms.publishing.manifest.CSVManifestReaderTest" time="0.002"/>
  <testcase name="include[0: com.dotcms.publishing.manifest.CSVManifestReaderTest$TestCase@3e7a165e]" classname="com.dotcms.publishing.manifest.CSVManifestReaderTest" time="0.001"/>
  <testcase name="include[1: com.dotcms.publishing.manifest.CSVManifestReaderTest$TestCase@55f8c702]" classname="com.dotcms.publishing.manifest.CSVManifestReaderTest" time="0.001"/>
  <testcase name="include[2: com.dotcms.publishing.manifest.CSVManifestReaderTest$TestCase@4089aa2c]" classname="com.dotcms.publishing.manifest.CSVManifestReaderTest" time="0.001"/>
  <testcase name="include[3: com.dotcms.publishing.manifest.CSVManifestReaderTest$TestCase@566cf2f]" classname="com.dotcms.publishing.manifest.CSVManifestReaderTest" time="0.001"/>
  <testcase name="include[4: com.dotcms.publishing.manifest.CSVManifestReaderTest$TestCase@6bc0f13b]" classname="com.dotcms.publishing.manifest.CSVManifestReaderTest" time="0.001"/>
  <testcase name="include[5: com.dotcms.publishing.manifest.CSVManifestReaderTest$TestCase@7893fb96]" classname="com.dotcms.publishing.manifest.CSVManifestReaderTest" time="0.001"/>
  <testcase name="include[6: com.dotcms.publishing.manifest.CSVManifestReaderTest$TestCase@7546e662]" classname="com.dotcms.publishing.manifest.CSVManifestReaderTest" time="0.001"/>
  <testcase name="include[7: com.dotcms.publishing.manifest.CSVManifestReaderTest$TestCase@46ea4052]" classname="com.dotcms.publishing.manifest.CSVManifestReaderTest" time="0.001"/>
  <testcase name="include[8: com.dotcms.publishing.manifest.CSVManifestReaderTest$TestCase@2a4f389d]" classname="com.dotcms.publishing.manifest.CSVManifestReaderTest" time="0.001"/>
  <testcase name="include[9: com.dotcms.publishing.manifest.CSVManifestReaderTest$TestCase@4de73909]" classname="com.dotcms.publishing.manifest.CSVManifestReaderTest" time="0.001"/>
  <testcase name="include[10: com.dotcms.publishing.manifest.CSVManifestReaderTest$TestCase@fd0a321]" classname="com.dotcms.publishing.manifest.CSVManifestReaderTest" time="0.001"/>
  <testcase name="include[11: com.dotcms.publishing.manifest.CSVManifestReaderTest$TestCase@1bac8a59]" classname="com.dotcms.publishing.manifest.CSVManifestReaderTest" time="0.001"/>
  <testcase name="include[12: com.dotcms.publishing.manifest.CSVManifestReaderTest$TestCase@4874d261]" classname="com.dotcms.publishing.manifest.CSVManifestReaderTest" time="0.001"/>
  <testcase name="include[13: com.dotcms.publishing.manifest.CSVManifestReaderTest$TestCase@3caf8517]" classname="com.dotcms.publishing.manifest.CSVManifestReaderTest" time="0.001"/>
  <testcase name="include[14: com.dotcms.publishing.manifest.CSVManifestReaderTest$TestCase@366cf008]" classname="com.dotcms.publishing.manifest.CSVManifestReaderTest" time="0.001"/>
  <system-out><![CDATA[]]></system-out>
  <system-err><![CDATA[]]></system-err>
</testsuite>
