<?xml version="1.0" encoding="UTF-8"?>
<testsuite name="com.dotcms.rendering.velocity.viewtools.WorkflowToolTest" tests="2" skipped="0" failures="0" errors="0" timestamp="2023-06-27T19:49:01" hostname="fv-az1246-735" time="2.595">
  <properties/>
  <testcase name="testFire[0: com.dotcms.rendering.velocity.viewtools.WorkflowToolFireTestCase@1a65732e]" classname="com.dotcms.rendering.velocity.viewtools.WorkflowToolTest" time="1.369"/>
  <testcase name="testFire[1: com.dotcms.rendering.velocity.viewtools.WorkflowToolFireTestCase@fb24b47]" classname="com.dotcms.rendering.velocity.viewtools.WorkflowToolTest" time="1.225"/>
  <system-out><![CDATA[]]></system-out>
  <system-err><![CDATA[]]></system-err>
</testsuite>
