<?xml version="1.0" encoding="UTF-8"?>
<testsuite name="com.dotcms.rest.elasticsearch.ESContentResourcePortletTest" tests="8" skipped="0" failures="0" errors="0" timestamp="2023-07-17T23:36:13" hostname="fv-az362-624" time="8.434">
  <properties/>
  <testcase name="test_search_includeGrandChildCategory_success" classname="com.dotcms.rest.elasticsearch.ESContentResourcePortletTest" time="1.934"/>
  <testcase name="testSearch[0: com.dotcms.rest.elasticsearch.ESContentResourcePortletTest$TestCase@13da4ffc]" classname="com.dotcms.rest.elasticsearch.ESContentResourcePortletTest" time="1.126"/>
  <testcase name="testSearch[1: com.dotcms.rest.elasticsearch.ESContentResourcePortletTest$TestCase@4a0c8001]" classname="com.dotcms.rest.elasticsearch.ESContentResourcePortletTest" time="1.323"/>
  <testcase name="testSearch[2: com.dotcms.rest.elasticsearch.ESContentResourcePortletTest$TestCase@558fe612]" classname="com.dotcms.rest.elasticsearch.ESContentResourcePortletTest" time="1.114"/>
  <testcase name="testSearch[3: com.dotcms.rest.elasticsearch.ESContentResourcePortletTest$TestCase@58d306fa]" classname="com.dotcms.rest.elasticsearch.ESContentResourcePortletTest" time="0.337"/>
  <testcase name="testSearch[4: com.dotcms.rest.elasticsearch.ESContentResourcePortletTest$TestCase@193707b3]" classname="com.dotcms.rest.elasticsearch.ESContentResourcePortletTest" time="0.414"/>
  <testcase name="testSearch[5: com.dotcms.rest.elasticsearch.ESContentResourcePortletTest$TestCase@3715801c]" classname="com.dotcms.rest.elasticsearch.ESContentResourcePortletTest" time="1.086"/>
  <testcase name="testSearch[6: com.dotcms.rest.elasticsearch.ESContentResourcePortletTest$TestCase@1d804f9a]" classname="com.dotcms.rest.elasticsearch.ESContentResourcePortletTest" time="1.091"/>
  <system-out><![CDATA[]]></system-out>
  <system-err><![CDATA[]]></system-err>
</testsuite>
