<?xml version="1.0" encoding="UTF-8"?>
<testsuite name="com.dotcms.enterprise.publishing.remote.handler.HandlerUtilTest" tests="1" skipped="0" failures="0" errors="0" timestamp="2023-06-26T20:35:05" hostname="fv-az1128-296" time="0.056">
  <properties/>
  <testcase name="setMultiTree_on_diff_orders_should_not_reorder" classname="com.dotcms.enterprise.publishing.remote.handler.HandlerUtilTest" time="0.056"/>
  <system-out><![CDATA[]]></system-out>
  <system-err><![CDATA[]]></system-err>
</testsuite>
