<?xml version="1.0" encoding="UTF-8"?>
<testsuite name="com.dotcms.publishing.PublisherAPITest" tests="10" skipped="0" failures="0" errors="0" timestamp="2023-07-12T19:05:46" hostname="fv-az552-613" time="7.588">
  <properties/>
  <testcase name="test_getFiltersByRole_CMSAdmin_returnAllFilters" classname="com.dotcms.publishing.PublisherAPITest" time="0.809"/>
  <testcase name="test_getFiltersByRole_nonCMSAdmin_RoleHierarchy" classname="com.dotcms.publishing.PublisherAPITest" time="3.324"/>
  <testcase name="test_getFiltersByRole_nonCMSAdmin_userId" classname="com.dotcms.publishing.PublisherAPITest" time="0.858"/>
  <testcase name="test_getFilterDescriptorByKey_emptyKey_returnDefaultFilter" classname="com.dotcms.publishing.PublisherAPITest" time="0.001"/>
  <testcase name="test_addFilter_success" classname="com.dotcms.publishing.PublisherAPITest" time="0.033"/>
  <testcase name="test_createPublisherFilter_withAllFilters" classname="com.dotcms.publishing.PublisherAPITest" time="0.258"/>
  <testcase name="test_getFilterDescriptorByKey_success" classname="com.dotcms.publishing.PublisherAPITest" time="0.001"/>
  <testcase name="test_createPublisherFilter_withSomeFilters" classname="com.dotcms.publishing.PublisherAPITest" time="0.002"/>
  <testcase name="test_publish_fail_retry" classname="com.dotcms.publishing.PublisherAPITest" time="2.301"/>
  <testcase name="test_getFilterDescriptorByKey_filterKeyDoesNotExist_returnDefaultFilter" classname="com.dotcms.publishing.PublisherAPITest" time="0.001"/>
  <system-out><![CDATA[

]]></system-out>
  <system-err><![CDATA[]]></system-err>
</testsuite>
