<?xml version="1.0" encoding="UTF-8"?>
<testsuite name="com.dotcms.rest.TagResourceIntegrationTest" tests="4" skipped="0" failures="0" errors="0" timestamp="2023-06-26T15:08:24" hostname="fv-az180-822" time="0.272">
  <properties/>
  <testcase name="testList[0: com.dotcms.rest.TagResourceTestCase@26dee8c9]" classname="com.dotcms.rest.TagResourceIntegrationTest" time="0.205"/>
  <testcase name="testList[1: com.dotcms.rest.TagResourceTestCase@70170c40]" classname="com.dotcms.rest.TagResourceIntegrationTest" time="0.02"/>
  <testcase name="testList[2: com.dotcms.rest.TagResourceTestCase@126aa125]" classname="com.dotcms.rest.TagResourceIntegrationTest" time="0.022"/>
  <testcase name="testList[3: com.dotcms.rest.TagResourceTestCase@2b9d6962]" classname="com.dotcms.rest.TagResourceIntegrationTest" time="0.023"/>
  <system-out><![CDATA[]]></system-out>
  <system-err><![CDATA[Jun 26, 2023 3:08:24 PM com.dotcms.repackage.org.hibernate.validator.internal.util.Version <clinit>
INFO: HV000001: Hibernate Validator 4.3.2.Final
]]></system-err>
</testsuite>
