<?xml version="1.0" encoding="UTF-8"?>
<testsuite name="com.dotmarketing.startup.runonce.Task220330ChangeVanityURLSiteFieldTypeTest" tests="2" skipped="0" failures="0" errors="0" timestamp="2023-07-11T00:04:22" hostname="fv-az621-762" time="3.69">
  <properties/>
  <testcase name="test_upgradeTask_success" classname="com.dotmarketing.startup.runonce.Task220330ChangeVanityURLSiteFieldTypeTest" time="3.68"/>
  <testcase name="runTUTwice" classname="com.dotmarketing.startup.runonce.Task220330ChangeVanityURLSiteFieldTypeTest" time="0.01"/>
  <system-out><![CDATA[]]></system-out>
  <system-err><![CDATA[]]></system-err>
</testsuite>
