<?xml version="1.0" encoding="UTF-8"?>
<testsuite name="com.dotmarketing.portlets.structure.model.ContentletRelationshipsTest" tests="7" skipped="0" failures="0" errors="0" timestamp="2023-06-30T16:11:36" hostname="fv-az362-636" time="7.874">
  <properties/>
  <testcase name="testDoesAllowOnlyOne[0: com.dotmarketing.portlets.structure.model.ContentletRelationshipsTest$CardinalityTestCase@2bb26607]" classname="com.dotmarketing.portlets.structure.model.ContentletRelationshipsTest" time="0.584"/>
  <testcase name="testDoesAllowOnlyOne[1: com.dotmarketing.portlets.structure.model.ContentletRelationshipsTest$CardinalityTestCase@4bf90f86]" classname="com.dotmarketing.portlets.structure.model.ContentletRelationshipsTest" time="0.473"/>
  <testcase name="testDoesAllowOnlyOne[2: com.dotmarketing.portlets.structure.model.ContentletRelationshipsTest$CardinalityTestCase@5b205eb2]" classname="com.dotmarketing.portlets.structure.model.ContentletRelationshipsTest" time="0.495"/>
  <testcase name="testGetRelationshipRecords[0: com.dotmarketing.portlets.structure.model.ContentletRelationshipsTest$TestCase@b5bb481]" classname="com.dotmarketing.portlets.structure.model.ContentletRelationshipsTest" time="2.31"/>
  <testcase name="testGetRelationshipRecords[1: com.dotmarketing.portlets.structure.model.ContentletRelationshipsTest$TestCase@33e179b3]" classname="com.dotmarketing.portlets.structure.model.ContentletRelationshipsTest" time="2.04"/>
  <testcase name="testGetRelationshipRecords[2: com.dotmarketing.portlets.structure.model.ContentletRelationshipsTest$TestCase@3067d576]" classname="com.dotmarketing.portlets.structure.model.ContentletRelationshipsTest" time="0.954"/>
  <testcase name="testGetRelationshipRecords[3: com.dotmarketing.portlets.structure.model.ContentletRelationshipsTest$TestCase@696bd806]" classname="com.dotmarketing.portlets.structure.model.ContentletRelationshipsTest" time="1.01"/>
  <system-out><![CDATA[]]></system-out>
  <system-err><![CDATA[]]></system-err>
</testsuite>
