<?xml version="1.0" encoding="UTF-8"?>
<testsuite name="com.dotmarketing.business.DeterministicIdentifierAPITest" tests="16" skipped="0" failures="0" errors="0" timestamp="2023-06-27T02:27:18" hostname="fv-az419-343" time="1.022">
  <properties/>
  <testcase name="Test_Category_Path_Seed_And_Id" classname="com.dotmarketing.business.DeterministicIdentifierAPITest" time="0.024"/>
  <testcase name="Test_Language_Deterministic_Id[0: LanguageTestCase{expectedSeed='Language:es:US', expectedHash=4913155, langCode='es', countryCode='US', country='United States'}]" classname="com.dotmarketing.business.DeterministicIdentifierAPITest" time="0.002"/>
  <testcase name="Test_Language_Deterministic_Id[1: LanguageTestCase{expectedSeed='Language:ep:', expectedHash=5292269, langCode='ep', countryCode='', country=''}]" classname="com.dotmarketing.business.DeterministicIdentifierAPITest" time="0.001"/>
  <testcase name="Test_Language_Deterministic_Id[2: LanguageTestCase{expectedSeed='Language:sg:SAG', expectedHash=4713118, langCode='sg', countryCode='SAG', country=''}]" classname="com.dotmarketing.business.DeterministicIdentifierAPITest" time="0.002"/>
  <testcase name="Test_Language_Deterministic_Id[3: LanguageTestCase{expectedSeed='Language:en:NZ', expectedHash=5382528, langCode='en', countryCode='NZ', country='New Zealand'}]" classname="com.dotmarketing.business.DeterministicIdentifierAPITest" time="0.001"/>
  <testcase name="Test_Category_None_Persisted_Category_Should_Return_Deterministic_Id" classname="com.dotmarketing.business.DeterministicIdentifierAPITest" time="0.002"/>
  <testcase name="Test_Asset_Generate_Deterministic_Id_Best_Effort[0: TestCase{versionable=my.host1687832417068.com, parent=System Host, expectedName='my.host1687832417068.com', expectedType='Host'}]" classname="com.dotmarketing.business.DeterministicIdentifierAPITest" time="0.007"/>
  <testcase name="Test_Asset_Generate_Deterministic_Id_Best_Effort[1: TestCase{versionable=com.dotmarketing.portlets.contentlet.model.Contentlet@648e2a[map={modDate=2023-06-27 02:20:17.521, fileName=file3589583341028936389.txt, title=file3589583341028936389.txt, inode=d1429cfc-628d-494c-b967-2720d5b32f8e, __IS_NEW_CONTENT__=true, disabledWYSIWYG=[], host=0ae2b6b3-6dfe-47c2-9b91-3f8807d47c33, stInode=33888b6f-7a8e-4069-b1b6-5c1aa9d0a48d, owner=system, identifier=13b3cc0a-4b94-4feb-bd95-6021fb19ceb8, nullProperties=[wfExpireDate, wfPublishDate, wfActionAssign, wfActionId, wfActionComments, filterKey, whereToSend, wfNeverExpire, _path_to_move, timezoneId, iWantTo, wfPublishTime, wfExpireTime], languageId=1, fileAsset=/home/runner/work/core/custom/assets/d/1/d1429cfc-628d-494c-b967-2720d5b32f8e/fileAsset/file3589583341028936389.txt, folder=d1080a73-9ecf-43de-8250-80f1e25f3236, __disable_workflow__=true, sortOrder=0, modUser=system},lowIndexPriority=false,variantId=DEFAULT], parent=com.dotmarketing.portlets.folders.model.Folder@57b4be7a[identifier=d1080a73-9ecf-43de-8250-80f1e25f3236,name=testName1687832417513,sortOrder=0,showOnMenu=false,hostId=0ae2b6b3-6dfe-47c2-9b91-3f8807d47c33,type=folder,title=testTitle1687832417513,filesMasks=,defaultFileType=33888b6f-7a8e-4069-b1b6-5c1aa9d0a48d,modDate=2023-06-27 02:20:17.517,owner=&lt;null&gt;,iDate=2023-06-27 02:20:17.517,inode=d1080a73-9ecf-43de-8250-80f1e25f3236,path=/testName1687832417513/], expectedName='file3589583341028936389.txt', expectedType='FileAsset'}]" classname="com.dotmarketing.business.DeterministicIdentifierAPITest" time="0.003"/>
  <testcase name="Test_Asset_Generate_Deterministic_Id_Best_Effort[2: TestCase{versionable=com.dotmarketing.portlets.templates.model.Template@1fe90f48, parent=my.host1687832417068.com, expectedName='testTitle1687832417679', expectedType='Template'}]" classname="com.dotmarketing.business.DeterministicIdentifierAPITest" time="0.002"/>
  <testcase name="Test_Asset_Generate_Deterministic_Id_Best_Effort[3: TestCase{versionable=com.dotmarketing.portlets.htmlpageasset.model.HTMLPageAsset@7274aa3d[map={template=b9131cbb-58b6-47c0-8bf2-9ab867d69fa7, owner=system, identifier=ddee76c6-3d18-412f-b1e5-5a9645d6f475, nullProperties=[wfExpireDate, wfPublishDate, wfActionAssign, wfActionId, wfActionComments, filterKey, whereToSend, wfNeverExpire, _path_to_move, timezoneId, iWantTo, wfPublishTime, wfExpireTime], modDate=2023-06-27 02:20:17.701, cachettl=0, _is_test_mode=true, languageId=1, title=test-page-title-1687832417696, httpsreq=, url=test-page-url-1687832417696, showOnMenu=, inode=18a6f837-790a-4021-843c-1cac48c36101, folder=d1080a73-9ecf-43de-8250-80f1e25f3236, disabledWYSIWYG=[], sortOrder=1, modUser=system, host=0ae2b6b3-6dfe-47c2-9b91-3f8807d47c33, stInode=c541abb1-69b3-4bc5-8430-5e09e5239cc8, friendlyName=test-page-friendly-name-1687832417696},lowIndexPriority=false,variantId=DEFAULT], parent=com.dotmarketing.portlets.folders.model.Folder@57b4be7a[identifier=d1080a73-9ecf-43de-8250-80f1e25f3236,name=testName1687832417513,sortOrder=0,showOnMenu=false,hostId=0ae2b6b3-6dfe-47c2-9b91-3f8807d47c33,type=folder,title=testTitle1687832417513,filesMasks=,defaultFileType=33888b6f-7a8e-4069-b1b6-5c1aa9d0a48d,modDate=2023-06-27 02:20:17.517,owner=&lt;null&gt;,iDate=2023-06-27 02:20:17.517,inode=d1080a73-9ecf-43de-8250-80f1e25f3236,path=/testName1687832417513/], expectedName='test-page-url-1687832417696', expectedType='htmlpageasset'}]" classname="com.dotmarketing.business.DeterministicIdentifierAPITest" time="0.003"/>
  <testcase name="Test_Asset_Generate_Deterministic_Id_Best_Effort[4: TestCase{versionable=com.dotmarketing.portlets.contentlet.model.Contentlet@3963c02c[map={fileAsset2=/home/runner/work/core/custom/assets/7/1/71197696-6bea-4d6f-9b5d-0ddeeb4bf196/fileAsset2/test_binary1687832419493.png, modDate=2023-06-27 02:20:19.499, fileAsset1=/home/runner/work/core/custom/assets/7/1/71197696-6bea-4d6f-9b5d-0ddeeb4bf196/fileAsset1/test_binary1687832419493.jpg, title=blah, inode=71197696-6bea-4d6f-9b5d-0ddeeb4bf196, __IS_NEW_CONTENT__=true, disabledWYSIWYG=[], host=48190c8c-42c4-46af-8d1a-0cd5db894797, stInode=5a0df820-6fc9-48f6-a6a6-78baae79978f, owner=system, identifier=c8bdf325-9257-4f05-b672-ea77b6140297, nullProperties=[], languageId=1, image1=3b8ef928-16bf-465d-82f5-7ec7777afb02, folder=SYSTEM_FOLDER, __disable_workflow__=true, sortOrder=0, modUser=system},lowIndexPriority=false,variantId=DEFAULT], parent=demo.dotcms.com, expectedName='test_binary1687832419493.jpg:test_binary1687832419493.png', expectedType='MultipleBinaries1687832417860'}]" classname="com.dotmarketing.business.DeterministicIdentifierAPITest" time="0.003"/>
  <testcase name="Test_Asset_Generate_Deterministic_Id_Best_Effort[5: TestCase{versionable=namecb6505131e : keyTagcb6505131e, parent=my.host1687832417068.com, expectedName='keyTagcb6505131e', expectedType='persona'}]" classname="com.dotmarketing.business.DeterministicIdentifierAPITest" time="0.003"/>
  <testcase name="Test_Similar_Content_Type_Wont_Clash" classname="com.dotmarketing.business.DeterministicIdentifierAPITest" time="0.552"/>
  <testcase name="Test_Generate_Folder_Identifier" classname="com.dotmarketing.business.DeterministicIdentifierAPITest" time="0.398"/>
  <testcase name="Test_Generate_Content_Type_Identifier[0: ContentTypeTestCase{contentType=KeyValueContentType{name=Language Variable, id=f4d7c1b8-2c88-4071-abf1-a5328977b07d, description=Default Content Type for Language Variables, defaultType=false, fixed=true, iDate=Thu Aug 31 16:38:49 UTC 2017, system=true, versionable=true, variable=Languagevariable, modDate=Tue Jun 27 01:07:45 UTC 2023, host=SYSTEM_HOST, siteName=systemHost, icon=language, sortOrder=0, folder=SYSTEM_FOLDER, folderPath=/, markedForDeletion=true, multilingualable=false}, expectedName='Languagevariable', expectedType='KeyValue'}]" classname="com.dotmarketing.business.DeterministicIdentifierAPITest" time="0.006"/>
  <testcase name="Test_Generate_Content_Type_Identifier[1: ContentTypeTestCase{contentType=SimpleContentType{name=testName1687832419945, id=e27068ff-b535-4257-89c1-987d44e725d1, description=testDescription1687832419945, defaultType=false, fixed=false, iDate=Tue Jun 27 02:20:19 UTC 2023, system=false, versionable=true, multilingualable=false, variable=testVarname1687832419945, owner=system, modDate=Tue Jun 27 02:20:20 UTC 2023, host=48190c8c-42c4-46af-8d1a-0cd5db894797, siteName=demo.dotcms.com, icon=event_note, sortOrder=0, folder=SYSTEM_FOLDER, folderPath=/, requiredFields=[], markedForDeletion=false}, expectedName='testVarname1687832419945', expectedType='CONTENT'}]" classname="com.dotmarketing.business.DeterministicIdentifierAPITest" time="0.005"/>
  <system-out><![CDATA[]]></system-out>
  <system-err><![CDATA[]]></system-err>
</testsuite>
