<?xml version="1.0" encoding="UTF-8"?>
<testsuite name="com.dotcms.rest.elasticsearch.ESContentResourcePortletTest" tests="8" skipped="0" failures="0" errors="0" timestamp="2023-06-29T20:31:55" hostname="fv-az221-564" time="7.752">
  <properties/>
  <testcase name="test_search_includeGrandChildCategory_success" classname="com.dotcms.rest.elasticsearch.ESContentResourcePortletTest" time="1.354"/>
  <testcase name="testSearch[0: com.dotcms.rest.elasticsearch.ESContentResourcePortletTest$TestCase@6ad2fb3]" classname="com.dotcms.rest.elasticsearch.ESContentResourcePortletTest" time="0.936"/>
  <testcase name="testSearch[1: com.dotcms.rest.elasticsearch.ESContentResourcePortletTest$TestCase@3015bcfb]" classname="com.dotcms.rest.elasticsearch.ESContentResourcePortletTest" time="0.239"/>
  <testcase name="testSearch[2: com.dotcms.rest.elasticsearch.ESContentResourcePortletTest$TestCase@4fbe7b57]" classname="com.dotcms.rest.elasticsearch.ESContentResourcePortletTest" time="0.982"/>
  <testcase name="testSearch[3: com.dotcms.rest.elasticsearch.ESContentResourcePortletTest$TestCase@461c054a]" classname="com.dotcms.rest.elasticsearch.ESContentResourcePortletTest" time="1.208"/>
  <testcase name="testSearch[4: com.dotcms.rest.elasticsearch.ESContentResourcePortletTest$TestCase@29a37a8d]" classname="com.dotcms.rest.elasticsearch.ESContentResourcePortletTest" time="1.192"/>
  <testcase name="testSearch[5: com.dotcms.rest.elasticsearch.ESContentResourcePortletTest$TestCase@344cf926]" classname="com.dotcms.rest.elasticsearch.ESContentResourcePortletTest" time="0.94"/>
  <testcase name="testSearch[6: com.dotcms.rest.elasticsearch.ESContentResourcePortletTest$TestCase@814483b]" classname="com.dotcms.rest.elasticsearch.ESContentResourcePortletTest" time="0.901"/>
  <system-out><![CDATA[]]></system-out>
  <system-err><![CDATA[]]></system-err>
</testsuite>
