<?xml version="1.0" encoding="UTF-8"?>
<testsuite name="com.dotcms.rendering.velocity.viewtools.content.StoryBlockTest" tests="1" skipped="0" failures="0" errors="0" timestamp="2023-07-17T18:14:38" hostname="fv-az244-731" time="0.307">
  <properties/>
  <testcase name="testTransformingWysiwygIntoStoryBlock" classname="com.dotcms.rendering.velocity.viewtools.content.StoryBlockTest" time="0.307"/>
  <system-out><![CDATA[]]></system-out>
  <system-err><![CDATA[]]></system-err>
</testsuite>
