<?xml version="1.0" encoding="UTF-8"?>
<testsuite name="com.dotcms.rest.api.v3.contenttype.FieldResourceTest" tests="25" skipped="0" failures="0" errors="0" timestamp="2023-06-29T20:02:35" hostname="fv-az254-767" time="28.017">
  <properties/>
  <testcase name="shouldDeleteFieldsAndFixMaxColumnsPerRowRules" classname="com.dotcms.rest.api.v3.contenttype.FieldResourceTest" time="1.538"/>
  <testcase name="shouldUpdateFieldsInLegacyContentType" classname="com.dotcms.rest.api.v3.contenttype.FieldResourceTest" time="1.051"/>
  <testcase name="shouldUpdateFieldAndIgnoreSortOrderEvenWhenItSent" classname="com.dotcms.rest.api.v3.contenttype.FieldResourceTest" time="0.951"/>
  <testcase name="shouldMoveAndFixLegacyLayout" classname="com.dotcms.rest.api.v3.contenttype.FieldResourceTest" time="1.795"/>
  <testcase name="shouldFixLayout" classname="com.dotcms.rest.api.v3.contenttype.FieldResourceTest" time="0.9"/>
  <testcase name="shouldThrowExceptionWhenMoveFieldWithMaxColumnsRule" classname="com.dotcms.rest.api.v3.contenttype.FieldResourceTest" time="1.271"/>
  <testcase name="shouldThrowExceptionWhenContentTypeDoesNotExists" classname="com.dotcms.rest.api.v3.contenttype.FieldResourceTest" time="0.951"/>
  <testcase name="shouldRemoveEmptyRows" classname="com.dotcms.rest.api.v3.contenttype.FieldResourceTest" time="0.966"/>
  <testcase name="shouldThrowExceptionAndNotDeleteAny" classname="com.dotcms.rest.api.v3.contenttype.FieldResourceTest" time="0.905"/>
  <testcase name="shouldUpdateField" classname="com.dotcms.rest.api.v3.contenttype.FieldResourceTest" time="0.917"/>
  <testcase name="shouldThrowExceptionWhenDeleteFieldWithMaxColumnsRule" classname="com.dotcms.rest.api.v3.contenttype.FieldResourceTest" time="1.167"/>
  <testcase name="shouldDeleteFieldsInContentTypesWithWrongLayout" classname="com.dotcms.rest.api.v3.contenttype.FieldResourceTest" time="1.03"/>
  <testcase name="shouldUpdateFieldAndIgnoreSortOrderEvenWhenItIsSentWhenContentTypeHasWrongLayout" classname="com.dotcms.rest.api.v3.contenttype.FieldResourceTest" time="0.966"/>
  <testcase name="shouldUpdateFieldAndIgnoreSortOrder" classname="com.dotcms.rest.api.v3.contenttype.FieldResourceTest" time="0.915"/>
  <testcase name="shouldCreateFieldWithMoveEndPoint" classname="com.dotcms.rest.api.v3.contenttype.FieldResourceTest" time="0.986"/>
  <testcase name="shouldUpdateFieldAndIgnoreSortOrderWhenContentTypeHasWrongLayout" classname="com.dotcms.rest.api.v3.contenttype.FieldResourceTest" time="0.956"/>
  <testcase name="shouldDeleteFields" classname="com.dotcms.rest.api.v3.contenttype.FieldResourceTest" time="1.077"/>
  <testcase name="shouldThrowErrorWhenContentTypeDoesNotExists" classname="com.dotcms.rest.api.v3.contenttype.FieldResourceTest" time="0.858"/>
  <testcase name="shouldFixMaxColumnsPerRowRules" classname="com.dotcms.rest.api.v3.contenttype.FieldResourceTest" time="1.185"/>
  <testcase name="shouldMoveFields" classname="com.dotcms.rest.api.v3.contenttype.FieldResourceTest" time="0.973"/>
  <testcase name="shouldThrowErrorWhenFieldDoesNotExists" classname="com.dotcms.rest.api.v3.contenttype.FieldResourceTest" time="0.949"/>
  <testcase name="shouldCreateFieldAndRelationshipWithMoveEndPoint" classname="com.dotcms.rest.api.v3.contenttype.FieldResourceTest" time="1.409"/>
  <testcase name="shouldMoveAndFixMaxColumnsInRowRules" classname="com.dotcms.rest.api.v3.contenttype.FieldResourceTest" time="2.382"/>
  <testcase name="shouldCreateTabDividerWithMoveEndPoint" classname="com.dotcms.rest.api.v3.contenttype.FieldResourceTest" time="1.014"/>
  <testcase name="shouldGetAllContentTypesFields" classname="com.dotcms.rest.api.v3.contenttype.FieldResourceTest" time="0.899"/>
  <system-out><![CDATA[]]></system-out>
  <system-err><![CDATA[]]></system-err>
</testsuite>
