<?xml version="1.0" encoding="UTF-8"?>
<testsuite name="com.dotmarketing.servlets.ajax.AjaxDirectorServletIntegrationTest" tests="2" skipped="0" failures="0" errors="0" timestamp="2023-06-29T17:33:56" hostname="fv-az615-773" time="1.098">
  <properties/>
  <testcase name="testService[0: com.dotmarketing.servlets.ajax.AjaxDirectorServletTestCase@18127050]" classname="com.dotmarketing.servlets.ajax.AjaxDirectorServletIntegrationTest" time="0.743"/>
  <testcase name="testService[1: com.dotmarketing.servlets.ajax.AjaxDirectorServletTestCase@2271b4ae]" classname="com.dotmarketing.servlets.ajax.AjaxDirectorServletIntegrationTest" time="0.355"/>
  <system-out><![CDATA[]]></system-out>
  <system-err><![CDATA[]]></system-err>
</testsuite>
