<?xml version="1.0" encoding="UTF-8"?>
<testsuite name="com.dotmarketing.portlets.workflows.model.WorkflowSearcherTest" tests="1" skipped="0" failures="0" errors="0" timestamp="2023-06-30T15:28:33" hostname="fv-az451-778" time="0.011">
  <properties/>
  <testcase name="issue4134" classname="com.dotmarketing.portlets.workflows.model.WorkflowSearcherTest" time="0.011"/>
  <system-out><![CDATA[]]></system-out>
  <system-err><![CDATA[]]></system-err>
</testsuite>
