<?xml version="1.0" encoding="UTF-8"?>
<testsuite name="com.dotmarketing.servlets.ajax.AjaxDirectorServletIntegrationTest" tests="2" skipped="0" failures="0" errors="0" timestamp="2023-06-28T15:22:10" hostname="fv-az1135-364" time="2.243">
  <properties/>
  <testcase name="testService[0: com.dotmarketing.servlets.ajax.AjaxDirectorServletTestCase@75c333a2]" classname="com.dotmarketing.servlets.ajax.AjaxDirectorServletIntegrationTest" time="1.232"/>
  <testcase name="testService[1: com.dotmarketing.servlets.ajax.AjaxDirectorServletTestCase@4fc8e7a4]" classname="com.dotmarketing.servlets.ajax.AjaxDirectorServletIntegrationTest" time="1.011"/>
  <system-out><![CDATA[]]></system-out>
  <system-err><![CDATA[]]></system-err>
</testsuite>
