<?xml version="1.0" encoding="UTF-8"?>
<testsuite name="com.dotcms.rendering.velocity.directive.DotParseTest" tests="1" skipped="0" failures="0" errors="0" timestamp="2023-06-30T19:20:06" hostname="fv-az612-580" time="1.637">
  <properties/>
  <testcase name="Test_DotParse_UsingABinaryField_success" classname="com.dotcms.rendering.velocity.directive.DotParseTest" time="1.637"/>
  <system-out><![CDATA[]]></system-out>
  <system-err><![CDATA[]]></system-err>
</testsuite>
