<?xml version="1.0" encoding="UTF-8"?>
<testsuite name="com.dotcms.rest.api.v1.vtl.VTLResourceIntegrationTest" tests="6" skipped="0" failures="0" errors="0" timestamp="2023-06-26T19:49:24" hostname="fv-az1128-296" time="11.964">
  <properties/>
  <testcase name="testGet[0: com.dotcms.rest.api.v1.vtl.VTLResourceTestCase@341b3037]" classname="com.dotcms.rest.api.v1.vtl.VTLResourceIntegrationTest" time="2.228"/>
  <testcase name="testGet[1: com.dotcms.rest.api.v1.vtl.VTLResourceTestCase@7a780913]" classname="com.dotcms.rest.api.v1.vtl.VTLResourceIntegrationTest" time="1.798"/>
  <testcase name="testGet[2: com.dotcms.rest.api.v1.vtl.VTLResourceTestCase@3f117d5]" classname="com.dotcms.rest.api.v1.vtl.VTLResourceIntegrationTest" time="2.015"/>
  <testcase name="testGet[3: com.dotcms.rest.api.v1.vtl.VTLResourceTestCase@19a9e4c5]" classname="com.dotcms.rest.api.v1.vtl.VTLResourceIntegrationTest" time="2.163"/>
  <testcase name="testGet[4: com.dotcms.rest.api.v1.vtl.VTLResourceTestCase@745ef54f]" classname="com.dotcms.rest.api.v1.vtl.VTLResourceIntegrationTest" time="1.784"/>
  <testcase name="testGet[5: com.dotcms.rest.api.v1.vtl.VTLResourceTestCase@4ed45a46]" classname="com.dotcms.rest.api.v1.vtl.VTLResourceIntegrationTest" time="1.976"/>
  <system-out><![CDATA[]]></system-out>
  <system-err><![CDATA[]]></system-err>
</testsuite>
