<?xml version="1.0" encoding="UTF-8"?>
<testsuite name="com.dotcms.rest.elasticsearch.ESContentResourcePortletTest" tests="8" skipped="0" failures="0" errors="0" timestamp="2023-07-18T01:06:15" hostname="fv-az1128-367" time="8.72">
  <properties/>
  <testcase name="test_search_includeGrandChildCategory_success" classname="com.dotcms.rest.elasticsearch.ESContentResourcePortletTest" time="1.358"/>
  <testcase name="testSearch[0: com.dotcms.rest.elasticsearch.ESContentResourcePortletTest$TestCase@4d1cd3a2]" classname="com.dotcms.rest.elasticsearch.ESContentResourcePortletTest" time="0.928"/>
  <testcase name="testSearch[1: com.dotcms.rest.elasticsearch.ESContentResourcePortletTest$TestCase@17732eb8]" classname="com.dotcms.rest.elasticsearch.ESContentResourcePortletTest" time="1.223"/>
  <testcase name="testSearch[2: com.dotcms.rest.elasticsearch.ESContentResourcePortletTest$TestCase@427a7566]" classname="com.dotcms.rest.elasticsearch.ESContentResourcePortletTest" time="0.942"/>
  <testcase name="testSearch[3: com.dotcms.rest.elasticsearch.ESContentResourcePortletTest$TestCase@5d6fa5b1]" classname="com.dotcms.rest.elasticsearch.ESContentResourcePortletTest" time="1.193"/>
  <testcase name="testSearch[4: com.dotcms.rest.elasticsearch.ESContentResourcePortletTest$TestCase@76c5fc7d]" classname="com.dotcms.rest.elasticsearch.ESContentResourcePortletTest" time="1.239"/>
  <testcase name="testSearch[5: com.dotcms.rest.elasticsearch.ESContentResourcePortletTest$TestCase@78cd0af3]" classname="com.dotcms.rest.elasticsearch.ESContentResourcePortletTest" time="0.931"/>
  <testcase name="testSearch[6: com.dotcms.rest.elasticsearch.ESContentResourcePortletTest$TestCase@690d81c9]" classname="com.dotcms.rest.elasticsearch.ESContentResourcePortletTest" time="0.906"/>
  <system-out><![CDATA[]]></system-out>
  <system-err><![CDATA[]]></system-err>
</testsuite>
