<?xml version="1.0" encoding="UTF-8"?>
<testsuite name="com.dotcms.content.elasticsearch.business.ES6UpgradeTest" tests="9" skipped="0" failures="0" errors="0" timestamp="2023-06-30T20:10:36" hostname="fv-az248-258" time="9.016">
  <properties/>
  <testcase name="testElasticSearchJson[0: /home/runner/work/core/core/dotCMS/build/resources/integrationTest/com/dotcms/content/elasticsearch/business/json/filter-catchall.json]" classname="com.dotcms.content.elasticsearch.business.ES6UpgradeTest" time="1.107"/>
  <testcase name="testElasticSearchJson[1: /home/runner/work/core/core/dotCMS/build/resources/integrationTest/com/dotcms/content/elasticsearch/business/json/filter-tags-whitespace.json]" classname="com.dotcms.content.elasticsearch.business.ES6UpgradeTest" time="1.096"/>
  <testcase name="testElasticSearchJson[2: /home/runner/work/core/core/dotCMS/build/resources/integrationTest/com/dotcms/content/elasticsearch/business/json/filter-tags.json]" classname="com.dotcms.content.elasticsearch.business.ES6UpgradeTest" time="1.162"/>
  <testcase name="testElasticSearchJson[3: /home/runner/work/core/core/dotCMS/build/resources/integrationTest/com/dotcms/content/elasticsearch/business/json/aggregation-content-type.json]" classname="com.dotcms.content.elasticsearch.business.ES6UpgradeTest" time="1.097"/>
  <testcase name="testElasticSearchJson[4: /home/runner/work/core/core/dotCMS/build/resources/integrationTest/com/dotcms/content/elasticsearch/business/json/fuzzy-search.json]" classname="com.dotcms.content.elasticsearch.business.ES6UpgradeTest" time="1.082"/>
  <testcase name="testElasticSearchJson[5: /home/runner/work/core/core/dotCMS/build/resources/integrationTest/com/dotcms/content/elasticsearch/business/json/filter-distance.json]" classname="com.dotcms.content.elasticsearch.business.ES6UpgradeTest" time="1.241"/>
  <testcase name="testElasticSearchJson[6: /home/runner/work/core/core/dotCMS/build/resources/integrationTest/com/dotcms/content/elasticsearch/business/json/function-score.json]" classname="com.dotcms.content.elasticsearch.business.ES6UpgradeTest" time="0.028"/>
  <testcase name="testElasticSearchJson[7: /home/runner/work/core/core/dotCMS/build/resources/integrationTest/com/dotcms/content/elasticsearch/business/json/filter-title-dates.json]" classname="com.dotcms.content.elasticsearch.business.ES6UpgradeTest" time="1.094"/>
  <testcase name="testElasticSearchJson[8: /home/runner/work/core/core/dotCMS/build/resources/integrationTest/com/dotcms/content/elasticsearch/business/json/aggregation-tags.json]" classname="com.dotcms.content.elasticsearch.business.ES6UpgradeTest" time="1.109"/>
  <system-out><![CDATA[]]></system-out>
  <system-err><![CDATA[]]></system-err>
</testsuite>
