<?xml version="1.0" encoding="UTF-8"?>
<testsuite name="com.dotmarketing.business.DeterministicIdentifierAPITest" tests="16" skipped="0" failures="0" errors="0" timestamp="2023-07-06T18:43:10" hostname="fv-az749-409" time="1.64">
  <properties/>
  <testcase name="Test_Category_Path_Seed_And_Id" classname="com.dotmarketing.business.DeterministicIdentifierAPITest" time="0.022"/>
  <testcase name="Test_Language_Deterministic_Id[0: LanguageTestCase{expectedSeed='Language:es:US', expectedHash=4913155, langCode='es', countryCode='US', country='United States'}]" classname="com.dotmarketing.business.DeterministicIdentifierAPITest" time="0.001"/>
  <testcase name="Test_Language_Deterministic_Id[1: LanguageTestCase{expectedSeed='Language:ep:', expectedHash=5292269, langCode='ep', countryCode='', country=''}]" classname="com.dotmarketing.business.DeterministicIdentifierAPITest" time="0.001"/>
  <testcase name="Test_Language_Deterministic_Id[2: LanguageTestCase{expectedSeed='Language:sg:SAG', expectedHash=4713118, langCode='sg', countryCode='SAG', country=''}]" classname="com.dotmarketing.business.DeterministicIdentifierAPITest" time="0.0"/>
  <testcase name="Test_Language_Deterministic_Id[3: LanguageTestCase{expectedSeed='Language:en:NZ', expectedHash=5382528, langCode='en', countryCode='NZ', country='New Zealand'}]" classname="com.dotmarketing.business.DeterministicIdentifierAPITest" time="0.0"/>
  <testcase name="Test_Category_None_Persisted_Category_Should_Return_Deterministic_Id" classname="com.dotmarketing.business.DeterministicIdentifierAPITest" time="0.001"/>
  <testcase name="Test_Asset_Generate_Deterministic_Id_Best_Effort[0: TestCase{versionable=my.host1688668609138.com, parent=System Host, expectedName='my.host1688668609138.com', expectedType='Host'}]" classname="com.dotmarketing.business.DeterministicIdentifierAPITest" time="0.003"/>
  <testcase name="Test_Asset_Generate_Deterministic_Id_Best_Effort[1: TestCase{versionable=com.dotmarketing.portlets.contentlet.model.Contentlet@21d75bc8[map={modDate=2023-07-06 18:36:49.867, fileName=file8852402138618669475.txt, title=file8852402138618669475.txt, inode=cb0fe4cd-3697-423d-976e-62e718122f41, __IS_NEW_CONTENT__=true, disabledWYSIWYG=[], host=fa2cc771-30b9-47b9-a441-e73de46fafd0, stInode=33888b6f-7a8e-4069-b1b6-5c1aa9d0a48d, owner=system, identifier=05e7904b-59f2-431a-b2c2-4f981ec70140, nullProperties=[wfExpireDate, wfPublishDate, wfActionAssign, wfActionId, wfActionComments, filterKey, whereToSend, wfNeverExpire, _path_to_move, timezoneId, iWantTo, wfPublishTime, wfExpireTime], languageId=1, fileAsset=/home/runner/work/core/custom/assets/c/b/cb0fe4cd-3697-423d-976e-62e718122f41/fileAsset/file8852402138618669475.txt, folder=7d977198-0143-4c71-9317-1c3cdd3aa079, __disable_workflow__=true, sortOrder=0, modUser=system},lowIndexPriority=false,variantId=DEFAULT], parent=com.dotmarketing.portlets.folders.model.Folder@69fa17d[identifier=7d977198-0143-4c71-9317-1c3cdd3aa079,name=testName1688668609860,sortOrder=0,showOnMenu=false,hostId=fa2cc771-30b9-47b9-a441-e73de46fafd0,type=folder,title=testTitle1688668609860,filesMasks=,defaultFileType=33888b6f-7a8e-4069-b1b6-5c1aa9d0a48d,modDate=2023-07-06 18:36:49.862,owner=&lt;null&gt;,iDate=2023-07-06 18:36:49.862,inode=7d977198-0143-4c71-9317-1c3cdd3aa079,path=/testName1688668609860/], expectedName='file8852402138618669475.txt', expectedType='FileAsset'}]" classname="com.dotmarketing.business.DeterministicIdentifierAPITest" time="0.003"/>
  <testcase name="Test_Asset_Generate_Deterministic_Id_Best_Effort[2: TestCase{versionable=com.dotmarketing.portlets.templates.model.Template@4090348f, parent=my.host1688668609138.com, expectedName='testTitle1688668609977', expectedType='Template'}]" classname="com.dotmarketing.business.DeterministicIdentifierAPITest" time="0.001"/>
  <testcase name="Test_Asset_Generate_Deterministic_Id_Best_Effort[3: TestCase{versionable=com.dotmarketing.portlets.htmlpageasset.model.HTMLPageAsset@62cd80e4[map={template=5c4e23d6-eaed-43fd-b9d2-ac8ba7d01e7b, owner=system, identifier=487ebd7a-d219-48a3-9ba9-0f639eb1642a, nullProperties=[wfExpireDate, wfPublishDate, wfActionAssign, wfActionId, wfActionComments, filterKey, whereToSend, wfNeverExpire, _path_to_move, timezoneId, iWantTo, wfPublishTime, wfExpireTime], modDate=2023-07-06 18:36:49.998, cachettl=0, _is_test_mode=true, languageId=1, title=test-page-title-1688668609994, httpsreq=, url=test-page-url-1688668609994, showOnMenu=, inode=11e0d6b0-5df0-4798-8f57-1a0f45f07a5c, folder=7d977198-0143-4c71-9317-1c3cdd3aa079, disabledWYSIWYG=[], sortOrder=1, modUser=system, host=fa2cc771-30b9-47b9-a441-e73de46fafd0, stInode=c541abb1-69b3-4bc5-8430-5e09e5239cc8, friendlyName=test-page-friendly-name-1688668609994},lowIndexPriority=false,variantId=DEFAULT], parent=com.dotmarketing.portlets.folders.model.Folder@69fa17d[identifier=7d977198-0143-4c71-9317-1c3cdd3aa079,name=testName1688668609860,sortOrder=0,showOnMenu=false,hostId=fa2cc771-30b9-47b9-a441-e73de46fafd0,type=folder,title=testTitle1688668609860,filesMasks=,defaultFileType=33888b6f-7a8e-4069-b1b6-5c1aa9d0a48d,modDate=2023-07-06 18:36:49.862,owner=&lt;null&gt;,iDate=2023-07-06 18:36:49.862,inode=7d977198-0143-4c71-9317-1c3cdd3aa079,path=/testName1688668609860/], expectedName='test-page-url-1688668609994', expectedType='htmlpageasset'}]" classname="com.dotmarketing.business.DeterministicIdentifierAPITest" time="0.002"/>
  <testcase name="Test_Asset_Generate_Deterministic_Id_Best_Effort[4: TestCase{versionable=com.dotmarketing.portlets.contentlet.model.Contentlet@4ee3e9e6[map={fileAsset2=/home/runner/work/core/custom/assets/c/8/c8d7212b-c243-45cb-aa8a-5c9262ebca80/fileAsset2/test_binary1688668611831.png, modDate=2023-07-06 18:36:51.835, fileAsset1=/home/runner/work/core/custom/assets/c/8/c8d7212b-c243-45cb-aa8a-5c9262ebca80/fileAsset1/test_binary1688668611831.jpg, title=blah, inode=c8d7212b-c243-45cb-aa8a-5c9262ebca80, __IS_NEW_CONTENT__=true, disabledWYSIWYG=[], host=48190c8c-42c4-46af-8d1a-0cd5db894797, stInode=70092043-0593-4529-a5d7-b51de6d9a55e, owner=system, identifier=6a157324-e511-481c-aab4-81f66a4840b2, nullProperties=[], languageId=1, image1=9192592d-26c6-414f-b6f3-90de91f24859, folder=SYSTEM_FOLDER, __disable_workflow__=true, sortOrder=0, modUser=system},lowIndexPriority=false,variantId=DEFAULT], parent=demo.dotcms.com, expectedName='test_binary1688668611831.jpg:test_binary1688668611831.png', expectedType='MultipleBinaries1688668610229'}]" classname="com.dotmarketing.business.DeterministicIdentifierAPITest" time="0.002"/>
  <testcase name="Test_Asset_Generate_Deterministic_Id_Best_Effort[5: TestCase{versionable=name68120b88f7 : keyTag68120b88f7, parent=my.host1688668609138.com, expectedName='keyTag68120b88f7', expectedType='persona'}]" classname="com.dotmarketing.business.DeterministicIdentifierAPITest" time="0.002"/>
  <testcase name="Test_Similar_Content_Type_Wont_Clash" classname="com.dotmarketing.business.DeterministicIdentifierAPITest" time="0.546"/>
  <testcase name="Test_Generate_Folder_Identifier" classname="com.dotmarketing.business.DeterministicIdentifierAPITest" time="1.043"/>
  <testcase name="Test_Generate_Content_Type_Identifier[0: ContentTypeTestCase{contentType=KeyValueContentType{name=Language Variable, id=f4d7c1b8-2c88-4071-abf1-a5328977b07d, description=Default Content Type for Language Variables, defaultType=false, fixed=true, iDate=Thu Aug 31 16:38:49 UTC 2017, system=true, versionable=true, variable=Languagevariable, modDate=Thu Jul 06 17:33:42 UTC 2023, host=SYSTEM_HOST, siteName=systemHost, icon=language, sortOrder=0, folder=SYSTEM_FOLDER, folderPath=/, markedForDeletion=true, multilingualable=false}, expectedName='Languagevariable', expectedType='KeyValue'}]" classname="com.dotmarketing.business.DeterministicIdentifierAPITest" time="0.003"/>
  <testcase name="Test_Generate_Content_Type_Identifier[1: ContentTypeTestCase{contentType=SimpleContentType{name=testName1688668612198, id=f66dde80-a0ad-41ec-a52f-431428d21da7, description=testDescription1688668612198, defaultType=false, fixed=false, iDate=Thu Jul 06 18:36:52 UTC 2023, system=false, versionable=true, multilingualable=false, variable=testVarname1688668612198, owner=system, modDate=Thu Jul 06 18:36:53 UTC 2023, host=48190c8c-42c4-46af-8d1a-0cd5db894797, siteName=demo.dotcms.com, icon=event_note, sortOrder=0, folder=SYSTEM_FOLDER, folderPath=/, requiredFields=[], markedForDeletion=false}, expectedName='testVarname1688668612198', expectedType='CONTENT'}]" classname="com.dotmarketing.business.DeterministicIdentifierAPITest" time="0.003"/>
  <system-out><![CDATA[]]></system-out>
  <system-err><![CDATA[]]></system-err>
</testsuite>
