<?xml version="1.0" encoding="UTF-8"?>
<testsuite name="com.dotmarketing.business.DeterministicIdentifierAPITest" tests="16" skipped="0" failures="0" errors="0" timestamp="2023-07-17T21:37:35" hostname="fv-az1032-957" time="1.417">
  <properties/>
  <testcase name="Test_Category_Path_Seed_And_Id" classname="com.dotmarketing.business.DeterministicIdentifierAPITest" time="0.023"/>
  <testcase name="Test_Language_Deterministic_Id[0: LanguageTestCase{expectedSeed='Language:es:US', expectedHash=4913155, langCode='es', countryCode='US', country='United States'}]" classname="com.dotmarketing.business.DeterministicIdentifierAPITest" time="0.001"/>
  <testcase name="Test_Language_Deterministic_Id[1: LanguageTestCase{expectedSeed='Language:ep:', expectedHash=5292269, langCode='ep', countryCode='', country=''}]" classname="com.dotmarketing.business.DeterministicIdentifierAPITest" time="0.0"/>
  <testcase name="Test_Language_Deterministic_Id[2: LanguageTestCase{expectedSeed='Language:sg:SAG', expectedHash=4713118, langCode='sg', countryCode='SAG', country=''}]" classname="com.dotmarketing.business.DeterministicIdentifierAPITest" time="0.0"/>
  <testcase name="Test_Language_Deterministic_Id[3: LanguageTestCase{expectedSeed='Language:en:NZ', expectedHash=5382528, langCode='en', countryCode='NZ', country='New Zealand'}]" classname="com.dotmarketing.business.DeterministicIdentifierAPITest" time="0.0"/>
  <testcase name="Test_Category_None_Persisted_Category_Should_Return_Deterministic_Id" classname="com.dotmarketing.business.DeterministicIdentifierAPITest" time="0.001"/>
  <testcase name="Test_Asset_Generate_Deterministic_Id_Best_Effort[0: TestCase{versionable=my.host1689629475156.com, parent=System Host, expectedName='my.host1689629475156.com', expectedType='Host'}]" classname="com.dotmarketing.business.DeterministicIdentifierAPITest" time="0.003"/>
  <testcase name="Test_Asset_Generate_Deterministic_Id_Best_Effort[1: TestCase{versionable=com.dotmarketing.portlets.contentlet.model.Contentlet@55df6bbf[map={modDate=2023-07-17 21:31:15.964, fileName=file16704111984142068599.txt, title=file16704111984142068599.txt, inode=ce263906-bd1d-407b-8aca-68068bc083aa, __IS_NEW_CONTENT__=true, disabledWYSIWYG=[], host=753a2585-6057-48c1-81f8-fabc456d4b75, stInode=33888b6f-7a8e-4069-b1b6-5c1aa9d0a48d, owner=system, identifier=25bd08e0-fafc-44c2-8d00-5e51135d74fa, nullProperties=[wfExpireDate, wfPublishDate, wfActionAssign, wfActionId, wfActionComments, filterKey, whereToSend, wfNeverExpire, _path_to_move, timezoneId, iWantTo, wfPublishTime, wfExpireTime], languageId=1, fileAsset=/home/runner/work/core/custom/assets/c/e/ce263906-bd1d-407b-8aca-68068bc083aa/fileAsset/file16704111984142068599.txt, folder=9dc62460-a28f-4b34-aa80-f515964495d4, __disable_workflow__=true, sortOrder=0, modUser=system},lowIndexPriority=false,variantId=DEFAULT], parent=com.dotmarketing.portlets.folders.model.Folder@62c5d998[identifier=9dc62460-a28f-4b34-aa80-f515964495d4,name=testName1689629475958,sortOrder=0,showOnMenu=false,hostId=753a2585-6057-48c1-81f8-fabc456d4b75,type=folder,title=testTitle1689629475958,filesMasks=,defaultFileType=33888b6f-7a8e-4069-b1b6-5c1aa9d0a48d,modDate=2023-07-17 21:31:15.961,owner=&lt;null&gt;,iDate=2023-07-17 21:31:15.961,inode=9dc62460-a28f-4b34-aa80-f515964495d4,path=/testName1689629475958/], expectedName='file16704111984142068599.txt', expectedType='FileAsset'}]" classname="com.dotmarketing.business.DeterministicIdentifierAPITest" time="0.003"/>
  <testcase name="Test_Asset_Generate_Deterministic_Id_Best_Effort[2: TestCase{versionable=com.dotmarketing.portlets.templates.model.Template@ccb88ff4, parent=my.host1689629475156.com, expectedName='testTitle1689629476045', expectedType='Template'}]" classname="com.dotmarketing.business.DeterministicIdentifierAPITest" time="0.002"/>
  <testcase name="Test_Asset_Generate_Deterministic_Id_Best_Effort[3: TestCase{versionable=com.dotmarketing.portlets.htmlpageasset.model.HTMLPageAsset@28621301[map={template=0cd31e04-1a00-4f86-9de2-38fe53c034c0, owner=system, identifier=cc42809c-bdf3-4c89-b1ea-46c5b3f140bd, nullProperties=[wfExpireDate, wfPublishDate, wfActionAssign, wfActionId, wfActionComments, filterKey, whereToSend, wfNeverExpire, _path_to_move, timezoneId, iWantTo, wfPublishTime, wfExpireTime], modDate=2023-07-17 21:31:16.057, cachettl=0, _is_test_mode=true, languageId=1, title=test-page-title-1689629476054, httpsreq=, url=test-page-url-1689629476054, showOnMenu=, inode=d434820a-b92b-4738-b13e-739fee8e7264, folder=9dc62460-a28f-4b34-aa80-f515964495d4, disabledWYSIWYG=[], sortOrder=1, modUser=system, host=753a2585-6057-48c1-81f8-fabc456d4b75, stInode=c541abb1-69b3-4bc5-8430-5e09e5239cc8, friendlyName=test-page-friendly-name-1689629476054},lowIndexPriority=false,variantId=DEFAULT], parent=com.dotmarketing.portlets.folders.model.Folder@62c5d998[identifier=9dc62460-a28f-4b34-aa80-f515964495d4,name=testName1689629475958,sortOrder=0,showOnMenu=false,hostId=753a2585-6057-48c1-81f8-fabc456d4b75,type=folder,title=testTitle1689629475958,filesMasks=,defaultFileType=33888b6f-7a8e-4069-b1b6-5c1aa9d0a48d,modDate=2023-07-17 21:31:15.961,owner=&lt;null&gt;,iDate=2023-07-17 21:31:15.961,inode=9dc62460-a28f-4b34-aa80-f515964495d4,path=/testName1689629475958/], expectedName='test-page-url-1689629476054', expectedType='htmlpageasset'}]" classname="com.dotmarketing.business.DeterministicIdentifierAPITest" time="0.003"/>
  <testcase name="Test_Asset_Generate_Deterministic_Id_Best_Effort[4: TestCase{versionable=com.dotmarketing.portlets.contentlet.model.Contentlet@c4ac6fa[map={fileAsset2=/home/runner/work/core/custom/assets/a/e/aee51f07-1d82-4dd0-8b52-5bdd0746fe48/fileAsset2/test_binary1689629476907.png, modDate=2023-07-17 21:31:16.911, fileAsset1=/home/runner/work/core/custom/assets/a/e/aee51f07-1d82-4dd0-8b52-5bdd0746fe48/fileAsset1/test_binary1689629476907.jpg, title=blah, inode=aee51f07-1d82-4dd0-8b52-5bdd0746fe48, __IS_NEW_CONTENT__=true, disabledWYSIWYG=[], host=48190c8c-42c4-46af-8d1a-0cd5db894797, stInode=be627710-2e93-479c-8538-7bba7c711a42, owner=system, identifier=401aec9b-12b2-4f00-a64a-15a6a8d95b6c, nullProperties=[], languageId=1, image1=8bb9d256-97a8-4f8b-b081-d3d4a57e4a6f, folder=SYSTEM_FOLDER, __disable_workflow__=true, sortOrder=0, modUser=system},lowIndexPriority=false,variantId=DEFAULT], parent=demo.dotcms.com, expectedName='test_binary1689629476907.jpg:test_binary1689629476907.png', expectedType='MultipleBinaries1689629476221'}]" classname="com.dotmarketing.business.DeterministicIdentifierAPITest" time="0.003"/>
  <testcase name="Test_Asset_Generate_Deterministic_Id_Best_Effort[5: TestCase{versionable=name3db923c855 : keyTag3db923c855, parent=my.host1689629475156.com, expectedName='keyTag3db923c855', expectedType='persona'}]" classname="com.dotmarketing.business.DeterministicIdentifierAPITest" time="0.002"/>
  <testcase name="Test_Similar_Content_Type_Wont_Clash" classname="com.dotmarketing.business.DeterministicIdentifierAPITest" time="0.446"/>
  <testcase name="Test_Generate_Folder_Identifier" classname="com.dotmarketing.business.DeterministicIdentifierAPITest" time="0.918"/>
  <testcase name="Test_Generate_Content_Type_Identifier[0: ContentTypeTestCase{contentType=KeyValueContentType{name=Language Variable, id=f4d7c1b8-2c88-4071-abf1-a5328977b07d, description=Default Content Type for Language Variables, defaultType=false, fixed=true, iDate=Thu Aug 31 16:38:49 UTC 2017, system=true, versionable=true, variable=Languagevariable, modDate=Mon Jul 17 20:29:15 UTC 2023, host=SYSTEM_HOST, siteName=systemHost, icon=language, sortOrder=0, folder=SYSTEM_FOLDER, folderPath=/, markedForDeletion=true, multilingualable=false}, expectedName='Languagevariable', expectedType='KeyValue'}]" classname="com.dotmarketing.business.DeterministicIdentifierAPITest" time="0.003"/>
  <testcase name="Test_Generate_Content_Type_Identifier[1: ContentTypeTestCase{contentType=SimpleContentType{name=testName1689629477231, id=90691f0d-32a9-4a27-9bb8-145e6ee590ed, description=testDescription1689629477231, defaultType=false, fixed=false, iDate=Mon Jul 17 21:31:17 UTC 2023, system=false, versionable=true, multilingualable=false, variable=testVarname1689629477231, owner=system, modDate=Mon Jul 17 21:31:18 UTC 2023, host=48190c8c-42c4-46af-8d1a-0cd5db894797, siteName=demo.dotcms.com, icon=event_note, sortOrder=0, folder=SYSTEM_FOLDER, folderPath=/, requiredFields=[], markedForDeletion=false}, expectedName='testVarname1689629477231', expectedType='CONTENT'}]" classname="com.dotmarketing.business.DeterministicIdentifierAPITest" time="0.004"/>
  <system-out><![CDATA[]]></system-out>
  <system-err><![CDATA[]]></system-err>
</testsuite>
