<?xml version="1.0" encoding="UTF-8"?>
<testsuite name="com.dotcms.contenttype.test.ContentResourceTest" tests="52" skipped="0" failures="0" errors="0" timestamp="2023-07-14T21:18:34" hostname="fv-az358-465" time="138.653">
  <properties/>
  <testcase name="testGetContentShouldReturnIconDetails" classname="com.dotcms.contenttype.test.ContentResourceTest" time="1.45"/>
  <testcase name="Test_Save_Action_Set_Words_To_Required_NumericField_Issue_15340" classname="com.dotcms.contenttype.test.ContentResourceTest" time="0.814"/>
  <testcase name="test_getContent_includeGrandChildCategory_success" classname="com.dotcms.contenttype.test.ContentResourceTest" time="1.277"/>
  <testcase name="testGetContentWithRelatedParameter[0: com.dotcms.contenttype.test.ContentResourceTest$PullRelatedTestCase@21a475af]" classname="com.dotcms.contenttype.test.ContentResourceTest" time="3.643"/>
  <testcase name="testGetContentWithRelatedParameter[1: com.dotcms.contenttype.test.ContentResourceTest$PullRelatedTestCase@356b2453]" classname="com.dotcms.contenttype.test.ContentResourceTest" time="3.611"/>
  <testcase name="testGetContentWithRelatedParameter[2: com.dotcms.contenttype.test.ContentResourceTest$PullRelatedTestCase@30cf8a85]" classname="com.dotcms.contenttype.test.ContentResourceTest" time="3.443"/>
  <testcase name="testGetContentWithRelatedParameter[3: com.dotcms.contenttype.test.ContentResourceTest$PullRelatedTestCase@46ce52b7]" classname="com.dotcms.contenttype.test.ContentResourceTest" time="3.53"/>
  <testcase name="testGetContentWithRelatedParameter[4: com.dotcms.contenttype.test.ContentResourceTest$PullRelatedTestCase@44c55ecc]" classname="com.dotcms.contenttype.test.ContentResourceTest" time="3.549"/>
  <testcase name="test_getContent_SelfRelatedWith3LevelsOfDepth_shouldReturnRelationships" classname="com.dotcms.contenttype.test.ContentResourceTest" time="1.23"/>
  <testcase name="Test_Save_Action_Send_Fields_SubSet_Issue_15340" classname="com.dotcms.contenttype.test.ContentResourceTest" time="2.732"/>
  <testcase name="test_getContent_shouldReturnRelationships[0: com.dotcms.contenttype.test.ContentResourceTest$TestCase@2860a3bb]" classname="com.dotcms.contenttype.test.ContentResourceTest" time="2.916"/>
  <testcase name="test_getContent_shouldReturnRelationships[1: com.dotcms.contenttype.test.ContentResourceTest$TestCase@64b78f90]" classname="com.dotcms.contenttype.test.ContentResourceTest" time="2.848"/>
  <testcase name="test_getContent_shouldReturnRelationships[2: com.dotcms.contenttype.test.ContentResourceTest$TestCase@50d8225b]" classname="com.dotcms.contenttype.test.ContentResourceTest" time="2.8"/>
  <testcase name="test_getContent_shouldReturnRelationships[3: com.dotcms.contenttype.test.ContentResourceTest$TestCase@3e8535b2]" classname="com.dotcms.contenttype.test.ContentResourceTest" time="2.886"/>
  <testcase name="test_getContent_shouldReturnRelationships[4: com.dotcms.contenttype.test.ContentResourceTest$TestCase@135524a2]" classname="com.dotcms.contenttype.test.ContentResourceTest" time="2.867"/>
  <testcase name="test_getContent_shouldReturnRelationships[5: com.dotcms.contenttype.test.ContentResourceTest$TestCase@4bc6e257]" classname="com.dotcms.contenttype.test.ContentResourceTest" time="2.809"/>
  <testcase name="test_getContent_shouldReturnRelationships[6: com.dotcms.contenttype.test.ContentResourceTest$TestCase@5a1ddb8e]" classname="com.dotcms.contenttype.test.ContentResourceTest" time="3.074"/>
  <testcase name="test_getContent_shouldReturnRelationships[7: com.dotcms.contenttype.test.ContentResourceTest$TestCase@4da25dda]" classname="com.dotcms.contenttype.test.ContentResourceTest" time="2.846"/>
  <testcase name="test_getContent_shouldReturnRelationships[8: com.dotcms.contenttype.test.ContentResourceTest$TestCase@776800f8]" classname="com.dotcms.contenttype.test.ContentResourceTest" time="3.028"/>
  <testcase name="test_getContent_shouldReturnRelationships[9: com.dotcms.contenttype.test.ContentResourceTest$TestCase@bc08018]" classname="com.dotcms.contenttype.test.ContentResourceTest" time="1.991"/>
  <testcase name="test_getContent_shouldReturnRelationships[10: com.dotcms.contenttype.test.ContentResourceTest$TestCase@3fb5eb45]" classname="com.dotcms.contenttype.test.ContentResourceTest" time="2.651"/>
  <testcase name="test_getContent_shouldReturnRelationships[11: com.dotcms.contenttype.test.ContentResourceTest$TestCase@60263de4]" classname="com.dotcms.contenttype.test.ContentResourceTest" time="2.602"/>
  <testcase name="test_getContent_shouldReturnRelationships[12: com.dotcms.contenttype.test.ContentResourceTest$TestCase@577e9ed8]" classname="com.dotcms.contenttype.test.ContentResourceTest" time="2.718"/>
  <testcase name="test_getContent_shouldReturnRelationships[13: com.dotcms.contenttype.test.ContentResourceTest$TestCase@58b1146f]" classname="com.dotcms.contenttype.test.ContentResourceTest" time="2.893"/>
  <testcase name="test_getContent_shouldReturnRelationships[14: com.dotcms.contenttype.test.ContentResourceTest$TestCase@484e33ff]" classname="com.dotcms.contenttype.test.ContentResourceTest" time="2.827"/>
  <testcase name="test_getContent_shouldReturnRelationships[15: com.dotcms.contenttype.test.ContentResourceTest$TestCase@19d6ee0f]" classname="com.dotcms.contenttype.test.ContentResourceTest" time="3.627"/>
  <testcase name="test_getContent_shouldReturnRelationships[16: com.dotcms.contenttype.test.ContentResourceTest$TestCase@3afd3bb3]" classname="com.dotcms.contenttype.test.ContentResourceTest" time="3.537"/>
  <testcase name="test_getContent_shouldReturnRelationships[17: com.dotcms.contenttype.test.ContentResourceTest$TestCase@6a3f52ef]" classname="com.dotcms.contenttype.test.ContentResourceTest" time="2.835"/>
  <testcase name="test_getContent_shouldReturnRelationships[18: com.dotcms.contenttype.test.ContentResourceTest$TestCase@53d7459c]" classname="com.dotcms.contenttype.test.ContentResourceTest" time="1.934"/>
  <testcase name="test_getContent_shouldReturnRelationships[19: com.dotcms.contenttype.test.ContentResourceTest$TestCase@7ddf7f7f]" classname="com.dotcms.contenttype.test.ContentResourceTest" time="2.925"/>
  <testcase name="test_getContent_shouldReturnRelationships[20: com.dotcms.contenttype.test.ContentResourceTest$TestCase@2eace3d4]" classname="com.dotcms.contenttype.test.ContentResourceTest" time="2.943"/>
  <testcase name="test_getContent_shouldReturnRelationships[21: com.dotcms.contenttype.test.ContentResourceTest$TestCase@3e9474c4]" classname="com.dotcms.contenttype.test.ContentResourceTest" time="3.155"/>
  <testcase name="test_getContent_shouldReturnRelationships[22: com.dotcms.contenttype.test.ContentResourceTest$TestCase@57862d2f]" classname="com.dotcms.contenttype.test.ContentResourceTest" time="2.778"/>
  <testcase name="test_getContent_shouldReturnRelationships[23: com.dotcms.contenttype.test.ContentResourceTest$TestCase@51a49427]" classname="com.dotcms.contenttype.test.ContentResourceTest" time="2.87"/>
  <testcase name="test_getContent_shouldReturnRelationships[24: com.dotcms.contenttype.test.ContentResourceTest$TestCase@18df7f84]" classname="com.dotcms.contenttype.test.ContentResourceTest" time="2.971"/>
  <testcase name="test_getContent_shouldReturnRelationships[25: com.dotcms.contenttype.test.ContentResourceTest$TestCase@5701a0f]" classname="com.dotcms.contenttype.test.ContentResourceTest" time="3.157"/>
  <testcase name="test_getContent_shouldReturnRelationships[26: com.dotcms.contenttype.test.ContentResourceTest$TestCase@6379b0db]" classname="com.dotcms.contenttype.test.ContentResourceTest" time="3.165"/>
  <testcase name="test_getContent_shouldReturnRelationships[27: com.dotcms.contenttype.test.ContentResourceTest$TestCase@1689153f]" classname="com.dotcms.contenttype.test.ContentResourceTest" time="2.883"/>
  <testcase name="test_getContent_shouldReturnRelationships[28: com.dotcms.contenttype.test.ContentResourceTest$TestCase@75497b35]" classname="com.dotcms.contenttype.test.ContentResourceTest" time="2.959"/>
  <testcase name="test_getContent_shouldReturnRelationships[29: com.dotcms.contenttype.test.ContentResourceTest$TestCase@70ecb7f1]" classname="com.dotcms.contenttype.test.ContentResourceTest" time="3.024"/>
  <testcase name="test_getContent_shouldReturnRelationships[30: com.dotcms.contenttype.test.ContentResourceTest$TestCase@5ebd2e5f]" classname="com.dotcms.contenttype.test.ContentResourceTest" time="2.83"/>
  <testcase name="test_getContent_shouldReturnRelationships[31: com.dotcms.contenttype.test.ContentResourceTest$TestCase@43f85a]" classname="com.dotcms.contenttype.test.ContentResourceTest" time="2.876"/>
  <testcase name="test_getContent_shouldReturnRelationships[32: com.dotcms.contenttype.test.ContentResourceTest$TestCase@3eedbbb4]" classname="com.dotcms.contenttype.test.ContentResourceTest" time="3.676"/>
  <testcase name="test_getContent_shouldReturnRelationships[33: com.dotcms.contenttype.test.ContentResourceTest$TestCase@2babd0a7]" classname="com.dotcms.contenttype.test.ContentResourceTest" time="3.791"/>
  <testcase name="testSinglePOST_InvalidParamsShouldReturn400[0: ({\n    &quot;stInode&quot; : &quot;InvalidValue&quot;,\n    &quot;numeric&quot; : &quot;0&quot;,\n    &quot;image&quot; : &quot;whatever&quot;\n}, Bad Request)]" classname="com.dotcms.contenttype.test.ContentResourceTest" time="0.795"/>
  <testcase name="testSinglePOST_InvalidParamsShouldReturn400[1: ({\n    &quot;numeric&quot; : &quot;0&quot;,\n    &quot;image&quot; : &quot;whatever&quot;\n}, Bad Request)]" classname="com.dotcms.contenttype.test.ContentResourceTest" time="0.779"/>
  <testcase name="Test_Save_Action_Set_Null_To_Required_NumericField_Issue_15340" classname="com.dotcms.contenttype.test.ContentResourceTest" time="0.812"/>
  <testcase name="Test_Save_Action_Remove_Image_Then_Verify_Fields_Were_Cleared_Issue_15340" classname="com.dotcms.contenttype.test.ContentResourceTest" time="3.538"/>
  <testcase name="test_getContentWithMultipleSelfRelated_shouldReturnRelationships[0: com.dotcms.contenttype.test.ContentResourceTest$PullSelfRelatedTestCase@3cd66a3]" classname="com.dotcms.contenttype.test.ContentResourceTest" time="1.527"/>
  <testcase name="test_getContentWithMultipleSelfRelated_shouldReturnRelationships[1: com.dotcms.contenttype.test.ContentResourceTest$PullSelfRelatedTestCase@50ae4d75]" classname="com.dotcms.contenttype.test.ContentResourceTest" time="1.548"/>
  <testcase name="testGetContentWithAllCategoriesInfo[0: json]" classname="com.dotcms.contenttype.test.ContentResourceTest" time="2.335"/>
  <testcase name="testGetContentWithAllCategoriesInfo[1: xml]" classname="com.dotcms.contenttype.test.ContentResourceTest" time="2.339"/>
  <system-out><![CDATA[











]]></system-out>
  <system-err><![CDATA[]]></system-err>
</testsuite>
