<?xml version="1.0" encoding="UTF-8"?>
<testsuite name="com.dotmarketing.business.DeterministicIdentifierAPITest" tests="16" skipped="0" failures="0" errors="0" timestamp="2023-06-28T17:07:31" hostname="fv-az395-584" time="1.827">
  <properties/>
  <testcase name="Test_Category_Path_Seed_And_Id" classname="com.dotmarketing.business.DeterministicIdentifierAPITest" time="0.032"/>
  <testcase name="Test_Language_Deterministic_Id[0: LanguageTestCase{expectedSeed='Language:es:US', expectedHash=4913155, langCode='es', countryCode='US', country='United States'}]" classname="com.dotmarketing.business.DeterministicIdentifierAPITest" time="0.002"/>
  <testcase name="Test_Language_Deterministic_Id[1: LanguageTestCase{expectedSeed='Language:ep:', expectedHash=5292269, langCode='ep', countryCode='', country=''}]" classname="com.dotmarketing.business.DeterministicIdentifierAPITest" time="0.002"/>
  <testcase name="Test_Language_Deterministic_Id[2: LanguageTestCase{expectedSeed='Language:sg:SAG', expectedHash=4713118, langCode='sg', countryCode='SAG', country=''}]" classname="com.dotmarketing.business.DeterministicIdentifierAPITest" time="0.001"/>
  <testcase name="Test_Language_Deterministic_Id[3: LanguageTestCase{expectedSeed='Language:en:NZ', expectedHash=5382528, langCode='en', countryCode='NZ', country='New Zealand'}]" classname="com.dotmarketing.business.DeterministicIdentifierAPITest" time="0.002"/>
  <testcase name="Test_Category_None_Persisted_Category_Should_Return_Deterministic_Id" classname="com.dotmarketing.business.DeterministicIdentifierAPITest" time="0.002"/>
  <testcase name="Test_Asset_Generate_Deterministic_Id_Best_Effort[0: TestCase{versionable=my.host1687971610720.com, parent=System Host, expectedName='my.host1687971610720.com', expectedType='Host'}]" classname="com.dotmarketing.business.DeterministicIdentifierAPITest" time="0.004"/>
  <testcase name="Test_Asset_Generate_Deterministic_Id_Best_Effort[1: TestCase{versionable=com.dotmarketing.portlets.contentlet.model.Contentlet@326bae6b[map={modDate=2023-06-28 17:00:11.163, fileName=file14099226106716569777.txt, title=file14099226106716569777.txt, inode=e6ded730-bf1e-485f-995e-3bc6e7863c9f, __IS_NEW_CONTENT__=true, disabledWYSIWYG=[], host=11fcb045-7200-41aa-9b1b-5af5e3078e62, stInode=33888b6f-7a8e-4069-b1b6-5c1aa9d0a48d, owner=system, identifier=b812dffc-724f-492f-9921-53c938d386b7, nullProperties=[wfExpireDate, wfPublishDate, wfActionAssign, wfActionId, wfActionComments, filterKey, whereToSend, wfNeverExpire, _path_to_move, timezoneId, iWantTo, wfPublishTime, wfExpireTime], languageId=1, fileAsset=/home/runner/work/core/custom/assets/e/6/e6ded730-bf1e-485f-995e-3bc6e7863c9f/fileAsset/file14099226106716569777.txt, folder=0a50f21a-4e3e-4951-a3f7-99db4709fc0f, __disable_workflow__=true, sortOrder=0, modUser=system},lowIndexPriority=false,variantId=DEFAULT], parent=com.dotmarketing.portlets.folders.model.Folder@665a070f[identifier=0a50f21a-4e3e-4951-a3f7-99db4709fc0f,name=testName1687971611152,sortOrder=0,showOnMenu=false,hostId=11fcb045-7200-41aa-9b1b-5af5e3078e62,type=folder,title=testTitle1687971611152,filesMasks=,defaultFileType=33888b6f-7a8e-4069-b1b6-5c1aa9d0a48d,modDate=2023-06-28 17:00:11.156,owner=&lt;null&gt;,iDate=2023-06-28 17:00:11.156,inode=0a50f21a-4e3e-4951-a3f7-99db4709fc0f,path=/testName1687971611152/], expectedName='file14099226106716569777.txt', expectedType='FileAsset'}]" classname="com.dotmarketing.business.DeterministicIdentifierAPITest" time="0.004"/>
  <testcase name="Test_Asset_Generate_Deterministic_Id_Best_Effort[2: TestCase{versionable=com.dotmarketing.portlets.templates.model.Template@81a6ac83, parent=my.host1687971610720.com, expectedName='testTitle1687971611279', expectedType='Template'}]" classname="com.dotmarketing.business.DeterministicIdentifierAPITest" time="0.003"/>
  <testcase name="Test_Asset_Generate_Deterministic_Id_Best_Effort[3: TestCase{versionable=com.dotmarketing.portlets.htmlpageasset.model.HTMLPageAsset@60e9ed90[map={template=a85a6402-828e-439c-ad15-36f2046e4a27, owner=system, identifier=2d65b101-b8ca-4282-a3fb-8dc7627cf92f, nullProperties=[wfExpireDate, wfPublishDate, wfActionAssign, wfActionId, wfActionComments, filterKey, whereToSend, wfNeverExpire, _path_to_move, timezoneId, iWantTo, wfPublishTime, wfExpireTime], modDate=2023-06-28 17:00:11.303, cachettl=0, _is_test_mode=true, languageId=1, title=test-page-title-1687971611296, httpsreq=, url=test-page-url-1687971611296, showOnMenu=, inode=c0853c01-e441-4f85-8acd-9cd885073821, folder=0a50f21a-4e3e-4951-a3f7-99db4709fc0f, disabledWYSIWYG=[], sortOrder=1, modUser=system, host=11fcb045-7200-41aa-9b1b-5af5e3078e62, stInode=c541abb1-69b3-4bc5-8430-5e09e5239cc8, friendlyName=test-page-friendly-name-1687971611296},lowIndexPriority=false,variantId=DEFAULT], parent=com.dotmarketing.portlets.folders.model.Folder@665a070f[identifier=0a50f21a-4e3e-4951-a3f7-99db4709fc0f,name=testName1687971611152,sortOrder=0,showOnMenu=false,hostId=11fcb045-7200-41aa-9b1b-5af5e3078e62,type=folder,title=testTitle1687971611152,filesMasks=,defaultFileType=33888b6f-7a8e-4069-b1b6-5c1aa9d0a48d,modDate=2023-06-28 17:00:11.156,owner=&lt;null&gt;,iDate=2023-06-28 17:00:11.156,inode=0a50f21a-4e3e-4951-a3f7-99db4709fc0f,path=/testName1687971611152/], expectedName='test-page-url-1687971611296', expectedType='htmlpageasset'}]" classname="com.dotmarketing.business.DeterministicIdentifierAPITest" time="0.004"/>
  <testcase name="Test_Asset_Generate_Deterministic_Id_Best_Effort[4: TestCase{versionable=com.dotmarketing.portlets.contentlet.model.Contentlet@22c59a94[map={fileAsset2=/home/runner/work/core/custom/assets/e/8/e831fe7f-b2f4-43ae-a108-bb83162641c3/fileAsset2/test_binary1687971613167.png, modDate=2023-06-28 17:00:13.174, fileAsset1=/home/runner/work/core/custom/assets/e/8/e831fe7f-b2f4-43ae-a108-bb83162641c3/fileAsset1/test_binary1687971613167.jpg, title=blah, inode=e831fe7f-b2f4-43ae-a108-bb83162641c3, __IS_NEW_CONTENT__=true, disabledWYSIWYG=[], host=48190c8c-42c4-46af-8d1a-0cd5db894797, stInode=b4393b08-f58c-4b95-b935-76406914e65d, owner=system, identifier=cb3749e9-438f-4ac1-8812-43388e56b4d4, nullProperties=[], languageId=1, image1=a787ed4b-6568-4ba4-a0b6-302e58755b93, folder=SYSTEM_FOLDER, __disable_workflow__=true, sortOrder=0, modUser=system},lowIndexPriority=false,variantId=DEFAULT], parent=demo.dotcms.com, expectedName='test_binary1687971613167.jpg:test_binary1687971613167.png', expectedType='MultipleBinaries1687971611733'}]" classname="com.dotmarketing.business.DeterministicIdentifierAPITest" time="0.004"/>
  <testcase name="Test_Asset_Generate_Deterministic_Id_Best_Effort[5: TestCase{versionable=name9b3a2fc586 : keyTag9b3a2fc586, parent=my.host1687971610720.com, expectedName='keyTag9b3a2fc586', expectedType='persona'}]" classname="com.dotmarketing.business.DeterministicIdentifierAPITest" time="0.004"/>
  <testcase name="Test_Similar_Content_Type_Wont_Clash" classname="com.dotmarketing.business.DeterministicIdentifierAPITest" time="0.63"/>
  <testcase name="Test_Generate_Folder_Identifier" classname="com.dotmarketing.business.DeterministicIdentifierAPITest" time="1.111"/>
  <testcase name="Test_Generate_Content_Type_Identifier[0: ContentTypeTestCase{contentType=KeyValueContentType{name=Language Variable, id=f4d7c1b8-2c88-4071-abf1-a5328977b07d, description=Default Content Type for Language Variables, defaultType=false, fixed=true, iDate=Thu Aug 31 16:38:49 UTC 2017, system=true, versionable=true, variable=Languagevariable, modDate=Wed Jun 28 15:42:52 UTC 2023, host=SYSTEM_HOST, siteName=systemHost, icon=language, sortOrder=0, folder=SYSTEM_FOLDER, folderPath=/, markedForDeletion=true, multilingualable=false}, expectedName='Languagevariable', expectedType='KeyValue'}]" classname="com.dotmarketing.business.DeterministicIdentifierAPITest" time="0.01"/>
  <testcase name="Test_Generate_Content_Type_Identifier[1: ContentTypeTestCase{contentType=SimpleContentType{name=testName1687971613722, id=029570b7-d447-4e7e-9243-999d9335c91d, description=testDescription1687971613722, defaultType=false, fixed=false, iDate=Wed Jun 28 17:00:13 UTC 2023, system=false, versionable=true, multilingualable=false, variable=testVarname1687971613722, owner=system, modDate=Wed Jun 28 17:00:14 UTC 2023, host=48190c8c-42c4-46af-8d1a-0cd5db894797, siteName=demo.dotcms.com, icon=event_note, sortOrder=0, folder=SYSTEM_FOLDER, folderPath=/, requiredFields=[], markedForDeletion=false}, expectedName='testVarname1687971613722', expectedType='CONTENT'}]" classname="com.dotmarketing.business.DeterministicIdentifierAPITest" time="0.008"/>
  <system-out><![CDATA[]]></system-out>
  <system-err><![CDATA[]]></system-err>
</testsuite>
