<?xml version="1.0" encoding="UTF-8"?>
<testsuite name="com.dotmarketing.startup.runonce.Task210506UpdateStorageTableTest" tests="1" skipped="0" failures="0" errors="0" timestamp="2023-07-11T18:16:40" hostname="fv-az351-324" time="1.027">
  <properties/>
  <testcase name="testExecuteUpgrade" classname="com.dotmarketing.startup.runonce.Task210506UpdateStorageTableTest" time="1.027"/>
  <system-out><![CDATA[]]></system-out>
  <system-err><![CDATA[]]></system-err>
</testsuite>
