<?xml version="1.0" encoding="UTF-8"?>
<testsuite name="com.dotcms.dotpubsub.RedisPubSubImplTest" tests="2" skipped="0" failures="0" errors="0" timestamp="2023-07-18T07:08:45" hostname="fv-az1235-995" time="0.023">
  <properties/>
  <testcase name="test_adding_removing_topics" classname="com.dotcms.dotpubsub.RedisPubSubImplTest" time="0.009"/>
  <testcase name="test_publisher" classname="com.dotcms.dotpubsub.RedisPubSubImplTest" time="0.014"/>
  <system-out><![CDATA[]]></system-out>
  <system-err><![CDATA[]]></system-err>
</testsuite>
