<?xml version="1.0" encoding="UTF-8"?>
<testsuite name="com.dotcms.content.elasticsearch.business.ESSiteSearchAPITest" tests="3" skipped="0" failures="0" errors="0" timestamp="2023-07-17T21:45:40" hostname="fv-az407-374" time="25.313">
  <properties/>
  <testcase name="testCreateSiteSearchIndexAndMakeItDefault" classname="com.dotcms.content.elasticsearch.business.ESSiteSearchAPITest" time="0.178"/>
  <testcase name="testFullReindexKeepsDefaultSiteSearchIndex" classname="com.dotcms.content.elasticsearch.business.ESSiteSearchAPITest" time="12.733"/>
  <testcase name="testReindexAbortKeepsDefaultSiteSearchIndex" classname="com.dotcms.content.elasticsearch.business.ESSiteSearchAPITest" time="12.402"/>
  <system-out><![CDATA[]]></system-out>
  <system-err><![CDATA[]]></system-err>
</testsuite>
