<?xml version="1.0" encoding="UTF-8"?>
<testsuite name="com.dotmarketing.startup.runonce.Task220202RemoveFKStructureFolderConstraintTest" tests="1" skipped="0" failures="0" errors="0" timestamp="2023-07-18T00:30:40" hostname="fv-az362-624" time="0.058">
  <properties/>
  <testcase name="testUpgradeTask" classname="com.dotmarketing.startup.runonce.Task220202RemoveFKStructureFolderConstraintTest" time="0.058"/>
  <system-out><![CDATA[





]]></system-out>
  <system-err><![CDATA[]]></system-err>
</testsuite>
