<?xml version="1.0" encoding="UTF-8"?>
<testsuite name="com.dotmarketing.factories.MultiTreeAPITest" tests="33" skipped="0" failures="0" errors="0" timestamp="2023-06-28T04:12:22" hostname="fv-az255-852" time="69.42">
  <properties/>
  <testcase name="shouldReplaceEnglishMultiTree" classname="com.dotmarketing.factories.MultiTreeAPITest" time="1.721"/>
  <testcase name="shouldReplaceVariantAndPersonalizationMultiTree" classname="com.dotmarketing.factories.MultiTreeAPITest" time="2.286"/>
  <testcase name="shouldReplaceAllMultiTree" classname="com.dotmarketing.factories.MultiTreeAPITest" time="1.715"/>
  <testcase name="testMultiTreeForContainerStructure" classname="com.dotmarketing.factories.MultiTreeAPITest" time="0.022"/>
  <testcase name="testCleanUpUnusedPersonalization" classname="com.dotmarketing.factories.MultiTreeAPITest" time="0.475"/>
  <testcase name="testSaveMultiTree" classname="com.dotmarketing.factories.MultiTreeAPITest" time="0.005"/>
  <testcase name="testEmptyContainersInDrawedTemplate" classname="com.dotmarketing.factories.MultiTreeAPITest" time="21.02"/>
  <testcase name="testEmptyContainersInAdvancedTemplate" classname="com.dotmarketing.factories.MultiTreeAPITest" time="21.295"/>
  <testcase name="saveUpdateMultiTree" classname="com.dotmarketing.factories.MultiTreeAPITest" time="1.364"/>
  <testcase name="testGetMultiTreesByPersonalizedPage" classname="com.dotmarketing.factories.MultiTreeAPITest" time="0.08"/>
  <testcase name="after_override_multitrees_should_keep_other_pages_contentlet_references" classname="com.dotmarketing.factories.MultiTreeAPITest" time="2.036"/>
  <testcase name="getMultiTreesByVariantWithFallback" classname="com.dotmarketing.factories.MultiTreeAPITest" time="1.656"/>
  <testcase name="testMultiTreesSaveWithEmpty" classname="com.dotmarketing.factories.MultiTreeAPITest" time="0.008"/>
  <testcase name="test_personalize_page_respects_max_contentlet_value_per_persona" classname="com.dotmarketing.factories.MultiTreeAPITest" time="0.597"/>
  <testcase name="copyMultiTreeToNewVariant" classname="com.dotmarketing.factories.MultiTreeAPITest" time="1.035"/>
  <testcase name="savaDifferent" classname="com.dotmarketing.factories.MultiTreeAPITest" time="1.553"/>
  <testcase name="testMultiTreesSavingWithPersonalizationForPage" classname="com.dotmarketing.factories.MultiTreeAPITest" time="0.015"/>
  <testcase name="deleteMultiTreeByPageAndVariant" classname="com.dotmarketing.factories.MultiTreeAPITest" time="3.45"/>
  <testcase name="testDoesPageContentsHaveContainer_no_prefix" classname="com.dotmarketing.factories.MultiTreeAPITest" time="0.0"/>
  <testcase name="multiTreesByVariant" classname="com.dotmarketing.factories.MultiTreeAPITest" time="2.635"/>
  <testcase name="shouldReplaceVariantMultiTree" classname="com.dotmarketing.factories.MultiTreeAPITest" time="1.991"/>
  <testcase name="testReorderWithVariant" classname="com.dotmarketing.factories.MultiTreeAPITest" time="0.123"/>
  <testcase name="testReorder" classname="com.dotmarketing.factories.MultiTreeAPITest" time="0.06"/>
  <testcase name="testDoesPageContentsHaveContainer_with_prefix" classname="com.dotmarketing.factories.MultiTreeAPITest" time="0.001"/>
  <testcase name="testGetPageMultiTrees" classname="com.dotmarketing.factories.MultiTreeAPITest" time="0.374"/>
  <testcase name="testLegacyMultiTreeSave" classname="com.dotmarketing.factories.MultiTreeAPITest" time="0.006"/>
  <testcase name="findByChild" classname="com.dotmarketing.factories.MultiTreeAPITest" time="0.05"/>
  <testcase name="testDeletes" classname="com.dotmarketing.factories.MultiTreeAPITest" time="0.077"/>
  <testcase name="testMultiTreesSave" classname="com.dotmarketing.factories.MultiTreeAPITest" time="0.005"/>
  <testcase name="testMultiTreesSaveAndPersonalizationForPage" classname="com.dotmarketing.factories.MultiTreeAPITest" time="1.588"/>
  <testcase name="testMultiTreesSaveDeleting" classname="com.dotmarketing.factories.MultiTreeAPITest" time="0.008"/>
  <testcase name="getMultiTreesByVariant" classname="com.dotmarketing.factories.MultiTreeAPITest" time="0.731"/>
  <testcase name="test_overridesMultitreesByPersonalization_AddContentTwiceDiffLangEditing_throwException" classname="com.dotmarketing.factories.MultiTreeAPITest" time="1.43"/>
  <system-out><![CDATA[]]></system-out>
  <system-err><![CDATA[]]></system-err>
</testsuite>
