<?xml version="1.0" encoding="UTF-8"?>
<testsuite name="com.dotcms.contenttype.test.ContentTypeImportExportTest" tests="1" skipped="0" failures="0" errors="0" timestamp="2023-07-13T21:51:55" hostname="fv-az267-171" time="9.469">
  <properties/>
  <testcase name="testExport" classname="com.dotcms.contenttype.test.ContentTypeImportExportTest" time="9.469"/>
  <system-out><![CDATA[



]]></system-out>
  <system-err><![CDATA[]]></system-err>
</testsuite>
