<?xml version="1.0" encoding="UTF-8"?>
<testsuite name="com.dotmarketing.business.DeterministicIdentifierAPITest" tests="16" skipped="0" failures="0" errors="0" timestamp="2023-07-11T03:49:14" hostname="fv-az1256-472" time="0.796">
  <properties/>
  <testcase name="Test_Category_Path_Seed_And_Id" classname="com.dotmarketing.business.DeterministicIdentifierAPITest" time="0.024"/>
  <testcase name="Test_Language_Deterministic_Id[0: LanguageTestCase{expectedSeed='Language:es:US', expectedHash=4913155, langCode='es', countryCode='US', country='United States'}]" classname="com.dotmarketing.business.DeterministicIdentifierAPITest" time="0.001"/>
  <testcase name="Test_Language_Deterministic_Id[1: LanguageTestCase{expectedSeed='Language:ep:', expectedHash=5292269, langCode='ep', countryCode='', country=''}]" classname="com.dotmarketing.business.DeterministicIdentifierAPITest" time="0.001"/>
  <testcase name="Test_Language_Deterministic_Id[2: LanguageTestCase{expectedSeed='Language:sg:SAG', expectedHash=4713118, langCode='sg', countryCode='SAG', country=''}]" classname="com.dotmarketing.business.DeterministicIdentifierAPITest" time="0.0"/>
  <testcase name="Test_Language_Deterministic_Id[3: LanguageTestCase{expectedSeed='Language:en:NZ', expectedHash=5382528, langCode='en', countryCode='NZ', country='New Zealand'}]" classname="com.dotmarketing.business.DeterministicIdentifierAPITest" time="0.0"/>
  <testcase name="Test_Category_None_Persisted_Category_Should_Return_Deterministic_Id" classname="com.dotmarketing.business.DeterministicIdentifierAPITest" time="0.001"/>
  <testcase name="Test_Asset_Generate_Deterministic_Id_Best_Effort[0: TestCase{versionable=my.host1689046971337.com, parent=System Host, expectedName='my.host1689046971337.com', expectedType='Host'}]" classname="com.dotmarketing.business.DeterministicIdentifierAPITest" time="0.003"/>
  <testcase name="Test_Asset_Generate_Deterministic_Id_Best_Effort[1: TestCase{versionable=com.dotmarketing.portlets.contentlet.model.Contentlet@327d6e6f[map={modDate=2023-07-11 03:42:52.152, fileName=file10995279697232599400.txt, title=file10995279697232599400.txt, inode=65aebdd2-4a82-48d9-9d8a-ece2e87205d3, __IS_NEW_CONTENT__=true, disabledWYSIWYG=[], host=393f2e9b-d06f-4d45-a011-eba3a34a4f34, stInode=33888b6f-7a8e-4069-b1b6-5c1aa9d0a48d, owner=system, identifier=6d862ddf-e894-4f60-9ad7-40a34ea9e40f, nullProperties=[wfExpireDate, wfPublishDate, wfActionAssign, wfActionId, wfActionComments, filterKey, whereToSend, wfNeverExpire, _path_to_move, timezoneId, iWantTo, wfPublishTime, wfExpireTime], languageId=1, fileAsset=/home/runner/work/core/custom/assets/6/5/65aebdd2-4a82-48d9-9d8a-ece2e87205d3/fileAsset/file10995279697232599400.txt, folder=ce2188c0-b13c-4301-bbca-f09d1e92edb5, __disable_workflow__=true, sortOrder=0, modUser=system},lowIndexPriority=false,variantId=DEFAULT], parent=com.dotmarketing.portlets.folders.model.Folder@4137b41c[identifier=ce2188c0-b13c-4301-bbca-f09d1e92edb5,name=testName1689046972146,sortOrder=0,showOnMenu=false,hostId=393f2e9b-d06f-4d45-a011-eba3a34a4f34,type=folder,title=testTitle1689046972146,filesMasks=,defaultFileType=33888b6f-7a8e-4069-b1b6-5c1aa9d0a48d,modDate=2023-07-11 03:42:52.149,owner=&lt;null&gt;,iDate=2023-07-11 03:42:52.149,inode=ce2188c0-b13c-4301-bbca-f09d1e92edb5,path=/testName1689046972146/], expectedName='file10995279697232599400.txt', expectedType='FileAsset'}]" classname="com.dotmarketing.business.DeterministicIdentifierAPITest" time="0.004"/>
  <testcase name="Test_Asset_Generate_Deterministic_Id_Best_Effort[2: TestCase{versionable=com.dotmarketing.portlets.templates.model.Template@120f888a, parent=my.host1689046971337.com, expectedName='testTitle1689046972241', expectedType='Template'}]" classname="com.dotmarketing.business.DeterministicIdentifierAPITest" time="0.002"/>
  <testcase name="Test_Asset_Generate_Deterministic_Id_Best_Effort[3: TestCase{versionable=com.dotmarketing.portlets.htmlpageasset.model.HTMLPageAsset@5df39064[map={template=d09fd1dc-c8c8-4ef0-9464-afdb964991e5, owner=system, identifier=3a9a98b4-42f9-411f-9c16-5aaff84fd6a2, nullProperties=[wfExpireDate, wfPublishDate, wfActionAssign, wfActionId, wfActionComments, filterKey, whereToSend, wfNeverExpire, _path_to_move, timezoneId, iWantTo, wfPublishTime, wfExpireTime], modDate=2023-07-11 03:42:52.252, cachettl=0, _is_test_mode=true, languageId=1, title=test-page-title-1689046972249, httpsreq=, url=test-page-url-1689046972249, showOnMenu=, inode=f05be3bd-e311-4981-b677-a42e65980707, folder=ce2188c0-b13c-4301-bbca-f09d1e92edb5, disabledWYSIWYG=[], sortOrder=1, modUser=system, host=393f2e9b-d06f-4d45-a011-eba3a34a4f34, stInode=c541abb1-69b3-4bc5-8430-5e09e5239cc8, friendlyName=test-page-friendly-name-1689046972249},lowIndexPriority=false,variantId=DEFAULT], parent=com.dotmarketing.portlets.folders.model.Folder@4137b41c[identifier=ce2188c0-b13c-4301-bbca-f09d1e92edb5,name=testName1689046972146,sortOrder=0,showOnMenu=false,hostId=393f2e9b-d06f-4d45-a011-eba3a34a4f34,type=folder,title=testTitle1689046972146,filesMasks=,defaultFileType=33888b6f-7a8e-4069-b1b6-5c1aa9d0a48d,modDate=2023-07-11 03:42:52.149,owner=&lt;null&gt;,iDate=2023-07-11 03:42:52.149,inode=ce2188c0-b13c-4301-bbca-f09d1e92edb5,path=/testName1689046972146/], expectedName='test-page-url-1689046972249', expectedType='htmlpageasset'}]" classname="com.dotmarketing.business.DeterministicIdentifierAPITest" time="0.003"/>
  <testcase name="Test_Asset_Generate_Deterministic_Id_Best_Effort[4: TestCase{versionable=com.dotmarketing.portlets.contentlet.model.Contentlet@3def0cc9[map={fileAsset2=/home/runner/work/core/custom/assets/b/c/bc239537-3cd0-4de9-a6d9-6a94762c5ca8/fileAsset2/test_binary1689046973138.png, modDate=2023-07-11 03:42:53.143, fileAsset1=/home/runner/work/core/custom/assets/b/c/bc239537-3cd0-4de9-a6d9-6a94762c5ca8/fileAsset1/test_binary1689046973138.jpg, title=blah, inode=bc239537-3cd0-4de9-a6d9-6a94762c5ca8, __IS_NEW_CONTENT__=true, disabledWYSIWYG=[], host=48190c8c-42c4-46af-8d1a-0cd5db894797, stInode=f105b990-928c-43d0-bbcc-b37334006d1e, owner=system, identifier=583d83ba-865c-448a-ab56-7a065a8b99fd, nullProperties=[], languageId=1, image1=e961de54-945d-4b06-8d78-5e402076dcfa, folder=SYSTEM_FOLDER, __disable_workflow__=true, sortOrder=0, modUser=system},lowIndexPriority=false,variantId=DEFAULT], parent=demo.dotcms.com, expectedName='test_binary1689046973138.jpg:test_binary1689046973138.png', expectedType='MultipleBinaries1689046972377'}]" classname="com.dotmarketing.business.DeterministicIdentifierAPITest" time="0.003"/>
  <testcase name="Test_Asset_Generate_Deterministic_Id_Best_Effort[5: TestCase{versionable=name2bf20e4b9a : keyTag2bf20e4b9a, parent=my.host1689046971337.com, expectedName='keyTag2bf20e4b9a', expectedType='persona'}]" classname="com.dotmarketing.business.DeterministicIdentifierAPITest" time="0.003"/>
  <testcase name="Test_Similar_Content_Type_Wont_Clash" classname="com.dotmarketing.business.DeterministicIdentifierAPITest" time="0.389"/>
  <testcase name="Test_Generate_Folder_Identifier" classname="com.dotmarketing.business.DeterministicIdentifierAPITest" time="0.347"/>
  <testcase name="Test_Generate_Content_Type_Identifier[0: ContentTypeTestCase{contentType=KeyValueContentType{name=Language Variable, id=f4d7c1b8-2c88-4071-abf1-a5328977b07d, description=Default Content Type for Language Variables, defaultType=false, fixed=true, iDate=Thu Aug 31 16:38:49 UTC 2017, system=true, versionable=true, variable=Languagevariable, modDate=Tue Jul 11 02:40:35 UTC 2023, host=SYSTEM_HOST, siteName=systemHost, icon=language, sortOrder=0, folder=SYSTEM_FOLDER, folderPath=/, markedForDeletion=true, multilingualable=false}, expectedName='Languagevariable', expectedType='KeyValue'}]" classname="com.dotmarketing.business.DeterministicIdentifierAPITest" time="0.006"/>
  <testcase name="Test_Generate_Content_Type_Identifier[1: ContentTypeTestCase{contentType=SimpleContentType{name=testName1689046973470, id=2bad9f83-9bf7-42ea-b996-86700280159e, description=testDescription1689046973470, defaultType=false, fixed=false, iDate=Tue Jul 11 03:42:53 UTC 2023, system=false, versionable=true, multilingualable=false, variable=testVarname1689046973470, owner=system, modDate=Tue Jul 11 03:42:54 UTC 2023, host=48190c8c-42c4-46af-8d1a-0cd5db894797, siteName=demo.dotcms.com, icon=event_note, sortOrder=0, folder=SYSTEM_FOLDER, folderPath=/, requiredFields=[], markedForDeletion=false}, expectedName='testVarname1689046973470', expectedType='CONTENT'}]" classname="com.dotmarketing.business.DeterministicIdentifierAPITest" time="0.005"/>
  <system-out><![CDATA[]]></system-out>
  <system-err><![CDATA[]]></system-err>
</testsuite>
