<?xml version="1.0" encoding="UTF-8"?>
<testsuite name="com.dotmarketing.portlets.structure.model.ContentletRelationshipsTest" tests="7" skipped="0" failures="0" errors="0" timestamp="2023-07-13T22:38:05" hostname="fv-az267-171" time="10.711">
  <properties/>
  <testcase name="testDoesAllowOnlyOne[0: com.dotmarketing.portlets.structure.model.ContentletRelationshipsTest$CardinalityTestCase@6a3aa8f3]" classname="com.dotmarketing.portlets.structure.model.ContentletRelationshipsTest" time="0.633"/>
  <testcase name="testDoesAllowOnlyOne[1: com.dotmarketing.portlets.structure.model.ContentletRelationshipsTest$CardinalityTestCase@148daa69]" classname="com.dotmarketing.portlets.structure.model.ContentletRelationshipsTest" time="0.63"/>
  <testcase name="testDoesAllowOnlyOne[2: com.dotmarketing.portlets.structure.model.ContentletRelationshipsTest$CardinalityTestCase@eefbfb8]" classname="com.dotmarketing.portlets.structure.model.ContentletRelationshipsTest" time="0.654"/>
  <testcase name="testGetRelationshipRecords[0: com.dotmarketing.portlets.structure.model.ContentletRelationshipsTest$TestCase@7a94f11e]" classname="com.dotmarketing.portlets.structure.model.ContentletRelationshipsTest" time="2.359"/>
  <testcase name="testGetRelationshipRecords[1: com.dotmarketing.portlets.structure.model.ContentletRelationshipsTest$TestCase@4556a38f]" classname="com.dotmarketing.portlets.structure.model.ContentletRelationshipsTest" time="2.26"/>
  <testcase name="testGetRelationshipRecords[2: com.dotmarketing.portlets.structure.model.ContentletRelationshipsTest$TestCase@3c7197ae]" classname="com.dotmarketing.portlets.structure.model.ContentletRelationshipsTest" time="2.108"/>
  <testcase name="testGetRelationshipRecords[3: com.dotmarketing.portlets.structure.model.ContentletRelationshipsTest$TestCase@4f10ede7]" classname="com.dotmarketing.portlets.structure.model.ContentletRelationshipsTest" time="2.065"/>
  <system-out><![CDATA[]]></system-out>
  <system-err><![CDATA[]]></system-err>
</testsuite>
