<?xml version="1.0" encoding="UTF-8"?>
<testsuite name="com.dotmarketing.business.DeterministicIdentifierAPITest" tests="16" skipped="0" failures="0" errors="0" timestamp="2023-06-26T17:32:34" hostname="fv-az1098-397" time="1.469">
  <properties/>
  <testcase name="Test_Category_Path_Seed_And_Id" classname="com.dotmarketing.business.DeterministicIdentifierAPITest" time="0.022"/>
  <testcase name="Test_Language_Deterministic_Id[0: LanguageTestCase{expectedSeed='Language:es:US', expectedHash=4913155, langCode='es', countryCode='US', country='United States'}]" classname="com.dotmarketing.business.DeterministicIdentifierAPITest" time="0.001"/>
  <testcase name="Test_Language_Deterministic_Id[1: LanguageTestCase{expectedSeed='Language:ep:', expectedHash=5292269, langCode='ep', countryCode='', country=''}]" classname="com.dotmarketing.business.DeterministicIdentifierAPITest" time="0.001"/>
  <testcase name="Test_Language_Deterministic_Id[2: LanguageTestCase{expectedSeed='Language:sg:SAG', expectedHash=4713118, langCode='sg', countryCode='SAG', country=''}]" classname="com.dotmarketing.business.DeterministicIdentifierAPITest" time="0.001"/>
  <testcase name="Test_Language_Deterministic_Id[3: LanguageTestCase{expectedSeed='Language:en:NZ', expectedHash=5382528, langCode='en', countryCode='NZ', country='New Zealand'}]" classname="com.dotmarketing.business.DeterministicIdentifierAPITest" time="0.001"/>
  <testcase name="Test_Category_None_Persisted_Category_Should_Return_Deterministic_Id" classname="com.dotmarketing.business.DeterministicIdentifierAPITest" time="0.002"/>
  <testcase name="Test_Asset_Generate_Deterministic_Id_Best_Effort[0: TestCase{versionable=my.host1687795265196.com, parent=System Host, expectedName='my.host1687795265196.com', expectedType='Host'}]" classname="com.dotmarketing.business.DeterministicIdentifierAPITest" time="0.004"/>
  <testcase name="Test_Asset_Generate_Deterministic_Id_Best_Effort[1: TestCase{versionable=com.dotmarketing.portlets.contentlet.model.Contentlet@591b63b6[map={modDate=2023-06-26 16:01:06.19, fileName=file15258273483152905673.txt, title=file15258273483152905673.txt, inode=872f7f07-560e-4e0f-9ce1-a447202356ca, __IS_NEW_CONTENT__=true, disabledWYSIWYG=[], host=36e18003-cb98-414d-a7ce-40aef4c727f8, stInode=33888b6f-7a8e-4069-b1b6-5c1aa9d0a48d, owner=system, identifier=11c6a8e4-f974-435e-9dcf-e9673182c0df, nullProperties=[wfExpireDate, wfPublishDate, wfActionAssign, wfActionId, wfActionComments, filterKey, whereToSend, wfNeverExpire, _path_to_move, timezoneId, iWantTo, wfPublishTime, wfExpireTime], languageId=1, fileAsset=/home/runner/work/core/custom/assets/8/7/872f7f07-560e-4e0f-9ce1-a447202356ca/fileAsset/file15258273483152905673.txt, folder=e1514e4f-b67f-4a1f-b920-996095e1bd42, __disable_workflow__=true, sortOrder=0, modUser=system},lowIndexPriority=false,variantId=DEFAULT], parent=com.dotmarketing.portlets.folders.model.Folder@86305ba[identifier=e1514e4f-b67f-4a1f-b920-996095e1bd42,name=testName1687795266185,sortOrder=0,showOnMenu=false,hostId=36e18003-cb98-414d-a7ce-40aef4c727f8,type=folder,title=testTitle1687795266185,filesMasks=,defaultFileType=33888b6f-7a8e-4069-b1b6-5c1aa9d0a48d,modDate=2023-06-26 16:01:06.187,owner=&lt;null&gt;,iDate=2023-06-26 16:01:06.187,inode=e1514e4f-b67f-4a1f-b920-996095e1bd42,path=/testName1687795266185/], expectedName='file15258273483152905673.txt', expectedType='FileAsset'}]" classname="com.dotmarketing.business.DeterministicIdentifierAPITest" time="0.002"/>
  <testcase name="Test_Asset_Generate_Deterministic_Id_Best_Effort[2: TestCase{versionable=com.dotmarketing.portlets.templates.model.Template@eb6ce710, parent=my.host1687795265196.com, expectedName='testTitle1687795266256', expectedType='Template'}]" classname="com.dotmarketing.business.DeterministicIdentifierAPITest" time="0.001"/>
  <testcase name="Test_Asset_Generate_Deterministic_Id_Best_Effort[3: TestCase{versionable=com.dotmarketing.portlets.htmlpageasset.model.HTMLPageAsset@2a22ea9b[map={template=0bf4d833-f509-4bdb-9de3-6bc42d0621d5, owner=system, identifier=bb5ecf69-44e5-4a1a-b5d1-a033e13e5856, nullProperties=[wfExpireDate, wfPublishDate, wfActionAssign, wfActionId, wfActionComments, filterKey, whereToSend, wfNeverExpire, _path_to_move, timezoneId, iWantTo, wfPublishTime, wfExpireTime], modDate=2023-06-26 16:01:06.273, cachettl=0, _is_test_mode=true, languageId=1, title=test-page-title-1687795266269, httpsreq=, url=test-page-url-1687795266269, showOnMenu=, inode=b325837c-a30b-44a4-8c86-98a7a3f101af, folder=e1514e4f-b67f-4a1f-b920-996095e1bd42, disabledWYSIWYG=[], sortOrder=1, modUser=system, host=36e18003-cb98-414d-a7ce-40aef4c727f8, stInode=c541abb1-69b3-4bc5-8430-5e09e5239cc8, friendlyName=test-page-friendly-name-1687795266269},lowIndexPriority=false,variantId=DEFAULT], parent=com.dotmarketing.portlets.folders.model.Folder@86305ba[identifier=e1514e4f-b67f-4a1f-b920-996095e1bd42,name=testName1687795266185,sortOrder=0,showOnMenu=false,hostId=36e18003-cb98-414d-a7ce-40aef4c727f8,type=folder,title=testTitle1687795266185,filesMasks=,defaultFileType=33888b6f-7a8e-4069-b1b6-5c1aa9d0a48d,modDate=2023-06-26 16:01:06.187,owner=&lt;null&gt;,iDate=2023-06-26 16:01:06.187,inode=e1514e4f-b67f-4a1f-b920-996095e1bd42,path=/testName1687795266185/], expectedName='test-page-url-1687795266269', expectedType='htmlpageasset'}]" classname="com.dotmarketing.business.DeterministicIdentifierAPITest" time="0.007"/>
  <testcase name="Test_Asset_Generate_Deterministic_Id_Best_Effort[4: TestCase{versionable=com.dotmarketing.portlets.contentlet.model.Contentlet@1ae10ae5[map={fileAsset2=/home/runner/work/core/custom/assets/7/f/7ff9f2a3-974b-41ce-9d30-d048ab882e1d/fileAsset2/test_binary1687795267187.png, modDate=2023-06-26 16:01:07.191, fileAsset1=/home/runner/work/core/custom/assets/7/f/7ff9f2a3-974b-41ce-9d30-d048ab882e1d/fileAsset1/test_binary1687795267186.jpg, title=blah, inode=7ff9f2a3-974b-41ce-9d30-d048ab882e1d, __IS_NEW_CONTENT__=true, disabledWYSIWYG=[], host=8a7d5e23-da1e-420a-b4f0-471e7da8ea2d, stInode=582bacec-2f58-44bd-990c-2d44cd43a625, owner=system, identifier=60635901-eadc-48be-930e-358004eaef4d, nullProperties=[], languageId=1, image1=9e1452c3-d415-4f72-91df-7367b04b1845, folder=SYSTEM_FOLDER, __disable_workflow__=true, sortOrder=0, modUser=system},lowIndexPriority=false,variantId=DEFAULT], parent=default, expectedName='test_binary1687795267186.jpg:test_binary1687795267187.png', expectedType='MultipleBinaries1687795266375'}]" classname="com.dotmarketing.business.DeterministicIdentifierAPITest" time="0.006"/>
  <testcase name="Test_Asset_Generate_Deterministic_Id_Best_Effort[5: TestCase{versionable=named9082a1531 : keyTagd9082a1531, parent=my.host1687795265196.com, expectedName='keyTagd9082a1531', expectedType='persona'}]" classname="com.dotmarketing.business.DeterministicIdentifierAPITest" time="0.005"/>
  <testcase name="Test_Similar_Content_Type_Wont_Clash" classname="com.dotmarketing.business.DeterministicIdentifierAPITest" time="0.446"/>
  <testcase name="Test_Generate_Folder_Identifier" classname="com.dotmarketing.business.DeterministicIdentifierAPITest" time="0.956"/>
  <testcase name="Test_Generate_Content_Type_Identifier[0: ContentTypeTestCase{contentType=KeyValueContentType{name=Language Variable, id=f4d7c1b8-2c88-4071-abf1-a5328977b07d, description=Default Content Type for Language Variables, defaultType=false, fixed=true, iDate=Thu Aug 31 16:38:49 UTC 2017, system=true, versionable=true, variable=Languagevariable, modDate=Mon Jun 26 15:57:51 UTC 2023, host=SYSTEM_HOST, siteName=systemHost, icon=language, sortOrder=0, folder=SYSTEM_FOLDER, folderPath=/, markedForDeletion=false, multilingualable=false}, expectedName='Languagevariable', expectedType='KeyValue'}]" classname="com.dotmarketing.business.DeterministicIdentifierAPITest" time="0.006"/>
  <testcase name="Test_Generate_Content_Type_Identifier[1: ContentTypeTestCase{contentType=SimpleContentType{name=testName1687795267486, id=474773e9-cea1-4985-8998-8b970e1c56ef, description=testDescription1687795267486, defaultType=false, fixed=false, iDate=Mon Jun 26 16:01:07 UTC 2023, system=false, versionable=true, multilingualable=false, variable=testVarname1687795267486, owner=system, modDate=Mon Jun 26 16:01:08 UTC 2023, host=8a7d5e23-da1e-420a-b4f0-471e7da8ea2d, siteName=default, icon=event_note, sortOrder=0, folder=SYSTEM_FOLDER, folderPath=/, requiredFields=[], markedForDeletion=false}, expectedName='testVarname1687795267486', expectedType='CONTENT'}]" classname="com.dotmarketing.business.DeterministicIdentifierAPITest" time="0.004"/>
  <system-out><![CDATA[]]></system-out>
  <system-err><![CDATA[]]></system-err>
</testsuite>
