<?xml version="1.0" encoding="UTF-8"?>
<testsuite name="com.dotcms.rest.api.v1.vtl.VTLResourceIntegrationTest" tests="6" skipped="0" failures="0" errors="0" timestamp="2023-07-12T19:27:18" hostname="fv-az642-316" time="10.412">
  <properties/>
  <testcase name="testGet[0: com.dotcms.rest.api.v1.vtl.VTLResourceTestCase@7df9df7e]" classname="com.dotcms.rest.api.v1.vtl.VTLResourceIntegrationTest" time="1.5"/>
  <testcase name="testGet[1: com.dotcms.rest.api.v1.vtl.VTLResourceTestCase@2423b8d0]" classname="com.dotcms.rest.api.v1.vtl.VTLResourceIntegrationTest" time="1.894"/>
  <testcase name="testGet[2: com.dotcms.rest.api.v1.vtl.VTLResourceTestCase@761da2f2]" classname="com.dotcms.rest.api.v1.vtl.VTLResourceIntegrationTest" time="1.216"/>
  <testcase name="testGet[3: com.dotcms.rest.api.v1.vtl.VTLResourceTestCase@6129427c]" classname="com.dotcms.rest.api.v1.vtl.VTLResourceIntegrationTest" time="1.785"/>
  <testcase name="testGet[4: com.dotcms.rest.api.v1.vtl.VTLResourceTestCase@52187308]" classname="com.dotcms.rest.api.v1.vtl.VTLResourceIntegrationTest" time="2.096"/>
  <testcase name="testGet[5: com.dotcms.rest.api.v1.vtl.VTLResourceTestCase@6b44b4a3]" classname="com.dotcms.rest.api.v1.vtl.VTLResourceIntegrationTest" time="1.921"/>
  <system-out><![CDATA[]]></system-out>
  <system-err><![CDATA[]]></system-err>
</testsuite>
