<?xml version="1.0" encoding="UTF-8"?>
<testsuite name="com.dotcms.rest.api.v1.folder.FolderResourceTest" tests="10" skipped="0" failures="0" errors="0" timestamp="2023-07-18T17:30:20" hostname="fv-az1234-907" time="20.486">
  <properties/>
  <testcase name="test_loadFolderAndSubFoldersByPath_UserNoPermissionsOverSubFolder_returnFoldersWithUserPermissions" classname="com.dotcms.rest.api.v1.folder.FolderResourceTest" time="4.201"/>
  <testcase name="test_loadFolderAndSubFoldersByPath_Admin_InvalidHostId_return400" classname="com.dotcms.rest.api.v1.folder.FolderResourceTest" time="1.866"/>
  <testcase name="test_loadFolderAndSubFoldersByPath_UserNoPermissionsOverFolder_return403" classname="com.dotcms.rest.api.v1.folder.FolderResourceTest" time="3.191"/>
  <testcase name="test_createFolders_siteNameNotExists_return400" classname="com.dotcms.rest.api.v1.folder.FolderResourceTest" time="0.822"/>
  <testcase name="test_createFolders_UserNoPermissions_return403" classname="com.dotcms.rest.api.v1.folder.FolderResourceTest" time="1.264"/>
  <testcase name="test_loadFolderAndSubFoldersByPath_Admin_success" classname="com.dotcms.rest.api.v1.folder.FolderResourceTest" time="1.941"/>
  <testcase name="test_createFolders_restrictedFolderName_return400" classname="com.dotcms.rest.api.v1.folder.FolderResourceTest" time="1.093"/>
  <testcase name="test_loadFolderAndSubFoldersByPath_UserNoPermissionsOverHost_return403" classname="com.dotcms.rest.api.v1.folder.FolderResourceTest" time="2.629"/>
  <testcase name="test_loadFolderAndSubFoldersByPath_Admin_InvalidPath_return400" classname="com.dotcms.rest.api.v1.folder.FolderResourceTest" time="2.201"/>
  <testcase name="test_createFolders_success" classname="com.dotcms.rest.api.v1.folder.FolderResourceTest" time="1.276"/>
  <system-out><![CDATA[]]></system-out>
  <system-err><![CDATA[]]></system-err>
</testsuite>
