<?xml version="1.0" encoding="UTF-8"?>
<testsuite name="com.dotcms.auth.providers.jwt.factories.ApiTokenAPITest" tests="24" skipped="0" failures="0" errors="0" timestamp="2023-07-17T19:14:42" hostname="fv-az305-30" time="14.422">
  <properties/>
  <testcase name="test_JWT_allow_all_networks" classname="com.dotcms.auth.providers.jwt.factories.ApiTokenAPITest" time="0.006"/>
  <testcase name="test_each_issued_token_should_have_different_ids" classname="com.dotcms.auth.providers.jwt.factories.ApiTokenAPITest" time="0.006"/>
  <testcase name="test_ApiToken_Builder" classname="com.dotcms.auth.providers.jwt.factories.ApiTokenAPITest" time="0.001"/>
  <testcase name="test_delete_ApiToken" classname="com.dotcms.auth.providers.jwt.factories.ApiTokenAPITest" time="0.006"/>
  <testcase name="test_user_must_be_active_to_validate_ApiToken" classname="com.dotcms.auth.providers.jwt.factories.ApiTokenAPITest" time="0.825"/>
  <testcase name="test_ApiToken_isValid" classname="com.dotcms.auth.providers.jwt.factories.ApiTokenAPITest" time="1.007"/>
  <testcase name="test_JWT_isValid_from_ip" classname="com.dotcms.auth.providers.jwt.factories.ApiTokenAPITest" time="0.005"/>
  <testcase name="test_404_Cache_in_ApiToken_API" classname="com.dotcms.auth.providers.jwt.factories.ApiTokenAPITest" time="0.001"/>
  <testcase name="test_apiToken_Cache" classname="com.dotcms.auth.providers.jwt.factories.ApiTokenAPITest" time="0.005"/>
  <testcase name="test_Valid_ApiToken_jwt" classname="com.dotcms.auth.providers.jwt.factories.ApiTokenAPITest" time="0.002"/>
  <testcase name="test_JWT_subnets" classname="com.dotcms.auth.providers.jwt.factories.ApiTokenAPITest" time="0.002"/>
  <testcase name="testNonWellFormedToken" classname="com.dotcms.auth.providers.jwt.factories.ApiTokenAPITest" time="0.001"/>
  <testcase name="test_revoke_ApiToken" classname="com.dotcms.auth.providers.jwt.factories.ApiTokenAPITest" time="1.812"/>
  <testcase name="test_listing_permissions_work" classname="com.dotcms.auth.providers.jwt.factories.ApiTokenAPITest" time="1.611"/>
  <testcase name="test_expired_ApiToken" classname="com.dotcms.auth.providers.jwt.factories.ApiTokenAPITest" time="5.008"/>
  <testcase name="test_ApiToken_isValid_from_ip" classname="com.dotcms.auth.providers.jwt.factories.ApiTokenAPITest" time="0.003"/>
  <testcase name="testWellFormedToken" classname="com.dotcms.auth.providers.jwt.factories.ApiTokenAPITest" time="0.005"/>
  <testcase name="test_revoke_permissions_fail" classname="com.dotcms.auth.providers.jwt.factories.ApiTokenAPITest" time="1.637"/>
  <testcase name="test_revoke_permissions_work" classname="com.dotcms.auth.providers.jwt.factories.ApiTokenAPITest" time="0.827"/>
  <testcase name="test_JWT_claims_json" classname="com.dotcms.auth.providers.jwt.factories.ApiTokenAPITest" time="0.005"/>
  <testcase name="test_Can_Create_Token_Issue_for_User_with_Expire_Date" classname="com.dotcms.auth.providers.jwt.factories.ApiTokenAPITest" time="0.003"/>
  <testcase name="test_get_JWT_permissions_work" classname="com.dotcms.auth.providers.jwt.factories.ApiTokenAPITest" time="1.633"/>
  <testcase name="test_ApiToken_Persistance_Works" classname="com.dotcms.auth.providers.jwt.factories.ApiTokenAPITest" time="0.003"/>
  <testcase name="test_Can_Create_Token_Issue_for_User_with_Expired_Date" classname="com.dotcms.auth.providers.jwt.factories.ApiTokenAPITest" time="0.002"/>
  <system-out><![CDATA[]]></system-out>
  <system-err><![CDATA[]]></system-err>
</testsuite>
