<?xml version="1.0" encoding="UTF-8"?>
<testsuite name="com.dotcms.rest.TagResourceIntegrationTest" tests="4" skipped="0" failures="0" errors="0" timestamp="2023-06-28T14:34:37" hostname="fv-az189-858" time="0.275">
  <properties/>
  <testcase name="testList[0: com.dotcms.rest.TagResourceTestCase@3a82d47d]" classname="com.dotcms.rest.TagResourceIntegrationTest" time="0.194"/>
  <testcase name="testList[1: com.dotcms.rest.TagResourceTestCase@25316cfe]" classname="com.dotcms.rest.TagResourceIntegrationTest" time="0.021"/>
  <testcase name="testList[2: com.dotcms.rest.TagResourceTestCase@4e78dfd7]" classname="com.dotcms.rest.TagResourceIntegrationTest" time="0.019"/>
  <testcase name="testList[3: com.dotcms.rest.TagResourceTestCase@70b5ba72]" classname="com.dotcms.rest.TagResourceIntegrationTest" time="0.041"/>
  <system-out><![CDATA[]]></system-out>
  <system-err><![CDATA[Jun 28, 2023 2:34:37 PM com.dotcms.repackage.org.hibernate.validator.internal.util.Version <clinit>
INFO: HV000001: Hibernate Validator 4.3.2.Final
]]></system-err>
</testsuite>
