<?xml version="1.0" encoding="UTF-8"?>
<testsuite name="com.dotmarketing.portlets.structure.model.ContentletRelationshipsTest" tests="7" skipped="0" failures="0" errors="0" timestamp="2023-07-21T17:14:34" hostname="fv-az1233-524" time="10.711">
  <properties/>
  <testcase name="testDoesAllowOnlyOne[0: com.dotmarketing.portlets.structure.model.ContentletRelationshipsTest$CardinalityTestCase@bc60928]" classname="com.dotmarketing.portlets.structure.model.ContentletRelationshipsTest" time="0.637"/>
  <testcase name="testDoesAllowOnlyOne[1: com.dotmarketing.portlets.structure.model.ContentletRelationshipsTest$CardinalityTestCase@57ecd8db]" classname="com.dotmarketing.portlets.structure.model.ContentletRelationshipsTest" time="0.61"/>
  <testcase name="testDoesAllowOnlyOne[2: com.dotmarketing.portlets.structure.model.ContentletRelationshipsTest$CardinalityTestCase@11d68f1b]" classname="com.dotmarketing.portlets.structure.model.ContentletRelationshipsTest" time="0.613"/>
  <testcase name="testGetRelationshipRecords[0: com.dotmarketing.portlets.structure.model.ContentletRelationshipsTest$TestCase@15b9f297]" classname="com.dotmarketing.portlets.structure.model.ContentletRelationshipsTest" time="2.466"/>
  <testcase name="testGetRelationshipRecords[1: com.dotmarketing.portlets.structure.model.ContentletRelationshipsTest$TestCase@2e0d3641]" classname="com.dotmarketing.portlets.structure.model.ContentletRelationshipsTest" time="2.237"/>
  <testcase name="testGetRelationshipRecords[2: com.dotmarketing.portlets.structure.model.ContentletRelationshipsTest$TestCase@1f96195b]" classname="com.dotmarketing.portlets.structure.model.ContentletRelationshipsTest" time="2.011"/>
  <testcase name="testGetRelationshipRecords[3: com.dotmarketing.portlets.structure.model.ContentletRelationshipsTest$TestCase@3a1df3e5]" classname="com.dotmarketing.portlets.structure.model.ContentletRelationshipsTest" time="2.137"/>
  <system-out><![CDATA[]]></system-out>
  <system-err><![CDATA[]]></system-err>
</testsuite>
