<?xml version="1.0" encoding="UTF-8"?>
<testsuite name="com.dotmarketing.business.DeterministicIdentifierAPITest" tests="16" skipped="0" failures="0" errors="0" timestamp="2023-07-13T00:09:48" hostname="fv-az1259-223" time="0.779">
  <properties/>
  <testcase name="Test_Category_Path_Seed_And_Id" classname="com.dotmarketing.business.DeterministicIdentifierAPITest" time="0.024"/>
  <testcase name="Test_Language_Deterministic_Id[0: LanguageTestCase{expectedSeed='Language:es:US', expectedHash=4913155, langCode='es', countryCode='US', country='United States'}]" classname="com.dotmarketing.business.DeterministicIdentifierAPITest" time="0.001"/>
  <testcase name="Test_Language_Deterministic_Id[1: LanguageTestCase{expectedSeed='Language:ep:', expectedHash=5292269, langCode='ep', countryCode='', country=''}]" classname="com.dotmarketing.business.DeterministicIdentifierAPITest" time="0.001"/>
  <testcase name="Test_Language_Deterministic_Id[2: LanguageTestCase{expectedSeed='Language:sg:SAG', expectedHash=4713118, langCode='sg', countryCode='SAG', country=''}]" classname="com.dotmarketing.business.DeterministicIdentifierAPITest" time="0.0"/>
  <testcase name="Test_Language_Deterministic_Id[3: LanguageTestCase{expectedSeed='Language:en:NZ', expectedHash=5382528, langCode='en', countryCode='NZ', country='New Zealand'}]" classname="com.dotmarketing.business.DeterministicIdentifierAPITest" time="0.0"/>
  <testcase name="Test_Category_None_Persisted_Category_Should_Return_Deterministic_Id" classname="com.dotmarketing.business.DeterministicIdentifierAPITest" time="0.001"/>
  <testcase name="Test_Asset_Generate_Deterministic_Id_Best_Effort[0: TestCase{versionable=my.host1689206606440.com, parent=System Host, expectedName='my.host1689206606440.com', expectedType='Host'}]" classname="com.dotmarketing.business.DeterministicIdentifierAPITest" time="0.003"/>
  <testcase name="Test_Asset_Generate_Deterministic_Id_Best_Effort[1: TestCase{versionable=com.dotmarketing.portlets.contentlet.model.Contentlet@e9d868b[map={modDate=2023-07-13 00:03:27.188, fileName=file2695966200956931579.txt, title=file2695966200956931579.txt, inode=fd1ad4c4-5a15-43d8-b808-ae7d3fe04479, __IS_NEW_CONTENT__=true, disabledWYSIWYG=[], host=f0c03d33-f6c9-4fb5-92dd-cbb313cb7bd8, stInode=33888b6f-7a8e-4069-b1b6-5c1aa9d0a48d, owner=system, identifier=55d0ece3-0858-428e-851e-9fbcb087802e, nullProperties=[wfExpireDate, wfPublishDate, wfActionAssign, wfActionId, wfActionComments, filterKey, whereToSend, wfNeverExpire, _path_to_move, timezoneId, iWantTo, wfPublishTime, wfExpireTime], languageId=1, fileAsset=/home/runner/work/core/custom/assets/f/d/fd1ad4c4-5a15-43d8-b808-ae7d3fe04479/fileAsset/file2695966200956931579.txt, folder=03512731-b471-4684-a9d0-a8d0614736fb, __disable_workflow__=true, sortOrder=0, modUser=system},lowIndexPriority=false,variantId=DEFAULT], parent=com.dotmarketing.portlets.folders.model.Folder@a0cbfd2[identifier=03512731-b471-4684-a9d0-a8d0614736fb,name=testName1689206607182,sortOrder=0,showOnMenu=false,hostId=f0c03d33-f6c9-4fb5-92dd-cbb313cb7bd8,type=folder,title=testTitle1689206607182,filesMasks=,defaultFileType=33888b6f-7a8e-4069-b1b6-5c1aa9d0a48d,modDate=2023-07-13 00:03:27.185,owner=&lt;null&gt;,iDate=2023-07-13 00:03:27.185,inode=03512731-b471-4684-a9d0-a8d0614736fb,path=/testName1689206607182/], expectedName='file2695966200956931579.txt', expectedType='FileAsset'}]" classname="com.dotmarketing.business.DeterministicIdentifierAPITest" time="0.003"/>
  <testcase name="Test_Asset_Generate_Deterministic_Id_Best_Effort[2: TestCase{versionable=com.dotmarketing.portlets.templates.model.Template@e2f6577, parent=my.host1689206606440.com, expectedName='testTitle1689206607271', expectedType='Template'}]" classname="com.dotmarketing.business.DeterministicIdentifierAPITest" time="0.001"/>
  <testcase name="Test_Asset_Generate_Deterministic_Id_Best_Effort[3: TestCase{versionable=com.dotmarketing.portlets.htmlpageasset.model.HTMLPageAsset@134bc913[map={template=5418ef89-96e9-4175-bf36-1b03c2b765b4, owner=system, identifier=6c84a2dc-8276-4055-8460-766d25807bf5, nullProperties=[wfExpireDate, wfPublishDate, wfActionAssign, wfActionId, wfActionComments, filterKey, whereToSend, wfNeverExpire, _path_to_move, timezoneId, iWantTo, wfPublishTime, wfExpireTime], modDate=2023-07-13 00:03:27.283, cachettl=0, _is_test_mode=true, languageId=1, title=test-page-title-1689206607279, httpsreq=, url=test-page-url-1689206607279, showOnMenu=, inode=6755e79e-36d5-4a52-bd8a-e525151ac252, folder=03512731-b471-4684-a9d0-a8d0614736fb, disabledWYSIWYG=[], sortOrder=1, modUser=system, host=f0c03d33-f6c9-4fb5-92dd-cbb313cb7bd8, stInode=c541abb1-69b3-4bc5-8430-5e09e5239cc8, friendlyName=test-page-friendly-name-1689206607279},lowIndexPriority=false,variantId=DEFAULT], parent=com.dotmarketing.portlets.folders.model.Folder@a0cbfd2[identifier=03512731-b471-4684-a9d0-a8d0614736fb,name=testName1689206607182,sortOrder=0,showOnMenu=false,hostId=f0c03d33-f6c9-4fb5-92dd-cbb313cb7bd8,type=folder,title=testTitle1689206607182,filesMasks=,defaultFileType=33888b6f-7a8e-4069-b1b6-5c1aa9d0a48d,modDate=2023-07-13 00:03:27.185,owner=&lt;null&gt;,iDate=2023-07-13 00:03:27.185,inode=03512731-b471-4684-a9d0-a8d0614736fb,path=/testName1689206607182/], expectedName='test-page-url-1689206607279', expectedType='htmlpageasset'}]" classname="com.dotmarketing.business.DeterministicIdentifierAPITest" time="0.002"/>
  <testcase name="Test_Asset_Generate_Deterministic_Id_Best_Effort[4: TestCase{versionable=com.dotmarketing.portlets.contentlet.model.Contentlet@4e968566[map={fileAsset2=/home/runner/work/core/custom/assets/2/f/2f0fc167-1fdb-4f70-b8ed-3cb4bf1ac7d0/fileAsset2/test_binary1689206608166.png, modDate=2023-07-13 00:03:28.171, fileAsset1=/home/runner/work/core/custom/assets/2/f/2f0fc167-1fdb-4f70-b8ed-3cb4bf1ac7d0/fileAsset1/test_binary1689206608166.jpg, title=blah, inode=2f0fc167-1fdb-4f70-b8ed-3cb4bf1ac7d0, __IS_NEW_CONTENT__=true, disabledWYSIWYG=[], host=48190c8c-42c4-46af-8d1a-0cd5db894797, stInode=60c9925e-fd76-46d4-b554-3fce360a4d18, owner=system, identifier=8f0fc831-af29-4e55-9749-3343f272033d, nullProperties=[], languageId=1, image1=004688c2-b1c7-44ee-8809-5f7e61514f05, folder=SYSTEM_FOLDER, __disable_workflow__=true, sortOrder=0, modUser=system},lowIndexPriority=false,variantId=DEFAULT], parent=demo.dotcms.com, expectedName='test_binary1689206608166.jpg:test_binary1689206608166.png', expectedType='MultipleBinaries1689206607521'}]" classname="com.dotmarketing.business.DeterministicIdentifierAPITest" time="0.003"/>
  <testcase name="Test_Asset_Generate_Deterministic_Id_Best_Effort[5: TestCase{versionable=name86ec7db903 : keyTag86ec7db903, parent=my.host1689206606440.com, expectedName='keyTag86ec7db903', expectedType='persona'}]" classname="com.dotmarketing.business.DeterministicIdentifierAPITest" time="0.002"/>
  <testcase name="Test_Similar_Content_Type_Wont_Clash" classname="com.dotmarketing.business.DeterministicIdentifierAPITest" time="0.462"/>
  <testcase name="Test_Generate_Folder_Identifier" classname="com.dotmarketing.business.DeterministicIdentifierAPITest" time="0.263"/>
  <testcase name="Test_Generate_Content_Type_Identifier[0: ContentTypeTestCase{contentType=KeyValueContentType{name=Language Variable, id=f4d7c1b8-2c88-4071-abf1-a5328977b07d, description=Default Content Type for Language Variables, defaultType=false, fixed=true, iDate=Thu Aug 31 16:38:49 UTC 2017, system=true, versionable=true, variable=Languagevariable, modDate=Wed Jul 12 23:00:20 UTC 2023, host=SYSTEM_HOST, siteName=systemHost, icon=language, sortOrder=0, folder=SYSTEM_FOLDER, folderPath=/, markedForDeletion=true, multilingualable=false}, expectedName='Languagevariable', expectedType='KeyValue'}]" classname="com.dotmarketing.business.DeterministicIdentifierAPITest" time="0.003"/>
  <testcase name="Test_Generate_Content_Type_Identifier[1: ContentTypeTestCase{contentType=SimpleContentType{name=testName1689206608501, id=660e7f9b-6e3c-4d18-b0bb-341ce3573645, description=testDescription1689206608501, defaultType=false, fixed=false, iDate=Thu Jul 13 00:03:28 UTC 2023, system=false, versionable=true, multilingualable=false, variable=testVarname1689206608501, owner=system, modDate=Thu Jul 13 00:03:29 UTC 2023, host=48190c8c-42c4-46af-8d1a-0cd5db894797, siteName=demo.dotcms.com, icon=event_note, sortOrder=0, folder=SYSTEM_FOLDER, folderPath=/, requiredFields=[], markedForDeletion=false}, expectedName='testVarname1689206608501', expectedType='CONTENT'}]" classname="com.dotmarketing.business.DeterministicIdentifierAPITest" time="0.003"/>
  <system-out><![CDATA[]]></system-out>
  <system-err><![CDATA[]]></system-err>
</testsuite>
