<?xml version="1.0" encoding="UTF-8"?>
<testsuite name="com.dotcms.rest.api.v1.vtl.VTLResourceIntegrationTest" tests="6" skipped="0" failures="0" errors="0" timestamp="2023-07-14T20:12:25" hostname="fv-az251-985" time="12.221">
  <properties/>
  <testcase name="testGet[0: com.dotcms.rest.api.v1.vtl.VTLResourceTestCase@6a4ca55e]" classname="com.dotcms.rest.api.v1.vtl.VTLResourceIntegrationTest" time="2.28"/>
  <testcase name="testGet[1: com.dotcms.rest.api.v1.vtl.VTLResourceTestCase@2d14b8e7]" classname="com.dotcms.rest.api.v1.vtl.VTLResourceIntegrationTest" time="1.879"/>
  <testcase name="testGet[2: com.dotcms.rest.api.v1.vtl.VTLResourceTestCase@19f54f3d]" classname="com.dotcms.rest.api.v1.vtl.VTLResourceIntegrationTest" time="2.238"/>
  <testcase name="testGet[3: com.dotcms.rest.api.v1.vtl.VTLResourceTestCase@468a8b4e]" classname="com.dotcms.rest.api.v1.vtl.VTLResourceIntegrationTest" time="1.803"/>
  <testcase name="testGet[4: com.dotcms.rest.api.v1.vtl.VTLResourceTestCase@4963b094]" classname="com.dotcms.rest.api.v1.vtl.VTLResourceIntegrationTest" time="1.949"/>
  <testcase name="testGet[5: com.dotcms.rest.api.v1.vtl.VTLResourceTestCase@4138fadf]" classname="com.dotcms.rest.api.v1.vtl.VTLResourceIntegrationTest" time="2.072"/>
  <system-out><![CDATA[]]></system-out>
  <system-err><![CDATA[]]></system-err>
</testsuite>
