<?xml version="1.0" encoding="UTF-8"?>
<testsuite name="com.dotmarketing.portlets.structure.model.ContentletRelationshipsTest" tests="7" skipped="0" failures="0" errors="0" timestamp="2023-07-18T22:59:18" hostname="fv-az193-732" time="8.528">
  <properties/>
  <testcase name="testDoesAllowOnlyOne[0: com.dotmarketing.portlets.structure.model.ContentletRelationshipsTest$CardinalityTestCase@343131d0]" classname="com.dotmarketing.portlets.structure.model.ContentletRelationshipsTest" time="0.404"/>
  <testcase name="testDoesAllowOnlyOne[1: com.dotmarketing.portlets.structure.model.ContentletRelationshipsTest$CardinalityTestCase@4dfc4844]" classname="com.dotmarketing.portlets.structure.model.ContentletRelationshipsTest" time="0.414"/>
  <testcase name="testDoesAllowOnlyOne[2: com.dotmarketing.portlets.structure.model.ContentletRelationshipsTest$CardinalityTestCase@4c155ca3]" classname="com.dotmarketing.portlets.structure.model.ContentletRelationshipsTest" time="0.41"/>
  <testcase name="testGetRelationshipRecords[0: com.dotmarketing.portlets.structure.model.ContentletRelationshipsTest$TestCase@2abfd0de]" classname="com.dotmarketing.portlets.structure.model.ContentletRelationshipsTest" time="1.881"/>
  <testcase name="testGetRelationshipRecords[1: com.dotmarketing.portlets.structure.model.ContentletRelationshipsTest$TestCase@173ddbe8]" classname="com.dotmarketing.portlets.structure.model.ContentletRelationshipsTest" time="1.865"/>
  <testcase name="testGetRelationshipRecords[2: com.dotmarketing.portlets.structure.model.ContentletRelationshipsTest$TestCase@382c0f23]" classname="com.dotmarketing.portlets.structure.model.ContentletRelationshipsTest" time="1.813"/>
  <testcase name="testGetRelationshipRecords[3: com.dotmarketing.portlets.structure.model.ContentletRelationshipsTest$TestCase@5ebaacc1]" classname="com.dotmarketing.portlets.structure.model.ContentletRelationshipsTest" time="1.741"/>
  <system-out><![CDATA[]]></system-out>
  <system-err><![CDATA[]]></system-err>
</testsuite>
