<?xml version="1.0" encoding="UTF-8"?>
<testsuite name="com.dotmarketing.business.DeterministicIdentifierAPITest" tests="16" skipped="0" failures="0" errors="0" timestamp="2023-06-29T17:03:16" hostname="fv-az397-405" time="1.484">
  <properties/>
  <testcase name="Test_Category_Path_Seed_And_Id" classname="com.dotmarketing.business.DeterministicIdentifierAPITest" time="0.028"/>
  <testcase name="Test_Language_Deterministic_Id[0: LanguageTestCase{expectedSeed='Language:es:US', expectedHash=4913155, langCode='es', countryCode='US', country='United States'}]" classname="com.dotmarketing.business.DeterministicIdentifierAPITest" time="0.001"/>
  <testcase name="Test_Language_Deterministic_Id[1: LanguageTestCase{expectedSeed='Language:ep:', expectedHash=5292269, langCode='ep', countryCode='', country=''}]" classname="com.dotmarketing.business.DeterministicIdentifierAPITest" time="0.0"/>
  <testcase name="Test_Language_Deterministic_Id[2: LanguageTestCase{expectedSeed='Language:sg:SAG', expectedHash=4713118, langCode='sg', countryCode='SAG', country=''}]" classname="com.dotmarketing.business.DeterministicIdentifierAPITest" time="0.001"/>
  <testcase name="Test_Language_Deterministic_Id[3: LanguageTestCase{expectedSeed='Language:en:NZ', expectedHash=5382528, langCode='en', countryCode='NZ', country='New Zealand'}]" classname="com.dotmarketing.business.DeterministicIdentifierAPITest" time="0.001"/>
  <testcase name="Test_Category_None_Persisted_Category_Should_Return_Deterministic_Id" classname="com.dotmarketing.business.DeterministicIdentifierAPITest" time="0.002"/>
  <testcase name="Test_Asset_Generate_Deterministic_Id_Best_Effort[0: TestCase{versionable=my.host1688057807449.com, parent=System Host, expectedName='my.host1688057807449.com', expectedType='Host'}]" classname="com.dotmarketing.business.DeterministicIdentifierAPITest" time="0.003"/>
  <testcase name="Test_Asset_Generate_Deterministic_Id_Best_Effort[1: TestCase{versionable=com.dotmarketing.portlets.contentlet.model.Contentlet@97f9f32[map={modDate=2023-06-29 16:56:48.235, fileName=file3573221371492689040.txt, title=file3573221371492689040.txt, inode=f9eeff73-d092-4597-93dd-ee9d85302413, __IS_NEW_CONTENT__=true, disabledWYSIWYG=[], host=76cebb3e-474f-4bf6-84bd-1eeed3e1fd1c, stInode=33888b6f-7a8e-4069-b1b6-5c1aa9d0a48d, owner=system, identifier=b58dc9b2-8306-44b5-882a-4a7a8dd216f2, nullProperties=[wfExpireDate, wfPublishDate, wfActionAssign, wfActionId, wfActionComments, filterKey, whereToSend, wfNeverExpire, _path_to_move, timezoneId, iWantTo, wfPublishTime, wfExpireTime], languageId=1, fileAsset=/home/runner/work/core/custom/assets/f/9/f9eeff73-d092-4597-93dd-ee9d85302413/fileAsset/file3573221371492689040.txt, folder=be362b95-2e39-41a9-9112-d367cced8f7e, __disable_workflow__=true, sortOrder=0, modUser=system},lowIndexPriority=false,variantId=DEFAULT], parent=com.dotmarketing.portlets.folders.model.Folder@5cd0b90c[identifier=be362b95-2e39-41a9-9112-d367cced8f7e,name=testName1688057808226,sortOrder=0,showOnMenu=false,hostId=76cebb3e-474f-4bf6-84bd-1eeed3e1fd1c,type=folder,title=testTitle1688057808226,filesMasks=,defaultFileType=33888b6f-7a8e-4069-b1b6-5c1aa9d0a48d,modDate=2023-06-29 16:56:48.229,owner=&lt;null&gt;,iDate=2023-06-29 16:56:48.229,inode=be362b95-2e39-41a9-9112-d367cced8f7e,path=/testName1688057808226/], expectedName='file3573221371492689040.txt', expectedType='FileAsset'}]" classname="com.dotmarketing.business.DeterministicIdentifierAPITest" time="0.003"/>
  <testcase name="Test_Asset_Generate_Deterministic_Id_Best_Effort[2: TestCase{versionable=com.dotmarketing.portlets.templates.model.Template@ab4474c0, parent=my.host1688057807449.com, expectedName='testTitle1688057808373', expectedType='Template'}]" classname="com.dotmarketing.business.DeterministicIdentifierAPITest" time="0.002"/>
  <testcase name="Test_Asset_Generate_Deterministic_Id_Best_Effort[3: TestCase{versionable=com.dotmarketing.portlets.htmlpageasset.model.HTMLPageAsset@5fc9d2a3[map={template=e92514d5-0bd5-46c0-ac60-7c4901bd8aa0, owner=system, identifier=a2fec461-2070-4589-b635-9a88089ffd98, nullProperties=[wfExpireDate, wfPublishDate, wfActionAssign, wfActionId, wfActionComments, filterKey, whereToSend, wfNeverExpire, _path_to_move, timezoneId, iWantTo, wfPublishTime, wfExpireTime], modDate=2023-06-29 16:56:48.392, cachettl=0, _is_test_mode=true, languageId=1, title=test-page-title-1688057808388, httpsreq=, url=test-page-url-1688057808388, showOnMenu=, inode=c3117bf4-ac76-400e-a8ba-085c137263a3, folder=be362b95-2e39-41a9-9112-d367cced8f7e, disabledWYSIWYG=[], sortOrder=1, modUser=system, host=76cebb3e-474f-4bf6-84bd-1eeed3e1fd1c, stInode=c541abb1-69b3-4bc5-8430-5e09e5239cc8, friendlyName=test-page-friendly-name-1688057808388},lowIndexPriority=false,variantId=DEFAULT], parent=com.dotmarketing.portlets.folders.model.Folder@5cd0b90c[identifier=be362b95-2e39-41a9-9112-d367cced8f7e,name=testName1688057808226,sortOrder=0,showOnMenu=false,hostId=76cebb3e-474f-4bf6-84bd-1eeed3e1fd1c,type=folder,title=testTitle1688057808226,filesMasks=,defaultFileType=33888b6f-7a8e-4069-b1b6-5c1aa9d0a48d,modDate=2023-06-29 16:56:48.229,owner=&lt;null&gt;,iDate=2023-06-29 16:56:48.229,inode=be362b95-2e39-41a9-9112-d367cced8f7e,path=/testName1688057808226/], expectedName='test-page-url-1688057808388', expectedType='htmlpageasset'}]" classname="com.dotmarketing.business.DeterministicIdentifierAPITest" time="0.004"/>
  <testcase name="Test_Asset_Generate_Deterministic_Id_Best_Effort[4: TestCase{versionable=com.dotmarketing.portlets.contentlet.model.Contentlet@44057d0a[map={fileAsset2=/home/runner/work/core/custom/assets/b/c/bc79727a-6057-4665-b880-e6ff4d714fef/fileAsset2/test_binary1688057810189.png, modDate=2023-06-29 16:56:50.195, fileAsset1=/home/runner/work/core/custom/assets/b/c/bc79727a-6057-4665-b880-e6ff4d714fef/fileAsset1/test_binary1688057810189.jpg, title=blah, inode=bc79727a-6057-4665-b880-e6ff4d714fef, __IS_NEW_CONTENT__=true, disabledWYSIWYG=[], host=48190c8c-42c4-46af-8d1a-0cd5db894797, stInode=dbaff0f0-b59d-4d0a-bc72-5869d616009e, owner=system, identifier=ffc31ee8-d4bf-4b7e-be0b-b63375e3643a, nullProperties=[], languageId=1, image1=a14e87f7-aa53-49c6-be0f-1bcbed509328, folder=SYSTEM_FOLDER, __disable_workflow__=true, sortOrder=0, modUser=system},lowIndexPriority=false,variantId=DEFAULT], parent=demo.dotcms.com, expectedName='test_binary1688057810189.jpg:test_binary1688057810189.png', expectedType='MultipleBinaries1688057808512'}]" classname="com.dotmarketing.business.DeterministicIdentifierAPITest" time="0.003"/>
  <testcase name="Test_Asset_Generate_Deterministic_Id_Best_Effort[5: TestCase{versionable=name4f977690a7 : keyTag4f977690a7, parent=my.host1688057807449.com, expectedName='keyTag4f977690a7', expectedType='persona'}]" classname="com.dotmarketing.business.DeterministicIdentifierAPITest" time="0.002"/>
  <testcase name="Test_Similar_Content_Type_Wont_Clash" classname="com.dotmarketing.business.DeterministicIdentifierAPITest" time="0.48"/>
  <testcase name="Test_Generate_Folder_Identifier" classname="com.dotmarketing.business.DeterministicIdentifierAPITest" time="0.942"/>
  <testcase name="Test_Generate_Content_Type_Identifier[0: ContentTypeTestCase{contentType=KeyValueContentType{name=Language Variable, id=f4d7c1b8-2c88-4071-abf1-a5328977b07d, description=Default Content Type for Language Variables, defaultType=false, fixed=true, iDate=Thu Aug 31 16:38:49 UTC 2017, system=true, versionable=true, variable=Languagevariable, modDate=Thu Jun 29 15:48:50 UTC 2023, host=SYSTEM_HOST, siteName=systemHost, icon=language, sortOrder=0, folder=SYSTEM_FOLDER, folderPath=/, markedForDeletion=true, multilingualable=false}, expectedName='Languagevariable', expectedType='KeyValue'}]" classname="com.dotmarketing.business.DeterministicIdentifierAPITest" time="0.004"/>
  <testcase name="Test_Generate_Content_Type_Identifier[1: ContentTypeTestCase{contentType=SimpleContentType{name=testName1688057810643, id=718b8cbf-6464-48dd-96bf-98053ebc1bca, description=testDescription1688057810643, defaultType=false, fixed=false, iDate=Thu Jun 29 16:56:50 UTC 2023, system=false, versionable=true, multilingualable=false, variable=testVarname1688057810643, owner=system, modDate=Thu Jun 29 16:56:51 UTC 2023, host=48190c8c-42c4-46af-8d1a-0cd5db894797, siteName=demo.dotcms.com, icon=event_note, sortOrder=0, folder=SYSTEM_FOLDER, folderPath=/, requiredFields=[], markedForDeletion=false}, expectedName='testVarname1688057810643', expectedType='CONTENT'}]" classname="com.dotmarketing.business.DeterministicIdentifierAPITest" time="0.004"/>
  <system-out><![CDATA[]]></system-out>
  <system-err><![CDATA[]]></system-err>
</testsuite>
