<?xml version="1.0" encoding="UTF-8"?>
<testsuite name="com.dotmarketing.servlets.ajax.AjaxDirectorServletIntegrationTest" tests="2" skipped="0" failures="0" errors="0" timestamp="2023-06-23T22:17:56" hostname="fv-az397-542" time="4.572">
  <properties/>
  <testcase name="testService[0: com.dotmarketing.servlets.ajax.AjaxDirectorServletTestCase@4db4289e]" classname="com.dotmarketing.servlets.ajax.AjaxDirectorServletIntegrationTest" time="2.205"/>
  <testcase name="testService[1: com.dotmarketing.servlets.ajax.AjaxDirectorServletTestCase@77e73657]" classname="com.dotmarketing.servlets.ajax.AjaxDirectorServletIntegrationTest" time="2.367"/>
  <system-out><![CDATA[]]></system-out>
  <system-err><![CDATA[]]></system-err>
</testsuite>
