<?xml version="1.0" encoding="UTF-8"?>
<testsuite name="com.dotmarketing.startup.runonce.Task220203RemoveFolderInodeConstraintTest" tests="1" skipped="0" failures="0" errors="0" timestamp="2023-07-17T17:04:04" hostname="fv-az338-287" time="0.069">
  <properties/>
  <testcase name="testUpgradeTask" classname="com.dotmarketing.startup.runonce.Task220203RemoveFolderInodeConstraintTest" time="0.069"/>
  <system-out><![CDATA[







]]></system-out>
  <system-err><![CDATA[]]></system-err>
</testsuite>
