<?xml version="1.0" encoding="UTF-8"?>
<testsuite name="com.dotmarketing.business.portal.PortletAPIImplTest" tests="12" skipped="0" failures="0" errors="0" timestamp="2023-06-28T15:01:15" hostname="fv-az189-858" time="1.285">
  <properties/>
  <testcase name="test_delete_portlet" classname="com.dotmarketing.business.portal.PortletAPIImplTest" time="0.286"/>
  <testcase name="test_createCustomPortlet[0: com.dotmarketing.business.portal.PortletAPIImplTest$testCaseCreateCustomPortlet@26562c1b]" classname="com.dotmarketing.business.portal.PortletAPIImplTest" time="0.171"/>
  <testcase name="test_createCustomPortlet[1: com.dotmarketing.business.portal.PortletAPIImplTest$testCaseCreateCustomPortlet@2273418f]" classname="com.dotmarketing.business.portal.PortletAPIImplTest" time="0.165"/>
  <testcase name="test_createCustomPortlet[2: com.dotmarketing.business.portal.PortletAPIImplTest$testCaseCreateCustomPortlet@6f20baff]" classname="com.dotmarketing.business.portal.PortletAPIImplTest" time="0.152"/>
  <testcase name="test_createCustomPortlet[3: com.dotmarketing.business.portal.PortletAPIImplTest$testCaseCreateCustomPortlet@52301ad3]" classname="com.dotmarketing.business.portal.PortletAPIImplTest" time="0.152"/>
  <testcase name="test_createCustomPortlet[4: com.dotmarketing.business.portal.PortletAPIImplTest$testCaseCreateCustomPortlet@4511d27a]" classname="com.dotmarketing.business.portal.PortletAPIImplTest" time="0.0"/>
  <testcase name="test_createCustomPortlet[5: com.dotmarketing.business.portal.PortletAPIImplTest$testCaseCreateCustomPortlet@7d569c6e]" classname="com.dotmarketing.business.portal.PortletAPIImplTest" time="0.011"/>
  <testcase name="test_createCustomPortlet[6: com.dotmarketing.business.portal.PortletAPIImplTest$testCaseCreateCustomPortlet@17cb2679]" classname="com.dotmarketing.business.portal.PortletAPIImplTest" time="0.01"/>
  <testcase name="test_createCustomPortlet[7: com.dotmarketing.business.portal.PortletAPIImplTest$testCaseCreateCustomPortlet@45ff40d1]" classname="com.dotmarketing.business.portal.PortletAPIImplTest" time="0.01"/>
  <testcase name="test_createCustomPortlet[8: com.dotmarketing.business.portal.PortletAPIImplTest$testCaseCreateCustomPortlet@eb6d816]" classname="com.dotmarketing.business.portal.PortletAPIImplTest" time="0.011"/>
  <testcase name="test_findPortlet" classname="com.dotmarketing.business.portal.PortletAPIImplTest" time="0.153"/>
  <testcase name="test_findAllPortlets" classname="com.dotmarketing.business.portal.PortletAPIImplTest" time="0.162"/>
  <system-out><![CDATA[]]></system-out>
  <system-err><![CDATA[]]></system-err>
</testsuite>
