<?xml version="1.0" encoding="UTF-8"?>
<testsuite name="com.dotmarketing.portlets.linkchecker.business.LinkCheckerAPITest" tests="1" skipped="0" failures="0" errors="0" timestamp="2023-06-30T19:09:12" hostname="fv-az621-917" time="2.901">
  <properties/>
  <testcase name="findInvalidLinks" classname="com.dotmarketing.portlets.linkchecker.business.LinkCheckerAPITest" time="2.901"/>
  <system-out><![CDATA[



]]></system-out>
  <system-err><![CDATA[]]></system-err>
</testsuite>
