<?xml version="1.0" encoding="UTF-8"?>
<testsuite name="com.dotmarketing.portlets.workflows.model.WorkflowSearcherTest" tests="1" skipped="0" failures="0" errors="0" timestamp="2023-06-21T18:12:06" hostname="fv-az454-705" time="0.012">
  <properties/>
  <testcase name="issue4134" classname="com.dotmarketing.portlets.workflows.model.WorkflowSearcherTest" time="0.012"/>
  <system-out><![CDATA[]]></system-out>
  <system-err><![CDATA[]]></system-err>
</testsuite>
