<?xml version="1.0" encoding="UTF-8"?>
<testsuite name="com.dotcms.rendering.velocity.viewtools.content.util.ContentUtilsTest" tests="89" skipped="0" failures="0" errors="0" timestamp="2023-06-27T20:49:03" hostname="fv-az338-385" time="399.795">
  <properties/>
  <testcase name="whenTheTimeMachineDateIsNullAndPublishDateInFutureShouldNotReturnAnything" classname="com.dotcms.rendering.velocity.viewtools.content.util.ContentUtilsTest" time="3.318"/>
  <testcase name="test_find_multilingual_contentlet_getContentletSuccessfully" classname="com.dotcms.rendering.velocity.viewtools.content.util.ContentUtilsTest" time="1.772"/>
  <testcase name="whenTheTimeMachineDateAndPublishDateAreTomorrowShouldReturnOneContent" classname="com.dotcms.rendering.velocity.viewtools.content.util.ContentUtilsTest" time="3.372"/>
  <testcase name="testPullRelated[0: com.dotcms.rendering.velocity.viewtools.content.util.ContentUtilsTest$TestCase@7a0178d3]" classname="com.dotcms.rendering.velocity.viewtools.content.util.ContentUtilsTest" time="4.402"/>
  <testcase name="testPullRelated[1: com.dotcms.rendering.velocity.viewtools.content.util.ContentUtilsTest$TestCase@5fafc829]" classname="com.dotcms.rendering.velocity.viewtools.content.util.ContentUtilsTest" time="3.837"/>
  <testcase name="testPullRelated[2: com.dotcms.rendering.velocity.viewtools.content.util.ContentUtilsTest$TestCase@5e432128]" classname="com.dotcms.rendering.velocity.viewtools.content.util.ContentUtilsTest" time="4.458"/>
  <testcase name="testPullRelated[3: com.dotcms.rendering.velocity.viewtools.content.util.ContentUtilsTest$TestCase@793a77e]" classname="com.dotcms.rendering.velocity.viewtools.content.util.ContentUtilsTest" time="3.67"/>
  <testcase name="testPullRelated[4: com.dotcms.rendering.velocity.viewtools.content.util.ContentUtilsTest$TestCase@76a580bf]" classname="com.dotcms.rendering.velocity.viewtools.content.util.ContentUtilsTest" time="4.197"/>
  <testcase name="testPullRelated[5: com.dotcms.rendering.velocity.viewtools.content.util.ContentUtilsTest$TestCase@576af0c2]" classname="com.dotcms.rendering.velocity.viewtools.content.util.ContentUtilsTest" time="3.941"/>
  <testcase name="testPullRelated[6: com.dotcms.rendering.velocity.viewtools.content.util.ContentUtilsTest$TestCase@1067c166]" classname="com.dotcms.rendering.velocity.viewtools.content.util.ContentUtilsTest" time="3.237"/>
  <testcase name="testPullRelated[7: com.dotcms.rendering.velocity.viewtools.content.util.ContentUtilsTest$TestCase@a552c43]" classname="com.dotcms.rendering.velocity.viewtools.content.util.ContentUtilsTest" time="3.95"/>
  <testcase name="testPullRelated[8: com.dotcms.rendering.velocity.viewtools.content.util.ContentUtilsTest$TestCase@502ff5ce]" classname="com.dotcms.rendering.velocity.viewtools.content.util.ContentUtilsTest" time="4.053"/>
  <testcase name="testPullRelated[9: com.dotcms.rendering.velocity.viewtools.content.util.ContentUtilsTest$TestCase@5043e3e9]" classname="com.dotcms.rendering.velocity.viewtools.content.util.ContentUtilsTest" time="4.058"/>
  <testcase name="testPullRelated[10: com.dotcms.rendering.velocity.viewtools.content.util.ContentUtilsTest$TestCase@7e817476]" classname="com.dotcms.rendering.velocity.viewtools.content.util.ContentUtilsTest" time="3.223"/>
  <testcase name="testPullRelated[11: com.dotcms.rendering.velocity.viewtools.content.util.ContentUtilsTest$TestCase@5d1568d1]" classname="com.dotcms.rendering.velocity.viewtools.content.util.ContentUtilsTest" time="3.002"/>
  <testcase name="testPullRelated[12: com.dotcms.rendering.velocity.viewtools.content.util.ContentUtilsTest$TestCase@723b6738]" classname="com.dotcms.rendering.velocity.viewtools.content.util.ContentUtilsTest" time="3.757"/>
  <testcase name="testPullRelated[13: com.dotcms.rendering.velocity.viewtools.content.util.ContentUtilsTest$TestCase@3d288e3d]" classname="com.dotcms.rendering.velocity.viewtools.content.util.ContentUtilsTest" time="4.12"/>
  <testcase name="testPullRelated[14: com.dotcms.rendering.velocity.viewtools.content.util.ContentUtilsTest$TestCase@48ff7f2a]" classname="com.dotcms.rendering.velocity.viewtools.content.util.ContentUtilsTest" time="4.015"/>
  <testcase name="testPullRelated[15: com.dotcms.rendering.velocity.viewtools.content.util.ContentUtilsTest$TestCase@3e5ac504]" classname="com.dotcms.rendering.velocity.viewtools.content.util.ContentUtilsTest" time="4.144"/>
  <testcase name="testPullRelated[16: com.dotcms.rendering.velocity.viewtools.content.util.ContentUtilsTest$TestCase@17717750]" classname="com.dotcms.rendering.velocity.viewtools.content.util.ContentUtilsTest" time="3.931"/>
  <testcase name="testPullRelated[17: com.dotcms.rendering.velocity.viewtools.content.util.ContentUtilsTest$TestCase@6ed15ae5]" classname="com.dotcms.rendering.velocity.viewtools.content.util.ContentUtilsTest" time="4.13"/>
  <testcase name="testPullRelated[18: com.dotcms.rendering.velocity.viewtools.content.util.ContentUtilsTest$TestCase@5d647e3a]" classname="com.dotcms.rendering.velocity.viewtools.content.util.ContentUtilsTest" time="4.155"/>
  <testcase name="testPullRelated[19: com.dotcms.rendering.velocity.viewtools.content.util.ContentUtilsTest$TestCase@357ef277]" classname="com.dotcms.rendering.velocity.viewtools.content.util.ContentUtilsTest" time="3.946"/>
  <testcase name="testPullRelated[20: com.dotcms.rendering.velocity.viewtools.content.util.ContentUtilsTest$TestCase@29a9d87f]" classname="com.dotcms.rendering.velocity.viewtools.content.util.ContentUtilsTest" time="4.074"/>
  <testcase name="testPullRelated[21: com.dotcms.rendering.velocity.viewtools.content.util.ContentUtilsTest$TestCase@4d4bb9dd]" classname="com.dotcms.rendering.velocity.viewtools.content.util.ContentUtilsTest" time="3.85"/>
  <testcase name="testPullRelated[22: com.dotcms.rendering.velocity.viewtools.content.util.ContentUtilsTest$TestCase@33208be0]" classname="com.dotcms.rendering.velocity.viewtools.content.util.ContentUtilsTest" time="4.304"/>
  <testcase name="testPullRelated[23: com.dotcms.rendering.velocity.viewtools.content.util.ContentUtilsTest$TestCase@718f3ab9]" classname="com.dotcms.rendering.velocity.viewtools.content.util.ContentUtilsTest" time="4.045"/>
  <testcase name="testPullRelated[24: com.dotcms.rendering.velocity.viewtools.content.util.ContentUtilsTest$TestCase@16026ed7]" classname="com.dotcms.rendering.velocity.viewtools.content.util.ContentUtilsTest" time="4.009"/>
  <testcase name="testPullRelated[25: com.dotcms.rendering.velocity.viewtools.content.util.ContentUtilsTest$TestCase@697b89b]" classname="com.dotcms.rendering.velocity.viewtools.content.util.ContentUtilsTest" time="4.03"/>
  <testcase name="testPullRelated[26: com.dotcms.rendering.velocity.viewtools.content.util.ContentUtilsTest$TestCase@315f4c22]" classname="com.dotcms.rendering.velocity.viewtools.content.util.ContentUtilsTest" time="4.101"/>
  <testcase name="testPullRelated[27: com.dotcms.rendering.velocity.viewtools.content.util.ContentUtilsTest$TestCase@398df242]" classname="com.dotcms.rendering.velocity.viewtools.content.util.ContentUtilsTest" time="4.039"/>
  <testcase name="testPullRelated[28: com.dotcms.rendering.velocity.viewtools.content.util.ContentUtilsTest$TestCase@3cfc5772]" classname="com.dotcms.rendering.velocity.viewtools.content.util.ContentUtilsTest" time="3.215"/>
  <testcase name="testPullRelated[29: com.dotcms.rendering.velocity.viewtools.content.util.ContentUtilsTest$TestCase@7146316]" classname="com.dotcms.rendering.velocity.viewtools.content.util.ContentUtilsTest" time="3.091"/>
  <testcase name="testPullRelated[30: com.dotcms.rendering.velocity.viewtools.content.util.ContentUtilsTest$TestCase@4c61118a]" classname="com.dotcms.rendering.velocity.viewtools.content.util.ContentUtilsTest" time="4.025"/>
  <testcase name="testPullRelated[31: com.dotcms.rendering.velocity.viewtools.content.util.ContentUtilsTest$TestCase@1a28f5a6]" classname="com.dotcms.rendering.velocity.viewtools.content.util.ContentUtilsTest" time="3.157"/>
  <testcase name="testPullRelated[32: com.dotcms.rendering.velocity.viewtools.content.util.ContentUtilsTest$TestCase@44b16656]" classname="com.dotcms.rendering.velocity.viewtools.content.util.ContentUtilsTest" time="3.929"/>
  <testcase name="testPullRelated[33: com.dotcms.rendering.velocity.viewtools.content.util.ContentUtilsTest$TestCase@6099b105]" classname="com.dotcms.rendering.velocity.viewtools.content.util.ContentUtilsTest" time="3.127"/>
  <testcase name="testPullRelated[34: com.dotcms.rendering.velocity.viewtools.content.util.ContentUtilsTest$TestCase@24b011dd]" classname="com.dotcms.rendering.velocity.viewtools.content.util.ContentUtilsTest" time="3.825"/>
  <testcase name="testPullRelated[35: com.dotcms.rendering.velocity.viewtools.content.util.ContentUtilsTest$TestCase@79e84528]" classname="com.dotcms.rendering.velocity.viewtools.content.util.ContentUtilsTest" time="4.138"/>
  <testcase name="testPullRelated[36: com.dotcms.rendering.velocity.viewtools.content.util.ContentUtilsTest$TestCase@36a41f95]" classname="com.dotcms.rendering.velocity.viewtools.content.util.ContentUtilsTest" time="6.089"/>
  <testcase name="testPullRelated[37: com.dotcms.rendering.velocity.viewtools.content.util.ContentUtilsTest$TestCase@1b1881dd]" classname="com.dotcms.rendering.velocity.viewtools.content.util.ContentUtilsTest" time="6.078"/>
  <testcase name="testPullRelated[38: com.dotcms.rendering.velocity.viewtools.content.util.ContentUtilsTest$TestCase@3f02459a]" classname="com.dotcms.rendering.velocity.viewtools.content.util.ContentUtilsTest" time="6.317"/>
  <testcase name="testPullRelated[39: com.dotcms.rendering.velocity.viewtools.content.util.ContentUtilsTest$TestCase@4f88657]" classname="com.dotcms.rendering.velocity.viewtools.content.util.ContentUtilsTest" time="5.012"/>
  <testcase name="testPullRelated[40: com.dotcms.rendering.velocity.viewtools.content.util.ContentUtilsTest$TestCase@123669ea]" classname="com.dotcms.rendering.velocity.viewtools.content.util.ContentUtilsTest" time="6.186"/>
  <testcase name="testPullRelated[41: com.dotcms.rendering.velocity.viewtools.content.util.ContentUtilsTest$TestCase@4dff0418]" classname="com.dotcms.rendering.velocity.viewtools.content.util.ContentUtilsTest" time="4.933"/>
  <testcase name="testPullRelated[42: com.dotcms.rendering.velocity.viewtools.content.util.ContentUtilsTest$TestCase@60fcb6a8]" classname="com.dotcms.rendering.velocity.viewtools.content.util.ContentUtilsTest" time="6.255"/>
  <testcase name="testPullRelated[43: com.dotcms.rendering.velocity.viewtools.content.util.ContentUtilsTest$TestCase@20f64ede]" classname="com.dotcms.rendering.velocity.viewtools.content.util.ContentUtilsTest" time="6.018"/>
  <testcase name="testPullRelated[44: com.dotcms.rendering.velocity.viewtools.content.util.ContentUtilsTest$TestCase@1ae1a13]" classname="com.dotcms.rendering.velocity.viewtools.content.util.ContentUtilsTest" time="6.081"/>
  <testcase name="testPullRelated[45: com.dotcms.rendering.velocity.viewtools.content.util.ContentUtilsTest$TestCase@34c411fa]" classname="com.dotcms.rendering.velocity.viewtools.content.util.ContentUtilsTest" time="4.979"/>
  <testcase name="testPullRelated[46: com.dotcms.rendering.velocity.viewtools.content.util.ContentUtilsTest$TestCase@3108a83c]" classname="com.dotcms.rendering.velocity.viewtools.content.util.ContentUtilsTest" time="6.298"/>
  <testcase name="testPullRelated[47: com.dotcms.rendering.velocity.viewtools.content.util.ContentUtilsTest$TestCase@239a807d]" classname="com.dotcms.rendering.velocity.viewtools.content.util.ContentUtilsTest" time="6.185"/>
  <testcase name="testPullRelated[48: com.dotcms.rendering.velocity.viewtools.content.util.ContentUtilsTest$TestCase@5215689f]" classname="com.dotcms.rendering.velocity.viewtools.content.util.ContentUtilsTest" time="5.714"/>
  <testcase name="testPullRelated[49: com.dotcms.rendering.velocity.viewtools.content.util.ContentUtilsTest$TestCase@464ae8e6]" classname="com.dotcms.rendering.velocity.viewtools.content.util.ContentUtilsTest" time="4.998"/>
  <testcase name="testPullRelated[50: com.dotcms.rendering.velocity.viewtools.content.util.ContentUtilsTest$TestCase@32f7e15b]" classname="com.dotcms.rendering.velocity.viewtools.content.util.ContentUtilsTest" time="6.421"/>
  <testcase name="testPullRelated[51: com.dotcms.rendering.velocity.viewtools.content.util.ContentUtilsTest$TestCase@45190610]" classname="com.dotcms.rendering.velocity.viewtools.content.util.ContentUtilsTest" time="6.11"/>
  <testcase name="testPullRelated[52: com.dotcms.rendering.velocity.viewtools.content.util.ContentUtilsTest$TestCase@3cb1dfbc]" classname="com.dotcms.rendering.velocity.viewtools.content.util.ContentUtilsTest" time="5.873"/>
  <testcase name="testPullRelated[53: com.dotcms.rendering.velocity.viewtools.content.util.ContentUtilsTest$TestCase@2dad0d14]" classname="com.dotcms.rendering.velocity.viewtools.content.util.ContentUtilsTest" time="6.261"/>
  <testcase name="testPullRelated[54: com.dotcms.rendering.velocity.viewtools.content.util.ContentUtilsTest$TestCase@205dccc3]" classname="com.dotcms.rendering.velocity.viewtools.content.util.ContentUtilsTest" time="6.087"/>
  <testcase name="testPullRelated[55: com.dotcms.rendering.velocity.viewtools.content.util.ContentUtilsTest$TestCase@2d79675e]" classname="com.dotcms.rendering.velocity.viewtools.content.util.ContentUtilsTest" time="6.011"/>
  <testcase name="testPullRelated[56: com.dotcms.rendering.velocity.viewtools.content.util.ContentUtilsTest$TestCase@1f871172]" classname="com.dotcms.rendering.velocity.viewtools.content.util.ContentUtilsTest" time="5.153"/>
  <testcase name="testPullRelated[57: com.dotcms.rendering.velocity.viewtools.content.util.ContentUtilsTest$TestCase@5a076a3b]" classname="com.dotcms.rendering.velocity.viewtools.content.util.ContentUtilsTest" time="5.803"/>
  <testcase name="testPullRelated[58: com.dotcms.rendering.velocity.viewtools.content.util.ContentUtilsTest$TestCase@14f29e6c]" classname="com.dotcms.rendering.velocity.viewtools.content.util.ContentUtilsTest" time="6.205"/>
  <testcase name="testPullRelated[59: com.dotcms.rendering.velocity.viewtools.content.util.ContentUtilsTest$TestCase@7257483b]" classname="com.dotcms.rendering.velocity.viewtools.content.util.ContentUtilsTest" time="6.229"/>
  <testcase name="testPullRelated[60: com.dotcms.rendering.velocity.viewtools.content.util.ContentUtilsTest$TestCase@55fcdb82]" classname="com.dotcms.rendering.velocity.viewtools.content.util.ContentUtilsTest" time="5.163"/>
  <testcase name="testPullRelated[61: com.dotcms.rendering.velocity.viewtools.content.util.ContentUtilsTest$TestCase@344b35b4]" classname="com.dotcms.rendering.velocity.viewtools.content.util.ContentUtilsTest" time="5.862"/>
  <testcase name="testPullRelated[62: com.dotcms.rendering.velocity.viewtools.content.util.ContentUtilsTest$TestCase@34cadcaf]" classname="com.dotcms.rendering.velocity.viewtools.content.util.ContentUtilsTest" time="6.269"/>
  <testcase name="testPullRelated[63: com.dotcms.rendering.velocity.viewtools.content.util.ContentUtilsTest$TestCase@7c945c9d]" classname="com.dotcms.rendering.velocity.viewtools.content.util.ContentUtilsTest" time="6.147"/>
  <testcase name="testPullRelated[64: com.dotcms.rendering.velocity.viewtools.content.util.ContentUtilsTest$TestCase@4f07b846]" classname="com.dotcms.rendering.velocity.viewtools.content.util.ContentUtilsTest" time="4.846"/>
  <testcase name="testPullRelated[65: com.dotcms.rendering.velocity.viewtools.content.util.ContentUtilsTest$TestCase@220cd287]" classname="com.dotcms.rendering.velocity.viewtools.content.util.ContentUtilsTest" time="6.202"/>
  <testcase name="testPullRelated[66: com.dotcms.rendering.velocity.viewtools.content.util.ContentUtilsTest$TestCase@40415dcd]" classname="com.dotcms.rendering.velocity.viewtools.content.util.ContentUtilsTest" time="6.26"/>
  <testcase name="testPullRelated[67: com.dotcms.rendering.velocity.viewtools.content.util.ContentUtilsTest$TestCase@1eef91ec]" classname="com.dotcms.rendering.velocity.viewtools.content.util.ContentUtilsTest" time="6.07"/>
  <testcase name="testPullRelated[68: com.dotcms.rendering.velocity.viewtools.content.util.ContentUtilsTest$TestCase@6cd8cfff]" classname="com.dotcms.rendering.velocity.viewtools.content.util.ContentUtilsTest" time="6.054"/>
  <testcase name="testPullRelated[69: com.dotcms.rendering.velocity.viewtools.content.util.ContentUtilsTest$TestCase@2804b009]" classname="com.dotcms.rendering.velocity.viewtools.content.util.ContentUtilsTest" time="5.898"/>
  <testcase name="testPullRelated[70: com.dotcms.rendering.velocity.viewtools.content.util.ContentUtilsTest$TestCase@62e12ff1]" classname="com.dotcms.rendering.velocity.viewtools.content.util.ContentUtilsTest" time="6.373"/>
  <testcase name="testPullRelated[71: com.dotcms.rendering.velocity.viewtools.content.util.ContentUtilsTest$TestCase@63b2b0]" classname="com.dotcms.rendering.velocity.viewtools.content.util.ContentUtilsTest" time="6.081"/>
  <testcase name="whenPublishAndExpireDatesAreInTheFutureAndTimeMachineIsAfterBoth" classname="com.dotcms.rendering.velocity.viewtools.content.util.ContentUtilsTest" time="3.557"/>
  <testcase name="testPullRelatedForLegacyRelationship[0: com.dotcms.rendering.velocity.viewtools.content.util.ContentUtilsTest$LegacyTestCase@2a6e3274]" classname="com.dotcms.rendering.velocity.viewtools.content.util.ContentUtilsTest" time="3.32"/>
  <testcase name="testPullRelatedForLegacyRelationship[1: com.dotcms.rendering.velocity.viewtools.content.util.ContentUtilsTest$LegacyTestCase@27e74bc8]" classname="com.dotcms.rendering.velocity.viewtools.content.util.ContentUtilsTest" time="3.014"/>
  <testcase name="whenTheTimeMachineDateIsAfterTomorrowAndExpireDateIsTomorrowShouldNotReturnContent" classname="com.dotcms.rendering.velocity.viewtools.content.util.ContentUtilsTest" time="3.552"/>
  <testcase name="testPullLiveRelatedWhenLatestVersionIsWorking" classname="com.dotcms.rendering.velocity.viewtools.content.util.ContentUtilsTest" time="3.983"/>
  <testcase name="test_add_relationships_on_parent_children_related_contents" classname="com.dotcms.rendering.velocity.viewtools.content.util.ContentUtilsTest" time="1.578"/>
  <testcase name="testSortPullRelated[0: com.dotcms.rendering.velocity.viewtools.content.util.ContentUtilsTest$SortTestCase@4c127662]" classname="com.dotcms.rendering.velocity.viewtools.content.util.ContentUtilsTest" time="1.902"/>
  <testcase name="testSortPullRelated[1: com.dotcms.rendering.velocity.viewtools.content.util.ContentUtilsTest$SortTestCase@5179bb62]" classname="com.dotcms.rendering.velocity.viewtools.content.util.ContentUtilsTest" time="2.837"/>
  <testcase name="testSortPullRelated[2: com.dotcms.rendering.velocity.viewtools.content.util.ContentUtilsTest$SortTestCase@adfceab]" classname="com.dotcms.rendering.velocity.viewtools.content.util.ContentUtilsTest" time="1.896"/>
  <testcase name="testSortPullRelated[3: com.dotcms.rendering.velocity.viewtools.content.util.ContentUtilsTest$SortTestCase@177b6d33]" classname="com.dotcms.rendering.velocity.viewtools.content.util.ContentUtilsTest" time="2.086"/>
  <testcase name="testSortPullRelated[4: com.dotcms.rendering.velocity.viewtools.content.util.ContentUtilsTest$SortTestCase@4805b8d8]" classname="com.dotcms.rendering.velocity.viewtools.content.util.ContentUtilsTest" time="2.963"/>
  <testcase name="testSortPullRelated[5: com.dotcms.rendering.velocity.viewtools.content.util.ContentUtilsTest$SortTestCase@54bbb811]" classname="com.dotcms.rendering.velocity.viewtools.content.util.ContentUtilsTest" time="2.927"/>
  <testcase name="whenTheTimeMachineDateIsAfterTomorrowAndExpireDateIsInFutureShouldReturnContent" classname="com.dotcms.rendering.velocity.viewtools.content.util.ContentUtilsTest" time="3.352"/>
  <testcase name="testPullRelatedFieldShouldRespectDefaultOrder" classname="com.dotcms.rendering.velocity.viewtools.content.util.ContentUtilsTest" time="2.66"/>
  <system-out><![CDATA[]]></system-out>
  <system-err><![CDATA[]]></system-err>
</testsuite>
