<?xml version="1.0" encoding="UTF-8"?>
<testsuite name="com.dotcms.rest.BundlePublisherResourceIntegrationTest" tests="1" skipped="0" failures="0" errors="0" timestamp="2023-07-11T01:53:26" hostname="fv-az336-51" time="0.008">
  <properties/>
  <testcase name="publishShouldReturnLicenseException" classname="com.dotcms.rest.BundlePublisherResourceIntegrationTest" time="0.008"/>
  <system-out><![CDATA[]]></system-out>
  <system-err><![CDATA[]]></system-err>
</testsuite>
