<?xml version="1.0" encoding="UTF-8"?>
<testsuite name="com.dotmarketing.portlets.structure.model.ContentletRelationshipsTest" tests="7" skipped="0" failures="0" errors="0" timestamp="2023-07-14T01:25:04" hostname="fv-az812-504" time="8.968">
  <properties/>
  <testcase name="testDoesAllowOnlyOne[0: com.dotmarketing.portlets.structure.model.ContentletRelationshipsTest$CardinalityTestCase@79a3de1a]" classname="com.dotmarketing.portlets.structure.model.ContentletRelationshipsTest" time="0.555"/>
  <testcase name="testDoesAllowOnlyOne[1: com.dotmarketing.portlets.structure.model.ContentletRelationshipsTest$CardinalityTestCase@30c7f053]" classname="com.dotmarketing.portlets.structure.model.ContentletRelationshipsTest" time="0.583"/>
  <testcase name="testDoesAllowOnlyOne[2: com.dotmarketing.portlets.structure.model.ContentletRelationshipsTest$CardinalityTestCase@3567ca32]" classname="com.dotmarketing.portlets.structure.model.ContentletRelationshipsTest" time="0.599"/>
  <testcase name="testGetRelationshipRecords[0: com.dotmarketing.portlets.structure.model.ContentletRelationshipsTest$TestCase@5500ca88]" classname="com.dotmarketing.portlets.structure.model.ContentletRelationshipsTest" time="2.103"/>
  <testcase name="testGetRelationshipRecords[1: com.dotmarketing.portlets.structure.model.ContentletRelationshipsTest$TestCase@32349d3c]" classname="com.dotmarketing.portlets.structure.model.ContentletRelationshipsTest" time="2.213"/>
  <testcase name="testGetRelationshipRecords[2: com.dotmarketing.portlets.structure.model.ContentletRelationshipsTest$TestCase@3d7eb641]" classname="com.dotmarketing.portlets.structure.model.ContentletRelationshipsTest" time="0.971"/>
  <testcase name="testGetRelationshipRecords[3: com.dotmarketing.portlets.structure.model.ContentletRelationshipsTest$TestCase@36c3dd86]" classname="com.dotmarketing.portlets.structure.model.ContentletRelationshipsTest" time="1.943"/>
  <system-out><![CDATA[]]></system-out>
  <system-err><![CDATA[]]></system-err>
</testsuite>
