<?xml version="1.0" encoding="UTF-8"?>
<testsuite name="com.dotcms.rest.api.v1.vtl.VTLResourceIntegrationTest" tests="6" skipped="0" failures="0" errors="0" timestamp="2023-06-27T20:31:44" hostname="fv-az166-290" time="12.439">
  <properties/>
  <testcase name="testGet[0: com.dotcms.rest.api.v1.vtl.VTLResourceTestCase@12655262]" classname="com.dotcms.rest.api.v1.vtl.VTLResourceIntegrationTest" time="2.598"/>
  <testcase name="testGet[1: com.dotcms.rest.api.v1.vtl.VTLResourceTestCase@30fd849a]" classname="com.dotcms.rest.api.v1.vtl.VTLResourceIntegrationTest" time="2.037"/>
  <testcase name="testGet[2: com.dotcms.rest.api.v1.vtl.VTLResourceTestCase@5f22b1c7]" classname="com.dotcms.rest.api.v1.vtl.VTLResourceIntegrationTest" time="1.957"/>
  <testcase name="testGet[3: com.dotcms.rest.api.v1.vtl.VTLResourceTestCase@513fcfdb]" classname="com.dotcms.rest.api.v1.vtl.VTLResourceIntegrationTest" time="1.871"/>
  <testcase name="testGet[4: com.dotcms.rest.api.v1.vtl.VTLResourceTestCase@69f171dc]" classname="com.dotcms.rest.api.v1.vtl.VTLResourceIntegrationTest" time="2.192"/>
  <testcase name="testGet[5: com.dotcms.rest.api.v1.vtl.VTLResourceTestCase@3574f12c]" classname="com.dotcms.rest.api.v1.vtl.VTLResourceIntegrationTest" time="1.784"/>
  <system-out><![CDATA[]]></system-out>
  <system-err><![CDATA[]]></system-err>
</testsuite>
