<?xml version="1.0" encoding="UTF-8"?>
<testsuite name="com.dotcms.rest.api.v1.vtl.VTLResourceIntegrationTest" tests="6" skipped="0" failures="0" errors="0" timestamp="2023-07-21T06:19:26" hostname="fv-az456-820" time="12.978">
  <properties/>
  <testcase name="testGet[0: com.dotcms.rest.api.v1.vtl.VTLResourceTestCase@db8226c]" classname="com.dotcms.rest.api.v1.vtl.VTLResourceIntegrationTest" time="2.131"/>
  <testcase name="testGet[1: com.dotcms.rest.api.v1.vtl.VTLResourceTestCase@44a87871]" classname="com.dotcms.rest.api.v1.vtl.VTLResourceIntegrationTest" time="1.966"/>
  <testcase name="testGet[2: com.dotcms.rest.api.v1.vtl.VTLResourceTestCase@46e44712]" classname="com.dotcms.rest.api.v1.vtl.VTLResourceIntegrationTest" time="2.147"/>
  <testcase name="testGet[3: com.dotcms.rest.api.v1.vtl.VTLResourceTestCase@520f5056]" classname="com.dotcms.rest.api.v1.vtl.VTLResourceIntegrationTest" time="2.755"/>
  <testcase name="testGet[4: com.dotcms.rest.api.v1.vtl.VTLResourceTestCase@1e68b339]" classname="com.dotcms.rest.api.v1.vtl.VTLResourceIntegrationTest" time="2.161"/>
  <testcase name="testGet[5: com.dotcms.rest.api.v1.vtl.VTLResourceTestCase@19843b75]" classname="com.dotcms.rest.api.v1.vtl.VTLResourceIntegrationTest" time="1.818"/>
  <system-out><![CDATA[]]></system-out>
  <system-err><![CDATA[]]></system-err>
</testsuite>
