<?xml version="1.0" encoding="UTF-8"?>
<testsuite name="com.dotmarketing.portlets.structure.model.ContentletRelationshipsTest" tests="7" skipped="0" failures="0" errors="0" timestamp="2023-07-18T16:59:00" hostname="fv-az491-599" time="8.435">
  <properties/>
  <testcase name="testDoesAllowOnlyOne[0: com.dotmarketing.portlets.structure.model.ContentletRelationshipsTest$CardinalityTestCase@4965a4f6]" classname="com.dotmarketing.portlets.structure.model.ContentletRelationshipsTest" time="0.396"/>
  <testcase name="testDoesAllowOnlyOne[1: com.dotmarketing.portlets.structure.model.ContentletRelationshipsTest$CardinalityTestCase@2af72a5f]" classname="com.dotmarketing.portlets.structure.model.ContentletRelationshipsTest" time="0.418"/>
  <testcase name="testDoesAllowOnlyOne[2: com.dotmarketing.portlets.structure.model.ContentletRelationshipsTest$CardinalityTestCase@32506e9a]" classname="com.dotmarketing.portlets.structure.model.ContentletRelationshipsTest" time="0.417"/>
  <testcase name="testGetRelationshipRecords[0: com.dotmarketing.portlets.structure.model.ContentletRelationshipsTest$TestCase@505552a8]" classname="com.dotmarketing.portlets.structure.model.ContentletRelationshipsTest" time="1.897"/>
  <testcase name="testGetRelationshipRecords[1: com.dotmarketing.portlets.structure.model.ContentletRelationshipsTest$TestCase@34731e40]" classname="com.dotmarketing.portlets.structure.model.ContentletRelationshipsTest" time="1.827"/>
  <testcase name="testGetRelationshipRecords[2: com.dotmarketing.portlets.structure.model.ContentletRelationshipsTest$TestCase@27457f43]" classname="com.dotmarketing.portlets.structure.model.ContentletRelationshipsTest" time="1.709"/>
  <testcase name="testGetRelationshipRecords[3: com.dotmarketing.portlets.structure.model.ContentletRelationshipsTest$TestCase@16d0e18f]" classname="com.dotmarketing.portlets.structure.model.ContentletRelationshipsTest" time="1.771"/>
  <system-out><![CDATA[]]></system-out>
  <system-err><![CDATA[]]></system-err>
</testsuite>
