<?xml version="1.0" encoding="UTF-8"?>
<testsuite name="com.dotmarketing.portlets.structure.model.ContentletRelationshipsTest" tests="7" skipped="0" failures="0" errors="0" timestamp="2023-07-18T00:59:31" hostname="fv-az877-612" time="8.507">
  <properties/>
  <testcase name="testDoesAllowOnlyOne[0: com.dotmarketing.portlets.structure.model.ContentletRelationshipsTest$CardinalityTestCase@7f9c7f3d]" classname="com.dotmarketing.portlets.structure.model.ContentletRelationshipsTest" time="0.497"/>
  <testcase name="testDoesAllowOnlyOne[1: com.dotmarketing.portlets.structure.model.ContentletRelationshipsTest$CardinalityTestCase@5425a191]" classname="com.dotmarketing.portlets.structure.model.ContentletRelationshipsTest" time="0.479"/>
  <testcase name="testDoesAllowOnlyOne[2: com.dotmarketing.portlets.structure.model.ContentletRelationshipsTest$CardinalityTestCase@182ade1c]" classname="com.dotmarketing.portlets.structure.model.ContentletRelationshipsTest" time="0.571"/>
  <testcase name="testGetRelationshipRecords[0: com.dotmarketing.portlets.structure.model.ContentletRelationshipsTest$TestCase@7be37de8]" classname="com.dotmarketing.portlets.structure.model.ContentletRelationshipsTest" time="1.103"/>
  <testcase name="testGetRelationshipRecords[1: com.dotmarketing.portlets.structure.model.ContentletRelationshipsTest$TestCase@671a803e]" classname="com.dotmarketing.portlets.structure.model.ContentletRelationshipsTest" time="2.058"/>
  <testcase name="testGetRelationshipRecords[2: com.dotmarketing.portlets.structure.model.ContentletRelationshipsTest$TestCase@1e4a9c65]" classname="com.dotmarketing.portlets.structure.model.ContentletRelationshipsTest" time="1.886"/>
  <testcase name="testGetRelationshipRecords[3: com.dotmarketing.portlets.structure.model.ContentletRelationshipsTest$TestCase@50de6b8e]" classname="com.dotmarketing.portlets.structure.model.ContentletRelationshipsTest" time="1.912"/>
  <system-out><![CDATA[]]></system-out>
  <system-err><![CDATA[]]></system-err>
</testsuite>
