<?xml version="1.0" encoding="UTF-8"?>
<testsuite name="com.dotmarketing.portlets.structure.model.ContentletRelationshipsTest" tests="7" skipped="0" failures="0" errors="0" timestamp="2023-07-21T16:10:16" hostname="fv-az453-320" time="11.029">
  <properties/>
  <testcase name="testDoesAllowOnlyOne[0: com.dotmarketing.portlets.structure.model.ContentletRelationshipsTest$CardinalityTestCase@29522b66]" classname="com.dotmarketing.portlets.structure.model.ContentletRelationshipsTest" time="0.669"/>
  <testcase name="testDoesAllowOnlyOne[1: com.dotmarketing.portlets.structure.model.ContentletRelationshipsTest$CardinalityTestCase@8b23211]" classname="com.dotmarketing.portlets.structure.model.ContentletRelationshipsTest" time="0.705"/>
  <testcase name="testDoesAllowOnlyOne[2: com.dotmarketing.portlets.structure.model.ContentletRelationshipsTest$CardinalityTestCase@5dc422b6]" classname="com.dotmarketing.portlets.structure.model.ContentletRelationshipsTest" time="0.744"/>
  <testcase name="testGetRelationshipRecords[0: com.dotmarketing.portlets.structure.model.ContentletRelationshipsTest$TestCase@359c535c]" classname="com.dotmarketing.portlets.structure.model.ContentletRelationshipsTest" time="2.498"/>
  <testcase name="testGetRelationshipRecords[1: com.dotmarketing.portlets.structure.model.ContentletRelationshipsTest$TestCase@dad5792]" classname="com.dotmarketing.portlets.structure.model.ContentletRelationshipsTest" time="1.655"/>
  <testcase name="testGetRelationshipRecords[2: com.dotmarketing.portlets.structure.model.ContentletRelationshipsTest$TestCase@1496de8c]" classname="com.dotmarketing.portlets.structure.model.ContentletRelationshipsTest" time="2.317"/>
  <testcase name="testGetRelationshipRecords[3: com.dotmarketing.portlets.structure.model.ContentletRelationshipsTest$TestCase@683b8f3a]" classname="com.dotmarketing.portlets.structure.model.ContentletRelationshipsTest" time="2.439"/>
  <system-out><![CDATA[]]></system-out>
  <system-err><![CDATA[]]></system-err>
</testsuite>
