<?xml version="1.0" encoding="UTF-8"?>
<testsuite name="com.dotcms.rest.elasticsearch.ESContentResourcePortletTest" tests="8" skipped="0" failures="0" errors="0" timestamp="2023-06-28T22:54:59" hostname="fv-az446-868" time="9.32">
  <properties/>
  <testcase name="test_search_includeGrandChildCategory_success" classname="com.dotcms.rest.elasticsearch.ESContentResourcePortletTest" time="1.565"/>
  <testcase name="testSearch[0: com.dotcms.rest.elasticsearch.ESContentResourcePortletTest$TestCase@4fc8e7a4]" classname="com.dotcms.rest.elasticsearch.ESContentResourcePortletTest" time="0.982"/>
  <testcase name="testSearch[1: com.dotcms.rest.elasticsearch.ESContentResourcePortletTest$TestCase@5556316c]" classname="com.dotcms.rest.elasticsearch.ESContentResourcePortletTest" time="1.277"/>
  <testcase name="testSearch[2: com.dotcms.rest.elasticsearch.ESContentResourcePortletTest$TestCase@1f655c4a]" classname="com.dotcms.rest.elasticsearch.ESContentResourcePortletTest" time="0.998"/>
  <testcase name="testSearch[3: com.dotcms.rest.elasticsearch.ESContentResourcePortletTest$TestCase@73573227]" classname="com.dotcms.rest.elasticsearch.ESContentResourcePortletTest" time="1.247"/>
  <testcase name="testSearch[4: com.dotcms.rest.elasticsearch.ESContentResourcePortletTest$TestCase@7baa1e2e]" classname="com.dotcms.rest.elasticsearch.ESContentResourcePortletTest" time="1.304"/>
  <testcase name="testSearch[5: com.dotcms.rest.elasticsearch.ESContentResourcePortletTest$TestCase@1f138d66]" classname="com.dotcms.rest.elasticsearch.ESContentResourcePortletTest" time="0.94"/>
  <testcase name="testSearch[6: com.dotcms.rest.elasticsearch.ESContentResourcePortletTest$TestCase@2a2115c2]" classname="com.dotcms.rest.elasticsearch.ESContentResourcePortletTest" time="1.005"/>
  <system-out><![CDATA[]]></system-out>
  <system-err><![CDATA[]]></system-err>
</testsuite>
