<?xml version="1.0" encoding="UTF-8"?>
<testsuite name="com.dotcms.publisher.business.PublisherTest" tests="4" skipped="0" failures="0" errors="0" timestamp="2023-06-26T19:19:07" hostname="fv-az1128-296" time="11.769">
  <properties/>
  <testcase name="testPushArchivedAndMultiLanguageContent" classname="com.dotcms.publisher.business.PublisherTest" time="6.273"/>
  <testcase name="testPushContentWithUniqueField" classname="com.dotcms.publisher.business.PublisherTest" time="2.538"/>
  <testcase name="dontAutoPublishContentWithoutPublishDate" classname="com.dotcms.publisher.business.PublisherTest" time="1.237"/>
  <testcase name="test_Create_folderpage_Push_page_Remove_folderpush_Create_page_Push_page_SameBundle_shouldbe_created" classname="com.dotcms.publisher.business.PublisherTest" time="1.721"/>
  <system-out><![CDATA[


]]></system-out>
  <system-err><![CDATA[]]></system-err>
</testsuite>
