<?xml version="1.0" encoding="UTF-8"?>
<testsuite name="com.dotmarketing.portlets.contentlet.business.ContentletAPITest" tests="169" skipped="3" failures="0" errors="0" timestamp="2023-06-23T17:55:25" hostname="fv-az646-389" time="251.62">
  <properties/>
  <testcase name="deleteRelatedContent" classname="com.dotmarketing.portlets.contentlet.business.ContentletAPITest" time="2.498"/>
  <testcase name="deleteCollectionAllVersions" classname="com.dotmarketing.portlets.contentlet.business.ContentletAPITest" time="1.825"/>
  <testcase name="setDateTimeFieldValueWithTimeZone[0: UTC, 2023-03-15 15:45 +0000]" classname="com.dotmarketing.portlets.contentlet.business.ContentletAPITest" time="1.38"/>
  <testcase name="setDateTimeFieldValueWithTimeZone[1: America/New_York, 2023-02-15 15:45 -0500]" classname="com.dotmarketing.portlets.contentlet.business.ContentletAPITest" time="1.358"/>
  <testcase name="setDateTimeFieldValueWithTimeZone[2: America/New_York, 2023-03-15 16:45 -0400]" classname="com.dotmarketing.portlets.contentlet.business.ContentletAPITest" time="1.406"/>
  <testcase name="setDateTimeFieldValueWithTimeZone[3: America/Chicago, 2023-02-15 14:45 -0600]" classname="com.dotmarketing.portlets.contentlet.business.ContentletAPITest" time="1.364"/>
  <testcase name="setDateTimeFieldValueWithTimeZone[4: America/Chicago, 2023-03-15 15:45 -0500]" classname="com.dotmarketing.portlets.contentlet.business.ContentletAPITest" time="1.369"/>
  <testcase name="setDateTimeFieldValueWithTimeZone[5: America/Los_Angeles, 2023-02-15 12:45 -0800]" classname="com.dotmarketing.portlets.contentlet.business.ContentletAPITest" time="1.353"/>
  <testcase name="setDateTimeFieldValueWithTimeZone[6: America/Los_Angeles, 2023-03-15 13:45 -0700]" classname="com.dotmarketing.portlets.contentlet.business.ContentletAPITest" time="1.357"/>
  <testcase name="testCheckin1_ExistingContentWithRels_NullRels_ShouldKeepExistingRels" classname="com.dotmarketing.portlets.contentlet.business.ContentletAPITest" time="1.697"/>
  <testcase name="test_findContentletByIdentifierOrFallback_existing_NonEnglish_WithSpanish_fallback_true_expecting_Spanish_true" classname="com.dotmarketing.portlets.contentlet.business.ContentletAPITest" time="0.649"/>
  <testcase name="destroy_content_locked_by_admin_by_other_admin_user" classname="com.dotmarketing.portlets.contentlet.business.ContentletAPITest" time="1.803"/>
  <testcase name="test_validateContentlet_wrong_size_expect_DotContentletValidationException" classname="com.dotmarketing.portlets.contentlet.business.ContentletAPITest" time="0.066"/>
  <testcase name="test_validateContentlet_wrong_mime_type_expect_DotContentletValidationException" classname="com.dotmarketing.portlets.contentlet.business.ContentletAPITest" time="0.044"/>
  <testcase name="run_listener_after_save_result_called_all_listeners" classname="com.dotmarketing.portlets.contentlet.business.ContentletAPITest" time="0.0">
    <skipped/>
  </testcase>
  <testcase name="testRemoveContentFromIndexMultilingualContent" classname="com.dotmarketing.portlets.contentlet.business.ContentletAPITest" time="1.446"/>
  <testcase name="test_getAllRelationships_checkOrdering" classname="com.dotmarketing.portlets.contentlet.business.ContentletAPITest" time="2.636"/>
  <testcase name="rangeQuery" classname="com.dotmarketing.portlets.contentlet.business.ContentletAPITest" time="2.774"/>
  <testcase name="findContentletByIdentifier" classname="com.dotmarketing.portlets.contentlet.business.ContentletAPITest" time="0.002"/>
  <testcase name="contentOnlyWithExpireFieldTest" classname="com.dotmarketing.portlets.contentlet.business.ContentletAPITest" time="1.478"/>
  <testcase name="publichWithToDifferentVarianst" classname="com.dotmarketing.portlets.contentlet.business.ContentletAPITest" time="1.82"/>
  <testcase name="deleteForAllVersions" classname="com.dotmarketing.portlets.contentlet.business.ContentletAPITest" time="1.452"/>
  <testcase name="getContentletReferencesForMonolingualPages" classname="com.dotmarketing.portlets.contentlet.business.ContentletAPITest" time="1.721"/>
  <testcase name="getAllRelationships" classname="com.dotmarketing.portlets.contentlet.business.ContentletAPITest" time="0.011"/>
  <testcase name="testCheckin1_ExistingContentWithCats_EmptyCatsList_ShouldWipeExistingCats" classname="com.dotmarketing.portlets.contentlet.business.ContentletAPITest" time="1.808"/>
  <testcase name="getContentletReferences_ReferencesByContentLang" classname="com.dotmarketing.portlets.contentlet.business.ContentletAPITest" time="1.268"/>
  <testcase name="getRelatedContent" classname="com.dotmarketing.portlets.contentlet.business.ContentletAPITest" time="1.804"/>
  <testcase name="testCheckin_Non_Existing_Identifier_With_Not_Validate_Success" classname="com.dotmarketing.portlets.contentlet.business.ContentletAPITest" time="1.342"/>
  <testcase name="Test_Copy_Metadata_On_CheckIn" classname="com.dotmarketing.portlets.contentlet.business.ContentletAPITest" time="1.854"/>
  <testcase name="testCheckinWithoutVersioning_ExistingContentWithRels_NullRels_ShouldKeepExistingRels" classname="com.dotmarketing.portlets.contentlet.business.ContentletAPITest" time="1.722"/>
  <testcase name="testCheckin2_ExistingContentWithRels_NullRels_ShouldKeepExistingRels" classname="com.dotmarketing.portlets.contentlet.business.ContentletAPITest" time="1.545"/>
  <testcase name="delete" classname="com.dotmarketing.portlets.contentlet.business.ContentletAPITest" time="1.39"/>
  <testcase name="archiveCollection" classname="com.dotmarketing.portlets.contentlet.business.ContentletAPITest" time="0.248"/>
  <testcase name="test_findContentletByIdentifierOrFallback_existing_English_version_no_Spanish_fallback_false_expecting_false" classname="com.dotmarketing.portlets.contentlet.business.ContentletAPITest" time="1.091"/>
  <testcase name="test_findContentletByIdentifierOrFallback_existing_EnglishSpanish_fallback_false_expecting_Spanish_true" classname="com.dotmarketing.portlets.contentlet.business.ContentletAPITest" time="1.227"/>
  <testcase name="findContentletsByFolder" classname="com.dotmarketing.portlets.contentlet.business.ContentletAPITest" time="0.639"/>
  <testcase name="delete_GivenUnarchivedContentAndDontValidateMeInTrue_ShouldDeleteSuccessfully" classname="com.dotmarketing.portlets.contentlet.business.ContentletAPITest" time="1.347"/>
  <testcase name="newFileAssetLanguageDifferentThanDefault" classname="com.dotmarketing.portlets.contentlet.business.ContentletAPITest" time="1.201"/>
  <testcase name="test_findContentletByIdentifierOrFallback_existing_English_No_Spanish_fallback_false_expecting_False" classname="com.dotmarketing.portlets.contentlet.business.ContentletAPITest" time="1.107"/>
  <testcase name="testMoveContentDependenciesFromParentSelfRelated" classname="com.dotmarketing.portlets.contentlet.business.ContentletAPITest" time="2.247"/>
  <testcase name="test_findContentletByIdentifierOrFallback_existing_DotContentletStateException_expected_true" classname="com.dotmarketing.portlets.contentlet.business.ContentletAPITest" time="1.065"/>
  <testcase name="deleteAllVersionsAndBackup" classname="com.dotmarketing.portlets.contentlet.business.ContentletAPITest" time="1.533"/>
  <testcase name="testDotAsset_Checkin" classname="com.dotmarketing.portlets.contentlet.business.ContentletAPITest" time="0.546"/>
  <testcase name="testCheckInContentletWithoutHost_shouldUseContentTypeHost" classname="com.dotmarketing.portlets.contentlet.business.ContentletAPITest" time="0.194"/>
  <testcase name="test_variant_present_in_document_id" classname="com.dotmarketing.portlets.contentlet.business.ContentletAPITest" time="1.389"/>
  <testcase name="clearDateTimeFieldValue[0: &lt;empty string&gt;]" classname="com.dotmarketing.portlets.contentlet.business.ContentletAPITest" time="1.343"/>
  <testcase name="clearDateTimeFieldValue[1: &lt;null&gt;]" classname="com.dotmarketing.portlets.contentlet.business.ContentletAPITest" time="1.324"/>
  <testcase name="widgetInvalidateAllLang" classname="com.dotmarketing.portlets.contentlet.business.ContentletAPITest" time="1.443"/>
  <testcase name="saveContentWithInvalidJSONField_ShouldThrowException" classname="com.dotmarketing.portlets.contentlet.business.ContentletAPITest" time="0.03"/>
  <testcase name="testCheckin1_ExistingContentWithCats_NullCats_ShouldKeepExistingCats" classname="com.dotmarketing.portlets.contentlet.business.ContentletAPITest" time="1.485"/>
  <testcase name="testCopyContentletDoesNotCopyWorkflowHistory" classname="com.dotmarketing.portlets.contentlet.business.ContentletAPITest" time="11.258"/>
  <testcase name="findContentletsByHost" classname="com.dotmarketing.portlets.contentlet.business.ContentletAPITest" time="0.017"/>
  <testcase name="testCheckinNoDefaultActions" classname="com.dotmarketing.portlets.contentlet.business.ContentletAPITest" time="1.754"/>
  <testcase name="search" classname="com.dotmarketing.portlets.contentlet.business.ContentletAPITest" time="0.006"/>
  <testcase name="testCheckin3_ExistingContentWithCats_EmptyCatsList_ShouldWipeExistingCats" classname="com.dotmarketing.portlets.contentlet.business.ContentletAPITest" time="1.488"/>
  <testcase name="saveContentWithValidJSONField_ShouldSucceed" classname="com.dotmarketing.portlets.contentlet.business.ContentletAPITest" time="1.228"/>
  <testcase name="Test_Move_Content_Different_Host_And_Folder_On_CheckIn" classname="com.dotmarketing.portlets.contentlet.business.ContentletAPITest" time="2.633"/>
  <testcase name="no_destroy_limited_content_locked_by_admin_by_limited_user" classname="com.dotmarketing.portlets.contentlet.business.ContentletAPITest" time="1.65"/>
  <testcase name="testCheckinDefaultActionsSkipBySettingActionId" classname="com.dotmarketing.portlets.contentlet.business.ContentletAPITest" time="1.879"/>
  <testcase name="archive" classname="com.dotmarketing.portlets.contentlet.business.ContentletAPITest" time="0.138"/>
  <testcase name="testCheckin3_ExistingContentWithRels_NullRels_ShouldKeepExistingRels" classname="com.dotmarketing.portlets.contentlet.business.ContentletAPITest" time="1.656"/>
  <testcase name="testCheckin4_ExistingContentWithRels_EmptyRels_ShouldWipeExistingRels" classname="com.dotmarketing.portlets.contentlet.business.ContentletAPITest" time="1.526"/>
  <testcase name="test_update_mod_date_contentlet_expect_success" classname="com.dotmarketing.portlets.contentlet.business.ContentletAPITest" time="1.102"/>
  <testcase name="test_findContentletByIdentifierOrFallback_existing_EnglishLive_WithSpanishWorking_fallback_true_expecting_SpanishWorking_true" classname="com.dotmarketing.portlets.contentlet.business.ContentletAPITest" time="2.205"/>
  <testcase name="deleteRelatedContentWithParent" classname="com.dotmarketing.portlets.contentlet.business.ContentletAPITest" time="1.734"/>
  <testcase name="searchIndex" classname="com.dotmarketing.portlets.contentlet.business.ContentletAPITest" time="0.005"/>
  <testcase name="test_findContentletByIdentifierOrFallback_existing_EnglishSpanish_fallback_true_expecting_Spanish_true" classname="com.dotmarketing.portlets.contentlet.business.ContentletAPITest" time="1.155"/>
  <testcase name="testContentWithTwoBinaryFieldsAndSameFile_afterCheckinShouldContainBothFields" classname="com.dotmarketing.portlets.contentlet.business.ContentletAPITest" time="0.464"/>
  <testcase name="publishCollection" classname="com.dotmarketing.portlets.contentlet.business.ContentletAPITest" time="0.153"/>
  <testcase name="test_validateContentlet_contentWithTabDividerField" classname="com.dotmarketing.portlets.contentlet.business.ContentletAPITest" time="1.261"/>
  <testcase name="findContentletByIdentifiers" classname="com.dotmarketing.portlets.contentlet.business.ContentletAPITest" time="0.004"/>
  <testcase name="testCheckinWithoutVersioning_ExistingContentWithCats_NullCats_ShouldKeepExistingCats" classname="com.dotmarketing.portlets.contentlet.business.ContentletAPITest" time="1.493"/>
  <testcase name="testMoveContentDependenciesFromChildSelfRelated" classname="com.dotmarketing.portlets.contentlet.business.ContentletAPITest" time="1.13"/>
  <testcase name="testCheckin2_ExistingContentWithCats_NullCats_ShouldKeepExistingCats" classname="com.dotmarketing.portlets.contentlet.business.ContentletAPITest" time="1.523"/>
  <testcase name="test_findContentletByIdentifierOrFallback_non_existing_DotContentletStateException_expected" classname="com.dotmarketing.portlets.contentlet.business.ContentletAPITest" time="0.001"/>
  <testcase name="publish" classname="com.dotmarketing.portlets.contentlet.business.ContentletAPITest" time="0.079"/>
  <testcase name="testUpdatePublishExpireDatesFromIdentifier" classname="com.dotmarketing.portlets.contentlet.business.ContentletAPITest" time="1.032"/>
  <testcase name="publishRelatedHtmlPages" classname="com.dotmarketing.portlets.contentlet.business.ContentletAPITest" time="0.004"/>
  <testcase name="cleanBinaryField" classname="com.dotmarketing.portlets.contentlet.business.ContentletAPITest" time="0.009"/>
  <testcase name="testCheckinDefaultActions" classname="com.dotmarketing.portlets.contentlet.business.ContentletAPITest" time="1.68"/>
  <testcase name="testCheckin4_ExistingContentWithRels_NullRels_ShouldKeepExistingRels" classname="com.dotmarketing.portlets.contentlet.business.ContentletAPITest" time="1.629"/>
  <testcase name="testSetTemplateForAPageMustKeepTheSameTemplateForWorkingVersionsOnly" classname="com.dotmarketing.portlets.contentlet.business.ContentletAPITest" time="2.084"/>
  <testcase name="getAllLanguages" classname="com.dotmarketing.portlets.contentlet.business.ContentletAPITest" time="13.205"/>
  <testcase name="find" classname="com.dotmarketing.portlets.contentlet.business.ContentletAPITest" time="0.001"/>
  <testcase name="isContentEqual" classname="com.dotmarketing.portlets.contentlet.business.ContentletAPITest" time="0.002"/>
  <testcase name="Test_Key_Value_As_Map_Test" classname="com.dotmarketing.portlets.contentlet.business.ContentletAPITest" time="2.001"/>
  <testcase name="test_findInDb_returns_properly" classname="com.dotmarketing.portlets.contentlet.business.ContentletAPITest" time="1.357"/>
  <testcase name="testMoveContentDependenciesFromParent" classname="com.dotmarketing.portlets.contentlet.business.ContentletAPITest" time="2.322"/>
  <testcase name="copyContentlet" classname="com.dotmarketing.portlets.contentlet.business.ContentletAPITest" time="1.489"/>
  <testcase name="TestCopyHTMLPageIncludesPersonalizedMultiTrees" classname="com.dotmarketing.portlets.contentlet.business.ContentletAPITest" time="6.371"/>
  <testcase name="testCheckinWithoutVersioning_ShouldDeletePreviousBinary_WhenBinaryIsUpdated" classname="com.dotmarketing.portlets.contentlet.business.ContentletAPITest" time="1.802"/>
  <testcase name="testCheckin_nullRequiredFieldValue[0: com.dotmarketing.portlets.contentlet.business.ContentletAPITest$TestCaseNullFieldvalues@652ca640]" classname="com.dotmarketing.portlets.contentlet.business.ContentletAPITest" time="1.205"/>
  <testcase name="testCheckin_nullRequiredFieldValue[1: com.dotmarketing.portlets.contentlet.business.ContentletAPITest$TestCaseNullFieldvalues@1ba7fa09]" classname="com.dotmarketing.portlets.contentlet.business.ContentletAPITest" time="1.232"/>
  <testcase name="testCheckin_nullRequiredFieldValue[2: com.dotmarketing.portlets.contentlet.business.ContentletAPITest$TestCaseNullFieldvalues@3de8ee56]" classname="com.dotmarketing.portlets.contentlet.business.ContentletAPITest" time="1.192"/>
  <testcase name="testCheckin_nullRequiredFieldValue[3: com.dotmarketing.portlets.contentlet.business.ContentletAPITest$TestCaseNullFieldvalues@33736701]" classname="com.dotmarketing.portlets.contentlet.business.ContentletAPITest" time="1.21"/>
  <testcase name="testUniqueTextFieldWithDataTypeWholeNumber" classname="com.dotmarketing.portlets.contentlet.business.ContentletAPITest" time="1.668"/>
  <testcase name="testCheckin3_ExistingContentWithCats_NullCats_ShouldKeepExistingCats" classname="com.dotmarketing.portlets.contentlet.business.ContentletAPITest" time="1.555"/>
  <testcase name="getFieldValue" classname="com.dotmarketing.portlets.contentlet.business.ContentletAPITest" time="0.005"/>
  <testcase name="testDeletePageDefinedAsDetailPage" classname="com.dotmarketing.portlets.contentlet.business.ContentletAPITest" time="2.347"/>
  <testcase name="testSetTemplateForAPageMustKeepTheSameTemplateForWorkingVersionsNoLive" classname="com.dotmarketing.portlets.contentlet.business.ContentletAPITest" time="3.079"/>
  <testcase name="testCheckInWithSelfRelationInBothParentsAndChildren" classname="com.dotmarketing.portlets.contentlet.business.ContentletAPITest" time="1.892"/>
  <testcase name="getRelatedContentPullByParent" classname="com.dotmarketing.portlets.contentlet.business.ContentletAPITest" time="1.773"/>
  <testcase name="testContentCheckin_mapIncludeExpectedProperties" classname="com.dotmarketing.portlets.contentlet.business.ContentletAPITest" time="1.529"/>
  <testcase name="testMoveContentDependenciesFromChild" classname="com.dotmarketing.portlets.contentlet.business.ContentletAPITest" time="2.021"/>
  <testcase name="addRemoveContentFromIndex" classname="com.dotmarketing.portlets.contentlet.business.ContentletAPITest" time="1.39"/>
  <testcase name="test_invalidate_shorty_cache" classname="com.dotmarketing.portlets.contentlet.business.ContentletAPITest" time="1.805"/>
  <testcase name="testGetRelatedForSelfJoinsDoesNotCacheWhenPullByParentIsNull" classname="com.dotmarketing.portlets.contentlet.business.ContentletAPITest" time="1.977"/>
  <testcase name="testUniqueTextFieldContentlets[0: com.dotmarketing.portlets.contentlet.business.ContentletAPITest$testCaseUniqueTextField@336dd989]" classname="com.dotmarketing.portlets.contentlet.business.ContentletAPITest" time="1.703"/>
  <testcase name="testUniqueTextFieldContentlets[1: com.dotmarketing.portlets.contentlet.business.ContentletAPITest$testCaseUniqueTextField@173e1a5f]" classname="com.dotmarketing.portlets.contentlet.business.ContentletAPITest" time="1.672"/>
  <testcase name="testUniqueTextFieldContentlets[2: com.dotmarketing.portlets.contentlet.business.ContentletAPITest$testCaseUniqueTextField@6d5edcb0]" classname="com.dotmarketing.portlets.contentlet.business.ContentletAPITest" time="1.763"/>
  <testcase name="testUniqueTextFieldContentlets[3: com.dotmarketing.portlets.contentlet.business.ContentletAPITest$testCaseUniqueTextField@45bde575]" classname="com.dotmarketing.portlets.contentlet.business.ContentletAPITest" time="1.766"/>
  <testcase name="testUniqueTextFieldContentlets[4: com.dotmarketing.portlets.contentlet.business.ContentletAPITest$testCaseUniqueTextField@1841ddda]" classname="com.dotmarketing.portlets.contentlet.business.ContentletAPITest" time="1.69"/>
  <testcase name="testUniqueTextFieldContentlets[5: com.dotmarketing.portlets.contentlet.business.ContentletAPITest$testCaseUniqueTextField@7f4ad06f]" classname="com.dotmarketing.portlets.contentlet.business.ContentletAPITest" time="1.786"/>
  <testcase name="testUniqueTextFieldContentlets[6: com.dotmarketing.portlets.contentlet.business.ContentletAPITest$testCaseUniqueTextField@64ea286a]" classname="com.dotmarketing.portlets.contentlet.business.ContentletAPITest" time="0.892"/>
  <testcase name="testUniqueTextFieldContentlets[7: com.dotmarketing.portlets.contentlet.business.ContentletAPITest$testCaseUniqueTextField@4ed6efcf]" classname="com.dotmarketing.portlets.contentlet.business.ContentletAPITest" time="1.694"/>
  <testcase name="testUniqueTextFieldContentlets[8: com.dotmarketing.portlets.contentlet.business.ContentletAPITest$testCaseUniqueTextField@586f44c2]" classname="com.dotmarketing.portlets.contentlet.business.ContentletAPITest" time="1.75"/>
  <testcase name="testCreateSelfJoinedRelationship_contentletAddedAsChild" classname="com.dotmarketing.portlets.contentlet.business.ContentletAPITest" time="1.847"/>
  <testcase name="copyContentletWithSeveralVersionsOrderIssue" classname="com.dotmarketing.portlets.contentlet.business.ContentletAPITest" time="6.036"/>
  <testcase name="unarchiveCollection" classname="com.dotmarketing.portlets.contentlet.business.ContentletAPITest" time="0.291"/>
  <testcase name="copyContentletWithFolder" classname="com.dotmarketing.portlets.contentlet.business.ContentletAPITest" time="1.377"/>
  <testcase name="test_findContentletByIdentifierOrFallback_existing_OnlySpanishWorking_fallback_true_expecting_English_true" classname="com.dotmarketing.portlets.contentlet.business.ContentletAPITest" time="1.221"/>
  <testcase name="test_findContentletByIdentifierOrFallback_existing_NonEnglish_WithSpanish_fallback_false_expecting_Spanish_true" classname="com.dotmarketing.portlets.contentlet.business.ContentletAPITest" time="1.083"/>
  <testcase name="testCheckin4_ExistingContentWithCats_NullCats_ShouldKeepExistingCats" classname="com.dotmarketing.portlets.contentlet.business.ContentletAPITest" time="1.549"/>
  <testcase name="testCheckin2_ExistingContentWithCats_EmptyCatsList_ShouldWipeExistingCats" classname="com.dotmarketing.portlets.contentlet.business.ContentletAPITest" time="1.527"/>
  <testcase name="unarchive" classname="com.dotmarketing.portlets.contentlet.business.ContentletAPITest" time="0.106"/>
  <testcase name="test_saveMultilingualFileAssetBasedOnLegacyFile_shouldKeepBinaryFile" classname="com.dotmarketing.portlets.contentlet.business.ContentletAPITest" time="0.001">
    <skipped/>
  </testcase>
  <testcase name="findContentlets" classname="com.dotmarketing.portlets.contentlet.business.ContentletAPITest" time="0.005"/>
  <testcase name="testCheckinWithoutVersioning_ShouldPreserveBinary_WhenOtherFieldsAreUpdated" classname="com.dotmarketing.portlets.contentlet.business.ContentletAPITest" time="1.717"/>
  <testcase name="deleteCollection" classname="com.dotmarketing.portlets.contentlet.business.ContentletAPITest" time="1.423"/>
  <testcase name="test_copyContentlet_contentletArchivedShouldCopyAsArchived" classname="com.dotmarketing.portlets.contentlet.business.ContentletAPITest" time="1.385"/>
  <testcase name="findContentletForLanguage" classname="com.dotmarketing.portlets.contentlet.business.ContentletAPITest" time="0.002"/>
  <testcase name="Test_Load_Field_Works_On_Contentlet_Saved_as_Json_Or_Saved_As_Columns" classname="com.dotmarketing.portlets.contentlet.business.ContentletAPITest" time="2.031"/>
  <testcase name="testCheckin3_ExistingContentWithRels_EmptyRels_ShouldWipeExistingRels" classname="com.dotmarketing.portlets.contentlet.business.ContentletAPITest" time="1.565"/>
  <testcase name="testCheckinDefaultActionsSkip" classname="com.dotmarketing.portlets.contentlet.business.ContentletAPITest" time="1.69"/>
  <testcase name="findByStructure" classname="com.dotmarketing.portlets.contentlet.business.ContentletAPITest" time="0.004"/>
  <testcase name="deleteMultipleContents" classname="com.dotmarketing.portlets.contentlet.business.ContentletAPITest" time="6.091"/>
  <testcase name="findAllContent" classname="com.dotmarketing.portlets.contentlet.business.ContentletAPITest" time="0.0">
    <skipped/>
  </testcase>
  <testcase name="findPageContentlets" classname="com.dotmarketing.portlets.contentlet.business.ContentletAPITest" time="0.001"/>
  <testcase name="getContentletReferences" classname="com.dotmarketing.portlets.contentlet.business.ContentletAPITest" time="3.54"/>
  <testcase name="copyContentletWithFolderAppendCopy" classname="com.dotmarketing.portlets.contentlet.business.ContentletAPITest" time="1.38"/>
  <testcase name="cleanTagField" classname="com.dotmarketing.portlets.contentlet.business.ContentletAPITest" time="0.013"/>
  <testcase name="saveContentWithExistingIdentifier" classname="com.dotmarketing.portlets.contentlet.business.ContentletAPITest" time="1.814"/>
  <testcase name="unpublish" classname="com.dotmarketing.portlets.contentlet.business.ContentletAPITest" time="0.115"/>
  <testcase name="testCheckin_Non_Existing_Identifier_With_Validate_Should_FAIL" classname="com.dotmarketing.portlets.contentlet.business.ContentletAPITest" time="0.025"/>
  <testcase name="copyContentletWithHost" classname="com.dotmarketing.portlets.contentlet.business.ContentletAPITest" time="1.411"/>
  <testcase name="testCheckinWithoutVersioning_ExistingContentWithCats_EmptyCats_ShouldWipeExistingCats" classname="com.dotmarketing.portlets.contentlet.business.ContentletAPITest" time="1.434"/>
  <testcase name="unpublishCollection" classname="com.dotmarketing.portlets.contentlet.business.ContentletAPITest" time="0.266"/>
  <testcase name="newVersionFileAssetLanguageDifferentThanDefault" classname="com.dotmarketing.portlets.contentlet.business.ContentletAPITest" time="0.386"/>
  <testcase name="testCheckinWithoutVersioning_ExistingContentWithRels_EmptyRels_ShouldWipeExistingRels" classname="com.dotmarketing.portlets.contentlet.business.ContentletAPITest" time="1.604"/>
  <testcase name="testCopyProperties_TypeWithTagField_shouldCopyTagFieldValue" classname="com.dotmarketing.portlets.contentlet.business.ContentletAPITest" time="1.246"/>
  <testcase name="testSearchFileAssetByMetadata" classname="com.dotmarketing.portlets.contentlet.business.ContentletAPITest" time="1.218"/>
  <testcase name="testCheckin4_ExistingContentWithCats_EmptyCatsList_ShouldWipeExistingCats" classname="com.dotmarketing.portlets.contentlet.business.ContentletAPITest" time="1.519"/>
  <testcase name="searchWithPermissions" classname="com.dotmarketing.portlets.contentlet.business.ContentletAPITest" time="0.008"/>
  <testcase name="getContentletReferences_PersonaIncluded" classname="com.dotmarketing.portlets.contentlet.business.ContentletAPITest" time="1.328"/>
  <testcase name="saveContentWithJSONField[0: ({} {}, {})]" classname="com.dotmarketing.portlets.contentlet.business.ContentletAPITest" time="1.226"/>
  <testcase name="saveContentWithJSONField[1: ({} LOL, {})]" classname="com.dotmarketing.portlets.contentlet.business.ContentletAPITest" time="1.236"/>
  <testcase name="getContentletReferences_FilterOutReferencesByContentLang" classname="com.dotmarketing.portlets.contentlet.business.ContentletAPITest" time="0.338"/>
  <testcase name="testDelete_GivenMultiLangMultiVersionContent_WhenDeletingOneSpanishVersion_ShouldDeleteAllSpanishVersions" classname="com.dotmarketing.portlets.contentlet.business.ContentletAPITest" time="1.487"/>
  <testcase name="test_getAllRelationships_checkOrdering_selfRelatedContentType" classname="com.dotmarketing.portlets.contentlet.business.ContentletAPITest" time="2.702"/>
  <testcase name="addLinkToContentlet" classname="com.dotmarketing.portlets.contentlet.business.ContentletAPITest" time="0.084"/>
  <testcase name="relateContent" classname="com.dotmarketing.portlets.contentlet.business.ContentletAPITest" time="1.807"/>
  <testcase name="findByStructureInode" classname="com.dotmarketing.portlets.contentlet.business.ContentletAPITest" time="0.01"/>
  <testcase name="testFileCopyOnSecondLanguageVersion" classname="com.dotmarketing.portlets.contentlet.business.ContentletAPITest" time="3.086"/>
  <testcase name="testUniqueTextFieldLiveAndWorkingWithDiffValues" classname="com.dotmarketing.portlets.contentlet.business.ContentletAPITest" time="4.663"/>
  <testcase name="test_validateContentlet_noErrors_whenRelationChainSameContentType" classname="com.dotmarketing.portlets.contentlet.business.ContentletAPITest" time="1.833"/>
  <testcase name="getAllRelationshipsByContentlet" classname="com.dotmarketing.portlets.contentlet.business.ContentletAPITest" time="1.821"/>
  <testcase name="relateContentDirect" classname="com.dotmarketing.portlets.contentlet.business.ContentletAPITest" time="1.73"/>
  <testcase name="testCheckin1_ExistingContentWithChildAndParentRels_NullRels_ShouldKeepExistingRels" classname="com.dotmarketing.portlets.contentlet.business.ContentletAPITest" time="3.091"/>
  <testcase name="test_findContentletByIdentifierOrFallback_existing_EnglishLive_WithSpanishWorking_fallback_true_expecting_English_true" classname="com.dotmarketing.portlets.contentlet.business.ContentletAPITest" time="1.39"/>
  <system-out><![CDATA[]]></system-out>
  <system-err><![CDATA[]]></system-err>
</testsuite>
