<?xml version="1.0" encoding="UTF-8"?>
<testsuite name="com.dotcms.rest.TagResourceIntegrationTest" tests="4" skipped="0" failures="0" errors="0" timestamp="2023-07-12T19:47:01" hostname="fv-az449-127" time="0.387">
  <properties/>
  <testcase name="testList[0: com.dotcms.rest.TagResourceTestCase@2c7fefb6]" classname="com.dotcms.rest.TagResourceIntegrationTest" time="0.307"/>
  <testcase name="testList[1: com.dotcms.rest.TagResourceTestCase@5cae19c5]" classname="com.dotcms.rest.TagResourceIntegrationTest" time="0.03"/>
  <testcase name="testList[2: com.dotcms.rest.TagResourceTestCase@33ee3619]" classname="com.dotcms.rest.TagResourceIntegrationTest" time="0.026"/>
  <testcase name="testList[3: com.dotcms.rest.TagResourceTestCase@56e1d07a]" classname="com.dotcms.rest.TagResourceIntegrationTest" time="0.024"/>
  <system-out><![CDATA[]]></system-out>
  <system-err><![CDATA[Jul 12, 2023 7:47:01 PM com.dotcms.repackage.org.hibernate.validator.internal.util.Version <clinit>
INFO: HV000001: Hibernate Validator 4.3.2.Final
]]></system-err>
</testsuite>
