<?xml version="1.0" encoding="UTF-8"?>
<testsuite name="com.dotmarketing.business.DeterministicIdentifierAPITest" tests="16" skipped="0" failures="0" errors="0" timestamp="2023-06-23T22:20:22" hostname="fv-az627-978" time="1.377">
  <properties/>
  <testcase name="Test_Category_Path_Seed_And_Id" classname="com.dotmarketing.business.DeterministicIdentifierAPITest" time="0.019"/>
  <testcase name="Test_Language_Deterministic_Id[0: LanguageTestCase{expectedSeed='Language:es:US', expectedHash=4913155, langCode='es', countryCode='US', country='United States'}]" classname="com.dotmarketing.business.DeterministicIdentifierAPITest" time="0.001"/>
  <testcase name="Test_Language_Deterministic_Id[1: LanguageTestCase{expectedSeed='Language:ep:', expectedHash=5292269, langCode='ep', countryCode='', country=''}]" classname="com.dotmarketing.business.DeterministicIdentifierAPITest" time="0.001"/>
  <testcase name="Test_Language_Deterministic_Id[2: LanguageTestCase{expectedSeed='Language:sg:SAG', expectedHash=4713118, langCode='sg', countryCode='SAG', country=''}]" classname="com.dotmarketing.business.DeterministicIdentifierAPITest" time="0.001"/>
  <testcase name="Test_Language_Deterministic_Id[3: LanguageTestCase{expectedSeed='Language:en:NZ', expectedHash=5382528, langCode='en', countryCode='NZ', country='New Zealand'}]" classname="com.dotmarketing.business.DeterministicIdentifierAPITest" time="0.001"/>
  <testcase name="Test_Category_None_Persisted_Category_Should_Return_Deterministic_Id" classname="com.dotmarketing.business.DeterministicIdentifierAPITest" time="0.001"/>
  <testcase name="Test_Asset_Generate_Deterministic_Id_Best_Effort[0: TestCase{versionable=my.host1687553395025.com, parent=System Host, expectedName='my.host1687553395025.com', expectedType='Host'}]" classname="com.dotmarketing.business.DeterministicIdentifierAPITest" time="0.002"/>
  <testcase name="Test_Asset_Generate_Deterministic_Id_Best_Effort[1: TestCase{versionable=com.dotmarketing.portlets.contentlet.model.Contentlet@1f82e598[map={modDate=2023-06-23 20:49:56.073, fileName=file2561863197126492364.txt, title=file2561863197126492364.txt, inode=32fe7ec7-5aec-40d9-942f-9ee9a7e98a61, __IS_NEW_CONTENT__=true, disabledWYSIWYG=[], host=ec864df2-d36e-45c0-9cd2-92da49ca0d02, stInode=33888b6f-7a8e-4069-b1b6-5c1aa9d0a48d, owner=system, identifier=b9b2b8c3-c503-4324-b380-52ccb385fb1f, nullProperties=[wfExpireDate, wfPublishDate, wfActionAssign, wfActionId, wfActionComments, filterKey, whereToSend, wfNeverExpire, _path_to_move, timezoneId, iWantTo, wfPublishTime, wfExpireTime], languageId=1, fileAsset=/home/runner/work/core/custom/assets/3/2/32fe7ec7-5aec-40d9-942f-9ee9a7e98a61/fileAsset/file2561863197126492364.txt, folder=7fe50c58-4aa2-4588-ae00-b397e8bcf7ec, __disable_workflow__=true, sortOrder=0, modUser=system},lowIndexPriority=false,variantId=DEFAULT], parent=com.dotmarketing.portlets.folders.model.Folder@34416529[identifier=7fe50c58-4aa2-4588-ae00-b397e8bcf7ec,name=testName1687553396066,sortOrder=0,showOnMenu=false,hostId=ec864df2-d36e-45c0-9cd2-92da49ca0d02,type=folder,title=testTitle1687553396066,filesMasks=,defaultFileType=33888b6f-7a8e-4069-b1b6-5c1aa9d0a48d,modDate=2023-06-23 20:49:56.069,owner=&lt;null&gt;,iDate=2023-06-23 20:49:56.07,inode=7fe50c58-4aa2-4588-ae00-b397e8bcf7ec,path=/testName1687553396066/], expectedName='file2561863197126492364.txt', expectedType='FileAsset'}]" classname="com.dotmarketing.business.DeterministicIdentifierAPITest" time="0.002"/>
  <testcase name="Test_Asset_Generate_Deterministic_Id_Best_Effort[2: TestCase{versionable=com.dotmarketing.portlets.templates.model.Template@23eb1f, parent=my.host1687553395025.com, expectedName='testTitle1687553396137', expectedType='Template'}]" classname="com.dotmarketing.business.DeterministicIdentifierAPITest" time="0.002"/>
  <testcase name="Test_Asset_Generate_Deterministic_Id_Best_Effort[3: TestCase{versionable=com.dotmarketing.portlets.htmlpageasset.model.HTMLPageAsset@532eff70[map={template=6f736d5f-932a-47a7-a25f-bb2339ae831f, owner=system, identifier=1c1f38bb-eef6-4607-bac6-5d9cfb482dd7, nullProperties=[wfExpireDate, wfPublishDate, wfActionAssign, wfActionId, wfActionComments, filterKey, whereToSend, wfNeverExpire, _path_to_move, timezoneId, iWantTo, wfPublishTime, wfExpireTime], modDate=2023-06-23 20:49:56.153, cachettl=0, _is_test_mode=true, languageId=1, title=test-page-title-1687553396148, httpsreq=, url=test-page-url-1687553396148, showOnMenu=, inode=d271d96a-9477-442d-a690-842d52316b50, folder=7fe50c58-4aa2-4588-ae00-b397e8bcf7ec, disabledWYSIWYG=[], sortOrder=1, modUser=system, host=ec864df2-d36e-45c0-9cd2-92da49ca0d02, stInode=c541abb1-69b3-4bc5-8430-5e09e5239cc8, friendlyName=test-page-friendly-name-1687553396148},lowIndexPriority=false,variantId=DEFAULT], parent=com.dotmarketing.portlets.folders.model.Folder@34416529[identifier=7fe50c58-4aa2-4588-ae00-b397e8bcf7ec,name=testName1687553396066,sortOrder=0,showOnMenu=false,hostId=ec864df2-d36e-45c0-9cd2-92da49ca0d02,type=folder,title=testTitle1687553396066,filesMasks=,defaultFileType=33888b6f-7a8e-4069-b1b6-5c1aa9d0a48d,modDate=2023-06-23 20:49:56.069,owner=&lt;null&gt;,iDate=2023-06-23 20:49:56.07,inode=7fe50c58-4aa2-4588-ae00-b397e8bcf7ec,path=/testName1687553396066/], expectedName='test-page-url-1687553396148', expectedType='htmlpageasset'}]" classname="com.dotmarketing.business.DeterministicIdentifierAPITest" time="0.002"/>
  <testcase name="Test_Asset_Generate_Deterministic_Id_Best_Effort[4: TestCase{versionable=com.dotmarketing.portlets.contentlet.model.Contentlet@1fa779e[map={fileAsset2=/home/runner/work/core/custom/assets/0/4/0450617b-82ef-4abf-9853-dec1983d4272/fileAsset2/test_binary1687553397051.png, modDate=2023-06-23 20:49:57.055, fileAsset1=/home/runner/work/core/custom/assets/0/4/0450617b-82ef-4abf-9853-dec1983d4272/fileAsset1/test_binary1687553397050.jpg, title=blah, inode=0450617b-82ef-4abf-9853-dec1983d4272, __IS_NEW_CONTENT__=true, disabledWYSIWYG=[], host=8a7d5e23-da1e-420a-b4f0-471e7da8ea2d, stInode=5645a049-f47c-4468-bbd0-22accc4c23a0, owner=system, identifier=96419959-5a39-4654-a481-bf8526a4ebea, nullProperties=[], languageId=1, image1=37ddfef9-c432-4f4d-b138-b8cbf1bf947a, folder=SYSTEM_FOLDER, __disable_workflow__=true, sortOrder=0, modUser=system},lowIndexPriority=false,variantId=DEFAULT], parent=default, expectedName='test_binary1687553397050.jpg:test_binary1687553397051.png', expectedType='MultipleBinaries1687553396290'}]" classname="com.dotmarketing.business.DeterministicIdentifierAPITest" time="0.005"/>
  <testcase name="Test_Asset_Generate_Deterministic_Id_Best_Effort[5: TestCase{versionable=namee69383919a : keyTage69383919a, parent=my.host1687553395025.com, expectedName='keyTage69383919a', expectedType='persona'}]" classname="com.dotmarketing.business.DeterministicIdentifierAPITest" time="0.009"/>
  <testcase name="Test_Similar_Content_Type_Wont_Clash" classname="com.dotmarketing.business.DeterministicIdentifierAPITest" time="0.432"/>
  <testcase name="Test_Generate_Folder_Identifier" classname="com.dotmarketing.business.DeterministicIdentifierAPITest" time="0.883"/>
  <testcase name="Test_Generate_Content_Type_Identifier[0: ContentTypeTestCase{contentType=KeyValueContentType{name=Language Variable, id=f4d7c1b8-2c88-4071-abf1-a5328977b07d, description=Default Content Type for Language Variables, defaultType=false, fixed=true, iDate=Thu Aug 31 16:38:49 UTC 2017, system=true, versionable=true, variable=Languagevariable, modDate=Fri Jun 23 20:46:42 UTC 2023, host=SYSTEM_HOST, siteName=systemHost, icon=language, sortOrder=0, folder=SYSTEM_FOLDER, folderPath=/, markedForDeletion=false, multilingualable=false}, expectedName='Languagevariable', expectedType='KeyValue'}]" classname="com.dotmarketing.business.DeterministicIdentifierAPITest" time="0.007"/>
  <testcase name="Test_Generate_Content_Type_Identifier[1: ContentTypeTestCase{contentType=SimpleContentType{name=testName1687553397327, id=3d710e26-6e03-476d-aeda-f486a56e4241, description=testDescription1687553397327, defaultType=false, fixed=false, iDate=Fri Jun 23 20:49:57 UTC 2023, system=false, versionable=true, multilingualable=false, variable=testVarname1687553397327, owner=system, modDate=Fri Jun 23 20:49:57 UTC 2023, host=8a7d5e23-da1e-420a-b4f0-471e7da8ea2d, siteName=default, icon=event_note, sortOrder=0, folder=SYSTEM_FOLDER, folderPath=/, requiredFields=[], markedForDeletion=false}, expectedName='testVarname1687553397327', expectedType='CONTENT'}]" classname="com.dotmarketing.business.DeterministicIdentifierAPITest" time="0.006"/>
  <system-out><![CDATA[]]></system-out>
  <system-err><![CDATA[]]></system-err>
</testsuite>
