<?xml version="1.0" encoding="UTF-8"?>
<testsuite name="com.dotcms.rest.TagResourceIntegrationTest" tests="4" skipped="0" failures="0" errors="0" timestamp="2023-06-28T03:26:02" hostname="fv-az1028-708" time="0.249">
  <properties/>
  <testcase name="testList[0: com.dotcms.rest.TagResourceTestCase@66f6f4f9]" classname="com.dotcms.rest.TagResourceIntegrationTest" time="0.207"/>
  <testcase name="testList[1: com.dotcms.rest.TagResourceTestCase@785b0d5d]" classname="com.dotcms.rest.TagResourceIntegrationTest" time="0.015"/>
  <testcase name="testList[2: com.dotcms.rest.TagResourceTestCase@205e6df6]" classname="com.dotcms.rest.TagResourceIntegrationTest" time="0.012"/>
  <testcase name="testList[3: com.dotcms.rest.TagResourceTestCase@71d68ce]" classname="com.dotcms.rest.TagResourceIntegrationTest" time="0.014"/>
  <system-out><![CDATA[]]></system-out>
  <system-err><![CDATA[Jun 28, 2023 3:26:02 AM com.dotcms.repackage.org.hibernate.validator.internal.util.Version <clinit>
INFO: HV000001: Hibernate Validator 4.3.2.Final
]]></system-err>
</testsuite>
