<?xml version="1.0" encoding="UTF-8"?>
<testsuite name="com.dotcms.contenttype.test.ContentTypeResourceTest" tests="10" skipped="0" failures="0" errors="0" timestamp="2023-07-14T18:15:07" hostname="fv-az617-846" time="18.327">
  <properties/>
  <testcase name="testJson[0: empty-widget.json]" classname="com.dotcms.contenttype.test.ContentTypeResourceTest" time="3.078"/>
  <testcase name="testJson[1: page-content-type.json]" classname="com.dotcms.contenttype.test.ContentTypeResourceTest" time="4.1"/>
  <testcase name="testJson[2: content-type-object.json]" classname="com.dotcms.contenttype.test.ContentTypeResourceTest" time="1.477"/>
  <testcase name="testJson[3: content-type-array-insert.json]" classname="com.dotcms.contenttype.test.ContentTypeResourceTest" time="2.403"/>
  <testcase name="testJson[4: persona-type-object.json]" classname="com.dotcms.contenttype.test.ContentTypeResourceTest" time="2.428"/>
  <testcase name="testJson[5: widget-type-object.json]" classname="com.dotcms.contenttype.test.ContentTypeResourceTest" time="1.666"/>
  <testcase name="testJson[6: file-asset.json]" classname="com.dotcms.contenttype.test.ContentTypeResourceTest" time="1.732"/>
  <testcase name="testJson[7: content-type-object-insert.json]" classname="com.dotcms.contenttype.test.ContentTypeResourceTest" time="1.44"/>
  <testcase name="test_setHostAndFolderAsIdentifer_with_null" classname="com.dotcms.contenttype.test.ContentTypeResourceTest" time="0.0"/>
  <testcase name="test_setHostAndFolderAsIdentifer_with_System_Host" classname="com.dotcms.contenttype.test.ContentTypeResourceTest" time="0.003"/>
  <system-out><![CDATA[]]></system-out>
  <system-err><![CDATA[]]></system-err>
</testsuite>
