<?xml version="1.0" encoding="UTF-8"?>
<testsuite name="com.dotcms.storage.Chainable4040StorageCacheTest" tests="1" skipped="0" failures="0" errors="0" timestamp="2023-07-17T23:57:32" hostname="fv-az442-90" time="0.003">
  <properties/>
  <testcase name="Test_Cache" classname="com.dotcms.storage.Chainable4040StorageCacheTest" time="0.003"/>
  <system-out><![CDATA[]]></system-out>
  <system-err><![CDATA[]]></system-err>
</testsuite>
