<?xml version="1.0" encoding="UTF-8"?>
<testsuite name="com.dotmarketing.startup.runonce.Task210805DropUserProxyTableTest" tests="1" skipped="0" failures="0" errors="0" timestamp="2023-06-23T22:40:27" hostname="fv-az397-542" time="0.009">
  <properties/>
  <testcase name="testUpgradeTask" classname="com.dotmarketing.startup.runonce.Task210805DropUserProxyTableTest" time="0.009"/>
  <system-out><![CDATA[]]></system-out>
  <system-err><![CDATA[]]></system-err>
</testsuite>
