<?xml version="1.0" encoding="UTF-8"?>
<testsuite name="com.dotcms.integritycheckers.HostIntegrityCheckerTest" tests="6" skipped="0" failures="0" errors="0" timestamp="2023-06-26T21:39:49" hostname="fv-az1241-672" time="4.083">
  <properties/>
  <testcase name="test_getIntegrityType" classname="com.dotcms.integritycheckers.HostIntegrityCheckerTest" time="0.001"/>
  <testcase name="test_generateIntegrityResults[0: true]" classname="com.dotcms.integritycheckers.HostIntegrityCheckerTest" time="0.975"/>
  <testcase name="test_generateIntegrityResults[1: false]" classname="com.dotcms.integritycheckers.HostIntegrityCheckerTest" time="0.917"/>
  <testcase name="test_executeFix[0: true]" classname="com.dotcms.integritycheckers.HostIntegrityCheckerTest" time="1.02"/>
  <testcase name="test_executeFix[1: false]" classname="com.dotcms.integritycheckers.HostIntegrityCheckerTest" time="1.027"/>
  <testcase name="test_generateCSVFile" classname="com.dotcms.integritycheckers.HostIntegrityCheckerTest" time="0.143"/>
  <system-out><![CDATA[]]></system-out>
  <system-err><![CDATA[]]></system-err>
</testsuite>
