<?xml version="1.0" encoding="UTF-8"?>
<testsuite name="com.dotmarketing.startup.runonce.Task05305AddPushPublishFilterColumnTest" tests="1" skipped="0" failures="0" errors="0" timestamp="2023-07-07T17:54:36" hostname="fv-az617-548" time="0.01">
  <properties/>
  <testcase name="test_upgradeTask_success" classname="com.dotmarketing.startup.runonce.Task05305AddPushPublishFilterColumnTest" time="0.01"/>
  <system-out><![CDATA[]]></system-out>
  <system-err><![CDATA[]]></system-err>
</testsuite>
