<?xml version="1.0" encoding="UTF-8"?>
<testsuite name="com.dotmarketing.portlets.templates.business.TemplateAPITest" tests="44" skipped="0" failures="0" errors="0" timestamp="2023-07-15T00:41:57" hostname="fv-az617-846" time="38.415">
  <properties/>
  <testcase name="saveDraftTemplate_inodeNotExists_success" classname="com.dotmarketing.portlets.templates.business.TemplateAPITest" time="0.618"/>
  <testcase name="publishTemplate_expects_live_true" classname="com.dotmarketing.portlets.templates.business.TemplateAPITest" time="0.011"/>
  <testcase name="getContainersUUIDFromDrawTemplateBodyTest" classname="com.dotmarketing.portlets.templates.business.TemplateAPITest" time="0.001"/>
  <testcase name="findPagesByTemplate" classname="com.dotmarketing.portlets.templates.business.TemplateAPITest" time="1.996"/>
  <testcase name="testFindTemplatesUserCanUse_IncludeUniqueFilter_ShouldListOnlyOneResult" classname="com.dotmarketing.portlets.templates.business.TemplateAPITest" time="0.034"/>
  <testcase name="delete" classname="com.dotmarketing.portlets.templates.business.TemplateAPITest" time="0.046"/>
  <testcase name="test_find_inode_not_exist_return_Null" classname="com.dotmarketing.portlets.templates.business.TemplateAPITest" time="0.001"/>
  <testcase name="getContainersUUIDFromDrawTemplateBodyDoubleCommasTest" classname="com.dotmarketing.portlets.templates.business.TemplateAPITest" time="0.0"/>
  <testcase name="justOnePageVersion" classname="com.dotmarketing.portlets.templates.business.TemplateAPITest" time="2.048"/>
  <testcase name="severalPageVersionLang" classname="com.dotmarketing.portlets.templates.business.TemplateAPITest" time="2.906"/>
  <testcase name="testFindWorkingTemplateNoNPE" classname="com.dotmarketing.portlets.templates.business.TemplateAPITest" time="0.001"/>
  <testcase name="test_saveTemplate_limitedUser_success" classname="com.dotmarketing.portlets.templates.business.TemplateAPITest" time="3.047"/>
  <testcase name="test_findAllVersions_IdentifierNotBelongToTemplate_returnEmptyList" classname="com.dotmarketing.portlets.templates.business.TemplateAPITest" time="0.009"/>
  <testcase name="testFindTemplatesNoLayout" classname="com.dotmarketing.portlets.templates.business.TemplateAPITest" time="0.085"/>
  <testcase name="unpublishTemplate_expects_live_false" classname="com.dotmarketing.portlets.templates.business.TemplateAPITest" time="0.012"/>
  <testcase name="testFindTemplatesAssignedTo" classname="com.dotmarketing.portlets.templates.business.TemplateAPITest" time="0.02"/>
  <testcase name="test_find_success" classname="com.dotmarketing.portlets.templates.business.TemplateAPITest" time="0.01"/>
  <testcase name="archiveTemplate_expects_archive_true" classname="com.dotmarketing.portlets.templates.business.TemplateAPITest" time="0.009"/>
  <testcase name="testFindTemplates" classname="com.dotmarketing.portlets.templates.business.TemplateAPITest" time="0.019"/>
  <testcase name="archiveTemplate_expects_unarchive_true" classname="com.dotmarketing.portlets.templates.business.TemplateAPITest" time="0.012"/>
  <testcase name="test_newTemplate_checkIfSavesOwnerAndCreateDateOnIdentifier" classname="com.dotmarketing.portlets.templates.business.TemplateAPITest" time="0.01"/>
  <testcase name="getContainersUUIDFromDrawTemplateBodyTestNullInput" classname="com.dotmarketing.portlets.templates.business.TemplateAPITest" time="0.001"/>
  <testcase name="getTemplateByFolder_fileTemplate_success" classname="com.dotmarketing.portlets.templates.business.TemplateAPITest" time="2.149"/>
  <testcase name="findLiveTemplate" classname="com.dotmarketing.portlets.templates.business.TemplateAPITest" time="0.017"/>
  <testcase name="test_getContainersInTemplate_success" classname="com.dotmarketing.portlets.templates.business.TemplateAPITest" time="1.948"/>
  <testcase name="test_findAllVersions_success" classname="com.dotmarketing.portlets.templates.business.TemplateAPITest" time="0.019"/>
  <testcase name="testFindWorkingTemplateByName" classname="com.dotmarketing.portlets.templates.business.TemplateAPITest" time="1.016"/>
  <testcase name="test_saveTemplate_limitedUser_noEnoughPermissions_fail" classname="com.dotmarketing.portlets.templates.business.TemplateAPITest" time="1.771"/>
  <testcase name="copyTemplate" classname="com.dotmarketing.portlets.templates.business.TemplateAPITest" time="0.056"/>
  <testcase name="saveDraftTemplate_lastUpdatedUserIsNotTheSame_success" classname="com.dotmarketing.portlets.templates.business.TemplateAPITest" time="2.978"/>
  <testcase name="setThemeNameNull" classname="com.dotmarketing.portlets.templates.business.TemplateAPITest" time="0.009"/>
  <testcase name="severalPageVersionVariant" classname="com.dotmarketing.portlets.templates.business.TemplateAPITest" time="2.735"/>
  <testcase name="test_saveTemplate_editExistingTemplate" classname="com.dotmarketing.portlets.templates.business.TemplateAPITest" time="1.845"/>
  <testcase name="test_saveTemplate_newTemplate" classname="com.dotmarketing.portlets.templates.business.TemplateAPITest" time="0.494"/>
  <testcase name="severalPages" classname="com.dotmarketing.portlets.templates.business.TemplateAPITest" time="2.29"/>
  <testcase name="testFindLiveTemplateNoNPE" classname="com.dotmarketing.portlets.templates.business.TemplateAPITest" time="0.001"/>
  <testcase name="setThemeName" classname="com.dotmarketing.portlets.templates.business.TemplateAPITest" time="1.751"/>
  <testcase name="saveDraftTemplate_success" classname="com.dotmarketing.portlets.templates.business.TemplateAPITest" time="1.097"/>
  <testcase name="getTemplateHost_fileTemplate_success" classname="com.dotmarketing.portlets.templates.business.TemplateAPITest" time="2.256"/>
  <testcase name="findWorkingTemplate_fileTemplate_success" classname="com.dotmarketing.portlets.templates.business.TemplateAPITest" time="2.037"/>
  <testcase name="saveDraftTemplate_identifierNotExists_success" classname="com.dotmarketing.portlets.templates.business.TemplateAPITest" time="0.76"/>
  <testcase name="findLiveTemplate_fileTemplate_success" classname="com.dotmarketing.portlets.templates.business.TemplateAPITest" time="2.275"/>
  <testcase name="setThemeNameDoesNotExists" classname="com.dotmarketing.portlets.templates.business.TemplateAPITest" time="0.01"/>
  <testcase name="getContainersUUIDFromDrawTemplateBodyLegacyTest" classname="com.dotmarketing.portlets.templates.business.TemplateAPITest" time="0.001"/>
  <system-out><![CDATA[]]></system-out>
  <system-err><![CDATA[]]></system-err>
</testsuite>
