<?xml version="1.0" encoding="UTF-8"?>
<testsuite name="com.dotcms.contenttype.test.KeyValueFieldUtilTest" tests="6" skipped="0" failures="0" errors="0" timestamp="2023-07-07T18:16:34" hostname="fv-az1131-394" time="0.038">
  <properties/>
  <testcase name="testInvalidJsonKeyValueMap" classname="com.dotcms.contenttype.test.KeyValueFieldUtilTest" time="0.026"/>
  <testcase name="testJsonKeyValueMap" classname="com.dotcms.contenttype.test.KeyValueFieldUtilTest" time="0.001"/>
  <testcase name="testJsonKeyValueMapAgainstContentletTextArea1" classname="com.dotcms.contenttype.test.KeyValueFieldUtilTest" time="0.003"/>
  <testcase name="testJsonKeyValueMapWithBackslash" classname="com.dotcms.contenttype.test.KeyValueFieldUtilTest" time="0.001"/>
  <testcase name="testJsonKeyValueMapWithNoQuotes" classname="com.dotcms.contenttype.test.KeyValueFieldUtilTest" time="0.001"/>
  <testcase name="testJsonKeyValueOrderPreserved" classname="com.dotcms.contenttype.test.KeyValueFieldUtilTest" time="0.005"/>
  <system-out><![CDATA[]]></system-out>
  <system-err><![CDATA[]]></system-err>
</testsuite>
