<?xml version="1.0" encoding="UTF-8"?>
<testsuite name="com.dotcms.rest.TagResourceIntegrationTest" tests="4" skipped="0" failures="0" errors="0" timestamp="2023-06-28T00:12:45" hostname="fv-az573-179" time="0.374">
  <properties/>
  <testcase name="testList[0: com.dotcms.rest.TagResourceTestCase@79f27bd4]" classname="com.dotcms.rest.TagResourceIntegrationTest" time="0.29"/>
  <testcase name="testList[1: com.dotcms.rest.TagResourceTestCase@6eb1be91]" classname="com.dotcms.rest.TagResourceIntegrationTest" time="0.028"/>
  <testcase name="testList[2: com.dotcms.rest.TagResourceTestCase@77b1cdd6]" classname="com.dotcms.rest.TagResourceIntegrationTest" time="0.031"/>
  <testcase name="testList[3: com.dotcms.rest.TagResourceTestCase@543e0d32]" classname="com.dotcms.rest.TagResourceIntegrationTest" time="0.024"/>
  <system-out><![CDATA[]]></system-out>
  <system-err><![CDATA[Jun 28, 2023 12:12:45 AM com.dotcms.repackage.org.hibernate.validator.internal.util.Version <clinit>
INFO: HV000001: Hibernate Validator 4.3.2.Final
]]></system-err>
</testsuite>
