<?xml version="1.0" encoding="UTF-8"?>
<testsuite name="com.dotcms.rendering.velocity.viewtools.content.util.ContentUtilsTest" tests="89" skipped="0" failures="0" errors="0" timestamp="2023-07-18T18:21:11" hostname="fv-az455-56" time="433.343">
  <properties/>
  <testcase name="whenTheTimeMachineDateIsNullAndPublishDateInFutureShouldNotReturnAnything" classname="com.dotcms.rendering.velocity.viewtools.content.util.ContentUtilsTest" time="3.671"/>
  <testcase name="test_find_multilingual_contentlet_getContentletSuccessfully" classname="com.dotcms.rendering.velocity.viewtools.content.util.ContentUtilsTest" time="1.45"/>
  <testcase name="whenTheTimeMachineDateAndPublishDateAreTomorrowShouldReturnOneContent" classname="com.dotcms.rendering.velocity.viewtools.content.util.ContentUtilsTest" time="3.759"/>
  <testcase name="testPullRelated[0: com.dotcms.rendering.velocity.viewtools.content.util.ContentUtilsTest$TestCase@7790b33d]" classname="com.dotcms.rendering.velocity.viewtools.content.util.ContentUtilsTest" time="3.415"/>
  <testcase name="testPullRelated[1: com.dotcms.rendering.velocity.viewtools.content.util.ContentUtilsTest$TestCase@46c8548f]" classname="com.dotcms.rendering.velocity.viewtools.content.util.ContentUtilsTest" time="4.91"/>
  <testcase name="testPullRelated[2: com.dotcms.rendering.velocity.viewtools.content.util.ContentUtilsTest$TestCase@2d3bea7]" classname="com.dotcms.rendering.velocity.viewtools.content.util.ContentUtilsTest" time="4.318"/>
  <testcase name="testPullRelated[3: com.dotcms.rendering.velocity.viewtools.content.util.ContentUtilsTest$TestCase@7269b5cd]" classname="com.dotcms.rendering.velocity.viewtools.content.util.ContentUtilsTest" time="3.943"/>
  <testcase name="testPullRelated[4: com.dotcms.rendering.velocity.viewtools.content.util.ContentUtilsTest$TestCase@12f9e6]" classname="com.dotcms.rendering.velocity.viewtools.content.util.ContentUtilsTest" time="4.199"/>
  <testcase name="testPullRelated[5: com.dotcms.rendering.velocity.viewtools.content.util.ContentUtilsTest$TestCase@47aa947]" classname="com.dotcms.rendering.velocity.viewtools.content.util.ContentUtilsTest" time="3.905"/>
  <testcase name="testPullRelated[6: com.dotcms.rendering.velocity.viewtools.content.util.ContentUtilsTest$TestCase@1bc319e9]" classname="com.dotcms.rendering.velocity.viewtools.content.util.ContentUtilsTest" time="3.377"/>
  <testcase name="testPullRelated[7: com.dotcms.rendering.velocity.viewtools.content.util.ContentUtilsTest$TestCase@24bb0081]" classname="com.dotcms.rendering.velocity.viewtools.content.util.ContentUtilsTest" time="4.151"/>
  <testcase name="testPullRelated[8: com.dotcms.rendering.velocity.viewtools.content.util.ContentUtilsTest$TestCase@33710039]" classname="com.dotcms.rendering.velocity.viewtools.content.util.ContentUtilsTest" time="4.658"/>
  <testcase name="testPullRelated[9: com.dotcms.rendering.velocity.viewtools.content.util.ContentUtilsTest$TestCase@6210b781]" classname="com.dotcms.rendering.velocity.viewtools.content.util.ContentUtilsTest" time="4.301"/>
  <testcase name="testPullRelated[10: com.dotcms.rendering.velocity.viewtools.content.util.ContentUtilsTest$TestCase@611ff67b]" classname="com.dotcms.rendering.velocity.viewtools.content.util.ContentUtilsTest" time="3.437"/>
  <testcase name="testPullRelated[11: com.dotcms.rendering.velocity.viewtools.content.util.ContentUtilsTest$TestCase@1ddc5dd1]" classname="com.dotcms.rendering.velocity.viewtools.content.util.ContentUtilsTest" time="3.921"/>
  <testcase name="testPullRelated[12: com.dotcms.rendering.velocity.viewtools.content.util.ContentUtilsTest$TestCase@2697f69b]" classname="com.dotcms.rendering.velocity.viewtools.content.util.ContentUtilsTest" time="4.999"/>
  <testcase name="testPullRelated[13: com.dotcms.rendering.velocity.viewtools.content.util.ContentUtilsTest$TestCase@415cf177]" classname="com.dotcms.rendering.velocity.viewtools.content.util.ContentUtilsTest" time="4.116"/>
  <testcase name="testPullRelated[14: com.dotcms.rendering.velocity.viewtools.content.util.ContentUtilsTest$TestCase@5fee6b09]" classname="com.dotcms.rendering.velocity.viewtools.content.util.ContentUtilsTest" time="4.379"/>
  <testcase name="testPullRelated[15: com.dotcms.rendering.velocity.viewtools.content.util.ContentUtilsTest$TestCase@20a397f0]" classname="com.dotcms.rendering.velocity.viewtools.content.util.ContentUtilsTest" time="3.506"/>
  <testcase name="testPullRelated[16: com.dotcms.rendering.velocity.viewtools.content.util.ContentUtilsTest$TestCase@39998e51]" classname="com.dotcms.rendering.velocity.viewtools.content.util.ContentUtilsTest" time="4.283"/>
  <testcase name="testPullRelated[17: com.dotcms.rendering.velocity.viewtools.content.util.ContentUtilsTest$TestCase@1f68075c]" classname="com.dotcms.rendering.velocity.viewtools.content.util.ContentUtilsTest" time="2.997"/>
  <testcase name="testPullRelated[18: com.dotcms.rendering.velocity.viewtools.content.util.ContentUtilsTest$TestCase@3372819b]" classname="com.dotcms.rendering.velocity.viewtools.content.util.ContentUtilsTest" time="4.161"/>
  <testcase name="testPullRelated[19: com.dotcms.rendering.velocity.viewtools.content.util.ContentUtilsTest$TestCase@fd28c12]" classname="com.dotcms.rendering.velocity.viewtools.content.util.ContentUtilsTest" time="2.938"/>
  <testcase name="testPullRelated[20: com.dotcms.rendering.velocity.viewtools.content.util.ContentUtilsTest$TestCase@7a4c70bf]" classname="com.dotcms.rendering.velocity.viewtools.content.util.ContentUtilsTest" time="4.313"/>
  <testcase name="testPullRelated[21: com.dotcms.rendering.velocity.viewtools.content.util.ContentUtilsTest$TestCase@25c1da4d]" classname="com.dotcms.rendering.velocity.viewtools.content.util.ContentUtilsTest" time="3.806"/>
  <testcase name="testPullRelated[22: com.dotcms.rendering.velocity.viewtools.content.util.ContentUtilsTest$TestCase@218f937]" classname="com.dotcms.rendering.velocity.viewtools.content.util.ContentUtilsTest" time="4.522"/>
  <testcase name="testPullRelated[23: com.dotcms.rendering.velocity.viewtools.content.util.ContentUtilsTest$TestCase@19b1477a]" classname="com.dotcms.rendering.velocity.viewtools.content.util.ContentUtilsTest" time="5.211"/>
  <testcase name="testPullRelated[24: com.dotcms.rendering.velocity.viewtools.content.util.ContentUtilsTest$TestCase@e1157b]" classname="com.dotcms.rendering.velocity.viewtools.content.util.ContentUtilsTest" time="3.768"/>
  <testcase name="testPullRelated[25: com.dotcms.rendering.velocity.viewtools.content.util.ContentUtilsTest$TestCase@2bd9b498]" classname="com.dotcms.rendering.velocity.viewtools.content.util.ContentUtilsTest" time="4.104"/>
  <testcase name="testPullRelated[26: com.dotcms.rendering.velocity.viewtools.content.util.ContentUtilsTest$TestCase@6e4d2195]" classname="com.dotcms.rendering.velocity.viewtools.content.util.ContentUtilsTest" time="4.082"/>
  <testcase name="testPullRelated[27: com.dotcms.rendering.velocity.viewtools.content.util.ContentUtilsTest$TestCase@7dd431b1]" classname="com.dotcms.rendering.velocity.viewtools.content.util.ContentUtilsTest" time="5.313"/>
  <testcase name="testPullRelated[28: com.dotcms.rendering.velocity.viewtools.content.util.ContentUtilsTest$TestCase@7596b9bd]" classname="com.dotcms.rendering.velocity.viewtools.content.util.ContentUtilsTest" time="4.557"/>
  <testcase name="testPullRelated[29: com.dotcms.rendering.velocity.viewtools.content.util.ContentUtilsTest$TestCase@130dbee3]" classname="com.dotcms.rendering.velocity.viewtools.content.util.ContentUtilsTest" time="4.207"/>
  <testcase name="testPullRelated[30: com.dotcms.rendering.velocity.viewtools.content.util.ContentUtilsTest$TestCase@144b649e]" classname="com.dotcms.rendering.velocity.viewtools.content.util.ContentUtilsTest" time="3.983"/>
  <testcase name="testPullRelated[31: com.dotcms.rendering.velocity.viewtools.content.util.ContentUtilsTest$TestCase@48ce961f]" classname="com.dotcms.rendering.velocity.viewtools.content.util.ContentUtilsTest" time="4.074"/>
  <testcase name="testPullRelated[32: com.dotcms.rendering.velocity.viewtools.content.util.ContentUtilsTest$TestCase@85595ea]" classname="com.dotcms.rendering.velocity.viewtools.content.util.ContentUtilsTest" time="4.143"/>
  <testcase name="testPullRelated[33: com.dotcms.rendering.velocity.viewtools.content.util.ContentUtilsTest$TestCase@7651d8a5]" classname="com.dotcms.rendering.velocity.viewtools.content.util.ContentUtilsTest" time="4.013"/>
  <testcase name="testPullRelated[34: com.dotcms.rendering.velocity.viewtools.content.util.ContentUtilsTest$TestCase@39f12d65]" classname="com.dotcms.rendering.velocity.viewtools.content.util.ContentUtilsTest" time="4.204"/>
  <testcase name="testPullRelated[35: com.dotcms.rendering.velocity.viewtools.content.util.ContentUtilsTest$TestCase@5b32a2a]" classname="com.dotcms.rendering.velocity.viewtools.content.util.ContentUtilsTest" time="4.187"/>
  <testcase name="testPullRelated[36: com.dotcms.rendering.velocity.viewtools.content.util.ContentUtilsTest$TestCase@216d05b3]" classname="com.dotcms.rendering.velocity.viewtools.content.util.ContentUtilsTest" time="6.982"/>
  <testcase name="testPullRelated[37: com.dotcms.rendering.velocity.viewtools.content.util.ContentUtilsTest$TestCase@590175cb]" classname="com.dotcms.rendering.velocity.viewtools.content.util.ContentUtilsTest" time="6.187"/>
  <testcase name="testPullRelated[38: com.dotcms.rendering.velocity.viewtools.content.util.ContentUtilsTest$TestCase@69abe18b]" classname="com.dotcms.rendering.velocity.viewtools.content.util.ContentUtilsTest" time="6.626"/>
  <testcase name="testPullRelated[39: com.dotcms.rendering.velocity.viewtools.content.util.ContentUtilsTest$TestCase@755574ee]" classname="com.dotcms.rendering.velocity.viewtools.content.util.ContentUtilsTest" time="6.694"/>
  <testcase name="testPullRelated[40: com.dotcms.rendering.velocity.viewtools.content.util.ContentUtilsTest$TestCase@3cdca76a]" classname="com.dotcms.rendering.velocity.viewtools.content.util.ContentUtilsTest" time="6.353"/>
  <testcase name="testPullRelated[41: com.dotcms.rendering.velocity.viewtools.content.util.ContentUtilsTest$TestCase@6e213217]" classname="com.dotcms.rendering.velocity.viewtools.content.util.ContentUtilsTest" time="7.121"/>
  <testcase name="testPullRelated[42: com.dotcms.rendering.velocity.viewtools.content.util.ContentUtilsTest$TestCase@58b031e1]" classname="com.dotcms.rendering.velocity.viewtools.content.util.ContentUtilsTest" time="7.424"/>
  <testcase name="testPullRelated[43: com.dotcms.rendering.velocity.viewtools.content.util.ContentUtilsTest$TestCase@69cdc1d]" classname="com.dotcms.rendering.velocity.viewtools.content.util.ContentUtilsTest" time="7.01"/>
  <testcase name="testPullRelated[44: com.dotcms.rendering.velocity.viewtools.content.util.ContentUtilsTest$TestCase@5f22cc53]" classname="com.dotcms.rendering.velocity.viewtools.content.util.ContentUtilsTest" time="7.05"/>
  <testcase name="testPullRelated[45: com.dotcms.rendering.velocity.viewtools.content.util.ContentUtilsTest$TestCase@3874fc2a]" classname="com.dotcms.rendering.velocity.viewtools.content.util.ContentUtilsTest" time="7.0"/>
  <testcase name="testPullRelated[46: com.dotcms.rendering.velocity.viewtools.content.util.ContentUtilsTest$TestCase@6112edfc]" classname="com.dotcms.rendering.velocity.viewtools.content.util.ContentUtilsTest" time="6.342"/>
  <testcase name="testPullRelated[47: com.dotcms.rendering.velocity.viewtools.content.util.ContentUtilsTest$TestCase@18eb9f7]" classname="com.dotcms.rendering.velocity.viewtools.content.util.ContentUtilsTest" time="7.211"/>
  <testcase name="testPullRelated[48: com.dotcms.rendering.velocity.viewtools.content.util.ContentUtilsTest$TestCase@4887adc1]" classname="com.dotcms.rendering.velocity.viewtools.content.util.ContentUtilsTest" time="5.643"/>
  <testcase name="testPullRelated[49: com.dotcms.rendering.velocity.viewtools.content.util.ContentUtilsTest$TestCase@570d9d57]" classname="com.dotcms.rendering.velocity.viewtools.content.util.ContentUtilsTest" time="6.33"/>
  <testcase name="testPullRelated[50: com.dotcms.rendering.velocity.viewtools.content.util.ContentUtilsTest$TestCase@2106e747]" classname="com.dotcms.rendering.velocity.viewtools.content.util.ContentUtilsTest" time="6.086"/>
  <testcase name="testPullRelated[51: com.dotcms.rendering.velocity.viewtools.content.util.ContentUtilsTest$TestCase@5533a391]" classname="com.dotcms.rendering.velocity.viewtools.content.util.ContentUtilsTest" time="5.189"/>
  <testcase name="testPullRelated[52: com.dotcms.rendering.velocity.viewtools.content.util.ContentUtilsTest$TestCase@20afe553]" classname="com.dotcms.rendering.velocity.viewtools.content.util.ContentUtilsTest" time="7.102"/>
  <testcase name="testPullRelated[53: com.dotcms.rendering.velocity.viewtools.content.util.ContentUtilsTest$TestCase@1b732334]" classname="com.dotcms.rendering.velocity.viewtools.content.util.ContentUtilsTest" time="5.955"/>
  <testcase name="testPullRelated[54: com.dotcms.rendering.velocity.viewtools.content.util.ContentUtilsTest$TestCase@d59c3c2]" classname="com.dotcms.rendering.velocity.viewtools.content.util.ContentUtilsTest" time="5.609"/>
  <testcase name="testPullRelated[55: com.dotcms.rendering.velocity.viewtools.content.util.ContentUtilsTest$TestCase@45bec6d3]" classname="com.dotcms.rendering.velocity.viewtools.content.util.ContentUtilsTest" time="5.945"/>
  <testcase name="testPullRelated[56: com.dotcms.rendering.velocity.viewtools.content.util.ContentUtilsTest$TestCase@1a64264a]" classname="com.dotcms.rendering.velocity.viewtools.content.util.ContentUtilsTest" time="7.36"/>
  <testcase name="testPullRelated[57: com.dotcms.rendering.velocity.viewtools.content.util.ContentUtilsTest$TestCase@188cdcb1]" classname="com.dotcms.rendering.velocity.viewtools.content.util.ContentUtilsTest" time="5.934"/>
  <testcase name="testPullRelated[58: com.dotcms.rendering.velocity.viewtools.content.util.ContentUtilsTest$TestCase@5b084bb1]" classname="com.dotcms.rendering.velocity.viewtools.content.util.ContentUtilsTest" time="6.155"/>
  <testcase name="testPullRelated[59: com.dotcms.rendering.velocity.viewtools.content.util.ContentUtilsTest$TestCase@68b3865d]" classname="com.dotcms.rendering.velocity.viewtools.content.util.ContentUtilsTest" time="6.155"/>
  <testcase name="testPullRelated[60: com.dotcms.rendering.velocity.viewtools.content.util.ContentUtilsTest$TestCase@535ebb77]" classname="com.dotcms.rendering.velocity.viewtools.content.util.ContentUtilsTest" time="5.981"/>
  <testcase name="testPullRelated[61: com.dotcms.rendering.velocity.viewtools.content.util.ContentUtilsTest$TestCase@2d498cf9]" classname="com.dotcms.rendering.velocity.viewtools.content.util.ContentUtilsTest" time="6.057"/>
  <testcase name="testPullRelated[62: com.dotcms.rendering.velocity.viewtools.content.util.ContentUtilsTest$TestCase@34851f22]" classname="com.dotcms.rendering.velocity.viewtools.content.util.ContentUtilsTest" time="6.033"/>
  <testcase name="testPullRelated[63: com.dotcms.rendering.velocity.viewtools.content.util.ContentUtilsTest$TestCase@4070e681]" classname="com.dotcms.rendering.velocity.viewtools.content.util.ContentUtilsTest" time="5.311"/>
  <testcase name="testPullRelated[64: com.dotcms.rendering.velocity.viewtools.content.util.ContentUtilsTest$TestCase@665378fb]" classname="com.dotcms.rendering.velocity.viewtools.content.util.ContentUtilsTest" time="5.101"/>
  <testcase name="testPullRelated[65: com.dotcms.rendering.velocity.viewtools.content.util.ContentUtilsTest$TestCase@71c1e8c]" classname="com.dotcms.rendering.velocity.viewtools.content.util.ContentUtilsTest" time="4.996"/>
  <testcase name="testPullRelated[66: com.dotcms.rendering.velocity.viewtools.content.util.ContentUtilsTest$TestCase@1bfc6d42]" classname="com.dotcms.rendering.velocity.viewtools.content.util.ContentUtilsTest" time="6.276"/>
  <testcase name="testPullRelated[67: com.dotcms.rendering.velocity.viewtools.content.util.ContentUtilsTest$TestCase@5cffd452]" classname="com.dotcms.rendering.velocity.viewtools.content.util.ContentUtilsTest" time="6.312"/>
  <testcase name="testPullRelated[68: com.dotcms.rendering.velocity.viewtools.content.util.ContentUtilsTest$TestCase@2196fb96]" classname="com.dotcms.rendering.velocity.viewtools.content.util.ContentUtilsTest" time="5.805"/>
  <testcase name="testPullRelated[69: com.dotcms.rendering.velocity.viewtools.content.util.ContentUtilsTest$TestCase@46996956]" classname="com.dotcms.rendering.velocity.viewtools.content.util.ContentUtilsTest" time="6.273"/>
  <testcase name="testPullRelated[70: com.dotcms.rendering.velocity.viewtools.content.util.ContentUtilsTest$TestCase@3e779aba]" classname="com.dotcms.rendering.velocity.viewtools.content.util.ContentUtilsTest" time="6.385"/>
  <testcase name="testPullRelated[71: com.dotcms.rendering.velocity.viewtools.content.util.ContentUtilsTest$TestCase@1c089462]" classname="com.dotcms.rendering.velocity.viewtools.content.util.ContentUtilsTest" time="7.116"/>
  <testcase name="whenPublishAndExpireDatesAreInTheFutureAndTimeMachineIsAfterBoth" classname="com.dotcms.rendering.velocity.viewtools.content.util.ContentUtilsTest" time="3.949"/>
  <testcase name="testPullRelatedForLegacyRelationship[0: com.dotcms.rendering.velocity.viewtools.content.util.ContentUtilsTest$LegacyTestCase@ad4863e]" classname="com.dotcms.rendering.velocity.viewtools.content.util.ContentUtilsTest" time="4.499"/>
  <testcase name="testPullRelatedForLegacyRelationship[1: com.dotcms.rendering.velocity.viewtools.content.util.ContentUtilsTest$LegacyTestCase@70a8deb]" classname="com.dotcms.rendering.velocity.viewtools.content.util.ContentUtilsTest" time="4.071"/>
  <testcase name="whenTheTimeMachineDateIsAfterTomorrowAndExpireDateIsTomorrowShouldNotReturnContent" classname="com.dotcms.rendering.velocity.viewtools.content.util.ContentUtilsTest" time="4.018"/>
  <testcase name="testPullLiveRelatedWhenLatestVersionIsWorking" classname="com.dotcms.rendering.velocity.viewtools.content.util.ContentUtilsTest" time="4.294"/>
  <testcase name="test_add_relationships_on_parent_children_related_contents" classname="com.dotcms.rendering.velocity.viewtools.content.util.ContentUtilsTest" time="1.774"/>
  <testcase name="testSortPullRelated[0: com.dotcms.rendering.velocity.viewtools.content.util.ContentUtilsTest$SortTestCase@5aa65fa]" classname="com.dotcms.rendering.velocity.viewtools.content.util.ContentUtilsTest" time="2.644"/>
  <testcase name="testSortPullRelated[1: com.dotcms.rendering.velocity.viewtools.content.util.ContentUtilsTest$SortTestCase@5dd94aa9]" classname="com.dotcms.rendering.velocity.viewtools.content.util.ContentUtilsTest" time="3.02"/>
  <testcase name="testSortPullRelated[2: com.dotcms.rendering.velocity.viewtools.content.util.ContentUtilsTest$SortTestCase@7392c25a]" classname="com.dotcms.rendering.velocity.viewtools.content.util.ContentUtilsTest" time="2.797"/>
  <testcase name="testSortPullRelated[3: com.dotcms.rendering.velocity.viewtools.content.util.ContentUtilsTest$SortTestCase@20a47c16]" classname="com.dotcms.rendering.velocity.viewtools.content.util.ContentUtilsTest" time="3.461"/>
  <testcase name="testSortPullRelated[4: com.dotcms.rendering.velocity.viewtools.content.util.ContentUtilsTest$SortTestCase@7677484d]" classname="com.dotcms.rendering.velocity.viewtools.content.util.ContentUtilsTest" time="3.612"/>
  <testcase name="testSortPullRelated[5: com.dotcms.rendering.velocity.viewtools.content.util.ContentUtilsTest$SortTestCase@61ecc828]" classname="com.dotcms.rendering.velocity.viewtools.content.util.ContentUtilsTest" time="3.49"/>
  <testcase name="whenTheTimeMachineDateIsAfterTomorrowAndExpireDateIsInFutureShouldReturnContent" classname="com.dotcms.rendering.velocity.viewtools.content.util.ContentUtilsTest" time="3.951"/>
  <testcase name="testPullRelatedFieldShouldRespectDefaultOrder" classname="com.dotcms.rendering.velocity.viewtools.content.util.ContentUtilsTest" time="3.369"/>
  <system-out><![CDATA[]]></system-out>
  <system-err><![CDATA[]]></system-err>
</testsuite>
