<?xml version="1.0" encoding="UTF-8"?>
<testsuite name="com.dotmarketing.portlets.structure.model.ContentletRelationshipsTest" tests="7" skipped="0" failures="0" errors="0" timestamp="2023-06-23T19:16:49" hostname="fv-az248-890" time="7.274">
  <properties/>
  <testcase name="testDoesAllowOnlyOne[0: com.dotmarketing.portlets.structure.model.ContentletRelationshipsTest$CardinalityTestCase@5dc880b4]" classname="com.dotmarketing.portlets.structure.model.ContentletRelationshipsTest" time="0.424"/>
  <testcase name="testDoesAllowOnlyOne[1: com.dotmarketing.portlets.structure.model.ContentletRelationshipsTest$CardinalityTestCase@4cde7bd]" classname="com.dotmarketing.portlets.structure.model.ContentletRelationshipsTest" time="0.401"/>
  <testcase name="testDoesAllowOnlyOne[2: com.dotmarketing.portlets.structure.model.ContentletRelationshipsTest$CardinalityTestCase@3b5f09e3]" classname="com.dotmarketing.portlets.structure.model.ContentletRelationshipsTest" time="0.391"/>
  <testcase name="testGetRelationshipRecords[0: com.dotmarketing.portlets.structure.model.ContentletRelationshipsTest$TestCase@7f72e557]" classname="com.dotmarketing.portlets.structure.model.ContentletRelationshipsTest" time="1.819"/>
  <testcase name="testGetRelationshipRecords[1: com.dotmarketing.portlets.structure.model.ContentletRelationshipsTest$TestCase@6626172d]" classname="com.dotmarketing.portlets.structure.model.ContentletRelationshipsTest" time="1.829"/>
  <testcase name="testGetRelationshipRecords[2: com.dotmarketing.portlets.structure.model.ContentletRelationshipsTest$TestCase@dbde45b]" classname="com.dotmarketing.portlets.structure.model.ContentletRelationshipsTest" time="0.701"/>
  <testcase name="testGetRelationshipRecords[3: com.dotmarketing.portlets.structure.model.ContentletRelationshipsTest$TestCase@4eeee41e]" classname="com.dotmarketing.portlets.structure.model.ContentletRelationshipsTest" time="1.708"/>
  <system-out><![CDATA[]]></system-out>
  <system-err><![CDATA[]]></system-err>
</testsuite>
