<?xml version="1.0" encoding="UTF-8"?>
<testsuite name="com.dotcms.publishing.PublisherAPIImplTest" tests="24" skipped="0" failures="0" errors="0" timestamp="2023-06-28T22:25:57" hostname="fv-az642-275" time="4.448">
  <properties/>
  <testcase name="AddAllCategoryIntoBundle" classname="com.dotcms.publishing.PublisherAPIImplTest" time="0.161"/>
  <testcase name="testFilterDescriptors" classname="com.dotcms.publishing.PublisherAPIImplTest" time="0.067"/>
  <testcase name="sendPushPublishBundle[0: com.dotcms.publishing.PublisherAPIImplTest$TestAsset@57f9002c]" classname="com.dotcms.publishing.PublisherAPIImplTest" time="1.265"/>
  <testcase name="sendPushPublishBundle[1: com.dotcms.publishing.PublisherAPIImplTest$TestAsset@457e7aee]" classname="com.dotcms.publishing.PublisherAPIImplTest" time="0.211"/>
  <testcase name="sendPushPublishBundle[2: com.dotcms.publishing.PublisherAPIImplTest$TestAsset@278fa05f]" classname="com.dotcms.publishing.PublisherAPIImplTest" time="0.196"/>
  <testcase name="sendPushPublishBundle[3: com.dotcms.publishing.PublisherAPIImplTest$TestAsset@2e0fa10c]" classname="com.dotcms.publishing.PublisherAPIImplTest" time="0.309"/>
  <testcase name="sendPushPublishBundle[4: com.dotcms.publishing.PublisherAPIImplTest$TestAsset@31682c81]" classname="com.dotcms.publishing.PublisherAPIImplTest" time="0.358"/>
  <testcase name="sendPushPublishBundle[5: com.dotcms.publishing.PublisherAPIImplTest$TestAsset@7f78948]" classname="com.dotcms.publishing.PublisherAPIImplTest" time="0.27"/>
  <testcase name="sendPushPublishBundle[6: com.dotcms.publishing.PublisherAPIImplTest$TestAsset@5da05cb1]" classname="com.dotcms.publishing.PublisherAPIImplTest" time="0.123"/>
  <testcase name="sendPushPublishBundle[7: com.dotcms.publishing.PublisherAPIImplTest$TestAsset@e7481c8]" classname="com.dotcms.publishing.PublisherAPIImplTest" time="0.116"/>
  <testcase name="sendPushPublishBundle[8: com.dotcms.publishing.PublisherAPIImplTest$TestAsset@7e08a8a3]" classname="com.dotcms.publishing.PublisherAPIImplTest" time="0.114"/>
  <testcase name="sendPushPublishBundle[9: com.dotcms.publishing.PublisherAPIImplTest$TestAsset@450ed3e3]" classname="com.dotcms.publishing.PublisherAPIImplTest" time="0.21"/>
  <testcase name="sendPushPublishBundle[10: com.dotcms.publishing.PublisherAPIImplTest$TestAsset@1a945a27]" classname="com.dotcms.publishing.PublisherAPIImplTest" time="0.082"/>
  <testcase name="generateBundle[0: com.dotcms.publishing.PublisherAPIImplTest$TestAsset@57f9002c]" classname="com.dotcms.publishing.PublisherAPIImplTest" time="0.104"/>
  <testcase name="generateBundle[1: com.dotcms.publishing.PublisherAPIImplTest$TestAsset@457e7aee]" classname="com.dotcms.publishing.PublisherAPIImplTest" time="0.082"/>
  <testcase name="generateBundle[2: com.dotcms.publishing.PublisherAPIImplTest$TestAsset@278fa05f]" classname="com.dotcms.publishing.PublisherAPIImplTest" time="0.095"/>
  <testcase name="generateBundle[3: com.dotcms.publishing.PublisherAPIImplTest$TestAsset@2e0fa10c]" classname="com.dotcms.publishing.PublisherAPIImplTest" time="0.146"/>
  <testcase name="generateBundle[4: com.dotcms.publishing.PublisherAPIImplTest$TestAsset@31682c81]" classname="com.dotcms.publishing.PublisherAPIImplTest" time="0.133"/>
  <testcase name="generateBundle[5: com.dotcms.publishing.PublisherAPIImplTest$TestAsset@7f78948]" classname="com.dotcms.publishing.PublisherAPIImplTest" time="0.095"/>
  <testcase name="generateBundle[6: com.dotcms.publishing.PublisherAPIImplTest$TestAsset@5da05cb1]" classname="com.dotcms.publishing.PublisherAPIImplTest" time="0.075"/>
  <testcase name="generateBundle[7: com.dotcms.publishing.PublisherAPIImplTest$TestAsset@e7481c8]" classname="com.dotcms.publishing.PublisherAPIImplTest" time="0.071"/>
  <testcase name="generateBundle[8: com.dotcms.publishing.PublisherAPIImplTest$TestAsset@7e08a8a3]" classname="com.dotcms.publishing.PublisherAPIImplTest" time="0.045"/>
  <testcase name="generateBundle[9: com.dotcms.publishing.PublisherAPIImplTest$TestAsset@450ed3e3]" classname="com.dotcms.publishing.PublisherAPIImplTest" time="0.095"/>
  <testcase name="generateBundle[10: com.dotcms.publishing.PublisherAPIImplTest$TestAsset@1a945a27]" classname="com.dotcms.publishing.PublisherAPIImplTest" time="0.014"/>
  <system-out><![CDATA[









































































































































































]]></system-out>
  <system-err><![CDATA[]]></system-err>
</testsuite>
