<?xml version="1.0" encoding="UTF-8"?>
<testsuite name="com.dotmarketing.business.DeterministicIdentifierAPITest" tests="16" skipped="0" failures="0" errors="0" timestamp="2023-07-03T16:53:10" hostname="fv-az349-999" time="0.952">
  <properties/>
  <testcase name="Test_Category_Path_Seed_And_Id" classname="com.dotmarketing.business.DeterministicIdentifierAPITest" time="0.026"/>
  <testcase name="Test_Language_Deterministic_Id[0: LanguageTestCase{expectedSeed='Language:es:US', expectedHash=4913155, langCode='es', countryCode='US', country='United States'}]" classname="com.dotmarketing.business.DeterministicIdentifierAPITest" time="0.002"/>
  <testcase name="Test_Language_Deterministic_Id[1: LanguageTestCase{expectedSeed='Language:ep:', expectedHash=5292269, langCode='ep', countryCode='', country=''}]" classname="com.dotmarketing.business.DeterministicIdentifierAPITest" time="0.001"/>
  <testcase name="Test_Language_Deterministic_Id[2: LanguageTestCase{expectedSeed='Language:sg:SAG', expectedHash=4713118, langCode='sg', countryCode='SAG', country=''}]" classname="com.dotmarketing.business.DeterministicIdentifierAPITest" time="0.002"/>
  <testcase name="Test_Language_Deterministic_Id[3: LanguageTestCase{expectedSeed='Language:en:NZ', expectedHash=5382528, langCode='en', countryCode='NZ', country='New Zealand'}]" classname="com.dotmarketing.business.DeterministicIdentifierAPITest" time="0.001"/>
  <testcase name="Test_Category_None_Persisted_Category_Should_Return_Deterministic_Id" classname="com.dotmarketing.business.DeterministicIdentifierAPITest" time="0.002"/>
  <testcase name="Test_Asset_Generate_Deterministic_Id_Best_Effort[0: TestCase{versionable=my.host1688402798892.com, parent=System Host, expectedName='my.host1688402798892.com', expectedType='Host'}]" classname="com.dotmarketing.business.DeterministicIdentifierAPITest" time="0.005"/>
  <testcase name="Test_Asset_Generate_Deterministic_Id_Best_Effort[1: TestCase{versionable=com.dotmarketing.portlets.contentlet.model.Contentlet@69d677c1[map={modDate=2023-07-03 16:46:39.747, fileName=file14452058926285543706.txt, title=file14452058926285543706.txt, inode=64c19edd-8114-43a9-b191-3bd5e00bfbc1, __IS_NEW_CONTENT__=true, disabledWYSIWYG=[], host=e1313a13-b981-43cc-a5fc-4a524152ac74, stInode=33888b6f-7a8e-4069-b1b6-5c1aa9d0a48d, owner=system, identifier=b475a152-43d6-46c8-898c-64994e88f8c4, nullProperties=[wfExpireDate, wfPublishDate, wfActionAssign, wfActionId, wfActionComments, filterKey, whereToSend, wfNeverExpire, _path_to_move, timezoneId, iWantTo, wfPublishTime, wfExpireTime], languageId=1, fileAsset=/home/runner/work/core/custom/assets/6/4/64c19edd-8114-43a9-b191-3bd5e00bfbc1/fileAsset/file14452058926285543706.txt, folder=d5bc1091-8286-4106-b5b5-b59f53f76998, __disable_workflow__=true, sortOrder=0, modUser=system},lowIndexPriority=false,variantId=DEFAULT], parent=com.dotmarketing.portlets.folders.model.Folder@55ec7c34[identifier=d5bc1091-8286-4106-b5b5-b59f53f76998,name=testName1688402799740,sortOrder=0,showOnMenu=false,hostId=e1313a13-b981-43cc-a5fc-4a524152ac74,type=folder,title=testTitle1688402799740,filesMasks=,defaultFileType=33888b6f-7a8e-4069-b1b6-5c1aa9d0a48d,modDate=2023-07-03 16:46:39.742,owner=&lt;null&gt;,iDate=2023-07-03 16:46:39.742,inode=d5bc1091-8286-4106-b5b5-b59f53f76998,path=/testName1688402799740/], expectedName='file14452058926285543706.txt', expectedType='FileAsset'}]" classname="com.dotmarketing.business.DeterministicIdentifierAPITest" time="0.003"/>
  <testcase name="Test_Asset_Generate_Deterministic_Id_Best_Effort[2: TestCase{versionable=com.dotmarketing.portlets.templates.model.Template@255c0f6c, parent=my.host1688402798892.com, expectedName='testTitle1688402799839', expectedType='Template'}]" classname="com.dotmarketing.business.DeterministicIdentifierAPITest" time="0.002"/>
  <testcase name="Test_Asset_Generate_Deterministic_Id_Best_Effort[3: TestCase{versionable=com.dotmarketing.portlets.htmlpageasset.model.HTMLPageAsset@3970ab03[map={template=0c461ec3-58a2-4b27-9aa7-f65db8733fa4, owner=system, identifier=d6af0bdc-a871-4350-bbc2-d9c583adc042, nullProperties=[wfExpireDate, wfPublishDate, wfActionAssign, wfActionId, wfActionComments, filterKey, whereToSend, wfNeverExpire, _path_to_move, timezoneId, iWantTo, wfPublishTime, wfExpireTime], modDate=2023-07-03 16:46:39.854, cachettl=0, _is_test_mode=true, languageId=1, title=test-page-title-1688402799850, httpsreq=, url=test-page-url-1688402799850, showOnMenu=, inode=4d9e69c7-839b-459d-82e5-8a3b4d51b27f, folder=d5bc1091-8286-4106-b5b5-b59f53f76998, disabledWYSIWYG=[], sortOrder=1, modUser=system, host=e1313a13-b981-43cc-a5fc-4a524152ac74, stInode=c541abb1-69b3-4bc5-8430-5e09e5239cc8, friendlyName=test-page-friendly-name-1688402799850},lowIndexPriority=false,variantId=DEFAULT], parent=com.dotmarketing.portlets.folders.model.Folder@55ec7c34[identifier=d5bc1091-8286-4106-b5b5-b59f53f76998,name=testName1688402799740,sortOrder=0,showOnMenu=false,hostId=e1313a13-b981-43cc-a5fc-4a524152ac74,type=folder,title=testTitle1688402799740,filesMasks=,defaultFileType=33888b6f-7a8e-4069-b1b6-5c1aa9d0a48d,modDate=2023-07-03 16:46:39.742,owner=&lt;null&gt;,iDate=2023-07-03 16:46:39.742,inode=d5bc1091-8286-4106-b5b5-b59f53f76998,path=/testName1688402799740/], expectedName='test-page-url-1688402799850', expectedType='htmlpageasset'}]" classname="com.dotmarketing.business.DeterministicIdentifierAPITest" time="0.004"/>
  <testcase name="Test_Asset_Generate_Deterministic_Id_Best_Effort[4: TestCase{versionable=com.dotmarketing.portlets.contentlet.model.Contentlet@51d98fa9[map={fileAsset2=/home/runner/work/core/custom/assets/2/7/277bf820-9f18-494a-81ec-889d7ac38eac/fileAsset2/test_binary1688402800707.png, modDate=2023-07-03 16:46:40.712, fileAsset1=/home/runner/work/core/custom/assets/2/7/277bf820-9f18-494a-81ec-889d7ac38eac/fileAsset1/test_binary1688402800707.jpg, title=blah, inode=277bf820-9f18-494a-81ec-889d7ac38eac, __IS_NEW_CONTENT__=true, disabledWYSIWYG=[], host=48190c8c-42c4-46af-8d1a-0cd5db894797, stInode=7353cb20-d9c5-4f29-9c3f-2dea6c74c308, owner=system, identifier=2c5cd923-7952-4f6c-9849-ac2a39c12942, nullProperties=[], languageId=1, image1=f2e66161-99f2-442e-9648-1bf3950a941c, folder=SYSTEM_FOLDER, __disable_workflow__=true, sortOrder=0, modUser=system},lowIndexPriority=false,variantId=DEFAULT], parent=demo.dotcms.com, expectedName='test_binary1688402800707.jpg:test_binary1688402800707.png', expectedType='MultipleBinaries1688402799974'}]" classname="com.dotmarketing.business.DeterministicIdentifierAPITest" time="0.004"/>
  <testcase name="Test_Asset_Generate_Deterministic_Id_Best_Effort[5: TestCase{versionable=name0668d99cc3 : keyTag0668d99cc3, parent=my.host1688402798892.com, expectedName='keyTag0668d99cc3', expectedType='persona'}]" classname="com.dotmarketing.business.DeterministicIdentifierAPITest" time="0.003"/>
  <testcase name="Test_Similar_Content_Type_Wont_Clash" classname="com.dotmarketing.business.DeterministicIdentifierAPITest" time="0.494"/>
  <testcase name="Test_Generate_Folder_Identifier" classname="com.dotmarketing.business.DeterministicIdentifierAPITest" time="0.391"/>
  <testcase name="Test_Generate_Content_Type_Identifier[0: ContentTypeTestCase{contentType=KeyValueContentType{name=Language Variable, id=f4d7c1b8-2c88-4071-abf1-a5328977b07d, description=Default Content Type for Language Variables, defaultType=false, fixed=true, iDate=Thu Aug 31 16:38:49 UTC 2017, system=true, versionable=true, variable=Languagevariable, modDate=Mon Jul 03 15:40:34 UTC 2023, host=SYSTEM_HOST, siteName=systemHost, icon=language, sortOrder=0, folder=SYSTEM_FOLDER, folderPath=/, markedForDeletion=true, multilingualable=false}, expectedName='Languagevariable', expectedType='KeyValue'}]" classname="com.dotmarketing.business.DeterministicIdentifierAPITest" time="0.005"/>
  <testcase name="Test_Generate_Content_Type_Identifier[1: ContentTypeTestCase{contentType=SimpleContentType{name=testName1688402801125, id=07ac0422-7950-4233-a6c2-7b73022b720c, description=testDescription1688402801125, defaultType=false, fixed=false, iDate=Mon Jul 03 16:46:41 UTC 2023, system=false, versionable=true, multilingualable=false, variable=testVarname1688402801125, owner=system, modDate=Mon Jul 03 16:46:42 UTC 2023, host=48190c8c-42c4-46af-8d1a-0cd5db894797, siteName=demo.dotcms.com, icon=event_note, sortOrder=0, folder=SYSTEM_FOLDER, folderPath=/, requiredFields=[], markedForDeletion=false}, expectedName='testVarname1688402801125', expectedType='CONTENT'}]" classname="com.dotmarketing.business.DeterministicIdentifierAPITest" time="0.006"/>
  <system-out><![CDATA[]]></system-out>
  <system-err><![CDATA[]]></system-err>
</testsuite>
