<?xml version="1.0" encoding="UTF-8"?>
<testsuite name="com.dotcms.enterprise.rules.RulesAPIImplIntegrationTest" tests="28" skipped="0" failures="0" errors="0" timestamp="2023-07-17T16:50:35" hostname="fv-az168-813" time="114.186">
  <properties/>
  <testcase name="shouldThrowDotSecurityException" classname="com.dotcms.enterprise.rules.RulesAPIImplIntegrationTest" time="1.806"/>
  <testcase name="shouldGetRulesFromPageId" classname="com.dotcms.enterprise.rules.RulesAPIImplIntegrationTest" time="6.04"/>
  <testcase name="shouldDeleteRulesInPage" classname="com.dotcms.enterprise.rules.RulesAPIImplIntegrationTest" time="6.779"/>
  <testcase name="shouldSaveNewRuleInPageShouldNotWork" classname="com.dotcms.enterprise.rules.RulesAPIImplIntegrationTest" time="5.366"/>
  <testcase name="shouldNotSaveNewRule" classname="com.dotcms.enterprise.rules.RulesAPIImplIntegrationTest" time="3.747"/>
  <testcase name="shouldSaveNewRule" classname="com.dotcms.enterprise.rules.RulesAPIImplIntegrationTest" time="5.384"/>
  <testcase name="shouldSaveConditionInRulesPage" classname="com.dotcms.enterprise.rules.RulesAPIImplIntegrationTest" time="6.931"/>
  <testcase name="shouldGetRulesWithAnonymous" classname="com.dotcms.enterprise.rules.RulesAPIImplIntegrationTest" time="5.928"/>
  <testcase name="shouldNotSaveRuleActionInRuleOnPage" classname="com.dotcms.enterprise.rules.RulesAPIImplIntegrationTest" time="5.368"/>
  <testcase name="shouldReturnEmptyList" classname="com.dotcms.enterprise.rules.RulesAPIImplIntegrationTest" time="3.768"/>
  <testcase name="shouldNotDeleteRules" classname="com.dotcms.enterprise.rules.RulesAPIImplIntegrationTest" time="1.341"/>
  <testcase name="shouldDeleteRules" classname="com.dotcms.enterprise.rules.RulesAPIImplIntegrationTest" time="5.783"/>
  <testcase name="shouldSaveRuleActionInPage" classname="com.dotcms.enterprise.rules.RulesAPIImplIntegrationTest" time="6.147"/>
  <testcase name="shouldNotDeleteRuleOnPage" classname="com.dotcms.enterprise.rules.RulesAPIImplIntegrationTest" time="6.015"/>
  <testcase name="shouldThrowDotSecurityExceptionFromHostid" classname="com.dotcms.enterprise.rules.RulesAPIImplIntegrationTest" time="1.312"/>
  <testcase name="shouldNotSaveCondition" classname="com.dotcms.enterprise.rules.RulesAPIImplIntegrationTest" time="1.765"/>
  <testcase name="shouldSaveCondition" classname="com.dotcms.enterprise.rules.RulesAPIImplIntegrationTest" time="5.316"/>
  <testcase name="shouldNotSaveRuleAction" classname="com.dotcms.enterprise.rules.RulesAPIImplIntegrationTest" time="1.777"/>
  <testcase name="shouldThrowDotSecurityExceptionFromPageid" classname="com.dotcms.enterprise.rules.RulesAPIImplIntegrationTest" time="2.479"/>
  <testcase name="shouldSaveRuleAction" classname="com.dotcms.enterprise.rules.RulesAPIImplIntegrationTest" time="5.795"/>
  <testcase name="shouldGetRulesInRootFolder" classname="com.dotcms.enterprise.rules.RulesAPIImplIntegrationTest" time="3.827"/>
  <testcase name="shouldSaveNewRuleInPage" classname="com.dotcms.enterprise.rules.RulesAPIImplIntegrationTest" time="6.091"/>
  <testcase name="shouldNotSaveConditionInRuleOnPage" classname="com.dotcms.enterprise.rules.RulesAPIImplIntegrationTest" time="5.276"/>
  <testcase name="testDeleteRuleShouldNotFailWhenCacheIsDirty" classname="com.dotcms.enterprise.rules.RulesAPIImplIntegrationTest" time="0.067"/>
  <testcase name="shouldGetRules" classname="com.dotcms.enterprise.rules.RulesAPIImplIntegrationTest" time="4.795"/>
  <testcase name="not_site_not_page_shouldReturnEmptyList" classname="com.dotcms.enterprise.rules.RulesAPIImplIntegrationTest" time="1.063"/>
  <testcase name="testDeleteRuleShouldPass" classname="com.dotcms.enterprise.rules.RulesAPIImplIntegrationTest" time="0.033"/>
  <testcase name="shouldGetRulesFromHostId" classname="com.dotcms.enterprise.rules.RulesAPIImplIntegrationTest" time="4.175"/>
  <system-out><![CDATA[]]></system-out>
  <system-err><![CDATA[]]></system-err>
</testsuite>
