<?xml version="1.0" encoding="UTF-8"?>
<testsuite name="com.dotmarketing.servlets.ajax.AjaxDirectorServletIntegrationTest" tests="2" skipped="0" failures="0" errors="0" timestamp="2023-06-30T22:14:33" hostname="fv-az629-494" time="4.029">
  <properties/>
  <testcase name="testService[0: com.dotmarketing.servlets.ajax.AjaxDirectorServletTestCase@15deaffc]" classname="com.dotmarketing.servlets.ajax.AjaxDirectorServletIntegrationTest" time="2.194"/>
  <testcase name="testService[1: com.dotmarketing.servlets.ajax.AjaxDirectorServletTestCase@7f8c6c96]" classname="com.dotmarketing.servlets.ajax.AjaxDirectorServletIntegrationTest" time="1.835"/>
  <system-out><![CDATA[]]></system-out>
  <system-err><![CDATA[]]></system-err>
</testsuite>
