<?xml version="1.0" encoding="UTF-8"?>
<testsuite name="com.dotmarketing.business.DeterministicIdentifierAPITest" tests="16" skipped="0" failures="0" errors="0" timestamp="2023-06-23T19:41:01" hostname="fv-az248-890" time="0.675">
  <properties/>
  <testcase name="Test_Category_Path_Seed_And_Id" classname="com.dotmarketing.business.DeterministicIdentifierAPITest" time="0.019"/>
  <testcase name="Test_Language_Deterministic_Id[0: LanguageTestCase{expectedSeed='Language:es:US', expectedHash=4913155, langCode='es', countryCode='US', country='United States'}]" classname="com.dotmarketing.business.DeterministicIdentifierAPITest" time="0.001"/>
  <testcase name="Test_Language_Deterministic_Id[1: LanguageTestCase{expectedSeed='Language:ep:', expectedHash=5292269, langCode='ep', countryCode='', country=''}]" classname="com.dotmarketing.business.DeterministicIdentifierAPITest" time="0.001"/>
  <testcase name="Test_Language_Deterministic_Id[2: LanguageTestCase{expectedSeed='Language:sg:SAG', expectedHash=4713118, langCode='sg', countryCode='SAG', country=''}]" classname="com.dotmarketing.business.DeterministicIdentifierAPITest" time="0.001"/>
  <testcase name="Test_Language_Deterministic_Id[3: LanguageTestCase{expectedSeed='Language:en:NZ', expectedHash=5382528, langCode='en', countryCode='NZ', country='New Zealand'}]" classname="com.dotmarketing.business.DeterministicIdentifierAPITest" time="0.001"/>
  <testcase name="Test_Category_None_Persisted_Category_Should_Return_Deterministic_Id" classname="com.dotmarketing.business.DeterministicIdentifierAPITest" time="0.001"/>
  <testcase name="Test_Asset_Generate_Deterministic_Id_Best_Effort[0: TestCase{versionable=my.host1687543909715.com, parent=System Host, expectedName='my.host1687543909715.com', expectedType='Host'}]" classname="com.dotmarketing.business.DeterministicIdentifierAPITest" time="0.002"/>
  <testcase name="Test_Asset_Generate_Deterministic_Id_Best_Effort[1: TestCase{versionable=com.dotmarketing.portlets.contentlet.model.Contentlet@6c0ec6d7[map={modDate=2023-06-23 18:11:50.742, fileName=file9577090875222532292.txt, title=file9577090875222532292.txt, inode=1d90f8c9-8a35-45a0-a742-b3c553bc41a7, __IS_NEW_CONTENT__=true, disabledWYSIWYG=[], host=2a1c65db-138f-42aa-a349-9ac0d0fb57a6, stInode=33888b6f-7a8e-4069-b1b6-5c1aa9d0a48d, owner=system, identifier=f3339232-c6c6-45e6-bfc7-4de9f9872ed7, nullProperties=[wfExpireDate, wfPublishDate, wfActionAssign, wfActionId, wfActionComments, filterKey, whereToSend, wfNeverExpire, _path_to_move, timezoneId, iWantTo, wfPublishTime, wfExpireTime], languageId=1, fileAsset=/home/runner/work/core/custom/assets/1/d/1d90f8c9-8a35-45a0-a742-b3c553bc41a7/fileAsset/file9577090875222532292.txt, folder=aa194899-d47e-4ef2-86d0-2e4d8237875b, __disable_workflow__=true, sortOrder=0, modUser=system},lowIndexPriority=false,variantId=DEFAULT], parent=com.dotmarketing.portlets.folders.model.Folder@6ad2cc2d[identifier=aa194899-d47e-4ef2-86d0-2e4d8237875b,name=testName1687543910733,sortOrder=0,showOnMenu=false,hostId=2a1c65db-138f-42aa-a349-9ac0d0fb57a6,type=folder,title=testTitle1687543910733,filesMasks=,defaultFileType=33888b6f-7a8e-4069-b1b6-5c1aa9d0a48d,modDate=2023-06-23 18:11:50.736,owner=&lt;null&gt;,iDate=2023-06-23 18:11:50.736,inode=aa194899-d47e-4ef2-86d0-2e4d8237875b,path=/testName1687543910733/], expectedName='file9577090875222532292.txt', expectedType='FileAsset'}]" classname="com.dotmarketing.business.DeterministicIdentifierAPITest" time="0.002"/>
  <testcase name="Test_Asset_Generate_Deterministic_Id_Best_Effort[2: TestCase{versionable=com.dotmarketing.portlets.templates.model.Template@2f03de3c, parent=my.host1687543909715.com, expectedName='testTitle1687543910812', expectedType='Template'}]" classname="com.dotmarketing.business.DeterministicIdentifierAPITest" time="0.002"/>
  <testcase name="Test_Asset_Generate_Deterministic_Id_Best_Effort[3: TestCase{versionable=com.dotmarketing.portlets.htmlpageasset.model.HTMLPageAsset@141ef52[map={template=28319a23-e9c1-482a-8300-61641db8def5, owner=system, identifier=9f595ec5-6d24-411f-ae55-f954a1ab06fc, nullProperties=[wfExpireDate, wfPublishDate, wfActionAssign, wfActionId, wfActionComments, filterKey, whereToSend, wfNeverExpire, _path_to_move, timezoneId, iWantTo, wfPublishTime, wfExpireTime], modDate=2023-06-23 18:11:50.827, cachettl=0, _is_test_mode=true, languageId=1, title=test-page-title-1687543910822, httpsreq=, url=test-page-url-1687543910822, showOnMenu=, inode=97a97bc0-a256-4a73-876b-1f6795cad2fc, folder=aa194899-d47e-4ef2-86d0-2e4d8237875b, disabledWYSIWYG=[], sortOrder=1, modUser=system, host=2a1c65db-138f-42aa-a349-9ac0d0fb57a6, stInode=c541abb1-69b3-4bc5-8430-5e09e5239cc8, friendlyName=test-page-friendly-name-1687543910822},lowIndexPriority=false,variantId=DEFAULT], parent=com.dotmarketing.portlets.folders.model.Folder@6ad2cc2d[identifier=aa194899-d47e-4ef2-86d0-2e4d8237875b,name=testName1687543910733,sortOrder=0,showOnMenu=false,hostId=2a1c65db-138f-42aa-a349-9ac0d0fb57a6,type=folder,title=testTitle1687543910733,filesMasks=,defaultFileType=33888b6f-7a8e-4069-b1b6-5c1aa9d0a48d,modDate=2023-06-23 18:11:50.736,owner=&lt;null&gt;,iDate=2023-06-23 18:11:50.736,inode=aa194899-d47e-4ef2-86d0-2e4d8237875b,path=/testName1687543910733/], expectedName='test-page-url-1687543910822', expectedType='htmlpageasset'}]" classname="com.dotmarketing.business.DeterministicIdentifierAPITest" time="0.001"/>
  <testcase name="Test_Asset_Generate_Deterministic_Id_Best_Effort[4: TestCase{versionable=com.dotmarketing.portlets.contentlet.model.Contentlet@2ddb1706[map={fileAsset2=/home/runner/work/core/custom/assets/1/7/17c881d8-db10-4535-8cb9-4fbc676ac591/fileAsset2/test_binary1687543911714.png, modDate=2023-06-23 18:11:51.719, fileAsset1=/home/runner/work/core/custom/assets/1/7/17c881d8-db10-4535-8cb9-4fbc676ac591/fileAsset1/test_binary1687543911714.jpg, title=blah, inode=17c881d8-db10-4535-8cb9-4fbc676ac591, __IS_NEW_CONTENT__=true, disabledWYSIWYG=[], host=8a7d5e23-da1e-420a-b4f0-471e7da8ea2d, stInode=014d9519-07de-4759-bf35-67320af1d30f, owner=system, identifier=73a3a15e-e758-4157-af16-500cd70925ad, nullProperties=[], languageId=1, image1=757ac656-5cdb-4b62-8924-bd6d2572857c, folder=SYSTEM_FOLDER, __disable_workflow__=true, sortOrder=0, modUser=system},lowIndexPriority=false,variantId=DEFAULT], parent=default, expectedName='test_binary1687543911714.jpg:test_binary1687543911714.png', expectedType='MultipleBinaries1687543910932'}]" classname="com.dotmarketing.business.DeterministicIdentifierAPITest" time="0.004"/>
  <testcase name="Test_Asset_Generate_Deterministic_Id_Best_Effort[5: TestCase{versionable=nameeffb62a8de : keyTageffb62a8de, parent=my.host1687543909715.com, expectedName='keyTageffb62a8de', expectedType='persona'}]" classname="com.dotmarketing.business.DeterministicIdentifierAPITest" time="0.004"/>
  <testcase name="Test_Similar_Content_Type_Wont_Clash" classname="com.dotmarketing.business.DeterministicIdentifierAPITest" time="0.396"/>
  <testcase name="Test_Generate_Folder_Identifier" classname="com.dotmarketing.business.DeterministicIdentifierAPITest" time="0.228"/>
  <testcase name="Test_Generate_Content_Type_Identifier[0: ContentTypeTestCase{contentType=KeyValueContentType{name=Language Variable, id=f4d7c1b8-2c88-4071-abf1-a5328977b07d, description=Default Content Type for Language Variables, defaultType=false, fixed=true, iDate=Thu Aug 31 16:38:49 UTC 2017, system=true, versionable=true, variable=Languagevariable, modDate=Fri Jun 23 18:08:34 UTC 2023, host=SYSTEM_HOST, siteName=systemHost, icon=language, sortOrder=0, folder=SYSTEM_FOLDER, folderPath=/, markedForDeletion=false, multilingualable=false}, expectedName='Languagevariable', expectedType='KeyValue'}]" classname="com.dotmarketing.business.DeterministicIdentifierAPITest" time="0.006"/>
  <testcase name="Test_Generate_Content_Type_Identifier[1: ContentTypeTestCase{contentType=SimpleContentType{name=testName1687543911974, id=bee00c4d-9c63-4f76-b360-f4fb487b91e0, description=testDescription1687543911974, defaultType=false, fixed=false, iDate=Fri Jun 23 18:11:51 UTC 2023, system=false, versionable=true, multilingualable=false, variable=testVarname1687543911974, owner=system, modDate=Fri Jun 23 18:11:52 UTC 2023, host=8a7d5e23-da1e-420a-b4f0-471e7da8ea2d, siteName=default, icon=event_note, sortOrder=0, folder=SYSTEM_FOLDER, folderPath=/, requiredFields=[], markedForDeletion=false}, expectedName='testVarname1687543911974', expectedType='CONTENT'}]" classname="com.dotmarketing.business.DeterministicIdentifierAPITest" time="0.003"/>
  <system-out><![CDATA[]]></system-out>
  <system-err><![CDATA[]]></system-err>
</testsuite>
