<?xml version="1.0" encoding="UTF-8"?>
<testsuite name="com.dotmarketing.servlets.ajax.AjaxDirectorServletIntegrationTest" tests="2" skipped="0" failures="0" errors="0" timestamp="2023-06-30T17:26:36" hostname="fv-az797-168" time="2.209">
  <properties/>
  <testcase name="testService[0: com.dotmarketing.servlets.ajax.AjaxDirectorServletTestCase@6ca106c5]" classname="com.dotmarketing.servlets.ajax.AjaxDirectorServletIntegrationTest" time="1.264"/>
  <testcase name="testService[1: com.dotmarketing.servlets.ajax.AjaxDirectorServletTestCase@6cc68d78]" classname="com.dotmarketing.servlets.ajax.AjaxDirectorServletIntegrationTest" time="0.945"/>
  <system-out><![CDATA[]]></system-out>
  <system-err><![CDATA[]]></system-err>
</testsuite>
