<?xml version="1.0" encoding="UTF-8"?>
<testsuite name="com.dotcms.contenttype.test.ContentTypeBuilderTest" tests="3" skipped="0" failures="0" errors="0" timestamp="2023-06-30T15:18:46" hostname="fv-az470-104" time="0.013">
  <properties/>
  <testcase name="testCopy" classname="com.dotcms.contenttype.test.ContentTypeBuilderTest" time="0.007"/>
  <testcase name="testEquals" classname="com.dotcms.contenttype.test.ContentTypeBuilderTest" time="0.003"/>
  <testcase name="testAllContentTypeBuilders" classname="com.dotcms.contenttype.test.ContentTypeBuilderTest" time="0.002"/>
  <system-out><![CDATA[]]></system-out>
  <system-err><![CDATA[]]></system-err>
</testsuite>
