<?xml version="1.0" encoding="UTF-8"?>
<testsuite name="com.dotcms.rest.api.v1.contenttype.ContentTypeResourceTest" tests="9" skipped="0" failures="0" errors="0" timestamp="2023-06-28T03:21:21" hostname="fv-az1032-241" time="15.986">
  <properties/>
  <testcase name="getBaseTypes_asAdmin" classname="com.dotcms.rest.api.v1.contenttype.ContentTypeResourceTest" time="0.181"/>
  <testcase name="getContentTypes" classname="com.dotcms.rest.api.v1.contenttype.ContentTypeResourceTest" time="0.013"/>
  <testcase name="testGetRecentBaseTypes_whenCommunity_excludeTypes[0: com.dotcms.rest.api.v1.contenttype.ContentTypeResourceTest$TestCase@75866437]" classname="com.dotcms.rest.api.v1.contenttype.ContentTypeResourceTest" time="0.01"/>
  <testcase name="testGetRecentBaseTypes_whenCommunity_excludeTypes[1: com.dotcms.rest.api.v1.contenttype.ContentTypeResourceTest$TestCase@e99eb86]" classname="com.dotcms.rest.api.v1.contenttype.ContentTypeResourceTest" time="0.002"/>
  <testcase name="getBaseTypes_asLimitedUser" classname="com.dotcms.rest.api.v1.contenttype.ContentTypeResourceTest" time="0.806"/>
  <testcase name="testMain" classname="com.dotcms.rest.api.v1.contenttype.ContentTypeResourceTest" time="9.34"/>
  <testcase name="getContentTypes_GivenNotExistingTypeName_ShouldThrowError" classname="com.dotcms.rest.api.v1.contenttype.ContentTypeResourceTest" time="0.002"/>
  <testcase name="getContentTypesWithoutType" classname="com.dotcms.rest.api.v1.contenttype.ContentTypeResourceTest" time="0.009"/>
  <testcase name="Simple_Test_Using_VarName" classname="com.dotcms.rest.api.v1.contenttype.ContentTypeResourceTest" time="5.622"/>
  <system-out><![CDATA[]]></system-out>
  <system-err><![CDATA[]]></system-err>
</testsuite>
