<?xml version="1.0" encoding="UTF-8"?>
<testsuite name="com.dotmarketing.business.DeterministicIdentifierAPITest" tests="16" skipped="0" failures="0" errors="0" timestamp="2023-07-19T18:37:51" hostname="fv-az189-825" time="0.785">
  <properties/>
  <testcase name="Test_Category_Path_Seed_And_Id" classname="com.dotmarketing.business.DeterministicIdentifierAPITest" time="0.02"/>
  <testcase name="Test_Language_Deterministic_Id[0: LanguageTestCase{expectedSeed='Language:es:US', expectedHash=4913155, langCode='es', countryCode='US', country='United States'}]" classname="com.dotmarketing.business.DeterministicIdentifierAPITest" time="0.001"/>
  <testcase name="Test_Language_Deterministic_Id[1: LanguageTestCase{expectedSeed='Language:ep:', expectedHash=5292269, langCode='ep', countryCode='', country=''}]" classname="com.dotmarketing.business.DeterministicIdentifierAPITest" time="0.001"/>
  <testcase name="Test_Language_Deterministic_Id[2: LanguageTestCase{expectedSeed='Language:sg:SAG', expectedHash=4713118, langCode='sg', countryCode='SAG', country=''}]" classname="com.dotmarketing.business.DeterministicIdentifierAPITest" time="0.001"/>
  <testcase name="Test_Language_Deterministic_Id[3: LanguageTestCase{expectedSeed='Language:en:NZ', expectedHash=5382528, langCode='en', countryCode='NZ', country='New Zealand'}]" classname="com.dotmarketing.business.DeterministicIdentifierAPITest" time="0.001"/>
  <testcase name="Test_Category_None_Persisted_Category_Should_Return_Deterministic_Id" classname="com.dotmarketing.business.DeterministicIdentifierAPITest" time="0.001"/>
  <testcase name="Test_Asset_Generate_Deterministic_Id_Best_Effort[0: TestCase{versionable=my.host1689791485156.com, parent=System Host, expectedName='my.host1689791485156.com', expectedType='Host'}]" classname="com.dotmarketing.business.DeterministicIdentifierAPITest" time="0.002"/>
  <testcase name="Test_Asset_Generate_Deterministic_Id_Best_Effort[1: TestCase{versionable=com.dotmarketing.portlets.contentlet.model.Contentlet@555d79dd[map={modDate=2023-07-19 18:31:25.88, fileName=file3289219852409298383.txt, title=file3289219852409298383.txt, inode=e29ca8f5-84c8-4de8-a577-ad22f6de44be, __IS_NEW_CONTENT__=true, disabledWYSIWYG=[], host=942e845b-b58d-4efd-bc95-9659e65ce20a, stInode=33888b6f-7a8e-4069-b1b6-5c1aa9d0a48d, owner=system, identifier=6d617533-a563-40a9-83a9-5a1c440507b8, nullProperties=[wfExpireDate, wfPublishDate, wfActionAssign, wfActionId, wfActionComments, filterKey, whereToSend, wfNeverExpire, _path_to_move, timezoneId, iWantTo, wfPublishTime, wfExpireTime], languageId=1, fileAsset=/home/runner/work/core/custom/assets/e/2/e29ca8f5-84c8-4de8-a577-ad22f6de44be/fileAsset/file3289219852409298383.txt, folder=ab6e6a99-15b4-4f31-93f7-3ad6a3b539a4, __disable_workflow__=true, sortOrder=0, modUser=system},lowIndexPriority=false,variantId=DEFAULT], parent=com.dotmarketing.portlets.folders.model.Folder@477f3d9e[identifier=ab6e6a99-15b4-4f31-93f7-3ad6a3b539a4,name=testName1689791485875,sortOrder=0,showOnMenu=false,hostId=942e845b-b58d-4efd-bc95-9659e65ce20a,type=folder,title=testTitle1689791485875,filesMasks=,defaultFileType=33888b6f-7a8e-4069-b1b6-5c1aa9d0a48d,modDate=2023-07-19 18:31:25.877,owner=&lt;null&gt;,iDate=2023-07-19 18:31:25.877,inode=ab6e6a99-15b4-4f31-93f7-3ad6a3b539a4,path=/testName1689791485875/], expectedName='file3289219852409298383.txt', expectedType='FileAsset'}]" classname="com.dotmarketing.business.DeterministicIdentifierAPITest" time="0.003"/>
  <testcase name="Test_Asset_Generate_Deterministic_Id_Best_Effort[2: TestCase{versionable=com.dotmarketing.portlets.templates.model.Template@2c62491e, parent=my.host1689791485156.com, expectedName='testTitle1689791485965', expectedType='Template'}]" classname="com.dotmarketing.business.DeterministicIdentifierAPITest" time="0.002"/>
  <testcase name="Test_Asset_Generate_Deterministic_Id_Best_Effort[3: TestCase{versionable=com.dotmarketing.portlets.htmlpageasset.model.HTMLPageAsset@71ed5092[map={template=e6d47dec-2321-4b91-abca-c696ef41b89b, owner=system, identifier=95652554-6246-43a5-9815-136e1aed823c, nullProperties=[wfExpireDate, wfPublishDate, wfActionAssign, wfActionId, wfActionComments, filterKey, whereToSend, wfNeverExpire, _path_to_move, timezoneId, iWantTo, wfPublishTime, wfExpireTime], modDate=2023-07-19 18:31:25.977, cachettl=0, _is_test_mode=true, languageId=1, title=test-page-title-1689791485974, httpsreq=, url=test-page-url-1689791485974, showOnMenu=, inode=c43fd4a3-8a91-42d5-b06e-93784652c4cb, folder=ab6e6a99-15b4-4f31-93f7-3ad6a3b539a4, disabledWYSIWYG=[], sortOrder=1, modUser=system, host=942e845b-b58d-4efd-bc95-9659e65ce20a, stInode=c541abb1-69b3-4bc5-8430-5e09e5239cc8, friendlyName=test-page-friendly-name-1689791485974},lowIndexPriority=false,variantId=DEFAULT], parent=com.dotmarketing.portlets.folders.model.Folder@477f3d9e[identifier=ab6e6a99-15b4-4f31-93f7-3ad6a3b539a4,name=testName1689791485875,sortOrder=0,showOnMenu=false,hostId=942e845b-b58d-4efd-bc95-9659e65ce20a,type=folder,title=testTitle1689791485875,filesMasks=,defaultFileType=33888b6f-7a8e-4069-b1b6-5c1aa9d0a48d,modDate=2023-07-19 18:31:25.877,owner=&lt;null&gt;,iDate=2023-07-19 18:31:25.877,inode=ab6e6a99-15b4-4f31-93f7-3ad6a3b539a4,path=/testName1689791485875/], expectedName='test-page-url-1689791485974', expectedType='htmlpageasset'}]" classname="com.dotmarketing.business.DeterministicIdentifierAPITest" time="0.002"/>
  <testcase name="Test_Asset_Generate_Deterministic_Id_Best_Effort[4: TestCase{versionable=com.dotmarketing.portlets.contentlet.model.Contentlet@2308e94e[map={fileAsset2=/home/runner/work/core/custom/assets/4/e/4e19d558-2cf2-4cca-84f4-e20ca8f2b068/fileAsset2/test_binary1689791486865.png, modDate=2023-07-19 18:31:26.869, fileAsset1=/home/runner/work/core/custom/assets/4/e/4e19d558-2cf2-4cca-84f4-e20ca8f2b068/fileAsset1/test_binary1689791486865.jpg, title=blah, inode=4e19d558-2cf2-4cca-84f4-e20ca8f2b068, __IS_NEW_CONTENT__=true, disabledWYSIWYG=[], host=48190c8c-42c4-46af-8d1a-0cd5db894797, stInode=7c00214a-4d44-4e32-a7fb-fb62ec0faa86, owner=system, identifier=e4810b48-13b5-48fe-8bdb-774359a79b36, nullProperties=[], languageId=1, image1=b1e8407f-5595-480f-80c5-8a1628d2a903, folder=SYSTEM_FOLDER, __disable_workflow__=true, sortOrder=0, modUser=system},lowIndexPriority=false,variantId=DEFAULT], parent=demo.dotcms.com, expectedName='test_binary1689791486865.jpg:test_binary1689791486865.png', expectedType='MultipleBinaries1689791486112'}]" classname="com.dotmarketing.business.DeterministicIdentifierAPITest" time="0.003"/>
  <testcase name="Test_Asset_Generate_Deterministic_Id_Best_Effort[5: TestCase{versionable=name3132e45e6d : keyTag3132e45e6d, parent=my.host1689791485156.com, expectedName='keyTag3132e45e6d', expectedType='persona'}]" classname="com.dotmarketing.business.DeterministicIdentifierAPITest" time="0.005"/>
  <testcase name="Test_Similar_Content_Type_Wont_Clash" classname="com.dotmarketing.business.DeterministicIdentifierAPITest" time="0.453"/>
  <testcase name="Test_Generate_Folder_Identifier" classname="com.dotmarketing.business.DeterministicIdentifierAPITest" time="0.274"/>
  <testcase name="Test_Generate_Content_Type_Identifier[0: ContentTypeTestCase{contentType=KeyValueContentType{name=Language Variable, id=f4d7c1b8-2c88-4071-abf1-a5328977b07d, description=Default Content Type for Language Variables, defaultType=false, fixed=true, iDate=Thu Aug 31 16:38:49 UTC 2017, system=true, versionable=true, variable=Languagevariable, modDate=Wed Jul 19 17:29:02 UTC 2023, host=SYSTEM_HOST, siteName=systemHost, icon=language, sortOrder=0, folder=SYSTEM_FOLDER, folderPath=/, markedForDeletion=true, multilingualable=false}, expectedName='Languagevariable', expectedType='KeyValue'}]" classname="com.dotmarketing.business.DeterministicIdentifierAPITest" time="0.007"/>
  <testcase name="Test_Generate_Content_Type_Identifier[1: ContentTypeTestCase{contentType=SimpleContentType{name=testName1689791487173, id=4159f309-abfe-4482-b644-ea2834770f91, description=testDescription1689791487173, defaultType=false, fixed=false, iDate=Wed Jul 19 18:31:27 UTC 2023, system=false, versionable=true, multilingualable=false, variable=testVarname1689791487173, owner=system, modDate=Wed Jul 19 18:31:28 UTC 2023, host=48190c8c-42c4-46af-8d1a-0cd5db894797, siteName=demo.dotcms.com, icon=event_note, sortOrder=0, folder=SYSTEM_FOLDER, folderPath=/, requiredFields=[], markedForDeletion=false}, expectedName='testVarname1689791487173', expectedType='CONTENT'}]" classname="com.dotmarketing.business.DeterministicIdentifierAPITest" time="0.005"/>
  <system-out><![CDATA[]]></system-out>
  <system-err><![CDATA[]]></system-err>
</testsuite>
