<?xml version="1.0" encoding="UTF-8"?>
<testsuite name="com.dotmarketing.startup.runonce.Task05390MakeRoomForLongerJobDetailTest" tests="1" skipped="0" failures="0" errors="0" timestamp="2023-07-07T00:04:48" hostname="fv-az450-882" time="0.004">
  <properties/>
  <testcase name="testExecuteUpgrade" classname="com.dotmarketing.startup.runonce.Task05390MakeRoomForLongerJobDetailTest" time="0.004"/>
  <system-out><![CDATA[]]></system-out>
  <system-err><![CDATA[]]></system-err>
</testsuite>
