<?xml version="1.0" encoding="UTF-8"?>
<testsuite name="com.dotcms.rest.elasticsearch.ESContentResourcePortletTest" tests="8" skipped="0" failures="0" errors="0" timestamp="2023-06-23T17:50:40" hostname="fv-az578-351" time="9.858">
  <properties/>
  <testcase name="test_search_includeGrandChildCategory_success" classname="com.dotcms.rest.elasticsearch.ESContentResourcePortletTest" time="1.588"/>
  <testcase name="testSearch[0: com.dotcms.rest.elasticsearch.ESContentResourcePortletTest$TestCase@275afc8]" classname="com.dotcms.rest.elasticsearch.ESContentResourcePortletTest" time="1.044"/>
  <testcase name="testSearch[1: com.dotcms.rest.elasticsearch.ESContentResourcePortletTest$TestCase@de30e9d]" classname="com.dotcms.rest.elasticsearch.ESContentResourcePortletTest" time="1.498"/>
  <testcase name="testSearch[2: com.dotcms.rest.elasticsearch.ESContentResourcePortletTest$TestCase@3e800ff2]" classname="com.dotcms.rest.elasticsearch.ESContentResourcePortletTest" time="1.037"/>
  <testcase name="testSearch[3: com.dotcms.rest.elasticsearch.ESContentResourcePortletTest$TestCase@1634c199]" classname="com.dotcms.rest.elasticsearch.ESContentResourcePortletTest" time="1.311"/>
  <testcase name="testSearch[4: com.dotcms.rest.elasticsearch.ESContentResourcePortletTest$TestCase@39902778]" classname="com.dotcms.rest.elasticsearch.ESContentResourcePortletTest" time="1.3"/>
  <testcase name="testSearch[5: com.dotcms.rest.elasticsearch.ESContentResourcePortletTest$TestCase@2c924131]" classname="com.dotcms.rest.elasticsearch.ESContentResourcePortletTest" time="1.066"/>
  <testcase name="testSearch[6: com.dotcms.rest.elasticsearch.ESContentResourcePortletTest$TestCase@125324ce]" classname="com.dotcms.rest.elasticsearch.ESContentResourcePortletTest" time="1.013"/>
  <system-out><![CDATA[]]></system-out>
  <system-err><![CDATA[]]></system-err>
</testsuite>
