<?xml version="1.0" encoding="UTF-8"?>
<testsuite name="com.dotcms.rendering.velocity.viewtools.content.util.ContentUtilsTest" tests="89" skipped="0" failures="0" errors="0" timestamp="2023-07-11T23:33:25" hostname="fv-az251-15" time="389.673">
  <properties/>
  <testcase name="whenTheTimeMachineDateIsNullAndPublishDateInFutureShouldNotReturnAnything" classname="com.dotcms.rendering.velocity.viewtools.content.util.ContentUtilsTest" time="3.231"/>
  <testcase name="test_find_multilingual_contentlet_getContentletSuccessfully" classname="com.dotcms.rendering.velocity.viewtools.content.util.ContentUtilsTest" time="1.944"/>
  <testcase name="whenTheTimeMachineDateAndPublishDateAreTomorrowShouldReturnOneContent" classname="com.dotcms.rendering.velocity.viewtools.content.util.ContentUtilsTest" time="3.294"/>
  <testcase name="testPullRelated[0: com.dotcms.rendering.velocity.viewtools.content.util.ContentUtilsTest$TestCase@41e94703]" classname="com.dotcms.rendering.velocity.viewtools.content.util.ContentUtilsTest" time="3.433"/>
  <testcase name="testPullRelated[1: com.dotcms.rendering.velocity.viewtools.content.util.ContentUtilsTest$TestCase@6972b699]" classname="com.dotcms.rendering.velocity.viewtools.content.util.ContentUtilsTest" time="3.936"/>
  <testcase name="testPullRelated[2: com.dotcms.rendering.velocity.viewtools.content.util.ContentUtilsTest$TestCase@29e5d68c]" classname="com.dotcms.rendering.velocity.viewtools.content.util.ContentUtilsTest" time="3.209"/>
  <testcase name="testPullRelated[3: com.dotcms.rendering.velocity.viewtools.content.util.ContentUtilsTest$TestCase@58bcd403]" classname="com.dotcms.rendering.velocity.viewtools.content.util.ContentUtilsTest" time="3.856"/>
  <testcase name="testPullRelated[4: com.dotcms.rendering.velocity.viewtools.content.util.ContentUtilsTest$TestCase@53664148]" classname="com.dotcms.rendering.velocity.viewtools.content.util.ContentUtilsTest" time="3.952"/>
  <testcase name="testPullRelated[5: com.dotcms.rendering.velocity.viewtools.content.util.ContentUtilsTest$TestCase@2f5ce3c3]" classname="com.dotcms.rendering.velocity.viewtools.content.util.ContentUtilsTest" time="4.139"/>
  <testcase name="testPullRelated[6: com.dotcms.rendering.velocity.viewtools.content.util.ContentUtilsTest$TestCase@280a0112]" classname="com.dotcms.rendering.velocity.viewtools.content.util.ContentUtilsTest" time="4.003"/>
  <testcase name="testPullRelated[7: com.dotcms.rendering.velocity.viewtools.content.util.ContentUtilsTest$TestCase@1628d4dc]" classname="com.dotcms.rendering.velocity.viewtools.content.util.ContentUtilsTest" time="4.095"/>
  <testcase name="testPullRelated[8: com.dotcms.rendering.velocity.viewtools.content.util.ContentUtilsTest$TestCase@77a5bb50]" classname="com.dotcms.rendering.velocity.viewtools.content.util.ContentUtilsTest" time="3.783"/>
  <testcase name="testPullRelated[9: com.dotcms.rendering.velocity.viewtools.content.util.ContentUtilsTest$TestCase@3f2f1c9c]" classname="com.dotcms.rendering.velocity.viewtools.content.util.ContentUtilsTest" time="4.155"/>
  <testcase name="testPullRelated[10: com.dotcms.rendering.velocity.viewtools.content.util.ContentUtilsTest$TestCase@475588fa]" classname="com.dotcms.rendering.velocity.viewtools.content.util.ContentUtilsTest" time="4.297"/>
  <testcase name="testPullRelated[11: com.dotcms.rendering.velocity.viewtools.content.util.ContentUtilsTest$TestCase@178b3af8]" classname="com.dotcms.rendering.velocity.viewtools.content.util.ContentUtilsTest" time="3.136"/>
  <testcase name="testPullRelated[12: com.dotcms.rendering.velocity.viewtools.content.util.ContentUtilsTest$TestCase@4d2e7c62]" classname="com.dotcms.rendering.velocity.viewtools.content.util.ContentUtilsTest" time="3.876"/>
  <testcase name="testPullRelated[13: com.dotcms.rendering.velocity.viewtools.content.util.ContentUtilsTest$TestCase@aa252a7]" classname="com.dotcms.rendering.velocity.viewtools.content.util.ContentUtilsTest" time="2.828"/>
  <testcase name="testPullRelated[14: com.dotcms.rendering.velocity.viewtools.content.util.ContentUtilsTest$TestCase@615b0951]" classname="com.dotcms.rendering.velocity.viewtools.content.util.ContentUtilsTest" time="4.148"/>
  <testcase name="testPullRelated[15: com.dotcms.rendering.velocity.viewtools.content.util.ContentUtilsTest$TestCase@2f49a378]" classname="com.dotcms.rendering.velocity.viewtools.content.util.ContentUtilsTest" time="3.037"/>
  <testcase name="testPullRelated[16: com.dotcms.rendering.velocity.viewtools.content.util.ContentUtilsTest$TestCase@113a079f]" classname="com.dotcms.rendering.velocity.viewtools.content.util.ContentUtilsTest" time="4.137"/>
  <testcase name="testPullRelated[17: com.dotcms.rendering.velocity.viewtools.content.util.ContentUtilsTest$TestCase@9954875]" classname="com.dotcms.rendering.velocity.viewtools.content.util.ContentUtilsTest" time="3.819"/>
  <testcase name="testPullRelated[18: com.dotcms.rendering.velocity.viewtools.content.util.ContentUtilsTest$TestCase@303dd997]" classname="com.dotcms.rendering.velocity.viewtools.content.util.ContentUtilsTest" time="4.281"/>
  <testcase name="testPullRelated[19: com.dotcms.rendering.velocity.viewtools.content.util.ContentUtilsTest$TestCase@520dfe8b]" classname="com.dotcms.rendering.velocity.viewtools.content.util.ContentUtilsTest" time="2.869"/>
  <testcase name="testPullRelated[20: com.dotcms.rendering.velocity.viewtools.content.util.ContentUtilsTest$TestCase@134a1daa]" classname="com.dotcms.rendering.velocity.viewtools.content.util.ContentUtilsTest" time="4.188"/>
  <testcase name="testPullRelated[21: com.dotcms.rendering.velocity.viewtools.content.util.ContentUtilsTest$TestCase@303f3956]" classname="com.dotcms.rendering.velocity.viewtools.content.util.ContentUtilsTest" time="2.932"/>
  <testcase name="testPullRelated[22: com.dotcms.rendering.velocity.viewtools.content.util.ContentUtilsTest$TestCase@6e90afa7]" classname="com.dotcms.rendering.velocity.viewtools.content.util.ContentUtilsTest" time="3.1"/>
  <testcase name="testPullRelated[23: com.dotcms.rendering.velocity.viewtools.content.util.ContentUtilsTest$TestCase@53d4fd58]" classname="com.dotcms.rendering.velocity.viewtools.content.util.ContentUtilsTest" time="4.13"/>
  <testcase name="testPullRelated[24: com.dotcms.rendering.velocity.viewtools.content.util.ContentUtilsTest$TestCase@10b00dc5]" classname="com.dotcms.rendering.velocity.viewtools.content.util.ContentUtilsTest" time="3.841"/>
  <testcase name="testPullRelated[25: com.dotcms.rendering.velocity.viewtools.content.util.ContentUtilsTest$TestCase@598c730c]" classname="com.dotcms.rendering.velocity.viewtools.content.util.ContentUtilsTest" time="3.236"/>
  <testcase name="testPullRelated[26: com.dotcms.rendering.velocity.viewtools.content.util.ContentUtilsTest$TestCase@328a120d]" classname="com.dotcms.rendering.velocity.viewtools.content.util.ContentUtilsTest" time="3.03"/>
  <testcase name="testPullRelated[27: com.dotcms.rendering.velocity.viewtools.content.util.ContentUtilsTest$TestCase@46c01739]" classname="com.dotcms.rendering.velocity.viewtools.content.util.ContentUtilsTest" time="4.088"/>
  <testcase name="testPullRelated[28: com.dotcms.rendering.velocity.viewtools.content.util.ContentUtilsTest$TestCase@568ee401]" classname="com.dotcms.rendering.velocity.viewtools.content.util.ContentUtilsTest" time="3.879"/>
  <testcase name="testPullRelated[29: com.dotcms.rendering.velocity.viewtools.content.util.ContentUtilsTest$TestCase@6c20f9cf]" classname="com.dotcms.rendering.velocity.viewtools.content.util.ContentUtilsTest" time="3.127"/>
  <testcase name="testPullRelated[30: com.dotcms.rendering.velocity.viewtools.content.util.ContentUtilsTest$TestCase@e58943c]" classname="com.dotcms.rendering.velocity.viewtools.content.util.ContentUtilsTest" time="3.958"/>
  <testcase name="testPullRelated[31: com.dotcms.rendering.velocity.viewtools.content.util.ContentUtilsTest$TestCase@48673311]" classname="com.dotcms.rendering.velocity.viewtools.content.util.ContentUtilsTest" time="4.381"/>
  <testcase name="testPullRelated[32: com.dotcms.rendering.velocity.viewtools.content.util.ContentUtilsTest$TestCase@696878f0]" classname="com.dotcms.rendering.velocity.viewtools.content.util.ContentUtilsTest" time="2.931"/>
  <testcase name="testPullRelated[33: com.dotcms.rendering.velocity.viewtools.content.util.ContentUtilsTest$TestCase@2ed0a93]" classname="com.dotcms.rendering.velocity.viewtools.content.util.ContentUtilsTest" time="3.039"/>
  <testcase name="testPullRelated[34: com.dotcms.rendering.velocity.viewtools.content.util.ContentUtilsTest$TestCase@48de9786]" classname="com.dotcms.rendering.velocity.viewtools.content.util.ContentUtilsTest" time="4.163"/>
  <testcase name="testPullRelated[35: com.dotcms.rendering.velocity.viewtools.content.util.ContentUtilsTest$TestCase@3950da37]" classname="com.dotcms.rendering.velocity.viewtools.content.util.ContentUtilsTest" time="4.113"/>
  <testcase name="testPullRelated[36: com.dotcms.rendering.velocity.viewtools.content.util.ContentUtilsTest$TestCase@13558a15]" classname="com.dotcms.rendering.velocity.viewtools.content.util.ContentUtilsTest" time="4.982"/>
  <testcase name="testPullRelated[37: com.dotcms.rendering.velocity.viewtools.content.util.ContentUtilsTest$TestCase@7906b37e]" classname="com.dotcms.rendering.velocity.viewtools.content.util.ContentUtilsTest" time="5.011"/>
  <testcase name="testPullRelated[38: com.dotcms.rendering.velocity.viewtools.content.util.ContentUtilsTest$TestCase@45d8797f]" classname="com.dotcms.rendering.velocity.viewtools.content.util.ContentUtilsTest" time="6.488"/>
  <testcase name="testPullRelated[39: com.dotcms.rendering.velocity.viewtools.content.util.ContentUtilsTest$TestCase@7ae68291]" classname="com.dotcms.rendering.velocity.viewtools.content.util.ContentUtilsTest" time="5.81"/>
  <testcase name="testPullRelated[40: com.dotcms.rendering.velocity.viewtools.content.util.ContentUtilsTest$TestCase@45dcaafa]" classname="com.dotcms.rendering.velocity.viewtools.content.util.ContentUtilsTest" time="6.087"/>
  <testcase name="testPullRelated[41: com.dotcms.rendering.velocity.viewtools.content.util.ContentUtilsTest$TestCase@90d7c7c]" classname="com.dotcms.rendering.velocity.viewtools.content.util.ContentUtilsTest" time="6.27"/>
  <testcase name="testPullRelated[42: com.dotcms.rendering.velocity.viewtools.content.util.ContentUtilsTest$TestCase@f18efa3]" classname="com.dotcms.rendering.velocity.viewtools.content.util.ContentUtilsTest" time="6.173"/>
  <testcase name="testPullRelated[43: com.dotcms.rendering.velocity.viewtools.content.util.ContentUtilsTest$TestCase@41a416db]" classname="com.dotcms.rendering.velocity.viewtools.content.util.ContentUtilsTest" time="5.921"/>
  <testcase name="testPullRelated[44: com.dotcms.rendering.velocity.viewtools.content.util.ContentUtilsTest$TestCase@618fef6f]" classname="com.dotcms.rendering.velocity.viewtools.content.util.ContentUtilsTest" time="6.154"/>
  <testcase name="testPullRelated[45: com.dotcms.rendering.velocity.viewtools.content.util.ContentUtilsTest$TestCase@30381be]" classname="com.dotcms.rendering.velocity.viewtools.content.util.ContentUtilsTest" time="4.924"/>
  <testcase name="testPullRelated[46: com.dotcms.rendering.velocity.viewtools.content.util.ContentUtilsTest$TestCase@4bae038a]" classname="com.dotcms.rendering.velocity.viewtools.content.util.ContentUtilsTest" time="6.34"/>
  <testcase name="testPullRelated[47: com.dotcms.rendering.velocity.viewtools.content.util.ContentUtilsTest$TestCase@2addd6ea]" classname="com.dotcms.rendering.velocity.viewtools.content.util.ContentUtilsTest" time="6.034"/>
  <testcase name="testPullRelated[48: com.dotcms.rendering.velocity.viewtools.content.util.ContentUtilsTest$TestCase@34b7b049]" classname="com.dotcms.rendering.velocity.viewtools.content.util.ContentUtilsTest" time="6.148"/>
  <testcase name="testPullRelated[49: com.dotcms.rendering.velocity.viewtools.content.util.ContentUtilsTest$TestCase@2b26d910]" classname="com.dotcms.rendering.velocity.viewtools.content.util.ContentUtilsTest" time="4.784"/>
  <testcase name="testPullRelated[50: com.dotcms.rendering.velocity.viewtools.content.util.ContentUtilsTest$TestCase@10af3dad]" classname="com.dotcms.rendering.velocity.viewtools.content.util.ContentUtilsTest" time="6.24"/>
  <testcase name="testPullRelated[51: com.dotcms.rendering.velocity.viewtools.content.util.ContentUtilsTest$TestCase@5401d3d4]" classname="com.dotcms.rendering.velocity.viewtools.content.util.ContentUtilsTest" time="6.061"/>
  <testcase name="testPullRelated[52: com.dotcms.rendering.velocity.viewtools.content.util.ContentUtilsTest$TestCase@5d3d04e5]" classname="com.dotcms.rendering.velocity.viewtools.content.util.ContentUtilsTest" time="4.986"/>
  <testcase name="testPullRelated[53: com.dotcms.rendering.velocity.viewtools.content.util.ContentUtilsTest$TestCase@40cea80b]" classname="com.dotcms.rendering.velocity.viewtools.content.util.ContentUtilsTest" time="6.105"/>
  <testcase name="testPullRelated[54: com.dotcms.rendering.velocity.viewtools.content.util.ContentUtilsTest$TestCase@29e5a7ea]" classname="com.dotcms.rendering.velocity.viewtools.content.util.ContentUtilsTest" time="5.513"/>
  <testcase name="testPullRelated[55: com.dotcms.rendering.velocity.viewtools.content.util.ContentUtilsTest$TestCase@73a05e71]" classname="com.dotcms.rendering.velocity.viewtools.content.util.ContentUtilsTest" time="5.946"/>
  <testcase name="testPullRelated[56: com.dotcms.rendering.velocity.viewtools.content.util.ContentUtilsTest$TestCase@468f66cc]" classname="com.dotcms.rendering.velocity.viewtools.content.util.ContentUtilsTest" time="5.95"/>
  <testcase name="testPullRelated[57: com.dotcms.rendering.velocity.viewtools.content.util.ContentUtilsTest$TestCase@73b410e6]" classname="com.dotcms.rendering.velocity.viewtools.content.util.ContentUtilsTest" time="6.16"/>
  <testcase name="testPullRelated[58: com.dotcms.rendering.velocity.viewtools.content.util.ContentUtilsTest$TestCase@77ea238d]" classname="com.dotcms.rendering.velocity.viewtools.content.util.ContentUtilsTest" time="6.093"/>
  <testcase name="testPullRelated[59: com.dotcms.rendering.velocity.viewtools.content.util.ContentUtilsTest$TestCase@6c8a8d7]" classname="com.dotcms.rendering.velocity.viewtools.content.util.ContentUtilsTest" time="5.955"/>
  <testcase name="testPullRelated[60: com.dotcms.rendering.velocity.viewtools.content.util.ContentUtilsTest$TestCase@3b4c17c4]" classname="com.dotcms.rendering.velocity.viewtools.content.util.ContentUtilsTest" time="6.115"/>
  <testcase name="testPullRelated[61: com.dotcms.rendering.velocity.viewtools.content.util.ContentUtilsTest$TestCase@682c036b]" classname="com.dotcms.rendering.velocity.viewtools.content.util.ContentUtilsTest" time="6.008"/>
  <testcase name="testPullRelated[62: com.dotcms.rendering.velocity.viewtools.content.util.ContentUtilsTest$TestCase@4efcb3a8]" classname="com.dotcms.rendering.velocity.viewtools.content.util.ContentUtilsTest" time="6.138"/>
  <testcase name="testPullRelated[63: com.dotcms.rendering.velocity.viewtools.content.util.ContentUtilsTest$TestCase@d3124b0]" classname="com.dotcms.rendering.velocity.viewtools.content.util.ContentUtilsTest" time="5.337"/>
  <testcase name="testPullRelated[64: com.dotcms.rendering.velocity.viewtools.content.util.ContentUtilsTest$TestCase@5698e0e5]" classname="com.dotcms.rendering.velocity.viewtools.content.util.ContentUtilsTest" time="5.052"/>
  <testcase name="testPullRelated[65: com.dotcms.rendering.velocity.viewtools.content.util.ContentUtilsTest$TestCase@5ea78606]" classname="com.dotcms.rendering.velocity.viewtools.content.util.ContentUtilsTest" time="5.795"/>
  <testcase name="testPullRelated[66: com.dotcms.rendering.velocity.viewtools.content.util.ContentUtilsTest$TestCase@756d1f89]" classname="com.dotcms.rendering.velocity.viewtools.content.util.ContentUtilsTest" time="6.263"/>
  <testcase name="testPullRelated[67: com.dotcms.rendering.velocity.viewtools.content.util.ContentUtilsTest$TestCase@71fdb130]" classname="com.dotcms.rendering.velocity.viewtools.content.util.ContentUtilsTest" time="5.153"/>
  <testcase name="testPullRelated[68: com.dotcms.rendering.velocity.viewtools.content.util.ContentUtilsTest$TestCase@60f3e822]" classname="com.dotcms.rendering.velocity.viewtools.content.util.ContentUtilsTest" time="5.898"/>
  <testcase name="testPullRelated[69: com.dotcms.rendering.velocity.viewtools.content.util.ContentUtilsTest$TestCase@206d58c]" classname="com.dotcms.rendering.velocity.viewtools.content.util.ContentUtilsTest" time="6.271"/>
  <testcase name="testPullRelated[70: com.dotcms.rendering.velocity.viewtools.content.util.ContentUtilsTest$TestCase@1f0a0312]" classname="com.dotcms.rendering.velocity.viewtools.content.util.ContentUtilsTest" time="6.242"/>
  <testcase name="testPullRelated[71: com.dotcms.rendering.velocity.viewtools.content.util.ContentUtilsTest$TestCase@3e245f2]" classname="com.dotcms.rendering.velocity.viewtools.content.util.ContentUtilsTest" time="4.934"/>
  <testcase name="whenPublishAndExpireDatesAreInTheFutureAndTimeMachineIsAfterBoth" classname="com.dotcms.rendering.velocity.viewtools.content.util.ContentUtilsTest" time="3.357"/>
  <testcase name="testPullRelatedForLegacyRelationship[0: com.dotcms.rendering.velocity.viewtools.content.util.ContentUtilsTest$LegacyTestCase@7c2f1f54]" classname="com.dotcms.rendering.velocity.viewtools.content.util.ContentUtilsTest" time="4.42"/>
  <testcase name="testPullRelatedForLegacyRelationship[1: com.dotcms.rendering.velocity.viewtools.content.util.ContentUtilsTest$LegacyTestCase@48311fe8]" classname="com.dotcms.rendering.velocity.viewtools.content.util.ContentUtilsTest" time="3.302"/>
  <testcase name="whenTheTimeMachineDateIsAfterTomorrowAndExpireDateIsTomorrowShouldNotReturnContent" classname="com.dotcms.rendering.velocity.viewtools.content.util.ContentUtilsTest" time="3.297"/>
  <testcase name="testPullLiveRelatedWhenLatestVersionIsWorking" classname="com.dotcms.rendering.velocity.viewtools.content.util.ContentUtilsTest" time="3.245"/>
  <testcase name="test_add_relationships_on_parent_children_related_contents" classname="com.dotcms.rendering.velocity.viewtools.content.util.ContentUtilsTest" time="1.623"/>
  <testcase name="testSortPullRelated[0: com.dotcms.rendering.velocity.viewtools.content.util.ContentUtilsTest$SortTestCase@76c976f]" classname="com.dotcms.rendering.velocity.viewtools.content.util.ContentUtilsTest" time="2.054"/>
  <testcase name="testSortPullRelated[1: com.dotcms.rendering.velocity.viewtools.content.util.ContentUtilsTest$SortTestCase@16308fa5]" classname="com.dotcms.rendering.velocity.viewtools.content.util.ContentUtilsTest" time="2.039"/>
  <testcase name="testSortPullRelated[2: com.dotcms.rendering.velocity.viewtools.content.util.ContentUtilsTest$SortTestCase@1261f788]" classname="com.dotcms.rendering.velocity.viewtools.content.util.ContentUtilsTest" time="2.869"/>
  <testcase name="testSortPullRelated[3: com.dotcms.rendering.velocity.viewtools.content.util.ContentUtilsTest$SortTestCase@526f6473]" classname="com.dotcms.rendering.velocity.viewtools.content.util.ContentUtilsTest" time="2.896"/>
  <testcase name="testSortPullRelated[4: com.dotcms.rendering.velocity.viewtools.content.util.ContentUtilsTest$SortTestCase@31db46be]" classname="com.dotcms.rendering.velocity.viewtools.content.util.ContentUtilsTest" time="1.885"/>
  <testcase name="testSortPullRelated[5: com.dotcms.rendering.velocity.viewtools.content.util.ContentUtilsTest$SortTestCase@2384ba87]" classname="com.dotcms.rendering.velocity.viewtools.content.util.ContentUtilsTest" time="1.978"/>
  <testcase name="whenTheTimeMachineDateIsAfterTomorrowAndExpireDateIsInFutureShouldReturnContent" classname="com.dotcms.rendering.velocity.viewtools.content.util.ContentUtilsTest" time="3.363"/>
  <testcase name="testPullRelatedFieldShouldRespectDefaultOrder" classname="com.dotcms.rendering.velocity.viewtools.content.util.ContentUtilsTest" time="2.408"/>
  <system-out><![CDATA[]]></system-out>
  <system-err><![CDATA[]]></system-err>
</testsuite>
