<?xml version="1.0" encoding="UTF-8"?>
<testsuite name="com.dotmarketing.portlets.containers.business.FileAssetContainerUtilTest" tests="10" skipped="0" failures="0" errors="0" timestamp="2023-06-26T19:35:59" hostname="fv-az1114-884" time="11.768">
  <properties/>
  <testcase name="test_fromAssets_default_layout" classname="com.dotmarketing.portlets.containers.business.FileAssetContainerUtilTest" time="0.561"/>
  <testcase name="test_getHost_ramdom_default_expected" classname="com.dotmarketing.portlets.containers.business.FileAssetContainerUtilTest" time="0.001"/>
  <testcase name="test_getPathFromFullPath_right_host_on_full_path" classname="com.dotmarketing.portlets.containers.business.FileAssetContainerUtilTest" time="0.0"/>
  <testcase name="test_getHost_null_default_expected" classname="com.dotmarketing.portlets.containers.business.FileAssetContainerUtilTest" time="0.001"/>
  <testcase name="test_fromAssets_File_Physical_Deleted" classname="com.dotmarketing.portlets.containers.business.FileAssetContainerUtilTest" time="0.507"/>
  <testcase name="test_getHost_blank_default_expected" classname="com.dotmarketing.portlets.containers.business.FileAssetContainerUtilTest" time="0.003"/>
  <testcase name="testGetFullPathMethod" classname="com.dotmarketing.portlets.containers.business.FileAssetContainerUtilTest" time="8.283"/>
  <testcase name="test_getPathFromFullPath_any_host_on_relative_path" classname="com.dotmarketing.portlets.containers.business.FileAssetContainerUtilTest" time="0.001"/>
  <testcase name="test_getHost_demo_default_demo" classname="com.dotmarketing.portlets.containers.business.FileAssetContainerUtilTest" time="2.407"/>
  <testcase name="test_getPathFromFullPath_wrong_host_on_full_path" classname="com.dotmarketing.portlets.containers.business.FileAssetContainerUtilTest" time="0.0"/>
  <system-out><![CDATA[]]></system-out>
  <system-err><![CDATA[]]></system-err>
</testsuite>
