<?xml version="1.0" encoding="UTF-8"?>
<testsuite name="com.dotmarketing.startup.runonce.Task220825CreateVariantFieldTest" tests="4" skipped="0" failures="0" errors="0" timestamp="2023-07-18T16:00:51" hostname="fv-az370-360" time="61.268">
  <properties/>
  <testcase name="conntentletVersionInfoWithVariant" classname="com.dotmarketing.startup.runonce.Task220825CreateVariantFieldTest" time="60.211"/>
  <testcase name="runningTU" classname="com.dotmarketing.startup.runonce.Task220825CreateVariantFieldTest" time="1.026"/>
  <testcase name="forceRun" classname="com.dotmarketing.startup.runonce.Task220825CreateVariantFieldTest" time="0.016"/>
  <testcase name="runningTwice" classname="com.dotmarketing.startup.runonce.Task220825CreateVariantFieldTest" time="0.014"/>
  <system-out><![CDATA[]]></system-out>
  <system-err><![CDATA[]]></system-err>
</testsuite>
