<?xml version="1.0" encoding="UTF-8"?>
<testsuite name="com.dotcms.rendering.velocity.viewtools.content.ContentMapTest" tests="3" skipped="0" failures="0" errors="0" timestamp="2023-07-14T14:42:34" hostname="fv-az627-249" time="10.367">
  <properties/>
  <testcase name="testGet_Field_Variable" classname="com.dotcms.rendering.velocity.viewtools.content.ContentMapTest" time="1.156"/>
  <testcase name="testGetRelationshipFieldFromContentMapWithMultilingualRelatedContent" classname="com.dotcms.rendering.velocity.viewtools.content.ContentMapTest" time="4.894"/>
  <testcase name="testGet_showCategories_AsAnonUser" classname="com.dotcms.rendering.velocity.viewtools.content.ContentMapTest" time="4.317"/>
  <system-out><![CDATA[]]></system-out>
  <system-err><![CDATA[]]></system-err>
</testsuite>
