<?xml version="1.0" encoding="UTF-8"?>
<testsuite name="com.dotmarketing.portlets.structure.factories.FieldFactoryTest" tests="10" skipped="0" failures="0" errors="0" timestamp="2023-07-20T20:27:21" hostname="fv-az1232-188" time="2.592">
  <properties/>
  <testcase name="fieldVariables" classname="com.dotmarketing.portlets.structure.factories.FieldFactoryTest" time="0.093"/>
  <testcase name="isTagField" classname="com.dotmarketing.portlets.structure.factories.FieldFactoryTest" time="0.017"/>
  <testcase name="getFieldsByStructure" classname="com.dotmarketing.portlets.structure.factories.FieldFactoryTest" time="0.002"/>
  <testcase name="getFieldByName" classname="com.dotmarketing.portlets.structure.factories.FieldFactoryTest" time="0.003"/>
  <testcase name="getFieldByVariableName" classname="com.dotmarketing.portlets.structure.factories.FieldFactoryTest" time="0.002"/>
  <testcase name="saveDeleteField" classname="com.dotmarketing.portlets.structure.factories.FieldFactoryTest" time="2.468"/>
  <testcase name="getFieldsByContentletField" classname="com.dotmarketing.portlets.structure.factories.FieldFactoryTest" time="0.002"/>
  <testcase name="getFieldsByStructureSortedBySortOrder" classname="com.dotmarketing.portlets.structure.factories.FieldFactoryTest" time="0.001"/>
  <testcase name="getNextAvailableFieldNumber" classname="com.dotmarketing.portlets.structure.factories.FieldFactoryTest" time="0.002"/>
  <testcase name="getFieldByInode" classname="com.dotmarketing.portlets.structure.factories.FieldFactoryTest" time="0.002"/>
  <system-out><![CDATA[]]></system-out>
  <system-err><![CDATA[]]></system-err>
</testsuite>
