<?xml version="1.0" encoding="UTF-8"?>
<testsuite name="com.dotmarketing.portlets.structure.model.ContentletRelationshipsTest" tests="7" skipped="0" failures="0" errors="0" timestamp="2023-07-19T18:12:22" hostname="fv-az189-825" time="8.327">
  <properties/>
  <testcase name="testDoesAllowOnlyOne[0: com.dotmarketing.portlets.structure.model.ContentletRelationshipsTest$CardinalityTestCase@11edb5e4]" classname="com.dotmarketing.portlets.structure.model.ContentletRelationshipsTest" time="0.419"/>
  <testcase name="testDoesAllowOnlyOne[1: com.dotmarketing.portlets.structure.model.ContentletRelationshipsTest$CardinalityTestCase@69212864]" classname="com.dotmarketing.portlets.structure.model.ContentletRelationshipsTest" time="0.381"/>
  <testcase name="testDoesAllowOnlyOne[2: com.dotmarketing.portlets.structure.model.ContentletRelationshipsTest$CardinalityTestCase@1580d54d]" classname="com.dotmarketing.portlets.structure.model.ContentletRelationshipsTest" time="0.434"/>
  <testcase name="testGetRelationshipRecords[0: com.dotmarketing.portlets.structure.model.ContentletRelationshipsTest$TestCase@354e273d]" classname="com.dotmarketing.portlets.structure.model.ContentletRelationshipsTest" time="1.827"/>
  <testcase name="testGetRelationshipRecords[1: com.dotmarketing.portlets.structure.model.ContentletRelationshipsTest$TestCase@4970e6e5]" classname="com.dotmarketing.portlets.structure.model.ContentletRelationshipsTest" time="1.814"/>
  <testcase name="testGetRelationshipRecords[2: com.dotmarketing.portlets.structure.model.ContentletRelationshipsTest$TestCase@297295a7]" classname="com.dotmarketing.portlets.structure.model.ContentletRelationshipsTest" time="1.733"/>
  <testcase name="testGetRelationshipRecords[3: com.dotmarketing.portlets.structure.model.ContentletRelationshipsTest$TestCase@3a4b1779]" classname="com.dotmarketing.portlets.structure.model.ContentletRelationshipsTest" time="1.719"/>
  <system-out><![CDATA[]]></system-out>
  <system-err><![CDATA[]]></system-err>
</testsuite>
