<?xml version="1.0" encoding="UTF-8"?>
<testsuite name="com.dotcms.rest.api.v1.vtl.VTLResourceIntegrationTest" tests="6" skipped="0" failures="0" errors="0" timestamp="2023-07-11T15:01:26" hostname="fv-az399-769" time="9.117">
  <properties/>
  <testcase name="testGet[0: com.dotcms.rest.api.v1.vtl.VTLResourceTestCase@3d3a65e9]" classname="com.dotcms.rest.api.v1.vtl.VTLResourceIntegrationTest" time="2.285"/>
  <testcase name="testGet[1: com.dotcms.rest.api.v1.vtl.VTLResourceTestCase@1f849a98]" classname="com.dotcms.rest.api.v1.vtl.VTLResourceIntegrationTest" time="1.679"/>
  <testcase name="testGet[2: com.dotcms.rest.api.v1.vtl.VTLResourceTestCase@1d4ce286]" classname="com.dotcms.rest.api.v1.vtl.VTLResourceIntegrationTest" time="2.219"/>
  <testcase name="testGet[3: com.dotcms.rest.api.v1.vtl.VTLResourceTestCase@7bf3e4b0]" classname="com.dotcms.rest.api.v1.vtl.VTLResourceIntegrationTest" time="0.924"/>
  <testcase name="testGet[4: com.dotcms.rest.api.v1.vtl.VTLResourceTestCase@1508d30a]" classname="com.dotcms.rest.api.v1.vtl.VTLResourceIntegrationTest" time="0.997"/>
  <testcase name="testGet[5: com.dotcms.rest.api.v1.vtl.VTLResourceTestCase@2ee3cb69]" classname="com.dotcms.rest.api.v1.vtl.VTLResourceIntegrationTest" time="1.013"/>
  <system-out><![CDATA[]]></system-out>
  <system-err><![CDATA[]]></system-err>
</testsuite>
