<?xml version="1.0" encoding="UTF-8"?>
<testsuite name="com.dotmarketing.business.DeterministicIdentifierAPITest" tests="16" skipped="0" failures="0" errors="0" timestamp="2023-06-27T21:52:56" hostname="fv-az338-385" time="1.353">
  <properties/>
  <testcase name="Test_Category_Path_Seed_And_Id" classname="com.dotmarketing.business.DeterministicIdentifierAPITest" time="0.025"/>
  <testcase name="Test_Language_Deterministic_Id[0: LanguageTestCase{expectedSeed='Language:es:US', expectedHash=4913155, langCode='es', countryCode='US', country='United States'}]" classname="com.dotmarketing.business.DeterministicIdentifierAPITest" time="0.001"/>
  <testcase name="Test_Language_Deterministic_Id[1: LanguageTestCase{expectedSeed='Language:ep:', expectedHash=5292269, langCode='ep', countryCode='', country=''}]" classname="com.dotmarketing.business.DeterministicIdentifierAPITest" time="0.001"/>
  <testcase name="Test_Language_Deterministic_Id[2: LanguageTestCase{expectedSeed='Language:sg:SAG', expectedHash=4713118, langCode='sg', countryCode='SAG', country=''}]" classname="com.dotmarketing.business.DeterministicIdentifierAPITest" time="0.001"/>
  <testcase name="Test_Language_Deterministic_Id[3: LanguageTestCase{expectedSeed='Language:en:NZ', expectedHash=5382528, langCode='en', countryCode='NZ', country='New Zealand'}]" classname="com.dotmarketing.business.DeterministicIdentifierAPITest" time="0.001"/>
  <testcase name="Test_Category_None_Persisted_Category_Should_Return_Deterministic_Id" classname="com.dotmarketing.business.DeterministicIdentifierAPITest" time="0.001"/>
  <testcase name="Test_Asset_Generate_Deterministic_Id_Best_Effort[0: TestCase{versionable=my.host1687902389720.com, parent=System Host, expectedName='my.host1687902389720.com', expectedType='Host'}]" classname="com.dotmarketing.business.DeterministicIdentifierAPITest" time="0.003"/>
  <testcase name="Test_Asset_Generate_Deterministic_Id_Best_Effort[1: TestCase{versionable=com.dotmarketing.portlets.contentlet.model.Contentlet@4ab04582[map={modDate=2023-06-27 21:46:30.562, fileName=file11832886712975424827.txt, title=file11832886712975424827.txt, inode=b20ae774-d884-4ae0-a795-26311811900a, __IS_NEW_CONTENT__=true, disabledWYSIWYG=[], host=810c7284-7a80-4b61-954c-5859b0e06731, stInode=33888b6f-7a8e-4069-b1b6-5c1aa9d0a48d, owner=system, identifier=2ba4cde4-5423-440d-8f4e-01e674e2268d, nullProperties=[wfExpireDate, wfPublishDate, wfActionAssign, wfActionId, wfActionComments, filterKey, whereToSend, wfNeverExpire, _path_to_move, timezoneId, iWantTo, wfPublishTime, wfExpireTime], languageId=1, fileAsset=/home/runner/work/core/custom/assets/b/2/b20ae774-d884-4ae0-a795-26311811900a/fileAsset/file11832886712975424827.txt, folder=5cd18dfd-c6a7-46c6-861a-e52cc27d2eba, __disable_workflow__=true, sortOrder=0, modUser=system},lowIndexPriority=false,variantId=DEFAULT], parent=com.dotmarketing.portlets.folders.model.Folder@21056b22[identifier=5cd18dfd-c6a7-46c6-861a-e52cc27d2eba,name=testName1687902390528,sortOrder=0,showOnMenu=false,hostId=810c7284-7a80-4b61-954c-5859b0e06731,type=folder,title=testTitle1687902390528,filesMasks=,defaultFileType=33888b6f-7a8e-4069-b1b6-5c1aa9d0a48d,modDate=2023-06-27 21:46:30.544,owner=&lt;null&gt;,iDate=2023-06-27 21:46:30.544,inode=5cd18dfd-c6a7-46c6-861a-e52cc27d2eba,path=/testName1687902390528/], expectedName='file11832886712975424827.txt', expectedType='FileAsset'}]" classname="com.dotmarketing.business.DeterministicIdentifierAPITest" time="0.003"/>
  <testcase name="Test_Asset_Generate_Deterministic_Id_Best_Effort[2: TestCase{versionable=com.dotmarketing.portlets.templates.model.Template@8f096901, parent=my.host1687902389720.com, expectedName='testTitle1687902390677', expectedType='Template'}]" classname="com.dotmarketing.business.DeterministicIdentifierAPITest" time="0.002"/>
  <testcase name="Test_Asset_Generate_Deterministic_Id_Best_Effort[3: TestCase{versionable=com.dotmarketing.portlets.htmlpageasset.model.HTMLPageAsset@22783b03[map={template=b896278a-1456-4591-b44c-0f5c53275aa5, owner=system, identifier=f83ffe87-b300-4566-8a73-23f7f7eae049, nullProperties=[wfExpireDate, wfPublishDate, wfActionAssign, wfActionId, wfActionComments, filterKey, whereToSend, wfNeverExpire, _path_to_move, timezoneId, iWantTo, wfPublishTime, wfExpireTime], modDate=2023-06-27 21:46:30.697, cachettl=0, _is_test_mode=true, languageId=1, title=test-page-title-1687902390693, httpsreq=, url=test-page-url-1687902390693, showOnMenu=, inode=330597d1-1471-4fa7-bb2c-ea3fef2c8754, folder=5cd18dfd-c6a7-46c6-861a-e52cc27d2eba, disabledWYSIWYG=[], sortOrder=1, modUser=system, host=810c7284-7a80-4b61-954c-5859b0e06731, stInode=c541abb1-69b3-4bc5-8430-5e09e5239cc8, friendlyName=test-page-friendly-name-1687902390693},lowIndexPriority=false,variantId=DEFAULT], parent=com.dotmarketing.portlets.folders.model.Folder@21056b22[identifier=5cd18dfd-c6a7-46c6-861a-e52cc27d2eba,name=testName1687902390528,sortOrder=0,showOnMenu=false,hostId=810c7284-7a80-4b61-954c-5859b0e06731,type=folder,title=testTitle1687902390528,filesMasks=,defaultFileType=33888b6f-7a8e-4069-b1b6-5c1aa9d0a48d,modDate=2023-06-27 21:46:30.544,owner=&lt;null&gt;,iDate=2023-06-27 21:46:30.544,inode=5cd18dfd-c6a7-46c6-861a-e52cc27d2eba,path=/testName1687902390528/], expectedName='test-page-url-1687902390693', expectedType='htmlpageasset'}]" classname="com.dotmarketing.business.DeterministicIdentifierAPITest" time="0.002"/>
  <testcase name="Test_Asset_Generate_Deterministic_Id_Best_Effort[4: TestCase{versionable=com.dotmarketing.portlets.contentlet.model.Contentlet@4886b9db[map={fileAsset2=/home/runner/work/core/custom/assets/3/b/3b351e06-c7cc-45c7-9268-cdbb71974800/fileAsset2/test_binary1687902391503.png, modDate=2023-06-27 21:46:31.509, fileAsset1=/home/runner/work/core/custom/assets/3/b/3b351e06-c7cc-45c7-9268-cdbb71974800/fileAsset1/test_binary1687902391503.jpg, title=blah, inode=3b351e06-c7cc-45c7-9268-cdbb71974800, __IS_NEW_CONTENT__=true, disabledWYSIWYG=[], host=48190c8c-42c4-46af-8d1a-0cd5db894797, stInode=da57de2f-8b74-4527-bb2a-49aa3ca91166, owner=system, identifier=0a91022a-d48e-4464-b224-bdb6efe2881b, nullProperties=[], languageId=1, image1=2c89bf54-615c-46a7-a992-93b5de28fcc0, folder=SYSTEM_FOLDER, __disable_workflow__=true, sortOrder=0, modUser=system},lowIndexPriority=false,variantId=DEFAULT], parent=demo.dotcms.com, expectedName='test_binary1687902391503.jpg:test_binary1687902391503.png', expectedType='MultipleBinaries1687902390862'}]" classname="com.dotmarketing.business.DeterministicIdentifierAPITest" time="0.002"/>
  <testcase name="Test_Asset_Generate_Deterministic_Id_Best_Effort[5: TestCase{versionable=name9106a576fb : keyTag9106a576fb, parent=my.host1687902389720.com, expectedName='keyTag9106a576fb', expectedType='persona'}]" classname="com.dotmarketing.business.DeterministicIdentifierAPITest" time="0.002"/>
  <testcase name="Test_Similar_Content_Type_Wont_Clash" classname="com.dotmarketing.business.DeterministicIdentifierAPITest" time="0.477"/>
  <testcase name="Test_Generate_Folder_Identifier" classname="com.dotmarketing.business.DeterministicIdentifierAPITest" time="0.821"/>
  <testcase name="Test_Generate_Content_Type_Identifier[0: ContentTypeTestCase{contentType=KeyValueContentType{name=Language Variable, id=f4d7c1b8-2c88-4071-abf1-a5328977b07d, description=Default Content Type for Language Variables, defaultType=false, fixed=true, iDate=Thu Aug 31 16:38:49 UTC 2017, system=true, versionable=true, variable=Languagevariable, modDate=Tue Jun 27 20:40:54 UTC 2023, host=SYSTEM_HOST, siteName=systemHost, icon=language, sortOrder=0, folder=SYSTEM_FOLDER, folderPath=/, markedForDeletion=true, multilingualable=false}, expectedName='Languagevariable', expectedType='KeyValue'}]" classname="com.dotmarketing.business.DeterministicIdentifierAPITest" time="0.004"/>
  <testcase name="Test_Generate_Content_Type_Identifier[1: ContentTypeTestCase{contentType=SimpleContentType{name=testName1687902391885, id=eb41105d-ad5d-4913-a794-60fe822a23d1, description=testDescription1687902391885, defaultType=false, fixed=false, iDate=Tue Jun 27 21:46:31 UTC 2023, system=false, versionable=true, multilingualable=false, variable=testVarname1687902391885, owner=system, modDate=Tue Jun 27 21:46:32 UTC 2023, host=48190c8c-42c4-46af-8d1a-0cd5db894797, siteName=demo.dotcms.com, icon=event_note, sortOrder=0, folder=SYSTEM_FOLDER, folderPath=/, requiredFields=[], markedForDeletion=false}, expectedName='testVarname1687902391885', expectedType='CONTENT'}]" classname="com.dotmarketing.business.DeterministicIdentifierAPITest" time="0.004"/>
  <system-out><![CDATA[]]></system-out>
  <system-err><![CDATA[]]></system-err>
</testsuite>
