<?xml version="1.0" encoding="UTF-8"?>
<testsuite name="com.dotcms.enterprise.cluster.ClusterFactoryTest" tests="1" skipped="0" failures="0" errors="0" timestamp="2023-07-17T22:54:38" hostname="fv-az407-374" time="0.004">
  <properties/>
  <testcase name="testClusterReady_ShouldReturnTrue" classname="com.dotcms.enterprise.cluster.ClusterFactoryTest" time="0.004"/>
  <system-out><![CDATA[]]></system-out>
  <system-err><![CDATA[]]></system-err>
</testsuite>
