<?xml version="1.0" encoding="UTF-8"?>
<testsuite name="com.dotcms.rest.api.v1.vtl.VTLResourceIntegrationTest" tests="6" skipped="0" failures="0" errors="0" timestamp="2023-07-18T03:55:11" hostname="fv-az1236-699" time="12.504">
  <properties/>
  <testcase name="testGet[0: com.dotcms.rest.api.v1.vtl.VTLResourceTestCase@48460770]" classname="com.dotcms.rest.api.v1.vtl.VTLResourceIntegrationTest" time="2.524"/>
  <testcase name="testGet[1: com.dotcms.rest.api.v1.vtl.VTLResourceTestCase@62849f0a]" classname="com.dotcms.rest.api.v1.vtl.VTLResourceIntegrationTest" time="1.876"/>
  <testcase name="testGet[2: com.dotcms.rest.api.v1.vtl.VTLResourceTestCase@a8e43b7]" classname="com.dotcms.rest.api.v1.vtl.VTLResourceIntegrationTest" time="2.235"/>
  <testcase name="testGet[3: com.dotcms.rest.api.v1.vtl.VTLResourceTestCase@1c88f9cb]" classname="com.dotcms.rest.api.v1.vtl.VTLResourceIntegrationTest" time="1.887"/>
  <testcase name="testGet[4: com.dotcms.rest.api.v1.vtl.VTLResourceTestCase@648d00ad]" classname="com.dotcms.rest.api.v1.vtl.VTLResourceIntegrationTest" time="1.884"/>
  <testcase name="testGet[5: com.dotcms.rest.api.v1.vtl.VTLResourceTestCase@2237bff9]" classname="com.dotcms.rest.api.v1.vtl.VTLResourceIntegrationTest" time="2.098"/>
  <system-out><![CDATA[]]></system-out>
  <system-err><![CDATA[]]></system-err>
</testsuite>
