<?xml version="1.0" encoding="UTF-8"?>
<testsuite name="com.dotcms.publishing.PublisherAPIImplTest" tests="24" skipped="0" failures="0" errors="0" timestamp="2023-06-22T18:55:16" hostname="fv-az456-887" time="5.333">
  <properties/>
  <testcase name="AddAllCategoryIntoBundle" classname="com.dotcms.publishing.PublisherAPIImplTest" time="0.285"/>
  <testcase name="testFilterDescriptors" classname="com.dotcms.publishing.PublisherAPIImplTest" time="0.071"/>
  <testcase name="sendPushPublishBundle[0: com.dotcms.publishing.PublisherAPIImplTest$TestAsset@abaea4f]" classname="com.dotcms.publishing.PublisherAPIImplTest" time="1.666"/>
  <testcase name="sendPushPublishBundle[1: com.dotcms.publishing.PublisherAPIImplTest$TestAsset@550b59c9]" classname="com.dotcms.publishing.PublisherAPIImplTest" time="0.249"/>
  <testcase name="sendPushPublishBundle[2: com.dotcms.publishing.PublisherAPIImplTest$TestAsset@4a3f4bb5]" classname="com.dotcms.publishing.PublisherAPIImplTest" time="0.19"/>
  <testcase name="sendPushPublishBundle[3: com.dotcms.publishing.PublisherAPIImplTest$TestAsset@2f9c3a28]" classname="com.dotcms.publishing.PublisherAPIImplTest" time="0.367"/>
  <testcase name="sendPushPublishBundle[4: com.dotcms.publishing.PublisherAPIImplTest$TestAsset@72a95506]" classname="com.dotcms.publishing.PublisherAPIImplTest" time="0.248"/>
  <testcase name="sendPushPublishBundle[5: com.dotcms.publishing.PublisherAPIImplTest$TestAsset@7de38f8b]" classname="com.dotcms.publishing.PublisherAPIImplTest" time="0.176"/>
  <testcase name="sendPushPublishBundle[6: com.dotcms.publishing.PublisherAPIImplTest$TestAsset@4d311161]" classname="com.dotcms.publishing.PublisherAPIImplTest" time="0.176"/>
  <testcase name="sendPushPublishBundle[7: com.dotcms.publishing.PublisherAPIImplTest$TestAsset@3322f95]" classname="com.dotcms.publishing.PublisherAPIImplTest" time="0.165"/>
  <testcase name="sendPushPublishBundle[8: com.dotcms.publishing.PublisherAPIImplTest$TestAsset@3b0b4b90]" classname="com.dotcms.publishing.PublisherAPIImplTest" time="0.132"/>
  <testcase name="sendPushPublishBundle[9: com.dotcms.publishing.PublisherAPIImplTest$TestAsset@5a7504ad]" classname="com.dotcms.publishing.PublisherAPIImplTest" time="0.226"/>
  <testcase name="sendPushPublishBundle[10: com.dotcms.publishing.PublisherAPIImplTest$TestAsset@1f0abc9b]" classname="com.dotcms.publishing.PublisherAPIImplTest" time="0.085"/>
  <testcase name="generateBundle[0: com.dotcms.publishing.PublisherAPIImplTest$TestAsset@abaea4f]" classname="com.dotcms.publishing.PublisherAPIImplTest" time="0.135"/>
  <testcase name="generateBundle[1: com.dotcms.publishing.PublisherAPIImplTest$TestAsset@550b59c9]" classname="com.dotcms.publishing.PublisherAPIImplTest" time="0.134"/>
  <testcase name="generateBundle[2: com.dotcms.publishing.PublisherAPIImplTest$TestAsset@4a3f4bb5]" classname="com.dotcms.publishing.PublisherAPIImplTest" time="0.112"/>
  <testcase name="generateBundle[3: com.dotcms.publishing.PublisherAPIImplTest$TestAsset@2f9c3a28]" classname="com.dotcms.publishing.PublisherAPIImplTest" time="0.243"/>
  <testcase name="generateBundle[4: com.dotcms.publishing.PublisherAPIImplTest$TestAsset@72a95506]" classname="com.dotcms.publishing.PublisherAPIImplTest" time="0.162"/>
  <testcase name="generateBundle[5: com.dotcms.publishing.PublisherAPIImplTest$TestAsset@7de38f8b]" classname="com.dotcms.publishing.PublisherAPIImplTest" time="0.09"/>
  <testcase name="generateBundle[6: com.dotcms.publishing.PublisherAPIImplTest$TestAsset@4d311161]" classname="com.dotcms.publishing.PublisherAPIImplTest" time="0.097"/>
  <testcase name="generateBundle[7: com.dotcms.publishing.PublisherAPIImplTest$TestAsset@3322f95]" classname="com.dotcms.publishing.PublisherAPIImplTest" time="0.067"/>
  <testcase name="generateBundle[8: com.dotcms.publishing.PublisherAPIImplTest$TestAsset@3b0b4b90]" classname="com.dotcms.publishing.PublisherAPIImplTest" time="0.104"/>
  <testcase name="generateBundle[9: com.dotcms.publishing.PublisherAPIImplTest$TestAsset@5a7504ad]" classname="com.dotcms.publishing.PublisherAPIImplTest" time="0.118"/>
  <testcase name="generateBundle[10: com.dotcms.publishing.PublisherAPIImplTest$TestAsset@1f0abc9b]" classname="com.dotcms.publishing.PublisherAPIImplTest" time="0.023"/>
  <system-out><![CDATA[









































































































































































]]></system-out>
  <system-err><![CDATA[]]></system-err>
</testsuite>
