<?xml version="1.0" encoding="UTF-8"?>
<testsuite name="com.dotcms.publisher.assets.business.PushedAssetsAPITest" tests="2" skipped="0" failures="0" errors="0" timestamp="2023-07-14T22:54:59" hostname="fv-az809-141" time="0.165">
  <properties/>
  <testcase name="test_save_and_delete_pushed_assets_on_two_env" classname="com.dotcms.publisher.assets.business.PushedAssetsAPITest" time="0.16"/>
  <testcase name="test_deletePushedAssetsByBundleId" classname="com.dotcms.publisher.assets.business.PushedAssetsAPITest" time="0.004"/>
  <system-out><![CDATA[]]></system-out>
  <system-err><![CDATA[]]></system-err>
</testsuite>
