<?xml version="1.0" encoding="UTF-8"?>
<testsuite name="com.dotmarketing.portlets.personas.business.DeleteMultiTreeUsedPersonaTagJobTest" tests="1" skipped="0" failures="0" errors="0" timestamp="2023-07-19T19:18:45" hostname="fv-az842-421" time="0.046">
  <properties/>
  <testcase name="testExecute" classname="com.dotmarketing.portlets.personas.business.DeleteMultiTreeUsedPersonaTagJobTest" time="0.046"/>
  <system-out><![CDATA[]]></system-out>
  <system-err><![CDATA[]]></system-err>
</testsuite>
