<?xml version="1.0" encoding="UTF-8"?>
<testsuite name="com.dotcms.rest.api.v1.apps.view.AppsInterpolationTest" tests="1" skipped="0" failures="0" errors="0" timestamp="2023-07-07T19:31:09" hostname="fv-az1131-394" time="0.013">
  <properties/>
  <testcase name="Test_Interpolation" classname="com.dotcms.rest.api.v1.apps.view.AppsInterpolationTest" time="0.013"/>
  <system-out><![CDATA[]]></system-out>
  <system-err><![CDATA[]]></system-err>
</testsuite>
