<?xml version="1.0" encoding="UTF-8"?>
<testsuite name="com.dotcms.content.model.hydration.MetadataDelegateTest" tests="1" skipped="0" failures="0" errors="0" timestamp="2023-07-17T21:56:38" hostname="fv-az561-617" time="2.692">
  <properties/>
  <testcase name="Test_File_Asset_Path_Normalized" classname="com.dotcms.content.model.hydration.MetadataDelegateTest" time="2.692"/>
  <system-out><![CDATA[]]></system-out>
  <system-err><![CDATA[]]></system-err>
</testsuite>
