<?xml version="1.0" encoding="UTF-8"?>
<testsuite name="com.dotcms.rest.TagResourceIntegrationTest" tests="4" skipped="0" failures="0" errors="0" timestamp="2023-07-08T00:34:29" hostname="fv-az166-981" time="0.32">
  <properties/>
  <testcase name="testList[0: com.dotcms.rest.TagResourceTestCase@2a3b3fd0]" classname="com.dotcms.rest.TagResourceIntegrationTest" time="0.254"/>
  <testcase name="testList[1: com.dotcms.rest.TagResourceTestCase@686d2b0]" classname="com.dotcms.rest.TagResourceIntegrationTest" time="0.024"/>
  <testcase name="testList[2: com.dotcms.rest.TagResourceTestCase@4cfc8f02]" classname="com.dotcms.rest.TagResourceIntegrationTest" time="0.02"/>
  <testcase name="testList[3: com.dotcms.rest.TagResourceTestCase@4ad419a0]" classname="com.dotcms.rest.TagResourceIntegrationTest" time="0.022"/>
  <system-out><![CDATA[]]></system-out>
  <system-err><![CDATA[Jul 08, 2023 12:34:29 AM com.dotcms.repackage.org.hibernate.validator.internal.util.Version <clinit>
INFO: HV000001: Hibernate Validator 4.3.2.Final
]]></system-err>
</testsuite>
