<?xml version="1.0" encoding="UTF-8"?>
<testsuite name="com.dotcms.enterprise.publishing.remote.bundler.TemplateBundlerTest" tests="4" skipped="0" failures="0" errors="0" timestamp="2023-07-20T20:58:52" hostname="fv-az1232-188" time="0.04">
  <properties/>
  <testcase name="addTemplateInBundle[0: com.dotcms.enterprise.publishing.remote.bundler.TemplateBundlerTest$TestCase@5fbc6733]" classname="com.dotcms.enterprise.publishing.remote.bundler.TemplateBundlerTest" time="0.008"/>
  <testcase name="addTemplateInBundle[1: com.dotcms.enterprise.publishing.remote.bundler.TemplateBundlerTest$TestCase@43d419e]" classname="com.dotcms.enterprise.publishing.remote.bundler.TemplateBundlerTest" time="0.015"/>
  <testcase name="addTemplateInBundle[2: com.dotcms.enterprise.publishing.remote.bundler.TemplateBundlerTest$TestCase@46f057e1]" classname="com.dotcms.enterprise.publishing.remote.bundler.TemplateBundlerTest" time="0.007"/>
  <testcase name="addTemplateInBundle[3: com.dotcms.enterprise.publishing.remote.bundler.TemplateBundlerTest$TestCase@22946e67]" classname="com.dotcms.enterprise.publishing.remote.bundler.TemplateBundlerTest" time="0.01"/>
  <system-out><![CDATA[]]></system-out>
  <system-err><![CDATA[]]></system-err>
</testsuite>
