<?xml version="1.0" encoding="UTF-8"?>
<testsuite name="com.dotmarketing.portlets.containers.business.ContainerStructureFinderStrategyResolverTest" tests="2" skipped="0" failures="0" errors="0" timestamp="2023-06-30T21:22:00" hostname="fv-az247-376" time="2.518">
  <properties/>
  <testcase name="test_default_layout" classname="com.dotmarketing.portlets.containers.business.ContainerStructureFinderStrategyResolverTest" time="1.046"/>
  <testcase name="get_container_structure_from_file_name_" classname="com.dotmarketing.portlets.containers.business.ContainerStructureFinderStrategyResolverTest" time="1.472"/>
  <system-out><![CDATA[]]></system-out>
  <system-err><![CDATA[]]></system-err>
</testsuite>
