<?xml version="1.0" encoding="UTF-8"?>
<testsuite name="com.dotcms.publishing.PublisherAPIImplTest" tests="24" skipped="0" failures="0" errors="0" timestamp="2023-06-29T16:28:55" hostname="fv-az615-773" time="4.2">
  <properties/>
  <testcase name="AddAllCategoryIntoBundle" classname="com.dotcms.publishing.PublisherAPIImplTest" time="0.172"/>
  <testcase name="testFilterDescriptors" classname="com.dotcms.publishing.PublisherAPIImplTest" time="0.097"/>
  <testcase name="sendPushPublishBundle[0: com.dotcms.publishing.PublisherAPIImplTest$TestAsset@43763ee5]" classname="com.dotcms.publishing.PublisherAPIImplTest" time="1.271"/>
  <testcase name="sendPushPublishBundle[1: com.dotcms.publishing.PublisherAPIImplTest$TestAsset@b3aec8d]" classname="com.dotcms.publishing.PublisherAPIImplTest" time="0.231"/>
  <testcase name="sendPushPublishBundle[2: com.dotcms.publishing.PublisherAPIImplTest$TestAsset@10f24138]" classname="com.dotcms.publishing.PublisherAPIImplTest" time="0.141"/>
  <testcase name="sendPushPublishBundle[3: com.dotcms.publishing.PublisherAPIImplTest$TestAsset@490423c7]" classname="com.dotcms.publishing.PublisherAPIImplTest" time="0.435"/>
  <testcase name="sendPushPublishBundle[4: com.dotcms.publishing.PublisherAPIImplTest$TestAsset@3b77ad14]" classname="com.dotcms.publishing.PublisherAPIImplTest" time="0.22"/>
  <testcase name="sendPushPublishBundle[5: com.dotcms.publishing.PublisherAPIImplTest$TestAsset@67f57073]" classname="com.dotcms.publishing.PublisherAPIImplTest" time="0.154"/>
  <testcase name="sendPushPublishBundle[6: com.dotcms.publishing.PublisherAPIImplTest$TestAsset@658c1634]" classname="com.dotcms.publishing.PublisherAPIImplTest" time="0.115"/>
  <testcase name="sendPushPublishBundle[7: com.dotcms.publishing.PublisherAPIImplTest$TestAsset@d7e1b59]" classname="com.dotcms.publishing.PublisherAPIImplTest" time="0.113"/>
  <testcase name="sendPushPublishBundle[8: com.dotcms.publishing.PublisherAPIImplTest$TestAsset@be718ef]" classname="com.dotcms.publishing.PublisherAPIImplTest" time="0.105"/>
  <testcase name="sendPushPublishBundle[9: com.dotcms.publishing.PublisherAPIImplTest$TestAsset@47dd8708]" classname="com.dotcms.publishing.PublisherAPIImplTest" time="0.145"/>
  <testcase name="sendPushPublishBundle[10: com.dotcms.publishing.PublisherAPIImplTest$TestAsset@42e50471]" classname="com.dotcms.publishing.PublisherAPIImplTest" time="0.083"/>
  <testcase name="generateBundle[0: com.dotcms.publishing.PublisherAPIImplTest$TestAsset@43763ee5]" classname="com.dotcms.publishing.PublisherAPIImplTest" time="0.081"/>
  <testcase name="generateBundle[1: com.dotcms.publishing.PublisherAPIImplTest$TestAsset@b3aec8d]" classname="com.dotcms.publishing.PublisherAPIImplTest" time="0.08"/>
  <testcase name="generateBundle[2: com.dotcms.publishing.PublisherAPIImplTest$TestAsset@10f24138]" classname="com.dotcms.publishing.PublisherAPIImplTest" time="0.088"/>
  <testcase name="generateBundle[3: com.dotcms.publishing.PublisherAPIImplTest$TestAsset@490423c7]" classname="com.dotcms.publishing.PublisherAPIImplTest" time="0.146"/>
  <testcase name="generateBundle[4: com.dotcms.publishing.PublisherAPIImplTest$TestAsset@3b77ad14]" classname="com.dotcms.publishing.PublisherAPIImplTest" time="0.138"/>
  <testcase name="generateBundle[5: com.dotcms.publishing.PublisherAPIImplTest$TestAsset@67f57073]" classname="com.dotcms.publishing.PublisherAPIImplTest" time="0.073"/>
  <testcase name="generateBundle[6: com.dotcms.publishing.PublisherAPIImplTest$TestAsset@658c1634]" classname="com.dotcms.publishing.PublisherAPIImplTest" time="0.074"/>
  <testcase name="generateBundle[7: com.dotcms.publishing.PublisherAPIImplTest$TestAsset@d7e1b59]" classname="com.dotcms.publishing.PublisherAPIImplTest" time="0.065"/>
  <testcase name="generateBundle[8: com.dotcms.publishing.PublisherAPIImplTest$TestAsset@be718ef]" classname="com.dotcms.publishing.PublisherAPIImplTest" time="0.038"/>
  <testcase name="generateBundle[9: com.dotcms.publishing.PublisherAPIImplTest$TestAsset@47dd8708]" classname="com.dotcms.publishing.PublisherAPIImplTest" time="0.107"/>
  <testcase name="generateBundle[10: com.dotcms.publishing.PublisherAPIImplTest$TestAsset@42e50471]" classname="com.dotcms.publishing.PublisherAPIImplTest" time="0.017"/>
  <system-out><![CDATA[









































































































































































]]></system-out>
  <system-err><![CDATA[]]></system-err>
</testsuite>
