<?xml version="1.0" encoding="UTF-8"?>
<testsuite name="com.dotmarketing.portlets.structure.model.ContentletRelationshipsTest" tests="7" skipped="0" failures="0" errors="0" timestamp="2023-06-26T16:34:47" hostname="fv-az455-440" time="7.517">
  <properties/>
  <testcase name="testDoesAllowOnlyOne[0: com.dotmarketing.portlets.structure.model.ContentletRelationshipsTest$CardinalityTestCase@ca80e91]" classname="com.dotmarketing.portlets.structure.model.ContentletRelationshipsTest" time="0.45"/>
  <testcase name="testDoesAllowOnlyOne[1: com.dotmarketing.portlets.structure.model.ContentletRelationshipsTest$CardinalityTestCase@42ad2303]" classname="com.dotmarketing.portlets.structure.model.ContentletRelationshipsTest" time="0.398"/>
  <testcase name="testDoesAllowOnlyOne[2: com.dotmarketing.portlets.structure.model.ContentletRelationshipsTest$CardinalityTestCase@1711f7fd]" classname="com.dotmarketing.portlets.structure.model.ContentletRelationshipsTest" time="0.437"/>
  <testcase name="testGetRelationshipRecords[0: com.dotmarketing.portlets.structure.model.ContentletRelationshipsTest$TestCase@6bd70bc1]" classname="com.dotmarketing.portlets.structure.model.ContentletRelationshipsTest" time="0.885"/>
  <testcase name="testGetRelationshipRecords[1: com.dotmarketing.portlets.structure.model.ContentletRelationshipsTest$TestCase@27475cac]" classname="com.dotmarketing.portlets.structure.model.ContentletRelationshipsTest" time="1.87"/>
  <testcase name="testGetRelationshipRecords[2: com.dotmarketing.portlets.structure.model.ContentletRelationshipsTest$TestCase@c59d67c]" classname="com.dotmarketing.portlets.structure.model.ContentletRelationshipsTest" time="1.739"/>
  <testcase name="testGetRelationshipRecords[3: com.dotmarketing.portlets.structure.model.ContentletRelationshipsTest$TestCase@14ef7615]" classname="com.dotmarketing.portlets.structure.model.ContentletRelationshipsTest" time="1.735"/>
  <system-out><![CDATA[]]></system-out>
  <system-err><![CDATA[]]></system-err>
</testsuite>
