<?xml version="1.0" encoding="UTF-8"?>
<testsuite name="com.dotcms.contenttype.test.ContentResourceTest" tests="52" skipped="0" failures="0" errors="0" timestamp="2023-06-27T19:37:06" hostname="fv-az1246-735" time="129.647">
  <properties/>
  <testcase name="testGetContentShouldReturnIconDetails" classname="com.dotcms.contenttype.test.ContentResourceTest" time="1.449"/>
  <testcase name="Test_Save_Action_Set_Words_To_Required_NumericField_Issue_15340" classname="com.dotcms.contenttype.test.ContentResourceTest" time="0.881"/>
  <testcase name="test_getContent_includeGrandChildCategory_success" classname="com.dotcms.contenttype.test.ContentResourceTest" time="1.266"/>
  <testcase name="testGetContentWithRelatedParameter[0: com.dotcms.contenttype.test.ContentResourceTest$PullRelatedTestCase@690e5dcf]" classname="com.dotcms.contenttype.test.ContentResourceTest" time="3.632"/>
  <testcase name="testGetContentWithRelatedParameter[1: com.dotcms.contenttype.test.ContentResourceTest$PullRelatedTestCase@323499e9]" classname="com.dotcms.contenttype.test.ContentResourceTest" time="3.558"/>
  <testcase name="testGetContentWithRelatedParameter[2: com.dotcms.contenttype.test.ContentResourceTest$PullRelatedTestCase@1f68c806]" classname="com.dotcms.contenttype.test.ContentResourceTest" time="3.507"/>
  <testcase name="testGetContentWithRelatedParameter[3: com.dotcms.contenttype.test.ContentResourceTest$PullRelatedTestCase@458bd7ea]" classname="com.dotcms.contenttype.test.ContentResourceTest" time="3.301"/>
  <testcase name="testGetContentWithRelatedParameter[4: com.dotcms.contenttype.test.ContentResourceTest$PullRelatedTestCase@5e701ab1]" classname="com.dotcms.contenttype.test.ContentResourceTest" time="3.309"/>
  <testcase name="test_getContent_SelfRelatedWith3LevelsOfDepth_shouldReturnRelationships" classname="com.dotcms.contenttype.test.ContentResourceTest" time="1.3"/>
  <testcase name="Test_Save_Action_Send_Fields_SubSet_Issue_15340" classname="com.dotcms.contenttype.test.ContentResourceTest" time="2.829"/>
  <testcase name="test_getContent_shouldReturnRelationships[0: com.dotcms.contenttype.test.ContentResourceTest$TestCase@489d3b47]" classname="com.dotcms.contenttype.test.ContentResourceTest" time="2.683"/>
  <testcase name="test_getContent_shouldReturnRelationships[1: com.dotcms.contenttype.test.ContentResourceTest$TestCase@116ce2aa]" classname="com.dotcms.contenttype.test.ContentResourceTest" time="2.697"/>
  <testcase name="test_getContent_shouldReturnRelationships[2: com.dotcms.contenttype.test.ContentResourceTest$TestCase@a4343ea]" classname="com.dotcms.contenttype.test.ContentResourceTest" time="2.877"/>
  <testcase name="test_getContent_shouldReturnRelationships[3: com.dotcms.contenttype.test.ContentResourceTest$TestCase@54386581]" classname="com.dotcms.contenttype.test.ContentResourceTest" time="2.875"/>
  <testcase name="test_getContent_shouldReturnRelationships[4: com.dotcms.contenttype.test.ContentResourceTest$TestCase@75de2b42]" classname="com.dotcms.contenttype.test.ContentResourceTest" time="1.954"/>
  <testcase name="test_getContent_shouldReturnRelationships[5: com.dotcms.contenttype.test.ContentResourceTest$TestCase@351fee1]" classname="com.dotcms.contenttype.test.ContentResourceTest" time="2.722"/>
  <testcase name="test_getContent_shouldReturnRelationships[6: com.dotcms.contenttype.test.ContentResourceTest$TestCase@139db172]" classname="com.dotcms.contenttype.test.ContentResourceTest" time="2.58"/>
  <testcase name="test_getContent_shouldReturnRelationships[7: com.dotcms.contenttype.test.ContentResourceTest$TestCase@41edaed]" classname="com.dotcms.contenttype.test.ContentResourceTest" time="2.695"/>
  <testcase name="test_getContent_shouldReturnRelationships[8: com.dotcms.contenttype.test.ContentResourceTest$TestCase@9e6517]" classname="com.dotcms.contenttype.test.ContentResourceTest" time="1.806"/>
  <testcase name="test_getContent_shouldReturnRelationships[9: com.dotcms.contenttype.test.ContentResourceTest$TestCase@cb43513]" classname="com.dotcms.contenttype.test.ContentResourceTest" time="2.864"/>
  <testcase name="test_getContent_shouldReturnRelationships[10: com.dotcms.contenttype.test.ContentResourceTest$TestCase@72dc13d6]" classname="com.dotcms.contenttype.test.ContentResourceTest" time="1.71"/>
  <testcase name="test_getContent_shouldReturnRelationships[11: com.dotcms.contenttype.test.ContentResourceTest$TestCase@e776d2]" classname="com.dotcms.contenttype.test.ContentResourceTest" time="2.741"/>
  <testcase name="test_getContent_shouldReturnRelationships[12: com.dotcms.contenttype.test.ContentResourceTest$TestCase@73a21d04]" classname="com.dotcms.contenttype.test.ContentResourceTest" time="2.62"/>
  <testcase name="test_getContent_shouldReturnRelationships[13: com.dotcms.contenttype.test.ContentResourceTest$TestCase@5e93b2ce]" classname="com.dotcms.contenttype.test.ContentResourceTest" time="2.512"/>
  <testcase name="test_getContent_shouldReturnRelationships[14: com.dotcms.contenttype.test.ContentResourceTest$TestCase@4cc34869]" classname="com.dotcms.contenttype.test.ContentResourceTest" time="2.544"/>
  <testcase name="test_getContent_shouldReturnRelationships[15: com.dotcms.contenttype.test.ContentResourceTest$TestCase@77a9e6c5]" classname="com.dotcms.contenttype.test.ContentResourceTest" time="3.683"/>
  <testcase name="test_getContent_shouldReturnRelationships[16: com.dotcms.contenttype.test.ContentResourceTest$TestCase@14008f09]" classname="com.dotcms.contenttype.test.ContentResourceTest" time="3.531"/>
  <testcase name="test_getContent_shouldReturnRelationships[17: com.dotcms.contenttype.test.ContentResourceTest$TestCase@57464a85]" classname="com.dotcms.contenttype.test.ContentResourceTest" time="1.836"/>
  <testcase name="test_getContent_shouldReturnRelationships[18: com.dotcms.contenttype.test.ContentResourceTest$TestCase@110c004]" classname="com.dotcms.contenttype.test.ContentResourceTest" time="2.893"/>
  <testcase name="test_getContent_shouldReturnRelationships[19: com.dotcms.contenttype.test.ContentResourceTest$TestCase@3937812d]" classname="com.dotcms.contenttype.test.ContentResourceTest" time="2.903"/>
  <testcase name="test_getContent_shouldReturnRelationships[20: com.dotcms.contenttype.test.ContentResourceTest$TestCase@295f39c5]" classname="com.dotcms.contenttype.test.ContentResourceTest" time="2.004"/>
  <testcase name="test_getContent_shouldReturnRelationships[21: com.dotcms.contenttype.test.ContentResourceTest$TestCase@4c284c09]" classname="com.dotcms.contenttype.test.ContentResourceTest" time="2.09"/>
  <testcase name="test_getContent_shouldReturnRelationships[22: com.dotcms.contenttype.test.ContentResourceTest$TestCase@4b3fb568]" classname="com.dotcms.contenttype.test.ContentResourceTest" time="2.798"/>
  <testcase name="test_getContent_shouldReturnRelationships[23: com.dotcms.contenttype.test.ContentResourceTest$TestCase@4e846bcb]" classname="com.dotcms.contenttype.test.ContentResourceTest" time="2.744"/>
  <testcase name="test_getContent_shouldReturnRelationships[24: com.dotcms.contenttype.test.ContentResourceTest$TestCase@1ec5f2cf]" classname="com.dotcms.contenttype.test.ContentResourceTest" time="2.883"/>
  <testcase name="test_getContent_shouldReturnRelationships[25: com.dotcms.contenttype.test.ContentResourceTest$TestCase@1083bd1a]" classname="com.dotcms.contenttype.test.ContentResourceTest" time="3.088"/>
  <testcase name="test_getContent_shouldReturnRelationships[26: com.dotcms.contenttype.test.ContentResourceTest$TestCase@26a1de97]" classname="com.dotcms.contenttype.test.ContentResourceTest" time="3.032"/>
  <testcase name="test_getContent_shouldReturnRelationships[27: com.dotcms.contenttype.test.ContentResourceTest$TestCase@4b9623bb]" classname="com.dotcms.contenttype.test.ContentResourceTest" time="2.779"/>
  <testcase name="test_getContent_shouldReturnRelationships[28: com.dotcms.contenttype.test.ContentResourceTest$TestCase@7af4f38c]" classname="com.dotcms.contenttype.test.ContentResourceTest" time="1.639"/>
  <testcase name="test_getContent_shouldReturnRelationships[29: com.dotcms.contenttype.test.ContentResourceTest$TestCase@7792faa5]" classname="com.dotcms.contenttype.test.ContentResourceTest" time="2.694"/>
  <testcase name="test_getContent_shouldReturnRelationships[30: com.dotcms.contenttype.test.ContentResourceTest$TestCase@5f6fc7a6]" classname="com.dotcms.contenttype.test.ContentResourceTest" time="2.693"/>
  <testcase name="test_getContent_shouldReturnRelationships[31: com.dotcms.contenttype.test.ContentResourceTest$TestCase@251eac0b]" classname="com.dotcms.contenttype.test.ContentResourceTest" time="2.688"/>
  <testcase name="test_getContent_shouldReturnRelationships[32: com.dotcms.contenttype.test.ContentResourceTest$TestCase@78ab53b7]" classname="com.dotcms.contenttype.test.ContentResourceTest" time="2.711"/>
  <testcase name="test_getContent_shouldReturnRelationships[33: com.dotcms.contenttype.test.ContentResourceTest$TestCase@180cd9d5]" classname="com.dotcms.contenttype.test.ContentResourceTest" time="3.626"/>
  <testcase name="testSinglePOST_InvalidParamsShouldReturn400[0: ({\n    &quot;stInode&quot; : &quot;InvalidValue&quot;,\n    &quot;numeric&quot; : &quot;0&quot;,\n    &quot;image&quot; : &quot;whatever&quot;\n}, Bad Request)]" classname="com.dotcms.contenttype.test.ContentResourceTest" time="0.873"/>
  <testcase name="testSinglePOST_InvalidParamsShouldReturn400[1: ({\n    &quot;numeric&quot; : &quot;0&quot;,\n    &quot;image&quot; : &quot;whatever&quot;\n}, Bad Request)]" classname="com.dotcms.contenttype.test.ContentResourceTest" time="0.852"/>
  <testcase name="Test_Save_Action_Set_Null_To_Required_NumericField_Issue_15340" classname="com.dotcms.contenttype.test.ContentResourceTest" time="0.924"/>
  <testcase name="Test_Save_Action_Remove_Image_Then_Verify_Fields_Were_Cleared_Issue_15340" classname="com.dotcms.contenttype.test.ContentResourceTest" time="3.717"/>
  <testcase name="test_getContentWithMultipleSelfRelated_shouldReturnRelationships[0: com.dotcms.contenttype.test.ContentResourceTest$PullSelfRelatedTestCase@6951e245]" classname="com.dotcms.contenttype.test.ContentResourceTest" time="1.578"/>
  <testcase name="test_getContentWithMultipleSelfRelated_shouldReturnRelationships[1: com.dotcms.contenttype.test.ContentResourceTest$PullSelfRelatedTestCase@4bc53233]" classname="com.dotcms.contenttype.test.ContentResourceTest" time="1.579"/>
  <testcase name="testGetContentWithAllCategoriesInfo[0: json]" classname="com.dotcms.contenttype.test.ContentResourceTest" time="2.44"/>
  <testcase name="testGetContentWithAllCategoriesInfo[1: xml]" classname="com.dotcms.contenttype.test.ContentResourceTest" time="2.453"/>
  <system-out><![CDATA[











]]></system-out>
  <system-err><![CDATA[]]></system-err>
</testsuite>
