<?xml version="1.0" encoding="UTF-8"?>
<testsuite name="com.dotcms.rest.api.v1.vtl.VTLResourceIntegrationTest" tests="6" skipped="0" failures="0" errors="0" timestamp="2023-07-18T00:37:46" hostname="fv-az877-612" time="12.132">
  <properties/>
  <testcase name="testGet[0: com.dotcms.rest.api.v1.vtl.VTLResourceTestCase@5d8180c7]" classname="com.dotcms.rest.api.v1.vtl.VTLResourceIntegrationTest" time="2.128"/>
  <testcase name="testGet[1: com.dotcms.rest.api.v1.vtl.VTLResourceTestCase@6d684aaf]" classname="com.dotcms.rest.api.v1.vtl.VTLResourceIntegrationTest" time="1.915"/>
  <testcase name="testGet[2: com.dotcms.rest.api.v1.vtl.VTLResourceTestCase@2ba0ff06]" classname="com.dotcms.rest.api.v1.vtl.VTLResourceIntegrationTest" time="2.16"/>
  <testcase name="testGet[3: com.dotcms.rest.api.v1.vtl.VTLResourceTestCase@576b4352]" classname="com.dotcms.rest.api.v1.vtl.VTLResourceIntegrationTest" time="2.011"/>
  <testcase name="testGet[4: com.dotcms.rest.api.v1.vtl.VTLResourceTestCase@63d66c0]" classname="com.dotcms.rest.api.v1.vtl.VTLResourceIntegrationTest" time="1.841"/>
  <testcase name="testGet[5: com.dotcms.rest.api.v1.vtl.VTLResourceTestCase@292f699a]" classname="com.dotcms.rest.api.v1.vtl.VTLResourceIntegrationTest" time="2.077"/>
  <system-out><![CDATA[]]></system-out>
  <system-err><![CDATA[]]></system-err>
</testsuite>
