<?xml version="1.0" encoding="UTF-8"?>
<testsuite name="com.dotcms.rest.elasticsearch.ESContentResourcePortletTest" tests="8" skipped="0" failures="0" errors="0" timestamp="2023-06-26T16:44:15" hostname="fv-az585-827" time="8.603">
  <properties/>
  <testcase name="test_search_includeGrandChildCategory_success" classname="com.dotcms.rest.elasticsearch.ESContentResourcePortletTest" time="1.39"/>
  <testcase name="testSearch[0: com.dotcms.rest.elasticsearch.ESContentResourcePortletTest$TestCase@2ee1a5d6]" classname="com.dotcms.rest.elasticsearch.ESContentResourcePortletTest" time="0.917"/>
  <testcase name="testSearch[1: com.dotcms.rest.elasticsearch.ESContentResourcePortletTest$TestCase@35e4781c]" classname="com.dotcms.rest.elasticsearch.ESContentResourcePortletTest" time="1.244"/>
  <testcase name="testSearch[2: com.dotcms.rest.elasticsearch.ESContentResourcePortletTest$TestCase@2048d31d]" classname="com.dotcms.rest.elasticsearch.ESContentResourcePortletTest" time="0.878"/>
  <testcase name="testSearch[3: com.dotcms.rest.elasticsearch.ESContentResourcePortletTest$TestCase@2e4b4936]" classname="com.dotcms.rest.elasticsearch.ESContentResourcePortletTest" time="1.24"/>
  <testcase name="testSearch[4: com.dotcms.rest.elasticsearch.ESContentResourcePortletTest$TestCase@d27963c]" classname="com.dotcms.rest.elasticsearch.ESContentResourcePortletTest" time="1.255"/>
  <testcase name="testSearch[5: com.dotcms.rest.elasticsearch.ESContentResourcePortletTest$TestCase@1b953b1c]" classname="com.dotcms.rest.elasticsearch.ESContentResourcePortletTest" time="0.855"/>
  <testcase name="testSearch[6: com.dotcms.rest.elasticsearch.ESContentResourcePortletTest$TestCase@7da3d348]" classname="com.dotcms.rest.elasticsearch.ESContentResourcePortletTest" time="0.824"/>
  <system-out><![CDATA[]]></system-out>
  <system-err><![CDATA[]]></system-err>
</testsuite>
