<?xml version="1.0" encoding="UTF-8"?>
<testsuite name="com.dotcms.rest.TagResourceIntegrationTest" tests="4" skipped="0" failures="0" errors="0" timestamp="2023-07-11T23:35:04" hostname="fv-az646-156" time="0.377">
  <properties/>
  <testcase name="testList[0: com.dotcms.rest.TagResourceTestCase@6167dd35]" classname="com.dotcms.rest.TagResourceIntegrationTest" time="0.298"/>
  <testcase name="testList[1: com.dotcms.rest.TagResourceTestCase@342120a2]" classname="com.dotcms.rest.TagResourceIntegrationTest" time="0.026"/>
  <testcase name="testList[2: com.dotcms.rest.TagResourceTestCase@71f59a45]" classname="com.dotcms.rest.TagResourceIntegrationTest" time="0.022"/>
  <testcase name="testList[3: com.dotcms.rest.TagResourceTestCase@5800c48f]" classname="com.dotcms.rest.TagResourceIntegrationTest" time="0.031"/>
  <system-out><![CDATA[]]></system-out>
  <system-err><![CDATA[Jul 11, 2023 11:35:05 PM com.dotcms.repackage.org.hibernate.validator.internal.util.Version <clinit>
INFO: HV000001: Hibernate Validator 4.3.2.Final
]]></system-err>
</testsuite>
