<?xml version="1.0" encoding="UTF-8"?>
<testsuite name="com.dotcms.rest.TagResourceIntegrationTest" tests="4" skipped="0" failures="0" errors="0" timestamp="2023-07-19T16:10:58" hostname="fv-az621-121" time="0.371">
  <properties/>
  <testcase name="testList[0: com.dotcms.rest.TagResourceTestCase@54893c31]" classname="com.dotcms.rest.TagResourceIntegrationTest" time="0.287"/>
  <testcase name="testList[1: com.dotcms.rest.TagResourceTestCase@e9b60af]" classname="com.dotcms.rest.TagResourceIntegrationTest" time="0.033"/>
  <testcase name="testList[2: com.dotcms.rest.TagResourceTestCase@7a303356]" classname="com.dotcms.rest.TagResourceIntegrationTest" time="0.023"/>
  <testcase name="testList[3: com.dotcms.rest.TagResourceTestCase@5b3c7e93]" classname="com.dotcms.rest.TagResourceIntegrationTest" time="0.027"/>
  <system-out><![CDATA[]]></system-out>
  <system-err><![CDATA[Jul 19, 2023 4:10:58 PM com.dotcms.repackage.org.hibernate.validator.internal.util.Version <clinit>
INFO: HV000001: Hibernate Validator 4.3.2.Final
]]></system-err>
</testsuite>
