<?xml version="1.0" encoding="UTF-8"?>
<testsuite name="com.dotmarketing.business.DeterministicIdentifierAPITest" tests="16" skipped="0" failures="0" errors="0" timestamp="2023-07-10T22:33:57" hostname="fv-az351-324" time="0.658">
  <properties/>
  <testcase name="Test_Category_Path_Seed_And_Id" classname="com.dotmarketing.business.DeterministicIdentifierAPITest" time="0.024"/>
  <testcase name="Test_Language_Deterministic_Id[0: LanguageTestCase{expectedSeed='Language:es:US', expectedHash=4913155, langCode='es', countryCode='US', country='United States'}]" classname="com.dotmarketing.business.DeterministicIdentifierAPITest" time="0.001"/>
  <testcase name="Test_Language_Deterministic_Id[1: LanguageTestCase{expectedSeed='Language:ep:', expectedHash=5292269, langCode='ep', countryCode='', country=''}]" classname="com.dotmarketing.business.DeterministicIdentifierAPITest" time="0.001"/>
  <testcase name="Test_Language_Deterministic_Id[2: LanguageTestCase{expectedSeed='Language:sg:SAG', expectedHash=4713118, langCode='sg', countryCode='SAG', country=''}]" classname="com.dotmarketing.business.DeterministicIdentifierAPITest" time="0.001"/>
  <testcase name="Test_Language_Deterministic_Id[3: LanguageTestCase{expectedSeed='Language:en:NZ', expectedHash=5382528, langCode='en', countryCode='NZ', country='New Zealand'}]" classname="com.dotmarketing.business.DeterministicIdentifierAPITest" time="0.001"/>
  <testcase name="Test_Category_None_Persisted_Category_Should_Return_Deterministic_Id" classname="com.dotmarketing.business.DeterministicIdentifierAPITest" time="0.001"/>
  <testcase name="Test_Asset_Generate_Deterministic_Id_Best_Effort[0: TestCase{versionable=my.host1689028055966.com, parent=System Host, expectedName='my.host1689028055966.com', expectedType='Host'}]" classname="com.dotmarketing.business.DeterministicIdentifierAPITest" time="0.003"/>
  <testcase name="Test_Asset_Generate_Deterministic_Id_Best_Effort[1: TestCase{versionable=com.dotmarketing.portlets.contentlet.model.Contentlet@460b9818[map={modDate=2023-07-10 22:27:36.939, fileName=file11749569575744905600.txt, title=file11749569575744905600.txt, inode=ac8fb666-ae36-4e3a-8097-9a185d60bc3e, __IS_NEW_CONTENT__=true, disabledWYSIWYG=[], host=12c82fc5-2645-44b1-a74a-642dc805ccb0, stInode=33888b6f-7a8e-4069-b1b6-5c1aa9d0a48d, owner=system, identifier=e1bbcafa-64bd-4dd4-8dde-5b2e0e5705ac, nullProperties=[wfExpireDate, wfPublishDate, wfActionAssign, wfActionId, wfActionComments, filterKey, whereToSend, wfNeverExpire, _path_to_move, timezoneId, iWantTo, wfPublishTime, wfExpireTime], languageId=1, fileAsset=/home/runner/work/core/custom/assets/a/c/ac8fb666-ae36-4e3a-8097-9a185d60bc3e/fileAsset/file11749569575744905600.txt, folder=7344c559-235e-4763-9d75-7f6fc44af4c4, __disable_workflow__=true, sortOrder=0, modUser=system},lowIndexPriority=false,variantId=DEFAULT], parent=com.dotmarketing.portlets.folders.model.Folder@765f2279[identifier=7344c559-235e-4763-9d75-7f6fc44af4c4,name=testName1689028056932,sortOrder=0,showOnMenu=false,hostId=12c82fc5-2645-44b1-a74a-642dc805ccb0,type=folder,title=testTitle1689028056932,filesMasks=,defaultFileType=33888b6f-7a8e-4069-b1b6-5c1aa9d0a48d,modDate=2023-07-10 22:27:36.935,owner=&lt;null&gt;,iDate=2023-07-10 22:27:36.935,inode=7344c559-235e-4763-9d75-7f6fc44af4c4,path=/testName1689028056932/], expectedName='file11749569575744905600.txt', expectedType='FileAsset'}]" classname="com.dotmarketing.business.DeterministicIdentifierAPITest" time="0.003"/>
  <testcase name="Test_Asset_Generate_Deterministic_Id_Best_Effort[2: TestCase{versionable=com.dotmarketing.portlets.templates.model.Template@895457ad, parent=my.host1689028055966.com, expectedName='testTitle1689028057066', expectedType='Template'}]" classname="com.dotmarketing.business.DeterministicIdentifierAPITest" time="0.002"/>
  <testcase name="Test_Asset_Generate_Deterministic_Id_Best_Effort[3: TestCase{versionable=com.dotmarketing.portlets.htmlpageasset.model.HTMLPageAsset@3090a1ed[map={template=ff8dc78d-01ee-4964-ab95-4759bb834bc1, owner=system, identifier=f8bb1347-68ad-428b-af46-47bfe7deb2eb, nullProperties=[wfExpireDate, wfPublishDate, wfActionAssign, wfActionId, wfActionComments, filterKey, whereToSend, wfNeverExpire, _path_to_move, timezoneId, iWantTo, wfPublishTime, wfExpireTime], modDate=2023-07-10 22:27:37.08, cachettl=0, _is_test_mode=true, languageId=1, title=test-page-title-1689028057076, httpsreq=, url=test-page-url-1689028057076, showOnMenu=, inode=25f8f084-435e-4ba2-8e24-48e191ff18a1, folder=7344c559-235e-4763-9d75-7f6fc44af4c4, disabledWYSIWYG=[], sortOrder=1, modUser=system, host=12c82fc5-2645-44b1-a74a-642dc805ccb0, stInode=c541abb1-69b3-4bc5-8430-5e09e5239cc8, friendlyName=test-page-friendly-name-1689028057076},lowIndexPriority=false,variantId=DEFAULT], parent=com.dotmarketing.portlets.folders.model.Folder@765f2279[identifier=7344c559-235e-4763-9d75-7f6fc44af4c4,name=testName1689028056932,sortOrder=0,showOnMenu=false,hostId=12c82fc5-2645-44b1-a74a-642dc805ccb0,type=folder,title=testTitle1689028056932,filesMasks=,defaultFileType=33888b6f-7a8e-4069-b1b6-5c1aa9d0a48d,modDate=2023-07-10 22:27:36.935,owner=&lt;null&gt;,iDate=2023-07-10 22:27:36.935,inode=7344c559-235e-4763-9d75-7f6fc44af4c4,path=/testName1689028056932/], expectedName='test-page-url-1689028057076', expectedType='htmlpageasset'}]" classname="com.dotmarketing.business.DeterministicIdentifierAPITest" time="0.003"/>
  <testcase name="Test_Asset_Generate_Deterministic_Id_Best_Effort[4: TestCase{versionable=com.dotmarketing.portlets.contentlet.model.Contentlet@1e2da59b[map={fileAsset2=/home/runner/work/core/custom/assets/d/e/de332be1-6a6a-4f6e-bf1a-adb669f0bd98/fileAsset2/test_binary1689028057877.png, modDate=2023-07-10 22:27:37.882, fileAsset1=/home/runner/work/core/custom/assets/d/e/de332be1-6a6a-4f6e-bf1a-adb669f0bd98/fileAsset1/test_binary1689028057876.jpg, title=blah, inode=de332be1-6a6a-4f6e-bf1a-adb669f0bd98, __IS_NEW_CONTENT__=true, disabledWYSIWYG=[], host=48190c8c-42c4-46af-8d1a-0cd5db894797, stInode=49a7c0cc-76f2-49f2-b6ba-dfd249034a03, owner=system, identifier=1bcecc9c-843a-458c-b1f0-f7d2b56d2c9c, nullProperties=[], languageId=1, image1=3faa6f4e-8aa7-447d-84e2-99a9dd12c971, folder=SYSTEM_FOLDER, __disable_workflow__=true, sortOrder=0, modUser=system},lowIndexPriority=false,variantId=DEFAULT], parent=demo.dotcms.com, expectedName='test_binary1689028057876.jpg:test_binary1689028057877.png', expectedType='MultipleBinaries1689028057225'}]" classname="com.dotmarketing.business.DeterministicIdentifierAPITest" time="0.003"/>
  <testcase name="Test_Asset_Generate_Deterministic_Id_Best_Effort[5: TestCase{versionable=namec1953e7f9e : keyTagc1953e7f9e, parent=my.host1689028055966.com, expectedName='keyTagc1953e7f9e', expectedType='persona'}]" classname="com.dotmarketing.business.DeterministicIdentifierAPITest" time="0.002"/>
  <testcase name="Test_Similar_Content_Type_Wont_Clash" classname="com.dotmarketing.business.DeterministicIdentifierAPITest" time="0.448"/>
  <testcase name="Test_Generate_Folder_Identifier" classname="com.dotmarketing.business.DeterministicIdentifierAPITest" time="0.152"/>
  <testcase name="Test_Generate_Content_Type_Identifier[0: ContentTypeTestCase{contentType=KeyValueContentType{name=Language Variable, id=f4d7c1b8-2c88-4071-abf1-a5328977b07d, description=Default Content Type for Language Variables, defaultType=false, fixed=true, iDate=Thu Aug 31 16:38:49 UTC 2017, system=true, versionable=true, variable=Languagevariable, modDate=Mon Jul 10 21:19:18 UTC 2023, host=SYSTEM_HOST, siteName=systemHost, icon=language, sortOrder=0, folder=SYSTEM_FOLDER, folderPath=/, markedForDeletion=true, multilingualable=false}, expectedName='Languagevariable', expectedType='KeyValue'}]" classname="com.dotmarketing.business.DeterministicIdentifierAPITest" time="0.005"/>
  <testcase name="Test_Generate_Content_Type_Identifier[1: ContentTypeTestCase{contentType=SimpleContentType{name=testName1689028058227, id=a699b078-8b45-4682-9a07-da612b7f4d6c, description=testDescription1689028058227, defaultType=false, fixed=false, iDate=Mon Jul 10 22:27:38 UTC 2023, system=false, versionable=true, multilingualable=false, variable=testVarname1689028058227, owner=system, modDate=Mon Jul 10 22:27:39 UTC 2023, host=48190c8c-42c4-46af-8d1a-0cd5db894797, siteName=demo.dotcms.com, icon=event_note, sortOrder=0, folder=SYSTEM_FOLDER, folderPath=/, requiredFields=[], markedForDeletion=false}, expectedName='testVarname1689028058227', expectedType='CONTENT'}]" classname="com.dotmarketing.business.DeterministicIdentifierAPITest" time="0.004"/>
  <system-out><![CDATA[]]></system-out>
  <system-err><![CDATA[]]></system-err>
</testsuite>
