<?xml version="1.0" encoding="UTF-8"?>
<testsuite name="com.dotcms.security.multipart.ContentDispositionFileNameParserTest" tests="1" skipped="0" failures="0" errors="0" timestamp="2023-06-23T01:27:28" hostname="fv-az395-584" time="0.006">
  <properties/>
  <testcase name="Test_Parse_happy_path" classname="com.dotcms.security.multipart.ContentDispositionFileNameParserTest" time="0.006"/>
  <system-out><![CDATA[]]></system-out>
  <system-err><![CDATA[]]></system-err>
</testsuite>
