<?xml version="1.0" encoding="UTF-8"?>
<testsuite name="com.dotmarketing.util.TestConfig" tests="2" skipped="0" failures="0" errors="0" timestamp="2023-06-27T21:34:21" hostname="fv-az936-789" time="0.007">
  <properties/>
  <testcase name="test_getCustomArrayProperty_no_exists" classname="com.dotmarketing.util.TestConfig" time="0.005"/>
  <testcase name="test_getCustomArrayProperty_exists" classname="com.dotmarketing.util.TestConfig" time="0.002"/>
  <system-out><![CDATA[]]></system-out>
  <system-err><![CDATA[]]></system-err>
</testsuite>
