<?xml version="1.0" encoding="UTF-8"?>
<testsuite name="com.dotmarketing.business.DeterministicIdentifierAPITest" tests="16" skipped="0" failures="0" errors="0" timestamp="2023-06-30T15:16:34" hostname="fv-az589-574" time="0.743">
  <properties/>
  <testcase name="Test_Category_Path_Seed_And_Id" classname="com.dotmarketing.business.DeterministicIdentifierAPITest" time="0.022"/>
  <testcase name="Test_Language_Deterministic_Id[0: LanguageTestCase{expectedSeed='Language:es:US', expectedHash=4913155, langCode='es', countryCode='US', country='United States'}]" classname="com.dotmarketing.business.DeterministicIdentifierAPITest" time="0.0"/>
  <testcase name="Test_Language_Deterministic_Id[1: LanguageTestCase{expectedSeed='Language:ep:', expectedHash=5292269, langCode='ep', countryCode='', country=''}]" classname="com.dotmarketing.business.DeterministicIdentifierAPITest" time="0.001"/>
  <testcase name="Test_Language_Deterministic_Id[2: LanguageTestCase{expectedSeed='Language:sg:SAG', expectedHash=4713118, langCode='sg', countryCode='SAG', country=''}]" classname="com.dotmarketing.business.DeterministicIdentifierAPITest" time="0.001"/>
  <testcase name="Test_Language_Deterministic_Id[3: LanguageTestCase{expectedSeed='Language:en:NZ', expectedHash=5382528, langCode='en', countryCode='NZ', country='New Zealand'}]" classname="com.dotmarketing.business.DeterministicIdentifierAPITest" time="0.001"/>
  <testcase name="Test_Category_None_Persisted_Category_Should_Return_Deterministic_Id" classname="com.dotmarketing.business.DeterministicIdentifierAPITest" time="0.001"/>
  <testcase name="Test_Asset_Generate_Deterministic_Id_Best_Effort[0: TestCase{versionable=my.host1688137808965.com, parent=System Host, expectedName='my.host1688137808965.com', expectedType='Host'}]" classname="com.dotmarketing.business.DeterministicIdentifierAPITest" time="0.003"/>
  <testcase name="Test_Asset_Generate_Deterministic_Id_Best_Effort[1: TestCase{versionable=com.dotmarketing.portlets.contentlet.model.Contentlet@65e7d01f[map={modDate=2023-06-30 15:10:09.754, fileName=file9702784878322350521.txt, title=file9702784878322350521.txt, inode=f35cd3cb-b418-451f-afe9-27970fecc312, __IS_NEW_CONTENT__=true, disabledWYSIWYG=[], host=4c87bc3e-97ed-45a1-b11f-44ff59ccad8e, stInode=33888b6f-7a8e-4069-b1b6-5c1aa9d0a48d, owner=system, identifier=5b7ee475-74b0-4eb3-b163-949fb0078a16, nullProperties=[wfExpireDate, wfPublishDate, wfActionAssign, wfActionId, wfActionComments, filterKey, whereToSend, wfNeverExpire, _path_to_move, timezoneId, iWantTo, wfPublishTime, wfExpireTime], languageId=1, fileAsset=/home/runner/work/core/custom/assets/f/3/f35cd3cb-b418-451f-afe9-27970fecc312/fileAsset/file9702784878322350521.txt, folder=09acb09b-ec05-4978-96aa-fac4f4a9b8d1, __disable_workflow__=true, sortOrder=0, modUser=system},lowIndexPriority=false,variantId=DEFAULT], parent=com.dotmarketing.portlets.folders.model.Folder@73572720[identifier=09acb09b-ec05-4978-96aa-fac4f4a9b8d1,name=testName1688137809748,sortOrder=0,showOnMenu=false,hostId=4c87bc3e-97ed-45a1-b11f-44ff59ccad8e,type=folder,title=testTitle1688137809748,filesMasks=,defaultFileType=33888b6f-7a8e-4069-b1b6-5c1aa9d0a48d,modDate=2023-06-30 15:10:09.75,owner=&lt;null&gt;,iDate=2023-06-30 15:10:09.75,inode=09acb09b-ec05-4978-96aa-fac4f4a9b8d1,path=/testName1688137809748/], expectedName='file9702784878322350521.txt', expectedType='FileAsset'}]" classname="com.dotmarketing.business.DeterministicIdentifierAPITest" time="0.002"/>
  <testcase name="Test_Asset_Generate_Deterministic_Id_Best_Effort[2: TestCase{versionable=com.dotmarketing.portlets.templates.model.Template@62874423, parent=my.host1688137808965.com, expectedName='testTitle1688137809848', expectedType='Template'}]" classname="com.dotmarketing.business.DeterministicIdentifierAPITest" time="0.001"/>
  <testcase name="Test_Asset_Generate_Deterministic_Id_Best_Effort[3: TestCase{versionable=com.dotmarketing.portlets.htmlpageasset.model.HTMLPageAsset@5921b671[map={template=b843caab-ca3c-4782-ab2c-7b711c1df333, owner=system, identifier=f07e8493-dcd2-498c-93b1-f91f2c560145, nullProperties=[wfExpireDate, wfPublishDate, wfActionAssign, wfActionId, wfActionComments, filterKey, whereToSend, wfNeverExpire, _path_to_move, timezoneId, iWantTo, wfPublishTime, wfExpireTime], modDate=2023-06-30 15:10:09.863, cachettl=0, _is_test_mode=true, languageId=1, title=test-page-title-1688137809859, httpsreq=, url=test-page-url-1688137809859, showOnMenu=, inode=c912249f-b2f3-4aac-9fa2-c3ff3ca83a48, folder=09acb09b-ec05-4978-96aa-fac4f4a9b8d1, disabledWYSIWYG=[], sortOrder=1, modUser=system, host=4c87bc3e-97ed-45a1-b11f-44ff59ccad8e, stInode=c541abb1-69b3-4bc5-8430-5e09e5239cc8, friendlyName=test-page-friendly-name-1688137809859},lowIndexPriority=false,variantId=DEFAULT], parent=com.dotmarketing.portlets.folders.model.Folder@73572720[identifier=09acb09b-ec05-4978-96aa-fac4f4a9b8d1,name=testName1688137809748,sortOrder=0,showOnMenu=false,hostId=4c87bc3e-97ed-45a1-b11f-44ff59ccad8e,type=folder,title=testTitle1688137809748,filesMasks=,defaultFileType=33888b6f-7a8e-4069-b1b6-5c1aa9d0a48d,modDate=2023-06-30 15:10:09.75,owner=&lt;null&gt;,iDate=2023-06-30 15:10:09.75,inode=09acb09b-ec05-4978-96aa-fac4f4a9b8d1,path=/testName1688137809748/], expectedName='test-page-url-1688137809859', expectedType='htmlpageasset'}]" classname="com.dotmarketing.business.DeterministicIdentifierAPITest" time="0.003"/>
  <testcase name="Test_Asset_Generate_Deterministic_Id_Best_Effort[4: TestCase{versionable=com.dotmarketing.portlets.contentlet.model.Contentlet@67662495[map={fileAsset2=/home/runner/work/core/custom/assets/4/b/4bf83ba4-331d-436a-b6aa-2d8680d2db5e/fileAsset2/test_binary1688137810761.png, modDate=2023-06-30 15:10:10.766, fileAsset1=/home/runner/work/core/custom/assets/4/b/4bf83ba4-331d-436a-b6aa-2d8680d2db5e/fileAsset1/test_binary1688137810761.jpg, title=blah, inode=4bf83ba4-331d-436a-b6aa-2d8680d2db5e, __IS_NEW_CONTENT__=true, disabledWYSIWYG=[], host=48190c8c-42c4-46af-8d1a-0cd5db894797, stInode=5ce0b76a-cf96-4c0b-ad40-36ef87811151, owner=system, identifier=0d0b0987-a74d-4d90-8b86-f825b4747d10, nullProperties=[], languageId=1, image1=74551de7-213d-4ee0-9d15-c3e8977de073, folder=SYSTEM_FOLDER, __disable_workflow__=true, sortOrder=0, modUser=system},lowIndexPriority=false,variantId=DEFAULT], parent=demo.dotcms.com, expectedName='test_binary1688137810761.jpg:test_binary1688137810761.png', expectedType='MultipleBinaries1688137809995'}]" classname="com.dotmarketing.business.DeterministicIdentifierAPITest" time="0.002"/>
  <testcase name="Test_Asset_Generate_Deterministic_Id_Best_Effort[5: TestCase{versionable=name4bbd5d1687 : keyTag4bbd5d1687, parent=my.host1688137808965.com, expectedName='keyTag4bbd5d1687', expectedType='persona'}]" classname="com.dotmarketing.business.DeterministicIdentifierAPITest" time="0.002"/>
  <testcase name="Test_Similar_Content_Type_Wont_Clash" classname="com.dotmarketing.business.DeterministicIdentifierAPITest" time="0.424"/>
  <testcase name="Test_Generate_Folder_Identifier" classname="com.dotmarketing.business.DeterministicIdentifierAPITest" time="0.27"/>
  <testcase name="Test_Generate_Content_Type_Identifier[0: ContentTypeTestCase{contentType=KeyValueContentType{name=Language Variable, id=f4d7c1b8-2c88-4071-abf1-a5328977b07d, description=Default Content Type for Language Variables, defaultType=false, fixed=true, iDate=Thu Aug 31 16:38:49 UTC 2017, system=true, versionable=true, variable=Languagevariable, modDate=Fri Jun 30 14:07:28 UTC 2023, host=SYSTEM_HOST, siteName=systemHost, icon=language, sortOrder=0, folder=SYSTEM_FOLDER, folderPath=/, markedForDeletion=true, multilingualable=false}, expectedName='Languagevariable', expectedType='KeyValue'}]" classname="com.dotmarketing.business.DeterministicIdentifierAPITest" time="0.004"/>
  <testcase name="Test_Generate_Content_Type_Identifier[1: ContentTypeTestCase{contentType=SimpleContentType{name=testName1688137811093, id=f86c8bc8-66f6-4762-89b0-b753c993f66a, description=testDescription1688137811093, defaultType=false, fixed=false, iDate=Fri Jun 30 15:10:11 UTC 2023, system=false, versionable=true, multilingualable=false, variable=testVarname1688137811093, owner=system, modDate=Fri Jun 30 15:10:11 UTC 2023, host=48190c8c-42c4-46af-8d1a-0cd5db894797, siteName=demo.dotcms.com, icon=event_note, sortOrder=0, folder=SYSTEM_FOLDER, folderPath=/, requiredFields=[], markedForDeletion=false}, expectedName='testVarname1688137811093', expectedType='CONTENT'}]" classname="com.dotmarketing.business.DeterministicIdentifierAPITest" time="0.003"/>
  <system-out><![CDATA[]]></system-out>
  <system-err><![CDATA[]]></system-err>
</testsuite>
