<?xml version="1.0" encoding="UTF-8"?>
<testsuite name="com.dotmarketing.business.DeterministicIdentifierAPITest" tests="16" skipped="0" failures="0" errors="0" timestamp="2023-07-19T16:27:12" hostname="fv-az218-51" time="1.338">
  <properties/>
  <testcase name="Test_Category_Path_Seed_And_Id" classname="com.dotmarketing.business.DeterministicIdentifierAPITest" time="0.028"/>
  <testcase name="Test_Language_Deterministic_Id[0: LanguageTestCase{expectedSeed='Language:es:US', expectedHash=4913155, langCode='es', countryCode='US', country='United States'}]" classname="com.dotmarketing.business.DeterministicIdentifierAPITest" time="0.001"/>
  <testcase name="Test_Language_Deterministic_Id[1: LanguageTestCase{expectedSeed='Language:ep:', expectedHash=5292269, langCode='ep', countryCode='', country=''}]" classname="com.dotmarketing.business.DeterministicIdentifierAPITest" time="0.002"/>
  <testcase name="Test_Language_Deterministic_Id[2: LanguageTestCase{expectedSeed='Language:sg:SAG', expectedHash=4713118, langCode='sg', countryCode='SAG', country=''}]" classname="com.dotmarketing.business.DeterministicIdentifierAPITest" time="0.002"/>
  <testcase name="Test_Language_Deterministic_Id[3: LanguageTestCase{expectedSeed='Language:en:NZ', expectedHash=5382528, langCode='en', countryCode='NZ', country='New Zealand'}]" classname="com.dotmarketing.business.DeterministicIdentifierAPITest" time="0.001"/>
  <testcase name="Test_Category_None_Persisted_Category_Should_Return_Deterministic_Id" classname="com.dotmarketing.business.DeterministicIdentifierAPITest" time="0.002"/>
  <testcase name="Test_Asset_Generate_Deterministic_Id_Best_Effort[0: TestCase{versionable=my.host1689783605453.com, parent=System Host, expectedName='my.host1689783605453.com', expectedType='Host'}]" classname="com.dotmarketing.business.DeterministicIdentifierAPITest" time="0.004"/>
  <testcase name="Test_Asset_Generate_Deterministic_Id_Best_Effort[1: TestCase{versionable=com.dotmarketing.portlets.contentlet.model.Contentlet@1552a3c6[map={modDate=2023-07-19 16:20:05.928, fileName=file14865797053128446012.txt, title=file14865797053128446012.txt, inode=01a1d7cb-b5a9-452d-b3f9-92b00bc79009, __IS_NEW_CONTENT__=true, disabledWYSIWYG=[], host=914a2ebe-a5bf-4071-bdb2-31f87e5a316c, stInode=33888b6f-7a8e-4069-b1b6-5c1aa9d0a48d, owner=system, identifier=b73bab6d-a7b0-4491-94e1-6f4c2aeb10ff, nullProperties=[wfExpireDate, wfPublishDate, wfActionAssign, wfActionId, wfActionComments, filterKey, whereToSend, wfNeverExpire, _path_to_move, timezoneId, iWantTo, wfPublishTime, wfExpireTime], languageId=1, fileAsset=/home/runner/work/core/custom/assets/0/1/01a1d7cb-b5a9-452d-b3f9-92b00bc79009/fileAsset/file14865797053128446012.txt, folder=de78d3c9-23d3-446d-9e4f-ec3acbcc9812, __disable_workflow__=true, sortOrder=0, modUser=system},lowIndexPriority=false,variantId=DEFAULT], parent=com.dotmarketing.portlets.folders.model.Folder@3230ae85[identifier=de78d3c9-23d3-446d-9e4f-ec3acbcc9812,name=testName1689783605918,sortOrder=0,showOnMenu=false,hostId=914a2ebe-a5bf-4071-bdb2-31f87e5a316c,type=folder,title=testTitle1689783605918,filesMasks=,defaultFileType=33888b6f-7a8e-4069-b1b6-5c1aa9d0a48d,modDate=2023-07-19 16:20:05.922,owner=&lt;null&gt;,iDate=2023-07-19 16:20:05.922,inode=de78d3c9-23d3-446d-9e4f-ec3acbcc9812,path=/testName1689783605918/], expectedName='file14865797053128446012.txt', expectedType='FileAsset'}]" classname="com.dotmarketing.business.DeterministicIdentifierAPITest" time="0.004"/>
  <testcase name="Test_Asset_Generate_Deterministic_Id_Best_Effort[2: TestCase{versionable=com.dotmarketing.portlets.templates.model.Template@c89bb781, parent=my.host1689783605453.com, expectedName='testTitle1689783606051', expectedType='Template'}]" classname="com.dotmarketing.business.DeterministicIdentifierAPITest" time="0.004"/>
  <testcase name="Test_Asset_Generate_Deterministic_Id_Best_Effort[3: TestCase{versionable=com.dotmarketing.portlets.htmlpageasset.model.HTMLPageAsset@2f713670[map={template=758bffbe-271a-4f28-8d86-cff07e67f788, owner=system, identifier=58a24af8-a2e5-4070-a776-d58a41703ad5, nullProperties=[wfExpireDate, wfPublishDate, wfActionAssign, wfActionId, wfActionComments, filterKey, whereToSend, wfNeverExpire, _path_to_move, timezoneId, iWantTo, wfPublishTime, wfExpireTime], modDate=2023-07-19 16:20:06.069, cachettl=0, _is_test_mode=true, languageId=1, title=test-page-title-1689783606064, httpsreq=, url=test-page-url-1689783606064, showOnMenu=, inode=3c400986-26e5-465f-b5ce-8abdcb8b4bdd, folder=de78d3c9-23d3-446d-9e4f-ec3acbcc9812, disabledWYSIWYG=[], sortOrder=1, modUser=system, host=914a2ebe-a5bf-4071-bdb2-31f87e5a316c, stInode=c541abb1-69b3-4bc5-8430-5e09e5239cc8, friendlyName=test-page-friendly-name-1689783606064},lowIndexPriority=false,variantId=DEFAULT], parent=com.dotmarketing.portlets.folders.model.Folder@3230ae85[identifier=de78d3c9-23d3-446d-9e4f-ec3acbcc9812,name=testName1689783605918,sortOrder=0,showOnMenu=false,hostId=914a2ebe-a5bf-4071-bdb2-31f87e5a316c,type=folder,title=testTitle1689783605918,filesMasks=,defaultFileType=33888b6f-7a8e-4069-b1b6-5c1aa9d0a48d,modDate=2023-07-19 16:20:05.922,owner=&lt;null&gt;,iDate=2023-07-19 16:20:05.922,inode=de78d3c9-23d3-446d-9e4f-ec3acbcc9812,path=/testName1689783605918/], expectedName='test-page-url-1689783606064', expectedType='htmlpageasset'}]" classname="com.dotmarketing.business.DeterministicIdentifierAPITest" time="0.004"/>
  <testcase name="Test_Asset_Generate_Deterministic_Id_Best_Effort[4: TestCase{versionable=com.dotmarketing.portlets.contentlet.model.Contentlet@12b22ca1[map={fileAsset2=/home/runner/work/core/custom/assets/1/2/12ca5fcc-6fe4-4103-9468-fa2c670b5f2c/fileAsset2/test_binary1689783607967.png, modDate=2023-07-19 16:20:07.974, fileAsset1=/home/runner/work/core/custom/assets/1/2/12ca5fcc-6fe4-4103-9468-fa2c670b5f2c/fileAsset1/test_binary1689783607967.jpg, title=blah, inode=12ca5fcc-6fe4-4103-9468-fa2c670b5f2c, __IS_NEW_CONTENT__=true, disabledWYSIWYG=[], host=48190c8c-42c4-46af-8d1a-0cd5db894797, stInode=7ff499dc-eefc-40dc-84f8-41ddbfa9e7a8, owner=system, identifier=fc1d9b67-b3a9-4823-864d-2ce539b2645c, nullProperties=[], languageId=1, image1=71339063-c2b6-4b23-bd56-6682b4b58cf6, folder=SYSTEM_FOLDER, __disable_workflow__=true, sortOrder=0, modUser=system},lowIndexPriority=false,variantId=DEFAULT], parent=demo.dotcms.com, expectedName='test_binary1689783607967.jpg:test_binary1689783607967.png', expectedType='MultipleBinaries1689783606326'}]" classname="com.dotmarketing.business.DeterministicIdentifierAPITest" time="0.004"/>
  <testcase name="Test_Asset_Generate_Deterministic_Id_Best_Effort[5: TestCase{versionable=name4dd444da6a : keyTag4dd444da6a, parent=my.host1689783605453.com, expectedName='keyTag4dd444da6a', expectedType='persona'}]" classname="com.dotmarketing.business.DeterministicIdentifierAPITest" time="0.004"/>
  <testcase name="Test_Similar_Content_Type_Wont_Clash" classname="com.dotmarketing.business.DeterministicIdentifierAPITest" time="0.645"/>
  <testcase name="Test_Generate_Folder_Identifier" classname="com.dotmarketing.business.DeterministicIdentifierAPITest" time="0.614"/>
  <testcase name="Test_Generate_Content_Type_Identifier[0: ContentTypeTestCase{contentType=KeyValueContentType{name=Language Variable, id=f4d7c1b8-2c88-4071-abf1-a5328977b07d, description=Default Content Type for Language Variables, defaultType=false, fixed=true, iDate=Thu Aug 31 16:38:49 UTC 2017, system=true, versionable=true, variable=Languagevariable, modDate=Wed Jul 19 15:06:34 UTC 2023, host=SYSTEM_HOST, siteName=systemHost, icon=language, sortOrder=0, folder=SYSTEM_FOLDER, folderPath=/, markedForDeletion=true, multilingualable=false}, expectedName='Languagevariable', expectedType='KeyValue'}]" classname="com.dotmarketing.business.DeterministicIdentifierAPITest" time="0.007"/>
  <testcase name="Test_Generate_Content_Type_Identifier[1: ContentTypeTestCase{contentType=SimpleContentType{name=testName1689783608560, id=b49b200a-0dca-4c28-bef6-daff0502d093, description=testDescription1689783608560, defaultType=false, fixed=false, iDate=Wed Jul 19 16:20:08 UTC 2023, system=false, versionable=true, multilingualable=false, variable=testVarname1689783608560, owner=system, modDate=Wed Jul 19 16:20:09 UTC 2023, host=48190c8c-42c4-46af-8d1a-0cd5db894797, siteName=demo.dotcms.com, icon=event_note, sortOrder=0, folder=SYSTEM_FOLDER, folderPath=/, requiredFields=[], markedForDeletion=false}, expectedName='testVarname1689783608560', expectedType='CONTENT'}]" classname="com.dotmarketing.business.DeterministicIdentifierAPITest" time="0.006"/>
  <system-out><![CDATA[]]></system-out>
  <system-err><![CDATA[]]></system-err>
</testsuite>
