<?xml version="1.0" encoding="UTF-8"?>
<testsuite name="com.dotmarketing.portlets.structure.model.ContentletRelationshipsTest" tests="7" skipped="0" failures="0" errors="0" timestamp="2023-06-30T14:51:02" hostname="fv-az589-574" time="7.514">
  <properties/>
  <testcase name="testDoesAllowOnlyOne[0: com.dotmarketing.portlets.structure.model.ContentletRelationshipsTest$CardinalityTestCase@6a5bb191]" classname="com.dotmarketing.portlets.structure.model.ContentletRelationshipsTest" time="0.447"/>
  <testcase name="testDoesAllowOnlyOne[1: com.dotmarketing.portlets.structure.model.ContentletRelationshipsTest$CardinalityTestCase@6479908e]" classname="com.dotmarketing.portlets.structure.model.ContentletRelationshipsTest" time="0.402"/>
  <testcase name="testDoesAllowOnlyOne[2: com.dotmarketing.portlets.structure.model.ContentletRelationshipsTest$CardinalityTestCase@4276ee70]" classname="com.dotmarketing.portlets.structure.model.ContentletRelationshipsTest" time="0.428"/>
  <testcase name="testGetRelationshipRecords[0: com.dotmarketing.portlets.structure.model.ContentletRelationshipsTest$TestCase@21be04a2]" classname="com.dotmarketing.portlets.structure.model.ContentletRelationshipsTest" time="0.867"/>
  <testcase name="testGetRelationshipRecords[1: com.dotmarketing.portlets.structure.model.ContentletRelationshipsTest$TestCase@165efe3d]" classname="com.dotmarketing.portlets.structure.model.ContentletRelationshipsTest" time="1.841"/>
  <testcase name="testGetRelationshipRecords[2: com.dotmarketing.portlets.structure.model.ContentletRelationshipsTest$TestCase@3e8bf198]" classname="com.dotmarketing.portlets.structure.model.ContentletRelationshipsTest" time="1.734"/>
  <testcase name="testGetRelationshipRecords[3: com.dotmarketing.portlets.structure.model.ContentletRelationshipsTest$TestCase@4bfb8d57]" classname="com.dotmarketing.portlets.structure.model.ContentletRelationshipsTest" time="1.789"/>
  <system-out><![CDATA[]]></system-out>
  <system-err><![CDATA[]]></system-err>
</testsuite>
