<?xml version="1.0" encoding="UTF-8"?>
<testsuite name="com.dotmarketing.portlets.structure.model.ContentletRelationshipsTest" tests="7" skipped="0" failures="0" errors="0" timestamp="2023-06-26T15:32:28" hostname="fv-az180-822" time="7.454">
  <properties/>
  <testcase name="testDoesAllowOnlyOne[0: com.dotmarketing.portlets.structure.model.ContentletRelationshipsTest$CardinalityTestCase@5ff3ae26]" classname="com.dotmarketing.portlets.structure.model.ContentletRelationshipsTest" time="0.456"/>
  <testcase name="testDoesAllowOnlyOne[1: com.dotmarketing.portlets.structure.model.ContentletRelationshipsTest$CardinalityTestCase@3e8bb3d4]" classname="com.dotmarketing.portlets.structure.model.ContentletRelationshipsTest" time="0.394"/>
  <testcase name="testDoesAllowOnlyOne[2: com.dotmarketing.portlets.structure.model.ContentletRelationshipsTest$CardinalityTestCase@7f179968]" classname="com.dotmarketing.portlets.structure.model.ContentletRelationshipsTest" time="0.417"/>
  <testcase name="testGetRelationshipRecords[0: com.dotmarketing.portlets.structure.model.ContentletRelationshipsTest$TestCase@5e7ddbea]" classname="com.dotmarketing.portlets.structure.model.ContentletRelationshipsTest" time="1.896"/>
  <testcase name="testGetRelationshipRecords[1: com.dotmarketing.portlets.structure.model.ContentletRelationshipsTest$TestCase@1cbdcc9d]" classname="com.dotmarketing.portlets.structure.model.ContentletRelationshipsTest" time="0.846"/>
  <testcase name="testGetRelationshipRecords[2: com.dotmarketing.portlets.structure.model.ContentletRelationshipsTest$TestCase@7f4bc9cd]" classname="com.dotmarketing.portlets.structure.model.ContentletRelationshipsTest" time="1.723"/>
  <testcase name="testGetRelationshipRecords[3: com.dotmarketing.portlets.structure.model.ContentletRelationshipsTest$TestCase@3cd4d395]" classname="com.dotmarketing.portlets.structure.model.ContentletRelationshipsTest" time="1.722"/>
  <system-out><![CDATA[]]></system-out>
  <system-err><![CDATA[]]></system-err>
</testsuite>
