<?xml version="1.0" encoding="UTF-8"?>
<testsuite name="com.dotcms.publishing.job.SiteSearchJobImplTest" tests="10" skipped="0" failures="0" errors="0" timestamp="2023-07-05T22:15:04" hostname="fv-az614-79" time="40.048">
  <properties/>
  <testcase name="Test_Incremental_Job_Test_Pages_Are_Found_Create_And_Publish_New_Page_Test_Changes_Are_Picked_Unpublish_Then_Verify_Page_Is_Gone" classname="com.dotcms.publishing.job.SiteSearchJobImplTest" time="11.222"/>
  <testcase name="Test_Non_Incremental_Create_Default_Index_Create_Second_Index_Run_Non_Incrementally_Expect_Non_Default_New_Index" classname="com.dotcms.publishing.job.SiteSearchJobImplTest" time="1.131"/>
  <testcase name="Test_Non_Incremental_Create_Default_Index_Run_Non_Incrementally_Expect_New_Index_Keep_Alias_And_Default" classname="com.dotcms.publishing.job.SiteSearchJobImplTest" time="0.322"/>
  <testcase name="testSiteSearchDifferentScenarios[0: com.dotcms.publishing.job.SiteSearchJobImplTest$TestCaseSiteSearch@6c7ad562]" classname="com.dotcms.publishing.job.SiteSearchJobImplTest" time="3.824"/>
  <testcase name="testSiteSearchDifferentScenarios[1: com.dotcms.publishing.job.SiteSearchJobImplTest$TestCaseSiteSearch@1c3f4168]" classname="com.dotcms.publishing.job.SiteSearchJobImplTest" time="4.098"/>
  <testcase name="testSiteSearchDifferentScenarios[2: com.dotcms.publishing.job.SiteSearchJobImplTest$TestCaseSiteSearch@4aefe2c3]" classname="com.dotcms.publishing.job.SiteSearchJobImplTest" time="3.028"/>
  <testcase name="testSiteSearchDifferentScenarios[3: com.dotcms.publishing.job.SiteSearchJobImplTest$TestCaseSiteSearch@5c77902d]" classname="com.dotcms.publishing.job.SiteSearchJobImplTest" time="4.068"/>
  <testcase name="testSiteSearchDifferentScenarios[4: com.dotcms.publishing.job.SiteSearchJobImplTest$TestCaseSiteSearch@669c9f04]" classname="com.dotcms.publishing.job.SiteSearchJobImplTest" time="2.897"/>
  <testcase name="testSiteSearchDifferentScenarios[5: com.dotcms.publishing.job.SiteSearchJobImplTest$TestCaseSiteSearch@ceb6be]" classname="com.dotcms.publishing.job.SiteSearchJobImplTest" time="5.409"/>
  <testcase name="testSiteSearchDifferentScenarios[6: com.dotcms.publishing.job.SiteSearchJobImplTest$TestCaseSiteSearch@3582a59e]" classname="com.dotcms.publishing.job.SiteSearchJobImplTest" time="4.046"/>
  <system-out><![CDATA[]]></system-out>
  <system-err><![CDATA[]]></system-err>
</testsuite>
