<?xml version="1.0" encoding="UTF-8"?>
<testsuite name="com.dotcms.rest.api.v1.vtl.VTLResourceIntegrationTest" tests="6" skipped="0" failures="0" errors="0" timestamp="2023-07-07T15:40:23" hostname="fv-az795-156" time="13.045">
  <properties/>
  <testcase name="testGet[0: com.dotcms.rest.api.v1.vtl.VTLResourceTestCase@23b4ebf5]" classname="com.dotcms.rest.api.v1.vtl.VTLResourceIntegrationTest" time="2.161"/>
  <testcase name="testGet[1: com.dotcms.rest.api.v1.vtl.VTLResourceTestCase@1b657958]" classname="com.dotcms.rest.api.v1.vtl.VTLResourceIntegrationTest" time="2.782"/>
  <testcase name="testGet[2: com.dotcms.rest.api.v1.vtl.VTLResourceTestCase@47b8e87e]" classname="com.dotcms.rest.api.v1.vtl.VTLResourceIntegrationTest" time="2.186"/>
  <testcase name="testGet[3: com.dotcms.rest.api.v1.vtl.VTLResourceTestCase@22126a26]" classname="com.dotcms.rest.api.v1.vtl.VTLResourceIntegrationTest" time="1.896"/>
  <testcase name="testGet[4: com.dotcms.rest.api.v1.vtl.VTLResourceTestCase@26fdd6d2]" classname="com.dotcms.rest.api.v1.vtl.VTLResourceIntegrationTest" time="2.011"/>
  <testcase name="testGet[5: com.dotcms.rest.api.v1.vtl.VTLResourceTestCase@1662d4ec]" classname="com.dotcms.rest.api.v1.vtl.VTLResourceIntegrationTest" time="2.009"/>
  <system-out><![CDATA[]]></system-out>
  <system-err><![CDATA[]]></system-err>
</testsuite>
