<?xml version="1.0" encoding="UTF-8"?>
<testsuite name="com.dotmarketing.servlets.ajax.AjaxDirectorServletIntegrationTest" tests="2" skipped="0" failures="0" errors="0" timestamp="2023-07-20T23:51:32" hostname="fv-az247-899" time="1.157">
  <properties/>
  <testcase name="testService[0: com.dotmarketing.servlets.ajax.AjaxDirectorServletTestCase@1768dfa9]" classname="com.dotmarketing.servlets.ajax.AjaxDirectorServletIntegrationTest" time="0.705"/>
  <testcase name="testService[1: com.dotmarketing.servlets.ajax.AjaxDirectorServletTestCase@3fe8bd12]" classname="com.dotmarketing.servlets.ajax.AjaxDirectorServletIntegrationTest" time="0.452"/>
  <system-out><![CDATA[]]></system-out>
  <system-err><![CDATA[]]></system-err>
</testsuite>
