<?xml version="1.0" encoding="UTF-8"?>
<testsuite name="com.dotcms.content.elasticsearch.util.ESMappingUtilHelperTest" tests="12" skipped="0" failures="0" errors="0" timestamp="2023-06-26T17:30:58" hostname="fv-az341-169" time="421.296">
  <properties/>
  <testcase name="Test Name: testValidateNewsLikeMapping. Mapping Name: geomapping" classname="com.dotcms.content.elasticsearch.util.ESMappingUtilHelperTest" time="5.277"/>
  <testcase name="Test Name: testValidateNewsLikeMapping. Mapping Name: geomapping_2" classname="com.dotcms.content.elasticsearch.util.ESMappingUtilHelperTest" time="4.884"/>
  <testcase name="Test Name: testValidateNewsLikeMapping. Mapping Name: keywordmapping" classname="com.dotcms.content.elasticsearch.util.ESMappingUtilHelperTest" time="5.291"/>
  <testcase name="testMappingForDateFields" classname="com.dotcms.content.elasticsearch.util.ESMappingUtilHelperTest" time="118.722"/>
  <testcase name="testAddMappingForFields" classname="com.dotcms.content.elasticsearch.util.ESMappingUtilHelperTest" time="156.58"/>
  <testcase name="testCreateContentIndexWithCustomMappings" classname="com.dotcms.content.elasticsearch.util.ESMappingUtilHelperTest" time="116.743"/>
  <testcase name="Test Name: testValidateFileAssetMapping. Mapping Name: longmapping" classname="com.dotcms.content.elasticsearch.util.ESMappingUtilHelperTest" time="3.953"/>
  <testcase name="Test Name: testValidateFileAssetMapping. Mapping Name: keywordmapping" classname="com.dotcms.content.elasticsearch.util.ESMappingUtilHelperTest" time="4.048"/>
  <testcase name="Test Name: testValidateEventMapping. Mapping Name: template_1" classname="com.dotcms.content.elasticsearch.util.ESMappingUtilHelperTest" time="2.323"/>
  <testcase name="Test Name: testValidateEventMapping. Mapping Name: textmapping" classname="com.dotcms.content.elasticsearch.util.ESMappingUtilHelperTest" time="1.151"/>
  <testcase name="Test Name: testValidateEventMapping. Mapping Name: strings_as_dates" classname="com.dotcms.content.elasticsearch.util.ESMappingUtilHelperTest" time="1.175"/>
  <testcase name="Test Name: testValidateEventMapping. Mapping Name: permissions" classname="com.dotcms.content.elasticsearch.util.ESMappingUtilHelperTest" time="1.147"/>
  <system-out><![CDATA[]]></system-out>
  <system-err><![CDATA[]]></system-err>
</testsuite>
