<?xml version="1.0" encoding="UTF-8"?>
<testsuite name="com.dotcms.rendering.velocity.viewtools.content.util.ContentUtilsTest" tests="89" skipped="0" failures="0" errors="0" timestamp="2023-06-23T21:19:52" hostname="fv-az627-978" time="407.411">
  <properties/>
  <testcase name="whenTheTimeMachineDateIsNullAndPublishDateInFutureShouldNotReturnAnything" classname="com.dotcms.rendering.velocity.viewtools.content.util.ContentUtilsTest" time="2.994"/>
  <testcase name="test_find_multilingual_contentlet_getContentletSuccessfully" classname="com.dotcms.rendering.velocity.viewtools.content.util.ContentUtilsTest" time="2.133"/>
  <testcase name="whenTheTimeMachineDateAndPublishDateAreTomorrowShouldReturnOneContent" classname="com.dotcms.rendering.velocity.viewtools.content.util.ContentUtilsTest" time="3.007"/>
  <testcase name="testPullRelated[0: com.dotcms.rendering.velocity.viewtools.content.util.ContentUtilsTest$TestCase@4c4d9849]" classname="com.dotcms.rendering.velocity.viewtools.content.util.ContentUtilsTest" time="3.721"/>
  <testcase name="testPullRelated[1: com.dotcms.rendering.velocity.viewtools.content.util.ContentUtilsTest$TestCase@4766075f]" classname="com.dotcms.rendering.velocity.viewtools.content.util.ContentUtilsTest" time="3.832"/>
  <testcase name="testPullRelated[2: com.dotcms.rendering.velocity.viewtools.content.util.ContentUtilsTest$TestCase@61501453]" classname="com.dotcms.rendering.velocity.viewtools.content.util.ContentUtilsTest" time="4.362"/>
  <testcase name="testPullRelated[3: com.dotcms.rendering.velocity.viewtools.content.util.ContentUtilsTest$TestCase@4b249a9c]" classname="com.dotcms.rendering.velocity.viewtools.content.util.ContentUtilsTest" time="3.839"/>
  <testcase name="testPullRelated[4: com.dotcms.rendering.velocity.viewtools.content.util.ContentUtilsTest$TestCase@6b0bdc61]" classname="com.dotcms.rendering.velocity.viewtools.content.util.ContentUtilsTest" time="3.92"/>
  <testcase name="testPullRelated[5: com.dotcms.rendering.velocity.viewtools.content.util.ContentUtilsTest$TestCase@1ca072a0]" classname="com.dotcms.rendering.velocity.viewtools.content.util.ContentUtilsTest" time="2.89"/>
  <testcase name="testPullRelated[6: com.dotcms.rendering.velocity.viewtools.content.util.ContentUtilsTest$TestCase@7db31feb]" classname="com.dotcms.rendering.velocity.viewtools.content.util.ContentUtilsTest" time="4.17"/>
  <testcase name="testPullRelated[7: com.dotcms.rendering.velocity.viewtools.content.util.ContentUtilsTest$TestCase@12ac9abb]" classname="com.dotcms.rendering.velocity.viewtools.content.util.ContentUtilsTest" time="4.229"/>
  <testcase name="testPullRelated[8: com.dotcms.rendering.velocity.viewtools.content.util.ContentUtilsTest$TestCase@2771b45b]" classname="com.dotcms.rendering.velocity.viewtools.content.util.ContentUtilsTest" time="3.869"/>
  <testcase name="testPullRelated[9: com.dotcms.rendering.velocity.viewtools.content.util.ContentUtilsTest$TestCase@38dbe767]" classname="com.dotcms.rendering.velocity.viewtools.content.util.ContentUtilsTest" time="4.148"/>
  <testcase name="testPullRelated[10: com.dotcms.rendering.velocity.viewtools.content.util.ContentUtilsTest$TestCase@5d72ebd0]" classname="com.dotcms.rendering.velocity.viewtools.content.util.ContentUtilsTest" time="4.004"/>
  <testcase name="testPullRelated[11: com.dotcms.rendering.velocity.viewtools.content.util.ContentUtilsTest$TestCase@2bfdcb87]" classname="com.dotcms.rendering.velocity.viewtools.content.util.ContentUtilsTest" time="4.133"/>
  <testcase name="testPullRelated[12: com.dotcms.rendering.velocity.viewtools.content.util.ContentUtilsTest$TestCase@10471cf]" classname="com.dotcms.rendering.velocity.viewtools.content.util.ContentUtilsTest" time="3.995"/>
  <testcase name="testPullRelated[13: com.dotcms.rendering.velocity.viewtools.content.util.ContentUtilsTest$TestCase@66034e57]" classname="com.dotcms.rendering.velocity.viewtools.content.util.ContentUtilsTest" time="3.957"/>
  <testcase name="testPullRelated[14: com.dotcms.rendering.velocity.viewtools.content.util.ContentUtilsTest$TestCase@2c65152c]" classname="com.dotcms.rendering.velocity.viewtools.content.util.ContentUtilsTest" time="4.141"/>
  <testcase name="testPullRelated[15: com.dotcms.rendering.velocity.viewtools.content.util.ContentUtilsTest$TestCase@690152d4]" classname="com.dotcms.rendering.velocity.viewtools.content.util.ContentUtilsTest" time="3.862"/>
  <testcase name="testPullRelated[16: com.dotcms.rendering.velocity.viewtools.content.util.ContentUtilsTest$TestCase@4ba9dc32]" classname="com.dotcms.rendering.velocity.viewtools.content.util.ContentUtilsTest" time="4.141"/>
  <testcase name="testPullRelated[17: com.dotcms.rendering.velocity.viewtools.content.util.ContentUtilsTest$TestCase@372452e6]" classname="com.dotcms.rendering.velocity.viewtools.content.util.ContentUtilsTest" time="3.991"/>
  <testcase name="testPullRelated[18: com.dotcms.rendering.velocity.viewtools.content.util.ContentUtilsTest$TestCase@336cfd5b]" classname="com.dotcms.rendering.velocity.viewtools.content.util.ContentUtilsTest" time="4.114"/>
  <testcase name="testPullRelated[19: com.dotcms.rendering.velocity.viewtools.content.util.ContentUtilsTest$TestCase@50989e10]" classname="com.dotcms.rendering.velocity.viewtools.content.util.ContentUtilsTest" time="3.96"/>
  <testcase name="testPullRelated[20: com.dotcms.rendering.velocity.viewtools.content.util.ContentUtilsTest$TestCase@55d5907d]" classname="com.dotcms.rendering.velocity.viewtools.content.util.ContentUtilsTest" time="4.151"/>
  <testcase name="testPullRelated[21: com.dotcms.rendering.velocity.viewtools.content.util.ContentUtilsTest$TestCase@40f34b43]" classname="com.dotcms.rendering.velocity.viewtools.content.util.ContentUtilsTest" time="4.075"/>
  <testcase name="testPullRelated[22: com.dotcms.rendering.velocity.viewtools.content.util.ContentUtilsTest$TestCase@1421f023]" classname="com.dotcms.rendering.velocity.viewtools.content.util.ContentUtilsTest" time="3.977"/>
  <testcase name="testPullRelated[23: com.dotcms.rendering.velocity.viewtools.content.util.ContentUtilsTest$TestCase@dd94a9]" classname="com.dotcms.rendering.velocity.viewtools.content.util.ContentUtilsTest" time="4.116"/>
  <testcase name="testPullRelated[24: com.dotcms.rendering.velocity.viewtools.content.util.ContentUtilsTest$TestCase@7972bab7]" classname="com.dotcms.rendering.velocity.viewtools.content.util.ContentUtilsTest" time="3.742"/>
  <testcase name="testPullRelated[25: com.dotcms.rendering.velocity.viewtools.content.util.ContentUtilsTest$TestCase@23815f89]" classname="com.dotcms.rendering.velocity.viewtools.content.util.ContentUtilsTest" time="3.297"/>
  <testcase name="testPullRelated[26: com.dotcms.rendering.velocity.viewtools.content.util.ContentUtilsTest$TestCase@38ba0332]" classname="com.dotcms.rendering.velocity.viewtools.content.util.ContentUtilsTest" time="3.9"/>
  <testcase name="testPullRelated[27: com.dotcms.rendering.velocity.viewtools.content.util.ContentUtilsTest$TestCase@542ea050]" classname="com.dotcms.rendering.velocity.viewtools.content.util.ContentUtilsTest" time="4.384"/>
  <testcase name="testPullRelated[28: com.dotcms.rendering.velocity.viewtools.content.util.ContentUtilsTest$TestCase@38e51f60]" classname="com.dotcms.rendering.velocity.viewtools.content.util.ContentUtilsTest" time="3.636"/>
  <testcase name="testPullRelated[29: com.dotcms.rendering.velocity.viewtools.content.util.ContentUtilsTest$TestCase@113162e2]" classname="com.dotcms.rendering.velocity.viewtools.content.util.ContentUtilsTest" time="4.159"/>
  <testcase name="testPullRelated[30: com.dotcms.rendering.velocity.viewtools.content.util.ContentUtilsTest$TestCase@797a5065]" classname="com.dotcms.rendering.velocity.viewtools.content.util.ContentUtilsTest" time="4.128"/>
  <testcase name="testPullRelated[31: com.dotcms.rendering.velocity.viewtools.content.util.ContentUtilsTest$TestCase@58f7433a]" classname="com.dotcms.rendering.velocity.viewtools.content.util.ContentUtilsTest" time="4.095"/>
  <testcase name="testPullRelated[32: com.dotcms.rendering.velocity.viewtools.content.util.ContentUtilsTest$TestCase@4879495b]" classname="com.dotcms.rendering.velocity.viewtools.content.util.ContentUtilsTest" time="4.048"/>
  <testcase name="testPullRelated[33: com.dotcms.rendering.velocity.viewtools.content.util.ContentUtilsTest$TestCase@52c504c4]" classname="com.dotcms.rendering.velocity.viewtools.content.util.ContentUtilsTest" time="3.856"/>
  <testcase name="testPullRelated[34: com.dotcms.rendering.velocity.viewtools.content.util.ContentUtilsTest$TestCase@79178f81]" classname="com.dotcms.rendering.velocity.viewtools.content.util.ContentUtilsTest" time="4.283"/>
  <testcase name="testPullRelated[35: com.dotcms.rendering.velocity.viewtools.content.util.ContentUtilsTest$TestCase@1b1bfd0a]" classname="com.dotcms.rendering.velocity.viewtools.content.util.ContentUtilsTest" time="3.854"/>
  <testcase name="testPullRelated[36: com.dotcms.rendering.velocity.viewtools.content.util.ContentUtilsTest$TestCase@192a4ca3]" classname="com.dotcms.rendering.velocity.viewtools.content.util.ContentUtilsTest" time="6.249"/>
  <testcase name="testPullRelated[37: com.dotcms.rendering.velocity.viewtools.content.util.ContentUtilsTest$TestCase@63b39866]" classname="com.dotcms.rendering.velocity.viewtools.content.util.ContentUtilsTest" time="5.912"/>
  <testcase name="testPullRelated[38: com.dotcms.rendering.velocity.viewtools.content.util.ContentUtilsTest$TestCase@261d6816]" classname="com.dotcms.rendering.velocity.viewtools.content.util.ContentUtilsTest" time="6.178"/>
  <testcase name="testPullRelated[39: com.dotcms.rendering.velocity.viewtools.content.util.ContentUtilsTest$TestCase@62aa3272]" classname="com.dotcms.rendering.velocity.viewtools.content.util.ContentUtilsTest" time="6.141"/>
  <testcase name="testPullRelated[40: com.dotcms.rendering.velocity.viewtools.content.util.ContentUtilsTest$TestCase@292e25d0]" classname="com.dotcms.rendering.velocity.viewtools.content.util.ContentUtilsTest" time="6.125"/>
  <testcase name="testPullRelated[41: com.dotcms.rendering.velocity.viewtools.content.util.ContentUtilsTest$TestCase@5621e83b]" classname="com.dotcms.rendering.velocity.viewtools.content.util.ContentUtilsTest" time="5.796"/>
  <testcase name="testPullRelated[42: com.dotcms.rendering.velocity.viewtools.content.util.ContentUtilsTest$TestCase@1bb17731]" classname="com.dotcms.rendering.velocity.viewtools.content.util.ContentUtilsTest" time="6.456"/>
  <testcase name="testPullRelated[43: com.dotcms.rendering.velocity.viewtools.content.util.ContentUtilsTest$TestCase@28bbef97]" classname="com.dotcms.rendering.velocity.viewtools.content.util.ContentUtilsTest" time="5.992"/>
  <testcase name="testPullRelated[44: com.dotcms.rendering.velocity.viewtools.content.util.ContentUtilsTest$TestCase@70634ff5]" classname="com.dotcms.rendering.velocity.viewtools.content.util.ContentUtilsTest" time="5.84"/>
  <testcase name="testPullRelated[45: com.dotcms.rendering.velocity.viewtools.content.util.ContentUtilsTest$TestCase@29da01f2]" classname="com.dotcms.rendering.velocity.viewtools.content.util.ContentUtilsTest" time="6.093"/>
  <testcase name="testPullRelated[46: com.dotcms.rendering.velocity.viewtools.content.util.ContentUtilsTest$TestCase@3942f307]" classname="com.dotcms.rendering.velocity.viewtools.content.util.ContentUtilsTest" time="6.284"/>
  <testcase name="testPullRelated[47: com.dotcms.rendering.velocity.viewtools.content.util.ContentUtilsTest$TestCase@4e7274ef]" classname="com.dotcms.rendering.velocity.viewtools.content.util.ContentUtilsTest" time="6.343"/>
  <testcase name="testPullRelated[48: com.dotcms.rendering.velocity.viewtools.content.util.ContentUtilsTest$TestCase@24848633]" classname="com.dotcms.rendering.velocity.viewtools.content.util.ContentUtilsTest" time="5.543"/>
  <testcase name="testPullRelated[49: com.dotcms.rendering.velocity.viewtools.content.util.ContentUtilsTest$TestCase@5da8d6c0]" classname="com.dotcms.rendering.velocity.viewtools.content.util.ContentUtilsTest" time="6.148"/>
  <testcase name="testPullRelated[50: com.dotcms.rendering.velocity.viewtools.content.util.ContentUtilsTest$TestCase@73dcccb9]" classname="com.dotcms.rendering.velocity.viewtools.content.util.ContentUtilsTest" time="6.245"/>
  <testcase name="testPullRelated[51: com.dotcms.rendering.velocity.viewtools.content.util.ContentUtilsTest$TestCase@2ed40b21]" classname="com.dotcms.rendering.velocity.viewtools.content.util.ContentUtilsTest" time="5.927"/>
  <testcase name="testPullRelated[52: com.dotcms.rendering.velocity.viewtools.content.util.ContentUtilsTest$TestCase@2ee1a5d6]" classname="com.dotcms.rendering.velocity.viewtools.content.util.ContentUtilsTest" time="6.393"/>
  <testcase name="testPullRelated[53: com.dotcms.rendering.velocity.viewtools.content.util.ContentUtilsTest$TestCase@35e4781c]" classname="com.dotcms.rendering.velocity.viewtools.content.util.ContentUtilsTest" time="5.874"/>
  <testcase name="testPullRelated[54: com.dotcms.rendering.velocity.viewtools.content.util.ContentUtilsTest$TestCase@2048d31d]" classname="com.dotcms.rendering.velocity.viewtools.content.util.ContentUtilsTest" time="6.102"/>
  <testcase name="testPullRelated[55: com.dotcms.rendering.velocity.viewtools.content.util.ContentUtilsTest$TestCase@2e4b4936]" classname="com.dotcms.rendering.velocity.viewtools.content.util.ContentUtilsTest" time="6.182"/>
  <testcase name="testPullRelated[56: com.dotcms.rendering.velocity.viewtools.content.util.ContentUtilsTest$TestCase@d27963c]" classname="com.dotcms.rendering.velocity.viewtools.content.util.ContentUtilsTest" time="5.906"/>
  <testcase name="testPullRelated[57: com.dotcms.rendering.velocity.viewtools.content.util.ContentUtilsTest$TestCase@1b953b1c]" classname="com.dotcms.rendering.velocity.viewtools.content.util.ContentUtilsTest" time="5.946"/>
  <testcase name="testPullRelated[58: com.dotcms.rendering.velocity.viewtools.content.util.ContentUtilsTest$TestCase@7da3d348]" classname="com.dotcms.rendering.velocity.viewtools.content.util.ContentUtilsTest" time="5.401"/>
  <testcase name="testPullRelated[59: com.dotcms.rendering.velocity.viewtools.content.util.ContentUtilsTest$TestCase@9d53733]" classname="com.dotcms.rendering.velocity.viewtools.content.util.ContentUtilsTest" time="5.956"/>
  <testcase name="testPullRelated[60: com.dotcms.rendering.velocity.viewtools.content.util.ContentUtilsTest$TestCase@38f2c643]" classname="com.dotcms.rendering.velocity.viewtools.content.util.ContentUtilsTest" time="5.92"/>
  <testcase name="testPullRelated[61: com.dotcms.rendering.velocity.viewtools.content.util.ContentUtilsTest$TestCase@a0d579a]" classname="com.dotcms.rendering.velocity.viewtools.content.util.ContentUtilsTest" time="6.249"/>
  <testcase name="testPullRelated[62: com.dotcms.rendering.velocity.viewtools.content.util.ContentUtilsTest$TestCase@69d7ec00]" classname="com.dotcms.rendering.velocity.viewtools.content.util.ContentUtilsTest" time="5.07"/>
  <testcase name="testPullRelated[63: com.dotcms.rendering.velocity.viewtools.content.util.ContentUtilsTest$TestCase@499b22a6]" classname="com.dotcms.rendering.velocity.viewtools.content.util.ContentUtilsTest" time="5.136"/>
  <testcase name="testPullRelated[64: com.dotcms.rendering.velocity.viewtools.content.util.ContentUtilsTest$TestCase@67f53508]" classname="com.dotcms.rendering.velocity.viewtools.content.util.ContentUtilsTest" time="6.054"/>
  <testcase name="testPullRelated[65: com.dotcms.rendering.velocity.viewtools.content.util.ContentUtilsTest$TestCase@7a41feb]" classname="com.dotcms.rendering.velocity.viewtools.content.util.ContentUtilsTest" time="5.997"/>
  <testcase name="testPullRelated[66: com.dotcms.rendering.velocity.viewtools.content.util.ContentUtilsTest$TestCase@51c544f3]" classname="com.dotcms.rendering.velocity.viewtools.content.util.ContentUtilsTest" time="6.141"/>
  <testcase name="testPullRelated[67: com.dotcms.rendering.velocity.viewtools.content.util.ContentUtilsTest$TestCase@41dbc27f]" classname="com.dotcms.rendering.velocity.viewtools.content.util.ContentUtilsTest" time="6.183"/>
  <testcase name="testPullRelated[68: com.dotcms.rendering.velocity.viewtools.content.util.ContentUtilsTest$TestCase@fc8e239]" classname="com.dotcms.rendering.velocity.viewtools.content.util.ContentUtilsTest" time="6.013"/>
  <testcase name="testPullRelated[69: com.dotcms.rendering.velocity.viewtools.content.util.ContentUtilsTest$TestCase@28b4ff6c]" classname="com.dotcms.rendering.velocity.viewtools.content.util.ContentUtilsTest" time="5.915"/>
  <testcase name="testPullRelated[70: com.dotcms.rendering.velocity.viewtools.content.util.ContentUtilsTest$TestCase@53adc455]" classname="com.dotcms.rendering.velocity.viewtools.content.util.ContentUtilsTest" time="6.361"/>
  <testcase name="testPullRelated[71: com.dotcms.rendering.velocity.viewtools.content.util.ContentUtilsTest$TestCase@4cfa2c65]" classname="com.dotcms.rendering.velocity.viewtools.content.util.ContentUtilsTest" time="5.927"/>
  <testcase name="whenPublishAndExpireDatesAreInTheFutureAndTimeMachineIsAfterBoth" classname="com.dotcms.rendering.velocity.viewtools.content.util.ContentUtilsTest" time="3.028"/>
  <testcase name="testPullRelatedForLegacyRelationship[0: com.dotcms.rendering.velocity.viewtools.content.util.ContentUtilsTest$LegacyTestCase@46bd6e9]" classname="com.dotcms.rendering.velocity.viewtools.content.util.ContentUtilsTest" time="3.702"/>
  <testcase name="testPullRelatedForLegacyRelationship[1: com.dotcms.rendering.velocity.viewtools.content.util.ContentUtilsTest$LegacyTestCase@bab0697]" classname="com.dotcms.rendering.velocity.viewtools.content.util.ContentUtilsTest" time="4.048"/>
  <testcase name="whenTheTimeMachineDateIsAfterTomorrowAndExpireDateIsTomorrowShouldNotReturnContent" classname="com.dotcms.rendering.velocity.viewtools.content.util.ContentUtilsTest" time="3.05"/>
  <testcase name="testPullLiveRelatedWhenLatestVersionIsWorking" classname="com.dotcms.rendering.velocity.viewtools.content.util.ContentUtilsTest" time="3.662"/>
  <testcase name="test_add_relationships_on_parent_children_related_contents" classname="com.dotcms.rendering.velocity.viewtools.content.util.ContentUtilsTest" time="1.489"/>
  <testcase name="testSortPullRelated[0: com.dotcms.rendering.velocity.viewtools.content.util.ContentUtilsTest$SortTestCase@3699f4db]" classname="com.dotcms.rendering.velocity.viewtools.content.util.ContentUtilsTest" time="2.519"/>
  <testcase name="testSortPullRelated[1: com.dotcms.rendering.velocity.viewtools.content.util.ContentUtilsTest$SortTestCase@2b9d6f69]" classname="com.dotcms.rendering.velocity.viewtools.content.util.ContentUtilsTest" time="2.526"/>
  <testcase name="testSortPullRelated[2: com.dotcms.rendering.velocity.viewtools.content.util.ContentUtilsTest$SortTestCase@711b386d]" classname="com.dotcms.rendering.velocity.viewtools.content.util.ContentUtilsTest" time="2.69"/>
  <testcase name="testSortPullRelated[3: com.dotcms.rendering.velocity.viewtools.content.util.ContentUtilsTest$SortTestCase@22570767]" classname="com.dotcms.rendering.velocity.viewtools.content.util.ContentUtilsTest" time="2.694"/>
  <testcase name="testSortPullRelated[4: com.dotcms.rendering.velocity.viewtools.content.util.ContentUtilsTest$SortTestCase@5b9110da]" classname="com.dotcms.rendering.velocity.viewtools.content.util.ContentUtilsTest" time="2.637"/>
  <testcase name="testSortPullRelated[5: com.dotcms.rendering.velocity.viewtools.content.util.ContentUtilsTest$SortTestCase@1b37cae6]" classname="com.dotcms.rendering.velocity.viewtools.content.util.ContentUtilsTest" time="2.693"/>
  <testcase name="whenTheTimeMachineDateIsAfterTomorrowAndExpireDateIsInFutureShouldReturnContent" classname="com.dotcms.rendering.velocity.viewtools.content.util.ContentUtilsTest" time="3.08"/>
  <testcase name="testPullRelatedFieldShouldRespectDefaultOrder" classname="com.dotcms.rendering.velocity.viewtools.content.util.ContentUtilsTest" time="2.479"/>
  <system-out><![CDATA[]]></system-out>
  <system-err><![CDATA[]]></system-err>
</testsuite>
