<?xml version="1.0" encoding="UTF-8"?>
<testsuite name="com.dotmarketing.portlets.categories.business.CategoryFactoryTest" tests="12" skipped="0" failures="0" errors="0" timestamp="2023-07-14T16:22:08" hostname="fv-az364-103" time="1.813">
  <properties/>
  <testcase name="Test_Has_Dependencies" classname="com.dotmarketing.portlets.categories.business.CategoryFactoryTest" time="0.012"/>
  <testcase name="Test_ReOrder_Categories" classname="com.dotmarketing.portlets.categories.business.CategoryFactoryTest" time="0.018"/>
  <testcase name="Test_Save_Empty_Category_Expect_Exception" classname="com.dotmarketing.portlets.categories.business.CategoryFactoryTest" time="0.002"/>
  <testcase name="Test_Find_Children_Then_Remove_Em" classname="com.dotmarketing.portlets.categories.business.CategoryFactoryTest" time="0.013"/>
  <testcase name="Test_Update_Non_Existing_Category_Expect_Exception" classname="com.dotmarketing.portlets.categories.business.CategoryFactoryTest" time="0.008"/>
  <testcase name="Test_Find_Non_Existing_Category_By_Key" classname="com.dotmarketing.portlets.categories.business.CategoryFactoryTest" time="0.001"/>
  <testcase name="Test_Find_All_Then_Delete_All" classname="com.dotmarketing.portlets.categories.business.CategoryFactoryTest" time="1.724"/>
  <testcase name="Test_Find_Top_Level_Categories" classname="com.dotmarketing.portlets.categories.business.CategoryFactoryTest" time="0.008"/>
  <testcase name="Test_Find_Non_Existing_Category_By_Id" classname="com.dotmarketing.portlets.categories.business.CategoryFactoryTest" time="0.002"/>
  <testcase name="Test_Get_Parent_Categories" classname="com.dotmarketing.portlets.categories.business.CategoryFactoryTest" time="0.013"/>
  <testcase name="Test_Save_Brand_New_Category_Then_Find_It" classname="com.dotmarketing.portlets.categories.business.CategoryFactoryTest" time="0.003"/>
  <testcase name="Test_Find_Parent_Then_Remove_Em" classname="com.dotmarketing.portlets.categories.business.CategoryFactoryTest" time="0.008"/>
  <system-out><![CDATA[]]></system-out>
  <system-err><![CDATA[]]></system-err>
</testsuite>
