<?xml version="1.0" encoding="UTF-8"?>
<testsuite name="com.dotcms.contenttype.test.ContentTypeResourceTest" tests="10" skipped="0" failures="0" errors="0" timestamp="2023-07-17T20:35:24" hostname="fv-az561-617" time="25.321">
  <properties/>
  <testcase name="testJson[0: empty-widget.json]" classname="com.dotcms.contenttype.test.ContentTypeResourceTest" time="3.799"/>
  <testcase name="testJson[1: page-content-type.json]" classname="com.dotcms.contenttype.test.ContentTypeResourceTest" time="6.234"/>
  <testcase name="testJson[2: content-type-object.json]" classname="com.dotcms.contenttype.test.ContentTypeResourceTest" time="1.833"/>
  <testcase name="testJson[3: content-type-array-insert.json]" classname="com.dotcms.contenttype.test.ContentTypeResourceTest" time="3.414"/>
  <testcase name="testJson[4: persona-type-object.json]" classname="com.dotcms.contenttype.test.ContentTypeResourceTest" time="3.428"/>
  <testcase name="testJson[5: widget-type-object.json]" classname="com.dotcms.contenttype.test.ContentTypeResourceTest" time="2.246"/>
  <testcase name="testJson[6: file-asset.json]" classname="com.dotcms.contenttype.test.ContentTypeResourceTest" time="2.337"/>
  <testcase name="testJson[7: content-type-object-insert.json]" classname="com.dotcms.contenttype.test.ContentTypeResourceTest" time="2.021"/>
  <testcase name="test_setHostAndFolderAsIdentifer_with_null" classname="com.dotcms.contenttype.test.ContentTypeResourceTest" time="0.001"/>
  <testcase name="test_setHostAndFolderAsIdentifer_with_System_Host" classname="com.dotcms.contenttype.test.ContentTypeResourceTest" time="0.007"/>
  <system-out><![CDATA[]]></system-out>
  <system-err><![CDATA[]]></system-err>
</testsuite>
