<?xml version="1.0" encoding="UTF-8"?>
<testsuite name="com.dotmarketing.portlets.structure.model.ContentletRelationshipsTest" tests="7" skipped="0" failures="0" errors="0" timestamp="2023-06-22T01:21:13" hostname="fv-az484-488" time="8.934">
  <properties/>
  <testcase name="testDoesAllowOnlyOne[0: com.dotmarketing.portlets.structure.model.ContentletRelationshipsTest$CardinalityTestCase@5c7f6d77]" classname="com.dotmarketing.portlets.structure.model.ContentletRelationshipsTest" time="0.55"/>
  <testcase name="testDoesAllowOnlyOne[1: com.dotmarketing.portlets.structure.model.ContentletRelationshipsTest$CardinalityTestCase@65506712]" classname="com.dotmarketing.portlets.structure.model.ContentletRelationshipsTest" time="0.554"/>
  <testcase name="testDoesAllowOnlyOne[2: com.dotmarketing.portlets.structure.model.ContentletRelationshipsTest$CardinalityTestCase@52bca488]" classname="com.dotmarketing.portlets.structure.model.ContentletRelationshipsTest" time="0.551"/>
  <testcase name="testGetRelationshipRecords[0: com.dotmarketing.portlets.structure.model.ContentletRelationshipsTest$TestCase@7ed59975]" classname="com.dotmarketing.portlets.structure.model.ContentletRelationshipsTest" time="2.135"/>
  <testcase name="testGetRelationshipRecords[1: com.dotmarketing.portlets.structure.model.ContentletRelationshipsTest$TestCase@59e6470d]" classname="com.dotmarketing.portlets.structure.model.ContentletRelationshipsTest" time="1.133"/>
  <testcase name="testGetRelationshipRecords[2: com.dotmarketing.portlets.structure.model.ContentletRelationshipsTest$TestCase@3f68c3d4]" classname="com.dotmarketing.portlets.structure.model.ContentletRelationshipsTest" time="2.099"/>
  <testcase name="testGetRelationshipRecords[3: com.dotmarketing.portlets.structure.model.ContentletRelationshipsTest$TestCase@8c7b855]" classname="com.dotmarketing.portlets.structure.model.ContentletRelationshipsTest" time="1.911"/>
  <system-out><![CDATA[]]></system-out>
  <system-err><![CDATA[]]></system-err>
</testsuite>
