<?xml version="1.0" encoding="UTF-8"?>
<testsuite name="com.dotmarketing.portlets.contentlet.util.ContentletUtilTest" tests="5" skipped="0" failures="0" errors="0" timestamp="2023-07-13T18:58:31" hostname="fv-az254-636" time="6.54">
  <properties/>
  <testcase name="validateContentPrintableMapMethodReturnProperCategories[0: categoryNames]" classname="com.dotmarketing.portlets.contentlet.util.ContentletUtilTest" time="0.668"/>
  <testcase name="validateContentPrintableMapMethodReturnProperCategories[1: allCategoriesInfo]" classname="com.dotmarketing.portlets.contentlet.util.ContentletUtilTest" time="1.658"/>
  <testcase name="test_getContentPrintableMap_WhenContentTypeIsHTMLPage_PathIsAddedToTheMap" classname="com.dotmarketing.portlets.contentlet.util.ContentletUtilTest" time="1.726"/>
  <testcase name="test_getContentPrintableMap_WhenContentTypeIsNeitherFileAssetNorPage_PathIsNotAddedToTheMap" classname="com.dotmarketing.portlets.contentlet.util.ContentletUtilTest" time="1.204"/>
  <testcase name="test_getContentPrintableMap_WhenContentTypeIsFileAsset_PathIsAddedToTheMap" classname="com.dotmarketing.portlets.contentlet.util.ContentletUtilTest" time="1.283"/>
  <system-out><![CDATA[]]></system-out>
  <system-err><![CDATA[]]></system-err>
</testsuite>
