<?xml version="1.0" encoding="UTF-8"?>
<testsuite name="com.dotcms.security.multipart.SecureFileValidatorTest" tests="3" skipped="0" failures="0" errors="0" timestamp="2023-07-14T02:05:29" hostname="fv-az493-156" time="0.003">
  <properties/>
  <testcase name="Test_Validate_Illegal_Path_ext" classname="com.dotcms.security.multipart.SecureFileValidatorTest" time="0.002"/>
  <testcase name="Test_Validate_happy_path" classname="com.dotcms.security.multipart.SecureFileValidatorTest" time="0.0"/>
  <testcase name="Test_Validate_Illegal_File_ext" classname="com.dotcms.security.multipart.SecureFileValidatorTest" time="0.001"/>
  <system-out><![CDATA[]]></system-out>
  <system-err><![CDATA[]]></system-err>
</testsuite>
