<?xml version="1.0" encoding="UTF-8"?>
<testsuite name="com.dotcms.rest.api.v1.container.ContainerResourceIntegrationTest" tests="3" skipped="0" failures="0" errors="0" timestamp="2023-06-30T21:27:07" hostname="fv-az280-303" time="0.031">
  <properties/>
  <testcase name="test_renderFormIntoContainer_WhenContainerIDThrowDataSecurityException" classname="com.dotcms.rest.api.v1.container.ContainerResourceIntegrationTest" time="0.005"/>
  <testcase name="test_renderFormIntoContainer" classname="com.dotcms.rest.api.v1.container.ContainerResourceIntegrationTest" time="0.022"/>
  <testcase name="test_renderFormIntoContainer_WhenContentMergeThrowDotParserException" classname="com.dotcms.rest.api.v1.container.ContainerResourceIntegrationTest" time="0.003"/>
  <system-out><![CDATA[]]></system-out>
  <system-err><![CDATA[]]></system-err>
</testsuite>
