<?xml version="1.0" encoding="UTF-8"?>
<testsuite name="com.dotcms.rendering.velocity.viewtools.content.util.ContentUtilsTest" tests="89" skipped="0" failures="0" errors="0" timestamp="2023-06-23T15:49:50" hostname="fv-az162-375" time="405.669">
  <properties/>
  <testcase name="whenTheTimeMachineDateIsNullAndPublishDateInFutureShouldNotReturnAnything" classname="com.dotcms.rendering.velocity.viewtools.content.util.ContentUtilsTest" time="2.913"/>
  <testcase name="test_find_multilingual_contentlet_getContentletSuccessfully" classname="com.dotcms.rendering.velocity.viewtools.content.util.ContentUtilsTest" time="2.028"/>
  <testcase name="whenTheTimeMachineDateAndPublishDateAreTomorrowShouldReturnOneContent" classname="com.dotcms.rendering.velocity.viewtools.content.util.ContentUtilsTest" time="2.907"/>
  <testcase name="testPullRelated[0: com.dotcms.rendering.velocity.viewtools.content.util.ContentUtilsTest$TestCase@9e135c8]" classname="com.dotcms.rendering.velocity.viewtools.content.util.ContentUtilsTest" time="3.58"/>
  <testcase name="testPullRelated[1: com.dotcms.rendering.velocity.viewtools.content.util.ContentUtilsTest$TestCase@534342f0]" classname="com.dotcms.rendering.velocity.viewtools.content.util.ContentUtilsTest" time="3.98"/>
  <testcase name="testPullRelated[2: com.dotcms.rendering.velocity.viewtools.content.util.ContentUtilsTest$TestCase@29bac8bf]" classname="com.dotcms.rendering.velocity.viewtools.content.util.ContentUtilsTest" time="4.296"/>
  <testcase name="testPullRelated[3: com.dotcms.rendering.velocity.viewtools.content.util.ContentUtilsTest$TestCase@4dcfbdf6]" classname="com.dotcms.rendering.velocity.viewtools.content.util.ContentUtilsTest" time="4.033"/>
  <testcase name="testPullRelated[4: com.dotcms.rendering.velocity.viewtools.content.util.ContentUtilsTest$TestCase@4d809ef2]" classname="com.dotcms.rendering.velocity.viewtools.content.util.ContentUtilsTest" time="3.957"/>
  <testcase name="testPullRelated[5: com.dotcms.rendering.velocity.viewtools.content.util.ContentUtilsTest$TestCase@49d1170]" classname="com.dotcms.rendering.velocity.viewtools.content.util.ContentUtilsTest" time="4.068"/>
  <testcase name="testPullRelated[6: com.dotcms.rendering.velocity.viewtools.content.util.ContentUtilsTest$TestCase@7b1dce6c]" classname="com.dotcms.rendering.velocity.viewtools.content.util.ContentUtilsTest" time="4.208"/>
  <testcase name="testPullRelated[7: com.dotcms.rendering.velocity.viewtools.content.util.ContentUtilsTest$TestCase@4b8dfcf4]" classname="com.dotcms.rendering.velocity.viewtools.content.util.ContentUtilsTest" time="3.831"/>
  <testcase name="testPullRelated[8: com.dotcms.rendering.velocity.viewtools.content.util.ContentUtilsTest$TestCase@2338c79]" classname="com.dotcms.rendering.velocity.viewtools.content.util.ContentUtilsTest" time="4.089"/>
  <testcase name="testPullRelated[9: com.dotcms.rendering.velocity.viewtools.content.util.ContentUtilsTest$TestCase@6e491bde]" classname="com.dotcms.rendering.velocity.viewtools.content.util.ContentUtilsTest" time="3.883"/>
  <testcase name="testPullRelated[10: com.dotcms.rendering.velocity.viewtools.content.util.ContentUtilsTest$TestCase@7b32c6d5]" classname="com.dotcms.rendering.velocity.viewtools.content.util.ContentUtilsTest" time="4.156"/>
  <testcase name="testPullRelated[11: com.dotcms.rendering.velocity.viewtools.content.util.ContentUtilsTest$TestCase@5f7cef1b]" classname="com.dotcms.rendering.velocity.viewtools.content.util.ContentUtilsTest" time="4.038"/>
  <testcase name="testPullRelated[12: com.dotcms.rendering.velocity.viewtools.content.util.ContentUtilsTest$TestCase@4132e0c9]" classname="com.dotcms.rendering.velocity.viewtools.content.util.ContentUtilsTest" time="4.098"/>
  <testcase name="testPullRelated[13: com.dotcms.rendering.velocity.viewtools.content.util.ContentUtilsTest$TestCase@670384da]" classname="com.dotcms.rendering.velocity.viewtools.content.util.ContentUtilsTest" time="3.972"/>
  <testcase name="testPullRelated[14: com.dotcms.rendering.velocity.viewtools.content.util.ContentUtilsTest$TestCase@a6ae281]" classname="com.dotcms.rendering.velocity.viewtools.content.util.ContentUtilsTest" time="3.99"/>
  <testcase name="testPullRelated[15: com.dotcms.rendering.velocity.viewtools.content.util.ContentUtilsTest$TestCase@3256d0e0]" classname="com.dotcms.rendering.velocity.viewtools.content.util.ContentUtilsTest" time="4.044"/>
  <testcase name="testPullRelated[16: com.dotcms.rendering.velocity.viewtools.content.util.ContentUtilsTest$TestCase@64344acb]" classname="com.dotcms.rendering.velocity.viewtools.content.util.ContentUtilsTest" time="4.044"/>
  <testcase name="testPullRelated[17: com.dotcms.rendering.velocity.viewtools.content.util.ContentUtilsTest$TestCase@1f6a37c3]" classname="com.dotcms.rendering.velocity.viewtools.content.util.ContentUtilsTest" time="4.054"/>
  <testcase name="testPullRelated[18: com.dotcms.rendering.velocity.viewtools.content.util.ContentUtilsTest$TestCase@4249a045]" classname="com.dotcms.rendering.velocity.viewtools.content.util.ContentUtilsTest" time="3.953"/>
  <testcase name="testPullRelated[19: com.dotcms.rendering.velocity.viewtools.content.util.ContentUtilsTest$TestCase@461ca93c]" classname="com.dotcms.rendering.velocity.viewtools.content.util.ContentUtilsTest" time="4.186"/>
  <testcase name="testPullRelated[20: com.dotcms.rendering.velocity.viewtools.content.util.ContentUtilsTest$TestCase@b8c126]" classname="com.dotcms.rendering.velocity.viewtools.content.util.ContentUtilsTest" time="3.868"/>
  <testcase name="testPullRelated[21: com.dotcms.rendering.velocity.viewtools.content.util.ContentUtilsTest$TestCase@4e223add]" classname="com.dotcms.rendering.velocity.viewtools.content.util.ContentUtilsTest" time="4.151"/>
  <testcase name="testPullRelated[22: com.dotcms.rendering.velocity.viewtools.content.util.ContentUtilsTest$TestCase@4166f0d4]" classname="com.dotcms.rendering.velocity.viewtools.content.util.ContentUtilsTest" time="4.048"/>
  <testcase name="testPullRelated[23: com.dotcms.rendering.velocity.viewtools.content.util.ContentUtilsTest$TestCase@6210e48d]" classname="com.dotcms.rendering.velocity.viewtools.content.util.ContentUtilsTest" time="3.976"/>
  <testcase name="testPullRelated[24: com.dotcms.rendering.velocity.viewtools.content.util.ContentUtilsTest$TestCase@2467a818]" classname="com.dotcms.rendering.velocity.viewtools.content.util.ContentUtilsTest" time="4.255"/>
  <testcase name="testPullRelated[25: com.dotcms.rendering.velocity.viewtools.content.util.ContentUtilsTest$TestCase@7bcc9a9b]" classname="com.dotcms.rendering.velocity.viewtools.content.util.ContentUtilsTest" time="3.872"/>
  <testcase name="testPullRelated[26: com.dotcms.rendering.velocity.viewtools.content.util.ContentUtilsTest$TestCase@d5a3566]" classname="com.dotcms.rendering.velocity.viewtools.content.util.ContentUtilsTest" time="4.144"/>
  <testcase name="testPullRelated[27: com.dotcms.rendering.velocity.viewtools.content.util.ContentUtilsTest$TestCase@688b9ccc]" classname="com.dotcms.rendering.velocity.viewtools.content.util.ContentUtilsTest" time="3.933"/>
  <testcase name="testPullRelated[28: com.dotcms.rendering.velocity.viewtools.content.util.ContentUtilsTest$TestCase@7135dead]" classname="com.dotcms.rendering.velocity.viewtools.content.util.ContentUtilsTest" time="4.047"/>
  <testcase name="testPullRelated[29: com.dotcms.rendering.velocity.viewtools.content.util.ContentUtilsTest$TestCase@6eb29a52]" classname="com.dotcms.rendering.velocity.viewtools.content.util.ContentUtilsTest" time="4.003"/>
  <testcase name="testPullRelated[30: com.dotcms.rendering.velocity.viewtools.content.util.ContentUtilsTest$TestCase@321f63e7]" classname="com.dotcms.rendering.velocity.viewtools.content.util.ContentUtilsTest" time="4.153"/>
  <testcase name="testPullRelated[31: com.dotcms.rendering.velocity.viewtools.content.util.ContentUtilsTest$TestCase@646f494]" classname="com.dotcms.rendering.velocity.viewtools.content.util.ContentUtilsTest" time="4.052"/>
  <testcase name="testPullRelated[32: com.dotcms.rendering.velocity.viewtools.content.util.ContentUtilsTest$TestCase@59d98247]" classname="com.dotcms.rendering.velocity.viewtools.content.util.ContentUtilsTest" time="3.967"/>
  <testcase name="testPullRelated[33: com.dotcms.rendering.velocity.viewtools.content.util.ContentUtilsTest$TestCase@2343e324]" classname="com.dotcms.rendering.velocity.viewtools.content.util.ContentUtilsTest" time="4.092"/>
  <testcase name="testPullRelated[34: com.dotcms.rendering.velocity.viewtools.content.util.ContentUtilsTest$TestCase@6a8aacf0]" classname="com.dotcms.rendering.velocity.viewtools.content.util.ContentUtilsTest" time="4.083"/>
  <testcase name="testPullRelated[35: com.dotcms.rendering.velocity.viewtools.content.util.ContentUtilsTest$TestCase@5b591761]" classname="com.dotcms.rendering.velocity.viewtools.content.util.ContentUtilsTest" time="4.034"/>
  <testcase name="testPullRelated[36: com.dotcms.rendering.velocity.viewtools.content.util.ContentUtilsTest$TestCase@4e076df7]" classname="com.dotcms.rendering.velocity.viewtools.content.util.ContentUtilsTest" time="6.028"/>
  <testcase name="testPullRelated[37: com.dotcms.rendering.velocity.viewtools.content.util.ContentUtilsTest$TestCase@72e1edd0]" classname="com.dotcms.rendering.velocity.viewtools.content.util.ContentUtilsTest" time="6.039"/>
  <testcase name="testPullRelated[38: com.dotcms.rendering.velocity.viewtools.content.util.ContentUtilsTest$TestCase@4d332250]" classname="com.dotcms.rendering.velocity.viewtools.content.util.ContentUtilsTest" time="6.344"/>
  <testcase name="testPullRelated[39: com.dotcms.rendering.velocity.viewtools.content.util.ContentUtilsTest$TestCase@5e42d688]" classname="com.dotcms.rendering.velocity.viewtools.content.util.ContentUtilsTest" time="5.895"/>
  <testcase name="testPullRelated[40: com.dotcms.rendering.velocity.viewtools.content.util.ContentUtilsTest$TestCase@2bdf7062]" classname="com.dotcms.rendering.velocity.viewtools.content.util.ContentUtilsTest" time="6.008"/>
  <testcase name="testPullRelated[41: com.dotcms.rendering.velocity.viewtools.content.util.ContentUtilsTest$TestCase@562d97a4]" classname="com.dotcms.rendering.velocity.viewtools.content.util.ContentUtilsTest" time="6.115"/>
  <testcase name="testPullRelated[42: com.dotcms.rendering.velocity.viewtools.content.util.ContentUtilsTest$TestCase@2d81e93]" classname="com.dotcms.rendering.velocity.viewtools.content.util.ContentUtilsTest" time="5.204"/>
  <testcase name="testPullRelated[43: com.dotcms.rendering.velocity.viewtools.content.util.ContentUtilsTest$TestCase@4ae66ed6]" classname="com.dotcms.rendering.velocity.viewtools.content.util.ContentUtilsTest" time="5.907"/>
  <testcase name="testPullRelated[44: com.dotcms.rendering.velocity.viewtools.content.util.ContentUtilsTest$TestCase@1a6a5b88]" classname="com.dotcms.rendering.velocity.viewtools.content.util.ContentUtilsTest" time="6.219"/>
  <testcase name="testPullRelated[45: com.dotcms.rendering.velocity.viewtools.content.util.ContentUtilsTest$TestCase@20c06fd6]" classname="com.dotcms.rendering.velocity.viewtools.content.util.ContentUtilsTest" time="5.983"/>
  <testcase name="testPullRelated[46: com.dotcms.rendering.velocity.viewtools.content.util.ContentUtilsTest$TestCase@62aed1db]" classname="com.dotcms.rendering.velocity.viewtools.content.util.ContentUtilsTest" time="6.135"/>
  <testcase name="testPullRelated[47: com.dotcms.rendering.velocity.viewtools.content.util.ContentUtilsTest$TestCase@1b478386]" classname="com.dotcms.rendering.velocity.viewtools.content.util.ContentUtilsTest" time="6.212"/>
  <testcase name="testPullRelated[48: com.dotcms.rendering.velocity.viewtools.content.util.ContentUtilsTest$TestCase@53393d7d]" classname="com.dotcms.rendering.velocity.viewtools.content.util.ContentUtilsTest" time="5.86"/>
  <testcase name="testPullRelated[49: com.dotcms.rendering.velocity.viewtools.content.util.ContentUtilsTest$TestCase@70245613]" classname="com.dotcms.rendering.velocity.viewtools.content.util.ContentUtilsTest" time="5.903"/>
  <testcase name="testPullRelated[50: com.dotcms.rendering.velocity.viewtools.content.util.ContentUtilsTest$TestCase@649061c5]" classname="com.dotcms.rendering.velocity.viewtools.content.util.ContentUtilsTest" time="5.25"/>
  <testcase name="testPullRelated[51: com.dotcms.rendering.velocity.viewtools.content.util.ContentUtilsTest$TestCase@436c8562]" classname="com.dotcms.rendering.velocity.viewtools.content.util.ContentUtilsTest" time="6.267"/>
  <testcase name="testPullRelated[52: com.dotcms.rendering.velocity.viewtools.content.util.ContentUtilsTest$TestCase@59249aa7]" classname="com.dotcms.rendering.velocity.viewtools.content.util.ContentUtilsTest" time="5.879"/>
  <testcase name="testPullRelated[53: com.dotcms.rendering.velocity.viewtools.content.util.ContentUtilsTest$TestCase@b62cb5e]" classname="com.dotcms.rendering.velocity.viewtools.content.util.ContentUtilsTest" time="6.099"/>
  <testcase name="testPullRelated[54: com.dotcms.rendering.velocity.viewtools.content.util.ContentUtilsTest$TestCase@6c1b0dbe]" classname="com.dotcms.rendering.velocity.viewtools.content.util.ContentUtilsTest" time="6.201"/>
  <testcase name="testPullRelated[55: com.dotcms.rendering.velocity.viewtools.content.util.ContentUtilsTest$TestCase@4bfbd2ca]" classname="com.dotcms.rendering.velocity.viewtools.content.util.ContentUtilsTest" time="5.986"/>
  <testcase name="testPullRelated[56: com.dotcms.rendering.velocity.viewtools.content.util.ContentUtilsTest$TestCase@367798b0]" classname="com.dotcms.rendering.velocity.viewtools.content.util.ContentUtilsTest" time="6.176"/>
  <testcase name="testPullRelated[57: com.dotcms.rendering.velocity.viewtools.content.util.ContentUtilsTest$TestCase@2bd28d1b]" classname="com.dotcms.rendering.velocity.viewtools.content.util.ContentUtilsTest" time="6.02"/>
  <testcase name="testPullRelated[58: com.dotcms.rendering.velocity.viewtools.content.util.ContentUtilsTest$TestCase@1f100322]" classname="com.dotcms.rendering.velocity.viewtools.content.util.ContentUtilsTest" time="5.978"/>
  <testcase name="testPullRelated[59: com.dotcms.rendering.velocity.viewtools.content.util.ContentUtilsTest$TestCase@a68ff88]" classname="com.dotcms.rendering.velocity.viewtools.content.util.ContentUtilsTest" time="6.214"/>
  <testcase name="testPullRelated[60: com.dotcms.rendering.velocity.viewtools.content.util.ContentUtilsTest$TestCase@d0446d]" classname="com.dotcms.rendering.velocity.viewtools.content.util.ContentUtilsTest" time="5.967"/>
  <testcase name="testPullRelated[61: com.dotcms.rendering.velocity.viewtools.content.util.ContentUtilsTest$TestCase@3fd5bb39]" classname="com.dotcms.rendering.velocity.viewtools.content.util.ContentUtilsTest" time="5.006"/>
  <testcase name="testPullRelated[62: com.dotcms.rendering.velocity.viewtools.content.util.ContentUtilsTest$TestCase@20c3a6f2]" classname="com.dotcms.rendering.velocity.viewtools.content.util.ContentUtilsTest" time="5.084"/>
  <testcase name="testPullRelated[63: com.dotcms.rendering.velocity.viewtools.content.util.ContentUtilsTest$TestCase@6d9a89dd]" classname="com.dotcms.rendering.velocity.viewtools.content.util.ContentUtilsTest" time="6.306"/>
  <testcase name="testPullRelated[64: com.dotcms.rendering.velocity.viewtools.content.util.ContentUtilsTest$TestCase@6f6b4b2f]" classname="com.dotcms.rendering.velocity.viewtools.content.util.ContentUtilsTest" time="6.183"/>
  <testcase name="testPullRelated[65: com.dotcms.rendering.velocity.viewtools.content.util.ContentUtilsTest$TestCase@7df52988]" classname="com.dotcms.rendering.velocity.viewtools.content.util.ContentUtilsTest" time="5.656"/>
  <testcase name="testPullRelated[66: com.dotcms.rendering.velocity.viewtools.content.util.ContentUtilsTest$TestCase@403ce4f2]" classname="com.dotcms.rendering.velocity.viewtools.content.util.ContentUtilsTest" time="6.243"/>
  <testcase name="testPullRelated[67: com.dotcms.rendering.velocity.viewtools.content.util.ContentUtilsTest$TestCase@79d15949]" classname="com.dotcms.rendering.velocity.viewtools.content.util.ContentUtilsTest" time="6.062"/>
  <testcase name="testPullRelated[68: com.dotcms.rendering.velocity.viewtools.content.util.ContentUtilsTest$TestCase@4c56576f]" classname="com.dotcms.rendering.velocity.viewtools.content.util.ContentUtilsTest" time="6.064"/>
  <testcase name="testPullRelated[69: com.dotcms.rendering.velocity.viewtools.content.util.ContentUtilsTest$TestCase@183b9e04]" classname="com.dotcms.rendering.velocity.viewtools.content.util.ContentUtilsTest" time="6.044"/>
  <testcase name="testPullRelated[70: com.dotcms.rendering.velocity.viewtools.content.util.ContentUtilsTest$TestCase@3f87f285]" classname="com.dotcms.rendering.velocity.viewtools.content.util.ContentUtilsTest" time="6.104"/>
  <testcase name="testPullRelated[71: com.dotcms.rendering.velocity.viewtools.content.util.ContentUtilsTest$TestCase@4c6fef2d]" classname="com.dotcms.rendering.velocity.viewtools.content.util.ContentUtilsTest" time="6.023"/>
  <testcase name="whenPublishAndExpireDatesAreInTheFutureAndTimeMachineIsAfterBoth" classname="com.dotcms.rendering.velocity.viewtools.content.util.ContentUtilsTest" time="2.99"/>
  <testcase name="testPullRelatedForLegacyRelationship[0: com.dotcms.rendering.velocity.viewtools.content.util.ContentUtilsTest$LegacyTestCase@32fc24e0]" classname="com.dotcms.rendering.velocity.viewtools.content.util.ContentUtilsTest" time="4.018"/>
  <testcase name="testPullRelatedForLegacyRelationship[1: com.dotcms.rendering.velocity.viewtools.content.util.ContentUtilsTest$LegacyTestCase@76f35705]" classname="com.dotcms.rendering.velocity.viewtools.content.util.ContentUtilsTest" time="4.107"/>
  <testcase name="whenTheTimeMachineDateIsAfterTomorrowAndExpireDateIsTomorrowShouldNotReturnContent" classname="com.dotcms.rendering.velocity.viewtools.content.util.ContentUtilsTest" time="2.962"/>
  <testcase name="testPullLiveRelatedWhenLatestVersionIsWorking" classname="com.dotcms.rendering.velocity.viewtools.content.util.ContentUtilsTest" time="3.308"/>
  <testcase name="test_add_relationships_on_parent_children_related_contents" classname="com.dotcms.rendering.velocity.viewtools.content.util.ContentUtilsTest" time="1.509"/>
  <testcase name="testSortPullRelated[0: com.dotcms.rendering.velocity.viewtools.content.util.ContentUtilsTest$SortTestCase@76608084]" classname="com.dotcms.rendering.velocity.viewtools.content.util.ContentUtilsTest" time="2.594"/>
  <testcase name="testSortPullRelated[1: com.dotcms.rendering.velocity.viewtools.content.util.ContentUtilsTest$SortTestCase@45451fe2]" classname="com.dotcms.rendering.velocity.viewtools.content.util.ContentUtilsTest" time="2.548"/>
  <testcase name="testSortPullRelated[2: com.dotcms.rendering.velocity.viewtools.content.util.ContentUtilsTest$SortTestCase@164de88e]" classname="com.dotcms.rendering.velocity.viewtools.content.util.ContentUtilsTest" time="2.574"/>
  <testcase name="testSortPullRelated[3: com.dotcms.rendering.velocity.viewtools.content.util.ContentUtilsTest$SortTestCase@7a6ace3d]" classname="com.dotcms.rendering.velocity.viewtools.content.util.ContentUtilsTest" time="1.782"/>
  <testcase name="testSortPullRelated[4: com.dotcms.rendering.velocity.viewtools.content.util.ContentUtilsTest$SortTestCase@87c1554]" classname="com.dotcms.rendering.velocity.viewtools.content.util.ContentUtilsTest" time="2.699"/>
  <testcase name="testSortPullRelated[5: com.dotcms.rendering.velocity.viewtools.content.util.ContentUtilsTest$SortTestCase@65abb1b6]" classname="com.dotcms.rendering.velocity.viewtools.content.util.ContentUtilsTest" time="2.617"/>
  <testcase name="whenTheTimeMachineDateIsAfterTomorrowAndExpireDateIsInFutureShouldReturnContent" classname="com.dotcms.rendering.velocity.viewtools.content.util.ContentUtilsTest" time="3.054"/>
  <testcase name="testPullRelatedFieldShouldRespectDefaultOrder" classname="com.dotcms.rendering.velocity.viewtools.content.util.ContentUtilsTest" time="1.256"/>
  <system-out><![CDATA[]]></system-out>
  <system-err><![CDATA[]]></system-err>
</testsuite>
