<?xml version="1.0" encoding="UTF-8"?>
<testsuite name="com.dotmarketing.business.DeterministicIdentifierAPITest" tests="16" skipped="0" failures="0" errors="0" timestamp="2023-06-27T18:35:12" hostname="fv-az450-696" time="1.566">
  <properties/>
  <testcase name="Test_Category_Path_Seed_And_Id" classname="com.dotmarketing.business.DeterministicIdentifierAPITest" time="0.027"/>
  <testcase name="Test_Language_Deterministic_Id[0: LanguageTestCase{expectedSeed='Language:es:US', expectedHash=4913155, langCode='es', countryCode='US', country='United States'}]" classname="com.dotmarketing.business.DeterministicIdentifierAPITest" time="0.003"/>
  <testcase name="Test_Language_Deterministic_Id[1: LanguageTestCase{expectedSeed='Language:ep:', expectedHash=5292269, langCode='ep', countryCode='', country=''}]" classname="com.dotmarketing.business.DeterministicIdentifierAPITest" time="0.001"/>
  <testcase name="Test_Language_Deterministic_Id[2: LanguageTestCase{expectedSeed='Language:sg:SAG', expectedHash=4713118, langCode='sg', countryCode='SAG', country=''}]" classname="com.dotmarketing.business.DeterministicIdentifierAPITest" time="0.001"/>
  <testcase name="Test_Language_Deterministic_Id[3: LanguageTestCase{expectedSeed='Language:en:NZ', expectedHash=5382528, langCode='en', countryCode='NZ', country='New Zealand'}]" classname="com.dotmarketing.business.DeterministicIdentifierAPITest" time="0.001"/>
  <testcase name="Test_Category_None_Persisted_Category_Should_Return_Deterministic_Id" classname="com.dotmarketing.business.DeterministicIdentifierAPITest" time="0.003"/>
  <testcase name="Test_Asset_Generate_Deterministic_Id_Best_Effort[0: TestCase{versionable=my.host1687890533270.com, parent=System Host, expectedName='my.host1687890533270.com', expectedType='Host'}]" classname="com.dotmarketing.business.DeterministicIdentifierAPITest" time="0.006"/>
  <testcase name="Test_Asset_Generate_Deterministic_Id_Best_Effort[1: TestCase{versionable=com.dotmarketing.portlets.contentlet.model.Contentlet@2cc592e6[map={modDate=2023-06-27 18:28:54.015, fileName=file5756159488880363954.txt, title=file5756159488880363954.txt, inode=ee721716-2fb4-44e8-a424-556ff3eb9e52, __IS_NEW_CONTENT__=true, disabledWYSIWYG=[], host=e396fc95-e967-4640-8ece-b0497cd2a7bf, stInode=33888b6f-7a8e-4069-b1b6-5c1aa9d0a48d, owner=system, identifier=0062d4c4-78b5-4a87-a0e0-2637886b5b47, nullProperties=[wfExpireDate, wfPublishDate, wfActionAssign, wfActionId, wfActionComments, filterKey, whereToSend, wfNeverExpire, _path_to_move, timezoneId, iWantTo, wfPublishTime, wfExpireTime], languageId=1, fileAsset=/home/runner/work/core/custom/assets/e/e/ee721716-2fb4-44e8-a424-556ff3eb9e52/fileAsset/file5756159488880363954.txt, folder=ec205b3c-d6ea-43e1-9aea-087970a0f781, __disable_workflow__=true, sortOrder=0, modUser=system},lowIndexPriority=false,variantId=DEFAULT], parent=com.dotmarketing.portlets.folders.model.Folder@c7f0c0f[identifier=ec205b3c-d6ea-43e1-9aea-087970a0f781,name=testName1687890534009,sortOrder=0,showOnMenu=false,hostId=e396fc95-e967-4640-8ece-b0497cd2a7bf,type=folder,title=testTitle1687890534009,filesMasks=,defaultFileType=33888b6f-7a8e-4069-b1b6-5c1aa9d0a48d,modDate=2023-06-27 18:28:54.012,owner=&lt;null&gt;,iDate=2023-06-27 18:28:54.012,inode=ec205b3c-d6ea-43e1-9aea-087970a0f781,path=/testName1687890534009/], expectedName='file5756159488880363954.txt', expectedType='FileAsset'}]" classname="com.dotmarketing.business.DeterministicIdentifierAPITest" time="0.006"/>
  <testcase name="Test_Asset_Generate_Deterministic_Id_Best_Effort[2: TestCase{versionable=com.dotmarketing.portlets.templates.model.Template@a9176c48, parent=my.host1687890533270.com, expectedName='testTitle1687890534117', expectedType='Template'}]" classname="com.dotmarketing.business.DeterministicIdentifierAPITest" time="0.002"/>
  <testcase name="Test_Asset_Generate_Deterministic_Id_Best_Effort[3: TestCase{versionable=com.dotmarketing.portlets.htmlpageasset.model.HTMLPageAsset@48dd830a[map={template=305fee9f-c52b-4fdf-87e0-340a5eee737e, owner=system, identifier=067c7df6-809b-4838-9266-ef021e0b9046, nullProperties=[wfExpireDate, wfPublishDate, wfActionAssign, wfActionId, wfActionComments, filterKey, whereToSend, wfNeverExpire, _path_to_move, timezoneId, iWantTo, wfPublishTime, wfExpireTime], modDate=2023-06-27 18:28:54.13, cachettl=0, _is_test_mode=true, languageId=1, title=test-page-title-1687890534126, httpsreq=, url=test-page-url-1687890534126, showOnMenu=, inode=6a4d5d8b-fe87-450e-b50d-2d19b4a64fc9, folder=ec205b3c-d6ea-43e1-9aea-087970a0f781, disabledWYSIWYG=[], sortOrder=1, modUser=system, host=e396fc95-e967-4640-8ece-b0497cd2a7bf, stInode=c541abb1-69b3-4bc5-8430-5e09e5239cc8, friendlyName=test-page-friendly-name-1687890534126},lowIndexPriority=false,variantId=DEFAULT], parent=com.dotmarketing.portlets.folders.model.Folder@c7f0c0f[identifier=ec205b3c-d6ea-43e1-9aea-087970a0f781,name=testName1687890534009,sortOrder=0,showOnMenu=false,hostId=e396fc95-e967-4640-8ece-b0497cd2a7bf,type=folder,title=testTitle1687890534009,filesMasks=,defaultFileType=33888b6f-7a8e-4069-b1b6-5c1aa9d0a48d,modDate=2023-06-27 18:28:54.012,owner=&lt;null&gt;,iDate=2023-06-27 18:28:54.012,inode=ec205b3c-d6ea-43e1-9aea-087970a0f781,path=/testName1687890534009/], expectedName='test-page-url-1687890534126', expectedType='htmlpageasset'}]" classname="com.dotmarketing.business.DeterministicIdentifierAPITest" time="0.002"/>
  <testcase name="Test_Asset_Generate_Deterministic_Id_Best_Effort[4: TestCase{versionable=com.dotmarketing.portlets.contentlet.model.Contentlet@5ef079b6[map={fileAsset2=/home/runner/work/core/custom/assets/4/b/4b18feba-4e38-4a92-ae92-6ad2fcb09895/fileAsset2/test_binary1687890535003.png, modDate=2023-06-27 18:28:55.008, fileAsset1=/home/runner/work/core/custom/assets/4/b/4b18feba-4e38-4a92-ae92-6ad2fcb09895/fileAsset1/test_binary1687890535003.jpg, title=blah, inode=4b18feba-4e38-4a92-ae92-6ad2fcb09895, __IS_NEW_CONTENT__=true, disabledWYSIWYG=[], host=48190c8c-42c4-46af-8d1a-0cd5db894797, stInode=405e4130-c71c-4742-abbb-fab7e79f29e8, owner=system, identifier=4cd5a424-ed4c-4d87-a03c-ad369ad3b61f, nullProperties=[], languageId=1, image1=99d08f8c-7fd7-4050-8c77-de3d40fcf20e, folder=SYSTEM_FOLDER, __disable_workflow__=true, sortOrder=0, modUser=system},lowIndexPriority=false,variantId=DEFAULT], parent=demo.dotcms.com, expectedName='test_binary1687890535003.jpg:test_binary1687890535003.png', expectedType='MultipleBinaries1687890534319'}]" classname="com.dotmarketing.business.DeterministicIdentifierAPITest" time="0.003"/>
  <testcase name="Test_Asset_Generate_Deterministic_Id_Best_Effort[5: TestCase{versionable=name36ddd4e192 : keyTag36ddd4e192, parent=my.host1687890533270.com, expectedName='keyTag36ddd4e192', expectedType='persona'}]" classname="com.dotmarketing.business.DeterministicIdentifierAPITest" time="0.003"/>
  <testcase name="Test_Similar_Content_Type_Wont_Clash" classname="com.dotmarketing.business.DeterministicIdentifierAPITest" time="0.441"/>
  <testcase name="Test_Generate_Folder_Identifier" classname="com.dotmarketing.business.DeterministicIdentifierAPITest" time="1.052"/>
  <testcase name="Test_Generate_Content_Type_Identifier[0: ContentTypeTestCase{contentType=KeyValueContentType{name=Language Variable, id=f4d7c1b8-2c88-4071-abf1-a5328977b07d, description=Default Content Type for Language Variables, defaultType=false, fixed=true, iDate=Thu Aug 31 16:38:49 UTC 2017, system=true, versionable=true, variable=Languagevariable, modDate=Tue Jun 27 17:26:51 UTC 2023, host=SYSTEM_HOST, siteName=systemHost, icon=language, sortOrder=0, folder=SYSTEM_FOLDER, folderPath=/, markedForDeletion=true, multilingualable=false}, expectedName='Languagevariable', expectedType='KeyValue'}]" classname="com.dotmarketing.business.DeterministicIdentifierAPITest" time="0.005"/>
  <testcase name="Test_Generate_Content_Type_Identifier[1: ContentTypeTestCase{contentType=SimpleContentType{name=testName1687890535401, id=55c1cd47-738e-4893-b378-d89c6bb0b3de, description=testDescription1687890535401, defaultType=false, fixed=false, iDate=Tue Jun 27 18:28:55 UTC 2023, system=false, versionable=true, multilingualable=false, variable=testVarname1687890535401, owner=system, modDate=Tue Jun 27 18:28:56 UTC 2023, host=48190c8c-42c4-46af-8d1a-0cd5db894797, siteName=demo.dotcms.com, icon=event_note, sortOrder=0, folder=SYSTEM_FOLDER, folderPath=/, requiredFields=[], markedForDeletion=false}, expectedName='testVarname1687890535401', expectedType='CONTENT'}]" classname="com.dotmarketing.business.DeterministicIdentifierAPITest" time="0.004"/>
  <system-out><![CDATA[]]></system-out>
  <system-err><![CDATA[]]></system-err>
</testsuite>
