<?xml version="1.0" encoding="UTF-8"?>
<testsuite name="com.dotcms.content.elasticsearch.util.ESMappingUtilHelperTest" tests="12" skipped="0" failures="0" errors="0" timestamp="2023-07-10T15:35:14" hostname="fv-az309-162" time="324.439">
  <properties/>
  <testcase name="Test Name: testValidateNewsLikeMapping. Mapping Name: geomapping" classname="com.dotcms.content.elasticsearch.util.ESMappingUtilHelperTest" time="4.126"/>
  <testcase name="Test Name: testValidateNewsLikeMapping. Mapping Name: geomapping_2" classname="com.dotcms.content.elasticsearch.util.ESMappingUtilHelperTest" time="4.025"/>
  <testcase name="Test Name: testValidateNewsLikeMapping. Mapping Name: keywordmapping" classname="com.dotcms.content.elasticsearch.util.ESMappingUtilHelperTest" time="4.119"/>
  <testcase name="testMappingForDateFields" classname="com.dotcms.content.elasticsearch.util.ESMappingUtilHelperTest" time="90.321"/>
  <testcase name="testAddMappingForFields" classname="com.dotcms.content.elasticsearch.util.ESMappingUtilHelperTest" time="121.43"/>
  <testcase name="testCreateContentIndexWithCustomMappings" classname="com.dotcms.content.elasticsearch.util.ESMappingUtilHelperTest" time="88.223"/>
  <testcase name="Test Name: testValidateFileAssetMapping. Mapping Name: longmapping" classname="com.dotcms.content.elasticsearch.util.ESMappingUtilHelperTest" time="3.862"/>
  <testcase name="Test Name: testValidateFileAssetMapping. Mapping Name: keywordmapping" classname="com.dotcms.content.elasticsearch.util.ESMappingUtilHelperTest" time="4.04"/>
  <testcase name="Test Name: testValidateEventMapping. Mapping Name: template_1" classname="com.dotcms.content.elasticsearch.util.ESMappingUtilHelperTest" time="1.977"/>
  <testcase name="Test Name: testValidateEventMapping. Mapping Name: textmapping" classname="com.dotcms.content.elasticsearch.util.ESMappingUtilHelperTest" time="1.104"/>
  <testcase name="Test Name: testValidateEventMapping. Mapping Name: strings_as_dates" classname="com.dotcms.content.elasticsearch.util.ESMappingUtilHelperTest" time="1.103"/>
  <testcase name="Test Name: testValidateEventMapping. Mapping Name: permissions" classname="com.dotcms.content.elasticsearch.util.ESMappingUtilHelperTest" time="0.109"/>
  <system-out><![CDATA[]]></system-out>
  <system-err><![CDATA[]]></system-err>
</testsuite>
