<?xml version="1.0" encoding="UTF-8"?>
<testsuite name="com.dotcms.auth.providers.saml.v1.DotSamlResourceTest" tests="1" skipped="0" failures="0" errors="0" timestamp="2023-07-13T19:12:33" hostname="fv-az178-328" time="0.07">
  <properties/>
  <testcase name="testMetadata" classname="com.dotcms.auth.providers.saml.v1.DotSamlResourceTest" time="0.07"/>
  <system-out><![CDATA[]]></system-out>
  <system-err><![CDATA[]]></system-err>
</testsuite>
