<?xml version="1.0" encoding="UTF-8"?>
<testsuite name="com.dotcms.rest.elasticsearch.ESContentResourcePortletTest" tests="8" skipped="0" failures="0" errors="0" timestamp="2023-07-10T20:55:29" hostname="fv-az950-407" time="10.392">
  <properties/>
  <testcase name="test_search_includeGrandChildCategory_success" classname="com.dotcms.rest.elasticsearch.ESContentResourcePortletTest" time="2.765"/>
  <testcase name="testSearch[0: com.dotcms.rest.elasticsearch.ESContentResourcePortletTest$TestCase@680d196d]" classname="com.dotcms.rest.elasticsearch.ESContentResourcePortletTest" time="1.235"/>
  <testcase name="testSearch[1: com.dotcms.rest.elasticsearch.ESContentResourcePortletTest$TestCase@3c3f6b19]" classname="com.dotcms.rest.elasticsearch.ESContentResourcePortletTest" time="1.361"/>
  <testcase name="testSearch[2: com.dotcms.rest.elasticsearch.ESContentResourcePortletTest$TestCase@3dd081d2]" classname="com.dotcms.rest.elasticsearch.ESContentResourcePortletTest" time="1.141"/>
  <testcase name="testSearch[3: com.dotcms.rest.elasticsearch.ESContentResourcePortletTest$TestCase@4cfc4c6a]" classname="com.dotcms.rest.elasticsearch.ESContentResourcePortletTest" time="1.318"/>
  <testcase name="testSearch[4: com.dotcms.rest.elasticsearch.ESContentResourcePortletTest$TestCase@4c3ae2e9]" classname="com.dotcms.rest.elasticsearch.ESContentResourcePortletTest" time="0.4"/>
  <testcase name="testSearch[5: com.dotcms.rest.elasticsearch.ESContentResourcePortletTest$TestCase@b9a3fd4]" classname="com.dotcms.rest.elasticsearch.ESContentResourcePortletTest" time="1.078"/>
  <testcase name="testSearch[6: com.dotcms.rest.elasticsearch.ESContentResourcePortletTest$TestCase@327df164]" classname="com.dotcms.rest.elasticsearch.ESContentResourcePortletTest" time="1.092"/>
  <system-out><![CDATA[]]></system-out>
  <system-err><![CDATA[]]></system-err>
</testsuite>
