<?xml version="1.0" encoding="UTF-8"?>
<testsuite name="com.dotmarketing.startup.runonce.Task05210CreateDefaultDotAssetTest" tests="1" skipped="0" failures="0" errors="0" timestamp="2023-06-23T18:17:16" hostname="fv-az646-389" time="1.148">
  <properties/>
  <testcase name="Test_Upgrade_Task" classname="com.dotmarketing.startup.runonce.Task05210CreateDefaultDotAssetTest" time="1.148"/>
  <system-out><![CDATA[]]></system-out>
  <system-err><![CDATA[]]></system-err>
</testsuite>
