<?xml version="1.0" encoding="UTF-8"?>
<testsuite name="com.dotcms.publishing.PublisherFilterImplTest" tests="4" skipped="0" failures="0" errors="0" timestamp="2023-07-14T02:55:27" hostname="fv-az268-867" time="0.011">
  <properties/>
  <testcase name="Test_doesExcludeClassesContainsType" classname="com.dotcms.publishing.PublisherFilterImplTest" time="0.001"/>
  <testcase name="Test_doesExcludeDependencyClassesContainsType" classname="com.dotcms.publishing.PublisherFilterImplTest" time="0.001"/>
  <testcase name="Test_doesExcludeDependencyQueryContainsContentletId" classname="com.dotcms.publishing.PublisherFilterImplTest" time="0.001"/>
  <testcase name="Test_doesExcludeQueryContainContentletId" classname="com.dotcms.publishing.PublisherFilterImplTest" time="0.008"/>
  <system-out><![CDATA[]]></system-out>
  <system-err><![CDATA[]]></system-err>
</testsuite>
