<?xml version="1.0" encoding="UTF-8"?>
<testsuite name="com.dotmarketing.startup.runonce.Task220825CreateVariantFieldTest" tests="4" skipped="0" failures="0" errors="0" timestamp="2023-07-11T21:22:24" hostname="fv-az436-467" time="1.33">
  <properties/>
  <testcase name="conntentletVersionInfoWithVariant" classname="com.dotmarketing.startup.runonce.Task220825CreateVariantFieldTest" time="1.251"/>
  <testcase name="runningTU" classname="com.dotmarketing.startup.runonce.Task220825CreateVariantFieldTest" time="0.028"/>
  <testcase name="forceRun" classname="com.dotmarketing.startup.runonce.Task220825CreateVariantFieldTest" time="0.026"/>
  <testcase name="runningTwice" classname="com.dotmarketing.startup.runonce.Task220825CreateVariantFieldTest" time="0.024"/>
  <system-out><![CDATA[]]></system-out>
  <system-err><![CDATA[]]></system-err>
</testsuite>
