<?xml version="1.0" encoding="UTF-8"?>
<testsuite name="com.dotmarketing.portlets.rules.conditionlet.UsersBrowserLanguageConditionletTest" tests="13" skipped="0" failures="0" errors="0" timestamp="2023-06-28T23:09:23" hostname="fv-az446-868" time="0.018">
  <properties/>
  <testcase name="testIsComparison" classname="com.dotmarketing.portlets.rules.conditionlet.UsersBrowserLanguageConditionletTest" time="0.006"/>
  <testcase name="testGreaterThanComparison" classname="com.dotmarketing.portlets.rules.conditionlet.UsersBrowserLanguageConditionletTest" time="0.001"/>
  <testcase name="testLessThanOrEqualComparison" classname="com.dotmarketing.portlets.rules.conditionlet.UsersBrowserLanguageConditionletTest" time="0.0"/>
  <testcase name="testStartsWithComparison" classname="com.dotmarketing.portlets.rules.conditionlet.UsersBrowserLanguageConditionletTest" time="0.0"/>
  <testcase name="testIsNotComparison" classname="com.dotmarketing.portlets.rules.conditionlet.UsersBrowserLanguageConditionletTest" time="0.001"/>
  <testcase name="testContainsComparison" classname="com.dotmarketing.portlets.rules.conditionlet.UsersBrowserLanguageConditionletTest" time="0.001"/>
  <testcase name="testEqualComparison" classname="com.dotmarketing.portlets.rules.conditionlet.UsersBrowserLanguageConditionletTest" time="0.001"/>
  <testcase name="testEndsWithComparison" classname="com.dotmarketing.portlets.rules.conditionlet.UsersBrowserLanguageConditionletTest" time="0.001"/>
  <testcase name="testRegexComparison" classname="com.dotmarketing.portlets.rules.conditionlet.UsersBrowserLanguageConditionletTest" time="0.001"/>
  <testcase name="testLessThanComparison" classname="com.dotmarketing.portlets.rules.conditionlet.UsersBrowserLanguageConditionletTest" time="0.001"/>
  <testcase name="testExistComparison" classname="com.dotmarketing.portlets.rules.conditionlet.UsersBrowserLanguageConditionletTest" time="0.001"/>
  <testcase name="testGreaterThanOrEqualComparison" classname="com.dotmarketing.portlets.rules.conditionlet.UsersBrowserLanguageConditionletTest" time="0.001"/>
  <testcase name="testBetweenComparison" classname="com.dotmarketing.portlets.rules.conditionlet.UsersBrowserLanguageConditionletTest" time="0.001"/>
  <system-out><![CDATA[]]></system-out>
  <system-err><![CDATA[]]></system-err>
</testsuite>
