<?xml version="1.0" encoding="UTF-8"?>
<testsuite name="com.dotmarketing.startup.runonce.Task05050FileAssetContentTypeReadOnlyFileNameTest" tests="1" skipped="0" failures="0" errors="0" timestamp="2023-06-27T19:53:20" hostname="fv-az337-595" time="0.007">
  <properties/>
  <testcase name="testExecuteUpgrade" classname="com.dotmarketing.startup.runonce.Task05050FileAssetContentTypeReadOnlyFileNameTest" time="0.007"/>
  <system-out><![CDATA[]]></system-out>
  <system-err><![CDATA[]]></system-err>
</testsuite>
