<?xml version="1.0" encoding="UTF-8"?>
<testsuite name="com.dotmarketing.db.HibernateUtilTest" tests="7" skipped="0" failures="0" errors="0" timestamp="2023-07-17T16:53:15" hostname="fv-az257-583" time="0.468">
  <properties/>
  <testcase name="testAddCommitListener[0: com.dotmarketing.db.AddCommitListenerTestCase@6f484b6]" classname="com.dotmarketing.db.HibernateUtilTest" time="0.002"/>
  <testcase name="testAddCommitListener[1: com.dotmarketing.db.AddCommitListenerTestCase@23f72987]" classname="com.dotmarketing.db.HibernateUtilTest" time="0.001"/>
  <testcase name="testAddCommitListener[2: com.dotmarketing.db.AddCommitListenerTestCase@44c52ceb]" classname="com.dotmarketing.db.HibernateUtilTest" time="0.001"/>
  <testcase name="testAddCommitListener[3: com.dotmarketing.db.AddCommitListenerTestCase@fe89425]" classname="com.dotmarketing.db.HibernateUtilTest" time="0.001"/>
  <testcase name="testAddCommitListener[4: com.dotmarketing.db.AddCommitListenerTestCase@2d9b605a]" classname="com.dotmarketing.db.HibernateUtilTest" time="0.001"/>
  <testcase name="updateOnDirtyObjectWhenFlush" classname="com.dotmarketing.db.HibernateUtilTest" time="0.228"/>
  <testcase name="updateOnDirtyObjectWhenQuery" classname="com.dotmarketing.db.HibernateUtilTest" time="0.234"/>
  <system-out><![CDATA[]]></system-out>
  <system-err><![CDATA[]]></system-err>
</testsuite>
