<?xml version="1.0" encoding="UTF-8"?>
<testsuite name="com.dotmarketing.servlets.ajax.AjaxDirectorServletIntegrationTest" tests="2" skipped="0" failures="0" errors="0" timestamp="2023-06-26T18:02:41" hostname="fv-az455-779" time="4.886">
  <properties/>
  <testcase name="testService[0: com.dotmarketing.servlets.ajax.AjaxDirectorServletTestCase@5b47c392]" classname="com.dotmarketing.servlets.ajax.AjaxDirectorServletIntegrationTest" time="2.723"/>
  <testcase name="testService[1: com.dotmarketing.servlets.ajax.AjaxDirectorServletTestCase@700a61fe]" classname="com.dotmarketing.servlets.ajax.AjaxDirectorServletIntegrationTest" time="2.163"/>
  <system-out><![CDATA[]]></system-out>
  <system-err><![CDATA[]]></system-err>
</testsuite>
