<?xml version="1.0" encoding="UTF-8"?>
<testsuite name="com.dotcms.publishing.job.SiteSearchJobImplTest" tests="10" skipped="0" failures="0" errors="0" timestamp="2023-07-07T19:20:21" hostname="fv-az244-222" time="39.901">
  <properties/>
  <testcase name="Test_Incremental_Job_Test_Pages_Are_Found_Create_And_Publish_New_Page_Test_Changes_Are_Picked_Unpublish_Then_Verify_Page_Is_Gone" classname="com.dotcms.publishing.job.SiteSearchJobImplTest" time="11.097"/>
  <testcase name="Test_Non_Incremental_Create_Default_Index_Create_Second_Index_Run_Non_Incrementally_Expect_Non_Default_New_Index" classname="com.dotcms.publishing.job.SiteSearchJobImplTest" time="1.193"/>
  <testcase name="Test_Non_Incremental_Create_Default_Index_Run_Non_Incrementally_Expect_New_Index_Keep_Alias_And_Default" classname="com.dotcms.publishing.job.SiteSearchJobImplTest" time="0.388"/>
  <testcase name="testSiteSearchDifferentScenarios[0: com.dotcms.publishing.job.SiteSearchJobImplTest$TestCaseSiteSearch@3298cc16]" classname="com.dotcms.publishing.job.SiteSearchJobImplTest" time="3.791"/>
  <testcase name="testSiteSearchDifferentScenarios[1: com.dotcms.publishing.job.SiteSearchJobImplTest$TestCaseSiteSearch@51f629f2]" classname="com.dotcms.publishing.job.SiteSearchJobImplTest" time="4.073"/>
  <testcase name="testSiteSearchDifferentScenarios[2: com.dotcms.publishing.job.SiteSearchJobImplTest$TestCaseSiteSearch@27be81e5]" classname="com.dotcms.publishing.job.SiteSearchJobImplTest" time="3.076"/>
  <testcase name="testSiteSearchDifferentScenarios[3: com.dotcms.publishing.job.SiteSearchJobImplTest$TestCaseSiteSearch@1f458d56]" classname="com.dotcms.publishing.job.SiteSearchJobImplTest" time="3.981"/>
  <testcase name="testSiteSearchDifferentScenarios[4: com.dotcms.publishing.job.SiteSearchJobImplTest$TestCaseSiteSearch@6b491ad4]" classname="com.dotcms.publishing.job.SiteSearchJobImplTest" time="2.938"/>
  <testcase name="testSiteSearchDifferentScenarios[5: com.dotcms.publishing.job.SiteSearchJobImplTest$TestCaseSiteSearch@b1017f6]" classname="com.dotcms.publishing.job.SiteSearchJobImplTest" time="5.352"/>
  <testcase name="testSiteSearchDifferentScenarios[6: com.dotcms.publishing.job.SiteSearchJobImplTest$TestCaseSiteSearch@58f21ed8]" classname="com.dotcms.publishing.job.SiteSearchJobImplTest" time="4.011"/>
  <system-out><![CDATA[]]></system-out>
  <system-err><![CDATA[]]></system-err>
</testsuite>
