<?xml version="1.0" encoding="UTF-8"?>
<testsuite name="com.dotcms.rest.api.v1.vtl.VTLResourceIntegrationTest" tests="6" skipped="0" failures="0" errors="0" timestamp="2023-07-17T16:26:34" hostname="fv-az673-315" time="9.107">
  <properties/>
  <testcase name="testGet[0: com.dotcms.rest.api.v1.vtl.VTLResourceTestCase@3e7b390d]" classname="com.dotcms.rest.api.v1.vtl.VTLResourceIntegrationTest" time="1.152"/>
  <testcase name="testGet[1: com.dotcms.rest.api.v1.vtl.VTLResourceTestCase@6f613c2a]" classname="com.dotcms.rest.api.v1.vtl.VTLResourceIntegrationTest" time="0.981"/>
  <testcase name="testGet[2: com.dotcms.rest.api.v1.vtl.VTLResourceTestCase@5c994ca0]" classname="com.dotcms.rest.api.v1.vtl.VTLResourceIntegrationTest" time="1.0"/>
  <testcase name="testGet[3: com.dotcms.rest.api.v1.vtl.VTLResourceTestCase@307e9c13]" classname="com.dotcms.rest.api.v1.vtl.VTLResourceIntegrationTest" time="1.951"/>
  <testcase name="testGet[4: com.dotcms.rest.api.v1.vtl.VTLResourceTestCase@572a6840]" classname="com.dotcms.rest.api.v1.vtl.VTLResourceIntegrationTest" time="2.152"/>
  <testcase name="testGet[5: com.dotcms.rest.api.v1.vtl.VTLResourceTestCase@314c8ee3]" classname="com.dotcms.rest.api.v1.vtl.VTLResourceIntegrationTest" time="1.871"/>
  <system-out><![CDATA[]]></system-out>
  <system-err><![CDATA[]]></system-err>
</testsuite>
