<?xml version="1.0" encoding="UTF-8"?>
<testsuite name="com.dotmarketing.startup.runonce.Task220824CreateDefaultVariantTest" tests="3" skipped="0" failures="0" errors="0" timestamp="2023-06-29T17:05:59" hostname="fv-az397-405" time="0.02">
  <properties/>
  <testcase name="runningTU" classname="com.dotmarketing.startup.runonce.Task220824CreateDefaultVariantTest" time="0.015"/>
  <testcase name="forceRun" classname="com.dotmarketing.startup.runonce.Task220824CreateDefaultVariantTest" time="0.003"/>
  <testcase name="runningTwice" classname="com.dotmarketing.startup.runonce.Task220824CreateDefaultVariantTest" time="0.002"/>
  <system-out><![CDATA[]]></system-out>
  <system-err><![CDATA[]]></system-err>
</testsuite>
