<?xml version="1.0" encoding="UTF-8"?>
<testsuite name="com.dotcms.rest.elasticsearch.ESContentResourcePortletTest" tests="8" skipped="0" failures="0" errors="0" timestamp="2023-07-07T15:45:31" hostname="fv-az795-156" time="10.452">
  <properties/>
  <testcase name="test_search_includeGrandChildCategory_success" classname="com.dotcms.rest.elasticsearch.ESContentResourcePortletTest" time="1.818"/>
  <testcase name="testSearch[0: com.dotcms.rest.elasticsearch.ESContentResourcePortletTest$TestCase@36bb2ffb]" classname="com.dotcms.rest.elasticsearch.ESContentResourcePortletTest" time="1.136"/>
  <testcase name="testSearch[1: com.dotcms.rest.elasticsearch.ESContentResourcePortletTest$TestCase@7bff8ef7]" classname="com.dotcms.rest.elasticsearch.ESContentResourcePortletTest" time="1.358"/>
  <testcase name="testSearch[2: com.dotcms.rest.elasticsearch.ESContentResourcePortletTest$TestCase@61e956d0]" classname="com.dotcms.rest.elasticsearch.ESContentResourcePortletTest" time="1.239"/>
  <testcase name="testSearch[3: com.dotcms.rest.elasticsearch.ESContentResourcePortletTest$TestCase@611836c6]" classname="com.dotcms.rest.elasticsearch.ESContentResourcePortletTest" time="1.342"/>
  <testcase name="testSearch[4: com.dotcms.rest.elasticsearch.ESContentResourcePortletTest$TestCase@e3309e9]" classname="com.dotcms.rest.elasticsearch.ESContentResourcePortletTest" time="1.381"/>
  <testcase name="testSearch[5: com.dotcms.rest.elasticsearch.ESContentResourcePortletTest$TestCase@93ca6ee]" classname="com.dotcms.rest.elasticsearch.ESContentResourcePortletTest" time="1.114"/>
  <testcase name="testSearch[6: com.dotcms.rest.elasticsearch.ESContentResourcePortletTest$TestCase@22c82ecf]" classname="com.dotcms.rest.elasticsearch.ESContentResourcePortletTest" time="1.062"/>
  <system-out><![CDATA[]]></system-out>
  <system-err><![CDATA[]]></system-err>
</testsuite>
