<?xml version="1.0" encoding="UTF-8"?>
<testsuite name="com.dotmarketing.portlets.structure.model.ContentletRelationshipsTest" tests="7" skipped="0" failures="0" errors="0" timestamp="2023-07-14T23:42:29" hostname="fv-az343-544" time="8.17">
  <properties/>
  <testcase name="testDoesAllowOnlyOne[0: com.dotmarketing.portlets.structure.model.ContentletRelationshipsTest$CardinalityTestCase@7eb86ccd]" classname="com.dotmarketing.portlets.structure.model.ContentletRelationshipsTest" time="0.667"/>
  <testcase name="testDoesAllowOnlyOne[1: com.dotmarketing.portlets.structure.model.ContentletRelationshipsTest$CardinalityTestCase@6ab319ce]" classname="com.dotmarketing.portlets.structure.model.ContentletRelationshipsTest" time="0.558"/>
  <testcase name="testDoesAllowOnlyOne[2: com.dotmarketing.portlets.structure.model.ContentletRelationshipsTest$CardinalityTestCase@41a1502f]" classname="com.dotmarketing.portlets.structure.model.ContentletRelationshipsTest" time="0.638"/>
  <testcase name="testGetRelationshipRecords[0: com.dotmarketing.portlets.structure.model.ContentletRelationshipsTest$TestCase@488ee743]" classname="com.dotmarketing.portlets.structure.model.ContentletRelationshipsTest" time="2.159"/>
  <testcase name="testGetRelationshipRecords[1: com.dotmarketing.portlets.structure.model.ContentletRelationshipsTest$TestCase@75ed249b]" classname="com.dotmarketing.portlets.structure.model.ContentletRelationshipsTest" time="2.157"/>
  <testcase name="testGetRelationshipRecords[2: com.dotmarketing.portlets.structure.model.ContentletRelationshipsTest$TestCase@7623e81]" classname="com.dotmarketing.portlets.structure.model.ContentletRelationshipsTest" time="0.999"/>
  <testcase name="testGetRelationshipRecords[3: com.dotmarketing.portlets.structure.model.ContentletRelationshipsTest$TestCase@4c09266a]" classname="com.dotmarketing.portlets.structure.model.ContentletRelationshipsTest" time="0.991"/>
  <system-out><![CDATA[]]></system-out>
  <system-err><![CDATA[]]></system-err>
</testsuite>
