<?xml version="1.0" encoding="UTF-8"?>
<testsuite name="com.dotmarketing.quartz.job.StartEndScheduledExperimentsJobTest" tests="2" skipped="0" failures="0" errors="0" timestamp="2023-06-28T15:49:43" hostname="fv-az361-558" time="124.089">
  <properties/>
  <testcase name="testJob" classname="com.dotmarketing.quartz.job.StartEndScheduledExperimentsJobTest" time="123.973"/>
  <testcase name="testJob_noLicense" classname="com.dotmarketing.quartz.job.StartEndScheduledExperimentsJobTest" time="0.113"/>
  <system-out><![CDATA[]]></system-out>
  <system-err><![CDATA[]]></system-err>
</testsuite>
