<?xml version="1.0" encoding="UTF-8"?>
<testsuite name="com.dotcms.rest.api.v1.temp.TempFileResourceTest" tests="20" skipped="0" failures="0" errors="0" timestamp="2023-07-01T01:49:26" hostname="fv-az616-461" time="1.454">
  <properties/>
  <testcase name="testGetTempFile_fileIsNotReturned_fingerprintIsDifferent[0: com.dotcms.rest.api.v1.temp.TempFileResourceTest$testCaseChangeFingerPrint@4ad419a0]" classname="com.dotcms.rest.api.v1.temp.TempFileResourceTest" time="0.028"/>
  <testcase name="testGetTempFile_fileIsNotReturned_fingerprintIsDifferent[1: com.dotcms.rest.api.v1.temp.TempFileResourceTest$testCaseChangeFingerPrint@39e27a95]" classname="com.dotcms.rest.api.v1.temp.TempFileResourceTest" time="0.006"/>
  <testcase name="testGetTempFile_fileIsNotReturned_fingerprintIsDifferent[2: com.dotcms.rest.api.v1.temp.TempFileResourceTest$testCaseChangeFingerPrint@9c13c4b]" classname="com.dotcms.rest.api.v1.temp.TempFileResourceTest" time="0.005"/>
  <testcase name="testGetTempFile_fileIsNotReturned_fingerprintIsDifferent[3: com.dotcms.rest.api.v1.temp.TempFileResourceTest$testCaseChangeFingerPrint@216d26ee]" classname="com.dotcms.rest.api.v1.temp.TempFileResourceTest" time="0.004"/>
  <testcase name="testGetTempFile_fileIsNotReturned_fingerprintIsDifferent[4: com.dotcms.rest.api.v1.temp.TempFileResourceTest$testCaseChangeFingerPrint@4b1e227a]" classname="com.dotcms.rest.api.v1.temp.TempFileResourceTest" time="0.005"/>
  <testcase name="testGetTempFile_fileIsNotReturned_fingerprintIsDifferent[5: com.dotcms.rest.api.v1.temp.TempFileResourceTest$testCaseChangeFingerPrint@6102cf5e]" classname="com.dotcms.rest.api.v1.temp.TempFileResourceTest" time="0.005"/>
  <testcase name="test_tempResourceapi_test_anonymous_access" classname="com.dotcms.rest.api.v1.temp.TempFileResourceTest" time="0.001"/>
  <testcase name="test_tempResourceAPI_who_can_use_via_userID" classname="com.dotcms.rest.api.v1.temp.TempFileResourceTest" time="0.004"/>
  <testcase name="test_temp_resource_multifile_upload" classname="com.dotcms.rest.api.v1.temp.TempFileResourceTest" time="0.004"/>
  <testcase name="test_tempResourceapi_max_age" classname="com.dotcms.rest.api.v1.temp.TempFileResourceTest" time="0.004"/>
  <testcase name="test_tempResourceapi_test_user_max_filesize" classname="com.dotcms.rest.api.v1.temp.TempFileResourceTest" time="0.002"/>
  <testcase name="temp_resource_makes_it_into_checked_in_content" classname="com.dotcms.rest.api.v1.temp.TempFileResourceTest" time="1.032"/>
  <testcase name="test_TempResource_uploadFileByURL_URLDoesNotExists_returnBadRequest" classname="com.dotcms.rest.api.v1.temp.TempFileResourceTest" time="0.205"/>
  <testcase name="test_tempResourceapi_test_max_filesize" classname="com.dotcms.rest.api.v1.temp.TempFileResourceTest" time="0.011"/>
  <testcase name="test_TempResourceAPI_TempResourceEnabledProperty" classname="com.dotcms.rest.api.v1.temp.TempFileResourceTest" time="0.001"/>
  <testcase name="test_get_max_allowed_filesize_for_users" classname="com.dotcms.rest.api.v1.temp.TempFileResourceTest" time="0.011"/>
  <testcase name="test_TempResource_uploadFileByURL_UrlNotSent_BadRequest" classname="com.dotcms.rest.api.v1.temp.TempFileResourceTest" time="0.002"/>
  <testcase name="test_temp_resource_upload" classname="com.dotcms.rest.api.v1.temp.TempFileResourceTest" time="0.004"/>
  <testcase name="test_tempResourceapi_test_anonymous_max_filesize" classname="com.dotcms.rest.api.v1.temp.TempFileResourceTest" time="0.005"/>
  <testcase name="test_TempResource_uploadFileByURL_success" classname="com.dotcms.rest.api.v1.temp.TempFileResourceTest" time="0.113"/>
  <system-out><![CDATA[]]></system-out>
  <system-err><![CDATA[]]></system-err>
</testsuite>
