<?xml version="1.0" encoding="UTF-8"?>
<testsuite name="com.dotmarketing.servlets.ajax.AjaxDirectorServletIntegrationTest" tests="2" skipped="0" failures="0" errors="0" timestamp="2023-07-10T23:01:01" hostname="fv-az487-466" time="4.41">
  <properties/>
  <testcase name="testService[0: com.dotmarketing.servlets.ajax.AjaxDirectorServletTestCase@451c9380]" classname="com.dotmarketing.servlets.ajax.AjaxDirectorServletIntegrationTest" time="2.371"/>
  <testcase name="testService[1: com.dotmarketing.servlets.ajax.AjaxDirectorServletTestCase@7e74e60f]" classname="com.dotmarketing.servlets.ajax.AjaxDirectorServletIntegrationTest" time="2.038"/>
  <system-out><![CDATA[]]></system-out>
  <system-err><![CDATA[]]></system-err>
</testsuite>
