<?xml version="1.0" encoding="UTF-8"?>
<testsuite name="com.dotmarketing.business.DeterministicIdentifierAPITest" tests="16" skipped="0" failures="0" errors="0" timestamp="2023-06-30T22:19:08" hostname="fv-az455-320" time="1.322">
  <properties/>
  <testcase name="Test_Category_Path_Seed_And_Id" classname="com.dotmarketing.business.DeterministicIdentifierAPITest" time="0.018"/>
  <testcase name="Test_Language_Deterministic_Id[0: LanguageTestCase{expectedSeed='Language:es:US', expectedHash=4913155, langCode='es', countryCode='US', country='United States'}]" classname="com.dotmarketing.business.DeterministicIdentifierAPITest" time="0.001"/>
  <testcase name="Test_Language_Deterministic_Id[1: LanguageTestCase{expectedSeed='Language:ep:', expectedHash=5292269, langCode='ep', countryCode='', country=''}]" classname="com.dotmarketing.business.DeterministicIdentifierAPITest" time="0.001"/>
  <testcase name="Test_Language_Deterministic_Id[2: LanguageTestCase{expectedSeed='Language:sg:SAG', expectedHash=4713118, langCode='sg', countryCode='SAG', country=''}]" classname="com.dotmarketing.business.DeterministicIdentifierAPITest" time="0.001"/>
  <testcase name="Test_Language_Deterministic_Id[3: LanguageTestCase{expectedSeed='Language:en:NZ', expectedHash=5382528, langCode='en', countryCode='NZ', country='New Zealand'}]" classname="com.dotmarketing.business.DeterministicIdentifierAPITest" time="0.001"/>
  <testcase name="Test_Category_None_Persisted_Category_Should_Return_Deterministic_Id" classname="com.dotmarketing.business.DeterministicIdentifierAPITest" time="0.001"/>
  <testcase name="Test_Asset_Generate_Deterministic_Id_Best_Effort[0: TestCase{versionable=my.host1688163169791.com, parent=System Host, expectedName='my.host1688163169791.com', expectedType='Host'}]" classname="com.dotmarketing.business.DeterministicIdentifierAPITest" time="0.002"/>
  <testcase name="Test_Asset_Generate_Deterministic_Id_Best_Effort[1: TestCase{versionable=com.dotmarketing.portlets.contentlet.model.Contentlet@386dc547[map={modDate=2023-06-30 22:12:50.514, fileName=file12298770298757372808.txt, title=file12298770298757372808.txt, inode=d54c29fb-f34a-42e6-8017-423c040c46c1, __IS_NEW_CONTENT__=true, disabledWYSIWYG=[], host=3eb8ffb2-edb8-4174-b740-a26fc96cc86b, stInode=33888b6f-7a8e-4069-b1b6-5c1aa9d0a48d, owner=system, identifier=a0d586c6-bfbf-4aae-ad7b-09ff616d4dbe, nullProperties=[wfExpireDate, wfPublishDate, wfActionAssign, wfActionId, wfActionComments, filterKey, whereToSend, wfNeverExpire, _path_to_move, timezoneId, iWantTo, wfPublishTime, wfExpireTime], languageId=1, fileAsset=/home/runner/work/core/custom/assets/d/5/d54c29fb-f34a-42e6-8017-423c040c46c1/fileAsset/file12298770298757372808.txt, folder=965c0957-99cf-41b0-a408-5cec463ffe6f, __disable_workflow__=true, sortOrder=0, modUser=system},lowIndexPriority=false,variantId=DEFAULT], parent=com.dotmarketing.portlets.folders.model.Folder@18bf34e9[identifier=965c0957-99cf-41b0-a408-5cec463ffe6f,name=testName1688163170509,sortOrder=0,showOnMenu=false,hostId=3eb8ffb2-edb8-4174-b740-a26fc96cc86b,type=folder,title=testTitle1688163170509,filesMasks=,defaultFileType=33888b6f-7a8e-4069-b1b6-5c1aa9d0a48d,modDate=2023-06-30 22:12:50.511,owner=&lt;null&gt;,iDate=2023-06-30 22:12:50.511,inode=965c0957-99cf-41b0-a408-5cec463ffe6f,path=/testName1688163170509/], expectedName='file12298770298757372808.txt', expectedType='FileAsset'}]" classname="com.dotmarketing.business.DeterministicIdentifierAPITest" time="0.003"/>
  <testcase name="Test_Asset_Generate_Deterministic_Id_Best_Effort[2: TestCase{versionable=com.dotmarketing.portlets.templates.model.Template@5bde18e0, parent=my.host1688163169791.com, expectedName='testTitle1688163170592', expectedType='Template'}]" classname="com.dotmarketing.business.DeterministicIdentifierAPITest" time="0.001"/>
  <testcase name="Test_Asset_Generate_Deterministic_Id_Best_Effort[3: TestCase{versionable=com.dotmarketing.portlets.htmlpageasset.model.HTMLPageAsset@5dc96884[map={template=f5b7c4e0-35ba-4533-8a09-5c513b31492a, owner=system, identifier=16e9715d-2f63-4ea1-98ac-9e02c7f1de02, nullProperties=[wfExpireDate, wfPublishDate, wfActionAssign, wfActionId, wfActionComments, filterKey, whereToSend, wfNeverExpire, _path_to_move, timezoneId, iWantTo, wfPublishTime, wfExpireTime], modDate=2023-06-30 22:12:50.604, cachettl=0, _is_test_mode=true, languageId=1, title=test-page-title-1688163170600, httpsreq=, url=test-page-url-1688163170600, showOnMenu=, inode=6cf05b95-9078-4d0f-9ae3-29a4329f14df, folder=965c0957-99cf-41b0-a408-5cec463ffe6f, disabledWYSIWYG=[], sortOrder=1, modUser=system, host=3eb8ffb2-edb8-4174-b740-a26fc96cc86b, stInode=c541abb1-69b3-4bc5-8430-5e09e5239cc8, friendlyName=test-page-friendly-name-1688163170600},lowIndexPriority=false,variantId=DEFAULT], parent=com.dotmarketing.portlets.folders.model.Folder@18bf34e9[identifier=965c0957-99cf-41b0-a408-5cec463ffe6f,name=testName1688163170509,sortOrder=0,showOnMenu=false,hostId=3eb8ffb2-edb8-4174-b740-a26fc96cc86b,type=folder,title=testTitle1688163170509,filesMasks=,defaultFileType=33888b6f-7a8e-4069-b1b6-5c1aa9d0a48d,modDate=2023-06-30 22:12:50.511,owner=&lt;null&gt;,iDate=2023-06-30 22:12:50.511,inode=965c0957-99cf-41b0-a408-5cec463ffe6f,path=/testName1688163170509/], expectedName='test-page-url-1688163170600', expectedType='htmlpageasset'}]" classname="com.dotmarketing.business.DeterministicIdentifierAPITest" time="0.002"/>
  <testcase name="Test_Asset_Generate_Deterministic_Id_Best_Effort[4: TestCase{versionable=com.dotmarketing.portlets.contentlet.model.Contentlet@1332054e[map={fileAsset2=/home/runner/work/core/custom/assets/4/7/47a66703-d431-48ff-881d-1a8b6a63c3d3/fileAsset2/test_binary1688163171515.png, modDate=2023-06-30 22:12:51.519, fileAsset1=/home/runner/work/core/custom/assets/4/7/47a66703-d431-48ff-881d-1a8b6a63c3d3/fileAsset1/test_binary1688163171515.jpg, title=blah, inode=47a66703-d431-48ff-881d-1a8b6a63c3d3, __IS_NEW_CONTENT__=true, disabledWYSIWYG=[], host=48190c8c-42c4-46af-8d1a-0cd5db894797, stInode=69e82f10-99ea-49ee-91ab-9b5f94324864, owner=system, identifier=cc9d1d7d-2ce2-4a32-8b65-1ad7b1ec3026, nullProperties=[], languageId=1, image1=63d39615-6d7d-4f74-9c23-5615c363840d, folder=SYSTEM_FOLDER, __disable_workflow__=true, sortOrder=0, modUser=system},lowIndexPriority=false,variantId=DEFAULT], parent=demo.dotcms.com, expectedName='test_binary1688163171515.jpg:test_binary1688163171515.png', expectedType='MultipleBinaries1688163170739'}]" classname="com.dotmarketing.business.DeterministicIdentifierAPITest" time="0.002"/>
  <testcase name="Test_Asset_Generate_Deterministic_Id_Best_Effort[5: TestCase{versionable=name454e605b97 : keyTag454e605b97, parent=my.host1688163169791.com, expectedName='keyTag454e605b97', expectedType='persona'}]" classname="com.dotmarketing.business.DeterministicIdentifierAPITest" time="0.002"/>
  <testcase name="Test_Similar_Content_Type_Wont_Clash" classname="com.dotmarketing.business.DeterministicIdentifierAPITest" time="0.422"/>
  <testcase name="Test_Generate_Folder_Identifier" classname="com.dotmarketing.business.DeterministicIdentifierAPITest" time="0.853"/>
  <testcase name="Test_Generate_Content_Type_Identifier[0: ContentTypeTestCase{contentType=KeyValueContentType{name=Language Variable, id=f4d7c1b8-2c88-4071-abf1-a5328977b07d, description=Default Content Type for Language Variables, defaultType=false, fixed=true, iDate=Thu Aug 31 16:38:49 UTC 2017, system=true, versionable=true, variable=Languagevariable, modDate=Fri Jun 30 21:08:05 UTC 2023, host=SYSTEM_HOST, siteName=systemHost, icon=language, sortOrder=0, folder=SYSTEM_FOLDER, folderPath=/, markedForDeletion=true, multilingualable=false}, expectedName='Languagevariable', expectedType='KeyValue'}]" classname="com.dotmarketing.business.DeterministicIdentifierAPITest" time="0.005"/>
  <testcase name="Test_Generate_Content_Type_Identifier[1: ContentTypeTestCase{contentType=SimpleContentType{name=testName1688163171846, id=70f29775-3c0f-47ef-aa58-ee702a264e44, description=testDescription1688163171846, defaultType=false, fixed=false, iDate=Fri Jun 30 22:12:51 UTC 2023, system=false, versionable=true, multilingualable=false, variable=testVarname1688163171846, owner=system, modDate=Fri Jun 30 22:12:52 UTC 2023, host=48190c8c-42c4-46af-8d1a-0cd5db894797, siteName=demo.dotcms.com, icon=event_note, sortOrder=0, folder=SYSTEM_FOLDER, folderPath=/, requiredFields=[], markedForDeletion=false}, expectedName='testVarname1688163171846', expectedType='CONTENT'}]" classname="com.dotmarketing.business.DeterministicIdentifierAPITest" time="0.005"/>
  <system-out><![CDATA[]]></system-out>
  <system-err><![CDATA[]]></system-err>
</testsuite>
