<?xml version="1.0" encoding="UTF-8"?>
<testsuite name="com.dotmarketing.business.helper.PermissionHelperTest" tests="24" skipped="0" failures="0" errors="0" timestamp="2023-07-07T20:42:13" hostname="fv-az244-222" time="6.403">
  <properties/>
  <testcase name="test_getPermissionsByPermissionType_with_system_user_should_succeed[0: com.dotmarketing.business.helper.PermissionHelperTest$TestCase@54dd4248]" classname="com.dotmarketing.business.helper.PermissionHelperTest" time="0.013"/>
  <testcase name="test_getPermissionsByPermissionType_with_system_user_should_succeed[1: com.dotmarketing.business.helper.PermissionHelperTest$TestCase@79815cb6]" classname="com.dotmarketing.business.helper.PermissionHelperTest" time="0.001"/>
  <testcase name="test_getPermissionsByPermissionType_with_system_user_should_succeed[2: com.dotmarketing.business.helper.PermissionHelperTest$TestCase@39c4af7]" classname="com.dotmarketing.business.helper.PermissionHelperTest" time="0.001"/>
  <testcase name="test_getPermissionsByPermissionType_with_system_user_should_succeed[3: com.dotmarketing.business.helper.PermissionHelperTest$TestCase@8a0581b]" classname="com.dotmarketing.business.helper.PermissionHelperTest" time="0.0"/>
  <testcase name="test_getPermissionsByPermissionType_with_system_user_should_succeed[4: com.dotmarketing.business.helper.PermissionHelperTest$TestCase@36519445]" classname="com.dotmarketing.business.helper.PermissionHelperTest" time="0.001"/>
  <testcase name="test_getPermissionsByPermissionType_with_system_user_should_succeed[5: com.dotmarketing.business.helper.PermissionHelperTest$TestCase@45c61ad5]" classname="com.dotmarketing.business.helper.PermissionHelperTest" time="0.0"/>
  <testcase name="test_getPermissionsByPermissionType_with_system_user_should_succeed[6: com.dotmarketing.business.helper.PermissionHelperTest$TestCase@246c3b68]" classname="com.dotmarketing.business.helper.PermissionHelperTest" time="0.0"/>
  <testcase name="test_getPermissionsByPermissionType_with_system_user_should_succeed[7: com.dotmarketing.business.helper.PermissionHelperTest$TestCase@2e06cf7e]" classname="com.dotmarketing.business.helper.PermissionHelperTest" time="0.001"/>
  <testcase name="test_getPermissionsByPermissionType_with_limited_user_should_succeed[0: com.dotmarketing.business.helper.PermissionHelperTest$TestCase@54dd4248]" classname="com.dotmarketing.business.helper.PermissionHelperTest" time="0.815"/>
  <testcase name="test_getPermissionsByPermissionType_with_limited_user_should_succeed[1: com.dotmarketing.business.helper.PermissionHelperTest$TestCase@79815cb6]" classname="com.dotmarketing.business.helper.PermissionHelperTest" time="0.789"/>
  <testcase name="test_getPermissionsByPermissionType_with_limited_user_should_succeed[2: com.dotmarketing.business.helper.PermissionHelperTest$TestCase@39c4af7]" classname="com.dotmarketing.business.helper.PermissionHelperTest" time="0.796"/>
  <testcase name="test_getPermissionsByPermissionType_with_limited_user_should_succeed[3: com.dotmarketing.business.helper.PermissionHelperTest$TestCase@8a0581b]" classname="com.dotmarketing.business.helper.PermissionHelperTest" time="0.797"/>
  <testcase name="test_getPermissionsByPermissionType_with_limited_user_should_succeed[4: com.dotmarketing.business.helper.PermissionHelperTest$TestCase@36519445]" classname="com.dotmarketing.business.helper.PermissionHelperTest" time="0.804"/>
  <testcase name="test_getPermissionsByPermissionType_with_limited_user_should_succeed[5: com.dotmarketing.business.helper.PermissionHelperTest$TestCase@45c61ad5]" classname="com.dotmarketing.business.helper.PermissionHelperTest" time="0.791"/>
  <testcase name="test_getPermissionsByPermissionType_with_limited_user_should_succeed[6: com.dotmarketing.business.helper.PermissionHelperTest$TestCase@246c3b68]" classname="com.dotmarketing.business.helper.PermissionHelperTest" time="0.801"/>
  <testcase name="test_getPermissionsByPermissionType_with_limited_user_should_succeed[7: com.dotmarketing.business.helper.PermissionHelperTest$TestCase@2e06cf7e]" classname="com.dotmarketing.business.helper.PermissionHelperTest" time="0.791"/>
  <testcase name="test_getPermissionsByPermissionType_with_invalid_user_should_fail[0: com.dotmarketing.business.helper.PermissionHelperTest$TestCase@54dd4248]" classname="com.dotmarketing.business.helper.PermissionHelperTest" time="0.0"/>
  <testcase name="test_getPermissionsByPermissionType_with_invalid_user_should_fail[1: com.dotmarketing.business.helper.PermissionHelperTest$TestCase@79815cb6]" classname="com.dotmarketing.business.helper.PermissionHelperTest" time="0.0"/>
  <testcase name="test_getPermissionsByPermissionType_with_invalid_user_should_fail[2: com.dotmarketing.business.helper.PermissionHelperTest$TestCase@39c4af7]" classname="com.dotmarketing.business.helper.PermissionHelperTest" time="0.001"/>
  <testcase name="test_getPermissionsByPermissionType_with_invalid_user_should_fail[3: com.dotmarketing.business.helper.PermissionHelperTest$TestCase@8a0581b]" classname="com.dotmarketing.business.helper.PermissionHelperTest" time="0.0"/>
  <testcase name="test_getPermissionsByPermissionType_with_invalid_user_should_fail[4: com.dotmarketing.business.helper.PermissionHelperTest$TestCase@36519445]" classname="com.dotmarketing.business.helper.PermissionHelperTest" time="0.0"/>
  <testcase name="test_getPermissionsByPermissionType_with_invalid_user_should_fail[5: com.dotmarketing.business.helper.PermissionHelperTest$TestCase@45c61ad5]" classname="com.dotmarketing.business.helper.PermissionHelperTest" time="0.001"/>
  <testcase name="test_getPermissionsByPermissionType_with_invalid_user_should_fail[6: com.dotmarketing.business.helper.PermissionHelperTest$TestCase@246c3b68]" classname="com.dotmarketing.business.helper.PermissionHelperTest" time="0.0"/>
  <testcase name="test_getPermissionsByPermissionType_with_invalid_user_should_fail[7: com.dotmarketing.business.helper.PermissionHelperTest$TestCase@2e06cf7e]" classname="com.dotmarketing.business.helper.PermissionHelperTest" time="0.0"/>
  <system-out><![CDATA[]]></system-out>
  <system-err><![CDATA[]]></system-err>
</testsuite>
