<?xml version="1.0" encoding="UTF-8"?>
<testsuite name="com.dotcms.enterprise.publishing.remote.bundler.ContentTypeBundlerTest" tests="5" skipped="0" failures="0" errors="0" timestamp="2023-06-29T20:53:16" hostname="fv-az254-767" time="0.042">
  <properties/>
  <testcase name="addContentTypeInBundle[0: com.dotcms.enterprise.publishing.remote.bundler.ContentTypeBundlerTest$TestCase@13cf702c]" classname="com.dotcms.enterprise.publishing.remote.bundler.ContentTypeBundlerTest" time="0.01"/>
  <testcase name="addContentTypeInBundle[1: com.dotcms.enterprise.publishing.remote.bundler.ContentTypeBundlerTest$TestCase@613b06e9]" classname="com.dotcms.enterprise.publishing.remote.bundler.ContentTypeBundlerTest" time="0.007"/>
  <testcase name="addContentTypeInBundle[2: com.dotcms.enterprise.publishing.remote.bundler.ContentTypeBundlerTest$TestCase@633f352]" classname="com.dotcms.enterprise.publishing.remote.bundler.ContentTypeBundlerTest" time="0.006"/>
  <testcase name="addContentTypeInBundle[3: com.dotcms.enterprise.publishing.remote.bundler.ContentTypeBundlerTest$TestCase@63d5844d]" classname="com.dotcms.enterprise.publishing.remote.bundler.ContentTypeBundlerTest" time="0.008"/>
  <testcase name="addContentTypeInBundle[4: com.dotcms.enterprise.publishing.remote.bundler.ContentTypeBundlerTest$TestCase@bf3d60b]" classname="com.dotcms.enterprise.publishing.remote.bundler.ContentTypeBundlerTest" time="0.011"/>
  <system-out><![CDATA[]]></system-out>
  <system-err><![CDATA[]]></system-err>
</testsuite>
