<?xml version="1.0" encoding="UTF-8"?>
<testsuite name="com.dotmarketing.factories.WebAssetFactoryTest" tests="3" skipped="0" failures="0" errors="0" timestamp="2023-07-17T21:40:32" hostname="fv-az799-554" time="0.924">
  <properties/>
  <testcase name="testGetAssetsWorkingBy_CMS_ANON" classname="com.dotmarketing.factories.WebAssetFactoryTest" time="0.858"/>
  <testcase name="testGetAssetsWorkingBy_A_Shlub" classname="com.dotmarketing.factories.WebAssetFactoryTest" time="0.045"/>
  <testcase name="testGetAssetsWorkingBytheSystemUser" classname="com.dotmarketing.factories.WebAssetFactoryTest" time="0.02"/>
  <system-out><![CDATA[]]></system-out>
  <system-err><![CDATA[]]></system-err>
</testsuite>
