<?xml version="1.0" encoding="UTF-8"?>
<testsuite name="com.dotmarketing.servlets.ajax.AjaxDirectorServletIntegrationTest" tests="2" skipped="0" failures="0" errors="0" timestamp="2023-06-24T03:10:35" hostname="fv-az1128-296" time="0.831">
  <properties/>
  <testcase name="testService[0: com.dotmarketing.servlets.ajax.AjaxDirectorServletTestCase@360f2478]" classname="com.dotmarketing.servlets.ajax.AjaxDirectorServletIntegrationTest" time="0.385"/>
  <testcase name="testService[1: com.dotmarketing.servlets.ajax.AjaxDirectorServletTestCase@3668cd94]" classname="com.dotmarketing.servlets.ajax.AjaxDirectorServletIntegrationTest" time="0.446"/>
  <system-out><![CDATA[]]></system-out>
  <system-err><![CDATA[]]></system-err>
</testsuite>
