<?xml version="1.0" encoding="UTF-8"?>
<testsuite name="com.dotcms.rest.IntegrityResourceIntegrationTest" tests="2" skipped="0" failures="0" errors="0" timestamp="2023-06-30T05:52:07" hostname="fv-az210-575" time="0.081">
  <properties/>
  <testcase name="fixConflictsShouldReturnLicenseException" classname="com.dotcms.rest.IntegrityResourceIntegrationTest" time="0.071"/>
  <testcase name="generateShouldReturnLicenseException" classname="com.dotcms.rest.IntegrityResourceIntegrationTest" time="0.01"/>
  <system-out><![CDATA[]]></system-out>
  <system-err><![CDATA[]]></system-err>
</testsuite>
