<?xml version="1.0" encoding="UTF-8"?>
<testsuite name="com.dotcms.publisher.business.PublishAuditAPITest" tests="9" skipped="0" failures="0" errors="0" timestamp="2023-07-20T00:39:01" hostname="fv-az341-447" time="5.943">
  <properties/>
  <testcase name="allThePublishAuditHistoryWithOneAssets" classname="com.dotcms.publisher.business.PublishAuditAPITest" time="0.08"/>
  <testcase name="test_getBundleIdByStatus_StatusFailAllTypes" classname="com.dotcms.publisher.business.PublishAuditAPITest" time="0.019"/>
  <testcase name="test_getBundleIdByStatusFilterByOwner_StatusSuccess_OwnerNewUser" classname="com.dotcms.publisher.business.PublishAuditAPITest" time="0.881"/>
  <testcase name="notAssets" classname="com.dotcms.publisher.business.PublishAuditAPITest" time="1.349"/>
  <testcase name="maxAsssetLimits" classname="com.dotcms.publisher.business.PublishAuditAPITest" time="1.294"/>
  <testcase name="test_insertPublishAuditStatus" classname="com.dotcms.publisher.business.PublishAuditAPITest" time="0.004"/>
  <testcase name="maxAsssetLimitsEqualsTo3" classname="com.dotcms.publisher.business.PublishAuditAPITest" time="1.42"/>
  <testcase name="test_getBundleIdByStatusFilterByOwner_StatusFailAllTypes_OwnerNewUser" classname="com.dotcms.publisher.business.PublishAuditAPITest" time="0.891"/>
  <testcase name="test_getBundleIdByStatus_StatusSuccess" classname="com.dotcms.publisher.business.PublishAuditAPITest" time="0.005"/>
  <system-out><![CDATA[]]></system-out>
  <system-err><![CDATA[]]></system-err>
</testsuite>
