<?xml version="1.0" encoding="UTF-8"?>
<testsuite name="com.dotcms.rest.api.v1.contenttype.ContentTypeResourceTest" tests="9" skipped="0" failures="0" errors="0" timestamp="2023-06-29T17:09:13" hostname="fv-az615-773" time="15.33">
  <properties/>
  <testcase name="getBaseTypes_asAdmin" classname="com.dotcms.rest.api.v1.contenttype.ContentTypeResourceTest" time="0.218"/>
  <testcase name="getContentTypes" classname="com.dotcms.rest.api.v1.contenttype.ContentTypeResourceTest" time="0.016"/>
  <testcase name="testGetRecentBaseTypes_whenCommunity_excludeTypes[0: com.dotcms.rest.api.v1.contenttype.ContentTypeResourceTest$TestCase@20a76ee3]" classname="com.dotcms.rest.api.v1.contenttype.ContentTypeResourceTest" time="0.013"/>
  <testcase name="testGetRecentBaseTypes_whenCommunity_excludeTypes[1: com.dotcms.rest.api.v1.contenttype.ContentTypeResourceTest$TestCase@20d00f50]" classname="com.dotcms.rest.api.v1.contenttype.ContentTypeResourceTest" time="0.003"/>
  <testcase name="getBaseTypes_asLimitedUser" classname="com.dotcms.rest.api.v1.contenttype.ContentTypeResourceTest" time="0.736"/>
  <testcase name="testMain" classname="com.dotcms.rest.api.v1.contenttype.ContentTypeResourceTest" time="8.924"/>
  <testcase name="getContentTypes_GivenNotExistingTypeName_ShouldThrowError" classname="com.dotcms.rest.api.v1.contenttype.ContentTypeResourceTest" time="0.002"/>
  <testcase name="getContentTypesWithoutType" classname="com.dotcms.rest.api.v1.contenttype.ContentTypeResourceTest" time="0.012"/>
  <testcase name="Simple_Test_Using_VarName" classname="com.dotcms.rest.api.v1.contenttype.ContentTypeResourceTest" time="5.404"/>
  <system-out><![CDATA[]]></system-out>
  <system-err><![CDATA[]]></system-err>
</testsuite>
