<?xml version="1.0" encoding="UTF-8"?>
<testsuite name="com.dotmarketing.business.DeterministicIdentifierAPITest" tests="16" skipped="0" failures="0" errors="0" timestamp="2023-07-19T00:24:18" hostname="fv-az408-147" time="1.564">
  <properties/>
  <testcase name="Test_Category_Path_Seed_And_Id" classname="com.dotmarketing.business.DeterministicIdentifierAPITest" time="0.026"/>
  <testcase name="Test_Language_Deterministic_Id[0: LanguageTestCase{expectedSeed='Language:es:US', expectedHash=4913155, langCode='es', countryCode='US', country='United States'}]" classname="com.dotmarketing.business.DeterministicIdentifierAPITest" time="0.001"/>
  <testcase name="Test_Language_Deterministic_Id[1: LanguageTestCase{expectedSeed='Language:ep:', expectedHash=5292269, langCode='ep', countryCode='', country=''}]" classname="com.dotmarketing.business.DeterministicIdentifierAPITest" time="0.001"/>
  <testcase name="Test_Language_Deterministic_Id[2: LanguageTestCase{expectedSeed='Language:sg:SAG', expectedHash=4713118, langCode='sg', countryCode='SAG', country=''}]" classname="com.dotmarketing.business.DeterministicIdentifierAPITest" time="0.001"/>
  <testcase name="Test_Language_Deterministic_Id[3: LanguageTestCase{expectedSeed='Language:en:NZ', expectedHash=5382528, langCode='en', countryCode='NZ', country='New Zealand'}]" classname="com.dotmarketing.business.DeterministicIdentifierAPITest" time="0.001"/>
  <testcase name="Test_Category_None_Persisted_Category_Should_Return_Deterministic_Id" classname="com.dotmarketing.business.DeterministicIdentifierAPITest" time="0.001"/>
  <testcase name="Test_Asset_Generate_Deterministic_Id_Best_Effort[0: TestCase{versionable=my.host1689725877373.com, parent=System Host, expectedName='my.host1689725877373.com', expectedType='Host'}]" classname="com.dotmarketing.business.DeterministicIdentifierAPITest" time="0.004"/>
  <testcase name="Test_Asset_Generate_Deterministic_Id_Best_Effort[1: TestCase{versionable=com.dotmarketing.portlets.contentlet.model.Contentlet@15319529[map={modDate=2023-07-19 00:17:58.244, fileName=file11805588882860580766.txt, title=file11805588882860580766.txt, inode=591b4319-78ea-4026-bef6-61f7eecb3401, __IS_NEW_CONTENT__=true, disabledWYSIWYG=[], host=fd9ba8e6-61ba-4cd4-8bb2-bd7fe50379b6, stInode=33888b6f-7a8e-4069-b1b6-5c1aa9d0a48d, owner=system, identifier=8b927011-fab0-48ea-ae1f-d897885c364c, nullProperties=[wfExpireDate, wfPublishDate, wfActionAssign, wfActionId, wfActionComments, filterKey, whereToSend, wfNeverExpire, _path_to_move, timezoneId, iWantTo, wfPublishTime, wfExpireTime], languageId=1, fileAsset=/home/runner/work/core/custom/assets/5/9/591b4319-78ea-4026-bef6-61f7eecb3401/fileAsset/file11805588882860580766.txt, folder=a4f2b834-dece-4f3c-aa94-6dca86227dda, __disable_workflow__=true, sortOrder=0, modUser=system},lowIndexPriority=false,variantId=DEFAULT], parent=com.dotmarketing.portlets.folders.model.Folder@3582b5d0[identifier=a4f2b834-dece-4f3c-aa94-6dca86227dda,name=testName1689725878226,sortOrder=0,showOnMenu=false,hostId=fd9ba8e6-61ba-4cd4-8bb2-bd7fe50379b6,type=folder,title=testTitle1689725878226,filesMasks=,defaultFileType=33888b6f-7a8e-4069-b1b6-5c1aa9d0a48d,modDate=2023-07-19 00:17:58.231,owner=&lt;null&gt;,iDate=2023-07-19 00:17:58.231,inode=a4f2b834-dece-4f3c-aa94-6dca86227dda,path=/testName1689725878226/], expectedName='file11805588882860580766.txt', expectedType='FileAsset'}]" classname="com.dotmarketing.business.DeterministicIdentifierAPITest" time="0.004"/>
  <testcase name="Test_Asset_Generate_Deterministic_Id_Best_Effort[2: TestCase{versionable=com.dotmarketing.portlets.templates.model.Template@cae5f598, parent=my.host1689725877373.com, expectedName='testTitle1689725878345', expectedType='Template'}]" classname="com.dotmarketing.business.DeterministicIdentifierAPITest" time="0.002"/>
  <testcase name="Test_Asset_Generate_Deterministic_Id_Best_Effort[3: TestCase{versionable=com.dotmarketing.portlets.htmlpageasset.model.HTMLPageAsset@53c8ed28[map={template=cd3a0c22-521d-4499-8bdf-5535a27cb76d, owner=system, identifier=63d0d0da-3588-4ce6-9359-453457eb205e, nullProperties=[wfExpireDate, wfPublishDate, wfActionAssign, wfActionId, wfActionComments, filterKey, whereToSend, wfNeverExpire, _path_to_move, timezoneId, iWantTo, wfPublishTime, wfExpireTime], modDate=2023-07-19 00:17:58.363, cachettl=0, _is_test_mode=true, languageId=1, title=test-page-title-1689725878359, httpsreq=, url=test-page-url-1689725878359, showOnMenu=, inode=4d17d513-e7d7-487c-ae7f-e3e9fca851e9, folder=a4f2b834-dece-4f3c-aa94-6dca86227dda, disabledWYSIWYG=[], sortOrder=1, modUser=system, host=fd9ba8e6-61ba-4cd4-8bb2-bd7fe50379b6, stInode=c541abb1-69b3-4bc5-8430-5e09e5239cc8, friendlyName=test-page-friendly-name-1689725878359},lowIndexPriority=false,variantId=DEFAULT], parent=com.dotmarketing.portlets.folders.model.Folder@3582b5d0[identifier=a4f2b834-dece-4f3c-aa94-6dca86227dda,name=testName1689725878226,sortOrder=0,showOnMenu=false,hostId=fd9ba8e6-61ba-4cd4-8bb2-bd7fe50379b6,type=folder,title=testTitle1689725878226,filesMasks=,defaultFileType=33888b6f-7a8e-4069-b1b6-5c1aa9d0a48d,modDate=2023-07-19 00:17:58.231,owner=&lt;null&gt;,iDate=2023-07-19 00:17:58.231,inode=a4f2b834-dece-4f3c-aa94-6dca86227dda,path=/testName1689725878226/], expectedName='test-page-url-1689725878359', expectedType='htmlpageasset'}]" classname="com.dotmarketing.business.DeterministicIdentifierAPITest" time="0.002"/>
  <testcase name="Test_Asset_Generate_Deterministic_Id_Best_Effort[4: TestCase{versionable=com.dotmarketing.portlets.contentlet.model.Contentlet@bac0a18[map={fileAsset2=/home/runner/work/core/custom/assets/6/d/6d7d59a9-fefa-42f6-aade-17e95481e2c6/fileAsset2/test_binary1689725879211.png, modDate=2023-07-19 00:17:59.216, fileAsset1=/home/runner/work/core/custom/assets/6/d/6d7d59a9-fefa-42f6-aade-17e95481e2c6/fileAsset1/test_binary1689725879211.jpg, title=blah, inode=6d7d59a9-fefa-42f6-aade-17e95481e2c6, __IS_NEW_CONTENT__=true, disabledWYSIWYG=[], host=48190c8c-42c4-46af-8d1a-0cd5db894797, stInode=1d34b238-f332-4c84-bd7f-74e257dc3b57, owner=system, identifier=3e8cdf99-9cda-4029-84a0-112fb2d816d0, nullProperties=[], languageId=1, image1=779635ca-8448-4c2c-b1e1-3baa4fcba04b, folder=SYSTEM_FOLDER, __disable_workflow__=true, sortOrder=0, modUser=system},lowIndexPriority=false,variantId=DEFAULT], parent=demo.dotcms.com, expectedName='test_binary1689725879211.jpg:test_binary1689725879211.png', expectedType='MultipleBinaries1689725878564'}]" classname="com.dotmarketing.business.DeterministicIdentifierAPITest" time="0.003"/>
  <testcase name="Test_Asset_Generate_Deterministic_Id_Best_Effort[5: TestCase{versionable=name44ffdd73e7 : keyTag44ffdd73e7, parent=my.host1689725877373.com, expectedName='keyTag44ffdd73e7', expectedType='persona'}]" classname="com.dotmarketing.business.DeterministicIdentifierAPITest" time="0.003"/>
  <testcase name="Test_Similar_Content_Type_Wont_Clash" classname="com.dotmarketing.business.DeterministicIdentifierAPITest" time="0.415"/>
  <testcase name="Test_Generate_Folder_Identifier" classname="com.dotmarketing.business.DeterministicIdentifierAPITest" time="1.085"/>
  <testcase name="Test_Generate_Content_Type_Identifier[0: ContentTypeTestCase{contentType=KeyValueContentType{name=Language Variable, id=f4d7c1b8-2c88-4071-abf1-a5328977b07d, description=Default Content Type for Language Variables, defaultType=false, fixed=true, iDate=Thu Aug 31 16:38:49 UTC 2017, system=true, versionable=true, variable=Languagevariable, modDate=Tue Jul 18 23:14:24 UTC 2023, host=SYSTEM_HOST, siteName=systemHost, icon=language, sortOrder=0, folder=SYSTEM_FOLDER, folderPath=/, markedForDeletion=true, multilingualable=false}, expectedName='Languagevariable', expectedType='KeyValue'}]" classname="com.dotmarketing.business.DeterministicIdentifierAPITest" time="0.004"/>
  <testcase name="Test_Generate_Content_Type_Identifier[1: ContentTypeTestCase{contentType=SimpleContentType{name=testName1689725879604, id=aef3578c-879f-4f60-8d19-6cc795c0fd12, description=testDescription1689725879604, defaultType=false, fixed=false, iDate=Wed Jul 19 00:17:59 UTC 2023, system=false, versionable=true, multilingualable=false, variable=testVarname1689725879604, owner=system, modDate=Wed Jul 19 00:18:00 UTC 2023, host=48190c8c-42c4-46af-8d1a-0cd5db894797, siteName=demo.dotcms.com, icon=event_note, sortOrder=0, folder=SYSTEM_FOLDER, folderPath=/, requiredFields=[], markedForDeletion=false}, expectedName='testVarname1689725879604', expectedType='CONTENT'}]" classname="com.dotmarketing.business.DeterministicIdentifierAPITest" time="0.005"/>
  <system-out><![CDATA[]]></system-out>
  <system-err><![CDATA[]]></system-err>
</testsuite>
