<?xml version="1.0" encoding="UTF-8"?>
<testsuite name="com.dotcms.contenttype.test.DotAssetAPITest" tests="1" skipped="0" failures="0" errors="0" timestamp="2023-07-07T19:37:06" hostname="fv-az507-246" time="1.458">
  <properties/>
  <testcase name="test_try_match" classname="com.dotcms.contenttype.test.DotAssetAPITest" time="1.458"/>
  <system-out><![CDATA[]]></system-out>
  <system-err><![CDATA[]]></system-err>
</testsuite>
