<?xml version="1.0" encoding="UTF-8"?>
<testsuite name="com.dotcms.rest.api.v1.vtl.VTLResourceIntegrationTest" tests="6" skipped="0" failures="0" errors="0" timestamp="2023-06-23T21:48:34" hostname="fv-az397-542" time="10.048">
  <properties/>
  <testcase name="testGet[0: com.dotcms.rest.api.v1.vtl.VTLResourceTestCase@1fcc30]" classname="com.dotcms.rest.api.v1.vtl.VTLResourceIntegrationTest" time="2.237"/>
  <testcase name="testGet[1: com.dotcms.rest.api.v1.vtl.VTLResourceTestCase@4ae88ad0]" classname="com.dotcms.rest.api.v1.vtl.VTLResourceIntegrationTest" time="0.936"/>
  <testcase name="testGet[2: com.dotcms.rest.api.v1.vtl.VTLResourceTestCase@4a2fb147]" classname="com.dotcms.rest.api.v1.vtl.VTLResourceIntegrationTest" time="1.038"/>
  <testcase name="testGet[3: com.dotcms.rest.api.v1.vtl.VTLResourceTestCase@1c0dca2b]" classname="com.dotcms.rest.api.v1.vtl.VTLResourceIntegrationTest" time="1.976"/>
  <testcase name="testGet[4: com.dotcms.rest.api.v1.vtl.VTLResourceTestCase@628dfbd6]" classname="com.dotcms.rest.api.v1.vtl.VTLResourceIntegrationTest" time="2.036"/>
  <testcase name="testGet[5: com.dotcms.rest.api.v1.vtl.VTLResourceTestCase@6c3d535d]" classname="com.dotcms.rest.api.v1.vtl.VTLResourceIntegrationTest" time="1.824"/>
  <system-out><![CDATA[]]></system-out>
  <system-err><![CDATA[]]></system-err>
</testsuite>
