<?xml version="1.0" encoding="UTF-8"?>
<testsuite name="com.dotmarketing.servlets.ajax.AjaxDirectorServletIntegrationTest" tests="2" skipped="0" failures="0" errors="0" timestamp="2023-06-30T18:31:59" hostname="fv-az450-908" time="0.714">
  <properties/>
  <testcase name="testService[0: com.dotmarketing.servlets.ajax.AjaxDirectorServletTestCase@419704a3]" classname="com.dotmarketing.servlets.ajax.AjaxDirectorServletIntegrationTest" time="0.558"/>
  <testcase name="testService[1: com.dotmarketing.servlets.ajax.AjaxDirectorServletTestCase@51f42eaf]" classname="com.dotmarketing.servlets.ajax.AjaxDirectorServletIntegrationTest" time="0.156"/>
  <system-out><![CDATA[]]></system-out>
  <system-err><![CDATA[]]></system-err>
</testsuite>
