<?xml version="1.0" encoding="UTF-8"?>
<testsuite name="com.dotmarketing.startup.runonce.Task220824CreateDefaultVariantTest" tests="3" skipped="0" failures="0" errors="0" timestamp="2023-06-23T01:28:14" hostname="fv-az395-584" time="0.02">
  <properties/>
  <testcase name="runningTU" classname="com.dotmarketing.startup.runonce.Task220824CreateDefaultVariantTest" time="0.014"/>
  <testcase name="forceRun" classname="com.dotmarketing.startup.runonce.Task220824CreateDefaultVariantTest" time="0.004"/>
  <testcase name="runningTwice" classname="com.dotmarketing.startup.runonce.Task220824CreateDefaultVariantTest" time="0.002"/>
  <system-out><![CDATA[]]></system-out>
  <system-err><![CDATA[]]></system-err>
</testsuite>
