<?xml version="1.0" encoding="UTF-8"?>
<testsuite name="com.dotcms.vanityurl.business.VanityUrlAPITest" tests="15" skipped="0" failures="0" errors="0" timestamp="2023-06-24T02:49:16" hostname="fv-az1128-296" time="127.395">
  <properties/>
  <testcase name="Test_Vanity_URI_Missing_URI_Expect_Validation_Exception" classname="com.dotcms.vanityurl.business.VanityUrlAPITest" time="16.256"/>
  <testcase name="testing_the_from_contentlet_method" classname="com.dotcms.vanityurl.business.VanityUrlAPITest" time="4.202"/>
  <testcase name="vanities_resolve_once_they_are_published" classname="com.dotcms.vanityurl.business.VanityUrlAPITest" time="4.02"/>
  <testcase name="test_that_regex_does_not_catch_regular_strings" classname="com.dotcms.vanityurl.business.VanityUrlAPITest" time="7.977"/>
  <testcase name="test_publish_unpublish_on_system_vanity" classname="com.dotcms.vanityurl.business.VanityUrlAPITest" time="4.25"/>
  <testcase name="vanities_resolve_correctly_after_url_has_been_updated" classname="com.dotcms.vanityurl.business.VanityUrlAPITest" time="4.908"/>
  <testcase name="insure_vanitys_have_proper_response_actions_set" classname="com.dotcms.vanityurl.business.VanityUrlAPITest" time="4.239"/>
  <testcase name="differentSitesTest" classname="com.dotcms.vanityurl.business.VanityUrlAPITest" time="9.559"/>
  <testcase name="Test_Vanity_URI_Ending_With_Forward_Slash_Handles_Non_forward_Slash_Ending_URL" classname="com.dotcms.vanityurl.business.VanityUrlAPITest" time="5.021"/>
  <testcase name="cache_404_Test" classname="com.dotcms.vanityurl.business.VanityUrlAPITest" time="3.827"/>
  <testcase name="resolving_multilingual_vanities_with_default_language_unpublished" classname="com.dotcms.vanityurl.business.VanityUrlAPITest" time="5.263"/>
  <testcase name="vanities_resolve_correctly_after_action_has_been_updated" classname="com.dotcms.vanityurl.business.VanityUrlAPITest" time="4.959"/>
  <testcase name="testing_vanityurl_ordering" classname="com.dotcms.vanityurl.business.VanityUrlAPITest" time="40.167"/>
  <testcase name="does_a_site_specific_vanity_override_system_host_vanity" classname="com.dotcms.vanityurl.business.VanityUrlAPITest" time="8.591"/>
  <testcase name="working_vanities_do_not_resolve" classname="com.dotcms.vanityurl.business.VanityUrlAPITest" time="4.156"/>
  <system-out><![CDATA[]]></system-out>
  <system-err><![CDATA[]]></system-err>
</testsuite>
