<?xml version="1.0" encoding="UTF-8"?>
<testsuite name="com.dotcms.publisher.business.PublishAuditAPITest" tests="9" skipped="0" failures="0" errors="0" timestamp="2023-06-23T17:30:37" hostname="fv-az1098-397" time="5.521">
  <properties/>
  <testcase name="allThePublishAuditHistoryWithOneAssets" classname="com.dotcms.publisher.business.PublishAuditAPITest" time="0.139"/>
  <testcase name="test_getBundleIdByStatus_StatusFailAllTypes" classname="com.dotcms.publisher.business.PublishAuditAPITest" time="0.023"/>
  <testcase name="test_getBundleIdByStatusFilterByOwner_StatusSuccess_OwnerNewUser" classname="com.dotcms.publisher.business.PublishAuditAPITest" time="0.969"/>
  <testcase name="notAssets" classname="com.dotcms.publisher.business.PublishAuditAPITest" time="1.215"/>
  <testcase name="maxAsssetLimits" classname="com.dotcms.publisher.business.PublishAuditAPITest" time="1.193"/>
  <testcase name="test_insertPublishAuditStatus" classname="com.dotcms.publisher.business.PublishAuditAPITest" time="0.003"/>
  <testcase name="maxAsssetLimitsEqualsTo3" classname="com.dotcms.publisher.business.PublishAuditAPITest" time="1.185"/>
  <testcase name="test_getBundleIdByStatusFilterByOwner_StatusFailAllTypes_OwnerNewUser" classname="com.dotcms.publisher.business.PublishAuditAPITest" time="0.79"/>
  <testcase name="test_getBundleIdByStatus_StatusSuccess" classname="com.dotcms.publisher.business.PublishAuditAPITest" time="0.003"/>
  <system-out><![CDATA[]]></system-out>
  <system-err><![CDATA[]]></system-err>
</testsuite>
