<?xml version="1.0" encoding="UTF-8"?>
<testsuite name="com.dotcms.rendering.velocity.directive.DotParseTest" tests="1" skipped="0" failures="0" errors="0" timestamp="2023-06-28T19:26:01" hostname="fv-az440-364" time="1.485">
  <properties/>
  <testcase name="Test_DotParse_UsingABinaryField_success" classname="com.dotcms.rendering.velocity.directive.DotParseTest" time="1.485"/>
  <system-out><![CDATA[]]></system-out>
  <system-err><![CDATA[]]></system-err>
</testsuite>
