<?xml version="1.0" encoding="UTF-8"?>
<testsuite name="com.dotcms.publishing.PublisherAPIImplTest" tests="24" skipped="0" failures="12" errors="0" timestamp="2023-07-12T19:09:41" hostname="fv-az1241-832" time="5.491">
  <properties/>
  <testcase name="AddAllCategoryIntoBundle" classname="com.dotcms.publishing.PublisherAPIImplTest" time="0.176"/>
  <testcase name="testFilterDescriptors" classname="com.dotcms.publishing.PublisherAPIImplTest" time="0.088"/>
  <testcase name="sendPushPublishBundle[0: com.dotcms.publishing.PublisherAPIImplTest$TestAsset@17ee7387]" classname="com.dotcms.publishing.PublisherAPIImplTest" time="1.499">
    <failure message="org.junit.ComparisonFailure: Fail for ImmutableSimpleContentType:&#10;Asset -&gt; SimpleContentType{name=testName1689188366535, id=90229160ae712c66a236467390c814a3, description=testDescription1689188366535, defaultType=false, fixed=false, iDate=Wed Jul 12 18:59:26 UTC 2023, system=false, versionable=true, multilingualable=false, variable=testVarname1689188366535, owner=system, modDate=Wed Jul 12 18:59:27 UTC 2023, host=52e167071dddda8f747bf27ea23c6a9b, siteName=test1689188365459.dotcms.com, icon=event_note, sortOrder=0, folder=SYSTEM_FOLDER, folderPath=/, requiredFields=[], markedForDeletion=false} &#10;difference -&gt; defaultType&quot;:false,&quot;description&quot;:&quot;testDescription1689188366535&quot;,&quot;detailPage&quot;:null,&quot;expireDateVar&quot;:null,&quot;fixed&quot;:false,&quot;folder&quot;:&quot;SYSTEM_FOLDER&quot;,&quot;folderPath&quot;:&quot;/&quot;,&quot;host&quot;:&quot;52e167071dddda8f747bf27ea23c6a9b&quot;,&quot;iDate&quot;:1689188366535,&quot;icon&quot;:&quot;event_note&quot;,&quot;id&quot;:&quot;90229160ae712c66a236467390c814a3&quot;,&quot;modDate&quot;:1689188367000,&quot;multilingualable&quot;:false,&quot;name&quot;:&quot;testName1689188366535&quot;,&quot;System Workflow&quot;]}&#10;expected -&gt; {&quot;contentType&quot;:{&quot;clazz&quot;:&quot;com.dotcms.contenttype.model.type.ImmutableSimpleContentType&quot;,&quot;name&quot;:&quot;testName1689188366535&quot;,&quot;id&quot;:&quot;90229160ae712c66a236467390c814a3&quot;,&quot;description&quot;:&quot;testDescription1689188366535&quot;,&quot;defaultType&quot;:false,&quot;detailPage&quot;:null,&quot;fixed&quot;:false,&quot;iDate&quot;:1689188366535,&quot;system&quot;:false,&quot;versionable&quot;:true,&quot;multilingualable&quot;:false,&quot;variable&quot;:&quot;testVarname1689188366535&quot;,&quot;urlMapPattern&quot;:null,&quot;publishDateVar&quot;:null,&quot;expireDateVar&quot;:null,&quot;systemActionMappings&quot;:[]}&#10;real -&gt; {&quot;contentType&quot;:{&quot;clazz&quot;:&quot;com.dotcms.contenttype.model.type.ImmutableSimpleContentType&quot;,&quot;defaultType&quot;:false,&quot;description&quot;:&quot;testDescription1689188366535&quot;,&quot;detailPage&quot;:null,&quot;expireDateVar&quot;:null,&quot;fixed&quot;:false,&quot;folder&quot;:&quot;SYSTEM_FOLDER&quot;,&quot;folderPath&quot;:&quot;/&quot;,&quot;host&quot;:&quot;52e167071dddda8f747bf27ea23c6a9b&quot;,&quot;iDate&quot;:1689188366535,&quot;icon&quot;:&quot;event_note&quot;,&quot;id&quot;:&quot;90229160ae712c66a236467390c814a3&quot;,&quot;modDate&quot;:1689188367000,&quot;multilingualable&quot;:false,&quot;name&quot;:&quot;testName1689188366535&quot;,&quot;System Workflow&quot;]}&#10; expected:&lt;...SimpleContentType&quot;,&quot;[name&quot;:&quot;testName1689188366535&quot;,&quot;id&quot;:&quot;90229160ae712c66a236467390c814a3&quot;,&quot;description&quot;:&quot;testDescription1689188366535&quot;,&quot;defaultType&quot;:false,&quot;detailPage&quot;:null,&quot;fixed&quot;:false,&quot;iDate&quot;:1689188366535,&quot;system&quot;:false,&quot;versionable&quot;:true,&quot;multilingualable&quot;:false,&quot;variable&quot;:&quot;testVarname1689188366535&quot;,&quot;urlMapPattern&quot;:null,&quot;publishDateVar&quot;:null,&quot;expireDateVar&quot;:null,&quot;systemActionMappings&quot;:[]]}&gt; but was:&lt;...SimpleContentType&quot;,&quot;[defaultType&quot;:false,&quot;description&quot;:&quot;testDescription1689188366535&quot;,&quot;detailPage&quot;:null,&quot;expireDateVar&quot;:null,&quot;fixed&quot;:false,&quot;folder&quot;:&quot;SYSTEM_FOLDER&quot;,&quot;folderPath&quot;:&quot;/&quot;,&quot;host&quot;:&quot;52e167071dddda8f747bf27ea23c6a9b&quot;,&quot;iDate&quot;:1689188366535,&quot;icon&quot;:&quot;event_note&quot;,&quot;id&quot;:&quot;90229160ae712c66a236467390c814a3&quot;,&quot;modDate&quot;:1689188367000,&quot;multilingualable&quot;:false,&quot;name&quot;:&quot;testName1689188366535&quot;,&quot;System Workflow&quot;]]}&gt;" type="org.junit.ComparisonFailure">org.junit.ComparisonFailure: Fail for ImmutableSimpleContentType:
Asset -&gt; SimpleContentType{name=testName1689188366535, id=90229160ae712c66a236467390c814a3, description=testDescription1689188366535, defaultType=false, fixed=false, iDate=Wed Jul 12 18:59:26 UTC 2023, system=false, versionable=true, multilingualable=false, variable=testVarname1689188366535, owner=system, modDate=Wed Jul 12 18:59:27 UTC 2023, host=52e167071dddda8f747bf27ea23c6a9b, siteName=test1689188365459.dotcms.com, icon=event_note, sortOrder=0, folder=SYSTEM_FOLDER, folderPath=/, requiredFields=[], markedForDeletion=false} 
difference -&gt; defaultType&quot;:false,&quot;description&quot;:&quot;testDescription1689188366535&quot;,&quot;detailPage&quot;:null,&quot;expireDateVar&quot;:null,&quot;fixed&quot;:false,&quot;folder&quot;:&quot;SYSTEM_FOLDER&quot;,&quot;folderPath&quot;:&quot;/&quot;,&quot;host&quot;:&quot;52e167071dddda8f747bf27ea23c6a9b&quot;,&quot;iDate&quot;:1689188366535,&quot;icon&quot;:&quot;event_note&quot;,&quot;id&quot;:&quot;90229160ae712c66a236467390c814a3&quot;,&quot;modDate&quot;:1689188367000,&quot;multilingualable&quot;:false,&quot;name&quot;:&quot;testName1689188366535&quot;,&quot;System Workflow&quot;]}
expected -&gt; {&quot;contentType&quot;:{&quot;clazz&quot;:&quot;com.dotcms.contenttype.model.type.ImmutableSimpleContentType&quot;,&quot;name&quot;:&quot;testName1689188366535&quot;,&quot;id&quot;:&quot;90229160ae712c66a236467390c814a3&quot;,&quot;description&quot;:&quot;testDescription1689188366535&quot;,&quot;defaultType&quot;:false,&quot;detailPage&quot;:null,&quot;fixed&quot;:false,&quot;iDate&quot;:1689188366535,&quot;system&quot;:false,&quot;versionable&quot;:true,&quot;multilingualable&quot;:false,&quot;variable&quot;:&quot;testVarname1689188366535&quot;,&quot;urlMapPattern&quot;:null,&quot;publishDateVar&quot;:null,&quot;expireDateVar&quot;:null,&quot;systemActionMappings&quot;:[]}
real -&gt; {&quot;contentType&quot;:{&quot;clazz&quot;:&quot;com.dotcms.contenttype.model.type.ImmutableSimpleContentType&quot;,&quot;defaultType&quot;:false,&quot;description&quot;:&quot;testDescription1689188366535&quot;,&quot;detailPage&quot;:null,&quot;expireDateVar&quot;:null,&quot;fixed&quot;:false,&quot;folder&quot;:&quot;SYSTEM_FOLDER&quot;,&quot;folderPath&quot;:&quot;/&quot;,&quot;host&quot;:&quot;52e167071dddda8f747bf27ea23c6a9b&quot;,&quot;iDate&quot;:1689188366535,&quot;icon&quot;:&quot;event_note&quot;,&quot;id&quot;:&quot;90229160ae712c66a236467390c814a3&quot;,&quot;modDate&quot;:1689188367000,&quot;multilingualable&quot;:false,&quot;name&quot;:&quot;testName1689188366535&quot;,&quot;System Workflow&quot;]}
 expected:&lt;...SimpleContentType&quot;,&quot;[name&quot;:&quot;testName1689188366535&quot;,&quot;id&quot;:&quot;90229160ae712c66a236467390c814a3&quot;,&quot;description&quot;:&quot;testDescription1689188366535&quot;,&quot;defaultType&quot;:false,&quot;detailPage&quot;:null,&quot;fixed&quot;:false,&quot;iDate&quot;:1689188366535,&quot;system&quot;:false,&quot;versionable&quot;:true,&quot;multilingualable&quot;:false,&quot;variable&quot;:&quot;testVarname1689188366535&quot;,&quot;urlMapPattern&quot;:null,&quot;publishDateVar&quot;:null,&quot;expireDateVar&quot;:null,&quot;systemActionMappings&quot;:[]]}&gt; but was:&lt;...SimpleContentType&quot;,&quot;[defaultType&quot;:false,&quot;description&quot;:&quot;testDescription1689188366535&quot;,&quot;detailPage&quot;:null,&quot;expireDateVar&quot;:null,&quot;fixed&quot;:false,&quot;folder&quot;:&quot;SYSTEM_FOLDER&quot;,&quot;folderPath&quot;:&quot;/&quot;,&quot;host&quot;:&quot;52e167071dddda8f747bf27ea23c6a9b&quot;,&quot;iDate&quot;:1689188366535,&quot;icon&quot;:&quot;event_note&quot;,&quot;id&quot;:&quot;90229160ae712c66a236467390c814a3&quot;,&quot;modDate&quot;:1689188367000,&quot;multilingualable&quot;:false,&quot;name&quot;:&quot;testName1689188366535&quot;,&quot;System Workflow&quot;]]}&gt;
	at org.junit.Assert.assertEquals(Assert.java:117)
	at com.dotcms.test.util.FileTestUtil.assertBundleFile(FileTestUtil.java:265)
	at com.dotcms.test.util.FileTestUtil.assertBundleFile(FileTestUtil.java:196)
	at com.dotcms.publishing.PublisherAPIImplTest.assertBundle(PublisherAPIImplTest.java:779)
	at com.dotcms.publishing.PublisherAPIImplTest.sendPushPublishBundle(PublisherAPIImplTest.java:721)
	at java.base/jdk.internal.reflect.NativeMethodAccessorImpl.invoke0(Native Method)
	at java.base/jdk.internal.reflect.NativeMethodAccessorImpl.invoke(NativeMethodAccessorImpl.java:62)
	at java.base/jdk.internal.reflect.DelegatingMethodAccessorImpl.invoke(DelegatingMethodAccessorImpl.java:43)
	at java.base/java.lang.reflect.Method.invoke(Method.java:566)
	at org.junit.runners.model.FrameworkMethod$1.runReflectiveCall(FrameworkMethod.java:59)
	at org.junit.internal.runners.model.ReflectiveCallable.run(ReflectiveCallable.java:12)
	at org.junit.runners.model.FrameworkMethod.invokeExplosively(FrameworkMethod.java:56)
	at com.tngtech.java.junit.dataprovider.DataProviderFrameworkMethod.invokeExplosively(DataProviderFrameworkMethod.java:119)
	at org.junit.internal.runners.statements.InvokeMethod.evaluate(InvokeMethod.java:17)
	at org.junit.runners.ParentRunner$3.evaluate(ParentRunner.java:306)
	at org.junit.rules.TestWatcher$1.evaluate(TestWatcher.java:61)
	at org.junit.rules.RunRules.evaluate(RunRules.java:20)
	at org.junit.runners.ParentRunner.runLeaf(ParentRunner.java:366)
	at com.dotcms.junit.CustomDataProviderRunner.runChild(CustomDataProviderRunner.java:41)
	at com.dotcms.junit.CustomDataProviderRunner.runChild(CustomDataProviderRunner.java:26)
	at org.junit.runners.ParentRunner$4.run(ParentRunner.java:331)
	at org.junit.runners.ParentRunner$1.schedule(ParentRunner.java:79)
	at org.junit.runners.ParentRunner.runChildren(ParentRunner.java:329)
	at org.junit.runners.ParentRunner.access$100(ParentRunner.java:66)
	at org.junit.runners.ParentRunner$2.evaluate(ParentRunner.java:293)
	at org.junit.runners.ParentRunner$3.evaluate(ParentRunner.java:306)
	at org.junit.runners.ParentRunner.run(ParentRunner.java:413)
	at com.dotcms.junit.MainBaseSuite$DotRunner.run(MainBaseSuite.java:71)
	at org.junit.runners.Suite.runChild(Suite.java:128)
	at org.junit.runners.Suite.runChild(Suite.java:27)
	at org.junit.runners.ParentRunner$4.run(ParentRunner.java:331)
	at org.junit.runners.ParentRunner$1.schedule(ParentRunner.java:79)
	at org.junit.runners.ParentRunner.runChildren(ParentRunner.java:329)
	at org.junit.runners.ParentRunner.access$100(ParentRunner.java:66)
	at org.junit.runners.ParentRunner$2.evaluate(ParentRunner.java:293)
	at org.junit.runners.ParentRunner$3.evaluate(ParentRunner.java:306)
	at org.junit.runners.ParentRunner.run(ParentRunner.java:413)
	at org.gradle.api.internal.tasks.testing.junit.JUnitTestClassExecutor.runTestClass(JUnitTestClassExecutor.java:110)
	at org.gradle.api.internal.tasks.testing.junit.JUnitTestClassExecutor.execute(JUnitTestClassExecutor.java:58)
	at org.gradle.api.internal.tasks.testing.junit.JUnitTestClassExecutor.execute(JUnitTestClassExecutor.java:38)
	at org.gradle.api.internal.tasks.testing.junit.AbstractJUnitTestClassProcessor.processTestClass(AbstractJUnitTestClassProcessor.java:62)
	at org.gradle.api.internal.tasks.testing.SuiteTestClassProcessor.processTestClass(SuiteTestClassProcessor.java:51)
	at java.base/jdk.internal.reflect.NativeMethodAccessorImpl.invoke0(Native Method)
	at java.base/jdk.internal.reflect.NativeMethodAccessorImpl.invoke(NativeMethodAccessorImpl.java:62)
	at java.base/jdk.internal.reflect.DelegatingMethodAccessorImpl.invoke(DelegatingMethodAccessorImpl.java:43)
	at java.base/java.lang.reflect.Method.invoke(Method.java:566)
	at org.gradle.internal.dispatch.ReflectionDispatch.dispatch(ReflectionDispatch.java:36)
	at org.gradle.internal.dispatch.ReflectionDispatch.dispatch(ReflectionDispatch.java:24)
	at org.gradle.internal.dispatch.ContextClassLoaderDispatch.dispatch(ContextClassLoaderDispatch.java:33)
	at org.gradle.internal.dispatch.ProxyDispatchAdapter$DispatchingInvocationHandler.invoke(ProxyDispatchAdapter.java:94)
	at com.sun.proxy.$Proxy5.processTestClass(Unknown Source)
	at org.gradle.api.internal.tasks.testing.worker.TestWorker$2.run(TestWorker.java:176)
	at org.gradle.api.internal.tasks.testing.worker.TestWorker.executeAndMaintainThreadName(TestWorker.java:129)
	at org.gradle.api.internal.tasks.testing.worker.TestWorker.execute(TestWorker.java:100)
	at org.gradle.api.internal.tasks.testing.worker.TestWorker.execute(TestWorker.java:60)
	at org.gradle.process.internal.worker.child.ActionExecutionWorker.execute(ActionExecutionWorker.java:56)
	at org.gradle.process.internal.worker.child.SystemApplicationClassLoaderWorker.call(SystemApplicationClassLoaderWorker.java:133)
	at org.gradle.process.internal.worker.child.SystemApplicationClassLoaderWorker.call(SystemApplicationClassLoaderWorker.java:71)
	at worker.org.gradle.process.internal.worker.GradleWorkerMain.run(GradleWorkerMain.java:69)
	at worker.org.gradle.process.internal.worker.GradleWorkerMain.main(GradleWorkerMain.java:74)
</failure>
  </testcase>
  <testcase name="sendPushPublishBundle[1: com.dotcms.publishing.PublisherAPIImplTest$TestAsset@6144565f]" classname="com.dotcms.publishing.PublisherAPIImplTest" time="0.358">
    <failure message="org.junit.ComparisonFailure: Fail for ImmutableSimpleContentType:&#10;Asset -&gt; SimpleContentType{name=testName1689188367690, id=c37c58c9415fc089bfbb0c4980ab95ab, description=testDescription1689188367690, defaultType=false, fixed=false, iDate=Wed Jul 12 18:59:27 UTC 2023, system=false, versionable=true, multilingualable=false, variable=testVarname1689188367690, owner=system, modDate=Wed Jul 12 18:59:28 UTC 2023, host=bd510b46862f6080706e42254b187400, siteName=test1689188366678.dotcms.com, icon=event_note, sortOrder=0, folder=SYSTEM_FOLDER, folderPath=/, requiredFields=[], markedForDeletion=false} &#10;difference -&gt; defaultType&quot;:false,&quot;description&quot;:&quot;testDescription1689188367690&quot;,&quot;detailPage&quot;:null,&quot;expireDateVar&quot;:null,&quot;fixed&quot;:false,&quot;folder&quot;:&quot;SYSTEM_FOLDER&quot;,&quot;folderPath&quot;:&quot;/&quot;,&quot;host&quot;:&quot;bd510b46862f6080706e42254b187400&quot;,&quot;iDate&quot;:1689188367690,&quot;icon&quot;:&quot;event_note&quot;,&quot;id&quot;:&quot;c37c58c9415fc089bfbb0c4980ab95ab&quot;,&quot;modDate&quot;:1689188368000,&quot;multilingualable&quot;:false,&quot;name&quot;:&quot;testName1689188367690&quot;,&quot;workflowSchemaNames&quot;:[&quot;System Workflow&quot;]}&#10;expected -&gt; {&quot;contentType&quot;:{&quot;clazz&quot;:&quot;com.dotcms.contenttype.model.type.ImmutableSimpleContentType&quot;,&quot;name&quot;:&quot;testName1689188367690&quot;,&quot;id&quot;:&quot;c37c58c9415fc089bfbb0c4980ab95ab&quot;,&quot;description&quot;:&quot;testDescription1689188367690&quot;,&quot;defaultType&quot;:false,&quot;detailPage&quot;:null,&quot;fixed&quot;:false,&quot;iDate&quot;:1689188367690,&quot;system&quot;:false,&quot;versionable&quot;:true,&quot;multilingualable&quot;:false,&quot;variable&quot;:&quot;testVarname1689188367690&quot;,&quot;urlMapPattern&quot;:null,&quot;publishDateVar&quot;:null,&quot;expireDateVar&quot;:null,&quot;systemActionMappings&quot;:[]}&#10;real -&gt; {&quot;contentType&quot;:{&quot;clazz&quot;:&quot;com.dotcms.contenttype.model.type.ImmutableSimpleContentType&quot;,&quot;defaultType&quot;:false,&quot;description&quot;:&quot;testDescription1689188367690&quot;,&quot;detailPage&quot;:null,&quot;expireDateVar&quot;:null,&quot;fixed&quot;:false,&quot;folder&quot;:&quot;SYSTEM_FOLDER&quot;,&quot;folderPath&quot;:&quot;/&quot;,&quot;host&quot;:&quot;bd510b46862f6080706e42254b187400&quot;,&quot;iDate&quot;:1689188367690,&quot;icon&quot;:&quot;event_note&quot;,&quot;id&quot;:&quot;c37c58c9415fc089bfbb0c4980ab95ab&quot;,&quot;modDate&quot;:1689188368000,&quot;multilingualable&quot;:false,&quot;name&quot;:&quot;testName1689188367690&quot;,&quot;workflowSchemaNames&quot;:[&quot;System Workflow&quot;]}&#10; expected:&lt;...SimpleContentType&quot;,&quot;[name&quot;:&quot;testName1689188367690&quot;,&quot;id&quot;:&quot;c37c58c9415fc089bfbb0c4980ab95ab&quot;,&quot;description&quot;:&quot;testDescription1689188367690&quot;,&quot;defaultType&quot;:false,&quot;detailPage&quot;:null,&quot;fixed&quot;:false,&quot;iDate&quot;:1689188367690,&quot;system&quot;:false,&quot;versionable&quot;:true,&quot;multilingualable&quot;:false,&quot;variable&quot;:&quot;testVarname1689188367690&quot;,&quot;urlMapPattern&quot;:null,&quot;publishDateVar&quot;:null,&quot;expireDateVar&quot;:null,&quot;systemActionMappings&quot;:[]]}&gt; but was:&lt;...SimpleContentType&quot;,&quot;[defaultType&quot;:false,&quot;description&quot;:&quot;testDescription1689188367690&quot;,&quot;detailPage&quot;:null,&quot;expireDateVar&quot;:null,&quot;fixed&quot;:false,&quot;folder&quot;:&quot;SYSTEM_FOLDER&quot;,&quot;folderPath&quot;:&quot;/&quot;,&quot;host&quot;:&quot;bd510b46862f6080706e42254b187400&quot;,&quot;iDate&quot;:1689188367690,&quot;icon&quot;:&quot;event_note&quot;,&quot;id&quot;:&quot;c37c58c9415fc089bfbb0c4980ab95ab&quot;,&quot;modDate&quot;:1689188368000,&quot;multilingualable&quot;:false,&quot;name&quot;:&quot;testName1689188367690&quot;,&quot;workflowSchemaNames&quot;:[&quot;System Workflow&quot;]]}&gt;" type="org.junit.ComparisonFailure">org.junit.ComparisonFailure: Fail for ImmutableSimpleContentType:
Asset -&gt; SimpleContentType{name=testName1689188367690, id=c37c58c9415fc089bfbb0c4980ab95ab, description=testDescription1689188367690, defaultType=false, fixed=false, iDate=Wed Jul 12 18:59:27 UTC 2023, system=false, versionable=true, multilingualable=false, variable=testVarname1689188367690, owner=system, modDate=Wed Jul 12 18:59:28 UTC 2023, host=bd510b46862f6080706e42254b187400, siteName=test1689188366678.dotcms.com, icon=event_note, sortOrder=0, folder=SYSTEM_FOLDER, folderPath=/, requiredFields=[], markedForDeletion=false} 
difference -&gt; defaultType&quot;:false,&quot;description&quot;:&quot;testDescription1689188367690&quot;,&quot;detailPage&quot;:null,&quot;expireDateVar&quot;:null,&quot;fixed&quot;:false,&quot;folder&quot;:&quot;SYSTEM_FOLDER&quot;,&quot;folderPath&quot;:&quot;/&quot;,&quot;host&quot;:&quot;bd510b46862f6080706e42254b187400&quot;,&quot;iDate&quot;:1689188367690,&quot;icon&quot;:&quot;event_note&quot;,&quot;id&quot;:&quot;c37c58c9415fc089bfbb0c4980ab95ab&quot;,&quot;modDate&quot;:1689188368000,&quot;multilingualable&quot;:false,&quot;name&quot;:&quot;testName1689188367690&quot;,&quot;workflowSchemaNames&quot;:[&quot;System Workflow&quot;]}
expected -&gt; {&quot;contentType&quot;:{&quot;clazz&quot;:&quot;com.dotcms.contenttype.model.type.ImmutableSimpleContentType&quot;,&quot;name&quot;:&quot;testName1689188367690&quot;,&quot;id&quot;:&quot;c37c58c9415fc089bfbb0c4980ab95ab&quot;,&quot;description&quot;:&quot;testDescription1689188367690&quot;,&quot;defaultType&quot;:false,&quot;detailPage&quot;:null,&quot;fixed&quot;:false,&quot;iDate&quot;:1689188367690,&quot;system&quot;:false,&quot;versionable&quot;:true,&quot;multilingualable&quot;:false,&quot;variable&quot;:&quot;testVarname1689188367690&quot;,&quot;urlMapPattern&quot;:null,&quot;publishDateVar&quot;:null,&quot;expireDateVar&quot;:null,&quot;systemActionMappings&quot;:[]}
real -&gt; {&quot;contentType&quot;:{&quot;clazz&quot;:&quot;com.dotcms.contenttype.model.type.ImmutableSimpleContentType&quot;,&quot;defaultType&quot;:false,&quot;description&quot;:&quot;testDescription1689188367690&quot;,&quot;detailPage&quot;:null,&quot;expireDateVar&quot;:null,&quot;fixed&quot;:false,&quot;folder&quot;:&quot;SYSTEM_FOLDER&quot;,&quot;folderPath&quot;:&quot;/&quot;,&quot;host&quot;:&quot;bd510b46862f6080706e42254b187400&quot;,&quot;iDate&quot;:1689188367690,&quot;icon&quot;:&quot;event_note&quot;,&quot;id&quot;:&quot;c37c58c9415fc089bfbb0c4980ab95ab&quot;,&quot;modDate&quot;:1689188368000,&quot;multilingualable&quot;:false,&quot;name&quot;:&quot;testName1689188367690&quot;,&quot;workflowSchemaNames&quot;:[&quot;System Workflow&quot;]}
 expected:&lt;...SimpleContentType&quot;,&quot;[name&quot;:&quot;testName1689188367690&quot;,&quot;id&quot;:&quot;c37c58c9415fc089bfbb0c4980ab95ab&quot;,&quot;description&quot;:&quot;testDescription1689188367690&quot;,&quot;defaultType&quot;:false,&quot;detailPage&quot;:null,&quot;fixed&quot;:false,&quot;iDate&quot;:1689188367690,&quot;system&quot;:false,&quot;versionable&quot;:true,&quot;multilingualable&quot;:false,&quot;variable&quot;:&quot;testVarname1689188367690&quot;,&quot;urlMapPattern&quot;:null,&quot;publishDateVar&quot;:null,&quot;expireDateVar&quot;:null,&quot;systemActionMappings&quot;:[]]}&gt; but was:&lt;...SimpleContentType&quot;,&quot;[defaultType&quot;:false,&quot;description&quot;:&quot;testDescription1689188367690&quot;,&quot;detailPage&quot;:null,&quot;expireDateVar&quot;:null,&quot;fixed&quot;:false,&quot;folder&quot;:&quot;SYSTEM_FOLDER&quot;,&quot;folderPath&quot;:&quot;/&quot;,&quot;host&quot;:&quot;bd510b46862f6080706e42254b187400&quot;,&quot;iDate&quot;:1689188367690,&quot;icon&quot;:&quot;event_note&quot;,&quot;id&quot;:&quot;c37c58c9415fc089bfbb0c4980ab95ab&quot;,&quot;modDate&quot;:1689188368000,&quot;multilingualable&quot;:false,&quot;name&quot;:&quot;testName1689188367690&quot;,&quot;workflowSchemaNames&quot;:[&quot;System Workflow&quot;]]}&gt;
	at org.junit.Assert.assertEquals(Assert.java:117)
	at com.dotcms.test.util.FileTestUtil.assertBundleFile(FileTestUtil.java:265)
	at com.dotcms.test.util.FileTestUtil.assertBundleFile(FileTestUtil.java:156)
	at com.dotcms.publishing.PublisherAPIImplTest.assertBundle(PublisherAPIImplTest.java:786)
	at com.dotcms.publishing.PublisherAPIImplTest.sendPushPublishBundle(PublisherAPIImplTest.java:721)
	at java.base/jdk.internal.reflect.NativeMethodAccessorImpl.invoke0(Native Method)
	at java.base/jdk.internal.reflect.NativeMethodAccessorImpl.invoke(NativeMethodAccessorImpl.java:62)
	at java.base/jdk.internal.reflect.DelegatingMethodAccessorImpl.invoke(DelegatingMethodAccessorImpl.java:43)
	at java.base/java.lang.reflect.Method.invoke(Method.java:566)
	at org.junit.runners.model.FrameworkMethod$1.runReflectiveCall(FrameworkMethod.java:59)
	at org.junit.internal.runners.model.ReflectiveCallable.run(ReflectiveCallable.java:12)
	at org.junit.runners.model.FrameworkMethod.invokeExplosively(FrameworkMethod.java:56)
	at com.tngtech.java.junit.dataprovider.DataProviderFrameworkMethod.invokeExplosively(DataProviderFrameworkMethod.java:119)
	at org.junit.internal.runners.statements.InvokeMethod.evaluate(InvokeMethod.java:17)
	at org.junit.runners.ParentRunner$3.evaluate(ParentRunner.java:306)
	at org.junit.rules.TestWatcher$1.evaluate(TestWatcher.java:61)
	at org.junit.rules.RunRules.evaluate(RunRules.java:20)
	at org.junit.runners.ParentRunner.runLeaf(ParentRunner.java:366)
	at com.dotcms.junit.CustomDataProviderRunner.runChild(CustomDataProviderRunner.java:41)
	at com.dotcms.junit.CustomDataProviderRunner.runChild(CustomDataProviderRunner.java:26)
	at org.junit.runners.ParentRunner$4.run(ParentRunner.java:331)
	at org.junit.runners.ParentRunner$1.schedule(ParentRunner.java:79)
	at org.junit.runners.ParentRunner.runChildren(ParentRunner.java:329)
	at org.junit.runners.ParentRunner.access$100(ParentRunner.java:66)
	at org.junit.runners.ParentRunner$2.evaluate(ParentRunner.java:293)
	at org.junit.runners.ParentRunner$3.evaluate(ParentRunner.java:306)
	at org.junit.runners.ParentRunner.run(ParentRunner.java:413)
	at com.dotcms.junit.MainBaseSuite$DotRunner.run(MainBaseSuite.java:71)
	at org.junit.runners.Suite.runChild(Suite.java:128)
	at org.junit.runners.Suite.runChild(Suite.java:27)
	at org.junit.runners.ParentRunner$4.run(ParentRunner.java:331)
	at org.junit.runners.ParentRunner$1.schedule(ParentRunner.java:79)
	at org.junit.runners.ParentRunner.runChildren(ParentRunner.java:329)
	at org.junit.runners.ParentRunner.access$100(ParentRunner.java:66)
	at org.junit.runners.ParentRunner$2.evaluate(ParentRunner.java:293)
	at org.junit.runners.ParentRunner$3.evaluate(ParentRunner.java:306)
	at org.junit.runners.ParentRunner.run(ParentRunner.java:413)
	at org.gradle.api.internal.tasks.testing.junit.JUnitTestClassExecutor.runTestClass(JUnitTestClassExecutor.java:110)
	at org.gradle.api.internal.tasks.testing.junit.JUnitTestClassExecutor.execute(JUnitTestClassExecutor.java:58)
	at org.gradle.api.internal.tasks.testing.junit.JUnitTestClassExecutor.execute(JUnitTestClassExecutor.java:38)
	at org.gradle.api.internal.tasks.testing.junit.AbstractJUnitTestClassProcessor.processTestClass(AbstractJUnitTestClassProcessor.java:62)
	at org.gradle.api.internal.tasks.testing.SuiteTestClassProcessor.processTestClass(SuiteTestClassProcessor.java:51)
	at java.base/jdk.internal.reflect.NativeMethodAccessorImpl.invoke0(Native Method)
	at java.base/jdk.internal.reflect.NativeMethodAccessorImpl.invoke(NativeMethodAccessorImpl.java:62)
	at java.base/jdk.internal.reflect.DelegatingMethodAccessorImpl.invoke(DelegatingMethodAccessorImpl.java:43)
	at java.base/java.lang.reflect.Method.invoke(Method.java:566)
	at org.gradle.internal.dispatch.ReflectionDispatch.dispatch(ReflectionDispatch.java:36)
	at org.gradle.internal.dispatch.ReflectionDispatch.dispatch(ReflectionDispatch.java:24)
	at org.gradle.internal.dispatch.ContextClassLoaderDispatch.dispatch(ContextClassLoaderDispatch.java:33)
	at org.gradle.internal.dispatch.ProxyDispatchAdapter$DispatchingInvocationHandler.invoke(ProxyDispatchAdapter.java:94)
	at com.sun.proxy.$Proxy5.processTestClass(Unknown Source)
	at org.gradle.api.internal.tasks.testing.worker.TestWorker$2.run(TestWorker.java:176)
	at org.gradle.api.internal.tasks.testing.worker.TestWorker.executeAndMaintainThreadName(TestWorker.java:129)
	at org.gradle.api.internal.tasks.testing.worker.TestWorker.execute(TestWorker.java:100)
	at org.gradle.api.internal.tasks.testing.worker.TestWorker.execute(TestWorker.java:60)
	at org.gradle.process.internal.worker.child.ActionExecutionWorker.execute(ActionExecutionWorker.java:56)
	at org.gradle.process.internal.worker.child.SystemApplicationClassLoaderWorker.call(SystemApplicationClassLoaderWorker.java:133)
	at org.gradle.process.internal.worker.child.SystemApplicationClassLoaderWorker.call(SystemApplicationClassLoaderWorker.java:71)
	at worker.org.gradle.process.internal.worker.GradleWorkerMain.run(GradleWorkerMain.java:69)
	at worker.org.gradle.process.internal.worker.GradleWorkerMain.main(GradleWorkerMain.java:74)
</failure>
  </testcase>
  <testcase name="sendPushPublishBundle[2: com.dotcms.publishing.PublisherAPIImplTest$TestAsset@1555a77a]" classname="com.dotcms.publishing.PublisherAPIImplTest" time="0.264">
    <failure message="org.junit.ComparisonFailure: Fail for ImmutableSimpleContentType:&#10;Asset -&gt; SimpleContentType{name=testName1689188368744, id=4f3b43f84308b3812bfcc11dff8ffe09, description=testDescription1689188368744, defaultType=false, fixed=false, iDate=Wed Jul 12 18:59:28 UTC 2023, system=false, versionable=true, multilingualable=false, variable=testVarname1689188368744, owner=system, modDate=Wed Jul 12 18:59:29 UTC 2023, host=4064ebcb7842612e43ee36389fb37748, siteName=test1689188367752.dotcms.com, icon=event_note, sortOrder=0, folder=SYSTEM_FOLDER, folderPath=/, requiredFields=[], markedForDeletion=false} &#10;difference -&gt; defaultType&quot;:false,&quot;description&quot;:&quot;testDescription1689188368744&quot;,&quot;detailPage&quot;:null,&quot;expireDateVar&quot;:null,&quot;fixed&quot;:false,&quot;folder&quot;:&quot;SYSTEM_FOLDER&quot;,&quot;folderPath&quot;:&quot;/&quot;,&quot;host&quot;:&quot;4064ebcb7842612e43ee36389fb37748&quot;,&quot;iDate&quot;:1689188368744,&quot;icon&quot;:&quot;event_note&quot;,&quot;id&quot;:&quot;4f3b43f84308b3812bfcc11dff8ffe09&quot;,&quot;modDate&quot;:1689188369000,&quot;multilingualable&quot;:false,&quot;name&quot;:&quot;testName1689188368744&quot;,&quot;workflowSchemaNames&quot;:[&quot;System Workflow&quot;]}&#10;expected -&gt; {&quot;contentType&quot;:{&quot;clazz&quot;:&quot;com.dotcms.contenttype.model.type.ImmutableSimpleContentType&quot;,&quot;name&quot;:&quot;testName1689188368744&quot;,&quot;id&quot;:&quot;4f3b43f84308b3812bfcc11dff8ffe09&quot;,&quot;description&quot;:&quot;testDescription1689188368744&quot;,&quot;defaultType&quot;:false,&quot;detailPage&quot;:null,&quot;fixed&quot;:false,&quot;iDate&quot;:1689188368744,&quot;system&quot;:false,&quot;versionable&quot;:true,&quot;multilingualable&quot;:false,&quot;variable&quot;:&quot;testVarname1689188368744&quot;,&quot;urlMapPattern&quot;:null,&quot;publishDateVar&quot;:null,&quot;expireDateVar&quot;:null,&quot;systemActionMappings&quot;:[]}&#10;real -&gt; {&quot;contentType&quot;:{&quot;clazz&quot;:&quot;com.dotcms.contenttype.model.type.ImmutableSimpleContentType&quot;,&quot;defaultType&quot;:false,&quot;description&quot;:&quot;testDescription1689188368744&quot;,&quot;detailPage&quot;:null,&quot;expireDateVar&quot;:null,&quot;fixed&quot;:false,&quot;folder&quot;:&quot;SYSTEM_FOLDER&quot;,&quot;folderPath&quot;:&quot;/&quot;,&quot;host&quot;:&quot;4064ebcb7842612e43ee36389fb37748&quot;,&quot;iDate&quot;:1689188368744,&quot;icon&quot;:&quot;event_note&quot;,&quot;id&quot;:&quot;4f3b43f84308b3812bfcc11dff8ffe09&quot;,&quot;modDate&quot;:1689188369000,&quot;multilingualable&quot;:false,&quot;name&quot;:&quot;testName1689188368744&quot;,&quot;workflowSchemaNames&quot;:[&quot;System Workflow&quot;]}&#10; expected:&lt;...SimpleContentType&quot;,&quot;[name&quot;:&quot;testName1689188368744&quot;,&quot;id&quot;:&quot;4f3b43f84308b3812bfcc11dff8ffe09&quot;,&quot;description&quot;:&quot;testDescription1689188368744&quot;,&quot;defaultType&quot;:false,&quot;detailPage&quot;:null,&quot;fixed&quot;:false,&quot;iDate&quot;:1689188368744,&quot;system&quot;:false,&quot;versionable&quot;:true,&quot;multilingualable&quot;:false,&quot;variable&quot;:&quot;testVarname1689188368744&quot;,&quot;urlMapPattern&quot;:null,&quot;publishDateVar&quot;:null,&quot;expireDateVar&quot;:null,&quot;systemActionMappings&quot;:[]]}&gt; but was:&lt;...SimpleContentType&quot;,&quot;[defaultType&quot;:false,&quot;description&quot;:&quot;testDescription1689188368744&quot;,&quot;detailPage&quot;:null,&quot;expireDateVar&quot;:null,&quot;fixed&quot;:false,&quot;folder&quot;:&quot;SYSTEM_FOLDER&quot;,&quot;folderPath&quot;:&quot;/&quot;,&quot;host&quot;:&quot;4064ebcb7842612e43ee36389fb37748&quot;,&quot;iDate&quot;:1689188368744,&quot;icon&quot;:&quot;event_note&quot;,&quot;id&quot;:&quot;4f3b43f84308b3812bfcc11dff8ffe09&quot;,&quot;modDate&quot;:1689188369000,&quot;multilingualable&quot;:false,&quot;name&quot;:&quot;testName1689188368744&quot;,&quot;workflowSchemaNames&quot;:[&quot;System Workflow&quot;]]}&gt;" type="org.junit.ComparisonFailure">org.junit.ComparisonFailure: Fail for ImmutableSimpleContentType:
Asset -&gt; SimpleContentType{name=testName1689188368744, id=4f3b43f84308b3812bfcc11dff8ffe09, description=testDescription1689188368744, defaultType=false, fixed=false, iDate=Wed Jul 12 18:59:28 UTC 2023, system=false, versionable=true, multilingualable=false, variable=testVarname1689188368744, owner=system, modDate=Wed Jul 12 18:59:29 UTC 2023, host=4064ebcb7842612e43ee36389fb37748, siteName=test1689188367752.dotcms.com, icon=event_note, sortOrder=0, folder=SYSTEM_FOLDER, folderPath=/, requiredFields=[], markedForDeletion=false} 
difference -&gt; defaultType&quot;:false,&quot;description&quot;:&quot;testDescription1689188368744&quot;,&quot;detailPage&quot;:null,&quot;expireDateVar&quot;:null,&quot;fixed&quot;:false,&quot;folder&quot;:&quot;SYSTEM_FOLDER&quot;,&quot;folderPath&quot;:&quot;/&quot;,&quot;host&quot;:&quot;4064ebcb7842612e43ee36389fb37748&quot;,&quot;iDate&quot;:1689188368744,&quot;icon&quot;:&quot;event_note&quot;,&quot;id&quot;:&quot;4f3b43f84308b3812bfcc11dff8ffe09&quot;,&quot;modDate&quot;:1689188369000,&quot;multilingualable&quot;:false,&quot;name&quot;:&quot;testName1689188368744&quot;,&quot;workflowSchemaNames&quot;:[&quot;System Workflow&quot;]}
expected -&gt; {&quot;contentType&quot;:{&quot;clazz&quot;:&quot;com.dotcms.contenttype.model.type.ImmutableSimpleContentType&quot;,&quot;name&quot;:&quot;testName1689188368744&quot;,&quot;id&quot;:&quot;4f3b43f84308b3812bfcc11dff8ffe09&quot;,&quot;description&quot;:&quot;testDescription1689188368744&quot;,&quot;defaultType&quot;:false,&quot;detailPage&quot;:null,&quot;fixed&quot;:false,&quot;iDate&quot;:1689188368744,&quot;system&quot;:false,&quot;versionable&quot;:true,&quot;multilingualable&quot;:false,&quot;variable&quot;:&quot;testVarname1689188368744&quot;,&quot;urlMapPattern&quot;:null,&quot;publishDateVar&quot;:null,&quot;expireDateVar&quot;:null,&quot;systemActionMappings&quot;:[]}
real -&gt; {&quot;contentType&quot;:{&quot;clazz&quot;:&quot;com.dotcms.contenttype.model.type.ImmutableSimpleContentType&quot;,&quot;defaultType&quot;:false,&quot;description&quot;:&quot;testDescription1689188368744&quot;,&quot;detailPage&quot;:null,&quot;expireDateVar&quot;:null,&quot;fixed&quot;:false,&quot;folder&quot;:&quot;SYSTEM_FOLDER&quot;,&quot;folderPath&quot;:&quot;/&quot;,&quot;host&quot;:&quot;4064ebcb7842612e43ee36389fb37748&quot;,&quot;iDate&quot;:1689188368744,&quot;icon&quot;:&quot;event_note&quot;,&quot;id&quot;:&quot;4f3b43f84308b3812bfcc11dff8ffe09&quot;,&quot;modDate&quot;:1689188369000,&quot;multilingualable&quot;:false,&quot;name&quot;:&quot;testName1689188368744&quot;,&quot;workflowSchemaNames&quot;:[&quot;System Workflow&quot;]}
 expected:&lt;...SimpleContentType&quot;,&quot;[name&quot;:&quot;testName1689188368744&quot;,&quot;id&quot;:&quot;4f3b43f84308b3812bfcc11dff8ffe09&quot;,&quot;description&quot;:&quot;testDescription1689188368744&quot;,&quot;defaultType&quot;:false,&quot;detailPage&quot;:null,&quot;fixed&quot;:false,&quot;iDate&quot;:1689188368744,&quot;system&quot;:false,&quot;versionable&quot;:true,&quot;multilingualable&quot;:false,&quot;variable&quot;:&quot;testVarname1689188368744&quot;,&quot;urlMapPattern&quot;:null,&quot;publishDateVar&quot;:null,&quot;expireDateVar&quot;:null,&quot;systemActionMappings&quot;:[]]}&gt; but was:&lt;...SimpleContentType&quot;,&quot;[defaultType&quot;:false,&quot;description&quot;:&quot;testDescription1689188368744&quot;,&quot;detailPage&quot;:null,&quot;expireDateVar&quot;:null,&quot;fixed&quot;:false,&quot;folder&quot;:&quot;SYSTEM_FOLDER&quot;,&quot;folderPath&quot;:&quot;/&quot;,&quot;host&quot;:&quot;4064ebcb7842612e43ee36389fb37748&quot;,&quot;iDate&quot;:1689188368744,&quot;icon&quot;:&quot;event_note&quot;,&quot;id&quot;:&quot;4f3b43f84308b3812bfcc11dff8ffe09&quot;,&quot;modDate&quot;:1689188369000,&quot;multilingualable&quot;:false,&quot;name&quot;:&quot;testName1689188368744&quot;,&quot;workflowSchemaNames&quot;:[&quot;System Workflow&quot;]]}&gt;
	at org.junit.Assert.assertEquals(Assert.java:117)
	at com.dotcms.test.util.FileTestUtil.assertBundleFile(FileTestUtil.java:265)
	at com.dotcms.test.util.FileTestUtil.assertBundleFile(FileTestUtil.java:156)
	at com.dotcms.publishing.PublisherAPIImplTest.assertBundle(PublisherAPIImplTest.java:786)
	at com.dotcms.publishing.PublisherAPIImplTest.sendPushPublishBundle(PublisherAPIImplTest.java:721)
	at java.base/jdk.internal.reflect.NativeMethodAccessorImpl.invoke0(Native Method)
	at java.base/jdk.internal.reflect.NativeMethodAccessorImpl.invoke(NativeMethodAccessorImpl.java:62)
	at java.base/jdk.internal.reflect.DelegatingMethodAccessorImpl.invoke(DelegatingMethodAccessorImpl.java:43)
	at java.base/java.lang.reflect.Method.invoke(Method.java:566)
	at org.junit.runners.model.FrameworkMethod$1.runReflectiveCall(FrameworkMethod.java:59)
	at org.junit.internal.runners.model.ReflectiveCallable.run(ReflectiveCallable.java:12)
	at org.junit.runners.model.FrameworkMethod.invokeExplosively(FrameworkMethod.java:56)
	at com.tngtech.java.junit.dataprovider.DataProviderFrameworkMethod.invokeExplosively(DataProviderFrameworkMethod.java:119)
	at org.junit.internal.runners.statements.InvokeMethod.evaluate(InvokeMethod.java:17)
	at org.junit.runners.ParentRunner$3.evaluate(ParentRunner.java:306)
	at org.junit.rules.TestWatcher$1.evaluate(TestWatcher.java:61)
	at org.junit.rules.RunRules.evaluate(RunRules.java:20)
	at org.junit.runners.ParentRunner.runLeaf(ParentRunner.java:366)
	at com.dotcms.junit.CustomDataProviderRunner.runChild(CustomDataProviderRunner.java:41)
	at com.dotcms.junit.CustomDataProviderRunner.runChild(CustomDataProviderRunner.java:26)
	at org.junit.runners.ParentRunner$4.run(ParentRunner.java:331)
	at org.junit.runners.ParentRunner$1.schedule(ParentRunner.java:79)
	at org.junit.runners.ParentRunner.runChildren(ParentRunner.java:329)
	at org.junit.runners.ParentRunner.access$100(ParentRunner.java:66)
	at org.junit.runners.ParentRunner$2.evaluate(ParentRunner.java:293)
	at org.junit.runners.ParentRunner$3.evaluate(ParentRunner.java:306)
	at org.junit.runners.ParentRunner.run(ParentRunner.java:413)
	at com.dotcms.junit.MainBaseSuite$DotRunner.run(MainBaseSuite.java:71)
	at org.junit.runners.Suite.runChild(Suite.java:128)
	at org.junit.runners.Suite.runChild(Suite.java:27)
	at org.junit.runners.ParentRunner$4.run(ParentRunner.java:331)
	at org.junit.runners.ParentRunner$1.schedule(ParentRunner.java:79)
	at org.junit.runners.ParentRunner.runChildren(ParentRunner.java:329)
	at org.junit.runners.ParentRunner.access$100(ParentRunner.java:66)
	at org.junit.runners.ParentRunner$2.evaluate(ParentRunner.java:293)
	at org.junit.runners.ParentRunner$3.evaluate(ParentRunner.java:306)
	at org.junit.runners.ParentRunner.run(ParentRunner.java:413)
	at org.gradle.api.internal.tasks.testing.junit.JUnitTestClassExecutor.runTestClass(JUnitTestClassExecutor.java:110)
	at org.gradle.api.internal.tasks.testing.junit.JUnitTestClassExecutor.execute(JUnitTestClassExecutor.java:58)
	at org.gradle.api.internal.tasks.testing.junit.JUnitTestClassExecutor.execute(JUnitTestClassExecutor.java:38)
	at org.gradle.api.internal.tasks.testing.junit.AbstractJUnitTestClassProcessor.processTestClass(AbstractJUnitTestClassProcessor.java:62)
	at org.gradle.api.internal.tasks.testing.SuiteTestClassProcessor.processTestClass(SuiteTestClassProcessor.java:51)
	at java.base/jdk.internal.reflect.NativeMethodAccessorImpl.invoke0(Native Method)
	at java.base/jdk.internal.reflect.NativeMethodAccessorImpl.invoke(NativeMethodAccessorImpl.java:62)
	at java.base/jdk.internal.reflect.DelegatingMethodAccessorImpl.invoke(DelegatingMethodAccessorImpl.java:43)
	at java.base/java.lang.reflect.Method.invoke(Method.java:566)
	at org.gradle.internal.dispatch.ReflectionDispatch.dispatch(ReflectionDispatch.java:36)
	at org.gradle.internal.dispatch.ReflectionDispatch.dispatch(ReflectionDispatch.java:24)
	at org.gradle.internal.dispatch.ContextClassLoaderDispatch.dispatch(ContextClassLoaderDispatch.java:33)
	at org.gradle.internal.dispatch.ProxyDispatchAdapter$DispatchingInvocationHandler.invoke(ProxyDispatchAdapter.java:94)
	at com.sun.proxy.$Proxy5.processTestClass(Unknown Source)
	at org.gradle.api.internal.tasks.testing.worker.TestWorker$2.run(TestWorker.java:176)
	at org.gradle.api.internal.tasks.testing.worker.TestWorker.executeAndMaintainThreadName(TestWorker.java:129)
	at org.gradle.api.internal.tasks.testing.worker.TestWorker.execute(TestWorker.java:100)
	at org.gradle.api.internal.tasks.testing.worker.TestWorker.execute(TestWorker.java:60)
	at org.gradle.process.internal.worker.child.ActionExecutionWorker.execute(ActionExecutionWorker.java:56)
	at org.gradle.process.internal.worker.child.SystemApplicationClassLoaderWorker.call(SystemApplicationClassLoaderWorker.java:133)
	at org.gradle.process.internal.worker.child.SystemApplicationClassLoaderWorker.call(SystemApplicationClassLoaderWorker.java:71)
	at worker.org.gradle.process.internal.worker.GradleWorkerMain.run(GradleWorkerMain.java:69)
	at worker.org.gradle.process.internal.worker.GradleWorkerMain.main(GradleWorkerMain.java:74)
</failure>
  </testcase>
  <testcase name="sendPushPublishBundle[3: com.dotcms.publishing.PublisherAPIImplTest$TestAsset@74ce6eea]" classname="com.dotcms.publishing.PublisherAPIImplTest" time="0.374">
    <failure message="org.junit.ComparisonFailure: Fail for ImmutableSimpleContentType:&#10;Asset -&gt; SimpleContentType{name=testName1689188369759, id=ab02f5494e965d3795063739875fa26e, description=testDescription1689188369759, defaultType=false, fixed=false, iDate=Wed Jul 12 18:59:29 UTC 2023, system=false, versionable=true, multilingualable=false, variable=testVarname1689188369759, owner=system, modDate=Wed Jul 12 18:59:30 UTC 2023, host=43bd58af7a7fb1e4925bd6a48c6b9bf7, siteName=test1689188368771.dotcms.com, icon=event_note, sortOrder=0, folder=ef0508533bfa8afb6de3659343e1a3b8, folderPath=test1689188368771.dotcms.com:/testName1689188369746/testName1689188369755/, requiredFields=[], markedForDeletion=false} &#10;difference -&gt; defaultType&quot;:false,&quot;description&quot;:&quot;testDescription1689188369759&quot;,&quot;detailPage&quot;:null,&quot;expireDateVar&quot;:null,&quot;fixed&quot;:false,&quot;folder&quot;:&quot;ef0508533bfa8afb6de3659343e1a3b8&quot;,&quot;folderPath&quot;:&quot;test1689188368771.dotcms.com:/testName1689188369746/testName1689188369755/&quot;,&quot;host&quot;:&quot;43bd58af7a7fb1e4925bd6a48c6b9bf7&quot;,&quot;iDate&quot;:1689188369759,&quot;icon&quot;:&quot;event_note&quot;,&quot;id&quot;:&quot;ab02f5494e965d3795063739875fa26e&quot;,&quot;modDate&quot;:1689188370000,&quot;multilingualable&quot;:false,&quot;name&quot;:&quot;testName1689188369759&quot;,&quot;workflowSchemaNames&quot;:[&quot;System Workflow&quot;]}&#10;expected -&gt; {&quot;contentType&quot;:{&quot;clazz&quot;:&quot;com.dotcms.contenttype.model.type.ImmutableSimpleContentType&quot;,&quot;name&quot;:&quot;testName1689188369759&quot;,&quot;id&quot;:&quot;ab02f5494e965d3795063739875fa26e&quot;,&quot;description&quot;:&quot;testDescription1689188369759&quot;,&quot;defaultType&quot;:false,&quot;detailPage&quot;:null,&quot;fixed&quot;:false,&quot;iDate&quot;:1689188369759,&quot;system&quot;:false,&quot;versionable&quot;:true,&quot;multilingualable&quot;:false,&quot;variable&quot;:&quot;testVarname1689188369759&quot;,&quot;urlMapPattern&quot;:null,&quot;publishDateVar&quot;:null,&quot;expireDateVar&quot;:null,&quot;systemActionMappings&quot;:[]}&#10;real -&gt; {&quot;contentType&quot;:{&quot;clazz&quot;:&quot;com.dotcms.contenttype.model.type.ImmutableSimpleContentType&quot;,&quot;defaultType&quot;:false,&quot;description&quot;:&quot;testDescription1689188369759&quot;,&quot;detailPage&quot;:null,&quot;expireDateVar&quot;:null,&quot;fixed&quot;:false,&quot;folder&quot;:&quot;ef0508533bfa8afb6de3659343e1a3b8&quot;,&quot;folderPath&quot;:&quot;test1689188368771.dotcms.com:/testName1689188369746/testName1689188369755/&quot;,&quot;host&quot;:&quot;43bd58af7a7fb1e4925bd6a48c6b9bf7&quot;,&quot;iDate&quot;:1689188369759,&quot;icon&quot;:&quot;event_note&quot;,&quot;id&quot;:&quot;ab02f5494e965d3795063739875fa26e&quot;,&quot;modDate&quot;:1689188370000,&quot;multilingualable&quot;:false,&quot;name&quot;:&quot;testName1689188369759&quot;,&quot;workflowSchemaNames&quot;:[&quot;System Workflow&quot;]}&#10; expected:&lt;...SimpleContentType&quot;,&quot;[name&quot;:&quot;testName1689188369759&quot;,&quot;id&quot;:&quot;ab02f5494e965d3795063739875fa26e&quot;,&quot;description&quot;:&quot;testDescription1689188369759&quot;,&quot;defaultType&quot;:false,&quot;detailPage&quot;:null,&quot;fixed&quot;:false,&quot;iDate&quot;:1689188369759,&quot;system&quot;:false,&quot;versionable&quot;:true,&quot;multilingualable&quot;:false,&quot;variable&quot;:&quot;testVarname1689188369759&quot;,&quot;urlMapPattern&quot;:null,&quot;publishDateVar&quot;:null,&quot;expireDateVar&quot;:null,&quot;systemActionMappings&quot;:[]]}&gt; but was:&lt;...SimpleContentType&quot;,&quot;[defaultType&quot;:false,&quot;description&quot;:&quot;testDescription1689188369759&quot;,&quot;detailPage&quot;:null,&quot;expireDateVar&quot;:null,&quot;fixed&quot;:false,&quot;folder&quot;:&quot;ef0508533bfa8afb6de3659343e1a3b8&quot;,&quot;folderPath&quot;:&quot;test1689188368771.dotcms.com:/testName1689188369746/testName1689188369755/&quot;,&quot;host&quot;:&quot;43bd58af7a7fb1e4925bd6a48c6b9bf7&quot;,&quot;iDate&quot;:1689188369759,&quot;icon&quot;:&quot;event_note&quot;,&quot;id&quot;:&quot;ab02f5494e965d3795063739875fa26e&quot;,&quot;modDate&quot;:1689188370000,&quot;multilingualable&quot;:false,&quot;name&quot;:&quot;testName1689188369759&quot;,&quot;workflowSchemaNames&quot;:[&quot;System Workflow&quot;]]}&gt;" type="org.junit.ComparisonFailure">org.junit.ComparisonFailure: Fail for ImmutableSimpleContentType:
Asset -&gt; SimpleContentType{name=testName1689188369759, id=ab02f5494e965d3795063739875fa26e, description=testDescription1689188369759, defaultType=false, fixed=false, iDate=Wed Jul 12 18:59:29 UTC 2023, system=false, versionable=true, multilingualable=false, variable=testVarname1689188369759, owner=system, modDate=Wed Jul 12 18:59:30 UTC 2023, host=43bd58af7a7fb1e4925bd6a48c6b9bf7, siteName=test1689188368771.dotcms.com, icon=event_note, sortOrder=0, folder=ef0508533bfa8afb6de3659343e1a3b8, folderPath=test1689188368771.dotcms.com:/testName1689188369746/testName1689188369755/, requiredFields=[], markedForDeletion=false} 
difference -&gt; defaultType&quot;:false,&quot;description&quot;:&quot;testDescription1689188369759&quot;,&quot;detailPage&quot;:null,&quot;expireDateVar&quot;:null,&quot;fixed&quot;:false,&quot;folder&quot;:&quot;ef0508533bfa8afb6de3659343e1a3b8&quot;,&quot;folderPath&quot;:&quot;test1689188368771.dotcms.com:/testName1689188369746/testName1689188369755/&quot;,&quot;host&quot;:&quot;43bd58af7a7fb1e4925bd6a48c6b9bf7&quot;,&quot;iDate&quot;:1689188369759,&quot;icon&quot;:&quot;event_note&quot;,&quot;id&quot;:&quot;ab02f5494e965d3795063739875fa26e&quot;,&quot;modDate&quot;:1689188370000,&quot;multilingualable&quot;:false,&quot;name&quot;:&quot;testName1689188369759&quot;,&quot;workflowSchemaNames&quot;:[&quot;System Workflow&quot;]}
expected -&gt; {&quot;contentType&quot;:{&quot;clazz&quot;:&quot;com.dotcms.contenttype.model.type.ImmutableSimpleContentType&quot;,&quot;name&quot;:&quot;testName1689188369759&quot;,&quot;id&quot;:&quot;ab02f5494e965d3795063739875fa26e&quot;,&quot;description&quot;:&quot;testDescription1689188369759&quot;,&quot;defaultType&quot;:false,&quot;detailPage&quot;:null,&quot;fixed&quot;:false,&quot;iDate&quot;:1689188369759,&quot;system&quot;:false,&quot;versionable&quot;:true,&quot;multilingualable&quot;:false,&quot;variable&quot;:&quot;testVarname1689188369759&quot;,&quot;urlMapPattern&quot;:null,&quot;publishDateVar&quot;:null,&quot;expireDateVar&quot;:null,&quot;systemActionMappings&quot;:[]}
real -&gt; {&quot;contentType&quot;:{&quot;clazz&quot;:&quot;com.dotcms.contenttype.model.type.ImmutableSimpleContentType&quot;,&quot;defaultType&quot;:false,&quot;description&quot;:&quot;testDescription1689188369759&quot;,&quot;detailPage&quot;:null,&quot;expireDateVar&quot;:null,&quot;fixed&quot;:false,&quot;folder&quot;:&quot;ef0508533bfa8afb6de3659343e1a3b8&quot;,&quot;folderPath&quot;:&quot;test1689188368771.dotcms.com:/testName1689188369746/testName1689188369755/&quot;,&quot;host&quot;:&quot;43bd58af7a7fb1e4925bd6a48c6b9bf7&quot;,&quot;iDate&quot;:1689188369759,&quot;icon&quot;:&quot;event_note&quot;,&quot;id&quot;:&quot;ab02f5494e965d3795063739875fa26e&quot;,&quot;modDate&quot;:1689188370000,&quot;multilingualable&quot;:false,&quot;name&quot;:&quot;testName1689188369759&quot;,&quot;workflowSchemaNames&quot;:[&quot;System Workflow&quot;]}
 expected:&lt;...SimpleContentType&quot;,&quot;[name&quot;:&quot;testName1689188369759&quot;,&quot;id&quot;:&quot;ab02f5494e965d3795063739875fa26e&quot;,&quot;description&quot;:&quot;testDescription1689188369759&quot;,&quot;defaultType&quot;:false,&quot;detailPage&quot;:null,&quot;fixed&quot;:false,&quot;iDate&quot;:1689188369759,&quot;system&quot;:false,&quot;versionable&quot;:true,&quot;multilingualable&quot;:false,&quot;variable&quot;:&quot;testVarname1689188369759&quot;,&quot;urlMapPattern&quot;:null,&quot;publishDateVar&quot;:null,&quot;expireDateVar&quot;:null,&quot;systemActionMappings&quot;:[]]}&gt; but was:&lt;...SimpleContentType&quot;,&quot;[defaultType&quot;:false,&quot;description&quot;:&quot;testDescription1689188369759&quot;,&quot;detailPage&quot;:null,&quot;expireDateVar&quot;:null,&quot;fixed&quot;:false,&quot;folder&quot;:&quot;ef0508533bfa8afb6de3659343e1a3b8&quot;,&quot;folderPath&quot;:&quot;test1689188368771.dotcms.com:/testName1689188369746/testName1689188369755/&quot;,&quot;host&quot;:&quot;43bd58af7a7fb1e4925bd6a48c6b9bf7&quot;,&quot;iDate&quot;:1689188369759,&quot;icon&quot;:&quot;event_note&quot;,&quot;id&quot;:&quot;ab02f5494e965d3795063739875fa26e&quot;,&quot;modDate&quot;:1689188370000,&quot;multilingualable&quot;:false,&quot;name&quot;:&quot;testName1689188369759&quot;,&quot;workflowSchemaNames&quot;:[&quot;System Workflow&quot;]]}&gt;
	at org.junit.Assert.assertEquals(Assert.java:117)
	at com.dotcms.test.util.FileTestUtil.assertBundleFile(FileTestUtil.java:265)
	at com.dotcms.test.util.FileTestUtil.assertBundleFile(FileTestUtil.java:156)
	at com.dotcms.publishing.PublisherAPIImplTest.assertBundle(PublisherAPIImplTest.java:786)
	at com.dotcms.publishing.PublisherAPIImplTest.sendPushPublishBundle(PublisherAPIImplTest.java:721)
	at java.base/jdk.internal.reflect.NativeMethodAccessorImpl.invoke0(Native Method)
	at java.base/jdk.internal.reflect.NativeMethodAccessorImpl.invoke(NativeMethodAccessorImpl.java:62)
	at java.base/jdk.internal.reflect.DelegatingMethodAccessorImpl.invoke(DelegatingMethodAccessorImpl.java:43)
	at java.base/java.lang.reflect.Method.invoke(Method.java:566)
	at org.junit.runners.model.FrameworkMethod$1.runReflectiveCall(FrameworkMethod.java:59)
	at org.junit.internal.runners.model.ReflectiveCallable.run(ReflectiveCallable.java:12)
	at org.junit.runners.model.FrameworkMethod.invokeExplosively(FrameworkMethod.java:56)
	at com.tngtech.java.junit.dataprovider.DataProviderFrameworkMethod.invokeExplosively(DataProviderFrameworkMethod.java:119)
	at org.junit.internal.runners.statements.InvokeMethod.evaluate(InvokeMethod.java:17)
	at org.junit.runners.ParentRunner$3.evaluate(ParentRunner.java:306)
	at org.junit.rules.TestWatcher$1.evaluate(TestWatcher.java:61)
	at org.junit.rules.RunRules.evaluate(RunRules.java:20)
	at org.junit.runners.ParentRunner.runLeaf(ParentRunner.java:366)
	at com.dotcms.junit.CustomDataProviderRunner.runChild(CustomDataProviderRunner.java:41)
	at com.dotcms.junit.CustomDataProviderRunner.runChild(CustomDataProviderRunner.java:26)
	at org.junit.runners.ParentRunner$4.run(ParentRunner.java:331)
	at org.junit.runners.ParentRunner$1.schedule(ParentRunner.java:79)
	at org.junit.runners.ParentRunner.runChildren(ParentRunner.java:329)
	at org.junit.runners.ParentRunner.access$100(ParentRunner.java:66)
	at org.junit.runners.ParentRunner$2.evaluate(ParentRunner.java:293)
	at org.junit.runners.ParentRunner$3.evaluate(ParentRunner.java:306)
	at org.junit.runners.ParentRunner.run(ParentRunner.java:413)
	at com.dotcms.junit.MainBaseSuite$DotRunner.run(MainBaseSuite.java:71)
	at org.junit.runners.Suite.runChild(Suite.java:128)
	at org.junit.runners.Suite.runChild(Suite.java:27)
	at org.junit.runners.ParentRunner$4.run(ParentRunner.java:331)
	at org.junit.runners.ParentRunner$1.schedule(ParentRunner.java:79)
	at org.junit.runners.ParentRunner.runChildren(ParentRunner.java:329)
	at org.junit.runners.ParentRunner.access$100(ParentRunner.java:66)
	at org.junit.runners.ParentRunner$2.evaluate(ParentRunner.java:293)
	at org.junit.runners.ParentRunner$3.evaluate(ParentRunner.java:306)
	at org.junit.runners.ParentRunner.run(ParentRunner.java:413)
	at org.gradle.api.internal.tasks.testing.junit.JUnitTestClassExecutor.runTestClass(JUnitTestClassExecutor.java:110)
	at org.gradle.api.internal.tasks.testing.junit.JUnitTestClassExecutor.execute(JUnitTestClassExecutor.java:58)
	at org.gradle.api.internal.tasks.testing.junit.JUnitTestClassExecutor.execute(JUnitTestClassExecutor.java:38)
	at org.gradle.api.internal.tasks.testing.junit.AbstractJUnitTestClassProcessor.processTestClass(AbstractJUnitTestClassProcessor.java:62)
	at org.gradle.api.internal.tasks.testing.SuiteTestClassProcessor.processTestClass(SuiteTestClassProcessor.java:51)
	at java.base/jdk.internal.reflect.NativeMethodAccessorImpl.invoke0(Native Method)
	at java.base/jdk.internal.reflect.NativeMethodAccessorImpl.invoke(NativeMethodAccessorImpl.java:62)
	at java.base/jdk.internal.reflect.DelegatingMethodAccessorImpl.invoke(DelegatingMethodAccessorImpl.java:43)
	at java.base/java.lang.reflect.Method.invoke(Method.java:566)
	at org.gradle.internal.dispatch.ReflectionDispatch.dispatch(ReflectionDispatch.java:36)
	at org.gradle.internal.dispatch.ReflectionDispatch.dispatch(ReflectionDispatch.java:24)
	at org.gradle.internal.dispatch.ContextClassLoaderDispatch.dispatch(ContextClassLoaderDispatch.java:33)
	at org.gradle.internal.dispatch.ProxyDispatchAdapter$DispatchingInvocationHandler.invoke(ProxyDispatchAdapter.java:94)
	at com.sun.proxy.$Proxy5.processTestClass(Unknown Source)
	at org.gradle.api.internal.tasks.testing.worker.TestWorker$2.run(TestWorker.java:176)
	at org.gradle.api.internal.tasks.testing.worker.TestWorker.executeAndMaintainThreadName(TestWorker.java:129)
	at org.gradle.api.internal.tasks.testing.worker.TestWorker.execute(TestWorker.java:100)
	at org.gradle.api.internal.tasks.testing.worker.TestWorker.execute(TestWorker.java:60)
	at org.gradle.process.internal.worker.child.ActionExecutionWorker.execute(ActionExecutionWorker.java:56)
	at org.gradle.process.internal.worker.child.SystemApplicationClassLoaderWorker.call(SystemApplicationClassLoaderWorker.java:133)
	at org.gradle.process.internal.worker.child.SystemApplicationClassLoaderWorker.call(SystemApplicationClassLoaderWorker.java:71)
	at worker.org.gradle.process.internal.worker.GradleWorkerMain.run(GradleWorkerMain.java:69)
	at worker.org.gradle.process.internal.worker.GradleWorkerMain.main(GradleWorkerMain.java:74)
</failure>
  </testcase>
  <testcase name="sendPushPublishBundle[4: com.dotcms.publishing.PublisherAPIImplTest$TestAsset@10d859bf]" classname="com.dotcms.publishing.PublisherAPIImplTest" time="0.345">
    <failure message="org.junit.ComparisonFailure: Fail for ImmutableSimpleContentType:&#10;Asset -&gt; SimpleContentType{name=testName1689188370774, id=0be20f1dba63c1879211f6db85da27b7, description=testDescription1689188370774, defaultType=false, fixed=false, iDate=Wed Jul 12 18:59:30 UTC 2023, system=false, versionable=true, multilingualable=false, variable=testVarname1689188370774, owner=system, modDate=Wed Jul 12 18:59:31 UTC 2023, host=a61035a60914b795408a30731d725417, siteName=test1689188370143.dotcms.com, icon=event_note, sortOrder=0, folder=SYSTEM_FOLDER, folderPath=/, requiredFields=[], markedForDeletion=false} &#10;difference -&gt; defaultType&quot;:false,&quot;description&quot;:&quot;testDescription1689188370774&quot;,&quot;detailPage&quot;:null,&quot;expireDateVar&quot;:null,&quot;fixed&quot;:false,&quot;folder&quot;:&quot;SYSTEM_FOLDER&quot;,&quot;folderPath&quot;:&quot;/&quot;,&quot;host&quot;:&quot;a61035a60914b795408a30731d725417&quot;,&quot;iDate&quot;:1689188370774,&quot;icon&quot;:&quot;event_note&quot;,&quot;id&quot;:&quot;0be20f1dba63c1879211f6db85da27b7&quot;,&quot;modDate&quot;:1689188371000,&quot;multilingualable&quot;:false,&quot;name&quot;:&quot;testName1689188370774&quot;,&quot;workflowSchemaNames&quot;:[&quot;System Workflow&quot;]}&#10;expected -&gt; {&quot;contentType&quot;:{&quot;clazz&quot;:&quot;com.dotcms.contenttype.model.type.ImmutableSimpleContentType&quot;,&quot;name&quot;:&quot;testName1689188370774&quot;,&quot;id&quot;:&quot;0be20f1dba63c1879211f6db85da27b7&quot;,&quot;description&quot;:&quot;testDescription1689188370774&quot;,&quot;defaultType&quot;:false,&quot;detailPage&quot;:null,&quot;fixed&quot;:false,&quot;iDate&quot;:1689188370774,&quot;system&quot;:false,&quot;versionable&quot;:true,&quot;multilingualable&quot;:false,&quot;variable&quot;:&quot;testVarname1689188370774&quot;,&quot;urlMapPattern&quot;:null,&quot;publishDateVar&quot;:null,&quot;expireDateVar&quot;:null,&quot;systemActionMappings&quot;:[]}&#10;real -&gt; {&quot;contentType&quot;:{&quot;clazz&quot;:&quot;com.dotcms.contenttype.model.type.ImmutableSimpleContentType&quot;,&quot;defaultType&quot;:false,&quot;description&quot;:&quot;testDescription1689188370774&quot;,&quot;detailPage&quot;:null,&quot;expireDateVar&quot;:null,&quot;fixed&quot;:false,&quot;folder&quot;:&quot;SYSTEM_FOLDER&quot;,&quot;folderPath&quot;:&quot;/&quot;,&quot;host&quot;:&quot;a61035a60914b795408a30731d725417&quot;,&quot;iDate&quot;:1689188370774,&quot;icon&quot;:&quot;event_note&quot;,&quot;id&quot;:&quot;0be20f1dba63c1879211f6db85da27b7&quot;,&quot;modDate&quot;:1689188371000,&quot;multilingualable&quot;:false,&quot;name&quot;:&quot;testName1689188370774&quot;,&quot;workflowSchemaNames&quot;:[&quot;System Workflow&quot;]}&#10; expected:&lt;...SimpleContentType&quot;,&quot;[name&quot;:&quot;testName1689188370774&quot;,&quot;id&quot;:&quot;0be20f1dba63c1879211f6db85da27b7&quot;,&quot;description&quot;:&quot;testDescription1689188370774&quot;,&quot;defaultType&quot;:false,&quot;detailPage&quot;:null,&quot;fixed&quot;:false,&quot;iDate&quot;:1689188370774,&quot;system&quot;:false,&quot;versionable&quot;:true,&quot;multilingualable&quot;:false,&quot;variable&quot;:&quot;testVarname1689188370774&quot;,&quot;urlMapPattern&quot;:null,&quot;publishDateVar&quot;:null,&quot;expireDateVar&quot;:null,&quot;systemActionMappings&quot;:[]]}&gt; but was:&lt;...SimpleContentType&quot;,&quot;[defaultType&quot;:false,&quot;description&quot;:&quot;testDescription1689188370774&quot;,&quot;detailPage&quot;:null,&quot;expireDateVar&quot;:null,&quot;fixed&quot;:false,&quot;folder&quot;:&quot;SYSTEM_FOLDER&quot;,&quot;folderPath&quot;:&quot;/&quot;,&quot;host&quot;:&quot;a61035a60914b795408a30731d725417&quot;,&quot;iDate&quot;:1689188370774,&quot;icon&quot;:&quot;event_note&quot;,&quot;id&quot;:&quot;0be20f1dba63c1879211f6db85da27b7&quot;,&quot;modDate&quot;:1689188371000,&quot;multilingualable&quot;:false,&quot;name&quot;:&quot;testName1689188370774&quot;,&quot;workflowSchemaNames&quot;:[&quot;System Workflow&quot;]]}&gt;" type="org.junit.ComparisonFailure">org.junit.ComparisonFailure: Fail for ImmutableSimpleContentType:
Asset -&gt; SimpleContentType{name=testName1689188370774, id=0be20f1dba63c1879211f6db85da27b7, description=testDescription1689188370774, defaultType=false, fixed=false, iDate=Wed Jul 12 18:59:30 UTC 2023, system=false, versionable=true, multilingualable=false, variable=testVarname1689188370774, owner=system, modDate=Wed Jul 12 18:59:31 UTC 2023, host=a61035a60914b795408a30731d725417, siteName=test1689188370143.dotcms.com, icon=event_note, sortOrder=0, folder=SYSTEM_FOLDER, folderPath=/, requiredFields=[], markedForDeletion=false} 
difference -&gt; defaultType&quot;:false,&quot;description&quot;:&quot;testDescription1689188370774&quot;,&quot;detailPage&quot;:null,&quot;expireDateVar&quot;:null,&quot;fixed&quot;:false,&quot;folder&quot;:&quot;SYSTEM_FOLDER&quot;,&quot;folderPath&quot;:&quot;/&quot;,&quot;host&quot;:&quot;a61035a60914b795408a30731d725417&quot;,&quot;iDate&quot;:1689188370774,&quot;icon&quot;:&quot;event_note&quot;,&quot;id&quot;:&quot;0be20f1dba63c1879211f6db85da27b7&quot;,&quot;modDate&quot;:1689188371000,&quot;multilingualable&quot;:false,&quot;name&quot;:&quot;testName1689188370774&quot;,&quot;workflowSchemaNames&quot;:[&quot;System Workflow&quot;]}
expected -&gt; {&quot;contentType&quot;:{&quot;clazz&quot;:&quot;com.dotcms.contenttype.model.type.ImmutableSimpleContentType&quot;,&quot;name&quot;:&quot;testName1689188370774&quot;,&quot;id&quot;:&quot;0be20f1dba63c1879211f6db85da27b7&quot;,&quot;description&quot;:&quot;testDescription1689188370774&quot;,&quot;defaultType&quot;:false,&quot;detailPage&quot;:null,&quot;fixed&quot;:false,&quot;iDate&quot;:1689188370774,&quot;system&quot;:false,&quot;versionable&quot;:true,&quot;multilingualable&quot;:false,&quot;variable&quot;:&quot;testVarname1689188370774&quot;,&quot;urlMapPattern&quot;:null,&quot;publishDateVar&quot;:null,&quot;expireDateVar&quot;:null,&quot;systemActionMappings&quot;:[]}
real -&gt; {&quot;contentType&quot;:{&quot;clazz&quot;:&quot;com.dotcms.contenttype.model.type.ImmutableSimpleContentType&quot;,&quot;defaultType&quot;:false,&quot;description&quot;:&quot;testDescription1689188370774&quot;,&quot;detailPage&quot;:null,&quot;expireDateVar&quot;:null,&quot;fixed&quot;:false,&quot;folder&quot;:&quot;SYSTEM_FOLDER&quot;,&quot;folderPath&quot;:&quot;/&quot;,&quot;host&quot;:&quot;a61035a60914b795408a30731d725417&quot;,&quot;iDate&quot;:1689188370774,&quot;icon&quot;:&quot;event_note&quot;,&quot;id&quot;:&quot;0be20f1dba63c1879211f6db85da27b7&quot;,&quot;modDate&quot;:1689188371000,&quot;multilingualable&quot;:false,&quot;name&quot;:&quot;testName1689188370774&quot;,&quot;workflowSchemaNames&quot;:[&quot;System Workflow&quot;]}
 expected:&lt;...SimpleContentType&quot;,&quot;[name&quot;:&quot;testName1689188370774&quot;,&quot;id&quot;:&quot;0be20f1dba63c1879211f6db85da27b7&quot;,&quot;description&quot;:&quot;testDescription1689188370774&quot;,&quot;defaultType&quot;:false,&quot;detailPage&quot;:null,&quot;fixed&quot;:false,&quot;iDate&quot;:1689188370774,&quot;system&quot;:false,&quot;versionable&quot;:true,&quot;multilingualable&quot;:false,&quot;variable&quot;:&quot;testVarname1689188370774&quot;,&quot;urlMapPattern&quot;:null,&quot;publishDateVar&quot;:null,&quot;expireDateVar&quot;:null,&quot;systemActionMappings&quot;:[]]}&gt; but was:&lt;...SimpleContentType&quot;,&quot;[defaultType&quot;:false,&quot;description&quot;:&quot;testDescription1689188370774&quot;,&quot;detailPage&quot;:null,&quot;expireDateVar&quot;:null,&quot;fixed&quot;:false,&quot;folder&quot;:&quot;SYSTEM_FOLDER&quot;,&quot;folderPath&quot;:&quot;/&quot;,&quot;host&quot;:&quot;a61035a60914b795408a30731d725417&quot;,&quot;iDate&quot;:1689188370774,&quot;icon&quot;:&quot;event_note&quot;,&quot;id&quot;:&quot;0be20f1dba63c1879211f6db85da27b7&quot;,&quot;modDate&quot;:1689188371000,&quot;multilingualable&quot;:false,&quot;name&quot;:&quot;testName1689188370774&quot;,&quot;workflowSchemaNames&quot;:[&quot;System Workflow&quot;]]}&gt;
	at org.junit.Assert.assertEquals(Assert.java:117)
	at com.dotcms.test.util.FileTestUtil.assertBundleFile(FileTestUtil.java:265)
	at com.dotcms.test.util.FileTestUtil.assertBundleFile(FileTestUtil.java:156)
	at com.dotcms.publishing.PublisherAPIImplTest.assertBundle(PublisherAPIImplTest.java:786)
	at com.dotcms.publishing.PublisherAPIImplTest.sendPushPublishBundle(PublisherAPIImplTest.java:721)
	at java.base/jdk.internal.reflect.NativeMethodAccessorImpl.invoke0(Native Method)
	at java.base/jdk.internal.reflect.NativeMethodAccessorImpl.invoke(NativeMethodAccessorImpl.java:62)
	at java.base/jdk.internal.reflect.DelegatingMethodAccessorImpl.invoke(DelegatingMethodAccessorImpl.java:43)
	at java.base/java.lang.reflect.Method.invoke(Method.java:566)
	at org.junit.runners.model.FrameworkMethod$1.runReflectiveCall(FrameworkMethod.java:59)
	at org.junit.internal.runners.model.ReflectiveCallable.run(ReflectiveCallable.java:12)
	at org.junit.runners.model.FrameworkMethod.invokeExplosively(FrameworkMethod.java:56)
	at com.tngtech.java.junit.dataprovider.DataProviderFrameworkMethod.invokeExplosively(DataProviderFrameworkMethod.java:119)
	at org.junit.internal.runners.statements.InvokeMethod.evaluate(InvokeMethod.java:17)
	at org.junit.runners.ParentRunner$3.evaluate(ParentRunner.java:306)
	at org.junit.rules.TestWatcher$1.evaluate(TestWatcher.java:61)
	at org.junit.rules.RunRules.evaluate(RunRules.java:20)
	at org.junit.runners.ParentRunner.runLeaf(ParentRunner.java:366)
	at com.dotcms.junit.CustomDataProviderRunner.runChild(CustomDataProviderRunner.java:41)
	at com.dotcms.junit.CustomDataProviderRunner.runChild(CustomDataProviderRunner.java:26)
	at org.junit.runners.ParentRunner$4.run(ParentRunner.java:331)
	at org.junit.runners.ParentRunner$1.schedule(ParentRunner.java:79)
	at org.junit.runners.ParentRunner.runChildren(ParentRunner.java:329)
	at org.junit.runners.ParentRunner.access$100(ParentRunner.java:66)
	at org.junit.runners.ParentRunner$2.evaluate(ParentRunner.java:293)
	at org.junit.runners.ParentRunner$3.evaluate(ParentRunner.java:306)
	at org.junit.runners.ParentRunner.run(ParentRunner.java:413)
	at com.dotcms.junit.MainBaseSuite$DotRunner.run(MainBaseSuite.java:71)
	at org.junit.runners.Suite.runChild(Suite.java:128)
	at org.junit.runners.Suite.runChild(Suite.java:27)
	at org.junit.runners.ParentRunner$4.run(ParentRunner.java:331)
	at org.junit.runners.ParentRunner$1.schedule(ParentRunner.java:79)
	at org.junit.runners.ParentRunner.runChildren(ParentRunner.java:329)
	at org.junit.runners.ParentRunner.access$100(ParentRunner.java:66)
	at org.junit.runners.ParentRunner$2.evaluate(ParentRunner.java:293)
	at org.junit.runners.ParentRunner$3.evaluate(ParentRunner.java:306)
	at org.junit.runners.ParentRunner.run(ParentRunner.java:413)
	at org.gradle.api.internal.tasks.testing.junit.JUnitTestClassExecutor.runTestClass(JUnitTestClassExecutor.java:110)
	at org.gradle.api.internal.tasks.testing.junit.JUnitTestClassExecutor.execute(JUnitTestClassExecutor.java:58)
	at org.gradle.api.internal.tasks.testing.junit.JUnitTestClassExecutor.execute(JUnitTestClassExecutor.java:38)
	at org.gradle.api.internal.tasks.testing.junit.AbstractJUnitTestClassProcessor.processTestClass(AbstractJUnitTestClassProcessor.java:62)
	at org.gradle.api.internal.tasks.testing.SuiteTestClassProcessor.processTestClass(SuiteTestClassProcessor.java:51)
	at java.base/jdk.internal.reflect.NativeMethodAccessorImpl.invoke0(Native Method)
	at java.base/jdk.internal.reflect.NativeMethodAccessorImpl.invoke(NativeMethodAccessorImpl.java:62)
	at java.base/jdk.internal.reflect.DelegatingMethodAccessorImpl.invoke(DelegatingMethodAccessorImpl.java:43)
	at java.base/java.lang.reflect.Method.invoke(Method.java:566)
	at org.gradle.internal.dispatch.ReflectionDispatch.dispatch(ReflectionDispatch.java:36)
	at org.gradle.internal.dispatch.ReflectionDispatch.dispatch(ReflectionDispatch.java:24)
	at org.gradle.internal.dispatch.ContextClassLoaderDispatch.dispatch(ContextClassLoaderDispatch.java:33)
	at org.gradle.internal.dispatch.ProxyDispatchAdapter$DispatchingInvocationHandler.invoke(ProxyDispatchAdapter.java:94)
	at com.sun.proxy.$Proxy5.processTestClass(Unknown Source)
	at org.gradle.api.internal.tasks.testing.worker.TestWorker$2.run(TestWorker.java:176)
	at org.gradle.api.internal.tasks.testing.worker.TestWorker.executeAndMaintainThreadName(TestWorker.java:129)
	at org.gradle.api.internal.tasks.testing.worker.TestWorker.execute(TestWorker.java:100)
	at org.gradle.api.internal.tasks.testing.worker.TestWorker.execute(TestWorker.java:60)
	at org.gradle.process.internal.worker.child.ActionExecutionWorker.execute(ActionExecutionWorker.java:56)
	at org.gradle.process.internal.worker.child.SystemApplicationClassLoaderWorker.call(SystemApplicationClassLoaderWorker.java:133)
	at org.gradle.process.internal.worker.child.SystemApplicationClassLoaderWorker.call(SystemApplicationClassLoaderWorker.java:71)
	at worker.org.gradle.process.internal.worker.GradleWorkerMain.run(GradleWorkerMain.java:69)
	at worker.org.gradle.process.internal.worker.GradleWorkerMain.main(GradleWorkerMain.java:74)
</failure>
  </testcase>
  <testcase name="sendPushPublishBundle[5: com.dotcms.publishing.PublisherAPIImplTest$TestAsset@536d0355]" classname="com.dotcms.publishing.PublisherAPIImplTest" time="0.254"/>
  <testcase name="sendPushPublishBundle[6: com.dotcms.publishing.PublisherAPIImplTest$TestAsset@6bbb1035]" classname="com.dotcms.publishing.PublisherAPIImplTest" time="0.174"/>
  <testcase name="sendPushPublishBundle[7: com.dotcms.publishing.PublisherAPIImplTest$TestAsset@6c058a96]" classname="com.dotcms.publishing.PublisherAPIImplTest" time="0.181"/>
  <testcase name="sendPushPublishBundle[8: com.dotcms.publishing.PublisherAPIImplTest$TestAsset@3ec22308]" classname="com.dotcms.publishing.PublisherAPIImplTest" time="0.154"/>
  <testcase name="sendPushPublishBundle[9: com.dotcms.publishing.PublisherAPIImplTest$TestAsset@58ef82e]" classname="com.dotcms.publishing.PublisherAPIImplTest" time="0.205">
    <failure message="org.junit.ComparisonFailure: Fail for ImmutableSimpleContentType:&#10;Asset -&gt; SimpleContentType{name=testName1689188373838, id=aa35cdd457bda174c950d3da55eab57e, description=testDescription1689188373838, defaultType=false, fixed=false, iDate=Wed Jul 12 18:59:33 UTC 2023, system=false, versionable=true, multilingualable=false, variable=testVarname1689188373838, owner=system, modDate=Wed Jul 12 18:59:34 UTC 2023, host=73c4d743c9ead13415498659e0a17395, siteName=test1689188373048.dotcms.com, icon=event_note, sortOrder=0, folder=SYSTEM_FOLDER, folderPath=/, requiredFields=[], markedForDeletion=false} &#10;difference -&gt; defaultType&quot;:false,&quot;description&quot;:&quot;testDescription1689188373838&quot;,&quot;detailPage&quot;:null,&quot;expireDateVar&quot;:null,&quot;fixed&quot;:false,&quot;folder&quot;:&quot;SYSTEM_FOLDER&quot;,&quot;folderPath&quot;:&quot;/&quot;,&quot;host&quot;:&quot;73c4d743c9ead13415498659e0a17395&quot;,&quot;iDate&quot;:1689188373838,&quot;icon&quot;:&quot;event_note&quot;,&quot;id&quot;:&quot;aa35cdd457bda174c950d3da55eab57e&quot;,&quot;modDate&quot;:1689188374000,&quot;multilingualable&quot;:false,&quot;name&quot;:&quot;testName1689188373838&quot;,&quot;workflowSchemaNames&quot;:[&quot;System Workflow&quot;]}&#10;expected -&gt; {&quot;contentType&quot;:{&quot;clazz&quot;:&quot;com.dotcms.contenttype.model.type.ImmutableSimpleContentType&quot;,&quot;name&quot;:&quot;testName1689188373838&quot;,&quot;id&quot;:&quot;aa35cdd457bda174c950d3da55eab57e&quot;,&quot;description&quot;:&quot;testDescription1689188373838&quot;,&quot;defaultType&quot;:false,&quot;detailPage&quot;:null,&quot;fixed&quot;:false,&quot;iDate&quot;:1689188373838,&quot;system&quot;:false,&quot;versionable&quot;:true,&quot;multilingualable&quot;:false,&quot;variable&quot;:&quot;testVarname1689188373838&quot;,&quot;urlMapPattern&quot;:null,&quot;publishDateVar&quot;:null,&quot;expireDateVar&quot;:null,&quot;systemActionMappings&quot;:[]}&#10;real -&gt; {&quot;contentType&quot;:{&quot;clazz&quot;:&quot;com.dotcms.contenttype.model.type.ImmutableSimpleContentType&quot;,&quot;defaultType&quot;:false,&quot;description&quot;:&quot;testDescription1689188373838&quot;,&quot;detailPage&quot;:null,&quot;expireDateVar&quot;:null,&quot;fixed&quot;:false,&quot;folder&quot;:&quot;SYSTEM_FOLDER&quot;,&quot;folderPath&quot;:&quot;/&quot;,&quot;host&quot;:&quot;73c4d743c9ead13415498659e0a17395&quot;,&quot;iDate&quot;:1689188373838,&quot;icon&quot;:&quot;event_note&quot;,&quot;id&quot;:&quot;aa35cdd457bda174c950d3da55eab57e&quot;,&quot;modDate&quot;:1689188374000,&quot;multilingualable&quot;:false,&quot;name&quot;:&quot;testName1689188373838&quot;,&quot;workflowSchemaNames&quot;:[&quot;System Workflow&quot;]}&#10; expected:&lt;...SimpleContentType&quot;,&quot;[name&quot;:&quot;testName1689188373838&quot;,&quot;id&quot;:&quot;aa35cdd457bda174c950d3da55eab57e&quot;,&quot;description&quot;:&quot;testDescription1689188373838&quot;,&quot;defaultType&quot;:false,&quot;detailPage&quot;:null,&quot;fixed&quot;:false,&quot;iDate&quot;:1689188373838,&quot;system&quot;:false,&quot;versionable&quot;:true,&quot;multilingualable&quot;:false,&quot;variable&quot;:&quot;testVarname1689188373838&quot;,&quot;urlMapPattern&quot;:null,&quot;publishDateVar&quot;:null,&quot;expireDateVar&quot;:null,&quot;systemActionMappings&quot;:[]]}&gt; but was:&lt;...SimpleContentType&quot;,&quot;[defaultType&quot;:false,&quot;description&quot;:&quot;testDescription1689188373838&quot;,&quot;detailPage&quot;:null,&quot;expireDateVar&quot;:null,&quot;fixed&quot;:false,&quot;folder&quot;:&quot;SYSTEM_FOLDER&quot;,&quot;folderPath&quot;:&quot;/&quot;,&quot;host&quot;:&quot;73c4d743c9ead13415498659e0a17395&quot;,&quot;iDate&quot;:1689188373838,&quot;icon&quot;:&quot;event_note&quot;,&quot;id&quot;:&quot;aa35cdd457bda174c950d3da55eab57e&quot;,&quot;modDate&quot;:1689188374000,&quot;multilingualable&quot;:false,&quot;name&quot;:&quot;testName1689188373838&quot;,&quot;workflowSchemaNames&quot;:[&quot;System Workflow&quot;]]}&gt;" type="org.junit.ComparisonFailure">org.junit.ComparisonFailure: Fail for ImmutableSimpleContentType:
Asset -&gt; SimpleContentType{name=testName1689188373838, id=aa35cdd457bda174c950d3da55eab57e, description=testDescription1689188373838, defaultType=false, fixed=false, iDate=Wed Jul 12 18:59:33 UTC 2023, system=false, versionable=true, multilingualable=false, variable=testVarname1689188373838, owner=system, modDate=Wed Jul 12 18:59:34 UTC 2023, host=73c4d743c9ead13415498659e0a17395, siteName=test1689188373048.dotcms.com, icon=event_note, sortOrder=0, folder=SYSTEM_FOLDER, folderPath=/, requiredFields=[], markedForDeletion=false} 
difference -&gt; defaultType&quot;:false,&quot;description&quot;:&quot;testDescription1689188373838&quot;,&quot;detailPage&quot;:null,&quot;expireDateVar&quot;:null,&quot;fixed&quot;:false,&quot;folder&quot;:&quot;SYSTEM_FOLDER&quot;,&quot;folderPath&quot;:&quot;/&quot;,&quot;host&quot;:&quot;73c4d743c9ead13415498659e0a17395&quot;,&quot;iDate&quot;:1689188373838,&quot;icon&quot;:&quot;event_note&quot;,&quot;id&quot;:&quot;aa35cdd457bda174c950d3da55eab57e&quot;,&quot;modDate&quot;:1689188374000,&quot;multilingualable&quot;:false,&quot;name&quot;:&quot;testName1689188373838&quot;,&quot;workflowSchemaNames&quot;:[&quot;System Workflow&quot;]}
expected -&gt; {&quot;contentType&quot;:{&quot;clazz&quot;:&quot;com.dotcms.contenttype.model.type.ImmutableSimpleContentType&quot;,&quot;name&quot;:&quot;testName1689188373838&quot;,&quot;id&quot;:&quot;aa35cdd457bda174c950d3da55eab57e&quot;,&quot;description&quot;:&quot;testDescription1689188373838&quot;,&quot;defaultType&quot;:false,&quot;detailPage&quot;:null,&quot;fixed&quot;:false,&quot;iDate&quot;:1689188373838,&quot;system&quot;:false,&quot;versionable&quot;:true,&quot;multilingualable&quot;:false,&quot;variable&quot;:&quot;testVarname1689188373838&quot;,&quot;urlMapPattern&quot;:null,&quot;publishDateVar&quot;:null,&quot;expireDateVar&quot;:null,&quot;systemActionMappings&quot;:[]}
real -&gt; {&quot;contentType&quot;:{&quot;clazz&quot;:&quot;com.dotcms.contenttype.model.type.ImmutableSimpleContentType&quot;,&quot;defaultType&quot;:false,&quot;description&quot;:&quot;testDescription1689188373838&quot;,&quot;detailPage&quot;:null,&quot;expireDateVar&quot;:null,&quot;fixed&quot;:false,&quot;folder&quot;:&quot;SYSTEM_FOLDER&quot;,&quot;folderPath&quot;:&quot;/&quot;,&quot;host&quot;:&quot;73c4d743c9ead13415498659e0a17395&quot;,&quot;iDate&quot;:1689188373838,&quot;icon&quot;:&quot;event_note&quot;,&quot;id&quot;:&quot;aa35cdd457bda174c950d3da55eab57e&quot;,&quot;modDate&quot;:1689188374000,&quot;multilingualable&quot;:false,&quot;name&quot;:&quot;testName1689188373838&quot;,&quot;workflowSchemaNames&quot;:[&quot;System Workflow&quot;]}
 expected:&lt;...SimpleContentType&quot;,&quot;[name&quot;:&quot;testName1689188373838&quot;,&quot;id&quot;:&quot;aa35cdd457bda174c950d3da55eab57e&quot;,&quot;description&quot;:&quot;testDescription1689188373838&quot;,&quot;defaultType&quot;:false,&quot;detailPage&quot;:null,&quot;fixed&quot;:false,&quot;iDate&quot;:1689188373838,&quot;system&quot;:false,&quot;versionable&quot;:true,&quot;multilingualable&quot;:false,&quot;variable&quot;:&quot;testVarname1689188373838&quot;,&quot;urlMapPattern&quot;:null,&quot;publishDateVar&quot;:null,&quot;expireDateVar&quot;:null,&quot;systemActionMappings&quot;:[]]}&gt; but was:&lt;...SimpleContentType&quot;,&quot;[defaultType&quot;:false,&quot;description&quot;:&quot;testDescription1689188373838&quot;,&quot;detailPage&quot;:null,&quot;expireDateVar&quot;:null,&quot;fixed&quot;:false,&quot;folder&quot;:&quot;SYSTEM_FOLDER&quot;,&quot;folderPath&quot;:&quot;/&quot;,&quot;host&quot;:&quot;73c4d743c9ead13415498659e0a17395&quot;,&quot;iDate&quot;:1689188373838,&quot;icon&quot;:&quot;event_note&quot;,&quot;id&quot;:&quot;aa35cdd457bda174c950d3da55eab57e&quot;,&quot;modDate&quot;:1689188374000,&quot;multilingualable&quot;:false,&quot;name&quot;:&quot;testName1689188373838&quot;,&quot;workflowSchemaNames&quot;:[&quot;System Workflow&quot;]]}&gt;
	at org.junit.Assert.assertEquals(Assert.java:117)
	at com.dotcms.test.util.FileTestUtil.assertBundleFile(FileTestUtil.java:265)
	at com.dotcms.test.util.FileTestUtil.assertBundleFile(FileTestUtil.java:156)
	at com.dotcms.publishing.PublisherAPIImplTest.assertBundle(PublisherAPIImplTest.java:786)
	at com.dotcms.publishing.PublisherAPIImplTest.sendPushPublishBundle(PublisherAPIImplTest.java:721)
	at java.base/jdk.internal.reflect.NativeMethodAccessorImpl.invoke0(Native Method)
	at java.base/jdk.internal.reflect.NativeMethodAccessorImpl.invoke(NativeMethodAccessorImpl.java:62)
	at java.base/jdk.internal.reflect.DelegatingMethodAccessorImpl.invoke(DelegatingMethodAccessorImpl.java:43)
	at java.base/java.lang.reflect.Method.invoke(Method.java:566)
	at org.junit.runners.model.FrameworkMethod$1.runReflectiveCall(FrameworkMethod.java:59)
	at org.junit.internal.runners.model.ReflectiveCallable.run(ReflectiveCallable.java:12)
	at org.junit.runners.model.FrameworkMethod.invokeExplosively(FrameworkMethod.java:56)
	at com.tngtech.java.junit.dataprovider.DataProviderFrameworkMethod.invokeExplosively(DataProviderFrameworkMethod.java:119)
	at org.junit.internal.runners.statements.InvokeMethod.evaluate(InvokeMethod.java:17)
	at org.junit.runners.ParentRunner$3.evaluate(ParentRunner.java:306)
	at org.junit.rules.TestWatcher$1.evaluate(TestWatcher.java:61)
	at org.junit.rules.RunRules.evaluate(RunRules.java:20)
	at org.junit.runners.ParentRunner.runLeaf(ParentRunner.java:366)
	at com.dotcms.junit.CustomDataProviderRunner.runChild(CustomDataProviderRunner.java:41)
	at com.dotcms.junit.CustomDataProviderRunner.runChild(CustomDataProviderRunner.java:26)
	at org.junit.runners.ParentRunner$4.run(ParentRunner.java:331)
	at org.junit.runners.ParentRunner$1.schedule(ParentRunner.java:79)
	at org.junit.runners.ParentRunner.runChildren(ParentRunner.java:329)
	at org.junit.runners.ParentRunner.access$100(ParentRunner.java:66)
	at org.junit.runners.ParentRunner$2.evaluate(ParentRunner.java:293)
	at org.junit.runners.ParentRunner$3.evaluate(ParentRunner.java:306)
	at org.junit.runners.ParentRunner.run(ParentRunner.java:413)
	at com.dotcms.junit.MainBaseSuite$DotRunner.run(MainBaseSuite.java:71)
	at org.junit.runners.Suite.runChild(Suite.java:128)
	at org.junit.runners.Suite.runChild(Suite.java:27)
	at org.junit.runners.ParentRunner$4.run(ParentRunner.java:331)
	at org.junit.runners.ParentRunner$1.schedule(ParentRunner.java:79)
	at org.junit.runners.ParentRunner.runChildren(ParentRunner.java:329)
	at org.junit.runners.ParentRunner.access$100(ParentRunner.java:66)
	at org.junit.runners.ParentRunner$2.evaluate(ParentRunner.java:293)
	at org.junit.runners.ParentRunner$3.evaluate(ParentRunner.java:306)
	at org.junit.runners.ParentRunner.run(ParentRunner.java:413)
	at org.gradle.api.internal.tasks.testing.junit.JUnitTestClassExecutor.runTestClass(JUnitTestClassExecutor.java:110)
	at org.gradle.api.internal.tasks.testing.junit.JUnitTestClassExecutor.execute(JUnitTestClassExecutor.java:58)
	at org.gradle.api.internal.tasks.testing.junit.JUnitTestClassExecutor.execute(JUnitTestClassExecutor.java:38)
	at org.gradle.api.internal.tasks.testing.junit.AbstractJUnitTestClassProcessor.processTestClass(AbstractJUnitTestClassProcessor.java:62)
	at org.gradle.api.internal.tasks.testing.SuiteTestClassProcessor.processTestClass(SuiteTestClassProcessor.java:51)
	at java.base/jdk.internal.reflect.NativeMethodAccessorImpl.invoke0(Native Method)
	at java.base/jdk.internal.reflect.NativeMethodAccessorImpl.invoke(NativeMethodAccessorImpl.java:62)
	at java.base/jdk.internal.reflect.DelegatingMethodAccessorImpl.invoke(DelegatingMethodAccessorImpl.java:43)
	at java.base/java.lang.reflect.Method.invoke(Method.java:566)
	at org.gradle.internal.dispatch.ReflectionDispatch.dispatch(ReflectionDispatch.java:36)
	at org.gradle.internal.dispatch.ReflectionDispatch.dispatch(ReflectionDispatch.java:24)
	at org.gradle.internal.dispatch.ContextClassLoaderDispatch.dispatch(ContextClassLoaderDispatch.java:33)
	at org.gradle.internal.dispatch.ProxyDispatchAdapter$DispatchingInvocationHandler.invoke(ProxyDispatchAdapter.java:94)
	at com.sun.proxy.$Proxy5.processTestClass(Unknown Source)
	at org.gradle.api.internal.tasks.testing.worker.TestWorker$2.run(TestWorker.java:176)
	at org.gradle.api.internal.tasks.testing.worker.TestWorker.executeAndMaintainThreadName(TestWorker.java:129)
	at org.gradle.api.internal.tasks.testing.worker.TestWorker.execute(TestWorker.java:100)
	at org.gradle.api.internal.tasks.testing.worker.TestWorker.execute(TestWorker.java:60)
	at org.gradle.process.internal.worker.child.ActionExecutionWorker.execute(ActionExecutionWorker.java:56)
	at org.gradle.process.internal.worker.child.SystemApplicationClassLoaderWorker.call(SystemApplicationClassLoaderWorker.java:133)
	at org.gradle.process.internal.worker.child.SystemApplicationClassLoaderWorker.call(SystemApplicationClassLoaderWorker.java:71)
	at worker.org.gradle.process.internal.worker.GradleWorkerMain.run(GradleWorkerMain.java:69)
	at worker.org.gradle.process.internal.worker.GradleWorkerMain.main(GradleWorkerMain.java:74)
</failure>
  </testcase>
  <testcase name="sendPushPublishBundle[10: com.dotcms.publishing.PublisherAPIImplTest$TestAsset@36877a12]" classname="com.dotcms.publishing.PublisherAPIImplTest" time="0.143"/>
  <testcase name="generateBundle[0: com.dotcms.publishing.PublisherAPIImplTest$TestAsset@17ee7387]" classname="com.dotcms.publishing.PublisherAPIImplTest" time="0.098">
    <failure message="org.junit.ComparisonFailure: Fail for ImmutableSimpleContentType:&#10;Asset -&gt; SimpleContentType{name=testName1689188366535, id=90229160ae712c66a236467390c814a3, description=testDescription1689188366535, defaultType=false, fixed=false, iDate=Wed Jul 12 18:59:26 UTC 2023, system=false, versionable=true, multilingualable=false, variable=testVarname1689188366535, owner=system, modDate=Wed Jul 12 18:59:27 UTC 2023, host=52e167071dddda8f747bf27ea23c6a9b, siteName=test1689188365459.dotcms.com, icon=event_note, sortOrder=0, folder=SYSTEM_FOLDER, folderPath=/, requiredFields=[], markedForDeletion=false} &#10;difference -&gt; defaultType&quot;:false,&quot;description&quot;:&quot;testDescription1689188366535&quot;,&quot;detailPage&quot;:null,&quot;expireDateVar&quot;:null,&quot;fixed&quot;:false,&quot;folder&quot;:&quot;SYSTEM_FOLDER&quot;,&quot;folderPath&quot;:&quot;/&quot;,&quot;host&quot;:&quot;52e167071dddda8f747bf27ea23c6a9b&quot;,&quot;iDate&quot;:1689188366535,&quot;icon&quot;:&quot;event_note&quot;,&quot;id&quot;:&quot;90229160ae712c66a236467390c814a3&quot;,&quot;modDate&quot;:1689188367000,&quot;multilingualable&quot;:false,&quot;name&quot;:&quot;testName1689188366535&quot;,&quot;System Workflow&quot;]}&#10;expected -&gt; {&quot;contentType&quot;:{&quot;clazz&quot;:&quot;com.dotcms.contenttype.model.type.ImmutableSimpleContentType&quot;,&quot;name&quot;:&quot;testName1689188366535&quot;,&quot;id&quot;:&quot;90229160ae712c66a236467390c814a3&quot;,&quot;description&quot;:&quot;testDescription1689188366535&quot;,&quot;defaultType&quot;:false,&quot;detailPage&quot;:null,&quot;fixed&quot;:false,&quot;iDate&quot;:1689188366535,&quot;system&quot;:false,&quot;versionable&quot;:true,&quot;multilingualable&quot;:false,&quot;variable&quot;:&quot;testVarname1689188366535&quot;,&quot;urlMapPattern&quot;:null,&quot;publishDateVar&quot;:null,&quot;expireDateVar&quot;:null,&quot;systemActionMappings&quot;:[]}&#10;real -&gt; {&quot;contentType&quot;:{&quot;clazz&quot;:&quot;com.dotcms.contenttype.model.type.ImmutableSimpleContentType&quot;,&quot;defaultType&quot;:false,&quot;description&quot;:&quot;testDescription1689188366535&quot;,&quot;detailPage&quot;:null,&quot;expireDateVar&quot;:null,&quot;fixed&quot;:false,&quot;folder&quot;:&quot;SYSTEM_FOLDER&quot;,&quot;folderPath&quot;:&quot;/&quot;,&quot;host&quot;:&quot;52e167071dddda8f747bf27ea23c6a9b&quot;,&quot;iDate&quot;:1689188366535,&quot;icon&quot;:&quot;event_note&quot;,&quot;id&quot;:&quot;90229160ae712c66a236467390c814a3&quot;,&quot;modDate&quot;:1689188367000,&quot;multilingualable&quot;:false,&quot;name&quot;:&quot;testName1689188366535&quot;,&quot;System Workflow&quot;]}&#10; expected:&lt;...SimpleContentType&quot;,&quot;[name&quot;:&quot;testName1689188366535&quot;,&quot;id&quot;:&quot;90229160ae712c66a236467390c814a3&quot;,&quot;description&quot;:&quot;testDescription1689188366535&quot;,&quot;defaultType&quot;:false,&quot;detailPage&quot;:null,&quot;fixed&quot;:false,&quot;iDate&quot;:1689188366535,&quot;system&quot;:false,&quot;versionable&quot;:true,&quot;multilingualable&quot;:false,&quot;variable&quot;:&quot;testVarname1689188366535&quot;,&quot;urlMapPattern&quot;:null,&quot;publishDateVar&quot;:null,&quot;expireDateVar&quot;:null,&quot;systemActionMappings&quot;:[]]}&gt; but was:&lt;...SimpleContentType&quot;,&quot;[defaultType&quot;:false,&quot;description&quot;:&quot;testDescription1689188366535&quot;,&quot;detailPage&quot;:null,&quot;expireDateVar&quot;:null,&quot;fixed&quot;:false,&quot;folder&quot;:&quot;SYSTEM_FOLDER&quot;,&quot;folderPath&quot;:&quot;/&quot;,&quot;host&quot;:&quot;52e167071dddda8f747bf27ea23c6a9b&quot;,&quot;iDate&quot;:1689188366535,&quot;icon&quot;:&quot;event_note&quot;,&quot;id&quot;:&quot;90229160ae712c66a236467390c814a3&quot;,&quot;modDate&quot;:1689188367000,&quot;multilingualable&quot;:false,&quot;name&quot;:&quot;testName1689188366535&quot;,&quot;System Workflow&quot;]]}&gt;" type="org.junit.ComparisonFailure">org.junit.ComparisonFailure: Fail for ImmutableSimpleContentType:
Asset -&gt; SimpleContentType{name=testName1689188366535, id=90229160ae712c66a236467390c814a3, description=testDescription1689188366535, defaultType=false, fixed=false, iDate=Wed Jul 12 18:59:26 UTC 2023, system=false, versionable=true, multilingualable=false, variable=testVarname1689188366535, owner=system, modDate=Wed Jul 12 18:59:27 UTC 2023, host=52e167071dddda8f747bf27ea23c6a9b, siteName=test1689188365459.dotcms.com, icon=event_note, sortOrder=0, folder=SYSTEM_FOLDER, folderPath=/, requiredFields=[], markedForDeletion=false} 
difference -&gt; defaultType&quot;:false,&quot;description&quot;:&quot;testDescription1689188366535&quot;,&quot;detailPage&quot;:null,&quot;expireDateVar&quot;:null,&quot;fixed&quot;:false,&quot;folder&quot;:&quot;SYSTEM_FOLDER&quot;,&quot;folderPath&quot;:&quot;/&quot;,&quot;host&quot;:&quot;52e167071dddda8f747bf27ea23c6a9b&quot;,&quot;iDate&quot;:1689188366535,&quot;icon&quot;:&quot;event_note&quot;,&quot;id&quot;:&quot;90229160ae712c66a236467390c814a3&quot;,&quot;modDate&quot;:1689188367000,&quot;multilingualable&quot;:false,&quot;name&quot;:&quot;testName1689188366535&quot;,&quot;System Workflow&quot;]}
expected -&gt; {&quot;contentType&quot;:{&quot;clazz&quot;:&quot;com.dotcms.contenttype.model.type.ImmutableSimpleContentType&quot;,&quot;name&quot;:&quot;testName1689188366535&quot;,&quot;id&quot;:&quot;90229160ae712c66a236467390c814a3&quot;,&quot;description&quot;:&quot;testDescription1689188366535&quot;,&quot;defaultType&quot;:false,&quot;detailPage&quot;:null,&quot;fixed&quot;:false,&quot;iDate&quot;:1689188366535,&quot;system&quot;:false,&quot;versionable&quot;:true,&quot;multilingualable&quot;:false,&quot;variable&quot;:&quot;testVarname1689188366535&quot;,&quot;urlMapPattern&quot;:null,&quot;publishDateVar&quot;:null,&quot;expireDateVar&quot;:null,&quot;systemActionMappings&quot;:[]}
real -&gt; {&quot;contentType&quot;:{&quot;clazz&quot;:&quot;com.dotcms.contenttype.model.type.ImmutableSimpleContentType&quot;,&quot;defaultType&quot;:false,&quot;description&quot;:&quot;testDescription1689188366535&quot;,&quot;detailPage&quot;:null,&quot;expireDateVar&quot;:null,&quot;fixed&quot;:false,&quot;folder&quot;:&quot;SYSTEM_FOLDER&quot;,&quot;folderPath&quot;:&quot;/&quot;,&quot;host&quot;:&quot;52e167071dddda8f747bf27ea23c6a9b&quot;,&quot;iDate&quot;:1689188366535,&quot;icon&quot;:&quot;event_note&quot;,&quot;id&quot;:&quot;90229160ae712c66a236467390c814a3&quot;,&quot;modDate&quot;:1689188367000,&quot;multilingualable&quot;:false,&quot;name&quot;:&quot;testName1689188366535&quot;,&quot;System Workflow&quot;]}
 expected:&lt;...SimpleContentType&quot;,&quot;[name&quot;:&quot;testName1689188366535&quot;,&quot;id&quot;:&quot;90229160ae712c66a236467390c814a3&quot;,&quot;description&quot;:&quot;testDescription1689188366535&quot;,&quot;defaultType&quot;:false,&quot;detailPage&quot;:null,&quot;fixed&quot;:false,&quot;iDate&quot;:1689188366535,&quot;system&quot;:false,&quot;versionable&quot;:true,&quot;multilingualable&quot;:false,&quot;variable&quot;:&quot;testVarname1689188366535&quot;,&quot;urlMapPattern&quot;:null,&quot;publishDateVar&quot;:null,&quot;expireDateVar&quot;:null,&quot;systemActionMappings&quot;:[]]}&gt; but was:&lt;...SimpleContentType&quot;,&quot;[defaultType&quot;:false,&quot;description&quot;:&quot;testDescription1689188366535&quot;,&quot;detailPage&quot;:null,&quot;expireDateVar&quot;:null,&quot;fixed&quot;:false,&quot;folder&quot;:&quot;SYSTEM_FOLDER&quot;,&quot;folderPath&quot;:&quot;/&quot;,&quot;host&quot;:&quot;52e167071dddda8f747bf27ea23c6a9b&quot;,&quot;iDate&quot;:1689188366535,&quot;icon&quot;:&quot;event_note&quot;,&quot;id&quot;:&quot;90229160ae712c66a236467390c814a3&quot;,&quot;modDate&quot;:1689188367000,&quot;multilingualable&quot;:false,&quot;name&quot;:&quot;testName1689188366535&quot;,&quot;System Workflow&quot;]]}&gt;
	at org.junit.Assert.assertEquals(Assert.java:117)
	at com.dotcms.test.util.FileTestUtil.assertBundleFile(FileTestUtil.java:265)
	at com.dotcms.test.util.FileTestUtil.assertBundleFile(FileTestUtil.java:196)
	at com.dotcms.publishing.PublisherAPIImplTest.assertBundle(PublisherAPIImplTest.java:779)
	at com.dotcms.publishing.PublisherAPIImplTest.generateBundle(PublisherAPIImplTest.java:536)
	at java.base/jdk.internal.reflect.NativeMethodAccessorImpl.invoke0(Native Method)
	at java.base/jdk.internal.reflect.NativeMethodAccessorImpl.invoke(NativeMethodAccessorImpl.java:62)
	at java.base/jdk.internal.reflect.DelegatingMethodAccessorImpl.invoke(DelegatingMethodAccessorImpl.java:43)
	at java.base/java.lang.reflect.Method.invoke(Method.java:566)
	at org.junit.runners.model.FrameworkMethod$1.runReflectiveCall(FrameworkMethod.java:59)
	at org.junit.internal.runners.model.ReflectiveCallable.run(ReflectiveCallable.java:12)
	at org.junit.runners.model.FrameworkMethod.invokeExplosively(FrameworkMethod.java:56)
	at com.tngtech.java.junit.dataprovider.DataProviderFrameworkMethod.invokeExplosively(DataProviderFrameworkMethod.java:119)
	at org.junit.internal.runners.statements.InvokeMethod.evaluate(InvokeMethod.java:17)
	at org.junit.runners.ParentRunner$3.evaluate(ParentRunner.java:306)
	at org.junit.rules.TestWatcher$1.evaluate(TestWatcher.java:61)
	at org.junit.rules.RunRules.evaluate(RunRules.java:20)
	at org.junit.runners.ParentRunner.runLeaf(ParentRunner.java:366)
	at com.dotcms.junit.CustomDataProviderRunner.runChild(CustomDataProviderRunner.java:41)
	at com.dotcms.junit.CustomDataProviderRunner.runChild(CustomDataProviderRunner.java:26)
	at org.junit.runners.ParentRunner$4.run(ParentRunner.java:331)
	at org.junit.runners.ParentRunner$1.schedule(ParentRunner.java:79)
	at org.junit.runners.ParentRunner.runChildren(ParentRunner.java:329)
	at org.junit.runners.ParentRunner.access$100(ParentRunner.java:66)
	at org.junit.runners.ParentRunner$2.evaluate(ParentRunner.java:293)
	at org.junit.runners.ParentRunner$3.evaluate(ParentRunner.java:306)
	at org.junit.runners.ParentRunner.run(ParentRunner.java:413)
	at com.dotcms.junit.MainBaseSuite$DotRunner.run(MainBaseSuite.java:71)
	at org.junit.runners.Suite.runChild(Suite.java:128)
	at org.junit.runners.Suite.runChild(Suite.java:27)
	at org.junit.runners.ParentRunner$4.run(ParentRunner.java:331)
	at org.junit.runners.ParentRunner$1.schedule(ParentRunner.java:79)
	at org.junit.runners.ParentRunner.runChildren(ParentRunner.java:329)
	at org.junit.runners.ParentRunner.access$100(ParentRunner.java:66)
	at org.junit.runners.ParentRunner$2.evaluate(ParentRunner.java:293)
	at org.junit.runners.ParentRunner$3.evaluate(ParentRunner.java:306)
	at org.junit.runners.ParentRunner.run(ParentRunner.java:413)
	at org.gradle.api.internal.tasks.testing.junit.JUnitTestClassExecutor.runTestClass(JUnitTestClassExecutor.java:110)
	at org.gradle.api.internal.tasks.testing.junit.JUnitTestClassExecutor.execute(JUnitTestClassExecutor.java:58)
	at org.gradle.api.internal.tasks.testing.junit.JUnitTestClassExecutor.execute(JUnitTestClassExecutor.java:38)
	at org.gradle.api.internal.tasks.testing.junit.AbstractJUnitTestClassProcessor.processTestClass(AbstractJUnitTestClassProcessor.java:62)
	at org.gradle.api.internal.tasks.testing.SuiteTestClassProcessor.processTestClass(SuiteTestClassProcessor.java:51)
	at java.base/jdk.internal.reflect.NativeMethodAccessorImpl.invoke0(Native Method)
	at java.base/jdk.internal.reflect.NativeMethodAccessorImpl.invoke(NativeMethodAccessorImpl.java:62)
	at java.base/jdk.internal.reflect.DelegatingMethodAccessorImpl.invoke(DelegatingMethodAccessorImpl.java:43)
	at java.base/java.lang.reflect.Method.invoke(Method.java:566)
	at org.gradle.internal.dispatch.ReflectionDispatch.dispatch(ReflectionDispatch.java:36)
	at org.gradle.internal.dispatch.ReflectionDispatch.dispatch(ReflectionDispatch.java:24)
	at org.gradle.internal.dispatch.ContextClassLoaderDispatch.dispatch(ContextClassLoaderDispatch.java:33)
	at org.gradle.internal.dispatch.ProxyDispatchAdapter$DispatchingInvocationHandler.invoke(ProxyDispatchAdapter.java:94)
	at com.sun.proxy.$Proxy5.processTestClass(Unknown Source)
	at org.gradle.api.internal.tasks.testing.worker.TestWorker$2.run(TestWorker.java:176)
	at org.gradle.api.internal.tasks.testing.worker.TestWorker.executeAndMaintainThreadName(TestWorker.java:129)
	at org.gradle.api.internal.tasks.testing.worker.TestWorker.execute(TestWorker.java:100)
	at org.gradle.api.internal.tasks.testing.worker.TestWorker.execute(TestWorker.java:60)
	at org.gradle.process.internal.worker.child.ActionExecutionWorker.execute(ActionExecutionWorker.java:56)
	at org.gradle.process.internal.worker.child.SystemApplicationClassLoaderWorker.call(SystemApplicationClassLoaderWorker.java:133)
	at org.gradle.process.internal.worker.child.SystemApplicationClassLoaderWorker.call(SystemApplicationClassLoaderWorker.java:71)
	at worker.org.gradle.process.internal.worker.GradleWorkerMain.run(GradleWorkerMain.java:69)
	at worker.org.gradle.process.internal.worker.GradleWorkerMain.main(GradleWorkerMain.java:74)
</failure>
  </testcase>
  <testcase name="generateBundle[1: com.dotcms.publishing.PublisherAPIImplTest$TestAsset@6144565f]" classname="com.dotcms.publishing.PublisherAPIImplTest" time="0.128">
    <failure message="org.junit.ComparisonFailure: Fail for ImmutableSimpleContentType:&#10;Asset -&gt; SimpleContentType{name=testName1689188367690, id=c37c58c9415fc089bfbb0c4980ab95ab, description=testDescription1689188367690, defaultType=false, fixed=false, iDate=Wed Jul 12 18:59:27 UTC 2023, system=false, versionable=true, multilingualable=false, variable=testVarname1689188367690, owner=system, modDate=Wed Jul 12 18:59:28 UTC 2023, host=bd510b46862f6080706e42254b187400, siteName=test1689188366678.dotcms.com, icon=event_note, sortOrder=0, folder=SYSTEM_FOLDER, folderPath=/, requiredFields=[], markedForDeletion=false} &#10;difference -&gt; defaultType&quot;:false,&quot;description&quot;:&quot;testDescription1689188367690&quot;,&quot;detailPage&quot;:null,&quot;expireDateVar&quot;:null,&quot;fixed&quot;:false,&quot;folder&quot;:&quot;SYSTEM_FOLDER&quot;,&quot;folderPath&quot;:&quot;/&quot;,&quot;host&quot;:&quot;bd510b46862f6080706e42254b187400&quot;,&quot;iDate&quot;:1689188367690,&quot;icon&quot;:&quot;event_note&quot;,&quot;id&quot;:&quot;c37c58c9415fc089bfbb0c4980ab95ab&quot;,&quot;modDate&quot;:1689188368000,&quot;multilingualable&quot;:false,&quot;name&quot;:&quot;testName1689188367690&quot;,&quot;workflowSchemaNames&quot;:[&quot;System Workflow&quot;]}&#10;expected -&gt; {&quot;contentType&quot;:{&quot;clazz&quot;:&quot;com.dotcms.contenttype.model.type.ImmutableSimpleContentType&quot;,&quot;name&quot;:&quot;testName1689188367690&quot;,&quot;id&quot;:&quot;c37c58c9415fc089bfbb0c4980ab95ab&quot;,&quot;description&quot;:&quot;testDescription1689188367690&quot;,&quot;defaultType&quot;:false,&quot;detailPage&quot;:null,&quot;fixed&quot;:false,&quot;iDate&quot;:1689188367690,&quot;system&quot;:false,&quot;versionable&quot;:true,&quot;multilingualable&quot;:false,&quot;variable&quot;:&quot;testVarname1689188367690&quot;,&quot;urlMapPattern&quot;:null,&quot;publishDateVar&quot;:null,&quot;expireDateVar&quot;:null,&quot;systemActionMappings&quot;:[]}&#10;real -&gt; {&quot;contentType&quot;:{&quot;clazz&quot;:&quot;com.dotcms.contenttype.model.type.ImmutableSimpleContentType&quot;,&quot;defaultType&quot;:false,&quot;description&quot;:&quot;testDescription1689188367690&quot;,&quot;detailPage&quot;:null,&quot;expireDateVar&quot;:null,&quot;fixed&quot;:false,&quot;folder&quot;:&quot;SYSTEM_FOLDER&quot;,&quot;folderPath&quot;:&quot;/&quot;,&quot;host&quot;:&quot;bd510b46862f6080706e42254b187400&quot;,&quot;iDate&quot;:1689188367690,&quot;icon&quot;:&quot;event_note&quot;,&quot;id&quot;:&quot;c37c58c9415fc089bfbb0c4980ab95ab&quot;,&quot;modDate&quot;:1689188368000,&quot;multilingualable&quot;:false,&quot;name&quot;:&quot;testName1689188367690&quot;,&quot;workflowSchemaNames&quot;:[&quot;System Workflow&quot;]}&#10; expected:&lt;...SimpleContentType&quot;,&quot;[name&quot;:&quot;testName1689188367690&quot;,&quot;id&quot;:&quot;c37c58c9415fc089bfbb0c4980ab95ab&quot;,&quot;description&quot;:&quot;testDescription1689188367690&quot;,&quot;defaultType&quot;:false,&quot;detailPage&quot;:null,&quot;fixed&quot;:false,&quot;iDate&quot;:1689188367690,&quot;system&quot;:false,&quot;versionable&quot;:true,&quot;multilingualable&quot;:false,&quot;variable&quot;:&quot;testVarname1689188367690&quot;,&quot;urlMapPattern&quot;:null,&quot;publishDateVar&quot;:null,&quot;expireDateVar&quot;:null,&quot;systemActionMappings&quot;:[]]}&gt; but was:&lt;...SimpleContentType&quot;,&quot;[defaultType&quot;:false,&quot;description&quot;:&quot;testDescription1689188367690&quot;,&quot;detailPage&quot;:null,&quot;expireDateVar&quot;:null,&quot;fixed&quot;:false,&quot;folder&quot;:&quot;SYSTEM_FOLDER&quot;,&quot;folderPath&quot;:&quot;/&quot;,&quot;host&quot;:&quot;bd510b46862f6080706e42254b187400&quot;,&quot;iDate&quot;:1689188367690,&quot;icon&quot;:&quot;event_note&quot;,&quot;id&quot;:&quot;c37c58c9415fc089bfbb0c4980ab95ab&quot;,&quot;modDate&quot;:1689188368000,&quot;multilingualable&quot;:false,&quot;name&quot;:&quot;testName1689188367690&quot;,&quot;workflowSchemaNames&quot;:[&quot;System Workflow&quot;]]}&gt;" type="org.junit.ComparisonFailure">org.junit.ComparisonFailure: Fail for ImmutableSimpleContentType:
Asset -&gt; SimpleContentType{name=testName1689188367690, id=c37c58c9415fc089bfbb0c4980ab95ab, description=testDescription1689188367690, defaultType=false, fixed=false, iDate=Wed Jul 12 18:59:27 UTC 2023, system=false, versionable=true, multilingualable=false, variable=testVarname1689188367690, owner=system, modDate=Wed Jul 12 18:59:28 UTC 2023, host=bd510b46862f6080706e42254b187400, siteName=test1689188366678.dotcms.com, icon=event_note, sortOrder=0, folder=SYSTEM_FOLDER, folderPath=/, requiredFields=[], markedForDeletion=false} 
difference -&gt; defaultType&quot;:false,&quot;description&quot;:&quot;testDescription1689188367690&quot;,&quot;detailPage&quot;:null,&quot;expireDateVar&quot;:null,&quot;fixed&quot;:false,&quot;folder&quot;:&quot;SYSTEM_FOLDER&quot;,&quot;folderPath&quot;:&quot;/&quot;,&quot;host&quot;:&quot;bd510b46862f6080706e42254b187400&quot;,&quot;iDate&quot;:1689188367690,&quot;icon&quot;:&quot;event_note&quot;,&quot;id&quot;:&quot;c37c58c9415fc089bfbb0c4980ab95ab&quot;,&quot;modDate&quot;:1689188368000,&quot;multilingualable&quot;:false,&quot;name&quot;:&quot;testName1689188367690&quot;,&quot;workflowSchemaNames&quot;:[&quot;System Workflow&quot;]}
expected -&gt; {&quot;contentType&quot;:{&quot;clazz&quot;:&quot;com.dotcms.contenttype.model.type.ImmutableSimpleContentType&quot;,&quot;name&quot;:&quot;testName1689188367690&quot;,&quot;id&quot;:&quot;c37c58c9415fc089bfbb0c4980ab95ab&quot;,&quot;description&quot;:&quot;testDescription1689188367690&quot;,&quot;defaultType&quot;:false,&quot;detailPage&quot;:null,&quot;fixed&quot;:false,&quot;iDate&quot;:1689188367690,&quot;system&quot;:false,&quot;versionable&quot;:true,&quot;multilingualable&quot;:false,&quot;variable&quot;:&quot;testVarname1689188367690&quot;,&quot;urlMapPattern&quot;:null,&quot;publishDateVar&quot;:null,&quot;expireDateVar&quot;:null,&quot;systemActionMappings&quot;:[]}
real -&gt; {&quot;contentType&quot;:{&quot;clazz&quot;:&quot;com.dotcms.contenttype.model.type.ImmutableSimpleContentType&quot;,&quot;defaultType&quot;:false,&quot;description&quot;:&quot;testDescription1689188367690&quot;,&quot;detailPage&quot;:null,&quot;expireDateVar&quot;:null,&quot;fixed&quot;:false,&quot;folder&quot;:&quot;SYSTEM_FOLDER&quot;,&quot;folderPath&quot;:&quot;/&quot;,&quot;host&quot;:&quot;bd510b46862f6080706e42254b187400&quot;,&quot;iDate&quot;:1689188367690,&quot;icon&quot;:&quot;event_note&quot;,&quot;id&quot;:&quot;c37c58c9415fc089bfbb0c4980ab95ab&quot;,&quot;modDate&quot;:1689188368000,&quot;multilingualable&quot;:false,&quot;name&quot;:&quot;testName1689188367690&quot;,&quot;workflowSchemaNames&quot;:[&quot;System Workflow&quot;]}
 expected:&lt;...SimpleContentType&quot;,&quot;[name&quot;:&quot;testName1689188367690&quot;,&quot;id&quot;:&quot;c37c58c9415fc089bfbb0c4980ab95ab&quot;,&quot;description&quot;:&quot;testDescription1689188367690&quot;,&quot;defaultType&quot;:false,&quot;detailPage&quot;:null,&quot;fixed&quot;:false,&quot;iDate&quot;:1689188367690,&quot;system&quot;:false,&quot;versionable&quot;:true,&quot;multilingualable&quot;:false,&quot;variable&quot;:&quot;testVarname1689188367690&quot;,&quot;urlMapPattern&quot;:null,&quot;publishDateVar&quot;:null,&quot;expireDateVar&quot;:null,&quot;systemActionMappings&quot;:[]]}&gt; but was:&lt;...SimpleContentType&quot;,&quot;[defaultType&quot;:false,&quot;description&quot;:&quot;testDescription1689188367690&quot;,&quot;detailPage&quot;:null,&quot;expireDateVar&quot;:null,&quot;fixed&quot;:false,&quot;folder&quot;:&quot;SYSTEM_FOLDER&quot;,&quot;folderPath&quot;:&quot;/&quot;,&quot;host&quot;:&quot;bd510b46862f6080706e42254b187400&quot;,&quot;iDate&quot;:1689188367690,&quot;icon&quot;:&quot;event_note&quot;,&quot;id&quot;:&quot;c37c58c9415fc089bfbb0c4980ab95ab&quot;,&quot;modDate&quot;:1689188368000,&quot;multilingualable&quot;:false,&quot;name&quot;:&quot;testName1689188367690&quot;,&quot;workflowSchemaNames&quot;:[&quot;System Workflow&quot;]]}&gt;
	at org.junit.Assert.assertEquals(Assert.java:117)
	at com.dotcms.test.util.FileTestUtil.assertBundleFile(FileTestUtil.java:265)
	at com.dotcms.test.util.FileTestUtil.assertBundleFile(FileTestUtil.java:156)
	at com.dotcms.publishing.PublisherAPIImplTest.assertBundle(PublisherAPIImplTest.java:786)
	at com.dotcms.publishing.PublisherAPIImplTest.generateBundle(PublisherAPIImplTest.java:536)
	at java.base/jdk.internal.reflect.NativeMethodAccessorImpl.invoke0(Native Method)
	at java.base/jdk.internal.reflect.NativeMethodAccessorImpl.invoke(NativeMethodAccessorImpl.java:62)
	at java.base/jdk.internal.reflect.DelegatingMethodAccessorImpl.invoke(DelegatingMethodAccessorImpl.java:43)
	at java.base/java.lang.reflect.Method.invoke(Method.java:566)
	at org.junit.runners.model.FrameworkMethod$1.runReflectiveCall(FrameworkMethod.java:59)
	at org.junit.internal.runners.model.ReflectiveCallable.run(ReflectiveCallable.java:12)
	at org.junit.runners.model.FrameworkMethod.invokeExplosively(FrameworkMethod.java:56)
	at com.tngtech.java.junit.dataprovider.DataProviderFrameworkMethod.invokeExplosively(DataProviderFrameworkMethod.java:119)
	at org.junit.internal.runners.statements.InvokeMethod.evaluate(InvokeMethod.java:17)
	at org.junit.runners.ParentRunner$3.evaluate(ParentRunner.java:306)
	at org.junit.rules.TestWatcher$1.evaluate(TestWatcher.java:61)
	at org.junit.rules.RunRules.evaluate(RunRules.java:20)
	at org.junit.runners.ParentRunner.runLeaf(ParentRunner.java:366)
	at com.dotcms.junit.CustomDataProviderRunner.runChild(CustomDataProviderRunner.java:41)
	at com.dotcms.junit.CustomDataProviderRunner.runChild(CustomDataProviderRunner.java:26)
	at org.junit.runners.ParentRunner$4.run(ParentRunner.java:331)
	at org.junit.runners.ParentRunner$1.schedule(ParentRunner.java:79)
	at org.junit.runners.ParentRunner.runChildren(ParentRunner.java:329)
	at org.junit.runners.ParentRunner.access$100(ParentRunner.java:66)
	at org.junit.runners.ParentRunner$2.evaluate(ParentRunner.java:293)
	at org.junit.runners.ParentRunner$3.evaluate(ParentRunner.java:306)
	at org.junit.runners.ParentRunner.run(ParentRunner.java:413)
	at com.dotcms.junit.MainBaseSuite$DotRunner.run(MainBaseSuite.java:71)
	at org.junit.runners.Suite.runChild(Suite.java:128)
	at org.junit.runners.Suite.runChild(Suite.java:27)
	at org.junit.runners.ParentRunner$4.run(ParentRunner.java:331)
	at org.junit.runners.ParentRunner$1.schedule(ParentRunner.java:79)
	at org.junit.runners.ParentRunner.runChildren(ParentRunner.java:329)
	at org.junit.runners.ParentRunner.access$100(ParentRunner.java:66)
	at org.junit.runners.ParentRunner$2.evaluate(ParentRunner.java:293)
	at org.junit.runners.ParentRunner$3.evaluate(ParentRunner.java:306)
	at org.junit.runners.ParentRunner.run(ParentRunner.java:413)
	at org.gradle.api.internal.tasks.testing.junit.JUnitTestClassExecutor.runTestClass(JUnitTestClassExecutor.java:110)
	at org.gradle.api.internal.tasks.testing.junit.JUnitTestClassExecutor.execute(JUnitTestClassExecutor.java:58)
	at org.gradle.api.internal.tasks.testing.junit.JUnitTestClassExecutor.execute(JUnitTestClassExecutor.java:38)
	at org.gradle.api.internal.tasks.testing.junit.AbstractJUnitTestClassProcessor.processTestClass(AbstractJUnitTestClassProcessor.java:62)
	at org.gradle.api.internal.tasks.testing.SuiteTestClassProcessor.processTestClass(SuiteTestClassProcessor.java:51)
	at java.base/jdk.internal.reflect.NativeMethodAccessorImpl.invoke0(Native Method)
	at java.base/jdk.internal.reflect.NativeMethodAccessorImpl.invoke(NativeMethodAccessorImpl.java:62)
	at java.base/jdk.internal.reflect.DelegatingMethodAccessorImpl.invoke(DelegatingMethodAccessorImpl.java:43)
	at java.base/java.lang.reflect.Method.invoke(Method.java:566)
	at org.gradle.internal.dispatch.ReflectionDispatch.dispatch(ReflectionDispatch.java:36)
	at org.gradle.internal.dispatch.ReflectionDispatch.dispatch(ReflectionDispatch.java:24)
	at org.gradle.internal.dispatch.ContextClassLoaderDispatch.dispatch(ContextClassLoaderDispatch.java:33)
	at org.gradle.internal.dispatch.ProxyDispatchAdapter$DispatchingInvocationHandler.invoke(ProxyDispatchAdapter.java:94)
	at com.sun.proxy.$Proxy5.processTestClass(Unknown Source)
	at org.gradle.api.internal.tasks.testing.worker.TestWorker$2.run(TestWorker.java:176)
	at org.gradle.api.internal.tasks.testing.worker.TestWorker.executeAndMaintainThreadName(TestWorker.java:129)
	at org.gradle.api.internal.tasks.testing.worker.TestWorker.execute(TestWorker.java:100)
	at org.gradle.api.internal.tasks.testing.worker.TestWorker.execute(TestWorker.java:60)
	at org.gradle.process.internal.worker.child.ActionExecutionWorker.execute(ActionExecutionWorker.java:56)
	at org.gradle.process.internal.worker.child.SystemApplicationClassLoaderWorker.call(SystemApplicationClassLoaderWorker.java:133)
	at org.gradle.process.internal.worker.child.SystemApplicationClassLoaderWorker.call(SystemApplicationClassLoaderWorker.java:71)
	at worker.org.gradle.process.internal.worker.GradleWorkerMain.run(GradleWorkerMain.java:69)
	at worker.org.gradle.process.internal.worker.GradleWorkerMain.main(GradleWorkerMain.java:74)
</failure>
  </testcase>
  <testcase name="generateBundle[2: com.dotcms.publishing.PublisherAPIImplTest$TestAsset@1555a77a]" classname="com.dotcms.publishing.PublisherAPIImplTest" time="0.104">
    <failure message="org.junit.ComparisonFailure: Fail for ImmutableSimpleContentType:&#10;Asset -&gt; SimpleContentType{name=testName1689188368744, id=4f3b43f84308b3812bfcc11dff8ffe09, description=testDescription1689188368744, defaultType=false, fixed=false, iDate=Wed Jul 12 18:59:28 UTC 2023, system=false, versionable=true, multilingualable=false, variable=testVarname1689188368744, owner=system, modDate=Wed Jul 12 18:59:29 UTC 2023, host=4064ebcb7842612e43ee36389fb37748, siteName=test1689188367752.dotcms.com, icon=event_note, sortOrder=0, folder=SYSTEM_FOLDER, folderPath=/, requiredFields=[], markedForDeletion=false} &#10;difference -&gt; defaultType&quot;:false,&quot;description&quot;:&quot;testDescription1689188368744&quot;,&quot;detailPage&quot;:null,&quot;expireDateVar&quot;:null,&quot;fixed&quot;:false,&quot;folder&quot;:&quot;SYSTEM_FOLDER&quot;,&quot;folderPath&quot;:&quot;/&quot;,&quot;host&quot;:&quot;4064ebcb7842612e43ee36389fb37748&quot;,&quot;iDate&quot;:1689188368744,&quot;icon&quot;:&quot;event_note&quot;,&quot;id&quot;:&quot;4f3b43f84308b3812bfcc11dff8ffe09&quot;,&quot;modDate&quot;:1689188369000,&quot;multilingualable&quot;:false,&quot;name&quot;:&quot;testName1689188368744&quot;,&quot;workflowSchemaNames&quot;:[&quot;System Workflow&quot;]}&#10;expected -&gt; {&quot;contentType&quot;:{&quot;clazz&quot;:&quot;com.dotcms.contenttype.model.type.ImmutableSimpleContentType&quot;,&quot;name&quot;:&quot;testName1689188368744&quot;,&quot;id&quot;:&quot;4f3b43f84308b3812bfcc11dff8ffe09&quot;,&quot;description&quot;:&quot;testDescription1689188368744&quot;,&quot;defaultType&quot;:false,&quot;detailPage&quot;:null,&quot;fixed&quot;:false,&quot;iDate&quot;:1689188368744,&quot;system&quot;:false,&quot;versionable&quot;:true,&quot;multilingualable&quot;:false,&quot;variable&quot;:&quot;testVarname1689188368744&quot;,&quot;urlMapPattern&quot;:null,&quot;publishDateVar&quot;:null,&quot;expireDateVar&quot;:null,&quot;systemActionMappings&quot;:[]}&#10;real -&gt; {&quot;contentType&quot;:{&quot;clazz&quot;:&quot;com.dotcms.contenttype.model.type.ImmutableSimpleContentType&quot;,&quot;defaultType&quot;:false,&quot;description&quot;:&quot;testDescription1689188368744&quot;,&quot;detailPage&quot;:null,&quot;expireDateVar&quot;:null,&quot;fixed&quot;:false,&quot;folder&quot;:&quot;SYSTEM_FOLDER&quot;,&quot;folderPath&quot;:&quot;/&quot;,&quot;host&quot;:&quot;4064ebcb7842612e43ee36389fb37748&quot;,&quot;iDate&quot;:1689188368744,&quot;icon&quot;:&quot;event_note&quot;,&quot;id&quot;:&quot;4f3b43f84308b3812bfcc11dff8ffe09&quot;,&quot;modDate&quot;:1689188369000,&quot;multilingualable&quot;:false,&quot;name&quot;:&quot;testName1689188368744&quot;,&quot;workflowSchemaNames&quot;:[&quot;System Workflow&quot;]}&#10; expected:&lt;...SimpleContentType&quot;,&quot;[name&quot;:&quot;testName1689188368744&quot;,&quot;id&quot;:&quot;4f3b43f84308b3812bfcc11dff8ffe09&quot;,&quot;description&quot;:&quot;testDescription1689188368744&quot;,&quot;defaultType&quot;:false,&quot;detailPage&quot;:null,&quot;fixed&quot;:false,&quot;iDate&quot;:1689188368744,&quot;system&quot;:false,&quot;versionable&quot;:true,&quot;multilingualable&quot;:false,&quot;variable&quot;:&quot;testVarname1689188368744&quot;,&quot;urlMapPattern&quot;:null,&quot;publishDateVar&quot;:null,&quot;expireDateVar&quot;:null,&quot;systemActionMappings&quot;:[]]}&gt; but was:&lt;...SimpleContentType&quot;,&quot;[defaultType&quot;:false,&quot;description&quot;:&quot;testDescription1689188368744&quot;,&quot;detailPage&quot;:null,&quot;expireDateVar&quot;:null,&quot;fixed&quot;:false,&quot;folder&quot;:&quot;SYSTEM_FOLDER&quot;,&quot;folderPath&quot;:&quot;/&quot;,&quot;host&quot;:&quot;4064ebcb7842612e43ee36389fb37748&quot;,&quot;iDate&quot;:1689188368744,&quot;icon&quot;:&quot;event_note&quot;,&quot;id&quot;:&quot;4f3b43f84308b3812bfcc11dff8ffe09&quot;,&quot;modDate&quot;:1689188369000,&quot;multilingualable&quot;:false,&quot;name&quot;:&quot;testName1689188368744&quot;,&quot;workflowSchemaNames&quot;:[&quot;System Workflow&quot;]]}&gt;" type="org.junit.ComparisonFailure">org.junit.ComparisonFailure: Fail for ImmutableSimpleContentType:
Asset -&gt; SimpleContentType{name=testName1689188368744, id=4f3b43f84308b3812bfcc11dff8ffe09, description=testDescription1689188368744, defaultType=false, fixed=false, iDate=Wed Jul 12 18:59:28 UTC 2023, system=false, versionable=true, multilingualable=false, variable=testVarname1689188368744, owner=system, modDate=Wed Jul 12 18:59:29 UTC 2023, host=4064ebcb7842612e43ee36389fb37748, siteName=test1689188367752.dotcms.com, icon=event_note, sortOrder=0, folder=SYSTEM_FOLDER, folderPath=/, requiredFields=[], markedForDeletion=false} 
difference -&gt; defaultType&quot;:false,&quot;description&quot;:&quot;testDescription1689188368744&quot;,&quot;detailPage&quot;:null,&quot;expireDateVar&quot;:null,&quot;fixed&quot;:false,&quot;folder&quot;:&quot;SYSTEM_FOLDER&quot;,&quot;folderPath&quot;:&quot;/&quot;,&quot;host&quot;:&quot;4064ebcb7842612e43ee36389fb37748&quot;,&quot;iDate&quot;:1689188368744,&quot;icon&quot;:&quot;event_note&quot;,&quot;id&quot;:&quot;4f3b43f84308b3812bfcc11dff8ffe09&quot;,&quot;modDate&quot;:1689188369000,&quot;multilingualable&quot;:false,&quot;name&quot;:&quot;testName1689188368744&quot;,&quot;workflowSchemaNames&quot;:[&quot;System Workflow&quot;]}
expected -&gt; {&quot;contentType&quot;:{&quot;clazz&quot;:&quot;com.dotcms.contenttype.model.type.ImmutableSimpleContentType&quot;,&quot;name&quot;:&quot;testName1689188368744&quot;,&quot;id&quot;:&quot;4f3b43f84308b3812bfcc11dff8ffe09&quot;,&quot;description&quot;:&quot;testDescription1689188368744&quot;,&quot;defaultType&quot;:false,&quot;detailPage&quot;:null,&quot;fixed&quot;:false,&quot;iDate&quot;:1689188368744,&quot;system&quot;:false,&quot;versionable&quot;:true,&quot;multilingualable&quot;:false,&quot;variable&quot;:&quot;testVarname1689188368744&quot;,&quot;urlMapPattern&quot;:null,&quot;publishDateVar&quot;:null,&quot;expireDateVar&quot;:null,&quot;systemActionMappings&quot;:[]}
real -&gt; {&quot;contentType&quot;:{&quot;clazz&quot;:&quot;com.dotcms.contenttype.model.type.ImmutableSimpleContentType&quot;,&quot;defaultType&quot;:false,&quot;description&quot;:&quot;testDescription1689188368744&quot;,&quot;detailPage&quot;:null,&quot;expireDateVar&quot;:null,&quot;fixed&quot;:false,&quot;folder&quot;:&quot;SYSTEM_FOLDER&quot;,&quot;folderPath&quot;:&quot;/&quot;,&quot;host&quot;:&quot;4064ebcb7842612e43ee36389fb37748&quot;,&quot;iDate&quot;:1689188368744,&quot;icon&quot;:&quot;event_note&quot;,&quot;id&quot;:&quot;4f3b43f84308b3812bfcc11dff8ffe09&quot;,&quot;modDate&quot;:1689188369000,&quot;multilingualable&quot;:false,&quot;name&quot;:&quot;testName1689188368744&quot;,&quot;workflowSchemaNames&quot;:[&quot;System Workflow&quot;]}
 expected:&lt;...SimpleContentType&quot;,&quot;[name&quot;:&quot;testName1689188368744&quot;,&quot;id&quot;:&quot;4f3b43f84308b3812bfcc11dff8ffe09&quot;,&quot;description&quot;:&quot;testDescription1689188368744&quot;,&quot;defaultType&quot;:false,&quot;detailPage&quot;:null,&quot;fixed&quot;:false,&quot;iDate&quot;:1689188368744,&quot;system&quot;:false,&quot;versionable&quot;:true,&quot;multilingualable&quot;:false,&quot;variable&quot;:&quot;testVarname1689188368744&quot;,&quot;urlMapPattern&quot;:null,&quot;publishDateVar&quot;:null,&quot;expireDateVar&quot;:null,&quot;systemActionMappings&quot;:[]]}&gt; but was:&lt;...SimpleContentType&quot;,&quot;[defaultType&quot;:false,&quot;description&quot;:&quot;testDescription1689188368744&quot;,&quot;detailPage&quot;:null,&quot;expireDateVar&quot;:null,&quot;fixed&quot;:false,&quot;folder&quot;:&quot;SYSTEM_FOLDER&quot;,&quot;folderPath&quot;:&quot;/&quot;,&quot;host&quot;:&quot;4064ebcb7842612e43ee36389fb37748&quot;,&quot;iDate&quot;:1689188368744,&quot;icon&quot;:&quot;event_note&quot;,&quot;id&quot;:&quot;4f3b43f84308b3812bfcc11dff8ffe09&quot;,&quot;modDate&quot;:1689188369000,&quot;multilingualable&quot;:false,&quot;name&quot;:&quot;testName1689188368744&quot;,&quot;workflowSchemaNames&quot;:[&quot;System Workflow&quot;]]}&gt;
	at org.junit.Assert.assertEquals(Assert.java:117)
	at com.dotcms.test.util.FileTestUtil.assertBundleFile(FileTestUtil.java:265)
	at com.dotcms.test.util.FileTestUtil.assertBundleFile(FileTestUtil.java:156)
	at com.dotcms.publishing.PublisherAPIImplTest.assertBundle(PublisherAPIImplTest.java:786)
	at com.dotcms.publishing.PublisherAPIImplTest.generateBundle(PublisherAPIImplTest.java:536)
	at java.base/jdk.internal.reflect.NativeMethodAccessorImpl.invoke0(Native Method)
	at java.base/jdk.internal.reflect.NativeMethodAccessorImpl.invoke(NativeMethodAccessorImpl.java:62)
	at java.base/jdk.internal.reflect.DelegatingMethodAccessorImpl.invoke(DelegatingMethodAccessorImpl.java:43)
	at java.base/java.lang.reflect.Method.invoke(Method.java:566)
	at org.junit.runners.model.FrameworkMethod$1.runReflectiveCall(FrameworkMethod.java:59)
	at org.junit.internal.runners.model.ReflectiveCallable.run(ReflectiveCallable.java:12)
	at org.junit.runners.model.FrameworkMethod.invokeExplosively(FrameworkMethod.java:56)
	at com.tngtech.java.junit.dataprovider.DataProviderFrameworkMethod.invokeExplosively(DataProviderFrameworkMethod.java:119)
	at org.junit.internal.runners.statements.InvokeMethod.evaluate(InvokeMethod.java:17)
	at org.junit.runners.ParentRunner$3.evaluate(ParentRunner.java:306)
	at org.junit.rules.TestWatcher$1.evaluate(TestWatcher.java:61)
	at org.junit.rules.RunRules.evaluate(RunRules.java:20)
	at org.junit.runners.ParentRunner.runLeaf(ParentRunner.java:366)
	at com.dotcms.junit.CustomDataProviderRunner.runChild(CustomDataProviderRunner.java:41)
	at com.dotcms.junit.CustomDataProviderRunner.runChild(CustomDataProviderRunner.java:26)
	at org.junit.runners.ParentRunner$4.run(ParentRunner.java:331)
	at org.junit.runners.ParentRunner$1.schedule(ParentRunner.java:79)
	at org.junit.runners.ParentRunner.runChildren(ParentRunner.java:329)
	at org.junit.runners.ParentRunner.access$100(ParentRunner.java:66)
	at org.junit.runners.ParentRunner$2.evaluate(ParentRunner.java:293)
	at org.junit.runners.ParentRunner$3.evaluate(ParentRunner.java:306)
	at org.junit.runners.ParentRunner.run(ParentRunner.java:413)
	at com.dotcms.junit.MainBaseSuite$DotRunner.run(MainBaseSuite.java:71)
	at org.junit.runners.Suite.runChild(Suite.java:128)
	at org.junit.runners.Suite.runChild(Suite.java:27)
	at org.junit.runners.ParentRunner$4.run(ParentRunner.java:331)
	at org.junit.runners.ParentRunner$1.schedule(ParentRunner.java:79)
	at org.junit.runners.ParentRunner.runChildren(ParentRunner.java:329)
	at org.junit.runners.ParentRunner.access$100(ParentRunner.java:66)
	at org.junit.runners.ParentRunner$2.evaluate(ParentRunner.java:293)
	at org.junit.runners.ParentRunner$3.evaluate(ParentRunner.java:306)
	at org.junit.runners.ParentRunner.run(ParentRunner.java:413)
	at org.gradle.api.internal.tasks.testing.junit.JUnitTestClassExecutor.runTestClass(JUnitTestClassExecutor.java:110)
	at org.gradle.api.internal.tasks.testing.junit.JUnitTestClassExecutor.execute(JUnitTestClassExecutor.java:58)
	at org.gradle.api.internal.tasks.testing.junit.JUnitTestClassExecutor.execute(JUnitTestClassExecutor.java:38)
	at org.gradle.api.internal.tasks.testing.junit.AbstractJUnitTestClassProcessor.processTestClass(AbstractJUnitTestClassProcessor.java:62)
	at org.gradle.api.internal.tasks.testing.SuiteTestClassProcessor.processTestClass(SuiteTestClassProcessor.java:51)
	at java.base/jdk.internal.reflect.NativeMethodAccessorImpl.invoke0(Native Method)
	at java.base/jdk.internal.reflect.NativeMethodAccessorImpl.invoke(NativeMethodAccessorImpl.java:62)
	at java.base/jdk.internal.reflect.DelegatingMethodAccessorImpl.invoke(DelegatingMethodAccessorImpl.java:43)
	at java.base/java.lang.reflect.Method.invoke(Method.java:566)
	at org.gradle.internal.dispatch.ReflectionDispatch.dispatch(ReflectionDispatch.java:36)
	at org.gradle.internal.dispatch.ReflectionDispatch.dispatch(ReflectionDispatch.java:24)
	at org.gradle.internal.dispatch.ContextClassLoaderDispatch.dispatch(ContextClassLoaderDispatch.java:33)
	at org.gradle.internal.dispatch.ProxyDispatchAdapter$DispatchingInvocationHandler.invoke(ProxyDispatchAdapter.java:94)
	at com.sun.proxy.$Proxy5.processTestClass(Unknown Source)
	at org.gradle.api.internal.tasks.testing.worker.TestWorker$2.run(TestWorker.java:176)
	at org.gradle.api.internal.tasks.testing.worker.TestWorker.executeAndMaintainThreadName(TestWorker.java:129)
	at org.gradle.api.internal.tasks.testing.worker.TestWorker.execute(TestWorker.java:100)
	at org.gradle.api.internal.tasks.testing.worker.TestWorker.execute(TestWorker.java:60)
	at org.gradle.process.internal.worker.child.ActionExecutionWorker.execute(ActionExecutionWorker.java:56)
	at org.gradle.process.internal.worker.child.SystemApplicationClassLoaderWorker.call(SystemApplicationClassLoaderWorker.java:133)
	at org.gradle.process.internal.worker.child.SystemApplicationClassLoaderWorker.call(SystemApplicationClassLoaderWorker.java:71)
	at worker.org.gradle.process.internal.worker.GradleWorkerMain.run(GradleWorkerMain.java:69)
	at worker.org.gradle.process.internal.worker.GradleWorkerMain.main(GradleWorkerMain.java:74)
</failure>
  </testcase>
  <testcase name="generateBundle[3: com.dotcms.publishing.PublisherAPIImplTest$TestAsset@74ce6eea]" classname="com.dotcms.publishing.PublisherAPIImplTest" time="0.249">
    <failure message="org.junit.ComparisonFailure: Fail for ImmutableSimpleContentType:&#10;Asset -&gt; SimpleContentType{name=testName1689188369759, id=ab02f5494e965d3795063739875fa26e, description=testDescription1689188369759, defaultType=false, fixed=false, iDate=Wed Jul 12 18:59:29 UTC 2023, system=false, versionable=true, multilingualable=false, variable=testVarname1689188369759, owner=system, modDate=Wed Jul 12 18:59:30 UTC 2023, host=43bd58af7a7fb1e4925bd6a48c6b9bf7, siteName=test1689188368771.dotcms.com, icon=event_note, sortOrder=0, folder=ef0508533bfa8afb6de3659343e1a3b8, folderPath=test1689188368771.dotcms.com:/testName1689188369746/testName1689188369755/, requiredFields=[], markedForDeletion=false} &#10;difference -&gt; defaultType&quot;:false,&quot;description&quot;:&quot;testDescription1689188369759&quot;,&quot;detailPage&quot;:null,&quot;expireDateVar&quot;:null,&quot;fixed&quot;:false,&quot;folder&quot;:&quot;ef0508533bfa8afb6de3659343e1a3b8&quot;,&quot;folderPath&quot;:&quot;test1689188368771.dotcms.com:/testName1689188369746/testName1689188369755/&quot;,&quot;host&quot;:&quot;43bd58af7a7fb1e4925bd6a48c6b9bf7&quot;,&quot;iDate&quot;:1689188369759,&quot;icon&quot;:&quot;event_note&quot;,&quot;id&quot;:&quot;ab02f5494e965d3795063739875fa26e&quot;,&quot;modDate&quot;:1689188370000,&quot;multilingualable&quot;:false,&quot;name&quot;:&quot;testName1689188369759&quot;,&quot;workflowSchemaNames&quot;:[&quot;System Workflow&quot;]}&#10;expected -&gt; {&quot;contentType&quot;:{&quot;clazz&quot;:&quot;com.dotcms.contenttype.model.type.ImmutableSimpleContentType&quot;,&quot;name&quot;:&quot;testName1689188369759&quot;,&quot;id&quot;:&quot;ab02f5494e965d3795063739875fa26e&quot;,&quot;description&quot;:&quot;testDescription1689188369759&quot;,&quot;defaultType&quot;:false,&quot;detailPage&quot;:null,&quot;fixed&quot;:false,&quot;iDate&quot;:1689188369759,&quot;system&quot;:false,&quot;versionable&quot;:true,&quot;multilingualable&quot;:false,&quot;variable&quot;:&quot;testVarname1689188369759&quot;,&quot;urlMapPattern&quot;:null,&quot;publishDateVar&quot;:null,&quot;expireDateVar&quot;:null,&quot;systemActionMappings&quot;:[]}&#10;real -&gt; {&quot;contentType&quot;:{&quot;clazz&quot;:&quot;com.dotcms.contenttype.model.type.ImmutableSimpleContentType&quot;,&quot;defaultType&quot;:false,&quot;description&quot;:&quot;testDescription1689188369759&quot;,&quot;detailPage&quot;:null,&quot;expireDateVar&quot;:null,&quot;fixed&quot;:false,&quot;folder&quot;:&quot;ef0508533bfa8afb6de3659343e1a3b8&quot;,&quot;folderPath&quot;:&quot;test1689188368771.dotcms.com:/testName1689188369746/testName1689188369755/&quot;,&quot;host&quot;:&quot;43bd58af7a7fb1e4925bd6a48c6b9bf7&quot;,&quot;iDate&quot;:1689188369759,&quot;icon&quot;:&quot;event_note&quot;,&quot;id&quot;:&quot;ab02f5494e965d3795063739875fa26e&quot;,&quot;modDate&quot;:1689188370000,&quot;multilingualable&quot;:false,&quot;name&quot;:&quot;testName1689188369759&quot;,&quot;workflowSchemaNames&quot;:[&quot;System Workflow&quot;]}&#10; expected:&lt;...SimpleContentType&quot;,&quot;[name&quot;:&quot;testName1689188369759&quot;,&quot;id&quot;:&quot;ab02f5494e965d3795063739875fa26e&quot;,&quot;description&quot;:&quot;testDescription1689188369759&quot;,&quot;defaultType&quot;:false,&quot;detailPage&quot;:null,&quot;fixed&quot;:false,&quot;iDate&quot;:1689188369759,&quot;system&quot;:false,&quot;versionable&quot;:true,&quot;multilingualable&quot;:false,&quot;variable&quot;:&quot;testVarname1689188369759&quot;,&quot;urlMapPattern&quot;:null,&quot;publishDateVar&quot;:null,&quot;expireDateVar&quot;:null,&quot;systemActionMappings&quot;:[]]}&gt; but was:&lt;...SimpleContentType&quot;,&quot;[defaultType&quot;:false,&quot;description&quot;:&quot;testDescription1689188369759&quot;,&quot;detailPage&quot;:null,&quot;expireDateVar&quot;:null,&quot;fixed&quot;:false,&quot;folder&quot;:&quot;ef0508533bfa8afb6de3659343e1a3b8&quot;,&quot;folderPath&quot;:&quot;test1689188368771.dotcms.com:/testName1689188369746/testName1689188369755/&quot;,&quot;host&quot;:&quot;43bd58af7a7fb1e4925bd6a48c6b9bf7&quot;,&quot;iDate&quot;:1689188369759,&quot;icon&quot;:&quot;event_note&quot;,&quot;id&quot;:&quot;ab02f5494e965d3795063739875fa26e&quot;,&quot;modDate&quot;:1689188370000,&quot;multilingualable&quot;:false,&quot;name&quot;:&quot;testName1689188369759&quot;,&quot;workflowSchemaNames&quot;:[&quot;System Workflow&quot;]]}&gt;" type="org.junit.ComparisonFailure">org.junit.ComparisonFailure: Fail for ImmutableSimpleContentType:
Asset -&gt; SimpleContentType{name=testName1689188369759, id=ab02f5494e965d3795063739875fa26e, description=testDescription1689188369759, defaultType=false, fixed=false, iDate=Wed Jul 12 18:59:29 UTC 2023, system=false, versionable=true, multilingualable=false, variable=testVarname1689188369759, owner=system, modDate=Wed Jul 12 18:59:30 UTC 2023, host=43bd58af7a7fb1e4925bd6a48c6b9bf7, siteName=test1689188368771.dotcms.com, icon=event_note, sortOrder=0, folder=ef0508533bfa8afb6de3659343e1a3b8, folderPath=test1689188368771.dotcms.com:/testName1689188369746/testName1689188369755/, requiredFields=[], markedForDeletion=false} 
difference -&gt; defaultType&quot;:false,&quot;description&quot;:&quot;testDescription1689188369759&quot;,&quot;detailPage&quot;:null,&quot;expireDateVar&quot;:null,&quot;fixed&quot;:false,&quot;folder&quot;:&quot;ef0508533bfa8afb6de3659343e1a3b8&quot;,&quot;folderPath&quot;:&quot;test1689188368771.dotcms.com:/testName1689188369746/testName1689188369755/&quot;,&quot;host&quot;:&quot;43bd58af7a7fb1e4925bd6a48c6b9bf7&quot;,&quot;iDate&quot;:1689188369759,&quot;icon&quot;:&quot;event_note&quot;,&quot;id&quot;:&quot;ab02f5494e965d3795063739875fa26e&quot;,&quot;modDate&quot;:1689188370000,&quot;multilingualable&quot;:false,&quot;name&quot;:&quot;testName1689188369759&quot;,&quot;workflowSchemaNames&quot;:[&quot;System Workflow&quot;]}
expected -&gt; {&quot;contentType&quot;:{&quot;clazz&quot;:&quot;com.dotcms.contenttype.model.type.ImmutableSimpleContentType&quot;,&quot;name&quot;:&quot;testName1689188369759&quot;,&quot;id&quot;:&quot;ab02f5494e965d3795063739875fa26e&quot;,&quot;description&quot;:&quot;testDescription1689188369759&quot;,&quot;defaultType&quot;:false,&quot;detailPage&quot;:null,&quot;fixed&quot;:false,&quot;iDate&quot;:1689188369759,&quot;system&quot;:false,&quot;versionable&quot;:true,&quot;multilingualable&quot;:false,&quot;variable&quot;:&quot;testVarname1689188369759&quot;,&quot;urlMapPattern&quot;:null,&quot;publishDateVar&quot;:null,&quot;expireDateVar&quot;:null,&quot;systemActionMappings&quot;:[]}
real -&gt; {&quot;contentType&quot;:{&quot;clazz&quot;:&quot;com.dotcms.contenttype.model.type.ImmutableSimpleContentType&quot;,&quot;defaultType&quot;:false,&quot;description&quot;:&quot;testDescription1689188369759&quot;,&quot;detailPage&quot;:null,&quot;expireDateVar&quot;:null,&quot;fixed&quot;:false,&quot;folder&quot;:&quot;ef0508533bfa8afb6de3659343e1a3b8&quot;,&quot;folderPath&quot;:&quot;test1689188368771.dotcms.com:/testName1689188369746/testName1689188369755/&quot;,&quot;host&quot;:&quot;43bd58af7a7fb1e4925bd6a48c6b9bf7&quot;,&quot;iDate&quot;:1689188369759,&quot;icon&quot;:&quot;event_note&quot;,&quot;id&quot;:&quot;ab02f5494e965d3795063739875fa26e&quot;,&quot;modDate&quot;:1689188370000,&quot;multilingualable&quot;:false,&quot;name&quot;:&quot;testName1689188369759&quot;,&quot;workflowSchemaNames&quot;:[&quot;System Workflow&quot;]}
 expected:&lt;...SimpleContentType&quot;,&quot;[name&quot;:&quot;testName1689188369759&quot;,&quot;id&quot;:&quot;ab02f5494e965d3795063739875fa26e&quot;,&quot;description&quot;:&quot;testDescription1689188369759&quot;,&quot;defaultType&quot;:false,&quot;detailPage&quot;:null,&quot;fixed&quot;:false,&quot;iDate&quot;:1689188369759,&quot;system&quot;:false,&quot;versionable&quot;:true,&quot;multilingualable&quot;:false,&quot;variable&quot;:&quot;testVarname1689188369759&quot;,&quot;urlMapPattern&quot;:null,&quot;publishDateVar&quot;:null,&quot;expireDateVar&quot;:null,&quot;systemActionMappings&quot;:[]]}&gt; but was:&lt;...SimpleContentType&quot;,&quot;[defaultType&quot;:false,&quot;description&quot;:&quot;testDescription1689188369759&quot;,&quot;detailPage&quot;:null,&quot;expireDateVar&quot;:null,&quot;fixed&quot;:false,&quot;folder&quot;:&quot;ef0508533bfa8afb6de3659343e1a3b8&quot;,&quot;folderPath&quot;:&quot;test1689188368771.dotcms.com:/testName1689188369746/testName1689188369755/&quot;,&quot;host&quot;:&quot;43bd58af7a7fb1e4925bd6a48c6b9bf7&quot;,&quot;iDate&quot;:1689188369759,&quot;icon&quot;:&quot;event_note&quot;,&quot;id&quot;:&quot;ab02f5494e965d3795063739875fa26e&quot;,&quot;modDate&quot;:1689188370000,&quot;multilingualable&quot;:false,&quot;name&quot;:&quot;testName1689188369759&quot;,&quot;workflowSchemaNames&quot;:[&quot;System Workflow&quot;]]}&gt;
	at org.junit.Assert.assertEquals(Assert.java:117)
	at com.dotcms.test.util.FileTestUtil.assertBundleFile(FileTestUtil.java:265)
	at com.dotcms.test.util.FileTestUtil.assertBundleFile(FileTestUtil.java:156)
	at com.dotcms.publishing.PublisherAPIImplTest.assertBundle(PublisherAPIImplTest.java:786)
	at com.dotcms.publishing.PublisherAPIImplTest.generateBundle(PublisherAPIImplTest.java:536)
	at java.base/jdk.internal.reflect.NativeMethodAccessorImpl.invoke0(Native Method)
	at java.base/jdk.internal.reflect.NativeMethodAccessorImpl.invoke(NativeMethodAccessorImpl.java:62)
	at java.base/jdk.internal.reflect.DelegatingMethodAccessorImpl.invoke(DelegatingMethodAccessorImpl.java:43)
	at java.base/java.lang.reflect.Method.invoke(Method.java:566)
	at org.junit.runners.model.FrameworkMethod$1.runReflectiveCall(FrameworkMethod.java:59)
	at org.junit.internal.runners.model.ReflectiveCallable.run(ReflectiveCallable.java:12)
	at org.junit.runners.model.FrameworkMethod.invokeExplosively(FrameworkMethod.java:56)
	at com.tngtech.java.junit.dataprovider.DataProviderFrameworkMethod.invokeExplosively(DataProviderFrameworkMethod.java:119)
	at org.junit.internal.runners.statements.InvokeMethod.evaluate(InvokeMethod.java:17)
	at org.junit.runners.ParentRunner$3.evaluate(ParentRunner.java:306)
	at org.junit.rules.TestWatcher$1.evaluate(TestWatcher.java:61)
	at org.junit.rules.RunRules.evaluate(RunRules.java:20)
	at org.junit.runners.ParentRunner.runLeaf(ParentRunner.java:366)
	at com.dotcms.junit.CustomDataProviderRunner.runChild(CustomDataProviderRunner.java:41)
	at com.dotcms.junit.CustomDataProviderRunner.runChild(CustomDataProviderRunner.java:26)
	at org.junit.runners.ParentRunner$4.run(ParentRunner.java:331)
	at org.junit.runners.ParentRunner$1.schedule(ParentRunner.java:79)
	at org.junit.runners.ParentRunner.runChildren(ParentRunner.java:329)
	at org.junit.runners.ParentRunner.access$100(ParentRunner.java:66)
	at org.junit.runners.ParentRunner$2.evaluate(ParentRunner.java:293)
	at org.junit.runners.ParentRunner$3.evaluate(ParentRunner.java:306)
	at org.junit.runners.ParentRunner.run(ParentRunner.java:413)
	at com.dotcms.junit.MainBaseSuite$DotRunner.run(MainBaseSuite.java:71)
	at org.junit.runners.Suite.runChild(Suite.java:128)
	at org.junit.runners.Suite.runChild(Suite.java:27)
	at org.junit.runners.ParentRunner$4.run(ParentRunner.java:331)
	at org.junit.runners.ParentRunner$1.schedule(ParentRunner.java:79)
	at org.junit.runners.ParentRunner.runChildren(ParentRunner.java:329)
	at org.junit.runners.ParentRunner.access$100(ParentRunner.java:66)
	at org.junit.runners.ParentRunner$2.evaluate(ParentRunner.java:293)
	at org.junit.runners.ParentRunner$3.evaluate(ParentRunner.java:306)
	at org.junit.runners.ParentRunner.run(ParentRunner.java:413)
	at org.gradle.api.internal.tasks.testing.junit.JUnitTestClassExecutor.runTestClass(JUnitTestClassExecutor.java:110)
	at org.gradle.api.internal.tasks.testing.junit.JUnitTestClassExecutor.execute(JUnitTestClassExecutor.java:58)
	at org.gradle.api.internal.tasks.testing.junit.JUnitTestClassExecutor.execute(JUnitTestClassExecutor.java:38)
	at org.gradle.api.internal.tasks.testing.junit.AbstractJUnitTestClassProcessor.processTestClass(AbstractJUnitTestClassProcessor.java:62)
	at org.gradle.api.internal.tasks.testing.SuiteTestClassProcessor.processTestClass(SuiteTestClassProcessor.java:51)
	at java.base/jdk.internal.reflect.NativeMethodAccessorImpl.invoke0(Native Method)
	at java.base/jdk.internal.reflect.NativeMethodAccessorImpl.invoke(NativeMethodAccessorImpl.java:62)
	at java.base/jdk.internal.reflect.DelegatingMethodAccessorImpl.invoke(DelegatingMethodAccessorImpl.java:43)
	at java.base/java.lang.reflect.Method.invoke(Method.java:566)
	at org.gradle.internal.dispatch.ReflectionDispatch.dispatch(ReflectionDispatch.java:36)
	at org.gradle.internal.dispatch.ReflectionDispatch.dispatch(ReflectionDispatch.java:24)
	at org.gradle.internal.dispatch.ContextClassLoaderDispatch.dispatch(ContextClassLoaderDispatch.java:33)
	at org.gradle.internal.dispatch.ProxyDispatchAdapter$DispatchingInvocationHandler.invoke(ProxyDispatchAdapter.java:94)
	at com.sun.proxy.$Proxy5.processTestClass(Unknown Source)
	at org.gradle.api.internal.tasks.testing.worker.TestWorker$2.run(TestWorker.java:176)
	at org.gradle.api.internal.tasks.testing.worker.TestWorker.executeAndMaintainThreadName(TestWorker.java:129)
	at org.gradle.api.internal.tasks.testing.worker.TestWorker.execute(TestWorker.java:100)
	at org.gradle.api.internal.tasks.testing.worker.TestWorker.execute(TestWorker.java:60)
	at org.gradle.process.internal.worker.child.ActionExecutionWorker.execute(ActionExecutionWorker.java:56)
	at org.gradle.process.internal.worker.child.SystemApplicationClassLoaderWorker.call(SystemApplicationClassLoaderWorker.java:133)
	at org.gradle.process.internal.worker.child.SystemApplicationClassLoaderWorker.call(SystemApplicationClassLoaderWorker.java:71)
	at worker.org.gradle.process.internal.worker.GradleWorkerMain.run(GradleWorkerMain.java:69)
	at worker.org.gradle.process.internal.worker.GradleWorkerMain.main(GradleWorkerMain.java:74)
</failure>
  </testcase>
  <testcase name="generateBundle[4: com.dotcms.publishing.PublisherAPIImplTest$TestAsset@10d859bf]" classname="com.dotcms.publishing.PublisherAPIImplTest" time="0.191">
    <failure message="org.junit.ComparisonFailure: Fail for ImmutableSimpleContentType:&#10;Asset -&gt; SimpleContentType{name=testName1689188370774, id=0be20f1dba63c1879211f6db85da27b7, description=testDescription1689188370774, defaultType=false, fixed=false, iDate=Wed Jul 12 18:59:30 UTC 2023, system=false, versionable=true, multilingualable=false, variable=testVarname1689188370774, owner=system, modDate=Wed Jul 12 18:59:31 UTC 2023, host=a61035a60914b795408a30731d725417, siteName=test1689188370143.dotcms.com, icon=event_note, sortOrder=0, folder=SYSTEM_FOLDER, folderPath=/, requiredFields=[], markedForDeletion=false} &#10;difference -&gt; defaultType&quot;:false,&quot;description&quot;:&quot;testDescription1689188370774&quot;,&quot;detailPage&quot;:null,&quot;expireDateVar&quot;:null,&quot;fixed&quot;:false,&quot;folder&quot;:&quot;SYSTEM_FOLDER&quot;,&quot;folderPath&quot;:&quot;/&quot;,&quot;host&quot;:&quot;a61035a60914b795408a30731d725417&quot;,&quot;iDate&quot;:1689188370774,&quot;icon&quot;:&quot;event_note&quot;,&quot;id&quot;:&quot;0be20f1dba63c1879211f6db85da27b7&quot;,&quot;modDate&quot;:1689188371000,&quot;multilingualable&quot;:false,&quot;name&quot;:&quot;testName1689188370774&quot;,&quot;workflowSchemaNames&quot;:[&quot;System Workflow&quot;]}&#10;expected -&gt; {&quot;contentType&quot;:{&quot;clazz&quot;:&quot;com.dotcms.contenttype.model.type.ImmutableSimpleContentType&quot;,&quot;name&quot;:&quot;testName1689188370774&quot;,&quot;id&quot;:&quot;0be20f1dba63c1879211f6db85da27b7&quot;,&quot;description&quot;:&quot;testDescription1689188370774&quot;,&quot;defaultType&quot;:false,&quot;detailPage&quot;:null,&quot;fixed&quot;:false,&quot;iDate&quot;:1689188370774,&quot;system&quot;:false,&quot;versionable&quot;:true,&quot;multilingualable&quot;:false,&quot;variable&quot;:&quot;testVarname1689188370774&quot;,&quot;urlMapPattern&quot;:null,&quot;publishDateVar&quot;:null,&quot;expireDateVar&quot;:null,&quot;systemActionMappings&quot;:[]}&#10;real -&gt; {&quot;contentType&quot;:{&quot;clazz&quot;:&quot;com.dotcms.contenttype.model.type.ImmutableSimpleContentType&quot;,&quot;defaultType&quot;:false,&quot;description&quot;:&quot;testDescription1689188370774&quot;,&quot;detailPage&quot;:null,&quot;expireDateVar&quot;:null,&quot;fixed&quot;:false,&quot;folder&quot;:&quot;SYSTEM_FOLDER&quot;,&quot;folderPath&quot;:&quot;/&quot;,&quot;host&quot;:&quot;a61035a60914b795408a30731d725417&quot;,&quot;iDate&quot;:1689188370774,&quot;icon&quot;:&quot;event_note&quot;,&quot;id&quot;:&quot;0be20f1dba63c1879211f6db85da27b7&quot;,&quot;modDate&quot;:1689188371000,&quot;multilingualable&quot;:false,&quot;name&quot;:&quot;testName1689188370774&quot;,&quot;workflowSchemaNames&quot;:[&quot;System Workflow&quot;]}&#10; expected:&lt;...SimpleContentType&quot;,&quot;[name&quot;:&quot;testName1689188370774&quot;,&quot;id&quot;:&quot;0be20f1dba63c1879211f6db85da27b7&quot;,&quot;description&quot;:&quot;testDescription1689188370774&quot;,&quot;defaultType&quot;:false,&quot;detailPage&quot;:null,&quot;fixed&quot;:false,&quot;iDate&quot;:1689188370774,&quot;system&quot;:false,&quot;versionable&quot;:true,&quot;multilingualable&quot;:false,&quot;variable&quot;:&quot;testVarname1689188370774&quot;,&quot;urlMapPattern&quot;:null,&quot;publishDateVar&quot;:null,&quot;expireDateVar&quot;:null,&quot;systemActionMappings&quot;:[]]}&gt; but was:&lt;...SimpleContentType&quot;,&quot;[defaultType&quot;:false,&quot;description&quot;:&quot;testDescription1689188370774&quot;,&quot;detailPage&quot;:null,&quot;expireDateVar&quot;:null,&quot;fixed&quot;:false,&quot;folder&quot;:&quot;SYSTEM_FOLDER&quot;,&quot;folderPath&quot;:&quot;/&quot;,&quot;host&quot;:&quot;a61035a60914b795408a30731d725417&quot;,&quot;iDate&quot;:1689188370774,&quot;icon&quot;:&quot;event_note&quot;,&quot;id&quot;:&quot;0be20f1dba63c1879211f6db85da27b7&quot;,&quot;modDate&quot;:1689188371000,&quot;multilingualable&quot;:false,&quot;name&quot;:&quot;testName1689188370774&quot;,&quot;workflowSchemaNames&quot;:[&quot;System Workflow&quot;]]}&gt;" type="org.junit.ComparisonFailure">org.junit.ComparisonFailure: Fail for ImmutableSimpleContentType:
Asset -&gt; SimpleContentType{name=testName1689188370774, id=0be20f1dba63c1879211f6db85da27b7, description=testDescription1689188370774, defaultType=false, fixed=false, iDate=Wed Jul 12 18:59:30 UTC 2023, system=false, versionable=true, multilingualable=false, variable=testVarname1689188370774, owner=system, modDate=Wed Jul 12 18:59:31 UTC 2023, host=a61035a60914b795408a30731d725417, siteName=test1689188370143.dotcms.com, icon=event_note, sortOrder=0, folder=SYSTEM_FOLDER, folderPath=/, requiredFields=[], markedForDeletion=false} 
difference -&gt; defaultType&quot;:false,&quot;description&quot;:&quot;testDescription1689188370774&quot;,&quot;detailPage&quot;:null,&quot;expireDateVar&quot;:null,&quot;fixed&quot;:false,&quot;folder&quot;:&quot;SYSTEM_FOLDER&quot;,&quot;folderPath&quot;:&quot;/&quot;,&quot;host&quot;:&quot;a61035a60914b795408a30731d725417&quot;,&quot;iDate&quot;:1689188370774,&quot;icon&quot;:&quot;event_note&quot;,&quot;id&quot;:&quot;0be20f1dba63c1879211f6db85da27b7&quot;,&quot;modDate&quot;:1689188371000,&quot;multilingualable&quot;:false,&quot;name&quot;:&quot;testName1689188370774&quot;,&quot;workflowSchemaNames&quot;:[&quot;System Workflow&quot;]}
expected -&gt; {&quot;contentType&quot;:{&quot;clazz&quot;:&quot;com.dotcms.contenttype.model.type.ImmutableSimpleContentType&quot;,&quot;name&quot;:&quot;testName1689188370774&quot;,&quot;id&quot;:&quot;0be20f1dba63c1879211f6db85da27b7&quot;,&quot;description&quot;:&quot;testDescription1689188370774&quot;,&quot;defaultType&quot;:false,&quot;detailPage&quot;:null,&quot;fixed&quot;:false,&quot;iDate&quot;:1689188370774,&quot;system&quot;:false,&quot;versionable&quot;:true,&quot;multilingualable&quot;:false,&quot;variable&quot;:&quot;testVarname1689188370774&quot;,&quot;urlMapPattern&quot;:null,&quot;publishDateVar&quot;:null,&quot;expireDateVar&quot;:null,&quot;systemActionMappings&quot;:[]}
real -&gt; {&quot;contentType&quot;:{&quot;clazz&quot;:&quot;com.dotcms.contenttype.model.type.ImmutableSimpleContentType&quot;,&quot;defaultType&quot;:false,&quot;description&quot;:&quot;testDescription1689188370774&quot;,&quot;detailPage&quot;:null,&quot;expireDateVar&quot;:null,&quot;fixed&quot;:false,&quot;folder&quot;:&quot;SYSTEM_FOLDER&quot;,&quot;folderPath&quot;:&quot;/&quot;,&quot;host&quot;:&quot;a61035a60914b795408a30731d725417&quot;,&quot;iDate&quot;:1689188370774,&quot;icon&quot;:&quot;event_note&quot;,&quot;id&quot;:&quot;0be20f1dba63c1879211f6db85da27b7&quot;,&quot;modDate&quot;:1689188371000,&quot;multilingualable&quot;:false,&quot;name&quot;:&quot;testName1689188370774&quot;,&quot;workflowSchemaNames&quot;:[&quot;System Workflow&quot;]}
 expected:&lt;...SimpleContentType&quot;,&quot;[name&quot;:&quot;testName1689188370774&quot;,&quot;id&quot;:&quot;0be20f1dba63c1879211f6db85da27b7&quot;,&quot;description&quot;:&quot;testDescription1689188370774&quot;,&quot;defaultType&quot;:false,&quot;detailPage&quot;:null,&quot;fixed&quot;:false,&quot;iDate&quot;:1689188370774,&quot;system&quot;:false,&quot;versionable&quot;:true,&quot;multilingualable&quot;:false,&quot;variable&quot;:&quot;testVarname1689188370774&quot;,&quot;urlMapPattern&quot;:null,&quot;publishDateVar&quot;:null,&quot;expireDateVar&quot;:null,&quot;systemActionMappings&quot;:[]]}&gt; but was:&lt;...SimpleContentType&quot;,&quot;[defaultType&quot;:false,&quot;description&quot;:&quot;testDescription1689188370774&quot;,&quot;detailPage&quot;:null,&quot;expireDateVar&quot;:null,&quot;fixed&quot;:false,&quot;folder&quot;:&quot;SYSTEM_FOLDER&quot;,&quot;folderPath&quot;:&quot;/&quot;,&quot;host&quot;:&quot;a61035a60914b795408a30731d725417&quot;,&quot;iDate&quot;:1689188370774,&quot;icon&quot;:&quot;event_note&quot;,&quot;id&quot;:&quot;0be20f1dba63c1879211f6db85da27b7&quot;,&quot;modDate&quot;:1689188371000,&quot;multilingualable&quot;:false,&quot;name&quot;:&quot;testName1689188370774&quot;,&quot;workflowSchemaNames&quot;:[&quot;System Workflow&quot;]]}&gt;
	at org.junit.Assert.assertEquals(Assert.java:117)
	at com.dotcms.test.util.FileTestUtil.assertBundleFile(FileTestUtil.java:265)
	at com.dotcms.test.util.FileTestUtil.assertBundleFile(FileTestUtil.java:156)
	at com.dotcms.publishing.PublisherAPIImplTest.assertBundle(PublisherAPIImplTest.java:786)
	at com.dotcms.publishing.PublisherAPIImplTest.generateBundle(PublisherAPIImplTest.java:536)
	at java.base/jdk.internal.reflect.NativeMethodAccessorImpl.invoke0(Native Method)
	at java.base/jdk.internal.reflect.NativeMethodAccessorImpl.invoke(NativeMethodAccessorImpl.java:62)
	at java.base/jdk.internal.reflect.DelegatingMethodAccessorImpl.invoke(DelegatingMethodAccessorImpl.java:43)
	at java.base/java.lang.reflect.Method.invoke(Method.java:566)
	at org.junit.runners.model.FrameworkMethod$1.runReflectiveCall(FrameworkMethod.java:59)
	at org.junit.internal.runners.model.ReflectiveCallable.run(ReflectiveCallable.java:12)
	at org.junit.runners.model.FrameworkMethod.invokeExplosively(FrameworkMethod.java:56)
	at com.tngtech.java.junit.dataprovider.DataProviderFrameworkMethod.invokeExplosively(DataProviderFrameworkMethod.java:119)
	at org.junit.internal.runners.statements.InvokeMethod.evaluate(InvokeMethod.java:17)
	at org.junit.runners.ParentRunner$3.evaluate(ParentRunner.java:306)
	at org.junit.rules.TestWatcher$1.evaluate(TestWatcher.java:61)
	at org.junit.rules.RunRules.evaluate(RunRules.java:20)
	at org.junit.runners.ParentRunner.runLeaf(ParentRunner.java:366)
	at com.dotcms.junit.CustomDataProviderRunner.runChild(CustomDataProviderRunner.java:41)
	at com.dotcms.junit.CustomDataProviderRunner.runChild(CustomDataProviderRunner.java:26)
	at org.junit.runners.ParentRunner$4.run(ParentRunner.java:331)
	at org.junit.runners.ParentRunner$1.schedule(ParentRunner.java:79)
	at org.junit.runners.ParentRunner.runChildren(ParentRunner.java:329)
	at org.junit.runners.ParentRunner.access$100(ParentRunner.java:66)
	at org.junit.runners.ParentRunner$2.evaluate(ParentRunner.java:293)
	at org.junit.runners.ParentRunner$3.evaluate(ParentRunner.java:306)
	at org.junit.runners.ParentRunner.run(ParentRunner.java:413)
	at com.dotcms.junit.MainBaseSuite$DotRunner.run(MainBaseSuite.java:71)
	at org.junit.runners.Suite.runChild(Suite.java:128)
	at org.junit.runners.Suite.runChild(Suite.java:27)
	at org.junit.runners.ParentRunner$4.run(ParentRunner.java:331)
	at org.junit.runners.ParentRunner$1.schedule(ParentRunner.java:79)
	at org.junit.runners.ParentRunner.runChildren(ParentRunner.java:329)
	at org.junit.runners.ParentRunner.access$100(ParentRunner.java:66)
	at org.junit.runners.ParentRunner$2.evaluate(ParentRunner.java:293)
	at org.junit.runners.ParentRunner$3.evaluate(ParentRunner.java:306)
	at org.junit.runners.ParentRunner.run(ParentRunner.java:413)
	at org.gradle.api.internal.tasks.testing.junit.JUnitTestClassExecutor.runTestClass(JUnitTestClassExecutor.java:110)
	at org.gradle.api.internal.tasks.testing.junit.JUnitTestClassExecutor.execute(JUnitTestClassExecutor.java:58)
	at org.gradle.api.internal.tasks.testing.junit.JUnitTestClassExecutor.execute(JUnitTestClassExecutor.java:38)
	at org.gradle.api.internal.tasks.testing.junit.AbstractJUnitTestClassProcessor.processTestClass(AbstractJUnitTestClassProcessor.java:62)
	at org.gradle.api.internal.tasks.testing.SuiteTestClassProcessor.processTestClass(SuiteTestClassProcessor.java:51)
	at java.base/jdk.internal.reflect.NativeMethodAccessorImpl.invoke0(Native Method)
	at java.base/jdk.internal.reflect.NativeMethodAccessorImpl.invoke(NativeMethodAccessorImpl.java:62)
	at java.base/jdk.internal.reflect.DelegatingMethodAccessorImpl.invoke(DelegatingMethodAccessorImpl.java:43)
	at java.base/java.lang.reflect.Method.invoke(Method.java:566)
	at org.gradle.internal.dispatch.ReflectionDispatch.dispatch(ReflectionDispatch.java:36)
	at org.gradle.internal.dispatch.ReflectionDispatch.dispatch(ReflectionDispatch.java:24)
	at org.gradle.internal.dispatch.ContextClassLoaderDispatch.dispatch(ContextClassLoaderDispatch.java:33)
	at org.gradle.internal.dispatch.ProxyDispatchAdapter$DispatchingInvocationHandler.invoke(ProxyDispatchAdapter.java:94)
	at com.sun.proxy.$Proxy5.processTestClass(Unknown Source)
	at org.gradle.api.internal.tasks.testing.worker.TestWorker$2.run(TestWorker.java:176)
	at org.gradle.api.internal.tasks.testing.worker.TestWorker.executeAndMaintainThreadName(TestWorker.java:129)
	at org.gradle.api.internal.tasks.testing.worker.TestWorker.execute(TestWorker.java:100)
	at org.gradle.api.internal.tasks.testing.worker.TestWorker.execute(TestWorker.java:60)
	at org.gradle.process.internal.worker.child.ActionExecutionWorker.execute(ActionExecutionWorker.java:56)
	at org.gradle.process.internal.worker.child.SystemApplicationClassLoaderWorker.call(SystemApplicationClassLoaderWorker.java:133)
	at org.gradle.process.internal.worker.child.SystemApplicationClassLoaderWorker.call(SystemApplicationClassLoaderWorker.java:71)
	at worker.org.gradle.process.internal.worker.GradleWorkerMain.run(GradleWorkerMain.java:69)
	at worker.org.gradle.process.internal.worker.GradleWorkerMain.main(GradleWorkerMain.java:74)
</failure>
  </testcase>
  <testcase name="generateBundle[5: com.dotcms.publishing.PublisherAPIImplTest$TestAsset@536d0355]" classname="com.dotcms.publishing.PublisherAPIImplTest" time="0.103"/>
  <testcase name="generateBundle[6: com.dotcms.publishing.PublisherAPIImplTest$TestAsset@6bbb1035]" classname="com.dotcms.publishing.PublisherAPIImplTest" time="0.089"/>
  <testcase name="generateBundle[7: com.dotcms.publishing.PublisherAPIImplTest$TestAsset@6c058a96]" classname="com.dotcms.publishing.PublisherAPIImplTest" time="0.097"/>
  <testcase name="generateBundle[8: com.dotcms.publishing.PublisherAPIImplTest$TestAsset@3ec22308]" classname="com.dotcms.publishing.PublisherAPIImplTest" time="0.059"/>
  <testcase name="generateBundle[9: com.dotcms.publishing.PublisherAPIImplTest$TestAsset@58ef82e]" classname="com.dotcms.publishing.PublisherAPIImplTest" time="0.121">
    <failure message="org.junit.ComparisonFailure: Fail for ImmutableSimpleContentType:&#10;Asset -&gt; SimpleContentType{name=testName1689188373838, id=aa35cdd457bda174c950d3da55eab57e, description=testDescription1689188373838, defaultType=false, fixed=false, iDate=Wed Jul 12 18:59:33 UTC 2023, system=false, versionable=true, multilingualable=false, variable=testVarname1689188373838, owner=system, modDate=Wed Jul 12 18:59:34 UTC 2023, host=73c4d743c9ead13415498659e0a17395, siteName=test1689188373048.dotcms.com, icon=event_note, sortOrder=0, folder=SYSTEM_FOLDER, folderPath=/, requiredFields=[], markedForDeletion=false} &#10;difference -&gt; defaultType&quot;:false,&quot;description&quot;:&quot;testDescription1689188373838&quot;,&quot;detailPage&quot;:null,&quot;expireDateVar&quot;:null,&quot;fixed&quot;:false,&quot;folder&quot;:&quot;SYSTEM_FOLDER&quot;,&quot;folderPath&quot;:&quot;/&quot;,&quot;host&quot;:&quot;73c4d743c9ead13415498659e0a17395&quot;,&quot;iDate&quot;:1689188373838,&quot;icon&quot;:&quot;event_note&quot;,&quot;id&quot;:&quot;aa35cdd457bda174c950d3da55eab57e&quot;,&quot;modDate&quot;:1689188374000,&quot;multilingualable&quot;:false,&quot;name&quot;:&quot;testName1689188373838&quot;,&quot;workflowSchemaNames&quot;:[&quot;System Workflow&quot;]}&#10;expected -&gt; {&quot;contentType&quot;:{&quot;clazz&quot;:&quot;com.dotcms.contenttype.model.type.ImmutableSimpleContentType&quot;,&quot;name&quot;:&quot;testName1689188373838&quot;,&quot;id&quot;:&quot;aa35cdd457bda174c950d3da55eab57e&quot;,&quot;description&quot;:&quot;testDescription1689188373838&quot;,&quot;defaultType&quot;:false,&quot;detailPage&quot;:null,&quot;fixed&quot;:false,&quot;iDate&quot;:1689188373838,&quot;system&quot;:false,&quot;versionable&quot;:true,&quot;multilingualable&quot;:false,&quot;variable&quot;:&quot;testVarname1689188373838&quot;,&quot;urlMapPattern&quot;:null,&quot;publishDateVar&quot;:null,&quot;expireDateVar&quot;:null,&quot;systemActionMappings&quot;:[]}&#10;real -&gt; {&quot;contentType&quot;:{&quot;clazz&quot;:&quot;com.dotcms.contenttype.model.type.ImmutableSimpleContentType&quot;,&quot;defaultType&quot;:false,&quot;description&quot;:&quot;testDescription1689188373838&quot;,&quot;detailPage&quot;:null,&quot;expireDateVar&quot;:null,&quot;fixed&quot;:false,&quot;folder&quot;:&quot;SYSTEM_FOLDER&quot;,&quot;folderPath&quot;:&quot;/&quot;,&quot;host&quot;:&quot;73c4d743c9ead13415498659e0a17395&quot;,&quot;iDate&quot;:1689188373838,&quot;icon&quot;:&quot;event_note&quot;,&quot;id&quot;:&quot;aa35cdd457bda174c950d3da55eab57e&quot;,&quot;modDate&quot;:1689188374000,&quot;multilingualable&quot;:false,&quot;name&quot;:&quot;testName1689188373838&quot;,&quot;workflowSchemaNames&quot;:[&quot;System Workflow&quot;]}&#10; expected:&lt;...SimpleContentType&quot;,&quot;[name&quot;:&quot;testName1689188373838&quot;,&quot;id&quot;:&quot;aa35cdd457bda174c950d3da55eab57e&quot;,&quot;description&quot;:&quot;testDescription1689188373838&quot;,&quot;defaultType&quot;:false,&quot;detailPage&quot;:null,&quot;fixed&quot;:false,&quot;iDate&quot;:1689188373838,&quot;system&quot;:false,&quot;versionable&quot;:true,&quot;multilingualable&quot;:false,&quot;variable&quot;:&quot;testVarname1689188373838&quot;,&quot;urlMapPattern&quot;:null,&quot;publishDateVar&quot;:null,&quot;expireDateVar&quot;:null,&quot;systemActionMappings&quot;:[]]}&gt; but was:&lt;...SimpleContentType&quot;,&quot;[defaultType&quot;:false,&quot;description&quot;:&quot;testDescription1689188373838&quot;,&quot;detailPage&quot;:null,&quot;expireDateVar&quot;:null,&quot;fixed&quot;:false,&quot;folder&quot;:&quot;SYSTEM_FOLDER&quot;,&quot;folderPath&quot;:&quot;/&quot;,&quot;host&quot;:&quot;73c4d743c9ead13415498659e0a17395&quot;,&quot;iDate&quot;:1689188373838,&quot;icon&quot;:&quot;event_note&quot;,&quot;id&quot;:&quot;aa35cdd457bda174c950d3da55eab57e&quot;,&quot;modDate&quot;:1689188374000,&quot;multilingualable&quot;:false,&quot;name&quot;:&quot;testName1689188373838&quot;,&quot;workflowSchemaNames&quot;:[&quot;System Workflow&quot;]]}&gt;" type="org.junit.ComparisonFailure">org.junit.ComparisonFailure: Fail for ImmutableSimpleContentType:
Asset -&gt; SimpleContentType{name=testName1689188373838, id=aa35cdd457bda174c950d3da55eab57e, description=testDescription1689188373838, defaultType=false, fixed=false, iDate=Wed Jul 12 18:59:33 UTC 2023, system=false, versionable=true, multilingualable=false, variable=testVarname1689188373838, owner=system, modDate=Wed Jul 12 18:59:34 UTC 2023, host=73c4d743c9ead13415498659e0a17395, siteName=test1689188373048.dotcms.com, icon=event_note, sortOrder=0, folder=SYSTEM_FOLDER, folderPath=/, requiredFields=[], markedForDeletion=false} 
difference -&gt; defaultType&quot;:false,&quot;description&quot;:&quot;testDescription1689188373838&quot;,&quot;detailPage&quot;:null,&quot;expireDateVar&quot;:null,&quot;fixed&quot;:false,&quot;folder&quot;:&quot;SYSTEM_FOLDER&quot;,&quot;folderPath&quot;:&quot;/&quot;,&quot;host&quot;:&quot;73c4d743c9ead13415498659e0a17395&quot;,&quot;iDate&quot;:1689188373838,&quot;icon&quot;:&quot;event_note&quot;,&quot;id&quot;:&quot;aa35cdd457bda174c950d3da55eab57e&quot;,&quot;modDate&quot;:1689188374000,&quot;multilingualable&quot;:false,&quot;name&quot;:&quot;testName1689188373838&quot;,&quot;workflowSchemaNames&quot;:[&quot;System Workflow&quot;]}
expected -&gt; {&quot;contentType&quot;:{&quot;clazz&quot;:&quot;com.dotcms.contenttype.model.type.ImmutableSimpleContentType&quot;,&quot;name&quot;:&quot;testName1689188373838&quot;,&quot;id&quot;:&quot;aa35cdd457bda174c950d3da55eab57e&quot;,&quot;description&quot;:&quot;testDescription1689188373838&quot;,&quot;defaultType&quot;:false,&quot;detailPage&quot;:null,&quot;fixed&quot;:false,&quot;iDate&quot;:1689188373838,&quot;system&quot;:false,&quot;versionable&quot;:true,&quot;multilingualable&quot;:false,&quot;variable&quot;:&quot;testVarname1689188373838&quot;,&quot;urlMapPattern&quot;:null,&quot;publishDateVar&quot;:null,&quot;expireDateVar&quot;:null,&quot;systemActionMappings&quot;:[]}
real -&gt; {&quot;contentType&quot;:{&quot;clazz&quot;:&quot;com.dotcms.contenttype.model.type.ImmutableSimpleContentType&quot;,&quot;defaultType&quot;:false,&quot;description&quot;:&quot;testDescription1689188373838&quot;,&quot;detailPage&quot;:null,&quot;expireDateVar&quot;:null,&quot;fixed&quot;:false,&quot;folder&quot;:&quot;SYSTEM_FOLDER&quot;,&quot;folderPath&quot;:&quot;/&quot;,&quot;host&quot;:&quot;73c4d743c9ead13415498659e0a17395&quot;,&quot;iDate&quot;:1689188373838,&quot;icon&quot;:&quot;event_note&quot;,&quot;id&quot;:&quot;aa35cdd457bda174c950d3da55eab57e&quot;,&quot;modDate&quot;:1689188374000,&quot;multilingualable&quot;:false,&quot;name&quot;:&quot;testName1689188373838&quot;,&quot;workflowSchemaNames&quot;:[&quot;System Workflow&quot;]}
 expected:&lt;...SimpleContentType&quot;,&quot;[name&quot;:&quot;testName1689188373838&quot;,&quot;id&quot;:&quot;aa35cdd457bda174c950d3da55eab57e&quot;,&quot;description&quot;:&quot;testDescription1689188373838&quot;,&quot;defaultType&quot;:false,&quot;detailPage&quot;:null,&quot;fixed&quot;:false,&quot;iDate&quot;:1689188373838,&quot;system&quot;:false,&quot;versionable&quot;:true,&quot;multilingualable&quot;:false,&quot;variable&quot;:&quot;testVarname1689188373838&quot;,&quot;urlMapPattern&quot;:null,&quot;publishDateVar&quot;:null,&quot;expireDateVar&quot;:null,&quot;systemActionMappings&quot;:[]]}&gt; but was:&lt;...SimpleContentType&quot;,&quot;[defaultType&quot;:false,&quot;description&quot;:&quot;testDescription1689188373838&quot;,&quot;detailPage&quot;:null,&quot;expireDateVar&quot;:null,&quot;fixed&quot;:false,&quot;folder&quot;:&quot;SYSTEM_FOLDER&quot;,&quot;folderPath&quot;:&quot;/&quot;,&quot;host&quot;:&quot;73c4d743c9ead13415498659e0a17395&quot;,&quot;iDate&quot;:1689188373838,&quot;icon&quot;:&quot;event_note&quot;,&quot;id&quot;:&quot;aa35cdd457bda174c950d3da55eab57e&quot;,&quot;modDate&quot;:1689188374000,&quot;multilingualable&quot;:false,&quot;name&quot;:&quot;testName1689188373838&quot;,&quot;workflowSchemaNames&quot;:[&quot;System Workflow&quot;]]}&gt;
	at org.junit.Assert.assertEquals(Assert.java:117)
	at com.dotcms.test.util.FileTestUtil.assertBundleFile(FileTestUtil.java:265)
	at com.dotcms.test.util.FileTestUtil.assertBundleFile(FileTestUtil.java:156)
	at com.dotcms.publishing.PublisherAPIImplTest.assertBundle(PublisherAPIImplTest.java:786)
	at com.dotcms.publishing.PublisherAPIImplTest.generateBundle(PublisherAPIImplTest.java:536)
	at java.base/jdk.internal.reflect.NativeMethodAccessorImpl.invoke0(Native Method)
	at java.base/jdk.internal.reflect.NativeMethodAccessorImpl.invoke(NativeMethodAccessorImpl.java:62)
	at java.base/jdk.internal.reflect.DelegatingMethodAccessorImpl.invoke(DelegatingMethodAccessorImpl.java:43)
	at java.base/java.lang.reflect.Method.invoke(Method.java:566)
	at org.junit.runners.model.FrameworkMethod$1.runReflectiveCall(FrameworkMethod.java:59)
	at org.junit.internal.runners.model.ReflectiveCallable.run(ReflectiveCallable.java:12)
	at org.junit.runners.model.FrameworkMethod.invokeExplosively(FrameworkMethod.java:56)
	at com.tngtech.java.junit.dataprovider.DataProviderFrameworkMethod.invokeExplosively(DataProviderFrameworkMethod.java:119)
	at org.junit.internal.runners.statements.InvokeMethod.evaluate(InvokeMethod.java:17)
	at org.junit.runners.ParentRunner$3.evaluate(ParentRunner.java:306)
	at org.junit.rules.TestWatcher$1.evaluate(TestWatcher.java:61)
	at org.junit.rules.RunRules.evaluate(RunRules.java:20)
	at org.junit.runners.ParentRunner.runLeaf(ParentRunner.java:366)
	at com.dotcms.junit.CustomDataProviderRunner.runChild(CustomDataProviderRunner.java:41)
	at com.dotcms.junit.CustomDataProviderRunner.runChild(CustomDataProviderRunner.java:26)
	at org.junit.runners.ParentRunner$4.run(ParentRunner.java:331)
	at org.junit.runners.ParentRunner$1.schedule(ParentRunner.java:79)
	at org.junit.runners.ParentRunner.runChildren(ParentRunner.java:329)
	at org.junit.runners.ParentRunner.access$100(ParentRunner.java:66)
	at org.junit.runners.ParentRunner$2.evaluate(ParentRunner.java:293)
	at org.junit.runners.ParentRunner$3.evaluate(ParentRunner.java:306)
	at org.junit.runners.ParentRunner.run(ParentRunner.java:413)
	at com.dotcms.junit.MainBaseSuite$DotRunner.run(MainBaseSuite.java:71)
	at org.junit.runners.Suite.runChild(Suite.java:128)
	at org.junit.runners.Suite.runChild(Suite.java:27)
	at org.junit.runners.ParentRunner$4.run(ParentRunner.java:331)
	at org.junit.runners.ParentRunner$1.schedule(ParentRunner.java:79)
	at org.junit.runners.ParentRunner.runChildren(ParentRunner.java:329)
	at org.junit.runners.ParentRunner.access$100(ParentRunner.java:66)
	at org.junit.runners.ParentRunner$2.evaluate(ParentRunner.java:293)
	at org.junit.runners.ParentRunner$3.evaluate(ParentRunner.java:306)
	at org.junit.runners.ParentRunner.run(ParentRunner.java:413)
	at org.gradle.api.internal.tasks.testing.junit.JUnitTestClassExecutor.runTestClass(JUnitTestClassExecutor.java:110)
	at org.gradle.api.internal.tasks.testing.junit.JUnitTestClassExecutor.execute(JUnitTestClassExecutor.java:58)
	at org.gradle.api.internal.tasks.testing.junit.JUnitTestClassExecutor.execute(JUnitTestClassExecutor.java:38)
	at org.gradle.api.internal.tasks.testing.junit.AbstractJUnitTestClassProcessor.processTestClass(AbstractJUnitTestClassProcessor.java:62)
	at org.gradle.api.internal.tasks.testing.SuiteTestClassProcessor.processTestClass(SuiteTestClassProcessor.java:51)
	at java.base/jdk.internal.reflect.NativeMethodAccessorImpl.invoke0(Native Method)
	at java.base/jdk.internal.reflect.NativeMethodAccessorImpl.invoke(NativeMethodAccessorImpl.java:62)
	at java.base/jdk.internal.reflect.DelegatingMethodAccessorImpl.invoke(DelegatingMethodAccessorImpl.java:43)
	at java.base/java.lang.reflect.Method.invoke(Method.java:566)
	at org.gradle.internal.dispatch.ReflectionDispatch.dispatch(ReflectionDispatch.java:36)
	at org.gradle.internal.dispatch.ReflectionDispatch.dispatch(ReflectionDispatch.java:24)
	at org.gradle.internal.dispatch.ContextClassLoaderDispatch.dispatch(ContextClassLoaderDispatch.java:33)
	at org.gradle.internal.dispatch.ProxyDispatchAdapter$DispatchingInvocationHandler.invoke(ProxyDispatchAdapter.java:94)
	at com.sun.proxy.$Proxy5.processTestClass(Unknown Source)
	at org.gradle.api.internal.tasks.testing.worker.TestWorker$2.run(TestWorker.java:176)
	at org.gradle.api.internal.tasks.testing.worker.TestWorker.executeAndMaintainThreadName(TestWorker.java:129)
	at org.gradle.api.internal.tasks.testing.worker.TestWorker.execute(TestWorker.java:100)
	at org.gradle.api.internal.tasks.testing.worker.TestWorker.execute(TestWorker.java:60)
	at org.gradle.process.internal.worker.child.ActionExecutionWorker.execute(ActionExecutionWorker.java:56)
	at org.gradle.process.internal.worker.child.SystemApplicationClassLoaderWorker.call(SystemApplicationClassLoaderWorker.java:133)
	at org.gradle.process.internal.worker.child.SystemApplicationClassLoaderWorker.call(SystemApplicationClassLoaderWorker.java:71)
	at worker.org.gradle.process.internal.worker.GradleWorkerMain.run(GradleWorkerMain.java:69)
	at worker.org.gradle.process.internal.worker.GradleWorkerMain.main(GradleWorkerMain.java:74)
</failure>
  </testcase>
  <testcase name="generateBundle[10: com.dotcms.publishing.PublisherAPIImplTest$TestAsset@36877a12]" classname="com.dotcms.publishing.PublisherAPIImplTest" time="0.019"/>
  <system-out><![CDATA[

































































]]></system-out>
  <system-err><![CDATA[]]></system-err>
</testsuite>
