<?xml version="1.0" encoding="UTF-8"?>
<testsuite name="com.dotcms.contenttype.test.ContentResourceTest" tests="52" skipped="0" failures="0" errors="0" timestamp="2023-07-12T19:28:53" hostname="fv-az621-917" time="149.882">
  <properties/>
  <testcase name="testGetContentShouldReturnIconDetails" classname="com.dotcms.contenttype.test.ContentResourceTest" time="1.694"/>
  <testcase name="Test_Save_Action_Set_Words_To_Required_NumericField_Issue_15340" classname="com.dotcms.contenttype.test.ContentResourceTest" time="0.956"/>
  <testcase name="test_getContent_includeGrandChildCategory_success" classname="com.dotcms.contenttype.test.ContentResourceTest" time="1.432"/>
  <testcase name="testGetContentWithRelatedParameter[0: com.dotcms.contenttype.test.ContentResourceTest$PullRelatedTestCase@38165dc3]" classname="com.dotcms.contenttype.test.ContentResourceTest" time="4.164"/>
  <testcase name="testGetContentWithRelatedParameter[1: com.dotcms.contenttype.test.ContentResourceTest$PullRelatedTestCase@39ad4510]" classname="com.dotcms.contenttype.test.ContentResourceTest" time="4.053"/>
  <testcase name="testGetContentWithRelatedParameter[2: com.dotcms.contenttype.test.ContentResourceTest$PullRelatedTestCase@3a4926e8]" classname="com.dotcms.contenttype.test.ContentResourceTest" time="3.805"/>
  <testcase name="testGetContentWithRelatedParameter[3: com.dotcms.contenttype.test.ContentResourceTest$PullRelatedTestCase@30c02f73]" classname="com.dotcms.contenttype.test.ContentResourceTest" time="3.757"/>
  <testcase name="testGetContentWithRelatedParameter[4: com.dotcms.contenttype.test.ContentResourceTest$PullRelatedTestCase@3a3284ed]" classname="com.dotcms.contenttype.test.ContentResourceTest" time="4.069"/>
  <testcase name="test_getContent_SelfRelatedWith3LevelsOfDepth_shouldReturnRelationships" classname="com.dotcms.contenttype.test.ContentResourceTest" time="1.459"/>
  <testcase name="Test_Save_Action_Send_Fields_SubSet_Issue_15340" classname="com.dotcms.contenttype.test.ContentResourceTest" time="3.142"/>
  <testcase name="test_getContent_shouldReturnRelationships[0: com.dotcms.contenttype.test.ContentResourceTest$TestCase@6964d37e]" classname="com.dotcms.contenttype.test.ContentResourceTest" time="2.994"/>
  <testcase name="test_getContent_shouldReturnRelationships[1: com.dotcms.contenttype.test.ContentResourceTest$TestCase@1a69c6dc]" classname="com.dotcms.contenttype.test.ContentResourceTest" time="2.942"/>
  <testcase name="test_getContent_shouldReturnRelationships[2: com.dotcms.contenttype.test.ContentResourceTest$TestCase@2b63c955]" classname="com.dotcms.contenttype.test.ContentResourceTest" time="3.044"/>
  <testcase name="test_getContent_shouldReturnRelationships[3: com.dotcms.contenttype.test.ContentResourceTest$TestCase@5582538]" classname="com.dotcms.contenttype.test.ContentResourceTest" time="2.134"/>
  <testcase name="test_getContent_shouldReturnRelationships[4: com.dotcms.contenttype.test.ContentResourceTest$TestCase@4ae8e9ce]" classname="com.dotcms.contenttype.test.ContentResourceTest" time="2.113"/>
  <testcase name="test_getContent_shouldReturnRelationships[5: com.dotcms.contenttype.test.ContentResourceTest$TestCase@1ee38969]" classname="com.dotcms.contenttype.test.ContentResourceTest" time="3.008"/>
  <testcase name="test_getContent_shouldReturnRelationships[6: com.dotcms.contenttype.test.ContentResourceTest$TestCase@2b7fd281]" classname="com.dotcms.contenttype.test.ContentResourceTest" time="3.323"/>
  <testcase name="test_getContent_shouldReturnRelationships[7: com.dotcms.contenttype.test.ContentResourceTest$TestCase@6f4a4333]" classname="com.dotcms.contenttype.test.ContentResourceTest" time="2.361"/>
  <testcase name="test_getContent_shouldReturnRelationships[8: com.dotcms.contenttype.test.ContentResourceTest$TestCase@6261718d]" classname="com.dotcms.contenttype.test.ContentResourceTest" time="3.499"/>
  <testcase name="test_getContent_shouldReturnRelationships[9: com.dotcms.contenttype.test.ContentResourceTest$TestCase@604b0469]" classname="com.dotcms.contenttype.test.ContentResourceTest" time="3.389"/>
  <testcase name="test_getContent_shouldReturnRelationships[10: com.dotcms.contenttype.test.ContentResourceTest$TestCase@3575393b]" classname="com.dotcms.contenttype.test.ContentResourceTest" time="3.13"/>
  <testcase name="test_getContent_shouldReturnRelationships[11: com.dotcms.contenttype.test.ContentResourceTest$TestCase@81ba77d]" classname="com.dotcms.contenttype.test.ContentResourceTest" time="3.054"/>
  <testcase name="test_getContent_shouldReturnRelationships[12: com.dotcms.contenttype.test.ContentResourceTest$TestCase@611f42ea]" classname="com.dotcms.contenttype.test.ContentResourceTest" time="2.953"/>
  <testcase name="test_getContent_shouldReturnRelationships[13: com.dotcms.contenttype.test.ContentResourceTest$TestCase@594f6aec]" classname="com.dotcms.contenttype.test.ContentResourceTest" time="3.011"/>
  <testcase name="test_getContent_shouldReturnRelationships[14: com.dotcms.contenttype.test.ContentResourceTest$TestCase@45ef3c1f]" classname="com.dotcms.contenttype.test.ContentResourceTest" time="2.937"/>
  <testcase name="test_getContent_shouldReturnRelationships[15: com.dotcms.contenttype.test.ContentResourceTest$TestCase@109a5b90]" classname="com.dotcms.contenttype.test.ContentResourceTest" time="4.134"/>
  <testcase name="test_getContent_shouldReturnRelationships[16: com.dotcms.contenttype.test.ContentResourceTest$TestCase@b09437b]" classname="com.dotcms.contenttype.test.ContentResourceTest" time="4.021"/>
  <testcase name="test_getContent_shouldReturnRelationships[17: com.dotcms.contenttype.test.ContentResourceTest$TestCase@293340fc]" classname="com.dotcms.contenttype.test.ContentResourceTest" time="3.203"/>
  <testcase name="test_getContent_shouldReturnRelationships[18: com.dotcms.contenttype.test.ContentResourceTest$TestCase@15009e01]" classname="com.dotcms.contenttype.test.ContentResourceTest" time="3.521"/>
  <testcase name="test_getContent_shouldReturnRelationships[19: com.dotcms.contenttype.test.ContentResourceTest$TestCase@578411ea]" classname="com.dotcms.contenttype.test.ContentResourceTest" time="2.292"/>
  <testcase name="test_getContent_shouldReturnRelationships[20: com.dotcms.contenttype.test.ContentResourceTest$TestCase@165792fa]" classname="com.dotcms.contenttype.test.ContentResourceTest" time="3.525"/>
  <testcase name="test_getContent_shouldReturnRelationships[21: com.dotcms.contenttype.test.ContentResourceTest$TestCase@2550146c]" classname="com.dotcms.contenttype.test.ContentResourceTest" time="2.712"/>
  <testcase name="test_getContent_shouldReturnRelationships[22: com.dotcms.contenttype.test.ContentResourceTest$TestCase@34316651]" classname="com.dotcms.contenttype.test.ContentResourceTest" time="3.211"/>
  <testcase name="test_getContent_shouldReturnRelationships[23: com.dotcms.contenttype.test.ContentResourceTest$TestCase@434d2a7c]" classname="com.dotcms.contenttype.test.ContentResourceTest" time="3.239"/>
  <testcase name="test_getContent_shouldReturnRelationships[24: com.dotcms.contenttype.test.ContentResourceTest$TestCase@69a7a0ad]" classname="com.dotcms.contenttype.test.ContentResourceTest" time="2.425"/>
  <testcase name="test_getContent_shouldReturnRelationships[25: com.dotcms.contenttype.test.ContentResourceTest$TestCase@4c712a81]" classname="com.dotcms.contenttype.test.ContentResourceTest" time="3.296"/>
  <testcase name="test_getContent_shouldReturnRelationships[26: com.dotcms.contenttype.test.ContentResourceTest$TestCase@73cdceb0]" classname="com.dotcms.contenttype.test.ContentResourceTest" time="3.651"/>
  <testcase name="test_getContent_shouldReturnRelationships[27: com.dotcms.contenttype.test.ContentResourceTest$TestCase@59f9047f]" classname="com.dotcms.contenttype.test.ContentResourceTest" time="2.358"/>
  <testcase name="test_getContent_shouldReturnRelationships[28: com.dotcms.contenttype.test.ContentResourceTest$TestCase@d0f7525]" classname="com.dotcms.contenttype.test.ContentResourceTest" time="3.283"/>
  <testcase name="test_getContent_shouldReturnRelationships[29: com.dotcms.contenttype.test.ContentResourceTest$TestCase@48ef6327]" classname="com.dotcms.contenttype.test.ContentResourceTest" time="3.053"/>
  <testcase name="test_getContent_shouldReturnRelationships[30: com.dotcms.contenttype.test.ContentResourceTest$TestCase@55ca9cc4]" classname="com.dotcms.contenttype.test.ContentResourceTest" time="3.109"/>
  <testcase name="test_getContent_shouldReturnRelationships[31: com.dotcms.contenttype.test.ContentResourceTest$TestCase@4401a0fe]" classname="com.dotcms.contenttype.test.ContentResourceTest" time="3.167"/>
  <testcase name="test_getContent_shouldReturnRelationships[32: com.dotcms.contenttype.test.ContentResourceTest$TestCase@32514306]" classname="com.dotcms.contenttype.test.ContentResourceTest" time="4.262"/>
  <testcase name="test_getContent_shouldReturnRelationships[33: com.dotcms.contenttype.test.ContentResourceTest$TestCase@194e830]" classname="com.dotcms.contenttype.test.ContentResourceTest" time="4.09"/>
  <testcase name="testSinglePOST_InvalidParamsShouldReturn400[0: ({\n    &quot;stInode&quot; : &quot;InvalidValue&quot;,\n    &quot;numeric&quot; : &quot;0&quot;,\n    &quot;image&quot; : &quot;whatever&quot;\n}, Bad Request)]" classname="com.dotcms.contenttype.test.ContentResourceTest" time="0.945"/>
  <testcase name="testSinglePOST_InvalidParamsShouldReturn400[1: ({\n    &quot;numeric&quot; : &quot;0&quot;,\n    &quot;image&quot; : &quot;whatever&quot;\n}, Bad Request)]" classname="com.dotcms.contenttype.test.ContentResourceTest" time="0.923"/>
  <testcase name="Test_Save_Action_Set_Null_To_Required_NumericField_Issue_15340" classname="com.dotcms.contenttype.test.ContentResourceTest" time="0.953"/>
  <testcase name="Test_Save_Action_Remove_Image_Then_Verify_Fields_Were_Cleared_Issue_15340" classname="com.dotcms.contenttype.test.ContentResourceTest" time="4.053"/>
  <testcase name="test_getContentWithMultipleSelfRelated_shouldReturnRelationships[0: com.dotcms.contenttype.test.ContentResourceTest$PullSelfRelatedTestCase@49f63ed3]" classname="com.dotcms.contenttype.test.ContentResourceTest" time="1.852"/>
  <testcase name="test_getContentWithMultipleSelfRelated_shouldReturnRelationships[1: com.dotcms.contenttype.test.ContentResourceTest$PullSelfRelatedTestCase@71070d98]" classname="com.dotcms.contenttype.test.ContentResourceTest" time="1.853"/>
  <testcase name="testGetContentWithAllCategoriesInfo[0: json]" classname="com.dotcms.contenttype.test.ContentResourceTest" time="2.632"/>
  <testcase name="testGetContentWithAllCategoriesInfo[1: xml]" classname="com.dotcms.contenttype.test.ContentResourceTest" time="1.692"/>
  <system-out><![CDATA[











]]></system-out>
  <system-err><![CDATA[]]></system-err>
</testsuite>
