<?xml version="1.0" encoding="UTF-8"?>
<testsuite name="com.dotcms.enterprise.publishing.remote.PushPublishBundleGeneratorTest" tests="10" skipped="0" failures="0" errors="0" timestamp="2023-06-26T16:50:59" hostname="fv-az455-779" time="15.611">
  <properties/>
  <testcase name="Test_GenerateBundle_PageWithTemplateDeleted_PageSuccessfullyAddedToBundle" classname="com.dotcms.enterprise.publishing.remote.PushPublishBundleGeneratorTest" time="1.398"/>
  <testcase name="testGenerateBundleWithFilter_DependenciesFalse_TemplateContainerFolderContenttypeContentlet_NotAdded" classname="com.dotcms.enterprise.publishing.remote.PushPublishBundleGeneratorTest" time="2.275"/>
  <testcase name="testGenerateBundleWithFilter_ExcludeDependencyQuery_ContentFromChildContentType_NotAdded" classname="com.dotcms.enterprise.publishing.remote.PushPublishBundleGeneratorTest" time="3.019"/>
  <testcase name="testGenerateBundleWithFilter_RelationshipsFalse_ChildcontentletChildcontentyypeRelationship_NotAdded" classname="com.dotcms.enterprise.publishing.remote.PushPublishBundleGeneratorTest" time="2.099"/>
  <testcase name="Test_GenerateBundle_FileAssetZeroBytes_ContentAllowZeroLengthFilesSetToTrue_Success" classname="com.dotcms.enterprise.publishing.remote.PushPublishBundleGeneratorTest" time="0.816"/>
  <testcase name="Test_GenerateBundle_FileAssetZeroBytes_ContentAllowZeroLengthFilesSetToFalse_DotBundleException" classname="com.dotcms.enterprise.publishing.remote.PushPublishBundleGeneratorTest" time="0.991"/>
  <testcase name="testGenerateBundleWithFilter_ExcludeClasses_TemplateContainer_NotAdded" classname="com.dotcms.enterprise.publishing.remote.PushPublishBundleGeneratorTest" time="0.213"/>
  <testcase name="testGenerateBundle_FilterDependenciesAndForcePushFalse_ContentExplicitlyAddedMustBePushedRegardlessPushDate" classname="com.dotcms.enterprise.publishing.remote.PushPublishBundleGeneratorTest" time="1.636"/>
  <testcase name="testGenerateBundleWithFilter_ExcludeDependencyClasses_ContentTypeWorkflow_NotAdded" classname="com.dotcms.enterprise.publishing.remote.PushPublishBundleGeneratorTest" time="1.78"/>
  <testcase name="testGenerateBundleWithFilter_ExcludeQuery_BaseTypeWidget_NotAdded" classname="com.dotcms.enterprise.publishing.remote.PushPublishBundleGeneratorTest" time="1.381"/>
  <system-out><![CDATA[]]></system-out>
  <system-err><![CDATA[]]></system-err>
</testsuite>
