<?xml version="1.0" encoding="UTF-8"?>
<testsuite name="com.dotcms.rest.elasticsearch.ESContentResourcePortletTest" tests="8" skipped="0" failures="0" errors="0" timestamp="2023-06-29T17:11:05" hostname="fv-az615-773" time="7.823">
  <properties/>
  <testcase name="test_search_includeGrandChildCategory_success" classname="com.dotcms.rest.elasticsearch.ESContentResourcePortletTest" time="1.404"/>
  <testcase name="testSearch[0: com.dotcms.rest.elasticsearch.ESContentResourcePortletTest$TestCase@3e1d6750]" classname="com.dotcms.rest.elasticsearch.ESContentResourcePortletTest" time="0.97"/>
  <testcase name="testSearch[1: com.dotcms.rest.elasticsearch.ESContentResourcePortletTest$TestCase@46c6a023]" classname="com.dotcms.rest.elasticsearch.ESContentResourcePortletTest" time="1.241"/>
  <testcase name="testSearch[2: com.dotcms.rest.elasticsearch.ESContentResourcePortletTest$TestCase@eeb2833]" classname="com.dotcms.rest.elasticsearch.ESContentResourcePortletTest" time="0.932"/>
  <testcase name="testSearch[3: com.dotcms.rest.elasticsearch.ESContentResourcePortletTest$TestCase@1cdee8f2]" classname="com.dotcms.rest.elasticsearch.ESContentResourcePortletTest" time="1.243"/>
  <testcase name="testSearch[4: com.dotcms.rest.elasticsearch.ESContentResourcePortletTest$TestCase@492c2bde]" classname="com.dotcms.rest.elasticsearch.ESContentResourcePortletTest" time="0.252"/>
  <testcase name="testSearch[5: com.dotcms.rest.elasticsearch.ESContentResourcePortletTest$TestCase@3a984d60]" classname="com.dotcms.rest.elasticsearch.ESContentResourcePortletTest" time="0.903"/>
  <testcase name="testSearch[6: com.dotcms.rest.elasticsearch.ESContentResourcePortletTest$TestCase@6de540b0]" classname="com.dotcms.rest.elasticsearch.ESContentResourcePortletTest" time="0.875"/>
  <system-out><![CDATA[]]></system-out>
  <system-err><![CDATA[]]></system-err>
</testsuite>
