<?xml version="1.0" encoding="UTF-8"?>
<testsuite name="com.dotcms.rest.TagResourceIntegrationTest" tests="4" skipped="0" failures="0" errors="0" timestamp="2023-07-19T15:29:05" hostname="fv-az218-51" time="0.393">
  <properties/>
  <testcase name="testList[0: com.dotcms.rest.TagResourceTestCase@4bd43c39]" classname="com.dotcms.rest.TagResourceIntegrationTest" time="0.309"/>
  <testcase name="testList[1: com.dotcms.rest.TagResourceTestCase@23ae8165]" classname="com.dotcms.rest.TagResourceIntegrationTest" time="0.032"/>
  <testcase name="testList[2: com.dotcms.rest.TagResourceTestCase@4daeb0a6]" classname="com.dotcms.rest.TagResourceIntegrationTest" time="0.025"/>
  <testcase name="testList[3: com.dotcms.rest.TagResourceTestCase@1ec11f67]" classname="com.dotcms.rest.TagResourceIntegrationTest" time="0.025"/>
  <system-out><![CDATA[]]></system-out>
  <system-err><![CDATA[Jul 19, 2023 3:29:05 PM com.dotcms.repackage.org.hibernate.validator.internal.util.Version <clinit>
INFO: HV000001: Hibernate Validator 4.3.2.Final
]]></system-err>
</testsuite>
