<?xml version="1.0" encoding="UTF-8"?>
<testsuite name="com.dotcms.rest.api.v1.vtl.VTLResourceIntegrationTest" tests="6" skipped="0" failures="0" errors="0" timestamp="2023-07-17T17:00:52" hostname="fv-az404-376" time="11.416">
  <properties/>
  <testcase name="testGet[0: com.dotcms.rest.api.v1.vtl.VTLResourceTestCase@6375f07b]" classname="com.dotcms.rest.api.v1.vtl.VTLResourceIntegrationTest" time="2.542"/>
  <testcase name="testGet[1: com.dotcms.rest.api.v1.vtl.VTLResourceTestCase@22aea543]" classname="com.dotcms.rest.api.v1.vtl.VTLResourceIntegrationTest" time="1.828"/>
  <testcase name="testGet[2: com.dotcms.rest.api.v1.vtl.VTLResourceTestCase@22e777a3]" classname="com.dotcms.rest.api.v1.vtl.VTLResourceIntegrationTest" time="2.063"/>
  <testcase name="testGet[3: com.dotcms.rest.api.v1.vtl.VTLResourceTestCase@5143e3bd]" classname="com.dotcms.rest.api.v1.vtl.VTLResourceIntegrationTest" time="1.147"/>
  <testcase name="testGet[4: com.dotcms.rest.api.v1.vtl.VTLResourceTestCase@1df927c6]" classname="com.dotcms.rest.api.v1.vtl.VTLResourceIntegrationTest" time="1.948"/>
  <testcase name="testGet[5: com.dotcms.rest.api.v1.vtl.VTLResourceTestCase@4a2a0d87]" classname="com.dotcms.rest.api.v1.vtl.VTLResourceIntegrationTest" time="1.888"/>
  <system-out><![CDATA[]]></system-out>
  <system-err><![CDATA[]]></system-err>
</testsuite>
