<?xml version="1.0" encoding="UTF-8"?>
<testsuite name="com.dotmarketing.portlets.structure.model.ContentletRelationshipsTest" tests="7" skipped="0" failures="0" errors="0" timestamp="2023-07-13T17:09:11" hostname="fv-az216-569" time="10.936">
  <properties/>
  <testcase name="testDoesAllowOnlyOne[0: com.dotmarketing.portlets.structure.model.ContentletRelationshipsTest$CardinalityTestCase@276d4aee]" classname="com.dotmarketing.portlets.structure.model.ContentletRelationshipsTest" time="0.714"/>
  <testcase name="testDoesAllowOnlyOne[1: com.dotmarketing.portlets.structure.model.ContentletRelationshipsTest$CardinalityTestCase@4e1702ca]" classname="com.dotmarketing.portlets.structure.model.ContentletRelationshipsTest" time="0.811"/>
  <testcase name="testDoesAllowOnlyOne[2: com.dotmarketing.portlets.structure.model.ContentletRelationshipsTest$CardinalityTestCase@442dfe97]" classname="com.dotmarketing.portlets.structure.model.ContentletRelationshipsTest" time="0.818"/>
  <testcase name="testGetRelationshipRecords[0: com.dotmarketing.portlets.structure.model.ContentletRelationshipsTest$TestCase@46a6dc16]" classname="com.dotmarketing.portlets.structure.model.ContentletRelationshipsTest" time="2.494"/>
  <testcase name="testGetRelationshipRecords[1: com.dotmarketing.portlets.structure.model.ContentletRelationshipsTest$TestCase@b51d416]" classname="com.dotmarketing.portlets.structure.model.ContentletRelationshipsTest" time="2.431"/>
  <testcase name="testGetRelationshipRecords[2: com.dotmarketing.portlets.structure.model.ContentletRelationshipsTest$TestCase@7d2696e4]" classname="com.dotmarketing.portlets.structure.model.ContentletRelationshipsTest" time="2.392"/>
  <testcase name="testGetRelationshipRecords[3: com.dotmarketing.portlets.structure.model.ContentletRelationshipsTest$TestCase@56d41691]" classname="com.dotmarketing.portlets.structure.model.ContentletRelationshipsTest" time="1.274"/>
  <system-out><![CDATA[]]></system-out>
  <system-err><![CDATA[]]></system-err>
</testsuite>
