<?xml version="1.0" encoding="UTF-8"?>
<testsuite name="com.dotcms.contenttype.test.ContentResourceTest" tests="52" skipped="0" failures="0" errors="0" timestamp="2023-06-27T23:44:34" hostname="fv-az313-98" time="129.618">
  <properties/>
  <testcase name="testGetContentShouldReturnIconDetails" classname="com.dotcms.contenttype.test.ContentResourceTest" time="1.432"/>
  <testcase name="Test_Save_Action_Set_Words_To_Required_NumericField_Issue_15340" classname="com.dotcms.contenttype.test.ContentResourceTest" time="0.906"/>
  <testcase name="test_getContent_includeGrandChildCategory_success" classname="com.dotcms.contenttype.test.ContentResourceTest" time="1.297"/>
  <testcase name="testGetContentWithRelatedParameter[0: com.dotcms.contenttype.test.ContentResourceTest$PullRelatedTestCase@63babcc4]" classname="com.dotcms.contenttype.test.ContentResourceTest" time="3.45"/>
  <testcase name="testGetContentWithRelatedParameter[1: com.dotcms.contenttype.test.ContentResourceTest$PullRelatedTestCase@55f79076]" classname="com.dotcms.contenttype.test.ContentResourceTest" time="3.47"/>
  <testcase name="testGetContentWithRelatedParameter[2: com.dotcms.contenttype.test.ContentResourceTest$PullRelatedTestCase@1394cb]" classname="com.dotcms.contenttype.test.ContentResourceTest" time="3.651"/>
  <testcase name="testGetContentWithRelatedParameter[3: com.dotcms.contenttype.test.ContentResourceTest$PullRelatedTestCase@6866f9e6]" classname="com.dotcms.contenttype.test.ContentResourceTest" time="3.381"/>
  <testcase name="testGetContentWithRelatedParameter[4: com.dotcms.contenttype.test.ContentResourceTest$PullRelatedTestCase@5e0c34b2]" classname="com.dotcms.contenttype.test.ContentResourceTest" time="3.475"/>
  <testcase name="test_getContent_SelfRelatedWith3LevelsOfDepth_shouldReturnRelationships" classname="com.dotcms.contenttype.test.ContentResourceTest" time="1.285"/>
  <testcase name="Test_Save_Action_Send_Fields_SubSet_Issue_15340" classname="com.dotcms.contenttype.test.ContentResourceTest" time="2.883"/>
  <testcase name="test_getContent_shouldReturnRelationships[0: com.dotcms.contenttype.test.ContentResourceTest$TestCase@37116b25]" classname="com.dotcms.contenttype.test.ContentResourceTest" time="2.632"/>
  <testcase name="test_getContent_shouldReturnRelationships[1: com.dotcms.contenttype.test.ContentResourceTest$TestCase@2bb814c0]" classname="com.dotcms.contenttype.test.ContentResourceTest" time="2.71"/>
  <testcase name="test_getContent_shouldReturnRelationships[2: com.dotcms.contenttype.test.ContentResourceTest$TestCase@744e7198]" classname="com.dotcms.contenttype.test.ContentResourceTest" time="2.666"/>
  <testcase name="test_getContent_shouldReturnRelationships[3: com.dotcms.contenttype.test.ContentResourceTest$TestCase@4bd87207]" classname="com.dotcms.contenttype.test.ContentResourceTest" time="2.838"/>
  <testcase name="test_getContent_shouldReturnRelationships[4: com.dotcms.contenttype.test.ContentResourceTest$TestCase@772c701a]" classname="com.dotcms.contenttype.test.ContentResourceTest" time="1.778"/>
  <testcase name="test_getContent_shouldReturnRelationships[5: com.dotcms.contenttype.test.ContentResourceTest$TestCase@1cd9642b]" classname="com.dotcms.contenttype.test.ContentResourceTest" time="2.472"/>
  <testcase name="test_getContent_shouldReturnRelationships[6: com.dotcms.contenttype.test.ContentResourceTest$TestCase@1b1c1499]" classname="com.dotcms.contenttype.test.ContentResourceTest" time="1.499"/>
  <testcase name="test_getContent_shouldReturnRelationships[7: com.dotcms.contenttype.test.ContentResourceTest$TestCase@13dc15b7]" classname="com.dotcms.contenttype.test.ContentResourceTest" time="2.629"/>
  <testcase name="test_getContent_shouldReturnRelationships[8: com.dotcms.contenttype.test.ContentResourceTest$TestCase@7e40b76]" classname="com.dotcms.contenttype.test.ContentResourceTest" time="2.72"/>
  <testcase name="test_getContent_shouldReturnRelationships[9: com.dotcms.contenttype.test.ContentResourceTest$TestCase@50cbcf9d]" classname="com.dotcms.contenttype.test.ContentResourceTest" time="2.615"/>
  <testcase name="test_getContent_shouldReturnRelationships[10: com.dotcms.contenttype.test.ContentResourceTest$TestCase@2b88b1c1]" classname="com.dotcms.contenttype.test.ContentResourceTest" time="2.618"/>
  <testcase name="test_getContent_shouldReturnRelationships[11: com.dotcms.contenttype.test.ContentResourceTest$TestCase@588a68aa]" classname="com.dotcms.contenttype.test.ContentResourceTest" time="2.526"/>
  <testcase name="test_getContent_shouldReturnRelationships[12: com.dotcms.contenttype.test.ContentResourceTest$TestCase@7f126776]" classname="com.dotcms.contenttype.test.ContentResourceTest" time="2.605"/>
  <testcase name="test_getContent_shouldReturnRelationships[13: com.dotcms.contenttype.test.ContentResourceTest$TestCase@712bf82e]" classname="com.dotcms.contenttype.test.ContentResourceTest" time="2.757"/>
  <testcase name="test_getContent_shouldReturnRelationships[14: com.dotcms.contenttype.test.ContentResourceTest$TestCase@1f435973]" classname="com.dotcms.contenttype.test.ContentResourceTest" time="2.594"/>
  <testcase name="test_getContent_shouldReturnRelationships[15: com.dotcms.contenttype.test.ContentResourceTest$TestCase@1487bd09]" classname="com.dotcms.contenttype.test.ContentResourceTest" time="3.635"/>
  <testcase name="test_getContent_shouldReturnRelationships[16: com.dotcms.contenttype.test.ContentResourceTest$TestCase@78425138]" classname="com.dotcms.contenttype.test.ContentResourceTest" time="3.546"/>
  <testcase name="test_getContent_shouldReturnRelationships[17: com.dotcms.contenttype.test.ContentResourceTest$TestCase@56063c96]" classname="com.dotcms.contenttype.test.ContentResourceTest" time="2.874"/>
  <testcase name="test_getContent_shouldReturnRelationships[18: com.dotcms.contenttype.test.ContentResourceTest$TestCase@530b6fe4]" classname="com.dotcms.contenttype.test.ContentResourceTest" time="2.929"/>
  <testcase name="test_getContent_shouldReturnRelationships[19: com.dotcms.contenttype.test.ContentResourceTest$TestCase@7acdff79]" classname="com.dotcms.contenttype.test.ContentResourceTest" time="2.758"/>
  <testcase name="test_getContent_shouldReturnRelationships[20: com.dotcms.contenttype.test.ContentResourceTest$TestCase@106cba89]" classname="com.dotcms.contenttype.test.ContentResourceTest" time="2.833"/>
  <testcase name="test_getContent_shouldReturnRelationships[21: com.dotcms.contenttype.test.ContentResourceTest$TestCase@7769c69e]" classname="com.dotcms.contenttype.test.ContentResourceTest" time="2.873"/>
  <testcase name="test_getContent_shouldReturnRelationships[22: com.dotcms.contenttype.test.ContentResourceTest$TestCase@7f15f3d8]" classname="com.dotcms.contenttype.test.ContentResourceTest" time="1.638"/>
  <testcase name="test_getContent_shouldReturnRelationships[23: com.dotcms.contenttype.test.ContentResourceTest$TestCase@6ab6fd74]" classname="com.dotcms.contenttype.test.ContentResourceTest" time="1.675"/>
  <testcase name="test_getContent_shouldReturnRelationships[24: com.dotcms.contenttype.test.ContentResourceTest$TestCase@1ffbaa59]" classname="com.dotcms.contenttype.test.ContentResourceTest" time="2.025"/>
  <testcase name="test_getContent_shouldReturnRelationships[25: com.dotcms.contenttype.test.ContentResourceTest$TestCase@269fc20e]" classname="com.dotcms.contenttype.test.ContentResourceTest" time="2.947"/>
  <testcase name="test_getContent_shouldReturnRelationships[26: com.dotcms.contenttype.test.ContentResourceTest$TestCase@76c47e36]" classname="com.dotcms.contenttype.test.ContentResourceTest" time="2.848"/>
  <testcase name="test_getContent_shouldReturnRelationships[27: com.dotcms.contenttype.test.ContentResourceTest$TestCase@2bc460c7]" classname="com.dotcms.contenttype.test.ContentResourceTest" time="2.669"/>
  <testcase name="test_getContent_shouldReturnRelationships[28: com.dotcms.contenttype.test.ContentResourceTest$TestCase@69afbe84]" classname="com.dotcms.contenttype.test.ContentResourceTest" time="2.643"/>
  <testcase name="test_getContent_shouldReturnRelationships[29: com.dotcms.contenttype.test.ContentResourceTest$TestCase@31f88e0d]" classname="com.dotcms.contenttype.test.ContentResourceTest" time="2.752"/>
  <testcase name="test_getContent_shouldReturnRelationships[30: com.dotcms.contenttype.test.ContentResourceTest$TestCase@641863ca]" classname="com.dotcms.contenttype.test.ContentResourceTest" time="1.597"/>
  <testcase name="test_getContent_shouldReturnRelationships[31: com.dotcms.contenttype.test.ContentResourceTest$TestCase@6c52f5d6]" classname="com.dotcms.contenttype.test.ContentResourceTest" time="2.7"/>
  <testcase name="test_getContent_shouldReturnRelationships[32: com.dotcms.contenttype.test.ContentResourceTest$TestCase@781d2d46]" classname="com.dotcms.contenttype.test.ContentResourceTest" time="3.587"/>
  <testcase name="test_getContent_shouldReturnRelationships[33: com.dotcms.contenttype.test.ContentResourceTest$TestCase@de05cae]" classname="com.dotcms.contenttype.test.ContentResourceTest" time="3.701"/>
  <testcase name="testSinglePOST_InvalidParamsShouldReturn400[0: ({\n    &quot;stInode&quot; : &quot;InvalidValue&quot;,\n    &quot;numeric&quot; : &quot;0&quot;,\n    &quot;image&quot; : &quot;whatever&quot;\n}, Bad Request)]" classname="com.dotcms.contenttype.test.ContentResourceTest" time="0.884"/>
  <testcase name="testSinglePOST_InvalidParamsShouldReturn400[1: ({\n    &quot;numeric&quot; : &quot;0&quot;,\n    &quot;image&quot; : &quot;whatever&quot;\n}, Bad Request)]" classname="com.dotcms.contenttype.test.ContentResourceTest" time="0.864"/>
  <testcase name="Test_Save_Action_Set_Null_To_Required_NumericField_Issue_15340" classname="com.dotcms.contenttype.test.ContentResourceTest" time="0.897"/>
  <testcase name="Test_Save_Action_Remove_Image_Then_Verify_Fields_Were_Cleared_Issue_15340" classname="com.dotcms.contenttype.test.ContentResourceTest" time="3.719"/>
  <testcase name="test_getContentWithMultipleSelfRelated_shouldReturnRelationships[0: com.dotcms.contenttype.test.ContentResourceTest$PullSelfRelatedTestCase@51c6c430]" classname="com.dotcms.contenttype.test.ContentResourceTest" time="1.693"/>
  <testcase name="test_getContentWithMultipleSelfRelated_shouldReturnRelationships[1: com.dotcms.contenttype.test.ContentResourceTest$PullSelfRelatedTestCase@40a0a453]" classname="com.dotcms.contenttype.test.ContentResourceTest" time="1.533"/>
  <testcase name="testGetContentWithAllCategoriesInfo[0: json]" classname="com.dotcms.contenttype.test.ContentResourceTest" time="2.487"/>
  <testcase name="testGetContentWithAllCategoriesInfo[1: xml]" classname="com.dotcms.contenttype.test.ContentResourceTest" time="2.42"/>
  <system-out><![CDATA[











]]></system-out>
  <system-err><![CDATA[]]></system-err>
</testsuite>
