<?xml version="1.0" encoding="UTF-8"?>
<testsuite name="com.dotcms.contenttype.test.ContentResourceTest" tests="52" skipped="0" failures="0" errors="0" timestamp="2023-06-29T21:49:31" hostname="fv-az180-30" time="131.436">
  <properties/>
  <testcase name="testGetContentShouldReturnIconDetails" classname="com.dotcms.contenttype.test.ContentResourceTest" time="1.505"/>
  <testcase name="Test_Save_Action_Set_Words_To_Required_NumericField_Issue_15340" classname="com.dotcms.contenttype.test.ContentResourceTest" time="0.91"/>
  <testcase name="test_getContent_includeGrandChildCategory_success" classname="com.dotcms.contenttype.test.ContentResourceTest" time="1.345"/>
  <testcase name="testGetContentWithRelatedParameter[0: com.dotcms.contenttype.test.ContentResourceTest$PullRelatedTestCase@5282a240]" classname="com.dotcms.contenttype.test.ContentResourceTest" time="3.791"/>
  <testcase name="testGetContentWithRelatedParameter[1: com.dotcms.contenttype.test.ContentResourceTest$PullRelatedTestCase@29f962d2]" classname="com.dotcms.contenttype.test.ContentResourceTest" time="3.525"/>
  <testcase name="testGetContentWithRelatedParameter[2: com.dotcms.contenttype.test.ContentResourceTest$PullRelatedTestCase@385aceb3]" classname="com.dotcms.contenttype.test.ContentResourceTest" time="3.599"/>
  <testcase name="testGetContentWithRelatedParameter[3: com.dotcms.contenttype.test.ContentResourceTest$PullRelatedTestCase@4e2f5f5]" classname="com.dotcms.contenttype.test.ContentResourceTest" time="3.347"/>
  <testcase name="testGetContentWithRelatedParameter[4: com.dotcms.contenttype.test.ContentResourceTest$PullRelatedTestCase@4335c78b]" classname="com.dotcms.contenttype.test.ContentResourceTest" time="2.616"/>
  <testcase name="test_getContent_SelfRelatedWith3LevelsOfDepth_shouldReturnRelationships" classname="com.dotcms.contenttype.test.ContentResourceTest" time="1.314"/>
  <testcase name="Test_Save_Action_Send_Fields_SubSet_Issue_15340" classname="com.dotcms.contenttype.test.ContentResourceTest" time="2.86"/>
  <testcase name="test_getContent_shouldReturnRelationships[0: com.dotcms.contenttype.test.ContentResourceTest$TestCase@21b8d2cd]" classname="com.dotcms.contenttype.test.ContentResourceTest" time="2.581"/>
  <testcase name="test_getContent_shouldReturnRelationships[1: com.dotcms.contenttype.test.ContentResourceTest$TestCase@4ff9af1f]" classname="com.dotcms.contenttype.test.ContentResourceTest" time="2.716"/>
  <testcase name="test_getContent_shouldReturnRelationships[2: com.dotcms.contenttype.test.ContentResourceTest$TestCase@5ca7b648]" classname="com.dotcms.contenttype.test.ContentResourceTest" time="1.705"/>
  <testcase name="test_getContent_shouldReturnRelationships[3: com.dotcms.contenttype.test.ContentResourceTest$TestCase@31432bc8]" classname="com.dotcms.contenttype.test.ContentResourceTest" time="2.698"/>
  <testcase name="test_getContent_shouldReturnRelationships[4: com.dotcms.contenttype.test.ContentResourceTest$TestCase@568aa997]" classname="com.dotcms.contenttype.test.ContentResourceTest" time="2.768"/>
  <testcase name="test_getContent_shouldReturnRelationships[5: com.dotcms.contenttype.test.ContentResourceTest$TestCase@5489750e]" classname="com.dotcms.contenttype.test.ContentResourceTest" time="2.536"/>
  <testcase name="test_getContent_shouldReturnRelationships[6: com.dotcms.contenttype.test.ContentResourceTest$TestCase@35fd8c21]" classname="com.dotcms.contenttype.test.ContentResourceTest" time="2.655"/>
  <testcase name="test_getContent_shouldReturnRelationships[7: com.dotcms.contenttype.test.ContentResourceTest$TestCase@1d48ec3d]" classname="com.dotcms.contenttype.test.ContentResourceTest" time="2.799"/>
  <testcase name="test_getContent_shouldReturnRelationships[8: com.dotcms.contenttype.test.ContentResourceTest$TestCase@1e8d3812]" classname="com.dotcms.contenttype.test.ContentResourceTest" time="3.136"/>
  <testcase name="test_getContent_shouldReturnRelationships[9: com.dotcms.contenttype.test.ContentResourceTest$TestCase@1331fc8]" classname="com.dotcms.contenttype.test.ContentResourceTest" time="1.98"/>
  <testcase name="test_getContent_shouldReturnRelationships[10: com.dotcms.contenttype.test.ContentResourceTest$TestCase@58f6174b]" classname="com.dotcms.contenttype.test.ContentResourceTest" time="2.655"/>
  <testcase name="test_getContent_shouldReturnRelationships[11: com.dotcms.contenttype.test.ContentResourceTest$TestCase@285216c]" classname="com.dotcms.contenttype.test.ContentResourceTest" time="2.671"/>
  <testcase name="test_getContent_shouldReturnRelationships[12: com.dotcms.contenttype.test.ContentResourceTest$TestCase@75bfd486]" classname="com.dotcms.contenttype.test.ContentResourceTest" time="2.577"/>
  <testcase name="test_getContent_shouldReturnRelationships[13: com.dotcms.contenttype.test.ContentResourceTest$TestCase@6c6b58a6]" classname="com.dotcms.contenttype.test.ContentResourceTest" time="2.631"/>
  <testcase name="test_getContent_shouldReturnRelationships[14: com.dotcms.contenttype.test.ContentResourceTest$TestCase@44f462f]" classname="com.dotcms.contenttype.test.ContentResourceTest" time="2.615"/>
  <testcase name="test_getContent_shouldReturnRelationships[15: com.dotcms.contenttype.test.ContentResourceTest$TestCase@2f6a998b]" classname="com.dotcms.contenttype.test.ContentResourceTest" time="2.534"/>
  <testcase name="test_getContent_shouldReturnRelationships[16: com.dotcms.contenttype.test.ContentResourceTest$TestCase@247a6304]" classname="com.dotcms.contenttype.test.ContentResourceTest" time="2.605"/>
  <testcase name="test_getContent_shouldReturnRelationships[17: com.dotcms.contenttype.test.ContentResourceTest$TestCase@1262a145]" classname="com.dotcms.contenttype.test.ContentResourceTest" time="2.844"/>
  <testcase name="test_getContent_shouldReturnRelationships[18: com.dotcms.contenttype.test.ContentResourceTest$TestCase@6ce2f318]" classname="com.dotcms.contenttype.test.ContentResourceTest" time="1.868"/>
  <testcase name="test_getContent_shouldReturnRelationships[19: com.dotcms.contenttype.test.ContentResourceTest$TestCase@173f99ce]" classname="com.dotcms.contenttype.test.ContentResourceTest" time="2.798"/>
  <testcase name="test_getContent_shouldReturnRelationships[20: com.dotcms.contenttype.test.ContentResourceTest$TestCase@60aaba6e]" classname="com.dotcms.contenttype.test.ContentResourceTest" time="1.95"/>
  <testcase name="test_getContent_shouldReturnRelationships[21: com.dotcms.contenttype.test.ContentResourceTest$TestCase@674547b7]" classname="com.dotcms.contenttype.test.ContentResourceTest" time="2.919"/>
  <testcase name="test_getContent_shouldReturnRelationships[22: com.dotcms.contenttype.test.ContentResourceTest$TestCase@1c440274]" classname="com.dotcms.contenttype.test.ContentResourceTest" time="2.668"/>
  <testcase name="test_getContent_shouldReturnRelationships[23: com.dotcms.contenttype.test.ContentResourceTest$TestCase@775e19db]" classname="com.dotcms.contenttype.test.ContentResourceTest" time="2.833"/>
  <testcase name="test_getContent_shouldReturnRelationships[24: com.dotcms.contenttype.test.ContentResourceTest$TestCase@4292b494]" classname="com.dotcms.contenttype.test.ContentResourceTest" time="3.193"/>
  <testcase name="test_getContent_shouldReturnRelationships[25: com.dotcms.contenttype.test.ContentResourceTest$TestCase@fa73b8e]" classname="com.dotcms.contenttype.test.ContentResourceTest" time="2.925"/>
  <testcase name="test_getContent_shouldReturnRelationships[26: com.dotcms.contenttype.test.ContentResourceTest$TestCase@33cccfac]" classname="com.dotcms.contenttype.test.ContentResourceTest" time="3.077"/>
  <testcase name="test_getContent_shouldReturnRelationships[27: com.dotcms.contenttype.test.ContentResourceTest$TestCase@345b98cf]" classname="com.dotcms.contenttype.test.ContentResourceTest" time="2.849"/>
  <testcase name="test_getContent_shouldReturnRelationships[28: com.dotcms.contenttype.test.ContentResourceTest$TestCase@63babcc4]" classname="com.dotcms.contenttype.test.ContentResourceTest" time="2.773"/>
  <testcase name="test_getContent_shouldReturnRelationships[29: com.dotcms.contenttype.test.ContentResourceTest$TestCase@55f79076]" classname="com.dotcms.contenttype.test.ContentResourceTest" time="2.702"/>
  <testcase name="test_getContent_shouldReturnRelationships[30: com.dotcms.contenttype.test.ContentResourceTest$TestCase@1394cb]" classname="com.dotcms.contenttype.test.ContentResourceTest" time="2.678"/>
  <testcase name="test_getContent_shouldReturnRelationships[31: com.dotcms.contenttype.test.ContentResourceTest$TestCase@6866f9e6]" classname="com.dotcms.contenttype.test.ContentResourceTest" time="2.764"/>
  <testcase name="test_getContent_shouldReturnRelationships[32: com.dotcms.contenttype.test.ContentResourceTest$TestCase@5e0c34b2]" classname="com.dotcms.contenttype.test.ContentResourceTest" time="3.661"/>
  <testcase name="test_getContent_shouldReturnRelationships[33: com.dotcms.contenttype.test.ContentResourceTest$TestCase@37116b25]" classname="com.dotcms.contenttype.test.ContentResourceTest" time="3.782"/>
  <testcase name="testSinglePOST_InvalidParamsShouldReturn400[0: ({\n    &quot;stInode&quot; : &quot;InvalidValue&quot;,\n    &quot;numeric&quot; : &quot;0&quot;,\n    &quot;image&quot; : &quot;whatever&quot;\n}, Bad Request)]" classname="com.dotcms.contenttype.test.ContentResourceTest" time="0.897"/>
  <testcase name="testSinglePOST_InvalidParamsShouldReturn400[1: ({\n    &quot;numeric&quot; : &quot;0&quot;,\n    &quot;image&quot; : &quot;whatever&quot;\n}, Bad Request)]" classname="com.dotcms.contenttype.test.ContentResourceTest" time="0.87"/>
  <testcase name="Test_Save_Action_Set_Null_To_Required_NumericField_Issue_15340" classname="com.dotcms.contenttype.test.ContentResourceTest" time="0.888"/>
  <testcase name="Test_Save_Action_Remove_Image_Then_Verify_Fields_Were_Cleared_Issue_15340" classname="com.dotcms.contenttype.test.ContentResourceTest" time="3.838"/>
  <testcase name="test_getContentWithMultipleSelfRelated_shouldReturnRelationships[0: com.dotcms.contenttype.test.ContentResourceTest$PullSelfRelatedTestCase@744e7198]" classname="com.dotcms.contenttype.test.ContentResourceTest" time="1.562"/>
  <testcase name="test_getContentWithMultipleSelfRelated_shouldReturnRelationships[1: com.dotcms.contenttype.test.ContentResourceTest$PullSelfRelatedTestCase@4bd87207]" classname="com.dotcms.contenttype.test.ContentResourceTest" time="1.589"/>
  <testcase name="testGetContentWithAllCategoriesInfo[0: json]" classname="com.dotcms.contenttype.test.ContentResourceTest" time="2.44"/>
  <testcase name="testGetContentWithAllCategoriesInfo[1: xml]" classname="com.dotcms.contenttype.test.ContentResourceTest" time="2.387"/>
  <system-out><![CDATA[











]]></system-out>
  <system-err><![CDATA[]]></system-err>
</testsuite>
