<?xml version="1.0" encoding="UTF-8"?>
<testsuite name="com.dotmarketing.business.DeterministicIdentifierAPITest" tests="16" skipped="0" failures="0" errors="0" timestamp="2023-07-21T16:13:25" hostname="fv-az1098-922" time="1.469">
  <properties/>
  <testcase name="Test_Category_Path_Seed_And_Id" classname="com.dotmarketing.business.DeterministicIdentifierAPITest" time="0.029"/>
  <testcase name="Test_Language_Deterministic_Id[0: LanguageTestCase{expectedSeed='Language:es:US', expectedHash=4913155, langCode='es', countryCode='US', country='United States'}]" classname="com.dotmarketing.business.DeterministicIdentifierAPITest" time="0.001"/>
  <testcase name="Test_Language_Deterministic_Id[1: LanguageTestCase{expectedSeed='Language:ep:', expectedHash=5292269, langCode='ep', countryCode='', country=''}]" classname="com.dotmarketing.business.DeterministicIdentifierAPITest" time="0.001"/>
  <testcase name="Test_Language_Deterministic_Id[2: LanguageTestCase{expectedSeed='Language:sg:SAG', expectedHash=4713118, langCode='sg', countryCode='SAG', country=''}]" classname="com.dotmarketing.business.DeterministicIdentifierAPITest" time="0.001"/>
  <testcase name="Test_Language_Deterministic_Id[3: LanguageTestCase{expectedSeed='Language:en:NZ', expectedHash=5382528, langCode='en', countryCode='NZ', country='New Zealand'}]" classname="com.dotmarketing.business.DeterministicIdentifierAPITest" time="0.001"/>
  <testcase name="Test_Category_None_Persisted_Category_Should_Return_Deterministic_Id" classname="com.dotmarketing.business.DeterministicIdentifierAPITest" time="0.001"/>
  <testcase name="Test_Asset_Generate_Deterministic_Id_Best_Effort[0: TestCase{versionable=my.host1689955624865.com, parent=System Host, expectedName='my.host1689955624865.com', expectedType='Host'}]" classname="com.dotmarketing.business.DeterministicIdentifierAPITest" time="0.005"/>
  <testcase name="Test_Asset_Generate_Deterministic_Id_Best_Effort[1: TestCase{versionable=com.dotmarketing.portlets.contentlet.model.Contentlet@7cc8a959[map={modDate=2023-07-21 16:07:05.726, fileName=file9447284682180343375.txt, title=file9447284682180343375.txt, inode=3f5ec6d1-6c0d-4467-b31d-629609e1b990, __IS_NEW_CONTENT__=true, disabledWYSIWYG=[], host=562704d3-5f95-425a-bc4f-2712f77a2943, stInode=33888b6f-7a8e-4069-b1b6-5c1aa9d0a48d, owner=system, identifier=07149557-25a6-48ec-82d1-74c2e14553b6, nullProperties=[wfExpireDate, wfPublishDate, wfActionAssign, wfActionId, wfActionComments, filterKey, whereToSend, wfNeverExpire, _path_to_move, timezoneId, iWantTo, wfPublishTime, wfExpireTime], languageId=1, fileAsset=/home/runner/work/core/custom/assets/3/f/3f5ec6d1-6c0d-4467-b31d-629609e1b990/fileAsset/file9447284682180343375.txt, folder=da570b27-6f03-473c-a5d3-da746dab836c, __disable_workflow__=true, sortOrder=0, modUser=system},lowIndexPriority=false,variantId=DEFAULT], parent=com.dotmarketing.portlets.folders.model.Folder@43081a04[identifier=da570b27-6f03-473c-a5d3-da746dab836c,name=testName1689955625718,sortOrder=0,showOnMenu=false,hostId=562704d3-5f95-425a-bc4f-2712f77a2943,type=folder,title=testTitle1689955625718,filesMasks=,defaultFileType=33888b6f-7a8e-4069-b1b6-5c1aa9d0a48d,modDate=2023-07-21 16:07:05.721,owner=&lt;null&gt;,iDate=2023-07-21 16:07:05.721,inode=da570b27-6f03-473c-a5d3-da746dab836c,path=/testName1689955625718/], expectedName='file9447284682180343375.txt', expectedType='FileAsset'}]" classname="com.dotmarketing.business.DeterministicIdentifierAPITest" time="0.004"/>
  <testcase name="Test_Asset_Generate_Deterministic_Id_Best_Effort[2: TestCase{versionable=com.dotmarketing.portlets.templates.model.Template@afd29a0a, parent=my.host1689955624865.com, expectedName='testTitle1689955625846', expectedType='Template'}]" classname="com.dotmarketing.business.DeterministicIdentifierAPITest" time="0.002"/>
  <testcase name="Test_Asset_Generate_Deterministic_Id_Best_Effort[3: TestCase{versionable=com.dotmarketing.portlets.htmlpageasset.model.HTMLPageAsset@1b69aa2d[map={template=998a35c1-b152-4468-9e65-18a2e1e02725, owner=system, identifier=e794106f-0ba1-4998-8ee3-526a490aed79, nullProperties=[wfExpireDate, wfPublishDate, wfActionAssign, wfActionId, wfActionComments, filterKey, whereToSend, wfNeverExpire, _path_to_move, timezoneId, iWantTo, wfPublishTime, wfExpireTime], modDate=2023-07-21 16:07:05.865, cachettl=0, _is_test_mode=true, languageId=1, title=test-page-title-1689955625860, httpsreq=, url=test-page-url-1689955625860, showOnMenu=, inode=6d60fb20-7d2a-440e-9aa4-90e225f81efe, folder=da570b27-6f03-473c-a5d3-da746dab836c, disabledWYSIWYG=[], sortOrder=1, modUser=system, host=562704d3-5f95-425a-bc4f-2712f77a2943, stInode=c541abb1-69b3-4bc5-8430-5e09e5239cc8, friendlyName=test-page-friendly-name-1689955625860},lowIndexPriority=false,variantId=DEFAULT], parent=com.dotmarketing.portlets.folders.model.Folder@43081a04[identifier=da570b27-6f03-473c-a5d3-da746dab836c,name=testName1689955625718,sortOrder=0,showOnMenu=false,hostId=562704d3-5f95-425a-bc4f-2712f77a2943,type=folder,title=testTitle1689955625718,filesMasks=,defaultFileType=33888b6f-7a8e-4069-b1b6-5c1aa9d0a48d,modDate=2023-07-21 16:07:05.721,owner=&lt;null&gt;,iDate=2023-07-21 16:07:05.721,inode=da570b27-6f03-473c-a5d3-da746dab836c,path=/testName1689955625718/], expectedName='test-page-url-1689955625860', expectedType='htmlpageasset'}]" classname="com.dotmarketing.business.DeterministicIdentifierAPITest" time="0.003"/>
  <testcase name="Test_Asset_Generate_Deterministic_Id_Best_Effort[4: TestCase{versionable=com.dotmarketing.portlets.contentlet.model.Contentlet@469b0a41[map={fileAsset2=/home/runner/work/core/custom/assets/a/c/acf8aad7-0f28-4367-be9a-5b7c59364019/fileAsset2/test_binary1689955626724.png, modDate=2023-07-21 16:07:06.729, fileAsset1=/home/runner/work/core/custom/assets/a/c/acf8aad7-0f28-4367-be9a-5b7c59364019/fileAsset1/test_binary1689955626724.jpg, title=blah, inode=acf8aad7-0f28-4367-be9a-5b7c59364019, __IS_NEW_CONTENT__=true, disabledWYSIWYG=[], host=48190c8c-42c4-46af-8d1a-0cd5db894797, stInode=74769398-46d8-4177-9f87-f079ae354692, owner=system, identifier=34d63352-2305-4a46-9fd4-b56ffa6c1ae0, nullProperties=[], languageId=1, image1=bac2acf1-2c4a-4d47-ba86-bb72ae959ce1, folder=SYSTEM_FOLDER, __disable_workflow__=true, sortOrder=0, modUser=system},lowIndexPriority=false,variantId=DEFAULT], parent=demo.dotcms.com, expectedName='test_binary1689955626724.jpg:test_binary1689955626724.png', expectedType='MultipleBinaries1689955626095'}]" classname="com.dotmarketing.business.DeterministicIdentifierAPITest" time="0.004"/>
  <testcase name="Test_Asset_Generate_Deterministic_Id_Best_Effort[5: TestCase{versionable=name2dcafad006 : keyTag2dcafad006, parent=my.host1689955624865.com, expectedName='keyTag2dcafad006', expectedType='persona'}]" classname="com.dotmarketing.business.DeterministicIdentifierAPITest" time="0.002"/>
  <testcase name="Test_Similar_Content_Type_Wont_Clash" classname="com.dotmarketing.business.DeterministicIdentifierAPITest" time="0.487"/>
  <testcase name="Test_Generate_Folder_Identifier" classname="com.dotmarketing.business.DeterministicIdentifierAPITest" time="0.899"/>
  <testcase name="Test_Generate_Content_Type_Identifier[0: ContentTypeTestCase{contentType=KeyValueContentType{name=Language Variable, id=f4d7c1b8-2c88-4071-abf1-a5328977b07d, description=Default Content Type for Language Variables, defaultType=false, fixed=true, iDate=Thu Aug 31 16:38:49 UTC 2017, system=true, versionable=true, variable=Languagevariable, modDate=Fri Jul 21 15:02:15 UTC 2023, host=SYSTEM_HOST, siteName=systemHost, icon=language, sortOrder=0, folder=SYSTEM_FOLDER, folderPath=/, markedForDeletion=true, multilingualable=false}, expectedName='Languagevariable', expectedType='KeyValue'}]" classname="com.dotmarketing.business.DeterministicIdentifierAPITest" time="0.009"/>
  <testcase name="Test_Generate_Content_Type_Identifier[1: ContentTypeTestCase{contentType=SimpleContentType{name=testName1689955627094, id=dec3cb2d-8826-4c8c-b6db-d4ddb6699549, description=testDescription1689955627094, defaultType=false, fixed=false, iDate=Fri Jul 21 16:07:07 UTC 2023, system=false, versionable=true, multilingualable=false, variable=testVarname1689955627094, owner=system, modDate=Fri Jul 21 16:07:07 UTC 2023, host=48190c8c-42c4-46af-8d1a-0cd5db894797, siteName=demo.dotcms.com, icon=event_note, sortOrder=0, folder=SYSTEM_FOLDER, folderPath=/, requiredFields=[], markedForDeletion=false}, expectedName='testVarname1689955627094', expectedType='CONTENT'}]" classname="com.dotmarketing.business.DeterministicIdentifierAPITest" time="0.015"/>
  <system-out><![CDATA[]]></system-out>
  <system-err><![CDATA[]]></system-err>
</testsuite>
