<?xml version="1.0" encoding="UTF-8"?>
<testsuite name="com.dotcms.publisher.util.DependencyModDateUtilTest" tests="48" skipped="0" failures="0" errors="0" timestamp="2023-07-17T15:48:16" hostname="fv-az257-583" time="97.786">
  <properties/>
  <testcase name="excludeByModDateContentNotPushBefore: ForcePush: com.dotcms.publisher.util.DependencyModDateUtilTest$TestCase@3d8b88ce" classname="com.dotcms.publisher.util.DependencyModDateUtilTest" time="2.109"/>
  <testcase name="excludeByModDateContentNotPushBefore: ForcePush: com.dotcms.publisher.util.DependencyModDateUtilTest$TestCase@24861d1b" classname="com.dotcms.publisher.util.DependencyModDateUtilTest" time="2.043"/>
  <testcase name="excludeByModDateContentNotPushBefore: ForcePush: com.dotcms.publisher.util.DependencyModDateUtilTest$TestCase@4219d21a" classname="com.dotcms.publisher.util.DependencyModDateUtilTest" time="1.989"/>
  <testcase name="excludeByModDateContentNotPushBefore: ForcePush: com.dotcms.publisher.util.DependencyModDateUtilTest$TestCase@13464bb0" classname="com.dotcms.publisher.util.DependencyModDateUtilTest" time="2.14"/>
  <testcase name="excludeByModDateContentNotPushBefore: ForcePush: com.dotcms.publisher.util.DependencyModDateUtilTest$TestCase@726a6cee" classname="com.dotcms.publisher.util.DependencyModDateUtilTest" time="1.938"/>
  <testcase name="excludeByModDateContentNotPushBefore: ForcePush: com.dotcms.publisher.util.DependencyModDateUtilTest$TestCase@6610c97d" classname="com.dotcms.publisher.util.DependencyModDateUtilTest" time="2.04"/>
  <testcase name="excludeByModDateContentNotPushBefore: ForcePush: com.dotcms.publisher.util.DependencyModDateUtilTest$TestCase@6a154ea7" classname="com.dotcms.publisher.util.DependencyModDateUtilTest" time="2.031"/>
  <testcase name="excludeByModDateContentNotPushBefore: ForcePush: com.dotcms.publisher.util.DependencyModDateUtilTest$TestCase@4baf839e" classname="com.dotcms.publisher.util.DependencyModDateUtilTest" time="2.038"/>
  <testcase name="excludeByModDateContentNotPushBefore: ForcePush: com.dotcms.publisher.util.DependencyModDateUtilTest$TestCase@6a839b19" classname="com.dotcms.publisher.util.DependencyModDateUtilTest" time="2.076"/>
  <testcase name="excludeByModDateContentNotPushBefore: ForcePush: com.dotcms.publisher.util.DependencyModDateUtilTest$TestCase@a38ec15" classname="com.dotcms.publisher.util.DependencyModDateUtilTest" time="2.011"/>
  <testcase name="excludeByModDateContentNotPushBefore: ForcePush: com.dotcms.publisher.util.DependencyModDateUtilTest$TestCase@4a18eb83" classname="com.dotcms.publisher.util.DependencyModDateUtilTest" time="2.023"/>
  <testcase name="excludeByModDateContentNotPushBefore: ForcePush: com.dotcms.publisher.util.DependencyModDateUtilTest$TestCase@7d9c322d" classname="com.dotcms.publisher.util.DependencyModDateUtilTest" time="2.034"/>
  <testcase name="excludeByModDateContentWithPushAssetAfterModDate: ForcePush: com.dotcms.publisher.util.DependencyModDateUtilTest$TestCase@3d8b88ce" classname="com.dotcms.publisher.util.DependencyModDateUtilTest" time="2.046"/>
  <testcase name="excludeByModDateContentWithPushAssetAfterModDate: ForcePush: com.dotcms.publisher.util.DependencyModDateUtilTest$TestCase@24861d1b" classname="com.dotcms.publisher.util.DependencyModDateUtilTest" time="2.043"/>
  <testcase name="excludeByModDateContentWithPushAssetAfterModDate: ForcePush: com.dotcms.publisher.util.DependencyModDateUtilTest$TestCase@4219d21a" classname="com.dotcms.publisher.util.DependencyModDateUtilTest" time="2.023"/>
  <testcase name="excludeByModDateContentWithPushAssetAfterModDate: ForcePush: com.dotcms.publisher.util.DependencyModDateUtilTest$TestCase@13464bb0" classname="com.dotcms.publisher.util.DependencyModDateUtilTest" time="2.05"/>
  <testcase name="excludeByModDateContentWithPushAssetAfterModDate: ForcePush: com.dotcms.publisher.util.DependencyModDateUtilTest$TestCase@726a6cee" classname="com.dotcms.publisher.util.DependencyModDateUtilTest" time="2.042"/>
  <testcase name="excludeByModDateContentWithPushAssetAfterModDate: ForcePush: com.dotcms.publisher.util.DependencyModDateUtilTest$TestCase@6610c97d" classname="com.dotcms.publisher.util.DependencyModDateUtilTest" time="2.045"/>
  <testcase name="excludeByModDateContentWithPushAssetAfterModDate: ForcePush: com.dotcms.publisher.util.DependencyModDateUtilTest$TestCase@6a154ea7" classname="com.dotcms.publisher.util.DependencyModDateUtilTest" time="2.085"/>
  <testcase name="excludeByModDateContentWithPushAssetAfterModDate: ForcePush: com.dotcms.publisher.util.DependencyModDateUtilTest$TestCase@4baf839e" classname="com.dotcms.publisher.util.DependencyModDateUtilTest" time="2.022"/>
  <testcase name="excludeByModDateContentWithPushAssetAfterModDate: ForcePush: com.dotcms.publisher.util.DependencyModDateUtilTest$TestCase@6a839b19" classname="com.dotcms.publisher.util.DependencyModDateUtilTest" time="1.97"/>
  <testcase name="excludeByModDateContentWithPushAssetAfterModDate: ForcePush: com.dotcms.publisher.util.DependencyModDateUtilTest$TestCase@a38ec15" classname="com.dotcms.publisher.util.DependencyModDateUtilTest" time="2.032"/>
  <testcase name="excludeByModDateContentWithPushAssetAfterModDate: ForcePush: com.dotcms.publisher.util.DependencyModDateUtilTest$TestCase@4a18eb83" classname="com.dotcms.publisher.util.DependencyModDateUtilTest" time="2.049"/>
  <testcase name="excludeByModDateContentWithPushAssetAfterModDate: ForcePush: com.dotcms.publisher.util.DependencyModDateUtilTest$TestCase@7d9c322d" classname="com.dotcms.publisher.util.DependencyModDateUtilTest" time="2.017"/>
  <testcase name="excludeByModDateContentWithPushAssetBeforeModDate: ForcePush: com.dotcms.publisher.util.DependencyModDateUtilTest$TestCase@3d8b88ce" classname="com.dotcms.publisher.util.DependencyModDateUtilTest" time="2.067"/>
  <testcase name="excludeByModDateContentWithPushAssetBeforeModDate: ForcePush: com.dotcms.publisher.util.DependencyModDateUtilTest$TestCase@24861d1b" classname="com.dotcms.publisher.util.DependencyModDateUtilTest" time="2.01"/>
  <testcase name="excludeByModDateContentWithPushAssetBeforeModDate: ForcePush: com.dotcms.publisher.util.DependencyModDateUtilTest$TestCase@4219d21a" classname="com.dotcms.publisher.util.DependencyModDateUtilTest" time="2.055"/>
  <testcase name="excludeByModDateContentWithPushAssetBeforeModDate: ForcePush: com.dotcms.publisher.util.DependencyModDateUtilTest$TestCase@13464bb0" classname="com.dotcms.publisher.util.DependencyModDateUtilTest" time="2.045"/>
  <testcase name="excludeByModDateContentWithPushAssetBeforeModDate: ForcePush: com.dotcms.publisher.util.DependencyModDateUtilTest$TestCase@726a6cee" classname="com.dotcms.publisher.util.DependencyModDateUtilTest" time="2.009"/>
  <testcase name="excludeByModDateContentWithPushAssetBeforeModDate: ForcePush: com.dotcms.publisher.util.DependencyModDateUtilTest$TestCase@6610c97d" classname="com.dotcms.publisher.util.DependencyModDateUtilTest" time="2.024"/>
  <testcase name="excludeByModDateContentWithPushAssetBeforeModDate: ForcePush: com.dotcms.publisher.util.DependencyModDateUtilTest$TestCase@6a154ea7" classname="com.dotcms.publisher.util.DependencyModDateUtilTest" time="2.053"/>
  <testcase name="excludeByModDateContentWithPushAssetBeforeModDate: ForcePush: com.dotcms.publisher.util.DependencyModDateUtilTest$TestCase@4baf839e" classname="com.dotcms.publisher.util.DependencyModDateUtilTest" time="2.045"/>
  <testcase name="excludeByModDateContentWithPushAssetBeforeModDate: ForcePush: com.dotcms.publisher.util.DependencyModDateUtilTest$TestCase@6a839b19" classname="com.dotcms.publisher.util.DependencyModDateUtilTest" time="2.007"/>
  <testcase name="excludeByModDateContentWithPushAssetBeforeModDate: ForcePush: com.dotcms.publisher.util.DependencyModDateUtilTest$TestCase@a38ec15" classname="com.dotcms.publisher.util.DependencyModDateUtilTest" time="2.047"/>
  <testcase name="excludeByModDateContentWithPushAssetBeforeModDate: ForcePush: com.dotcms.publisher.util.DependencyModDateUtilTest$TestCase@4a18eb83" classname="com.dotcms.publisher.util.DependencyModDateUtilTest" time="2.014"/>
  <testcase name="excludeByModDateContentWithPushAssetBeforeModDate: ForcePush: com.dotcms.publisher.util.DependencyModDateUtilTest$TestCase@7d9c322d" classname="com.dotcms.publisher.util.DependencyModDateUtilTest" time="2.083"/>
  <testcase name="excludeByModDateContentWithTwoEnvironment: ForcePush: com.dotcms.publisher.util.DependencyModDateUtilTest$TestCase@3d8b88ce" classname="com.dotcms.publisher.util.DependencyModDateUtilTest" time="2.053"/>
  <testcase name="excludeByModDateContentWithTwoEnvironment: ForcePush: com.dotcms.publisher.util.DependencyModDateUtilTest$TestCase@24861d1b" classname="com.dotcms.publisher.util.DependencyModDateUtilTest" time="1.988"/>
  <testcase name="excludeByModDateContentWithTwoEnvironment: ForcePush: com.dotcms.publisher.util.DependencyModDateUtilTest$TestCase@4219d21a" classname="com.dotcms.publisher.util.DependencyModDateUtilTest" time="2.036"/>
  <testcase name="excludeByModDateContentWithTwoEnvironment: ForcePush: com.dotcms.publisher.util.DependencyModDateUtilTest$TestCase@13464bb0" classname="com.dotcms.publisher.util.DependencyModDateUtilTest" time="2.038"/>
  <testcase name="excludeByModDateContentWithTwoEnvironment: ForcePush: com.dotcms.publisher.util.DependencyModDateUtilTest$TestCase@726a6cee" classname="com.dotcms.publisher.util.DependencyModDateUtilTest" time="2.176"/>
  <testcase name="excludeByModDateContentWithTwoEnvironment: ForcePush: com.dotcms.publisher.util.DependencyModDateUtilTest$TestCase@6610c97d" classname="com.dotcms.publisher.util.DependencyModDateUtilTest" time="1.895"/>
  <testcase name="excludeByModDateContentWithTwoEnvironment: ForcePush: com.dotcms.publisher.util.DependencyModDateUtilTest$TestCase@6a154ea7" classname="com.dotcms.publisher.util.DependencyModDateUtilTest" time="2.082"/>
  <testcase name="excludeByModDateContentWithTwoEnvironment: ForcePush: com.dotcms.publisher.util.DependencyModDateUtilTest$TestCase@4baf839e" classname="com.dotcms.publisher.util.DependencyModDateUtilTest" time="2.034"/>
  <testcase name="excludeByModDateContentWithTwoEnvironment: ForcePush: com.dotcms.publisher.util.DependencyModDateUtilTest$TestCase@6a839b19" classname="com.dotcms.publisher.util.DependencyModDateUtilTest" time="2.038"/>
  <testcase name="excludeByModDateContentWithTwoEnvironment: ForcePush: com.dotcms.publisher.util.DependencyModDateUtilTest$TestCase@a38ec15" classname="com.dotcms.publisher.util.DependencyModDateUtilTest" time="2.075"/>
  <testcase name="excludeByModDateContentWithTwoEnvironment: ForcePush: com.dotcms.publisher.util.DependencyModDateUtilTest$TestCase@4a18eb83" classname="com.dotcms.publisher.util.DependencyModDateUtilTest" time="1.963"/>
  <testcase name="excludeByModDateContentWithTwoEnvironment: ForcePush: com.dotcms.publisher.util.DependencyModDateUtilTest$TestCase@7d9c322d" classname="com.dotcms.publisher.util.DependencyModDateUtilTest" time="2.049"/>
  <system-out><![CDATA[]]></system-out>
  <system-err><![CDATA[]]></system-err>
</testsuite>
