<?xml version="1.0" encoding="UTF-8"?>
<testsuite name="com.dotcms.rest.TagResourceIntegrationTest" tests="4" skipped="0" failures="0" errors="0" timestamp="2023-06-28T00:26:27" hostname="fv-az175-688" time="0.322">
  <properties/>
  <testcase name="testList[0: com.dotcms.rest.TagResourceTestCase@54ce0ff1]" classname="com.dotcms.rest.TagResourceIntegrationTest" time="0.245"/>
  <testcase name="testList[1: com.dotcms.rest.TagResourceTestCase@597e45aa]" classname="com.dotcms.rest.TagResourceIntegrationTest" time="0.036"/>
  <testcase name="testList[2: com.dotcms.rest.TagResourceTestCase@5872738b]" classname="com.dotcms.rest.TagResourceIntegrationTest" time="0.019"/>
  <testcase name="testList[3: com.dotcms.rest.TagResourceTestCase@6faafb7f]" classname="com.dotcms.rest.TagResourceIntegrationTest" time="0.021"/>
  <system-out><![CDATA[]]></system-out>
  <system-err><![CDATA[Jun 28, 2023 12:26:27 AM com.dotcms.repackage.org.hibernate.validator.internal.util.Version <clinit>
INFO: HV000001: Hibernate Validator 4.3.2.Final
]]></system-err>
</testsuite>
