<?xml version="1.0" encoding="UTF-8"?>
<testsuite name="com.dotcms.rest.api.v1.vtl.VTLResourceIntegrationTest" tests="6" skipped="0" failures="0" errors="0" timestamp="2023-06-29T16:12:01" hostname="fv-az397-405" time="12.418">
  <properties/>
  <testcase name="testGet[0: com.dotcms.rest.api.v1.vtl.VTLResourceTestCase@20f64ede]" classname="com.dotcms.rest.api.v1.vtl.VTLResourceIntegrationTest" time="2.425"/>
  <testcase name="testGet[1: com.dotcms.rest.api.v1.vtl.VTLResourceTestCase@1ae1a13]" classname="com.dotcms.rest.api.v1.vtl.VTLResourceIntegrationTest" time="2.106"/>
  <testcase name="testGet[2: com.dotcms.rest.api.v1.vtl.VTLResourceTestCase@34c411fa]" classname="com.dotcms.rest.api.v1.vtl.VTLResourceIntegrationTest" time="2.008"/>
  <testcase name="testGet[3: com.dotcms.rest.api.v1.vtl.VTLResourceTestCase@3108a83c]" classname="com.dotcms.rest.api.v1.vtl.VTLResourceIntegrationTest" time="1.948"/>
  <testcase name="testGet[4: com.dotcms.rest.api.v1.vtl.VTLResourceTestCase@239a807d]" classname="com.dotcms.rest.api.v1.vtl.VTLResourceIntegrationTest" time="2.087"/>
  <testcase name="testGet[5: com.dotcms.rest.api.v1.vtl.VTLResourceTestCase@5215689f]" classname="com.dotcms.rest.api.v1.vtl.VTLResourceIntegrationTest" time="1.844"/>
  <system-out><![CDATA[]]></system-out>
  <system-err><![CDATA[]]></system-err>
</testsuite>
