<?xml version="1.0" encoding="UTF-8"?>
<testsuite name="com.dotcms.rest.api.v1.vtl.VTLResourceIntegrationTest" tests="6" skipped="0" failures="0" errors="0" timestamp="2023-06-26T16:40:17" hostname="fv-az585-827" time="11.554">
  <properties/>
  <testcase name="testGet[0: com.dotcms.rest.api.v1.vtl.VTLResourceTestCase@70634ff5]" classname="com.dotcms.rest.api.v1.vtl.VTLResourceIntegrationTest" time="2.661"/>
  <testcase name="testGet[1: com.dotcms.rest.api.v1.vtl.VTLResourceTestCase@29da01f2]" classname="com.dotcms.rest.api.v1.vtl.VTLResourceIntegrationTest" time="0.651"/>
  <testcase name="testGet[2: com.dotcms.rest.api.v1.vtl.VTLResourceTestCase@3942f307]" classname="com.dotcms.rest.api.v1.vtl.VTLResourceIntegrationTest" time="2.125"/>
  <testcase name="testGet[3: com.dotcms.rest.api.v1.vtl.VTLResourceTestCase@4e7274ef]" classname="com.dotcms.rest.api.v1.vtl.VTLResourceIntegrationTest" time="2.024"/>
  <testcase name="testGet[4: com.dotcms.rest.api.v1.vtl.VTLResourceTestCase@24848633]" classname="com.dotcms.rest.api.v1.vtl.VTLResourceIntegrationTest" time="1.862"/>
  <testcase name="testGet[5: com.dotcms.rest.api.v1.vtl.VTLResourceTestCase@5da8d6c0]" classname="com.dotcms.rest.api.v1.vtl.VTLResourceIntegrationTest" time="2.229"/>
  <system-out><![CDATA[]]></system-out>
  <system-err><![CDATA[]]></system-err>
</testsuite>
