<?xml version="1.0" encoding="UTF-8"?>
<testsuite name="com.dotmarketing.startup.StartupTasksExecutorDataTest" tests="2" skipped="0" failures="0" errors="0" timestamp="2023-06-30T17:01:26" hostname="fv-az173-860" time="0.017">
  <properties/>
  <testcase name="testStartupTasksExecutorExecuteDataUpgrades" classname="com.dotmarketing.startup.StartupTasksExecutorDataTest" time="0.011"/>
  <testcase name="testStartupTasksExecutorGetDataVersionTable" classname="com.dotmarketing.startup.StartupTasksExecutorDataTest" time="0.006"/>
  <system-out><![CDATA[]]></system-out>
  <system-err><![CDATA[]]></system-err>
</testsuite>
