<?xml version="1.0" encoding="UTF-8"?>
<testsuite name="com.dotmarketing.business.DeterministicIdentifierAPITest" tests="16" skipped="0" failures="0" errors="0" timestamp="2023-06-28T04:34:11" hostname="fv-az255-852" time="1.249">
  <properties/>
  <testcase name="Test_Category_Path_Seed_And_Id" classname="com.dotmarketing.business.DeterministicIdentifierAPITest" time="0.032"/>
  <testcase name="Test_Language_Deterministic_Id[0: LanguageTestCase{expectedSeed='Language:es:US', expectedHash=4913155, langCode='es', countryCode='US', country='United States'}]" classname="com.dotmarketing.business.DeterministicIdentifierAPITest" time="0.002"/>
  <testcase name="Test_Language_Deterministic_Id[1: LanguageTestCase{expectedSeed='Language:ep:', expectedHash=5292269, langCode='ep', countryCode='', country=''}]" classname="com.dotmarketing.business.DeterministicIdentifierAPITest" time="0.002"/>
  <testcase name="Test_Language_Deterministic_Id[2: LanguageTestCase{expectedSeed='Language:sg:SAG', expectedHash=4713118, langCode='sg', countryCode='SAG', country=''}]" classname="com.dotmarketing.business.DeterministicIdentifierAPITest" time="0.002"/>
  <testcase name="Test_Language_Deterministic_Id[3: LanguageTestCase{expectedSeed='Language:en:NZ', expectedHash=5382528, langCode='en', countryCode='NZ', country='New Zealand'}]" classname="com.dotmarketing.business.DeterministicIdentifierAPITest" time="0.002"/>
  <testcase name="Test_Category_None_Persisted_Category_Should_Return_Deterministic_Id" classname="com.dotmarketing.business.DeterministicIdentifierAPITest" time="0.009"/>
  <testcase name="Test_Asset_Generate_Deterministic_Id_Best_Effort[0: TestCase{versionable=my.host1687926434769.com, parent=System Host, expectedName='my.host1687926434769.com', expectedType='Host'}]" classname="com.dotmarketing.business.DeterministicIdentifierAPITest" time="0.004"/>
  <testcase name="Test_Asset_Generate_Deterministic_Id_Best_Effort[1: TestCase{versionable=com.dotmarketing.portlets.contentlet.model.Contentlet@4af6c8c8[map={modDate=2023-06-28 04:27:15.35, fileName=file10259044729957308067.txt, title=file10259044729957308067.txt, inode=18393140-25fc-44c9-b538-635fcfb5cc3c, __IS_NEW_CONTENT__=true, disabledWYSIWYG=[], host=4726e53b-1f90-4423-b869-0a04c7a0748e, stInode=33888b6f-7a8e-4069-b1b6-5c1aa9d0a48d, owner=system, identifier=13f05cbd-bc54-410e-923a-0d08e4bb89a5, nullProperties=[wfExpireDate, wfPublishDate, wfActionAssign, wfActionId, wfActionComments, filterKey, whereToSend, wfNeverExpire, _path_to_move, timezoneId, iWantTo, wfPublishTime, wfExpireTime], languageId=1, fileAsset=/home/runner/work/core/custom/assets/1/8/18393140-25fc-44c9-b538-635fcfb5cc3c/fileAsset/file10259044729957308067.txt, folder=8cb4e5e2-0265-4404-9078-71d0c6227c13, __disable_workflow__=true, sortOrder=0, modUser=system},lowIndexPriority=false,variantId=DEFAULT], parent=com.dotmarketing.portlets.folders.model.Folder@427e8963[identifier=8cb4e5e2-0265-4404-9078-71d0c6227c13,name=testName1687926435340,sortOrder=0,showOnMenu=false,hostId=4726e53b-1f90-4423-b869-0a04c7a0748e,type=folder,title=testTitle1687926435340,filesMasks=,defaultFileType=33888b6f-7a8e-4069-b1b6-5c1aa9d0a48d,modDate=2023-06-28 04:27:15.344,owner=&lt;null&gt;,iDate=2023-06-28 04:27:15.344,inode=8cb4e5e2-0265-4404-9078-71d0c6227c13,path=/testName1687926435340/], expectedName='file10259044729957308067.txt', expectedType='FileAsset'}]" classname="com.dotmarketing.business.DeterministicIdentifierAPITest" time="0.003"/>
  <testcase name="Test_Asset_Generate_Deterministic_Id_Best_Effort[2: TestCase{versionable=com.dotmarketing.portlets.templates.model.Template@d1401707, parent=my.host1687926434769.com, expectedName='testTitle1687926435497', expectedType='Template'}]" classname="com.dotmarketing.business.DeterministicIdentifierAPITest" time="0.003"/>
  <testcase name="Test_Asset_Generate_Deterministic_Id_Best_Effort[3: TestCase{versionable=com.dotmarketing.portlets.htmlpageasset.model.HTMLPageAsset@7bda5a7d[map={template=898e5507-094e-45d0-84df-cce56ee62007, owner=system, identifier=e519b9c6-d0f3-48ca-ac41-178874341347, nullProperties=[wfExpireDate, wfPublishDate, wfActionAssign, wfActionId, wfActionComments, filterKey, whereToSend, wfNeverExpire, _path_to_move, timezoneId, iWantTo, wfPublishTime, wfExpireTime], modDate=2023-06-28 04:27:15.528, cachettl=0, _is_test_mode=true, languageId=1, title=test-page-title-1687926435520, httpsreq=, url=test-page-url-1687926435520, showOnMenu=, inode=26a2c512-cee9-47f2-85da-8f0d150951a5, folder=8cb4e5e2-0265-4404-9078-71d0c6227c13, disabledWYSIWYG=[], sortOrder=1, modUser=system, host=4726e53b-1f90-4423-b869-0a04c7a0748e, stInode=c541abb1-69b3-4bc5-8430-5e09e5239cc8, friendlyName=test-page-friendly-name-1687926435520},lowIndexPriority=false,variantId=DEFAULT], parent=com.dotmarketing.portlets.folders.model.Folder@427e8963[identifier=8cb4e5e2-0265-4404-9078-71d0c6227c13,name=testName1687926435340,sortOrder=0,showOnMenu=false,hostId=4726e53b-1f90-4423-b869-0a04c7a0748e,type=folder,title=testTitle1687926435340,filesMasks=,defaultFileType=33888b6f-7a8e-4069-b1b6-5c1aa9d0a48d,modDate=2023-06-28 04:27:15.344,owner=&lt;null&gt;,iDate=2023-06-28 04:27:15.344,inode=8cb4e5e2-0265-4404-9078-71d0c6227c13,path=/testName1687926435340/], expectedName='test-page-url-1687926435520', expectedType='htmlpageasset'}]" classname="com.dotmarketing.business.DeterministicIdentifierAPITest" time="0.003"/>
  <testcase name="Test_Asset_Generate_Deterministic_Id_Best_Effort[4: TestCase{versionable=com.dotmarketing.portlets.contentlet.model.Contentlet@ad64892[map={fileAsset2=/home/runner/work/core/custom/assets/b/f/bf8eaa65-a7a2-4aee-ba3e-11286f53b9f3/fileAsset2/test_binary1687926437318.png, modDate=2023-06-28 04:27:17.325, fileAsset1=/home/runner/work/core/custom/assets/b/f/bf8eaa65-a7a2-4aee-ba3e-11286f53b9f3/fileAsset1/test_binary1687926437318.jpg, title=blah, inode=bf8eaa65-a7a2-4aee-ba3e-11286f53b9f3, __IS_NEW_CONTENT__=true, disabledWYSIWYG=[], host=48190c8c-42c4-46af-8d1a-0cd5db894797, stInode=c1e46f42-9595-478b-bb2d-4eed7abe70f9, owner=system, identifier=ef926f45-d630-4cf1-9d70-334a93260915, nullProperties=[], languageId=1, image1=b2d235f7-5e27-443e-9fe9-06cb6e9fda8a, folder=SYSTEM_FOLDER, __disable_workflow__=true, sortOrder=0, modUser=system},lowIndexPriority=false,variantId=DEFAULT], parent=demo.dotcms.com, expectedName='test_binary1687926437318.jpg:test_binary1687926437318.png', expectedType='MultipleBinaries1687926435738'}]" classname="com.dotmarketing.business.DeterministicIdentifierAPITest" time="0.003"/>
  <testcase name="Test_Asset_Generate_Deterministic_Id_Best_Effort[5: TestCase{versionable=name66a7223b3e : keyTag66a7223b3e, parent=my.host1687926434769.com, expectedName='keyTag66a7223b3e', expectedType='persona'}]" classname="com.dotmarketing.business.DeterministicIdentifierAPITest" time="0.002"/>
  <testcase name="Test_Similar_Content_Type_Wont_Clash" classname="com.dotmarketing.business.DeterministicIdentifierAPITest" time="0.627"/>
  <testcase name="Test_Generate_Folder_Identifier" classname="com.dotmarketing.business.DeterministicIdentifierAPITest" time="0.528"/>
  <testcase name="Test_Generate_Content_Type_Identifier[0: ContentTypeTestCase{contentType=KeyValueContentType{name=Language Variable, id=f4d7c1b8-2c88-4071-abf1-a5328977b07d, description=Default Content Type for Language Variables, defaultType=false, fixed=true, iDate=Thu Aug 31 16:38:49 UTC 2017, system=true, versionable=true, variable=Languagevariable, modDate=Wed Jun 28 03:16:20 UTC 2023, host=SYSTEM_HOST, siteName=systemHost, icon=language, sortOrder=0, folder=SYSTEM_FOLDER, folderPath=/, markedForDeletion=true, multilingualable=false}, expectedName='Languagevariable', expectedType='KeyValue'}]" classname="com.dotmarketing.business.DeterministicIdentifierAPITest" time="0.009"/>
  <testcase name="Test_Generate_Content_Type_Identifier[1: ContentTypeTestCase{contentType=SimpleContentType{name=testName1687926437762, id=5d49789a-4333-4194-aba1-53d16f383d9a, description=testDescription1687926437762, defaultType=false, fixed=false, iDate=Wed Jun 28 04:27:17 UTC 2023, system=false, versionable=true, multilingualable=false, variable=testVarname1687926437762, owner=system, modDate=Wed Jun 28 04:27:18 UTC 2023, host=48190c8c-42c4-46af-8d1a-0cd5db894797, siteName=demo.dotcms.com, icon=event_note, sortOrder=0, folder=SYSTEM_FOLDER, folderPath=/, requiredFields=[], markedForDeletion=false}, expectedName='testVarname1687926437762', expectedType='CONTENT'}]" classname="com.dotmarketing.business.DeterministicIdentifierAPITest" time="0.008"/>
  <system-out><![CDATA[]]></system-out>
  <system-err><![CDATA[]]></system-err>
</testsuite>
