<?xml version="1.0" encoding="UTF-8"?>
<testsuite name="com.dotmarketing.servlets.ajax.AjaxDirectorServletIntegrationTest" tests="2" skipped="0" failures="0" errors="0" timestamp="2023-07-19T21:56:11" hostname="fv-az561-507" time="4.841">
  <properties/>
  <testcase name="testService[0: com.dotmarketing.servlets.ajax.AjaxDirectorServletTestCase@5fd723c5]" classname="com.dotmarketing.servlets.ajax.AjaxDirectorServletIntegrationTest" time="2.529"/>
  <testcase name="testService[1: com.dotmarketing.servlets.ajax.AjaxDirectorServletTestCase@5380cf11]" classname="com.dotmarketing.servlets.ajax.AjaxDirectorServletIntegrationTest" time="2.312"/>
  <system-out><![CDATA[]]></system-out>
  <system-err><![CDATA[]]></system-err>
</testsuite>
