<?xml version="1.0" encoding="UTF-8"?>
<testsuite name="com.dotcms.rest.api.v1.vtl.VTLResourceIntegrationTest" tests="6" skipped="0" failures="0" errors="0" timestamp="2023-07-20T17:34:32" hostname="fv-az574-670" time="13.092">
  <properties/>
  <testcase name="testGet[0: com.dotcms.rest.api.v1.vtl.VTLResourceTestCase@7d808e54]" classname="com.dotcms.rest.api.v1.vtl.VTLResourceIntegrationTest" time="2.144"/>
  <testcase name="testGet[1: com.dotcms.rest.api.v1.vtl.VTLResourceTestCase@5ef3dbbb]" classname="com.dotcms.rest.api.v1.vtl.VTLResourceIntegrationTest" time="1.921"/>
  <testcase name="testGet[2: com.dotcms.rest.api.v1.vtl.VTLResourceTestCase@7899cde4]" classname="com.dotcms.rest.api.v1.vtl.VTLResourceIntegrationTest" time="2.219"/>
  <testcase name="testGet[3: com.dotcms.rest.api.v1.vtl.VTLResourceTestCase@63436838]" classname="com.dotcms.rest.api.v1.vtl.VTLResourceIntegrationTest" time="2.852"/>
  <testcase name="testGet[4: com.dotcms.rest.api.v1.vtl.VTLResourceTestCase@1ac8a82a]" classname="com.dotcms.rest.api.v1.vtl.VTLResourceIntegrationTest" time="1.986"/>
  <testcase name="testGet[5: com.dotcms.rest.api.v1.vtl.VTLResourceTestCase@5aa696cb]" classname="com.dotcms.rest.api.v1.vtl.VTLResourceIntegrationTest" time="1.969"/>
  <system-out><![CDATA[]]></system-out>
  <system-err><![CDATA[]]></system-err>
</testsuite>
