<?xml version="1.0" encoding="UTF-8"?>
<testsuite name="com.dotmarketing.portlets.structure.model.ContentletRelationshipsTest" tests="7" skipped="0" failures="0" errors="0" timestamp="2023-07-10T19:13:03" hostname="fv-az471-786" time="11.638">
  <properties/>
  <testcase name="testDoesAllowOnlyOne[0: com.dotmarketing.portlets.structure.model.ContentletRelationshipsTest$CardinalityTestCase@25087a60]" classname="com.dotmarketing.portlets.structure.model.ContentletRelationshipsTest" time="0.705"/>
  <testcase name="testDoesAllowOnlyOne[1: com.dotmarketing.portlets.structure.model.ContentletRelationshipsTest$CardinalityTestCase@577ef31b]" classname="com.dotmarketing.portlets.structure.model.ContentletRelationshipsTest" time="0.728"/>
  <testcase name="testDoesAllowOnlyOne[2: com.dotmarketing.portlets.structure.model.ContentletRelationshipsTest$CardinalityTestCase@451c7d3e]" classname="com.dotmarketing.portlets.structure.model.ContentletRelationshipsTest" time="0.696"/>
  <testcase name="testGetRelationshipRecords[0: com.dotmarketing.portlets.structure.model.ContentletRelationshipsTest$TestCase@1d676cd9]" classname="com.dotmarketing.portlets.structure.model.ContentletRelationshipsTest" time="2.666"/>
  <testcase name="testGetRelationshipRecords[1: com.dotmarketing.portlets.structure.model.ContentletRelationshipsTest$TestCase@7b5ade6f]" classname="com.dotmarketing.portlets.structure.model.ContentletRelationshipsTest" time="2.361"/>
  <testcase name="testGetRelationshipRecords[2: com.dotmarketing.portlets.structure.model.ContentletRelationshipsTest$TestCase@5b9c1c34]" classname="com.dotmarketing.portlets.structure.model.ContentletRelationshipsTest" time="2.272"/>
  <testcase name="testGetRelationshipRecords[3: com.dotmarketing.portlets.structure.model.ContentletRelationshipsTest$TestCase@7d4f6ff4]" classname="com.dotmarketing.portlets.structure.model.ContentletRelationshipsTest" time="2.209"/>
  <system-out><![CDATA[]]></system-out>
  <system-err><![CDATA[]]></system-err>
</testsuite>
