<?xml version="1.0" encoding="UTF-8"?>
<testsuite name="com.dotcms.rest.api.v1.contenttype.FieldVariableResourceTest" tests="2" skipped="0" failures="0" errors="0" timestamp="2023-06-30T16:08:13" hostname="fv-az173-860" time="12.84">
  <properties/>
  <testcase name="testByFieldId" classname="com.dotcms.rest.api.v1.contenttype.FieldVariableResourceTest" time="6.431"/>
  <testcase name="testByFieldVar" classname="com.dotcms.rest.api.v1.contenttype.FieldVariableResourceTest" time="6.409"/>
  <system-out><![CDATA[]]></system-out>
  <system-err><![CDATA[]]></system-err>
</testsuite>
