<?xml version="1.0" encoding="UTF-8"?>
<testsuite name="com.dotmarketing.portlets.folders.model.FolderTest" tests="2" skipped="0" failures="0" errors="0" timestamp="2023-06-27T21:04:47" hostname="fv-az166-290" time="0.035">
  <properties/>
  <testcase name="test_folder_host_method" classname="com.dotmarketing.portlets.folders.model.FolderTest" time="0.021"/>
  <testcase name="test_folder_isSystemFolder" classname="com.dotmarketing.portlets.folders.model.FolderTest" time="0.014"/>
  <system-out><![CDATA[]]></system-out>
  <system-err><![CDATA[]]></system-err>
</testsuite>
