<?xml version="1.0" encoding="UTF-8"?>
<testsuite name="com.dotmarketing.business.DeterministicIdentifierAPITest" tests="16" skipped="0" failures="0" errors="0" timestamp="2023-06-26T17:26:51" hostname="fv-az422-943" time="0.712">
  <properties/>
  <testcase name="Test_Category_Path_Seed_And_Id" classname="com.dotmarketing.business.DeterministicIdentifierAPITest" time="0.027"/>
  <testcase name="Test_Language_Deterministic_Id[0: LanguageTestCase{expectedSeed='Language:es:US', expectedHash=4913155, langCode='es', countryCode='US', country='United States'}]" classname="com.dotmarketing.business.DeterministicIdentifierAPITest" time="0.001"/>
  <testcase name="Test_Language_Deterministic_Id[1: LanguageTestCase{expectedSeed='Language:ep:', expectedHash=5292269, langCode='ep', countryCode='', country=''}]" classname="com.dotmarketing.business.DeterministicIdentifierAPITest" time="0.001"/>
  <testcase name="Test_Language_Deterministic_Id[2: LanguageTestCase{expectedSeed='Language:sg:SAG', expectedHash=4713118, langCode='sg', countryCode='SAG', country=''}]" classname="com.dotmarketing.business.DeterministicIdentifierAPITest" time="0.001"/>
  <testcase name="Test_Language_Deterministic_Id[3: LanguageTestCase{expectedSeed='Language:en:NZ', expectedHash=5382528, langCode='en', countryCode='NZ', country='New Zealand'}]" classname="com.dotmarketing.business.DeterministicIdentifierAPITest" time="0.001"/>
  <testcase name="Test_Category_None_Persisted_Category_Should_Return_Deterministic_Id" classname="com.dotmarketing.business.DeterministicIdentifierAPITest" time="0.003"/>
  <testcase name="Test_Asset_Generate_Deterministic_Id_Best_Effort[0: TestCase{versionable=my.host1687795027896.com, parent=System Host, expectedName='my.host1687795027896.com', expectedType='Host'}]" classname="com.dotmarketing.business.DeterministicIdentifierAPITest" time="0.005"/>
  <testcase name="Test_Asset_Generate_Deterministic_Id_Best_Effort[1: TestCase{versionable=com.dotmarketing.portlets.contentlet.model.Contentlet@212be702[map={modDate=2023-06-26 15:57:08.889, fileName=file13129759095059509421.txt, title=file13129759095059509421.txt, inode=8c6e2425-f035-4bc8-9e56-a4803052436b, __IS_NEW_CONTENT__=true, disabledWYSIWYG=[], host=8fb8532e-c031-4e25-a47f-4349fe956514, stInode=33888b6f-7a8e-4069-b1b6-5c1aa9d0a48d, owner=system, identifier=b9d12ef5-86c1-4ead-9edf-85f6627cfb66, nullProperties=[wfExpireDate, wfPublishDate, wfActionAssign, wfActionId, wfActionComments, filterKey, whereToSend, wfNeverExpire, _path_to_move, timezoneId, iWantTo, wfPublishTime, wfExpireTime], languageId=1, fileAsset=/home/runner/work/core/custom/assets/8/c/8c6e2425-f035-4bc8-9e56-a4803052436b/fileAsset/file13129759095059509421.txt, folder=bd2b7539-6205-4bf6-95f7-0eef6c2e5455, __disable_workflow__=true, sortOrder=0, modUser=system},lowIndexPriority=false,variantId=DEFAULT], parent=com.dotmarketing.portlets.folders.model.Folder@486f945d[identifier=bd2b7539-6205-4bf6-95f7-0eef6c2e5455,name=testName1687795028883,sortOrder=0,showOnMenu=false,hostId=8fb8532e-c031-4e25-a47f-4349fe956514,type=folder,title=testTitle1687795028883,filesMasks=,defaultFileType=33888b6f-7a8e-4069-b1b6-5c1aa9d0a48d,modDate=2023-06-26 15:57:08.886,owner=&lt;null&gt;,iDate=2023-06-26 15:57:08.886,inode=bd2b7539-6205-4bf6-95f7-0eef6c2e5455,path=/testName1687795028883/], expectedName='file13129759095059509421.txt', expectedType='FileAsset'}]" classname="com.dotmarketing.business.DeterministicIdentifierAPITest" time="0.004"/>
  <testcase name="Test_Asset_Generate_Deterministic_Id_Best_Effort[2: TestCase{versionable=com.dotmarketing.portlets.templates.model.Template@7b6929c, parent=my.host1687795027896.com, expectedName='testTitle1687795028951', expectedType='Template'}]" classname="com.dotmarketing.business.DeterministicIdentifierAPITest" time="0.002"/>
  <testcase name="Test_Asset_Generate_Deterministic_Id_Best_Effort[3: TestCase{versionable=com.dotmarketing.portlets.htmlpageasset.model.HTMLPageAsset@111b2b1[map={template=eb0c19b1-14d7-4ae5-a3c0-bf194fdfb7fc, owner=system, identifier=be604cba-2c4a-4574-a32f-7addbae7f7eb, nullProperties=[wfExpireDate, wfPublishDate, wfActionAssign, wfActionId, wfActionComments, filterKey, whereToSend, wfNeverExpire, _path_to_move, timezoneId, iWantTo, wfPublishTime, wfExpireTime], modDate=2023-06-26 15:57:08.97, cachettl=0, _is_test_mode=true, languageId=1, title=test-page-title-1687795028959, httpsreq=, url=test-page-url-1687795028959, showOnMenu=, inode=af5ffbdd-1eb3-4be4-bf69-6f30bc0c123b, folder=bd2b7539-6205-4bf6-95f7-0eef6c2e5455, disabledWYSIWYG=[], sortOrder=1, modUser=system, host=8fb8532e-c031-4e25-a47f-4349fe956514, stInode=c541abb1-69b3-4bc5-8430-5e09e5239cc8, friendlyName=test-page-friendly-name-1687795028959},lowIndexPriority=false,variantId=DEFAULT], parent=com.dotmarketing.portlets.folders.model.Folder@486f945d[identifier=bd2b7539-6205-4bf6-95f7-0eef6c2e5455,name=testName1687795028883,sortOrder=0,showOnMenu=false,hostId=8fb8532e-c031-4e25-a47f-4349fe956514,type=folder,title=testTitle1687795028883,filesMasks=,defaultFileType=33888b6f-7a8e-4069-b1b6-5c1aa9d0a48d,modDate=2023-06-26 15:57:08.886,owner=&lt;null&gt;,iDate=2023-06-26 15:57:08.886,inode=bd2b7539-6205-4bf6-95f7-0eef6c2e5455,path=/testName1687795028883/], expectedName='test-page-url-1687795028959', expectedType='htmlpageasset'}]" classname="com.dotmarketing.business.DeterministicIdentifierAPITest" time="0.002"/>
  <testcase name="Test_Asset_Generate_Deterministic_Id_Best_Effort[4: TestCase{versionable=com.dotmarketing.portlets.contentlet.model.Contentlet@72ba62e9[map={fileAsset2=/home/runner/work/core/custom/assets/d/9/d91e1ec9-bc6a-46b9-ac77-ebe1521039cb/fileAsset2/test_binary1687795029871.png, modDate=2023-06-26 15:57:09.877, fileAsset1=/home/runner/work/core/custom/assets/d/9/d91e1ec9-bc6a-46b9-ac77-ebe1521039cb/fileAsset1/test_binary1687795029870.jpg, title=blah, inode=d91e1ec9-bc6a-46b9-ac77-ebe1521039cb, __IS_NEW_CONTENT__=true, disabledWYSIWYG=[], host=8a7d5e23-da1e-420a-b4f0-471e7da8ea2d, stInode=307d1921-6000-41d7-ab3a-7fd667899cec, owner=system, identifier=b854752f-7f07-417e-b32a-00e822c9d4e1, nullProperties=[], languageId=1, image1=73342d8a-9ed9-49cf-b7d6-d57e77908422, folder=SYSTEM_FOLDER, __disable_workflow__=true, sortOrder=0, modUser=system},lowIndexPriority=false,variantId=DEFAULT], parent=default, expectedName='test_binary1687795029870.jpg:test_binary1687795029871.png', expectedType='MultipleBinaries1687795029103'}]" classname="com.dotmarketing.business.DeterministicIdentifierAPITest" time="0.007"/>
  <testcase name="Test_Asset_Generate_Deterministic_Id_Best_Effort[5: TestCase{versionable=name42e50d4238 : keyTag42e50d4238, parent=my.host1687795027896.com, expectedName='keyTag42e50d4238', expectedType='persona'}]" classname="com.dotmarketing.business.DeterministicIdentifierAPITest" time="0.005"/>
  <testcase name="Test_Similar_Content_Type_Wont_Clash" classname="com.dotmarketing.business.DeterministicIdentifierAPITest" time="0.383"/>
  <testcase name="Test_Generate_Folder_Identifier" classname="com.dotmarketing.business.DeterministicIdentifierAPITest" time="0.235"/>
  <testcase name="Test_Generate_Content_Type_Identifier[0: ContentTypeTestCase{contentType=KeyValueContentType{name=Language Variable, id=f4d7c1b8-2c88-4071-abf1-a5328977b07d, description=Default Content Type for Language Variables, defaultType=false, fixed=true, iDate=Thu Aug 31 16:38:49 UTC 2017, system=true, versionable=true, variable=Languagevariable, modDate=Mon Jun 26 15:53:51 UTC 2023, host=SYSTEM_HOST, siteName=systemHost, icon=language, sortOrder=0, folder=SYSTEM_FOLDER, folderPath=/, markedForDeletion=false, multilingualable=false}, expectedName='Languagevariable', expectedType='KeyValue'}]" classname="com.dotmarketing.business.DeterministicIdentifierAPITest" time="0.008"/>
  <testcase name="Test_Generate_Content_Type_Identifier[1: ContentTypeTestCase{contentType=SimpleContentType{name=testName1687795030177, id=d940ce83-4f3f-431e-b5c3-8988ffac27e0, description=testDescription1687795030177, defaultType=false, fixed=false, iDate=Mon Jun 26 15:57:10 UTC 2023, system=false, versionable=true, multilingualable=false, variable=testVarname1687795030177, owner=system, modDate=Mon Jun 26 15:57:10 UTC 2023, host=8a7d5e23-da1e-420a-b4f0-471e7da8ea2d, siteName=default, icon=event_note, sortOrder=0, folder=SYSTEM_FOLDER, folderPath=/, requiredFields=[], markedForDeletion=false}, expectedName='testVarname1687795030177', expectedType='CONTENT'}]" classname="com.dotmarketing.business.DeterministicIdentifierAPITest" time="0.005"/>
  <system-out><![CDATA[]]></system-out>
  <system-err><![CDATA[]]></system-err>
</testsuite>
