<?xml version="1.0" encoding="UTF-8"?>
<testsuite name="com.dotcms.business.SystemTableFactoryTest" tests="3" skipped="0" failures="0" errors="0" timestamp="2023-07-13T19:51:15" hostname="fv-az254-636" time="0.029">
  <properties/>
  <testcase name="test_find_all" classname="com.dotcms.business.SystemTableFactoryTest" time="0.013"/>
  <testcase name="test_double_insert" classname="com.dotcms.business.SystemTableFactoryTest" time="0.008"/>
  <testcase name="test_crud_success" classname="com.dotcms.business.SystemTableFactoryTest" time="0.007"/>
  <system-out><![CDATA[]]></system-out>
  <system-err><![CDATA[]]></system-err>
</testsuite>
