<?xml version="1.0" encoding="UTF-8"?>
<testsuite name="com.dotcms.rendering.velocity.viewtools.ContainerWebAPIIntegrationTest" tests="11" skipped="0" failures="0" errors="0" timestamp="2023-07-07T17:38:23" hostname="fv-az442-489" time="17.106">
  <properties/>
  <testcase name="testDoesUserHasPermissionToAddForm_GivenUserWithPermission_ShouldReturnTrue" classname="com.dotcms.rendering.velocity.viewtools.ContainerWebAPIIntegrationTest" time="1.928"/>
  <testcase name="testGetBaseContentTypeUserHasPermissionToAdd_GivenUserWithWidgetPermission_ShouldReturnWidgetString" classname="com.dotcms.rendering.velocity.viewtools.ContainerWebAPIIntegrationTest" time="1.776"/>
  <testcase name="testDoesUserHasPermissionToAddForm_GivenUserWithoutPermission_ShouldReturnFalse" classname="com.dotcms.rendering.velocity.viewtools.ContainerWebAPIIntegrationTest" time="0.722"/>
  <testcase name="testGetBaseContentTypeUserHasPermissionToAdd_GivenUserWithWidgetFormPermission_ShouldReturnWidgetFormString" classname="com.dotcms.rendering.velocity.viewtools.ContainerWebAPIIntegrationTest" time="1.75"/>
  <testcase name="testGetBaseContentTypeUserHasPermissionToAdd_GivenUserWithFormPermission_ShouldReturnFormString" classname="com.dotcms.rendering.velocity.viewtools.ContainerWebAPIIntegrationTest" time="1.734"/>
  <testcase name="whenPageUseAdvanceTemplate" classname="com.dotcms.rendering.velocity.viewtools.ContainerWebAPIIntegrationTest" time="1.366"/>
  <testcase name="testGetBaseContentTypeUserHasPermissionToAdd_GivenUserWithWidgetFormContentPermission_ShouldReturnWidgetFormContentString" classname="com.dotcms.rendering.velocity.viewtools.ContainerWebAPIIntegrationTest" time="1.796"/>
  <testcase name="testDoesUserHasPermissionToAddWidget_GivenUserWithoutPermission_ShouldReturnFalse" classname="com.dotcms.rendering.velocity.viewtools.ContainerWebAPIIntegrationTest" time="0.752"/>
  <testcase name="testDoesUserHasPermissionToAddWidget_GivenUserWithPermission_ShouldReturnTrue" classname="com.dotcms.rendering.velocity.viewtools.ContainerWebAPIIntegrationTest" time="1.737"/>
  <testcase name="whenPageUseNotAdvanceTemplate" classname="com.dotcms.rendering.velocity.viewtools.ContainerWebAPIIntegrationTest" time="2.804"/>
  <testcase name="testGetBaseContentTypeUserHasPermissionToAdd_GivenUserWithoutPermission_ShouldReturnEmptyString" classname="com.dotcms.rendering.velocity.viewtools.ContainerWebAPIIntegrationTest" time="0.741"/>
  <system-out><![CDATA[]]></system-out>
  <system-err><![CDATA[]]></system-err>
</testsuite>
