<?xml version="1.0" encoding="UTF-8"?>
<testsuite name="com.dotcms.rest.TagResourceIntegrationTest" tests="4" skipped="0" failures="0" errors="0" timestamp="2023-06-23T16:58:41" hostname="fv-az1098-397" time="0.255">
  <properties/>
  <testcase name="testList[0: com.dotcms.rest.TagResourceTestCase@5fe85379]" classname="com.dotcms.rest.TagResourceIntegrationTest" time="0.21"/>
  <testcase name="testList[1: com.dotcms.rest.TagResourceTestCase@3c655848]" classname="com.dotcms.rest.TagResourceIntegrationTest" time="0.015"/>
  <testcase name="testList[2: com.dotcms.rest.TagResourceTestCase@3f3d06ba]" classname="com.dotcms.rest.TagResourceIntegrationTest" time="0.013"/>
  <testcase name="testList[3: com.dotcms.rest.TagResourceTestCase@741a1181]" classname="com.dotcms.rest.TagResourceIntegrationTest" time="0.017"/>
  <system-out><![CDATA[]]></system-out>
  <system-err><![CDATA[Jun 23, 2023 4:58:41 PM com.dotcms.repackage.org.hibernate.validator.internal.util.Version <clinit>
INFO: HV000001: Hibernate Validator 4.3.2.Final
]]></system-err>
</testsuite>
