<?xml version="1.0" encoding="UTF-8"?>
<testsuite name="com.dotcms.contenttype.test.ContentResourceTest" tests="52" skipped="0" failures="0" errors="0" timestamp="2023-07-20T19:36:10" hostname="fv-az1232-188" time="183.092">
  <properties/>
  <testcase name="testGetContentShouldReturnIconDetails" classname="com.dotcms.contenttype.test.ContentResourceTest" time="1.985"/>
  <testcase name="Test_Save_Action_Set_Words_To_Required_NumericField_Issue_15340" classname="com.dotcms.contenttype.test.ContentResourceTest" time="1.129"/>
  <testcase name="test_getContent_includeGrandChildCategory_success" classname="com.dotcms.contenttype.test.ContentResourceTest" time="1.732"/>
  <testcase name="testGetContentWithRelatedParameter[0: com.dotcms.contenttype.test.ContentResourceTest$PullRelatedTestCase@55f830e8]" classname="com.dotcms.contenttype.test.ContentResourceTest" time="4.893"/>
  <testcase name="testGetContentWithRelatedParameter[1: com.dotcms.contenttype.test.ContentResourceTest$PullRelatedTestCase@db8226c]" classname="com.dotcms.contenttype.test.ContentResourceTest" time="4.857"/>
  <testcase name="testGetContentWithRelatedParameter[2: com.dotcms.contenttype.test.ContentResourceTest$PullRelatedTestCase@44a87871]" classname="com.dotcms.contenttype.test.ContentResourceTest" time="4.404"/>
  <testcase name="testGetContentWithRelatedParameter[3: com.dotcms.contenttype.test.ContentResourceTest$PullRelatedTestCase@46e44712]" classname="com.dotcms.contenttype.test.ContentResourceTest" time="4.7"/>
  <testcase name="testGetContentWithRelatedParameter[4: com.dotcms.contenttype.test.ContentResourceTest$PullRelatedTestCase@520f5056]" classname="com.dotcms.contenttype.test.ContentResourceTest" time="4.677"/>
  <testcase name="test_getContent_SelfRelatedWith3LevelsOfDepth_shouldReturnRelationships" classname="com.dotcms.contenttype.test.ContentResourceTest" time="1.709"/>
  <testcase name="Test_Save_Action_Send_Fields_SubSet_Issue_15340" classname="com.dotcms.contenttype.test.ContentResourceTest" time="3.26"/>
  <testcase name="test_getContent_shouldReturnRelationships[0: com.dotcms.contenttype.test.ContentResourceTest$TestCase@1e68b339]" classname="com.dotcms.contenttype.test.ContentResourceTest" time="3.619"/>
  <testcase name="test_getContent_shouldReturnRelationships[1: com.dotcms.contenttype.test.ContentResourceTest$TestCase@19843b75]" classname="com.dotcms.contenttype.test.ContentResourceTest" time="3.596"/>
  <testcase name="test_getContent_shouldReturnRelationships[2: com.dotcms.contenttype.test.ContentResourceTest$TestCase@7dbc3380]" classname="com.dotcms.contenttype.test.ContentResourceTest" time="3.755"/>
  <testcase name="test_getContent_shouldReturnRelationships[3: com.dotcms.contenttype.test.ContentResourceTest$TestCase@55194181]" classname="com.dotcms.contenttype.test.ContentResourceTest" time="3.673"/>
  <testcase name="test_getContent_shouldReturnRelationships[4: com.dotcms.contenttype.test.ContentResourceTest$TestCase@e33d160]" classname="com.dotcms.contenttype.test.ContentResourceTest" time="3.796"/>
  <testcase name="test_getContent_shouldReturnRelationships[5: com.dotcms.contenttype.test.ContentResourceTest$TestCase@36541c40]" classname="com.dotcms.contenttype.test.ContentResourceTest" time="3.488"/>
  <testcase name="test_getContent_shouldReturnRelationships[6: com.dotcms.contenttype.test.ContentResourceTest$TestCase@2a680939]" classname="com.dotcms.contenttype.test.ContentResourceTest" time="3.618"/>
  <testcase name="test_getContent_shouldReturnRelationships[7: com.dotcms.contenttype.test.ContentResourceTest$TestCase@356250bc]" classname="com.dotcms.contenttype.test.ContentResourceTest" time="3.558"/>
  <testcase name="test_getContent_shouldReturnRelationships[8: com.dotcms.contenttype.test.ContentResourceTest$TestCase@254a3fa1]" classname="com.dotcms.contenttype.test.ContentResourceTest" time="2.787"/>
  <testcase name="test_getContent_shouldReturnRelationships[9: com.dotcms.contenttype.test.ContentResourceTest$TestCase@336a8154]" classname="com.dotcms.contenttype.test.ContentResourceTest" time="3.891"/>
  <testcase name="test_getContent_shouldReturnRelationships[10: com.dotcms.contenttype.test.ContentResourceTest$TestCase@592167c1]" classname="com.dotcms.contenttype.test.ContentResourceTest" time="3.606"/>
  <testcase name="test_getContent_shouldReturnRelationships[11: com.dotcms.contenttype.test.ContentResourceTest$TestCase@7ee13be9]" classname="com.dotcms.contenttype.test.ContentResourceTest" time="3.67"/>
  <testcase name="test_getContent_shouldReturnRelationships[12: com.dotcms.contenttype.test.ContentResourceTest$TestCase@aa2b4a3]" classname="com.dotcms.contenttype.test.ContentResourceTest" time="3.508"/>
  <testcase name="test_getContent_shouldReturnRelationships[13: com.dotcms.contenttype.test.ContentResourceTest$TestCase@6da5e482]" classname="com.dotcms.contenttype.test.ContentResourceTest" time="3.6"/>
  <testcase name="test_getContent_shouldReturnRelationships[14: com.dotcms.contenttype.test.ContentResourceTest$TestCase@3fe88998]" classname="com.dotcms.contenttype.test.ContentResourceTest" time="3.739"/>
  <testcase name="test_getContent_shouldReturnRelationships[15: com.dotcms.contenttype.test.ContentResourceTest$TestCase@48a1d3ff]" classname="com.dotcms.contenttype.test.ContentResourceTest" time="5.077"/>
  <testcase name="test_getContent_shouldReturnRelationships[16: com.dotcms.contenttype.test.ContentResourceTest$TestCase@573961e4]" classname="com.dotcms.contenttype.test.ContentResourceTest" time="3.989"/>
  <testcase name="test_getContent_shouldReturnRelationships[17: com.dotcms.contenttype.test.ContentResourceTest$TestCase@157a1e75]" classname="com.dotcms.contenttype.test.ContentResourceTest" time="4.076"/>
  <testcase name="test_getContent_shouldReturnRelationships[18: com.dotcms.contenttype.test.ContentResourceTest$TestCase@6e25e10b]" classname="com.dotcms.contenttype.test.ContentResourceTest" time="4.135"/>
  <testcase name="test_getContent_shouldReturnRelationships[19: com.dotcms.contenttype.test.ContentResourceTest$TestCase@28ddf91b]" classname="com.dotcms.contenttype.test.ContentResourceTest" time="4.093"/>
  <testcase name="test_getContent_shouldReturnRelationships[20: com.dotcms.contenttype.test.ContentResourceTest$TestCase@34779ba5]" classname="com.dotcms.contenttype.test.ContentResourceTest" time="4.116"/>
  <testcase name="test_getContent_shouldReturnRelationships[21: com.dotcms.contenttype.test.ContentResourceTest$TestCase@71bba2e8]" classname="com.dotcms.contenttype.test.ContentResourceTest" time="4.303"/>
  <testcase name="test_getContent_shouldReturnRelationships[22: com.dotcms.contenttype.test.ContentResourceTest$TestCase@30d7386d]" classname="com.dotcms.contenttype.test.ContentResourceTest" time="4.061"/>
  <testcase name="test_getContent_shouldReturnRelationships[23: com.dotcms.contenttype.test.ContentResourceTest$TestCase@77850a4d]" classname="com.dotcms.contenttype.test.ContentResourceTest" time="2.895"/>
  <testcase name="test_getContent_shouldReturnRelationships[24: com.dotcms.contenttype.test.ContentResourceTest$TestCase@7fa71dab]" classname="com.dotcms.contenttype.test.ContentResourceTest" time="3.886"/>
  <testcase name="test_getContent_shouldReturnRelationships[25: com.dotcms.contenttype.test.ContentResourceTest$TestCase@53a74c55]" classname="com.dotcms.contenttype.test.ContentResourceTest" time="4.101"/>
  <testcase name="test_getContent_shouldReturnRelationships[26: com.dotcms.contenttype.test.ContentResourceTest$TestCase@5a3a021c]" classname="com.dotcms.contenttype.test.ContentResourceTest" time="4.274"/>
  <testcase name="test_getContent_shouldReturnRelationships[27: com.dotcms.contenttype.test.ContentResourceTest$TestCase@5b2ac74]" classname="com.dotcms.contenttype.test.ContentResourceTest" time="3.811"/>
  <testcase name="test_getContent_shouldReturnRelationships[28: com.dotcms.contenttype.test.ContentResourceTest$TestCase@423fb32c]" classname="com.dotcms.contenttype.test.ContentResourceTest" time="3.953"/>
  <testcase name="test_getContent_shouldReturnRelationships[29: com.dotcms.contenttype.test.ContentResourceTest$TestCase@2b939ada]" classname="com.dotcms.contenttype.test.ContentResourceTest" time="3.663"/>
  <testcase name="test_getContent_shouldReturnRelationships[30: com.dotcms.contenttype.test.ContentResourceTest$TestCase@21b35756]" classname="com.dotcms.contenttype.test.ContentResourceTest" time="3.659"/>
  <testcase name="test_getContent_shouldReturnRelationships[31: com.dotcms.contenttype.test.ContentResourceTest$TestCase@31728e18]" classname="com.dotcms.contenttype.test.ContentResourceTest" time="3.648"/>
  <testcase name="test_getContent_shouldReturnRelationships[32: com.dotcms.contenttype.test.ContentResourceTest$TestCase@e6bfdc9]" classname="com.dotcms.contenttype.test.ContentResourceTest" time="5.118"/>
  <testcase name="test_getContent_shouldReturnRelationships[33: com.dotcms.contenttype.test.ContentResourceTest$TestCase@3999e394]" classname="com.dotcms.contenttype.test.ContentResourceTest" time="4.848"/>
  <testcase name="testSinglePOST_InvalidParamsShouldReturn400[0: ({\n    &quot;stInode&quot; : &quot;InvalidValue&quot;,\n    &quot;numeric&quot; : &quot;0&quot;,\n    &quot;image&quot; : &quot;whatever&quot;\n}, Bad Request)]" classname="com.dotcms.contenttype.test.ContentResourceTest" time="1.086"/>
  <testcase name="testSinglePOST_InvalidParamsShouldReturn400[1: ({\n    &quot;numeric&quot; : &quot;0&quot;,\n    &quot;image&quot; : &quot;whatever&quot;\n}, Bad Request)]" classname="com.dotcms.contenttype.test.ContentResourceTest" time="1.047"/>
  <testcase name="Test_Save_Action_Set_Null_To_Required_NumericField_Issue_15340" classname="com.dotcms.contenttype.test.ContentResourceTest" time="1.089"/>
  <testcase name="Test_Save_Action_Remove_Image_Then_Verify_Fields_Were_Cleared_Issue_15340" classname="com.dotcms.contenttype.test.ContentResourceTest" time="4.653"/>
  <testcase name="test_getContentWithMultipleSelfRelated_shouldReturnRelationships[0: com.dotcms.contenttype.test.ContentResourceTest$PullSelfRelatedTestCase@278c5605]" classname="com.dotcms.contenttype.test.ContentResourceTest" time="2.151"/>
  <testcase name="test_getContentWithMultipleSelfRelated_shouldReturnRelationships[1: com.dotcms.contenttype.test.ContentResourceTest$PullSelfRelatedTestCase@76d86288]" classname="com.dotcms.contenttype.test.ContentResourceTest" time="2.146"/>
  <testcase name="testGetContentWithAllCategoriesInfo[0: json]" classname="com.dotcms.contenttype.test.ContentResourceTest" time="2.983"/>
  <testcase name="testGetContentWithAllCategoriesInfo[1: xml]" classname="com.dotcms.contenttype.test.ContentResourceTest" time="2.974"/>
  <system-out><![CDATA[











]]></system-out>
  <system-err><![CDATA[]]></system-err>
</testsuite>
