<?xml version="1.0" encoding="UTF-8"?>
<testsuite name="com.dotcms.util.RelationshipUtilTest" tests="3" skipped="0" failures="0" errors="0" timestamp="2023-07-12T19:09:54" hostname="fv-az449-127" time="3.331">
  <properties/>
  <testcase name="testFilterContentletWithIdentifierAndLuceneQuery" classname="com.dotcms.util.RelationshipUtilTest" time="1.749"/>
  <testcase name="testFilterContentletWithIdentifier" classname="com.dotcms.util.RelationshipUtilTest" time="1.575"/>
  <testcase name="testFilterContentletWithLuceneQuery" classname="com.dotcms.util.RelationshipUtilTest" time="0.007"/>
  <system-out><![CDATA[]]></system-out>
  <system-err><![CDATA[]]></system-err>
</testsuite>
