<?xml version="1.0" encoding="UTF-8"?>
<testsuite name="com.dotcms.csspreproc.CSSCacheTest" tests="2" skipped="0" failures="0" errors="0" timestamp="2023-07-20T20:21:57" hostname="fv-az408-124" time="4.355">
  <properties/>
  <testcase name="test_checkinContentlet_shouldRemoveCache" classname="com.dotcms.csspreproc.CSSCacheTest" time="1.485"/>
  <testcase name="test_unpublishContentlet_shouldRemoveCache" classname="com.dotcms.csspreproc.CSSCacheTest" time="2.87"/>
  <system-out><![CDATA[]]></system-out>
  <system-err><![CDATA[]]></system-err>
</testsuite>
