<?xml version="1.0" encoding="UTF-8"?>
<testsuite name="com.dotcms.rest.api.v1.vtl.VTLResourceIntegrationTest" tests="6" skipped="0" failures="0" errors="0" timestamp="2023-06-23T17:44:43" hostname="fv-az646-389" time="12.453">
  <properties/>
  <testcase name="testGet[0: com.dotcms.rest.api.v1.vtl.VTLResourceTestCase@7cdfb122]" classname="com.dotcms.rest.api.v1.vtl.VTLResourceIntegrationTest" time="2.547"/>
  <testcase name="testGet[1: com.dotcms.rest.api.v1.vtl.VTLResourceTestCase@5a8ac2e5]" classname="com.dotcms.rest.api.v1.vtl.VTLResourceIntegrationTest" time="1.84"/>
  <testcase name="testGet[2: com.dotcms.rest.api.v1.vtl.VTLResourceTestCase@1b54bf5f]" classname="com.dotcms.rest.api.v1.vtl.VTLResourceIntegrationTest" time="2.103"/>
  <testcase name="testGet[3: com.dotcms.rest.api.v1.vtl.VTLResourceTestCase@6e5042c1]" classname="com.dotcms.rest.api.v1.vtl.VTLResourceIntegrationTest" time="2.01"/>
  <testcase name="testGet[4: com.dotcms.rest.api.v1.vtl.VTLResourceTestCase@6f87a888]" classname="com.dotcms.rest.api.v1.vtl.VTLResourceIntegrationTest" time="1.846"/>
  <testcase name="testGet[5: com.dotcms.rest.api.v1.vtl.VTLResourceTestCase@6396d277]" classname="com.dotcms.rest.api.v1.vtl.VTLResourceIntegrationTest" time="2.107"/>
  <system-out><![CDATA[]]></system-out>
  <system-err><![CDATA[]]></system-err>
</testsuite>
