<?xml version="1.0" encoding="UTF-8"?>
<testsuite name="com.dotcms.enterprise.publishing.remote.bundler.LinkBundlerTest" tests="2" skipped="0" failures="0" errors="0" timestamp="2023-07-06T18:41:57" hostname="fv-az749-409" time="0.012">
  <properties/>
  <testcase name="addLinkInBundle[0: com.dotcms.enterprise.publishing.remote.bundler.LinkBundlerTest$TestCase@59d5766]" classname="com.dotcms.enterprise.publishing.remote.bundler.LinkBundlerTest" time="0.006"/>
  <testcase name="addLinkInBundle[1: com.dotcms.enterprise.publishing.remote.bundler.LinkBundlerTest$TestCase@5bd46d12]" classname="com.dotcms.enterprise.publishing.remote.bundler.LinkBundlerTest" time="0.006"/>
  <system-out><![CDATA[]]></system-out>
  <system-err><![CDATA[]]></system-err>
</testsuite>
