<?xml version="1.0" encoding="UTF-8"?>
<testsuite name="com.dotcms.rest.api.v1.vtl.VTLResourceIntegrationTest" tests="6" skipped="0" failures="0" errors="0" timestamp="2023-06-26T21:28:40" hostname="fv-az401-312" time="11.297">
  <properties/>
  <testcase name="testGet[0: com.dotcms.rest.api.v1.vtl.VTLResourceTestCase@6fbf95b1]" classname="com.dotcms.rest.api.v1.vtl.VTLResourceIntegrationTest" time="2.321"/>
  <testcase name="testGet[1: com.dotcms.rest.api.v1.vtl.VTLResourceTestCase@65031895]" classname="com.dotcms.rest.api.v1.vtl.VTLResourceIntegrationTest" time="1.125"/>
  <testcase name="testGet[2: com.dotcms.rest.api.v1.vtl.VTLResourceTestCase@2431b1fb]" classname="com.dotcms.rest.api.v1.vtl.VTLResourceIntegrationTest" time="1.937"/>
  <testcase name="testGet[3: com.dotcms.rest.api.v1.vtl.VTLResourceTestCase@5d26d1b8]" classname="com.dotcms.rest.api.v1.vtl.VTLResourceIntegrationTest" time="1.878"/>
  <testcase name="testGet[4: com.dotcms.rest.api.v1.vtl.VTLResourceTestCase@4ea7d5b0]" classname="com.dotcms.rest.api.v1.vtl.VTLResourceIntegrationTest" time="2.103"/>
  <testcase name="testGet[5: com.dotcms.rest.api.v1.vtl.VTLResourceTestCase@331dbb41]" classname="com.dotcms.rest.api.v1.vtl.VTLResourceIntegrationTest" time="1.933"/>
  <system-out><![CDATA[]]></system-out>
  <system-err><![CDATA[]]></system-err>
</testsuite>
