<?xml version="1.0" encoding="UTF-8"?>
<testsuite name="com.dotcms.business.SystemAPITest" tests="3" skipped="0" failures="0" errors="0" timestamp="2023-07-15T00:56:30" hostname="fv-az1107-746" time="0.033">
  <properties/>
  <testcase name="test_find_all" classname="com.dotcms.business.SystemAPITest" time="0.023"/>
  <testcase name="test_double_insert" classname="com.dotcms.business.SystemAPITest" time="0.005"/>
  <testcase name="test_crud_success" classname="com.dotcms.business.SystemAPITest" time="0.005"/>
  <system-out><![CDATA[]]></system-out>
  <system-err><![CDATA[]]></system-err>
</testsuite>
