<?xml version="1.0" encoding="UTF-8"?>
<testsuite name="com.dotcms.publisher.receiver.BundlePublisherTest" tests="1" skipped="0" failures="0" errors="0" timestamp="2023-07-19T19:55:07" hostname="fv-az842-421" time="0.005">
  <properties/>
  <testcase name="trigger_events" classname="com.dotcms.publisher.receiver.BundlePublisherTest" time="0.005"/>
  <system-out><![CDATA[]]></system-out>
  <system-err><![CDATA[]]></system-err>
</testsuite>
