<?xml version="1.0" encoding="UTF-8"?>
<testsuite name="com.dotmarketing.startup.runonce.Task210218MigrateUserProxyTableTest" tests="1" skipped="0" failures="0" errors="0" timestamp="2023-07-12T17:48:00" hostname="fv-az254-482" time="1.677">
  <properties/>
  <testcase name="testUpgradeTask" classname="com.dotmarketing.startup.runonce.Task210218MigrateUserProxyTableTest" time="1.677"/>
  <system-out><![CDATA[]]></system-out>
  <system-err><![CDATA[]]></system-err>
</testsuite>
