<?xml version="1.0" encoding="UTF-8"?>
<testsuite name="com.dotcms.rest.elasticsearch.ESContentResourcePortletTest" tests="8" skipped="0" failures="0" errors="0" timestamp="2023-06-23T23:08:10" hostname="fv-az1259-189" time="8.562">
  <properties/>
  <testcase name="test_search_includeGrandChildCategory_success" classname="com.dotcms.rest.elasticsearch.ESContentResourcePortletTest" time="1.359"/>
  <testcase name="testSearch[0: com.dotcms.rest.elasticsearch.ESContentResourcePortletTest$TestCase@7da43c47]" classname="com.dotcms.rest.elasticsearch.ESContentResourcePortletTest" time="0.867"/>
  <testcase name="testSearch[1: com.dotcms.rest.elasticsearch.ESContentResourcePortletTest$TestCase@63f564b4]" classname="com.dotcms.rest.elasticsearch.ESContentResourcePortletTest" time="1.259"/>
  <testcase name="testSearch[2: com.dotcms.rest.elasticsearch.ESContentResourcePortletTest$TestCase@34fa341a]" classname="com.dotcms.rest.elasticsearch.ESContentResourcePortletTest" time="0.872"/>
  <testcase name="testSearch[3: com.dotcms.rest.elasticsearch.ESContentResourcePortletTest$TestCase@3977b7cc]" classname="com.dotcms.rest.elasticsearch.ESContentResourcePortletTest" time="1.242"/>
  <testcase name="testSearch[4: com.dotcms.rest.elasticsearch.ESContentResourcePortletTest$TestCase@656df2a1]" classname="com.dotcms.rest.elasticsearch.ESContentResourcePortletTest" time="1.224"/>
  <testcase name="testSearch[5: com.dotcms.rest.elasticsearch.ESContentResourcePortletTest$TestCase@2df5ea7c]" classname="com.dotcms.rest.elasticsearch.ESContentResourcePortletTest" time="0.888"/>
  <testcase name="testSearch[6: com.dotcms.rest.elasticsearch.ESContentResourcePortletTest$TestCase@48ca513c]" classname="com.dotcms.rest.elasticsearch.ESContentResourcePortletTest" time="0.85"/>
  <system-out><![CDATA[]]></system-out>
  <system-err><![CDATA[]]></system-err>
</testsuite>
