<?xml version="1.0" encoding="UTF-8"?>
<testsuite name="com.dotmarketing.portlets.structure.model.ContentletRelationshipsTest" tests="7" skipped="0" failures="0" errors="0" timestamp="2023-07-18T22:33:32" hostname="fv-az247-820" time="11.028">
  <properties/>
  <testcase name="testDoesAllowOnlyOne[0: com.dotmarketing.portlets.structure.model.ContentletRelationshipsTest$CardinalityTestCase@2a34b989]" classname="com.dotmarketing.portlets.structure.model.ContentletRelationshipsTest" time="0.687"/>
  <testcase name="testDoesAllowOnlyOne[1: com.dotmarketing.portlets.structure.model.ContentletRelationshipsTest$CardinalityTestCase@78c22a60]" classname="com.dotmarketing.portlets.structure.model.ContentletRelationshipsTest" time="0.648"/>
  <testcase name="testDoesAllowOnlyOne[2: com.dotmarketing.portlets.structure.model.ContentletRelationshipsTest$CardinalityTestCase@34bb0f73]" classname="com.dotmarketing.portlets.structure.model.ContentletRelationshipsTest" time="0.696"/>
  <testcase name="testGetRelationshipRecords[0: com.dotmarketing.portlets.structure.model.ContentletRelationshipsTest$TestCase@204cd342]" classname="com.dotmarketing.portlets.structure.model.ContentletRelationshipsTest" time="2.399"/>
  <testcase name="testGetRelationshipRecords[1: com.dotmarketing.portlets.structure.model.ContentletRelationshipsTest$TestCase@2f3bde33]" classname="com.dotmarketing.portlets.structure.model.ContentletRelationshipsTest" time="2.281"/>
  <testcase name="testGetRelationshipRecords[2: com.dotmarketing.portlets.structure.model.ContentletRelationshipsTest$TestCase@4643709e]" classname="com.dotmarketing.portlets.structure.model.ContentletRelationshipsTest" time="2.166"/>
  <testcase name="testGetRelationshipRecords[3: com.dotmarketing.portlets.structure.model.ContentletRelationshipsTest$TestCase@2aef2fb2]" classname="com.dotmarketing.portlets.structure.model.ContentletRelationshipsTest" time="2.15"/>
  <system-out><![CDATA[]]></system-out>
  <system-err><![CDATA[]]></system-err>
</testsuite>
