<?xml version="1.0" encoding="UTF-8"?>
<testsuite name="com.dotmarketing.business.DeterministicIdentifierAPITest" tests="16" skipped="0" failures="0" errors="0" timestamp="2023-07-12T20:45:21" hostname="fv-az449-127" time="1.311">
  <properties/>
  <testcase name="Test_Category_Path_Seed_And_Id" classname="com.dotmarketing.business.DeterministicIdentifierAPITest" time="0.03"/>
  <testcase name="Test_Language_Deterministic_Id[0: LanguageTestCase{expectedSeed='Language:es:US', expectedHash=4913155, langCode='es', countryCode='US', country='United States'}]" classname="com.dotmarketing.business.DeterministicIdentifierAPITest" time="0.002"/>
  <testcase name="Test_Language_Deterministic_Id[1: LanguageTestCase{expectedSeed='Language:ep:', expectedHash=5292269, langCode='ep', countryCode='', country=''}]" classname="com.dotmarketing.business.DeterministicIdentifierAPITest" time="0.002"/>
  <testcase name="Test_Language_Deterministic_Id[2: LanguageTestCase{expectedSeed='Language:sg:SAG', expectedHash=4713118, langCode='sg', countryCode='SAG', country=''}]" classname="com.dotmarketing.business.DeterministicIdentifierAPITest" time="0.001"/>
  <testcase name="Test_Language_Deterministic_Id[3: LanguageTestCase{expectedSeed='Language:en:NZ', expectedHash=5382528, langCode='en', countryCode='NZ', country='New Zealand'}]" classname="com.dotmarketing.business.DeterministicIdentifierAPITest" time="0.001"/>
  <testcase name="Test_Category_None_Persisted_Category_Should_Return_Deterministic_Id" classname="com.dotmarketing.business.DeterministicIdentifierAPITest" time="0.006"/>
  <testcase name="Test_Asset_Generate_Deterministic_Id_Best_Effort[0: TestCase{versionable=my.host1689194293124.com, parent=System Host, expectedName='my.host1689194293124.com', expectedType='Host'}]" classname="com.dotmarketing.business.DeterministicIdentifierAPITest" time="0.005"/>
  <testcase name="Test_Asset_Generate_Deterministic_Id_Best_Effort[1: TestCase{versionable=com.dotmarketing.portlets.contentlet.model.Contentlet@67894e6e[map={modDate=2023-07-12 20:38:13.49, fileName=file12286467902165489190.txt, title=file12286467902165489190.txt, inode=b0994bed-c1cf-4686-a74d-cb71e342d4e3, __IS_NEW_CONTENT__=true, disabledWYSIWYG=[], host=65b685c8-2cae-43ec-bec8-388d8d83fcf3, stInode=33888b6f-7a8e-4069-b1b6-5c1aa9d0a48d, owner=system, identifier=c9f380ce-a5fb-4b56-9a21-d43c645a2a88, nullProperties=[wfExpireDate, wfPublishDate, wfActionAssign, wfActionId, wfActionComments, filterKey, whereToSend, wfNeverExpire, _path_to_move, timezoneId, iWantTo, wfPublishTime, wfExpireTime], languageId=1, fileAsset=/home/runner/work/core/custom/assets/b/0/b0994bed-c1cf-4686-a74d-cb71e342d4e3/fileAsset/file12286467902165489190.txt, folder=f78aa39e-c666-4d2e-8995-c1efa76da915, __disable_workflow__=true, sortOrder=0, modUser=system},lowIndexPriority=false,variantId=DEFAULT], parent=com.dotmarketing.portlets.folders.model.Folder@2decbba1[identifier=f78aa39e-c666-4d2e-8995-c1efa76da915,name=testName1689194293477,sortOrder=0,showOnMenu=false,hostId=65b685c8-2cae-43ec-bec8-388d8d83fcf3,type=folder,title=testTitle1689194293477,filesMasks=,defaultFileType=33888b6f-7a8e-4069-b1b6-5c1aa9d0a48d,modDate=2023-07-12 20:38:13.481,owner=&lt;null&gt;,iDate=2023-07-12 20:38:13.481,inode=f78aa39e-c666-4d2e-8995-c1efa76da915,path=/testName1689194293477/], expectedName='file12286467902165489190.txt', expectedType='FileAsset'}]" classname="com.dotmarketing.business.DeterministicIdentifierAPITest" time="0.004"/>
  <testcase name="Test_Asset_Generate_Deterministic_Id_Best_Effort[2: TestCase{versionable=com.dotmarketing.portlets.templates.model.Template@2751fc69, parent=my.host1689194293124.com, expectedName='testTitle1689194293621', expectedType='Template'}]" classname="com.dotmarketing.business.DeterministicIdentifierAPITest" time="0.003"/>
  <testcase name="Test_Asset_Generate_Deterministic_Id_Best_Effort[3: TestCase{versionable=com.dotmarketing.portlets.htmlpageasset.model.HTMLPageAsset@4ad93a6c[map={template=59e593d9-ac93-4dd8-8cb6-80c28f50140b, owner=system, identifier=7bc06080-00b4-4c45-9dc5-6e53453b6979, nullProperties=[wfExpireDate, wfPublishDate, wfActionAssign, wfActionId, wfActionComments, filterKey, whereToSend, wfNeverExpire, _path_to_move, timezoneId, iWantTo, wfPublishTime, wfExpireTime], modDate=2023-07-12 20:38:13.65, cachettl=0, _is_test_mode=true, languageId=1, title=test-page-title-1689194293644, httpsreq=, url=test-page-url-1689194293644, showOnMenu=, inode=b703fa3f-a228-45bc-844a-cb973a085c8c, folder=f78aa39e-c666-4d2e-8995-c1efa76da915, disabledWYSIWYG=[], sortOrder=1, modUser=system, host=65b685c8-2cae-43ec-bec8-388d8d83fcf3, stInode=c541abb1-69b3-4bc5-8430-5e09e5239cc8, friendlyName=test-page-friendly-name-1689194293644},lowIndexPriority=false,variantId=DEFAULT], parent=com.dotmarketing.portlets.folders.model.Folder@2decbba1[identifier=f78aa39e-c666-4d2e-8995-c1efa76da915,name=testName1689194293477,sortOrder=0,showOnMenu=false,hostId=65b685c8-2cae-43ec-bec8-388d8d83fcf3,type=folder,title=testTitle1689194293477,filesMasks=,defaultFileType=33888b6f-7a8e-4069-b1b6-5c1aa9d0a48d,modDate=2023-07-12 20:38:13.481,owner=&lt;null&gt;,iDate=2023-07-12 20:38:13.481,inode=f78aa39e-c666-4d2e-8995-c1efa76da915,path=/testName1689194293477/], expectedName='test-page-url-1689194293644', expectedType='htmlpageasset'}]" classname="com.dotmarketing.business.DeterministicIdentifierAPITest" time="0.003"/>
  <testcase name="Test_Asset_Generate_Deterministic_Id_Best_Effort[4: TestCase{versionable=com.dotmarketing.portlets.contentlet.model.Contentlet@ce882a8[map={fileAsset2=/home/runner/work/core/custom/assets/9/1/91fed4b9-c4a1-4f7d-88ee-e18df312a51e/fileAsset2/test_binary1689194295520.png, modDate=2023-07-12 20:38:15.542, fileAsset1=/home/runner/work/core/custom/assets/9/1/91fed4b9-c4a1-4f7d-88ee-e18df312a51e/fileAsset1/test_binary1689194295520.jpg, title=blah, inode=91fed4b9-c4a1-4f7d-88ee-e18df312a51e, __IS_NEW_CONTENT__=true, disabledWYSIWYG=[], host=48190c8c-42c4-46af-8d1a-0cd5db894797, stInode=f740e454-3ee7-47b9-94f5-d20d26d2f7d0, owner=system, identifier=b4fe721d-1d23-45cb-b38a-bfe8c3ae42dd, nullProperties=[], languageId=1, image1=e779ceba-4dd9-4605-92be-c6075b79b9fd, folder=SYSTEM_FOLDER, __disable_workflow__=true, sortOrder=0, modUser=system},lowIndexPriority=false,variantId=DEFAULT], parent=demo.dotcms.com, expectedName='test_binary1689194295520.jpg:test_binary1689194295520.png', expectedType='MultipleBinaries1689194293979'}]" classname="com.dotmarketing.business.DeterministicIdentifierAPITest" time="0.003"/>
  <testcase name="Test_Asset_Generate_Deterministic_Id_Best_Effort[5: TestCase{versionable=name0d42d573bf : keyTag0d42d573bf, parent=my.host1689194293124.com, expectedName='keyTag0d42d573bf', expectedType='persona'}]" classname="com.dotmarketing.business.DeterministicIdentifierAPITest" time="0.004"/>
  <testcase name="Test_Similar_Content_Type_Wont_Clash" classname="com.dotmarketing.business.DeterministicIdentifierAPITest" time="0.588"/>
  <testcase name="Test_Generate_Folder_Identifier" classname="com.dotmarketing.business.DeterministicIdentifierAPITest" time="0.644"/>
  <testcase name="Test_Generate_Content_Type_Identifier[0: ContentTypeTestCase{contentType=KeyValueContentType{name=Language Variable, id=f4d7c1b8-2c88-4071-abf1-a5328977b07d, description=Default Content Type for Language Variables, defaultType=false, fixed=true, iDate=Thu Aug 31 16:38:49 UTC 2017, system=true, versionable=true, variable=Languagevariable, modDate=Wed Jul 12 19:24:34 UTC 2023, host=SYSTEM_HOST, siteName=systemHost, icon=language, sortOrder=0, folder=SYSTEM_FOLDER, folderPath=/, markedForDeletion=true, multilingualable=false}, expectedName='Languagevariable', expectedType='KeyValue'}]" classname="com.dotmarketing.business.DeterministicIdentifierAPITest" time="0.006"/>
  <testcase name="Test_Generate_Content_Type_Identifier[1: ContentTypeTestCase{contentType=SimpleContentType{name=testName1689194296065, id=a93ea266-1944-42f8-b163-1eb4a20320d1, description=testDescription1689194296065, defaultType=false, fixed=false, iDate=Wed Jul 12 20:38:16 UTC 2023, system=false, versionable=true, multilingualable=false, variable=testVarname1689194296065, owner=system, modDate=Wed Jul 12 20:38:16 UTC 2023, host=48190c8c-42c4-46af-8d1a-0cd5db894797, siteName=demo.dotcms.com, icon=event_note, sortOrder=0, folder=SYSTEM_FOLDER, folderPath=/, requiredFields=[], markedForDeletion=false}, expectedName='testVarname1689194296065', expectedType='CONTENT'}]" classname="com.dotmarketing.business.DeterministicIdentifierAPITest" time="0.007"/>
  <system-out><![CDATA[]]></system-out>
  <system-err><![CDATA[]]></system-err>
</testsuite>
