<?xml version="1.0" encoding="UTF-8"?>
<testsuite name="com.dotcms.rest.elasticsearch.ESContentResourcePortletTest" tests="8" skipped="0" failures="0" errors="0" timestamp="2023-07-13T22:17:52" hostname="fv-az267-171" time="9.714">
  <properties/>
  <testcase name="test_search_includeGrandChildCategory_success" classname="com.dotcms.rest.elasticsearch.ESContentResourcePortletTest" time="1.598"/>
  <testcase name="testSearch[0: com.dotcms.rest.elasticsearch.ESContentResourcePortletTest$TestCase@7d84497e]" classname="com.dotcms.rest.elasticsearch.ESContentResourcePortletTest" time="1.043"/>
  <testcase name="testSearch[1: com.dotcms.rest.elasticsearch.ESContentResourcePortletTest$TestCase@1735cde2]" classname="com.dotcms.rest.elasticsearch.ESContentResourcePortletTest" time="1.339"/>
  <testcase name="testSearch[2: com.dotcms.rest.elasticsearch.ESContentResourcePortletTest$TestCase@4f76302a]" classname="com.dotcms.rest.elasticsearch.ESContentResourcePortletTest" time="1.056"/>
  <testcase name="testSearch[3: com.dotcms.rest.elasticsearch.ESContentResourcePortletTest$TestCase@5f84e2d7]" classname="com.dotcms.rest.elasticsearch.ESContentResourcePortletTest" time="1.292"/>
  <testcase name="testSearch[4: com.dotcms.rest.elasticsearch.ESContentResourcePortletTest$TestCase@148fe0]" classname="com.dotcms.rest.elasticsearch.ESContentResourcePortletTest" time="1.275"/>
  <testcase name="testSearch[5: com.dotcms.rest.elasticsearch.ESContentResourcePortletTest$TestCase@397718dd]" classname="com.dotcms.rest.elasticsearch.ESContentResourcePortletTest" time="1.077"/>
  <testcase name="testSearch[6: com.dotcms.rest.elasticsearch.ESContentResourcePortletTest$TestCase@47fe98b9]" classname="com.dotcms.rest.elasticsearch.ESContentResourcePortletTest" time="1.034"/>
  <system-out><![CDATA[]]></system-out>
  <system-err><![CDATA[]]></system-err>
</testsuite>
