<?xml version="1.0" encoding="UTF-8"?>
<testsuite name="com.dotmarketing.portlets.workflows.business.SaveContentActionletTest" tests="2" skipped="0" failures="0" errors="0" timestamp="2023-06-28T04:13:56" hostname="fv-az592-477" time="2.338">
  <properties/>
  <testcase name="save_Content_with_Publish_Expire_NerverExpire_Save_Success_Test" classname="com.dotmarketing.portlets.workflows.business.SaveContentActionletTest" time="1.182"/>
  <testcase name="saveContentTest" classname="com.dotmarketing.portlets.workflows.business.SaveContentActionletTest" time="1.156"/>
  <system-out><![CDATA[]]></system-out>
  <system-err><![CDATA[]]></system-err>
</testsuite>
