<?xml version="1.0" encoding="UTF-8"?>
<testsuite name="com.dotcms.auth.providers.jwt.services.JsonWebTokenServiceIntegrationTest" tests="3" skipped="0" failures="0" errors="0" timestamp="2023-06-26T16:13:27" hostname="fv-az1098-397" time="0.019">
  <properties/>
  <testcase name="generateTokenTest" classname="com.dotcms.auth.providers.jwt.services.JsonWebTokenServiceIntegrationTest" time="0.01"/>
  <testcase name="generateToken_incorrect_issuer" classname="com.dotcms.auth.providers.jwt.services.JsonWebTokenServiceIntegrationTest" time="0.003"/>
  <testcase name="generateToken_expired_token_Test" classname="com.dotcms.auth.providers.jwt.services.JsonWebTokenServiceIntegrationTest" time="0.005"/>
  <system-out><![CDATA[


]]></system-out>
  <system-err><![CDATA[]]></system-err>
</testsuite>
