<?xml version="1.0" encoding="UTF-8"?>
<testsuite name="com.dotmarketing.servlets.ajax.AjaxDirectorServletIntegrationTest" tests="2" skipped="0" failures="0" errors="0" timestamp="2023-06-28T22:20:23" hostname="fv-az573-741" time="3.397">
  <properties/>
  <testcase name="testService[0: com.dotmarketing.servlets.ajax.AjaxDirectorServletTestCase@59e600c8]" classname="com.dotmarketing.servlets.ajax.AjaxDirectorServletIntegrationTest" time="1.539"/>
  <testcase name="testService[1: com.dotmarketing.servlets.ajax.AjaxDirectorServletTestCase@6810e395]" classname="com.dotmarketing.servlets.ajax.AjaxDirectorServletIntegrationTest" time="1.857"/>
  <system-out><![CDATA[]]></system-out>
  <system-err><![CDATA[]]></system-err>
</testsuite>
