<?xml version="1.0" encoding="UTF-8"?>
<testsuite name="com.dotmarketing.startup.runonce.Task220413IncreasePublishedPushedAssetIdColTest" tests="2" skipped="0" failures="0" errors="0" timestamp="2023-06-29T22:32:23" hostname="fv-az216-434" time="0.023">
  <properties/>
  <testcase name="test_upgradeTask" classname="com.dotmarketing.startup.runonce.Task220413IncreasePublishedPushedAssetIdColTest" time="0.013"/>
  <testcase name="test_upgradeTask_noCapacity" classname="com.dotmarketing.startup.runonce.Task220413IncreasePublishedPushedAssetIdColTest" time="0.01"/>
  <system-out><![CDATA[]]></system-out>
  <system-err><![CDATA[]]></system-err>
</testsuite>
