<?xml version="1.0" encoding="UTF-8"?>
<testsuite name="com.dotcms.util.marshal.MarshalUtilsIntegrationTest" tests="1" skipped="0" failures="0" errors="0" timestamp="2023-07-07T18:40:21" hostname="fv-az622-57" time="0.068">
  <properties/>
  <testcase name="marshalSystemEvent" classname="com.dotcms.util.marshal.MarshalUtilsIntegrationTest" time="0.068"/>
  <system-out><![CDATA[


]]></system-out>
  <system-err><![CDATA[]]></system-err>
</testsuite>
