<?xml version="1.0" encoding="UTF-8"?>
<testsuite name="com.dotmarketing.portlets.structure.model.ContentletRelationshipsTest" tests="7" skipped="0" failures="0" errors="0" timestamp="2023-07-06T23:16:41" hostname="fv-az791-68" time="9.411">
  <properties/>
  <testcase name="testDoesAllowOnlyOne[0: com.dotmarketing.portlets.structure.model.ContentletRelationshipsTest$CardinalityTestCase@735019ba]" classname="com.dotmarketing.portlets.structure.model.ContentletRelationshipsTest" time="0.619"/>
  <testcase name="testDoesAllowOnlyOne[1: com.dotmarketing.portlets.structure.model.ContentletRelationshipsTest$CardinalityTestCase@684e504b]" classname="com.dotmarketing.portlets.structure.model.ContentletRelationshipsTest" time="0.61"/>
  <testcase name="testDoesAllowOnlyOne[2: com.dotmarketing.portlets.structure.model.ContentletRelationshipsTest$CardinalityTestCase@1b5ed3e8]" classname="com.dotmarketing.portlets.structure.model.ContentletRelationshipsTest" time="0.607"/>
  <testcase name="testGetRelationshipRecords[0: com.dotmarketing.portlets.structure.model.ContentletRelationshipsTest$TestCase@53f926d5]" classname="com.dotmarketing.portlets.structure.model.ContentletRelationshipsTest" time="2.169"/>
  <testcase name="testGetRelationshipRecords[1: com.dotmarketing.portlets.structure.model.ContentletRelationshipsTest$TestCase@201778d9]" classname="com.dotmarketing.portlets.structure.model.ContentletRelationshipsTest" time="1.245"/>
  <testcase name="testGetRelationshipRecords[2: com.dotmarketing.portlets.structure.model.ContentletRelationshipsTest$TestCase@3a41b898]" classname="com.dotmarketing.portlets.structure.model.ContentletRelationshipsTest" time="2.162"/>
  <testcase name="testGetRelationshipRecords[3: com.dotmarketing.portlets.structure.model.ContentletRelationshipsTest$TestCase@576dfdab]" classname="com.dotmarketing.portlets.structure.model.ContentletRelationshipsTest" time="1.997"/>
  <system-out><![CDATA[]]></system-out>
  <system-err><![CDATA[]]></system-err>
</testsuite>
