<?xml version="1.0" encoding="UTF-8"?>
<testsuite name="com.dotmarketing.startup.runonce.Task05070AndTask05080Test" tests="1" skipped="0" failures="0" errors="0" timestamp="2023-07-17T17:55:20" hostname="fv-az244-731" time="0.036">
  <properties/>
  <testcase name="testExecuteUpgrade" classname="com.dotmarketing.startup.runonce.Task05070AndTask05080Test" time="0.036"/>
  <system-out><![CDATA[]]></system-out>
  <system-err><![CDATA[]]></system-err>
</testsuite>
