<?xml version="1.0" encoding="UTF-8"?>
<testsuite name="com.dotmarketing.portlets.templates.business.TemplateFactoryImplTest" tests="7" skipped="0" failures="0" errors="0" timestamp="2023-06-28T17:31:50" hostname="fv-az612-299" time="7.111">
  <properties/>
  <testcase name="testFindWorkingTemplateByName_SQL_INJECTIION" classname="com.dotmarketing.portlets.templates.business.TemplateFactoryImplTest" time="0.008"/>
  <testcase name="test_findTemplates_fileTemplate_success" classname="com.dotmarketing.portlets.templates.business.TemplateFactoryImplTest" time="2.254"/>
  <testcase name="test_getTemplateByFolder_propertiesVtlDoesNotExist_returnNotFoundInDbException" classname="com.dotmarketing.portlets.templates.business.TemplateFactoryImplTest" time="0.775"/>
  <testcase name="test_findTemplates_usingHostId_hostWithNoTemplates_returnEmptyList" classname="com.dotmarketing.portlets.templates.business.TemplateFactoryImplTest" time="1.047"/>
  <testcase name="test_getTemplateByFolder_success" classname="com.dotmarketing.portlets.templates.business.TemplateFactoryImplTest" time="2.239"/>
  <testcase name="test_find_templates_by_name_uses_parameterized_queries" classname="com.dotmarketing.portlets.templates.business.TemplateFactoryImplTest" time="0.024"/>
  <testcase name="test_getTemplateByFolder_folderDoesNotLiveUnderApplicationTemplates_returnNotFoundInDbException" classname="com.dotmarketing.portlets.templates.business.TemplateFactoryImplTest" time="0.764"/>
  <system-out><![CDATA[]]></system-out>
  <system-err><![CDATA[]]></system-err>
</testsuite>
