<?xml version="1.0" encoding="UTF-8"?>
<testsuite name="com.dotcms.rest.BundleResourceTest" tests="5" skipped="0" failures="0" errors="0" timestamp="2023-06-23T22:13:46" hostname="fv-az627-978" time="17.738">
  <properties/>
  <testcase name="shouldCleanRelationshipCache" classname="com.dotcms.rest.BundleResourceTest" time="4.526"/>
  <testcase name="test_generateBundle_success" classname="com.dotcms.rest.BundleResourceTest" time="0.799"/>
  <testcase name="test_downloadBundle_success" classname="com.dotcms.rest.BundleResourceTest" time="0.796"/>
  <testcase name="test_downloadBundle_fileNotGenerated_return404" classname="com.dotcms.rest.BundleResourceTest" time="0.797"/>
  <testcase name="test_deleteAll" classname="com.dotcms.rest.BundleResourceTest" time="10.819"/>
  <system-out><![CDATA[

]]></system-out>
  <system-err><![CDATA[]]></system-err>
</testsuite>
