<?xml version="1.0" encoding="UTF-8"?>
<testsuite name="com.dotmarketing.util.ResourceCollectorUtilTest" tests="3" skipped="0" failures="0" errors="0" timestamp="2023-06-27T20:09:48" hostname="fv-az337-595" time="0.005">
  <properties/>
  <testcase name="test_getPackages_bundle_version_range" classname="com.dotmarketing.util.ResourceCollectorUtilTest" time="0.003"/>
  <testcase name="test_getPackages_bundle" classname="com.dotmarketing.util.ResourceCollectorUtilTest" time="0.002"/>
  <testcase name="test_getPackages_fragment" classname="com.dotmarketing.util.ResourceCollectorUtilTest" time="0.0"/>
  <system-out><![CDATA[]]></system-out>
  <system-err><![CDATA[]]></system-err>
</testsuite>
