<?xml version="1.0" encoding="UTF-8"?>
<testsuite name="com.dotmarketing.servlets.ajax.AjaxDirectorServletIntegrationTest" tests="2" skipped="0" failures="0" errors="0" timestamp="2023-06-27T21:30:58" hostname="fv-az338-385" time="1.041">
  <properties/>
  <testcase name="testService[0: com.dotmarketing.servlets.ajax.AjaxDirectorServletTestCase@6edcb616]" classname="com.dotmarketing.servlets.ajax.AjaxDirectorServletIntegrationTest" time="0.643"/>
  <testcase name="testService[1: com.dotmarketing.servlets.ajax.AjaxDirectorServletTestCase@7c0893f9]" classname="com.dotmarketing.servlets.ajax.AjaxDirectorServletIntegrationTest" time="0.398"/>
  <system-out><![CDATA[]]></system-out>
  <system-err><![CDATA[]]></system-err>
</testsuite>
