<?xml version="1.0" encoding="UTF-8"?>
<testsuite name="com.dotmarketing.portlets.contentlet.business.HostFactoryImplTest" tests="2" skipped="0" failures="0" errors="0" timestamp="2023-07-21T17:18:03" hostname="fv-az454-899" time="23.504">
  <properties/>
  <testcase name="test_search_shouldReturnExactMatchesFirst" classname="com.dotmarketing.portlets.contentlet.business.HostFactoryImplTest" time="21.547"/>
  <testcase name="test_findLiveAndStopped_shouldOnlyRetunLiveAndStoppedSites" classname="com.dotmarketing.portlets.contentlet.business.HostFactoryImplTest" time="1.956"/>
  <system-out><![CDATA[]]></system-out>
  <system-err><![CDATA[]]></system-err>
</testsuite>
