<?xml version="1.0" encoding="UTF-8"?>
<testsuite name="com.dotmarketing.factories.WebAssetFactoryTest" tests="3" skipped="0" failures="0" errors="0" timestamp="2023-06-22T19:24:09" hostname="fv-az419-343" time="0.724">
  <properties/>
  <testcase name="testGetAssetsWorkingBy_CMS_ANON" classname="com.dotmarketing.factories.WebAssetFactoryTest" time="0.671"/>
  <testcase name="testGetAssetsWorkingBy_A_Shlub" classname="com.dotmarketing.factories.WebAssetFactoryTest" time="0.037"/>
  <testcase name="testGetAssetsWorkingBytheSystemUser" classname="com.dotmarketing.factories.WebAssetFactoryTest" time="0.015"/>
  <system-out><![CDATA[]]></system-out>
  <system-err><![CDATA[]]></system-err>
</testsuite>
