<?xml version="1.0" encoding="UTF-8"?>
<testsuite name="com.dotmarketing.business.DeterministicIdentifierAPITest" tests="16" skipped="0" failures="0" errors="0" timestamp="2023-06-23T21:19:01" hostname="fv-az583-526" time="1.018">
  <properties/>
  <testcase name="Test_Category_Path_Seed_And_Id" classname="com.dotmarketing.business.DeterministicIdentifierAPITest" time="0.02"/>
  <testcase name="Test_Language_Deterministic_Id[0: LanguageTestCase{expectedSeed='Language:es:US', expectedHash=4913155, langCode='es', countryCode='US', country='United States'}]" classname="com.dotmarketing.business.DeterministicIdentifierAPITest" time="0.001"/>
  <testcase name="Test_Language_Deterministic_Id[1: LanguageTestCase{expectedSeed='Language:ep:', expectedHash=5292269, langCode='ep', countryCode='', country=''}]" classname="com.dotmarketing.business.DeterministicIdentifierAPITest" time="0.001"/>
  <testcase name="Test_Language_Deterministic_Id[2: LanguageTestCase{expectedSeed='Language:sg:SAG', expectedHash=4713118, langCode='sg', countryCode='SAG', country=''}]" classname="com.dotmarketing.business.DeterministicIdentifierAPITest" time="0.001"/>
  <testcase name="Test_Language_Deterministic_Id[3: LanguageTestCase{expectedSeed='Language:en:NZ', expectedHash=5382528, langCode='en', countryCode='NZ', country='New Zealand'}]" classname="com.dotmarketing.business.DeterministicIdentifierAPITest" time="0.001"/>
  <testcase name="Test_Category_None_Persisted_Category_Should_Return_Deterministic_Id" classname="com.dotmarketing.business.DeterministicIdentifierAPITest" time="0.001"/>
  <testcase name="Test_Asset_Generate_Deterministic_Id_Best_Effort[0: TestCase{versionable=my.host1687549775423.com, parent=System Host, expectedName='my.host1687549775423.com', expectedType='Host'}]" classname="com.dotmarketing.business.DeterministicIdentifierAPITest" time="0.003"/>
  <testcase name="Test_Asset_Generate_Deterministic_Id_Best_Effort[1: TestCase{versionable=com.dotmarketing.portlets.contentlet.model.Contentlet@f336086[map={modDate=2023-06-23 19:49:36.489, fileName=file339983901480015157.txt, title=file339983901480015157.txt, inode=3e0690f3-4a61-4bdc-8acd-79567cac02e3, __IS_NEW_CONTENT__=true, disabledWYSIWYG=[], host=abaca747-d9f4-4024-a671-24025463700c, stInode=33888b6f-7a8e-4069-b1b6-5c1aa9d0a48d, owner=system, identifier=4407387c-9c14-49c7-bb43-bea8a1e4b9e4, nullProperties=[wfExpireDate, wfPublishDate, wfActionAssign, wfActionId, wfActionComments, filterKey, whereToSend, wfNeverExpire, _path_to_move, timezoneId, iWantTo, wfPublishTime, wfExpireTime], languageId=1, fileAsset=/home/runner/work/core/custom/assets/3/e/3e0690f3-4a61-4bdc-8acd-79567cac02e3/fileAsset/file339983901480015157.txt, folder=4c4c8072-17ac-4900-ab07-a83c621cb98e, __disable_workflow__=true, sortOrder=0, modUser=system},lowIndexPriority=false,variantId=DEFAULT], parent=com.dotmarketing.portlets.folders.model.Folder@2cd65900[identifier=4c4c8072-17ac-4900-ab07-a83c621cb98e,name=testName1687549776480,sortOrder=0,showOnMenu=false,hostId=abaca747-d9f4-4024-a671-24025463700c,type=folder,title=testTitle1687549776480,filesMasks=,defaultFileType=33888b6f-7a8e-4069-b1b6-5c1aa9d0a48d,modDate=2023-06-23 19:49:36.485,owner=&lt;null&gt;,iDate=2023-06-23 19:49:36.485,inode=4c4c8072-17ac-4900-ab07-a83c621cb98e,path=/testName1687549776480/], expectedName='file339983901480015157.txt', expectedType='FileAsset'}]" classname="com.dotmarketing.business.DeterministicIdentifierAPITest" time="0.002"/>
  <testcase name="Test_Asset_Generate_Deterministic_Id_Best_Effort[2: TestCase{versionable=com.dotmarketing.portlets.templates.model.Template@35c537c8, parent=my.host1687549775423.com, expectedName='testTitle1687549776556', expectedType='Template'}]" classname="com.dotmarketing.business.DeterministicIdentifierAPITest" time="0.001"/>
  <testcase name="Test_Asset_Generate_Deterministic_Id_Best_Effort[3: TestCase{versionable=com.dotmarketing.portlets.htmlpageasset.model.HTMLPageAsset@45c1ce2f[map={template=0762fe3e-f89b-4cd4-939f-78b3e31e362c, owner=system, identifier=3ea1687b-3485-4721-a91e-adeeacf177aa, nullProperties=[wfExpireDate, wfPublishDate, wfActionAssign, wfActionId, wfActionComments, filterKey, whereToSend, wfNeverExpire, _path_to_move, timezoneId, iWantTo, wfPublishTime, wfExpireTime], modDate=2023-06-23 19:49:36.571, cachettl=0, _is_test_mode=true, languageId=1, title=test-page-title-1687549776567, httpsreq=, url=test-page-url-1687549776567, showOnMenu=, inode=2f83368d-7b1b-445a-9591-0b11d74bdea9, folder=4c4c8072-17ac-4900-ab07-a83c621cb98e, disabledWYSIWYG=[], sortOrder=1, modUser=system, host=abaca747-d9f4-4024-a671-24025463700c, stInode=c541abb1-69b3-4bc5-8430-5e09e5239cc8, friendlyName=test-page-friendly-name-1687549776567},lowIndexPriority=false,variantId=DEFAULT], parent=com.dotmarketing.portlets.folders.model.Folder@2cd65900[identifier=4c4c8072-17ac-4900-ab07-a83c621cb98e,name=testName1687549776480,sortOrder=0,showOnMenu=false,hostId=abaca747-d9f4-4024-a671-24025463700c,type=folder,title=testTitle1687549776480,filesMasks=,defaultFileType=33888b6f-7a8e-4069-b1b6-5c1aa9d0a48d,modDate=2023-06-23 19:49:36.485,owner=&lt;null&gt;,iDate=2023-06-23 19:49:36.485,inode=4c4c8072-17ac-4900-ab07-a83c621cb98e,path=/testName1687549776480/], expectedName='test-page-url-1687549776567', expectedType='htmlpageasset'}]" classname="com.dotmarketing.business.DeterministicIdentifierAPITest" time="0.002"/>
  <testcase name="Test_Asset_Generate_Deterministic_Id_Best_Effort[4: TestCase{versionable=com.dotmarketing.portlets.contentlet.model.Contentlet@3d5d20f6[map={fileAsset2=/home/runner/work/core/custom/assets/6/7/6788176e-0f0a-481a-9606-a173908b5dea/fileAsset2/test_binary1687549777442.png, modDate=2023-06-23 19:49:37.452, fileAsset1=/home/runner/work/core/custom/assets/6/7/6788176e-0f0a-481a-9606-a173908b5dea/fileAsset1/test_binary1687549777441.jpg, title=blah, inode=6788176e-0f0a-481a-9606-a173908b5dea, __IS_NEW_CONTENT__=true, disabledWYSIWYG=[], host=8a7d5e23-da1e-420a-b4f0-471e7da8ea2d, stInode=d31f669d-92f8-48c4-a1e8-0a96cbb42a96, owner=system, identifier=ddf1eed0-3389-46af-961a-83bd58b9c9a1, nullProperties=[], languageId=1, image1=b371d10f-6402-4a12-ad2f-9975be26bbdb, folder=SYSTEM_FOLDER, __disable_workflow__=true, sortOrder=0, modUser=system},lowIndexPriority=false,variantId=DEFAULT], parent=default, expectedName='test_binary1687549777441.jpg:test_binary1687549777442.png', expectedType='MultipleBinaries1687549776657'}]" classname="com.dotmarketing.business.DeterministicIdentifierAPITest" time="0.009"/>
  <testcase name="Test_Asset_Generate_Deterministic_Id_Best_Effort[5: TestCase{versionable=namecd68b76f43 : keyTagcd68b76f43, parent=my.host1687549775423.com, expectedName='keyTagcd68b76f43', expectedType='persona'}]" classname="com.dotmarketing.business.DeterministicIdentifierAPITest" time="0.006"/>
  <testcase name="Test_Similar_Content_Type_Wont_Clash" classname="com.dotmarketing.business.DeterministicIdentifierAPITest" time="0.401"/>
  <testcase name="Test_Generate_Folder_Identifier" classname="com.dotmarketing.business.DeterministicIdentifierAPITest" time="0.558"/>
  <testcase name="Test_Generate_Content_Type_Identifier[0: ContentTypeTestCase{contentType=KeyValueContentType{name=Language Variable, id=f4d7c1b8-2c88-4071-abf1-a5328977b07d, description=Default Content Type for Language Variables, defaultType=false, fixed=true, iDate=Thu Aug 31 16:38:49 UTC 2017, system=true, versionable=true, variable=Languagevariable, modDate=Fri Jun 23 19:46:20 UTC 2023, host=SYSTEM_HOST, siteName=systemHost, icon=language, sortOrder=0, folder=SYSTEM_FOLDER, folderPath=/, markedForDeletion=false, multilingualable=false}, expectedName='Languagevariable', expectedType='KeyValue'}]" classname="com.dotmarketing.business.DeterministicIdentifierAPITest" time="0.006"/>
  <testcase name="Test_Generate_Content_Type_Identifier[1: ContentTypeTestCase{contentType=SimpleContentType{name=testName1687549777723, id=37368a6a-36e3-4810-9f9f-435ca9f69b96, description=testDescription1687549777723, defaultType=false, fixed=false, iDate=Fri Jun 23 19:49:37 UTC 2023, system=false, versionable=true, multilingualable=false, variable=testVarname1687549777723, owner=system, modDate=Fri Jun 23 19:49:38 UTC 2023, host=8a7d5e23-da1e-420a-b4f0-471e7da8ea2d, siteName=default, icon=event_note, sortOrder=0, folder=SYSTEM_FOLDER, folderPath=/, requiredFields=[], markedForDeletion=false}, expectedName='testVarname1687549777723', expectedType='CONTENT'}]" classname="com.dotmarketing.business.DeterministicIdentifierAPITest" time="0.004"/>
  <system-out><![CDATA[]]></system-out>
  <system-err><![CDATA[]]></system-err>
</testsuite>
