<?xml version="1.0" encoding="UTF-8"?>
<testsuite name="com.dotcms.rendering.velocity.viewtools.content.util.ContentUtilsTest" tests="89" skipped="0" failures="0" errors="0" timestamp="2023-06-30T15:51:13" hostname="fv-az173-860" time="403.595">
  <properties/>
  <testcase name="whenTheTimeMachineDateIsNullAndPublishDateInFutureShouldNotReturnAnything" classname="com.dotcms.rendering.velocity.viewtools.content.util.ContentUtilsTest" time="3.14"/>
  <testcase name="test_find_multilingual_contentlet_getContentletSuccessfully" classname="com.dotcms.rendering.velocity.viewtools.content.util.ContentUtilsTest" time="1.974"/>
  <testcase name="whenTheTimeMachineDateAndPublishDateAreTomorrowShouldReturnOneContent" classname="com.dotcms.rendering.velocity.viewtools.content.util.ContentUtilsTest" time="3.109"/>
  <testcase name="testPullRelated[0: com.dotcms.rendering.velocity.viewtools.content.util.ContentUtilsTest$TestCase@2f6a998b]" classname="com.dotcms.rendering.velocity.viewtools.content.util.ContentUtilsTest" time="3.561"/>
  <testcase name="testPullRelated[1: com.dotcms.rendering.velocity.viewtools.content.util.ContentUtilsTest$TestCase@247a6304]" classname="com.dotcms.rendering.velocity.viewtools.content.util.ContentUtilsTest" time="4.082"/>
  <testcase name="testPullRelated[2: com.dotcms.rendering.velocity.viewtools.content.util.ContentUtilsTest$TestCase@1262a145]" classname="com.dotcms.rendering.velocity.viewtools.content.util.ContentUtilsTest" time="4.142"/>
  <testcase name="testPullRelated[3: com.dotcms.rendering.velocity.viewtools.content.util.ContentUtilsTest$TestCase@6ce2f318]" classname="com.dotcms.rendering.velocity.viewtools.content.util.ContentUtilsTest" time="3.967"/>
  <testcase name="testPullRelated[4: com.dotcms.rendering.velocity.viewtools.content.util.ContentUtilsTest$TestCase@173f99ce]" classname="com.dotcms.rendering.velocity.viewtools.content.util.ContentUtilsTest" time="4.268"/>
  <testcase name="testPullRelated[5: com.dotcms.rendering.velocity.viewtools.content.util.ContentUtilsTest$TestCase@60aaba6e]" classname="com.dotcms.rendering.velocity.viewtools.content.util.ContentUtilsTest" time="3.755"/>
  <testcase name="testPullRelated[6: com.dotcms.rendering.velocity.viewtools.content.util.ContentUtilsTest$TestCase@674547b7]" classname="com.dotcms.rendering.velocity.viewtools.content.util.ContentUtilsTest" time="4.342"/>
  <testcase name="testPullRelated[7: com.dotcms.rendering.velocity.viewtools.content.util.ContentUtilsTest$TestCase@1c440274]" classname="com.dotcms.rendering.velocity.viewtools.content.util.ContentUtilsTest" time="3.782"/>
  <testcase name="testPullRelated[8: com.dotcms.rendering.velocity.viewtools.content.util.ContentUtilsTest$TestCase@775e19db]" classname="com.dotcms.rendering.velocity.viewtools.content.util.ContentUtilsTest" time="4.186"/>
  <testcase name="testPullRelated[9: com.dotcms.rendering.velocity.viewtools.content.util.ContentUtilsTest$TestCase@4292b494]" classname="com.dotcms.rendering.velocity.viewtools.content.util.ContentUtilsTest" time="3.75"/>
  <testcase name="testPullRelated[10: com.dotcms.rendering.velocity.viewtools.content.util.ContentUtilsTest$TestCase@fa73b8e]" classname="com.dotcms.rendering.velocity.viewtools.content.util.ContentUtilsTest" time="4.386"/>
  <testcase name="testPullRelated[11: com.dotcms.rendering.velocity.viewtools.content.util.ContentUtilsTest$TestCase@33cccfac]" classname="com.dotcms.rendering.velocity.viewtools.content.util.ContentUtilsTest" time="3.955"/>
  <testcase name="testPullRelated[12: com.dotcms.rendering.velocity.viewtools.content.util.ContentUtilsTest$TestCase@345b98cf]" classname="com.dotcms.rendering.velocity.viewtools.content.util.ContentUtilsTest" time="2.976"/>
  <testcase name="testPullRelated[13: com.dotcms.rendering.velocity.viewtools.content.util.ContentUtilsTest$TestCase@63babcc4]" classname="com.dotcms.rendering.velocity.viewtools.content.util.ContentUtilsTest" time="4.042"/>
  <testcase name="testPullRelated[14: com.dotcms.rendering.velocity.viewtools.content.util.ContentUtilsTest$TestCase@55f79076]" classname="com.dotcms.rendering.velocity.viewtools.content.util.ContentUtilsTest" time="3.92"/>
  <testcase name="testPullRelated[15: com.dotcms.rendering.velocity.viewtools.content.util.ContentUtilsTest$TestCase@1394cb]" classname="com.dotcms.rendering.velocity.viewtools.content.util.ContentUtilsTest" time="4.293"/>
  <testcase name="testPullRelated[16: com.dotcms.rendering.velocity.viewtools.content.util.ContentUtilsTest$TestCase@6866f9e6]" classname="com.dotcms.rendering.velocity.viewtools.content.util.ContentUtilsTest" time="3.936"/>
  <testcase name="testPullRelated[17: com.dotcms.rendering.velocity.viewtools.content.util.ContentUtilsTest$TestCase@5e0c34b2]" classname="com.dotcms.rendering.velocity.viewtools.content.util.ContentUtilsTest" time="3.145"/>
  <testcase name="testPullRelated[18: com.dotcms.rendering.velocity.viewtools.content.util.ContentUtilsTest$TestCase@37116b25]" classname="com.dotcms.rendering.velocity.viewtools.content.util.ContentUtilsTest" time="3.962"/>
  <testcase name="testPullRelated[19: com.dotcms.rendering.velocity.viewtools.content.util.ContentUtilsTest$TestCase@2bb814c0]" classname="com.dotcms.rendering.velocity.viewtools.content.util.ContentUtilsTest" time="4.219"/>
  <testcase name="testPullRelated[20: com.dotcms.rendering.velocity.viewtools.content.util.ContentUtilsTest$TestCase@744e7198]" classname="com.dotcms.rendering.velocity.viewtools.content.util.ContentUtilsTest" time="3.925"/>
  <testcase name="testPullRelated[21: com.dotcms.rendering.velocity.viewtools.content.util.ContentUtilsTest$TestCase@4bd87207]" classname="com.dotcms.rendering.velocity.viewtools.content.util.ContentUtilsTest" time="4.044"/>
  <testcase name="testPullRelated[22: com.dotcms.rendering.velocity.viewtools.content.util.ContentUtilsTest$TestCase@772c701a]" classname="com.dotcms.rendering.velocity.viewtools.content.util.ContentUtilsTest" time="3.088"/>
  <testcase name="testPullRelated[23: com.dotcms.rendering.velocity.viewtools.content.util.ContentUtilsTest$TestCase@1cd9642b]" classname="com.dotcms.rendering.velocity.viewtools.content.util.ContentUtilsTest" time="3.031"/>
  <testcase name="testPullRelated[24: com.dotcms.rendering.velocity.viewtools.content.util.ContentUtilsTest$TestCase@1b1c1499]" classname="com.dotcms.rendering.velocity.viewtools.content.util.ContentUtilsTest" time="3.875"/>
  <testcase name="testPullRelated[25: com.dotcms.rendering.velocity.viewtools.content.util.ContentUtilsTest$TestCase@13dc15b7]" classname="com.dotcms.rendering.velocity.viewtools.content.util.ContentUtilsTest" time="4.182"/>
  <testcase name="testPullRelated[26: com.dotcms.rendering.velocity.viewtools.content.util.ContentUtilsTest$TestCase@7e40b76]" classname="com.dotcms.rendering.velocity.viewtools.content.util.ContentUtilsTest" time="3.995"/>
  <testcase name="testPullRelated[27: com.dotcms.rendering.velocity.viewtools.content.util.ContentUtilsTest$TestCase@50cbcf9d]" classname="com.dotcms.rendering.velocity.viewtools.content.util.ContentUtilsTest" time="3.177"/>
  <testcase name="testPullRelated[28: com.dotcms.rendering.velocity.viewtools.content.util.ContentUtilsTest$TestCase@2b88b1c1]" classname="com.dotcms.rendering.velocity.viewtools.content.util.ContentUtilsTest" time="3.819"/>
  <testcase name="testPullRelated[29: com.dotcms.rendering.velocity.viewtools.content.util.ContentUtilsTest$TestCase@588a68aa]" classname="com.dotcms.rendering.velocity.viewtools.content.util.ContentUtilsTest" time="4.175"/>
  <testcase name="testPullRelated[30: com.dotcms.rendering.velocity.viewtools.content.util.ContentUtilsTest$TestCase@7f126776]" classname="com.dotcms.rendering.velocity.viewtools.content.util.ContentUtilsTest" time="4.067"/>
  <testcase name="testPullRelated[31: com.dotcms.rendering.velocity.viewtools.content.util.ContentUtilsTest$TestCase@712bf82e]" classname="com.dotcms.rendering.velocity.viewtools.content.util.ContentUtilsTest" time="3.16"/>
  <testcase name="testPullRelated[32: com.dotcms.rendering.velocity.viewtools.content.util.ContentUtilsTest$TestCase@1f435973]" classname="com.dotcms.rendering.velocity.viewtools.content.util.ContentUtilsTest" time="3.995"/>
  <testcase name="testPullRelated[33: com.dotcms.rendering.velocity.viewtools.content.util.ContentUtilsTest$TestCase@1487bd09]" classname="com.dotcms.rendering.velocity.viewtools.content.util.ContentUtilsTest" time="3.954"/>
  <testcase name="testPullRelated[34: com.dotcms.rendering.velocity.viewtools.content.util.ContentUtilsTest$TestCase@78425138]" classname="com.dotcms.rendering.velocity.viewtools.content.util.ContentUtilsTest" time="4.226"/>
  <testcase name="testPullRelated[35: com.dotcms.rendering.velocity.viewtools.content.util.ContentUtilsTest$TestCase@56063c96]" classname="com.dotcms.rendering.velocity.viewtools.content.util.ContentUtilsTest" time="4.013"/>
  <testcase name="testPullRelated[36: com.dotcms.rendering.velocity.viewtools.content.util.ContentUtilsTest$TestCase@530b6fe4]" classname="com.dotcms.rendering.velocity.viewtools.content.util.ContentUtilsTest" time="5.089"/>
  <testcase name="testPullRelated[37: com.dotcms.rendering.velocity.viewtools.content.util.ContentUtilsTest$TestCase@7acdff79]" classname="com.dotcms.rendering.velocity.viewtools.content.util.ContentUtilsTest" time="6.088"/>
  <testcase name="testPullRelated[38: com.dotcms.rendering.velocity.viewtools.content.util.ContentUtilsTest$TestCase@106cba89]" classname="com.dotcms.rendering.velocity.viewtools.content.util.ContentUtilsTest" time="6.339"/>
  <testcase name="testPullRelated[39: com.dotcms.rendering.velocity.viewtools.content.util.ContentUtilsTest$TestCase@7769c69e]" classname="com.dotcms.rendering.velocity.viewtools.content.util.ContentUtilsTest" time="5.872"/>
  <testcase name="testPullRelated[40: com.dotcms.rendering.velocity.viewtools.content.util.ContentUtilsTest$TestCase@7f15f3d8]" classname="com.dotcms.rendering.velocity.viewtools.content.util.ContentUtilsTest" time="5.182"/>
  <testcase name="testPullRelated[41: com.dotcms.rendering.velocity.viewtools.content.util.ContentUtilsTest$TestCase@6ab6fd74]" classname="com.dotcms.rendering.velocity.viewtools.content.util.ContentUtilsTest" time="5.099"/>
  <testcase name="testPullRelated[42: com.dotcms.rendering.velocity.viewtools.content.util.ContentUtilsTest$TestCase@1ffbaa59]" classname="com.dotcms.rendering.velocity.viewtools.content.util.ContentUtilsTest" time="6.289"/>
  <testcase name="testPullRelated[43: com.dotcms.rendering.velocity.viewtools.content.util.ContentUtilsTest$TestCase@269fc20e]" classname="com.dotcms.rendering.velocity.viewtools.content.util.ContentUtilsTest" time="5.991"/>
  <testcase name="testPullRelated[44: com.dotcms.rendering.velocity.viewtools.content.util.ContentUtilsTest$TestCase@76c47e36]" classname="com.dotcms.rendering.velocity.viewtools.content.util.ContentUtilsTest" time="6.14"/>
  <testcase name="testPullRelated[45: com.dotcms.rendering.velocity.viewtools.content.util.ContentUtilsTest$TestCase@2bc460c7]" classname="com.dotcms.rendering.velocity.viewtools.content.util.ContentUtilsTest" time="5.838"/>
  <testcase name="testPullRelated[46: com.dotcms.rendering.velocity.viewtools.content.util.ContentUtilsTest$TestCase@69afbe84]" classname="com.dotcms.rendering.velocity.viewtools.content.util.ContentUtilsTest" time="6.24"/>
  <testcase name="testPullRelated[47: com.dotcms.rendering.velocity.viewtools.content.util.ContentUtilsTest$TestCase@31f88e0d]" classname="com.dotcms.rendering.velocity.viewtools.content.util.ContentUtilsTest" time="6.517"/>
  <testcase name="testPullRelated[48: com.dotcms.rendering.velocity.viewtools.content.util.ContentUtilsTest$TestCase@641863ca]" classname="com.dotcms.rendering.velocity.viewtools.content.util.ContentUtilsTest" time="5.743"/>
  <testcase name="testPullRelated[49: com.dotcms.rendering.velocity.viewtools.content.util.ContentUtilsTest$TestCase@6c52f5d6]" classname="com.dotcms.rendering.velocity.viewtools.content.util.ContentUtilsTest" time="5.807"/>
  <testcase name="testPullRelated[50: com.dotcms.rendering.velocity.viewtools.content.util.ContentUtilsTest$TestCase@781d2d46]" classname="com.dotcms.rendering.velocity.viewtools.content.util.ContentUtilsTest" time="6.499"/>
  <testcase name="testPullRelated[51: com.dotcms.rendering.velocity.viewtools.content.util.ContentUtilsTest$TestCase@de05cae]" classname="com.dotcms.rendering.velocity.viewtools.content.util.ContentUtilsTest" time="5.905"/>
  <testcase name="testPullRelated[52: com.dotcms.rendering.velocity.viewtools.content.util.ContentUtilsTest$TestCase@2a4178eb]" classname="com.dotcms.rendering.velocity.viewtools.content.util.ContentUtilsTest" time="5.959"/>
  <testcase name="testPullRelated[53: com.dotcms.rendering.velocity.viewtools.content.util.ContentUtilsTest$TestCase@51c6c430]" classname="com.dotcms.rendering.velocity.viewtools.content.util.ContentUtilsTest" time="6.159"/>
  <testcase name="testPullRelated[54: com.dotcms.rendering.velocity.viewtools.content.util.ContentUtilsTest$TestCase@40a0a453]" classname="com.dotcms.rendering.velocity.viewtools.content.util.ContentUtilsTest" time="6.167"/>
  <testcase name="testPullRelated[55: com.dotcms.rendering.velocity.viewtools.content.util.ContentUtilsTest$TestCase@4f2a85c5]" classname="com.dotcms.rendering.velocity.viewtools.content.util.ContentUtilsTest" time="5.148"/>
  <testcase name="testPullRelated[56: com.dotcms.rendering.velocity.viewtools.content.util.ContentUtilsTest$TestCase@6e8d3aeb]" classname="com.dotcms.rendering.velocity.viewtools.content.util.ContentUtilsTest" time="6.101"/>
  <testcase name="testPullRelated[57: com.dotcms.rendering.velocity.viewtools.content.util.ContentUtilsTest$TestCase@90d844e]" classname="com.dotcms.rendering.velocity.viewtools.content.util.ContentUtilsTest" time="5.96"/>
  <testcase name="testPullRelated[58: com.dotcms.rendering.velocity.viewtools.content.util.ContentUtilsTest$TestCase@4cca2b00]" classname="com.dotcms.rendering.velocity.viewtools.content.util.ContentUtilsTest" time="5.208"/>
  <testcase name="testPullRelated[59: com.dotcms.rendering.velocity.viewtools.content.util.ContentUtilsTest$TestCase@57559bf1]" classname="com.dotcms.rendering.velocity.viewtools.content.util.ContentUtilsTest" time="5.824"/>
  <testcase name="testPullRelated[60: com.dotcms.rendering.velocity.viewtools.content.util.ContentUtilsTest$TestCase@5088a992]" classname="com.dotcms.rendering.velocity.viewtools.content.util.ContentUtilsTest" time="6.407"/>
  <testcase name="testPullRelated[61: com.dotcms.rendering.velocity.viewtools.content.util.ContentUtilsTest$TestCase@35426839]" classname="com.dotcms.rendering.velocity.viewtools.content.util.ContentUtilsTest" time="4.876"/>
  <testcase name="testPullRelated[62: com.dotcms.rendering.velocity.viewtools.content.util.ContentUtilsTest$TestCase@284dd7ba]" classname="com.dotcms.rendering.velocity.viewtools.content.util.ContentUtilsTest" time="6.309"/>
  <testcase name="testPullRelated[63: com.dotcms.rendering.velocity.viewtools.content.util.ContentUtilsTest$TestCase@533c5b51]" classname="com.dotcms.rendering.velocity.viewtools.content.util.ContentUtilsTest" time="6.142"/>
  <testcase name="testPullRelated[64: com.dotcms.rendering.velocity.viewtools.content.util.ContentUtilsTest$TestCase@466dac9d]" classname="com.dotcms.rendering.velocity.viewtools.content.util.ContentUtilsTest" time="5.991"/>
  <testcase name="testPullRelated[65: com.dotcms.rendering.velocity.viewtools.content.util.ContentUtilsTest$TestCase@604817c9]" classname="com.dotcms.rendering.velocity.viewtools.content.util.ContentUtilsTest" time="6.027"/>
  <testcase name="testPullRelated[66: com.dotcms.rendering.velocity.viewtools.content.util.ContentUtilsTest$TestCase@267efc7d]" classname="com.dotcms.rendering.velocity.viewtools.content.util.ContentUtilsTest" time="6.454"/>
  <testcase name="testPullRelated[67: com.dotcms.rendering.velocity.viewtools.content.util.ContentUtilsTest$TestCase@1729cd30]" classname="com.dotcms.rendering.velocity.viewtools.content.util.ContentUtilsTest" time="5.879"/>
  <testcase name="testPullRelated[68: com.dotcms.rendering.velocity.viewtools.content.util.ContentUtilsTest$TestCase@3c8b920c]" classname="com.dotcms.rendering.velocity.viewtools.content.util.ContentUtilsTest" time="5.951"/>
  <testcase name="testPullRelated[69: com.dotcms.rendering.velocity.viewtools.content.util.ContentUtilsTest$TestCase@1cdd3c0b]" classname="com.dotcms.rendering.velocity.viewtools.content.util.ContentUtilsTest" time="6.125"/>
  <testcase name="testPullRelated[70: com.dotcms.rendering.velocity.viewtools.content.util.ContentUtilsTest$TestCase@4d91a6f9]" classname="com.dotcms.rendering.velocity.viewtools.content.util.ContentUtilsTest" time="6.207"/>
  <testcase name="testPullRelated[71: com.dotcms.rendering.velocity.viewtools.content.util.ContentUtilsTest$TestCase@1408a236]" classname="com.dotcms.rendering.velocity.viewtools.content.util.ContentUtilsTest" time="6.001"/>
  <testcase name="whenPublishAndExpireDatesAreInTheFutureAndTimeMachineIsAfterBoth" classname="com.dotcms.rendering.velocity.viewtools.content.util.ContentUtilsTest" time="3.193"/>
  <testcase name="testPullRelatedForLegacyRelationship[0: com.dotcms.rendering.velocity.viewtools.content.util.ContentUtilsTest$LegacyTestCase@74735949]" classname="com.dotcms.rendering.velocity.viewtools.content.util.ContentUtilsTest" time="4.651"/>
  <testcase name="testPullRelatedForLegacyRelationship[1: com.dotcms.rendering.velocity.viewtools.content.util.ContentUtilsTest$LegacyTestCase@13b1ea8]" classname="com.dotcms.rendering.velocity.viewtools.content.util.ContentUtilsTest" time="4.098"/>
  <testcase name="whenTheTimeMachineDateIsAfterTomorrowAndExpireDateIsTomorrowShouldNotReturnContent" classname="com.dotcms.rendering.velocity.viewtools.content.util.ContentUtilsTest" time="3.198"/>
  <testcase name="testPullLiveRelatedWhenLatestVersionIsWorking" classname="com.dotcms.rendering.velocity.viewtools.content.util.ContentUtilsTest" time="4.386"/>
  <testcase name="test_add_relationships_on_parent_children_related_contents" classname="com.dotcms.rendering.velocity.viewtools.content.util.ContentUtilsTest" time="1.562"/>
  <testcase name="testSortPullRelated[0: com.dotcms.rendering.velocity.viewtools.content.util.ContentUtilsTest$SortTestCase@415dc618]" classname="com.dotcms.rendering.velocity.viewtools.content.util.ContentUtilsTest" time="1.815"/>
  <testcase name="testSortPullRelated[1: com.dotcms.rendering.velocity.viewtools.content.util.ContentUtilsTest$SortTestCase@1095c517]" classname="com.dotcms.rendering.velocity.viewtools.content.util.ContentUtilsTest" time="2.803"/>
  <testcase name="testSortPullRelated[2: com.dotcms.rendering.velocity.viewtools.content.util.ContentUtilsTest$SortTestCase@7e427f5d]" classname="com.dotcms.rendering.velocity.viewtools.content.util.ContentUtilsTest" time="2.938"/>
  <testcase name="testSortPullRelated[3: com.dotcms.rendering.velocity.viewtools.content.util.ContentUtilsTest$SortTestCase@27d5f063]" classname="com.dotcms.rendering.velocity.viewtools.content.util.ContentUtilsTest" time="3.018"/>
  <testcase name="testSortPullRelated[4: com.dotcms.rendering.velocity.viewtools.content.util.ContentUtilsTest$SortTestCase@8178f87]" classname="com.dotcms.rendering.velocity.viewtools.content.util.ContentUtilsTest" time="1.755"/>
  <testcase name="testSortPullRelated[5: com.dotcms.rendering.velocity.viewtools.content.util.ContentUtilsTest$SortTestCase@36944eef]" classname="com.dotcms.rendering.velocity.viewtools.content.util.ContentUtilsTest" time="3.006"/>
  <testcase name="whenTheTimeMachineDateIsAfterTomorrowAndExpireDateIsInFutureShouldReturnContent" classname="com.dotcms.rendering.velocity.viewtools.content.util.ContentUtilsTest" time="3.263"/>
  <testcase name="testPullRelatedFieldShouldRespectDefaultOrder" classname="com.dotcms.rendering.velocity.viewtools.content.util.ContentUtilsTest" time="2.757"/>
  <system-out><![CDATA[]]></system-out>
  <system-err><![CDATA[]]></system-err>
</testsuite>
