<?xml version="1.0" encoding="UTF-8"?>
<testsuite name="com.dotcms.content.business.ObjectMapperTest" tests="2" skipped="0" failures="0" errors="0" timestamp="2023-07-06T22:12:34" hostname="fv-az1234-650" time="0.022">
  <properties/>
  <testcase name="TestJsonViews" classname="com.dotcms.content.business.ObjectMapperTest" time="0.021"/>
  <testcase name="TestJsonHtmlEscapingDisabledByDefault" classname="com.dotcms.content.business.ObjectMapperTest" time="0.001"/>
  <system-out><![CDATA[]]></system-out>
  <system-err><![CDATA[]]></system-err>
</testsuite>
