<?xml version="1.0" encoding="UTF-8"?>
<testsuite name="com.dotmarketing.portlets.workflows.business.SaveContentActionletTest" tests="2" skipped="0" failures="0" errors="0" timestamp="2023-07-19T15:49:59" hostname="fv-az218-51" time="1.466">
  <properties/>
  <testcase name="save_Content_with_Publish_Expire_NerverExpire_Save_Success_Test" classname="com.dotmarketing.portlets.workflows.business.SaveContentActionletTest" time="1.227"/>
  <testcase name="saveContentTest" classname="com.dotmarketing.portlets.workflows.business.SaveContentActionletTest" time="0.238"/>
  <system-out><![CDATA[]]></system-out>
  <system-err><![CDATA[]]></system-err>
</testsuite>
