<?xml version="1.0" encoding="UTF-8"?>
<testsuite name="com.dotcms.rest.api.v1.vtl.VTLResourceIntegrationTest" tests="6" skipped="0" failures="0" errors="0" timestamp="2023-07-18T21:33:07" hostname="fv-az550-335" time="12.491">
  <properties/>
  <testcase name="testGet[0: com.dotcms.rest.api.v1.vtl.VTLResourceTestCase@12b882bc]" classname="com.dotcms.rest.api.v1.vtl.VTLResourceIntegrationTest" time="2.511"/>
  <testcase name="testGet[1: com.dotcms.rest.api.v1.vtl.VTLResourceTestCase@a9b9e69]" classname="com.dotcms.rest.api.v1.vtl.VTLResourceIntegrationTest" time="1.835"/>
  <testcase name="testGet[2: com.dotcms.rest.api.v1.vtl.VTLResourceTestCase@55275979]" classname="com.dotcms.rest.api.v1.vtl.VTLResourceIntegrationTest" time="2.283"/>
  <testcase name="testGet[3: com.dotcms.rest.api.v1.vtl.VTLResourceTestCase@fe21b15]" classname="com.dotcms.rest.api.v1.vtl.VTLResourceIntegrationTest" time="1.803"/>
  <testcase name="testGet[4: com.dotcms.rest.api.v1.vtl.VTLResourceTestCase@5999c537]" classname="com.dotcms.rest.api.v1.vtl.VTLResourceIntegrationTest" time="1.974"/>
  <testcase name="testGet[5: com.dotcms.rest.api.v1.vtl.VTLResourceTestCase@fa770bb]" classname="com.dotcms.rest.api.v1.vtl.VTLResourceIntegrationTest" time="2.083"/>
  <system-out><![CDATA[]]></system-out>
  <system-err><![CDATA[]]></system-err>
</testsuite>
