<?xml version="1.0" encoding="UTF-8"?>
<testsuite name="com.dotcms.contenttype.test.ContentResourceTest" tests="52" skipped="0" failures="0" errors="0" timestamp="2023-06-29T20:24:00" hostname="fv-az576-571" time="152.732">
  <properties/>
  <testcase name="testGetContentShouldReturnIconDetails" classname="com.dotcms.contenttype.test.ContentResourceTest" time="1.858"/>
  <testcase name="Test_Save_Action_Set_Words_To_Required_NumericField_Issue_15340" classname="com.dotcms.contenttype.test.ContentResourceTest" time="0.987"/>
  <testcase name="test_getContent_includeGrandChildCategory_success" classname="com.dotcms.contenttype.test.ContentResourceTest" time="1.467"/>
  <testcase name="testGetContentWithRelatedParameter[0: com.dotcms.contenttype.test.ContentResourceTest$PullRelatedTestCase@5cc98010]" classname="com.dotcms.contenttype.test.ContentResourceTest" time="4.194"/>
  <testcase name="testGetContentWithRelatedParameter[1: com.dotcms.contenttype.test.ContentResourceTest$PullRelatedTestCase@14fbd9c2]" classname="com.dotcms.contenttype.test.ContentResourceTest" time="3.845"/>
  <testcase name="testGetContentWithRelatedParameter[2: com.dotcms.contenttype.test.ContentResourceTest$PullRelatedTestCase@69db9f08]" classname="com.dotcms.contenttype.test.ContentResourceTest" time="4.08"/>
  <testcase name="testGetContentWithRelatedParameter[3: com.dotcms.contenttype.test.ContentResourceTest$PullRelatedTestCase@4790f58a]" classname="com.dotcms.contenttype.test.ContentResourceTest" time="3.053"/>
  <testcase name="testGetContentWithRelatedParameter[4: com.dotcms.contenttype.test.ContentResourceTest$PullRelatedTestCase@57c92468]" classname="com.dotcms.contenttype.test.ContentResourceTest" time="4.187"/>
  <testcase name="test_getContent_SelfRelatedWith3LevelsOfDepth_shouldReturnRelationships" classname="com.dotcms.contenttype.test.ContentResourceTest" time="1.474"/>
  <testcase name="Test_Save_Action_Send_Fields_SubSet_Issue_15340" classname="com.dotcms.contenttype.test.ContentResourceTest" time="2.076"/>
  <testcase name="test_getContent_shouldReturnRelationships[0: com.dotcms.contenttype.test.ContentResourceTest$TestCase@1db6d29a]" classname="com.dotcms.contenttype.test.ContentResourceTest" time="2.946"/>
  <testcase name="test_getContent_shouldReturnRelationships[1: com.dotcms.contenttype.test.ContentResourceTest$TestCase@28a02dfb]" classname="com.dotcms.contenttype.test.ContentResourceTest" time="3.063"/>
  <testcase name="test_getContent_shouldReturnRelationships[2: com.dotcms.contenttype.test.ContentResourceTest$TestCase@68dcb1c0]" classname="com.dotcms.contenttype.test.ContentResourceTest" time="3.051"/>
  <testcase name="test_getContent_shouldReturnRelationships[3: com.dotcms.contenttype.test.ContentResourceTest$TestCase@762832d7]" classname="com.dotcms.contenttype.test.ContentResourceTest" time="3.154"/>
  <testcase name="test_getContent_shouldReturnRelationships[4: com.dotcms.contenttype.test.ContentResourceTest$TestCase@5da11c8a]" classname="com.dotcms.contenttype.test.ContentResourceTest" time="3.01"/>
  <testcase name="test_getContent_shouldReturnRelationships[5: com.dotcms.contenttype.test.ContentResourceTest$TestCase@74473d30]" classname="com.dotcms.contenttype.test.ContentResourceTest" time="3.03"/>
  <testcase name="test_getContent_shouldReturnRelationships[6: com.dotcms.contenttype.test.ContentResourceTest$TestCase@7998c0c9]" classname="com.dotcms.contenttype.test.ContentResourceTest" time="2.998"/>
  <testcase name="test_getContent_shouldReturnRelationships[7: com.dotcms.contenttype.test.ContentResourceTest$TestCase@4e11fba7]" classname="com.dotcms.contenttype.test.ContentResourceTest" time="3.055"/>
  <testcase name="test_getContent_shouldReturnRelationships[8: com.dotcms.contenttype.test.ContentResourceTest$TestCase@1b81fba3]" classname="com.dotcms.contenttype.test.ContentResourceTest" time="3.209"/>
  <testcase name="test_getContent_shouldReturnRelationships[9: com.dotcms.contenttype.test.ContentResourceTest$TestCase@56e2fb5e]" classname="com.dotcms.contenttype.test.ContentResourceTest" time="3.352"/>
  <testcase name="test_getContent_shouldReturnRelationships[10: com.dotcms.contenttype.test.ContentResourceTest$TestCase@69c3e7c3]" classname="com.dotcms.contenttype.test.ContentResourceTest" time="3.103"/>
  <testcase name="test_getContent_shouldReturnRelationships[11: com.dotcms.contenttype.test.ContentResourceTest$TestCase@28cef59f]" classname="com.dotcms.contenttype.test.ContentResourceTest" time="3.002"/>
  <testcase name="test_getContent_shouldReturnRelationships[12: com.dotcms.contenttype.test.ContentResourceTest$TestCase@3c064fc6]" classname="com.dotcms.contenttype.test.ContentResourceTest" time="3.234"/>
  <testcase name="test_getContent_shouldReturnRelationships[13: com.dotcms.contenttype.test.ContentResourceTest$TestCase@7d7f6b13]" classname="com.dotcms.contenttype.test.ContentResourceTest" time="3.014"/>
  <testcase name="test_getContent_shouldReturnRelationships[14: com.dotcms.contenttype.test.ContentResourceTest$TestCase@b747680]" classname="com.dotcms.contenttype.test.ContentResourceTest" time="3.098"/>
  <testcase name="test_getContent_shouldReturnRelationships[15: com.dotcms.contenttype.test.ContentResourceTest$TestCase@5449187c]" classname="com.dotcms.contenttype.test.ContentResourceTest" time="4.358"/>
  <testcase name="test_getContent_shouldReturnRelationships[16: com.dotcms.contenttype.test.ContentResourceTest$TestCase@5abf154c]" classname="com.dotcms.contenttype.test.ContentResourceTest" time="4.176"/>
  <testcase name="test_getContent_shouldReturnRelationships[17: com.dotcms.contenttype.test.ContentResourceTest$TestCase@5c9edafb]" classname="com.dotcms.contenttype.test.ContentResourceTest" time="3.278"/>
  <testcase name="test_getContent_shouldReturnRelationships[18: com.dotcms.contenttype.test.ContentResourceTest$TestCase@74f6779e]" classname="com.dotcms.contenttype.test.ContentResourceTest" time="3.292"/>
  <testcase name="test_getContent_shouldReturnRelationships[19: com.dotcms.contenttype.test.ContentResourceTest$TestCase@68600b84]" classname="com.dotcms.contenttype.test.ContentResourceTest" time="2.301"/>
  <testcase name="test_getContent_shouldReturnRelationships[20: com.dotcms.contenttype.test.ContentResourceTest$TestCase@4a5766b1]" classname="com.dotcms.contenttype.test.ContentResourceTest" time="2.541"/>
  <testcase name="test_getContent_shouldReturnRelationships[21: com.dotcms.contenttype.test.ContentResourceTest$TestCase@60342402]" classname="com.dotcms.contenttype.test.ContentResourceTest" time="3.327"/>
  <testcase name="test_getContent_shouldReturnRelationships[22: com.dotcms.contenttype.test.ContentResourceTest$TestCase@27b9e51d]" classname="com.dotcms.contenttype.test.ContentResourceTest" time="3.225"/>
  <testcase name="test_getContent_shouldReturnRelationships[23: com.dotcms.contenttype.test.ContentResourceTest$TestCase@4fede645]" classname="com.dotcms.contenttype.test.ContentResourceTest" time="3.229"/>
  <testcase name="test_getContent_shouldReturnRelationships[24: com.dotcms.contenttype.test.ContentResourceTest$TestCase@3e7e73e7]" classname="com.dotcms.contenttype.test.ContentResourceTest" time="3.225"/>
  <testcase name="test_getContent_shouldReturnRelationships[25: com.dotcms.contenttype.test.ContentResourceTest$TestCase@7fab541e]" classname="com.dotcms.contenttype.test.ContentResourceTest" time="3.451"/>
  <testcase name="test_getContent_shouldReturnRelationships[26: com.dotcms.contenttype.test.ContentResourceTest$TestCase@1752d7fb]" classname="com.dotcms.contenttype.test.ContentResourceTest" time="2.765"/>
  <testcase name="test_getContent_shouldReturnRelationships[27: com.dotcms.contenttype.test.ContentResourceTest$TestCase@372dd49a]" classname="com.dotcms.contenttype.test.ContentResourceTest" time="3.179"/>
  <testcase name="test_getContent_shouldReturnRelationships[28: com.dotcms.contenttype.test.ContentResourceTest$TestCase@7a0178d3]" classname="com.dotcms.contenttype.test.ContentResourceTest" time="3.086"/>
  <testcase name="test_getContent_shouldReturnRelationships[29: com.dotcms.contenttype.test.ContentResourceTest$TestCase@5fafc829]" classname="com.dotcms.contenttype.test.ContentResourceTest" time="3.123"/>
  <testcase name="test_getContent_shouldReturnRelationships[30: com.dotcms.contenttype.test.ContentResourceTest$TestCase@5e432128]" classname="com.dotcms.contenttype.test.ContentResourceTest" time="3.092"/>
  <testcase name="test_getContent_shouldReturnRelationships[31: com.dotcms.contenttype.test.ContentResourceTest$TestCase@793a77e]" classname="com.dotcms.contenttype.test.ContentResourceTest" time="3.314"/>
  <testcase name="test_getContent_shouldReturnRelationships[32: com.dotcms.contenttype.test.ContentResourceTest$TestCase@76a580bf]" classname="com.dotcms.contenttype.test.ContentResourceTest" time="4.075"/>
  <testcase name="test_getContent_shouldReturnRelationships[33: com.dotcms.contenttype.test.ContentResourceTest$TestCase@576af0c2]" classname="com.dotcms.contenttype.test.ContentResourceTest" time="4.283"/>
  <testcase name="testSinglePOST_InvalidParamsShouldReturn400[0: ({\n    &quot;stInode&quot; : &quot;InvalidValue&quot;,\n    &quot;numeric&quot; : &quot;0&quot;,\n    &quot;image&quot; : &quot;whatever&quot;\n}, Bad Request)]" classname="com.dotcms.contenttype.test.ContentResourceTest" time="0.96"/>
  <testcase name="testSinglePOST_InvalidParamsShouldReturn400[1: ({\n    &quot;numeric&quot; : &quot;0&quot;,\n    &quot;image&quot; : &quot;whatever&quot;\n}, Bad Request)]" classname="com.dotcms.contenttype.test.ContentResourceTest" time="0.942"/>
  <testcase name="Test_Save_Action_Set_Null_To_Required_NumericField_Issue_15340" classname="com.dotcms.contenttype.test.ContentResourceTest" time="0.989"/>
  <testcase name="Test_Save_Action_Remove_Image_Then_Verify_Fields_Were_Cleared_Issue_15340" classname="com.dotcms.contenttype.test.ContentResourceTest" time="4.064"/>
  <testcase name="test_getContentWithMultipleSelfRelated_shouldReturnRelationships[0: com.dotcms.contenttype.test.ContentResourceTest$PullSelfRelatedTestCase@a552c43]" classname="com.dotcms.contenttype.test.ContentResourceTest" time="1.79"/>
  <testcase name="test_getContentWithMultipleSelfRelated_shouldReturnRelationships[1: com.dotcms.contenttype.test.ContentResourceTest$PullSelfRelatedTestCase@502ff5ce]" classname="com.dotcms.contenttype.test.ContentResourceTest" time="1.815"/>
  <testcase name="testGetContentWithAllCategoriesInfo[0: json]" classname="com.dotcms.contenttype.test.ContentResourceTest" time="2.589"/>
  <testcase name="testGetContentWithAllCategoriesInfo[1: xml]" classname="com.dotcms.contenttype.test.ContentResourceTest" time="2.717"/>
  <system-out><![CDATA[











]]></system-out>
  <system-err><![CDATA[]]></system-err>
</testsuite>
