<?xml version="1.0" encoding="UTF-8"?>
<testsuite name="com.dotcms.rendering.velocity.viewtools.navigation.NavToolTest" tests="19" skipped="0" failures="0" errors="0" timestamp="2023-06-24T00:11:42" hostname="fv-az309-60" time="43.874">
  <properties/>
  <testcase name="Test_Render_Menu_Items_On_Edit_Mode_Page_Mode[0: EDIT_MODE]" classname="com.dotcms.rendering.velocity.viewtools.navigation.NavToolTest" time="3.165"/>
  <testcase name="Test_Render_Menu_Items_On_Edit_Mode_Page_Mode[1: PREVIEW_MODE]" classname="com.dotcms.rendering.velocity.viewtools.navigation.NavToolTest" time="2.966"/>
  <testcase name="Test_Render_Menu_Items_On_Live_And_Admin_Page_Mode[0: LIVE]" classname="com.dotcms.rendering.velocity.viewtools.navigation.NavToolTest" time="3.225"/>
  <testcase name="Test_Render_Menu_Items_On_Live_And_Admin_Page_Mode[1: ADMIN_MODE]" classname="com.dotcms.rendering.velocity.viewtools.navigation.NavToolTest" time="3.037"/>
  <testcase name="testFolderDefaultPageToLanguageFalse" classname="com.dotcms.rendering.velocity.viewtools.navigation.NavToolTest" time="2.781"/>
  <testcase name="testFolderDefaultPageToLanguageTrue" classname="com.dotcms.rendering.velocity.viewtools.navigation.NavToolTest" time="3.189"/>
  <testcase name="testNavTool_getNav_SystemFolder_ShouldNotChangeSystemFolderHostId" classname="com.dotcms.rendering.velocity.viewtools.navigation.NavToolTest" time="3.04"/>
  <testcase name="testNavTool_rootLevel_returnItemsOnlyForSite" classname="com.dotcms.rendering.velocity.viewtools.navigation.NavToolTest" time="6.164"/>
  <testcase name="testRootLevelNavigation_WhenOneFileAssetIsShownOnMenu" classname="com.dotcms.rendering.velocity.viewtools.navigation.NavToolTest" time="7.112"/>
  <testcase name="testShouldAddFileInAnotherLang[0: com.dotcms.rendering.velocity.viewtools.navigation.NavToolTest$NavToolTestCase@5a2c59c]" classname="com.dotcms.rendering.velocity.viewtools.navigation.NavToolTest" time="0.001"/>
  <testcase name="testShouldAddFileInAnotherLang[1: com.dotcms.rendering.velocity.viewtools.navigation.NavToolTest$NavToolTestCase@40dbdb4a]" classname="com.dotcms.rendering.velocity.viewtools.navigation.NavToolTest" time="0.0"/>
  <testcase name="testShouldAddFileInAnotherLang[2: com.dotcms.rendering.velocity.viewtools.navigation.NavToolTest$NavToolTestCase@7801393d]" classname="com.dotcms.rendering.velocity.viewtools.navigation.NavToolTest" time="0.001"/>
  <testcase name="testShouldAddFileInAnotherLang[3: com.dotcms.rendering.velocity.viewtools.navigation.NavToolTest$NavToolTestCase@4d765352]" classname="com.dotcms.rendering.velocity.viewtools.navigation.NavToolTest" time="0.001"/>
  <testcase name="testShouldAddFileInAnotherLang[4: com.dotcms.rendering.velocity.viewtools.navigation.NavToolTest$NavToolTestCase@5eebf145]" classname="com.dotcms.rendering.velocity.viewtools.navigation.NavToolTest" time="0.0"/>
  <testcase name="test_getNavLevelAsParameter" classname="com.dotcms.rendering.velocity.viewtools.navigation.NavToolTest" time="2.695"/>
  <testcase name="test_getNavWithoutParameters" classname="com.dotcms.rendering.velocity.viewtools.navigation.NavToolTest" time="2.794"/>
  <testcase name="test_getNav_GivenLinkItems_ShouldOnlyShowLinksEditMode" classname="com.dotcms.rendering.velocity.viewtools.navigation.NavToolTest" time="0.687"/>
  <testcase name="test_getNav_GivenLinkItems_ShouldOnlyShowLiveLinksLiveMode" classname="com.dotcms.rendering.velocity.viewtools.navigation.NavToolTest" time="1.026"/>
  <testcase name="test_getNav_multilingualPage_shouldOnlyReturnOne" classname="com.dotcms.rendering.velocity.viewtools.navigation.NavToolTest" time="1.987"/>
  <system-out><![CDATA[]]></system-out>
  <system-err><![CDATA[]]></system-err>
</testsuite>
