<?xml version="1.0" encoding="UTF-8"?>
<testsuite name="com.dotmarketing.portlets.structure.model.ContentletRelationshipsTest" tests="7" skipped="0" failures="0" errors="0" timestamp="2023-06-28T03:59:49" hostname="fv-az256-253" time="10.29">
  <properties/>
  <testcase name="testDoesAllowOnlyOne[0: com.dotmarketing.portlets.structure.model.ContentletRelationshipsTest$CardinalityTestCase@51068b11]" classname="com.dotmarketing.portlets.structure.model.ContentletRelationshipsTest" time="0.649"/>
  <testcase name="testDoesAllowOnlyOne[1: com.dotmarketing.portlets.structure.model.ContentletRelationshipsTest$CardinalityTestCase@6b35a3e5]" classname="com.dotmarketing.portlets.structure.model.ContentletRelationshipsTest" time="0.707"/>
  <testcase name="testDoesAllowOnlyOne[2: com.dotmarketing.portlets.structure.model.ContentletRelationshipsTest$CardinalityTestCase@102b78e1]" classname="com.dotmarketing.portlets.structure.model.ContentletRelationshipsTest" time="0.653"/>
  <testcase name="testGetRelationshipRecords[0: com.dotmarketing.portlets.structure.model.ContentletRelationshipsTest$TestCase@22a3a05c]" classname="com.dotmarketing.portlets.structure.model.ContentletRelationshipsTest" time="2.415"/>
  <testcase name="testGetRelationshipRecords[1: com.dotmarketing.portlets.structure.model.ContentletRelationshipsTest$TestCase@4798f91a]" classname="com.dotmarketing.portlets.structure.model.ContentletRelationshipsTest" time="2.387"/>
  <testcase name="testGetRelationshipRecords[2: com.dotmarketing.portlets.structure.model.ContentletRelationshipsTest$TestCase@1745087]" classname="com.dotmarketing.portlets.structure.model.ContentletRelationshipsTest" time="1.214"/>
  <testcase name="testGetRelationshipRecords[3: com.dotmarketing.portlets.structure.model.ContentletRelationshipsTest$TestCase@4a53dc38]" classname="com.dotmarketing.portlets.structure.model.ContentletRelationshipsTest" time="2.25"/>
  <system-out><![CDATA[]]></system-out>
  <system-err><![CDATA[]]></system-err>
</testsuite>
