<?xml version="1.0" encoding="UTF-8"?>
<testsuite name="com.dotmarketing.business.DeterministicIdentifierAPITest" tests="16" skipped="0" failures="0" errors="0" timestamp="2023-07-18T23:25:30" hostname="fv-az193-732" time="0.761">
  <properties/>
  <testcase name="Test_Category_Path_Seed_And_Id" classname="com.dotmarketing.business.DeterministicIdentifierAPITest" time="0.021"/>
  <testcase name="Test_Language_Deterministic_Id[0: LanguageTestCase{expectedSeed='Language:es:US', expectedHash=4913155, langCode='es', countryCode='US', country='United States'}]" classname="com.dotmarketing.business.DeterministicIdentifierAPITest" time="0.001"/>
  <testcase name="Test_Language_Deterministic_Id[1: LanguageTestCase{expectedSeed='Language:ep:', expectedHash=5292269, langCode='ep', countryCode='', country=''}]" classname="com.dotmarketing.business.DeterministicIdentifierAPITest" time="0.001"/>
  <testcase name="Test_Language_Deterministic_Id[2: LanguageTestCase{expectedSeed='Language:sg:SAG', expectedHash=4713118, langCode='sg', countryCode='SAG', country=''}]" classname="com.dotmarketing.business.DeterministicIdentifierAPITest" time="0.001"/>
  <testcase name="Test_Language_Deterministic_Id[3: LanguageTestCase{expectedSeed='Language:en:NZ', expectedHash=5382528, langCode='en', countryCode='NZ', country='New Zealand'}]" classname="com.dotmarketing.business.DeterministicIdentifierAPITest" time="0.001"/>
  <testcase name="Test_Category_None_Persisted_Category_Should_Return_Deterministic_Id" classname="com.dotmarketing.business.DeterministicIdentifierAPITest" time="0.002"/>
  <testcase name="Test_Asset_Generate_Deterministic_Id_Best_Effort[0: TestCase{versionable=my.host1689722343702.com, parent=System Host, expectedName='my.host1689722343702.com', expectedType='Host'}]" classname="com.dotmarketing.business.DeterministicIdentifierAPITest" time="0.003"/>
  <testcase name="Test_Asset_Generate_Deterministic_Id_Best_Effort[1: TestCase{versionable=com.dotmarketing.portlets.contentlet.model.Contentlet@5bc038e9[map={modDate=2023-07-18 23:19:04.433, fileName=file7320448738609143932.txt, title=file7320448738609143932.txt, inode=914f3a05-406a-4c56-81f9-84838ad71971, __IS_NEW_CONTENT__=true, disabledWYSIWYG=[], host=e5e69844-a737-4421-bcba-420ce6a028e9, stInode=33888b6f-7a8e-4069-b1b6-5c1aa9d0a48d, owner=system, identifier=42b43686-bc36-48c3-8ad3-e15f6eb32c49, nullProperties=[wfExpireDate, wfPublishDate, wfActionAssign, wfActionId, wfActionComments, filterKey, whereToSend, wfNeverExpire, _path_to_move, timezoneId, iWantTo, wfPublishTime, wfExpireTime], languageId=1, fileAsset=/home/runner/work/core/custom/assets/9/1/914f3a05-406a-4c56-81f9-84838ad71971/fileAsset/file7320448738609143932.txt, folder=dde7e3c0-d070-42be-b447-a08cb1f428fe, __disable_workflow__=true, sortOrder=0, modUser=system},lowIndexPriority=false,variantId=DEFAULT], parent=com.dotmarketing.portlets.folders.model.Folder@432a7eb5[identifier=dde7e3c0-d070-42be-b447-a08cb1f428fe,name=testName1689722344427,sortOrder=0,showOnMenu=false,hostId=e5e69844-a737-4421-bcba-420ce6a028e9,type=folder,title=testTitle1689722344427,filesMasks=,defaultFileType=33888b6f-7a8e-4069-b1b6-5c1aa9d0a48d,modDate=2023-07-18 23:19:04.43,owner=&lt;null&gt;,iDate=2023-07-18 23:19:04.43,inode=dde7e3c0-d070-42be-b447-a08cb1f428fe,path=/testName1689722344427/], expectedName='file7320448738609143932.txt', expectedType='FileAsset'}]" classname="com.dotmarketing.business.DeterministicIdentifierAPITest" time="0.003"/>
  <testcase name="Test_Asset_Generate_Deterministic_Id_Best_Effort[2: TestCase{versionable=com.dotmarketing.portlets.templates.model.Template@379cda6d, parent=my.host1689722343702.com, expectedName='testTitle1689722344516', expectedType='Template'}]" classname="com.dotmarketing.business.DeterministicIdentifierAPITest" time="0.002"/>
  <testcase name="Test_Asset_Generate_Deterministic_Id_Best_Effort[3: TestCase{versionable=com.dotmarketing.portlets.htmlpageasset.model.HTMLPageAsset@74e3cc54[map={template=d0224687-0e33-4c34-8fc4-3cc40e650fb7, owner=system, identifier=06ed21f5-24ab-4f91-8db4-e4a7984457fd, nullProperties=[wfExpireDate, wfPublishDate, wfActionAssign, wfActionId, wfActionComments, filterKey, whereToSend, wfNeverExpire, _path_to_move, timezoneId, iWantTo, wfPublishTime, wfExpireTime], modDate=2023-07-18 23:19:04.539, cachettl=0, _is_test_mode=true, languageId=1, title=test-page-title-1689722344535, httpsreq=, url=test-page-url-1689722344535, showOnMenu=, inode=43b79359-e6df-4dc6-adc5-ca312ed34d09, folder=dde7e3c0-d070-42be-b447-a08cb1f428fe, disabledWYSIWYG=[], sortOrder=1, modUser=system, host=e5e69844-a737-4421-bcba-420ce6a028e9, stInode=c541abb1-69b3-4bc5-8430-5e09e5239cc8, friendlyName=test-page-friendly-name-1689722344535},lowIndexPriority=false,variantId=DEFAULT], parent=com.dotmarketing.portlets.folders.model.Folder@432a7eb5[identifier=dde7e3c0-d070-42be-b447-a08cb1f428fe,name=testName1689722344427,sortOrder=0,showOnMenu=false,hostId=e5e69844-a737-4421-bcba-420ce6a028e9,type=folder,title=testTitle1689722344427,filesMasks=,defaultFileType=33888b6f-7a8e-4069-b1b6-5c1aa9d0a48d,modDate=2023-07-18 23:19:04.43,owner=&lt;null&gt;,iDate=2023-07-18 23:19:04.43,inode=dde7e3c0-d070-42be-b447-a08cb1f428fe,path=/testName1689722344427/], expectedName='test-page-url-1689722344535', expectedType='htmlpageasset'}]" classname="com.dotmarketing.business.DeterministicIdentifierAPITest" time="0.003"/>
  <testcase name="Test_Asset_Generate_Deterministic_Id_Best_Effort[4: TestCase{versionable=com.dotmarketing.portlets.contentlet.model.Contentlet@6cb3e925[map={fileAsset2=/home/runner/work/core/custom/assets/4/a/4aa4d4cf-e630-40cc-9630-9858501c6611/fileAsset2/test_binary1689722345413.png, modDate=2023-07-18 23:19:05.419, fileAsset1=/home/runner/work/core/custom/assets/4/a/4aa4d4cf-e630-40cc-9630-9858501c6611/fileAsset1/test_binary1689722345412.jpg, title=blah, inode=4aa4d4cf-e630-40cc-9630-9858501c6611, __IS_NEW_CONTENT__=true, disabledWYSIWYG=[], host=48190c8c-42c4-46af-8d1a-0cd5db894797, stInode=e70234e5-f4c6-4b92-8647-b9498316cc37, owner=system, identifier=50d80eb7-ad2f-4a1a-a4a5-231fb5379ce3, nullProperties=[], languageId=1, image1=198c9491-e363-48dd-9106-873b591ca143, folder=SYSTEM_FOLDER, __disable_workflow__=true, sortOrder=0, modUser=system},lowIndexPriority=false,variantId=DEFAULT], parent=demo.dotcms.com, expectedName='test_binary1689722345412.jpg:test_binary1689722345413.png', expectedType='MultipleBinaries1689722344692'}]" classname="com.dotmarketing.business.DeterministicIdentifierAPITest" time="0.003"/>
  <testcase name="Test_Asset_Generate_Deterministic_Id_Best_Effort[5: TestCase{versionable=name5b7cb5b3a3 : keyTag5b7cb5b3a3, parent=my.host1689722343702.com, expectedName='keyTag5b7cb5b3a3', expectedType='persona'}]" classname="com.dotmarketing.business.DeterministicIdentifierAPITest" time="0.003"/>
  <testcase name="Test_Similar_Content_Type_Wont_Clash" classname="com.dotmarketing.business.DeterministicIdentifierAPITest" time="0.42"/>
  <testcase name="Test_Generate_Folder_Identifier" classname="com.dotmarketing.business.DeterministicIdentifierAPITest" time="0.285"/>
  <testcase name="Test_Generate_Content_Type_Identifier[0: ContentTypeTestCase{contentType=KeyValueContentType{name=Language Variable, id=f4d7c1b8-2c88-4071-abf1-a5328977b07d, description=Default Content Type for Language Variables, defaultType=false, fixed=true, iDate=Thu Aug 31 16:38:49 UTC 2017, system=true, versionable=true, variable=Languagevariable, modDate=Tue Jul 18 22:14:48 UTC 2023, host=SYSTEM_HOST, siteName=systemHost, icon=language, sortOrder=0, folder=SYSTEM_FOLDER, folderPath=/, markedForDeletion=true, multilingualable=false}, expectedName='Languagevariable', expectedType='KeyValue'}]" classname="com.dotmarketing.business.DeterministicIdentifierAPITest" time="0.006"/>
  <testcase name="Test_Generate_Content_Type_Identifier[1: ContentTypeTestCase{contentType=SimpleContentType{name=testName1689722345790, id=c0fbfa1a-71ba-4174-9abc-a52ccb6e7b7d, description=testDescription1689722345790, defaultType=false, fixed=false, iDate=Tue Jul 18 23:19:05 UTC 2023, system=false, versionable=true, multilingualable=false, variable=testVarname1689722345790, owner=system, modDate=Tue Jul 18 23:19:06 UTC 2023, host=48190c8c-42c4-46af-8d1a-0cd5db894797, siteName=demo.dotcms.com, icon=event_note, sortOrder=0, folder=SYSTEM_FOLDER, folderPath=/, requiredFields=[], markedForDeletion=false}, expectedName='testVarname1689722345790', expectedType='CONTENT'}]" classname="com.dotmarketing.business.DeterministicIdentifierAPITest" time="0.004"/>
  <system-out><![CDATA[]]></system-out>
  <system-err><![CDATA[]]></system-err>
</testsuite>
