<?xml version="1.0" encoding="UTF-8"?>
<testsuite name="com.dotcms.publishing.PublisherAPIImplTest" tests="24" skipped="0" failures="0" errors="0" timestamp="2023-06-27T14:41:17" hostname="fv-az574-602" time="6.068">
  <properties/>
  <testcase name="AddAllCategoryIntoBundle" classname="com.dotcms.publishing.PublisherAPIImplTest" time="0.23"/>
  <testcase name="testFilterDescriptors" classname="com.dotcms.publishing.PublisherAPIImplTest" time="0.15"/>
  <testcase name="sendPushPublishBundle[0: com.dotcms.publishing.PublisherAPIImplTest$TestAsset@41ed12b4]" classname="com.dotcms.publishing.PublisherAPIImplTest" time="1.874"/>
  <testcase name="sendPushPublishBundle[1: com.dotcms.publishing.PublisherAPIImplTest$TestAsset@4d7f77e7]" classname="com.dotcms.publishing.PublisherAPIImplTest" time="0.285"/>
  <testcase name="sendPushPublishBundle[2: com.dotcms.publishing.PublisherAPIImplTest$TestAsset@55bfbaae]" classname="com.dotcms.publishing.PublisherAPIImplTest" time="0.407"/>
  <testcase name="sendPushPublishBundle[3: com.dotcms.publishing.PublisherAPIImplTest$TestAsset@518fcb17]" classname="com.dotcms.publishing.PublisherAPIImplTest" time="0.402"/>
  <testcase name="sendPushPublishBundle[4: com.dotcms.publishing.PublisherAPIImplTest$TestAsset@78de1b20]" classname="com.dotcms.publishing.PublisherAPIImplTest" time="0.282"/>
  <testcase name="sendPushPublishBundle[5: com.dotcms.publishing.PublisherAPIImplTest$TestAsset@4ea88b93]" classname="com.dotcms.publishing.PublisherAPIImplTest" time="0.23"/>
  <testcase name="sendPushPublishBundle[6: com.dotcms.publishing.PublisherAPIImplTest$TestAsset@666a2222]" classname="com.dotcms.publishing.PublisherAPIImplTest" time="0.168"/>
  <testcase name="sendPushPublishBundle[7: com.dotcms.publishing.PublisherAPIImplTest$TestAsset@49129a8b]" classname="com.dotcms.publishing.PublisherAPIImplTest" time="0.198"/>
  <testcase name="sendPushPublishBundle[8: com.dotcms.publishing.PublisherAPIImplTest$TestAsset@411d8f92]" classname="com.dotcms.publishing.PublisherAPIImplTest" time="0.135"/>
  <testcase name="sendPushPublishBundle[9: com.dotcms.publishing.PublisherAPIImplTest$TestAsset@4be36031]" classname="com.dotcms.publishing.PublisherAPIImplTest" time="0.208"/>
  <testcase name="sendPushPublishBundle[10: com.dotcms.publishing.PublisherAPIImplTest$TestAsset@7c2f205d]" classname="com.dotcms.publishing.PublisherAPIImplTest" time="0.101"/>
  <testcase name="generateBundle[0: com.dotcms.publishing.PublisherAPIImplTest$TestAsset@41ed12b4]" classname="com.dotcms.publishing.PublisherAPIImplTest" time="0.159"/>
  <testcase name="generateBundle[1: com.dotcms.publishing.PublisherAPIImplTest$TestAsset@4d7f77e7]" classname="com.dotcms.publishing.PublisherAPIImplTest" time="0.163"/>
  <testcase name="generateBundle[2: com.dotcms.publishing.PublisherAPIImplTest$TestAsset@55bfbaae]" classname="com.dotcms.publishing.PublisherAPIImplTest" time="0.152"/>
  <testcase name="generateBundle[3: com.dotcms.publishing.PublisherAPIImplTest$TestAsset@518fcb17]" classname="com.dotcms.publishing.PublisherAPIImplTest" time="0.299"/>
  <testcase name="generateBundle[4: com.dotcms.publishing.PublisherAPIImplTest$TestAsset@78de1b20]" classname="com.dotcms.publishing.PublisherAPIImplTest" time="0.156"/>
  <testcase name="generateBundle[5: com.dotcms.publishing.PublisherAPIImplTest$TestAsset@4ea88b93]" classname="com.dotcms.publishing.PublisherAPIImplTest" time="0.098"/>
  <testcase name="generateBundle[6: com.dotcms.publishing.PublisherAPIImplTest$TestAsset@666a2222]" classname="com.dotcms.publishing.PublisherAPIImplTest" time="0.089"/>
  <testcase name="generateBundle[7: com.dotcms.publishing.PublisherAPIImplTest$TestAsset@49129a8b]" classname="com.dotcms.publishing.PublisherAPIImplTest" time="0.08"/>
  <testcase name="generateBundle[8: com.dotcms.publishing.PublisherAPIImplTest$TestAsset@411d8f92]" classname="com.dotcms.publishing.PublisherAPIImplTest" time="0.052"/>
  <testcase name="generateBundle[9: com.dotcms.publishing.PublisherAPIImplTest$TestAsset@4be36031]" classname="com.dotcms.publishing.PublisherAPIImplTest" time="0.117"/>
  <testcase name="generateBundle[10: com.dotcms.publishing.PublisherAPIImplTest$TestAsset@7c2f205d]" classname="com.dotcms.publishing.PublisherAPIImplTest" time="0.018"/>
  <system-out><![CDATA[









































































































































































]]></system-out>
  <system-err><![CDATA[]]></system-err>
</testsuite>
