<?xml version="1.0" encoding="UTF-8"?>
<testsuite name="com.dotmarketing.portlets.contentlet.ajax.ContentletAjaxTest" tests="7" skipped="0" failures="0" errors="0" timestamp="2023-07-14T20:23:21" hostname="fv-az1244-305" time="6.376">
  <properties/>
  <testcase name="test_searchContentletsByUser_filteringByDates_returns_validResults" classname="com.dotmarketing.portlets.contentlet.ajax.ContentletAjaxTest" time="1.981"/>
  <testcase name="issue5330" classname="com.dotmarketing.portlets.contentlet.ajax.ContentletAjaxTest" time="1.425"/>
  <testcase name="test_doSearchGlossaryTerm_ReturnsListLanguageVariables" classname="com.dotmarketing.portlets.contentlet.ajax.ContentletAjaxTest" time="1.018"/>
  <testcase name="test_searchContentletsByUser_filteringByRelatedContent_returns_validResults[0: ONE_TO_MANY]" classname="com.dotmarketing.portlets.contentlet.ajax.ContentletAjaxTest" time="0.464"/>
  <testcase name="test_searchContentletsByUser_filteringByRelatedContent_returns_validResults[1: MANY_TO_MANY]" classname="com.dotmarketing.portlets.contentlet.ajax.ContentletAjaxTest" time="0.512"/>
  <testcase name="test_searchContentletsByUser_filteringByRelatedContent_returns_validResults[2: ONE_TO_ONE]" classname="com.dotmarketing.portlets.contentlet.ajax.ContentletAjaxTest" time="0.473"/>
  <testcase name="test_searchContentletsByUser_filteringByRelatedContent_returns_validResults[3: MANY_TO_ONE]" classname="com.dotmarketing.portlets.contentlet.ajax.ContentletAjaxTest" time="0.501"/>
  <system-out><![CDATA[]]></system-out>
  <system-err><![CDATA[]]></system-err>
</testsuite>
