<?xml version="1.0" encoding="UTF-8"?>
<testsuite name="com.dotmarketing.startup.runonce.Task05395RemoveEndpointIdForeignKeyInIntegrityResolverTablesIntegrationTest" tests="1" skipped="0" failures="0" errors="0" timestamp="2023-07-20T20:16:23" hostname="fv-az408-124" time="0.024">
  <properties/>
  <testcase name="constraintShouldNotExists" classname="com.dotmarketing.startup.runonce.Task05395RemoveEndpointIdForeignKeyInIntegrityResolverTablesIntegrationTest" time="0.024"/>
  <system-out><![CDATA[]]></system-out>
  <system-err><![CDATA[]]></system-err>
</testsuite>
