<?xml version="1.0" encoding="UTF-8"?>
<testsuite name="com.dotcms.contenttype.test.ContentResourceTest" tests="52" skipped="0" failures="0" errors="0" timestamp="2023-07-11T17:01:45" hostname="fv-az351-324" time="155.731">
  <properties/>
  <testcase name="testGetContentShouldReturnIconDetails" classname="com.dotcms.contenttype.test.ContentResourceTest" time="1.766"/>
  <testcase name="Test_Save_Action_Set_Words_To_Required_NumericField_Issue_15340" classname="com.dotcms.contenttype.test.ContentResourceTest" time="1.053"/>
  <testcase name="test_getContent_includeGrandChildCategory_success" classname="com.dotcms.contenttype.test.ContentResourceTest" time="1.486"/>
  <testcase name="testGetContentWithRelatedParameter[0: com.dotcms.contenttype.test.ContentResourceTest$PullRelatedTestCase@52e7ad2b]" classname="com.dotcms.contenttype.test.ContentResourceTest" time="4.345"/>
  <testcase name="testGetContentWithRelatedParameter[1: com.dotcms.contenttype.test.ContentResourceTest$PullRelatedTestCase@2ba24a84]" classname="com.dotcms.contenttype.test.ContentResourceTest" time="4.27"/>
  <testcase name="testGetContentWithRelatedParameter[2: com.dotcms.contenttype.test.ContentResourceTest$PullRelatedTestCase@2bd9c428]" classname="com.dotcms.contenttype.test.ContentResourceTest" time="4.024"/>
  <testcase name="testGetContentWithRelatedParameter[3: com.dotcms.contenttype.test.ContentResourceTest$PullRelatedTestCase@34a0e22a]" classname="com.dotcms.contenttype.test.ContentResourceTest" time="4.102"/>
  <testcase name="testGetContentWithRelatedParameter[4: com.dotcms.contenttype.test.ContentResourceTest$PullRelatedTestCase@5bc18f60]" classname="com.dotcms.contenttype.test.ContentResourceTest" time="4.064"/>
  <testcase name="test_getContent_SelfRelatedWith3LevelsOfDepth_shouldReturnRelationships" classname="com.dotcms.contenttype.test.ContentResourceTest" time="1.567"/>
  <testcase name="Test_Save_Action_Send_Fields_SubSet_Issue_15340" classname="com.dotcms.contenttype.test.ContentResourceTest" time="3.126"/>
  <testcase name="test_getContent_shouldReturnRelationships[0: com.dotcms.contenttype.test.ContentResourceTest$TestCase@620e18f6]" classname="com.dotcms.contenttype.test.ContentResourceTest" time="3.262"/>
  <testcase name="test_getContent_shouldReturnRelationships[1: com.dotcms.contenttype.test.ContentResourceTest$TestCase@713681b]" classname="com.dotcms.contenttype.test.ContentResourceTest" time="3.052"/>
  <testcase name="test_getContent_shouldReturnRelationships[2: com.dotcms.contenttype.test.ContentResourceTest$TestCase@34117b61]" classname="com.dotcms.contenttype.test.ContentResourceTest" time="3.325"/>
  <testcase name="test_getContent_shouldReturnRelationships[3: com.dotcms.contenttype.test.ContentResourceTest$TestCase@63fc480c]" classname="com.dotcms.contenttype.test.ContentResourceTest" time="3.283"/>
  <testcase name="test_getContent_shouldReturnRelationships[4: com.dotcms.contenttype.test.ContentResourceTest$TestCase@7127252d]" classname="com.dotcms.contenttype.test.ContentResourceTest" time="3.202"/>
  <testcase name="test_getContent_shouldReturnRelationships[5: com.dotcms.contenttype.test.ContentResourceTest$TestCase@6d68c8a2]" classname="com.dotcms.contenttype.test.ContentResourceTest" time="3.212"/>
  <testcase name="test_getContent_shouldReturnRelationships[6: com.dotcms.contenttype.test.ContentResourceTest$TestCase@521d7c1d]" classname="com.dotcms.contenttype.test.ContentResourceTest" time="3.149"/>
  <testcase name="test_getContent_shouldReturnRelationships[7: com.dotcms.contenttype.test.ContentResourceTest$TestCase@5320f27a]" classname="com.dotcms.contenttype.test.ContentResourceTest" time="3.23"/>
  <testcase name="test_getContent_shouldReturnRelationships[8: com.dotcms.contenttype.test.ContentResourceTest$TestCase@1b66bb7e]" classname="com.dotcms.contenttype.test.ContentResourceTest" time="3.223"/>
  <testcase name="test_getContent_shouldReturnRelationships[9: com.dotcms.contenttype.test.ContentResourceTest$TestCase@30604d68]" classname="com.dotcms.contenttype.test.ContentResourceTest" time="2.261"/>
  <testcase name="test_getContent_shouldReturnRelationships[10: com.dotcms.contenttype.test.ContentResourceTest$TestCase@9a422ed]" classname="com.dotcms.contenttype.test.ContentResourceTest" time="3.0"/>
  <testcase name="test_getContent_shouldReturnRelationships[11: com.dotcms.contenttype.test.ContentResourceTest$TestCase@5d43b281]" classname="com.dotcms.contenttype.test.ContentResourceTest" time="2.929"/>
  <testcase name="test_getContent_shouldReturnRelationships[12: com.dotcms.contenttype.test.ContentResourceTest$TestCase@73d04f1c]" classname="com.dotcms.contenttype.test.ContentResourceTest" time="3.118"/>
  <testcase name="test_getContent_shouldReturnRelationships[13: com.dotcms.contenttype.test.ContentResourceTest$TestCase@41e94703]" classname="com.dotcms.contenttype.test.ContentResourceTest" time="3.082"/>
  <testcase name="test_getContent_shouldReturnRelationships[14: com.dotcms.contenttype.test.ContentResourceTest$TestCase@6972b699]" classname="com.dotcms.contenttype.test.ContentResourceTest" time="3.126"/>
  <testcase name="test_getContent_shouldReturnRelationships[15: com.dotcms.contenttype.test.ContentResourceTest$TestCase@29e5d68c]" classname="com.dotcms.contenttype.test.ContentResourceTest" time="4.157"/>
  <testcase name="test_getContent_shouldReturnRelationships[16: com.dotcms.contenttype.test.ContentResourceTest$TestCase@58bcd403]" classname="com.dotcms.contenttype.test.ContentResourceTest" time="4.15"/>
  <testcase name="test_getContent_shouldReturnRelationships[17: com.dotcms.contenttype.test.ContentResourceTest$TestCase@53664148]" classname="com.dotcms.contenttype.test.ContentResourceTest" time="3.098"/>
  <testcase name="test_getContent_shouldReturnRelationships[18: com.dotcms.contenttype.test.ContentResourceTest$TestCase@2f5ce3c3]" classname="com.dotcms.contenttype.test.ContentResourceTest" time="3.411"/>
  <testcase name="test_getContent_shouldReturnRelationships[19: com.dotcms.contenttype.test.ContentResourceTest$TestCase@280a0112]" classname="com.dotcms.contenttype.test.ContentResourceTest" time="3.244"/>
  <testcase name="test_getContent_shouldReturnRelationships[20: com.dotcms.contenttype.test.ContentResourceTest$TestCase@1628d4dc]" classname="com.dotcms.contenttype.test.ContentResourceTest" time="2.322"/>
  <testcase name="test_getContent_shouldReturnRelationships[21: com.dotcms.contenttype.test.ContentResourceTest$TestCase@77a5bb50]" classname="com.dotcms.contenttype.test.ContentResourceTest" time="3.49"/>
  <testcase name="test_getContent_shouldReturnRelationships[22: com.dotcms.contenttype.test.ContentResourceTest$TestCase@3f2f1c9c]" classname="com.dotcms.contenttype.test.ContentResourceTest" time="3.164"/>
  <testcase name="test_getContent_shouldReturnRelationships[23: com.dotcms.contenttype.test.ContentResourceTest$TestCase@475588fa]" classname="com.dotcms.contenttype.test.ContentResourceTest" time="3.263"/>
  <testcase name="test_getContent_shouldReturnRelationships[24: com.dotcms.contenttype.test.ContentResourceTest$TestCase@178b3af8]" classname="com.dotcms.contenttype.test.ContentResourceTest" time="3.251"/>
  <testcase name="test_getContent_shouldReturnRelationships[25: com.dotcms.contenttype.test.ContentResourceTest$TestCase@4d2e7c62]" classname="com.dotcms.contenttype.test.ContentResourceTest" time="2.372"/>
  <testcase name="test_getContent_shouldReturnRelationships[26: com.dotcms.contenttype.test.ContentResourceTest$TestCase@aa252a7]" classname="com.dotcms.contenttype.test.ContentResourceTest" time="3.344"/>
  <testcase name="test_getContent_shouldReturnRelationships[27: com.dotcms.contenttype.test.ContentResourceTest$TestCase@615b0951]" classname="com.dotcms.contenttype.test.ContentResourceTest" time="3.221"/>
  <testcase name="test_getContent_shouldReturnRelationships[28: com.dotcms.contenttype.test.ContentResourceTest$TestCase@2f49a378]" classname="com.dotcms.contenttype.test.ContentResourceTest" time="3.206"/>
  <testcase name="test_getContent_shouldReturnRelationships[29: com.dotcms.contenttype.test.ContentResourceTest$TestCase@113a079f]" classname="com.dotcms.contenttype.test.ContentResourceTest" time="3.114"/>
  <testcase name="test_getContent_shouldReturnRelationships[30: com.dotcms.contenttype.test.ContentResourceTest$TestCase@9954875]" classname="com.dotcms.contenttype.test.ContentResourceTest" time="3.068"/>
  <testcase name="test_getContent_shouldReturnRelationships[31: com.dotcms.contenttype.test.ContentResourceTest$TestCase@303dd997]" classname="com.dotcms.contenttype.test.ContentResourceTest" time="3.181"/>
  <testcase name="test_getContent_shouldReturnRelationships[32: com.dotcms.contenttype.test.ContentResourceTest$TestCase@520dfe8b]" classname="com.dotcms.contenttype.test.ContentResourceTest" time="4.268"/>
  <testcase name="test_getContent_shouldReturnRelationships[33: com.dotcms.contenttype.test.ContentResourceTest$TestCase@134a1daa]" classname="com.dotcms.contenttype.test.ContentResourceTest" time="4.11"/>
  <testcase name="testSinglePOST_InvalidParamsShouldReturn400[0: ({\n    &quot;stInode&quot; : &quot;InvalidValue&quot;,\n    &quot;numeric&quot; : &quot;0&quot;,\n    &quot;image&quot; : &quot;whatever&quot;\n}, Bad Request)]" classname="com.dotcms.contenttype.test.ContentResourceTest" time="0.988"/>
  <testcase name="testSinglePOST_InvalidParamsShouldReturn400[1: ({\n    &quot;numeric&quot; : &quot;0&quot;,\n    &quot;image&quot; : &quot;whatever&quot;\n}, Bad Request)]" classname="com.dotcms.contenttype.test.ContentResourceTest" time="0.945"/>
  <testcase name="Test_Save_Action_Set_Null_To_Required_NumericField_Issue_15340" classname="com.dotcms.contenttype.test.ContentResourceTest" time="1.002"/>
  <testcase name="Test_Save_Action_Remove_Image_Then_Verify_Fields_Were_Cleared_Issue_15340" classname="com.dotcms.contenttype.test.ContentResourceTest" time="4.095"/>
  <testcase name="test_getContentWithMultipleSelfRelated_shouldReturnRelationships[0: com.dotcms.contenttype.test.ContentResourceTest$PullSelfRelatedTestCase@6e90afa7]" classname="com.dotcms.contenttype.test.ContentResourceTest" time="1.767"/>
  <testcase name="test_getContentWithMultipleSelfRelated_shouldReturnRelationships[1: com.dotcms.contenttype.test.ContentResourceTest$PullSelfRelatedTestCase@53d4fd58]" classname="com.dotcms.contenttype.test.ContentResourceTest" time="1.804"/>
  <testcase name="testGetContentWithAllCategoriesInfo[0: json]" classname="com.dotcms.contenttype.test.ContentResourceTest" time="2.685"/>
  <testcase name="testGetContentWithAllCategoriesInfo[1: xml]" classname="com.dotcms.contenttype.test.ContentResourceTest" time="2.75"/>
  <system-out><![CDATA[











]]></system-out>
  <system-err><![CDATA[]]></system-err>
</testsuite>
