<?xml version="1.0" encoding="UTF-8"?>
<testsuite name="com.dotmarketing.portlets.links.business.MenuLinkAPITest" tests="5" skipped="0" failures="0" errors="0" timestamp="2023-06-29T22:34:03" hostname="fv-az560-11" time="1.219">
  <properties/>
  <testcase name="testFind_InodeNotExists_ReturnNotFoundInDBException" classname="com.dotmarketing.portlets.links.business.MenuLinkAPITest" time="1.004"/>
  <testcase name="move" classname="com.dotmarketing.portlets.links.business.MenuLinkAPITest" time="0.168"/>
  <testcase name="save" classname="com.dotmarketing.portlets.links.business.MenuLinkAPITest" time="0.022"/>
  <testcase name="testFindLinks" classname="com.dotmarketing.portlets.links.business.MenuLinkAPITest" time="0.014"/>
  <testcase name="testFind_returnLink" classname="com.dotmarketing.portlets.links.business.MenuLinkAPITest" time="0.009"/>
  <system-out><![CDATA[]]></system-out>
  <system-err><![CDATA[]]></system-err>
</testsuite>
