<?xml version="1.0" encoding="UTF-8"?>
<testsuite name="com.dotcms.publisher.business.PublishQueueElementTransformerTest" tests="1" skipped="0" failures="0" errors="0" timestamp="2023-06-28T16:02:08" hostname="fv-az341-124" time="1.153">
  <properties/>
  <testcase name="getDetailedAssets" classname="com.dotcms.publisher.business.PublishQueueElementTransformerTest" time="1.153"/>
  <system-out><![CDATA[]]></system-out>
  <system-err><![CDATA[]]></system-err>
</testsuite>
