<?xml version="1.0" encoding="UTF-8"?>
<testsuite name="com.dotmarketing.factories.MultiTreeAPITest" tests="33" skipped="0" failures="0" errors="0" timestamp="2023-07-12T18:50:40" hostname="fv-az358-82" time="62.416">
  <properties/>
  <testcase name="shouldReplaceEnglishMultiTree" classname="com.dotmarketing.factories.MultiTreeAPITest" time="1.454"/>
  <testcase name="shouldReplaceVariantAndPersonalizationMultiTree" classname="com.dotmarketing.factories.MultiTreeAPITest" time="1.672"/>
  <testcase name="shouldReplaceAllMultiTree" classname="com.dotmarketing.factories.MultiTreeAPITest" time="0.498"/>
  <testcase name="testMultiTreeForContainerStructure" classname="com.dotmarketing.factories.MultiTreeAPITest" time="0.012"/>
  <testcase name="testCleanUpUnusedPersonalization" classname="com.dotmarketing.factories.MultiTreeAPITest" time="1.389"/>
  <testcase name="testSaveMultiTree" classname="com.dotmarketing.factories.MultiTreeAPITest" time="0.003"/>
  <testcase name="testEmptyContainersInDrawedTemplate" classname="com.dotmarketing.factories.MultiTreeAPITest" time="18.86"/>
  <testcase name="testEmptyContainersInAdvancedTemplate" classname="com.dotmarketing.factories.MultiTreeAPITest" time="21.271"/>
  <testcase name="saveUpdateMultiTree" classname="com.dotmarketing.factories.MultiTreeAPITest" time="0.279"/>
  <testcase name="testGetMultiTreesByPersonalizedPage" classname="com.dotmarketing.factories.MultiTreeAPITest" time="0.035"/>
  <testcase name="after_override_multitrees_should_keep_other_pages_contentlet_references" classname="com.dotmarketing.factories.MultiTreeAPITest" time="1.779"/>
  <testcase name="getMultiTreesByVariantWithFallback" classname="com.dotmarketing.factories.MultiTreeAPITest" time="1.474"/>
  <testcase name="testMultiTreesSaveWithEmpty" classname="com.dotmarketing.factories.MultiTreeAPITest" time="0.006"/>
  <testcase name="test_personalize_page_respects_max_contentlet_value_per_persona" classname="com.dotmarketing.factories.MultiTreeAPITest" time="1.406"/>
  <testcase name="copyMultiTreeToNewVariant" classname="com.dotmarketing.factories.MultiTreeAPITest" time="0.506"/>
  <testcase name="savaDifferent" classname="com.dotmarketing.factories.MultiTreeAPITest" time="0.437"/>
  <testcase name="testMultiTreesSavingWithPersonalizationForPage" classname="com.dotmarketing.factories.MultiTreeAPITest" time="0.008"/>
  <testcase name="deleteMultiTreeByPageAndVariant" classname="com.dotmarketing.factories.MultiTreeAPITest" time="2.294"/>
  <testcase name="testDoesPageContentsHaveContainer_no_prefix" classname="com.dotmarketing.factories.MultiTreeAPITest" time="0.0"/>
  <testcase name="multiTreesByVariant" classname="com.dotmarketing.factories.MultiTreeAPITest" time="1.82"/>
  <testcase name="shouldReplaceVariantMultiTree" classname="com.dotmarketing.factories.MultiTreeAPITest" time="1.489"/>
  <testcase name="testReorderWithVariant" classname="com.dotmarketing.factories.MultiTreeAPITest" time="0.054"/>
  <testcase name="testReorder" classname="com.dotmarketing.factories.MultiTreeAPITest" time="0.031"/>
  <testcase name="testDoesPageContentsHaveContainer_with_prefix" classname="com.dotmarketing.factories.MultiTreeAPITest" time="0.0"/>
  <testcase name="testGetPageMultiTrees" classname="com.dotmarketing.factories.MultiTreeAPITest" time="1.412"/>
  <testcase name="testLegacyMultiTreeSave" classname="com.dotmarketing.factories.MultiTreeAPITest" time="0.004"/>
  <testcase name="findByChild" classname="com.dotmarketing.factories.MultiTreeAPITest" time="0.025"/>
  <testcase name="testDeletes" classname="com.dotmarketing.factories.MultiTreeAPITest" time="0.038"/>
  <testcase name="testMultiTreesSave" classname="com.dotmarketing.factories.MultiTreeAPITest" time="0.004"/>
  <testcase name="testMultiTreesSaveAndPersonalizationForPage" classname="com.dotmarketing.factories.MultiTreeAPITest" time="1.294"/>
  <testcase name="testMultiTreesSaveDeleting" classname="com.dotmarketing.factories.MultiTreeAPITest" time="0.006"/>
  <testcase name="getMultiTreesByVariant" classname="com.dotmarketing.factories.MultiTreeAPITest" time="1.508"/>
  <testcase name="test_overridesMultitreesByPersonalization_AddContentTwiceDiffLangEditing_throwException" classname="com.dotmarketing.factories.MultiTreeAPITest" time="1.344"/>
  <system-out><![CDATA[]]></system-out>
  <system-err><![CDATA[]]></system-err>
</testsuite>
