<?xml version="1.0" encoding="UTF-8"?>
<testsuite name="com.dotcms.rest.elasticsearch.ESContentResourcePortletTest" tests="8" skipped="0" failures="0" errors="0" timestamp="2023-07-14T23:31:11" hostname="fv-az809-141" time="7.647">
  <properties/>
  <testcase name="test_search_includeGrandChildCategory_success" classname="com.dotcms.rest.elasticsearch.ESContentResourcePortletTest" time="1.328"/>
  <testcase name="testSearch[0: com.dotcms.rest.elasticsearch.ESContentResourcePortletTest$TestCase@2a0755b1]" classname="com.dotcms.rest.elasticsearch.ESContentResourcePortletTest" time="0.873"/>
  <testcase name="testSearch[1: com.dotcms.rest.elasticsearch.ESContentResourcePortletTest$TestCase@4888c3f1]" classname="com.dotcms.rest.elasticsearch.ESContentResourcePortletTest" time="0.272"/>
  <testcase name="testSearch[2: com.dotcms.rest.elasticsearch.ESContentResourcePortletTest$TestCase@343ba279]" classname="com.dotcms.rest.elasticsearch.ESContentResourcePortletTest" time="0.92"/>
  <testcase name="testSearch[3: com.dotcms.rest.elasticsearch.ESContentResourcePortletTest$TestCase@22d2913b]" classname="com.dotcms.rest.elasticsearch.ESContentResourcePortletTest" time="1.235"/>
  <testcase name="testSearch[4: com.dotcms.rest.elasticsearch.ESContentResourcePortletTest$TestCase@3268f20d]" classname="com.dotcms.rest.elasticsearch.ESContentResourcePortletTest" time="1.294"/>
  <testcase name="testSearch[5: com.dotcms.rest.elasticsearch.ESContentResourcePortletTest$TestCase@3c7138fa]" classname="com.dotcms.rest.elasticsearch.ESContentResourcePortletTest" time="0.885"/>
  <testcase name="testSearch[6: com.dotcms.rest.elasticsearch.ESContentResourcePortletTest$TestCase@55307d67]" classname="com.dotcms.rest.elasticsearch.ESContentResourcePortletTest" time="0.839"/>
  <system-out><![CDATA[]]></system-out>
  <system-err><![CDATA[]]></system-err>
</testsuite>
