<?xml version="1.0" encoding="UTF-8"?>
<testsuite name="com.dotmarketing.servlets.ajax.AjaxDirectorServletIntegrationTest" tests="2" skipped="0" failures="0" errors="0" timestamp="2023-06-30T21:51:24" hostname="fv-az1226-633" time="0.704">
  <properties/>
  <testcase name="testService[0: com.dotmarketing.servlets.ajax.AjaxDirectorServletTestCase@793bdf4]" classname="com.dotmarketing.servlets.ajax.AjaxDirectorServletIntegrationTest" time="0.459"/>
  <testcase name="testService[1: com.dotmarketing.servlets.ajax.AjaxDirectorServletTestCase@88a3465]" classname="com.dotmarketing.servlets.ajax.AjaxDirectorServletIntegrationTest" time="0.245"/>
  <system-out><![CDATA[]]></system-out>
  <system-err><![CDATA[]]></system-err>
</testsuite>
