<?xml version="1.0" encoding="UTF-8"?>
<testsuite name="com.dotmarketing.servlets.ajax.AjaxDirectorServletIntegrationTest" tests="2" skipped="0" failures="0" errors="0" timestamp="2023-07-14T01:42:33" hostname="fv-az493-156" time="1.444">
  <properties/>
  <testcase name="testService[0: com.dotmarketing.servlets.ajax.AjaxDirectorServletTestCase@9652fab]" classname="com.dotmarketing.servlets.ajax.AjaxDirectorServletIntegrationTest" time="0.598"/>
  <testcase name="testService[1: com.dotmarketing.servlets.ajax.AjaxDirectorServletTestCase@79f0a2fb]" classname="com.dotmarketing.servlets.ajax.AjaxDirectorServletIntegrationTest" time="0.846"/>
  <system-out><![CDATA[]]></system-out>
  <system-err><![CDATA[]]></system-err>
</testsuite>
