<?xml version="1.0" encoding="UTF-8"?>
<testsuite name="com.dotcms.languagevariable.business.LanguageVariableAPITest" tests="6" skipped="0" failures="0" errors="0" timestamp="2023-07-19T02:47:42" hostname="fv-az365-508" time="9.189">
  <properties/>
  <testcase name="saveLanguageVariableContent" classname="com.dotcms.languagevariable.business.LanguageVariableAPITest" time="1.873"/>
  <testcase name="getLanguageVariableUsingFallbackLanguage" classname="com.dotcms.languagevariable.business.LanguageVariableAPITest" time="1.696"/>
  <testcase name="getLanguageVariableUsingDefaultContentToDefaultLanguage" classname="com.dotcms.languagevariable.business.LanguageVariableAPITest" time="0.356"/>
  <testcase name="getLanguageVariableWorkingVersion" classname="com.dotcms.languagevariable.business.LanguageVariableAPITest" time="2.472"/>
  <testcase name="getLanguageVariableLiveVersion" classname="com.dotcms.languagevariable.business.LanguageVariableAPITest" time="1.294"/>
  <testcase name="getLanguageVariable" classname="com.dotcms.languagevariable.business.LanguageVariableAPITest" time="1.497"/>
  <system-out><![CDATA[]]></system-out>
  <system-err><![CDATA[]]></system-err>
</testsuite>
