<?xml version="1.0" encoding="UTF-8"?>
<testsuite name="com.dotcms.rest.IntegrityResourceIntegrationTest" tests="2" skipped="0" failures="0" errors="0" timestamp="2023-07-19T17:24:28" hostname="fv-az400-396" time="0.094">
  <properties/>
  <testcase name="fixConflictsShouldReturnLicenseException" classname="com.dotcms.rest.IntegrityResourceIntegrationTest" time="0.087"/>
  <testcase name="generateShouldReturnLicenseException" classname="com.dotcms.rest.IntegrityResourceIntegrationTest" time="0.007"/>
  <system-out><![CDATA[]]></system-out>
  <system-err><![CDATA[]]></system-err>
</testsuite>
