<?xml version="1.0" encoding="UTF-8"?>
<testsuite name="com.dotcms.contenttype.test.ContentResourceTest" tests="52" skipped="0" failures="0" errors="0" timestamp="2023-07-13T21:51:22" hostname="fv-az166-219" time="135.604">
  <properties/>
  <testcase name="testGetContentShouldReturnIconDetails" classname="com.dotcms.contenttype.test.ContentResourceTest" time="1.527"/>
  <testcase name="Test_Save_Action_Set_Words_To_Required_NumericField_Issue_15340" classname="com.dotcms.contenttype.test.ContentResourceTest" time="0.88"/>
  <testcase name="test_getContent_includeGrandChildCategory_success" classname="com.dotcms.contenttype.test.ContentResourceTest" time="1.284"/>
  <testcase name="testGetContentWithRelatedParameter[0: com.dotcms.contenttype.test.ContentResourceTest$PullRelatedTestCase@1a5c3845]" classname="com.dotcms.contenttype.test.ContentResourceTest" time="3.532"/>
  <testcase name="testGetContentWithRelatedParameter[1: com.dotcms.contenttype.test.ContentResourceTest$PullRelatedTestCase@71d135d8]" classname="com.dotcms.contenttype.test.ContentResourceTest" time="3.402"/>
  <testcase name="testGetContentWithRelatedParameter[2: com.dotcms.contenttype.test.ContentResourceTest$PullRelatedTestCase@3d7c26b0]" classname="com.dotcms.contenttype.test.ContentResourceTest" time="3.743"/>
  <testcase name="testGetContentWithRelatedParameter[3: com.dotcms.contenttype.test.ContentResourceTest$PullRelatedTestCase@341764cd]" classname="com.dotcms.contenttype.test.ContentResourceTest" time="3.415"/>
  <testcase name="testGetContentWithRelatedParameter[4: com.dotcms.contenttype.test.ContentResourceTest$PullRelatedTestCase@4f72ec1a]" classname="com.dotcms.contenttype.test.ContentResourceTest" time="3.393"/>
  <testcase name="test_getContent_SelfRelatedWith3LevelsOfDepth_shouldReturnRelationships" classname="com.dotcms.contenttype.test.ContentResourceTest" time="1.311"/>
  <testcase name="Test_Save_Action_Send_Fields_SubSet_Issue_15340" classname="com.dotcms.contenttype.test.ContentResourceTest" time="2.841"/>
  <testcase name="test_getContent_shouldReturnRelationships[0: com.dotcms.contenttype.test.ContentResourceTest$TestCase@37f57fd9]" classname="com.dotcms.contenttype.test.ContentResourceTest" time="2.66"/>
  <testcase name="test_getContent_shouldReturnRelationships[1: com.dotcms.contenttype.test.ContentResourceTest$TestCase@6b609631]" classname="com.dotcms.contenttype.test.ContentResourceTest" time="2.781"/>
  <testcase name="test_getContent_shouldReturnRelationships[2: com.dotcms.contenttype.test.ContentResourceTest$TestCase@64deb69c]" classname="com.dotcms.contenttype.test.ContentResourceTest" time="2.899"/>
  <testcase name="test_getContent_shouldReturnRelationships[3: com.dotcms.contenttype.test.ContentResourceTest$TestCase@3c949421]" classname="com.dotcms.contenttype.test.ContentResourceTest" time="1.869"/>
  <testcase name="test_getContent_shouldReturnRelationships[4: com.dotcms.contenttype.test.ContentResourceTest$TestCase@20032fdd]" classname="com.dotcms.contenttype.test.ContentResourceTest" time="2.854"/>
  <testcase name="test_getContent_shouldReturnRelationships[5: com.dotcms.contenttype.test.ContentResourceTest$TestCase@4f3df4f2]" classname="com.dotcms.contenttype.test.ContentResourceTest" time="2.779"/>
  <testcase name="test_getContent_shouldReturnRelationships[6: com.dotcms.contenttype.test.ContentResourceTest$TestCase@5ec6c1df]" classname="com.dotcms.contenttype.test.ContentResourceTest" time="2.694"/>
  <testcase name="test_getContent_shouldReturnRelationships[7: com.dotcms.contenttype.test.ContentResourceTest$TestCase@466b73ba]" classname="com.dotcms.contenttype.test.ContentResourceTest" time="2.622"/>
  <testcase name="test_getContent_shouldReturnRelationships[8: com.dotcms.contenttype.test.ContentResourceTest$TestCase@7fafc16d]" classname="com.dotcms.contenttype.test.ContentResourceTest" time="2.782"/>
  <testcase name="test_getContent_shouldReturnRelationships[9: com.dotcms.contenttype.test.ContentResourceTest$TestCase@5f95200e]" classname="com.dotcms.contenttype.test.ContentResourceTest" time="2.967"/>
  <testcase name="test_getContent_shouldReturnRelationships[10: com.dotcms.contenttype.test.ContentResourceTest$TestCase@37b5da1a]" classname="com.dotcms.contenttype.test.ContentResourceTest" time="2.626"/>
  <testcase name="test_getContent_shouldReturnRelationships[11: com.dotcms.contenttype.test.ContentResourceTest$TestCase@2a5e99f5]" classname="com.dotcms.contenttype.test.ContentResourceTest" time="2.579"/>
  <testcase name="test_getContent_shouldReturnRelationships[12: com.dotcms.contenttype.test.ContentResourceTest$TestCase@2b7b817a]" classname="com.dotcms.contenttype.test.ContentResourceTest" time="2.571"/>
  <testcase name="test_getContent_shouldReturnRelationships[13: com.dotcms.contenttype.test.ContentResourceTest$TestCase@5d18414b]" classname="com.dotcms.contenttype.test.ContentResourceTest" time="2.544"/>
  <testcase name="test_getContent_shouldReturnRelationships[14: com.dotcms.contenttype.test.ContentResourceTest$TestCase@446435f8]" classname="com.dotcms.contenttype.test.ContentResourceTest" time="2.602"/>
  <testcase name="test_getContent_shouldReturnRelationships[15: com.dotcms.contenttype.test.ContentResourceTest$TestCase@1aab8db0]" classname="com.dotcms.contenttype.test.ContentResourceTest" time="3.627"/>
  <testcase name="test_getContent_shouldReturnRelationships[16: com.dotcms.contenttype.test.ContentResourceTest$TestCase@6d2cbfce]" classname="com.dotcms.contenttype.test.ContentResourceTest" time="3.591"/>
  <testcase name="test_getContent_shouldReturnRelationships[17: com.dotcms.contenttype.test.ContentResourceTest$TestCase@7221b939]" classname="com.dotcms.contenttype.test.ContentResourceTest" time="2.647"/>
  <testcase name="test_getContent_shouldReturnRelationships[18: com.dotcms.contenttype.test.ContentResourceTest$TestCase@170f8970]" classname="com.dotcms.contenttype.test.ContentResourceTest" time="3.159"/>
  <testcase name="test_getContent_shouldReturnRelationships[19: com.dotcms.contenttype.test.ContentResourceTest$TestCase@510f502c]" classname="com.dotcms.contenttype.test.ContentResourceTest" time="2.957"/>
  <testcase name="test_getContent_shouldReturnRelationships[20: com.dotcms.contenttype.test.ContentResourceTest$TestCase@59d5470c]" classname="com.dotcms.contenttype.test.ContentResourceTest" time="3.162"/>
  <testcase name="test_getContent_shouldReturnRelationships[21: com.dotcms.contenttype.test.ContentResourceTest$TestCase@2642d57e]" classname="com.dotcms.contenttype.test.ContentResourceTest" time="2.089"/>
  <testcase name="test_getContent_shouldReturnRelationships[22: com.dotcms.contenttype.test.ContentResourceTest$TestCase@4ded9ccf]" classname="com.dotcms.contenttype.test.ContentResourceTest" time="2.791"/>
  <testcase name="test_getContent_shouldReturnRelationships[23: com.dotcms.contenttype.test.ContentResourceTest$TestCase@66483b6e]" classname="com.dotcms.contenttype.test.ContentResourceTest" time="1.78"/>
  <testcase name="test_getContent_shouldReturnRelationships[24: com.dotcms.contenttype.test.ContentResourceTest$TestCase@1556ed8c]" classname="com.dotcms.contenttype.test.ContentResourceTest" time="3.017"/>
  <testcase name="test_getContent_shouldReturnRelationships[25: com.dotcms.contenttype.test.ContentResourceTest$TestCase@258f237d]" classname="com.dotcms.contenttype.test.ContentResourceTest" time="3.053"/>
  <testcase name="test_getContent_shouldReturnRelationships[26: com.dotcms.contenttype.test.ContentResourceTest$TestCase@425c8e7]" classname="com.dotcms.contenttype.test.ContentResourceTest" time="2.963"/>
  <testcase name="test_getContent_shouldReturnRelationships[27: com.dotcms.contenttype.test.ContentResourceTest$TestCase@23110046]" classname="com.dotcms.contenttype.test.ContentResourceTest" time="2.99"/>
  <testcase name="test_getContent_shouldReturnRelationships[28: com.dotcms.contenttype.test.ContentResourceTest$TestCase@189b325]" classname="com.dotcms.contenttype.test.ContentResourceTest" time="2.687"/>
  <testcase name="test_getContent_shouldReturnRelationships[29: com.dotcms.contenttype.test.ContentResourceTest$TestCase@5d41fca2]" classname="com.dotcms.contenttype.test.ContentResourceTest" time="2.674"/>
  <testcase name="test_getContent_shouldReturnRelationships[30: com.dotcms.contenttype.test.ContentResourceTest$TestCase@7789751d]" classname="com.dotcms.contenttype.test.ContentResourceTest" time="2.711"/>
  <testcase name="test_getContent_shouldReturnRelationships[31: com.dotcms.contenttype.test.ContentResourceTest$TestCase@5c31589a]" classname="com.dotcms.contenttype.test.ContentResourceTest" time="2.756"/>
  <testcase name="test_getContent_shouldReturnRelationships[32: com.dotcms.contenttype.test.ContentResourceTest$TestCase@10edc8a2]" classname="com.dotcms.contenttype.test.ContentResourceTest" time="3.624"/>
  <testcase name="test_getContent_shouldReturnRelationships[33: com.dotcms.contenttype.test.ContentResourceTest$TestCase@429b82f1]" classname="com.dotcms.contenttype.test.ContentResourceTest" time="3.778"/>
  <testcase name="testSinglePOST_InvalidParamsShouldReturn400[0: ({\n    &quot;stInode&quot; : &quot;InvalidValue&quot;,\n    &quot;numeric&quot; : &quot;0&quot;,\n    &quot;image&quot; : &quot;whatever&quot;\n}, Bad Request)]" classname="com.dotcms.contenttype.test.ContentResourceTest" time="0.868"/>
  <testcase name="testSinglePOST_InvalidParamsShouldReturn400[1: ({\n    &quot;numeric&quot; : &quot;0&quot;,\n    &quot;image&quot; : &quot;whatever&quot;\n}, Bad Request)]" classname="com.dotcms.contenttype.test.ContentResourceTest" time="0.863"/>
  <testcase name="Test_Save_Action_Set_Null_To_Required_NumericField_Issue_15340" classname="com.dotcms.contenttype.test.ContentResourceTest" time="0.889"/>
  <testcase name="Test_Save_Action_Remove_Image_Then_Verify_Fields_Were_Cleared_Issue_15340" classname="com.dotcms.contenttype.test.ContentResourceTest" time="3.713"/>
  <testcase name="test_getContentWithMultipleSelfRelated_shouldReturnRelationships[0: com.dotcms.contenttype.test.ContentResourceTest$PullSelfRelatedTestCase@282544e0]" classname="com.dotcms.contenttype.test.ContentResourceTest" time="1.576"/>
  <testcase name="test_getContentWithMultipleSelfRelated_shouldReturnRelationships[1: com.dotcms.contenttype.test.ContentResourceTest$PullSelfRelatedTestCase@56f3219e]" classname="com.dotcms.contenttype.test.ContentResourceTest" time="1.63"/>
  <testcase name="testGetContentWithAllCategoriesInfo[0: json]" classname="com.dotcms.contenttype.test.ContentResourceTest" time="2.414"/>
  <testcase name="testGetContentWithAllCategoriesInfo[1: xml]" classname="com.dotcms.contenttype.test.ContentResourceTest" time="2.431"/>
  <system-out><![CDATA[











]]></system-out>
  <system-err><![CDATA[]]></system-err>
</testsuite>
