<?xml version="1.0" encoding="UTF-8"?>
<testsuite name="com.dotcms.rest.elasticsearch.ESContentResourcePortletTest" tests="8" skipped="0" failures="0" errors="0" timestamp="2023-07-03T17:28:29" hostname="fv-az313-710" time="8.575">
  <properties/>
  <testcase name="test_search_includeGrandChildCategory_success" classname="com.dotcms.rest.elasticsearch.ESContentResourcePortletTest" time="1.348"/>
  <testcase name="testSearch[0: com.dotcms.rest.elasticsearch.ESContentResourcePortletTest$TestCase@28cce024]" classname="com.dotcms.rest.elasticsearch.ESContentResourcePortletTest" time="0.92"/>
  <testcase name="testSearch[1: com.dotcms.rest.elasticsearch.ESContentResourcePortletTest$TestCase@62346ed5]" classname="com.dotcms.rest.elasticsearch.ESContentResourcePortletTest" time="1.206"/>
  <testcase name="testSearch[2: com.dotcms.rest.elasticsearch.ESContentResourcePortletTest$TestCase@7cf20958]" classname="com.dotcms.rest.elasticsearch.ESContentResourcePortletTest" time="0.906"/>
  <testcase name="testSearch[3: com.dotcms.rest.elasticsearch.ESContentResourcePortletTest$TestCase@3f22ddac]" classname="com.dotcms.rest.elasticsearch.ESContentResourcePortletTest" time="1.196"/>
  <testcase name="testSearch[4: com.dotcms.rest.elasticsearch.ESContentResourcePortletTest$TestCase@70a0d7ac]" classname="com.dotcms.rest.elasticsearch.ESContentResourcePortletTest" time="1.202"/>
  <testcase name="testSearch[5: com.dotcms.rest.elasticsearch.ESContentResourcePortletTest$TestCase@31235dab]" classname="com.dotcms.rest.elasticsearch.ESContentResourcePortletTest" time="0.905"/>
  <testcase name="testSearch[6: com.dotcms.rest.elasticsearch.ESContentResourcePortletTest$TestCase@5d773a1e]" classname="com.dotcms.rest.elasticsearch.ESContentResourcePortletTest" time="0.892"/>
  <system-out><![CDATA[]]></system-out>
  <system-err><![CDATA[]]></system-err>
</testsuite>
