<?xml version="1.0" encoding="UTF-8"?>
<testsuite name="com.dotmarketing.business.RoleAPITest" tests="6" skipped="0" failures="0" errors="0" timestamp="2023-06-21T18:22:23" hostname="fv-az454-705" time="3.365">
  <properties/>
  <testcase name="test_equals_role_on_noRole__false_expected" classname="com.dotmarketing.business.RoleAPITest" time="0.001"/>
  <testcase name="test_equals_role_on_null__false_expected" classname="com.dotmarketing.business.RoleAPITest" time="0.001"/>
  <testcase name="test_equals_role__true_expected" classname="com.dotmarketing.business.RoleAPITest" time="0.0"/>
  <testcase name="test_isParentRole" classname="com.dotmarketing.business.RoleAPITest" time="0.177"/>
  <testcase name="testIsSiblingRole" classname="com.dotmarketing.business.RoleAPITest" time="0.126"/>
  <testcase name="loadRolesForUser" classname="com.dotmarketing.business.RoleAPITest" time="3.059"/>
  <system-out><![CDATA[]]></system-out>
  <system-err><![CDATA[]]></system-err>
</testsuite>
