<?xml version="1.0" encoding="UTF-8"?>
<testsuite name="com.dotmarketing.business.DeterministicIdentifierAPITest" tests="16" skipped="0" failures="0" errors="0" timestamp="2023-06-26T16:41:28" hostname="fv-az955-152" time="0.991">
  <properties/>
  <testcase name="Test_Category_Path_Seed_And_Id" classname="com.dotmarketing.business.DeterministicIdentifierAPITest" time="0.022"/>
  <testcase name="Test_Language_Deterministic_Id[0: LanguageTestCase{expectedSeed='Language:es:US', expectedHash=4913155, langCode='es', countryCode='US', country='United States'}]" classname="com.dotmarketing.business.DeterministicIdentifierAPITest" time="0.001"/>
  <testcase name="Test_Language_Deterministic_Id[1: LanguageTestCase{expectedSeed='Language:ep:', expectedHash=5292269, langCode='ep', countryCode='', country=''}]" classname="com.dotmarketing.business.DeterministicIdentifierAPITest" time="0.001"/>
  <testcase name="Test_Language_Deterministic_Id[2: LanguageTestCase{expectedSeed='Language:sg:SAG', expectedHash=4713118, langCode='sg', countryCode='SAG', country=''}]" classname="com.dotmarketing.business.DeterministicIdentifierAPITest" time="0.001"/>
  <testcase name="Test_Language_Deterministic_Id[3: LanguageTestCase{expectedSeed='Language:en:NZ', expectedHash=5382528, langCode='en', countryCode='NZ', country='New Zealand'}]" classname="com.dotmarketing.business.DeterministicIdentifierAPITest" time="0.0"/>
  <testcase name="Test_Category_None_Persisted_Category_Should_Return_Deterministic_Id" classname="com.dotmarketing.business.DeterministicIdentifierAPITest" time="0.002"/>
  <testcase name="Test_Asset_Generate_Deterministic_Id_Best_Effort[0: TestCase{versionable=my.host1687792307630.com, parent=System Host, expectedName='my.host1687792307630.com', expectedType='Host'}]" classname="com.dotmarketing.business.DeterministicIdentifierAPITest" time="0.002"/>
  <testcase name="Test_Asset_Generate_Deterministic_Id_Best_Effort[1: TestCase{versionable=com.dotmarketing.portlets.contentlet.model.Contentlet@450332ea[map={modDate=2023-06-26 15:11:48.594, fileName=file13566836651329749326.txt, title=file13566836651329749326.txt, inode=5e983194-5452-4b1e-9c65-5232379fdd3d, __IS_NEW_CONTENT__=true, disabledWYSIWYG=[], host=631ec1de-3515-4726-aedf-a2edc2549ad3, stInode=33888b6f-7a8e-4069-b1b6-5c1aa9d0a48d, owner=system, identifier=8b85922c-2798-4951-9cd7-80c991a6efcb, nullProperties=[wfExpireDate, wfPublishDate, wfActionAssign, wfActionId, wfActionComments, filterKey, whereToSend, wfNeverExpire, _path_to_move, timezoneId, iWantTo, wfPublishTime, wfExpireTime], languageId=1, fileAsset=/home/runner/work/core/custom/assets/5/e/5e983194-5452-4b1e-9c65-5232379fdd3d/fileAsset/file13566836651329749326.txt, folder=6b665595-0328-4906-8330-6315430263af, __disable_workflow__=true, sortOrder=0, modUser=system},lowIndexPriority=false,variantId=DEFAULT], parent=com.dotmarketing.portlets.folders.model.Folder@56a043d7[identifier=6b665595-0328-4906-8330-6315430263af,name=testName1687792308587,sortOrder=0,showOnMenu=false,hostId=631ec1de-3515-4726-aedf-a2edc2549ad3,type=folder,title=testTitle1687792308587,filesMasks=,defaultFileType=33888b6f-7a8e-4069-b1b6-5c1aa9d0a48d,modDate=2023-06-26 15:11:48.59,owner=&lt;null&gt;,iDate=2023-06-26 15:11:48.59,inode=6b665595-0328-4906-8330-6315430263af,path=/testName1687792308587/], expectedName='file13566836651329749326.txt', expectedType='FileAsset'}]" classname="com.dotmarketing.business.DeterministicIdentifierAPITest" time="0.002"/>
  <testcase name="Test_Asset_Generate_Deterministic_Id_Best_Effort[2: TestCase{versionable=com.dotmarketing.portlets.templates.model.Template@8fd867e5, parent=my.host1687792307630.com, expectedName='testTitle1687792308659', expectedType='Template'}]" classname="com.dotmarketing.business.DeterministicIdentifierAPITest" time="0.002"/>
  <testcase name="Test_Asset_Generate_Deterministic_Id_Best_Effort[3: TestCase{versionable=com.dotmarketing.portlets.htmlpageasset.model.HTMLPageAsset@4cfd8fd4[map={template=4a917706-c49a-4fd6-9ed0-2d24c95242a0, owner=system, identifier=71d150a2-8080-4128-9a39-1ddc0a517086, nullProperties=[wfExpireDate, wfPublishDate, wfActionAssign, wfActionId, wfActionComments, filterKey, whereToSend, wfNeverExpire, _path_to_move, timezoneId, iWantTo, wfPublishTime, wfExpireTime], modDate=2023-06-26 15:11:48.684, cachettl=0, _is_test_mode=true, languageId=1, title=test-page-title-1687792308679, httpsreq=, url=test-page-url-1687792308679, showOnMenu=, inode=508c93f9-1c13-4f9f-9290-6f86da02b34f, folder=6b665595-0328-4906-8330-6315430263af, disabledWYSIWYG=[], sortOrder=1, modUser=system, host=631ec1de-3515-4726-aedf-a2edc2549ad3, stInode=c541abb1-69b3-4bc5-8430-5e09e5239cc8, friendlyName=test-page-friendly-name-1687792308679},lowIndexPriority=false,variantId=DEFAULT], parent=com.dotmarketing.portlets.folders.model.Folder@56a043d7[identifier=6b665595-0328-4906-8330-6315430263af,name=testName1687792308587,sortOrder=0,showOnMenu=false,hostId=631ec1de-3515-4726-aedf-a2edc2549ad3,type=folder,title=testTitle1687792308587,filesMasks=,defaultFileType=33888b6f-7a8e-4069-b1b6-5c1aa9d0a48d,modDate=2023-06-26 15:11:48.59,owner=&lt;null&gt;,iDate=2023-06-26 15:11:48.59,inode=6b665595-0328-4906-8330-6315430263af,path=/testName1687792308587/], expectedName='test-page-url-1687792308679', expectedType='htmlpageasset'}]" classname="com.dotmarketing.business.DeterministicIdentifierAPITest" time="0.002"/>
  <testcase name="Test_Asset_Generate_Deterministic_Id_Best_Effort[4: TestCase{versionable=com.dotmarketing.portlets.contentlet.model.Contentlet@427aaf52[map={fileAsset2=/home/runner/work/core/custom/assets/7/2/72394a90-cfef-45fd-8a86-5c599e7b19cd/fileAsset2/test_binary1687792309569.png, modDate=2023-06-26 15:11:49.573, fileAsset1=/home/runner/work/core/custom/assets/7/2/72394a90-cfef-45fd-8a86-5c599e7b19cd/fileAsset1/test_binary1687792309568.jpg, title=blah, inode=72394a90-cfef-45fd-8a86-5c599e7b19cd, __IS_NEW_CONTENT__=true, disabledWYSIWYG=[], host=8a7d5e23-da1e-420a-b4f0-471e7da8ea2d, stInode=a673b3ff-c8d1-4c0c-86cc-9938ede1c7b9, owner=system, identifier=f97bd849-9daf-4557-811e-370739378526, nullProperties=[], languageId=1, image1=3d43d264-beec-4219-9e6e-64e7da6da91e, folder=SYSTEM_FOLDER, __disable_workflow__=true, sortOrder=0, modUser=system},lowIndexPriority=false,variantId=DEFAULT], parent=default, expectedName='test_binary1687792309568.jpg:test_binary1687792309569.png', expectedType='MultipleBinaries1687792308804'}]" classname="com.dotmarketing.business.DeterministicIdentifierAPITest" time="0.006"/>
  <testcase name="Test_Asset_Generate_Deterministic_Id_Best_Effort[5: TestCase{versionable=named0e50021f5 : keyTagd0e50021f5, parent=my.host1687792307630.com, expectedName='keyTagd0e50021f5', expectedType='persona'}]" classname="com.dotmarketing.business.DeterministicIdentifierAPITest" time="0.005"/>
  <testcase name="Test_Similar_Content_Type_Wont_Clash" classname="com.dotmarketing.business.DeterministicIdentifierAPITest" time="0.453"/>
  <testcase name="Test_Generate_Folder_Identifier" classname="com.dotmarketing.business.DeterministicIdentifierAPITest" time="0.478"/>
  <testcase name="Test_Generate_Content_Type_Identifier[0: ContentTypeTestCase{contentType=KeyValueContentType{name=Language Variable, id=f4d7c1b8-2c88-4071-abf1-a5328977b07d, description=Default Content Type for Language Variables, defaultType=false, fixed=true, iDate=Thu Aug 31 16:38:49 UTC 2017, system=true, versionable=true, variable=Languagevariable, modDate=Mon Jun 26 15:08:27 UTC 2023, host=SYSTEM_HOST, siteName=systemHost, icon=language, sortOrder=0, folder=SYSTEM_FOLDER, folderPath=/, markedForDeletion=false, multilingualable=false}, expectedName='Languagevariable', expectedType='KeyValue'}]" classname="com.dotmarketing.business.DeterministicIdentifierAPITest" time="0.009"/>
  <testcase name="Test_Generate_Content_Type_Identifier[1: ContentTypeTestCase{contentType=SimpleContentType{name=testName1687792309993, id=753c5b3d-302b-467a-823b-53d8e5490342, description=testDescription1687792309993, defaultType=false, fixed=false, iDate=Mon Jun 26 15:11:49 UTC 2023, system=false, versionable=true, multilingualable=false, variable=testVarname1687792309993, owner=system, modDate=Mon Jun 26 15:11:50 UTC 2023, host=8a7d5e23-da1e-420a-b4f0-471e7da8ea2d, siteName=default, icon=event_note, sortOrder=0, folder=SYSTEM_FOLDER, folderPath=/, requiredFields=[], markedForDeletion=false}, expectedName='testVarname1687792309993', expectedType='CONTENT'}]" classname="com.dotmarketing.business.DeterministicIdentifierAPITest" time="0.003"/>
  <system-out><![CDATA[]]></system-out>
  <system-err><![CDATA[]]></system-err>
</testsuite>
