<?xml version="1.0" encoding="UTF-8"?>
<testsuite name="com.dotcms.rest.elasticsearch.ESContentResourcePortletTest" tests="8" skipped="0" failures="0" errors="0" timestamp="2023-07-18T17:00:14" hostname="fv-az1234-907" time="7.979">
  <properties/>
  <testcase name="test_search_includeGrandChildCategory_success" classname="com.dotcms.rest.elasticsearch.ESContentResourcePortletTest" time="1.415"/>
  <testcase name="testSearch[0: com.dotcms.rest.elasticsearch.ESContentResourcePortletTest$TestCase@3063fd23]" classname="com.dotcms.rest.elasticsearch.ESContentResourcePortletTest" time="0.951"/>
  <testcase name="testSearch[1: com.dotcms.rest.elasticsearch.ESContentResourcePortletTest$TestCase@61ec3861]" classname="com.dotcms.rest.elasticsearch.ESContentResourcePortletTest" time="1.295"/>
  <testcase name="testSearch[2: com.dotcms.rest.elasticsearch.ESContentResourcePortletTest$TestCase@274cf11a]" classname="com.dotcms.rest.elasticsearch.ESContentResourcePortletTest" time="0.946"/>
  <testcase name="testSearch[3: com.dotcms.rest.elasticsearch.ESContentResourcePortletTest$TestCase@268b785e]" classname="com.dotcms.rest.elasticsearch.ESContentResourcePortletTest" time="0.257"/>
  <testcase name="testSearch[4: com.dotcms.rest.elasticsearch.ESContentResourcePortletTest$TestCase@9ae1349]" classname="com.dotcms.rest.elasticsearch.ESContentResourcePortletTest" time="1.247"/>
  <testcase name="testSearch[5: com.dotcms.rest.elasticsearch.ESContentResourcePortletTest$TestCase@9811d2d]" classname="com.dotcms.rest.elasticsearch.ESContentResourcePortletTest" time="0.945"/>
  <testcase name="testSearch[6: com.dotcms.rest.elasticsearch.ESContentResourcePortletTest$TestCase@4905e926]" classname="com.dotcms.rest.elasticsearch.ESContentResourcePortletTest" time="0.923"/>
  <system-out><![CDATA[]]></system-out>
  <system-err><![CDATA[]]></system-err>
</testsuite>
