<?xml version="1.0" encoding="UTF-8"?>
<testsuite name="com.dotcms.rest.api.v1.contenttype.ContentTypeResourceIssue15124Test" tests="1" skipped="0" failures="0" errors="0" timestamp="2023-07-14T21:37:56" hostname="fv-az358-465" time="5.556">
  <properties/>
  <testcase name="testMain" classname="com.dotcms.rest.api.v1.contenttype.ContentTypeResourceIssue15124Test" time="5.556"/>
  <system-out><![CDATA[]]></system-out>
  <system-err><![CDATA[]]></system-err>
</testsuite>
