<?xml version="1.0" encoding="UTF-8"?>
<testsuite name="com.dotcms.experiments.business.IndexRegexUrlPatterStrategyIntegrationTest" tests="5" skipped="0" failures="0" errors="0" timestamp="2023-07-21T04:45:13" hostname="fv-az256-498" time="9.991">
  <properties/>
  <testcase name="httpsRealRootIndexPageNotLocalhost" classname="com.dotcms.experiments.business.IndexRegexUrlPatterStrategyIntegrationTest" time="1.849"/>
  <testcase name="notIndexPage" classname="com.dotcms.experiments.business.IndexRegexUrlPatterStrategyIntegrationTest" time="2.231"/>
  <testcase name="realIndexPage" classname="com.dotcms.experiments.business.IndexRegexUrlPatterStrategyIntegrationTest" time="1.853"/>
  <testcase name="httpsRealRootIndexPage" classname="com.dotcms.experiments.business.IndexRegexUrlPatterStrategyIntegrationTest" time="2.149"/>
  <testcase name="realIndexPageNotLocalhost" classname="com.dotcms.experiments.business.IndexRegexUrlPatterStrategyIntegrationTest" time="1.909"/>
  <system-out><![CDATA[]]></system-out>
  <system-err><![CDATA[]]></system-err>
</testsuite>
