<?xml version="1.0" encoding="UTF-8"?>
<testsuite name="com.dotcms.enterprise.publishing.remote.bundler.ContainerBundlerTest" tests="4" skipped="0" failures="0" errors="0" timestamp="2023-06-28T21:12:07" hostname="fv-az216-796" time="0.041">
  <properties/>
  <testcase name="addContainerInBundle[0: com.dotcms.enterprise.publishing.remote.bundler.ContainerBundlerTest$TestCase@3386a624]" classname="com.dotcms.enterprise.publishing.remote.bundler.ContainerBundlerTest" time="0.018"/>
  <testcase name="addContainerInBundle[1: com.dotcms.enterprise.publishing.remote.bundler.ContainerBundlerTest$TestCase@63af62a]" classname="com.dotcms.enterprise.publishing.remote.bundler.ContainerBundlerTest" time="0.01"/>
  <testcase name="addContainerInBundle[2: com.dotcms.enterprise.publishing.remote.bundler.ContainerBundlerTest$TestCase@5aa9a58b]" classname="com.dotcms.enterprise.publishing.remote.bundler.ContainerBundlerTest" time="0.007"/>
  <testcase name="addContainerInBundle[3: com.dotcms.enterprise.publishing.remote.bundler.ContainerBundlerTest$TestCase@3a6ea2d3]" classname="com.dotcms.enterprise.publishing.remote.bundler.ContainerBundlerTest" time="0.006"/>
  <system-out><![CDATA[]]></system-out>
  <system-err><![CDATA[]]></system-err>
</testsuite>
