<?xml version="1.0" encoding="UTF-8"?>
<testsuite name="com.dotmarketing.portlets.containers.business.ContainerAPITest" tests="16" skipped="0" failures="0" errors="0" timestamp="2023-07-17T21:19:22" hostname="fv-az561-617" time="4.419">
  <properties/>
  <testcase name="deletingSystemContainer" classname="com.dotmarketing.portlets.containers.business.ContainerAPITest" time="0.005"/>
  <testcase name="delete" classname="com.dotmarketing.portlets.containers.business.ContainerAPITest" time="0.829"/>
  <testcase name="copyingSystemContainer" classname="com.dotmarketing.portlets.containers.business.ContainerAPITest" time="0.002"/>
  <testcase name="compareCountDeletedContainer" classname="com.dotmarketing.portlets.containers.business.ContainerAPITest" time="0.096"/>
  <testcase name="testCopy" classname="com.dotmarketing.portlets.containers.business.ContainerAPITest" time="0.963"/>
  <testcase name="gettingParentHostFromSystemContainer" classname="com.dotmarketing.portlets.containers.business.ContainerAPITest" time="0.007"/>
  <testcase name="savingSystemContainer" classname="com.dotmarketing.portlets.containers.business.ContainerAPITest" time="0.002"/>
  <testcase name="findContainerUsedBySpecificContentType" classname="com.dotmarketing.portlets.containers.business.ContainerAPITest" time="0.141"/>
  <testcase name="save" classname="com.dotmarketing.portlets.containers.business.ContainerAPITest" time="0.024"/>
  <testcase name="testFindContainersUnder" classname="com.dotmarketing.portlets.containers.business.ContainerAPITest" time="0.02"/>
  <testcase name="testFindContainersWithParent" classname="com.dotmarketing.portlets.containers.business.ContainerAPITest" time="1.727"/>
  <testcase name="testFindAllContainers" classname="com.dotmarketing.portlets.containers.business.ContainerAPITest" time="0.492"/>
  <testcase name="saveWithExistingIds" classname="com.dotmarketing.portlets.containers.business.ContainerAPITest" time="0.027"/>
  <testcase name="findContainersWithoutSystemContainer" classname="com.dotmarketing.portlets.containers.business.ContainerAPITest" time="0.025"/>
  <testcase name="findContainersWithSystemContainer" classname="com.dotmarketing.portlets.containers.business.ContainerAPITest" time="0.027"/>
  <testcase name="testFindContainers" classname="com.dotmarketing.portlets.containers.business.ContainerAPITest" time="0.02"/>
  <system-out><![CDATA[]]></system-out>
  <system-err><![CDATA[]]></system-err>
</testsuite>
