<?xml version="1.0" encoding="UTF-8"?>
<testsuite name="com.dotcms.rest.api.v1.vtl.VTLResourceIntegrationTest" tests="6" skipped="0" failures="0" errors="0" timestamp="2023-06-28T15:09:46" hostname="fv-az417-729" time="12.121">
  <properties/>
  <testcase name="testGet[0: com.dotcms.rest.api.v1.vtl.VTLResourceTestCase@7cd24308]" classname="com.dotcms.rest.api.v1.vtl.VTLResourceIntegrationTest" time="2.2"/>
  <testcase name="testGet[1: com.dotcms.rest.api.v1.vtl.VTLResourceTestCase@b86677f]" classname="com.dotcms.rest.api.v1.vtl.VTLResourceIntegrationTest" time="1.818"/>
  <testcase name="testGet[2: com.dotcms.rest.api.v1.vtl.VTLResourceTestCase@457bee2c]" classname="com.dotcms.rest.api.v1.vtl.VTLResourceIntegrationTest" time="2.145"/>
  <testcase name="testGet[3: com.dotcms.rest.api.v1.vtl.VTLResourceTestCase@3a4f2a98]" classname="com.dotcms.rest.api.v1.vtl.VTLResourceIntegrationTest" time="2.02"/>
  <testcase name="testGet[4: com.dotcms.rest.api.v1.vtl.VTLResourceTestCase@54ebe4da]" classname="com.dotcms.rest.api.v1.vtl.VTLResourceIntegrationTest" time="1.882"/>
  <testcase name="testGet[5: com.dotcms.rest.api.v1.vtl.VTLResourceTestCase@6c6ecca7]" classname="com.dotcms.rest.api.v1.vtl.VTLResourceIntegrationTest" time="2.056"/>
  <system-out><![CDATA[]]></system-out>
  <system-err><![CDATA[]]></system-err>
</testsuite>
