<?xml version="1.0" encoding="UTF-8"?>
<testsuite name="com.dotcms.rest.api.v1.vtl.VTLResourceIntegrationTest" tests="6" skipped="0" failures="0" errors="0" timestamp="2023-07-10T23:01:04" hostname="fv-az339-476" time="12.333">
  <properties/>
  <testcase name="testGet[0: com.dotcms.rest.api.v1.vtl.VTLResourceTestCase@7255cabb]" classname="com.dotcms.rest.api.v1.vtl.VTLResourceIntegrationTest" time="2.468"/>
  <testcase name="testGet[1: com.dotcms.rest.api.v1.vtl.VTLResourceTestCase@6f96ccc6]" classname="com.dotcms.rest.api.v1.vtl.VTLResourceIntegrationTest" time="1.996"/>
  <testcase name="testGet[2: com.dotcms.rest.api.v1.vtl.VTLResourceTestCase@19d60876]" classname="com.dotcms.rest.api.v1.vtl.VTLResourceIntegrationTest" time="1.918"/>
  <testcase name="testGet[3: com.dotcms.rest.api.v1.vtl.VTLResourceTestCase@3a2b2c3e]" classname="com.dotcms.rest.api.v1.vtl.VTLResourceIntegrationTest" time="2.1"/>
  <testcase name="testGet[4: com.dotcms.rest.api.v1.vtl.VTLResourceTestCase@667729d2]" classname="com.dotcms.rest.api.v1.vtl.VTLResourceIntegrationTest" time="1.894"/>
  <testcase name="testGet[5: com.dotcms.rest.api.v1.vtl.VTLResourceTestCase@3f5e3926]" classname="com.dotcms.rest.api.v1.vtl.VTLResourceIntegrationTest" time="1.956"/>
  <system-out><![CDATA[]]></system-out>
  <system-err><![CDATA[]]></system-err>
</testsuite>
