<?xml version="1.0" encoding="UTF-8"?>
<testsuite name="com.dotcms.enterprise.publishing.remote.bundler.FolderBundlerTest" tests="3" skipped="0" failures="0" errors="0" timestamp="2023-06-26T18:07:09" hostname="fv-az1242-413" time="0.017">
  <properties/>
  <testcase name="addFolderInBundle[0: com.dotcms.enterprise.publishing.remote.bundler.FolderBundlerTest$TestCase@34c25338]" classname="com.dotcms.enterprise.publishing.remote.bundler.FolderBundlerTest" time="0.006"/>
  <testcase name="addFolderInBundle[1: com.dotcms.enterprise.publishing.remote.bundler.FolderBundlerTest$TestCase@7b5879ee]" classname="com.dotcms.enterprise.publishing.remote.bundler.FolderBundlerTest" time="0.007"/>
  <testcase name="addFolderInBundle[2: com.dotcms.enterprise.publishing.remote.bundler.FolderBundlerTest$TestCase@cc9046b]" classname="com.dotcms.enterprise.publishing.remote.bundler.FolderBundlerTest" time="0.004"/>
  <system-out><![CDATA[]]></system-out>
  <system-err><![CDATA[]]></system-err>
</testsuite>
