<?xml version="1.0" encoding="UTF-8"?>
<testsuite name="com.dotmarketing.startup.runonce.Task210719CleanUpTitleFieldTest" tests="1" skipped="0" failures="0" errors="0" timestamp="2023-06-29T06:48:32" hostname="fv-az590-241" time="0.012">
  <properties/>
  <testcase name="testExecuteUpgrade" classname="com.dotmarketing.startup.runonce.Task210719CleanUpTitleFieldTest" time="0.012"/>
  <system-out><![CDATA[]]></system-out>
  <system-err><![CDATA[]]></system-err>
</testsuite>
