<?xml version="1.0" encoding="UTF-8"?>
<testsuite name="com.dotmarketing.portlets.workflows.actionlet.SaveContentActionletTest" tests="9" skipped="0" failures="0" errors="0" timestamp="2023-07-08T05:19:37" hostname="fv-az436-467" time="2.62">
  <properties/>
  <testcase name="test_Publish_With_Save_Contentlet[0: com.dotmarketing.portlets.workflows.actionlet.SaveContentActionletTest$TestCase@d84093f]" classname="com.dotmarketing.portlets.workflows.actionlet.SaveContentActionletTest" time="1.234"/>
  <testcase name="test_Publish_With_Save_Contentlet[1: com.dotmarketing.portlets.workflows.actionlet.SaveContentActionletTest$TestCase@426fbd7a]" classname="com.dotmarketing.portlets.workflows.actionlet.SaveContentActionletTest" time="1.244"/>
  <testcase name="test_Publish_With_Save_Contentlet[2: com.dotmarketing.portlets.workflows.actionlet.SaveContentActionletTest$TestCase@4c691475]" classname="com.dotmarketing.portlets.workflows.actionlet.SaveContentActionletTest" time="0.024"/>
  <testcase name="test_Publish_With_Save_Contentlet[3: com.dotmarketing.portlets.workflows.actionlet.SaveContentActionletTest$TestCase@6f1a5a80]" classname="com.dotmarketing.portlets.workflows.actionlet.SaveContentActionletTest" time="0.017"/>
  <testcase name="test_Publish_With_Save_Contentlet[4: com.dotmarketing.portlets.workflows.actionlet.SaveContentActionletTest$TestCase@427a7bad]" classname="com.dotmarketing.portlets.workflows.actionlet.SaveContentActionletTest" time="0.02"/>
  <testcase name="test_Publish_With_Save_Contentlet[5: com.dotmarketing.portlets.workflows.actionlet.SaveContentActionletTest$TestCase@7d419af5]" classname="com.dotmarketing.portlets.workflows.actionlet.SaveContentActionletTest" time="0.019"/>
  <testcase name="test_Publish_With_Save_Contentlet[6: com.dotmarketing.portlets.workflows.actionlet.SaveContentActionletTest$TestCase@790ff394]" classname="com.dotmarketing.portlets.workflows.actionlet.SaveContentActionletTest" time="0.025"/>
  <testcase name="test_Publish_With_Save_Contentlet[7: com.dotmarketing.portlets.workflows.actionlet.SaveContentActionletTest$TestCase@44fc686f]" classname="com.dotmarketing.portlets.workflows.actionlet.SaveContentActionletTest" time="0.016"/>
  <testcase name="test_Publish_With_Save_Contentlet[8: com.dotmarketing.portlets.workflows.actionlet.SaveContentActionletTest$TestCase@55cad44e]" classname="com.dotmarketing.portlets.workflows.actionlet.SaveContentActionletTest" time="0.016"/>
  <system-out><![CDATA[]]></system-out>
  <system-err><![CDATA[]]></system-err>
</testsuite>
