<?xml version="1.0" encoding="UTF-8"?>
<testsuite name="com.dotcms.rendering.velocity.viewtools.content.ContentMapTest" tests="4" skipped="0" failures="0" errors="0" timestamp="2023-07-20T04:53:57" hostname="fv-az450-410" time="10.364">
  <properties/>
  <testcase name="testGetDateFieldFromContentMap" classname="com.dotcms.rendering.velocity.viewtools.content.ContentMapTest" time="0.067"/>
  <testcase name="testGet_Field_Variable" classname="com.dotcms.rendering.velocity.viewtools.content.ContentMapTest" time="1.047"/>
  <testcase name="testGetRelationshipFieldFromContentMapWithMultilingualRelatedContent" classname="com.dotcms.rendering.velocity.viewtools.content.ContentMapTest" time="5.719"/>
  <testcase name="testGet_showCategories_AsAnonUser" classname="com.dotcms.rendering.velocity.viewtools.content.ContentMapTest" time="3.53"/>
  <system-out><![CDATA[]]></system-out>
  <system-err><![CDATA[]]></system-err>
</testsuite>
