<?xml version="1.0" encoding="UTF-8"?>
<testsuite name="com.dotcms.enterprise.publishing.remote.bundler.RuleBundlerTest" tests="2" skipped="0" failures="0" errors="0" timestamp="2023-06-30T16:27:24" hostname="fv-az674-164" time="0.019">
  <properties/>
  <testcase name="addRuleInBundle[0: com.dotcms.enterprise.publishing.remote.bundler.RuleBundlerTest$TestCase@f4b039d]" classname="com.dotcms.enterprise.publishing.remote.bundler.RuleBundlerTest" time="0.01"/>
  <testcase name="addRuleInBundle[1: com.dotcms.enterprise.publishing.remote.bundler.RuleBundlerTest$TestCase@6f73ded3]" classname="com.dotcms.enterprise.publishing.remote.bundler.RuleBundlerTest" time="0.008"/>
  <system-out><![CDATA[]]></system-out>
  <system-err><![CDATA[]]></system-err>
</testsuite>
