<?xml version="1.0" encoding="UTF-8"?>
<testsuite name="com.dotmarketing.servlets.ajax.AjaxDirectorServletIntegrationTest" tests="2" skipped="0" failures="0" errors="0" timestamp="2023-06-28T17:32:15" hostname="fv-az842-670" time="1.407">
  <properties/>
  <testcase name="testService[0: com.dotmarketing.servlets.ajax.AjaxDirectorServletTestCase@56206973]" classname="com.dotmarketing.servlets.ajax.AjaxDirectorServletIntegrationTest" time="0.863"/>
  <testcase name="testService[1: com.dotmarketing.servlets.ajax.AjaxDirectorServletTestCase@73c27ea7]" classname="com.dotmarketing.servlets.ajax.AjaxDirectorServletIntegrationTest" time="0.544"/>
  <system-out><![CDATA[]]></system-out>
  <system-err><![CDATA[]]></system-err>
</testsuite>
