<?xml version="1.0" encoding="UTF-8"?>
<testsuite name="com.dotcms.storage.StoragePersistenceAPITest" tests="18" skipped="0" failures="0" errors="0" timestamp="2023-07-18T20:37:26" hostname="fv-az344-517" time="1.805">
  <properties/>
  <testcase name="Test_Get_Provider_By_StorageType" classname="com.dotcms.storage.StoragePersistenceAPITest" time="0.008"/>
  <testcase name="Test_Replace_Entry[0: TestCase{storageType=FILE_SYSTEM, groupName='H7QwgTq50u', path='any-path', file=testFile12947066795073394997.bin}]" classname="com.dotcms.storage.StoragePersistenceAPITest" time="0.001"/>
  <testcase name="Test_Replace_Entry[1: TestCase{storageType=DB, groupName='H7QwgTq50u', path='any-path', file=testFile12947066795073394997.bin}]" classname="com.dotcms.storage.StoragePersistenceAPITest" time="0.078"/>
  <testcase name="Test_Pull_File_Different_Casing[0: TestCase{storageType=FILE_SYSTEM, groupName='H7QwgTq50u', path='any-path', file=testFile12947066795073394997.bin}]" classname="com.dotcms.storage.StoragePersistenceAPITest" time="0.001"/>
  <testcase name="Test_Pull_File_Different_Casing[1: TestCase{storageType=DB, groupName='H7QwgTq50u', path='any-path', file=testFile12947066795073394997.bin}]" classname="com.dotcms.storage.StoragePersistenceAPITest" time="0.009"/>
  <testcase name="Test_Get_Default_Provider" classname="com.dotcms.storage.StoragePersistenceAPITest" time="0.001"/>
  <testcase name="Test_Attempt_Push_Same_Binary_Twice[0: TestCase{storageType=FILE_SYSTEM, groupName='b1sW6D7kqI', path='imageFilePath', file=test_image2.png}]" classname="com.dotcms.storage.StoragePersistenceAPITest" time="0.003"/>
  <testcase name="Test_Attempt_Push_Same_Binary_Twice[1: TestCase{storageType=DB, groupName='b1sW6D7kqI', path='imageFilePath', file=test_image2.png}]" classname="com.dotcms.storage.StoragePersistenceAPITest" time="0.01"/>
  <testcase name="Test_Delete_Object_Version[0: TestCase{storageType=FILE_SYSTEM, groupName='QqsECkvtx5', path='fixed-large-file-path', file=testFile10749772136045072272.bin}]" classname="com.dotcms.storage.StoragePersistenceAPITest" time="0.345"/>
  <testcase name="Test_Delete_Object_Version[1: TestCase{storageType=DB, groupName='QqsECkvtx5', path='fixed-large-file-path', file=testFile10749772136045072272.bin}]" classname="com.dotcms.storage.StoragePersistenceAPITest" time="1.039"/>
  <testcase name="Test_Storage_Push_File_Then_Recover_Then_Remove_Group[0: TestCase{storageType=FILE_SYSTEM, groupName='fixed-group-name', path='textFilePath', file=test.txt}]" classname="com.dotcms.storage.StoragePersistenceAPITest" time="0.004"/>
  <testcase name="Test_Storage_Push_File_Then_Recover_Then_Remove_Group[1: TestCase{storageType=FILE_SYSTEM, groupName='fixed-group-name', path='imageFilePath', file=test_image1.jpg}]" classname="com.dotcms.storage.StoragePersistenceAPITest" time="0.001"/>
  <testcase name="Test_Storage_Push_File_Then_Recover_Then_Remove_Group[2: TestCase{storageType=DB, groupName='fixed-group-name', path='textFilePath', file=test.txt}]" classname="com.dotcms.storage.StoragePersistenceAPITest" time="0.011"/>
  <testcase name="Test_Storage_Push_File_Then_Recover_Then_Remove_Group[3: TestCase{storageType=DB, groupName='fixed-group-name', path='imageFilePath', file=test_image1.jpg}]" classname="com.dotcms.storage.StoragePersistenceAPITest" time="0.101"/>
  <testcase name="Test_Attempt_Create_Dupe_Group[0: TestCase{storageType=FILE_SYSTEM, groupName='Cn1wEVhPBz', path='null', file=n/a}]" classname="com.dotcms.storage.StoragePersistenceAPITest" time="0.001"/>
  <testcase name="Test_Attempt_Create_Dupe_Group[1: TestCase{storageType=DB, groupName='Cn1wEVhPBz', path='null', file=n/a}]" classname="com.dotcms.storage.StoragePersistenceAPITest" time="0.003"/>
  <testcase name="Test_Push_Large_File[0: TestCase{storageType=FILE_SYSTEM, groupName='QqsECkvtx5', path='fixed-large-file-path', file=testFile10749772136045072272.bin}]" classname="com.dotcms.storage.StoragePersistenceAPITest" time="0.052"/>
  <testcase name="Test_Push_Large_File[1: TestCase{storageType=DB, groupName='QqsECkvtx5', path='fixed-large-file-path', file=testFile10749772136045072272.bin}]" classname="com.dotcms.storage.StoragePersistenceAPITest" time="0.135"/>
  <system-out><![CDATA[]]></system-out>
  <system-err><![CDATA[]]></system-err>
</testsuite>
