<?xml version="1.0" encoding="UTF-8"?>
<testsuite name="com.dotmarketing.util.TestConfig" tests="2" skipped="0" failures="0" errors="0" timestamp="2023-06-30T21:25:36" hostname="fv-az389-28" time="0.004">
  <properties/>
  <testcase name="test_getCustomArrayProperty_no_exists" classname="com.dotmarketing.util.TestConfig" time="0.003"/>
  <testcase name="test_getCustomArrayProperty_exists" classname="com.dotmarketing.util.TestConfig" time="0.001"/>
  <system-out><![CDATA[]]></system-out>
  <system-err><![CDATA[]]></system-err>
</testsuite>
