<?xml version="1.0" encoding="UTF-8"?>
<testsuite name="com.dotcms.rest.TagResourceIntegrationTest" tests="4" skipped="0" failures="0" errors="0" timestamp="2023-06-29T05:43:58" hostname="fv-az590-241" time="0.439">
  <properties/>
  <testcase name="testList[0: com.dotcms.rest.TagResourceTestCase@199d9c82]" classname="com.dotcms.rest.TagResourceIntegrationTest" time="0.343"/>
  <testcase name="testList[1: com.dotcms.rest.TagResourceTestCase@2d46236a]" classname="com.dotcms.rest.TagResourceIntegrationTest" time="0.033"/>
  <testcase name="testList[2: com.dotcms.rest.TagResourceTestCase@6238e696]" classname="com.dotcms.rest.TagResourceIntegrationTest" time="0.034"/>
  <testcase name="testList[3: com.dotcms.rest.TagResourceTestCase@35c695af]" classname="com.dotcms.rest.TagResourceIntegrationTest" time="0.028"/>
  <system-out><![CDATA[]]></system-out>
  <system-err><![CDATA[Jun 29, 2023 5:43:59 AM com.dotcms.repackage.org.hibernate.validator.internal.util.Version <clinit>
INFO: HV000001: Hibernate Validator 4.3.2.Final
]]></system-err>
</testsuite>
