<?xml version="1.0" encoding="UTF-8"?>
<testsuite name="com.dotmarketing.portlets.folders.business.FolderAPITest" tests="91" skipped="0" failures="0" errors="0" timestamp="2023-07-15T00:16:49" hostname="fv-az1107-746" time="61.2">
  <properties/>
  <testcase name="testGetLinks" classname="com.dotmarketing.portlets.folders.business.FolderAPITest" time="2.256"/>
  <testcase name="testSave_BlacklistedName_NotAtRootLevel_ShouldSucceed[0: META-INF]" classname="com.dotmarketing.portlets.folders.business.FolderAPITest" time="0.012"/>
  <testcase name="testSave_BlacklistedName_NotAtRootLevel_ShouldSucceed[1: assets]" classname="com.dotmarketing.portlets.folders.business.FolderAPITest" time="0.009"/>
  <testcase name="testSave_BlacklistedName_NotAtRootLevel_ShouldSucceed[2: custom_elements]" classname="com.dotmarketing.portlets.folders.business.FolderAPITest" time="0.008"/>
  <testcase name="testSave_BlacklistedName_NotAtRootLevel_ShouldSucceed[3: email_backups]" classname="com.dotmarketing.portlets.folders.business.FolderAPITest" time="0.008"/>
  <testcase name="testSave_BlacklistedName_NotAtRootLevel_ShouldSucceed[4: dotcms]" classname="com.dotmarketing.portlets.folders.business.FolderAPITest" time="0.007"/>
  <testcase name="testSave_BlacklistedName_NotAtRootLevel_ShouldSucceed[5: dotAdmin]" classname="com.dotmarketing.portlets.folders.business.FolderAPITest" time="0.008"/>
  <testcase name="testSave_BlacklistedName_NotAtRootLevel_ShouldSucceed[6: html]" classname="com.dotmarketing.portlets.folders.business.FolderAPITest" time="0.007"/>
  <testcase name="testSave_BlacklistedName_NotAtRootLevel_ShouldSucceed[7: DOTSASS]" classname="com.dotmarketing.portlets.folders.business.FolderAPITest" time="0.007"/>
  <testcase name="testSave_BlacklistedName_NotAtRootLevel_ShouldSucceed[8: DOTLESS]" classname="com.dotmarketing.portlets.folders.business.FolderAPITest" time="0.006"/>
  <testcase name="testSave_BlacklistedName_NotAtRootLevel_ShouldSucceed[9: WEB-INF]" classname="com.dotmarketing.portlets.folders.business.FolderAPITest" time="0.007"/>
  <testcase name="testSave_BlacklistedName_NotAtRootLevel_ShouldSucceed[10: portal]" classname="com.dotmarketing.portlets.folders.business.FolderAPITest" time="0.008"/>
  <testcase name="test_findFolderByPath_Admin_PathisNull_returnNullFolder" classname="com.dotmarketing.portlets.folders.business.FolderAPITest" time="0.0"/>
  <testcase name="delete" classname="com.dotmarketing.portlets.folders.business.FolderAPITest" time="2.587"/>
  <testcase name="testFindSubFoldersByParent_parentIsFolder" classname="com.dotmarketing.portlets.folders.business.FolderAPITest" time="1.172"/>
  <testcase name="testFindSubFoldersByHost" classname="com.dotmarketing.portlets.folders.business.FolderAPITest" time="1.008"/>
  <testcase name="test_findFolderByPath_UserNoPermissionsOverFolder_returnDotSecurityException" classname="com.dotmarketing.portlets.folders.business.FolderAPITest" time="2.956"/>
  <testcase name="testFindFoldersByHost" classname="com.dotmarketing.portlets.folders.business.FolderAPITest" time="1.105"/>
  <testcase name="testRename_BlacklistedName_NotAtRootLevel_ShouldSucceed[0: META-INF]" classname="com.dotmarketing.portlets.folders.business.FolderAPITest" time="0.016"/>
  <testcase name="testRename_BlacklistedName_NotAtRootLevel_ShouldSucceed[1: assets]" classname="com.dotmarketing.portlets.folders.business.FolderAPITest" time="0.011"/>
  <testcase name="testRename_BlacklistedName_NotAtRootLevel_ShouldSucceed[2: custom_elements]" classname="com.dotmarketing.portlets.folders.business.FolderAPITest" time="0.009"/>
  <testcase name="testRename_BlacklistedName_NotAtRootLevel_ShouldSucceed[3: email_backups]" classname="com.dotmarketing.portlets.folders.business.FolderAPITest" time="0.01"/>
  <testcase name="testRename_BlacklistedName_NotAtRootLevel_ShouldSucceed[4: dotcms]" classname="com.dotmarketing.portlets.folders.business.FolderAPITest" time="0.009"/>
  <testcase name="testRename_BlacklistedName_NotAtRootLevel_ShouldSucceed[5: dotAdmin]" classname="com.dotmarketing.portlets.folders.business.FolderAPITest" time="0.009"/>
  <testcase name="testRename_BlacklistedName_NotAtRootLevel_ShouldSucceed[6: html]" classname="com.dotmarketing.portlets.folders.business.FolderAPITest" time="0.009"/>
  <testcase name="testRename_BlacklistedName_NotAtRootLevel_ShouldSucceed[7: DOTSASS]" classname="com.dotmarketing.portlets.folders.business.FolderAPITest" time="0.008"/>
  <testcase name="testRename_BlacklistedName_NotAtRootLevel_ShouldSucceed[8: DOTLESS]" classname="com.dotmarketing.portlets.folders.business.FolderAPITest" time="0.013"/>
  <testcase name="testRename_BlacklistedName_NotAtRootLevel_ShouldSucceed[9: WEB-INF]" classname="com.dotmarketing.portlets.folders.business.FolderAPITest" time="0.008"/>
  <testcase name="testRename_BlacklistedName_NotAtRootLevel_ShouldSucceed[10: portal]" classname="com.dotmarketing.portlets.folders.business.FolderAPITest" time="0.009"/>
  <testcase name="move_to_existing_destination" classname="com.dotmarketing.portlets.folders.business.FolderAPITest" time="4.566"/>
  <testcase name="deleteFolderWithContentTypeInIt" classname="com.dotmarketing.portlets.folders.business.FolderAPITest" time="0.069"/>
  <testcase name="testCreateFolders_AtRootLevel_BlacklistedName_ShouldFail[0: META-INF]" classname="com.dotmarketing.portlets.folders.business.FolderAPITest" time="0.004"/>
  <testcase name="testCreateFolders_AtRootLevel_BlacklistedName_ShouldFail[1: assets]" classname="com.dotmarketing.portlets.folders.business.FolderAPITest" time="0.003"/>
  <testcase name="testCreateFolders_AtRootLevel_BlacklistedName_ShouldFail[2: custom_elements]" classname="com.dotmarketing.portlets.folders.business.FolderAPITest" time="0.003"/>
  <testcase name="testCreateFolders_AtRootLevel_BlacklistedName_ShouldFail[3: email_backups]" classname="com.dotmarketing.portlets.folders.business.FolderAPITest" time="0.002"/>
  <testcase name="testCreateFolders_AtRootLevel_BlacklistedName_ShouldFail[4: dotcms]" classname="com.dotmarketing.portlets.folders.business.FolderAPITest" time="0.003"/>
  <testcase name="testCreateFolders_AtRootLevel_BlacklistedName_ShouldFail[5: dotAdmin]" classname="com.dotmarketing.portlets.folders.business.FolderAPITest" time="0.002"/>
  <testcase name="testCreateFolders_AtRootLevel_BlacklistedName_ShouldFail[6: html]" classname="com.dotmarketing.portlets.folders.business.FolderAPITest" time="0.003"/>
  <testcase name="testCreateFolders_AtRootLevel_BlacklistedName_ShouldFail[7: DOTSASS]" classname="com.dotmarketing.portlets.folders.business.FolderAPITest" time="0.002"/>
  <testcase name="testCreateFolders_AtRootLevel_BlacklistedName_ShouldFail[8: DOTLESS]" classname="com.dotmarketing.portlets.folders.business.FolderAPITest" time="0.002"/>
  <testcase name="testCreateFolders_AtRootLevel_BlacklistedName_ShouldFail[9: WEB-INF]" classname="com.dotmarketing.portlets.folders.business.FolderAPITest" time="0.003"/>
  <testcase name="testCreateFolders_AtRootLevel_BlacklistedName_ShouldFail[10: portal]" classname="com.dotmarketing.portlets.folders.business.FolderAPITest" time="0.002"/>
  <testcase name="testFindThemes" classname="com.dotmarketing.portlets.folders.business.FolderAPITest" time="0.01"/>
  <testcase name="createFolderWithoutAndWithoutTitle" classname="com.dotmarketing.portlets.folders.business.FolderAPITest" time="0.029"/>
  <testcase name="testSave_BlacklistedName_ShouldFail[0: META-INF]" classname="com.dotmarketing.portlets.folders.business.FolderAPITest" time="0.006"/>
  <testcase name="testSave_BlacklistedName_ShouldFail[1: assets]" classname="com.dotmarketing.portlets.folders.business.FolderAPITest" time="0.006"/>
  <testcase name="testSave_BlacklistedName_ShouldFail[2: custom_elements]" classname="com.dotmarketing.portlets.folders.business.FolderAPITest" time="0.005"/>
  <testcase name="testSave_BlacklistedName_ShouldFail[3: email_backups]" classname="com.dotmarketing.portlets.folders.business.FolderAPITest" time="0.006"/>
  <testcase name="testSave_BlacklistedName_ShouldFail[4: dotcms]" classname="com.dotmarketing.portlets.folders.business.FolderAPITest" time="0.006"/>
  <testcase name="testSave_BlacklistedName_ShouldFail[5: dotAdmin]" classname="com.dotmarketing.portlets.folders.business.FolderAPITest" time="0.006"/>
  <testcase name="testSave_BlacklistedName_ShouldFail[6: html]" classname="com.dotmarketing.portlets.folders.business.FolderAPITest" time="0.006"/>
  <testcase name="testSave_BlacklistedName_ShouldFail[7: DOTSASS]" classname="com.dotmarketing.portlets.folders.business.FolderAPITest" time="0.006"/>
  <testcase name="testSave_BlacklistedName_ShouldFail[8: DOTLESS]" classname="com.dotmarketing.portlets.folders.business.FolderAPITest" time="0.005"/>
  <testcase name="testSave_BlacklistedName_ShouldFail[9: WEB-INF]" classname="com.dotmarketing.portlets.folders.business.FolderAPITest" time="0.008"/>
  <testcase name="testSave_BlacklistedName_ShouldFail[10: portal]" classname="com.dotmarketing.portlets.folders.business.FolderAPITest" time="0.006"/>
  <testcase name="test_copyFolder_contentWithLiveAndWorkingVersionsAndMultilingual" classname="com.dotmarketing.portlets.folders.business.FolderAPITest" time="7.4"/>
  <testcase name="renameFolder" classname="com.dotmarketing.portlets.folders.business.FolderAPITest" time="0.131"/>
  <testcase name="test_findFolderByPath_UserWithPermissionsOverFolderAndHost_success" classname="com.dotmarketing.portlets.folders.business.FolderAPITest" time="2.73"/>
  <testcase name="testCopyToHost_BlacklistedName_ShouldFail[0: META-INF]" classname="com.dotmarketing.portlets.folders.business.FolderAPITest" time="1.098"/>
  <testcase name="testCopyToHost_BlacklistedName_ShouldFail[1: assets]" classname="com.dotmarketing.portlets.folders.business.FolderAPITest" time="0.994"/>
  <testcase name="testCopyToHost_BlacklistedName_ShouldFail[2: custom_elements]" classname="com.dotmarketing.portlets.folders.business.FolderAPITest" time="1.011"/>
  <testcase name="testCopyToHost_BlacklistedName_ShouldFail[3: email_backups]" classname="com.dotmarketing.portlets.folders.business.FolderAPITest" time="1.028"/>
  <testcase name="testCopyToHost_BlacklistedName_ShouldFail[4: dotcms]" classname="com.dotmarketing.portlets.folders.business.FolderAPITest" time="1.02"/>
  <testcase name="testCopyToHost_BlacklistedName_ShouldFail[5: dotAdmin]" classname="com.dotmarketing.portlets.folders.business.FolderAPITest" time="1.047"/>
  <testcase name="testCopyToHost_BlacklistedName_ShouldFail[6: html]" classname="com.dotmarketing.portlets.folders.business.FolderAPITest" time="1.034"/>
  <testcase name="testCopyToHost_BlacklistedName_ShouldFail[7: DOTSASS]" classname="com.dotmarketing.portlets.folders.business.FolderAPITest" time="0.991"/>
  <testcase name="testCopyToHost_BlacklistedName_ShouldFail[8: DOTLESS]" classname="com.dotmarketing.portlets.folders.business.FolderAPITest" time="1.014"/>
  <testcase name="testCopyToHost_BlacklistedName_ShouldFail[9: WEB-INF]" classname="com.dotmarketing.portlets.folders.business.FolderAPITest" time="1.033"/>
  <testcase name="testCopyToHost_BlacklistedName_ShouldFail[10: portal]" classname="com.dotmarketing.portlets.folders.business.FolderAPITest" time="1.019"/>
  <testcase name="testFindSubFolders" classname="com.dotmarketing.portlets.folders.business.FolderAPITest" time="0.051"/>
  <testcase name="copy" classname="com.dotmarketing.portlets.folders.business.FolderAPITest" time="11.48"/>
  <testcase name="move" classname="com.dotmarketing.portlets.folders.business.FolderAPITest" time="4.622"/>
  <testcase name="test_findFolderByPath_Admin_success" classname="com.dotmarketing.portlets.folders.business.FolderAPITest" time="0.947"/>
  <testcase name="testCopyFolderDoesNotDuplicateContent" classname="com.dotmarketing.portlets.folders.business.FolderAPITest" time="2.724"/>
  <testcase name="test_findFolderByPath_UserNoPermissionsOverHost_returnDotSecurityException" classname="com.dotmarketing.portlets.folders.business.FolderAPITest" time="1.032"/>
  <testcase name="testFindSubFoldersTitleSort" classname="com.dotmarketing.portlets.folders.business.FolderAPITest" time="0.038"/>
  <testcase name="test_findFolderByPath_Admin_HostisNull_returnNullFolder" classname="com.dotmarketing.portlets.folders.business.FolderAPITest" time="0.0"/>
  <testcase name="testExists" classname="com.dotmarketing.portlets.folders.business.FolderAPITest" time="0.283"/>
  <testcase name="testRename_BlacklistedName_ShouldFail[0: META-INF]" classname="com.dotmarketing.portlets.folders.business.FolderAPITest" time="0.009"/>
  <testcase name="testRename_BlacklistedName_ShouldFail[1: assets]" classname="com.dotmarketing.portlets.folders.business.FolderAPITest" time="0.006"/>
  <testcase name="testRename_BlacklistedName_ShouldFail[2: custom_elements]" classname="com.dotmarketing.portlets.folders.business.FolderAPITest" time="0.006"/>
  <testcase name="testRename_BlacklistedName_ShouldFail[3: email_backups]" classname="com.dotmarketing.portlets.folders.business.FolderAPITest" time="0.007"/>
  <testcase name="testRename_BlacklistedName_ShouldFail[4: dotcms]" classname="com.dotmarketing.portlets.folders.business.FolderAPITest" time="0.006"/>
  <testcase name="testRename_BlacklistedName_ShouldFail[5: dotAdmin]" classname="com.dotmarketing.portlets.folders.business.FolderAPITest" time="0.006"/>
  <testcase name="testRename_BlacklistedName_ShouldFail[6: html]" classname="com.dotmarketing.portlets.folders.business.FolderAPITest" time="0.006"/>
  <testcase name="testRename_BlacklistedName_ShouldFail[7: DOTSASS]" classname="com.dotmarketing.portlets.folders.business.FolderAPITest" time="0.007"/>
  <testcase name="testRename_BlacklistedName_ShouldFail[8: DOTLESS]" classname="com.dotmarketing.portlets.folders.business.FolderAPITest" time="0.007"/>
  <testcase name="testRename_BlacklistedName_ShouldFail[9: WEB-INF]" classname="com.dotmarketing.portlets.folders.business.FolderAPITest" time="0.007"/>
  <testcase name="testRename_BlacklistedName_ShouldFail[10: portal]" classname="com.dotmarketing.portlets.folders.business.FolderAPITest" time="0.007"/>
  <testcase name="testFindSubFoldersByParent_parentIsHost" classname="com.dotmarketing.portlets.folders.business.FolderAPITest" time="0.957"/>
  <testcase name="test_folders_inherit_the_filetypes_of_their_parents" classname="com.dotmarketing.portlets.folders.business.FolderAPITest" time="1.362"/>
  <system-out><![CDATA[]]></system-out>
  <system-err><![CDATA[]]></system-err>
</testsuite>
