<?xml version="1.0" encoding="UTF-8"?>
<testsuite name="com.dotcms.filters.VanityUrlFilterTest" tests="6" skipped="0" failures="0" errors="0" timestamp="2023-07-12T19:56:54" hostname="fv-az1241-832" time="30.975">
  <properties/>
  <testcase name="test_that_vanity_url_filter_handles_proxy_requests" classname="com.dotcms.filters.VanityUrlFilterTest" time="5.366"/>
  <testcase name="test_cache_flush_does_not_break_vanities" classname="com.dotcms.filters.VanityUrlFilterTest" time="5.145"/>
  <testcase name="test_vanity_trailing_slash_200_success" classname="com.dotcms.filters.VanityUrlFilterTest" time="5.06"/>
  <testcase name="test_that_vanity_url_filter_adds_vanity_as_request_attribute" classname="com.dotcms.filters.VanityUrlFilterTest" time="5.234"/>
  <testcase name="test_vanity_trailing_slash_301_success" classname="com.dotcms.filters.VanityUrlFilterTest" time="4.994"/>
  <testcase name="test_that_vanity_url_filter_handles_redirects" classname="com.dotcms.filters.VanityUrlFilterTest" time="5.176"/>
  <system-out><![CDATA[]]></system-out>
  <system-err><![CDATA[]]></system-err>
</testsuite>
