<?xml version="1.0" encoding="UTF-8"?>
<testsuite name="com.dotcms.rendering.velocity.viewtools.content.util.ContentUtilsTest" tests="89" skipped="0" failures="0" errors="0" timestamp="2023-07-19T03:10:01" hostname="fv-az365-508" time="400.042">
  <properties/>
  <testcase name="whenTheTimeMachineDateIsNullAndPublishDateInFutureShouldNotReturnAnything" classname="com.dotcms.rendering.velocity.viewtools.content.util.ContentUtilsTest" time="3.126"/>
  <testcase name="test_find_multilingual_contentlet_getContentletSuccessfully" classname="com.dotcms.rendering.velocity.viewtools.content.util.ContentUtilsTest" time="1.983"/>
  <testcase name="whenTheTimeMachineDateAndPublishDateAreTomorrowShouldReturnOneContent" classname="com.dotcms.rendering.velocity.viewtools.content.util.ContentUtilsTest" time="3.127"/>
  <testcase name="testPullRelated[0: com.dotcms.rendering.velocity.viewtools.content.util.ContentUtilsTest$TestCase@116f523c]" classname="com.dotcms.rendering.velocity.viewtools.content.util.ContentUtilsTest" time="3.769"/>
  <testcase name="testPullRelated[1: com.dotcms.rendering.velocity.viewtools.content.util.ContentUtilsTest$TestCase@3bd487a]" classname="com.dotcms.rendering.velocity.viewtools.content.util.ContentUtilsTest" time="4.04"/>
  <testcase name="testPullRelated[2: com.dotcms.rendering.velocity.viewtools.content.util.ContentUtilsTest$TestCase@19945d95]" classname="com.dotcms.rendering.velocity.viewtools.content.util.ContentUtilsTest" time="4.175"/>
  <testcase name="testPullRelated[3: com.dotcms.rendering.velocity.viewtools.content.util.ContentUtilsTest$TestCase@55d456d4]" classname="com.dotcms.rendering.velocity.viewtools.content.util.ContentUtilsTest" time="3.755"/>
  <testcase name="testPullRelated[4: com.dotcms.rendering.velocity.viewtools.content.util.ContentUtilsTest$TestCase@3ec110e0]" classname="com.dotcms.rendering.velocity.viewtools.content.util.ContentUtilsTest" time="4.358"/>
  <testcase name="testPullRelated[5: com.dotcms.rendering.velocity.viewtools.content.util.ContentUtilsTest$TestCase@575661da]" classname="com.dotcms.rendering.velocity.viewtools.content.util.ContentUtilsTest" time="3.69"/>
  <testcase name="testPullRelated[6: com.dotcms.rendering.velocity.viewtools.content.util.ContentUtilsTest$TestCase@6c95f650]" classname="com.dotcms.rendering.velocity.viewtools.content.util.ContentUtilsTest" time="3.297"/>
  <testcase name="testPullRelated[7: com.dotcms.rendering.velocity.viewtools.content.util.ContentUtilsTest$TestCase@1b006fe0]" classname="com.dotcms.rendering.velocity.viewtools.content.util.ContentUtilsTest" time="3.043"/>
  <testcase name="testPullRelated[8: com.dotcms.rendering.velocity.viewtools.content.util.ContentUtilsTest$TestCase@2df02a70]" classname="com.dotcms.rendering.velocity.viewtools.content.util.ContentUtilsTest" time="3.077"/>
  <testcase name="testPullRelated[9: com.dotcms.rendering.velocity.viewtools.content.util.ContentUtilsTest$TestCase@49ccc6a5]" classname="com.dotcms.rendering.velocity.viewtools.content.util.ContentUtilsTest" time="3.941"/>
  <testcase name="testPullRelated[10: com.dotcms.rendering.velocity.viewtools.content.util.ContentUtilsTest$TestCase@a289eba]" classname="com.dotcms.rendering.velocity.viewtools.content.util.ContentUtilsTest" time="4.458"/>
  <testcase name="testPullRelated[11: com.dotcms.rendering.velocity.viewtools.content.util.ContentUtilsTest$TestCase@12cf9f70]" classname="com.dotcms.rendering.velocity.viewtools.content.util.ContentUtilsTest" time="3.958"/>
  <testcase name="testPullRelated[12: com.dotcms.rendering.velocity.viewtools.content.util.ContentUtilsTest$TestCase@3ec094f3]" classname="com.dotcms.rendering.velocity.viewtools.content.util.ContentUtilsTest" time="4.118"/>
  <testcase name="testPullRelated[13: com.dotcms.rendering.velocity.viewtools.content.util.ContentUtilsTest$TestCase@11169460]" classname="com.dotcms.rendering.velocity.viewtools.content.util.ContentUtilsTest" time="4.002"/>
  <testcase name="testPullRelated[14: com.dotcms.rendering.velocity.viewtools.content.util.ContentUtilsTest$TestCase@5f0515b6]" classname="com.dotcms.rendering.velocity.viewtools.content.util.ContentUtilsTest" time="3.084"/>
  <testcase name="testPullRelated[15: com.dotcms.rendering.velocity.viewtools.content.util.ContentUtilsTest$TestCase@315f3539]" classname="com.dotcms.rendering.velocity.viewtools.content.util.ContentUtilsTest" time="3.932"/>
  <testcase name="testPullRelated[16: com.dotcms.rendering.velocity.viewtools.content.util.ContentUtilsTest$TestCase@b8258ed]" classname="com.dotcms.rendering.velocity.viewtools.content.util.ContentUtilsTest" time="4.111"/>
  <testcase name="testPullRelated[17: com.dotcms.rendering.velocity.viewtools.content.util.ContentUtilsTest$TestCase@2e126869]" classname="com.dotcms.rendering.velocity.viewtools.content.util.ContentUtilsTest" time="3.192"/>
  <testcase name="testPullRelated[18: com.dotcms.rendering.velocity.viewtools.content.util.ContentUtilsTest$TestCase@59cd70b8]" classname="com.dotcms.rendering.velocity.viewtools.content.util.ContentUtilsTest" time="3.074"/>
  <testcase name="testPullRelated[19: com.dotcms.rendering.velocity.viewtools.content.util.ContentUtilsTest$TestCase@11f36045]" classname="com.dotcms.rendering.velocity.viewtools.content.util.ContentUtilsTest" time="3.999"/>
  <testcase name="testPullRelated[20: com.dotcms.rendering.velocity.viewtools.content.util.ContentUtilsTest$TestCase@82f17a6]" classname="com.dotcms.rendering.velocity.viewtools.content.util.ContentUtilsTest" time="3.948"/>
  <testcase name="testPullRelated[21: com.dotcms.rendering.velocity.viewtools.content.util.ContentUtilsTest$TestCase@354377ea]" classname="com.dotcms.rendering.velocity.viewtools.content.util.ContentUtilsTest" time="3.993"/>
  <testcase name="testPullRelated[22: com.dotcms.rendering.velocity.viewtools.content.util.ContentUtilsTest$TestCase@7b9994a]" classname="com.dotcms.rendering.velocity.viewtools.content.util.ContentUtilsTest" time="4.01"/>
  <testcase name="testPullRelated[23: com.dotcms.rendering.velocity.viewtools.content.util.ContentUtilsTest$TestCase@dc220b0]" classname="com.dotcms.rendering.velocity.viewtools.content.util.ContentUtilsTest" time="4.318"/>
  <testcase name="testPullRelated[24: com.dotcms.rendering.velocity.viewtools.content.util.ContentUtilsTest$TestCase@7da08489]" classname="com.dotcms.rendering.velocity.viewtools.content.util.ContentUtilsTest" time="3.775"/>
  <testcase name="testPullRelated[25: com.dotcms.rendering.velocity.viewtools.content.util.ContentUtilsTest$TestCase@53f250f0]" classname="com.dotcms.rendering.velocity.viewtools.content.util.ContentUtilsTest" time="4.237"/>
  <testcase name="testPullRelated[26: com.dotcms.rendering.velocity.viewtools.content.util.ContentUtilsTest$TestCase@184af00d]" classname="com.dotcms.rendering.velocity.viewtools.content.util.ContentUtilsTest" time="4.237"/>
  <testcase name="testPullRelated[27: com.dotcms.rendering.velocity.viewtools.content.util.ContentUtilsTest$TestCase@4119414]" classname="com.dotcms.rendering.velocity.viewtools.content.util.ContentUtilsTest" time="2.828"/>
  <testcase name="testPullRelated[28: com.dotcms.rendering.velocity.viewtools.content.util.ContentUtilsTest$TestCase@7decccd3]" classname="com.dotcms.rendering.velocity.viewtools.content.util.ContentUtilsTest" time="4.261"/>
  <testcase name="testPullRelated[29: com.dotcms.rendering.velocity.viewtools.content.util.ContentUtilsTest$TestCase@3cd8764e]" classname="com.dotcms.rendering.velocity.viewtools.content.util.ContentUtilsTest" time="2.866"/>
  <testcase name="testPullRelated[30: com.dotcms.rendering.velocity.viewtools.content.util.ContentUtilsTest$TestCase@735d3340]" classname="com.dotcms.rendering.velocity.viewtools.content.util.ContentUtilsTest" time="4.109"/>
  <testcase name="testPullRelated[31: com.dotcms.rendering.velocity.viewtools.content.util.ContentUtilsTest$TestCase@7be4a80b]" classname="com.dotcms.rendering.velocity.viewtools.content.util.ContentUtilsTest" time="3.058"/>
  <testcase name="testPullRelated[32: com.dotcms.rendering.velocity.viewtools.content.util.ContentUtilsTest$TestCase@60f569f0]" classname="com.dotcms.rendering.velocity.viewtools.content.util.ContentUtilsTest" time="3.932"/>
  <testcase name="testPullRelated[33: com.dotcms.rendering.velocity.viewtools.content.util.ContentUtilsTest$TestCase@1fe009a6]" classname="com.dotcms.rendering.velocity.viewtools.content.util.ContentUtilsTest" time="3.998"/>
  <testcase name="testPullRelated[34: com.dotcms.rendering.velocity.viewtools.content.util.ContentUtilsTest$TestCase@53dfe29]" classname="com.dotcms.rendering.velocity.viewtools.content.util.ContentUtilsTest" time="4.359"/>
  <testcase name="testPullRelated[35: com.dotcms.rendering.velocity.viewtools.content.util.ContentUtilsTest$TestCase@5b47aa75]" classname="com.dotcms.rendering.velocity.viewtools.content.util.ContentUtilsTest" time="3.739"/>
  <testcase name="testPullRelated[36: com.dotcms.rendering.velocity.viewtools.content.util.ContentUtilsTest$TestCase@1036e204]" classname="com.dotcms.rendering.velocity.viewtools.content.util.ContentUtilsTest" time="5.816"/>
  <testcase name="testPullRelated[37: com.dotcms.rendering.velocity.viewtools.content.util.ContentUtilsTest$TestCase@f84749d]" classname="com.dotcms.rendering.velocity.viewtools.content.util.ContentUtilsTest" time="6.579"/>
  <testcase name="testPullRelated[38: com.dotcms.rendering.velocity.viewtools.content.util.ContentUtilsTest$TestCase@65a20ff2]" classname="com.dotcms.rendering.velocity.viewtools.content.util.ContentUtilsTest" time="6.162"/>
  <testcase name="testPullRelated[39: com.dotcms.rendering.velocity.viewtools.content.util.ContentUtilsTest$TestCase@3500531]" classname="com.dotcms.rendering.velocity.viewtools.content.util.ContentUtilsTest" time="6.202"/>
  <testcase name="testPullRelated[40: com.dotcms.rendering.velocity.viewtools.content.util.ContentUtilsTest$TestCase@24d1e19d]" classname="com.dotcms.rendering.velocity.viewtools.content.util.ContentUtilsTest" time="5.249"/>
  <testcase name="testPullRelated[41: com.dotcms.rendering.velocity.viewtools.content.util.ContentUtilsTest$TestCase@8dd4906]" classname="com.dotcms.rendering.velocity.viewtools.content.util.ContentUtilsTest" time="5.857"/>
  <testcase name="testPullRelated[42: com.dotcms.rendering.velocity.viewtools.content.util.ContentUtilsTest$TestCase@7df51a70]" classname="com.dotcms.rendering.velocity.viewtools.content.util.ContentUtilsTest" time="6.164"/>
  <testcase name="testPullRelated[43: com.dotcms.rendering.velocity.viewtools.content.util.ContentUtilsTest$TestCase@7e0fe172]" classname="com.dotcms.rendering.velocity.viewtools.content.util.ContentUtilsTest" time="5.402"/>
  <testcase name="testPullRelated[44: com.dotcms.rendering.velocity.viewtools.content.util.ContentUtilsTest$TestCase@55f92a27]" classname="com.dotcms.rendering.velocity.viewtools.content.util.ContentUtilsTest" time="5.009"/>
  <testcase name="testPullRelated[45: com.dotcms.rendering.velocity.viewtools.content.util.ContentUtilsTest$TestCase@370edce7]" classname="com.dotcms.rendering.velocity.viewtools.content.util.ContentUtilsTest" time="5.81"/>
  <testcase name="testPullRelated[46: com.dotcms.rendering.velocity.viewtools.content.util.ContentUtilsTest$TestCase@62fd76ec]" classname="com.dotcms.rendering.velocity.viewtools.content.util.ContentUtilsTest" time="5.398"/>
  <testcase name="testPullRelated[47: com.dotcms.rendering.velocity.viewtools.content.util.ContentUtilsTest$TestCase@63780fb0]" classname="com.dotcms.rendering.velocity.viewtools.content.util.ContentUtilsTest" time="5.08"/>
  <testcase name="testPullRelated[48: com.dotcms.rendering.velocity.viewtools.content.util.ContentUtilsTest$TestCase@7fcca9ea]" classname="com.dotcms.rendering.velocity.viewtools.content.util.ContentUtilsTest" time="5.817"/>
  <testcase name="testPullRelated[49: com.dotcms.rendering.velocity.viewtools.content.util.ContentUtilsTest$TestCase@3ee4bb10]" classname="com.dotcms.rendering.velocity.viewtools.content.util.ContentUtilsTest" time="6.134"/>
  <testcase name="testPullRelated[50: com.dotcms.rendering.velocity.viewtools.content.util.ContentUtilsTest$TestCase@3727e036]" classname="com.dotcms.rendering.velocity.viewtools.content.util.ContentUtilsTest" time="5.301"/>
  <testcase name="testPullRelated[51: com.dotcms.rendering.velocity.viewtools.content.util.ContentUtilsTest$TestCase@14017ced]" classname="com.dotcms.rendering.velocity.viewtools.content.util.ContentUtilsTest" time="5.898"/>
  <testcase name="testPullRelated[52: com.dotcms.rendering.velocity.viewtools.content.util.ContentUtilsTest$TestCase@e18147e]" classname="com.dotcms.rendering.velocity.viewtools.content.util.ContentUtilsTest" time="5.156"/>
  <testcase name="testPullRelated[53: com.dotcms.rendering.velocity.viewtools.content.util.ContentUtilsTest$TestCase@153f1296]" classname="com.dotcms.rendering.velocity.viewtools.content.util.ContentUtilsTest" time="6.021"/>
  <testcase name="testPullRelated[54: com.dotcms.rendering.velocity.viewtools.content.util.ContentUtilsTest$TestCase@1d916657]" classname="com.dotcms.rendering.velocity.viewtools.content.util.ContentUtilsTest" time="6.024"/>
  <testcase name="testPullRelated[55: com.dotcms.rendering.velocity.viewtools.content.util.ContentUtilsTest$TestCase@2e8871c]" classname="com.dotcms.rendering.velocity.viewtools.content.util.ContentUtilsTest" time="6.374"/>
  <testcase name="testPullRelated[56: com.dotcms.rendering.velocity.viewtools.content.util.ContentUtilsTest$TestCase@4c9dd8db]" classname="com.dotcms.rendering.velocity.viewtools.content.util.ContentUtilsTest" time="5.013"/>
  <testcase name="testPullRelated[57: com.dotcms.rendering.velocity.viewtools.content.util.ContentUtilsTest$TestCase@21dbc87c]" classname="com.dotcms.rendering.velocity.viewtools.content.util.ContentUtilsTest" time="6.12"/>
  <testcase name="testPullRelated[58: com.dotcms.rendering.velocity.viewtools.content.util.ContentUtilsTest$TestCase@376eb1ce]" classname="com.dotcms.rendering.velocity.viewtools.content.util.ContentUtilsTest" time="6.187"/>
  <testcase name="testPullRelated[59: com.dotcms.rendering.velocity.viewtools.content.util.ContentUtilsTest$TestCase@71f80058]" classname="com.dotcms.rendering.velocity.viewtools.content.util.ContentUtilsTest" time="6.283"/>
  <testcase name="testPullRelated[60: com.dotcms.rendering.velocity.viewtools.content.util.ContentUtilsTest$TestCase@538155bc]" classname="com.dotcms.rendering.velocity.viewtools.content.util.ContentUtilsTest" time="5.953"/>
  <testcase name="testPullRelated[61: com.dotcms.rendering.velocity.viewtools.content.util.ContentUtilsTest$TestCase@2ce6ef98]" classname="com.dotcms.rendering.velocity.viewtools.content.util.ContentUtilsTest" time="6.046"/>
  <testcase name="testPullRelated[62: com.dotcms.rendering.velocity.viewtools.content.util.ContentUtilsTest$TestCase@6e44db0b]" classname="com.dotcms.rendering.velocity.viewtools.content.util.ContentUtilsTest" time="6.181"/>
  <testcase name="testPullRelated[63: com.dotcms.rendering.velocity.viewtools.content.util.ContentUtilsTest$TestCase@5f0ffc5b]" classname="com.dotcms.rendering.velocity.viewtools.content.util.ContentUtilsTest" time="5.139"/>
  <testcase name="testPullRelated[64: com.dotcms.rendering.velocity.viewtools.content.util.ContentUtilsTest$TestCase@67a6eb3]" classname="com.dotcms.rendering.velocity.viewtools.content.util.ContentUtilsTest" time="6.139"/>
  <testcase name="testPullRelated[65: com.dotcms.rendering.velocity.viewtools.content.util.ContentUtilsTest$TestCase@1d7bdbcb]" classname="com.dotcms.rendering.velocity.viewtools.content.util.ContentUtilsTest" time="5.873"/>
  <testcase name="testPullRelated[66: com.dotcms.rendering.velocity.viewtools.content.util.ContentUtilsTest$TestCase@552fd7ec]" classname="com.dotcms.rendering.velocity.viewtools.content.util.ContentUtilsTest" time="6.45"/>
  <testcase name="testPullRelated[67: com.dotcms.rendering.velocity.viewtools.content.util.ContentUtilsTest$TestCase@75e21436]" classname="com.dotcms.rendering.velocity.viewtools.content.util.ContentUtilsTest" time="5.955"/>
  <testcase name="testPullRelated[68: com.dotcms.rendering.velocity.viewtools.content.util.ContentUtilsTest$TestCase@2038e3cf]" classname="com.dotcms.rendering.velocity.viewtools.content.util.ContentUtilsTest" time="6.155"/>
  <testcase name="testPullRelated[69: com.dotcms.rendering.velocity.viewtools.content.util.ContentUtilsTest$TestCase@63ded180]" classname="com.dotcms.rendering.velocity.viewtools.content.util.ContentUtilsTest" time="5.967"/>
  <testcase name="testPullRelated[70: com.dotcms.rendering.velocity.viewtools.content.util.ContentUtilsTest$TestCase@4865eaa0]" classname="com.dotcms.rendering.velocity.viewtools.content.util.ContentUtilsTest" time="6.264"/>
  <testcase name="testPullRelated[71: com.dotcms.rendering.velocity.viewtools.content.util.ContentUtilsTest$TestCase@2d43143e]" classname="com.dotcms.rendering.velocity.viewtools.content.util.ContentUtilsTest" time="6.159"/>
  <testcase name="whenPublishAndExpireDatesAreInTheFutureAndTimeMachineIsAfterBoth" classname="com.dotcms.rendering.velocity.viewtools.content.util.ContentUtilsTest" time="3.268"/>
  <testcase name="testPullRelatedForLegacyRelationship[0: com.dotcms.rendering.velocity.viewtools.content.util.ContentUtilsTest$LegacyTestCase@4a02bcc2]" classname="com.dotcms.rendering.velocity.viewtools.content.util.ContentUtilsTest" time="4.237"/>
  <testcase name="testPullRelatedForLegacyRelationship[1: com.dotcms.rendering.velocity.viewtools.content.util.ContentUtilsTest$LegacyTestCase@5f4526d3]" classname="com.dotcms.rendering.velocity.viewtools.content.util.ContentUtilsTest" time="4.102"/>
  <testcase name="whenTheTimeMachineDateIsAfterTomorrowAndExpireDateIsTomorrowShouldNotReturnContent" classname="com.dotcms.rendering.velocity.viewtools.content.util.ContentUtilsTest" time="3.479"/>
  <testcase name="testPullLiveRelatedWhenLatestVersionIsWorking" classname="com.dotcms.rendering.velocity.viewtools.content.util.ContentUtilsTest" time="4.506"/>
  <testcase name="test_add_relationships_on_parent_children_related_contents" classname="com.dotcms.rendering.velocity.viewtools.content.util.ContentUtilsTest" time="1.624"/>
  <testcase name="testSortPullRelated[0: com.dotcms.rendering.velocity.viewtools.content.util.ContentUtilsTest$SortTestCase@3892e771]" classname="com.dotcms.rendering.velocity.viewtools.content.util.ContentUtilsTest" time="1.912"/>
  <testcase name="testSortPullRelated[1: com.dotcms.rendering.velocity.viewtools.content.util.ContentUtilsTest$SortTestCase@dc5e6b9]" classname="com.dotcms.rendering.velocity.viewtools.content.util.ContentUtilsTest" time="3.18"/>
  <testcase name="testSortPullRelated[2: com.dotcms.rendering.velocity.viewtools.content.util.ContentUtilsTest$SortTestCase@52febf6f]" classname="com.dotcms.rendering.velocity.viewtools.content.util.ContentUtilsTest" time="2.098"/>
  <testcase name="testSortPullRelated[3: com.dotcms.rendering.velocity.viewtools.content.util.ContentUtilsTest$SortTestCase@247b785d]" classname="com.dotcms.rendering.velocity.viewtools.content.util.ContentUtilsTest" time="3.067"/>
  <testcase name="testSortPullRelated[4: com.dotcms.rendering.velocity.viewtools.content.util.ContentUtilsTest$SortTestCase@b7daacc]" classname="com.dotcms.rendering.velocity.viewtools.content.util.ContentUtilsTest" time="3.158"/>
  <testcase name="testSortPullRelated[5: com.dotcms.rendering.velocity.viewtools.content.util.ContentUtilsTest$SortTestCase@292f7534]" classname="com.dotcms.rendering.velocity.viewtools.content.util.ContentUtilsTest" time="2.858"/>
  <testcase name="whenTheTimeMachineDateIsAfterTomorrowAndExpireDateIsInFutureShouldReturnContent" classname="com.dotcms.rendering.velocity.viewtools.content.util.ContentUtilsTest" time="3.329"/>
  <testcase name="testPullRelatedFieldShouldRespectDefaultOrder" classname="com.dotcms.rendering.velocity.viewtools.content.util.ContentUtilsTest" time="2.907"/>
  <system-out><![CDATA[]]></system-out>
  <system-err><![CDATA[]]></system-err>
</testsuite>
