<?xml version="1.0" encoding="UTF-8"?>
<testsuite name="com.dotcms.rest.api.v1.template.TemplateResourceTest" tests="32" skipped="0" failures="0" errors="0" timestamp="2023-07-01T00:35:30" hostname="fv-az487-783" time="61.746">
  <properties/>
  <testcase name="test_deleteTemplate_pageStillReferencingTemplate_failedToDelete" classname="com.dotcms.rest.api.v1.template.TemplateResourceTest" time="2.313"/>
  <testcase name="test_deleteTemplates_OneTemplateIdDoesNotExist_OneTemplateIdExists" classname="com.dotcms.rest.api.v1.template.TemplateResourceTest" time="1.742"/>
  <testcase name="test_archiveTemplate_templateIsWorking_success" classname="com.dotcms.rest.api.v1.template.TemplateResourceTest" time="1.212"/>
  <testcase name="test_publishTemplate_LimitedUserWithoutPublishPermissions_failedToPublish" classname="com.dotcms.rest.api.v1.template.TemplateResourceTest" time="1.839"/>
  <testcase name="test_unarchiveTemplate_templateIsLive_failedToUnArchived" classname="com.dotcms.rest.api.v1.template.TemplateResourceTest" time="1.214"/>
  <testcase name="test_unpublishTemplate_OneTemplateIdDoesNotExist_OneTemplateIdExists" classname="com.dotcms.rest.api.v1.template.TemplateResourceTest" time="1.115"/>
  <testcase name="test_publishTemplate_success" classname="com.dotcms.rest.api.v1.template.TemplateResourceTest" time="1.974"/>
  <testcase name="test_unarchiveTemplate_LimitedUserWithoutEditPermissions_failedToUnarchive" classname="com.dotcms.rest.api.v1.template.TemplateResourceTest" time="2.577"/>
  <testcase name="test_archiveTemplate_LimitedUserWithoutEditPermissions_failedToArchived" classname="com.dotcms.rest.api.v1.template.TemplateResourceTest" time="2.216"/>
  <testcase name="test_unpublishTemplate_templateIsArchived_failedToUnpublish" classname="com.dotcms.rest.api.v1.template.TemplateResourceTest" time="2.076"/>
  <testcase name="test_deleteTemplate_templateIsArchived_success" classname="com.dotcms.rest.api.v1.template.TemplateResourceTest" time="1.97"/>
  <testcase name="test_unpublishTemplate_success" classname="com.dotcms.rest.api.v1.template.TemplateResourceTest" time="1.214"/>
  <testcase name="test_unpublishTemplate_LimitedUserWithoutEditPermissions_failedToPublish" classname="com.dotcms.rest.api.v1.template.TemplateResourceTest" time="1.807"/>
  <testcase name="test_listTemplate_filterByHost_usingCurrentHost" classname="com.dotcms.rest.api.v1.template.TemplateResourceTest" time="2.377"/>
  <testcase name="test_unpublishTemplate_templateIsAlreadyUnpublished_success" classname="com.dotcms.rest.api.v1.template.TemplateResourceTest" time="2.713"/>
  <testcase name="test_unarchiveTemplate_templateIsWorking_failedToUnarchive" classname="com.dotcms.rest.api.v1.template.TemplateResourceTest" time="1.191"/>
  <testcase name="test_copyTemplate_success" classname="com.dotcms.rest.api.v1.template.TemplateResourceTest" time="1.042"/>
  <testcase name="test_copyTemplate_IdDoesNotBelongToAnyTemplate_failedToCopy" classname="com.dotcms.rest.api.v1.template.TemplateResourceTest" time="0.823"/>
  <testcase name="test_listTemplate_filterByHost" classname="com.dotcms.rest.api.v1.template.TemplateResourceTest" time="2.223"/>
  <testcase name="test_archiveTemplate_templateIsAlreadyArchived_success" classname="com.dotcms.rest.api.v1.template.TemplateResourceTest" time="1.818"/>
  <testcase name="test_archiveTemplates_OneTemplateIdDoesNotExist_OneTemplateIdExists" classname="com.dotcms.rest.api.v1.template.TemplateResourceTest" time="1.201"/>
  <testcase name="test_listTemplate_limitedUserNoREADPermissionsOverOneTemplate" classname="com.dotcms.rest.api.v1.template.TemplateResourceTest" time="3.245"/>
  <testcase name="test_deleteTemplate_LimitedUserWithoutEditPermissions_failedToDelete" classname="com.dotcms.rest.api.v1.template.TemplateResourceTest" time="3.555"/>
  <testcase name="test_publishTemplate_OneTemplateIdDoesNotExist_OneTemplateIdExists" classname="com.dotcms.rest.api.v1.template.TemplateResourceTest" time="1.285"/>
  <testcase name="test_unarchiveTemplates_OneTemplateIdDoesNotExist_OneTemplateIdExists" classname="com.dotcms.rest.api.v1.template.TemplateResourceTest" time="1.793"/>
  <testcase name="test_publishTemplate_templateIsAlreadyPublished_success" classname="com.dotcms.rest.api.v1.template.TemplateResourceTest" time="2.036"/>
  <testcase name="test_copyTemplate_LimitedUserWithoutReadPermissions_failedToCopy" classname="com.dotcms.rest.api.v1.template.TemplateResourceTest" time="2.116"/>
  <testcase name="legacyUUIDTemplate" classname="com.dotcms.rest.api.v1.template.TemplateResourceTest" time="4.701"/>
  <testcase name="test_archiveTemplate_templateIsLive_failedToArchive" classname="com.dotcms.rest.api.v1.template.TemplateResourceTest" time="1.494"/>
  <testcase name="test_publishTemplate_templateIsArchived_failedToPublish" classname="com.dotcms.rest.api.v1.template.TemplateResourceTest" time="1.825"/>
  <testcase name="test_deleteTemplate_templateIsLive_failedToDelete" classname="com.dotcms.rest.api.v1.template.TemplateResourceTest" time="1.217"/>
  <testcase name="test_unarchiveTemplate_templateIsArchived_success" classname="com.dotcms.rest.api.v1.template.TemplateResourceTest" time="1.819"/>
  <system-out><![CDATA[
]]></system-out>
  <system-err><![CDATA[]]></system-err>
</testsuite>
