<?xml version="1.0" encoding="UTF-8"?>
<testsuite name="com.dotcms.contenttype.test.ContentResourceTest" tests="52" skipped="0" failures="0" errors="0" timestamp="2023-06-26T18:56:02" hostname="fv-az404-370" time="133.221">
  <properties/>
  <testcase name="testGetContentShouldReturnIconDetails" classname="com.dotcms.contenttype.test.ContentResourceTest" time="1.442"/>
  <testcase name="Test_Save_Action_Set_Words_To_Required_NumericField_Issue_15340" classname="com.dotcms.contenttype.test.ContentResourceTest" time="0.869"/>
  <testcase name="test_getContent_includeGrandChildCategory_success" classname="com.dotcms.contenttype.test.ContentResourceTest" time="1.302"/>
  <testcase name="testGetContentWithRelatedParameter[0: com.dotcms.contenttype.test.ContentResourceTest$PullRelatedTestCase@14ef7615]" classname="com.dotcms.contenttype.test.ContentResourceTest" time="3.737"/>
  <testcase name="testGetContentWithRelatedParameter[1: com.dotcms.contenttype.test.ContentResourceTest$PullRelatedTestCase@47b5ee4a]" classname="com.dotcms.contenttype.test.ContentResourceTest" time="3.384"/>
  <testcase name="testGetContentWithRelatedParameter[2: com.dotcms.contenttype.test.ContentResourceTest$PullRelatedTestCase@5a0a782c]" classname="com.dotcms.contenttype.test.ContentResourceTest" time="3.442"/>
  <testcase name="testGetContentWithRelatedParameter[3: com.dotcms.contenttype.test.ContentResourceTest$PullRelatedTestCase@18a2af27]" classname="com.dotcms.contenttype.test.ContentResourceTest" time="3.237"/>
  <testcase name="testGetContentWithRelatedParameter[4: com.dotcms.contenttype.test.ContentResourceTest$PullRelatedTestCase@77122df8]" classname="com.dotcms.contenttype.test.ContentResourceTest" time="3.488"/>
  <testcase name="test_getContent_SelfRelatedWith3LevelsOfDepth_shouldReturnRelationships" classname="com.dotcms.contenttype.test.ContentResourceTest" time="1.318"/>
  <testcase name="Test_Save_Action_Send_Fields_SubSet_Issue_15340" classname="com.dotcms.contenttype.test.ContentResourceTest" time="2.836"/>
  <testcase name="test_getContent_shouldReturnRelationships[0: com.dotcms.contenttype.test.ContentResourceTest$TestCase@1f3d4aee]" classname="com.dotcms.contenttype.test.ContentResourceTest" time="2.75"/>
  <testcase name="test_getContent_shouldReturnRelationships[1: com.dotcms.contenttype.test.ContentResourceTest$TestCase@16ff9a3d]" classname="com.dotcms.contenttype.test.ContentResourceTest" time="2.769"/>
  <testcase name="test_getContent_shouldReturnRelationships[2: com.dotcms.contenttype.test.ContentResourceTest$TestCase@1b29d452]" classname="com.dotcms.contenttype.test.ContentResourceTest" time="2.746"/>
  <testcase name="test_getContent_shouldReturnRelationships[3: com.dotcms.contenttype.test.ContentResourceTest$TestCase@7d324722]" classname="com.dotcms.contenttype.test.ContentResourceTest" time="2.97"/>
  <testcase name="test_getContent_shouldReturnRelationships[4: com.dotcms.contenttype.test.ContentResourceTest$TestCase@8ad1850]" classname="com.dotcms.contenttype.test.ContentResourceTest" time="2.92"/>
  <testcase name="test_getContent_shouldReturnRelationships[5: com.dotcms.contenttype.test.ContentResourceTest$TestCase@6269550a]" classname="com.dotcms.contenttype.test.ContentResourceTest" time="2.648"/>
  <testcase name="test_getContent_shouldReturnRelationships[6: com.dotcms.contenttype.test.ContentResourceTest$TestCase@37b79651]" classname="com.dotcms.contenttype.test.ContentResourceTest" time="2.575"/>
  <testcase name="test_getContent_shouldReturnRelationships[7: com.dotcms.contenttype.test.ContentResourceTest$TestCase@5853ccd2]" classname="com.dotcms.contenttype.test.ContentResourceTest" time="2.597"/>
  <testcase name="test_getContent_shouldReturnRelationships[8: com.dotcms.contenttype.test.ContentResourceTest$TestCase@38dc2010]" classname="com.dotcms.contenttype.test.ContentResourceTest" time="1.67"/>
  <testcase name="test_getContent_shouldReturnRelationships[9: com.dotcms.contenttype.test.ContentResourceTest$TestCase@1035e304]" classname="com.dotcms.contenttype.test.ContentResourceTest" time="2.811"/>
  <testcase name="test_getContent_shouldReturnRelationships[10: com.dotcms.contenttype.test.ContentResourceTest$TestCase@1bbbfa4d]" classname="com.dotcms.contenttype.test.ContentResourceTest" time="2.493"/>
  <testcase name="test_getContent_shouldReturnRelationships[11: com.dotcms.contenttype.test.ContentResourceTest$TestCase@5dc880b4]" classname="com.dotcms.contenttype.test.ContentResourceTest" time="2.522"/>
  <testcase name="test_getContent_shouldReturnRelationships[12: com.dotcms.contenttype.test.ContentResourceTest$TestCase@4cde7bd]" classname="com.dotcms.contenttype.test.ContentResourceTest" time="2.57"/>
  <testcase name="test_getContent_shouldReturnRelationships[13: com.dotcms.contenttype.test.ContentResourceTest$TestCase@3b5f09e3]" classname="com.dotcms.contenttype.test.ContentResourceTest" time="2.578"/>
  <testcase name="test_getContent_shouldReturnRelationships[14: com.dotcms.contenttype.test.ContentResourceTest$TestCase@7f72e557]" classname="com.dotcms.contenttype.test.ContentResourceTest" time="2.567"/>
  <testcase name="test_getContent_shouldReturnRelationships[15: com.dotcms.contenttype.test.ContentResourceTest$TestCase@6626172d]" classname="com.dotcms.contenttype.test.ContentResourceTest" time="3.501"/>
  <testcase name="test_getContent_shouldReturnRelationships[16: com.dotcms.contenttype.test.ContentResourceTest$TestCase@dbde45b]" classname="com.dotcms.contenttype.test.ContentResourceTest" time="3.567"/>
  <testcase name="test_getContent_shouldReturnRelationships[17: com.dotcms.contenttype.test.ContentResourceTest$TestCase@4eeee41e]" classname="com.dotcms.contenttype.test.ContentResourceTest" time="2.816"/>
  <testcase name="test_getContent_shouldReturnRelationships[18: com.dotcms.contenttype.test.ContentResourceTest$TestCase@26dee8c9]" classname="com.dotcms.contenttype.test.ContentResourceTest" time="2.806"/>
  <testcase name="test_getContent_shouldReturnRelationships[19: com.dotcms.contenttype.test.ContentResourceTest$TestCase@70170c40]" classname="com.dotcms.contenttype.test.ContentResourceTest" time="2.802"/>
  <testcase name="test_getContent_shouldReturnRelationships[20: com.dotcms.contenttype.test.ContentResourceTest$TestCase@126aa125]" classname="com.dotcms.contenttype.test.ContentResourceTest" time="3.053"/>
  <testcase name="test_getContent_shouldReturnRelationships[21: com.dotcms.contenttype.test.ContentResourceTest$TestCase@2b9d6962]" classname="com.dotcms.contenttype.test.ContentResourceTest" time="2.869"/>
  <testcase name="test_getContent_shouldReturnRelationships[22: com.dotcms.contenttype.test.ContentResourceTest$TestCase@7ad44478]" classname="com.dotcms.contenttype.test.ContentResourceTest" time="2.681"/>
  <testcase name="test_getContent_shouldReturnRelationships[23: com.dotcms.contenttype.test.ContentResourceTest$TestCase@3269326e]" classname="com.dotcms.contenttype.test.ContentResourceTest" time="2.752"/>
  <testcase name="test_getContent_shouldReturnRelationships[24: com.dotcms.contenttype.test.ContentResourceTest$TestCase@75cdce8f]" classname="com.dotcms.contenttype.test.ContentResourceTest" time="2.79"/>
  <testcase name="test_getContent_shouldReturnRelationships[25: com.dotcms.contenttype.test.ContentResourceTest$TestCase@355b6f2d]" classname="com.dotcms.contenttype.test.ContentResourceTest" time="2.901"/>
  <testcase name="test_getContent_shouldReturnRelationships[26: com.dotcms.contenttype.test.ContentResourceTest$TestCase@6d741a7a]" classname="com.dotcms.contenttype.test.ContentResourceTest" time="2.119"/>
  <testcase name="test_getContent_shouldReturnRelationships[27: com.dotcms.contenttype.test.ContentResourceTest$TestCase@1675bff8]" classname="com.dotcms.contenttype.test.ContentResourceTest" time="2.769"/>
  <testcase name="test_getContent_shouldReturnRelationships[28: com.dotcms.contenttype.test.ContentResourceTest$TestCase@dd7b20f]" classname="com.dotcms.contenttype.test.ContentResourceTest" time="2.621"/>
  <testcase name="test_getContent_shouldReturnRelationships[29: com.dotcms.contenttype.test.ContentResourceTest$TestCase@631b969f]" classname="com.dotcms.contenttype.test.ContentResourceTest" time="2.707"/>
  <testcase name="test_getContent_shouldReturnRelationships[30: com.dotcms.contenttype.test.ContentResourceTest$TestCase@2ef1e74c]" classname="com.dotcms.contenttype.test.ContentResourceTest" time="2.678"/>
  <testcase name="test_getContent_shouldReturnRelationships[31: com.dotcms.contenttype.test.ContentResourceTest$TestCase@15c00715]" classname="com.dotcms.contenttype.test.ContentResourceTest" time="2.795"/>
  <testcase name="test_getContent_shouldReturnRelationships[32: com.dotcms.contenttype.test.ContentResourceTest$TestCase@25378868]" classname="com.dotcms.contenttype.test.ContentResourceTest" time="2.72"/>
  <testcase name="test_getContent_shouldReturnRelationships[33: com.dotcms.contenttype.test.ContentResourceTest$TestCase@1aa75d3f]" classname="com.dotcms.contenttype.test.ContentResourceTest" time="3.682"/>
  <testcase name="testSinglePOST_InvalidParamsShouldReturn400[0: ({\n    &quot;stInode&quot; : &quot;InvalidValue&quot;,\n    &quot;numeric&quot; : &quot;0&quot;,\n    &quot;image&quot; : &quot;whatever&quot;\n}, Bad Request)]" classname="com.dotcms.contenttype.test.ContentResourceTest" time="0.845"/>
  <testcase name="testSinglePOST_InvalidParamsShouldReturn400[1: ({\n    &quot;numeric&quot; : &quot;0&quot;,\n    &quot;image&quot; : &quot;whatever&quot;\n}, Bad Request)]" classname="com.dotcms.contenttype.test.ContentResourceTest" time="0.834"/>
  <testcase name="Test_Save_Action_Set_Null_To_Required_NumericField_Issue_15340" classname="com.dotcms.contenttype.test.ContentResourceTest" time="0.853"/>
  <testcase name="Test_Save_Action_Remove_Image_Then_Verify_Fields_Were_Cleared_Issue_15340" classname="com.dotcms.contenttype.test.ContentResourceTest" time="3.678"/>
  <testcase name="test_getContentWithMultipleSelfRelated_shouldReturnRelationships[0: com.dotcms.contenttype.test.ContentResourceTest$PullSelfRelatedTestCase@2ea04273]" classname="com.dotcms.contenttype.test.ContentResourceTest" time="1.678"/>
  <testcase name="test_getContentWithMultipleSelfRelated_shouldReturnRelationships[1: com.dotcms.contenttype.test.ContentResourceTest$PullSelfRelatedTestCase@37cdeb07]" classname="com.dotcms.contenttype.test.ContentResourceTest" time="1.558"/>
  <testcase name="testGetContentWithAllCategoriesInfo[0: json]" classname="com.dotcms.contenttype.test.ContentResourceTest" time="2.433"/>
  <testcase name="testGetContentWithAllCategoriesInfo[1: xml]" classname="com.dotcms.contenttype.test.ContentResourceTest" time="2.467"/>
  <system-out><![CDATA[











]]></system-out>
  <system-err><![CDATA[]]></system-err>
</testsuite>
