<?xml version="1.0" encoding="UTF-8"?>
<testsuite name="com.dotmarketing.servlets.ajax.AjaxDirectorServletIntegrationTest" tests="2" skipped="0" failures="0" errors="0" timestamp="2023-06-23T18:12:55" hostname="fv-az646-389" time="1.367">
  <properties/>
  <testcase name="testService[0: com.dotmarketing.servlets.ajax.AjaxDirectorServletTestCase@372a8238]" classname="com.dotmarketing.servlets.ajax.AjaxDirectorServletIntegrationTest" time="0.653"/>
  <testcase name="testService[1: com.dotmarketing.servlets.ajax.AjaxDirectorServletTestCase@622dfa03]" classname="com.dotmarketing.servlets.ajax.AjaxDirectorServletIntegrationTest" time="0.714"/>
  <system-out><![CDATA[]]></system-out>
  <system-err><![CDATA[]]></system-err>
</testsuite>
