<?xml version="1.0" encoding="UTF-8"?>
<testsuite name="com.dotcms.rest.api.v1.versionable.VersionableResourceTest" tests="24" skipped="0" failures="0" errors="0" timestamp="2023-06-30T17:45:03" hostname="fv-az797-168" time="35.858">
  <properties/>
  <testcase name="test_findVersion_inodeDoesNotExist_return404" classname="com.dotcms.rest.api.v1.versionable.VersionableResourceTest" time="0.809"/>
  <testcase name="test_restoreVersion_inodeDoesNotExist_return404" classname="com.dotcms.rest.api.v1.versionable.VersionableResourceTest" time="0.795"/>
  <testcase name="test_deleteVersion_limitedUserWithoutEditPermission_contentlet_return403" classname="com.dotcms.rest.api.v1.versionable.VersionableResourceTest" time="2.752"/>
  <testcase name="test_findAllVersions_container_success" classname="com.dotcms.rest.api.v1.versionable.VersionableResourceTest" time="1.191"/>
  <testcase name="test_findAllVersion_identifierDoesNotExist_return404" classname="com.dotcms.rest.api.v1.versionable.VersionableResourceTest" time="0.803"/>
  <testcase name="test_deleteVersion_limitedUserWithoutEditPermission_container_return403" classname="com.dotcms.rest.api.v1.versionable.VersionableResourceTest" time="1.967"/>
  <testcase name="test_findAllVersions_contentlet_success" classname="com.dotcms.rest.api.v1.versionable.VersionableResourceTest" time="1.379"/>
  <testcase name="test_findAllVersions_limitedUserWithoutViewPermission_contentlet_return403" classname="com.dotcms.rest.api.v1.versionable.VersionableResourceTest" time="2.728"/>
  <testcase name="test_deleteVersion_versionIsWorkingOrLive_container_return400" classname="com.dotcms.rest.api.v1.versionable.VersionableResourceTest" time="1.345"/>
  <testcase name="test_findVersion_contentlet_success" classname="com.dotcms.rest.api.v1.versionable.VersionableResourceTest" time="2.021"/>
  <testcase name="test_findVersion_template_success" classname="com.dotcms.rest.api.v1.versionable.VersionableResourceTest" time="0.941"/>
  <testcase name="test_restoreVersion_limitedUserWithoutEditPermission_container_return403" classname="com.dotcms.rest.api.v1.versionable.VersionableResourceTest" time="1.871"/>
  <testcase name="test_findVersion_limitedUserWithoutViewPermission_contentlet_return403" classname="com.dotcms.rest.api.v1.versionable.VersionableResourceTest" time="2.037"/>
  <testcase name="test_findVersion_container_success" classname="com.dotcms.rest.api.v1.versionable.VersionableResourceTest" time="1.212"/>
  <testcase name="test_findAllVersions_limitedUserWithoutViewPermission_template_return403" classname="com.dotcms.rest.api.v1.versionable.VersionableResourceTest" time="1.791"/>
  <testcase name="test_deleteVersion_container_success" classname="com.dotcms.rest.api.v1.versionable.VersionableResourceTest" time="1.269"/>
  <testcase name="test_findAllVersions_link_success" classname="com.dotcms.rest.api.v1.versionable.VersionableResourceTest" time="0.981"/>
  <testcase name="test_findVersion_link_success" classname="com.dotcms.rest.api.v1.versionable.VersionableResourceTest" time="1.041"/>
  <testcase name="test_deleteVersion_contentlet_success" classname="com.dotcms.rest.api.v1.versionable.VersionableResourceTest" time="1.095"/>
  <testcase name="test_restoreVersion_container_success" classname="com.dotcms.rest.api.v1.versionable.VersionableResourceTest" time="1.933"/>
  <testcase name="test_deleteVersion_versionIsWorkingOrLive_contentlet_return400" classname="com.dotcms.rest.api.v1.versionable.VersionableResourceTest" time="1.079"/>
  <testcase name="test_findVersion_limitedUserWithoutViewPermission_template_return403" classname="com.dotcms.rest.api.v1.versionable.VersionableResourceTest" time="1.746"/>
  <testcase name="test_findAllVersions_template_success" classname="com.dotcms.rest.api.v1.versionable.VersionableResourceTest" time="1.294"/>
  <testcase name="test_findVersion_limitedUserWithoutViewPermission_container_return403" classname="com.dotcms.rest.api.v1.versionable.VersionableResourceTest" time="1.776"/>
  <system-out><![CDATA[]]></system-out>
  <system-err><![CDATA[]]></system-err>
</testsuite>
