<?xml version="1.0" encoding="UTF-8"?>
<testsuite name="com.dotmarketing.portlets.categories.business.CategoryAPITest" tests="20" skipped="0" failures="0" errors="0" timestamp="2023-06-28T17:47:38" hostname="fv-az365-455" time="34.745">
  <properties/>
  <testcase name="test_isParent_givenGrandChildCategoryBelongsToParentCategory_returnTrue" classname="com.dotmarketing.portlets.categories.business.CategoryAPITest" time="0.03"/>
  <testcase name="verifyCache" classname="com.dotmarketing.portlets.categories.business.CategoryAPITest" time="0.038"/>
  <testcase name="test_save_createTopLevelCategory_asLimitedUser_withoutPermissions_throwDotSecurityException" classname="com.dotmarketing.portlets.categories.business.CategoryAPITest" time="0.714"/>
  <testcase name="testSortChildren" classname="com.dotmarketing.portlets.categories.business.CategoryAPITest" time="0.045"/>
  <testcase name="test_save_createSubCategory_asAdmin_success" classname="com.dotmarketing.portlets.categories.business.CategoryAPITest" time="0.012"/>
  <testcase name="test_save_createTopLevelCategory_asAdmin_success" classname="com.dotmarketing.portlets.categories.business.CategoryAPITest" time="0.005"/>
  <testcase name="test_save_createTopLevelCategory_asLimitedUser_success" classname="com.dotmarketing.portlets.categories.business.CategoryAPITest" time="14.678"/>
  <testcase name="test_save_createSubCategory_asLimitedUser_withoutPermissions_throwDotSecurityException" classname="com.dotmarketing.portlets.categories.business.CategoryAPITest" time="0.728"/>
  <testcase name="testDuplicatedCategories" classname="com.dotmarketing.portlets.categories.business.CategoryAPITest" time="0.008"/>
  <testcase name="getParents" classname="com.dotmarketing.portlets.categories.business.CategoryAPITest" time="3.034"/>
  <testcase name="test_Find_Categories_Within_ContentType" classname="com.dotmarketing.portlets.categories.business.CategoryAPITest" time="0.662"/>
  <testcase name="test_isParent_givenGrandChildCategoryThatNoBelongsToParentCategory_returnFalse" classname="com.dotmarketing.portlets.categories.business.CategoryAPITest" time="0.056"/>
  <testcase name="test_save_createTopLevelCategory_asLimitedUser_fail" classname="com.dotmarketing.portlets.categories.business.CategoryAPITest" time="12.416"/>
  <testcase name="findTopLevelCategories" classname="com.dotmarketing.portlets.categories.business.CategoryAPITest" time="0.024"/>
  <testcase name="test_save_editCategory_asLimitedUser_success" classname="com.dotmarketing.portlets.categories.business.CategoryAPITest" time="0.744"/>
  <testcase name="checkUniqueKey_severalCases_Success" classname="com.dotmarketing.portlets.categories.business.CategoryAPITest" time="0.028"/>
  <testcase name="test_save_createSubCategory_asLimitedUser_success" classname="com.dotmarketing.portlets.categories.business.CategoryAPITest" time="0.741"/>
  <testcase name="getCategoryTreeUp_hierarchyLevelThree_Success" classname="com.dotmarketing.portlets.categories.business.CategoryAPITest" time="0.038"/>
  <testcase name="test_save_editCategory_asLimitedUser_withoutPermissions_throwDotSecurityException" classname="com.dotmarketing.portlets.categories.business.CategoryAPITest" time="0.717"/>
  <testcase name="findChildren" classname="com.dotmarketing.portlets.categories.business.CategoryAPITest" time="0.023"/>
  <system-out><![CDATA[
]]></system-out>
  <system-err><![CDATA[]]></system-err>
</testsuite>
