<?xml version="1.0" encoding="UTF-8"?>
<testsuite name="com.dotcms.rest.elasticsearch.ESContentResourcePortletTest" tests="8" skipped="0" failures="0" errors="0" timestamp="2023-06-29T05:45:54" hostname="fv-az343-696" time="9.81">
  <properties/>
  <testcase name="test_search_includeGrandChildCategory_success" classname="com.dotcms.rest.elasticsearch.ESContentResourcePortletTest" time="2.589"/>
  <testcase name="testSearch[0: com.dotcms.rest.elasticsearch.ESContentResourcePortletTest$TestCase@1c35fec0]" classname="com.dotcms.rest.elasticsearch.ESContentResourcePortletTest" time="1.08"/>
  <testcase name="testSearch[1: com.dotcms.rest.elasticsearch.ESContentResourcePortletTest$TestCase@3085a751]" classname="com.dotcms.rest.elasticsearch.ESContentResourcePortletTest" time="1.319"/>
  <testcase name="testSearch[2: com.dotcms.rest.elasticsearch.ESContentResourcePortletTest$TestCase@5c99efa5]" classname="com.dotcms.rest.elasticsearch.ESContentResourcePortletTest" time="1.051"/>
  <testcase name="testSearch[3: com.dotcms.rest.elasticsearch.ESContentResourcePortletTest$TestCase@28895005]" classname="com.dotcms.rest.elasticsearch.ESContentResourcePortletTest" time="1.342"/>
  <testcase name="testSearch[4: com.dotcms.rest.elasticsearch.ESContentResourcePortletTest$TestCase@1b79682a]" classname="com.dotcms.rest.elasticsearch.ESContentResourcePortletTest" time="0.293"/>
  <testcase name="testSearch[5: com.dotcms.rest.elasticsearch.ESContentResourcePortletTest$TestCase@65bfb3b]" classname="com.dotcms.rest.elasticsearch.ESContentResourcePortletTest" time="1.066"/>
  <testcase name="testSearch[6: com.dotcms.rest.elasticsearch.ESContentResourcePortletTest$TestCase@15acc892]" classname="com.dotcms.rest.elasticsearch.ESContentResourcePortletTest" time="1.066"/>
  <system-out><![CDATA[]]></system-out>
  <system-err><![CDATA[]]></system-err>
</testsuite>
