<?xml version="1.0" encoding="UTF-8"?>
<testsuite name="com.dotcms.mock.request.CachedParameterDecoratorTest" tests="1" skipped="0" failures="0" errors="0" timestamp="2023-06-23T17:30:28" hostname="fv-az1098-397" time="0.006">
  <properties/>
  <testcase name="testDecorate" classname="com.dotcms.mock.request.CachedParameterDecoratorTest" time="0.006"/>
  <system-out><![CDATA[]]></system-out>
  <system-err><![CDATA[]]></system-err>
</testsuite>
