<?xml version="1.0" encoding="UTF-8"?>
<testsuite name="com.dotcms.rest.elasticsearch.ESContentResourcePortletTest" tests="8" skipped="0" failures="0" errors="0" timestamp="2023-07-03T17:46:11" hostname="fv-az564-656" time="8.973">
  <properties/>
  <testcase name="test_search_includeGrandChildCategory_success" classname="com.dotcms.rest.elasticsearch.ESContentResourcePortletTest" time="1.67"/>
  <testcase name="testSearch[0: com.dotcms.rest.elasticsearch.ESContentResourcePortletTest$TestCase@1df7e988]" classname="com.dotcms.rest.elasticsearch.ESContentResourcePortletTest" time="1.102"/>
  <testcase name="testSearch[1: com.dotcms.rest.elasticsearch.ESContentResourcePortletTest$TestCase@2016e6d9]" classname="com.dotcms.rest.elasticsearch.ESContentResourcePortletTest" time="1.325"/>
  <testcase name="testSearch[2: com.dotcms.rest.elasticsearch.ESContentResourcePortletTest$TestCase@4a816979]" classname="com.dotcms.rest.elasticsearch.ESContentResourcePortletTest" time="1.086"/>
  <testcase name="testSearch[3: com.dotcms.rest.elasticsearch.ESContentResourcePortletTest$TestCase@765bbee8]" classname="com.dotcms.rest.elasticsearch.ESContentResourcePortletTest" time="0.301"/>
  <testcase name="testSearch[4: com.dotcms.rest.elasticsearch.ESContentResourcePortletTest$TestCase@5442b202]" classname="com.dotcms.rest.elasticsearch.ESContentResourcePortletTest" time="1.344"/>
  <testcase name="testSearch[5: com.dotcms.rest.elasticsearch.ESContentResourcePortletTest$TestCase@43f5b67d]" classname="com.dotcms.rest.elasticsearch.ESContentResourcePortletTest" time="1.033"/>
  <testcase name="testSearch[6: com.dotcms.rest.elasticsearch.ESContentResourcePortletTest$TestCase@27ec5db]" classname="com.dotcms.rest.elasticsearch.ESContentResourcePortletTest" time="1.11"/>
  <system-out><![CDATA[]]></system-out>
  <system-err><![CDATA[]]></system-err>
</testsuite>
