<?xml version="1.0" encoding="UTF-8"?>
<testsuite name="com.dotcms.contenttype.test.ContentResourceTest" tests="52" skipped="0" failures="0" errors="0" timestamp="2023-06-28T20:06:21" hostname="fv-az617-914" time="140.259">
  <properties/>
  <testcase name="testGetContentShouldReturnIconDetails" classname="com.dotcms.contenttype.test.ContentResourceTest" time="1.558"/>
  <testcase name="Test_Save_Action_Set_Words_To_Required_NumericField_Issue_15340" classname="com.dotcms.contenttype.test.ContentResourceTest" time="0.86"/>
  <testcase name="test_getContent_includeGrandChildCategory_success" classname="com.dotcms.contenttype.test.ContentResourceTest" time="1.269"/>
  <testcase name="testGetContentWithRelatedParameter[0: com.dotcms.contenttype.test.ContentResourceTest$PullRelatedTestCase@1ace75fa]" classname="com.dotcms.contenttype.test.ContentResourceTest" time="3.836"/>
  <testcase name="testGetContentWithRelatedParameter[1: com.dotcms.contenttype.test.ContentResourceTest$PullRelatedTestCase@78d917c4]" classname="com.dotcms.contenttype.test.ContentResourceTest" time="3.645"/>
  <testcase name="testGetContentWithRelatedParameter[2: com.dotcms.contenttype.test.ContentResourceTest$PullRelatedTestCase@17e9b780]" classname="com.dotcms.contenttype.test.ContentResourceTest" time="2.963"/>
  <testcase name="testGetContentWithRelatedParameter[3: com.dotcms.contenttype.test.ContentResourceTest$PullRelatedTestCase@31573b36]" classname="com.dotcms.contenttype.test.ContentResourceTest" time="3.593"/>
  <testcase name="testGetContentWithRelatedParameter[4: com.dotcms.contenttype.test.ContentResourceTest$PullRelatedTestCase@58dfe943]" classname="com.dotcms.contenttype.test.ContentResourceTest" time="3.607"/>
  <testcase name="test_getContent_SelfRelatedWith3LevelsOfDepth_shouldReturnRelationships" classname="com.dotcms.contenttype.test.ContentResourceTest" time="1.324"/>
  <testcase name="Test_Save_Action_Send_Fields_SubSet_Issue_15340" classname="com.dotcms.contenttype.test.ContentResourceTest" time="1.776"/>
  <testcase name="test_getContent_shouldReturnRelationships[0: com.dotcms.contenttype.test.ContentResourceTest$TestCase@6888b2ab]" classname="com.dotcms.contenttype.test.ContentResourceTest" time="2.942"/>
  <testcase name="test_getContent_shouldReturnRelationships[1: com.dotcms.contenttype.test.ContentResourceTest$TestCase@32875d8d]" classname="com.dotcms.contenttype.test.ContentResourceTest" time="2.885"/>
  <testcase name="test_getContent_shouldReturnRelationships[2: com.dotcms.contenttype.test.ContentResourceTest$TestCase@3a015e60]" classname="com.dotcms.contenttype.test.ContentResourceTest" time="2.799"/>
  <testcase name="test_getContent_shouldReturnRelationships[3: com.dotcms.contenttype.test.ContentResourceTest$TestCase@1d333d92]" classname="com.dotcms.contenttype.test.ContentResourceTest" time="2.911"/>
  <testcase name="test_getContent_shouldReturnRelationships[4: com.dotcms.contenttype.test.ContentResourceTest$TestCase@3003d975]" classname="com.dotcms.contenttype.test.ContentResourceTest" time="2.881"/>
  <testcase name="test_getContent_shouldReturnRelationships[5: com.dotcms.contenttype.test.ContentResourceTest$TestCase@386091cd]" classname="com.dotcms.contenttype.test.ContentResourceTest" time="2.969"/>
  <testcase name="test_getContent_shouldReturnRelationships[6: com.dotcms.contenttype.test.ContentResourceTest$TestCase@8a22aff]" classname="com.dotcms.contenttype.test.ContentResourceTest" time="3.1"/>
  <testcase name="test_getContent_shouldReturnRelationships[7: com.dotcms.contenttype.test.ContentResourceTest$TestCase@c7949d4]" classname="com.dotcms.contenttype.test.ContentResourceTest" time="3.052"/>
  <testcase name="test_getContent_shouldReturnRelationships[8: com.dotcms.contenttype.test.ContentResourceTest$TestCase@221fe15f]" classname="com.dotcms.contenttype.test.ContentResourceTest" time="2.963"/>
  <testcase name="test_getContent_shouldReturnRelationships[9: com.dotcms.contenttype.test.ContentResourceTest$TestCase@1e4df228]" classname="com.dotcms.contenttype.test.ContentResourceTest" time="3.119"/>
  <testcase name="test_getContent_shouldReturnRelationships[10: com.dotcms.contenttype.test.ContentResourceTest$TestCase@721c6cc]" classname="com.dotcms.contenttype.test.ContentResourceTest" time="2.769"/>
  <testcase name="test_getContent_shouldReturnRelationships[11: com.dotcms.contenttype.test.ContentResourceTest$TestCase@41501815]" classname="com.dotcms.contenttype.test.ContentResourceTest" time="2.803"/>
  <testcase name="test_getContent_shouldReturnRelationships[12: com.dotcms.contenttype.test.ContentResourceTest$TestCase@1c981c79]" classname="com.dotcms.contenttype.test.ContentResourceTest" time="2.754"/>
  <testcase name="test_getContent_shouldReturnRelationships[13: com.dotcms.contenttype.test.ContentResourceTest$TestCase@6db56170]" classname="com.dotcms.contenttype.test.ContentResourceTest" time="2.791"/>
  <testcase name="test_getContent_shouldReturnRelationships[14: com.dotcms.contenttype.test.ContentResourceTest$TestCase@64abddac]" classname="com.dotcms.contenttype.test.ContentResourceTest" time="2.93"/>
  <testcase name="test_getContent_shouldReturnRelationships[15: com.dotcms.contenttype.test.ContentResourceTest$TestCase@25faf19c]" classname="com.dotcms.contenttype.test.ContentResourceTest" time="3.836"/>
  <testcase name="test_getContent_shouldReturnRelationships[16: com.dotcms.contenttype.test.ContentResourceTest$TestCase@79dd4a8e]" classname="com.dotcms.contenttype.test.ContentResourceTest" time="3.804"/>
  <testcase name="test_getContent_shouldReturnRelationships[17: com.dotcms.contenttype.test.ContentResourceTest$TestCase@3fa50a24]" classname="com.dotcms.contenttype.test.ContentResourceTest" time="3.102"/>
  <testcase name="test_getContent_shouldReturnRelationships[18: com.dotcms.contenttype.test.ContentResourceTest$TestCase@5d9f6c1]" classname="com.dotcms.contenttype.test.ContentResourceTest" time="3.097"/>
  <testcase name="test_getContent_shouldReturnRelationships[19: com.dotcms.contenttype.test.ContentResourceTest$TestCase@77dd91f7]" classname="com.dotcms.contenttype.test.ContentResourceTest" time="3.044"/>
  <testcase name="test_getContent_shouldReturnRelationships[20: com.dotcms.contenttype.test.ContentResourceTest$TestCase@64472cb8]" classname="com.dotcms.contenttype.test.ContentResourceTest" time="2.294"/>
  <testcase name="test_getContent_shouldReturnRelationships[21: com.dotcms.contenttype.test.ContentResourceTest$TestCase@73a4fe3e]" classname="com.dotcms.contenttype.test.ContentResourceTest" time="3.36"/>
  <testcase name="test_getContent_shouldReturnRelationships[22: com.dotcms.contenttype.test.ContentResourceTest$TestCase@39016175]" classname="com.dotcms.contenttype.test.ContentResourceTest" time="3.043"/>
  <testcase name="test_getContent_shouldReturnRelationships[23: com.dotcms.contenttype.test.ContentResourceTest$TestCase@22c80d8b]" classname="com.dotcms.contenttype.test.ContentResourceTest" time="3.141"/>
  <testcase name="test_getContent_shouldReturnRelationships[24: com.dotcms.contenttype.test.ContentResourceTest$TestCase@7fb7c786]" classname="com.dotcms.contenttype.test.ContentResourceTest" time="2.969"/>
  <testcase name="test_getContent_shouldReturnRelationships[25: com.dotcms.contenttype.test.ContentResourceTest$TestCase@2bb69340]" classname="com.dotcms.contenttype.test.ContentResourceTest" time="3.389"/>
  <testcase name="test_getContent_shouldReturnRelationships[26: com.dotcms.contenttype.test.ContentResourceTest$TestCase@190e558a]" classname="com.dotcms.contenttype.test.ContentResourceTest" time="2.139"/>
  <testcase name="test_getContent_shouldReturnRelationships[27: com.dotcms.contenttype.test.ContentResourceTest$TestCase@7bc8b775]" classname="com.dotcms.contenttype.test.ContentResourceTest" time="2.12"/>
  <testcase name="test_getContent_shouldReturnRelationships[28: com.dotcms.contenttype.test.ContentResourceTest$TestCase@3a82d47d]" classname="com.dotcms.contenttype.test.ContentResourceTest" time="2.962"/>
  <testcase name="test_getContent_shouldReturnRelationships[29: com.dotcms.contenttype.test.ContentResourceTest$TestCase@25316cfe]" classname="com.dotcms.contenttype.test.ContentResourceTest" time="2.989"/>
  <testcase name="test_getContent_shouldReturnRelationships[30: com.dotcms.contenttype.test.ContentResourceTest$TestCase@4e78dfd7]" classname="com.dotcms.contenttype.test.ContentResourceTest" time="2.863"/>
  <testcase name="test_getContent_shouldReturnRelationships[31: com.dotcms.contenttype.test.ContentResourceTest$TestCase@70b5ba72]" classname="com.dotcms.contenttype.test.ContentResourceTest" time="1.976"/>
  <testcase name="test_getContent_shouldReturnRelationships[32: com.dotcms.contenttype.test.ContentResourceTest$TestCase@5cb8b925]" classname="com.dotcms.contenttype.test.ContentResourceTest" time="3.833"/>
  <testcase name="test_getContent_shouldReturnRelationships[33: com.dotcms.contenttype.test.ContentResourceTest$TestCase@72c068d0]" classname="com.dotcms.contenttype.test.ContentResourceTest" time="3.752"/>
  <testcase name="testSinglePOST_InvalidParamsShouldReturn400[0: ({\n    &quot;stInode&quot; : &quot;InvalidValue&quot;,\n    &quot;numeric&quot; : &quot;0&quot;,\n    &quot;image&quot; : &quot;whatever&quot;\n}, Bad Request)]" classname="com.dotcms.contenttype.test.ContentResourceTest" time="0.828"/>
  <testcase name="testSinglePOST_InvalidParamsShouldReturn400[1: ({\n    &quot;numeric&quot; : &quot;0&quot;,\n    &quot;image&quot; : &quot;whatever&quot;\n}, Bad Request)]" classname="com.dotcms.contenttype.test.ContentResourceTest" time="0.785"/>
  <testcase name="Test_Save_Action_Set_Null_To_Required_NumericField_Issue_15340" classname="com.dotcms.contenttype.test.ContentResourceTest" time="0.825"/>
  <testcase name="Test_Save_Action_Remove_Image_Then_Verify_Fields_Were_Cleared_Issue_15340" classname="com.dotcms.contenttype.test.ContentResourceTest" time="3.598"/>
  <testcase name="test_getContentWithMultipleSelfRelated_shouldReturnRelationships[0: com.dotcms.contenttype.test.ContentResourceTest$PullSelfRelatedTestCase@27f5d439]" classname="com.dotcms.contenttype.test.ContentResourceTest" time="1.775"/>
  <testcase name="test_getContentWithMultipleSelfRelated_shouldReturnRelationships[1: com.dotcms.contenttype.test.ContentResourceTest$PullSelfRelatedTestCase@3e9d3073]" classname="com.dotcms.contenttype.test.ContentResourceTest" time="1.655"/>
  <testcase name="testGetContentWithAllCategoriesInfo[0: json]" classname="com.dotcms.contenttype.test.ContentResourceTest" time="2.487"/>
  <testcase name="testGetContentWithAllCategoriesInfo[1: xml]" classname="com.dotcms.contenttype.test.ContentResourceTest" time="2.489"/>
  <system-out><![CDATA[











]]></system-out>
  <system-err><![CDATA[]]></system-err>
</testsuite>
