<?xml version="1.0" encoding="UTF-8"?>
<testsuite name="com.dotmarketing.servlets.ajax.AjaxDirectorServletIntegrationTest" tests="2" skipped="0" failures="0" errors="0" timestamp="2023-06-27T16:30:56" hostname="fv-az560-754" time="0.797">
  <properties/>
  <testcase name="testService[0: com.dotmarketing.servlets.ajax.AjaxDirectorServletTestCase@1d66759c]" classname="com.dotmarketing.servlets.ajax.AjaxDirectorServletIntegrationTest" time="0.489"/>
  <testcase name="testService[1: com.dotmarketing.servlets.ajax.AjaxDirectorServletTestCase@1f5bd146]" classname="com.dotmarketing.servlets.ajax.AjaxDirectorServletIntegrationTest" time="0.308"/>
  <system-out><![CDATA[]]></system-out>
  <system-err><![CDATA[]]></system-err>
</testsuite>
