<?xml version="1.0" encoding="UTF-8"?>
<testsuite name="com.dotcms.rest.api.v1.vtl.VTLResourceIntegrationTest" tests="6" skipped="0" failures="0" errors="0" timestamp="2023-06-30T20:38:49" hostname="fv-az248-258" time="12.385">
  <properties/>
  <testcase name="testGet[0: com.dotcms.rest.api.v1.vtl.VTLResourceTestCase@56af02fb]" classname="com.dotcms.rest.api.v1.vtl.VTLResourceIntegrationTest" time="2.232"/>
  <testcase name="testGet[1: com.dotcms.rest.api.v1.vtl.VTLResourceTestCase@6ad20619]" classname="com.dotcms.rest.api.v1.vtl.VTLResourceIntegrationTest" time="1.887"/>
  <testcase name="testGet[2: com.dotcms.rest.api.v1.vtl.VTLResourceTestCase@34fba4ee]" classname="com.dotcms.rest.api.v1.vtl.VTLResourceIntegrationTest" time="2.257"/>
  <testcase name="testGet[3: com.dotcms.rest.api.v1.vtl.VTLResourceTestCase@57e2b0a7]" classname="com.dotcms.rest.api.v1.vtl.VTLResourceIntegrationTest" time="2.129"/>
  <testcase name="testGet[4: com.dotcms.rest.api.v1.vtl.VTLResourceTestCase@79f4c87a]" classname="com.dotcms.rest.api.v1.vtl.VTLResourceIntegrationTest" time="1.769"/>
  <testcase name="testGet[5: com.dotcms.rest.api.v1.vtl.VTLResourceTestCase@3eceb93]" classname="com.dotcms.rest.api.v1.vtl.VTLResourceIntegrationTest" time="2.111"/>
  <system-out><![CDATA[]]></system-out>
  <system-err><![CDATA[]]></system-err>
</testsuite>
