<?xml version="1.0" encoding="UTF-8"?>
<testsuite name="com.dotmarketing.business.UserAPITest" tests="33" skipped="0" failures="0" errors="0" timestamp="2023-06-30T22:59:11" hostname="fv-az936-969" time="36.369">
  <properties/>
  <testcase name="testGetCountUsersByNameOrEmailDeleted" classname="com.dotmarketing.business.UserAPITest" time="0.718"/>
  <testcase name="testGetUsersIdsByCreationDateDeleted" classname="com.dotmarketing.business.UserAPITest" time="0.714"/>
  <testcase name="test_getUserIdByIcqId_icqIdDoesNotBelongToAnyUser_returnEmptyOptional" classname="com.dotmarketing.business.UserAPITest" time="0.001"/>
  <testcase name="Test_User_Returns_No_Gravatar_When_No_Email_Is_Available_And_OtherWise" classname="com.dotmarketing.business.UserAPITest" time="0.734"/>
  <testcase name="testGetUsersByNameDeleted" classname="com.dotmarketing.business.UserAPITest" time="0.714"/>
  <testcase name="test_getUserRole_success" classname="com.dotmarketing.business.UserAPITest" time="0.718"/>
  <testcase name="delete" classname="com.dotmarketing.business.UserAPITest" time="3.895"/>
  <testcase name="testFindAllUsers" classname="com.dotmarketing.business.UserAPITest" time="0.812"/>
  <testcase name="deleteAnonymous" classname="com.dotmarketing.business.UserAPITest" time="0.001"/>
  <testcase name="test_getUserRole_null" classname="com.dotmarketing.business.UserAPITest" time="0.004"/>
  <testcase name="testGetCountUsersByName" classname="com.dotmarketing.business.UserAPITest" time="0.721"/>
  <testcase name="testGetUsersByNameOrEmail" classname="com.dotmarketing.business.UserAPITest" time="0.713"/>
  <testcase name="testGetUsersByNameOrEmailOrUserIDWithFilter" classname="com.dotmarketing.business.UserAPITest" time="0.71"/>
  <testcase name="testUserApiGetCount" classname="com.dotmarketing.business.UserAPITest" time="14.353"/>
  <testcase name="test_getUserIdByIcqId_icqIdEmpty_throwDotInvalidTokenException" classname="com.dotmarketing.business.UserAPITest" time="0.0"/>
  <testcase name="test_loadByUserByEmail_selfUser" classname="com.dotmarketing.business.UserAPITest" time="0.719"/>
  <testcase name="testGetCountUsersByNameOrEmail" classname="com.dotmarketing.business.UserAPITest" time="0.711"/>
  <testcase name="testGetUnDeletedUsers" classname="com.dotmarketing.business.UserAPITest" time="0.724"/>
  <testcase name="testFrontendAndBackendUser" classname="com.dotmarketing.business.UserAPITest" time="2.151"/>
  <testcase name="test_updateUser_withAdditionalInfo" classname="com.dotmarketing.business.UserAPITest" time="0.717"/>
  <testcase name="test_save_selfUser" classname="com.dotmarketing.business.UserAPITest" time="0.738"/>
  <testcase name="testGetCountUsersByNameOrEmailOrUserIDDeleted" classname="com.dotmarketing.business.UserAPITest" time="0.714"/>
  <testcase name="testGetUsersByNameOrEmailOrUserID" classname="com.dotmarketing.business.UserAPITest" time="0.041"/>
  <testcase name="test_loadByUserById_selfUser" classname="com.dotmarketing.business.UserAPITest" time="0.727"/>
  <testcase name="testGetUsersByName" classname="com.dotmarketing.business.UserAPITest" time="0.722"/>
  <testcase name="test_getUserIdByIcqId_success" classname="com.dotmarketing.business.UserAPITest" time="0.724"/>
  <testcase name="testGetUsersByNameOrEmailOrUserIDDeleted" classname="com.dotmarketing.business.UserAPITest" time="0.722"/>
  <testcase name="testGetUsersByNameOrEmailDeleted" classname="com.dotmarketing.business.UserAPITest" time="0.716"/>
  <testcase name="test_saveNewUser_withAdditionalInfo" classname="com.dotmarketing.business.UserAPITest" time="0.715"/>
  <testcase name="testUserApiFilterUsersByNameAndRole" classname="com.dotmarketing.business.UserAPITest" time="0.005"/>
  <testcase name="test_getUserIdByIcqId_icqIdNull_throwDotInvalidTokenException" classname="com.dotmarketing.business.UserAPITest" time="0.001"/>
  <testcase name="testGetCountUsersByNameOrEmailOrUserID" classname="com.dotmarketing.business.UserAPITest" time="0.712"/>
  <testcase name="testGetUsersIdsByCreationDate" classname="com.dotmarketing.business.UserAPITest" time="0.001"/>
  <system-out><![CDATA[]]></system-out>
  <system-err><![CDATA[]]></system-err>
</testsuite>
