<?xml version="1.0" encoding="UTF-8"?>
<testsuite name="com.dotcms.rest.TagResourceIntegrationTest" tests="4" skipped="0" failures="0" errors="0" timestamp="2023-07-19T18:56:09" hostname="fv-az842-421" time="0.462">
  <properties/>
  <testcase name="testList[0: com.dotcms.rest.TagResourceTestCase@99b1b08]" classname="com.dotcms.rest.TagResourceIntegrationTest" time="0.368"/>
  <testcase name="testList[1: com.dotcms.rest.TagResourceTestCase@592a8262]" classname="com.dotcms.rest.TagResourceIntegrationTest" time="0.034"/>
  <testcase name="testList[2: com.dotcms.rest.TagResourceTestCase@2152a2e2]" classname="com.dotcms.rest.TagResourceIntegrationTest" time="0.031"/>
  <testcase name="testList[3: com.dotcms.rest.TagResourceTestCase@4420a7a9]" classname="com.dotcms.rest.TagResourceIntegrationTest" time="0.029"/>
  <system-out><![CDATA[]]></system-out>
  <system-err><![CDATA[Jul 19, 2023 6:56:10 PM com.dotcms.repackage.org.hibernate.validator.internal.util.Version <clinit>
INFO: HV000001: Hibernate Validator 4.3.2.Final
]]></system-err>
</testsuite>
