<?xml version="1.0" encoding="UTF-8"?>
<testsuite name="com.dotcms.contenttype.business.RelationshipAPITest" tests="6" skipped="0" failures="0" errors="0" timestamp="2023-07-11T21:24:11" hostname="fv-az552-460" time="13.798">
  <properties/>
  <testcase name="testSave_RelationshipWithModifiedRelationTypeValue_ShouldThrowException" classname="com.dotcms.contenttype.business.RelationshipAPITest" time="0.002"/>
  <testcase name="testconvertRelationshipToRelationshipField_Success" classname="com.dotcms.contenttype.business.RelationshipAPITest" time="3.963"/>
  <testcase name="testconvertRelationshipToRelationshipField_SelfRelated_Success" classname="com.dotcms.contenttype.business.RelationshipAPITest" time="3.883"/>
  <testcase name="testDbRelatedContentWhenSelfJoinRelationship" classname="com.dotcms.contenttype.business.RelationshipAPITest" time="2.592"/>
  <testcase name="testDbRelatedContentWhenNonSelfJoinRelationship" classname="com.dotcms.contenttype.business.RelationshipAPITest" time="3.353"/>
  <testcase name="testSave_RelationshipWithNonUniqueRelationTypeValue_ShouldThrowException" classname="com.dotcms.contenttype.business.RelationshipAPITest" time="0.005"/>
  <system-out><![CDATA[]]></system-out>
  <system-err><![CDATA[]]></system-err>
</testsuite>
