<?xml version="1.0" encoding="UTF-8"?>
<testsuite name="com.dotcms.rest.api.v1.asset.WebAssetHelperIntegrationTest" tests="9" skipped="0" failures="0" errors="0" timestamp="2023-06-26T20:10:05" hostname="fv-az404-370" time="3.791">
  <properties/>
  <testcase name="TestUploadFile" classname="com.dotcms.rest.api.v1.asset.WebAssetHelperIntegrationTest" time="1.28"/>
  <testcase name="TestUploadEmptyFile" classname="com.dotcms.rest.api.v1.asset.WebAssetHelperIntegrationTest" time="1.115"/>
  <testcase name="TestGetFolderInfo" classname="com.dotcms.rest.api.v1.asset.WebAssetHelperIntegrationTest" time="0.026"/>
  <testcase name="Test_Delete_File_Then_Delete_Folder" classname="com.dotcms.rest.api.v1.asset.WebAssetHelperIntegrationTest" time="1.32"/>
  <testcase name="Test_Parse_Language" classname="com.dotcms.rest.api.v1.asset.WebAssetHelperIntegrationTest" time="0.015"/>
  <testcase name="TestDownloadFile" classname="com.dotcms.rest.api.v1.asset.WebAssetHelperIntegrationTest" time="0.017"/>
  <testcase name="TestDownloadFileInvalidLanguage" classname="com.dotcms.rest.api.v1.asset.WebAssetHelperIntegrationTest" time="0.001"/>
  <testcase name="TestDownloadFileDifferentLang" classname="com.dotcms.rest.api.v1.asset.WebAssetHelperIntegrationTest" time="0.015"/>
  <testcase name="TestGetNonExistingFolderInfo" classname="com.dotcms.rest.api.v1.asset.WebAssetHelperIntegrationTest" time="0.001"/>
  <system-out><![CDATA[]]></system-out>
  <system-err><![CDATA[]]></system-err>
</testsuite>
