<?xml version="1.0" encoding="UTF-8"?>
<testsuite name="com.dotcms.rest.elasticsearch.ESContentResourcePortletTest" tests="8" skipped="0" failures="0" errors="0" timestamp="2023-07-08T04:35:17" hostname="fv-az337-298" time="8.755">
  <properties/>
  <testcase name="test_search_includeGrandChildCategory_success" classname="com.dotcms.rest.elasticsearch.ESContentResourcePortletTest" time="2.34"/>
  <testcase name="testSearch[0: com.dotcms.rest.elasticsearch.ESContentResourcePortletTest$TestCase@d1c0ea2]" classname="com.dotcms.rest.elasticsearch.ESContentResourcePortletTest" time="1.079"/>
  <testcase name="testSearch[1: com.dotcms.rest.elasticsearch.ESContentResourcePortletTest$TestCase@3a35f2a7]" classname="com.dotcms.rest.elasticsearch.ESContentResourcePortletTest" time="0.343"/>
  <testcase name="testSearch[2: com.dotcms.rest.elasticsearch.ESContentResourcePortletTest$TestCase@67e56f31]" classname="com.dotcms.rest.elasticsearch.ESContentResourcePortletTest" time="1.188"/>
  <testcase name="testSearch[3: com.dotcms.rest.elasticsearch.ESContentResourcePortletTest$TestCase@62191bcd]" classname="com.dotcms.rest.elasticsearch.ESContentResourcePortletTest" time="0.301"/>
  <testcase name="testSearch[4: com.dotcms.rest.elasticsearch.ESContentResourcePortletTest$TestCase@f9d7032]" classname="com.dotcms.rest.elasticsearch.ESContentResourcePortletTest" time="1.357"/>
  <testcase name="testSearch[5: com.dotcms.rest.elasticsearch.ESContentResourcePortletTest$TestCase@1aa81bac]" classname="com.dotcms.rest.elasticsearch.ESContentResourcePortletTest" time="1.079"/>
  <testcase name="testSearch[6: com.dotcms.rest.elasticsearch.ESContentResourcePortletTest$TestCase@5678732f]" classname="com.dotcms.rest.elasticsearch.ESContentResourcePortletTest" time="1.058"/>
  <system-out><![CDATA[]]></system-out>
  <system-err><![CDATA[]]></system-err>
</testsuite>
