<?xml version="1.0" encoding="UTF-8"?>
<testsuite name="com.dotcms.enterprise.publishing.bundler.URLMapBundlerTest" tests="2" skipped="0" failures="0" errors="0" timestamp="2023-06-28T23:46:36" hostname="fv-az446-868" time="7.976">
  <properties/>
  <testcase name="urlMapWithInclude" classname="com.dotcms.enterprise.publishing.bundler.URLMapBundlerTest" time="4.093"/>
  <testcase name="urlMapWithIncludeAndBlankSpace" classname="com.dotcms.enterprise.publishing.bundler.URLMapBundlerTest" time="3.883"/>
  <system-out><![CDATA[]]></system-out>
  <system-err><![CDATA[]]></system-err>
</testsuite>
