<?xml version="1.0" encoding="UTF-8"?>
<testsuite name="com.dotcms.rest.api.v1.vtl.VTLResourceIntegrationTest" tests="6" skipped="0" failures="0" errors="0" timestamp="2023-07-13T21:23:27" hostname="fv-az357-263" time="11.429">
  <properties/>
  <testcase name="testGet[0: com.dotcms.rest.api.v1.vtl.VTLResourceTestCase@5f313021]" classname="com.dotcms.rest.api.v1.vtl.VTLResourceIntegrationTest" time="2.731"/>
  <testcase name="testGet[1: com.dotcms.rest.api.v1.vtl.VTLResourceTestCase@498cecf4]" classname="com.dotcms.rest.api.v1.vtl.VTLResourceIntegrationTest" time="1.726"/>
  <testcase name="testGet[2: com.dotcms.rest.api.v1.vtl.VTLResourceTestCase@36397e6f]" classname="com.dotcms.rest.api.v1.vtl.VTLResourceIntegrationTest" time="1.955"/>
  <testcase name="testGet[3: com.dotcms.rest.api.v1.vtl.VTLResourceTestCase@7352e538]" classname="com.dotcms.rest.api.v1.vtl.VTLResourceIntegrationTest" time="1.072"/>
  <testcase name="testGet[4: com.dotcms.rest.api.v1.vtl.VTLResourceTestCase@2534634b]" classname="com.dotcms.rest.api.v1.vtl.VTLResourceIntegrationTest" time="1.906"/>
  <testcase name="testGet[5: com.dotcms.rest.api.v1.vtl.VTLResourceTestCase@b71d055]" classname="com.dotcms.rest.api.v1.vtl.VTLResourceIntegrationTest" time="2.039"/>
  <system-out><![CDATA[]]></system-out>
  <system-err><![CDATA[]]></system-err>
</testsuite>
