<?xml version="1.0" encoding="UTF-8"?>
<testsuite name="com.liferay.portal.ejb.UserLocalManagerTest" tests="4" skipped="0" failures="0" errors="0" timestamp="2023-07-10T18:03:40" hostname="fv-az471-786" time="4.14">
  <properties/>
  <testcase name="testInvalidFirstName" classname="com.liferay.portal.ejb.UserLocalManagerTest" time="1.117"/>
  <testcase name="testValidName" classname="com.liferay.portal.ejb.UserLocalManagerTest" time="1.125"/>
  <testcase name="test_user_id_is_UUID" classname="com.liferay.portal.ejb.UserLocalManagerTest" time="0.955"/>
  <testcase name="testInvalidLastName" classname="com.liferay.portal.ejb.UserLocalManagerTest" time="0.942"/>
  <system-out><![CDATA[]]></system-out>
  <system-err><![CDATA[]]></system-err>
</testsuite>
