<?xml version="1.0" encoding="UTF-8"?>
<testsuite name="com.dotcms.enterprise.publishing.remote.HostBundlerHandlerTest" tests="2" skipped="0" failures="0" errors="0" timestamp="2023-07-06T22:51:04" hostname="fv-az1256-62" time="3.031">
  <properties/>
  <testcase name="testBundlerHandler_UnpublishHost_Success" classname="com.dotcms.enterprise.publishing.remote.HostBundlerHandlerTest" time="1.583"/>
  <testcase name="testGenerate_success_when_liveContentletIsNotFound" classname="com.dotcms.enterprise.publishing.remote.HostBundlerHandlerTest" time="1.448"/>
  <system-out><![CDATA[]]></system-out>
  <system-err><![CDATA[]]></system-err>
</testsuite>
