<?xml version="1.0" encoding="UTF-8"?>
<testsuite name="com.dotcms.content.elasticsearch.business.ESMappingAPITest" tests="19" skipped="0" failures="0" errors="0" timestamp="2023-07-14T01:39:08" hostname="fv-az268-867" time="25.335">
  <properties/>
  <testcase name="testLoadCategories_GivenContentWithCats_ShouldLoadESMapWithListOfCatsVarnames" classname="com.dotcms.content.elasticsearch.business.ESMappingAPITest" time="1.39"/>
  <testcase name="whenContentletHasInvalidHostId" classname="com.dotcms.content.elasticsearch.business.ESMappingAPITest" time="0.929"/>
  <testcase name="Test_toMap_Metadata_dotRaw" classname="com.dotcms.content.elasticsearch.business.ESMappingAPITest" time="2.648"/>
  <testcase name="test_toMap_binary_field_shouldSuccess" classname="com.dotcms.content.elasticsearch.business.ESMappingAPITest" time="0.227"/>
  <testcase name="whenContentletHasInvalidContentTypeId" classname="com.dotcms.content.elasticsearch.business.ESMappingAPITest" time="1.092"/>
  <testcase name="whenContentletHasNotContentletVersionInfo" classname="com.dotcms.content.elasticsearch.business.ESMappingAPITest" time="1.111"/>
  <testcase name="testLoadRelationshipFields_whenUsingOneSideFieldRelationships_shouldSuccess" classname="com.dotcms.content.elasticsearch.business.ESMappingAPITest" time="1.816"/>
  <testcase name="testLoadRelationshipFields_whenUsingSelfRelationships_shouldSuccess" classname="com.dotcms.content.elasticsearch.business.ESMappingAPITest" time="1.343"/>
  <testcase name="testLoadRelationshipFields_whenUsingTwoSidedFieldRelationships_shouldSuccess" classname="com.dotcms.content.elasticsearch.business.ESMappingAPITest" time="1.611"/>
  <testcase name="Test_Create_FileAsset_With_Metadata_KeyValue_Then_Query" classname="com.dotcms.content.elasticsearch.business.ESMappingAPITest" time="0.915"/>
  <testcase name="test_toMap_when_textFieldShouldNotBeIncluded" classname="com.dotcms.content.elasticsearch.business.ESMappingAPITest" time="1.936"/>
  <testcase name="test_toMap_hidden_date_fields_shouldSuccess" classname="com.dotcms.content.elasticsearch.business.ESMappingAPITest" time="1.157"/>
  <testcase name="testLoadRelationshipFields_whenUsingLegacyRelationships_shouldSuccess" classname="com.dotcms.content.elasticsearch.business.ESMappingAPITest" time="1.371"/>
  <testcase name="whenContentletHasInvalidFolderId" classname="com.dotcms.content.elasticsearch.business.ESMappingAPITest" time="0.637"/>
  <testcase name="whenContentletHasNotIdentifier" classname="com.dotcms.content.elasticsearch.business.ESMappingAPITest" time="2.097"/>
  <testcase name="test_toMap_fileasset_txt_shouldSuccess" classname="com.dotcms.content.elasticsearch.business.ESMappingAPITest" time="0.47"/>
  <testcase name="Test_Create_ContentType_With_KeyValue_Field_Test_Query_Expect_Success" classname="com.dotcms.content.elasticsearch.business.ESMappingAPITest" time="1.234"/>
  <testcase name="Test_Create_FileAsset_Query_by_MetaData_Expect_Success" classname="com.dotcms.content.elasticsearch.business.ESMappingAPITest" time="1.403"/>
  <testcase name="test_toMap_when_textFieldShouldBeIncluded" classname="com.dotcms.content.elasticsearch.business.ESMappingAPITest" time="1.943"/>
  <system-out><![CDATA[]]></system-out>
  <system-err><![CDATA[]]></system-err>
</testsuite>
