<?xml version="1.0" encoding="UTF-8"?>
<testsuite name="com.dotmarketing.startup.runonce.Task220202RemoveFKStructureFolderConstraintTest" tests="1" skipped="0" failures="0" errors="0" timestamp="2023-06-30T02:19:23" hostname="fv-az343-533" time="0.072">
  <properties/>
  <testcase name="testUpgradeTask" classname="com.dotmarketing.startup.runonce.Task220202RemoveFKStructureFolderConstraintTest" time="0.072"/>
  <system-out><![CDATA[





]]></system-out>
  <system-err><![CDATA[]]></system-err>
</testsuite>
