<?xml version="1.0" encoding="UTF-8"?>
<testsuite name="com.dotcms.publishing.PublisherAPIImplTest" tests="24" skipped="0" failures="0" errors="0" timestamp="2023-06-23T18:20:18" hostname="fv-az248-890" time="4.406">
  <properties/>
  <testcase name="AddAllCategoryIntoBundle" classname="com.dotcms.publishing.PublisherAPIImplTest" time="0.216"/>
  <testcase name="testFilterDescriptors" classname="com.dotcms.publishing.PublisherAPIImplTest" time="0.082"/>
  <testcase name="sendPushPublishBundle[0: com.dotcms.publishing.PublisherAPIImplTest$TestAsset@3a007846]" classname="com.dotcms.publishing.PublisherAPIImplTest" time="1.518"/>
  <testcase name="sendPushPublishBundle[1: com.dotcms.publishing.PublisherAPIImplTest$TestAsset@3e81d4e9]" classname="com.dotcms.publishing.PublisherAPIImplTest" time="0.162"/>
  <testcase name="sendPushPublishBundle[2: com.dotcms.publishing.PublisherAPIImplTest$TestAsset@20f32097]" classname="com.dotcms.publishing.PublisherAPIImplTest" time="0.164"/>
  <testcase name="sendPushPublishBundle[3: com.dotcms.publishing.PublisherAPIImplTest$TestAsset@30690255]" classname="com.dotcms.publishing.PublisherAPIImplTest" time="0.271"/>
  <testcase name="sendPushPublishBundle[4: com.dotcms.publishing.PublisherAPIImplTest$TestAsset@9128e56]" classname="com.dotcms.publishing.PublisherAPIImplTest" time="0.342"/>
  <testcase name="sendPushPublishBundle[5: com.dotcms.publishing.PublisherAPIImplTest$TestAsset@39842501]" classname="com.dotcms.publishing.PublisherAPIImplTest" time="0.183"/>
  <testcase name="sendPushPublishBundle[6: com.dotcms.publishing.PublisherAPIImplTest$TestAsset@ca4d3e]" classname="com.dotcms.publishing.PublisherAPIImplTest" time="0.117"/>
  <testcase name="sendPushPublishBundle[7: com.dotcms.publishing.PublisherAPIImplTest$TestAsset@78c98cd8]" classname="com.dotcms.publishing.PublisherAPIImplTest" time="0.101"/>
  <testcase name="sendPushPublishBundle[8: com.dotcms.publishing.PublisherAPIImplTest$TestAsset@65b4cda9]" classname="com.dotcms.publishing.PublisherAPIImplTest" time="0.073"/>
  <testcase name="sendPushPublishBundle[9: com.dotcms.publishing.PublisherAPIImplTest$TestAsset@7d005033]" classname="com.dotcms.publishing.PublisherAPIImplTest" time="0.234"/>
  <testcase name="sendPushPublishBundle[10: com.dotcms.publishing.PublisherAPIImplTest$TestAsset@2f715110]" classname="com.dotcms.publishing.PublisherAPIImplTest" time="0.072"/>
  <testcase name="generateBundle[0: com.dotcms.publishing.PublisherAPIImplTest$TestAsset@3a007846]" classname="com.dotcms.publishing.PublisherAPIImplTest" time="0.084"/>
  <testcase name="generateBundle[1: com.dotcms.publishing.PublisherAPIImplTest$TestAsset@3e81d4e9]" classname="com.dotcms.publishing.PublisherAPIImplTest" time="0.073"/>
  <testcase name="generateBundle[2: com.dotcms.publishing.PublisherAPIImplTest$TestAsset@20f32097]" classname="com.dotcms.publishing.PublisherAPIImplTest" time="0.076"/>
  <testcase name="generateBundle[3: com.dotcms.publishing.PublisherAPIImplTest$TestAsset@30690255]" classname="com.dotcms.publishing.PublisherAPIImplTest" time="0.141"/>
  <testcase name="generateBundle[4: com.dotcms.publishing.PublisherAPIImplTest$TestAsset@9128e56]" classname="com.dotcms.publishing.PublisherAPIImplTest" time="0.129"/>
  <testcase name="generateBundle[5: com.dotcms.publishing.PublisherAPIImplTest$TestAsset@39842501]" classname="com.dotcms.publishing.PublisherAPIImplTest" time="0.083"/>
  <testcase name="generateBundle[6: com.dotcms.publishing.PublisherAPIImplTest$TestAsset@ca4d3e]" classname="com.dotcms.publishing.PublisherAPIImplTest" time="0.068"/>
  <testcase name="generateBundle[7: com.dotcms.publishing.PublisherAPIImplTest$TestAsset@78c98cd8]" classname="com.dotcms.publishing.PublisherAPIImplTest" time="0.059"/>
  <testcase name="generateBundle[8: com.dotcms.publishing.PublisherAPIImplTest$TestAsset@65b4cda9]" classname="com.dotcms.publishing.PublisherAPIImplTest" time="0.04"/>
  <testcase name="generateBundle[9: com.dotcms.publishing.PublisherAPIImplTest$TestAsset@7d005033]" classname="com.dotcms.publishing.PublisherAPIImplTest" time="0.094"/>
  <testcase name="generateBundle[10: com.dotcms.publishing.PublisherAPIImplTest$TestAsset@2f715110]" classname="com.dotcms.publishing.PublisherAPIImplTest" time="0.018"/>
  <system-out><![CDATA[









































































































































































]]></system-out>
  <system-err><![CDATA[]]></system-err>
</testsuite>
