<?xml version="1.0" encoding="UTF-8"?>
<testsuite name="com.dotcms.rest.api.v1.vtl.VTLResourceIntegrationTest" tests="6" skipped="0" failures="0" errors="0" timestamp="2023-07-19T18:58:58" hostname="fv-az842-421" time="11.164">
  <properties/>
  <testcase name="testGet[0: com.dotcms.rest.api.v1.vtl.VTLResourceTestCase@1dc2e2d4]" classname="com.dotcms.rest.api.v1.vtl.VTLResourceIntegrationTest" time="2.135"/>
  <testcase name="testGet[1: com.dotcms.rest.api.v1.vtl.VTLResourceTestCase@2b855ca2]" classname="com.dotcms.rest.api.v1.vtl.VTLResourceIntegrationTest" time="1.991"/>
  <testcase name="testGet[2: com.dotcms.rest.api.v1.vtl.VTLResourceTestCase@1252e8e9]" classname="com.dotcms.rest.api.v1.vtl.VTLResourceIntegrationTest" time="2.003"/>
  <testcase name="testGet[3: com.dotcms.rest.api.v1.vtl.VTLResourceTestCase@701061d9]" classname="com.dotcms.rest.api.v1.vtl.VTLResourceIntegrationTest" time="0.997"/>
  <testcase name="testGet[4: com.dotcms.rest.api.v1.vtl.VTLResourceTestCase@7acee94d]" classname="com.dotcms.rest.api.v1.vtl.VTLResourceIntegrationTest" time="2.092"/>
  <testcase name="testGet[5: com.dotcms.rest.api.v1.vtl.VTLResourceTestCase@7b2fdafa]" classname="com.dotcms.rest.api.v1.vtl.VTLResourceIntegrationTest" time="1.945"/>
  <system-out><![CDATA[]]></system-out>
  <system-err><![CDATA[]]></system-err>
</testsuite>
