<?xml version="1.0" encoding="UTF-8"?>
<testsuite name="com.dotmarketing.startup.runonce.Task220214AddOwnerAndIDateToFolderTableTest" tests="1" skipped="0" failures="0" errors="0" timestamp="2023-06-29T17:05:05" hostname="fv-az397-405" time="0.014">
  <properties/>
  <testcase name="Test_UpgradeTask_Success" classname="com.dotmarketing.startup.runonce.Task220214AddOwnerAndIDateToFolderTableTest" time="0.014"/>
  <system-out><![CDATA[]]></system-out>
  <system-err><![CDATA[]]></system-err>
</testsuite>
