<?xml version="1.0" encoding="UTF-8"?>
<testsuite name="com.dotcms.rest.TagResourceIntegrationTest" tests="4" skipped="0" failures="0" errors="0" timestamp="2023-06-30T16:40:10" hostname="fv-az452-220" time="0.26">
  <properties/>
  <testcase name="testList[0: com.dotcms.rest.TagResourceTestCase@787f36fd]" classname="com.dotcms.rest.TagResourceIntegrationTest" time="0.201"/>
  <testcase name="testList[1: com.dotcms.rest.TagResourceTestCase@ae3b6e5]" classname="com.dotcms.rest.TagResourceIntegrationTest" time="0.022"/>
  <testcase name="testList[2: com.dotcms.rest.TagResourceTestCase@2fa6d7f6]" classname="com.dotcms.rest.TagResourceIntegrationTest" time="0.018"/>
  <testcase name="testList[3: com.dotcms.rest.TagResourceTestCase@783b62f0]" classname="com.dotcms.rest.TagResourceIntegrationTest" time="0.018"/>
  <system-out><![CDATA[]]></system-out>
  <system-err><![CDATA[Jun 30, 2023 4:40:10 PM com.dotcms.repackage.org.hibernate.validator.internal.util.Version <clinit>
INFO: HV000001: Hibernate Validator 4.3.2.Final
]]></system-err>
</testsuite>
