<?xml version="1.0" encoding="UTF-8"?>
<testsuite name="com.dotcms.publisher.endpoint.bean.PublishingEndPointTest" tests="4" skipped="0" failures="0" errors="0" timestamp="2023-06-30T23:18:50" hostname="fv-az487-783" time="0.846">
  <properties/>
  <testcase name="validatePublishingEndPoint_whenStaticPublishWithWritePermission_returnOK" classname="com.dotcms.publisher.endpoint.bean.PublishingEndPointTest" time="0.001"/>
  <testcase name="validatePublishingEndPoint_whenAWSS3PublishWithoutValidCredentials_returnException" classname="com.dotcms.publisher.endpoint.bean.PublishingEndPointTest" time="0.834"/>
  <testcase name="validatePublishingEndPoint_whenAWSS3PublishWithoutBucketID_returnException" classname="com.dotcms.publisher.endpoint.bean.PublishingEndPointTest" time="0.007"/>
  <testcase name="validatePublishingEndPoint_whenAWSS3PublishWithoutProperties_returnException" classname="com.dotcms.publisher.endpoint.bean.PublishingEndPointTest" time="0.003"/>
  <system-out><![CDATA[]]></system-out>
  <system-err><![CDATA[]]></system-err>
</testsuite>
