<?xml version="1.0" encoding="UTF-8"?>
<testsuite name="com.dotmarketing.startup.runonce.Task220203RemoveFolderInodeConstraintTest" tests="1" skipped="0" failures="0" errors="0" timestamp="2023-07-21T06:57:42" hostname="fv-az484-380" time="0.052">
  <properties/>
  <testcase name="testUpgradeTask" classname="com.dotmarketing.startup.runonce.Task220203RemoveFolderInodeConstraintTest" time="0.052"/>
  <system-out><![CDATA[







]]></system-out>
  <system-err><![CDATA[]]></system-err>
</testsuite>
