<?xml version="1.0" encoding="UTF-8"?>
<testsuite name="com.liferay.portal.language.LanguageUtilTest" tests="15" skipped="0" failures="0" errors="0" timestamp="2023-07-06T23:53:46" hostname="fv-az450-882" time="0.042">
  <properties/>
  <testcase name="getLanguageId_null_expected_negative_lang_Test" classname="com.liferay.portal.language.LanguageUtilTest" time="0.0"/>
  <testcase name="getLanguageId_empty_expected_negative_lang_Test" classname="com.liferay.portal.language.LanguageUtilTest" time="0.001"/>
  <testcase name="getLanguageId_weirdlang_expected_negative_lang_Test" classname="com.liferay.portal.language.LanguageUtilTest" time="0.001"/>
  <testcase name="getLanguageId_valid_default_long_expected_same_lang_id_Test" classname="com.liferay.portal.language.LanguageUtilTest" time="0.002"/>
  <testcase name="test_getAllMessagesByLocale_success" classname="com.liferay.portal.language.LanguageUtilTest" time="0.017"/>
  <testcase name="getLanguageId_existing_expected_non_negative_lang_Test" classname="com.liferay.portal.language.LanguageUtilTest" time="0.007"/>
  <testcase name="test_getLanguageId_DiffLanguageLocale[0: com.liferay.portal.language.LanguageUtilTest$TestCaseLanguageLocale@4dcb6d3b]" classname="com.liferay.portal.language.LanguageUtilTest" time="0.003"/>
  <testcase name="test_getLanguageId_DiffLanguageLocale[1: com.liferay.portal.language.LanguageUtilTest$TestCaseLanguageLocale@4065b8b8]" classname="com.liferay.portal.language.LanguageUtilTest" time="0.002"/>
  <testcase name="test_getLanguageId_DiffLanguageLocale[2: com.liferay.portal.language.LanguageUtilTest$TestCaseLanguageLocale@3a7e578e]" classname="com.liferay.portal.language.LanguageUtilTest" time="0.001"/>
  <testcase name="test_getLanguageId_DiffLanguageLocale[3: com.liferay.portal.language.LanguageUtilTest$TestCaseLanguageLocale@6af4d8df]" classname="com.liferay.portal.language.LanguageUtilTest" time="0.001"/>
  <testcase name="test_getLanguageId_DiffLanguageLocale[4: com.liferay.portal.language.LanguageUtilTest$TestCaseLanguageLocale@7cc0c20f]" classname="com.liferay.portal.language.LanguageUtilTest" time="0.001"/>
  <testcase name="test_getLanguageId_DiffLanguageLocale[5: com.liferay.portal.language.LanguageUtilTest$TestCaseLanguageLocale@118d0557]" classname="com.liferay.portal.language.LanguageUtilTest" time="0.001"/>
  <testcase name="test_getLanguageId_DiffLanguageLocale[6: com.liferay.portal.language.LanguageUtilTest$TestCaseLanguageLocale@5987e2cf]" classname="com.liferay.portal.language.LanguageUtilTest" time="0.002"/>
  <testcase name="test_getLanguageId_DiffLanguageLocale[7: com.liferay.portal.language.LanguageUtilTest$TestCaseLanguageLocale@1579eb00]" classname="com.liferay.portal.language.LanguageUtilTest" time="0.0"/>
  <testcase name="getLanguageId_valid_long_expected_same_lang_id_Test" classname="com.liferay.portal.language.LanguageUtilTest" time="0.0"/>
  <system-out><![CDATA[]]></system-out>
  <system-err><![CDATA[]]></system-err>
</testsuite>
