<?xml version="1.0" encoding="UTF-8"?>
<testsuite name="com.dotmarketing.business.DeterministicIdentifierAPITest" tests="16" skipped="0" failures="0" errors="0" timestamp="2023-06-29T18:34:41" hostname="fv-az571-416" time="1.209">
  <properties/>
  <testcase name="Test_Category_Path_Seed_And_Id" classname="com.dotmarketing.business.DeterministicIdentifierAPITest" time="0.032"/>
  <testcase name="Test_Language_Deterministic_Id[0: LanguageTestCase{expectedSeed='Language:es:US', expectedHash=4913155, langCode='es', countryCode='US', country='United States'}]" classname="com.dotmarketing.business.DeterministicIdentifierAPITest" time="0.001"/>
  <testcase name="Test_Language_Deterministic_Id[1: LanguageTestCase{expectedSeed='Language:ep:', expectedHash=5292269, langCode='ep', countryCode='', country=''}]" classname="com.dotmarketing.business.DeterministicIdentifierAPITest" time="0.002"/>
  <testcase name="Test_Language_Deterministic_Id[2: LanguageTestCase{expectedSeed='Language:sg:SAG', expectedHash=4713118, langCode='sg', countryCode='SAG', country=''}]" classname="com.dotmarketing.business.DeterministicIdentifierAPITest" time="0.001"/>
  <testcase name="Test_Language_Deterministic_Id[3: LanguageTestCase{expectedSeed='Language:en:NZ', expectedHash=5382528, langCode='en', countryCode='NZ', country='New Zealand'}]" classname="com.dotmarketing.business.DeterministicIdentifierAPITest" time="0.001"/>
  <testcase name="Test_Category_None_Persisted_Category_Should_Return_Deterministic_Id" classname="com.dotmarketing.business.DeterministicIdentifierAPITest" time="0.002"/>
  <testcase name="Test_Asset_Generate_Deterministic_Id_Best_Effort[0: TestCase{versionable=my.host1688063265353.com, parent=System Host, expectedName='my.host1688063265353.com', expectedType='Host'}]" classname="com.dotmarketing.business.DeterministicIdentifierAPITest" time="0.004"/>
  <testcase name="Test_Asset_Generate_Deterministic_Id_Best_Effort[1: TestCase{versionable=com.dotmarketing.portlets.contentlet.model.Contentlet@2b76235d[map={modDate=2023-06-29 18:27:45.853, fileName=file12568253734180221705.txt, title=file12568253734180221705.txt, inode=83a00bd6-daef-466c-949e-fcf8e8caf721, __IS_NEW_CONTENT__=true, disabledWYSIWYG=[], host=0dc380a6-2bf5-47b4-9246-52fe7cd56466, stInode=33888b6f-7a8e-4069-b1b6-5c1aa9d0a48d, owner=system, identifier=88a6f0fb-5d79-49e1-b79b-08f45c61a97a, nullProperties=[wfExpireDate, wfPublishDate, wfActionAssign, wfActionId, wfActionComments, filterKey, whereToSend, wfNeverExpire, _path_to_move, timezoneId, iWantTo, wfPublishTime, wfExpireTime], languageId=1, fileAsset=/home/runner/work/core/custom/assets/8/3/83a00bd6-daef-466c-949e-fcf8e8caf721/fileAsset/file12568253734180221705.txt, folder=84e39905-5980-456b-8bc4-3b88fb6b9f36, __disable_workflow__=true, sortOrder=0, modUser=system},lowIndexPriority=false,variantId=DEFAULT], parent=com.dotmarketing.portlets.folders.model.Folder@2c13c4cb[identifier=84e39905-5980-456b-8bc4-3b88fb6b9f36,name=testName1688063265846,sortOrder=0,showOnMenu=false,hostId=0dc380a6-2bf5-47b4-9246-52fe7cd56466,type=folder,title=testTitle1688063265846,filesMasks=,defaultFileType=33888b6f-7a8e-4069-b1b6-5c1aa9d0a48d,modDate=2023-06-29 18:27:45.849,owner=&lt;null&gt;,iDate=2023-06-29 18:27:45.849,inode=84e39905-5980-456b-8bc4-3b88fb6b9f36,path=/testName1688063265846/], expectedName='file12568253734180221705.txt', expectedType='FileAsset'}]" classname="com.dotmarketing.business.DeterministicIdentifierAPITest" time="0.004"/>
  <testcase name="Test_Asset_Generate_Deterministic_Id_Best_Effort[2: TestCase{versionable=com.dotmarketing.portlets.templates.model.Template@56cec107, parent=my.host1688063265353.com, expectedName='testTitle1688063266002', expectedType='Template'}]" classname="com.dotmarketing.business.DeterministicIdentifierAPITest" time="0.003"/>
  <testcase name="Test_Asset_Generate_Deterministic_Id_Best_Effort[3: TestCase{versionable=com.dotmarketing.portlets.htmlpageasset.model.HTMLPageAsset@3a4f6e6a[map={template=fafe4820-f666-42cc-ae15-9d03a71a5200, owner=system, identifier=93c7d25b-71be-4440-a3f6-954ab0c18c75, nullProperties=[wfExpireDate, wfPublishDate, wfActionAssign, wfActionId, wfActionComments, filterKey, whereToSend, wfNeverExpire, _path_to_move, timezoneId, iWantTo, wfPublishTime, wfExpireTime], modDate=2023-06-29 18:27:46.025, cachettl=0, _is_test_mode=true, languageId=1, title=test-page-title-1688063266017, httpsreq=, url=test-page-url-1688063266017, showOnMenu=, inode=9a8c5e97-7df4-43dd-87c1-233abc9f8bd8, folder=84e39905-5980-456b-8bc4-3b88fb6b9f36, disabledWYSIWYG=[], sortOrder=1, modUser=system, host=0dc380a6-2bf5-47b4-9246-52fe7cd56466, stInode=c541abb1-69b3-4bc5-8430-5e09e5239cc8, friendlyName=test-page-friendly-name-1688063266017},lowIndexPriority=false,variantId=DEFAULT], parent=com.dotmarketing.portlets.folders.model.Folder@2c13c4cb[identifier=84e39905-5980-456b-8bc4-3b88fb6b9f36,name=testName1688063265846,sortOrder=0,showOnMenu=false,hostId=0dc380a6-2bf5-47b4-9246-52fe7cd56466,type=folder,title=testTitle1688063265846,filesMasks=,defaultFileType=33888b6f-7a8e-4069-b1b6-5c1aa9d0a48d,modDate=2023-06-29 18:27:45.849,owner=&lt;null&gt;,iDate=2023-06-29 18:27:45.849,inode=84e39905-5980-456b-8bc4-3b88fb6b9f36,path=/testName1688063265846/], expectedName='test-page-url-1688063266017', expectedType='htmlpageasset'}]" classname="com.dotmarketing.business.DeterministicIdentifierAPITest" time="0.004"/>
  <testcase name="Test_Asset_Generate_Deterministic_Id_Best_Effort[4: TestCase{versionable=com.dotmarketing.portlets.contentlet.model.Contentlet@3ab4683a[map={fileAsset2=/home/runner/work/core/custom/assets/6/b/6b94a643-2197-46e4-99ff-aa15a636f670/fileAsset2/test_binary1688063267952.png, modDate=2023-06-29 18:27:47.958, fileAsset1=/home/runner/work/core/custom/assets/6/b/6b94a643-2197-46e4-99ff-aa15a636f670/fileAsset1/test_binary1688063267952.jpg, title=blah, inode=6b94a643-2197-46e4-99ff-aa15a636f670, __IS_NEW_CONTENT__=true, disabledWYSIWYG=[], host=48190c8c-42c4-46af-8d1a-0cd5db894797, stInode=79dbd3b8-66d3-4d87-9fc2-1be1f3e67d4b, owner=system, identifier=c31910f5-b622-4fa2-bfa7-37a663c37c46, nullProperties=[], languageId=1, image1=2390996b-39ab-411f-96a6-747ef248f20f, folder=SYSTEM_FOLDER, __disable_workflow__=true, sortOrder=0, modUser=system},lowIndexPriority=false,variantId=DEFAULT], parent=demo.dotcms.com, expectedName='test_binary1688063267952.jpg:test_binary1688063267952.png', expectedType='MultipleBinaries1688063266297'}]" classname="com.dotmarketing.business.DeterministicIdentifierAPITest" time="0.004"/>
  <testcase name="Test_Asset_Generate_Deterministic_Id_Best_Effort[5: TestCase{versionable=named1fa0dcd58 : keyTagd1fa0dcd58, parent=my.host1688063265353.com, expectedName='keyTagd1fa0dcd58', expectedType='persona'}]" classname="com.dotmarketing.business.DeterministicIdentifierAPITest" time="0.003"/>
  <testcase name="Test_Similar_Content_Type_Wont_Clash" classname="com.dotmarketing.business.DeterministicIdentifierAPITest" time="0.565"/>
  <testcase name="Test_Generate_Folder_Identifier" classname="com.dotmarketing.business.DeterministicIdentifierAPITest" time="0.568"/>
  <testcase name="Test_Generate_Content_Type_Identifier[0: ContentTypeTestCase{contentType=KeyValueContentType{name=Language Variable, id=f4d7c1b8-2c88-4071-abf1-a5328977b07d, description=Default Content Type for Language Variables, defaultType=false, fixed=true, iDate=Thu Aug 31 16:38:49 UTC 2017, system=true, versionable=true, variable=Languagevariable, modDate=Thu Jun 29 17:18:25 UTC 2023, host=SYSTEM_HOST, siteName=systemHost, icon=language, sortOrder=0, folder=SYSTEM_FOLDER, folderPath=/, markedForDeletion=true, multilingualable=false}, expectedName='Languagevariable', expectedType='KeyValue'}]" classname="com.dotmarketing.business.DeterministicIdentifierAPITest" time="0.006"/>
  <testcase name="Test_Generate_Content_Type_Identifier[1: ContentTypeTestCase{contentType=SimpleContentType{name=testName1688063268427, id=0623960c-b734-49b6-ad9f-83baa620a7b8, description=testDescription1688063268427, defaultType=false, fixed=false, iDate=Thu Jun 29 18:27:48 UTC 2023, system=false, versionable=true, multilingualable=false, variable=testVarname1688063268427, owner=system, modDate=Thu Jun 29 18:27:49 UTC 2023, host=48190c8c-42c4-46af-8d1a-0cd5db894797, siteName=demo.dotcms.com, icon=event_note, sortOrder=0, folder=SYSTEM_FOLDER, folderPath=/, requiredFields=[], markedForDeletion=false}, expectedName='testVarname1688063268427', expectedType='CONTENT'}]" classname="com.dotmarketing.business.DeterministicIdentifierAPITest" time="0.006"/>
  <system-out><![CDATA[]]></system-out>
  <system-err><![CDATA[]]></system-err>
</testsuite>
