<?xml version="1.0" encoding="UTF-8"?>
<testsuite name="com.dotmarketing.startup.runonce.Task04335CreateSystemWorkflowTest" tests="1" skipped="0" failures="0" errors="0" timestamp="2023-07-11T15:36:09" hostname="fv-az399-769" time="0.038">
  <properties/>
  <testcase name="addPermission_onDiffDataBase_Success" classname="com.dotmarketing.startup.runonce.Task04335CreateSystemWorkflowTest" time="0.038"/>
  <system-out><![CDATA[]]></system-out>
  <system-err><![CDATA[]]></system-err>
</testsuite>
