<?xml version="1.0" encoding="UTF-8"?>
<testsuite name="com.dotcms.rest.elasticsearch.ESContentResourcePortletTest" tests="8" skipped="0" failures="0" errors="0" timestamp="2023-07-20T21:38:15" hostname="fv-az574-670" time="10.18">
  <properties/>
  <testcase name="test_search_includeGrandChildCategory_success" classname="com.dotcms.rest.elasticsearch.ESContentResourcePortletTest" time="2.485"/>
  <testcase name="testSearch[0: com.dotcms.rest.elasticsearch.ESContentResourcePortletTest$TestCase@2ce351bc]" classname="com.dotcms.rest.elasticsearch.ESContentResourcePortletTest" time="1.154"/>
  <testcase name="testSearch[1: com.dotcms.rest.elasticsearch.ESContentResourcePortletTest$TestCase@32278680]" classname="com.dotcms.rest.elasticsearch.ESContentResourcePortletTest" time="1.392"/>
  <testcase name="testSearch[2: com.dotcms.rest.elasticsearch.ESContentResourcePortletTest$TestCase@4251eddd]" classname="com.dotcms.rest.elasticsearch.ESContentResourcePortletTest" time="1.125"/>
  <testcase name="testSearch[3: com.dotcms.rest.elasticsearch.ESContentResourcePortletTest$TestCase@1b3a71cd]" classname="com.dotcms.rest.elasticsearch.ESContentResourcePortletTest" time="1.412"/>
  <testcase name="testSearch[4: com.dotcms.rest.elasticsearch.ESContentResourcePortletTest$TestCase@2de2ada7]" classname="com.dotcms.rest.elasticsearch.ESContentResourcePortletTest" time="0.357"/>
  <testcase name="testSearch[5: com.dotcms.rest.elasticsearch.ESContentResourcePortletTest$TestCase@23ff2d1d]" classname="com.dotcms.rest.elasticsearch.ESContentResourcePortletTest" time="1.132"/>
  <testcase name="testSearch[6: com.dotcms.rest.elasticsearch.ESContentResourcePortletTest$TestCase@6e0d03ba]" classname="com.dotcms.rest.elasticsearch.ESContentResourcePortletTest" time="1.12"/>
  <system-out><![CDATA[]]></system-out>
  <system-err><![CDATA[]]></system-err>
</testsuite>
