<?xml version="1.0" encoding="UTF-8"?>
<testsuite name="com.dotmarketing.portlets.workflows.business.WorkflowAPITest" tests="49" skipped="0" failures="0" errors="0" timestamp="2023-06-22T14:36:41" hostname="fv-az361-657" time="39.981">
  <properties/>
  <testcase name="mapSystemActionToWorkflowActionForWorkflowScheme_Null_SystemAction_Test" classname="com.dotmarketing.portlets.workflows.business.WorkflowAPITest" time="0.001"/>
  <testcase name="mapSystemActionToWorkflowActionForWorkflowScheme_Null_Workflow_Scheme_Test" classname="com.dotmarketing.portlets.workflows.business.WorkflowAPITest" time="0.001"/>
  <testcase name="findAvailableActions" classname="com.dotmarketing.portlets.workflows.business.WorkflowAPITest" time="0.329"/>
  <testcase name="deleteWorkflowHistoryOldVersions" classname="com.dotmarketing.portlets.workflows.business.WorkflowAPITest" time="1.107"/>
  <testcase name="onLanguageDeletedEvent_Test" classname="com.dotmarketing.portlets.workflows.business.WorkflowAPITest" time="1.095"/>
  <testcase name="Create_Contentlet_Assign_Task_With_Null_Status_Then_Checkin_Then_Verify_Auto_Assign_is_Called_And_New_Task_Is_Set_Contentlet" classname="com.dotmarketing.portlets.workflows.business.WorkflowAPITest" time="1.133"/>
  <testcase name="saveSchemesForStruct" classname="com.dotmarketing.portlets.workflows.business.WorkflowAPITest" time="0.025"/>
  <testcase name="find_Task_By_Contentlet_Then_Find_Version_Info" classname="com.dotmarketing.portlets.workflows.business.WorkflowAPITest" time="1.234"/>
  <testcase name="fireWorkflowAction_checkPropertiesAreCopied_successfully" classname="com.dotmarketing.portlets.workflows.business.WorkflowAPITest" time="1.708"/>
  <testcase name="hasArchiveActionlet_False_Test" classname="com.dotmarketing.portlets.workflows.business.WorkflowAPITest" time="0.002"/>
  <testcase name="findTaskByContentlet" classname="com.dotmarketing.portlets.workflows.business.WorkflowAPITest" time="1.228"/>
  <testcase name="deleteScheme" classname="com.dotmarketing.portlets.workflows.business.WorkflowAPITest" time="4.472"/>
  <testcase name="validatingDocumentManagementWorkflow" classname="com.dotmarketing.portlets.workflows.business.WorkflowAPITest" time="1.753"/>
  <testcase name="mapSystemActionToWorkflowActionForContentType_Null_WFAction_Test" classname="com.dotmarketing.portlets.workflows.business.WorkflowAPITest" time="0.001"/>
  <testcase name="findStepsByContentlet" classname="com.dotmarketing.portlets.workflows.business.WorkflowAPITest" time="1.354"/>
  <testcase name="mapSystemActionToWorkflowActionForWorkflowScheme_InvalidScheme_Test" classname="com.dotmarketing.portlets.workflows.business.WorkflowAPITest" time="0.003"/>
  <testcase name="findFirstStepExistingTest" classname="com.dotmarketing.portlets.workflows.business.WorkflowAPITest" time="0.003"/>
  <testcase name="findStepsByContentlet_validateIfStepsResultsAreOnCache" classname="com.dotmarketing.portlets.workflows.business.WorkflowAPITest" time="0.684"/>
  <testcase name="findAction" classname="com.dotmarketing.portlets.workflows.business.WorkflowAPITest" time="1.129"/>
  <testcase name="findActions" classname="com.dotmarketing.portlets.workflows.business.WorkflowAPITest" time="0.01"/>
  <testcase name="hasArchiveActionlet_True_Test" classname="com.dotmarketing.portlets.workflows.business.WorkflowAPITest" time="0.002"/>
  <testcase name="saveWorkflowTask" classname="com.dotmarketing.portlets.workflows.business.WorkflowAPITest" time="1.061"/>
  <testcase name="findFirstStepNonExistingTest" classname="com.dotmarketing.portlets.workflows.business.WorkflowAPITest" time="0.001"/>
  <testcase name="copy_system_workflow_success" classname="com.dotmarketing.portlets.workflows.business.WorkflowAPITest" time="0.243"/>
  <testcase name="mapSystemActionToWorkflowActionForContentType_Null_SystemAction_Test" classname="com.dotmarketing.portlets.workflows.business.WorkflowAPITest" time="0.0"/>
  <testcase name="findFirstStepForActionExistingTest" classname="com.dotmarketing.portlets.workflows.business.WorkflowAPITest" time="0.002"/>
  <testcase name="delete_action_and_dependencies_Test" classname="com.dotmarketing.portlets.workflows.business.WorkflowAPITest" time="0.216"/>
  <testcase name="send_permission_with_limited_user_Test" classname="com.dotmarketing.portlets.workflows.business.WorkflowAPITest" time="1.893"/>
  <testcase name="mapSystemActionToWorkflowActionForContentType_Test" classname="com.dotmarketing.portlets.workflows.business.WorkflowAPITest" time="0.025"/>
  <testcase name="issue5197" classname="com.dotmarketing.portlets.workflows.business.WorkflowAPITest" time="1.692"/>
  <testcase name="hasPublishActionlet_False_Test" classname="com.dotmarketing.portlets.workflows.business.WorkflowAPITest" time="0.001"/>
  <testcase name="mapSystemActionToWorkflowActionForContentType_InvalidHost_ContentType_Test" classname="com.dotmarketing.portlets.workflows.business.WorkflowAPITest" time="0.002"/>
  <testcase name="findAvailableActions_working_version_get_empty_actions" classname="com.dotmarketing.portlets.workflows.business.WorkflowAPITest" time="1.537"/>
  <testcase name="hasSaveActionlet_True_Test" classname="com.dotmarketing.portlets.workflows.business.WorkflowAPITest" time="0.002"/>
  <testcase name="test_create_workflow_with_two_move_actionlets_test_findActions" classname="com.dotmarketing.portlets.workflows.business.WorkflowAPITest" time="0.031"/>
  <testcase name="mapSystemActionToWorkflowActionForWorkflowScheme_Test" classname="com.dotmarketing.portlets.workflows.business.WorkflowAPITest" time="2.171"/>
  <testcase name="validatingNoObligatorieContentTypeWorkflow" classname="com.dotmarketing.portlets.workflows.business.WorkflowAPITest" time="0.246"/>
  <testcase name="findSchemesForContenttype_validateIfSchemesResultsAreOnCache" classname="com.dotmarketing.portlets.workflows.business.WorkflowAPITest" time="0.919"/>
  <testcase name="saveScheme_keepExistingContentWorkflowTaskStatus_IfWorkflowSchemeRemainsAssociated" classname="com.dotmarketing.portlets.workflows.business.WorkflowAPITest" time="1.134"/>
  <testcase name="findFirstStepForActionNonExistingTest" classname="com.dotmarketing.portlets.workflows.business.WorkflowAPITest" time="0.002"/>
  <testcase name="mapSystemActionToWorkflowActionForContentType_Null_ContentType_Test" classname="com.dotmarketing.portlets.workflows.business.WorkflowAPITest" time="0.002"/>
  <testcase name="hasPublishActionlet_True_Test" classname="com.dotmarketing.portlets.workflows.business.WorkflowAPITest" time="0.003"/>
  <testcase name="mapSystemActionToWorkflowActionForWorkflowScheme_Null_WFAction_Test" classname="com.dotmarketing.portlets.workflows.business.WorkflowAPITest" time="0.001"/>
  <testcase name="findActionsRestrictedByPermission" classname="com.dotmarketing.portlets.workflows.business.WorkflowAPITest" time="0.115"/>
  <testcase name="findActionRespectingPermissions" classname="com.dotmarketing.portlets.workflows.business.WorkflowAPITest" time="1.144"/>
  <testcase name="findActionMappedBySystemActionContentlet_Test" classname="com.dotmarketing.portlets.workflows.business.WorkflowAPITest" time="1.517"/>
  <testcase name="hasSaveActionlet_False_Test" classname="com.dotmarketing.portlets.workflows.business.WorkflowAPITest" time="0.001"/>
  <testcase name="testPushIndexUpdate" classname="com.dotmarketing.portlets.workflows.business.WorkflowAPITest" time="8.394"/>
  <testcase name="archive_success_whenWorkflowIsArchived" classname="com.dotmarketing.portlets.workflows.business.WorkflowAPITest" time="0.339"/>
  <system-out><![CDATA[



]]></system-out>
  <system-err><![CDATA[]]></system-err>
</testsuite>
