<?xml version="1.0" encoding="UTF-8"?>
<testsuite name="com.dotcms.contenttype.test.FieldFactoryImplTest" tests="21" skipped="0" failures="0" errors="0" timestamp="2023-07-13T20:17:43" hostname="fv-az673-76" time="29.319">
  <properties/>
  <testcase name="testBadBoolDBColumn" classname="com.dotcms.contenttype.test.FieldFactoryImplTest" time="0.02"/>
  <testcase name="testBadIntDBColumn" classname="com.dotcms.contenttype.test.FieldFactoryImplTest" time="0.019"/>
  <testcase name="testBadLegacyDBColumn" classname="com.dotcms.contenttype.test.FieldFactoryImplTest" time="0.022"/>
  <testcase name="testBinaryFieldDataType" classname="com.dotcms.contenttype.test.FieldFactoryImplTest" time="0.03"/>
  <testcase name="testDataTypeLimit" classname="com.dotcms.contenttype.test.FieldFactoryImplTest" time="17.997"/>
  <testcase name="testDeletingFields" classname="com.dotcms.contenttype.test.FieldFactoryImplTest" time="2.454"/>
  <testcase name="testEquals" classname="com.dotcms.contenttype.test.FieldFactoryImplTest" time="0.778"/>
  <testcase name="testFieldImplClasses" classname="com.dotcms.contenttype.test.FieldFactoryImplTest" time="0.004"/>
  <testcase name="testFieldVariables" classname="com.dotcms.contenttype.test.FieldFactoryImplTest" time="3.379"/>
  <testcase name="testFindByTypeMethods" classname="com.dotcms.contenttype.test.FieldFactoryImplTest" time="0.017"/>
  <testcase name="testLegacyFieldBuilder" classname="com.dotcms.contenttype.test.FieldFactoryImplTest" time="0.013"/>
  <testcase name="testReorderField" classname="com.dotcms.contenttype.test.FieldFactoryImplTest" time="0.043"/>
  <testcase name="testSaveAndFindReturnSameObject" classname="com.dotcms.contenttype.test.FieldFactoryImplTest" time="0.03"/>
  <testcase name="testSelectByContentTypeIdFieldRelationTypeInDb" classname="com.dotcms.contenttype.test.FieldFactoryImplTest" time="1.424"/>
  <testcase name="testSelectByContentTypeInDb" classname="com.dotcms.contenttype.test.FieldFactoryImplTest" time="1.408"/>
  <testcase name="testSelectByContentTypeVarInDb" classname="com.dotcms.contenttype.test.FieldFactoryImplTest" time="1.434"/>
  <testcase name="testSuggestVelocityVar" classname="com.dotcms.contenttype.test.FieldFactoryImplTest" time="0.127"/>
  <testcase name="testTextDBColumn" classname="com.dotcms.contenttype.test.FieldFactoryImplTest" time="0.043"/>
  <testcase name="testTextFloatColumn" classname="com.dotcms.contenttype.test.FieldFactoryImplTest" time="0.038"/>
  <testcase name="testTextIntColumn" classname="com.dotcms.contenttype.test.FieldFactoryImplTest" time="0.033"/>
  <testcase name="testUTF8SuggestVariable" classname="com.dotcms.contenttype.test.FieldFactoryImplTest" time="0.002"/>
  <system-out><![CDATA[]]></system-out>
  <system-err><![CDATA[]]></system-err>
</testsuite>
