<?xml version="1.0" encoding="UTF-8"?>
<testsuite name="com.dotcms.rest.elasticsearch.ESContentResourcePortletTest" tests="8" skipped="0" failures="0" errors="0" timestamp="2023-07-05T16:55:17" hostname="fv-az313-710" time="7.686">
  <properties/>
  <testcase name="test_search_includeGrandChildCategory_success" classname="com.dotcms.rest.elasticsearch.ESContentResourcePortletTest" time="1.335"/>
  <testcase name="testSearch[0: com.dotcms.rest.elasticsearch.ESContentResourcePortletTest$TestCase@881f6a0]" classname="com.dotcms.rest.elasticsearch.ESContentResourcePortletTest" time="0.859"/>
  <testcase name="testSearch[1: com.dotcms.rest.elasticsearch.ESContentResourcePortletTest$TestCase@1593859d]" classname="com.dotcms.rest.elasticsearch.ESContentResourcePortletTest" time="0.298"/>
  <testcase name="testSearch[2: com.dotcms.rest.elasticsearch.ESContentResourcePortletTest$TestCase@3ac3d4e5]" classname="com.dotcms.rest.elasticsearch.ESContentResourcePortletTest" time="0.934"/>
  <testcase name="testSearch[3: com.dotcms.rest.elasticsearch.ESContentResourcePortletTest$TestCase@5e2b100c]" classname="com.dotcms.rest.elasticsearch.ESContentResourcePortletTest" time="1.274"/>
  <testcase name="testSearch[4: com.dotcms.rest.elasticsearch.ESContentResourcePortletTest$TestCase@5918c99f]" classname="com.dotcms.rest.elasticsearch.ESContentResourcePortletTest" time="1.241"/>
  <testcase name="testSearch[5: com.dotcms.rest.elasticsearch.ESContentResourcePortletTest$TestCase@502e004c]" classname="com.dotcms.rest.elasticsearch.ESContentResourcePortletTest" time="0.903"/>
  <testcase name="testSearch[6: com.dotcms.rest.elasticsearch.ESContentResourcePortletTest$TestCase@746e9250]" classname="com.dotcms.rest.elasticsearch.ESContentResourcePortletTest" time="0.842"/>
  <system-out><![CDATA[]]></system-out>
  <system-err><![CDATA[]]></system-err>
</testsuite>
