<?xml version="1.0" encoding="UTF-8"?>
<testsuite name="com.dotmarketing.servlets.ajax.AjaxDirectorServletIntegrationTest" tests="2" skipped="0" failures="0" errors="0" timestamp="2023-06-30T21:41:04" hostname="fv-az247-376" time="3.674">
  <properties/>
  <testcase name="testService[0: com.dotmarketing.servlets.ajax.AjaxDirectorServletTestCase@4d88932f]" classname="com.dotmarketing.servlets.ajax.AjaxDirectorServletIntegrationTest" time="2.187"/>
  <testcase name="testService[1: com.dotmarketing.servlets.ajax.AjaxDirectorServletTestCase@32b315be]" classname="com.dotmarketing.servlets.ajax.AjaxDirectorServletIntegrationTest" time="1.487"/>
  <system-out><![CDATA[]]></system-out>
  <system-err><![CDATA[]]></system-err>
</testsuite>
