<?xml version="1.0" encoding="UTF-8"?>
<testsuite name="com.dotcms.contenttype.test.ContentResourceTest" tests="52" skipped="0" failures="0" errors="0" timestamp="2023-06-28T19:07:49" hostname="fv-az851-777" time="131.507">
  <properties/>
  <testcase name="testGetContentShouldReturnIconDetails" classname="com.dotcms.contenttype.test.ContentResourceTest" time="1.47"/>
  <testcase name="Test_Save_Action_Set_Words_To_Required_NumericField_Issue_15340" classname="com.dotcms.contenttype.test.ContentResourceTest" time="0.885"/>
  <testcase name="test_getContent_includeGrandChildCategory_success" classname="com.dotcms.contenttype.test.ContentResourceTest" time="1.237"/>
  <testcase name="testGetContentWithRelatedParameter[0: com.dotcms.contenttype.test.ContentResourceTest$PullRelatedTestCase@29ba2d97]" classname="com.dotcms.contenttype.test.ContentResourceTest" time="3.518"/>
  <testcase name="testGetContentWithRelatedParameter[1: com.dotcms.contenttype.test.ContentResourceTest$PullRelatedTestCase@5601ce9a]" classname="com.dotcms.contenttype.test.ContentResourceTest" time="3.516"/>
  <testcase name="testGetContentWithRelatedParameter[2: com.dotcms.contenttype.test.ContentResourceTest$PullRelatedTestCase@7ceafc84]" classname="com.dotcms.contenttype.test.ContentResourceTest" time="3.479"/>
  <testcase name="testGetContentWithRelatedParameter[3: com.dotcms.contenttype.test.ContentResourceTest$PullRelatedTestCase@324362f6]" classname="com.dotcms.contenttype.test.ContentResourceTest" time="3.553"/>
  <testcase name="testGetContentWithRelatedParameter[4: com.dotcms.contenttype.test.ContentResourceTest$PullRelatedTestCase@4aed27bc]" classname="com.dotcms.contenttype.test.ContentResourceTest" time="3.359"/>
  <testcase name="test_getContent_SelfRelatedWith3LevelsOfDepth_shouldReturnRelationships" classname="com.dotcms.contenttype.test.ContentResourceTest" time="1.253"/>
  <testcase name="Test_Save_Action_Send_Fields_SubSet_Issue_15340" classname="com.dotcms.contenttype.test.ContentResourceTest" time="2.904"/>
  <testcase name="test_getContent_shouldReturnRelationships[0: com.dotcms.contenttype.test.ContentResourceTest$TestCase@12c04565]" classname="com.dotcms.contenttype.test.ContentResourceTest" time="2.579"/>
  <testcase name="test_getContent_shouldReturnRelationships[1: com.dotcms.contenttype.test.ContentResourceTest$TestCase@39659565]" classname="com.dotcms.contenttype.test.ContentResourceTest" time="2.456"/>
  <testcase name="test_getContent_shouldReturnRelationships[2: com.dotcms.contenttype.test.ContentResourceTest$TestCase@1018046d]" classname="com.dotcms.contenttype.test.ContentResourceTest" time="2.608"/>
  <testcase name="test_getContent_shouldReturnRelationships[3: com.dotcms.contenttype.test.ContentResourceTest$TestCase@33eb0115]" classname="com.dotcms.contenttype.test.ContentResourceTest" time="2.569"/>
  <testcase name="test_getContent_shouldReturnRelationships[4: com.dotcms.contenttype.test.ContentResourceTest$TestCase@23109160]" classname="com.dotcms.contenttype.test.ContentResourceTest" time="1.791"/>
  <testcase name="test_getContent_shouldReturnRelationships[5: com.dotcms.contenttype.test.ContentResourceTest$TestCase@364bf6da]" classname="com.dotcms.contenttype.test.ContentResourceTest" time="2.527"/>
  <testcase name="test_getContent_shouldReturnRelationships[6: com.dotcms.contenttype.test.ContentResourceTest$TestCase@6620a712]" classname="com.dotcms.contenttype.test.ContentResourceTest" time="2.623"/>
  <testcase name="test_getContent_shouldReturnRelationships[7: com.dotcms.contenttype.test.ContentResourceTest$TestCase@d28e16a]" classname="com.dotcms.contenttype.test.ContentResourceTest" time="2.589"/>
  <testcase name="test_getContent_shouldReturnRelationships[8: com.dotcms.contenttype.test.ContentResourceTest$TestCase@2a94fa3e]" classname="com.dotcms.contenttype.test.ContentResourceTest" time="2.633"/>
  <testcase name="test_getContent_shouldReturnRelationships[9: com.dotcms.contenttype.test.ContentResourceTest$TestCase@43003490]" classname="com.dotcms.contenttype.test.ContentResourceTest" time="1.881"/>
  <testcase name="test_getContent_shouldReturnRelationships[10: com.dotcms.contenttype.test.ContentResourceTest$TestCase@207b03d5]" classname="com.dotcms.contenttype.test.ContentResourceTest" time="2.602"/>
  <testcase name="test_getContent_shouldReturnRelationships[11: com.dotcms.contenttype.test.ContentResourceTest$TestCase@6a928501]" classname="com.dotcms.contenttype.test.ContentResourceTest" time="2.509"/>
  <testcase name="test_getContent_shouldReturnRelationships[12: com.dotcms.contenttype.test.ContentResourceTest$TestCase@67dac767]" classname="com.dotcms.contenttype.test.ContentResourceTest" time="2.447"/>
  <testcase name="test_getContent_shouldReturnRelationships[13: com.dotcms.contenttype.test.ContentResourceTest$TestCase@25bcdbb8]" classname="com.dotcms.contenttype.test.ContentResourceTest" time="2.398"/>
  <testcase name="test_getContent_shouldReturnRelationships[14: com.dotcms.contenttype.test.ContentResourceTest$TestCase@5da10171]" classname="com.dotcms.contenttype.test.ContentResourceTest" time="2.425"/>
  <testcase name="test_getContent_shouldReturnRelationships[15: com.dotcms.contenttype.test.ContentResourceTest$TestCase@23e52d49]" classname="com.dotcms.contenttype.test.ContentResourceTest" time="3.452"/>
  <testcase name="test_getContent_shouldReturnRelationships[16: com.dotcms.contenttype.test.ContentResourceTest$TestCase@12b537ad]" classname="com.dotcms.contenttype.test.ContentResourceTest" time="3.655"/>
  <testcase name="test_getContent_shouldReturnRelationships[17: com.dotcms.contenttype.test.ContentResourceTest$TestCase@51975f58]" classname="com.dotcms.contenttype.test.ContentResourceTest" time="2.756"/>
  <testcase name="test_getContent_shouldReturnRelationships[18: com.dotcms.contenttype.test.ContentResourceTest$TestCase@4e86692]" classname="com.dotcms.contenttype.test.ContentResourceTest" time="2.826"/>
  <testcase name="test_getContent_shouldReturnRelationships[19: com.dotcms.contenttype.test.ContentResourceTest$TestCase@e6d8c23]" classname="com.dotcms.contenttype.test.ContentResourceTest" time="2.767"/>
  <testcase name="test_getContent_shouldReturnRelationships[20: com.dotcms.contenttype.test.ContentResourceTest$TestCase@355eda1c]" classname="com.dotcms.contenttype.test.ContentResourceTest" time="2.888"/>
  <testcase name="test_getContent_shouldReturnRelationships[21: com.dotcms.contenttype.test.ContentResourceTest$TestCase@5e582e70]" classname="com.dotcms.contenttype.test.ContentResourceTest" time="2.869"/>
  <testcase name="test_getContent_shouldReturnRelationships[22: com.dotcms.contenttype.test.ContentResourceTest$TestCase@19c30fdf]" classname="com.dotcms.contenttype.test.ContentResourceTest" time="2.767"/>
  <testcase name="test_getContent_shouldReturnRelationships[23: com.dotcms.contenttype.test.ContentResourceTest$TestCase@7bad9450]" classname="com.dotcms.contenttype.test.ContentResourceTest" time="2.726"/>
  <testcase name="test_getContent_shouldReturnRelationships[24: com.dotcms.contenttype.test.ContentResourceTest$TestCase@38e02f03]" classname="com.dotcms.contenttype.test.ContentResourceTest" time="2.809"/>
  <testcase name="test_getContent_shouldReturnRelationships[25: com.dotcms.contenttype.test.ContentResourceTest$TestCase@2754bdc1]" classname="com.dotcms.contenttype.test.ContentResourceTest" time="2.938"/>
  <testcase name="test_getContent_shouldReturnRelationships[26: com.dotcms.contenttype.test.ContentResourceTest$TestCase@26e8f303]" classname="com.dotcms.contenttype.test.ContentResourceTest" time="2.903"/>
  <testcase name="test_getContent_shouldReturnRelationships[27: com.dotcms.contenttype.test.ContentResourceTest$TestCase@31f0ec9a]" classname="com.dotcms.contenttype.test.ContentResourceTest" time="2.613"/>
  <testcase name="test_getContent_shouldReturnRelationships[28: com.dotcms.contenttype.test.ContentResourceTest$TestCase@8d14590]" classname="com.dotcms.contenttype.test.ContentResourceTest" time="2.604"/>
  <testcase name="test_getContent_shouldReturnRelationships[29: com.dotcms.contenttype.test.ContentResourceTest$TestCase@ae95bfe]" classname="com.dotcms.contenttype.test.ContentResourceTest" time="2.583"/>
  <testcase name="test_getContent_shouldReturnRelationships[30: com.dotcms.contenttype.test.ContentResourceTest$TestCase@6bf8c14b]" classname="com.dotcms.contenttype.test.ContentResourceTest" time="2.58"/>
  <testcase name="test_getContent_shouldReturnRelationships[31: com.dotcms.contenttype.test.ContentResourceTest$TestCase@5dda6492]" classname="com.dotcms.contenttype.test.ContentResourceTest" time="2.533"/>
  <testcase name="test_getContent_shouldReturnRelationships[32: com.dotcms.contenttype.test.ContentResourceTest$TestCase@5f25477c]" classname="com.dotcms.contenttype.test.ContentResourceTest" time="3.593"/>
  <testcase name="test_getContent_shouldReturnRelationships[33: com.dotcms.contenttype.test.ContentResourceTest$TestCase@1f53c1cd]" classname="com.dotcms.contenttype.test.ContentResourceTest" time="3.543"/>
  <testcase name="testSinglePOST_InvalidParamsShouldReturn400[0: ({\n    &quot;stInode&quot; : &quot;InvalidValue&quot;,\n    &quot;numeric&quot; : &quot;0&quot;,\n    &quot;image&quot; : &quot;whatever&quot;\n}, Bad Request)]" classname="com.dotcms.contenttype.test.ContentResourceTest" time="0.876"/>
  <testcase name="testSinglePOST_InvalidParamsShouldReturn400[1: ({\n    &quot;numeric&quot; : &quot;0&quot;,\n    &quot;image&quot; : &quot;whatever&quot;\n}, Bad Request)]" classname="com.dotcms.contenttype.test.ContentResourceTest" time="0.85"/>
  <testcase name="Test_Save_Action_Set_Null_To_Required_NumericField_Issue_15340" classname="com.dotcms.contenttype.test.ContentResourceTest" time="0.897"/>
  <testcase name="Test_Save_Action_Remove_Image_Then_Verify_Fields_Were_Cleared_Issue_15340" classname="com.dotcms.contenttype.test.ContentResourceTest" time="3.827"/>
  <testcase name="test_getContentWithMultipleSelfRelated_shouldReturnRelationships[0: com.dotcms.contenttype.test.ContentResourceTest$PullSelfRelatedTestCase@3cfcb5d2]" classname="com.dotcms.contenttype.test.ContentResourceTest" time="1.497"/>
  <testcase name="test_getContentWithMultipleSelfRelated_shouldReturnRelationships[1: com.dotcms.contenttype.test.ContentResourceTest$PullSelfRelatedTestCase@49170b96]" classname="com.dotcms.contenttype.test.ContentResourceTest" time="1.624"/>
  <testcase name="testGetContentWithAllCategoriesInfo[0: json]" classname="com.dotcms.contenttype.test.ContentResourceTest" time="2.336"/>
  <testcase name="testGetContentWithAllCategoriesInfo[1: xml]" classname="com.dotcms.contenttype.test.ContentResourceTest" time="2.377"/>
  <system-out><![CDATA[











]]></system-out>
  <system-err><![CDATA[]]></system-err>
</testsuite>
