<?xml version="1.0" encoding="UTF-8"?>
<testsuite name="com.dotcms.rest.api.v1.contenttype.FieldResourceTest" tests="25" skipped="0" failures="0" errors="0" timestamp="2023-06-26T16:13:06" hostname="fv-az455-440" time="114.922">
  <properties/>
  <testcase name="testFieldMultiSelect" classname="com.dotcms.rest.api.v1.contenttype.FieldResourceTest" time="4.993"/>
  <testcase name="testFieldWysiwyg" classname="com.dotcms.rest.api.v1.contenttype.FieldResourceTest" time="4.877"/>
  <testcase name="testFieldCheckbox" classname="com.dotcms.rest.api.v1.contenttype.FieldResourceTest" time="4.676"/>
  <testcase name="testFieldDateTime" classname="com.dotcms.rest.api.v1.contenttype.FieldResourceTest" time="4.74"/>
  <testcase name="testFieldBinary" classname="com.dotcms.rest.api.v1.contenttype.FieldResourceTest" time="4.717"/>
  <testcase name="testFieldCustom" classname="com.dotcms.rest.api.v1.contenttype.FieldResourceTest" time="4.727"/>
  <testcase name="testFieldHidden" classname="com.dotcms.rest.api.v1.contenttype.FieldResourceTest" time="4.686"/>
  <testcase name="testFieldSelect" classname="com.dotcms.rest.api.v1.contenttype.FieldResourceTest" time="4.89"/>
  <testcase name="testFieldTag" classname="com.dotcms.rest.api.v1.contenttype.FieldResourceTest" time="4.85"/>
  <testcase name="testFieldImage" classname="com.dotcms.rest.api.v1.contenttype.FieldResourceTest" time="4.712"/>
  <testcase name="testFieldRadio" classname="com.dotcms.rest.api.v1.contenttype.FieldResourceTest" time="4.863"/>
  <testcase name="testFieldsList" classname="com.dotcms.rest.api.v1.contenttype.FieldResourceTest" time="0.768"/>
  <testcase name="testFieldPermissionTab" classname="com.dotcms.rest.api.v1.contenttype.FieldResourceTest" time="4.699"/>
  <testcase name="testFieldHostFolder" classname="com.dotcms.rest.api.v1.contenttype.FieldResourceTest" time="4.696"/>
  <testcase name="testFieldRelationshipsTab" classname="com.dotcms.rest.api.v1.contenttype.FieldResourceTest" time="4.693"/>
  <testcase name="testFieldLineDivider" classname="com.dotcms.rest.api.v1.contenttype.FieldResourceTest" time="4.684"/>
  <testcase name="testFieldTabDividerField" classname="com.dotcms.rest.api.v1.contenttype.FieldResourceTest" time="4.69"/>
  <testcase name="testFieldTextArea" classname="com.dotcms.rest.api.v1.contenttype.FieldResourceTest" time="4.836"/>
  <testcase name="testFieldConstant" classname="com.dotcms.rest.api.v1.contenttype.FieldResourceTest" time="4.709"/>
  <testcase name="testFieldCategory" classname="com.dotcms.rest.api.v1.contenttype.FieldResourceTest" time="4.689"/>
  <testcase name="testFieldDate" classname="com.dotcms.rest.api.v1.contenttype.FieldResourceTest" time="4.737"/>
  <testcase name="testFieldFile" classname="com.dotcms.rest.api.v1.contenttype.FieldResourceTest" time="4.694"/>
  <testcase name="testFieldText" classname="com.dotcms.rest.api.v1.contenttype.FieldResourceTest" time="4.871"/>
  <testcase name="testFieldTime" classname="com.dotcms.rest.api.v1.contenttype.FieldResourceTest" time="4.741"/>
  <testcase name="testFieldKeyValue" classname="com.dotcms.rest.api.v1.contenttype.FieldResourceTest" time="4.683"/>
  <system-out><![CDATA[]]></system-out>
  <system-err><![CDATA[]]></system-err>
</testsuite>
