<?xml version="1.0" encoding="UTF-8"?>
<testsuite name="com.dotcms.storage.FileMetadataAPITest" tests="45" skipped="0" failures="0" errors="0" timestamp="2023-07-20T22:56:00" hostname="fv-az803-349" time="42.351">
  <properties/>
  <testcase name="Test_Add_Then_Recover_Temp_Resource_Metadata" classname="com.dotcms.storage.FileMetadataAPITest" time="0.006"/>
  <testcase name="Test_GetMetadata[0: FILE_SYSTEM]" classname="com.dotcms.storage.FileMetadataAPITest" time="1.538"/>
  <testcase name="Test_GetMetadata[1: DB]" classname="com.dotcms.storage.FileMetadataAPITest" time="0.976"/>
  <testcase name="Test_Get_First_Indexed_Binary_Field" classname="com.dotcms.storage.FileMetadataAPITest" time="2.37"/>
  <testcase name="Test_Force_Set_Metadata[0: TestCase{langId=1, storageType=FILE_SYSTEM, testFile=test_image1.jpg, fileAssetContent=com.dotmarketing.portlets.contentlet.model.Contentlet@4c558d10[map={modDate=2023-07-20 22:53:08.017, fileName=test_image11689893588014.jpg, title=test_image11689893588014.jpg, inode=e27da93a-e407-4301-ac47-21087d407a74, __IS_NEW_CONTENT__=true, disabledWYSIWYG=[], host=48190c8c-42c4-46af-8d1a-0cd5db894797, stInode=33888b6f-7a8e-4069-b1b6-5c1aa9d0a48d, owner=system, identifier=8f8099bc0d901d2bc1fd1c6ff29bee3f, nullProperties=[wfExpireDate, wfPublishDate, wfActionAssign, wfActionId, wfActionComments, filterKey, whereToSend, wfNeverExpire, _path_to_move, timezoneId, iWantTo, wfPublishTime, wfExpireTime], _is_test_mode=true, languageId=1, fileAsset=/home/runner/work/core/custom/assets/e/2/e27da93a-e407-4301-ac47-21087d407a74/fileAsset/test_image11689893588014.jpg, folder=19871ef35ec5da99bc5e516f3b547575, __disable_workflow__=true, sortOrder=0, modUser=system},lowIndexPriority=false,variantId=DEFAULT]}]" classname="com.dotcms.storage.FileMetadataAPITest" time="0.624"/>
  <testcase name="Test_Force_Set_Metadata[1: TestCase{langId=1, storageType=FILE_SYSTEM, testFile=test.gif, fileAssetContent=com.dotmarketing.portlets.contentlet.model.Contentlet@efa7772[map={modDate=2023-07-20 22:53:08.308, fileName=test_image11689893588306.gif, title=test_image11689893588306.gif, inode=2a23773a-f083-4ff3-a04b-1b82eb783b12, __IS_NEW_CONTENT__=true, disabledWYSIWYG=[], host=48190c8c-42c4-46af-8d1a-0cd5db894797, stInode=33888b6f-7a8e-4069-b1b6-5c1aa9d0a48d, owner=system, identifier=f3d692b251509b162b177170afbfaa78, nullProperties=[wfExpireDate, wfPublishDate, wfActionAssign, wfActionId, wfActionComments, filterKey, whereToSend, wfNeverExpire, _path_to_move, timezoneId, iWantTo, wfPublishTime, wfExpireTime], _is_test_mode=true, languageId=1, fileAsset=/home/runner/work/core/custom/assets/2/a/2a23773a-f083-4ff3-a04b-1b82eb783b12/fileAsset/test_image11689893588306.gif, folder=5da84e2a9c48e092b55c4365c6173c12, __disable_workflow__=true, sortOrder=0, modUser=system},lowIndexPriority=false,variantId=DEFAULT]}]" classname="com.dotcms.storage.FileMetadataAPITest" time="1.031"/>
  <testcase name="Test_Force_Set_Metadata[2: TestCase{langId=1, storageType=FILE_SYSTEM, testFile=test_image2.png, fileAssetContent=com.dotmarketing.portlets.contentlet.model.Contentlet@299ff444[map={modDate=2023-07-20 22:53:09.343, fileName=test_image11689893589340.png, title=test_image11689893589340.png, inode=354ebb6d-4553-4506-9a96-fda855bbbd4c, __IS_NEW_CONTENT__=true, disabledWYSIWYG=[], host=48190c8c-42c4-46af-8d1a-0cd5db894797, stInode=33888b6f-7a8e-4069-b1b6-5c1aa9d0a48d, owner=system, identifier=6024050016fb51a60d9cb6d05022060a, nullProperties=[wfExpireDate, wfPublishDate, wfActionAssign, wfActionId, wfActionComments, filterKey, whereToSend, wfNeverExpire, _path_to_move, timezoneId, iWantTo, wfPublishTime, wfExpireTime], _is_test_mode=true, languageId=1, fileAsset=/home/runner/work/core/custom/assets/3/5/354ebb6d-4553-4506-9a96-fda855bbbd4c/fileAsset/test_image11689893589340.png, folder=4d693ae1fefda0471ddf563affc04448, __disable_workflow__=true, sortOrder=0, modUser=system},lowIndexPriority=false,variantId=DEFAULT]}]" classname="com.dotcms.storage.FileMetadataAPITest" time="1.041"/>
  <testcase name="Test_Force_Set_Metadata[3: TestCase{langId=1, storageType=FILE_SYSTEM, testFile=test_image.svg, fileAssetContent=com.dotmarketing.portlets.contentlet.model.Contentlet@6d7a79af[map={modDate=2023-07-20 22:53:10.386, fileName=test_image11689893590380.svg, title=test_image11689893590380.svg, inode=d76ce502-c8ce-4c85-83bf-317128ef4493, __IS_NEW_CONTENT__=true, disabledWYSIWYG=[], host=48190c8c-42c4-46af-8d1a-0cd5db894797, stInode=33888b6f-7a8e-4069-b1b6-5c1aa9d0a48d, owner=system, identifier=8c7ff87ff8b6b79fca37b482645d223f, nullProperties=[wfExpireDate, wfPublishDate, wfActionAssign, wfActionId, wfActionComments, filterKey, whereToSend, wfNeverExpire, _path_to_move, timezoneId, iWantTo, wfPublishTime, wfExpireTime], _is_test_mode=true, languageId=1, fileAsset=/home/runner/work/core/custom/assets/d/7/d76ce502-c8ce-4c85-83bf-317128ef4493/fileAsset/test_image11689893590380.svg, folder=746c71f07933073c8494f04954ede163, __disable_workflow__=true, sortOrder=0, modUser=system},lowIndexPriority=false,variantId=DEFAULT]}]" classname="com.dotcms.storage.FileMetadataAPITest" time="1.033"/>
  <testcase name="Test_Force_Set_Metadata[4: TestCase{langId=1, storageType=FILE_SYSTEM, testFile=test.pdf, fileAssetContent=com.dotmarketing.portlets.contentlet.model.Contentlet@db85ea2[map={modDate=2023-07-20 22:53:11.409, fileName=test_image11689893591399.pdf, title=test_image11689893591399.pdf, inode=89cc7ee9-3bb1-4f5d-b61f-fc9e411321c1, __IS_NEW_CONTENT__=true, disabledWYSIWYG=[], host=48190c8c-42c4-46af-8d1a-0cd5db894797, stInode=33888b6f-7a8e-4069-b1b6-5c1aa9d0a48d, owner=system, identifier=1724a7143ee1861f62d457e02479b634, nullProperties=[wfExpireDate, wfPublishDate, wfActionAssign, wfActionId, wfActionComments, filterKey, whereToSend, wfNeverExpire, _path_to_move, timezoneId, iWantTo, wfPublishTime, wfExpireTime], _is_test_mode=true, languageId=1, fileAsset=/home/runner/work/core/custom/assets/8/9/89cc7ee9-3bb1-4f5d-b61f-fc9e411321c1/fileAsset/test_image11689893591399.pdf, folder=3fe0b418227f97a28b0b51c89190eb2f, __disable_workflow__=true, sortOrder=0, modUser=system},lowIndexPriority=false,variantId=DEFAULT]}]" classname="com.dotcms.storage.FileMetadataAPITest" time="1.061"/>
  <testcase name="Test_Force_Set_Metadata[5: TestCase{langId=1, storageType=DB, testFile=test_image1.jpg, fileAssetContent=com.dotmarketing.portlets.contentlet.model.Contentlet@40cd4654[map={modDate=2023-07-20 22:53:12.421, fileName=test_image11689893592418.jpg, title=test_image11689893592418.jpg, inode=008ac726-080d-4f94-852d-5570259c8da9, __IS_NEW_CONTENT__=true, disabledWYSIWYG=[], host=48190c8c-42c4-46af-8d1a-0cd5db894797, stInode=33888b6f-7a8e-4069-b1b6-5c1aa9d0a48d, owner=system, identifier=a9823892304a8338d0c4b3c4ff46dd46, nullProperties=[wfExpireDate, wfPublishDate, wfActionAssign, wfActionId, wfActionComments, filterKey, whereToSend, wfNeverExpire, _path_to_move, timezoneId, iWantTo, wfPublishTime, wfExpireTime], _is_test_mode=true, languageId=1, fileAsset=/home/runner/work/core/custom/assets/0/0/008ac726-080d-4f94-852d-5570259c8da9/fileAsset/test_image11689893592418.jpg, folder=7e3beb6cb8af0acc182f83c8a476f1f4, __disable_workflow__=true, sortOrder=0, modUser=system},lowIndexPriority=false,variantId=DEFAULT]}]" classname="com.dotcms.storage.FileMetadataAPITest" time="1.039"/>
  <testcase name="Test_Force_Set_Metadata[6: TestCase{langId=1, storageType=DB, testFile=test.gif, fileAssetContent=com.dotmarketing.portlets.contentlet.model.Contentlet@3e076fd8[map={modDate=2023-07-20 22:53:13.462, fileName=test_image11689893593457.gif, title=test_image11689893593457.gif, inode=922de554-28d3-4db8-807e-f4d03988df36, __IS_NEW_CONTENT__=true, disabledWYSIWYG=[], host=48190c8c-42c4-46af-8d1a-0cd5db894797, stInode=33888b6f-7a8e-4069-b1b6-5c1aa9d0a48d, owner=system, identifier=2a45dbefb567284515d5befd26874df9, nullProperties=[wfExpireDate, wfPublishDate, wfActionAssign, wfActionId, wfActionComments, filterKey, whereToSend, wfNeverExpire, _path_to_move, timezoneId, iWantTo, wfPublishTime, wfExpireTime], _is_test_mode=true, languageId=1, fileAsset=/home/runner/work/core/custom/assets/9/2/922de554-28d3-4db8-807e-f4d03988df36/fileAsset/test_image11689893593457.gif, folder=581aea9939419086147b7aa0564fa9f1, __disable_workflow__=true, sortOrder=0, modUser=system},lowIndexPriority=false,variantId=DEFAULT]}]" classname="com.dotcms.storage.FileMetadataAPITest" time="1.047"/>
  <testcase name="Test_Force_Set_Metadata[7: TestCase{langId=1, storageType=DB, testFile=test_image2.png, fileAssetContent=com.dotmarketing.portlets.contentlet.model.Contentlet@59fb8fc5[map={modDate=2023-07-20 22:53:14.495, fileName=test_image11689893594492.png, title=test_image11689893594492.png, inode=35f5bd90-0215-4bd3-8c91-85701b9296b2, __IS_NEW_CONTENT__=true, disabledWYSIWYG=[], host=48190c8c-42c4-46af-8d1a-0cd5db894797, stInode=33888b6f-7a8e-4069-b1b6-5c1aa9d0a48d, owner=system, identifier=3b8a7bf06e8ad99f2b3ab0c5d5d108d6, nullProperties=[wfExpireDate, wfPublishDate, wfActionAssign, wfActionId, wfActionComments, filterKey, whereToSend, wfNeverExpire, _path_to_move, timezoneId, iWantTo, wfPublishTime, wfExpireTime], _is_test_mode=true, languageId=1, fileAsset=/home/runner/work/core/custom/assets/3/5/35f5bd90-0215-4bd3-8c91-85701b9296b2/fileAsset/test_image11689893594492.png, folder=f24ef97688464f00e818df75a4cbef0c, __disable_workflow__=true, sortOrder=0, modUser=system},lowIndexPriority=false,variantId=DEFAULT]}]" classname="com.dotcms.storage.FileMetadataAPITest" time="1.022"/>
  <testcase name="Test_Force_Set_Metadata[8: TestCase{langId=1, storageType=DB, testFile=test_image.svg, fileAssetContent=com.dotmarketing.portlets.contentlet.model.Contentlet@106dd40[map={modDate=2023-07-20 22:53:15.548, fileName=test_image11689893595538.svg, title=test_image11689893595538.svg, inode=4ad70cff-af61-4170-8ef4-2453ff504d17, __IS_NEW_CONTENT__=true, disabledWYSIWYG=[], host=48190c8c-42c4-46af-8d1a-0cd5db894797, stInode=33888b6f-7a8e-4069-b1b6-5c1aa9d0a48d, owner=system, identifier=f7214b31b2bb945bb024a2dd4267c882, nullProperties=[wfExpireDate, wfPublishDate, wfActionAssign, wfActionId, wfActionComments, filterKey, whereToSend, wfNeverExpire, _path_to_move, timezoneId, iWantTo, wfPublishTime, wfExpireTime], _is_test_mode=true, languageId=1, fileAsset=/home/runner/work/core/custom/assets/4/a/4ad70cff-af61-4170-8ef4-2453ff504d17/fileAsset/test_image11689893595538.svg, folder=4a099bc997912ad8a2c4a8a8a3bb270d, __disable_workflow__=true, sortOrder=0, modUser=system},lowIndexPriority=false,variantId=DEFAULT]}]" classname="com.dotcms.storage.FileMetadataAPITest" time="1.025"/>
  <testcase name="Test_Force_Set_Metadata[9: TestCase{langId=1, storageType=DB, testFile=test.pdf, fileAssetContent=com.dotmarketing.portlets.contentlet.model.Contentlet@7da43e33[map={modDate=2023-07-20 22:53:16.536, fileName=test_image11689893596533.pdf, title=test_image11689893596533.pdf, inode=a4a57878-f1e6-4b10-a3bd-c70848ee74b4, __IS_NEW_CONTENT__=true, disabledWYSIWYG=[], host=48190c8c-42c4-46af-8d1a-0cd5db894797, stInode=33888b6f-7a8e-4069-b1b6-5c1aa9d0a48d, owner=system, identifier=45ecdb98becbf47a329c2151ca60fb28, nullProperties=[wfExpireDate, wfPublishDate, wfActionAssign, wfActionId, wfActionComments, filterKey, whereToSend, wfNeverExpire, _path_to_move, timezoneId, iWantTo, wfPublishTime, wfExpireTime], _is_test_mode=true, languageId=1, fileAsset=/home/runner/work/core/custom/assets/a/4/a4a57878-f1e6-4b10-a3bd-c70848ee74b4/fileAsset/test_image11689893596533.pdf, folder=6876ace29eace9905560edfcba2b0326, __disable_workflow__=true, sortOrder=0, modUser=system},lowIndexPriority=false,variantId=DEFAULT]}]" classname="com.dotcms.storage.FileMetadataAPITest" time="1.031"/>
  <testcase name="Test_Generate_Metadata_From_HtmlPage_Should_Resolve_ExtendedMetadata" classname="com.dotcms.storage.FileMetadataAPITest" time="0.065"/>
  <testcase name="Test_Generate_Metadata_From_FileAssets[0: TestCase{langId=1, storageType=FILE_SYSTEM, testFile=test_image1.jpg, fileAssetContent=com.dotmarketing.portlets.contentlet.model.Contentlet@4c558d10[map={modDate=2023-07-20 22:53:08.017, fileName=test_image11689893588014.jpg, title=test_image11689893588014.jpg, inode=e27da93a-e407-4301-ac47-21087d407a74, __IS_NEW_CONTENT__=true, disabledWYSIWYG=[], host=48190c8c-42c4-46af-8d1a-0cd5db894797, stInode=33888b6f-7a8e-4069-b1b6-5c1aa9d0a48d, owner=system, identifier=8f8099bc0d901d2bc1fd1c6ff29bee3f, nullProperties=[wfExpireDate, wfPublishDate, wfActionAssign, wfActionId, wfActionComments, filterKey, whereToSend, wfNeverExpire, _path_to_move, timezoneId, iWantTo, wfPublishTime, wfExpireTime], _is_test_mode=true, languageId=1, fileAsset=/home/runner/work/core/custom/assets/e/2/e27da93a-e407-4301-ac47-21087d407a74/fileAsset/test_image11689893588014.jpg, folder=19871ef35ec5da99bc5e516f3b547575, __disable_workflow__=true, sortOrder=0, modUser=system},lowIndexPriority=false,variantId=DEFAULT]}]" classname="com.dotcms.storage.FileMetadataAPITest" time="0.038"/>
  <testcase name="Test_Generate_Metadata_From_FileAssets[1: TestCase{langId=1, storageType=FILE_SYSTEM, testFile=test.gif, fileAssetContent=com.dotmarketing.portlets.contentlet.model.Contentlet@efa7772[map={modDate=2023-07-20 22:53:08.308, fileName=test_image11689893588306.gif, title=test_image11689893588306.gif, inode=2a23773a-f083-4ff3-a04b-1b82eb783b12, __IS_NEW_CONTENT__=true, disabledWYSIWYG=[], host=48190c8c-42c4-46af-8d1a-0cd5db894797, stInode=33888b6f-7a8e-4069-b1b6-5c1aa9d0a48d, owner=system, identifier=f3d692b251509b162b177170afbfaa78, nullProperties=[wfExpireDate, wfPublishDate, wfActionAssign, wfActionId, wfActionComments, filterKey, whereToSend, wfNeverExpire, _path_to_move, timezoneId, iWantTo, wfPublishTime, wfExpireTime], _is_test_mode=true, languageId=1, fileAsset=/home/runner/work/core/custom/assets/2/a/2a23773a-f083-4ff3-a04b-1b82eb783b12/fileAsset/test_image11689893588306.gif, folder=5da84e2a9c48e092b55c4365c6173c12, __disable_workflow__=true, sortOrder=0, modUser=system},lowIndexPriority=false,variantId=DEFAULT]}]" classname="com.dotcms.storage.FileMetadataAPITest" time="0.035"/>
  <testcase name="Test_Generate_Metadata_From_FileAssets[2: TestCase{langId=1, storageType=FILE_SYSTEM, testFile=test_image2.png, fileAssetContent=com.dotmarketing.portlets.contentlet.model.Contentlet@299ff444[map={modDate=2023-07-20 22:53:09.343, fileName=test_image11689893589340.png, title=test_image11689893589340.png, inode=354ebb6d-4553-4506-9a96-fda855bbbd4c, __IS_NEW_CONTENT__=true, disabledWYSIWYG=[], host=48190c8c-42c4-46af-8d1a-0cd5db894797, stInode=33888b6f-7a8e-4069-b1b6-5c1aa9d0a48d, owner=system, identifier=6024050016fb51a60d9cb6d05022060a, nullProperties=[wfExpireDate, wfPublishDate, wfActionAssign, wfActionId, wfActionComments, filterKey, whereToSend, wfNeverExpire, _path_to_move, timezoneId, iWantTo, wfPublishTime, wfExpireTime], _is_test_mode=true, languageId=1, fileAsset=/home/runner/work/core/custom/assets/3/5/354ebb6d-4553-4506-9a96-fda855bbbd4c/fileAsset/test_image11689893589340.png, folder=4d693ae1fefda0471ddf563affc04448, __disable_workflow__=true, sortOrder=0, modUser=system},lowIndexPriority=false,variantId=DEFAULT]}]" classname="com.dotcms.storage.FileMetadataAPITest" time="0.031"/>
  <testcase name="Test_Generate_Metadata_From_FileAssets[3: TestCase{langId=1, storageType=FILE_SYSTEM, testFile=test_image.svg, fileAssetContent=com.dotmarketing.portlets.contentlet.model.Contentlet@6d7a79af[map={modDate=2023-07-20 22:53:10.386, fileName=test_image11689893590380.svg, title=test_image11689893590380.svg, inode=d76ce502-c8ce-4c85-83bf-317128ef4493, __IS_NEW_CONTENT__=true, disabledWYSIWYG=[], host=48190c8c-42c4-46af-8d1a-0cd5db894797, stInode=33888b6f-7a8e-4069-b1b6-5c1aa9d0a48d, owner=system, identifier=8c7ff87ff8b6b79fca37b482645d223f, nullProperties=[wfExpireDate, wfPublishDate, wfActionAssign, wfActionId, wfActionComments, filterKey, whereToSend, wfNeverExpire, _path_to_move, timezoneId, iWantTo, wfPublishTime, wfExpireTime], _is_test_mode=true, languageId=1, fileAsset=/home/runner/work/core/custom/assets/d/7/d76ce502-c8ce-4c85-83bf-317128ef4493/fileAsset/test_image11689893590380.svg, folder=746c71f07933073c8494f04954ede163, __disable_workflow__=true, sortOrder=0, modUser=system},lowIndexPriority=false,variantId=DEFAULT]}]" classname="com.dotcms.storage.FileMetadataAPITest" time="0.033"/>
  <testcase name="Test_Generate_Metadata_From_FileAssets[4: TestCase{langId=1, storageType=FILE_SYSTEM, testFile=test.pdf, fileAssetContent=com.dotmarketing.portlets.contentlet.model.Contentlet@db85ea2[map={modDate=2023-07-20 22:53:11.409, fileName=test_image11689893591399.pdf, title=test_image11689893591399.pdf, inode=89cc7ee9-3bb1-4f5d-b61f-fc9e411321c1, __IS_NEW_CONTENT__=true, disabledWYSIWYG=[], host=48190c8c-42c4-46af-8d1a-0cd5db894797, stInode=33888b6f-7a8e-4069-b1b6-5c1aa9d0a48d, owner=system, identifier=1724a7143ee1861f62d457e02479b634, nullProperties=[wfExpireDate, wfPublishDate, wfActionAssign, wfActionId, wfActionComments, filterKey, whereToSend, wfNeverExpire, _path_to_move, timezoneId, iWantTo, wfPublishTime, wfExpireTime], _is_test_mode=true, languageId=1, fileAsset=/home/runner/work/core/custom/assets/8/9/89cc7ee9-3bb1-4f5d-b61f-fc9e411321c1/fileAsset/test_image11689893591399.pdf, folder=3fe0b418227f97a28b0b51c89190eb2f, __disable_workflow__=true, sortOrder=0, modUser=system},lowIndexPriority=false,variantId=DEFAULT]}]" classname="com.dotcms.storage.FileMetadataAPITest" time="0.056"/>
  <testcase name="Test_Generate_Metadata_From_FileAssets[5: TestCase{langId=1, storageType=DB, testFile=test_image1.jpg, fileAssetContent=com.dotmarketing.portlets.contentlet.model.Contentlet@40cd4654[map={modDate=2023-07-20 22:53:12.421, fileName=test_image11689893592418.jpg, title=test_image11689893592418.jpg, inode=008ac726-080d-4f94-852d-5570259c8da9, __IS_NEW_CONTENT__=true, disabledWYSIWYG=[], host=48190c8c-42c4-46af-8d1a-0cd5db894797, stInode=33888b6f-7a8e-4069-b1b6-5c1aa9d0a48d, owner=system, identifier=a9823892304a8338d0c4b3c4ff46dd46, nullProperties=[wfExpireDate, wfPublishDate, wfActionAssign, wfActionId, wfActionComments, filterKey, whereToSend, wfNeverExpire, _path_to_move, timezoneId, iWantTo, wfPublishTime, wfExpireTime], _is_test_mode=true, languageId=1, fileAsset=/home/runner/work/core/custom/assets/0/0/008ac726-080d-4f94-852d-5570259c8da9/fileAsset/test_image11689893592418.jpg, folder=7e3beb6cb8af0acc182f83c8a476f1f4, __disable_workflow__=true, sortOrder=0, modUser=system},lowIndexPriority=false,variantId=DEFAULT]}]" classname="com.dotcms.storage.FileMetadataAPITest" time="0.009"/>
  <testcase name="Test_Generate_Metadata_From_FileAssets[6: TestCase{langId=1, storageType=DB, testFile=test.gif, fileAssetContent=com.dotmarketing.portlets.contentlet.model.Contentlet@3e076fd8[map={modDate=2023-07-20 22:53:13.462, fileName=test_image11689893593457.gif, title=test_image11689893593457.gif, inode=922de554-28d3-4db8-807e-f4d03988df36, __IS_NEW_CONTENT__=true, disabledWYSIWYG=[], host=48190c8c-42c4-46af-8d1a-0cd5db894797, stInode=33888b6f-7a8e-4069-b1b6-5c1aa9d0a48d, owner=system, identifier=2a45dbefb567284515d5befd26874df9, nullProperties=[wfExpireDate, wfPublishDate, wfActionAssign, wfActionId, wfActionComments, filterKey, whereToSend, wfNeverExpire, _path_to_move, timezoneId, iWantTo, wfPublishTime, wfExpireTime], _is_test_mode=true, languageId=1, fileAsset=/home/runner/work/core/custom/assets/9/2/922de554-28d3-4db8-807e-f4d03988df36/fileAsset/test_image11689893593457.gif, folder=581aea9939419086147b7aa0564fa9f1, __disable_workflow__=true, sortOrder=0, modUser=system},lowIndexPriority=false,variantId=DEFAULT]}]" classname="com.dotcms.storage.FileMetadataAPITest" time="0.008"/>
  <testcase name="Test_Generate_Metadata_From_FileAssets[7: TestCase{langId=1, storageType=DB, testFile=test_image2.png, fileAssetContent=com.dotmarketing.portlets.contentlet.model.Contentlet@59fb8fc5[map={modDate=2023-07-20 22:53:14.495, fileName=test_image11689893594492.png, title=test_image11689893594492.png, inode=35f5bd90-0215-4bd3-8c91-85701b9296b2, __IS_NEW_CONTENT__=true, disabledWYSIWYG=[], host=48190c8c-42c4-46af-8d1a-0cd5db894797, stInode=33888b6f-7a8e-4069-b1b6-5c1aa9d0a48d, owner=system, identifier=3b8a7bf06e8ad99f2b3ab0c5d5d108d6, nullProperties=[wfExpireDate, wfPublishDate, wfActionAssign, wfActionId, wfActionComments, filterKey, whereToSend, wfNeverExpire, _path_to_move, timezoneId, iWantTo, wfPublishTime, wfExpireTime], _is_test_mode=true, languageId=1, fileAsset=/home/runner/work/core/custom/assets/3/5/35f5bd90-0215-4bd3-8c91-85701b9296b2/fileAsset/test_image11689893594492.png, folder=f24ef97688464f00e818df75a4cbef0c, __disable_workflow__=true, sortOrder=0, modUser=system},lowIndexPriority=false,variantId=DEFAULT]}]" classname="com.dotcms.storage.FileMetadataAPITest" time="0.009"/>
  <testcase name="Test_Generate_Metadata_From_FileAssets[8: TestCase{langId=1, storageType=DB, testFile=test_image.svg, fileAssetContent=com.dotmarketing.portlets.contentlet.model.Contentlet@106dd40[map={modDate=2023-07-20 22:53:15.548, fileName=test_image11689893595538.svg, title=test_image11689893595538.svg, inode=4ad70cff-af61-4170-8ef4-2453ff504d17, __IS_NEW_CONTENT__=true, disabledWYSIWYG=[], host=48190c8c-42c4-46af-8d1a-0cd5db894797, stInode=33888b6f-7a8e-4069-b1b6-5c1aa9d0a48d, owner=system, identifier=f7214b31b2bb945bb024a2dd4267c882, nullProperties=[wfExpireDate, wfPublishDate, wfActionAssign, wfActionId, wfActionComments, filterKey, whereToSend, wfNeverExpire, _path_to_move, timezoneId, iWantTo, wfPublishTime, wfExpireTime], _is_test_mode=true, languageId=1, fileAsset=/home/runner/work/core/custom/assets/4/a/4ad70cff-af61-4170-8ef4-2453ff504d17/fileAsset/test_image11689893595538.svg, folder=4a099bc997912ad8a2c4a8a8a3bb270d, __disable_workflow__=true, sortOrder=0, modUser=system},lowIndexPriority=false,variantId=DEFAULT]}]" classname="com.dotcms.storage.FileMetadataAPITest" time="0.01"/>
  <testcase name="Test_Generate_Metadata_From_FileAssets[9: TestCase{langId=1, storageType=DB, testFile=test.pdf, fileAssetContent=com.dotmarketing.portlets.contentlet.model.Contentlet@7da43e33[map={modDate=2023-07-20 22:53:16.536, fileName=test_image11689893596533.pdf, title=test_image11689893596533.pdf, inode=a4a57878-f1e6-4b10-a3bd-c70848ee74b4, __IS_NEW_CONTENT__=true, disabledWYSIWYG=[], host=48190c8c-42c4-46af-8d1a-0cd5db894797, stInode=33888b6f-7a8e-4069-b1b6-5c1aa9d0a48d, owner=system, identifier=45ecdb98becbf47a329c2151ca60fb28, nullProperties=[wfExpireDate, wfPublishDate, wfActionAssign, wfActionId, wfActionComments, filterKey, whereToSend, wfNeverExpire, _path_to_move, timezoneId, iWantTo, wfPublishTime, wfExpireTime], _is_test_mode=true, languageId=1, fileAsset=/home/runner/work/core/custom/assets/a/4/a4a57878-f1e6-4b10-a3bd-c70848ee74b4/fileAsset/test_image11689893596533.pdf, folder=6876ace29eace9905560edfcba2b0326, __disable_workflow__=true, sortOrder=0, modUser=system},lowIndexPriority=false,variantId=DEFAULT]}]" classname="com.dotcms.storage.FileMetadataAPITest" time="0.012"/>
  <testcase name="TestMetadataModel" classname="com.dotcms.storage.FileMetadataAPITest" time="0.003"/>
  <testcase name="Test_Get_Metadata_Property" classname="com.dotcms.storage.FileMetadataAPITest" time="0.714"/>
  <testcase name="Test_GetMetadata_ForceGenerate[0: FILE_SYSTEM]" classname="com.dotcms.storage.FileMetadataAPITest" time="1.081"/>
  <testcase name="Test_GetMetadata_ForceGenerate[1: DB]" classname="com.dotcms.storage.FileMetadataAPITest" time="1.057"/>
  <testcase name="Test_Get_Metadata_No_Cache_Force_Generate[0: FILE_SYSTEM]" classname="com.dotcms.storage.FileMetadataAPITest" time="1.03"/>
  <testcase name="Test_Get_Metadata_No_Cache_Force_Generate[1: DB]" classname="com.dotcms.storage.FileMetadataAPITest" time="1.095"/>
  <testcase name="Test_Metadata_Gets_Updated_When_Lower_Version_Found[0: FILE_SYSTEM]" classname="com.dotcms.storage.FileMetadataAPITest" time="0.997"/>
  <testcase name="Test_Metadata_Gets_Updated_When_Lower_Version_Found[1: DB]" classname="com.dotcms.storage.FileMetadataAPITest" time="1.008"/>
  <testcase name="Test_Add_Custom_Attributes_FileAssets[0: FILE_SYSTEM]" classname="com.dotcms.storage.FileMetadataAPITest" time="2.086"/>
  <testcase name="Test_Add_Custom_Attributes_FileAssets[1: DB]" classname="com.dotcms.storage.FileMetadataAPITest" time="2.146"/>
  <testcase name="Test_Generate_Metadata_Should_Not_Override_Custom_Attributes[0: FILE_SYSTEM]" classname="com.dotcms.storage.FileMetadataAPITest" time="1.109"/>
  <testcase name="Test_Generate_Metadata_Should_Not_Override_Custom_Attributes[1: DB]" classname="com.dotcms.storage.FileMetadataAPITest" time="1.073"/>
  <testcase name="Test_Write_Custom_Metadata_Then_Generate_Metadata_Expect_All_Metadata[0: FILE_SYSTEM]" classname="com.dotcms.storage.FileMetadataAPITest" time="0.647"/>
  <testcase name="Test_Write_Custom_Metadata_Then_Generate_Metadata_Expect_All_Metadata[1: DB]" classname="com.dotcms.storage.FileMetadataAPITest" time="1.046"/>
  <testcase name="Test_Generate_Metadata_From_ContentType_With_Multiple_Binary_Fields[0: FILE_SYSTEM]" classname="com.dotcms.storage.FileMetadataAPITest" time="2.422"/>
  <testcase name="Test_Generate_Metadata_From_ContentType_With_Multiple_Binary_Fields[1: DB]" classname="com.dotcms.storage.FileMetadataAPITest" time="2.991"/>
  <testcase name="Test_Get_Metadata_No_Cache[0: FILE_SYSTEM]" classname="com.dotcms.storage.FileMetadataAPITest" time="0.674"/>
  <testcase name="Test_Get_Metadata_No_Cache[1: DB]" classname="com.dotcms.storage.FileMetadataAPITest" time="1.021"/>
  <testcase name="Test_Copy_Metadata[0: FILE_SYSTEM]" classname="com.dotcms.storage.FileMetadataAPITest" time="3.101"/>
  <testcase name="Test_Copy_Metadata[1: DB]" classname="com.dotcms.storage.FileMetadataAPITest" time="1.89"/>
  <system-out><![CDATA[]]></system-out>
  <system-err><![CDATA[]]></system-err>
</testsuite>
