<?xml version="1.0" encoding="UTF-8"?>
<testsuite name="com.dotmarketing.business.PermissionBitFactoryImplTest" tests="1" skipped="0" failures="0" errors="0" timestamp="2023-07-13T23:09:11" hostname="fv-az267-171" time="2.99">
  <properties/>
  <testcase name="assignPermissions" classname="com.dotmarketing.business.PermissionBitFactoryImplTest" time="2.99"/>
  <system-out><![CDATA[]]></system-out>
  <system-err><![CDATA[]]></system-err>
</testsuite>
