<?xml version="1.0" encoding="UTF-8"?>
<testsuite name="com.dotcms.rest.api.v1.vtl.VTLResourceIntegrationTest" tests="6" skipped="0" failures="0" errors="0" timestamp="2023-07-08T05:21:36" hostname="fv-az351-324" time="10.402">
  <properties/>
  <testcase name="testGet[0: com.dotcms.rest.api.v1.vtl.VTLResourceTestCase@66a5599f]" classname="com.dotcms.rest.api.v1.vtl.VTLResourceIntegrationTest" time="1.371"/>
  <testcase name="testGet[1: com.dotcms.rest.api.v1.vtl.VTLResourceTestCase@1a4d656e]" classname="com.dotcms.rest.api.v1.vtl.VTLResourceIntegrationTest" time="2.049"/>
  <testcase name="testGet[2: com.dotcms.rest.api.v1.vtl.VTLResourceTestCase@379ad23b]" classname="com.dotcms.rest.api.v1.vtl.VTLResourceIntegrationTest" time="2.224"/>
  <testcase name="testGet[3: com.dotcms.rest.api.v1.vtl.VTLResourceTestCase@19c431ea]" classname="com.dotcms.rest.api.v1.vtl.VTLResourceIntegrationTest" time="1.722"/>
  <testcase name="testGet[4: com.dotcms.rest.api.v1.vtl.VTLResourceTestCase@5561faec]" classname="com.dotcms.rest.api.v1.vtl.VTLResourceIntegrationTest" time="1.065"/>
  <testcase name="testGet[5: com.dotcms.rest.api.v1.vtl.VTLResourceTestCase@2476933b]" classname="com.dotcms.rest.api.v1.vtl.VTLResourceIntegrationTest" time="1.97"/>
  <system-out><![CDATA[]]></system-out>
  <system-err><![CDATA[]]></system-err>
</testsuite>
