<?xml version="1.0" encoding="UTF-8"?>
<testsuite name="com.dotcms.mock.request.CachedParameterDecoratorTest" tests="1" skipped="0" failures="0" errors="0" timestamp="2023-07-03T17:52:04" hostname="fv-az218-411" time="0.019">
  <properties/>
  <testcase name="testDecorate" classname="com.dotcms.mock.request.CachedParameterDecoratorTest" time="0.019"/>
  <system-out><![CDATA[]]></system-out>
  <system-err><![CDATA[]]></system-err>
</testsuite>
