<?xml version="1.0" encoding="UTF-8"?>
<testsuite name="com.dotmarketing.portlets.structure.model.ContentletRelationshipsTest" tests="7" skipped="0" failures="0" errors="0" timestamp="2023-06-26T19:38:17" hostname="fv-az404-370" time="7.45">
  <properties/>
  <testcase name="testDoesAllowOnlyOne[0: com.dotmarketing.portlets.structure.model.ContentletRelationshipsTest$CardinalityTestCase@7f5c1a35]" classname="com.dotmarketing.portlets.structure.model.ContentletRelationshipsTest" time="0.436"/>
  <testcase name="testDoesAllowOnlyOne[1: com.dotmarketing.portlets.structure.model.ContentletRelationshipsTest$CardinalityTestCase@2e59aab2]" classname="com.dotmarketing.portlets.structure.model.ContentletRelationshipsTest" time="0.395"/>
  <testcase name="testDoesAllowOnlyOne[2: com.dotmarketing.portlets.structure.model.ContentletRelationshipsTest$CardinalityTestCase@7eaeb151]" classname="com.dotmarketing.portlets.structure.model.ContentletRelationshipsTest" time="0.437"/>
  <testcase name="testGetRelationshipRecords[0: com.dotmarketing.portlets.structure.model.ContentletRelationshipsTest$TestCase@4af65e16]" classname="com.dotmarketing.portlets.structure.model.ContentletRelationshipsTest" time="1.887"/>
  <testcase name="testGetRelationshipRecords[1: com.dotmarketing.portlets.structure.model.ContentletRelationshipsTest$TestCase@556468cf]" classname="com.dotmarketing.portlets.structure.model.ContentletRelationshipsTest" time="1.866"/>
  <testcase name="testGetRelationshipRecords[2: com.dotmarketing.portlets.structure.model.ContentletRelationshipsTest$TestCase@368b54eb]" classname="com.dotmarketing.portlets.structure.model.ContentletRelationshipsTest" time="0.707"/>
  <testcase name="testGetRelationshipRecords[3: com.dotmarketing.portlets.structure.model.ContentletRelationshipsTest$TestCase@3d245f52]" classname="com.dotmarketing.portlets.structure.model.ContentletRelationshipsTest" time="1.719"/>
  <system-out><![CDATA[]]></system-out>
  <system-err><![CDATA[]]></system-err>
</testsuite>
