<?xml version="1.0" encoding="UTF-8"?>
<testsuite name="com.dotcms.rest.api.v1.vtl.VTLResourceIntegrationTest" tests="6" skipped="0" failures="0" errors="0" timestamp="2023-07-13T23:13:09" hostname="fv-az298-223" time="9.167">
  <properties/>
  <testcase name="testGet[0: com.dotcms.rest.api.v1.vtl.VTLResourceTestCase@17ddfd51]" classname="com.dotcms.rest.api.v1.vtl.VTLResourceIntegrationTest" time="1.116"/>
  <testcase name="testGet[1: com.dotcms.rest.api.v1.vtl.VTLResourceTestCase@73b9f9de]" classname="com.dotcms.rest.api.v1.vtl.VTLResourceIntegrationTest" time="1.915"/>
  <testcase name="testGet[2: com.dotcms.rest.api.v1.vtl.VTLResourceTestCase@560aa37e]" classname="com.dotcms.rest.api.v1.vtl.VTLResourceIntegrationTest" time="2.217"/>
  <testcase name="testGet[3: com.dotcms.rest.api.v1.vtl.VTLResourceTestCase@2415858f]" classname="com.dotcms.rest.api.v1.vtl.VTLResourceIntegrationTest" time="0.897"/>
  <testcase name="testGet[4: com.dotcms.rest.api.v1.vtl.VTLResourceTestCase@5cdac329]" classname="com.dotcms.rest.api.v1.vtl.VTLResourceIntegrationTest" time="0.982"/>
  <testcase name="testGet[5: com.dotcms.rest.api.v1.vtl.VTLResourceTestCase@6011a665]" classname="com.dotcms.rest.api.v1.vtl.VTLResourceIntegrationTest" time="2.039"/>
  <system-out><![CDATA[]]></system-out>
  <system-err><![CDATA[]]></system-err>
</testsuite>
