<?xml version="1.0" encoding="UTF-8"?>
<testsuite name="com.dotcms.publishing.manifest.ManifestUtilTest" tests="3" skipped="0" failures="0" errors="0" timestamp="2023-06-30T20:17:34" hostname="fv-az360-832" time="0.006">
  <properties/>
  <testcase name="testConfigFilePath" classname="com.dotcms.publishing.manifest.ManifestUtilTest" time="0.001"/>
  <testcase name="getManifestInputStreamExpectSuccess" classname="com.dotcms.publishing.manifest.ManifestUtilTest" time="0.003"/>
  <testcase name="getManifestInputStreamExpectFail" classname="com.dotcms.publishing.manifest.ManifestUtilTest" time="0.002"/>
  <system-out><![CDATA[]]></system-out>
  <system-err><![CDATA[]]></system-err>
</testsuite>
