<?xml version="1.0" encoding="UTF-8"?>
<testsuite name="com.dotcms.rest.elasticsearch.ESContentResourcePortletTest" tests="8" skipped="0" failures="0" errors="0" timestamp="2023-07-12T23:50:26" hostname="fv-az167-45" time="7.626">
  <properties/>
  <testcase name="test_search_includeGrandChildCategory_success" classname="com.dotcms.rest.elasticsearch.ESContentResourcePortletTest" time="2.177"/>
  <testcase name="testSearch[0: com.dotcms.rest.elasticsearch.ESContentResourcePortletTest$TestCase@25376f9c]" classname="com.dotcms.rest.elasticsearch.ESContentResourcePortletTest" time="1.051"/>
  <testcase name="testSearch[1: com.dotcms.rest.elasticsearch.ESContentResourcePortletTest$TestCase@17c366a2]" classname="com.dotcms.rest.elasticsearch.ESContentResourcePortletTest" time="0.375"/>
  <testcase name="testSearch[2: com.dotcms.rest.elasticsearch.ESContentResourcePortletTest$TestCase@760829cc]" classname="com.dotcms.rest.elasticsearch.ESContentResourcePortletTest" time="1.134"/>
  <testcase name="testSearch[3: com.dotcms.rest.elasticsearch.ESContentResourcePortletTest$TestCase@15b9037d]" classname="com.dotcms.rest.elasticsearch.ESContentResourcePortletTest" time="0.403"/>
  <testcase name="testSearch[4: com.dotcms.rest.elasticsearch.ESContentResourcePortletTest$TestCase@becc5d9]" classname="com.dotcms.rest.elasticsearch.ESContentResourcePortletTest" time="0.403"/>
  <testcase name="testSearch[5: com.dotcms.rest.elasticsearch.ESContentResourcePortletTest$TestCase@7964470]" classname="com.dotcms.rest.elasticsearch.ESContentResourcePortletTest" time="1.039"/>
  <testcase name="testSearch[6: com.dotcms.rest.elasticsearch.ESContentResourcePortletTest$TestCase@30675b07]" classname="com.dotcms.rest.elasticsearch.ESContentResourcePortletTest" time="1.042"/>
  <system-out><![CDATA[]]></system-out>
  <system-err><![CDATA[]]></system-err>
</testsuite>
