<?xml version="1.0" encoding="UTF-8"?>
<testsuite name="com.dotcms.rest.api.v1.vtl.VTLResourceIntegrationTest" tests="6" skipped="0" failures="0" errors="0" timestamp="2023-07-11T00:12:18" hostname="fv-az176-516" time="12.58">
  <properties/>
  <testcase name="testGet[0: com.dotcms.rest.api.v1.vtl.VTLResourceTestCase@150af08e]" classname="com.dotcms.rest.api.v1.vtl.VTLResourceIntegrationTest" time="2.659"/>
  <testcase name="testGet[1: com.dotcms.rest.api.v1.vtl.VTLResourceTestCase@69ee11da]" classname="com.dotcms.rest.api.v1.vtl.VTLResourceIntegrationTest" time="1.778"/>
  <testcase name="testGet[2: com.dotcms.rest.api.v1.vtl.VTLResourceTestCase@57c13391]" classname="com.dotcms.rest.api.v1.vtl.VTLResourceIntegrationTest" time="2.229"/>
  <testcase name="testGet[3: com.dotcms.rest.api.v1.vtl.VTLResourceTestCase@33836b33]" classname="com.dotcms.rest.api.v1.vtl.VTLResourceIntegrationTest" time="2.115"/>
  <testcase name="testGet[4: com.dotcms.rest.api.v1.vtl.VTLResourceTestCase@71cf634d]" classname="com.dotcms.rest.api.v1.vtl.VTLResourceIntegrationTest" time="1.843"/>
  <testcase name="testGet[5: com.dotcms.rest.api.v1.vtl.VTLResourceTestCase@68b6dc6f]" classname="com.dotcms.rest.api.v1.vtl.VTLResourceIntegrationTest" time="1.956"/>
  <system-out><![CDATA[]]></system-out>
  <system-err><![CDATA[]]></system-err>
</testsuite>
