<?xml version="1.0" encoding="UTF-8"?>
<testsuite name="com.dotcms.rest.api.v1.authentication.CreateJsonWebTokenResourceIntegrationTest" tests="1" skipped="0" failures="0" errors="0" timestamp="2023-06-30T20:58:26" hostname="fv-az389-28" time="0.037">
  <properties/>
  <testcase name="testGetApiToken" classname="com.dotcms.rest.api.v1.authentication.CreateJsonWebTokenResourceIntegrationTest" time="0.037"/>
  <system-out><![CDATA[
]]></system-out>
  <system-err><![CDATA[]]></system-err>
</testsuite>
