<?xml version="1.0" encoding="UTF-8"?>
<testsuite name="com.dotcms.util.pagination.ContainerPaginatorTest" tests="1" skipped="0" failures="0" errors="0" timestamp="2023-07-06T00:30:21" hostname="fv-az1231-758" time="0.101">
  <properties/>
  <testcase name="getPaginatedContainers" classname="com.dotcms.util.pagination.ContainerPaginatorTest" time="0.101"/>
  <system-out><![CDATA[]]></system-out>
  <system-err><![CDATA[]]></system-err>
</testsuite>
