<?xml version="1.0" encoding="UTF-8"?>
<testsuite name="com.dotcms.publisher.receiver.BundlePublisherTest" tests="1" skipped="0" failures="0" errors="0" timestamp="2023-06-29T18:34:46" hostname="fv-az571-416" time="0.002">
  <properties/>
  <testcase name="trigger_events" classname="com.dotcms.publisher.receiver.BundlePublisherTest" time="0.002"/>
  <system-out><![CDATA[]]></system-out>
  <system-err><![CDATA[]]></system-err>
</testsuite>
