<?xml version="1.0" encoding="UTF-8"?>
<testsuite name="com.dotcms.publishing.PublisherAPIImplTest" tests="24" skipped="0" failures="0" errors="0" timestamp="2023-06-28T02:59:57" hostname="fv-az255-852" time="6.056">
  <properties/>
  <testcase name="AddAllCategoryIntoBundle" classname="com.dotcms.publishing.PublisherAPIImplTest" time="0.189"/>
  <testcase name="testFilterDescriptors" classname="com.dotcms.publishing.PublisherAPIImplTest" time="0.111"/>
  <testcase name="sendPushPublishBundle[0: com.dotcms.publishing.PublisherAPIImplTest$TestAsset@51bfac80]" classname="com.dotcms.publishing.PublisherAPIImplTest" time="1.782"/>
  <testcase name="sendPushPublishBundle[1: com.dotcms.publishing.PublisherAPIImplTest$TestAsset@64eb8a0f]" classname="com.dotcms.publishing.PublisherAPIImplTest" time="0.349"/>
  <testcase name="sendPushPublishBundle[2: com.dotcms.publishing.PublisherAPIImplTest$TestAsset@c60fece]" classname="com.dotcms.publishing.PublisherAPIImplTest" time="0.254"/>
  <testcase name="sendPushPublishBundle[3: com.dotcms.publishing.PublisherAPIImplTest$TestAsset@10f15978]" classname="com.dotcms.publishing.PublisherAPIImplTest" time="0.557"/>
  <testcase name="sendPushPublishBundle[4: com.dotcms.publishing.PublisherAPIImplTest$TestAsset@3c063c4a]" classname="com.dotcms.publishing.PublisherAPIImplTest" time="0.359"/>
  <testcase name="sendPushPublishBundle[5: com.dotcms.publishing.PublisherAPIImplTest$TestAsset@4856237]" classname="com.dotcms.publishing.PublisherAPIImplTest" time="0.141"/>
  <testcase name="sendPushPublishBundle[6: com.dotcms.publishing.PublisherAPIImplTest$TestAsset@f186ae7]" classname="com.dotcms.publishing.PublisherAPIImplTest" time="0.178"/>
  <testcase name="sendPushPublishBundle[7: com.dotcms.publishing.PublisherAPIImplTest$TestAsset@1538d8e5]" classname="com.dotcms.publishing.PublisherAPIImplTest" time="0.149"/>
  <testcase name="sendPushPublishBundle[8: com.dotcms.publishing.PublisherAPIImplTest$TestAsset@18514264]" classname="com.dotcms.publishing.PublisherAPIImplTest" time="0.132"/>
  <testcase name="sendPushPublishBundle[9: com.dotcms.publishing.PublisherAPIImplTest$TestAsset@376a0f83]" classname="com.dotcms.publishing.PublisherAPIImplTest" time="0.228"/>
  <testcase name="sendPushPublishBundle[10: com.dotcms.publishing.PublisherAPIImplTest$TestAsset@7b6904db]" classname="com.dotcms.publishing.PublisherAPIImplTest" time="0.065"/>
  <testcase name="generateBundle[0: com.dotcms.publishing.PublisherAPIImplTest$TestAsset@51bfac80]" classname="com.dotcms.publishing.PublisherAPIImplTest" time="0.117"/>
  <testcase name="generateBundle[1: com.dotcms.publishing.PublisherAPIImplTest$TestAsset@64eb8a0f]" classname="com.dotcms.publishing.PublisherAPIImplTest" time="0.108"/>
  <testcase name="generateBundle[2: com.dotcms.publishing.PublisherAPIImplTest$TestAsset@c60fece]" classname="com.dotcms.publishing.PublisherAPIImplTest" time="0.133"/>
  <testcase name="generateBundle[3: com.dotcms.publishing.PublisherAPIImplTest$TestAsset@10f15978]" classname="com.dotcms.publishing.PublisherAPIImplTest" time="0.228"/>
  <testcase name="generateBundle[4: com.dotcms.publishing.PublisherAPIImplTest$TestAsset@3c063c4a]" classname="com.dotcms.publishing.PublisherAPIImplTest" time="0.299"/>
  <testcase name="generateBundle[5: com.dotcms.publishing.PublisherAPIImplTest$TestAsset@4856237]" classname="com.dotcms.publishing.PublisherAPIImplTest" time="0.214"/>
  <testcase name="generateBundle[6: com.dotcms.publishing.PublisherAPIImplTest$TestAsset@f186ae7]" classname="com.dotcms.publishing.PublisherAPIImplTest" time="0.126"/>
  <testcase name="generateBundle[7: com.dotcms.publishing.PublisherAPIImplTest$TestAsset@1538d8e5]" classname="com.dotcms.publishing.PublisherAPIImplTest" time="0.101"/>
  <testcase name="generateBundle[8: com.dotcms.publishing.PublisherAPIImplTest$TestAsset@18514264]" classname="com.dotcms.publishing.PublisherAPIImplTest" time="0.065"/>
  <testcase name="generateBundle[9: com.dotcms.publishing.PublisherAPIImplTest$TestAsset@376a0f83]" classname="com.dotcms.publishing.PublisherAPIImplTest" time="0.141"/>
  <testcase name="generateBundle[10: com.dotcms.publishing.PublisherAPIImplTest$TestAsset@7b6904db]" classname="com.dotcms.publishing.PublisherAPIImplTest" time="0.019"/>
  <system-out><![CDATA[









































































































































































]]></system-out>
  <system-err><![CDATA[]]></system-err>
</testsuite>
