<?xml version="1.0" encoding="UTF-8"?>
<testsuite name="com.dotmarketing.portlets.structure.model.ContentletRelationshipsTest" tests="7" skipped="0" failures="0" errors="0" timestamp="2023-07-11T00:35:14" hostname="fv-az176-516" time="8.03">
  <properties/>
  <testcase name="testDoesAllowOnlyOne[0: com.dotmarketing.portlets.structure.model.ContentletRelationshipsTest$CardinalityTestCase@c80056b]" classname="com.dotmarketing.portlets.structure.model.ContentletRelationshipsTest" time="0.459"/>
  <testcase name="testDoesAllowOnlyOne[1: com.dotmarketing.portlets.structure.model.ContentletRelationshipsTest$CardinalityTestCase@70c28281]" classname="com.dotmarketing.portlets.structure.model.ContentletRelationshipsTest" time="0.473"/>
  <testcase name="testDoesAllowOnlyOne[2: com.dotmarketing.portlets.structure.model.ContentletRelationshipsTest$CardinalityTestCase@2f2ba526]" classname="com.dotmarketing.portlets.structure.model.ContentletRelationshipsTest" time="0.449"/>
  <testcase name="testGetRelationshipRecords[0: com.dotmarketing.portlets.structure.model.ContentletRelationshipsTest$TestCase@10b81f53]" classname="com.dotmarketing.portlets.structure.model.ContentletRelationshipsTest" time="2.017"/>
  <testcase name="testGetRelationshipRecords[1: com.dotmarketing.portlets.structure.model.ContentletRelationshipsTest$TestCase@1c1ffb72]" classname="com.dotmarketing.portlets.structure.model.ContentletRelationshipsTest" time="1.954"/>
  <testcase name="testGetRelationshipRecords[2: com.dotmarketing.portlets.structure.model.ContentletRelationshipsTest$TestCase@78adb4fa]" classname="com.dotmarketing.portlets.structure.model.ContentletRelationshipsTest" time="1.871"/>
  <testcase name="testGetRelationshipRecords[3: com.dotmarketing.portlets.structure.model.ContentletRelationshipsTest$TestCase@a5d3c5c]" classname="com.dotmarketing.portlets.structure.model.ContentletRelationshipsTest" time="0.806"/>
  <system-out><![CDATA[]]></system-out>
  <system-err><![CDATA[]]></system-err>
</testsuite>
