<?xml version="1.0" encoding="UTF-8"?>
<testsuite name="com.dotmarketing.startup.runonce.Task05210CreateDefaultDotAssetTest" tests="1" skipped="0" failures="0" errors="0" timestamp="2023-07-14T02:52:14" hostname="fv-az268-867" time="0.266">
  <properties/>
  <testcase name="Test_Upgrade_Task" classname="com.dotmarketing.startup.runonce.Task05210CreateDefaultDotAssetTest" time="0.266"/>
  <system-out><![CDATA[]]></system-out>
  <system-err><![CDATA[]]></system-err>
</testsuite>
