<?xml version="1.0" encoding="UTF-8"?>
<testsuite name="com.dotcms.rest.api.v1.user.UserResourceIntegrationTest" tests="2" skipped="0" failures="0" errors="0" timestamp="2023-06-29T21:00:21" hostname="fv-az221-564" time="1.636">
  <properties/>
  <testcase name="test_logoutAs_success" classname="com.dotcms.rest.api.v1.user.UserResourceIntegrationTest" time="0.823"/>
  <testcase name="test_loginAs_success" classname="com.dotcms.rest.api.v1.user.UserResourceIntegrationTest" time="0.813"/>
  <system-out><![CDATA[]]></system-out>
  <system-err><![CDATA[]]></system-err>
</testsuite>
