<?xml version="1.0" encoding="UTF-8"?>
<testsuite name="com.dotmarketing.util.UtilMethodsITest" tests="2" skipped="0" failures="0" errors="0" timestamp="2023-07-19T16:30:56" hostname="fv-az218-51" time="0.043">
  <properties/>
  <testcase name="test_dateToHTMLDate_DefaultTimeZone" classname="com.dotmarketing.util.UtilMethodsITest" time="0.001"/>
  <testcase name="test_dateToHTMLDate_USPacificTimeZone" classname="com.dotmarketing.util.UtilMethodsITest" time="0.041"/>
  <system-out><![CDATA[]]></system-out>
  <system-err><![CDATA[]]></system-err>
</testsuite>
