<?xml version="1.0" encoding="UTF-8"?>
<testsuite name="com.dotcms.content.elasticsearch.business.ESContentletAPIImplTest" tests="47" skipped="0" failures="0" errors="0" timestamp="2023-06-23T18:30:14" hostname="fv-az162-375" time="79.09">
  <properties/>
  <testcase name="flushVanityURLCacheRight" classname="com.dotcms.content.elasticsearch.business.ESContentletAPIImplTest" time="3.82"/>
  <testcase name="differentVersionWithDifferentExpireDate" classname="com.dotcms.content.elasticsearch.business.ESContentletAPIImplTest" time="1.454"/>
  <testcase name="whenTryToLockShouldThrowDotSecurityException" classname="com.dotcms.content.elasticsearch.business.ESContentletAPIImplTest" time="1.917"/>
  <testcase name="findAllVersionsByVariantWithNoAllowUser" classname="com.dotcms.content.elasticsearch.business.ESContentletAPIImplTest" time="4.341"/>
  <testcase name="savingFieldWithUniqueFieldInDifferentHost" classname="com.dotcms.content.elasticsearch.business.ESContentletAPIImplTest" time="2.604"/>
  <testcase name="findAllVersionsByVariantWithNoContentlet" classname="com.dotcms.content.elasticsearch.business.ESContentletAPIImplTest" time="0.001"/>
  <testcase name="shouldUpdateAllTheDifferentLangVersions" classname="com.dotcms.content.elasticsearch.business.ESContentletAPIImplTest" time="2.105"/>
  <testcase name="testIsCheckInSafeWithRelationshipsFieldsShouldReturnTrue" classname="com.dotcms.content.elasticsearch.business.ESContentletAPIImplTest" time="0.618"/>
  <testcase name="testGetRelatedContentWhenIndexIsMessedUp" classname="com.dotcms.content.elasticsearch.business.ESContentletAPIImplTest" time="4.325"/>
  <testcase name="findContentletByIdentifierAnyLanguageNoDefaultVersion" classname="com.dotcms.content.elasticsearch.business.ESContentletAPIImplTest" time="1.925"/>
  <testcase name="test_getUrlMapForContentlet_with_detail_page_and_pattern" classname="com.dotcms.content.elasticsearch.business.ESContentletAPIImplTest" time="2.424"/>
  <testcase name="test_move_invalid_start_host" classname="com.dotcms.content.elasticsearch.business.ESContentletAPIImplTest" time="0.002"/>
  <testcase name="variantIdOutsideJsonFIeld" classname="com.dotcms.content.elasticsearch.business.ESContentletAPIImplTest" time="1.599"/>
  <testcase name="test_getUrlMapForContentlet_with_bad_detail_page" classname="com.dotcms.content.elasticsearch.business.ESContentletAPIImplTest" time="1.092"/>
  <testcase name="findContentletByIdentifierAnyLanguageAndVariant" classname="com.dotcms.content.elasticsearch.business.ESContentletAPIImplTest" time="1.971"/>
  <testcase name="whenTryToLockShouldWork" classname="com.dotcms.content.elasticsearch.business.ESContentletAPIImplTest" time="0.985"/>
  <testcase name="savingFieldWithUniqueFieldInDifferentHostUsingContentTypeHost" classname="com.dotcms.content.elasticsearch.business.ESContentletAPIImplTest" time="3.207"/>
  <testcase name="findAllVersionsWithOldVersionsByVariant" classname="com.dotcms.content.elasticsearch.business.ESContentletAPIImplTest" time="7.97"/>
  <testcase name="selfRelatedContents" classname="com.dotcms.content.elasticsearch.business.ESContentletAPIImplTest" time="1.71"/>
  <testcase name="testGetRelatedContentFromMultilingualContent" classname="com.dotcms.content.elasticsearch.business.ESContentletAPIImplTest" time="2.028"/>
  <testcase name="shouldUpdateAllTheDifferentVariantsVersions" classname="com.dotcms.content.elasticsearch.business.ESContentletAPIImplTest" time="1.554"/>
  <testcase name="differentVersionWithDifferentPublishDateAndUniquePublishExpireDate" classname="com.dotcms.content.elasticsearch.business.ESContentletAPIImplTest" time="1.337"/>
  <testcase name="testCheckInWithLegacyRelationshipsAndReadOnlyClusterShouldThrowAnException" classname="com.dotcms.content.elasticsearch.business.ESContentletAPIImplTest" time="0.138"/>
  <testcase name="testGetArchivedRelatedChild" classname="com.dotcms.content.elasticsearch.business.ESContentletAPIImplTest" time="0.411"/>
  <testcase name="saveContentToAnotherVariant" classname="com.dotcms.content.elasticsearch.business.ESContentletAPIImplTest" time="1.234"/>
  <testcase name="whenOwnerTryToLockShouldWork" classname="com.dotcms.content.elasticsearch.business.ESContentletAPIImplTest" time="1.935"/>
  <testcase name="savingFieldWithUniqueFieldInTheSameHostTakingContentTypeHost" classname="com.dotcms.content.elasticsearch.business.ESContentletAPIImplTest" time="2.022"/>
  <testcase name="differentVersionWithDifferentExpireDateAndUniquePublishExpireDat" classname="com.dotcms.content.elasticsearch.business.ESContentletAPIImplTest" time="1.422"/>
  <testcase name="savingFieldWithUniqueFieldInTheSameHost" classname="com.dotcms.content.elasticsearch.business.ESContentletAPIImplTest" time="1.413"/>
  <testcase name="test_move_not_exists_path" classname="com.dotcms.content.elasticsearch.business.ESContentletAPIImplTest" time="0.015"/>
  <testcase name="saveAndUpdateContentletWithBinaryField" classname="com.dotcms.content.elasticsearch.business.ESContentletAPIImplTest" time="1.445"/>
  <testcase name="test_getUrlMapForContentlet_with_detail_page_but_no_pattern" classname="com.dotcms.content.elasticsearch.business.ESContentletAPIImplTest" time="1.638"/>
  <testcase name="test_move_invalid_null_host" classname="com.dotcms.content.elasticsearch.business.ESContentletAPIImplTest" time="0.0"/>
  <testcase name="findDeletedContentletByIdentifierAnyLanguage" classname="com.dotcms.content.elasticsearch.business.ESContentletAPIImplTest" time="1.933"/>
  <testcase name="testGetArchivedRelatedParent" classname="com.dotcms.content.elasticsearch.business.ESContentletAPIImplTest" time="1.468"/>
  <testcase name="testIsCheckInSafeWithLegacyRelationshipsShouldReturnFalse" classname="com.dotcms.content.elasticsearch.business.ESContentletAPIImplTest" time="0.106"/>
  <testcase name="findAllVersionsByVariant" classname="com.dotcms.content.elasticsearch.business.ESContentletAPIImplTest" time="1.833"/>
  <testcase name="savingFieldWithUniqueFieldInDifferentHostUniquePerSiteToFalse" classname="com.dotcms.content.elasticsearch.business.ESContentletAPIImplTest" time="2.7"/>
  <testcase name="shouldUpdateAllTheDifferentVariantsVersionsInTheSameLang" classname="com.dotcms.content.elasticsearch.business.ESContentletAPIImplTest" time="2.38"/>
  <testcase name="testIsCheckInSafeWithoutRelationshipsShouldReturnTrue" classname="com.dotcms.content.elasticsearch.business.ESContentletAPIImplTest" time="0.042"/>
  <testcase name="test_move_to_exists_path_invalid_user" classname="com.dotcms.content.elasticsearch.business.ESContentletAPIImplTest" time="1.124"/>
  <testcase name="test_move_invalid_path" classname="com.dotcms.content.elasticsearch.business.ESContentletAPIImplTest" time="0.001"/>
  <testcase name="savingFieldWithUniqueFieldInTheSameHostUniquePerSiteToFalse" classname="com.dotcms.content.elasticsearch.business.ESContentletAPIImplTest" time="1.568"/>
  <testcase name="testCheckInArchivedPageShouldThrowDotDataException" classname="com.dotcms.content.elasticsearch.business.ESContentletAPIImplTest" time="0.855"/>
  <testcase name="differentVersionWithDifferentPublishDate" classname="com.dotcms.content.elasticsearch.business.ESContentletAPIImplTest" time="1.855"/>
  <testcase name="testCopyProperties" classname="com.dotcms.content.elasticsearch.business.ESContentletAPIImplTest" time="1.116"/>
  <testcase name="saveContentToSpecificVariant" classname="com.dotcms.content.elasticsearch.business.ESContentletAPIImplTest" time="1.43"/>
  <system-out><![CDATA[]]></system-out>
  <system-err><![CDATA[]]></system-err>
</testsuite>
