<?xml version="1.0" encoding="UTF-8"?>
<testsuite name="com.dotcms.rest.api.v1.configuration.ConfigurationResourceTest" tests="1" skipped="0" failures="0" errors="0" timestamp="2023-07-17T21:04:22" hostname="fv-az799-554" time="0.143">
  <properties/>
  <testcase name="testVerifyConfigurationData" classname="com.dotcms.rest.api.v1.configuration.ConfigurationResourceTest" time="0.143"/>
  <system-out><![CDATA[]]></system-out>
  <system-err><![CDATA[]]></system-err>
</testsuite>
