<?xml version="1.0" encoding="UTF-8"?>
<testsuite name="com.dotmarketing.business.DeterministicIdentifierAPITest" tests="16" skipped="0" failures="0" errors="0" timestamp="2023-06-27T19:30:54" hostname="fv-az359-674" time="1.274">
  <properties/>
  <testcase name="Test_Category_Path_Seed_And_Id" classname="com.dotmarketing.business.DeterministicIdentifierAPITest" time="0.02"/>
  <testcase name="Test_Language_Deterministic_Id[0: LanguageTestCase{expectedSeed='Language:es:US', expectedHash=4913155, langCode='es', countryCode='US', country='United States'}]" classname="com.dotmarketing.business.DeterministicIdentifierAPITest" time="0.001"/>
  <testcase name="Test_Language_Deterministic_Id[1: LanguageTestCase{expectedSeed='Language:ep:', expectedHash=5292269, langCode='ep', countryCode='', country=''}]" classname="com.dotmarketing.business.DeterministicIdentifierAPITest" time="0.001"/>
  <testcase name="Test_Language_Deterministic_Id[2: LanguageTestCase{expectedSeed='Language:sg:SAG', expectedHash=4713118, langCode='sg', countryCode='SAG', country=''}]" classname="com.dotmarketing.business.DeterministicIdentifierAPITest" time="0.0"/>
  <testcase name="Test_Language_Deterministic_Id[3: LanguageTestCase{expectedSeed='Language:en:NZ', expectedHash=5382528, langCode='en', countryCode='NZ', country='New Zealand'}]" classname="com.dotmarketing.business.DeterministicIdentifierAPITest" time="0.001"/>
  <testcase name="Test_Category_None_Persisted_Category_Should_Return_Deterministic_Id" classname="com.dotmarketing.business.DeterministicIdentifierAPITest" time="0.001"/>
  <testcase name="Test_Asset_Generate_Deterministic_Id_Best_Effort[0: TestCase{versionable=my.host1687893881234.com, parent=System Host, expectedName='my.host1687893881234.com', expectedType='Host'}]" classname="com.dotmarketing.business.DeterministicIdentifierAPITest" time="0.002"/>
  <testcase name="Test_Asset_Generate_Deterministic_Id_Best_Effort[1: TestCase{versionable=com.dotmarketing.portlets.contentlet.model.Contentlet@dc154ef[map={modDate=2023-06-27 19:24:42.041, fileName=file2218896358330602418.txt, title=file2218896358330602418.txt, inode=58268237-f3fb-4e6a-95e1-b8e005dd8ead, __IS_NEW_CONTENT__=true, disabledWYSIWYG=[], host=e45fc14a-267c-458a-a888-9026029c1f88, stInode=33888b6f-7a8e-4069-b1b6-5c1aa9d0a48d, owner=system, identifier=85fa6c80-b535-49c6-9458-01d8fb8c1bd0, nullProperties=[wfExpireDate, wfPublishDate, wfActionAssign, wfActionId, wfActionComments, filterKey, whereToSend, wfNeverExpire, _path_to_move, timezoneId, iWantTo, wfPublishTime, wfExpireTime], languageId=1, fileAsset=/home/runner/work/core/custom/assets/5/8/58268237-f3fb-4e6a-95e1-b8e005dd8ead/fileAsset/file2218896358330602418.txt, folder=0028ae80-9958-452d-9141-7729cb1aaf3d, __disable_workflow__=true, sortOrder=0, modUser=system},lowIndexPriority=false,variantId=DEFAULT], parent=com.dotmarketing.portlets.folders.model.Folder@1fdf885c[identifier=0028ae80-9958-452d-9141-7729cb1aaf3d,name=testName1687893882035,sortOrder=0,showOnMenu=false,hostId=e45fc14a-267c-458a-a888-9026029c1f88,type=folder,title=testTitle1687893882035,filesMasks=,defaultFileType=33888b6f-7a8e-4069-b1b6-5c1aa9d0a48d,modDate=2023-06-27 19:24:42.038,owner=&lt;null&gt;,iDate=2023-06-27 19:24:42.038,inode=0028ae80-9958-452d-9141-7729cb1aaf3d,path=/testName1687893882035/], expectedName='file2218896358330602418.txt', expectedType='FileAsset'}]" classname="com.dotmarketing.business.DeterministicIdentifierAPITest" time="0.002"/>
  <testcase name="Test_Asset_Generate_Deterministic_Id_Best_Effort[2: TestCase{versionable=com.dotmarketing.portlets.templates.model.Template@17d321f9, parent=my.host1687893881234.com, expectedName='testTitle1687893882128', expectedType='Template'}]" classname="com.dotmarketing.business.DeterministicIdentifierAPITest" time="0.001"/>
  <testcase name="Test_Asset_Generate_Deterministic_Id_Best_Effort[3: TestCase{versionable=com.dotmarketing.portlets.htmlpageasset.model.HTMLPageAsset@5480883d[map={template=1c4645be-ed68-4984-b9b6-daf97ff88fb4, owner=system, identifier=576b952c-fbbf-41d0-b59f-b2f1efbcc3b2, nullProperties=[wfExpireDate, wfPublishDate, wfActionAssign, wfActionId, wfActionComments, filterKey, whereToSend, wfNeverExpire, _path_to_move, timezoneId, iWantTo, wfPublishTime, wfExpireTime], modDate=2023-06-27 19:24:42.143, cachettl=0, _is_test_mode=true, languageId=1, title=test-page-title-1687893882139, httpsreq=, url=test-page-url-1687893882139, showOnMenu=, inode=a44b2a30-03a9-45e8-8b82-496ae14e4607, folder=0028ae80-9958-452d-9141-7729cb1aaf3d, disabledWYSIWYG=[], sortOrder=1, modUser=system, host=e45fc14a-267c-458a-a888-9026029c1f88, stInode=c541abb1-69b3-4bc5-8430-5e09e5239cc8, friendlyName=test-page-friendly-name-1687893882139},lowIndexPriority=false,variantId=DEFAULT], parent=com.dotmarketing.portlets.folders.model.Folder@1fdf885c[identifier=0028ae80-9958-452d-9141-7729cb1aaf3d,name=testName1687893882035,sortOrder=0,showOnMenu=false,hostId=e45fc14a-267c-458a-a888-9026029c1f88,type=folder,title=testTitle1687893882035,filesMasks=,defaultFileType=33888b6f-7a8e-4069-b1b6-5c1aa9d0a48d,modDate=2023-06-27 19:24:42.038,owner=&lt;null&gt;,iDate=2023-06-27 19:24:42.038,inode=0028ae80-9958-452d-9141-7729cb1aaf3d,path=/testName1687893882035/], expectedName='test-page-url-1687893882139', expectedType='htmlpageasset'}]" classname="com.dotmarketing.business.DeterministicIdentifierAPITest" time="0.002"/>
  <testcase name="Test_Asset_Generate_Deterministic_Id_Best_Effort[4: TestCase{versionable=com.dotmarketing.portlets.contentlet.model.Contentlet@5ac9c5ed[map={fileAsset2=/home/runner/work/core/custom/assets/2/d/2d121040-62f3-42e7-bb14-53f5a09c546c/fileAsset2/test_binary1687893883025.png, modDate=2023-06-27 19:24:43.029, fileAsset1=/home/runner/work/core/custom/assets/2/d/2d121040-62f3-42e7-bb14-53f5a09c546c/fileAsset1/test_binary1687893883025.jpg, title=blah, inode=2d121040-62f3-42e7-bb14-53f5a09c546c, __IS_NEW_CONTENT__=true, disabledWYSIWYG=[], host=48190c8c-42c4-46af-8d1a-0cd5db894797, stInode=d65c6539-8937-4267-b153-45ebd7f9f832, owner=system, identifier=168c4070-9d31-4f83-b493-ee9836145e66, nullProperties=[], languageId=1, image1=d91df851-a37d-4fa2-98b5-76bc193c1137, folder=SYSTEM_FOLDER, __disable_workflow__=true, sortOrder=0, modUser=system},lowIndexPriority=false,variantId=DEFAULT], parent=demo.dotcms.com, expectedName='test_binary1687893883025.jpg:test_binary1687893883025.png', expectedType='MultipleBinaries1687893882409'}]" classname="com.dotmarketing.business.DeterministicIdentifierAPITest" time="0.003"/>
  <testcase name="Test_Asset_Generate_Deterministic_Id_Best_Effort[5: TestCase{versionable=name5440495b4b : keyTag5440495b4b, parent=my.host1687893881234.com, expectedName='keyTag5440495b4b', expectedType='persona'}]" classname="com.dotmarketing.business.DeterministicIdentifierAPITest" time="0.002"/>
  <testcase name="Test_Similar_Content_Type_Wont_Clash" classname="com.dotmarketing.business.DeterministicIdentifierAPITest" time="0.373"/>
  <testcase name="Test_Generate_Folder_Identifier" classname="com.dotmarketing.business.DeterministicIdentifierAPITest" time="0.855"/>
  <testcase name="Test_Generate_Content_Type_Identifier[0: ContentTypeTestCase{contentType=KeyValueContentType{name=Language Variable, id=f4d7c1b8-2c88-4071-abf1-a5328977b07d, description=Default Content Type for Language Variables, defaultType=false, fixed=true, iDate=Thu Aug 31 16:38:49 UTC 2017, system=true, versionable=true, variable=Languagevariable, modDate=Tue Jun 27 18:23:11 UTC 2023, host=SYSTEM_HOST, siteName=systemHost, icon=language, sortOrder=0, folder=SYSTEM_FOLDER, folderPath=/, markedForDeletion=true, multilingualable=false}, expectedName='Languagevariable', expectedType='KeyValue'}]" classname="com.dotmarketing.business.DeterministicIdentifierAPITest" time="0.004"/>
  <testcase name="Test_Generate_Content_Type_Identifier[1: ContentTypeTestCase{contentType=SimpleContentType{name=testName1687893883346, id=7aedca37-0282-4af8-8b78-772279097b2e, description=testDescription1687893883346, defaultType=false, fixed=false, iDate=Tue Jun 27 19:24:43 UTC 2023, system=false, versionable=true, multilingualable=false, variable=testVarname1687893883346, owner=system, modDate=Tue Jun 27 19:24:44 UTC 2023, host=48190c8c-42c4-46af-8d1a-0cd5db894797, siteName=demo.dotcms.com, icon=event_note, sortOrder=0, folder=SYSTEM_FOLDER, folderPath=/, requiredFields=[], markedForDeletion=false}, expectedName='testVarname1687893883346', expectedType='CONTENT'}]" classname="com.dotmarketing.business.DeterministicIdentifierAPITest" time="0.004"/>
  <system-out><![CDATA[]]></system-out>
  <system-err><![CDATA[]]></system-err>
</testsuite>
