<?xml version="1.0" encoding="UTF-8"?>
<testsuite name="com.dotcms.cache.KeyValueCacheImplTest" tests="9" skipped="0" failures="0" errors="0" timestamp="2023-07-18T15:37:57" hostname="fv-az396-900" time="0.01">
  <properties/>
  <testcase name="shouldReturnNullWhenLookForKeyByContentTypeLiveAndWrongLanguage" classname="com.dotcms.cache.KeyValueCacheImplTest" time="0.001"/>
  <testcase name="shouldAddCacheEntryForContentTypeLanguageAndNotLive" classname="com.dotcms.cache.KeyValueCacheImplTest" time="0.001"/>
  <testcase name="shouldReturnNullWhenLookForKeyByContentTypeAndWrongLanguageId" classname="com.dotcms.cache.KeyValueCacheImplTest" time="0.001"/>
  <testcase name="shouldReturnNullWhenLookForKeyByLanguageLiveAndWrongContentType" classname="com.dotcms.cache.KeyValueCacheImplTest" time="0.001"/>
  <testcase name="shouldReturnNullWhenLookForKeyByLanguageidAndWrongContentTypeAnd" classname="com.dotcms.cache.KeyValueCacheImplTest" time="0.001"/>
  <testcase name="shouldReturnNullWhenLookForKeyByContentTypeLanguageAndWrongLive" classname="com.dotcms.cache.KeyValueCacheImplTest" time="0.001"/>
  <testcase name="shouldReturnNullWhenLookForKeyByContentTypeLanguageLiveIdNotAdded" classname="com.dotcms.cache.KeyValueCacheImplTest" time="0.001"/>
  <testcase name="shouldAddCacheEntryForContentTypeAndLanguage" classname="com.dotcms.cache.KeyValueCacheImplTest" time="0.001"/>
  <testcase name="shouldReturnNullWhenLookForKeyByContentTypeAndLanguageIdNotAdded" classname="com.dotcms.cache.KeyValueCacheImplTest" time="0.001"/>
  <system-out><![CDATA[]]></system-out>
  <system-err><![CDATA[]]></system-err>
</testsuite>
