<?xml version="1.0" encoding="UTF-8"?>
<testsuite name="com.dotcms.publishing.PublisherAPIImplTest" tests="24" skipped="0" failures="12" errors="0" timestamp="2023-07-13T19:41:30" hostname="fv-az305-739" time="5.648">
  <properties/>
  <testcase name="AddAllCategoryIntoBundle" classname="com.dotcms.publishing.PublisherAPIImplTest" time="0.201"/>
  <testcase name="testFilterDescriptors" classname="com.dotcms.publishing.PublisherAPIImplTest" time="0.121"/>
  <testcase name="sendPushPublishBundle[0: com.dotcms.publishing.PublisherAPIImplTest$TestAsset@403feb7f]" classname="com.dotcms.publishing.PublisherAPIImplTest" time="1.664">
    <failure message="org.junit.ComparisonFailure: Fail for ImmutableSimpleContentType:&#10;Asset -&gt; SimpleContentType{name=testName1689276704209, id=d6fd637bc81560020d77535a71ec28ea, description=testDescription1689276704209, defaultType=false, fixed=false, iDate=Thu Jul 13 19:31:44 UTC 2023, system=false, versionable=true, multilingualable=false, variable=testVarname1689276704209, owner=system, modDate=Thu Jul 13 19:31:44 UTC 2023, host=b63d519a91e1cf89ab5368e8401fbeae, siteName=test1689276703123.dotcms.com, icon=event_note, sortOrder=0, folder=SYSTEM_FOLDER, folderPath=/, requiredFields=[], markedForDeletion=false} &#10;difference -&gt; defaultType&quot;:false,&quot;description&quot;:&quot;testDescription1689276704209&quot;,&quot;detailPage&quot;:null,&quot;expireDateVar&quot;:null,&quot;fixed&quot;:false,&quot;folder&quot;:&quot;SYSTEM_FOLDER&quot;,&quot;folderPath&quot;:&quot;/&quot;,&quot;host&quot;:&quot;b63d519a91e1cf89ab5368e8401fbeae&quot;,&quot;iDate&quot;:1689276704209,&quot;icon&quot;:&quot;event_note&quot;,&quot;id&quot;:&quot;d6fd637bc81560020d77535a71ec28ea&quot;,&quot;modDate&quot;:1689276704000,&quot;multilingualable&quot;:false,&quot;name&quot;:&quot;testName1689276704209&quot;,&quot;testName1689276704180&quot;]}&#10;expected -&gt; {&quot;contentType&quot;:{&quot;clazz&quot;:&quot;com.dotcms.contenttype.model.type.ImmutableSimpleContentType&quot;,&quot;name&quot;:&quot;testName1689276704209&quot;,&quot;id&quot;:&quot;d6fd637bc81560020d77535a71ec28ea&quot;,&quot;description&quot;:&quot;testDescription1689276704209&quot;,&quot;defaultType&quot;:false,&quot;detailPage&quot;:null,&quot;fixed&quot;:false,&quot;iDate&quot;:1689276704209,&quot;system&quot;:false,&quot;versionable&quot;:true,&quot;multilingualable&quot;:false,&quot;variable&quot;:&quot;testVarname1689276704209&quot;,&quot;urlMapPattern&quot;:null,&quot;publishDateVar&quot;:null,&quot;expireDateVar&quot;:null,&quot;systemActionMappings&quot;:[]}&#10;real -&gt; {&quot;contentType&quot;:{&quot;clazz&quot;:&quot;com.dotcms.contenttype.model.type.ImmutableSimpleContentType&quot;,&quot;defaultType&quot;:false,&quot;description&quot;:&quot;testDescription1689276704209&quot;,&quot;detailPage&quot;:null,&quot;expireDateVar&quot;:null,&quot;fixed&quot;:false,&quot;folder&quot;:&quot;SYSTEM_FOLDER&quot;,&quot;folderPath&quot;:&quot;/&quot;,&quot;host&quot;:&quot;b63d519a91e1cf89ab5368e8401fbeae&quot;,&quot;iDate&quot;:1689276704209,&quot;icon&quot;:&quot;event_note&quot;,&quot;id&quot;:&quot;d6fd637bc81560020d77535a71ec28ea&quot;,&quot;modDate&quot;:1689276704000,&quot;multilingualable&quot;:false,&quot;name&quot;:&quot;testName1689276704209&quot;,&quot;testName1689276704180&quot;]}&#10; expected:&lt;...SimpleContentType&quot;,&quot;[name&quot;:&quot;testName1689276704209&quot;,&quot;id&quot;:&quot;d6fd637bc81560020d77535a71ec28ea&quot;,&quot;description&quot;:&quot;testDescription1689276704209&quot;,&quot;defaultType&quot;:false,&quot;detailPage&quot;:null,&quot;fixed&quot;:false,&quot;iDate&quot;:1689276704209,&quot;system&quot;:false,&quot;versionable&quot;:true,&quot;multilingualable&quot;:false,&quot;variable&quot;:&quot;testVarname1689276704209&quot;,&quot;urlMapPattern&quot;:null,&quot;publishDateVar&quot;:null,&quot;expireDateVar&quot;:null,&quot;systemActionMappings&quot;:[]]}&gt; but was:&lt;...SimpleContentType&quot;,&quot;[defaultType&quot;:false,&quot;description&quot;:&quot;testDescription1689276704209&quot;,&quot;detailPage&quot;:null,&quot;expireDateVar&quot;:null,&quot;fixed&quot;:false,&quot;folder&quot;:&quot;SYSTEM_FOLDER&quot;,&quot;folderPath&quot;:&quot;/&quot;,&quot;host&quot;:&quot;b63d519a91e1cf89ab5368e8401fbeae&quot;,&quot;iDate&quot;:1689276704209,&quot;icon&quot;:&quot;event_note&quot;,&quot;id&quot;:&quot;d6fd637bc81560020d77535a71ec28ea&quot;,&quot;modDate&quot;:1689276704000,&quot;multilingualable&quot;:false,&quot;name&quot;:&quot;testName1689276704209&quot;,&quot;testName1689276704180&quot;]]}&gt;" type="org.junit.ComparisonFailure">org.junit.ComparisonFailure: Fail for ImmutableSimpleContentType:
Asset -&gt; SimpleContentType{name=testName1689276704209, id=d6fd637bc81560020d77535a71ec28ea, description=testDescription1689276704209, defaultType=false, fixed=false, iDate=Thu Jul 13 19:31:44 UTC 2023, system=false, versionable=true, multilingualable=false, variable=testVarname1689276704209, owner=system, modDate=Thu Jul 13 19:31:44 UTC 2023, host=b63d519a91e1cf89ab5368e8401fbeae, siteName=test1689276703123.dotcms.com, icon=event_note, sortOrder=0, folder=SYSTEM_FOLDER, folderPath=/, requiredFields=[], markedForDeletion=false} 
difference -&gt; defaultType&quot;:false,&quot;description&quot;:&quot;testDescription1689276704209&quot;,&quot;detailPage&quot;:null,&quot;expireDateVar&quot;:null,&quot;fixed&quot;:false,&quot;folder&quot;:&quot;SYSTEM_FOLDER&quot;,&quot;folderPath&quot;:&quot;/&quot;,&quot;host&quot;:&quot;b63d519a91e1cf89ab5368e8401fbeae&quot;,&quot;iDate&quot;:1689276704209,&quot;icon&quot;:&quot;event_note&quot;,&quot;id&quot;:&quot;d6fd637bc81560020d77535a71ec28ea&quot;,&quot;modDate&quot;:1689276704000,&quot;multilingualable&quot;:false,&quot;name&quot;:&quot;testName1689276704209&quot;,&quot;testName1689276704180&quot;]}
expected -&gt; {&quot;contentType&quot;:{&quot;clazz&quot;:&quot;com.dotcms.contenttype.model.type.ImmutableSimpleContentType&quot;,&quot;name&quot;:&quot;testName1689276704209&quot;,&quot;id&quot;:&quot;d6fd637bc81560020d77535a71ec28ea&quot;,&quot;description&quot;:&quot;testDescription1689276704209&quot;,&quot;defaultType&quot;:false,&quot;detailPage&quot;:null,&quot;fixed&quot;:false,&quot;iDate&quot;:1689276704209,&quot;system&quot;:false,&quot;versionable&quot;:true,&quot;multilingualable&quot;:false,&quot;variable&quot;:&quot;testVarname1689276704209&quot;,&quot;urlMapPattern&quot;:null,&quot;publishDateVar&quot;:null,&quot;expireDateVar&quot;:null,&quot;systemActionMappings&quot;:[]}
real -&gt; {&quot;contentType&quot;:{&quot;clazz&quot;:&quot;com.dotcms.contenttype.model.type.ImmutableSimpleContentType&quot;,&quot;defaultType&quot;:false,&quot;description&quot;:&quot;testDescription1689276704209&quot;,&quot;detailPage&quot;:null,&quot;expireDateVar&quot;:null,&quot;fixed&quot;:false,&quot;folder&quot;:&quot;SYSTEM_FOLDER&quot;,&quot;folderPath&quot;:&quot;/&quot;,&quot;host&quot;:&quot;b63d519a91e1cf89ab5368e8401fbeae&quot;,&quot;iDate&quot;:1689276704209,&quot;icon&quot;:&quot;event_note&quot;,&quot;id&quot;:&quot;d6fd637bc81560020d77535a71ec28ea&quot;,&quot;modDate&quot;:1689276704000,&quot;multilingualable&quot;:false,&quot;name&quot;:&quot;testName1689276704209&quot;,&quot;testName1689276704180&quot;]}
 expected:&lt;...SimpleContentType&quot;,&quot;[name&quot;:&quot;testName1689276704209&quot;,&quot;id&quot;:&quot;d6fd637bc81560020d77535a71ec28ea&quot;,&quot;description&quot;:&quot;testDescription1689276704209&quot;,&quot;defaultType&quot;:false,&quot;detailPage&quot;:null,&quot;fixed&quot;:false,&quot;iDate&quot;:1689276704209,&quot;system&quot;:false,&quot;versionable&quot;:true,&quot;multilingualable&quot;:false,&quot;variable&quot;:&quot;testVarname1689276704209&quot;,&quot;urlMapPattern&quot;:null,&quot;publishDateVar&quot;:null,&quot;expireDateVar&quot;:null,&quot;systemActionMappings&quot;:[]]}&gt; but was:&lt;...SimpleContentType&quot;,&quot;[defaultType&quot;:false,&quot;description&quot;:&quot;testDescription1689276704209&quot;,&quot;detailPage&quot;:null,&quot;expireDateVar&quot;:null,&quot;fixed&quot;:false,&quot;folder&quot;:&quot;SYSTEM_FOLDER&quot;,&quot;folderPath&quot;:&quot;/&quot;,&quot;host&quot;:&quot;b63d519a91e1cf89ab5368e8401fbeae&quot;,&quot;iDate&quot;:1689276704209,&quot;icon&quot;:&quot;event_note&quot;,&quot;id&quot;:&quot;d6fd637bc81560020d77535a71ec28ea&quot;,&quot;modDate&quot;:1689276704000,&quot;multilingualable&quot;:false,&quot;name&quot;:&quot;testName1689276704209&quot;,&quot;testName1689276704180&quot;]]}&gt;
	at org.junit.Assert.assertEquals(Assert.java:117)
	at com.dotcms.test.util.FileTestUtil.assertBundleFile(FileTestUtil.java:265)
	at com.dotcms.test.util.FileTestUtil.assertBundleFile(FileTestUtil.java:196)
	at com.dotcms.publishing.PublisherAPIImplTest.assertBundle(PublisherAPIImplTest.java:779)
	at com.dotcms.publishing.PublisherAPIImplTest.sendPushPublishBundle(PublisherAPIImplTest.java:721)
	at java.base/jdk.internal.reflect.NativeMethodAccessorImpl.invoke0(Native Method)
	at java.base/jdk.internal.reflect.NativeMethodAccessorImpl.invoke(NativeMethodAccessorImpl.java:62)
	at java.base/jdk.internal.reflect.DelegatingMethodAccessorImpl.invoke(DelegatingMethodAccessorImpl.java:43)
	at java.base/java.lang.reflect.Method.invoke(Method.java:566)
	at org.junit.runners.model.FrameworkMethod$1.runReflectiveCall(FrameworkMethod.java:59)
	at org.junit.internal.runners.model.ReflectiveCallable.run(ReflectiveCallable.java:12)
	at org.junit.runners.model.FrameworkMethod.invokeExplosively(FrameworkMethod.java:56)
	at com.tngtech.java.junit.dataprovider.DataProviderFrameworkMethod.invokeExplosively(DataProviderFrameworkMethod.java:119)
	at org.junit.internal.runners.statements.InvokeMethod.evaluate(InvokeMethod.java:17)
	at org.junit.runners.ParentRunner$3.evaluate(ParentRunner.java:306)
	at org.junit.rules.TestWatcher$1.evaluate(TestWatcher.java:61)
	at org.junit.rules.RunRules.evaluate(RunRules.java:20)
	at org.junit.runners.ParentRunner.runLeaf(ParentRunner.java:366)
	at com.dotcms.junit.CustomDataProviderRunner.runChild(CustomDataProviderRunner.java:41)
	at com.dotcms.junit.CustomDataProviderRunner.runChild(CustomDataProviderRunner.java:26)
	at org.junit.runners.ParentRunner$4.run(ParentRunner.java:331)
	at org.junit.runners.ParentRunner$1.schedule(ParentRunner.java:79)
	at org.junit.runners.ParentRunner.runChildren(ParentRunner.java:329)
	at org.junit.runners.ParentRunner.access$100(ParentRunner.java:66)
	at org.junit.runners.ParentRunner$2.evaluate(ParentRunner.java:293)
	at org.junit.runners.ParentRunner$3.evaluate(ParentRunner.java:306)
	at org.junit.runners.ParentRunner.run(ParentRunner.java:413)
	at com.dotcms.junit.MainBaseSuite$DotRunner.run(MainBaseSuite.java:71)
	at org.junit.runners.Suite.runChild(Suite.java:128)
	at org.junit.runners.Suite.runChild(Suite.java:27)
	at org.junit.runners.ParentRunner$4.run(ParentRunner.java:331)
	at org.junit.runners.ParentRunner$1.schedule(ParentRunner.java:79)
	at org.junit.runners.ParentRunner.runChildren(ParentRunner.java:329)
	at org.junit.runners.ParentRunner.access$100(ParentRunner.java:66)
	at org.junit.runners.ParentRunner$2.evaluate(ParentRunner.java:293)
	at org.junit.runners.ParentRunner$3.evaluate(ParentRunner.java:306)
	at org.junit.runners.ParentRunner.run(ParentRunner.java:413)
	at org.gradle.api.internal.tasks.testing.junit.JUnitTestClassExecutor.runTestClass(JUnitTestClassExecutor.java:110)
	at org.gradle.api.internal.tasks.testing.junit.JUnitTestClassExecutor.execute(JUnitTestClassExecutor.java:58)
	at org.gradle.api.internal.tasks.testing.junit.JUnitTestClassExecutor.execute(JUnitTestClassExecutor.java:38)
	at org.gradle.api.internal.tasks.testing.junit.AbstractJUnitTestClassProcessor.processTestClass(AbstractJUnitTestClassProcessor.java:62)
	at org.gradle.api.internal.tasks.testing.SuiteTestClassProcessor.processTestClass(SuiteTestClassProcessor.java:51)
	at java.base/jdk.internal.reflect.NativeMethodAccessorImpl.invoke0(Native Method)
	at java.base/jdk.internal.reflect.NativeMethodAccessorImpl.invoke(NativeMethodAccessorImpl.java:62)
	at java.base/jdk.internal.reflect.DelegatingMethodAccessorImpl.invoke(DelegatingMethodAccessorImpl.java:43)
	at java.base/java.lang.reflect.Method.invoke(Method.java:566)
	at org.gradle.internal.dispatch.ReflectionDispatch.dispatch(ReflectionDispatch.java:36)
	at org.gradle.internal.dispatch.ReflectionDispatch.dispatch(ReflectionDispatch.java:24)
	at org.gradle.internal.dispatch.ContextClassLoaderDispatch.dispatch(ContextClassLoaderDispatch.java:33)
	at org.gradle.internal.dispatch.ProxyDispatchAdapter$DispatchingInvocationHandler.invoke(ProxyDispatchAdapter.java:94)
	at com.sun.proxy.$Proxy5.processTestClass(Unknown Source)
	at org.gradle.api.internal.tasks.testing.worker.TestWorker$2.run(TestWorker.java:176)
	at org.gradle.api.internal.tasks.testing.worker.TestWorker.executeAndMaintainThreadName(TestWorker.java:129)
	at org.gradle.api.internal.tasks.testing.worker.TestWorker.execute(TestWorker.java:100)
	at org.gradle.api.internal.tasks.testing.worker.TestWorker.execute(TestWorker.java:60)
	at org.gradle.process.internal.worker.child.ActionExecutionWorker.execute(ActionExecutionWorker.java:56)
	at org.gradle.process.internal.worker.child.SystemApplicationClassLoaderWorker.call(SystemApplicationClassLoaderWorker.java:133)
	at org.gradle.process.internal.worker.child.SystemApplicationClassLoaderWorker.call(SystemApplicationClassLoaderWorker.java:71)
	at worker.org.gradle.process.internal.worker.GradleWorkerMain.run(GradleWorkerMain.java:69)
	at worker.org.gradle.process.internal.worker.GradleWorkerMain.main(GradleWorkerMain.java:74)
</failure>
  </testcase>
  <testcase name="sendPushPublishBundle[1: com.dotcms.publishing.PublisherAPIImplTest$TestAsset@4ea79c38]" classname="com.dotcms.publishing.PublisherAPIImplTest" time="0.291">
    <failure message="org.junit.ComparisonFailure: Fail for ImmutableSimpleContentType:&#10;Asset -&gt; SimpleContentType{name=testName1689276705417, id=16651cd2bb075db7a3df4cf6cf13c9af, description=testDescription1689276705417, defaultType=false, fixed=false, iDate=Thu Jul 13 19:31:45 UTC 2023, system=false, versionable=true, multilingualable=false, variable=testVarname1689276705417, owner=system, modDate=Thu Jul 13 19:31:45 UTC 2023, host=f9171b641adbc9d69dfab9de8a007884, siteName=test1689276704316.dotcms.com, icon=event_note, sortOrder=0, folder=SYSTEM_FOLDER, folderPath=/, requiredFields=[], markedForDeletion=false} &#10;difference -&gt; defaultType&quot;:false,&quot;description&quot;:&quot;testDescription1689276705417&quot;,&quot;detailPage&quot;:null,&quot;expireDateVar&quot;:null,&quot;fixed&quot;:false,&quot;folder&quot;:&quot;SYSTEM_FOLDER&quot;,&quot;folderPath&quot;:&quot;/&quot;,&quot;host&quot;:&quot;f9171b641adbc9d69dfab9de8a007884&quot;,&quot;iDate&quot;:1689276705417,&quot;icon&quot;:&quot;event_note&quot;,&quot;id&quot;:&quot;16651cd2bb075db7a3df4cf6cf13c9af&quot;,&quot;modDate&quot;:1689276705000,&quot;multilingualable&quot;:false,&quot;name&quot;:&quot;testName1689276705417&quot;,&quot;workflowSchemaNames&quot;:[&quot;System Workflow&quot;]}&#10;expected -&gt; {&quot;contentType&quot;:{&quot;clazz&quot;:&quot;com.dotcms.contenttype.model.type.ImmutableSimpleContentType&quot;,&quot;name&quot;:&quot;testName1689276705417&quot;,&quot;id&quot;:&quot;16651cd2bb075db7a3df4cf6cf13c9af&quot;,&quot;description&quot;:&quot;testDescription1689276705417&quot;,&quot;defaultType&quot;:false,&quot;detailPage&quot;:null,&quot;fixed&quot;:false,&quot;iDate&quot;:1689276705417,&quot;system&quot;:false,&quot;versionable&quot;:true,&quot;multilingualable&quot;:false,&quot;variable&quot;:&quot;testVarname1689276705417&quot;,&quot;urlMapPattern&quot;:null,&quot;publishDateVar&quot;:null,&quot;expireDateVar&quot;:null,&quot;systemActionMappings&quot;:[]}&#10;real -&gt; {&quot;contentType&quot;:{&quot;clazz&quot;:&quot;com.dotcms.contenttype.model.type.ImmutableSimpleContentType&quot;,&quot;defaultType&quot;:false,&quot;description&quot;:&quot;testDescription1689276705417&quot;,&quot;detailPage&quot;:null,&quot;expireDateVar&quot;:null,&quot;fixed&quot;:false,&quot;folder&quot;:&quot;SYSTEM_FOLDER&quot;,&quot;folderPath&quot;:&quot;/&quot;,&quot;host&quot;:&quot;f9171b641adbc9d69dfab9de8a007884&quot;,&quot;iDate&quot;:1689276705417,&quot;icon&quot;:&quot;event_note&quot;,&quot;id&quot;:&quot;16651cd2bb075db7a3df4cf6cf13c9af&quot;,&quot;modDate&quot;:1689276705000,&quot;multilingualable&quot;:false,&quot;name&quot;:&quot;testName1689276705417&quot;,&quot;workflowSchemaNames&quot;:[&quot;System Workflow&quot;]}&#10; expected:&lt;...SimpleContentType&quot;,&quot;[name&quot;:&quot;testName1689276705417&quot;,&quot;id&quot;:&quot;16651cd2bb075db7a3df4cf6cf13c9af&quot;,&quot;description&quot;:&quot;testDescription1689276705417&quot;,&quot;defaultType&quot;:false,&quot;detailPage&quot;:null,&quot;fixed&quot;:false,&quot;iDate&quot;:1689276705417,&quot;system&quot;:false,&quot;versionable&quot;:true,&quot;multilingualable&quot;:false,&quot;variable&quot;:&quot;testVarname1689276705417&quot;,&quot;urlMapPattern&quot;:null,&quot;publishDateVar&quot;:null,&quot;expireDateVar&quot;:null,&quot;systemActionMappings&quot;:[]]}&gt; but was:&lt;...SimpleContentType&quot;,&quot;[defaultType&quot;:false,&quot;description&quot;:&quot;testDescription1689276705417&quot;,&quot;detailPage&quot;:null,&quot;expireDateVar&quot;:null,&quot;fixed&quot;:false,&quot;folder&quot;:&quot;SYSTEM_FOLDER&quot;,&quot;folderPath&quot;:&quot;/&quot;,&quot;host&quot;:&quot;f9171b641adbc9d69dfab9de8a007884&quot;,&quot;iDate&quot;:1689276705417,&quot;icon&quot;:&quot;event_note&quot;,&quot;id&quot;:&quot;16651cd2bb075db7a3df4cf6cf13c9af&quot;,&quot;modDate&quot;:1689276705000,&quot;multilingualable&quot;:false,&quot;name&quot;:&quot;testName1689276705417&quot;,&quot;workflowSchemaNames&quot;:[&quot;System Workflow&quot;]]}&gt;" type="org.junit.ComparisonFailure">org.junit.ComparisonFailure: Fail for ImmutableSimpleContentType:
Asset -&gt; SimpleContentType{name=testName1689276705417, id=16651cd2bb075db7a3df4cf6cf13c9af, description=testDescription1689276705417, defaultType=false, fixed=false, iDate=Thu Jul 13 19:31:45 UTC 2023, system=false, versionable=true, multilingualable=false, variable=testVarname1689276705417, owner=system, modDate=Thu Jul 13 19:31:45 UTC 2023, host=f9171b641adbc9d69dfab9de8a007884, siteName=test1689276704316.dotcms.com, icon=event_note, sortOrder=0, folder=SYSTEM_FOLDER, folderPath=/, requiredFields=[], markedForDeletion=false} 
difference -&gt; defaultType&quot;:false,&quot;description&quot;:&quot;testDescription1689276705417&quot;,&quot;detailPage&quot;:null,&quot;expireDateVar&quot;:null,&quot;fixed&quot;:false,&quot;folder&quot;:&quot;SYSTEM_FOLDER&quot;,&quot;folderPath&quot;:&quot;/&quot;,&quot;host&quot;:&quot;f9171b641adbc9d69dfab9de8a007884&quot;,&quot;iDate&quot;:1689276705417,&quot;icon&quot;:&quot;event_note&quot;,&quot;id&quot;:&quot;16651cd2bb075db7a3df4cf6cf13c9af&quot;,&quot;modDate&quot;:1689276705000,&quot;multilingualable&quot;:false,&quot;name&quot;:&quot;testName1689276705417&quot;,&quot;workflowSchemaNames&quot;:[&quot;System Workflow&quot;]}
expected -&gt; {&quot;contentType&quot;:{&quot;clazz&quot;:&quot;com.dotcms.contenttype.model.type.ImmutableSimpleContentType&quot;,&quot;name&quot;:&quot;testName1689276705417&quot;,&quot;id&quot;:&quot;16651cd2bb075db7a3df4cf6cf13c9af&quot;,&quot;description&quot;:&quot;testDescription1689276705417&quot;,&quot;defaultType&quot;:false,&quot;detailPage&quot;:null,&quot;fixed&quot;:false,&quot;iDate&quot;:1689276705417,&quot;system&quot;:false,&quot;versionable&quot;:true,&quot;multilingualable&quot;:false,&quot;variable&quot;:&quot;testVarname1689276705417&quot;,&quot;urlMapPattern&quot;:null,&quot;publishDateVar&quot;:null,&quot;expireDateVar&quot;:null,&quot;systemActionMappings&quot;:[]}
real -&gt; {&quot;contentType&quot;:{&quot;clazz&quot;:&quot;com.dotcms.contenttype.model.type.ImmutableSimpleContentType&quot;,&quot;defaultType&quot;:false,&quot;description&quot;:&quot;testDescription1689276705417&quot;,&quot;detailPage&quot;:null,&quot;expireDateVar&quot;:null,&quot;fixed&quot;:false,&quot;folder&quot;:&quot;SYSTEM_FOLDER&quot;,&quot;folderPath&quot;:&quot;/&quot;,&quot;host&quot;:&quot;f9171b641adbc9d69dfab9de8a007884&quot;,&quot;iDate&quot;:1689276705417,&quot;icon&quot;:&quot;event_note&quot;,&quot;id&quot;:&quot;16651cd2bb075db7a3df4cf6cf13c9af&quot;,&quot;modDate&quot;:1689276705000,&quot;multilingualable&quot;:false,&quot;name&quot;:&quot;testName1689276705417&quot;,&quot;workflowSchemaNames&quot;:[&quot;System Workflow&quot;]}
 expected:&lt;...SimpleContentType&quot;,&quot;[name&quot;:&quot;testName1689276705417&quot;,&quot;id&quot;:&quot;16651cd2bb075db7a3df4cf6cf13c9af&quot;,&quot;description&quot;:&quot;testDescription1689276705417&quot;,&quot;defaultType&quot;:false,&quot;detailPage&quot;:null,&quot;fixed&quot;:false,&quot;iDate&quot;:1689276705417,&quot;system&quot;:false,&quot;versionable&quot;:true,&quot;multilingualable&quot;:false,&quot;variable&quot;:&quot;testVarname1689276705417&quot;,&quot;urlMapPattern&quot;:null,&quot;publishDateVar&quot;:null,&quot;expireDateVar&quot;:null,&quot;systemActionMappings&quot;:[]]}&gt; but was:&lt;...SimpleContentType&quot;,&quot;[defaultType&quot;:false,&quot;description&quot;:&quot;testDescription1689276705417&quot;,&quot;detailPage&quot;:null,&quot;expireDateVar&quot;:null,&quot;fixed&quot;:false,&quot;folder&quot;:&quot;SYSTEM_FOLDER&quot;,&quot;folderPath&quot;:&quot;/&quot;,&quot;host&quot;:&quot;f9171b641adbc9d69dfab9de8a007884&quot;,&quot;iDate&quot;:1689276705417,&quot;icon&quot;:&quot;event_note&quot;,&quot;id&quot;:&quot;16651cd2bb075db7a3df4cf6cf13c9af&quot;,&quot;modDate&quot;:1689276705000,&quot;multilingualable&quot;:false,&quot;name&quot;:&quot;testName1689276705417&quot;,&quot;workflowSchemaNames&quot;:[&quot;System Workflow&quot;]]}&gt;
	at org.junit.Assert.assertEquals(Assert.java:117)
	at com.dotcms.test.util.FileTestUtil.assertBundleFile(FileTestUtil.java:265)
	at com.dotcms.test.util.FileTestUtil.assertBundleFile(FileTestUtil.java:156)
	at com.dotcms.publishing.PublisherAPIImplTest.assertBundle(PublisherAPIImplTest.java:786)
	at com.dotcms.publishing.PublisherAPIImplTest.sendPushPublishBundle(PublisherAPIImplTest.java:721)
	at java.base/jdk.internal.reflect.NativeMethodAccessorImpl.invoke0(Native Method)
	at java.base/jdk.internal.reflect.NativeMethodAccessorImpl.invoke(NativeMethodAccessorImpl.java:62)
	at java.base/jdk.internal.reflect.DelegatingMethodAccessorImpl.invoke(DelegatingMethodAccessorImpl.java:43)
	at java.base/java.lang.reflect.Method.invoke(Method.java:566)
	at org.junit.runners.model.FrameworkMethod$1.runReflectiveCall(FrameworkMethod.java:59)
	at org.junit.internal.runners.model.ReflectiveCallable.run(ReflectiveCallable.java:12)
	at org.junit.runners.model.FrameworkMethod.invokeExplosively(FrameworkMethod.java:56)
	at com.tngtech.java.junit.dataprovider.DataProviderFrameworkMethod.invokeExplosively(DataProviderFrameworkMethod.java:119)
	at org.junit.internal.runners.statements.InvokeMethod.evaluate(InvokeMethod.java:17)
	at org.junit.runners.ParentRunner$3.evaluate(ParentRunner.java:306)
	at org.junit.rules.TestWatcher$1.evaluate(TestWatcher.java:61)
	at org.junit.rules.RunRules.evaluate(RunRules.java:20)
	at org.junit.runners.ParentRunner.runLeaf(ParentRunner.java:366)
	at com.dotcms.junit.CustomDataProviderRunner.runChild(CustomDataProviderRunner.java:41)
	at com.dotcms.junit.CustomDataProviderRunner.runChild(CustomDataProviderRunner.java:26)
	at org.junit.runners.ParentRunner$4.run(ParentRunner.java:331)
	at org.junit.runners.ParentRunner$1.schedule(ParentRunner.java:79)
	at org.junit.runners.ParentRunner.runChildren(ParentRunner.java:329)
	at org.junit.runners.ParentRunner.access$100(ParentRunner.java:66)
	at org.junit.runners.ParentRunner$2.evaluate(ParentRunner.java:293)
	at org.junit.runners.ParentRunner$3.evaluate(ParentRunner.java:306)
	at org.junit.runners.ParentRunner.run(ParentRunner.java:413)
	at com.dotcms.junit.MainBaseSuite$DotRunner.run(MainBaseSuite.java:71)
	at org.junit.runners.Suite.runChild(Suite.java:128)
	at org.junit.runners.Suite.runChild(Suite.java:27)
	at org.junit.runners.ParentRunner$4.run(ParentRunner.java:331)
	at org.junit.runners.ParentRunner$1.schedule(ParentRunner.java:79)
	at org.junit.runners.ParentRunner.runChildren(ParentRunner.java:329)
	at org.junit.runners.ParentRunner.access$100(ParentRunner.java:66)
	at org.junit.runners.ParentRunner$2.evaluate(ParentRunner.java:293)
	at org.junit.runners.ParentRunner$3.evaluate(ParentRunner.java:306)
	at org.junit.runners.ParentRunner.run(ParentRunner.java:413)
	at org.gradle.api.internal.tasks.testing.junit.JUnitTestClassExecutor.runTestClass(JUnitTestClassExecutor.java:110)
	at org.gradle.api.internal.tasks.testing.junit.JUnitTestClassExecutor.execute(JUnitTestClassExecutor.java:58)
	at org.gradle.api.internal.tasks.testing.junit.JUnitTestClassExecutor.execute(JUnitTestClassExecutor.java:38)
	at org.gradle.api.internal.tasks.testing.junit.AbstractJUnitTestClassProcessor.processTestClass(AbstractJUnitTestClassProcessor.java:62)
	at org.gradle.api.internal.tasks.testing.SuiteTestClassProcessor.processTestClass(SuiteTestClassProcessor.java:51)
	at java.base/jdk.internal.reflect.NativeMethodAccessorImpl.invoke0(Native Method)
	at java.base/jdk.internal.reflect.NativeMethodAccessorImpl.invoke(NativeMethodAccessorImpl.java:62)
	at java.base/jdk.internal.reflect.DelegatingMethodAccessorImpl.invoke(DelegatingMethodAccessorImpl.java:43)
	at java.base/java.lang.reflect.Method.invoke(Method.java:566)
	at org.gradle.internal.dispatch.ReflectionDispatch.dispatch(ReflectionDispatch.java:36)
	at org.gradle.internal.dispatch.ReflectionDispatch.dispatch(ReflectionDispatch.java:24)
	at org.gradle.internal.dispatch.ContextClassLoaderDispatch.dispatch(ContextClassLoaderDispatch.java:33)
	at org.gradle.internal.dispatch.ProxyDispatchAdapter$DispatchingInvocationHandler.invoke(ProxyDispatchAdapter.java:94)
	at com.sun.proxy.$Proxy5.processTestClass(Unknown Source)
	at org.gradle.api.internal.tasks.testing.worker.TestWorker$2.run(TestWorker.java:176)
	at org.gradle.api.internal.tasks.testing.worker.TestWorker.executeAndMaintainThreadName(TestWorker.java:129)
	at org.gradle.api.internal.tasks.testing.worker.TestWorker.execute(TestWorker.java:100)
	at org.gradle.api.internal.tasks.testing.worker.TestWorker.execute(TestWorker.java:60)
	at org.gradle.process.internal.worker.child.ActionExecutionWorker.execute(ActionExecutionWorker.java:56)
	at org.gradle.process.internal.worker.child.SystemApplicationClassLoaderWorker.call(SystemApplicationClassLoaderWorker.java:133)
	at org.gradle.process.internal.worker.child.SystemApplicationClassLoaderWorker.call(SystemApplicationClassLoaderWorker.java:71)
	at worker.org.gradle.process.internal.worker.GradleWorkerMain.run(GradleWorkerMain.java:69)
	at worker.org.gradle.process.internal.worker.GradleWorkerMain.main(GradleWorkerMain.java:74)
</failure>
  </testcase>
  <testcase name="sendPushPublishBundle[2: com.dotcms.publishing.PublisherAPIImplTest$TestAsset@e3a9bef]" classname="com.dotcms.publishing.PublisherAPIImplTest" time="0.219">
    <failure message="org.junit.ComparisonFailure: Fail for ImmutableSimpleContentType:&#10;Asset -&gt; SimpleContentType{name=testName1689276706421, id=793e325d0df351d490912a4966d69508, description=testDescription1689276706421, defaultType=false, fixed=false, iDate=Thu Jul 13 19:31:46 UTC 2023, system=false, versionable=true, multilingualable=false, variable=testVarname1689276706421, owner=system, modDate=Thu Jul 13 19:31:46 UTC 2023, host=73484064e3499aa954adc3a9ab855691, siteName=test1689276705470.dotcms.com, icon=event_note, sortOrder=0, folder=SYSTEM_FOLDER, folderPath=/, requiredFields=[], markedForDeletion=false} &#10;difference -&gt; defaultType&quot;:false,&quot;description&quot;:&quot;testDescription1689276706421&quot;,&quot;detailPage&quot;:null,&quot;expireDateVar&quot;:null,&quot;fixed&quot;:false,&quot;folder&quot;:&quot;SYSTEM_FOLDER&quot;,&quot;folderPath&quot;:&quot;/&quot;,&quot;host&quot;:&quot;73484064e3499aa954adc3a9ab855691&quot;,&quot;iDate&quot;:1689276706421,&quot;icon&quot;:&quot;event_note&quot;,&quot;id&quot;:&quot;793e325d0df351d490912a4966d69508&quot;,&quot;modDate&quot;:1689276706000,&quot;multilingualable&quot;:false,&quot;name&quot;:&quot;testName1689276706421&quot;,&quot;workflowSchemaNames&quot;:[&quot;System Workflow&quot;]}&#10;expected -&gt; {&quot;contentType&quot;:{&quot;clazz&quot;:&quot;com.dotcms.contenttype.model.type.ImmutableSimpleContentType&quot;,&quot;name&quot;:&quot;testName1689276706421&quot;,&quot;id&quot;:&quot;793e325d0df351d490912a4966d69508&quot;,&quot;description&quot;:&quot;testDescription1689276706421&quot;,&quot;defaultType&quot;:false,&quot;detailPage&quot;:null,&quot;fixed&quot;:false,&quot;iDate&quot;:1689276706421,&quot;system&quot;:false,&quot;versionable&quot;:true,&quot;multilingualable&quot;:false,&quot;variable&quot;:&quot;testVarname1689276706421&quot;,&quot;urlMapPattern&quot;:null,&quot;publishDateVar&quot;:null,&quot;expireDateVar&quot;:null,&quot;systemActionMappings&quot;:[]}&#10;real -&gt; {&quot;contentType&quot;:{&quot;clazz&quot;:&quot;com.dotcms.contenttype.model.type.ImmutableSimpleContentType&quot;,&quot;defaultType&quot;:false,&quot;description&quot;:&quot;testDescription1689276706421&quot;,&quot;detailPage&quot;:null,&quot;expireDateVar&quot;:null,&quot;fixed&quot;:false,&quot;folder&quot;:&quot;SYSTEM_FOLDER&quot;,&quot;folderPath&quot;:&quot;/&quot;,&quot;host&quot;:&quot;73484064e3499aa954adc3a9ab855691&quot;,&quot;iDate&quot;:1689276706421,&quot;icon&quot;:&quot;event_note&quot;,&quot;id&quot;:&quot;793e325d0df351d490912a4966d69508&quot;,&quot;modDate&quot;:1689276706000,&quot;multilingualable&quot;:false,&quot;name&quot;:&quot;testName1689276706421&quot;,&quot;workflowSchemaNames&quot;:[&quot;System Workflow&quot;]}&#10; expected:&lt;...SimpleContentType&quot;,&quot;[name&quot;:&quot;testName1689276706421&quot;,&quot;id&quot;:&quot;793e325d0df351d490912a4966d69508&quot;,&quot;description&quot;:&quot;testDescription1689276706421&quot;,&quot;defaultType&quot;:false,&quot;detailPage&quot;:null,&quot;fixed&quot;:false,&quot;iDate&quot;:1689276706421,&quot;system&quot;:false,&quot;versionable&quot;:true,&quot;multilingualable&quot;:false,&quot;variable&quot;:&quot;testVarname1689276706421&quot;,&quot;urlMapPattern&quot;:null,&quot;publishDateVar&quot;:null,&quot;expireDateVar&quot;:null,&quot;systemActionMappings&quot;:[]]}&gt; but was:&lt;...SimpleContentType&quot;,&quot;[defaultType&quot;:false,&quot;description&quot;:&quot;testDescription1689276706421&quot;,&quot;detailPage&quot;:null,&quot;expireDateVar&quot;:null,&quot;fixed&quot;:false,&quot;folder&quot;:&quot;SYSTEM_FOLDER&quot;,&quot;folderPath&quot;:&quot;/&quot;,&quot;host&quot;:&quot;73484064e3499aa954adc3a9ab855691&quot;,&quot;iDate&quot;:1689276706421,&quot;icon&quot;:&quot;event_note&quot;,&quot;id&quot;:&quot;793e325d0df351d490912a4966d69508&quot;,&quot;modDate&quot;:1689276706000,&quot;multilingualable&quot;:false,&quot;name&quot;:&quot;testName1689276706421&quot;,&quot;workflowSchemaNames&quot;:[&quot;System Workflow&quot;]]}&gt;" type="org.junit.ComparisonFailure">org.junit.ComparisonFailure: Fail for ImmutableSimpleContentType:
Asset -&gt; SimpleContentType{name=testName1689276706421, id=793e325d0df351d490912a4966d69508, description=testDescription1689276706421, defaultType=false, fixed=false, iDate=Thu Jul 13 19:31:46 UTC 2023, system=false, versionable=true, multilingualable=false, variable=testVarname1689276706421, owner=system, modDate=Thu Jul 13 19:31:46 UTC 2023, host=73484064e3499aa954adc3a9ab855691, siteName=test1689276705470.dotcms.com, icon=event_note, sortOrder=0, folder=SYSTEM_FOLDER, folderPath=/, requiredFields=[], markedForDeletion=false} 
difference -&gt; defaultType&quot;:false,&quot;description&quot;:&quot;testDescription1689276706421&quot;,&quot;detailPage&quot;:null,&quot;expireDateVar&quot;:null,&quot;fixed&quot;:false,&quot;folder&quot;:&quot;SYSTEM_FOLDER&quot;,&quot;folderPath&quot;:&quot;/&quot;,&quot;host&quot;:&quot;73484064e3499aa954adc3a9ab855691&quot;,&quot;iDate&quot;:1689276706421,&quot;icon&quot;:&quot;event_note&quot;,&quot;id&quot;:&quot;793e325d0df351d490912a4966d69508&quot;,&quot;modDate&quot;:1689276706000,&quot;multilingualable&quot;:false,&quot;name&quot;:&quot;testName1689276706421&quot;,&quot;workflowSchemaNames&quot;:[&quot;System Workflow&quot;]}
expected -&gt; {&quot;contentType&quot;:{&quot;clazz&quot;:&quot;com.dotcms.contenttype.model.type.ImmutableSimpleContentType&quot;,&quot;name&quot;:&quot;testName1689276706421&quot;,&quot;id&quot;:&quot;793e325d0df351d490912a4966d69508&quot;,&quot;description&quot;:&quot;testDescription1689276706421&quot;,&quot;defaultType&quot;:false,&quot;detailPage&quot;:null,&quot;fixed&quot;:false,&quot;iDate&quot;:1689276706421,&quot;system&quot;:false,&quot;versionable&quot;:true,&quot;multilingualable&quot;:false,&quot;variable&quot;:&quot;testVarname1689276706421&quot;,&quot;urlMapPattern&quot;:null,&quot;publishDateVar&quot;:null,&quot;expireDateVar&quot;:null,&quot;systemActionMappings&quot;:[]}
real -&gt; {&quot;contentType&quot;:{&quot;clazz&quot;:&quot;com.dotcms.contenttype.model.type.ImmutableSimpleContentType&quot;,&quot;defaultType&quot;:false,&quot;description&quot;:&quot;testDescription1689276706421&quot;,&quot;detailPage&quot;:null,&quot;expireDateVar&quot;:null,&quot;fixed&quot;:false,&quot;folder&quot;:&quot;SYSTEM_FOLDER&quot;,&quot;folderPath&quot;:&quot;/&quot;,&quot;host&quot;:&quot;73484064e3499aa954adc3a9ab855691&quot;,&quot;iDate&quot;:1689276706421,&quot;icon&quot;:&quot;event_note&quot;,&quot;id&quot;:&quot;793e325d0df351d490912a4966d69508&quot;,&quot;modDate&quot;:1689276706000,&quot;multilingualable&quot;:false,&quot;name&quot;:&quot;testName1689276706421&quot;,&quot;workflowSchemaNames&quot;:[&quot;System Workflow&quot;]}
 expected:&lt;...SimpleContentType&quot;,&quot;[name&quot;:&quot;testName1689276706421&quot;,&quot;id&quot;:&quot;793e325d0df351d490912a4966d69508&quot;,&quot;description&quot;:&quot;testDescription1689276706421&quot;,&quot;defaultType&quot;:false,&quot;detailPage&quot;:null,&quot;fixed&quot;:false,&quot;iDate&quot;:1689276706421,&quot;system&quot;:false,&quot;versionable&quot;:true,&quot;multilingualable&quot;:false,&quot;variable&quot;:&quot;testVarname1689276706421&quot;,&quot;urlMapPattern&quot;:null,&quot;publishDateVar&quot;:null,&quot;expireDateVar&quot;:null,&quot;systemActionMappings&quot;:[]]}&gt; but was:&lt;...SimpleContentType&quot;,&quot;[defaultType&quot;:false,&quot;description&quot;:&quot;testDescription1689276706421&quot;,&quot;detailPage&quot;:null,&quot;expireDateVar&quot;:null,&quot;fixed&quot;:false,&quot;folder&quot;:&quot;SYSTEM_FOLDER&quot;,&quot;folderPath&quot;:&quot;/&quot;,&quot;host&quot;:&quot;73484064e3499aa954adc3a9ab855691&quot;,&quot;iDate&quot;:1689276706421,&quot;icon&quot;:&quot;event_note&quot;,&quot;id&quot;:&quot;793e325d0df351d490912a4966d69508&quot;,&quot;modDate&quot;:1689276706000,&quot;multilingualable&quot;:false,&quot;name&quot;:&quot;testName1689276706421&quot;,&quot;workflowSchemaNames&quot;:[&quot;System Workflow&quot;]]}&gt;
	at org.junit.Assert.assertEquals(Assert.java:117)
	at com.dotcms.test.util.FileTestUtil.assertBundleFile(FileTestUtil.java:265)
	at com.dotcms.test.util.FileTestUtil.assertBundleFile(FileTestUtil.java:156)
	at com.dotcms.publishing.PublisherAPIImplTest.assertBundle(PublisherAPIImplTest.java:786)
	at com.dotcms.publishing.PublisherAPIImplTest.sendPushPublishBundle(PublisherAPIImplTest.java:721)
	at java.base/jdk.internal.reflect.NativeMethodAccessorImpl.invoke0(Native Method)
	at java.base/jdk.internal.reflect.NativeMethodAccessorImpl.invoke(NativeMethodAccessorImpl.java:62)
	at java.base/jdk.internal.reflect.DelegatingMethodAccessorImpl.invoke(DelegatingMethodAccessorImpl.java:43)
	at java.base/java.lang.reflect.Method.invoke(Method.java:566)
	at org.junit.runners.model.FrameworkMethod$1.runReflectiveCall(FrameworkMethod.java:59)
	at org.junit.internal.runners.model.ReflectiveCallable.run(ReflectiveCallable.java:12)
	at org.junit.runners.model.FrameworkMethod.invokeExplosively(FrameworkMethod.java:56)
	at com.tngtech.java.junit.dataprovider.DataProviderFrameworkMethod.invokeExplosively(DataProviderFrameworkMethod.java:119)
	at org.junit.internal.runners.statements.InvokeMethod.evaluate(InvokeMethod.java:17)
	at org.junit.runners.ParentRunner$3.evaluate(ParentRunner.java:306)
	at org.junit.rules.TestWatcher$1.evaluate(TestWatcher.java:61)
	at org.junit.rules.RunRules.evaluate(RunRules.java:20)
	at org.junit.runners.ParentRunner.runLeaf(ParentRunner.java:366)
	at com.dotcms.junit.CustomDataProviderRunner.runChild(CustomDataProviderRunner.java:41)
	at com.dotcms.junit.CustomDataProviderRunner.runChild(CustomDataProviderRunner.java:26)
	at org.junit.runners.ParentRunner$4.run(ParentRunner.java:331)
	at org.junit.runners.ParentRunner$1.schedule(ParentRunner.java:79)
	at org.junit.runners.ParentRunner.runChildren(ParentRunner.java:329)
	at org.junit.runners.ParentRunner.access$100(ParentRunner.java:66)
	at org.junit.runners.ParentRunner$2.evaluate(ParentRunner.java:293)
	at org.junit.runners.ParentRunner$3.evaluate(ParentRunner.java:306)
	at org.junit.runners.ParentRunner.run(ParentRunner.java:413)
	at com.dotcms.junit.MainBaseSuite$DotRunner.run(MainBaseSuite.java:71)
	at org.junit.runners.Suite.runChild(Suite.java:128)
	at org.junit.runners.Suite.runChild(Suite.java:27)
	at org.junit.runners.ParentRunner$4.run(ParentRunner.java:331)
	at org.junit.runners.ParentRunner$1.schedule(ParentRunner.java:79)
	at org.junit.runners.ParentRunner.runChildren(ParentRunner.java:329)
	at org.junit.runners.ParentRunner.access$100(ParentRunner.java:66)
	at org.junit.runners.ParentRunner$2.evaluate(ParentRunner.java:293)
	at org.junit.runners.ParentRunner$3.evaluate(ParentRunner.java:306)
	at org.junit.runners.ParentRunner.run(ParentRunner.java:413)
	at org.gradle.api.internal.tasks.testing.junit.JUnitTestClassExecutor.runTestClass(JUnitTestClassExecutor.java:110)
	at org.gradle.api.internal.tasks.testing.junit.JUnitTestClassExecutor.execute(JUnitTestClassExecutor.java:58)
	at org.gradle.api.internal.tasks.testing.junit.JUnitTestClassExecutor.execute(JUnitTestClassExecutor.java:38)
	at org.gradle.api.internal.tasks.testing.junit.AbstractJUnitTestClassProcessor.processTestClass(AbstractJUnitTestClassProcessor.java:62)
	at org.gradle.api.internal.tasks.testing.SuiteTestClassProcessor.processTestClass(SuiteTestClassProcessor.java:51)
	at java.base/jdk.internal.reflect.NativeMethodAccessorImpl.invoke0(Native Method)
	at java.base/jdk.internal.reflect.NativeMethodAccessorImpl.invoke(NativeMethodAccessorImpl.java:62)
	at java.base/jdk.internal.reflect.DelegatingMethodAccessorImpl.invoke(DelegatingMethodAccessorImpl.java:43)
	at java.base/java.lang.reflect.Method.invoke(Method.java:566)
	at org.gradle.internal.dispatch.ReflectionDispatch.dispatch(ReflectionDispatch.java:36)
	at org.gradle.internal.dispatch.ReflectionDispatch.dispatch(ReflectionDispatch.java:24)
	at org.gradle.internal.dispatch.ContextClassLoaderDispatch.dispatch(ContextClassLoaderDispatch.java:33)
	at org.gradle.internal.dispatch.ProxyDispatchAdapter$DispatchingInvocationHandler.invoke(ProxyDispatchAdapter.java:94)
	at com.sun.proxy.$Proxy5.processTestClass(Unknown Source)
	at org.gradle.api.internal.tasks.testing.worker.TestWorker$2.run(TestWorker.java:176)
	at org.gradle.api.internal.tasks.testing.worker.TestWorker.executeAndMaintainThreadName(TestWorker.java:129)
	at org.gradle.api.internal.tasks.testing.worker.TestWorker.execute(TestWorker.java:100)
	at org.gradle.api.internal.tasks.testing.worker.TestWorker.execute(TestWorker.java:60)
	at org.gradle.process.internal.worker.child.ActionExecutionWorker.execute(ActionExecutionWorker.java:56)
	at org.gradle.process.internal.worker.child.SystemApplicationClassLoaderWorker.call(SystemApplicationClassLoaderWorker.java:133)
	at org.gradle.process.internal.worker.child.SystemApplicationClassLoaderWorker.call(SystemApplicationClassLoaderWorker.java:71)
	at worker.org.gradle.process.internal.worker.GradleWorkerMain.run(GradleWorkerMain.java:69)
	at worker.org.gradle.process.internal.worker.GradleWorkerMain.main(GradleWorkerMain.java:74)
</failure>
  </testcase>
  <testcase name="sendPushPublishBundle[3: com.dotcms.publishing.PublisherAPIImplTest$TestAsset@27ba0bc7]" classname="com.dotcms.publishing.PublisherAPIImplTest" time="0.378">
    <failure message="org.junit.ComparisonFailure: Fail for ImmutableSimpleContentType:&#10;Asset -&gt; SimpleContentType{name=testName1689276707442, id=4f259d09dd1574eb70e552edf983153e, description=testDescription1689276707442, defaultType=false, fixed=false, iDate=Thu Jul 13 19:31:47 UTC 2023, system=false, versionable=true, multilingualable=false, variable=testVarname1689276707442, owner=system, modDate=Thu Jul 13 19:31:47 UTC 2023, host=92093e2abacbea42a7c06cee8e847cf5, siteName=test1689276706444.dotcms.com, icon=event_note, sortOrder=0, folder=a28226e7fafe8c1d66dd0a9641ca8c9b, folderPath=test1689276706444.dotcms.com:/testName1689276707431/testName1689276707438/, requiredFields=[], markedForDeletion=false} &#10;difference -&gt; defaultType&quot;:false,&quot;description&quot;:&quot;testDescription1689276707442&quot;,&quot;detailPage&quot;:null,&quot;expireDateVar&quot;:null,&quot;fixed&quot;:false,&quot;folder&quot;:&quot;a28226e7fafe8c1d66dd0a9641ca8c9b&quot;,&quot;folderPath&quot;:&quot;test1689276706444.dotcms.com:/testName1689276707431/testName1689276707438/&quot;,&quot;host&quot;:&quot;92093e2abacbea42a7c06cee8e847cf5&quot;,&quot;iDate&quot;:1689276707442,&quot;icon&quot;:&quot;event_note&quot;,&quot;id&quot;:&quot;4f259d09dd1574eb70e552edf983153e&quot;,&quot;modDate&quot;:1689276707000,&quot;multilingualable&quot;:false,&quot;name&quot;:&quot;testName1689276707442&quot;,&quot;workflowSchemaNames&quot;:[&quot;System Workflow&quot;]}&#10;expected -&gt; {&quot;contentType&quot;:{&quot;clazz&quot;:&quot;com.dotcms.contenttype.model.type.ImmutableSimpleContentType&quot;,&quot;name&quot;:&quot;testName1689276707442&quot;,&quot;id&quot;:&quot;4f259d09dd1574eb70e552edf983153e&quot;,&quot;description&quot;:&quot;testDescription1689276707442&quot;,&quot;defaultType&quot;:false,&quot;detailPage&quot;:null,&quot;fixed&quot;:false,&quot;iDate&quot;:1689276707442,&quot;system&quot;:false,&quot;versionable&quot;:true,&quot;multilingualable&quot;:false,&quot;variable&quot;:&quot;testVarname1689276707442&quot;,&quot;urlMapPattern&quot;:null,&quot;publishDateVar&quot;:null,&quot;expireDateVar&quot;:null,&quot;systemActionMappings&quot;:[]}&#10;real -&gt; {&quot;contentType&quot;:{&quot;clazz&quot;:&quot;com.dotcms.contenttype.model.type.ImmutableSimpleContentType&quot;,&quot;defaultType&quot;:false,&quot;description&quot;:&quot;testDescription1689276707442&quot;,&quot;detailPage&quot;:null,&quot;expireDateVar&quot;:null,&quot;fixed&quot;:false,&quot;folder&quot;:&quot;a28226e7fafe8c1d66dd0a9641ca8c9b&quot;,&quot;folderPath&quot;:&quot;test1689276706444.dotcms.com:/testName1689276707431/testName1689276707438/&quot;,&quot;host&quot;:&quot;92093e2abacbea42a7c06cee8e847cf5&quot;,&quot;iDate&quot;:1689276707442,&quot;icon&quot;:&quot;event_note&quot;,&quot;id&quot;:&quot;4f259d09dd1574eb70e552edf983153e&quot;,&quot;modDate&quot;:1689276707000,&quot;multilingualable&quot;:false,&quot;name&quot;:&quot;testName1689276707442&quot;,&quot;workflowSchemaNames&quot;:[&quot;System Workflow&quot;]}&#10; expected:&lt;...SimpleContentType&quot;,&quot;[name&quot;:&quot;testName1689276707442&quot;,&quot;id&quot;:&quot;4f259d09dd1574eb70e552edf983153e&quot;,&quot;description&quot;:&quot;testDescription1689276707442&quot;,&quot;defaultType&quot;:false,&quot;detailPage&quot;:null,&quot;fixed&quot;:false,&quot;iDate&quot;:1689276707442,&quot;system&quot;:false,&quot;versionable&quot;:true,&quot;multilingualable&quot;:false,&quot;variable&quot;:&quot;testVarname1689276707442&quot;,&quot;urlMapPattern&quot;:null,&quot;publishDateVar&quot;:null,&quot;expireDateVar&quot;:null,&quot;systemActionMappings&quot;:[]]}&gt; but was:&lt;...SimpleContentType&quot;,&quot;[defaultType&quot;:false,&quot;description&quot;:&quot;testDescription1689276707442&quot;,&quot;detailPage&quot;:null,&quot;expireDateVar&quot;:null,&quot;fixed&quot;:false,&quot;folder&quot;:&quot;a28226e7fafe8c1d66dd0a9641ca8c9b&quot;,&quot;folderPath&quot;:&quot;test1689276706444.dotcms.com:/testName1689276707431/testName1689276707438/&quot;,&quot;host&quot;:&quot;92093e2abacbea42a7c06cee8e847cf5&quot;,&quot;iDate&quot;:1689276707442,&quot;icon&quot;:&quot;event_note&quot;,&quot;id&quot;:&quot;4f259d09dd1574eb70e552edf983153e&quot;,&quot;modDate&quot;:1689276707000,&quot;multilingualable&quot;:false,&quot;name&quot;:&quot;testName1689276707442&quot;,&quot;workflowSchemaNames&quot;:[&quot;System Workflow&quot;]]}&gt;" type="org.junit.ComparisonFailure">org.junit.ComparisonFailure: Fail for ImmutableSimpleContentType:
Asset -&gt; SimpleContentType{name=testName1689276707442, id=4f259d09dd1574eb70e552edf983153e, description=testDescription1689276707442, defaultType=false, fixed=false, iDate=Thu Jul 13 19:31:47 UTC 2023, system=false, versionable=true, multilingualable=false, variable=testVarname1689276707442, owner=system, modDate=Thu Jul 13 19:31:47 UTC 2023, host=92093e2abacbea42a7c06cee8e847cf5, siteName=test1689276706444.dotcms.com, icon=event_note, sortOrder=0, folder=a28226e7fafe8c1d66dd0a9641ca8c9b, folderPath=test1689276706444.dotcms.com:/testName1689276707431/testName1689276707438/, requiredFields=[], markedForDeletion=false} 
difference -&gt; defaultType&quot;:false,&quot;description&quot;:&quot;testDescription1689276707442&quot;,&quot;detailPage&quot;:null,&quot;expireDateVar&quot;:null,&quot;fixed&quot;:false,&quot;folder&quot;:&quot;a28226e7fafe8c1d66dd0a9641ca8c9b&quot;,&quot;folderPath&quot;:&quot;test1689276706444.dotcms.com:/testName1689276707431/testName1689276707438/&quot;,&quot;host&quot;:&quot;92093e2abacbea42a7c06cee8e847cf5&quot;,&quot;iDate&quot;:1689276707442,&quot;icon&quot;:&quot;event_note&quot;,&quot;id&quot;:&quot;4f259d09dd1574eb70e552edf983153e&quot;,&quot;modDate&quot;:1689276707000,&quot;multilingualable&quot;:false,&quot;name&quot;:&quot;testName1689276707442&quot;,&quot;workflowSchemaNames&quot;:[&quot;System Workflow&quot;]}
expected -&gt; {&quot;contentType&quot;:{&quot;clazz&quot;:&quot;com.dotcms.contenttype.model.type.ImmutableSimpleContentType&quot;,&quot;name&quot;:&quot;testName1689276707442&quot;,&quot;id&quot;:&quot;4f259d09dd1574eb70e552edf983153e&quot;,&quot;description&quot;:&quot;testDescription1689276707442&quot;,&quot;defaultType&quot;:false,&quot;detailPage&quot;:null,&quot;fixed&quot;:false,&quot;iDate&quot;:1689276707442,&quot;system&quot;:false,&quot;versionable&quot;:true,&quot;multilingualable&quot;:false,&quot;variable&quot;:&quot;testVarname1689276707442&quot;,&quot;urlMapPattern&quot;:null,&quot;publishDateVar&quot;:null,&quot;expireDateVar&quot;:null,&quot;systemActionMappings&quot;:[]}
real -&gt; {&quot;contentType&quot;:{&quot;clazz&quot;:&quot;com.dotcms.contenttype.model.type.ImmutableSimpleContentType&quot;,&quot;defaultType&quot;:false,&quot;description&quot;:&quot;testDescription1689276707442&quot;,&quot;detailPage&quot;:null,&quot;expireDateVar&quot;:null,&quot;fixed&quot;:false,&quot;folder&quot;:&quot;a28226e7fafe8c1d66dd0a9641ca8c9b&quot;,&quot;folderPath&quot;:&quot;test1689276706444.dotcms.com:/testName1689276707431/testName1689276707438/&quot;,&quot;host&quot;:&quot;92093e2abacbea42a7c06cee8e847cf5&quot;,&quot;iDate&quot;:1689276707442,&quot;icon&quot;:&quot;event_note&quot;,&quot;id&quot;:&quot;4f259d09dd1574eb70e552edf983153e&quot;,&quot;modDate&quot;:1689276707000,&quot;multilingualable&quot;:false,&quot;name&quot;:&quot;testName1689276707442&quot;,&quot;workflowSchemaNames&quot;:[&quot;System Workflow&quot;]}
 expected:&lt;...SimpleContentType&quot;,&quot;[name&quot;:&quot;testName1689276707442&quot;,&quot;id&quot;:&quot;4f259d09dd1574eb70e552edf983153e&quot;,&quot;description&quot;:&quot;testDescription1689276707442&quot;,&quot;defaultType&quot;:false,&quot;detailPage&quot;:null,&quot;fixed&quot;:false,&quot;iDate&quot;:1689276707442,&quot;system&quot;:false,&quot;versionable&quot;:true,&quot;multilingualable&quot;:false,&quot;variable&quot;:&quot;testVarname1689276707442&quot;,&quot;urlMapPattern&quot;:null,&quot;publishDateVar&quot;:null,&quot;expireDateVar&quot;:null,&quot;systemActionMappings&quot;:[]]}&gt; but was:&lt;...SimpleContentType&quot;,&quot;[defaultType&quot;:false,&quot;description&quot;:&quot;testDescription1689276707442&quot;,&quot;detailPage&quot;:null,&quot;expireDateVar&quot;:null,&quot;fixed&quot;:false,&quot;folder&quot;:&quot;a28226e7fafe8c1d66dd0a9641ca8c9b&quot;,&quot;folderPath&quot;:&quot;test1689276706444.dotcms.com:/testName1689276707431/testName1689276707438/&quot;,&quot;host&quot;:&quot;92093e2abacbea42a7c06cee8e847cf5&quot;,&quot;iDate&quot;:1689276707442,&quot;icon&quot;:&quot;event_note&quot;,&quot;id&quot;:&quot;4f259d09dd1574eb70e552edf983153e&quot;,&quot;modDate&quot;:1689276707000,&quot;multilingualable&quot;:false,&quot;name&quot;:&quot;testName1689276707442&quot;,&quot;workflowSchemaNames&quot;:[&quot;System Workflow&quot;]]}&gt;
	at org.junit.Assert.assertEquals(Assert.java:117)
	at com.dotcms.test.util.FileTestUtil.assertBundleFile(FileTestUtil.java:265)
	at com.dotcms.test.util.FileTestUtil.assertBundleFile(FileTestUtil.java:156)
	at com.dotcms.publishing.PublisherAPIImplTest.assertBundle(PublisherAPIImplTest.java:786)
	at com.dotcms.publishing.PublisherAPIImplTest.sendPushPublishBundle(PublisherAPIImplTest.java:721)
	at java.base/jdk.internal.reflect.NativeMethodAccessorImpl.invoke0(Native Method)
	at java.base/jdk.internal.reflect.NativeMethodAccessorImpl.invoke(NativeMethodAccessorImpl.java:62)
	at java.base/jdk.internal.reflect.DelegatingMethodAccessorImpl.invoke(DelegatingMethodAccessorImpl.java:43)
	at java.base/java.lang.reflect.Method.invoke(Method.java:566)
	at org.junit.runners.model.FrameworkMethod$1.runReflectiveCall(FrameworkMethod.java:59)
	at org.junit.internal.runners.model.ReflectiveCallable.run(ReflectiveCallable.java:12)
	at org.junit.runners.model.FrameworkMethod.invokeExplosively(FrameworkMethod.java:56)
	at com.tngtech.java.junit.dataprovider.DataProviderFrameworkMethod.invokeExplosively(DataProviderFrameworkMethod.java:119)
	at org.junit.internal.runners.statements.InvokeMethod.evaluate(InvokeMethod.java:17)
	at org.junit.runners.ParentRunner$3.evaluate(ParentRunner.java:306)
	at org.junit.rules.TestWatcher$1.evaluate(TestWatcher.java:61)
	at org.junit.rules.RunRules.evaluate(RunRules.java:20)
	at org.junit.runners.ParentRunner.runLeaf(ParentRunner.java:366)
	at com.dotcms.junit.CustomDataProviderRunner.runChild(CustomDataProviderRunner.java:41)
	at com.dotcms.junit.CustomDataProviderRunner.runChild(CustomDataProviderRunner.java:26)
	at org.junit.runners.ParentRunner$4.run(ParentRunner.java:331)
	at org.junit.runners.ParentRunner$1.schedule(ParentRunner.java:79)
	at org.junit.runners.ParentRunner.runChildren(ParentRunner.java:329)
	at org.junit.runners.ParentRunner.access$100(ParentRunner.java:66)
	at org.junit.runners.ParentRunner$2.evaluate(ParentRunner.java:293)
	at org.junit.runners.ParentRunner$3.evaluate(ParentRunner.java:306)
	at org.junit.runners.ParentRunner.run(ParentRunner.java:413)
	at com.dotcms.junit.MainBaseSuite$DotRunner.run(MainBaseSuite.java:71)
	at org.junit.runners.Suite.runChild(Suite.java:128)
	at org.junit.runners.Suite.runChild(Suite.java:27)
	at org.junit.runners.ParentRunner$4.run(ParentRunner.java:331)
	at org.junit.runners.ParentRunner$1.schedule(ParentRunner.java:79)
	at org.junit.runners.ParentRunner.runChildren(ParentRunner.java:329)
	at org.junit.runners.ParentRunner.access$100(ParentRunner.java:66)
	at org.junit.runners.ParentRunner$2.evaluate(ParentRunner.java:293)
	at org.junit.runners.ParentRunner$3.evaluate(ParentRunner.java:306)
	at org.junit.runners.ParentRunner.run(ParentRunner.java:413)
	at org.gradle.api.internal.tasks.testing.junit.JUnitTestClassExecutor.runTestClass(JUnitTestClassExecutor.java:110)
	at org.gradle.api.internal.tasks.testing.junit.JUnitTestClassExecutor.execute(JUnitTestClassExecutor.java:58)
	at org.gradle.api.internal.tasks.testing.junit.JUnitTestClassExecutor.execute(JUnitTestClassExecutor.java:38)
	at org.gradle.api.internal.tasks.testing.junit.AbstractJUnitTestClassProcessor.processTestClass(AbstractJUnitTestClassProcessor.java:62)
	at org.gradle.api.internal.tasks.testing.SuiteTestClassProcessor.processTestClass(SuiteTestClassProcessor.java:51)
	at java.base/jdk.internal.reflect.NativeMethodAccessorImpl.invoke0(Native Method)
	at java.base/jdk.internal.reflect.NativeMethodAccessorImpl.invoke(NativeMethodAccessorImpl.java:62)
	at java.base/jdk.internal.reflect.DelegatingMethodAccessorImpl.invoke(DelegatingMethodAccessorImpl.java:43)
	at java.base/java.lang.reflect.Method.invoke(Method.java:566)
	at org.gradle.internal.dispatch.ReflectionDispatch.dispatch(ReflectionDispatch.java:36)
	at org.gradle.internal.dispatch.ReflectionDispatch.dispatch(ReflectionDispatch.java:24)
	at org.gradle.internal.dispatch.ContextClassLoaderDispatch.dispatch(ContextClassLoaderDispatch.java:33)
	at org.gradle.internal.dispatch.ProxyDispatchAdapter$DispatchingInvocationHandler.invoke(ProxyDispatchAdapter.java:94)
	at com.sun.proxy.$Proxy5.processTestClass(Unknown Source)
	at org.gradle.api.internal.tasks.testing.worker.TestWorker$2.run(TestWorker.java:176)
	at org.gradle.api.internal.tasks.testing.worker.TestWorker.executeAndMaintainThreadName(TestWorker.java:129)
	at org.gradle.api.internal.tasks.testing.worker.TestWorker.execute(TestWorker.java:100)
	at org.gradle.api.internal.tasks.testing.worker.TestWorker.execute(TestWorker.java:60)
	at org.gradle.process.internal.worker.child.ActionExecutionWorker.execute(ActionExecutionWorker.java:56)
	at org.gradle.process.internal.worker.child.SystemApplicationClassLoaderWorker.call(SystemApplicationClassLoaderWorker.java:133)
	at org.gradle.process.internal.worker.child.SystemApplicationClassLoaderWorker.call(SystemApplicationClassLoaderWorker.java:71)
	at worker.org.gradle.process.internal.worker.GradleWorkerMain.run(GradleWorkerMain.java:69)
	at worker.org.gradle.process.internal.worker.GradleWorkerMain.main(GradleWorkerMain.java:74)
</failure>
  </testcase>
  <testcase name="sendPushPublishBundle[4: com.dotcms.publishing.PublisherAPIImplTest$TestAsset@1861685c]" classname="com.dotcms.publishing.PublisherAPIImplTest" time="0.383">
    <failure message="org.junit.ComparisonFailure: Fail for ImmutableSimpleContentType:&#10;Asset -&gt; SimpleContentType{name=testName1689276708532, id=879ecf6c53e696b23e1a9c0041586d28, description=testDescription1689276708532, defaultType=false, fixed=false, iDate=Thu Jul 13 19:31:48 UTC 2023, system=false, versionable=true, multilingualable=false, variable=testVarname1689276708532, owner=system, modDate=Thu Jul 13 19:31:49 UTC 2023, host=f84965f8f8ac3968be677f44ebfa25db, siteName=test1689276707689.dotcms.com, icon=event_note, sortOrder=0, folder=SYSTEM_FOLDER, folderPath=/, requiredFields=[], markedForDeletion=false} &#10;difference -&gt; defaultType&quot;:false,&quot;description&quot;:&quot;testDescription1689276708532&quot;,&quot;detailPage&quot;:null,&quot;expireDateVar&quot;:null,&quot;fixed&quot;:false,&quot;folder&quot;:&quot;SYSTEM_FOLDER&quot;,&quot;folderPath&quot;:&quot;/&quot;,&quot;host&quot;:&quot;f84965f8f8ac3968be677f44ebfa25db&quot;,&quot;iDate&quot;:1689276708532,&quot;icon&quot;:&quot;event_note&quot;,&quot;id&quot;:&quot;879ecf6c53e696b23e1a9c0041586d28&quot;,&quot;modDate&quot;:1689276709000,&quot;multilingualable&quot;:false,&quot;name&quot;:&quot;testName1689276708532&quot;,&quot;workflowSchemaNames&quot;:[&quot;System Workflow&quot;]}&#10;expected -&gt; {&quot;contentType&quot;:{&quot;clazz&quot;:&quot;com.dotcms.contenttype.model.type.ImmutableSimpleContentType&quot;,&quot;name&quot;:&quot;testName1689276708532&quot;,&quot;id&quot;:&quot;879ecf6c53e696b23e1a9c0041586d28&quot;,&quot;description&quot;:&quot;testDescription1689276708532&quot;,&quot;defaultType&quot;:false,&quot;detailPage&quot;:null,&quot;fixed&quot;:false,&quot;iDate&quot;:1689276708532,&quot;system&quot;:false,&quot;versionable&quot;:true,&quot;multilingualable&quot;:false,&quot;variable&quot;:&quot;testVarname1689276708532&quot;,&quot;urlMapPattern&quot;:null,&quot;publishDateVar&quot;:null,&quot;expireDateVar&quot;:null,&quot;systemActionMappings&quot;:[]}&#10;real -&gt; {&quot;contentType&quot;:{&quot;clazz&quot;:&quot;com.dotcms.contenttype.model.type.ImmutableSimpleContentType&quot;,&quot;defaultType&quot;:false,&quot;description&quot;:&quot;testDescription1689276708532&quot;,&quot;detailPage&quot;:null,&quot;expireDateVar&quot;:null,&quot;fixed&quot;:false,&quot;folder&quot;:&quot;SYSTEM_FOLDER&quot;,&quot;folderPath&quot;:&quot;/&quot;,&quot;host&quot;:&quot;f84965f8f8ac3968be677f44ebfa25db&quot;,&quot;iDate&quot;:1689276708532,&quot;icon&quot;:&quot;event_note&quot;,&quot;id&quot;:&quot;879ecf6c53e696b23e1a9c0041586d28&quot;,&quot;modDate&quot;:1689276709000,&quot;multilingualable&quot;:false,&quot;name&quot;:&quot;testName1689276708532&quot;,&quot;workflowSchemaNames&quot;:[&quot;System Workflow&quot;]}&#10; expected:&lt;...SimpleContentType&quot;,&quot;[name&quot;:&quot;testName1689276708532&quot;,&quot;id&quot;:&quot;879ecf6c53e696b23e1a9c0041586d28&quot;,&quot;description&quot;:&quot;testDescription1689276708532&quot;,&quot;defaultType&quot;:false,&quot;detailPage&quot;:null,&quot;fixed&quot;:false,&quot;iDate&quot;:1689276708532,&quot;system&quot;:false,&quot;versionable&quot;:true,&quot;multilingualable&quot;:false,&quot;variable&quot;:&quot;testVarname1689276708532&quot;,&quot;urlMapPattern&quot;:null,&quot;publishDateVar&quot;:null,&quot;expireDateVar&quot;:null,&quot;systemActionMappings&quot;:[]]}&gt; but was:&lt;...SimpleContentType&quot;,&quot;[defaultType&quot;:false,&quot;description&quot;:&quot;testDescription1689276708532&quot;,&quot;detailPage&quot;:null,&quot;expireDateVar&quot;:null,&quot;fixed&quot;:false,&quot;folder&quot;:&quot;SYSTEM_FOLDER&quot;,&quot;folderPath&quot;:&quot;/&quot;,&quot;host&quot;:&quot;f84965f8f8ac3968be677f44ebfa25db&quot;,&quot;iDate&quot;:1689276708532,&quot;icon&quot;:&quot;event_note&quot;,&quot;id&quot;:&quot;879ecf6c53e696b23e1a9c0041586d28&quot;,&quot;modDate&quot;:1689276709000,&quot;multilingualable&quot;:false,&quot;name&quot;:&quot;testName1689276708532&quot;,&quot;workflowSchemaNames&quot;:[&quot;System Workflow&quot;]]}&gt;" type="org.junit.ComparisonFailure">org.junit.ComparisonFailure: Fail for ImmutableSimpleContentType:
Asset -&gt; SimpleContentType{name=testName1689276708532, id=879ecf6c53e696b23e1a9c0041586d28, description=testDescription1689276708532, defaultType=false, fixed=false, iDate=Thu Jul 13 19:31:48 UTC 2023, system=false, versionable=true, multilingualable=false, variable=testVarname1689276708532, owner=system, modDate=Thu Jul 13 19:31:49 UTC 2023, host=f84965f8f8ac3968be677f44ebfa25db, siteName=test1689276707689.dotcms.com, icon=event_note, sortOrder=0, folder=SYSTEM_FOLDER, folderPath=/, requiredFields=[], markedForDeletion=false} 
difference -&gt; defaultType&quot;:false,&quot;description&quot;:&quot;testDescription1689276708532&quot;,&quot;detailPage&quot;:null,&quot;expireDateVar&quot;:null,&quot;fixed&quot;:false,&quot;folder&quot;:&quot;SYSTEM_FOLDER&quot;,&quot;folderPath&quot;:&quot;/&quot;,&quot;host&quot;:&quot;f84965f8f8ac3968be677f44ebfa25db&quot;,&quot;iDate&quot;:1689276708532,&quot;icon&quot;:&quot;event_note&quot;,&quot;id&quot;:&quot;879ecf6c53e696b23e1a9c0041586d28&quot;,&quot;modDate&quot;:1689276709000,&quot;multilingualable&quot;:false,&quot;name&quot;:&quot;testName1689276708532&quot;,&quot;workflowSchemaNames&quot;:[&quot;System Workflow&quot;]}
expected -&gt; {&quot;contentType&quot;:{&quot;clazz&quot;:&quot;com.dotcms.contenttype.model.type.ImmutableSimpleContentType&quot;,&quot;name&quot;:&quot;testName1689276708532&quot;,&quot;id&quot;:&quot;879ecf6c53e696b23e1a9c0041586d28&quot;,&quot;description&quot;:&quot;testDescription1689276708532&quot;,&quot;defaultType&quot;:false,&quot;detailPage&quot;:null,&quot;fixed&quot;:false,&quot;iDate&quot;:1689276708532,&quot;system&quot;:false,&quot;versionable&quot;:true,&quot;multilingualable&quot;:false,&quot;variable&quot;:&quot;testVarname1689276708532&quot;,&quot;urlMapPattern&quot;:null,&quot;publishDateVar&quot;:null,&quot;expireDateVar&quot;:null,&quot;systemActionMappings&quot;:[]}
real -&gt; {&quot;contentType&quot;:{&quot;clazz&quot;:&quot;com.dotcms.contenttype.model.type.ImmutableSimpleContentType&quot;,&quot;defaultType&quot;:false,&quot;description&quot;:&quot;testDescription1689276708532&quot;,&quot;detailPage&quot;:null,&quot;expireDateVar&quot;:null,&quot;fixed&quot;:false,&quot;folder&quot;:&quot;SYSTEM_FOLDER&quot;,&quot;folderPath&quot;:&quot;/&quot;,&quot;host&quot;:&quot;f84965f8f8ac3968be677f44ebfa25db&quot;,&quot;iDate&quot;:1689276708532,&quot;icon&quot;:&quot;event_note&quot;,&quot;id&quot;:&quot;879ecf6c53e696b23e1a9c0041586d28&quot;,&quot;modDate&quot;:1689276709000,&quot;multilingualable&quot;:false,&quot;name&quot;:&quot;testName1689276708532&quot;,&quot;workflowSchemaNames&quot;:[&quot;System Workflow&quot;]}
 expected:&lt;...SimpleContentType&quot;,&quot;[name&quot;:&quot;testName1689276708532&quot;,&quot;id&quot;:&quot;879ecf6c53e696b23e1a9c0041586d28&quot;,&quot;description&quot;:&quot;testDescription1689276708532&quot;,&quot;defaultType&quot;:false,&quot;detailPage&quot;:null,&quot;fixed&quot;:false,&quot;iDate&quot;:1689276708532,&quot;system&quot;:false,&quot;versionable&quot;:true,&quot;multilingualable&quot;:false,&quot;variable&quot;:&quot;testVarname1689276708532&quot;,&quot;urlMapPattern&quot;:null,&quot;publishDateVar&quot;:null,&quot;expireDateVar&quot;:null,&quot;systemActionMappings&quot;:[]]}&gt; but was:&lt;...SimpleContentType&quot;,&quot;[defaultType&quot;:false,&quot;description&quot;:&quot;testDescription1689276708532&quot;,&quot;detailPage&quot;:null,&quot;expireDateVar&quot;:null,&quot;fixed&quot;:false,&quot;folder&quot;:&quot;SYSTEM_FOLDER&quot;,&quot;folderPath&quot;:&quot;/&quot;,&quot;host&quot;:&quot;f84965f8f8ac3968be677f44ebfa25db&quot;,&quot;iDate&quot;:1689276708532,&quot;icon&quot;:&quot;event_note&quot;,&quot;id&quot;:&quot;879ecf6c53e696b23e1a9c0041586d28&quot;,&quot;modDate&quot;:1689276709000,&quot;multilingualable&quot;:false,&quot;name&quot;:&quot;testName1689276708532&quot;,&quot;workflowSchemaNames&quot;:[&quot;System Workflow&quot;]]}&gt;
	at org.junit.Assert.assertEquals(Assert.java:117)
	at com.dotcms.test.util.FileTestUtil.assertBundleFile(FileTestUtil.java:265)
	at com.dotcms.test.util.FileTestUtil.assertBundleFile(FileTestUtil.java:156)
	at com.dotcms.publishing.PublisherAPIImplTest.assertBundle(PublisherAPIImplTest.java:786)
	at com.dotcms.publishing.PublisherAPIImplTest.sendPushPublishBundle(PublisherAPIImplTest.java:721)
	at java.base/jdk.internal.reflect.NativeMethodAccessorImpl.invoke0(Native Method)
	at java.base/jdk.internal.reflect.NativeMethodAccessorImpl.invoke(NativeMethodAccessorImpl.java:62)
	at java.base/jdk.internal.reflect.DelegatingMethodAccessorImpl.invoke(DelegatingMethodAccessorImpl.java:43)
	at java.base/java.lang.reflect.Method.invoke(Method.java:566)
	at org.junit.runners.model.FrameworkMethod$1.runReflectiveCall(FrameworkMethod.java:59)
	at org.junit.internal.runners.model.ReflectiveCallable.run(ReflectiveCallable.java:12)
	at org.junit.runners.model.FrameworkMethod.invokeExplosively(FrameworkMethod.java:56)
	at com.tngtech.java.junit.dataprovider.DataProviderFrameworkMethod.invokeExplosively(DataProviderFrameworkMethod.java:119)
	at org.junit.internal.runners.statements.InvokeMethod.evaluate(InvokeMethod.java:17)
	at org.junit.runners.ParentRunner$3.evaluate(ParentRunner.java:306)
	at org.junit.rules.TestWatcher$1.evaluate(TestWatcher.java:61)
	at org.junit.rules.RunRules.evaluate(RunRules.java:20)
	at org.junit.runners.ParentRunner.runLeaf(ParentRunner.java:366)
	at com.dotcms.junit.CustomDataProviderRunner.runChild(CustomDataProviderRunner.java:41)
	at com.dotcms.junit.CustomDataProviderRunner.runChild(CustomDataProviderRunner.java:26)
	at org.junit.runners.ParentRunner$4.run(ParentRunner.java:331)
	at org.junit.runners.ParentRunner$1.schedule(ParentRunner.java:79)
	at org.junit.runners.ParentRunner.runChildren(ParentRunner.java:329)
	at org.junit.runners.ParentRunner.access$100(ParentRunner.java:66)
	at org.junit.runners.ParentRunner$2.evaluate(ParentRunner.java:293)
	at org.junit.runners.ParentRunner$3.evaluate(ParentRunner.java:306)
	at org.junit.runners.ParentRunner.run(ParentRunner.java:413)
	at com.dotcms.junit.MainBaseSuite$DotRunner.run(MainBaseSuite.java:71)
	at org.junit.runners.Suite.runChild(Suite.java:128)
	at org.junit.runners.Suite.runChild(Suite.java:27)
	at org.junit.runners.ParentRunner$4.run(ParentRunner.java:331)
	at org.junit.runners.ParentRunner$1.schedule(ParentRunner.java:79)
	at org.junit.runners.ParentRunner.runChildren(ParentRunner.java:329)
	at org.junit.runners.ParentRunner.access$100(ParentRunner.java:66)
	at org.junit.runners.ParentRunner$2.evaluate(ParentRunner.java:293)
	at org.junit.runners.ParentRunner$3.evaluate(ParentRunner.java:306)
	at org.junit.runners.ParentRunner.run(ParentRunner.java:413)
	at org.gradle.api.internal.tasks.testing.junit.JUnitTestClassExecutor.runTestClass(JUnitTestClassExecutor.java:110)
	at org.gradle.api.internal.tasks.testing.junit.JUnitTestClassExecutor.execute(JUnitTestClassExecutor.java:58)
	at org.gradle.api.internal.tasks.testing.junit.JUnitTestClassExecutor.execute(JUnitTestClassExecutor.java:38)
	at org.gradle.api.internal.tasks.testing.junit.AbstractJUnitTestClassProcessor.processTestClass(AbstractJUnitTestClassProcessor.java:62)
	at org.gradle.api.internal.tasks.testing.SuiteTestClassProcessor.processTestClass(SuiteTestClassProcessor.java:51)
	at java.base/jdk.internal.reflect.NativeMethodAccessorImpl.invoke0(Native Method)
	at java.base/jdk.internal.reflect.NativeMethodAccessorImpl.invoke(NativeMethodAccessorImpl.java:62)
	at java.base/jdk.internal.reflect.DelegatingMethodAccessorImpl.invoke(DelegatingMethodAccessorImpl.java:43)
	at java.base/java.lang.reflect.Method.invoke(Method.java:566)
	at org.gradle.internal.dispatch.ReflectionDispatch.dispatch(ReflectionDispatch.java:36)
	at org.gradle.internal.dispatch.ReflectionDispatch.dispatch(ReflectionDispatch.java:24)
	at org.gradle.internal.dispatch.ContextClassLoaderDispatch.dispatch(ContextClassLoaderDispatch.java:33)
	at org.gradle.internal.dispatch.ProxyDispatchAdapter$DispatchingInvocationHandler.invoke(ProxyDispatchAdapter.java:94)
	at com.sun.proxy.$Proxy5.processTestClass(Unknown Source)
	at org.gradle.api.internal.tasks.testing.worker.TestWorker$2.run(TestWorker.java:176)
	at org.gradle.api.internal.tasks.testing.worker.TestWorker.executeAndMaintainThreadName(TestWorker.java:129)
	at org.gradle.api.internal.tasks.testing.worker.TestWorker.execute(TestWorker.java:100)
	at org.gradle.api.internal.tasks.testing.worker.TestWorker.execute(TestWorker.java:60)
	at org.gradle.process.internal.worker.child.ActionExecutionWorker.execute(ActionExecutionWorker.java:56)
	at org.gradle.process.internal.worker.child.SystemApplicationClassLoaderWorker.call(SystemApplicationClassLoaderWorker.java:133)
	at org.gradle.process.internal.worker.child.SystemApplicationClassLoaderWorker.call(SystemApplicationClassLoaderWorker.java:71)
	at worker.org.gradle.process.internal.worker.GradleWorkerMain.run(GradleWorkerMain.java:69)
	at worker.org.gradle.process.internal.worker.GradleWorkerMain.main(GradleWorkerMain.java:74)
</failure>
  </testcase>
  <testcase name="sendPushPublishBundle[5: com.dotcms.publishing.PublisherAPIImplTest$TestAsset@6a557134]" classname="com.dotcms.publishing.PublisherAPIImplTest" time="0.268"/>
  <testcase name="sendPushPublishBundle[6: com.dotcms.publishing.PublisherAPIImplTest$TestAsset@30ea7a72]" classname="com.dotcms.publishing.PublisherAPIImplTest" time="0.114"/>
  <testcase name="sendPushPublishBundle[7: com.dotcms.publishing.PublisherAPIImplTest$TestAsset@4779ab9b]" classname="com.dotcms.publishing.PublisherAPIImplTest" time="0.116"/>
  <testcase name="sendPushPublishBundle[8: com.dotcms.publishing.PublisherAPIImplTest$TestAsset@544908a0]" classname="com.dotcms.publishing.PublisherAPIImplTest" time="0.107"/>
  <testcase name="sendPushPublishBundle[9: com.dotcms.publishing.PublisherAPIImplTest$TestAsset@15540fcc]" classname="com.dotcms.publishing.PublisherAPIImplTest" time="0.157">
    <failure message="org.junit.ComparisonFailure: Fail for ImmutableSimpleContentType:&#10;Asset -&gt; SimpleContentType{name=testName1689276711501, id=12c09bc3b7fc7aae0d82ede3e57c4bf6, description=testDescription1689276711501, defaultType=false, fixed=false, iDate=Thu Jul 13 19:31:51 UTC 2023, system=false, versionable=true, multilingualable=false, variable=testVarname1689276711501, owner=system, modDate=Thu Jul 13 19:31:52 UTC 2023, host=3b190495ece9db0e8c7e00c459507e95, siteName=test1689276710640.dotcms.com, icon=event_note, sortOrder=0, folder=SYSTEM_FOLDER, folderPath=/, requiredFields=[], markedForDeletion=false} &#10;difference -&gt; defaultType&quot;:false,&quot;description&quot;:&quot;testDescription1689276711501&quot;,&quot;detailPage&quot;:null,&quot;expireDateVar&quot;:null,&quot;fixed&quot;:false,&quot;folder&quot;:&quot;SYSTEM_FOLDER&quot;,&quot;folderPath&quot;:&quot;/&quot;,&quot;host&quot;:&quot;3b190495ece9db0e8c7e00c459507e95&quot;,&quot;iDate&quot;:1689276711501,&quot;icon&quot;:&quot;event_note&quot;,&quot;id&quot;:&quot;12c09bc3b7fc7aae0d82ede3e57c4bf6&quot;,&quot;modDate&quot;:1689276712000,&quot;multilingualable&quot;:false,&quot;name&quot;:&quot;testName1689276711501&quot;,&quot;workflowSchemaNames&quot;:[&quot;System Workflow&quot;]}&#10;expected -&gt; {&quot;contentType&quot;:{&quot;clazz&quot;:&quot;com.dotcms.contenttype.model.type.ImmutableSimpleContentType&quot;,&quot;name&quot;:&quot;testName1689276711501&quot;,&quot;id&quot;:&quot;12c09bc3b7fc7aae0d82ede3e57c4bf6&quot;,&quot;description&quot;:&quot;testDescription1689276711501&quot;,&quot;defaultType&quot;:false,&quot;detailPage&quot;:null,&quot;fixed&quot;:false,&quot;iDate&quot;:1689276711501,&quot;system&quot;:false,&quot;versionable&quot;:true,&quot;multilingualable&quot;:false,&quot;variable&quot;:&quot;testVarname1689276711501&quot;,&quot;urlMapPattern&quot;:null,&quot;publishDateVar&quot;:null,&quot;expireDateVar&quot;:null,&quot;systemActionMappings&quot;:[]}&#10;real -&gt; {&quot;contentType&quot;:{&quot;clazz&quot;:&quot;com.dotcms.contenttype.model.type.ImmutableSimpleContentType&quot;,&quot;defaultType&quot;:false,&quot;description&quot;:&quot;testDescription1689276711501&quot;,&quot;detailPage&quot;:null,&quot;expireDateVar&quot;:null,&quot;fixed&quot;:false,&quot;folder&quot;:&quot;SYSTEM_FOLDER&quot;,&quot;folderPath&quot;:&quot;/&quot;,&quot;host&quot;:&quot;3b190495ece9db0e8c7e00c459507e95&quot;,&quot;iDate&quot;:1689276711501,&quot;icon&quot;:&quot;event_note&quot;,&quot;id&quot;:&quot;12c09bc3b7fc7aae0d82ede3e57c4bf6&quot;,&quot;modDate&quot;:1689276712000,&quot;multilingualable&quot;:false,&quot;name&quot;:&quot;testName1689276711501&quot;,&quot;workflowSchemaNames&quot;:[&quot;System Workflow&quot;]}&#10; expected:&lt;...SimpleContentType&quot;,&quot;[name&quot;:&quot;testName1689276711501&quot;,&quot;id&quot;:&quot;12c09bc3b7fc7aae0d82ede3e57c4bf6&quot;,&quot;description&quot;:&quot;testDescription1689276711501&quot;,&quot;defaultType&quot;:false,&quot;detailPage&quot;:null,&quot;fixed&quot;:false,&quot;iDate&quot;:1689276711501,&quot;system&quot;:false,&quot;versionable&quot;:true,&quot;multilingualable&quot;:false,&quot;variable&quot;:&quot;testVarname1689276711501&quot;,&quot;urlMapPattern&quot;:null,&quot;publishDateVar&quot;:null,&quot;expireDateVar&quot;:null,&quot;systemActionMappings&quot;:[]]}&gt; but was:&lt;...SimpleContentType&quot;,&quot;[defaultType&quot;:false,&quot;description&quot;:&quot;testDescription1689276711501&quot;,&quot;detailPage&quot;:null,&quot;expireDateVar&quot;:null,&quot;fixed&quot;:false,&quot;folder&quot;:&quot;SYSTEM_FOLDER&quot;,&quot;folderPath&quot;:&quot;/&quot;,&quot;host&quot;:&quot;3b190495ece9db0e8c7e00c459507e95&quot;,&quot;iDate&quot;:1689276711501,&quot;icon&quot;:&quot;event_note&quot;,&quot;id&quot;:&quot;12c09bc3b7fc7aae0d82ede3e57c4bf6&quot;,&quot;modDate&quot;:1689276712000,&quot;multilingualable&quot;:false,&quot;name&quot;:&quot;testName1689276711501&quot;,&quot;workflowSchemaNames&quot;:[&quot;System Workflow&quot;]]}&gt;" type="org.junit.ComparisonFailure">org.junit.ComparisonFailure: Fail for ImmutableSimpleContentType:
Asset -&gt; SimpleContentType{name=testName1689276711501, id=12c09bc3b7fc7aae0d82ede3e57c4bf6, description=testDescription1689276711501, defaultType=false, fixed=false, iDate=Thu Jul 13 19:31:51 UTC 2023, system=false, versionable=true, multilingualable=false, variable=testVarname1689276711501, owner=system, modDate=Thu Jul 13 19:31:52 UTC 2023, host=3b190495ece9db0e8c7e00c459507e95, siteName=test1689276710640.dotcms.com, icon=event_note, sortOrder=0, folder=SYSTEM_FOLDER, folderPath=/, requiredFields=[], markedForDeletion=false} 
difference -&gt; defaultType&quot;:false,&quot;description&quot;:&quot;testDescription1689276711501&quot;,&quot;detailPage&quot;:null,&quot;expireDateVar&quot;:null,&quot;fixed&quot;:false,&quot;folder&quot;:&quot;SYSTEM_FOLDER&quot;,&quot;folderPath&quot;:&quot;/&quot;,&quot;host&quot;:&quot;3b190495ece9db0e8c7e00c459507e95&quot;,&quot;iDate&quot;:1689276711501,&quot;icon&quot;:&quot;event_note&quot;,&quot;id&quot;:&quot;12c09bc3b7fc7aae0d82ede3e57c4bf6&quot;,&quot;modDate&quot;:1689276712000,&quot;multilingualable&quot;:false,&quot;name&quot;:&quot;testName1689276711501&quot;,&quot;workflowSchemaNames&quot;:[&quot;System Workflow&quot;]}
expected -&gt; {&quot;contentType&quot;:{&quot;clazz&quot;:&quot;com.dotcms.contenttype.model.type.ImmutableSimpleContentType&quot;,&quot;name&quot;:&quot;testName1689276711501&quot;,&quot;id&quot;:&quot;12c09bc3b7fc7aae0d82ede3e57c4bf6&quot;,&quot;description&quot;:&quot;testDescription1689276711501&quot;,&quot;defaultType&quot;:false,&quot;detailPage&quot;:null,&quot;fixed&quot;:false,&quot;iDate&quot;:1689276711501,&quot;system&quot;:false,&quot;versionable&quot;:true,&quot;multilingualable&quot;:false,&quot;variable&quot;:&quot;testVarname1689276711501&quot;,&quot;urlMapPattern&quot;:null,&quot;publishDateVar&quot;:null,&quot;expireDateVar&quot;:null,&quot;systemActionMappings&quot;:[]}
real -&gt; {&quot;contentType&quot;:{&quot;clazz&quot;:&quot;com.dotcms.contenttype.model.type.ImmutableSimpleContentType&quot;,&quot;defaultType&quot;:false,&quot;description&quot;:&quot;testDescription1689276711501&quot;,&quot;detailPage&quot;:null,&quot;expireDateVar&quot;:null,&quot;fixed&quot;:false,&quot;folder&quot;:&quot;SYSTEM_FOLDER&quot;,&quot;folderPath&quot;:&quot;/&quot;,&quot;host&quot;:&quot;3b190495ece9db0e8c7e00c459507e95&quot;,&quot;iDate&quot;:1689276711501,&quot;icon&quot;:&quot;event_note&quot;,&quot;id&quot;:&quot;12c09bc3b7fc7aae0d82ede3e57c4bf6&quot;,&quot;modDate&quot;:1689276712000,&quot;multilingualable&quot;:false,&quot;name&quot;:&quot;testName1689276711501&quot;,&quot;workflowSchemaNames&quot;:[&quot;System Workflow&quot;]}
 expected:&lt;...SimpleContentType&quot;,&quot;[name&quot;:&quot;testName1689276711501&quot;,&quot;id&quot;:&quot;12c09bc3b7fc7aae0d82ede3e57c4bf6&quot;,&quot;description&quot;:&quot;testDescription1689276711501&quot;,&quot;defaultType&quot;:false,&quot;detailPage&quot;:null,&quot;fixed&quot;:false,&quot;iDate&quot;:1689276711501,&quot;system&quot;:false,&quot;versionable&quot;:true,&quot;multilingualable&quot;:false,&quot;variable&quot;:&quot;testVarname1689276711501&quot;,&quot;urlMapPattern&quot;:null,&quot;publishDateVar&quot;:null,&quot;expireDateVar&quot;:null,&quot;systemActionMappings&quot;:[]]}&gt; but was:&lt;...SimpleContentType&quot;,&quot;[defaultType&quot;:false,&quot;description&quot;:&quot;testDescription1689276711501&quot;,&quot;detailPage&quot;:null,&quot;expireDateVar&quot;:null,&quot;fixed&quot;:false,&quot;folder&quot;:&quot;SYSTEM_FOLDER&quot;,&quot;folderPath&quot;:&quot;/&quot;,&quot;host&quot;:&quot;3b190495ece9db0e8c7e00c459507e95&quot;,&quot;iDate&quot;:1689276711501,&quot;icon&quot;:&quot;event_note&quot;,&quot;id&quot;:&quot;12c09bc3b7fc7aae0d82ede3e57c4bf6&quot;,&quot;modDate&quot;:1689276712000,&quot;multilingualable&quot;:false,&quot;name&quot;:&quot;testName1689276711501&quot;,&quot;workflowSchemaNames&quot;:[&quot;System Workflow&quot;]]}&gt;
	at org.junit.Assert.assertEquals(Assert.java:117)
	at com.dotcms.test.util.FileTestUtil.assertBundleFile(FileTestUtil.java:265)
	at com.dotcms.test.util.FileTestUtil.assertBundleFile(FileTestUtil.java:156)
	at com.dotcms.publishing.PublisherAPIImplTest.assertBundle(PublisherAPIImplTest.java:786)
	at com.dotcms.publishing.PublisherAPIImplTest.sendPushPublishBundle(PublisherAPIImplTest.java:721)
	at java.base/jdk.internal.reflect.NativeMethodAccessorImpl.invoke0(Native Method)
	at java.base/jdk.internal.reflect.NativeMethodAccessorImpl.invoke(NativeMethodAccessorImpl.java:62)
	at java.base/jdk.internal.reflect.DelegatingMethodAccessorImpl.invoke(DelegatingMethodAccessorImpl.java:43)
	at java.base/java.lang.reflect.Method.invoke(Method.java:566)
	at org.junit.runners.model.FrameworkMethod$1.runReflectiveCall(FrameworkMethod.java:59)
	at org.junit.internal.runners.model.ReflectiveCallable.run(ReflectiveCallable.java:12)
	at org.junit.runners.model.FrameworkMethod.invokeExplosively(FrameworkMethod.java:56)
	at com.tngtech.java.junit.dataprovider.DataProviderFrameworkMethod.invokeExplosively(DataProviderFrameworkMethod.java:119)
	at org.junit.internal.runners.statements.InvokeMethod.evaluate(InvokeMethod.java:17)
	at org.junit.runners.ParentRunner$3.evaluate(ParentRunner.java:306)
	at org.junit.rules.TestWatcher$1.evaluate(TestWatcher.java:61)
	at org.junit.rules.RunRules.evaluate(RunRules.java:20)
	at org.junit.runners.ParentRunner.runLeaf(ParentRunner.java:366)
	at com.dotcms.junit.CustomDataProviderRunner.runChild(CustomDataProviderRunner.java:41)
	at com.dotcms.junit.CustomDataProviderRunner.runChild(CustomDataProviderRunner.java:26)
	at org.junit.runners.ParentRunner$4.run(ParentRunner.java:331)
	at org.junit.runners.ParentRunner$1.schedule(ParentRunner.java:79)
	at org.junit.runners.ParentRunner.runChildren(ParentRunner.java:329)
	at org.junit.runners.ParentRunner.access$100(ParentRunner.java:66)
	at org.junit.runners.ParentRunner$2.evaluate(ParentRunner.java:293)
	at org.junit.runners.ParentRunner$3.evaluate(ParentRunner.java:306)
	at org.junit.runners.ParentRunner.run(ParentRunner.java:413)
	at com.dotcms.junit.MainBaseSuite$DotRunner.run(MainBaseSuite.java:71)
	at org.junit.runners.Suite.runChild(Suite.java:128)
	at org.junit.runners.Suite.runChild(Suite.java:27)
	at org.junit.runners.ParentRunner$4.run(ParentRunner.java:331)
	at org.junit.runners.ParentRunner$1.schedule(ParentRunner.java:79)
	at org.junit.runners.ParentRunner.runChildren(ParentRunner.java:329)
	at org.junit.runners.ParentRunner.access$100(ParentRunner.java:66)
	at org.junit.runners.ParentRunner$2.evaluate(ParentRunner.java:293)
	at org.junit.runners.ParentRunner$3.evaluate(ParentRunner.java:306)
	at org.junit.runners.ParentRunner.run(ParentRunner.java:413)
	at org.gradle.api.internal.tasks.testing.junit.JUnitTestClassExecutor.runTestClass(JUnitTestClassExecutor.java:110)
	at org.gradle.api.internal.tasks.testing.junit.JUnitTestClassExecutor.execute(JUnitTestClassExecutor.java:58)
	at org.gradle.api.internal.tasks.testing.junit.JUnitTestClassExecutor.execute(JUnitTestClassExecutor.java:38)
	at org.gradle.api.internal.tasks.testing.junit.AbstractJUnitTestClassProcessor.processTestClass(AbstractJUnitTestClassProcessor.java:62)
	at org.gradle.api.internal.tasks.testing.SuiteTestClassProcessor.processTestClass(SuiteTestClassProcessor.java:51)
	at java.base/jdk.internal.reflect.NativeMethodAccessorImpl.invoke0(Native Method)
	at java.base/jdk.internal.reflect.NativeMethodAccessorImpl.invoke(NativeMethodAccessorImpl.java:62)
	at java.base/jdk.internal.reflect.DelegatingMethodAccessorImpl.invoke(DelegatingMethodAccessorImpl.java:43)
	at java.base/java.lang.reflect.Method.invoke(Method.java:566)
	at org.gradle.internal.dispatch.ReflectionDispatch.dispatch(ReflectionDispatch.java:36)
	at org.gradle.internal.dispatch.ReflectionDispatch.dispatch(ReflectionDispatch.java:24)
	at org.gradle.internal.dispatch.ContextClassLoaderDispatch.dispatch(ContextClassLoaderDispatch.java:33)
	at org.gradle.internal.dispatch.ProxyDispatchAdapter$DispatchingInvocationHandler.invoke(ProxyDispatchAdapter.java:94)
	at com.sun.proxy.$Proxy5.processTestClass(Unknown Source)
	at org.gradle.api.internal.tasks.testing.worker.TestWorker$2.run(TestWorker.java:176)
	at org.gradle.api.internal.tasks.testing.worker.TestWorker.executeAndMaintainThreadName(TestWorker.java:129)
	at org.gradle.api.internal.tasks.testing.worker.TestWorker.execute(TestWorker.java:100)
	at org.gradle.api.internal.tasks.testing.worker.TestWorker.execute(TestWorker.java:60)
	at org.gradle.process.internal.worker.child.ActionExecutionWorker.execute(ActionExecutionWorker.java:56)
	at org.gradle.process.internal.worker.child.SystemApplicationClassLoaderWorker.call(SystemApplicationClassLoaderWorker.java:133)
	at org.gradle.process.internal.worker.child.SystemApplicationClassLoaderWorker.call(SystemApplicationClassLoaderWorker.java:71)
	at worker.org.gradle.process.internal.worker.GradleWorkerMain.run(GradleWorkerMain.java:69)
	at worker.org.gradle.process.internal.worker.GradleWorkerMain.main(GradleWorkerMain.java:74)
</failure>
  </testcase>
  <testcase name="sendPushPublishBundle[10: com.dotcms.publishing.PublisherAPIImplTest$TestAsset@760ecefe]" classname="com.dotcms.publishing.PublisherAPIImplTest" time="0.057"/>
  <testcase name="generateBundle[0: com.dotcms.publishing.PublisherAPIImplTest$TestAsset@403feb7f]" classname="com.dotcms.publishing.PublisherAPIImplTest" time="0.078">
    <failure message="org.junit.ComparisonFailure: Fail for ImmutableSimpleContentType:&#10;Asset -&gt; SimpleContentType{name=testName1689276704209, id=d6fd637bc81560020d77535a71ec28ea, description=testDescription1689276704209, defaultType=false, fixed=false, iDate=Thu Jul 13 19:31:44 UTC 2023, system=false, versionable=true, multilingualable=false, variable=testVarname1689276704209, owner=system, modDate=Thu Jul 13 19:31:44 UTC 2023, host=b63d519a91e1cf89ab5368e8401fbeae, siteName=test1689276703123.dotcms.com, icon=event_note, sortOrder=0, folder=SYSTEM_FOLDER, folderPath=/, requiredFields=[], markedForDeletion=false} &#10;difference -&gt; defaultType&quot;:false,&quot;description&quot;:&quot;testDescription1689276704209&quot;,&quot;detailPage&quot;:null,&quot;expireDateVar&quot;:null,&quot;fixed&quot;:false,&quot;folder&quot;:&quot;SYSTEM_FOLDER&quot;,&quot;folderPath&quot;:&quot;/&quot;,&quot;host&quot;:&quot;b63d519a91e1cf89ab5368e8401fbeae&quot;,&quot;iDate&quot;:1689276704209,&quot;icon&quot;:&quot;event_note&quot;,&quot;id&quot;:&quot;d6fd637bc81560020d77535a71ec28ea&quot;,&quot;modDate&quot;:1689276704000,&quot;multilingualable&quot;:false,&quot;name&quot;:&quot;testName1689276704209&quot;,&quot;testName1689276704180&quot;]}&#10;expected -&gt; {&quot;contentType&quot;:{&quot;clazz&quot;:&quot;com.dotcms.contenttype.model.type.ImmutableSimpleContentType&quot;,&quot;name&quot;:&quot;testName1689276704209&quot;,&quot;id&quot;:&quot;d6fd637bc81560020d77535a71ec28ea&quot;,&quot;description&quot;:&quot;testDescription1689276704209&quot;,&quot;defaultType&quot;:false,&quot;detailPage&quot;:null,&quot;fixed&quot;:false,&quot;iDate&quot;:1689276704209,&quot;system&quot;:false,&quot;versionable&quot;:true,&quot;multilingualable&quot;:false,&quot;variable&quot;:&quot;testVarname1689276704209&quot;,&quot;urlMapPattern&quot;:null,&quot;publishDateVar&quot;:null,&quot;expireDateVar&quot;:null,&quot;systemActionMappings&quot;:[]}&#10;real -&gt; {&quot;contentType&quot;:{&quot;clazz&quot;:&quot;com.dotcms.contenttype.model.type.ImmutableSimpleContentType&quot;,&quot;defaultType&quot;:false,&quot;description&quot;:&quot;testDescription1689276704209&quot;,&quot;detailPage&quot;:null,&quot;expireDateVar&quot;:null,&quot;fixed&quot;:false,&quot;folder&quot;:&quot;SYSTEM_FOLDER&quot;,&quot;folderPath&quot;:&quot;/&quot;,&quot;host&quot;:&quot;b63d519a91e1cf89ab5368e8401fbeae&quot;,&quot;iDate&quot;:1689276704209,&quot;icon&quot;:&quot;event_note&quot;,&quot;id&quot;:&quot;d6fd637bc81560020d77535a71ec28ea&quot;,&quot;modDate&quot;:1689276704000,&quot;multilingualable&quot;:false,&quot;name&quot;:&quot;testName1689276704209&quot;,&quot;testName1689276704180&quot;]}&#10; expected:&lt;...SimpleContentType&quot;,&quot;[name&quot;:&quot;testName1689276704209&quot;,&quot;id&quot;:&quot;d6fd637bc81560020d77535a71ec28ea&quot;,&quot;description&quot;:&quot;testDescription1689276704209&quot;,&quot;defaultType&quot;:false,&quot;detailPage&quot;:null,&quot;fixed&quot;:false,&quot;iDate&quot;:1689276704209,&quot;system&quot;:false,&quot;versionable&quot;:true,&quot;multilingualable&quot;:false,&quot;variable&quot;:&quot;testVarname1689276704209&quot;,&quot;urlMapPattern&quot;:null,&quot;publishDateVar&quot;:null,&quot;expireDateVar&quot;:null,&quot;systemActionMappings&quot;:[]]}&gt; but was:&lt;...SimpleContentType&quot;,&quot;[defaultType&quot;:false,&quot;description&quot;:&quot;testDescription1689276704209&quot;,&quot;detailPage&quot;:null,&quot;expireDateVar&quot;:null,&quot;fixed&quot;:false,&quot;folder&quot;:&quot;SYSTEM_FOLDER&quot;,&quot;folderPath&quot;:&quot;/&quot;,&quot;host&quot;:&quot;b63d519a91e1cf89ab5368e8401fbeae&quot;,&quot;iDate&quot;:1689276704209,&quot;icon&quot;:&quot;event_note&quot;,&quot;id&quot;:&quot;d6fd637bc81560020d77535a71ec28ea&quot;,&quot;modDate&quot;:1689276704000,&quot;multilingualable&quot;:false,&quot;name&quot;:&quot;testName1689276704209&quot;,&quot;testName1689276704180&quot;]]}&gt;" type="org.junit.ComparisonFailure">org.junit.ComparisonFailure: Fail for ImmutableSimpleContentType:
Asset -&gt; SimpleContentType{name=testName1689276704209, id=d6fd637bc81560020d77535a71ec28ea, description=testDescription1689276704209, defaultType=false, fixed=false, iDate=Thu Jul 13 19:31:44 UTC 2023, system=false, versionable=true, multilingualable=false, variable=testVarname1689276704209, owner=system, modDate=Thu Jul 13 19:31:44 UTC 2023, host=b63d519a91e1cf89ab5368e8401fbeae, siteName=test1689276703123.dotcms.com, icon=event_note, sortOrder=0, folder=SYSTEM_FOLDER, folderPath=/, requiredFields=[], markedForDeletion=false} 
difference -&gt; defaultType&quot;:false,&quot;description&quot;:&quot;testDescription1689276704209&quot;,&quot;detailPage&quot;:null,&quot;expireDateVar&quot;:null,&quot;fixed&quot;:false,&quot;folder&quot;:&quot;SYSTEM_FOLDER&quot;,&quot;folderPath&quot;:&quot;/&quot;,&quot;host&quot;:&quot;b63d519a91e1cf89ab5368e8401fbeae&quot;,&quot;iDate&quot;:1689276704209,&quot;icon&quot;:&quot;event_note&quot;,&quot;id&quot;:&quot;d6fd637bc81560020d77535a71ec28ea&quot;,&quot;modDate&quot;:1689276704000,&quot;multilingualable&quot;:false,&quot;name&quot;:&quot;testName1689276704209&quot;,&quot;testName1689276704180&quot;]}
expected -&gt; {&quot;contentType&quot;:{&quot;clazz&quot;:&quot;com.dotcms.contenttype.model.type.ImmutableSimpleContentType&quot;,&quot;name&quot;:&quot;testName1689276704209&quot;,&quot;id&quot;:&quot;d6fd637bc81560020d77535a71ec28ea&quot;,&quot;description&quot;:&quot;testDescription1689276704209&quot;,&quot;defaultType&quot;:false,&quot;detailPage&quot;:null,&quot;fixed&quot;:false,&quot;iDate&quot;:1689276704209,&quot;system&quot;:false,&quot;versionable&quot;:true,&quot;multilingualable&quot;:false,&quot;variable&quot;:&quot;testVarname1689276704209&quot;,&quot;urlMapPattern&quot;:null,&quot;publishDateVar&quot;:null,&quot;expireDateVar&quot;:null,&quot;systemActionMappings&quot;:[]}
real -&gt; {&quot;contentType&quot;:{&quot;clazz&quot;:&quot;com.dotcms.contenttype.model.type.ImmutableSimpleContentType&quot;,&quot;defaultType&quot;:false,&quot;description&quot;:&quot;testDescription1689276704209&quot;,&quot;detailPage&quot;:null,&quot;expireDateVar&quot;:null,&quot;fixed&quot;:false,&quot;folder&quot;:&quot;SYSTEM_FOLDER&quot;,&quot;folderPath&quot;:&quot;/&quot;,&quot;host&quot;:&quot;b63d519a91e1cf89ab5368e8401fbeae&quot;,&quot;iDate&quot;:1689276704209,&quot;icon&quot;:&quot;event_note&quot;,&quot;id&quot;:&quot;d6fd637bc81560020d77535a71ec28ea&quot;,&quot;modDate&quot;:1689276704000,&quot;multilingualable&quot;:false,&quot;name&quot;:&quot;testName1689276704209&quot;,&quot;testName1689276704180&quot;]}
 expected:&lt;...SimpleContentType&quot;,&quot;[name&quot;:&quot;testName1689276704209&quot;,&quot;id&quot;:&quot;d6fd637bc81560020d77535a71ec28ea&quot;,&quot;description&quot;:&quot;testDescription1689276704209&quot;,&quot;defaultType&quot;:false,&quot;detailPage&quot;:null,&quot;fixed&quot;:false,&quot;iDate&quot;:1689276704209,&quot;system&quot;:false,&quot;versionable&quot;:true,&quot;multilingualable&quot;:false,&quot;variable&quot;:&quot;testVarname1689276704209&quot;,&quot;urlMapPattern&quot;:null,&quot;publishDateVar&quot;:null,&quot;expireDateVar&quot;:null,&quot;systemActionMappings&quot;:[]]}&gt; but was:&lt;...SimpleContentType&quot;,&quot;[defaultType&quot;:false,&quot;description&quot;:&quot;testDescription1689276704209&quot;,&quot;detailPage&quot;:null,&quot;expireDateVar&quot;:null,&quot;fixed&quot;:false,&quot;folder&quot;:&quot;SYSTEM_FOLDER&quot;,&quot;folderPath&quot;:&quot;/&quot;,&quot;host&quot;:&quot;b63d519a91e1cf89ab5368e8401fbeae&quot;,&quot;iDate&quot;:1689276704209,&quot;icon&quot;:&quot;event_note&quot;,&quot;id&quot;:&quot;d6fd637bc81560020d77535a71ec28ea&quot;,&quot;modDate&quot;:1689276704000,&quot;multilingualable&quot;:false,&quot;name&quot;:&quot;testName1689276704209&quot;,&quot;testName1689276704180&quot;]]}&gt;
	at org.junit.Assert.assertEquals(Assert.java:117)
	at com.dotcms.test.util.FileTestUtil.assertBundleFile(FileTestUtil.java:265)
	at com.dotcms.test.util.FileTestUtil.assertBundleFile(FileTestUtil.java:196)
	at com.dotcms.publishing.PublisherAPIImplTest.assertBundle(PublisherAPIImplTest.java:779)
	at com.dotcms.publishing.PublisherAPIImplTest.generateBundle(PublisherAPIImplTest.java:536)
	at java.base/jdk.internal.reflect.NativeMethodAccessorImpl.invoke0(Native Method)
	at java.base/jdk.internal.reflect.NativeMethodAccessorImpl.invoke(NativeMethodAccessorImpl.java:62)
	at java.base/jdk.internal.reflect.DelegatingMethodAccessorImpl.invoke(DelegatingMethodAccessorImpl.java:43)
	at java.base/java.lang.reflect.Method.invoke(Method.java:566)
	at org.junit.runners.model.FrameworkMethod$1.runReflectiveCall(FrameworkMethod.java:59)
	at org.junit.internal.runners.model.ReflectiveCallable.run(ReflectiveCallable.java:12)
	at org.junit.runners.model.FrameworkMethod.invokeExplosively(FrameworkMethod.java:56)
	at com.tngtech.java.junit.dataprovider.DataProviderFrameworkMethod.invokeExplosively(DataProviderFrameworkMethod.java:119)
	at org.junit.internal.runners.statements.InvokeMethod.evaluate(InvokeMethod.java:17)
	at org.junit.runners.ParentRunner$3.evaluate(ParentRunner.java:306)
	at org.junit.rules.TestWatcher$1.evaluate(TestWatcher.java:61)
	at org.junit.rules.RunRules.evaluate(RunRules.java:20)
	at org.junit.runners.ParentRunner.runLeaf(ParentRunner.java:366)
	at com.dotcms.junit.CustomDataProviderRunner.runChild(CustomDataProviderRunner.java:41)
	at com.dotcms.junit.CustomDataProviderRunner.runChild(CustomDataProviderRunner.java:26)
	at org.junit.runners.ParentRunner$4.run(ParentRunner.java:331)
	at org.junit.runners.ParentRunner$1.schedule(ParentRunner.java:79)
	at org.junit.runners.ParentRunner.runChildren(ParentRunner.java:329)
	at org.junit.runners.ParentRunner.access$100(ParentRunner.java:66)
	at org.junit.runners.ParentRunner$2.evaluate(ParentRunner.java:293)
	at org.junit.runners.ParentRunner$3.evaluate(ParentRunner.java:306)
	at org.junit.runners.ParentRunner.run(ParentRunner.java:413)
	at com.dotcms.junit.MainBaseSuite$DotRunner.run(MainBaseSuite.java:71)
	at org.junit.runners.Suite.runChild(Suite.java:128)
	at org.junit.runners.Suite.runChild(Suite.java:27)
	at org.junit.runners.ParentRunner$4.run(ParentRunner.java:331)
	at org.junit.runners.ParentRunner$1.schedule(ParentRunner.java:79)
	at org.junit.runners.ParentRunner.runChildren(ParentRunner.java:329)
	at org.junit.runners.ParentRunner.access$100(ParentRunner.java:66)
	at org.junit.runners.ParentRunner$2.evaluate(ParentRunner.java:293)
	at org.junit.runners.ParentRunner$3.evaluate(ParentRunner.java:306)
	at org.junit.runners.ParentRunner.run(ParentRunner.java:413)
	at org.gradle.api.internal.tasks.testing.junit.JUnitTestClassExecutor.runTestClass(JUnitTestClassExecutor.java:110)
	at org.gradle.api.internal.tasks.testing.junit.JUnitTestClassExecutor.execute(JUnitTestClassExecutor.java:58)
	at org.gradle.api.internal.tasks.testing.junit.JUnitTestClassExecutor.execute(JUnitTestClassExecutor.java:38)
	at org.gradle.api.internal.tasks.testing.junit.AbstractJUnitTestClassProcessor.processTestClass(AbstractJUnitTestClassProcessor.java:62)
	at org.gradle.api.internal.tasks.testing.SuiteTestClassProcessor.processTestClass(SuiteTestClassProcessor.java:51)
	at java.base/jdk.internal.reflect.NativeMethodAccessorImpl.invoke0(Native Method)
	at java.base/jdk.internal.reflect.NativeMethodAccessorImpl.invoke(NativeMethodAccessorImpl.java:62)
	at java.base/jdk.internal.reflect.DelegatingMethodAccessorImpl.invoke(DelegatingMethodAccessorImpl.java:43)
	at java.base/java.lang.reflect.Method.invoke(Method.java:566)
	at org.gradle.internal.dispatch.ReflectionDispatch.dispatch(ReflectionDispatch.java:36)
	at org.gradle.internal.dispatch.ReflectionDispatch.dispatch(ReflectionDispatch.java:24)
	at org.gradle.internal.dispatch.ContextClassLoaderDispatch.dispatch(ContextClassLoaderDispatch.java:33)
	at org.gradle.internal.dispatch.ProxyDispatchAdapter$DispatchingInvocationHandler.invoke(ProxyDispatchAdapter.java:94)
	at com.sun.proxy.$Proxy5.processTestClass(Unknown Source)
	at org.gradle.api.internal.tasks.testing.worker.TestWorker$2.run(TestWorker.java:176)
	at org.gradle.api.internal.tasks.testing.worker.TestWorker.executeAndMaintainThreadName(TestWorker.java:129)
	at org.gradle.api.internal.tasks.testing.worker.TestWorker.execute(TestWorker.java:100)
	at org.gradle.api.internal.tasks.testing.worker.TestWorker.execute(TestWorker.java:60)
	at org.gradle.process.internal.worker.child.ActionExecutionWorker.execute(ActionExecutionWorker.java:56)
	at org.gradle.process.internal.worker.child.SystemApplicationClassLoaderWorker.call(SystemApplicationClassLoaderWorker.java:133)
	at org.gradle.process.internal.worker.child.SystemApplicationClassLoaderWorker.call(SystemApplicationClassLoaderWorker.java:71)
	at worker.org.gradle.process.internal.worker.GradleWorkerMain.run(GradleWorkerMain.java:69)
	at worker.org.gradle.process.internal.worker.GradleWorkerMain.main(GradleWorkerMain.java:74)
</failure>
  </testcase>
  <testcase name="generateBundle[1: com.dotcms.publishing.PublisherAPIImplTest$TestAsset@4ea79c38]" classname="com.dotcms.publishing.PublisherAPIImplTest" time="0.088">
    <failure message="org.junit.ComparisonFailure: Fail for ImmutableSimpleContentType:&#10;Asset -&gt; SimpleContentType{name=testName1689276705417, id=16651cd2bb075db7a3df4cf6cf13c9af, description=testDescription1689276705417, defaultType=false, fixed=false, iDate=Thu Jul 13 19:31:45 UTC 2023, system=false, versionable=true, multilingualable=false, variable=testVarname1689276705417, owner=system, modDate=Thu Jul 13 19:31:45 UTC 2023, host=f9171b641adbc9d69dfab9de8a007884, siteName=test1689276704316.dotcms.com, icon=event_note, sortOrder=0, folder=SYSTEM_FOLDER, folderPath=/, requiredFields=[], markedForDeletion=false} &#10;difference -&gt; defaultType&quot;:false,&quot;description&quot;:&quot;testDescription1689276705417&quot;,&quot;detailPage&quot;:null,&quot;expireDateVar&quot;:null,&quot;fixed&quot;:false,&quot;folder&quot;:&quot;SYSTEM_FOLDER&quot;,&quot;folderPath&quot;:&quot;/&quot;,&quot;host&quot;:&quot;f9171b641adbc9d69dfab9de8a007884&quot;,&quot;iDate&quot;:1689276705417,&quot;icon&quot;:&quot;event_note&quot;,&quot;id&quot;:&quot;16651cd2bb075db7a3df4cf6cf13c9af&quot;,&quot;modDate&quot;:1689276705000,&quot;multilingualable&quot;:false,&quot;name&quot;:&quot;testName1689276705417&quot;,&quot;workflowSchemaNames&quot;:[&quot;System Workflow&quot;]}&#10;expected -&gt; {&quot;contentType&quot;:{&quot;clazz&quot;:&quot;com.dotcms.contenttype.model.type.ImmutableSimpleContentType&quot;,&quot;name&quot;:&quot;testName1689276705417&quot;,&quot;id&quot;:&quot;16651cd2bb075db7a3df4cf6cf13c9af&quot;,&quot;description&quot;:&quot;testDescription1689276705417&quot;,&quot;defaultType&quot;:false,&quot;detailPage&quot;:null,&quot;fixed&quot;:false,&quot;iDate&quot;:1689276705417,&quot;system&quot;:false,&quot;versionable&quot;:true,&quot;multilingualable&quot;:false,&quot;variable&quot;:&quot;testVarname1689276705417&quot;,&quot;urlMapPattern&quot;:null,&quot;publishDateVar&quot;:null,&quot;expireDateVar&quot;:null,&quot;systemActionMappings&quot;:[]}&#10;real -&gt; {&quot;contentType&quot;:{&quot;clazz&quot;:&quot;com.dotcms.contenttype.model.type.ImmutableSimpleContentType&quot;,&quot;defaultType&quot;:false,&quot;description&quot;:&quot;testDescription1689276705417&quot;,&quot;detailPage&quot;:null,&quot;expireDateVar&quot;:null,&quot;fixed&quot;:false,&quot;folder&quot;:&quot;SYSTEM_FOLDER&quot;,&quot;folderPath&quot;:&quot;/&quot;,&quot;host&quot;:&quot;f9171b641adbc9d69dfab9de8a007884&quot;,&quot;iDate&quot;:1689276705417,&quot;icon&quot;:&quot;event_note&quot;,&quot;id&quot;:&quot;16651cd2bb075db7a3df4cf6cf13c9af&quot;,&quot;modDate&quot;:1689276705000,&quot;multilingualable&quot;:false,&quot;name&quot;:&quot;testName1689276705417&quot;,&quot;workflowSchemaNames&quot;:[&quot;System Workflow&quot;]}&#10; expected:&lt;...SimpleContentType&quot;,&quot;[name&quot;:&quot;testName1689276705417&quot;,&quot;id&quot;:&quot;16651cd2bb075db7a3df4cf6cf13c9af&quot;,&quot;description&quot;:&quot;testDescription1689276705417&quot;,&quot;defaultType&quot;:false,&quot;detailPage&quot;:null,&quot;fixed&quot;:false,&quot;iDate&quot;:1689276705417,&quot;system&quot;:false,&quot;versionable&quot;:true,&quot;multilingualable&quot;:false,&quot;variable&quot;:&quot;testVarname1689276705417&quot;,&quot;urlMapPattern&quot;:null,&quot;publishDateVar&quot;:null,&quot;expireDateVar&quot;:null,&quot;systemActionMappings&quot;:[]]}&gt; but was:&lt;...SimpleContentType&quot;,&quot;[defaultType&quot;:false,&quot;description&quot;:&quot;testDescription1689276705417&quot;,&quot;detailPage&quot;:null,&quot;expireDateVar&quot;:null,&quot;fixed&quot;:false,&quot;folder&quot;:&quot;SYSTEM_FOLDER&quot;,&quot;folderPath&quot;:&quot;/&quot;,&quot;host&quot;:&quot;f9171b641adbc9d69dfab9de8a007884&quot;,&quot;iDate&quot;:1689276705417,&quot;icon&quot;:&quot;event_note&quot;,&quot;id&quot;:&quot;16651cd2bb075db7a3df4cf6cf13c9af&quot;,&quot;modDate&quot;:1689276705000,&quot;multilingualable&quot;:false,&quot;name&quot;:&quot;testName1689276705417&quot;,&quot;workflowSchemaNames&quot;:[&quot;System Workflow&quot;]]}&gt;" type="org.junit.ComparisonFailure">org.junit.ComparisonFailure: Fail for ImmutableSimpleContentType:
Asset -&gt; SimpleContentType{name=testName1689276705417, id=16651cd2bb075db7a3df4cf6cf13c9af, description=testDescription1689276705417, defaultType=false, fixed=false, iDate=Thu Jul 13 19:31:45 UTC 2023, system=false, versionable=true, multilingualable=false, variable=testVarname1689276705417, owner=system, modDate=Thu Jul 13 19:31:45 UTC 2023, host=f9171b641adbc9d69dfab9de8a007884, siteName=test1689276704316.dotcms.com, icon=event_note, sortOrder=0, folder=SYSTEM_FOLDER, folderPath=/, requiredFields=[], markedForDeletion=false} 
difference -&gt; defaultType&quot;:false,&quot;description&quot;:&quot;testDescription1689276705417&quot;,&quot;detailPage&quot;:null,&quot;expireDateVar&quot;:null,&quot;fixed&quot;:false,&quot;folder&quot;:&quot;SYSTEM_FOLDER&quot;,&quot;folderPath&quot;:&quot;/&quot;,&quot;host&quot;:&quot;f9171b641adbc9d69dfab9de8a007884&quot;,&quot;iDate&quot;:1689276705417,&quot;icon&quot;:&quot;event_note&quot;,&quot;id&quot;:&quot;16651cd2bb075db7a3df4cf6cf13c9af&quot;,&quot;modDate&quot;:1689276705000,&quot;multilingualable&quot;:false,&quot;name&quot;:&quot;testName1689276705417&quot;,&quot;workflowSchemaNames&quot;:[&quot;System Workflow&quot;]}
expected -&gt; {&quot;contentType&quot;:{&quot;clazz&quot;:&quot;com.dotcms.contenttype.model.type.ImmutableSimpleContentType&quot;,&quot;name&quot;:&quot;testName1689276705417&quot;,&quot;id&quot;:&quot;16651cd2bb075db7a3df4cf6cf13c9af&quot;,&quot;description&quot;:&quot;testDescription1689276705417&quot;,&quot;defaultType&quot;:false,&quot;detailPage&quot;:null,&quot;fixed&quot;:false,&quot;iDate&quot;:1689276705417,&quot;system&quot;:false,&quot;versionable&quot;:true,&quot;multilingualable&quot;:false,&quot;variable&quot;:&quot;testVarname1689276705417&quot;,&quot;urlMapPattern&quot;:null,&quot;publishDateVar&quot;:null,&quot;expireDateVar&quot;:null,&quot;systemActionMappings&quot;:[]}
real -&gt; {&quot;contentType&quot;:{&quot;clazz&quot;:&quot;com.dotcms.contenttype.model.type.ImmutableSimpleContentType&quot;,&quot;defaultType&quot;:false,&quot;description&quot;:&quot;testDescription1689276705417&quot;,&quot;detailPage&quot;:null,&quot;expireDateVar&quot;:null,&quot;fixed&quot;:false,&quot;folder&quot;:&quot;SYSTEM_FOLDER&quot;,&quot;folderPath&quot;:&quot;/&quot;,&quot;host&quot;:&quot;f9171b641adbc9d69dfab9de8a007884&quot;,&quot;iDate&quot;:1689276705417,&quot;icon&quot;:&quot;event_note&quot;,&quot;id&quot;:&quot;16651cd2bb075db7a3df4cf6cf13c9af&quot;,&quot;modDate&quot;:1689276705000,&quot;multilingualable&quot;:false,&quot;name&quot;:&quot;testName1689276705417&quot;,&quot;workflowSchemaNames&quot;:[&quot;System Workflow&quot;]}
 expected:&lt;...SimpleContentType&quot;,&quot;[name&quot;:&quot;testName1689276705417&quot;,&quot;id&quot;:&quot;16651cd2bb075db7a3df4cf6cf13c9af&quot;,&quot;description&quot;:&quot;testDescription1689276705417&quot;,&quot;defaultType&quot;:false,&quot;detailPage&quot;:null,&quot;fixed&quot;:false,&quot;iDate&quot;:1689276705417,&quot;system&quot;:false,&quot;versionable&quot;:true,&quot;multilingualable&quot;:false,&quot;variable&quot;:&quot;testVarname1689276705417&quot;,&quot;urlMapPattern&quot;:null,&quot;publishDateVar&quot;:null,&quot;expireDateVar&quot;:null,&quot;systemActionMappings&quot;:[]]}&gt; but was:&lt;...SimpleContentType&quot;,&quot;[defaultType&quot;:false,&quot;description&quot;:&quot;testDescription1689276705417&quot;,&quot;detailPage&quot;:null,&quot;expireDateVar&quot;:null,&quot;fixed&quot;:false,&quot;folder&quot;:&quot;SYSTEM_FOLDER&quot;,&quot;folderPath&quot;:&quot;/&quot;,&quot;host&quot;:&quot;f9171b641adbc9d69dfab9de8a007884&quot;,&quot;iDate&quot;:1689276705417,&quot;icon&quot;:&quot;event_note&quot;,&quot;id&quot;:&quot;16651cd2bb075db7a3df4cf6cf13c9af&quot;,&quot;modDate&quot;:1689276705000,&quot;multilingualable&quot;:false,&quot;name&quot;:&quot;testName1689276705417&quot;,&quot;workflowSchemaNames&quot;:[&quot;System Workflow&quot;]]}&gt;
	at org.junit.Assert.assertEquals(Assert.java:117)
	at com.dotcms.test.util.FileTestUtil.assertBundleFile(FileTestUtil.java:265)
	at com.dotcms.test.util.FileTestUtil.assertBundleFile(FileTestUtil.java:156)
	at com.dotcms.publishing.PublisherAPIImplTest.assertBundle(PublisherAPIImplTest.java:786)
	at com.dotcms.publishing.PublisherAPIImplTest.generateBundle(PublisherAPIImplTest.java:536)
	at java.base/jdk.internal.reflect.NativeMethodAccessorImpl.invoke0(Native Method)
	at java.base/jdk.internal.reflect.NativeMethodAccessorImpl.invoke(NativeMethodAccessorImpl.java:62)
	at java.base/jdk.internal.reflect.DelegatingMethodAccessorImpl.invoke(DelegatingMethodAccessorImpl.java:43)
	at java.base/java.lang.reflect.Method.invoke(Method.java:566)
	at org.junit.runners.model.FrameworkMethod$1.runReflectiveCall(FrameworkMethod.java:59)
	at org.junit.internal.runners.model.ReflectiveCallable.run(ReflectiveCallable.java:12)
	at org.junit.runners.model.FrameworkMethod.invokeExplosively(FrameworkMethod.java:56)
	at com.tngtech.java.junit.dataprovider.DataProviderFrameworkMethod.invokeExplosively(DataProviderFrameworkMethod.java:119)
	at org.junit.internal.runners.statements.InvokeMethod.evaluate(InvokeMethod.java:17)
	at org.junit.runners.ParentRunner$3.evaluate(ParentRunner.java:306)
	at org.junit.rules.TestWatcher$1.evaluate(TestWatcher.java:61)
	at org.junit.rules.RunRules.evaluate(RunRules.java:20)
	at org.junit.runners.ParentRunner.runLeaf(ParentRunner.java:366)
	at com.dotcms.junit.CustomDataProviderRunner.runChild(CustomDataProviderRunner.java:41)
	at com.dotcms.junit.CustomDataProviderRunner.runChild(CustomDataProviderRunner.java:26)
	at org.junit.runners.ParentRunner$4.run(ParentRunner.java:331)
	at org.junit.runners.ParentRunner$1.schedule(ParentRunner.java:79)
	at org.junit.runners.ParentRunner.runChildren(ParentRunner.java:329)
	at org.junit.runners.ParentRunner.access$100(ParentRunner.java:66)
	at org.junit.runners.ParentRunner$2.evaluate(ParentRunner.java:293)
	at org.junit.runners.ParentRunner$3.evaluate(ParentRunner.java:306)
	at org.junit.runners.ParentRunner.run(ParentRunner.java:413)
	at com.dotcms.junit.MainBaseSuite$DotRunner.run(MainBaseSuite.java:71)
	at org.junit.runners.Suite.runChild(Suite.java:128)
	at org.junit.runners.Suite.runChild(Suite.java:27)
	at org.junit.runners.ParentRunner$4.run(ParentRunner.java:331)
	at org.junit.runners.ParentRunner$1.schedule(ParentRunner.java:79)
	at org.junit.runners.ParentRunner.runChildren(ParentRunner.java:329)
	at org.junit.runners.ParentRunner.access$100(ParentRunner.java:66)
	at org.junit.runners.ParentRunner$2.evaluate(ParentRunner.java:293)
	at org.junit.runners.ParentRunner$3.evaluate(ParentRunner.java:306)
	at org.junit.runners.ParentRunner.run(ParentRunner.java:413)
	at org.gradle.api.internal.tasks.testing.junit.JUnitTestClassExecutor.runTestClass(JUnitTestClassExecutor.java:110)
	at org.gradle.api.internal.tasks.testing.junit.JUnitTestClassExecutor.execute(JUnitTestClassExecutor.java:58)
	at org.gradle.api.internal.tasks.testing.junit.JUnitTestClassExecutor.execute(JUnitTestClassExecutor.java:38)
	at org.gradle.api.internal.tasks.testing.junit.AbstractJUnitTestClassProcessor.processTestClass(AbstractJUnitTestClassProcessor.java:62)
	at org.gradle.api.internal.tasks.testing.SuiteTestClassProcessor.processTestClass(SuiteTestClassProcessor.java:51)
	at java.base/jdk.internal.reflect.NativeMethodAccessorImpl.invoke0(Native Method)
	at java.base/jdk.internal.reflect.NativeMethodAccessorImpl.invoke(NativeMethodAccessorImpl.java:62)
	at java.base/jdk.internal.reflect.DelegatingMethodAccessorImpl.invoke(DelegatingMethodAccessorImpl.java:43)
	at java.base/java.lang.reflect.Method.invoke(Method.java:566)
	at org.gradle.internal.dispatch.ReflectionDispatch.dispatch(ReflectionDispatch.java:36)
	at org.gradle.internal.dispatch.ReflectionDispatch.dispatch(ReflectionDispatch.java:24)
	at org.gradle.internal.dispatch.ContextClassLoaderDispatch.dispatch(ContextClassLoaderDispatch.java:33)
	at org.gradle.internal.dispatch.ProxyDispatchAdapter$DispatchingInvocationHandler.invoke(ProxyDispatchAdapter.java:94)
	at com.sun.proxy.$Proxy5.processTestClass(Unknown Source)
	at org.gradle.api.internal.tasks.testing.worker.TestWorker$2.run(TestWorker.java:176)
	at org.gradle.api.internal.tasks.testing.worker.TestWorker.executeAndMaintainThreadName(TestWorker.java:129)
	at org.gradle.api.internal.tasks.testing.worker.TestWorker.execute(TestWorker.java:100)
	at org.gradle.api.internal.tasks.testing.worker.TestWorker.execute(TestWorker.java:60)
	at org.gradle.process.internal.worker.child.ActionExecutionWorker.execute(ActionExecutionWorker.java:56)
	at org.gradle.process.internal.worker.child.SystemApplicationClassLoaderWorker.call(SystemApplicationClassLoaderWorker.java:133)
	at org.gradle.process.internal.worker.child.SystemApplicationClassLoaderWorker.call(SystemApplicationClassLoaderWorker.java:71)
	at worker.org.gradle.process.internal.worker.GradleWorkerMain.run(GradleWorkerMain.java:69)
	at worker.org.gradle.process.internal.worker.GradleWorkerMain.main(GradleWorkerMain.java:74)
</failure>
  </testcase>
  <testcase name="generateBundle[2: com.dotcms.publishing.PublisherAPIImplTest$TestAsset@e3a9bef]" classname="com.dotcms.publishing.PublisherAPIImplTest" time="0.126">
    <failure message="org.junit.ComparisonFailure: Fail for ImmutableSimpleContentType:&#10;Asset -&gt; SimpleContentType{name=testName1689276706421, id=793e325d0df351d490912a4966d69508, description=testDescription1689276706421, defaultType=false, fixed=false, iDate=Thu Jul 13 19:31:46 UTC 2023, system=false, versionable=true, multilingualable=false, variable=testVarname1689276706421, owner=system, modDate=Thu Jul 13 19:31:46 UTC 2023, host=73484064e3499aa954adc3a9ab855691, siteName=test1689276705470.dotcms.com, icon=event_note, sortOrder=0, folder=SYSTEM_FOLDER, folderPath=/, requiredFields=[], markedForDeletion=false} &#10;difference -&gt; defaultType&quot;:false,&quot;description&quot;:&quot;testDescription1689276706421&quot;,&quot;detailPage&quot;:null,&quot;expireDateVar&quot;:null,&quot;fixed&quot;:false,&quot;folder&quot;:&quot;SYSTEM_FOLDER&quot;,&quot;folderPath&quot;:&quot;/&quot;,&quot;host&quot;:&quot;73484064e3499aa954adc3a9ab855691&quot;,&quot;iDate&quot;:1689276706421,&quot;icon&quot;:&quot;event_note&quot;,&quot;id&quot;:&quot;793e325d0df351d490912a4966d69508&quot;,&quot;modDate&quot;:1689276706000,&quot;multilingualable&quot;:false,&quot;name&quot;:&quot;testName1689276706421&quot;,&quot;workflowSchemaNames&quot;:[&quot;System Workflow&quot;]}&#10;expected -&gt; {&quot;contentType&quot;:{&quot;clazz&quot;:&quot;com.dotcms.contenttype.model.type.ImmutableSimpleContentType&quot;,&quot;name&quot;:&quot;testName1689276706421&quot;,&quot;id&quot;:&quot;793e325d0df351d490912a4966d69508&quot;,&quot;description&quot;:&quot;testDescription1689276706421&quot;,&quot;defaultType&quot;:false,&quot;detailPage&quot;:null,&quot;fixed&quot;:false,&quot;iDate&quot;:1689276706421,&quot;system&quot;:false,&quot;versionable&quot;:true,&quot;multilingualable&quot;:false,&quot;variable&quot;:&quot;testVarname1689276706421&quot;,&quot;urlMapPattern&quot;:null,&quot;publishDateVar&quot;:null,&quot;expireDateVar&quot;:null,&quot;systemActionMappings&quot;:[]}&#10;real -&gt; {&quot;contentType&quot;:{&quot;clazz&quot;:&quot;com.dotcms.contenttype.model.type.ImmutableSimpleContentType&quot;,&quot;defaultType&quot;:false,&quot;description&quot;:&quot;testDescription1689276706421&quot;,&quot;detailPage&quot;:null,&quot;expireDateVar&quot;:null,&quot;fixed&quot;:false,&quot;folder&quot;:&quot;SYSTEM_FOLDER&quot;,&quot;folderPath&quot;:&quot;/&quot;,&quot;host&quot;:&quot;73484064e3499aa954adc3a9ab855691&quot;,&quot;iDate&quot;:1689276706421,&quot;icon&quot;:&quot;event_note&quot;,&quot;id&quot;:&quot;793e325d0df351d490912a4966d69508&quot;,&quot;modDate&quot;:1689276706000,&quot;multilingualable&quot;:false,&quot;name&quot;:&quot;testName1689276706421&quot;,&quot;workflowSchemaNames&quot;:[&quot;System Workflow&quot;]}&#10; expected:&lt;...SimpleContentType&quot;,&quot;[name&quot;:&quot;testName1689276706421&quot;,&quot;id&quot;:&quot;793e325d0df351d490912a4966d69508&quot;,&quot;description&quot;:&quot;testDescription1689276706421&quot;,&quot;defaultType&quot;:false,&quot;detailPage&quot;:null,&quot;fixed&quot;:false,&quot;iDate&quot;:1689276706421,&quot;system&quot;:false,&quot;versionable&quot;:true,&quot;multilingualable&quot;:false,&quot;variable&quot;:&quot;testVarname1689276706421&quot;,&quot;urlMapPattern&quot;:null,&quot;publishDateVar&quot;:null,&quot;expireDateVar&quot;:null,&quot;systemActionMappings&quot;:[]]}&gt; but was:&lt;...SimpleContentType&quot;,&quot;[defaultType&quot;:false,&quot;description&quot;:&quot;testDescription1689276706421&quot;,&quot;detailPage&quot;:null,&quot;expireDateVar&quot;:null,&quot;fixed&quot;:false,&quot;folder&quot;:&quot;SYSTEM_FOLDER&quot;,&quot;folderPath&quot;:&quot;/&quot;,&quot;host&quot;:&quot;73484064e3499aa954adc3a9ab855691&quot;,&quot;iDate&quot;:1689276706421,&quot;icon&quot;:&quot;event_note&quot;,&quot;id&quot;:&quot;793e325d0df351d490912a4966d69508&quot;,&quot;modDate&quot;:1689276706000,&quot;multilingualable&quot;:false,&quot;name&quot;:&quot;testName1689276706421&quot;,&quot;workflowSchemaNames&quot;:[&quot;System Workflow&quot;]]}&gt;" type="org.junit.ComparisonFailure">org.junit.ComparisonFailure: Fail for ImmutableSimpleContentType:
Asset -&gt; SimpleContentType{name=testName1689276706421, id=793e325d0df351d490912a4966d69508, description=testDescription1689276706421, defaultType=false, fixed=false, iDate=Thu Jul 13 19:31:46 UTC 2023, system=false, versionable=true, multilingualable=false, variable=testVarname1689276706421, owner=system, modDate=Thu Jul 13 19:31:46 UTC 2023, host=73484064e3499aa954adc3a9ab855691, siteName=test1689276705470.dotcms.com, icon=event_note, sortOrder=0, folder=SYSTEM_FOLDER, folderPath=/, requiredFields=[], markedForDeletion=false} 
difference -&gt; defaultType&quot;:false,&quot;description&quot;:&quot;testDescription1689276706421&quot;,&quot;detailPage&quot;:null,&quot;expireDateVar&quot;:null,&quot;fixed&quot;:false,&quot;folder&quot;:&quot;SYSTEM_FOLDER&quot;,&quot;folderPath&quot;:&quot;/&quot;,&quot;host&quot;:&quot;73484064e3499aa954adc3a9ab855691&quot;,&quot;iDate&quot;:1689276706421,&quot;icon&quot;:&quot;event_note&quot;,&quot;id&quot;:&quot;793e325d0df351d490912a4966d69508&quot;,&quot;modDate&quot;:1689276706000,&quot;multilingualable&quot;:false,&quot;name&quot;:&quot;testName1689276706421&quot;,&quot;workflowSchemaNames&quot;:[&quot;System Workflow&quot;]}
expected -&gt; {&quot;contentType&quot;:{&quot;clazz&quot;:&quot;com.dotcms.contenttype.model.type.ImmutableSimpleContentType&quot;,&quot;name&quot;:&quot;testName1689276706421&quot;,&quot;id&quot;:&quot;793e325d0df351d490912a4966d69508&quot;,&quot;description&quot;:&quot;testDescription1689276706421&quot;,&quot;defaultType&quot;:false,&quot;detailPage&quot;:null,&quot;fixed&quot;:false,&quot;iDate&quot;:1689276706421,&quot;system&quot;:false,&quot;versionable&quot;:true,&quot;multilingualable&quot;:false,&quot;variable&quot;:&quot;testVarname1689276706421&quot;,&quot;urlMapPattern&quot;:null,&quot;publishDateVar&quot;:null,&quot;expireDateVar&quot;:null,&quot;systemActionMappings&quot;:[]}
real -&gt; {&quot;contentType&quot;:{&quot;clazz&quot;:&quot;com.dotcms.contenttype.model.type.ImmutableSimpleContentType&quot;,&quot;defaultType&quot;:false,&quot;description&quot;:&quot;testDescription1689276706421&quot;,&quot;detailPage&quot;:null,&quot;expireDateVar&quot;:null,&quot;fixed&quot;:false,&quot;folder&quot;:&quot;SYSTEM_FOLDER&quot;,&quot;folderPath&quot;:&quot;/&quot;,&quot;host&quot;:&quot;73484064e3499aa954adc3a9ab855691&quot;,&quot;iDate&quot;:1689276706421,&quot;icon&quot;:&quot;event_note&quot;,&quot;id&quot;:&quot;793e325d0df351d490912a4966d69508&quot;,&quot;modDate&quot;:1689276706000,&quot;multilingualable&quot;:false,&quot;name&quot;:&quot;testName1689276706421&quot;,&quot;workflowSchemaNames&quot;:[&quot;System Workflow&quot;]}
 expected:&lt;...SimpleContentType&quot;,&quot;[name&quot;:&quot;testName1689276706421&quot;,&quot;id&quot;:&quot;793e325d0df351d490912a4966d69508&quot;,&quot;description&quot;:&quot;testDescription1689276706421&quot;,&quot;defaultType&quot;:false,&quot;detailPage&quot;:null,&quot;fixed&quot;:false,&quot;iDate&quot;:1689276706421,&quot;system&quot;:false,&quot;versionable&quot;:true,&quot;multilingualable&quot;:false,&quot;variable&quot;:&quot;testVarname1689276706421&quot;,&quot;urlMapPattern&quot;:null,&quot;publishDateVar&quot;:null,&quot;expireDateVar&quot;:null,&quot;systemActionMappings&quot;:[]]}&gt; but was:&lt;...SimpleContentType&quot;,&quot;[defaultType&quot;:false,&quot;description&quot;:&quot;testDescription1689276706421&quot;,&quot;detailPage&quot;:null,&quot;expireDateVar&quot;:null,&quot;fixed&quot;:false,&quot;folder&quot;:&quot;SYSTEM_FOLDER&quot;,&quot;folderPath&quot;:&quot;/&quot;,&quot;host&quot;:&quot;73484064e3499aa954adc3a9ab855691&quot;,&quot;iDate&quot;:1689276706421,&quot;icon&quot;:&quot;event_note&quot;,&quot;id&quot;:&quot;793e325d0df351d490912a4966d69508&quot;,&quot;modDate&quot;:1689276706000,&quot;multilingualable&quot;:false,&quot;name&quot;:&quot;testName1689276706421&quot;,&quot;workflowSchemaNames&quot;:[&quot;System Workflow&quot;]]}&gt;
	at org.junit.Assert.assertEquals(Assert.java:117)
	at com.dotcms.test.util.FileTestUtil.assertBundleFile(FileTestUtil.java:265)
	at com.dotcms.test.util.FileTestUtil.assertBundleFile(FileTestUtil.java:156)
	at com.dotcms.publishing.PublisherAPIImplTest.assertBundle(PublisherAPIImplTest.java:786)
	at com.dotcms.publishing.PublisherAPIImplTest.generateBundle(PublisherAPIImplTest.java:536)
	at java.base/jdk.internal.reflect.NativeMethodAccessorImpl.invoke0(Native Method)
	at java.base/jdk.internal.reflect.NativeMethodAccessorImpl.invoke(NativeMethodAccessorImpl.java:62)
	at java.base/jdk.internal.reflect.DelegatingMethodAccessorImpl.invoke(DelegatingMethodAccessorImpl.java:43)
	at java.base/java.lang.reflect.Method.invoke(Method.java:566)
	at org.junit.runners.model.FrameworkMethod$1.runReflectiveCall(FrameworkMethod.java:59)
	at org.junit.internal.runners.model.ReflectiveCallable.run(ReflectiveCallable.java:12)
	at org.junit.runners.model.FrameworkMethod.invokeExplosively(FrameworkMethod.java:56)
	at com.tngtech.java.junit.dataprovider.DataProviderFrameworkMethod.invokeExplosively(DataProviderFrameworkMethod.java:119)
	at org.junit.internal.runners.statements.InvokeMethod.evaluate(InvokeMethod.java:17)
	at org.junit.runners.ParentRunner$3.evaluate(ParentRunner.java:306)
	at org.junit.rules.TestWatcher$1.evaluate(TestWatcher.java:61)
	at org.junit.rules.RunRules.evaluate(RunRules.java:20)
	at org.junit.runners.ParentRunner.runLeaf(ParentRunner.java:366)
	at com.dotcms.junit.CustomDataProviderRunner.runChild(CustomDataProviderRunner.java:41)
	at com.dotcms.junit.CustomDataProviderRunner.runChild(CustomDataProviderRunner.java:26)
	at org.junit.runners.ParentRunner$4.run(ParentRunner.java:331)
	at org.junit.runners.ParentRunner$1.schedule(ParentRunner.java:79)
	at org.junit.runners.ParentRunner.runChildren(ParentRunner.java:329)
	at org.junit.runners.ParentRunner.access$100(ParentRunner.java:66)
	at org.junit.runners.ParentRunner$2.evaluate(ParentRunner.java:293)
	at org.junit.runners.ParentRunner$3.evaluate(ParentRunner.java:306)
	at org.junit.runners.ParentRunner.run(ParentRunner.java:413)
	at com.dotcms.junit.MainBaseSuite$DotRunner.run(MainBaseSuite.java:71)
	at org.junit.runners.Suite.runChild(Suite.java:128)
	at org.junit.runners.Suite.runChild(Suite.java:27)
	at org.junit.runners.ParentRunner$4.run(ParentRunner.java:331)
	at org.junit.runners.ParentRunner$1.schedule(ParentRunner.java:79)
	at org.junit.runners.ParentRunner.runChildren(ParentRunner.java:329)
	at org.junit.runners.ParentRunner.access$100(ParentRunner.java:66)
	at org.junit.runners.ParentRunner$2.evaluate(ParentRunner.java:293)
	at org.junit.runners.ParentRunner$3.evaluate(ParentRunner.java:306)
	at org.junit.runners.ParentRunner.run(ParentRunner.java:413)
	at org.gradle.api.internal.tasks.testing.junit.JUnitTestClassExecutor.runTestClass(JUnitTestClassExecutor.java:110)
	at org.gradle.api.internal.tasks.testing.junit.JUnitTestClassExecutor.execute(JUnitTestClassExecutor.java:58)
	at org.gradle.api.internal.tasks.testing.junit.JUnitTestClassExecutor.execute(JUnitTestClassExecutor.java:38)
	at org.gradle.api.internal.tasks.testing.junit.AbstractJUnitTestClassProcessor.processTestClass(AbstractJUnitTestClassProcessor.java:62)
	at org.gradle.api.internal.tasks.testing.SuiteTestClassProcessor.processTestClass(SuiteTestClassProcessor.java:51)
	at java.base/jdk.internal.reflect.NativeMethodAccessorImpl.invoke0(Native Method)
	at java.base/jdk.internal.reflect.NativeMethodAccessorImpl.invoke(NativeMethodAccessorImpl.java:62)
	at java.base/jdk.internal.reflect.DelegatingMethodAccessorImpl.invoke(DelegatingMethodAccessorImpl.java:43)
	at java.base/java.lang.reflect.Method.invoke(Method.java:566)
	at org.gradle.internal.dispatch.ReflectionDispatch.dispatch(ReflectionDispatch.java:36)
	at org.gradle.internal.dispatch.ReflectionDispatch.dispatch(ReflectionDispatch.java:24)
	at org.gradle.internal.dispatch.ContextClassLoaderDispatch.dispatch(ContextClassLoaderDispatch.java:33)
	at org.gradle.internal.dispatch.ProxyDispatchAdapter$DispatchingInvocationHandler.invoke(ProxyDispatchAdapter.java:94)
	at com.sun.proxy.$Proxy5.processTestClass(Unknown Source)
	at org.gradle.api.internal.tasks.testing.worker.TestWorker$2.run(TestWorker.java:176)
	at org.gradle.api.internal.tasks.testing.worker.TestWorker.executeAndMaintainThreadName(TestWorker.java:129)
	at org.gradle.api.internal.tasks.testing.worker.TestWorker.execute(TestWorker.java:100)
	at org.gradle.api.internal.tasks.testing.worker.TestWorker.execute(TestWorker.java:60)
	at org.gradle.process.internal.worker.child.ActionExecutionWorker.execute(ActionExecutionWorker.java:56)
	at org.gradle.process.internal.worker.child.SystemApplicationClassLoaderWorker.call(SystemApplicationClassLoaderWorker.java:133)
	at org.gradle.process.internal.worker.child.SystemApplicationClassLoaderWorker.call(SystemApplicationClassLoaderWorker.java:71)
	at worker.org.gradle.process.internal.worker.GradleWorkerMain.run(GradleWorkerMain.java:69)
	at worker.org.gradle.process.internal.worker.GradleWorkerMain.main(GradleWorkerMain.java:74)
</failure>
  </testcase>
  <testcase name="generateBundle[3: com.dotcms.publishing.PublisherAPIImplTest$TestAsset@27ba0bc7]" classname="com.dotcms.publishing.PublisherAPIImplTest" time="0.288">
    <failure message="org.junit.ComparisonFailure: Fail for ImmutableSimpleContentType:&#10;Asset -&gt; SimpleContentType{name=testName1689276707442, id=4f259d09dd1574eb70e552edf983153e, description=testDescription1689276707442, defaultType=false, fixed=false, iDate=Thu Jul 13 19:31:47 UTC 2023, system=false, versionable=true, multilingualable=false, variable=testVarname1689276707442, owner=system, modDate=Thu Jul 13 19:31:47 UTC 2023, host=92093e2abacbea42a7c06cee8e847cf5, siteName=test1689276706444.dotcms.com, icon=event_note, sortOrder=0, folder=a28226e7fafe8c1d66dd0a9641ca8c9b, folderPath=test1689276706444.dotcms.com:/testName1689276707431/testName1689276707438/, requiredFields=[], markedForDeletion=false} &#10;difference -&gt; defaultType&quot;:false,&quot;description&quot;:&quot;testDescription1689276707442&quot;,&quot;detailPage&quot;:null,&quot;expireDateVar&quot;:null,&quot;fixed&quot;:false,&quot;folder&quot;:&quot;a28226e7fafe8c1d66dd0a9641ca8c9b&quot;,&quot;folderPath&quot;:&quot;test1689276706444.dotcms.com:/testName1689276707431/testName1689276707438/&quot;,&quot;host&quot;:&quot;92093e2abacbea42a7c06cee8e847cf5&quot;,&quot;iDate&quot;:1689276707442,&quot;icon&quot;:&quot;event_note&quot;,&quot;id&quot;:&quot;4f259d09dd1574eb70e552edf983153e&quot;,&quot;modDate&quot;:1689276707000,&quot;multilingualable&quot;:false,&quot;name&quot;:&quot;testName1689276707442&quot;,&quot;workflowSchemaNames&quot;:[&quot;System Workflow&quot;]}&#10;expected -&gt; {&quot;contentType&quot;:{&quot;clazz&quot;:&quot;com.dotcms.contenttype.model.type.ImmutableSimpleContentType&quot;,&quot;name&quot;:&quot;testName1689276707442&quot;,&quot;id&quot;:&quot;4f259d09dd1574eb70e552edf983153e&quot;,&quot;description&quot;:&quot;testDescription1689276707442&quot;,&quot;defaultType&quot;:false,&quot;detailPage&quot;:null,&quot;fixed&quot;:false,&quot;iDate&quot;:1689276707442,&quot;system&quot;:false,&quot;versionable&quot;:true,&quot;multilingualable&quot;:false,&quot;variable&quot;:&quot;testVarname1689276707442&quot;,&quot;urlMapPattern&quot;:null,&quot;publishDateVar&quot;:null,&quot;expireDateVar&quot;:null,&quot;systemActionMappings&quot;:[]}&#10;real -&gt; {&quot;contentType&quot;:{&quot;clazz&quot;:&quot;com.dotcms.contenttype.model.type.ImmutableSimpleContentType&quot;,&quot;defaultType&quot;:false,&quot;description&quot;:&quot;testDescription1689276707442&quot;,&quot;detailPage&quot;:null,&quot;expireDateVar&quot;:null,&quot;fixed&quot;:false,&quot;folder&quot;:&quot;a28226e7fafe8c1d66dd0a9641ca8c9b&quot;,&quot;folderPath&quot;:&quot;test1689276706444.dotcms.com:/testName1689276707431/testName1689276707438/&quot;,&quot;host&quot;:&quot;92093e2abacbea42a7c06cee8e847cf5&quot;,&quot;iDate&quot;:1689276707442,&quot;icon&quot;:&quot;event_note&quot;,&quot;id&quot;:&quot;4f259d09dd1574eb70e552edf983153e&quot;,&quot;modDate&quot;:1689276707000,&quot;multilingualable&quot;:false,&quot;name&quot;:&quot;testName1689276707442&quot;,&quot;workflowSchemaNames&quot;:[&quot;System Workflow&quot;]}&#10; expected:&lt;...SimpleContentType&quot;,&quot;[name&quot;:&quot;testName1689276707442&quot;,&quot;id&quot;:&quot;4f259d09dd1574eb70e552edf983153e&quot;,&quot;description&quot;:&quot;testDescription1689276707442&quot;,&quot;defaultType&quot;:false,&quot;detailPage&quot;:null,&quot;fixed&quot;:false,&quot;iDate&quot;:1689276707442,&quot;system&quot;:false,&quot;versionable&quot;:true,&quot;multilingualable&quot;:false,&quot;variable&quot;:&quot;testVarname1689276707442&quot;,&quot;urlMapPattern&quot;:null,&quot;publishDateVar&quot;:null,&quot;expireDateVar&quot;:null,&quot;systemActionMappings&quot;:[]]}&gt; but was:&lt;...SimpleContentType&quot;,&quot;[defaultType&quot;:false,&quot;description&quot;:&quot;testDescription1689276707442&quot;,&quot;detailPage&quot;:null,&quot;expireDateVar&quot;:null,&quot;fixed&quot;:false,&quot;folder&quot;:&quot;a28226e7fafe8c1d66dd0a9641ca8c9b&quot;,&quot;folderPath&quot;:&quot;test1689276706444.dotcms.com:/testName1689276707431/testName1689276707438/&quot;,&quot;host&quot;:&quot;92093e2abacbea42a7c06cee8e847cf5&quot;,&quot;iDate&quot;:1689276707442,&quot;icon&quot;:&quot;event_note&quot;,&quot;id&quot;:&quot;4f259d09dd1574eb70e552edf983153e&quot;,&quot;modDate&quot;:1689276707000,&quot;multilingualable&quot;:false,&quot;name&quot;:&quot;testName1689276707442&quot;,&quot;workflowSchemaNames&quot;:[&quot;System Workflow&quot;]]}&gt;" type="org.junit.ComparisonFailure">org.junit.ComparisonFailure: Fail for ImmutableSimpleContentType:
Asset -&gt; SimpleContentType{name=testName1689276707442, id=4f259d09dd1574eb70e552edf983153e, description=testDescription1689276707442, defaultType=false, fixed=false, iDate=Thu Jul 13 19:31:47 UTC 2023, system=false, versionable=true, multilingualable=false, variable=testVarname1689276707442, owner=system, modDate=Thu Jul 13 19:31:47 UTC 2023, host=92093e2abacbea42a7c06cee8e847cf5, siteName=test1689276706444.dotcms.com, icon=event_note, sortOrder=0, folder=a28226e7fafe8c1d66dd0a9641ca8c9b, folderPath=test1689276706444.dotcms.com:/testName1689276707431/testName1689276707438/, requiredFields=[], markedForDeletion=false} 
difference -&gt; defaultType&quot;:false,&quot;description&quot;:&quot;testDescription1689276707442&quot;,&quot;detailPage&quot;:null,&quot;expireDateVar&quot;:null,&quot;fixed&quot;:false,&quot;folder&quot;:&quot;a28226e7fafe8c1d66dd0a9641ca8c9b&quot;,&quot;folderPath&quot;:&quot;test1689276706444.dotcms.com:/testName1689276707431/testName1689276707438/&quot;,&quot;host&quot;:&quot;92093e2abacbea42a7c06cee8e847cf5&quot;,&quot;iDate&quot;:1689276707442,&quot;icon&quot;:&quot;event_note&quot;,&quot;id&quot;:&quot;4f259d09dd1574eb70e552edf983153e&quot;,&quot;modDate&quot;:1689276707000,&quot;multilingualable&quot;:false,&quot;name&quot;:&quot;testName1689276707442&quot;,&quot;workflowSchemaNames&quot;:[&quot;System Workflow&quot;]}
expected -&gt; {&quot;contentType&quot;:{&quot;clazz&quot;:&quot;com.dotcms.contenttype.model.type.ImmutableSimpleContentType&quot;,&quot;name&quot;:&quot;testName1689276707442&quot;,&quot;id&quot;:&quot;4f259d09dd1574eb70e552edf983153e&quot;,&quot;description&quot;:&quot;testDescription1689276707442&quot;,&quot;defaultType&quot;:false,&quot;detailPage&quot;:null,&quot;fixed&quot;:false,&quot;iDate&quot;:1689276707442,&quot;system&quot;:false,&quot;versionable&quot;:true,&quot;multilingualable&quot;:false,&quot;variable&quot;:&quot;testVarname1689276707442&quot;,&quot;urlMapPattern&quot;:null,&quot;publishDateVar&quot;:null,&quot;expireDateVar&quot;:null,&quot;systemActionMappings&quot;:[]}
real -&gt; {&quot;contentType&quot;:{&quot;clazz&quot;:&quot;com.dotcms.contenttype.model.type.ImmutableSimpleContentType&quot;,&quot;defaultType&quot;:false,&quot;description&quot;:&quot;testDescription1689276707442&quot;,&quot;detailPage&quot;:null,&quot;expireDateVar&quot;:null,&quot;fixed&quot;:false,&quot;folder&quot;:&quot;a28226e7fafe8c1d66dd0a9641ca8c9b&quot;,&quot;folderPath&quot;:&quot;test1689276706444.dotcms.com:/testName1689276707431/testName1689276707438/&quot;,&quot;host&quot;:&quot;92093e2abacbea42a7c06cee8e847cf5&quot;,&quot;iDate&quot;:1689276707442,&quot;icon&quot;:&quot;event_note&quot;,&quot;id&quot;:&quot;4f259d09dd1574eb70e552edf983153e&quot;,&quot;modDate&quot;:1689276707000,&quot;multilingualable&quot;:false,&quot;name&quot;:&quot;testName1689276707442&quot;,&quot;workflowSchemaNames&quot;:[&quot;System Workflow&quot;]}
 expected:&lt;...SimpleContentType&quot;,&quot;[name&quot;:&quot;testName1689276707442&quot;,&quot;id&quot;:&quot;4f259d09dd1574eb70e552edf983153e&quot;,&quot;description&quot;:&quot;testDescription1689276707442&quot;,&quot;defaultType&quot;:false,&quot;detailPage&quot;:null,&quot;fixed&quot;:false,&quot;iDate&quot;:1689276707442,&quot;system&quot;:false,&quot;versionable&quot;:true,&quot;multilingualable&quot;:false,&quot;variable&quot;:&quot;testVarname1689276707442&quot;,&quot;urlMapPattern&quot;:null,&quot;publishDateVar&quot;:null,&quot;expireDateVar&quot;:null,&quot;systemActionMappings&quot;:[]]}&gt; but was:&lt;...SimpleContentType&quot;,&quot;[defaultType&quot;:false,&quot;description&quot;:&quot;testDescription1689276707442&quot;,&quot;detailPage&quot;:null,&quot;expireDateVar&quot;:null,&quot;fixed&quot;:false,&quot;folder&quot;:&quot;a28226e7fafe8c1d66dd0a9641ca8c9b&quot;,&quot;folderPath&quot;:&quot;test1689276706444.dotcms.com:/testName1689276707431/testName1689276707438/&quot;,&quot;host&quot;:&quot;92093e2abacbea42a7c06cee8e847cf5&quot;,&quot;iDate&quot;:1689276707442,&quot;icon&quot;:&quot;event_note&quot;,&quot;id&quot;:&quot;4f259d09dd1574eb70e552edf983153e&quot;,&quot;modDate&quot;:1689276707000,&quot;multilingualable&quot;:false,&quot;name&quot;:&quot;testName1689276707442&quot;,&quot;workflowSchemaNames&quot;:[&quot;System Workflow&quot;]]}&gt;
	at org.junit.Assert.assertEquals(Assert.java:117)
	at com.dotcms.test.util.FileTestUtil.assertBundleFile(FileTestUtil.java:265)
	at com.dotcms.test.util.FileTestUtil.assertBundleFile(FileTestUtil.java:156)
	at com.dotcms.publishing.PublisherAPIImplTest.assertBundle(PublisherAPIImplTest.java:786)
	at com.dotcms.publishing.PublisherAPIImplTest.generateBundle(PublisherAPIImplTest.java:536)
	at java.base/jdk.internal.reflect.NativeMethodAccessorImpl.invoke0(Native Method)
	at java.base/jdk.internal.reflect.NativeMethodAccessorImpl.invoke(NativeMethodAccessorImpl.java:62)
	at java.base/jdk.internal.reflect.DelegatingMethodAccessorImpl.invoke(DelegatingMethodAccessorImpl.java:43)
	at java.base/java.lang.reflect.Method.invoke(Method.java:566)
	at org.junit.runners.model.FrameworkMethod$1.runReflectiveCall(FrameworkMethod.java:59)
	at org.junit.internal.runners.model.ReflectiveCallable.run(ReflectiveCallable.java:12)
	at org.junit.runners.model.FrameworkMethod.invokeExplosively(FrameworkMethod.java:56)
	at com.tngtech.java.junit.dataprovider.DataProviderFrameworkMethod.invokeExplosively(DataProviderFrameworkMethod.java:119)
	at org.junit.internal.runners.statements.InvokeMethod.evaluate(InvokeMethod.java:17)
	at org.junit.runners.ParentRunner$3.evaluate(ParentRunner.java:306)
	at org.junit.rules.TestWatcher$1.evaluate(TestWatcher.java:61)
	at org.junit.rules.RunRules.evaluate(RunRules.java:20)
	at org.junit.runners.ParentRunner.runLeaf(ParentRunner.java:366)
	at com.dotcms.junit.CustomDataProviderRunner.runChild(CustomDataProviderRunner.java:41)
	at com.dotcms.junit.CustomDataProviderRunner.runChild(CustomDataProviderRunner.java:26)
	at org.junit.runners.ParentRunner$4.run(ParentRunner.java:331)
	at org.junit.runners.ParentRunner$1.schedule(ParentRunner.java:79)
	at org.junit.runners.ParentRunner.runChildren(ParentRunner.java:329)
	at org.junit.runners.ParentRunner.access$100(ParentRunner.java:66)
	at org.junit.runners.ParentRunner$2.evaluate(ParentRunner.java:293)
	at org.junit.runners.ParentRunner$3.evaluate(ParentRunner.java:306)
	at org.junit.runners.ParentRunner.run(ParentRunner.java:413)
	at com.dotcms.junit.MainBaseSuite$DotRunner.run(MainBaseSuite.java:71)
	at org.junit.runners.Suite.runChild(Suite.java:128)
	at org.junit.runners.Suite.runChild(Suite.java:27)
	at org.junit.runners.ParentRunner$4.run(ParentRunner.java:331)
	at org.junit.runners.ParentRunner$1.schedule(ParentRunner.java:79)
	at org.junit.runners.ParentRunner.runChildren(ParentRunner.java:329)
	at org.junit.runners.ParentRunner.access$100(ParentRunner.java:66)
	at org.junit.runners.ParentRunner$2.evaluate(ParentRunner.java:293)
	at org.junit.runners.ParentRunner$3.evaluate(ParentRunner.java:306)
	at org.junit.runners.ParentRunner.run(ParentRunner.java:413)
	at org.gradle.api.internal.tasks.testing.junit.JUnitTestClassExecutor.runTestClass(JUnitTestClassExecutor.java:110)
	at org.gradle.api.internal.tasks.testing.junit.JUnitTestClassExecutor.execute(JUnitTestClassExecutor.java:58)
	at org.gradle.api.internal.tasks.testing.junit.JUnitTestClassExecutor.execute(JUnitTestClassExecutor.java:38)
	at org.gradle.api.internal.tasks.testing.junit.AbstractJUnitTestClassProcessor.processTestClass(AbstractJUnitTestClassProcessor.java:62)
	at org.gradle.api.internal.tasks.testing.SuiteTestClassProcessor.processTestClass(SuiteTestClassProcessor.java:51)
	at java.base/jdk.internal.reflect.NativeMethodAccessorImpl.invoke0(Native Method)
	at java.base/jdk.internal.reflect.NativeMethodAccessorImpl.invoke(NativeMethodAccessorImpl.java:62)
	at java.base/jdk.internal.reflect.DelegatingMethodAccessorImpl.invoke(DelegatingMethodAccessorImpl.java:43)
	at java.base/java.lang.reflect.Method.invoke(Method.java:566)
	at org.gradle.internal.dispatch.ReflectionDispatch.dispatch(ReflectionDispatch.java:36)
	at org.gradle.internal.dispatch.ReflectionDispatch.dispatch(ReflectionDispatch.java:24)
	at org.gradle.internal.dispatch.ContextClassLoaderDispatch.dispatch(ContextClassLoaderDispatch.java:33)
	at org.gradle.internal.dispatch.ProxyDispatchAdapter$DispatchingInvocationHandler.invoke(ProxyDispatchAdapter.java:94)
	at com.sun.proxy.$Proxy5.processTestClass(Unknown Source)
	at org.gradle.api.internal.tasks.testing.worker.TestWorker$2.run(TestWorker.java:176)
	at org.gradle.api.internal.tasks.testing.worker.TestWorker.executeAndMaintainThreadName(TestWorker.java:129)
	at org.gradle.api.internal.tasks.testing.worker.TestWorker.execute(TestWorker.java:100)
	at org.gradle.api.internal.tasks.testing.worker.TestWorker.execute(TestWorker.java:60)
	at org.gradle.process.internal.worker.child.ActionExecutionWorker.execute(ActionExecutionWorker.java:56)
	at org.gradle.process.internal.worker.child.SystemApplicationClassLoaderWorker.call(SystemApplicationClassLoaderWorker.java:133)
	at org.gradle.process.internal.worker.child.SystemApplicationClassLoaderWorker.call(SystemApplicationClassLoaderWorker.java:71)
	at worker.org.gradle.process.internal.worker.GradleWorkerMain.run(GradleWorkerMain.java:69)
	at worker.org.gradle.process.internal.worker.GradleWorkerMain.main(GradleWorkerMain.java:74)
</failure>
  </testcase>
  <testcase name="generateBundle[4: com.dotcms.publishing.PublisherAPIImplTest$TestAsset@1861685c]" classname="com.dotcms.publishing.PublisherAPIImplTest" time="0.202">
    <failure message="org.junit.ComparisonFailure: Fail for ImmutableSimpleContentType:&#10;Asset -&gt; SimpleContentType{name=testName1689276708532, id=879ecf6c53e696b23e1a9c0041586d28, description=testDescription1689276708532, defaultType=false, fixed=false, iDate=Thu Jul 13 19:31:48 UTC 2023, system=false, versionable=true, multilingualable=false, variable=testVarname1689276708532, owner=system, modDate=Thu Jul 13 19:31:49 UTC 2023, host=f84965f8f8ac3968be677f44ebfa25db, siteName=test1689276707689.dotcms.com, icon=event_note, sortOrder=0, folder=SYSTEM_FOLDER, folderPath=/, requiredFields=[], markedForDeletion=false} &#10;difference -&gt; defaultType&quot;:false,&quot;description&quot;:&quot;testDescription1689276708532&quot;,&quot;detailPage&quot;:null,&quot;expireDateVar&quot;:null,&quot;fixed&quot;:false,&quot;folder&quot;:&quot;SYSTEM_FOLDER&quot;,&quot;folderPath&quot;:&quot;/&quot;,&quot;host&quot;:&quot;f84965f8f8ac3968be677f44ebfa25db&quot;,&quot;iDate&quot;:1689276708532,&quot;icon&quot;:&quot;event_note&quot;,&quot;id&quot;:&quot;879ecf6c53e696b23e1a9c0041586d28&quot;,&quot;modDate&quot;:1689276709000,&quot;multilingualable&quot;:false,&quot;name&quot;:&quot;testName1689276708532&quot;,&quot;workflowSchemaNames&quot;:[&quot;System Workflow&quot;]}&#10;expected -&gt; {&quot;contentType&quot;:{&quot;clazz&quot;:&quot;com.dotcms.contenttype.model.type.ImmutableSimpleContentType&quot;,&quot;name&quot;:&quot;testName1689276708532&quot;,&quot;id&quot;:&quot;879ecf6c53e696b23e1a9c0041586d28&quot;,&quot;description&quot;:&quot;testDescription1689276708532&quot;,&quot;defaultType&quot;:false,&quot;detailPage&quot;:null,&quot;fixed&quot;:false,&quot;iDate&quot;:1689276708532,&quot;system&quot;:false,&quot;versionable&quot;:true,&quot;multilingualable&quot;:false,&quot;variable&quot;:&quot;testVarname1689276708532&quot;,&quot;urlMapPattern&quot;:null,&quot;publishDateVar&quot;:null,&quot;expireDateVar&quot;:null,&quot;systemActionMappings&quot;:[]}&#10;real -&gt; {&quot;contentType&quot;:{&quot;clazz&quot;:&quot;com.dotcms.contenttype.model.type.ImmutableSimpleContentType&quot;,&quot;defaultType&quot;:false,&quot;description&quot;:&quot;testDescription1689276708532&quot;,&quot;detailPage&quot;:null,&quot;expireDateVar&quot;:null,&quot;fixed&quot;:false,&quot;folder&quot;:&quot;SYSTEM_FOLDER&quot;,&quot;folderPath&quot;:&quot;/&quot;,&quot;host&quot;:&quot;f84965f8f8ac3968be677f44ebfa25db&quot;,&quot;iDate&quot;:1689276708532,&quot;icon&quot;:&quot;event_note&quot;,&quot;id&quot;:&quot;879ecf6c53e696b23e1a9c0041586d28&quot;,&quot;modDate&quot;:1689276709000,&quot;multilingualable&quot;:false,&quot;name&quot;:&quot;testName1689276708532&quot;,&quot;workflowSchemaNames&quot;:[&quot;System Workflow&quot;]}&#10; expected:&lt;...SimpleContentType&quot;,&quot;[name&quot;:&quot;testName1689276708532&quot;,&quot;id&quot;:&quot;879ecf6c53e696b23e1a9c0041586d28&quot;,&quot;description&quot;:&quot;testDescription1689276708532&quot;,&quot;defaultType&quot;:false,&quot;detailPage&quot;:null,&quot;fixed&quot;:false,&quot;iDate&quot;:1689276708532,&quot;system&quot;:false,&quot;versionable&quot;:true,&quot;multilingualable&quot;:false,&quot;variable&quot;:&quot;testVarname1689276708532&quot;,&quot;urlMapPattern&quot;:null,&quot;publishDateVar&quot;:null,&quot;expireDateVar&quot;:null,&quot;systemActionMappings&quot;:[]]}&gt; but was:&lt;...SimpleContentType&quot;,&quot;[defaultType&quot;:false,&quot;description&quot;:&quot;testDescription1689276708532&quot;,&quot;detailPage&quot;:null,&quot;expireDateVar&quot;:null,&quot;fixed&quot;:false,&quot;folder&quot;:&quot;SYSTEM_FOLDER&quot;,&quot;folderPath&quot;:&quot;/&quot;,&quot;host&quot;:&quot;f84965f8f8ac3968be677f44ebfa25db&quot;,&quot;iDate&quot;:1689276708532,&quot;icon&quot;:&quot;event_note&quot;,&quot;id&quot;:&quot;879ecf6c53e696b23e1a9c0041586d28&quot;,&quot;modDate&quot;:1689276709000,&quot;multilingualable&quot;:false,&quot;name&quot;:&quot;testName1689276708532&quot;,&quot;workflowSchemaNames&quot;:[&quot;System Workflow&quot;]]}&gt;" type="org.junit.ComparisonFailure">org.junit.ComparisonFailure: Fail for ImmutableSimpleContentType:
Asset -&gt; SimpleContentType{name=testName1689276708532, id=879ecf6c53e696b23e1a9c0041586d28, description=testDescription1689276708532, defaultType=false, fixed=false, iDate=Thu Jul 13 19:31:48 UTC 2023, system=false, versionable=true, multilingualable=false, variable=testVarname1689276708532, owner=system, modDate=Thu Jul 13 19:31:49 UTC 2023, host=f84965f8f8ac3968be677f44ebfa25db, siteName=test1689276707689.dotcms.com, icon=event_note, sortOrder=0, folder=SYSTEM_FOLDER, folderPath=/, requiredFields=[], markedForDeletion=false} 
difference -&gt; defaultType&quot;:false,&quot;description&quot;:&quot;testDescription1689276708532&quot;,&quot;detailPage&quot;:null,&quot;expireDateVar&quot;:null,&quot;fixed&quot;:false,&quot;folder&quot;:&quot;SYSTEM_FOLDER&quot;,&quot;folderPath&quot;:&quot;/&quot;,&quot;host&quot;:&quot;f84965f8f8ac3968be677f44ebfa25db&quot;,&quot;iDate&quot;:1689276708532,&quot;icon&quot;:&quot;event_note&quot;,&quot;id&quot;:&quot;879ecf6c53e696b23e1a9c0041586d28&quot;,&quot;modDate&quot;:1689276709000,&quot;multilingualable&quot;:false,&quot;name&quot;:&quot;testName1689276708532&quot;,&quot;workflowSchemaNames&quot;:[&quot;System Workflow&quot;]}
expected -&gt; {&quot;contentType&quot;:{&quot;clazz&quot;:&quot;com.dotcms.contenttype.model.type.ImmutableSimpleContentType&quot;,&quot;name&quot;:&quot;testName1689276708532&quot;,&quot;id&quot;:&quot;879ecf6c53e696b23e1a9c0041586d28&quot;,&quot;description&quot;:&quot;testDescription1689276708532&quot;,&quot;defaultType&quot;:false,&quot;detailPage&quot;:null,&quot;fixed&quot;:false,&quot;iDate&quot;:1689276708532,&quot;system&quot;:false,&quot;versionable&quot;:true,&quot;multilingualable&quot;:false,&quot;variable&quot;:&quot;testVarname1689276708532&quot;,&quot;urlMapPattern&quot;:null,&quot;publishDateVar&quot;:null,&quot;expireDateVar&quot;:null,&quot;systemActionMappings&quot;:[]}
real -&gt; {&quot;contentType&quot;:{&quot;clazz&quot;:&quot;com.dotcms.contenttype.model.type.ImmutableSimpleContentType&quot;,&quot;defaultType&quot;:false,&quot;description&quot;:&quot;testDescription1689276708532&quot;,&quot;detailPage&quot;:null,&quot;expireDateVar&quot;:null,&quot;fixed&quot;:false,&quot;folder&quot;:&quot;SYSTEM_FOLDER&quot;,&quot;folderPath&quot;:&quot;/&quot;,&quot;host&quot;:&quot;f84965f8f8ac3968be677f44ebfa25db&quot;,&quot;iDate&quot;:1689276708532,&quot;icon&quot;:&quot;event_note&quot;,&quot;id&quot;:&quot;879ecf6c53e696b23e1a9c0041586d28&quot;,&quot;modDate&quot;:1689276709000,&quot;multilingualable&quot;:false,&quot;name&quot;:&quot;testName1689276708532&quot;,&quot;workflowSchemaNames&quot;:[&quot;System Workflow&quot;]}
 expected:&lt;...SimpleContentType&quot;,&quot;[name&quot;:&quot;testName1689276708532&quot;,&quot;id&quot;:&quot;879ecf6c53e696b23e1a9c0041586d28&quot;,&quot;description&quot;:&quot;testDescription1689276708532&quot;,&quot;defaultType&quot;:false,&quot;detailPage&quot;:null,&quot;fixed&quot;:false,&quot;iDate&quot;:1689276708532,&quot;system&quot;:false,&quot;versionable&quot;:true,&quot;multilingualable&quot;:false,&quot;variable&quot;:&quot;testVarname1689276708532&quot;,&quot;urlMapPattern&quot;:null,&quot;publishDateVar&quot;:null,&quot;expireDateVar&quot;:null,&quot;systemActionMappings&quot;:[]]}&gt; but was:&lt;...SimpleContentType&quot;,&quot;[defaultType&quot;:false,&quot;description&quot;:&quot;testDescription1689276708532&quot;,&quot;detailPage&quot;:null,&quot;expireDateVar&quot;:null,&quot;fixed&quot;:false,&quot;folder&quot;:&quot;SYSTEM_FOLDER&quot;,&quot;folderPath&quot;:&quot;/&quot;,&quot;host&quot;:&quot;f84965f8f8ac3968be677f44ebfa25db&quot;,&quot;iDate&quot;:1689276708532,&quot;icon&quot;:&quot;event_note&quot;,&quot;id&quot;:&quot;879ecf6c53e696b23e1a9c0041586d28&quot;,&quot;modDate&quot;:1689276709000,&quot;multilingualable&quot;:false,&quot;name&quot;:&quot;testName1689276708532&quot;,&quot;workflowSchemaNames&quot;:[&quot;System Workflow&quot;]]}&gt;
	at org.junit.Assert.assertEquals(Assert.java:117)
	at com.dotcms.test.util.FileTestUtil.assertBundleFile(FileTestUtil.java:265)
	at com.dotcms.test.util.FileTestUtil.assertBundleFile(FileTestUtil.java:156)
	at com.dotcms.publishing.PublisherAPIImplTest.assertBundle(PublisherAPIImplTest.java:786)
	at com.dotcms.publishing.PublisherAPIImplTest.generateBundle(PublisherAPIImplTest.java:536)
	at java.base/jdk.internal.reflect.NativeMethodAccessorImpl.invoke0(Native Method)
	at java.base/jdk.internal.reflect.NativeMethodAccessorImpl.invoke(NativeMethodAccessorImpl.java:62)
	at java.base/jdk.internal.reflect.DelegatingMethodAccessorImpl.invoke(DelegatingMethodAccessorImpl.java:43)
	at java.base/java.lang.reflect.Method.invoke(Method.java:566)
	at org.junit.runners.model.FrameworkMethod$1.runReflectiveCall(FrameworkMethod.java:59)
	at org.junit.internal.runners.model.ReflectiveCallable.run(ReflectiveCallable.java:12)
	at org.junit.runners.model.FrameworkMethod.invokeExplosively(FrameworkMethod.java:56)
	at com.tngtech.java.junit.dataprovider.DataProviderFrameworkMethod.invokeExplosively(DataProviderFrameworkMethod.java:119)
	at org.junit.internal.runners.statements.InvokeMethod.evaluate(InvokeMethod.java:17)
	at org.junit.runners.ParentRunner$3.evaluate(ParentRunner.java:306)
	at org.junit.rules.TestWatcher$1.evaluate(TestWatcher.java:61)
	at org.junit.rules.RunRules.evaluate(RunRules.java:20)
	at org.junit.runners.ParentRunner.runLeaf(ParentRunner.java:366)
	at com.dotcms.junit.CustomDataProviderRunner.runChild(CustomDataProviderRunner.java:41)
	at com.dotcms.junit.CustomDataProviderRunner.runChild(CustomDataProviderRunner.java:26)
	at org.junit.runners.ParentRunner$4.run(ParentRunner.java:331)
	at org.junit.runners.ParentRunner$1.schedule(ParentRunner.java:79)
	at org.junit.runners.ParentRunner.runChildren(ParentRunner.java:329)
	at org.junit.runners.ParentRunner.access$100(ParentRunner.java:66)
	at org.junit.runners.ParentRunner$2.evaluate(ParentRunner.java:293)
	at org.junit.runners.ParentRunner$3.evaluate(ParentRunner.java:306)
	at org.junit.runners.ParentRunner.run(ParentRunner.java:413)
	at com.dotcms.junit.MainBaseSuite$DotRunner.run(MainBaseSuite.java:71)
	at org.junit.runners.Suite.runChild(Suite.java:128)
	at org.junit.runners.Suite.runChild(Suite.java:27)
	at org.junit.runners.ParentRunner$4.run(ParentRunner.java:331)
	at org.junit.runners.ParentRunner$1.schedule(ParentRunner.java:79)
	at org.junit.runners.ParentRunner.runChildren(ParentRunner.java:329)
	at org.junit.runners.ParentRunner.access$100(ParentRunner.java:66)
	at org.junit.runners.ParentRunner$2.evaluate(ParentRunner.java:293)
	at org.junit.runners.ParentRunner$3.evaluate(ParentRunner.java:306)
	at org.junit.runners.ParentRunner.run(ParentRunner.java:413)
	at org.gradle.api.internal.tasks.testing.junit.JUnitTestClassExecutor.runTestClass(JUnitTestClassExecutor.java:110)
	at org.gradle.api.internal.tasks.testing.junit.JUnitTestClassExecutor.execute(JUnitTestClassExecutor.java:58)
	at org.gradle.api.internal.tasks.testing.junit.JUnitTestClassExecutor.execute(JUnitTestClassExecutor.java:38)
	at org.gradle.api.internal.tasks.testing.junit.AbstractJUnitTestClassProcessor.processTestClass(AbstractJUnitTestClassProcessor.java:62)
	at org.gradle.api.internal.tasks.testing.SuiteTestClassProcessor.processTestClass(SuiteTestClassProcessor.java:51)
	at java.base/jdk.internal.reflect.NativeMethodAccessorImpl.invoke0(Native Method)
	at java.base/jdk.internal.reflect.NativeMethodAccessorImpl.invoke(NativeMethodAccessorImpl.java:62)
	at java.base/jdk.internal.reflect.DelegatingMethodAccessorImpl.invoke(DelegatingMethodAccessorImpl.java:43)
	at java.base/java.lang.reflect.Method.invoke(Method.java:566)
	at org.gradle.internal.dispatch.ReflectionDispatch.dispatch(ReflectionDispatch.java:36)
	at org.gradle.internal.dispatch.ReflectionDispatch.dispatch(ReflectionDispatch.java:24)
	at org.gradle.internal.dispatch.ContextClassLoaderDispatch.dispatch(ContextClassLoaderDispatch.java:33)
	at org.gradle.internal.dispatch.ProxyDispatchAdapter$DispatchingInvocationHandler.invoke(ProxyDispatchAdapter.java:94)
	at com.sun.proxy.$Proxy5.processTestClass(Unknown Source)
	at org.gradle.api.internal.tasks.testing.worker.TestWorker$2.run(TestWorker.java:176)
	at org.gradle.api.internal.tasks.testing.worker.TestWorker.executeAndMaintainThreadName(TestWorker.java:129)
	at org.gradle.api.internal.tasks.testing.worker.TestWorker.execute(TestWorker.java:100)
	at org.gradle.api.internal.tasks.testing.worker.TestWorker.execute(TestWorker.java:60)
	at org.gradle.process.internal.worker.child.ActionExecutionWorker.execute(ActionExecutionWorker.java:56)
	at org.gradle.process.internal.worker.child.SystemApplicationClassLoaderWorker.call(SystemApplicationClassLoaderWorker.java:133)
	at org.gradle.process.internal.worker.child.SystemApplicationClassLoaderWorker.call(SystemApplicationClassLoaderWorker.java:71)
	at worker.org.gradle.process.internal.worker.GradleWorkerMain.run(GradleWorkerMain.java:69)
	at worker.org.gradle.process.internal.worker.GradleWorkerMain.main(GradleWorkerMain.java:74)
</failure>
  </testcase>
  <testcase name="generateBundle[5: com.dotcms.publishing.PublisherAPIImplTest$TestAsset@6a557134]" classname="com.dotcms.publishing.PublisherAPIImplTest" time="0.173"/>
  <testcase name="generateBundle[6: com.dotcms.publishing.PublisherAPIImplTest$TestAsset@30ea7a72]" classname="com.dotcms.publishing.PublisherAPIImplTest" time="0.248"/>
  <testcase name="generateBundle[7: com.dotcms.publishing.PublisherAPIImplTest$TestAsset@4779ab9b]" classname="com.dotcms.publishing.PublisherAPIImplTest" time="0.103"/>
  <testcase name="generateBundle[8: com.dotcms.publishing.PublisherAPIImplTest$TestAsset@544908a0]" classname="com.dotcms.publishing.PublisherAPIImplTest" time="0.079"/>
  <testcase name="generateBundle[9: com.dotcms.publishing.PublisherAPIImplTest$TestAsset@15540fcc]" classname="com.dotcms.publishing.PublisherAPIImplTest" time="0.153">
    <failure message="org.junit.ComparisonFailure: Fail for ImmutableSimpleContentType:&#10;Asset -&gt; SimpleContentType{name=testName1689276711501, id=12c09bc3b7fc7aae0d82ede3e57c4bf6, description=testDescription1689276711501, defaultType=false, fixed=false, iDate=Thu Jul 13 19:31:51 UTC 2023, system=false, versionable=true, multilingualable=false, variable=testVarname1689276711501, owner=system, modDate=Thu Jul 13 19:31:52 UTC 2023, host=3b190495ece9db0e8c7e00c459507e95, siteName=test1689276710640.dotcms.com, icon=event_note, sortOrder=0, folder=SYSTEM_FOLDER, folderPath=/, requiredFields=[], markedForDeletion=false} &#10;difference -&gt; defaultType&quot;:false,&quot;description&quot;:&quot;testDescription1689276711501&quot;,&quot;detailPage&quot;:null,&quot;expireDateVar&quot;:null,&quot;fixed&quot;:false,&quot;folder&quot;:&quot;SYSTEM_FOLDER&quot;,&quot;folderPath&quot;:&quot;/&quot;,&quot;host&quot;:&quot;3b190495ece9db0e8c7e00c459507e95&quot;,&quot;iDate&quot;:1689276711501,&quot;icon&quot;:&quot;event_note&quot;,&quot;id&quot;:&quot;12c09bc3b7fc7aae0d82ede3e57c4bf6&quot;,&quot;modDate&quot;:1689276712000,&quot;multilingualable&quot;:false,&quot;name&quot;:&quot;testName1689276711501&quot;,&quot;workflowSchemaNames&quot;:[&quot;System Workflow&quot;]}&#10;expected -&gt; {&quot;contentType&quot;:{&quot;clazz&quot;:&quot;com.dotcms.contenttype.model.type.ImmutableSimpleContentType&quot;,&quot;name&quot;:&quot;testName1689276711501&quot;,&quot;id&quot;:&quot;12c09bc3b7fc7aae0d82ede3e57c4bf6&quot;,&quot;description&quot;:&quot;testDescription1689276711501&quot;,&quot;defaultType&quot;:false,&quot;detailPage&quot;:null,&quot;fixed&quot;:false,&quot;iDate&quot;:1689276711501,&quot;system&quot;:false,&quot;versionable&quot;:true,&quot;multilingualable&quot;:false,&quot;variable&quot;:&quot;testVarname1689276711501&quot;,&quot;urlMapPattern&quot;:null,&quot;publishDateVar&quot;:null,&quot;expireDateVar&quot;:null,&quot;systemActionMappings&quot;:[]}&#10;real -&gt; {&quot;contentType&quot;:{&quot;clazz&quot;:&quot;com.dotcms.contenttype.model.type.ImmutableSimpleContentType&quot;,&quot;defaultType&quot;:false,&quot;description&quot;:&quot;testDescription1689276711501&quot;,&quot;detailPage&quot;:null,&quot;expireDateVar&quot;:null,&quot;fixed&quot;:false,&quot;folder&quot;:&quot;SYSTEM_FOLDER&quot;,&quot;folderPath&quot;:&quot;/&quot;,&quot;host&quot;:&quot;3b190495ece9db0e8c7e00c459507e95&quot;,&quot;iDate&quot;:1689276711501,&quot;icon&quot;:&quot;event_note&quot;,&quot;id&quot;:&quot;12c09bc3b7fc7aae0d82ede3e57c4bf6&quot;,&quot;modDate&quot;:1689276712000,&quot;multilingualable&quot;:false,&quot;name&quot;:&quot;testName1689276711501&quot;,&quot;workflowSchemaNames&quot;:[&quot;System Workflow&quot;]}&#10; expected:&lt;...SimpleContentType&quot;,&quot;[name&quot;:&quot;testName1689276711501&quot;,&quot;id&quot;:&quot;12c09bc3b7fc7aae0d82ede3e57c4bf6&quot;,&quot;description&quot;:&quot;testDescription1689276711501&quot;,&quot;defaultType&quot;:false,&quot;detailPage&quot;:null,&quot;fixed&quot;:false,&quot;iDate&quot;:1689276711501,&quot;system&quot;:false,&quot;versionable&quot;:true,&quot;multilingualable&quot;:false,&quot;variable&quot;:&quot;testVarname1689276711501&quot;,&quot;urlMapPattern&quot;:null,&quot;publishDateVar&quot;:null,&quot;expireDateVar&quot;:null,&quot;systemActionMappings&quot;:[]]}&gt; but was:&lt;...SimpleContentType&quot;,&quot;[defaultType&quot;:false,&quot;description&quot;:&quot;testDescription1689276711501&quot;,&quot;detailPage&quot;:null,&quot;expireDateVar&quot;:null,&quot;fixed&quot;:false,&quot;folder&quot;:&quot;SYSTEM_FOLDER&quot;,&quot;folderPath&quot;:&quot;/&quot;,&quot;host&quot;:&quot;3b190495ece9db0e8c7e00c459507e95&quot;,&quot;iDate&quot;:1689276711501,&quot;icon&quot;:&quot;event_note&quot;,&quot;id&quot;:&quot;12c09bc3b7fc7aae0d82ede3e57c4bf6&quot;,&quot;modDate&quot;:1689276712000,&quot;multilingualable&quot;:false,&quot;name&quot;:&quot;testName1689276711501&quot;,&quot;workflowSchemaNames&quot;:[&quot;System Workflow&quot;]]}&gt;" type="org.junit.ComparisonFailure">org.junit.ComparisonFailure: Fail for ImmutableSimpleContentType:
Asset -&gt; SimpleContentType{name=testName1689276711501, id=12c09bc3b7fc7aae0d82ede3e57c4bf6, description=testDescription1689276711501, defaultType=false, fixed=false, iDate=Thu Jul 13 19:31:51 UTC 2023, system=false, versionable=true, multilingualable=false, variable=testVarname1689276711501, owner=system, modDate=Thu Jul 13 19:31:52 UTC 2023, host=3b190495ece9db0e8c7e00c459507e95, siteName=test1689276710640.dotcms.com, icon=event_note, sortOrder=0, folder=SYSTEM_FOLDER, folderPath=/, requiredFields=[], markedForDeletion=false} 
difference -&gt; defaultType&quot;:false,&quot;description&quot;:&quot;testDescription1689276711501&quot;,&quot;detailPage&quot;:null,&quot;expireDateVar&quot;:null,&quot;fixed&quot;:false,&quot;folder&quot;:&quot;SYSTEM_FOLDER&quot;,&quot;folderPath&quot;:&quot;/&quot;,&quot;host&quot;:&quot;3b190495ece9db0e8c7e00c459507e95&quot;,&quot;iDate&quot;:1689276711501,&quot;icon&quot;:&quot;event_note&quot;,&quot;id&quot;:&quot;12c09bc3b7fc7aae0d82ede3e57c4bf6&quot;,&quot;modDate&quot;:1689276712000,&quot;multilingualable&quot;:false,&quot;name&quot;:&quot;testName1689276711501&quot;,&quot;workflowSchemaNames&quot;:[&quot;System Workflow&quot;]}
expected -&gt; {&quot;contentType&quot;:{&quot;clazz&quot;:&quot;com.dotcms.contenttype.model.type.ImmutableSimpleContentType&quot;,&quot;name&quot;:&quot;testName1689276711501&quot;,&quot;id&quot;:&quot;12c09bc3b7fc7aae0d82ede3e57c4bf6&quot;,&quot;description&quot;:&quot;testDescription1689276711501&quot;,&quot;defaultType&quot;:false,&quot;detailPage&quot;:null,&quot;fixed&quot;:false,&quot;iDate&quot;:1689276711501,&quot;system&quot;:false,&quot;versionable&quot;:true,&quot;multilingualable&quot;:false,&quot;variable&quot;:&quot;testVarname1689276711501&quot;,&quot;urlMapPattern&quot;:null,&quot;publishDateVar&quot;:null,&quot;expireDateVar&quot;:null,&quot;systemActionMappings&quot;:[]}
real -&gt; {&quot;contentType&quot;:{&quot;clazz&quot;:&quot;com.dotcms.contenttype.model.type.ImmutableSimpleContentType&quot;,&quot;defaultType&quot;:false,&quot;description&quot;:&quot;testDescription1689276711501&quot;,&quot;detailPage&quot;:null,&quot;expireDateVar&quot;:null,&quot;fixed&quot;:false,&quot;folder&quot;:&quot;SYSTEM_FOLDER&quot;,&quot;folderPath&quot;:&quot;/&quot;,&quot;host&quot;:&quot;3b190495ece9db0e8c7e00c459507e95&quot;,&quot;iDate&quot;:1689276711501,&quot;icon&quot;:&quot;event_note&quot;,&quot;id&quot;:&quot;12c09bc3b7fc7aae0d82ede3e57c4bf6&quot;,&quot;modDate&quot;:1689276712000,&quot;multilingualable&quot;:false,&quot;name&quot;:&quot;testName1689276711501&quot;,&quot;workflowSchemaNames&quot;:[&quot;System Workflow&quot;]}
 expected:&lt;...SimpleContentType&quot;,&quot;[name&quot;:&quot;testName1689276711501&quot;,&quot;id&quot;:&quot;12c09bc3b7fc7aae0d82ede3e57c4bf6&quot;,&quot;description&quot;:&quot;testDescription1689276711501&quot;,&quot;defaultType&quot;:false,&quot;detailPage&quot;:null,&quot;fixed&quot;:false,&quot;iDate&quot;:1689276711501,&quot;system&quot;:false,&quot;versionable&quot;:true,&quot;multilingualable&quot;:false,&quot;variable&quot;:&quot;testVarname1689276711501&quot;,&quot;urlMapPattern&quot;:null,&quot;publishDateVar&quot;:null,&quot;expireDateVar&quot;:null,&quot;systemActionMappings&quot;:[]]}&gt; but was:&lt;...SimpleContentType&quot;,&quot;[defaultType&quot;:false,&quot;description&quot;:&quot;testDescription1689276711501&quot;,&quot;detailPage&quot;:null,&quot;expireDateVar&quot;:null,&quot;fixed&quot;:false,&quot;folder&quot;:&quot;SYSTEM_FOLDER&quot;,&quot;folderPath&quot;:&quot;/&quot;,&quot;host&quot;:&quot;3b190495ece9db0e8c7e00c459507e95&quot;,&quot;iDate&quot;:1689276711501,&quot;icon&quot;:&quot;event_note&quot;,&quot;id&quot;:&quot;12c09bc3b7fc7aae0d82ede3e57c4bf6&quot;,&quot;modDate&quot;:1689276712000,&quot;multilingualable&quot;:false,&quot;name&quot;:&quot;testName1689276711501&quot;,&quot;workflowSchemaNames&quot;:[&quot;System Workflow&quot;]]}&gt;
	at org.junit.Assert.assertEquals(Assert.java:117)
	at com.dotcms.test.util.FileTestUtil.assertBundleFile(FileTestUtil.java:265)
	at com.dotcms.test.util.FileTestUtil.assertBundleFile(FileTestUtil.java:156)
	at com.dotcms.publishing.PublisherAPIImplTest.assertBundle(PublisherAPIImplTest.java:786)
	at com.dotcms.publishing.PublisherAPIImplTest.generateBundle(PublisherAPIImplTest.java:536)
	at java.base/jdk.internal.reflect.NativeMethodAccessorImpl.invoke0(Native Method)
	at java.base/jdk.internal.reflect.NativeMethodAccessorImpl.invoke(NativeMethodAccessorImpl.java:62)
	at java.base/jdk.internal.reflect.DelegatingMethodAccessorImpl.invoke(DelegatingMethodAccessorImpl.java:43)
	at java.base/java.lang.reflect.Method.invoke(Method.java:566)
	at org.junit.runners.model.FrameworkMethod$1.runReflectiveCall(FrameworkMethod.java:59)
	at org.junit.internal.runners.model.ReflectiveCallable.run(ReflectiveCallable.java:12)
	at org.junit.runners.model.FrameworkMethod.invokeExplosively(FrameworkMethod.java:56)
	at com.tngtech.java.junit.dataprovider.DataProviderFrameworkMethod.invokeExplosively(DataProviderFrameworkMethod.java:119)
	at org.junit.internal.runners.statements.InvokeMethod.evaluate(InvokeMethod.java:17)
	at org.junit.runners.ParentRunner$3.evaluate(ParentRunner.java:306)
	at org.junit.rules.TestWatcher$1.evaluate(TestWatcher.java:61)
	at org.junit.rules.RunRules.evaluate(RunRules.java:20)
	at org.junit.runners.ParentRunner.runLeaf(ParentRunner.java:366)
	at com.dotcms.junit.CustomDataProviderRunner.runChild(CustomDataProviderRunner.java:41)
	at com.dotcms.junit.CustomDataProviderRunner.runChild(CustomDataProviderRunner.java:26)
	at org.junit.runners.ParentRunner$4.run(ParentRunner.java:331)
	at org.junit.runners.ParentRunner$1.schedule(ParentRunner.java:79)
	at org.junit.runners.ParentRunner.runChildren(ParentRunner.java:329)
	at org.junit.runners.ParentRunner.access$100(ParentRunner.java:66)
	at org.junit.runners.ParentRunner$2.evaluate(ParentRunner.java:293)
	at org.junit.runners.ParentRunner$3.evaluate(ParentRunner.java:306)
	at org.junit.runners.ParentRunner.run(ParentRunner.java:413)
	at com.dotcms.junit.MainBaseSuite$DotRunner.run(MainBaseSuite.java:71)
	at org.junit.runners.Suite.runChild(Suite.java:128)
	at org.junit.runners.Suite.runChild(Suite.java:27)
	at org.junit.runners.ParentRunner$4.run(ParentRunner.java:331)
	at org.junit.runners.ParentRunner$1.schedule(ParentRunner.java:79)
	at org.junit.runners.ParentRunner.runChildren(ParentRunner.java:329)
	at org.junit.runners.ParentRunner.access$100(ParentRunner.java:66)
	at org.junit.runners.ParentRunner$2.evaluate(ParentRunner.java:293)
	at org.junit.runners.ParentRunner$3.evaluate(ParentRunner.java:306)
	at org.junit.runners.ParentRunner.run(ParentRunner.java:413)
	at org.gradle.api.internal.tasks.testing.junit.JUnitTestClassExecutor.runTestClass(JUnitTestClassExecutor.java:110)
	at org.gradle.api.internal.tasks.testing.junit.JUnitTestClassExecutor.execute(JUnitTestClassExecutor.java:58)
	at org.gradle.api.internal.tasks.testing.junit.JUnitTestClassExecutor.execute(JUnitTestClassExecutor.java:38)
	at org.gradle.api.internal.tasks.testing.junit.AbstractJUnitTestClassProcessor.processTestClass(AbstractJUnitTestClassProcessor.java:62)
	at org.gradle.api.internal.tasks.testing.SuiteTestClassProcessor.processTestClass(SuiteTestClassProcessor.java:51)
	at java.base/jdk.internal.reflect.NativeMethodAccessorImpl.invoke0(Native Method)
	at java.base/jdk.internal.reflect.NativeMethodAccessorImpl.invoke(NativeMethodAccessorImpl.java:62)
	at java.base/jdk.internal.reflect.DelegatingMethodAccessorImpl.invoke(DelegatingMethodAccessorImpl.java:43)
	at java.base/java.lang.reflect.Method.invoke(Method.java:566)
	at org.gradle.internal.dispatch.ReflectionDispatch.dispatch(ReflectionDispatch.java:36)
	at org.gradle.internal.dispatch.ReflectionDispatch.dispatch(ReflectionDispatch.java:24)
	at org.gradle.internal.dispatch.ContextClassLoaderDispatch.dispatch(ContextClassLoaderDispatch.java:33)
	at org.gradle.internal.dispatch.ProxyDispatchAdapter$DispatchingInvocationHandler.invoke(ProxyDispatchAdapter.java:94)
	at com.sun.proxy.$Proxy5.processTestClass(Unknown Source)
	at org.gradle.api.internal.tasks.testing.worker.TestWorker$2.run(TestWorker.java:176)
	at org.gradle.api.internal.tasks.testing.worker.TestWorker.executeAndMaintainThreadName(TestWorker.java:129)
	at org.gradle.api.internal.tasks.testing.worker.TestWorker.execute(TestWorker.java:100)
	at org.gradle.api.internal.tasks.testing.worker.TestWorker.execute(TestWorker.java:60)
	at org.gradle.process.internal.worker.child.ActionExecutionWorker.execute(ActionExecutionWorker.java:56)
	at org.gradle.process.internal.worker.child.SystemApplicationClassLoaderWorker.call(SystemApplicationClassLoaderWorker.java:133)
	at org.gradle.process.internal.worker.child.SystemApplicationClassLoaderWorker.call(SystemApplicationClassLoaderWorker.java:71)
	at worker.org.gradle.process.internal.worker.GradleWorkerMain.run(GradleWorkerMain.java:69)
	at worker.org.gradle.process.internal.worker.GradleWorkerMain.main(GradleWorkerMain.java:74)
</failure>
  </testcase>
  <testcase name="generateBundle[10: com.dotcms.publishing.PublisherAPIImplTest$TestAsset@760ecefe]" classname="com.dotcms.publishing.PublisherAPIImplTest" time="0.022"/>
  <system-out><![CDATA[

































































]]></system-out>
  <system-err><![CDATA[]]></system-err>
</testsuite>
