<?xml version="1.0" encoding="UTF-8"?>
<testsuite name="com.dotcms.storage.StoragePersistenceAPITest" tests="18" skipped="0" failures="0" errors="0" timestamp="2023-07-17T18:07:40" hostname="fv-az244-731" time="1.516">
  <properties/>
  <testcase name="Test_Get_Provider_By_StorageType" classname="com.dotcms.storage.StoragePersistenceAPITest" time="0.003"/>
  <testcase name="Test_Replace_Entry[0: TestCase{storageType=FILE_SYSTEM, groupName='Pc6V73hoTv', path='any-path', file=testFile12854414806713203694.bin}]" classname="com.dotcms.storage.StoragePersistenceAPITest" time="0.005"/>
  <testcase name="Test_Replace_Entry[1: TestCase{storageType=DB, groupName='Pc6V73hoTv', path='any-path', file=testFile12854414806713203694.bin}]" classname="com.dotcms.storage.StoragePersistenceAPITest" time="0.067"/>
  <testcase name="Test_Pull_File_Different_Casing[0: TestCase{storageType=FILE_SYSTEM, groupName='Pc6V73hoTv', path='any-path', file=testFile12854414806713203694.bin}]" classname="com.dotcms.storage.StoragePersistenceAPITest" time="0.001"/>
  <testcase name="Test_Pull_File_Different_Casing[1: TestCase{storageType=DB, groupName='Pc6V73hoTv', path='any-path', file=testFile12854414806713203694.bin}]" classname="com.dotcms.storage.StoragePersistenceAPITest" time="0.007"/>
  <testcase name="Test_Get_Default_Provider" classname="com.dotcms.storage.StoragePersistenceAPITest" time="0.001"/>
  <testcase name="Test_Attempt_Push_Same_Binary_Twice[0: TestCase{storageType=FILE_SYSTEM, groupName='4Hpmopz1Qx', path='imageFilePath', file=test_image2.png}]" classname="com.dotcms.storage.StoragePersistenceAPITest" time="0.005"/>
  <testcase name="Test_Attempt_Push_Same_Binary_Twice[1: TestCase{storageType=DB, groupName='4Hpmopz1Qx', path='imageFilePath', file=test_image2.png}]" classname="com.dotcms.storage.StoragePersistenceAPITest" time="0.014"/>
  <testcase name="Test_Delete_Object_Version[0: TestCase{storageType=FILE_SYSTEM, groupName='KcQp7WYNZi', path='fixed-large-file-path', file=testFile4104406562099763012.bin}]" classname="com.dotcms.storage.StoragePersistenceAPITest" time="0.05"/>
  <testcase name="Test_Delete_Object_Version[1: TestCase{storageType=DB, groupName='KcQp7WYNZi', path='fixed-large-file-path', file=testFile4104406562099763012.bin}]" classname="com.dotcms.storage.StoragePersistenceAPITest" time="1.083"/>
  <testcase name="Test_Storage_Push_File_Then_Recover_Then_Remove_Group[0: TestCase{storageType=FILE_SYSTEM, groupName='fixed-group-name', path='textFilePath', file=test.txt}]" classname="com.dotcms.storage.StoragePersistenceAPITest" time="0.005"/>
  <testcase name="Test_Storage_Push_File_Then_Recover_Then_Remove_Group[1: TestCase{storageType=FILE_SYSTEM, groupName='fixed-group-name', path='imageFilePath', file=test_image1.jpg}]" classname="com.dotcms.storage.StoragePersistenceAPITest" time="0.001"/>
  <testcase name="Test_Storage_Push_File_Then_Recover_Then_Remove_Group[2: TestCase{storageType=DB, groupName='fixed-group-name', path='textFilePath', file=test.txt}]" classname="com.dotcms.storage.StoragePersistenceAPITest" time="0.01"/>
  <testcase name="Test_Storage_Push_File_Then_Recover_Then_Remove_Group[3: TestCase{storageType=DB, groupName='fixed-group-name', path='imageFilePath', file=test_image1.jpg}]" classname="com.dotcms.storage.StoragePersistenceAPITest" time="0.1"/>
  <testcase name="Test_Attempt_Create_Dupe_Group[0: TestCase{storageType=FILE_SYSTEM, groupName='Egr2gGqQNg', path='null', file=n/a}]" classname="com.dotcms.storage.StoragePersistenceAPITest" time="0.001"/>
  <testcase name="Test_Attempt_Create_Dupe_Group[1: TestCase{storageType=DB, groupName='Egr2gGqQNg', path='null', file=n/a}]" classname="com.dotcms.storage.StoragePersistenceAPITest" time="0.003"/>
  <testcase name="Test_Push_Large_File[0: TestCase{storageType=FILE_SYSTEM, groupName='KcQp7WYNZi', path='fixed-large-file-path', file=testFile4104406562099763012.bin}]" classname="com.dotcms.storage.StoragePersistenceAPITest" time="0.038"/>
  <testcase name="Test_Push_Large_File[1: TestCase{storageType=DB, groupName='KcQp7WYNZi', path='fixed-large-file-path', file=testFile4104406562099763012.bin}]" classname="com.dotcms.storage.StoragePersistenceAPITest" time="0.119"/>
  <system-out><![CDATA[]]></system-out>
  <system-err><![CDATA[]]></system-err>
</testsuite>
