<?xml version="1.0" encoding="UTF-8"?>
<testsuite name="com.dotmarketing.servlets.ajax.AjaxDirectorServletIntegrationTest" tests="2" skipped="0" failures="0" errors="0" timestamp="2023-07-17T16:38:55" hostname="fv-az338-287" time="2.632">
  <properties/>
  <testcase name="testService[0: com.dotmarketing.servlets.ajax.AjaxDirectorServletTestCase@69b2e398]" classname="com.dotmarketing.servlets.ajax.AjaxDirectorServletIntegrationTest" time="1.36"/>
  <testcase name="testService[1: com.dotmarketing.servlets.ajax.AjaxDirectorServletTestCase@6dad73db]" classname="com.dotmarketing.servlets.ajax.AjaxDirectorServletIntegrationTest" time="1.272"/>
  <system-out><![CDATA[]]></system-out>
  <system-err><![CDATA[]]></system-err>
</testsuite>
