<?xml version="1.0" encoding="UTF-8"?>
<testsuite name="com.dotmarketing.portlets.contentlet.model.ContentletIntegrationTest" tests="15" skipped="0" failures="0" errors="0" timestamp="2023-07-01T00:09:34" hostname="fv-az613-350" time="62.16">
  <properties/>
  <testcase name="testSetRelatedForOneSidedRelationship[0: com.dotmarketing.portlets.contentlet.model.ContentletIntegrationTest$SetRelatedTestCase@4aca94e6]" classname="com.dotmarketing.portlets.contentlet.model.ContentletIntegrationTest" time="4.555"/>
  <testcase name="testSetRelatedForOneSidedRelationship[1: com.dotmarketing.portlets.contentlet.model.ContentletIntegrationTest$SetRelatedTestCase@32957bf0]" classname="com.dotmarketing.portlets.contentlet.model.ContentletIntegrationTest" time="4.188"/>
  <testcase name="testSetRelatedForOneSidedRelationship[2: com.dotmarketing.portlets.contentlet.model.ContentletIntegrationTest$SetRelatedTestCase@572f6524]" classname="com.dotmarketing.portlets.contentlet.model.ContentletIntegrationTest" time="3.959"/>
  <testcase name="testSetRelatedForOneSidedRelationship[3: com.dotmarketing.portlets.contentlet.model.ContentletIntegrationTest$SetRelatedTestCase@3306992a]" classname="com.dotmarketing.portlets.contentlet.model.ContentletIntegrationTest" time="4.054"/>
  <testcase name="testSetRelatedForOneSidedRelationship[4: com.dotmarketing.portlets.contentlet.model.ContentletIntegrationTest$SetRelatedTestCase@2d754608]" classname="com.dotmarketing.portlets.contentlet.model.ContentletIntegrationTest" time="1.456"/>
  <testcase name="testGetRelatedForOneSidedRelationshipWhenLimitedUserShouldReturnEmptyList" classname="com.dotmarketing.portlets.contentlet.model.ContentletIntegrationTest" time="1.739"/>
  <testcase name="testSetRelatedForSelfRelationship[0: com.dotmarketing.portlets.contentlet.model.ContentletIntegrationTest$SetRelatedTestCase@4aca94e6]" classname="com.dotmarketing.portlets.contentlet.model.ContentletIntegrationTest" time="9.575"/>
  <testcase name="testSetRelatedForSelfRelationship[1: com.dotmarketing.portlets.contentlet.model.ContentletIntegrationTest$SetRelatedTestCase@32957bf0]" classname="com.dotmarketing.portlets.contentlet.model.ContentletIntegrationTest" time="8.995"/>
  <testcase name="testSetRelatedForSelfRelationship[2: com.dotmarketing.portlets.contentlet.model.ContentletIntegrationTest$SetRelatedTestCase@572f6524]" classname="com.dotmarketing.portlets.contentlet.model.ContentletIntegrationTest" time="9.397"/>
  <testcase name="testSetRelatedForSelfRelationship[3: com.dotmarketing.portlets.contentlet.model.ContentletIntegrationTest$SetRelatedTestCase@3306992a]" classname="com.dotmarketing.portlets.contentlet.model.ContentletIntegrationTest" time="8.117"/>
  <testcase name="testSetRelatedForSelfRelationship[4: com.dotmarketing.portlets.contentlet.model.ContentletIntegrationTest$SetRelatedTestCase@2d754608]" classname="com.dotmarketing.portlets.contentlet.model.ContentletIntegrationTest" time="1.658"/>
  <testcase name="testGetRelatedForOneSidedRelationship" classname="com.dotmarketing.portlets.contentlet.model.ContentletIntegrationTest" time="1.712"/>
  <testcase name="testGetRelatedWhenNoRelatedContentShouldReturnEmptyList" classname="com.dotmarketing.portlets.contentlet.model.ContentletIntegrationTest" time="1.463"/>
  <testcase name="testGetContentTypeAlwaysReturnsTheLatestCachedVersion" classname="com.dotmarketing.portlets.contentlet.model.ContentletIntegrationTest" time="0.145"/>
  <testcase name="testGetRelatedWhenInvalidVarFieldShouldThrowAnException" classname="com.dotmarketing.portlets.contentlet.model.ContentletIntegrationTest" time="1.147"/>
  <system-out><![CDATA[]]></system-out>
  <system-err><![CDATA[]]></system-err>
</testsuite>
