<?xml version="1.0" encoding="UTF-8"?>
<testsuite name="com.dotcms.rest.elasticsearch.ESContentResourcePortletTest" tests="8" skipped="0" failures="0" errors="0" timestamp="2023-07-05T23:39:33" hostname="fv-az1231-758" time="8.962">
  <properties/>
  <testcase name="test_search_includeGrandChildCategory_success" classname="com.dotcms.rest.elasticsearch.ESContentResourcePortletTest" time="1.403"/>
  <testcase name="testSearch[0: com.dotcms.rest.elasticsearch.ESContentResourcePortletTest$TestCase@4622a541]" classname="com.dotcms.rest.elasticsearch.ESContentResourcePortletTest" time="0.918"/>
  <testcase name="testSearch[1: com.dotcms.rest.elasticsearch.ESContentResourcePortletTest$TestCase@1f291e49]" classname="com.dotcms.rest.elasticsearch.ESContentResourcePortletTest" time="1.305"/>
  <testcase name="testSearch[2: com.dotcms.rest.elasticsearch.ESContentResourcePortletTest$TestCase@55c682c8]" classname="com.dotcms.rest.elasticsearch.ESContentResourcePortletTest" time="0.919"/>
  <testcase name="testSearch[3: com.dotcms.rest.elasticsearch.ESContentResourcePortletTest$TestCase@36850b44]" classname="com.dotcms.rest.elasticsearch.ESContentResourcePortletTest" time="1.282"/>
  <testcase name="testSearch[4: com.dotcms.rest.elasticsearch.ESContentResourcePortletTest$TestCase@65deb878]" classname="com.dotcms.rest.elasticsearch.ESContentResourcePortletTest" time="1.258"/>
  <testcase name="testSearch[5: com.dotcms.rest.elasticsearch.ESContentResourcePortletTest$TestCase@325229dc]" classname="com.dotcms.rest.elasticsearch.ESContentResourcePortletTest" time="0.986"/>
  <testcase name="testSearch[6: com.dotcms.rest.elasticsearch.ESContentResourcePortletTest$TestCase@53e32d9c]" classname="com.dotcms.rest.elasticsearch.ESContentResourcePortletTest" time="0.89"/>
  <system-out><![CDATA[]]></system-out>
  <system-err><![CDATA[]]></system-err>
</testsuite>
