<?xml version="1.0" encoding="UTF-8"?>
<testsuite name="com.dotmarketing.business.DeterministicIdentifierAPITest" tests="16" skipped="0" failures="0" errors="0" timestamp="2023-06-26T17:45:23" hostname="fv-az341-169" time="1.082">
  <properties/>
  <testcase name="Test_Category_Path_Seed_And_Id" classname="com.dotmarketing.business.DeterministicIdentifierAPITest" time="0.042"/>
  <testcase name="Test_Language_Deterministic_Id[0: LanguageTestCase{expectedSeed='Language:es:US', expectedHash=4913155, langCode='es', countryCode='US', country='United States'}]" classname="com.dotmarketing.business.DeterministicIdentifierAPITest" time="0.002"/>
  <testcase name="Test_Language_Deterministic_Id[1: LanguageTestCase{expectedSeed='Language:ep:', expectedHash=5292269, langCode='ep', countryCode='', country=''}]" classname="com.dotmarketing.business.DeterministicIdentifierAPITest" time="0.002"/>
  <testcase name="Test_Language_Deterministic_Id[2: LanguageTestCase{expectedSeed='Language:sg:SAG', expectedHash=4713118, langCode='sg', countryCode='SAG', country=''}]" classname="com.dotmarketing.business.DeterministicIdentifierAPITest" time="0.001"/>
  <testcase name="Test_Language_Deterministic_Id[3: LanguageTestCase{expectedSeed='Language:en:NZ', expectedHash=5382528, langCode='en', countryCode='NZ', country='New Zealand'}]" classname="com.dotmarketing.business.DeterministicIdentifierAPITest" time="0.001"/>
  <testcase name="Test_Category_None_Persisted_Category_Should_Return_Deterministic_Id" classname="com.dotmarketing.business.DeterministicIdentifierAPITest" time="0.001"/>
  <testcase name="Test_Asset_Generate_Deterministic_Id_Best_Effort[0: TestCase{versionable=my.host1687795277435.com, parent=System Host, expectedName='my.host1687795277435.com', expectedType='Host'}]" classname="com.dotmarketing.business.DeterministicIdentifierAPITest" time="0.003"/>
  <testcase name="Test_Asset_Generate_Deterministic_Id_Best_Effort[1: TestCase{versionable=com.dotmarketing.portlets.contentlet.model.Contentlet@514a878c[map={modDate=2023-06-26 16:01:18.372, fileName=file8908384001095493106.txt, title=file8908384001095493106.txt, inode=53fa330d-5116-4e8a-8dfd-4b80aa24063b, __IS_NEW_CONTENT__=true, disabledWYSIWYG=[], host=a238a154-c037-46c5-adf3-c59838c859e4, stInode=33888b6f-7a8e-4069-b1b6-5c1aa9d0a48d, owner=system, identifier=a1bcfed7-2522-4306-9fb2-bc43ab06edb6, nullProperties=[wfExpireDate, wfPublishDate, wfActionAssign, wfActionId, wfActionComments, filterKey, whereToSend, wfNeverExpire, _path_to_move, timezoneId, iWantTo, wfPublishTime, wfExpireTime], languageId=1, fileAsset=/home/runner/work/core/custom/assets/5/3/53fa330d-5116-4e8a-8dfd-4b80aa24063b/fileAsset/file8908384001095493106.txt, folder=f4d45351-0235-4066-bf32-22bb9bedabe4, __disable_workflow__=true, sortOrder=0, modUser=system},lowIndexPriority=false,variantId=DEFAULT], parent=com.dotmarketing.portlets.folders.model.Folder@62be339b[identifier=f4d45351-0235-4066-bf32-22bb9bedabe4,name=testName1687795278363,sortOrder=0,showOnMenu=false,hostId=a238a154-c037-46c5-adf3-c59838c859e4,type=folder,title=testTitle1687795278363,filesMasks=,defaultFileType=33888b6f-7a8e-4069-b1b6-5c1aa9d0a48d,modDate=2023-06-26 16:01:18.367,owner=&lt;null&gt;,iDate=2023-06-26 16:01:18.367,inode=f4d45351-0235-4066-bf32-22bb9bedabe4,path=/testName1687795278363/], expectedName='file8908384001095493106.txt', expectedType='FileAsset'}]" classname="com.dotmarketing.business.DeterministicIdentifierAPITest" time="0.003"/>
  <testcase name="Test_Asset_Generate_Deterministic_Id_Best_Effort[2: TestCase{versionable=com.dotmarketing.portlets.templates.model.Template@c4b321b, parent=my.host1687795277435.com, expectedName='testTitle1687795278478', expectedType='Template'}]" classname="com.dotmarketing.business.DeterministicIdentifierAPITest" time="0.002"/>
  <testcase name="Test_Asset_Generate_Deterministic_Id_Best_Effort[3: TestCase{versionable=com.dotmarketing.portlets.htmlpageasset.model.HTMLPageAsset@15be9293[map={template=65157d82-3bc5-4ed7-8152-da465a95009a, owner=system, identifier=27a5d31e-f131-4581-8895-89f86cd39153, nullProperties=[wfExpireDate, wfPublishDate, wfActionAssign, wfActionId, wfActionComments, filterKey, whereToSend, wfNeverExpire, _path_to_move, timezoneId, iWantTo, wfPublishTime, wfExpireTime], modDate=2023-06-26 16:01:18.515, cachettl=0, _is_test_mode=true, languageId=1, title=test-page-title-1687795278495, httpsreq=, url=test-page-url-1687795278495, showOnMenu=, inode=f530171e-e736-4333-931a-1cf94bfc6f02, folder=f4d45351-0235-4066-bf32-22bb9bedabe4, disabledWYSIWYG=[], sortOrder=1, modUser=system, host=a238a154-c037-46c5-adf3-c59838c859e4, stInode=c541abb1-69b3-4bc5-8430-5e09e5239cc8, friendlyName=test-page-friendly-name-1687795278495},lowIndexPriority=false,variantId=DEFAULT], parent=com.dotmarketing.portlets.folders.model.Folder@62be339b[identifier=f4d45351-0235-4066-bf32-22bb9bedabe4,name=testName1687795278363,sortOrder=0,showOnMenu=false,hostId=a238a154-c037-46c5-adf3-c59838c859e4,type=folder,title=testTitle1687795278363,filesMasks=,defaultFileType=33888b6f-7a8e-4069-b1b6-5c1aa9d0a48d,modDate=2023-06-26 16:01:18.367,owner=&lt;null&gt;,iDate=2023-06-26 16:01:18.367,inode=f4d45351-0235-4066-bf32-22bb9bedabe4,path=/testName1687795278363/], expectedName='test-page-url-1687795278495', expectedType='htmlpageasset'}]" classname="com.dotmarketing.business.DeterministicIdentifierAPITest" time="0.003"/>
  <testcase name="Test_Asset_Generate_Deterministic_Id_Best_Effort[4: TestCase{versionable=com.dotmarketing.portlets.contentlet.model.Contentlet@77828452[map={fileAsset2=/home/runner/work/core/custom/assets/f/1/f1e9b870-6386-4216-b52c-5d2fb7e0839e/fileAsset2/test_binary1687795279334.png, modDate=2023-06-26 16:01:19.34, fileAsset1=/home/runner/work/core/custom/assets/f/1/f1e9b870-6386-4216-b52c-5d2fb7e0839e/fileAsset1/test_binary1687795279333.jpg, title=blah, inode=f1e9b870-6386-4216-b52c-5d2fb7e0839e, __IS_NEW_CONTENT__=true, disabledWYSIWYG=[], host=8a7d5e23-da1e-420a-b4f0-471e7da8ea2d, stInode=7a7d9f42-8b12-4aed-8368-2e6ed8353af2, owner=system, identifier=a83d75b5-76ae-4185-8145-de97a79d3200, nullProperties=[], languageId=1, image1=94cf9537-bd51-48ad-a06d-e7335d586b17, folder=SYSTEM_FOLDER, __disable_workflow__=true, sortOrder=0, modUser=system},lowIndexPriority=false,variantId=DEFAULT], parent=default, expectedName='test_binary1687795279333.jpg:test_binary1687795279334.png', expectedType='MultipleBinaries1687795278706'}]" classname="com.dotmarketing.business.DeterministicIdentifierAPITest" time="0.007"/>
  <testcase name="Test_Asset_Generate_Deterministic_Id_Best_Effort[5: TestCase{versionable=name055cbced2d : keyTag055cbced2d, parent=my.host1687795277435.com, expectedName='keyTag055cbced2d', expectedType='persona'}]" classname="com.dotmarketing.business.DeterministicIdentifierAPITest" time="0.006"/>
  <testcase name="Test_Similar_Content_Type_Wont_Clash" classname="com.dotmarketing.business.DeterministicIdentifierAPITest" time="0.663"/>
  <testcase name="Test_Generate_Folder_Identifier" classname="com.dotmarketing.business.DeterministicIdentifierAPITest" time="0.324"/>
  <testcase name="Test_Generate_Content_Type_Identifier[0: ContentTypeTestCase{contentType=KeyValueContentType{name=Language Variable, id=f4d7c1b8-2c88-4071-abf1-a5328977b07d, description=Default Content Type for Language Variables, defaultType=false, fixed=true, iDate=Thu Aug 31 16:38:49 UTC 2017, system=true, versionable=true, variable=Languagevariable, modDate=Mon Jun 26 15:57:50 UTC 2023, host=SYSTEM_HOST, siteName=systemHost, icon=language, sortOrder=0, folder=SYSTEM_FOLDER, folderPath=/, markedForDeletion=false, multilingualable=false}, expectedName='Languagevariable', expectedType='KeyValue'}]" classname="com.dotmarketing.business.DeterministicIdentifierAPITest" time="0.009"/>
  <testcase name="Test_Generate_Content_Type_Identifier[1: ContentTypeTestCase{contentType=SimpleContentType{name=testName1687795279744, id=0c02c1e1-58cc-4185-805f-ff7645164aad, description=testDescription1687795279744, defaultType=false, fixed=false, iDate=Mon Jun 26 16:01:19 UTC 2023, system=false, versionable=true, multilingualable=false, variable=testVarname1687795279744, owner=system, modDate=Mon Jun 26 16:01:20 UTC 2023, host=8a7d5e23-da1e-420a-b4f0-471e7da8ea2d, siteName=default, icon=event_note, sortOrder=0, folder=SYSTEM_FOLDER, folderPath=/, requiredFields=[], markedForDeletion=false}, expectedName='testVarname1687795279744', expectedType='CONTENT'}]" classname="com.dotmarketing.business.DeterministicIdentifierAPITest" time="0.007"/>
  <system-out><![CDATA[]]></system-out>
  <system-err><![CDATA[]]></system-err>
</testsuite>
