<?xml version="1.0" encoding="UTF-8"?>
<testsuite name="com.dotmarketing.portlets.rules.business.RulesCacheFTest" tests="9" skipped="0" failures="0" errors="0" timestamp="2023-07-19T21:44:22" hostname="fv-az561-507" time="0.401">
  <properties/>
  <testcase name="testgetRulesByParentFireOnReturnsNullWhenConditionOfCachedRuleOnSameHostIsDeleted" classname="com.dotmarketing.portlets.rules.business.RulesCacheFTest" time="0.062"/>
  <testcase name="testgetRulesByParentFireOnReturnsNullWhenConditionValueOfCachedRuleOnSameHostIsDeleted" classname="com.dotmarketing.portlets.rules.business.RulesCacheFTest" time="0.051"/>
  <testcase name="testgetRulesByParentFireOnReturnsNullWhenConditionGroupOfCachedRuleOnSameHostIsUpdated" classname="com.dotmarketing.portlets.rules.business.RulesCacheFTest" time="0.042"/>
  <testcase name="testgetRulesByParentFireOnReturnsNullWhenConditionsOfCachedRuleOnSameHostAreDeletedByGroup" classname="com.dotmarketing.portlets.rules.business.RulesCacheFTest" time="0.041"/>
  <testcase name="testgetRulesByParentFireOnReturnsNullWhenConditionOfCachedRuleOnSameHostIsUpdated" classname="com.dotmarketing.portlets.rules.business.RulesCacheFTest" time="0.041"/>
  <testcase name="testgetRulesByParentFireOnReturnsNullWhenConditionValuesOfCachedRuleOnSameHostIsDeleted" classname="com.dotmarketing.portlets.rules.business.RulesCacheFTest" time="0.039"/>
  <testcase name="testgetRulesByParentFireOnReturnsNullWhenCachedRuleOnSameHostIsUpdated" classname="com.dotmarketing.portlets.rules.business.RulesCacheFTest" time="0.058"/>
  <testcase name="testgetRulesByParentFireOnReturnsNullWhenConditionValueOfCachedRuleOnSameHostIsUpdated" classname="com.dotmarketing.portlets.rules.business.RulesCacheFTest" time="0.04"/>
  <testcase name="testgetRulesByParentFireOnReturnsNullWhenConditionGroupOfCachedRuleOnSameHostIsDeleted" classname="com.dotmarketing.portlets.rules.business.RulesCacheFTest" time="0.025"/>
  <system-out><![CDATA[]]></system-out>
  <system-err><![CDATA[]]></system-err>
</testsuite>
