<?xml version="1.0" encoding="UTF-8"?>
<testsuite name="com.dotcms.rest.api.v1.apps.view.AppsInterpolationTest" tests="1" skipped="0" failures="0" errors="0" timestamp="2023-07-21T19:25:06" hostname="fv-az449-560" time="0.032">
  <properties/>
  <testcase name="Test_Interpolation" classname="com.dotcms.rest.api.v1.apps.view.AppsInterpolationTest" time="0.032"/>
  <system-out><![CDATA[]]></system-out>
  <system-err><![CDATA[]]></system-err>
</testsuite>
