<?xml version="1.0" encoding="UTF-8"?>
<testsuite name="com.dotmarketing.business.DeterministicIdentifierAPITest" tests="16" skipped="0" failures="0" errors="0" timestamp="2023-07-07T19:51:34" hostname="fv-az507-246" time="0.852">
  <properties/>
  <testcase name="Test_Category_Path_Seed_And_Id" classname="com.dotmarketing.business.DeterministicIdentifierAPITest" time="0.026"/>
  <testcase name="Test_Language_Deterministic_Id[0: LanguageTestCase{expectedSeed='Language:es:US', expectedHash=4913155, langCode='es', countryCode='US', country='United States'}]" classname="com.dotmarketing.business.DeterministicIdentifierAPITest" time="0.001"/>
  <testcase name="Test_Language_Deterministic_Id[1: LanguageTestCase{expectedSeed='Language:ep:', expectedHash=5292269, langCode='ep', countryCode='', country=''}]" classname="com.dotmarketing.business.DeterministicIdentifierAPITest" time="0.0"/>
  <testcase name="Test_Language_Deterministic_Id[2: LanguageTestCase{expectedSeed='Language:sg:SAG', expectedHash=4713118, langCode='sg', countryCode='SAG', country=''}]" classname="com.dotmarketing.business.DeterministicIdentifierAPITest" time="0.001"/>
  <testcase name="Test_Language_Deterministic_Id[3: LanguageTestCase{expectedSeed='Language:en:NZ', expectedHash=5382528, langCode='en', countryCode='NZ', country='New Zealand'}]" classname="com.dotmarketing.business.DeterministicIdentifierAPITest" time="0.001"/>
  <testcase name="Test_Category_None_Persisted_Category_Should_Return_Deterministic_Id" classname="com.dotmarketing.business.DeterministicIdentifierAPITest" time="0.001"/>
  <testcase name="Test_Asset_Generate_Deterministic_Id_Best_Effort[0: TestCase{versionable=my.host1688759114522.com, parent=System Host, expectedName='my.host1688759114522.com', expectedType='Host'}]" classname="com.dotmarketing.business.DeterministicIdentifierAPITest" time="0.004"/>
  <testcase name="Test_Asset_Generate_Deterministic_Id_Best_Effort[1: TestCase{versionable=com.dotmarketing.portlets.contentlet.model.Contentlet@621c7e55[map={modDate=2023-07-07 19:45:15.299, fileName=file2452953473504005809.txt, title=file2452953473504005809.txt, inode=de01b08e-70f8-4cfc-96fe-1cc50d289c9c, __IS_NEW_CONTENT__=true, disabledWYSIWYG=[], host=93e3da45-7c25-406e-9d17-da641a5fe124, stInode=33888b6f-7a8e-4069-b1b6-5c1aa9d0a48d, owner=system, identifier=040f7792-1d30-4387-bdb3-41d16e5db984, nullProperties=[wfExpireDate, wfPublishDate, wfActionAssign, wfActionId, wfActionComments, filterKey, whereToSend, wfNeverExpire, _path_to_move, timezoneId, iWantTo, wfPublishTime, wfExpireTime], languageId=1, fileAsset=/home/runner/work/core/custom/assets/d/e/de01b08e-70f8-4cfc-96fe-1cc50d289c9c/fileAsset/file2452953473504005809.txt, folder=66b78a1d-760f-49f9-bfab-84c712c17881, __disable_workflow__=true, sortOrder=0, modUser=system},lowIndexPriority=false,variantId=DEFAULT], parent=com.dotmarketing.portlets.folders.model.Folder@67f8a997[identifier=66b78a1d-760f-49f9-bfab-84c712c17881,name=testName1688759115292,sortOrder=0,showOnMenu=false,hostId=93e3da45-7c25-406e-9d17-da641a5fe124,type=folder,title=testTitle1688759115292,filesMasks=,defaultFileType=33888b6f-7a8e-4069-b1b6-5c1aa9d0a48d,modDate=2023-07-07 19:45:15.295,owner=&lt;null&gt;,iDate=2023-07-07 19:45:15.295,inode=66b78a1d-760f-49f9-bfab-84c712c17881,path=/testName1688759115292/], expectedName='file2452953473504005809.txt', expectedType='FileAsset'}]" classname="com.dotmarketing.business.DeterministicIdentifierAPITest" time="0.003"/>
  <testcase name="Test_Asset_Generate_Deterministic_Id_Best_Effort[2: TestCase{versionable=com.dotmarketing.portlets.templates.model.Template@39574ebd, parent=my.host1688759114522.com, expectedName='testTitle1688759115387', expectedType='Template'}]" classname="com.dotmarketing.business.DeterministicIdentifierAPITest" time="0.002"/>
  <testcase name="Test_Asset_Generate_Deterministic_Id_Best_Effort[3: TestCase{versionable=com.dotmarketing.portlets.htmlpageasset.model.HTMLPageAsset@350a0a9d[map={template=eae63a4a-e3d8-4fe8-9af6-f21350be7c75, owner=system, identifier=f4895367-d0e7-48dd-af6e-9238ad1b0929, nullProperties=[wfExpireDate, wfPublishDate, wfActionAssign, wfActionId, wfActionComments, filterKey, whereToSend, wfNeverExpire, _path_to_move, timezoneId, iWantTo, wfPublishTime, wfExpireTime], modDate=2023-07-07 19:45:15.401, cachettl=0, _is_test_mode=true, languageId=1, title=test-page-title-1688759115397, httpsreq=, url=test-page-url-1688759115397, showOnMenu=, inode=1b1d9f5a-6d33-4033-bf27-1de0cc4fe31e, folder=66b78a1d-760f-49f9-bfab-84c712c17881, disabledWYSIWYG=[], sortOrder=1, modUser=system, host=93e3da45-7c25-406e-9d17-da641a5fe124, stInode=c541abb1-69b3-4bc5-8430-5e09e5239cc8, friendlyName=test-page-friendly-name-1688759115397},lowIndexPriority=false,variantId=DEFAULT], parent=com.dotmarketing.portlets.folders.model.Folder@67f8a997[identifier=66b78a1d-760f-49f9-bfab-84c712c17881,name=testName1688759115292,sortOrder=0,showOnMenu=false,hostId=93e3da45-7c25-406e-9d17-da641a5fe124,type=folder,title=testTitle1688759115292,filesMasks=,defaultFileType=33888b6f-7a8e-4069-b1b6-5c1aa9d0a48d,modDate=2023-07-07 19:45:15.295,owner=&lt;null&gt;,iDate=2023-07-07 19:45:15.295,inode=66b78a1d-760f-49f9-bfab-84c712c17881,path=/testName1688759115292/], expectedName='test-page-url-1688759115397', expectedType='htmlpageasset'}]" classname="com.dotmarketing.business.DeterministicIdentifierAPITest" time="0.003"/>
  <testcase name="Test_Asset_Generate_Deterministic_Id_Best_Effort[4: TestCase{versionable=com.dotmarketing.portlets.contentlet.model.Contentlet@2dd65bb2[map={fileAsset2=/home/runner/work/core/custom/assets/c/5/c53e615a-4068-47a2-8ab6-35da96d450a1/fileAsset2/test_binary1688759117250.png, modDate=2023-07-07 19:45:17.255, fileAsset1=/home/runner/work/core/custom/assets/c/5/c53e615a-4068-47a2-8ab6-35da96d450a1/fileAsset1/test_binary1688759117250.jpg, title=blah, inode=c53e615a-4068-47a2-8ab6-35da96d450a1, __IS_NEW_CONTENT__=true, disabledWYSIWYG=[], host=48190c8c-42c4-46af-8d1a-0cd5db894797, stInode=dd8fc23e-d311-4c87-bb30-8d5d1cdb0810, owner=system, identifier=d9e334a2-02ce-498e-b03b-829e33a9775e, nullProperties=[], languageId=1, image1=1e9d0062-1f3b-44bc-b870-866fb715ee73, folder=SYSTEM_FOLDER, __disable_workflow__=true, sortOrder=0, modUser=system},lowIndexPriority=false,variantId=DEFAULT], parent=demo.dotcms.com, expectedName='test_binary1688759117250.jpg:test_binary1688759117250.png', expectedType='MultipleBinaries1688759115609'}]" classname="com.dotmarketing.business.DeterministicIdentifierAPITest" time="0.003"/>
  <testcase name="Test_Asset_Generate_Deterministic_Id_Best_Effort[5: TestCase{versionable=namef41c6b08ae : keyTagf41c6b08ae, parent=my.host1688759114522.com, expectedName='keyTagf41c6b08ae', expectedType='persona'}]" classname="com.dotmarketing.business.DeterministicIdentifierAPITest" time="0.002"/>
  <testcase name="Test_Similar_Content_Type_Wont_Clash" classname="com.dotmarketing.business.DeterministicIdentifierAPITest" time="0.431"/>
  <testcase name="Test_Generate_Folder_Identifier" classname="com.dotmarketing.business.DeterministicIdentifierAPITest" time="0.359"/>
  <testcase name="Test_Generate_Content_Type_Identifier[0: ContentTypeTestCase{contentType=KeyValueContentType{name=Language Variable, id=f4d7c1b8-2c88-4071-abf1-a5328977b07d, description=Default Content Type for Language Variables, defaultType=false, fixed=true, iDate=Thu Aug 31 16:38:49 UTC 2017, system=true, versionable=true, variable=Languagevariable, modDate=Fri Jul 07 18:40:53 UTC 2023, host=SYSTEM_HOST, siteName=systemHost, icon=language, sortOrder=0, folder=SYSTEM_FOLDER, folderPath=/, markedForDeletion=true, multilingualable=false}, expectedName='Languagevariable', expectedType='KeyValue'}]" classname="com.dotmarketing.business.DeterministicIdentifierAPITest" time="0.005"/>
  <testcase name="Test_Generate_Content_Type_Identifier[1: ContentTypeTestCase{contentType=SimpleContentType{name=testName1688759117708, id=080bd10b-9e79-47c1-b42e-0f1350401311, description=testDescription1688759117708, defaultType=false, fixed=false, iDate=Fri Jul 07 19:45:17 UTC 2023, system=false, versionable=true, multilingualable=false, variable=testVarname1688759117708, owner=system, modDate=Fri Jul 07 19:45:18 UTC 2023, host=48190c8c-42c4-46af-8d1a-0cd5db894797, siteName=demo.dotcms.com, icon=event_note, sortOrder=0, folder=SYSTEM_FOLDER, folderPath=/, requiredFields=[], markedForDeletion=false}, expectedName='testVarname1688759117708', expectedType='CONTENT'}]" classname="com.dotmarketing.business.DeterministicIdentifierAPITest" time="0.004"/>
  <system-out><![CDATA[]]></system-out>
  <system-err><![CDATA[]]></system-err>
</testsuite>
