<?xml version="1.0" encoding="UTF-8"?>
<testsuite name="com.dotmarketing.business.UserAPITest" tests="33" skipped="0" failures="0" errors="0" timestamp="2023-06-28T23:27:10" hostname="fv-az642-275" time="39.075">
  <properties/>
  <testcase name="testGetCountUsersByNameOrEmailDeleted" classname="com.dotmarketing.business.UserAPITest" time="0.782"/>
  <testcase name="testGetUsersIdsByCreationDateDeleted" classname="com.dotmarketing.business.UserAPITest" time="0.776"/>
  <testcase name="test_getUserIdByIcqId_icqIdDoesNotBelongToAnyUser_returnEmptyOptional" classname="com.dotmarketing.business.UserAPITest" time="0.001"/>
  <testcase name="Test_User_Returns_No_Gravatar_When_No_Email_Is_Available_And_OtherWise" classname="com.dotmarketing.business.UserAPITest" time="0.791"/>
  <testcase name="testGetUsersByNameDeleted" classname="com.dotmarketing.business.UserAPITest" time="0.791"/>
  <testcase name="test_getUserRole_success" classname="com.dotmarketing.business.UserAPITest" time="0.783"/>
  <testcase name="delete" classname="com.dotmarketing.business.UserAPITest" time="3.773"/>
  <testcase name="testFindAllUsers" classname="com.dotmarketing.business.UserAPITest" time="0.871"/>
  <testcase name="deleteAnonymous" classname="com.dotmarketing.business.UserAPITest" time="0.0"/>
  <testcase name="test_getUserRole_null" classname="com.dotmarketing.business.UserAPITest" time="0.004"/>
  <testcase name="testGetCountUsersByName" classname="com.dotmarketing.business.UserAPITest" time="0.777"/>
  <testcase name="testGetUsersByNameOrEmail" classname="com.dotmarketing.business.UserAPITest" time="0.778"/>
  <testcase name="testGetUsersByNameOrEmailOrUserIDWithFilter" classname="com.dotmarketing.business.UserAPITest" time="0.777"/>
  <testcase name="testUserApiGetCount" classname="com.dotmarketing.business.UserAPITest" time="15.555"/>
  <testcase name="test_getUserIdByIcqId_icqIdEmpty_throwDotInvalidTokenException" classname="com.dotmarketing.business.UserAPITest" time="0.0"/>
  <testcase name="test_loadByUserByEmail_selfUser" classname="com.dotmarketing.business.UserAPITest" time="0.789"/>
  <testcase name="testGetCountUsersByNameOrEmail" classname="com.dotmarketing.business.UserAPITest" time="0.775"/>
  <testcase name="testGetUnDeletedUsers" classname="com.dotmarketing.business.UserAPITest" time="0.779"/>
  <testcase name="testFrontendAndBackendUser" classname="com.dotmarketing.business.UserAPITest" time="2.337"/>
  <testcase name="test_updateUser_withAdditionalInfo" classname="com.dotmarketing.business.UserAPITest" time="0.782"/>
  <testcase name="test_save_selfUser" classname="com.dotmarketing.business.UserAPITest" time="0.8"/>
  <testcase name="testGetCountUsersByNameOrEmailOrUserIDDeleted" classname="com.dotmarketing.business.UserAPITest" time="0.777"/>
  <testcase name="testGetUsersByNameOrEmailOrUserID" classname="com.dotmarketing.business.UserAPITest" time="0.032"/>
  <testcase name="test_loadByUserById_selfUser" classname="com.dotmarketing.business.UserAPITest" time="0.783"/>
  <testcase name="testGetUsersByName" classname="com.dotmarketing.business.UserAPITest" time="0.798"/>
  <testcase name="test_getUserIdByIcqId_success" classname="com.dotmarketing.business.UserAPITest" time="0.797"/>
  <testcase name="testGetUsersByNameOrEmailOrUserIDDeleted" classname="com.dotmarketing.business.UserAPITest" time="0.79"/>
  <testcase name="testGetUsersByNameOrEmailDeleted" classname="com.dotmarketing.business.UserAPITest" time="0.784"/>
  <testcase name="test_saveNewUser_withAdditionalInfo" classname="com.dotmarketing.business.UserAPITest" time="0.807"/>
  <testcase name="testUserApiFilterUsersByNameAndRole" classname="com.dotmarketing.business.UserAPITest" time="0.005"/>
  <testcase name="test_getUserIdByIcqId_icqIdNull_throwDotInvalidTokenException" classname="com.dotmarketing.business.UserAPITest" time="0.0"/>
  <testcase name="testGetCountUsersByNameOrEmailOrUserID" classname="com.dotmarketing.business.UserAPITest" time="0.778"/>
  <testcase name="testGetUsersIdsByCreationDate" classname="com.dotmarketing.business.UserAPITest" time="0.001"/>
  <system-out><![CDATA[]]></system-out>
  <system-err><![CDATA[]]></system-err>
</testsuite>
