<?xml version="1.0" encoding="UTF-8"?>
<testsuite name="com.dotmarketing.business.PermissionAPITest" tests="28" skipped="0" failures="0" errors="0" timestamp="2023-06-28T17:30:57" hostname="fv-az842-670" time="36.04">
  <properties/>
  <testcase name="testGetUsersDeleted" classname="com.dotmarketing.business.PermissionAPITest" time="0.895"/>
  <testcase name="test_doesUserHavePermissions_checkSameAssetIdThatPermissionsWereGiven_returnTrue" classname="com.dotmarketing.business.PermissionAPITest" time="1.026"/>
  <testcase name="Test_Inherited_Permissions" classname="com.dotmarketing.business.PermissionAPITest" time="5.027"/>
  <testcase name="permissionIndividually" classname="com.dotmarketing.business.PermissionAPITest" time="0.001"/>
  <testcase name="removePermissions" classname="com.dotmarketing.business.PermissionAPITest" time="2.094"/>
  <testcase name="doesUserHavePermission_another_lang" classname="com.dotmarketing.business.PermissionAPITest" time="2.016"/>
  <testcase name="testGetUsersCountWithoutFilter" classname="com.dotmarketing.business.PermissionAPITest" time="0.029"/>
  <testcase name="testGetUsersWithoutFilter" classname="com.dotmarketing.business.PermissionAPITest" time="0.02"/>
  <testcase name="Test_Remove_All_Permissions_Then_Verify_Cache_Is_Null" classname="com.dotmarketing.business.PermissionAPITest" time="1.068"/>
  <testcase name="doesUserHavePermission" classname="com.dotmarketing.business.PermissionAPITest" time="1.085"/>
  <testcase name="testGetUsersCountWithFilter" classname="com.dotmarketing.business.PermissionAPITest" time="0.04"/>
  <testcase name="doesRoleHavePermission" classname="com.dotmarketing.business.PermissionAPITest" time="1.078"/>
  <testcase name="save" classname="com.dotmarketing.business.PermissionAPITest" time="0.08"/>
  <testcase name="issue1073" classname="com.dotmarketing.business.PermissionAPITest" time="0.185"/>
  <testcase name="testGetUsersCountDeleted" classname="com.dotmarketing.business.PermissionAPITest" time="0.025"/>
  <testcase name="getPermissions" classname="com.dotmarketing.business.PermissionAPITest" time="0.064"/>
  <testcase name="testAnonymousUserCannotReadNonLiveContent" classname="com.dotmarketing.business.PermissionAPITest" time="5.485"/>
  <testcase name="testPermissionIndividuallyByRole" classname="com.dotmarketing.business.PermissionAPITest" time="3.116"/>
  <testcase name="issue560" classname="com.dotmarketing.business.PermissionAPITest" time="2.81"/>
  <testcase name="issue781" classname="com.dotmarketing.business.PermissionAPITest" time="1.987"/>
  <testcase name="issue847" classname="com.dotmarketing.business.PermissionAPITest" time="1.557"/>
  <testcase name="issue886" classname="com.dotmarketing.business.PermissionAPITest" time="3.263"/>
  <testcase name="getUsersWithPermission" classname="com.dotmarketing.business.PermissionAPITest" time="0.066"/>
  <testcase name="test_doesUserHavePermissions_checkDiffAssetIdThatPermissionsWereGiven_returnFalse" classname="com.dotmarketing.business.PermissionAPITest" time="0.871"/>
  <testcase name="test_templateLayout_parentPermissionableIsHost" classname="com.dotmarketing.business.PermissionAPITest" time="1.915"/>
  <testcase name="testGetUsersWithFilter" classname="com.dotmarketing.business.PermissionAPITest" time="0.04"/>
  <testcase name="copyPermissions" classname="com.dotmarketing.business.PermissionAPITest" time="0.141"/>
  <testcase name="getRolesWithPermission" classname="com.dotmarketing.business.PermissionAPITest" time="0.05"/>
  <system-out><![CDATA[]]></system-out>
  <system-err><![CDATA[]]></system-err>
</testsuite>
