<?xml version="1.0" encoding="UTF-8"?>
<testsuite name="com.dotmarketing.startup.runonce.Task220824CreateDefaultVariantTest" tests="3" skipped="0" failures="0" errors="0" timestamp="2023-07-24T16:23:07" hostname="fv-az571-935" time="0.044">
  <properties/>
  <testcase name="runningTU" classname="com.dotmarketing.startup.runonce.Task220824CreateDefaultVariantTest" time="0.034"/>
  <testcase name="forceRun" classname="com.dotmarketing.startup.runonce.Task220824CreateDefaultVariantTest" time="0.006"/>
  <testcase name="runningTwice" classname="com.dotmarketing.startup.runonce.Task220824CreateDefaultVariantTest" time="0.003"/>
  <system-out><![CDATA[]]></system-out>
  <system-err><![CDATA[]]></system-err>
</testsuite>
