<?xml version="1.0" encoding="UTF-8"?>
<testsuite name="com.dotmarketing.portlets.structure.model.ContentletRelationshipsTest" tests="7" skipped="0" failures="0" errors="0" timestamp="2023-07-14T18:53:09" hostname="fv-az617-846" time="7.335">
  <properties/>
  <testcase name="testDoesAllowOnlyOne[0: com.dotmarketing.portlets.structure.model.ContentletRelationshipsTest$CardinalityTestCase@485253cb]" classname="com.dotmarketing.portlets.structure.model.ContentletRelationshipsTest" time="0.425"/>
  <testcase name="testDoesAllowOnlyOne[1: com.dotmarketing.portlets.structure.model.ContentletRelationshipsTest$CardinalityTestCase@451247f7]" classname="com.dotmarketing.portlets.structure.model.ContentletRelationshipsTest" time="0.386"/>
  <testcase name="testDoesAllowOnlyOne[2: com.dotmarketing.portlets.structure.model.ContentletRelationshipsTest$CardinalityTestCase@55facdce]" classname="com.dotmarketing.portlets.structure.model.ContentletRelationshipsTest" time="0.389"/>
  <testcase name="testGetRelationshipRecords[0: com.dotmarketing.portlets.structure.model.ContentletRelationshipsTest$TestCase@11585860]" classname="com.dotmarketing.portlets.structure.model.ContentletRelationshipsTest" time="0.842"/>
  <testcase name="testGetRelationshipRecords[1: com.dotmarketing.portlets.structure.model.ContentletRelationshipsTest$TestCase@4b4e9d8b]" classname="com.dotmarketing.portlets.structure.model.ContentletRelationshipsTest" time="1.904"/>
  <testcase name="testGetRelationshipRecords[2: com.dotmarketing.portlets.structure.model.ContentletRelationshipsTest$TestCase@1cb456ea]" classname="com.dotmarketing.portlets.structure.model.ContentletRelationshipsTest" time="1.696"/>
  <testcase name="testGetRelationshipRecords[3: com.dotmarketing.portlets.structure.model.ContentletRelationshipsTest$TestCase@1fa37c0f]" classname="com.dotmarketing.portlets.structure.model.ContentletRelationshipsTest" time="1.693"/>
  <system-out><![CDATA[]]></system-out>
  <system-err><![CDATA[]]></system-err>
</testsuite>
