<?xml version="1.0" encoding="UTF-8"?>
<testsuite name="com.dotcms.rest.api.v1.vtl.VTLResourceIntegrationTest" tests="6" skipped="0" failures="0" errors="0" timestamp="2023-06-30T23:19:03" hostname="fv-az449-126" time="12.097">
  <properties/>
  <testcase name="testGet[0: com.dotcms.rest.api.v1.vtl.VTLResourceTestCase@7ceef6d0]" classname="com.dotcms.rest.api.v1.vtl.VTLResourceIntegrationTest" time="2.341"/>
  <testcase name="testGet[1: com.dotcms.rest.api.v1.vtl.VTLResourceTestCase@1b6f4175]" classname="com.dotcms.rest.api.v1.vtl.VTLResourceIntegrationTest" time="1.781"/>
  <testcase name="testGet[2: com.dotcms.rest.api.v1.vtl.VTLResourceTestCase@2de2eef8]" classname="com.dotcms.rest.api.v1.vtl.VTLResourceIntegrationTest" time="2.152"/>
  <testcase name="testGet[3: com.dotcms.rest.api.v1.vtl.VTLResourceTestCase@7f763aec]" classname="com.dotcms.rest.api.v1.vtl.VTLResourceIntegrationTest" time="1.92"/>
  <testcase name="testGet[4: com.dotcms.rest.api.v1.vtl.VTLResourceTestCase@74250ba4]" classname="com.dotcms.rest.api.v1.vtl.VTLResourceIntegrationTest" time="1.88"/>
  <testcase name="testGet[5: com.dotcms.rest.api.v1.vtl.VTLResourceTestCase@15a098bc]" classname="com.dotcms.rest.api.v1.vtl.VTLResourceIntegrationTest" time="2.023"/>
  <system-out><![CDATA[]]></system-out>
  <system-err><![CDATA[]]></system-err>
</testsuite>
