<?xml version="1.0" encoding="UTF-8"?>
<testsuite name="com.liferay.portal.language.LanguageUtilTest" tests="15" skipped="0" failures="0" errors="0" timestamp="2023-06-28T04:32:04" hostname="fv-az592-477" time="0.042">
  <properties/>
  <testcase name="getLanguageId_null_expected_negative_lang_Test" classname="com.liferay.portal.language.LanguageUtilTest" time="0.001"/>
  <testcase name="getLanguageId_empty_expected_negative_lang_Test" classname="com.liferay.portal.language.LanguageUtilTest" time="0.001"/>
  <testcase name="getLanguageId_weirdlang_expected_negative_lang_Test" classname="com.liferay.portal.language.LanguageUtilTest" time="0.001"/>
  <testcase name="getLanguageId_valid_default_long_expected_same_lang_id_Test" classname="com.liferay.portal.language.LanguageUtilTest" time="0.002"/>
  <testcase name="test_getAllMessagesByLocale_success" classname="com.liferay.portal.language.LanguageUtilTest" time="0.013"/>
  <testcase name="getLanguageId_existing_expected_non_negative_lang_Test" classname="com.liferay.portal.language.LanguageUtilTest" time="0.011"/>
  <testcase name="test_getLanguageId_DiffLanguageLocale[0: com.liferay.portal.language.LanguageUtilTest$TestCaseLanguageLocale@7259dbd9]" classname="com.liferay.portal.language.LanguageUtilTest" time="0.001"/>
  <testcase name="test_getLanguageId_DiffLanguageLocale[1: com.liferay.portal.language.LanguageUtilTest$TestCaseLanguageLocale@1f350e58]" classname="com.liferay.portal.language.LanguageUtilTest" time="0.002"/>
  <testcase name="test_getLanguageId_DiffLanguageLocale[2: com.liferay.portal.language.LanguageUtilTest$TestCaseLanguageLocale@3978a8c2]" classname="com.liferay.portal.language.LanguageUtilTest" time="0.002"/>
  <testcase name="test_getLanguageId_DiffLanguageLocale[3: com.liferay.portal.language.LanguageUtilTest$TestCaseLanguageLocale@7cb1fa0]" classname="com.liferay.portal.language.LanguageUtilTest" time="0.0"/>
  <testcase name="test_getLanguageId_DiffLanguageLocale[4: com.liferay.portal.language.LanguageUtilTest$TestCaseLanguageLocale@3b709b93]" classname="com.liferay.portal.language.LanguageUtilTest" time="0.0"/>
  <testcase name="test_getLanguageId_DiffLanguageLocale[5: com.liferay.portal.language.LanguageUtilTest$TestCaseLanguageLocale@c80056b]" classname="com.liferay.portal.language.LanguageUtilTest" time="0.0"/>
  <testcase name="test_getLanguageId_DiffLanguageLocale[6: com.liferay.portal.language.LanguageUtilTest$TestCaseLanguageLocale@70c28281]" classname="com.liferay.portal.language.LanguageUtilTest" time="0.002"/>
  <testcase name="test_getLanguageId_DiffLanguageLocale[7: com.liferay.portal.language.LanguageUtilTest$TestCaseLanguageLocale@2f2ba526]" classname="com.liferay.portal.language.LanguageUtilTest" time="0.001"/>
  <testcase name="getLanguageId_valid_long_expected_same_lang_id_Test" classname="com.liferay.portal.language.LanguageUtilTest" time="0.0"/>
  <system-out><![CDATA[]]></system-out>
  <system-err><![CDATA[]]></system-err>
</testsuite>
