<?xml version="1.0" encoding="UTF-8"?>
<testsuite name="com.dotmarketing.portlets.structure.model.ContentletRelationshipsTest" tests="7" skipped="0" failures="0" errors="0" timestamp="2023-06-27T19:44:29" hostname="fv-az337-595" time="9.163">
  <properties/>
  <testcase name="testDoesAllowOnlyOne[0: com.dotmarketing.portlets.structure.model.ContentletRelationshipsTest$CardinalityTestCase@4675e331]" classname="com.dotmarketing.portlets.structure.model.ContentletRelationshipsTest" time="0.554"/>
  <testcase name="testDoesAllowOnlyOne[1: com.dotmarketing.portlets.structure.model.ContentletRelationshipsTest$CardinalityTestCase@7e71e12f]" classname="com.dotmarketing.portlets.structure.model.ContentletRelationshipsTest" time="0.383"/>
  <testcase name="testDoesAllowOnlyOne[2: com.dotmarketing.portlets.structure.model.ContentletRelationshipsTest$CardinalityTestCase@6af435bf]" classname="com.dotmarketing.portlets.structure.model.ContentletRelationshipsTest" time="0.507"/>
  <testcase name="testGetRelationshipRecords[0: com.dotmarketing.portlets.structure.model.ContentletRelationshipsTest$TestCase@4673e74d]" classname="com.dotmarketing.portlets.structure.model.ContentletRelationshipsTest" time="2.018"/>
  <testcase name="testGetRelationshipRecords[1: com.dotmarketing.portlets.structure.model.ContentletRelationshipsTest$TestCase@2ff6f8d9]" classname="com.dotmarketing.portlets.structure.model.ContentletRelationshipsTest" time="2.008"/>
  <testcase name="testGetRelationshipRecords[2: com.dotmarketing.portlets.structure.model.ContentletRelationshipsTest$TestCase@5e7f1c91]" classname="com.dotmarketing.portlets.structure.model.ContentletRelationshipsTest" time="1.843"/>
  <testcase name="testGetRelationshipRecords[3: com.dotmarketing.portlets.structure.model.ContentletRelationshipsTest$TestCase@156d932c]" classname="com.dotmarketing.portlets.structure.model.ContentletRelationshipsTest" time="1.848"/>
  <system-out><![CDATA[]]></system-out>
  <system-err><![CDATA[]]></system-err>
</testsuite>
