<?xml version="1.0" encoding="UTF-8"?>
<testsuite name="com.dotmarketing.servlets.ajax.AjaxDirectorServletIntegrationTest" tests="2" skipped="0" failures="0" errors="0" timestamp="2023-07-19T20:29:20" hostname="fv-az407-374" time="0.794">
  <properties/>
  <testcase name="testService[0: com.dotmarketing.servlets.ajax.AjaxDirectorServletTestCase@30389a2b]" classname="com.dotmarketing.servlets.ajax.AjaxDirectorServletIntegrationTest" time="0.438"/>
  <testcase name="testService[1: com.dotmarketing.servlets.ajax.AjaxDirectorServletTestCase@c9d68c7]" classname="com.dotmarketing.servlets.ajax.AjaxDirectorServletIntegrationTest" time="0.356"/>
  <system-out><![CDATA[]]></system-out>
  <system-err><![CDATA[]]></system-err>
</testsuite>
