<?xml version="1.0" encoding="UTF-8"?>
<testsuite name="com.dotmarketing.startup.runonce.Task05225RemoveLoadRecordsToIndexTest" tests="2" skipped="0" failures="0" errors="0" timestamp="2023-06-28T15:30:05" hostname="fv-az1135-364" time="0.013">
  <properties/>
  <testcase name="testUpgradeTaskWhenProcedureExistsShouldPass" classname="com.dotmarketing.startup.runonce.Task05225RemoveLoadRecordsToIndexTest" time="0.011"/>
  <testcase name="testUpgradeTaskWhenProcedureDoesNotExistShouldPass" classname="com.dotmarketing.startup.runonce.Task05225RemoveLoadRecordsToIndexTest" time="0.002"/>
  <system-out><![CDATA[]]></system-out>
  <system-err><![CDATA[]]></system-err>
</testsuite>
