<?xml version="1.0" encoding="UTF-8"?>
<testsuite name="com.dotmarketing.business.DeterministicIdentifierAPITest" tests="16" skipped="0" failures="0" errors="0" timestamp="2023-06-23T19:17:33" hostname="fv-az561-920" time="1.538">
  <properties/>
  <testcase name="Test_Category_Path_Seed_And_Id" classname="com.dotmarketing.business.DeterministicIdentifierAPITest" time="0.027"/>
  <testcase name="Test_Language_Deterministic_Id[0: LanguageTestCase{expectedSeed='Language:es:US', expectedHash=4913155, langCode='es', countryCode='US', country='United States'}]" classname="com.dotmarketing.business.DeterministicIdentifierAPITest" time="0.001"/>
  <testcase name="Test_Language_Deterministic_Id[1: LanguageTestCase{expectedSeed='Language:ep:', expectedHash=5292269, langCode='ep', countryCode='', country=''}]" classname="com.dotmarketing.business.DeterministicIdentifierAPITest" time="0.002"/>
  <testcase name="Test_Language_Deterministic_Id[2: LanguageTestCase{expectedSeed='Language:sg:SAG', expectedHash=4713118, langCode='sg', countryCode='SAG', country=''}]" classname="com.dotmarketing.business.DeterministicIdentifierAPITest" time="0.001"/>
  <testcase name="Test_Language_Deterministic_Id[3: LanguageTestCase{expectedSeed='Language:en:NZ', expectedHash=5382528, langCode='en', countryCode='NZ', country='New Zealand'}]" classname="com.dotmarketing.business.DeterministicIdentifierAPITest" time="0.001"/>
  <testcase name="Test_Category_None_Persisted_Category_Should_Return_Deterministic_Id" classname="com.dotmarketing.business.DeterministicIdentifierAPITest" time="0.002"/>
  <testcase name="Test_Asset_Generate_Deterministic_Id_Best_Effort[0: TestCase{versionable=my.host1687542198722.com, parent=System Host, expectedName='my.host1687542198722.com', expectedType='Host'}]" classname="com.dotmarketing.business.DeterministicIdentifierAPITest" time="0.004"/>
  <testcase name="Test_Asset_Generate_Deterministic_Id_Best_Effort[1: TestCase{versionable=com.dotmarketing.portlets.contentlet.model.Contentlet@448d4237[map={modDate=2023-06-23 17:43:19.822, fileName=file6417310291872177895.txt, title=file6417310291872177895.txt, inode=34b554d6-de1f-48d1-b7cf-1ea18bd317ff, __IS_NEW_CONTENT__=true, disabledWYSIWYG=[], host=22b768ad-611b-44ad-8ba8-c46434eb023c, stInode=33888b6f-7a8e-4069-b1b6-5c1aa9d0a48d, owner=system, identifier=7e752d25-4332-413e-8288-60b632c92d78, nullProperties=[wfExpireDate, wfPublishDate, wfActionAssign, wfActionId, wfActionComments, filterKey, whereToSend, wfNeverExpire, _path_to_move, timezoneId, iWantTo, wfPublishTime, wfExpireTime], languageId=1, fileAsset=/home/runner/work/core/custom/assets/3/4/34b554d6-de1f-48d1-b7cf-1ea18bd317ff/fileAsset/file6417310291872177895.txt, folder=0d5a9dfb-8b7b-449d-aa9f-f642a02e0f6c, __disable_workflow__=true, sortOrder=0, modUser=system},lowIndexPriority=false,variantId=DEFAULT], parent=com.dotmarketing.portlets.folders.model.Folder@dbe8e5b[identifier=0d5a9dfb-8b7b-449d-aa9f-f642a02e0f6c,name=testName1687542199815,sortOrder=0,showOnMenu=false,hostId=22b768ad-611b-44ad-8ba8-c46434eb023c,type=folder,title=testTitle1687542199815,filesMasks=,defaultFileType=33888b6f-7a8e-4069-b1b6-5c1aa9d0a48d,modDate=2023-06-23 17:43:19.818,owner=&lt;null&gt;,iDate=2023-06-23 17:43:19.818,inode=0d5a9dfb-8b7b-449d-aa9f-f642a02e0f6c,path=/testName1687542199815/], expectedName='file6417310291872177895.txt', expectedType='FileAsset'}]" classname="com.dotmarketing.business.DeterministicIdentifierAPITest" time="0.003"/>
  <testcase name="Test_Asset_Generate_Deterministic_Id_Best_Effort[2: TestCase{versionable=com.dotmarketing.portlets.templates.model.Template@cac010f0, parent=my.host1687542198722.com, expectedName='testTitle1687542199888', expectedType='Template'}]" classname="com.dotmarketing.business.DeterministicIdentifierAPITest" time="0.002"/>
  <testcase name="Test_Asset_Generate_Deterministic_Id_Best_Effort[3: TestCase{versionable=com.dotmarketing.portlets.htmlpageasset.model.HTMLPageAsset@5966392a[map={template=dd893fd7-f12a-4ec3-a5c1-70e8389b1f9a, owner=system, identifier=7bf6fff5-3113-48ad-aebb-f755225f0978, nullProperties=[wfExpireDate, wfPublishDate, wfActionAssign, wfActionId, wfActionComments, filterKey, whereToSend, wfNeverExpire, _path_to_move, timezoneId, iWantTo, wfPublishTime, wfExpireTime], modDate=2023-06-23 17:43:19.909, cachettl=0, _is_test_mode=true, languageId=1, title=test-page-title-1687542199901, httpsreq=, url=test-page-url-1687542199901, showOnMenu=, inode=10465d38-3f80-4399-9015-865ed2b5be47, folder=0d5a9dfb-8b7b-449d-aa9f-f642a02e0f6c, disabledWYSIWYG=[], sortOrder=1, modUser=system, host=22b768ad-611b-44ad-8ba8-c46434eb023c, stInode=c541abb1-69b3-4bc5-8430-5e09e5239cc8, friendlyName=test-page-friendly-name-1687542199901},lowIndexPriority=false,variantId=DEFAULT], parent=com.dotmarketing.portlets.folders.model.Folder@dbe8e5b[identifier=0d5a9dfb-8b7b-449d-aa9f-f642a02e0f6c,name=testName1687542199815,sortOrder=0,showOnMenu=false,hostId=22b768ad-611b-44ad-8ba8-c46434eb023c,type=folder,title=testTitle1687542199815,filesMasks=,defaultFileType=33888b6f-7a8e-4069-b1b6-5c1aa9d0a48d,modDate=2023-06-23 17:43:19.818,owner=&lt;null&gt;,iDate=2023-06-23 17:43:19.818,inode=0d5a9dfb-8b7b-449d-aa9f-f642a02e0f6c,path=/testName1687542199815/], expectedName='test-page-url-1687542199901', expectedType='htmlpageasset'}]" classname="com.dotmarketing.business.DeterministicIdentifierAPITest" time="0.003"/>
  <testcase name="Test_Asset_Generate_Deterministic_Id_Best_Effort[4: TestCase{versionable=com.dotmarketing.portlets.contentlet.model.Contentlet@34bbb877[map={fileAsset2=/home/runner/work/core/custom/assets/a/f/af19c52d-7b18-4d8e-a83b-49be7a12b2f4/fileAsset2/test_binary1687542200796.png, modDate=2023-06-23 17:43:20.801, fileAsset1=/home/runner/work/core/custom/assets/a/f/af19c52d-7b18-4d8e-a83b-49be7a12b2f4/fileAsset1/test_binary1687542200796.jpg, title=blah, inode=af19c52d-7b18-4d8e-a83b-49be7a12b2f4, __IS_NEW_CONTENT__=true, disabledWYSIWYG=[], host=8a7d5e23-da1e-420a-b4f0-471e7da8ea2d, stInode=3a5048c7-1ab3-4c24-86da-ee938be6f994, owner=system, identifier=86530511-7e23-4f0b-8bd1-b0aa73455c3f, nullProperties=[], languageId=1, image1=0403315c-2799-496f-bf9d-d0a2d09a369b, folder=SYSTEM_FOLDER, __disable_workflow__=true, sortOrder=0, modUser=system},lowIndexPriority=false,variantId=DEFAULT], parent=default, expectedName='test_binary1687542200796.jpg:test_binary1687542200796.png', expectedType='MultipleBinaries1687542200033'}]" classname="com.dotmarketing.business.DeterministicIdentifierAPITest" time="0.006"/>
  <testcase name="Test_Asset_Generate_Deterministic_Id_Best_Effort[5: TestCase{versionable=name75517fff84 : keyTag75517fff84, parent=my.host1687542198722.com, expectedName='keyTag75517fff84', expectedType='persona'}]" classname="com.dotmarketing.business.DeterministicIdentifierAPITest" time="0.006"/>
  <testcase name="Test_Similar_Content_Type_Wont_Clash" classname="com.dotmarketing.business.DeterministicIdentifierAPITest" time="0.449"/>
  <testcase name="Test_Generate_Folder_Identifier" classname="com.dotmarketing.business.DeterministicIdentifierAPITest" time="1.006"/>
  <testcase name="Test_Generate_Content_Type_Identifier[0: ContentTypeTestCase{contentType=KeyValueContentType{name=Language Variable, id=f4d7c1b8-2c88-4071-abf1-a5328977b07d, description=Default Content Type for Language Variables, defaultType=false, fixed=true, iDate=Thu Aug 31 16:38:49 UTC 2017, system=true, versionable=true, variable=Languagevariable, modDate=Fri Jun 23 17:39:58 UTC 2023, host=SYSTEM_HOST, siteName=systemHost, icon=language, sortOrder=0, folder=SYSTEM_FOLDER, folderPath=/, markedForDeletion=false, multilingualable=false}, expectedName='Languagevariable', expectedType='KeyValue'}]" classname="com.dotmarketing.business.DeterministicIdentifierAPITest" time="0.01"/>
  <testcase name="Test_Generate_Content_Type_Identifier[1: ContentTypeTestCase{contentType=SimpleContentType{name=testName1687542201141, id=b51ac656-5c7a-4927-ada8-5ba867b0701e, description=testDescription1687542201141, defaultType=false, fixed=false, iDate=Fri Jun 23 17:43:21 UTC 2023, system=false, versionable=true, multilingualable=false, variable=testVarname1687542201141, owner=system, modDate=Fri Jun 23 17:43:21 UTC 2023, host=8a7d5e23-da1e-420a-b4f0-471e7da8ea2d, siteName=default, icon=event_note, sortOrder=0, folder=SYSTEM_FOLDER, folderPath=/, requiredFields=[], markedForDeletion=false}, expectedName='testVarname1687542201141', expectedType='CONTENT'}]" classname="com.dotmarketing.business.DeterministicIdentifierAPITest" time="0.011"/>
  <system-out><![CDATA[]]></system-out>
  <system-err><![CDATA[]]></system-err>
</testsuite>
