<?xml version="1.0" encoding="UTF-8"?>
<testsuite name="com.dotcms.rendering.velocity.viewtools.WorkflowToolTest" tests="2" skipped="0" failures="0" errors="0" timestamp="2023-07-03T17:09:39" hostname="fv-az218-411" time="3.13">
  <properties/>
  <testcase name="testFire[0: com.dotcms.rendering.velocity.viewtools.WorkflowToolFireTestCase@3263ad42]" classname="com.dotcms.rendering.velocity.viewtools.WorkflowToolTest" time="1.425"/>
  <testcase name="testFire[1: com.dotcms.rendering.velocity.viewtools.WorkflowToolFireTestCase@6bfd0a4c]" classname="com.dotcms.rendering.velocity.viewtools.WorkflowToolTest" time="1.705"/>
  <system-out><![CDATA[]]></system-out>
  <system-err><![CDATA[]]></system-err>
</testsuite>
