<?xml version="1.0" encoding="UTF-8"?>
<testsuite name="com.dotcms.rest.api.v1.user.UserResourceIntegrationTest" tests="2" skipped="0" failures="0" errors="0" timestamp="2023-07-10T15:34:10" hostname="fv-az309-162" time="1.617">
  <properties/>
  <testcase name="test_logoutAs_success" classname="com.dotcms.rest.api.v1.user.UserResourceIntegrationTest" time="0.815"/>
  <testcase name="test_loginAs_success" classname="com.dotcms.rest.api.v1.user.UserResourceIntegrationTest" time="0.802"/>
  <system-out><![CDATA[]]></system-out>
  <system-err><![CDATA[]]></system-err>
</testsuite>
