<?xml version="1.0" encoding="UTF-8"?>
<testsuite name="com.dotmarketing.portlets.structure.model.ContentletRelationshipsTest" tests="7" skipped="0" failures="0" errors="0" timestamp="2023-06-30T21:50:59" hostname="fv-az280-303" time="8.412">
  <properties/>
  <testcase name="testDoesAllowOnlyOne[0: com.dotmarketing.portlets.structure.model.ContentletRelationshipsTest$CardinalityTestCase@3ae81ecf]" classname="com.dotmarketing.portlets.structure.model.ContentletRelationshipsTest" time="0.417"/>
  <testcase name="testDoesAllowOnlyOne[1: com.dotmarketing.portlets.structure.model.ContentletRelationshipsTest$CardinalityTestCase@7bf99636]" classname="com.dotmarketing.portlets.structure.model.ContentletRelationshipsTest" time="0.42"/>
  <testcase name="testDoesAllowOnlyOne[2: com.dotmarketing.portlets.structure.model.ContentletRelationshipsTest$CardinalityTestCase@62d572a6]" classname="com.dotmarketing.portlets.structure.model.ContentletRelationshipsTest" time="0.379"/>
  <testcase name="testGetRelationshipRecords[0: com.dotmarketing.portlets.structure.model.ContentletRelationshipsTest$TestCase@55bb9c18]" classname="com.dotmarketing.portlets.structure.model.ContentletRelationshipsTest" time="1.883"/>
  <testcase name="testGetRelationshipRecords[1: com.dotmarketing.portlets.structure.model.ContentletRelationshipsTest$TestCase@2f5ffe06]" classname="com.dotmarketing.portlets.structure.model.ContentletRelationshipsTest" time="1.824"/>
  <testcase name="testGetRelationshipRecords[2: com.dotmarketing.portlets.structure.model.ContentletRelationshipsTest$TestCase@182095fd]" classname="com.dotmarketing.portlets.structure.model.ContentletRelationshipsTest" time="1.768"/>
  <testcase name="testGetRelationshipRecords[3: com.dotmarketing.portlets.structure.model.ContentletRelationshipsTest$TestCase@5129941d]" classname="com.dotmarketing.portlets.structure.model.ContentletRelationshipsTest" time="1.72"/>
  <system-out><![CDATA[]]></system-out>
  <system-err><![CDATA[]]></system-err>
</testsuite>
