<?xml version="1.0" encoding="UTF-8"?>
<testsuite name="com.dotmarketing.servlets.ajax.AjaxDirectorServletIntegrationTest" tests="2" skipped="0" failures="0" errors="0" timestamp="2023-07-18T20:41:49" hostname="fv-az553-913" time="5.15">
  <properties/>
  <testcase name="testService[0: com.dotmarketing.servlets.ajax.AjaxDirectorServletTestCase@152e20d9]" classname="com.dotmarketing.servlets.ajax.AjaxDirectorServletIntegrationTest" time="2.593"/>
  <testcase name="testService[1: com.dotmarketing.servlets.ajax.AjaxDirectorServletTestCase@3097d623]" classname="com.dotmarketing.servlets.ajax.AjaxDirectorServletIntegrationTest" time="2.557"/>
  <system-out><![CDATA[]]></system-out>
  <system-err><![CDATA[]]></system-err>
</testsuite>
