<?xml version="1.0" encoding="UTF-8"?>
<testsuite name="com.dotmarketing.filters.CMSUrlUtilIntegrationTest" tests="7" skipped="0" failures="0" errors="0" timestamp="2023-06-24T00:12:33" hostname="fv-az254-300" time="6.383">
  <properties/>
  <testcase name="whenResolveResourceType_shouldReturnATupleWithPageAndNone" classname="com.dotmarketing.filters.CMSUrlUtilIntegrationTest" time="1.337"/>
  <testcase name="shouldReturnATupleWithFalseAndNone" classname="com.dotmarketing.filters.CMSUrlUtilIntegrationTest" time="1.237"/>
  <testcase name="shouldReturnATupleWithTrueAndPageUrlMap" classname="com.dotmarketing.filters.CMSUrlUtilIntegrationTest" time="1.24"/>
  <testcase name="shouldReturnATupleWithTrueAndNone" classname="com.dotmarketing.filters.CMSUrlUtilIntegrationTest" time="1.303"/>
  <testcase name="whenResolveResourceType_shouldReturnATupleWithPageAndPageUrlMap" classname="com.dotmarketing.filters.CMSUrlUtilIntegrationTest" time="1.21"/>
  <testcase name="whenResolveResourceType_shouldReturnATupleWithFolderAndNone" classname="com.dotmarketing.filters.CMSUrlUtilIntegrationTest" time="0.033"/>
  <testcase name="whenResolveResourceType_shouldReturnATupleWithPageAndPageIndex" classname="com.dotmarketing.filters.CMSUrlUtilIntegrationTest" time="0.022"/>
  <system-out><![CDATA[]]></system-out>
  <system-err><![CDATA[]]></system-err>
</testsuite>
