<?xml version="1.0" encoding="UTF-8"?>
<testsuite name="com.dotmarketing.business.DeterministicIdentifierAPITest" tests="16" skipped="0" failures="0" errors="0" timestamp="2023-07-14T18:58:52" hostname="fv-az1236-699" time="1.165">
  <properties/>
  <testcase name="Test_Category_Path_Seed_And_Id" classname="com.dotmarketing.business.DeterministicIdentifierAPITest" time="0.021"/>
  <testcase name="Test_Language_Deterministic_Id[0: LanguageTestCase{expectedSeed='Language:es:US', expectedHash=4913155, langCode='es', countryCode='US', country='United States'}]" classname="com.dotmarketing.business.DeterministicIdentifierAPITest" time="0.001"/>
  <testcase name="Test_Language_Deterministic_Id[1: LanguageTestCase{expectedSeed='Language:ep:', expectedHash=5292269, langCode='ep', countryCode='', country=''}]" classname="com.dotmarketing.business.DeterministicIdentifierAPITest" time="0.0"/>
  <testcase name="Test_Language_Deterministic_Id[2: LanguageTestCase{expectedSeed='Language:sg:SAG', expectedHash=4713118, langCode='sg', countryCode='SAG', country=''}]" classname="com.dotmarketing.business.DeterministicIdentifierAPITest" time="0.001"/>
  <testcase name="Test_Language_Deterministic_Id[3: LanguageTestCase{expectedSeed='Language:en:NZ', expectedHash=5382528, langCode='en', countryCode='NZ', country='New Zealand'}]" classname="com.dotmarketing.business.DeterministicIdentifierAPITest" time="0.001"/>
  <testcase name="Test_Category_None_Persisted_Category_Should_Return_Deterministic_Id" classname="com.dotmarketing.business.DeterministicIdentifierAPITest" time="0.001"/>
  <testcase name="Test_Asset_Generate_Deterministic_Id_Best_Effort[0: TestCase{versionable=my.host1689360748258.com, parent=System Host, expectedName='my.host1689360748258.com', expectedType='Host'}]" classname="com.dotmarketing.business.DeterministicIdentifierAPITest" time="0.002"/>
  <testcase name="Test_Asset_Generate_Deterministic_Id_Best_Effort[1: TestCase{versionable=com.dotmarketing.portlets.contentlet.model.Contentlet@719ce44e[map={modDate=2023-07-14 18:52:28.982, fileName=file13518157348844211704.txt, title=file13518157348844211704.txt, inode=c87d35cc-d2c7-4363-b89f-754255ef6335, __IS_NEW_CONTENT__=true, disabledWYSIWYG=[], host=5762a893-23e6-4d73-b263-0e88f2882b0c, stInode=33888b6f-7a8e-4069-b1b6-5c1aa9d0a48d, owner=system, identifier=c831320a-8fe6-4f15-bcf1-7387c33b9c41, nullProperties=[wfExpireDate, wfPublishDate, wfActionAssign, wfActionId, wfActionComments, filterKey, whereToSend, wfNeverExpire, _path_to_move, timezoneId, iWantTo, wfPublishTime, wfExpireTime], languageId=1, fileAsset=/home/runner/work/core/custom/assets/c/8/c87d35cc-d2c7-4363-b89f-754255ef6335/fileAsset/file13518157348844211704.txt, folder=5afae48d-b2fe-4d72-a62f-dd00e4b35ae4, __disable_workflow__=true, sortOrder=0, modUser=system},lowIndexPriority=false,variantId=DEFAULT], parent=com.dotmarketing.portlets.folders.model.Folder@7093d1b[identifier=5afae48d-b2fe-4d72-a62f-dd00e4b35ae4,name=testName1689360748969,sortOrder=0,showOnMenu=false,hostId=5762a893-23e6-4d73-b263-0e88f2882b0c,type=folder,title=testTitle1689360748969,filesMasks=,defaultFileType=33888b6f-7a8e-4069-b1b6-5c1aa9d0a48d,modDate=2023-07-14 18:52:28.972,owner=&lt;null&gt;,iDate=2023-07-14 18:52:28.972,inode=5afae48d-b2fe-4d72-a62f-dd00e4b35ae4,path=/testName1689360748969/], expectedName='file13518157348844211704.txt', expectedType='FileAsset'}]" classname="com.dotmarketing.business.DeterministicIdentifierAPITest" time="0.002"/>
  <testcase name="Test_Asset_Generate_Deterministic_Id_Best_Effort[2: TestCase{versionable=com.dotmarketing.portlets.templates.model.Template@20500b3e, parent=my.host1689360748258.com, expectedName='testTitle1689360749105', expectedType='Template'}]" classname="com.dotmarketing.business.DeterministicIdentifierAPITest" time="0.001"/>
  <testcase name="Test_Asset_Generate_Deterministic_Id_Best_Effort[3: TestCase{versionable=com.dotmarketing.portlets.htmlpageasset.model.HTMLPageAsset@2f85e315[map={template=132b52df-c73e-4261-914c-d003b9822a90, owner=system, identifier=c54d8a40-aad8-49c0-b384-de94b2e8bb48, nullProperties=[wfExpireDate, wfPublishDate, wfActionAssign, wfActionId, wfActionComments, filterKey, whereToSend, wfNeverExpire, _path_to_move, timezoneId, iWantTo, wfPublishTime, wfExpireTime], modDate=2023-07-14 18:52:29.123, cachettl=0, _is_test_mode=true, languageId=1, title=test-page-title-1689360749118, httpsreq=, url=test-page-url-1689360749118, showOnMenu=, inode=9f86c614-f555-4f80-8e6f-1da29564931c, folder=5afae48d-b2fe-4d72-a62f-dd00e4b35ae4, disabledWYSIWYG=[], sortOrder=1, modUser=system, host=5762a893-23e6-4d73-b263-0e88f2882b0c, stInode=c541abb1-69b3-4bc5-8430-5e09e5239cc8, friendlyName=test-page-friendly-name-1689360749118},lowIndexPriority=false,variantId=DEFAULT], parent=com.dotmarketing.portlets.folders.model.Folder@7093d1b[identifier=5afae48d-b2fe-4d72-a62f-dd00e4b35ae4,name=testName1689360748969,sortOrder=0,showOnMenu=false,hostId=5762a893-23e6-4d73-b263-0e88f2882b0c,type=folder,title=testTitle1689360748969,filesMasks=,defaultFileType=33888b6f-7a8e-4069-b1b6-5c1aa9d0a48d,modDate=2023-07-14 18:52:28.972,owner=&lt;null&gt;,iDate=2023-07-14 18:52:28.972,inode=5afae48d-b2fe-4d72-a62f-dd00e4b35ae4,path=/testName1689360748969/], expectedName='test-page-url-1689360749118', expectedType='htmlpageasset'}]" classname="com.dotmarketing.business.DeterministicIdentifierAPITest" time="0.002"/>
  <testcase name="Test_Asset_Generate_Deterministic_Id_Best_Effort[4: TestCase{versionable=com.dotmarketing.portlets.contentlet.model.Contentlet@5f30957d[map={fileAsset2=/home/runner/work/core/custom/assets/3/7/37d39497-882e-42c0-99c7-62ddcd0dc948/fileAsset2/test_binary1689360750951.png, modDate=2023-07-14 18:52:30.955, fileAsset1=/home/runner/work/core/custom/assets/3/7/37d39497-882e-42c0-99c7-62ddcd0dc948/fileAsset1/test_binary1689360750950.jpg, title=blah, inode=37d39497-882e-42c0-99c7-62ddcd0dc948, __IS_NEW_CONTENT__=true, disabledWYSIWYG=[], host=48190c8c-42c4-46af-8d1a-0cd5db894797, stInode=0b2c2013-4381-4f0a-9910-8064ffe77ac3, owner=system, identifier=750f73b0-470a-49a2-9be7-935b7eda249e, nullProperties=[], languageId=1, image1=00d32776-af29-42fd-a04a-2d5d5884acb5, folder=SYSTEM_FOLDER, __disable_workflow__=true, sortOrder=0, modUser=system},lowIndexPriority=false,variantId=DEFAULT], parent=demo.dotcms.com, expectedName='test_binary1689360750950.jpg:test_binary1689360750951.png', expectedType='MultipleBinaries1689360749363'}]" classname="com.dotmarketing.business.DeterministicIdentifierAPITest" time="0.002"/>
  <testcase name="Test_Asset_Generate_Deterministic_Id_Best_Effort[5: TestCase{versionable=name1fecd10893 : keyTag1fecd10893, parent=my.host1689360748258.com, expectedName='keyTag1fecd10893', expectedType='persona'}]" classname="com.dotmarketing.business.DeterministicIdentifierAPITest" time="0.002"/>
  <testcase name="Test_Similar_Content_Type_Wont_Clash" classname="com.dotmarketing.business.DeterministicIdentifierAPITest" time="0.419"/>
  <testcase name="Test_Generate_Folder_Identifier" classname="com.dotmarketing.business.DeterministicIdentifierAPITest" time="0.7"/>
  <testcase name="Test_Generate_Content_Type_Identifier[0: ContentTypeTestCase{contentType=KeyValueContentType{name=Language Variable, id=f4d7c1b8-2c88-4071-abf1-a5328977b07d, description=Default Content Type for Language Variables, defaultType=false, fixed=true, iDate=Thu Aug 31 16:38:49 UTC 2017, system=true, versionable=true, variable=Languagevariable, modDate=Fri Jul 14 17:49:59 UTC 2023, host=SYSTEM_HOST, siteName=systemHost, icon=language, sortOrder=0, folder=SYSTEM_FOLDER, folderPath=/, markedForDeletion=true, multilingualable=false}, expectedName='Languagevariable', expectedType='KeyValue'}]" classname="com.dotmarketing.business.DeterministicIdentifierAPITest" time="0.003"/>
  <testcase name="Test_Generate_Content_Type_Identifier[1: ContentTypeTestCase{contentType=SimpleContentType{name=testName1689360751415, id=2c3b0b5b-4cb6-4424-bd1e-d68e013ddd36, description=testDescription1689360751415, defaultType=false, fixed=false, iDate=Fri Jul 14 18:52:31 UTC 2023, system=false, versionable=true, multilingualable=false, variable=testVarname1689360751415, owner=system, modDate=Fri Jul 14 18:52:32 UTC 2023, host=48190c8c-42c4-46af-8d1a-0cd5db894797, siteName=demo.dotcms.com, icon=event_note, sortOrder=0, folder=SYSTEM_FOLDER, folderPath=/, requiredFields=[], markedForDeletion=false}, expectedName='testVarname1689360751415', expectedType='CONTENT'}]" classname="com.dotmarketing.business.DeterministicIdentifierAPITest" time="0.003"/>
  <system-out><![CDATA[]]></system-out>
  <system-err><![CDATA[]]></system-err>
</testsuite>
