<?xml version="1.0" encoding="UTF-8"?>
<testsuite name="com.dotcms.tika.TikaUtilsTest" tests="6" skipped="0" failures="0" errors="0" timestamp="2023-07-21T05:48:02" hostname="fv-az456-820" time="0.024">
  <properties/>
  <testcase name="testGetConfiguredMetadataFields" classname="com.dotcms.tika.TikaUtilsTest" time="0.005"/>
  <testcase name="test_FilterMetadataFields_WhenFieldsArrayIsEmpty_DoesNotModifyTheMap" classname="com.dotcms.tika.TikaUtilsTest" time="0.008"/>
  <testcase name="test_FilterMetadataFields_WhenFieldMatchesRegex_ReturnsMapWithTheField" classname="com.dotcms.tika.TikaUtilsTest" time="0.001"/>
  <testcase name="test_FilterMetadataFields_WhenFieldIsWildcard_ReturnsMapWithAllFields" classname="com.dotcms.tika.TikaUtilsTest" time="0.003"/>
  <testcase name="test_FilterMetadataFields_WhenFieldExistsInMap_ReturnsMapWithTheField" classname="com.dotcms.tika.TikaUtilsTest" time="0.001"/>
  <testcase name="test_FilterMetadataFields_WhenMapEmpty_ReturnsEmptyMap" classname="com.dotcms.tika.TikaUtilsTest" time="0.0"/>
  <system-out><![CDATA[]]></system-out>
  <system-err><![CDATA[]]></system-err>
</testsuite>
