<?xml version="1.0" encoding="UTF-8"?>
<testsuite name="com.dotcms.rest.TagResourceIntegrationTest" tests="4" skipped="0" failures="0" errors="0" timestamp="2023-06-30T05:05:22" hostname="fv-az210-575" time="0.272">
  <properties/>
  <testcase name="testList[0: com.dotcms.rest.TagResourceTestCase@7eb51b42]" classname="com.dotcms.rest.TagResourceIntegrationTest" time="0.226"/>
  <testcase name="testList[1: com.dotcms.rest.TagResourceTestCase@177bf8c5]" classname="com.dotcms.rest.TagResourceIntegrationTest" time="0.019"/>
  <testcase name="testList[2: com.dotcms.rest.TagResourceTestCase@374d2595]" classname="com.dotcms.rest.TagResourceIntegrationTest" time="0.012"/>
  <testcase name="testList[3: com.dotcms.rest.TagResourceTestCase@7e2aa575]" classname="com.dotcms.rest.TagResourceIntegrationTest" time="0.014"/>
  <system-out><![CDATA[]]></system-out>
  <system-err><![CDATA[Jun 30, 2023 5:05:22 AM com.dotcms.repackage.org.hibernate.validator.internal.util.Version <clinit>
INFO: HV000001: Hibernate Validator 4.3.2.Final
]]></system-err>
</testsuite>
