<?xml version="1.0" encoding="UTF-8"?>
<testsuite name="com.dotcms.rest.TagResourceIntegrationTest" tests="4" skipped="0" failures="0" errors="0" timestamp="2023-06-26T15:55:17" hostname="fv-az936-789" time="0.393">
  <properties/>
  <testcase name="testList[0: com.dotcms.rest.TagResourceTestCase@35f78877]" classname="com.dotcms.rest.TagResourceIntegrationTest" time="0.313"/>
  <testcase name="testList[1: com.dotcms.rest.TagResourceTestCase@457c1fa4]" classname="com.dotcms.rest.TagResourceIntegrationTest" time="0.029"/>
  <testcase name="testList[2: com.dotcms.rest.TagResourceTestCase@3e9dafb5]" classname="com.dotcms.rest.TagResourceIntegrationTest" time="0.022"/>
  <testcase name="testList[3: com.dotcms.rest.TagResourceTestCase@a20d140]" classname="com.dotcms.rest.TagResourceIntegrationTest" time="0.029"/>
  <system-out><![CDATA[]]></system-out>
  <system-err><![CDATA[Jun 26, 2023 3:55:17 PM com.dotcms.repackage.org.hibernate.validator.internal.util.Version <clinit>
INFO: HV000001: Hibernate Validator 4.3.2.Final
]]></system-err>
</testsuite>
