<?xml version="1.0" encoding="UTF-8"?>
<testsuite name="com.dotmarketing.startup.runonce.Task220203RemoveFolderInodeConstraintTest" tests="1" skipped="0" failures="0" errors="0" timestamp="2023-06-29T22:58:09" hostname="fv-az180-30" time="0.056">
  <properties/>
  <testcase name="testUpgradeTask" classname="com.dotmarketing.startup.runonce.Task220203RemoveFolderInodeConstraintTest" time="0.056"/>
  <system-out><![CDATA[







]]></system-out>
  <system-err><![CDATA[]]></system-err>
</testsuite>
