<?xml version="1.0" encoding="UTF-8"?>
<testsuite name="com.dotmarketing.business.DeterministicIdentifierAPITest" tests="16" skipped="0" failures="0" errors="0" timestamp="2023-07-17T17:01:36" hostname="fv-az338-287" time="1.38">
  <properties/>
  <testcase name="Test_Category_Path_Seed_And_Id" classname="com.dotmarketing.business.DeterministicIdentifierAPITest" time="0.025"/>
  <testcase name="Test_Language_Deterministic_Id[0: LanguageTestCase{expectedSeed='Language:es:US', expectedHash=4913155, langCode='es', countryCode='US', country='United States'}]" classname="com.dotmarketing.business.DeterministicIdentifierAPITest" time="0.001"/>
  <testcase name="Test_Language_Deterministic_Id[1: LanguageTestCase{expectedSeed='Language:ep:', expectedHash=5292269, langCode='ep', countryCode='', country=''}]" classname="com.dotmarketing.business.DeterministicIdentifierAPITest" time="0.001"/>
  <testcase name="Test_Language_Deterministic_Id[2: LanguageTestCase{expectedSeed='Language:sg:SAG', expectedHash=4713118, langCode='sg', countryCode='SAG', country=''}]" classname="com.dotmarketing.business.DeterministicIdentifierAPITest" time="0.0"/>
  <testcase name="Test_Language_Deterministic_Id[3: LanguageTestCase{expectedSeed='Language:en:NZ', expectedHash=5382528, langCode='en', countryCode='NZ', country='New Zealand'}]" classname="com.dotmarketing.business.DeterministicIdentifierAPITest" time="0.001"/>
  <testcase name="Test_Category_None_Persisted_Category_Should_Return_Deterministic_Id" classname="com.dotmarketing.business.DeterministicIdentifierAPITest" time="0.001"/>
  <testcase name="Test_Asset_Generate_Deterministic_Id_Best_Effort[0: TestCase{versionable=my.host1689612909363.com, parent=System Host, expectedName='my.host1689612909363.com', expectedType='Host'}]" classname="com.dotmarketing.business.DeterministicIdentifierAPITest" time="0.003"/>
  <testcase name="Test_Asset_Generate_Deterministic_Id_Best_Effort[1: TestCase{versionable=com.dotmarketing.portlets.contentlet.model.Contentlet@5071db42[map={modDate=2023-07-17 16:55:10.052, fileName=file2145566968441851951.txt, title=file2145566968441851951.txt, inode=43ec9040-4566-41fa-8fc2-2ddb06b47267, __IS_NEW_CONTENT__=true, disabledWYSIWYG=[], host=73ff3d9e-260c-4f57-939e-735b521326f4, stInode=33888b6f-7a8e-4069-b1b6-5c1aa9d0a48d, owner=system, identifier=93bd8b90-6253-4c22-8644-279d9ba40e25, nullProperties=[wfExpireDate, wfPublishDate, wfActionAssign, wfActionId, wfActionComments, filterKey, whereToSend, wfNeverExpire, _path_to_move, timezoneId, iWantTo, wfPublishTime, wfExpireTime], languageId=1, fileAsset=/home/runner/work/core/custom/assets/4/3/43ec9040-4566-41fa-8fc2-2ddb06b47267/fileAsset/file2145566968441851951.txt, folder=7c3dd29d-fbfe-42a8-9bc6-edcd051b0ea5, __disable_workflow__=true, sortOrder=0, modUser=system},lowIndexPriority=false,variantId=DEFAULT], parent=com.dotmarketing.portlets.folders.model.Folder@49a2bef4[identifier=7c3dd29d-fbfe-42a8-9bc6-edcd051b0ea5,name=testName1689612910044,sortOrder=0,showOnMenu=false,hostId=73ff3d9e-260c-4f57-939e-735b521326f4,type=folder,title=testTitle1689612910044,filesMasks=,defaultFileType=33888b6f-7a8e-4069-b1b6-5c1aa9d0a48d,modDate=2023-07-17 16:55:10.047,owner=&lt;null&gt;,iDate=2023-07-17 16:55:10.047,inode=7c3dd29d-fbfe-42a8-9bc6-edcd051b0ea5,path=/testName1689612910044/], expectedName='file2145566968441851951.txt', expectedType='FileAsset'}]" classname="com.dotmarketing.business.DeterministicIdentifierAPITest" time="0.002"/>
  <testcase name="Test_Asset_Generate_Deterministic_Id_Best_Effort[2: TestCase{versionable=com.dotmarketing.portlets.templates.model.Template@f0f7ef77, parent=my.host1689612909363.com, expectedName='testTitle1689612910153', expectedType='Template'}]" classname="com.dotmarketing.business.DeterministicIdentifierAPITest" time="0.002"/>
  <testcase name="Test_Asset_Generate_Deterministic_Id_Best_Effort[3: TestCase{versionable=com.dotmarketing.portlets.htmlpageasset.model.HTMLPageAsset@34a13668[map={template=4ab2876f-d7db-41c9-8bd6-d254106a4e7e, owner=system, identifier=1ae42bb4-df0d-4851-b20b-46bec9c57db4, nullProperties=[wfExpireDate, wfPublishDate, wfActionAssign, wfActionId, wfActionComments, filterKey, whereToSend, wfNeverExpire, _path_to_move, timezoneId, iWantTo, wfPublishTime, wfExpireTime], modDate=2023-07-17 16:55:10.172, cachettl=0, _is_test_mode=true, languageId=1, title=test-page-title-1689612910167, httpsreq=, url=test-page-url-1689612910167, showOnMenu=, inode=44aa0a85-cfbd-4575-aef7-2b8088cff748, folder=7c3dd29d-fbfe-42a8-9bc6-edcd051b0ea5, disabledWYSIWYG=[], sortOrder=1, modUser=system, host=73ff3d9e-260c-4f57-939e-735b521326f4, stInode=c541abb1-69b3-4bc5-8430-5e09e5239cc8, friendlyName=test-page-friendly-name-1689612910167},lowIndexPriority=false,variantId=DEFAULT], parent=com.dotmarketing.portlets.folders.model.Folder@49a2bef4[identifier=7c3dd29d-fbfe-42a8-9bc6-edcd051b0ea5,name=testName1689612910044,sortOrder=0,showOnMenu=false,hostId=73ff3d9e-260c-4f57-939e-735b521326f4,type=folder,title=testTitle1689612910044,filesMasks=,defaultFileType=33888b6f-7a8e-4069-b1b6-5c1aa9d0a48d,modDate=2023-07-17 16:55:10.047,owner=&lt;null&gt;,iDate=2023-07-17 16:55:10.047,inode=7c3dd29d-fbfe-42a8-9bc6-edcd051b0ea5,path=/testName1689612910044/], expectedName='test-page-url-1689612910167', expectedType='htmlpageasset'}]" classname="com.dotmarketing.business.DeterministicIdentifierAPITest" time="0.003"/>
  <testcase name="Test_Asset_Generate_Deterministic_Id_Best_Effort[4: TestCase{versionable=com.dotmarketing.portlets.contentlet.model.Contentlet@4fc651c9[map={fileAsset2=/home/runner/work/core/custom/assets/5/5/55f0e80b-c772-4a37-be1d-631361c08ea7/fileAsset2/test_binary1689612912052.png, modDate=2023-07-17 16:55:12.057, fileAsset1=/home/runner/work/core/custom/assets/5/5/55f0e80b-c772-4a37-be1d-631361c08ea7/fileAsset1/test_binary1689612912052.jpg, title=blah, inode=55f0e80b-c772-4a37-be1d-631361c08ea7, __IS_NEW_CONTENT__=true, disabledWYSIWYG=[], host=48190c8c-42c4-46af-8d1a-0cd5db894797, stInode=293df80a-a02a-46c6-813e-738aefc2711e, owner=system, identifier=15f90b96-918d-4409-b4c5-5d9c96d0aae4, nullProperties=[], languageId=1, image1=fd4fe981-3f12-417a-b546-0e7c90f8bc28, folder=SYSTEM_FOLDER, __disable_workflow__=true, sortOrder=0, modUser=system},lowIndexPriority=false,variantId=DEFAULT], parent=demo.dotcms.com, expectedName='test_binary1689612912052.jpg:test_binary1689612912052.png', expectedType='MultipleBinaries1689612910410'}]" classname="com.dotmarketing.business.DeterministicIdentifierAPITest" time="0.002"/>
  <testcase name="Test_Asset_Generate_Deterministic_Id_Best_Effort[5: TestCase{versionable=nameff9ca50b5b : keyTagff9ca50b5b, parent=my.host1689612909363.com, expectedName='keyTagff9ca50b5b', expectedType='persona'}]" classname="com.dotmarketing.business.DeterministicIdentifierAPITest" time="0.003"/>
  <testcase name="Test_Similar_Content_Type_Wont_Clash" classname="com.dotmarketing.business.DeterministicIdentifierAPITest" time="0.503"/>
  <testcase name="Test_Generate_Folder_Identifier" classname="com.dotmarketing.business.DeterministicIdentifierAPITest" time="0.816"/>
  <testcase name="Test_Generate_Content_Type_Identifier[0: ContentTypeTestCase{contentType=KeyValueContentType{name=Language Variable, id=f4d7c1b8-2c88-4071-abf1-a5328977b07d, description=Default Content Type for Language Variables, defaultType=false, fixed=true, iDate=Thu Aug 31 16:38:49 UTC 2017, system=true, versionable=true, variable=Languagevariable, modDate=Mon Jul 17 15:46:23 UTC 2023, host=SYSTEM_HOST, siteName=systemHost, icon=language, sortOrder=0, folder=SYSTEM_FOLDER, folderPath=/, markedForDeletion=true, multilingualable=false}, expectedName='Languagevariable', expectedType='KeyValue'}]" classname="com.dotmarketing.business.DeterministicIdentifierAPITest" time="0.008"/>
  <testcase name="Test_Generate_Content_Type_Identifier[1: ContentTypeTestCase{contentType=SimpleContentType{name=testName1689612912437, id=44d07f31-0708-4ef1-8910-7d207dd7b793, description=testDescription1689612912437, defaultType=false, fixed=false, iDate=Mon Jul 17 16:55:12 UTC 2023, system=false, versionable=true, multilingualable=false, variable=testVarname1689612912437, owner=system, modDate=Mon Jul 17 16:55:13 UTC 2023, host=48190c8c-42c4-46af-8d1a-0cd5db894797, siteName=demo.dotcms.com, icon=event_note, sortOrder=0, folder=SYSTEM_FOLDER, folderPath=/, requiredFields=[], markedForDeletion=false}, expectedName='testVarname1689612912437', expectedType='CONTENT'}]" classname="com.dotmarketing.business.DeterministicIdentifierAPITest" time="0.005"/>
  <system-out><![CDATA[]]></system-out>
  <system-err><![CDATA[]]></system-err>
</testsuite>
