<?xml version="1.0" encoding="UTF-8"?>
<testsuite name="com.dotmarketing.business.DeterministicIdentifierAPITest" tests="16" skipped="0" failures="0" errors="0" timestamp="2023-06-28T17:24:22" hostname="fv-az341-124" time="1.527">
  <properties/>
  <testcase name="Test_Category_Path_Seed_And_Id" classname="com.dotmarketing.business.DeterministicIdentifierAPITest" time="0.045"/>
  <testcase name="Test_Language_Deterministic_Id[0: LanguageTestCase{expectedSeed='Language:es:US', expectedHash=4913155, langCode='es', countryCode='US', country='United States'}]" classname="com.dotmarketing.business.DeterministicIdentifierAPITest" time="0.001"/>
  <testcase name="Test_Language_Deterministic_Id[1: LanguageTestCase{expectedSeed='Language:ep:', expectedHash=5292269, langCode='ep', countryCode='', country=''}]" classname="com.dotmarketing.business.DeterministicIdentifierAPITest" time="0.004"/>
  <testcase name="Test_Language_Deterministic_Id[2: LanguageTestCase{expectedSeed='Language:sg:SAG', expectedHash=4713118, langCode='sg', countryCode='SAG', country=''}]" classname="com.dotmarketing.business.DeterministicIdentifierAPITest" time="0.006"/>
  <testcase name="Test_Language_Deterministic_Id[3: LanguageTestCase{expectedSeed='Language:en:NZ', expectedHash=5382528, langCode='en', countryCode='NZ', country='New Zealand'}]" classname="com.dotmarketing.business.DeterministicIdentifierAPITest" time="0.001"/>
  <testcase name="Test_Category_None_Persisted_Category_Should_Return_Deterministic_Id" classname="com.dotmarketing.business.DeterministicIdentifierAPITest" time="0.002"/>
  <testcase name="Test_Asset_Generate_Deterministic_Id_Best_Effort[0: TestCase{versionable=my.host1687972684681.com, parent=System Host, expectedName='my.host1687972684681.com', expectedType='Host'}]" classname="com.dotmarketing.business.DeterministicIdentifierAPITest" time="0.009"/>
  <testcase name="Test_Asset_Generate_Deterministic_Id_Best_Effort[1: TestCase{versionable=com.dotmarketing.portlets.contentlet.model.Contentlet@47d7004f[map={modDate=2023-06-28 17:18:05.461, fileName=file4739266742774757717.txt, title=file4739266742774757717.txt, inode=bad981be-b510-495d-b724-541de2410a67, __IS_NEW_CONTENT__=true, disabledWYSIWYG=[], host=ea5f65ea-c999-4d1c-992d-c1dd7fb7c95e, stInode=33888b6f-7a8e-4069-b1b6-5c1aa9d0a48d, owner=system, identifier=9c59b8d9-ebec-496a-adc6-e9b6585fcebf, nullProperties=[wfExpireDate, wfPublishDate, wfActionAssign, wfActionId, wfActionComments, filterKey, whereToSend, wfNeverExpire, _path_to_move, timezoneId, iWantTo, wfPublishTime, wfExpireTime], languageId=1, fileAsset=/home/runner/work/core/custom/assets/b/a/bad981be-b510-495d-b724-541de2410a67/fileAsset/file4739266742774757717.txt, folder=506f6e1b-bb4b-467f-b989-ce8e96a82004, __disable_workflow__=true, sortOrder=0, modUser=system},lowIndexPriority=false,variantId=DEFAULT], parent=com.dotmarketing.portlets.folders.model.Folder@596c0244[identifier=506f6e1b-bb4b-467f-b989-ce8e96a82004,name=testName1687972685454,sortOrder=0,showOnMenu=false,hostId=ea5f65ea-c999-4d1c-992d-c1dd7fb7c95e,type=folder,title=testTitle1687972685454,filesMasks=,defaultFileType=33888b6f-7a8e-4069-b1b6-5c1aa9d0a48d,modDate=2023-06-28 17:18:05.457,owner=&lt;null&gt;,iDate=2023-06-28 17:18:05.457,inode=506f6e1b-bb4b-467f-b989-ce8e96a82004,path=/testName1687972685454/], expectedName='file4739266742774757717.txt', expectedType='FileAsset'}]" classname="com.dotmarketing.business.DeterministicIdentifierAPITest" time="0.003"/>
  <testcase name="Test_Asset_Generate_Deterministic_Id_Best_Effort[2: TestCase{versionable=com.dotmarketing.portlets.templates.model.Template@afb69673, parent=my.host1687972684681.com, expectedName='testTitle1687972685565', expectedType='Template'}]" classname="com.dotmarketing.business.DeterministicIdentifierAPITest" time="0.003"/>
  <testcase name="Test_Asset_Generate_Deterministic_Id_Best_Effort[3: TestCase{versionable=com.dotmarketing.portlets.htmlpageasset.model.HTMLPageAsset@a4103f8[map={template=67b0d9ca-b51c-4b5b-b622-7a37dc763b8f, owner=system, identifier=9774e128-0500-459e-93d8-e11f72a62cca, nullProperties=[wfExpireDate, wfPublishDate, wfActionAssign, wfActionId, wfActionComments, filterKey, whereToSend, wfNeverExpire, _path_to_move, timezoneId, iWantTo, wfPublishTime, wfExpireTime], modDate=2023-06-28 17:18:05.58, cachettl=0, _is_test_mode=true, languageId=1, title=test-page-title-1687972685576, httpsreq=, url=test-page-url-1687972685576, showOnMenu=, inode=42947dde-735e-441b-add9-961a2d3576c6, folder=506f6e1b-bb4b-467f-b989-ce8e96a82004, disabledWYSIWYG=[], sortOrder=1, modUser=system, host=ea5f65ea-c999-4d1c-992d-c1dd7fb7c95e, stInode=c541abb1-69b3-4bc5-8430-5e09e5239cc8, friendlyName=test-page-friendly-name-1687972685576},lowIndexPriority=false,variantId=DEFAULT], parent=com.dotmarketing.portlets.folders.model.Folder@596c0244[identifier=506f6e1b-bb4b-467f-b989-ce8e96a82004,name=testName1687972685454,sortOrder=0,showOnMenu=false,hostId=ea5f65ea-c999-4d1c-992d-c1dd7fb7c95e,type=folder,title=testTitle1687972685454,filesMasks=,defaultFileType=33888b6f-7a8e-4069-b1b6-5c1aa9d0a48d,modDate=2023-06-28 17:18:05.457,owner=&lt;null&gt;,iDate=2023-06-28 17:18:05.457,inode=506f6e1b-bb4b-467f-b989-ce8e96a82004,path=/testName1687972685454/], expectedName='test-page-url-1687972685576', expectedType='htmlpageasset'}]" classname="com.dotmarketing.business.DeterministicIdentifierAPITest" time="0.003"/>
  <testcase name="Test_Asset_Generate_Deterministic_Id_Best_Effort[4: TestCase{versionable=com.dotmarketing.portlets.contentlet.model.Contentlet@b6ce9e7[map={fileAsset2=/home/runner/work/core/custom/assets/a/3/a34d01ff-2ef8-42cb-987d-731b91650be1/fileAsset2/test_binary1687972686436.png, modDate=2023-06-28 17:18:06.441, fileAsset1=/home/runner/work/core/custom/assets/a/3/a34d01ff-2ef8-42cb-987d-731b91650be1/fileAsset1/test_binary1687972686436.jpg, title=blah, inode=a34d01ff-2ef8-42cb-987d-731b91650be1, __IS_NEW_CONTENT__=true, disabledWYSIWYG=[], host=48190c8c-42c4-46af-8d1a-0cd5db894797, stInode=49857cb7-94d6-4e44-9367-fda3552fa3bf, owner=system, identifier=6e3eadec-61bc-49ca-b501-88c643066cd0, nullProperties=[], languageId=1, image1=27b34ab2-99ab-48b9-93ba-623471962284, folder=SYSTEM_FOLDER, __disable_workflow__=true, sortOrder=0, modUser=system},lowIndexPriority=false,variantId=DEFAULT], parent=demo.dotcms.com, expectedName='test_binary1687972686436.jpg:test_binary1687972686436.png', expectedType='MultipleBinaries1687972685728'}]" classname="com.dotmarketing.business.DeterministicIdentifierAPITest" time="0.004"/>
  <testcase name="Test_Asset_Generate_Deterministic_Id_Best_Effort[5: TestCase{versionable=name876febd728 : keyTag876febd728, parent=my.host1687972684681.com, expectedName='keyTag876febd728', expectedType='persona'}]" classname="com.dotmarketing.business.DeterministicIdentifierAPITest" time="0.002"/>
  <testcase name="Test_Similar_Content_Type_Wont_Clash" classname="com.dotmarketing.business.DeterministicIdentifierAPITest" time="0.419"/>
  <testcase name="Test_Generate_Folder_Identifier" classname="com.dotmarketing.business.DeterministicIdentifierAPITest" time="1.008"/>
  <testcase name="Test_Generate_Content_Type_Identifier[0: ContentTypeTestCase{contentType=KeyValueContentType{name=Language Variable, id=f4d7c1b8-2c88-4071-abf1-a5328977b07d, description=Default Content Type for Language Variables, defaultType=false, fixed=true, iDate=Thu Aug 31 16:38:49 UTC 2017, system=true, versionable=true, variable=Languagevariable, modDate=Wed Jun 28 16:13:13 UTC 2023, host=SYSTEM_HOST, siteName=systemHost, icon=language, sortOrder=0, folder=SYSTEM_FOLDER, folderPath=/, markedForDeletion=true, multilingualable=false}, expectedName='Languagevariable', expectedType='KeyValue'}]" classname="com.dotmarketing.business.DeterministicIdentifierAPITest" time="0.006"/>
  <testcase name="Test_Generate_Content_Type_Identifier[1: ContentTypeTestCase{contentType=SimpleContentType{name=testName1687972686829, id=fce363ec-1df1-4445-abe1-053d5f0b5b76, description=testDescription1687972686829, defaultType=false, fixed=false, iDate=Wed Jun 28 17:18:06 UTC 2023, system=false, versionable=true, multilingualable=false, variable=testVarname1687972686829, owner=system, modDate=Wed Jun 28 17:18:08 UTC 2023, host=48190c8c-42c4-46af-8d1a-0cd5db894797, siteName=demo.dotcms.com, icon=event_note, sortOrder=0, folder=SYSTEM_FOLDER, folderPath=/, requiredFields=[], markedForDeletion=false}, expectedName='testVarname1687972686829', expectedType='CONTENT'}]" classname="com.dotmarketing.business.DeterministicIdentifierAPITest" time="0.006"/>
  <system-out><![CDATA[]]></system-out>
  <system-err><![CDATA[]]></system-err>
</testsuite>
