<?xml version="1.0" encoding="UTF-8"?>
<testsuite name="com.dotcms.content.elasticsearch.util.ESMappingUtilHelperTest" tests="12" skipped="0" failures="0" errors="0" timestamp="2023-07-17T19:21:45" hostname="fv-az451-216" time="321.635">
  <properties/>
  <testcase name="Test Name: testValidateNewsLikeMapping. Mapping Name: geomapping" classname="com.dotcms.content.elasticsearch.util.ESMappingUtilHelperTest" time="4.248"/>
  <testcase name="Test Name: testValidateNewsLikeMapping. Mapping Name: geomapping_2" classname="com.dotcms.content.elasticsearch.util.ESMappingUtilHelperTest" time="4.228"/>
  <testcase name="Test Name: testValidateNewsLikeMapping. Mapping Name: keywordmapping" classname="com.dotcms.content.elasticsearch.util.ESMappingUtilHelperTest" time="4.199"/>
  <testcase name="testMappingForDateFields" classname="com.dotcms.content.elasticsearch.util.ESMappingUtilHelperTest" time="89.064"/>
  <testcase name="testAddMappingForFields" classname="com.dotcms.content.elasticsearch.util.ESMappingUtilHelperTest" time="118.841"/>
  <testcase name="testCreateContentIndexWithCustomMappings" classname="com.dotcms.content.elasticsearch.util.ESMappingUtilHelperTest" time="88.076"/>
  <testcase name="Test Name: testValidateFileAssetMapping. Mapping Name: longmapping" classname="com.dotcms.content.elasticsearch.util.ESMappingUtilHelperTest" time="3.584"/>
  <testcase name="Test Name: testValidateFileAssetMapping. Mapping Name: keywordmapping" classname="com.dotcms.content.elasticsearch.util.ESMappingUtilHelperTest" time="4.04"/>
  <testcase name="Test Name: testValidateEventMapping. Mapping Name: template_1" classname="com.dotcms.content.elasticsearch.util.ESMappingUtilHelperTest" time="2.029"/>
  <testcase name="Test Name: testValidateEventMapping. Mapping Name: textmapping" classname="com.dotcms.content.elasticsearch.util.ESMappingUtilHelperTest" time="1.117"/>
  <testcase name="Test Name: testValidateEventMapping. Mapping Name: strings_as_dates" classname="com.dotcms.content.elasticsearch.util.ESMappingUtilHelperTest" time="1.109"/>
  <testcase name="Test Name: testValidateEventMapping. Mapping Name: permissions" classname="com.dotcms.content.elasticsearch.util.ESMappingUtilHelperTest" time="1.1"/>
  <system-out><![CDATA[]]></system-out>
  <system-err><![CDATA[]]></system-err>
</testsuite>
