<?xml version="1.0" encoding="UTF-8"?>
<testsuite name="com.dotmarketing.business.IdentifierConsistencyIntegrationTest" tests="8" skipped="1" failures="0" errors="0" timestamp="2023-07-10T19:16:50" hostname="fv-az471-786" time="0.563">
  <properties/>
  <testcase name="Test_Identifier_Update_Dupe_Asset_Name_Expect_Name_Collision" classname="com.dotmarketing.business.IdentifierConsistencyIntegrationTest" time="0.036"/>
  <testcase name="Test_Rename_Asset_Expect_SubPaths_Get_Renamed" classname="com.dotmarketing.business.IdentifierConsistencyIntegrationTest" time="0.0">
    <skipped/>
  </testcase>
  <testcase name="Test_Identifier_Delete_Parent_Folder_With_Existing_Children_Expect_Error" classname="com.dotmarketing.business.IdentifierConsistencyIntegrationTest" time="0.035"/>
  <testcase name="Test_Identifier_Insert_Subfolder_Expect_Name_Collision" classname="com.dotmarketing.business.IdentifierConsistencyIntegrationTest" time="0.021"/>
  <testcase name="Test_Identifier_Insert_Case_Insensitive_Dupe_Asset_Name" classname="com.dotmarketing.business.IdentifierConsistencyIntegrationTest" time="0.007"/>
  <testcase name="Test_Create_Folder_Tree_Then_Rename_Parent_Verify_Children_Are_Renamed" classname="com.dotmarketing.business.IdentifierConsistencyIntegrationTest" time="0.144"/>
  <testcase name="Test_Identifier_Create_Folder_Tree_Then_Update_Update_Identifier_Non_existing_Path" classname="com.dotmarketing.business.IdentifierConsistencyIntegrationTest" time="0.3"/>
  <testcase name="Test_Identifier_Insert_Subfolder_Then_Update_Expect_Name_Collision" classname="com.dotmarketing.business.IdentifierConsistencyIntegrationTest" time="0.018"/>
  <system-out><![CDATA[]]></system-out>
  <system-err><![CDATA[]]></system-err>
</testsuite>
