<?xml version="1.0" encoding="UTF-8"?>
<testsuite name="com.dotcms.rest.api.v2.contenttype.FieldResourceTest" tests="29" skipped="0" failures="0" errors="0" timestamp="2023-06-26T15:59:30" hostname="fv-az955-152" time="3.816">
  <properties/>
  <testcase name="testFieldMultiSelect" classname="com.dotcms.rest.api.v2.contenttype.FieldResourceTest" time="0.368"/>
  <testcase name="testFieldWysiwyg" classname="com.dotcms.rest.api.v2.contenttype.FieldResourceTest" time="0.268"/>
  <testcase name="testFieldCheckbox" classname="com.dotcms.rest.api.v2.contenttype.FieldResourceTest" time="0.104"/>
  <testcase name="testFieldDateTime" classname="com.dotcms.rest.api.v2.contenttype.FieldResourceTest" time="0.14"/>
  <testcase name="testFieldBinary" classname="com.dotcms.rest.api.v2.contenttype.FieldResourceTest" time="0.096"/>
  <testcase name="testFieldCustom" classname="com.dotcms.rest.api.v2.contenttype.FieldResourceTest" time="0.086"/>
  <testcase name="testFieldHidden" classname="com.dotcms.rest.api.v2.contenttype.FieldResourceTest" time="0.098"/>
  <testcase name="testFieldSelect" classname="com.dotcms.rest.api.v2.contenttype.FieldResourceTest" time="0.252"/>
  <testcase name="testFieldTag" classname="com.dotcms.rest.api.v2.contenttype.FieldResourceTest" time="0.12"/>
  <testcase name="testFieldImage" classname="com.dotcms.rest.api.v2.contenttype.FieldResourceTest" time="0.09"/>
  <testcase name="testFieldRadio" classname="com.dotcms.rest.api.v2.contenttype.FieldResourceTest" time="0.253"/>
  <testcase name="testFieldsList" classname="com.dotcms.rest.api.v2.contenttype.FieldResourceTest" time="0.022"/>
  <testcase name="testFieldPermissionTab" classname="com.dotcms.rest.api.v2.contenttype.FieldResourceTest" time="0.086"/>
  <testcase name="testCreateRelationshipFieldWithDash_Return400" classname="com.dotcms.rest.api.v2.contenttype.FieldResourceTest" time="0.004"/>
  <testcase name="testFieldHostFolder" classname="com.dotcms.rest.api.v2.contenttype.FieldResourceTest" time="0.085"/>
  <testcase name="testFieldRelationshipsTab" classname="com.dotcms.rest.api.v2.contenttype.FieldResourceTest" time="0.085"/>
  <testcase name="testFieldLineDivider" classname="com.dotcms.rest.api.v2.contenttype.FieldResourceTest" time="0.093"/>
  <testcase name="testFieldTabDividerField" classname="com.dotcms.rest.api.v2.contenttype.FieldResourceTest" time="0.078"/>
  <testcase name="testUpdateFieldVariable_Return400" classname="com.dotcms.rest.api.v2.contenttype.FieldResourceTest" time="0.306"/>
  <testcase name="testFieldTextArea" classname="com.dotcms.rest.api.v2.contenttype.FieldResourceTest" time="0.272"/>
  <testcase name="testFieldConstant" classname="com.dotcms.rest.api.v2.contenttype.FieldResourceTest" time="0.113"/>
  <testcase name="testCreateRelationshipFieldWithoutRelationType_Return400" classname="com.dotcms.rest.api.v2.contenttype.FieldResourceTest" time="0.007"/>
  <testcase name="testFieldCategory" classname="com.dotcms.rest.api.v2.contenttype.FieldResourceTest" time="0.084"/>
  <testcase name="testCreateRelationshipFieldWithoutContentTypeId_Return400" classname="com.dotcms.rest.api.v2.contenttype.FieldResourceTest" time="0.006"/>
  <testcase name="testFieldDate" classname="com.dotcms.rest.api.v2.contenttype.FieldResourceTest" time="0.128"/>
  <testcase name="testFieldFile" classname="com.dotcms.rest.api.v2.contenttype.FieldResourceTest" time="0.096"/>
  <testcase name="testFieldText" classname="com.dotcms.rest.api.v2.contenttype.FieldResourceTest" time="0.229"/>
  <testcase name="testFieldTime" classname="com.dotcms.rest.api.v2.contenttype.FieldResourceTest" time="0.14"/>
  <testcase name="testFieldKeyValue" classname="com.dotcms.rest.api.v2.contenttype.FieldResourceTest" time="0.103"/>
  <system-out><![CDATA[]]></system-out>
  <system-err><![CDATA[]]></system-err>
</testsuite>
