<?xml version="1.0" encoding="UTF-8"?>
<testsuite name="com.dotmarketing.portlets.structure.model.ContentletRelationshipsTest" tests="7" skipped="0" failures="0" errors="0" timestamp="2023-07-21T06:30:44" hostname="fv-az484-380" time="9.275">
  <properties/>
  <testcase name="testDoesAllowOnlyOne[0: com.dotmarketing.portlets.structure.model.ContentletRelationshipsTest$CardinalityTestCase@1a52710e]" classname="com.dotmarketing.portlets.structure.model.ContentletRelationshipsTest" time="0.506"/>
  <testcase name="testDoesAllowOnlyOne[1: com.dotmarketing.portlets.structure.model.ContentletRelationshipsTest$CardinalityTestCase@47c4f34e]" classname="com.dotmarketing.portlets.structure.model.ContentletRelationshipsTest" time="0.507"/>
  <testcase name="testDoesAllowOnlyOne[2: com.dotmarketing.portlets.structure.model.ContentletRelationshipsTest$CardinalityTestCase@3c834a88]" classname="com.dotmarketing.portlets.structure.model.ContentletRelationshipsTest" time="0.486"/>
  <testcase name="testGetRelationshipRecords[0: com.dotmarketing.portlets.structure.model.ContentletRelationshipsTest$TestCase@20a28954]" classname="com.dotmarketing.portlets.structure.model.ContentletRelationshipsTest" time="2.07"/>
  <testcase name="testGetRelationshipRecords[1: com.dotmarketing.portlets.structure.model.ContentletRelationshipsTest$TestCase@2971464f]" classname="com.dotmarketing.portlets.structure.model.ContentletRelationshipsTest" time="2.033"/>
  <testcase name="testGetRelationshipRecords[2: com.dotmarketing.portlets.structure.model.ContentletRelationshipsTest$TestCase@49cf8eac]" classname="com.dotmarketing.portlets.structure.model.ContentletRelationshipsTest" time="1.834"/>
  <testcase name="testGetRelationshipRecords[3: com.dotmarketing.portlets.structure.model.ContentletRelationshipsTest$TestCase@6fbe5a17]" classname="com.dotmarketing.portlets.structure.model.ContentletRelationshipsTest" time="1.837"/>
  <system-out><![CDATA[]]></system-out>
  <system-err><![CDATA[]]></system-err>
</testsuite>
