<?xml version="1.0" encoding="UTF-8"?>
<testsuite name="com.dotcms.rest.api.v1.content.ContentVersionResourceIntegrationTest" tests="6" skipped="0" failures="0" errors="0" timestamp="2023-07-17T17:23:57" hostname="fv-az244-731" time="5.057">
  <properties/>
  <testcase name="test_Find_All_By_Lang_Expect_OK" classname="com.dotcms.rest.api.v1.content.ContentVersionResourceIntegrationTest" time="3.007"/>
  <testcase name="test_Find_All_By_Lang_Expect_404" classname="com.dotcms.rest.api.v1.content.ContentVersionResourceIntegrationTest" time="0.008"/>
  <testcase name="test_find_multiple_inodes" classname="com.dotcms.rest.api.v1.content.ContentVersionResourceIntegrationTest" time="1.57"/>
  <testcase name="test_Find_All_Expect_OK" classname="com.dotcms.rest.api.v1.content.ContentVersionResourceIntegrationTest" time="0.46"/>
  <testcase name="test_Bad_Request_404" classname="com.dotcms.rest.api.v1.content.ContentVersionResourceIntegrationTest" time="0.01"/>
  <testcase name="test_Find_All_Expect_404" classname="com.dotcms.rest.api.v1.content.ContentVersionResourceIntegrationTest" time="0.001"/>
  <system-out><![CDATA[]]></system-out>
  <system-err><![CDATA[]]></system-err>
</testsuite>
