<?xml version="1.0" encoding="UTF-8"?>
<testsuite name="com.dotcms.rest.elasticsearch.ESContentResourcePortletTest" tests="8" skipped="0" failures="0" errors="0" timestamp="2023-06-26T20:49:26" hostname="fv-az1241-672" time="10.684">
  <properties/>
  <testcase name="test_search_includeGrandChildCategory_success" classname="com.dotcms.rest.elasticsearch.ESContentResourcePortletTest" time="2.19"/>
  <testcase name="testSearch[0: com.dotcms.rest.elasticsearch.ESContentResourcePortletTest$TestCase@4c38d5bb]" classname="com.dotcms.rest.elasticsearch.ESContentResourcePortletTest" time="1.072"/>
  <testcase name="testSearch[1: com.dotcms.rest.elasticsearch.ESContentResourcePortletTest$TestCase@3a7d42f3]" classname="com.dotcms.rest.elasticsearch.ESContentResourcePortletTest" time="1.366"/>
  <testcase name="testSearch[2: com.dotcms.rest.elasticsearch.ESContentResourcePortletTest$TestCase@3aed8399]" classname="com.dotcms.rest.elasticsearch.ESContentResourcePortletTest" time="1.115"/>
  <testcase name="testSearch[3: com.dotcms.rest.elasticsearch.ESContentResourcePortletTest$TestCase@a744233]" classname="com.dotcms.rest.elasticsearch.ESContentResourcePortletTest" time="1.353"/>
  <testcase name="testSearch[4: com.dotcms.rest.elasticsearch.ESContentResourcePortletTest$TestCase@6bcbcb]" classname="com.dotcms.rest.elasticsearch.ESContentResourcePortletTest" time="1.327"/>
  <testcase name="testSearch[5: com.dotcms.rest.elasticsearch.ESContentResourcePortletTest$TestCase@50d17bef]" classname="com.dotcms.rest.elasticsearch.ESContentResourcePortletTest" time="1.179"/>
  <testcase name="testSearch[6: com.dotcms.rest.elasticsearch.ESContentResourcePortletTest$TestCase@676db27]" classname="com.dotcms.rest.elasticsearch.ESContentResourcePortletTest" time="1.082"/>
  <system-out><![CDATA[]]></system-out>
  <system-err><![CDATA[]]></system-err>
</testsuite>
