<?xml version="1.0" encoding="UTF-8"?>
<testsuite name="com.dotcms.rest.api.v1.vtl.VTLResourceIntegrationTest" tests="6" skipped="0" failures="0" errors="0" timestamp="2023-06-26T18:52:53" hostname="fv-az341-169" time="10.958">
  <properties/>
  <testcase name="testGet[0: com.dotcms.rest.api.v1.vtl.VTLResourceTestCase@59c33b3a]" classname="com.dotcms.rest.api.v1.vtl.VTLResourceIntegrationTest" time="0.968"/>
  <testcase name="testGet[1: com.dotcms.rest.api.v1.vtl.VTLResourceTestCase@30e0c0ca]" classname="com.dotcms.rest.api.v1.vtl.VTLResourceIntegrationTest" time="1.831"/>
  <testcase name="testGet[2: com.dotcms.rest.api.v1.vtl.VTLResourceTestCase@5c830c1b]" classname="com.dotcms.rest.api.v1.vtl.VTLResourceIntegrationTest" time="2.271"/>
  <testcase name="testGet[3: com.dotcms.rest.api.v1.vtl.VTLResourceTestCase@36e9d792]" classname="com.dotcms.rest.api.v1.vtl.VTLResourceIntegrationTest" time="1.861"/>
  <testcase name="testGet[4: com.dotcms.rest.api.v1.vtl.VTLResourceTestCase@7633209e]" classname="com.dotcms.rest.api.v1.vtl.VTLResourceIntegrationTest" time="1.941"/>
  <testcase name="testGet[5: com.dotcms.rest.api.v1.vtl.VTLResourceTestCase@40e34802]" classname="com.dotcms.rest.api.v1.vtl.VTLResourceIntegrationTest" time="2.086"/>
  <system-out><![CDATA[]]></system-out>
  <system-err><![CDATA[]]></system-err>
</testsuite>
