<?xml version="1.0" encoding="UTF-8"?>
<testsuite name="com.dotcms.rest.elasticsearch.ESContentResourcePortletTest" tests="8" skipped="0" failures="0" errors="0" timestamp="2023-06-23T19:13:32" hostname="fv-az256-466" time="8.584">
  <properties/>
  <testcase name="test_search_includeGrandChildCategory_success" classname="com.dotcms.rest.elasticsearch.ESContentResourcePortletTest" time="1.9"/>
  <testcase name="testSearch[0: com.dotcms.rest.elasticsearch.ESContentResourcePortletTest$TestCase@334a8bf6]" classname="com.dotcms.rest.elasticsearch.ESContentResourcePortletTest" time="1.193"/>
  <testcase name="testSearch[1: com.dotcms.rest.elasticsearch.ESContentResourcePortletTest$TestCase@431b2a2e]" classname="com.dotcms.rest.elasticsearch.ESContentResourcePortletTest" time="0.336"/>
  <testcase name="testSearch[2: com.dotcms.rest.elasticsearch.ESContentResourcePortletTest$TestCase@67fe0fb6]" classname="com.dotcms.rest.elasticsearch.ESContentResourcePortletTest" time="1.177"/>
  <testcase name="testSearch[3: com.dotcms.rest.elasticsearch.ESContentResourcePortletTest$TestCase@5aee86f1]" classname="com.dotcms.rest.elasticsearch.ESContentResourcePortletTest" time="0.358"/>
  <testcase name="testSearch[4: com.dotcms.rest.elasticsearch.ESContentResourcePortletTest$TestCase@3d1ca361]" classname="com.dotcms.rest.elasticsearch.ESContentResourcePortletTest" time="1.369"/>
  <testcase name="testSearch[5: com.dotcms.rest.elasticsearch.ESContentResourcePortletTest$TestCase@27cca4b6]" classname="com.dotcms.rest.elasticsearch.ESContentResourcePortletTest" time="1.112"/>
  <testcase name="testSearch[6: com.dotcms.rest.elasticsearch.ESContentResourcePortletTest$TestCase@30d89c46]" classname="com.dotcms.rest.elasticsearch.ESContentResourcePortletTest" time="1.137"/>
  <system-out><![CDATA[]]></system-out>
  <system-err><![CDATA[]]></system-err>
</testsuite>
