<?xml version="1.0" encoding="UTF-8"?>
<testsuite name="com.liferay.portal.ejb.UserLocalManagerTest" tests="4" skipped="0" failures="0" errors="0" timestamp="2023-06-30T19:32:28" hostname="fv-az442-763" time="3.254">
  <properties/>
  <testcase name="testInvalidFirstName" classname="com.liferay.portal.ejb.UserLocalManagerTest" time="0.874"/>
  <testcase name="testValidName" classname="com.liferay.portal.ejb.UserLocalManagerTest" time="0.799"/>
  <testcase name="test_user_id_is_UUID" classname="com.liferay.portal.ejb.UserLocalManagerTest" time="0.789"/>
  <testcase name="testInvalidLastName" classname="com.liferay.portal.ejb.UserLocalManagerTest" time="0.792"/>
  <system-out><![CDATA[]]></system-out>
  <system-err><![CDATA[]]></system-err>
</testsuite>
