<?xml version="1.0" encoding="UTF-8"?>
<testsuite name="com.dotcms.rest.api.v1.authentication.ResetPasswordResourceIntegrationTest" tests="4" skipped="0" failures="0" errors="0" timestamp="2023-07-19T16:33:09" hostname="fv-az400-396" time="9.946">
  <properties/>
  <testcase name="testEXPIREDTOKEN" classname="com.dotcms.rest.api.v1.authentication.ResetPasswordResourceIntegrationTest" time="2.98"/>
  <testcase name="test_resetPassword_tokenNotBelongAnyUser_badRequest" classname="com.dotcms.rest.api.v1.authentication.ResetPasswordResourceIntegrationTest" time="0.005"/>
  <testcase name="test_resetPassword_success" classname="com.dotcms.rest.api.v1.authentication.ResetPasswordResourceIntegrationTest" time="3.933"/>
  <testcase name="testINVALIDPASSWORD" classname="com.dotcms.rest.api.v1.authentication.ResetPasswordResourceIntegrationTest" time="3.028"/>
  <system-out><![CDATA[]]></system-out>
  <system-err><![CDATA[]]></system-err>
</testsuite>
