<?xml version="1.0" encoding="UTF-8"?>
<testsuite name="com.dotcms.rest.TagResourceIntegrationTest" tests="4" skipped="0" failures="0" errors="0" timestamp="2023-06-27T17:28:56" hostname="fv-az162-375" time="0.236">
  <properties/>
  <testcase name="testList[0: com.dotcms.rest.TagResourceTestCase@4bea2a41]" classname="com.dotcms.rest.TagResourceIntegrationTest" time="0.194"/>
  <testcase name="testList[1: com.dotcms.rest.TagResourceTestCase@18bd7c63]" classname="com.dotcms.rest.TagResourceIntegrationTest" time="0.016"/>
  <testcase name="testList[2: com.dotcms.rest.TagResourceTestCase@6c22b0e]" classname="com.dotcms.rest.TagResourceIntegrationTest" time="0.011"/>
  <testcase name="testList[3: com.dotcms.rest.TagResourceTestCase@42a99668]" classname="com.dotcms.rest.TagResourceIntegrationTest" time="0.015"/>
  <system-out><![CDATA[]]></system-out>
  <system-err><![CDATA[Jun 27, 2023 5:28:56 PM com.dotcms.repackage.org.hibernate.validator.internal.util.Version <clinit>
INFO: HV000001: Hibernate Validator 4.3.2.Final
]]></system-err>
</testsuite>
