<?xml version="1.0" encoding="UTF-8"?>
<testsuite name="com.dotmarketing.servlets.ajax.AjaxDirectorServletIntegrationTest" tests="2" skipped="0" failures="0" errors="0" timestamp="2023-07-06T20:27:43" hostname="fv-az1234-650" time="2.979">
  <properties/>
  <testcase name="testService[0: com.dotmarketing.servlets.ajax.AjaxDirectorServletTestCase@72bd97ab]" classname="com.dotmarketing.servlets.ajax.AjaxDirectorServletIntegrationTest" time="0.939"/>
  <testcase name="testService[1: com.dotmarketing.servlets.ajax.AjaxDirectorServletTestCase@1ddc6140]" classname="com.dotmarketing.servlets.ajax.AjaxDirectorServletIntegrationTest" time="2.04"/>
  <system-out><![CDATA[]]></system-out>
  <system-err><![CDATA[]]></system-err>
</testsuite>
