<?xml version="1.0" encoding="UTF-8"?>
<testsuite name="com.dotcms.enterprise.publishing.remote.bundler.HostBundlerTest" tests="3" skipped="0" failures="0" errors="0" timestamp="2023-07-10T22:32:43" hostname="fv-az351-324" time="0.099">
  <properties/>
  <testcase name="addHostInBundle[0: com.dotcms.enterprise.publishing.remote.bundler.HostBundlerTest$TestCase@1007cb7]" classname="com.dotcms.enterprise.publishing.remote.bundler.HostBundlerTest" time="0.027"/>
  <testcase name="addHostInBundle[1: com.dotcms.enterprise.publishing.remote.bundler.HostBundlerTest$TestCase@40fcf014]" classname="com.dotcms.enterprise.publishing.remote.bundler.HostBundlerTest" time="0.029"/>
  <testcase name="addHostInBundle[2: com.dotcms.enterprise.publishing.remote.bundler.HostBundlerTest$TestCase@50bfa6c6]" classname="com.dotcms.enterprise.publishing.remote.bundler.HostBundlerTest" time="0.043"/>
  <system-out><![CDATA[]]></system-out>
  <system-err><![CDATA[]]></system-err>
</testsuite>
