<?xml version="1.0" encoding="UTF-8"?>
<testsuite name="com.dotcms.rest.elasticsearch.ESContentResourcePortletTest" tests="8" skipped="0" failures="0" errors="0" timestamp="2023-07-18T19:24:16" hostname="fv-az206-458" time="8.531">
  <properties/>
  <testcase name="test_search_includeGrandChildCategory_success" classname="com.dotcms.rest.elasticsearch.ESContentResourcePortletTest" time="1.298"/>
  <testcase name="testSearch[0: com.dotcms.rest.elasticsearch.ESContentResourcePortletTest$TestCase@311381de]" classname="com.dotcms.rest.elasticsearch.ESContentResourcePortletTest" time="0.879"/>
  <testcase name="testSearch[1: com.dotcms.rest.elasticsearch.ESContentResourcePortletTest$TestCase@4eb72338]" classname="com.dotcms.rest.elasticsearch.ESContentResourcePortletTest" time="1.255"/>
  <testcase name="testSearch[2: com.dotcms.rest.elasticsearch.ESContentResourcePortletTest$TestCase@4da12924]" classname="com.dotcms.rest.elasticsearch.ESContentResourcePortletTest" time="0.8"/>
  <testcase name="testSearch[3: com.dotcms.rest.elasticsearch.ESContentResourcePortletTest$TestCase@4564be17]" classname="com.dotcms.rest.elasticsearch.ESContentResourcePortletTest" time="1.256"/>
  <testcase name="testSearch[4: com.dotcms.rest.elasticsearch.ESContentResourcePortletTest$TestCase@68d4ca14]" classname="com.dotcms.rest.elasticsearch.ESContentResourcePortletTest" time="1.293"/>
  <testcase name="testSearch[5: com.dotcms.rest.elasticsearch.ESContentResourcePortletTest$TestCase@1f8d8ad5]" classname="com.dotcms.rest.elasticsearch.ESContentResourcePortletTest" time="0.817"/>
  <testcase name="testSearch[6: com.dotcms.rest.elasticsearch.ESContentResourcePortletTest$TestCase@5ba17809]" classname="com.dotcms.rest.elasticsearch.ESContentResourcePortletTest" time="0.932"/>
  <system-out><![CDATA[]]></system-out>
  <system-err><![CDATA[]]></system-err>
</testsuite>
