<?xml version="1.0" encoding="UTF-8"?>
<testsuite name="com.dotmarketing.portlets.structure.model.ContentletRelationshipsTest" tests="7" skipped="0" failures="0" errors="0" timestamp="2023-06-28T20:48:50" hostname="fv-az617-914" time="8.905">
  <properties/>
  <testcase name="testDoesAllowOnlyOne[0: com.dotmarketing.portlets.structure.model.ContentletRelationshipsTest$CardinalityTestCase@77cf0918]" classname="com.dotmarketing.portlets.structure.model.ContentletRelationshipsTest" time="0.447"/>
  <testcase name="testDoesAllowOnlyOne[1: com.dotmarketing.portlets.structure.model.ContentletRelationshipsTest$CardinalityTestCase@561ae2f8]" classname="com.dotmarketing.portlets.structure.model.ContentletRelationshipsTest" time="0.443"/>
  <testcase name="testDoesAllowOnlyOne[2: com.dotmarketing.portlets.structure.model.ContentletRelationshipsTest$CardinalityTestCase@793d949b]" classname="com.dotmarketing.portlets.structure.model.ContentletRelationshipsTest" time="0.484"/>
  <testcase name="testGetRelationshipRecords[0: com.dotmarketing.portlets.structure.model.ContentletRelationshipsTest$TestCase@6c7caa8f]" classname="com.dotmarketing.portlets.structure.model.ContentletRelationshipsTest" time="1.961"/>
  <testcase name="testGetRelationshipRecords[1: com.dotmarketing.portlets.structure.model.ContentletRelationshipsTest$TestCase@6374f9d1]" classname="com.dotmarketing.portlets.structure.model.ContentletRelationshipsTest" time="1.932"/>
  <testcase name="testGetRelationshipRecords[2: com.dotmarketing.portlets.structure.model.ContentletRelationshipsTest$TestCase@62f8da65]" classname="com.dotmarketing.portlets.structure.model.ContentletRelationshipsTest" time="1.82"/>
  <testcase name="testGetRelationshipRecords[3: com.dotmarketing.portlets.structure.model.ContentletRelationshipsTest$TestCase@77f413ed]" classname="com.dotmarketing.portlets.structure.model.ContentletRelationshipsTest" time="1.817"/>
  <system-out><![CDATA[]]></system-out>
  <system-err><![CDATA[]]></system-err>
</testsuite>
