<?xml version="1.0" encoding="UTF-8"?>
<testsuite name="com.dotcms.rest.TagResourceIntegrationTest" tests="4" skipped="0" failures="0" errors="0" timestamp="2023-07-10T16:20:54" hostname="fv-az450-691" time="0.266">
  <properties/>
  <testcase name="testList[0: com.dotcms.rest.TagResourceTestCase@6dc0ef1f]" classname="com.dotcms.rest.TagResourceIntegrationTest" time="0.207"/>
  <testcase name="testList[1: com.dotcms.rest.TagResourceTestCase@6cf49b6d]" classname="com.dotcms.rest.TagResourceIntegrationTest" time="0.022"/>
  <testcase name="testList[2: com.dotcms.rest.TagResourceTestCase@7ed2ed0c]" classname="com.dotcms.rest.TagResourceIntegrationTest" time="0.016"/>
  <testcase name="testList[3: com.dotcms.rest.TagResourceTestCase@6b2ede22]" classname="com.dotcms.rest.TagResourceIntegrationTest" time="0.019"/>
  <system-out><![CDATA[]]></system-out>
  <system-err><![CDATA[Jul 10, 2023 4:20:54 PM com.dotcms.repackage.org.hibernate.validator.internal.util.Version <clinit>
INFO: HV000001: Hibernate Validator 4.3.2.Final
]]></system-err>
</testsuite>
