<?xml version="1.0" encoding="UTF-8"?>
<testsuite name="com.dotmarketing.quartz.job.CleanUpFieldReferencesJobTest" tests="4" skipped="0" failures="0" errors="0" timestamp="2023-06-27T21:34:07" hostname="fv-az936-789" time="4.503">
  <properties/>
  <testcase name="testCleanUpFieldJob[0: TestCase{name='checkboxFieldVarName', fieldValue=CA, values='Canada|CA\r\nMexico|MX\r\nUSA|US', fieldType=class com.dotcms.contenttype.model.field.CheckboxField, isJsonFields=false}]" classname="com.dotmarketing.quartz.job.CleanUpFieldReferencesJobTest" time="0.54"/>
  <testcase name="testCleanUpFieldJob[1: TestCase{name='dateTimeFieldVarName', fieldValue=Mon Jun 26 20:59:42 UTC 2023, values='null', fieldType=class com.dotcms.contenttype.model.field.DateTimeField, isJsonFields=false}]" classname="com.dotmarketing.quartz.job.CleanUpFieldReferencesJobTest" time="1.348"/>
  <testcase name="testCleanUpFieldJob[2: TestCase{name='checkboxFieldVarName', fieldValue=CA, values='Canada|CA\r\nMexico|MX\r\nUSA|US', fieldType=class com.dotcms.contenttype.model.field.CheckboxField, isJsonFields=true}]" classname="com.dotmarketing.quartz.job.CleanUpFieldReferencesJobTest" time="1.324"/>
  <testcase name="testCleanUpFieldJob[3: TestCase{name='dateTimeFieldVarName', fieldValue=null, values='null', fieldType=class com.dotcms.contenttype.model.field.DateTimeField, isJsonFields=true}]" classname="com.dotmarketing.quartz.job.CleanUpFieldReferencesJobTest" time="1.29"/>
  <system-out><![CDATA[]]></system-out>
  <system-err><![CDATA[]]></system-err>
</testsuite>
