<?xml version="1.0" encoding="UTF-8"?>
<testsuite name="com.dotmarketing.business.DeterministicIdentifierAPITest" tests="16" skipped="0" failures="0" errors="0" timestamp="2023-06-26T17:27:39" hostname="fv-az585-827" time="1.686">
  <properties/>
  <testcase name="Test_Category_Path_Seed_And_Id" classname="com.dotmarketing.business.DeterministicIdentifierAPITest" time="0.029"/>
  <testcase name="Test_Language_Deterministic_Id[0: LanguageTestCase{expectedSeed='Language:es:US', expectedHash=4913155, langCode='es', countryCode='US', country='United States'}]" classname="com.dotmarketing.business.DeterministicIdentifierAPITest" time="0.001"/>
  <testcase name="Test_Language_Deterministic_Id[1: LanguageTestCase{expectedSeed='Language:ep:', expectedHash=5292269, langCode='ep', countryCode='', country=''}]" classname="com.dotmarketing.business.DeterministicIdentifierAPITest" time="0.002"/>
  <testcase name="Test_Language_Deterministic_Id[2: LanguageTestCase{expectedSeed='Language:sg:SAG', expectedHash=4713118, langCode='sg', countryCode='SAG', country=''}]" classname="com.dotmarketing.business.DeterministicIdentifierAPITest" time="0.001"/>
  <testcase name="Test_Language_Deterministic_Id[3: LanguageTestCase{expectedSeed='Language:en:NZ', expectedHash=5382528, langCode='en', countryCode='NZ', country='New Zealand'}]" classname="com.dotmarketing.business.DeterministicIdentifierAPITest" time="0.001"/>
  <testcase name="Test_Category_None_Persisted_Category_Should_Return_Deterministic_Id" classname="com.dotmarketing.business.DeterministicIdentifierAPITest" time="0.001"/>
  <testcase name="Test_Asset_Generate_Deterministic_Id_Best_Effort[0: TestCase{versionable=my.host1687794806507.com, parent=System Host, expectedName='my.host1687794806507.com', expectedType='Host'}]" classname="com.dotmarketing.business.DeterministicIdentifierAPITest" time="0.006"/>
  <testcase name="Test_Asset_Generate_Deterministic_Id_Best_Effort[1: TestCase{versionable=com.dotmarketing.portlets.contentlet.model.Contentlet@121302b3[map={modDate=2023-06-26 15:53:27.677, fileName=file1369856687950869419.txt, title=file1369856687950869419.txt, inode=ed2d67b7-775a-4d56-af91-9a2936a3755d, __IS_NEW_CONTENT__=true, disabledWYSIWYG=[], host=704effb2-6041-4536-8ec9-da52cccce6ec, stInode=33888b6f-7a8e-4069-b1b6-5c1aa9d0a48d, owner=system, identifier=fd0104b0-9f0c-4572-a259-7982742b2261, nullProperties=[wfExpireDate, wfPublishDate, wfActionAssign, wfActionId, wfActionComments, filterKey, whereToSend, wfNeverExpire, _path_to_move, timezoneId, iWantTo, wfPublishTime, wfExpireTime], languageId=1, fileAsset=/home/runner/work/core/custom/assets/e/d/ed2d67b7-775a-4d56-af91-9a2936a3755d/fileAsset/file1369856687950869419.txt, folder=3616f96a-d92b-4ae0-926e-b1b28f354e4f, __disable_workflow__=true, sortOrder=0, modUser=system},lowIndexPriority=false,variantId=DEFAULT], parent=com.dotmarketing.portlets.folders.model.Folder@4e2d2e65[identifier=3616f96a-d92b-4ae0-926e-b1b28f354e4f,name=testName1687794807669,sortOrder=0,showOnMenu=false,hostId=704effb2-6041-4536-8ec9-da52cccce6ec,type=folder,title=testTitle1687794807669,filesMasks=,defaultFileType=33888b6f-7a8e-4069-b1b6-5c1aa9d0a48d,modDate=2023-06-26 15:53:27.673,owner=&lt;null&gt;,iDate=2023-06-26 15:53:27.673,inode=3616f96a-d92b-4ae0-926e-b1b28f354e4f,path=/testName1687794807669/], expectedName='file1369856687950869419.txt', expectedType='FileAsset'}]" classname="com.dotmarketing.business.DeterministicIdentifierAPITest" time="0.004"/>
  <testcase name="Test_Asset_Generate_Deterministic_Id_Best_Effort[2: TestCase{versionable=com.dotmarketing.portlets.templates.model.Template@85518da2, parent=my.host1687794806507.com, expectedName='testTitle1687794807753', expectedType='Template'}]" classname="com.dotmarketing.business.DeterministicIdentifierAPITest" time="0.003"/>
  <testcase name="Test_Asset_Generate_Deterministic_Id_Best_Effort[3: TestCase{versionable=com.dotmarketing.portlets.htmlpageasset.model.HTMLPageAsset@7bc1f163[map={template=abddc926-b3ad-43cd-9f3e-97619093086d, owner=system, identifier=d4733aa7-cc07-4a9f-98ef-ac0accf99f6c, nullProperties=[wfExpireDate, wfPublishDate, wfActionAssign, wfActionId, wfActionComments, filterKey, whereToSend, wfNeverExpire, _path_to_move, timezoneId, iWantTo, wfPublishTime, wfExpireTime], modDate=2023-06-26 15:53:27.767, cachettl=0, _is_test_mode=true, languageId=1, title=test-page-title-1687794807763, httpsreq=, url=test-page-url-1687794807763, showOnMenu=, inode=c5cfeefd-46f7-4480-b6c6-3fd808c9ad82, folder=3616f96a-d92b-4ae0-926e-b1b28f354e4f, disabledWYSIWYG=[], sortOrder=1, modUser=system, host=704effb2-6041-4536-8ec9-da52cccce6ec, stInode=c541abb1-69b3-4bc5-8430-5e09e5239cc8, friendlyName=test-page-friendly-name-1687794807763},lowIndexPriority=false,variantId=DEFAULT], parent=com.dotmarketing.portlets.folders.model.Folder@4e2d2e65[identifier=3616f96a-d92b-4ae0-926e-b1b28f354e4f,name=testName1687794807669,sortOrder=0,showOnMenu=false,hostId=704effb2-6041-4536-8ec9-da52cccce6ec,type=folder,title=testTitle1687794807669,filesMasks=,defaultFileType=33888b6f-7a8e-4069-b1b6-5c1aa9d0a48d,modDate=2023-06-26 15:53:27.673,owner=&lt;null&gt;,iDate=2023-06-26 15:53:27.673,inode=3616f96a-d92b-4ae0-926e-b1b28f354e4f,path=/testName1687794807669/], expectedName='test-page-url-1687794807763', expectedType='htmlpageasset'}]" classname="com.dotmarketing.business.DeterministicIdentifierAPITest" time="0.003"/>
  <testcase name="Test_Asset_Generate_Deterministic_Id_Best_Effort[4: TestCase{versionable=com.dotmarketing.portlets.contentlet.model.Contentlet@15d0a289[map={fileAsset2=/home/runner/work/core/custom/assets/c/a/ca624b59-36b6-4fee-ab61-dc2d321fbb07/fileAsset2/test_binary1687794808586.png, modDate=2023-06-26 15:53:28.597, fileAsset1=/home/runner/work/core/custom/assets/c/a/ca624b59-36b6-4fee-ab61-dc2d321fbb07/fileAsset1/test_binary1687794808586.jpg, title=blah, inode=ca624b59-36b6-4fee-ab61-dc2d321fbb07, __IS_NEW_CONTENT__=true, disabledWYSIWYG=[], host=8a7d5e23-da1e-420a-b4f0-471e7da8ea2d, stInode=84d89204-a430-4b60-b990-c02453cde682, owner=system, identifier=dadeb990-b051-494d-b8eb-fa0296914a3b, nullProperties=[], languageId=1, image1=93789f3e-78d9-4585-8f5b-3583e8290985, folder=SYSTEM_FOLDER, __disable_workflow__=true, sortOrder=0, modUser=system},lowIndexPriority=false,variantId=DEFAULT], parent=default, expectedName='test_binary1687794808586.jpg:test_binary1687794808586.png', expectedType='MultipleBinaries1687794807876'}]" classname="com.dotmarketing.business.DeterministicIdentifierAPITest" time="0.009"/>
  <testcase name="Test_Asset_Generate_Deterministic_Id_Best_Effort[5: TestCase{versionable=name9956b1c84b : keyTag9956b1c84b, parent=my.host1687794806507.com, expectedName='keyTag9956b1c84b', expectedType='persona'}]" classname="com.dotmarketing.business.DeterministicIdentifierAPITest" time="0.006"/>
  <testcase name="Test_Similar_Content_Type_Wont_Clash" classname="com.dotmarketing.business.DeterministicIdentifierAPITest" time="0.465"/>
  <testcase name="Test_Generate_Folder_Identifier" classname="com.dotmarketing.business.DeterministicIdentifierAPITest" time="1.135"/>
  <testcase name="Test_Generate_Content_Type_Identifier[0: ContentTypeTestCase{contentType=KeyValueContentType{name=Language Variable, id=f4d7c1b8-2c88-4071-abf1-a5328977b07d, description=Default Content Type for Language Variables, defaultType=false, fixed=true, iDate=Thu Aug 31 16:38:49 UTC 2017, system=true, versionable=true, variable=Languagevariable, modDate=Mon Jun 26 15:50:06 UTC 2023, host=SYSTEM_HOST, siteName=systemHost, icon=language, sortOrder=0, folder=SYSTEM_FOLDER, folderPath=/, markedForDeletion=false, multilingualable=false}, expectedName='Languagevariable', expectedType='KeyValue'}]" classname="com.dotmarketing.business.DeterministicIdentifierAPITest" time="0.009"/>
  <testcase name="Test_Generate_Content_Type_Identifier[1: ContentTypeTestCase{contentType=SimpleContentType{name=testName1687794808953, id=0da4c3cf-e361-4393-9cc3-6bd212244d31, description=testDescription1687794808953, defaultType=false, fixed=false, iDate=Mon Jun 26 15:53:28 UTC 2023, system=false, versionable=true, multilingualable=false, variable=testVarname1687794808953, owner=system, modDate=Mon Jun 26 15:53:29 UTC 2023, host=8a7d5e23-da1e-420a-b4f0-471e7da8ea2d, siteName=default, icon=event_note, sortOrder=0, folder=SYSTEM_FOLDER, folderPath=/, requiredFields=[], markedForDeletion=false}, expectedName='testVarname1687794808953', expectedType='CONTENT'}]" classname="com.dotmarketing.business.DeterministicIdentifierAPITest" time="0.005"/>
  <system-out><![CDATA[]]></system-out>
  <system-err><![CDATA[]]></system-err>
</testsuite>
