<?xml version="1.0" encoding="UTF-8"?>
<testsuite name="com.dotmarketing.portlets.structure.model.ContentletRelationshipsTest" tests="7" skipped="0" failures="0" errors="0" timestamp="2023-06-28T19:18:44" hostname="fv-az398-53" time="8.267">
  <properties/>
  <testcase name="testDoesAllowOnlyOne[0: com.dotmarketing.portlets.structure.model.ContentletRelationshipsTest$CardinalityTestCase@4d095b6c]" classname="com.dotmarketing.portlets.structure.model.ContentletRelationshipsTest" time="0.404"/>
  <testcase name="testDoesAllowOnlyOne[1: com.dotmarketing.portlets.structure.model.ContentletRelationshipsTest$CardinalityTestCase@2eb9a7e7]" classname="com.dotmarketing.portlets.structure.model.ContentletRelationshipsTest" time="0.402"/>
  <testcase name="testDoesAllowOnlyOne[2: com.dotmarketing.portlets.structure.model.ContentletRelationshipsTest$CardinalityTestCase@5dea3724]" classname="com.dotmarketing.portlets.structure.model.ContentletRelationshipsTest" time="0.37"/>
  <testcase name="testGetRelationshipRecords[0: com.dotmarketing.portlets.structure.model.ContentletRelationshipsTest$TestCase@12a582ac]" classname="com.dotmarketing.portlets.structure.model.ContentletRelationshipsTest" time="1.826"/>
  <testcase name="testGetRelationshipRecords[1: com.dotmarketing.portlets.structure.model.ContentletRelationshipsTest$TestCase@15f069af]" classname="com.dotmarketing.portlets.structure.model.ContentletRelationshipsTest" time="1.896"/>
  <testcase name="testGetRelationshipRecords[2: com.dotmarketing.portlets.structure.model.ContentletRelationshipsTest$TestCase@76156269]" classname="com.dotmarketing.portlets.structure.model.ContentletRelationshipsTest" time="1.682"/>
  <testcase name="testGetRelationshipRecords[3: com.dotmarketing.portlets.structure.model.ContentletRelationshipsTest$TestCase@7a4a3898]" classname="com.dotmarketing.portlets.structure.model.ContentletRelationshipsTest" time="1.686"/>
  <system-out><![CDATA[]]></system-out>
  <system-err><![CDATA[]]></system-err>
</testsuite>
