<?xml version="1.0" encoding="UTF-8"?>
<testsuite name="com.dotmarketing.portlets.structure.model.ContentletRelationshipsTest" tests="7" skipped="0" failures="0" errors="0" timestamp="2023-06-27T15:45:34" hostname="fv-az574-602" time="8.168">
  <properties/>
  <testcase name="testDoesAllowOnlyOne[0: com.dotmarketing.portlets.structure.model.ContentletRelationshipsTest$CardinalityTestCase@54d861ee]" classname="com.dotmarketing.portlets.structure.model.ContentletRelationshipsTest" time="0.515"/>
  <testcase name="testDoesAllowOnlyOne[1: com.dotmarketing.portlets.structure.model.ContentletRelationshipsTest$CardinalityTestCase@78cbbe8]" classname="com.dotmarketing.portlets.structure.model.ContentletRelationshipsTest" time="0.441"/>
  <testcase name="testDoesAllowOnlyOne[2: com.dotmarketing.portlets.structure.model.ContentletRelationshipsTest$CardinalityTestCase@2ea7da89]" classname="com.dotmarketing.portlets.structure.model.ContentletRelationshipsTest" time="0.49"/>
  <testcase name="testGetRelationshipRecords[0: com.dotmarketing.portlets.structure.model.ContentletRelationshipsTest$TestCase@3fddee15]" classname="com.dotmarketing.portlets.structure.model.ContentletRelationshipsTest" time="1.994"/>
  <testcase name="testGetRelationshipRecords[1: com.dotmarketing.portlets.structure.model.ContentletRelationshipsTest$TestCase@289d3f11]" classname="com.dotmarketing.portlets.structure.model.ContentletRelationshipsTest" time="0.982"/>
  <testcase name="testGetRelationshipRecords[2: com.dotmarketing.portlets.structure.model.ContentletRelationshipsTest$TestCase@4aac9211]" classname="com.dotmarketing.portlets.structure.model.ContentletRelationshipsTest" time="1.956"/>
  <testcase name="testGetRelationshipRecords[3: com.dotmarketing.portlets.structure.model.ContentletRelationshipsTest$TestCase@5a4f7a5f]" classname="com.dotmarketing.portlets.structure.model.ContentletRelationshipsTest" time="1.788"/>
  <system-out><![CDATA[]]></system-out>
  <system-err><![CDATA[]]></system-err>
</testsuite>
