<?xml version="1.0" encoding="UTF-8"?>
<testsuite name="com.dotcms.contenttype.test.ContentTypeResourceTest" tests="10" skipped="0" failures="0" errors="0" timestamp="2023-06-21T17:33:16" hostname="fv-az454-705" time="22.426">
  <properties/>
  <testcase name="testJson[0: content-type-object.json]" classname="com.dotcms.contenttype.test.ContentTypeResourceTest" time="2.374"/>
  <testcase name="testJson[1: page-content-type.json]" classname="com.dotcms.contenttype.test.ContentTypeResourceTest" time="5.496"/>
  <testcase name="testJson[2: widget-type-object.json]" classname="com.dotcms.contenttype.test.ContentTypeResourceTest" time="2.091"/>
  <testcase name="testJson[3: content-type-array-insert.json]" classname="com.dotcms.contenttype.test.ContentTypeResourceTest" time="3.219"/>
  <testcase name="testJson[4: persona-type-object.json]" classname="com.dotcms.contenttype.test.ContentTypeResourceTest" time="3.009"/>
  <testcase name="testJson[5: content-type-object-insert.json]" classname="com.dotcms.contenttype.test.ContentTypeResourceTest" time="1.745"/>
  <testcase name="testJson[6: empty-widget.json]" classname="com.dotcms.contenttype.test.ContentTypeResourceTest" time="2.296"/>
  <testcase name="testJson[7: file-asset.json]" classname="com.dotcms.contenttype.test.ContentTypeResourceTest" time="2.189"/>
  <testcase name="test_setHostAndFolderAsIdentifer_with_null" classname="com.dotcms.contenttype.test.ContentTypeResourceTest" time="0.002"/>
  <testcase name="test_setHostAndFolderAsIdentifer_with_System_Host" classname="com.dotcms.contenttype.test.ContentTypeResourceTest" time="0.003"/>
  <system-out><![CDATA[]]></system-out>
  <system-err><![CDATA[]]></system-err>
</testsuite>
