<?xml version="1.0" encoding="UTF-8"?>
<testsuite name="com.dotcms.rest.api.v1.vtl.VTLResourceIntegrationTest" tests="6" skipped="0" failures="0" errors="0" timestamp="2023-07-14T18:12:00" hostname="fv-az1236-699" time="12.098">
  <properties/>
  <testcase name="testGet[0: com.dotcms.rest.api.v1.vtl.VTLResourceTestCase@60b1a6b0]" classname="com.dotcms.rest.api.v1.vtl.VTLResourceIntegrationTest" time="2.072"/>
  <testcase name="testGet[1: com.dotcms.rest.api.v1.vtl.VTLResourceTestCase@7a6df76a]" classname="com.dotcms.rest.api.v1.vtl.VTLResourceIntegrationTest" time="2.122"/>
  <testcase name="testGet[2: com.dotcms.rest.api.v1.vtl.VTLResourceTestCase@4e57be8c]" classname="com.dotcms.rest.api.v1.vtl.VTLResourceIntegrationTest" time="1.961"/>
  <testcase name="testGet[3: com.dotcms.rest.api.v1.vtl.VTLResourceTestCase@7b28c18a]" classname="com.dotcms.rest.api.v1.vtl.VTLResourceIntegrationTest" time="1.903"/>
  <testcase name="testGet[4: com.dotcms.rest.api.v1.vtl.VTLResourceTestCase@16c16c79]" classname="com.dotcms.rest.api.v1.vtl.VTLResourceIntegrationTest" time="2.095"/>
  <testcase name="testGet[5: com.dotcms.rest.api.v1.vtl.VTLResourceTestCase@3021f6c]" classname="com.dotcms.rest.api.v1.vtl.VTLResourceIntegrationTest" time="1.944"/>
  <system-out><![CDATA[]]></system-out>
  <system-err><![CDATA[]]></system-err>
</testsuite>
