<?xml version="1.0" encoding="UTF-8"?>
<testsuite name="com.dotmarketing.servlets.ajax.AjaxDirectorServletIntegrationTest" tests="2" skipped="0" failures="0" errors="0" timestamp="2023-07-11T21:33:15" hostname="fv-az203-15" time="2.555">
  <properties/>
  <testcase name="testService[0: com.dotmarketing.servlets.ajax.AjaxDirectorServletTestCase@4e77348c]" classname="com.dotmarketing.servlets.ajax.AjaxDirectorServletIntegrationTest" time="1.469"/>
  <testcase name="testService[1: com.dotmarketing.servlets.ajax.AjaxDirectorServletTestCase@2555d822]" classname="com.dotmarketing.servlets.ajax.AjaxDirectorServletIntegrationTest" time="1.086"/>
  <system-out><![CDATA[]]></system-out>
  <system-err><![CDATA[]]></system-err>
</testsuite>
