<?xml version="1.0" encoding="UTF-8"?>
<testsuite name="com.dotmarketing.portlets.structure.model.ContentletRelationshipsTest" tests="7" skipped="0" failures="0" errors="0" timestamp="2023-06-29T21:08:44" hostname="fv-az576-571" time="8.53">
  <properties/>
  <testcase name="testDoesAllowOnlyOne[0: com.dotmarketing.portlets.structure.model.ContentletRelationshipsTest$CardinalityTestCase@1f91a49]" classname="com.dotmarketing.portlets.structure.model.ContentletRelationshipsTest" time="0.519"/>
  <testcase name="testDoesAllowOnlyOne[1: com.dotmarketing.portlets.structure.model.ContentletRelationshipsTest$CardinalityTestCase@5aef4cc5]" classname="com.dotmarketing.portlets.structure.model.ContentletRelationshipsTest" time="0.483"/>
  <testcase name="testDoesAllowOnlyOne[2: com.dotmarketing.portlets.structure.model.ContentletRelationshipsTest$CardinalityTestCase@6fa1696e]" classname="com.dotmarketing.portlets.structure.model.ContentletRelationshipsTest" time="0.513"/>
  <testcase name="testGetRelationshipRecords[0: com.dotmarketing.portlets.structure.model.ContentletRelationshipsTest$TestCase@16278e7]" classname="com.dotmarketing.portlets.structure.model.ContentletRelationshipsTest" time="2.171"/>
  <testcase name="testGetRelationshipRecords[1: com.dotmarketing.portlets.structure.model.ContentletRelationshipsTest$TestCase@480011d0]" classname="com.dotmarketing.portlets.structure.model.ContentletRelationshipsTest" time="2.022"/>
  <testcase name="testGetRelationshipRecords[2: com.dotmarketing.portlets.structure.model.ContentletRelationshipsTest$TestCase@6829e571]" classname="com.dotmarketing.portlets.structure.model.ContentletRelationshipsTest" time="0.862"/>
  <testcase name="testGetRelationshipRecords[3: com.dotmarketing.portlets.structure.model.ContentletRelationshipsTest$TestCase@ca71b03]" classname="com.dotmarketing.portlets.structure.model.ContentletRelationshipsTest" time="1.96"/>
  <system-out><![CDATA[]]></system-out>
  <system-err><![CDATA[]]></system-err>
</testsuite>
