<?xml version="1.0" encoding="UTF-8"?>
<testsuite name="com.dotcms.contenttype.test.ContentResourceTest" tests="52" skipped="0" failures="0" errors="0" timestamp="2023-07-01T02:29:27" hostname="fv-az842-282" time="178.579">
  <properties/>
  <testcase name="testGetContentShouldReturnIconDetails" classname="com.dotcms.contenttype.test.ContentResourceTest" time="2.078"/>
  <testcase name="Test_Save_Action_Set_Words_To_Required_NumericField_Issue_15340" classname="com.dotcms.contenttype.test.ContentResourceTest" time="1.032"/>
  <testcase name="test_getContent_includeGrandChildCategory_success" classname="com.dotcms.contenttype.test.ContentResourceTest" time="1.606"/>
  <testcase name="testGetContentWithRelatedParameter[0: com.dotcms.contenttype.test.ContentResourceTest$PullRelatedTestCase@c43ab82]" classname="com.dotcms.contenttype.test.ContentResourceTest" time="5.024"/>
  <testcase name="testGetContentWithRelatedParameter[1: com.dotcms.contenttype.test.ContentResourceTest$PullRelatedTestCase@640c2919]" classname="com.dotcms.contenttype.test.ContentResourceTest" time="4.63"/>
  <testcase name="testGetContentWithRelatedParameter[2: com.dotcms.contenttype.test.ContentResourceTest$PullRelatedTestCase@78c3bd6e]" classname="com.dotcms.contenttype.test.ContentResourceTest" time="4.767"/>
  <testcase name="testGetContentWithRelatedParameter[3: com.dotcms.contenttype.test.ContentResourceTest$PullRelatedTestCase@221a2873]" classname="com.dotcms.contenttype.test.ContentResourceTest" time="4.467"/>
  <testcase name="testGetContentWithRelatedParameter[4: com.dotcms.contenttype.test.ContentResourceTest$PullRelatedTestCase@33149809]" classname="com.dotcms.contenttype.test.ContentResourceTest" time="4.542"/>
  <testcase name="test_getContent_SelfRelatedWith3LevelsOfDepth_shouldReturnRelationships" classname="com.dotcms.contenttype.test.ContentResourceTest" time="1.744"/>
  <testcase name="Test_Save_Action_Send_Fields_SubSet_Issue_15340" classname="com.dotcms.contenttype.test.ContentResourceTest" time="3.29"/>
  <testcase name="test_getContent_shouldReturnRelationships[0: com.dotcms.contenttype.test.ContentResourceTest$TestCase@36552b93]" classname="com.dotcms.contenttype.test.ContentResourceTest" time="3.688"/>
  <testcase name="test_getContent_shouldReturnRelationships[1: com.dotcms.contenttype.test.ContentResourceTest$TestCase@5398d8fa]" classname="com.dotcms.contenttype.test.ContentResourceTest" time="3.61"/>
  <testcase name="test_getContent_shouldReturnRelationships[2: com.dotcms.contenttype.test.ContentResourceTest$TestCase@20b23b4a]" classname="com.dotcms.contenttype.test.ContentResourceTest" time="3.693"/>
  <testcase name="test_getContent_shouldReturnRelationships[3: com.dotcms.contenttype.test.ContentResourceTest$TestCase@37713b85]" classname="com.dotcms.contenttype.test.ContentResourceTest" time="4.001"/>
  <testcase name="test_getContent_shouldReturnRelationships[4: com.dotcms.contenttype.test.ContentResourceTest$TestCase@2867874b]" classname="com.dotcms.contenttype.test.ContentResourceTest" time="2.932"/>
  <testcase name="test_getContent_shouldReturnRelationships[5: com.dotcms.contenttype.test.ContentResourceTest$TestCase@3dadd5b5]" classname="com.dotcms.contenttype.test.ContentResourceTest" time="3.791"/>
  <testcase name="test_getContent_shouldReturnRelationships[6: com.dotcms.contenttype.test.ContentResourceTest$TestCase@c74c121]" classname="com.dotcms.contenttype.test.ContentResourceTest" time="3.954"/>
  <testcase name="test_getContent_shouldReturnRelationships[7: com.dotcms.contenttype.test.ContentResourceTest$TestCase@32677e39]" classname="com.dotcms.contenttype.test.ContentResourceTest" time="3.938"/>
  <testcase name="test_getContent_shouldReturnRelationships[8: com.dotcms.contenttype.test.ContentResourceTest$TestCase@262eeae1]" classname="com.dotcms.contenttype.test.ContentResourceTest" time="3.83"/>
  <testcase name="test_getContent_shouldReturnRelationships[9: com.dotcms.contenttype.test.ContentResourceTest$TestCase@75fd83ec]" classname="com.dotcms.contenttype.test.ContentResourceTest" time="3.779"/>
  <testcase name="test_getContent_shouldReturnRelationships[10: com.dotcms.contenttype.test.ContentResourceTest$TestCase@5f2a39bb]" classname="com.dotcms.contenttype.test.ContentResourceTest" time="3.626"/>
  <testcase name="test_getContent_shouldReturnRelationships[11: com.dotcms.contenttype.test.ContentResourceTest$TestCase@563502d1]" classname="com.dotcms.contenttype.test.ContentResourceTest" time="3.59"/>
  <testcase name="test_getContent_shouldReturnRelationships[12: com.dotcms.contenttype.test.ContentResourceTest$TestCase@79d9314]" classname="com.dotcms.contenttype.test.ContentResourceTest" time="3.502"/>
  <testcase name="test_getContent_shouldReturnRelationships[13: com.dotcms.contenttype.test.ContentResourceTest$TestCase@1ee682e8]" classname="com.dotcms.contenttype.test.ContentResourceTest" time="3.418"/>
  <testcase name="test_getContent_shouldReturnRelationships[14: com.dotcms.contenttype.test.ContentResourceTest$TestCase@108f876e]" classname="com.dotcms.contenttype.test.ContentResourceTest" time="3.634"/>
  <testcase name="test_getContent_shouldReturnRelationships[15: com.dotcms.contenttype.test.ContentResourceTest$TestCase@6e523c24]" classname="com.dotcms.contenttype.test.ContentResourceTest" time="3.833"/>
  <testcase name="test_getContent_shouldReturnRelationships[16: com.dotcms.contenttype.test.ContentResourceTest$TestCase@53c07c9]" classname="com.dotcms.contenttype.test.ContentResourceTest" time="4.762"/>
  <testcase name="test_getContent_shouldReturnRelationships[17: com.dotcms.contenttype.test.ContentResourceTest$TestCase@2fe73444]" classname="com.dotcms.contenttype.test.ContentResourceTest" time="3.908"/>
  <testcase name="test_getContent_shouldReturnRelationships[18: com.dotcms.contenttype.test.ContentResourceTest$TestCase@43bf7221]" classname="com.dotcms.contenttype.test.ContentResourceTest" time="3.94"/>
  <testcase name="test_getContent_shouldReturnRelationships[19: com.dotcms.contenttype.test.ContentResourceTest$TestCase@3cf3c56e]" classname="com.dotcms.contenttype.test.ContentResourceTest" time="3.838"/>
  <testcase name="test_getContent_shouldReturnRelationships[20: com.dotcms.contenttype.test.ContentResourceTest$TestCase@59148f76]" classname="com.dotcms.contenttype.test.ContentResourceTest" time="3.94"/>
  <testcase name="test_getContent_shouldReturnRelationships[21: com.dotcms.contenttype.test.ContentResourceTest$TestCase@4f47c504]" classname="com.dotcms.contenttype.test.ContentResourceTest" time="3.035"/>
  <testcase name="test_getContent_shouldReturnRelationships[22: com.dotcms.contenttype.test.ContentResourceTest$TestCase@775188b7]" classname="com.dotcms.contenttype.test.ContentResourceTest" time="3.725"/>
  <testcase name="test_getContent_shouldReturnRelationships[23: com.dotcms.contenttype.test.ContentResourceTest$TestCase@552bfb86]" classname="com.dotcms.contenttype.test.ContentResourceTest" time="3.086"/>
  <testcase name="test_getContent_shouldReturnRelationships[24: com.dotcms.contenttype.test.ContentResourceTest$TestCase@2839a16a]" classname="com.dotcms.contenttype.test.ContentResourceTest" time="3.983"/>
  <testcase name="test_getContent_shouldReturnRelationships[25: com.dotcms.contenttype.test.ContentResourceTest$TestCase@59a72e8c]" classname="com.dotcms.contenttype.test.ContentResourceTest" time="3.351"/>
  <testcase name="test_getContent_shouldReturnRelationships[26: com.dotcms.contenttype.test.ContentResourceTest$TestCase@22c8113f]" classname="com.dotcms.contenttype.test.ContentResourceTest" time="3.444"/>
  <testcase name="test_getContent_shouldReturnRelationships[27: com.dotcms.contenttype.test.ContentResourceTest$TestCase@2835392b]" classname="com.dotcms.contenttype.test.ContentResourceTest" time="3.848"/>
  <testcase name="test_getContent_shouldReturnRelationships[28: com.dotcms.contenttype.test.ContentResourceTest$TestCase@4de2efb6]" classname="com.dotcms.contenttype.test.ContentResourceTest" time="3.528"/>
  <testcase name="test_getContent_shouldReturnRelationships[29: com.dotcms.contenttype.test.ContentResourceTest$TestCase@2dd17bc8]" classname="com.dotcms.contenttype.test.ContentResourceTest" time="3.678"/>
  <testcase name="test_getContent_shouldReturnRelationships[30: com.dotcms.contenttype.test.ContentResourceTest$TestCase@4f72c6a4]" classname="com.dotcms.contenttype.test.ContentResourceTest" time="3.838"/>
  <testcase name="test_getContent_shouldReturnRelationships[31: com.dotcms.contenttype.test.ContentResourceTest$TestCase@4e8f5200]" classname="com.dotcms.contenttype.test.ContentResourceTest" time="3.953"/>
  <testcase name="test_getContent_shouldReturnRelationships[32: com.dotcms.contenttype.test.ContentResourceTest$TestCase@144a9b38]" classname="com.dotcms.contenttype.test.ContentResourceTest" time="4.883"/>
  <testcase name="test_getContent_shouldReturnRelationships[33: com.dotcms.contenttype.test.ContentResourceTest$TestCase@3263ad42]" classname="com.dotcms.contenttype.test.ContentResourceTest" time="4.953"/>
  <testcase name="testSinglePOST_InvalidParamsShouldReturn400[0: ({\n    &quot;stInode&quot; : &quot;InvalidValue&quot;,\n    &quot;numeric&quot; : &quot;0&quot;,\n    &quot;image&quot; : &quot;whatever&quot;\n}, Bad Request)]" classname="com.dotcms.contenttype.test.ContentResourceTest" time="1.102"/>
  <testcase name="testSinglePOST_InvalidParamsShouldReturn400[1: ({\n    &quot;numeric&quot; : &quot;0&quot;,\n    &quot;image&quot; : &quot;whatever&quot;\n}, Bad Request)]" classname="com.dotcms.contenttype.test.ContentResourceTest" time="1.054"/>
  <testcase name="Test_Save_Action_Set_Null_To_Required_NumericField_Issue_15340" classname="com.dotcms.contenttype.test.ContentResourceTest" time="1.114"/>
  <testcase name="Test_Save_Action_Remove_Image_Then_Verify_Fields_Were_Cleared_Issue_15340" classname="com.dotcms.contenttype.test.ContentResourceTest" time="4.453"/>
  <testcase name="test_getContentWithMultipleSelfRelated_shouldReturnRelationships[0: com.dotcms.contenttype.test.ContentResourceTest$PullSelfRelatedTestCase@5fd65a61]" classname="com.dotcms.contenttype.test.ContentResourceTest" time="2.093"/>
  <testcase name="test_getContentWithMultipleSelfRelated_shouldReturnRelationships[1: com.dotcms.contenttype.test.ContentResourceTest$PullSelfRelatedTestCase@1f0589f8]" classname="com.dotcms.contenttype.test.ContentResourceTest" time="2.094"/>
  <testcase name="testGetContentWithAllCategoriesInfo[0: json]" classname="com.dotcms.contenttype.test.ContentResourceTest" time="2.876"/>
  <testcase name="testGetContentWithAllCategoriesInfo[1: xml]" classname="com.dotcms.contenttype.test.ContentResourceTest" time="2.097"/>
  <system-out><![CDATA[











]]></system-out>
  <system-err><![CDATA[]]></system-err>
</testsuite>
