<?xml version="1.0" encoding="UTF-8"?>
<testsuite name="com.dotcms.enterprise.publishing.staticpublishing.AWSS3PublisherTest" tests="1" skipped="0" failures="0" errors="0" timestamp="2023-07-13T19:20:48" hostname="fv-az178-328" time="0.431">
  <properties/>
  <testcase name="Test_Should_Force_Push" classname="com.dotcms.enterprise.publishing.staticpublishing.AWSS3PublisherTest" time="0.431"/>
  <system-out><![CDATA[]]></system-out>
  <system-err><![CDATA[]]></system-err>
</testsuite>
