<?xml version="1.0" encoding="UTF-8"?>
<testsuite name="com.dotcms.contenttype.business.SiteAndFolderResolverImplTest" tests="11" skipped="0" failures="0" errors="0" timestamp="2023-06-27T15:23:11" hostname="fv-az354-410" time="3.801">
  <properties/>
  <testcase name="Test_Fallback_To_System_Host" classname="com.dotcms.contenttype.business.SiteAndFolderResolverImplTest" time="0.009"/>
  <testcase name="Test_Set_Existing_Folder_Expect_Valid_Resolution" classname="com.dotcms.contenttype.business.SiteAndFolderResolverImplTest" time="0.735"/>
  <testcase name="TestCaller" classname="com.dotcms.contenttype.business.SiteAndFolderResolverImplTest" time="0.014"/>
  <testcase name="Test_Explicitly_Set_System_Host_And_System_Folder_Expect_Same_Values" classname="com.dotcms.contenttype.business.SiteAndFolderResolverImplTest" time="0.002"/>
  <testcase name="Test_fromPath_And_Site_Method" classname="com.dotcms.contenttype.business.SiteAndFolderResolverImplTest" time="1.013"/>
  <testcase name="Test_Skip_Validate_Whatever_Comes_In_Comes_Back_TheSame" classname="com.dotcms.contenttype.business.SiteAndFolderResolverImplTest" time="0.007"/>
  <testcase name="Test_Set_Folder_Path_Expect_Valid_Resolution" classname="com.dotcms.contenttype.business.SiteAndFolderResolverImplTest" time="1.043"/>
  <testcase name="Test_Resolve_Fixed_ContentType" classname="com.dotcms.contenttype.business.SiteAndFolderResolverImplTest" time="0.005"/>
  <testcase name="Test_Get_SiteAndFolderParams_When_No_Host_Value_Is_Expect_Null" classname="com.dotcms.contenttype.business.SiteAndFolderResolverImplTest" time="0.003"/>
  <testcase name="Test_Fallback_To_Default" classname="com.dotcms.contenttype.business.SiteAndFolderResolverImplTest" time="0.006"/>
  <testcase name="Test_fromPath_Method" classname="com.dotcms.contenttype.business.SiteAndFolderResolverImplTest" time="0.961"/>
  <system-out><![CDATA[]]></system-out>
  <system-err><![CDATA[]]></system-err>
</testsuite>
