<?xml version="1.0" encoding="UTF-8"?>
<testsuite name="com.dotcms.rest.api.v1.vtl.VTLResourceIntegrationTest" tests="6" skipped="0" failures="0" errors="0" timestamp="2023-07-13T22:10:27" hostname="fv-az166-219" time="12.119">
  <properties/>
  <testcase name="testGet[0: com.dotcms.rest.api.v1.vtl.VTLResourceTestCase@76c162f6]" classname="com.dotcms.rest.api.v1.vtl.VTLResourceIntegrationTest" time="2.14"/>
  <testcase name="testGet[1: com.dotcms.rest.api.v1.vtl.VTLResourceTestCase@2e8420f3]" classname="com.dotcms.rest.api.v1.vtl.VTLResourceIntegrationTest" time="2.064"/>
  <testcase name="testGet[2: com.dotcms.rest.api.v1.vtl.VTLResourceTestCase@438aa1a7]" classname="com.dotcms.rest.api.v1.vtl.VTLResourceIntegrationTest" time="1.94"/>
  <testcase name="testGet[3: com.dotcms.rest.api.v1.vtl.VTLResourceTestCase@45626317]" classname="com.dotcms.rest.api.v1.vtl.VTLResourceIntegrationTest" time="2.033"/>
  <testcase name="testGet[4: com.dotcms.rest.api.v1.vtl.VTLResourceTestCase@38497f9f]" classname="com.dotcms.rest.api.v1.vtl.VTLResourceIntegrationTest" time="2.016"/>
  <testcase name="testGet[5: com.dotcms.rest.api.v1.vtl.VTLResourceTestCase@37c543dd]" classname="com.dotcms.rest.api.v1.vtl.VTLResourceIntegrationTest" time="1.926"/>
  <system-out><![CDATA[]]></system-out>
  <system-err><![CDATA[]]></system-err>
</testsuite>
