<?xml version="1.0" encoding="UTF-8"?>
<testsuite name="com.dotmarketing.startup.runonce.Task211103RenameHostNameLabelTest" tests="1" skipped="0" failures="0" errors="0" timestamp="2023-06-27T19:45:46" hostname="fv-az451-154" time="0.01">
  <properties/>
  <testcase name="testUpgradeTask" classname="com.dotmarketing.startup.runonce.Task211103RenameHostNameLabelTest" time="0.01"/>
  <system-out><![CDATA[]]></system-out>
  <system-err><![CDATA[]]></system-err>
</testsuite>
