<?xml version="1.0" encoding="UTF-8"?>
<testsuite name="com.dotcms.rest.api.v1.vtl.VTLResourceIntegrationTest" tests="6" skipped="0" failures="0" errors="0" timestamp="2023-07-07T21:44:55" hostname="fv-az563-341" time="12.005">
  <properties/>
  <testcase name="testGet[0: com.dotcms.rest.api.v1.vtl.VTLResourceTestCase@5183e2b3]" classname="com.dotcms.rest.api.v1.vtl.VTLResourceIntegrationTest" time="2.019"/>
  <testcase name="testGet[1: com.dotcms.rest.api.v1.vtl.VTLResourceTestCase@4d4ce457]" classname="com.dotcms.rest.api.v1.vtl.VTLResourceIntegrationTest" time="2.121"/>
  <testcase name="testGet[2: com.dotcms.rest.api.v1.vtl.VTLResourceTestCase@364dd556]" classname="com.dotcms.rest.api.v1.vtl.VTLResourceIntegrationTest" time="2.054"/>
  <testcase name="testGet[3: com.dotcms.rest.api.v1.vtl.VTLResourceTestCase@784f55e6]" classname="com.dotcms.rest.api.v1.vtl.VTLResourceIntegrationTest" time="1.908"/>
  <testcase name="testGet[4: com.dotcms.rest.api.v1.vtl.VTLResourceTestCase@3617a626]" classname="com.dotcms.rest.api.v1.vtl.VTLResourceIntegrationTest" time="2.111"/>
  <testcase name="testGet[5: com.dotcms.rest.api.v1.vtl.VTLResourceTestCase@1cd392ef]" classname="com.dotcms.rest.api.v1.vtl.VTLResourceIntegrationTest" time="1.792"/>
  <system-out><![CDATA[]]></system-out>
  <system-err><![CDATA[]]></system-err>
</testsuite>
