<?xml version="1.0" encoding="UTF-8"?>
<testsuite name="com.dotmarketing.portlets.structure.model.ContentletRelationshipsTest" tests="7" skipped="0" failures="0" errors="0" timestamp="2023-07-18T16:36:45" hostname="fv-az396-900" time="8.891">
  <properties/>
  <testcase name="testDoesAllowOnlyOne[0: com.dotmarketing.portlets.structure.model.ContentletRelationshipsTest$CardinalityTestCase@68b2fed9]" classname="com.dotmarketing.portlets.structure.model.ContentletRelationshipsTest" time="0.569"/>
  <testcase name="testDoesAllowOnlyOne[1: com.dotmarketing.portlets.structure.model.ContentletRelationshipsTest$CardinalityTestCase@78a8042f]" classname="com.dotmarketing.portlets.structure.model.ContentletRelationshipsTest" time="0.542"/>
  <testcase name="testDoesAllowOnlyOne[2: com.dotmarketing.portlets.structure.model.ContentletRelationshipsTest$CardinalityTestCase@3c6a6a11]" classname="com.dotmarketing.portlets.structure.model.ContentletRelationshipsTest" time="0.564"/>
  <testcase name="testGetRelationshipRecords[0: com.dotmarketing.portlets.structure.model.ContentletRelationshipsTest$TestCase@4cd987a3]" classname="com.dotmarketing.portlets.structure.model.ContentletRelationshipsTest" time="2.179"/>
  <testcase name="testGetRelationshipRecords[1: com.dotmarketing.portlets.structure.model.ContentletRelationshipsTest$TestCase@3362ecd7]" classname="com.dotmarketing.portlets.structure.model.ContentletRelationshipsTest" time="2.193"/>
  <testcase name="testGetRelationshipRecords[2: com.dotmarketing.portlets.structure.model.ContentletRelationshipsTest$TestCase@b531fe8]" classname="com.dotmarketing.portlets.structure.model.ContentletRelationshipsTest" time="0.942"/>
  <testcase name="testGetRelationshipRecords[3: com.dotmarketing.portlets.structure.model.ContentletRelationshipsTest$TestCase@6486d671]" classname="com.dotmarketing.portlets.structure.model.ContentletRelationshipsTest" time="1.895"/>
  <system-out><![CDATA[]]></system-out>
  <system-err><![CDATA[]]></system-err>
</testsuite>
