<?xml version="1.0" encoding="UTF-8"?>
<testsuite name="com.dotmarketing.business.VersionableFactoryImplTest" tests="10" skipped="0" failures="0" errors="0" timestamp="2023-06-28T18:16:15" hostname="fv-az283-467" time="11.726">
  <properties/>
  <testcase name="findContentletVersionInfo" classname="com.dotmarketing.business.VersionableFactoryImplTest" time="1.13"/>
  <testcase name="createContentletVersionInfoWithNotDefaultVariant" classname="com.dotmarketing.business.VersionableFactoryImplTest" time="1.112"/>
  <testcase name="findContentletVersionInfoInDBWithVariant" classname="com.dotmarketing.business.VersionableFactoryImplTest" time="1.121"/>
  <testcase name="findContentletVersionInfoInDB" classname="com.dotmarketing.business.VersionableFactoryImplTest" time="1.117"/>
  <testcase name="findAllContentletVersionInfoWithVariant" classname="com.dotmarketing.business.VersionableFactoryImplTest" time="1.169"/>
  <testcase name="findContentletByIdentifierAnyLanguageAndVariant" classname="com.dotmarketing.business.VersionableFactoryImplTest" time="1.643"/>
  <testcase name="findContentletVersionInfoWithVariant" classname="com.dotmarketing.business.VersionableFactoryImplTest" time="1.126"/>
  <testcase name="findContentletVersionInfoCacheWithVariant" classname="com.dotmarketing.business.VersionableFactoryImplTest" time="1.102"/>
  <testcase name="findContentletVersionInfoCache" classname="com.dotmarketing.business.VersionableFactoryImplTest" time="1.101"/>
  <testcase name="createContentletVersionInfoWithDefaultVariant" classname="com.dotmarketing.business.VersionableFactoryImplTest" time="1.103"/>
  <system-out><![CDATA[]]></system-out>
  <system-err><![CDATA[]]></system-err>
</testsuite>
