<?xml version="1.0" encoding="UTF-8"?>
<testsuite name="com.dotcms.rendering.velocity.viewtools.DotTemplateToolTest" tests="6" skipped="0" failures="0" errors="0" timestamp="2023-07-17T16:50:49" hostname="fv-az493-152" time="4.079">
  <properties/>
  <testcase name="whenHostNameHasComma" classname="com.dotcms.rendering.velocity.viewtools.DotTemplateToolTest" time="0.008"/>
  <testcase name="whenGetMaxUUIDToDrawedTemplate" classname="com.dotcms.rendering.velocity.viewtools.DotTemplateToolTest" time="0.043"/>
  <testcase name="whenGetMaxUUIDToAdvancedTemplate" classname="com.dotcms.rendering.velocity.viewtools.DotTemplateToolTest" time="0.033"/>
  <testcase name="themeNull" classname="com.dotcms.rendering.velocity.viewtools.DotTemplateToolTest" time="0.944"/>
  <testcase name="theme" classname="com.dotcms.rendering.velocity.viewtools.DotTemplateToolTest" time="2.018"/>
  <testcase name="themeDoesNotExists" classname="com.dotcms.rendering.velocity.viewtools.DotTemplateToolTest" time="1.031"/>
  <system-out><![CDATA[
]]></system-out>
  <system-err><![CDATA[]]></system-err>
</testsuite>
