<?xml version="1.0" encoding="UTF-8"?>
<testsuite name="com.dotcms.rest.api.v1.vtl.VTLResourceIntegrationTest" tests="6" skipped="0" failures="0" errors="0" timestamp="2023-06-29T23:48:43" hostname="fv-az986-883" time="10.367">
  <properties/>
  <testcase name="testGet[0: com.dotcms.rest.api.v1.vtl.VTLResourceTestCase@52646246]" classname="com.dotcms.rest.api.v1.vtl.VTLResourceIntegrationTest" time="1.437"/>
  <testcase name="testGet[1: com.dotcms.rest.api.v1.vtl.VTLResourceTestCase@2b0a0819]" classname="com.dotcms.rest.api.v1.vtl.VTLResourceIntegrationTest" time="1.844"/>
  <testcase name="testGet[2: com.dotcms.rest.api.v1.vtl.VTLResourceTestCase@6c033c68]" classname="com.dotcms.rest.api.v1.vtl.VTLResourceIntegrationTest" time="1.172"/>
  <testcase name="testGet[3: com.dotcms.rest.api.v1.vtl.VTLResourceTestCase@43ef5436]" classname="com.dotcms.rest.api.v1.vtl.VTLResourceIntegrationTest" time="1.95"/>
  <testcase name="testGet[4: com.dotcms.rest.api.v1.vtl.VTLResourceTestCase@3268785f]" classname="com.dotcms.rest.api.v1.vtl.VTLResourceIntegrationTest" time="1.902"/>
  <testcase name="testGet[5: com.dotcms.rest.api.v1.vtl.VTLResourceTestCase@4959e4cb]" classname="com.dotcms.rest.api.v1.vtl.VTLResourceIntegrationTest" time="2.061"/>
  <system-out><![CDATA[]]></system-out>
  <system-err><![CDATA[]]></system-err>
</testsuite>
