<?xml version="1.0" encoding="UTF-8"?>
<testsuite name="com.dotmarketing.portlets.contentlet.business.HostFactoryImplTest" tests="1" skipped="0" failures="0" errors="0" timestamp="2023-06-24T00:35:55" hostname="fv-az407-493" time="1.44">
  <properties/>
  <testcase name="test_findLiveAndStopped_shouldOnlyRetunLiveAndStoppedSites" classname="com.dotmarketing.portlets.contentlet.business.HostFactoryImplTest" time="1.44"/>
  <system-out><![CDATA[]]></system-out>
  <system-err><![CDATA[]]></system-err>
</testsuite>
