<?xml version="1.0" encoding="UTF-8"?>
<testsuite name="com.dotcms.rest.TagResourceIntegrationTest" tests="4" skipped="0" failures="0" errors="0" timestamp="2023-07-12T16:49:58" hostname="fv-az254-482" time="0.334">
  <properties/>
  <testcase name="testList[0: com.dotcms.rest.TagResourceTestCase@684531d9]" classname="com.dotcms.rest.TagResourceIntegrationTest" time="0.249"/>
  <testcase name="testList[1: com.dotcms.rest.TagResourceTestCase@612e30dd]" classname="com.dotcms.rest.TagResourceIntegrationTest" time="0.028"/>
  <testcase name="testList[2: com.dotcms.rest.TagResourceTestCase@7b355803]" classname="com.dotcms.rest.TagResourceIntegrationTest" time="0.027"/>
  <testcase name="testList[3: com.dotcms.rest.TagResourceTestCase@4377ad70]" classname="com.dotcms.rest.TagResourceIntegrationTest" time="0.028"/>
  <system-out><![CDATA[]]></system-out>
  <system-err><![CDATA[Jul 12, 2023 4:49:58 PM com.dotcms.repackage.org.hibernate.validator.internal.util.Version <clinit>
INFO: HV000001: Hibernate Validator 4.3.2.Final
]]></system-err>
</testsuite>
