<?xml version="1.0" encoding="UTF-8"?>
<testsuite name="com.dotcms.rest.elasticsearch.ESContentResourcePortletTest" tests="8" skipped="0" failures="0" errors="0" timestamp="2023-06-26T18:55:35" hostname="fv-az934-274" time="8.751">
  <properties/>
  <testcase name="test_search_includeGrandChildCategory_success" classname="com.dotcms.rest.elasticsearch.ESContentResourcePortletTest" time="1.617"/>
  <testcase name="testSearch[0: com.dotcms.rest.elasticsearch.ESContentResourcePortletTest$TestCase@163be0aa]" classname="com.dotcms.rest.elasticsearch.ESContentResourcePortletTest" time="0.992"/>
  <testcase name="testSearch[1: com.dotcms.rest.elasticsearch.ESContentResourcePortletTest$TestCase@67999272]" classname="com.dotcms.rest.elasticsearch.ESContentResourcePortletTest" time="1.404"/>
  <testcase name="testSearch[2: com.dotcms.rest.elasticsearch.ESContentResourcePortletTest$TestCase@3b99c5bf]" classname="com.dotcms.rest.elasticsearch.ESContentResourcePortletTest" time="0.978"/>
  <testcase name="testSearch[3: com.dotcms.rest.elasticsearch.ESContentResourcePortletTest$TestCase@6baa1bdb]" classname="com.dotcms.rest.elasticsearch.ESContentResourcePortletTest" time="0.381"/>
  <testcase name="testSearch[4: com.dotcms.rest.elasticsearch.ESContentResourcePortletTest$TestCase@225d98b4]" classname="com.dotcms.rest.elasticsearch.ESContentResourcePortletTest" time="1.354"/>
  <testcase name="testSearch[5: com.dotcms.rest.elasticsearch.ESContentResourcePortletTest$TestCase@97c848f]" classname="com.dotcms.rest.elasticsearch.ESContentResourcePortletTest" time="1.015"/>
  <testcase name="testSearch[6: com.dotcms.rest.elasticsearch.ESContentResourcePortletTest$TestCase@7cbd1c22]" classname="com.dotcms.rest.elasticsearch.ESContentResourcePortletTest" time="1.009"/>
  <system-out><![CDATA[]]></system-out>
  <system-err><![CDATA[]]></system-err>
</testsuite>
