<?xml version="1.0" encoding="UTF-8"?>
<testsuite name="com.dotmarketing.servlets.ajax.AjaxDirectorServletIntegrationTest" tests="2" skipped="0" failures="0" errors="0" timestamp="2023-07-10T22:12:42" hostname="fv-az351-324" time="2.04">
  <properties/>
  <testcase name="testService[0: com.dotmarketing.servlets.ajax.AjaxDirectorServletTestCase@1d7d94fb]" classname="com.dotmarketing.servlets.ajax.AjaxDirectorServletIntegrationTest" time="0.974"/>
  <testcase name="testService[1: com.dotmarketing.servlets.ajax.AjaxDirectorServletTestCase@6581f4f7]" classname="com.dotmarketing.servlets.ajax.AjaxDirectorServletIntegrationTest" time="1.066"/>
  <system-out><![CDATA[]]></system-out>
  <system-err><![CDATA[]]></system-err>
</testsuite>
