<?xml version="1.0" encoding="UTF-8"?>
<testsuite name="com.dotcms.rest.api.v1.vtl.VTLResourceIntegrationTest" tests="6" skipped="0" failures="0" errors="0" timestamp="2023-07-20T21:26:42" hostname="fv-az809-149" time="12.481">
  <properties/>
  <testcase name="testGet[0: com.dotcms.rest.api.v1.vtl.VTLResourceTestCase@22b0a16]" classname="com.dotcms.rest.api.v1.vtl.VTLResourceIntegrationTest" time="2.452"/>
  <testcase name="testGet[1: com.dotcms.rest.api.v1.vtl.VTLResourceTestCase@278c5605]" classname="com.dotcms.rest.api.v1.vtl.VTLResourceIntegrationTest" time="1.954"/>
  <testcase name="testGet[2: com.dotcms.rest.api.v1.vtl.VTLResourceTestCase@76d86288]" classname="com.dotcms.rest.api.v1.vtl.VTLResourceIntegrationTest" time="2.261"/>
  <testcase name="testGet[3: com.dotcms.rest.api.v1.vtl.VTLResourceTestCase@abba84]" classname="com.dotcms.rest.api.v1.vtl.VTLResourceIntegrationTest" time="1.85"/>
  <testcase name="testGet[4: com.dotcms.rest.api.v1.vtl.VTLResourceTestCase@5a0a7b3d]" classname="com.dotcms.rest.api.v1.vtl.VTLResourceIntegrationTest" time="1.902"/>
  <testcase name="testGet[5: com.dotcms.rest.api.v1.vtl.VTLResourceTestCase@1f732207]" classname="com.dotcms.rest.api.v1.vtl.VTLResourceIntegrationTest" time="2.061"/>
  <system-out><![CDATA[]]></system-out>
  <system-err><![CDATA[]]></system-err>
</testsuite>
