<?xml version="1.0" encoding="UTF-8"?>
<testsuite name="com.dotmarketing.portlets.structure.model.ContentletRelationshipsTest" tests="7" skipped="0" failures="0" errors="0" timestamp="2023-07-07T16:08:17" hostname="fv-az795-156" time="12.269">
  <properties/>
  <testcase name="testDoesAllowOnlyOne[0: com.dotmarketing.portlets.structure.model.ContentletRelationshipsTest$CardinalityTestCase@44489b61]" classname="com.dotmarketing.portlets.structure.model.ContentletRelationshipsTest" time="0.781"/>
  <testcase name="testDoesAllowOnlyOne[1: com.dotmarketing.portlets.structure.model.ContentletRelationshipsTest$CardinalityTestCase@d5a79c3]" classname="com.dotmarketing.portlets.structure.model.ContentletRelationshipsTest" time="0.755"/>
  <testcase name="testDoesAllowOnlyOne[2: com.dotmarketing.portlets.structure.model.ContentletRelationshipsTest$CardinalityTestCase@15a7d0f]" classname="com.dotmarketing.portlets.structure.model.ContentletRelationshipsTest" time="0.722"/>
  <testcase name="testGetRelationshipRecords[0: com.dotmarketing.portlets.structure.model.ContentletRelationshipsTest$TestCase@47b5b2a7]" classname="com.dotmarketing.portlets.structure.model.ContentletRelationshipsTest" time="2.672"/>
  <testcase name="testGetRelationshipRecords[1: com.dotmarketing.portlets.structure.model.ContentletRelationshipsTest$TestCase@47a6baa3]" classname="com.dotmarketing.portlets.structure.model.ContentletRelationshipsTest" time="2.514"/>
  <testcase name="testGetRelationshipRecords[2: com.dotmarketing.portlets.structure.model.ContentletRelationshipsTest$TestCase@19ec57f5]" classname="com.dotmarketing.portlets.structure.model.ContentletRelationshipsTest" time="2.446"/>
  <testcase name="testGetRelationshipRecords[3: com.dotmarketing.portlets.structure.model.ContentletRelationshipsTest$TestCase@4b8ce3c2]" classname="com.dotmarketing.portlets.structure.model.ContentletRelationshipsTest" time="2.379"/>
  <system-out><![CDATA[]]></system-out>
  <system-err><![CDATA[]]></system-err>
</testsuite>
