<?xml version="1.0" encoding="UTF-8"?>
<testsuite name="com.dotmarketing.portlets.contentlet.util.ContentletUtilTest" tests="5" skipped="0" failures="0" errors="0" timestamp="2023-07-21T17:00:48" hostname="fv-az1233-524" time="6.534">
  <properties/>
  <testcase name="validateContentPrintableMapMethodReturnProperCategories[0: categoryNames]" classname="com.dotmarketing.portlets.contentlet.util.ContentletUtilTest" time="0.613"/>
  <testcase name="validateContentPrintableMapMethodReturnProperCategories[1: allCategoriesInfo]" classname="com.dotmarketing.portlets.contentlet.util.ContentletUtilTest" time="1.625"/>
  <testcase name="test_getContentPrintableMap_WhenContentTypeIsHTMLPage_PathIsAddedToTheMap" classname="com.dotmarketing.portlets.contentlet.util.ContentletUtilTest" time="1.786"/>
  <testcase name="test_getContentPrintableMap_WhenContentTypeIsNeitherFileAssetNorPage_PathIsNotAddedToTheMap" classname="com.dotmarketing.portlets.contentlet.util.ContentletUtilTest" time="1.214"/>
  <testcase name="test_getContentPrintableMap_WhenContentTypeIsFileAsset_PathIsAddedToTheMap" classname="com.dotmarketing.portlets.contentlet.util.ContentletUtilTest" time="1.295"/>
  <system-out><![CDATA[]]></system-out>
  <system-err><![CDATA[]]></system-err>
</testsuite>
