<?xml version="1.0" encoding="UTF-8"?>
<testsuite name="com.dotmarketing.portlets.workflows.model.TestWorkflowAction" tests="1" skipped="0" failures="0" errors="0" timestamp="2023-06-30T00:33:59" hostname="fv-az442-763" time="0.025">
  <properties/>
  <testcase name="test_condition_null_evaluate" classname="com.dotmarketing.portlets.workflows.model.TestWorkflowAction" time="0.025"/>
  <system-out><![CDATA[]]></system-out>
  <system-err><![CDATA[]]></system-err>
</testsuite>
