<?xml version="1.0" encoding="UTF-8"?>
<testsuite name="com.dotmarketing.portlets.structure.model.ContentletRelationshipsTest" tests="7" skipped="0" failures="0" errors="0" timestamp="2023-07-19T15:57:33" hostname="fv-az218-51" time="10.57">
  <properties/>
  <testcase name="testDoesAllowOnlyOne[0: com.dotmarketing.portlets.structure.model.ContentletRelationshipsTest$CardinalityTestCase@3b8eb12b]" classname="com.dotmarketing.portlets.structure.model.ContentletRelationshipsTest" time="0.683"/>
  <testcase name="testDoesAllowOnlyOne[1: com.dotmarketing.portlets.structure.model.ContentletRelationshipsTest$CardinalityTestCase@4782565c]" classname="com.dotmarketing.portlets.structure.model.ContentletRelationshipsTest" time="0.636"/>
  <testcase name="testDoesAllowOnlyOne[2: com.dotmarketing.portlets.structure.model.ContentletRelationshipsTest$CardinalityTestCase@262f1212]" classname="com.dotmarketing.portlets.structure.model.ContentletRelationshipsTest" time="0.619"/>
  <testcase name="testGetRelationshipRecords[0: com.dotmarketing.portlets.structure.model.ContentletRelationshipsTest$TestCase@312f5d7e]" classname="com.dotmarketing.portlets.structure.model.ContentletRelationshipsTest" time="2.294"/>
  <testcase name="testGetRelationshipRecords[1: com.dotmarketing.portlets.structure.model.ContentletRelationshipsTest$TestCase@7f66b599]" classname="com.dotmarketing.portlets.structure.model.ContentletRelationshipsTest" time="2.216"/>
  <testcase name="testGetRelationshipRecords[2: com.dotmarketing.portlets.structure.model.ContentletRelationshipsTest$TestCase@2a033c9f]" classname="com.dotmarketing.portlets.structure.model.ContentletRelationshipsTest" time="2.097"/>
  <testcase name="testGetRelationshipRecords[3: com.dotmarketing.portlets.structure.model.ContentletRelationshipsTest$TestCase@74e2044f]" classname="com.dotmarketing.portlets.structure.model.ContentletRelationshipsTest" time="2.023"/>
  <system-out><![CDATA[]]></system-out>
  <system-err><![CDATA[]]></system-err>
</testsuite>
