<?xml version="1.0" encoding="UTF-8"?>
<testsuite name="com.dotcms.rest.elasticsearch.ESContentResourcePortletTest" tests="8" skipped="0" failures="0" errors="0" timestamp="2023-06-29T18:48:39" hostname="fv-az453-135" time="8.283">
  <properties/>
  <testcase name="test_search_includeGrandChildCategory_success" classname="com.dotcms.rest.elasticsearch.ESContentResourcePortletTest" time="1.442"/>
  <testcase name="testSearch[0: com.dotcms.rest.elasticsearch.ESContentResourcePortletTest$TestCase@48f74389]" classname="com.dotcms.rest.elasticsearch.ESContentResourcePortletTest" time="0.939"/>
  <testcase name="testSearch[1: com.dotcms.rest.elasticsearch.ESContentResourcePortletTest$TestCase@68057e9d]" classname="com.dotcms.rest.elasticsearch.ESContentResourcePortletTest" time="1.305"/>
  <testcase name="testSearch[2: com.dotcms.rest.elasticsearch.ESContentResourcePortletTest$TestCase@56751ea9]" classname="com.dotcms.rest.elasticsearch.ESContentResourcePortletTest" time="0.966"/>
  <testcase name="testSearch[3: com.dotcms.rest.elasticsearch.ESContentResourcePortletTest$TestCase@291e6824]" classname="com.dotcms.rest.elasticsearch.ESContentResourcePortletTest" time="1.312"/>
  <testcase name="testSearch[4: com.dotcms.rest.elasticsearch.ESContentResourcePortletTest$TestCase@5b878d85]" classname="com.dotcms.rest.elasticsearch.ESContentResourcePortletTest" time="0.391"/>
  <testcase name="testSearch[5: com.dotcms.rest.elasticsearch.ESContentResourcePortletTest$TestCase@1835e1fe]" classname="com.dotcms.rest.elasticsearch.ESContentResourcePortletTest" time="0.951"/>
  <testcase name="testSearch[6: com.dotcms.rest.elasticsearch.ESContentResourcePortletTest$TestCase@66cb3407]" classname="com.dotcms.rest.elasticsearch.ESContentResourcePortletTest" time="0.974"/>
  <system-out><![CDATA[]]></system-out>
  <system-err><![CDATA[]]></system-err>
</testsuite>
