<?xml version="1.0" encoding="UTF-8"?>
<testsuite name="com.dotcms.rest.api.v1.vtl.VTLResourceIntegrationTest" tests="6" skipped="0" failures="0" errors="0" timestamp="2023-06-26T20:44:37" hostname="fv-az1241-672" time="12.122">
  <properties/>
  <testcase name="testGet[0: com.dotcms.rest.api.v1.vtl.VTLResourceTestCase@2903b17c]" classname="com.dotcms.rest.api.v1.vtl.VTLResourceIntegrationTest" time="2.05"/>
  <testcase name="testGet[1: com.dotcms.rest.api.v1.vtl.VTLResourceTestCase@307979b9]" classname="com.dotcms.rest.api.v1.vtl.VTLResourceIntegrationTest" time="1.919"/>
  <testcase name="testGet[2: com.dotcms.rest.api.v1.vtl.VTLResourceTestCase@7c4a3b99]" classname="com.dotcms.rest.api.v1.vtl.VTLResourceIntegrationTest" time="2.162"/>
  <testcase name="testGet[3: com.dotcms.rest.api.v1.vtl.VTLResourceTestCase@7c2b77c0]" classname="com.dotcms.rest.api.v1.vtl.VTLResourceIntegrationTest" time="1.995"/>
  <testcase name="testGet[4: com.dotcms.rest.api.v1.vtl.VTLResourceTestCase@4817a168]" classname="com.dotcms.rest.api.v1.vtl.VTLResourceIntegrationTest" time="2.05"/>
  <testcase name="testGet[5: com.dotcms.rest.api.v1.vtl.VTLResourceTestCase@33d8bd62]" classname="com.dotcms.rest.api.v1.vtl.VTLResourceIntegrationTest" time="1.944"/>
  <system-out><![CDATA[]]></system-out>
  <system-err><![CDATA[]]></system-err>
</testsuite>
