<?xml version="1.0" encoding="UTF-8"?>
<testsuite name="com.dotmarketing.startup.runonce.Task05225RemoveLoadRecordsToIndexTest" tests="2" skipped="0" failures="0" errors="0" timestamp="2023-07-18T00:12:10" hostname="fv-az362-624" time="0.015">
  <properties/>
  <testcase name="testUpgradeTaskWhenProcedureExistsShouldPass" classname="com.dotmarketing.startup.runonce.Task05225RemoveLoadRecordsToIndexTest" time="0.011"/>
  <testcase name="testUpgradeTaskWhenProcedureDoesNotExistShouldPass" classname="com.dotmarketing.startup.runonce.Task05225RemoveLoadRecordsToIndexTest" time="0.004"/>
  <system-out><![CDATA[]]></system-out>
  <system-err><![CDATA[]]></system-err>
</testsuite>
