<?xml version="1.0" encoding="UTF-8"?>
<testsuite name="com.dotcms.rest.BundleResourceTest" tests="5" skipped="0" failures="0" errors="0" timestamp="2023-07-14T16:13:47" hostname="fv-az364-103" time="19.739">
  <properties/>
  <testcase name="shouldCleanRelationshipCache" classname="com.dotcms.rest.BundleResourceTest" time="6.195"/>
  <testcase name="test_generateBundle_success" classname="com.dotcms.rest.BundleResourceTest" time="0.917"/>
  <testcase name="test_downloadBundle_success" classname="com.dotcms.rest.BundleResourceTest" time="0.872"/>
  <testcase name="test_downloadBundle_fileNotGenerated_return404" classname="com.dotcms.rest.BundleResourceTest" time="0.852"/>
  <testcase name="test_deleteAll" classname="com.dotcms.rest.BundleResourceTest" time="10.903"/>
  <system-out><![CDATA[
]]></system-out>
  <system-err><![CDATA[]]></system-err>
</testsuite>
