<?xml version="1.0" encoding="UTF-8"?>
<testsuite name="com.dotcms.rendering.velocity.services.HTMLPageAssetRenderedTest" tests="52" skipped="0" failures="0" errors="0" timestamp="2023-06-26T19:09:04" hostname="fv-az404-370" time="156.805">
  <properties/>
  <testcase name="containerArchived_PageShouldResolve" classname="com.dotcms.rendering.velocity.services.HTMLPageAssetRenderedTest" time="2.325"/>
  <testcase name="ContentFallbackFalse_PageFallbackTrue_PageEnglishAndSpanish_ViewEnglishContent1And2_ViewSpanishContent2And3[0: DEFAULT]" classname="com.dotcms.rendering.velocity.services.HTMLPageAssetRenderedTest" time="4.154"/>
  <testcase name="ContentFallbackFalse_PageFallbackTrue_PageEnglishAndSpanish_ViewEnglishContent1And2_ViewSpanishContent2And3[1: FILE]" classname="com.dotcms.rendering.velocity.services.HTMLPageAssetRenderedTest" time="2.119"/>
  <testcase name="pageWithMultiplePersona" classname="com.dotcms.rendering.velocity.services.HTMLPageAssetRenderedTest" time="4.987"/>
  <testcase name="pageWithFileTemplateAdvancedShouldRender" classname="com.dotcms.rendering.velocity.services.HTMLPageAssetRenderedTest" time="2.684"/>
  <testcase name="containerTwiceIntoPage" classname="com.dotcms.rendering.velocity.services.HTMLPageAssetRenderedTest" time="2.633"/>
  <testcase name="pageWithFileTemplateDesignShouldRender" classname="com.dotcms.rendering.velocity.services.HTMLPageAssetRenderedTest" time="1.613"/>
  <testcase name="shouldReturnPageHTMLForLegacyUUID[0: DEFAULT]" classname="com.dotcms.rendering.velocity.services.HTMLPageAssetRenderedTest" time="1.252"/>
  <testcase name="shouldReturnPageHTMLForLegacyUUID[1: FILE]" classname="com.dotcms.rendering.velocity.services.HTMLPageAssetRenderedTest" time="1.01"/>
  <testcase name="test_WidgetPreExecuteCodeShowRegardlessPageMode[0: com.dotcms.rendering.velocity.services.HTMLPageAssetRenderedTest$WidgetPreExecuteCodeTestCase@4e8aeac0]" classname="com.dotcms.rendering.velocity.services.HTMLPageAssetRenderedTest" time="2.556"/>
  <testcase name="test_WidgetPreExecuteCodeShowRegardlessPageMode[1: com.dotcms.rendering.velocity.services.HTMLPageAssetRenderedTest$WidgetPreExecuteCodeTestCase@5fa84110]" classname="com.dotcms.rendering.velocity.services.HTMLPageAssetRenderedTest" time="2.601"/>
  <testcase name="test_WidgetPreExecuteCodeShowRegardlessPageMode[2: com.dotcms.rendering.velocity.services.HTMLPageAssetRenderedTest$WidgetPreExecuteCodeTestCase@2169f13e]" classname="com.dotcms.rendering.velocity.services.HTMLPageAssetRenderedTest" time="2.53"/>
  <testcase name="renderPageWithFileAssetImage" classname="com.dotcms.rendering.velocity.services.HTMLPageAssetRenderedTest" time="3.798"/>
  <testcase name="containerTwiceIntoPageAndTemplateLayout" classname="com.dotcms.rendering.velocity.services.HTMLPageAssetRenderedTest" time="4.178"/>
  <testcase name="shouldRenderTemplateAndContainers page Host: CURRENT Template Host: CURRENT Container Host: CURRENT" classname="com.dotcms.rendering.velocity.services.HTMLPageAssetRenderedTest" time="2.989"/>
  <testcase name="shouldRenderTemplateAndContainers page Host: CURRENT Template Host: CURRENT Container Host: ANOTHER" classname="com.dotcms.rendering.velocity.services.HTMLPageAssetRenderedTest" time="3.137"/>
  <testcase name="shouldRenderTemplateAndContainers page Host: CURRENT Template Host: ANOTHER Container Host: ANOTHER" classname="com.dotcms.rendering.velocity.services.HTMLPageAssetRenderedTest" time="1.909"/>
  <testcase name="shouldRenderTemplateAndContainers page Host: CURRENT Template Host: CURRENT Container Host: DEFAULT" classname="com.dotcms.rendering.velocity.services.HTMLPageAssetRenderedTest" time="3.195"/>
  <testcase name="shouldRenderTemplateAndContainers page Host: CURRENT Template Host: ANOTHER Container Host: DEFAULT" classname="com.dotcms.rendering.velocity.services.HTMLPageAssetRenderedTest" time="1.936"/>
  <testcase name="shouldRenderTemplateAndContainers page Host: CURRENT Template Host: CURRENT Container Host: CURRENT" classname="com.dotcms.rendering.velocity.services.HTMLPageAssetRenderedTest" time="3.175"/>
  <testcase name="shouldRenderTemplateAndContainers page Host: CURRENT Template Host: CURRENT Container Host: ANOTHER" classname="com.dotcms.rendering.velocity.services.HTMLPageAssetRenderedTest" time="1.903"/>
  <testcase name="shouldRenderTemplateAndContainers page Host: CURRENT Template Host: ANOTHER Container Host: ANOTHER" classname="com.dotcms.rendering.velocity.services.HTMLPageAssetRenderedTest" time="3.112"/>
  <testcase name="shouldRenderTemplateAndContainers page Host: CURRENT Template Host: CURRENT Container Host: DEFAULT" classname="com.dotcms.rendering.velocity.services.HTMLPageAssetRenderedTest" time="3.153"/>
  <testcase name="shouldRenderTemplateAndContainers page Host: CURRENT Template Host: ANOTHER Container Host: DEFAULT" classname="com.dotcms.rendering.velocity.services.HTMLPageAssetRenderedTest" time="1.872"/>
  <testcase name="shouldRenderTemplateAndContainers page Host: CURRENT Template Host: CURRENT Container Host: CURRENT" classname="com.dotcms.rendering.velocity.services.HTMLPageAssetRenderedTest" time="5.234"/>
  <testcase name="shouldRenderTemplateAndContainers page Host: CURRENT Template Host: CURRENT Container Host: ANOTHER" classname="com.dotcms.rendering.velocity.services.HTMLPageAssetRenderedTest" time="5.125"/>
  <testcase name="shouldRenderTemplateAndContainers page Host: CURRENT Template Host: ANOTHER Container Host: ANOTHER" classname="com.dotcms.rendering.velocity.services.HTMLPageAssetRenderedTest" time="5.081"/>
  <testcase name="shouldRenderTemplateAndContainers page Host: CURRENT Template Host: CURRENT Container Host: DEFAULT" classname="com.dotcms.rendering.velocity.services.HTMLPageAssetRenderedTest" time="4.949"/>
  <testcase name="shouldRenderTemplateAndContainers page Host: CURRENT Template Host: ANOTHER Container Host: DEFAULT" classname="com.dotcms.rendering.velocity.services.HTMLPageAssetRenderedTest" time="5.291"/>
  <testcase name="shouldRenderTemplateAndContainers page Host: CURRENT Template Host: CURRENT Container Host: CURRENT" classname="com.dotcms.rendering.velocity.services.HTMLPageAssetRenderedTest" time="5.016"/>
  <testcase name="shouldRenderTemplateAndContainers page Host: CURRENT Template Host: CURRENT Container Host: ANOTHER" classname="com.dotcms.rendering.velocity.services.HTMLPageAssetRenderedTest" time="5.089"/>
  <testcase name="shouldRenderTemplateAndContainers page Host: CURRENT Template Host: ANOTHER Container Host: ANOTHER" classname="com.dotcms.rendering.velocity.services.HTMLPageAssetRenderedTest" time="4.175"/>
  <testcase name="shouldRenderTemplateAndContainers page Host: CURRENT Template Host: CURRENT Container Host: DEFAULT" classname="com.dotcms.rendering.velocity.services.HTMLPageAssetRenderedTest" time="4.036"/>
  <testcase name="shouldRenderTemplateAndContainers page Host: CURRENT Template Host: ANOTHER Container Host: DEFAULT" classname="com.dotcms.rendering.velocity.services.HTMLPageAssetRenderedTest" time="4.849"/>
  <testcase name="renderPageWithDotAssetImage" classname="com.dotcms.rendering.velocity.services.HTMLPageAssetRenderedTest" time="5.124"/>
  <testcase name="ContentFallbackFalse_PageFallbackFalse_PageEnglishAndSpanish_ViewEnglishContent1And2_ViewSpanishContent2And3[0: DEFAULT]" classname="com.dotcms.rendering.velocity.services.HTMLPageAssetRenderedTest" time="1.183"/>
  <testcase name="ContentFallbackFalse_PageFallbackFalse_PageEnglishAndSpanish_ViewEnglishContent1And2_ViewSpanishContent2And3[1: FILE]" classname="com.dotcms.rendering.velocity.services.HTMLPageAssetRenderedTest" time="1.11"/>
  <testcase name="shouldReturnParserContainerUUID[0: DEFAULT]" classname="com.dotcms.rendering.velocity.services.HTMLPageAssetRenderedTest" time="1.628"/>
  <testcase name="shouldReturnParserContainerUUID[1: FILE]" classname="com.dotcms.rendering.velocity.services.HTMLPageAssetRenderedTest" time="0.456"/>
  <testcase name="constantField_notUpdatedCache_whenChanged[0: DEFAULT]" classname="com.dotcms.rendering.velocity.services.HTMLPageAssetRenderedTest" time="6.386"/>
  <testcase name="constantField_notUpdatedCache_whenChanged[1: FILE]" classname="com.dotcms.rendering.velocity.services.HTMLPageAssetRenderedTest" time="6.17"/>
  <testcase name="render_spanish_contentlets_on_english_page[0: DEFAULT]" classname="com.dotcms.rendering.velocity.services.HTMLPageAssetRenderedTest" time="1.41"/>
  <testcase name="render_spanish_contentlets_on_english_page[1: FILE]" classname="com.dotcms.rendering.velocity.services.HTMLPageAssetRenderedTest" time="1.524"/>
  <testcase name="pageWithSidebarShouldRender" classname="com.dotcms.rendering.velocity.services.HTMLPageAssetRenderedTest" time="5.551"/>
  <testcase name="ContentFallbackTrue_PageFallbackTrue_PageEnglishAndSpanish_ViewEnglishContent1And2_ViewSpanishContent1And2And3[0: DEFAULT]" classname="com.dotcms.rendering.velocity.services.HTMLPageAssetRenderedTest" time="2.056"/>
  <testcase name="ContentFallbackTrue_PageFallbackTrue_PageEnglishAndSpanish_ViewEnglishContent1And2_ViewSpanishContent1And2And3[1: FILE]" classname="com.dotcms.rendering.velocity.services.HTMLPageAssetRenderedTest" time="2.021"/>
  <testcase name="shouldReturnPageHTMLForLegacyUUIDAndMultiTree[0: DEFAULT]" classname="com.dotcms.rendering.velocity.services.HTMLPageAssetRenderedTest" time="1.628"/>
  <testcase name="shouldReturnPageHTMLForLegacyUUIDAndMultiTree[1: FILE]" classname="com.dotcms.rendering.velocity.services.HTMLPageAssetRenderedTest" time="1.035"/>
  <testcase name="shouldReturnPageHTMLForPersona[0: DEFAULT]" classname="com.dotcms.rendering.velocity.services.HTMLPageAssetRenderedTest" time="1.488"/>
  <testcase name="shouldReturnPageHTMLForPersona[1: FILE]" classname="com.dotcms.rendering.velocity.services.HTMLPageAssetRenderedTest" time="1.475"/>
  <testcase name="ContentFallbackFalse_PageFallbackTrue_PageEnglish_ViewEnglishContent1And2_ViewSpanishContent2And3[0: DEFAULT]" classname="com.dotcms.rendering.velocity.services.HTMLPageAssetRenderedTest" time="1.391"/>
  <testcase name="ContentFallbackFalse_PageFallbackTrue_PageEnglish_ViewEnglishContent1And2_ViewSpanishContent2And3[1: FILE]" classname="com.dotcms.rendering.velocity.services.HTMLPageAssetRenderedTest" time="1.499"/>
  <system-out><![CDATA[]]></system-out>
  <system-err><![CDATA[]]></system-err>
</testsuite>
