<?xml version="1.0" encoding="UTF-8"?>
<testsuite name="com.dotmarketing.portlets.fileassets.business.FileAssetAPITest" tests="13" skipped="0" failures="0" errors="0" timestamp="2023-07-20T07:52:27" hostname="fv-az313-957" time="21.633">
  <properties/>
  <testcase name="test_findFileAssetsByHost_liveFileAssets_success" classname="com.dotmarketing.portlets.fileassets.business.FileAssetAPITest" time="4.779"/>
  <testcase name="test_that_we_return_files_from_host_system_folder" classname="com.dotmarketing.portlets.fileassets.business.FileAssetAPITest" time="1.714"/>
  <testcase name="test_findFileAssetsByParentable_workingFileAssets_success" classname="com.dotmarketing.portlets.fileassets.business.FileAssetAPITest" time="1.272"/>
  <testcase name="test_findFileAssetsByParentable_liveFileAssets_success" classname="com.dotmarketing.portlets.fileassets.business.FileAssetAPITest" time="3.087"/>
  <testcase name="Test_That_File_Asset_Gets_Stored_in_Cache_and_is_Not_Rebuilt_Everytime" classname="com.dotmarketing.portlets.fileassets.business.FileAssetAPITest" time="1.084"/>
  <testcase name="Test_Modify_Identifier_File_Name_Then_Recover_File_Then_Expect_Mismatch" classname="com.dotmarketing.portlets.fileassets.business.FileAssetAPITest" time="1.246"/>
  <testcase name="Test_Rename_File_Asset_Then_Recover_File_Then_Expect_Match" classname="com.dotmarketing.portlets.fileassets.business.FileAssetAPITest" time="0.181"/>
  <testcase name="test_findFileAssetsByHost_archivedFileAssets_success" classname="com.dotmarketing.portlets.fileassets.business.FileAssetAPITest" time="1.018"/>
  <testcase name="test_findFileAssetsByParentable_archivedFileAssets_success" classname="com.dotmarketing.portlets.fileassets.business.FileAssetAPITest" time="1.446"/>
  <testcase name="test_that_file_asset_from_db_respects_folder_permissions" classname="com.dotmarketing.portlets.fileassets.business.FileAssetAPITest" time="1.248"/>
  <testcase name="test_that_file_asset_from_db_respects_live_working_flag" classname="com.dotmarketing.portlets.fileassets.business.FileAssetAPITest" time="1.259"/>
  <testcase name="test_findFileAssetsByHost_workingFileAssets_success" classname="com.dotmarketing.portlets.fileassets.business.FileAssetAPITest" time="2.039"/>
  <testcase name="test_that_file_asset_from_db_works" classname="com.dotmarketing.portlets.fileassets.business.FileAssetAPITest" time="1.257"/>
  <system-out><![CDATA[]]></system-out>
  <system-err><![CDATA[]]></system-err>
</testsuite>
