<?xml version="1.0" encoding="UTF-8"?>
<testsuite name="com.dotmarketing.servlets.ajax.AjaxDirectorServletIntegrationTest" tests="2" skipped="0" failures="0" errors="0" timestamp="2023-07-19T00:03:08" hostname="fv-az408-147" time="2.503">
  <properties/>
  <testcase name="testService[0: com.dotmarketing.servlets.ajax.AjaxDirectorServletTestCase@25d34519]" classname="com.dotmarketing.servlets.ajax.AjaxDirectorServletIntegrationTest" time="1.129"/>
  <testcase name="testService[1: com.dotmarketing.servlets.ajax.AjaxDirectorServletTestCase@95c07ec]" classname="com.dotmarketing.servlets.ajax.AjaxDirectorServletIntegrationTest" time="1.374"/>
  <system-out><![CDATA[]]></system-out>
  <system-err><![CDATA[]]></system-err>
</testsuite>
