<?xml version="1.0" encoding="UTF-8"?>
<testsuite name="com.dotcms.contenttype.test.ContentResourceTest" tests="52" skipped="0" failures="0" errors="0" timestamp="2023-07-13T22:53:10" hostname="fv-az298-223" time="145.218">
  <properties/>
  <testcase name="testGetContentShouldReturnIconDetails" classname="com.dotcms.contenttype.test.ContentResourceTest" time="1.633"/>
  <testcase name="Test_Save_Action_Set_Words_To_Required_NumericField_Issue_15340" classname="com.dotcms.contenttype.test.ContentResourceTest" time="0.935"/>
  <testcase name="test_getContent_includeGrandChildCategory_success" classname="com.dotcms.contenttype.test.ContentResourceTest" time="1.328"/>
  <testcase name="testGetContentWithRelatedParameter[0: com.dotcms.contenttype.test.ContentResourceTest$PullRelatedTestCase@54ef5b6f]" classname="com.dotcms.contenttype.test.ContentResourceTest" time="2.836"/>
  <testcase name="testGetContentWithRelatedParameter[1: com.dotcms.contenttype.test.ContentResourceTest$PullRelatedTestCase@529d19b]" classname="com.dotcms.contenttype.test.ContentResourceTest" time="3.706"/>
  <testcase name="testGetContentWithRelatedParameter[2: com.dotcms.contenttype.test.ContentResourceTest$PullRelatedTestCase@17eac67b]" classname="com.dotcms.contenttype.test.ContentResourceTest" time="3.705"/>
  <testcase name="testGetContentWithRelatedParameter[3: com.dotcms.contenttype.test.ContentResourceTest$PullRelatedTestCase@34ca2163]" classname="com.dotcms.contenttype.test.ContentResourceTest" time="2.853"/>
  <testcase name="testGetContentWithRelatedParameter[4: com.dotcms.contenttype.test.ContentResourceTest$PullRelatedTestCase@1a5030b6]" classname="com.dotcms.contenttype.test.ContentResourceTest" time="3.921"/>
  <testcase name="test_getContent_SelfRelatedWith3LevelsOfDepth_shouldReturnRelationships" classname="com.dotcms.contenttype.test.ContentResourceTest" time="1.354"/>
  <testcase name="Test_Save_Action_Send_Fields_SubSet_Issue_15340" classname="com.dotcms.contenttype.test.ContentResourceTest" time="2.838"/>
  <testcase name="test_getContent_shouldReturnRelationships[0: com.dotcms.contenttype.test.ContentResourceTest$TestCase@51be8f6e]" classname="com.dotcms.contenttype.test.ContentResourceTest" time="3.047"/>
  <testcase name="test_getContent_shouldReturnRelationships[1: com.dotcms.contenttype.test.ContentResourceTest$TestCase@1026523c]" classname="com.dotcms.contenttype.test.ContentResourceTest" time="3.044"/>
  <testcase name="test_getContent_shouldReturnRelationships[2: com.dotcms.contenttype.test.ContentResourceTest$TestCase@7582b862]" classname="com.dotcms.contenttype.test.ContentResourceTest" time="3.194"/>
  <testcase name="test_getContent_shouldReturnRelationships[3: com.dotcms.contenttype.test.ContentResourceTest$TestCase@6e4cf3e4]" classname="com.dotcms.contenttype.test.ContentResourceTest" time="2.074"/>
  <testcase name="test_getContent_shouldReturnRelationships[4: com.dotcms.contenttype.test.ContentResourceTest$TestCase@4bacd4bc]" classname="com.dotcms.contenttype.test.ContentResourceTest" time="3.024"/>
  <testcase name="test_getContent_shouldReturnRelationships[5: com.dotcms.contenttype.test.ContentResourceTest$TestCase@69b9c847]" classname="com.dotcms.contenttype.test.ContentResourceTest" time="2.85"/>
  <testcase name="test_getContent_shouldReturnRelationships[6: com.dotcms.contenttype.test.ContentResourceTest$TestCase@9182cba]" classname="com.dotcms.contenttype.test.ContentResourceTest" time="3.013"/>
  <testcase name="test_getContent_shouldReturnRelationships[7: com.dotcms.contenttype.test.ContentResourceTest$TestCase@423dae]" classname="com.dotcms.contenttype.test.ContentResourceTest" time="3.117"/>
  <testcase name="test_getContent_shouldReturnRelationships[8: com.dotcms.contenttype.test.ContentResourceTest$TestCase@2de6002e]" classname="com.dotcms.contenttype.test.ContentResourceTest" time="3.188"/>
  <testcase name="test_getContent_shouldReturnRelationships[9: com.dotcms.contenttype.test.ContentResourceTest$TestCase@aba1e25]" classname="com.dotcms.contenttype.test.ContentResourceTest" time="3.324"/>
  <testcase name="test_getContent_shouldReturnRelationships[10: com.dotcms.contenttype.test.ContentResourceTest$TestCase@428f9e34]" classname="com.dotcms.contenttype.test.ContentResourceTest" time="2.907"/>
  <testcase name="test_getContent_shouldReturnRelationships[11: com.dotcms.contenttype.test.ContentResourceTest$TestCase@53317486]" classname="com.dotcms.contenttype.test.ContentResourceTest" time="3.024"/>
  <testcase name="test_getContent_shouldReturnRelationships[12: com.dotcms.contenttype.test.ContentResourceTest$TestCase@4e4be9be]" classname="com.dotcms.contenttype.test.ContentResourceTest" time="2.949"/>
  <testcase name="test_getContent_shouldReturnRelationships[13: com.dotcms.contenttype.test.ContentResourceTest$TestCase@14da8d64]" classname="com.dotcms.contenttype.test.ContentResourceTest" time="2.888"/>
  <testcase name="test_getContent_shouldReturnRelationships[14: com.dotcms.contenttype.test.ContentResourceTest$TestCase@2a9acff5]" classname="com.dotcms.contenttype.test.ContentResourceTest" time="2.927"/>
  <testcase name="test_getContent_shouldReturnRelationships[15: com.dotcms.contenttype.test.ContentResourceTest$TestCase@72d71b64]" classname="com.dotcms.contenttype.test.ContentResourceTest" time="3.773"/>
  <testcase name="test_getContent_shouldReturnRelationships[16: com.dotcms.contenttype.test.ContentResourceTest$TestCase@63401a99]" classname="com.dotcms.contenttype.test.ContentResourceTest" time="3.948"/>
  <testcase name="test_getContent_shouldReturnRelationships[17: com.dotcms.contenttype.test.ContentResourceTest$TestCase@23310a38]" classname="com.dotcms.contenttype.test.ContentResourceTest" time="3.1"/>
  <testcase name="test_getContent_shouldReturnRelationships[18: com.dotcms.contenttype.test.ContentResourceTest$TestCase@5f289ccc]" classname="com.dotcms.contenttype.test.ContentResourceTest" time="2.964"/>
  <testcase name="test_getContent_shouldReturnRelationships[19: com.dotcms.contenttype.test.ContentResourceTest$TestCase@156ea076]" classname="com.dotcms.contenttype.test.ContentResourceTest" time="3.153"/>
  <testcase name="test_getContent_shouldReturnRelationships[20: com.dotcms.contenttype.test.ContentResourceTest$TestCase@7699e490]" classname="com.dotcms.contenttype.test.ContentResourceTest" time="3.208"/>
  <testcase name="test_getContent_shouldReturnRelationships[21: com.dotcms.contenttype.test.ContentResourceTest$TestCase@5dd240b1]" classname="com.dotcms.contenttype.test.ContentResourceTest" time="2.289"/>
  <testcase name="test_getContent_shouldReturnRelationships[22: com.dotcms.contenttype.test.ContentResourceTest$TestCase@4607793b]" classname="com.dotcms.contenttype.test.ContentResourceTest" time="3.218"/>
  <testcase name="test_getContent_shouldReturnRelationships[23: com.dotcms.contenttype.test.ContentResourceTest$TestCase@260a0c9d]" classname="com.dotcms.contenttype.test.ContentResourceTest" time="3.14"/>
  <testcase name="test_getContent_shouldReturnRelationships[24: com.dotcms.contenttype.test.ContentResourceTest$TestCase@1f0ed1a8]" classname="com.dotcms.contenttype.test.ContentResourceTest" time="2.956"/>
  <testcase name="test_getContent_shouldReturnRelationships[25: com.dotcms.contenttype.test.ContentResourceTest$TestCase@5016dd30]" classname="com.dotcms.contenttype.test.ContentResourceTest" time="3.395"/>
  <testcase name="test_getContent_shouldReturnRelationships[26: com.dotcms.contenttype.test.ContentResourceTest$TestCase@2da5b8a8]" classname="com.dotcms.contenttype.test.ContentResourceTest" time="2.264"/>
  <testcase name="test_getContent_shouldReturnRelationships[27: com.dotcms.contenttype.test.ContentResourceTest$TestCase@5bbd3765]" classname="com.dotcms.contenttype.test.ContentResourceTest" time="2.882"/>
  <testcase name="test_getContent_shouldReturnRelationships[28: com.dotcms.contenttype.test.ContentResourceTest$TestCase@32d72e2b]" classname="com.dotcms.contenttype.test.ContentResourceTest" time="3.054"/>
  <testcase name="test_getContent_shouldReturnRelationships[29: com.dotcms.contenttype.test.ContentResourceTest$TestCase@54ce9a1c]" classname="com.dotcms.contenttype.test.ContentResourceTest" time="2.921"/>
  <testcase name="test_getContent_shouldReturnRelationships[30: com.dotcms.contenttype.test.ContentResourceTest$TestCase@54ae08d5]" classname="com.dotcms.contenttype.test.ContentResourceTest" time="2.984"/>
  <testcase name="test_getContent_shouldReturnRelationships[31: com.dotcms.contenttype.test.ContentResourceTest$TestCase@661a1b3a]" classname="com.dotcms.contenttype.test.ContentResourceTest" time="2.859"/>
  <testcase name="test_getContent_shouldReturnRelationships[32: com.dotcms.contenttype.test.ContentResourceTest$TestCase@6db7d7a4]" classname="com.dotcms.contenttype.test.ContentResourceTest" time="4.065"/>
  <testcase name="test_getContent_shouldReturnRelationships[33: com.dotcms.contenttype.test.ContentResourceTest$TestCase@4d89ae74]" classname="com.dotcms.contenttype.test.ContentResourceTest" time="4.014"/>
  <testcase name="testSinglePOST_InvalidParamsShouldReturn400[0: ({\n    &quot;stInode&quot; : &quot;InvalidValue&quot;,\n    &quot;numeric&quot; : &quot;0&quot;,\n    &quot;image&quot; : &quot;whatever&quot;\n}, Bad Request)]" classname="com.dotcms.contenttype.test.ContentResourceTest" time="0.883"/>
  <testcase name="testSinglePOST_InvalidParamsShouldReturn400[1: ({\n    &quot;numeric&quot; : &quot;0&quot;,\n    &quot;image&quot; : &quot;whatever&quot;\n}, Bad Request)]" classname="com.dotcms.contenttype.test.ContentResourceTest" time="0.839"/>
  <testcase name="Test_Save_Action_Set_Null_To_Required_NumericField_Issue_15340" classname="com.dotcms.contenttype.test.ContentResourceTest" time="0.918"/>
  <testcase name="Test_Save_Action_Remove_Image_Then_Verify_Fields_Were_Cleared_Issue_15340" classname="com.dotcms.contenttype.test.ContentResourceTest" time="3.998"/>
  <testcase name="test_getContentWithMultipleSelfRelated_shouldReturnRelationships[0: com.dotcms.contenttype.test.ContentResourceTest$PullSelfRelatedTestCase@5fb0ea69]" classname="com.dotcms.contenttype.test.ContentResourceTest" time="1.855"/>
  <testcase name="test_getContentWithMultipleSelfRelated_shouldReturnRelationships[1: com.dotcms.contenttype.test.ContentResourceTest$PullSelfRelatedTestCase@ce90ccc]" classname="com.dotcms.contenttype.test.ContentResourceTest" time="1.723"/>
  <testcase name="testGetContentWithAllCategoriesInfo[0: json]" classname="com.dotcms.contenttype.test.ContentResourceTest" time="2.637"/>
  <testcase name="testGetContentWithAllCategoriesInfo[1: xml]" classname="com.dotcms.contenttype.test.ContentResourceTest" time="2.49"/>
  <system-out><![CDATA[











]]></system-out>
  <system-err><![CDATA[]]></system-err>
</testsuite>
