<?xml version="1.0" encoding="UTF-8"?>
<testsuite name="com.dotcms.http.CircuitBreakerUrlTest" tests="10" skipped="0" failures="0" errors="0" timestamp="2023-06-26T14:44:50" hostname="fv-az180-822" time="8.828">
  <properties/>
  <testcase name="testBadBreaker" classname="com.dotcms.http.CircuitBreakerUrlTest" time="0.014"/>
  <testcase name="test_breaker_url_using_private_ip_throws_an_exception" classname="com.dotcms.http.CircuitBreakerUrlTest" time="0.002"/>
  <testcase name="testGet" classname="com.dotcms.http.CircuitBreakerUrlTest" time="0.44"/>
  <testcase name="testBadRequest" classname="com.dotcms.http.CircuitBreakerUrlTest" time="0.123"/>
  <testcase name="testToString" classname="com.dotcms.http.CircuitBreakerUrlTest" time="0.463"/>
  <testcase name="disallowRedirects" classname="com.dotcms.http.CircuitBreakerUrlTest" time="0.017"/>
  <testcase name="testGoodBreaker" classname="com.dotcms.http.CircuitBreakerUrlTest" time="0.461"/>
  <testcase name="testRecovery" classname="com.dotcms.http.CircuitBreakerUrlTest" time="6.303"/>
  <testcase name="test_circuitBreakerConnectionControl" classname="com.dotcms.http.CircuitBreakerUrlTest" time="1.002"/>
  <testcase name="testBreakerPool" classname="com.dotcms.http.CircuitBreakerUrlTest" time="0.001"/>
  <system-out><![CDATA[]]></system-out>
  <system-err><![CDATA[]]></system-err>
</testsuite>
