<?xml version="1.0" encoding="UTF-8"?>
<testsuite name="com.dotcms.rest.api.v1.vtl.VTLResourceIntegrationTest" tests="6" skipped="0" failures="0" errors="0" timestamp="2023-07-14T23:58:06" hostname="fv-az1107-746" time="12.413">
  <properties/>
  <testcase name="testGet[0: com.dotcms.rest.api.v1.vtl.VTLResourceTestCase@203d8099]" classname="com.dotcms.rest.api.v1.vtl.VTLResourceIntegrationTest" time="2.565"/>
  <testcase name="testGet[1: com.dotcms.rest.api.v1.vtl.VTLResourceTestCase@33af2460]" classname="com.dotcms.rest.api.v1.vtl.VTLResourceIntegrationTest" time="1.729"/>
  <testcase name="testGet[2: com.dotcms.rest.api.v1.vtl.VTLResourceTestCase@459c6920]" classname="com.dotcms.rest.api.v1.vtl.VTLResourceIntegrationTest" time="2.142"/>
  <testcase name="testGet[3: com.dotcms.rest.api.v1.vtl.VTLResourceTestCase@74e2d45f]" classname="com.dotcms.rest.api.v1.vtl.VTLResourceIntegrationTest" time="2.028"/>
  <testcase name="testGet[4: com.dotcms.rest.api.v1.vtl.VTLResourceTestCase@3897ab12]" classname="com.dotcms.rest.api.v1.vtl.VTLResourceIntegrationTest" time="1.88"/>
  <testcase name="testGet[5: com.dotcms.rest.api.v1.vtl.VTLResourceTestCase@72510444]" classname="com.dotcms.rest.api.v1.vtl.VTLResourceIntegrationTest" time="2.068"/>
  <system-out><![CDATA[]]></system-out>
  <system-err><![CDATA[]]></system-err>
</testsuite>
