<?xml version="1.0" encoding="UTF-8"?>
<testsuite name="com.dotcms.content.elasticsearch.business.ES6UpgradeTest" tests="9" skipped="0" failures="0" errors="0" timestamp="2023-07-11T21:38:07" hostname="fv-az436-467" time="9.548">
  <properties/>
  <testcase name="testElasticSearchJson[0: /home/runner/work/core/core/dotCMS/build/resources/integrationTest/com/dotcms/content/elasticsearch/business/json/filter-catchall.json]" classname="com.dotcms.content.elasticsearch.business.ES6UpgradeTest" time="1.187"/>
  <testcase name="testElasticSearchJson[1: /home/runner/work/core/core/dotCMS/build/resources/integrationTest/com/dotcms/content/elasticsearch/business/json/function-score.json]" classname="com.dotcms.content.elasticsearch.business.ES6UpgradeTest" time="0.047"/>
  <testcase name="testElasticSearchJson[2: /home/runner/work/core/core/dotCMS/build/resources/integrationTest/com/dotcms/content/elasticsearch/business/json/filter-tags.json]" classname="com.dotcms.content.elasticsearch.business.ES6UpgradeTest" time="1.259"/>
  <testcase name="testElasticSearchJson[3: /home/runner/work/core/core/dotCMS/build/resources/integrationTest/com/dotcms/content/elasticsearch/business/json/aggregation-content-type.json]" classname="com.dotcms.content.elasticsearch.business.ES6UpgradeTest" time="1.163"/>
  <testcase name="testElasticSearchJson[4: /home/runner/work/core/core/dotCMS/build/resources/integrationTest/com/dotcms/content/elasticsearch/business/json/filter-tags-whitespace.json]" classname="com.dotcms.content.elasticsearch.business.ES6UpgradeTest" time="1.163"/>
  <testcase name="testElasticSearchJson[5: /home/runner/work/core/core/dotCMS/build/resources/integrationTest/com/dotcms/content/elasticsearch/business/json/filter-title-dates.json]" classname="com.dotcms.content.elasticsearch.business.ES6UpgradeTest" time="1.147"/>
  <testcase name="testElasticSearchJson[6: /home/runner/work/core/core/dotCMS/build/resources/integrationTest/com/dotcms/content/elasticsearch/business/json/fuzzy-search.json]" classname="com.dotcms.content.elasticsearch.business.ES6UpgradeTest" time="1.119"/>
  <testcase name="testElasticSearchJson[7: /home/runner/work/core/core/dotCMS/build/resources/integrationTest/com/dotcms/content/elasticsearch/business/json/aggregation-tags.json]" classname="com.dotcms.content.elasticsearch.business.ES6UpgradeTest" time="1.179"/>
  <testcase name="testElasticSearchJson[8: /home/runner/work/core/core/dotCMS/build/resources/integrationTest/com/dotcms/content/elasticsearch/business/json/filter-distance.json]" classname="com.dotcms.content.elasticsearch.business.ES6UpgradeTest" time="1.282"/>
  <system-out><![CDATA[]]></system-out>
  <system-err><![CDATA[]]></system-err>
</testsuite>
