<?xml version="1.0" encoding="UTF-8"?>
<testsuite name="com.dotmarketing.servlets.ajax.AjaxDirectorServletIntegrationTest" tests="2" skipped="0" failures="0" errors="0" timestamp="2023-07-05T16:44:38" hostname="fv-az951-870" time="1.662">
  <properties/>
  <testcase name="testService[0: com.dotmarketing.servlets.ajax.AjaxDirectorServletTestCase@feef814]" classname="com.dotmarketing.servlets.ajax.AjaxDirectorServletIntegrationTest" time="0.868"/>
  <testcase name="testService[1: com.dotmarketing.servlets.ajax.AjaxDirectorServletTestCase@5e08ee94]" classname="com.dotmarketing.servlets.ajax.AjaxDirectorServletIntegrationTest" time="0.794"/>
  <system-out><![CDATA[]]></system-out>
  <system-err><![CDATA[]]></system-err>
</testsuite>
