<?xml version="1.0" encoding="UTF-8"?>
<testsuite name="com.dotmarketing.portlets.structure.model.ContentletRelationshipsTest" tests="7" skipped="0" failures="0" errors="0" timestamp="2023-06-27T18:10:01" hostname="fv-az450-696" time="8.362">
  <properties/>
  <testcase name="testDoesAllowOnlyOne[0: com.dotmarketing.portlets.structure.model.ContentletRelationshipsTest$CardinalityTestCase@3c9dfb60]" classname="com.dotmarketing.portlets.structure.model.ContentletRelationshipsTest" time="0.526"/>
  <testcase name="testDoesAllowOnlyOne[1: com.dotmarketing.portlets.structure.model.ContentletRelationshipsTest$CardinalityTestCase@4f9eebd8]" classname="com.dotmarketing.portlets.structure.model.ContentletRelationshipsTest" time="0.489"/>
  <testcase name="testDoesAllowOnlyOne[2: com.dotmarketing.portlets.structure.model.ContentletRelationshipsTest$CardinalityTestCase@630bcf5b]" classname="com.dotmarketing.portlets.structure.model.ContentletRelationshipsTest" time="0.505"/>
  <testcase name="testGetRelationshipRecords[0: com.dotmarketing.portlets.structure.model.ContentletRelationshipsTest$TestCase@654a7e46]" classname="com.dotmarketing.portlets.structure.model.ContentletRelationshipsTest" time="2.046"/>
  <testcase name="testGetRelationshipRecords[1: com.dotmarketing.portlets.structure.model.ContentletRelationshipsTest$TestCase@36dfdf74]" classname="com.dotmarketing.portlets.structure.model.ContentletRelationshipsTest" time="2.109"/>
  <testcase name="testGetRelationshipRecords[2: com.dotmarketing.portlets.structure.model.ContentletRelationshipsTest$TestCase@ea7325c]" classname="com.dotmarketing.portlets.structure.model.ContentletRelationshipsTest" time="1.89"/>
  <testcase name="testGetRelationshipRecords[3: com.dotmarketing.portlets.structure.model.ContentletRelationshipsTest$TestCase@33eb45c4]" classname="com.dotmarketing.portlets.structure.model.ContentletRelationshipsTest" time="0.797"/>
  <system-out><![CDATA[]]></system-out>
  <system-err><![CDATA[]]></system-err>
</testsuite>
