<?xml version="1.0" encoding="UTF-8"?>
<testsuite name="com.dotmarketing.business.DeterministicIdentifierAPITest" tests="16" skipped="0" failures="0" errors="0" timestamp="2023-07-10T19:44:09" hostname="fv-az471-786" time="1.617">
  <properties/>
  <testcase name="Test_Category_Path_Seed_And_Id" classname="com.dotmarketing.business.DeterministicIdentifierAPITest" time="0.029"/>
  <testcase name="Test_Language_Deterministic_Id[0: LanguageTestCase{expectedSeed='Language:es:US', expectedHash=4913155, langCode='es', countryCode='US', country='United States'}]" classname="com.dotmarketing.business.DeterministicIdentifierAPITest" time="0.001"/>
  <testcase name="Test_Language_Deterministic_Id[1: LanguageTestCase{expectedSeed='Language:ep:', expectedHash=5292269, langCode='ep', countryCode='', country=''}]" classname="com.dotmarketing.business.DeterministicIdentifierAPITest" time="0.001"/>
  <testcase name="Test_Language_Deterministic_Id[2: LanguageTestCase{expectedSeed='Language:sg:SAG', expectedHash=4713118, langCode='sg', countryCode='SAG', country=''}]" classname="com.dotmarketing.business.DeterministicIdentifierAPITest" time="0.001"/>
  <testcase name="Test_Language_Deterministic_Id[3: LanguageTestCase{expectedSeed='Language:en:NZ', expectedHash=5382528, langCode='en', countryCode='NZ', country='New Zealand'}]" classname="com.dotmarketing.business.DeterministicIdentifierAPITest" time="0.002"/>
  <testcase name="Test_Category_None_Persisted_Category_Should_Return_Deterministic_Id" classname="com.dotmarketing.business.DeterministicIdentifierAPITest" time="0.002"/>
  <testcase name="Test_Asset_Generate_Deterministic_Id_Best_Effort[0: TestCase{versionable=my.host1689017800567.com, parent=System Host, expectedName='my.host1689017800567.com', expectedType='Host'}]" classname="com.dotmarketing.business.DeterministicIdentifierAPITest" time="0.003"/>
  <testcase name="Test_Asset_Generate_Deterministic_Id_Best_Effort[1: TestCase{versionable=com.dotmarketing.portlets.contentlet.model.Contentlet@7306932d[map={modDate=2023-07-10 19:36:41.067, fileName=file15449552555411265170.txt, title=file15449552555411265170.txt, inode=0538fcf9-7c49-429d-9c31-0e644e63e6f9, __IS_NEW_CONTENT__=true, disabledWYSIWYG=[], host=8375bce2-b05c-4226-9bae-66d1374a2f57, stInode=33888b6f-7a8e-4069-b1b6-5c1aa9d0a48d, owner=system, identifier=decbb361-3c67-49a6-a19d-3352d747ae15, nullProperties=[wfExpireDate, wfPublishDate, wfActionAssign, wfActionId, wfActionComments, filterKey, whereToSend, wfNeverExpire, _path_to_move, timezoneId, iWantTo, wfPublishTime, wfExpireTime], languageId=1, fileAsset=/home/runner/work/core/custom/assets/0/5/0538fcf9-7c49-429d-9c31-0e644e63e6f9/fileAsset/file15449552555411265170.txt, folder=69b89a83-c0e0-4050-b6f1-2c282b6768b5, __disable_workflow__=true, sortOrder=0, modUser=system},lowIndexPriority=false,variantId=DEFAULT], parent=com.dotmarketing.portlets.folders.model.Folder@3773b164[identifier=69b89a83-c0e0-4050-b6f1-2c282b6768b5,name=testName1689017801040,sortOrder=0,showOnMenu=false,hostId=8375bce2-b05c-4226-9bae-66d1374a2f57,type=folder,title=testTitle1689017801040,filesMasks=,defaultFileType=33888b6f-7a8e-4069-b1b6-5c1aa9d0a48d,modDate=2023-07-10 19:36:41.057,owner=&lt;null&gt;,iDate=2023-07-10 19:36:41.057,inode=69b89a83-c0e0-4050-b6f1-2c282b6768b5,path=/testName1689017801040/], expectedName='file15449552555411265170.txt', expectedType='FileAsset'}]" classname="com.dotmarketing.business.DeterministicIdentifierAPITest" time="0.003"/>
  <testcase name="Test_Asset_Generate_Deterministic_Id_Best_Effort[2: TestCase{versionable=com.dotmarketing.portlets.templates.model.Template@f7229467, parent=my.host1689017800567.com, expectedName='testTitle1689017801216', expectedType='Template'}]" classname="com.dotmarketing.business.DeterministicIdentifierAPITest" time="0.002"/>
  <testcase name="Test_Asset_Generate_Deterministic_Id_Best_Effort[3: TestCase{versionable=com.dotmarketing.portlets.htmlpageasset.model.HTMLPageAsset@3e191ce9[map={template=d9999a40-57b3-4c92-9204-fb9a7d7c26e8, owner=system, identifier=a358a6c9-e3d9-457e-b81e-1b16238cdf96, nullProperties=[wfExpireDate, wfPublishDate, wfActionAssign, wfActionId, wfActionComments, filterKey, whereToSend, wfNeverExpire, _path_to_move, timezoneId, iWantTo, wfPublishTime, wfExpireTime], modDate=2023-07-10 19:36:41.246, cachettl=0, _is_test_mode=true, languageId=1, title=test-page-title-1689017801238, httpsreq=, url=test-page-url-1689017801238, showOnMenu=, inode=cd53393a-e5ac-434b-8d3c-f0b42a0dac5b, folder=69b89a83-c0e0-4050-b6f1-2c282b6768b5, disabledWYSIWYG=[], sortOrder=1, modUser=system, host=8375bce2-b05c-4226-9bae-66d1374a2f57, stInode=c541abb1-69b3-4bc5-8430-5e09e5239cc8, friendlyName=test-page-friendly-name-1689017801238},lowIndexPriority=false,variantId=DEFAULT], parent=com.dotmarketing.portlets.folders.model.Folder@3773b164[identifier=69b89a83-c0e0-4050-b6f1-2c282b6768b5,name=testName1689017801040,sortOrder=0,showOnMenu=false,hostId=8375bce2-b05c-4226-9bae-66d1374a2f57,type=folder,title=testTitle1689017801040,filesMasks=,defaultFileType=33888b6f-7a8e-4069-b1b6-5c1aa9d0a48d,modDate=2023-07-10 19:36:41.057,owner=&lt;null&gt;,iDate=2023-07-10 19:36:41.057,inode=69b89a83-c0e0-4050-b6f1-2c282b6768b5,path=/testName1689017801040/], expectedName='test-page-url-1689017801238', expectedType='htmlpageasset'}]" classname="com.dotmarketing.business.DeterministicIdentifierAPITest" time="0.003"/>
  <testcase name="Test_Asset_Generate_Deterministic_Id_Best_Effort[4: TestCase{versionable=com.dotmarketing.portlets.contentlet.model.Contentlet@4dfdd355[map={fileAsset2=/home/runner/work/core/custom/assets/9/b/9b544bec-1df0-4eb2-9423-b57ed171140c/fileAsset2/test_binary1689017803009.png, modDate=2023-07-10 19:36:43.018, fileAsset1=/home/runner/work/core/custom/assets/9/b/9b544bec-1df0-4eb2-9423-b57ed171140c/fileAsset1/test_binary1689017803009.jpg, title=blah, inode=9b544bec-1df0-4eb2-9423-b57ed171140c, __IS_NEW_CONTENT__=true, disabledWYSIWYG=[], host=48190c8c-42c4-46af-8d1a-0cd5db894797, stInode=fafdbb24-c49d-41f5-b353-17704bebcc18, owner=system, identifier=5a4108c0-77f9-4fe8-b8f4-d7f102d69978, nullProperties=[], languageId=1, image1=485030d8-ccd9-4322-a2a0-6b2a63a1834f, folder=SYSTEM_FOLDER, __disable_workflow__=true, sortOrder=0, modUser=system},lowIndexPriority=false,variantId=DEFAULT], parent=demo.dotcms.com, expectedName='test_binary1689017803009.jpg:test_binary1689017803009.png', expectedType='MultipleBinaries1689017801656'}]" classname="com.dotmarketing.business.DeterministicIdentifierAPITest" time="0.004"/>
  <testcase name="Test_Asset_Generate_Deterministic_Id_Best_Effort[5: TestCase{versionable=named793d59ca3 : keyTagd793d59ca3, parent=my.host1689017800567.com, expectedName='keyTagd793d59ca3', expectedType='persona'}]" classname="com.dotmarketing.business.DeterministicIdentifierAPITest" time="0.003"/>
  <testcase name="Test_Similar_Content_Type_Wont_Clash" classname="com.dotmarketing.business.DeterministicIdentifierAPITest" time="0.655"/>
  <testcase name="Test_Generate_Folder_Identifier" classname="com.dotmarketing.business.DeterministicIdentifierAPITest" time="0.888"/>
  <testcase name="Test_Generate_Content_Type_Identifier[0: ContentTypeTestCase{contentType=KeyValueContentType{name=Language Variable, id=f4d7c1b8-2c88-4071-abf1-a5328977b07d, description=Default Content Type for Language Variables, defaultType=false, fixed=true, iDate=Thu Aug 31 16:38:49 UTC 2017, system=true, versionable=true, variable=Languagevariable, modDate=Mon Jul 10 18:20:20 UTC 2023, host=SYSTEM_HOST, siteName=systemHost, icon=language, sortOrder=0, folder=SYSTEM_FOLDER, folderPath=/, markedForDeletion=true, multilingualable=false}, expectedName='Languagevariable', expectedType='KeyValue'}]" classname="com.dotmarketing.business.DeterministicIdentifierAPITest" time="0.008"/>
  <testcase name="Test_Generate_Content_Type_Identifier[1: ContentTypeTestCase{contentType=SimpleContentType{name=testName1689017803498, id=a0e9932a-b9a5-417f-b1a4-f218d7eb3a17, description=testDescription1689017803498, defaultType=false, fixed=false, iDate=Mon Jul 10 19:36:43 UTC 2023, system=false, versionable=true, multilingualable=false, variable=testVarname1689017803498, owner=system, modDate=Mon Jul 10 19:36:44 UTC 2023, host=48190c8c-42c4-46af-8d1a-0cd5db894797, siteName=demo.dotcms.com, icon=event_note, sortOrder=0, folder=SYSTEM_FOLDER, folderPath=/, requiredFields=[], markedForDeletion=false}, expectedName='testVarname1689017803498', expectedType='CONTENT'}]" classname="com.dotmarketing.business.DeterministicIdentifierAPITest" time="0.007"/>
  <system-out><![CDATA[]]></system-out>
  <system-err><![CDATA[]]></system-err>
</testsuite>
