<?xml version="1.0" encoding="UTF-8"?>
<testsuite name="com.dotmarketing.portlets.structure.model.ContentletRelationshipsTest" tests="7" skipped="0" failures="0" errors="0" timestamp="2023-06-29T20:12:01" hostname="fv-az408-23" time="7.605">
  <properties/>
  <testcase name="testDoesAllowOnlyOne[0: com.dotmarketing.portlets.structure.model.ContentletRelationshipsTest$CardinalityTestCase@6856658]" classname="com.dotmarketing.portlets.structure.model.ContentletRelationshipsTest" time="0.458"/>
  <testcase name="testDoesAllowOnlyOne[1: com.dotmarketing.portlets.structure.model.ContentletRelationshipsTest$CardinalityTestCase@5d583e45]" classname="com.dotmarketing.portlets.structure.model.ContentletRelationshipsTest" time="0.423"/>
  <testcase name="testDoesAllowOnlyOne[2: com.dotmarketing.portlets.structure.model.ContentletRelationshipsTest$CardinalityTestCase@358f7f66]" classname="com.dotmarketing.portlets.structure.model.ContentletRelationshipsTest" time="0.427"/>
  <testcase name="testGetRelationshipRecords[0: com.dotmarketing.portlets.structure.model.ContentletRelationshipsTest$TestCase@1af62d13]" classname="com.dotmarketing.portlets.structure.model.ContentletRelationshipsTest" time="0.907"/>
  <testcase name="testGetRelationshipRecords[1: com.dotmarketing.portlets.structure.model.ContentletRelationshipsTest$TestCase@37ec2fb3]" classname="com.dotmarketing.portlets.structure.model.ContentletRelationshipsTest" time="1.888"/>
  <testcase name="testGetRelationshipRecords[2: com.dotmarketing.portlets.structure.model.ContentletRelationshipsTest$TestCase@2b5a951d]" classname="com.dotmarketing.portlets.structure.model.ContentletRelationshipsTest" time="1.765"/>
  <testcase name="testGetRelationshipRecords[3: com.dotmarketing.portlets.structure.model.ContentletRelationshipsTest$TestCase@65e0ab5f]" classname="com.dotmarketing.portlets.structure.model.ContentletRelationshipsTest" time="1.737"/>
  <system-out><![CDATA[]]></system-out>
  <system-err><![CDATA[]]></system-err>
</testsuite>
