<?xml version="1.0" encoding="UTF-8"?>
<testsuite name="com.dotmarketing.portlets.structure.model.ContentletRelationshipsTest" tests="7" skipped="0" failures="0" errors="0" timestamp="2023-07-17T16:32:53" hostname="fv-az309-326" time="9.696">
  <properties/>
  <testcase name="testDoesAllowOnlyOne[0: com.dotmarketing.portlets.structure.model.ContentletRelationshipsTest$CardinalityTestCase@5c6c1256]" classname="com.dotmarketing.portlets.structure.model.ContentletRelationshipsTest" time="0.621"/>
  <testcase name="testDoesAllowOnlyOne[1: com.dotmarketing.portlets.structure.model.ContentletRelationshipsTest$CardinalityTestCase@50f019bc]" classname="com.dotmarketing.portlets.structure.model.ContentletRelationshipsTest" time="0.532"/>
  <testcase name="testDoesAllowOnlyOne[2: com.dotmarketing.portlets.structure.model.ContentletRelationshipsTest$CardinalityTestCase@a5e7937]" classname="com.dotmarketing.portlets.structure.model.ContentletRelationshipsTest" time="0.503"/>
  <testcase name="testGetRelationshipRecords[0: com.dotmarketing.portlets.structure.model.ContentletRelationshipsTest$TestCase@2def9f70]" classname="com.dotmarketing.portlets.structure.model.ContentletRelationshipsTest" time="2.176"/>
  <testcase name="testGetRelationshipRecords[1: com.dotmarketing.portlets.structure.model.ContentletRelationshipsTest$TestCase@112dc639]" classname="com.dotmarketing.portlets.structure.model.ContentletRelationshipsTest" time="2.031"/>
  <testcase name="testGetRelationshipRecords[2: com.dotmarketing.portlets.structure.model.ContentletRelationshipsTest$TestCase@41400059]" classname="com.dotmarketing.portlets.structure.model.ContentletRelationshipsTest" time="1.949"/>
  <testcase name="testGetRelationshipRecords[3: com.dotmarketing.portlets.structure.model.ContentletRelationshipsTest$TestCase@38ae5e87]" classname="com.dotmarketing.portlets.structure.model.ContentletRelationshipsTest" time="1.879"/>
  <system-out><![CDATA[]]></system-out>
  <system-err><![CDATA[]]></system-err>
</testsuite>
