<?xml version="1.0" encoding="UTF-8"?>
<testsuite name="com.dotcms.enterprise.publishing.remote.bundler.HostBundlerTest" tests="3" skipped="0" failures="0" errors="0" timestamp="2023-06-30T19:45:10" hostname="fv-az621-917" time="0.044">
  <properties/>
  <testcase name="addHostInBundle[0: com.dotcms.enterprise.publishing.remote.bundler.HostBundlerTest$TestCase@6e3ac39d]" classname="com.dotcms.enterprise.publishing.remote.bundler.HostBundlerTest" time="0.015"/>
  <testcase name="addHostInBundle[1: com.dotcms.enterprise.publishing.remote.bundler.HostBundlerTest$TestCase@fca792f]" classname="com.dotcms.enterprise.publishing.remote.bundler.HostBundlerTest" time="0.011"/>
  <testcase name="addHostInBundle[2: com.dotcms.enterprise.publishing.remote.bundler.HostBundlerTest$TestCase@5a59d557]" classname="com.dotcms.enterprise.publishing.remote.bundler.HostBundlerTest" time="0.018"/>
  <system-out><![CDATA[]]></system-out>
  <system-err><![CDATA[]]></system-err>
</testsuite>
