<?xml version="1.0" encoding="UTF-8"?>
<testsuite name="com.dotcms.contenttype.test.ContentTypeResourceTest" tests="10" skipped="0" failures="0" errors="0" timestamp="2023-06-30T16:48:43" hostname="fv-az455-211" time="22.28">
  <properties/>
  <testcase name="testJson[0: widget-type-object.json]" classname="com.dotcms.contenttype.test.ContentTypeResourceTest" time="2.701"/>
  <testcase name="testJson[1: empty-widget.json]" classname="com.dotcms.contenttype.test.ContentTypeResourceTest" time="2.377"/>
  <testcase name="testJson[2: content-type-object.json]" classname="com.dotcms.contenttype.test.ContentTypeResourceTest" time="1.779"/>
  <testcase name="testJson[3: persona-type-object.json]" classname="com.dotcms.contenttype.test.ContentTypeResourceTest" time="3.016"/>
  <testcase name="testJson[4: content-type-array-insert.json]" classname="com.dotcms.contenttype.test.ContentTypeResourceTest" time="3.198"/>
  <testcase name="testJson[5: file-asset.json]" classname="com.dotcms.contenttype.test.ContentTypeResourceTest" time="2.057"/>
  <testcase name="testJson[6: page-content-type.json]" classname="com.dotcms.contenttype.test.ContentTypeResourceTest" time="5.434"/>
  <testcase name="testJson[7: content-type-object-insert.json]" classname="com.dotcms.contenttype.test.ContentTypeResourceTest" time="1.712"/>
  <testcase name="test_setHostAndFolderAsIdentifer_with_null" classname="com.dotcms.contenttype.test.ContentTypeResourceTest" time="0.0"/>
  <testcase name="test_setHostAndFolderAsIdentifer_with_System_Host" classname="com.dotcms.contenttype.test.ContentTypeResourceTest" time="0.003"/>
  <system-out><![CDATA[]]></system-out>
  <system-err><![CDATA[]]></system-err>
</testsuite>
