<?xml version="1.0" encoding="UTF-8"?>
<testsuite name="com.dotmarketing.startup.runonce.Task210719CleanUpTitleFieldTest" tests="1" skipped="0" failures="0" errors="0" timestamp="2023-07-04T02:57:07" hostname="fv-az951-870" time="0.013">
  <properties/>
  <testcase name="testExecuteUpgrade" classname="com.dotmarketing.startup.runonce.Task210719CleanUpTitleFieldTest" time="0.013"/>
  <system-out><![CDATA[]]></system-out>
  <system-err><![CDATA[]]></system-err>
</testsuite>
