<?xml version="1.0" encoding="UTF-8"?>
<testsuite name="com.dotmarketing.business.DeterministicIdentifierAPITest" tests="16" skipped="0" failures="0" errors="0" timestamp="2023-06-30T19:32:44" hostname="fv-az612-580" time="1.139">
  <properties/>
  <testcase name="Test_Category_Path_Seed_And_Id" classname="com.dotmarketing.business.DeterministicIdentifierAPITest" time="0.021"/>
  <testcase name="Test_Language_Deterministic_Id[0: LanguageTestCase{expectedSeed='Language:es:US', expectedHash=4913155, langCode='es', countryCode='US', country='United States'}]" classname="com.dotmarketing.business.DeterministicIdentifierAPITest" time="0.001"/>
  <testcase name="Test_Language_Deterministic_Id[1: LanguageTestCase{expectedSeed='Language:ep:', expectedHash=5292269, langCode='ep', countryCode='', country=''}]" classname="com.dotmarketing.business.DeterministicIdentifierAPITest" time="0.001"/>
  <testcase name="Test_Language_Deterministic_Id[2: LanguageTestCase{expectedSeed='Language:sg:SAG', expectedHash=4713118, langCode='sg', countryCode='SAG', country=''}]" classname="com.dotmarketing.business.DeterministicIdentifierAPITest" time="0.0"/>
  <testcase name="Test_Language_Deterministic_Id[3: LanguageTestCase{expectedSeed='Language:en:NZ', expectedHash=5382528, langCode='en', countryCode='NZ', country='New Zealand'}]" classname="com.dotmarketing.business.DeterministicIdentifierAPITest" time="0.001"/>
  <testcase name="Test_Category_None_Persisted_Category_Should_Return_Deterministic_Id" classname="com.dotmarketing.business.DeterministicIdentifierAPITest" time="0.001"/>
  <testcase name="Test_Asset_Generate_Deterministic_Id_Best_Effort[0: TestCase{versionable=my.host1688153184079.com, parent=System Host, expectedName='my.host1688153184079.com', expectedType='Host'}]" classname="com.dotmarketing.business.DeterministicIdentifierAPITest" time="0.002"/>
  <testcase name="Test_Asset_Generate_Deterministic_Id_Best_Effort[1: TestCase{versionable=com.dotmarketing.portlets.contentlet.model.Contentlet@5d709107[map={modDate=2023-06-30 19:26:24.704, fileName=file14928489648582309851.txt, title=file14928489648582309851.txt, inode=d71ba5a3-b54a-47f3-ab4f-2b228d9f954a, __IS_NEW_CONTENT__=true, disabledWYSIWYG=[], host=d11c7616-6de8-4fc1-8d7d-9bc893581cf0, stInode=33888b6f-7a8e-4069-b1b6-5c1aa9d0a48d, owner=system, identifier=7319de45-c2e2-4b53-83cb-318d7bd6c3eb, nullProperties=[wfExpireDate, wfPublishDate, wfActionAssign, wfActionId, wfActionComments, filterKey, whereToSend, wfNeverExpire, _path_to_move, timezoneId, iWantTo, wfPublishTime, wfExpireTime], languageId=1, fileAsset=/home/runner/work/core/custom/assets/d/7/d71ba5a3-b54a-47f3-ab4f-2b228d9f954a/fileAsset/file14928489648582309851.txt, folder=f205c4f7-23fe-45ca-a4cc-f5787bc61fef, __disable_workflow__=true, sortOrder=0, modUser=system},lowIndexPriority=false,variantId=DEFAULT], parent=com.dotmarketing.portlets.folders.model.Folder@2eb2e8fd[identifier=f205c4f7-23fe-45ca-a4cc-f5787bc61fef,name=testName1688153184698,sortOrder=0,showOnMenu=false,hostId=d11c7616-6de8-4fc1-8d7d-9bc893581cf0,type=folder,title=testTitle1688153184698,filesMasks=,defaultFileType=33888b6f-7a8e-4069-b1b6-5c1aa9d0a48d,modDate=2023-06-30 19:26:24.7,owner=&lt;null&gt;,iDate=2023-06-30 19:26:24.7,inode=f205c4f7-23fe-45ca-a4cc-f5787bc61fef,path=/testName1688153184698/], expectedName='file14928489648582309851.txt', expectedType='FileAsset'}]" classname="com.dotmarketing.business.DeterministicIdentifierAPITest" time="0.002"/>
  <testcase name="Test_Asset_Generate_Deterministic_Id_Best_Effort[2: TestCase{versionable=com.dotmarketing.portlets.templates.model.Template@cddc261c, parent=my.host1688153184079.com, expectedName='testTitle1688153184788', expectedType='Template'}]" classname="com.dotmarketing.business.DeterministicIdentifierAPITest" time="0.001"/>
  <testcase name="Test_Asset_Generate_Deterministic_Id_Best_Effort[3: TestCase{versionable=com.dotmarketing.portlets.htmlpageasset.model.HTMLPageAsset@255c93ba[map={template=bd8046f9-5093-4f0b-a2f5-5b7bc3ba81fd, owner=system, identifier=461b8dea-0d47-494d-afc3-ae2997c91952, nullProperties=[wfExpireDate, wfPublishDate, wfActionAssign, wfActionId, wfActionComments, filterKey, whereToSend, wfNeverExpire, _path_to_move, timezoneId, iWantTo, wfPublishTime, wfExpireTime], modDate=2023-06-30 19:26:24.801, cachettl=0, _is_test_mode=true, languageId=1, title=test-page-title-1688153184798, httpsreq=, url=test-page-url-1688153184798, showOnMenu=, inode=46e3771c-a0e0-4e51-8d58-b231aa8da928, folder=f205c4f7-23fe-45ca-a4cc-f5787bc61fef, disabledWYSIWYG=[], sortOrder=1, modUser=system, host=d11c7616-6de8-4fc1-8d7d-9bc893581cf0, stInode=c541abb1-69b3-4bc5-8430-5e09e5239cc8, friendlyName=test-page-friendly-name-1688153184798},lowIndexPriority=false,variantId=DEFAULT], parent=com.dotmarketing.portlets.folders.model.Folder@2eb2e8fd[identifier=f205c4f7-23fe-45ca-a4cc-f5787bc61fef,name=testName1688153184698,sortOrder=0,showOnMenu=false,hostId=d11c7616-6de8-4fc1-8d7d-9bc893581cf0,type=folder,title=testTitle1688153184698,filesMasks=,defaultFileType=33888b6f-7a8e-4069-b1b6-5c1aa9d0a48d,modDate=2023-06-30 19:26:24.7,owner=&lt;null&gt;,iDate=2023-06-30 19:26:24.7,inode=f205c4f7-23fe-45ca-a4cc-f5787bc61fef,path=/testName1688153184698/], expectedName='test-page-url-1688153184798', expectedType='htmlpageasset'}]" classname="com.dotmarketing.business.DeterministicIdentifierAPITest" time="0.002"/>
  <testcase name="Test_Asset_Generate_Deterministic_Id_Best_Effort[4: TestCase{versionable=com.dotmarketing.portlets.contentlet.model.Contentlet@3b3e9ab3[map={fileAsset2=/home/runner/work/core/custom/assets/5/4/5435ed72-8d04-4859-bef8-efb13b991244/fileAsset2/test_binary1688153185679.png, modDate=2023-06-30 19:26:25.684, fileAsset1=/home/runner/work/core/custom/assets/5/4/5435ed72-8d04-4859-bef8-efb13b991244/fileAsset1/test_binary1688153185679.jpg, title=blah, inode=5435ed72-8d04-4859-bef8-efb13b991244, __IS_NEW_CONTENT__=true, disabledWYSIWYG=[], host=48190c8c-42c4-46af-8d1a-0cd5db894797, stInode=c2ff3f30-85ab-4ff2-8803-a720472acb63, owner=system, identifier=6d9a7646-8e83-4c49-829c-86473e086384, nullProperties=[], languageId=1, image1=3f78e53f-a5bf-40d3-90d3-830c8aceb5db, folder=SYSTEM_FOLDER, __disable_workflow__=true, sortOrder=0, modUser=system},lowIndexPriority=false,variantId=DEFAULT], parent=demo.dotcms.com, expectedName='test_binary1688153185679.jpg:test_binary1688153185679.png', expectedType='MultipleBinaries1688153184990'}]" classname="com.dotmarketing.business.DeterministicIdentifierAPITest" time="0.002"/>
  <testcase name="Test_Asset_Generate_Deterministic_Id_Best_Effort[5: TestCase{versionable=named59bdde8c9 : keyTagd59bdde8c9, parent=my.host1688153184079.com, expectedName='keyTagd59bdde8c9', expectedType='persona'}]" classname="com.dotmarketing.business.DeterministicIdentifierAPITest" time="0.002"/>
  <testcase name="Test_Similar_Content_Type_Wont_Clash" classname="com.dotmarketing.business.DeterministicIdentifierAPITest" time="0.399"/>
  <testcase name="Test_Generate_Folder_Identifier" classname="com.dotmarketing.business.DeterministicIdentifierAPITest" time="0.696"/>
  <testcase name="Test_Generate_Content_Type_Identifier[0: ContentTypeTestCase{contentType=KeyValueContentType{name=Language Variable, id=f4d7c1b8-2c88-4071-abf1-a5328977b07d, description=Default Content Type for Language Variables, defaultType=false, fixed=true, iDate=Thu Aug 31 16:38:49 UTC 2017, system=true, versionable=true, variable=Languagevariable, modDate=Fri Jun 30 18:20:48 UTC 2023, host=SYSTEM_HOST, siteName=systemHost, icon=language, sortOrder=0, folder=SYSTEM_FOLDER, folderPath=/, markedForDeletion=true, multilingualable=false}, expectedName='Languagevariable', expectedType='KeyValue'}]" classname="com.dotmarketing.business.DeterministicIdentifierAPITest" time="0.003"/>
  <testcase name="Test_Generate_Content_Type_Identifier[1: ContentTypeTestCase{contentType=SimpleContentType{name=testName1688153186037, id=14bf211b-953f-4c7f-a6ef-17ef0da7aa77, description=testDescription1688153186037, defaultType=false, fixed=false, iDate=Fri Jun 30 19:26:26 UTC 2023, system=false, versionable=true, multilingualable=false, variable=testVarname1688153186037, owner=system, modDate=Fri Jun 30 19:26:26 UTC 2023, host=48190c8c-42c4-46af-8d1a-0cd5db894797, siteName=demo.dotcms.com, icon=event_note, sortOrder=0, folder=SYSTEM_FOLDER, folderPath=/, requiredFields=[], markedForDeletion=false}, expectedName='testVarname1688153186037', expectedType='CONTENT'}]" classname="com.dotmarketing.business.DeterministicIdentifierAPITest" time="0.003"/>
  <system-out><![CDATA[]]></system-out>
  <system-err><![CDATA[]]></system-err>
</testsuite>
