<?xml version="1.0" encoding="UTF-8"?>
<testsuite name="com.dotcms.browser.BrowserAPITest" tests="10" skipped="0" failures="0" errors="0" timestamp="2023-06-30T15:45:25" hostname="fv-az173-860" time="30.259">
  <properties/>
  <testcase name="testGetFolderContentWithValidIdentifier" classname="com.dotcms.browser.BrowserAPITest" time="0.061"/>
  <testcase name="getAssetNameColumn_providedBaseQuery_shouldGenerateCorrectSQLForDB" classname="com.dotcms.browser.BrowserAPITest" time="0.0"/>
  <testcase name="getFolderContent_searchDotAssetWithFilter_shouldReturnNotNull" classname="com.dotcms.browser.BrowserAPITest" time="0.032"/>
  <testcase name="test_GetFolderContent_mimetype_pagination" classname="com.dotcms.browser.BrowserAPITest" time="10.831"/>
  <testcase name="getFolderContent_searchAssetWithNoTitleUsingFilter_Expect_Results" classname="com.dotcms.browser.BrowserAPITest" time="1.23"/>
  <testcase name="testGetFolderContentWithInvalidIdentifier" classname="com.dotcms.browser.BrowserAPITest" time="0.006"/>
  <testcase name="test_GetFolderContent_pagination" classname="com.dotcms.browser.BrowserAPITest" time="11.04"/>
  <testcase name="Test_GetFolderContent_Multiple_Langs" classname="com.dotcms.browser.BrowserAPITest" time="5.936"/>
  <testcase name="testingDifferentBrowserAPIResults" classname="com.dotcms.browser.BrowserAPITest" time="0.161"/>
  <testcase name="test_getFolderContent_folderOrderedByName" classname="com.dotcms.browser.BrowserAPITest" time="0.96"/>
  <system-out><![CDATA[




































]]></system-out>
  <system-err><![CDATA[]]></system-err>
</testsuite>
