<?xml version="1.0" encoding="UTF-8"?>
<testsuite name="com.dotmarketing.business.DeterministicIdentifierAPITest" tests="16" skipped="0" failures="0" errors="0" timestamp="2023-06-29T06:48:28" hostname="fv-az590-241" time="1.074">
  <properties/>
  <testcase name="Test_Category_Path_Seed_And_Id" classname="com.dotmarketing.business.DeterministicIdentifierAPITest" time="0.037"/>
  <testcase name="Test_Language_Deterministic_Id[0: LanguageTestCase{expectedSeed='Language:es:US', expectedHash=4913155, langCode='es', countryCode='US', country='United States'}]" classname="com.dotmarketing.business.DeterministicIdentifierAPITest" time="0.001"/>
  <testcase name="Test_Language_Deterministic_Id[1: LanguageTestCase{expectedSeed='Language:ep:', expectedHash=5292269, langCode='ep', countryCode='', country=''}]" classname="com.dotmarketing.business.DeterministicIdentifierAPITest" time="0.001"/>
  <testcase name="Test_Language_Deterministic_Id[2: LanguageTestCase{expectedSeed='Language:sg:SAG', expectedHash=4713118, langCode='sg', countryCode='SAG', country=''}]" classname="com.dotmarketing.business.DeterministicIdentifierAPITest" time="0.001"/>
  <testcase name="Test_Language_Deterministic_Id[3: LanguageTestCase{expectedSeed='Language:en:NZ', expectedHash=5382528, langCode='en', countryCode='NZ', country='New Zealand'}]" classname="com.dotmarketing.business.DeterministicIdentifierAPITest" time="0.002"/>
  <testcase name="Test_Category_None_Persisted_Category_Should_Return_Deterministic_Id" classname="com.dotmarketing.business.DeterministicIdentifierAPITest" time="0.002"/>
  <testcase name="Test_Asset_Generate_Deterministic_Id_Best_Effort[0: TestCase{versionable=my.host1688020853592.com, parent=System Host, expectedName='my.host1688020853592.com', expectedType='Host'}]" classname="com.dotmarketing.business.DeterministicIdentifierAPITest" time="0.003"/>
  <testcase name="Test_Asset_Generate_Deterministic_Id_Best_Effort[1: TestCase{versionable=com.dotmarketing.portlets.contentlet.model.Contentlet@2d236b99[map={modDate=2023-06-29 06:40:53.914, fileName=file5458741094017831178.txt, title=file5458741094017831178.txt, inode=73edefc5-2c38-46a6-afe5-0e0fd261abd1, __IS_NEW_CONTENT__=true, disabledWYSIWYG=[], host=541b3929-c153-4c01-81ae-b6251e7689eb, stInode=33888b6f-7a8e-4069-b1b6-5c1aa9d0a48d, owner=system, identifier=2389846b-2d72-45a5-9b89-f25d0851495e, nullProperties=[wfExpireDate, wfPublishDate, wfActionAssign, wfActionId, wfActionComments, filterKey, whereToSend, wfNeverExpire, _path_to_move, timezoneId, iWantTo, wfPublishTime, wfExpireTime], languageId=1, fileAsset=/home/runner/work/core/custom/assets/7/3/73edefc5-2c38-46a6-afe5-0e0fd261abd1/fileAsset/file5458741094017831178.txt, folder=be0d16f9-adcd-4f2b-9c87-6df574e87a75, __disable_workflow__=true, sortOrder=0, modUser=system},lowIndexPriority=false,variantId=DEFAULT], parent=com.dotmarketing.portlets.folders.model.Folder@2beebecb[identifier=be0d16f9-adcd-4f2b-9c87-6df574e87a75,name=testName1688020853904,sortOrder=0,showOnMenu=false,hostId=541b3929-c153-4c01-81ae-b6251e7689eb,type=folder,title=testTitle1688020853904,filesMasks=,defaultFileType=33888b6f-7a8e-4069-b1b6-5c1aa9d0a48d,modDate=2023-06-29 06:40:53.908,owner=&lt;null&gt;,iDate=2023-06-29 06:40:53.908,inode=be0d16f9-adcd-4f2b-9c87-6df574e87a75,path=/testName1688020853904/], expectedName='file5458741094017831178.txt', expectedType='FileAsset'}]" classname="com.dotmarketing.business.DeterministicIdentifierAPITest" time="0.004"/>
  <testcase name="Test_Asset_Generate_Deterministic_Id_Best_Effort[2: TestCase{versionable=com.dotmarketing.portlets.templates.model.Template@d3f78664, parent=my.host1688020853592.com, expectedName='testTitle1688020854081', expectedType='Template'}]" classname="com.dotmarketing.business.DeterministicIdentifierAPITest" time="0.003"/>
  <testcase name="Test_Asset_Generate_Deterministic_Id_Best_Effort[3: TestCase{versionable=com.dotmarketing.portlets.htmlpageasset.model.HTMLPageAsset@7f20d95[map={template=c54932f4-15fc-4ad0-b480-e84d751be8f0, owner=system, identifier=d88a17b9-ccba-427b-89ef-fd0264235e93, nullProperties=[wfExpireDate, wfPublishDate, wfActionAssign, wfActionId, wfActionComments, filterKey, whereToSend, wfNeverExpire, _path_to_move, timezoneId, iWantTo, wfPublishTime, wfExpireTime], modDate=2023-06-29 06:40:54.102, cachettl=0, _is_test_mode=true, languageId=1, title=test-page-title-1688020854096, httpsreq=, url=test-page-url-1688020854096, showOnMenu=, inode=c9b0e91f-3f6b-4e60-b379-a0c7836ab045, folder=be0d16f9-adcd-4f2b-9c87-6df574e87a75, disabledWYSIWYG=[], sortOrder=1, modUser=system, host=541b3929-c153-4c01-81ae-b6251e7689eb, stInode=c541abb1-69b3-4bc5-8430-5e09e5239cc8, friendlyName=test-page-friendly-name-1688020854096},lowIndexPriority=false,variantId=DEFAULT], parent=com.dotmarketing.portlets.folders.model.Folder@2beebecb[identifier=be0d16f9-adcd-4f2b-9c87-6df574e87a75,name=testName1688020853904,sortOrder=0,showOnMenu=false,hostId=541b3929-c153-4c01-81ae-b6251e7689eb,type=folder,title=testTitle1688020853904,filesMasks=,defaultFileType=33888b6f-7a8e-4069-b1b6-5c1aa9d0a48d,modDate=2023-06-29 06:40:53.908,owner=&lt;null&gt;,iDate=2023-06-29 06:40:53.908,inode=be0d16f9-adcd-4f2b-9c87-6df574e87a75,path=/testName1688020853904/], expectedName='test-page-url-1688020854096', expectedType='htmlpageasset'}]" classname="com.dotmarketing.business.DeterministicIdentifierAPITest" time="0.003"/>
  <testcase name="Test_Asset_Generate_Deterministic_Id_Best_Effort[4: TestCase{versionable=com.dotmarketing.portlets.contentlet.model.Contentlet@51e4dbbc[map={fileAsset2=/home/runner/work/core/custom/assets/9/b/9b25356e-ddec-4a49-8d84-515242381ee3/fileAsset2/test_binary1688020855948.png, modDate=2023-06-29 06:40:55.959, fileAsset1=/home/runner/work/core/custom/assets/9/b/9b25356e-ddec-4a49-8d84-515242381ee3/fileAsset1/test_binary1688020855948.jpg, title=blah, inode=9b25356e-ddec-4a49-8d84-515242381ee3, __IS_NEW_CONTENT__=true, disabledWYSIWYG=[], host=48190c8c-42c4-46af-8d1a-0cd5db894797, stInode=da874ee6-759d-4af0-9bfc-d22828c241ef, owner=system, identifier=0b97556c-4b7a-4e6d-b4c9-21410bd2f3e6, nullProperties=[], languageId=1, image1=381c7810-0cb9-4b83-a3f6-63ec461dabda, folder=SYSTEM_FOLDER, __disable_workflow__=true, sortOrder=0, modUser=system},lowIndexPriority=false,variantId=DEFAULT], parent=demo.dotcms.com, expectedName='test_binary1688020855948.jpg:test_binary1688020855948.png', expectedType='MultipleBinaries1688020854365'}]" classname="com.dotmarketing.business.DeterministicIdentifierAPITest" time="0.004"/>
  <testcase name="Test_Asset_Generate_Deterministic_Id_Best_Effort[5: TestCase{versionable=name1deeca81cc : keyTag1deeca81cc, parent=my.host1688020853592.com, expectedName='keyTag1deeca81cc', expectedType='persona'}]" classname="com.dotmarketing.business.DeterministicIdentifierAPITest" time="0.004"/>
  <testcase name="Test_Similar_Content_Type_Wont_Clash" classname="com.dotmarketing.business.DeterministicIdentifierAPITest" time="0.693"/>
  <testcase name="Test_Generate_Folder_Identifier" classname="com.dotmarketing.business.DeterministicIdentifierAPITest" time="0.3"/>
  <testcase name="Test_Generate_Content_Type_Identifier[0: ContentTypeTestCase{contentType=KeyValueContentType{name=Language Variable, id=f4d7c1b8-2c88-4071-abf1-a5328977b07d, description=Default Content Type for Language Variables, defaultType=false, fixed=true, iDate=Thu Aug 31 16:38:49 UTC 2017, system=true, versionable=true, variable=Languagevariable, modDate=Thu Jun 29 05:18:53 UTC 2023, host=SYSTEM_HOST, siteName=systemHost, icon=language, sortOrder=0, folder=SYSTEM_FOLDER, folderPath=/, markedForDeletion=true, multilingualable=false}, expectedName='Languagevariable', expectedType='KeyValue'}]" classname="com.dotmarketing.business.DeterministicIdentifierAPITest" time="0.006"/>
  <testcase name="Test_Generate_Content_Type_Identifier[1: ContentTypeTestCase{contentType=SimpleContentType{name=testName1688020856617, id=714451d4-9fbe-4d5b-9060-ef9a566a3ba9, description=testDescription1688020856617, defaultType=false, fixed=false, iDate=Thu Jun 29 06:40:56 UTC 2023, system=false, versionable=true, multilingualable=false, variable=testVarname1688020856617, owner=system, modDate=Thu Jun 29 06:40:57 UTC 2023, host=48190c8c-42c4-46af-8d1a-0cd5db894797, siteName=demo.dotcms.com, icon=event_note, sortOrder=0, folder=SYSTEM_FOLDER, folderPath=/, requiredFields=[], markedForDeletion=false}, expectedName='testVarname1688020856617', expectedType='CONTENT'}]" classname="com.dotmarketing.business.DeterministicIdentifierAPITest" time="0.007"/>
  <system-out><![CDATA[]]></system-out>
  <system-err><![CDATA[]]></system-err>
</testsuite>
