<?xml version="1.0" encoding="UTF-8"?>
<testsuite name="com.dotcms.rendering.velocity.viewtools.content.ContentToolTest" tests="18" skipped="0" failures="0" errors="0" timestamp="2023-07-18T03:47:04" hostname="fv-az1236-699" time="58.427">
  <properties/>
  <testcase name="whenTheTimeMachineDateIsNullAndPublishDateInFutureShouldNotReturnAnything" classname="com.dotcms.rendering.velocity.viewtools.content.ContentToolTest" time="3.23"/>
  <testcase name="whenTheTimeMachineDateAndPublishDateAreTomorrowShouldReturnOneContent" classname="com.dotcms.rendering.velocity.viewtools.content.ContentToolTest" time="3.266"/>
  <testcase name="testPullRelated_MultiLangContent" classname="com.dotcms.rendering.velocity.viewtools.content.ContentToolTest" time="9.187"/>
  <testcase name="testPullRelated" classname="com.dotcms.rendering.velocity.viewtools.content.ContentToolTest" time="7.155"/>
  <testcase name="whenPublishAndExpireDatesAreInTheFutureAndTimeMachineIsAfterBoth" classname="com.dotcms.rendering.velocity.viewtools.content.ContentToolTest" time="3.297"/>
  <testcase name="testPullRelatedField_whenInvalidFieldIsSent_throwsAnException" classname="com.dotcms.rendering.velocity.viewtools.content.ContentToolTest" time="0.392"/>
  <testcase name="whenTheTimeMachineDateIsAfterTomorrowAndExpireDateIsTomorrowShouldNotReturnContent" classname="com.dotcms.rendering.velocity.viewtools.content.ContentToolTest" time="3.254"/>
  <testcase name="testPullRelatedContent_whenRelationshipFieldExists[0: com.dotcms.rendering.velocity.viewtools.content.ContentToolTest$TestCase@113a3589]" classname="com.dotcms.rendering.velocity.viewtools.content.ContentToolTest" time="0.709"/>
  <testcase name="testPullRelatedContent_whenRelationshipFieldExists[1: com.dotcms.rendering.velocity.viewtools.content.ContentToolTest$TestCase@3e0a938a]" classname="com.dotcms.rendering.velocity.viewtools.content.ContentToolTest" time="0.749"/>
  <testcase name="testPullRelatedContent_whenRelationshipFieldExists[2: com.dotcms.rendering.velocity.viewtools.content.ContentToolTest$TestCase@6589ecb]" classname="com.dotcms.rendering.velocity.viewtools.content.ContentToolTest" time="0.738"/>
  <testcase name="testPullRelatedContent_whenRelationshipFieldExists[3: com.dotcms.rendering.velocity.viewtools.content.ContentToolTest$TestCase@c850b3d]" classname="com.dotcms.rendering.velocity.viewtools.content.ContentToolTest" time="0.691"/>
  <testcase name="testPullRelatedContent_whenRelationshipFieldExists[4: com.dotcms.rendering.velocity.viewtools.content.ContentToolTest$TestCase@4cd3e159]" classname="com.dotcms.rendering.velocity.viewtools.content.ContentToolTest" time="0.711"/>
  <testcase name="testPullRelatedContent_whenRelationshipFieldExists[5: com.dotcms.rendering.velocity.viewtools.content.ContentToolTest$TestCase@26afad8a]" classname="com.dotcms.rendering.velocity.viewtools.content.ContentToolTest" time="0.694"/>
  <testcase name="testPullRelatedField_success" classname="com.dotcms.rendering.velocity.viewtools.content.ContentToolTest" time="4.92"/>
  <testcase name="testPullRelatedParentContentTypeInLiveMode" classname="com.dotcms.rendering.velocity.viewtools.content.ContentToolTest" time="6.207"/>
  <testcase name="testPullMultiLanguage" classname="com.dotcms.rendering.velocity.viewtools.content.ContentToolTest" time="3.318"/>
  <testcase name="whenTheTimeMachineDateIsAfterTomorrowAndExpireDateIsInFutureShouldReturnContent" classname="com.dotcms.rendering.velocity.viewtools.content.ContentToolTest" time="3.468"/>
  <testcase name="testPullRelatedParentContentType" classname="com.dotcms.rendering.velocity.viewtools.content.ContentToolTest" time="6.437"/>
  <system-out><![CDATA[]]></system-out>
  <system-err><![CDATA[]]></system-err>
</testsuite>
