<?xml version="1.0" encoding="UTF-8"?>
<testsuite name="com.dotmarketing.servlets.ajax.AjaxDirectorServletIntegrationTest" tests="2" skipped="0" failures="0" errors="0" timestamp="2023-07-19T17:03:24" hostname="fv-az400-396" time="5.226">
  <properties/>
  <testcase name="testService[0: com.dotmarketing.servlets.ajax.AjaxDirectorServletTestCase@4ead24b7]" classname="com.dotmarketing.servlets.ajax.AjaxDirectorServletIntegrationTest" time="2.766"/>
  <testcase name="testService[1: com.dotmarketing.servlets.ajax.AjaxDirectorServletTestCase@47f44fc1]" classname="com.dotmarketing.servlets.ajax.AjaxDirectorServletIntegrationTest" time="2.46"/>
  <system-out><![CDATA[]]></system-out>
  <system-err><![CDATA[]]></system-err>
</testsuite>
