<?xml version="1.0" encoding="UTF-8"?>
<testsuite name="com.dotcms.rest.api.v1.vtl.VTLResourceIntegrationTest" tests="6" skipped="0" failures="0" errors="0" timestamp="2023-07-14T14:57:10" hostname="fv-az627-249" time="12.045">
  <properties/>
  <testcase name="testGet[0: com.dotcms.rest.api.v1.vtl.VTLResourceTestCase@4bb1ee4f]" classname="com.dotcms.rest.api.v1.vtl.VTLResourceIntegrationTest" time="2.116"/>
  <testcase name="testGet[1: com.dotcms.rest.api.v1.vtl.VTLResourceTestCase@33aac8e9]" classname="com.dotcms.rest.api.v1.vtl.VTLResourceIntegrationTest" time="1.923"/>
  <testcase name="testGet[2: com.dotcms.rest.api.v1.vtl.VTLResourceTestCase@40d76376]" classname="com.dotcms.rest.api.v1.vtl.VTLResourceIntegrationTest" time="2.03"/>
  <testcase name="testGet[3: com.dotcms.rest.api.v1.vtl.VTLResourceTestCase@611c146a]" classname="com.dotcms.rest.api.v1.vtl.VTLResourceIntegrationTest" time="2.011"/>
  <testcase name="testGet[4: com.dotcms.rest.api.v1.vtl.VTLResourceTestCase@251b5d90]" classname="com.dotcms.rest.api.v1.vtl.VTLResourceIntegrationTest" time="1.973"/>
  <testcase name="testGet[5: com.dotcms.rest.api.v1.vtl.VTLResourceTestCase@4013345a]" classname="com.dotcms.rest.api.v1.vtl.VTLResourceIntegrationTest" time="1.991"/>
  <system-out><![CDATA[]]></system-out>
  <system-err><![CDATA[]]></system-err>
</testsuite>
