<?xml version="1.0" encoding="UTF-8"?>
<testsuite name="com.dotcms.rendering.velocity.viewtools.content.util.ContentUtilsTest" tests="89" skipped="0" failures="0" errors="0" timestamp="2023-07-11T21:25:56" hostname="fv-az552-460" time="388.002">
  <properties/>
  <testcase name="whenTheTimeMachineDateIsNullAndPublishDateInFutureShouldNotReturnAnything" classname="com.dotcms.rendering.velocity.viewtools.content.util.ContentUtilsTest" time="2.879"/>
  <testcase name="test_find_multilingual_contentlet_getContentletSuccessfully" classname="com.dotcms.rendering.velocity.viewtools.content.util.ContentUtilsTest" time="2.232"/>
  <testcase name="whenTheTimeMachineDateAndPublishDateAreTomorrowShouldReturnOneContent" classname="com.dotcms.rendering.velocity.viewtools.content.util.ContentUtilsTest" time="2.889"/>
  <testcase name="testPullRelated[0: com.dotcms.rendering.velocity.viewtools.content.util.ContentUtilsTest$TestCase@328a120d]" classname="com.dotcms.rendering.velocity.viewtools.content.util.ContentUtilsTest" time="3.714"/>
  <testcase name="testPullRelated[1: com.dotcms.rendering.velocity.viewtools.content.util.ContentUtilsTest$TestCase@46c01739]" classname="com.dotcms.rendering.velocity.viewtools.content.util.ContentUtilsTest" time="3.815"/>
  <testcase name="testPullRelated[2: com.dotcms.rendering.velocity.viewtools.content.util.ContentUtilsTest$TestCase@568ee401]" classname="com.dotcms.rendering.velocity.viewtools.content.util.ContentUtilsTest" time="4.502"/>
  <testcase name="testPullRelated[3: com.dotcms.rendering.velocity.viewtools.content.util.ContentUtilsTest$TestCase@6c20f9cf]" classname="com.dotcms.rendering.velocity.viewtools.content.util.ContentUtilsTest" time="3.698"/>
  <testcase name="testPullRelated[4: com.dotcms.rendering.velocity.viewtools.content.util.ContentUtilsTest$TestCase@e58943c]" classname="com.dotcms.rendering.velocity.viewtools.content.util.ContentUtilsTest" time="4.124"/>
  <testcase name="testPullRelated[5: com.dotcms.rendering.velocity.viewtools.content.util.ContentUtilsTest$TestCase@48673311]" classname="com.dotcms.rendering.velocity.viewtools.content.util.ContentUtilsTest" time="4.081"/>
  <testcase name="testPullRelated[6: com.dotcms.rendering.velocity.viewtools.content.util.ContentUtilsTest$TestCase@696878f0]" classname="com.dotcms.rendering.velocity.viewtools.content.util.ContentUtilsTest" time="3.179"/>
  <testcase name="testPullRelated[7: com.dotcms.rendering.velocity.viewtools.content.util.ContentUtilsTest$TestCase@2ed0a93]" classname="com.dotcms.rendering.velocity.viewtools.content.util.ContentUtilsTest" time="3.026"/>
  <testcase name="testPullRelated[8: com.dotcms.rendering.velocity.viewtools.content.util.ContentUtilsTest$TestCase@48de9786]" classname="com.dotcms.rendering.velocity.viewtools.content.util.ContentUtilsTest" time="3.923"/>
  <testcase name="testPullRelated[9: com.dotcms.rendering.velocity.viewtools.content.util.ContentUtilsTest$TestCase@3950da37]" classname="com.dotcms.rendering.velocity.viewtools.content.util.ContentUtilsTest" time="3.893"/>
  <testcase name="testPullRelated[10: com.dotcms.rendering.velocity.viewtools.content.util.ContentUtilsTest$TestCase@13558a15]" classname="com.dotcms.rendering.velocity.viewtools.content.util.ContentUtilsTest" time="4.162"/>
  <testcase name="testPullRelated[11: com.dotcms.rendering.velocity.viewtools.content.util.ContentUtilsTest$TestCase@7906b37e]" classname="com.dotcms.rendering.velocity.viewtools.content.util.ContentUtilsTest" time="4.142"/>
  <testcase name="testPullRelated[12: com.dotcms.rendering.velocity.viewtools.content.util.ContentUtilsTest$TestCase@45d8797f]" classname="com.dotcms.rendering.velocity.viewtools.content.util.ContentUtilsTest" time="3.802"/>
  <testcase name="testPullRelated[13: com.dotcms.rendering.velocity.viewtools.content.util.ContentUtilsTest$TestCase@7ae68291]" classname="com.dotcms.rendering.velocity.viewtools.content.util.ContentUtilsTest" time="4.108"/>
  <testcase name="testPullRelated[14: com.dotcms.rendering.velocity.viewtools.content.util.ContentUtilsTest$TestCase@45dcaafa]" classname="com.dotcms.rendering.velocity.viewtools.content.util.ContentUtilsTest" time="4.076"/>
  <testcase name="testPullRelated[15: com.dotcms.rendering.velocity.viewtools.content.util.ContentUtilsTest$TestCase@90d7c7c]" classname="com.dotcms.rendering.velocity.viewtools.content.util.ContentUtilsTest" time="4.191"/>
  <testcase name="testPullRelated[16: com.dotcms.rendering.velocity.viewtools.content.util.ContentUtilsTest$TestCase@f18efa3]" classname="com.dotcms.rendering.velocity.viewtools.content.util.ContentUtilsTest" time="3.775"/>
  <testcase name="testPullRelated[17: com.dotcms.rendering.velocity.viewtools.content.util.ContentUtilsTest$TestCase@41a416db]" classname="com.dotcms.rendering.velocity.viewtools.content.util.ContentUtilsTest" time="3.179"/>
  <testcase name="testPullRelated[18: com.dotcms.rendering.velocity.viewtools.content.util.ContentUtilsTest$TestCase@618fef6f]" classname="com.dotcms.rendering.velocity.viewtools.content.util.ContentUtilsTest" time="4.041"/>
  <testcase name="testPullRelated[19: com.dotcms.rendering.velocity.viewtools.content.util.ContentUtilsTest$TestCase@30381be]" classname="com.dotcms.rendering.velocity.viewtools.content.util.ContentUtilsTest" time="4.257"/>
  <testcase name="testPullRelated[20: com.dotcms.rendering.velocity.viewtools.content.util.ContentUtilsTest$TestCase@4bae038a]" classname="com.dotcms.rendering.velocity.viewtools.content.util.ContentUtilsTest" time="3.834"/>
  <testcase name="testPullRelated[21: com.dotcms.rendering.velocity.viewtools.content.util.ContentUtilsTest$TestCase@2addd6ea]" classname="com.dotcms.rendering.velocity.viewtools.content.util.ContentUtilsTest" time="3.984"/>
  <testcase name="testPullRelated[22: com.dotcms.rendering.velocity.viewtools.content.util.ContentUtilsTest$TestCase@34b7b049]" classname="com.dotcms.rendering.velocity.viewtools.content.util.ContentUtilsTest" time="3.147"/>
  <testcase name="testPullRelated[23: com.dotcms.rendering.velocity.viewtools.content.util.ContentUtilsTest$TestCase@2b26d910]" classname="com.dotcms.rendering.velocity.viewtools.content.util.ContentUtilsTest" time="3.016"/>
  <testcase name="testPullRelated[24: com.dotcms.rendering.velocity.viewtools.content.util.ContentUtilsTest$TestCase@10af3dad]" classname="com.dotcms.rendering.velocity.viewtools.content.util.ContentUtilsTest" time="4.042"/>
  <testcase name="testPullRelated[25: com.dotcms.rendering.velocity.viewtools.content.util.ContentUtilsTest$TestCase@5401d3d4]" classname="com.dotcms.rendering.velocity.viewtools.content.util.ContentUtilsTest" time="3.859"/>
  <testcase name="testPullRelated[26: com.dotcms.rendering.velocity.viewtools.content.util.ContentUtilsTest$TestCase@5d3d04e5]" classname="com.dotcms.rendering.velocity.viewtools.content.util.ContentUtilsTest" time="3.549"/>
  <testcase name="testPullRelated[27: com.dotcms.rendering.velocity.viewtools.content.util.ContentUtilsTest$TestCase@40cea80b]" classname="com.dotcms.rendering.velocity.viewtools.content.util.ContentUtilsTest" time="3.797"/>
  <testcase name="testPullRelated[28: com.dotcms.rendering.velocity.viewtools.content.util.ContentUtilsTest$TestCase@29e5a7ea]" classname="com.dotcms.rendering.velocity.viewtools.content.util.ContentUtilsTest" time="3.957"/>
  <testcase name="testPullRelated[29: com.dotcms.rendering.velocity.viewtools.content.util.ContentUtilsTest$TestCase@73a05e71]" classname="com.dotcms.rendering.velocity.viewtools.content.util.ContentUtilsTest" time="3.952"/>
  <testcase name="testPullRelated[30: com.dotcms.rendering.velocity.viewtools.content.util.ContentUtilsTest$TestCase@468f66cc]" classname="com.dotcms.rendering.velocity.viewtools.content.util.ContentUtilsTest" time="4.16"/>
  <testcase name="testPullRelated[31: com.dotcms.rendering.velocity.viewtools.content.util.ContentUtilsTest$TestCase@73b410e6]" classname="com.dotcms.rendering.velocity.viewtools.content.util.ContentUtilsTest" time="3.138"/>
  <testcase name="testPullRelated[32: com.dotcms.rendering.velocity.viewtools.content.util.ContentUtilsTest$TestCase@77ea238d]" classname="com.dotcms.rendering.velocity.viewtools.content.util.ContentUtilsTest" time="3.847"/>
  <testcase name="testPullRelated[33: com.dotcms.rendering.velocity.viewtools.content.util.ContentUtilsTest$TestCase@6c8a8d7]" classname="com.dotcms.rendering.velocity.viewtools.content.util.ContentUtilsTest" time="4.092"/>
  <testcase name="testPullRelated[34: com.dotcms.rendering.velocity.viewtools.content.util.ContentUtilsTest$TestCase@3b4c17c4]" classname="com.dotcms.rendering.velocity.viewtools.content.util.ContentUtilsTest" time="3.911"/>
  <testcase name="testPullRelated[35: com.dotcms.rendering.velocity.viewtools.content.util.ContentUtilsTest$TestCase@682c036b]" classname="com.dotcms.rendering.velocity.viewtools.content.util.ContentUtilsTest" time="2.35"/>
  <testcase name="testPullRelated[36: com.dotcms.rendering.velocity.viewtools.content.util.ContentUtilsTest$TestCase@4efcb3a8]" classname="com.dotcms.rendering.velocity.viewtools.content.util.ContentUtilsTest" time="4.985"/>
  <testcase name="testPullRelated[37: com.dotcms.rendering.velocity.viewtools.content.util.ContentUtilsTest$TestCase@d3124b0]" classname="com.dotcms.rendering.velocity.viewtools.content.util.ContentUtilsTest" time="5.078"/>
  <testcase name="testPullRelated[38: com.dotcms.rendering.velocity.viewtools.content.util.ContentUtilsTest$TestCase@5698e0e5]" classname="com.dotcms.rendering.velocity.viewtools.content.util.ContentUtilsTest" time="6.262"/>
  <testcase name="testPullRelated[39: com.dotcms.rendering.velocity.viewtools.content.util.ContentUtilsTest$TestCase@5ea78606]" classname="com.dotcms.rendering.velocity.viewtools.content.util.ContentUtilsTest" time="4.899"/>
  <testcase name="testPullRelated[40: com.dotcms.rendering.velocity.viewtools.content.util.ContentUtilsTest$TestCase@756d1f89]" classname="com.dotcms.rendering.velocity.viewtools.content.util.ContentUtilsTest" time="6.24"/>
  <testcase name="testPullRelated[41: com.dotcms.rendering.velocity.viewtools.content.util.ContentUtilsTest$TestCase@71fdb130]" classname="com.dotcms.rendering.velocity.viewtools.content.util.ContentUtilsTest" time="5.845"/>
  <testcase name="testPullRelated[42: com.dotcms.rendering.velocity.viewtools.content.util.ContentUtilsTest$TestCase@60f3e822]" classname="com.dotcms.rendering.velocity.viewtools.content.util.ContentUtilsTest" time="6.438"/>
  <testcase name="testPullRelated[43: com.dotcms.rendering.velocity.viewtools.content.util.ContentUtilsTest$TestCase@206d58c]" classname="com.dotcms.rendering.velocity.viewtools.content.util.ContentUtilsTest" time="5.795"/>
  <testcase name="testPullRelated[44: com.dotcms.rendering.velocity.viewtools.content.util.ContentUtilsTest$TestCase@1f0a0312]" classname="com.dotcms.rendering.velocity.viewtools.content.util.ContentUtilsTest" time="6.25"/>
  <testcase name="testPullRelated[45: com.dotcms.rendering.velocity.viewtools.content.util.ContentUtilsTest$TestCase@3e245f2]" classname="com.dotcms.rendering.velocity.viewtools.content.util.ContentUtilsTest" time="5.905"/>
  <testcase name="testPullRelated[46: com.dotcms.rendering.velocity.viewtools.content.util.ContentUtilsTest$TestCase@7c2f1f54]" classname="com.dotcms.rendering.velocity.viewtools.content.util.ContentUtilsTest" time="5.263"/>
  <testcase name="testPullRelated[47: com.dotcms.rendering.velocity.viewtools.content.util.ContentUtilsTest$TestCase@48311fe8]" classname="com.dotcms.rendering.velocity.viewtools.content.util.ContentUtilsTest" time="5.169"/>
  <testcase name="testPullRelated[48: com.dotcms.rendering.velocity.viewtools.content.util.ContentUtilsTest$TestCase@76c976f]" classname="com.dotcms.rendering.velocity.viewtools.content.util.ContentUtilsTest" time="5.86"/>
  <testcase name="testPullRelated[49: com.dotcms.rendering.velocity.viewtools.content.util.ContentUtilsTest$TestCase@16308fa5]" classname="com.dotcms.rendering.velocity.viewtools.content.util.ContentUtilsTest" time="5.975"/>
  <testcase name="testPullRelated[50: com.dotcms.rendering.velocity.viewtools.content.util.ContentUtilsTest$TestCase@1261f788]" classname="com.dotcms.rendering.velocity.viewtools.content.util.ContentUtilsTest" time="6.418"/>
  <testcase name="testPullRelated[51: com.dotcms.rendering.velocity.viewtools.content.util.ContentUtilsTest$TestCase@526f6473]" classname="com.dotcms.rendering.velocity.viewtools.content.util.ContentUtilsTest" time="4.903"/>
  <testcase name="testPullRelated[52: com.dotcms.rendering.velocity.viewtools.content.util.ContentUtilsTest$TestCase@31db46be]" classname="com.dotcms.rendering.velocity.viewtools.content.util.ContentUtilsTest" time="5.902"/>
  <testcase name="testPullRelated[53: com.dotcms.rendering.velocity.viewtools.content.util.ContentUtilsTest$TestCase@2384ba87]" classname="com.dotcms.rendering.velocity.viewtools.content.util.ContentUtilsTest" time="6.056"/>
  <testcase name="testPullRelated[54: com.dotcms.rendering.velocity.viewtools.content.util.ContentUtilsTest$TestCase@3e44c4c8]" classname="com.dotcms.rendering.velocity.viewtools.content.util.ContentUtilsTest" time="6.487"/>
  <testcase name="testPullRelated[55: com.dotcms.rendering.velocity.viewtools.content.util.ContentUtilsTest$TestCase@17a1638f]" classname="com.dotcms.rendering.velocity.viewtools.content.util.ContentUtilsTest" time="5.788"/>
  <testcase name="testPullRelated[56: com.dotcms.rendering.velocity.viewtools.content.util.ContentUtilsTest$TestCase@7c243973]" classname="com.dotcms.rendering.velocity.viewtools.content.util.ContentUtilsTest" time="6.227"/>
  <testcase name="testPullRelated[57: com.dotcms.rendering.velocity.viewtools.content.util.ContentUtilsTest$TestCase@7af2e4f2]" classname="com.dotcms.rendering.velocity.viewtools.content.util.ContentUtilsTest" time="5.888"/>
  <testcase name="testPullRelated[58: com.dotcms.rendering.velocity.viewtools.content.util.ContentUtilsTest$TestCase@62081de0]" classname="com.dotcms.rendering.velocity.viewtools.content.util.ContentUtilsTest" time="6.11"/>
  <testcase name="testPullRelated[59: com.dotcms.rendering.velocity.viewtools.content.util.ContentUtilsTest$TestCase@7ea9b735]" classname="com.dotcms.rendering.velocity.viewtools.content.util.ContentUtilsTest" time="6.272"/>
  <testcase name="testPullRelated[60: com.dotcms.rendering.velocity.viewtools.content.util.ContentUtilsTest$TestCase@231bf632]" classname="com.dotcms.rendering.velocity.viewtools.content.util.ContentUtilsTest" time="5.85"/>
  <testcase name="testPullRelated[61: com.dotcms.rendering.velocity.viewtools.content.util.ContentUtilsTest$TestCase@4ea353d7]" classname="com.dotcms.rendering.velocity.viewtools.content.util.ContentUtilsTest" time="5.98"/>
  <testcase name="testPullRelated[62: com.dotcms.rendering.velocity.viewtools.content.util.ContentUtilsTest$TestCase@6c66a0fe]" classname="com.dotcms.rendering.velocity.viewtools.content.util.ContentUtilsTest" time="5.41"/>
  <testcase name="testPullRelated[63: com.dotcms.rendering.velocity.viewtools.content.util.ContentUtilsTest$TestCase@5f45a258]" classname="com.dotcms.rendering.velocity.viewtools.content.util.ContentUtilsTest" time="5.959"/>
  <testcase name="testPullRelated[64: com.dotcms.rendering.velocity.viewtools.content.util.ContentUtilsTest$TestCase@231365e4]" classname="com.dotcms.rendering.velocity.viewtools.content.util.ContentUtilsTest" time="5.916"/>
  <testcase name="testPullRelated[65: com.dotcms.rendering.velocity.viewtools.content.util.ContentUtilsTest$TestCase@777aa7ba]" classname="com.dotcms.rendering.velocity.viewtools.content.util.ContentUtilsTest" time="6.121"/>
  <testcase name="testPullRelated[66: com.dotcms.rendering.velocity.viewtools.content.util.ContentUtilsTest$TestCase@2e4288fb]" classname="com.dotcms.rendering.velocity.viewtools.content.util.ContentUtilsTest" time="5.248"/>
  <testcase name="testPullRelated[67: com.dotcms.rendering.velocity.viewtools.content.util.ContentUtilsTest$TestCase@5c67a809]" classname="com.dotcms.rendering.velocity.viewtools.content.util.ContentUtilsTest" time="5.818"/>
  <testcase name="testPullRelated[68: com.dotcms.rendering.velocity.viewtools.content.util.ContentUtilsTest$TestCase@6463ca24]" classname="com.dotcms.rendering.velocity.viewtools.content.util.ContentUtilsTest" time="5.287"/>
  <testcase name="testPullRelated[69: com.dotcms.rendering.velocity.viewtools.content.util.ContentUtilsTest$TestCase@4606e665]" classname="com.dotcms.rendering.velocity.viewtools.content.util.ContentUtilsTest" time="5.053"/>
  <testcase name="testPullRelated[70: com.dotcms.rendering.velocity.viewtools.content.util.ContentUtilsTest$TestCase@7cb9ab0e]" classname="com.dotcms.rendering.velocity.viewtools.content.util.ContentUtilsTest" time="5.092"/>
  <testcase name="testPullRelated[71: com.dotcms.rendering.velocity.viewtools.content.util.ContentUtilsTest$TestCase@1d7f6370]" classname="com.dotcms.rendering.velocity.viewtools.content.util.ContentUtilsTest" time="6.211"/>
  <testcase name="whenPublishAndExpireDatesAreInTheFutureAndTimeMachineIsAfterBoth" classname="com.dotcms.rendering.velocity.viewtools.content.util.ContentUtilsTest" time="2.946"/>
  <testcase name="testPullRelatedForLegacyRelationship[0: com.dotcms.rendering.velocity.viewtools.content.util.ContentUtilsTest$LegacyTestCase@67b7a811]" classname="com.dotcms.rendering.velocity.viewtools.content.util.ContentUtilsTest" time="2.531"/>
  <testcase name="testPullRelatedForLegacyRelationship[1: com.dotcms.rendering.velocity.viewtools.content.util.ContentUtilsTest$LegacyTestCase@16735f4c]" classname="com.dotcms.rendering.velocity.viewtools.content.util.ContentUtilsTest" time="4.105"/>
  <testcase name="whenTheTimeMachineDateIsAfterTomorrowAndExpireDateIsTomorrowShouldNotReturnContent" classname="com.dotcms.rendering.velocity.viewtools.content.util.ContentUtilsTest" time="3.013"/>
  <testcase name="testPullLiveRelatedWhenLatestVersionIsWorking" classname="com.dotcms.rendering.velocity.viewtools.content.util.ContentUtilsTest" time="3.783"/>
  <testcase name="test_add_relationships_on_parent_children_related_contents" classname="com.dotcms.rendering.velocity.viewtools.content.util.ContentUtilsTest" time="1.474"/>
  <testcase name="testSortPullRelated[0: com.dotcms.rendering.velocity.viewtools.content.util.ContentUtilsTest$SortTestCase@27237757]" classname="com.dotcms.rendering.velocity.viewtools.content.util.ContentUtilsTest" time="1.637"/>
  <testcase name="testSortPullRelated[1: com.dotcms.rendering.velocity.viewtools.content.util.ContentUtilsTest$SortTestCase@4121f420]" classname="com.dotcms.rendering.velocity.viewtools.content.util.ContentUtilsTest" time="1.6"/>
  <testcase name="testSortPullRelated[2: com.dotcms.rendering.velocity.viewtools.content.util.ContentUtilsTest$SortTestCase@1b0c2b35]" classname="com.dotcms.rendering.velocity.viewtools.content.util.ContentUtilsTest" time="1.691"/>
  <testcase name="testSortPullRelated[3: com.dotcms.rendering.velocity.viewtools.content.util.ContentUtilsTest$SortTestCase@17898e27]" classname="com.dotcms.rendering.velocity.viewtools.content.util.ContentUtilsTest" time="2.583"/>
  <testcase name="testSortPullRelated[4: com.dotcms.rendering.velocity.viewtools.content.util.ContentUtilsTest$SortTestCase@2b2cca4e]" classname="com.dotcms.rendering.velocity.viewtools.content.util.ContentUtilsTest" time="2.51"/>
  <testcase name="testSortPullRelated[5: com.dotcms.rendering.velocity.viewtools.content.util.ContentUtilsTest$SortTestCase@65e2abff]" classname="com.dotcms.rendering.velocity.viewtools.content.util.ContentUtilsTest" time="2.458"/>
  <testcase name="whenTheTimeMachineDateIsAfterTomorrowAndExpireDateIsInFutureShouldReturnContent" classname="com.dotcms.rendering.velocity.viewtools.content.util.ContentUtilsTest" time="2.985"/>
  <testcase name="testPullRelatedFieldShouldRespectDefaultOrder" classname="com.dotcms.rendering.velocity.viewtools.content.util.ContentUtilsTest" time="2.402"/>
  <system-out><![CDATA[]]></system-out>
  <system-err><![CDATA[]]></system-err>
</testsuite>
