<?xml version="1.0" encoding="UTF-8"?>
<testsuite name="com.dotmarketing.startup.runalways.Task00050LoadAppsSecretsTest" tests="4" skipped="0" failures="0" errors="0" timestamp="2023-06-28T04:10:52" hostname="fv-az1028-708" time="4.52">
  <properties/>
  <testcase name="Test_UpgradeTask_Expect_Failure_Due_To_Invalid_Descriptor" classname="com.dotmarketing.startup.runalways.Task00050LoadAppsSecretsTest" time="1.087"/>
  <testcase name="Test_UpgradeTask_Expect_Failure_Due_To_Invalid_Site" classname="com.dotmarketing.startup.runalways.Task00050LoadAppsSecretsTest" time="2.231"/>
  <testcase name="Test_UpgradeTask_Should_Not_Run_When_No_DefaultPassword_isSet" classname="com.dotmarketing.startup.runalways.Task00050LoadAppsSecretsTest" time="0.01"/>
  <testcase name="Test_UpgradeTask" classname="com.dotmarketing.startup.runalways.Task00050LoadAppsSecretsTest" time="1.192"/>
  <system-out><![CDATA[]]></system-out>
  <system-err><![CDATA[]]></system-err>
</testsuite>
