<?xml version="1.0" encoding="UTF-8"?>
<testsuite name="com.dotcms.rest.elasticsearch.ESContentResourcePortletTest" tests="8" skipped="0" failures="0" errors="0" timestamp="2023-06-30T20:11:24" hostname="fv-az442-763" time="7.823">
  <properties/>
  <testcase name="test_search_includeGrandChildCategory_success" classname="com.dotcms.rest.elasticsearch.ESContentResourcePortletTest" time="1.362"/>
  <testcase name="testSearch[0: com.dotcms.rest.elasticsearch.ESContentResourcePortletTest$TestCase@36fcee92]" classname="com.dotcms.rest.elasticsearch.ESContentResourcePortletTest" time="0.988"/>
  <testcase name="testSearch[1: com.dotcms.rest.elasticsearch.ESContentResourcePortletTest$TestCase@174d54eb]" classname="com.dotcms.rest.elasticsearch.ESContentResourcePortletTest" time="1.193"/>
  <testcase name="testSearch[2: com.dotcms.rest.elasticsearch.ESContentResourcePortletTest$TestCase@63e94087]" classname="com.dotcms.rest.elasticsearch.ESContentResourcePortletTest" time="0.952"/>
  <testcase name="testSearch[3: com.dotcms.rest.elasticsearch.ESContentResourcePortletTest$TestCase@676324a8]" classname="com.dotcms.rest.elasticsearch.ESContentResourcePortletTest" time="1.224"/>
  <testcase name="testSearch[4: com.dotcms.rest.elasticsearch.ESContentResourcePortletTest$TestCase@363acea8]" classname="com.dotcms.rest.elasticsearch.ESContentResourcePortletTest" time="0.245"/>
  <testcase name="testSearch[5: com.dotcms.rest.elasticsearch.ESContentResourcePortletTest$TestCase@4b2d2e88]" classname="com.dotcms.rest.elasticsearch.ESContentResourcePortletTest" time="0.927"/>
  <testcase name="testSearch[6: com.dotcms.rest.elasticsearch.ESContentResourcePortletTest$TestCase@6269a212]" classname="com.dotcms.rest.elasticsearch.ESContentResourcePortletTest" time="0.93"/>
  <system-out><![CDATA[]]></system-out>
  <system-err><![CDATA[]]></system-err>
</testsuite>
