<?xml version="1.0" encoding="UTF-8"?>
<testsuite name="com.dotmarketing.servlets.ajax.AjaxDirectorServletIntegrationTest" tests="2" skipped="0" failures="0" errors="0" timestamp="2023-06-29T18:40:34" hostname="fv-az417-420" time="0.784">
  <properties/>
  <testcase name="testService[0: com.dotmarketing.servlets.ajax.AjaxDirectorServletTestCase@134b6f5c]" classname="com.dotmarketing.servlets.ajax.AjaxDirectorServletIntegrationTest" time="0.523"/>
  <testcase name="testService[1: com.dotmarketing.servlets.ajax.AjaxDirectorServletTestCase@637050ed]" classname="com.dotmarketing.servlets.ajax.AjaxDirectorServletIntegrationTest" time="0.261"/>
  <system-out><![CDATA[]]></system-out>
  <system-err><![CDATA[]]></system-err>
</testsuite>
