<?xml version="1.0" encoding="UTF-8"?>
<testsuite name="com.dotmarketing.servlets.ajax.AjaxDirectorServletIntegrationTest" tests="2" skipped="0" failures="0" errors="0" timestamp="2023-07-10T22:26:33" hostname="fv-az445-212" time="1.283">
  <properties/>
  <testcase name="testService[0: com.dotmarketing.servlets.ajax.AjaxDirectorServletTestCase@12478ae1]" classname="com.dotmarketing.servlets.ajax.AjaxDirectorServletIntegrationTest" time="0.826"/>
  <testcase name="testService[1: com.dotmarketing.servlets.ajax.AjaxDirectorServletTestCase@6751229e]" classname="com.dotmarketing.servlets.ajax.AjaxDirectorServletIntegrationTest" time="0.457"/>
  <system-out><![CDATA[]]></system-out>
  <system-err><![CDATA[]]></system-err>
</testsuite>
