<?xml version="1.0" encoding="UTF-8"?>
<testsuite name="com.dotcms.rest.TagResourceIntegrationTest" tests="4" skipped="0" failures="0" errors="0" timestamp="2023-06-30T20:29:21" hostname="fv-az1025-316" time="0.23">
  <properties/>
  <testcase name="testList[0: com.dotcms.rest.TagResourceTestCase@4292b494]" classname="com.dotcms.rest.TagResourceIntegrationTest" time="0.18"/>
  <testcase name="testList[1: com.dotcms.rest.TagResourceTestCase@fa73b8e]" classname="com.dotcms.rest.TagResourceIntegrationTest" time="0.017"/>
  <testcase name="testList[2: com.dotcms.rest.TagResourceTestCase@33cccfac]" classname="com.dotcms.rest.TagResourceIntegrationTest" time="0.014"/>
  <testcase name="testList[3: com.dotcms.rest.TagResourceTestCase@345b98cf]" classname="com.dotcms.rest.TagResourceIntegrationTest" time="0.019"/>
  <system-out><![CDATA[]]></system-out>
  <system-err><![CDATA[Jun 30, 2023 8:29:21 PM com.dotcms.repackage.org.hibernate.validator.internal.util.Version <clinit>
INFO: HV000001: Hibernate Validator 4.3.2.Final
]]></system-err>
</testsuite>
