<?xml version="1.0" encoding="UTF-8"?>
<testsuite name="com.dotmarketing.startup.runonce.Task221007AddVariantIntoPrimaryKeyTest" tests="3" skipped="0" failures="0" errors="0" timestamp="2023-07-08T04:08:44" hostname="fv-az436-467" time="0.073">
  <properties/>
  <testcase name="executeUpgrade" classname="com.dotmarketing.startup.runonce.Task221007AddVariantIntoPrimaryKeyTest" time="0.021"/>
  <testcase name="primaryKeyWithNoDefaultName" classname="com.dotmarketing.startup.runonce.Task221007AddVariantIntoPrimaryKeyTest" time="0.026"/>
  <testcase name="whenThePrimaryKeyDoesNotExists" classname="com.dotmarketing.startup.runonce.Task221007AddVariantIntoPrimaryKeyTest" time="0.025"/>
  <system-out><![CDATA[]]></system-out>
  <system-err><![CDATA[]]></system-err>
</testsuite>
