<?xml version="1.0" encoding="UTF-8"?>
<testsuite name="com.dotcms.visitor.filter.logger.VisitorLoggerTest" tests="3" skipped="1" failures="0" errors="0" timestamp="2023-06-27T19:13:49" hostname="fv-az412-684" time="0.018">
  <properties/>
  <testcase name="testRemoveConstructor" classname="com.dotcms.visitor.filter.logger.VisitorLoggerTest" time="0.016"/>
  <testcase name="testLog" classname="com.dotcms.visitor.filter.logger.VisitorLoggerTest" time="0.0">
    <skipped/>
  </testcase>
  <testcase name="testAddConstructor" classname="com.dotcms.visitor.filter.logger.VisitorLoggerTest" time="0.002"/>
  <system-out><![CDATA[]]></system-out>
  <system-err><![CDATA[]]></system-err>
</testsuite>
