<?xml version="1.0" encoding="UTF-8"?>
<testsuite name="com.dotmarketing.servlets.ajax.AjaxDirectorServletIntegrationTest" tests="2" skipped="0" failures="0" errors="0" timestamp="2023-07-14T22:04:26" hostname="fv-az358-465" time="2.724">
  <properties/>
  <testcase name="testService[0: com.dotmarketing.servlets.ajax.AjaxDirectorServletTestCase@7bba90cc]" classname="com.dotmarketing.servlets.ajax.AjaxDirectorServletIntegrationTest" time="1.495"/>
  <testcase name="testService[1: com.dotmarketing.servlets.ajax.AjaxDirectorServletTestCase@727f8806]" classname="com.dotmarketing.servlets.ajax.AjaxDirectorServletIntegrationTest" time="1.229"/>
  <system-out><![CDATA[]]></system-out>
  <system-err><![CDATA[]]></system-err>
</testsuite>
