<?xml version="1.0" encoding="UTF-8"?>
<testsuite name="com.dotmarketing.business.DeterministicIdentifierAPITest" tests="16" skipped="0" failures="0" errors="0" timestamp="2023-06-26T18:08:21" hostname="fv-az1242-413" time="0.717">
  <properties/>
  <testcase name="Test_Category_Path_Seed_And_Id" classname="com.dotmarketing.business.DeterministicIdentifierAPITest" time="0.022"/>
  <testcase name="Test_Language_Deterministic_Id[0: LanguageTestCase{expectedSeed='Language:es:US', expectedHash=4913155, langCode='es', countryCode='US', country='United States'}]" classname="com.dotmarketing.business.DeterministicIdentifierAPITest" time="0.001"/>
  <testcase name="Test_Language_Deterministic_Id[1: LanguageTestCase{expectedSeed='Language:ep:', expectedHash=5292269, langCode='ep', countryCode='', country=''}]" classname="com.dotmarketing.business.DeterministicIdentifierAPITest" time="0.001"/>
  <testcase name="Test_Language_Deterministic_Id[2: LanguageTestCase{expectedSeed='Language:sg:SAG', expectedHash=4713118, langCode='sg', countryCode='SAG', country=''}]" classname="com.dotmarketing.business.DeterministicIdentifierAPITest" time="0.001"/>
  <testcase name="Test_Language_Deterministic_Id[3: LanguageTestCase{expectedSeed='Language:en:NZ', expectedHash=5382528, langCode='en', countryCode='NZ', country='New Zealand'}]" classname="com.dotmarketing.business.DeterministicIdentifierAPITest" time="0.001"/>
  <testcase name="Test_Category_None_Persisted_Category_Should_Return_Deterministic_Id" classname="com.dotmarketing.business.DeterministicIdentifierAPITest" time="0.001"/>
  <testcase name="Test_Asset_Generate_Deterministic_Id_Best_Effort[0: TestCase{versionable=my.host1687797402712.com, parent=System Host, expectedName='my.host1687797402712.com', expectedType='Host'}]" classname="com.dotmarketing.business.DeterministicIdentifierAPITest" time="0.004"/>
  <testcase name="Test_Asset_Generate_Deterministic_Id_Best_Effort[1: TestCase{versionable=com.dotmarketing.portlets.contentlet.model.Contentlet@6e0ee1d2[map={modDate=2023-06-26 16:36:43.71, fileName=file6900970461246136113.txt, title=file6900970461246136113.txt, inode=5178659c-ee72-4cd1-953d-d0f3e6ef4739, __IS_NEW_CONTENT__=true, disabledWYSIWYG=[], host=fa4559da-3f7f-4cfb-b2c3-fa310807b7a6, stInode=33888b6f-7a8e-4069-b1b6-5c1aa9d0a48d, owner=system, identifier=5fe0ee53-7eaa-4b27-9b71-72fe9bbf1ec3, nullProperties=[wfExpireDate, wfPublishDate, wfActionAssign, wfActionId, wfActionComments, filterKey, whereToSend, wfNeverExpire, _path_to_move, timezoneId, iWantTo, wfPublishTime, wfExpireTime], languageId=1, fileAsset=/home/runner/work/core/custom/assets/5/1/5178659c-ee72-4cd1-953d-d0f3e6ef4739/fileAsset/file6900970461246136113.txt, folder=4b054786-fbb5-4873-bb98-c63603a91df3, __disable_workflow__=true, sortOrder=0, modUser=system},lowIndexPriority=false,variantId=DEFAULT], parent=com.dotmarketing.portlets.folders.model.Folder@77d0ce6b[identifier=4b054786-fbb5-4873-bb98-c63603a91df3,name=testName1687797403701,sortOrder=0,showOnMenu=false,hostId=fa4559da-3f7f-4cfb-b2c3-fa310807b7a6,type=folder,title=testTitle1687797403701,filesMasks=,defaultFileType=33888b6f-7a8e-4069-b1b6-5c1aa9d0a48d,modDate=2023-06-26 16:36:43.705,owner=&lt;null&gt;,iDate=2023-06-26 16:36:43.705,inode=4b054786-fbb5-4873-bb98-c63603a91df3,path=/testName1687797403701/], expectedName='file6900970461246136113.txt', expectedType='FileAsset'}]" classname="com.dotmarketing.business.DeterministicIdentifierAPITest" time="0.003"/>
  <testcase name="Test_Asset_Generate_Deterministic_Id_Best_Effort[2: TestCase{versionable=com.dotmarketing.portlets.templates.model.Template@2a1287e7, parent=my.host1687797402712.com, expectedName='testTitle1687797403769', expectedType='Template'}]" classname="com.dotmarketing.business.DeterministicIdentifierAPITest" time="0.002"/>
  <testcase name="Test_Asset_Generate_Deterministic_Id_Best_Effort[3: TestCase{versionable=com.dotmarketing.portlets.htmlpageasset.model.HTMLPageAsset@2d1115c9[map={template=9192e722-c05b-4e16-b9c0-cc37fa6a98e0, owner=system, identifier=a5842755-d884-453c-bb12-232201462c70, nullProperties=[wfExpireDate, wfPublishDate, wfActionAssign, wfActionId, wfActionComments, filterKey, whereToSend, wfNeverExpire, _path_to_move, timezoneId, iWantTo, wfPublishTime, wfExpireTime], modDate=2023-06-26 16:36:43.782, cachettl=0, _is_test_mode=true, languageId=1, title=test-page-title-1687797403779, httpsreq=, url=test-page-url-1687797403779, showOnMenu=, inode=4aa7bb9e-efe1-4173-b613-8b49d1b1d15a, folder=4b054786-fbb5-4873-bb98-c63603a91df3, disabledWYSIWYG=[], sortOrder=1, modUser=system, host=fa4559da-3f7f-4cfb-b2c3-fa310807b7a6, stInode=c541abb1-69b3-4bc5-8430-5e09e5239cc8, friendlyName=test-page-friendly-name-1687797403779},lowIndexPriority=false,variantId=DEFAULT], parent=com.dotmarketing.portlets.folders.model.Folder@77d0ce6b[identifier=4b054786-fbb5-4873-bb98-c63603a91df3,name=testName1687797403701,sortOrder=0,showOnMenu=false,hostId=fa4559da-3f7f-4cfb-b2c3-fa310807b7a6,type=folder,title=testTitle1687797403701,filesMasks=,defaultFileType=33888b6f-7a8e-4069-b1b6-5c1aa9d0a48d,modDate=2023-06-26 16:36:43.705,owner=&lt;null&gt;,iDate=2023-06-26 16:36:43.705,inode=4b054786-fbb5-4873-bb98-c63603a91df3,path=/testName1687797403701/], expectedName='test-page-url-1687797403779', expectedType='htmlpageasset'}]" classname="com.dotmarketing.business.DeterministicIdentifierAPITest" time="0.003"/>
  <testcase name="Test_Asset_Generate_Deterministic_Id_Best_Effort[4: TestCase{versionable=com.dotmarketing.portlets.contentlet.model.Contentlet@40b2f6aa[map={fileAsset2=/home/runner/work/core/custom/assets/4/9/493a1922-8df5-47e8-951b-516579eaca02/fileAsset2/test_binary1687797404677.png, modDate=2023-06-26 16:36:44.681, fileAsset1=/home/runner/work/core/custom/assets/4/9/493a1922-8df5-47e8-951b-516579eaca02/fileAsset1/test_binary1687797404676.jpg, title=blah, inode=493a1922-8df5-47e8-951b-516579eaca02, __IS_NEW_CONTENT__=true, disabledWYSIWYG=[], host=8a7d5e23-da1e-420a-b4f0-471e7da8ea2d, stInode=f5e77eb6-3fc4-4182-aa09-d551c38e2a06, owner=system, identifier=8241dcb8-3793-4351-9870-20d0f5e3d7ec, nullProperties=[], languageId=1, image1=17e16af1-9252-4b06-84bd-1af4cf9952c7, folder=SYSTEM_FOLDER, __disable_workflow__=true, sortOrder=0, modUser=system},lowIndexPriority=false,variantId=DEFAULT], parent=default, expectedName='test_binary1687797404676.jpg:test_binary1687797404677.png', expectedType='MultipleBinaries1687797403944'}]" classname="com.dotmarketing.business.DeterministicIdentifierAPITest" time="0.006"/>
  <testcase name="Test_Asset_Generate_Deterministic_Id_Best_Effort[5: TestCase{versionable=namecda3cdd258 : keyTagcda3cdd258, parent=my.host1687797402712.com, expectedName='keyTagcda3cdd258', expectedType='persona'}]" classname="com.dotmarketing.business.DeterministicIdentifierAPITest" time="0.005"/>
  <testcase name="Test_Similar_Content_Type_Wont_Clash" classname="com.dotmarketing.business.DeterministicIdentifierAPITest" time="0.449"/>
  <testcase name="Test_Generate_Folder_Identifier" classname="com.dotmarketing.business.DeterministicIdentifierAPITest" time="0.204"/>
  <testcase name="Test_Generate_Content_Type_Identifier[0: ContentTypeTestCase{contentType=KeyValueContentType{name=Language Variable, id=f4d7c1b8-2c88-4071-abf1-a5328977b07d, description=Default Content Type for Language Variables, defaultType=false, fixed=true, iDate=Thu Aug 31 16:38:49 UTC 2017, system=true, versionable=true, variable=Languagevariable, modDate=Mon Jun 26 16:33:28 UTC 2023, host=SYSTEM_HOST, siteName=systemHost, icon=language, sortOrder=0, folder=SYSTEM_FOLDER, folderPath=/, markedForDeletion=false, multilingualable=false}, expectedName='Languagevariable', expectedType='KeyValue'}]" classname="com.dotmarketing.business.DeterministicIdentifierAPITest" time="0.006"/>
  <testcase name="Test_Generate_Content_Type_Identifier[1: ContentTypeTestCase{contentType=SimpleContentType{name=testName1687797405058, id=2171722f-cf85-47c5-b0f4-e05f2210611c, description=testDescription1687797405058, defaultType=false, fixed=false, iDate=Mon Jun 26 16:36:45 UTC 2023, system=false, versionable=true, multilingualable=false, variable=testVarname1687797405058, owner=system, modDate=Mon Jun 26 16:36:45 UTC 2023, host=8a7d5e23-da1e-420a-b4f0-471e7da8ea2d, siteName=default, icon=event_note, sortOrder=0, folder=SYSTEM_FOLDER, folderPath=/, requiredFields=[], markedForDeletion=false}, expectedName='testVarname1687797405058', expectedType='CONTENT'}]" classname="com.dotmarketing.business.DeterministicIdentifierAPITest" time="0.004"/>
  <system-out><![CDATA[]]></system-out>
  <system-err><![CDATA[]]></system-err>
</testsuite>
