<?xml version="1.0" encoding="UTF-8"?>
<testsuite name="com.dotmarketing.quartz.DotStatefulJobTest" tests="4" skipped="0" failures="0" errors="0" timestamp="2023-06-30T02:11:05" hostname="fv-az343-533" time="52.786">
  <properties/>
  <testcase name="Test_Launch_Stateful_Jobs_Verify_They_Dont_Overlap_In_Time" classname="com.dotmarketing.quartz.DotStatefulJobTest" time="32.76"/>
  <testcase name="Test_Schedule_Task_Make_It_Start_Later_Expect_No_Exception" classname="com.dotmarketing.quartz.DotStatefulJobTest" time="10.015"/>
  <testcase name="Test_Stateful_Job_Utility_Methods" classname="com.dotmarketing.quartz.DotStatefulJobTest" time="0.003"/>
  <testcase name="Test_Schedule_Task_Make_It_Start_Later_Expect_SchedulerException" classname="com.dotmarketing.quartz.DotStatefulJobTest" time="10.008"/>
  <system-out><![CDATA[]]></system-out>
  <system-err><![CDATA[]]></system-err>
</testsuite>
