<?xml version="1.0" encoding="UTF-8"?>
<testsuite name="com.dotcms.rest.elasticsearch.ESContentResourcePortletTest" tests="8" skipped="0" failures="0" errors="0" timestamp="2023-06-23T18:03:23" hostname="fv-az592-477" time="7.617">
  <properties/>
  <testcase name="test_search_includeGrandChildCategory_success" classname="com.dotcms.rest.elasticsearch.ESContentResourcePortletTest" time="1.369"/>
  <testcase name="testSearch[0: com.dotcms.rest.elasticsearch.ESContentResourcePortletTest$TestCase@23f7d2d0]" classname="com.dotcms.rest.elasticsearch.ESContentResourcePortletTest" time="0.858"/>
  <testcase name="testSearch[1: com.dotcms.rest.elasticsearch.ESContentResourcePortletTest$TestCase@4428187c]" classname="com.dotcms.rest.elasticsearch.ESContentResourcePortletTest" time="0.247"/>
  <testcase name="testSearch[2: com.dotcms.rest.elasticsearch.ESContentResourcePortletTest$TestCase@6b3a0772]" classname="com.dotcms.rest.elasticsearch.ESContentResourcePortletTest" time="0.859"/>
  <testcase name="testSearch[3: com.dotcms.rest.elasticsearch.ESContentResourcePortletTest$TestCase@69d914aa]" classname="com.dotcms.rest.elasticsearch.ESContentResourcePortletTest" time="1.329"/>
  <testcase name="testSearch[4: com.dotcms.rest.elasticsearch.ESContentResourcePortletTest$TestCase@74253a13]" classname="com.dotcms.rest.elasticsearch.ESContentResourcePortletTest" time="1.262"/>
  <testcase name="testSearch[5: com.dotcms.rest.elasticsearch.ESContentResourcePortletTest$TestCase@70ca2713]" classname="com.dotcms.rest.elasticsearch.ESContentResourcePortletTest" time="0.854"/>
  <testcase name="testSearch[6: com.dotcms.rest.elasticsearch.ESContentResourcePortletTest$TestCase@4bf0bfef]" classname="com.dotcms.rest.elasticsearch.ESContentResourcePortletTest" time="0.838"/>
  <system-out><![CDATA[]]></system-out>
  <system-err><![CDATA[]]></system-err>
</testsuite>
