<?xml version="1.0" encoding="UTF-8"?>
<testsuite name="com.dotmarketing.quartz.job.StartEndScheduledExperimentsJobTest" tests="2" skipped="0" failures="0" errors="0" timestamp="2023-07-13T15:58:33" hostname="fv-az218-607" time="124.0">
  <properties/>
  <testcase name="testJob" classname="com.dotmarketing.quartz.job.StartEndScheduledExperimentsJobTest" time="123.928"/>
  <testcase name="testJob_noLicense" classname="com.dotmarketing.quartz.job.StartEndScheduledExperimentsJobTest" time="0.072"/>
  <system-out><![CDATA[]]></system-out>
  <system-err><![CDATA[]]></system-err>
</testsuite>
