<?xml version="1.0" encoding="UTF-8"?>
<testsuite name="com.dotcms.publisher.util.DependencyModDateUtilTest" tests="48" skipped="0" failures="0" errors="0" timestamp="2023-07-14T23:24:36" hostname="fv-az1107-746" time="97.73">
  <properties/>
  <testcase name="excludeByModDateContentNotPushBefore: ForcePush: com.dotcms.publisher.util.DependencyModDateUtilTest$TestCase@267c5037" classname="com.dotcms.publisher.util.DependencyModDateUtilTest" time="1.862"/>
  <testcase name="excludeByModDateContentNotPushBefore: ForcePush: com.dotcms.publisher.util.DependencyModDateUtilTest$TestCase@50f7b2be" classname="com.dotcms.publisher.util.DependencyModDateUtilTest" time="2.086"/>
  <testcase name="excludeByModDateContentNotPushBefore: ForcePush: com.dotcms.publisher.util.DependencyModDateUtilTest$TestCase@6fcbec02" classname="com.dotcms.publisher.util.DependencyModDateUtilTest" time="2.012"/>
  <testcase name="excludeByModDateContentNotPushBefore: ForcePush: com.dotcms.publisher.util.DependencyModDateUtilTest$TestCase@683fe70c" classname="com.dotcms.publisher.util.DependencyModDateUtilTest" time="2.115"/>
  <testcase name="excludeByModDateContentNotPushBefore: ForcePush: com.dotcms.publisher.util.DependencyModDateUtilTest$TestCase@2c06efd4" classname="com.dotcms.publisher.util.DependencyModDateUtilTest" time="1.958"/>
  <testcase name="excludeByModDateContentNotPushBefore: ForcePush: com.dotcms.publisher.util.DependencyModDateUtilTest$TestCase@4189caa8" classname="com.dotcms.publisher.util.DependencyModDateUtilTest" time="2.051"/>
  <testcase name="excludeByModDateContentNotPushBefore: ForcePush: com.dotcms.publisher.util.DependencyModDateUtilTest$TestCase@71928567" classname="com.dotcms.publisher.util.DependencyModDateUtilTest" time="2.059"/>
  <testcase name="excludeByModDateContentNotPushBefore: ForcePush: com.dotcms.publisher.util.DependencyModDateUtilTest$TestCase@66820bde" classname="com.dotcms.publisher.util.DependencyModDateUtilTest" time="2.033"/>
  <testcase name="excludeByModDateContentNotPushBefore: ForcePush: com.dotcms.publisher.util.DependencyModDateUtilTest$TestCase@7de13095" classname="com.dotcms.publisher.util.DependencyModDateUtilTest" time="2.0"/>
  <testcase name="excludeByModDateContentNotPushBefore: ForcePush: com.dotcms.publisher.util.DependencyModDateUtilTest$TestCase@72b2690b" classname="com.dotcms.publisher.util.DependencyModDateUtilTest" time="2.062"/>
  <testcase name="excludeByModDateContentNotPushBefore: ForcePush: com.dotcms.publisher.util.DependencyModDateUtilTest$TestCase@17ee7387" classname="com.dotcms.publisher.util.DependencyModDateUtilTest" time="2.059"/>
  <testcase name="excludeByModDateContentNotPushBefore: ForcePush: com.dotcms.publisher.util.DependencyModDateUtilTest$TestCase@6144565f" classname="com.dotcms.publisher.util.DependencyModDateUtilTest" time="1.999"/>
  <testcase name="excludeByModDateContentWithPushAssetAfterModDate: ForcePush: com.dotcms.publisher.util.DependencyModDateUtilTest$TestCase@267c5037" classname="com.dotcms.publisher.util.DependencyModDateUtilTest" time="2.074"/>
  <testcase name="excludeByModDateContentWithPushAssetAfterModDate: ForcePush: com.dotcms.publisher.util.DependencyModDateUtilTest$TestCase@50f7b2be" classname="com.dotcms.publisher.util.DependencyModDateUtilTest" time="2.0"/>
  <testcase name="excludeByModDateContentWithPushAssetAfterModDate: ForcePush: com.dotcms.publisher.util.DependencyModDateUtilTest$TestCase@6fcbec02" classname="com.dotcms.publisher.util.DependencyModDateUtilTest" time="2.088"/>
  <testcase name="excludeByModDateContentWithPushAssetAfterModDate: ForcePush: com.dotcms.publisher.util.DependencyModDateUtilTest$TestCase@683fe70c" classname="com.dotcms.publisher.util.DependencyModDateUtilTest" time="2.07"/>
  <testcase name="excludeByModDateContentWithPushAssetAfterModDate: ForcePush: com.dotcms.publisher.util.DependencyModDateUtilTest$TestCase@2c06efd4" classname="com.dotcms.publisher.util.DependencyModDateUtilTest" time="1.982"/>
  <testcase name="excludeByModDateContentWithPushAssetAfterModDate: ForcePush: com.dotcms.publisher.util.DependencyModDateUtilTest$TestCase@4189caa8" classname="com.dotcms.publisher.util.DependencyModDateUtilTest" time="2.035"/>
  <testcase name="excludeByModDateContentWithPushAssetAfterModDate: ForcePush: com.dotcms.publisher.util.DependencyModDateUtilTest$TestCase@71928567" classname="com.dotcms.publisher.util.DependencyModDateUtilTest" time="2.115"/>
  <testcase name="excludeByModDateContentWithPushAssetAfterModDate: ForcePush: com.dotcms.publisher.util.DependencyModDateUtilTest$TestCase@66820bde" classname="com.dotcms.publisher.util.DependencyModDateUtilTest" time="2.029"/>
  <testcase name="excludeByModDateContentWithPushAssetAfterModDate: ForcePush: com.dotcms.publisher.util.DependencyModDateUtilTest$TestCase@7de13095" classname="com.dotcms.publisher.util.DependencyModDateUtilTest" time="1.983"/>
  <testcase name="excludeByModDateContentWithPushAssetAfterModDate: ForcePush: com.dotcms.publisher.util.DependencyModDateUtilTest$TestCase@72b2690b" classname="com.dotcms.publisher.util.DependencyModDateUtilTest" time="2.067"/>
  <testcase name="excludeByModDateContentWithPushAssetAfterModDate: ForcePush: com.dotcms.publisher.util.DependencyModDateUtilTest$TestCase@17ee7387" classname="com.dotcms.publisher.util.DependencyModDateUtilTest" time="2.017"/>
  <testcase name="excludeByModDateContentWithPushAssetAfterModDate: ForcePush: com.dotcms.publisher.util.DependencyModDateUtilTest$TestCase@6144565f" classname="com.dotcms.publisher.util.DependencyModDateUtilTest" time="2.065"/>
  <testcase name="excludeByModDateContentWithPushAssetBeforeModDate: ForcePush: com.dotcms.publisher.util.DependencyModDateUtilTest$TestCase@267c5037" classname="com.dotcms.publisher.util.DependencyModDateUtilTest" time="2.049"/>
  <testcase name="excludeByModDateContentWithPushAssetBeforeModDate: ForcePush: com.dotcms.publisher.util.DependencyModDateUtilTest$TestCase@50f7b2be" classname="com.dotcms.publisher.util.DependencyModDateUtilTest" time="1.972"/>
  <testcase name="excludeByModDateContentWithPushAssetBeforeModDate: ForcePush: com.dotcms.publisher.util.DependencyModDateUtilTest$TestCase@6fcbec02" classname="com.dotcms.publisher.util.DependencyModDateUtilTest" time="2.071"/>
  <testcase name="excludeByModDateContentWithPushAssetBeforeModDate: ForcePush: com.dotcms.publisher.util.DependencyModDateUtilTest$TestCase@683fe70c" classname="com.dotcms.publisher.util.DependencyModDateUtilTest" time="2.028"/>
  <testcase name="excludeByModDateContentWithPushAssetBeforeModDate: ForcePush: com.dotcms.publisher.util.DependencyModDateUtilTest$TestCase@2c06efd4" classname="com.dotcms.publisher.util.DependencyModDateUtilTest" time="2.054"/>
  <testcase name="excludeByModDateContentWithPushAssetBeforeModDate: ForcePush: com.dotcms.publisher.util.DependencyModDateUtilTest$TestCase@4189caa8" classname="com.dotcms.publisher.util.DependencyModDateUtilTest" time="2.032"/>
  <testcase name="excludeByModDateContentWithPushAssetBeforeModDate: ForcePush: com.dotcms.publisher.util.DependencyModDateUtilTest$TestCase@71928567" classname="com.dotcms.publisher.util.DependencyModDateUtilTest" time="2.046"/>
  <testcase name="excludeByModDateContentWithPushAssetBeforeModDate: ForcePush: com.dotcms.publisher.util.DependencyModDateUtilTest$TestCase@66820bde" classname="com.dotcms.publisher.util.DependencyModDateUtilTest" time="2.034"/>
  <testcase name="excludeByModDateContentWithPushAssetBeforeModDate: ForcePush: com.dotcms.publisher.util.DependencyModDateUtilTest$TestCase@7de13095" classname="com.dotcms.publisher.util.DependencyModDateUtilTest" time="2.033"/>
  <testcase name="excludeByModDateContentWithPushAssetBeforeModDate: ForcePush: com.dotcms.publisher.util.DependencyModDateUtilTest$TestCase@72b2690b" classname="com.dotcms.publisher.util.DependencyModDateUtilTest" time="2.087"/>
  <testcase name="excludeByModDateContentWithPushAssetBeforeModDate: ForcePush: com.dotcms.publisher.util.DependencyModDateUtilTest$TestCase@17ee7387" classname="com.dotcms.publisher.util.DependencyModDateUtilTest" time="1.987"/>
  <testcase name="excludeByModDateContentWithPushAssetBeforeModDate: ForcePush: com.dotcms.publisher.util.DependencyModDateUtilTest$TestCase@6144565f" classname="com.dotcms.publisher.util.DependencyModDateUtilTest" time="2.053"/>
  <testcase name="excludeByModDateContentWithTwoEnvironment: ForcePush: com.dotcms.publisher.util.DependencyModDateUtilTest$TestCase@267c5037" classname="com.dotcms.publisher.util.DependencyModDateUtilTest" time="2.028"/>
  <testcase name="excludeByModDateContentWithTwoEnvironment: ForcePush: com.dotcms.publisher.util.DependencyModDateUtilTest$TestCase@50f7b2be" classname="com.dotcms.publisher.util.DependencyModDateUtilTest" time="2.048"/>
  <testcase name="excludeByModDateContentWithTwoEnvironment: ForcePush: com.dotcms.publisher.util.DependencyModDateUtilTest$TestCase@6fcbec02" classname="com.dotcms.publisher.util.DependencyModDateUtilTest" time="2.026"/>
  <testcase name="excludeByModDateContentWithTwoEnvironment: ForcePush: com.dotcms.publisher.util.DependencyModDateUtilTest$TestCase@683fe70c" classname="com.dotcms.publisher.util.DependencyModDateUtilTest" time="2.104"/>
  <testcase name="excludeByModDateContentWithTwoEnvironment: ForcePush: com.dotcms.publisher.util.DependencyModDateUtilTest$TestCase@2c06efd4" classname="com.dotcms.publisher.util.DependencyModDateUtilTest" time="1.967"/>
  <testcase name="excludeByModDateContentWithTwoEnvironment: ForcePush: com.dotcms.publisher.util.DependencyModDateUtilTest$TestCase@4189caa8" classname="com.dotcms.publisher.util.DependencyModDateUtilTest" time="2.105"/>
  <testcase name="excludeByModDateContentWithTwoEnvironment: ForcePush: com.dotcms.publisher.util.DependencyModDateUtilTest$TestCase@71928567" classname="com.dotcms.publisher.util.DependencyModDateUtilTest" time="2.018"/>
  <testcase name="excludeByModDateContentWithTwoEnvironment: ForcePush: com.dotcms.publisher.util.DependencyModDateUtilTest$TestCase@66820bde" classname="com.dotcms.publisher.util.DependencyModDateUtilTest" time="2.069"/>
  <testcase name="excludeByModDateContentWithTwoEnvironment: ForcePush: com.dotcms.publisher.util.DependencyModDateUtilTest$TestCase@7de13095" classname="com.dotcms.publisher.util.DependencyModDateUtilTest" time="1.982"/>
  <testcase name="excludeByModDateContentWithTwoEnvironment: ForcePush: com.dotcms.publisher.util.DependencyModDateUtilTest$TestCase@72b2690b" classname="com.dotcms.publisher.util.DependencyModDateUtilTest" time="2.048"/>
  <testcase name="excludeByModDateContentWithTwoEnvironment: ForcePush: com.dotcms.publisher.util.DependencyModDateUtilTest$TestCase@17ee7387" classname="com.dotcms.publisher.util.DependencyModDateUtilTest" time="2.099"/>
  <testcase name="excludeByModDateContentWithTwoEnvironment: ForcePush: com.dotcms.publisher.util.DependencyModDateUtilTest$TestCase@6144565f" classname="com.dotcms.publisher.util.DependencyModDateUtilTest" time="1.964"/>
  <system-out><![CDATA[]]></system-out>
  <system-err><![CDATA[]]></system-err>
</testsuite>
