<?xml version="1.0" encoding="UTF-8"?>
<testsuite name="com.dotcms.util.RelationshipUtilTest" tests="3" skipped="0" failures="0" errors="0" timestamp="2023-06-29T19:54:27" hostname="fv-az221-564" time="2.909">
  <properties/>
  <testcase name="testFilterContentletWithIdentifierAndLuceneQuery" classname="com.dotcms.util.RelationshipUtilTest" time="1.466"/>
  <testcase name="testFilterContentletWithIdentifier" classname="com.dotcms.util.RelationshipUtilTest" time="1.438"/>
  <testcase name="testFilterContentletWithLuceneQuery" classname="com.dotcms.util.RelationshipUtilTest" time="0.005"/>
  <system-out><![CDATA[]]></system-out>
  <system-err><![CDATA[]]></system-err>
</testsuite>
