<?xml version="1.0" encoding="UTF-8"?>
<testsuite name="com.dotcms.experiments.business.web.ExperimentWebAPIImplIntegrationTest" tests="14" skipped="0" failures="0" errors="0" timestamp="2023-06-27T16:15:52" hostname="fv-az206-664" time="33.725">
  <properties/>
  <testcase name="experimentWithFalseRules" classname="com.dotcms.experiments.business.web.ExperimentWebAPIImplIntegrationTest" time="2.149"/>
  <testcase name="severalExperimenstWithTrueRules" classname="com.dotcms.experiments.business.web.ExperimentWebAPIImplIntegrationTest" time="4.291"/>
  <testcase name="trafficLocation50" classname="com.dotcms.experiments.business.web.ExperimentWebAPIImplIntegrationTest" time="1.79"/>
  <testcase name="isUserIncludedIntoExperimentWithIndexPage" classname="com.dotcms.experiments.business.web.ExperimentWebAPIImplIntegrationTest" time="2.301"/>
  <testcase name="isUserIncluded" classname="com.dotcms.experiments.business.web.ExperimentWebAPIImplIntegrationTest" time="1.826"/>
  <testcase name="excludeExperiments" classname="com.dotcms.experiments.business.web.ExperimentWebAPIImplIntegrationTest" time="3.967"/>
  <testcase name="isUserIncludedIntoExperimentWithBlogIndexPage" classname="com.dotcms.experiments.business.web.ExperimentWebAPIImplIntegrationTest" time="1.509"/>
  <testcase name="isUserIncludedIntoExperimentWithDetailPage" classname="com.dotcms.experiments.business.web.ExperimentWebAPIImplIntegrationTest" time="1.816"/>
  <testcase name="isUserIncludedIntoExperimentWithDetailPageAndTwoContentTypes" classname="com.dotcms.experiments.business.web.ExperimentWebAPIImplIntegrationTest" time="2.103"/>
  <testcase name="isUserIncludedWithVariants" classname="com.dotcms.experiments.business.web.ExperimentWebAPIImplIntegrationTest" time="1.892"/>
  <testcase name="isUserIncludedInMoreThanOneExperiment" classname="com.dotcms.experiments.business.web.ExperimentWebAPIImplIntegrationTest" time="4.041"/>
  <testcase name="severalExperiment" classname="com.dotcms.experiments.business.web.ExperimentWebAPIImplIntegrationTest" time="3.985"/>
  <testcase name="noExperimentRunning" classname="com.dotcms.experiments.business.web.ExperimentWebAPIImplIntegrationTest" time="0.002"/>
  <testcase name="experimentWithTrueRules" classname="com.dotcms.experiments.business.web.ExperimentWebAPIImplIntegrationTest" time="2.048"/>
  <system-out><![CDATA[]]></system-out>
  <system-err><![CDATA[]]></system-err>
</testsuite>
