<?xml version="1.0" encoding="UTF-8"?>
<testsuite name="com.dotcms.rest.api.v1.vtl.VTLResourceIntegrationTest" tests="6" skipped="0" failures="0" errors="0" timestamp="2023-07-11T06:32:14" hostname="fv-az1234-201" time="12.092">
  <properties/>
  <testcase name="testGet[0: com.dotcms.rest.api.v1.vtl.VTLResourceTestCase@e8da2b9]" classname="com.dotcms.rest.api.v1.vtl.VTLResourceIntegrationTest" time="2.139"/>
  <testcase name="testGet[1: com.dotcms.rest.api.v1.vtl.VTLResourceTestCase@714b8aa5]" classname="com.dotcms.rest.api.v1.vtl.VTLResourceIntegrationTest" time="1.943"/>
  <testcase name="testGet[2: com.dotcms.rest.api.v1.vtl.VTLResourceTestCase@1786658a]" classname="com.dotcms.rest.api.v1.vtl.VTLResourceIntegrationTest" time="2.053"/>
  <testcase name="testGet[3: com.dotcms.rest.api.v1.vtl.VTLResourceTestCase@45d2249b]" classname="com.dotcms.rest.api.v1.vtl.VTLResourceIntegrationTest" time="2.053"/>
  <testcase name="testGet[4: com.dotcms.rest.api.v1.vtl.VTLResourceTestCase@2629def2]" classname="com.dotcms.rest.api.v1.vtl.VTLResourceIntegrationTest" time="1.935"/>
  <testcase name="testGet[5: com.dotcms.rest.api.v1.vtl.VTLResourceTestCase@b1a6630]" classname="com.dotcms.rest.api.v1.vtl.VTLResourceIntegrationTest" time="1.969"/>
  <system-out><![CDATA[]]></system-out>
  <system-err><![CDATA[]]></system-err>
</testsuite>
