<?xml version="1.0" encoding="UTF-8"?>
<testsuite name="com.dotcms.enterprise.publishing.remote.bundler.ContentTypeBundlerTest" tests="5" skipped="0" failures="5" errors="0" timestamp="2023-07-13T21:08:58" hostname="fv-az305-739" time="0.054">
  <properties/>
  <testcase name="addContentTypeInBundle[0: com.dotcms.enterprise.publishing.remote.bundler.ContentTypeBundlerTest$TestCase@cbffac7]" classname="com.dotcms.enterprise.publishing.remote.bundler.ContentTypeBundlerTest" time="0.008">
    <failure message="org.junit.ComparisonFailure: Fail for ImmutableSimpleContentType:&#10;Asset -&gt; SimpleContentType{name=testName1689282207705, id=3fc9e9f5dcb8863b72d9da93d9958ca6, description=testDescription1689282207705, defaultType=false, fixed=false, iDate=Thu Jul 13 21:03:27 UTC 2023, system=false, versionable=true, multilingualable=false, variable=testVarname1689282207705, owner=system, modDate=Thu Jul 13 21:03:28 UTC 2023, host=30a902a5727d1f36cf2d1566f6bd740d, siteName=test1689282206735.dotcms.com, icon=event_note, sortOrder=0, folder=SYSTEM_FOLDER, folderPath=/, requiredFields=[], markedForDeletion=false} &#10;difference -&gt; defaultType&quot;:false,&quot;description&quot;:&quot;testDescription1689282207705&quot;,&quot;detailPage&quot;:null,&quot;expireDateVar&quot;:null,&quot;fixed&quot;:false,&quot;folder&quot;:&quot;SYSTEM_FOLDER&quot;,&quot;folderPath&quot;:&quot;/&quot;,&quot;host&quot;:&quot;30a902a5727d1f36cf2d1566f6bd740d&quot;,&quot;iDate&quot;:1689282207705,&quot;icon&quot;:&quot;event_note&quot;,&quot;id&quot;:&quot;3fc9e9f5dcb8863b72d9da93d9958ca6&quot;,&quot;modDate&quot;:1689282208000,&quot;multilingualable&quot;:false,&quot;name&quot;:&quot;testName1689282207705&quot;,&quot;workflowSchemaNames&quot;:[&quot;System Workflow&quot;]}&#10;expected -&gt; {&quot;contentType&quot;:{&quot;clazz&quot;:&quot;com.dotcms.contenttype.model.type.ImmutableSimpleContentType&quot;,&quot;name&quot;:&quot;testName1689282207705&quot;,&quot;id&quot;:&quot;3fc9e9f5dcb8863b72d9da93d9958ca6&quot;,&quot;description&quot;:&quot;testDescription1689282207705&quot;,&quot;defaultType&quot;:false,&quot;detailPage&quot;:null,&quot;fixed&quot;:false,&quot;iDate&quot;:1689282207705,&quot;system&quot;:false,&quot;versionable&quot;:true,&quot;multilingualable&quot;:false,&quot;variable&quot;:&quot;testVarname1689282207705&quot;,&quot;urlMapPattern&quot;:null,&quot;publishDateVar&quot;:null,&quot;expireDateVar&quot;:null,&quot;systemActionMappings&quot;:[]}&#10;real -&gt; {&quot;contentType&quot;:{&quot;clazz&quot;:&quot;com.dotcms.contenttype.model.type.ImmutableSimpleContentType&quot;,&quot;defaultType&quot;:false,&quot;description&quot;:&quot;testDescription1689282207705&quot;,&quot;detailPage&quot;:null,&quot;expireDateVar&quot;:null,&quot;fixed&quot;:false,&quot;folder&quot;:&quot;SYSTEM_FOLDER&quot;,&quot;folderPath&quot;:&quot;/&quot;,&quot;host&quot;:&quot;30a902a5727d1f36cf2d1566f6bd740d&quot;,&quot;iDate&quot;:1689282207705,&quot;icon&quot;:&quot;event_note&quot;,&quot;id&quot;:&quot;3fc9e9f5dcb8863b72d9da93d9958ca6&quot;,&quot;modDate&quot;:1689282208000,&quot;multilingualable&quot;:false,&quot;name&quot;:&quot;testName1689282207705&quot;,&quot;workflowSchemaNames&quot;:[&quot;System Workflow&quot;]}&#10; expected:&lt;...SimpleContentType&quot;,&quot;[name&quot;:&quot;testName1689282207705&quot;,&quot;id&quot;:&quot;3fc9e9f5dcb8863b72d9da93d9958ca6&quot;,&quot;description&quot;:&quot;testDescription1689282207705&quot;,&quot;defaultType&quot;:false,&quot;detailPage&quot;:null,&quot;fixed&quot;:false,&quot;iDate&quot;:1689282207705,&quot;system&quot;:false,&quot;versionable&quot;:true,&quot;multilingualable&quot;:false,&quot;variable&quot;:&quot;testVarname1689282207705&quot;,&quot;urlMapPattern&quot;:null,&quot;publishDateVar&quot;:null,&quot;expireDateVar&quot;:null,&quot;systemActionMappings&quot;:[]]}&gt; but was:&lt;...SimpleContentType&quot;,&quot;[defaultType&quot;:false,&quot;description&quot;:&quot;testDescription1689282207705&quot;,&quot;detailPage&quot;:null,&quot;expireDateVar&quot;:null,&quot;fixed&quot;:false,&quot;folder&quot;:&quot;SYSTEM_FOLDER&quot;,&quot;folderPath&quot;:&quot;/&quot;,&quot;host&quot;:&quot;30a902a5727d1f36cf2d1566f6bd740d&quot;,&quot;iDate&quot;:1689282207705,&quot;icon&quot;:&quot;event_note&quot;,&quot;id&quot;:&quot;3fc9e9f5dcb8863b72d9da93d9958ca6&quot;,&quot;modDate&quot;:1689282208000,&quot;multilingualable&quot;:false,&quot;name&quot;:&quot;testName1689282207705&quot;,&quot;workflowSchemaNames&quot;:[&quot;System Workflow&quot;]]}&gt;" type="org.junit.ComparisonFailure">org.junit.ComparisonFailure: Fail for ImmutableSimpleContentType:
Asset -&gt; SimpleContentType{name=testName1689282207705, id=3fc9e9f5dcb8863b72d9da93d9958ca6, description=testDescription1689282207705, defaultType=false, fixed=false, iDate=Thu Jul 13 21:03:27 UTC 2023, system=false, versionable=true, multilingualable=false, variable=testVarname1689282207705, owner=system, modDate=Thu Jul 13 21:03:28 UTC 2023, host=30a902a5727d1f36cf2d1566f6bd740d, siteName=test1689282206735.dotcms.com, icon=event_note, sortOrder=0, folder=SYSTEM_FOLDER, folderPath=/, requiredFields=[], markedForDeletion=false} 
difference -&gt; defaultType&quot;:false,&quot;description&quot;:&quot;testDescription1689282207705&quot;,&quot;detailPage&quot;:null,&quot;expireDateVar&quot;:null,&quot;fixed&quot;:false,&quot;folder&quot;:&quot;SYSTEM_FOLDER&quot;,&quot;folderPath&quot;:&quot;/&quot;,&quot;host&quot;:&quot;30a902a5727d1f36cf2d1566f6bd740d&quot;,&quot;iDate&quot;:1689282207705,&quot;icon&quot;:&quot;event_note&quot;,&quot;id&quot;:&quot;3fc9e9f5dcb8863b72d9da93d9958ca6&quot;,&quot;modDate&quot;:1689282208000,&quot;multilingualable&quot;:false,&quot;name&quot;:&quot;testName1689282207705&quot;,&quot;workflowSchemaNames&quot;:[&quot;System Workflow&quot;]}
expected -&gt; {&quot;contentType&quot;:{&quot;clazz&quot;:&quot;com.dotcms.contenttype.model.type.ImmutableSimpleContentType&quot;,&quot;name&quot;:&quot;testName1689282207705&quot;,&quot;id&quot;:&quot;3fc9e9f5dcb8863b72d9da93d9958ca6&quot;,&quot;description&quot;:&quot;testDescription1689282207705&quot;,&quot;defaultType&quot;:false,&quot;detailPage&quot;:null,&quot;fixed&quot;:false,&quot;iDate&quot;:1689282207705,&quot;system&quot;:false,&quot;versionable&quot;:true,&quot;multilingualable&quot;:false,&quot;variable&quot;:&quot;testVarname1689282207705&quot;,&quot;urlMapPattern&quot;:null,&quot;publishDateVar&quot;:null,&quot;expireDateVar&quot;:null,&quot;systemActionMappings&quot;:[]}
real -&gt; {&quot;contentType&quot;:{&quot;clazz&quot;:&quot;com.dotcms.contenttype.model.type.ImmutableSimpleContentType&quot;,&quot;defaultType&quot;:false,&quot;description&quot;:&quot;testDescription1689282207705&quot;,&quot;detailPage&quot;:null,&quot;expireDateVar&quot;:null,&quot;fixed&quot;:false,&quot;folder&quot;:&quot;SYSTEM_FOLDER&quot;,&quot;folderPath&quot;:&quot;/&quot;,&quot;host&quot;:&quot;30a902a5727d1f36cf2d1566f6bd740d&quot;,&quot;iDate&quot;:1689282207705,&quot;icon&quot;:&quot;event_note&quot;,&quot;id&quot;:&quot;3fc9e9f5dcb8863b72d9da93d9958ca6&quot;,&quot;modDate&quot;:1689282208000,&quot;multilingualable&quot;:false,&quot;name&quot;:&quot;testName1689282207705&quot;,&quot;workflowSchemaNames&quot;:[&quot;System Workflow&quot;]}
 expected:&lt;...SimpleContentType&quot;,&quot;[name&quot;:&quot;testName1689282207705&quot;,&quot;id&quot;:&quot;3fc9e9f5dcb8863b72d9da93d9958ca6&quot;,&quot;description&quot;:&quot;testDescription1689282207705&quot;,&quot;defaultType&quot;:false,&quot;detailPage&quot;:null,&quot;fixed&quot;:false,&quot;iDate&quot;:1689282207705,&quot;system&quot;:false,&quot;versionable&quot;:true,&quot;multilingualable&quot;:false,&quot;variable&quot;:&quot;testVarname1689282207705&quot;,&quot;urlMapPattern&quot;:null,&quot;publishDateVar&quot;:null,&quot;expireDateVar&quot;:null,&quot;systemActionMappings&quot;:[]]}&gt; but was:&lt;...SimpleContentType&quot;,&quot;[defaultType&quot;:false,&quot;description&quot;:&quot;testDescription1689282207705&quot;,&quot;detailPage&quot;:null,&quot;expireDateVar&quot;:null,&quot;fixed&quot;:false,&quot;folder&quot;:&quot;SYSTEM_FOLDER&quot;,&quot;folderPath&quot;:&quot;/&quot;,&quot;host&quot;:&quot;30a902a5727d1f36cf2d1566f6bd740d&quot;,&quot;iDate&quot;:1689282207705,&quot;icon&quot;:&quot;event_note&quot;,&quot;id&quot;:&quot;3fc9e9f5dcb8863b72d9da93d9958ca6&quot;,&quot;modDate&quot;:1689282208000,&quot;multilingualable&quot;:false,&quot;name&quot;:&quot;testName1689282207705&quot;,&quot;workflowSchemaNames&quot;:[&quot;System Workflow&quot;]]}&gt;
	at org.junit.Assert.assertEquals(Assert.java:117)
	at com.dotcms.test.util.FileTestUtil.assertBundleFile(FileTestUtil.java:265)
	at com.dotcms.test.util.FileTestUtil.assertBundleFile(FileTestUtil.java:196)
	at com.dotcms.enterprise.publishing.remote.bundler.ContentTypeBundlerTest.addContentTypeInBundle(ContentTypeBundlerTest.java:132)
	at java.base/jdk.internal.reflect.NativeMethodAccessorImpl.invoke0(Native Method)
	at java.base/jdk.internal.reflect.NativeMethodAccessorImpl.invoke(NativeMethodAccessorImpl.java:62)
	at java.base/jdk.internal.reflect.DelegatingMethodAccessorImpl.invoke(DelegatingMethodAccessorImpl.java:43)
	at java.base/java.lang.reflect.Method.invoke(Method.java:566)
	at org.junit.runners.model.FrameworkMethod$1.runReflectiveCall(FrameworkMethod.java:59)
	at org.junit.internal.runners.model.ReflectiveCallable.run(ReflectiveCallable.java:12)
	at org.junit.runners.model.FrameworkMethod.invokeExplosively(FrameworkMethod.java:56)
	at com.tngtech.java.junit.dataprovider.DataProviderFrameworkMethod.invokeExplosively(DataProviderFrameworkMethod.java:119)
	at org.junit.internal.runners.statements.InvokeMethod.evaluate(InvokeMethod.java:17)
	at org.junit.runners.ParentRunner$3.evaluate(ParentRunner.java:306)
	at org.junit.rules.TestWatcher$1.evaluate(TestWatcher.java:61)
	at org.junit.rules.RunRules.evaluate(RunRules.java:20)
	at org.junit.runners.ParentRunner.runLeaf(ParentRunner.java:366)
	at com.dotcms.junit.CustomDataProviderRunner.runChild(CustomDataProviderRunner.java:41)
	at com.dotcms.junit.CustomDataProviderRunner.runChild(CustomDataProviderRunner.java:26)
	at org.junit.runners.ParentRunner$4.run(ParentRunner.java:331)
	at org.junit.runners.ParentRunner$1.schedule(ParentRunner.java:79)
	at org.junit.runners.ParentRunner.runChildren(ParentRunner.java:329)
	at org.junit.runners.ParentRunner.access$100(ParentRunner.java:66)
	at org.junit.runners.ParentRunner$2.evaluate(ParentRunner.java:293)
	at org.junit.runners.ParentRunner$3.evaluate(ParentRunner.java:306)
	at org.junit.runners.ParentRunner.run(ParentRunner.java:413)
	at com.dotcms.junit.MainBaseSuite$DotRunner.run(MainBaseSuite.java:71)
	at org.junit.runners.Suite.runChild(Suite.java:128)
	at org.junit.runners.Suite.runChild(Suite.java:27)
	at org.junit.runners.ParentRunner$4.run(ParentRunner.java:331)
	at org.junit.runners.ParentRunner$1.schedule(ParentRunner.java:79)
	at org.junit.runners.ParentRunner.runChildren(ParentRunner.java:329)
	at org.junit.runners.ParentRunner.access$100(ParentRunner.java:66)
	at org.junit.runners.ParentRunner$2.evaluate(ParentRunner.java:293)
	at org.junit.runners.ParentRunner$3.evaluate(ParentRunner.java:306)
	at org.junit.runners.ParentRunner.run(ParentRunner.java:413)
	at org.gradle.api.internal.tasks.testing.junit.JUnitTestClassExecutor.runTestClass(JUnitTestClassExecutor.java:110)
	at org.gradle.api.internal.tasks.testing.junit.JUnitTestClassExecutor.execute(JUnitTestClassExecutor.java:58)
	at org.gradle.api.internal.tasks.testing.junit.JUnitTestClassExecutor.execute(JUnitTestClassExecutor.java:38)
	at org.gradle.api.internal.tasks.testing.junit.AbstractJUnitTestClassProcessor.processTestClass(AbstractJUnitTestClassProcessor.java:62)
	at org.gradle.api.internal.tasks.testing.SuiteTestClassProcessor.processTestClass(SuiteTestClassProcessor.java:51)
	at java.base/jdk.internal.reflect.NativeMethodAccessorImpl.invoke0(Native Method)
	at java.base/jdk.internal.reflect.NativeMethodAccessorImpl.invoke(NativeMethodAccessorImpl.java:62)
	at java.base/jdk.internal.reflect.DelegatingMethodAccessorImpl.invoke(DelegatingMethodAccessorImpl.java:43)
	at java.base/java.lang.reflect.Method.invoke(Method.java:566)
	at org.gradle.internal.dispatch.ReflectionDispatch.dispatch(ReflectionDispatch.java:36)
	at org.gradle.internal.dispatch.ReflectionDispatch.dispatch(ReflectionDispatch.java:24)
	at org.gradle.internal.dispatch.ContextClassLoaderDispatch.dispatch(ContextClassLoaderDispatch.java:33)
	at org.gradle.internal.dispatch.ProxyDispatchAdapter$DispatchingInvocationHandler.invoke(ProxyDispatchAdapter.java:94)
	at com.sun.proxy.$Proxy5.processTestClass(Unknown Source)
	at org.gradle.api.internal.tasks.testing.worker.TestWorker$2.run(TestWorker.java:176)
	at org.gradle.api.internal.tasks.testing.worker.TestWorker.executeAndMaintainThreadName(TestWorker.java:129)
	at org.gradle.api.internal.tasks.testing.worker.TestWorker.execute(TestWorker.java:100)
	at org.gradle.api.internal.tasks.testing.worker.TestWorker.execute(TestWorker.java:60)
	at org.gradle.process.internal.worker.child.ActionExecutionWorker.execute(ActionExecutionWorker.java:56)
	at org.gradle.process.internal.worker.child.SystemApplicationClassLoaderWorker.call(SystemApplicationClassLoaderWorker.java:133)
	at org.gradle.process.internal.worker.child.SystemApplicationClassLoaderWorker.call(SystemApplicationClassLoaderWorker.java:71)
	at worker.org.gradle.process.internal.worker.GradleWorkerMain.run(GradleWorkerMain.java:69)
	at worker.org.gradle.process.internal.worker.GradleWorkerMain.main(GradleWorkerMain.java:74)
</failure>
  </testcase>
  <testcase name="addContentTypeInBundle[1: com.dotcms.enterprise.publishing.remote.bundler.ContentTypeBundlerTest$TestCase@8f27a25]" classname="com.dotcms.enterprise.publishing.remote.bundler.ContentTypeBundlerTest" time="0.007">
    <failure message="org.junit.ComparisonFailure: Fail for ImmutableSimpleContentType:&#10;Asset -&gt; SimpleContentType{name=testName1689282207723, id=98edc60534e5a4a4ec2e3084829eceae, description=testDescription1689282207723, defaultType=false, fixed=false, iDate=Thu Jul 13 21:03:27 UTC 2023, system=false, versionable=true, multilingualable=false, variable=testVarname1689282207723, owner=system, modDate=Thu Jul 13 21:03:28 UTC 2023, host=48190c8c-42c4-46af-8d1a-0cd5db894797, siteName=demo.dotcms.com, icon=event_note, sortOrder=0, folder=7605b267b0ac85dababaee08e711155a, folderPath=demo.dotcms.com:/testName1689282207720/, requiredFields=[], markedForDeletion=false} &#10;difference -&gt; defaultType&quot;:false,&quot;description&quot;:&quot;testDescription1689282207723&quot;,&quot;detailPage&quot;:null,&quot;expireDateVar&quot;:null,&quot;fixed&quot;:false,&quot;folder&quot;:&quot;7605b267b0ac85dababaee08e711155a&quot;,&quot;folderPath&quot;:&quot;demo.dotcms.com:/testName1689282207720/&quot;,&quot;host&quot;:&quot;48190c8c-42c4-46af-8d1a-0cd5db894797&quot;,&quot;iDate&quot;:1689282207723,&quot;icon&quot;:&quot;event_note&quot;,&quot;id&quot;:&quot;98edc60534e5a4a4ec2e3084829eceae&quot;,&quot;modDate&quot;:1689282208000,&quot;multilingualable&quot;:false,&quot;name&quot;:&quot;testName1689282207723&quot;,&quot;workflowSchemaNames&quot;:[&quot;System Workflow&quot;]}&#10;expected -&gt; {&quot;contentType&quot;:{&quot;clazz&quot;:&quot;com.dotcms.contenttype.model.type.ImmutableSimpleContentType&quot;,&quot;name&quot;:&quot;testName1689282207723&quot;,&quot;id&quot;:&quot;98edc60534e5a4a4ec2e3084829eceae&quot;,&quot;description&quot;:&quot;testDescription1689282207723&quot;,&quot;defaultType&quot;:false,&quot;detailPage&quot;:null,&quot;fixed&quot;:false,&quot;iDate&quot;:1689282207723,&quot;system&quot;:false,&quot;versionable&quot;:true,&quot;multilingualable&quot;:false,&quot;variable&quot;:&quot;testVarname1689282207723&quot;,&quot;urlMapPattern&quot;:null,&quot;publishDateVar&quot;:null,&quot;expireDateVar&quot;:null,&quot;systemActionMappings&quot;:[]}&#10;real -&gt; {&quot;contentType&quot;:{&quot;clazz&quot;:&quot;com.dotcms.contenttype.model.type.ImmutableSimpleContentType&quot;,&quot;defaultType&quot;:false,&quot;description&quot;:&quot;testDescription1689282207723&quot;,&quot;detailPage&quot;:null,&quot;expireDateVar&quot;:null,&quot;fixed&quot;:false,&quot;folder&quot;:&quot;7605b267b0ac85dababaee08e711155a&quot;,&quot;folderPath&quot;:&quot;demo.dotcms.com:/testName1689282207720/&quot;,&quot;host&quot;:&quot;48190c8c-42c4-46af-8d1a-0cd5db894797&quot;,&quot;iDate&quot;:1689282207723,&quot;icon&quot;:&quot;event_note&quot;,&quot;id&quot;:&quot;98edc60534e5a4a4ec2e3084829eceae&quot;,&quot;modDate&quot;:1689282208000,&quot;multilingualable&quot;:false,&quot;name&quot;:&quot;testName1689282207723&quot;,&quot;workflowSchemaNames&quot;:[&quot;System Workflow&quot;]}&#10; expected:&lt;...SimpleContentType&quot;,&quot;[name&quot;:&quot;testName1689282207723&quot;,&quot;id&quot;:&quot;98edc60534e5a4a4ec2e3084829eceae&quot;,&quot;description&quot;:&quot;testDescription1689282207723&quot;,&quot;defaultType&quot;:false,&quot;detailPage&quot;:null,&quot;fixed&quot;:false,&quot;iDate&quot;:1689282207723,&quot;system&quot;:false,&quot;versionable&quot;:true,&quot;multilingualable&quot;:false,&quot;variable&quot;:&quot;testVarname1689282207723&quot;,&quot;urlMapPattern&quot;:null,&quot;publishDateVar&quot;:null,&quot;expireDateVar&quot;:null,&quot;systemActionMappings&quot;:[]]}&gt; but was:&lt;...SimpleContentType&quot;,&quot;[defaultType&quot;:false,&quot;description&quot;:&quot;testDescription1689282207723&quot;,&quot;detailPage&quot;:null,&quot;expireDateVar&quot;:null,&quot;fixed&quot;:false,&quot;folder&quot;:&quot;7605b267b0ac85dababaee08e711155a&quot;,&quot;folderPath&quot;:&quot;demo.dotcms.com:/testName1689282207720/&quot;,&quot;host&quot;:&quot;48190c8c-42c4-46af-8d1a-0cd5db894797&quot;,&quot;iDate&quot;:1689282207723,&quot;icon&quot;:&quot;event_note&quot;,&quot;id&quot;:&quot;98edc60534e5a4a4ec2e3084829eceae&quot;,&quot;modDate&quot;:1689282208000,&quot;multilingualable&quot;:false,&quot;name&quot;:&quot;testName1689282207723&quot;,&quot;workflowSchemaNames&quot;:[&quot;System Workflow&quot;]]}&gt;" type="org.junit.ComparisonFailure">org.junit.ComparisonFailure: Fail for ImmutableSimpleContentType:
Asset -&gt; SimpleContentType{name=testName1689282207723, id=98edc60534e5a4a4ec2e3084829eceae, description=testDescription1689282207723, defaultType=false, fixed=false, iDate=Thu Jul 13 21:03:27 UTC 2023, system=false, versionable=true, multilingualable=false, variable=testVarname1689282207723, owner=system, modDate=Thu Jul 13 21:03:28 UTC 2023, host=48190c8c-42c4-46af-8d1a-0cd5db894797, siteName=demo.dotcms.com, icon=event_note, sortOrder=0, folder=7605b267b0ac85dababaee08e711155a, folderPath=demo.dotcms.com:/testName1689282207720/, requiredFields=[], markedForDeletion=false} 
difference -&gt; defaultType&quot;:false,&quot;description&quot;:&quot;testDescription1689282207723&quot;,&quot;detailPage&quot;:null,&quot;expireDateVar&quot;:null,&quot;fixed&quot;:false,&quot;folder&quot;:&quot;7605b267b0ac85dababaee08e711155a&quot;,&quot;folderPath&quot;:&quot;demo.dotcms.com:/testName1689282207720/&quot;,&quot;host&quot;:&quot;48190c8c-42c4-46af-8d1a-0cd5db894797&quot;,&quot;iDate&quot;:1689282207723,&quot;icon&quot;:&quot;event_note&quot;,&quot;id&quot;:&quot;98edc60534e5a4a4ec2e3084829eceae&quot;,&quot;modDate&quot;:1689282208000,&quot;multilingualable&quot;:false,&quot;name&quot;:&quot;testName1689282207723&quot;,&quot;workflowSchemaNames&quot;:[&quot;System Workflow&quot;]}
expected -&gt; {&quot;contentType&quot;:{&quot;clazz&quot;:&quot;com.dotcms.contenttype.model.type.ImmutableSimpleContentType&quot;,&quot;name&quot;:&quot;testName1689282207723&quot;,&quot;id&quot;:&quot;98edc60534e5a4a4ec2e3084829eceae&quot;,&quot;description&quot;:&quot;testDescription1689282207723&quot;,&quot;defaultType&quot;:false,&quot;detailPage&quot;:null,&quot;fixed&quot;:false,&quot;iDate&quot;:1689282207723,&quot;system&quot;:false,&quot;versionable&quot;:true,&quot;multilingualable&quot;:false,&quot;variable&quot;:&quot;testVarname1689282207723&quot;,&quot;urlMapPattern&quot;:null,&quot;publishDateVar&quot;:null,&quot;expireDateVar&quot;:null,&quot;systemActionMappings&quot;:[]}
real -&gt; {&quot;contentType&quot;:{&quot;clazz&quot;:&quot;com.dotcms.contenttype.model.type.ImmutableSimpleContentType&quot;,&quot;defaultType&quot;:false,&quot;description&quot;:&quot;testDescription1689282207723&quot;,&quot;detailPage&quot;:null,&quot;expireDateVar&quot;:null,&quot;fixed&quot;:false,&quot;folder&quot;:&quot;7605b267b0ac85dababaee08e711155a&quot;,&quot;folderPath&quot;:&quot;demo.dotcms.com:/testName1689282207720/&quot;,&quot;host&quot;:&quot;48190c8c-42c4-46af-8d1a-0cd5db894797&quot;,&quot;iDate&quot;:1689282207723,&quot;icon&quot;:&quot;event_note&quot;,&quot;id&quot;:&quot;98edc60534e5a4a4ec2e3084829eceae&quot;,&quot;modDate&quot;:1689282208000,&quot;multilingualable&quot;:false,&quot;name&quot;:&quot;testName1689282207723&quot;,&quot;workflowSchemaNames&quot;:[&quot;System Workflow&quot;]}
 expected:&lt;...SimpleContentType&quot;,&quot;[name&quot;:&quot;testName1689282207723&quot;,&quot;id&quot;:&quot;98edc60534e5a4a4ec2e3084829eceae&quot;,&quot;description&quot;:&quot;testDescription1689282207723&quot;,&quot;defaultType&quot;:false,&quot;detailPage&quot;:null,&quot;fixed&quot;:false,&quot;iDate&quot;:1689282207723,&quot;system&quot;:false,&quot;versionable&quot;:true,&quot;multilingualable&quot;:false,&quot;variable&quot;:&quot;testVarname1689282207723&quot;,&quot;urlMapPattern&quot;:null,&quot;publishDateVar&quot;:null,&quot;expireDateVar&quot;:null,&quot;systemActionMappings&quot;:[]]}&gt; but was:&lt;...SimpleContentType&quot;,&quot;[defaultType&quot;:false,&quot;description&quot;:&quot;testDescription1689282207723&quot;,&quot;detailPage&quot;:null,&quot;expireDateVar&quot;:null,&quot;fixed&quot;:false,&quot;folder&quot;:&quot;7605b267b0ac85dababaee08e711155a&quot;,&quot;folderPath&quot;:&quot;demo.dotcms.com:/testName1689282207720/&quot;,&quot;host&quot;:&quot;48190c8c-42c4-46af-8d1a-0cd5db894797&quot;,&quot;iDate&quot;:1689282207723,&quot;icon&quot;:&quot;event_note&quot;,&quot;id&quot;:&quot;98edc60534e5a4a4ec2e3084829eceae&quot;,&quot;modDate&quot;:1689282208000,&quot;multilingualable&quot;:false,&quot;name&quot;:&quot;testName1689282207723&quot;,&quot;workflowSchemaNames&quot;:[&quot;System Workflow&quot;]]}&gt;
	at org.junit.Assert.assertEquals(Assert.java:117)
	at com.dotcms.test.util.FileTestUtil.assertBundleFile(FileTestUtil.java:265)
	at com.dotcms.test.util.FileTestUtil.assertBundleFile(FileTestUtil.java:196)
	at com.dotcms.enterprise.publishing.remote.bundler.ContentTypeBundlerTest.addContentTypeInBundle(ContentTypeBundlerTest.java:132)
	at java.base/jdk.internal.reflect.NativeMethodAccessorImpl.invoke0(Native Method)
	at java.base/jdk.internal.reflect.NativeMethodAccessorImpl.invoke(NativeMethodAccessorImpl.java:62)
	at java.base/jdk.internal.reflect.DelegatingMethodAccessorImpl.invoke(DelegatingMethodAccessorImpl.java:43)
	at java.base/java.lang.reflect.Method.invoke(Method.java:566)
	at org.junit.runners.model.FrameworkMethod$1.runReflectiveCall(FrameworkMethod.java:59)
	at org.junit.internal.runners.model.ReflectiveCallable.run(ReflectiveCallable.java:12)
	at org.junit.runners.model.FrameworkMethod.invokeExplosively(FrameworkMethod.java:56)
	at com.tngtech.java.junit.dataprovider.DataProviderFrameworkMethod.invokeExplosively(DataProviderFrameworkMethod.java:119)
	at org.junit.internal.runners.statements.InvokeMethod.evaluate(InvokeMethod.java:17)
	at org.junit.runners.ParentRunner$3.evaluate(ParentRunner.java:306)
	at org.junit.rules.TestWatcher$1.evaluate(TestWatcher.java:61)
	at org.junit.rules.RunRules.evaluate(RunRules.java:20)
	at org.junit.runners.ParentRunner.runLeaf(ParentRunner.java:366)
	at com.dotcms.junit.CustomDataProviderRunner.runChild(CustomDataProviderRunner.java:41)
	at com.dotcms.junit.CustomDataProviderRunner.runChild(CustomDataProviderRunner.java:26)
	at org.junit.runners.ParentRunner$4.run(ParentRunner.java:331)
	at org.junit.runners.ParentRunner$1.schedule(ParentRunner.java:79)
	at org.junit.runners.ParentRunner.runChildren(ParentRunner.java:329)
	at org.junit.runners.ParentRunner.access$100(ParentRunner.java:66)
	at org.junit.runners.ParentRunner$2.evaluate(ParentRunner.java:293)
	at org.junit.runners.ParentRunner$3.evaluate(ParentRunner.java:306)
	at org.junit.runners.ParentRunner.run(ParentRunner.java:413)
	at com.dotcms.junit.MainBaseSuite$DotRunner.run(MainBaseSuite.java:71)
	at org.junit.runners.Suite.runChild(Suite.java:128)
	at org.junit.runners.Suite.runChild(Suite.java:27)
	at org.junit.runners.ParentRunner$4.run(ParentRunner.java:331)
	at org.junit.runners.ParentRunner$1.schedule(ParentRunner.java:79)
	at org.junit.runners.ParentRunner.runChildren(ParentRunner.java:329)
	at org.junit.runners.ParentRunner.access$100(ParentRunner.java:66)
	at org.junit.runners.ParentRunner$2.evaluate(ParentRunner.java:293)
	at org.junit.runners.ParentRunner$3.evaluate(ParentRunner.java:306)
	at org.junit.runners.ParentRunner.run(ParentRunner.java:413)
	at org.gradle.api.internal.tasks.testing.junit.JUnitTestClassExecutor.runTestClass(JUnitTestClassExecutor.java:110)
	at org.gradle.api.internal.tasks.testing.junit.JUnitTestClassExecutor.execute(JUnitTestClassExecutor.java:58)
	at org.gradle.api.internal.tasks.testing.junit.JUnitTestClassExecutor.execute(JUnitTestClassExecutor.java:38)
	at org.gradle.api.internal.tasks.testing.junit.AbstractJUnitTestClassProcessor.processTestClass(AbstractJUnitTestClassProcessor.java:62)
	at org.gradle.api.internal.tasks.testing.SuiteTestClassProcessor.processTestClass(SuiteTestClassProcessor.java:51)
	at java.base/jdk.internal.reflect.NativeMethodAccessorImpl.invoke0(Native Method)
	at java.base/jdk.internal.reflect.NativeMethodAccessorImpl.invoke(NativeMethodAccessorImpl.java:62)
	at java.base/jdk.internal.reflect.DelegatingMethodAccessorImpl.invoke(DelegatingMethodAccessorImpl.java:43)
	at java.base/java.lang.reflect.Method.invoke(Method.java:566)
	at org.gradle.internal.dispatch.ReflectionDispatch.dispatch(ReflectionDispatch.java:36)
	at org.gradle.internal.dispatch.ReflectionDispatch.dispatch(ReflectionDispatch.java:24)
	at org.gradle.internal.dispatch.ContextClassLoaderDispatch.dispatch(ContextClassLoaderDispatch.java:33)
	at org.gradle.internal.dispatch.ProxyDispatchAdapter$DispatchingInvocationHandler.invoke(ProxyDispatchAdapter.java:94)
	at com.sun.proxy.$Proxy5.processTestClass(Unknown Source)
	at org.gradle.api.internal.tasks.testing.worker.TestWorker$2.run(TestWorker.java:176)
	at org.gradle.api.internal.tasks.testing.worker.TestWorker.executeAndMaintainThreadName(TestWorker.java:129)
	at org.gradle.api.internal.tasks.testing.worker.TestWorker.execute(TestWorker.java:100)
	at org.gradle.api.internal.tasks.testing.worker.TestWorker.execute(TestWorker.java:60)
	at org.gradle.process.internal.worker.child.ActionExecutionWorker.execute(ActionExecutionWorker.java:56)
	at org.gradle.process.internal.worker.child.SystemApplicationClassLoaderWorker.call(SystemApplicationClassLoaderWorker.java:133)
	at org.gradle.process.internal.worker.child.SystemApplicationClassLoaderWorker.call(SystemApplicationClassLoaderWorker.java:71)
	at worker.org.gradle.process.internal.worker.GradleWorkerMain.run(GradleWorkerMain.java:69)
	at worker.org.gradle.process.internal.worker.GradleWorkerMain.main(GradleWorkerMain.java:74)
</failure>
  </testcase>
  <testcase name="addContentTypeInBundle[2: com.dotcms.enterprise.publishing.remote.bundler.ContentTypeBundlerTest$TestCase@41d1156]" classname="com.dotcms.enterprise.publishing.remote.bundler.ContentTypeBundlerTest" time="0.018">
    <failure message="org.junit.ComparisonFailure: Fail for ImmutableSimpleContentType:&#10;Asset -&gt; SimpleContentType{name=testName1689282207736, id=2286b0b69c272de7707a8b8182e2f7d5, description=testDescription1689282207736, defaultType=false, fixed=false, iDate=Thu Jul 13 21:03:27 UTC 2023, system=false, versionable=true, multilingualable=false, variable=testVarname1689282207736, owner=system, modDate=Thu Jul 13 21:03:28 UTC 2023, host=30a902a5727d1f36cf2d1566f6bd740d, siteName=test1689282206735.dotcms.com, icon=event_note, sortOrder=0, folder=SYSTEM_FOLDER, folderPath=/, requiredFields=[], markedForDeletion=false} &#10;difference -&gt; defaultType&quot;:false,&quot;description&quot;:&quot;testDescription1689282207736&quot;,&quot;detailPage&quot;:null,&quot;expireDateVar&quot;:null,&quot;fixed&quot;:false,&quot;folder&quot;:&quot;SYSTEM_FOLDER&quot;,&quot;folderPath&quot;:&quot;/&quot;,&quot;host&quot;:&quot;30a902a5727d1f36cf2d1566f6bd740d&quot;,&quot;iDate&quot;:1689282207736,&quot;icon&quot;:&quot;event_note&quot;,&quot;id&quot;:&quot;2286b0b69c272de7707a8b8182e2f7d5&quot;,&quot;modDate&quot;:1689282208000,&quot;multilingualable&quot;:false,&quot;name&quot;:&quot;testName1689282207736&quot;,&quot;testName1689282207735&quot;]}&#10;expected -&gt; {&quot;contentType&quot;:{&quot;clazz&quot;:&quot;com.dotcms.contenttype.model.type.ImmutableSimpleContentType&quot;,&quot;name&quot;:&quot;testName1689282207736&quot;,&quot;id&quot;:&quot;2286b0b69c272de7707a8b8182e2f7d5&quot;,&quot;description&quot;:&quot;testDescription1689282207736&quot;,&quot;defaultType&quot;:false,&quot;detailPage&quot;:null,&quot;fixed&quot;:false,&quot;iDate&quot;:1689282207736,&quot;system&quot;:false,&quot;versionable&quot;:true,&quot;multilingualable&quot;:false,&quot;variable&quot;:&quot;testVarname1689282207736&quot;,&quot;urlMapPattern&quot;:null,&quot;publishDateVar&quot;:null,&quot;expireDateVar&quot;:null,&quot;systemActionMappings&quot;:[]}&#10;real -&gt; {&quot;contentType&quot;:{&quot;clazz&quot;:&quot;com.dotcms.contenttype.model.type.ImmutableSimpleContentType&quot;,&quot;defaultType&quot;:false,&quot;description&quot;:&quot;testDescription1689282207736&quot;,&quot;detailPage&quot;:null,&quot;expireDateVar&quot;:null,&quot;fixed&quot;:false,&quot;folder&quot;:&quot;SYSTEM_FOLDER&quot;,&quot;folderPath&quot;:&quot;/&quot;,&quot;host&quot;:&quot;30a902a5727d1f36cf2d1566f6bd740d&quot;,&quot;iDate&quot;:1689282207736,&quot;icon&quot;:&quot;event_note&quot;,&quot;id&quot;:&quot;2286b0b69c272de7707a8b8182e2f7d5&quot;,&quot;modDate&quot;:1689282208000,&quot;multilingualable&quot;:false,&quot;name&quot;:&quot;testName1689282207736&quot;,&quot;testName1689282207735&quot;]}&#10; expected:&lt;...SimpleContentType&quot;,&quot;[name&quot;:&quot;testName1689282207736&quot;,&quot;id&quot;:&quot;2286b0b69c272de7707a8b8182e2f7d5&quot;,&quot;description&quot;:&quot;testDescription1689282207736&quot;,&quot;defaultType&quot;:false,&quot;detailPage&quot;:null,&quot;fixed&quot;:false,&quot;iDate&quot;:1689282207736,&quot;system&quot;:false,&quot;versionable&quot;:true,&quot;multilingualable&quot;:false,&quot;variable&quot;:&quot;testVarname1689282207736&quot;,&quot;urlMapPattern&quot;:null,&quot;publishDateVar&quot;:null,&quot;expireDateVar&quot;:null,&quot;systemActionMappings&quot;:[]]}&gt; but was:&lt;...SimpleContentType&quot;,&quot;[defaultType&quot;:false,&quot;description&quot;:&quot;testDescription1689282207736&quot;,&quot;detailPage&quot;:null,&quot;expireDateVar&quot;:null,&quot;fixed&quot;:false,&quot;folder&quot;:&quot;SYSTEM_FOLDER&quot;,&quot;folderPath&quot;:&quot;/&quot;,&quot;host&quot;:&quot;30a902a5727d1f36cf2d1566f6bd740d&quot;,&quot;iDate&quot;:1689282207736,&quot;icon&quot;:&quot;event_note&quot;,&quot;id&quot;:&quot;2286b0b69c272de7707a8b8182e2f7d5&quot;,&quot;modDate&quot;:1689282208000,&quot;multilingualable&quot;:false,&quot;name&quot;:&quot;testName1689282207736&quot;,&quot;testName1689282207735&quot;]]}&gt;" type="org.junit.ComparisonFailure">org.junit.ComparisonFailure: Fail for ImmutableSimpleContentType:
Asset -&gt; SimpleContentType{name=testName1689282207736, id=2286b0b69c272de7707a8b8182e2f7d5, description=testDescription1689282207736, defaultType=false, fixed=false, iDate=Thu Jul 13 21:03:27 UTC 2023, system=false, versionable=true, multilingualable=false, variable=testVarname1689282207736, owner=system, modDate=Thu Jul 13 21:03:28 UTC 2023, host=30a902a5727d1f36cf2d1566f6bd740d, siteName=test1689282206735.dotcms.com, icon=event_note, sortOrder=0, folder=SYSTEM_FOLDER, folderPath=/, requiredFields=[], markedForDeletion=false} 
difference -&gt; defaultType&quot;:false,&quot;description&quot;:&quot;testDescription1689282207736&quot;,&quot;detailPage&quot;:null,&quot;expireDateVar&quot;:null,&quot;fixed&quot;:false,&quot;folder&quot;:&quot;SYSTEM_FOLDER&quot;,&quot;folderPath&quot;:&quot;/&quot;,&quot;host&quot;:&quot;30a902a5727d1f36cf2d1566f6bd740d&quot;,&quot;iDate&quot;:1689282207736,&quot;icon&quot;:&quot;event_note&quot;,&quot;id&quot;:&quot;2286b0b69c272de7707a8b8182e2f7d5&quot;,&quot;modDate&quot;:1689282208000,&quot;multilingualable&quot;:false,&quot;name&quot;:&quot;testName1689282207736&quot;,&quot;testName1689282207735&quot;]}
expected -&gt; {&quot;contentType&quot;:{&quot;clazz&quot;:&quot;com.dotcms.contenttype.model.type.ImmutableSimpleContentType&quot;,&quot;name&quot;:&quot;testName1689282207736&quot;,&quot;id&quot;:&quot;2286b0b69c272de7707a8b8182e2f7d5&quot;,&quot;description&quot;:&quot;testDescription1689282207736&quot;,&quot;defaultType&quot;:false,&quot;detailPage&quot;:null,&quot;fixed&quot;:false,&quot;iDate&quot;:1689282207736,&quot;system&quot;:false,&quot;versionable&quot;:true,&quot;multilingualable&quot;:false,&quot;variable&quot;:&quot;testVarname1689282207736&quot;,&quot;urlMapPattern&quot;:null,&quot;publishDateVar&quot;:null,&quot;expireDateVar&quot;:null,&quot;systemActionMappings&quot;:[]}
real -&gt; {&quot;contentType&quot;:{&quot;clazz&quot;:&quot;com.dotcms.contenttype.model.type.ImmutableSimpleContentType&quot;,&quot;defaultType&quot;:false,&quot;description&quot;:&quot;testDescription1689282207736&quot;,&quot;detailPage&quot;:null,&quot;expireDateVar&quot;:null,&quot;fixed&quot;:false,&quot;folder&quot;:&quot;SYSTEM_FOLDER&quot;,&quot;folderPath&quot;:&quot;/&quot;,&quot;host&quot;:&quot;30a902a5727d1f36cf2d1566f6bd740d&quot;,&quot;iDate&quot;:1689282207736,&quot;icon&quot;:&quot;event_note&quot;,&quot;id&quot;:&quot;2286b0b69c272de7707a8b8182e2f7d5&quot;,&quot;modDate&quot;:1689282208000,&quot;multilingualable&quot;:false,&quot;name&quot;:&quot;testName1689282207736&quot;,&quot;testName1689282207735&quot;]}
 expected:&lt;...SimpleContentType&quot;,&quot;[name&quot;:&quot;testName1689282207736&quot;,&quot;id&quot;:&quot;2286b0b69c272de7707a8b8182e2f7d5&quot;,&quot;description&quot;:&quot;testDescription1689282207736&quot;,&quot;defaultType&quot;:false,&quot;detailPage&quot;:null,&quot;fixed&quot;:false,&quot;iDate&quot;:1689282207736,&quot;system&quot;:false,&quot;versionable&quot;:true,&quot;multilingualable&quot;:false,&quot;variable&quot;:&quot;testVarname1689282207736&quot;,&quot;urlMapPattern&quot;:null,&quot;publishDateVar&quot;:null,&quot;expireDateVar&quot;:null,&quot;systemActionMappings&quot;:[]]}&gt; but was:&lt;...SimpleContentType&quot;,&quot;[defaultType&quot;:false,&quot;description&quot;:&quot;testDescription1689282207736&quot;,&quot;detailPage&quot;:null,&quot;expireDateVar&quot;:null,&quot;fixed&quot;:false,&quot;folder&quot;:&quot;SYSTEM_FOLDER&quot;,&quot;folderPath&quot;:&quot;/&quot;,&quot;host&quot;:&quot;30a902a5727d1f36cf2d1566f6bd740d&quot;,&quot;iDate&quot;:1689282207736,&quot;icon&quot;:&quot;event_note&quot;,&quot;id&quot;:&quot;2286b0b69c272de7707a8b8182e2f7d5&quot;,&quot;modDate&quot;:1689282208000,&quot;multilingualable&quot;:false,&quot;name&quot;:&quot;testName1689282207736&quot;,&quot;testName1689282207735&quot;]]}&gt;
	at org.junit.Assert.assertEquals(Assert.java:117)
	at com.dotcms.test.util.FileTestUtil.assertBundleFile(FileTestUtil.java:265)
	at com.dotcms.test.util.FileTestUtil.assertBundleFile(FileTestUtil.java:196)
	at com.dotcms.enterprise.publishing.remote.bundler.ContentTypeBundlerTest.addContentTypeInBundle(ContentTypeBundlerTest.java:132)
	at java.base/jdk.internal.reflect.NativeMethodAccessorImpl.invoke0(Native Method)
	at java.base/jdk.internal.reflect.NativeMethodAccessorImpl.invoke(NativeMethodAccessorImpl.java:62)
	at java.base/jdk.internal.reflect.DelegatingMethodAccessorImpl.invoke(DelegatingMethodAccessorImpl.java:43)
	at java.base/java.lang.reflect.Method.invoke(Method.java:566)
	at org.junit.runners.model.FrameworkMethod$1.runReflectiveCall(FrameworkMethod.java:59)
	at org.junit.internal.runners.model.ReflectiveCallable.run(ReflectiveCallable.java:12)
	at org.junit.runners.model.FrameworkMethod.invokeExplosively(FrameworkMethod.java:56)
	at com.tngtech.java.junit.dataprovider.DataProviderFrameworkMethod.invokeExplosively(DataProviderFrameworkMethod.java:119)
	at org.junit.internal.runners.statements.InvokeMethod.evaluate(InvokeMethod.java:17)
	at org.junit.runners.ParentRunner$3.evaluate(ParentRunner.java:306)
	at org.junit.rules.TestWatcher$1.evaluate(TestWatcher.java:61)
	at org.junit.rules.RunRules.evaluate(RunRules.java:20)
	at org.junit.runners.ParentRunner.runLeaf(ParentRunner.java:366)
	at com.dotcms.junit.CustomDataProviderRunner.runChild(CustomDataProviderRunner.java:41)
	at com.dotcms.junit.CustomDataProviderRunner.runChild(CustomDataProviderRunner.java:26)
	at org.junit.runners.ParentRunner$4.run(ParentRunner.java:331)
	at org.junit.runners.ParentRunner$1.schedule(ParentRunner.java:79)
	at org.junit.runners.ParentRunner.runChildren(ParentRunner.java:329)
	at org.junit.runners.ParentRunner.access$100(ParentRunner.java:66)
	at org.junit.runners.ParentRunner$2.evaluate(ParentRunner.java:293)
	at org.junit.runners.ParentRunner$3.evaluate(ParentRunner.java:306)
	at org.junit.runners.ParentRunner.run(ParentRunner.java:413)
	at com.dotcms.junit.MainBaseSuite$DotRunner.run(MainBaseSuite.java:71)
	at org.junit.runners.Suite.runChild(Suite.java:128)
	at org.junit.runners.Suite.runChild(Suite.java:27)
	at org.junit.runners.ParentRunner$4.run(ParentRunner.java:331)
	at org.junit.runners.ParentRunner$1.schedule(ParentRunner.java:79)
	at org.junit.runners.ParentRunner.runChildren(ParentRunner.java:329)
	at org.junit.runners.ParentRunner.access$100(ParentRunner.java:66)
	at org.junit.runners.ParentRunner$2.evaluate(ParentRunner.java:293)
	at org.junit.runners.ParentRunner$3.evaluate(ParentRunner.java:306)
	at org.junit.runners.ParentRunner.run(ParentRunner.java:413)
	at org.gradle.api.internal.tasks.testing.junit.JUnitTestClassExecutor.runTestClass(JUnitTestClassExecutor.java:110)
	at org.gradle.api.internal.tasks.testing.junit.JUnitTestClassExecutor.execute(JUnitTestClassExecutor.java:58)
	at org.gradle.api.internal.tasks.testing.junit.JUnitTestClassExecutor.execute(JUnitTestClassExecutor.java:38)
	at org.gradle.api.internal.tasks.testing.junit.AbstractJUnitTestClassProcessor.processTestClass(AbstractJUnitTestClassProcessor.java:62)
	at org.gradle.api.internal.tasks.testing.SuiteTestClassProcessor.processTestClass(SuiteTestClassProcessor.java:51)
	at java.base/jdk.internal.reflect.NativeMethodAccessorImpl.invoke0(Native Method)
	at java.base/jdk.internal.reflect.NativeMethodAccessorImpl.invoke(NativeMethodAccessorImpl.java:62)
	at java.base/jdk.internal.reflect.DelegatingMethodAccessorImpl.invoke(DelegatingMethodAccessorImpl.java:43)
	at java.base/java.lang.reflect.Method.invoke(Method.java:566)
	at org.gradle.internal.dispatch.ReflectionDispatch.dispatch(ReflectionDispatch.java:36)
	at org.gradle.internal.dispatch.ReflectionDispatch.dispatch(ReflectionDispatch.java:24)
	at org.gradle.internal.dispatch.ContextClassLoaderDispatch.dispatch(ContextClassLoaderDispatch.java:33)
	at org.gradle.internal.dispatch.ProxyDispatchAdapter$DispatchingInvocationHandler.invoke(ProxyDispatchAdapter.java:94)
	at com.sun.proxy.$Proxy5.processTestClass(Unknown Source)
	at org.gradle.api.internal.tasks.testing.worker.TestWorker$2.run(TestWorker.java:176)
	at org.gradle.api.internal.tasks.testing.worker.TestWorker.executeAndMaintainThreadName(TestWorker.java:129)
	at org.gradle.api.internal.tasks.testing.worker.TestWorker.execute(TestWorker.java:100)
	at org.gradle.api.internal.tasks.testing.worker.TestWorker.execute(TestWorker.java:60)
	at org.gradle.process.internal.worker.child.ActionExecutionWorker.execute(ActionExecutionWorker.java:56)
	at org.gradle.process.internal.worker.child.SystemApplicationClassLoaderWorker.call(SystemApplicationClassLoaderWorker.java:133)
	at org.gradle.process.internal.worker.child.SystemApplicationClassLoaderWorker.call(SystemApplicationClassLoaderWorker.java:71)
	at worker.org.gradle.process.internal.worker.GradleWorkerMain.run(GradleWorkerMain.java:69)
	at worker.org.gradle.process.internal.worker.GradleWorkerMain.main(GradleWorkerMain.java:74)
</failure>
  </testcase>
  <testcase name="addContentTypeInBundle[3: com.dotcms.enterprise.publishing.remote.bundler.ContentTypeBundlerTest$TestCase@d83f232]" classname="com.dotcms.enterprise.publishing.remote.bundler.ContentTypeBundlerTest" time="0.008">
    <failure message="org.junit.ComparisonFailure: Fail for ImmutableSimpleContentType:&#10;Asset -&gt; SimpleContentType{name=testName1689282207748, id=8d7cc5abe909295bd5ed60c4b5fa1227, description=testDescription1689282207748, defaultType=false, fixed=false, iDate=Thu Jul 13 21:03:27 UTC 2023, system=false, versionable=true, multilingualable=false, variable=testVarname1689282207748, owner=system, modDate=Thu Jul 13 21:03:28 UTC 2023, host=30a902a5727d1f36cf2d1566f6bd740d, siteName=test1689282206735.dotcms.com, icon=event_note, sortOrder=0, folder=SYSTEM_FOLDER, folderPath=/, requiredFields=[], markedForDeletion=false} &#10;difference -&gt; defaultType&quot;:false,&quot;description&quot;:&quot;testDescription1689282207748&quot;,&quot;detailPage&quot;:null,&quot;expireDateVar&quot;:null,&quot;fixed&quot;:false,&quot;folder&quot;:&quot;SYSTEM_FOLDER&quot;,&quot;folderPath&quot;:&quot;/&quot;,&quot;host&quot;:&quot;30a902a5727d1f36cf2d1566f6bd740d&quot;,&quot;iDate&quot;:1689282207748,&quot;icon&quot;:&quot;event_note&quot;,&quot;id&quot;:&quot;8d7cc5abe909295bd5ed60c4b5fa1227&quot;,&quot;modDate&quot;:1689282208000,&quot;multilingualable&quot;:false,&quot;name&quot;:&quot;testName1689282207748&quot;,&quot;workflowSchemaNames&quot;:[&quot;System Workflow&quot;]}&#10;expected -&gt; {&quot;contentType&quot;:{&quot;clazz&quot;:&quot;com.dotcms.contenttype.model.type.ImmutableSimpleContentType&quot;,&quot;name&quot;:&quot;testName1689282207748&quot;,&quot;id&quot;:&quot;8d7cc5abe909295bd5ed60c4b5fa1227&quot;,&quot;description&quot;:&quot;testDescription1689282207748&quot;,&quot;defaultType&quot;:false,&quot;detailPage&quot;:null,&quot;fixed&quot;:false,&quot;iDate&quot;:1689282207748,&quot;system&quot;:false,&quot;versionable&quot;:true,&quot;multilingualable&quot;:false,&quot;variable&quot;:&quot;testVarname1689282207748&quot;,&quot;urlMapPattern&quot;:null,&quot;publishDateVar&quot;:null,&quot;expireDateVar&quot;:null,&quot;systemActionMappings&quot;:[]}&#10;real -&gt; {&quot;contentType&quot;:{&quot;clazz&quot;:&quot;com.dotcms.contenttype.model.type.ImmutableSimpleContentType&quot;,&quot;defaultType&quot;:false,&quot;description&quot;:&quot;testDescription1689282207748&quot;,&quot;detailPage&quot;:null,&quot;expireDateVar&quot;:null,&quot;fixed&quot;:false,&quot;folder&quot;:&quot;SYSTEM_FOLDER&quot;,&quot;folderPath&quot;:&quot;/&quot;,&quot;host&quot;:&quot;30a902a5727d1f36cf2d1566f6bd740d&quot;,&quot;iDate&quot;:1689282207748,&quot;icon&quot;:&quot;event_note&quot;,&quot;id&quot;:&quot;8d7cc5abe909295bd5ed60c4b5fa1227&quot;,&quot;modDate&quot;:1689282208000,&quot;multilingualable&quot;:false,&quot;name&quot;:&quot;testName1689282207748&quot;,&quot;workflowSchemaNames&quot;:[&quot;System Workflow&quot;]}&#10; expected:&lt;...SimpleContentType&quot;,&quot;[name&quot;:&quot;testName1689282207748&quot;,&quot;id&quot;:&quot;8d7cc5abe909295bd5ed60c4b5fa1227&quot;,&quot;description&quot;:&quot;testDescription1689282207748&quot;,&quot;defaultType&quot;:false,&quot;detailPage&quot;:null,&quot;fixed&quot;:false,&quot;iDate&quot;:1689282207748,&quot;system&quot;:false,&quot;versionable&quot;:true,&quot;multilingualable&quot;:false,&quot;variable&quot;:&quot;testVarname1689282207748&quot;,&quot;urlMapPattern&quot;:null,&quot;publishDateVar&quot;:null,&quot;expireDateVar&quot;:null,&quot;systemActionMappings&quot;:[]]}&gt; but was:&lt;...SimpleContentType&quot;,&quot;[defaultType&quot;:false,&quot;description&quot;:&quot;testDescription1689282207748&quot;,&quot;detailPage&quot;:null,&quot;expireDateVar&quot;:null,&quot;fixed&quot;:false,&quot;folder&quot;:&quot;SYSTEM_FOLDER&quot;,&quot;folderPath&quot;:&quot;/&quot;,&quot;host&quot;:&quot;30a902a5727d1f36cf2d1566f6bd740d&quot;,&quot;iDate&quot;:1689282207748,&quot;icon&quot;:&quot;event_note&quot;,&quot;id&quot;:&quot;8d7cc5abe909295bd5ed60c4b5fa1227&quot;,&quot;modDate&quot;:1689282208000,&quot;multilingualable&quot;:false,&quot;name&quot;:&quot;testName1689282207748&quot;,&quot;workflowSchemaNames&quot;:[&quot;System Workflow&quot;]]}&gt;" type="org.junit.ComparisonFailure">org.junit.ComparisonFailure: Fail for ImmutableSimpleContentType:
Asset -&gt; SimpleContentType{name=testName1689282207748, id=8d7cc5abe909295bd5ed60c4b5fa1227, description=testDescription1689282207748, defaultType=false, fixed=false, iDate=Thu Jul 13 21:03:27 UTC 2023, system=false, versionable=true, multilingualable=false, variable=testVarname1689282207748, owner=system, modDate=Thu Jul 13 21:03:28 UTC 2023, host=30a902a5727d1f36cf2d1566f6bd740d, siteName=test1689282206735.dotcms.com, icon=event_note, sortOrder=0, folder=SYSTEM_FOLDER, folderPath=/, requiredFields=[], markedForDeletion=false} 
difference -&gt; defaultType&quot;:false,&quot;description&quot;:&quot;testDescription1689282207748&quot;,&quot;detailPage&quot;:null,&quot;expireDateVar&quot;:null,&quot;fixed&quot;:false,&quot;folder&quot;:&quot;SYSTEM_FOLDER&quot;,&quot;folderPath&quot;:&quot;/&quot;,&quot;host&quot;:&quot;30a902a5727d1f36cf2d1566f6bd740d&quot;,&quot;iDate&quot;:1689282207748,&quot;icon&quot;:&quot;event_note&quot;,&quot;id&quot;:&quot;8d7cc5abe909295bd5ed60c4b5fa1227&quot;,&quot;modDate&quot;:1689282208000,&quot;multilingualable&quot;:false,&quot;name&quot;:&quot;testName1689282207748&quot;,&quot;workflowSchemaNames&quot;:[&quot;System Workflow&quot;]}
expected -&gt; {&quot;contentType&quot;:{&quot;clazz&quot;:&quot;com.dotcms.contenttype.model.type.ImmutableSimpleContentType&quot;,&quot;name&quot;:&quot;testName1689282207748&quot;,&quot;id&quot;:&quot;8d7cc5abe909295bd5ed60c4b5fa1227&quot;,&quot;description&quot;:&quot;testDescription1689282207748&quot;,&quot;defaultType&quot;:false,&quot;detailPage&quot;:null,&quot;fixed&quot;:false,&quot;iDate&quot;:1689282207748,&quot;system&quot;:false,&quot;versionable&quot;:true,&quot;multilingualable&quot;:false,&quot;variable&quot;:&quot;testVarname1689282207748&quot;,&quot;urlMapPattern&quot;:null,&quot;publishDateVar&quot;:null,&quot;expireDateVar&quot;:null,&quot;systemActionMappings&quot;:[]}
real -&gt; {&quot;contentType&quot;:{&quot;clazz&quot;:&quot;com.dotcms.contenttype.model.type.ImmutableSimpleContentType&quot;,&quot;defaultType&quot;:false,&quot;description&quot;:&quot;testDescription1689282207748&quot;,&quot;detailPage&quot;:null,&quot;expireDateVar&quot;:null,&quot;fixed&quot;:false,&quot;folder&quot;:&quot;SYSTEM_FOLDER&quot;,&quot;folderPath&quot;:&quot;/&quot;,&quot;host&quot;:&quot;30a902a5727d1f36cf2d1566f6bd740d&quot;,&quot;iDate&quot;:1689282207748,&quot;icon&quot;:&quot;event_note&quot;,&quot;id&quot;:&quot;8d7cc5abe909295bd5ed60c4b5fa1227&quot;,&quot;modDate&quot;:1689282208000,&quot;multilingualable&quot;:false,&quot;name&quot;:&quot;testName1689282207748&quot;,&quot;workflowSchemaNames&quot;:[&quot;System Workflow&quot;]}
 expected:&lt;...SimpleContentType&quot;,&quot;[name&quot;:&quot;testName1689282207748&quot;,&quot;id&quot;:&quot;8d7cc5abe909295bd5ed60c4b5fa1227&quot;,&quot;description&quot;:&quot;testDescription1689282207748&quot;,&quot;defaultType&quot;:false,&quot;detailPage&quot;:null,&quot;fixed&quot;:false,&quot;iDate&quot;:1689282207748,&quot;system&quot;:false,&quot;versionable&quot;:true,&quot;multilingualable&quot;:false,&quot;variable&quot;:&quot;testVarname1689282207748&quot;,&quot;urlMapPattern&quot;:null,&quot;publishDateVar&quot;:null,&quot;expireDateVar&quot;:null,&quot;systemActionMappings&quot;:[]]}&gt; but was:&lt;...SimpleContentType&quot;,&quot;[defaultType&quot;:false,&quot;description&quot;:&quot;testDescription1689282207748&quot;,&quot;detailPage&quot;:null,&quot;expireDateVar&quot;:null,&quot;fixed&quot;:false,&quot;folder&quot;:&quot;SYSTEM_FOLDER&quot;,&quot;folderPath&quot;:&quot;/&quot;,&quot;host&quot;:&quot;30a902a5727d1f36cf2d1566f6bd740d&quot;,&quot;iDate&quot;:1689282207748,&quot;icon&quot;:&quot;event_note&quot;,&quot;id&quot;:&quot;8d7cc5abe909295bd5ed60c4b5fa1227&quot;,&quot;modDate&quot;:1689282208000,&quot;multilingualable&quot;:false,&quot;name&quot;:&quot;testName1689282207748&quot;,&quot;workflowSchemaNames&quot;:[&quot;System Workflow&quot;]]}&gt;
	at org.junit.Assert.assertEquals(Assert.java:117)
	at com.dotcms.test.util.FileTestUtil.assertBundleFile(FileTestUtil.java:265)
	at com.dotcms.test.util.FileTestUtil.assertBundleFile(FileTestUtil.java:196)
	at com.dotcms.enterprise.publishing.remote.bundler.ContentTypeBundlerTest.addContentTypeInBundle(ContentTypeBundlerTest.java:132)
	at java.base/jdk.internal.reflect.NativeMethodAccessorImpl.invoke0(Native Method)
	at java.base/jdk.internal.reflect.NativeMethodAccessorImpl.invoke(NativeMethodAccessorImpl.java:62)
	at java.base/jdk.internal.reflect.DelegatingMethodAccessorImpl.invoke(DelegatingMethodAccessorImpl.java:43)
	at java.base/java.lang.reflect.Method.invoke(Method.java:566)
	at org.junit.runners.model.FrameworkMethod$1.runReflectiveCall(FrameworkMethod.java:59)
	at org.junit.internal.runners.model.ReflectiveCallable.run(ReflectiveCallable.java:12)
	at org.junit.runners.model.FrameworkMethod.invokeExplosively(FrameworkMethod.java:56)
	at com.tngtech.java.junit.dataprovider.DataProviderFrameworkMethod.invokeExplosively(DataProviderFrameworkMethod.java:119)
	at org.junit.internal.runners.statements.InvokeMethod.evaluate(InvokeMethod.java:17)
	at org.junit.runners.ParentRunner$3.evaluate(ParentRunner.java:306)
	at org.junit.rules.TestWatcher$1.evaluate(TestWatcher.java:61)
	at org.junit.rules.RunRules.evaluate(RunRules.java:20)
	at org.junit.runners.ParentRunner.runLeaf(ParentRunner.java:366)
	at com.dotcms.junit.CustomDataProviderRunner.runChild(CustomDataProviderRunner.java:41)
	at com.dotcms.junit.CustomDataProviderRunner.runChild(CustomDataProviderRunner.java:26)
	at org.junit.runners.ParentRunner$4.run(ParentRunner.java:331)
	at org.junit.runners.ParentRunner$1.schedule(ParentRunner.java:79)
	at org.junit.runners.ParentRunner.runChildren(ParentRunner.java:329)
	at org.junit.runners.ParentRunner.access$100(ParentRunner.java:66)
	at org.junit.runners.ParentRunner$2.evaluate(ParentRunner.java:293)
	at org.junit.runners.ParentRunner$3.evaluate(ParentRunner.java:306)
	at org.junit.runners.ParentRunner.run(ParentRunner.java:413)
	at com.dotcms.junit.MainBaseSuite$DotRunner.run(MainBaseSuite.java:71)
	at org.junit.runners.Suite.runChild(Suite.java:128)
	at org.junit.runners.Suite.runChild(Suite.java:27)
	at org.junit.runners.ParentRunner$4.run(ParentRunner.java:331)
	at org.junit.runners.ParentRunner$1.schedule(ParentRunner.java:79)
	at org.junit.runners.ParentRunner.runChildren(ParentRunner.java:329)
	at org.junit.runners.ParentRunner.access$100(ParentRunner.java:66)
	at org.junit.runners.ParentRunner$2.evaluate(ParentRunner.java:293)
	at org.junit.runners.ParentRunner$3.evaluate(ParentRunner.java:306)
	at org.junit.runners.ParentRunner.run(ParentRunner.java:413)
	at org.gradle.api.internal.tasks.testing.junit.JUnitTestClassExecutor.runTestClass(JUnitTestClassExecutor.java:110)
	at org.gradle.api.internal.tasks.testing.junit.JUnitTestClassExecutor.execute(JUnitTestClassExecutor.java:58)
	at org.gradle.api.internal.tasks.testing.junit.JUnitTestClassExecutor.execute(JUnitTestClassExecutor.java:38)
	at org.gradle.api.internal.tasks.testing.junit.AbstractJUnitTestClassProcessor.processTestClass(AbstractJUnitTestClassProcessor.java:62)
	at org.gradle.api.internal.tasks.testing.SuiteTestClassProcessor.processTestClass(SuiteTestClassProcessor.java:51)
	at java.base/jdk.internal.reflect.NativeMethodAccessorImpl.invoke0(Native Method)
	at java.base/jdk.internal.reflect.NativeMethodAccessorImpl.invoke(NativeMethodAccessorImpl.java:62)
	at java.base/jdk.internal.reflect.DelegatingMethodAccessorImpl.invoke(DelegatingMethodAccessorImpl.java:43)
	at java.base/java.lang.reflect.Method.invoke(Method.java:566)
	at org.gradle.internal.dispatch.ReflectionDispatch.dispatch(ReflectionDispatch.java:36)
	at org.gradle.internal.dispatch.ReflectionDispatch.dispatch(ReflectionDispatch.java:24)
	at org.gradle.internal.dispatch.ContextClassLoaderDispatch.dispatch(ContextClassLoaderDispatch.java:33)
	at org.gradle.internal.dispatch.ProxyDispatchAdapter$DispatchingInvocationHandler.invoke(ProxyDispatchAdapter.java:94)
	at com.sun.proxy.$Proxy5.processTestClass(Unknown Source)
	at org.gradle.api.internal.tasks.testing.worker.TestWorker$2.run(TestWorker.java:176)
	at org.gradle.api.internal.tasks.testing.worker.TestWorker.executeAndMaintainThreadName(TestWorker.java:129)
	at org.gradle.api.internal.tasks.testing.worker.TestWorker.execute(TestWorker.java:100)
	at org.gradle.api.internal.tasks.testing.worker.TestWorker.execute(TestWorker.java:60)
	at org.gradle.process.internal.worker.child.ActionExecutionWorker.execute(ActionExecutionWorker.java:56)
	at org.gradle.process.internal.worker.child.SystemApplicationClassLoaderWorker.call(SystemApplicationClassLoaderWorker.java:133)
	at org.gradle.process.internal.worker.child.SystemApplicationClassLoaderWorker.call(SystemApplicationClassLoaderWorker.java:71)
	at worker.org.gradle.process.internal.worker.GradleWorkerMain.run(GradleWorkerMain.java:69)
	at worker.org.gradle.process.internal.worker.GradleWorkerMain.main(GradleWorkerMain.java:74)
</failure>
  </testcase>
  <testcase name="addContentTypeInBundle[4: com.dotcms.enterprise.publishing.remote.bundler.ContentTypeBundlerTest$TestCase@7e194887]" classname="com.dotcms.enterprise.publishing.remote.bundler.ContentTypeBundlerTest" time="0.013">
    <failure message="org.junit.ComparisonFailure: Fail for ImmutableSimpleContentType:&#10;Asset -&gt; SimpleContentType{name=testName1689282208163, id=ed95ceeb505e16a1d563e093b59012b6, description=testDescription1689282208163, defaultType=false, fixed=false, iDate=Thu Jul 13 21:03:28 UTC 2023, system=false, versionable=true, multilingualable=false, variable=testVarname1689282208163, owner=system, modDate=Thu Jul 13 21:03:28 UTC 2023, host=30a902a5727d1f36cf2d1566f6bd740d, siteName=test1689282206735.dotcms.com, icon=event_note, sortOrder=0, folder=SYSTEM_FOLDER, folderPath=/, requiredFields=[], markedForDeletion=false} &#10;difference -&gt; defaultType&quot;:false,&quot;description&quot;:&quot;testDescription1689282208163&quot;,&quot;detailPage&quot;:null,&quot;expireDateVar&quot;:null,&quot;fixed&quot;:false,&quot;folder&quot;:&quot;SYSTEM_FOLDER&quot;,&quot;folderPath&quot;:&quot;/&quot;,&quot;host&quot;:&quot;30a902a5727d1f36cf2d1566f6bd740d&quot;,&quot;iDate&quot;:1689282208163,&quot;icon&quot;:&quot;event_note&quot;,&quot;id&quot;:&quot;ed95ceeb505e16a1d563e093b59012b6&quot;,&quot;modDate&quot;:1689282208000,&quot;multilingualable&quot;:false,&quot;name&quot;:&quot;testName1689282208163&quot;,&quot;testName1689282207735&quot;]}&#10;expected -&gt; {&quot;contentType&quot;:{&quot;clazz&quot;:&quot;com.dotcms.contenttype.model.type.ImmutableSimpleContentType&quot;,&quot;name&quot;:&quot;testName1689282208163&quot;,&quot;id&quot;:&quot;ed95ceeb505e16a1d563e093b59012b6&quot;,&quot;description&quot;:&quot;testDescription1689282208163&quot;,&quot;defaultType&quot;:false,&quot;detailPage&quot;:null,&quot;fixed&quot;:false,&quot;iDate&quot;:1689282208163,&quot;system&quot;:false,&quot;versionable&quot;:true,&quot;multilingualable&quot;:false,&quot;variable&quot;:&quot;testVarname1689282208163&quot;,&quot;urlMapPattern&quot;:null,&quot;publishDateVar&quot;:null,&quot;expireDateVar&quot;:null,&quot;systemActionMappings&quot;:[]}&#10;real -&gt; {&quot;contentType&quot;:{&quot;clazz&quot;:&quot;com.dotcms.contenttype.model.type.ImmutableSimpleContentType&quot;,&quot;defaultType&quot;:false,&quot;description&quot;:&quot;testDescription1689282208163&quot;,&quot;detailPage&quot;:null,&quot;expireDateVar&quot;:null,&quot;fixed&quot;:false,&quot;folder&quot;:&quot;SYSTEM_FOLDER&quot;,&quot;folderPath&quot;:&quot;/&quot;,&quot;host&quot;:&quot;30a902a5727d1f36cf2d1566f6bd740d&quot;,&quot;iDate&quot;:1689282208163,&quot;icon&quot;:&quot;event_note&quot;,&quot;id&quot;:&quot;ed95ceeb505e16a1d563e093b59012b6&quot;,&quot;modDate&quot;:1689282208000,&quot;multilingualable&quot;:false,&quot;name&quot;:&quot;testName1689282208163&quot;,&quot;testName1689282207735&quot;]}&#10; expected:&lt;...SimpleContentType&quot;,&quot;[name&quot;:&quot;testName1689282208163&quot;,&quot;id&quot;:&quot;ed95ceeb505e16a1d563e093b59012b6&quot;,&quot;description&quot;:&quot;testDescription1689282208163&quot;,&quot;defaultType&quot;:false,&quot;detailPage&quot;:null,&quot;fixed&quot;:false,&quot;iDate&quot;:1689282208163,&quot;system&quot;:false,&quot;versionable&quot;:true,&quot;multilingualable&quot;:false,&quot;variable&quot;:&quot;testVarname1689282208163&quot;,&quot;urlMapPattern&quot;:null,&quot;publishDateVar&quot;:null,&quot;expireDateVar&quot;:null,&quot;systemActionMappings&quot;:[]]}&gt; but was:&lt;...SimpleContentType&quot;,&quot;[defaultType&quot;:false,&quot;description&quot;:&quot;testDescription1689282208163&quot;,&quot;detailPage&quot;:null,&quot;expireDateVar&quot;:null,&quot;fixed&quot;:false,&quot;folder&quot;:&quot;SYSTEM_FOLDER&quot;,&quot;folderPath&quot;:&quot;/&quot;,&quot;host&quot;:&quot;30a902a5727d1f36cf2d1566f6bd740d&quot;,&quot;iDate&quot;:1689282208163,&quot;icon&quot;:&quot;event_note&quot;,&quot;id&quot;:&quot;ed95ceeb505e16a1d563e093b59012b6&quot;,&quot;modDate&quot;:1689282208000,&quot;multilingualable&quot;:false,&quot;name&quot;:&quot;testName1689282208163&quot;,&quot;testName1689282207735&quot;]]}&gt;" type="org.junit.ComparisonFailure">org.junit.ComparisonFailure: Fail for ImmutableSimpleContentType:
Asset -&gt; SimpleContentType{name=testName1689282208163, id=ed95ceeb505e16a1d563e093b59012b6, description=testDescription1689282208163, defaultType=false, fixed=false, iDate=Thu Jul 13 21:03:28 UTC 2023, system=false, versionable=true, multilingualable=false, variable=testVarname1689282208163, owner=system, modDate=Thu Jul 13 21:03:28 UTC 2023, host=30a902a5727d1f36cf2d1566f6bd740d, siteName=test1689282206735.dotcms.com, icon=event_note, sortOrder=0, folder=SYSTEM_FOLDER, folderPath=/, requiredFields=[], markedForDeletion=false} 
difference -&gt; defaultType&quot;:false,&quot;description&quot;:&quot;testDescription1689282208163&quot;,&quot;detailPage&quot;:null,&quot;expireDateVar&quot;:null,&quot;fixed&quot;:false,&quot;folder&quot;:&quot;SYSTEM_FOLDER&quot;,&quot;folderPath&quot;:&quot;/&quot;,&quot;host&quot;:&quot;30a902a5727d1f36cf2d1566f6bd740d&quot;,&quot;iDate&quot;:1689282208163,&quot;icon&quot;:&quot;event_note&quot;,&quot;id&quot;:&quot;ed95ceeb505e16a1d563e093b59012b6&quot;,&quot;modDate&quot;:1689282208000,&quot;multilingualable&quot;:false,&quot;name&quot;:&quot;testName1689282208163&quot;,&quot;testName1689282207735&quot;]}
expected -&gt; {&quot;contentType&quot;:{&quot;clazz&quot;:&quot;com.dotcms.contenttype.model.type.ImmutableSimpleContentType&quot;,&quot;name&quot;:&quot;testName1689282208163&quot;,&quot;id&quot;:&quot;ed95ceeb505e16a1d563e093b59012b6&quot;,&quot;description&quot;:&quot;testDescription1689282208163&quot;,&quot;defaultType&quot;:false,&quot;detailPage&quot;:null,&quot;fixed&quot;:false,&quot;iDate&quot;:1689282208163,&quot;system&quot;:false,&quot;versionable&quot;:true,&quot;multilingualable&quot;:false,&quot;variable&quot;:&quot;testVarname1689282208163&quot;,&quot;urlMapPattern&quot;:null,&quot;publishDateVar&quot;:null,&quot;expireDateVar&quot;:null,&quot;systemActionMappings&quot;:[]}
real -&gt; {&quot;contentType&quot;:{&quot;clazz&quot;:&quot;com.dotcms.contenttype.model.type.ImmutableSimpleContentType&quot;,&quot;defaultType&quot;:false,&quot;description&quot;:&quot;testDescription1689282208163&quot;,&quot;detailPage&quot;:null,&quot;expireDateVar&quot;:null,&quot;fixed&quot;:false,&quot;folder&quot;:&quot;SYSTEM_FOLDER&quot;,&quot;folderPath&quot;:&quot;/&quot;,&quot;host&quot;:&quot;30a902a5727d1f36cf2d1566f6bd740d&quot;,&quot;iDate&quot;:1689282208163,&quot;icon&quot;:&quot;event_note&quot;,&quot;id&quot;:&quot;ed95ceeb505e16a1d563e093b59012b6&quot;,&quot;modDate&quot;:1689282208000,&quot;multilingualable&quot;:false,&quot;name&quot;:&quot;testName1689282208163&quot;,&quot;testName1689282207735&quot;]}
 expected:&lt;...SimpleContentType&quot;,&quot;[name&quot;:&quot;testName1689282208163&quot;,&quot;id&quot;:&quot;ed95ceeb505e16a1d563e093b59012b6&quot;,&quot;description&quot;:&quot;testDescription1689282208163&quot;,&quot;defaultType&quot;:false,&quot;detailPage&quot;:null,&quot;fixed&quot;:false,&quot;iDate&quot;:1689282208163,&quot;system&quot;:false,&quot;versionable&quot;:true,&quot;multilingualable&quot;:false,&quot;variable&quot;:&quot;testVarname1689282208163&quot;,&quot;urlMapPattern&quot;:null,&quot;publishDateVar&quot;:null,&quot;expireDateVar&quot;:null,&quot;systemActionMappings&quot;:[]]}&gt; but was:&lt;...SimpleContentType&quot;,&quot;[defaultType&quot;:false,&quot;description&quot;:&quot;testDescription1689282208163&quot;,&quot;detailPage&quot;:null,&quot;expireDateVar&quot;:null,&quot;fixed&quot;:false,&quot;folder&quot;:&quot;SYSTEM_FOLDER&quot;,&quot;folderPath&quot;:&quot;/&quot;,&quot;host&quot;:&quot;30a902a5727d1f36cf2d1566f6bd740d&quot;,&quot;iDate&quot;:1689282208163,&quot;icon&quot;:&quot;event_note&quot;,&quot;id&quot;:&quot;ed95ceeb505e16a1d563e093b59012b6&quot;,&quot;modDate&quot;:1689282208000,&quot;multilingualable&quot;:false,&quot;name&quot;:&quot;testName1689282208163&quot;,&quot;testName1689282207735&quot;]]}&gt;
	at org.junit.Assert.assertEquals(Assert.java:117)
	at com.dotcms.test.util.FileTestUtil.assertBundleFile(FileTestUtil.java:265)
	at com.dotcms.test.util.FileTestUtil.assertBundleFile(FileTestUtil.java:196)
	at com.dotcms.enterprise.publishing.remote.bundler.ContentTypeBundlerTest.addContentTypeInBundle(ContentTypeBundlerTest.java:132)
	at java.base/jdk.internal.reflect.NativeMethodAccessorImpl.invoke0(Native Method)
	at java.base/jdk.internal.reflect.NativeMethodAccessorImpl.invoke(NativeMethodAccessorImpl.java:62)
	at java.base/jdk.internal.reflect.DelegatingMethodAccessorImpl.invoke(DelegatingMethodAccessorImpl.java:43)
	at java.base/java.lang.reflect.Method.invoke(Method.java:566)
	at org.junit.runners.model.FrameworkMethod$1.runReflectiveCall(FrameworkMethod.java:59)
	at org.junit.internal.runners.model.ReflectiveCallable.run(ReflectiveCallable.java:12)
	at org.junit.runners.model.FrameworkMethod.invokeExplosively(FrameworkMethod.java:56)
	at com.tngtech.java.junit.dataprovider.DataProviderFrameworkMethod.invokeExplosively(DataProviderFrameworkMethod.java:119)
	at org.junit.internal.runners.statements.InvokeMethod.evaluate(InvokeMethod.java:17)
	at org.junit.runners.ParentRunner$3.evaluate(ParentRunner.java:306)
	at org.junit.rules.TestWatcher$1.evaluate(TestWatcher.java:61)
	at org.junit.rules.RunRules.evaluate(RunRules.java:20)
	at org.junit.runners.ParentRunner.runLeaf(ParentRunner.java:366)
	at com.dotcms.junit.CustomDataProviderRunner.runChild(CustomDataProviderRunner.java:41)
	at com.dotcms.junit.CustomDataProviderRunner.runChild(CustomDataProviderRunner.java:26)
	at org.junit.runners.ParentRunner$4.run(ParentRunner.java:331)
	at org.junit.runners.ParentRunner$1.schedule(ParentRunner.java:79)
	at org.junit.runners.ParentRunner.runChildren(ParentRunner.java:329)
	at org.junit.runners.ParentRunner.access$100(ParentRunner.java:66)
	at org.junit.runners.ParentRunner$2.evaluate(ParentRunner.java:293)
	at org.junit.runners.ParentRunner$3.evaluate(ParentRunner.java:306)
	at org.junit.runners.ParentRunner.run(ParentRunner.java:413)
	at com.dotcms.junit.MainBaseSuite$DotRunner.run(MainBaseSuite.java:71)
	at org.junit.runners.Suite.runChild(Suite.java:128)
	at org.junit.runners.Suite.runChild(Suite.java:27)
	at org.junit.runners.ParentRunner$4.run(ParentRunner.java:331)
	at org.junit.runners.ParentRunner$1.schedule(ParentRunner.java:79)
	at org.junit.runners.ParentRunner.runChildren(ParentRunner.java:329)
	at org.junit.runners.ParentRunner.access$100(ParentRunner.java:66)
	at org.junit.runners.ParentRunner$2.evaluate(ParentRunner.java:293)
	at org.junit.runners.ParentRunner$3.evaluate(ParentRunner.java:306)
	at org.junit.runners.ParentRunner.run(ParentRunner.java:413)
	at org.gradle.api.internal.tasks.testing.junit.JUnitTestClassExecutor.runTestClass(JUnitTestClassExecutor.java:110)
	at org.gradle.api.internal.tasks.testing.junit.JUnitTestClassExecutor.execute(JUnitTestClassExecutor.java:58)
	at org.gradle.api.internal.tasks.testing.junit.JUnitTestClassExecutor.execute(JUnitTestClassExecutor.java:38)
	at org.gradle.api.internal.tasks.testing.junit.AbstractJUnitTestClassProcessor.processTestClass(AbstractJUnitTestClassProcessor.java:62)
	at org.gradle.api.internal.tasks.testing.SuiteTestClassProcessor.processTestClass(SuiteTestClassProcessor.java:51)
	at java.base/jdk.internal.reflect.NativeMethodAccessorImpl.invoke0(Native Method)
	at java.base/jdk.internal.reflect.NativeMethodAccessorImpl.invoke(NativeMethodAccessorImpl.java:62)
	at java.base/jdk.internal.reflect.DelegatingMethodAccessorImpl.invoke(DelegatingMethodAccessorImpl.java:43)
	at java.base/java.lang.reflect.Method.invoke(Method.java:566)
	at org.gradle.internal.dispatch.ReflectionDispatch.dispatch(ReflectionDispatch.java:36)
	at org.gradle.internal.dispatch.ReflectionDispatch.dispatch(ReflectionDispatch.java:24)
	at org.gradle.internal.dispatch.ContextClassLoaderDispatch.dispatch(ContextClassLoaderDispatch.java:33)
	at org.gradle.internal.dispatch.ProxyDispatchAdapter$DispatchingInvocationHandler.invoke(ProxyDispatchAdapter.java:94)
	at com.sun.proxy.$Proxy5.processTestClass(Unknown Source)
	at org.gradle.api.internal.tasks.testing.worker.TestWorker$2.run(TestWorker.java:176)
	at org.gradle.api.internal.tasks.testing.worker.TestWorker.executeAndMaintainThreadName(TestWorker.java:129)
	at org.gradle.api.internal.tasks.testing.worker.TestWorker.execute(TestWorker.java:100)
	at org.gradle.api.internal.tasks.testing.worker.TestWorker.execute(TestWorker.java:60)
	at org.gradle.process.internal.worker.child.ActionExecutionWorker.execute(ActionExecutionWorker.java:56)
	at org.gradle.process.internal.worker.child.SystemApplicationClassLoaderWorker.call(SystemApplicationClassLoaderWorker.java:133)
	at org.gradle.process.internal.worker.child.SystemApplicationClassLoaderWorker.call(SystemApplicationClassLoaderWorker.java:71)
	at worker.org.gradle.process.internal.worker.GradleWorkerMain.run(GradleWorkerMain.java:69)
	at worker.org.gradle.process.internal.worker.GradleWorkerMain.main(GradleWorkerMain.java:74)
</failure>
  </testcase>
  <system-out><![CDATA[]]></system-out>
  <system-err><![CDATA[]]></system-err>
</testsuite>
