<?xml version="1.0" encoding="UTF-8"?>
<testsuite name="com.dotcms.experiments.business.web.ExperimentWebAPIImplIntegrationTest" tests="14" skipped="0" failures="0" errors="0" timestamp="2023-07-17T19:08:46" hostname="fv-az305-30" time="32.629">
  <properties/>
  <testcase name="experimentWithFalseRules" classname="com.dotcms.experiments.business.web.ExperimentWebAPIImplIntegrationTest" time="2.126"/>
  <testcase name="severalExperimenstWithTrueRules" classname="com.dotcms.experiments.business.web.ExperimentWebAPIImplIntegrationTest" time="4.302"/>
  <testcase name="trafficLocation50" classname="com.dotcms.experiments.business.web.ExperimentWebAPIImplIntegrationTest" time="1.78"/>
  <testcase name="isUserIncludedIntoExperimentWithIndexPage" classname="com.dotcms.experiments.business.web.ExperimentWebAPIImplIntegrationTest" time="2.159"/>
  <testcase name="isUserIncluded" classname="com.dotcms.experiments.business.web.ExperimentWebAPIImplIntegrationTest" time="1.944"/>
  <testcase name="excludeExperiments" classname="com.dotcms.experiments.business.web.ExperimentWebAPIImplIntegrationTest" time="3.956"/>
  <testcase name="isUserIncludedIntoExperimentWithBlogIndexPage" classname="com.dotcms.experiments.business.web.ExperimentWebAPIImplIntegrationTest" time="1.303"/>
  <testcase name="isUserIncludedIntoExperimentWithDetailPage" classname="com.dotcms.experiments.business.web.ExperimentWebAPIImplIntegrationTest" time="1.235"/>
  <testcase name="isUserIncludedIntoExperimentWithDetailPageAndTwoContentTypes" classname="com.dotcms.experiments.business.web.ExperimentWebAPIImplIntegrationTest" time="1.781"/>
  <testcase name="isUserIncludedWithVariants" classname="com.dotcms.experiments.business.web.ExperimentWebAPIImplIntegrationTest" time="1.858"/>
  <testcase name="isUserIncludedInMoreThanOneExperiment" classname="com.dotcms.experiments.business.web.ExperimentWebAPIImplIntegrationTest" time="4.154"/>
  <testcase name="severalExperiment" classname="com.dotcms.experiments.business.web.ExperimentWebAPIImplIntegrationTest" time="3.946"/>
  <testcase name="noExperimentRunning" classname="com.dotcms.experiments.business.web.ExperimentWebAPIImplIntegrationTest" time="0.001"/>
  <testcase name="experimentWithTrueRules" classname="com.dotcms.experiments.business.web.ExperimentWebAPIImplIntegrationTest" time="2.083"/>
  <system-out><![CDATA[]]></system-out>
  <system-err><![CDATA[]]></system-err>
</testsuite>
