<?xml version="1.0" encoding="UTF-8"?>
<testsuite name="com.dotmarketing.startup.runonce.Task210510UpdateStorageTableDropMetadataColumnTest" tests="1" skipped="0" failures="0" errors="0" timestamp="2023-07-10T22:30:51" hostname="fv-az812-782" time="0.009">
  <properties/>
  <testcase name="testExecuteUpgrade" classname="com.dotmarketing.startup.runonce.Task210510UpdateStorageTableDropMetadataColumnTest" time="0.009"/>
  <system-out><![CDATA[]]></system-out>
  <system-err><![CDATA[]]></system-err>
</testsuite>
