<?xml version="1.0" encoding="UTF-8"?>
<testsuite name="com.dotcms.rendering.velocity.viewtools.content.util.ContentUtilsTest" tests="89" skipped="0" failures="0" errors="0" timestamp="2023-07-13T23:27:42" hostname="fv-az408-305" time="397.611">
  <properties/>
  <testcase name="whenTheTimeMachineDateIsNullAndPublishDateInFutureShouldNotReturnAnything" classname="com.dotcms.rendering.velocity.viewtools.content.util.ContentUtilsTest" time="2.955"/>
  <testcase name="test_find_multilingual_contentlet_getContentletSuccessfully" classname="com.dotcms.rendering.velocity.viewtools.content.util.ContentUtilsTest" time="2.082"/>
  <testcase name="whenTheTimeMachineDateAndPublishDateAreTomorrowShouldReturnOneContent" classname="com.dotcms.rendering.velocity.viewtools.content.util.ContentUtilsTest" time="2.95"/>
  <testcase name="testPullRelated[0: com.dotcms.rendering.velocity.viewtools.content.util.ContentUtilsTest$TestCase@65c125ee]" classname="com.dotcms.rendering.velocity.viewtools.content.util.ContentUtilsTest" time="2.737"/>
  <testcase name="testPullRelated[1: com.dotcms.rendering.velocity.viewtools.content.util.ContentUtilsTest$TestCase@37f0e375]" classname="com.dotcms.rendering.velocity.viewtools.content.util.ContentUtilsTest" time="3.041"/>
  <testcase name="testPullRelated[2: com.dotcms.rendering.velocity.viewtools.content.util.ContentUtilsTest$TestCase@6daabeb6]" classname="com.dotcms.rendering.velocity.viewtools.content.util.ContentUtilsTest" time="3.992"/>
  <testcase name="testPullRelated[3: com.dotcms.rendering.velocity.viewtools.content.util.ContentUtilsTest$TestCase@5ff5e766]" classname="com.dotcms.rendering.velocity.viewtools.content.util.ContentUtilsTest" time="4.052"/>
  <testcase name="testPullRelated[4: com.dotcms.rendering.velocity.viewtools.content.util.ContentUtilsTest$TestCase@33f74723]" classname="com.dotcms.rendering.velocity.viewtools.content.util.ContentUtilsTest" time="3.049"/>
  <testcase name="testPullRelated[5: com.dotcms.rendering.velocity.viewtools.content.util.ContentUtilsTest$TestCase@32ce163]" classname="com.dotcms.rendering.velocity.viewtools.content.util.ContentUtilsTest" time="3.942"/>
  <testcase name="testPullRelated[6: com.dotcms.rendering.velocity.viewtools.content.util.ContentUtilsTest$TestCase@3bcbb0be]" classname="com.dotcms.rendering.velocity.viewtools.content.util.ContentUtilsTest" time="4.304"/>
  <testcase name="testPullRelated[7: com.dotcms.rendering.velocity.viewtools.content.util.ContentUtilsTest$TestCase@4b75be76]" classname="com.dotcms.rendering.velocity.viewtools.content.util.ContentUtilsTest" time="3.83"/>
  <testcase name="testPullRelated[8: com.dotcms.rendering.velocity.viewtools.content.util.ContentUtilsTest$TestCase@42323664]" classname="com.dotcms.rendering.velocity.viewtools.content.util.ContentUtilsTest" time="4.012"/>
  <testcase name="testPullRelated[9: com.dotcms.rendering.velocity.viewtools.content.util.ContentUtilsTest$TestCase@2671e0b8]" classname="com.dotcms.rendering.velocity.viewtools.content.util.ContentUtilsTest" time="3.865"/>
  <testcase name="testPullRelated[10: com.dotcms.rendering.velocity.viewtools.content.util.ContentUtilsTest$TestCase@40d9ea88]" classname="com.dotcms.rendering.velocity.viewtools.content.util.ContentUtilsTest" time="4.435"/>
  <testcase name="testPullRelated[11: com.dotcms.rendering.velocity.viewtools.content.util.ContentUtilsTest$TestCase@26397aeb]" classname="com.dotcms.rendering.velocity.viewtools.content.util.ContentUtilsTest" time="4.049"/>
  <testcase name="testPullRelated[12: com.dotcms.rendering.velocity.viewtools.content.util.ContentUtilsTest$TestCase@756bf95e]" classname="com.dotcms.rendering.velocity.viewtools.content.util.ContentUtilsTest" time="3.774"/>
  <testcase name="testPullRelated[13: com.dotcms.rendering.velocity.viewtools.content.util.ContentUtilsTest$TestCase@5cb6a36b]" classname="com.dotcms.rendering.velocity.viewtools.content.util.ContentUtilsTest" time="4.142"/>
  <testcase name="testPullRelated[14: com.dotcms.rendering.velocity.viewtools.content.util.ContentUtilsTest$TestCase@53349fdf]" classname="com.dotcms.rendering.velocity.viewtools.content.util.ContentUtilsTest" time="3.921"/>
  <testcase name="testPullRelated[15: com.dotcms.rendering.velocity.viewtools.content.util.ContentUtilsTest$TestCase@3eb74970]" classname="com.dotcms.rendering.velocity.viewtools.content.util.ContentUtilsTest" time="4.17"/>
  <testcase name="testPullRelated[16: com.dotcms.rendering.velocity.viewtools.content.util.ContentUtilsTest$TestCase@143cf6f1]" classname="com.dotcms.rendering.velocity.viewtools.content.util.ContentUtilsTest" time="4.082"/>
  <testcase name="testPullRelated[17: com.dotcms.rendering.velocity.viewtools.content.util.ContentUtilsTest$TestCase@7df8b2e6]" classname="com.dotcms.rendering.velocity.viewtools.content.util.ContentUtilsTest" time="3.873"/>
  <testcase name="testPullRelated[18: com.dotcms.rendering.velocity.viewtools.content.util.ContentUtilsTest$TestCase@a4500e1]" classname="com.dotcms.rendering.velocity.viewtools.content.util.ContentUtilsTest" time="4.124"/>
  <testcase name="testPullRelated[19: com.dotcms.rendering.velocity.viewtools.content.util.ContentUtilsTest$TestCase@ebd2410]" classname="com.dotcms.rendering.velocity.viewtools.content.util.ContentUtilsTest" time="3.184"/>
  <testcase name="testPullRelated[20: com.dotcms.rendering.velocity.viewtools.content.util.ContentUtilsTest$TestCase@7d45c048]" classname="com.dotcms.rendering.velocity.viewtools.content.util.ContentUtilsTest" time="3.913"/>
  <testcase name="testPullRelated[21: com.dotcms.rendering.velocity.viewtools.content.util.ContentUtilsTest$TestCase@45123284]" classname="com.dotcms.rendering.velocity.viewtools.content.util.ContentUtilsTest" time="3.95"/>
  <testcase name="testPullRelated[22: com.dotcms.rendering.velocity.viewtools.content.util.ContentUtilsTest$TestCase@67f260cf]" classname="com.dotcms.rendering.velocity.viewtools.content.util.ContentUtilsTest" time="4.357"/>
  <testcase name="testPullRelated[23: com.dotcms.rendering.velocity.viewtools.content.util.ContentUtilsTest$TestCase@85585]" classname="com.dotcms.rendering.velocity.viewtools.content.util.ContentUtilsTest" time="2.994"/>
  <testcase name="testPullRelated[24: com.dotcms.rendering.velocity.viewtools.content.util.ContentUtilsTest$TestCase@539c924c]" classname="com.dotcms.rendering.velocity.viewtools.content.util.ContentUtilsTest" time="3.985"/>
  <testcase name="testPullRelated[25: com.dotcms.rendering.velocity.viewtools.content.util.ContentUtilsTest$TestCase@74e1ca9]" classname="com.dotcms.rendering.velocity.viewtools.content.util.ContentUtilsTest" time="3.876"/>
  <testcase name="testPullRelated[26: com.dotcms.rendering.velocity.viewtools.content.util.ContentUtilsTest$TestCase@734ee097]" classname="com.dotcms.rendering.velocity.viewtools.content.util.ContentUtilsTest" time="4.183"/>
  <testcase name="testPullRelated[27: com.dotcms.rendering.velocity.viewtools.content.util.ContentUtilsTest$TestCase@31a83706]" classname="com.dotcms.rendering.velocity.viewtools.content.util.ContentUtilsTest" time="4.051"/>
  <testcase name="testPullRelated[28: com.dotcms.rendering.velocity.viewtools.content.util.ContentUtilsTest$TestCase@691cd8d]" classname="com.dotcms.rendering.velocity.viewtools.content.util.ContentUtilsTest" time="4.066"/>
  <testcase name="testPullRelated[29: com.dotcms.rendering.velocity.viewtools.content.util.ContentUtilsTest$TestCase@71cd32a2]" classname="com.dotcms.rendering.velocity.viewtools.content.util.ContentUtilsTest" time="3.9"/>
  <testcase name="testPullRelated[30: com.dotcms.rendering.velocity.viewtools.content.util.ContentUtilsTest$TestCase@75833e54]" classname="com.dotcms.rendering.velocity.viewtools.content.util.ContentUtilsTest" time="4.086"/>
  <testcase name="testPullRelated[31: com.dotcms.rendering.velocity.viewtools.content.util.ContentUtilsTest$TestCase@5e337e5]" classname="com.dotcms.rendering.velocity.viewtools.content.util.ContentUtilsTest" time="4.094"/>
  <testcase name="testPullRelated[32: com.dotcms.rendering.velocity.viewtools.content.util.ContentUtilsTest$TestCase@d967f71]" classname="com.dotcms.rendering.velocity.viewtools.content.util.ContentUtilsTest" time="4.119"/>
  <testcase name="testPullRelated[33: com.dotcms.rendering.velocity.viewtools.content.util.ContentUtilsTest$TestCase@15560443]" classname="com.dotcms.rendering.velocity.viewtools.content.util.ContentUtilsTest" time="3.964"/>
  <testcase name="testPullRelated[34: com.dotcms.rendering.velocity.viewtools.content.util.ContentUtilsTest$TestCase@79cbf923]" classname="com.dotcms.rendering.velocity.viewtools.content.util.ContentUtilsTest" time="4.08"/>
  <testcase name="testPullRelated[35: com.dotcms.rendering.velocity.viewtools.content.util.ContentUtilsTest$TestCase@650bb5e0]" classname="com.dotcms.rendering.velocity.viewtools.content.util.ContentUtilsTest" time="3.188"/>
  <testcase name="testPullRelated[36: com.dotcms.rendering.velocity.viewtools.content.util.ContentUtilsTest$TestCase@5bd833c7]" classname="com.dotcms.rendering.velocity.viewtools.content.util.ContentUtilsTest" time="5.978"/>
  <testcase name="testPullRelated[37: com.dotcms.rendering.velocity.viewtools.content.util.ContentUtilsTest$TestCase@7e8950e3]" classname="com.dotcms.rendering.velocity.viewtools.content.util.ContentUtilsTest" time="6.069"/>
  <testcase name="testPullRelated[38: com.dotcms.rendering.velocity.viewtools.content.util.ContentUtilsTest$TestCase@58adbcf0]" classname="com.dotcms.rendering.velocity.viewtools.content.util.ContentUtilsTest" time="6.218"/>
  <testcase name="testPullRelated[39: com.dotcms.rendering.velocity.viewtools.content.util.ContentUtilsTest$TestCase@60b1a6b0]" classname="com.dotcms.rendering.velocity.viewtools.content.util.ContentUtilsTest" time="4.985"/>
  <testcase name="testPullRelated[40: com.dotcms.rendering.velocity.viewtools.content.util.ContentUtilsTest$TestCase@7a6df76a]" classname="com.dotcms.rendering.velocity.viewtools.content.util.ContentUtilsTest" time="6.103"/>
  <testcase name="testPullRelated[41: com.dotcms.rendering.velocity.viewtools.content.util.ContentUtilsTest$TestCase@4e57be8c]" classname="com.dotcms.rendering.velocity.viewtools.content.util.ContentUtilsTest" time="5.945"/>
  <testcase name="testPullRelated[42: com.dotcms.rendering.velocity.viewtools.content.util.ContentUtilsTest$TestCase@7b28c18a]" classname="com.dotcms.rendering.velocity.viewtools.content.util.ContentUtilsTest" time="5.607"/>
  <testcase name="testPullRelated[43: com.dotcms.rendering.velocity.viewtools.content.util.ContentUtilsTest$TestCase@16c16c79]" classname="com.dotcms.rendering.velocity.viewtools.content.util.ContentUtilsTest" time="5.676"/>
  <testcase name="testPullRelated[44: com.dotcms.rendering.velocity.viewtools.content.util.ContentUtilsTest$TestCase@3021f6c]" classname="com.dotcms.rendering.velocity.viewtools.content.util.ContentUtilsTest" time="6.153"/>
  <testcase name="testPullRelated[45: com.dotcms.rendering.velocity.viewtools.content.util.ContentUtilsTest$TestCase@7052625e]" classname="com.dotcms.rendering.velocity.viewtools.content.util.ContentUtilsTest" time="6.001"/>
  <testcase name="testPullRelated[46: com.dotcms.rendering.velocity.viewtools.content.util.ContentUtilsTest$TestCase@4d4bc94f]" classname="com.dotcms.rendering.velocity.viewtools.content.util.ContentUtilsTest" time="6.223"/>
  <testcase name="testPullRelated[47: com.dotcms.rendering.velocity.viewtools.content.util.ContentUtilsTest$TestCase@50f4d63b]" classname="com.dotcms.rendering.velocity.viewtools.content.util.ContentUtilsTest" time="6.136"/>
  <testcase name="testPullRelated[48: com.dotcms.rendering.velocity.viewtools.content.util.ContentUtilsTest$TestCase@431e4a36]" classname="com.dotcms.rendering.velocity.viewtools.content.util.ContentUtilsTest" time="5.913"/>
  <testcase name="testPullRelated[49: com.dotcms.rendering.velocity.viewtools.content.util.ContentUtilsTest$TestCase@203d8099]" classname="com.dotcms.rendering.velocity.viewtools.content.util.ContentUtilsTest" time="5.892"/>
  <testcase name="testPullRelated[50: com.dotcms.rendering.velocity.viewtools.content.util.ContentUtilsTest$TestCase@33af2460]" classname="com.dotcms.rendering.velocity.viewtools.content.util.ContentUtilsTest" time="5.355"/>
  <testcase name="testPullRelated[51: com.dotcms.rendering.velocity.viewtools.content.util.ContentUtilsTest$TestCase@459c6920]" classname="com.dotcms.rendering.velocity.viewtools.content.util.ContentUtilsTest" time="5.054"/>
  <testcase name="testPullRelated[52: com.dotcms.rendering.velocity.viewtools.content.util.ContentUtilsTest$TestCase@74e2d45f]" classname="com.dotcms.rendering.velocity.viewtools.content.util.ContentUtilsTest" time="5.87"/>
  <testcase name="testPullRelated[53: com.dotcms.rendering.velocity.viewtools.content.util.ContentUtilsTest$TestCase@3897ab12]" classname="com.dotcms.rendering.velocity.viewtools.content.util.ContentUtilsTest" time="6.149"/>
  <testcase name="testPullRelated[54: com.dotcms.rendering.velocity.viewtools.content.util.ContentUtilsTest$TestCase@72510444]" classname="com.dotcms.rendering.velocity.viewtools.content.util.ContentUtilsTest" time="6.046"/>
  <testcase name="testPullRelated[55: com.dotcms.rendering.velocity.viewtools.content.util.ContentUtilsTest$TestCase@5422b647]" classname="com.dotcms.rendering.velocity.viewtools.content.util.ContentUtilsTest" time="6.062"/>
  <testcase name="testPullRelated[56: com.dotcms.rendering.velocity.viewtools.content.util.ContentUtilsTest$TestCase@3600c0b0]" classname="com.dotcms.rendering.velocity.viewtools.content.util.ContentUtilsTest" time="6.101"/>
  <testcase name="testPullRelated[57: com.dotcms.rendering.velocity.viewtools.content.util.ContentUtilsTest$TestCase@334a2259]" classname="com.dotcms.rendering.velocity.viewtools.content.util.ContentUtilsTest" time="5.932"/>
  <testcase name="testPullRelated[58: com.dotcms.rendering.velocity.viewtools.content.util.ContentUtilsTest$TestCase@49c37350]" classname="com.dotcms.rendering.velocity.viewtools.content.util.ContentUtilsTest" time="6.131"/>
  <testcase name="testPullRelated[59: com.dotcms.rendering.velocity.viewtools.content.util.ContentUtilsTest$TestCase@89274a1]" classname="com.dotcms.rendering.velocity.viewtools.content.util.ContentUtilsTest" time="6.239"/>
  <testcase name="testPullRelated[60: com.dotcms.rendering.velocity.viewtools.content.util.ContentUtilsTest$TestCase@38273043]" classname="com.dotcms.rendering.velocity.viewtools.content.util.ContentUtilsTest" time="6.041"/>
  <testcase name="testPullRelated[61: com.dotcms.rendering.velocity.viewtools.content.util.ContentUtilsTest$TestCase@5a1d95f4]" classname="com.dotcms.rendering.velocity.viewtools.content.util.ContentUtilsTest" time="4.958"/>
  <testcase name="testPullRelated[62: com.dotcms.rendering.velocity.viewtools.content.util.ContentUtilsTest$TestCase@8962414]" classname="com.dotcms.rendering.velocity.viewtools.content.util.ContentUtilsTest" time="6.03"/>
  <testcase name="testPullRelated[63: com.dotcms.rendering.velocity.viewtools.content.util.ContentUtilsTest$TestCase@133a6edb]" classname="com.dotcms.rendering.velocity.viewtools.content.util.ContentUtilsTest" time="6.369"/>
  <testcase name="testPullRelated[64: com.dotcms.rendering.velocity.viewtools.content.util.ContentUtilsTest$TestCase@121ef1d7]" classname="com.dotcms.rendering.velocity.viewtools.content.util.ContentUtilsTest" time="5.963"/>
  <testcase name="testPullRelated[65: com.dotcms.rendering.velocity.viewtools.content.util.ContentUtilsTest$TestCase@249a7455]" classname="com.dotcms.rendering.velocity.viewtools.content.util.ContentUtilsTest" time="5.964"/>
  <testcase name="testPullRelated[66: com.dotcms.rendering.velocity.viewtools.content.util.ContentUtilsTest$TestCase@1d954256]" classname="com.dotcms.rendering.velocity.viewtools.content.util.ContentUtilsTest" time="6.384"/>
  <testcase name="testPullRelated[67: com.dotcms.rendering.velocity.viewtools.content.util.ContentUtilsTest$TestCase@5d99ab89]" classname="com.dotcms.rendering.velocity.viewtools.content.util.ContentUtilsTest" time="6.062"/>
  <testcase name="testPullRelated[68: com.dotcms.rendering.velocity.viewtools.content.util.ContentUtilsTest$TestCase@38ec69a4]" classname="com.dotcms.rendering.velocity.viewtools.content.util.ContentUtilsTest" time="5.903"/>
  <testcase name="testPullRelated[69: com.dotcms.rendering.velocity.viewtools.content.util.ContentUtilsTest$TestCase@4f238a30]" classname="com.dotcms.rendering.velocity.viewtools.content.util.ContentUtilsTest" time="6.052"/>
  <testcase name="testPullRelated[70: com.dotcms.rendering.velocity.viewtools.content.util.ContentUtilsTest$TestCase@7893e670]" classname="com.dotcms.rendering.velocity.viewtools.content.util.ContentUtilsTest" time="6.188"/>
  <testcase name="testPullRelated[71: com.dotcms.rendering.velocity.viewtools.content.util.ContentUtilsTest$TestCase@6846df08]" classname="com.dotcms.rendering.velocity.viewtools.content.util.ContentUtilsTest" time="5.879"/>
  <testcase name="whenPublishAndExpireDatesAreInTheFutureAndTimeMachineIsAfterBoth" classname="com.dotcms.rendering.velocity.viewtools.content.util.ContentUtilsTest" time="2.983"/>
  <testcase name="testPullRelatedForLegacyRelationship[0: com.dotcms.rendering.velocity.viewtools.content.util.ContentUtilsTest$LegacyTestCase@33bc2aed]" classname="com.dotcms.rendering.velocity.viewtools.content.util.ContentUtilsTest" time="2.827"/>
  <testcase name="testPullRelatedForLegacyRelationship[1: com.dotcms.rendering.velocity.viewtools.content.util.ContentUtilsTest$LegacyTestCase@601d44a0]" classname="com.dotcms.rendering.velocity.viewtools.content.util.ContentUtilsTest" time="4.499"/>
  <testcase name="whenTheTimeMachineDateIsAfterTomorrowAndExpireDateIsTomorrowShouldNotReturnContent" classname="com.dotcms.rendering.velocity.viewtools.content.util.ContentUtilsTest" time="2.997"/>
  <testcase name="testPullLiveRelatedWhenLatestVersionIsWorking" classname="com.dotcms.rendering.velocity.viewtools.content.util.ContentUtilsTest" time="3.2"/>
  <testcase name="test_add_relationships_on_parent_children_related_contents" classname="com.dotcms.rendering.velocity.viewtools.content.util.ContentUtilsTest" time="1.527"/>
  <testcase name="testSortPullRelated[0: com.dotcms.rendering.velocity.viewtools.content.util.ContentUtilsTest$SortTestCase@7da8eb5]" classname="com.dotcms.rendering.velocity.viewtools.content.util.ContentUtilsTest" time="1.562"/>
  <testcase name="testSortPullRelated[1: com.dotcms.rendering.velocity.viewtools.content.util.ContentUtilsTest$SortTestCase@59baafd9]" classname="com.dotcms.rendering.velocity.viewtools.content.util.ContentUtilsTest" time="1.668"/>
  <testcase name="testSortPullRelated[2: com.dotcms.rendering.velocity.viewtools.content.util.ContentUtilsTest$SortTestCase@b031d41]" classname="com.dotcms.rendering.velocity.viewtools.content.util.ContentUtilsTest" time="2.689"/>
  <testcase name="testSortPullRelated[3: com.dotcms.rendering.velocity.viewtools.content.util.ContentUtilsTest$SortTestCase@1b170c5]" classname="com.dotcms.rendering.velocity.viewtools.content.util.ContentUtilsTest" time="1.795"/>
  <testcase name="testSortPullRelated[4: com.dotcms.rendering.velocity.viewtools.content.util.ContentUtilsTest$SortTestCase@52cdf960]" classname="com.dotcms.rendering.velocity.viewtools.content.util.ContentUtilsTest" time="2.773"/>
  <testcase name="testSortPullRelated[5: com.dotcms.rendering.velocity.viewtools.content.util.ContentUtilsTest$SortTestCase@5e054087]" classname="com.dotcms.rendering.velocity.viewtools.content.util.ContentUtilsTest" time="2.704"/>
  <testcase name="whenTheTimeMachineDateIsAfterTomorrowAndExpireDateIsInFutureShouldReturnContent" classname="com.dotcms.rendering.velocity.viewtools.content.util.ContentUtilsTest" time="3.014"/>
  <testcase name="testPullRelatedFieldShouldRespectDefaultOrder" classname="com.dotcms.rendering.velocity.viewtools.content.util.ContentUtilsTest" time="2.369"/>
  <system-out><![CDATA[]]></system-out>
  <system-err><![CDATA[]]></system-err>
</testsuite>
