<?xml version="1.0" encoding="UTF-8"?>
<testsuite name="com.dotcms.publishing.PushPublishFiltersInitializerTest" tests="6" skipped="0" failures="0" errors="0" timestamp="2023-07-10T19:27:27" hostname="fv-az471-786" time="0.083">
  <properties/>
  <testcase name="test_loadFilter_BooleanPropertyValueSetNumber_filterIsNotAdded" classname="com.dotcms.publishing.PushPublishFiltersInitializerTest" time="0.025"/>
  <testcase name="test_loadFilter_success" classname="com.dotcms.publishing.PushPublishFiltersInitializerTest" time="0.017"/>
  <testcase name="test_loadFilter_RequiredPropertyNull_filterIsNotAdded" classname="com.dotcms.publishing.PushPublishFiltersInitializerTest" time="0.008"/>
  <testcase name="test_loadFilter_BooleanPropertyValueSetToAnyOtherString_filterIsNotAdded" classname="com.dotcms.publishing.PushPublishFiltersInitializerTest" time="0.008"/>
  <testcase name="test_loadFilter_YAMLFileEmpty_otherFiltersLoadSuccessfully" classname="com.dotcms.publishing.PushPublishFiltersInitializerTest" time="0.01"/>
  <testcase name="test_loadFilter_AddPropertyNotExpected_filterIsNotAdded" classname="com.dotcms.publishing.PushPublishFiltersInitializerTest" time="0.008"/>
  <system-out><![CDATA[]]></system-out>
  <system-err><![CDATA[]]></system-err>
</testsuite>
