<?xml version="1.0" encoding="UTF-8"?>
<testsuite name="com.dotcms.contenttype.test.ContentResourceTest" tests="52" skipped="0" failures="0" errors="0" timestamp="2023-06-30T16:45:39" hostname="fv-az455-211" time="176.966">
  <properties/>
  <testcase name="testGetContentShouldReturnIconDetails" classname="com.dotcms.contenttype.test.ContentResourceTest" time="1.952"/>
  <testcase name="Test_Save_Action_Set_Words_To_Required_NumericField_Issue_15340" classname="com.dotcms.contenttype.test.ContentResourceTest" time="1.033"/>
  <testcase name="test_getContent_includeGrandChildCategory_success" classname="com.dotcms.contenttype.test.ContentResourceTest" time="1.642"/>
  <testcase name="testGetContentWithRelatedParameter[0: com.dotcms.contenttype.test.ContentResourceTest$PullRelatedTestCase@5e0c34b2]" classname="com.dotcms.contenttype.test.ContentResourceTest" time="4.623"/>
  <testcase name="testGetContentWithRelatedParameter[1: com.dotcms.contenttype.test.ContentResourceTest$PullRelatedTestCase@37116b25]" classname="com.dotcms.contenttype.test.ContentResourceTest" time="4.741"/>
  <testcase name="testGetContentWithRelatedParameter[2: com.dotcms.contenttype.test.ContentResourceTest$PullRelatedTestCase@2bb814c0]" classname="com.dotcms.contenttype.test.ContentResourceTest" time="4.546"/>
  <testcase name="testGetContentWithRelatedParameter[3: com.dotcms.contenttype.test.ContentResourceTest$PullRelatedTestCase@744e7198]" classname="com.dotcms.contenttype.test.ContentResourceTest" time="4.299"/>
  <testcase name="testGetContentWithRelatedParameter[4: com.dotcms.contenttype.test.ContentResourceTest$PullRelatedTestCase@4bd87207]" classname="com.dotcms.contenttype.test.ContentResourceTest" time="4.49"/>
  <testcase name="test_getContent_SelfRelatedWith3LevelsOfDepth_shouldReturnRelationships" classname="com.dotcms.contenttype.test.ContentResourceTest" time="1.652"/>
  <testcase name="Test_Save_Action_Send_Fields_SubSet_Issue_15340" classname="com.dotcms.contenttype.test.ContentResourceTest" time="3.156"/>
  <testcase name="test_getContent_shouldReturnRelationships[0: com.dotcms.contenttype.test.ContentResourceTest$TestCase@772c701a]" classname="com.dotcms.contenttype.test.ContentResourceTest" time="3.508"/>
  <testcase name="test_getContent_shouldReturnRelationships[1: com.dotcms.contenttype.test.ContentResourceTest$TestCase@1cd9642b]" classname="com.dotcms.contenttype.test.ContentResourceTest" time="3.67"/>
  <testcase name="test_getContent_shouldReturnRelationships[2: com.dotcms.contenttype.test.ContentResourceTest$TestCase@1b1c1499]" classname="com.dotcms.contenttype.test.ContentResourceTest" time="3.815"/>
  <testcase name="test_getContent_shouldReturnRelationships[3: com.dotcms.contenttype.test.ContentResourceTest$TestCase@13dc15b7]" classname="com.dotcms.contenttype.test.ContentResourceTest" time="3.752"/>
  <testcase name="test_getContent_shouldReturnRelationships[4: com.dotcms.contenttype.test.ContentResourceTest$TestCase@7e40b76]" classname="com.dotcms.contenttype.test.ContentResourceTest" time="3.707"/>
  <testcase name="test_getContent_shouldReturnRelationships[5: com.dotcms.contenttype.test.ContentResourceTest$TestCase@50cbcf9d]" classname="com.dotcms.contenttype.test.ContentResourceTest" time="3.471"/>
  <testcase name="test_getContent_shouldReturnRelationships[6: com.dotcms.contenttype.test.ContentResourceTest$TestCase@2b88b1c1]" classname="com.dotcms.contenttype.test.ContentResourceTest" time="3.678"/>
  <testcase name="test_getContent_shouldReturnRelationships[7: com.dotcms.contenttype.test.ContentResourceTest$TestCase@588a68aa]" classname="com.dotcms.contenttype.test.ContentResourceTest" time="3.62"/>
  <testcase name="test_getContent_shouldReturnRelationships[8: com.dotcms.contenttype.test.ContentResourceTest$TestCase@7f126776]" classname="com.dotcms.contenttype.test.ContentResourceTest" time="3.885"/>
  <testcase name="test_getContent_shouldReturnRelationships[9: com.dotcms.contenttype.test.ContentResourceTest$TestCase@712bf82e]" classname="com.dotcms.contenttype.test.ContentResourceTest" time="2.825"/>
  <testcase name="test_getContent_shouldReturnRelationships[10: com.dotcms.contenttype.test.ContentResourceTest$TestCase@1f435973]" classname="com.dotcms.contenttype.test.ContentResourceTest" time="3.602"/>
  <testcase name="test_getContent_shouldReturnRelationships[11: com.dotcms.contenttype.test.ContentResourceTest$TestCase@1487bd09]" classname="com.dotcms.contenttype.test.ContentResourceTest" time="3.456"/>
  <testcase name="test_getContent_shouldReturnRelationships[12: com.dotcms.contenttype.test.ContentResourceTest$TestCase@78425138]" classname="com.dotcms.contenttype.test.ContentResourceTest" time="3.401"/>
  <testcase name="test_getContent_shouldReturnRelationships[13: com.dotcms.contenttype.test.ContentResourceTest$TestCase@56063c96]" classname="com.dotcms.contenttype.test.ContentResourceTest" time="3.469"/>
  <testcase name="test_getContent_shouldReturnRelationships[14: com.dotcms.contenttype.test.ContentResourceTest$TestCase@530b6fe4]" classname="com.dotcms.contenttype.test.ContentResourceTest" time="3.409"/>
  <testcase name="test_getContent_shouldReturnRelationships[15: com.dotcms.contenttype.test.ContentResourceTest$TestCase@7acdff79]" classname="com.dotcms.contenttype.test.ContentResourceTest" time="4.644"/>
  <testcase name="test_getContent_shouldReturnRelationships[16: com.dotcms.contenttype.test.ContentResourceTest$TestCase@106cba89]" classname="com.dotcms.contenttype.test.ContentResourceTest" time="4.702"/>
  <testcase name="test_getContent_shouldReturnRelationships[17: com.dotcms.contenttype.test.ContentResourceTest$TestCase@7769c69e]" classname="com.dotcms.contenttype.test.ContentResourceTest" time="3.916"/>
  <testcase name="test_getContent_shouldReturnRelationships[18: com.dotcms.contenttype.test.ContentResourceTest$TestCase@7f15f3d8]" classname="com.dotcms.contenttype.test.ContentResourceTest" time="3.875"/>
  <testcase name="test_getContent_shouldReturnRelationships[19: com.dotcms.contenttype.test.ContentResourceTest$TestCase@6ab6fd74]" classname="com.dotcms.contenttype.test.ContentResourceTest" time="4.085"/>
  <testcase name="test_getContent_shouldReturnRelationships[20: com.dotcms.contenttype.test.ContentResourceTest$TestCase@1ffbaa59]" classname="com.dotcms.contenttype.test.ContentResourceTest" time="4.211"/>
  <testcase name="test_getContent_shouldReturnRelationships[21: com.dotcms.contenttype.test.ContentResourceTest$TestCase@269fc20e]" classname="com.dotcms.contenttype.test.ContentResourceTest" time="3.125"/>
  <testcase name="test_getContent_shouldReturnRelationships[22: com.dotcms.contenttype.test.ContentResourceTest$TestCase@76c47e36]" classname="com.dotcms.contenttype.test.ContentResourceTest" time="3.828"/>
  <testcase name="test_getContent_shouldReturnRelationships[23: com.dotcms.contenttype.test.ContentResourceTest$TestCase@2bc460c7]" classname="com.dotcms.contenttype.test.ContentResourceTest" time="3.839"/>
  <testcase name="test_getContent_shouldReturnRelationships[24: com.dotcms.contenttype.test.ContentResourceTest$TestCase@69afbe84]" classname="com.dotcms.contenttype.test.ContentResourceTest" time="3.937"/>
  <testcase name="test_getContent_shouldReturnRelationships[25: com.dotcms.contenttype.test.ContentResourceTest$TestCase@31f88e0d]" classname="com.dotcms.contenttype.test.ContentResourceTest" time="3.988"/>
  <testcase name="test_getContent_shouldReturnRelationships[26: com.dotcms.contenttype.test.ContentResourceTest$TestCase@641863ca]" classname="com.dotcms.contenttype.test.ContentResourceTest" time="3.839"/>
  <testcase name="test_getContent_shouldReturnRelationships[27: com.dotcms.contenttype.test.ContentResourceTest$TestCase@6c52f5d6]" classname="com.dotcms.contenttype.test.ContentResourceTest" time="3.607"/>
  <testcase name="test_getContent_shouldReturnRelationships[28: com.dotcms.contenttype.test.ContentResourceTest$TestCase@781d2d46]" classname="com.dotcms.contenttype.test.ContentResourceTest" time="3.514"/>
  <testcase name="test_getContent_shouldReturnRelationships[29: com.dotcms.contenttype.test.ContentResourceTest$TestCase@de05cae]" classname="com.dotcms.contenttype.test.ContentResourceTest" time="3.574"/>
  <testcase name="test_getContent_shouldReturnRelationships[30: com.dotcms.contenttype.test.ContentResourceTest$TestCase@2a4178eb]" classname="com.dotcms.contenttype.test.ContentResourceTest" time="3.598"/>
  <testcase name="test_getContent_shouldReturnRelationships[31: com.dotcms.contenttype.test.ContentResourceTest$TestCase@51c6c430]" classname="com.dotcms.contenttype.test.ContentResourceTest" time="3.731"/>
  <testcase name="test_getContent_shouldReturnRelationships[32: com.dotcms.contenttype.test.ContentResourceTest$TestCase@40a0a453]" classname="com.dotcms.contenttype.test.ContentResourceTest" time="4.595"/>
  <testcase name="test_getContent_shouldReturnRelationships[33: com.dotcms.contenttype.test.ContentResourceTest$TestCase@4f2a85c5]" classname="com.dotcms.contenttype.test.ContentResourceTest" time="3.964"/>
  <testcase name="testSinglePOST_InvalidParamsShouldReturn400[0: ({\n    &quot;stInode&quot; : &quot;InvalidValue&quot;,\n    &quot;numeric&quot; : &quot;0&quot;,\n    &quot;image&quot; : &quot;whatever&quot;\n}, Bad Request)]" classname="com.dotcms.contenttype.test.ContentResourceTest" time="1.048"/>
  <testcase name="testSinglePOST_InvalidParamsShouldReturn400[1: ({\n    &quot;numeric&quot; : &quot;0&quot;,\n    &quot;image&quot; : &quot;whatever&quot;\n}, Bad Request)]" classname="com.dotcms.contenttype.test.ContentResourceTest" time="0.999"/>
  <testcase name="Test_Save_Action_Set_Null_To_Required_NumericField_Issue_15340" classname="com.dotcms.contenttype.test.ContentResourceTest" time="1.053"/>
  <testcase name="Test_Save_Action_Remove_Image_Then_Verify_Fields_Were_Cleared_Issue_15340" classname="com.dotcms.contenttype.test.ContentResourceTest" time="4.299"/>
  <testcase name="test_getContentWithMultipleSelfRelated_shouldReturnRelationships[0: com.dotcms.contenttype.test.ContentResourceTest$PullSelfRelatedTestCase@90d844e]" classname="com.dotcms.contenttype.test.ContentResourceTest" time="2.063"/>
  <testcase name="test_getContentWithMultipleSelfRelated_shouldReturnRelationships[1: com.dotcms.contenttype.test.ContentResourceTest$PullSelfRelatedTestCase@4cca2b00]" classname="com.dotcms.contenttype.test.ContentResourceTest" time="2.07"/>
  <testcase name="testGetContentWithAllCategoriesInfo[0: json]" classname="com.dotcms.contenttype.test.ContentResourceTest" time="2.719"/>
  <testcase name="testGetContentWithAllCategoriesInfo[1: xml]" classname="com.dotcms.contenttype.test.ContentResourceTest" time="2.738"/>
  <system-out><![CDATA[











]]></system-out>
  <system-err><![CDATA[]]></system-err>
</testsuite>
