<?xml version="1.0" encoding="UTF-8"?>
<testsuite name="com.dotcms.contenttype.business.StoryBlockAPITest" tests="7" skipped="0" failures="0" errors="0" timestamp="2023-06-22T19:48:08" hostname="fv-az419-343" time="2.607">
  <properties/>
  <testcase name="test_get_dependencies_with_non_json_value" classname="com.dotcms.contenttype.business.StoryBlockAPITest" time="0.001"/>
  <testcase name="test_get_dependencies" classname="com.dotcms.contenttype.business.StoryBlockAPITest" time="1.229"/>
  <testcase name="test_refresh_references_on_self_reference" classname="com.dotcms.contenttype.business.StoryBlockAPITest" time="0.001"/>
  <testcase name="test_get_dependencies_with_bad_content_value" classname="com.dotcms.contenttype.business.StoryBlockAPITest" time="0.001"/>
  <testcase name="test_refresh_references" classname="com.dotcms.contenttype.business.StoryBlockAPITest" time="1.373"/>
  <testcase name="test_get_dependencies_with_empty_json_value" classname="com.dotcms.contenttype.business.StoryBlockAPITest" time="0.001"/>
  <testcase name="test_get_refreshStoryBlockValueReferences_with_bad_content_value" classname="com.dotcms.contenttype.business.StoryBlockAPITest" time="0.0"/>
  <system-out><![CDATA[]]></system-out>
  <system-err><![CDATA[]]></system-err>
</testsuite>
