<?xml version="1.0" encoding="UTF-8"?>
<testsuite name="com.dotmarketing.db.DbConnectionFactoryTest" tests="4" skipped="0" failures="0" errors="0" timestamp="2023-06-28T04:28:24" hostname="fv-az592-477" time="0.018">
  <properties/>
  <testcase name="testNestedTransactions" classname="com.dotmarketing.db.DbConnectionFactoryTest" time="0.008"/>
  <testcase name="testRollback" classname="com.dotmarketing.db.DbConnectionFactoryTest" time="0.007"/>
  <testcase name="testSelectTransaction" classname="com.dotmarketing.db.DbConnectionFactoryTest" time="0.002"/>
  <testcase name="testStartTransactionIfNeeded" classname="com.dotmarketing.db.DbConnectionFactoryTest" time="0.001"/>
  <system-out><![CDATA[]]></system-out>
  <system-err><![CDATA[
















































































]]></system-err>
</testsuite>
