<?xml version="1.0" encoding="UTF-8"?>
<testsuite name="com.dotmarketing.portlets.structure.model.ContentletRelationshipsTest" tests="7" skipped="0" failures="0" errors="0" timestamp="2023-06-23T16:25:23" hostname="fv-az162-375" time="8.09">
  <properties/>
  <testcase name="testDoesAllowOnlyOne[0: com.dotmarketing.portlets.structure.model.ContentletRelationshipsTest$CardinalityTestCase@54c4ad58]" classname="com.dotmarketing.portlets.structure.model.ContentletRelationshipsTest" time="0.41"/>
  <testcase name="testDoesAllowOnlyOne[1: com.dotmarketing.portlets.structure.model.ContentletRelationshipsTest$CardinalityTestCase@261ef2e2]" classname="com.dotmarketing.portlets.structure.model.ContentletRelationshipsTest" time="0.489"/>
  <testcase name="testDoesAllowOnlyOne[2: com.dotmarketing.portlets.structure.model.ContentletRelationshipsTest$CardinalityTestCase@6c241490]" classname="com.dotmarketing.portlets.structure.model.ContentletRelationshipsTest" time="0.511"/>
  <testcase name="testGetRelationshipRecords[0: com.dotmarketing.portlets.structure.model.ContentletRelationshipsTest$TestCase@2005fa75]" classname="com.dotmarketing.portlets.structure.model.ContentletRelationshipsTest" time="2.013"/>
  <testcase name="testGetRelationshipRecords[1: com.dotmarketing.portlets.structure.model.ContentletRelationshipsTest$TestCase@51da3d40]" classname="com.dotmarketing.portlets.structure.model.ContentletRelationshipsTest" time="2.007"/>
  <testcase name="testGetRelationshipRecords[2: com.dotmarketing.portlets.structure.model.ContentletRelationshipsTest$TestCase@825c7b]" classname="com.dotmarketing.portlets.structure.model.ContentletRelationshipsTest" time="1.823"/>
  <testcase name="testGetRelationshipRecords[3: com.dotmarketing.portlets.structure.model.ContentletRelationshipsTest$TestCase@4c4e586f]" classname="com.dotmarketing.portlets.structure.model.ContentletRelationshipsTest" time="0.836"/>
  <system-out><![CDATA[]]></system-out>
  <system-err><![CDATA[]]></system-err>
</testsuite>
