<?xml version="1.0" encoding="UTF-8"?>
<testsuite name="com.dotcms.publishing.manifest.CSVManifestBuilderTest" tests="34" skipped="0" failures="0" errors="0" timestamp="2023-06-26T16:41:17" hostname="fv-az364-36" time="0.085">
  <properties/>
  <testcase name="exclude[0: com.dotcms.publishing.manifest.CSVManifestBuilderTest$TestCase@224f237a]" classname="com.dotcms.publishing.manifest.CSVManifestBuilderTest" time="0.003"/>
  <testcase name="exclude[1: com.dotcms.publishing.manifest.CSVManifestBuilderTest$TestCase@a0f2d2b]" classname="com.dotcms.publishing.manifest.CSVManifestBuilderTest" time="0.001"/>
  <testcase name="exclude[2: com.dotcms.publishing.manifest.CSVManifestBuilderTest$TestCase@68a3420d]" classname="com.dotcms.publishing.manifest.CSVManifestBuilderTest" time="0.0"/>
  <testcase name="exclude[3: com.dotcms.publishing.manifest.CSVManifestBuilderTest$TestCase@236e081b]" classname="com.dotcms.publishing.manifest.CSVManifestBuilderTest" time="0.001"/>
  <testcase name="exclude[4: com.dotcms.publishing.manifest.CSVManifestBuilderTest$TestCase@7861bbff]" classname="com.dotcms.publishing.manifest.CSVManifestBuilderTest" time="0.0"/>
  <testcase name="exclude[5: com.dotcms.publishing.manifest.CSVManifestBuilderTest$TestCase@b74b7ad]" classname="com.dotcms.publishing.manifest.CSVManifestBuilderTest" time="0.002"/>
  <testcase name="exclude[6: com.dotcms.publishing.manifest.CSVManifestBuilderTest$TestCase@79353fe4]" classname="com.dotcms.publishing.manifest.CSVManifestBuilderTest" time="0.001"/>
  <testcase name="exclude[7: com.dotcms.publishing.manifest.CSVManifestBuilderTest$TestCase@2ac8ce09]" classname="com.dotcms.publishing.manifest.CSVManifestBuilderTest" time="0.0"/>
  <testcase name="exclude[8: com.dotcms.publishing.manifest.CSVManifestBuilderTest$TestCase@5f8326ec]" classname="com.dotcms.publishing.manifest.CSVManifestBuilderTest" time="0.001"/>
  <testcase name="exclude[9: com.dotcms.publishing.manifest.CSVManifestBuilderTest$TestCase@71643b6e]" classname="com.dotcms.publishing.manifest.CSVManifestBuilderTest" time="0.001"/>
  <testcase name="exclude[10: com.dotcms.publishing.manifest.CSVManifestBuilderTest$TestCase@217ee0b9]" classname="com.dotcms.publishing.manifest.CSVManifestBuilderTest" time="0.0"/>
  <testcase name="exclude[11: com.dotcms.publishing.manifest.CSVManifestBuilderTest$TestCase@4d2aca19]" classname="com.dotcms.publishing.manifest.CSVManifestBuilderTest" time="0.001"/>
  <testcase name="exclude[12: com.dotcms.publishing.manifest.CSVManifestBuilderTest$TestCase@bd83116]" classname="com.dotcms.publishing.manifest.CSVManifestBuilderTest" time="0.001"/>
  <testcase name="exclude[13: com.dotcms.publishing.manifest.CSVManifestBuilderTest$TestCase@5b37c448]" classname="com.dotcms.publishing.manifest.CSVManifestBuilderTest" time="0.002"/>
  <testcase name="exclude[14: com.dotcms.publishing.manifest.CSVManifestBuilderTest$TestCase@d1a9cbf]" classname="com.dotcms.publishing.manifest.CSVManifestBuilderTest" time="0.001"/>
  <testcase name="emptyManifestFile" classname="com.dotcms.publishing.manifest.CSVManifestBuilderTest" time="0.0"/>
  <testcase name="addHeader" classname="com.dotcms.publishing.manifest.CSVManifestBuilderTest" time="0.027"/>
  <testcase name="callAddHeaderAfterInclude" classname="com.dotcms.publishing.manifest.CSVManifestBuilderTest" time="0.015"/>
  <testcase name="include[0: com.dotcms.publishing.manifest.CSVManifestBuilderTest$TestCase@224f237a]" classname="com.dotcms.publishing.manifest.CSVManifestBuilderTest" time="0.001"/>
  <testcase name="include[1: com.dotcms.publishing.manifest.CSVManifestBuilderTest$TestCase@a0f2d2b]" classname="com.dotcms.publishing.manifest.CSVManifestBuilderTest" time="0.001"/>
  <testcase name="include[2: com.dotcms.publishing.manifest.CSVManifestBuilderTest$TestCase@68a3420d]" classname="com.dotcms.publishing.manifest.CSVManifestBuilderTest" time="0.001"/>
  <testcase name="include[3: com.dotcms.publishing.manifest.CSVManifestBuilderTest$TestCase@236e081b]" classname="com.dotcms.publishing.manifest.CSVManifestBuilderTest" time="0.001"/>
  <testcase name="include[4: com.dotcms.publishing.manifest.CSVManifestBuilderTest$TestCase@7861bbff]" classname="com.dotcms.publishing.manifest.CSVManifestBuilderTest" time="0.0"/>
  <testcase name="include[5: com.dotcms.publishing.manifest.CSVManifestBuilderTest$TestCase@b74b7ad]" classname="com.dotcms.publishing.manifest.CSVManifestBuilderTest" time="0.001"/>
  <testcase name="include[6: com.dotcms.publishing.manifest.CSVManifestBuilderTest$TestCase@79353fe4]" classname="com.dotcms.publishing.manifest.CSVManifestBuilderTest" time="0.001"/>
  <testcase name="include[7: com.dotcms.publishing.manifest.CSVManifestBuilderTest$TestCase@2ac8ce09]" classname="com.dotcms.publishing.manifest.CSVManifestBuilderTest" time="0.001"/>
  <testcase name="include[8: com.dotcms.publishing.manifest.CSVManifestBuilderTest$TestCase@5f8326ec]" classname="com.dotcms.publishing.manifest.CSVManifestBuilderTest" time="0.0"/>
  <testcase name="include[9: com.dotcms.publishing.manifest.CSVManifestBuilderTest$TestCase@71643b6e]" classname="com.dotcms.publishing.manifest.CSVManifestBuilderTest" time="0.001"/>
  <testcase name="include[10: com.dotcms.publishing.manifest.CSVManifestBuilderTest$TestCase@217ee0b9]" classname="com.dotcms.publishing.manifest.CSVManifestBuilderTest" time="0.001"/>
  <testcase name="include[11: com.dotcms.publishing.manifest.CSVManifestBuilderTest$TestCase@4d2aca19]" classname="com.dotcms.publishing.manifest.CSVManifestBuilderTest" time="0.0"/>
  <testcase name="include[12: com.dotcms.publishing.manifest.CSVManifestBuilderTest$TestCase@bd83116]" classname="com.dotcms.publishing.manifest.CSVManifestBuilderTest" time="0.001"/>
  <testcase name="include[13: com.dotcms.publishing.manifest.CSVManifestBuilderTest$TestCase@5b37c448]" classname="com.dotcms.publishing.manifest.CSVManifestBuilderTest" time="0.001"/>
  <testcase name="include[14: com.dotcms.publishing.manifest.CSVManifestBuilderTest$TestCase@d1a9cbf]" classname="com.dotcms.publishing.manifest.CSVManifestBuilderTest" time="0.001"/>
  <testcase name="callAddHeaderAfterExclude" classname="com.dotcms.publishing.manifest.CSVManifestBuilderTest" time="0.014"/>
  <system-out><![CDATA[]]></system-out>
  <system-err><![CDATA[]]></system-err>
</testsuite>
