<?xml version="1.0" encoding="UTF-8"?>
<testsuite name="com.dotcms.rest.api.v1.vtl.VTLResourceIntegrationTest" tests="6" skipped="0" failures="0" errors="0" timestamp="2023-07-20T22:01:05" hostname="fv-az803-349" time="14.242">
  <properties/>
  <testcase name="testGet[0: com.dotcms.rest.api.v1.vtl.VTLResourceTestCase@39d13803]" classname="com.dotcms.rest.api.v1.vtl.VTLResourceIntegrationTest" time="2.442"/>
  <testcase name="testGet[1: com.dotcms.rest.api.v1.vtl.VTLResourceTestCase@2e6aa789]" classname="com.dotcms.rest.api.v1.vtl.VTLResourceIntegrationTest" time="2.982"/>
  <testcase name="testGet[2: com.dotcms.rest.api.v1.vtl.VTLResourceTestCase@2437164d]" classname="com.dotcms.rest.api.v1.vtl.VTLResourceIntegrationTest" time="2.78"/>
  <testcase name="testGet[3: com.dotcms.rest.api.v1.vtl.VTLResourceTestCase@3ca39936]" classname="com.dotcms.rest.api.v1.vtl.VTLResourceIntegrationTest" time="2.152"/>
  <testcase name="testGet[4: com.dotcms.rest.api.v1.vtl.VTLResourceTestCase@c82bf81]" classname="com.dotcms.rest.api.v1.vtl.VTLResourceIntegrationTest" time="1.972"/>
  <testcase name="testGet[5: com.dotcms.rest.api.v1.vtl.VTLResourceTestCase@77af1777]" classname="com.dotcms.rest.api.v1.vtl.VTLResourceIntegrationTest" time="1.914"/>
  <system-out><![CDATA[]]></system-out>
  <system-err><![CDATA[]]></system-err>
</testsuite>
