<?xml version="1.0" encoding="UTF-8"?>
<testsuite name="com.dotcms.publishing.PublisherAPIImplTest" tests="24" skipped="0" failures="0" errors="0" timestamp="2023-07-21T17:06:47" hostname="fv-az454-899" time="5.108">
  <properties/>
  <testcase name="AddAllCategoryIntoBundle" classname="com.dotcms.publishing.PublisherAPIImplTest" time="0.195"/>
  <testcase name="testFilterDescriptors" classname="com.dotcms.publishing.PublisherAPIImplTest" time="0.084"/>
  <testcase name="sendPushPublishBundle[0: com.dotcms.publishing.PublisherAPIImplTest$TestAsset@332ff57c]" classname="com.dotcms.publishing.PublisherAPIImplTest" time="1.483"/>
  <testcase name="sendPushPublishBundle[1: com.dotcms.publishing.PublisherAPIImplTest$TestAsset@56256f87]" classname="com.dotcms.publishing.PublisherAPIImplTest" time="0.249"/>
  <testcase name="sendPushPublishBundle[2: com.dotcms.publishing.PublisherAPIImplTest$TestAsset@155e8c7f]" classname="com.dotcms.publishing.PublisherAPIImplTest" time="0.172"/>
  <testcase name="sendPushPublishBundle[3: com.dotcms.publishing.PublisherAPIImplTest$TestAsset@1df09336]" classname="com.dotcms.publishing.PublisherAPIImplTest" time="0.361"/>
  <testcase name="sendPushPublishBundle[4: com.dotcms.publishing.PublisherAPIImplTest$TestAsset@51b811e1]" classname="com.dotcms.publishing.PublisherAPIImplTest" time="0.287"/>
  <testcase name="sendPushPublishBundle[5: com.dotcms.publishing.PublisherAPIImplTest$TestAsset@2c9c1506]" classname="com.dotcms.publishing.PublisherAPIImplTest" time="0.159"/>
  <testcase name="sendPushPublishBundle[6: com.dotcms.publishing.PublisherAPIImplTest$TestAsset@4d40599e]" classname="com.dotcms.publishing.PublisherAPIImplTest" time="0.143"/>
  <testcase name="sendPushPublishBundle[7: com.dotcms.publishing.PublisherAPIImplTest$TestAsset@54300a23]" classname="com.dotcms.publishing.PublisherAPIImplTest" time="0.168"/>
  <testcase name="sendPushPublishBundle[8: com.dotcms.publishing.PublisherAPIImplTest$TestAsset@45963e5d]" classname="com.dotcms.publishing.PublisherAPIImplTest" time="0.177"/>
  <testcase name="sendPushPublishBundle[9: com.dotcms.publishing.PublisherAPIImplTest$TestAsset@96e27cc]" classname="com.dotcms.publishing.PublisherAPIImplTest" time="0.28"/>
  <testcase name="sendPushPublishBundle[10: com.dotcms.publishing.PublisherAPIImplTest$TestAsset@462d13d6]" classname="com.dotcms.publishing.PublisherAPIImplTest" time="0.106"/>
  <testcase name="generateBundle[0: com.dotcms.publishing.PublisherAPIImplTest$TestAsset@332ff57c]" classname="com.dotcms.publishing.PublisherAPIImplTest" time="0.161"/>
  <testcase name="generateBundle[1: com.dotcms.publishing.PublisherAPIImplTest$TestAsset@56256f87]" classname="com.dotcms.publishing.PublisherAPIImplTest" time="0.111"/>
  <testcase name="generateBundle[2: com.dotcms.publishing.PublisherAPIImplTest$TestAsset@155e8c7f]" classname="com.dotcms.publishing.PublisherAPIImplTest" time="0.147"/>
  <testcase name="generateBundle[3: com.dotcms.publishing.PublisherAPIImplTest$TestAsset@1df09336]" classname="com.dotcms.publishing.PublisherAPIImplTest" time="0.172"/>
  <testcase name="generateBundle[4: com.dotcms.publishing.PublisherAPIImplTest$TestAsset@51b811e1]" classname="com.dotcms.publishing.PublisherAPIImplTest" time="0.174"/>
  <testcase name="generateBundle[5: com.dotcms.publishing.PublisherAPIImplTest$TestAsset@2c9c1506]" classname="com.dotcms.publishing.PublisherAPIImplTest" time="0.087"/>
  <testcase name="generateBundle[6: com.dotcms.publishing.PublisherAPIImplTest$TestAsset@4d40599e]" classname="com.dotcms.publishing.PublisherAPIImplTest" time="0.092"/>
  <testcase name="generateBundle[7: com.dotcms.publishing.PublisherAPIImplTest$TestAsset@54300a23]" classname="com.dotcms.publishing.PublisherAPIImplTest" time="0.084"/>
  <testcase name="generateBundle[8: com.dotcms.publishing.PublisherAPIImplTest$TestAsset@45963e5d]" classname="com.dotcms.publishing.PublisherAPIImplTest" time="0.058"/>
  <testcase name="generateBundle[9: com.dotcms.publishing.PublisherAPIImplTest$TestAsset@96e27cc]" classname="com.dotcms.publishing.PublisherAPIImplTest" time="0.127"/>
  <testcase name="generateBundle[10: com.dotcms.publishing.PublisherAPIImplTest$TestAsset@462d13d6]" classname="com.dotcms.publishing.PublisherAPIImplTest" time="0.021"/>
  <system-out><![CDATA[









































































































































































]]></system-out>
  <system-err><![CDATA[]]></system-err>
</testsuite>
