<?xml version="1.0" encoding="UTF-8"?>
<testsuite name="com.dotmarketing.servlets.ajax.AjaxDirectorServletIntegrationTest" tests="2" skipped="0" failures="0" errors="0" timestamp="2023-07-06T00:05:04" hostname="fv-az1231-758" time="1.276">
  <properties/>
  <testcase name="testService[0: com.dotmarketing.servlets.ajax.AjaxDirectorServletTestCase@4aa23485]" classname="com.dotmarketing.servlets.ajax.AjaxDirectorServletIntegrationTest" time="0.881"/>
  <testcase name="testService[1: com.dotmarketing.servlets.ajax.AjaxDirectorServletTestCase@324c85f5]" classname="com.dotmarketing.servlets.ajax.AjaxDirectorServletIntegrationTest" time="0.395"/>
  <system-out><![CDATA[]]></system-out>
  <system-err><![CDATA[]]></system-err>
</testsuite>
