<?xml version="1.0" encoding="UTF-8"?>
<testsuite name="com.dotcms.rest.api.v1.vtl.VTLResourceIntegrationTest" tests="6" skipped="0" failures="0" errors="0" timestamp="2023-06-30T01:17:19" hostname="fv-az343-533" time="14.316">
  <properties/>
  <testcase name="testGet[0: com.dotcms.rest.api.v1.vtl.VTLResourceTestCase@790f2e69]" classname="com.dotcms.rest.api.v1.vtl.VTLResourceIntegrationTest" time="2.327"/>
  <testcase name="testGet[1: com.dotcms.rest.api.v1.vtl.VTLResourceTestCase@50de4d0e]" classname="com.dotcms.rest.api.v1.vtl.VTLResourceIntegrationTest" time="2.754"/>
  <testcase name="testGet[2: com.dotcms.rest.api.v1.vtl.VTLResourceTestCase@352d7cea]" classname="com.dotcms.rest.api.v1.vtl.VTLResourceIntegrationTest" time="2.103"/>
  <testcase name="testGet[3: com.dotcms.rest.api.v1.vtl.VTLResourceTestCase@6a669d5e]" classname="com.dotcms.rest.api.v1.vtl.VTLResourceIntegrationTest" time="2.097"/>
  <testcase name="testGet[4: com.dotcms.rest.api.v1.vtl.VTLResourceTestCase@6a9a8a1d]" classname="com.dotcms.rest.api.v1.vtl.VTLResourceIntegrationTest" time="2.768"/>
  <testcase name="testGet[5: com.dotcms.rest.api.v1.vtl.VTLResourceTestCase@480e1c7d]" classname="com.dotcms.rest.api.v1.vtl.VTLResourceIntegrationTest" time="2.267"/>
  <system-out><![CDATA[]]></system-out>
  <system-err><![CDATA[]]></system-err>
</testsuite>
