<?xml version="1.0" encoding="UTF-8"?>
<testsuite name="com.dotcms.rest.api.v1.vtl.VTLResourceIntegrationTest" tests="6" skipped="0" failures="0" errors="0" timestamp="2023-07-12T19:49:06" hostname="fv-az621-917" time="12.142">
  <properties/>
  <testcase name="testGet[0: com.dotcms.rest.api.v1.vtl.VTLResourceTestCase@3b2362]" classname="com.dotcms.rest.api.v1.vtl.VTLResourceIntegrationTest" time="2.24"/>
  <testcase name="testGet[1: com.dotcms.rest.api.v1.vtl.VTLResourceTestCase@1d00a7ea]" classname="com.dotcms.rest.api.v1.vtl.VTLResourceIntegrationTest" time="1.868"/>
  <testcase name="testGet[2: com.dotcms.rest.api.v1.vtl.VTLResourceTestCase@1fb7577c]" classname="com.dotcms.rest.api.v1.vtl.VTLResourceIntegrationTest" time="2.071"/>
  <testcase name="testGet[3: com.dotcms.rest.api.v1.vtl.VTLResourceTestCase@66192917]" classname="com.dotcms.rest.api.v1.vtl.VTLResourceIntegrationTest" time="2.001"/>
  <testcase name="testGet[4: com.dotcms.rest.api.v1.vtl.VTLResourceTestCase@3f602685]" classname="com.dotcms.rest.api.v1.vtl.VTLResourceIntegrationTest" time="1.876"/>
  <testcase name="testGet[5: com.dotcms.rest.api.v1.vtl.VTLResourceTestCase@2747f974]" classname="com.dotcms.rest.api.v1.vtl.VTLResourceIntegrationTest" time="2.085"/>
  <system-out><![CDATA[]]></system-out>
  <system-err><![CDATA[]]></system-err>
</testsuite>
