<?xml version="1.0" encoding="UTF-8"?>
<testsuite name="com.dotcms.visitor.filter.characteristics.VisitorCharacterTest" tests="7" skipped="0" failures="0" errors="0" timestamp="2023-07-11T23:15:58" hostname="fv-az461-329" time="0.057">
  <properties/>
  <testcase name="testConstructor[0: com.dotcms.visitor.filter.characteristics.VisitorCharacterTest$TestCase@7021c130]" classname="com.dotcms.visitor.filter.characteristics.VisitorCharacterTest" time="0.026"/>
  <testcase name="testConstructor[1: com.dotcms.visitor.filter.characteristics.VisitorCharacterTest$TestCase@66eb7802]" classname="com.dotcms.visitor.filter.characteristics.VisitorCharacterTest" time="0.005"/>
  <testcase name="testConstructor[2: com.dotcms.visitor.filter.characteristics.VisitorCharacterTest$TestCase@59129fda]" classname="com.dotcms.visitor.filter.characteristics.VisitorCharacterTest" time="0.004"/>
  <testcase name="testConstructor[3: com.dotcms.visitor.filter.characteristics.VisitorCharacterTest$TestCase@105984c6]" classname="com.dotcms.visitor.filter.characteristics.VisitorCharacterTest" time="0.008"/>
  <testcase name="testConstructor[4: com.dotcms.visitor.filter.characteristics.VisitorCharacterTest$TestCase@6e8fffbc]" classname="com.dotcms.visitor.filter.characteristics.VisitorCharacterTest" time="0.004"/>
  <testcase name="testConstructor[5: com.dotcms.visitor.filter.characteristics.VisitorCharacterTest$TestCase@5399b107]" classname="com.dotcms.visitor.filter.characteristics.VisitorCharacterTest" time="0.004"/>
  <testcase name="testConstructor[6: com.dotcms.visitor.filter.characteristics.VisitorCharacterTest$TestCase@1e3818e1]" classname="com.dotcms.visitor.filter.characteristics.VisitorCharacterTest" time="0.006"/>
  <system-out><![CDATA[]]></system-out>
  <system-err><![CDATA[]]></system-err>
</testsuite>
