<?xml version="1.0" encoding="UTF-8"?>
<testsuite name="com.dotcms.security.multipart.ContentDispositionFileNameParserTest" tests="1" skipped="0" failures="0" errors="0" timestamp="2023-07-17T19:43:24" hostname="fv-az563-445" time="0.011">
  <properties/>
  <testcase name="Test_Parse_happy_path" classname="com.dotcms.security.multipart.ContentDispositionFileNameParserTest" time="0.011"/>
  <system-out><![CDATA[]]></system-out>
  <system-err><![CDATA[]]></system-err>
</testsuite>
