<?xml version="1.0" encoding="UTF-8"?>
<testsuite name="com.dotmarketing.servlets.ajax.AjaxDirectorServletIntegrationTest" tests="2" skipped="0" failures="0" errors="0" timestamp="2023-06-27T23:58:46" hostname="fv-az168-423" time="1.148">
  <properties/>
  <testcase name="testService[0: com.dotmarketing.servlets.ajax.AjaxDirectorServletTestCase@2040b7fc]" classname="com.dotmarketing.servlets.ajax.AjaxDirectorServletIntegrationTest" time="0.622"/>
  <testcase name="testService[1: com.dotmarketing.servlets.ajax.AjaxDirectorServletTestCase@68c64283]" classname="com.dotmarketing.servlets.ajax.AjaxDirectorServletIntegrationTest" time="0.526"/>
  <system-out><![CDATA[]]></system-out>
  <system-err><![CDATA[]]></system-err>
</testsuite>
