<?xml version="1.0" encoding="UTF-8"?>
<testsuite name="com.dotcms.rest.TagResourceIntegrationTest" tests="4" skipped="0" failures="0" errors="0" timestamp="2023-06-29T17:04:20" hostname="fv-az615-773" time="0.338">
  <properties/>
  <testcase name="testList[0: com.dotcms.rest.TagResourceTestCase@6d3e2863]" classname="com.dotcms.rest.TagResourceIntegrationTest" time="0.268"/>
  <testcase name="testList[1: com.dotcms.rest.TagResourceTestCase@a15a665]" classname="com.dotcms.rest.TagResourceIntegrationTest" time="0.025"/>
  <testcase name="testList[2: com.dotcms.rest.TagResourceTestCase@2ba77466]" classname="com.dotcms.rest.TagResourceIntegrationTest" time="0.02"/>
  <testcase name="testList[3: com.dotcms.rest.TagResourceTestCase@4b020ff4]" classname="com.dotcms.rest.TagResourceIntegrationTest" time="0.023"/>
  <system-out><![CDATA[]]></system-out>
  <system-err><![CDATA[Jun 29, 2023 5:04:20 PM com.dotcms.repackage.org.hibernate.validator.internal.util.Version <clinit>
INFO: HV000001: Hibernate Validator 4.3.2.Final
]]></system-err>
</testsuite>
