<?xml version="1.0" encoding="UTF-8"?>
<testsuite name="com.dotmarketing.business.DeterministicIdentifierAPITest" tests="16" skipped="0" failures="0" errors="0" timestamp="2023-07-08T01:30:08" hostname="fv-az166-981" time="1.431">
  <properties/>
  <testcase name="Test_Category_Path_Seed_And_Id" classname="com.dotmarketing.business.DeterministicIdentifierAPITest" time="0.03"/>
  <testcase name="Test_Language_Deterministic_Id[0: LanguageTestCase{expectedSeed='Language:es:US', expectedHash=4913155, langCode='es', countryCode='US', country='United States'}]" classname="com.dotmarketing.business.DeterministicIdentifierAPITest" time="0.001"/>
  <testcase name="Test_Language_Deterministic_Id[1: LanguageTestCase{expectedSeed='Language:ep:', expectedHash=5292269, langCode='ep', countryCode='', country=''}]" classname="com.dotmarketing.business.DeterministicIdentifierAPITest" time="0.001"/>
  <testcase name="Test_Language_Deterministic_Id[2: LanguageTestCase{expectedSeed='Language:sg:SAG', expectedHash=4713118, langCode='sg', countryCode='SAG', country=''}]" classname="com.dotmarketing.business.DeterministicIdentifierAPITest" time="0.001"/>
  <testcase name="Test_Language_Deterministic_Id[3: LanguageTestCase{expectedSeed='Language:en:NZ', expectedHash=5382528, langCode='en', countryCode='NZ', country='New Zealand'}]" classname="com.dotmarketing.business.DeterministicIdentifierAPITest" time="0.001"/>
  <testcase name="Test_Category_None_Persisted_Category_Should_Return_Deterministic_Id" classname="com.dotmarketing.business.DeterministicIdentifierAPITest" time="0.001"/>
  <testcase name="Test_Asset_Generate_Deterministic_Id_Best_Effort[0: TestCase{versionable=my.host1688779389716.com, parent=System Host, expectedName='my.host1688779389716.com', expectedType='Host'}]" classname="com.dotmarketing.business.DeterministicIdentifierAPITest" time="0.004"/>
  <testcase name="Test_Asset_Generate_Deterministic_Id_Best_Effort[1: TestCase{versionable=com.dotmarketing.portlets.contentlet.model.Contentlet@1016f828[map={modDate=2023-07-08 01:23:10.285, fileName=file9475954332604503663.txt, title=file9475954332604503663.txt, inode=d65d6a03-15e5-4cde-aed6-5b032e97d806, __IS_NEW_CONTENT__=true, disabledWYSIWYG=[], host=e4b3de40-c1ac-427e-9cd4-fed120e5acfc, stInode=33888b6f-7a8e-4069-b1b6-5c1aa9d0a48d, owner=system, identifier=dca61fb2-6a38-4bbd-a773-4ba0e6e15d25, nullProperties=[wfExpireDate, wfPublishDate, wfActionAssign, wfActionId, wfActionComments, filterKey, whereToSend, wfNeverExpire, _path_to_move, timezoneId, iWantTo, wfPublishTime, wfExpireTime], languageId=1, fileAsset=/home/runner/work/core/custom/assets/d/6/d65d6a03-15e5-4cde-aed6-5b032e97d806/fileAsset/file9475954332604503663.txt, folder=4a714f11-3d74-4c6d-9cdf-0ac6df7e081f, __disable_workflow__=true, sortOrder=0, modUser=system},lowIndexPriority=false,variantId=DEFAULT], parent=com.dotmarketing.portlets.folders.model.Folder@21bdb118[identifier=4a714f11-3d74-4c6d-9cdf-0ac6df7e081f,name=testName1688779390277,sortOrder=0,showOnMenu=false,hostId=e4b3de40-c1ac-427e-9cd4-fed120e5acfc,type=folder,title=testTitle1688779390277,filesMasks=,defaultFileType=33888b6f-7a8e-4069-b1b6-5c1aa9d0a48d,modDate=2023-07-08 01:23:10.28,owner=&lt;null&gt;,iDate=2023-07-08 01:23:10.28,inode=4a714f11-3d74-4c6d-9cdf-0ac6df7e081f,path=/testName1688779390277/], expectedName='file9475954332604503663.txt', expectedType='FileAsset'}]" classname="com.dotmarketing.business.DeterministicIdentifierAPITest" time="0.003"/>
  <testcase name="Test_Asset_Generate_Deterministic_Id_Best_Effort[2: TestCase{versionable=com.dotmarketing.portlets.templates.model.Template@bd40c41, parent=my.host1688779389716.com, expectedName='testTitle1688779390389', expectedType='Template'}]" classname="com.dotmarketing.business.DeterministicIdentifierAPITest" time="0.003"/>
  <testcase name="Test_Asset_Generate_Deterministic_Id_Best_Effort[3: TestCase{versionable=com.dotmarketing.portlets.htmlpageasset.model.HTMLPageAsset@7b135d9c[map={template=6648d7ce-e2dd-4008-8647-21c9079b698e, owner=system, identifier=c6d2fd45-2827-4634-b25f-f9a9ab3af532, nullProperties=[wfExpireDate, wfPublishDate, wfActionAssign, wfActionId, wfActionComments, filterKey, whereToSend, wfNeverExpire, _path_to_move, timezoneId, iWantTo, wfPublishTime, wfExpireTime], modDate=2023-07-08 01:23:10.408, cachettl=0, _is_test_mode=true, languageId=1, title=test-page-title-1688779390402, httpsreq=, url=test-page-url-1688779390402, showOnMenu=, inode=168e3bb7-da60-423b-b9e7-ae3c2039376d, folder=4a714f11-3d74-4c6d-9cdf-0ac6df7e081f, disabledWYSIWYG=[], sortOrder=1, modUser=system, host=e4b3de40-c1ac-427e-9cd4-fed120e5acfc, stInode=c541abb1-69b3-4bc5-8430-5e09e5239cc8, friendlyName=test-page-friendly-name-1688779390402},lowIndexPriority=false,variantId=DEFAULT], parent=com.dotmarketing.portlets.folders.model.Folder@21bdb118[identifier=4a714f11-3d74-4c6d-9cdf-0ac6df7e081f,name=testName1688779390277,sortOrder=0,showOnMenu=false,hostId=e4b3de40-c1ac-427e-9cd4-fed120e5acfc,type=folder,title=testTitle1688779390277,filesMasks=,defaultFileType=33888b6f-7a8e-4069-b1b6-5c1aa9d0a48d,modDate=2023-07-08 01:23:10.28,owner=&lt;null&gt;,iDate=2023-07-08 01:23:10.28,inode=4a714f11-3d74-4c6d-9cdf-0ac6df7e081f,path=/testName1688779390277/], expectedName='test-page-url-1688779390402', expectedType='htmlpageasset'}]" classname="com.dotmarketing.business.DeterministicIdentifierAPITest" time="0.002"/>
  <testcase name="Test_Asset_Generate_Deterministic_Id_Best_Effort[4: TestCase{versionable=com.dotmarketing.portlets.contentlet.model.Contentlet@22cb242[map={fileAsset2=/home/runner/work/core/custom/assets/2/1/216467c9-c891-4f65-8a8f-0cbb4cd3018e/fileAsset2/test_binary1688779392317.png, modDate=2023-07-08 01:23:12.323, fileAsset1=/home/runner/work/core/custom/assets/2/1/216467c9-c891-4f65-8a8f-0cbb4cd3018e/fileAsset1/test_binary1688779392317.jpg, title=blah, inode=216467c9-c891-4f65-8a8f-0cbb4cd3018e, __IS_NEW_CONTENT__=true, disabledWYSIWYG=[], host=48190c8c-42c4-46af-8d1a-0cd5db894797, stInode=7614e1b1-187c-4d32-9b95-b202e0e6e3dd, owner=system, identifier=be96c30a-f44d-4da8-8652-d4ce1dfcd83e, nullProperties=[], languageId=1, image1=196d3234-4087-46bd-a08e-07b7f0bb7c6a, folder=SYSTEM_FOLDER, __disable_workflow__=true, sortOrder=0, modUser=system},lowIndexPriority=false,variantId=DEFAULT], parent=demo.dotcms.com, expectedName='test_binary1688779392317.jpg:test_binary1688779392317.png', expectedType='MultipleBinaries1688779390647'}]" classname="com.dotmarketing.business.DeterministicIdentifierAPITest" time="0.004"/>
  <testcase name="Test_Asset_Generate_Deterministic_Id_Best_Effort[5: TestCase{versionable=name25d3540315 : keyTag25d3540315, parent=my.host1688779389716.com, expectedName='keyTag25d3540315', expectedType='persona'}]" classname="com.dotmarketing.business.DeterministicIdentifierAPITest" time="0.002"/>
  <testcase name="Test_Similar_Content_Type_Wont_Clash" classname="com.dotmarketing.business.DeterministicIdentifierAPITest" time="0.502"/>
  <testcase name="Test_Generate_Folder_Identifier" classname="com.dotmarketing.business.DeterministicIdentifierAPITest" time="0.865"/>
  <testcase name="Test_Generate_Content_Type_Identifier[0: ContentTypeTestCase{contentType=KeyValueContentType{name=Language Variable, id=f4d7c1b8-2c88-4071-abf1-a5328977b07d, description=Default Content Type for Language Variables, defaultType=false, fixed=true, iDate=Thu Aug 31 16:38:49 UTC 2017, system=true, versionable=true, variable=Languagevariable, modDate=Sat Jul 08 00:13:11 UTC 2023, host=SYSTEM_HOST, siteName=systemHost, icon=language, sortOrder=0, folder=SYSTEM_FOLDER, folderPath=/, markedForDeletion=true, multilingualable=false}, expectedName='Languagevariable', expectedType='KeyValue'}]" classname="com.dotmarketing.business.DeterministicIdentifierAPITest" time="0.005"/>
  <testcase name="Test_Generate_Content_Type_Identifier[1: ContentTypeTestCase{contentType=SimpleContentType{name=testName1688779393047, id=2871fe6c-ae8a-4b17-95e4-0b67a08f05c1, description=testDescription1688779393047, defaultType=false, fixed=false, iDate=Sat Jul 08 01:23:13 UTC 2023, system=false, versionable=true, multilingualable=false, variable=testVarname1688779393047, owner=system, modDate=Sat Jul 08 01:23:14 UTC 2023, host=48190c8c-42c4-46af-8d1a-0cd5db894797, siteName=demo.dotcms.com, icon=event_note, sortOrder=0, folder=SYSTEM_FOLDER, folderPath=/, requiredFields=[], markedForDeletion=false}, expectedName='testVarname1688779393047', expectedType='CONTENT'}]" classname="com.dotmarketing.business.DeterministicIdentifierAPITest" time="0.005"/>
  <system-out><![CDATA[]]></system-out>
  <system-err><![CDATA[]]></system-err>
</testsuite>
