<?xml version="1.0" encoding="UTF-8"?>
<testsuite name="com.dotcms.rest.api.v1.vtl.VTLResourceIntegrationTest" tests="6" skipped="0" failures="0" errors="0" timestamp="2023-06-27T17:31:22" hostname="fv-az162-375" time="12.249">
  <properties/>
  <testcase name="testGet[0: com.dotcms.rest.api.v1.vtl.VTLResourceTestCase@548ab4f5]" classname="com.dotcms.rest.api.v1.vtl.VTLResourceIntegrationTest" time="2.167"/>
  <testcase name="testGet[1: com.dotcms.rest.api.v1.vtl.VTLResourceTestCase@2fff3ed0]" classname="com.dotcms.rest.api.v1.vtl.VTLResourceIntegrationTest" time="1.947"/>
  <testcase name="testGet[2: com.dotcms.rest.api.v1.vtl.VTLResourceTestCase@2fe8d20a]" classname="com.dotcms.rest.api.v1.vtl.VTLResourceIntegrationTest" time="2.051"/>
  <testcase name="testGet[3: com.dotcms.rest.api.v1.vtl.VTLResourceTestCase@7a0fff10]" classname="com.dotcms.rest.api.v1.vtl.VTLResourceIntegrationTest" time="1.944"/>
  <testcase name="testGet[4: com.dotcms.rest.api.v1.vtl.VTLResourceTestCase@7b23c1b8]" classname="com.dotcms.rest.api.v1.vtl.VTLResourceIntegrationTest" time="2.126"/>
  <testcase name="testGet[5: com.dotcms.rest.api.v1.vtl.VTLResourceTestCase@2dfc79b2]" classname="com.dotcms.rest.api.v1.vtl.VTLResourceIntegrationTest" time="2.014"/>
  <system-out><![CDATA[]]></system-out>
  <system-err><![CDATA[]]></system-err>
</testsuite>
