<?xml version="1.0" encoding="UTF-8"?>
<testsuite name="com.dotmarketing.portlets.structure.model.ContentletRelationshipsTest" tests="7" skipped="0" failures="0" errors="0" timestamp="2023-06-29T18:05:16" hostname="fv-az571-416" time="9.623">
  <properties/>
  <testcase name="testDoesAllowOnlyOne[0: com.dotmarketing.portlets.structure.model.ContentletRelationshipsTest$CardinalityTestCase@6952ed2b]" classname="com.dotmarketing.portlets.structure.model.ContentletRelationshipsTest" time="0.551"/>
  <testcase name="testDoesAllowOnlyOne[1: com.dotmarketing.portlets.structure.model.ContentletRelationshipsTest$CardinalityTestCase@322931a0]" classname="com.dotmarketing.portlets.structure.model.ContentletRelationshipsTest" time="0.605"/>
  <testcase name="testDoesAllowOnlyOne[2: com.dotmarketing.portlets.structure.model.ContentletRelationshipsTest$CardinalityTestCase@4bd83da8]" classname="com.dotmarketing.portlets.structure.model.ContentletRelationshipsTest" time="0.489"/>
  <testcase name="testGetRelationshipRecords[0: com.dotmarketing.portlets.structure.model.ContentletRelationshipsTest$TestCase@47dbe472]" classname="com.dotmarketing.portlets.structure.model.ContentletRelationshipsTest" time="2.144"/>
  <testcase name="testGetRelationshipRecords[1: com.dotmarketing.portlets.structure.model.ContentletRelationshipsTest$TestCase@391e7217]" classname="com.dotmarketing.portlets.structure.model.ContentletRelationshipsTest" time="2.007"/>
  <testcase name="testGetRelationshipRecords[2: com.dotmarketing.portlets.structure.model.ContentletRelationshipsTest$TestCase@4241e0a5]" classname="com.dotmarketing.portlets.structure.model.ContentletRelationshipsTest" time="1.936"/>
  <testcase name="testGetRelationshipRecords[3: com.dotmarketing.portlets.structure.model.ContentletRelationshipsTest$TestCase@48feb038]" classname="com.dotmarketing.portlets.structure.model.ContentletRelationshipsTest" time="1.889"/>
  <system-out><![CDATA[]]></system-out>
  <system-err><![CDATA[]]></system-err>
</testsuite>
