<?xml version="1.0" encoding="UTF-8"?>
<testsuite name="com.dotmarketing.portlets.rules.conditionlet.UsersSiteVisitsConditionletTest" tests="5" skipped="0" failures="0" errors="0" timestamp="2023-07-08T00:56:21" hostname="fv-az166-981" time="0.035">
  <properties/>
  <testcase name="testEvaluateLessOrEqualThan" classname="com.dotmarketing.portlets.rules.conditionlet.UsersSiteVisitsConditionletTest" time="0.029"/>
  <testcase name="testEvaluateEquals" classname="com.dotmarketing.portlets.rules.conditionlet.UsersSiteVisitsConditionletTest" time="0.001"/>
  <testcase name="testEvaluateLessThan" classname="com.dotmarketing.portlets.rules.conditionlet.UsersSiteVisitsConditionletTest" time="0.001"/>
  <testcase name="testEvaluateGreaterOrEqualThan" classname="com.dotmarketing.portlets.rules.conditionlet.UsersSiteVisitsConditionletTest" time="0.001"/>
  <testcase name="testEvaluateGreaterThan" classname="com.dotmarketing.portlets.rules.conditionlet.UsersSiteVisitsConditionletTest" time="0.003"/>
  <system-out><![CDATA[]]></system-out>
  <system-err><![CDATA[]]></system-err>
</testsuite>
