<?xml version="1.0" encoding="UTF-8"?>
<testsuite name="com.dotmarketing.business.DeterministicIdentifierAPITest" tests="16" skipped="0" failures="0" errors="0" timestamp="2023-06-30T22:36:16" hostname="fv-az629-494" time="1.615">
  <properties/>
  <testcase name="Test_Category_Path_Seed_And_Id" classname="com.dotmarketing.business.DeterministicIdentifierAPITest" time="0.027"/>
  <testcase name="Test_Language_Deterministic_Id[0: LanguageTestCase{expectedSeed='Language:es:US', expectedHash=4913155, langCode='es', countryCode='US', country='United States'}]" classname="com.dotmarketing.business.DeterministicIdentifierAPITest" time="0.001"/>
  <testcase name="Test_Language_Deterministic_Id[1: LanguageTestCase{expectedSeed='Language:ep:', expectedHash=5292269, langCode='ep', countryCode='', country=''}]" classname="com.dotmarketing.business.DeterministicIdentifierAPITest" time="0.001"/>
  <testcase name="Test_Language_Deterministic_Id[2: LanguageTestCase{expectedSeed='Language:sg:SAG', expectedHash=4713118, langCode='sg', countryCode='SAG', country=''}]" classname="com.dotmarketing.business.DeterministicIdentifierAPITest" time="0.001"/>
  <testcase name="Test_Language_Deterministic_Id[3: LanguageTestCase{expectedSeed='Language:en:NZ', expectedHash=5382528, langCode='en', countryCode='NZ', country='New Zealand'}]" classname="com.dotmarketing.business.DeterministicIdentifierAPITest" time="0.001"/>
  <testcase name="Test_Category_None_Persisted_Category_Should_Return_Deterministic_Id" classname="com.dotmarketing.business.DeterministicIdentifierAPITest" time="0.002"/>
  <testcase name="Test_Asset_Generate_Deterministic_Id_Best_Effort[0: TestCase{versionable=my.host1688164193683.com, parent=System Host, expectedName='my.host1688164193683.com', expectedType='Host'}]" classname="com.dotmarketing.business.DeterministicIdentifierAPITest" time="0.005"/>
  <testcase name="Test_Asset_Generate_Deterministic_Id_Best_Effort[1: TestCase{versionable=com.dotmarketing.portlets.contentlet.model.Contentlet@697c2982[map={modDate=2023-06-30 22:29:54.445, fileName=file7476532738961060273.txt, title=file7476532738961060273.txt, inode=858da480-0f88-4b53-b9b4-44b7cfc03ec8, __IS_NEW_CONTENT__=true, disabledWYSIWYG=[], host=033cc3be-bfb3-462a-bc54-2becd51c9c4b, stInode=33888b6f-7a8e-4069-b1b6-5c1aa9d0a48d, owner=system, identifier=a80ee0fe-d3f9-4f59-a8c2-649e035217f2, nullProperties=[wfExpireDate, wfPublishDate, wfActionAssign, wfActionId, wfActionComments, filterKey, whereToSend, wfNeverExpire, _path_to_move, timezoneId, iWantTo, wfPublishTime, wfExpireTime], languageId=1, fileAsset=/home/runner/work/core/custom/assets/8/5/858da480-0f88-4b53-b9b4-44b7cfc03ec8/fileAsset/file7476532738961060273.txt, folder=cd2fd922-a974-44f3-9c69-81c7418e5ac3, __disable_workflow__=true, sortOrder=0, modUser=system},lowIndexPriority=false,variantId=DEFAULT], parent=com.dotmarketing.portlets.folders.model.Folder@6b014cc4[identifier=cd2fd922-a974-44f3-9c69-81c7418e5ac3,name=testName1688164194436,sortOrder=0,showOnMenu=false,hostId=033cc3be-bfb3-462a-bc54-2becd51c9c4b,type=folder,title=testTitle1688164194436,filesMasks=,defaultFileType=33888b6f-7a8e-4069-b1b6-5c1aa9d0a48d,modDate=2023-06-30 22:29:54.439,owner=&lt;null&gt;,iDate=2023-06-30 22:29:54.439,inode=cd2fd922-a974-44f3-9c69-81c7418e5ac3,path=/testName1688164194436/], expectedName='file7476532738961060273.txt', expectedType='FileAsset'}]" classname="com.dotmarketing.business.DeterministicIdentifierAPITest" time="0.004"/>
  <testcase name="Test_Asset_Generate_Deterministic_Id_Best_Effort[2: TestCase{versionable=com.dotmarketing.portlets.templates.model.Template@4ed9aab4, parent=my.host1688164193683.com, expectedName='testTitle1688164194543', expectedType='Template'}]" classname="com.dotmarketing.business.DeterministicIdentifierAPITest" time="0.002"/>
  <testcase name="Test_Asset_Generate_Deterministic_Id_Best_Effort[3: TestCase{versionable=com.dotmarketing.portlets.htmlpageasset.model.HTMLPageAsset@6e675c93[map={template=f87eb5bd-01bb-48cb-bad2-bd95bff55f38, owner=system, identifier=2ccdc2e7-ac59-443d-9bbb-b981028983ac, nullProperties=[wfExpireDate, wfPublishDate, wfActionAssign, wfActionId, wfActionComments, filterKey, whereToSend, wfNeverExpire, _path_to_move, timezoneId, iWantTo, wfPublishTime, wfExpireTime], modDate=2023-06-30 22:29:54.562, cachettl=0, _is_test_mode=true, languageId=1, title=test-page-title-1688164194557, httpsreq=, url=test-page-url-1688164194557, showOnMenu=, inode=717ba7a0-1225-4f22-b369-c2e8ed26ccdc, folder=cd2fd922-a974-44f3-9c69-81c7418e5ac3, disabledWYSIWYG=[], sortOrder=1, modUser=system, host=033cc3be-bfb3-462a-bc54-2becd51c9c4b, stInode=c541abb1-69b3-4bc5-8430-5e09e5239cc8, friendlyName=test-page-friendly-name-1688164194557},lowIndexPriority=false,variantId=DEFAULT], parent=com.dotmarketing.portlets.folders.model.Folder@6b014cc4[identifier=cd2fd922-a974-44f3-9c69-81c7418e5ac3,name=testName1688164194436,sortOrder=0,showOnMenu=false,hostId=033cc3be-bfb3-462a-bc54-2becd51c9c4b,type=folder,title=testTitle1688164194436,filesMasks=,defaultFileType=33888b6f-7a8e-4069-b1b6-5c1aa9d0a48d,modDate=2023-06-30 22:29:54.439,owner=&lt;null&gt;,iDate=2023-06-30 22:29:54.439,inode=cd2fd922-a974-44f3-9c69-81c7418e5ac3,path=/testName1688164194436/], expectedName='test-page-url-1688164194557', expectedType='htmlpageasset'}]" classname="com.dotmarketing.business.DeterministicIdentifierAPITest" time="0.003"/>
  <testcase name="Test_Asset_Generate_Deterministic_Id_Best_Effort[4: TestCase{versionable=com.dotmarketing.portlets.contentlet.model.Contentlet@563e38c3[map={fileAsset2=/home/runner/work/core/custom/assets/d/1/d1bc8790-09b3-448f-bd35-ccbdb6fe24ae/fileAsset2/test_binary1688164196414.png, modDate=2023-06-30 22:29:56.419, fileAsset1=/home/runner/work/core/custom/assets/d/1/d1bc8790-09b3-448f-bd35-ccbdb6fe24ae/fileAsset1/test_binary1688164196414.jpg, title=blah, inode=d1bc8790-09b3-448f-bd35-ccbdb6fe24ae, __IS_NEW_CONTENT__=true, disabledWYSIWYG=[], host=48190c8c-42c4-46af-8d1a-0cd5db894797, stInode=bc7f8653-fb72-4f97-b5db-2a5de269c4b6, owner=system, identifier=c5f6f074-6b8a-4dac-a100-381043d85606, nullProperties=[], languageId=1, image1=db1ab70f-7d58-4e2a-b9c5-25e3b17cb8a3, folder=SYSTEM_FOLDER, __disable_workflow__=true, sortOrder=0, modUser=system},lowIndexPriority=false,variantId=DEFAULT], parent=demo.dotcms.com, expectedName='test_binary1688164196414.jpg:test_binary1688164196414.png', expectedType='MultipleBinaries1688164194797'}]" classname="com.dotmarketing.business.DeterministicIdentifierAPITest" time="0.003"/>
  <testcase name="Test_Asset_Generate_Deterministic_Id_Best_Effort[5: TestCase{versionable=name0fcad3b3da : keyTag0fcad3b3da, parent=my.host1688164193683.com, expectedName='keyTag0fcad3b3da', expectedType='persona'}]" classname="com.dotmarketing.business.DeterministicIdentifierAPITest" time="0.003"/>
  <testcase name="Test_Similar_Content_Type_Wont_Clash" classname="com.dotmarketing.business.DeterministicIdentifierAPITest" time="0.413"/>
  <testcase name="Test_Generate_Folder_Identifier" classname="com.dotmarketing.business.DeterministicIdentifierAPITest" time="1.134"/>
  <testcase name="Test_Generate_Content_Type_Identifier[0: ContentTypeTestCase{contentType=KeyValueContentType{name=Language Variable, id=f4d7c1b8-2c88-4071-abf1-a5328977b07d, description=Default Content Type for Language Variables, defaultType=false, fixed=true, iDate=Thu Aug 31 16:38:49 UTC 2017, system=true, versionable=true, variable=Languagevariable, modDate=Fri Jun 30 21:25:02 UTC 2023, host=SYSTEM_HOST, siteName=systemHost, icon=language, sortOrder=0, folder=SYSTEM_FOLDER, folderPath=/, markedForDeletion=true, multilingualable=false}, expectedName='Languagevariable', expectedType='KeyValue'}]" classname="com.dotmarketing.business.DeterministicIdentifierAPITest" time="0.008"/>
  <testcase name="Test_Generate_Content_Type_Identifier[1: ContentTypeTestCase{contentType=SimpleContentType{name=testName1688164196825, id=02d1e058-c7c6-4d09-b44d-e08f75aa5430, description=testDescription1688164196825, defaultType=false, fixed=false, iDate=Fri Jun 30 22:29:56 UTC 2023, system=false, versionable=true, multilingualable=false, variable=testVarname1688164196825, owner=system, modDate=Fri Jun 30 22:29:57 UTC 2023, host=48190c8c-42c4-46af-8d1a-0cd5db894797, siteName=demo.dotcms.com, icon=event_note, sortOrder=0, folder=SYSTEM_FOLDER, folderPath=/, requiredFields=[], markedForDeletion=false}, expectedName='testVarname1688164196825', expectedType='CONTENT'}]" classname="com.dotmarketing.business.DeterministicIdentifierAPITest" time="0.007"/>
  <system-out><![CDATA[]]></system-out>
  <system-err><![CDATA[]]></system-err>
</testsuite>
