<?xml version="1.0" encoding="UTF-8"?>
<testsuite name="com.dotcms.contenttype.test.JsonContentTypeTransformerTest" tests="4" skipped="0" failures="0" errors="0" timestamp="2023-06-26T20:22:49" hostname="fv-az1241-672" time="8.961">
  <properties/>
  <testcase name="testFieldSerialization" classname="com.dotcms.contenttype.test.JsonContentTypeTransformerTest" time="1.986"/>
  <testcase name="testContentTypeSerialization" classname="com.dotcms.contenttype.test.JsonContentTypeTransformerTest" time="2.985"/>
  <testcase name="testFieldArraySerialization" classname="com.dotcms.contenttype.test.JsonContentTypeTransformerTest" time="1.456"/>
  <testcase name="testContentTypeArraySerialization" classname="com.dotcms.contenttype.test.JsonContentTypeTransformerTest" time="2.534"/>
  <system-out><![CDATA[]]></system-out>
  <system-err><![CDATA[]]></system-err>
</testsuite>
