<?xml version="1.0" encoding="UTF-8"?>
<testsuite name="com.dotcms.enterprise.publishing.remote.bundler.ContainerBundlerTest" tests="4" skipped="0" failures="0" errors="0" timestamp="2023-06-24T01:13:37" hostname="fv-az309-60" time="0.033">
  <properties/>
  <testcase name="addContainerInBundle[0: com.dotcms.enterprise.publishing.remote.bundler.ContainerBundlerTest$TestCase@3ab2a3c7]" classname="com.dotcms.enterprise.publishing.remote.bundler.ContainerBundlerTest" time="0.012"/>
  <testcase name="addContainerInBundle[1: com.dotcms.enterprise.publishing.remote.bundler.ContainerBundlerTest$TestCase@3707c08c]" classname="com.dotcms.enterprise.publishing.remote.bundler.ContainerBundlerTest" time="0.007"/>
  <testcase name="addContainerInBundle[2: com.dotcms.enterprise.publishing.remote.bundler.ContainerBundlerTest$TestCase@414e8cf3]" classname="com.dotcms.enterprise.publishing.remote.bundler.ContainerBundlerTest" time="0.007"/>
  <testcase name="addContainerInBundle[3: com.dotcms.enterprise.publishing.remote.bundler.ContainerBundlerTest$TestCase@15c120b5]" classname="com.dotcms.enterprise.publishing.remote.bundler.ContainerBundlerTest" time="0.006"/>
  <system-out><![CDATA[]]></system-out>
  <system-err><![CDATA[]]></system-err>
</testsuite>
