<?xml version="1.0" encoding="UTF-8"?>
<testsuite name="com.dotmarketing.portlets.workflows.business.WorkflowAPITest" tests="49" skipped="0" failures="0" errors="0" timestamp="2023-06-26T16:42:03" hostname="fv-az370-611" time="44.334">
  <properties/>
  <testcase name="mapSystemActionToWorkflowActionForWorkflowScheme_Null_SystemAction_Test" classname="com.dotmarketing.portlets.workflows.business.WorkflowAPITest" time="0.001"/>
  <testcase name="mapSystemActionToWorkflowActionForWorkflowScheme_Null_Workflow_Scheme_Test" classname="com.dotmarketing.portlets.workflows.business.WorkflowAPITest" time="0.002"/>
  <testcase name="findAvailableActions" classname="com.dotmarketing.portlets.workflows.business.WorkflowAPITest" time="0.456"/>
  <testcase name="deleteWorkflowHistoryOldVersions" classname="com.dotmarketing.portlets.workflows.business.WorkflowAPITest" time="1.115"/>
  <testcase name="onLanguageDeletedEvent_Test" classname="com.dotmarketing.portlets.workflows.business.WorkflowAPITest" time="1.105"/>
  <testcase name="Create_Contentlet_Assign_Task_With_Null_Status_Then_Checkin_Then_Verify_Auto_Assign_is_Called_And_New_Task_Is_Set_Contentlet" classname="com.dotmarketing.portlets.workflows.business.WorkflowAPITest" time="1.173"/>
  <testcase name="saveSchemesForStruct" classname="com.dotmarketing.portlets.workflows.business.WorkflowAPITest" time="0.024"/>
  <testcase name="find_Task_By_Contentlet_Then_Find_Version_Info" classname="com.dotmarketing.portlets.workflows.business.WorkflowAPITest" time="1.317"/>
  <testcase name="fireWorkflowAction_checkPropertiesAreCopied_successfully" classname="com.dotmarketing.portlets.workflows.business.WorkflowAPITest" time="1.798"/>
  <testcase name="hasArchiveActionlet_False_Test" classname="com.dotmarketing.portlets.workflows.business.WorkflowAPITest" time="0.003"/>
  <testcase name="findTaskByContentlet" classname="com.dotmarketing.portlets.workflows.business.WorkflowAPITest" time="1.283"/>
  <testcase name="deleteScheme" classname="com.dotmarketing.portlets.workflows.business.WorkflowAPITest" time="5.067"/>
  <testcase name="validatingDocumentManagementWorkflow" classname="com.dotmarketing.portlets.workflows.business.WorkflowAPITest" time="2.481"/>
  <testcase name="mapSystemActionToWorkflowActionForContentType_Null_WFAction_Test" classname="com.dotmarketing.portlets.workflows.business.WorkflowAPITest" time="0.001"/>
  <testcase name="findStepsByContentlet" classname="com.dotmarketing.portlets.workflows.business.WorkflowAPITest" time="1.458"/>
  <testcase name="mapSystemActionToWorkflowActionForWorkflowScheme_InvalidScheme_Test" classname="com.dotmarketing.portlets.workflows.business.WorkflowAPITest" time="0.005"/>
  <testcase name="findFirstStepExistingTest" classname="com.dotmarketing.portlets.workflows.business.WorkflowAPITest" time="0.003"/>
  <testcase name="findStepsByContentlet_validateIfStepsResultsAreOnCache" classname="com.dotmarketing.portlets.workflows.business.WorkflowAPITest" time="1.832"/>
  <testcase name="findAction" classname="com.dotmarketing.portlets.workflows.business.WorkflowAPITest" time="1.19"/>
  <testcase name="findActions" classname="com.dotmarketing.portlets.workflows.business.WorkflowAPITest" time="0.013"/>
  <testcase name="hasArchiveActionlet_True_Test" classname="com.dotmarketing.portlets.workflows.business.WorkflowAPITest" time="0.003"/>
  <testcase name="saveWorkflowTask" classname="com.dotmarketing.portlets.workflows.business.WorkflowAPITest" time="1.073"/>
  <testcase name="findFirstStepNonExistingTest" classname="com.dotmarketing.portlets.workflows.business.WorkflowAPITest" time="0.001"/>
  <testcase name="copy_system_workflow_success" classname="com.dotmarketing.portlets.workflows.business.WorkflowAPITest" time="0.278"/>
  <testcase name="mapSystemActionToWorkflowActionForContentType_Null_SystemAction_Test" classname="com.dotmarketing.portlets.workflows.business.WorkflowAPITest" time="0.001"/>
  <testcase name="findFirstStepForActionExistingTest" classname="com.dotmarketing.portlets.workflows.business.WorkflowAPITest" time="0.003"/>
  <testcase name="delete_action_and_dependencies_Test" classname="com.dotmarketing.portlets.workflows.business.WorkflowAPITest" time="0.267"/>
  <testcase name="send_permission_with_limited_user_Test" classname="com.dotmarketing.portlets.workflows.business.WorkflowAPITest" time="1.877"/>
  <testcase name="mapSystemActionToWorkflowActionForContentType_Test" classname="com.dotmarketing.portlets.workflows.business.WorkflowAPITest" time="0.029"/>
  <testcase name="issue5197" classname="com.dotmarketing.portlets.workflows.business.WorkflowAPITest" time="1.67"/>
  <testcase name="hasPublishActionlet_False_Test" classname="com.dotmarketing.portlets.workflows.business.WorkflowAPITest" time="0.002"/>
  <testcase name="mapSystemActionToWorkflowActionForContentType_InvalidHost_ContentType_Test" classname="com.dotmarketing.portlets.workflows.business.WorkflowAPITest" time="0.002"/>
  <testcase name="findAvailableActions_working_version_get_empty_actions" classname="com.dotmarketing.portlets.workflows.business.WorkflowAPITest" time="1.72"/>
  <testcase name="hasSaveActionlet_True_Test" classname="com.dotmarketing.portlets.workflows.business.WorkflowAPITest" time="0.003"/>
  <testcase name="test_create_workflow_with_two_move_actionlets_test_findActions" classname="com.dotmarketing.portlets.workflows.business.WorkflowAPITest" time="0.061"/>
  <testcase name="mapSystemActionToWorkflowActionForWorkflowScheme_Test" classname="com.dotmarketing.portlets.workflows.business.WorkflowAPITest" time="2.413"/>
  <testcase name="validatingNoObligatorieContentTypeWorkflow" classname="com.dotmarketing.portlets.workflows.business.WorkflowAPITest" time="0.317"/>
  <testcase name="findSchemesForContenttype_validateIfSchemesResultsAreOnCache" classname="com.dotmarketing.portlets.workflows.business.WorkflowAPITest" time="1.075"/>
  <testcase name="saveScheme_keepExistingContentWorkflowTaskStatus_IfWorkflowSchemeRemainsAssociated" classname="com.dotmarketing.portlets.workflows.business.WorkflowAPITest" time="1.302"/>
  <testcase name="findFirstStepForActionNonExistingTest" classname="com.dotmarketing.portlets.workflows.business.WorkflowAPITest" time="0.002"/>
  <testcase name="mapSystemActionToWorkflowActionForContentType_Null_ContentType_Test" classname="com.dotmarketing.portlets.workflows.business.WorkflowAPITest" time="0.002"/>
  <testcase name="hasPublishActionlet_True_Test" classname="com.dotmarketing.portlets.workflows.business.WorkflowAPITest" time="0.002"/>
  <testcase name="mapSystemActionToWorkflowActionForWorkflowScheme_Null_WFAction_Test" classname="com.dotmarketing.portlets.workflows.business.WorkflowAPITest" time="0.0"/>
  <testcase name="findActionsRestrictedByPermission" classname="com.dotmarketing.portlets.workflows.business.WorkflowAPITest" time="0.103"/>
  <testcase name="findActionRespectingPermissions" classname="com.dotmarketing.portlets.workflows.business.WorkflowAPITest" time="1.165"/>
  <testcase name="findActionMappedBySystemActionContentlet_Test" classname="com.dotmarketing.portlets.workflows.business.WorkflowAPITest" time="1.647"/>
  <testcase name="hasSaveActionlet_False_Test" classname="com.dotmarketing.portlets.workflows.business.WorkflowAPITest" time="0.002"/>
  <testcase name="testPushIndexUpdate" classname="com.dotmarketing.portlets.workflows.business.WorkflowAPITest" time="8.536"/>
  <testcase name="archive_success_whenWorkflowIsArchived" classname="com.dotmarketing.portlets.workflows.business.WorkflowAPITest" time="0.445"/>
  <system-out><![CDATA[



]]></system-out>
  <system-err><![CDATA[]]></system-err>
</testsuite>
