<?xml version="1.0" encoding="UTF-8"?>
<testsuite name="com.dotcms.rest.TagResourceIntegrationTest" tests="4" skipped="0" failures="0" errors="0" timestamp="2023-07-07T21:42:12" hostname="fv-az563-341" time="0.332">
  <properties/>
  <testcase name="testList[0: com.dotcms.rest.TagResourceTestCase@1fa49c99]" classname="com.dotcms.rest.TagResourceIntegrationTest" time="0.265"/>
  <testcase name="testList[1: com.dotcms.rest.TagResourceTestCase@6143c912]" classname="com.dotcms.rest.TagResourceIntegrationTest" time="0.023"/>
  <testcase name="testList[2: com.dotcms.rest.TagResourceTestCase@4855a069]" classname="com.dotcms.rest.TagResourceIntegrationTest" time="0.02"/>
  <testcase name="testList[3: com.dotcms.rest.TagResourceTestCase@6390318e]" classname="com.dotcms.rest.TagResourceIntegrationTest" time="0.024"/>
  <system-out><![CDATA[]]></system-out>
  <system-err><![CDATA[Jul 07, 2023 9:42:12 PM com.dotcms.repackage.org.hibernate.validator.internal.util.Version <clinit>
INFO: HV000001: Hibernate Validator 4.3.2.Final
]]></system-err>
</testsuite>
