<?xml version="1.0" encoding="UTF-8"?>
<testsuite name="com.dotcms.content.elasticsearch.business.ESMappingAPITest" tests="19" skipped="0" failures="0" errors="0" timestamp="2023-07-20T20:46:59" hostname="fv-az574-670" time="28.794">
  <properties/>
  <testcase name="testLoadCategories_GivenContentWithCats_ShouldLoadESMapWithListOfCatsVarnames" classname="com.dotcms.content.elasticsearch.business.ESMappingAPITest" time="0.44"/>
  <testcase name="whenContentletHasInvalidHostId" classname="com.dotcms.content.elasticsearch.business.ESMappingAPITest" time="1.104"/>
  <testcase name="Test_toMap_Metadata_dotRaw" classname="com.dotcms.content.elasticsearch.business.ESMappingAPITest" time="3.497"/>
  <testcase name="test_toMap_binary_field_shouldSuccess" classname="com.dotcms.content.elasticsearch.business.ESMappingAPITest" time="0.348"/>
  <testcase name="whenContentletHasInvalidContentTypeId" classname="com.dotcms.content.elasticsearch.business.ESMappingAPITest" time="1.119"/>
  <testcase name="whenContentletHasNotContentletVersionInfo" classname="com.dotcms.content.elasticsearch.business.ESMappingAPITest" time="1.132"/>
  <testcase name="testLoadRelationshipFields_whenUsingOneSideFieldRelationships_shouldSuccess" classname="com.dotcms.content.elasticsearch.business.ESMappingAPITest" time="1.9"/>
  <testcase name="testLoadRelationshipFields_whenUsingSelfRelationships_shouldSuccess" classname="com.dotcms.content.elasticsearch.business.ESMappingAPITest" time="1.489"/>
  <testcase name="testLoadRelationshipFields_whenUsingTwoSidedFieldRelationships_shouldSuccess" classname="com.dotcms.content.elasticsearch.business.ESMappingAPITest" time="1.96"/>
  <testcase name="Test_Create_FileAsset_With_Metadata_KeyValue_Then_Query" classname="com.dotcms.content.elasticsearch.business.ESMappingAPITest" time="1.112"/>
  <testcase name="test_toMap_when_textFieldShouldNotBeIncluded" classname="com.dotcms.content.elasticsearch.business.ESMappingAPITest" time="2.193"/>
  <testcase name="test_toMap_hidden_date_fields_shouldSuccess" classname="com.dotcms.content.elasticsearch.business.ESMappingAPITest" time="1.187"/>
  <testcase name="testLoadRelationshipFields_whenUsingLegacyRelationships_shouldSuccess" classname="com.dotcms.content.elasticsearch.business.ESMappingAPITest" time="1.71"/>
  <testcase name="whenContentletHasInvalidFolderId" classname="com.dotcms.content.elasticsearch.business.ESMappingAPITest" time="1.095"/>
  <testcase name="whenContentletHasNotIdentifier" classname="com.dotcms.content.elasticsearch.business.ESMappingAPITest" time="2.119"/>
  <testcase name="test_toMap_fileasset_txt_shouldSuccess" classname="com.dotcms.content.elasticsearch.business.ESMappingAPITest" time="0.522"/>
  <testcase name="Test_Create_ContentType_With_KeyValue_Field_Test_Query_Expect_Success" classname="com.dotcms.content.elasticsearch.business.ESMappingAPITest" time="1.292"/>
  <testcase name="Test_Create_FileAsset_Query_by_MetaData_Expect_Success" classname="com.dotcms.content.elasticsearch.business.ESMappingAPITest" time="2.357"/>
  <testcase name="test_toMap_when_textFieldShouldBeIncluded" classname="com.dotcms.content.elasticsearch.business.ESMappingAPITest" time="2.214"/>
  <system-out><![CDATA[]]></system-out>
  <system-err><![CDATA[]]></system-err>
</testsuite>
