<?xml version="1.0" encoding="UTF-8"?>
<testsuite name="com.dotcms.rendering.velocity.viewtools.content.util.ContentUtilsTest" tests="89" skipped="0" failures="0" errors="0" timestamp="2023-06-30T16:05:44" hostname="fv-az447-885" time="401.574">
  <properties/>
  <testcase name="whenTheTimeMachineDateIsNullAndPublishDateInFutureShouldNotReturnAnything" classname="com.dotcms.rendering.velocity.viewtools.content.util.ContentUtilsTest" time="3.183"/>
  <testcase name="test_find_multilingual_contentlet_getContentletSuccessfully" classname="com.dotcms.rendering.velocity.viewtools.content.util.ContentUtilsTest" time="1.905"/>
  <testcase name="whenTheTimeMachineDateAndPublishDateAreTomorrowShouldReturnOneContent" classname="com.dotcms.rendering.velocity.viewtools.content.util.ContentUtilsTest" time="3.248"/>
  <testcase name="testPullRelated[0: com.dotcms.rendering.velocity.viewtools.content.util.ContentUtilsTest$TestCase@71cf634d]" classname="com.dotcms.rendering.velocity.viewtools.content.util.ContentUtilsTest" time="2.463"/>
  <testcase name="testPullRelated[1: com.dotcms.rendering.velocity.viewtools.content.util.ContentUtilsTest$TestCase@68b6dc6f]" classname="com.dotcms.rendering.velocity.viewtools.content.util.ContentUtilsTest" time="4.01"/>
  <testcase name="testPullRelated[2: com.dotcms.rendering.velocity.viewtools.content.util.ContentUtilsTest$TestCase@36352753]" classname="com.dotcms.rendering.velocity.viewtools.content.util.ContentUtilsTest" time="4.171"/>
  <testcase name="testPullRelated[3: com.dotcms.rendering.velocity.viewtools.content.util.ContentUtilsTest$TestCase@1ec70855]" classname="com.dotcms.rendering.velocity.viewtools.content.util.ContentUtilsTest" time="2.993"/>
  <testcase name="testPullRelated[4: com.dotcms.rendering.velocity.viewtools.content.util.ContentUtilsTest$TestCase@1498d5cb]" classname="com.dotcms.rendering.velocity.viewtools.content.util.ContentUtilsTest" time="4.133"/>
  <testcase name="testPullRelated[5: com.dotcms.rendering.velocity.viewtools.content.util.ContentUtilsTest$TestCase@4a933693]" classname="com.dotcms.rendering.velocity.viewtools.content.util.ContentUtilsTest" time="2.981"/>
  <testcase name="testPullRelated[6: com.dotcms.rendering.velocity.viewtools.content.util.ContentUtilsTest$TestCase@55039f2d]" classname="com.dotcms.rendering.velocity.viewtools.content.util.ContentUtilsTest" time="4.202"/>
  <testcase name="testPullRelated[7: com.dotcms.rendering.velocity.viewtools.content.util.ContentUtilsTest$TestCase@73a0b078]" classname="com.dotcms.rendering.velocity.viewtools.content.util.ContentUtilsTest" time="4.054"/>
  <testcase name="testPullRelated[8: com.dotcms.rendering.velocity.viewtools.content.util.ContentUtilsTest$TestCase@21c4054a]" classname="com.dotcms.rendering.velocity.viewtools.content.util.ContentUtilsTest" time="3.946"/>
  <testcase name="testPullRelated[9: com.dotcms.rendering.velocity.viewtools.content.util.ContentUtilsTest$TestCase@72b0884f]" classname="com.dotcms.rendering.velocity.viewtools.content.util.ContentUtilsTest" time="3.848"/>
  <testcase name="testPullRelated[10: com.dotcms.rendering.velocity.viewtools.content.util.ContentUtilsTest$TestCase@3b038bc3]" classname="com.dotcms.rendering.velocity.viewtools.content.util.ContentUtilsTest" time="4.331"/>
  <testcase name="testPullRelated[11: com.dotcms.rendering.velocity.viewtools.content.util.ContentUtilsTest$TestCase@4d56dfab]" classname="com.dotcms.rendering.velocity.viewtools.content.util.ContentUtilsTest" time="4.16"/>
  <testcase name="testPullRelated[12: com.dotcms.rendering.velocity.viewtools.content.util.ContentUtilsTest$TestCase@4cb96d1e]" classname="com.dotcms.rendering.velocity.viewtools.content.util.ContentUtilsTest" time="2.915"/>
  <testcase name="testPullRelated[13: com.dotcms.rendering.velocity.viewtools.content.util.ContentUtilsTest$TestCase@3abd6636]" classname="com.dotcms.rendering.velocity.viewtools.content.util.ContentUtilsTest" time="3.201"/>
  <testcase name="testPullRelated[14: com.dotcms.rendering.velocity.viewtools.content.util.ContentUtilsTest$TestCase@1dc7bf31]" classname="com.dotcms.rendering.velocity.viewtools.content.util.ContentUtilsTest" time="3.915"/>
  <testcase name="testPullRelated[15: com.dotcms.rendering.velocity.viewtools.content.util.ContentUtilsTest$TestCase@669780a5]" classname="com.dotcms.rendering.velocity.viewtools.content.util.ContentUtilsTest" time="4.011"/>
  <testcase name="testPullRelated[16: com.dotcms.rendering.velocity.viewtools.content.util.ContentUtilsTest$TestCase@61c1c0f4]" classname="com.dotcms.rendering.velocity.viewtools.content.util.ContentUtilsTest" time="4.051"/>
  <testcase name="testPullRelated[17: com.dotcms.rendering.velocity.viewtools.content.util.ContentUtilsTest$TestCase@301c862c]" classname="com.dotcms.rendering.velocity.viewtools.content.util.ContentUtilsTest" time="3.809"/>
  <testcase name="testPullRelated[18: com.dotcms.rendering.velocity.viewtools.content.util.ContentUtilsTest$TestCase@10829929]" classname="com.dotcms.rendering.velocity.viewtools.content.util.ContentUtilsTest" time="4.337"/>
  <testcase name="testPullRelated[19: com.dotcms.rendering.velocity.viewtools.content.util.ContentUtilsTest$TestCase@4acaa134]" classname="com.dotcms.rendering.velocity.viewtools.content.util.ContentUtilsTest" time="3.874"/>
  <testcase name="testPullRelated[20: com.dotcms.rendering.velocity.viewtools.content.util.ContentUtilsTest$TestCase@25e31ef9]" classname="com.dotcms.rendering.velocity.viewtools.content.util.ContentUtilsTest" time="3.313"/>
  <testcase name="testPullRelated[21: com.dotcms.rendering.velocity.viewtools.content.util.ContentUtilsTest$TestCase@719ad18f]" classname="com.dotcms.rendering.velocity.viewtools.content.util.ContentUtilsTest" time="3.822"/>
  <testcase name="testPullRelated[22: com.dotcms.rendering.velocity.viewtools.content.util.ContentUtilsTest$TestCase@75d54544]" classname="com.dotcms.rendering.velocity.viewtools.content.util.ContentUtilsTest" time="4.091"/>
  <testcase name="testPullRelated[23: com.dotcms.rendering.velocity.viewtools.content.util.ContentUtilsTest$TestCase@6a8989cb]" classname="com.dotcms.rendering.velocity.viewtools.content.util.ContentUtilsTest" time="3.984"/>
  <testcase name="testPullRelated[24: com.dotcms.rendering.velocity.viewtools.content.util.ContentUtilsTest$TestCase@57a056b5]" classname="com.dotcms.rendering.velocity.viewtools.content.util.ContentUtilsTest" time="3.949"/>
  <testcase name="testPullRelated[25: com.dotcms.rendering.velocity.viewtools.content.util.ContentUtilsTest$TestCase@7011f367]" classname="com.dotcms.rendering.velocity.viewtools.content.util.ContentUtilsTest" time="4.227"/>
  <testcase name="testPullRelated[26: com.dotcms.rendering.velocity.viewtools.content.util.ContentUtilsTest$TestCase@2f316744]" classname="com.dotcms.rendering.velocity.viewtools.content.util.ContentUtilsTest" time="3.937"/>
  <testcase name="testPullRelated[27: com.dotcms.rendering.velocity.viewtools.content.util.ContentUtilsTest$TestCase@95064b8]" classname="com.dotcms.rendering.velocity.viewtools.content.util.ContentUtilsTest" time="4.316"/>
  <testcase name="testPullRelated[28: com.dotcms.rendering.velocity.viewtools.content.util.ContentUtilsTest$TestCase@5c908ed9]" classname="com.dotcms.rendering.velocity.viewtools.content.util.ContentUtilsTest" time="3.825"/>
  <testcase name="testPullRelated[29: com.dotcms.rendering.velocity.viewtools.content.util.ContentUtilsTest$TestCase@23e5d4e7]" classname="com.dotcms.rendering.velocity.viewtools.content.util.ContentUtilsTest" time="4.098"/>
  <testcase name="testPullRelated[30: com.dotcms.rendering.velocity.viewtools.content.util.ContentUtilsTest$TestCase@7ca9c98]" classname="com.dotcms.rendering.velocity.viewtools.content.util.ContentUtilsTest" time="4.113"/>
  <testcase name="testPullRelated[31: com.dotcms.rendering.velocity.viewtools.content.util.ContentUtilsTest$TestCase@d354d7d]" classname="com.dotcms.rendering.velocity.viewtools.content.util.ContentUtilsTest" time="4.091"/>
  <testcase name="testPullRelated[32: com.dotcms.rendering.velocity.viewtools.content.util.ContentUtilsTest$TestCase@558bfc44]" classname="com.dotcms.rendering.velocity.viewtools.content.util.ContentUtilsTest" time="3.98"/>
  <testcase name="testPullRelated[33: com.dotcms.rendering.velocity.viewtools.content.util.ContentUtilsTest$TestCase@58c448fe]" classname="com.dotcms.rendering.velocity.viewtools.content.util.ContentUtilsTest" time="3.84"/>
  <testcase name="testPullRelated[34: com.dotcms.rendering.velocity.viewtools.content.util.ContentUtilsTest$TestCase@bb92122]" classname="com.dotcms.rendering.velocity.viewtools.content.util.ContentUtilsTest" time="4.321"/>
  <testcase name="testPullRelated[35: com.dotcms.rendering.velocity.viewtools.content.util.ContentUtilsTest$TestCase@2cc0cb8d]" classname="com.dotcms.rendering.velocity.viewtools.content.util.ContentUtilsTest" time="4.02"/>
  <testcase name="testPullRelated[36: com.dotcms.rendering.velocity.viewtools.content.util.ContentUtilsTest$TestCase@26236b8d]" classname="com.dotcms.rendering.velocity.viewtools.content.util.ContentUtilsTest" time="6.348"/>
  <testcase name="testPullRelated[37: com.dotcms.rendering.velocity.viewtools.content.util.ContentUtilsTest$TestCase@5c5a540f]" classname="com.dotcms.rendering.velocity.viewtools.content.util.ContentUtilsTest" time="5.839"/>
  <testcase name="testPullRelated[38: com.dotcms.rendering.velocity.viewtools.content.util.ContentUtilsTest$TestCase@1ea8ce97]" classname="com.dotcms.rendering.velocity.viewtools.content.util.ContentUtilsTest" time="6.28"/>
  <testcase name="testPullRelated[39: com.dotcms.rendering.velocity.viewtools.content.util.ContentUtilsTest$TestCase@349ee26c]" classname="com.dotcms.rendering.velocity.viewtools.content.util.ContentUtilsTest" time="6.094"/>
  <testcase name="testPullRelated[40: com.dotcms.rendering.velocity.viewtools.content.util.ContentUtilsTest$TestCase@9dc9871]" classname="com.dotcms.rendering.velocity.viewtools.content.util.ContentUtilsTest" time="6.333"/>
  <testcase name="testPullRelated[41: com.dotcms.rendering.velocity.viewtools.content.util.ContentUtilsTest$TestCase@7284f69]" classname="com.dotcms.rendering.velocity.viewtools.content.util.ContentUtilsTest" time="4.589"/>
  <testcase name="testPullRelated[42: com.dotcms.rendering.velocity.viewtools.content.util.ContentUtilsTest$TestCase@5f2ce56d]" classname="com.dotcms.rendering.velocity.viewtools.content.util.ContentUtilsTest" time="6.458"/>
  <testcase name="testPullRelated[43: com.dotcms.rendering.velocity.viewtools.content.util.ContentUtilsTest$TestCase@1c62f166]" classname="com.dotcms.rendering.velocity.viewtools.content.util.ContentUtilsTest" time="6.035"/>
  <testcase name="testPullRelated[44: com.dotcms.rendering.velocity.viewtools.content.util.ContentUtilsTest$TestCase@7190fd8b]" classname="com.dotcms.rendering.velocity.viewtools.content.util.ContentUtilsTest" time="5.857"/>
  <testcase name="testPullRelated[45: com.dotcms.rendering.velocity.viewtools.content.util.ContentUtilsTest$TestCase@3486b7d7]" classname="com.dotcms.rendering.velocity.viewtools.content.util.ContentUtilsTest" time="6.198"/>
  <testcase name="testPullRelated[46: com.dotcms.rendering.velocity.viewtools.content.util.ContentUtilsTest$TestCase@c392ba7]" classname="com.dotcms.rendering.velocity.viewtools.content.util.ContentUtilsTest" time="5.21"/>
  <testcase name="testPullRelated[47: com.dotcms.rendering.velocity.viewtools.content.util.ContentUtilsTest$TestCase@7db0287]" classname="com.dotcms.rendering.velocity.viewtools.content.util.ContentUtilsTest" time="5.965"/>
  <testcase name="testPullRelated[48: com.dotcms.rendering.velocity.viewtools.content.util.ContentUtilsTest$TestCase@71d1db52]" classname="com.dotcms.rendering.velocity.viewtools.content.util.ContentUtilsTest" time="6.061"/>
  <testcase name="testPullRelated[49: com.dotcms.rendering.velocity.viewtools.content.util.ContentUtilsTest$TestCase@7068e2b0]" classname="com.dotcms.rendering.velocity.viewtools.content.util.ContentUtilsTest" time="6.198"/>
  <testcase name="testPullRelated[50: com.dotcms.rendering.velocity.viewtools.content.util.ContentUtilsTest$TestCase@35c98b09]" classname="com.dotcms.rendering.velocity.viewtools.content.util.ContentUtilsTest" time="5.116"/>
  <testcase name="testPullRelated[51: com.dotcms.rendering.velocity.viewtools.content.util.ContentUtilsTest$TestCase@6ad9780d]" classname="com.dotcms.rendering.velocity.viewtools.content.util.ContentUtilsTest" time="4.928"/>
  <testcase name="testPullRelated[52: com.dotcms.rendering.velocity.viewtools.content.util.ContentUtilsTest$TestCase@152d254f]" classname="com.dotcms.rendering.velocity.viewtools.content.util.ContentUtilsTest" time="6.304"/>
  <testcase name="testPullRelated[53: com.dotcms.rendering.velocity.viewtools.content.util.ContentUtilsTest$TestCase@22e73838]" classname="com.dotcms.rendering.velocity.viewtools.content.util.ContentUtilsTest" time="6.024"/>
  <testcase name="testPullRelated[54: com.dotcms.rendering.velocity.viewtools.content.util.ContentUtilsTest$TestCase@5b0f7eae]" classname="com.dotcms.rendering.velocity.viewtools.content.util.ContentUtilsTest" time="6.095"/>
  <testcase name="testPullRelated[55: com.dotcms.rendering.velocity.viewtools.content.util.ContentUtilsTest$TestCase@7a376cd2]" classname="com.dotcms.rendering.velocity.viewtools.content.util.ContentUtilsTest" time="6.335"/>
  <testcase name="testPullRelated[56: com.dotcms.rendering.velocity.viewtools.content.util.ContentUtilsTest$TestCase@64c2986]" classname="com.dotcms.rendering.velocity.viewtools.content.util.ContentUtilsTest" time="5.862"/>
  <testcase name="testPullRelated[57: com.dotcms.rendering.velocity.viewtools.content.util.ContentUtilsTest$TestCase@1df1e78f]" classname="com.dotcms.rendering.velocity.viewtools.content.util.ContentUtilsTest" time="6.021"/>
  <testcase name="testPullRelated[58: com.dotcms.rendering.velocity.viewtools.content.util.ContentUtilsTest$TestCase@3dab1091]" classname="com.dotcms.rendering.velocity.viewtools.content.util.ContentUtilsTest" time="6.344"/>
  <testcase name="testPullRelated[59: com.dotcms.rendering.velocity.viewtools.content.util.ContentUtilsTest$TestCase@7cbbaa0a]" classname="com.dotcms.rendering.velocity.viewtools.content.util.ContentUtilsTest" time="5.192"/>
  <testcase name="testPullRelated[60: com.dotcms.rendering.velocity.viewtools.content.util.ContentUtilsTest$TestCase@1b5cac02]" classname="com.dotcms.rendering.velocity.viewtools.content.util.ContentUtilsTest" time="5.763"/>
  <testcase name="testPullRelated[61: com.dotcms.rendering.velocity.viewtools.content.util.ContentUtilsTest$TestCase@903fd79]" classname="com.dotcms.rendering.velocity.viewtools.content.util.ContentUtilsTest" time="6.15"/>
  <testcase name="testPullRelated[62: com.dotcms.rendering.velocity.viewtools.content.util.ContentUtilsTest$TestCase@6cc95b50]" classname="com.dotcms.rendering.velocity.viewtools.content.util.ContentUtilsTest" time="6.149"/>
  <testcase name="testPullRelated[63: com.dotcms.rendering.velocity.viewtools.content.util.ContentUtilsTest$TestCase@4d034739]" classname="com.dotcms.rendering.velocity.viewtools.content.util.ContentUtilsTest" time="5.158"/>
  <testcase name="testPullRelated[64: com.dotcms.rendering.velocity.viewtools.content.util.ContentUtilsTest$TestCase@33c1ce27]" classname="com.dotcms.rendering.velocity.viewtools.content.util.ContentUtilsTest" time="5.028"/>
  <testcase name="testPullRelated[65: com.dotcms.rendering.velocity.viewtools.content.util.ContentUtilsTest$TestCase@25bf0513]" classname="com.dotcms.rendering.velocity.viewtools.content.util.ContentUtilsTest" time="5.934"/>
  <testcase name="testPullRelated[66: com.dotcms.rendering.velocity.viewtools.content.util.ContentUtilsTest$TestCase@38ac92f]" classname="com.dotcms.rendering.velocity.viewtools.content.util.ContentUtilsTest" time="6.228"/>
  <testcase name="testPullRelated[67: com.dotcms.rendering.velocity.viewtools.content.util.ContentUtilsTest$TestCase@54e77ce8]" classname="com.dotcms.rendering.velocity.viewtools.content.util.ContentUtilsTest" time="6.211"/>
  <testcase name="testPullRelated[68: com.dotcms.rendering.velocity.viewtools.content.util.ContentUtilsTest$TestCase@69ea30a5]" classname="com.dotcms.rendering.velocity.viewtools.content.util.ContentUtilsTest" time="6.04"/>
  <testcase name="testPullRelated[69: com.dotcms.rendering.velocity.viewtools.content.util.ContentUtilsTest$TestCase@34a02716]" classname="com.dotcms.rendering.velocity.viewtools.content.util.ContentUtilsTest" time="5.966"/>
  <testcase name="testPullRelated[70: com.dotcms.rendering.velocity.viewtools.content.util.ContentUtilsTest$TestCase@6136531c]" classname="com.dotcms.rendering.velocity.viewtools.content.util.ContentUtilsTest" time="5.285"/>
  <testcase name="testPullRelated[71: com.dotcms.rendering.velocity.viewtools.content.util.ContentUtilsTest$TestCase@e5963ee]" classname="com.dotcms.rendering.velocity.viewtools.content.util.ContentUtilsTest" time="6.189"/>
  <testcase name="whenPublishAndExpireDatesAreInTheFutureAndTimeMachineIsAfterBoth" classname="com.dotcms.rendering.velocity.viewtools.content.util.ContentUtilsTest" time="3.285"/>
  <testcase name="testPullRelatedForLegacyRelationship[0: com.dotcms.rendering.velocity.viewtools.content.util.ContentUtilsTest$LegacyTestCase@368e1598]" classname="com.dotcms.rendering.velocity.viewtools.content.util.ContentUtilsTest" time="4.24"/>
  <testcase name="testPullRelatedForLegacyRelationship[1: com.dotcms.rendering.velocity.viewtools.content.util.ContentUtilsTest$LegacyTestCase@3230cc8]" classname="com.dotcms.rendering.velocity.viewtools.content.util.ContentUtilsTest" time="4.16"/>
  <testcase name="whenTheTimeMachineDateIsAfterTomorrowAndExpireDateIsTomorrowShouldNotReturnContent" classname="com.dotcms.rendering.velocity.viewtools.content.util.ContentUtilsTest" time="3.321"/>
  <testcase name="testPullLiveRelatedWhenLatestVersionIsWorking" classname="com.dotcms.rendering.velocity.viewtools.content.util.ContentUtilsTest" time="3.397"/>
  <testcase name="test_add_relationships_on_parent_children_related_contents" classname="com.dotcms.rendering.velocity.viewtools.content.util.ContentUtilsTest" time="1.668"/>
  <testcase name="testSortPullRelated[0: com.dotcms.rendering.velocity.viewtools.content.util.ContentUtilsTest$SortTestCase@505e0103]" classname="com.dotcms.rendering.velocity.viewtools.content.util.ContentUtilsTest" time="2.755"/>
  <testcase name="testSortPullRelated[1: com.dotcms.rendering.velocity.viewtools.content.util.ContentUtilsTest$SortTestCase@15dd5ef5]" classname="com.dotcms.rendering.velocity.viewtools.content.util.ContentUtilsTest" time="3.09"/>
  <testcase name="testSortPullRelated[2: com.dotcms.rendering.velocity.viewtools.content.util.ContentUtilsTest$SortTestCase@5339bb03]" classname="com.dotcms.rendering.velocity.viewtools.content.util.ContentUtilsTest" time="2.968"/>
  <testcase name="testSortPullRelated[3: com.dotcms.rendering.velocity.viewtools.content.util.ContentUtilsTest$SortTestCase@48e7b8e0]" classname="com.dotcms.rendering.velocity.viewtools.content.util.ContentUtilsTest" time="2.889"/>
  <testcase name="testSortPullRelated[4: com.dotcms.rendering.velocity.viewtools.content.util.ContentUtilsTest$SortTestCase@6811eee6]" classname="com.dotcms.rendering.velocity.viewtools.content.util.ContentUtilsTest" time="1.937"/>
  <testcase name="testSortPullRelated[5: com.dotcms.rendering.velocity.viewtools.content.util.ContentUtilsTest$SortTestCase@17443fe7]" classname="com.dotcms.rendering.velocity.viewtools.content.util.ContentUtilsTest" time="2.094"/>
  <testcase name="whenTheTimeMachineDateIsAfterTomorrowAndExpireDateIsInFutureShouldReturnContent" classname="com.dotcms.rendering.velocity.viewtools.content.util.ContentUtilsTest" time="3.392"/>
  <testcase name="testPullRelatedFieldShouldRespectDefaultOrder" classname="com.dotcms.rendering.velocity.viewtools.content.util.ContentUtilsTest" time="2.919"/>
  <system-out><![CDATA[]]></system-out>
  <system-err><![CDATA[]]></system-err>
</testsuite>
