<?xml version="1.0" encoding="UTF-8"?>
<testsuite name="com.dotmarketing.portlets.folders.business.FolderAPITest" tests="91" skipped="0" failures="0" errors="0" timestamp="2023-07-13T16:11:23" hostname="fv-az621-935" time="68.571">
  <properties/>
  <testcase name="testGetLinks" classname="com.dotmarketing.portlets.folders.business.FolderAPITest" time="2.586"/>
  <testcase name="testSave_BlacklistedName_NotAtRootLevel_ShouldSucceed[0: META-INF]" classname="com.dotmarketing.portlets.folders.business.FolderAPITest" time="0.021"/>
  <testcase name="testSave_BlacklistedName_NotAtRootLevel_ShouldSucceed[1: assets]" classname="com.dotmarketing.portlets.folders.business.FolderAPITest" time="0.011"/>
  <testcase name="testSave_BlacklistedName_NotAtRootLevel_ShouldSucceed[2: custom_elements]" classname="com.dotmarketing.portlets.folders.business.FolderAPITest" time="0.011"/>
  <testcase name="testSave_BlacklistedName_NotAtRootLevel_ShouldSucceed[3: email_backups]" classname="com.dotmarketing.portlets.folders.business.FolderAPITest" time="0.013"/>
  <testcase name="testSave_BlacklistedName_NotAtRootLevel_ShouldSucceed[4: dotcms]" classname="com.dotmarketing.portlets.folders.business.FolderAPITest" time="0.013"/>
  <testcase name="testSave_BlacklistedName_NotAtRootLevel_ShouldSucceed[5: dotAdmin]" classname="com.dotmarketing.portlets.folders.business.FolderAPITest" time="0.016"/>
  <testcase name="testSave_BlacklistedName_NotAtRootLevel_ShouldSucceed[6: html]" classname="com.dotmarketing.portlets.folders.business.FolderAPITest" time="0.015"/>
  <testcase name="testSave_BlacklistedName_NotAtRootLevel_ShouldSucceed[7: DOTSASS]" classname="com.dotmarketing.portlets.folders.business.FolderAPITest" time="0.01"/>
  <testcase name="testSave_BlacklistedName_NotAtRootLevel_ShouldSucceed[8: DOTLESS]" classname="com.dotmarketing.portlets.folders.business.FolderAPITest" time="0.013"/>
  <testcase name="testSave_BlacklistedName_NotAtRootLevel_ShouldSucceed[9: WEB-INF]" classname="com.dotmarketing.portlets.folders.business.FolderAPITest" time="0.014"/>
  <testcase name="testSave_BlacklistedName_NotAtRootLevel_ShouldSucceed[10: portal]" classname="com.dotmarketing.portlets.folders.business.FolderAPITest" time="0.019"/>
  <testcase name="test_findFolderByPath_Admin_PathisNull_returnNullFolder" classname="com.dotmarketing.portlets.folders.business.FolderAPITest" time="0.001"/>
  <testcase name="delete" classname="com.dotmarketing.portlets.folders.business.FolderAPITest" time="3.14"/>
  <testcase name="testFindSubFoldersByParent_parentIsFolder" classname="com.dotmarketing.portlets.folders.business.FolderAPITest" time="0.22"/>
  <testcase name="testFindSubFoldersByHost" classname="com.dotmarketing.portlets.folders.business.FolderAPITest" time="1.014"/>
  <testcase name="test_findFolderByPath_UserNoPermissionsOverFolder_returnDotSecurityException" classname="com.dotmarketing.portlets.folders.business.FolderAPITest" time="3.008"/>
  <testcase name="testFindFoldersByHost" classname="com.dotmarketing.portlets.folders.business.FolderAPITest" time="1.118"/>
  <testcase name="testRename_BlacklistedName_NotAtRootLevel_ShouldSucceed[0: META-INF]" classname="com.dotmarketing.portlets.folders.business.FolderAPITest" time="0.017"/>
  <testcase name="testRename_BlacklistedName_NotAtRootLevel_ShouldSucceed[1: assets]" classname="com.dotmarketing.portlets.folders.business.FolderAPITest" time="0.016"/>
  <testcase name="testRename_BlacklistedName_NotAtRootLevel_ShouldSucceed[2: custom_elements]" classname="com.dotmarketing.portlets.folders.business.FolderAPITest" time="0.011"/>
  <testcase name="testRename_BlacklistedName_NotAtRootLevel_ShouldSucceed[3: email_backups]" classname="com.dotmarketing.portlets.folders.business.FolderAPITest" time="0.011"/>
  <testcase name="testRename_BlacklistedName_NotAtRootLevel_ShouldSucceed[4: dotcms]" classname="com.dotmarketing.portlets.folders.business.FolderAPITest" time="0.01"/>
  <testcase name="testRename_BlacklistedName_NotAtRootLevel_ShouldSucceed[5: dotAdmin]" classname="com.dotmarketing.portlets.folders.business.FolderAPITest" time="0.01"/>
  <testcase name="testRename_BlacklistedName_NotAtRootLevel_ShouldSucceed[6: html]" classname="com.dotmarketing.portlets.folders.business.FolderAPITest" time="0.009"/>
  <testcase name="testRename_BlacklistedName_NotAtRootLevel_ShouldSucceed[7: DOTSASS]" classname="com.dotmarketing.portlets.folders.business.FolderAPITest" time="0.011"/>
  <testcase name="testRename_BlacklistedName_NotAtRootLevel_ShouldSucceed[8: DOTLESS]" classname="com.dotmarketing.portlets.folders.business.FolderAPITest" time="0.012"/>
  <testcase name="testRename_BlacklistedName_NotAtRootLevel_ShouldSucceed[9: WEB-INF]" classname="com.dotmarketing.portlets.folders.business.FolderAPITest" time="0.015"/>
  <testcase name="testRename_BlacklistedName_NotAtRootLevel_ShouldSucceed[10: portal]" classname="com.dotmarketing.portlets.folders.business.FolderAPITest" time="0.012"/>
  <testcase name="move_to_existing_destination" classname="com.dotmarketing.portlets.folders.business.FolderAPITest" time="5.218"/>
  <testcase name="deleteFolderWithContentTypeInIt" classname="com.dotmarketing.portlets.folders.business.FolderAPITest" time="0.084"/>
  <testcase name="testCreateFolders_AtRootLevel_BlacklistedName_ShouldFail[0: META-INF]" classname="com.dotmarketing.portlets.folders.business.FolderAPITest" time="0.013"/>
  <testcase name="testCreateFolders_AtRootLevel_BlacklistedName_ShouldFail[1: assets]" classname="com.dotmarketing.portlets.folders.business.FolderAPITest" time="0.004"/>
  <testcase name="testCreateFolders_AtRootLevel_BlacklistedName_ShouldFail[2: custom_elements]" classname="com.dotmarketing.portlets.folders.business.FolderAPITest" time="0.003"/>
  <testcase name="testCreateFolders_AtRootLevel_BlacklistedName_ShouldFail[3: email_backups]" classname="com.dotmarketing.portlets.folders.business.FolderAPITest" time="0.004"/>
  <testcase name="testCreateFolders_AtRootLevel_BlacklistedName_ShouldFail[4: dotcms]" classname="com.dotmarketing.portlets.folders.business.FolderAPITest" time="0.003"/>
  <testcase name="testCreateFolders_AtRootLevel_BlacklistedName_ShouldFail[5: dotAdmin]" classname="com.dotmarketing.portlets.folders.business.FolderAPITest" time="0.003"/>
  <testcase name="testCreateFolders_AtRootLevel_BlacklistedName_ShouldFail[6: html]" classname="com.dotmarketing.portlets.folders.business.FolderAPITest" time="0.003"/>
  <testcase name="testCreateFolders_AtRootLevel_BlacklistedName_ShouldFail[7: DOTSASS]" classname="com.dotmarketing.portlets.folders.business.FolderAPITest" time="0.004"/>
  <testcase name="testCreateFolders_AtRootLevel_BlacklistedName_ShouldFail[8: DOTLESS]" classname="com.dotmarketing.portlets.folders.business.FolderAPITest" time="0.003"/>
  <testcase name="testCreateFolders_AtRootLevel_BlacklistedName_ShouldFail[9: WEB-INF]" classname="com.dotmarketing.portlets.folders.business.FolderAPITest" time="0.004"/>
  <testcase name="testCreateFolders_AtRootLevel_BlacklistedName_ShouldFail[10: portal]" classname="com.dotmarketing.portlets.folders.business.FolderAPITest" time="0.003"/>
  <testcase name="testFindThemes" classname="com.dotmarketing.portlets.folders.business.FolderAPITest" time="0.011"/>
  <testcase name="createFolderWithoutAndWithoutTitle" classname="com.dotmarketing.portlets.folders.business.FolderAPITest" time="0.039"/>
  <testcase name="testSave_BlacklistedName_ShouldFail[0: META-INF]" classname="com.dotmarketing.portlets.folders.business.FolderAPITest" time="0.008"/>
  <testcase name="testSave_BlacklistedName_ShouldFail[1: assets]" classname="com.dotmarketing.portlets.folders.business.FolderAPITest" time="0.008"/>
  <testcase name="testSave_BlacklistedName_ShouldFail[2: custom_elements]" classname="com.dotmarketing.portlets.folders.business.FolderAPITest" time="0.008"/>
  <testcase name="testSave_BlacklistedName_ShouldFail[3: email_backups]" classname="com.dotmarketing.portlets.folders.business.FolderAPITest" time="0.008"/>
  <testcase name="testSave_BlacklistedName_ShouldFail[4: dotcms]" classname="com.dotmarketing.portlets.folders.business.FolderAPITest" time="0.008"/>
  <testcase name="testSave_BlacklistedName_ShouldFail[5: dotAdmin]" classname="com.dotmarketing.portlets.folders.business.FolderAPITest" time="0.008"/>
  <testcase name="testSave_BlacklistedName_ShouldFail[6: html]" classname="com.dotmarketing.portlets.folders.business.FolderAPITest" time="0.008"/>
  <testcase name="testSave_BlacklistedName_ShouldFail[7: DOTSASS]" classname="com.dotmarketing.portlets.folders.business.FolderAPITest" time="0.013"/>
  <testcase name="testSave_BlacklistedName_ShouldFail[8: DOTLESS]" classname="com.dotmarketing.portlets.folders.business.FolderAPITest" time="0.012"/>
  <testcase name="testSave_BlacklistedName_ShouldFail[9: WEB-INF]" classname="com.dotmarketing.portlets.folders.business.FolderAPITest" time="0.01"/>
  <testcase name="testSave_BlacklistedName_ShouldFail[10: portal]" classname="com.dotmarketing.portlets.folders.business.FolderAPITest" time="0.043"/>
  <testcase name="test_copyFolder_contentWithLiveAndWorkingVersionsAndMultilingual" classname="com.dotmarketing.portlets.folders.business.FolderAPITest" time="9.569"/>
  <testcase name="renameFolder" classname="com.dotmarketing.portlets.folders.business.FolderAPITest" time="0.205"/>
  <testcase name="test_findFolderByPath_UserWithPermissionsOverFolderAndHost_success" classname="com.dotmarketing.portlets.folders.business.FolderAPITest" time="2.807"/>
  <testcase name="testCopyToHost_BlacklistedName_ShouldFail[0: META-INF]" classname="com.dotmarketing.portlets.folders.business.FolderAPITest" time="1.151"/>
  <testcase name="testCopyToHost_BlacklistedName_ShouldFail[1: assets]" classname="com.dotmarketing.portlets.folders.business.FolderAPITest" time="0.978"/>
  <testcase name="testCopyToHost_BlacklistedName_ShouldFail[2: custom_elements]" classname="com.dotmarketing.portlets.folders.business.FolderAPITest" time="1.042"/>
  <testcase name="testCopyToHost_BlacklistedName_ShouldFail[3: email_backups]" classname="com.dotmarketing.portlets.folders.business.FolderAPITest" time="0.985"/>
  <testcase name="testCopyToHost_BlacklistedName_ShouldFail[4: dotcms]" classname="com.dotmarketing.portlets.folders.business.FolderAPITest" time="1.048"/>
  <testcase name="testCopyToHost_BlacklistedName_ShouldFail[5: dotAdmin]" classname="com.dotmarketing.portlets.folders.business.FolderAPITest" time="1.01"/>
  <testcase name="testCopyToHost_BlacklistedName_ShouldFail[6: html]" classname="com.dotmarketing.portlets.folders.business.FolderAPITest" time="1.022"/>
  <testcase name="testCopyToHost_BlacklistedName_ShouldFail[7: DOTSASS]" classname="com.dotmarketing.portlets.folders.business.FolderAPITest" time="1.028"/>
  <testcase name="testCopyToHost_BlacklistedName_ShouldFail[8: DOTLESS]" classname="com.dotmarketing.portlets.folders.business.FolderAPITest" time="0.997"/>
  <testcase name="testCopyToHost_BlacklistedName_ShouldFail[9: WEB-INF]" classname="com.dotmarketing.portlets.folders.business.FolderAPITest" time="1.06"/>
  <testcase name="testCopyToHost_BlacklistedName_ShouldFail[10: portal]" classname="com.dotmarketing.portlets.folders.business.FolderAPITest" time="0.983"/>
  <testcase name="testFindSubFolders" classname="com.dotmarketing.portlets.folders.business.FolderAPITest" time="0.058"/>
  <testcase name="copy" classname="com.dotmarketing.portlets.folders.business.FolderAPITest" time="13.548"/>
  <testcase name="move" classname="com.dotmarketing.portlets.folders.business.FolderAPITest" time="5.616"/>
  <testcase name="test_findFolderByPath_Admin_success" classname="com.dotmarketing.portlets.folders.business.FolderAPITest" time="1.003"/>
  <testcase name="testCopyFolderDoesNotDuplicateContent" classname="com.dotmarketing.portlets.folders.business.FolderAPITest" time="1.847"/>
  <testcase name="test_findFolderByPath_UserNoPermissionsOverHost_returnDotSecurityException" classname="com.dotmarketing.portlets.folders.business.FolderAPITest" time="2.06"/>
  <testcase name="testFindSubFoldersTitleSort" classname="com.dotmarketing.portlets.folders.business.FolderAPITest" time="0.048"/>
  <testcase name="test_findFolderByPath_Admin_HostisNull_returnNullFolder" classname="com.dotmarketing.portlets.folders.business.FolderAPITest" time="0.001"/>
  <testcase name="testExists" classname="com.dotmarketing.portlets.folders.business.FolderAPITest" time="1.087"/>
  <testcase name="testRename_BlacklistedName_ShouldFail[0: META-INF]" classname="com.dotmarketing.portlets.folders.business.FolderAPITest" time="0.013"/>
  <testcase name="testRename_BlacklistedName_ShouldFail[1: assets]" classname="com.dotmarketing.portlets.folders.business.FolderAPITest" time="0.02"/>
  <testcase name="testRename_BlacklistedName_ShouldFail[2: custom_elements]" classname="com.dotmarketing.portlets.folders.business.FolderAPITest" time="0.011"/>
  <testcase name="testRename_BlacklistedName_ShouldFail[3: email_backups]" classname="com.dotmarketing.portlets.folders.business.FolderAPITest" time="0.009"/>
  <testcase name="testRename_BlacklistedName_ShouldFail[4: dotcms]" classname="com.dotmarketing.portlets.folders.business.FolderAPITest" time="0.009"/>
  <testcase name="testRename_BlacklistedName_ShouldFail[5: dotAdmin]" classname="com.dotmarketing.portlets.folders.business.FolderAPITest" time="0.01"/>
  <testcase name="testRename_BlacklistedName_ShouldFail[6: html]" classname="com.dotmarketing.portlets.folders.business.FolderAPITest" time="0.01"/>
  <testcase name="testRename_BlacklistedName_ShouldFail[7: DOTSASS]" classname="com.dotmarketing.portlets.folders.business.FolderAPITest" time="0.009"/>
  <testcase name="testRename_BlacklistedName_ShouldFail[8: DOTLESS]" classname="com.dotmarketing.portlets.folders.business.FolderAPITest" time="0.011"/>
  <testcase name="testRename_BlacklistedName_ShouldFail[9: WEB-INF]" classname="com.dotmarketing.portlets.folders.business.FolderAPITest" time="0.011"/>
  <testcase name="testRename_BlacklistedName_ShouldFail[10: portal]" classname="com.dotmarketing.portlets.folders.business.FolderAPITest" time="0.01"/>
  <testcase name="testFindSubFoldersByParent_parentIsHost" classname="com.dotmarketing.portlets.folders.business.FolderAPITest" time="0.95"/>
  <testcase name="test_folders_inherit_the_filetypes_of_their_parents" classname="com.dotmarketing.portlets.folders.business.FolderAPITest" time="1.407"/>
  <system-out><![CDATA[]]></system-out>
  <system-err><![CDATA[]]></system-err>
</testsuite>
