<?xml version="1.0" encoding="UTF-8"?>
<testsuite name="com.dotcms.rest.elasticsearch.ESContentResourcePortletTest" tests="8" skipped="0" failures="0" errors="0" timestamp="2023-07-14T20:16:45" hostname="fv-az251-985" time="8.667">
  <properties/>
  <testcase name="test_search_includeGrandChildCategory_success" classname="com.dotcms.rest.elasticsearch.ESContentResourcePortletTest" time="1.364"/>
  <testcase name="testSearch[0: com.dotcms.rest.elasticsearch.ESContentResourcePortletTest$TestCase@25d34519]" classname="com.dotcms.rest.elasticsearch.ESContentResourcePortletTest" time="0.909"/>
  <testcase name="testSearch[1: com.dotcms.rest.elasticsearch.ESContentResourcePortletTest$TestCase@95c07ec]" classname="com.dotcms.rest.elasticsearch.ESContentResourcePortletTest" time="1.218"/>
  <testcase name="testSearch[2: com.dotcms.rest.elasticsearch.ESContentResourcePortletTest$TestCase@2540990a]" classname="com.dotcms.rest.elasticsearch.ESContentResourcePortletTest" time="0.913"/>
  <testcase name="testSearch[3: com.dotcms.rest.elasticsearch.ESContentResourcePortletTest$TestCase@3ce6f40c]" classname="com.dotcms.rest.elasticsearch.ESContentResourcePortletTest" time="1.194"/>
  <testcase name="testSearch[4: com.dotcms.rest.elasticsearch.ESContentResourcePortletTest$TestCase@3a28504]" classname="com.dotcms.rest.elasticsearch.ESContentResourcePortletTest" time="1.22"/>
  <testcase name="testSearch[5: com.dotcms.rest.elasticsearch.ESContentResourcePortletTest$TestCase@6a2891fb]" classname="com.dotcms.rest.elasticsearch.ESContentResourcePortletTest" time="0.938"/>
  <testcase name="testSearch[6: com.dotcms.rest.elasticsearch.ESContentResourcePortletTest$TestCase@4b81dd7d]" classname="com.dotcms.rest.elasticsearch.ESContentResourcePortletTest" time="0.911"/>
  <system-out><![CDATA[]]></system-out>
  <system-err><![CDATA[]]></system-err>
</testsuite>
