<?xml version="1.0" encoding="UTF-8"?>
<testsuite name="com.dotmarketing.portlets.browser.ajax.BrowserAjaxTest" tests="3" skipped="0" failures="0" errors="0" timestamp="2023-07-11T07:22:56" hostname="fv-az1234-201" time="0.088">
  <properties/>
  <testcase name="testFolderTreeInfoWithInvalidFolderId" classname="com.dotmarketing.portlets.browser.ajax.BrowserAjaxTest" time="0.074"/>
  <testcase name="testSelectingSiteRoot" classname="com.dotmarketing.portlets.browser.ajax.BrowserAjaxTest" time="0.009"/>
  <testcase name="testExpectedFolderTreeInfo" classname="com.dotmarketing.portlets.browser.ajax.BrowserAjaxTest" time="0.005"/>
  <system-out><![CDATA[]]></system-out>
  <system-err><![CDATA[]]></system-err>
</testsuite>
