<?xml version="1.0" encoding="UTF-8"?>
<testsuite name="com.dotmarketing.portlets.links.business.MenuLinkAPITest" tests="5" skipped="0" failures="0" errors="0" timestamp="2023-07-20T20:26:50" hostname="fv-az174-151" time="1.223">
  <properties/>
  <testcase name="testFind_InodeNotExists_ReturnNotFoundInDBException" classname="com.dotmarketing.portlets.links.business.MenuLinkAPITest" time="1.004"/>
  <testcase name="move" classname="com.dotmarketing.portlets.links.business.MenuLinkAPITest" time="0.167"/>
  <testcase name="save" classname="com.dotmarketing.portlets.links.business.MenuLinkAPITest" time="0.027"/>
  <testcase name="testFindLinks" classname="com.dotmarketing.portlets.links.business.MenuLinkAPITest" time="0.014"/>
  <testcase name="testFind_returnLink" classname="com.dotmarketing.portlets.links.business.MenuLinkAPITest" time="0.01"/>
  <system-out><![CDATA[]]></system-out>
  <system-err><![CDATA[]]></system-err>
</testsuite>
