<?xml version="1.0" encoding="UTF-8"?>
<testsuite name="com.dotcms.rest.TagResourceIntegrationTest" tests="4" skipped="0" failures="0" errors="0" timestamp="2023-07-05T16:48:37" hostname="fv-az313-710" time="0.289">
  <properties/>
  <testcase name="testList[0: com.dotcms.rest.TagResourceTestCase@1055d7a4]" classname="com.dotcms.rest.TagResourceIntegrationTest" time="0.229"/>
  <testcase name="testList[1: com.dotcms.rest.TagResourceTestCase@5092efa5]" classname="com.dotcms.rest.TagResourceIntegrationTest" time="0.025"/>
  <testcase name="testList[2: com.dotcms.rest.TagResourceTestCase@766a4f0a]" classname="com.dotcms.rest.TagResourceIntegrationTest" time="0.016"/>
  <testcase name="testList[3: com.dotcms.rest.TagResourceTestCase@501aa398]" classname="com.dotcms.rest.TagResourceIntegrationTest" time="0.018"/>
  <system-out><![CDATA[]]></system-out>
  <system-err><![CDATA[Jul 05, 2023 4:48:37 PM com.dotcms.repackage.org.hibernate.validator.internal.util.Version <clinit>
INFO: HV000001: Hibernate Validator 4.3.2.Final
]]></system-err>
</testsuite>
