<?xml version="1.0" encoding="UTF-8"?>
<testsuite name="com.dotmarketing.business.DeterministicIdentifierAPITest" tests="16" skipped="0" failures="0" errors="0" timestamp="2023-06-23T18:24:15" hostname="fv-az450-696" time="0.737">
  <properties/>
  <testcase name="Test_Category_Path_Seed_And_Id" classname="com.dotmarketing.business.DeterministicIdentifierAPITest" time="0.018"/>
  <testcase name="Test_Language_Deterministic_Id[0: LanguageTestCase{expectedSeed='Language:es:US', expectedHash=4913155, langCode='es', countryCode='US', country='United States'}]" classname="com.dotmarketing.business.DeterministicIdentifierAPITest" time="0.0"/>
  <testcase name="Test_Language_Deterministic_Id[1: LanguageTestCase{expectedSeed='Language:ep:', expectedHash=5292269, langCode='ep', countryCode='', country=''}]" classname="com.dotmarketing.business.DeterministicIdentifierAPITest" time="0.001"/>
  <testcase name="Test_Language_Deterministic_Id[2: LanguageTestCase{expectedSeed='Language:sg:SAG', expectedHash=4713118, langCode='sg', countryCode='SAG', country=''}]" classname="com.dotmarketing.business.DeterministicIdentifierAPITest" time="0.001"/>
  <testcase name="Test_Language_Deterministic_Id[3: LanguageTestCase{expectedSeed='Language:en:NZ', expectedHash=5382528, langCode='en', countryCode='NZ', country='New Zealand'}]" classname="com.dotmarketing.business.DeterministicIdentifierAPITest" time="0.001"/>
  <testcase name="Test_Category_None_Persisted_Category_Should_Return_Deterministic_Id" classname="com.dotmarketing.business.DeterministicIdentifierAPITest" time="0.001"/>
  <testcase name="Test_Asset_Generate_Deterministic_Id_Best_Effort[0: TestCase{versionable=my.host1687539178452.com, parent=System Host, expectedName='my.host1687539178452.com', expectedType='Host'}]" classname="com.dotmarketing.business.DeterministicIdentifierAPITest" time="0.002"/>
  <testcase name="Test_Asset_Generate_Deterministic_Id_Best_Effort[1: TestCase{versionable=com.dotmarketing.portlets.contentlet.model.Contentlet@1f82e598[map={modDate=2023-06-23 16:52:59.506, fileName=file15546765866649498249.txt, title=file15546765866649498249.txt, inode=76fca8f9-422d-4b8b-ae5f-0f833427bba8, __IS_NEW_CONTENT__=true, disabledWYSIWYG=[], host=f9e89063-e781-408d-9324-2532e054694a, stInode=33888b6f-7a8e-4069-b1b6-5c1aa9d0a48d, owner=system, identifier=81d82746-b7cf-4641-b121-40b1cc2c646f, nullProperties=[wfExpireDate, wfPublishDate, wfActionAssign, wfActionId, wfActionComments, filterKey, whereToSend, wfNeverExpire, _path_to_move, timezoneId, iWantTo, wfPublishTime, wfExpireTime], languageId=1, fileAsset=/home/runner/work/core/custom/assets/7/6/76fca8f9-422d-4b8b-ae5f-0f833427bba8/fileAsset/file15546765866649498249.txt, folder=d74e8a3c-b4bd-4139-9227-e11ea5e18eae, __disable_workflow__=true, sortOrder=0, modUser=system},lowIndexPriority=false,variantId=DEFAULT], parent=com.dotmarketing.portlets.folders.model.Folder@34416529[identifier=d74e8a3c-b4bd-4139-9227-e11ea5e18eae,name=testName1687539179500,sortOrder=0,showOnMenu=false,hostId=f9e89063-e781-408d-9324-2532e054694a,type=folder,title=testTitle1687539179500,filesMasks=,defaultFileType=33888b6f-7a8e-4069-b1b6-5c1aa9d0a48d,modDate=2023-06-23 16:52:59.503,owner=&lt;null&gt;,iDate=2023-06-23 16:52:59.503,inode=d74e8a3c-b4bd-4139-9227-e11ea5e18eae,path=/testName1687539179500/], expectedName='file15546765866649498249.txt', expectedType='FileAsset'}]" classname="com.dotmarketing.business.DeterministicIdentifierAPITest" time="0.003"/>
  <testcase name="Test_Asset_Generate_Deterministic_Id_Best_Effort[2: TestCase{versionable=com.dotmarketing.portlets.templates.model.Template@2ccf44c5, parent=my.host1687539178452.com, expectedName='testTitle1687539179593', expectedType='Template'}]" classname="com.dotmarketing.business.DeterministicIdentifierAPITest" time="0.001"/>
  <testcase name="Test_Asset_Generate_Deterministic_Id_Best_Effort[3: TestCase{versionable=com.dotmarketing.portlets.htmlpageasset.model.HTMLPageAsset@532eff70[map={template=29f24a98-c804-4953-aa87-b9edfa442ff9, owner=system, identifier=2c2a030c-8761-4534-8bdd-62f10ae1cf13, nullProperties=[wfExpireDate, wfPublishDate, wfActionAssign, wfActionId, wfActionComments, filterKey, whereToSend, wfNeverExpire, _path_to_move, timezoneId, iWantTo, wfPublishTime, wfExpireTime], modDate=2023-06-23 16:52:59.608, cachettl=0, _is_test_mode=true, languageId=1, title=test-page-title-1687539179603, httpsreq=, url=test-page-url-1687539179603, showOnMenu=, inode=187532e7-a636-49a8-9b50-76a1abc098df, folder=d74e8a3c-b4bd-4139-9227-e11ea5e18eae, disabledWYSIWYG=[], sortOrder=1, modUser=system, host=f9e89063-e781-408d-9324-2532e054694a, stInode=c541abb1-69b3-4bc5-8430-5e09e5239cc8, friendlyName=test-page-friendly-name-1687539179603},lowIndexPriority=false,variantId=DEFAULT], parent=com.dotmarketing.portlets.folders.model.Folder@34416529[identifier=d74e8a3c-b4bd-4139-9227-e11ea5e18eae,name=testName1687539179500,sortOrder=0,showOnMenu=false,hostId=f9e89063-e781-408d-9324-2532e054694a,type=folder,title=testTitle1687539179500,filesMasks=,defaultFileType=33888b6f-7a8e-4069-b1b6-5c1aa9d0a48d,modDate=2023-06-23 16:52:59.503,owner=&lt;null&gt;,iDate=2023-06-23 16:52:59.503,inode=d74e8a3c-b4bd-4139-9227-e11ea5e18eae,path=/testName1687539179500/], expectedName='test-page-url-1687539179603', expectedType='htmlpageasset'}]" classname="com.dotmarketing.business.DeterministicIdentifierAPITest" time="0.002"/>
  <testcase name="Test_Asset_Generate_Deterministic_Id_Best_Effort[4: TestCase{versionable=com.dotmarketing.portlets.contentlet.model.Contentlet@1fa779e[map={fileAsset2=/home/runner/work/core/custom/assets/1/0/106c8a77-78ce-4206-9d8a-342e29871e50/fileAsset2/test_binary1687539180484.png, modDate=2023-06-23 16:53:00.49, fileAsset1=/home/runner/work/core/custom/assets/1/0/106c8a77-78ce-4206-9d8a-342e29871e50/fileAsset1/test_binary1687539180483.jpg, title=blah, inode=106c8a77-78ce-4206-9d8a-342e29871e50, __IS_NEW_CONTENT__=true, disabledWYSIWYG=[], host=8a7d5e23-da1e-420a-b4f0-471e7da8ea2d, stInode=e9f01f4f-32ca-49d3-b016-fd62061ff8c8, owner=system, identifier=b6a6768e-34cc-400a-a0a0-224d8b9b4a2c, nullProperties=[], languageId=1, image1=dc240f0a-2084-40dd-ab1a-9252efc32df6, folder=SYSTEM_FOLDER, __disable_workflow__=true, sortOrder=0, modUser=system},lowIndexPriority=false,variantId=DEFAULT], parent=default, expectedName='test_binary1687539180483.jpg:test_binary1687539180484.png', expectedType='MultipleBinaries1687539179830'}]" classname="com.dotmarketing.business.DeterministicIdentifierAPITest" time="0.006"/>
  <testcase name="Test_Asset_Generate_Deterministic_Id_Best_Effort[5: TestCase{versionable=namef305d7b2a6 : keyTagf305d7b2a6, parent=my.host1687539178452.com, expectedName='keyTagf305d7b2a6', expectedType='persona'}]" classname="com.dotmarketing.business.DeterministicIdentifierAPITest" time="0.004"/>
  <testcase name="Test_Similar_Content_Type_Wont_Clash" classname="com.dotmarketing.business.DeterministicIdentifierAPITest" time="0.411"/>
  <testcase name="Test_Generate_Folder_Identifier" classname="com.dotmarketing.business.DeterministicIdentifierAPITest" time="0.274"/>
  <testcase name="Test_Generate_Content_Type_Identifier[0: ContentTypeTestCase{contentType=KeyValueContentType{name=Language Variable, id=f4d7c1b8-2c88-4071-abf1-a5328977b07d, description=Default Content Type for Language Variables, defaultType=false, fixed=true, iDate=Thu Aug 31 16:38:49 UTC 2017, system=true, versionable=true, variable=Languagevariable, modDate=Fri Jun 23 16:49:43 UTC 2023, host=SYSTEM_HOST, siteName=systemHost, icon=language, sortOrder=0, folder=SYSTEM_FOLDER, folderPath=/, markedForDeletion=false, multilingualable=false}, expectedName='Languagevariable', expectedType='KeyValue'}]" classname="com.dotmarketing.business.DeterministicIdentifierAPITest" time="0.006"/>
  <testcase name="Test_Generate_Content_Type_Identifier[1: ContentTypeTestCase{contentType=SimpleContentType{name=testName1687539180739, id=68e517cb-2d3d-4f78-9b84-d73267f59639, description=testDescription1687539180739, defaultType=false, fixed=false, iDate=Fri Jun 23 16:53:00 UTC 2023, system=false, versionable=true, multilingualable=false, variable=testVarname1687539180739, owner=system, modDate=Fri Jun 23 16:53:01 UTC 2023, host=8a7d5e23-da1e-420a-b4f0-471e7da8ea2d, siteName=default, icon=event_note, sortOrder=0, folder=SYSTEM_FOLDER, folderPath=/, requiredFields=[], markedForDeletion=false}, expectedName='testVarname1687539180739', expectedType='CONTENT'}]" classname="com.dotmarketing.business.DeterministicIdentifierAPITest" time="0.004"/>
  <system-out><![CDATA[]]></system-out>
  <system-err><![CDATA[]]></system-err>
</testsuite>
