<?xml version="1.0" encoding="UTF-8"?>
<testsuite name="com.dotcms.rest.elasticsearch.ESContentResourcePortletTest" tests="8" skipped="0" failures="0" errors="0" timestamp="2023-06-28T18:49:07" hostname="fv-az440-364" time="10.07">
  <properties/>
  <testcase name="test_search_includeGrandChildCategory_success" classname="com.dotcms.rest.elasticsearch.ESContentResourcePortletTest" time="2.308"/>
  <testcase name="testSearch[0: com.dotcms.rest.elasticsearch.ESContentResourcePortletTest$TestCase@204dae1a]" classname="com.dotcms.rest.elasticsearch.ESContentResourcePortletTest" time="1.121"/>
  <testcase name="testSearch[1: com.dotcms.rest.elasticsearch.ESContentResourcePortletTest$TestCase@4a153fd1]" classname="com.dotcms.rest.elasticsearch.ESContentResourcePortletTest" time="1.402"/>
  <testcase name="testSearch[2: com.dotcms.rest.elasticsearch.ESContentResourcePortletTest$TestCase@27725920]" classname="com.dotcms.rest.elasticsearch.ESContentResourcePortletTest" time="1.149"/>
  <testcase name="testSearch[3: com.dotcms.rest.elasticsearch.ESContentResourcePortletTest$TestCase@15e7b50]" classname="com.dotcms.rest.elasticsearch.ESContentResourcePortletTest" time="1.397"/>
  <testcase name="testSearch[4: com.dotcms.rest.elasticsearch.ESContentResourcePortletTest$TestCase@4c2e381f]" classname="com.dotcms.rest.elasticsearch.ESContentResourcePortletTest" time="0.394"/>
  <testcase name="testSearch[5: com.dotcms.rest.elasticsearch.ESContentResourcePortletTest$TestCase@2fa66dfc]" classname="com.dotcms.rest.elasticsearch.ESContentResourcePortletTest" time="1.189"/>
  <testcase name="testSearch[6: com.dotcms.rest.elasticsearch.ESContentResourcePortletTest$TestCase@1a288a71]" classname="com.dotcms.rest.elasticsearch.ESContentResourcePortletTest" time="1.11"/>
  <system-out><![CDATA[]]></system-out>
  <system-err><![CDATA[]]></system-err>
</testsuite>
