<?xml version="1.0" encoding="UTF-8"?>
<testsuite name="com.dotcms.contenttype.test.ContentResourceTest" tests="52" skipped="0" failures="0" errors="0" timestamp="2023-06-29T20:23:04" hostname="fv-az445-513" time="139.983">
  <properties/>
  <testcase name="testGetContentShouldReturnIconDetails" classname="com.dotcms.contenttype.test.ContentResourceTest" time="1.497"/>
  <testcase name="Test_Save_Action_Set_Words_To_Required_NumericField_Issue_15340" classname="com.dotcms.contenttype.test.ContentResourceTest" time="0.849"/>
  <testcase name="test_getContent_includeGrandChildCategory_success" classname="com.dotcms.contenttype.test.ContentResourceTest" time="1.251"/>
  <testcase name="testGetContentWithRelatedParameter[0: com.dotcms.contenttype.test.ContentResourceTest$PullRelatedTestCase@1067c166]" classname="com.dotcms.contenttype.test.ContentResourceTest" time="3.881"/>
  <testcase name="testGetContentWithRelatedParameter[1: com.dotcms.contenttype.test.ContentResourceTest$PullRelatedTestCase@a552c43]" classname="com.dotcms.contenttype.test.ContentResourceTest" time="3.573"/>
  <testcase name="testGetContentWithRelatedParameter[2: com.dotcms.contenttype.test.ContentResourceTest$PullRelatedTestCase@502ff5ce]" classname="com.dotcms.contenttype.test.ContentResourceTest" time="3.514"/>
  <testcase name="testGetContentWithRelatedParameter[3: com.dotcms.contenttype.test.ContentResourceTest$PullRelatedTestCase@5043e3e9]" classname="com.dotcms.contenttype.test.ContentResourceTest" time="3.553"/>
  <testcase name="testGetContentWithRelatedParameter[4: com.dotcms.contenttype.test.ContentResourceTest$PullRelatedTestCase@7e817476]" classname="com.dotcms.contenttype.test.ContentResourceTest" time="3.489"/>
  <testcase name="test_getContent_SelfRelatedWith3LevelsOfDepth_shouldReturnRelationships" classname="com.dotcms.contenttype.test.ContentResourceTest" time="1.228"/>
  <testcase name="Test_Save_Action_Send_Fields_SubSet_Issue_15340" classname="com.dotcms.contenttype.test.ContentResourceTest" time="2.76"/>
  <testcase name="test_getContent_shouldReturnRelationships[0: com.dotcms.contenttype.test.ContentResourceTest$TestCase@5d1568d1]" classname="com.dotcms.contenttype.test.ContentResourceTest" time="2.71"/>
  <testcase name="test_getContent_shouldReturnRelationships[1: com.dotcms.contenttype.test.ContentResourceTest$TestCase@723b6738]" classname="com.dotcms.contenttype.test.ContentResourceTest" time="2.818"/>
  <testcase name="test_getContent_shouldReturnRelationships[2: com.dotcms.contenttype.test.ContentResourceTest$TestCase@3d288e3d]" classname="com.dotcms.contenttype.test.ContentResourceTest" time="2.974"/>
  <testcase name="test_getContent_shouldReturnRelationships[3: com.dotcms.contenttype.test.ContentResourceTest$TestCase@48ff7f2a]" classname="com.dotcms.contenttype.test.ContentResourceTest" time="2.929"/>
  <testcase name="test_getContent_shouldReturnRelationships[4: com.dotcms.contenttype.test.ContentResourceTest$TestCase@3e5ac504]" classname="com.dotcms.contenttype.test.ContentResourceTest" time="3.062"/>
  <testcase name="test_getContent_shouldReturnRelationships[5: com.dotcms.contenttype.test.ContentResourceTest$TestCase@17717750]" classname="com.dotcms.contenttype.test.ContentResourceTest" time="2.741"/>
  <testcase name="test_getContent_shouldReturnRelationships[6: com.dotcms.contenttype.test.ContentResourceTest$TestCase@6ed15ae5]" classname="com.dotcms.contenttype.test.ContentResourceTest" time="2.86"/>
  <testcase name="test_getContent_shouldReturnRelationships[7: com.dotcms.contenttype.test.ContentResourceTest$TestCase@5d647e3a]" classname="com.dotcms.contenttype.test.ContentResourceTest" time="2.895"/>
  <testcase name="test_getContent_shouldReturnRelationships[8: com.dotcms.contenttype.test.ContentResourceTest$TestCase@357ef277]" classname="com.dotcms.contenttype.test.ContentResourceTest" time="1.887"/>
  <testcase name="test_getContent_shouldReturnRelationships[9: com.dotcms.contenttype.test.ContentResourceTest$TestCase@29a9d87f]" classname="com.dotcms.contenttype.test.ContentResourceTest" time="2.907"/>
  <testcase name="test_getContent_shouldReturnRelationships[10: com.dotcms.contenttype.test.ContentResourceTest$TestCase@4d4bb9dd]" classname="com.dotcms.contenttype.test.ContentResourceTest" time="2.666"/>
  <testcase name="test_getContent_shouldReturnRelationships[11: com.dotcms.contenttype.test.ContentResourceTest$TestCase@33208be0]" classname="com.dotcms.contenttype.test.ContentResourceTest" time="2.775"/>
  <testcase name="test_getContent_shouldReturnRelationships[12: com.dotcms.contenttype.test.ContentResourceTest$TestCase@718f3ab9]" classname="com.dotcms.contenttype.test.ContentResourceTest" time="2.679"/>
  <testcase name="test_getContent_shouldReturnRelationships[13: com.dotcms.contenttype.test.ContentResourceTest$TestCase@16026ed7]" classname="com.dotcms.contenttype.test.ContentResourceTest" time="1.774"/>
  <testcase name="test_getContent_shouldReturnRelationships[14: com.dotcms.contenttype.test.ContentResourceTest$TestCase@697b89b]" classname="com.dotcms.contenttype.test.ContentResourceTest" time="2.801"/>
  <testcase name="test_getContent_shouldReturnRelationships[15: com.dotcms.contenttype.test.ContentResourceTest$TestCase@315f4c22]" classname="com.dotcms.contenttype.test.ContentResourceTest" time="3.616"/>
  <testcase name="test_getContent_shouldReturnRelationships[16: com.dotcms.contenttype.test.ContentResourceTest$TestCase@398df242]" classname="com.dotcms.contenttype.test.ContentResourceTest" time="3.612"/>
  <testcase name="test_getContent_shouldReturnRelationships[17: com.dotcms.contenttype.test.ContentResourceTest$TestCase@3cfc5772]" classname="com.dotcms.contenttype.test.ContentResourceTest" time="2.9"/>
  <testcase name="test_getContent_shouldReturnRelationships[18: com.dotcms.contenttype.test.ContentResourceTest$TestCase@7146316]" classname="com.dotcms.contenttype.test.ContentResourceTest" time="3.034"/>
  <testcase name="test_getContent_shouldReturnRelationships[19: com.dotcms.contenttype.test.ContentResourceTest$TestCase@4c61118a]" classname="com.dotcms.contenttype.test.ContentResourceTest" time="2.947"/>
  <testcase name="test_getContent_shouldReturnRelationships[20: com.dotcms.contenttype.test.ContentResourceTest$TestCase@1a28f5a6]" classname="com.dotcms.contenttype.test.ContentResourceTest" time="3.004"/>
  <testcase name="test_getContent_shouldReturnRelationships[21: com.dotcms.contenttype.test.ContentResourceTest$TestCase@44b16656]" classname="com.dotcms.contenttype.test.ContentResourceTest" time="3.05"/>
  <testcase name="test_getContent_shouldReturnRelationships[22: com.dotcms.contenttype.test.ContentResourceTest$TestCase@6099b105]" classname="com.dotcms.contenttype.test.ContentResourceTest" time="2.869"/>
  <testcase name="test_getContent_shouldReturnRelationships[23: com.dotcms.contenttype.test.ContentResourceTest$TestCase@24b011dd]" classname="com.dotcms.contenttype.test.ContentResourceTest" time="3.096"/>
  <testcase name="test_getContent_shouldReturnRelationships[24: com.dotcms.contenttype.test.ContentResourceTest$TestCase@79e84528]" classname="com.dotcms.contenttype.test.ContentResourceTest" time="3.001"/>
  <testcase name="test_getContent_shouldReturnRelationships[25: com.dotcms.contenttype.test.ContentResourceTest$TestCase@36a41f95]" classname="com.dotcms.contenttype.test.ContentResourceTest" time="3.233"/>
  <testcase name="test_getContent_shouldReturnRelationships[26: com.dotcms.contenttype.test.ContentResourceTest$TestCase@1b1881dd]" classname="com.dotcms.contenttype.test.ContentResourceTest" time="3.142"/>
  <testcase name="test_getContent_shouldReturnRelationships[27: com.dotcms.contenttype.test.ContentResourceTest$TestCase@3f02459a]" classname="com.dotcms.contenttype.test.ContentResourceTest" time="3.071"/>
  <testcase name="test_getContent_shouldReturnRelationships[28: com.dotcms.contenttype.test.ContentResourceTest$TestCase@4f88657]" classname="com.dotcms.contenttype.test.ContentResourceTest" time="2.992"/>
  <testcase name="test_getContent_shouldReturnRelationships[29: com.dotcms.contenttype.test.ContentResourceTest$TestCase@123669ea]" classname="com.dotcms.contenttype.test.ContentResourceTest" time="2.834"/>
  <testcase name="test_getContent_shouldReturnRelationships[30: com.dotcms.contenttype.test.ContentResourceTest$TestCase@4dff0418]" classname="com.dotcms.contenttype.test.ContentResourceTest" time="2.86"/>
  <testcase name="test_getContent_shouldReturnRelationships[31: com.dotcms.contenttype.test.ContentResourceTest$TestCase@60fcb6a8]" classname="com.dotcms.contenttype.test.ContentResourceTest" time="2.903"/>
  <testcase name="test_getContent_shouldReturnRelationships[32: com.dotcms.contenttype.test.ContentResourceTest$TestCase@20f64ede]" classname="com.dotcms.contenttype.test.ContentResourceTest" time="3.834"/>
  <testcase name="test_getContent_shouldReturnRelationships[33: com.dotcms.contenttype.test.ContentResourceTest$TestCase@1ae1a13]" classname="com.dotcms.contenttype.test.ContentResourceTest" time="3.762"/>
  <testcase name="testSinglePOST_InvalidParamsShouldReturn400[0: ({\n    &quot;stInode&quot; : &quot;InvalidValue&quot;,\n    &quot;numeric&quot; : &quot;0&quot;,\n    &quot;image&quot; : &quot;whatever&quot;\n}, Bad Request)]" classname="com.dotcms.contenttype.test.ContentResourceTest" time="0.824"/>
  <testcase name="testSinglePOST_InvalidParamsShouldReturn400[1: ({\n    &quot;numeric&quot; : &quot;0&quot;,\n    &quot;image&quot; : &quot;whatever&quot;\n}, Bad Request)]" classname="com.dotcms.contenttype.test.ContentResourceTest" time="0.804"/>
  <testcase name="Test_Save_Action_Set_Null_To_Required_NumericField_Issue_15340" classname="com.dotcms.contenttype.test.ContentResourceTest" time="0.835"/>
  <testcase name="Test_Save_Action_Remove_Image_Then_Verify_Fields_Were_Cleared_Issue_15340" classname="com.dotcms.contenttype.test.ContentResourceTest" time="3.606"/>
  <testcase name="test_getContentWithMultipleSelfRelated_shouldReturnRelationships[0: com.dotcms.contenttype.test.ContentResourceTest$PullSelfRelatedTestCase@3108a83c]" classname="com.dotcms.contenttype.test.ContentResourceTest" time="1.708"/>
  <testcase name="test_getContentWithMultipleSelfRelated_shouldReturnRelationships[1: com.dotcms.contenttype.test.ContentResourceTest$PullSelfRelatedTestCase@239a807d]" classname="com.dotcms.contenttype.test.ContentResourceTest" time="1.568"/>
  <testcase name="testGetContentWithAllCategoriesInfo[0: json]" classname="com.dotcms.contenttype.test.ContentResourceTest" time="2.366"/>
  <testcase name="testGetContentWithAllCategoriesInfo[1: xml]" classname="com.dotcms.contenttype.test.ContentResourceTest" time="2.434"/>
  <system-out><![CDATA[











]]></system-out>
  <system-err><![CDATA[]]></system-err>
</testsuite>
