<?xml version="1.0" encoding="UTF-8"?>
<testsuite name="com.dotmarketing.portlets.structure.model.ContentletRelationshipsTest" tests="7" skipped="0" failures="0" errors="0" timestamp="2023-06-30T22:56:52" hostname="fv-az936-969" time="8.841">
  <properties/>
  <testcase name="testDoesAllowOnlyOne[0: com.dotmarketing.portlets.structure.model.ContentletRelationshipsTest$CardinalityTestCase@190b1b33]" classname="com.dotmarketing.portlets.structure.model.ContentletRelationshipsTest" time="0.481"/>
  <testcase name="testDoesAllowOnlyOne[1: com.dotmarketing.portlets.structure.model.ContentletRelationshipsTest$CardinalityTestCase@1b96c83]" classname="com.dotmarketing.portlets.structure.model.ContentletRelationshipsTest" time="0.416"/>
  <testcase name="testDoesAllowOnlyOne[2: com.dotmarketing.portlets.structure.model.ContentletRelationshipsTest$CardinalityTestCase@be412be]" classname="com.dotmarketing.portlets.structure.model.ContentletRelationshipsTest" time="0.469"/>
  <testcase name="testGetRelationshipRecords[0: com.dotmarketing.portlets.structure.model.ContentletRelationshipsTest$TestCase@4cac1eae]" classname="com.dotmarketing.portlets.structure.model.ContentletRelationshipsTest" time="1.947"/>
  <testcase name="testGetRelationshipRecords[1: com.dotmarketing.portlets.structure.model.ContentletRelationshipsTest$TestCase@d3f568b]" classname="com.dotmarketing.portlets.structure.model.ContentletRelationshipsTest" time="1.93"/>
  <testcase name="testGetRelationshipRecords[2: com.dotmarketing.portlets.structure.model.ContentletRelationshipsTest$TestCase@47a8eedb]" classname="com.dotmarketing.portlets.structure.model.ContentletRelationshipsTest" time="1.804"/>
  <testcase name="testGetRelationshipRecords[3: com.dotmarketing.portlets.structure.model.ContentletRelationshipsTest$TestCase@6cf26572]" classname="com.dotmarketing.portlets.structure.model.ContentletRelationshipsTest" time="1.793"/>
  <system-out><![CDATA[]]></system-out>
  <system-err><![CDATA[]]></system-err>
</testsuite>
