<?xml version="1.0" encoding="UTF-8"?>
<testsuite name="com.dotcms.rest.api.v1.apps.SiteViewPaginatorIntegrationTest" tests="1" skipped="0" failures="0" errors="0" timestamp="2023-06-26T16:04:03" hostname="fv-az180-822" time="2.789">
  <properties/>
  <testcase name="Site_Paginator_Accuracy_Test" classname="com.dotcms.rest.api.v1.apps.SiteViewPaginatorIntegrationTest" time="2.789"/>
  <system-out><![CDATA[]]></system-out>
  <system-err><![CDATA[]]></system-err>
</testsuite>
