<?xml version="1.0" encoding="UTF-8"?>
<testsuite name="com.dotcms.rest.elasticsearch.ESContentResourcePortletTest" tests="8" skipped="0" failures="0" errors="0" timestamp="2023-07-13T22:15:46" hostname="fv-az362-624" time="9.767">
  <properties/>
  <testcase name="test_search_includeGrandChildCategory_success" classname="com.dotcms.rest.elasticsearch.ESContentResourcePortletTest" time="1.594"/>
  <testcase name="testSearch[0: com.dotcms.rest.elasticsearch.ESContentResourcePortletTest$TestCase@763a4d8c]" classname="com.dotcms.rest.elasticsearch.ESContentResourcePortletTest" time="1.077"/>
  <testcase name="testSearch[1: com.dotcms.rest.elasticsearch.ESContentResourcePortletTest$TestCase@5f94761a]" classname="com.dotcms.rest.elasticsearch.ESContentResourcePortletTest" time="1.288"/>
  <testcase name="testSearch[2: com.dotcms.rest.elasticsearch.ESContentResourcePortletTest$TestCase@1e0f5a77]" classname="com.dotcms.rest.elasticsearch.ESContentResourcePortletTest" time="1.081"/>
  <testcase name="testSearch[3: com.dotcms.rest.elasticsearch.ESContentResourcePortletTest$TestCase@5db4d7fb]" classname="com.dotcms.rest.elasticsearch.ESContentResourcePortletTest" time="1.268"/>
  <testcase name="testSearch[4: com.dotcms.rest.elasticsearch.ESContentResourcePortletTest$TestCase@7946b7ec]" classname="com.dotcms.rest.elasticsearch.ESContentResourcePortletTest" time="1.315"/>
  <testcase name="testSearch[5: com.dotcms.rest.elasticsearch.ESContentResourcePortletTest$TestCase@59e3a78]" classname="com.dotcms.rest.elasticsearch.ESContentResourcePortletTest" time="1.084"/>
  <testcase name="testSearch[6: com.dotcms.rest.elasticsearch.ESContentResourcePortletTest$TestCase@61a6145e]" classname="com.dotcms.rest.elasticsearch.ESContentResourcePortletTest" time="1.052"/>
  <system-out><![CDATA[]]></system-out>
  <system-err><![CDATA[]]></system-err>
</testsuite>
