<?xml version="1.0" encoding="UTF-8"?>
<testsuite name="com.dotcms.csspreproc.CSSCacheTest" tests="2" skipped="0" failures="0" errors="0" timestamp="2023-07-19T07:22:29" hostname="fv-az1231-779" time="4.338">
  <properties/>
  <testcase name="test_checkinContentlet_shouldRemoveCache" classname="com.dotcms.csspreproc.CSSCacheTest" time="1.605"/>
  <testcase name="test_unpublishContentlet_shouldRemoveCache" classname="com.dotcms.csspreproc.CSSCacheTest" time="2.733"/>
  <system-out><![CDATA[]]></system-out>
  <system-err><![CDATA[]]></system-err>
</testsuite>
