<?xml version="1.0" encoding="UTF-8"?>
<testsuite name="com.dotmarketing.util.TestConfig" tests="2" skipped="0" failures="0" errors="0" timestamp="2023-06-22T14:50:27" hostname="fv-az361-657" time="0.005">
  <properties/>
  <testcase name="test_getCustomArrayProperty_no_exists" classname="com.dotmarketing.util.TestConfig" time="0.001"/>
  <testcase name="test_getCustomArrayProperty_exists" classname="com.dotmarketing.util.TestConfig" time="0.004"/>
  <system-out><![CDATA[]]></system-out>
  <system-err><![CDATA[]]></system-err>
</testsuite>
