<?xml version="1.0" encoding="UTF-8"?>
<testsuite name="com.dotmarketing.startup.runonce.Task201013AddNewColumnsToIdentifierTableTest" tests="1" skipped="0" failures="0" errors="0" timestamp="2023-07-13T16:39:38" hostname="fv-az621-935" time="0.023">
  <properties/>
  <testcase name="test_upgradeTask_success" classname="com.dotmarketing.startup.runonce.Task201013AddNewColumnsToIdentifierTableTest" time="0.023"/>
  <system-out><![CDATA[]]></system-out>
  <system-err><![CDATA[]]></system-err>
</testsuite>
