<?xml version="1.0" encoding="UTF-8"?>
<testsuite name="com.dotcms.rest.api.v1.vtl.VTLResourceIntegrationTest" tests="6" skipped="0" failures="0" errors="0" timestamp="2023-07-20T19:59:05" hostname="fv-az1232-188" time="13.004">
  <properties/>
  <testcase name="testGet[0: com.dotcms.rest.api.v1.vtl.VTLResourceTestCase@78b780ed]" classname="com.dotcms.rest.api.v1.vtl.VTLResourceIntegrationTest" time="2.175"/>
  <testcase name="testGet[1: com.dotcms.rest.api.v1.vtl.VTLResourceTestCase@54a8331]" classname="com.dotcms.rest.api.v1.vtl.VTLResourceIntegrationTest" time="2.853"/>
  <testcase name="testGet[2: com.dotcms.rest.api.v1.vtl.VTLResourceTestCase@50455951]" classname="com.dotcms.rest.api.v1.vtl.VTLResourceIntegrationTest" time="1.969"/>
  <testcase name="testGet[3: com.dotcms.rest.api.v1.vtl.VTLResourceTestCase@4e29a2af]" classname="com.dotcms.rest.api.v1.vtl.VTLResourceIntegrationTest" time="1.974"/>
  <testcase name="testGet[4: com.dotcms.rest.api.v1.vtl.VTLResourceTestCase@adde36f]" classname="com.dotcms.rest.api.v1.vtl.VTLResourceIntegrationTest" time="2.022"/>
  <testcase name="testGet[5: com.dotcms.rest.api.v1.vtl.VTLResourceTestCase@5bdfaa0e]" classname="com.dotcms.rest.api.v1.vtl.VTLResourceIntegrationTest" time="2.011"/>
  <system-out><![CDATA[]]></system-out>
  <system-err><![CDATA[]]></system-err>
</testsuite>
