<?xml version="1.0" encoding="UTF-8"?>
<testsuite name="com.dotcms.rest.api.v1.vtl.VTLResourceIntegrationTest" tests="6" skipped="0" failures="0" errors="0" timestamp="2023-07-06T19:57:08" hostname="fv-az1234-650" time="11.895">
  <properties/>
  <testcase name="testGet[0: com.dotcms.rest.api.v1.vtl.VTLResourceTestCase@8c683fb]" classname="com.dotcms.rest.api.v1.vtl.VTLResourceIntegrationTest" time="1.953"/>
  <testcase name="testGet[1: com.dotcms.rest.api.v1.vtl.VTLResourceTestCase@109ac5a8]" classname="com.dotcms.rest.api.v1.vtl.VTLResourceIntegrationTest" time="2.04"/>
  <testcase name="testGet[2: com.dotcms.rest.api.v1.vtl.VTLResourceTestCase@123f3216]" classname="com.dotcms.rest.api.v1.vtl.VTLResourceIntegrationTest" time="1.931"/>
  <testcase name="testGet[3: com.dotcms.rest.api.v1.vtl.VTLResourceTestCase@2020e619]" classname="com.dotcms.rest.api.v1.vtl.VTLResourceIntegrationTest" time="1.964"/>
  <testcase name="testGet[4: com.dotcms.rest.api.v1.vtl.VTLResourceTestCase@1cc560bd]" classname="com.dotcms.rest.api.v1.vtl.VTLResourceIntegrationTest" time="2.191"/>
  <testcase name="testGet[5: com.dotcms.rest.api.v1.vtl.VTLResourceTestCase@5a345108]" classname="com.dotcms.rest.api.v1.vtl.VTLResourceIntegrationTest" time="1.815"/>
  <system-out><![CDATA[]]></system-out>
  <system-err><![CDATA[]]></system-err>
</testsuite>
