<?xml version="1.0" encoding="UTF-8"?>
<testsuite name="com.dotmarketing.portlets.structure.model.ContentletRelationshipsTest" tests="7" skipped="0" failures="0" errors="0" timestamp="2023-07-10T23:31:41" hostname="fv-az621-762" time="8.791">
  <properties/>
  <testcase name="testDoesAllowOnlyOne[0: com.dotmarketing.portlets.structure.model.ContentletRelationshipsTest$CardinalityTestCase@4a2be522]" classname="com.dotmarketing.portlets.structure.model.ContentletRelationshipsTest" time="0.557"/>
  <testcase name="testDoesAllowOnlyOne[1: com.dotmarketing.portlets.structure.model.ContentletRelationshipsTest$CardinalityTestCase@7b018aea]" classname="com.dotmarketing.portlets.structure.model.ContentletRelationshipsTest" time="0.549"/>
  <testcase name="testDoesAllowOnlyOne[2: com.dotmarketing.portlets.structure.model.ContentletRelationshipsTest$CardinalityTestCase@dda8021]" classname="com.dotmarketing.portlets.structure.model.ContentletRelationshipsTest" time="0.494"/>
  <testcase name="testGetRelationshipRecords[0: com.dotmarketing.portlets.structure.model.ContentletRelationshipsTest$TestCase@559d298c]" classname="com.dotmarketing.portlets.structure.model.ContentletRelationshipsTest" time="2.153"/>
  <testcase name="testGetRelationshipRecords[1: com.dotmarketing.portlets.structure.model.ContentletRelationshipsTest$TestCase@408ac4e8]" classname="com.dotmarketing.portlets.structure.model.ContentletRelationshipsTest" time="2.107"/>
  <testcase name="testGetRelationshipRecords[2: com.dotmarketing.portlets.structure.model.ContentletRelationshipsTest$TestCase@372b50c9]" classname="com.dotmarketing.portlets.structure.model.ContentletRelationshipsTest" time="1.951"/>
  <testcase name="testGetRelationshipRecords[3: com.dotmarketing.portlets.structure.model.ContentletRelationshipsTest$TestCase@6ea90585]" classname="com.dotmarketing.portlets.structure.model.ContentletRelationshipsTest" time="0.978"/>
  <system-out><![CDATA[]]></system-out>
  <system-err><![CDATA[]]></system-err>
</testsuite>
