<?xml version="1.0" encoding="UTF-8"?>
<testsuite name="com.dotmarketing.filters.AutoLoginFilterTest" tests="1" skipped="0" failures="0" errors="0" timestamp="2023-07-18T23:24:18" hostname="fv-az193-732" time="0.044">
  <properties/>
  <testcase name="shouldReturnOkWithLogoutRequest" classname="com.dotmarketing.filters.AutoLoginFilterTest" time="0.044"/>
  <system-out><![CDATA[]]></system-out>
  <system-err><![CDATA[]]></system-err>
</testsuite>
