<?xml version="1.0" encoding="UTF-8"?>
<testsuite name="com.dotmarketing.startup.runalways.Task00050LoadAppsSecretsTest" tests="4" skipped="0" failures="0" errors="0" timestamp="2023-07-11T21:50:19" hostname="fv-az203-15" time="5.266">
  <properties/>
  <testcase name="Test_UpgradeTask_Expect_Failure_Due_To_Invalid_Descriptor" classname="com.dotmarketing.startup.runalways.Task00050LoadAppsSecretsTest" time="1.918"/>
  <testcase name="Test_UpgradeTask_Expect_Failure_Due_To_Invalid_Site" classname="com.dotmarketing.startup.runalways.Task00050LoadAppsSecretsTest" time="2.165"/>
  <testcase name="Test_UpgradeTask_Should_Not_Run_When_No_DefaultPassword_isSet" classname="com.dotmarketing.startup.runalways.Task00050LoadAppsSecretsTest" time="0.01"/>
  <testcase name="Test_UpgradeTask" classname="com.dotmarketing.startup.runalways.Task00050LoadAppsSecretsTest" time="1.173"/>
  <system-out><![CDATA[]]></system-out>
  <system-err><![CDATA[]]></system-err>
</testsuite>
