<?xml version="1.0" encoding="UTF-8"?>
<testsuite name="com.dotmarketing.servlets.ajax.AjaxDirectorServletIntegrationTest" tests="2" skipped="0" failures="0" errors="0" timestamp="2023-07-17T17:27:43" hostname="fv-az404-376" time="1.562">
  <properties/>
  <testcase name="testService[0: com.dotmarketing.servlets.ajax.AjaxDirectorServletTestCase@75646938]" classname="com.dotmarketing.servlets.ajax.AjaxDirectorServletIntegrationTest" time="0.885"/>
  <testcase name="testService[1: com.dotmarketing.servlets.ajax.AjaxDirectorServletTestCase@4f66e1d4]" classname="com.dotmarketing.servlets.ajax.AjaxDirectorServletIntegrationTest" time="0.677"/>
  <system-out><![CDATA[]]></system-out>
  <system-err><![CDATA[]]></system-err>
</testsuite>
