<?xml version="1.0" encoding="UTF-8"?>
<testsuite name="com.dotmarketing.portlets.structure.model.ContentletRelationshipsTest" tests="7" skipped="0" failures="0" errors="0" timestamp="2023-07-14T21:07:17" hostname="fv-az551-988" time="10.847">
  <properties/>
  <testcase name="testDoesAllowOnlyOne[0: com.dotmarketing.portlets.structure.model.ContentletRelationshipsTest$CardinalityTestCase@5a8d655f]" classname="com.dotmarketing.portlets.structure.model.ContentletRelationshipsTest" time="0.645"/>
  <testcase name="testDoesAllowOnlyOne[1: com.dotmarketing.portlets.structure.model.ContentletRelationshipsTest$CardinalityTestCase@4454dcc1]" classname="com.dotmarketing.portlets.structure.model.ContentletRelationshipsTest" time="0.64"/>
  <testcase name="testDoesAllowOnlyOne[2: com.dotmarketing.portlets.structure.model.ContentletRelationshipsTest$CardinalityTestCase@15b257ef]" classname="com.dotmarketing.portlets.structure.model.ContentletRelationshipsTest" time="0.644"/>
  <testcase name="testGetRelationshipRecords[0: com.dotmarketing.portlets.structure.model.ContentletRelationshipsTest$TestCase@1546fd34]" classname="com.dotmarketing.portlets.structure.model.ContentletRelationshipsTest" time="2.337"/>
  <testcase name="testGetRelationshipRecords[1: com.dotmarketing.portlets.structure.model.ContentletRelationshipsTest$TestCase@2450c55e]" classname="com.dotmarketing.portlets.structure.model.ContentletRelationshipsTest" time="2.274"/>
  <testcase name="testGetRelationshipRecords[2: com.dotmarketing.portlets.structure.model.ContentletRelationshipsTest$TestCase@4600b7c1]" classname="com.dotmarketing.portlets.structure.model.ContentletRelationshipsTest" time="2.166"/>
  <testcase name="testGetRelationshipRecords[3: com.dotmarketing.portlets.structure.model.ContentletRelationshipsTest$TestCase@410a9dc1]" classname="com.dotmarketing.portlets.structure.model.ContentletRelationshipsTest" time="2.141"/>
  <system-out><![CDATA[]]></system-out>
  <system-err><![CDATA[]]></system-err>
</testsuite>
