<?xml version="1.0" encoding="UTF-8"?>
<testsuite name="com.dotcms.rendering.velocity.viewtools.content.util.ContentUtilsTest" tests="89" skipped="0" failures="0" errors="0" timestamp="2023-06-30T04:53:27" hostname="fv-az210-575" time="391.377">
  <properties/>
  <testcase name="whenTheTimeMachineDateIsNullAndPublishDateInFutureShouldNotReturnAnything" classname="com.dotcms.rendering.velocity.viewtools.content.util.ContentUtilsTest" time="2.902"/>
  <testcase name="test_find_multilingual_contentlet_getContentletSuccessfully" classname="com.dotcms.rendering.velocity.viewtools.content.util.ContentUtilsTest" time="2.18"/>
  <testcase name="whenTheTimeMachineDateAndPublishDateAreTomorrowShouldReturnOneContent" classname="com.dotcms.rendering.velocity.viewtools.content.util.ContentUtilsTest" time="2.958"/>
  <testcase name="testPullRelated[0: com.dotcms.rendering.velocity.viewtools.content.util.ContentUtilsTest$TestCase@3e1172c5]" classname="com.dotcms.rendering.velocity.viewtools.content.util.ContentUtilsTest" time="2.682"/>
  <testcase name="testPullRelated[1: com.dotcms.rendering.velocity.viewtools.content.util.ContentUtilsTest$TestCase@3880d61e]" classname="com.dotcms.rendering.velocity.viewtools.content.util.ContentUtilsTest" time="3.023"/>
  <testcase name="testPullRelated[2: com.dotcms.rendering.velocity.viewtools.content.util.ContentUtilsTest$TestCase@e694211]" classname="com.dotcms.rendering.velocity.viewtools.content.util.ContentUtilsTest" time="4.132"/>
  <testcase name="testPullRelated[3: com.dotcms.rendering.velocity.viewtools.content.util.ContentUtilsTest$TestCase@6c81a7eb]" classname="com.dotcms.rendering.velocity.viewtools.content.util.ContentUtilsTest" time="3.89"/>
  <testcase name="testPullRelated[4: com.dotcms.rendering.velocity.viewtools.content.util.ContentUtilsTest$TestCase@593367e4]" classname="com.dotcms.rendering.velocity.viewtools.content.util.ContentUtilsTest" time="3.199"/>
  <testcase name="testPullRelated[5: com.dotcms.rendering.velocity.viewtools.content.util.ContentUtilsTest$TestCase@673d6afa]" classname="com.dotcms.rendering.velocity.viewtools.content.util.ContentUtilsTest" time="3.898"/>
  <testcase name="testPullRelated[6: com.dotcms.rendering.velocity.viewtools.content.util.ContentUtilsTest$TestCase@2300c5c6]" classname="com.dotcms.rendering.velocity.viewtools.content.util.ContentUtilsTest" time="3.321"/>
  <testcase name="testPullRelated[7: com.dotcms.rendering.velocity.viewtools.content.util.ContentUtilsTest$TestCase@425f90b2]" classname="com.dotcms.rendering.velocity.viewtools.content.util.ContentUtilsTest" time="2.994"/>
  <testcase name="testPullRelated[8: com.dotcms.rendering.velocity.viewtools.content.util.ContentUtilsTest$TestCase@11d35a]" classname="com.dotcms.rendering.velocity.viewtools.content.util.ContentUtilsTest" time="3.938"/>
  <testcase name="testPullRelated[9: com.dotcms.rendering.velocity.viewtools.content.util.ContentUtilsTest$TestCase@c770318]" classname="com.dotcms.rendering.velocity.viewtools.content.util.ContentUtilsTest" time="3.82"/>
  <testcase name="testPullRelated[10: com.dotcms.rendering.velocity.viewtools.content.util.ContentUtilsTest$TestCase@29fcd9a5]" classname="com.dotcms.rendering.velocity.viewtools.content.util.ContentUtilsTest" time="4.354"/>
  <testcase name="testPullRelated[11: com.dotcms.rendering.velocity.viewtools.content.util.ContentUtilsTest$TestCase@17981628]" classname="com.dotcms.rendering.velocity.viewtools.content.util.ContentUtilsTest" time="3.917"/>
  <testcase name="testPullRelated[12: com.dotcms.rendering.velocity.viewtools.content.util.ContentUtilsTest$TestCase@199d9c82]" classname="com.dotcms.rendering.velocity.viewtools.content.util.ContentUtilsTest" time="4.033"/>
  <testcase name="testPullRelated[13: com.dotcms.rendering.velocity.viewtools.content.util.ContentUtilsTest$TestCase@2d46236a]" classname="com.dotcms.rendering.velocity.viewtools.content.util.ContentUtilsTest" time="4.055"/>
  <testcase name="testPullRelated[14: com.dotcms.rendering.velocity.viewtools.content.util.ContentUtilsTest$TestCase@6238e696]" classname="com.dotcms.rendering.velocity.viewtools.content.util.ContentUtilsTest" time="3.171"/>
  <testcase name="testPullRelated[15: com.dotcms.rendering.velocity.viewtools.content.util.ContentUtilsTest$TestCase@35c695af]" classname="com.dotcms.rendering.velocity.viewtools.content.util.ContentUtilsTest" time="3.918"/>
  <testcase name="testPullRelated[16: com.dotcms.rendering.velocity.viewtools.content.util.ContentUtilsTest$TestCase@40ca7619]" classname="com.dotcms.rendering.velocity.viewtools.content.util.ContentUtilsTest" time="4.147"/>
  <testcase name="testPullRelated[17: com.dotcms.rendering.velocity.viewtools.content.util.ContentUtilsTest$TestCase@5c8b4019]" classname="com.dotcms.rendering.velocity.viewtools.content.util.ContentUtilsTest" time="3.893"/>
  <testcase name="testPullRelated[18: com.dotcms.rendering.velocity.viewtools.content.util.ContentUtilsTest$TestCase@79220148]" classname="com.dotcms.rendering.velocity.viewtools.content.util.ContentUtilsTest" time="3.95"/>
  <testcase name="testPullRelated[19: com.dotcms.rendering.velocity.viewtools.content.util.ContentUtilsTest$TestCase@78c8882e]" classname="com.dotcms.rendering.velocity.viewtools.content.util.ContentUtilsTest" time="4.1"/>
  <testcase name="testPullRelated[20: com.dotcms.rendering.velocity.viewtools.content.util.ContentUtilsTest$TestCase@6b215390]" classname="com.dotcms.rendering.velocity.viewtools.content.util.ContentUtilsTest" time="4.126"/>
  <testcase name="testPullRelated[21: com.dotcms.rendering.velocity.viewtools.content.util.ContentUtilsTest$TestCase@6d2c5d65]" classname="com.dotcms.rendering.velocity.viewtools.content.util.ContentUtilsTest" time="3.928"/>
  <testcase name="testPullRelated[22: com.dotcms.rendering.velocity.viewtools.content.util.ContentUtilsTest$TestCase@46d29c9]" classname="com.dotcms.rendering.velocity.viewtools.content.util.ContentUtilsTest" time="3.337"/>
  <testcase name="testPullRelated[23: com.dotcms.rendering.velocity.viewtools.content.util.ContentUtilsTest$TestCase@38584892]" classname="com.dotcms.rendering.velocity.viewtools.content.util.ContentUtilsTest" time="3.923"/>
  <testcase name="testPullRelated[24: com.dotcms.rendering.velocity.viewtools.content.util.ContentUtilsTest$TestCase@598421da]" classname="com.dotcms.rendering.velocity.viewtools.content.util.ContentUtilsTest" time="4.091"/>
  <testcase name="testPullRelated[25: com.dotcms.rendering.velocity.viewtools.content.util.ContentUtilsTest$TestCase@56cc98fa]" classname="com.dotcms.rendering.velocity.viewtools.content.util.ContentUtilsTest" time="3.827"/>
  <testcase name="testPullRelated[26: com.dotcms.rendering.velocity.viewtools.content.util.ContentUtilsTest$TestCase@3b02c08b]" classname="com.dotcms.rendering.velocity.viewtools.content.util.ContentUtilsTest" time="4.197"/>
  <testcase name="testPullRelated[27: com.dotcms.rendering.velocity.viewtools.content.util.ContentUtilsTest$TestCase@41e403a1]" classname="com.dotcms.rendering.velocity.viewtools.content.util.ContentUtilsTest" time="4.066"/>
  <testcase name="testPullRelated[28: com.dotcms.rendering.velocity.viewtools.content.util.ContentUtilsTest$TestCase@391660b6]" classname="com.dotcms.rendering.velocity.viewtools.content.util.ContentUtilsTest" time="3.965"/>
  <testcase name="testPullRelated[29: com.dotcms.rendering.velocity.viewtools.content.util.ContentUtilsTest$TestCase@baf3426]" classname="com.dotcms.rendering.velocity.viewtools.content.util.ContentUtilsTest" time="3.993"/>
  <testcase name="testPullRelated[30: com.dotcms.rendering.velocity.viewtools.content.util.ContentUtilsTest$TestCase@2684ab40]" classname="com.dotcms.rendering.velocity.viewtools.content.util.ContentUtilsTest" time="4.072"/>
  <testcase name="testPullRelated[31: com.dotcms.rendering.velocity.viewtools.content.util.ContentUtilsTest$TestCase@479c5d3a]" classname="com.dotcms.rendering.velocity.viewtools.content.util.ContentUtilsTest" time="4.333"/>
  <testcase name="testPullRelated[32: com.dotcms.rendering.velocity.viewtools.content.util.ContentUtilsTest$TestCase@4d8586af]" classname="com.dotcms.rendering.velocity.viewtools.content.util.ContentUtilsTest" time="3.871"/>
  <testcase name="testPullRelated[33: com.dotcms.rendering.velocity.viewtools.content.util.ContentUtilsTest$TestCase@3ff9953d]" classname="com.dotcms.rendering.velocity.viewtools.content.util.ContentUtilsTest" time="3.116"/>
  <testcase name="testPullRelated[34: com.dotcms.rendering.velocity.viewtools.content.util.ContentUtilsTest$TestCase@3c24f729]" classname="com.dotcms.rendering.velocity.viewtools.content.util.ContentUtilsTest" time="3.047"/>
  <testcase name="testPullRelated[35: com.dotcms.rendering.velocity.viewtools.content.util.ContentUtilsTest$TestCase@1974181a]" classname="com.dotcms.rendering.velocity.viewtools.content.util.ContentUtilsTest" time="3.09"/>
  <testcase name="testPullRelated[36: com.dotcms.rendering.velocity.viewtools.content.util.ContentUtilsTest$TestCase@78254565]" classname="com.dotcms.rendering.velocity.viewtools.content.util.ContentUtilsTest" time="6.228"/>
  <testcase name="testPullRelated[37: com.dotcms.rendering.velocity.viewtools.content.util.ContentUtilsTest$TestCase@b066721]" classname="com.dotcms.rendering.velocity.viewtools.content.util.ContentUtilsTest" time="5.78"/>
  <testcase name="testPullRelated[38: com.dotcms.rendering.velocity.viewtools.content.util.ContentUtilsTest$TestCase@100044d7]" classname="com.dotcms.rendering.velocity.viewtools.content.util.ContentUtilsTest" time="6.515"/>
  <testcase name="testPullRelated[39: com.dotcms.rendering.velocity.viewtools.content.util.ContentUtilsTest$TestCase@298d2a05]" classname="com.dotcms.rendering.velocity.viewtools.content.util.ContentUtilsTest" time="4.749"/>
  <testcase name="testPullRelated[40: com.dotcms.rendering.velocity.viewtools.content.util.ContentUtilsTest$TestCase@7bd15c3c]" classname="com.dotcms.rendering.velocity.viewtools.content.util.ContentUtilsTest" time="6.236"/>
  <testcase name="testPullRelated[41: com.dotcms.rendering.velocity.viewtools.content.util.ContentUtilsTest$TestCase@43d61308]" classname="com.dotcms.rendering.velocity.viewtools.content.util.ContentUtilsTest" time="4.876"/>
  <testcase name="testPullRelated[42: com.dotcms.rendering.velocity.viewtools.content.util.ContentUtilsTest$TestCase@5162d159]" classname="com.dotcms.rendering.velocity.viewtools.content.util.ContentUtilsTest" time="6.29"/>
  <testcase name="testPullRelated[43: com.dotcms.rendering.velocity.viewtools.content.util.ContentUtilsTest$TestCase@117f0472]" classname="com.dotcms.rendering.velocity.viewtools.content.util.ContentUtilsTest" time="6.047"/>
  <testcase name="testPullRelated[44: com.dotcms.rendering.velocity.viewtools.content.util.ContentUtilsTest$TestCase@603e9add]" classname="com.dotcms.rendering.velocity.viewtools.content.util.ContentUtilsTest" time="6.165"/>
  <testcase name="testPullRelated[45: com.dotcms.rendering.velocity.viewtools.content.util.ContentUtilsTest$TestCase@13039b81]" classname="com.dotcms.rendering.velocity.viewtools.content.util.ContentUtilsTest" time="5.74"/>
  <testcase name="testPullRelated[46: com.dotcms.rendering.velocity.viewtools.content.util.ContentUtilsTest$TestCase@54ac78a1]" classname="com.dotcms.rendering.velocity.viewtools.content.util.ContentUtilsTest" time="6.205"/>
  <testcase name="testPullRelated[47: com.dotcms.rendering.velocity.viewtools.content.util.ContentUtilsTest$TestCase@3d99aad2]" classname="com.dotcms.rendering.velocity.viewtools.content.util.ContentUtilsTest" time="6.215"/>
  <testcase name="testPullRelated[48: com.dotcms.rendering.velocity.viewtools.content.util.ContentUtilsTest$TestCase@296527ce]" classname="com.dotcms.rendering.velocity.viewtools.content.util.ContentUtilsTest" time="6.09"/>
  <testcase name="testPullRelated[49: com.dotcms.rendering.velocity.viewtools.content.util.ContentUtilsTest$TestCase@26357ef0]" classname="com.dotcms.rendering.velocity.viewtools.content.util.ContentUtilsTest" time="5.807"/>
  <testcase name="testPullRelated[50: com.dotcms.rendering.velocity.viewtools.content.util.ContentUtilsTest$TestCase@11eb63e7]" classname="com.dotcms.rendering.velocity.viewtools.content.util.ContentUtilsTest" time="5.313"/>
  <testcase name="testPullRelated[51: com.dotcms.rendering.velocity.viewtools.content.util.ContentUtilsTest$TestCase@61548432]" classname="com.dotcms.rendering.velocity.viewtools.content.util.ContentUtilsTest" time="6.191"/>
  <testcase name="testPullRelated[52: com.dotcms.rendering.velocity.viewtools.content.util.ContentUtilsTest$TestCase@618f9481]" classname="com.dotcms.rendering.velocity.viewtools.content.util.ContentUtilsTest" time="5.813"/>
  <testcase name="testPullRelated[53: com.dotcms.rendering.velocity.viewtools.content.util.ContentUtilsTest$TestCase@6cc0a4be]" classname="com.dotcms.rendering.velocity.viewtools.content.util.ContentUtilsTest" time="5.251"/>
  <testcase name="testPullRelated[54: com.dotcms.rendering.velocity.viewtools.content.util.ContentUtilsTest$TestCase@26fe169a]" classname="com.dotcms.rendering.velocity.viewtools.content.util.ContentUtilsTest" time="6.149"/>
  <testcase name="testPullRelated[55: com.dotcms.rendering.velocity.viewtools.content.util.ContentUtilsTest$TestCase@63ce7363]" classname="com.dotcms.rendering.velocity.viewtools.content.util.ContentUtilsTest" time="4.974"/>
  <testcase name="testPullRelated[56: com.dotcms.rendering.velocity.viewtools.content.util.ContentUtilsTest$TestCase@7ef8c807]" classname="com.dotcms.rendering.velocity.viewtools.content.util.ContentUtilsTest" time="6.146"/>
  <testcase name="testPullRelated[57: com.dotcms.rendering.velocity.viewtools.content.util.ContentUtilsTest$TestCase@17f47632]" classname="com.dotcms.rendering.velocity.viewtools.content.util.ContentUtilsTest" time="4.95"/>
  <testcase name="testPullRelated[58: com.dotcms.rendering.velocity.viewtools.content.util.ContentUtilsTest$TestCase@4168e890]" classname="com.dotcms.rendering.velocity.viewtools.content.util.ContentUtilsTest" time="6.383"/>
  <testcase name="testPullRelated[59: com.dotcms.rendering.velocity.viewtools.content.util.ContentUtilsTest$TestCase@512ddeb5]" classname="com.dotcms.rendering.velocity.viewtools.content.util.ContentUtilsTest" time="5.843"/>
  <testcase name="testPullRelated[60: com.dotcms.rendering.velocity.viewtools.content.util.ContentUtilsTest$TestCase@692d9c67]" classname="com.dotcms.rendering.velocity.viewtools.content.util.ContentUtilsTest" time="6.168"/>
  <testcase name="testPullRelated[61: com.dotcms.rendering.velocity.viewtools.content.util.ContentUtilsTest$TestCase@5d5c2296]" classname="com.dotcms.rendering.velocity.viewtools.content.util.ContentUtilsTest" time="5.922"/>
  <testcase name="testPullRelated[62: com.dotcms.rendering.velocity.viewtools.content.util.ContentUtilsTest$TestCase@5b767dc5]" classname="com.dotcms.rendering.velocity.viewtools.content.util.ContentUtilsTest" time="6.0"/>
  <testcase name="testPullRelated[63: com.dotcms.rendering.velocity.viewtools.content.util.ContentUtilsTest$TestCase@6491c868]" classname="com.dotcms.rendering.velocity.viewtools.content.util.ContentUtilsTest" time="5.447"/>
  <testcase name="testPullRelated[64: com.dotcms.rendering.velocity.viewtools.content.util.ContentUtilsTest$TestCase@61dabe39]" classname="com.dotcms.rendering.velocity.viewtools.content.util.ContentUtilsTest" time="5.924"/>
  <testcase name="testPullRelated[65: com.dotcms.rendering.velocity.viewtools.content.util.ContentUtilsTest$TestCase@5dae6806]" classname="com.dotcms.rendering.velocity.viewtools.content.util.ContentUtilsTest" time="5.97"/>
  <testcase name="testPullRelated[66: com.dotcms.rendering.velocity.viewtools.content.util.ContentUtilsTest$TestCase@355eae23]" classname="com.dotcms.rendering.velocity.viewtools.content.util.ContentUtilsTest" time="5.213"/>
  <testcase name="testPullRelated[67: com.dotcms.rendering.velocity.viewtools.content.util.ContentUtilsTest$TestCase@5fe6f268]" classname="com.dotcms.rendering.velocity.viewtools.content.util.ContentUtilsTest" time="5.11"/>
  <testcase name="testPullRelated[68: com.dotcms.rendering.velocity.viewtools.content.util.ContentUtilsTest$TestCase@6b79a4db]" classname="com.dotcms.rendering.velocity.viewtools.content.util.ContentUtilsTest" time="5.881"/>
  <testcase name="testPullRelated[69: com.dotcms.rendering.velocity.viewtools.content.util.ContentUtilsTest$TestCase@45b90fea]" classname="com.dotcms.rendering.velocity.viewtools.content.util.ContentUtilsTest" time="6.074"/>
  <testcase name="testPullRelated[70: com.dotcms.rendering.velocity.viewtools.content.util.ContentUtilsTest$TestCase@5568ec8]" classname="com.dotcms.rendering.velocity.viewtools.content.util.ContentUtilsTest" time="6.282"/>
  <testcase name="testPullRelated[71: com.dotcms.rendering.velocity.viewtools.content.util.ContentUtilsTest$TestCase@6d4b49b8]" classname="com.dotcms.rendering.velocity.viewtools.content.util.ContentUtilsTest" time="5.955"/>
  <testcase name="whenPublishAndExpireDatesAreInTheFutureAndTimeMachineIsAfterBoth" classname="com.dotcms.rendering.velocity.viewtools.content.util.ContentUtilsTest" time="2.92"/>
  <testcase name="testPullRelatedForLegacyRelationship[0: com.dotcms.rendering.velocity.viewtools.content.util.ContentUtilsTest$LegacyTestCase@4b3267b6]" classname="com.dotcms.rendering.velocity.viewtools.content.util.ContentUtilsTest" time="3.128"/>
  <testcase name="testPullRelatedForLegacyRelationship[1: com.dotcms.rendering.velocity.viewtools.content.util.ContentUtilsTest$LegacyTestCase@46f9f765]" classname="com.dotcms.rendering.velocity.viewtools.content.util.ContentUtilsTest" time="3.038"/>
  <testcase name="whenTheTimeMachineDateIsAfterTomorrowAndExpireDateIsTomorrowShouldNotReturnContent" classname="com.dotcms.rendering.velocity.viewtools.content.util.ContentUtilsTest" time="2.968"/>
  <testcase name="testPullLiveRelatedWhenLatestVersionIsWorking" classname="com.dotcms.rendering.velocity.viewtools.content.util.ContentUtilsTest" time="3.375"/>
  <testcase name="test_add_relationships_on_parent_children_related_contents" classname="com.dotcms.rendering.velocity.viewtools.content.util.ContentUtilsTest" time="1.483"/>
  <testcase name="testSortPullRelated[0: com.dotcms.rendering.velocity.viewtools.content.util.ContentUtilsTest$SortTestCase@776811bc]" classname="com.dotcms.rendering.velocity.viewtools.content.util.ContentUtilsTest" time="2.556"/>
  <testcase name="testSortPullRelated[1: com.dotcms.rendering.velocity.viewtools.content.util.ContentUtilsTest$SortTestCase@40598060]" classname="com.dotcms.rendering.velocity.viewtools.content.util.ContentUtilsTest" time="2.636"/>
  <testcase name="testSortPullRelated[2: com.dotcms.rendering.velocity.viewtools.content.util.ContentUtilsTest$SortTestCase@188e400a]" classname="com.dotcms.rendering.velocity.viewtools.content.util.ContentUtilsTest" time="2.73"/>
  <testcase name="testSortPullRelated[3: com.dotcms.rendering.velocity.viewtools.content.util.ContentUtilsTest$SortTestCase@1145dea1]" classname="com.dotcms.rendering.velocity.viewtools.content.util.ContentUtilsTest" time="2.663"/>
  <testcase name="testSortPullRelated[4: com.dotcms.rendering.velocity.viewtools.content.util.ContentUtilsTest$SortTestCase@2617d8c4]" classname="com.dotcms.rendering.velocity.viewtools.content.util.ContentUtilsTest" time="2.673"/>
  <testcase name="testSortPullRelated[5: com.dotcms.rendering.velocity.viewtools.content.util.ContentUtilsTest$SortTestCase@2a4106e6]" classname="com.dotcms.rendering.velocity.viewtools.content.util.ContentUtilsTest" time="2.543"/>
  <testcase name="whenTheTimeMachineDateIsAfterTomorrowAndExpireDateIsInFutureShouldReturnContent" classname="com.dotcms.rendering.velocity.viewtools.content.util.ContentUtilsTest" time="2.966"/>
  <testcase name="testPullRelatedFieldShouldRespectDefaultOrder" classname="com.dotcms.rendering.velocity.viewtools.content.util.ContentUtilsTest" time="2.338"/>
  <system-out><![CDATA[]]></system-out>
  <system-err><![CDATA[]]></system-err>
</testsuite>
