<?xml version="1.0" encoding="UTF-8"?>
<testsuite name="com.dotcms.rendering.velocity.viewtools.content.util.ContentUtilsTest" tests="89" skipped="0" failures="0" errors="0" timestamp="2023-06-29T18:28:47" hostname="fv-az453-135" time="401.825">
  <properties/>
  <testcase name="whenTheTimeMachineDateIsNullAndPublishDateInFutureShouldNotReturnAnything" classname="com.dotcms.rendering.velocity.viewtools.content.util.ContentUtilsTest" time="3.386"/>
  <testcase name="test_find_multilingual_contentlet_getContentletSuccessfully" classname="com.dotcms.rendering.velocity.viewtools.content.util.ContentUtilsTest" time="1.857"/>
  <testcase name="whenTheTimeMachineDateAndPublishDateAreTomorrowShouldReturnOneContent" classname="com.dotcms.rendering.velocity.viewtools.content.util.ContentUtilsTest" time="3.457"/>
  <testcase name="testPullRelated[0: com.dotcms.rendering.velocity.viewtools.content.util.ContentUtilsTest$TestCase@188e400a]" classname="com.dotcms.rendering.velocity.viewtools.content.util.ContentUtilsTest" time="4.123"/>
  <testcase name="testPullRelated[1: com.dotcms.rendering.velocity.viewtools.content.util.ContentUtilsTest$TestCase@1145dea1]" classname="com.dotcms.rendering.velocity.viewtools.content.util.ContentUtilsTest" time="4.461"/>
  <testcase name="testPullRelated[2: com.dotcms.rendering.velocity.viewtools.content.util.ContentUtilsTest$TestCase@2617d8c4]" classname="com.dotcms.rendering.velocity.viewtools.content.util.ContentUtilsTest" time="4.014"/>
  <testcase name="testPullRelated[3: com.dotcms.rendering.velocity.viewtools.content.util.ContentUtilsTest$TestCase@2a4106e6]" classname="com.dotcms.rendering.velocity.viewtools.content.util.ContentUtilsTest" time="3.854"/>
  <testcase name="testPullRelated[4: com.dotcms.rendering.velocity.viewtools.content.util.ContentUtilsTest$TestCase@40a59db4]" classname="com.dotcms.rendering.velocity.viewtools.content.util.ContentUtilsTest" time="3.136"/>
  <testcase name="testPullRelated[5: com.dotcms.rendering.velocity.viewtools.content.util.ContentUtilsTest$TestCase@7faaf3d7]" classname="com.dotcms.rendering.velocity.viewtools.content.util.ContentUtilsTest" time="3.97"/>
  <testcase name="testPullRelated[6: com.dotcms.rendering.velocity.viewtools.content.util.ContentUtilsTest$TestCase@67e3c51e]" classname="com.dotcms.rendering.velocity.viewtools.content.util.ContentUtilsTest" time="3.165"/>
  <testcase name="testPullRelated[7: com.dotcms.rendering.velocity.viewtools.content.util.ContentUtilsTest$TestCase@45b78932]" classname="com.dotcms.rendering.velocity.viewtools.content.util.ContentUtilsTest" time="3.885"/>
  <testcase name="testPullRelated[8: com.dotcms.rendering.velocity.viewtools.content.util.ContentUtilsTest$TestCase@2993f40d]" classname="com.dotcms.rendering.velocity.viewtools.content.util.ContentUtilsTest" time="3.239"/>
  <testcase name="testPullRelated[9: com.dotcms.rendering.velocity.viewtools.content.util.ContentUtilsTest$TestCase@10f8ea3]" classname="com.dotcms.rendering.velocity.viewtools.content.util.ContentUtilsTest" time="3.644"/>
  <testcase name="testPullRelated[10: com.dotcms.rendering.velocity.viewtools.content.util.ContentUtilsTest$TestCase@78bd60a9]" classname="com.dotcms.rendering.velocity.viewtools.content.util.ContentUtilsTest" time="4.422"/>
  <testcase name="testPullRelated[11: com.dotcms.rendering.velocity.viewtools.content.util.ContentUtilsTest$TestCase@1ba9895]" classname="com.dotcms.rendering.velocity.viewtools.content.util.ContentUtilsTest" time="4.094"/>
  <testcase name="testPullRelated[12: com.dotcms.rendering.velocity.viewtools.content.util.ContentUtilsTest$TestCase@373f3733]" classname="com.dotcms.rendering.velocity.viewtools.content.util.ContentUtilsTest" time="3.104"/>
  <testcase name="testPullRelated[13: com.dotcms.rendering.velocity.viewtools.content.util.ContentUtilsTest$TestCase@4ab8cde1]" classname="com.dotcms.rendering.velocity.viewtools.content.util.ContentUtilsTest" time="3.86"/>
  <testcase name="testPullRelated[14: com.dotcms.rendering.velocity.viewtools.content.util.ContentUtilsTest$TestCase@59135437]" classname="com.dotcms.rendering.velocity.viewtools.content.util.ContentUtilsTest" time="4.167"/>
  <testcase name="testPullRelated[15: com.dotcms.rendering.velocity.viewtools.content.util.ContentUtilsTest$TestCase@cb811b0]" classname="com.dotcms.rendering.velocity.viewtools.content.util.ContentUtilsTest" time="4.025"/>
  <testcase name="testPullRelated[16: com.dotcms.rendering.velocity.viewtools.content.util.ContentUtilsTest$TestCase@427029bb]" classname="com.dotcms.rendering.velocity.viewtools.content.util.ContentUtilsTest" time="3.772"/>
  <testcase name="testPullRelated[17: com.dotcms.rendering.velocity.viewtools.content.util.ContentUtilsTest$TestCase@4e2b23d1]" classname="com.dotcms.rendering.velocity.viewtools.content.util.ContentUtilsTest" time="4.467"/>
  <testcase name="testPullRelated[18: com.dotcms.rendering.velocity.viewtools.content.util.ContentUtilsTest$TestCase@d5a74cf]" classname="com.dotcms.rendering.velocity.viewtools.content.util.ContentUtilsTest" time="3.81"/>
  <testcase name="testPullRelated[19: com.dotcms.rendering.velocity.viewtools.content.util.ContentUtilsTest$TestCase@4123c145]" classname="com.dotcms.rendering.velocity.viewtools.content.util.ContentUtilsTest" time="4.302"/>
  <testcase name="testPullRelated[20: com.dotcms.rendering.velocity.viewtools.content.util.ContentUtilsTest$TestCase@25d152b]" classname="com.dotcms.rendering.velocity.viewtools.content.util.ContentUtilsTest" time="2.758"/>
  <testcase name="testPullRelated[21: com.dotcms.rendering.velocity.viewtools.content.util.ContentUtilsTest$TestCase@157f9b1a]" classname="com.dotcms.rendering.velocity.viewtools.content.util.ContentUtilsTest" time="4.297"/>
  <testcase name="testPullRelated[22: com.dotcms.rendering.velocity.viewtools.content.util.ContentUtilsTest$TestCase@4bdd7976]" classname="com.dotcms.rendering.velocity.viewtools.content.util.ContentUtilsTest" time="4.254"/>
  <testcase name="testPullRelated[23: com.dotcms.rendering.velocity.viewtools.content.util.ContentUtilsTest$TestCase@142ba0a1]" classname="com.dotcms.rendering.velocity.viewtools.content.util.ContentUtilsTest" time="3.898"/>
  <testcase name="testPullRelated[24: com.dotcms.rendering.velocity.viewtools.content.util.ContentUtilsTest$TestCase@7eb51b42]" classname="com.dotcms.rendering.velocity.viewtools.content.util.ContentUtilsTest" time="4.02"/>
  <testcase name="testPullRelated[25: com.dotcms.rendering.velocity.viewtools.content.util.ContentUtilsTest$TestCase@177bf8c5]" classname="com.dotcms.rendering.velocity.viewtools.content.util.ContentUtilsTest" time="4.072"/>
  <testcase name="testPullRelated[26: com.dotcms.rendering.velocity.viewtools.content.util.ContentUtilsTest$TestCase@374d2595]" classname="com.dotcms.rendering.velocity.viewtools.content.util.ContentUtilsTest" time="3.212"/>
  <testcase name="testPullRelated[27: com.dotcms.rendering.velocity.viewtools.content.util.ContentUtilsTest$TestCase@7e2aa575]" classname="com.dotcms.rendering.velocity.viewtools.content.util.ContentUtilsTest" time="3.904"/>
  <testcase name="testPullRelated[28: com.dotcms.rendering.velocity.viewtools.content.util.ContentUtilsTest$TestCase@2893cef9]" classname="com.dotcms.rendering.velocity.viewtools.content.util.ContentUtilsTest" time="4.041"/>
  <testcase name="testPullRelated[29: com.dotcms.rendering.velocity.viewtools.content.util.ContentUtilsTest$TestCase@60e6b6fe]" classname="com.dotcms.rendering.velocity.viewtools.content.util.ContentUtilsTest" time="4.08"/>
  <testcase name="testPullRelated[30: com.dotcms.rendering.velocity.viewtools.content.util.ContentUtilsTest$TestCase@3ed956fa]" classname="com.dotcms.rendering.velocity.viewtools.content.util.ContentUtilsTest" time="3.137"/>
  <testcase name="testPullRelated[31: com.dotcms.rendering.velocity.viewtools.content.util.ContentUtilsTest$TestCase@15f35d59]" classname="com.dotcms.rendering.velocity.viewtools.content.util.ContentUtilsTest" time="3.874"/>
  <testcase name="testPullRelated[32: com.dotcms.rendering.velocity.viewtools.content.util.ContentUtilsTest$TestCase@2321bd18]" classname="com.dotcms.rendering.velocity.viewtools.content.util.ContentUtilsTest" time="3.315"/>
  <testcase name="testPullRelated[33: com.dotcms.rendering.velocity.viewtools.content.util.ContentUtilsTest$TestCase@7625aec4]" classname="com.dotcms.rendering.velocity.viewtools.content.util.ContentUtilsTest" time="3.771"/>
  <testcase name="testPullRelated[34: com.dotcms.rendering.velocity.viewtools.content.util.ContentUtilsTest$TestCase@2bf487c]" classname="com.dotcms.rendering.velocity.viewtools.content.util.ContentUtilsTest" time="4.553"/>
  <testcase name="testPullRelated[35: com.dotcms.rendering.velocity.viewtools.content.util.ContentUtilsTest$TestCase@d29d4e7]" classname="com.dotcms.rendering.velocity.viewtools.content.util.ContentUtilsTest" time="2.816"/>
  <testcase name="testPullRelated[36: com.dotcms.rendering.velocity.viewtools.content.util.ContentUtilsTest$TestCase@23ce6127]" classname="com.dotcms.rendering.velocity.viewtools.content.util.ContentUtilsTest" time="6.45"/>
  <testcase name="testPullRelated[37: com.dotcms.rendering.velocity.viewtools.content.util.ContentUtilsTest$TestCase@78c6b814]" classname="com.dotcms.rendering.velocity.viewtools.content.util.ContentUtilsTest" time="4.61"/>
  <testcase name="testPullRelated[38: com.dotcms.rendering.velocity.viewtools.content.util.ContentUtilsTest$TestCase@42e3d8]" classname="com.dotcms.rendering.velocity.viewtools.content.util.ContentUtilsTest" time="6.399"/>
  <testcase name="testPullRelated[39: com.dotcms.rendering.velocity.viewtools.content.util.ContentUtilsTest$TestCase@438f81db]" classname="com.dotcms.rendering.velocity.viewtools.content.util.ContentUtilsTest" time="6.114"/>
  <testcase name="testPullRelated[40: com.dotcms.rendering.velocity.viewtools.content.util.ContentUtilsTest$TestCase@131817d4]" classname="com.dotcms.rendering.velocity.viewtools.content.util.ContentUtilsTest" time="6.094"/>
  <testcase name="testPullRelated[41: com.dotcms.rendering.velocity.viewtools.content.util.ContentUtilsTest$TestCase@5e530bbb]" classname="com.dotcms.rendering.velocity.viewtools.content.util.ContentUtilsTest" time="5.864"/>
  <testcase name="testPullRelated[42: com.dotcms.rendering.velocity.viewtools.content.util.ContentUtilsTest$TestCase@49187f8a]" classname="com.dotcms.rendering.velocity.viewtools.content.util.ContentUtilsTest" time="6.568"/>
  <testcase name="testPullRelated[43: com.dotcms.rendering.velocity.viewtools.content.util.ContentUtilsTest$TestCase@76a6ae2b]" classname="com.dotcms.rendering.velocity.viewtools.content.util.ContentUtilsTest" time="6.11"/>
  <testcase name="testPullRelated[44: com.dotcms.rendering.velocity.viewtools.content.util.ContentUtilsTest$TestCase@25d3b19c]" classname="com.dotcms.rendering.velocity.viewtools.content.util.ContentUtilsTest" time="5.954"/>
  <testcase name="testPullRelated[45: com.dotcms.rendering.velocity.viewtools.content.util.ContentUtilsTest$TestCase@631b784e]" classname="com.dotcms.rendering.velocity.viewtools.content.util.ContentUtilsTest" time="5.004"/>
  <testcase name="testPullRelated[46: com.dotcms.rendering.velocity.viewtools.content.util.ContentUtilsTest$TestCase@6975bf88]" classname="com.dotcms.rendering.velocity.viewtools.content.util.ContentUtilsTest" time="6.511"/>
  <testcase name="testPullRelated[47: com.dotcms.rendering.velocity.viewtools.content.util.ContentUtilsTest$TestCase@2ae1837b]" classname="com.dotcms.rendering.velocity.viewtools.content.util.ContentUtilsTest" time="5.223"/>
  <testcase name="testPullRelated[48: com.dotcms.rendering.velocity.viewtools.content.util.ContentUtilsTest$TestCase@128698ea]" classname="com.dotcms.rendering.velocity.viewtools.content.util.ContentUtilsTest" time="6.875"/>
  <testcase name="testPullRelated[49: com.dotcms.rendering.velocity.viewtools.content.util.ContentUtilsTest$TestCase@2ae75bfc]" classname="com.dotcms.rendering.velocity.viewtools.content.util.ContentUtilsTest" time="6.039"/>
  <testcase name="testPullRelated[50: com.dotcms.rendering.velocity.viewtools.content.util.ContentUtilsTest$TestCase@6e2a28d7]" classname="com.dotcms.rendering.velocity.viewtools.content.util.ContentUtilsTest" time="5.294"/>
  <testcase name="testPullRelated[51: com.dotcms.rendering.velocity.viewtools.content.util.ContentUtilsTest$TestCase@48768432]" classname="com.dotcms.rendering.velocity.viewtools.content.util.ContentUtilsTest" time="5.949"/>
  <testcase name="testPullRelated[52: com.dotcms.rendering.velocity.viewtools.content.util.ContentUtilsTest$TestCase@6e91141e]" classname="com.dotcms.rendering.velocity.viewtools.content.util.ContentUtilsTest" time="6.205"/>
  <testcase name="testPullRelated[53: com.dotcms.rendering.velocity.viewtools.content.util.ContentUtilsTest$TestCase@7eb99a8b]" classname="com.dotcms.rendering.velocity.viewtools.content.util.ContentUtilsTest" time="5.972"/>
  <testcase name="testPullRelated[54: com.dotcms.rendering.velocity.viewtools.content.util.ContentUtilsTest$TestCase@41ea691b]" classname="com.dotcms.rendering.velocity.viewtools.content.util.ContentUtilsTest" time="6.162"/>
  <testcase name="testPullRelated[55: com.dotcms.rendering.velocity.viewtools.content.util.ContentUtilsTest$TestCase@3dc12200]" classname="com.dotcms.rendering.velocity.viewtools.content.util.ContentUtilsTest" time="6.063"/>
  <testcase name="testPullRelated[56: com.dotcms.rendering.velocity.viewtools.content.util.ContentUtilsTest$TestCase@5b16f042]" classname="com.dotcms.rendering.velocity.viewtools.content.util.ContentUtilsTest" time="5.197"/>
  <testcase name="testPullRelated[57: com.dotcms.rendering.velocity.viewtools.content.util.ContentUtilsTest$TestCase@69c94469]" classname="com.dotcms.rendering.velocity.viewtools.content.util.ContentUtilsTest" time="5.026"/>
  <testcase name="testPullRelated[58: com.dotcms.rendering.velocity.viewtools.content.util.ContentUtilsTest$TestCase@7b795afa]" classname="com.dotcms.rendering.velocity.viewtools.content.util.ContentUtilsTest" time="6.3"/>
  <testcase name="testPullRelated[59: com.dotcms.rendering.velocity.viewtools.content.util.ContentUtilsTest$TestCase@4f9ca6b7]" classname="com.dotcms.rendering.velocity.viewtools.content.util.ContentUtilsTest" time="4.937"/>
  <testcase name="testPullRelated[60: com.dotcms.rendering.velocity.viewtools.content.util.ContentUtilsTest$TestCase@2364dbe6]" classname="com.dotcms.rendering.velocity.viewtools.content.util.ContentUtilsTest" time="6.128"/>
  <testcase name="testPullRelated[61: com.dotcms.rendering.velocity.viewtools.content.util.ContentUtilsTest$TestCase@ad39ef]" classname="com.dotcms.rendering.velocity.viewtools.content.util.ContentUtilsTest" time="6.187"/>
  <testcase name="testPullRelated[62: com.dotcms.rendering.velocity.viewtools.content.util.ContentUtilsTest$TestCase@31b21d8a]" classname="com.dotcms.rendering.velocity.viewtools.content.util.ContentUtilsTest" time="6.226"/>
  <testcase name="testPullRelated[63: com.dotcms.rendering.velocity.viewtools.content.util.ContentUtilsTest$TestCase@1bb1bc15]" classname="com.dotcms.rendering.velocity.viewtools.content.util.ContentUtilsTest" time="5.896"/>
  <testcase name="testPullRelated[64: com.dotcms.rendering.velocity.viewtools.content.util.ContentUtilsTest$TestCase@1e0fef6e]" classname="com.dotcms.rendering.velocity.viewtools.content.util.ContentUtilsTest" time="6.287"/>
  <testcase name="testPullRelated[65: com.dotcms.rendering.velocity.viewtools.content.util.ContentUtilsTest$TestCase@7704cf01]" classname="com.dotcms.rendering.velocity.viewtools.content.util.ContentUtilsTest" time="5.316"/>
  <testcase name="testPullRelated[66: com.dotcms.rendering.velocity.viewtools.content.util.ContentUtilsTest$TestCase@567bd226]" classname="com.dotcms.rendering.velocity.viewtools.content.util.ContentUtilsTest" time="5.167"/>
  <testcase name="testPullRelated[67: com.dotcms.rendering.velocity.viewtools.content.util.ContentUtilsTest$TestCase@40bc9de8]" classname="com.dotcms.rendering.velocity.viewtools.content.util.ContentUtilsTest" time="6.811"/>
  <testcase name="testPullRelated[68: com.dotcms.rendering.velocity.viewtools.content.util.ContentUtilsTest$TestCase@21a96e0e]" classname="com.dotcms.rendering.velocity.viewtools.content.util.ContentUtilsTest" time="5.367"/>
  <testcase name="testPullRelated[69: com.dotcms.rendering.velocity.viewtools.content.util.ContentUtilsTest$TestCase@7084c1fd]" classname="com.dotcms.rendering.velocity.viewtools.content.util.ContentUtilsTest" time="5.962"/>
  <testcase name="testPullRelated[70: com.dotcms.rendering.velocity.viewtools.content.util.ContentUtilsTest$TestCase@78e6d729]" classname="com.dotcms.rendering.velocity.viewtools.content.util.ContentUtilsTest" time="6.086"/>
  <testcase name="testPullRelated[71: com.dotcms.rendering.velocity.viewtools.content.util.ContentUtilsTest$TestCase@5c915600]" classname="com.dotcms.rendering.velocity.viewtools.content.util.ContentUtilsTest" time="5.45"/>
  <testcase name="whenPublishAndExpireDatesAreInTheFutureAndTimeMachineIsAfterBoth" classname="com.dotcms.rendering.velocity.viewtools.content.util.ContentUtilsTest" time="3.488"/>
  <testcase name="testPullRelatedForLegacyRelationship[0: com.dotcms.rendering.velocity.viewtools.content.util.ContentUtilsTest$LegacyTestCase@36a29a82]" classname="com.dotcms.rendering.velocity.viewtools.content.util.ContentUtilsTest" time="4.896"/>
  <testcase name="testPullRelatedForLegacyRelationship[1: com.dotcms.rendering.velocity.viewtools.content.util.ContentUtilsTest$LegacyTestCase@60ff2e82]" classname="com.dotcms.rendering.velocity.viewtools.content.util.ContentUtilsTest" time="3.05"/>
  <testcase name="whenTheTimeMachineDateIsAfterTomorrowAndExpireDateIsTomorrowShouldNotReturnContent" classname="com.dotcms.rendering.velocity.viewtools.content.util.ContentUtilsTest" time="3.525"/>
  <testcase name="testPullLiveRelatedWhenLatestVersionIsWorking" classname="com.dotcms.rendering.velocity.viewtools.content.util.ContentUtilsTest" time="4.431"/>
  <testcase name="test_add_relationships_on_parent_children_related_contents" classname="com.dotcms.rendering.velocity.viewtools.content.util.ContentUtilsTest" time="1.646"/>
  <testcase name="testSortPullRelated[0: com.dotcms.rendering.velocity.viewtools.content.util.ContentUtilsTest$SortTestCase@2eeee22b]" classname="com.dotcms.rendering.velocity.viewtools.content.util.ContentUtilsTest" time="2.046"/>
  <testcase name="testSortPullRelated[1: com.dotcms.rendering.velocity.viewtools.content.util.ContentUtilsTest$SortTestCase@781990a0]" classname="com.dotcms.rendering.velocity.viewtools.content.util.ContentUtilsTest" time="2.28"/>
  <testcase name="testSortPullRelated[2: com.dotcms.rendering.velocity.viewtools.content.util.ContentUtilsTest$SortTestCase@5acd73ab]" classname="com.dotcms.rendering.velocity.viewtools.content.util.ContentUtilsTest" time="3.232"/>
  <testcase name="testSortPullRelated[3: com.dotcms.rendering.velocity.viewtools.content.util.ContentUtilsTest$SortTestCase@43dfcd4e]" classname="com.dotcms.rendering.velocity.viewtools.content.util.ContentUtilsTest" time="2.343"/>
  <testcase name="testSortPullRelated[4: com.dotcms.rendering.velocity.viewtools.content.util.ContentUtilsTest$SortTestCase@1a7990a4]" classname="com.dotcms.rendering.velocity.viewtools.content.util.ContentUtilsTest" time="3.343"/>
  <testcase name="testSortPullRelated[5: com.dotcms.rendering.velocity.viewtools.content.util.ContentUtilsTest$SortTestCase@2ed18fdb]" classname="com.dotcms.rendering.velocity.viewtools.content.util.ContentUtilsTest" time="3.133"/>
  <testcase name="whenTheTimeMachineDateIsAfterTomorrowAndExpireDateIsInFutureShouldReturnContent" classname="com.dotcms.rendering.velocity.viewtools.content.util.ContentUtilsTest" time="3.545"/>
  <testcase name="testPullRelatedFieldShouldRespectDefaultOrder" classname="com.dotcms.rendering.velocity.viewtools.content.util.ContentUtilsTest" time="2.848"/>
  <system-out><![CDATA[]]></system-out>
  <system-err><![CDATA[]]></system-err>
</testsuite>
