<?xml version="1.0" encoding="UTF-8"?>
<testsuite name="com.dotmarketing.business.IdentifierCacheImplTest" tests="2" skipped="0" failures="0" errors="0" timestamp="2023-06-23T19:45:01" hostname="fv-az507-453" time="0.009">
  <properties/>
  <testcase name="addIntoCacheWithVariant" classname="com.dotmarketing.business.IdentifierCacheImplTest" time="0.007"/>
  <testcase name="addIntoCache" classname="com.dotmarketing.business.IdentifierCacheImplTest" time="0.002"/>
  <system-out><![CDATA[]]></system-out>
  <system-err><![CDATA[]]></system-err>
</testsuite>
