<?xml version="1.0" encoding="UTF-8"?>
<testsuite name="com.dotmarketing.servlets.ajax.AjaxDirectorServletIntegrationTest" tests="2" skipped="0" failures="0" errors="0" timestamp="2023-07-14T23:47:23" hostname="fv-az343-544" time="5.092">
  <properties/>
  <testcase name="testService[0: com.dotmarketing.servlets.ajax.AjaxDirectorServletTestCase@20efb4c5]" classname="com.dotmarketing.servlets.ajax.AjaxDirectorServletIntegrationTest" time="2.037"/>
  <testcase name="testService[1: com.dotmarketing.servlets.ajax.AjaxDirectorServletTestCase@2482fee5]" classname="com.dotmarketing.servlets.ajax.AjaxDirectorServletIntegrationTest" time="3.055"/>
  <system-out><![CDATA[]]></system-out>
  <system-err><![CDATA[]]></system-err>
</testsuite>
