<?xml version="1.0" encoding="UTF-8"?>
<testsuite name="com.dotmarketing.startup.runonce.Task220402UpdateDateTimezonesTest" tests="1" skipped="0" failures="0" errors="0" timestamp="2023-07-10T23:57:34" hostname="fv-az620-40" time="0.039">
  <properties/>
  <testcase name="Test_Upgrade_Task" classname="com.dotmarketing.startup.runonce.Task220402UpdateDateTimezonesTest" time="0.039"/>
  <system-out><![CDATA[]]></system-out>
  <system-err><![CDATA[]]></system-err>
</testsuite>
