<?xml version="1.0" encoding="UTF-8"?>
<testsuite name="com.dotcms.contenttype.test.ContentResourceTest" tests="52" skipped="0" failures="0" errors="0" timestamp="2023-07-07T15:13:24" hostname="fv-az363-219" time="138.732">
  <properties/>
  <testcase name="testGetContentShouldReturnIconDetails" classname="com.dotcms.contenttype.test.ContentResourceTest" time="1.573"/>
  <testcase name="Test_Save_Action_Set_Words_To_Required_NumericField_Issue_15340" classname="com.dotcms.contenttype.test.ContentResourceTest" time="0.877"/>
  <testcase name="test_getContent_includeGrandChildCategory_success" classname="com.dotcms.contenttype.test.ContentResourceTest" time="1.309"/>
  <testcase name="testGetContentWithRelatedParameter[0: com.dotcms.contenttype.test.ContentResourceTest$PullRelatedTestCase@523d0753]" classname="com.dotcms.contenttype.test.ContentResourceTest" time="3.635"/>
  <testcase name="testGetContentWithRelatedParameter[1: com.dotcms.contenttype.test.ContentResourceTest$PullRelatedTestCase@2700e175]" classname="com.dotcms.contenttype.test.ContentResourceTest" time="3.592"/>
  <testcase name="testGetContentWithRelatedParameter[2: com.dotcms.contenttype.test.ContentResourceTest$PullRelatedTestCase@5b3d9a93]" classname="com.dotcms.contenttype.test.ContentResourceTest" time="3.614"/>
  <testcase name="testGetContentWithRelatedParameter[3: com.dotcms.contenttype.test.ContentResourceTest$PullRelatedTestCase@3145c324]" classname="com.dotcms.contenttype.test.ContentResourceTest" time="3.354"/>
  <testcase name="testGetContentWithRelatedParameter[4: com.dotcms.contenttype.test.ContentResourceTest$PullRelatedTestCase@b785dc0]" classname="com.dotcms.contenttype.test.ContentResourceTest" time="3.664"/>
  <testcase name="test_getContent_SelfRelatedWith3LevelsOfDepth_shouldReturnRelationships" classname="com.dotcms.contenttype.test.ContentResourceTest" time="1.3"/>
  <testcase name="Test_Save_Action_Send_Fields_SubSet_Issue_15340" classname="com.dotcms.contenttype.test.ContentResourceTest" time="2.83"/>
  <testcase name="test_getContent_shouldReturnRelationships[0: com.dotcms.contenttype.test.ContentResourceTest$TestCase@2b531e93]" classname="com.dotcms.contenttype.test.ContentResourceTest" time="2.591"/>
  <testcase name="test_getContent_shouldReturnRelationships[1: com.dotcms.contenttype.test.ContentResourceTest$TestCase@1c8df068]" classname="com.dotcms.contenttype.test.ContentResourceTest" time="2.668"/>
  <testcase name="test_getContent_shouldReturnRelationships[2: com.dotcms.contenttype.test.ContentResourceTest$TestCase@3ce4c3e]" classname="com.dotcms.contenttype.test.ContentResourceTest" time="2.702"/>
  <testcase name="test_getContent_shouldReturnRelationships[3: com.dotcms.contenttype.test.ContentResourceTest$TestCase@4a9187da]" classname="com.dotcms.contenttype.test.ContentResourceTest" time="2.786"/>
  <testcase name="test_getContent_shouldReturnRelationships[4: com.dotcms.contenttype.test.ContentResourceTest$TestCase@7985bf9d]" classname="com.dotcms.contenttype.test.ContentResourceTest" time="2.737"/>
  <testcase name="test_getContent_shouldReturnRelationships[5: com.dotcms.contenttype.test.ContentResourceTest$TestCase@af80e75]" classname="com.dotcms.contenttype.test.ContentResourceTest" time="2.701"/>
  <testcase name="test_getContent_shouldReturnRelationships[6: com.dotcms.contenttype.test.ContentResourceTest$TestCase@7b261ca8]" classname="com.dotcms.contenttype.test.ContentResourceTest" time="2.876"/>
  <testcase name="test_getContent_shouldReturnRelationships[7: com.dotcms.contenttype.test.ContentResourceTest$TestCase@3dcfeb41]" classname="com.dotcms.contenttype.test.ContentResourceTest" time="2.691"/>
  <testcase name="test_getContent_shouldReturnRelationships[8: com.dotcms.contenttype.test.ContentResourceTest$TestCase@69e2c232]" classname="com.dotcms.contenttype.test.ContentResourceTest" time="3.113"/>
  <testcase name="test_getContent_shouldReturnRelationships[9: com.dotcms.contenttype.test.ContentResourceTest$TestCase@23a3e2dd]" classname="com.dotcms.contenttype.test.ContentResourceTest" time="3.042"/>
  <testcase name="test_getContent_shouldReturnRelationships[10: com.dotcms.contenttype.test.ContentResourceTest$TestCase@682b695d]" classname="com.dotcms.contenttype.test.ContentResourceTest" time="2.846"/>
  <testcase name="test_getContent_shouldReturnRelationships[11: com.dotcms.contenttype.test.ContentResourceTest$TestCase@2afc02fa]" classname="com.dotcms.contenttype.test.ContentResourceTest" time="2.747"/>
  <testcase name="test_getContent_shouldReturnRelationships[12: com.dotcms.contenttype.test.ContentResourceTest$TestCase@5570b6c5]" classname="com.dotcms.contenttype.test.ContentResourceTest" time="2.803"/>
  <testcase name="test_getContent_shouldReturnRelationships[13: com.dotcms.contenttype.test.ContentResourceTest$TestCase@697913bc]" classname="com.dotcms.contenttype.test.ContentResourceTest" time="2.768"/>
  <testcase name="test_getContent_shouldReturnRelationships[14: com.dotcms.contenttype.test.ContentResourceTest$TestCase@5aabfe4f]" classname="com.dotcms.contenttype.test.ContentResourceTest" time="2.806"/>
  <testcase name="test_getContent_shouldReturnRelationships[15: com.dotcms.contenttype.test.ContentResourceTest$TestCase@100adc32]" classname="com.dotcms.contenttype.test.ContentResourceTest" time="3.96"/>
  <testcase name="test_getContent_shouldReturnRelationships[16: com.dotcms.contenttype.test.ContentResourceTest$TestCase@409c9668]" classname="com.dotcms.contenttype.test.ContentResourceTest" time="3.649"/>
  <testcase name="test_getContent_shouldReturnRelationships[17: com.dotcms.contenttype.test.ContentResourceTest$TestCase@61d99934]" classname="com.dotcms.contenttype.test.ContentResourceTest" time="3.111"/>
  <testcase name="test_getContent_shouldReturnRelationships[18: com.dotcms.contenttype.test.ContentResourceTest$TestCase@64054ac6]" classname="com.dotcms.contenttype.test.ContentResourceTest" time="2.904"/>
  <testcase name="test_getContent_shouldReturnRelationships[19: com.dotcms.contenttype.test.ContentResourceTest$TestCase@2228f138]" classname="com.dotcms.contenttype.test.ContentResourceTest" time="2.908"/>
  <testcase name="test_getContent_shouldReturnRelationships[20: com.dotcms.contenttype.test.ContentResourceTest$TestCase@6230cc3]" classname="com.dotcms.contenttype.test.ContentResourceTest" time="2.141"/>
  <testcase name="test_getContent_shouldReturnRelationships[21: com.dotcms.contenttype.test.ContentResourceTest$TestCase@2b9e250a]" classname="com.dotcms.contenttype.test.ContentResourceTest" time="1.977"/>
  <testcase name="test_getContent_shouldReturnRelationships[22: com.dotcms.contenttype.test.ContentResourceTest$TestCase@650319c5]" classname="com.dotcms.contenttype.test.ContentResourceTest" time="2.986"/>
  <testcase name="test_getContent_shouldReturnRelationships[23: com.dotcms.contenttype.test.ContentResourceTest$TestCase@c7856c]" classname="com.dotcms.contenttype.test.ContentResourceTest" time="2.933"/>
  <testcase name="test_getContent_shouldReturnRelationships[24: com.dotcms.contenttype.test.ContentResourceTest$TestCase@1e9cd4a3]" classname="com.dotcms.contenttype.test.ContentResourceTest" time="3.205"/>
  <testcase name="test_getContent_shouldReturnRelationships[25: com.dotcms.contenttype.test.ContentResourceTest$TestCase@4470140f]" classname="com.dotcms.contenttype.test.ContentResourceTest" time="2.26"/>
  <testcase name="test_getContent_shouldReturnRelationships[26: com.dotcms.contenttype.test.ContentResourceTest$TestCase@39c0e075]" classname="com.dotcms.contenttype.test.ContentResourceTest" time="3.271"/>
  <testcase name="test_getContent_shouldReturnRelationships[27: com.dotcms.contenttype.test.ContentResourceTest$TestCase@510eec4]" classname="com.dotcms.contenttype.test.ContentResourceTest" time="2.91"/>
  <testcase name="test_getContent_shouldReturnRelationships[28: com.dotcms.contenttype.test.ContentResourceTest$TestCase@7dd11b09]" classname="com.dotcms.contenttype.test.ContentResourceTest" time="2.876"/>
  <testcase name="test_getContent_shouldReturnRelationships[29: com.dotcms.contenttype.test.ContentResourceTest$TestCase@39c5b8d0]" classname="com.dotcms.contenttype.test.ContentResourceTest" time="1.786"/>
  <testcase name="test_getContent_shouldReturnRelationships[30: com.dotcms.contenttype.test.ContentResourceTest$TestCase@73834d5]" classname="com.dotcms.contenttype.test.ContentResourceTest" time="2.837"/>
  <testcase name="test_getContent_shouldReturnRelationships[31: com.dotcms.contenttype.test.ContentResourceTest$TestCase@5dc9c38]" classname="com.dotcms.contenttype.test.ContentResourceTest" time="2.909"/>
  <testcase name="test_getContent_shouldReturnRelationships[32: com.dotcms.contenttype.test.ContentResourceTest$TestCase@70a0d6d9]" classname="com.dotcms.contenttype.test.ContentResourceTest" time="3.826"/>
  <testcase name="test_getContent_shouldReturnRelationships[33: com.dotcms.contenttype.test.ContentResourceTest$TestCase@64b7f325]" classname="com.dotcms.contenttype.test.ContentResourceTest" time="3.998"/>
  <testcase name="testSinglePOST_InvalidParamsShouldReturn400[0: ({\n    &quot;stInode&quot; : &quot;InvalidValue&quot;,\n    &quot;numeric&quot; : &quot;0&quot;,\n    &quot;image&quot; : &quot;whatever&quot;\n}, Bad Request)]" classname="com.dotcms.contenttype.test.ContentResourceTest" time="0.888"/>
  <testcase name="testSinglePOST_InvalidParamsShouldReturn400[1: ({\n    &quot;numeric&quot; : &quot;0&quot;,\n    &quot;image&quot; : &quot;whatever&quot;\n}, Bad Request)]" classname="com.dotcms.contenttype.test.ContentResourceTest" time="0.86"/>
  <testcase name="Test_Save_Action_Set_Null_To_Required_NumericField_Issue_15340" classname="com.dotcms.contenttype.test.ContentResourceTest" time="0.89"/>
  <testcase name="Test_Save_Action_Remove_Image_Then_Verify_Fields_Were_Cleared_Issue_15340" classname="com.dotcms.contenttype.test.ContentResourceTest" time="3.772"/>
  <testcase name="test_getContentWithMultipleSelfRelated_shouldReturnRelationships[0: com.dotcms.contenttype.test.ContentResourceTest$PullSelfRelatedTestCase@43b388c3]" classname="com.dotcms.contenttype.test.ContentResourceTest" time="1.648"/>
  <testcase name="test_getContentWithMultipleSelfRelated_shouldReturnRelationships[1: com.dotcms.contenttype.test.ContentResourceTest$PullSelfRelatedTestCase@35538872]" classname="com.dotcms.contenttype.test.ContentResourceTest" time="1.615"/>
  <testcase name="testGetContentWithAllCategoriesInfo[0: json]" classname="com.dotcms.contenttype.test.ContentResourceTest" time="2.486"/>
  <testcase name="testGetContentWithAllCategoriesInfo[1: xml]" classname="com.dotcms.contenttype.test.ContentResourceTest" time="2.496"/>
  <system-out><![CDATA[











]]></system-out>
  <system-err><![CDATA[]]></system-err>
</testsuite>
