<?xml version="1.0" encoding="UTF-8"?>
<testsuite name="com.dotmarketing.startup.runonce.Task211101AddContentletAsJsonColumnTest" tests="1" skipped="0" failures="0" errors="0" timestamp="2023-07-07T19:36:41" hostname="fv-az1131-394" time="0.524">
  <properties/>
  <testcase name="Test_Upgrade_Task" classname="com.dotmarketing.startup.runonce.Task211101AddContentletAsJsonColumnTest" time="0.524"/>
  <system-out><![CDATA[]]></system-out>
  <system-err><![CDATA[]]></system-err>
</testsuite>
