<?xml version="1.0" encoding="UTF-8"?>
<testsuite name="com.dotcms.rest.api.v1.vtl.VTLResourceIntegrationTest" tests="6" skipped="0" failures="0" errors="0" timestamp="2023-07-18T16:37:13" hostname="fv-az491-599" time="12.173">
  <properties/>
  <testcase name="testGet[0: com.dotcms.rest.api.v1.vtl.VTLResourceTestCase@19f9218d]" classname="com.dotcms.rest.api.v1.vtl.VTLResourceIntegrationTest" time="2.268"/>
  <testcase name="testGet[1: com.dotcms.rest.api.v1.vtl.VTLResourceTestCase@368a627e]" classname="com.dotcms.rest.api.v1.vtl.VTLResourceIntegrationTest" time="1.814"/>
  <testcase name="testGet[2: com.dotcms.rest.api.v1.vtl.VTLResourceTestCase@279f0b7d]" classname="com.dotcms.rest.api.v1.vtl.VTLResourceIntegrationTest" time="2.09"/>
  <testcase name="testGet[3: com.dotcms.rest.api.v1.vtl.VTLResourceTestCase@616cf5e]" classname="com.dotcms.rest.api.v1.vtl.VTLResourceIntegrationTest" time="2.052"/>
  <testcase name="testGet[4: com.dotcms.rest.api.v1.vtl.VTLResourceTestCase@56336358]" classname="com.dotcms.rest.api.v1.vtl.VTLResourceIntegrationTest" time="1.907"/>
  <testcase name="testGet[5: com.dotcms.rest.api.v1.vtl.VTLResourceTestCase@334f6272]" classname="com.dotcms.rest.api.v1.vtl.VTLResourceIntegrationTest" time="2.042"/>
  <system-out><![CDATA[]]></system-out>
  <system-err><![CDATA[]]></system-err>
</testsuite>
