<?xml version="1.0" encoding="UTF-8"?>
<testsuite name="com.dotmarketing.business.DeterministicIdentifierAPITest" tests="16" skipped="0" failures="0" errors="0" timestamp="2023-06-29T19:20:06" hostname="fv-az572-127" time="1.437">
  <properties/>
  <testcase name="Test_Category_Path_Seed_And_Id" classname="com.dotmarketing.business.DeterministicIdentifierAPITest" time="0.031"/>
  <testcase name="Test_Language_Deterministic_Id[0: LanguageTestCase{expectedSeed='Language:es:US', expectedHash=4913155, langCode='es', countryCode='US', country='United States'}]" classname="com.dotmarketing.business.DeterministicIdentifierAPITest" time="0.001"/>
  <testcase name="Test_Language_Deterministic_Id[1: LanguageTestCase{expectedSeed='Language:ep:', expectedHash=5292269, langCode='ep', countryCode='', country=''}]" classname="com.dotmarketing.business.DeterministicIdentifierAPITest" time="0.001"/>
  <testcase name="Test_Language_Deterministic_Id[2: LanguageTestCase{expectedSeed='Language:sg:SAG', expectedHash=4713118, langCode='sg', countryCode='SAG', country=''}]" classname="com.dotmarketing.business.DeterministicIdentifierAPITest" time="0.001"/>
  <testcase name="Test_Language_Deterministic_Id[3: LanguageTestCase{expectedSeed='Language:en:NZ', expectedHash=5382528, langCode='en', countryCode='NZ', country='New Zealand'}]" classname="com.dotmarketing.business.DeterministicIdentifierAPITest" time="0.002"/>
  <testcase name="Test_Category_None_Persisted_Category_Should_Return_Deterministic_Id" classname="com.dotmarketing.business.DeterministicIdentifierAPITest" time="0.002"/>
  <testcase name="Test_Asset_Generate_Deterministic_Id_Best_Effort[0: TestCase{versionable=my.host1688065979295.com, parent=System Host, expectedName='my.host1688065979295.com', expectedType='Host'}]" classname="com.dotmarketing.business.DeterministicIdentifierAPITest" time="0.004"/>
  <testcase name="Test_Asset_Generate_Deterministic_Id_Best_Effort[1: TestCase{versionable=com.dotmarketing.portlets.contentlet.model.Contentlet@431368d3[map={modDate=2023-06-29 19:12:59.81, fileName=file7498753165569712468.txt, title=file7498753165569712468.txt, inode=8c079b9d-3531-4556-87a2-511b2a920686, __IS_NEW_CONTENT__=true, disabledWYSIWYG=[], host=0119034f-ecb3-4940-922c-033c9a398a7b, stInode=33888b6f-7a8e-4069-b1b6-5c1aa9d0a48d, owner=system, identifier=70115a2d-3bc3-44e4-9c45-33b267cc77b2, nullProperties=[wfExpireDate, wfPublishDate, wfActionAssign, wfActionId, wfActionComments, filterKey, whereToSend, wfNeverExpire, _path_to_move, timezoneId, iWantTo, wfPublishTime, wfExpireTime], languageId=1, fileAsset=/home/runner/work/core/custom/assets/8/c/8c079b9d-3531-4556-87a2-511b2a920686/fileAsset/file7498753165569712468.txt, folder=927494f8-cd7b-4340-b9cb-04a810373183, __disable_workflow__=true, sortOrder=0, modUser=system},lowIndexPriority=false,variantId=DEFAULT], parent=com.dotmarketing.portlets.folders.model.Folder@2d32e787[identifier=927494f8-cd7b-4340-b9cb-04a810373183,name=testName1688065979801,sortOrder=0,showOnMenu=false,hostId=0119034f-ecb3-4940-922c-033c9a398a7b,type=folder,title=testTitle1688065979801,filesMasks=,defaultFileType=33888b6f-7a8e-4069-b1b6-5c1aa9d0a48d,modDate=2023-06-29 19:12:59.804,owner=&lt;null&gt;,iDate=2023-06-29 19:12:59.804,inode=927494f8-cd7b-4340-b9cb-04a810373183,path=/testName1688065979801/], expectedName='file7498753165569712468.txt', expectedType='FileAsset'}]" classname="com.dotmarketing.business.DeterministicIdentifierAPITest" time="0.005"/>
  <testcase name="Test_Asset_Generate_Deterministic_Id_Best_Effort[2: TestCase{versionable=com.dotmarketing.portlets.templates.model.Template@373f7555, parent=my.host1688065979295.com, expectedName='testTitle1688065979923', expectedType='Template'}]" classname="com.dotmarketing.business.DeterministicIdentifierAPITest" time="0.003"/>
  <testcase name="Test_Asset_Generate_Deterministic_Id_Best_Effort[3: TestCase{versionable=com.dotmarketing.portlets.htmlpageasset.model.HTMLPageAsset@2d82c18d[map={template=5604ab75-f291-4648-a4af-13b45bb67a78, owner=system, identifier=77b78c61-5427-4838-9508-7e9aa2dbab99, nullProperties=[wfExpireDate, wfPublishDate, wfActionAssign, wfActionId, wfActionComments, filterKey, whereToSend, wfNeverExpire, _path_to_move, timezoneId, iWantTo, wfPublishTime, wfExpireTime], modDate=2023-06-29 19:12:59.959, cachettl=0, _is_test_mode=true, languageId=1, title=test-page-title-1688065979941, httpsreq=, url=test-page-url-1688065979941, showOnMenu=, inode=4e18dec5-e7fa-4985-adcf-13050ee5b4f6, folder=927494f8-cd7b-4340-b9cb-04a810373183, disabledWYSIWYG=[], sortOrder=1, modUser=system, host=0119034f-ecb3-4940-922c-033c9a398a7b, stInode=c541abb1-69b3-4bc5-8430-5e09e5239cc8, friendlyName=test-page-friendly-name-1688065979941},lowIndexPriority=false,variantId=DEFAULT], parent=com.dotmarketing.portlets.folders.model.Folder@2d32e787[identifier=927494f8-cd7b-4340-b9cb-04a810373183,name=testName1688065979801,sortOrder=0,showOnMenu=false,hostId=0119034f-ecb3-4940-922c-033c9a398a7b,type=folder,title=testTitle1688065979801,filesMasks=,defaultFileType=33888b6f-7a8e-4069-b1b6-5c1aa9d0a48d,modDate=2023-06-29 19:12:59.804,owner=&lt;null&gt;,iDate=2023-06-29 19:12:59.804,inode=927494f8-cd7b-4340-b9cb-04a810373183,path=/testName1688065979801/], expectedName='test-page-url-1688065979941', expectedType='htmlpageasset'}]" classname="com.dotmarketing.business.DeterministicIdentifierAPITest" time="0.003"/>
  <testcase name="Test_Asset_Generate_Deterministic_Id_Best_Effort[4: TestCase{versionable=com.dotmarketing.portlets.contentlet.model.Contentlet@6d85be2b[map={fileAsset2=/home/runner/work/core/custom/assets/0/1/016a0df8-b793-4df0-aa38-6cc115dd2ddb/fileAsset2/test_binary1688065981814.png, modDate=2023-06-29 19:13:01.819, fileAsset1=/home/runner/work/core/custom/assets/0/1/016a0df8-b793-4df0-aa38-6cc115dd2ddb/fileAsset1/test_binary1688065981813.jpg, title=blah, inode=016a0df8-b793-4df0-aa38-6cc115dd2ddb, __IS_NEW_CONTENT__=true, disabledWYSIWYG=[], host=48190c8c-42c4-46af-8d1a-0cd5db894797, stInode=f7030446-8308-4fdc-9e40-b445cdfc8c79, owner=system, identifier=6e35c414-481b-4aad-892b-42b8b9114bb6, nullProperties=[], languageId=1, image1=7b944a10-ff0b-4fc6-be42-fdea99b5e5ec, folder=SYSTEM_FOLDER, __disable_workflow__=true, sortOrder=0, modUser=system},lowIndexPriority=false,variantId=DEFAULT], parent=demo.dotcms.com, expectedName='test_binary1688065981813.jpg:test_binary1688065981814.png', expectedType='MultipleBinaries1688065980218'}]" classname="com.dotmarketing.business.DeterministicIdentifierAPITest" time="0.004"/>
  <testcase name="Test_Asset_Generate_Deterministic_Id_Best_Effort[5: TestCase{versionable=nameb435c2c0a6 : keyTagb435c2c0a6, parent=my.host1688065979295.com, expectedName='keyTagb435c2c0a6', expectedType='persona'}]" classname="com.dotmarketing.business.DeterministicIdentifierAPITest" time="0.003"/>
  <testcase name="Test_Similar_Content_Type_Wont_Clash" classname="com.dotmarketing.business.DeterministicIdentifierAPITest" time="0.614"/>
  <testcase name="Test_Generate_Folder_Identifier" classname="com.dotmarketing.business.DeterministicIdentifierAPITest" time="0.75"/>
  <testcase name="Test_Generate_Content_Type_Identifier[0: ContentTypeTestCase{contentType=KeyValueContentType{name=Language Variable, id=f4d7c1b8-2c88-4071-abf1-a5328977b07d, description=Default Content Type for Language Variables, defaultType=false, fixed=true, iDate=Thu Aug 31 16:38:49 UTC 2017, system=true, versionable=true, variable=Languagevariable, modDate=Thu Jun 29 17:58:50 UTC 2023, host=SYSTEM_HOST, siteName=systemHost, icon=language, sortOrder=0, folder=SYSTEM_FOLDER, folderPath=/, markedForDeletion=true, multilingualable=false}, expectedName='Languagevariable', expectedType='KeyValue'}]" classname="com.dotmarketing.business.DeterministicIdentifierAPITest" time="0.005"/>
  <testcase name="Test_Generate_Content_Type_Identifier[1: ContentTypeTestCase{contentType=SimpleContentType{name=testName1688065982262, id=4a0ef715-d2e4-4018-a358-26449d23b838, description=testDescription1688065982262, defaultType=false, fixed=false, iDate=Thu Jun 29 19:13:02 UTC 2023, system=false, versionable=true, multilingualable=false, variable=testVarname1688065982262, owner=system, modDate=Thu Jun 29 19:13:03 UTC 2023, host=48190c8c-42c4-46af-8d1a-0cd5db894797, siteName=demo.dotcms.com, icon=event_note, sortOrder=0, folder=SYSTEM_FOLDER, folderPath=/, requiredFields=[], markedForDeletion=false}, expectedName='testVarname1688065982262', expectedType='CONTENT'}]" classname="com.dotmarketing.business.DeterministicIdentifierAPITest" time="0.005"/>
  <system-out><![CDATA[]]></system-out>
  <system-err><![CDATA[]]></system-err>
</testsuite>
