<?xml version="1.0" encoding="UTF-8"?>
<testsuite name="com.dotcms.keyvalue.business.KeyValueAPITest" tests="9" skipped="0" failures="0" errors="0" timestamp="2023-07-11T16:52:32" hostname="fv-az351-324" time="12.63">
  <properties/>
  <testcase name="keyValueLanguageContentTypeCache" classname="com.dotcms.keyvalue.business.KeyValueAPITest" time="1.464"/>
  <testcase name="keyValueLanguageCache" classname="com.dotcms.keyvalue.business.KeyValueAPITest" time="1.388"/>
  <testcase name="keyValueContentTypeCache" classname="com.dotcms.keyvalue.business.KeyValueAPITest" time="1.312"/>
  <testcase name="keyValueCache" classname="com.dotcms.keyvalue.business.KeyValueAPITest" time="1.334"/>
  <testcase name="updateKeyValueContent" classname="com.dotcms.keyvalue.business.KeyValueAPITest" time="0.84"/>
  <testcase name="getKeyValueList" classname="com.dotcms.keyvalue.business.KeyValueAPITest" time="2.176"/>
  <testcase name="saveKeyValueContentWithUnique" classname="com.dotcms.keyvalue.business.KeyValueAPITest" time="1.251"/>
  <testcase name="test_get_savesKeyWithWhitespaceInEnglishAndSpanish_success" classname="com.dotcms.keyvalue.business.KeyValueAPITest" time="1.49"/>
  <testcase name="savesKeyValueContentWithVersionInEnglishAndSpanish" classname="com.dotcms.keyvalue.business.KeyValueAPITest" time="1.374"/>
  <system-out><![CDATA[
]]></system-out>
  <system-err><![CDATA[]]></system-err>
</testsuite>
