<?xml version="1.0" encoding="UTF-8"?>
<testsuite name="com.dotcms.storage.StoragePersistenceAPITest" tests="18" skipped="0" failures="0" errors="0" timestamp="2023-07-08T01:25:18" hostname="fv-az166-981" time="1.847">
  <properties/>
  <testcase name="Test_Get_Provider_By_StorageType" classname="com.dotcms.storage.StoragePersistenceAPITest" time="0.003"/>
  <testcase name="Test_Replace_Entry[0: TestCase{storageType=FILE_SYSTEM, groupName='0Wc7nxHCnu', path='any-path', file=testFile5682558508825306382.bin}]" classname="com.dotcms.storage.StoragePersistenceAPITest" time="0.003"/>
  <testcase name="Test_Replace_Entry[1: TestCase{storageType=DB, groupName='0Wc7nxHCnu', path='any-path', file=testFile5682558508825306382.bin}]" classname="com.dotcms.storage.StoragePersistenceAPITest" time="0.055"/>
  <testcase name="Test_Pull_File_Different_Casing[0: TestCase{storageType=FILE_SYSTEM, groupName='0Wc7nxHCnu', path='any-path', file=testFile5682558508825306382.bin}]" classname="com.dotcms.storage.StoragePersistenceAPITest" time="0.001"/>
  <testcase name="Test_Pull_File_Different_Casing[1: TestCase{storageType=DB, groupName='0Wc7nxHCnu', path='any-path', file=testFile5682558508825306382.bin}]" classname="com.dotcms.storage.StoragePersistenceAPITest" time="0.007"/>
  <testcase name="Test_Get_Default_Provider" classname="com.dotcms.storage.StoragePersistenceAPITest" time="0.001"/>
  <testcase name="Test_Attempt_Push_Same_Binary_Twice[0: TestCase{storageType=FILE_SYSTEM, groupName='pJhiAuu36v', path='imageFilePath', file=test_image2.png}]" classname="com.dotcms.storage.StoragePersistenceAPITest" time="0.002"/>
  <testcase name="Test_Attempt_Push_Same_Binary_Twice[1: TestCase{storageType=DB, groupName='pJhiAuu36v', path='imageFilePath', file=test_image2.png}]" classname="com.dotcms.storage.StoragePersistenceAPITest" time="0.014"/>
  <testcase name="Test_Delete_Object_Version[0: TestCase{storageType=FILE_SYSTEM, groupName='tGyfFH8tyD', path='fixed-large-file-path', file=testFile7457639553981120135.bin}]" classname="com.dotcms.storage.StoragePersistenceAPITest" time="0.052"/>
  <testcase name="Test_Delete_Object_Version[1: TestCase{storageType=DB, groupName='tGyfFH8tyD', path='fixed-large-file-path', file=testFile7457639553981120135.bin}]" classname="com.dotcms.storage.StoragePersistenceAPITest" time="1.369"/>
  <testcase name="Test_Storage_Push_File_Then_Recover_Then_Remove_Group[0: TestCase{storageType=FILE_SYSTEM, groupName='fixed-group-name', path='textFilePath', file=test.txt}]" classname="com.dotcms.storage.StoragePersistenceAPITest" time="0.006"/>
  <testcase name="Test_Storage_Push_File_Then_Recover_Then_Remove_Group[1: TestCase{storageType=FILE_SYSTEM, groupName='fixed-group-name', path='imageFilePath', file=test_image1.jpg}]" classname="com.dotcms.storage.StoragePersistenceAPITest" time="0.002"/>
  <testcase name="Test_Storage_Push_File_Then_Recover_Then_Remove_Group[2: TestCase{storageType=DB, groupName='fixed-group-name', path='textFilePath', file=test.txt}]" classname="com.dotcms.storage.StoragePersistenceAPITest" time="0.013"/>
  <testcase name="Test_Storage_Push_File_Then_Recover_Then_Remove_Group[3: TestCase{storageType=DB, groupName='fixed-group-name', path='imageFilePath', file=test_image1.jpg}]" classname="com.dotcms.storage.StoragePersistenceAPITest" time="0.13"/>
  <testcase name="Test_Attempt_Create_Dupe_Group[0: TestCase{storageType=FILE_SYSTEM, groupName='e62B3r6aSK', path='null', file=n/a}]" classname="com.dotcms.storage.StoragePersistenceAPITest" time="0.0"/>
  <testcase name="Test_Attempt_Create_Dupe_Group[1: TestCase{storageType=DB, groupName='e62B3r6aSK', path='null', file=n/a}]" classname="com.dotcms.storage.StoragePersistenceAPITest" time="0.003"/>
  <testcase name="Test_Push_Large_File[0: TestCase{storageType=FILE_SYSTEM, groupName='tGyfFH8tyD', path='fixed-large-file-path', file=testFile7457639553981120135.bin}]" classname="com.dotcms.storage.StoragePersistenceAPITest" time="0.041"/>
  <testcase name="Test_Push_Large_File[1: TestCase{storageType=DB, groupName='tGyfFH8tyD', path='fixed-large-file-path', file=testFile7457639553981120135.bin}]" classname="com.dotcms.storage.StoragePersistenceAPITest" time="0.143"/>
  <system-out><![CDATA[]]></system-out>
  <system-err><![CDATA[]]></system-err>
</testsuite>
