<?xml version="1.0" encoding="UTF-8"?>
<testsuite name="com.dotcms.rest.BundleResourceTest" tests="5" skipped="0" failures="0" errors="0" timestamp="2023-06-28T15:36:17" hostname="fv-az1135-364" time="18.012">
  <properties/>
  <testcase name="shouldCleanRelationshipCache" classname="com.dotcms.rest.BundleResourceTest" time="5.054"/>
  <testcase name="test_generateBundle_success" classname="com.dotcms.rest.BundleResourceTest" time="0.74"/>
  <testcase name="test_downloadBundle_success" classname="com.dotcms.rest.BundleResourceTest" time="0.737"/>
  <testcase name="test_downloadBundle_fileNotGenerated_return404" classname="com.dotcms.rest.BundleResourceTest" time="0.719"/>
  <testcase name="test_deleteAll" classname="com.dotcms.rest.BundleResourceTest" time="10.761"/>
  <system-out><![CDATA[

]]></system-out>
  <system-err><![CDATA[]]></system-err>
</testsuite>
