<?xml version="1.0" encoding="UTF-8"?>
<testsuite name="com.dotcms.integritycheckers.HostIntegrityCheckerTest" tests="6" skipped="0" failures="0" errors="0" timestamp="2023-06-28T04:46:02" hostname="fv-az592-477" time="3.095">
  <properties/>
  <testcase name="test_getIntegrityType" classname="com.dotcms.integritycheckers.HostIntegrityCheckerTest" time="0.002"/>
  <testcase name="test_generateIntegrityResults[0: true]" classname="com.dotcms.integritycheckers.HostIntegrityCheckerTest" time="0.725"/>
  <testcase name="test_generateIntegrityResults[1: false]" classname="com.dotcms.integritycheckers.HostIntegrityCheckerTest" time="0.703"/>
  <testcase name="test_executeFix[0: true]" classname="com.dotcms.integritycheckers.HostIntegrityCheckerTest" time="0.792"/>
  <testcase name="test_executeFix[1: false]" classname="com.dotcms.integritycheckers.HostIntegrityCheckerTest" time="0.776"/>
  <testcase name="test_generateCSVFile" classname="com.dotcms.integritycheckers.HostIntegrityCheckerTest" time="0.097"/>
  <system-out><![CDATA[]]></system-out>
  <system-err><![CDATA[]]></system-err>
</testsuite>
