<?xml version="1.0" encoding="UTF-8"?>
<testsuite name="com.dotmarketing.portlets.structure.model.ContentletRelationshipsTest" tests="7" skipped="0" failures="0" errors="0" timestamp="2023-06-29T19:08:55" hostname="fv-az453-135" time="9.18">
  <properties/>
  <testcase name="testDoesAllowOnlyOne[0: com.dotmarketing.portlets.structure.model.ContentletRelationshipsTest$CardinalityTestCase@69088519]" classname="com.dotmarketing.portlets.structure.model.ContentletRelationshipsTest" time="0.548"/>
  <testcase name="testDoesAllowOnlyOne[1: com.dotmarketing.portlets.structure.model.ContentletRelationshipsTest$CardinalityTestCase@6d24df59]" classname="com.dotmarketing.portlets.structure.model.ContentletRelationshipsTest" time="0.471"/>
  <testcase name="testDoesAllowOnlyOne[2: com.dotmarketing.portlets.structure.model.ContentletRelationshipsTest$CardinalityTestCase@605b590e]" classname="com.dotmarketing.portlets.structure.model.ContentletRelationshipsTest" time="0.492"/>
  <testcase name="testGetRelationshipRecords[0: com.dotmarketing.portlets.structure.model.ContentletRelationshipsTest$TestCase@7e2b65d7]" classname="com.dotmarketing.portlets.structure.model.ContentletRelationshipsTest" time="1.306"/>
  <testcase name="testGetRelationshipRecords[1: com.dotmarketing.portlets.structure.model.ContentletRelationshipsTest$TestCase@53260746]" classname="com.dotmarketing.portlets.structure.model.ContentletRelationshipsTest" time="2.287"/>
  <testcase name="testGetRelationshipRecords[2: com.dotmarketing.portlets.structure.model.ContentletRelationshipsTest$TestCase@18b3c46c]" classname="com.dotmarketing.portlets.structure.model.ContentletRelationshipsTest" time="2.16"/>
  <testcase name="testGetRelationshipRecords[3: com.dotmarketing.portlets.structure.model.ContentletRelationshipsTest$TestCase@229a7d5d]" classname="com.dotmarketing.portlets.structure.model.ContentletRelationshipsTest" time="1.915"/>
  <system-out><![CDATA[]]></system-out>
  <system-err><![CDATA[]]></system-err>
</testsuite>
