<?xml version="1.0" encoding="UTF-8"?>
<testsuite name="com.dotmarketing.business.DeterministicIdentifierAPITest" tests="16" skipped="0" failures="0" errors="0" timestamp="2023-07-18T01:24:58" hostname="fv-az877-612" time="1.388">
  <properties/>
  <testcase name="Test_Category_Path_Seed_And_Id" classname="com.dotmarketing.business.DeterministicIdentifierAPITest" time="0.022"/>
  <testcase name="Test_Language_Deterministic_Id[0: LanguageTestCase{expectedSeed='Language:es:US', expectedHash=4913155, langCode='es', countryCode='US', country='United States'}]" classname="com.dotmarketing.business.DeterministicIdentifierAPITest" time="0.001"/>
  <testcase name="Test_Language_Deterministic_Id[1: LanguageTestCase{expectedSeed='Language:ep:', expectedHash=5292269, langCode='ep', countryCode='', country=''}]" classname="com.dotmarketing.business.DeterministicIdentifierAPITest" time="0.001"/>
  <testcase name="Test_Language_Deterministic_Id[2: LanguageTestCase{expectedSeed='Language:sg:SAG', expectedHash=4713118, langCode='sg', countryCode='SAG', country=''}]" classname="com.dotmarketing.business.DeterministicIdentifierAPITest" time="0.001"/>
  <testcase name="Test_Language_Deterministic_Id[3: LanguageTestCase{expectedSeed='Language:en:NZ', expectedHash=5382528, langCode='en', countryCode='NZ', country='New Zealand'}]" classname="com.dotmarketing.business.DeterministicIdentifierAPITest" time="0.001"/>
  <testcase name="Test_Category_None_Persisted_Category_Should_Return_Deterministic_Id" classname="com.dotmarketing.business.DeterministicIdentifierAPITest" time="0.001"/>
  <testcase name="Test_Asset_Generate_Deterministic_Id_Best_Effort[0: TestCase{versionable=my.host1689643120378.com, parent=System Host, expectedName='my.host1689643120378.com', expectedType='Host'}]" classname="com.dotmarketing.business.DeterministicIdentifierAPITest" time="0.005"/>
  <testcase name="Test_Asset_Generate_Deterministic_Id_Best_Effort[1: TestCase{versionable=com.dotmarketing.portlets.contentlet.model.Contentlet@54f47d87[map={modDate=2023-07-18 01:18:41.072, fileName=file3353350291155423454.txt, title=file3353350291155423454.txt, inode=10d7859b-977e-4e36-886c-0fb7b39a67a5, __IS_NEW_CONTENT__=true, disabledWYSIWYG=[], host=872d8fad-cbf3-479e-a3bc-bba28d170849, stInode=33888b6f-7a8e-4069-b1b6-5c1aa9d0a48d, owner=system, identifier=629791ba-4459-4cdf-b1f7-63277e7cafd8, nullProperties=[wfExpireDate, wfPublishDate, wfActionAssign, wfActionId, wfActionComments, filterKey, whereToSend, wfNeverExpire, _path_to_move, timezoneId, iWantTo, wfPublishTime, wfExpireTime], languageId=1, fileAsset=/home/runner/work/core/custom/assets/1/0/10d7859b-977e-4e36-886c-0fb7b39a67a5/fileAsset/file3353350291155423454.txt, folder=c697c24e-5d7a-4901-8480-c3b27c4e7af3, __disable_workflow__=true, sortOrder=0, modUser=system},lowIndexPriority=false,variantId=DEFAULT], parent=com.dotmarketing.portlets.folders.model.Folder@7b558c6e[identifier=c697c24e-5d7a-4901-8480-c3b27c4e7af3,name=testName1689643121062,sortOrder=0,showOnMenu=false,hostId=872d8fad-cbf3-479e-a3bc-bba28d170849,type=folder,title=testTitle1689643121062,filesMasks=,defaultFileType=33888b6f-7a8e-4069-b1b6-5c1aa9d0a48d,modDate=2023-07-18 01:18:41.068,owner=&lt;null&gt;,iDate=2023-07-18 01:18:41.068,inode=c697c24e-5d7a-4901-8480-c3b27c4e7af3,path=/testName1689643121062/], expectedName='file3353350291155423454.txt', expectedType='FileAsset'}]" classname="com.dotmarketing.business.DeterministicIdentifierAPITest" time="0.003"/>
  <testcase name="Test_Asset_Generate_Deterministic_Id_Best_Effort[2: TestCase{versionable=com.dotmarketing.portlets.templates.model.Template@6afdb0a8, parent=my.host1689643120378.com, expectedName='testTitle1689643121164', expectedType='Template'}]" classname="com.dotmarketing.business.DeterministicIdentifierAPITest" time="0.002"/>
  <testcase name="Test_Asset_Generate_Deterministic_Id_Best_Effort[3: TestCase{versionable=com.dotmarketing.portlets.htmlpageasset.model.HTMLPageAsset@6ce053d9[map={template=a3fedccd-5b59-44ae-a070-c42bc97e034c, owner=system, identifier=288f246e-7522-4ea6-8b87-f9bf4264d0ce, nullProperties=[wfExpireDate, wfPublishDate, wfActionAssign, wfActionId, wfActionComments, filterKey, whereToSend, wfNeverExpire, _path_to_move, timezoneId, iWantTo, wfPublishTime, wfExpireTime], modDate=2023-07-18 01:18:41.182, cachettl=0, _is_test_mode=true, languageId=1, title=test-page-title-1689643121178, httpsreq=, url=test-page-url-1689643121178, showOnMenu=, inode=35d64aab-88f8-467b-823a-f6baad19806b, folder=c697c24e-5d7a-4901-8480-c3b27c4e7af3, disabledWYSIWYG=[], sortOrder=1, modUser=system, host=872d8fad-cbf3-479e-a3bc-bba28d170849, stInode=c541abb1-69b3-4bc5-8430-5e09e5239cc8, friendlyName=test-page-friendly-name-1689643121178},lowIndexPriority=false,variantId=DEFAULT], parent=com.dotmarketing.portlets.folders.model.Folder@7b558c6e[identifier=c697c24e-5d7a-4901-8480-c3b27c4e7af3,name=testName1689643121062,sortOrder=0,showOnMenu=false,hostId=872d8fad-cbf3-479e-a3bc-bba28d170849,type=folder,title=testTitle1689643121062,filesMasks=,defaultFileType=33888b6f-7a8e-4069-b1b6-5c1aa9d0a48d,modDate=2023-07-18 01:18:41.068,owner=&lt;null&gt;,iDate=2023-07-18 01:18:41.068,inode=c697c24e-5d7a-4901-8480-c3b27c4e7af3,path=/testName1689643121062/], expectedName='test-page-url-1689643121178', expectedType='htmlpageasset'}]" classname="com.dotmarketing.business.DeterministicIdentifierAPITest" time="0.006"/>
  <testcase name="Test_Asset_Generate_Deterministic_Id_Best_Effort[4: TestCase{versionable=com.dotmarketing.portlets.contentlet.model.Contentlet@419afe0e[map={fileAsset2=/home/runner/work/core/custom/assets/5/5/5563810e-1855-4e9f-9173-e91d23161f7d/fileAsset2/test_binary1689643122048.png, modDate=2023-07-18 01:18:42.052, fileAsset1=/home/runner/work/core/custom/assets/5/5/5563810e-1855-4e9f-9173-e91d23161f7d/fileAsset1/test_binary1689643122048.jpg, title=blah, inode=5563810e-1855-4e9f-9173-e91d23161f7d, __IS_NEW_CONTENT__=true, disabledWYSIWYG=[], host=48190c8c-42c4-46af-8d1a-0cd5db894797, stInode=f952ed40-b8ff-4927-b2b2-3ff7a06a0c65, owner=system, identifier=9d3b8adb-b4f1-4221-bc70-0c53c8f6cc59, nullProperties=[], languageId=1, image1=17de4ca9-1b6b-436e-a860-2bcaa9a3a444, folder=SYSTEM_FOLDER, __disable_workflow__=true, sortOrder=0, modUser=system},lowIndexPriority=false,variantId=DEFAULT], parent=demo.dotcms.com, expectedName='test_binary1689643122048.jpg:test_binary1689643122048.png', expectedType='MultipleBinaries1689643121360'}]" classname="com.dotmarketing.business.DeterministicIdentifierAPITest" time="0.003"/>
  <testcase name="Test_Asset_Generate_Deterministic_Id_Best_Effort[5: TestCase{versionable=name1eb030b2cf : keyTag1eb030b2cf, parent=my.host1689643120378.com, expectedName='keyTag1eb030b2cf', expectedType='persona'}]" classname="com.dotmarketing.business.DeterministicIdentifierAPITest" time="0.002"/>
  <testcase name="Test_Similar_Content_Type_Wont_Clash" classname="com.dotmarketing.business.DeterministicIdentifierAPITest" time="0.426"/>
  <testcase name="Test_Generate_Folder_Identifier" classname="com.dotmarketing.business.DeterministicIdentifierAPITest" time="0.889"/>
  <testcase name="Test_Generate_Content_Type_Identifier[0: ContentTypeTestCase{contentType=KeyValueContentType{name=Language Variable, id=f4d7c1b8-2c88-4071-abf1-a5328977b07d, description=Default Content Type for Language Variables, defaultType=false, fixed=true, iDate=Thu Aug 31 16:38:49 UTC 2017, system=true, versionable=true, variable=Languagevariable, modDate=Tue Jul 18 00:15:35 UTC 2023, host=SYSTEM_HOST, siteName=systemHost, icon=language, sortOrder=0, folder=SYSTEM_FOLDER, folderPath=/, markedForDeletion=true, multilingualable=false}, expectedName='Languagevariable', expectedType='KeyValue'}]" classname="com.dotmarketing.business.DeterministicIdentifierAPITest" time="0.011"/>
  <testcase name="Test_Generate_Content_Type_Identifier[1: ContentTypeTestCase{contentType=SimpleContentType{name=testName1689643122534, id=12fa94b9-a371-4e1a-9e2e-2a0f88fb41ba, description=testDescription1689643122534, defaultType=false, fixed=false, iDate=Tue Jul 18 01:18:42 UTC 2023, system=false, versionable=true, multilingualable=false, variable=testVarname1689643122534, owner=system, modDate=Tue Jul 18 01:18:43 UTC 2023, host=48190c8c-42c4-46af-8d1a-0cd5db894797, siteName=demo.dotcms.com, icon=event_note, sortOrder=0, folder=SYSTEM_FOLDER, folderPath=/, requiredFields=[], markedForDeletion=false}, expectedName='testVarname1689643122534', expectedType='CONTENT'}]" classname="com.dotmarketing.business.DeterministicIdentifierAPITest" time="0.008"/>
  <system-out><![CDATA[]]></system-out>
  <system-err><![CDATA[]]></system-err>
</testsuite>
