<?xml version="1.0" encoding="UTF-8"?>
<testsuite name="com.dotmarketing.portlets.structure.factories.StructureFactoryTest" tests="31" skipped="2" failures="0" errors="0" timestamp="2023-07-13T17:08:37" hostname="fv-az216-569" time="14.675">
  <properties/>
  <testcase name="getStructuresWithLimit" classname="com.dotmarketing.portlets.structure.factories.StructureFactoryTest" time="0.01"/>
  <testcase name="getImagesFieldsList" classname="com.dotmarketing.portlets.structure.factories.StructureFactoryTest" time="0.002"/>
  <testcase name="getNoSystemStructuresWithReadPermissions" classname="com.dotmarketing.portlets.structure.factories.StructureFactoryTest" time="2.503"/>
  <testcase name="getStructuresAllParameters" classname="com.dotmarketing.portlets.structure.factories.StructureFactoryTest" time="0.01"/>
  <testcase name="getTotalImages" classname="com.dotmarketing.portlets.structure.factories.StructureFactoryTest" time="0.001"/>
  <testcase name="getStructuresByUser" classname="com.dotmarketing.portlets.structure.factories.StructureFactoryTest" time="1.085"/>
  <testcase name="getTotalWYSIWYG" classname="com.dotmarketing.portlets.structure.factories.StructureFactoryTest" time="0.004"/>
  <testcase name="disableDefault" classname="com.dotmarketing.portlets.structure.factories.StructureFactoryTest" time="0.001"/>
  <testcase name="getStructuresWithWritePermissions" classname="com.dotmarketing.portlets.structure.factories.StructureFactoryTest" time="0.043"/>
  <testcase name="getTotalDates" classname="com.dotmarketing.portlets.structure.factories.StructureFactoryTest" time="0.001"/>
  <testcase name="getTotalFiles" classname="com.dotmarketing.portlets.structure.factories.StructureFactoryTest" time="0.001"/>
  <testcase name="getStructureByInode" classname="com.dotmarketing.portlets.structure.factories.StructureFactoryTest" time="0.001"/>
  <testcase name="getTagsFields" classname="com.dotmarketing.portlets.structure.factories.StructureFactoryTest" time="0.001"/>
  <testcase name="getTotalTextAreas" classname="com.dotmarketing.portlets.structure.factories.StructureFactoryTest" time="0.001"/>
  <testcase name="findStructureURLMapPatterns" classname="com.dotmarketing.portlets.structure.factories.StructureFactoryTest" time="7.888"/>
  <testcase name="getAllStructuresNames" classname="com.dotmarketing.portlets.structure.factories.StructureFactoryTest" time="1.424"/>
  <testcase name="getAllVelocityVariablesNames" classname="com.dotmarketing.portlets.structure.factories.StructureFactoryTest" time="0.838"/>
  <testcase name="getStructuresWithOrderAndLimit" classname="com.dotmarketing.portlets.structure.factories.StructureFactoryTest" time="0.007"/>
  <testcase name="getStructureByType" classname="com.dotmarketing.portlets.structure.factories.StructureFactoryTest" time="0.003"/>
  <testcase name="getStructures" classname="com.dotmarketing.portlets.structure.factories.StructureFactoryTest" time="0.533"/>
  <testcase name="getStructuresWithReadPermissions" classname="com.dotmarketing.portlets.structure.factories.StructureFactoryTest" time="0.078"/>
  <testcase name="getStructuresByWFScheme" classname="com.dotmarketing.portlets.structure.factories.StructureFactoryTest" time="0.0">
    <skipped/>
  </testcase>
  <testcase name="structures" classname="com.dotmarketing.portlets.structure.factories.StructureFactoryTest" time="0.198"/>
  <testcase name="createDefaultStructure" classname="com.dotmarketing.portlets.structure.factories.StructureFactoryTest" time="0.0">
    <skipped/>
  </testcase>
  <testcase name="getDefaultStructure" classname="com.dotmarketing.portlets.structure.factories.StructureFactoryTest" time="0.004"/>
  <testcase name="getStructureByVelocityVarName" classname="com.dotmarketing.portlets.structure.factories.StructureFactoryTest" time="0.013"/>
  <testcase name="getTotals" classname="com.dotmarketing.portlets.structure.factories.StructureFactoryTest" time="0.001"/>
  <testcase name="getStructuresCount" classname="com.dotmarketing.portlets.structure.factories.StructureFactoryTest" time="0.004"/>
  <testcase name="findStructuresUserCanUse" classname="com.dotmarketing.portlets.structure.factories.StructureFactoryTest" time="0.005"/>
  <testcase name="getStructuresWithOrderLimitAndDirection" classname="com.dotmarketing.portlets.structure.factories.StructureFactoryTest" time="0.008"/>
  <testcase name="getFilesFieldsList" classname="com.dotmarketing.portlets.structure.factories.StructureFactoryTest" time="0.002"/>
  <system-out><![CDATA[]]></system-out>
  <system-err><![CDATA[]]></system-err>
</testsuite>
