<?xml version="1.0" encoding="UTF-8"?>
<testsuite name="com.dotcms.rest.elasticsearch.ESContentResourcePortletTest" tests="8" skipped="0" failures="0" errors="0" timestamp="2023-06-29T19:53:54" hostname="fv-az408-23" time="8.59">
  <properties/>
  <testcase name="test_search_includeGrandChildCategory_success" classname="com.dotcms.rest.elasticsearch.ESContentResourcePortletTest" time="1.338"/>
  <testcase name="testSearch[0: com.dotcms.rest.elasticsearch.ESContentResourcePortletTest$TestCase@bde3ceb]" classname="com.dotcms.rest.elasticsearch.ESContentResourcePortletTest" time="0.915"/>
  <testcase name="testSearch[1: com.dotcms.rest.elasticsearch.ESContentResourcePortletTest$TestCase@3842cae5]" classname="com.dotcms.rest.elasticsearch.ESContentResourcePortletTest" time="1.257"/>
  <testcase name="testSearch[2: com.dotcms.rest.elasticsearch.ESContentResourcePortletTest$TestCase@5abcafd8]" classname="com.dotcms.rest.elasticsearch.ESContentResourcePortletTest" time="0.892"/>
  <testcase name="testSearch[3: com.dotcms.rest.elasticsearch.ESContentResourcePortletTest$TestCase@4ab70f8e]" classname="com.dotcms.rest.elasticsearch.ESContentResourcePortletTest" time="1.216"/>
  <testcase name="testSearch[4: com.dotcms.rest.elasticsearch.ESContentResourcePortletTest$TestCase@30f45b57]" classname="com.dotcms.rest.elasticsearch.ESContentResourcePortletTest" time="1.264"/>
  <testcase name="testSearch[5: com.dotcms.rest.elasticsearch.ESContentResourcePortletTest$TestCase@1ecfaa4e]" classname="com.dotcms.rest.elasticsearch.ESContentResourcePortletTest" time="0.837"/>
  <testcase name="testSearch[6: com.dotcms.rest.elasticsearch.ESContentResourcePortletTest$TestCase@21320420]" classname="com.dotcms.rest.elasticsearch.ESContentResourcePortletTest" time="0.87"/>
  <system-out><![CDATA[]]></system-out>
  <system-err><![CDATA[]]></system-err>
</testsuite>
