<?xml version="1.0" encoding="UTF-8"?>
<testsuite name="com.dotcms.rest.api.v1.vtl.VTLResourceIntegrationTest" tests="6" skipped="0" failures="0" errors="0" timestamp="2023-07-17T16:09:52" hostname="fv-az493-152" time="11.117">
  <properties/>
  <testcase name="testGet[0: com.dotcms.rest.api.v1.vtl.VTLResourceTestCase@16a8f7ee]" classname="com.dotcms.rest.api.v1.vtl.VTLResourceIntegrationTest" time="2.169"/>
  <testcase name="testGet[1: com.dotcms.rest.api.v1.vtl.VTLResourceTestCase@3c25de83]" classname="com.dotcms.rest.api.v1.vtl.VTLResourceIntegrationTest" time="0.943"/>
  <testcase name="testGet[2: com.dotcms.rest.api.v1.vtl.VTLResourceTestCase@3cf3fe03]" classname="com.dotcms.rest.api.v1.vtl.VTLResourceIntegrationTest" time="2.101"/>
  <testcase name="testGet[3: com.dotcms.rest.api.v1.vtl.VTLResourceTestCase@54ef5b6f]" classname="com.dotcms.rest.api.v1.vtl.VTLResourceIntegrationTest" time="2.158"/>
  <testcase name="testGet[4: com.dotcms.rest.api.v1.vtl.VTLResourceTestCase@529d19b]" classname="com.dotcms.rest.api.v1.vtl.VTLResourceIntegrationTest" time="1.786"/>
  <testcase name="testGet[5: com.dotcms.rest.api.v1.vtl.VTLResourceTestCase@17eac67b]" classname="com.dotcms.rest.api.v1.vtl.VTLResourceIntegrationTest" time="1.96"/>
  <system-out><![CDATA[]]></system-out>
  <system-err><![CDATA[]]></system-err>
</testsuite>
