<?xml version="1.0" encoding="UTF-8"?>
<testsuite name="com.dotcms.rest.api.v1.workflow.WorkflowResourceLicenseIntegrationTest" tests="29" skipped="0" failures="0" errors="0" timestamp="2023-07-13T18:13:36" hostname="fv-az590-649" time="2.034">
  <properties/>
  <testcase name="Reorder_Action_InvalidLicense" classname="com.dotcms.rest.api.v1.workflow.WorkflowResourceLicenseIntegrationTest" time="0.07"/>
  <testcase name="Find_Initial_Available_Default_Actions_No_Read_Permission_Invalid_License" classname="com.dotcms.rest.api.v1.workflow.WorkflowResourceLicenseIntegrationTest" time="0.09"/>
  <testcase name="Save_Action_To_Step_Invalid_License" classname="com.dotcms.rest.api.v1.workflow.WorkflowResourceLicenseIntegrationTest" time="0.055"/>
  <testcase name="Update_Step_Invalid_License" classname="com.dotcms.rest.api.v1.workflow.WorkflowResourceLicenseIntegrationTest" time="0.023"/>
  <testcase name="Save_Action_InvalidLicense" classname="com.dotcms.rest.api.v1.workflow.WorkflowResourceLicenseIntegrationTest" time="0.027"/>
  <testcase name="Find_Initial_Available_Default_Actions_Invalid_License" classname="com.dotcms.rest.api.v1.workflow.WorkflowResourceLicenseIntegrationTest" time="0.027"/>
  <testcase name="Find_All_Schemes_By_Content_Type_Invalid_License_Expect_Only_System_Workflow" classname="com.dotcms.rest.api.v1.workflow.WorkflowResourceLicenseIntegrationTest" time="0.001"/>
  <testcase name="Delete_Action_by_Action_and_Step_Id_Invalid_License" classname="com.dotcms.rest.api.v1.workflow.WorkflowResourceLicenseIntegrationTest" time="0.025"/>
  <testcase name="Find_All_Schemas_Invalid_License_Then_Only_Get_System_Workflow" classname="com.dotcms.rest.api.v1.workflow.WorkflowResourceLicenseIntegrationTest" time="0.001"/>
  <testcase name="Find_Action_By_Step_Invalid_License" classname="com.dotcms.rest.api.v1.workflow.WorkflowResourceLicenseIntegrationTest" time="0.025"/>
  <testcase name="Find_Actions_By_Schemas_InvalidLicense" classname="com.dotcms.rest.api.v1.workflow.WorkflowResourceLicenseIntegrationTest" time="0.002"/>
  <testcase name="Export_Invalid_License" classname="com.dotcms.rest.api.v1.workflow.WorkflowResourceLicenseIntegrationTest" time="0.004"/>
  <testcase name="Find_All_Schemes_By_Content_Type_Regular_User_InvalidLicense" classname="com.dotcms.rest.api.v1.workflow.WorkflowResourceLicenseIntegrationTest" time="0.077"/>
  <testcase name="Reorder_Step_Invalid_License" classname="com.dotcms.rest.api.v1.workflow.WorkflowResourceLicenseIntegrationTest" time="0.096"/>
  <testcase name="Find_Available_Actions_Invalid_License" classname="com.dotcms.rest.api.v1.workflow.WorkflowResourceLicenseIntegrationTest" time="1.203"/>
  <testcase name="Copy_Invalid_License" classname="com.dotcms.rest.api.v1.workflow.WorkflowResourceLicenseIntegrationTest" time="0.017"/>
  <testcase name="Delete_Action_Invalid_License" classname="com.dotcms.rest.api.v1.workflow.WorkflowResourceLicenseIntegrationTest" time="0.029"/>
  <testcase name="Delete_Scheme_Invalid_License" classname="com.dotcms.rest.api.v1.workflow.WorkflowResourceLicenseIntegrationTest" time="0.031"/>
  <testcase name="Find_Step_By_Id_Invalid_License" classname="com.dotcms.rest.api.v1.workflow.WorkflowResourceLicenseIntegrationTest" time="0.009"/>
  <testcase name="Update_Schema_Invalid_License" classname="com.dotcms.rest.api.v1.workflow.WorkflowResourceLicenseIntegrationTest" time="0.006"/>
  <testcase name="Find_Steps_By_Scheme_Invalid_License" classname="com.dotcms.rest.api.v1.workflow.WorkflowResourceLicenseIntegrationTest" time="0.002"/>
  <testcase name="Find_Available_Default_Actions_Invalid_License" classname="com.dotcms.rest.api.v1.workflow.WorkflowResourceLicenseIntegrationTest" time="0.036"/>
  <testcase name="Create_Schema_Invalid_License" classname="com.dotcms.rest.api.v1.workflow.WorkflowResourceLicenseIntegrationTest" time="0.002"/>
  <testcase name="Update_Action_Invalid_License" classname="com.dotcms.rest.api.v1.workflow.WorkflowResourceLicenseIntegrationTest" time="0.032"/>
  <testcase name="Find_Available_Default_Actions_No_Read_Permission_Invalid_License" classname="com.dotcms.rest.api.v1.workflow.WorkflowResourceLicenseIntegrationTest" time="0.1"/>
  <testcase name="Delete_Steps_Invalid_License" classname="com.dotcms.rest.api.v1.workflow.WorkflowResourceLicenseIntegrationTest" time="0.024"/>
  <testcase name="Import_Invalid_License" classname="com.dotcms.rest.api.v1.workflow.WorkflowResourceLicenseIntegrationTest" time="0.002"/>
  <testcase name="Add_Steps_Invalid_License" classname="com.dotcms.rest.api.v1.workflow.WorkflowResourceLicenseIntegrationTest" time="0.004"/>
  <testcase name="Find_Action_InvalidLicense" classname="com.dotcms.rest.api.v1.workflow.WorkflowResourceLicenseIntegrationTest" time="0.005"/>
  <system-out><![CDATA[]]></system-out>
  <system-err><![CDATA[]]></system-err>
</testsuite>
