<?xml version="1.0" encoding="UTF-8"?>
<testsuite name="com.dotmarketing.quartz.job.BinaryCleanupJobTest" tests="2" skipped="0" failures="0" errors="0" timestamp="2023-07-10T16:53:37" hostname="fv-az450-691" time="0.221">
  <properties/>
  <testcase name="test_job_deletes_tmp_assets" classname="com.dotmarketing.quartz.job.BinaryCleanupJobTest" time="0.013"/>
  <testcase name="test_job_deletes_bundles" classname="com.dotmarketing.quartz.job.BinaryCleanupJobTest" time="0.208"/>
  <system-out><![CDATA[]]></system-out>
  <system-err><![CDATA[]]></system-err>
</testsuite>
