<?xml version="1.0" encoding="UTF-8"?>
<testsuite name="com.dotmarketing.portlets.structure.model.ContentletRelationshipsTest" tests="7" skipped="0" failures="0" errors="0" timestamp="2023-07-17T22:41:29" hostname="fv-az407-374" time="8.26">
  <properties/>
  <testcase name="testDoesAllowOnlyOne[0: com.dotmarketing.portlets.structure.model.ContentletRelationshipsTest$CardinalityTestCase@ce57d3]" classname="com.dotmarketing.portlets.structure.model.ContentletRelationshipsTest" time="0.564"/>
  <testcase name="testDoesAllowOnlyOne[1: com.dotmarketing.portlets.structure.model.ContentletRelationshipsTest$CardinalityTestCase@2d82dbdc]" classname="com.dotmarketing.portlets.structure.model.ContentletRelationshipsTest" time="0.586"/>
  <testcase name="testDoesAllowOnlyOne[2: com.dotmarketing.portlets.structure.model.ContentletRelationshipsTest$CardinalityTestCase@33217901]" classname="com.dotmarketing.portlets.structure.model.ContentletRelationshipsTest" time="0.565"/>
  <testcase name="testGetRelationshipRecords[0: com.dotmarketing.portlets.structure.model.ContentletRelationshipsTest$TestCase@5722b7a3]" classname="com.dotmarketing.portlets.structure.model.ContentletRelationshipsTest" time="2.249"/>
  <testcase name="testGetRelationshipRecords[1: com.dotmarketing.portlets.structure.model.ContentletRelationshipsTest$TestCase@25a0025b]" classname="com.dotmarketing.portlets.structure.model.ContentletRelationshipsTest" time="2.189"/>
  <testcase name="testGetRelationshipRecords[2: com.dotmarketing.portlets.structure.model.ContentletRelationshipsTest$TestCase@1e477108]" classname="com.dotmarketing.portlets.structure.model.ContentletRelationshipsTest" time="1.094"/>
  <testcase name="testGetRelationshipRecords[3: com.dotmarketing.portlets.structure.model.ContentletRelationshipsTest$TestCase@2616eab0]" classname="com.dotmarketing.portlets.structure.model.ContentletRelationshipsTest" time="1.013"/>
  <system-out><![CDATA[]]></system-out>
  <system-err><![CDATA[]]></system-err>
</testsuite>
