<?xml version="1.0" encoding="UTF-8"?>
<testsuite name="com.dotcms.graphql.business.GraphqlAPITest" tests="49" skipped="0" failures="0" errors="0" timestamp="2023-07-11T17:20:33" hostname="fv-az246-187" time="28.227">
  <properties/>
  <testcase name="testGetSchema_FieldOperations[0: &lt;null&gt;]" classname="com.dotcms.graphql.business.GraphqlAPITest" time="2.126"/>
  <testcase name="testGetSchema_FieldOperations[1: &lt;null&gt;]" classname="com.dotcms.graphql.business.GraphqlAPITest" time="0.546"/>
  <testcase name="testGetSchema_FieldOperations[2: &lt;null&gt;]" classname="com.dotcms.graphql.business.GraphqlAPITest" time="0.327"/>
  <testcase name="testGetSchema_FieldOperations[3: &lt;null&gt;]" classname="com.dotcms.graphql.business.GraphqlAPITest" time="0.258"/>
  <testcase name="testGetSchema_FieldOperations[4: &lt;null&gt;]" classname="com.dotcms.graphql.business.GraphqlAPITest" time="0.332"/>
  <testcase name="testGetSchema_FieldOperations[5: &lt;null&gt;]" classname="com.dotcms.graphql.business.GraphqlAPITest" time="0.399"/>
  <testcase name="testGetSchema_FieldOperations[6: &lt;null&gt;]" classname="com.dotcms.graphql.business.GraphqlAPITest" time="0.272"/>
  <testcase name="testGetSchema_FieldOperations[7: &lt;null&gt;]" classname="com.dotcms.graphql.business.GraphqlAPITest" time="0.255"/>
  <testcase name="testGetSchema_FieldOperations[8: &lt;null&gt;]" classname="com.dotcms.graphql.business.GraphqlAPITest" time="0.391"/>
  <testcase name="testGetSchema_FieldOperations[9: &lt;null&gt;]" classname="com.dotcms.graphql.business.GraphqlAPITest" time="0.368"/>
  <testcase name="testGetSchema_FieldOperations[10: &lt;null&gt;]" classname="com.dotcms.graphql.business.GraphqlAPITest" time="0.222"/>
  <testcase name="testGetSchema_FieldOperations[11: &lt;null&gt;]" classname="com.dotcms.graphql.business.GraphqlAPITest" time="0.246"/>
  <testcase name="testGetSchema_FieldOperations[12: &lt;null&gt;]" classname="com.dotcms.graphql.business.GraphqlAPITest" time="0.248"/>
  <testcase name="testGetSchema_FieldOperations[13: &lt;null&gt;]" classname="com.dotcms.graphql.business.GraphqlAPITest" time="0.447"/>
  <testcase name="testGetSchema_FieldOperations[14: &lt;null&gt;]" classname="com.dotcms.graphql.business.GraphqlAPITest" time="0.24"/>
  <testcase name="testGetSchema_FieldOperations[15: &lt;null&gt;]" classname="com.dotcms.graphql.business.GraphqlAPITest" time="0.265"/>
  <testcase name="testGetSchema_FieldOperations[16: &lt;null&gt;]" classname="com.dotcms.graphql.business.GraphqlAPITest" time="0.363"/>
  <testcase name="testGetSchema_FieldOperations[17: &lt;null&gt;]" classname="com.dotcms.graphql.business.GraphqlAPITest" time="0.231"/>
  <testcase name="testGetSchema_FieldOperations[18: &lt;null&gt;]" classname="com.dotcms.graphql.business.GraphqlAPITest" time="0.24"/>
  <testcase name="testGetSchema_GivenEmptyCache_SchemaShouldGenerate" classname="com.dotcms.graphql.business.GraphqlAPITest" time="0.181"/>
  <testcase name="testGetSchema_GivenFailuresInRelationshipField_SchemaShouldStillGenerate" classname="com.dotcms.graphql.business.GraphqlAPITest" time="1.884"/>
  <testcase name="testGetSchema_GivenFilledCache_SchemaShouldNotGenerate" classname="com.dotcms.graphql.business.GraphqlAPITest" time="0.203"/>
  <testcase name="testGetSchema_GivenNoEELicense_EnterpriseBaseTypeCollectionsShouldNOTBeAvailableInSchema[0: FORM]" classname="com.dotcms.graphql.business.GraphqlAPITest" time="0.332"/>
  <testcase name="testGetSchema_GivenNoEELicense_EnterpriseBaseTypeCollectionsShouldNOTBeAvailableInSchema[1: PERSONA]" classname="com.dotcms.graphql.business.GraphqlAPITest" time="0.266"/>
  <testcase name="testGetSchema_BothSidedRelationshipFields[0: ONE_TO_MANY]" classname="com.dotcms.graphql.business.GraphqlAPITest" time="0.475"/>
  <testcase name="testGetSchema_BothSidedRelationshipFields[1: MANY_TO_MANY]" classname="com.dotcms.graphql.business.GraphqlAPITest" time="0.447"/>
  <testcase name="testGetSchema_BothSidedRelationshipFields[2: ONE_TO_ONE]" classname="com.dotcms.graphql.business.GraphqlAPITest" time="0.513"/>
  <testcase name="testGetSchema_BothSidedRelationshipFields[3: MANY_TO_ONE]" classname="com.dotcms.graphql.business.GraphqlAPITest" time="0.433"/>
  <testcase name="testGetSchema_GivenEELicense_EnterpriseBaseTypeCollectionsShouldBeAvailableInSchema[0: FORM]" classname="com.dotcms.graphql.business.GraphqlAPITest" time="0.223"/>
  <testcase name="testGetSchema_GivenEELicense_EnterpriseBaseTypeCollectionsShouldBeAvailableInSchema[1: PERSONA]" classname="com.dotcms.graphql.business.GraphqlAPITest" time="0.222"/>
  <testcase name="testGetSchema_ContentTypeOperations: Given Content BaseType, Should Create Type" classname="com.dotcms.graphql.business.GraphqlAPITest" time="0.311"/>
  <testcase name="testGetSchema_ContentTypeOperations: Given Widget BaseType, Should Create Type" classname="com.dotcms.graphql.business.GraphqlAPITest" time="0.487"/>
  <testcase name="testGetSchema_ContentTypeOperations: Given FORM BaseType, Should Create Type" classname="com.dotcms.graphql.business.GraphqlAPITest" time="0.252"/>
  <testcase name="testGetSchema_ContentTypeOperations: Given FILEASSET BaseType, Should Create Type" classname="com.dotcms.graphql.business.GraphqlAPITest" time="0.383"/>
  <testcase name="testGetSchema_ContentTypeOperations: Given HTMLPAGE BaseType, Should Create Type" classname="com.dotcms.graphql.business.GraphqlAPITest" time="1.066"/>
  <testcase name="testGetSchema_ContentTypeOperations: Given PERSONA BaseType, Should Create Type" classname="com.dotcms.graphql.business.GraphqlAPITest" time="0.546"/>
  <testcase name="testGetSchema_ContentTypeOperations: Given VANITY_URL BaseType, Should Create Type" classname="com.dotcms.graphql.business.GraphqlAPITest" time="0.649"/>
  <testcase name="testGetSchema_ContentTypeOperations: Given KEY_VALUE BaseType, Should Create Type" classname="com.dotcms.graphql.business.GraphqlAPITest" time="0.406"/>
  <testcase name="testGetSchema_ContentTypeOperations: Given existing CONTENT BaseType, Should Delete Type" classname="com.dotcms.graphql.business.GraphqlAPITest" time="0.27"/>
  <testcase name="testGetSchema_ContentTypeOperations: Given existing WIDGET BaseType, Should Delete Type" classname="com.dotcms.graphql.business.GraphqlAPITest" time="0.693"/>
  <testcase name="testGetSchema_ContentTypeOperations: Given existing FORM BaseType, Should Delete Type" classname="com.dotcms.graphql.business.GraphqlAPITest" time="0.328"/>
  <testcase name="testGetSchema_ContentTypeOperations: Given existing FILEASSET BaseType, Should Delete Type" classname="com.dotcms.graphql.business.GraphqlAPITest" time="0.568"/>
  <testcase name="testGetSchema_ContentTypeOperations: Given existing HTMLPAGE BaseType, Should Delete Type" classname="com.dotcms.graphql.business.GraphqlAPITest" time="1.703"/>
  <testcase name="testGetSchema_ContentTypeOperations: Given existing PERSONA BaseType, Should Delete Type" classname="com.dotcms.graphql.business.GraphqlAPITest" time="0.962"/>
  <testcase name="testGetSchema_ContentTypeOperations: Given existing VANITY_URL BaseType, Should Delete Type" classname="com.dotcms.graphql.business.GraphqlAPITest" time="1.152"/>
  <testcase name="testGetSchema_ContentTypeOperations: Given existing KEY_VALUE BaseType, Should Delete Type" classname="com.dotcms.graphql.business.GraphqlAPITest" time="0.678"/>
  <testcase name="testGetSchema_GivenNoEELicense_EnterpriseTypesShouldNotBeAvailableInSchema" classname="com.dotcms.graphql.business.GraphqlAPITest" time="2.318"/>
  <testcase name="testGetSchema_WhenFieldDeleted_ShouldNotBeAvailableInSchema" classname="com.dotcms.graphql.business.GraphqlAPITest" time="1.497"/>
  <testcase name="testAvailableGraphQLFieldsOnImageAndFileFields" classname="com.dotcms.graphql.business.GraphqlAPITest" time="0.985"/>
  <system-out><![CDATA[]]></system-out>
  <system-err><![CDATA[]]></system-err>
</testsuite>
