<?xml version="1.0" encoding="UTF-8"?>
<testsuite name="com.dotmarketing.business.DeterministicIdentifierAPITest" tests="16" skipped="0" failures="0" errors="0" timestamp="2023-07-14T00:29:40" hostname="fv-az408-305" time="0.785">
  <properties/>
  <testcase name="Test_Category_Path_Seed_And_Id" classname="com.dotmarketing.business.DeterministicIdentifierAPITest" time="0.021"/>
  <testcase name="Test_Language_Deterministic_Id[0: LanguageTestCase{expectedSeed='Language:es:US', expectedHash=4913155, langCode='es', countryCode='US', country='United States'}]" classname="com.dotmarketing.business.DeterministicIdentifierAPITest" time="0.001"/>
  <testcase name="Test_Language_Deterministic_Id[1: LanguageTestCase{expectedSeed='Language:ep:', expectedHash=5292269, langCode='ep', countryCode='', country=''}]" classname="com.dotmarketing.business.DeterministicIdentifierAPITest" time="0.001"/>
  <testcase name="Test_Language_Deterministic_Id[2: LanguageTestCase{expectedSeed='Language:sg:SAG', expectedHash=4713118, langCode='sg', countryCode='SAG', country=''}]" classname="com.dotmarketing.business.DeterministicIdentifierAPITest" time="0.001"/>
  <testcase name="Test_Language_Deterministic_Id[3: LanguageTestCase{expectedSeed='Language:en:NZ', expectedHash=5382528, langCode='en', countryCode='NZ', country='New Zealand'}]" classname="com.dotmarketing.business.DeterministicIdentifierAPITest" time="0.001"/>
  <testcase name="Test_Category_None_Persisted_Category_Should_Return_Deterministic_Id" classname="com.dotmarketing.business.DeterministicIdentifierAPITest" time="0.002"/>
  <testcase name="Test_Asset_Generate_Deterministic_Id_Best_Effort[0: TestCase{versionable=my.host1689294200198.com, parent=System Host, expectedName='my.host1689294200198.com', expectedType='Host'}]" classname="com.dotmarketing.business.DeterministicIdentifierAPITest" time="0.002"/>
  <testcase name="Test_Asset_Generate_Deterministic_Id_Best_Effort[1: TestCase{versionable=com.dotmarketing.portlets.contentlet.model.Contentlet@3706fe5e[map={modDate=2023-07-14 00:23:20.885, fileName=file15827960320170489953.txt, title=file15827960320170489953.txt, inode=50b101ab-e7d6-4f05-a1f1-55316b3492a4, __IS_NEW_CONTENT__=true, disabledWYSIWYG=[], host=f5269263-803d-4f56-8293-75b3f0494891, stInode=33888b6f-7a8e-4069-b1b6-5c1aa9d0a48d, owner=system, identifier=1d7f7717-a725-4af6-a4d5-476e7b020b51, nullProperties=[wfExpireDate, wfPublishDate, wfActionAssign, wfActionId, wfActionComments, filterKey, whereToSend, wfNeverExpire, _path_to_move, timezoneId, iWantTo, wfPublishTime, wfExpireTime], languageId=1, fileAsset=/home/runner/work/core/custom/assets/5/0/50b101ab-e7d6-4f05-a1f1-55316b3492a4/fileAsset/file15827960320170489953.txt, folder=fa9d45c1-7b99-4f2d-a9f1-7f757431929c, __disable_workflow__=true, sortOrder=0, modUser=system},lowIndexPriority=false,variantId=DEFAULT], parent=com.dotmarketing.portlets.folders.model.Folder@23192204[identifier=fa9d45c1-7b99-4f2d-a9f1-7f757431929c,name=testName1689294200879,sortOrder=0,showOnMenu=false,hostId=f5269263-803d-4f56-8293-75b3f0494891,type=folder,title=testTitle1689294200879,filesMasks=,defaultFileType=33888b6f-7a8e-4069-b1b6-5c1aa9d0a48d,modDate=2023-07-14 00:23:20.881,owner=&lt;null&gt;,iDate=2023-07-14 00:23:20.882,inode=fa9d45c1-7b99-4f2d-a9f1-7f757431929c,path=/testName1689294200879/], expectedName='file15827960320170489953.txt', expectedType='FileAsset'}]" classname="com.dotmarketing.business.DeterministicIdentifierAPITest" time="0.002"/>
  <testcase name="Test_Asset_Generate_Deterministic_Id_Best_Effort[2: TestCase{versionable=com.dotmarketing.portlets.templates.model.Template@7b3a2b51, parent=my.host1689294200198.com, expectedName='testTitle1689294200983', expectedType='Template'}]" classname="com.dotmarketing.business.DeterministicIdentifierAPITest" time="0.001"/>
  <testcase name="Test_Asset_Generate_Deterministic_Id_Best_Effort[3: TestCase{versionable=com.dotmarketing.portlets.htmlpageasset.model.HTMLPageAsset@7e3592f5[map={template=f697d46a-a84d-4dd9-8134-091bf9338137, owner=system, identifier=cc84a4d1-202d-4ecd-81fa-70eebd1bb6fb, nullProperties=[wfExpireDate, wfPublishDate, wfActionAssign, wfActionId, wfActionComments, filterKey, whereToSend, wfNeverExpire, _path_to_move, timezoneId, iWantTo, wfPublishTime, wfExpireTime], modDate=2023-07-14 00:23:20.999, cachettl=0, _is_test_mode=true, languageId=1, title=test-page-title-1689294200994, httpsreq=, url=test-page-url-1689294200994, showOnMenu=, inode=06f25029-25dd-4c7b-ba17-f43102737cb7, folder=fa9d45c1-7b99-4f2d-a9f1-7f757431929c, disabledWYSIWYG=[], sortOrder=1, modUser=system, host=f5269263-803d-4f56-8293-75b3f0494891, stInode=c541abb1-69b3-4bc5-8430-5e09e5239cc8, friendlyName=test-page-friendly-name-1689294200994},lowIndexPriority=false,variantId=DEFAULT], parent=com.dotmarketing.portlets.folders.model.Folder@23192204[identifier=fa9d45c1-7b99-4f2d-a9f1-7f757431929c,name=testName1689294200879,sortOrder=0,showOnMenu=false,hostId=f5269263-803d-4f56-8293-75b3f0494891,type=folder,title=testTitle1689294200879,filesMasks=,defaultFileType=33888b6f-7a8e-4069-b1b6-5c1aa9d0a48d,modDate=2023-07-14 00:23:20.881,owner=&lt;null&gt;,iDate=2023-07-14 00:23:20.882,inode=fa9d45c1-7b99-4f2d-a9f1-7f757431929c,path=/testName1689294200879/], expectedName='test-page-url-1689294200994', expectedType='htmlpageasset'}]" classname="com.dotmarketing.business.DeterministicIdentifierAPITest" time="0.002"/>
  <testcase name="Test_Asset_Generate_Deterministic_Id_Best_Effort[4: TestCase{versionable=com.dotmarketing.portlets.contentlet.model.Contentlet@79108a7d[map={fileAsset2=/home/runner/work/core/custom/assets/e/4/e4cdf44f-d566-4a74-a1ba-00aad36157ce/fileAsset2/test_binary1689294201856.png, modDate=2023-07-14 00:23:21.86, fileAsset1=/home/runner/work/core/custom/assets/e/4/e4cdf44f-d566-4a74-a1ba-00aad36157ce/fileAsset1/test_binary1689294201856.jpg, title=blah, inode=e4cdf44f-d566-4a74-a1ba-00aad36157ce, __IS_NEW_CONTENT__=true, disabledWYSIWYG=[], host=48190c8c-42c4-46af-8d1a-0cd5db894797, stInode=6eac4b0d-49f2-4901-b27b-6b5f5d0663b4, owner=system, identifier=594c49d2-a68e-44b4-9864-bc0c567a018c, nullProperties=[], languageId=1, image1=48c73cfd-625b-4c42-9189-f554aefd4f5b, folder=SYSTEM_FOLDER, __disable_workflow__=true, sortOrder=0, modUser=system},lowIndexPriority=false,variantId=DEFAULT], parent=demo.dotcms.com, expectedName='test_binary1689294201856.jpg:test_binary1689294201856.png', expectedType='MultipleBinaries1689294201223'}]" classname="com.dotmarketing.business.DeterministicIdentifierAPITest" time="0.003"/>
  <testcase name="Test_Asset_Generate_Deterministic_Id_Best_Effort[5: TestCase{versionable=nameeb3673df90 : keyTageb3673df90, parent=my.host1689294200198.com, expectedName='keyTageb3673df90', expectedType='persona'}]" classname="com.dotmarketing.business.DeterministicIdentifierAPITest" time="0.003"/>
  <testcase name="Test_Similar_Content_Type_Wont_Clash" classname="com.dotmarketing.business.DeterministicIdentifierAPITest" time="0.427"/>
  <testcase name="Test_Generate_Folder_Identifier" classname="com.dotmarketing.business.DeterministicIdentifierAPITest" time="0.303"/>
  <testcase name="Test_Generate_Content_Type_Identifier[0: ContentTypeTestCase{contentType=KeyValueContentType{name=Language Variable, id=f4d7c1b8-2c88-4071-abf1-a5328977b07d, description=Default Content Type for Language Variables, defaultType=false, fixed=true, iDate=Thu Aug 31 16:38:49 UTC 2017, system=true, versionable=true, variable=Languagevariable, modDate=Thu Jul 13 23:20:19 UTC 2023, host=SYSTEM_HOST, siteName=systemHost, icon=language, sortOrder=0, folder=SYSTEM_FOLDER, folderPath=/, markedForDeletion=true, multilingualable=false}, expectedName='Languagevariable', expectedType='KeyValue'}]" classname="com.dotmarketing.business.DeterministicIdentifierAPITest" time="0.005"/>
  <testcase name="Test_Generate_Content_Type_Identifier[1: ContentTypeTestCase{contentType=SimpleContentType{name=testName1689294202247, id=43088d40-0e91-436d-9e06-aadf6b1d69ba, description=testDescription1689294202247, defaultType=false, fixed=false, iDate=Fri Jul 14 00:23:22 UTC 2023, system=false, versionable=true, multilingualable=false, variable=testVarname1689294202247, owner=system, modDate=Fri Jul 14 00:23:23 UTC 2023, host=48190c8c-42c4-46af-8d1a-0cd5db894797, siteName=demo.dotcms.com, icon=event_note, sortOrder=0, folder=SYSTEM_FOLDER, folderPath=/, requiredFields=[], markedForDeletion=false}, expectedName='testVarname1689294202247', expectedType='CONTENT'}]" classname="com.dotmarketing.business.DeterministicIdentifierAPITest" time="0.005"/>
  <system-out><![CDATA[]]></system-out>
  <system-err><![CDATA[]]></system-err>
</testsuite>
