<?xml version="1.0" encoding="UTF-8"?>
<testsuite name="com.dotmarketing.portlets.fileassets.business.FileAssetFactoryIntegrationTest" tests="5" skipped="0" failures="0" errors="0" timestamp="2023-07-07T16:08:04" hostname="fv-az363-219" time="12.639">
  <properties/>
  <testcase name="shouldReturnOneFile" classname="com.dotmarketing.portlets.fileassets.business.FileAssetFactoryIntegrationTest" time="1.758"/>
  <testcase name="shouldReturnEmptyList" classname="com.dotmarketing.portlets.fileassets.business.FileAssetFactoryIntegrationTest" time="1.756"/>
  <testcase name="shouldReturnTwoFiles" classname="com.dotmarketing.portlets.fileassets.business.FileAssetFactoryIntegrationTest" time="2.59"/>
  <testcase name="whenUserNotHavePermissionOverParentFolder" classname="com.dotmarketing.portlets.fileassets.business.FileAssetFactoryIntegrationTest" time="1.464"/>
  <testcase name="shouldWorkWithAnonymous" classname="com.dotmarketing.portlets.fileassets.business.FileAssetFactoryIntegrationTest" time="5.07"/>
  <system-out><![CDATA[]]></system-out>
  <system-err><![CDATA[]]></system-err>
</testsuite>
