<?xml version="1.0" encoding="UTF-8"?>
<testsuite name="com.dotmarketing.portlets.structure.model.ContentletRelationshipsTest" tests="7" skipped="0" failures="0" errors="0" timestamp="2023-07-11T01:26:59" hostname="fv-az336-51" time="9.544">
  <properties/>
  <testcase name="testDoesAllowOnlyOne[0: com.dotmarketing.portlets.structure.model.ContentletRelationshipsTest$CardinalityTestCase@233507ae]" classname="com.dotmarketing.portlets.structure.model.ContentletRelationshipsTest" time="0.596"/>
  <testcase name="testDoesAllowOnlyOne[1: com.dotmarketing.portlets.structure.model.ContentletRelationshipsTest$CardinalityTestCase@69a0cfb8]" classname="com.dotmarketing.portlets.structure.model.ContentletRelationshipsTest" time="0.602"/>
  <testcase name="testDoesAllowOnlyOne[2: com.dotmarketing.portlets.structure.model.ContentletRelationshipsTest$CardinalityTestCase@778cd8b7]" classname="com.dotmarketing.portlets.structure.model.ContentletRelationshipsTest" time="0.607"/>
  <testcase name="testGetRelationshipRecords[0: com.dotmarketing.portlets.structure.model.ContentletRelationshipsTest$TestCase@1bcdb1e7]" classname="com.dotmarketing.portlets.structure.model.ContentletRelationshipsTest" time="1.393"/>
  <testcase name="testGetRelationshipRecords[1: com.dotmarketing.portlets.structure.model.ContentletRelationshipsTest$TestCase@104edd47]" classname="com.dotmarketing.portlets.structure.model.ContentletRelationshipsTest" time="2.204"/>
  <testcase name="testGetRelationshipRecords[2: com.dotmarketing.portlets.structure.model.ContentletRelationshipsTest$TestCase@7ffc0df9]" classname="com.dotmarketing.portlets.structure.model.ContentletRelationshipsTest" time="2.081"/>
  <testcase name="testGetRelationshipRecords[3: com.dotmarketing.portlets.structure.model.ContentletRelationshipsTest$TestCase@6ea42bd1]" classname="com.dotmarketing.portlets.structure.model.ContentletRelationshipsTest" time="2.06"/>
  <system-out><![CDATA[]]></system-out>
  <system-err><![CDATA[]]></system-err>
</testsuite>
