<?xml version="1.0" encoding="UTF-8"?>
<testsuite name="com.dotcms.rest.api.v1.asset.AssetPathResolverImplIntegrationTest" tests="10" skipped="0" failures="0" errors="0" timestamp="2023-07-20T00:28:38" hostname="fv-az713-951" time="0.041">
  <properties/>
  <testcase name="Test_Parse_Path_With_Resource_And_Extension" classname="com.dotcms.rest.api.v1.asset.AssetPathResolverImplIntegrationTest" time="0.023"/>
  <testcase name="Test_Parse_Folder_Path_Ends_With_Forward_Slash" classname="com.dotcms.rest.api.v1.asset.AssetPathResolverImplIntegrationTest" time="0.001"/>
  <testcase name="Test_Parse_Path_Shorten_No_Protocol_Host_Name" classname="com.dotcms.rest.api.v1.asset.AssetPathResolverImplIntegrationTest" time="0.002"/>
  <testcase name="Test_Parse_Path_With_Asset" classname="com.dotcms.rest.api.v1.asset.AssetPathResolverImplIntegrationTest" time="0.001"/>
  <testcase name="Test_Parse_Asset_Path_Create_Missing_Folder" classname="com.dotcms.rest.api.v1.asset.AssetPathResolverImplIntegrationTest" time="0.008"/>
  <testcase name="Test_Parse_Folder_Path_With_Asset" classname="com.dotcms.rest.api.v1.asset.AssetPathResolverImplIntegrationTest" time="0.002"/>
  <testcase name="Test_Parse_Host_Followed_By_Root" classname="com.dotcms.rest.api.v1.asset.AssetPathResolverImplIntegrationTest" time="0.0"/>
  <testcase name="Test_Parse_Folder_Path_No_Ending_Forward_Slash" classname="com.dotcms.rest.api.v1.asset.AssetPathResolverImplIntegrationTest" time="0.001"/>
  <testcase name="Test_Parse_None_Existing_Folder" classname="com.dotcms.rest.api.v1.asset.AssetPathResolverImplIntegrationTest" time="0.002"/>
  <testcase name="Test_Parse_Asset_Under_Root" classname="com.dotcms.rest.api.v1.asset.AssetPathResolverImplIntegrationTest" time="0.001"/>
  <system-out><![CDATA[]]></system-out>
  <system-err><![CDATA[]]></system-err>
</testsuite>
