<?xml version="1.0" encoding="UTF-8"?>
<testsuite name="com.dotcms.rest.elasticsearch.ESContentResourcePortletTest" tests="8" skipped="0" failures="0" errors="0" timestamp="2023-06-26T21:32:37" hostname="fv-az401-312" time="7.61">
  <properties/>
  <testcase name="test_search_includeGrandChildCategory_success" classname="com.dotcms.rest.elasticsearch.ESContentResourcePortletTest" time="1.341"/>
  <testcase name="testSearch[0: com.dotcms.rest.elasticsearch.ESContentResourcePortletTest$TestCase@1b09284]" classname="com.dotcms.rest.elasticsearch.ESContentResourcePortletTest" time="0.859"/>
  <testcase name="testSearch[1: com.dotcms.rest.elasticsearch.ESContentResourcePortletTest$TestCase@5f29e640]" classname="com.dotcms.rest.elasticsearch.ESContentResourcePortletTest" time="0.281"/>
  <testcase name="testSearch[2: com.dotcms.rest.elasticsearch.ESContentResourcePortletTest$TestCase@16bf48ef]" classname="com.dotcms.rest.elasticsearch.ESContentResourcePortletTest" time="0.892"/>
  <testcase name="testSearch[3: com.dotcms.rest.elasticsearch.ESContentResourcePortletTest$TestCase@31c819e3]" classname="com.dotcms.rest.elasticsearch.ESContentResourcePortletTest" time="1.27"/>
  <testcase name="testSearch[4: com.dotcms.rest.elasticsearch.ESContentResourcePortletTest$TestCase@346989ec]" classname="com.dotcms.rest.elasticsearch.ESContentResourcePortletTest" time="1.251"/>
  <testcase name="testSearch[5: com.dotcms.rest.elasticsearch.ESContentResourcePortletTest$TestCase@246262c7]" classname="com.dotcms.rest.elasticsearch.ESContentResourcePortletTest" time="0.878"/>
  <testcase name="testSearch[6: com.dotcms.rest.elasticsearch.ESContentResourcePortletTest$TestCase@48f6be94]" classname="com.dotcms.rest.elasticsearch.ESContentResourcePortletTest" time="0.836"/>
  <system-out><![CDATA[]]></system-out>
  <system-err><![CDATA[]]></system-err>
</testsuite>
