<?xml version="1.0" encoding="UTF-8"?>
<testsuite name="com.dotmarketing.portlets.structure.model.ContentletRelationshipsTest" tests="7" skipped="0" failures="0" errors="0" timestamp="2023-06-30T18:27:33" hostname="fv-az450-908" time="8.313">
  <properties/>
  <testcase name="testDoesAllowOnlyOne[0: com.dotmarketing.portlets.structure.model.ContentletRelationshipsTest$CardinalityTestCase@165e91f5]" classname="com.dotmarketing.portlets.structure.model.ContentletRelationshipsTest" time="0.404"/>
  <testcase name="testDoesAllowOnlyOne[1: com.dotmarketing.portlets.structure.model.ContentletRelationshipsTest$CardinalityTestCase@9c3d5ec]" classname="com.dotmarketing.portlets.structure.model.ContentletRelationshipsTest" time="0.395"/>
  <testcase name="testDoesAllowOnlyOne[2: com.dotmarketing.portlets.structure.model.ContentletRelationshipsTest$CardinalityTestCase@720a71f7]" classname="com.dotmarketing.portlets.structure.model.ContentletRelationshipsTest" time="0.417"/>
  <testcase name="testGetRelationshipRecords[0: com.dotmarketing.portlets.structure.model.ContentletRelationshipsTest$TestCase@6a5d0e41]" classname="com.dotmarketing.portlets.structure.model.ContentletRelationshipsTest" time="1.83"/>
  <testcase name="testGetRelationshipRecords[1: com.dotmarketing.portlets.structure.model.ContentletRelationshipsTest$TestCase@86efbc6]" classname="com.dotmarketing.portlets.structure.model.ContentletRelationshipsTest" time="1.801"/>
  <testcase name="testGetRelationshipRecords[2: com.dotmarketing.portlets.structure.model.ContentletRelationshipsTest$TestCase@1f152392]" classname="com.dotmarketing.portlets.structure.model.ContentletRelationshipsTest" time="1.747"/>
  <testcase name="testGetRelationshipRecords[3: com.dotmarketing.portlets.structure.model.ContentletRelationshipsTest$TestCase@3eb16c4e]" classname="com.dotmarketing.portlets.structure.model.ContentletRelationshipsTest" time="1.708"/>
  <system-out><![CDATA[]]></system-out>
  <system-err><![CDATA[]]></system-err>
</testsuite>
