<?xml version="1.0" encoding="UTF-8"?>
<testsuite name="com.dotcms.rest.elasticsearch.ESContentResourcePortletTest" tests="8" skipped="0" failures="0" errors="0" timestamp="2023-06-30T19:04:43" hostname="fv-az621-917" time="7.839">
  <properties/>
  <testcase name="test_search_includeGrandChildCategory_success" classname="com.dotcms.rest.elasticsearch.ESContentResourcePortletTest" time="1.368"/>
  <testcase name="testSearch[0: com.dotcms.rest.elasticsearch.ESContentResourcePortletTest$TestCase@a487506]" classname="com.dotcms.rest.elasticsearch.ESContentResourcePortletTest" time="0.913"/>
  <testcase name="testSearch[1: com.dotcms.rest.elasticsearch.ESContentResourcePortletTest$TestCase@595e8278]" classname="com.dotcms.rest.elasticsearch.ESContentResourcePortletTest" time="1.273"/>
  <testcase name="testSearch[2: com.dotcms.rest.elasticsearch.ESContentResourcePortletTest$TestCase@50a91665]" classname="com.dotcms.rest.elasticsearch.ESContentResourcePortletTest" time="0.914"/>
  <testcase name="testSearch[3: com.dotcms.rest.elasticsearch.ESContentResourcePortletTest$TestCase@102d7373]" classname="com.dotcms.rest.elasticsearch.ESContentResourcePortletTest" time="0.258"/>
  <testcase name="testSearch[4: com.dotcms.rest.elasticsearch.ESContentResourcePortletTest$TestCase@5984d435]" classname="com.dotcms.rest.elasticsearch.ESContentResourcePortletTest" time="1.272"/>
  <testcase name="testSearch[5: com.dotcms.rest.elasticsearch.ESContentResourcePortletTest$TestCase@74e4d03f]" classname="com.dotcms.rest.elasticsearch.ESContentResourcePortletTest" time="0.936"/>
  <testcase name="testSearch[6: com.dotcms.rest.elasticsearch.ESContentResourcePortletTest$TestCase@6ce6faf8]" classname="com.dotcms.rest.elasticsearch.ESContentResourcePortletTest" time="0.904"/>
  <system-out><![CDATA[]]></system-out>
  <system-err><![CDATA[]]></system-err>
</testsuite>
