<?xml version="1.0" encoding="UTF-8"?>
<testsuite name="com.dotmarketing.startup.runonce.Task05070AndTask05080Test" tests="1" skipped="0" failures="0" errors="0" timestamp="2023-06-28T23:33:54" hostname="fv-az642-275" time="0.035">
  <properties/>
  <testcase name="testExecuteUpgrade" classname="com.dotmarketing.startup.runonce.Task05070AndTask05080Test" time="0.035"/>
  <system-out><![CDATA[]]></system-out>
  <system-err><![CDATA[]]></system-err>
</testsuite>
