<?xml version="1.0" encoding="UTF-8"?>
<testsuite name="com.dotcms.publisher.endpoint.business.PublishingEndPointAPITest" tests="4" skipped="0" failures="0" errors="0" timestamp="2023-06-26T15:24:57" hostname="fv-az955-152" time="0.205">
  <properties/>
  <testcase name="getEnabledSendingEndPointByAddress_returnNull_whenInvalidAddressIsReceived" classname="com.dotcms.publisher.endpoint.business.PublishingEndPointAPITest" time="0.009"/>
  <testcase name="getEnabledSendingEndPointByAddress_returnEndpoint_whenIPAddressIsUsed" classname="com.dotcms.publisher.endpoint.business.PublishingEndPointAPITest" time="0.006"/>
  <testcase name="getEnabledSendingEndPointByAddress_returnEndpoint_whenNetmaskIsUsed" classname="com.dotcms.publisher.endpoint.business.PublishingEndPointAPITest" time="0.007"/>
  <testcase name="test" classname="com.dotcms.publisher.endpoint.business.PublishingEndPointAPITest" time="0.182"/>
  <system-out><![CDATA[]]></system-out>
  <system-err><![CDATA[]]></system-err>
</testsuite>
