<?xml version="1.0" encoding="UTF-8"?>
<testsuite name="com.dotmarketing.business.PermissionAPIIntegrationTest" tests="4" skipped="0" failures="0" errors="0" timestamp="2023-06-30T21:54:00" hostname="fv-az280-303" time="13.086">
  <properties/>
  <testcase name="resetPermissionsUnder" classname="com.dotmarketing.business.PermissionAPIIntegrationTest" time="2.088"/>
  <testcase name="Test_Parent_Individual_Permissions_Should_not_Appear_On_getPermission_Over_Children_Assets" classname="com.dotmarketing.business.PermissionAPIIntegrationTest" time="4.405"/>
  <testcase name="test_permissionIndividuallyByRole" classname="com.dotmarketing.business.PermissionAPIIntegrationTest" time="2.863"/>
  <testcase name="issue11850" classname="com.dotmarketing.business.PermissionAPIIntegrationTest" time="3.729"/>
  <system-out><![CDATA[]]></system-out>
  <system-err><![CDATA[]]></system-err>
</testsuite>
