<?xml version="1.0" encoding="UTF-8"?>
<testsuite name="com.dotcms.rest.api.v1.vtl.VTLResourceIntegrationTest" tests="6" skipped="0" failures="0" errors="0" timestamp="2023-06-27T20:56:29" hostname="fv-az936-789" time="11.166">
  <properties/>
  <testcase name="testGet[0: com.dotcms.rest.api.v1.vtl.VTLResourceTestCase@76b1d684]" classname="com.dotcms.rest.api.v1.vtl.VTLResourceIntegrationTest" time="2.14"/>
  <testcase name="testGet[1: com.dotcms.rest.api.v1.vtl.VTLResourceTestCase@47d5bd51]" classname="com.dotcms.rest.api.v1.vtl.VTLResourceIntegrationTest" time="2.15"/>
  <testcase name="testGet[2: com.dotcms.rest.api.v1.vtl.VTLResourceTestCase@38ed63ec]" classname="com.dotcms.rest.api.v1.vtl.VTLResourceIntegrationTest" time="0.969"/>
  <testcase name="testGet[3: com.dotcms.rest.api.v1.vtl.VTLResourceTestCase@245abb4b]" classname="com.dotcms.rest.api.v1.vtl.VTLResourceIntegrationTest" time="1.87"/>
  <testcase name="testGet[4: com.dotcms.rest.api.v1.vtl.VTLResourceTestCase@5c275cb2]" classname="com.dotcms.rest.api.v1.vtl.VTLResourceIntegrationTest" time="2.063"/>
  <testcase name="testGet[5: com.dotcms.rest.api.v1.vtl.VTLResourceTestCase@36f24d52]" classname="com.dotcms.rest.api.v1.vtl.VTLResourceIntegrationTest" time="1.973"/>
  <system-out><![CDATA[]]></system-out>
  <system-err><![CDATA[]]></system-err>
</testsuite>
