<?xml version="1.0" encoding="UTF-8"?>
<testsuite name="com.dotcms.enterprise.publishing.remote.CategoryBundlerHandlerTest" tests="5" skipped="0" failures="0" errors="0" timestamp="2023-06-28T03:23:21" hostname="fv-az592-477" time="0.35">
  <properties/>
  <testcase name="testBundlerAndHandler_success_sameInodeBlankKey" classname="com.dotcms.enterprise.publishing.remote.CategoryBundlerHandlerTest" time="0.18"/>
  <testcase name="testBundlerAndHandler_success_sameInodeSameKey" classname="com.dotcms.enterprise.publishing.remote.CategoryBundlerHandlerTest" time="0.029"/>
  <testcase name="testBundlerAndHandler_success_sameInodeDifferentKey" classname="com.dotcms.enterprise.publishing.remote.CategoryBundlerHandlerTest" time="0.032"/>
  <testcase name="testBundlerAndHandler_success_SameKey_SameInodeOnReceiver" classname="com.dotcms.enterprise.publishing.remote.CategoryBundlerHandlerTest" time="0.045"/>
  <testcase name="testBundlerAndHandler_success_newCategories" classname="com.dotcms.enterprise.publishing.remote.CategoryBundlerHandlerTest" time="0.063"/>
  <system-out><![CDATA[]]></system-out>
  <system-err><![CDATA[]]></system-err>
</testsuite>
