<?xml version="1.0" encoding="UTF-8"?>
<testsuite name="com.dotmarketing.business.DeterministicIdentifierAPITest" tests="16" skipped="0" failures="0" errors="0" timestamp="2023-06-28T23:44:55" hostname="fv-az446-868" time="1.585">
  <properties/>
  <testcase name="Test_Category_Path_Seed_And_Id" classname="com.dotmarketing.business.DeterministicIdentifierAPITest" time="0.031"/>
  <testcase name="Test_Language_Deterministic_Id[0: LanguageTestCase{expectedSeed='Language:es:US', expectedHash=4913155, langCode='es', countryCode='US', country='United States'}]" classname="com.dotmarketing.business.DeterministicIdentifierAPITest" time="0.001"/>
  <testcase name="Test_Language_Deterministic_Id[1: LanguageTestCase{expectedSeed='Language:ep:', expectedHash=5292269, langCode='ep', countryCode='', country=''}]" classname="com.dotmarketing.business.DeterministicIdentifierAPITest" time="0.001"/>
  <testcase name="Test_Language_Deterministic_Id[2: LanguageTestCase{expectedSeed='Language:sg:SAG', expectedHash=4713118, langCode='sg', countryCode='SAG', country=''}]" classname="com.dotmarketing.business.DeterministicIdentifierAPITest" time="0.001"/>
  <testcase name="Test_Language_Deterministic_Id[3: LanguageTestCase{expectedSeed='Language:en:NZ', expectedHash=5382528, langCode='en', countryCode='NZ', country='New Zealand'}]" classname="com.dotmarketing.business.DeterministicIdentifierAPITest" time="0.001"/>
  <testcase name="Test_Category_None_Persisted_Category_Should_Return_Deterministic_Id" classname="com.dotmarketing.business.DeterministicIdentifierAPITest" time="0.002"/>
  <testcase name="Test_Asset_Generate_Deterministic_Id_Best_Effort[0: TestCase{versionable=my.host1687995465674.com, parent=System Host, expectedName='my.host1687995465674.com', expectedType='Host'}]" classname="com.dotmarketing.business.DeterministicIdentifierAPITest" time="0.003"/>
  <testcase name="Test_Asset_Generate_Deterministic_Id_Best_Effort[1: TestCase{versionable=com.dotmarketing.portlets.contentlet.model.Contentlet@9062de0[map={modDate=2023-06-28 23:37:46.158, fileName=file2538103526571478185.txt, title=file2538103526571478185.txt, inode=ea933fb1-f36a-4ec8-9c3f-f0e2ec7981be, __IS_NEW_CONTENT__=true, disabledWYSIWYG=[], host=02649ef1-b7da-48c4-8324-d7573c740734, stInode=33888b6f-7a8e-4069-b1b6-5c1aa9d0a48d, owner=system, identifier=6f1f5282-631e-453d-b45d-b1077549e5c6, nullProperties=[wfExpireDate, wfPublishDate, wfActionAssign, wfActionId, wfActionComments, filterKey, whereToSend, wfNeverExpire, _path_to_move, timezoneId, iWantTo, wfPublishTime, wfExpireTime], languageId=1, fileAsset=/home/runner/work/core/custom/assets/e/a/ea933fb1-f36a-4ec8-9c3f-f0e2ec7981be/fileAsset/file2538103526571478185.txt, folder=e27ae148-b7b8-45da-a6b7-d3da8b4031b0, __disable_workflow__=true, sortOrder=0, modUser=system},lowIndexPriority=false,variantId=DEFAULT], parent=com.dotmarketing.portlets.folders.model.Folder@30e24234[identifier=e27ae148-b7b8-45da-a6b7-d3da8b4031b0,name=testName1687995466144,sortOrder=0,showOnMenu=false,hostId=02649ef1-b7da-48c4-8324-d7573c740734,type=folder,title=testTitle1687995466144,filesMasks=,defaultFileType=33888b6f-7a8e-4069-b1b6-5c1aa9d0a48d,modDate=2023-06-28 23:37:46.15,owner=&lt;null&gt;,iDate=2023-06-28 23:37:46.15,inode=e27ae148-b7b8-45da-a6b7-d3da8b4031b0,path=/testName1687995466144/], expectedName='file2538103526571478185.txt', expectedType='FileAsset'}]" classname="com.dotmarketing.business.DeterministicIdentifierAPITest" time="0.003"/>
  <testcase name="Test_Asset_Generate_Deterministic_Id_Best_Effort[2: TestCase{versionable=com.dotmarketing.portlets.templates.model.Template@fdd5502d, parent=my.host1687995465674.com, expectedName='testTitle1687995466286', expectedType='Template'}]" classname="com.dotmarketing.business.DeterministicIdentifierAPITest" time="0.003"/>
  <testcase name="Test_Asset_Generate_Deterministic_Id_Best_Effort[3: TestCase{versionable=com.dotmarketing.portlets.htmlpageasset.model.HTMLPageAsset@2039d3e2[map={template=384be07f-3753-48c6-a1e8-35b45c55b7c7, owner=system, identifier=2c66c855-8739-4e1a-a403-3004b490a96a, nullProperties=[wfExpireDate, wfPublishDate, wfActionAssign, wfActionId, wfActionComments, filterKey, whereToSend, wfNeverExpire, _path_to_move, timezoneId, iWantTo, wfPublishTime, wfExpireTime], modDate=2023-06-28 23:37:46.31, cachettl=0, _is_test_mode=true, languageId=1, title=test-page-title-1687995466305, httpsreq=, url=test-page-url-1687995466305, showOnMenu=, inode=3d2c9ced-37f5-4cfb-b761-7c587e8be467, folder=e27ae148-b7b8-45da-a6b7-d3da8b4031b0, disabledWYSIWYG=[], sortOrder=1, modUser=system, host=02649ef1-b7da-48c4-8324-d7573c740734, stInode=c541abb1-69b3-4bc5-8430-5e09e5239cc8, friendlyName=test-page-friendly-name-1687995466305},lowIndexPriority=false,variantId=DEFAULT], parent=com.dotmarketing.portlets.folders.model.Folder@30e24234[identifier=e27ae148-b7b8-45da-a6b7-d3da8b4031b0,name=testName1687995466144,sortOrder=0,showOnMenu=false,hostId=02649ef1-b7da-48c4-8324-d7573c740734,type=folder,title=testTitle1687995466144,filesMasks=,defaultFileType=33888b6f-7a8e-4069-b1b6-5c1aa9d0a48d,modDate=2023-06-28 23:37:46.15,owner=&lt;null&gt;,iDate=2023-06-28 23:37:46.15,inode=e27ae148-b7b8-45da-a6b7-d3da8b4031b0,path=/testName1687995466144/], expectedName='test-page-url-1687995466305', expectedType='htmlpageasset'}]" classname="com.dotmarketing.business.DeterministicIdentifierAPITest" time="0.003"/>
  <testcase name="Test_Asset_Generate_Deterministic_Id_Best_Effort[4: TestCase{versionable=com.dotmarketing.portlets.contentlet.model.Contentlet@398e4d3f[map={fileAsset2=/home/runner/work/core/custom/assets/a/d/ad702e3d-8c76-4e82-8e8c-25eac014f18e/fileAsset2/test_binary1687995468133.png, modDate=2023-06-28 23:37:48.139, fileAsset1=/home/runner/work/core/custom/assets/a/d/ad702e3d-8c76-4e82-8e8c-25eac014f18e/fileAsset1/test_binary1687995468133.jpg, title=blah, inode=ad702e3d-8c76-4e82-8e8c-25eac014f18e, __IS_NEW_CONTENT__=true, disabledWYSIWYG=[], host=48190c8c-42c4-46af-8d1a-0cd5db894797, stInode=9594b351-21b0-49b0-af36-2665ae011651, owner=system, identifier=2c8a00b7-ee97-4911-ae25-6ef2c86b808c, nullProperties=[], languageId=1, image1=2bd04a49-7784-4d66-b5db-42c59b6c52ca, folder=SYSTEM_FOLDER, __disable_workflow__=true, sortOrder=0, modUser=system},lowIndexPriority=false,variantId=DEFAULT], parent=demo.dotcms.com, expectedName='test_binary1687995468133.jpg:test_binary1687995468133.png', expectedType='MultipleBinaries1687995466532'}]" classname="com.dotmarketing.business.DeterministicIdentifierAPITest" time="0.003"/>
  <testcase name="Test_Asset_Generate_Deterministic_Id_Best_Effort[5: TestCase{versionable=name3f4f94fa4f : keyTag3f4f94fa4f, parent=my.host1687995465674.com, expectedName='keyTag3f4f94fa4f', expectedType='persona'}]" classname="com.dotmarketing.business.DeterministicIdentifierAPITest" time="0.004"/>
  <testcase name="Test_Similar_Content_Type_Wont_Clash" classname="com.dotmarketing.business.DeterministicIdentifierAPITest" time="0.525"/>
  <testcase name="Test_Generate_Folder_Identifier" classname="com.dotmarketing.business.DeterministicIdentifierAPITest" time="0.974"/>
  <testcase name="Test_Generate_Content_Type_Identifier[0: ContentTypeTestCase{contentType=KeyValueContentType{name=Language Variable, id=f4d7c1b8-2c88-4071-abf1-a5328977b07d, description=Default Content Type for Language Variables, defaultType=false, fixed=true, iDate=Thu Aug 31 16:38:49 UTC 2017, system=true, versionable=true, variable=Languagevariable, modDate=Wed Jun 28 22:25:28 UTC 2023, host=SYSTEM_HOST, siteName=systemHost, icon=language, sortOrder=0, folder=SYSTEM_FOLDER, folderPath=/, markedForDeletion=true, multilingualable=false}, expectedName='Languagevariable', expectedType='KeyValue'}]" classname="com.dotmarketing.business.DeterministicIdentifierAPITest" time="0.016"/>
  <testcase name="Test_Generate_Content_Type_Identifier[1: ContentTypeTestCase{contentType=SimpleContentType{name=testName1687995468745, id=12df7e6f-41b7-439d-85d5-1ebc5dde4399, description=testDescription1687995468745, defaultType=false, fixed=false, iDate=Wed Jun 28 23:37:48 UTC 2023, system=false, versionable=true, multilingualable=false, variable=testVarname1687995468745, owner=system, modDate=Wed Jun 28 23:37:49 UTC 2023, host=48190c8c-42c4-46af-8d1a-0cd5db894797, siteName=demo.dotcms.com, icon=event_note, sortOrder=0, folder=SYSTEM_FOLDER, folderPath=/, requiredFields=[], markedForDeletion=false}, expectedName='testVarname1687995468745', expectedType='CONTENT'}]" classname="com.dotmarketing.business.DeterministicIdentifierAPITest" time="0.009"/>
  <system-out><![CDATA[]]></system-out>
  <system-err><![CDATA[]]></system-err>
</testsuite>
