<?xml version="1.0" encoding="UTF-8"?>
<testsuite name="com.dotcms.rest.api.v1.vtl.VTLResourceIntegrationTest" tests="6" skipped="0" failures="0" errors="0" timestamp="2023-06-23T21:33:52" hostname="fv-az551-628" time="12.372">
  <properties/>
  <testcase name="testGet[0: com.dotcms.rest.api.v1.vtl.VTLResourceTestCase@b9b06ab]" classname="com.dotcms.rest.api.v1.vtl.VTLResourceIntegrationTest" time="2.487"/>
  <testcase name="testGet[1: com.dotcms.rest.api.v1.vtl.VTLResourceTestCase@1a4b1a05]" classname="com.dotcms.rest.api.v1.vtl.VTLResourceIntegrationTest" time="1.989"/>
  <testcase name="testGet[2: com.dotcms.rest.api.v1.vtl.VTLResourceTestCase@713adf11]" classname="com.dotcms.rest.api.v1.vtl.VTLResourceIntegrationTest" time="1.911"/>
  <testcase name="testGet[3: com.dotcms.rest.api.v1.vtl.VTLResourceTestCase@3fcf91aa]" classname="com.dotcms.rest.api.v1.vtl.VTLResourceIntegrationTest" time="2.188"/>
  <testcase name="testGet[4: com.dotcms.rest.api.v1.vtl.VTLResourceTestCase@6c3266a6]" classname="com.dotcms.rest.api.v1.vtl.VTLResourceIntegrationTest" time="2.0"/>
  <testcase name="testGet[5: com.dotcms.rest.api.v1.vtl.VTLResourceTestCase@2eebc217]" classname="com.dotcms.rest.api.v1.vtl.VTLResourceIntegrationTest" time="1.796"/>
  <system-out><![CDATA[]]></system-out>
  <system-err><![CDATA[]]></system-err>
</testsuite>
