<?xml version="1.0" encoding="UTF-8"?>
<testsuite name="com.dotcms.contenttype.test.ContentResourceTest" tests="52" skipped="0" failures="0" errors="0" timestamp="2023-07-18T16:36:14" hostname="fv-az1234-907" time="136.847">
  <properties/>
  <testcase name="testGetContentShouldReturnIconDetails" classname="com.dotcms.contenttype.test.ContentResourceTest" time="1.547"/>
  <testcase name="Test_Save_Action_Set_Words_To_Required_NumericField_Issue_15340" classname="com.dotcms.contenttype.test.ContentResourceTest" time="0.903"/>
  <testcase name="test_getContent_includeGrandChildCategory_success" classname="com.dotcms.contenttype.test.ContentResourceTest" time="1.3"/>
  <testcase name="testGetContentWithRelatedParameter[0: com.dotcms.contenttype.test.ContentResourceTest$PullRelatedTestCase@2a9acff5]" classname="com.dotcms.contenttype.test.ContentResourceTest" time="3.642"/>
  <testcase name="testGetContentWithRelatedParameter[1: com.dotcms.contenttype.test.ContentResourceTest$PullRelatedTestCase@72d71b64]" classname="com.dotcms.contenttype.test.ContentResourceTest" time="3.464"/>
  <testcase name="testGetContentWithRelatedParameter[2: com.dotcms.contenttype.test.ContentResourceTest$PullRelatedTestCase@63401a99]" classname="com.dotcms.contenttype.test.ContentResourceTest" time="3.639"/>
  <testcase name="testGetContentWithRelatedParameter[3: com.dotcms.contenttype.test.ContentResourceTest$PullRelatedTestCase@23310a38]" classname="com.dotcms.contenttype.test.ContentResourceTest" time="3.655"/>
  <testcase name="testGetContentWithRelatedParameter[4: com.dotcms.contenttype.test.ContentResourceTest$PullRelatedTestCase@5f289ccc]" classname="com.dotcms.contenttype.test.ContentResourceTest" time="3.355"/>
  <testcase name="test_getContent_SelfRelatedWith3LevelsOfDepth_shouldReturnRelationships" classname="com.dotcms.contenttype.test.ContentResourceTest" time="1.337"/>
  <testcase name="Test_Save_Action_Send_Fields_SubSet_Issue_15340" classname="com.dotcms.contenttype.test.ContentResourceTest" time="1.885"/>
  <testcase name="test_getContent_shouldReturnRelationships[0: com.dotcms.contenttype.test.ContentResourceTest$TestCase@156ea076]" classname="com.dotcms.contenttype.test.ContentResourceTest" time="2.762"/>
  <testcase name="test_getContent_shouldReturnRelationships[1: com.dotcms.contenttype.test.ContentResourceTest$TestCase@7699e490]" classname="com.dotcms.contenttype.test.ContentResourceTest" time="2.688"/>
  <testcase name="test_getContent_shouldReturnRelationships[2: com.dotcms.contenttype.test.ContentResourceTest$TestCase@5dd240b1]" classname="com.dotcms.contenttype.test.ContentResourceTest" time="2.695"/>
  <testcase name="test_getContent_shouldReturnRelationships[3: com.dotcms.contenttype.test.ContentResourceTest$TestCase@4607793b]" classname="com.dotcms.contenttype.test.ContentResourceTest" time="2.926"/>
  <testcase name="test_getContent_shouldReturnRelationships[4: com.dotcms.contenttype.test.ContentResourceTest$TestCase@260a0c9d]" classname="com.dotcms.contenttype.test.ContentResourceTest" time="3.064"/>
  <testcase name="test_getContent_shouldReturnRelationships[5: com.dotcms.contenttype.test.ContentResourceTest$TestCase@1f0ed1a8]" classname="com.dotcms.contenttype.test.ContentResourceTest" time="2.584"/>
  <testcase name="test_getContent_shouldReturnRelationships[6: com.dotcms.contenttype.test.ContentResourceTest$TestCase@5016dd30]" classname="com.dotcms.contenttype.test.ContentResourceTest" time="2.665"/>
  <testcase name="test_getContent_shouldReturnRelationships[7: com.dotcms.contenttype.test.ContentResourceTest$TestCase@2da5b8a8]" classname="com.dotcms.contenttype.test.ContentResourceTest" time="2.673"/>
  <testcase name="test_getContent_shouldReturnRelationships[8: com.dotcms.contenttype.test.ContentResourceTest$TestCase@5bbd3765]" classname="com.dotcms.contenttype.test.ContentResourceTest" time="2.934"/>
  <testcase name="test_getContent_shouldReturnRelationships[9: com.dotcms.contenttype.test.ContentResourceTest$TestCase@32d72e2b]" classname="com.dotcms.contenttype.test.ContentResourceTest" time="2.831"/>
  <testcase name="test_getContent_shouldReturnRelationships[10: com.dotcms.contenttype.test.ContentResourceTest$TestCase@54ce9a1c]" classname="com.dotcms.contenttype.test.ContentResourceTest" time="2.741"/>
  <testcase name="test_getContent_shouldReturnRelationships[11: com.dotcms.contenttype.test.ContentResourceTest$TestCase@54ae08d5]" classname="com.dotcms.contenttype.test.ContentResourceTest" time="2.591"/>
  <testcase name="test_getContent_shouldReturnRelationships[12: com.dotcms.contenttype.test.ContentResourceTest$TestCase@661a1b3a]" classname="com.dotcms.contenttype.test.ContentResourceTest" time="2.63"/>
  <testcase name="test_getContent_shouldReturnRelationships[13: com.dotcms.contenttype.test.ContentResourceTest$TestCase@6db7d7a4]" classname="com.dotcms.contenttype.test.ContentResourceTest" time="2.663"/>
  <testcase name="test_getContent_shouldReturnRelationships[14: com.dotcms.contenttype.test.ContentResourceTest$TestCase@4d89ae74]" classname="com.dotcms.contenttype.test.ContentResourceTest" time="2.675"/>
  <testcase name="test_getContent_shouldReturnRelationships[15: com.dotcms.contenttype.test.ContentResourceTest$TestCase@6945ffb0]" classname="com.dotcms.contenttype.test.ContentResourceTest" time="2.835"/>
  <testcase name="test_getContent_shouldReturnRelationships[16: com.dotcms.contenttype.test.ContentResourceTest$TestCase@5fb0ea69]" classname="com.dotcms.contenttype.test.ContentResourceTest" time="3.717"/>
  <testcase name="test_getContent_shouldReturnRelationships[17: com.dotcms.contenttype.test.ContentResourceTest$TestCase@ce90ccc]" classname="com.dotcms.contenttype.test.ContentResourceTest" time="2.792"/>
  <testcase name="test_getContent_shouldReturnRelationships[18: com.dotcms.contenttype.test.ContentResourceTest$TestCase@c93e92b]" classname="com.dotcms.contenttype.test.ContentResourceTest" time="2.914"/>
  <testcase name="test_getContent_shouldReturnRelationships[19: com.dotcms.contenttype.test.ContentResourceTest$TestCase@4aed2f76]" classname="com.dotcms.contenttype.test.ContentResourceTest" time="2.828"/>
  <testcase name="test_getContent_shouldReturnRelationships[20: com.dotcms.contenttype.test.ContentResourceTest$TestCase@125677e0]" classname="com.dotcms.contenttype.test.ContentResourceTest" time="3.059"/>
  <testcase name="test_getContent_shouldReturnRelationships[21: com.dotcms.contenttype.test.ContentResourceTest$TestCase@561d860a]" classname="com.dotcms.contenttype.test.ContentResourceTest" time="3.007"/>
  <testcase name="test_getContent_shouldReturnRelationships[22: com.dotcms.contenttype.test.ContentResourceTest$TestCase@4554e753]" classname="com.dotcms.contenttype.test.ContentResourceTest" time="2.79"/>
  <testcase name="test_getContent_shouldReturnRelationships[23: com.dotcms.contenttype.test.ContentResourceTest$TestCase@6661f610]" classname="com.dotcms.contenttype.test.ContentResourceTest" time="2.053"/>
  <testcase name="test_getContent_shouldReturnRelationships[24: com.dotcms.contenttype.test.ContentResourceTest$TestCase@47a9644b]" classname="com.dotcms.contenttype.test.ContentResourceTest" time="2.901"/>
  <testcase name="test_getContent_shouldReturnRelationships[25: com.dotcms.contenttype.test.ContentResourceTest$TestCase@7d3e9762]" classname="com.dotcms.contenttype.test.ContentResourceTest" time="2.97"/>
  <testcase name="test_getContent_shouldReturnRelationships[26: com.dotcms.contenttype.test.ContentResourceTest$TestCase@1f3299e9]" classname="com.dotcms.contenttype.test.ContentResourceTest" time="3.111"/>
  <testcase name="test_getContent_shouldReturnRelationships[27: com.dotcms.contenttype.test.ContentResourceTest$TestCase@768a2d69]" classname="com.dotcms.contenttype.test.ContentResourceTest" time="2.945"/>
  <testcase name="test_getContent_shouldReturnRelationships[28: com.dotcms.contenttype.test.ContentResourceTest$TestCase@7a0d84cf]" classname="com.dotcms.contenttype.test.ContentResourceTest" time="2.799"/>
  <testcase name="test_getContent_shouldReturnRelationships[29: com.dotcms.contenttype.test.ContentResourceTest$TestCase@7381996b]" classname="com.dotcms.contenttype.test.ContentResourceTest" time="2.754"/>
  <testcase name="test_getContent_shouldReturnRelationships[30: com.dotcms.contenttype.test.ContentResourceTest$TestCase@7877ab23]" classname="com.dotcms.contenttype.test.ContentResourceTest" time="2.764"/>
  <testcase name="test_getContent_shouldReturnRelationships[31: com.dotcms.contenttype.test.ContentResourceTest$TestCase@5f313021]" classname="com.dotcms.contenttype.test.ContentResourceTest" time="2.652"/>
  <testcase name="test_getContent_shouldReturnRelationships[32: com.dotcms.contenttype.test.ContentResourceTest$TestCase@498cecf4]" classname="com.dotcms.contenttype.test.ContentResourceTest" time="3.796"/>
  <testcase name="test_getContent_shouldReturnRelationships[33: com.dotcms.contenttype.test.ContentResourceTest$TestCase@36397e6f]" classname="com.dotcms.contenttype.test.ContentResourceTest" time="3.59"/>
  <testcase name="testSinglePOST_InvalidParamsShouldReturn400[0: ({\n    &quot;stInode&quot; : &quot;InvalidValue&quot;,\n    &quot;numeric&quot; : &quot;0&quot;,\n    &quot;image&quot; : &quot;whatever&quot;\n}, Bad Request)]" classname="com.dotcms.contenttype.test.ContentResourceTest" time="0.89"/>
  <testcase name="testSinglePOST_InvalidParamsShouldReturn400[1: ({\n    &quot;numeric&quot; : &quot;0&quot;,\n    &quot;image&quot; : &quot;whatever&quot;\n}, Bad Request)]" classname="com.dotcms.contenttype.test.ContentResourceTest" time="0.888"/>
  <testcase name="Test_Save_Action_Set_Null_To_Required_NumericField_Issue_15340" classname="com.dotcms.contenttype.test.ContentResourceTest" time="0.899"/>
  <testcase name="Test_Save_Action_Remove_Image_Then_Verify_Fields_Were_Cleared_Issue_15340" classname="com.dotcms.contenttype.test.ContentResourceTest" time="3.791"/>
  <testcase name="test_getContentWithMultipleSelfRelated_shouldReturnRelationships[0: com.dotcms.contenttype.test.ContentResourceTest$PullSelfRelatedTestCase@2534634b]" classname="com.dotcms.contenttype.test.ContentResourceTest" time="1.7"/>
  <testcase name="test_getContentWithMultipleSelfRelated_shouldReturnRelationships[1: com.dotcms.contenttype.test.ContentResourceTest$PullSelfRelatedTestCase@b71d055]" classname="com.dotcms.contenttype.test.ContentResourceTest" time="1.557"/>
  <testcase name="testGetContentWithAllCategoriesInfo[0: json]" classname="com.dotcms.contenttype.test.ContentResourceTest" time="2.466"/>
  <testcase name="testGetContentWithAllCategoriesInfo[1: xml]" classname="com.dotcms.contenttype.test.ContentResourceTest" time="2.521"/>
  <system-out><![CDATA[











]]></system-out>
  <system-err><![CDATA[]]></system-err>
</testsuite>
