<?xml version="1.0" encoding="UTF-8"?>
<testsuite name="com.dotcms.publishing.PublisherAPIImplTest" tests="24" skipped="0" failures="0" errors="0" timestamp="2023-07-13T20:48:05" hostname="fv-az717-983" time="3.938">
  <properties/>
  <testcase name="AddAllCategoryIntoBundle" classname="com.dotcms.publishing.PublisherAPIImplTest" time="0.172"/>
  <testcase name="testFilterDescriptors" classname="com.dotcms.publishing.PublisherAPIImplTest" time="0.074"/>
  <testcase name="sendPushPublishBundle[0: com.dotcms.publishing.PublisherAPIImplTest$TestAsset@2246d1d8]" classname="com.dotcms.publishing.PublisherAPIImplTest" time="1.191"/>
  <testcase name="sendPushPublishBundle[1: com.dotcms.publishing.PublisherAPIImplTest$TestAsset@2236372f]" classname="com.dotcms.publishing.PublisherAPIImplTest" time="0.188"/>
  <testcase name="sendPushPublishBundle[2: com.dotcms.publishing.PublisherAPIImplTest$TestAsset@437a772f]" classname="com.dotcms.publishing.PublisherAPIImplTest" time="0.162"/>
  <testcase name="sendPushPublishBundle[3: com.dotcms.publishing.PublisherAPIImplTest$TestAsset@6261473]" classname="com.dotcms.publishing.PublisherAPIImplTest" time="0.245"/>
  <testcase name="sendPushPublishBundle[4: com.dotcms.publishing.PublisherAPIImplTest$TestAsset@12fadd7e]" classname="com.dotcms.publishing.PublisherAPIImplTest" time="0.219"/>
  <testcase name="sendPushPublishBundle[5: com.dotcms.publishing.PublisherAPIImplTest$TestAsset@1660f41]" classname="com.dotcms.publishing.PublisherAPIImplTest" time="0.173"/>
  <testcase name="sendPushPublishBundle[6: com.dotcms.publishing.PublisherAPIImplTest$TestAsset@11b5d34d]" classname="com.dotcms.publishing.PublisherAPIImplTest" time="0.131"/>
  <testcase name="sendPushPublishBundle[7: com.dotcms.publishing.PublisherAPIImplTest$TestAsset@2786c884]" classname="com.dotcms.publishing.PublisherAPIImplTest" time="0.118"/>
  <testcase name="sendPushPublishBundle[8: com.dotcms.publishing.PublisherAPIImplTest$TestAsset@63d3f027]" classname="com.dotcms.publishing.PublisherAPIImplTest" time="0.081"/>
  <testcase name="sendPushPublishBundle[9: com.dotcms.publishing.PublisherAPIImplTest$TestAsset@527ee71b]" classname="com.dotcms.publishing.PublisherAPIImplTest" time="0.163"/>
  <testcase name="sendPushPublishBundle[10: com.dotcms.publishing.PublisherAPIImplTest$TestAsset@6d6e69a2]" classname="com.dotcms.publishing.PublisherAPIImplTest" time="0.078"/>
  <testcase name="generateBundle[0: com.dotcms.publishing.PublisherAPIImplTest$TestAsset@2246d1d8]" classname="com.dotcms.publishing.PublisherAPIImplTest" time="0.088"/>
  <testcase name="generateBundle[1: com.dotcms.publishing.PublisherAPIImplTest$TestAsset@2236372f]" classname="com.dotcms.publishing.PublisherAPIImplTest" time="0.089"/>
  <testcase name="generateBundle[2: com.dotcms.publishing.PublisherAPIImplTest$TestAsset@437a772f]" classname="com.dotcms.publishing.PublisherAPIImplTest" time="0.076"/>
  <testcase name="generateBundle[3: com.dotcms.publishing.PublisherAPIImplTest$TestAsset@6261473]" classname="com.dotcms.publishing.PublisherAPIImplTest" time="0.166"/>
  <testcase name="generateBundle[4: com.dotcms.publishing.PublisherAPIImplTest$TestAsset@12fadd7e]" classname="com.dotcms.publishing.PublisherAPIImplTest" time="0.138"/>
  <testcase name="generateBundle[5: com.dotcms.publishing.PublisherAPIImplTest$TestAsset@1660f41]" classname="com.dotcms.publishing.PublisherAPIImplTest" time="0.076"/>
  <testcase name="generateBundle[6: com.dotcms.publishing.PublisherAPIImplTest$TestAsset@11b5d34d]" classname="com.dotcms.publishing.PublisherAPIImplTest" time="0.081"/>
  <testcase name="generateBundle[7: com.dotcms.publishing.PublisherAPIImplTest$TestAsset@2786c884]" classname="com.dotcms.publishing.PublisherAPIImplTest" time="0.061"/>
  <testcase name="generateBundle[8: com.dotcms.publishing.PublisherAPIImplTest$TestAsset@63d3f027]" classname="com.dotcms.publishing.PublisherAPIImplTest" time="0.043"/>
  <testcase name="generateBundle[9: com.dotcms.publishing.PublisherAPIImplTest$TestAsset@527ee71b]" classname="com.dotcms.publishing.PublisherAPIImplTest" time="0.101"/>
  <testcase name="generateBundle[10: com.dotcms.publishing.PublisherAPIImplTest$TestAsset@6d6e69a2]" classname="com.dotcms.publishing.PublisherAPIImplTest" time="0.015"/>
  <system-out><![CDATA[









































































































































































]]></system-out>
  <system-err><![CDATA[]]></system-err>
</testsuite>
