<?xml version="1.0" encoding="UTF-8"?>
<testsuite name="com.dotcms.contenttype.test.ContentResourceTest" tests="52" skipped="0" failures="0" errors="0" timestamp="2023-06-24T02:25:40" hostname="fv-az1128-296" time="129.978">
  <properties/>
  <testcase name="testGetContentShouldReturnIconDetails" classname="com.dotcms.contenttype.test.ContentResourceTest" time="1.478"/>
  <testcase name="Test_Save_Action_Set_Words_To_Required_NumericField_Issue_15340" classname="com.dotcms.contenttype.test.ContentResourceTest" time="0.873"/>
  <testcase name="test_getContent_includeGrandChildCategory_success" classname="com.dotcms.contenttype.test.ContentResourceTest" time="1.256"/>
  <testcase name="testGetContentWithRelatedParameter[0: com.dotcms.contenttype.test.ContentResourceTest$PullRelatedTestCase@52199201]" classname="com.dotcms.contenttype.test.ContentResourceTest" time="3.495"/>
  <testcase name="testGetContentWithRelatedParameter[1: com.dotcms.contenttype.test.ContentResourceTest$PullRelatedTestCase@3c3581e6]" classname="com.dotcms.contenttype.test.ContentResourceTest" time="3.65"/>
  <testcase name="testGetContentWithRelatedParameter[2: com.dotcms.contenttype.test.ContentResourceTest$PullRelatedTestCase@4b90b856]" classname="com.dotcms.contenttype.test.ContentResourceTest" time="3.589"/>
  <testcase name="testGetContentWithRelatedParameter[3: com.dotcms.contenttype.test.ContentResourceTest$PullRelatedTestCase@48dc6b0b]" classname="com.dotcms.contenttype.test.ContentResourceTest" time="2.464"/>
  <testcase name="testGetContentWithRelatedParameter[4: com.dotcms.contenttype.test.ContentResourceTest$PullRelatedTestCase@56cb718b]" classname="com.dotcms.contenttype.test.ContentResourceTest" time="3.516"/>
  <testcase name="test_getContent_SelfRelatedWith3LevelsOfDepth_shouldReturnRelationships" classname="com.dotcms.contenttype.test.ContentResourceTest" time="1.316"/>
  <testcase name="Test_Save_Action_Send_Fields_SubSet_Issue_15340" classname="com.dotcms.contenttype.test.ContentResourceTest" time="1.809"/>
  <testcase name="test_getContent_shouldReturnRelationships[0: com.dotcms.contenttype.test.ContentResourceTest$TestCase@46e1e005]" classname="com.dotcms.contenttype.test.ContentResourceTest" time="2.702"/>
  <testcase name="test_getContent_shouldReturnRelationships[1: com.dotcms.contenttype.test.ContentResourceTest$TestCase@87da287]" classname="com.dotcms.contenttype.test.ContentResourceTest" time="2.605"/>
  <testcase name="test_getContent_shouldReturnRelationships[2: com.dotcms.contenttype.test.ContentResourceTest$TestCase@235214b0]" classname="com.dotcms.contenttype.test.ContentResourceTest" time="2.595"/>
  <testcase name="test_getContent_shouldReturnRelationships[3: com.dotcms.contenttype.test.ContentResourceTest$TestCase@2e986e78]" classname="com.dotcms.contenttype.test.ContentResourceTest" time="2.643"/>
  <testcase name="test_getContent_shouldReturnRelationships[4: com.dotcms.contenttype.test.ContentResourceTest$TestCase@67b04266]" classname="com.dotcms.contenttype.test.ContentResourceTest" time="2.664"/>
  <testcase name="test_getContent_shouldReturnRelationships[5: com.dotcms.contenttype.test.ContentResourceTest$TestCase@23cad8d]" classname="com.dotcms.contenttype.test.ContentResourceTest" time="2.491"/>
  <testcase name="test_getContent_shouldReturnRelationships[6: com.dotcms.contenttype.test.ContentResourceTest$TestCase@31f8ceee]" classname="com.dotcms.contenttype.test.ContentResourceTest" time="1.764"/>
  <testcase name="test_getContent_shouldReturnRelationships[7: com.dotcms.contenttype.test.ContentResourceTest$TestCase@5cfe8d07]" classname="com.dotcms.contenttype.test.ContentResourceTest" time="2.671"/>
  <testcase name="test_getContent_shouldReturnRelationships[8: com.dotcms.contenttype.test.ContentResourceTest$TestCase@3938478c]" classname="com.dotcms.contenttype.test.ContentResourceTest" time="2.712"/>
  <testcase name="test_getContent_shouldReturnRelationships[9: com.dotcms.contenttype.test.ContentResourceTest$TestCase@5e8fc5e3]" classname="com.dotcms.contenttype.test.ContentResourceTest" time="3.059"/>
  <testcase name="test_getContent_shouldReturnRelationships[10: com.dotcms.contenttype.test.ContentResourceTest$TestCase@29f7ff62]" classname="com.dotcms.contenttype.test.ContentResourceTest" time="2.625"/>
  <testcase name="test_getContent_shouldReturnRelationships[11: com.dotcms.contenttype.test.ContentResourceTest$TestCase@149c9ee]" classname="com.dotcms.contenttype.test.ContentResourceTest" time="1.752"/>
  <testcase name="test_getContent_shouldReturnRelationships[12: com.dotcms.contenttype.test.ContentResourceTest$TestCase@7a36fa6c]" classname="com.dotcms.contenttype.test.ContentResourceTest" time="2.765"/>
  <testcase name="test_getContent_shouldReturnRelationships[13: com.dotcms.contenttype.test.ContentResourceTest$TestCase@5ab69814]" classname="com.dotcms.contenttype.test.ContentResourceTest" time="2.635"/>
  <testcase name="test_getContent_shouldReturnRelationships[14: com.dotcms.contenttype.test.ContentResourceTest$TestCase@4cac60cf]" classname="com.dotcms.contenttype.test.ContentResourceTest" time="2.634"/>
  <testcase name="test_getContent_shouldReturnRelationships[15: com.dotcms.contenttype.test.ContentResourceTest$TestCase@365c60d]" classname="com.dotcms.contenttype.test.ContentResourceTest" time="3.497"/>
  <testcase name="test_getContent_shouldReturnRelationships[16: com.dotcms.contenttype.test.ContentResourceTest$TestCase@4ecdb997]" classname="com.dotcms.contenttype.test.ContentResourceTest" time="3.496"/>
  <testcase name="test_getContent_shouldReturnRelationships[17: com.dotcms.contenttype.test.ContentResourceTest$TestCase@20d5fe62]" classname="com.dotcms.contenttype.test.ContentResourceTest" time="2.845"/>
  <testcase name="test_getContent_shouldReturnRelationships[18: com.dotcms.contenttype.test.ContentResourceTest$TestCase@fd048af]" classname="com.dotcms.contenttype.test.ContentResourceTest" time="2.763"/>
  <testcase name="test_getContent_shouldReturnRelationships[19: com.dotcms.contenttype.test.ContentResourceTest$TestCase@22a8a2f6]" classname="com.dotcms.contenttype.test.ContentResourceTest" time="2.832"/>
  <testcase name="test_getContent_shouldReturnRelationships[20: com.dotcms.contenttype.test.ContentResourceTest$TestCase@18ab635]" classname="com.dotcms.contenttype.test.ContentResourceTest" time="2.858"/>
  <testcase name="test_getContent_shouldReturnRelationships[21: com.dotcms.contenttype.test.ContentResourceTest$TestCase@e236e88]" classname="com.dotcms.contenttype.test.ContentResourceTest" time="2.97"/>
  <testcase name="test_getContent_shouldReturnRelationships[22: com.dotcms.contenttype.test.ContentResourceTest$TestCase@3bbcad3]" classname="com.dotcms.contenttype.test.ContentResourceTest" time="2.689"/>
  <testcase name="test_getContent_shouldReturnRelationships[23: com.dotcms.contenttype.test.ContentResourceTest$TestCase@64e36740]" classname="com.dotcms.contenttype.test.ContentResourceTest" time="2.783"/>
  <testcase name="test_getContent_shouldReturnRelationships[24: com.dotcms.contenttype.test.ContentResourceTest$TestCase@300c5ef7]" classname="com.dotcms.contenttype.test.ContentResourceTest" time="2.736"/>
  <testcase name="test_getContent_shouldReturnRelationships[25: com.dotcms.contenttype.test.ContentResourceTest$TestCase@254e2150]" classname="com.dotcms.contenttype.test.ContentResourceTest" time="3.044"/>
  <testcase name="test_getContent_shouldReturnRelationships[26: com.dotcms.contenttype.test.ContentResourceTest$TestCase@787e9a78]" classname="com.dotcms.contenttype.test.ContentResourceTest" time="2.964"/>
  <testcase name="test_getContent_shouldReturnRelationships[27: com.dotcms.contenttype.test.ContentResourceTest$TestCase@7583b50]" classname="com.dotcms.contenttype.test.ContentResourceTest" time="1.7"/>
  <testcase name="test_getContent_shouldReturnRelationships[28: com.dotcms.contenttype.test.ContentResourceTest$TestCase@55f126aa]" classname="com.dotcms.contenttype.test.ContentResourceTest" time="2.77"/>
  <testcase name="test_getContent_shouldReturnRelationships[29: com.dotcms.contenttype.test.ContentResourceTest$TestCase@1e1c9e5]" classname="com.dotcms.contenttype.test.ContentResourceTest" time="2.718"/>
  <testcase name="test_getContent_shouldReturnRelationships[30: com.dotcms.contenttype.test.ContentResourceTest$TestCase@d403efb]" classname="com.dotcms.contenttype.test.ContentResourceTest" time="2.684"/>
  <testcase name="test_getContent_shouldReturnRelationships[31: com.dotcms.contenttype.test.ContentResourceTest$TestCase@4b0406b8]" classname="com.dotcms.contenttype.test.ContentResourceTest" time="2.549"/>
  <testcase name="test_getContent_shouldReturnRelationships[32: com.dotcms.contenttype.test.ContentResourceTest$TestCase@171cad04]" classname="com.dotcms.contenttype.test.ContentResourceTest" time="3.694"/>
  <testcase name="test_getContent_shouldReturnRelationships[33: com.dotcms.contenttype.test.ContentResourceTest$TestCase@18bde0e3]" classname="com.dotcms.contenttype.test.ContentResourceTest" time="3.567"/>
  <testcase name="testSinglePOST_InvalidParamsShouldReturn400[0: ({\n    &quot;stInode&quot; : &quot;InvalidValue&quot;,\n    &quot;numeric&quot; : &quot;0&quot;,\n    &quot;image&quot; : &quot;whatever&quot;\n}, Bad Request)]" classname="com.dotcms.contenttype.test.ContentResourceTest" time="0.862"/>
  <testcase name="testSinglePOST_InvalidParamsShouldReturn400[1: ({\n    &quot;numeric&quot; : &quot;0&quot;,\n    &quot;image&quot; : &quot;whatever&quot;\n}, Bad Request)]" classname="com.dotcms.contenttype.test.ContentResourceTest" time="0.839"/>
  <testcase name="Test_Save_Action_Set_Null_To_Required_NumericField_Issue_15340" classname="com.dotcms.contenttype.test.ContentResourceTest" time="0.867"/>
  <testcase name="Test_Save_Action_Remove_Image_Then_Verify_Fields_Were_Cleared_Issue_15340" classname="com.dotcms.contenttype.test.ContentResourceTest" time="3.71"/>
  <testcase name="test_getContentWithMultipleSelfRelated_shouldReturnRelationships[0: com.dotcms.contenttype.test.ContentResourceTest$PullSelfRelatedTestCase@7fdc4717]" classname="com.dotcms.contenttype.test.ContentResourceTest" time="1.535"/>
  <testcase name="test_getContentWithMultipleSelfRelated_shouldReturnRelationships[1: com.dotcms.contenttype.test.ContentResourceTest$PullSelfRelatedTestCase@d5aa165]" classname="com.dotcms.contenttype.test.ContentResourceTest" time="1.508"/>
  <testcase name="testGetContentWithAllCategoriesInfo[0: json]" classname="com.dotcms.contenttype.test.ContentResourceTest" time="2.384"/>
  <testcase name="testGetContentWithAllCategoriesInfo[1: xml]" classname="com.dotcms.contenttype.test.ContentResourceTest" time="1.347"/>
  <system-out><![CDATA[











]]></system-out>
  <system-err><![CDATA[]]></system-err>
</testsuite>
