<?xml version="1.0" encoding="UTF-8"?>
<testsuite name="com.dotmarketing.portlets.structure.model.ContentletRelationshipsTest" tests="7" skipped="0" failures="0" errors="0" timestamp="2023-06-28T04:04:40" hostname="fv-az255-852" time="8.092">
  <properties/>
  <testcase name="testDoesAllowOnlyOne[0: com.dotmarketing.portlets.structure.model.ContentletRelationshipsTest$CardinalityTestCase@65c178e6]" classname="com.dotmarketing.portlets.structure.model.ContentletRelationshipsTest" time="0.511"/>
  <testcase name="testDoesAllowOnlyOne[1: com.dotmarketing.portlets.structure.model.ContentletRelationshipsTest$CardinalityTestCase@85f63dd]" classname="com.dotmarketing.portlets.structure.model.ContentletRelationshipsTest" time="0.458"/>
  <testcase name="testDoesAllowOnlyOne[2: com.dotmarketing.portlets.structure.model.ContentletRelationshipsTest$CardinalityTestCase@2e29855f]" classname="com.dotmarketing.portlets.structure.model.ContentletRelationshipsTest" time="0.509"/>
  <testcase name="testGetRelationshipRecords[0: com.dotmarketing.portlets.structure.model.ContentletRelationshipsTest$TestCase@2ffbfa75]" classname="com.dotmarketing.portlets.structure.model.ContentletRelationshipsTest" time="2.028"/>
  <testcase name="testGetRelationshipRecords[1: com.dotmarketing.portlets.structure.model.ContentletRelationshipsTest$TestCase@4193b124]" classname="com.dotmarketing.portlets.structure.model.ContentletRelationshipsTest" time="2.036"/>
  <testcase name="testGetRelationshipRecords[2: com.dotmarketing.portlets.structure.model.ContentletRelationshipsTest$TestCase@32a17340]" classname="com.dotmarketing.portlets.structure.model.ContentletRelationshipsTest" time="0.775"/>
  <testcase name="testGetRelationshipRecords[3: com.dotmarketing.portlets.structure.model.ContentletRelationshipsTest$TestCase@50c00b36]" classname="com.dotmarketing.portlets.structure.model.ContentletRelationshipsTest" time="1.775"/>
  <system-out><![CDATA[]]></system-out>
  <system-err><![CDATA[]]></system-err>
</testsuite>
