<?xml version="1.0" encoding="UTF-8"?>
<testsuite name="com.dotcms.rendering.velocity.viewtools.WorkflowToolTest" tests="2" skipped="0" failures="0" errors="0" timestamp="2023-06-26T20:36:26" hostname="fv-az1241-672" time="2.779">
  <properties/>
  <testcase name="testFire[0: com.dotcms.rendering.velocity.viewtools.WorkflowToolFireTestCase@35cbdc8d]" classname="com.dotcms.rendering.velocity.viewtools.WorkflowToolTest" time="1.481"/>
  <testcase name="testFire[1: com.dotcms.rendering.velocity.viewtools.WorkflowToolFireTestCase@7d2bd9c9]" classname="com.dotcms.rendering.velocity.viewtools.WorkflowToolTest" time="1.298"/>
  <system-out><![CDATA[]]></system-out>
  <system-err><![CDATA[]]></system-err>
</testsuite>
