<?xml version="1.0" encoding="UTF-8"?>
<testsuite name="com.dotcms.contenttype.test.ContentResourceTest" tests="52" skipped="0" failures="0" errors="0" timestamp="2023-07-21T16:28:01" hostname="fv-az717-170" time="133.125">
  <properties/>
  <testcase name="testGetContentShouldReturnIconDetails" classname="com.dotcms.contenttype.test.ContentResourceTest" time="1.455"/>
  <testcase name="Test_Save_Action_Set_Words_To_Required_NumericField_Issue_15340" classname="com.dotcms.contenttype.test.ContentResourceTest" time="0.886"/>
  <testcase name="test_getContent_includeGrandChildCategory_success" classname="com.dotcms.contenttype.test.ContentResourceTest" time="1.275"/>
  <testcase name="testGetContentWithRelatedParameter[0: com.dotcms.contenttype.test.ContentResourceTest$PullRelatedTestCase@3a1b75d6]" classname="com.dotcms.contenttype.test.ContentResourceTest" time="3.37"/>
  <testcase name="testGetContentWithRelatedParameter[1: com.dotcms.contenttype.test.ContentResourceTest$PullRelatedTestCase@2c0db22e]" classname="com.dotcms.contenttype.test.ContentResourceTest" time="3.464"/>
  <testcase name="testGetContentWithRelatedParameter[2: com.dotcms.contenttype.test.ContentResourceTest$PullRelatedTestCase@aa6dfd3]" classname="com.dotcms.contenttype.test.ContentResourceTest" time="3.449"/>
  <testcase name="testGetContentWithRelatedParameter[3: com.dotcms.contenttype.test.ContentResourceTest$PullRelatedTestCase@37273a2d]" classname="com.dotcms.contenttype.test.ContentResourceTest" time="3.447"/>
  <testcase name="testGetContentWithRelatedParameter[4: com.dotcms.contenttype.test.ContentResourceTest$PullRelatedTestCase@56f35cda]" classname="com.dotcms.contenttype.test.ContentResourceTest" time="3.361"/>
  <testcase name="test_getContent_SelfRelatedWith3LevelsOfDepth_shouldReturnRelationships" classname="com.dotcms.contenttype.test.ContentResourceTest" time="1.327"/>
  <testcase name="Test_Save_Action_Send_Fields_SubSet_Issue_15340" classname="com.dotcms.contenttype.test.ContentResourceTest" time="2.907"/>
  <testcase name="test_getContent_shouldReturnRelationships[0: com.dotcms.contenttype.test.ContentResourceTest$TestCase@17ae18e8]" classname="com.dotcms.contenttype.test.ContentResourceTest" time="2.727"/>
  <testcase name="test_getContent_shouldReturnRelationships[1: com.dotcms.contenttype.test.ContentResourceTest$TestCase@2b4a0589]" classname="com.dotcms.contenttype.test.ContentResourceTest" time="2.616"/>
  <testcase name="test_getContent_shouldReturnRelationships[2: com.dotcms.contenttype.test.ContentResourceTest$TestCase@2532b49f]" classname="com.dotcms.contenttype.test.ContentResourceTest" time="2.708"/>
  <testcase name="test_getContent_shouldReturnRelationships[3: com.dotcms.contenttype.test.ContentResourceTest$TestCase@696b296f]" classname="com.dotcms.contenttype.test.ContentResourceTest" time="2.69"/>
  <testcase name="test_getContent_shouldReturnRelationships[4: com.dotcms.contenttype.test.ContentResourceTest$TestCase@e6515f2]" classname="com.dotcms.contenttype.test.ContentResourceTest" time="2.793"/>
  <testcase name="test_getContent_shouldReturnRelationships[5: com.dotcms.contenttype.test.ContentResourceTest$TestCase@75f83ffa]" classname="com.dotcms.contenttype.test.ContentResourceTest" time="2.534"/>
  <testcase name="test_getContent_shouldReturnRelationships[6: com.dotcms.contenttype.test.ContentResourceTest$TestCase@45defb96]" classname="com.dotcms.contenttype.test.ContentResourceTest" time="2.576"/>
  <testcase name="test_getContent_shouldReturnRelationships[7: com.dotcms.contenttype.test.ContentResourceTest$TestCase@75ce8213]" classname="com.dotcms.contenttype.test.ContentResourceTest" time="1.665"/>
  <testcase name="test_getContent_shouldReturnRelationships[8: com.dotcms.contenttype.test.ContentResourceTest$TestCase@5322c3dd]" classname="com.dotcms.contenttype.test.ContentResourceTest" time="2.668"/>
  <testcase name="test_getContent_shouldReturnRelationships[9: com.dotcms.contenttype.test.ContentResourceTest$TestCase@671121ac]" classname="com.dotcms.contenttype.test.ContentResourceTest" time="2.826"/>
  <testcase name="test_getContent_shouldReturnRelationships[10: com.dotcms.contenttype.test.ContentResourceTest$TestCase@55a16493]" classname="com.dotcms.contenttype.test.ContentResourceTest" time="2.58"/>
  <testcase name="test_getContent_shouldReturnRelationships[11: com.dotcms.contenttype.test.ContentResourceTest$TestCase@547eba2e]" classname="com.dotcms.contenttype.test.ContentResourceTest" time="2.601"/>
  <testcase name="test_getContent_shouldReturnRelationships[12: com.dotcms.contenttype.test.ContentResourceTest$TestCase@1107b757]" classname="com.dotcms.contenttype.test.ContentResourceTest" time="2.642"/>
  <testcase name="test_getContent_shouldReturnRelationships[13: com.dotcms.contenttype.test.ContentResourceTest$TestCase@7ff5f89a]" classname="com.dotcms.contenttype.test.ContentResourceTest" time="2.589"/>
  <testcase name="test_getContent_shouldReturnRelationships[14: com.dotcms.contenttype.test.ContentResourceTest$TestCase@21ae8e0b]" classname="com.dotcms.contenttype.test.ContentResourceTest" time="2.534"/>
  <testcase name="test_getContent_shouldReturnRelationships[15: com.dotcms.contenttype.test.ContentResourceTest$TestCase@20ffda]" classname="com.dotcms.contenttype.test.ContentResourceTest" time="3.459"/>
  <testcase name="test_getContent_shouldReturnRelationships[16: com.dotcms.contenttype.test.ContentResourceTest$TestCase@2c315d86]" classname="com.dotcms.contenttype.test.ContentResourceTest" time="3.526"/>
  <testcase name="test_getContent_shouldReturnRelationships[17: com.dotcms.contenttype.test.ContentResourceTest$TestCase@7cd041b2]" classname="com.dotcms.contenttype.test.ContentResourceTest" time="2.694"/>
  <testcase name="test_getContent_shouldReturnRelationships[18: com.dotcms.contenttype.test.ContentResourceTest$TestCase@29db56f5]" classname="com.dotcms.contenttype.test.ContentResourceTest" time="2.767"/>
  <testcase name="test_getContent_shouldReturnRelationships[19: com.dotcms.contenttype.test.ContentResourceTest$TestCase@2e82a23b]" classname="com.dotcms.contenttype.test.ContentResourceTest" time="2.755"/>
  <testcase name="test_getContent_shouldReturnRelationships[20: com.dotcms.contenttype.test.ContentResourceTest$TestCase@8f90700]" classname="com.dotcms.contenttype.test.ContentResourceTest" time="3.063"/>
  <testcase name="test_getContent_shouldReturnRelationships[21: com.dotcms.contenttype.test.ContentResourceTest$TestCase@765a0a7c]" classname="com.dotcms.contenttype.test.ContentResourceTest" time="2.99"/>
  <testcase name="test_getContent_shouldReturnRelationships[22: com.dotcms.contenttype.test.ContentResourceTest$TestCase@5c596bc]" classname="com.dotcms.contenttype.test.ContentResourceTest" time="2.571"/>
  <testcase name="test_getContent_shouldReturnRelationships[23: com.dotcms.contenttype.test.ContentResourceTest$TestCase@3eed6f45]" classname="com.dotcms.contenttype.test.ContentResourceTest" time="2.833"/>
  <testcase name="test_getContent_shouldReturnRelationships[24: com.dotcms.contenttype.test.ContentResourceTest$TestCase@7eecae9f]" classname="com.dotcms.contenttype.test.ContentResourceTest" time="2.748"/>
  <testcase name="test_getContent_shouldReturnRelationships[25: com.dotcms.contenttype.test.ContentResourceTest$TestCase@584352d4]" classname="com.dotcms.contenttype.test.ContentResourceTest" time="2.944"/>
  <testcase name="test_getContent_shouldReturnRelationships[26: com.dotcms.contenttype.test.ContentResourceTest$TestCase@719a5f16]" classname="com.dotcms.contenttype.test.ContentResourceTest" time="2.004"/>
  <testcase name="test_getContent_shouldReturnRelationships[27: com.dotcms.contenttype.test.ContentResourceTest$TestCase@24589127]" classname="com.dotcms.contenttype.test.ContentResourceTest" time="2.643"/>
  <testcase name="test_getContent_shouldReturnRelationships[28: com.dotcms.contenttype.test.ContentResourceTest$TestCase@3f5b4b65]" classname="com.dotcms.contenttype.test.ContentResourceTest" time="2.7"/>
  <testcase name="test_getContent_shouldReturnRelationships[29: com.dotcms.contenttype.test.ContentResourceTest$TestCase@7dcc6ba8]" classname="com.dotcms.contenttype.test.ContentResourceTest" time="2.619"/>
  <testcase name="test_getContent_shouldReturnRelationships[30: com.dotcms.contenttype.test.ContentResourceTest$TestCase@5e8de9e8]" classname="com.dotcms.contenttype.test.ContentResourceTest" time="2.693"/>
  <testcase name="test_getContent_shouldReturnRelationships[31: com.dotcms.contenttype.test.ContentResourceTest$TestCase@3e3c9ab7]" classname="com.dotcms.contenttype.test.ContentResourceTest" time="2.639"/>
  <testcase name="test_getContent_shouldReturnRelationships[32: com.dotcms.contenttype.test.ContentResourceTest$TestCase@5bd9fe76]" classname="com.dotcms.contenttype.test.ContentResourceTest" time="3.787"/>
  <testcase name="test_getContent_shouldReturnRelationships[33: com.dotcms.contenttype.test.ContentResourceTest$TestCase@45565f8e]" classname="com.dotcms.contenttype.test.ContentResourceTest" time="3.706"/>
  <testcase name="testSinglePOST_InvalidParamsShouldReturn400[0: ({\n    &quot;stInode&quot; : &quot;InvalidValue&quot;,\n    &quot;numeric&quot; : &quot;0&quot;,\n    &quot;image&quot; : &quot;whatever&quot;\n}, Bad Request)]" classname="com.dotcms.contenttype.test.ContentResourceTest" time="0.88"/>
  <testcase name="testSinglePOST_InvalidParamsShouldReturn400[1: ({\n    &quot;numeric&quot; : &quot;0&quot;,\n    &quot;image&quot; : &quot;whatever&quot;\n}, Bad Request)]" classname="com.dotcms.contenttype.test.ContentResourceTest" time="0.866"/>
  <testcase name="Test_Save_Action_Set_Null_To_Required_NumericField_Issue_15340" classname="com.dotcms.contenttype.test.ContentResourceTest" time="0.901"/>
  <testcase name="Test_Save_Action_Remove_Image_Then_Verify_Fields_Were_Cleared_Issue_15340" classname="com.dotcms.contenttype.test.ContentResourceTest" time="3.75"/>
  <testcase name="test_getContentWithMultipleSelfRelated_shouldReturnRelationships[0: com.dotcms.contenttype.test.ContentResourceTest$PullSelfRelatedTestCase@2e96f964]" classname="com.dotcms.contenttype.test.ContentResourceTest" time="1.548"/>
  <testcase name="test_getContentWithMultipleSelfRelated_shouldReturnRelationships[1: com.dotcms.contenttype.test.ContentResourceTest$PullSelfRelatedTestCase@3aa8988e]" classname="com.dotcms.contenttype.test.ContentResourceTest" time="1.566"/>
  <testcase name="testGetContentWithAllCategoriesInfo[0: json]" classname="com.dotcms.contenttype.test.ContentResourceTest" time="2.382"/>
  <testcase name="testGetContentWithAllCategoriesInfo[1: xml]" classname="com.dotcms.contenttype.test.ContentResourceTest" time="2.396"/>
  <system-out><![CDATA[











]]></system-out>
  <system-err><![CDATA[]]></system-err>
</testsuite>
