<?xml version="1.0" encoding="UTF-8"?>
<testsuite name="com.dotcms.rest.api.v1.vtl.VTLResourceIntegrationTest" tests="6" skipped="0" failures="0" errors="0" timestamp="2023-07-07T19:03:25" hostname="fv-az507-246" time="12.369">
  <properties/>
  <testcase name="testGet[0: com.dotcms.rest.api.v1.vtl.VTLResourceTestCase@445a1afb]" classname="com.dotcms.rest.api.v1.vtl.VTLResourceIntegrationTest" time="2.518"/>
  <testcase name="testGet[1: com.dotcms.rest.api.v1.vtl.VTLResourceTestCase@dbcb5bc]" classname="com.dotcms.rest.api.v1.vtl.VTLResourceIntegrationTest" time="1.896"/>
  <testcase name="testGet[2: com.dotcms.rest.api.v1.vtl.VTLResourceTestCase@36fc9278]" classname="com.dotcms.rest.api.v1.vtl.VTLResourceIntegrationTest" time="1.951"/>
  <testcase name="testGet[3: com.dotcms.rest.api.v1.vtl.VTLResourceTestCase@7dae9f68]" classname="com.dotcms.rest.api.v1.vtl.VTLResourceIntegrationTest" time="2.12"/>
  <testcase name="testGet[4: com.dotcms.rest.api.v1.vtl.VTLResourceTestCase@69b7dfe4]" classname="com.dotcms.rest.api.v1.vtl.VTLResourceIntegrationTest" time="1.877"/>
  <testcase name="testGet[5: com.dotcms.rest.api.v1.vtl.VTLResourceTestCase@14e863b]" classname="com.dotcms.rest.api.v1.vtl.VTLResourceIntegrationTest" time="2.007"/>
  <system-out><![CDATA[]]></system-out>
  <system-err><![CDATA[]]></system-err>
</testsuite>
