<?xml version="1.0" encoding="UTF-8"?>
<testsuite name="com.dotmarketing.portlets.categories.business.CategoryAPITest" tests="20" skipped="0" failures="0" errors="0" timestamp="2023-07-14T15:53:02" hostname="fv-az364-103" time="41.707">
  <properties/>
  <testcase name="test_isParent_givenGrandChildCategoryBelongsToParentCategory_returnTrue" classname="com.dotmarketing.portlets.categories.business.CategoryAPITest" time="0.035"/>
  <testcase name="verifyCache" classname="com.dotmarketing.portlets.categories.business.CategoryAPITest" time="0.042"/>
  <testcase name="test_save_createTopLevelCategory_asLimitedUser_withoutPermissions_throwDotSecurityException" classname="com.dotmarketing.portlets.categories.business.CategoryAPITest" time="0.862"/>
  <testcase name="testSortChildren" classname="com.dotmarketing.portlets.categories.business.CategoryAPITest" time="0.052"/>
  <testcase name="test_save_createSubCategory_asAdmin_success" classname="com.dotmarketing.portlets.categories.business.CategoryAPITest" time="0.018"/>
  <testcase name="test_save_createTopLevelCategory_asAdmin_success" classname="com.dotmarketing.portlets.categories.business.CategoryAPITest" time="0.006"/>
  <testcase name="test_save_createTopLevelCategory_asLimitedUser_success" classname="com.dotmarketing.portlets.categories.business.CategoryAPITest" time="17.886"/>
  <testcase name="test_save_createSubCategory_asLimitedUser_withoutPermissions_throwDotSecurityException" classname="com.dotmarketing.portlets.categories.business.CategoryAPITest" time="0.889"/>
  <testcase name="testDuplicatedCategories" classname="com.dotmarketing.portlets.categories.business.CategoryAPITest" time="0.011"/>
  <testcase name="getParents" classname="com.dotmarketing.portlets.categories.business.CategoryAPITest" time="2.239"/>
  <testcase name="test_Find_Categories_Within_ContentType" classname="com.dotmarketing.portlets.categories.business.CategoryAPITest" time="1.209"/>
  <testcase name="test_isParent_givenGrandChildCategoryThatNoBelongsToParentCategory_returnFalse" classname="com.dotmarketing.portlets.categories.business.CategoryAPITest" time="0.068"/>
  <testcase name="test_save_createTopLevelCategory_asLimitedUser_fail" classname="com.dotmarketing.portlets.categories.business.CategoryAPITest" time="15.643"/>
  <testcase name="findTopLevelCategories" classname="com.dotmarketing.portlets.categories.business.CategoryAPITest" time="0.029"/>
  <testcase name="test_save_editCategory_asLimitedUser_success" classname="com.dotmarketing.portlets.categories.business.CategoryAPITest" time="0.877"/>
  <testcase name="checkUniqueKey_severalCases_Success" classname="com.dotmarketing.portlets.categories.business.CategoryAPITest" time="0.03"/>
  <testcase name="test_save_createSubCategory_asLimitedUser_success" classname="com.dotmarketing.portlets.categories.business.CategoryAPITest" time="0.877"/>
  <testcase name="getCategoryTreeUp_hierarchyLevelThree_Success" classname="com.dotmarketing.portlets.categories.business.CategoryAPITest" time="0.041"/>
  <testcase name="test_save_editCategory_asLimitedUser_withoutPermissions_throwDotSecurityException" classname="com.dotmarketing.portlets.categories.business.CategoryAPITest" time="0.865"/>
  <testcase name="findChildren" classname="com.dotmarketing.portlets.categories.business.CategoryAPITest" time="0.024"/>
  <system-out><![CDATA[
]]></system-out>
  <system-err><![CDATA[]]></system-err>
</testsuite>
