<?xml version="1.0" encoding="UTF-8"?>
<testsuite name="com.dotmarketing.portlets.workflows.actionlet.SaveContentAsDraftActionletIntegrationTest" tests="1" skipped="0" failures="0" errors="0" timestamp="2023-07-17T17:52:51" hostname="fv-az404-376" time="2.204">
  <properties/>
  <testcase name="save_draft_with_permissions" classname="com.dotmarketing.portlets.workflows.actionlet.SaveContentAsDraftActionletIntegrationTest" time="2.204"/>
  <system-out><![CDATA[]]></system-out>
  <system-err><![CDATA[]]></system-err>
</testsuite>
