<?xml version="1.0" encoding="UTF-8"?>
<testsuite name="com.dotcms.rest.elasticsearch.ESContentResourcePortletTest" tests="8" skipped="0" failures="0" errors="0" timestamp="2023-06-30T17:07:12" hostname="fv-az674-164" time="8.711">
  <properties/>
  <testcase name="test_search_includeGrandChildCategory_success" classname="com.dotcms.rest.elasticsearch.ESContentResourcePortletTest" time="1.372"/>
  <testcase name="testSearch[0: com.dotcms.rest.elasticsearch.ESContentResourcePortletTest$TestCase@707dcfaa]" classname="com.dotcms.rest.elasticsearch.ESContentResourcePortletTest" time="0.922"/>
  <testcase name="testSearch[1: com.dotcms.rest.elasticsearch.ESContentResourcePortletTest$TestCase@5022a3f6]" classname="com.dotcms.rest.elasticsearch.ESContentResourcePortletTest" time="1.254"/>
  <testcase name="testSearch[2: com.dotcms.rest.elasticsearch.ESContentResourcePortletTest$TestCase@3363c97d]" classname="com.dotcms.rest.elasticsearch.ESContentResourcePortletTest" time="0.929"/>
  <testcase name="testSearch[3: com.dotcms.rest.elasticsearch.ESContentResourcePortletTest$TestCase@255a3966]" classname="com.dotcms.rest.elasticsearch.ESContentResourcePortletTest" time="1.23"/>
  <testcase name="testSearch[4: com.dotcms.rest.elasticsearch.ESContentResourcePortletTest$TestCase@3b44b2f8]" classname="com.dotcms.rest.elasticsearch.ESContentResourcePortletTest" time="1.204"/>
  <testcase name="testSearch[5: com.dotcms.rest.elasticsearch.ESContentResourcePortletTest$TestCase@7e3c8b75]" classname="com.dotcms.rest.elasticsearch.ESContentResourcePortletTest" time="0.901"/>
  <testcase name="testSearch[6: com.dotcms.rest.elasticsearch.ESContentResourcePortletTest$TestCase@53399dee]" classname="com.dotcms.rest.elasticsearch.ESContentResourcePortletTest" time="0.899"/>
  <system-out><![CDATA[]]></system-out>
  <system-err><![CDATA[]]></system-err>
</testsuite>
