<?xml version="1.0" encoding="UTF-8"?>
<testsuite name="com.dotmarketing.portlets.structure.model.ContentletRelationshipsTest" tests="7" skipped="0" failures="0" errors="0" timestamp="2023-07-06T00:00:06" hostname="fv-az1231-758" time="10.467">
  <properties/>
  <testcase name="testDoesAllowOnlyOne[0: com.dotmarketing.portlets.structure.model.ContentletRelationshipsTest$CardinalityTestCase@76b24d28]" classname="com.dotmarketing.portlets.structure.model.ContentletRelationshipsTest" time="0.698"/>
  <testcase name="testDoesAllowOnlyOne[1: com.dotmarketing.portlets.structure.model.ContentletRelationshipsTest$CardinalityTestCase@4e72ebc2]" classname="com.dotmarketing.portlets.structure.model.ContentletRelationshipsTest" time="0.628"/>
  <testcase name="testDoesAllowOnlyOne[2: com.dotmarketing.portlets.structure.model.ContentletRelationshipsTest$CardinalityTestCase@6e8c4771]" classname="com.dotmarketing.portlets.structure.model.ContentletRelationshipsTest" time="0.645"/>
  <testcase name="testGetRelationshipRecords[0: com.dotmarketing.portlets.structure.model.ContentletRelationshipsTest$TestCase@7507e14b]" classname="com.dotmarketing.portlets.structure.model.ContentletRelationshipsTest" time="2.22"/>
  <testcase name="testGetRelationshipRecords[1: com.dotmarketing.portlets.structure.model.ContentletRelationshipsTest$TestCase@11b839ce]" classname="com.dotmarketing.portlets.structure.model.ContentletRelationshipsTest" time="2.154"/>
  <testcase name="testGetRelationshipRecords[2: com.dotmarketing.portlets.structure.model.ContentletRelationshipsTest$TestCase@48cdecc0]" classname="com.dotmarketing.portlets.structure.model.ContentletRelationshipsTest" time="2.017"/>
  <testcase name="testGetRelationshipRecords[3: com.dotmarketing.portlets.structure.model.ContentletRelationshipsTest$TestCase@44f69d67]" classname="com.dotmarketing.portlets.structure.model.ContentletRelationshipsTest" time="2.104"/>
  <system-out><![CDATA[]]></system-out>
  <system-err><![CDATA[]]></system-err>
</testsuite>
