<?xml version="1.0" encoding="UTF-8"?>
<testsuite name="com.dotmarketing.servlets.ajax.AjaxDirectorServletIntegrationTest" tests="2" skipped="0" failures="0" errors="0" timestamp="2023-07-17T17:50:49" hostname="fv-az244-731" time="1.0">
  <properties/>
  <testcase name="testService[0: com.dotmarketing.servlets.ajax.AjaxDirectorServletTestCase@491460c5]" classname="com.dotmarketing.servlets.ajax.AjaxDirectorServletIntegrationTest" time="0.547"/>
  <testcase name="testService[1: com.dotmarketing.servlets.ajax.AjaxDirectorServletTestCase@8de9400]" classname="com.dotmarketing.servlets.ajax.AjaxDirectorServletIntegrationTest" time="0.453"/>
  <system-out><![CDATA[]]></system-out>
  <system-err><![CDATA[]]></system-err>
</testsuite>
