<?xml version="1.0" encoding="UTF-8"?>
<testsuite name="com.dotcms.rest.api.v1.vtl.VTLResourceIntegrationTest" tests="6" skipped="0" failures="0" errors="0" timestamp="2023-06-26T16:25:50" hostname="fv-az370-611" time="12.389">
  <properties/>
  <testcase name="testGet[0: com.dotcms.rest.api.v1.vtl.VTLResourceTestCase@63504910]" classname="com.dotcms.rest.api.v1.vtl.VTLResourceIntegrationTest" time="2.613"/>
  <testcase name="testGet[1: com.dotcms.rest.api.v1.vtl.VTLResourceTestCase@32c0d76f]" classname="com.dotcms.rest.api.v1.vtl.VTLResourceIntegrationTest" time="1.784"/>
  <testcase name="testGet[2: com.dotcms.rest.api.v1.vtl.VTLResourceTestCase@137a2dbb]" classname="com.dotcms.rest.api.v1.vtl.VTLResourceIntegrationTest" time="1.927"/>
  <testcase name="testGet[3: com.dotcms.rest.api.v1.vtl.VTLResourceTestCase@5d4203ae]" classname="com.dotcms.rest.api.v1.vtl.VTLResourceIntegrationTest" time="2.152"/>
  <testcase name="testGet[4: com.dotcms.rest.api.v1.vtl.VTLResourceTestCase@3cbbd9df]" classname="com.dotcms.rest.api.v1.vtl.VTLResourceIntegrationTest" time="1.857"/>
  <testcase name="testGet[5: com.dotcms.rest.api.v1.vtl.VTLResourceTestCase@8f41a88]" classname="com.dotcms.rest.api.v1.vtl.VTLResourceIntegrationTest" time="2.056"/>
  <system-out><![CDATA[]]></system-out>
  <system-err><![CDATA[]]></system-err>
</testsuite>
