<?xml version="1.0" encoding="UTF-8"?>
<testsuite name="com.dotmarketing.portlets.structure.model.ContentletRelationshipsTest" tests="7" skipped="0" failures="0" errors="0" timestamp="2023-07-19T20:24:58" hostname="fv-az407-374" time="8.656">
  <properties/>
  <testcase name="testDoesAllowOnlyOne[0: com.dotmarketing.portlets.structure.model.ContentletRelationshipsTest$CardinalityTestCase@3755c2d5]" classname="com.dotmarketing.portlets.structure.model.ContentletRelationshipsTest" time="0.423"/>
  <testcase name="testDoesAllowOnlyOne[1: com.dotmarketing.portlets.structure.model.ContentletRelationshipsTest$CardinalityTestCase@7786c4a]" classname="com.dotmarketing.portlets.structure.model.ContentletRelationshipsTest" time="0.414"/>
  <testcase name="testDoesAllowOnlyOne[2: com.dotmarketing.portlets.structure.model.ContentletRelationshipsTest$CardinalityTestCase@1c98cca8]" classname="com.dotmarketing.portlets.structure.model.ContentletRelationshipsTest" time="0.452"/>
  <testcase name="testGetRelationshipRecords[0: com.dotmarketing.portlets.structure.model.ContentletRelationshipsTest$TestCase@7f15d34d]" classname="com.dotmarketing.portlets.structure.model.ContentletRelationshipsTest" time="1.917"/>
  <testcase name="testGetRelationshipRecords[1: com.dotmarketing.portlets.structure.model.ContentletRelationshipsTest$TestCase@664ff510]" classname="com.dotmarketing.portlets.structure.model.ContentletRelationshipsTest" time="1.892"/>
  <testcase name="testGetRelationshipRecords[2: com.dotmarketing.portlets.structure.model.ContentletRelationshipsTest$TestCase@2291dfaf]" classname="com.dotmarketing.portlets.structure.model.ContentletRelationshipsTest" time="1.765"/>
  <testcase name="testGetRelationshipRecords[3: com.dotmarketing.portlets.structure.model.ContentletRelationshipsTest$TestCase@78b6bad9]" classname="com.dotmarketing.portlets.structure.model.ContentletRelationshipsTest" time="1.792"/>
  <system-out><![CDATA[]]></system-out>
  <system-err><![CDATA[]]></system-err>
</testsuite>
