<?xml version="1.0" encoding="UTF-8"?>
<testsuite name="com.dotcms.cache.lettuce.RedisClientTest" tests="5" skipped="0" failures="0" errors="0" timestamp="2023-07-03T18:10:29" hostname="fv-az218-411" time="1.061">
  <properties/>
  <testcase name="test_client_set_ttl" classname="com.dotcms.cache.lettuce.RedisClientTest" time="1.025"/>
  <testcase name="test_client_crud_if_running" classname="com.dotcms.cache.lettuce.RedisClientTest" time="0.02"/>
  <testcase name="test_client_is_singleton" classname="com.dotcms.cache.lettuce.RedisClientTest" time="0.002"/>
  <testcase name="test_client_setIfAbsent" classname="com.dotcms.cache.lettuce.RedisClientTest" time="0.007"/>
  <testcase name="test_client_setIfPresent" classname="com.dotcms.cache.lettuce.RedisClientTest" time="0.004"/>
  <system-out><![CDATA[]]></system-out>
  <system-err><![CDATA[]]></system-err>
</testsuite>
