<?xml version="1.0" encoding="UTF-8"?>
<testsuite name="com.dotcms.rest.api.v1.vtl.VTLResourceIntegrationTest" tests="6" skipped="0" failures="0" errors="0" timestamp="2023-06-29T18:23:46" hostname="fv-az572-127" time="10.02">
  <properties/>
  <testcase name="testGet[0: com.dotcms.rest.api.v1.vtl.VTLResourceTestCase@176d8e98]" classname="com.dotcms.rest.api.v1.vtl.VTLResourceIntegrationTest" time="2.092"/>
  <testcase name="testGet[1: com.dotcms.rest.api.v1.vtl.VTLResourceTestCase@67c5a505]" classname="com.dotcms.rest.api.v1.vtl.VTLResourceIntegrationTest" time="2.008"/>
  <testcase name="testGet[2: com.dotcms.rest.api.v1.vtl.VTLResourceTestCase@3e6f97b5]" classname="com.dotcms.rest.api.v1.vtl.VTLResourceIntegrationTest" time="0.944"/>
  <testcase name="testGet[3: com.dotcms.rest.api.v1.vtl.VTLResourceTestCase@aaac39a]" classname="com.dotcms.rest.api.v1.vtl.VTLResourceIntegrationTest" time="0.97"/>
  <testcase name="testGet[4: com.dotcms.rest.api.v1.vtl.VTLResourceTestCase@71c89519]" classname="com.dotcms.rest.api.v1.vtl.VTLResourceIntegrationTest" time="2.043"/>
  <testcase name="testGet[5: com.dotcms.rest.api.v1.vtl.VTLResourceTestCase@3beffba8]" classname="com.dotcms.rest.api.v1.vtl.VTLResourceIntegrationTest" time="1.962"/>
  <system-out><![CDATA[]]></system-out>
  <system-err><![CDATA[]]></system-err>
</testsuite>
