<?xml version="1.0" encoding="UTF-8"?>
<testsuite name="com.dotmarketing.startup.runonce.Task210510UpdateStorageTableDropMetadataColumnTest" tests="1" skipped="0" failures="0" errors="0" timestamp="2023-07-20T20:58:17" hostname="fv-az174-151" time="0.011">
  <properties/>
  <testcase name="testExecuteUpgrade" classname="com.dotmarketing.startup.runonce.Task210510UpdateStorageTableDropMetadataColumnTest" time="0.011"/>
  <system-out><![CDATA[]]></system-out>
  <system-err><![CDATA[]]></system-err>
</testsuite>
