<?xml version="1.0" encoding="UTF-8"?>
<testsuite name="com.dotcms.rendering.velocity.viewtools.content.util.ContentUtilsTest" tests="89" skipped="0" failures="0" errors="0" timestamp="2023-07-21T05:53:23" hostname="fv-az484-380" time="396.312">
  <properties/>
  <testcase name="whenTheTimeMachineDateIsNullAndPublishDateInFutureShouldNotReturnAnything" classname="com.dotcms.rendering.velocity.viewtools.content.util.ContentUtilsTest" time="2.908"/>
  <testcase name="test_find_multilingual_contentlet_getContentletSuccessfully" classname="com.dotcms.rendering.velocity.viewtools.content.util.ContentUtilsTest" time="2.18"/>
  <testcase name="whenTheTimeMachineDateAndPublishDateAreTomorrowShouldReturnOneContent" classname="com.dotcms.rendering.velocity.viewtools.content.util.ContentUtilsTest" time="2.919"/>
  <testcase name="testPullRelated[0: com.dotcms.rendering.velocity.viewtools.content.util.ContentUtilsTest$TestCase@2200a635]" classname="com.dotcms.rendering.velocity.viewtools.content.util.ContentUtilsTest" time="3.815"/>
  <testcase name="testPullRelated[1: com.dotcms.rendering.velocity.viewtools.content.util.ContentUtilsTest$TestCase@3471b9cb]" classname="com.dotcms.rendering.velocity.viewtools.content.util.ContentUtilsTest" time="2.912"/>
  <testcase name="testPullRelated[2: com.dotcms.rendering.velocity.viewtools.content.util.ContentUtilsTest$TestCase@298a01c3]" classname="com.dotcms.rendering.velocity.viewtools.content.util.ContentUtilsTest" time="4.13"/>
  <testcase name="testPullRelated[3: com.dotcms.rendering.velocity.viewtools.content.util.ContentUtilsTest$TestCase@5a92fa8d]" classname="com.dotcms.rendering.velocity.viewtools.content.util.ContentUtilsTest" time="3.042"/>
  <testcase name="testPullRelated[4: com.dotcms.rendering.velocity.viewtools.content.util.ContentUtilsTest$TestCase@7d84dee4]" classname="com.dotcms.rendering.velocity.viewtools.content.util.ContentUtilsTest" time="3.005"/>
  <testcase name="testPullRelated[5: com.dotcms.rendering.velocity.viewtools.content.util.ContentUtilsTest$TestCase@44029f7e]" classname="com.dotcms.rendering.velocity.viewtools.content.util.ContentUtilsTest" time="4.14"/>
  <testcase name="testPullRelated[6: com.dotcms.rendering.velocity.viewtools.content.util.ContentUtilsTest$TestCase@3d7f1a24]" classname="com.dotcms.rendering.velocity.viewtools.content.util.ContentUtilsTest" time="3.116"/>
  <testcase name="testPullRelated[7: com.dotcms.rendering.velocity.viewtools.content.util.ContentUtilsTest$TestCase@7074c994]" classname="com.dotcms.rendering.velocity.viewtools.content.util.ContentUtilsTest" time="4.068"/>
  <testcase name="testPullRelated[8: com.dotcms.rendering.velocity.viewtools.content.util.ContentUtilsTest$TestCase@2bdc4a80]" classname="com.dotcms.rendering.velocity.viewtools.content.util.ContentUtilsTest" time="3.831"/>
  <testcase name="testPullRelated[9: com.dotcms.rendering.velocity.viewtools.content.util.ContentUtilsTest$TestCase@7bf5c9ea]" classname="com.dotcms.rendering.velocity.viewtools.content.util.ContentUtilsTest" time="3.951"/>
  <testcase name="testPullRelated[10: com.dotcms.rendering.velocity.viewtools.content.util.ContentUtilsTest$TestCase@3e9e528a]" classname="com.dotcms.rendering.velocity.viewtools.content.util.ContentUtilsTest" time="4.149"/>
  <testcase name="testPullRelated[11: com.dotcms.rendering.velocity.viewtools.content.util.ContentUtilsTest$TestCase@687014a4]" classname="com.dotcms.rendering.velocity.viewtools.content.util.ContentUtilsTest" time="4.168"/>
  <testcase name="testPullRelated[12: com.dotcms.rendering.velocity.viewtools.content.util.ContentUtilsTest$TestCase@21b1db60]" classname="com.dotcms.rendering.velocity.viewtools.content.util.ContentUtilsTest" time="3.892"/>
  <testcase name="testPullRelated[13: com.dotcms.rendering.velocity.viewtools.content.util.ContentUtilsTest$TestCase@74defc25]" classname="com.dotcms.rendering.velocity.viewtools.content.util.ContentUtilsTest" time="4.071"/>
  <testcase name="testPullRelated[14: com.dotcms.rendering.velocity.viewtools.content.util.ContentUtilsTest$TestCase@3898ea36]" classname="com.dotcms.rendering.velocity.viewtools.content.util.ContentUtilsTest" time="4.007"/>
  <testcase name="testPullRelated[15: com.dotcms.rendering.velocity.viewtools.content.util.ContentUtilsTest$TestCase@50a51cb5]" classname="com.dotcms.rendering.velocity.viewtools.content.util.ContentUtilsTest" time="3.373"/>
  <testcase name="testPullRelated[16: com.dotcms.rendering.velocity.viewtools.content.util.ContentUtilsTest$TestCase@7f60a71a]" classname="com.dotcms.rendering.velocity.viewtools.content.util.ContentUtilsTest" time="3.627"/>
  <testcase name="testPullRelated[17: com.dotcms.rendering.velocity.viewtools.content.util.ContentUtilsTest$TestCase@7c5c5307]" classname="com.dotcms.rendering.velocity.viewtools.content.util.ContentUtilsTest" time="4.257"/>
  <testcase name="testPullRelated[18: com.dotcms.rendering.velocity.viewtools.content.util.ContentUtilsTest$TestCase@3eadfe0]" classname="com.dotcms.rendering.velocity.viewtools.content.util.ContentUtilsTest" time="3.962"/>
  <testcase name="testPullRelated[19: com.dotcms.rendering.velocity.viewtools.content.util.ContentUtilsTest$TestCase@7bd23b9c]" classname="com.dotcms.rendering.velocity.viewtools.content.util.ContentUtilsTest" time="4.021"/>
  <testcase name="testPullRelated[20: com.dotcms.rendering.velocity.viewtools.content.util.ContentUtilsTest$TestCase@1700b8b]" classname="com.dotcms.rendering.velocity.viewtools.content.util.ContentUtilsTest" time="4.083"/>
  <testcase name="testPullRelated[21: com.dotcms.rendering.velocity.viewtools.content.util.ContentUtilsTest$TestCase@1faaa4c9]" classname="com.dotcms.rendering.velocity.viewtools.content.util.ContentUtilsTest" time="3.919"/>
  <testcase name="testPullRelated[22: com.dotcms.rendering.velocity.viewtools.content.util.ContentUtilsTest$TestCase@4a6a6d03]" classname="com.dotcms.rendering.velocity.viewtools.content.util.ContentUtilsTest" time="4.201"/>
  <testcase name="testPullRelated[23: com.dotcms.rendering.velocity.viewtools.content.util.ContentUtilsTest$TestCase@200ea109]" classname="com.dotcms.rendering.velocity.viewtools.content.util.ContentUtilsTest" time="3.998"/>
  <testcase name="testPullRelated[24: com.dotcms.rendering.velocity.viewtools.content.util.ContentUtilsTest$TestCase@21a3cad0]" classname="com.dotcms.rendering.velocity.viewtools.content.util.ContentUtilsTest" time="3.976"/>
  <testcase name="testPullRelated[25: com.dotcms.rendering.velocity.viewtools.content.util.ContentUtilsTest$TestCase@6b65aec1]" classname="com.dotcms.rendering.velocity.viewtools.content.util.ContentUtilsTest" time="2.875"/>
  <testcase name="testPullRelated[26: com.dotcms.rendering.velocity.viewtools.content.util.ContentUtilsTest$TestCase@72fed4db]" classname="com.dotcms.rendering.velocity.viewtools.content.util.ContentUtilsTest" time="3.312"/>
  <testcase name="testPullRelated[27: com.dotcms.rendering.velocity.viewtools.content.util.ContentUtilsTest$TestCase@272d2564]" classname="com.dotcms.rendering.velocity.viewtools.content.util.ContentUtilsTest" time="4.045"/>
  <testcase name="testPullRelated[28: com.dotcms.rendering.velocity.viewtools.content.util.ContentUtilsTest$TestCase@18e79e1b]" classname="com.dotcms.rendering.velocity.viewtools.content.util.ContentUtilsTest" time="3.925"/>
  <testcase name="testPullRelated[29: com.dotcms.rendering.velocity.viewtools.content.util.ContentUtilsTest$TestCase@5eb22860]" classname="com.dotcms.rendering.velocity.viewtools.content.util.ContentUtilsTest" time="4.086"/>
  <testcase name="testPullRelated[30: com.dotcms.rendering.velocity.viewtools.content.util.ContentUtilsTest$TestCase@5aee7761]" classname="com.dotcms.rendering.velocity.viewtools.content.util.ContentUtilsTest" time="3.988"/>
  <testcase name="testPullRelated[31: com.dotcms.rendering.velocity.viewtools.content.util.ContentUtilsTest$TestCase@14a67f5d]" classname="com.dotcms.rendering.velocity.viewtools.content.util.ContentUtilsTest" time="4.205"/>
  <testcase name="testPullRelated[32: com.dotcms.rendering.velocity.viewtools.content.util.ContentUtilsTest$TestCase@30952c94]" classname="com.dotcms.rendering.velocity.viewtools.content.util.ContentUtilsTest" time="3.834"/>
  <testcase name="testPullRelated[33: com.dotcms.rendering.velocity.viewtools.content.util.ContentUtilsTest$TestCase@7fabf3ce]" classname="com.dotcms.rendering.velocity.viewtools.content.util.ContentUtilsTest" time="4.144"/>
  <testcase name="testPullRelated[34: com.dotcms.rendering.velocity.viewtools.content.util.ContentUtilsTest$TestCase@56d7c625]" classname="com.dotcms.rendering.velocity.viewtools.content.util.ContentUtilsTest" time="4.08"/>
  <testcase name="testPullRelated[35: com.dotcms.rendering.velocity.viewtools.content.util.ContentUtilsTest$TestCase@71ac1735]" classname="com.dotcms.rendering.velocity.viewtools.content.util.ContentUtilsTest" time="4.146"/>
  <testcase name="testPullRelated[36: com.dotcms.rendering.velocity.viewtools.content.util.ContentUtilsTest$TestCase@68c47418]" classname="com.dotcms.rendering.velocity.viewtools.content.util.ContentUtilsTest" time="6.086"/>
  <testcase name="testPullRelated[37: com.dotcms.rendering.velocity.viewtools.content.util.ContentUtilsTest$TestCase@4851cf4d]" classname="com.dotcms.rendering.velocity.viewtools.content.util.ContentUtilsTest" time="6.054"/>
  <testcase name="testPullRelated[38: com.dotcms.rendering.velocity.viewtools.content.util.ContentUtilsTest$TestCase@20dfde8c]" classname="com.dotcms.rendering.velocity.viewtools.content.util.ContentUtilsTest" time="5.222"/>
  <testcase name="testPullRelated[39: com.dotcms.rendering.velocity.viewtools.content.util.ContentUtilsTest$TestCase@315b601d]" classname="com.dotcms.rendering.velocity.viewtools.content.util.ContentUtilsTest" time="5.782"/>
  <testcase name="testPullRelated[40: com.dotcms.rendering.velocity.viewtools.content.util.ContentUtilsTest$TestCase@7a74b69a]" classname="com.dotcms.rendering.velocity.viewtools.content.util.ContentUtilsTest" time="6.415"/>
  <testcase name="testPullRelated[41: com.dotcms.rendering.velocity.viewtools.content.util.ContentUtilsTest$TestCase@3c19353e]" classname="com.dotcms.rendering.velocity.viewtools.content.util.ContentUtilsTest" time="5.824"/>
  <testcase name="testPullRelated[42: com.dotcms.rendering.velocity.viewtools.content.util.ContentUtilsTest$TestCase@626ca78f]" classname="com.dotcms.rendering.velocity.viewtools.content.util.ContentUtilsTest" time="6.325"/>
  <testcase name="testPullRelated[43: com.dotcms.rendering.velocity.viewtools.content.util.ContentUtilsTest$TestCase@8dd7857]" classname="com.dotcms.rendering.velocity.viewtools.content.util.ContentUtilsTest" time="6.024"/>
  <testcase name="testPullRelated[44: com.dotcms.rendering.velocity.viewtools.content.util.ContentUtilsTest$TestCase@57c2cfb0]" classname="com.dotcms.rendering.velocity.viewtools.content.util.ContentUtilsTest" time="4.994"/>
  <testcase name="testPullRelated[45: com.dotcms.rendering.velocity.viewtools.content.util.ContentUtilsTest$TestCase@2287b0b3]" classname="com.dotcms.rendering.velocity.viewtools.content.util.ContentUtilsTest" time="5.901"/>
  <testcase name="testPullRelated[46: com.dotcms.rendering.velocity.viewtools.content.util.ContentUtilsTest$TestCase@25d02bb3]" classname="com.dotcms.rendering.velocity.viewtools.content.util.ContentUtilsTest" time="6.313"/>
  <testcase name="testPullRelated[47: com.dotcms.rendering.velocity.viewtools.content.util.ContentUtilsTest$TestCase@46ace09e]" classname="com.dotcms.rendering.velocity.viewtools.content.util.ContentUtilsTest" time="6.198"/>
  <testcase name="testPullRelated[48: com.dotcms.rendering.velocity.viewtools.content.util.ContentUtilsTest$TestCase@75208b4]" classname="com.dotcms.rendering.velocity.viewtools.content.util.ContentUtilsTest" time="5.788"/>
  <testcase name="testPullRelated[49: com.dotcms.rendering.velocity.viewtools.content.util.ContentUtilsTest$TestCase@18cf32c5]" classname="com.dotcms.rendering.velocity.viewtools.content.util.ContentUtilsTest" time="5.145"/>
  <testcase name="testPullRelated[50: com.dotcms.rendering.velocity.viewtools.content.util.ContentUtilsTest$TestCase@3c660fdc]" classname="com.dotcms.rendering.velocity.viewtools.content.util.ContentUtilsTest" time="5.072"/>
  <testcase name="testPullRelated[51: com.dotcms.rendering.velocity.viewtools.content.util.ContentUtilsTest$TestCase@1d6fb0de]" classname="com.dotcms.rendering.velocity.viewtools.content.util.ContentUtilsTest" time="6.163"/>
  <testcase name="testPullRelated[52: com.dotcms.rendering.velocity.viewtools.content.util.ContentUtilsTest$TestCase@a6f1c6f]" classname="com.dotcms.rendering.velocity.viewtools.content.util.ContentUtilsTest" time="6.038"/>
  <testcase name="testPullRelated[53: com.dotcms.rendering.velocity.viewtools.content.util.ContentUtilsTest$TestCase@6b574efd]" classname="com.dotcms.rendering.velocity.viewtools.content.util.ContentUtilsTest" time="4.853"/>
  <testcase name="testPullRelated[54: com.dotcms.rendering.velocity.viewtools.content.util.ContentUtilsTest$TestCase@6743a4a4]" classname="com.dotcms.rendering.velocity.viewtools.content.util.ContentUtilsTest" time="6.545"/>
  <testcase name="testPullRelated[55: com.dotcms.rendering.velocity.viewtools.content.util.ContentUtilsTest$TestCase@74a11d2]" classname="com.dotcms.rendering.velocity.viewtools.content.util.ContentUtilsTest" time="5.854"/>
  <testcase name="testPullRelated[56: com.dotcms.rendering.velocity.viewtools.content.util.ContentUtilsTest$TestCase@7534f930]" classname="com.dotcms.rendering.velocity.viewtools.content.util.ContentUtilsTest" time="6.141"/>
  <testcase name="testPullRelated[57: com.dotcms.rendering.velocity.viewtools.content.util.ContentUtilsTest$TestCase@244561cd]" classname="com.dotcms.rendering.velocity.viewtools.content.util.ContentUtilsTest" time="5.979"/>
  <testcase name="testPullRelated[58: com.dotcms.rendering.velocity.viewtools.content.util.ContentUtilsTest$TestCase@5ed99765]" classname="com.dotcms.rendering.velocity.viewtools.content.util.ContentUtilsTest" time="6.203"/>
  <testcase name="testPullRelated[59: com.dotcms.rendering.velocity.viewtools.content.util.ContentUtilsTest$TestCase@94ad9ed]" classname="com.dotcms.rendering.velocity.viewtools.content.util.ContentUtilsTest" time="5.977"/>
  <testcase name="testPullRelated[60: com.dotcms.rendering.velocity.viewtools.content.util.ContentUtilsTest$TestCase@5be55c8d]" classname="com.dotcms.rendering.velocity.viewtools.content.util.ContentUtilsTest" time="6.003"/>
  <testcase name="testPullRelated[61: com.dotcms.rendering.velocity.viewtools.content.util.ContentUtilsTest$TestCase@54211535]" classname="com.dotcms.rendering.velocity.viewtools.content.util.ContentUtilsTest" time="6.104"/>
  <testcase name="testPullRelated[62: com.dotcms.rendering.velocity.viewtools.content.util.ContentUtilsTest$TestCase@46d1d26b]" classname="com.dotcms.rendering.velocity.viewtools.content.util.ContentUtilsTest" time="6.262"/>
  <testcase name="testPullRelated[63: com.dotcms.rendering.velocity.viewtools.content.util.ContentUtilsTest$TestCase@190beeed]" classname="com.dotcms.rendering.velocity.viewtools.content.util.ContentUtilsTest" time="5.897"/>
  <testcase name="testPullRelated[64: com.dotcms.rendering.velocity.viewtools.content.util.ContentUtilsTest$TestCase@687bd875]" classname="com.dotcms.rendering.velocity.viewtools.content.util.ContentUtilsTest" time="5.979"/>
  <testcase name="testPullRelated[65: com.dotcms.rendering.velocity.viewtools.content.util.ContentUtilsTest$TestCase@342fe0f2]" classname="com.dotcms.rendering.velocity.viewtools.content.util.ContentUtilsTest" time="5.204"/>
  <testcase name="testPullRelated[66: com.dotcms.rendering.velocity.viewtools.content.util.ContentUtilsTest$TestCase@7ca53e96]" classname="com.dotcms.rendering.velocity.viewtools.content.util.ContentUtilsTest" time="6.138"/>
  <testcase name="testPullRelated[67: com.dotcms.rendering.velocity.viewtools.content.util.ContentUtilsTest$TestCase@3a9fcb69]" classname="com.dotcms.rendering.velocity.viewtools.content.util.ContentUtilsTest" time="4.97"/>
  <testcase name="testPullRelated[68: com.dotcms.rendering.velocity.viewtools.content.util.ContentUtilsTest$TestCase@c91043f]" classname="com.dotcms.rendering.velocity.viewtools.content.util.ContentUtilsTest" time="6.192"/>
  <testcase name="testPullRelated[69: com.dotcms.rendering.velocity.viewtools.content.util.ContentUtilsTest$TestCase@47724d2f]" classname="com.dotcms.rendering.velocity.viewtools.content.util.ContentUtilsTest" time="5.861"/>
  <testcase name="testPullRelated[70: com.dotcms.rendering.velocity.viewtools.content.util.ContentUtilsTest$TestCase@12769ad9]" classname="com.dotcms.rendering.velocity.viewtools.content.util.ContentUtilsTest" time="6.198"/>
  <testcase name="testPullRelated[71: com.dotcms.rendering.velocity.viewtools.content.util.ContentUtilsTest$TestCase@5676df7d]" classname="com.dotcms.rendering.velocity.viewtools.content.util.ContentUtilsTest" time="6.098"/>
  <testcase name="whenPublishAndExpireDatesAreInTheFutureAndTimeMachineIsAfterBoth" classname="com.dotcms.rendering.velocity.viewtools.content.util.ContentUtilsTest" time="2.94"/>
  <testcase name="testPullRelatedForLegacyRelationship[0: com.dotcms.rendering.velocity.viewtools.content.util.ContentUtilsTest$LegacyTestCase@52c28970]" classname="com.dotcms.rendering.velocity.viewtools.content.util.ContentUtilsTest" time="2.872"/>
  <testcase name="testPullRelatedForLegacyRelationship[1: com.dotcms.rendering.velocity.viewtools.content.util.ContentUtilsTest$LegacyTestCase@70cbd32]" classname="com.dotcms.rendering.velocity.viewtools.content.util.ContentUtilsTest" time="3.032"/>
  <testcase name="whenTheTimeMachineDateIsAfterTomorrowAndExpireDateIsTomorrowShouldNotReturnContent" classname="com.dotcms.rendering.velocity.viewtools.content.util.ContentUtilsTest" time="2.992"/>
  <testcase name="testPullLiveRelatedWhenLatestVersionIsWorking" classname="com.dotcms.rendering.velocity.viewtools.content.util.ContentUtilsTest" time="3.736"/>
  <testcase name="test_add_relationships_on_parent_children_related_contents" classname="com.dotcms.rendering.velocity.viewtools.content.util.ContentUtilsTest" time="1.449"/>
  <testcase name="testSortPullRelated[0: com.dotcms.rendering.velocity.viewtools.content.util.ContentUtilsTest$SortTestCase@210a4f58]" classname="com.dotcms.rendering.velocity.viewtools.content.util.ContentUtilsTest" time="2.585"/>
  <testcase name="testSortPullRelated[1: com.dotcms.rendering.velocity.viewtools.content.util.ContentUtilsTest$SortTestCase@41e7e133]" classname="com.dotcms.rendering.velocity.viewtools.content.util.ContentUtilsTest" time="2.57"/>
  <testcase name="testSortPullRelated[2: com.dotcms.rendering.velocity.viewtools.content.util.ContentUtilsTest$SortTestCase@7a87976]" classname="com.dotcms.rendering.velocity.viewtools.content.util.ContentUtilsTest" time="2.614"/>
  <testcase name="testSortPullRelated[3: com.dotcms.rendering.velocity.viewtools.content.util.ContentUtilsTest$SortTestCase@652fb19c]" classname="com.dotcms.rendering.velocity.viewtools.content.util.ContentUtilsTest" time="2.582"/>
  <testcase name="testSortPullRelated[4: com.dotcms.rendering.velocity.viewtools.content.util.ContentUtilsTest$SortTestCase@16ac42ee]" classname="com.dotcms.rendering.velocity.viewtools.content.util.ContentUtilsTest" time="2.616"/>
  <testcase name="testSortPullRelated[5: com.dotcms.rendering.velocity.viewtools.content.util.ContentUtilsTest$SortTestCase@68bcc771]" classname="com.dotcms.rendering.velocity.viewtools.content.util.ContentUtilsTest" time="2.483"/>
  <testcase name="whenTheTimeMachineDateIsAfterTomorrowAndExpireDateIsInFutureShouldReturnContent" classname="com.dotcms.rendering.velocity.viewtools.content.util.ContentUtilsTest" time="3.041"/>
  <testcase name="testPullRelatedFieldShouldRespectDefaultOrder" classname="com.dotcms.rendering.velocity.viewtools.content.util.ContentUtilsTest" time="2.636"/>
  <system-out><![CDATA[]]></system-out>
  <system-err><![CDATA[]]></system-err>
</testsuite>
