<?xml version="1.0" encoding="UTF-8"?>
<testsuite name="com.dotcms.publishing.remote.RemoteReceiverLanguageResolutionTest" tests="2" skipped="0" failures="0" errors="0" timestamp="2023-07-13T15:09:52" hostname="fv-az621-935" time="11.58">
  <properties/>
  <testcase name="Test_Create_New_Languages_Create_Bundle_Then_Publish_Bundle_Then_Read_Verify_Dupes_Are_Ignored_And_New_Languges_Were_Created" classname="com.dotcms.publishing.remote.RemoteReceiverLanguageResolutionTest" time="8.058"/>
  <testcase name="Test_Create_Dupe_Languages_Create_Bundle_Then_Publish_Bundle_Then_Read_Languages_Verify_Dupes_Are_Ignored" classname="com.dotcms.publishing.remote.RemoteReceiverLanguageResolutionTest" time="3.522"/>
  <system-out><![CDATA[]]></system-out>
  <system-err><![CDATA[Jul 13, 2023 3:09:56 PM com.impossibl.postgres.system.Settings set
WARNING: Applying unknown setting: autosave
]]></system-err>
</testsuite>
