<?xml version="1.0" encoding="UTF-8"?>
<testsuite name="com.dotcms.contenttype.test.ContentTypeImportExportTest" tests="1" skipped="0" failures="0" errors="0" timestamp="2023-06-28T15:46:08" hostname="fv-az395-584" time="9.217">
  <properties/>
  <testcase name="testExport" classname="com.dotcms.contenttype.test.ContentTypeImportExportTest" time="9.217"/>
  <system-out><![CDATA[



]]></system-out>
  <system-err><![CDATA[]]></system-err>
</testsuite>
