<?xml version="1.0" encoding="UTF-8"?>
<testsuite name="com.dotcms.visitor.filter.logger.VisitorLoggerTest" tests="3" skipped="1" failures="0" errors="0" timestamp="2023-06-30T22:06:07" hostname="fv-az936-969" time="0.022">
  <properties/>
  <testcase name="testRemoveConstructor" classname="com.dotcms.visitor.filter.logger.VisitorLoggerTest" time="0.018"/>
  <testcase name="testLog" classname="com.dotcms.visitor.filter.logger.VisitorLoggerTest" time="0.0">
    <skipped/>
  </testcase>
  <testcase name="testAddConstructor" classname="com.dotcms.visitor.filter.logger.VisitorLoggerTest" time="0.003"/>
  <system-out><![CDATA[]]></system-out>
  <system-err><![CDATA[]]></system-err>
</testsuite>
