<?xml version="1.0" encoding="UTF-8"?>
<testsuite name="com.dotmarketing.servlets.ajax.AjaxDirectorServletIntegrationTest" tests="2" skipped="0" failures="0" errors="0" timestamp="2023-06-27T17:20:34" hostname="fv-az206-664" time="0.768">
  <properties/>
  <testcase name="testService[0: com.dotmarketing.servlets.ajax.AjaxDirectorServletTestCase@70b907a3]" classname="com.dotmarketing.servlets.ajax.AjaxDirectorServletIntegrationTest" time="0.432"/>
  <testcase name="testService[1: com.dotmarketing.servlets.ajax.AjaxDirectorServletTestCase@5372c359]" classname="com.dotmarketing.servlets.ajax.AjaxDirectorServletIntegrationTest" time="0.336"/>
  <system-out><![CDATA[]]></system-out>
  <system-err><![CDATA[]]></system-err>
</testsuite>
