<?xml version="1.0" encoding="UTF-8"?>
<testsuite name="com.dotcms.rendering.velocity.viewtools.content.util.ContentUtilsTest" tests="89" skipped="0" failures="0" errors="0" timestamp="2023-06-28T22:34:25" hostname="fv-az446-868" time="412.316">
  <properties/>
  <testcase name="whenTheTimeMachineDateIsNullAndPublishDateInFutureShouldNotReturnAnything" classname="com.dotcms.rendering.velocity.viewtools.content.util.ContentUtilsTest" time="3.677"/>
  <testcase name="test_find_multilingual_contentlet_getContentletSuccessfully" classname="com.dotcms.rendering.velocity.viewtools.content.util.ContentUtilsTest" time="2.392"/>
  <testcase name="whenTheTimeMachineDateAndPublishDateAreTomorrowShouldReturnOneContent" classname="com.dotcms.rendering.velocity.viewtools.content.util.ContentUtilsTest" time="3.729"/>
  <testcase name="testPullRelated[0: com.dotcms.rendering.velocity.viewtools.content.util.ContentUtilsTest$TestCase@2319e238]" classname="com.dotcms.rendering.velocity.viewtools.content.util.ContentUtilsTest" time="4.019"/>
  <testcase name="testPullRelated[1: com.dotcms.rendering.velocity.viewtools.content.util.ContentUtilsTest$TestCase@ebb8bbd]" classname="com.dotcms.rendering.velocity.viewtools.content.util.ContentUtilsTest" time="4.097"/>
  <testcase name="testPullRelated[2: com.dotcms.rendering.velocity.viewtools.content.util.ContentUtilsTest$TestCase@69bed411]" classname="com.dotcms.rendering.velocity.viewtools.content.util.ContentUtilsTest" time="3.178"/>
  <testcase name="testPullRelated[3: com.dotcms.rendering.velocity.viewtools.content.util.ContentUtilsTest$TestCase@242f683d]" classname="com.dotcms.rendering.velocity.viewtools.content.util.ContentUtilsTest" time="3.935"/>
  <testcase name="testPullRelated[4: com.dotcms.rendering.velocity.viewtools.content.util.ContentUtilsTest$TestCase@48cb46a2]" classname="com.dotcms.rendering.velocity.viewtools.content.util.ContentUtilsTest" time="4.0"/>
  <testcase name="testPullRelated[5: com.dotcms.rendering.velocity.viewtools.content.util.ContentUtilsTest$TestCase@1affda65]" classname="com.dotcms.rendering.velocity.viewtools.content.util.ContentUtilsTest" time="4.084"/>
  <testcase name="testPullRelated[6: com.dotcms.rendering.velocity.viewtools.content.util.ContentUtilsTest$TestCase@57e9b77]" classname="com.dotcms.rendering.velocity.viewtools.content.util.ContentUtilsTest" time="4.107"/>
  <testcase name="testPullRelated[7: com.dotcms.rendering.velocity.viewtools.content.util.ContentUtilsTest$TestCase@5a4f6565]" classname="com.dotcms.rendering.velocity.viewtools.content.util.ContentUtilsTest" time="3.187"/>
  <testcase name="testPullRelated[8: com.dotcms.rendering.velocity.viewtools.content.util.ContentUtilsTest$TestCase@4823d6d8]" classname="com.dotcms.rendering.velocity.viewtools.content.util.ContentUtilsTest" time="3.994"/>
  <testcase name="testPullRelated[9: com.dotcms.rendering.velocity.viewtools.content.util.ContentUtilsTest$TestCase@2ceb014b]" classname="com.dotcms.rendering.velocity.viewtools.content.util.ContentUtilsTest" time="3.969"/>
  <testcase name="testPullRelated[10: com.dotcms.rendering.velocity.viewtools.content.util.ContentUtilsTest$TestCase@5d3f9282]" classname="com.dotcms.rendering.velocity.viewtools.content.util.ContentUtilsTest" time="4.151"/>
  <testcase name="testPullRelated[11: com.dotcms.rendering.velocity.viewtools.content.util.ContentUtilsTest$TestCase@7cfaa00d]" classname="com.dotcms.rendering.velocity.viewtools.content.util.ContentUtilsTest" time="4.128"/>
  <testcase name="testPullRelated[12: com.dotcms.rendering.velocity.viewtools.content.util.ContentUtilsTest$TestCase@2a392c5c]" classname="com.dotcms.rendering.velocity.viewtools.content.util.ContentUtilsTest" time="3.971"/>
  <testcase name="testPullRelated[13: com.dotcms.rendering.velocity.viewtools.content.util.ContentUtilsTest$TestCase@5e2c9109]" classname="com.dotcms.rendering.velocity.viewtools.content.util.ContentUtilsTest" time="3.73"/>
  <testcase name="testPullRelated[14: com.dotcms.rendering.velocity.viewtools.content.util.ContentUtilsTest$TestCase@7fa6a3cc]" classname="com.dotcms.rendering.velocity.viewtools.content.util.ContentUtilsTest" time="4.41"/>
  <testcase name="testPullRelated[15: com.dotcms.rendering.velocity.viewtools.content.util.ContentUtilsTest$TestCase@56f58efd]" classname="com.dotcms.rendering.velocity.viewtools.content.util.ContentUtilsTest" time="4.064"/>
  <testcase name="testPullRelated[16: com.dotcms.rendering.velocity.viewtools.content.util.ContentUtilsTest$TestCase@354d13b3]" classname="com.dotcms.rendering.velocity.viewtools.content.util.ContentUtilsTest" time="3.877"/>
  <testcase name="testPullRelated[17: com.dotcms.rendering.velocity.viewtools.content.util.ContentUtilsTest$TestCase@f5378ca]" classname="com.dotcms.rendering.velocity.viewtools.content.util.ContentUtilsTest" time="4.213"/>
  <testcase name="testPullRelated[18: com.dotcms.rendering.velocity.viewtools.content.util.ContentUtilsTest$TestCase@4521022f]" classname="com.dotcms.rendering.velocity.viewtools.content.util.ContentUtilsTest" time="4.064"/>
  <testcase name="testPullRelated[19: com.dotcms.rendering.velocity.viewtools.content.util.ContentUtilsTest$TestCase@3f59fe10]" classname="com.dotcms.rendering.velocity.viewtools.content.util.ContentUtilsTest" time="4.339"/>
  <testcase name="testPullRelated[20: com.dotcms.rendering.velocity.viewtools.content.util.ContentUtilsTest$TestCase@6254a2c3]" classname="com.dotcms.rendering.velocity.viewtools.content.util.ContentUtilsTest" time="3.878"/>
  <testcase name="testPullRelated[21: com.dotcms.rendering.velocity.viewtools.content.util.ContentUtilsTest$TestCase@7655036b]" classname="com.dotcms.rendering.velocity.viewtools.content.util.ContentUtilsTest" time="4.069"/>
  <testcase name="testPullRelated[22: com.dotcms.rendering.velocity.viewtools.content.util.ContentUtilsTest$TestCase@3ba847f4]" classname="com.dotcms.rendering.velocity.viewtools.content.util.ContentUtilsTest" time="4.173"/>
  <testcase name="testPullRelated[23: com.dotcms.rendering.velocity.viewtools.content.util.ContentUtilsTest$TestCase@4bf187ef]" classname="com.dotcms.rendering.velocity.viewtools.content.util.ContentUtilsTest" time="4.139"/>
  <testcase name="testPullRelated[24: com.dotcms.rendering.velocity.viewtools.content.util.ContentUtilsTest$TestCase@cf476e8]" classname="com.dotcms.rendering.velocity.viewtools.content.util.ContentUtilsTest" time="4.024"/>
  <testcase name="testPullRelated[25: com.dotcms.rendering.velocity.viewtools.content.util.ContentUtilsTest$TestCase@52646246]" classname="com.dotcms.rendering.velocity.viewtools.content.util.ContentUtilsTest" time="3.024"/>
  <testcase name="testPullRelated[26: com.dotcms.rendering.velocity.viewtools.content.util.ContentUtilsTest$TestCase@2b0a0819]" classname="com.dotcms.rendering.velocity.viewtools.content.util.ContentUtilsTest" time="3.876"/>
  <testcase name="testPullRelated[27: com.dotcms.rendering.velocity.viewtools.content.util.ContentUtilsTest$TestCase@6c033c68]" classname="com.dotcms.rendering.velocity.viewtools.content.util.ContentUtilsTest" time="3.273"/>
  <testcase name="testPullRelated[28: com.dotcms.rendering.velocity.viewtools.content.util.ContentUtilsTest$TestCase@43ef5436]" classname="com.dotcms.rendering.velocity.viewtools.content.util.ContentUtilsTest" time="3.718"/>
  <testcase name="testPullRelated[29: com.dotcms.rendering.velocity.viewtools.content.util.ContentUtilsTest$TestCase@3268785f]" classname="com.dotcms.rendering.velocity.viewtools.content.util.ContentUtilsTest" time="4.136"/>
  <testcase name="testPullRelated[30: com.dotcms.rendering.velocity.viewtools.content.util.ContentUtilsTest$TestCase@4959e4cb]" classname="com.dotcms.rendering.velocity.viewtools.content.util.ContentUtilsTest" time="4.188"/>
  <testcase name="testPullRelated[31: com.dotcms.rendering.velocity.viewtools.content.util.ContentUtilsTest$TestCase@3c4c61f4]" classname="com.dotcms.rendering.velocity.viewtools.content.util.ContentUtilsTest" time="3.084"/>
  <testcase name="testPullRelated[32: com.dotcms.rendering.velocity.viewtools.content.util.ContentUtilsTest$TestCase@53bccaf]" classname="com.dotcms.rendering.velocity.viewtools.content.util.ContentUtilsTest" time="3.976"/>
  <testcase name="testPullRelated[33: com.dotcms.rendering.velocity.viewtools.content.util.ContentUtilsTest$TestCase@7460e6d7]" classname="com.dotcms.rendering.velocity.viewtools.content.util.ContentUtilsTest" time="3.244"/>
  <testcase name="testPullRelated[34: com.dotcms.rendering.velocity.viewtools.content.util.ContentUtilsTest$TestCase@72193b2c]" classname="com.dotcms.rendering.velocity.viewtools.content.util.ContentUtilsTest" time="3.014"/>
  <testcase name="testPullRelated[35: com.dotcms.rendering.velocity.viewtools.content.util.ContentUtilsTest$TestCase@2d05a75a]" classname="com.dotcms.rendering.velocity.viewtools.content.util.ContentUtilsTest" time="3.971"/>
  <testcase name="testPullRelated[36: com.dotcms.rendering.velocity.viewtools.content.util.ContentUtilsTest$TestCase@768058e1]" classname="com.dotcms.rendering.velocity.viewtools.content.util.ContentUtilsTest" time="6.304"/>
  <testcase name="testPullRelated[37: com.dotcms.rendering.velocity.viewtools.content.util.ContentUtilsTest$TestCase@5255eb8]" classname="com.dotcms.rendering.velocity.viewtools.content.util.ContentUtilsTest" time="4.993"/>
  <testcase name="testPullRelated[38: com.dotcms.rendering.velocity.viewtools.content.util.ContentUtilsTest$TestCase@3eded56b]" classname="com.dotcms.rendering.velocity.viewtools.content.util.ContentUtilsTest" time="6.308"/>
  <testcase name="testPullRelated[39: com.dotcms.rendering.velocity.viewtools.content.util.ContentUtilsTest$TestCase@3e618a9d]" classname="com.dotcms.rendering.velocity.viewtools.content.util.ContentUtilsTest" time="6.99"/>
  <testcase name="testPullRelated[40: com.dotcms.rendering.velocity.viewtools.content.util.ContentUtilsTest$TestCase@4a529ae0]" classname="com.dotcms.rendering.velocity.viewtools.content.util.ContentUtilsTest" time="6.325"/>
  <testcase name="testPullRelated[41: com.dotcms.rendering.velocity.viewtools.content.util.ContentUtilsTest$TestCase@652ddd8c]" classname="com.dotcms.rendering.velocity.viewtools.content.util.ContentUtilsTest" time="7.047"/>
  <testcase name="testPullRelated[42: com.dotcms.rendering.velocity.viewtools.content.util.ContentUtilsTest$TestCase@2d1039cf]" classname="com.dotcms.rendering.velocity.viewtools.content.util.ContentUtilsTest" time="6.114"/>
  <testcase name="testPullRelated[43: com.dotcms.rendering.velocity.viewtools.content.util.ContentUtilsTest$TestCase@1f177b92]" classname="com.dotcms.rendering.velocity.viewtools.content.util.ContentUtilsTest" time="5.113"/>
  <testcase name="testPullRelated[44: com.dotcms.rendering.velocity.viewtools.content.util.ContentUtilsTest$TestCase@414c770a]" classname="com.dotcms.rendering.velocity.viewtools.content.util.ContentUtilsTest" time="6.201"/>
  <testcase name="testPullRelated[45: com.dotcms.rendering.velocity.viewtools.content.util.ContentUtilsTest$TestCase@4a060312]" classname="com.dotcms.rendering.velocity.viewtools.content.util.ContentUtilsTest" time="6.978"/>
  <testcase name="testPullRelated[46: com.dotcms.rendering.velocity.viewtools.content.util.ContentUtilsTest$TestCase@66f485dc]" classname="com.dotcms.rendering.velocity.viewtools.content.util.ContentUtilsTest" time="6.034"/>
  <testcase name="testPullRelated[47: com.dotcms.rendering.velocity.viewtools.content.util.ContentUtilsTest$TestCase@421bb97b]" classname="com.dotcms.rendering.velocity.viewtools.content.util.ContentUtilsTest" time="5.22"/>
  <testcase name="testPullRelated[48: com.dotcms.rendering.velocity.viewtools.content.util.ContentUtilsTest$TestCase@60cd7215]" classname="com.dotcms.rendering.velocity.viewtools.content.util.ContentUtilsTest" time="6.113"/>
  <testcase name="testPullRelated[49: com.dotcms.rendering.velocity.viewtools.content.util.ContentUtilsTest$TestCase@1a29e38d]" classname="com.dotcms.rendering.velocity.viewtools.content.util.ContentUtilsTest" time="5.89"/>
  <testcase name="testPullRelated[50: com.dotcms.rendering.velocity.viewtools.content.util.ContentUtilsTest$TestCase@58b15f71]" classname="com.dotcms.rendering.velocity.viewtools.content.util.ContentUtilsTest" time="6.256"/>
  <testcase name="testPullRelated[51: com.dotcms.rendering.velocity.viewtools.content.util.ContentUtilsTest$TestCase@477ee57d]" classname="com.dotcms.rendering.velocity.viewtools.content.util.ContentUtilsTest" time="6.058"/>
  <testcase name="testPullRelated[52: com.dotcms.rendering.velocity.viewtools.content.util.ContentUtilsTest$TestCase@4ca86a5d]" classname="com.dotcms.rendering.velocity.viewtools.content.util.ContentUtilsTest" time="5.94"/>
  <testcase name="testPullRelated[53: com.dotcms.rendering.velocity.viewtools.content.util.ContentUtilsTest$TestCase@19c8cdce]" classname="com.dotcms.rendering.velocity.viewtools.content.util.ContentUtilsTest" time="6.215"/>
  <testcase name="testPullRelated[54: com.dotcms.rendering.velocity.viewtools.content.util.ContentUtilsTest$TestCase@4b504351]" classname="com.dotcms.rendering.velocity.viewtools.content.util.ContentUtilsTest" time="5.215"/>
  <testcase name="testPullRelated[55: com.dotcms.rendering.velocity.viewtools.content.util.ContentUtilsTest$TestCase@7bb5124b]" classname="com.dotcms.rendering.velocity.viewtools.content.util.ContentUtilsTest" time="5.834"/>
  <testcase name="testPullRelated[56: com.dotcms.rendering.velocity.viewtools.content.util.ContentUtilsTest$TestCase@74c075e2]" classname="com.dotcms.rendering.velocity.viewtools.content.util.ContentUtilsTest" time="6.321"/>
  <testcase name="testPullRelated[57: com.dotcms.rendering.velocity.viewtools.content.util.ContentUtilsTest$TestCase@2bb96009]" classname="com.dotcms.rendering.velocity.viewtools.content.util.ContentUtilsTest" time="5.089"/>
  <testcase name="testPullRelated[58: com.dotcms.rendering.velocity.viewtools.content.util.ContentUtilsTest$TestCase@623af4e4]" classname="com.dotcms.rendering.velocity.viewtools.content.util.ContentUtilsTest" time="5.926"/>
  <testcase name="testPullRelated[59: com.dotcms.rendering.velocity.viewtools.content.util.ContentUtilsTest$TestCase@314e95a2]" classname="com.dotcms.rendering.velocity.viewtools.content.util.ContentUtilsTest" time="6.45"/>
  <testcase name="testPullRelated[60: com.dotcms.rendering.velocity.viewtools.content.util.ContentUtilsTest$TestCase@4656990c]" classname="com.dotcms.rendering.velocity.viewtools.content.util.ContentUtilsTest" time="5.938"/>
  <testcase name="testPullRelated[61: com.dotcms.rendering.velocity.viewtools.content.util.ContentUtilsTest$TestCase@268f00e7]" classname="com.dotcms.rendering.velocity.viewtools.content.util.ContentUtilsTest" time="4.878"/>
  <testcase name="testPullRelated[62: com.dotcms.rendering.velocity.viewtools.content.util.ContentUtilsTest$TestCase@13a74d06]" classname="com.dotcms.rendering.velocity.viewtools.content.util.ContentUtilsTest" time="6.322"/>
  <testcase name="testPullRelated[63: com.dotcms.rendering.velocity.viewtools.content.util.ContentUtilsTest$TestCase@56013955]" classname="com.dotcms.rendering.velocity.viewtools.content.util.ContentUtilsTest" time="6.124"/>
  <testcase name="testPullRelated[64: com.dotcms.rendering.velocity.viewtools.content.util.ContentUtilsTest$TestCase@246d4460]" classname="com.dotcms.rendering.velocity.viewtools.content.util.ContentUtilsTest" time="5.977"/>
  <testcase name="testPullRelated[65: com.dotcms.rendering.velocity.viewtools.content.util.ContentUtilsTest$TestCase@7abbf032]" classname="com.dotcms.rendering.velocity.viewtools.content.util.ContentUtilsTest" time="5.504"/>
  <testcase name="testPullRelated[66: com.dotcms.rendering.velocity.viewtools.content.util.ContentUtilsTest$TestCase@53dd4d1e]" classname="com.dotcms.rendering.velocity.viewtools.content.util.ContentUtilsTest" time="7.077"/>
  <testcase name="testPullRelated[67: com.dotcms.rendering.velocity.viewtools.content.util.ContentUtilsTest$TestCase@cc90da1]" classname="com.dotcms.rendering.velocity.viewtools.content.util.ContentUtilsTest" time="6.02"/>
  <testcase name="testPullRelated[68: com.dotcms.rendering.velocity.viewtools.content.util.ContentUtilsTest$TestCase@42c9061c]" classname="com.dotcms.rendering.velocity.viewtools.content.util.ContentUtilsTest" time="5.986"/>
  <testcase name="testPullRelated[69: com.dotcms.rendering.velocity.viewtools.content.util.ContentUtilsTest$TestCase@67565417]" classname="com.dotcms.rendering.velocity.viewtools.content.util.ContentUtilsTest" time="6.082"/>
  <testcase name="testPullRelated[70: com.dotcms.rendering.velocity.viewtools.content.util.ContentUtilsTest$TestCase@5eda405e]" classname="com.dotcms.rendering.velocity.viewtools.content.util.ContentUtilsTest" time="6.182"/>
  <testcase name="testPullRelated[71: com.dotcms.rendering.velocity.viewtools.content.util.ContentUtilsTest$TestCase@1a3afa21]" classname="com.dotcms.rendering.velocity.viewtools.content.util.ContentUtilsTest" time="6.083"/>
  <testcase name="whenPublishAndExpireDatesAreInTheFutureAndTimeMachineIsAfterBoth" classname="com.dotcms.rendering.velocity.viewtools.content.util.ContentUtilsTest" time="3.766"/>
  <testcase name="testPullRelatedForLegacyRelationship[0: com.dotcms.rendering.velocity.viewtools.content.util.ContentUtilsTest$LegacyTestCase@10c9f69c]" classname="com.dotcms.rendering.velocity.viewtools.content.util.ContentUtilsTest" time="3.255"/>
  <testcase name="testPullRelatedForLegacyRelationship[1: com.dotcms.rendering.velocity.viewtools.content.util.ContentUtilsTest$LegacyTestCase@456afe7e]" classname="com.dotcms.rendering.velocity.viewtools.content.util.ContentUtilsTest" time="3.895"/>
  <testcase name="whenTheTimeMachineDateIsAfterTomorrowAndExpireDateIsTomorrowShouldNotReturnContent" classname="com.dotcms.rendering.velocity.viewtools.content.util.ContentUtilsTest" time="3.957"/>
  <testcase name="testPullLiveRelatedWhenLatestVersionIsWorking" classname="com.dotcms.rendering.velocity.viewtools.content.util.ContentUtilsTest" time="4.77"/>
  <testcase name="test_add_relationships_on_parent_children_related_contents" classname="com.dotcms.rendering.velocity.viewtools.content.util.ContentUtilsTest" time="1.679"/>
  <testcase name="testSortPullRelated[0: com.dotcms.rendering.velocity.viewtools.content.util.ContentUtilsTest$SortTestCase@49be8e3d]" classname="com.dotcms.rendering.velocity.viewtools.content.util.ContentUtilsTest" time="3.262"/>
  <testcase name="testSortPullRelated[1: com.dotcms.rendering.velocity.viewtools.content.util.ContentUtilsTest$SortTestCase@4188ed9]" classname="com.dotcms.rendering.velocity.viewtools.content.util.ContentUtilsTest" time="3.273"/>
  <testcase name="testSortPullRelated[2: com.dotcms.rendering.velocity.viewtools.content.util.ContentUtilsTest$SortTestCase@5bbaf5d0]" classname="com.dotcms.rendering.velocity.viewtools.content.util.ContentUtilsTest" time="3.21"/>
  <testcase name="testSortPullRelated[3: com.dotcms.rendering.velocity.viewtools.content.util.ContentUtilsTest$SortTestCase@49b169d7]" classname="com.dotcms.rendering.velocity.viewtools.content.util.ContentUtilsTest" time="2.118"/>
  <testcase name="testSortPullRelated[4: com.dotcms.rendering.velocity.viewtools.content.util.ContentUtilsTest$SortTestCase@7443d9ba]" classname="com.dotcms.rendering.velocity.viewtools.content.util.ContentUtilsTest" time="3.358"/>
  <testcase name="testSortPullRelated[5: com.dotcms.rendering.velocity.viewtools.content.util.ContentUtilsTest$SortTestCase@346defad]" classname="com.dotcms.rendering.velocity.viewtools.content.util.ContentUtilsTest" time="3.046"/>
  <testcase name="whenTheTimeMachineDateIsAfterTomorrowAndExpireDateIsInFutureShouldReturnContent" classname="com.dotcms.rendering.velocity.viewtools.content.util.ContentUtilsTest" time="3.787"/>
  <testcase name="testPullRelatedFieldShouldRespectDefaultOrder" classname="com.dotcms.rendering.velocity.viewtools.content.util.ContentUtilsTest" time="2.729"/>
  <system-out><![CDATA[]]></system-out>
  <system-err><![CDATA[]]></system-err>
</testsuite>
