<?xml version="1.0" encoding="UTF-8"?>
<testsuite name="com.dotcms.rest.TagResourceIntegrationTest" tests="4" skipped="0" failures="0" errors="0" timestamp="2023-06-23T18:53:21" hostname="fv-az248-890" time="0.303">
  <properties/>
  <testcase name="testList[0: com.dotcms.rest.TagResourceTestCase@63d4a436]" classname="com.dotcms.rest.TagResourceIntegrationTest" time="0.231"/>
  <testcase name="testList[1: com.dotcms.rest.TagResourceTestCase@4fa41495]" classname="com.dotcms.rest.TagResourceIntegrationTest" time="0.021"/>
  <testcase name="testList[2: com.dotcms.rest.TagResourceTestCase@66f64ffe]" classname="com.dotcms.rest.TagResourceIntegrationTest" time="0.023"/>
  <testcase name="testList[3: com.dotcms.rest.TagResourceTestCase@3f876488]" classname="com.dotcms.rest.TagResourceIntegrationTest" time="0.027"/>
  <system-out><![CDATA[]]></system-out>
  <system-err><![CDATA[Jun 23, 2023 6:53:21 PM com.dotcms.repackage.org.hibernate.validator.internal.util.Version <clinit>
INFO: HV000001: Hibernate Validator 4.3.2.Final
]]></system-err>
</testsuite>
