<?xml version="1.0" encoding="UTF-8"?>
<testsuite name="com.dotmarketing.portlets.contentlet.transform.BinaryToMapTransformerTest" tests="2" skipped="0" failures="0" errors="0" timestamp="2023-06-29T22:32:07" hostname="fv-az560-11" time="3.173">
  <properties/>
  <testcase name="test_BinaryToMapTransformer_transform" classname="com.dotmarketing.portlets.contentlet.transform.BinaryToMapTransformerTest" time="1.571"/>
  <testcase name="testNullBinaryField_ConstructionShouldSucceed" classname="com.dotmarketing.portlets.contentlet.transform.BinaryToMapTransformerTest" time="1.602"/>
  <system-out><![CDATA[]]></system-out>
  <system-err><![CDATA[]]></system-err>
</testsuite>
