<?xml version="1.0" encoding="UTF-8"?>
<testsuite name="com.dotcms.contenttype.business.DotAssetBaseTypeToContentTypeStrategyImplTest" tests="1" skipped="0" failures="0" errors="0" timestamp="2023-07-10T22:16:45" hostname="fv-az812-782" time="0.537">
  <properties/>
  <testcase name="test_apply_with_temporal_file" classname="com.dotcms.contenttype.business.DotAssetBaseTypeToContentTypeStrategyImplTest" time="0.537"/>
  <system-out><![CDATA[]]></system-out>
  <system-err><![CDATA[]]></system-err>
</testsuite>
