<?xml version="1.0" encoding="UTF-8"?>
<testsuite name="com.dotcms.content.elasticsearch.business.ESIndexSpeedTest" tests="2" skipped="0" failures="0" errors="0" timestamp="2023-07-07T17:57:25" hostname="fv-az1131-394" time="7.109">
  <properties/>
  <testcase name="callIndexSearch10k" classname="com.dotcms.content.elasticsearch.business.ESIndexSpeedTest" time="3.689"/>
  <testcase name="callCount10k" classname="com.dotcms.content.elasticsearch.business.ESIndexSpeedTest" time="3.42"/>
  <system-out><![CDATA[]]></system-out>
  <system-err><![CDATA[]]></system-err>
</testsuite>
