<?xml version="1.0" encoding="UTF-8"?>
<testsuite name="com.dotmarketing.portlets.folders.model.FolderTest" tests="2" skipped="0" failures="0" errors="0" timestamp="2023-06-23T19:40:37" hostname="fv-az162-375" time="0.015">
  <properties/>
  <testcase name="test_folder_host_method" classname="com.dotmarketing.portlets.folders.model.FolderTest" time="0.009"/>
  <testcase name="test_folder_isSystemFolder" classname="com.dotmarketing.portlets.folders.model.FolderTest" time="0.006"/>
  <system-out><![CDATA[]]></system-out>
  <system-err><![CDATA[]]></system-err>
</testsuite>
