<?xml version="1.0" encoding="UTF-8"?>
<testsuite name="com.dotcms.content.elasticsearch.business.ESContentFactoryImplTest" tests="42" skipped="0" failures="0" errors="0" timestamp="2023-06-28T14:24:13" hostname="fv-az1135-364" time="85.329">
  <properties/>
  <testcase name="testModDateDotRawFormatIsValid" classname="com.dotcms.content.elasticsearch.business.ESContentFactoryImplTest" time="0.012"/>
  <testcase name="test_findContentletByIdentifierAnyLanguageNoArchived" classname="com.dotcms.content.elasticsearch.business.ESContentFactoryImplTest" time="2.029"/>
  <testcase name="findContentletsReturnsInExpectedOrder" classname="com.dotcms.content.elasticsearch.business.ESContentFactoryImplTest" time="1.579"/>
  <testcase name="testIndexSearchFilteringByTime[0: com.dotcms.content.elasticsearch.business.ESContentFactoryImplTest$TestCase@5d41bd3]" classname="com.dotcms.content.elasticsearch.business.ESContentFactoryImplTest" time="2.42"/>
  <testcase name="testIndexSearchFilteringByTime[1: com.dotcms.content.elasticsearch.business.ESContentFactoryImplTest$TestCase@5f31519d]" classname="com.dotcms.content.elasticsearch.business.ESContentFactoryImplTest" time="2.024"/>
  <testcase name="testIndexSearchFilteringByTime[2: com.dotcms.content.elasticsearch.business.ESContentFactoryImplTest$TestCase@7539371d]" classname="com.dotcms.content.elasticsearch.business.ESContentFactoryImplTest" time="2.036"/>
  <testcase name="testIndexSearchFilteringByTime[3: com.dotcms.content.elasticsearch.business.ESContentFactoryImplTest$TestCase@163c833]" classname="com.dotcms.content.elasticsearch.business.ESContentFactoryImplTest" time="2.035"/>
  <testcase name="testIndexSearchFilteringByTime[4: com.dotcms.content.elasticsearch.business.ESContentFactoryImplTest$TestCase@244c514f]" classname="com.dotcms.content.elasticsearch.business.ESContentFactoryImplTest" time="2.05"/>
  <testcase name="testIndexSearchFilteringByTime[5: com.dotcms.content.elasticsearch.business.ESContentFactoryImplTest$TestCase@712441e2]" classname="com.dotcms.content.elasticsearch.business.ESContentFactoryImplTest" time="2.028"/>
  <testcase name="test_translateQueryWithLicense" classname="com.dotcms.content.elasticsearch.business.ESContentFactoryImplTest" time="0.001"/>
  <testcase name="test_cached_es_query_response" classname="com.dotcms.content.elasticsearch.business.ESContentFactoryImplTest" time="1.629"/>
  <testcase name="findContentletByIdentifierAnyLanguageNoDefaultVersion" classname="com.dotcms.content.elasticsearch.business.ESContentFactoryImplTest" time="1.554"/>
  <testcase name="testScore" classname="com.dotcms.content.elasticsearch.business.ESContentFactoryImplTest" time="1.645"/>
  <testcase name="findAllVersionsWithOldVersions" classname="com.dotcms.content.elasticsearch.business.ESContentFactoryImplTest" time="4.489"/>
  <testcase name="test_findContentletByIdentifierAnyLanguageIncludeDeleted" classname="com.dotcms.content.elasticsearch.business.ESContentFactoryImplTest" time="1.984"/>
  <testcase name="test_findContentletByIdentifierAnyLanguage" classname="com.dotcms.content.elasticsearch.business.ESContentFactoryImplTest" time="1.775"/>
  <testcase name="Test_load_Json_Field" classname="com.dotcms.content.elasticsearch.business.ESContentFactoryImplTest" time="3.572"/>
  <testcase name="testDeleteVersion_KeepPermissions" classname="com.dotcms.content.elasticsearch.business.ESContentFactoryImplTest" time="2.247"/>
  <testcase name="test_cached_es_query_different_responses_for_all_params" classname="com.dotcms.content.elasticsearch.business.ESContentFactoryImplTest" time="2.573"/>
  <testcase name="test_translateQueryWithoutLicense" classname="com.dotcms.content.elasticsearch.business.ESContentFactoryImplTest" time="0.007"/>
  <testcase name="findAllVersions" classname="com.dotcms.content.elasticsearch.business.ESContentFactoryImplTest" time="2.171"/>
  <testcase name="findAllVersionsWithOldVersionsByVariant" classname="com.dotcms.content.elasticsearch.business.ESContentFactoryImplTest" time="8.005"/>
  <testcase name="Test_Setting_Track_Hits" classname="com.dotcms.content.elasticsearch.business.ESContentFactoryImplTest" time="0.001"/>
  <testcase name="test_trying_with_bad_sorts" classname="com.dotcms.content.elasticsearch.business.ESContentFactoryImplTest" time="0.013"/>
  <testcase name="test_dotAssets_persist_title_as_null" classname="com.dotcms.content.elasticsearch.business.ESContentFactoryImplTest" time="1.331"/>
  <testcase name="findAllVersionsWithNotOldVersions" classname="com.dotcms.content.elasticsearch.business.ESContentFactoryImplTest" time="3.738"/>
  <testcase name="saveContentlets" classname="com.dotcms.content.elasticsearch.business.ESContentFactoryImplTest" time="0.003"/>
  <testcase name="findContentlets" classname="com.dotcms.content.elasticsearch.business.ESContentFactoryImplTest" time="0.294"/>
  <testcase name="findDeletedContentletByIdentifierAnyLanguage" classname="com.dotcms.content.elasticsearch.business.ESContentFactoryImplTest" time="1.848"/>
  <testcase name="Test_Nulled_Out_Columns" classname="com.dotcms.content.elasticsearch.business.ESContentFactoryImplTest" time="3.592"/>
  <testcase name="test_findContentletByIdentifier" classname="com.dotcms.content.elasticsearch.business.ESContentFactoryImplTest" time="1.798"/>
  <testcase name="findAllVersionsByVariant" classname="com.dotcms.content.elasticsearch.business.ESContentFactoryImplTest" time="2.089"/>
  <testcase name="Test_TrackHits_SearchCount" classname="com.dotcms.content.elasticsearch.business.ESContentFactoryImplTest" time="4.342"/>
  <testcase name="testIndexSearchFilteringByDateTime[0: com.dotcms.content.elasticsearch.business.ESContentFactoryImplTest$TestCase@4d191104]" classname="com.dotcms.content.elasticsearch.business.ESContentFactoryImplTest" time="2.103"/>
  <testcase name="testIndexSearchFilteringByDateTime[1: com.dotcms.content.elasticsearch.business.ESContentFactoryImplTest$TestCase@52a47ac4]" classname="com.dotcms.content.elasticsearch.business.ESContentFactoryImplTest" time="2.045"/>
  <testcase name="testIndexSearchFilteringByDateTime[2: com.dotcms.content.elasticsearch.business.ESContentFactoryImplTest$TestCase@14a49ff6]" classname="com.dotcms.content.elasticsearch.business.ESContentFactoryImplTest" time="2.039"/>
  <testcase name="testIndexSearchFilteringByDateTime[3: com.dotcms.content.elasticsearch.business.ESContentFactoryImplTest$TestCase@47dcf7d1]" classname="com.dotcms.content.elasticsearch.business.ESContentFactoryImplTest" time="2.03"/>
  <testcase name="testIndexSearchFilteringByDateTime[4: com.dotcms.content.elasticsearch.business.ESContentFactoryImplTest$TestCase@42484f1f]" classname="com.dotcms.content.elasticsearch.business.ESContentFactoryImplTest" time="2.04"/>
  <testcase name="testIndexSearchFilteringByDateTime[5: com.dotcms.content.elasticsearch.business.ESContentFactoryImplTest$TestCase@334b7fc8]" classname="com.dotcms.content.elasticsearch.business.ESContentFactoryImplTest" time="2.036"/>
  <testcase name="testIndexSearchFilteringByDateTime[6: com.dotcms.content.elasticsearch.business.ESContentFactoryImplTest$TestCase@3a01d78]" classname="com.dotcms.content.elasticsearch.business.ESContentFactoryImplTest" time="2.038"/>
  <testcase name="testIndexSearchFilteringByDateTime[7: com.dotcms.content.elasticsearch.business.ESContentFactoryImplTest$TestCase@23e200a2]" classname="com.dotcms.content.elasticsearch.business.ESContentFactoryImplTest" time="2.037"/>
  <testcase name="testIndexSearchFilteringByDateTime[8: com.dotcms.content.elasticsearch.business.ESContentFactoryImplTest$TestCase@23528376]" classname="com.dotcms.content.elasticsearch.business.ESContentFactoryImplTest" time="2.038"/>
  <system-out><![CDATA[]]></system-out>
  <system-err><![CDATA[]]></system-err>
</testsuite>
