<?xml version="1.0" encoding="UTF-8"?>
<testsuite name="com.dotcms.security.apps.AppsAPIImplTest" tests="47" skipped="0" failures="0" errors="0" timestamp="2023-06-23T23:35:53" hostname="fv-az1259-189" time="21.6">
  <properties/>
  <testcase name="Test_AppKeyByHost_On_Index_Deactivation" classname="com.dotcms.security.apps.AppsAPIImplTest" time="1.233"/>
  <testcase name="Test_Add_System_File_Retrieve_Descriptors_Verify" classname="com.dotcms.security.apps.AppsAPIImplTest" time="0.042"/>
  <testcase name="Test_Save_Secrets_Then_Replace_Secret" classname="com.dotcms.security.apps.AppsAPIImplTest" time="0.998"/>
  <testcase name="Test_Delete_Secrets_On_Site_Delete" classname="com.dotcms.security.apps.AppsAPIImplTest" time="2.664"/>
  <testcase name="Test_Create_Offending_Secrets_Missing_Site_Then_Export_Them_Then_Import_Then_Save" classname="com.dotcms.security.apps.AppsAPIImplTest" time="2.371"/>
  <testcase name="Test_System_File_Has_Precedence" classname="com.dotcms.security.apps.AppsAPIImplTest" time="0.02"/>
  <testcase name="Test_Secret_Destroy_Method" classname="com.dotcms.security.apps.AppsAPIImplTest" time="0.001"/>
  <testcase name="Test_NPE_Free_ToString" classname="com.dotcms.security.apps.AppsAPIImplTest" time="0.004"/>
  <testcase name="Test_Save_Secrets_Then_Update_Single_Secret_Verify_Updated_Value" classname="com.dotcms.security.apps.AppsAPIImplTest" time="0.979"/>
  <testcase name="Test_Save_Secret_Expect_Event_Notification" classname="com.dotcms.security.apps.AppsAPIImplTest" time="3.004"/>
  <testcase name="Test_Get_Descriptor_With_Non_Valid_License" classname="com.dotcms.security.apps.AppsAPIImplTest" time="0.003"/>
  <testcase name="Test_Get_Secret_With_Non_Valid_License" classname="com.dotcms.security.apps.AppsAPIImplTest" time="0.002"/>
  <testcase name="Test_Secret_Integrity_Check_Expect_No_Warning" classname="com.dotcms.security.apps.AppsAPIImplTest" time="1.017"/>
  <testcase name="Test_Get_Apps_With_Non_Valid_License" classname="com.dotcms.security.apps.AppsAPIImplTest" time="0.002"/>
  <testcase name="Test_App_Descriptor_Validation_Expect_Validation_Exceptions[0: {&quot;allowExtraParameters&quot;:false,&quot;description&quot;:&quot;&quot;,&quot;iconUrl&quot;:&quot;&quot;,&quot;key&quot;:&quot;any-key&quot;,&quot;name&quot;:&quot;&quot;,&quot;params&quot;:{}}]" classname="com.dotcms.security.apps.AppsAPIImplTest" time="0.012"/>
  <testcase name="Test_App_Descriptor_Validation_Expect_Validation_Exceptions[1: {&quot;allowExtraParameters&quot;:false,&quot;description&quot;:&quot;&quot;,&quot;iconUrl&quot;:&quot;&quot;,&quot;key&quot;:&quot;any-key&quot;,&quot;name&quot;:&quot;any-name&quot;,&quot;params&quot;:{}}]" classname="com.dotcms.security.apps.AppsAPIImplTest" time="0.004"/>
  <testcase name="Test_App_Descriptor_Validation_Expect_Validation_Exceptions[2: {&quot;allowExtraParameters&quot;:false,&quot;description&quot;:&quot;desc&quot;,&quot;iconUrl&quot;:&quot;&quot;,&quot;key&quot;:&quot;any-key&quot;,&quot;name&quot;:&quot;any-name&quot;,&quot;params&quot;:{}}]" classname="com.dotcms.security.apps.AppsAPIImplTest" time="0.003"/>
  <testcase name="Test_App_Descriptor_Validation_Expect_Validation_Exceptions[3: {&quot;allowExtraParameters&quot;:false,&quot;description&quot;:&quot;desc&quot;,&quot;iconUrl&quot;:&quot;icon&quot;,&quot;key&quot;:&quot;any-key&quot;,&quot;name&quot;:&quot;any-name&quot;,&quot;params&quot;:{}}]" classname="com.dotcms.security.apps.AppsAPIImplTest" time="0.004"/>
  <testcase name="Test_App_Descriptor_Validation_Expect_Validation_Exceptions[4: {&quot;allowExtraParameters&quot;:false,&quot;description&quot;:&quot;desc&quot;,&quot;iconUrl&quot;:&quot;icon&quot;,&quot;key&quot;:&quot;uFw2hH5p89IchLUoHhoU5hT8nHdYEmdcs0GPAChBEAe9zOp72Pd0MBKJ1uv46&quot;,&quot;name&quot;:&quot;any-name&quot;,&quot;params&quot;:{}}]" classname="com.dotcms.security.apps.AppsAPIImplTest" time="0.004"/>
  <testcase name="Test_App_Descriptor_Validation_Expect_Validation_Exceptions[5: {&quot;allowExtraParameters&quot;:false,&quot;description&quot;:&quot;desc&quot;,&quot;iconUrl&quot;:&quot;icon&quot;,&quot;key&quot;:&quot;any-key&quot;,&quot;name&quot;:&quot;RobbmoS9nTKzr7LBSUlLcEokwSRQmaByiflUeSBsp6zLQIAMc9SEtRhd02slW&quot;,&quot;params&quot;:{}}]" classname="com.dotcms.security.apps.AppsAPIImplTest" time="0.004"/>
  <testcase name="Test_App_Descriptor_Validation_Expect_Validation_Exceptions[6: {&quot;allowExtraParameters&quot;:false,&quot;description&quot;:&quot;desc&quot;,&quot;iconUrl&quot;:&quot;icon&quot;,&quot;key&quot;:&quot;any-key&quot;,&quot;name&quot;:&quot;any-name&quot;,&quot;params&quot;:{&quot;p1&quot;:&quot;com.dotcms.security.apps.ParamDescriptor@10970&quot;}}]" classname="com.dotcms.security.apps.AppsAPIImplTest" time="0.004"/>
  <testcase name="Test_App_Descriptor_Validation_Expect_Validation_Exceptions[7: {&quot;allowExtraParameters&quot;:false,&quot;description&quot;:&quot;desc&quot;,&quot;iconUrl&quot;:&quot;icon&quot;,&quot;key&quot;:&quot;any-key&quot;,&quot;name&quot;:&quot;any-name&quot;,&quot;params&quot;:{&quot;p1&quot;:&quot;com.dotcms.security.apps.ParamDescriptor@657edfbb&quot;}}]" classname="com.dotcms.security.apps.AppsAPIImplTest" time="0.006"/>
  <testcase name="Test_App_Descriptor_Validation_Expect_Validation_Exceptions[8: {&quot;allowExtraParameters&quot;:false,&quot;description&quot;:&quot;desc&quot;,&quot;iconUrl&quot;:&quot;icon&quot;,&quot;key&quot;:&quot;any-key&quot;,&quot;name&quot;:&quot;any-name&quot;,&quot;params&quot;:{&quot;p1&quot;:&quot;com.dotcms.security.apps.ParamDescriptor@763317a5&quot;}}]" classname="com.dotcms.security.apps.AppsAPIImplTest" time="0.005"/>
  <testcase name="Test_App_Descriptor_Validation_Expect_Validation_Exceptions[9: {&quot;allowExtraParameters&quot;:false,&quot;description&quot;:&quot;desc&quot;,&quot;iconUrl&quot;:&quot;icon&quot;,&quot;key&quot;:&quot;any-key&quot;,&quot;name&quot;:&quot;any-name&quot;,&quot;params&quot;:{&quot;p1&quot;:&quot;com.dotcms.security.apps.ParamDescriptor@763317a5&quot;}}]" classname="com.dotcms.security.apps.AppsAPIImplTest" time="0.006"/>
  <testcase name="Test_App_Descriptor_Validation_Expect_Validation_Exceptions[10: {&quot;allowExtraParameters&quot;:false,&quot;description&quot;:&quot;desc&quot;,&quot;iconUrl&quot;:&quot;icon&quot;,&quot;key&quot;:&quot;any-key&quot;,&quot;name&quot;:&quot;any-name&quot;,&quot;params&quot;:{&quot;p1&quot;:&quot;com.dotcms.security.apps.ParamDescriptor@38553c6b&quot;}}]" classname="com.dotcms.security.apps.AppsAPIImplTest" time="0.004"/>
  <testcase name="Test_App_Descriptor_Validation_Expect_Validation_Exceptions[11: {&quot;allowExtraParameters&quot;:false,&quot;description&quot;:&quot;desc&quot;,&quot;iconUrl&quot;:&quot;icon&quot;,&quot;key&quot;:&quot;any-key&quot;,&quot;name&quot;:&quot;any-name&quot;,&quot;params&quot;:{&quot;p1&quot;:&quot;com.dotcms.security.apps.ParamDescriptor@6ba4d57e&quot;}}]" classname="com.dotcms.security.apps.AppsAPIImplTest" time="0.005"/>
  <testcase name="Test_App_Descriptor_Validation_Expect_Validation_Exceptions[12: {&quot;allowExtraParameters&quot;:false,&quot;description&quot;:&quot;desc&quot;,&quot;iconUrl&quot;:&quot;icon&quot;,&quot;key&quot;:&quot;any-key&quot;,&quot;name&quot;:&quot;any-name&quot;,&quot;params&quot;:{&quot;p1&quot;:&quot;com.dotcms.security.apps.ParamDescriptor@24e7a70d&quot;}}]" classname="com.dotcms.security.apps.AppsAPIImplTest" time="0.005"/>
  <testcase name="Test_App_Descriptor_Validation_Expect_Validation_Exceptions[13: {&quot;allowExtraParameters&quot;:false,&quot;description&quot;:&quot;desc&quot;,&quot;iconUrl&quot;:&quot;icon&quot;,&quot;key&quot;:&quot;any-key&quot;,&quot;name&quot;:&quot;any-name&quot;,&quot;params&quot;:{&quot;p1&quot;:&quot;com.dotcms.security.apps.ParamDescriptor@24e83cd8&quot;}}]" classname="com.dotcms.security.apps.AppsAPIImplTest" time="0.004"/>
  <testcase name="Test_File_Comparison_Is_Case_Sensitive" classname="com.dotcms.security.apps.AppsAPIImplTest" time="0.015"/>
  <testcase name="Test_Lookup_Fallback" classname="com.dotcms.security.apps.AppsAPIImplTest" time="0.934"/>
  <testcase name="Test_Non_Admin_User_Read_Attempt" classname="com.dotcms.security.apps.AppsAPIImplTest" time="0.007"/>
  <testcase name="Test_Get_Secret_fallbackOnSystemHost_With_Non_Valid_License" classname="com.dotcms.security.apps.AppsAPIImplTest" time="0.003"/>
  <testcase name="Test_Export_With_Non_Valid_License" classname="com.dotcms.security.apps.AppsAPIImplTest" time="0.002"/>
  <testcase name="Test_Create_Offending_Secrets_Missing_Descriptor_Then_Export_Them_Then_Import_Then_Save" classname="com.dotcms.security.apps.AppsAPIImplTest" time="1.073"/>
  <testcase name="Test_Create_Secrets_Then_Export_Them_Then_Import_Then_Save[0: test1687558603792.dotcms.com]" classname="com.dotcms.security.apps.AppsAPIImplTest" time="0.096"/>
  <testcase name="Test_Create_Secrets_Then_Export_Them_Then_Import_Then_Save[1: System Host]" classname="com.dotcms.security.apps.AppsAPIImplTest" time="0.092"/>
  <testcase name="Test_Secret_Integrity_Check_Expect_Warning" classname="com.dotcms.security.apps.AppsAPIImplTest" time="0.805"/>
  <testcase name="Test_Store_Json_Then_Recover_Decrypted_Then_Delete_Then_Verify_Its_Gone" classname="com.dotcms.security.apps.AppsAPIImplTest" time="1.01"/>
  <testcase name="Test_Non_Admin_User_With_Portlet_Read_Attempt" classname="com.dotcms.security.apps.AppsAPIImplTest" time="0.819"/>
  <testcase name="Test_App_Descriptor_Validation_Exception_Free[0: {&quot;allowExtraParameters&quot;:true,&quot;description&quot;:&quot;desc&quot;,&quot;iconUrl&quot;:&quot;icon&quot;,&quot;key&quot;:&quot;key1_1687558604971&quot;,&quot;name&quot;:&quot;any-name&quot;,&quot;params&quot;:{&quot;p1&quot;:&quot;com.dotcms.security.apps.ParamDescriptor@75fcbbea&quot;}}]" classname="com.dotcms.security.apps.AppsAPIImplTest" time="0.005"/>
  <testcase name="Test_App_Descriptor_Validation_Exception_Free[1: {&quot;allowExtraParameters&quot;:true,&quot;description&quot;:&quot;desc&quot;,&quot;iconUrl&quot;:&quot;icon&quot;,&quot;key&quot;:&quot;key2_1687558604971&quot;,&quot;name&quot;:&quot;any-name&quot;,&quot;params&quot;:{&quot;p1&quot;:&quot;com.dotcms.security.apps.ParamDescriptor@75fcbbea&quot;}}]" classname="com.dotcms.security.apps.AppsAPIImplTest" time="0.004"/>
  <testcase name="Test_App_Descriptor_Validation_Exception_Free[2: {&quot;allowExtraParameters&quot;:false,&quot;description&quot;:&quot;desc&quot;,&quot;iconUrl&quot;:&quot;icon&quot;,&quot;key&quot;:&quot;key3_1687558604971&quot;,&quot;name&quot;:&quot;any-name&quot;,&quot;params&quot;:{&quot;p1&quot;:&quot;com.dotcms.security.apps.ParamDescriptor@31ee2a83&quot;}}]" classname="com.dotcms.security.apps.AppsAPIImplTest" time="0.004"/>
  <testcase name="Test_App_Descriptor_Validation_Exception_Free[3: {&quot;allowExtraParameters&quot;:false,&quot;description&quot;:&quot;desc&quot;,&quot;iconUrl&quot;:&quot;icon&quot;,&quot;key&quot;:&quot;key4_1687558604971&quot;,&quot;name&quot;:&quot;any-name&quot;,&quot;params&quot;:{&quot;p1&quot;:&quot;com.dotcms.security.apps.ParamDescriptor@24e83cd8&quot;}}]" classname="com.dotcms.security.apps.AppsAPIImplTest" time="0.005"/>
  <testcase name="Test_Export_All_Secrets_For_System_Non_System_Sites" classname="com.dotcms.security.apps.AppsAPIImplTest" time="1.433"/>
  <testcase name="Test_Store_Json_On_Different_Sites_Then_Pull_Sites_By_Host_Verify_Match" classname="com.dotcms.security.apps.AppsAPIImplTest" time="1.837"/>
  <testcase name="Test_Save_Secrets_Then_Delete_Single_Secret_Entry_Then_Add_It_Again_With_New_Value_Then_Verify" classname="com.dotcms.security.apps.AppsAPIImplTest" time="0.979"/>
  <testcase name="Test_Import_With_Non_Valid_License" classname="com.dotcms.security.apps.AppsAPIImplTest" time="0.003"/>
  <system-out><![CDATA[]]></system-out>
  <system-err><![CDATA[]]></system-err>
</testsuite>
