<?xml version="1.0" encoding="UTF-8"?>
<testsuite name="com.dotmarketing.startup.StartupTasksExecutorDataTest" tests="2" skipped="0" failures="0" errors="0" timestamp="2023-06-28T19:00:08" hostname="fv-az255-362" time="0.029">
  <properties/>
  <testcase name="testStartupTasksExecutorExecuteDataUpgrades" classname="com.dotmarketing.startup.StartupTasksExecutorDataTest" time="0.017"/>
  <testcase name="testStartupTasksExecutorGetDataVersionTable" classname="com.dotmarketing.startup.StartupTasksExecutorDataTest" time="0.012"/>
  <system-out><![CDATA[]]></system-out>
  <system-err><![CDATA[]]></system-err>
</testsuite>
