<?xml version="1.0" encoding="UTF-8"?>
<testsuite name="com.dotmarketing.portlets.structure.model.ContentletRelationshipsTest" tests="7" skipped="0" failures="0" errors="0" timestamp="2023-07-20T20:27:25" hostname="fv-az1232-188" time="12.109">
  <properties/>
  <testcase name="testDoesAllowOnlyOne[0: com.dotmarketing.portlets.structure.model.ContentletRelationshipsTest$CardinalityTestCase@7b171901]" classname="com.dotmarketing.portlets.structure.model.ContentletRelationshipsTest" time="0.75"/>
  <testcase name="testDoesAllowOnlyOne[1: com.dotmarketing.portlets.structure.model.ContentletRelationshipsTest$CardinalityTestCase@4eefe05a]" classname="com.dotmarketing.portlets.structure.model.ContentletRelationshipsTest" time="0.745"/>
  <testcase name="testDoesAllowOnlyOne[2: com.dotmarketing.portlets.structure.model.ContentletRelationshipsTest$CardinalityTestCase@64e1a419]" classname="com.dotmarketing.portlets.structure.model.ContentletRelationshipsTest" time="0.735"/>
  <testcase name="testGetRelationshipRecords[0: com.dotmarketing.portlets.structure.model.ContentletRelationshipsTest$TestCase@1ed4dcb4]" classname="com.dotmarketing.portlets.structure.model.ContentletRelationshipsTest" time="2.63"/>
  <testcase name="testGetRelationshipRecords[1: com.dotmarketing.portlets.structure.model.ContentletRelationshipsTest$TestCase@5dc8017e]" classname="com.dotmarketing.portlets.structure.model.ContentletRelationshipsTest" time="2.508"/>
  <testcase name="testGetRelationshipRecords[2: com.dotmarketing.portlets.structure.model.ContentletRelationshipsTest$TestCase@6c94d7ad]" classname="com.dotmarketing.portlets.structure.model.ContentletRelationshipsTest" time="2.358"/>
  <testcase name="testGetRelationshipRecords[3: com.dotmarketing.portlets.structure.model.ContentletRelationshipsTest$TestCase@53c674a]" classname="com.dotmarketing.portlets.structure.model.ContentletRelationshipsTest" time="2.382"/>
  <system-out><![CDATA[]]></system-out>
  <system-err><![CDATA[]]></system-err>
</testsuite>
