<?xml version="1.0" encoding="UTF-8"?>
<testsuite name="com.dotcms.rest.api.v1.vtl.VTLResourceIntegrationTest" tests="6" skipped="0" failures="0" errors="0" timestamp="2023-06-27T01:32:42" hostname="fv-az419-343" time="7.98">
  <properties/>
  <testcase name="testGet[0: com.dotcms.rest.api.v1.vtl.VTLResourceTestCase@16cf22dc]" classname="com.dotcms.rest.api.v1.vtl.VTLResourceIntegrationTest" time="1.034"/>
  <testcase name="testGet[1: com.dotcms.rest.api.v1.vtl.VTLResourceTestCase@2245892]" classname="com.dotcms.rest.api.v1.vtl.VTLResourceIntegrationTest" time="1.021"/>
  <testcase name="testGet[2: com.dotcms.rest.api.v1.vtl.VTLResourceTestCase@5ea598a9]" classname="com.dotcms.rest.api.v1.vtl.VTLResourceIntegrationTest" time="1.04"/>
  <testcase name="testGet[3: com.dotcms.rest.api.v1.vtl.VTLResourceTestCase@26f694d6]" classname="com.dotcms.rest.api.v1.vtl.VTLResourceIntegrationTest" time="0.957"/>
  <testcase name="testGet[4: com.dotcms.rest.api.v1.vtl.VTLResourceTestCase@49c08b16]" classname="com.dotcms.rest.api.v1.vtl.VTLResourceIntegrationTest" time="1.962"/>
  <testcase name="testGet[5: com.dotcms.rest.api.v1.vtl.VTLResourceTestCase@6900ba74]" classname="com.dotcms.rest.api.v1.vtl.VTLResourceIntegrationTest" time="1.965"/>
  <system-out><![CDATA[]]></system-out>
  <system-err><![CDATA[]]></system-err>
</testsuite>
