<?xml version="1.0" encoding="UTF-8"?>
<testsuite name="com.dotmarketing.portlets.structure.model.ContentletRelationshipsTest" tests="7" skipped="0" failures="0" errors="0" timestamp="2023-07-08T01:01:49" hostname="fv-az166-981" time="9.483">
  <properties/>
  <testcase name="testDoesAllowOnlyOne[0: com.dotmarketing.portlets.structure.model.ContentletRelationshipsTest$CardinalityTestCase@65deb878]" classname="com.dotmarketing.portlets.structure.model.ContentletRelationshipsTest" time="0.557"/>
  <testcase name="testDoesAllowOnlyOne[1: com.dotmarketing.portlets.structure.model.ContentletRelationshipsTest$CardinalityTestCase@325229dc]" classname="com.dotmarketing.portlets.structure.model.ContentletRelationshipsTest" time="0.508"/>
  <testcase name="testDoesAllowOnlyOne[2: com.dotmarketing.portlets.structure.model.ContentletRelationshipsTest$CardinalityTestCase@53e32d9c]" classname="com.dotmarketing.portlets.structure.model.ContentletRelationshipsTest" time="0.501"/>
  <testcase name="testGetRelationshipRecords[0: com.dotmarketing.portlets.structure.model.ContentletRelationshipsTest$TestCase@4da2c38f]" classname="com.dotmarketing.portlets.structure.model.ContentletRelationshipsTest" time="2.105"/>
  <testcase name="testGetRelationshipRecords[1: com.dotmarketing.portlets.structure.model.ContentletRelationshipsTest$TestCase@5dafaf3b]" classname="com.dotmarketing.portlets.structure.model.ContentletRelationshipsTest" time="2.007"/>
  <testcase name="testGetRelationshipRecords[2: com.dotmarketing.portlets.structure.model.ContentletRelationshipsTest$TestCase@7e90719b]" classname="com.dotmarketing.portlets.structure.model.ContentletRelationshipsTest" time="1.859"/>
  <testcase name="testGetRelationshipRecords[3: com.dotmarketing.portlets.structure.model.ContentletRelationshipsTest$TestCase@34d53c18]" classname="com.dotmarketing.portlets.structure.model.ContentletRelationshipsTest" time="1.946"/>
  <system-out><![CDATA[]]></system-out>
  <system-err><![CDATA[]]></system-err>
</testsuite>
