<?xml version="1.0" encoding="UTF-8"?>
<testsuite name="com.dotmarketing.portlets.links.factories.LinkFactoryTest" tests="1" skipped="0" failures="0" errors="0" timestamp="2023-06-30T16:11:46" hostname="fv-az173-860" time="2.456">
  <properties/>
  <testcase name="testGetLinkChildrenByCondition" classname="com.dotmarketing.portlets.links.factories.LinkFactoryTest" time="2.456"/>
  <system-out><![CDATA[]]></system-out>
  <system-err><![CDATA[]]></system-err>
</testsuite>
