<?xml version="1.0" encoding="UTF-8"?>
<testsuite name="com.dotmarketing.startup.runonce.Task05350AddDotSaltClusterColumnTest" tests="1" skipped="0" failures="0" errors="0" timestamp="2023-07-10T22:20:46" hostname="fv-az351-324" time="0.011">
  <properties/>
  <testcase name="Test_UpgradeTask_Success" classname="com.dotmarketing.startup.runonce.Task05350AddDotSaltClusterColumnTest" time="0.011"/>
  <system-out><![CDATA[]]></system-out>
  <system-err><![CDATA[]]></system-err>
</testsuite>
