<?xml version="1.0" encoding="UTF-8"?>
<testsuite name="com.dotmarketing.startup.runonce.Task05350AddDotSaltClusterColumnTest" tests="1" skipped="0" failures="0" errors="0" timestamp="2023-06-26T19:31:32" hostname="fv-az341-169" time="0.01">
  <properties/>
  <testcase name="Test_UpgradeTask_Success" classname="com.dotmarketing.startup.runonce.Task05350AddDotSaltClusterColumnTest" time="0.01"/>
  <system-out><![CDATA[]]></system-out>
  <system-err><![CDATA[]]></system-err>
</testsuite>
