<?xml version="1.0" encoding="UTF-8"?>
<testsuite name="com.dotcms.contenttype.business.ContentTypeInitializerTest" tests="2" skipped="0" failures="0" errors="0" timestamp="2023-06-23T18:39:23" hostname="fv-az578-351" time="4.09">
  <properties/>
  <testcase name="test_system_field" classname="com.dotcms.contenttype.business.ContentTypeInitializerTest" time="4.056"/>
  <testcase name="test_content_type_init" classname="com.dotcms.contenttype.business.ContentTypeInitializerTest" time="0.034"/>
  <system-out><![CDATA[]]></system-out>
  <system-err><![CDATA[]]></system-err>
</testsuite>
