<?xml version="1.0" encoding="UTF-8"?>
<testsuite name="com.dotcms.util.RelationshipUtilTest" tests="3" skipped="0" failures="0" errors="0" timestamp="2023-06-27T14:44:13" hostname="fv-az574-602" time="3.349">
  <properties/>
  <testcase name="testFilterContentletWithIdentifierAndLuceneQuery" classname="com.dotcms.util.RelationshipUtilTest" time="1.758"/>
  <testcase name="testFilterContentletWithIdentifier" classname="com.dotcms.util.RelationshipUtilTest" time="1.578"/>
  <testcase name="testFilterContentletWithLuceneQuery" classname="com.dotcms.util.RelationshipUtilTest" time="0.012"/>
  <system-out><![CDATA[]]></system-out>
  <system-err><![CDATA[]]></system-err>
</testsuite>
