<?xml version="1.0" encoding="UTF-8"?>
<testsuite name="com.dotcms.publishing.PublisherAPITest" tests="10" skipped="0" failures="0" errors="0" timestamp="2023-07-07T18:39:39" hostname="fv-az622-57" time="7.846">
  <properties/>
  <testcase name="test_getFiltersByRole_CMSAdmin_returnAllFilters" classname="com.dotcms.publishing.PublisherAPITest" time="0.824"/>
  <testcase name="test_getFiltersByRole_nonCMSAdmin_RoleHierarchy" classname="com.dotcms.publishing.PublisherAPITest" time="3.329"/>
  <testcase name="test_getFiltersByRole_nonCMSAdmin_userId" classname="com.dotcms.publishing.PublisherAPITest" time="0.817"/>
  <testcase name="test_getFilterDescriptorByKey_emptyKey_returnDefaultFilter" classname="com.dotcms.publishing.PublisherAPITest" time="0.007"/>
  <testcase name="test_addFilter_success" classname="com.dotcms.publishing.PublisherAPITest" time="0.038"/>
  <testcase name="test_createPublisherFilter_withAllFilters" classname="com.dotcms.publishing.PublisherAPITest" time="0.442"/>
  <testcase name="test_getFilterDescriptorByKey_success" classname="com.dotcms.publishing.PublisherAPITest" time="0.002"/>
  <testcase name="test_createPublisherFilter_withSomeFilters" classname="com.dotcms.publishing.PublisherAPITest" time="0.004"/>
  <testcase name="test_publish_fail_retry" classname="com.dotcms.publishing.PublisherAPITest" time="2.382"/>
  <testcase name="test_getFilterDescriptorByKey_filterKeyDoesNotExist_returnDefaultFilter" classname="com.dotcms.publishing.PublisherAPITest" time="0.001"/>
  <system-out><![CDATA[

]]></system-out>
  <system-err><![CDATA[]]></system-err>
</testsuite>
