<?xml version="1.0" encoding="UTF-8"?>
<testsuite name="com.dotcms.util.RelationshipUtilTest" tests="3" skipped="0" failures="0" errors="0" timestamp="2023-06-26T15:38:47" hostname="fv-az455-440" time="2.972">
  <properties/>
  <testcase name="testFilterContentletWithIdentifierAndLuceneQuery" classname="com.dotcms.util.RelationshipUtilTest" time="1.512"/>
  <testcase name="testFilterContentletWithIdentifier" classname="com.dotcms.util.RelationshipUtilTest" time="1.449"/>
  <testcase name="testFilterContentletWithLuceneQuery" classname="com.dotcms.util.RelationshipUtilTest" time="0.011"/>
  <system-out><![CDATA[]]></system-out>
  <system-err><![CDATA[]]></system-err>
</testsuite>
