<?xml version="1.0" encoding="UTF-8"?>
<testsuite name="com.dotmarketing.portlets.contentlet.business.ContentletCheckInTest" tests="11" skipped="0" failures="0" errors="0" timestamp="2023-06-29T17:16:23" hostname="fv-az615-773" time="14.547">
  <properties/>
  <testcase name="test_checkinContentlet_RelationshipToItself_throwsDotContentletValidationException" classname="com.dotmarketing.portlets.contentlet.business.ContentletCheckInTest" time="1.921"/>
  <testcase name="test_checkinContentlet_RelationshipManyToManyCardinality_Success" classname="com.dotmarketing.portlets.contentlet.business.ContentletCheckInTest" time="0.835"/>
  <testcase name="test_checkinContentlet_relationshipOneToOneCardinality_fails_whenRelatedChildBelongsToAnotherRelationship" classname="com.dotmarketing.portlets.contentlet.business.ContentletCheckInTest" time="1.903"/>
  <testcase name="publish_content_anonymously" classname="com.dotmarketing.portlets.contentlet.business.ContentletCheckInTest" time="0.197"/>
  <testcase name="test_checkinContentlet_RelationshipOneToManyCardinality_Success" classname="com.dotmarketing.portlets.contentlet.business.ContentletCheckInTest" time="1.745"/>
  <testcase name="test_checkinContentlet_relationshipOneToOneCardinality_fails_whenRelatedParentBelongsToAnotherRelationship" classname="com.dotmarketing.portlets.contentlet.business.ContentletCheckInTest" time="1.899"/>
  <testcase name="test_checkinContentlet_RelationshipOneToManyCardinality_throwsDotContentletValidationException" classname="com.dotmarketing.portlets.contentlet.business.ContentletCheckInTest" time="2.129"/>
  <testcase name="test_checkinContentlet_RelationshipOneToOneCardinality_Success" classname="com.dotmarketing.portlets.contentlet.business.ContentletCheckInTest" time="1.54"/>
  <testcase name="test_checkinContentlet_relationshipOneToOneCardinality_fails_whenRelatingMoreThanOneContentlet" classname="com.dotmarketing.portlets.contentlet.business.ContentletCheckInTest" time="0.745"/>
  <testcase name="checkin_content_anonymously" classname="com.dotmarketing.portlets.contentlet.business.ContentletCheckInTest" time="0.063"/>
  <testcase name="checkinInvalidFileContent" classname="com.dotmarketing.portlets.contentlet.business.ContentletCheckInTest" time="1.569"/>
  <system-out><![CDATA[]]></system-out>
  <system-err><![CDATA[]]></system-err>
</testsuite>
