<?xml version="1.0" encoding="UTF-8"?>
<testsuite name="com.dotcms.analytics.metrics.QueryParameterValuesTransformerTest" tests="1" skipped="0" failures="0" errors="0" timestamp="2023-07-21T18:38:33" hostname="fv-az449-560" time="0.007">
  <properties/>
  <testcase name="transformQueryParamsValues" classname="com.dotcms.analytics.metrics.QueryParameterValuesTransformerTest" time="0.007"/>
  <system-out><![CDATA[]]></system-out>
  <system-err><![CDATA[]]></system-err>
</testsuite>
