<?xml version="1.0" encoding="UTF-8"?>
<testsuite name="com.dotcms.enterprise.publishing.staticpublishing.StaticPublisherIntegrationTest" tests="64" skipped="0" failures="0" errors="0" timestamp="2023-06-28T17:59:33" hostname="fv-az440-364" time="35.205">
  <properties/>
  <testcase name="createStaticBundle[0: com.dotcms.enterprise.publishing.staticpublishing.StaticPublisherIntegrationTestHelper$TestCase@66ddef81]" classname="com.dotcms.enterprise.publishing.staticpublishing.StaticPublisherIntegrationTest" time="0.612"/>
  <testcase name="createStaticBundle[1: com.dotcms.enterprise.publishing.staticpublishing.StaticPublisherIntegrationTestHelper$TestCase@4fdad41d]" classname="com.dotcms.enterprise.publishing.staticpublishing.StaticPublisherIntegrationTest" time="0.145"/>
  <testcase name="createStaticBundle[2: com.dotcms.enterprise.publishing.staticpublishing.StaticPublisherIntegrationTestHelper$TestCase@34e54277]" classname="com.dotcms.enterprise.publishing.staticpublishing.StaticPublisherIntegrationTest" time="1.174"/>
  <testcase name="createStaticBundle[3: com.dotcms.enterprise.publishing.staticpublishing.StaticPublisherIntegrationTestHelper$TestCase@2c0eadcc]" classname="com.dotcms.enterprise.publishing.staticpublishing.StaticPublisherIntegrationTest" time="1.055"/>
  <testcase name="createStaticBundle[4: com.dotcms.enterprise.publishing.staticpublishing.StaticPublisherIntegrationTestHelper$TestCase@2526ee2b]" classname="com.dotcms.enterprise.publishing.staticpublishing.StaticPublisherIntegrationTest" time="1.207"/>
  <testcase name="createStaticBundle[5: com.dotcms.enterprise.publishing.staticpublishing.StaticPublisherIntegrationTestHelper$TestCase@3c45bcae]" classname="com.dotcms.enterprise.publishing.staticpublishing.StaticPublisherIntegrationTest" time="1.552"/>
  <testcase name="createStaticBundle[6: com.dotcms.enterprise.publishing.staticpublishing.StaticPublisherIntegrationTestHelper$TestCase@22ada7ab]" classname="com.dotcms.enterprise.publishing.staticpublishing.StaticPublisherIntegrationTest" time="1.044"/>
  <testcase name="createStaticBundle[7: com.dotcms.enterprise.publishing.staticpublishing.StaticPublisherIntegrationTestHelper$TestCase@7b941eff]" classname="com.dotcms.enterprise.publishing.staticpublishing.StaticPublisherIntegrationTest" time="0.901"/>
  <testcase name="createStaticBundle[8: com.dotcms.enterprise.publishing.staticpublishing.StaticPublisherIntegrationTestHelper$TestCase@6951e010]" classname="com.dotcms.enterprise.publishing.staticpublishing.StaticPublisherIntegrationTest" time="0.837"/>
  <testcase name="createStaticBundle[9: com.dotcms.enterprise.publishing.staticpublishing.StaticPublisherIntegrationTestHelper$TestCase@78608158]" classname="com.dotcms.enterprise.publishing.staticpublishing.StaticPublisherIntegrationTest" time="0.805"/>
  <testcase name="createStaticBundle[10: com.dotcms.enterprise.publishing.staticpublishing.StaticPublisherIntegrationTestHelper$TestCase@373ff100]" classname="com.dotcms.enterprise.publishing.staticpublishing.StaticPublisherIntegrationTest" time="0.84"/>
  <testcase name="createStaticBundle[11: com.dotcms.enterprise.publishing.staticpublishing.StaticPublisherIntegrationTestHelper$TestCase@6c0772fe]" classname="com.dotcms.enterprise.publishing.staticpublishing.StaticPublisherIntegrationTest" time="0.025"/>
  <testcase name="createStaticBundle[12: com.dotcms.enterprise.publishing.staticpublishing.StaticPublisherIntegrationTestHelper$TestCase@ab04e0e]" classname="com.dotcms.enterprise.publishing.staticpublishing.StaticPublisherIntegrationTest" time="0.818"/>
  <testcase name="createStaticBundle[13: com.dotcms.enterprise.publishing.staticpublishing.StaticPublisherIntegrationTestHelper$TestCase@76267441]" classname="com.dotcms.enterprise.publishing.staticpublishing.StaticPublisherIntegrationTest" time="0.882"/>
  <testcase name="createStaticBundle[14: com.dotcms.enterprise.publishing.staticpublishing.StaticPublisherIntegrationTestHelper$TestCase@3e593c74]" classname="com.dotcms.enterprise.publishing.staticpublishing.StaticPublisherIntegrationTest" time="1.048"/>
  <testcase name="createStaticBundle[15: com.dotcms.enterprise.publishing.staticpublishing.StaticPublisherIntegrationTestHelper$TestCase@699e39c3]" classname="com.dotcms.enterprise.publishing.staticpublishing.StaticPublisherIntegrationTest" time="1.005"/>
  <testcase name="createStaticBundle[16: com.dotcms.enterprise.publishing.staticpublishing.StaticPublisherIntegrationTestHelper$TestCase@6156dac0]" classname="com.dotcms.enterprise.publishing.staticpublishing.StaticPublisherIntegrationTest" time="0.78"/>
  <testcase name="createStaticBundle[17: com.dotcms.enterprise.publishing.staticpublishing.StaticPublisherIntegrationTestHelper$TestCase@34e54277]" classname="com.dotcms.enterprise.publishing.staticpublishing.StaticPublisherIntegrationTest" time="0.839"/>
  <testcase name="createStaticBundle[18: com.dotcms.enterprise.publishing.staticpublishing.StaticPublisherIntegrationTestHelper$TestCase@2c0eadcc]" classname="com.dotcms.enterprise.publishing.staticpublishing.StaticPublisherIntegrationTest" time="0.664"/>
  <testcase name="createStaticBundle[19: com.dotcms.enterprise.publishing.staticpublishing.StaticPublisherIntegrationTestHelper$TestCase@2526ee2b]" classname="com.dotcms.enterprise.publishing.staticpublishing.StaticPublisherIntegrationTest" time="0.26"/>
  <testcase name="createStaticBundle[20: com.dotcms.enterprise.publishing.staticpublishing.StaticPublisherIntegrationTestHelper$TestCase@3c45bcae]" classname="com.dotcms.enterprise.publishing.staticpublishing.StaticPublisherIntegrationTest" time="0.188"/>
  <testcase name="createStaticBundle[21: com.dotcms.enterprise.publishing.staticpublishing.StaticPublisherIntegrationTestHelper$TestCase@22ada7ab]" classname="com.dotcms.enterprise.publishing.staticpublishing.StaticPublisherIntegrationTest" time="0.146"/>
  <testcase name="createStaticBundle[22: com.dotcms.enterprise.publishing.staticpublishing.StaticPublisherIntegrationTestHelper$TestCase@7b941eff]" classname="com.dotcms.enterprise.publishing.staticpublishing.StaticPublisherIntegrationTest" time="0.132"/>
  <testcase name="createStaticBundle[23: com.dotcms.enterprise.publishing.staticpublishing.StaticPublisherIntegrationTestHelper$TestCase@6951e010]" classname="com.dotcms.enterprise.publishing.staticpublishing.StaticPublisherIntegrationTest" time="0.557"/>
  <testcase name="createStaticBundle[24: com.dotcms.enterprise.publishing.staticpublishing.StaticPublisherIntegrationTestHelper$TestCase@78608158]" classname="com.dotcms.enterprise.publishing.staticpublishing.StaticPublisherIntegrationTest" time="0.687"/>
  <testcase name="createStaticBundle[25: com.dotcms.enterprise.publishing.staticpublishing.StaticPublisherIntegrationTestHelper$TestCase@373ff100]" classname="com.dotcms.enterprise.publishing.staticpublishing.StaticPublisherIntegrationTest" time="0.694"/>
  <testcase name="createStaticBundle[26: com.dotcms.enterprise.publishing.staticpublishing.StaticPublisherIntegrationTestHelper$TestCase@6c0772fe]" classname="com.dotcms.enterprise.publishing.staticpublishing.StaticPublisherIntegrationTest" time="0.026"/>
  <testcase name="createStaticBundle[27: com.dotcms.enterprise.publishing.staticpublishing.StaticPublisherIntegrationTestHelper$TestCase@ab04e0e]" classname="com.dotcms.enterprise.publishing.staticpublishing.StaticPublisherIntegrationTest" time="0.68"/>
  <testcase name="createStaticBundle[28: com.dotcms.enterprise.publishing.staticpublishing.StaticPublisherIntegrationTestHelper$TestCase@76267441]" classname="com.dotcms.enterprise.publishing.staticpublishing.StaticPublisherIntegrationTest" time="0.677"/>
  <testcase name="createStaticBundle[29: com.dotcms.enterprise.publishing.staticpublishing.StaticPublisherIntegrationTestHelper$TestCase@3e593c74]" classname="com.dotcms.enterprise.publishing.staticpublishing.StaticPublisherIntegrationTest" time="0.731"/>
  <testcase name="createStaticBundle[30: com.dotcms.enterprise.publishing.staticpublishing.StaticPublisherIntegrationTestHelper$TestCase@699e39c3]" classname="com.dotcms.enterprise.publishing.staticpublishing.StaticPublisherIntegrationTest" time="0.778"/>
  <testcase name="createStaticBundle[31: com.dotcms.enterprise.publishing.staticpublishing.StaticPublisherIntegrationTestHelper$TestCase@6156dac0]" classname="com.dotcms.enterprise.publishing.staticpublishing.StaticPublisherIntegrationTest" time="0.651"/>
  <testcase name="createStaticBundleWithUnPublishOperation[0: com.dotcms.enterprise.publishing.staticpublishing.StaticPublisherIntegrationTestHelper$TestCase@66ddef81]" classname="com.dotcms.enterprise.publishing.staticpublishing.StaticPublisherIntegrationTest" time="0.05"/>
  <testcase name="createStaticBundleWithUnPublishOperation[1: com.dotcms.enterprise.publishing.staticpublishing.StaticPublisherIntegrationTestHelper$TestCase@4fdad41d]" classname="com.dotcms.enterprise.publishing.staticpublishing.StaticPublisherIntegrationTest" time="0.033"/>
  <testcase name="createStaticBundleWithUnPublishOperation[2: com.dotcms.enterprise.publishing.staticpublishing.StaticPublisherIntegrationTestHelper$TestCase@34e54277]" classname="com.dotcms.enterprise.publishing.staticpublishing.StaticPublisherIntegrationTest" time="0.624"/>
  <testcase name="createStaticBundleWithUnPublishOperation[3: com.dotcms.enterprise.publishing.staticpublishing.StaticPublisherIntegrationTestHelper$TestCase@2c0eadcc]" classname="com.dotcms.enterprise.publishing.staticpublishing.StaticPublisherIntegrationTest" time="0.552"/>
  <testcase name="createStaticBundleWithUnPublishOperation[4: com.dotcms.enterprise.publishing.staticpublishing.StaticPublisherIntegrationTestHelper$TestCase@2526ee2b]" classname="com.dotcms.enterprise.publishing.staticpublishing.StaticPublisherIntegrationTest" time="0.276"/>
  <testcase name="createStaticBundleWithUnPublishOperation[5: com.dotcms.enterprise.publishing.staticpublishing.StaticPublisherIntegrationTestHelper$TestCase@3c45bcae]" classname="com.dotcms.enterprise.publishing.staticpublishing.StaticPublisherIntegrationTest" time="0.179"/>
  <testcase name="createStaticBundleWithUnPublishOperation[6: com.dotcms.enterprise.publishing.staticpublishing.StaticPublisherIntegrationTestHelper$TestCase@22ada7ab]" classname="com.dotcms.enterprise.publishing.staticpublishing.StaticPublisherIntegrationTest" time="0.215"/>
  <testcase name="createStaticBundleWithUnPublishOperation[7: com.dotcms.enterprise.publishing.staticpublishing.StaticPublisherIntegrationTestHelper$TestCase@7b941eff]" classname="com.dotcms.enterprise.publishing.staticpublishing.StaticPublisherIntegrationTest" time="0.216"/>
  <testcase name="createStaticBundleWithUnPublishOperation[8: com.dotcms.enterprise.publishing.staticpublishing.StaticPublisherIntegrationTestHelper$TestCase@6951e010]" classname="com.dotcms.enterprise.publishing.staticpublishing.StaticPublisherIntegrationTest" time="0.53"/>
  <testcase name="createStaticBundleWithUnPublishOperation[9: com.dotcms.enterprise.publishing.staticpublishing.StaticPublisherIntegrationTestHelper$TestCase@78608158]" classname="com.dotcms.enterprise.publishing.staticpublishing.StaticPublisherIntegrationTest" time="0.648"/>
  <testcase name="createStaticBundleWithUnPublishOperation[10: com.dotcms.enterprise.publishing.staticpublishing.StaticPublisherIntegrationTestHelper$TestCase@373ff100]" classname="com.dotcms.enterprise.publishing.staticpublishing.StaticPublisherIntegrationTest" time="0.68"/>
  <testcase name="createStaticBundleWithUnPublishOperation[11: com.dotcms.enterprise.publishing.staticpublishing.StaticPublisherIntegrationTestHelper$TestCase@6c0772fe]" classname="com.dotcms.enterprise.publishing.staticpublishing.StaticPublisherIntegrationTest" time="0.012"/>
  <testcase name="createStaticBundleWithUnPublishOperation[12: com.dotcms.enterprise.publishing.staticpublishing.StaticPublisherIntegrationTestHelper$TestCase@ab04e0e]" classname="com.dotcms.enterprise.publishing.staticpublishing.StaticPublisherIntegrationTest" time="0.499"/>
  <testcase name="createStaticBundleWithUnPublishOperation[13: com.dotcms.enterprise.publishing.staticpublishing.StaticPublisherIntegrationTestHelper$TestCase@76267441]" classname="com.dotcms.enterprise.publishing.staticpublishing.StaticPublisherIntegrationTest" time="0.531"/>
  <testcase name="createStaticBundleWithUnPublishOperation[14: com.dotcms.enterprise.publishing.staticpublishing.StaticPublisherIntegrationTestHelper$TestCase@3e593c74]" classname="com.dotcms.enterprise.publishing.staticpublishing.StaticPublisherIntegrationTest" time="0.628"/>
  <testcase name="createStaticBundleWithUnPublishOperation[15: com.dotcms.enterprise.publishing.staticpublishing.StaticPublisherIntegrationTestHelper$TestCase@699e39c3]" classname="com.dotcms.enterprise.publishing.staticpublishing.StaticPublisherIntegrationTest" time="0.478"/>
  <testcase name="createStaticBundleWithUnPublishOperation[16: com.dotcms.enterprise.publishing.staticpublishing.StaticPublisherIntegrationTestHelper$TestCase@6156dac0]" classname="com.dotcms.enterprise.publishing.staticpublishing.StaticPublisherIntegrationTest" time="0.547"/>
  <testcase name="createStaticBundleWithUnPublishOperation[17: com.dotcms.enterprise.publishing.staticpublishing.StaticPublisherIntegrationTestHelper$TestCase@34e54277]" classname="com.dotcms.enterprise.publishing.staticpublishing.StaticPublisherIntegrationTest" time="0.575"/>
  <testcase name="createStaticBundleWithUnPublishOperation[18: com.dotcms.enterprise.publishing.staticpublishing.StaticPublisherIntegrationTestHelper$TestCase@2c0eadcc]" classname="com.dotcms.enterprise.publishing.staticpublishing.StaticPublisherIntegrationTest" time="0.526"/>
  <testcase name="createStaticBundleWithUnPublishOperation[19: com.dotcms.enterprise.publishing.staticpublishing.StaticPublisherIntegrationTestHelper$TestCase@2526ee2b]" classname="com.dotcms.enterprise.publishing.staticpublishing.StaticPublisherIntegrationTest" time="0.392"/>
  <testcase name="createStaticBundleWithUnPublishOperation[20: com.dotcms.enterprise.publishing.staticpublishing.StaticPublisherIntegrationTestHelper$TestCase@3c45bcae]" classname="com.dotcms.enterprise.publishing.staticpublishing.StaticPublisherIntegrationTest" time="0.218"/>
  <testcase name="createStaticBundleWithUnPublishOperation[21: com.dotcms.enterprise.publishing.staticpublishing.StaticPublisherIntegrationTestHelper$TestCase@22ada7ab]" classname="com.dotcms.enterprise.publishing.staticpublishing.StaticPublisherIntegrationTest" time="0.188"/>
  <testcase name="createStaticBundleWithUnPublishOperation[22: com.dotcms.enterprise.publishing.staticpublishing.StaticPublisherIntegrationTestHelper$TestCase@7b941eff]" classname="com.dotcms.enterprise.publishing.staticpublishing.StaticPublisherIntegrationTest" time="0.255"/>
  <testcase name="createStaticBundleWithUnPublishOperation[23: com.dotcms.enterprise.publishing.staticpublishing.StaticPublisherIntegrationTestHelper$TestCase@6951e010]" classname="com.dotcms.enterprise.publishing.staticpublishing.StaticPublisherIntegrationTest" time="0.505"/>
  <testcase name="createStaticBundleWithUnPublishOperation[24: com.dotcms.enterprise.publishing.staticpublishing.StaticPublisherIntegrationTestHelper$TestCase@78608158]" classname="com.dotcms.enterprise.publishing.staticpublishing.StaticPublisherIntegrationTest" time="0.52"/>
  <testcase name="createStaticBundleWithUnPublishOperation[25: com.dotcms.enterprise.publishing.staticpublishing.StaticPublisherIntegrationTestHelper$TestCase@373ff100]" classname="com.dotcms.enterprise.publishing.staticpublishing.StaticPublisherIntegrationTest" time="0.46"/>
  <testcase name="createStaticBundleWithUnPublishOperation[26: com.dotcms.enterprise.publishing.staticpublishing.StaticPublisherIntegrationTestHelper$TestCase@6c0772fe]" classname="com.dotcms.enterprise.publishing.staticpublishing.StaticPublisherIntegrationTest" time="0.011"/>
  <testcase name="createStaticBundleWithUnPublishOperation[27: com.dotcms.enterprise.publishing.staticpublishing.StaticPublisherIntegrationTestHelper$TestCase@ab04e0e]" classname="com.dotcms.enterprise.publishing.staticpublishing.StaticPublisherIntegrationTest" time="0.484"/>
  <testcase name="createStaticBundleWithUnPublishOperation[28: com.dotcms.enterprise.publishing.staticpublishing.StaticPublisherIntegrationTestHelper$TestCase@76267441]" classname="com.dotcms.enterprise.publishing.staticpublishing.StaticPublisherIntegrationTest" time="0.495"/>
  <testcase name="createStaticBundleWithUnPublishOperation[29: com.dotcms.enterprise.publishing.staticpublishing.StaticPublisherIntegrationTestHelper$TestCase@3e593c74]" classname="com.dotcms.enterprise.publishing.staticpublishing.StaticPublisherIntegrationTest" time="0.463"/>
  <testcase name="createStaticBundleWithUnPublishOperation[30: com.dotcms.enterprise.publishing.staticpublishing.StaticPublisherIntegrationTestHelper$TestCase@699e39c3]" classname="com.dotcms.enterprise.publishing.staticpublishing.StaticPublisherIntegrationTest" time="0.42"/>
  <testcase name="createStaticBundleWithUnPublishOperation[31: com.dotcms.enterprise.publishing.staticpublishing.StaticPublisherIntegrationTestHelper$TestCase@6156dac0]" classname="com.dotcms.enterprise.publishing.staticpublishing.StaticPublisherIntegrationTest" time="0.51"/>
  <system-out><![CDATA[































































]]></system-out>
  <system-err><![CDATA[]]></system-err>
</testsuite>
