<?xml version="1.0" encoding="UTF-8"?>
<testsuite name="com.dotmarketing.portlets.structure.model.ContentletRelationshipsTest" tests="7" skipped="0" failures="0" errors="0" timestamp="2023-07-18T17:04:45" hostname="fv-az370-360" time="8.274">
  <properties/>
  <testcase name="testDoesAllowOnlyOne[0: com.dotmarketing.portlets.structure.model.ContentletRelationshipsTest$CardinalityTestCase@2a0d9586]" classname="com.dotmarketing.portlets.structure.model.ContentletRelationshipsTest" time="0.43"/>
  <testcase name="testDoesAllowOnlyOne[1: com.dotmarketing.portlets.structure.model.ContentletRelationshipsTest$CardinalityTestCase@349c5977]" classname="com.dotmarketing.portlets.structure.model.ContentletRelationshipsTest" time="0.431"/>
  <testcase name="testDoesAllowOnlyOne[2: com.dotmarketing.portlets.structure.model.ContentletRelationshipsTest$CardinalityTestCase@6289f339]" classname="com.dotmarketing.portlets.structure.model.ContentletRelationshipsTest" time="0.39"/>
  <testcase name="testGetRelationshipRecords[0: com.dotmarketing.portlets.structure.model.ContentletRelationshipsTest$TestCase@69d1443]" classname="com.dotmarketing.portlets.structure.model.ContentletRelationshipsTest" time="1.852"/>
  <testcase name="testGetRelationshipRecords[1: com.dotmarketing.portlets.structure.model.ContentletRelationshipsTest$TestCase@407a10b3]" classname="com.dotmarketing.portlets.structure.model.ContentletRelationshipsTest" time="1.813"/>
  <testcase name="testGetRelationshipRecords[2: com.dotmarketing.portlets.structure.model.ContentletRelationshipsTest$TestCase@16fbae2a]" classname="com.dotmarketing.portlets.structure.model.ContentletRelationshipsTest" time="1.667"/>
  <testcase name="testGetRelationshipRecords[3: com.dotmarketing.portlets.structure.model.ContentletRelationshipsTest$TestCase@3b4697f7]" classname="com.dotmarketing.portlets.structure.model.ContentletRelationshipsTest" time="1.691"/>
  <system-out><![CDATA[]]></system-out>
  <system-err><![CDATA[]]></system-err>
</testsuite>
