<?xml version="1.0" encoding="UTF-8"?>
<testsuite name="com.dotmarketing.portlets.structure.model.ContentletRelationshipsTest" tests="7" skipped="0" failures="0" errors="0" timestamp="2023-06-30T17:22:09" hostname="fv-az797-168" time="8.274">
  <properties/>
  <testcase name="testDoesAllowOnlyOne[0: com.dotmarketing.portlets.structure.model.ContentletRelationshipsTest$CardinalityTestCase@71d05065]" classname="com.dotmarketing.portlets.structure.model.ContentletRelationshipsTest" time="0.416"/>
  <testcase name="testDoesAllowOnlyOne[1: com.dotmarketing.portlets.structure.model.ContentletRelationshipsTest$CardinalityTestCase@32b9d7f2]" classname="com.dotmarketing.portlets.structure.model.ContentletRelationshipsTest" time="0.39"/>
  <testcase name="testDoesAllowOnlyOne[2: com.dotmarketing.portlets.structure.model.ContentletRelationshipsTest$CardinalityTestCase@51887530]" classname="com.dotmarketing.portlets.structure.model.ContentletRelationshipsTest" time="0.391"/>
  <testcase name="testGetRelationshipRecords[0: com.dotmarketing.portlets.structure.model.ContentletRelationshipsTest$TestCase@4f60ac01]" classname="com.dotmarketing.portlets.structure.model.ContentletRelationshipsTest" time="1.908"/>
  <testcase name="testGetRelationshipRecords[1: com.dotmarketing.portlets.structure.model.ContentletRelationshipsTest$TestCase@3c408ef0]" classname="com.dotmarketing.portlets.structure.model.ContentletRelationshipsTest" time="1.777"/>
  <testcase name="testGetRelationshipRecords[2: com.dotmarketing.portlets.structure.model.ContentletRelationshipsTest$TestCase@403ac8cd]" classname="com.dotmarketing.portlets.structure.model.ContentletRelationshipsTest" time="1.69"/>
  <testcase name="testGetRelationshipRecords[3: com.dotmarketing.portlets.structure.model.ContentletRelationshipsTest$TestCase@5289140f]" classname="com.dotmarketing.portlets.structure.model.ContentletRelationshipsTest" time="1.702"/>
  <system-out><![CDATA[]]></system-out>
  <system-err><![CDATA[]]></system-err>
</testsuite>
