<?xml version="1.0" encoding="UTF-8"?>
<testsuite name="com.dotcms.rest.TagResourceIntegrationTest" tests="4" skipped="0" failures="0" errors="0" timestamp="2023-06-30T23:16:34" hostname="fv-az449-126" time="0.276">
  <properties/>
  <testcase name="testList[0: com.dotcms.rest.TagResourceTestCase@38ac92f]" classname="com.dotcms.rest.TagResourceIntegrationTest" time="0.227"/>
  <testcase name="testList[1: com.dotcms.rest.TagResourceTestCase@54e77ce8]" classname="com.dotcms.rest.TagResourceIntegrationTest" time="0.018"/>
  <testcase name="testList[2: com.dotcms.rest.TagResourceTestCase@69ea30a5]" classname="com.dotcms.rest.TagResourceIntegrationTest" time="0.014"/>
  <testcase name="testList[3: com.dotcms.rest.TagResourceTestCase@34a02716]" classname="com.dotcms.rest.TagResourceIntegrationTest" time="0.017"/>
  <system-out><![CDATA[]]></system-out>
  <system-err><![CDATA[Jun 30, 2023 11:16:34 PM com.dotcms.repackage.org.hibernate.validator.internal.util.Version <clinit>
INFO: HV000001: Hibernate Validator 4.3.2.Final
]]></system-err>
</testsuite>
