<?xml version="1.0" encoding="UTF-8"?>
<testsuite name="com.dotmarketing.portlets.templates.business.FileAssetTemplateUtilTest" tests="8" skipped="0" failures="0" errors="0" timestamp="2023-07-11T03:49:04" hostname="fv-az407-783" time="6.185">
  <properties/>
  <testcase name="test_getHost_ramdom_default_expected" classname="com.dotmarketing.portlets.templates.business.FileAssetTemplateUtilTest" time="0.027"/>
  <testcase name="test_getPathFromFullPath_right_host_on_full_path" classname="com.dotmarketing.portlets.templates.business.FileAssetTemplateUtilTest" time="0.001"/>
  <testcase name="test_getHost_null_default_expected" classname="com.dotmarketing.portlets.templates.business.FileAssetTemplateUtilTest" time="0.001"/>
  <testcase name="test_getHost_blank_default_expected" classname="com.dotmarketing.portlets.templates.business.FileAssetTemplateUtilTest" time="0.001"/>
  <testcase name="testGetFullPathMethod" classname="com.dotmarketing.portlets.templates.business.FileAssetTemplateUtilTest" time="3.246"/>
  <testcase name="test_getPathFromFullPath_any_host_on_relative_path" classname="com.dotmarketing.portlets.templates.business.FileAssetTemplateUtilTest" time="0.001"/>
  <testcase name="test_getHost_demo_default_demo" classname="com.dotmarketing.portlets.templates.business.FileAssetTemplateUtilTest" time="2.906"/>
  <testcase name="test_getPathFromFullPath_wrong_host_on_full_path" classname="com.dotmarketing.portlets.templates.business.FileAssetTemplateUtilTest" time="0.001"/>
  <system-out><![CDATA[]]></system-out>
  <system-err><![CDATA[]]></system-err>
</testsuite>
