<?xml version="1.0" encoding="UTF-8"?>
<testsuite name="com.dotmarketing.business.DeterministicIdentifierAPITest" tests="16" skipped="0" failures="0" errors="0" timestamp="2023-07-05T17:06:10" hostname="fv-az951-870" time="1.525">
  <properties/>
  <testcase name="Test_Category_Path_Seed_And_Id" classname="com.dotmarketing.business.DeterministicIdentifierAPITest" time="0.021"/>
  <testcase name="Test_Language_Deterministic_Id[0: LanguageTestCase{expectedSeed='Language:es:US', expectedHash=4913155, langCode='es', countryCode='US', country='United States'}]" classname="com.dotmarketing.business.DeterministicIdentifierAPITest" time="0.001"/>
  <testcase name="Test_Language_Deterministic_Id[1: LanguageTestCase{expectedSeed='Language:ep:', expectedHash=5292269, langCode='ep', countryCode='', country=''}]" classname="com.dotmarketing.business.DeterministicIdentifierAPITest" time="0.0"/>
  <testcase name="Test_Language_Deterministic_Id[2: LanguageTestCase{expectedSeed='Language:sg:SAG', expectedHash=4713118, langCode='sg', countryCode='SAG', country=''}]" classname="com.dotmarketing.business.DeterministicIdentifierAPITest" time="0.001"/>
  <testcase name="Test_Language_Deterministic_Id[3: LanguageTestCase{expectedSeed='Language:en:NZ', expectedHash=5382528, langCode='en', countryCode='NZ', country='New Zealand'}]" classname="com.dotmarketing.business.DeterministicIdentifierAPITest" time="0.001"/>
  <testcase name="Test_Category_None_Persisted_Category_Should_Return_Deterministic_Id" classname="com.dotmarketing.business.DeterministicIdentifierAPITest" time="0.001"/>
  <testcase name="Test_Asset_Generate_Deterministic_Id_Best_Effort[0: TestCase{versionable=my.host1688576383477.com, parent=System Host, expectedName='my.host1688576383477.com', expectedType='Host'}]" classname="com.dotmarketing.business.DeterministicIdentifierAPITest" time="0.003"/>
  <testcase name="Test_Asset_Generate_Deterministic_Id_Best_Effort[1: TestCase{versionable=com.dotmarketing.portlets.contentlet.model.Contentlet@2f1dffc3[map={modDate=2023-07-05 16:59:44.251, fileName=file12710899563627934232.txt, title=file12710899563627934232.txt, inode=29955a1a-8c26-441b-993e-02903445fa4d, __IS_NEW_CONTENT__=true, disabledWYSIWYG=[], host=91da6edb-7c9f-4535-bc50-b33631d7cad6, stInode=33888b6f-7a8e-4069-b1b6-5c1aa9d0a48d, owner=system, identifier=4a506a1e-d5ca-4c87-9a6a-22f2bd7b8559, nullProperties=[wfExpireDate, wfPublishDate, wfActionAssign, wfActionId, wfActionComments, filterKey, whereToSend, wfNeverExpire, _path_to_move, timezoneId, iWantTo, wfPublishTime, wfExpireTime], languageId=1, fileAsset=/home/runner/work/core/custom/assets/2/9/29955a1a-8c26-441b-993e-02903445fa4d/fileAsset/file12710899563627934232.txt, folder=608fa4d3-50e6-4a11-8cde-03cdcf8b2196, __disable_workflow__=true, sortOrder=0, modUser=system},lowIndexPriority=false,variantId=DEFAULT], parent=com.dotmarketing.portlets.folders.model.Folder@63c6fef1[identifier=608fa4d3-50e6-4a11-8cde-03cdcf8b2196,name=testName1688576384244,sortOrder=0,showOnMenu=false,hostId=91da6edb-7c9f-4535-bc50-b33631d7cad6,type=folder,title=testTitle1688576384244,filesMasks=,defaultFileType=33888b6f-7a8e-4069-b1b6-5c1aa9d0a48d,modDate=2023-07-05 16:59:44.247,owner=&lt;null&gt;,iDate=2023-07-05 16:59:44.247,inode=608fa4d3-50e6-4a11-8cde-03cdcf8b2196,path=/testName1688576384244/], expectedName='file12710899563627934232.txt', expectedType='FileAsset'}]" classname="com.dotmarketing.business.DeterministicIdentifierAPITest" time="0.003"/>
  <testcase name="Test_Asset_Generate_Deterministic_Id_Best_Effort[2: TestCase{versionable=com.dotmarketing.portlets.templates.model.Template@423643d7, parent=my.host1688576383477.com, expectedName='testTitle1688576384344', expectedType='Template'}]" classname="com.dotmarketing.business.DeterministicIdentifierAPITest" time="0.002"/>
  <testcase name="Test_Asset_Generate_Deterministic_Id_Best_Effort[3: TestCase{versionable=com.dotmarketing.portlets.htmlpageasset.model.HTMLPageAsset@800f9c1[map={template=5f570978-3af8-42b0-b8aa-f596c89e919d, owner=system, identifier=09b5a2cd-a51d-4d08-b97f-42b1db0a94ea, nullProperties=[wfExpireDate, wfPublishDate, wfActionAssign, wfActionId, wfActionComments, filterKey, whereToSend, wfNeverExpire, _path_to_move, timezoneId, iWantTo, wfPublishTime, wfExpireTime], modDate=2023-07-05 16:59:44.377, cachettl=0, _is_test_mode=true, languageId=1, title=test-page-title-1688576384366, httpsreq=, url=test-page-url-1688576384366, showOnMenu=, inode=1f7f4d6c-d853-4be3-b018-4b41f1bb0fae, folder=608fa4d3-50e6-4a11-8cde-03cdcf8b2196, disabledWYSIWYG=[], sortOrder=1, modUser=system, host=91da6edb-7c9f-4535-bc50-b33631d7cad6, stInode=c541abb1-69b3-4bc5-8430-5e09e5239cc8, friendlyName=test-page-friendly-name-1688576384366},lowIndexPriority=false,variantId=DEFAULT], parent=com.dotmarketing.portlets.folders.model.Folder@63c6fef1[identifier=608fa4d3-50e6-4a11-8cde-03cdcf8b2196,name=testName1688576384244,sortOrder=0,showOnMenu=false,hostId=91da6edb-7c9f-4535-bc50-b33631d7cad6,type=folder,title=testTitle1688576384244,filesMasks=,defaultFileType=33888b6f-7a8e-4069-b1b6-5c1aa9d0a48d,modDate=2023-07-05 16:59:44.247,owner=&lt;null&gt;,iDate=2023-07-05 16:59:44.247,inode=608fa4d3-50e6-4a11-8cde-03cdcf8b2196,path=/testName1688576384244/], expectedName='test-page-url-1688576384366', expectedType='htmlpageasset'}]" classname="com.dotmarketing.business.DeterministicIdentifierAPITest" time="0.002"/>
  <testcase name="Test_Asset_Generate_Deterministic_Id_Best_Effort[4: TestCase{versionable=com.dotmarketing.portlets.contentlet.model.Contentlet@4b18cbd2[map={fileAsset2=/home/runner/work/core/custom/assets/9/b/9b821a1e-c80e-46c3-adad-1a6eb2f59c14/fileAsset2/test_binary1688576386228.png, modDate=2023-07-05 16:59:46.233, fileAsset1=/home/runner/work/core/custom/assets/9/b/9b821a1e-c80e-46c3-adad-1a6eb2f59c14/fileAsset1/test_binary1688576386228.jpg, title=blah, inode=9b821a1e-c80e-46c3-adad-1a6eb2f59c14, __IS_NEW_CONTENT__=true, disabledWYSIWYG=[], host=48190c8c-42c4-46af-8d1a-0cd5db894797, stInode=eb2e9474-5a11-4c75-8a9e-a8cfa8fefb4a, owner=system, identifier=d9a66d43-a92a-44be-acf7-c0ca7b681bea, nullProperties=[], languageId=1, image1=a7cec2c7-0df2-4c16-9c14-25af8d818a4c, folder=SYSTEM_FOLDER, __disable_workflow__=true, sortOrder=0, modUser=system},lowIndexPriority=false,variantId=DEFAULT], parent=demo.dotcms.com, expectedName='test_binary1688576386228.jpg:test_binary1688576386228.png', expectedType='MultipleBinaries1688576384656'}]" classname="com.dotmarketing.business.DeterministicIdentifierAPITest" time="0.003"/>
  <testcase name="Test_Asset_Generate_Deterministic_Id_Best_Effort[5: TestCase{versionable=name869b9d6b3d : keyTag869b9d6b3d, parent=my.host1688576383477.com, expectedName='keyTag869b9d6b3d', expectedType='persona'}]" classname="com.dotmarketing.business.DeterministicIdentifierAPITest" time="0.002"/>
  <testcase name="Test_Similar_Content_Type_Wont_Clash" classname="com.dotmarketing.business.DeterministicIdentifierAPITest" time="0.446"/>
  <testcase name="Test_Generate_Folder_Identifier" classname="com.dotmarketing.business.DeterministicIdentifierAPITest" time="1.023"/>
  <testcase name="Test_Generate_Content_Type_Identifier[0: ContentTypeTestCase{contentType=KeyValueContentType{name=Language Variable, id=f4d7c1b8-2c88-4071-abf1-a5328977b07d, description=Default Content Type for Language Variables, defaultType=false, fixed=true, iDate=Thu Aug 31 16:38:49 UTC 2017, system=true, versionable=true, variable=Languagevariable, modDate=Wed Jul 05 15:55:07 UTC 2023, host=SYSTEM_HOST, siteName=systemHost, icon=language, sortOrder=0, folder=SYSTEM_FOLDER, folderPath=/, markedForDeletion=true, multilingualable=false}, expectedName='Languagevariable', expectedType='KeyValue'}]" classname="com.dotmarketing.business.DeterministicIdentifierAPITest" time="0.005"/>
  <testcase name="Test_Generate_Content_Type_Identifier[1: ContentTypeTestCase{contentType=SimpleContentType{name=testName1688576386642, id=ebbe38f1-9449-44c2-87ed-0852e6626dc0, description=testDescription1688576386642, defaultType=false, fixed=false, iDate=Wed Jul 05 16:59:46 UTC 2023, system=false, versionable=true, multilingualable=false, variable=testVarname1688576386642, owner=system, modDate=Wed Jul 05 16:59:47 UTC 2023, host=48190c8c-42c4-46af-8d1a-0cd5db894797, siteName=demo.dotcms.com, icon=event_note, sortOrder=0, folder=SYSTEM_FOLDER, folderPath=/, requiredFields=[], markedForDeletion=false}, expectedName='testVarname1688576386642', expectedType='CONTENT'}]" classname="com.dotmarketing.business.DeterministicIdentifierAPITest" time="0.005"/>
  <system-out><![CDATA[]]></system-out>
  <system-err><![CDATA[]]></system-err>
</testsuite>
