<?xml version="1.0" encoding="UTF-8"?>
<testsuite name="com.dotcms.rest.api.v1.vtl.VTLResourceIntegrationTest" tests="6" skipped="0" failures="0" errors="0" timestamp="2023-06-26T17:32:18" hostname="fv-az455-779" time="14.132">
  <properties/>
  <testcase name="testGet[0: com.dotcms.rest.api.v1.vtl.VTLResourceTestCase@74b77c8d]" classname="com.dotcms.rest.api.v1.vtl.VTLResourceIntegrationTest" time="2.34"/>
  <testcase name="testGet[1: com.dotcms.rest.api.v1.vtl.VTLResourceTestCase@3f961dd8]" classname="com.dotcms.rest.api.v1.vtl.VTLResourceIntegrationTest" time="2.68"/>
  <testcase name="testGet[2: com.dotcms.rest.api.v1.vtl.VTLResourceTestCase@2db5d918]" classname="com.dotcms.rest.api.v1.vtl.VTLResourceIntegrationTest" time="2.393"/>
  <testcase name="testGet[3: com.dotcms.rest.api.v1.vtl.VTLResourceTestCase@6d316a36]" classname="com.dotcms.rest.api.v1.vtl.VTLResourceIntegrationTest" time="2.673"/>
  <testcase name="testGet[4: com.dotcms.rest.api.v1.vtl.VTLResourceTestCase@22ad3009]" classname="com.dotcms.rest.api.v1.vtl.VTLResourceIntegrationTest" time="2.154"/>
  <testcase name="testGet[5: com.dotcms.rest.api.v1.vtl.VTLResourceTestCase@2d5a9159]" classname="com.dotcms.rest.api.v1.vtl.VTLResourceIntegrationTest" time="1.891"/>
  <system-out><![CDATA[]]></system-out>
  <system-err><![CDATA[]]></system-err>
</testsuite>
