<?xml version="1.0" encoding="UTF-8"?>
<testsuite name="com.dotcms.enterprise.rules.RulesAPIImplIntegrationTest" tests="28" skipped="0" failures="0" errors="0" timestamp="2023-06-30T20:11:51" hostname="fv-az389-28" time="113.191">
  <properties/>
  <testcase name="shouldThrowDotSecurityException" classname="com.dotcms.enterprise.rules.RulesAPIImplIntegrationTest" time="1.752"/>
  <testcase name="shouldGetRulesFromPageId" classname="com.dotcms.enterprise.rules.RulesAPIImplIntegrationTest" time="6.1"/>
  <testcase name="shouldDeleteRulesInPage" classname="com.dotcms.enterprise.rules.RulesAPIImplIntegrationTest" time="6.945"/>
  <testcase name="shouldSaveNewRuleInPageShouldNotWork" classname="com.dotcms.enterprise.rules.RulesAPIImplIntegrationTest" time="5.193"/>
  <testcase name="shouldNotSaveNewRule" classname="com.dotcms.enterprise.rules.RulesAPIImplIntegrationTest" time="3.931"/>
  <testcase name="shouldSaveNewRule" classname="com.dotcms.enterprise.rules.RulesAPIImplIntegrationTest" time="5.199"/>
  <testcase name="shouldSaveConditionInRulesPage" classname="com.dotcms.enterprise.rules.RulesAPIImplIntegrationTest" time="7.128"/>
  <testcase name="shouldGetRulesWithAnonymous" classname="com.dotcms.enterprise.rules.RulesAPIImplIntegrationTest" time="6.036"/>
  <testcase name="shouldNotSaveRuleActionInRuleOnPage" classname="com.dotcms.enterprise.rules.RulesAPIImplIntegrationTest" time="6.085"/>
  <testcase name="shouldReturnEmptyList" classname="com.dotcms.enterprise.rules.RulesAPIImplIntegrationTest" time="3.943"/>
  <testcase name="shouldNotDeleteRules" classname="com.dotcms.enterprise.rules.RulesAPIImplIntegrationTest" time="1.195"/>
  <testcase name="shouldDeleteRules" classname="com.dotcms.enterprise.rules.RulesAPIImplIntegrationTest" time="5.917"/>
  <testcase name="shouldSaveRuleActionInPage" classname="com.dotcms.enterprise.rules.RulesAPIImplIntegrationTest" time="6.13"/>
  <testcase name="shouldNotDeleteRuleOnPage" classname="com.dotcms.enterprise.rules.RulesAPIImplIntegrationTest" time="5.122"/>
  <testcase name="shouldThrowDotSecurityExceptionFromHostid" classname="com.dotcms.enterprise.rules.RulesAPIImplIntegrationTest" time="1.068"/>
  <testcase name="shouldNotSaveCondition" classname="com.dotcms.enterprise.rules.RulesAPIImplIntegrationTest" time="1.9"/>
  <testcase name="shouldSaveCondition" classname="com.dotcms.enterprise.rules.RulesAPIImplIntegrationTest" time="5.196"/>
  <testcase name="shouldNotSaveRuleAction" classname="com.dotcms.enterprise.rules.RulesAPIImplIntegrationTest" time="1.899"/>
  <testcase name="shouldThrowDotSecurityExceptionFromPageid" classname="com.dotcms.enterprise.rules.RulesAPIImplIntegrationTest" time="1.212"/>
  <testcase name="shouldSaveRuleAction" classname="com.dotcms.enterprise.rules.RulesAPIImplIntegrationTest" time="5.941"/>
  <testcase name="shouldGetRulesInRootFolder" classname="com.dotcms.enterprise.rules.RulesAPIImplIntegrationTest" time="3.019"/>
  <testcase name="shouldSaveNewRuleInPage" classname="com.dotcms.enterprise.rules.RulesAPIImplIntegrationTest" time="6.017"/>
  <testcase name="shouldNotSaveConditionInRuleOnPage" classname="com.dotcms.enterprise.rules.RulesAPIImplIntegrationTest" time="5.13"/>
  <testcase name="testDeleteRuleShouldNotFailWhenCacheIsDirty" classname="com.dotcms.enterprise.rules.RulesAPIImplIntegrationTest" time="0.041"/>
  <testcase name="shouldGetRules" classname="com.dotcms.enterprise.rules.RulesAPIImplIntegrationTest" time="5.011"/>
  <testcase name="not_site_not_page_shouldReturnEmptyList" classname="com.dotcms.enterprise.rules.RulesAPIImplIntegrationTest" time="1.148"/>
  <testcase name="testDeleteRuleShouldPass" classname="com.dotcms.enterprise.rules.RulesAPIImplIntegrationTest" time="0.032"/>
  <testcase name="shouldGetRulesFromHostId" classname="com.dotcms.enterprise.rules.RulesAPIImplIntegrationTest" time="4.895"/>
  <system-out><![CDATA[]]></system-out>
  <system-err><![CDATA[]]></system-err>
</testsuite>
