<?xml version="1.0" encoding="UTF-8"?>
<testsuite name="com.dotmarketing.portlets.structure.model.ContentletRelationshipsTest" tests="7" skipped="0" failures="0" errors="0" timestamp="2023-06-30T00:20:39" hostname="fv-az442-763" time="8.359">
  <properties/>
  <testcase name="testDoesAllowOnlyOne[0: com.dotmarketing.portlets.structure.model.ContentletRelationshipsTest$CardinalityTestCase@490ae3ac]" classname="com.dotmarketing.portlets.structure.model.ContentletRelationshipsTest" time="0.492"/>
  <testcase name="testDoesAllowOnlyOne[1: com.dotmarketing.portlets.structure.model.ContentletRelationshipsTest$CardinalityTestCase@562ee36e]" classname="com.dotmarketing.portlets.structure.model.ContentletRelationshipsTest" time="0.495"/>
  <testcase name="testDoesAllowOnlyOne[2: com.dotmarketing.portlets.structure.model.ContentletRelationshipsTest$CardinalityTestCase@7712c90]" classname="com.dotmarketing.portlets.structure.model.ContentletRelationshipsTest" time="0.536"/>
  <testcase name="testGetRelationshipRecords[0: com.dotmarketing.portlets.structure.model.ContentletRelationshipsTest$TestCase@6a3b92d3]" classname="com.dotmarketing.portlets.structure.model.ContentletRelationshipsTest" time="2.047"/>
  <testcase name="testGetRelationshipRecords[1: com.dotmarketing.portlets.structure.model.ContentletRelationshipsTest$TestCase@74b20bbb]" classname="com.dotmarketing.portlets.structure.model.ContentletRelationshipsTest" time="1.961"/>
  <testcase name="testGetRelationshipRecords[2: com.dotmarketing.portlets.structure.model.ContentletRelationshipsTest$TestCase@5526b3d0]" classname="com.dotmarketing.portlets.structure.model.ContentletRelationshipsTest" time="0.962"/>
  <testcase name="testGetRelationshipRecords[3: com.dotmarketing.portlets.structure.model.ContentletRelationshipsTest$TestCase@5b3d0048]" classname="com.dotmarketing.portlets.structure.model.ContentletRelationshipsTest" time="1.865"/>
  <system-out><![CDATA[]]></system-out>
  <system-err><![CDATA[]]></system-err>
</testsuite>
