<?xml version="1.0" encoding="UTF-8"?>
<testsuite name="com.dotmarketing.portlets.htmlpages.business.HTMLPageAPITest" tests="13" skipped="0" failures="0" errors="0" timestamp="2023-07-17T17:05:54" hostname="fv-az797-388" time="38.3">
  <properties/>
  <testcase name="testCopy_customTemplateCreatesNewTemplate" classname="com.dotmarketing.portlets.htmlpages.business.HTMLPageAPITest" time="7.813"/>
  <testcase name="removeOneLanguageOfHtmlAsset" classname="com.dotmarketing.portlets.htmlpages.business.HTMLPageAPITest" time="1.191"/>
  <testcase name="checkcout_populate_url_field_for_pages" classname="com.dotmarketing.portlets.htmlpages.business.HTMLPageAPITest" time="1.677"/>
  <testcase name="delete" classname="com.dotmarketing.portlets.htmlpages.business.HTMLPageAPITest" time="7.727"/>
  <testcase name="testGetHTMLPageAssetWithTagsShouldReturnTags" classname="com.dotmarketing.portlets.htmlpages.business.HTMLPageAPITest" time="7.596"/>
  <testcase name="testFindByIdLanguageFallback[0: com.dotmarketing.portlets.htmlpages.business.HTMLPageAPITest$TestCaseFindByIdLanguageFallback@6f2e3267]" classname="com.dotmarketing.portlets.htmlpages.business.HTMLPageAPITest" time="1.513"/>
  <testcase name="testFindByIdLanguageFallback[1: com.dotmarketing.portlets.htmlpages.business.HTMLPageAPITest$TestCaseFindByIdLanguageFallback@2358f7f9]" classname="com.dotmarketing.portlets.htmlpages.business.HTMLPageAPITest" time="1.069"/>
  <testcase name="testFindByIdLanguageFallback[2: com.dotmarketing.portlets.htmlpages.business.HTMLPageAPITest$TestCaseFindByIdLanguageFallback@ce57d3]" classname="com.dotmarketing.portlets.htmlpages.business.HTMLPageAPITest" time="1.953"/>
  <testcase name="testFindByIdLanguageFallback[3: com.dotmarketing.portlets.htmlpages.business.HTMLPageAPITest$TestCaseFindByIdLanguageFallback@2d82dbdc]" classname="com.dotmarketing.portlets.htmlpages.business.HTMLPageAPITest" time="1.032"/>
  <testcase name="testFindByIdLanguageFallback[4: com.dotmarketing.portlets.htmlpages.business.HTMLPageAPITest$TestCaseFindByIdLanguageFallback@33217901]" classname="com.dotmarketing.portlets.htmlpages.business.HTMLPageAPITest" time="2.013"/>
  <testcase name="move" classname="com.dotmarketing.portlets.htmlpages.business.HTMLPageAPITest" time="1.336"/>
  <testcase name="saveHTMLPage" classname="com.dotmarketing.portlets.htmlpages.business.HTMLPageAPITest" time="2.667"/>
  <testcase name="testFromContentlet_contentOnVariant_shouldKeepVariant" classname="com.dotmarketing.portlets.htmlpages.business.HTMLPageAPITest" time="0.71"/>
  <system-out><![CDATA[]]></system-out>
  <system-err><![CDATA[]]></system-err>
</testsuite>
