<?xml version="1.0" encoding="UTF-8"?>
<testsuite name="com.dotcms.publishing.PublisherAPIImplTest" tests="24" skipped="0" failures="0" errors="0" timestamp="2023-07-11T17:05:03" hostname="fv-az1032-278" time="3.792">
  <properties/>
  <testcase name="AddAllCategoryIntoBundle" classname="com.dotcms.publishing.PublisherAPIImplTest" time="0.128"/>
  <testcase name="testFilterDescriptors" classname="com.dotcms.publishing.PublisherAPIImplTest" time="0.062"/>
  <testcase name="sendPushPublishBundle[0: com.dotcms.publishing.PublisherAPIImplTest$TestAsset@298833d6]" classname="com.dotcms.publishing.PublisherAPIImplTest" time="1.135"/>
  <testcase name="sendPushPublishBundle[1: com.dotcms.publishing.PublisherAPIImplTest$TestAsset@28b581c6]" classname="com.dotcms.publishing.PublisherAPIImplTest" time="0.196"/>
  <testcase name="sendPushPublishBundle[2: com.dotcms.publishing.PublisherAPIImplTest$TestAsset@1792e8c4]" classname="com.dotcms.publishing.PublisherAPIImplTest" time="0.156"/>
  <testcase name="sendPushPublishBundle[3: com.dotcms.publishing.PublisherAPIImplTest$TestAsset@1a76c9db]" classname="com.dotcms.publishing.PublisherAPIImplTest" time="0.263"/>
  <testcase name="sendPushPublishBundle[4: com.dotcms.publishing.PublisherAPIImplTest$TestAsset@72084fc0]" classname="com.dotcms.publishing.PublisherAPIImplTest" time="0.268"/>
  <testcase name="sendPushPublishBundle[5: com.dotcms.publishing.PublisherAPIImplTest$TestAsset@76b75bf6]" classname="com.dotcms.publishing.PublisherAPIImplTest" time="0.157"/>
  <testcase name="sendPushPublishBundle[6: com.dotcms.publishing.PublisherAPIImplTest$TestAsset@7663592c]" classname="com.dotcms.publishing.PublisherAPIImplTest" time="0.112"/>
  <testcase name="sendPushPublishBundle[7: com.dotcms.publishing.PublisherAPIImplTest$TestAsset@5a776e2a]" classname="com.dotcms.publishing.PublisherAPIImplTest" time="0.089"/>
  <testcase name="sendPushPublishBundle[8: com.dotcms.publishing.PublisherAPIImplTest$TestAsset@6ab14ceb]" classname="com.dotcms.publishing.PublisherAPIImplTest" time="0.109"/>
  <testcase name="sendPushPublishBundle[9: com.dotcms.publishing.PublisherAPIImplTest$TestAsset@2695c2a0]" classname="com.dotcms.publishing.PublisherAPIImplTest" time="0.146"/>
  <testcase name="sendPushPublishBundle[10: com.dotcms.publishing.PublisherAPIImplTest$TestAsset@4ad35567]" classname="com.dotcms.publishing.PublisherAPIImplTest" time="0.074"/>
  <testcase name="generateBundle[0: com.dotcms.publishing.PublisherAPIImplTest$TestAsset@298833d6]" classname="com.dotcms.publishing.PublisherAPIImplTest" time="0.105"/>
  <testcase name="generateBundle[1: com.dotcms.publishing.PublisherAPIImplTest$TestAsset@28b581c6]" classname="com.dotcms.publishing.PublisherAPIImplTest" time="0.079"/>
  <testcase name="generateBundle[2: com.dotcms.publishing.PublisherAPIImplTest$TestAsset@1792e8c4]" classname="com.dotcms.publishing.PublisherAPIImplTest" time="0.071"/>
  <testcase name="generateBundle[3: com.dotcms.publishing.PublisherAPIImplTest$TestAsset@1a76c9db]" classname="com.dotcms.publishing.PublisherAPIImplTest" time="0.16"/>
  <testcase name="generateBundle[4: com.dotcms.publishing.PublisherAPIImplTest$TestAsset@72084fc0]" classname="com.dotcms.publishing.PublisherAPIImplTest" time="0.12"/>
  <testcase name="generateBundle[5: com.dotcms.publishing.PublisherAPIImplTest$TestAsset@76b75bf6]" classname="com.dotcms.publishing.PublisherAPIImplTest" time="0.079"/>
  <testcase name="generateBundle[6: com.dotcms.publishing.PublisherAPIImplTest$TestAsset@7663592c]" classname="com.dotcms.publishing.PublisherAPIImplTest" time="0.073"/>
  <testcase name="generateBundle[7: com.dotcms.publishing.PublisherAPIImplTest$TestAsset@5a776e2a]" classname="com.dotcms.publishing.PublisherAPIImplTest" time="0.06"/>
  <testcase name="generateBundle[8: com.dotcms.publishing.PublisherAPIImplTest$TestAsset@6ab14ceb]" classname="com.dotcms.publishing.PublisherAPIImplTest" time="0.042"/>
  <testcase name="generateBundle[9: com.dotcms.publishing.PublisherAPIImplTest$TestAsset@2695c2a0]" classname="com.dotcms.publishing.PublisherAPIImplTest" time="0.085"/>
  <testcase name="generateBundle[10: com.dotcms.publishing.PublisherAPIImplTest$TestAsset@4ad35567]" classname="com.dotcms.publishing.PublisherAPIImplTest" time="0.014"/>
  <system-out><![CDATA[









































































































































































]]></system-out>
  <system-err><![CDATA[]]></system-err>
</testsuite>
