<?xml version="1.0" encoding="UTF-8"?>
<testsuite name="com.dotcms.rendering.velocity.viewtools.content.BinaryMapTest" tests="12" skipped="0" failures="0" errors="0" timestamp="2023-06-30T16:40:48" hostname="fv-az362-636" time="18.593">
  <properties/>
  <testcase name="test_getShortyUrlInode" classname="com.dotcms.rendering.velocity.viewtools.content.BinaryMapTest" time="1.635"/>
  <testcase name="test_getFile" classname="com.dotcms.rendering.velocity.viewtools.content.BinaryMapTest" time="1.537"/>
  <testcase name="test_getName" classname="com.dotcms.rendering.velocity.viewtools.content.BinaryMapTest" time="1.512"/>
  <testcase name="test_getSize" classname="com.dotcms.rendering.velocity.viewtools.content.BinaryMapTest" time="1.543"/>
  <testcase name="testGetShortyUrl" classname="com.dotcms.rendering.velocity.viewtools.content.BinaryMapTest" time="1.524"/>
  <testcase name="test_getThumbnailUri" classname="com.dotcms.rendering.velocity.viewtools.content.BinaryMapTest" time="1.529"/>
  <testcase name="test_getHeight" classname="com.dotcms.rendering.velocity.viewtools.content.BinaryMapTest" time="1.564"/>
  <testcase name="test_getWidth" classname="com.dotcms.rendering.velocity.viewtools.content.BinaryMapTest" time="1.544"/>
  <testcase name="test_getShorty" classname="com.dotcms.rendering.velocity.viewtools.content.BinaryMapTest" time="1.52"/>
  <testcase name="test_getResizeUri" classname="com.dotcms.rendering.velocity.viewtools.content.BinaryMapTest" time="1.611"/>
  <testcase name="test_GetShortyURLWithoutLanguage" classname="com.dotcms.rendering.velocity.viewtools.content.BinaryMapTest" time="1.533"/>
  <testcase name="testGetRawUri" classname="com.dotcms.rendering.velocity.viewtools.content.BinaryMapTest" time="1.54"/>
  <system-out><![CDATA[]]></system-out>
  <system-err><![CDATA[]]></system-err>
</testsuite>
