<?xml version="1.0" encoding="UTF-8"?>
<testsuite name="com.dotmarketing.portlets.workflows.model.SystemActionWorkflowActionMappingTest" tests="3" skipped="0" failures="0" errors="0" timestamp="2023-07-06T21:40:06" hostname="fv-az1234-650" time="0.069">
  <properties/>
  <testcase name="test_serialize_deserialize_wrapper_jackson" classname="com.dotmarketing.portlets.workflows.model.SystemActionWorkflowActionMappingTest" time="0.039"/>
  <testcase name="test_serialize_deserialize_wrapper_xstream" classname="com.dotmarketing.portlets.workflows.model.SystemActionWorkflowActionMappingTest" time="0.015"/>
  <testcase name="test_serialize_deserialize_xstream" classname="com.dotmarketing.portlets.workflows.model.SystemActionWorkflowActionMappingTest" time="0.014"/>
  <system-out><![CDATA[]]></system-out>
  <system-err><![CDATA[]]></system-err>
</testsuite>
