<?xml version="1.0" encoding="UTF-8"?>
<testsuite name="com.dotcms.enterprise.publishing.remote.bundler.FolderBundlerTest" tests="3" skipped="0" failures="0" errors="0" timestamp="2023-07-11T18:28:56" hostname="fv-az1032-278" time="0.016">
  <properties/>
  <testcase name="addFolderInBundle[0: com.dotcms.enterprise.publishing.remote.bundler.FolderBundlerTest$TestCase@1d4f2f0]" classname="com.dotcms.enterprise.publishing.remote.bundler.FolderBundlerTest" time="0.007"/>
  <testcase name="addFolderInBundle[1: com.dotcms.enterprise.publishing.remote.bundler.FolderBundlerTest$TestCase@31baa8ea]" classname="com.dotcms.enterprise.publishing.remote.bundler.FolderBundlerTest" time="0.004"/>
  <testcase name="addFolderInBundle[2: com.dotcms.enterprise.publishing.remote.bundler.FolderBundlerTest$TestCase@62c2ab3]" classname="com.dotcms.enterprise.publishing.remote.bundler.FolderBundlerTest" time="0.004"/>
  <system-out><![CDATA[]]></system-out>
  <system-err><![CDATA[]]></system-err>
</testsuite>
