<?xml version="1.0" encoding="UTF-8"?>
<testsuite name="com.dotmarketing.common.db.ParamsSetterTest" tests="1" skipped="0" failures="0" errors="0" timestamp="2023-07-07T16:02:23" hostname="fv-az363-219" time="1.107">
  <properties/>
  <testcase name="setParamsTest" classname="com.dotmarketing.common.db.ParamsSetterTest" time="1.107"/>
  <system-out><![CDATA[]]></system-out>
  <system-err><![CDATA[]]></system-err>
</testsuite>
