<?xml version="1.0" encoding="UTF-8"?>
<testsuite name="com.dotmarketing.startup.runonce.Task05195CreatesDestroyActionAndAssignDestroyDefaultActionsToTheSystemWorkflowTest" tests="1" skipped="0" failures="0" errors="0" timestamp="2023-07-07T22:19:38" hostname="fv-az563-341" time="0.009">
  <properties/>
  <testcase name="Test_Upgrade_Task" classname="com.dotmarketing.startup.runonce.Task05195CreatesDestroyActionAndAssignDestroyDefaultActionsToTheSystemWorkflowTest" time="0.009"/>
  <system-out><![CDATA[]]></system-out>
  <system-err><![CDATA[]]></system-err>
</testsuite>
