<?xml version="1.0" encoding="UTF-8"?>
<testsuite name="com.dotmarketing.business.PermissionBitFactoryImplTest" tests="1" skipped="0" failures="0" errors="0" timestamp="2023-06-28T01:38:00" hostname="fv-az612-160" time="2.898">
  <properties/>
  <testcase name="assignPermissions" classname="com.dotmarketing.business.PermissionBitFactoryImplTest" time="2.898"/>
  <system-out><![CDATA[]]></system-out>
  <system-err><![CDATA[]]></system-err>
</testsuite>
