<?xml version="1.0" encoding="UTF-8"?>
<testsuite name="com.dotmarketing.startup.runonce.Task220825MakeSomeSystemFieldsRemovableTest" tests="1" skipped="0" failures="0" errors="0" timestamp="2023-07-10T15:50:50" hostname="fv-az309-162" time="0.034">
  <properties/>
  <testcase name="testExecuteUpgrade" classname="com.dotmarketing.startup.runonce.Task220825MakeSomeSystemFieldsRemovableTest" time="0.034"/>
  <system-out><![CDATA[]]></system-out>
  <system-err><![CDATA[]]></system-err>
</testsuite>
