<?xml version="1.0" encoding="UTF-8"?>
<testsuite name="com.dotcms.rest.api.v1.vtl.VTLResourceIntegrationTest" tests="6" skipped="0" failures="0" errors="0" timestamp="2023-07-17T16:22:45" hostname="fv-az257-583" time="12.449">
  <properties/>
  <testcase name="testGet[0: com.dotcms.rest.api.v1.vtl.VTLResourceTestCase@52367d23]" classname="com.dotcms.rest.api.v1.vtl.VTLResourceIntegrationTest" time="2.56"/>
  <testcase name="testGet[1: com.dotcms.rest.api.v1.vtl.VTLResourceTestCase@1e76cf99]" classname="com.dotcms.rest.api.v1.vtl.VTLResourceIntegrationTest" time="1.833"/>
  <testcase name="testGet[2: com.dotcms.rest.api.v1.vtl.VTLResourceTestCase@6086247b]" classname="com.dotcms.rest.api.v1.vtl.VTLResourceIntegrationTest" time="2.085"/>
  <testcase name="testGet[3: com.dotcms.rest.api.v1.vtl.VTLResourceTestCase@3e310742]" classname="com.dotcms.rest.api.v1.vtl.VTLResourceIntegrationTest" time="1.99"/>
  <testcase name="testGet[4: com.dotcms.rest.api.v1.vtl.VTLResourceTestCase@5f8fbac2]" classname="com.dotcms.rest.api.v1.vtl.VTLResourceIntegrationTest" time="1.964"/>
  <testcase name="testGet[5: com.dotcms.rest.api.v1.vtl.VTLResourceTestCase@77adbcad]" classname="com.dotcms.rest.api.v1.vtl.VTLResourceIntegrationTest" time="2.017"/>
  <system-out><![CDATA[]]></system-out>
  <system-err><![CDATA[]]></system-err>
</testsuite>
