<?xml version="1.0" encoding="UTF-8"?>
<testsuite name="com.dotcms.publishing.manifest.CSVManifestReaderTest" tests="34" skipped="0" failures="0" errors="0" timestamp="2023-07-20T04:35:31" hostname="fv-az592-428" time="0.115">
  <properties/>
  <testcase name="exclude[0: com.dotcms.publishing.manifest.CSVManifestReaderTest$TestCase@8aaf12]" classname="com.dotcms.publishing.manifest.CSVManifestReaderTest" time="0.008"/>
  <testcase name="exclude[1: com.dotcms.publishing.manifest.CSVManifestReaderTest$TestCase@4f860c43]" classname="com.dotcms.publishing.manifest.CSVManifestReaderTest" time="0.003"/>
  <testcase name="exclude[2: com.dotcms.publishing.manifest.CSVManifestReaderTest$TestCase@58edfb4b]" classname="com.dotcms.publishing.manifest.CSVManifestReaderTest" time="0.003"/>
  <testcase name="exclude[3: com.dotcms.publishing.manifest.CSVManifestReaderTest$TestCase@4dade28d]" classname="com.dotcms.publishing.manifest.CSVManifestReaderTest" time="0.003"/>
  <testcase name="exclude[4: com.dotcms.publishing.manifest.CSVManifestReaderTest$TestCase@188a3615]" classname="com.dotcms.publishing.manifest.CSVManifestReaderTest" time="0.003"/>
  <testcase name="exclude[5: com.dotcms.publishing.manifest.CSVManifestReaderTest$TestCase@6791c553]" classname="com.dotcms.publishing.manifest.CSVManifestReaderTest" time="0.004"/>
  <testcase name="exclude[6: com.dotcms.publishing.manifest.CSVManifestReaderTest$TestCase@50914d49]" classname="com.dotcms.publishing.manifest.CSVManifestReaderTest" time="0.002"/>
  <testcase name="exclude[7: com.dotcms.publishing.manifest.CSVManifestReaderTest$TestCase@728a645c]" classname="com.dotcms.publishing.manifest.CSVManifestReaderTest" time="0.002"/>
  <testcase name="exclude[8: com.dotcms.publishing.manifest.CSVManifestReaderTest$TestCase@3bf9ce86]" classname="com.dotcms.publishing.manifest.CSVManifestReaderTest" time="0.002"/>
  <testcase name="exclude[9: com.dotcms.publishing.manifest.CSVManifestReaderTest$TestCase@522b2ff7]" classname="com.dotcms.publishing.manifest.CSVManifestReaderTest" time="0.002"/>
  <testcase name="exclude[10: com.dotcms.publishing.manifest.CSVManifestReaderTest$TestCase@88adbfe]" classname="com.dotcms.publishing.manifest.CSVManifestReaderTest" time="0.002"/>
  <testcase name="exclude[11: com.dotcms.publishing.manifest.CSVManifestReaderTest$TestCase@2903f637]" classname="com.dotcms.publishing.manifest.CSVManifestReaderTest" time="0.002"/>
  <testcase name="exclude[12: com.dotcms.publishing.manifest.CSVManifestReaderTest$TestCase@5c7b806f]" classname="com.dotcms.publishing.manifest.CSVManifestReaderTest" time="0.002"/>
  <testcase name="exclude[13: com.dotcms.publishing.manifest.CSVManifestReaderTest$TestCase@57245880]" classname="com.dotcms.publishing.manifest.CSVManifestReaderTest" time="0.003"/>
  <testcase name="exclude[14: com.dotcms.publishing.manifest.CSVManifestReaderTest$TestCase@92f3cb1]" classname="com.dotcms.publishing.manifest.CSVManifestReaderTest" time="0.002"/>
  <testcase name="createCSVManifestReaderWithInputStream" classname="com.dotcms.publishing.manifest.CSVManifestReaderTest" time="0.026"/>
  <testcase name="emptyManifestFile" classname="com.dotcms.publishing.manifest.CSVManifestReaderTest" time="0.001"/>
  <testcase name="getAssets" classname="com.dotcms.publishing.manifest.CSVManifestReaderTest" time="0.024"/>
  <testcase name="getMetadata" classname="com.dotcms.publishing.manifest.CSVManifestReaderTest" time="0.002"/>
  <testcase name="include[0: com.dotcms.publishing.manifest.CSVManifestReaderTest$TestCase@8aaf12]" classname="com.dotcms.publishing.manifest.CSVManifestReaderTest" time="0.001"/>
  <testcase name="include[1: com.dotcms.publishing.manifest.CSVManifestReaderTest$TestCase@4f860c43]" classname="com.dotcms.publishing.manifest.CSVManifestReaderTest" time="0.0"/>
  <testcase name="include[2: com.dotcms.publishing.manifest.CSVManifestReaderTest$TestCase@58edfb4b]" classname="com.dotcms.publishing.manifest.CSVManifestReaderTest" time="0.001"/>
  <testcase name="include[3: com.dotcms.publishing.manifest.CSVManifestReaderTest$TestCase@4dade28d]" classname="com.dotcms.publishing.manifest.CSVManifestReaderTest" time="0.001"/>
  <testcase name="include[4: com.dotcms.publishing.manifest.CSVManifestReaderTest$TestCase@188a3615]" classname="com.dotcms.publishing.manifest.CSVManifestReaderTest" time="0.001"/>
  <testcase name="include[5: com.dotcms.publishing.manifest.CSVManifestReaderTest$TestCase@6791c553]" classname="com.dotcms.publishing.manifest.CSVManifestReaderTest" time="0.001"/>
  <testcase name="include[6: com.dotcms.publishing.manifest.CSVManifestReaderTest$TestCase@50914d49]" classname="com.dotcms.publishing.manifest.CSVManifestReaderTest" time="0.001"/>
  <testcase name="include[7: com.dotcms.publishing.manifest.CSVManifestReaderTest$TestCase@728a645c]" classname="com.dotcms.publishing.manifest.CSVManifestReaderTest" time="0.001"/>
  <testcase name="include[8: com.dotcms.publishing.manifest.CSVManifestReaderTest$TestCase@3bf9ce86]" classname="com.dotcms.publishing.manifest.CSVManifestReaderTest" time="0.001"/>
  <testcase name="include[9: com.dotcms.publishing.manifest.CSVManifestReaderTest$TestCase@522b2ff7]" classname="com.dotcms.publishing.manifest.CSVManifestReaderTest" time="0.001"/>
  <testcase name="include[10: com.dotcms.publishing.manifest.CSVManifestReaderTest$TestCase@88adbfe]" classname="com.dotcms.publishing.manifest.CSVManifestReaderTest" time="0.001"/>
  <testcase name="include[11: com.dotcms.publishing.manifest.CSVManifestReaderTest$TestCase@2903f637]" classname="com.dotcms.publishing.manifest.CSVManifestReaderTest" time="0.001"/>
  <testcase name="include[12: com.dotcms.publishing.manifest.CSVManifestReaderTest$TestCase@5c7b806f]" classname="com.dotcms.publishing.manifest.CSVManifestReaderTest" time="0.001"/>
  <testcase name="include[13: com.dotcms.publishing.manifest.CSVManifestReaderTest$TestCase@57245880]" classname="com.dotcms.publishing.manifest.CSVManifestReaderTest" time="0.001"/>
  <testcase name="include[14: com.dotcms.publishing.manifest.CSVManifestReaderTest$TestCase@92f3cb1]" classname="com.dotcms.publishing.manifest.CSVManifestReaderTest" time="0.001"/>
  <system-out><![CDATA[]]></system-out>
  <system-err><![CDATA[]]></system-err>
</testsuite>
