<?xml version="1.0" encoding="UTF-8"?>
<testsuite name="com.dotmarketing.business.DeterministicIdentifierAPITest" tests="16" skipped="0" failures="0" errors="0" timestamp="2023-07-21T06:55:51" hostname="fv-az484-380" time="1.347">
  <properties/>
  <testcase name="Test_Category_Path_Seed_And_Id" classname="com.dotmarketing.business.DeterministicIdentifierAPITest" time="0.019"/>
  <testcase name="Test_Language_Deterministic_Id[0: LanguageTestCase{expectedSeed='Language:es:US', expectedHash=4913155, langCode='es', countryCode='US', country='United States'}]" classname="com.dotmarketing.business.DeterministicIdentifierAPITest" time="0.001"/>
  <testcase name="Test_Language_Deterministic_Id[1: LanguageTestCase{expectedSeed='Language:ep:', expectedHash=5292269, langCode='ep', countryCode='', country=''}]" classname="com.dotmarketing.business.DeterministicIdentifierAPITest" time="0.001"/>
  <testcase name="Test_Language_Deterministic_Id[2: LanguageTestCase{expectedSeed='Language:sg:SAG', expectedHash=4713118, langCode='sg', countryCode='SAG', country=''}]" classname="com.dotmarketing.business.DeterministicIdentifierAPITest" time="0.001"/>
  <testcase name="Test_Language_Deterministic_Id[3: LanguageTestCase{expectedSeed='Language:en:NZ', expectedHash=5382528, langCode='en', countryCode='NZ', country='New Zealand'}]" classname="com.dotmarketing.business.DeterministicIdentifierAPITest" time="0.0"/>
  <testcase name="Test_Category_None_Persisted_Category_Should_Return_Deterministic_Id" classname="com.dotmarketing.business.DeterministicIdentifierAPITest" time="0.002"/>
  <testcase name="Test_Asset_Generate_Deterministic_Id_Best_Effort[0: TestCase{versionable=my.host1689922168910.com, parent=System Host, expectedName='my.host1689922168910.com', expectedType='Host'}]" classname="com.dotmarketing.business.DeterministicIdentifierAPITest" time="0.002"/>
  <testcase name="Test_Asset_Generate_Deterministic_Id_Best_Effort[1: TestCase{versionable=com.dotmarketing.portlets.contentlet.model.Contentlet@5278e142[map={modDate=2023-07-21 06:49:29.736, fileName=file8030213896456165980.txt, title=file8030213896456165980.txt, inode=6b2381ab-9cb7-4b1d-9445-e30dead55515, __IS_NEW_CONTENT__=true, disabledWYSIWYG=[], host=a9e5a394-7055-443a-954b-78b96bd2daef, stInode=33888b6f-7a8e-4069-b1b6-5c1aa9d0a48d, owner=system, identifier=3af355e5-a96a-4321-b338-78f99130179b, nullProperties=[wfExpireDate, wfPublishDate, wfActionAssign, wfActionId, wfActionComments, filterKey, whereToSend, wfNeverExpire, _path_to_move, timezoneId, iWantTo, wfPublishTime, wfExpireTime], languageId=1, fileAsset=/home/runner/work/core/custom/assets/6/b/6b2381ab-9cb7-4b1d-9445-e30dead55515/fileAsset/file8030213896456165980.txt, folder=05785d56-876e-4d42-a0c1-dcc8269af1c1, __disable_workflow__=true, sortOrder=0, modUser=system},lowIndexPriority=false,variantId=DEFAULT], parent=com.dotmarketing.portlets.folders.model.Folder@f5f0dac[identifier=05785d56-876e-4d42-a0c1-dcc8269af1c1,name=testName1689922169730,sortOrder=0,showOnMenu=false,hostId=a9e5a394-7055-443a-954b-78b96bd2daef,type=folder,title=testTitle1689922169730,filesMasks=,defaultFileType=33888b6f-7a8e-4069-b1b6-5c1aa9d0a48d,modDate=2023-07-21 06:49:29.732,owner=&lt;null&gt;,iDate=2023-07-21 06:49:29.732,inode=05785d56-876e-4d42-a0c1-dcc8269af1c1,path=/testName1689922169730/], expectedName='file8030213896456165980.txt', expectedType='FileAsset'}]" classname="com.dotmarketing.business.DeterministicIdentifierAPITest" time="0.003"/>
  <testcase name="Test_Asset_Generate_Deterministic_Id_Best_Effort[2: TestCase{versionable=com.dotmarketing.portlets.templates.model.Template@a2f1c094, parent=my.host1689922168910.com, expectedName='testTitle1689922169821', expectedType='Template'}]" classname="com.dotmarketing.business.DeterministicIdentifierAPITest" time="0.002"/>
  <testcase name="Test_Asset_Generate_Deterministic_Id_Best_Effort[3: TestCase{versionable=com.dotmarketing.portlets.htmlpageasset.model.HTMLPageAsset@13a23f92[map={template=28940ae2-293d-4149-b2c1-74527fe9214d, owner=system, identifier=b91960a1-a10d-4591-9a35-7353fb2d0764, nullProperties=[wfExpireDate, wfPublishDate, wfActionAssign, wfActionId, wfActionComments, filterKey, whereToSend, wfNeverExpire, _path_to_move, timezoneId, iWantTo, wfPublishTime, wfExpireTime], modDate=2023-07-21 06:49:29.836, cachettl=0, _is_test_mode=true, languageId=1, title=test-page-title-1689922169833, httpsreq=, url=test-page-url-1689922169833, showOnMenu=, inode=20251687-14e7-4dad-ba79-8a1428f019db, folder=05785d56-876e-4d42-a0c1-dcc8269af1c1, disabledWYSIWYG=[], sortOrder=1, modUser=system, host=a9e5a394-7055-443a-954b-78b96bd2daef, stInode=c541abb1-69b3-4bc5-8430-5e09e5239cc8, friendlyName=test-page-friendly-name-1689922169833},lowIndexPriority=false,variantId=DEFAULT], parent=com.dotmarketing.portlets.folders.model.Folder@f5f0dac[identifier=05785d56-876e-4d42-a0c1-dcc8269af1c1,name=testName1689922169730,sortOrder=0,showOnMenu=false,hostId=a9e5a394-7055-443a-954b-78b96bd2daef,type=folder,title=testTitle1689922169730,filesMasks=,defaultFileType=33888b6f-7a8e-4069-b1b6-5c1aa9d0a48d,modDate=2023-07-21 06:49:29.732,owner=&lt;null&gt;,iDate=2023-07-21 06:49:29.732,inode=05785d56-876e-4d42-a0c1-dcc8269af1c1,path=/testName1689922169730/], expectedName='test-page-url-1689922169833', expectedType='htmlpageasset'}]" classname="com.dotmarketing.business.DeterministicIdentifierAPITest" time="0.002"/>
  <testcase name="Test_Asset_Generate_Deterministic_Id_Best_Effort[4: TestCase{versionable=com.dotmarketing.portlets.contentlet.model.Contentlet@73e6d3fd[map={fileAsset2=/home/runner/work/core/custom/assets/4/9/492cb87b-5ce2-44d9-8f96-e746e45171e2/fileAsset2/test_binary1689922170715.png, modDate=2023-07-21 06:49:30.719, fileAsset1=/home/runner/work/core/custom/assets/4/9/492cb87b-5ce2-44d9-8f96-e746e45171e2/fileAsset1/test_binary1689922170715.jpg, title=blah, inode=492cb87b-5ce2-44d9-8f96-e746e45171e2, __IS_NEW_CONTENT__=true, disabledWYSIWYG=[], host=48190c8c-42c4-46af-8d1a-0cd5db894797, stInode=ffe594e2-357d-44bf-9cb4-2e4b18f21022, owner=system, identifier=ae3e45b5-3b27-4e0f-a6f7-61068c8223a0, nullProperties=[], languageId=1, image1=64aa7a1a-c8a2-432a-8ba0-69c515e510f4, folder=SYSTEM_FOLDER, __disable_workflow__=true, sortOrder=0, modUser=system},lowIndexPriority=false,variantId=DEFAULT], parent=demo.dotcms.com, expectedName='test_binary1689922170715.jpg:test_binary1689922170715.png', expectedType='MultipleBinaries1689922170084'}]" classname="com.dotmarketing.business.DeterministicIdentifierAPITest" time="0.002"/>
  <testcase name="Test_Asset_Generate_Deterministic_Id_Best_Effort[5: TestCase{versionable=name5dda74c0e3 : keyTag5dda74c0e3, parent=my.host1689922168910.com, expectedName='keyTag5dda74c0e3', expectedType='persona'}]" classname="com.dotmarketing.business.DeterministicIdentifierAPITest" time="0.002"/>
  <testcase name="Test_Similar_Content_Type_Wont_Clash" classname="com.dotmarketing.business.DeterministicIdentifierAPITest" time="0.412"/>
  <testcase name="Test_Generate_Folder_Identifier" classname="com.dotmarketing.business.DeterministicIdentifierAPITest" time="0.887"/>
  <testcase name="Test_Generate_Content_Type_Identifier[0: ContentTypeTestCase{contentType=KeyValueContentType{name=Language Variable, id=f4d7c1b8-2c88-4071-abf1-a5328977b07d, description=Default Content Type for Language Variables, defaultType=false, fixed=true, iDate=Thu Aug 31 16:38:49 UTC 2017, system=true, versionable=true, variable=Languagevariable, modDate=Fri Jul 21 05:46:12 UTC 2023, host=SYSTEM_HOST, siteName=systemHost, icon=language, sortOrder=0, folder=SYSTEM_FOLDER, folderPath=/, markedForDeletion=true, multilingualable=false}, expectedName='Languagevariable', expectedType='KeyValue'}]" classname="com.dotmarketing.business.DeterministicIdentifierAPITest" time="0.004"/>
  <testcase name="Test_Generate_Content_Type_Identifier[1: ContentTypeTestCase{contentType=SimpleContentType{name=testName1689922171055, id=9da388da-d8b0-4c11-ae7d-0c20431b7eeb, description=testDescription1689922171055, defaultType=false, fixed=false, iDate=Fri Jul 21 06:49:31 UTC 2023, system=false, versionable=true, multilingualable=false, variable=testVarname1689922171055, owner=system, modDate=Fri Jul 21 06:49:31 UTC 2023, host=48190c8c-42c4-46af-8d1a-0cd5db894797, siteName=demo.dotcms.com, icon=event_note, sortOrder=0, folder=SYSTEM_FOLDER, folderPath=/, requiredFields=[], markedForDeletion=false}, expectedName='testVarname1689922171055', expectedType='CONTENT'}]" classname="com.dotmarketing.business.DeterministicIdentifierAPITest" time="0.004"/>
  <system-out><![CDATA[]]></system-out>
  <system-err><![CDATA[]]></system-err>
</testsuite>
