<?xml version="1.0" encoding="UTF-8"?>
<testsuite name="com.dotmarketing.portlets.structure.model.ContentletRelationshipsTest" tests="7" skipped="0" failures="0" errors="0" timestamp="2023-06-27T20:17:49" hostname="fv-az1246-735" time="8.487">
  <properties/>
  <testcase name="testDoesAllowOnlyOne[0: com.dotmarketing.portlets.structure.model.ContentletRelationshipsTest$CardinalityTestCase@692c7e1b]" classname="com.dotmarketing.portlets.structure.model.ContentletRelationshipsTest" time="0.48"/>
  <testcase name="testDoesAllowOnlyOne[1: com.dotmarketing.portlets.structure.model.ContentletRelationshipsTest$CardinalityTestCase@58eb8e60]" classname="com.dotmarketing.portlets.structure.model.ContentletRelationshipsTest" time="0.408"/>
  <testcase name="testDoesAllowOnlyOne[2: com.dotmarketing.portlets.structure.model.ContentletRelationshipsTest$CardinalityTestCase@36268db2]" classname="com.dotmarketing.portlets.structure.model.ContentletRelationshipsTest" time="0.421"/>
  <testcase name="testGetRelationshipRecords[0: com.dotmarketing.portlets.structure.model.ContentletRelationshipsTest$TestCase@6aca18e1]" classname="com.dotmarketing.portlets.structure.model.ContentletRelationshipsTest" time="1.872"/>
  <testcase name="testGetRelationshipRecords[1: com.dotmarketing.portlets.structure.model.ContentletRelationshipsTest$TestCase@609c7f05]" classname="com.dotmarketing.portlets.structure.model.ContentletRelationshipsTest" time="1.845"/>
  <testcase name="testGetRelationshipRecords[2: com.dotmarketing.portlets.structure.model.ContentletRelationshipsTest$TestCase@640065f8]" classname="com.dotmarketing.portlets.structure.model.ContentletRelationshipsTest" time="1.756"/>
  <testcase name="testGetRelationshipRecords[3: com.dotmarketing.portlets.structure.model.ContentletRelationshipsTest$TestCase@66493fd7]" classname="com.dotmarketing.portlets.structure.model.ContentletRelationshipsTest" time="1.705"/>
  <system-out><![CDATA[]]></system-out>
  <system-err><![CDATA[]]></system-err>
</testsuite>
