<?xml version="1.0" encoding="UTF-8"?>
<testsuite name="com.dotmarketing.util.UtilMethodsITest" tests="2" skipped="0" failures="0" errors="0" timestamp="2023-07-17T22:06:22" hostname="fv-az799-554" time="0.048">
  <properties/>
  <testcase name="test_dateToHTMLDate_DefaultTimeZone" classname="com.dotmarketing.util.UtilMethodsITest" time="0.002"/>
  <testcase name="test_dateToHTMLDate_USPacificTimeZone" classname="com.dotmarketing.util.UtilMethodsITest" time="0.046"/>
  <system-out><![CDATA[]]></system-out>
  <system-err><![CDATA[]]></system-err>
</testsuite>
