<?xml version="1.0" encoding="UTF-8"?>
<testsuite name="com.dotmarketing.business.IdentifierCacheImplTest" tests="2" skipped="0" failures="0" errors="0" timestamp="2023-06-27T19:47:30" hostname="fv-az451-154" time="0.01">
  <properties/>
  <testcase name="addIntoCacheWithVariant" classname="com.dotmarketing.business.IdentifierCacheImplTest" time="0.005"/>
  <testcase name="addIntoCache" classname="com.dotmarketing.business.IdentifierCacheImplTest" time="0.005"/>
  <system-out><![CDATA[]]></system-out>
  <system-err><![CDATA[]]></system-err>
</testsuite>
