<?xml version="1.0" encoding="UTF-8"?>
<testsuite name="com.dotmarketing.quartz.job.StartEndScheduledExperimentsJobTest" tests="2" skipped="0" failures="0" errors="0" timestamp="2023-07-20T20:35:27" hostname="fv-az574-670" time="124.01">
  <properties/>
  <testcase name="testJob" classname="com.dotmarketing.quartz.job.StartEndScheduledExperimentsJobTest" time="123.855"/>
  <testcase name="testJob_noLicense" classname="com.dotmarketing.quartz.job.StartEndScheduledExperimentsJobTest" time="0.151"/>
  <system-out><![CDATA[]]></system-out>
  <system-err><![CDATA[]]></system-err>
</testsuite>
