<?xml version="1.0" encoding="UTF-8"?>
<testsuite name="com.dotcms.publishing.PublisherAPIImplTest" tests="24" skipped="0" failures="0" errors="0" timestamp="2023-07-11T21:28:17" hostname="fv-az436-467" time="5.5">
  <properties/>
  <testcase name="AddAllCategoryIntoBundle" classname="com.dotcms.publishing.PublisherAPIImplTest" time="0.277"/>
  <testcase name="testFilterDescriptors" classname="com.dotcms.publishing.PublisherAPIImplTest" time="0.134"/>
  <testcase name="sendPushPublishBundle[0: com.dotcms.publishing.PublisherAPIImplTest$TestAsset@1aa262e0]" classname="com.dotcms.publishing.PublisherAPIImplTest" time="1.558"/>
  <testcase name="sendPushPublishBundle[1: com.dotcms.publishing.PublisherAPIImplTest$TestAsset@4103adaf]" classname="com.dotcms.publishing.PublisherAPIImplTest" time="0.261"/>
  <testcase name="sendPushPublishBundle[2: com.dotcms.publishing.PublisherAPIImplTest$TestAsset@68bdd466]" classname="com.dotcms.publishing.PublisherAPIImplTest" time="0.22"/>
  <testcase name="sendPushPublishBundle[3: com.dotcms.publishing.PublisherAPIImplTest$TestAsset@3e27996c]" classname="com.dotcms.publishing.PublisherAPIImplTest" time="0.326"/>
  <testcase name="sendPushPublishBundle[4: com.dotcms.publishing.PublisherAPIImplTest$TestAsset@371b492a]" classname="com.dotcms.publishing.PublisherAPIImplTest" time="0.292"/>
  <testcase name="sendPushPublishBundle[5: com.dotcms.publishing.PublisherAPIImplTest$TestAsset@6b29e4b3]" classname="com.dotcms.publishing.PublisherAPIImplTest" time="0.189"/>
  <testcase name="sendPushPublishBundle[6: com.dotcms.publishing.PublisherAPIImplTest$TestAsset@6d310354]" classname="com.dotcms.publishing.PublisherAPIImplTest" time="0.2"/>
  <testcase name="sendPushPublishBundle[7: com.dotcms.publishing.PublisherAPIImplTest$TestAsset@6fdf0b67]" classname="com.dotcms.publishing.PublisherAPIImplTest" time="0.201"/>
  <testcase name="sendPushPublishBundle[8: com.dotcms.publishing.PublisherAPIImplTest$TestAsset@2e05daf]" classname="com.dotcms.publishing.PublisherAPIImplTest" time="0.118"/>
  <testcase name="sendPushPublishBundle[9: com.dotcms.publishing.PublisherAPIImplTest$TestAsset@26483d3c]" classname="com.dotcms.publishing.PublisherAPIImplTest" time="0.231"/>
  <testcase name="sendPushPublishBundle[10: com.dotcms.publishing.PublisherAPIImplTest$TestAsset@4306b102]" classname="com.dotcms.publishing.PublisherAPIImplTest" time="0.114"/>
  <testcase name="generateBundle[0: com.dotcms.publishing.PublisherAPIImplTest$TestAsset@1aa262e0]" classname="com.dotcms.publishing.PublisherAPIImplTest" time="0.135"/>
  <testcase name="generateBundle[1: com.dotcms.publishing.PublisherAPIImplTest$TestAsset@4103adaf]" classname="com.dotcms.publishing.PublisherAPIImplTest" time="0.117"/>
  <testcase name="generateBundle[2: com.dotcms.publishing.PublisherAPIImplTest$TestAsset@68bdd466]" classname="com.dotcms.publishing.PublisherAPIImplTest" time="0.118"/>
  <testcase name="generateBundle[3: com.dotcms.publishing.PublisherAPIImplTest$TestAsset@3e27996c]" classname="com.dotcms.publishing.PublisherAPIImplTest" time="0.199"/>
  <testcase name="generateBundle[4: com.dotcms.publishing.PublisherAPIImplTest$TestAsset@371b492a]" classname="com.dotcms.publishing.PublisherAPIImplTest" time="0.205"/>
  <testcase name="generateBundle[5: com.dotcms.publishing.PublisherAPIImplTest$TestAsset@6b29e4b3]" classname="com.dotcms.publishing.PublisherAPIImplTest" time="0.155"/>
  <testcase name="generateBundle[6: com.dotcms.publishing.PublisherAPIImplTest$TestAsset@6d310354]" classname="com.dotcms.publishing.PublisherAPIImplTest" time="0.11"/>
  <testcase name="generateBundle[7: com.dotcms.publishing.PublisherAPIImplTest$TestAsset@6fdf0b67]" classname="com.dotcms.publishing.PublisherAPIImplTest" time="0.104"/>
  <testcase name="generateBundle[8: com.dotcms.publishing.PublisherAPIImplTest$TestAsset@2e05daf]" classname="com.dotcms.publishing.PublisherAPIImplTest" time="0.066"/>
  <testcase name="generateBundle[9: com.dotcms.publishing.PublisherAPIImplTest$TestAsset@26483d3c]" classname="com.dotcms.publishing.PublisherAPIImplTest" time="0.138"/>
  <testcase name="generateBundle[10: com.dotcms.publishing.PublisherAPIImplTest$TestAsset@4306b102]" classname="com.dotcms.publishing.PublisherAPIImplTest" time="0.022"/>
  <system-out><![CDATA[









































































































































































]]></system-out>
  <system-err><![CDATA[]]></system-err>
</testsuite>
