<?xml version="1.0" encoding="UTF-8"?>
<testsuite name="com.dotmarketing.portlets.contentlet.business.ContentletFactoryTest" tests="5" skipped="0" failures="0" errors="0" timestamp="2023-06-28T00:40:13" hostname="fv-az175-688" time="4.321">
  <properties/>
  <testcase name="Create_Contentlets_Then_Count" classname="com.dotmarketing.portlets.contentlet.business.ContentletFactoryTest" time="0.45"/>
  <testcase name="findAllCurrentOffsetLimit" classname="com.dotmarketing.portlets.contentlet.business.ContentletFactoryTest" time="2.398"/>
  <testcase name="find" classname="com.dotmarketing.portlets.contentlet.business.ContentletFactoryTest" time="0.004"/>
  <testcase name="Create_Contentlet_Then_find_Expect_Cache_Hit_Then_Remove_Expect_404" classname="com.dotmarketing.portlets.contentlet.business.ContentletFactoryTest" time="1.467"/>
  <testcase name="findAllCurrent" classname="com.dotmarketing.portlets.contentlet.business.ContentletFactoryTest" time="0.002"/>
  <system-out><![CDATA[]]></system-out>
  <system-err><![CDATA[]]></system-err>
</testsuite>
