<?xml version="1.0" encoding="UTF-8"?>
<testsuite name="com.dotcms.rest.api.v1.vtl.VTLResourceIntegrationTest" tests="6" skipped="0" failures="0" errors="0" timestamp="2023-07-18T06:16:48" hostname="fv-az1235-995" time="12.391">
  <properties/>
  <testcase name="testGet[0: com.dotcms.rest.api.v1.vtl.VTLResourceTestCase@1d30f9a4]" classname="com.dotcms.rest.api.v1.vtl.VTLResourceIntegrationTest" time="2.34"/>
  <testcase name="testGet[1: com.dotcms.rest.api.v1.vtl.VTLResourceTestCase@2bca51ce]" classname="com.dotcms.rest.api.v1.vtl.VTLResourceIntegrationTest" time="1.858"/>
  <testcase name="testGet[2: com.dotcms.rest.api.v1.vtl.VTLResourceTestCase@56d59684]" classname="com.dotcms.rest.api.v1.vtl.VTLResourceIntegrationTest" time="2.165"/>
  <testcase name="testGet[3: com.dotcms.rest.api.v1.vtl.VTLResourceTestCase@69f3b28e]" classname="com.dotcms.rest.api.v1.vtl.VTLResourceIntegrationTest" time="2.032"/>
  <testcase name="testGet[4: com.dotcms.rest.api.v1.vtl.VTLResourceTestCase@73148bcd]" classname="com.dotcms.rest.api.v1.vtl.VTLResourceIntegrationTest" time="1.851"/>
  <testcase name="testGet[5: com.dotcms.rest.api.v1.vtl.VTLResourceTestCase@aa9f040]" classname="com.dotcms.rest.api.v1.vtl.VTLResourceIntegrationTest" time="2.144"/>
  <system-out><![CDATA[]]></system-out>
  <system-err><![CDATA[]]></system-err>
</testsuite>
