<?xml version="1.0" encoding="UTF-8"?>
<testsuite name="com.dotcms.rest.elasticsearch.ESContentResourcePortletTest" tests="8" skipped="0" failures="0" errors="0" timestamp="2023-07-13T18:52:29" hostname="fv-az254-636" time="9.971">
  <properties/>
  <testcase name="test_search_includeGrandChildCategory_success" classname="com.dotcms.rest.elasticsearch.ESContentResourcePortletTest" time="2.601"/>
  <testcase name="testSearch[0: com.dotcms.rest.elasticsearch.ESContentResourcePortletTest$TestCase@6d8791b4]" classname="com.dotcms.rest.elasticsearch.ESContentResourcePortletTest" time="1.078"/>
  <testcase name="testSearch[1: com.dotcms.rest.elasticsearch.ESContentResourcePortletTest$TestCase@3fbc46d4]" classname="com.dotcms.rest.elasticsearch.ESContentResourcePortletTest" time="1.351"/>
  <testcase name="testSearch[2: com.dotcms.rest.elasticsearch.ESContentResourcePortletTest$TestCase@518a6673]" classname="com.dotcms.rest.elasticsearch.ESContentResourcePortletTest" time="1.153"/>
  <testcase name="testSearch[3: com.dotcms.rest.elasticsearch.ESContentResourcePortletTest$TestCase@2ce720bf]" classname="com.dotcms.rest.elasticsearch.ESContentResourcePortletTest" time="0.337"/>
  <testcase name="testSearch[4: com.dotcms.rest.elasticsearch.ESContentResourcePortletTest$TestCase@7d3c1ea6]" classname="com.dotcms.rest.elasticsearch.ESContentResourcePortletTest" time="1.334"/>
  <testcase name="testSearch[5: com.dotcms.rest.elasticsearch.ESContentResourcePortletTest$TestCase@206b6d33]" classname="com.dotcms.rest.elasticsearch.ESContentResourcePortletTest" time="1.044"/>
  <testcase name="testSearch[6: com.dotcms.rest.elasticsearch.ESContentResourcePortletTest$TestCase@22d02eb3]" classname="com.dotcms.rest.elasticsearch.ESContentResourcePortletTest" time="1.07"/>
  <system-out><![CDATA[]]></system-out>
  <system-err><![CDATA[]]></system-err>
</testsuite>
