<?xml version="1.0" encoding="UTF-8"?>
<testsuite name="com.dotcms.contenttype.test.FieldFactoryImplTest" tests="21" skipped="0" failures="0" errors="0" timestamp="2023-06-29T19:35:43" hostname="fv-az254-767" time="33.387">
  <properties/>
  <testcase name="testBadBoolDBColumn" classname="com.dotcms.contenttype.test.FieldFactoryImplTest" time="0.023"/>
  <testcase name="testBadIntDBColumn" classname="com.dotcms.contenttype.test.FieldFactoryImplTest" time="0.029"/>
  <testcase name="testBadLegacyDBColumn" classname="com.dotcms.contenttype.test.FieldFactoryImplTest" time="0.032"/>
  <testcase name="testBinaryFieldDataType" classname="com.dotcms.contenttype.test.FieldFactoryImplTest" time="0.036"/>
  <testcase name="testDataTypeLimit" classname="com.dotcms.contenttype.test.FieldFactoryImplTest" time="20.395"/>
  <testcase name="testDeletingFields" classname="com.dotcms.contenttype.test.FieldFactoryImplTest" time="2.803"/>
  <testcase name="testEquals" classname="com.dotcms.contenttype.test.FieldFactoryImplTest" time="0.89"/>
  <testcase name="testFieldImplClasses" classname="com.dotcms.contenttype.test.FieldFactoryImplTest" time="0.003"/>
  <testcase name="testFieldVariables" classname="com.dotcms.contenttype.test.FieldFactoryImplTest" time="3.845"/>
  <testcase name="testFindByTypeMethods" classname="com.dotcms.contenttype.test.FieldFactoryImplTest" time="0.018"/>
  <testcase name="testLegacyFieldBuilder" classname="com.dotcms.contenttype.test.FieldFactoryImplTest" time="0.023"/>
  <testcase name="testReorderField" classname="com.dotcms.contenttype.test.FieldFactoryImplTest" time="0.065"/>
  <testcase name="testSaveAndFindReturnSameObject" classname="com.dotcms.contenttype.test.FieldFactoryImplTest" time="0.038"/>
  <testcase name="testSelectByContentTypeIdFieldRelationTypeInDb" classname="com.dotcms.contenttype.test.FieldFactoryImplTest" time="1.635"/>
  <testcase name="testSelectByContentTypeInDb" classname="com.dotcms.contenttype.test.FieldFactoryImplTest" time="1.552"/>
  <testcase name="testSelectByContentTypeVarInDb" classname="com.dotcms.contenttype.test.FieldFactoryImplTest" time="1.678"/>
  <testcase name="testSuggestVelocityVar" classname="com.dotcms.contenttype.test.FieldFactoryImplTest" time="0.156"/>
  <testcase name="testTextDBColumn" classname="com.dotcms.contenttype.test.FieldFactoryImplTest" time="0.051"/>
  <testcase name="testTextFloatColumn" classname="com.dotcms.contenttype.test.FieldFactoryImplTest" time="0.05"/>
  <testcase name="testTextIntColumn" classname="com.dotcms.contenttype.test.FieldFactoryImplTest" time="0.054"/>
  <testcase name="testUTF8SuggestVariable" classname="com.dotcms.contenttype.test.FieldFactoryImplTest" time="0.002"/>
  <system-out><![CDATA[]]></system-out>
  <system-err><![CDATA[]]></system-err>
</testsuite>
