<?xml version="1.0" encoding="UTF-8"?>
<testsuite name="com.dotcms.rest.TagResourceIntegrationTest" tests="4" skipped="0" failures="0" errors="0" timestamp="2023-06-29T20:26:06" hostname="fv-az189-858" time="0.305">
  <properties/>
  <testcase name="testList[0: com.dotcms.rest.TagResourceTestCase@1affda65]" classname="com.dotcms.rest.TagResourceIntegrationTest" time="0.23"/>
  <testcase name="testList[1: com.dotcms.rest.TagResourceTestCase@57e9b77]" classname="com.dotcms.rest.TagResourceIntegrationTest" time="0.021"/>
  <testcase name="testList[2: com.dotcms.rest.TagResourceTestCase@5a4f6565]" classname="com.dotcms.rest.TagResourceIntegrationTest" time="0.036"/>
  <testcase name="testList[3: com.dotcms.rest.TagResourceTestCase@4823d6d8]" classname="com.dotcms.rest.TagResourceIntegrationTest" time="0.018"/>
  <system-out><![CDATA[]]></system-out>
  <system-err><![CDATA[Jun 29, 2023 8:26:06 PM com.dotcms.repackage.org.hibernate.validator.internal.util.Version <clinit>
INFO: HV000001: Hibernate Validator 4.3.2.Final
]]></system-err>
</testsuite>
