<?xml version="1.0" encoding="UTF-8"?>
<testsuite name="com.dotmarketing.startup.runonce.Task220825CreateVariantFieldTest" tests="4" skipped="0" failures="0" errors="0" timestamp="2023-06-30T15:43:03" hostname="fv-az193-238" time="1.202">
  <properties/>
  <testcase name="conntentletVersionInfoWithVariant" classname="com.dotmarketing.startup.runonce.Task220825CreateVariantFieldTest" time="1.146"/>
  <testcase name="runningTU" classname="com.dotmarketing.startup.runonce.Task220825CreateVariantFieldTest" time="0.021"/>
  <testcase name="forceRun" classname="com.dotmarketing.startup.runonce.Task220825CreateVariantFieldTest" time="0.018"/>
  <testcase name="runningTwice" classname="com.dotmarketing.startup.runonce.Task220825CreateVariantFieldTest" time="0.015"/>
  <system-out><![CDATA[]]></system-out>
  <system-err><![CDATA[]]></system-err>
</testsuite>
