<?xml version="1.0" encoding="UTF-8"?>
<testsuite name="com.dotmarketing.portlets.structure.model.ContentletRelationshipsTest" tests="7" skipped="0" failures="0" errors="0" timestamp="2023-06-23T23:38:40" hostname="fv-az805-638" time="7.912">
  <properties/>
  <testcase name="testDoesAllowOnlyOne[0: com.dotmarketing.portlets.structure.model.ContentletRelationshipsTest$CardinalityTestCase@312b4449]" classname="com.dotmarketing.portlets.structure.model.ContentletRelationshipsTest" time="0.476"/>
  <testcase name="testDoesAllowOnlyOne[1: com.dotmarketing.portlets.structure.model.ContentletRelationshipsTest$CardinalityTestCase@49364834]" classname="com.dotmarketing.portlets.structure.model.ContentletRelationshipsTest" time="0.445"/>
  <testcase name="testDoesAllowOnlyOne[2: com.dotmarketing.portlets.structure.model.ContentletRelationshipsTest$CardinalityTestCase@50ef0625]" classname="com.dotmarketing.portlets.structure.model.ContentletRelationshipsTest" time="0.445"/>
  <testcase name="testGetRelationshipRecords[0: com.dotmarketing.portlets.structure.model.ContentletRelationshipsTest$TestCase@6edfdcfe]" classname="com.dotmarketing.portlets.structure.model.ContentletRelationshipsTest" time="2.0"/>
  <testcase name="testGetRelationshipRecords[1: com.dotmarketing.portlets.structure.model.ContentletRelationshipsTest$TestCase@5bdd460]" classname="com.dotmarketing.portlets.structure.model.ContentletRelationshipsTest" time="1.933"/>
  <testcase name="testGetRelationshipRecords[2: com.dotmarketing.portlets.structure.model.ContentletRelationshipsTest$TestCase@7eb14b0b]" classname="com.dotmarketing.portlets.structure.model.ContentletRelationshipsTest" time="0.802"/>
  <testcase name="testGetRelationshipRecords[3: com.dotmarketing.portlets.structure.model.ContentletRelationshipsTest$TestCase@56c7b4d6]" classname="com.dotmarketing.portlets.structure.model.ContentletRelationshipsTest" time="1.811"/>
  <system-out><![CDATA[]]></system-out>
  <system-err><![CDATA[]]></system-err>
</testsuite>
