<?xml version="1.0" encoding="UTF-8"?>
<testsuite name="com.dotcms.rest.api.v1.vtl.VTLResourceIntegrationTest" tests="6" skipped="0" failures="0" errors="0" timestamp="2023-06-27T16:00:58" hostname="fv-az354-410" time="12.376">
  <properties/>
  <testcase name="testGet[0: com.dotcms.rest.api.v1.vtl.VTLResourceTestCase@7d2f54d7]" classname="com.dotcms.rest.api.v1.vtl.VTLResourceIntegrationTest" time="2.447"/>
  <testcase name="testGet[1: com.dotcms.rest.api.v1.vtl.VTLResourceTestCase@24a77dac]" classname="com.dotcms.rest.api.v1.vtl.VTLResourceIntegrationTest" time="1.958"/>
  <testcase name="testGet[2: com.dotcms.rest.api.v1.vtl.VTLResourceTestCase@2a4b2f2d]" classname="com.dotcms.rest.api.v1.vtl.VTLResourceIntegrationTest" time="2.302"/>
  <testcase name="testGet[3: com.dotcms.rest.api.v1.vtl.VTLResourceTestCase@582c7623]" classname="com.dotcms.rest.api.v1.vtl.VTLResourceIntegrationTest" time="1.671"/>
  <testcase name="testGet[4: com.dotcms.rest.api.v1.vtl.VTLResourceTestCase@5fa2081d]" classname="com.dotcms.rest.api.v1.vtl.VTLResourceIntegrationTest" time="2.051"/>
  <testcase name="testGet[5: com.dotcms.rest.api.v1.vtl.VTLResourceTestCase@40774458]" classname="com.dotcms.rest.api.v1.vtl.VTLResourceIntegrationTest" time="1.947"/>
  <system-out><![CDATA[]]></system-out>
  <system-err><![CDATA[]]></system-err>
</testsuite>
