<?xml version="1.0" encoding="UTF-8"?>
<testsuite name="com.dotmarketing.portlets.rules.conditionlet.VisitedUrlConditionletTest" tests="9" skipped="0" failures="0" errors="0" timestamp="2023-06-30T23:35:28" hostname="fv-az449-126" time="0.058">
  <properties/>
  <testcase name="testWrongRegexComparison" classname="com.dotmarketing.portlets.rules.conditionlet.VisitedUrlConditionletTest" time="0.011"/>
  <testcase name="testIsComparison" classname="com.dotmarketing.portlets.rules.conditionlet.VisitedUrlConditionletTest" time="0.003"/>
  <testcase name="testStartWithComparison" classname="com.dotmarketing.portlets.rules.conditionlet.VisitedUrlConditionletTest" time="0.007"/>
  <testcase name="testIsNotComparison" classname="com.dotmarketing.portlets.rules.conditionlet.VisitedUrlConditionletTest" time="0.003"/>
  <testcase name="testContainsComparison" classname="com.dotmarketing.portlets.rules.conditionlet.VisitedUrlConditionletTest" time="0.006"/>
  <testcase name="testEndsWithComparison" classname="com.dotmarketing.portlets.rules.conditionlet.VisitedUrlConditionletTest" time="0.016"/>
  <testcase name="testRegexComparison" classname="com.dotmarketing.portlets.rules.conditionlet.VisitedUrlConditionletTest" time="0.007"/>
  <testcase name="testWrongIsNotComparison" classname="com.dotmarketing.portlets.rules.conditionlet.VisitedUrlConditionletTest" time="0.003"/>
  <testcase name="testVisitedUrlConditionletConfiguration" classname="com.dotmarketing.portlets.rules.conditionlet.VisitedUrlConditionletTest" time="0.0"/>
  <system-out><![CDATA[]]></system-out>
  <system-err><![CDATA[]]></system-err>
</testsuite>
