<?xml version="1.0" encoding="UTF-8"?>
<testsuite name="com.dotmarketing.servlets.ajax.AjaxDirectorServletIntegrationTest" tests="2" skipped="0" failures="0" errors="0" timestamp="2023-07-07T17:46:45" hostname="fv-az617-548" time="2.247">
  <properties/>
  <testcase name="testService[0: com.dotmarketing.servlets.ajax.AjaxDirectorServletTestCase@3148ab01]" classname="com.dotmarketing.servlets.ajax.AjaxDirectorServletIntegrationTest" time="1.001"/>
  <testcase name="testService[1: com.dotmarketing.servlets.ajax.AjaxDirectorServletTestCase@3dc4f745]" classname="com.dotmarketing.servlets.ajax.AjaxDirectorServletIntegrationTest" time="1.246"/>
  <system-out><![CDATA[]]></system-out>
  <system-err><![CDATA[]]></system-err>
</testsuite>
