<?xml version="1.0" encoding="UTF-8"?>
<testsuite name="com.dotcms.rendering.velocity.viewtools.content.util.ContentUtilsTest" tests="89" skipped="0" failures="0" errors="0" timestamp="2023-07-03T17:25:34" hostname="fv-az564-656" time="406.518">
  <properties/>
  <testcase name="whenTheTimeMachineDateIsNullAndPublishDateInFutureShouldNotReturnAnything" classname="com.dotcms.rendering.velocity.viewtools.content.util.ContentUtilsTest" time="3.739"/>
  <testcase name="test_find_multilingual_contentlet_getContentletSuccessfully" classname="com.dotcms.rendering.velocity.viewtools.content.util.ContentUtilsTest" time="2.372"/>
  <testcase name="whenTheTimeMachineDateAndPublishDateAreTomorrowShouldReturnOneContent" classname="com.dotcms.rendering.velocity.viewtools.content.util.ContentUtilsTest" time="3.744"/>
  <testcase name="testPullRelated[0: com.dotcms.rendering.velocity.viewtools.content.util.ContentUtilsTest$TestCase@349ee26c]" classname="com.dotcms.rendering.velocity.viewtools.content.util.ContentUtilsTest" time="4.078"/>
  <testcase name="testPullRelated[1: com.dotcms.rendering.velocity.viewtools.content.util.ContentUtilsTest$TestCase@9dc9871]" classname="com.dotcms.rendering.velocity.viewtools.content.util.ContentUtilsTest" time="4.214"/>
  <testcase name="testPullRelated[2: com.dotcms.rendering.velocity.viewtools.content.util.ContentUtilsTest$TestCase@7284f69]" classname="com.dotcms.rendering.velocity.viewtools.content.util.ContentUtilsTest" time="4.16"/>
  <testcase name="testPullRelated[3: com.dotcms.rendering.velocity.viewtools.content.util.ContentUtilsTest$TestCase@5f2ce56d]" classname="com.dotcms.rendering.velocity.viewtools.content.util.ContentUtilsTest" time="2.965"/>
  <testcase name="testPullRelated[4: com.dotcms.rendering.velocity.viewtools.content.util.ContentUtilsTest$TestCase@1c62f166]" classname="com.dotcms.rendering.velocity.viewtools.content.util.ContentUtilsTest" time="4.168"/>
  <testcase name="testPullRelated[5: com.dotcms.rendering.velocity.viewtools.content.util.ContentUtilsTest$TestCase@7190fd8b]" classname="com.dotcms.rendering.velocity.viewtools.content.util.ContentUtilsTest" time="3.767"/>
  <testcase name="testPullRelated[6: com.dotcms.rendering.velocity.viewtools.content.util.ContentUtilsTest$TestCase@3486b7d7]" classname="com.dotcms.rendering.velocity.viewtools.content.util.ContentUtilsTest" time="4.528"/>
  <testcase name="testPullRelated[7: com.dotcms.rendering.velocity.viewtools.content.util.ContentUtilsTest$TestCase@c392ba7]" classname="com.dotcms.rendering.velocity.viewtools.content.util.ContentUtilsTest" time="3.923"/>
  <testcase name="testPullRelated[8: com.dotcms.rendering.velocity.viewtools.content.util.ContentUtilsTest$TestCase@7db0287]" classname="com.dotcms.rendering.velocity.viewtools.content.util.ContentUtilsTest" time="2.983"/>
  <testcase name="testPullRelated[9: com.dotcms.rendering.velocity.viewtools.content.util.ContentUtilsTest$TestCase@71d1db52]" classname="com.dotcms.rendering.velocity.viewtools.content.util.ContentUtilsTest" time="3.915"/>
  <testcase name="testPullRelated[10: com.dotcms.rendering.velocity.viewtools.content.util.ContentUtilsTest$TestCase@7068e2b0]" classname="com.dotcms.rendering.velocity.viewtools.content.util.ContentUtilsTest" time="3.39"/>
  <testcase name="testPullRelated[11: com.dotcms.rendering.velocity.viewtools.content.util.ContentUtilsTest$TestCase@35c98b09]" classname="com.dotcms.rendering.velocity.viewtools.content.util.ContentUtilsTest" time="3.059"/>
  <testcase name="testPullRelated[12: com.dotcms.rendering.velocity.viewtools.content.util.ContentUtilsTest$TestCase@6ad9780d]" classname="com.dotcms.rendering.velocity.viewtools.content.util.ContentUtilsTest" time="3.772"/>
  <testcase name="testPullRelated[13: com.dotcms.rendering.velocity.viewtools.content.util.ContentUtilsTest$TestCase@152d254f]" classname="com.dotcms.rendering.velocity.viewtools.content.util.ContentUtilsTest" time="4.137"/>
  <testcase name="testPullRelated[14: com.dotcms.rendering.velocity.viewtools.content.util.ContentUtilsTest$TestCase@22e73838]" classname="com.dotcms.rendering.velocity.viewtools.content.util.ContentUtilsTest" time="2.832"/>
  <testcase name="testPullRelated[15: com.dotcms.rendering.velocity.viewtools.content.util.ContentUtilsTest$TestCase@5b0f7eae]" classname="com.dotcms.rendering.velocity.viewtools.content.util.ContentUtilsTest" time="4.264"/>
  <testcase name="testPullRelated[16: com.dotcms.rendering.velocity.viewtools.content.util.ContentUtilsTest$TestCase@7a376cd2]" classname="com.dotcms.rendering.velocity.viewtools.content.util.ContentUtilsTest" time="2.848"/>
  <testcase name="testPullRelated[17: com.dotcms.rendering.velocity.viewtools.content.util.ContentUtilsTest$TestCase@64c2986]" classname="com.dotcms.rendering.velocity.viewtools.content.util.ContentUtilsTest" time="4.041"/>
  <testcase name="testPullRelated[18: com.dotcms.rendering.velocity.viewtools.content.util.ContentUtilsTest$TestCase@1df1e78f]" classname="com.dotcms.rendering.velocity.viewtools.content.util.ContentUtilsTest" time="3.285"/>
  <testcase name="testPullRelated[19: com.dotcms.rendering.velocity.viewtools.content.util.ContentUtilsTest$TestCase@3dab1091]" classname="com.dotcms.rendering.velocity.viewtools.content.util.ContentUtilsTest" time="4.164"/>
  <testcase name="testPullRelated[20: com.dotcms.rendering.velocity.viewtools.content.util.ContentUtilsTest$TestCase@7cbbaa0a]" classname="com.dotcms.rendering.velocity.viewtools.content.util.ContentUtilsTest" time="3.787"/>
  <testcase name="testPullRelated[21: com.dotcms.rendering.velocity.viewtools.content.util.ContentUtilsTest$TestCase@1b5cac02]" classname="com.dotcms.rendering.velocity.viewtools.content.util.ContentUtilsTest" time="4.037"/>
  <testcase name="testPullRelated[22: com.dotcms.rendering.velocity.viewtools.content.util.ContentUtilsTest$TestCase@903fd79]" classname="com.dotcms.rendering.velocity.viewtools.content.util.ContentUtilsTest" time="3.292"/>
  <testcase name="testPullRelated[23: com.dotcms.rendering.velocity.viewtools.content.util.ContentUtilsTest$TestCase@6cc95b50]" classname="com.dotcms.rendering.velocity.viewtools.content.util.ContentUtilsTest" time="4.174"/>
  <testcase name="testPullRelated[24: com.dotcms.rendering.velocity.viewtools.content.util.ContentUtilsTest$TestCase@4d034739]" classname="com.dotcms.rendering.velocity.viewtools.content.util.ContentUtilsTest" time="3.935"/>
  <testcase name="testPullRelated[25: com.dotcms.rendering.velocity.viewtools.content.util.ContentUtilsTest$TestCase@33c1ce27]" classname="com.dotcms.rendering.velocity.viewtools.content.util.ContentUtilsTest" time="3.14"/>
  <testcase name="testPullRelated[26: com.dotcms.rendering.velocity.viewtools.content.util.ContentUtilsTest$TestCase@25bf0513]" classname="com.dotcms.rendering.velocity.viewtools.content.util.ContentUtilsTest" time="3.908"/>
  <testcase name="testPullRelated[27: com.dotcms.rendering.velocity.viewtools.content.util.ContentUtilsTest$TestCase@38ac92f]" classname="com.dotcms.rendering.velocity.viewtools.content.util.ContentUtilsTest" time="3.22"/>
  <testcase name="testPullRelated[28: com.dotcms.rendering.velocity.viewtools.content.util.ContentUtilsTest$TestCase@54e77ce8]" classname="com.dotcms.rendering.velocity.viewtools.content.util.ContentUtilsTest" time="3.145"/>
  <testcase name="testPullRelated[29: com.dotcms.rendering.velocity.viewtools.content.util.ContentUtilsTest$TestCase@69ea30a5]" classname="com.dotcms.rendering.velocity.viewtools.content.util.ContentUtilsTest" time="3.816"/>
  <testcase name="testPullRelated[30: com.dotcms.rendering.velocity.viewtools.content.util.ContentUtilsTest$TestCase@34a02716]" classname="com.dotcms.rendering.velocity.viewtools.content.util.ContentUtilsTest" time="3.299"/>
  <testcase name="testPullRelated[31: com.dotcms.rendering.velocity.viewtools.content.util.ContentUtilsTest$TestCase@6136531c]" classname="com.dotcms.rendering.velocity.viewtools.content.util.ContentUtilsTest" time="3.973"/>
  <testcase name="testPullRelated[32: com.dotcms.rendering.velocity.viewtools.content.util.ContentUtilsTest$TestCase@e5963ee]" classname="com.dotcms.rendering.velocity.viewtools.content.util.ContentUtilsTest" time="3.138"/>
  <testcase name="testPullRelated[33: com.dotcms.rendering.velocity.viewtools.content.util.ContentUtilsTest$TestCase@368e1598]" classname="com.dotcms.rendering.velocity.viewtools.content.util.ContentUtilsTest" time="3.852"/>
  <testcase name="testPullRelated[34: com.dotcms.rendering.velocity.viewtools.content.util.ContentUtilsTest$TestCase@3230cc8]" classname="com.dotcms.rendering.velocity.viewtools.content.util.ContentUtilsTest" time="3.261"/>
  <testcase name="testPullRelated[35: com.dotcms.rendering.velocity.viewtools.content.util.ContentUtilsTest$TestCase@505e0103]" classname="com.dotcms.rendering.velocity.viewtools.content.util.ContentUtilsTest" time="4.124"/>
  <testcase name="testPullRelated[36: com.dotcms.rendering.velocity.viewtools.content.util.ContentUtilsTest$TestCase@15dd5ef5]" classname="com.dotcms.rendering.velocity.viewtools.content.util.ContentUtilsTest" time="6.246"/>
  <testcase name="testPullRelated[37: com.dotcms.rendering.velocity.viewtools.content.util.ContentUtilsTest$TestCase@5339bb03]" classname="com.dotcms.rendering.velocity.viewtools.content.util.ContentUtilsTest" time="6.011"/>
  <testcase name="testPullRelated[38: com.dotcms.rendering.velocity.viewtools.content.util.ContentUtilsTest$TestCase@48e7b8e0]" classname="com.dotcms.rendering.velocity.viewtools.content.util.ContentUtilsTest" time="5.668"/>
  <testcase name="testPullRelated[39: com.dotcms.rendering.velocity.viewtools.content.util.ContentUtilsTest$TestCase@6811eee6]" classname="com.dotcms.rendering.velocity.viewtools.content.util.ContentUtilsTest" time="6.54"/>
  <testcase name="testPullRelated[40: com.dotcms.rendering.velocity.viewtools.content.util.ContentUtilsTest$TestCase@17443fe7]" classname="com.dotcms.rendering.velocity.viewtools.content.util.ContentUtilsTest" time="6.497"/>
  <testcase name="testPullRelated[41: com.dotcms.rendering.velocity.viewtools.content.util.ContentUtilsTest$TestCase@93b7faf]" classname="com.dotcms.rendering.velocity.viewtools.content.util.ContentUtilsTest" time="6.873"/>
  <testcase name="testPullRelated[42: com.dotcms.rendering.velocity.viewtools.content.util.ContentUtilsTest$TestCase@7ceef6d0]" classname="com.dotcms.rendering.velocity.viewtools.content.util.ContentUtilsTest" time="6.373"/>
  <testcase name="testPullRelated[43: com.dotcms.rendering.velocity.viewtools.content.util.ContentUtilsTest$TestCase@1b6f4175]" classname="com.dotcms.rendering.velocity.viewtools.content.util.ContentUtilsTest" time="6.086"/>
  <testcase name="testPullRelated[44: com.dotcms.rendering.velocity.viewtools.content.util.ContentUtilsTest$TestCase@2de2eef8]" classname="com.dotcms.rendering.velocity.viewtools.content.util.ContentUtilsTest" time="5.955"/>
  <testcase name="testPullRelated[45: com.dotcms.rendering.velocity.viewtools.content.util.ContentUtilsTest$TestCase@7f763aec]" classname="com.dotcms.rendering.velocity.viewtools.content.util.ContentUtilsTest" time="5.794"/>
  <testcase name="testPullRelated[46: com.dotcms.rendering.velocity.viewtools.content.util.ContentUtilsTest$TestCase@74250ba4]" classname="com.dotcms.rendering.velocity.viewtools.content.util.ContentUtilsTest" time="6.42"/>
  <testcase name="testPullRelated[47: com.dotcms.rendering.velocity.viewtools.content.util.ContentUtilsTest$TestCase@15a098bc]" classname="com.dotcms.rendering.velocity.viewtools.content.util.ContentUtilsTest" time="5.296"/>
  <testcase name="testPullRelated[48: com.dotcms.rendering.velocity.viewtools.content.util.ContentUtilsTest$TestCase@2f8f21de]" classname="com.dotcms.rendering.velocity.viewtools.content.util.ContentUtilsTest" time="6.789"/>
  <testcase name="testPullRelated[49: com.dotcms.rendering.velocity.viewtools.content.util.ContentUtilsTest$TestCase@6160cf99]" classname="com.dotcms.rendering.velocity.viewtools.content.util.ContentUtilsTest" time="5.93"/>
  <testcase name="testPullRelated[50: com.dotcms.rendering.velocity.viewtools.content.util.ContentUtilsTest$TestCase@3dc4803a]" classname="com.dotcms.rendering.velocity.viewtools.content.util.ContentUtilsTest" time="6.543"/>
  <testcase name="testPullRelated[51: com.dotcms.rendering.velocity.viewtools.content.util.ContentUtilsTest$TestCase@2cb09a46]" classname="com.dotcms.rendering.velocity.viewtools.content.util.ContentUtilsTest" time="5.008"/>
  <testcase name="testPullRelated[52: com.dotcms.rendering.velocity.viewtools.content.util.ContentUtilsTest$TestCase@7ae7cfdf]" classname="com.dotcms.rendering.velocity.viewtools.content.util.ContentUtilsTest" time="5.858"/>
  <testcase name="testPullRelated[53: com.dotcms.rendering.velocity.viewtools.content.util.ContentUtilsTest$TestCase@1d1ccb1d]" classname="com.dotcms.rendering.velocity.viewtools.content.util.ContentUtilsTest" time="6.271"/>
  <testcase name="testPullRelated[54: com.dotcms.rendering.velocity.viewtools.content.util.ContentUtilsTest$TestCase@4c05dd4]" classname="com.dotcms.rendering.velocity.viewtools.content.util.ContentUtilsTest" time="5.363"/>
  <testcase name="testPullRelated[55: com.dotcms.rendering.velocity.viewtools.content.util.ContentUtilsTest$TestCase@2c0a95a0]" classname="com.dotcms.rendering.velocity.viewtools.content.util.ContentUtilsTest" time="4.915"/>
  <testcase name="testPullRelated[56: com.dotcms.rendering.velocity.viewtools.content.util.ContentUtilsTest$TestCase@68572ec9]" classname="com.dotcms.rendering.velocity.viewtools.content.util.ContentUtilsTest" time="6.281"/>
  <testcase name="testPullRelated[57: com.dotcms.rendering.velocity.viewtools.content.util.ContentUtilsTest$TestCase@13e844fd]" classname="com.dotcms.rendering.velocity.viewtools.content.util.ContentUtilsTest" time="6.038"/>
  <testcase name="testPullRelated[58: com.dotcms.rendering.velocity.viewtools.content.util.ContentUtilsTest$TestCase@15c085a9]" classname="com.dotcms.rendering.velocity.viewtools.content.util.ContentUtilsTest" time="6.246"/>
  <testcase name="testPullRelated[59: com.dotcms.rendering.velocity.viewtools.content.util.ContentUtilsTest$TestCase@6d9fa524]" classname="com.dotcms.rendering.velocity.viewtools.content.util.ContentUtilsTest" time="6.206"/>
  <testcase name="testPullRelated[60: com.dotcms.rendering.velocity.viewtools.content.util.ContentUtilsTest$TestCase@3c6fef38]" classname="com.dotcms.rendering.velocity.viewtools.content.util.ContentUtilsTest" time="6.942"/>
  <testcase name="testPullRelated[61: com.dotcms.rendering.velocity.viewtools.content.util.ContentUtilsTest$TestCase@6d719be4]" classname="com.dotcms.rendering.velocity.viewtools.content.util.ContentUtilsTest" time="6.059"/>
  <testcase name="testPullRelated[62: com.dotcms.rendering.velocity.viewtools.content.util.ContentUtilsTest$TestCase@7c0db62e]" classname="com.dotcms.rendering.velocity.viewtools.content.util.ContentUtilsTest" time="6.22"/>
  <testcase name="testPullRelated[63: com.dotcms.rendering.velocity.viewtools.content.util.ContentUtilsTest$TestCase@6c2b9a0e]" classname="com.dotcms.rendering.velocity.viewtools.content.util.ContentUtilsTest" time="6.216"/>
  <testcase name="testPullRelated[64: com.dotcms.rendering.velocity.viewtools.content.util.ContentUtilsTest$TestCase@2ffeae9c]" classname="com.dotcms.rendering.velocity.viewtools.content.util.ContentUtilsTest" time="5.934"/>
  <testcase name="testPullRelated[65: com.dotcms.rendering.velocity.viewtools.content.util.ContentUtilsTest$TestCase@4eb1ae3c]" classname="com.dotcms.rendering.velocity.viewtools.content.util.ContentUtilsTest" time="6.067"/>
  <testcase name="testPullRelated[66: com.dotcms.rendering.velocity.viewtools.content.util.ContentUtilsTest$TestCase@5f9cdd02]" classname="com.dotcms.rendering.velocity.viewtools.content.util.ContentUtilsTest" time="6.151"/>
  <testcase name="testPullRelated[67: com.dotcms.rendering.velocity.viewtools.content.util.ContentUtilsTest$TestCase@6f57d715]" classname="com.dotcms.rendering.velocity.viewtools.content.util.ContentUtilsTest" time="6.073"/>
  <testcase name="testPullRelated[68: com.dotcms.rendering.velocity.viewtools.content.util.ContentUtilsTest$TestCase@35870e2d]" classname="com.dotcms.rendering.velocity.viewtools.content.util.ContentUtilsTest" time="5.281"/>
  <testcase name="testPullRelated[69: com.dotcms.rendering.velocity.viewtools.content.util.ContentUtilsTest$TestCase@768496ef]" classname="com.dotcms.rendering.velocity.viewtools.content.util.ContentUtilsTest" time="5.936"/>
  <testcase name="testPullRelated[70: com.dotcms.rendering.velocity.viewtools.content.util.ContentUtilsTest$TestCase@4fc921f0]" classname="com.dotcms.rendering.velocity.viewtools.content.util.ContentUtilsTest" time="6.083"/>
  <testcase name="testPullRelated[71: com.dotcms.rendering.velocity.viewtools.content.util.ContentUtilsTest$TestCase@1e77b863]" classname="com.dotcms.rendering.velocity.viewtools.content.util.ContentUtilsTest" time="6.258"/>
  <testcase name="whenPublishAndExpireDatesAreInTheFutureAndTimeMachineIsAfterBoth" classname="com.dotcms.rendering.velocity.viewtools.content.util.ContentUtilsTest" time="3.758"/>
  <testcase name="testPullRelatedForLegacyRelationship[0: com.dotcms.rendering.velocity.viewtools.content.util.ContentUtilsTest$LegacyTestCase@130c2be6]" classname="com.dotcms.rendering.velocity.viewtools.content.util.ContentUtilsTest" time="3.745"/>
  <testcase name="testPullRelatedForLegacyRelationship[1: com.dotcms.rendering.velocity.viewtools.content.util.ContentUtilsTest$LegacyTestCase@416de486]" classname="com.dotcms.rendering.velocity.viewtools.content.util.ContentUtilsTest" time="4.075"/>
  <testcase name="whenTheTimeMachineDateIsAfterTomorrowAndExpireDateIsTomorrowShouldNotReturnContent" classname="com.dotcms.rendering.velocity.viewtools.content.util.ContentUtilsTest" time="3.748"/>
  <testcase name="testPullLiveRelatedWhenLatestVersionIsWorking" classname="com.dotcms.rendering.velocity.viewtools.content.util.ContentUtilsTest" time="3.211"/>
  <testcase name="test_add_relationships_on_parent_children_related_contents" classname="com.dotcms.rendering.velocity.viewtools.content.util.ContentUtilsTest" time="1.737"/>
  <testcase name="testSortPullRelated[0: com.dotcms.rendering.velocity.viewtools.content.util.ContentUtilsTest$SortTestCase@47ad9bfa]" classname="com.dotcms.rendering.velocity.viewtools.content.util.ContentUtilsTest" time="3.042"/>
  <testcase name="testSortPullRelated[1: com.dotcms.rendering.velocity.viewtools.content.util.ContentUtilsTest$SortTestCase@64ba97cc]" classname="com.dotcms.rendering.velocity.viewtools.content.util.ContentUtilsTest" time="2.345"/>
  <testcase name="testSortPullRelated[2: com.dotcms.rendering.velocity.viewtools.content.util.ContentUtilsTest$SortTestCase@161bd3a6]" classname="com.dotcms.rendering.velocity.viewtools.content.util.ContentUtilsTest" time="3.29"/>
  <testcase name="testSortPullRelated[3: com.dotcms.rendering.velocity.viewtools.content.util.ContentUtilsTest$SortTestCase@38fc5c37]" classname="com.dotcms.rendering.velocity.viewtools.content.util.ContentUtilsTest" time="3.614"/>
  <testcase name="testSortPullRelated[4: com.dotcms.rendering.velocity.viewtools.content.util.ContentUtilsTest$SortTestCase@13256299]" classname="com.dotcms.rendering.velocity.viewtools.content.util.ContentUtilsTest" time="3.313"/>
  <testcase name="testSortPullRelated[5: com.dotcms.rendering.velocity.viewtools.content.util.ContentUtilsTest$SortTestCase@239183c6]" classname="com.dotcms.rendering.velocity.viewtools.content.util.ContentUtilsTest" time="3.365"/>
  <testcase name="whenTheTimeMachineDateIsAfterTomorrowAndExpireDateIsInFutureShouldReturnContent" classname="com.dotcms.rendering.velocity.viewtools.content.util.ContentUtilsTest" time="3.853"/>
  <testcase name="testPullRelatedFieldShouldRespectDefaultOrder" classname="com.dotcms.rendering.velocity.viewtools.content.util.ContentUtilsTest" time="2.545"/>
  <system-out><![CDATA[]]></system-out>
  <system-err><![CDATA[]]></system-err>
</testsuite>
