<?xml version="1.0" encoding="UTF-8"?>
<testsuite name="com.dotmarketing.business.DeterministicIdentifierAPITest" tests="16" skipped="0" failures="0" errors="0" timestamp="2023-06-28T04:04:42" hostname="fv-az1032-241" time="0.851">
  <properties/>
  <testcase name="Test_Category_Path_Seed_And_Id" classname="com.dotmarketing.business.DeterministicIdentifierAPITest" time="0.024"/>
  <testcase name="Test_Language_Deterministic_Id[0: LanguageTestCase{expectedSeed='Language:es:US', expectedHash=4913155, langCode='es', countryCode='US', country='United States'}]" classname="com.dotmarketing.business.DeterministicIdentifierAPITest" time="0.001"/>
  <testcase name="Test_Language_Deterministic_Id[1: LanguageTestCase{expectedSeed='Language:ep:', expectedHash=5292269, langCode='ep', countryCode='', country=''}]" classname="com.dotmarketing.business.DeterministicIdentifierAPITest" time="0.001"/>
  <testcase name="Test_Language_Deterministic_Id[2: LanguageTestCase{expectedSeed='Language:sg:SAG', expectedHash=4713118, langCode='sg', countryCode='SAG', country=''}]" classname="com.dotmarketing.business.DeterministicIdentifierAPITest" time="0.001"/>
  <testcase name="Test_Language_Deterministic_Id[3: LanguageTestCase{expectedSeed='Language:en:NZ', expectedHash=5382528, langCode='en', countryCode='NZ', country='New Zealand'}]" classname="com.dotmarketing.business.DeterministicIdentifierAPITest" time="0.001"/>
  <testcase name="Test_Category_None_Persisted_Category_Should_Return_Deterministic_Id" classname="com.dotmarketing.business.DeterministicIdentifierAPITest" time="0.002"/>
  <testcase name="Test_Asset_Generate_Deterministic_Id_Best_Effort[0: TestCase{versionable=my.host1687924702490.com, parent=System Host, expectedName='my.host1687924702490.com', expectedType='Host'}]" classname="com.dotmarketing.business.DeterministicIdentifierAPITest" time="0.005"/>
  <testcase name="Test_Asset_Generate_Deterministic_Id_Best_Effort[1: TestCase{versionable=com.dotmarketing.portlets.contentlet.model.Contentlet@77739ab8[map={modDate=2023-06-28 03:58:23.203, fileName=file4431812145598201119.txt, title=file4431812145598201119.txt, inode=a2735b26-f5d8-4000-96e8-25c8871c19fa, __IS_NEW_CONTENT__=true, disabledWYSIWYG=[], host=de437fe4-b160-4ee9-abe6-f8557c54abde, stInode=33888b6f-7a8e-4069-b1b6-5c1aa9d0a48d, owner=system, identifier=19e0bc3e-dfed-4266-89f3-90ed6d24d6f2, nullProperties=[wfExpireDate, wfPublishDate, wfActionAssign, wfActionId, wfActionComments, filterKey, whereToSend, wfNeverExpire, _path_to_move, timezoneId, iWantTo, wfPublishTime, wfExpireTime], languageId=1, fileAsset=/home/runner/work/core/custom/assets/a/2/a2735b26-f5d8-4000-96e8-25c8871c19fa/fileAsset/file4431812145598201119.txt, folder=24aae83d-5f52-4c05-951a-f2d409675434, __disable_workflow__=true, sortOrder=0, modUser=system},lowIndexPriority=false,variantId=DEFAULT], parent=com.dotmarketing.portlets.folders.model.Folder@4cd700[identifier=24aae83d-5f52-4c05-951a-f2d409675434,name=testName1687924703198,sortOrder=0,showOnMenu=false,hostId=de437fe4-b160-4ee9-abe6-f8557c54abde,type=folder,title=testTitle1687924703198,filesMasks=,defaultFileType=33888b6f-7a8e-4069-b1b6-5c1aa9d0a48d,modDate=2023-06-28 03:58:23.2,owner=&lt;null&gt;,iDate=2023-06-28 03:58:23.2,inode=24aae83d-5f52-4c05-951a-f2d409675434,path=/testName1687924703198/], expectedName='file4431812145598201119.txt', expectedType='FileAsset'}]" classname="com.dotmarketing.business.DeterministicIdentifierAPITest" time="0.003"/>
  <testcase name="Test_Asset_Generate_Deterministic_Id_Best_Effort[2: TestCase{versionable=com.dotmarketing.portlets.templates.model.Template@bea5952e, parent=my.host1687924702490.com, expectedName='testTitle1687924703278', expectedType='Template'}]" classname="com.dotmarketing.business.DeterministicIdentifierAPITest" time="0.002"/>
  <testcase name="Test_Asset_Generate_Deterministic_Id_Best_Effort[3: TestCase{versionable=com.dotmarketing.portlets.htmlpageasset.model.HTMLPageAsset@5dceabc[map={template=ac664be4-482e-4c4a-94e4-19c972c92d38, owner=system, identifier=4b1c29b3-657e-458b-a4ed-d2adcafadde4, nullProperties=[wfExpireDate, wfPublishDate, wfActionAssign, wfActionId, wfActionComments, filterKey, whereToSend, wfNeverExpire, _path_to_move, timezoneId, iWantTo, wfPublishTime, wfExpireTime], modDate=2023-06-28 03:58:23.29, cachettl=0, _is_test_mode=true, languageId=1, title=test-page-title-1687924703287, httpsreq=, url=test-page-url-1687924703287, showOnMenu=, inode=fe741ebb-f77e-4ea6-9f66-541dcd3b467a, folder=24aae83d-5f52-4c05-951a-f2d409675434, disabledWYSIWYG=[], sortOrder=1, modUser=system, host=de437fe4-b160-4ee9-abe6-f8557c54abde, stInode=c541abb1-69b3-4bc5-8430-5e09e5239cc8, friendlyName=test-page-friendly-name-1687924703287},lowIndexPriority=false,variantId=DEFAULT], parent=com.dotmarketing.portlets.folders.model.Folder@4cd700[identifier=24aae83d-5f52-4c05-951a-f2d409675434,name=testName1687924703198,sortOrder=0,showOnMenu=false,hostId=de437fe4-b160-4ee9-abe6-f8557c54abde,type=folder,title=testTitle1687924703198,filesMasks=,defaultFileType=33888b6f-7a8e-4069-b1b6-5c1aa9d0a48d,modDate=2023-06-28 03:58:23.2,owner=&lt;null&gt;,iDate=2023-06-28 03:58:23.2,inode=24aae83d-5f52-4c05-951a-f2d409675434,path=/testName1687924703198/], expectedName='test-page-url-1687924703287', expectedType='htmlpageasset'}]" classname="com.dotmarketing.business.DeterministicIdentifierAPITest" time="0.005"/>
  <testcase name="Test_Asset_Generate_Deterministic_Id_Best_Effort[4: TestCase{versionable=com.dotmarketing.portlets.contentlet.model.Contentlet@176c7317[map={fileAsset2=/home/runner/work/core/custom/assets/0/f/0f069e6b-769a-4f62-9a77-f4a18ba5fd7d/fileAsset2/test_binary1687924704182.png, modDate=2023-06-28 03:58:24.185, fileAsset1=/home/runner/work/core/custom/assets/0/f/0f069e6b-769a-4f62-9a77-f4a18ba5fd7d/fileAsset1/test_binary1687924704181.jpg, title=blah, inode=0f069e6b-769a-4f62-9a77-f4a18ba5fd7d, __IS_NEW_CONTENT__=true, disabledWYSIWYG=[], host=48190c8c-42c4-46af-8d1a-0cd5db894797, stInode=c0c8c673-8c8f-4a13-a91b-6768569a9c4a, owner=system, identifier=75abcca7-a4d5-4c38-a1e5-2e065beb6178, nullProperties=[], languageId=1, image1=397381c3-0672-472c-92b4-f0d96f460dd7, folder=SYSTEM_FOLDER, __disable_workflow__=true, sortOrder=0, modUser=system},lowIndexPriority=false,variantId=DEFAULT], parent=demo.dotcms.com, expectedName='test_binary1687924704181.jpg:test_binary1687924704182.png', expectedType='MultipleBinaries1687924703401'}]" classname="com.dotmarketing.business.DeterministicIdentifierAPITest" time="0.002"/>
  <testcase name="Test_Asset_Generate_Deterministic_Id_Best_Effort[5: TestCase{versionable=name2397d0bd41 : keyTag2397d0bd41, parent=my.host1687924702490.com, expectedName='keyTag2397d0bd41', expectedType='persona'}]" classname="com.dotmarketing.business.DeterministicIdentifierAPITest" time="0.002"/>
  <testcase name="Test_Similar_Content_Type_Wont_Clash" classname="com.dotmarketing.business.DeterministicIdentifierAPITest" time="0.352"/>
  <testcase name="Test_Generate_Folder_Identifier" classname="com.dotmarketing.business.DeterministicIdentifierAPITest" time="0.439"/>
  <testcase name="Test_Generate_Content_Type_Identifier[0: ContentTypeTestCase{contentType=KeyValueContentType{name=Language Variable, id=f4d7c1b8-2c88-4071-abf1-a5328977b07d, description=Default Content Type for Language Variables, defaultType=false, fixed=true, iDate=Thu Aug 31 16:38:49 UTC 2017, system=true, versionable=true, variable=Languagevariable, modDate=Wed Jun 28 02:57:10 UTC 2023, host=SYSTEM_HOST, siteName=systemHost, icon=language, sortOrder=0, folder=SYSTEM_FOLDER, folderPath=/, markedForDeletion=true, multilingualable=false}, expectedName='Languagevariable', expectedType='KeyValue'}]" classname="com.dotmarketing.business.DeterministicIdentifierAPITest" time="0.004"/>
  <testcase name="Test_Generate_Content_Type_Identifier[1: ContentTypeTestCase{contentType=SimpleContentType{name=testName1687924704564, id=d3e37046-2570-444f-8210-c17f183369ba, description=testDescription1687924704564, defaultType=false, fixed=false, iDate=Wed Jun 28 03:58:24 UTC 2023, system=false, versionable=true, multilingualable=false, variable=testVarname1687924704564, owner=system, modDate=Wed Jun 28 03:58:25 UTC 2023, host=48190c8c-42c4-46af-8d1a-0cd5db894797, siteName=demo.dotcms.com, icon=event_note, sortOrder=0, folder=SYSTEM_FOLDER, folderPath=/, requiredFields=[], markedForDeletion=false}, expectedName='testVarname1687924704564', expectedType='CONTENT'}]" classname="com.dotmarketing.business.DeterministicIdentifierAPITest" time="0.004"/>
  <system-out><![CDATA[]]></system-out>
  <system-err><![CDATA[]]></system-err>
</testsuite>
