<?xml version="1.0" encoding="UTF-8"?>
<testsuite name="com.dotcms.publisher.endpoint.business.PublishingEndPointAPITest" tests="4" skipped="0" failures="0" errors="0" timestamp="2023-07-21T16:16:16" hostname="fv-az717-170" time="0.233">
  <properties/>
  <testcase name="getEnabledSendingEndPointByAddress_returnNull_whenInvalidAddressIsReceived" classname="com.dotcms.publisher.endpoint.business.PublishingEndPointAPITest" time="0.022"/>
  <testcase name="getEnabledSendingEndPointByAddress_returnEndpoint_whenIPAddressIsUsed" classname="com.dotcms.publisher.endpoint.business.PublishingEndPointAPITest" time="0.005"/>
  <testcase name="getEnabledSendingEndPointByAddress_returnEndpoint_whenNetmaskIsUsed" classname="com.dotcms.publisher.endpoint.business.PublishingEndPointAPITest" time="0.007"/>
  <testcase name="test" classname="com.dotcms.publisher.endpoint.business.PublishingEndPointAPITest" time="0.197"/>
  <system-out><![CDATA[]]></system-out>
  <system-err><![CDATA[]]></system-err>
</testsuite>
