<?xml version="1.0" encoding="UTF-8"?>
<testsuite name="com.dotcms.rest.api.v1.template.TemplateResourceTest" tests="32" skipped="0" failures="0" errors="0" timestamp="2023-06-28T17:42:42" hostname="fv-az585-827" time="67.96">
  <properties/>
  <testcase name="test_deleteTemplate_pageStillReferencingTemplate_failedToDelete" classname="com.dotcms.rest.api.v1.template.TemplateResourceTest" time="2.43"/>
  <testcase name="test_deleteTemplates_OneTemplateIdDoesNotExist_OneTemplateIdExists" classname="com.dotcms.rest.api.v1.template.TemplateResourceTest" time="2.734"/>
  <testcase name="test_archiveTemplate_templateIsWorking_success" classname="com.dotcms.rest.api.v1.template.TemplateResourceTest" time="1.181"/>
  <testcase name="test_publishTemplate_LimitedUserWithoutPublishPermissions_failedToPublish" classname="com.dotcms.rest.api.v1.template.TemplateResourceTest" time="2.9"/>
  <testcase name="test_unarchiveTemplate_templateIsLive_failedToUnArchived" classname="com.dotcms.rest.api.v1.template.TemplateResourceTest" time="1.131"/>
  <testcase name="test_unpublishTemplate_OneTemplateIdDoesNotExist_OneTemplateIdExists" classname="com.dotcms.rest.api.v1.template.TemplateResourceTest" time="2.052"/>
  <testcase name="test_publishTemplate_success" classname="com.dotcms.rest.api.v1.template.TemplateResourceTest" time="2.016"/>
  <testcase name="test_unarchiveTemplate_LimitedUserWithoutEditPermissions_failedToUnarchive" classname="com.dotcms.rest.api.v1.template.TemplateResourceTest" time="3.622"/>
  <testcase name="test_archiveTemplate_LimitedUserWithoutEditPermissions_failedToArchived" classname="com.dotcms.rest.api.v1.template.TemplateResourceTest" time="2.311"/>
  <testcase name="test_unpublishTemplate_templateIsArchived_failedToUnpublish" classname="com.dotcms.rest.api.v1.template.TemplateResourceTest" time="2.034"/>
  <testcase name="test_deleteTemplate_templateIsArchived_success" classname="com.dotcms.rest.api.v1.template.TemplateResourceTest" time="1.908"/>
  <testcase name="test_unpublishTemplate_success" classname="com.dotcms.rest.api.v1.template.TemplateResourceTest" time="1.216"/>
  <testcase name="test_unpublishTemplate_LimitedUserWithoutEditPermissions_failedToPublish" classname="com.dotcms.rest.api.v1.template.TemplateResourceTest" time="1.817"/>
  <testcase name="test_listTemplate_filterByHost_usingCurrentHost" classname="com.dotcms.rest.api.v1.template.TemplateResourceTest" time="2.317"/>
  <testcase name="test_unpublishTemplate_templateIsAlreadyUnpublished_success" classname="com.dotcms.rest.api.v1.template.TemplateResourceTest" time="2.771"/>
  <testcase name="test_unarchiveTemplate_templateIsWorking_failedToUnarchive" classname="com.dotcms.rest.api.v1.template.TemplateResourceTest" time="1.227"/>
  <testcase name="test_copyTemplate_success" classname="com.dotcms.rest.api.v1.template.TemplateResourceTest" time="1.046"/>
  <testcase name="test_copyTemplate_IdDoesNotBelongToAnyTemplate_failedToCopy" classname="com.dotcms.rest.api.v1.template.TemplateResourceTest" time="0.795"/>
  <testcase name="test_listTemplate_filterByHost" classname="com.dotcms.rest.api.v1.template.TemplateResourceTest" time="2.264"/>
  <testcase name="test_archiveTemplate_templateIsAlreadyArchived_success" classname="com.dotcms.rest.api.v1.template.TemplateResourceTest" time="1.871"/>
  <testcase name="test_archiveTemplates_OneTemplateIdDoesNotExist_OneTemplateIdExists" classname="com.dotcms.rest.api.v1.template.TemplateResourceTest" time="1.194"/>
  <testcase name="test_listTemplate_limitedUserNoREADPermissionsOverOneTemplate" classname="com.dotcms.rest.api.v1.template.TemplateResourceTest" time="4.628"/>
  <testcase name="test_deleteTemplate_LimitedUserWithoutEditPermissions_failedToDelete" classname="com.dotcms.rest.api.v1.template.TemplateResourceTest" time="3.02"/>
  <testcase name="test_publishTemplate_OneTemplateIdDoesNotExist_OneTemplateIdExists" classname="com.dotcms.rest.api.v1.template.TemplateResourceTest" time="1.364"/>
  <testcase name="test_unarchiveTemplates_OneTemplateIdDoesNotExist_OneTemplateIdExists" classname="com.dotcms.rest.api.v1.template.TemplateResourceTest" time="1.921"/>
  <testcase name="test_publishTemplate_templateIsAlreadyPublished_success" classname="com.dotcms.rest.api.v1.template.TemplateResourceTest" time="1.947"/>
  <testcase name="test_copyTemplate_LimitedUserWithoutReadPermissions_failedToCopy" classname="com.dotcms.rest.api.v1.template.TemplateResourceTest" time="2.173"/>
  <testcase name="legacyUUIDTemplate" classname="com.dotcms.rest.api.v1.template.TemplateResourceTest" time="4.072"/>
  <testcase name="test_archiveTemplate_templateIsLive_failedToArchive" classname="com.dotcms.rest.api.v1.template.TemplateResourceTest" time="1.226"/>
  <testcase name="test_publishTemplate_templateIsArchived_failedToPublish" classname="com.dotcms.rest.api.v1.template.TemplateResourceTest" time="2.747"/>
  <testcase name="test_deleteTemplate_templateIsLive_failedToDelete" classname="com.dotcms.rest.api.v1.template.TemplateResourceTest" time="1.228"/>
  <testcase name="test_unarchiveTemplate_templateIsArchived_success" classname="com.dotcms.rest.api.v1.template.TemplateResourceTest" time="2.793"/>
  <system-out><![CDATA[
]]></system-out>
  <system-err><![CDATA[]]></system-err>
</testsuite>
