<?xml version="1.0" encoding="UTF-8"?>
<testsuite name="com.dotcms.publishing.job.SiteSearchJobImplTest" tests="10" skipped="0" failures="0" errors="0" timestamp="2023-07-11T02:26:28" hostname="fv-az1256-472" time="40.027">
  <properties/>
  <testcase name="Test_Incremental_Job_Test_Pages_Are_Found_Create_And_Publish_New_Page_Test_Changes_Are_Picked_Unpublish_Then_Verify_Page_Is_Gone" classname="com.dotcms.publishing.job.SiteSearchJobImplTest" time="10.252"/>
  <testcase name="Test_Non_Incremental_Create_Default_Index_Create_Second_Index_Run_Non_Incrementally_Expect_Non_Default_New_Index" classname="com.dotcms.publishing.job.SiteSearchJobImplTest" time="1.203"/>
  <testcase name="Test_Non_Incremental_Create_Default_Index_Run_Non_Incrementally_Expect_New_Index_Keep_Alias_And_Default" classname="com.dotcms.publishing.job.SiteSearchJobImplTest" time="0.327"/>
  <testcase name="testSiteSearchDifferentScenarios[0: com.dotcms.publishing.job.SiteSearchJobImplTest$TestCaseSiteSearch@52b5eb84]" classname="com.dotcms.publishing.job.SiteSearchJobImplTest" time="3.783"/>
  <testcase name="testSiteSearchDifferentScenarios[1: com.dotcms.publishing.job.SiteSearchJobImplTest$TestCaseSiteSearch@22624f3a]" classname="com.dotcms.publishing.job.SiteSearchJobImplTest" time="3.996"/>
  <testcase name="testSiteSearchDifferentScenarios[2: com.dotcms.publishing.job.SiteSearchJobImplTest$TestCaseSiteSearch@7467a377]" classname="com.dotcms.publishing.job.SiteSearchJobImplTest" time="3.073"/>
  <testcase name="testSiteSearchDifferentScenarios[3: com.dotcms.publishing.job.SiteSearchJobImplTest$TestCaseSiteSearch@b940831]" classname="com.dotcms.publishing.job.SiteSearchJobImplTest" time="4.067"/>
  <testcase name="testSiteSearchDifferentScenarios[4: com.dotcms.publishing.job.SiteSearchJobImplTest$TestCaseSiteSearch@76803b0c]" classname="com.dotcms.publishing.job.SiteSearchJobImplTest" time="2.89"/>
  <testcase name="testSiteSearchDifferentScenarios[5: com.dotcms.publishing.job.SiteSearchJobImplTest$TestCaseSiteSearch@46abb179]" classname="com.dotcms.publishing.job.SiteSearchJobImplTest" time="5.352"/>
  <testcase name="testSiteSearchDifferentScenarios[6: com.dotcms.publishing.job.SiteSearchJobImplTest$TestCaseSiteSearch@f1edec0]" classname="com.dotcms.publishing.job.SiteSearchJobImplTest" time="5.083"/>
  <system-out><![CDATA[]]></system-out>
  <system-err><![CDATA[]]></system-err>
</testsuite>
