<?xml version="1.0" encoding="UTF-8"?>
<testsuite name="com.dotcms.contenttype.model.field.layout.FieldUtilTest" tests="2" skipped="0" failures="0" errors="0" timestamp="2023-07-12T19:11:04" hostname="fv-az642-316" time="1.547">
  <properties/>
  <testcase name="testSetFieldInternationalizationWithAnonymousUser" classname="com.dotcms.contenttype.model.field.layout.FieldUtilTest" time="1.291"/>
  <testcase name="testSetFieldInternationalization" classname="com.dotcms.contenttype.model.field.layout.FieldUtilTest" time="0.256"/>
  <system-out><![CDATA[]]></system-out>
  <system-err><![CDATA[]]></system-err>
</testsuite>
