<?xml version="1.0" encoding="UTF-8"?>
<testsuite name="com.dotcms.experiments.business.web.ExperimentWebAPIImplIntegrationTest" tests="14" skipped="0" failures="0" errors="0" timestamp="2023-07-10T21:02:14" hostname="fv-az812-782" time="30.726">
  <properties/>
  <testcase name="experimentWithFalseRules" classname="com.dotcms.experiments.business.web.ExperimentWebAPIImplIntegrationTest" time="2.128"/>
  <testcase name="severalExperimenstWithTrueRules" classname="com.dotcms.experiments.business.web.ExperimentWebAPIImplIntegrationTest" time="4.352"/>
  <testcase name="trafficLocation50" classname="com.dotcms.experiments.business.web.ExperimentWebAPIImplIntegrationTest" time="1.688"/>
  <testcase name="isUserIncludedIntoExperimentWithIndexPage" classname="com.dotcms.experiments.business.web.ExperimentWebAPIImplIntegrationTest" time="1.519"/>
  <testcase name="isUserIncluded" classname="com.dotcms.experiments.business.web.ExperimentWebAPIImplIntegrationTest" time="1.573"/>
  <testcase name="excludeExperiments" classname="com.dotcms.experiments.business.web.ExperimentWebAPIImplIntegrationTest" time="3.997"/>
  <testcase name="isUserIncludedIntoExperimentWithBlogIndexPage" classname="com.dotcms.experiments.business.web.ExperimentWebAPIImplIntegrationTest" time="1.421"/>
  <testcase name="isUserIncludedIntoExperimentWithDetailPage" classname="com.dotcms.experiments.business.web.ExperimentWebAPIImplIntegrationTest" time="1.175"/>
  <testcase name="isUserIncludedIntoExperimentWithDetailPageAndTwoContentTypes" classname="com.dotcms.experiments.business.web.ExperimentWebAPIImplIntegrationTest" time="0.797"/>
  <testcase name="isUserIncludedWithVariants" classname="com.dotcms.experiments.business.web.ExperimentWebAPIImplIntegrationTest" time="1.851"/>
  <testcase name="isUserIncludedInMoreThanOneExperiment" classname="com.dotcms.experiments.business.web.ExperimentWebAPIImplIntegrationTest" time="4.202"/>
  <testcase name="severalExperiment" classname="com.dotcms.experiments.business.web.ExperimentWebAPIImplIntegrationTest" time="3.922"/>
  <testcase name="noExperimentRunning" classname="com.dotcms.experiments.business.web.ExperimentWebAPIImplIntegrationTest" time="0.001"/>
  <testcase name="experimentWithTrueRules" classname="com.dotcms.experiments.business.web.ExperimentWebAPIImplIntegrationTest" time="2.094"/>
  <system-out><![CDATA[]]></system-out>
  <system-err><![CDATA[]]></system-err>
</testsuite>
