<?xml version="1.0" encoding="UTF-8"?>
<testsuite name="com.dotmarketing.business.DeterministicIdentifierAPITest" tests="16" skipped="0" failures="0" errors="0" timestamp="2023-06-26T20:34:08" hostname="fv-az1128-296" time="0.774">
  <properties/>
  <testcase name="Test_Category_Path_Seed_And_Id" classname="com.dotmarketing.business.DeterministicIdentifierAPITest" time="0.026"/>
  <testcase name="Test_Language_Deterministic_Id[0: LanguageTestCase{expectedSeed='Language:es:US', expectedHash=4913155, langCode='es', countryCode='US', country='United States'}]" classname="com.dotmarketing.business.DeterministicIdentifierAPITest" time="0.001"/>
  <testcase name="Test_Language_Deterministic_Id[1: LanguageTestCase{expectedSeed='Language:ep:', expectedHash=5292269, langCode='ep', countryCode='', country=''}]" classname="com.dotmarketing.business.DeterministicIdentifierAPITest" time="0.001"/>
  <testcase name="Test_Language_Deterministic_Id[2: LanguageTestCase{expectedSeed='Language:sg:SAG', expectedHash=4713118, langCode='sg', countryCode='SAG', country=''}]" classname="com.dotmarketing.business.DeterministicIdentifierAPITest" time="0.001"/>
  <testcase name="Test_Language_Deterministic_Id[3: LanguageTestCase{expectedSeed='Language:en:NZ', expectedHash=5382528, langCode='en', countryCode='NZ', country='New Zealand'}]" classname="com.dotmarketing.business.DeterministicIdentifierAPITest" time="0.001"/>
  <testcase name="Test_Category_None_Persisted_Category_Should_Return_Deterministic_Id" classname="com.dotmarketing.business.DeterministicIdentifierAPITest" time="0.001"/>
  <testcase name="Test_Asset_Generate_Deterministic_Id_Best_Effort[0: TestCase{versionable=my.host1687806309832.com, parent=System Host, expectedName='my.host1687806309832.com', expectedType='Host'}]" classname="com.dotmarketing.business.DeterministicIdentifierAPITest" time="0.004"/>
  <testcase name="Test_Asset_Generate_Deterministic_Id_Best_Effort[1: TestCase{versionable=com.dotmarketing.portlets.contentlet.model.Contentlet@72e534f3[map={modDate=2023-06-26 19:05:10.865, fileName=file11971644642094031747.txt, title=file11971644642094031747.txt, inode=7f6a8988-3843-4569-83d6-cdfec43e92f7, __IS_NEW_CONTENT__=true, disabledWYSIWYG=[], host=61bfeb15-6f65-4b75-b479-8f5db1f4bd30, stInode=33888b6f-7a8e-4069-b1b6-5c1aa9d0a48d, owner=system, identifier=a0939c3a-f0a2-43bf-ada4-a9c08f404f74, nullProperties=[wfExpireDate, wfPublishDate, wfActionAssign, wfActionId, wfActionComments, filterKey, whereToSend, wfNeverExpire, _path_to_move, timezoneId, iWantTo, wfPublishTime, wfExpireTime], languageId=1, fileAsset=/home/runner/work/core/custom/assets/7/f/7f6a8988-3843-4569-83d6-cdfec43e92f7/fileAsset/file11971644642094031747.txt, folder=874cdfde-c10d-4e29-af34-dcbb87c9fe5d, __disable_workflow__=true, sortOrder=0, modUser=system},lowIndexPriority=false,variantId=DEFAULT], parent=com.dotmarketing.portlets.folders.model.Folder@9b799d1[identifier=874cdfde-c10d-4e29-af34-dcbb87c9fe5d,name=testName1687806310859,sortOrder=0,showOnMenu=false,hostId=61bfeb15-6f65-4b75-b479-8f5db1f4bd30,type=folder,title=testTitle1687806310859,filesMasks=,defaultFileType=33888b6f-7a8e-4069-b1b6-5c1aa9d0a48d,modDate=2023-06-26 19:05:10.862,owner=&lt;null&gt;,iDate=2023-06-26 19:05:10.862,inode=874cdfde-c10d-4e29-af34-dcbb87c9fe5d,path=/testName1687806310859/], expectedName='file11971644642094031747.txt', expectedType='FileAsset'}]" classname="com.dotmarketing.business.DeterministicIdentifierAPITest" time="0.003"/>
  <testcase name="Test_Asset_Generate_Deterministic_Id_Best_Effort[2: TestCase{versionable=com.dotmarketing.portlets.templates.model.Template@7dcddb60, parent=my.host1687806309832.com, expectedName='testTitle1687806310920', expectedType='Template'}]" classname="com.dotmarketing.business.DeterministicIdentifierAPITest" time="0.002"/>
  <testcase name="Test_Asset_Generate_Deterministic_Id_Best_Effort[3: TestCase{versionable=com.dotmarketing.portlets.htmlpageasset.model.HTMLPageAsset@1b57caa0[map={template=8a8f6aba-3c76-43f7-b2cc-c79d3eaff76a, owner=system, identifier=53ec2c8f-b876-4143-a861-020caab477e4, nullProperties=[wfExpireDate, wfPublishDate, wfActionAssign, wfActionId, wfActionComments, filterKey, whereToSend, wfNeverExpire, _path_to_move, timezoneId, iWantTo, wfPublishTime, wfExpireTime], modDate=2023-06-26 19:05:10.935, cachettl=0, _is_test_mode=true, languageId=1, title=test-page-title-1687806310931, httpsreq=, url=test-page-url-1687806310931, showOnMenu=, inode=b54f0b47-2d50-4f6e-9892-cba8d3036c50, folder=874cdfde-c10d-4e29-af34-dcbb87c9fe5d, disabledWYSIWYG=[], sortOrder=1, modUser=system, host=61bfeb15-6f65-4b75-b479-8f5db1f4bd30, stInode=c541abb1-69b3-4bc5-8430-5e09e5239cc8, friendlyName=test-page-friendly-name-1687806310931},lowIndexPriority=false,variantId=DEFAULT], parent=com.dotmarketing.portlets.folders.model.Folder@9b799d1[identifier=874cdfde-c10d-4e29-af34-dcbb87c9fe5d,name=testName1687806310859,sortOrder=0,showOnMenu=false,hostId=61bfeb15-6f65-4b75-b479-8f5db1f4bd30,type=folder,title=testTitle1687806310859,filesMasks=,defaultFileType=33888b6f-7a8e-4069-b1b6-5c1aa9d0a48d,modDate=2023-06-26 19:05:10.862,owner=&lt;null&gt;,iDate=2023-06-26 19:05:10.862,inode=874cdfde-c10d-4e29-af34-dcbb87c9fe5d,path=/testName1687806310859/], expectedName='test-page-url-1687806310931', expectedType='htmlpageasset'}]" classname="com.dotmarketing.business.DeterministicIdentifierAPITest" time="0.002"/>
  <testcase name="Test_Asset_Generate_Deterministic_Id_Best_Effort[4: TestCase{versionable=com.dotmarketing.portlets.contentlet.model.Contentlet@7bc87c2[map={fileAsset2=/home/runner/work/core/custom/assets/4/0/409f8da2-ec61-4fbd-a596-7a715fef6a93/fileAsset2/test_binary1687806311860.png, modDate=2023-06-26 19:05:11.865, fileAsset1=/home/runner/work/core/custom/assets/4/0/409f8da2-ec61-4fbd-a596-7a715fef6a93/fileAsset1/test_binary1687806311860.jpg, title=blah, inode=409f8da2-ec61-4fbd-a596-7a715fef6a93, __IS_NEW_CONTENT__=true, disabledWYSIWYG=[], host=8a7d5e23-da1e-420a-b4f0-471e7da8ea2d, stInode=980a1fab-6638-4fab-b211-dadd594a50ea, owner=system, identifier=cf8e170a-5ab4-4c39-b7d9-8d095ca89cd2, nullProperties=[], languageId=1, image1=0be699f7-8763-40db-972a-97dd716434b4, folder=SYSTEM_FOLDER, __disable_workflow__=true, sortOrder=0, modUser=system},lowIndexPriority=false,variantId=DEFAULT], parent=default, expectedName='test_binary1687806311860.jpg:test_binary1687806311860.png', expectedType='MultipleBinaries1687806311026'}]" classname="com.dotmarketing.business.DeterministicIdentifierAPITest" time="0.007"/>
  <testcase name="Test_Asset_Generate_Deterministic_Id_Best_Effort[5: TestCase{versionable=name9e1532706f : keyTag9e1532706f, parent=my.host1687806309832.com, expectedName='keyTag9e1532706f', expectedType='persona'}]" classname="com.dotmarketing.business.DeterministicIdentifierAPITest" time="0.005"/>
  <testcase name="Test_Similar_Content_Type_Wont_Clash" classname="com.dotmarketing.business.DeterministicIdentifierAPITest" time="0.389"/>
  <testcase name="Test_Generate_Folder_Identifier" classname="com.dotmarketing.business.DeterministicIdentifierAPITest" time="0.317"/>
  <testcase name="Test_Generate_Content_Type_Identifier[0: ContentTypeTestCase{contentType=KeyValueContentType{name=Language Variable, id=f4d7c1b8-2c88-4071-abf1-a5328977b07d, description=Default Content Type for Language Variables, defaultType=false, fixed=true, iDate=Thu Aug 31 16:38:49 UTC 2017, system=true, versionable=true, variable=Languagevariable, modDate=Mon Jun 26 19:01:58 UTC 2023, host=SYSTEM_HOST, siteName=systemHost, icon=language, sortOrder=0, folder=SYSTEM_FOLDER, folderPath=/, markedForDeletion=false, multilingualable=false}, expectedName='Languagevariable', expectedType='KeyValue'}]" classname="com.dotmarketing.business.DeterministicIdentifierAPITest" time="0.006"/>
  <testcase name="Test_Generate_Content_Type_Identifier[1: ContentTypeTestCase{contentType=SimpleContentType{name=testName1687806312217, id=9bf87ca9-db3b-4633-a449-7520c13e330f, description=testDescription1687806312217, defaultType=false, fixed=false, iDate=Mon Jun 26 19:05:12 UTC 2023, system=false, versionable=true, multilingualable=false, variable=testVarname1687806312217, owner=system, modDate=Mon Jun 26 19:05:12 UTC 2023, host=8a7d5e23-da1e-420a-b4f0-471e7da8ea2d, siteName=default, icon=event_note, sortOrder=0, folder=SYSTEM_FOLDER, folderPath=/, requiredFields=[], markedForDeletion=false}, expectedName='testVarname1687806312217', expectedType='CONTENT'}]" classname="com.dotmarketing.business.DeterministicIdentifierAPITest" time="0.004"/>
  <system-out><![CDATA[]]></system-out>
  <system-err><![CDATA[]]></system-err>
</testsuite>
