<?xml version="1.0" encoding="UTF-8"?>
<testsuite name="com.dotmarketing.portlets.categories.business.CategoryAPITest" tests="20" skipped="0" failures="0" errors="0" timestamp="2023-07-20T19:54:05" hostname="fv-az408-124" time="34.555">
  <properties/>
  <testcase name="test_isParent_givenGrandChildCategoryBelongsToParentCategory_returnTrue" classname="com.dotmarketing.portlets.categories.business.CategoryAPITest" time="0.032"/>
  <testcase name="verifyCache" classname="com.dotmarketing.portlets.categories.business.CategoryAPITest" time="0.039"/>
  <testcase name="test_save_createTopLevelCategory_asLimitedUser_withoutPermissions_throwDotSecurityException" classname="com.dotmarketing.portlets.categories.business.CategoryAPITest" time="0.716"/>
  <testcase name="testSortChildren" classname="com.dotmarketing.portlets.categories.business.CategoryAPITest" time="0.05"/>
  <testcase name="test_save_createSubCategory_asAdmin_success" classname="com.dotmarketing.portlets.categories.business.CategoryAPITest" time="0.015"/>
  <testcase name="test_save_createTopLevelCategory_asAdmin_success" classname="com.dotmarketing.portlets.categories.business.CategoryAPITest" time="0.005"/>
  <testcase name="test_save_createTopLevelCategory_asLimitedUser_success" classname="com.dotmarketing.portlets.categories.business.CategoryAPITest" time="14.525"/>
  <testcase name="test_save_createSubCategory_asLimitedUser_withoutPermissions_throwDotSecurityException" classname="com.dotmarketing.portlets.categories.business.CategoryAPITest" time="0.731"/>
  <testcase name="testDuplicatedCategories" classname="com.dotmarketing.portlets.categories.business.CategoryAPITest" time="0.009"/>
  <testcase name="getParents" classname="com.dotmarketing.portlets.categories.business.CategoryAPITest" time="3.084"/>
  <testcase name="test_Find_Categories_Within_ContentType" classname="com.dotmarketing.portlets.categories.business.CategoryAPITest" time="0.551"/>
  <testcase name="test_isParent_givenGrandChildCategoryThatNoBelongsToParentCategory_returnFalse" classname="com.dotmarketing.portlets.categories.business.CategoryAPITest" time="0.065"/>
  <testcase name="test_save_createTopLevelCategory_asLimitedUser_fail" classname="com.dotmarketing.portlets.categories.business.CategoryAPITest" time="12.412"/>
  <testcase name="findTopLevelCategories" classname="com.dotmarketing.portlets.categories.business.CategoryAPITest" time="0.025"/>
  <testcase name="test_save_editCategory_asLimitedUser_success" classname="com.dotmarketing.portlets.categories.business.CategoryAPITest" time="0.749"/>
  <testcase name="checkUniqueKey_severalCases_Success" classname="com.dotmarketing.portlets.categories.business.CategoryAPITest" time="0.031"/>
  <testcase name="test_save_createSubCategory_asLimitedUser_success" classname="com.dotmarketing.portlets.categories.business.CategoryAPITest" time="0.729"/>
  <testcase name="getCategoryTreeUp_hierarchyLevelThree_Success" classname="com.dotmarketing.portlets.categories.business.CategoryAPITest" time="0.037"/>
  <testcase name="test_save_editCategory_asLimitedUser_withoutPermissions_throwDotSecurityException" classname="com.dotmarketing.portlets.categories.business.CategoryAPITest" time="0.726"/>
  <testcase name="findChildren" classname="com.dotmarketing.portlets.categories.business.CategoryAPITest" time="0.023"/>
  <system-out><![CDATA[
]]></system-out>
  <system-err><![CDATA[]]></system-err>
</testsuite>
