<?xml version="1.0" encoding="UTF-8"?>
<testsuite name="com.dotcms.rest.BundleResourceTest" tests="5" skipped="0" failures="0" errors="0" timestamp="2023-07-06T21:50:01" hostname="fv-az440-292" time="18.483">
  <properties/>
  <testcase name="shouldCleanRelationshipCache" classname="com.dotcms.rest.BundleResourceTest" time="5.368"/>
  <testcase name="test_generateBundle_success" classname="com.dotcms.rest.BundleResourceTest" time="0.794"/>
  <testcase name="test_downloadBundle_success" classname="com.dotcms.rest.BundleResourceTest" time="0.753"/>
  <testcase name="test_downloadBundle_fileNotGenerated_return404" classname="com.dotcms.rest.BundleResourceTest" time="0.739"/>
  <testcase name="test_deleteAll" classname="com.dotcms.rest.BundleResourceTest" time="10.829"/>
  <system-out><![CDATA[

]]></system-out>
  <system-err><![CDATA[]]></system-err>
</testsuite>
