<?xml version="1.0" encoding="UTF-8"?>
<testsuite name="com.dotcms.rest.api.v1.asset.WebAssetHelperIntegrationTest" tests="11" skipped="0" failures="0" errors="0" timestamp="2023-07-06T22:05:32" hostname="fv-az440-292" time="5.254">
  <properties/>
  <testcase name="TestUploadFile" classname="com.dotcms.rest.api.v1.asset.WebAssetHelperIntegrationTest" time="0.461"/>
  <testcase name="TestUploadEmptyFile" classname="com.dotcms.rest.api.v1.asset.WebAssetHelperIntegrationTest" time="1.21"/>
  <testcase name="TestGetFolderInfo" classname="com.dotcms.rest.api.v1.asset.WebAssetHelperIntegrationTest" time="0.037"/>
  <testcase name="Test_Delete_File_Then_Delete_Folder" classname="com.dotcms.rest.api.v1.asset.WebAssetHelperIntegrationTest" time="1.437"/>
  <testcase name="Test_Parse_Language" classname="com.dotcms.rest.api.v1.asset.WebAssetHelperIntegrationTest" time="0.017"/>
  <testcase name="Test_Retrieve_All_Versions" classname="com.dotcms.rest.api.v1.asset.WebAssetHelperIntegrationTest" time="1.728"/>
  <testcase name="TestDownloadFile" classname="com.dotcms.rest.api.v1.asset.WebAssetHelperIntegrationTest" time="0.029"/>
  <testcase name="Test_Archive_File" classname="com.dotcms.rest.api.v1.asset.WebAssetHelperIntegrationTest" time="0.294"/>
  <testcase name="TestDownloadFileInvalidLanguage" classname="com.dotcms.rest.api.v1.asset.WebAssetHelperIntegrationTest" time="0.003"/>
  <testcase name="TestDownloadFileDifferentLang" classname="com.dotcms.rest.api.v1.asset.WebAssetHelperIntegrationTest" time="0.028"/>
  <testcase name="TestGetNonExistingFolderInfo" classname="com.dotcms.rest.api.v1.asset.WebAssetHelperIntegrationTest" time="0.008"/>
  <system-out><![CDATA[
]]></system-out>
  <system-err><![CDATA[]]></system-err>
</testsuite>
