<?xml version="1.0" encoding="UTF-8"?>
<testsuite name="com.dotcms.rest.TagResourceIntegrationTest" tests="4" skipped="0" failures="0" errors="0" timestamp="2023-07-20T07:42:52" hostname="fv-az313-957" time="0.244">
  <properties/>
  <testcase name="testList[0: com.dotcms.rest.TagResourceTestCase@7f7d191d]" classname="com.dotcms.rest.TagResourceIntegrationTest" time="0.197"/>
  <testcase name="testList[1: com.dotcms.rest.TagResourceTestCase@4b0c89fc]" classname="com.dotcms.rest.TagResourceIntegrationTest" time="0.017"/>
  <testcase name="testList[2: com.dotcms.rest.TagResourceTestCase@4824b348]" classname="com.dotcms.rest.TagResourceIntegrationTest" time="0.012"/>
  <testcase name="testList[3: com.dotcms.rest.TagResourceTestCase@618d57f3]" classname="com.dotcms.rest.TagResourceIntegrationTest" time="0.017"/>
  <system-out><![CDATA[]]></system-out>
  <system-err><![CDATA[Jul 20, 2023 7:42:52 AM com.dotcms.repackage.org.hibernate.validator.internal.util.Version <clinit>
INFO: HV000001: Hibernate Validator 4.3.2.Final
]]></system-err>
</testsuite>
