<?xml version="1.0" encoding="UTF-8"?>
<testsuite name="com.dotmarketing.servlets.ajax.AjaxDirectorServletIntegrationTest" tests="2" skipped="0" failures="0" errors="0" timestamp="2023-07-10T19:18:27" hostname="fv-az471-786" time="1.864">
  <properties/>
  <testcase name="testService[0: com.dotmarketing.servlets.ajax.AjaxDirectorServletTestCase@67ba29ad]" classname="com.dotmarketing.servlets.ajax.AjaxDirectorServletIntegrationTest" time="1.302"/>
  <testcase name="testService[1: com.dotmarketing.servlets.ajax.AjaxDirectorServletTestCase@357ea7ab]" classname="com.dotmarketing.servlets.ajax.AjaxDirectorServletIntegrationTest" time="0.562"/>
  <system-out><![CDATA[]]></system-out>
  <system-err><![CDATA[]]></system-err>
</testsuite>
