<?xml version="1.0" encoding="UTF-8"?>
<testsuite name="com.dotmarketing.portlets.structure.model.ContentletRelationshipsTest" tests="7" skipped="0" failures="0" errors="0" timestamp="2023-06-28T15:12:19" hostname="fv-az452-705" time="9.962">
  <properties/>
  <testcase name="testDoesAllowOnlyOne[0: com.dotmarketing.portlets.structure.model.ContentletRelationshipsTest$CardinalityTestCase@5f190622]" classname="com.dotmarketing.portlets.structure.model.ContentletRelationshipsTest" time="0.532"/>
  <testcase name="testDoesAllowOnlyOne[1: com.dotmarketing.portlets.structure.model.ContentletRelationshipsTest$CardinalityTestCase@3851879c]" classname="com.dotmarketing.portlets.structure.model.ContentletRelationshipsTest" time="0.595"/>
  <testcase name="testDoesAllowOnlyOne[2: com.dotmarketing.portlets.structure.model.ContentletRelationshipsTest$CardinalityTestCase@17c9b0c6]" classname="com.dotmarketing.portlets.structure.model.ContentletRelationshipsTest" time="0.554"/>
  <testcase name="testGetRelationshipRecords[0: com.dotmarketing.portlets.structure.model.ContentletRelationshipsTest$TestCase@3a6d6d86]" classname="com.dotmarketing.portlets.structure.model.ContentletRelationshipsTest" time="2.132"/>
  <testcase name="testGetRelationshipRecords[1: com.dotmarketing.portlets.structure.model.ContentletRelationshipsTest$TestCase@2dd254ff]" classname="com.dotmarketing.portlets.structure.model.ContentletRelationshipsTest" time="2.14"/>
  <testcase name="testGetRelationshipRecords[2: com.dotmarketing.portlets.structure.model.ContentletRelationshipsTest$TestCase@190b4bbe]" classname="com.dotmarketing.portlets.structure.model.ContentletRelationshipsTest" time="2.013"/>
  <testcase name="testGetRelationshipRecords[3: com.dotmarketing.portlets.structure.model.ContentletRelationshipsTest$TestCase@431e87d9]" classname="com.dotmarketing.portlets.structure.model.ContentletRelationshipsTest" time="1.995"/>
  <system-out><![CDATA[]]></system-out>
  <system-err><![CDATA[]]></system-err>
</testsuite>
