<?xml version="1.0" encoding="UTF-8"?>
<testsuite name="com.dotcms.contenttype.test.JsonContentTypeTransformerTest" tests="4" skipped="0" failures="0" errors="0" timestamp="2023-07-05T20:55:23" hostname="fv-az402-966" time="5.54">
  <properties/>
  <testcase name="testFieldSerialization" classname="com.dotcms.contenttype.test.JsonContentTypeTransformerTest" time="1.26"/>
  <testcase name="testContentTypeSerialization" classname="com.dotcms.contenttype.test.JsonContentTypeTransformerTest" time="1.907"/>
  <testcase name="testFieldArraySerialization" classname="com.dotcms.contenttype.test.JsonContentTypeTransformerTest" time="0.814"/>
  <testcase name="testContentTypeArraySerialization" classname="com.dotcms.contenttype.test.JsonContentTypeTransformerTest" time="1.558"/>
  <system-out><![CDATA[]]></system-out>
  <system-err><![CDATA[]]></system-err>
</testsuite>
