<?xml version="1.0" encoding="UTF-8"?>
<testsuite name="com.dotmarketing.business.DeterministicIdentifierAPITest" tests="16" skipped="0" failures="0" errors="0" timestamp="2023-06-26T16:54:20" hostname="fv-az936-789" time="1.713">
  <properties/>
  <testcase name="Test_Category_Path_Seed_And_Id" classname="com.dotmarketing.business.DeterministicIdentifierAPITest" time="0.029"/>
  <testcase name="Test_Language_Deterministic_Id[0: LanguageTestCase{expectedSeed='Language:es:US', expectedHash=4913155, langCode='es', countryCode='US', country='United States'}]" classname="com.dotmarketing.business.DeterministicIdentifierAPITest" time="0.001"/>
  <testcase name="Test_Language_Deterministic_Id[1: LanguageTestCase{expectedSeed='Language:ep:', expectedHash=5292269, langCode='ep', countryCode='', country=''}]" classname="com.dotmarketing.business.DeterministicIdentifierAPITest" time="0.001"/>
  <testcase name="Test_Language_Deterministic_Id[2: LanguageTestCase{expectedSeed='Language:sg:SAG', expectedHash=4713118, langCode='sg', countryCode='SAG', country=''}]" classname="com.dotmarketing.business.DeterministicIdentifierAPITest" time="0.001"/>
  <testcase name="Test_Language_Deterministic_Id[3: LanguageTestCase{expectedSeed='Language:en:NZ', expectedHash=5382528, langCode='en', countryCode='NZ', country='New Zealand'}]" classname="com.dotmarketing.business.DeterministicIdentifierAPITest" time="0.001"/>
  <testcase name="Test_Category_None_Persisted_Category_Should_Return_Deterministic_Id" classname="com.dotmarketing.business.DeterministicIdentifierAPITest" time="0.002"/>
  <testcase name="Test_Asset_Generate_Deterministic_Id_Best_Effort[0: TestCase{versionable=my.host1687791861383.com, parent=System Host, expectedName='my.host1687791861383.com', expectedType='Host'}]" classname="com.dotmarketing.business.DeterministicIdentifierAPITest" time="0.003"/>
  <testcase name="Test_Asset_Generate_Deterministic_Id_Best_Effort[1: TestCase{versionable=com.dotmarketing.portlets.contentlet.model.Contentlet@5a5b6d6c[map={modDate=2023-06-26 15:04:22.216, fileName=file16073848345094951073.txt, title=file16073848345094951073.txt, inode=f8daec38-d3f8-40ed-b5d6-6b93839b1a3c, __IS_NEW_CONTENT__=true, disabledWYSIWYG=[], host=d72e334b-6fe1-49b9-b3ce-d09cc07d8287, stInode=33888b6f-7a8e-4069-b1b6-5c1aa9d0a48d, owner=system, identifier=cedc82e6-0aba-4c4a-9ec0-e4d9aed551e1, nullProperties=[wfExpireDate, wfPublishDate, wfActionAssign, wfActionId, wfActionComments, filterKey, whereToSend, wfNeverExpire, _path_to_move, timezoneId, iWantTo, wfPublishTime, wfExpireTime], languageId=1, fileAsset=/home/runner/work/core/custom/assets/f/8/f8daec38-d3f8-40ed-b5d6-6b93839b1a3c/fileAsset/file16073848345094951073.txt, folder=d54ea15c-abfb-4491-9cd7-bb10825819d8, __disable_workflow__=true, sortOrder=0, modUser=system},lowIndexPriority=false,variantId=DEFAULT], parent=com.dotmarketing.portlets.folders.model.Folder@6fc3b8ce[identifier=d54ea15c-abfb-4491-9cd7-bb10825819d8,name=testName1687791862202,sortOrder=0,showOnMenu=false,hostId=d72e334b-6fe1-49b9-b3ce-d09cc07d8287,type=folder,title=testTitle1687791862202,filesMasks=,defaultFileType=33888b6f-7a8e-4069-b1b6-5c1aa9d0a48d,modDate=2023-06-26 15:04:22.208,owner=&lt;null&gt;,iDate=2023-06-26 15:04:22.208,inode=d54ea15c-abfb-4491-9cd7-bb10825819d8,path=/testName1687791862202/], expectedName='file16073848345094951073.txt', expectedType='FileAsset'}]" classname="com.dotmarketing.business.DeterministicIdentifierAPITest" time="0.004"/>
  <testcase name="Test_Asset_Generate_Deterministic_Id_Best_Effort[2: TestCase{versionable=com.dotmarketing.portlets.templates.model.Template@24d2349c, parent=my.host1687791861383.com, expectedName='testTitle1687791862338', expectedType='Template'}]" classname="com.dotmarketing.business.DeterministicIdentifierAPITest" time="0.003"/>
  <testcase name="Test_Asset_Generate_Deterministic_Id_Best_Effort[3: TestCase{versionable=com.dotmarketing.portlets.htmlpageasset.model.HTMLPageAsset@2a43871[map={template=638923bf-1174-44f5-821e-94c0fe8073ed, owner=system, identifier=2144d5d9-a0f0-47f2-a4eb-8e58da0b4d52, nullProperties=[wfExpireDate, wfPublishDate, wfActionAssign, wfActionId, wfActionComments, filterKey, whereToSend, wfNeverExpire, _path_to_move, timezoneId, iWantTo, wfPublishTime, wfExpireTime], modDate=2023-06-26 15:04:22.37, cachettl=0, _is_test_mode=true, languageId=1, title=test-page-title-1687791862361, httpsreq=, url=test-page-url-1687791862361, showOnMenu=, inode=2f57304b-ae40-4424-b9f5-b096f803482f, folder=d54ea15c-abfb-4491-9cd7-bb10825819d8, disabledWYSIWYG=[], sortOrder=1, modUser=system, host=d72e334b-6fe1-49b9-b3ce-d09cc07d8287, stInode=c541abb1-69b3-4bc5-8430-5e09e5239cc8, friendlyName=test-page-friendly-name-1687791862361},lowIndexPriority=false,variantId=DEFAULT], parent=com.dotmarketing.portlets.folders.model.Folder@6fc3b8ce[identifier=d54ea15c-abfb-4491-9cd7-bb10825819d8,name=testName1687791862202,sortOrder=0,showOnMenu=false,hostId=d72e334b-6fe1-49b9-b3ce-d09cc07d8287,type=folder,title=testTitle1687791862202,filesMasks=,defaultFileType=33888b6f-7a8e-4069-b1b6-5c1aa9d0a48d,modDate=2023-06-26 15:04:22.208,owner=&lt;null&gt;,iDate=2023-06-26 15:04:22.208,inode=d54ea15c-abfb-4491-9cd7-bb10825819d8,path=/testName1687791862202/], expectedName='test-page-url-1687791862361', expectedType='htmlpageasset'}]" classname="com.dotmarketing.business.DeterministicIdentifierAPITest" time="0.003"/>
  <testcase name="Test_Asset_Generate_Deterministic_Id_Best_Effort[4: TestCase{versionable=com.dotmarketing.portlets.contentlet.model.Contentlet@121302b3[map={fileAsset2=/home/runner/work/core/custom/assets/d/b/dbe56cf3-73f2-4ea9-bfe0-3e920488c32d/fileAsset2/test_binary1687791863159.png, modDate=2023-06-26 15:04:23.166, fileAsset1=/home/runner/work/core/custom/assets/d/b/dbe56cf3-73f2-4ea9-bfe0-3e920488c32d/fileAsset1/test_binary1687791863158.jpg, title=blah, inode=dbe56cf3-73f2-4ea9-bfe0-3e920488c32d, __IS_NEW_CONTENT__=true, disabledWYSIWYG=[], host=8a7d5e23-da1e-420a-b4f0-471e7da8ea2d, stInode=877e1472-3390-4c3c-8175-ae2a91f740fb, owner=system, identifier=960c27cb-0ec5-4600-ab21-2fbdfa465821, nullProperties=[], languageId=1, image1=327f435b-6bfc-4a23-98b9-bf23e5fb5fd5, folder=SYSTEM_FOLDER, __disable_workflow__=true, sortOrder=0, modUser=system},lowIndexPriority=false,variantId=DEFAULT], parent=default, expectedName='test_binary1687791863158.jpg:test_binary1687791863159.png', expectedType='MultipleBinaries1687791862557'}]" classname="com.dotmarketing.business.DeterministicIdentifierAPITest" time="0.009"/>
  <testcase name="Test_Asset_Generate_Deterministic_Id_Best_Effort[5: TestCase{versionable=namec41b1f64f6 : keyTagc41b1f64f6, parent=my.host1687791861383.com, expectedName='keyTagc41b1f64f6', expectedType='persona'}]" classname="com.dotmarketing.business.DeterministicIdentifierAPITest" time="0.007"/>
  <testcase name="Test_Similar_Content_Type_Wont_Clash" classname="com.dotmarketing.business.DeterministicIdentifierAPITest" time="0.548"/>
  <testcase name="Test_Generate_Folder_Identifier" classname="com.dotmarketing.business.DeterministicIdentifierAPITest" time="1.077"/>
  <testcase name="Test_Generate_Content_Type_Identifier[0: ContentTypeTestCase{contentType=KeyValueContentType{name=Language Variable, id=f4d7c1b8-2c88-4071-abf1-a5328977b07d, description=Default Content Type for Language Variables, defaultType=false, fixed=true, iDate=Thu Aug 31 16:38:49 UTC 2017, system=true, versionable=true, variable=Languagevariable, modDate=Mon Jun 26 15:00:42 UTC 2023, host=SYSTEM_HOST, siteName=systemHost, icon=language, sortOrder=0, folder=SYSTEM_FOLDER, folderPath=/, markedForDeletion=false, multilingualable=false}, expectedName='Languagevariable', expectedType='KeyValue'}]" classname="com.dotmarketing.business.DeterministicIdentifierAPITest" time="0.015"/>
  <testcase name="Test_Generate_Content_Type_Identifier[1: ContentTypeTestCase{contentType=SimpleContentType{name=testName1687791863911, id=89db66dd-1963-469b-b354-85c5d23b1577, description=testDescription1687791863911, defaultType=false, fixed=false, iDate=Mon Jun 26 15:04:23 UTC 2023, system=false, versionable=true, multilingualable=false, variable=testVarname1687791863911, owner=system, modDate=Mon Jun 26 15:04:24 UTC 2023, host=8a7d5e23-da1e-420a-b4f0-471e7da8ea2d, siteName=default, icon=event_note, sortOrder=0, folder=SYSTEM_FOLDER, folderPath=/, requiredFields=[], markedForDeletion=false}, expectedName='testVarname1687791863911', expectedType='CONTENT'}]" classname="com.dotmarketing.business.DeterministicIdentifierAPITest" time="0.006"/>
  <system-out><![CDATA[]]></system-out>
  <system-err><![CDATA[]]></system-err>
</testsuite>
