<?xml version="1.0" encoding="UTF-8"?>
<testsuite name="com.dotmarketing.common.reindex.ReindexAPITest" tests="5" skipped="0" failures="0" errors="0" timestamp="2023-07-18T00:31:13" hostname="fv-az162-832" time="67.449">
  <properties/>
  <testcase name="test_content_type_reindex" classname="com.dotmarketing.common.reindex.ReindexAPITest" time="0.774"/>
  <testcase name="test_failed_records" classname="com.dotmarketing.common.reindex.ReindexAPITest" time="1.391"/>
  <testcase name="test_deleted_records" classname="com.dotmarketing.common.reindex.ReindexAPITest" time="61.83"/>
  <testcase name="test_adding_content_adds_to_queue_after_transaction_commit" classname="com.dotmarketing.common.reindex.ReindexAPITest" time="1.715"/>
  <testcase name="test_highestpriority_reindex_vs_normal_reindex" classname="com.dotmarketing.common.reindex.ReindexAPITest" time="1.738"/>
  <system-out><![CDATA[]]></system-out>
  <system-err><![CDATA[]]></system-err>
</testsuite>
