<?xml version="1.0" encoding="UTF-8"?>
<testsuite name="com.dotmarketing.portlets.languagesmanager.business.LanguageFactoryIntegrationTest" tests="10" skipped="0" failures="0" errors="0" timestamp="2023-06-26T14:51:51" hostname="fv-az413-549" time="0.039">
  <properties/>
  <testcase name="test_insert_duplicate_then_find_by_code" classname="com.dotmarketing.portlets.languagesmanager.business.LanguageFactoryIntegrationTest" time="0.006"/>
  <testcase name="test_insert_language_then_test_has_language_then_remove" classname="com.dotmarketing.portlets.languagesmanager.business.LanguageFactoryIntegrationTest" time="0.004"/>
  <testcase name="test_insert_expect_id_greater_than_0_then_delete_then_expect_null" classname="com.dotmarketing.portlets.languagesmanager.business.LanguageFactoryIntegrationTest" time="0.007"/>
  <testcase name="test_insert_language_then_update" classname="com.dotmarketing.portlets.languagesmanager.business.LanguageFactoryIntegrationTest" time="0.004"/>
  <testcase name="test_insert_language_then_insert_language_keys_then_find_keys" classname="com.dotmarketing.portlets.languagesmanager.business.LanguageFactoryIntegrationTest" time="0.007"/>
  <testcase name="test_insert_force_id_expect_new_id_to_match" classname="com.dotmarketing.portlets.languagesmanager.business.LanguageFactoryIntegrationTest" time="0.002"/>
  <testcase name="test_getLanguage_NonExistingLanguage_ReturnsNull" classname="com.dotmarketing.portlets.languagesmanager.business.LanguageFactoryIntegrationTest" time="0.001"/>
  <testcase name="test_get_default_language" classname="com.dotmarketing.portlets.languagesmanager.business.LanguageFactoryIntegrationTest" time="0.0"/>
  <testcase name="test_get_languages" classname="com.dotmarketing.portlets.languagesmanager.business.LanguageFactoryIntegrationTest" time="0.003"/>
  <testcase name="test_insert_language_then_find_then_remove" classname="com.dotmarketing.portlets.languagesmanager.business.LanguageFactoryIntegrationTest" time="0.003"/>
  <system-out><![CDATA[]]></system-out>
  <system-err><![CDATA[]]></system-err>
</testsuite>
