<?xml version="1.0" encoding="UTF-8"?>
<testsuite name="com.dotmarketing.portlets.structure.model.ContentletRelationshipsTest" tests="7" skipped="0" failures="0" errors="0" timestamp="2023-07-13T18:35:49" hostname="fv-az590-649" time="10.423">
  <properties/>
  <testcase name="testDoesAllowOnlyOne[0: com.dotmarketing.portlets.structure.model.ContentletRelationshipsTest$CardinalityTestCase@1d1fd1]" classname="com.dotmarketing.portlets.structure.model.ContentletRelationshipsTest" time="0.763"/>
  <testcase name="testDoesAllowOnlyOne[1: com.dotmarketing.portlets.structure.model.ContentletRelationshipsTest$CardinalityTestCase@c315818]" classname="com.dotmarketing.portlets.structure.model.ContentletRelationshipsTest" time="0.678"/>
  <testcase name="testDoesAllowOnlyOne[2: com.dotmarketing.portlets.structure.model.ContentletRelationshipsTest$CardinalityTestCase@52a4c8c1]" classname="com.dotmarketing.portlets.structure.model.ContentletRelationshipsTest" time="0.661"/>
  <testcase name="testGetRelationshipRecords[0: com.dotmarketing.portlets.structure.model.ContentletRelationshipsTest$TestCase@5d05cae5]" classname="com.dotmarketing.portlets.structure.model.ContentletRelationshipsTest" time="2.509"/>
  <testcase name="testGetRelationshipRecords[1: com.dotmarketing.portlets.structure.model.ContentletRelationshipsTest$TestCase@350ea503]" classname="com.dotmarketing.portlets.structure.model.ContentletRelationshipsTest" time="1.38"/>
  <testcase name="testGetRelationshipRecords[2: com.dotmarketing.portlets.structure.model.ContentletRelationshipsTest$TestCase@33f9ca22]" classname="com.dotmarketing.portlets.structure.model.ContentletRelationshipsTest" time="2.219"/>
  <testcase name="testGetRelationshipRecords[3: com.dotmarketing.portlets.structure.model.ContentletRelationshipsTest$TestCase@47efee5c]" classname="com.dotmarketing.portlets.structure.model.ContentletRelationshipsTest" time="2.212"/>
  <system-out><![CDATA[]]></system-out>
  <system-err><![CDATA[]]></system-err>
</testsuite>
