<?xml version="1.0" encoding="UTF-8"?>
<testsuite name="com.dotmarketing.portlets.workflows.actionlet.FourEyeApproverActionletTest" tests="3" skipped="0" failures="0" errors="0" timestamp="2023-07-14T22:56:01" hostname="fv-az613-925" time="6.46">
  <properties/>
  <testcase name="contentApprovalWithTwoApprovers" classname="com.dotmarketing.portlets.workflows.actionlet.FourEyeApproverActionletTest" time="4.031"/>
  <testcase name="contentApprovalWithOneApprover" classname="com.dotmarketing.portlets.workflows.actionlet.FourEyeApproverActionletTest" time="1.259"/>
  <testcase name="unauthorizedUserTriggeringWorkflowAction" classname="com.dotmarketing.portlets.workflows.actionlet.FourEyeApproverActionletTest" time="1.17"/>
  <system-out><![CDATA[]]></system-out>
  <system-err><![CDATA[]]></system-err>
</testsuite>
