<?xml version="1.0" encoding="UTF-8"?>
<testsuite name="com.dotcms.rest.elasticsearch.ESContentResourcePortletTest" tests="8" skipped="0" failures="0" errors="0" timestamp="2023-07-10T23:05:13" hostname="fv-az339-476" time="7.631">
  <properties/>
  <testcase name="test_search_includeGrandChildCategory_success" classname="com.dotcms.rest.elasticsearch.ESContentResourcePortletTest" time="1.322"/>
  <testcase name="testSearch[0: com.dotcms.rest.elasticsearch.ESContentResourcePortletTest$TestCase@4fed325e]" classname="com.dotcms.rest.elasticsearch.ESContentResourcePortletTest" time="0.866"/>
  <testcase name="testSearch[1: com.dotcms.rest.elasticsearch.ESContentResourcePortletTest$TestCase@10f821d3]" classname="com.dotcms.rest.elasticsearch.ESContentResourcePortletTest" time="1.282"/>
  <testcase name="testSearch[2: com.dotcms.rest.elasticsearch.ESContentResourcePortletTest$TestCase@41a34f24]" classname="com.dotcms.rest.elasticsearch.ESContentResourcePortletTest" time="0.882"/>
  <testcase name="testSearch[3: com.dotcms.rest.elasticsearch.ESContentResourcePortletTest$TestCase@3b3b5de]" classname="com.dotcms.rest.elasticsearch.ESContentResourcePortletTest" time="1.264"/>
  <testcase name="testSearch[4: com.dotcms.rest.elasticsearch.ESContentResourcePortletTest$TestCase@25ea0834]" classname="com.dotcms.rest.elasticsearch.ESContentResourcePortletTest" time="0.256"/>
  <testcase name="testSearch[5: com.dotcms.rest.elasticsearch.ESContentResourcePortletTest$TestCase@74cd43e3]" classname="com.dotcms.rest.elasticsearch.ESContentResourcePortletTest" time="0.925"/>
  <testcase name="testSearch[6: com.dotcms.rest.elasticsearch.ESContentResourcePortletTest$TestCase@2f4ce831]" classname="com.dotcms.rest.elasticsearch.ESContentResourcePortletTest" time="0.834"/>
  <system-out><![CDATA[]]></system-out>
  <system-err><![CDATA[]]></system-err>
</testsuite>
