<?xml version="1.0" encoding="UTF-8"?>
<testsuite name="com.dotmarketing.beans.HostTest" tests="2" skipped="0" failures="0" errors="0" timestamp="2023-07-10T23:55:30" hostname="fv-az620-40" time="0.007">
  <properties/>
  <testcase name="isDefaultReturnsProperValueWhenSet" classname="com.dotmarketing.beans.HostTest" time="0.006"/>
  <testcase name="isDefaultReturnsFalseWhenNotSet" classname="com.dotmarketing.beans.HostTest" time="0.001"/>
  <system-out><![CDATA[]]></system-out>
  <system-err><![CDATA[]]></system-err>
</testsuite>
