<?xml version="1.0" encoding="UTF-8"?>
<testsuite name="com.dotmarketing.portlets.workflows.actionlet.SaveContentActionletTest" tests="9" skipped="0" failures="0" errors="0" timestamp="2023-07-19T18:37:56" hostname="fv-az615-953" time="1.683">
  <properties/>
  <testcase name="test_Publish_With_Save_Contentlet[0: com.dotmarketing.portlets.workflows.actionlet.SaveContentActionletTest$TestCase@74a64490]" classname="com.dotmarketing.portlets.workflows.actionlet.SaveContentActionletTest" time="1.242"/>
  <testcase name="test_Publish_With_Save_Contentlet[1: com.dotmarketing.portlets.workflows.actionlet.SaveContentActionletTest$TestCase@2dc0597f]" classname="com.dotmarketing.portlets.workflows.actionlet.SaveContentActionletTest" time="0.229"/>
  <testcase name="test_Publish_With_Save_Contentlet[2: com.dotmarketing.portlets.workflows.actionlet.SaveContentActionletTest$TestCase@38aa4033]" classname="com.dotmarketing.portlets.workflows.actionlet.SaveContentActionletTest" time="0.023"/>
  <testcase name="test_Publish_With_Save_Contentlet[3: com.dotmarketing.portlets.workflows.actionlet.SaveContentActionletTest$TestCase@68ae45aa]" classname="com.dotmarketing.portlets.workflows.actionlet.SaveContentActionletTest" time="0.02"/>
  <testcase name="test_Publish_With_Save_Contentlet[4: com.dotmarketing.portlets.workflows.actionlet.SaveContentActionletTest$TestCase@2eea0eeb]" classname="com.dotmarketing.portlets.workflows.actionlet.SaveContentActionletTest" time="0.048"/>
  <testcase name="test_Publish_With_Save_Contentlet[5: com.dotmarketing.portlets.workflows.actionlet.SaveContentActionletTest$TestCase@14eb1e8]" classname="com.dotmarketing.portlets.workflows.actionlet.SaveContentActionletTest" time="0.04"/>
  <testcase name="test_Publish_With_Save_Contentlet[6: com.dotmarketing.portlets.workflows.actionlet.SaveContentActionletTest$TestCase@6b8fc22a]" classname="com.dotmarketing.portlets.workflows.actionlet.SaveContentActionletTest" time="0.024"/>
  <testcase name="test_Publish_With_Save_Contentlet[7: com.dotmarketing.portlets.workflows.actionlet.SaveContentActionletTest$TestCase@711659e4]" classname="com.dotmarketing.portlets.workflows.actionlet.SaveContentActionletTest" time="0.02"/>
  <testcase name="test_Publish_With_Save_Contentlet[8: com.dotmarketing.portlets.workflows.actionlet.SaveContentActionletTest$TestCase@f759c7b]" classname="com.dotmarketing.portlets.workflows.actionlet.SaveContentActionletTest" time="0.022"/>
  <system-out><![CDATA[]]></system-out>
  <system-err><![CDATA[]]></system-err>
</testsuite>
