<?xml version="1.0" encoding="UTF-8"?>
<testsuite name="com.dotcms.rest.TagResourceIntegrationTest" tests="4" skipped="0" failures="0" errors="0" timestamp="2023-06-23T18:45:21" hostname="fv-az507-453" time="0.391">
  <properties/>
  <testcase name="testList[0: com.dotcms.rest.TagResourceTestCase@3d0b2224]" classname="com.dotcms.rest.TagResourceIntegrationTest" time="0.293"/>
  <testcase name="testList[1: com.dotcms.rest.TagResourceTestCase@37d59bd4]" classname="com.dotcms.rest.TagResourceIntegrationTest" time="0.035"/>
  <testcase name="testList[2: com.dotcms.rest.TagResourceTestCase@78682cca]" classname="com.dotcms.rest.TagResourceIntegrationTest" time="0.025"/>
  <testcase name="testList[3: com.dotcms.rest.TagResourceTestCase@739b2b3e]" classname="com.dotcms.rest.TagResourceIntegrationTest" time="0.037"/>
  <system-out><![CDATA[]]></system-out>
  <system-err><![CDATA[Jun 23, 2023 6:45:21 PM com.dotcms.repackage.org.hibernate.validator.internal.util.Version <clinit>
INFO: HV000001: Hibernate Validator 4.3.2.Final
]]></system-err>
</testsuite>
