<?xml version="1.0" encoding="UTF-8"?>
<testsuite name="com.dotcms.rest.TagResourceIntegrationTest" tests="4" skipped="0" failures="0" errors="0" timestamp="2023-06-22T18:49:13" hostname="fv-az419-343" time="0.345">
  <properties/>
  <testcase name="testList[0: com.dotcms.rest.TagResourceTestCase@23b612f8]" classname="com.dotcms.rest.TagResourceIntegrationTest" time="0.251"/>
  <testcase name="testList[1: com.dotcms.rest.TagResourceTestCase@6f483f08]" classname="com.dotcms.rest.TagResourceIntegrationTest" time="0.044"/>
  <testcase name="testList[2: com.dotcms.rest.TagResourceTestCase@1af8dc3c]" classname="com.dotcms.rest.TagResourceIntegrationTest" time="0.021"/>
  <testcase name="testList[3: com.dotcms.rest.TagResourceTestCase@1db8d6cf]" classname="com.dotcms.rest.TagResourceIntegrationTest" time="0.028"/>
  <system-out><![CDATA[]]></system-out>
  <system-err><![CDATA[Jun 22, 2023 6:49:13 PM com.dotcms.repackage.org.hibernate.validator.internal.util.Version <clinit>
INFO: HV000001: Hibernate Validator 4.3.2.Final
]]></system-err>
</testsuite>
