<?xml version="1.0" encoding="UTF-8"?>
<testsuite name="com.dotmarketing.portlets.structure.model.ContentletRelationshipsTest" tests="7" skipped="0" failures="0" errors="0" timestamp="2023-06-26T16:16:45" hostname="fv-az364-36" time="7.685">
  <properties/>
  <testcase name="testDoesAllowOnlyOne[0: com.dotmarketing.portlets.structure.model.ContentletRelationshipsTest$CardinalityTestCase@4a216c73]" classname="com.dotmarketing.portlets.structure.model.ContentletRelationshipsTest" time="0.49"/>
  <testcase name="testDoesAllowOnlyOne[1: com.dotmarketing.portlets.structure.model.ContentletRelationshipsTest$CardinalityTestCase@158006f9]" classname="com.dotmarketing.portlets.structure.model.ContentletRelationshipsTest" time="0.445"/>
  <testcase name="testDoesAllowOnlyOne[2: com.dotmarketing.portlets.structure.model.ContentletRelationshipsTest$CardinalityTestCase@56cb8273]" classname="com.dotmarketing.portlets.structure.model.ContentletRelationshipsTest" time="0.435"/>
  <testcase name="testGetRelationshipRecords[0: com.dotmarketing.portlets.structure.model.ContentletRelationshipsTest$TestCase@4bf26d2a]" classname="com.dotmarketing.portlets.structure.model.ContentletRelationshipsTest" time="0.937"/>
  <testcase name="testGetRelationshipRecords[1: com.dotmarketing.portlets.structure.model.ContentletRelationshipsTest$TestCase@a71c2d3]" classname="com.dotmarketing.portlets.structure.model.ContentletRelationshipsTest" time="1.907"/>
  <testcase name="testGetRelationshipRecords[2: com.dotmarketing.portlets.structure.model.ContentletRelationshipsTest$TestCase@1fd3baaa]" classname="com.dotmarketing.portlets.structure.model.ContentletRelationshipsTest" time="1.726"/>
  <testcase name="testGetRelationshipRecords[3: com.dotmarketing.portlets.structure.model.ContentletRelationshipsTest$TestCase@15817b39]" classname="com.dotmarketing.portlets.structure.model.ContentletRelationshipsTest" time="1.745"/>
  <system-out><![CDATA[]]></system-out>
  <system-err><![CDATA[]]></system-err>
</testsuite>
