<?xml version="1.0" encoding="UTF-8"?>
<testsuite name="com.dotmarketing.portlets.contentlet.transform.BinaryToMapTransformerTest" tests="2" skipped="0" failures="0" errors="0" timestamp="2023-07-10T19:04:03" hostname="fv-az471-786" time="3.467">
  <properties/>
  <testcase name="test_BinaryToMapTransformer_transform" classname="com.dotmarketing.portlets.contentlet.transform.BinaryToMapTransformerTest" time="1.743"/>
  <testcase name="testNullBinaryField_ConstructionShouldSucceed" classname="com.dotmarketing.portlets.contentlet.transform.BinaryToMapTransformerTest" time="1.724"/>
  <system-out><![CDATA[]]></system-out>
  <system-err><![CDATA[]]></system-err>
</testsuite>
