<?xml version="1.0" encoding="UTF-8"?>
<testsuite name="com.dotcms.contenttype.business.ContentTypeDestroyAPIImplTest" tests="5" skipped="0" failures="0" errors="0" timestamp="2023-06-23T01:30:28" hostname="fv-az395-584" time="134.753">
  <properties/>
  <testcase name="Destroy_General_Test" classname="com.dotcms.contenttype.business.ContentTypeDestroyAPIImplTest" time="14.277"/>
  <testcase name="Test_Destroy_Persona_Like_Content_Type" classname="com.dotcms.contenttype.business.ContentTypeDestroyAPIImplTest" time="2.226"/>
  <testcase name="Test_Relocate_Contentlets" classname="com.dotcms.contenttype.business.ContentTypeDestroyAPIImplTest" time="104.104"/>
  <testcase name="Test_Destroy_With_Categories" classname="com.dotcms.contenttype.business.ContentTypeDestroyAPIImplTest" time="3.286"/>
  <testcase name="testNextBatch" classname="com.dotcms.contenttype.business.ContentTypeDestroyAPIImplTest" time="10.86"/>
  <system-out><![CDATA[]]></system-out>
  <system-err><![CDATA[Jun 23, 2023 1:31:28 AM com.hazelcast.nio.tcp.TcpIpConnection
INFO: [172.18.0.1]:5701 [dev] [3.12.13] Connection[id=1, /127.0.0.1:5701->/127.0.0.1:33738, qualifier=null, endpoint=null, alive=false, type=NONE] closed. Reason: Connection closed by the other side
Jun 23, 2023 1:31:29 AM com.hazelcast.core.LifecycleService
INFO: [172.18.0.1]:5701 [dev] [3.12.13] [172.18.0.1]:5701 is SHUTTING_DOWN
Jun 23, 2023 1:31:29 AM com.hazelcast.instance.Node
INFO: [172.18.0.1]:5701 [dev] [3.12.13] Shutting down connection manager...
Jun 23, 2023 1:31:29 AM com.hazelcast.instance.Node
INFO: [172.18.0.1]:5701 [dev] [3.12.13] Shutting down node engine...
Jun 23, 2023 1:31:29 AM com.hazelcast.instance.NodeExtension
INFO: [172.18.0.1]:5701 [dev] [3.12.13] Destroying node NodeExtension.
Jun 23, 2023 1:31:29 AM com.hazelcast.instance.Node
INFO: [172.18.0.1]:5701 [dev] [3.12.13] Hazelcast Shutdown is completed in 48 ms.
Jun 23, 2023 1:31:29 AM com.hazelcast.core.LifecycleService
INFO: [172.18.0.1]:5701 [dev] [3.12.13] [172.18.0.1]:5701 is SHUTDOWN
Jun 23, 2023 1:31:29 AM com.hazelcast.config.AbstractXmlConfigHelper
WARNING: Name of the hazelcast schema location is incorrect, using default
Jun 23, 2023 1:31:29 AM com.hazelcast.instance.AddressPicker
INFO: [LOCAL] [dev] [3.12.13] Prefer IPv4 stack is true, prefer IPv6 addresses is false
Jun 23, 2023 1:31:29 AM com.hazelcast.instance.AddressPicker
INFO: [LOCAL] [dev] [3.12.13] Picked [172.18.0.1]:5701, using socket ServerSocket[addr=/0:0:0:0:0:0:0:0,localport=5701], bind any local is true
Jun 23, 2023 1:31:29 AM com.hazelcast.system
INFO: [172.18.0.1]:5701 [dev] [3.12.13] Hazelcast 3.12.13 (20220825 - 40e63ea) starting at [172.18.0.1]:5701
Jun 23, 2023 1:31:29 AM com.hazelcast.system
INFO: [172.18.0.1]:5701 [dev] [3.12.13] Copyright (c) 2008-2020, Hazelcast, Inc. All Rights Reserved.
Jun 23, 2023 1:31:29 AM com.hazelcast.spi.impl.operationservice.impl.BackpressureRegulator
INFO: [172.18.0.1]:5701 [dev] [3.12.13] Backpressure is disabled
Jun 23, 2023 1:31:29 AM com.hazelcast.spi.impl.operationexecutor.impl.OperationExecutorImpl
INFO: [172.18.0.1]:5701 [dev] [3.12.13] Starting 2 partition threads and 3 generic threads (1 dedicated for priority tasks)
Jun 23, 2023 1:31:29 AM com.hazelcast.internal.diagnostics.Diagnostics
INFO: [172.18.0.1]:5701 [dev] [3.12.13] Diagnostics disabled. To enable add -Dhazelcast.diagnostics.enabled=true to the JVM arguments.
Jun 23, 2023 1:31:29 AM com.hazelcast.core.LifecycleService
INFO: [172.18.0.1]:5701 [dev] [3.12.13] [172.18.0.1]:5701 is STARTING
Jun 23, 2023 1:31:29 AM com.hazelcast.instance.Node
WARNING: [172.18.0.1]:5701 [dev] [3.12.13] No join method is enabled! Starting standalone.
Jun 23, 2023 1:31:29 AM com.hazelcast.core.LifecycleService
INFO: [172.18.0.1]:5701 [dev] [3.12.13] [172.18.0.1]:5701 is STARTED
]]></system-err>
</testsuite>
