<?xml version="1.0" encoding="UTF-8"?>
<testsuite name="com.dotmarketing.business.DeterministicIdentifierAPITest" tests="16" skipped="0" failures="0" errors="0" timestamp="2023-07-01T03:51:42" hostname="fv-az842-282" time="2.022">
  <properties/>
  <testcase name="Test_Category_Path_Seed_And_Id" classname="com.dotmarketing.business.DeterministicIdentifierAPITest" time="0.035"/>
  <testcase name="Test_Language_Deterministic_Id[0: LanguageTestCase{expectedSeed='Language:es:US', expectedHash=4913155, langCode='es', countryCode='US', country='United States'}]" classname="com.dotmarketing.business.DeterministicIdentifierAPITest" time="0.001"/>
  <testcase name="Test_Language_Deterministic_Id[1: LanguageTestCase{expectedSeed='Language:ep:', expectedHash=5292269, langCode='ep', countryCode='', country=''}]" classname="com.dotmarketing.business.DeterministicIdentifierAPITest" time="0.001"/>
  <testcase name="Test_Language_Deterministic_Id[2: LanguageTestCase{expectedSeed='Language:sg:SAG', expectedHash=4713118, langCode='sg', countryCode='SAG', country=''}]" classname="com.dotmarketing.business.DeterministicIdentifierAPITest" time="0.001"/>
  <testcase name="Test_Language_Deterministic_Id[3: LanguageTestCase{expectedSeed='Language:en:NZ', expectedHash=5382528, langCode='en', countryCode='NZ', country='New Zealand'}]" classname="com.dotmarketing.business.DeterministicIdentifierAPITest" time="0.001"/>
  <testcase name="Test_Category_None_Persisted_Category_Should_Return_Deterministic_Id" classname="com.dotmarketing.business.DeterministicIdentifierAPITest" time="0.002"/>
  <testcase name="Test_Asset_Generate_Deterministic_Id_Best_Effort[0: TestCase{versionable=my.host1688183042842.com, parent=System Host, expectedName='my.host1688183042842.com', expectedType='Host'}]" classname="com.dotmarketing.business.DeterministicIdentifierAPITest" time="0.005"/>
  <testcase name="Test_Asset_Generate_Deterministic_Id_Best_Effort[1: TestCase{versionable=com.dotmarketing.portlets.contentlet.model.Contentlet@79777a39[map={modDate=2023-07-01 03:44:03.262, fileName=file13148305948557919973.txt, title=file13148305948557919973.txt, inode=c2f55bb3-1aac-4042-af16-3445aa524ffc, __IS_NEW_CONTENT__=true, disabledWYSIWYG=[], host=feabe8f6-62c6-438c-b0e0-44e7d3edc4e6, stInode=33888b6f-7a8e-4069-b1b6-5c1aa9d0a48d, owner=system, identifier=f1c301a2-6ef8-4705-a1ab-3264bdb6b813, nullProperties=[wfExpireDate, wfPublishDate, wfActionAssign, wfActionId, wfActionComments, filterKey, whereToSend, wfNeverExpire, _path_to_move, timezoneId, iWantTo, wfPublishTime, wfExpireTime], languageId=1, fileAsset=/home/runner/work/core/custom/assets/c/2/c2f55bb3-1aac-4042-af16-3445aa524ffc/fileAsset/file13148305948557919973.txt, folder=ee4802ad-22da-4a20-b359-524fc3152ba9, __disable_workflow__=true, sortOrder=0, modUser=system},lowIndexPriority=false,variantId=DEFAULT], parent=com.dotmarketing.portlets.folders.model.Folder@149ae4f1[identifier=ee4802ad-22da-4a20-b359-524fc3152ba9,name=testName1688183043248,sortOrder=0,showOnMenu=false,hostId=feabe8f6-62c6-438c-b0e0-44e7d3edc4e6,type=folder,title=testTitle1688183043248,filesMasks=,defaultFileType=33888b6f-7a8e-4069-b1b6-5c1aa9d0a48d,modDate=2023-07-01 03:44:03.255,owner=&lt;null&gt;,iDate=2023-07-01 03:44:03.255,inode=ee4802ad-22da-4a20-b359-524fc3152ba9,path=/testName1688183043248/], expectedName='file13148305948557919973.txt', expectedType='FileAsset'}]" classname="com.dotmarketing.business.DeterministicIdentifierAPITest" time="0.006"/>
  <testcase name="Test_Asset_Generate_Deterministic_Id_Best_Effort[2: TestCase{versionable=com.dotmarketing.portlets.templates.model.Template@91953230, parent=my.host1688183042842.com, expectedName='testTitle1688183043451', expectedType='Template'}]" classname="com.dotmarketing.business.DeterministicIdentifierAPITest" time="0.003"/>
  <testcase name="Test_Asset_Generate_Deterministic_Id_Best_Effort[3: TestCase{versionable=com.dotmarketing.portlets.htmlpageasset.model.HTMLPageAsset@358e477f[map={template=00b282c2-e506-4191-b559-29c3bf388628, owner=system, identifier=fb275d58-3cdd-47f8-ab00-cfdc74a3c1a3, nullProperties=[wfExpireDate, wfPublishDate, wfActionAssign, wfActionId, wfActionComments, filterKey, whereToSend, wfNeverExpire, _path_to_move, timezoneId, iWantTo, wfPublishTime, wfExpireTime], modDate=2023-07-01 03:44:03.48, cachettl=0, _is_test_mode=true, languageId=1, title=test-page-title-1688183043473, httpsreq=, url=test-page-url-1688183043473, showOnMenu=, inode=9869a141-0bb9-498a-ac2e-8468b676b13c, folder=ee4802ad-22da-4a20-b359-524fc3152ba9, disabledWYSIWYG=[], sortOrder=1, modUser=system, host=feabe8f6-62c6-438c-b0e0-44e7d3edc4e6, stInode=c541abb1-69b3-4bc5-8430-5e09e5239cc8, friendlyName=test-page-friendly-name-1688183043473},lowIndexPriority=false,variantId=DEFAULT], parent=com.dotmarketing.portlets.folders.model.Folder@149ae4f1[identifier=ee4802ad-22da-4a20-b359-524fc3152ba9,name=testName1688183043248,sortOrder=0,showOnMenu=false,hostId=feabe8f6-62c6-438c-b0e0-44e7d3edc4e6,type=folder,title=testTitle1688183043248,filesMasks=,defaultFileType=33888b6f-7a8e-4069-b1b6-5c1aa9d0a48d,modDate=2023-07-01 03:44:03.255,owner=&lt;null&gt;,iDate=2023-07-01 03:44:03.255,inode=ee4802ad-22da-4a20-b359-524fc3152ba9,path=/testName1688183043248/], expectedName='test-page-url-1688183043473', expectedType='htmlpageasset'}]" classname="com.dotmarketing.business.DeterministicIdentifierAPITest" time="0.004"/>
  <testcase name="Test_Asset_Generate_Deterministic_Id_Best_Effort[4: TestCase{versionable=com.dotmarketing.portlets.contentlet.model.Contentlet@39013772[map={fileAsset2=/home/runner/work/core/custom/assets/1/c/1c130129-2101-4f05-9bda-82c45712657b/fileAsset2/test_binary1688183045291.png, modDate=2023-07-01 03:44:05.297, fileAsset1=/home/runner/work/core/custom/assets/1/c/1c130129-2101-4f05-9bda-82c45712657b/fileAsset1/test_binary1688183045290.jpg, title=blah, inode=1c130129-2101-4f05-9bda-82c45712657b, __IS_NEW_CONTENT__=true, disabledWYSIWYG=[], host=48190c8c-42c4-46af-8d1a-0cd5db894797, stInode=f88a9737-80bf-42f6-8be6-e8699245b0c9, owner=system, identifier=9b8dfb43-f1d5-407f-99d7-a32a2bb55ea4, nullProperties=[], languageId=1, image1=ae600d4a-defe-4726-90d4-ce6efff1251a, folder=SYSTEM_FOLDER, __disable_workflow__=true, sortOrder=0, modUser=system},lowIndexPriority=false,variantId=DEFAULT], parent=demo.dotcms.com, expectedName='test_binary1688183045290.jpg:test_binary1688183045291.png', expectedType='MultipleBinaries1688183043744'}]" classname="com.dotmarketing.business.DeterministicIdentifierAPITest" time="0.004"/>
  <testcase name="Test_Asset_Generate_Deterministic_Id_Best_Effort[5: TestCase{versionable=name80bce52cc5 : keyTag80bce52cc5, parent=my.host1688183042842.com, expectedName='keyTag80bce52cc5', expectedType='persona'}]" classname="com.dotmarketing.business.DeterministicIdentifierAPITest" time="0.004"/>
  <testcase name="Test_Similar_Content_Type_Wont_Clash" classname="com.dotmarketing.business.DeterministicIdentifierAPITest" time="0.777"/>
  <testcase name="Test_Generate_Folder_Identifier" classname="com.dotmarketing.business.DeterministicIdentifierAPITest" time="1.161"/>
  <testcase name="Test_Generate_Content_Type_Identifier[0: ContentTypeTestCase{contentType=KeyValueContentType{name=Language Variable, id=f4d7c1b8-2c88-4071-abf1-a5328977b07d, description=Default Content Type for Language Variables, defaultType=false, fixed=true, iDate=Thu Aug 31 16:38:49 UTC 2017, system=true, versionable=true, variable=Languagevariable, modDate=Sat Jul 01 02:24:55 UTC 2023, host=SYSTEM_HOST, siteName=systemHost, icon=language, sortOrder=0, folder=SYSTEM_FOLDER, folderPath=/, markedForDeletion=true, multilingualable=false}, expectedName='Languagevariable', expectedType='KeyValue'}]" classname="com.dotmarketing.business.DeterministicIdentifierAPITest" time="0.006"/>
  <testcase name="Test_Generate_Content_Type_Identifier[1: ContentTypeTestCase{contentType=SimpleContentType{name=testName1688183045818, id=6e10bb28-e452-4a09-9d19-d7917bb620b4, description=testDescription1688183045818, defaultType=false, fixed=false, iDate=Sat Jul 01 03:44:05 UTC 2023, system=false, versionable=true, multilingualable=false, variable=testVarname1688183045818, owner=system, modDate=Sat Jul 01 03:44:07 UTC 2023, host=48190c8c-42c4-46af-8d1a-0cd5db894797, siteName=demo.dotcms.com, icon=event_note, sortOrder=0, folder=SYSTEM_FOLDER, folderPath=/, requiredFields=[], markedForDeletion=false}, expectedName='testVarname1688183045818', expectedType='CONTENT'}]" classname="com.dotmarketing.business.DeterministicIdentifierAPITest" time="0.005"/>
  <system-out><![CDATA[]]></system-out>
  <system-err><![CDATA[]]></system-err>
</testsuite>
