<?xml version="1.0" encoding="UTF-8"?>
<testsuite name="com.dotmarketing.business.DeterministicIdentifierAPITest" tests="16" skipped="0" failures="0" errors="0" timestamp="2023-06-28T04:45:50" hostname="fv-az592-477" time="1.579">
  <properties/>
  <testcase name="Test_Category_Path_Seed_And_Id" classname="com.dotmarketing.business.DeterministicIdentifierAPITest" time="0.024"/>
  <testcase name="Test_Language_Deterministic_Id[0: LanguageTestCase{expectedSeed='Language:es:US', expectedHash=4913155, langCode='es', countryCode='US', country='United States'}]" classname="com.dotmarketing.business.DeterministicIdentifierAPITest" time="0.001"/>
  <testcase name="Test_Language_Deterministic_Id[1: LanguageTestCase{expectedSeed='Language:ep:', expectedHash=5292269, langCode='ep', countryCode='', country=''}]" classname="com.dotmarketing.business.DeterministicIdentifierAPITest" time="0.001"/>
  <testcase name="Test_Language_Deterministic_Id[2: LanguageTestCase{expectedSeed='Language:sg:SAG', expectedHash=4713118, langCode='sg', countryCode='SAG', country=''}]" classname="com.dotmarketing.business.DeterministicIdentifierAPITest" time="0.001"/>
  <testcase name="Test_Language_Deterministic_Id[3: LanguageTestCase{expectedSeed='Language:en:NZ', expectedHash=5382528, langCode='en', countryCode='NZ', country='New Zealand'}]" classname="com.dotmarketing.business.DeterministicIdentifierAPITest" time="0.001"/>
  <testcase name="Test_Category_None_Persisted_Category_Should_Return_Deterministic_Id" classname="com.dotmarketing.business.DeterministicIdentifierAPITest" time="0.001"/>
  <testcase name="Test_Asset_Generate_Deterministic_Id_Best_Effort[0: TestCase{versionable=my.host1687927169558.com, parent=System Host, expectedName='my.host1687927169558.com', expectedType='Host'}]" classname="com.dotmarketing.business.DeterministicIdentifierAPITest" time="0.003"/>
  <testcase name="Test_Asset_Generate_Deterministic_Id_Best_Effort[1: TestCase{versionable=com.dotmarketing.portlets.contentlet.model.Contentlet@60d5c03[map={modDate=2023-06-28 04:39:30.338, fileName=file13036478679242649883.txt, title=file13036478679242649883.txt, inode=ae1b4178-eb37-4d88-9f6b-d599701fb77e, __IS_NEW_CONTENT__=true, disabledWYSIWYG=[], host=95077d09-7923-4d81-8de8-55f8fd779c86, stInode=33888b6f-7a8e-4069-b1b6-5c1aa9d0a48d, owner=system, identifier=7911d078-c226-4c87-bf2b-de35d23a6333, nullProperties=[wfExpireDate, wfPublishDate, wfActionAssign, wfActionId, wfActionComments, filterKey, whereToSend, wfNeverExpire, _path_to_move, timezoneId, iWantTo, wfPublishTime, wfExpireTime], languageId=1, fileAsset=/home/runner/work/core/custom/assets/a/e/ae1b4178-eb37-4d88-9f6b-d599701fb77e/fileAsset/file13036478679242649883.txt, folder=40232519-3d2d-4da3-948b-1b9959ca70a8, __disable_workflow__=true, sortOrder=0, modUser=system},lowIndexPriority=false,variantId=DEFAULT], parent=com.dotmarketing.portlets.folders.model.Folder@7ddce1fe[identifier=40232519-3d2d-4da3-948b-1b9959ca70a8,name=testName1687927170332,sortOrder=0,showOnMenu=false,hostId=95077d09-7923-4d81-8de8-55f8fd779c86,type=folder,title=testTitle1687927170332,filesMasks=,defaultFileType=33888b6f-7a8e-4069-b1b6-5c1aa9d0a48d,modDate=2023-06-28 04:39:30.334,owner=&lt;null&gt;,iDate=2023-06-28 04:39:30.334,inode=40232519-3d2d-4da3-948b-1b9959ca70a8,path=/testName1687927170332/], expectedName='file13036478679242649883.txt', expectedType='FileAsset'}]" classname="com.dotmarketing.business.DeterministicIdentifierAPITest" time="0.003"/>
  <testcase name="Test_Asset_Generate_Deterministic_Id_Best_Effort[2: TestCase{versionable=com.dotmarketing.portlets.templates.model.Template@3f64a0d8, parent=my.host1687927169558.com, expectedName='testTitle1687927170425', expectedType='Template'}]" classname="com.dotmarketing.business.DeterministicIdentifierAPITest" time="0.002"/>
  <testcase name="Test_Asset_Generate_Deterministic_Id_Best_Effort[3: TestCase{versionable=com.dotmarketing.portlets.htmlpageasset.model.HTMLPageAsset@4a6a489e[map={template=72ef31b9-b610-4a7f-b665-058613c32a01, owner=system, identifier=c6ba74a2-ccc3-4e63-96c1-3c72457650c3, nullProperties=[wfExpireDate, wfPublishDate, wfActionAssign, wfActionId, wfActionComments, filterKey, whereToSend, wfNeverExpire, _path_to_move, timezoneId, iWantTo, wfPublishTime, wfExpireTime], modDate=2023-06-28 04:39:30.439, cachettl=0, _is_test_mode=true, languageId=1, title=test-page-title-1687927170435, httpsreq=, url=test-page-url-1687927170435, showOnMenu=, inode=f71bfc16-c3d0-46a4-bc07-ab25093ac4a9, folder=40232519-3d2d-4da3-948b-1b9959ca70a8, disabledWYSIWYG=[], sortOrder=1, modUser=system, host=95077d09-7923-4d81-8de8-55f8fd779c86, stInode=c541abb1-69b3-4bc5-8430-5e09e5239cc8, friendlyName=test-page-friendly-name-1687927170435},lowIndexPriority=false,variantId=DEFAULT], parent=com.dotmarketing.portlets.folders.model.Folder@7ddce1fe[identifier=40232519-3d2d-4da3-948b-1b9959ca70a8,name=testName1687927170332,sortOrder=0,showOnMenu=false,hostId=95077d09-7923-4d81-8de8-55f8fd779c86,type=folder,title=testTitle1687927170332,filesMasks=,defaultFileType=33888b6f-7a8e-4069-b1b6-5c1aa9d0a48d,modDate=2023-06-28 04:39:30.334,owner=&lt;null&gt;,iDate=2023-06-28 04:39:30.334,inode=40232519-3d2d-4da3-948b-1b9959ca70a8,path=/testName1687927170332/], expectedName='test-page-url-1687927170435', expectedType='htmlpageasset'}]" classname="com.dotmarketing.business.DeterministicIdentifierAPITest" time="0.002"/>
  <testcase name="Test_Asset_Generate_Deterministic_Id_Best_Effort[4: TestCase{versionable=com.dotmarketing.portlets.contentlet.model.Contentlet@ae6fad5[map={fileAsset2=/home/runner/work/core/custom/assets/c/8/c808d98d-2ce7-45da-bce6-7c44cbb6e0ef/fileAsset2/test_binary1687927171309.png, modDate=2023-06-28 04:39:31.315, fileAsset1=/home/runner/work/core/custom/assets/c/8/c808d98d-2ce7-45da-bce6-7c44cbb6e0ef/fileAsset1/test_binary1687927171309.jpg, title=blah, inode=c808d98d-2ce7-45da-bce6-7c44cbb6e0ef, __IS_NEW_CONTENT__=true, disabledWYSIWYG=[], host=48190c8c-42c4-46af-8d1a-0cd5db894797, stInode=06801f15-c68b-4580-a7e8-f4fc0a6e77e8, owner=system, identifier=f8e7bbff-0892-4eb3-ac5c-5474635a12c0, nullProperties=[], languageId=1, image1=738b7160-1917-4992-afb4-90a26a42e9ae, folder=SYSTEM_FOLDER, __disable_workflow__=true, sortOrder=0, modUser=system},lowIndexPriority=false,variantId=DEFAULT], parent=demo.dotcms.com, expectedName='test_binary1687927171309.jpg:test_binary1687927171309.png', expectedType='MultipleBinaries1687927170621'}]" classname="com.dotmarketing.business.DeterministicIdentifierAPITest" time="0.003"/>
  <testcase name="Test_Asset_Generate_Deterministic_Id_Best_Effort[5: TestCase{versionable=name2980a3dd87 : keyTag2980a3dd87, parent=my.host1687927169558.com, expectedName='keyTag2980a3dd87', expectedType='persona'}]" classname="com.dotmarketing.business.DeterministicIdentifierAPITest" time="0.003"/>
  <testcase name="Test_Similar_Content_Type_Wont_Clash" classname="com.dotmarketing.business.DeterministicIdentifierAPITest" time="0.426"/>
  <testcase name="Test_Generate_Folder_Identifier" classname="com.dotmarketing.business.DeterministicIdentifierAPITest" time="1.092"/>
  <testcase name="Test_Generate_Content_Type_Identifier[0: ContentTypeTestCase{contentType=KeyValueContentType{name=Language Variable, id=f4d7c1b8-2c88-4071-abf1-a5328977b07d, description=Default Content Type for Language Variables, defaultType=false, fixed=true, iDate=Thu Aug 31 16:38:49 UTC 2017, system=true, versionable=true, variable=Languagevariable, modDate=Wed Jun 28 03:35:32 UTC 2023, host=SYSTEM_HOST, siteName=systemHost, icon=language, sortOrder=0, folder=SYSTEM_FOLDER, folderPath=/, markedForDeletion=true, multilingualable=false}, expectedName='Languagevariable', expectedType='KeyValue'}]" classname="com.dotmarketing.business.DeterministicIdentifierAPITest" time="0.005"/>
  <testcase name="Test_Generate_Content_Type_Identifier[1: ContentTypeTestCase{contentType=SimpleContentType{name=testName1687927171776, id=76595e12-9601-49c6-a04a-34b8f4fd336a, description=testDescription1687927171776, defaultType=false, fixed=false, iDate=Wed Jun 28 04:39:31 UTC 2023, system=false, versionable=true, multilingualable=false, variable=testVarname1687927171776, owner=system, modDate=Wed Jun 28 04:39:32 UTC 2023, host=48190c8c-42c4-46af-8d1a-0cd5db894797, siteName=demo.dotcms.com, icon=event_note, sortOrder=0, folder=SYSTEM_FOLDER, folderPath=/, requiredFields=[], markedForDeletion=false}, expectedName='testVarname1687927171776', expectedType='CONTENT'}]" classname="com.dotmarketing.business.DeterministicIdentifierAPITest" time="0.006"/>
  <system-out><![CDATA[]]></system-out>
  <system-err><![CDATA[]]></system-err>
</testsuite>
