<?xml version="1.0" encoding="UTF-8"?>
<testsuite name="org.apache.felix.framework.OSGIUtilTest" tests="6" skipped="0" failures="0" errors="0" timestamp="2023-06-26T15:14:04" hostname="fv-az413-549" time="10.969">
  <properties/>
  <testcase name="test01DefaultFelixDeployPath" classname="org.apache.felix.framework.OSGIUtilTest" time="0.001"/>
  <testcase name="test02DefaultFelixUndeployPath" classname="org.apache.felix.framework.OSGIUtilTest" time="0.001"/>
  <testcase name="test03CustomFelixDeployPath" classname="org.apache.felix.framework.OSGIUtilTest" time="4.358"/>
  <testcase name="test04CustomFelixUndeployPath" classname="org.apache.felix.framework.OSGIUtilTest" time="4.371"/>
  <testcase name="test_check_get_exported_packages_normalized" classname="org.apache.felix.framework.OSGIUtilTest" time="0.009"/>
  <testcase name="test_validate_felix_custom_base_dir" classname="org.apache.felix.framework.OSGIUtilTest" time="2.229"/>
  <system-out><![CDATA[













































































































































































































































































]]></system-out>
  <system-err><![CDATA[]]></system-err>
</testsuite>
