<?xml version="1.0" encoding="UTF-8"?>
<testsuite name="com.dotcms.enterprise.publishing.remote.bundler.HostBundlerTest" tests="3" skipped="0" failures="0" errors="0" timestamp="2023-06-21T18:47:13" hostname="fv-az454-705" time="0.075">
  <properties/>
  <testcase name="addHostInBundle[0: com.dotcms.enterprise.publishing.remote.bundler.HostBundlerTest$TestCase@726b90bd]" classname="com.dotcms.enterprise.publishing.remote.bundler.HostBundlerTest" time="0.023"/>
  <testcase name="addHostInBundle[1: com.dotcms.enterprise.publishing.remote.bundler.HostBundlerTest$TestCase@7e5204bb]" classname="com.dotcms.enterprise.publishing.remote.bundler.HostBundlerTest" time="0.022"/>
  <testcase name="addHostInBundle[2: com.dotcms.enterprise.publishing.remote.bundler.HostBundlerTest$TestCase@2bcb3e07]" classname="com.dotcms.enterprise.publishing.remote.bundler.HostBundlerTest" time="0.03"/>
  <system-out><![CDATA[]]></system-out>
  <system-err><![CDATA[]]></system-err>
</testsuite>
