<?xml version="1.0" encoding="UTF-8"?>
<testsuite name="com.dotmarketing.startup.runonce.Task220822CreateVariantTableTest" tests="4" skipped="0" failures="0" errors="0" timestamp="2023-07-17T17:42:15" hostname="fv-az797-388" time="0.028">
  <properties/>
  <testcase name="nameDuplicated" classname="com.dotmarketing.startup.runonce.Task220822CreateVariantTableTest" time="0.009"/>
  <testcase name="createVariantTable" classname="com.dotmarketing.startup.runonce.Task220822CreateVariantTableTest" time="0.009"/>
  <testcase name="descriptionDuplicated" classname="com.dotmarketing.startup.runonce.Task220822CreateVariantTableTest" time="0.004"/>
  <testcase name="runTUTwice" classname="com.dotmarketing.startup.runonce.Task220822CreateVariantTableTest" time="0.006"/>
  <system-out><![CDATA[]]></system-out>
  <system-err><![CDATA[]]></system-err>
</testsuite>
