<?xml version="1.0" encoding="UTF-8"?>
<testsuite name="com.dotmarketing.portlets.contentlet.business.ContentletAPITest" tests="169" skipped="3" failures="0" errors="0" timestamp="2023-07-18T23:46:47" hostname="fv-az408-147" time="234.159">
  <properties/>
  <testcase name="deleteRelatedContent" classname="com.dotmarketing.portlets.contentlet.business.ContentletAPITest" time="2.132"/>
  <testcase name="deleteCollectionAllVersions" classname="com.dotmarketing.portlets.contentlet.business.ContentletAPITest" time="1.587"/>
  <testcase name="setDateTimeFieldValueWithTimeZone[0: UTC, 2023-03-15 15:45 +0000]" classname="com.dotmarketing.portlets.contentlet.business.ContentletAPITest" time="1.321"/>
  <testcase name="setDateTimeFieldValueWithTimeZone[1: America/New_York, 2023-02-15 15:45 -0500]" classname="com.dotmarketing.portlets.contentlet.business.ContentletAPITest" time="1.313"/>
  <testcase name="setDateTimeFieldValueWithTimeZone[2: America/New_York, 2023-03-15 16:45 -0400]" classname="com.dotmarketing.portlets.contentlet.business.ContentletAPITest" time="1.302"/>
  <testcase name="setDateTimeFieldValueWithTimeZone[3: America/Chicago, 2023-02-15 14:45 -0600]" classname="com.dotmarketing.portlets.contentlet.business.ContentletAPITest" time="1.31"/>
  <testcase name="setDateTimeFieldValueWithTimeZone[4: America/Chicago, 2023-03-15 15:45 -0500]" classname="com.dotmarketing.portlets.contentlet.business.ContentletAPITest" time="1.309"/>
  <testcase name="setDateTimeFieldValueWithTimeZone[5: America/Los_Angeles, 2023-02-15 12:45 -0800]" classname="com.dotmarketing.portlets.contentlet.business.ContentletAPITest" time="1.331"/>
  <testcase name="setDateTimeFieldValueWithTimeZone[6: America/Los_Angeles, 2023-03-15 13:45 -0700]" classname="com.dotmarketing.portlets.contentlet.business.ContentletAPITest" time="0.293"/>
  <testcase name="testCheckin1_ExistingContentWithRels_NullRels_ShouldKeepExistingRels" classname="com.dotmarketing.portlets.contentlet.business.ContentletAPITest" time="1.614"/>
  <testcase name="test_findContentletByIdentifierOrFallback_existing_NonEnglish_WithSpanish_fallback_true_expecting_Spanish_true" classname="com.dotmarketing.portlets.contentlet.business.ContentletAPITest" time="0.919"/>
  <testcase name="destroy_content_locked_by_admin_by_other_admin_user" classname="com.dotmarketing.portlets.contentlet.business.ContentletAPITest" time="1.583"/>
  <testcase name="test_validateContentlet_wrong_size_expect_DotContentletValidationException" classname="com.dotmarketing.portlets.contentlet.business.ContentletAPITest" time="0.051"/>
  <testcase name="test_validateContentlet_wrong_mime_type_expect_DotContentletValidationException" classname="com.dotmarketing.portlets.contentlet.business.ContentletAPITest" time="0.043"/>
  <testcase name="run_listener_after_save_result_called_all_listeners" classname="com.dotmarketing.portlets.contentlet.business.ContentletAPITest" time="0.0">
    <skipped/>
  </testcase>
  <testcase name="testRemoveContentFromIndexMultilingualContent" classname="com.dotmarketing.portlets.contentlet.business.ContentletAPITest" time="0.388"/>
  <testcase name="test_getAllRelationships_checkOrdering" classname="com.dotmarketing.portlets.contentlet.business.ContentletAPITest" time="2.408"/>
  <testcase name="rangeQuery" classname="com.dotmarketing.portlets.contentlet.business.ContentletAPITest" time="2.433"/>
  <testcase name="findContentletByIdentifier" classname="com.dotmarketing.portlets.contentlet.business.ContentletAPITest" time="0.003"/>
  <testcase name="contentOnlyWithExpireFieldTest" classname="com.dotmarketing.portlets.contentlet.business.ContentletAPITest" time="1.447"/>
  <testcase name="publichWithToDifferentVarianst" classname="com.dotmarketing.portlets.contentlet.business.ContentletAPITest" time="1.692"/>
  <testcase name="deleteForAllVersions" classname="com.dotmarketing.portlets.contentlet.business.ContentletAPITest" time="1.379"/>
  <testcase name="getContentletReferencesForMonolingualPages" classname="com.dotmarketing.portlets.contentlet.business.ContentletAPITest" time="0.734"/>
  <testcase name="getAllRelationships" classname="com.dotmarketing.portlets.contentlet.business.ContentletAPITest" time="0.013"/>
  <testcase name="testCheckin1_ExistingContentWithCats_EmptyCatsList_ShouldWipeExistingCats" classname="com.dotmarketing.portlets.contentlet.business.ContentletAPITest" time="1.547"/>
  <testcase name="getContentletReferences_ReferencesByContentLang" classname="com.dotmarketing.portlets.contentlet.business.ContentletAPITest" time="1.291"/>
  <testcase name="getRelatedContent" classname="com.dotmarketing.portlets.contentlet.business.ContentletAPITest" time="1.74"/>
  <testcase name="testCheckin_Non_Existing_Identifier_With_Not_Validate_Success" classname="com.dotmarketing.portlets.contentlet.business.ContentletAPITest" time="1.26"/>
  <testcase name="Test_Copy_Metadata_On_CheckIn" classname="com.dotmarketing.portlets.contentlet.business.ContentletAPITest" time="2.327"/>
  <testcase name="testCheckinWithoutVersioning_ExistingContentWithRels_NullRels_ShouldKeepExistingRels" classname="com.dotmarketing.portlets.contentlet.business.ContentletAPITest" time="1.518"/>
  <testcase name="testCheckin2_ExistingContentWithRels_NullRels_ShouldKeepExistingRels" classname="com.dotmarketing.portlets.contentlet.business.ContentletAPITest" time="1.534"/>
  <testcase name="delete" classname="com.dotmarketing.portlets.contentlet.business.ContentletAPITest" time="1.37"/>
  <testcase name="archiveCollection" classname="com.dotmarketing.portlets.contentlet.business.ContentletAPITest" time="0.194"/>
  <testcase name="test_findContentletByIdentifierOrFallback_existing_English_version_no_Spanish_fallback_false_expecting_false" classname="com.dotmarketing.portlets.contentlet.business.ContentletAPITest" time="1.055"/>
  <testcase name="test_findContentletByIdentifierOrFallback_existing_EnglishSpanish_fallback_false_expecting_Spanish_true" classname="com.dotmarketing.portlets.contentlet.business.ContentletAPITest" time="1.256"/>
  <testcase name="findContentletsByFolder" classname="com.dotmarketing.portlets.contentlet.business.ContentletAPITest" time="0.748"/>
  <testcase name="delete_GivenUnarchivedContentAndDontValidateMeInTrue_ShouldDeleteSuccessfully" classname="com.dotmarketing.portlets.contentlet.business.ContentletAPITest" time="1.298"/>
  <testcase name="newFileAssetLanguageDifferentThanDefault" classname="com.dotmarketing.portlets.contentlet.business.ContentletAPITest" time="1.163"/>
  <testcase name="test_findContentletByIdentifierOrFallback_existing_English_No_Spanish_fallback_false_expecting_False" classname="com.dotmarketing.portlets.contentlet.business.ContentletAPITest" time="1.095"/>
  <testcase name="testMoveContentDependenciesFromParentSelfRelated" classname="com.dotmarketing.portlets.contentlet.business.ContentletAPITest" time="2.046"/>
  <testcase name="test_findContentletByIdentifierOrFallback_existing_DotContentletStateException_expected_true" classname="com.dotmarketing.portlets.contentlet.business.ContentletAPITest" time="1.059"/>
  <testcase name="deleteAllVersionsAndBackup" classname="com.dotmarketing.portlets.contentlet.business.ContentletAPITest" time="1.356"/>
  <testcase name="testDotAsset_Checkin" classname="com.dotmarketing.portlets.contentlet.business.ContentletAPITest" time="0.466"/>
  <testcase name="testCheckInContentletWithoutHost_shouldUseContentTypeHost" classname="com.dotmarketing.portlets.contentlet.business.ContentletAPITest" time="1.164"/>
  <testcase name="test_variant_present_in_document_id" classname="com.dotmarketing.portlets.contentlet.business.ContentletAPITest" time="1.301"/>
  <testcase name="clearDateTimeFieldValue[0: &lt;empty string&gt;]" classname="com.dotmarketing.portlets.contentlet.business.ContentletAPITest" time="1.28"/>
  <testcase name="clearDateTimeFieldValue[1: &lt;null&gt;]" classname="com.dotmarketing.portlets.contentlet.business.ContentletAPITest" time="1.272"/>
  <testcase name="widgetInvalidateAllLang" classname="com.dotmarketing.portlets.contentlet.business.ContentletAPITest" time="1.417"/>
  <testcase name="saveContentWithInvalidJSONField_ShouldThrowException" classname="com.dotmarketing.portlets.contentlet.business.ContentletAPITest" time="0.034"/>
  <testcase name="testCheckin1_ExistingContentWithCats_NullCats_ShouldKeepExistingCats" classname="com.dotmarketing.portlets.contentlet.business.ContentletAPITest" time="1.532"/>
  <testcase name="testCopyContentletDoesNotCopyWorkflowHistory" classname="com.dotmarketing.portlets.contentlet.business.ContentletAPITest" time="11.03"/>
  <testcase name="findContentletsByHost" classname="com.dotmarketing.portlets.contentlet.business.ContentletAPITest" time="0.014"/>
  <testcase name="testCheckinNoDefaultActions" classname="com.dotmarketing.portlets.contentlet.business.ContentletAPITest" time="1.68"/>
  <testcase name="search" classname="com.dotmarketing.portlets.contentlet.business.ContentletAPITest" time="0.005"/>
  <testcase name="testCheckin3_ExistingContentWithCats_EmptyCatsList_ShouldWipeExistingCats" classname="com.dotmarketing.portlets.contentlet.business.ContentletAPITest" time="1.473"/>
  <testcase name="saveContentWithValidJSONField_ShouldSucceed" classname="com.dotmarketing.portlets.contentlet.business.ContentletAPITest" time="1.177"/>
  <testcase name="Test_Move_Content_Different_Host_And_Folder_On_CheckIn" classname="com.dotmarketing.portlets.contentlet.business.ContentletAPITest" time="2.847"/>
  <testcase name="no_destroy_limited_content_locked_by_admin_by_limited_user" classname="com.dotmarketing.portlets.contentlet.business.ContentletAPITest" time="0.537"/>
  <testcase name="testCheckinDefaultActionsSkipBySettingActionId" classname="com.dotmarketing.portlets.contentlet.business.ContentletAPITest" time="1.797"/>
  <testcase name="archive" classname="com.dotmarketing.portlets.contentlet.business.ContentletAPITest" time="0.147"/>
  <testcase name="testCheckin3_ExistingContentWithRels_NullRels_ShouldKeepExistingRels" classname="com.dotmarketing.portlets.contentlet.business.ContentletAPITest" time="0.498"/>
  <testcase name="testCheckin4_ExistingContentWithRels_EmptyRels_ShouldWipeExistingRels" classname="com.dotmarketing.portlets.contentlet.business.ContentletAPITest" time="1.523"/>
  <testcase name="test_update_mod_date_contentlet_expect_success" classname="com.dotmarketing.portlets.contentlet.business.ContentletAPITest" time="1.058"/>
  <testcase name="test_findContentletByIdentifierOrFallback_existing_EnglishLive_WithSpanishWorking_fallback_true_expecting_SpanishWorking_true" classname="com.dotmarketing.portlets.contentlet.business.ContentletAPITest" time="0.56"/>
  <testcase name="deleteRelatedContentWithParent" classname="com.dotmarketing.portlets.contentlet.business.ContentletAPITest" time="1.727"/>
  <testcase name="searchIndex" classname="com.dotmarketing.portlets.contentlet.business.ContentletAPITest" time="0.004"/>
  <testcase name="test_findContentletByIdentifierOrFallback_existing_EnglishSpanish_fallback_true_expecting_Spanish_true" classname="com.dotmarketing.portlets.contentlet.business.ContentletAPITest" time="1.176"/>
  <testcase name="testContentWithTwoBinaryFieldsAndSameFile_afterCheckinShouldContainBothFields" classname="com.dotmarketing.portlets.contentlet.business.ContentletAPITest" time="1.439"/>
  <testcase name="publishCollection" classname="com.dotmarketing.portlets.contentlet.business.ContentletAPITest" time="0.209"/>
  <testcase name="test_validateContentlet_contentWithTabDividerField" classname="com.dotmarketing.portlets.contentlet.business.ContentletAPITest" time="1.265"/>
  <testcase name="findContentletByIdentifiers" classname="com.dotmarketing.portlets.contentlet.business.ContentletAPITest" time="0.002"/>
  <testcase name="testCheckinWithoutVersioning_ExistingContentWithCats_NullCats_ShouldKeepExistingCats" classname="com.dotmarketing.portlets.contentlet.business.ContentletAPITest" time="1.464"/>
  <testcase name="testMoveContentDependenciesFromChildSelfRelated" classname="com.dotmarketing.portlets.contentlet.business.ContentletAPITest" time="1.951"/>
  <testcase name="testCheckin2_ExistingContentWithCats_NullCats_ShouldKeepExistingCats" classname="com.dotmarketing.portlets.contentlet.business.ContentletAPITest" time="1.482"/>
  <testcase name="test_findContentletByIdentifierOrFallback_non_existing_DotContentletStateException_expected" classname="com.dotmarketing.portlets.contentlet.business.ContentletAPITest" time="0.001"/>
  <testcase name="publish" classname="com.dotmarketing.portlets.contentlet.business.ContentletAPITest" time="0.074"/>
  <testcase name="testUpdatePublishExpireDatesFromIdentifier" classname="com.dotmarketing.portlets.contentlet.business.ContentletAPITest" time="1.839"/>
  <testcase name="publishRelatedHtmlPages" classname="com.dotmarketing.portlets.contentlet.business.ContentletAPITest" time="0.003"/>
  <testcase name="cleanBinaryField" classname="com.dotmarketing.portlets.contentlet.business.ContentletAPITest" time="0.009"/>
  <testcase name="testCheckinDefaultActions" classname="com.dotmarketing.portlets.contentlet.business.ContentletAPITest" time="1.575"/>
  <testcase name="testCheckin4_ExistingContentWithRels_NullRels_ShouldKeepExistingRels" classname="com.dotmarketing.portlets.contentlet.business.ContentletAPITest" time="1.484"/>
  <testcase name="testSetTemplateForAPageMustKeepTheSameTemplateForWorkingVersionsOnly" classname="com.dotmarketing.portlets.contentlet.business.ContentletAPITest" time="1.953"/>
  <testcase name="getAllLanguages" classname="com.dotmarketing.portlets.contentlet.business.ContentletAPITest" time="9.595"/>
  <testcase name="find" classname="com.dotmarketing.portlets.contentlet.business.ContentletAPITest" time="0.001"/>
  <testcase name="isContentEqual" classname="com.dotmarketing.portlets.contentlet.business.ContentletAPITest" time="0.001"/>
  <testcase name="Test_Key_Value_As_Map_Test" classname="com.dotmarketing.portlets.contentlet.business.ContentletAPITest" time="2.12"/>
  <testcase name="test_findInDb_returns_properly" classname="com.dotmarketing.portlets.contentlet.business.ContentletAPITest" time="1.266"/>
  <testcase name="testMoveContentDependenciesFromParent" classname="com.dotmarketing.portlets.contentlet.business.ContentletAPITest" time="2.031"/>
  <testcase name="copyContentlet" classname="com.dotmarketing.portlets.contentlet.business.ContentletAPITest" time="1.44"/>
  <testcase name="TestCopyHTMLPageIncludesPersonalizedMultiTrees" classname="com.dotmarketing.portlets.contentlet.business.ContentletAPITest" time="5.951"/>
  <testcase name="testCheckinWithoutVersioning_ShouldDeletePreviousBinary_WhenBinaryIsUpdated" classname="com.dotmarketing.portlets.contentlet.business.ContentletAPITest" time="1.571"/>
  <testcase name="testCheckin_nullRequiredFieldValue[0: com.dotmarketing.portlets.contentlet.business.ContentletAPITest$TestCaseNullFieldvalues@48d25ed6]" classname="com.dotmarketing.portlets.contentlet.business.ContentletAPITest" time="1.165"/>
  <testcase name="testCheckin_nullRequiredFieldValue[1: com.dotmarketing.portlets.contentlet.business.ContentletAPITest$TestCaseNullFieldvalues@e4e9486]" classname="com.dotmarketing.portlets.contentlet.business.ContentletAPITest" time="1.182"/>
  <testcase name="testCheckin_nullRequiredFieldValue[2: com.dotmarketing.portlets.contentlet.business.ContentletAPITest$TestCaseNullFieldvalues@75a0bf59]" classname="com.dotmarketing.portlets.contentlet.business.ContentletAPITest" time="1.165"/>
  <testcase name="testCheckin_nullRequiredFieldValue[3: com.dotmarketing.portlets.contentlet.business.ContentletAPITest$TestCaseNullFieldvalues@30282e90]" classname="com.dotmarketing.portlets.contentlet.business.ContentletAPITest" time="1.16"/>
  <testcase name="testUniqueTextFieldWithDataTypeWholeNumber" classname="com.dotmarketing.portlets.contentlet.business.ContentletAPITest" time="1.497"/>
  <testcase name="testCheckin3_ExistingContentWithCats_NullCats_ShouldKeepExistingCats" classname="com.dotmarketing.portlets.contentlet.business.ContentletAPITest" time="1.476"/>
  <testcase name="getFieldValue" classname="com.dotmarketing.portlets.contentlet.business.ContentletAPITest" time="0.004"/>
  <testcase name="testDeletePageDefinedAsDetailPage" classname="com.dotmarketing.portlets.contentlet.business.ContentletAPITest" time="1.947"/>
  <testcase name="testSetTemplateForAPageMustKeepTheSameTemplateForWorkingVersionsNoLive" classname="com.dotmarketing.portlets.contentlet.business.ContentletAPITest" time="2.848"/>
  <testcase name="testCheckInWithSelfRelationInBothParentsAndChildren" classname="com.dotmarketing.portlets.contentlet.business.ContentletAPITest" time="1.778"/>
  <testcase name="getRelatedContentPullByParent" classname="com.dotmarketing.portlets.contentlet.business.ContentletAPITest" time="1.754"/>
  <testcase name="testContentCheckin_mapIncludeExpectedProperties" classname="com.dotmarketing.portlets.contentlet.business.ContentletAPITest" time="1.473"/>
  <testcase name="testMoveContentDependenciesFromChild" classname="com.dotmarketing.portlets.contentlet.business.ContentletAPITest" time="1.865"/>
  <testcase name="addRemoveContentFromIndex" classname="com.dotmarketing.portlets.contentlet.business.ContentletAPITest" time="1.361"/>
  <testcase name="test_invalidate_shorty_cache" classname="com.dotmarketing.portlets.contentlet.business.ContentletAPITest" time="1.672"/>
  <testcase name="testGetRelatedForSelfJoinsDoesNotCacheWhenPullByParentIsNull" classname="com.dotmarketing.portlets.contentlet.business.ContentletAPITest" time="1.811"/>
  <testcase name="testUniqueTextFieldContentlets[0: com.dotmarketing.portlets.contentlet.business.ContentletAPITest$testCaseUniqueTextField@6ad6f2ad]" classname="com.dotmarketing.portlets.contentlet.business.ContentletAPITest" time="1.598"/>
  <testcase name="testUniqueTextFieldContentlets[1: com.dotmarketing.portlets.contentlet.business.ContentletAPITest$testCaseUniqueTextField@10c6b1d5]" classname="com.dotmarketing.portlets.contentlet.business.ContentletAPITest" time="1.636"/>
  <testcase name="testUniqueTextFieldContentlets[2: com.dotmarketing.portlets.contentlet.business.ContentletAPITest$testCaseUniqueTextField@606c8ee3]" classname="com.dotmarketing.portlets.contentlet.business.ContentletAPITest" time="1.788"/>
  <testcase name="testUniqueTextFieldContentlets[3: com.dotmarketing.portlets.contentlet.business.ContentletAPITest$testCaseUniqueTextField@11c170d0]" classname="com.dotmarketing.portlets.contentlet.business.ContentletAPITest" time="1.552"/>
  <testcase name="testUniqueTextFieldContentlets[4: com.dotmarketing.portlets.contentlet.business.ContentletAPITest$testCaseUniqueTextField@4c5fbbdf]" classname="com.dotmarketing.portlets.contentlet.business.ContentletAPITest" time="1.684"/>
  <testcase name="testUniqueTextFieldContentlets[5: com.dotmarketing.portlets.contentlet.business.ContentletAPITest$testCaseUniqueTextField@69b2e398]" classname="com.dotmarketing.portlets.contentlet.business.ContentletAPITest" time="0.609"/>
  <testcase name="testUniqueTextFieldContentlets[6: com.dotmarketing.portlets.contentlet.business.ContentletAPITest$testCaseUniqueTextField@6dad73db]" classname="com.dotmarketing.portlets.contentlet.business.ContentletAPITest" time="1.581"/>
  <testcase name="testUniqueTextFieldContentlets[7: com.dotmarketing.portlets.contentlet.business.ContentletAPITest$testCaseUniqueTextField@7770d94e]" classname="com.dotmarketing.portlets.contentlet.business.ContentletAPITest" time="1.618"/>
  <testcase name="testUniqueTextFieldContentlets[8: com.dotmarketing.portlets.contentlet.business.ContentletAPITest$testCaseUniqueTextField@4640153c]" classname="com.dotmarketing.portlets.contentlet.business.ContentletAPITest" time="1.623"/>
  <testcase name="testCreateSelfJoinedRelationship_contentletAddedAsChild" classname="com.dotmarketing.portlets.contentlet.business.ContentletAPITest" time="1.679"/>
  <testcase name="copyContentletWithSeveralVersionsOrderIssue" classname="com.dotmarketing.portlets.contentlet.business.ContentletAPITest" time="6.836"/>
  <testcase name="unarchiveCollection" classname="com.dotmarketing.portlets.contentlet.business.ContentletAPITest" time="0.241"/>
  <testcase name="copyContentletWithFolder" classname="com.dotmarketing.portlets.contentlet.business.ContentletAPITest" time="1.372"/>
  <testcase name="test_findContentletByIdentifierOrFallback_existing_OnlySpanishWorking_fallback_true_expecting_English_true" classname="com.dotmarketing.portlets.contentlet.business.ContentletAPITest" time="1.205"/>
  <testcase name="test_findContentletByIdentifierOrFallback_existing_NonEnglish_WithSpanish_fallback_false_expecting_Spanish_true" classname="com.dotmarketing.portlets.contentlet.business.ContentletAPITest" time="1.069"/>
  <testcase name="testCheckin4_ExistingContentWithCats_NullCats_ShouldKeepExistingCats" classname="com.dotmarketing.portlets.contentlet.business.ContentletAPITest" time="1.502"/>
  <testcase name="testCheckin2_ExistingContentWithCats_EmptyCatsList_ShouldWipeExistingCats" classname="com.dotmarketing.portlets.contentlet.business.ContentletAPITest" time="1.496"/>
  <testcase name="unarchive" classname="com.dotmarketing.portlets.contentlet.business.ContentletAPITest" time="0.1"/>
  <testcase name="test_saveMultilingualFileAssetBasedOnLegacyFile_shouldKeepBinaryFile" classname="com.dotmarketing.portlets.contentlet.business.ContentletAPITest" time="0.0">
    <skipped/>
  </testcase>
  <testcase name="findContentlets" classname="com.dotmarketing.portlets.contentlet.business.ContentletAPITest" time="0.004"/>
  <testcase name="testCheckinWithoutVersioning_ShouldPreserveBinary_WhenOtherFieldsAreUpdated" classname="com.dotmarketing.portlets.contentlet.business.ContentletAPITest" time="1.627"/>
  <testcase name="deleteCollection" classname="com.dotmarketing.portlets.contentlet.business.ContentletAPITest" time="1.413"/>
  <testcase name="test_copyContentlet_contentletArchivedShouldCopyAsArchived" classname="com.dotmarketing.portlets.contentlet.business.ContentletAPITest" time="1.271"/>
  <testcase name="findContentletForLanguage" classname="com.dotmarketing.portlets.contentlet.business.ContentletAPITest" time="0.001"/>
  <testcase name="Test_Load_Field_Works_On_Contentlet_Saved_as_Json_Or_Saved_As_Columns" classname="com.dotmarketing.portlets.contentlet.business.ContentletAPITest" time="1.888"/>
  <testcase name="testCheckin3_ExistingContentWithRels_EmptyRels_ShouldWipeExistingRels" classname="com.dotmarketing.portlets.contentlet.business.ContentletAPITest" time="1.501"/>
  <testcase name="testCheckinDefaultActionsSkip" classname="com.dotmarketing.portlets.contentlet.business.ContentletAPITest" time="1.598"/>
  <testcase name="findByStructure" classname="com.dotmarketing.portlets.contentlet.business.ContentletAPITest" time="0.012"/>
  <testcase name="deleteMultipleContents" classname="com.dotmarketing.portlets.contentlet.business.ContentletAPITest" time="5.639"/>
  <testcase name="findAllContent" classname="com.dotmarketing.portlets.contentlet.business.ContentletAPITest" time="0.0">
    <skipped/>
  </testcase>
  <testcase name="findPageContentlets" classname="com.dotmarketing.portlets.contentlet.business.ContentletAPITest" time="0.001"/>
  <testcase name="getContentletReferences" classname="com.dotmarketing.portlets.contentlet.business.ContentletAPITest" time="1.59"/>
  <testcase name="copyContentletWithFolderAppendCopy" classname="com.dotmarketing.portlets.contentlet.business.ContentletAPITest" time="1.304"/>
  <testcase name="cleanTagField" classname="com.dotmarketing.portlets.contentlet.business.ContentletAPITest" time="0.012"/>
  <testcase name="saveContentWithExistingIdentifier" classname="com.dotmarketing.portlets.contentlet.business.ContentletAPITest" time="1.597"/>
  <testcase name="unpublish" classname="com.dotmarketing.portlets.contentlet.business.ContentletAPITest" time="0.095"/>
  <testcase name="testCheckin_Non_Existing_Identifier_With_Validate_Should_FAIL" classname="com.dotmarketing.portlets.contentlet.business.ContentletAPITest" time="0.025"/>
  <testcase name="copyContentletWithHost" classname="com.dotmarketing.portlets.contentlet.business.ContentletAPITest" time="1.307"/>
  <testcase name="testCheckinWithoutVersioning_ExistingContentWithCats_EmptyCats_ShouldWipeExistingCats" classname="com.dotmarketing.portlets.contentlet.business.ContentletAPITest" time="1.361"/>
  <testcase name="unpublishCollection" classname="com.dotmarketing.portlets.contentlet.business.ContentletAPITest" time="0.262"/>
  <testcase name="newVersionFileAssetLanguageDifferentThanDefault" classname="com.dotmarketing.portlets.contentlet.business.ContentletAPITest" time="1.411"/>
  <testcase name="testCheckinWithoutVersioning_ExistingContentWithRels_EmptyRels_ShouldWipeExistingRels" classname="com.dotmarketing.portlets.contentlet.business.ContentletAPITest" time="1.584"/>
  <testcase name="testCopyProperties_TypeWithTagField_shouldCopyTagFieldValue" classname="com.dotmarketing.portlets.contentlet.business.ContentletAPITest" time="1.229"/>
  <testcase name="testSearchFileAssetByMetadata" classname="com.dotmarketing.portlets.contentlet.business.ContentletAPITest" time="0.77"/>
  <testcase name="testCheckin4_ExistingContentWithCats_EmptyCatsList_ShouldWipeExistingCats" classname="com.dotmarketing.portlets.contentlet.business.ContentletAPITest" time="1.416"/>
  <testcase name="searchWithPermissions" classname="com.dotmarketing.portlets.contentlet.business.ContentletAPITest" time="0.007"/>
  <testcase name="getContentletReferences_PersonaIncluded" classname="com.dotmarketing.portlets.contentlet.business.ContentletAPITest" time="1.381"/>
  <testcase name="saveContentWithJSONField[0: ({} {}, {})]" classname="com.dotmarketing.portlets.contentlet.business.ContentletAPITest" time="1.193"/>
  <testcase name="saveContentWithJSONField[1: ({} LOL, {})]" classname="com.dotmarketing.portlets.contentlet.business.ContentletAPITest" time="1.224"/>
  <testcase name="getContentletReferences_FilterOutReferencesByContentLang" classname="com.dotmarketing.portlets.contentlet.business.ContentletAPITest" time="1.344"/>
  <testcase name="testDelete_GivenMultiLangMultiVersionContent_WhenDeletingOneSpanishVersion_ShouldDeleteAllSpanishVersions" classname="com.dotmarketing.portlets.contentlet.business.ContentletAPITest" time="2.215"/>
  <testcase name="test_getAllRelationships_checkOrdering_selfRelatedContentType" classname="com.dotmarketing.portlets.contentlet.business.ContentletAPITest" time="2.371"/>
  <testcase name="addLinkToContentlet" classname="com.dotmarketing.portlets.contentlet.business.ContentletAPITest" time="0.039"/>
  <testcase name="relateContent" classname="com.dotmarketing.portlets.contentlet.business.ContentletAPITest" time="1.693"/>
  <testcase name="findByStructureInode" classname="com.dotmarketing.portlets.contentlet.business.ContentletAPITest" time="0.005"/>
  <testcase name="testFileCopyOnSecondLanguageVersion" classname="com.dotmarketing.portlets.contentlet.business.ContentletAPITest" time="2.761"/>
  <testcase name="testUniqueTextFieldLiveAndWorkingWithDiffValues" classname="com.dotmarketing.portlets.contentlet.business.ContentletAPITest" time="3.719"/>
  <testcase name="test_validateContentlet_noErrors_whenRelationChainSameContentType" classname="com.dotmarketing.portlets.contentlet.business.ContentletAPITest" time="1.644"/>
  <testcase name="getAllRelationshipsByContentlet" classname="com.dotmarketing.portlets.contentlet.business.ContentletAPITest" time="1.706"/>
  <testcase name="relateContentDirect" classname="com.dotmarketing.portlets.contentlet.business.ContentletAPITest" time="1.606"/>
  <testcase name="testCheckin1_ExistingContentWithChildAndParentRels_NullRels_ShouldKeepExistingRels" classname="com.dotmarketing.portlets.contentlet.business.ContentletAPITest" time="2.704"/>
  <testcase name="test_findContentletByIdentifierOrFallback_existing_EnglishLive_WithSpanishWorking_fallback_true_expecting_English_true" classname="com.dotmarketing.portlets.contentlet.business.ContentletAPITest" time="1.35"/>
  <system-out><![CDATA[]]></system-out>
  <system-err><![CDATA[]]></system-err>
</testsuite>
