<?xml version="1.0" encoding="UTF-8"?>
<testsuite name="com.dotcms.rest.api.v1.vtl.VTLResourceIntegrationTest" tests="6" skipped="0" failures="0" errors="0" timestamp="2023-06-30T17:07:20" hostname="fv-az455-211" time="13.049">
  <properties/>
  <testcase name="testGet[0: com.dotcms.rest.api.v1.vtl.VTLResourceTestCase@3574f12c]" classname="com.dotcms.rest.api.v1.vtl.VTLResourceIntegrationTest" time="2.323"/>
  <testcase name="testGet[1: com.dotcms.rest.api.v1.vtl.VTLResourceTestCase@7f12d2cc]" classname="com.dotcms.rest.api.v1.vtl.VTLResourceIntegrationTest" time="2.777"/>
  <testcase name="testGet[2: com.dotcms.rest.api.v1.vtl.VTLResourceTestCase@50fc9be2]" classname="com.dotcms.rest.api.v1.vtl.VTLResourceIntegrationTest" time="2.003"/>
  <testcase name="testGet[3: com.dotcms.rest.api.v1.vtl.VTLResourceTestCase@32617fb0]" classname="com.dotcms.rest.api.v1.vtl.VTLResourceIntegrationTest" time="1.941"/>
  <testcase name="testGet[4: com.dotcms.rest.api.v1.vtl.VTLResourceTestCase@200e0541]" classname="com.dotcms.rest.api.v1.vtl.VTLResourceIntegrationTest" time="2.111"/>
  <testcase name="testGet[5: com.dotcms.rest.api.v1.vtl.VTLResourceTestCase@49e3373e]" classname="com.dotcms.rest.api.v1.vtl.VTLResourceIntegrationTest" time="1.894"/>
  <system-out><![CDATA[]]></system-out>
  <system-err><![CDATA[]]></system-err>
</testsuite>
