<?xml version="1.0" encoding="UTF-8"?>
<testsuite name="com.dotcms.rest.api.v1.vtl.VTLResourceIntegrationTest" tests="6" skipped="0" failures="0" errors="0" timestamp="2023-07-10T18:46:03" hostname="fv-az471-786" time="15.048">
  <properties/>
  <testcase name="testGet[0: com.dotcms.rest.api.v1.vtl.VTLResourceTestCase@1f04ac8a]" classname="com.dotcms.rest.api.v1.vtl.VTLResourceIntegrationTest" time="2.371"/>
  <testcase name="testGet[1: com.dotcms.rest.api.v1.vtl.VTLResourceTestCase@610493ce]" classname="com.dotcms.rest.api.v1.vtl.VTLResourceIntegrationTest" time="2.938"/>
  <testcase name="testGet[2: com.dotcms.rest.api.v1.vtl.VTLResourceTestCase@f5e36a0]" classname="com.dotcms.rest.api.v1.vtl.VTLResourceIntegrationTest" time="1.888"/>
  <testcase name="testGet[3: com.dotcms.rest.api.v1.vtl.VTLResourceTestCase@f2567c1]" classname="com.dotcms.rest.api.v1.vtl.VTLResourceIntegrationTest" time="2.197"/>
  <testcase name="testGet[4: com.dotcms.rest.api.v1.vtl.VTLResourceTestCase@35fffa53]" classname="com.dotcms.rest.api.v1.vtl.VTLResourceIntegrationTest" time="2.993"/>
  <testcase name="testGet[5: com.dotcms.rest.api.v1.vtl.VTLResourceTestCase@70a095c1]" classname="com.dotcms.rest.api.v1.vtl.VTLResourceIntegrationTest" time="2.66"/>
  <system-out><![CDATA[]]></system-out>
  <system-err><![CDATA[]]></system-err>
</testsuite>
