<?xml version="1.0" encoding="UTF-8"?>
<testsuite name="com.dotcms.cache.lettuce.LettuceCacheTest" tests="6" skipped="0" failures="0" errors="0" timestamp="2023-06-26T17:32:45" hostname="fv-az1098-397" time="0.041">
  <properties/>
  <testcase name="test_cache_key_listing" classname="com.dotcms.cache.lettuce.LettuceCacheTest" time="0.016"/>
  <testcase name="test_cache_group_listing" classname="com.dotcms.cache.lettuce.LettuceCacheTest" time="0.008"/>
  <testcase name="test_prefix_key_cycling" classname="com.dotcms.cache.lettuce.LettuceCacheTest" time="0.003"/>
  <testcase name="test_flushall" classname="com.dotcms.cache.lettuce.LettuceCacheTest" time="0.007"/>
  <testcase name="tests_puts_and_gets" classname="com.dotcms.cache.lettuce.LettuceCacheTest" time="0.003"/>
  <testcase name="test_cache_key_generation" classname="com.dotcms.cache.lettuce.LettuceCacheTest" time="0.003"/>
  <system-out><![CDATA[]]></system-out>
  <system-err><![CDATA[]]></system-err>
</testsuite>
