<?xml version="1.0" encoding="UTF-8"?>
<testsuite name="com.dotcms.contenttype.business.ContentTypeDestroyAPIImplTest" tests="5" skipped="0" failures="0" errors="0" timestamp="2023-06-28T00:29:31" hostname="fv-az168-423" time="139.493">
  <properties/>
  <testcase name="Destroy_General_Test" classname="com.dotcms.contenttype.business.ContentTypeDestroyAPIImplTest" time="15.816"/>
  <testcase name="Test_Destroy_Persona_Like_Content_Type" classname="com.dotcms.contenttype.business.ContentTypeDestroyAPIImplTest" time="2.497"/>
  <testcase name="Test_Relocate_Contentlets" classname="com.dotcms.contenttype.business.ContentTypeDestroyAPIImplTest" time="107.004"/>
  <testcase name="Test_Destroy_With_Categories" classname="com.dotcms.contenttype.business.ContentTypeDestroyAPIImplTest" time="3.115"/>
  <testcase name="testNextBatch" classname="com.dotcms.contenttype.business.ContentTypeDestroyAPIImplTest" time="11.061"/>
  <system-out><![CDATA[]]></system-out>
  <system-err><![CDATA[]]></system-err>
</testsuite>
