<?xml version="1.0" encoding="UTF-8"?>
<testsuite name="com.dotcms.contenttype.model.field.layout.FieldLayoutRowSerializerTest" tests="2" skipped="0" failures="0" errors="0" timestamp="2023-06-28T20:02:17" hostname="fv-az216-796" time="0.095">
  <properties/>
  <testcase name="testSerialize" classname="com.dotcms.contenttype.model.field.layout.FieldLayoutRowSerializerTest" time="0.007"/>
  <testcase name="testSerializeWhenPassContentTypeInternationalization" classname="com.dotcms.contenttype.model.field.layout.FieldLayoutRowSerializerTest" time="0.088"/>
  <system-out><![CDATA[]]></system-out>
  <system-err><![CDATA[]]></system-err>
</testsuite>
