<?xml version="1.0" encoding="UTF-8"?>
<testsuite name="com.dotmarketing.servlets.ajax.AjaxDirectorServletIntegrationTest" tests="2" skipped="0" failures="0" errors="0" timestamp="2023-06-28T20:53:26" hostname="fv-az617-914" time="0.589">
  <properties/>
  <testcase name="testService[0: com.dotmarketing.servlets.ajax.AjaxDirectorServletTestCase@26c8f405]" classname="com.dotmarketing.servlets.ajax.AjaxDirectorServletIntegrationTest" time="0.474"/>
  <testcase name="testService[1: com.dotmarketing.servlets.ajax.AjaxDirectorServletTestCase@4d073000]" classname="com.dotmarketing.servlets.ajax.AjaxDirectorServletIntegrationTest" time="0.115"/>
  <system-out><![CDATA[]]></system-out>
  <system-err><![CDATA[]]></system-err>
</testsuite>
