<?xml version="1.0" encoding="UTF-8"?>
<testsuite name="com.dotcms.rest.elasticsearch.ESContentResourcePortletTest" tests="8" skipped="0" failures="0" errors="0" timestamp="2023-07-17T21:11:13" hostname="fv-az799-554" time="8.394">
  <properties/>
  <testcase name="test_search_includeGrandChildCategory_success" classname="com.dotcms.rest.elasticsearch.ESContentResourcePortletTest" time="1.726"/>
  <testcase name="testSearch[0: com.dotcms.rest.elasticsearch.ESContentResourcePortletTest$TestCase@232e193b]" classname="com.dotcms.rest.elasticsearch.ESContentResourcePortletTest" time="1.144"/>
  <testcase name="testSearch[1: com.dotcms.rest.elasticsearch.ESContentResourcePortletTest$TestCase@59535921]" classname="com.dotcms.rest.elasticsearch.ESContentResourcePortletTest" time="0.381"/>
  <testcase name="testSearch[2: com.dotcms.rest.elasticsearch.ESContentResourcePortletTest$TestCase@1a0bb794]" classname="com.dotcms.rest.elasticsearch.ESContentResourcePortletTest" time="1.152"/>
  <testcase name="testSearch[3: com.dotcms.rest.elasticsearch.ESContentResourcePortletTest$TestCase@7ad22c97]" classname="com.dotcms.rest.elasticsearch.ESContentResourcePortletTest" time="0.354"/>
  <testcase name="testSearch[4: com.dotcms.rest.elasticsearch.ESContentResourcePortletTest$TestCase@29e61537]" classname="com.dotcms.rest.elasticsearch.ESContentResourcePortletTest" time="1.374"/>
  <testcase name="testSearch[5: com.dotcms.rest.elasticsearch.ESContentResourcePortletTest$TestCase@6abfdb7b]" classname="com.dotcms.rest.elasticsearch.ESContentResourcePortletTest" time="1.126"/>
  <testcase name="testSearch[6: com.dotcms.rest.elasticsearch.ESContentResourcePortletTest$TestCase@2d4f66af]" classname="com.dotcms.rest.elasticsearch.ESContentResourcePortletTest" time="1.136"/>
  <system-out><![CDATA[]]></system-out>
  <system-err><![CDATA[]]></system-err>
</testsuite>
