<?xml version="1.0" encoding="UTF-8"?>
<testsuite name="com.dotcms.rest.api.v1.authentication.CreateJsonWebTokenResourceIntegrationTest" tests="1" skipped="0" failures="0" errors="0" timestamp="2023-06-29T17:45:26" hostname="fv-az571-416" time="0.063">
  <properties/>
  <testcase name="testGetApiToken" classname="com.dotcms.rest.api.v1.authentication.CreateJsonWebTokenResourceIntegrationTest" time="0.063"/>
  <system-out><![CDATA[
]]></system-out>
  <system-err><![CDATA[]]></system-err>
</testsuite>
