<?xml version="1.0" encoding="UTF-8"?>
<testsuite name="com.dotcms.rendering.velocity.viewtools.content.util.ContentUtilsTest" tests="89" skipped="0" failures="0" errors="0" timestamp="2023-06-28T14:38:22" hostname="fv-az1135-364" time="404.509">
  <properties/>
  <testcase name="whenTheTimeMachineDateIsNullAndPublishDateInFutureShouldNotReturnAnything" classname="com.dotcms.rendering.velocity.viewtools.content.util.ContentUtilsTest" time="3.147"/>
  <testcase name="test_find_multilingual_contentlet_getContentletSuccessfully" classname="com.dotcms.rendering.velocity.viewtools.content.util.ContentUtilsTest" time="1.93"/>
  <testcase name="whenTheTimeMachineDateAndPublishDateAreTomorrowShouldReturnOneContent" classname="com.dotcms.rendering.velocity.viewtools.content.util.ContentUtilsTest" time="3.175"/>
  <testcase name="testPullRelated[0: com.dotcms.rendering.velocity.viewtools.content.util.ContentUtilsTest$TestCase@57a15ce8]" classname="com.dotcms.rendering.velocity.viewtools.content.util.ContentUtilsTest" time="3.592"/>
  <testcase name="testPullRelated[1: com.dotcms.rendering.velocity.viewtools.content.util.ContentUtilsTest$TestCase@7462ffa5]" classname="com.dotcms.rendering.velocity.viewtools.content.util.ContentUtilsTest" time="2.924"/>
  <testcase name="testPullRelated[2: com.dotcms.rendering.velocity.viewtools.content.util.ContentUtilsTest$TestCase@5ac0b236]" classname="com.dotcms.rendering.velocity.viewtools.content.util.ContentUtilsTest" time="4.207"/>
  <testcase name="testPullRelated[3: com.dotcms.rendering.velocity.viewtools.content.util.ContentUtilsTest$TestCase@33ff57d1]" classname="com.dotcms.rendering.velocity.viewtools.content.util.ContentUtilsTest" time="3.936"/>
  <testcase name="testPullRelated[4: com.dotcms.rendering.velocity.viewtools.content.util.ContentUtilsTest$TestCase@6e640b5a]" classname="com.dotcms.rendering.velocity.viewtools.content.util.ContentUtilsTest" time="3.085"/>
  <testcase name="testPullRelated[5: com.dotcms.rendering.velocity.viewtools.content.util.ContentUtilsTest$TestCase@d985ee4]" classname="com.dotcms.rendering.velocity.viewtools.content.util.ContentUtilsTest" time="4.015"/>
  <testcase name="testPullRelated[6: com.dotcms.rendering.velocity.viewtools.content.util.ContentUtilsTest$TestCase@52961c63]" classname="com.dotcms.rendering.velocity.viewtools.content.util.ContentUtilsTest" time="4.302"/>
  <testcase name="testPullRelated[7: com.dotcms.rendering.velocity.viewtools.content.util.ContentUtilsTest$TestCase@1b1e983f]" classname="com.dotcms.rendering.velocity.viewtools.content.util.ContentUtilsTest" time="4.102"/>
  <testcase name="testPullRelated[8: com.dotcms.rendering.velocity.viewtools.content.util.ContentUtilsTest$TestCase@55ee7edd]" classname="com.dotcms.rendering.velocity.viewtools.content.util.ContentUtilsTest" time="2.852"/>
  <testcase name="testPullRelated[9: com.dotcms.rendering.velocity.viewtools.content.util.ContentUtilsTest$TestCase@1ace75fa]" classname="com.dotcms.rendering.velocity.viewtools.content.util.ContentUtilsTest" time="3.862"/>
  <testcase name="testPullRelated[10: com.dotcms.rendering.velocity.viewtools.content.util.ContentUtilsTest$TestCase@78d917c4]" classname="com.dotcms.rendering.velocity.viewtools.content.util.ContentUtilsTest" time="4.39"/>
  <testcase name="testPullRelated[11: com.dotcms.rendering.velocity.viewtools.content.util.ContentUtilsTest$TestCase@17e9b780]" classname="com.dotcms.rendering.velocity.viewtools.content.util.ContentUtilsTest" time="2.908"/>
  <testcase name="testPullRelated[12: com.dotcms.rendering.velocity.viewtools.content.util.ContentUtilsTest$TestCase@31573b36]" classname="com.dotcms.rendering.velocity.viewtools.content.util.ContentUtilsTest" time="4.104"/>
  <testcase name="testPullRelated[13: com.dotcms.rendering.velocity.viewtools.content.util.ContentUtilsTest$TestCase@58dfe943]" classname="com.dotcms.rendering.velocity.viewtools.content.util.ContentUtilsTest" time="3.917"/>
  <testcase name="testPullRelated[14: com.dotcms.rendering.velocity.viewtools.content.util.ContentUtilsTest$TestCase@6888b2ab]" classname="com.dotcms.rendering.velocity.viewtools.content.util.ContentUtilsTest" time="4.2"/>
  <testcase name="testPullRelated[15: com.dotcms.rendering.velocity.viewtools.content.util.ContentUtilsTest$TestCase@32875d8d]" classname="com.dotcms.rendering.velocity.viewtools.content.util.ContentUtilsTest" time="3.901"/>
  <testcase name="testPullRelated[16: com.dotcms.rendering.velocity.viewtools.content.util.ContentUtilsTest$TestCase@3a015e60]" classname="com.dotcms.rendering.velocity.viewtools.content.util.ContentUtilsTest" time="4.36"/>
  <testcase name="testPullRelated[17: com.dotcms.rendering.velocity.viewtools.content.util.ContentUtilsTest$TestCase@1d333d92]" classname="com.dotcms.rendering.velocity.viewtools.content.util.ContentUtilsTest" time="3.697"/>
  <testcase name="testPullRelated[18: com.dotcms.rendering.velocity.viewtools.content.util.ContentUtilsTest$TestCase@3003d975]" classname="com.dotcms.rendering.velocity.viewtools.content.util.ContentUtilsTest" time="4.178"/>
  <testcase name="testPullRelated[19: com.dotcms.rendering.velocity.viewtools.content.util.ContentUtilsTest$TestCase@386091cd]" classname="com.dotcms.rendering.velocity.viewtools.content.util.ContentUtilsTest" time="3.158"/>
  <testcase name="testPullRelated[20: com.dotcms.rendering.velocity.viewtools.content.util.ContentUtilsTest$TestCase@8a22aff]" classname="com.dotcms.rendering.velocity.viewtools.content.util.ContentUtilsTest" time="3.952"/>
  <testcase name="testPullRelated[21: com.dotcms.rendering.velocity.viewtools.content.util.ContentUtilsTest$TestCase@c7949d4]" classname="com.dotcms.rendering.velocity.viewtools.content.util.ContentUtilsTest" time="3.145"/>
  <testcase name="testPullRelated[22: com.dotcms.rendering.velocity.viewtools.content.util.ContentUtilsTest$TestCase@221fe15f]" classname="com.dotcms.rendering.velocity.viewtools.content.util.ContentUtilsTest" time="3.043"/>
  <testcase name="testPullRelated[23: com.dotcms.rendering.velocity.viewtools.content.util.ContentUtilsTest$TestCase@1e4df228]" classname="com.dotcms.rendering.velocity.viewtools.content.util.ContentUtilsTest" time="4.059"/>
  <testcase name="testPullRelated[24: com.dotcms.rendering.velocity.viewtools.content.util.ContentUtilsTest$TestCase@721c6cc]" classname="com.dotcms.rendering.velocity.viewtools.content.util.ContentUtilsTest" time="3.867"/>
  <testcase name="testPullRelated[25: com.dotcms.rendering.velocity.viewtools.content.util.ContentUtilsTest$TestCase@41501815]" classname="com.dotcms.rendering.velocity.viewtools.content.util.ContentUtilsTest" time="4.114"/>
  <testcase name="testPullRelated[26: com.dotcms.rendering.velocity.viewtools.content.util.ContentUtilsTest$TestCase@1c981c79]" classname="com.dotcms.rendering.velocity.viewtools.content.util.ContentUtilsTest" time="3.904"/>
  <testcase name="testPullRelated[27: com.dotcms.rendering.velocity.viewtools.content.util.ContentUtilsTest$TestCase@6db56170]" classname="com.dotcms.rendering.velocity.viewtools.content.util.ContentUtilsTest" time="4.641"/>
  <testcase name="testPullRelated[28: com.dotcms.rendering.velocity.viewtools.content.util.ContentUtilsTest$TestCase@64abddac]" classname="com.dotcms.rendering.velocity.viewtools.content.util.ContentUtilsTest" time="3.707"/>
  <testcase name="testPullRelated[29: com.dotcms.rendering.velocity.viewtools.content.util.ContentUtilsTest$TestCase@25faf19c]" classname="com.dotcms.rendering.velocity.viewtools.content.util.ContentUtilsTest" time="3.835"/>
  <testcase name="testPullRelated[30: com.dotcms.rendering.velocity.viewtools.content.util.ContentUtilsTest$TestCase@79dd4a8e]" classname="com.dotcms.rendering.velocity.viewtools.content.util.ContentUtilsTest" time="4.246"/>
  <testcase name="testPullRelated[31: com.dotcms.rendering.velocity.viewtools.content.util.ContentUtilsTest$TestCase@3fa50a24]" classname="com.dotcms.rendering.velocity.viewtools.content.util.ContentUtilsTest" time="3.199"/>
  <testcase name="testPullRelated[32: com.dotcms.rendering.velocity.viewtools.content.util.ContentUtilsTest$TestCase@5d9f6c1]" classname="com.dotcms.rendering.velocity.viewtools.content.util.ContentUtilsTest" time="3.916"/>
  <testcase name="testPullRelated[33: com.dotcms.rendering.velocity.viewtools.content.util.ContentUtilsTest$TestCase@77dd91f7]" classname="com.dotcms.rendering.velocity.viewtools.content.util.ContentUtilsTest" time="3.791"/>
  <testcase name="testPullRelated[34: com.dotcms.rendering.velocity.viewtools.content.util.ContentUtilsTest$TestCase@64472cb8]" classname="com.dotcms.rendering.velocity.viewtools.content.util.ContentUtilsTest" time="4.309"/>
  <testcase name="testPullRelated[35: com.dotcms.rendering.velocity.viewtools.content.util.ContentUtilsTest$TestCase@73a4fe3e]" classname="com.dotcms.rendering.velocity.viewtools.content.util.ContentUtilsTest" time="4.065"/>
  <testcase name="testPullRelated[36: com.dotcms.rendering.velocity.viewtools.content.util.ContentUtilsTest$TestCase@39016175]" classname="com.dotcms.rendering.velocity.viewtools.content.util.ContentUtilsTest" time="6.111"/>
  <testcase name="testPullRelated[37: com.dotcms.rendering.velocity.viewtools.content.util.ContentUtilsTest$TestCase@22c80d8b]" classname="com.dotcms.rendering.velocity.viewtools.content.util.ContentUtilsTest" time="5.96"/>
  <testcase name="testPullRelated[38: com.dotcms.rendering.velocity.viewtools.content.util.ContentUtilsTest$TestCase@7fb7c786]" classname="com.dotcms.rendering.velocity.viewtools.content.util.ContentUtilsTest" time="6.143"/>
  <testcase name="testPullRelated[39: com.dotcms.rendering.velocity.viewtools.content.util.ContentUtilsTest$TestCase@2bb69340]" classname="com.dotcms.rendering.velocity.viewtools.content.util.ContentUtilsTest" time="6.099"/>
  <testcase name="testPullRelated[40: com.dotcms.rendering.velocity.viewtools.content.util.ContentUtilsTest$TestCase@190e558a]" classname="com.dotcms.rendering.velocity.viewtools.content.util.ContentUtilsTest" time="5.12"/>
  <testcase name="testPullRelated[41: com.dotcms.rendering.velocity.viewtools.content.util.ContentUtilsTest$TestCase@7bc8b775]" classname="com.dotcms.rendering.velocity.viewtools.content.util.ContentUtilsTest" time="5.92"/>
  <testcase name="testPullRelated[42: com.dotcms.rendering.velocity.viewtools.content.util.ContentUtilsTest$TestCase@3a82d47d]" classname="com.dotcms.rendering.velocity.viewtools.content.util.ContentUtilsTest" time="6.517"/>
  <testcase name="testPullRelated[43: com.dotcms.rendering.velocity.viewtools.content.util.ContentUtilsTest$TestCase@25316cfe]" classname="com.dotcms.rendering.velocity.viewtools.content.util.ContentUtilsTest" time="6.059"/>
  <testcase name="testPullRelated[44: com.dotcms.rendering.velocity.viewtools.content.util.ContentUtilsTest$TestCase@4e78dfd7]" classname="com.dotcms.rendering.velocity.viewtools.content.util.ContentUtilsTest" time="5.872"/>
  <testcase name="testPullRelated[45: com.dotcms.rendering.velocity.viewtools.content.util.ContentUtilsTest$TestCase@70b5ba72]" classname="com.dotcms.rendering.velocity.viewtools.content.util.ContentUtilsTest" time="6.136"/>
  <testcase name="testPullRelated[46: com.dotcms.rendering.velocity.viewtools.content.util.ContentUtilsTest$TestCase@5cb8b925]" classname="com.dotcms.rendering.velocity.viewtools.content.util.ContentUtilsTest" time="5.425"/>
  <testcase name="testPullRelated[47: com.dotcms.rendering.velocity.viewtools.content.util.ContentUtilsTest$TestCase@72c068d0]" classname="com.dotcms.rendering.velocity.viewtools.content.util.ContentUtilsTest" time="5.912"/>
  <testcase name="testPullRelated[48: com.dotcms.rendering.velocity.viewtools.content.util.ContentUtilsTest$TestCase@7ace9738]" classname="com.dotcms.rendering.velocity.viewtools.content.util.ContentUtilsTest" time="6.384"/>
  <testcase name="testPullRelated[49: com.dotcms.rendering.velocity.viewtools.content.util.ContentUtilsTest$TestCase@27f5d439]" classname="com.dotcms.rendering.velocity.viewtools.content.util.ContentUtilsTest" time="5.692"/>
  <testcase name="testPullRelated[50: com.dotcms.rendering.velocity.viewtools.content.util.ContentUtilsTest$TestCase@3e9d3073]" classname="com.dotcms.rendering.velocity.viewtools.content.util.ContentUtilsTest" time="6.235"/>
  <testcase name="testPullRelated[51: com.dotcms.rendering.velocity.viewtools.content.util.ContentUtilsTest$TestCase@4fea5998]" classname="com.dotcms.rendering.velocity.viewtools.content.util.ContentUtilsTest" time="6.07"/>
  <testcase name="testPullRelated[52: com.dotcms.rendering.velocity.viewtools.content.util.ContentUtilsTest$TestCase@4193600a]" classname="com.dotcms.rendering.velocity.viewtools.content.util.ContentUtilsTest" time="6.021"/>
  <testcase name="testPullRelated[53: com.dotcms.rendering.velocity.viewtools.content.util.ContentUtilsTest$TestCase@484e301d]" classname="com.dotcms.rendering.velocity.viewtools.content.util.ContentUtilsTest" time="5.956"/>
  <testcase name="testPullRelated[54: com.dotcms.rendering.velocity.viewtools.content.util.ContentUtilsTest$TestCase@1f878fcf]" classname="com.dotcms.rendering.velocity.viewtools.content.util.ContentUtilsTest" time="5.313"/>
  <testcase name="testPullRelated[55: com.dotcms.rendering.velocity.viewtools.content.util.ContentUtilsTest$TestCase@23c233e]" classname="com.dotcms.rendering.velocity.viewtools.content.util.ContentUtilsTest" time="5.953"/>
  <testcase name="testPullRelated[56: com.dotcms.rendering.velocity.viewtools.content.util.ContentUtilsTest$TestCase@58f58043]" classname="com.dotcms.rendering.velocity.viewtools.content.util.ContentUtilsTest" time="6.114"/>
  <testcase name="testPullRelated[57: com.dotcms.rendering.velocity.viewtools.content.util.ContentUtilsTest$TestCase@61029d98]" classname="com.dotcms.rendering.velocity.viewtools.content.util.ContentUtilsTest" time="6.226"/>
  <testcase name="testPullRelated[58: com.dotcms.rendering.velocity.viewtools.content.util.ContentUtilsTest$TestCase@42589f80]" classname="com.dotcms.rendering.velocity.viewtools.content.util.ContentUtilsTest" time="6.126"/>
  <testcase name="testPullRelated[59: com.dotcms.rendering.velocity.viewtools.content.util.ContentUtilsTest$TestCase@219e7126]" classname="com.dotcms.rendering.velocity.viewtools.content.util.ContentUtilsTest" time="6.153"/>
  <testcase name="testPullRelated[60: com.dotcms.rendering.velocity.viewtools.content.util.ContentUtilsTest$TestCase@559d1ace]" classname="com.dotcms.rendering.velocity.viewtools.content.util.ContentUtilsTest" time="5.949"/>
  <testcase name="testPullRelated[61: com.dotcms.rendering.velocity.viewtools.content.util.ContentUtilsTest$TestCase@2006b3b8]" classname="com.dotcms.rendering.velocity.viewtools.content.util.ContentUtilsTest" time="6.211"/>
  <testcase name="testPullRelated[62: com.dotcms.rendering.velocity.viewtools.content.util.ContentUtilsTest$TestCase@26a49ca7]" classname="com.dotcms.rendering.velocity.viewtools.content.util.ContentUtilsTest" time="6.151"/>
  <testcase name="testPullRelated[63: com.dotcms.rendering.velocity.viewtools.content.util.ContentUtilsTest$TestCase@7461de14]" classname="com.dotcms.rendering.velocity.viewtools.content.util.ContentUtilsTest" time="6.091"/>
  <testcase name="testPullRelated[64: com.dotcms.rendering.velocity.viewtools.content.util.ContentUtilsTest$TestCase@4917f13c]" classname="com.dotcms.rendering.velocity.viewtools.content.util.ContentUtilsTest" time="6.083"/>
  <testcase name="testPullRelated[65: com.dotcms.rendering.velocity.viewtools.content.util.ContentUtilsTest$TestCase@5c1910d5]" classname="com.dotcms.rendering.velocity.viewtools.content.util.ContentUtilsTest" time="6.025"/>
  <testcase name="testPullRelated[66: com.dotcms.rendering.velocity.viewtools.content.util.ContentUtilsTest$TestCase@5edaee55]" classname="com.dotcms.rendering.velocity.viewtools.content.util.ContentUtilsTest" time="6.285"/>
  <testcase name="testPullRelated[67: com.dotcms.rendering.velocity.viewtools.content.util.ContentUtilsTest$TestCase@24310ae4]" classname="com.dotcms.rendering.velocity.viewtools.content.util.ContentUtilsTest" time="6.046"/>
  <testcase name="testPullRelated[68: com.dotcms.rendering.velocity.viewtools.content.util.ContentUtilsTest$TestCase@5259814f]" classname="com.dotcms.rendering.velocity.viewtools.content.util.ContentUtilsTest" time="6.118"/>
  <testcase name="testPullRelated[69: com.dotcms.rendering.velocity.viewtools.content.util.ContentUtilsTest$TestCase@46d2bc69]" classname="com.dotcms.rendering.velocity.viewtools.content.util.ContentUtilsTest" time="5.842"/>
  <testcase name="testPullRelated[70: com.dotcms.rendering.velocity.viewtools.content.util.ContentUtilsTest$TestCase@4ff34aa0]" classname="com.dotcms.rendering.velocity.viewtools.content.util.ContentUtilsTest" time="6.213"/>
  <testcase name="testPullRelated[71: com.dotcms.rendering.velocity.viewtools.content.util.ContentUtilsTest$TestCase@63390f90]" classname="com.dotcms.rendering.velocity.viewtools.content.util.ContentUtilsTest" time="6.156"/>
  <testcase name="whenPublishAndExpireDatesAreInTheFutureAndTimeMachineIsAfterBoth" classname="com.dotcms.rendering.velocity.viewtools.content.util.ContentUtilsTest" time="3.223"/>
  <testcase name="testPullRelatedForLegacyRelationship[0: com.dotcms.rendering.velocity.viewtools.content.util.ContentUtilsTest$LegacyTestCase@7d74b941]" classname="com.dotcms.rendering.velocity.viewtools.content.util.ContentUtilsTest" time="4.47"/>
  <testcase name="testPullRelatedForLegacyRelationship[1: com.dotcms.rendering.velocity.viewtools.content.util.ContentUtilsTest$LegacyTestCase@2e166372]" classname="com.dotcms.rendering.velocity.viewtools.content.util.ContentUtilsTest" time="4.179"/>
  <testcase name="whenTheTimeMachineDateIsAfterTomorrowAndExpireDateIsTomorrowShouldNotReturnContent" classname="com.dotcms.rendering.velocity.viewtools.content.util.ContentUtilsTest" time="3.194"/>
  <testcase name="testPullLiveRelatedWhenLatestVersionIsWorking" classname="com.dotcms.rendering.velocity.viewtools.content.util.ContentUtilsTest" time="3.651"/>
  <testcase name="test_add_relationships_on_parent_children_related_contents" classname="com.dotcms.rendering.velocity.viewtools.content.util.ContentUtilsTest" time="1.589"/>
  <testcase name="testSortPullRelated[0: com.dotcms.rendering.velocity.viewtools.content.util.ContentUtilsTest$SortTestCase@7b659a5a]" classname="com.dotcms.rendering.velocity.viewtools.content.util.ContentUtilsTest" time="2.658"/>
  <testcase name="testSortPullRelated[1: com.dotcms.rendering.velocity.viewtools.content.util.ContentUtilsTest$SortTestCase@500b5f29]" classname="com.dotcms.rendering.velocity.viewtools.content.util.ContentUtilsTest" time="2.892"/>
  <testcase name="testSortPullRelated[2: com.dotcms.rendering.velocity.viewtools.content.util.ContentUtilsTest$SortTestCase@8ed5ad8]" classname="com.dotcms.rendering.velocity.viewtools.content.util.ContentUtilsTest" time="2.853"/>
  <testcase name="testSortPullRelated[3: com.dotcms.rendering.velocity.viewtools.content.util.ContentUtilsTest$SortTestCase@15fda544]" classname="com.dotcms.rendering.velocity.viewtools.content.util.ContentUtilsTest" time="1.982"/>
  <testcase name="testSortPullRelated[4: com.dotcms.rendering.velocity.viewtools.content.util.ContentUtilsTest$SortTestCase@421d5aeb]" classname="com.dotcms.rendering.velocity.viewtools.content.util.ContentUtilsTest" time="2.925"/>
  <testcase name="testSortPullRelated[5: com.dotcms.rendering.velocity.viewtools.content.util.ContentUtilsTest$SortTestCase@48e5b796]" classname="com.dotcms.rendering.velocity.viewtools.content.util.ContentUtilsTest" time="2.919"/>
  <testcase name="whenTheTimeMachineDateIsAfterTomorrowAndExpireDateIsInFutureShouldReturnContent" classname="com.dotcms.rendering.velocity.viewtools.content.util.ContentUtilsTest" time="3.214"/>
  <testcase name="testPullRelatedFieldShouldRespectDefaultOrder" classname="com.dotcms.rendering.velocity.viewtools.content.util.ContentUtilsTest" time="2.335"/>
  <system-out><![CDATA[]]></system-out>
  <system-err><![CDATA[]]></system-err>
</testsuite>
