<?xml version="1.0" encoding="UTF-8"?>
<testsuite name="com.dotcms.experiments.business.IndexRegexUrlPatterStrategyIntegrationTest" tests="5" skipped="0" failures="0" errors="0" timestamp="2023-07-21T17:52:26" hostname="fv-az1233-524" time="10.128">
  <properties/>
  <testcase name="httpsRealRootIndexPageNotLocalhost" classname="com.dotcms.experiments.business.IndexRegexUrlPatterStrategyIntegrationTest" time="1.971"/>
  <testcase name="notIndexPage" classname="com.dotcms.experiments.business.IndexRegexUrlPatterStrategyIntegrationTest" time="2.195"/>
  <testcase name="realIndexPage" classname="com.dotcms.experiments.business.IndexRegexUrlPatterStrategyIntegrationTest" time="1.808"/>
  <testcase name="httpsRealRootIndexPage" classname="com.dotcms.experiments.business.IndexRegexUrlPatterStrategyIntegrationTest" time="2.067"/>
  <testcase name="realIndexPageNotLocalhost" classname="com.dotcms.experiments.business.IndexRegexUrlPatterStrategyIntegrationTest" time="2.087"/>
  <system-out><![CDATA[]]></system-out>
  <system-err><![CDATA[]]></system-err>
</testsuite>
