<?xml version="1.0" encoding="UTF-8"?>
<testsuite name="com.dotcms.rest.MapToContentletPopulatorTest" tests="20" skipped="0" failures="0" errors="0" timestamp="2023-06-23T23:13:57" hostname="fv-az805-638" time="51.629">
  <properties/>
  <testcase name="testPopulateLegacyRelationshipWithLuceneQueryAndIdentifier" classname="com.dotcms.rest.MapToContentletPopulatorTest" time="6.555"/>
  <testcase name="Test_Pass_Valid_Category" classname="com.dotcms.rest.MapToContentletPopulatorTest" time="4.279"/>
  <testcase name="Test_Pass_Empty_List_Multiple_Category_Fields_Pass_Empty_List" classname="com.dotcms.rest.MapToContentletPopulatorTest" time="1.646"/>
  <testcase name="Test_Pass_Null_As_Category" classname="com.dotcms.rest.MapToContentletPopulatorTest" time="4.174"/>
  <testcase name="testPopulateTwoSidedRelationshipWithLuceneQuery" classname="com.dotcms.rest.MapToContentletPopulatorTest" time="1.867"/>
  <testcase name="Test_Pass_Invalid_Category" classname="com.dotcms.rest.MapToContentletPopulatorTest" time="4.213"/>
  <testcase name="Test_Pass_List_Of_Categories" classname="com.dotcms.rest.MapToContentletPopulatorTest" time="4.242"/>
  <testcase name="testPopulateOneSidedRelationship[0: com.dotcms.rest.MapToContentletPopulatorTest$TestCase@29f7ff62]" classname="com.dotcms.rest.MapToContentletPopulatorTest" time="1.499"/>
  <testcase name="testPopulateOneSidedRelationship[1: com.dotcms.rest.MapToContentletPopulatorTest$TestCase@149c9ee]" classname="com.dotcms.rest.MapToContentletPopulatorTest" time="1.423"/>
  <testcase name="testPopulateOneSidedRelationship[2: com.dotcms.rest.MapToContentletPopulatorTest$TestCase@7a36fa6c]" classname="com.dotcms.rest.MapToContentletPopulatorTest" time="1.421"/>
  <testcase name="testPopulateOneSidedRelationship[3: com.dotcms.rest.MapToContentletPopulatorTest$TestCase@5ab69814]" classname="com.dotcms.rest.MapToContentletPopulatorTest" time="1.442"/>
  <testcase name="Test_Set_Or_Resolve_Language" classname="com.dotcms.rest.MapToContentletPopulatorTest" time="1.062"/>
  <testcase name="Test_Pass_Categoryless_Contentlet" classname="com.dotcms.rest.MapToContentletPopulatorTest" time="4.27"/>
  <testcase name="Test_Pass_Empty_List_Multiple_Category_Fields_Pass_Null[0: &lt;null&gt;]" classname="com.dotcms.rest.MapToContentletPopulatorTest" time="1.643"/>
  <testcase name="Test_Pass_Empty_List_Multiple_Category_Fields_Pass_Null[1: null]" classname="com.dotcms.rest.MapToContentletPopulatorTest" time="1.656"/>
  <testcase name="Test_Pass_Empty_List_Multiple_Category_Fields_Pass_Null[2: null]" classname="com.dotcms.rest.MapToContentletPopulatorTest" time="1.678"/>
  <testcase name="Test_Pass_Empty_List_Of_Categories" classname="com.dotcms.rest.MapToContentletPopulatorTest" time="4.355"/>
  <testcase name="testPopulateContentletWithTwoSidedRelationshipAndParentRelationNameEqualsToAnotherFieldVarInChild" classname="com.dotcms.rest.MapToContentletPopulatorTest" time="1.664"/>
  <testcase name="Test_Pass_Empty_List_Multiple_Category_Fields_Pass_List_Of_Category" classname="com.dotcms.rest.MapToContentletPopulatorTest" time="1.679"/>
  <testcase name="testPopulateSelfJoinedRelationshipWithLuceneQuery" classname="com.dotcms.rest.MapToContentletPopulatorTest" time="0.86"/>
  <system-out><![CDATA[]]></system-out>
  <system-err><![CDATA[]]></system-err>
</testsuite>
