<?xml version="1.0" encoding="UTF-8"?>
<testsuite name="com.dotmarketing.business.DeterministicIdentifierAPITest" tests="16" skipped="0" failures="0" errors="0" timestamp="2023-07-13T00:41:50" hostname="fv-az167-45" time="0.974">
  <properties/>
  <testcase name="Test_Category_Path_Seed_And_Id" classname="com.dotmarketing.business.DeterministicIdentifierAPITest" time="0.029"/>
  <testcase name="Test_Language_Deterministic_Id[0: LanguageTestCase{expectedSeed='Language:es:US', expectedHash=4913155, langCode='es', countryCode='US', country='United States'}]" classname="com.dotmarketing.business.DeterministicIdentifierAPITest" time="0.002"/>
  <testcase name="Test_Language_Deterministic_Id[1: LanguageTestCase{expectedSeed='Language:ep:', expectedHash=5292269, langCode='ep', countryCode='', country=''}]" classname="com.dotmarketing.business.DeterministicIdentifierAPITest" time="0.001"/>
  <testcase name="Test_Language_Deterministic_Id[2: LanguageTestCase{expectedSeed='Language:sg:SAG', expectedHash=4713118, langCode='sg', countryCode='SAG', country=''}]" classname="com.dotmarketing.business.DeterministicIdentifierAPITest" time="0.002"/>
  <testcase name="Test_Language_Deterministic_Id[3: LanguageTestCase{expectedSeed='Language:en:NZ', expectedHash=5382528, langCode='en', countryCode='NZ', country='New Zealand'}]" classname="com.dotmarketing.business.DeterministicIdentifierAPITest" time="0.001"/>
  <testcase name="Test_Category_None_Persisted_Category_Should_Return_Deterministic_Id" classname="com.dotmarketing.business.DeterministicIdentifierAPITest" time="0.002"/>
  <testcase name="Test_Asset_Generate_Deterministic_Id_Best_Effort[0: TestCase{versionable=my.host1689208481010.com, parent=System Host, expectedName='my.host1689208481010.com', expectedType='Host'}]" classname="com.dotmarketing.business.DeterministicIdentifierAPITest" time="0.004"/>
  <testcase name="Test_Asset_Generate_Deterministic_Id_Best_Effort[1: TestCase{versionable=com.dotmarketing.portlets.contentlet.model.Contentlet@70906cf0[map={modDate=2023-07-13 00:34:41.737, fileName=file8555692744200692965.txt, title=file8555692744200692965.txt, inode=eb5ede84-dfdb-4213-a74d-2a3bf8baa6f1, __IS_NEW_CONTENT__=true, disabledWYSIWYG=[], host=cec1d61b-f1c3-4fb1-a6a8-a9fb0ed46c6b, stInode=33888b6f-7a8e-4069-b1b6-5c1aa9d0a48d, owner=system, identifier=7c4d1317-170f-49e1-ab88-8feffd31a58d, nullProperties=[wfExpireDate, wfPublishDate, wfActionAssign, wfActionId, wfActionComments, filterKey, whereToSend, wfNeverExpire, _path_to_move, timezoneId, iWantTo, wfPublishTime, wfExpireTime], languageId=1, fileAsset=/home/runner/work/core/custom/assets/e/b/eb5ede84-dfdb-4213-a74d-2a3bf8baa6f1/fileAsset/file8555692744200692965.txt, folder=b525b8d2-82ed-4371-9559-b796511389c3, __disable_workflow__=true, sortOrder=0, modUser=system},lowIndexPriority=false,variantId=DEFAULT], parent=com.dotmarketing.portlets.folders.model.Folder@72e58778[identifier=b525b8d2-82ed-4371-9559-b796511389c3,name=testName1689208481723,sortOrder=0,showOnMenu=false,hostId=cec1d61b-f1c3-4fb1-a6a8-a9fb0ed46c6b,type=folder,title=testTitle1689208481723,filesMasks=,defaultFileType=33888b6f-7a8e-4069-b1b6-5c1aa9d0a48d,modDate=2023-07-13 00:34:41.727,owner=&lt;null&gt;,iDate=2023-07-13 00:34:41.727,inode=b525b8d2-82ed-4371-9559-b796511389c3,path=/testName1689208481723/], expectedName='file8555692744200692965.txt', expectedType='FileAsset'}]" classname="com.dotmarketing.business.DeterministicIdentifierAPITest" time="0.004"/>
  <testcase name="Test_Asset_Generate_Deterministic_Id_Best_Effort[2: TestCase{versionable=com.dotmarketing.portlets.templates.model.Template@7a2ceabf, parent=my.host1689208481010.com, expectedName='testTitle1689208481939', expectedType='Template'}]" classname="com.dotmarketing.business.DeterministicIdentifierAPITest" time="0.003"/>
  <testcase name="Test_Asset_Generate_Deterministic_Id_Best_Effort[3: TestCase{versionable=com.dotmarketing.portlets.htmlpageasset.model.HTMLPageAsset@19fa9eb5[map={template=62dd19e0-86e3-4418-bcf1-f8084567b55f, owner=system, identifier=76631921-8a14-4c07-a4a9-f5654eca96ae, nullProperties=[wfExpireDate, wfPublishDate, wfActionAssign, wfActionId, wfActionComments, filterKey, whereToSend, wfNeverExpire, _path_to_move, timezoneId, iWantTo, wfPublishTime, wfExpireTime], modDate=2023-07-13 00:34:41.968, cachettl=0, _is_test_mode=true, languageId=1, title=test-page-title-1689208481962, httpsreq=, url=test-page-url-1689208481962, showOnMenu=, inode=8dedf3c2-4a61-4b5d-a1a6-bca5184e7e2e, folder=b525b8d2-82ed-4371-9559-b796511389c3, disabledWYSIWYG=[], sortOrder=1, modUser=system, host=cec1d61b-f1c3-4fb1-a6a8-a9fb0ed46c6b, stInode=c541abb1-69b3-4bc5-8430-5e09e5239cc8, friendlyName=test-page-friendly-name-1689208481962},lowIndexPriority=false,variantId=DEFAULT], parent=com.dotmarketing.portlets.folders.model.Folder@72e58778[identifier=b525b8d2-82ed-4371-9559-b796511389c3,name=testName1689208481723,sortOrder=0,showOnMenu=false,hostId=cec1d61b-f1c3-4fb1-a6a8-a9fb0ed46c6b,type=folder,title=testTitle1689208481723,filesMasks=,defaultFileType=33888b6f-7a8e-4069-b1b6-5c1aa9d0a48d,modDate=2023-07-13 00:34:41.727,owner=&lt;null&gt;,iDate=2023-07-13 00:34:41.727,inode=b525b8d2-82ed-4371-9559-b796511389c3,path=/testName1689208481723/], expectedName='test-page-url-1689208481962', expectedType='htmlpageasset'}]" classname="com.dotmarketing.business.DeterministicIdentifierAPITest" time="0.003"/>
  <testcase name="Test_Asset_Generate_Deterministic_Id_Best_Effort[4: TestCase{versionable=com.dotmarketing.portlets.contentlet.model.Contentlet@6db3d934[map={fileAsset2=/home/runner/work/core/custom/assets/3/e/3eec3d04-ed1e-493f-a7a2-4d772febb937/fileAsset2/test_binary1689208483671.png, modDate=2023-07-13 00:34:43.677, fileAsset1=/home/runner/work/core/custom/assets/3/e/3eec3d04-ed1e-493f-a7a2-4d772febb937/fileAsset1/test_binary1689208483670.jpg, title=blah, inode=3eec3d04-ed1e-493f-a7a2-4d772febb937, __IS_NEW_CONTENT__=true, disabledWYSIWYG=[], host=48190c8c-42c4-46af-8d1a-0cd5db894797, stInode=aa418901-4710-4715-9251-08745b913786, owner=system, identifier=802fa2d4-ea6e-4c90-8483-5db482e6db33, nullProperties=[], languageId=1, image1=086d30a1-ea8b-4e2d-9f5a-747444b504fc, folder=SYSTEM_FOLDER, __disable_workflow__=true, sortOrder=0, modUser=system},lowIndexPriority=false,variantId=DEFAULT], parent=demo.dotcms.com, expectedName='test_binary1689208483670.jpg:test_binary1689208483671.png', expectedType='MultipleBinaries1689208482255'}]" classname="com.dotmarketing.business.DeterministicIdentifierAPITest" time="0.004"/>
  <testcase name="Test_Asset_Generate_Deterministic_Id_Best_Effort[5: TestCase{versionable=nameb346092269 : keyTagb346092269, parent=my.host1689208481010.com, expectedName='keyTagb346092269', expectedType='persona'}]" classname="com.dotmarketing.business.DeterministicIdentifierAPITest" time="0.003"/>
  <testcase name="Test_Similar_Content_Type_Wont_Clash" classname="com.dotmarketing.business.DeterministicIdentifierAPITest" time="0.621"/>
  <testcase name="Test_Generate_Folder_Identifier" classname="com.dotmarketing.business.DeterministicIdentifierAPITest" time="0.281"/>
  <testcase name="Test_Generate_Content_Type_Identifier[0: ContentTypeTestCase{contentType=KeyValueContentType{name=Language Variable, id=f4d7c1b8-2c88-4071-abf1-a5328977b07d, description=Default Content Type for Language Variables, defaultType=false, fixed=true, iDate=Thu Aug 31 16:38:49 UTC 2017, system=true, versionable=true, variable=Languagevariable, modDate=Wed Jul 12 23:19:49 UTC 2023, host=SYSTEM_HOST, siteName=systemHost, icon=language, sortOrder=0, folder=SYSTEM_FOLDER, folderPath=/, markedForDeletion=true, multilingualable=false}, expectedName='Languagevariable', expectedType='KeyValue'}]" classname="com.dotmarketing.business.DeterministicIdentifierAPITest" time="0.005"/>
  <testcase name="Test_Generate_Content_Type_Identifier[1: ContentTypeTestCase{contentType=SimpleContentType{name=testName1689208484165, id=cf6fb6a2-4d35-40e7-ae89-c50bc714743c, description=testDescription1689208484165, defaultType=false, fixed=false, iDate=Thu Jul 13 00:34:44 UTC 2023, system=false, versionable=true, multilingualable=false, variable=testVarname1689208484165, owner=system, modDate=Thu Jul 13 00:34:45 UTC 2023, host=48190c8c-42c4-46af-8d1a-0cd5db894797, siteName=demo.dotcms.com, icon=event_note, sortOrder=0, folder=SYSTEM_FOLDER, folderPath=/, requiredFields=[], markedForDeletion=false}, expectedName='testVarname1689208484165', expectedType='CONTENT'}]" classname="com.dotmarketing.business.DeterministicIdentifierAPITest" time="0.006"/>
  <system-out><![CDATA[]]></system-out>
  <system-err><![CDATA[]]></system-err>
</testsuite>
