<?xml version="1.0" encoding="UTF-8"?>
<testsuite name="com.dotmarketing.portlets.structure.model.ContentletRelationshipsTest" tests="7" skipped="0" failures="0" errors="0" timestamp="2023-06-29T20:46:46" hostname="fv-az674-164" time="8.235">
  <properties/>
  <testcase name="testDoesAllowOnlyOne[0: com.dotmarketing.portlets.structure.model.ContentletRelationshipsTest$CardinalityTestCase@cb3442f]" classname="com.dotmarketing.portlets.structure.model.ContentletRelationshipsTest" time="0.418"/>
  <testcase name="testDoesAllowOnlyOne[1: com.dotmarketing.portlets.structure.model.ContentletRelationshipsTest$CardinalityTestCase@6b365d36]" classname="com.dotmarketing.portlets.structure.model.ContentletRelationshipsTest" time="0.399"/>
  <testcase name="testDoesAllowOnlyOne[2: com.dotmarketing.portlets.structure.model.ContentletRelationshipsTest$CardinalityTestCase@7e6d168b]" classname="com.dotmarketing.portlets.structure.model.ContentletRelationshipsTest" time="0.409"/>
  <testcase name="testGetRelationshipRecords[0: com.dotmarketing.portlets.structure.model.ContentletRelationshipsTest$TestCase@483f6542]" classname="com.dotmarketing.portlets.structure.model.ContentletRelationshipsTest" time="1.866"/>
  <testcase name="testGetRelationshipRecords[1: com.dotmarketing.portlets.structure.model.ContentletRelationshipsTest$TestCase@5e3bd256]" classname="com.dotmarketing.portlets.structure.model.ContentletRelationshipsTest" time="1.77"/>
  <testcase name="testGetRelationshipRecords[2: com.dotmarketing.portlets.structure.model.ContentletRelationshipsTest$TestCase@73deb4a]" classname="com.dotmarketing.portlets.structure.model.ContentletRelationshipsTest" time="1.712"/>
  <testcase name="testGetRelationshipRecords[3: com.dotmarketing.portlets.structure.model.ContentletRelationshipsTest$TestCase@11726c68]" classname="com.dotmarketing.portlets.structure.model.ContentletRelationshipsTest" time="1.661"/>
  <system-out><![CDATA[]]></system-out>
  <system-err><![CDATA[]]></system-err>
</testsuite>
