<?xml version="1.0" encoding="UTF-8"?>
<testsuite name="com.dotcms.rest.elasticsearch.ESContentResourcePortletTest" tests="8" skipped="0" failures="0" errors="0" timestamp="2023-07-20T20:13:57" hostname="fv-az174-151" time="8.562">
  <properties/>
  <testcase name="test_search_includeGrandChildCategory_success" classname="com.dotcms.rest.elasticsearch.ESContentResourcePortletTest" time="1.329"/>
  <testcase name="testSearch[0: com.dotcms.rest.elasticsearch.ESContentResourcePortletTest$TestCase@73ee4124]" classname="com.dotcms.rest.elasticsearch.ESContentResourcePortletTest" time="0.892"/>
  <testcase name="testSearch[1: com.dotcms.rest.elasticsearch.ESContentResourcePortletTest$TestCase@753016e]" classname="com.dotcms.rest.elasticsearch.ESContentResourcePortletTest" time="1.233"/>
  <testcase name="testSearch[2: com.dotcms.rest.elasticsearch.ESContentResourcePortletTest$TestCase@1cb31cf0]" classname="com.dotcms.rest.elasticsearch.ESContentResourcePortletTest" time="0.876"/>
  <testcase name="testSearch[3: com.dotcms.rest.elasticsearch.ESContentResourcePortletTest$TestCase@5cac7b28]" classname="com.dotcms.rest.elasticsearch.ESContentResourcePortletTest" time="1.224"/>
  <testcase name="testSearch[4: com.dotcms.rest.elasticsearch.ESContentResourcePortletTest$TestCase@5dcae6f8]" classname="com.dotcms.rest.elasticsearch.ESContentResourcePortletTest" time="1.268"/>
  <testcase name="testSearch[5: com.dotcms.rest.elasticsearch.ESContentResourcePortletTest$TestCase@420dc45e]" classname="com.dotcms.rest.elasticsearch.ESContentResourcePortletTest" time="0.851"/>
  <testcase name="testSearch[6: com.dotcms.rest.elasticsearch.ESContentResourcePortletTest$TestCase@46dd1473]" classname="com.dotcms.rest.elasticsearch.ESContentResourcePortletTest" time="0.887"/>
  <system-out><![CDATA[]]></system-out>
  <system-err><![CDATA[]]></system-err>
</testsuite>
