<?xml version="1.0" encoding="UTF-8"?>
<testsuite name="com.dotcms.rest.BundleResourceTest" tests="5" skipped="0" failures="0" errors="0" timestamp="2023-07-18T21:10:25" hostname="fv-az887-517" time="18.014">
  <properties/>
  <testcase name="shouldCleanRelationshipCache" classname="com.dotcms.rest.BundleResourceTest" time="5.06"/>
  <testcase name="test_generateBundle_success" classname="com.dotcms.rest.BundleResourceTest" time="0.734"/>
  <testcase name="test_downloadBundle_success" classname="com.dotcms.rest.BundleResourceTest" time="0.738"/>
  <testcase name="test_downloadBundle_fileNotGenerated_return404" classname="com.dotcms.rest.BundleResourceTest" time="0.722"/>
  <testcase name="test_deleteAll" classname="com.dotcms.rest.BundleResourceTest" time="10.76"/>
  <system-out><![CDATA[

]]></system-out>
  <system-err><![CDATA[]]></system-err>
</testsuite>
