<?xml version="1.0" encoding="UTF-8"?>
<testsuite name="com.dotmarketing.portlets.structure.model.ContentletRelationshipsTest" tests="7" skipped="0" failures="0" errors="0" timestamp="2023-06-28T19:47:51" hostname="fv-az851-777" time="8.255">
  <properties/>
  <testcase name="testDoesAllowOnlyOne[0: com.dotmarketing.portlets.structure.model.ContentletRelationshipsTest$CardinalityTestCase@1a267443]" classname="com.dotmarketing.portlets.structure.model.ContentletRelationshipsTest" time="0.413"/>
  <testcase name="testDoesAllowOnlyOne[1: com.dotmarketing.portlets.structure.model.ContentletRelationshipsTest$CardinalityTestCase@412f91ab]" classname="com.dotmarketing.portlets.structure.model.ContentletRelationshipsTest" time="0.386"/>
  <testcase name="testDoesAllowOnlyOne[2: com.dotmarketing.portlets.structure.model.ContentletRelationshipsTest$CardinalityTestCase@413a6362]" classname="com.dotmarketing.portlets.structure.model.ContentletRelationshipsTest" time="0.41"/>
  <testcase name="testGetRelationshipRecords[0: com.dotmarketing.portlets.structure.model.ContentletRelationshipsTest$TestCase@7af9b88d]" classname="com.dotmarketing.portlets.structure.model.ContentletRelationshipsTest" time="1.856"/>
  <testcase name="testGetRelationshipRecords[1: com.dotmarketing.portlets.structure.model.ContentletRelationshipsTest$TestCase@53d45ffd]" classname="com.dotmarketing.portlets.structure.model.ContentletRelationshipsTest" time="1.814"/>
  <testcase name="testGetRelationshipRecords[2: com.dotmarketing.portlets.structure.model.ContentletRelationshipsTest$TestCase@6e4b2ee5]" classname="com.dotmarketing.portlets.structure.model.ContentletRelationshipsTest" time="1.681"/>
  <testcase name="testGetRelationshipRecords[3: com.dotmarketing.portlets.structure.model.ContentletRelationshipsTest$TestCase@7cf8613d]" classname="com.dotmarketing.portlets.structure.model.ContentletRelationshipsTest" time="1.69"/>
  <system-out><![CDATA[]]></system-out>
  <system-err><![CDATA[]]></system-err>
</testsuite>
