<?xml version="1.0" encoding="UTF-8"?>
<testsuite name="com.dotcms.rest.api.v1.vtl.VTLResourceIntegrationTest" tests="6" skipped="0" failures="0" errors="0" timestamp="2023-07-12T16:52:49" hostname="fv-az254-482" time="12.226">
  <properties/>
  <testcase name="testGet[0: com.dotcms.rest.api.v1.vtl.VTLResourceTestCase@79c5d7fd]" classname="com.dotcms.rest.api.v1.vtl.VTLResourceIntegrationTest" time="2.233"/>
  <testcase name="testGet[1: com.dotcms.rest.api.v1.vtl.VTLResourceTestCase@5bf11a22]" classname="com.dotcms.rest.api.v1.vtl.VTLResourceIntegrationTest" time="1.954"/>
  <testcase name="testGet[2: com.dotcms.rest.api.v1.vtl.VTLResourceTestCase@431f1382]" classname="com.dotcms.rest.api.v1.vtl.VTLResourceIntegrationTest" time="2.096"/>
  <testcase name="testGet[3: com.dotcms.rest.api.v1.vtl.VTLResourceTestCase@56859bf4]" classname="com.dotcms.rest.api.v1.vtl.VTLResourceIntegrationTest" time="1.944"/>
  <testcase name="testGet[4: com.dotcms.rest.api.v1.vtl.VTLResourceTestCase@128d4e6]" classname="com.dotcms.rest.api.v1.vtl.VTLResourceIntegrationTest" time="1.907"/>
  <testcase name="testGet[5: com.dotcms.rest.api.v1.vtl.VTLResourceTestCase@525beeeb]" classname="com.dotcms.rest.api.v1.vtl.VTLResourceIntegrationTest" time="2.091"/>
  <system-out><![CDATA[]]></system-out>
  <system-err><![CDATA[]]></system-err>
</testsuite>
