<?xml version="1.0" encoding="UTF-8"?>
<testsuite name="com.dotmarketing.util.ResourceCollectorUtilTest" tests="3" skipped="0" failures="0" errors="0" timestamp="2023-07-12T19:09:19" hostname="fv-az358-82" time="0.006">
  <properties/>
  <testcase name="test_getPackages_bundle_version_range" classname="com.dotmarketing.util.ResourceCollectorUtilTest" time="0.004"/>
  <testcase name="test_getPackages_bundle" classname="com.dotmarketing.util.ResourceCollectorUtilTest" time="0.001"/>
  <testcase name="test_getPackages_fragment" classname="com.dotmarketing.util.ResourceCollectorUtilTest" time="0.0"/>
  <system-out><![CDATA[]]></system-out>
  <system-err><![CDATA[]]></system-err>
</testsuite>
