<?xml version="1.0" encoding="UTF-8"?>
<testsuite name="com.dotcms.enterprise.publishing.remote.bundler.HostBundlerTest" tests="3" skipped="0" failures="0" errors="0" timestamp="2023-07-05T18:20:09" hostname="fv-az487-835" time="0.068">
  <properties/>
  <testcase name="addHostInBundle[0: com.dotcms.enterprise.publishing.remote.bundler.HostBundlerTest$TestCase@32b5414]" classname="com.dotcms.enterprise.publishing.remote.bundler.HostBundlerTest" time="0.02"/>
  <testcase name="addHostInBundle[1: com.dotcms.enterprise.publishing.remote.bundler.HostBundlerTest$TestCase@46a01be5]" classname="com.dotcms.enterprise.publishing.remote.bundler.HostBundlerTest" time="0.022"/>
  <testcase name="addHostInBundle[2: com.dotcms.enterprise.publishing.remote.bundler.HostBundlerTest$TestCase@5f924c0e]" classname="com.dotcms.enterprise.publishing.remote.bundler.HostBundlerTest" time="0.026"/>
  <system-out><![CDATA[]]></system-out>
  <system-err><![CDATA[]]></system-err>
</testsuite>
