<?xml version="1.0" encoding="UTF-8"?>
<testsuite name="com.dotmarketing.portlets.structure.model.ContentletRelationshipsTest" tests="7" skipped="0" failures="0" errors="0" timestamp="2023-06-28T20:47:47" hostname="fv-az577-630" time="9.937">
  <properties/>
  <testcase name="testDoesAllowOnlyOne[0: com.dotmarketing.portlets.structure.model.ContentletRelationshipsTest$CardinalityTestCase@6b1eaddd]" classname="com.dotmarketing.portlets.structure.model.ContentletRelationshipsTest" time="0.544"/>
  <testcase name="testDoesAllowOnlyOne[1: com.dotmarketing.portlets.structure.model.ContentletRelationshipsTest$CardinalityTestCase@7713cbe9]" classname="com.dotmarketing.portlets.structure.model.ContentletRelationshipsTest" time="0.533"/>
  <testcase name="testDoesAllowOnlyOne[2: com.dotmarketing.portlets.structure.model.ContentletRelationshipsTest$CardinalityTestCase@64916de1]" classname="com.dotmarketing.portlets.structure.model.ContentletRelationshipsTest" time="0.541"/>
  <testcase name="testGetRelationshipRecords[0: com.dotmarketing.portlets.structure.model.ContentletRelationshipsTest$TestCase@3ff7197]" classname="com.dotmarketing.portlets.structure.model.ContentletRelationshipsTest" time="2.202"/>
  <testcase name="testGetRelationshipRecords[1: com.dotmarketing.portlets.structure.model.ContentletRelationshipsTest$TestCase@1d914470]" classname="com.dotmarketing.portlets.structure.model.ContentletRelationshipsTest" time="2.111"/>
  <testcase name="testGetRelationshipRecords[2: com.dotmarketing.portlets.structure.model.ContentletRelationshipsTest$TestCase@743488a8]" classname="com.dotmarketing.portlets.structure.model.ContentletRelationshipsTest" time="1.988"/>
  <testcase name="testGetRelationshipRecords[3: com.dotmarketing.portlets.structure.model.ContentletRelationshipsTest$TestCase@1ba50daa]" classname="com.dotmarketing.portlets.structure.model.ContentletRelationshipsTest" time="2.016"/>
  <system-out><![CDATA[]]></system-out>
  <system-err><![CDATA[]]></system-err>
</testsuite>
