<?xml version="1.0" encoding="UTF-8"?>
<testsuite name="com.dotcms.publisher.endpoint.business.PublishingEndPointAPITest" tests="4" skipped="0" failures="0" errors="0" timestamp="2023-07-17T17:03:50" hostname="fv-az168-813" time="0.252">
  <properties/>
  <testcase name="getEnabledSendingEndPointByAddress_returnNull_whenInvalidAddressIsReceived" classname="com.dotcms.publisher.endpoint.business.PublishingEndPointAPITest" time="0.008"/>
  <testcase name="getEnabledSendingEndPointByAddress_returnEndpoint_whenIPAddressIsUsed" classname="com.dotcms.publisher.endpoint.business.PublishingEndPointAPITest" time="0.006"/>
  <testcase name="getEnabledSendingEndPointByAddress_returnEndpoint_whenNetmaskIsUsed" classname="com.dotcms.publisher.endpoint.business.PublishingEndPointAPITest" time="0.006"/>
  <testcase name="test" classname="com.dotcms.publisher.endpoint.business.PublishingEndPointAPITest" time="0.232"/>
  <system-out><![CDATA[]]></system-out>
  <system-err><![CDATA[]]></system-err>
</testsuite>
