<?xml version="1.0" encoding="UTF-8"?>
<testsuite name="com.dotcms.rest.api.v1.vtl.VTLResourceIntegrationTest" tests="6" skipped="0" failures="0" errors="0" timestamp="2023-07-06T21:44:38" hostname="fv-az987-876" time="12.466">
  <properties/>
  <testcase name="testGet[0: com.dotcms.rest.api.v1.vtl.VTLResourceTestCase@389a349f]" classname="com.dotcms.rest.api.v1.vtl.VTLResourceIntegrationTest" time="2.61"/>
  <testcase name="testGet[1: com.dotcms.rest.api.v1.vtl.VTLResourceTestCase@49ae5c99]" classname="com.dotcms.rest.api.v1.vtl.VTLResourceIntegrationTest" time="1.766"/>
  <testcase name="testGet[2: com.dotcms.rest.api.v1.vtl.VTLResourceTestCase@41b8b8a4]" classname="com.dotcms.rest.api.v1.vtl.VTLResourceIntegrationTest" time="2.182"/>
  <testcase name="testGet[3: com.dotcms.rest.api.v1.vtl.VTLResourceTestCase@68211bc3]" classname="com.dotcms.rest.api.v1.vtl.VTLResourceIntegrationTest" time="1.838"/>
  <testcase name="testGet[4: com.dotcms.rest.api.v1.vtl.VTLResourceTestCase@176f494]" classname="com.dotcms.rest.api.v1.vtl.VTLResourceIntegrationTest" time="2.057"/>
  <testcase name="testGet[5: com.dotcms.rest.api.v1.vtl.VTLResourceTestCase@3a073ab7]" classname="com.dotcms.rest.api.v1.vtl.VTLResourceIntegrationTest" time="2.012"/>
  <system-out><![CDATA[]]></system-out>
  <system-err><![CDATA[]]></system-err>
</testsuite>
