<?xml version="1.0" encoding="UTF-8"?>
<testsuite name="com.dotcms.publishing.PublisherAPIImplTest" tests="24" skipped="0" failures="0" errors="0" timestamp="2023-06-29T17:42:21" hostname="fv-az572-127" time="6.613">
  <properties/>
  <testcase name="AddAllCategoryIntoBundle" classname="com.dotcms.publishing.PublisherAPIImplTest" time="0.326"/>
  <testcase name="testFilterDescriptors" classname="com.dotcms.publishing.PublisherAPIImplTest" time="0.144"/>
  <testcase name="sendPushPublishBundle[0: com.dotcms.publishing.PublisherAPIImplTest$TestAsset@55aa4adc]" classname="com.dotcms.publishing.PublisherAPIImplTest" time="2.018"/>
  <testcase name="sendPushPublishBundle[1: com.dotcms.publishing.PublisherAPIImplTest$TestAsset@36e76c8b]" classname="com.dotcms.publishing.PublisherAPIImplTest" time="0.371"/>
  <testcase name="sendPushPublishBundle[2: com.dotcms.publishing.PublisherAPIImplTest$TestAsset@eaefd59]" classname="com.dotcms.publishing.PublisherAPIImplTest" time="0.401"/>
  <testcase name="sendPushPublishBundle[3: com.dotcms.publishing.PublisherAPIImplTest$TestAsset@a184220]" classname="com.dotcms.publishing.PublisherAPIImplTest" time="0.323"/>
  <testcase name="sendPushPublishBundle[4: com.dotcms.publishing.PublisherAPIImplTest$TestAsset@d631515]" classname="com.dotcms.publishing.PublisherAPIImplTest" time="0.332"/>
  <testcase name="sendPushPublishBundle[5: com.dotcms.publishing.PublisherAPIImplTest$TestAsset@edb306]" classname="com.dotcms.publishing.PublisherAPIImplTest" time="0.179"/>
  <testcase name="sendPushPublishBundle[6: com.dotcms.publishing.PublisherAPIImplTest$TestAsset@7950d277]" classname="com.dotcms.publishing.PublisherAPIImplTest" time="0.175"/>
  <testcase name="sendPushPublishBundle[7: com.dotcms.publishing.PublisherAPIImplTest$TestAsset@3191963f]" classname="com.dotcms.publishing.PublisherAPIImplTest" time="0.178"/>
  <testcase name="sendPushPublishBundle[8: com.dotcms.publishing.PublisherAPIImplTest$TestAsset@24cff6a5]" classname="com.dotcms.publishing.PublisherAPIImplTest" time="0.185"/>
  <testcase name="sendPushPublishBundle[9: com.dotcms.publishing.PublisherAPIImplTest$TestAsset@495704b9]" classname="com.dotcms.publishing.PublisherAPIImplTest" time="0.393"/>
  <testcase name="sendPushPublishBundle[10: com.dotcms.publishing.PublisherAPIImplTest$TestAsset@366bb48e]" classname="com.dotcms.publishing.PublisherAPIImplTest" time="0.135"/>
  <testcase name="generateBundle[0: com.dotcms.publishing.PublisherAPIImplTest$TestAsset@55aa4adc]" classname="com.dotcms.publishing.PublisherAPIImplTest" time="0.137"/>
  <testcase name="generateBundle[1: com.dotcms.publishing.PublisherAPIImplTest$TestAsset@36e76c8b]" classname="com.dotcms.publishing.PublisherAPIImplTest" time="0.107"/>
  <testcase name="generateBundle[2: com.dotcms.publishing.PublisherAPIImplTest$TestAsset@eaefd59]" classname="com.dotcms.publishing.PublisherAPIImplTest" time="0.127"/>
  <testcase name="generateBundle[3: com.dotcms.publishing.PublisherAPIImplTest$TestAsset@a184220]" classname="com.dotcms.publishing.PublisherAPIImplTest" time="0.198"/>
  <testcase name="generateBundle[4: com.dotcms.publishing.PublisherAPIImplTest$TestAsset@d631515]" classname="com.dotcms.publishing.PublisherAPIImplTest" time="0.171"/>
  <testcase name="generateBundle[5: com.dotcms.publishing.PublisherAPIImplTest$TestAsset@edb306]" classname="com.dotcms.publishing.PublisherAPIImplTest" time="0.119"/>
  <testcase name="generateBundle[6: com.dotcms.publishing.PublisherAPIImplTest$TestAsset@7950d277]" classname="com.dotcms.publishing.PublisherAPIImplTest" time="0.165"/>
  <testcase name="generateBundle[7: com.dotcms.publishing.PublisherAPIImplTest$TestAsset@3191963f]" classname="com.dotcms.publishing.PublisherAPIImplTest" time="0.1"/>
  <testcase name="generateBundle[8: com.dotcms.publishing.PublisherAPIImplTest$TestAsset@24cff6a5]" classname="com.dotcms.publishing.PublisherAPIImplTest" time="0.063"/>
  <testcase name="generateBundle[9: com.dotcms.publishing.PublisherAPIImplTest$TestAsset@495704b9]" classname="com.dotcms.publishing.PublisherAPIImplTest" time="0.234"/>
  <testcase name="generateBundle[10: com.dotcms.publishing.PublisherAPIImplTest$TestAsset@366bb48e]" classname="com.dotcms.publishing.PublisherAPIImplTest" time="0.026"/>
  <system-out><![CDATA[









































































































































































]]></system-out>
  <system-err><![CDATA[]]></system-err>
</testsuite>
