<?xml version="1.0" encoding="UTF-8"?>
<testsuite name="com.dotcms.content.elasticsearch.util.ESMappingUtilHelperTest" tests="12" skipped="0" failures="0" errors="0" timestamp="2023-07-10T23:47:01" hostname="fv-az621-762" time="420.114">
  <properties/>
  <testcase name="Test Name: testValidateNewsLikeMapping. Mapping Name: geomapping" classname="com.dotcms.content.elasticsearch.util.ESMappingUtilHelperTest" time="5.335"/>
  <testcase name="Test Name: testValidateNewsLikeMapping. Mapping Name: geomapping_2" classname="com.dotcms.content.elasticsearch.util.ESMappingUtilHelperTest" time="5.293"/>
  <testcase name="Test Name: testValidateNewsLikeMapping. Mapping Name: keywordmapping" classname="com.dotcms.content.elasticsearch.util.ESMappingUtilHelperTest" time="5.284"/>
  <testcase name="testMappingForDateFields" classname="com.dotcms.content.elasticsearch.util.ESMappingUtilHelperTest" time="117.342"/>
  <testcase name="testAddMappingForFields" classname="com.dotcms.content.elasticsearch.util.ESMappingUtilHelperTest" time="158.062"/>
  <testcase name="testCreateContentIndexWithCustomMappings" classname="com.dotcms.content.elasticsearch.util.ESMappingUtilHelperTest" time="115.596"/>
  <testcase name="Test Name: testValidateFileAssetMapping. Mapping Name: longmapping" classname="com.dotcms.content.elasticsearch.util.ESMappingUtilHelperTest" time="3.407"/>
  <testcase name="Test Name: testValidateFileAssetMapping. Mapping Name: keywordmapping" classname="com.dotcms.content.elasticsearch.util.ESMappingUtilHelperTest" time="4.059"/>
  <testcase name="Test Name: testValidateEventMapping. Mapping Name: template_1" classname="com.dotcms.content.elasticsearch.util.ESMappingUtilHelperTest" time="2.256"/>
  <testcase name="Test Name: testValidateEventMapping. Mapping Name: textmapping" classname="com.dotcms.content.elasticsearch.util.ESMappingUtilHelperTest" time="1.163"/>
  <testcase name="Test Name: testValidateEventMapping. Mapping Name: strings_as_dates" classname="com.dotcms.content.elasticsearch.util.ESMappingUtilHelperTest" time="1.147"/>
  <testcase name="Test Name: testValidateEventMapping. Mapping Name: permissions" classname="com.dotcms.content.elasticsearch.util.ESMappingUtilHelperTest" time="1.169"/>
  <system-out><![CDATA[]]></system-out>
  <system-err><![CDATA[]]></system-err>
</testsuite>
