<?xml version="1.0" encoding="UTF-8"?>
<testsuite name="com.dotmarketing.portlets.structure.model.ContentletRelationshipsTest" tests="7" skipped="0" failures="0" errors="0" timestamp="2023-06-28T00:24:54" hostname="fv-az313-98" time="7.226">
  <properties/>
  <testcase name="testDoesAllowOnlyOne[0: com.dotmarketing.portlets.structure.model.ContentletRelationshipsTest$CardinalityTestCase@6e3f7457]" classname="com.dotmarketing.portlets.structure.model.ContentletRelationshipsTest" time="0.398"/>
  <testcase name="testDoesAllowOnlyOne[1: com.dotmarketing.portlets.structure.model.ContentletRelationshipsTest$CardinalityTestCase@1190eb44]" classname="com.dotmarketing.portlets.structure.model.ContentletRelationshipsTest" time="0.4"/>
  <testcase name="testDoesAllowOnlyOne[2: com.dotmarketing.portlets.structure.model.ContentletRelationshipsTest$CardinalityTestCase@62a967ea]" classname="com.dotmarketing.portlets.structure.model.ContentletRelationshipsTest" time="0.385"/>
  <testcase name="testGetRelationshipRecords[0: com.dotmarketing.portlets.structure.model.ContentletRelationshipsTest$TestCase@270ca248]" classname="com.dotmarketing.portlets.structure.model.ContentletRelationshipsTest" time="1.854"/>
  <testcase name="testGetRelationshipRecords[1: com.dotmarketing.portlets.structure.model.ContentletRelationshipsTest$TestCase@3284e732]" classname="com.dotmarketing.portlets.structure.model.ContentletRelationshipsTest" time="1.82"/>
  <testcase name="testGetRelationshipRecords[2: com.dotmarketing.portlets.structure.model.ContentletRelationshipsTest$TestCase@24d8f0ed]" classname="com.dotmarketing.portlets.structure.model.ContentletRelationshipsTest" time="1.671"/>
  <testcase name="testGetRelationshipRecords[3: com.dotmarketing.portlets.structure.model.ContentletRelationshipsTest$TestCase@de755ab]" classname="com.dotmarketing.portlets.structure.model.ContentletRelationshipsTest" time="0.695"/>
  <system-out><![CDATA[]]></system-out>
  <system-err><![CDATA[]]></system-err>
</testsuite>
