<?xml version="1.0" encoding="UTF-8"?>
<testsuite name="com.dotcms.rest.TagResourceIntegrationTest" tests="4" skipped="0" failures="0" errors="0" timestamp="2023-06-28T00:45:32" hostname="fv-az612-160" time="0.297">
  <properties/>
  <testcase name="testList[0: com.dotcms.rest.TagResourceTestCase@db67d52]" classname="com.dotcms.rest.TagResourceIntegrationTest" time="0.243"/>
  <testcase name="testList[1: com.dotcms.rest.TagResourceTestCase@736001ef]" classname="com.dotcms.rest.TagResourceIntegrationTest" time="0.02"/>
  <testcase name="testList[2: com.dotcms.rest.TagResourceTestCase@8e0799b]" classname="com.dotcms.rest.TagResourceIntegrationTest" time="0.016"/>
  <testcase name="testList[3: com.dotcms.rest.TagResourceTestCase@592aeaf7]" classname="com.dotcms.rest.TagResourceIntegrationTest" time="0.017"/>
  <system-out><![CDATA[]]></system-out>
  <system-err><![CDATA[Jun 28, 2023 12:45:32 AM com.dotcms.repackage.org.hibernate.validator.internal.util.Version <clinit>
INFO: HV000001: Hibernate Validator 4.3.2.Final
]]></system-err>
</testsuite>
