<?xml version="1.0" encoding="UTF-8"?>
<testsuite name="com.dotmarketing.business.web.LanguageWebApiTest" tests="13" skipped="0" failures="0" errors="0" timestamp="2023-07-18T17:07:26" hostname="fv-az370-360" time="0.016">
  <properties/>
  <testcase name="testLangInTimeMachine" classname="com.dotmarketing.business.web.LanguageWebApiTest" time="0.001"/>
  <testcase name="testLangWebKeyParameter" classname="com.dotmarketing.business.web.LanguageWebApiTest" time="0.001"/>
  <testcase name="testLangAttribute" classname="com.dotmarketing.business.web.LanguageWebApiTest" time="0.002"/>
  <testcase name="testShouldReturnDefaultWhenParameterIsNoTRight" classname="com.dotmarketing.business.web.LanguageWebApiTest" time="0.001"/>
  <testcase name="testLanguageIdParameter" classname="com.dotmarketing.business.web.LanguageWebApiTest" time="0.001"/>
  <testcase name="testShouldReturnDefaultWhenIsNotSession" classname="com.dotmarketing.business.web.LanguageWebApiTest" time="0.001"/>
  <testcase name="testLangInSession" classname="com.dotmarketing.business.web.LanguageWebApiTest" time="0.001"/>
  <testcase name="testBadLangWebKeyParameter" classname="com.dotmarketing.business.web.LanguageWebApiTest" time="0.002"/>
  <testcase name="testDefaultLanguage" classname="com.dotmarketing.business.web.LanguageWebApiTest" time="0.001"/>
  <testcase name="testShouldReturnLangFromSession" classname="com.dotmarketing.business.web.LanguageWebApiTest" time="0.001"/>
  <testcase name="testShouldReturnDefaultLangWhenReturnNull" classname="com.dotmarketing.business.web.LanguageWebApiTest" time="0.0"/>
  <testcase name="testSettingMultipleWays" classname="com.dotmarketing.business.web.LanguageWebApiTest" time="0.002"/>
  <testcase name="testShouldReturnParameterLanguage" classname="com.dotmarketing.business.web.LanguageWebApiTest" time="0.0"/>
  <system-out><![CDATA[]]></system-out>
  <system-err><![CDATA[]]></system-err>
</testsuite>
