<?xml version="1.0" encoding="UTF-8"?>
<testsuite name="com.dotmarketing.portlets.structure.model.ContentletRelationshipsTest" tests="7" skipped="0" failures="0" errors="0" timestamp="2023-07-10T22:08:07" hostname="fv-az351-324" time="9.611">
  <properties/>
  <testcase name="testDoesAllowOnlyOne[0: com.dotmarketing.portlets.structure.model.ContentletRelationshipsTest$CardinalityTestCase@aac7270]" classname="com.dotmarketing.portlets.structure.model.ContentletRelationshipsTest" time="0.525"/>
  <testcase name="testDoesAllowOnlyOne[1: com.dotmarketing.portlets.structure.model.ContentletRelationshipsTest$CardinalityTestCase@80a7772]" classname="com.dotmarketing.portlets.structure.model.ContentletRelationshipsTest" time="0.54"/>
  <testcase name="testDoesAllowOnlyOne[2: com.dotmarketing.portlets.structure.model.ContentletRelationshipsTest$CardinalityTestCase@7c174d9a]" classname="com.dotmarketing.portlets.structure.model.ContentletRelationshipsTest" time="0.544"/>
  <testcase name="testGetRelationshipRecords[0: com.dotmarketing.portlets.structure.model.ContentletRelationshipsTest$TestCase@1b2bc98f]" classname="com.dotmarketing.portlets.structure.model.ContentletRelationshipsTest" time="2.082"/>
  <testcase name="testGetRelationshipRecords[1: com.dotmarketing.portlets.structure.model.ContentletRelationshipsTest$TestCase@72fd1768]" classname="com.dotmarketing.portlets.structure.model.ContentletRelationshipsTest" time="2.062"/>
  <testcase name="testGetRelationshipRecords[2: com.dotmarketing.portlets.structure.model.ContentletRelationshipsTest$TestCase@29974fa2]" classname="com.dotmarketing.portlets.structure.model.ContentletRelationshipsTest" time="1.9"/>
  <testcase name="testGetRelationshipRecords[3: com.dotmarketing.portlets.structure.model.ContentletRelationshipsTest$TestCase@6f2abc97]" classname="com.dotmarketing.portlets.structure.model.ContentletRelationshipsTest" time="1.958"/>
  <system-out><![CDATA[]]></system-out>
  <system-err><![CDATA[]]></system-err>
</testsuite>
