<?xml version="1.0" encoding="UTF-8"?>
<testsuite name="com.dotmarketing.portlets.structure.model.ContentletRelationshipsTest" tests="7" skipped="0" failures="0" errors="0" timestamp="2023-06-30T21:53:41" hostname="fv-az455-320" time="7.489">
  <properties/>
  <testcase name="testDoesAllowOnlyOne[0: com.dotmarketing.portlets.structure.model.ContentletRelationshipsTest$CardinalityTestCase@5ad6c374]" classname="com.dotmarketing.portlets.structure.model.ContentletRelationshipsTest" time="0.454"/>
  <testcase name="testDoesAllowOnlyOne[1: com.dotmarketing.portlets.structure.model.ContentletRelationshipsTest$CardinalityTestCase@1608c3bf]" classname="com.dotmarketing.portlets.structure.model.ContentletRelationshipsTest" time="0.431"/>
  <testcase name="testDoesAllowOnlyOne[2: com.dotmarketing.portlets.structure.model.ContentletRelationshipsTest$CardinalityTestCase@b64b24b]" classname="com.dotmarketing.portlets.structure.model.ContentletRelationshipsTest" time="0.384"/>
  <testcase name="testGetRelationshipRecords[0: com.dotmarketing.portlets.structure.model.ContentletRelationshipsTest$TestCase@2d86ea5e]" classname="com.dotmarketing.portlets.structure.model.ContentletRelationshipsTest" time="0.884"/>
  <testcase name="testGetRelationshipRecords[1: com.dotmarketing.portlets.structure.model.ContentletRelationshipsTest$TestCase@412751f9]" classname="com.dotmarketing.portlets.structure.model.ContentletRelationshipsTest" time="1.885"/>
  <testcase name="testGetRelationshipRecords[2: com.dotmarketing.portlets.structure.model.ContentletRelationshipsTest$TestCase@11626759]" classname="com.dotmarketing.portlets.structure.model.ContentletRelationshipsTest" time="1.713"/>
  <testcase name="testGetRelationshipRecords[3: com.dotmarketing.portlets.structure.model.ContentletRelationshipsTest$TestCase@3fba69d4]" classname="com.dotmarketing.portlets.structure.model.ContentletRelationshipsTest" time="1.738"/>
  <system-out><![CDATA[]]></system-out>
  <system-err><![CDATA[]]></system-err>
</testsuite>
