<?xml version="1.0" encoding="UTF-8"?>
<testsuite name="com.dotmarketing.portlets.languagesmanager.business.LanguageAPITest" tests="11" skipped="0" failures="0" errors="0" timestamp="2023-06-26T17:00:55" hostname="fv-az341-169" time="105.302">
  <properties/>
  <testcase name="getStringKey_KeyExistsPropertiesFileAndAsAContent_returnsLanguageVariableContent" classname="com.dotmarketing.portlets.languagesmanager.business.LanguageAPITest" time="1.313"/>
  <testcase name="test_saveLanguage_InvalidLanguage_ShouldThrowException[0: &lt;null&gt;]" classname="com.dotmarketing.portlets.languagesmanager.business.LanguageAPITest" time="0.001"/>
  <testcase name="test_saveLanguage_InvalidLanguage_ShouldThrowException[1: ]" classname="com.dotmarketing.portlets.languagesmanager.business.LanguageAPITest" time="0.001"/>
  <testcase name="test_saveLanguage_InvalidLanguage_ShouldThrowException[2: it]" classname="com.dotmarketing.portlets.languagesmanager.business.LanguageAPITest" time="0.001"/>
  <testcase name="test_saveLanguage_InvalidLanguage_ShouldThrowException[3: -it]" classname="com.dotmarketing.portlets.languagesmanager.business.LanguageAPITest" time="0.0"/>
  <testcase name="getStringsAsMap_returnMap" classname="com.dotmarketing.portlets.languagesmanager.business.LanguageAPITest" time="0.247"/>
  <testcase name="languageCache" classname="com.dotmarketing.portlets.languagesmanager.business.LanguageAPITest" time="0.015"/>
  <testcase name="getStringKey_returnLanguageVariableContent" classname="com.dotmarketing.portlets.languagesmanager.business.LanguageAPITest" time="1.419"/>
  <testcase name="test_deleteLanguage_WithExistingContent_ShouldFail" classname="com.dotmarketing.portlets.languagesmanager.business.LanguageAPITest" time="1.112"/>
  <testcase name="Create_Content_Under_Default_Lang_Make_New_Default_Language_And_Test_Assets_Lang_Transfer" classname="com.dotmarketing.portlets.languagesmanager.business.LanguageAPITest" time="100.063"/>
  <testcase name="getStringKey_returnKey" classname="com.dotmarketing.portlets.languagesmanager.business.LanguageAPITest" time="1.13"/>
  <system-out><![CDATA[]]></system-out>
  <system-err><![CDATA[]]></system-err>
</testsuite>
