<?xml version="1.0" encoding="UTF-8"?>
<testsuite name="com.dotmarketing.portlets.fileassets.business.FileAssetAPIImplIntegrationTest" tests="2" skipped="0" failures="0" errors="0" timestamp="2023-07-19T16:10:30" hostname="fv-az218-51" time="6.626">
  <properties/>
  <testcase name="userWithoutPermission" classname="com.dotmarketing.portlets.fileassets.business.FileAssetAPIImplIntegrationTest" time="2.815"/>
  <testcase name="shouldReturnTwoFiles" classname="com.dotmarketing.portlets.fileassets.business.FileAssetAPIImplIntegrationTest" time="3.811"/>
  <system-out><![CDATA[]]></system-out>
  <system-err><![CDATA[]]></system-err>
</testsuite>
