<?xml version="1.0" encoding="UTF-8"?>
<testsuite name="com.dotmarketing.servlets.ajax.AjaxDirectorServletIntegrationTest" tests="2" skipped="0" failures="0" errors="0" timestamp="2023-07-17T18:02:12" hostname="fv-az168-813" time="2.725">
  <properties/>
  <testcase name="testService[0: com.dotmarketing.servlets.ajax.AjaxDirectorServletTestCase@25d34519]" classname="com.dotmarketing.servlets.ajax.AjaxDirectorServletIntegrationTest" time="1.337"/>
  <testcase name="testService[1: com.dotmarketing.servlets.ajax.AjaxDirectorServletTestCase@95c07ec]" classname="com.dotmarketing.servlets.ajax.AjaxDirectorServletIntegrationTest" time="1.388"/>
  <system-out><![CDATA[]]></system-out>
  <system-err><![CDATA[]]></system-err>
</testsuite>
