<?xml version="1.0" encoding="UTF-8"?>
<testsuite name="com.dotcms.enterprise.publishing.remote.bundler.WorkflowBundlerTest" tests="1" skipped="0" failures="0" errors="0" timestamp="2023-07-01T02:38:01" hostname="fv-az616-461" time="0.011">
  <properties/>
  <testcase name="addWorkflowInBundle[0: com.dotcms.enterprise.publishing.remote.bundler.WorkflowBundlerTest$TestCase@3167e9cb]" classname="com.dotcms.enterprise.publishing.remote.bundler.WorkflowBundlerTest" time="0.011"/>
  <system-out><![CDATA[]]></system-out>
  <system-err><![CDATA[]]></system-err>
</testsuite>
