<?xml version="1.0" encoding="UTF-8"?>
<testsuite name="com.dotcms.graphql.business.GraphqlAPITest" tests="49" skipped="0" failures="0" errors="0" timestamp="2023-06-30T17:38:36" hostname="fv-az450-908" time="27.873">
  <properties/>
  <testcase name="testGetSchema_FieldOperations[0: &lt;null&gt;]" classname="com.dotcms.graphql.business.GraphqlAPITest" time="1.941"/>
  <testcase name="testGetSchema_FieldOperations[1: &lt;null&gt;]" classname="com.dotcms.graphql.business.GraphqlAPITest" time="0.528"/>
  <testcase name="testGetSchema_FieldOperations[2: &lt;null&gt;]" classname="com.dotcms.graphql.business.GraphqlAPITest" time="0.266"/>
  <testcase name="testGetSchema_FieldOperations[3: &lt;null&gt;]" classname="com.dotcms.graphql.business.GraphqlAPITest" time="0.261"/>
  <testcase name="testGetSchema_FieldOperations[4: &lt;null&gt;]" classname="com.dotcms.graphql.business.GraphqlAPITest" time="0.365"/>
  <testcase name="testGetSchema_FieldOperations[5: &lt;null&gt;]" classname="com.dotcms.graphql.business.GraphqlAPITest" time="0.463"/>
  <testcase name="testGetSchema_FieldOperations[6: &lt;null&gt;]" classname="com.dotcms.graphql.business.GraphqlAPITest" time="0.258"/>
  <testcase name="testGetSchema_FieldOperations[7: &lt;null&gt;]" classname="com.dotcms.graphql.business.GraphqlAPITest" time="0.239"/>
  <testcase name="testGetSchema_FieldOperations[8: &lt;null&gt;]" classname="com.dotcms.graphql.business.GraphqlAPITest" time="0.4"/>
  <testcase name="testGetSchema_FieldOperations[9: &lt;null&gt;]" classname="com.dotcms.graphql.business.GraphqlAPITest" time="0.388"/>
  <testcase name="testGetSchema_FieldOperations[10: &lt;null&gt;]" classname="com.dotcms.graphql.business.GraphqlAPITest" time="0.252"/>
  <testcase name="testGetSchema_FieldOperations[11: &lt;null&gt;]" classname="com.dotcms.graphql.business.GraphqlAPITest" time="0.228"/>
  <testcase name="testGetSchema_FieldOperations[12: &lt;null&gt;]" classname="com.dotcms.graphql.business.GraphqlAPITest" time="0.226"/>
  <testcase name="testGetSchema_FieldOperations[13: &lt;null&gt;]" classname="com.dotcms.graphql.business.GraphqlAPITest" time="0.394"/>
  <testcase name="testGetSchema_FieldOperations[14: &lt;null&gt;]" classname="com.dotcms.graphql.business.GraphqlAPITest" time="0.401"/>
  <testcase name="testGetSchema_FieldOperations[15: &lt;null&gt;]" classname="com.dotcms.graphql.business.GraphqlAPITest" time="0.231"/>
  <testcase name="testGetSchema_FieldOperations[16: &lt;null&gt;]" classname="com.dotcms.graphql.business.GraphqlAPITest" time="0.243"/>
  <testcase name="testGetSchema_FieldOperations[17: &lt;null&gt;]" classname="com.dotcms.graphql.business.GraphqlAPITest" time="0.308"/>
  <testcase name="testGetSchema_FieldOperations[18: &lt;null&gt;]" classname="com.dotcms.graphql.business.GraphqlAPITest" time="0.268"/>
  <testcase name="testGetSchema_GivenEmptyCache_SchemaShouldGenerate" classname="com.dotcms.graphql.business.GraphqlAPITest" time="0.14"/>
  <testcase name="testGetSchema_GivenFailuresInRelationshipField_SchemaShouldStillGenerate" classname="com.dotcms.graphql.business.GraphqlAPITest" time="1.946"/>
  <testcase name="testGetSchema_GivenFilledCache_SchemaShouldNotGenerate" classname="com.dotcms.graphql.business.GraphqlAPITest" time="0.119"/>
  <testcase name="testGetSchema_GivenNoEELicense_EnterpriseBaseTypeCollectionsShouldNOTBeAvailableInSchema[0: FORM]" classname="com.dotcms.graphql.business.GraphqlAPITest" time="0.261"/>
  <testcase name="testGetSchema_GivenNoEELicense_EnterpriseBaseTypeCollectionsShouldNOTBeAvailableInSchema[1: PERSONA]" classname="com.dotcms.graphql.business.GraphqlAPITest" time="0.325"/>
  <testcase name="testGetSchema_BothSidedRelationshipFields[0: ONE_TO_MANY]" classname="com.dotcms.graphql.business.GraphqlAPITest" time="0.525"/>
  <testcase name="testGetSchema_BothSidedRelationshipFields[1: MANY_TO_MANY]" classname="com.dotcms.graphql.business.GraphqlAPITest" time="0.439"/>
  <testcase name="testGetSchema_BothSidedRelationshipFields[2: ONE_TO_ONE]" classname="com.dotcms.graphql.business.GraphqlAPITest" time="0.496"/>
  <testcase name="testGetSchema_BothSidedRelationshipFields[3: MANY_TO_ONE]" classname="com.dotcms.graphql.business.GraphqlAPITest" time="0.423"/>
  <testcase name="testGetSchema_GivenEELicense_EnterpriseBaseTypeCollectionsShouldBeAvailableInSchema[0: FORM]" classname="com.dotcms.graphql.business.GraphqlAPITest" time="0.224"/>
  <testcase name="testGetSchema_GivenEELicense_EnterpriseBaseTypeCollectionsShouldBeAvailableInSchema[1: PERSONA]" classname="com.dotcms.graphql.business.GraphqlAPITest" time="0.293"/>
  <testcase name="testGetSchema_ContentTypeOperations: Given Content BaseType, Should Create Type" classname="com.dotcms.graphql.business.GraphqlAPITest" time="0.218"/>
  <testcase name="testGetSchema_ContentTypeOperations: Given Widget BaseType, Should Create Type" classname="com.dotcms.graphql.business.GraphqlAPITest" time="0.415"/>
  <testcase name="testGetSchema_ContentTypeOperations: Given FORM BaseType, Should Create Type" classname="com.dotcms.graphql.business.GraphqlAPITest" time="0.238"/>
  <testcase name="testGetSchema_ContentTypeOperations: Given FILEASSET BaseType, Should Create Type" classname="com.dotcms.graphql.business.GraphqlAPITest" time="0.378"/>
  <testcase name="testGetSchema_ContentTypeOperations: Given HTMLPAGE BaseType, Should Create Type" classname="com.dotcms.graphql.business.GraphqlAPITest" time="0.921"/>
  <testcase name="testGetSchema_ContentTypeOperations: Given PERSONA BaseType, Should Create Type" classname="com.dotcms.graphql.business.GraphqlAPITest" time="0.549"/>
  <testcase name="testGetSchema_ContentTypeOperations: Given VANITY_URL BaseType, Should Create Type" classname="com.dotcms.graphql.business.GraphqlAPITest" time="0.651"/>
  <testcase name="testGetSchema_ContentTypeOperations: Given KEY_VALUE BaseType, Should Create Type" classname="com.dotcms.graphql.business.GraphqlAPITest" time="0.403"/>
  <testcase name="testGetSchema_ContentTypeOperations: Given existing CONTENT BaseType, Should Delete Type" classname="com.dotcms.graphql.business.GraphqlAPITest" time="0.233"/>
  <testcase name="testGetSchema_ContentTypeOperations: Given existing WIDGET BaseType, Should Delete Type" classname="com.dotcms.graphql.business.GraphqlAPITest" time="0.815"/>
  <testcase name="testGetSchema_ContentTypeOperations: Given existing FORM BaseType, Should Delete Type" classname="com.dotcms.graphql.business.GraphqlAPITest" time="0.324"/>
  <testcase name="testGetSchema_ContentTypeOperations: Given existing FILEASSET BaseType, Should Delete Type" classname="com.dotcms.graphql.business.GraphqlAPITest" time="0.588"/>
  <testcase name="testGetSchema_ContentTypeOperations: Given existing HTMLPAGE BaseType, Should Delete Type" classname="com.dotcms.graphql.business.GraphqlAPITest" time="1.722"/>
  <testcase name="testGetSchema_ContentTypeOperations: Given existing PERSONA BaseType, Should Delete Type" classname="com.dotcms.graphql.business.GraphqlAPITest" time="0.971"/>
  <testcase name="testGetSchema_ContentTypeOperations: Given existing VANITY_URL BaseType, Should Delete Type" classname="com.dotcms.graphql.business.GraphqlAPITest" time="1.133"/>
  <testcase name="testGetSchema_ContentTypeOperations: Given existing KEY_VALUE BaseType, Should Delete Type" classname="com.dotcms.graphql.business.GraphqlAPITest" time="0.644"/>
  <testcase name="testGetSchema_GivenNoEELicense_EnterpriseTypesShouldNotBeAvailableInSchema" classname="com.dotcms.graphql.business.GraphqlAPITest" time="2.331"/>
  <testcase name="testGetSchema_WhenFieldDeleted_ShouldNotBeAvailableInSchema" classname="com.dotcms.graphql.business.GraphqlAPITest" time="1.498"/>
  <testcase name="testAvailableGraphQLFieldsOnImageAndFileFields" classname="com.dotcms.graphql.business.GraphqlAPITest" time="0.982"/>
  <system-out><![CDATA[]]></system-out>
  <system-err><![CDATA[]]></system-err>
</testsuite>
