<?xml version="1.0" encoding="UTF-8"?>
<testsuite name="com.dotmarketing.servlets.ajax.AjaxDirectorServletIntegrationTest" tests="2" skipped="0" failures="0" errors="0" timestamp="2023-06-28T20:53:03" hostname="fv-az577-630" time="4.163">
  <properties/>
  <testcase name="testService[0: com.dotmarketing.servlets.ajax.AjaxDirectorServletTestCase@731c7c22]" classname="com.dotmarketing.servlets.ajax.AjaxDirectorServletIntegrationTest" time="2.295"/>
  <testcase name="testService[1: com.dotmarketing.servlets.ajax.AjaxDirectorServletTestCase@58b95cf9]" classname="com.dotmarketing.servlets.ajax.AjaxDirectorServletIntegrationTest" time="1.868"/>
  <system-out><![CDATA[]]></system-out>
  <system-err><![CDATA[]]></system-err>
</testsuite>
