<?xml version="1.0" encoding="UTF-8"?>
<testsuite name="com.dotcms.rest.TagResourceIntegrationTest" tests="4" skipped="0" failures="0" errors="0" timestamp="2023-06-28T16:58:41" hostname="fv-az842-670" time="0.337">
  <properties/>
  <testcase name="testList[0: com.dotcms.rest.TagResourceTestCase@2abc1fc8]" classname="com.dotcms.rest.TagResourceIntegrationTest" time="0.255"/>
  <testcase name="testList[1: com.dotcms.rest.TagResourceTestCase@5293485e]" classname="com.dotcms.rest.TagResourceIntegrationTest" time="0.03"/>
  <testcase name="testList[2: com.dotcms.rest.TagResourceTestCase@7af19ae5]" classname="com.dotcms.rest.TagResourceIntegrationTest" time="0.023"/>
  <testcase name="testList[3: com.dotcms.rest.TagResourceTestCase@1fcdcb2a]" classname="com.dotcms.rest.TagResourceIntegrationTest" time="0.028"/>
  <system-out><![CDATA[]]></system-out>
  <system-err><![CDATA[Jun 28, 2023 4:58:41 PM com.dotcms.repackage.org.hibernate.validator.internal.util.Version <clinit>
INFO: HV000001: Hibernate Validator 4.3.2.Final
]]></system-err>
</testsuite>
