<?xml version="1.0" encoding="UTF-8"?>
<testsuite name="com.dotcms.contenttype.test.DotAssetAPITest" tests="1" skipped="0" failures="0" errors="0" timestamp="2023-06-28T19:58:49" hostname="fv-az851-777" time="1.054">
  <properties/>
  <testcase name="test_try_match" classname="com.dotcms.contenttype.test.DotAssetAPITest" time="1.054"/>
  <system-out><![CDATA[]]></system-out>
  <system-err><![CDATA[]]></system-err>
</testsuite>
