<?xml version="1.0" encoding="UTF-8"?>
<testsuite name="com.dotcms.publisher.business.PublisherTest" tests="4" skipped="0" failures="0" errors="0" timestamp="2023-07-18T19:23:30" hostname="fv-az344-517" time="11.902">
  <properties/>
  <testcase name="testPushArchivedAndMultiLanguageContent" classname="com.dotcms.publisher.business.PublisherTest" time="6.258"/>
  <testcase name="testPushContentWithUniqueField" classname="com.dotcms.publisher.business.PublisherTest" time="2.256"/>
  <testcase name="dontAutoPublishContentWithoutPublishDate" classname="com.dotcms.publisher.business.PublisherTest" time="1.289"/>
  <testcase name="test_Create_folderpage_Push_page_Remove_folderpush_Create_page_Push_page_SameBundle_shouldbe_created" classname="com.dotcms.publisher.business.PublisherTest" time="2.099"/>
  <system-out><![CDATA[


]]></system-out>
  <system-err><![CDATA[]]></system-err>
</testsuite>
