<?xml version="1.0" encoding="UTF-8"?>
<testsuite name="com.dotcms.rendering.velocity.viewtools.content.StoryBlockTest" tests="1" skipped="0" failures="0" errors="0" timestamp="2023-06-23T19:45:01" hostname="fv-az507-453" time="0.444">
  <properties/>
  <testcase name="testTransformingWysiwygIntoStoryBlock" classname="com.dotcms.rendering.velocity.viewtools.content.StoryBlockTest" time="0.444"/>
  <system-out><![CDATA[]]></system-out>
  <system-err><![CDATA[]]></system-err>
</testsuite>
