<?xml version="1.0" encoding="UTF-8"?>
<testsuite name="com.dotcms.rest.TagResourceIntegrationTest" tests="4" skipped="0" failures="0" errors="0" timestamp="2023-07-14T01:14:07" hostname="fv-az493-156" time="0.284">
  <properties/>
  <testcase name="testList[0: com.dotcms.rest.TagResourceTestCase@5bbd3765]" classname="com.dotcms.rest.TagResourceIntegrationTest" time="0.225"/>
  <testcase name="testList[1: com.dotcms.rest.TagResourceTestCase@32d72e2b]" classname="com.dotcms.rest.TagResourceIntegrationTest" time="0.025"/>
  <testcase name="testList[2: com.dotcms.rest.TagResourceTestCase@54ce9a1c]" classname="com.dotcms.rest.TagResourceIntegrationTest" time="0.015"/>
  <testcase name="testList[3: com.dotcms.rest.TagResourceTestCase@54ae08d5]" classname="com.dotcms.rest.TagResourceIntegrationTest" time="0.017"/>
  <system-out><![CDATA[]]></system-out>
  <system-err><![CDATA[Jul 14, 2023 1:14:07 AM com.dotcms.repackage.org.hibernate.validator.internal.util.Version <clinit>
INFO: HV000001: Hibernate Validator 4.3.2.Final
]]></system-err>
</testsuite>
