<?xml version="1.0" encoding="UTF-8"?>
<testsuite name="com.dotmarketing.portlets.containers.business.ContainerAPIImplTest" tests="20" skipped="0" failures="0" errors="0" timestamp="2023-06-28T03:35:54" hostname="fv-az1032-241" time="87.3">
  <properties/>
  <testcase name="whenFindFileContainerByAbsolutePathAndExistsInCurrentHost" classname="com.dotmarketing.portlets.containers.business.ContainerAPIImplTest" time="8.652"/>
  <testcase name="test_get_live_not_found" classname="com.dotmarketing.portlets.containers.business.ContainerAPIImplTest" time="0.004"/>
  <testcase name="whenFindContainerByIdAndUserNotHasPermission" classname="com.dotmarketing.portlets.containers.business.ContainerAPIImplTest" time="7.905"/>
  <testcase name="test_get_container_by_folder_found" classname="com.dotmarketing.portlets.containers.business.ContainerAPIImplTest" time="6.996"/>
  <testcase name="whenFindPublishContainerByIdAndExistsAndLiveTrue" classname="com.dotmarketing.portlets.containers.business.ContainerAPIImplTest" time="0.312"/>
  <testcase name="whenFindPublishContainerByIdAndExistsAndLiveFalse" classname="com.dotmarketing.portlets.containers.business.ContainerAPIImplTest" time="1.005"/>
  <testcase name="test_find_all_containers_success" classname="com.dotmarketing.portlets.containers.business.ContainerAPIImplTest" time="6.575"/>
  <testcase name="whenFindFileContainerByAbsolutePathAndExists" classname="com.dotmarketing.portlets.containers.business.ContainerAPIImplTest" time="7.168"/>
  <testcase name="whenFindFileContainerByRelativePathAndNotExists" classname="com.dotmarketing.portlets.containers.business.ContainerAPIImplTest" time="0.0"/>
  <testcase name="whenFindPublishedFileContainerByAbsolutePathAndExists" classname="com.dotmarketing.portlets.containers.business.ContainerAPIImplTest" time="7.304"/>
  <testcase name="test_getContainerByFolder_cache" classname="com.dotmarketing.portlets.containers.business.ContainerAPIImplTest" time="1.154"/>
  <testcase name="test_containerapi_find_by_inode" classname="com.dotmarketing.portlets.containers.business.ContainerAPIImplTest" time="0.969"/>
  <testcase name="getContentTypesInContainer" classname="com.dotmarketing.portlets.containers.business.ContainerAPIImplTest" time="3.999"/>
  <testcase name="test_find_container_not_found" classname="com.dotmarketing.portlets.containers.business.ContainerAPIImplTest" time="1.01"/>
  <testcase name="whenFindContainerByIdAndExists" classname="com.dotmarketing.portlets.containers.business.ContainerAPIImplTest" time="0.011"/>
  <testcase name="whenUserNotHavePermissionInDefaultHost" classname="com.dotmarketing.portlets.containers.business.ContainerAPIImplTest" time="8.884"/>
  <testcase name="test_get_working_found" classname="com.dotmarketing.portlets.containers.business.ContainerAPIImplTest" time="7.164"/>
  <testcase name="whenFindFileContainerByAbsolutePathAndExistsInDefaultHost" classname="com.dotmarketing.portlets.containers.business.ContainerAPIImplTest" time="8.024"/>
  <testcase name="whenUserNotHavePermissionInCurrentHost" classname="com.dotmarketing.portlets.containers.business.ContainerAPIImplTest" time="10.162"/>
  <testcase name="whenFindContainerByIdAndNotExists" classname="com.dotmarketing.portlets.containers.business.ContainerAPIImplTest" time="0.001"/>
  <system-out><![CDATA[]]></system-out>
  <system-err><![CDATA[]]></system-err>
</testsuite>
