<?xml version="1.0" encoding="UTF-8"?>
<testsuite name="com.dotmarketing.business.portal.PortletAPIImplTest" tests="12" skipped="0" failures="0" errors="0" timestamp="2023-06-23T18:11:10" hostname="fv-az646-389" time="1.696">
  <properties/>
  <testcase name="test_delete_portlet" classname="com.dotmarketing.business.portal.PortletAPIImplTest" time="0.361"/>
  <testcase name="test_createCustomPortlet[0: com.dotmarketing.business.portal.PortletAPIImplTest$testCaseCreateCustomPortlet@7b56a300]" classname="com.dotmarketing.business.portal.PortletAPIImplTest" time="0.211"/>
  <testcase name="test_createCustomPortlet[1: com.dotmarketing.business.portal.PortletAPIImplTest$testCaseCreateCustomPortlet@306f08d]" classname="com.dotmarketing.business.portal.PortletAPIImplTest" time="0.237"/>
  <testcase name="test_createCustomPortlet[2: com.dotmarketing.business.portal.PortletAPIImplTest$testCaseCreateCustomPortlet@3c2614bc]" classname="com.dotmarketing.business.portal.PortletAPIImplTest" time="0.205"/>
  <testcase name="test_createCustomPortlet[3: com.dotmarketing.business.portal.PortletAPIImplTest$testCaseCreateCustomPortlet@2a88af4b]" classname="com.dotmarketing.business.portal.PortletAPIImplTest" time="0.192"/>
  <testcase name="test_createCustomPortlet[4: com.dotmarketing.business.portal.PortletAPIImplTest$testCaseCreateCustomPortlet@648857b9]" classname="com.dotmarketing.business.portal.PortletAPIImplTest" time="0.001"/>
  <testcase name="test_createCustomPortlet[5: com.dotmarketing.business.portal.PortletAPIImplTest$testCaseCreateCustomPortlet@503e513d]" classname="com.dotmarketing.business.portal.PortletAPIImplTest" time="0.019"/>
  <testcase name="test_createCustomPortlet[6: com.dotmarketing.business.portal.PortletAPIImplTest$testCaseCreateCustomPortlet@5c313c72]" classname="com.dotmarketing.business.portal.PortletAPIImplTest" time="0.02"/>
  <testcase name="test_createCustomPortlet[7: com.dotmarketing.business.portal.PortletAPIImplTest$testCaseCreateCustomPortlet@332c3248]" classname="com.dotmarketing.business.portal.PortletAPIImplTest" time="0.019"/>
  <testcase name="test_createCustomPortlet[8: com.dotmarketing.business.portal.PortletAPIImplTest$testCaseCreateCustomPortlet@15bf8e0b]" classname="com.dotmarketing.business.portal.PortletAPIImplTest" time="0.021"/>
  <testcase name="test_findPortlet" classname="com.dotmarketing.business.portal.PortletAPIImplTest" time="0.205"/>
  <testcase name="test_findAllPortlets" classname="com.dotmarketing.business.portal.PortletAPIImplTest" time="0.199"/>
  <system-out><![CDATA[]]></system-out>
  <system-err><![CDATA[]]></system-err>
</testsuite>
