<?xml version="1.0" encoding="UTF-8"?>
<testsuite name="com.dotcms.rest.TagResourceIntegrationTest" tests="4" skipped="0" failures="0" errors="0" timestamp="2023-06-27T16:02:21" hostname="fv-az560-754" time="0.29">
  <properties/>
  <testcase name="testList[0: com.dotcms.rest.TagResourceTestCase@6debeff3]" classname="com.dotcms.rest.TagResourceIntegrationTest" time="0.232"/>
  <testcase name="testList[1: com.dotcms.rest.TagResourceTestCase@261ff631]" classname="com.dotcms.rest.TagResourceIntegrationTest" time="0.018"/>
  <testcase name="testList[2: com.dotcms.rest.TagResourceTestCase@1b9f7938]" classname="com.dotcms.rest.TagResourceIntegrationTest" time="0.015"/>
  <testcase name="testList[3: com.dotcms.rest.TagResourceTestCase@288cccfb]" classname="com.dotcms.rest.TagResourceIntegrationTest" time="0.024"/>
  <system-out><![CDATA[]]></system-out>
  <system-err><![CDATA[Jun 27, 2023 4:02:21 PM com.dotcms.repackage.org.hibernate.validator.internal.util.Version <clinit>
INFO: HV000001: Hibernate Validator 4.3.2.Final
]]></system-err>
</testsuite>
