<?xml version="1.0" encoding="UTF-8"?>
<testsuite name="com.dotmarketing.portlets.structure.model.ContentletRelationshipsTest" tests="7" skipped="0" failures="0" errors="0" timestamp="2023-07-12T00:04:00" hostname="fv-az461-329" time="9.46">
  <properties/>
  <testcase name="testDoesAllowOnlyOne[0: com.dotmarketing.portlets.structure.model.ContentletRelationshipsTest$CardinalityTestCase@32050a63]" classname="com.dotmarketing.portlets.structure.model.ContentletRelationshipsTest" time="0.516"/>
  <testcase name="testDoesAllowOnlyOne[1: com.dotmarketing.portlets.structure.model.ContentletRelationshipsTest$CardinalityTestCase@433a5b97]" classname="com.dotmarketing.portlets.structure.model.ContentletRelationshipsTest" time="0.51"/>
  <testcase name="testDoesAllowOnlyOne[2: com.dotmarketing.portlets.structure.model.ContentletRelationshipsTest$CardinalityTestCase@1bbc091d]" classname="com.dotmarketing.portlets.structure.model.ContentletRelationshipsTest" time="0.533"/>
  <testcase name="testGetRelationshipRecords[0: com.dotmarketing.portlets.structure.model.ContentletRelationshipsTest$TestCase@257fb042]" classname="com.dotmarketing.portlets.structure.model.ContentletRelationshipsTest" time="2.081"/>
  <testcase name="testGetRelationshipRecords[1: com.dotmarketing.portlets.structure.model.ContentletRelationshipsTest$TestCase@3fb3e09c]" classname="com.dotmarketing.portlets.structure.model.ContentletRelationshipsTest" time="2.007"/>
  <testcase name="testGetRelationshipRecords[2: com.dotmarketing.portlets.structure.model.ContentletRelationshipsTest$TestCase@2e44e21e]" classname="com.dotmarketing.portlets.structure.model.ContentletRelationshipsTest" time="1.924"/>
  <testcase name="testGetRelationshipRecords[3: com.dotmarketing.portlets.structure.model.ContentletRelationshipsTest$TestCase@554bf22a]" classname="com.dotmarketing.portlets.structure.model.ContentletRelationshipsTest" time="1.889"/>
  <system-out><![CDATA[]]></system-out>
  <system-err><![CDATA[]]></system-err>
</testsuite>
