<?xml version="1.0" encoding="UTF-8"?>
<testsuite name="com.dotcms.rest.elasticsearch.ESContentResourcePortletTest" tests="8" skipped="0" failures="0" errors="0" timestamp="2023-07-17T20:55:27" hostname="fv-az1032-957" time="8.732">
  <properties/>
  <testcase name="test_search_includeGrandChildCategory_success" classname="com.dotcms.rest.elasticsearch.ESContentResourcePortletTest" time="1.332"/>
  <testcase name="testSearch[0: com.dotcms.rest.elasticsearch.ESContentResourcePortletTest$TestCase@59276cdd]" classname="com.dotcms.rest.elasticsearch.ESContentResourcePortletTest" time="0.906"/>
  <testcase name="testSearch[1: com.dotcms.rest.elasticsearch.ESContentResourcePortletTest$TestCase@75d84fe6]" classname="com.dotcms.rest.elasticsearch.ESContentResourcePortletTest" time="1.236"/>
  <testcase name="testSearch[2: com.dotcms.rest.elasticsearch.ESContentResourcePortletTest$TestCase@3f0ccdd4]" classname="com.dotcms.rest.elasticsearch.ESContentResourcePortletTest" time="0.943"/>
  <testcase name="testSearch[3: com.dotcms.rest.elasticsearch.ESContentResourcePortletTest$TestCase@4f953c1e]" classname="com.dotcms.rest.elasticsearch.ESContentResourcePortletTest" time="1.212"/>
  <testcase name="testSearch[4: com.dotcms.rest.elasticsearch.ESContentResourcePortletTest$TestCase@2d36e0b5]" classname="com.dotcms.rest.elasticsearch.ESContentResourcePortletTest" time="1.195"/>
  <testcase name="testSearch[5: com.dotcms.rest.elasticsearch.ESContentResourcePortletTest$TestCase@1a263d8a]" classname="com.dotcms.rest.elasticsearch.ESContentResourcePortletTest" time="0.984"/>
  <testcase name="testSearch[6: com.dotcms.rest.elasticsearch.ESContentResourcePortletTest$TestCase@439d2177]" classname="com.dotcms.rest.elasticsearch.ESContentResourcePortletTest" time="0.923"/>
  <system-out><![CDATA[]]></system-out>
  <system-err><![CDATA[]]></system-err>
</testsuite>
