<?xml version="1.0" encoding="UTF-8"?>
<testsuite name="com.dotmarketing.tag.business.TagAPITest" tests="27" skipped="0" failures="0" errors="0" timestamp="2023-07-06T21:39:18" hostname="fv-az440-292" time="30.408">
  <properties/>
  <testcase name="removeTagRelationAndTagWhenPossible" classname="com.dotmarketing.tag.business.TagAPITest" time="3.373"/>
  <testcase name="updateTag" classname="com.dotmarketing.tag.business.TagAPITest" time="0.009"/>
  <testcase name="editTag" classname="com.dotmarketing.tag.business.TagAPITest" time="0.004"/>
  <testcase name="validateTagCache" classname="com.dotmarketing.tag.business.TagAPITest" time="3.26"/>
  <testcase name="addTagInode" classname="com.dotmarketing.tag.business.TagAPITest" time="3.292"/>
  <testcase name="getTagsByInode" classname="com.dotmarketing.tag.business.TagAPITest" time="3.2"/>
  <testcase name="addTag" classname="com.dotmarketing.tag.business.TagAPITest" time="0.006"/>
  <testcase name="updateTagReferences" classname="com.dotmarketing.tag.business.TagAPITest" time="2.339"/>
  <testcase name="getTagInodesByInode" classname="com.dotmarketing.tag.business.TagAPITest" time="3.362"/>
  <testcase name="getTagInodesByTagId" classname="com.dotmarketing.tag.business.TagAPITest" time="3.401"/>
  <testcase name="getTagsForUserByUserId" classname="com.dotmarketing.tag.business.TagAPITest" time="0.007"/>
  <testcase name="getTagsInText" classname="com.dotmarketing.tag.business.TagAPITest" time="0.008"/>
  <testcase name="validatePersonaTags" classname="com.dotmarketing.tag.business.TagAPITest" time="1.605"/>
  <testcase name="deleteTag" classname="com.dotmarketing.tag.business.TagAPITest" time="0.009"/>
  <testcase name="getTagAndCreate" classname="com.dotmarketing.tag.business.TagAPITest" time="0.002"/>
  <testcase name="getFilteredTags" classname="com.dotmarketing.tag.business.TagAPITest" time="0.002"/>
  <testcase name="getAllTags" classname="com.dotmarketing.tag.business.TagAPITest" time="0.01"/>
  <testcase name="getTagByTagId" classname="com.dotmarketing.tag.business.TagAPITest" time="0.001"/>
  <testcase name="getTagsForUserByUserInode" classname="com.dotmarketing.tag.business.TagAPITest" time="0.004"/>
  <testcase name="testGetTagsByHostId_returnAllTagsOfAHost" classname="com.dotmarketing.tag.business.TagAPITest" time="0.001"/>
  <testcase name="getTagByNameAndHost" classname="com.dotmarketing.tag.business.TagAPITest" time="0.003"/>
  <testcase name="getTagByName" classname="com.dotmarketing.tag.business.TagAPITest" time="0.013"/>
  <testcase name="getTagInode" classname="com.dotmarketing.tag.business.TagAPITest" time="3.204"/>
  <testcase name="deleteTagInode" classname="com.dotmarketing.tag.business.TagAPITest" time="3.26"/>
  <testcase name="getSuggestedTag" classname="com.dotmarketing.tag.business.TagAPITest" time="0.021"/>
  <testcase name="saveTag" classname="com.dotmarketing.tag.business.TagAPITest" time="0.005"/>
  <testcase name="getTagsInText_givenTagWithPersonaSuffix_shouldNotCreateDup" classname="com.dotmarketing.tag.business.TagAPITest" time="0.003"/>
  <system-out><![CDATA[]]></system-out>
  <system-err><![CDATA[]]></system-err>
</testsuite>
