<?xml version="1.0" encoding="UTF-8"?>
<testsuite name="com.dotcms.rest.api.v1.vtl.VTLResourceIntegrationTest" tests="6" skipped="0" failures="0" errors="0" timestamp="2023-07-01T01:50:00" hostname="fv-az616-461" time="12.062">
  <properties/>
  <testcase name="testGet[0: com.dotcms.rest.api.v1.vtl.VTLResourceTestCase@61218451]" classname="com.dotcms.rest.api.v1.vtl.VTLResourceIntegrationTest" time="2.238"/>
  <testcase name="testGet[1: com.dotcms.rest.api.v1.vtl.VTLResourceTestCase@293384cd]" classname="com.dotcms.rest.api.v1.vtl.VTLResourceIntegrationTest" time="1.872"/>
  <testcase name="testGet[2: com.dotcms.rest.api.v1.vtl.VTLResourceTestCase@13847e63]" classname="com.dotcms.rest.api.v1.vtl.VTLResourceIntegrationTest" time="1.999"/>
  <testcase name="testGet[3: com.dotcms.rest.api.v1.vtl.VTLResourceTestCase@648b2b72]" classname="com.dotcms.rest.api.v1.vtl.VTLResourceIntegrationTest" time="2.04"/>
  <testcase name="testGet[4: com.dotcms.rest.api.v1.vtl.VTLResourceTestCase@9e538be]" classname="com.dotcms.rest.api.v1.vtl.VTLResourceIntegrationTest" time="1.994"/>
  <testcase name="testGet[5: com.dotcms.rest.api.v1.vtl.VTLResourceTestCase@3c45d0a3]" classname="com.dotcms.rest.api.v1.vtl.VTLResourceIntegrationTest" time="1.919"/>
  <system-out><![CDATA[]]></system-out>
  <system-err><![CDATA[]]></system-err>
</testsuite>
