<?xml version="1.0" encoding="UTF-8"?>
<testsuite name="com.dotcms.rest.api.v1.vtl.VTLResourceIntegrationTest" tests="6" skipped="0" failures="0" errors="0" timestamp="2023-06-27T21:03:57" hostname="fv-az338-385" time="12.447">
  <properties/>
  <testcase name="testGet[0: com.dotcms.rest.api.v1.vtl.VTLResourceTestCase@554fcb33]" classname="com.dotcms.rest.api.v1.vtl.VTLResourceIntegrationTest" time="2.587"/>
  <testcase name="testGet[1: com.dotcms.rest.api.v1.vtl.VTLResourceTestCase@287d897c]" classname="com.dotcms.rest.api.v1.vtl.VTLResourceIntegrationTest" time="2.032"/>
  <testcase name="testGet[2: com.dotcms.rest.api.v1.vtl.VTLResourceTestCase@4ea22e56]" classname="com.dotcms.rest.api.v1.vtl.VTLResourceIntegrationTest" time="2.025"/>
  <testcase name="testGet[3: com.dotcms.rest.api.v1.vtl.VTLResourceTestCase@3832a463]" classname="com.dotcms.rest.api.v1.vtl.VTLResourceIntegrationTest" time="1.836"/>
  <testcase name="testGet[4: com.dotcms.rest.api.v1.vtl.VTLResourceTestCase@138fe605]" classname="com.dotcms.rest.api.v1.vtl.VTLResourceIntegrationTest" time="1.917"/>
  <testcase name="testGet[5: com.dotcms.rest.api.v1.vtl.VTLResourceTestCase@57fdab61]" classname="com.dotcms.rest.api.v1.vtl.VTLResourceIntegrationTest" time="2.05"/>
  <system-out><![CDATA[]]></system-out>
  <system-err><![CDATA[]]></system-err>
</testsuite>
