<?xml version="1.0" encoding="UTF-8"?>
<testsuite name="com.dotcms.rest.api.v1.vtl.VTLResourceIntegrationTest" tests="6" skipped="0" failures="0" errors="0" timestamp="2023-07-21T15:42:14" hostname="fv-az453-320" time="14.013">
  <properties/>
  <testcase name="testGet[0: com.dotcms.rest.api.v1.vtl.VTLResourceTestCase@55e12cc8]" classname="com.dotcms.rest.api.v1.vtl.VTLResourceIntegrationTest" time="2.254"/>
  <testcase name="testGet[1: com.dotcms.rest.api.v1.vtl.VTLResourceTestCase@784e6e93]" classname="com.dotcms.rest.api.v1.vtl.VTLResourceIntegrationTest" time="2.89"/>
  <testcase name="testGet[2: com.dotcms.rest.api.v1.vtl.VTLResourceTestCase@4736daae]" classname="com.dotcms.rest.api.v1.vtl.VTLResourceIntegrationTest" time="1.957"/>
  <testcase name="testGet[3: com.dotcms.rest.api.v1.vtl.VTLResourceTestCase@5104621b]" classname="com.dotcms.rest.api.v1.vtl.VTLResourceIntegrationTest" time="2.221"/>
  <testcase name="testGet[4: com.dotcms.rest.api.v1.vtl.VTLResourceTestCase@ddf939f]" classname="com.dotcms.rest.api.v1.vtl.VTLResourceIntegrationTest" time="2.732"/>
  <testcase name="testGet[5: com.dotcms.rest.api.v1.vtl.VTLResourceTestCase@66e4e41]" classname="com.dotcms.rest.api.v1.vtl.VTLResourceIntegrationTest" time="1.958"/>
  <system-out><![CDATA[]]></system-out>
  <system-err><![CDATA[]]></system-err>
</testsuite>
