<?xml version="1.0" encoding="UTF-8"?>
<testsuite name="com.dotmarketing.db.HibernateUtilTest" tests="7" skipped="0" failures="0" errors="0" timestamp="2023-07-14T15:27:09" hostname="fv-az627-249" time="0.896">
  <properties/>
  <testcase name="testAddCommitListener[0: com.dotmarketing.db.AddCommitListenerTestCase@6a08cb74]" classname="com.dotmarketing.db.HibernateUtilTest" time="0.003"/>
  <testcase name="testAddCommitListener[1: com.dotmarketing.db.AddCommitListenerTestCase@384e4a1b]" classname="com.dotmarketing.db.HibernateUtilTest" time="0.001"/>
  <testcase name="testAddCommitListener[2: com.dotmarketing.db.AddCommitListenerTestCase@71902f24]" classname="com.dotmarketing.db.HibernateUtilTest" time="0.001"/>
  <testcase name="testAddCommitListener[3: com.dotmarketing.db.AddCommitListenerTestCase@59276cdd]" classname="com.dotmarketing.db.HibernateUtilTest" time="0.001"/>
  <testcase name="testAddCommitListener[4: com.dotmarketing.db.AddCommitListenerTestCase@75d84fe6]" classname="com.dotmarketing.db.HibernateUtilTest" time="0.004"/>
  <testcase name="updateOnDirtyObjectWhenFlush" classname="com.dotmarketing.db.HibernateUtilTest" time="0.21"/>
  <testcase name="updateOnDirtyObjectWhenQuery" classname="com.dotmarketing.db.HibernateUtilTest" time="0.675"/>
  <system-out><![CDATA[]]></system-out>
  <system-err><![CDATA[]]></system-err>
</testsuite>
