<?xml version="1.0" encoding="UTF-8"?>
<testsuite name="com.dotcms.rest.api.v1.vtl.VTLResourceIntegrationTest" tests="6" skipped="0" failures="0" errors="0" timestamp="2023-07-18T21:36:15" hostname="fv-az749-132" time="11.486">
  <properties/>
  <testcase name="testGet[0: com.dotcms.rest.api.v1.vtl.VTLResourceTestCase@7fa71dab]" classname="com.dotcms.rest.api.v1.vtl.VTLResourceIntegrationTest" time="2.443"/>
  <testcase name="testGet[1: com.dotcms.rest.api.v1.vtl.VTLResourceTestCase@53a74c55]" classname="com.dotcms.rest.api.v1.vtl.VTLResourceIntegrationTest" time="2.127"/>
  <testcase name="testGet[2: com.dotcms.rest.api.v1.vtl.VTLResourceTestCase@5a3a021c]" classname="com.dotcms.rest.api.v1.vtl.VTLResourceIntegrationTest" time="0.961"/>
  <testcase name="testGet[3: com.dotcms.rest.api.v1.vtl.VTLResourceTestCase@5b2ac74]" classname="com.dotcms.rest.api.v1.vtl.VTLResourceIntegrationTest" time="1.911"/>
  <testcase name="testGet[4: com.dotcms.rest.api.v1.vtl.VTLResourceTestCase@423fb32c]" classname="com.dotcms.rest.api.v1.vtl.VTLResourceIntegrationTest" time="2.077"/>
  <testcase name="testGet[5: com.dotcms.rest.api.v1.vtl.VTLResourceTestCase@2b939ada]" classname="com.dotcms.rest.api.v1.vtl.VTLResourceIntegrationTest" time="1.967"/>
  <system-out><![CDATA[]]></system-out>
  <system-err><![CDATA[]]></system-err>
</testsuite>
