<?xml version="1.0" encoding="UTF-8"?>
<testsuite name="com.dotcms.contenttype.business.StoryBlockAPITest" tests="7" skipped="0" failures="0" errors="0" timestamp="2023-07-03T18:12:44" hostname="fv-az444-624" time="2.519">
  <properties/>
  <testcase name="test_get_dependencies_with_non_json_value" classname="com.dotcms.contenttype.business.StoryBlockAPITest" time="0.001"/>
  <testcase name="test_get_dependencies" classname="com.dotcms.contenttype.business.StoryBlockAPITest" time="1.159"/>
  <testcase name="test_refresh_references_on_self_reference" classname="com.dotcms.contenttype.business.StoryBlockAPITest" time="0.001"/>
  <testcase name="test_get_dependencies_with_bad_content_value" classname="com.dotcms.contenttype.business.StoryBlockAPITest" time="0.0"/>
  <testcase name="test_refresh_references" classname="com.dotcms.contenttype.business.StoryBlockAPITest" time="1.356"/>
  <testcase name="test_get_dependencies_with_empty_json_value" classname="com.dotcms.contenttype.business.StoryBlockAPITest" time="0.001"/>
  <testcase name="test_get_refreshStoryBlockValueReferences_with_bad_content_value" classname="com.dotcms.contenttype.business.StoryBlockAPITest" time="0.0"/>
  <system-out><![CDATA[]]></system-out>
  <system-err><![CDATA[]]></system-err>
</testsuite>
