<?xml version="1.0" encoding="UTF-8"?>
<testsuite name="com.dotcms.rest.api.v1.workflow.WorkflowResourceLicenseIntegrationTest" tests="29" skipped="0" failures="0" errors="0" timestamp="2023-07-07T19:06:58" hostname="fv-az507-246" time="2.11">
  <properties/>
  <testcase name="Reorder_Action_InvalidLicense" classname="com.dotcms.rest.api.v1.workflow.WorkflowResourceLicenseIntegrationTest" time="0.032"/>
  <testcase name="Find_Initial_Available_Default_Actions_No_Read_Permission_Invalid_License" classname="com.dotcms.rest.api.v1.workflow.WorkflowResourceLicenseIntegrationTest" time="0.064"/>
  <testcase name="Save_Action_To_Step_Invalid_License" classname="com.dotcms.rest.api.v1.workflow.WorkflowResourceLicenseIntegrationTest" time="0.028"/>
  <testcase name="Update_Step_Invalid_License" classname="com.dotcms.rest.api.v1.workflow.WorkflowResourceLicenseIntegrationTest" time="0.013"/>
  <testcase name="Save_Action_InvalidLicense" classname="com.dotcms.rest.api.v1.workflow.WorkflowResourceLicenseIntegrationTest" time="0.017"/>
  <testcase name="Find_Initial_Available_Default_Actions_Invalid_License" classname="com.dotcms.rest.api.v1.workflow.WorkflowResourceLicenseIntegrationTest" time="0.021"/>
  <testcase name="Find_All_Schemes_By_Content_Type_Invalid_License_Expect_Only_System_Workflow" classname="com.dotcms.rest.api.v1.workflow.WorkflowResourceLicenseIntegrationTest" time="0.001"/>
  <testcase name="Delete_Action_by_Action_and_Step_Id_Invalid_License" classname="com.dotcms.rest.api.v1.workflow.WorkflowResourceLicenseIntegrationTest" time="0.018"/>
  <testcase name="Find_All_Schemas_Invalid_License_Then_Only_Get_System_Workflow" classname="com.dotcms.rest.api.v1.workflow.WorkflowResourceLicenseIntegrationTest" time="0.001"/>
  <testcase name="Find_Action_By_Step_Invalid_License" classname="com.dotcms.rest.api.v1.workflow.WorkflowResourceLicenseIntegrationTest" time="0.042"/>
  <testcase name="Find_Actions_By_Schemas_InvalidLicense" classname="com.dotcms.rest.api.v1.workflow.WorkflowResourceLicenseIntegrationTest" time="0.003"/>
  <testcase name="Export_Invalid_License" classname="com.dotcms.rest.api.v1.workflow.WorkflowResourceLicenseIntegrationTest" time="0.014"/>
  <testcase name="Find_All_Schemes_By_Content_Type_Regular_User_InvalidLicense" classname="com.dotcms.rest.api.v1.workflow.WorkflowResourceLicenseIntegrationTest" time="0.071"/>
  <testcase name="Reorder_Step_Invalid_License" classname="com.dotcms.rest.api.v1.workflow.WorkflowResourceLicenseIntegrationTest" time="0.053"/>
  <testcase name="Find_Available_Actions_Invalid_License" classname="com.dotcms.rest.api.v1.workflow.WorkflowResourceLicenseIntegrationTest" time="1.399"/>
  <testcase name="Copy_Invalid_License" classname="com.dotcms.rest.api.v1.workflow.WorkflowResourceLicenseIntegrationTest" time="0.018"/>
  <testcase name="Delete_Action_Invalid_License" classname="com.dotcms.rest.api.v1.workflow.WorkflowResourceLicenseIntegrationTest" time="0.082"/>
  <testcase name="Delete_Scheme_Invalid_License" classname="com.dotcms.rest.api.v1.workflow.WorkflowResourceLicenseIntegrationTest" time="0.038"/>
  <testcase name="Find_Step_By_Id_Invalid_License" classname="com.dotcms.rest.api.v1.workflow.WorkflowResourceLicenseIntegrationTest" time="0.03"/>
  <testcase name="Update_Schema_Invalid_License" classname="com.dotcms.rest.api.v1.workflow.WorkflowResourceLicenseIntegrationTest" time="0.012"/>
  <testcase name="Find_Steps_By_Scheme_Invalid_License" classname="com.dotcms.rest.api.v1.workflow.WorkflowResourceLicenseIntegrationTest" time="0.001"/>
  <testcase name="Find_Available_Default_Actions_Invalid_License" classname="com.dotcms.rest.api.v1.workflow.WorkflowResourceLicenseIntegrationTest" time="0.036"/>
  <testcase name="Create_Schema_Invalid_License" classname="com.dotcms.rest.api.v1.workflow.WorkflowResourceLicenseIntegrationTest" time="0.001"/>
  <testcase name="Update_Action_Invalid_License" classname="com.dotcms.rest.api.v1.workflow.WorkflowResourceLicenseIntegrationTest" time="0.026"/>
  <testcase name="Find_Available_Default_Actions_No_Read_Permission_Invalid_License" classname="com.dotcms.rest.api.v1.workflow.WorkflowResourceLicenseIntegrationTest" time="0.057"/>
  <testcase name="Delete_Steps_Invalid_License" classname="com.dotcms.rest.api.v1.workflow.WorkflowResourceLicenseIntegrationTest" time="0.016"/>
  <testcase name="Import_Invalid_License" classname="com.dotcms.rest.api.v1.workflow.WorkflowResourceLicenseIntegrationTest" time="0.001"/>
  <testcase name="Add_Steps_Invalid_License" classname="com.dotcms.rest.api.v1.workflow.WorkflowResourceLicenseIntegrationTest" time="0.004"/>
  <testcase name="Find_Action_InvalidLicense" classname="com.dotcms.rest.api.v1.workflow.WorkflowResourceLicenseIntegrationTest" time="0.004"/>
  <system-out><![CDATA[]]></system-out>
  <system-err><![CDATA[]]></system-err>
</testsuite>
