<?xml version="1.0" encoding="UTF-8"?>
<testsuite name="com.dotcms.rest.elasticsearch.ESContentResourcePortletTest" tests="8" skipped="0" failures="0" errors="0" timestamp="2023-07-06T20:02:02" hostname="fv-az1234-650" time="8.764">
  <properties/>
  <testcase name="test_search_includeGrandChildCategory_success" classname="com.dotcms.rest.elasticsearch.ESContentResourcePortletTest" time="1.559"/>
  <testcase name="testSearch[0: com.dotcms.rest.elasticsearch.ESContentResourcePortletTest$TestCase@5800b317]" classname="com.dotcms.rest.elasticsearch.ESContentResourcePortletTest" time="1.085"/>
  <testcase name="testSearch[1: com.dotcms.rest.elasticsearch.ESContentResourcePortletTest$TestCase@e47d4e0]" classname="com.dotcms.rest.elasticsearch.ESContentResourcePortletTest" time="0.34"/>
  <testcase name="testSearch[2: com.dotcms.rest.elasticsearch.ESContentResourcePortletTest$TestCase@4c3baa5b]" classname="com.dotcms.rest.elasticsearch.ESContentResourcePortletTest" time="1.109"/>
  <testcase name="testSearch[3: com.dotcms.rest.elasticsearch.ESContentResourcePortletTest$TestCase@23607241]" classname="com.dotcms.rest.elasticsearch.ESContentResourcePortletTest" time="1.273"/>
  <testcase name="testSearch[4: com.dotcms.rest.elasticsearch.ESContentResourcePortletTest$TestCase@7ea5f531]" classname="com.dotcms.rest.elasticsearch.ESContentResourcePortletTest" time="1.343"/>
  <testcase name="testSearch[5: com.dotcms.rest.elasticsearch.ESContentResourcePortletTest$TestCase@4e75ded1]" classname="com.dotcms.rest.elasticsearch.ESContentResourcePortletTest" time="1.032"/>
  <testcase name="testSearch[6: com.dotcms.rest.elasticsearch.ESContentResourcePortletTest$TestCase@5f8ddc36]" classname="com.dotcms.rest.elasticsearch.ESContentResourcePortletTest" time="1.016"/>
  <system-out><![CDATA[]]></system-out>
  <system-err><![CDATA[]]></system-err>
</testsuite>
