<?xml version="1.0" encoding="UTF-8"?>
<testsuite name="com.dotmarketing.startup.runonce.Task220512UpdateNoHTMLRegexValueTest" tests="1" skipped="0" failures="0" errors="0" timestamp="2023-07-11T18:19:06" hostname="fv-az351-324" time="0.119">
  <properties/>
  <testcase name="testExecuteUpgrade" classname="com.dotmarketing.startup.runonce.Task220512UpdateNoHTMLRegexValueTest" time="0.119"/>
  <system-out><![CDATA[]]></system-out>
  <system-err><![CDATA[]]></system-err>
</testsuite>
