<?xml version="1.0" encoding="UTF-8"?>
<testsuite name="com.dotmarketing.fixTasks.FixTask00085FixEmptyParentPathOnIdentifierTest" tests="1" skipped="0" failures="0" errors="0" timestamp="2023-06-26T17:52:03" hostname="fv-az1242-413" time="0.101">
  <properties/>
  <testcase name="testExecuteFix" classname="com.dotmarketing.fixTasks.FixTask00085FixEmptyParentPathOnIdentifierTest" time="0.101"/>
  <system-out><![CDATA[]]></system-out>
  <system-err><![CDATA[]]></system-err>
</testsuite>
