<?xml version="1.0" encoding="UTF-8"?>
<testsuite name="com.dotcms.contenttype.test.ContentTypeResourceTest" tests="10" skipped="0" failures="0" errors="0" timestamp="2023-06-22T18:33:48" hostname="fv-az419-343" time="22.733">
  <properties/>
  <testcase name="testJson[0: file-asset.json]" classname="com.dotcms.contenttype.test.ContentTypeResourceTest" time="3.085"/>
  <testcase name="testJson[1: content-type-array-insert.json]" classname="com.dotcms.contenttype.test.ContentTypeResourceTest" time="4.039"/>
  <testcase name="testJson[2: persona-type-object.json]" classname="com.dotcms.contenttype.test.ContentTypeResourceTest" time="3.042"/>
  <testcase name="testJson[3: content-type-object.json]" classname="com.dotcms.contenttype.test.ContentTypeResourceTest" time="0.963"/>
  <testcase name="testJson[4: page-content-type.json]" classname="com.dotcms.contenttype.test.ContentTypeResourceTest" time="5.475"/>
  <testcase name="testJson[5: empty-widget.json]" classname="com.dotcms.contenttype.test.ContentTypeResourceTest" time="2.392"/>
  <testcase name="testJson[6: widget-type-object.json]" classname="com.dotcms.contenttype.test.ContentTypeResourceTest" time="2.032"/>
  <testcase name="testJson[7: content-type-object-insert.json]" classname="com.dotcms.contenttype.test.ContentTypeResourceTest" time="1.698"/>
  <testcase name="test_setHostAndFolderAsIdentifer_with_null" classname="com.dotcms.contenttype.test.ContentTypeResourceTest" time="0.001"/>
  <testcase name="test_setHostAndFolderAsIdentifer_with_System_Host" classname="com.dotcms.contenttype.test.ContentTypeResourceTest" time="0.003"/>
  <system-out><![CDATA[]]></system-out>
  <system-err><![CDATA[]]></system-err>
</testsuite>
