<?xml version="1.0" encoding="UTF-8"?>
<testsuite name="com.dotmarketing.portlets.rules.conditionlet.VisitorOperatingSystemConditionletTest" tests="2" skipped="0" failures="0" errors="0" timestamp="2023-06-23T00:50:34" hostname="fv-az395-584" time="0.012">
  <properties/>
  <testcase name="testEvaluateIs" classname="com.dotmarketing.portlets.rules.conditionlet.VisitorOperatingSystemConditionletTest" time="0.01"/>
  <testcase name="testEvaluateIsNot" classname="com.dotmarketing.portlets.rules.conditionlet.VisitorOperatingSystemConditionletTest" time="0.001"/>
  <system-out><![CDATA[]]></system-out>
  <system-err><![CDATA[]]></system-err>
</testsuite>
