<?xml version="1.0" encoding="UTF-8"?>
<testsuite name="com.dotcms.rest.api.v1.system.ConfigurationHelperTest" tests="3" skipped="0" failures="0" errors="0" timestamp="2023-06-26T20:01:06" hostname="fv-az1114-884" time="0.004">
  <properties/>
  <testcase name="Test_Parse_Well_Formed_Mail" classname="com.dotcms.rest.api.v1.system.ConfigurationHelperTest" time="0.001"/>
  <testcase name="Test_Parse_Bad_eMail_Mail" classname="com.dotcms.rest.api.v1.system.ConfigurationHelperTest" time="0.003"/>
  <testcase name="Test_Parse_Well_Formed_Mail_And_Sender" classname="com.dotcms.rest.api.v1.system.ConfigurationHelperTest" time="0.0"/>
  <system-out><![CDATA[]]></system-out>
  <system-err><![CDATA[]]></system-err>
</testsuite>
