<?xml version="1.0" encoding="UTF-8"?>
<testsuite name="com.dotmarketing.startup.runonce.Task220413IncreasePublishedPushedAssetIdColTest" tests="2" skipped="0" failures="0" errors="0" timestamp="2023-07-17T23:10:06" hostname="fv-az407-374" time="0.019">
  <properties/>
  <testcase name="test_upgradeTask" classname="com.dotmarketing.startup.runonce.Task220413IncreasePublishedPushedAssetIdColTest" time="0.012"/>
  <testcase name="test_upgradeTask_noCapacity" classname="com.dotmarketing.startup.runonce.Task220413IncreasePublishedPushedAssetIdColTest" time="0.007"/>
  <system-out><![CDATA[]]></system-out>
  <system-err><![CDATA[]]></system-err>
</testsuite>
