<?xml version="1.0" encoding="UTF-8"?>
<testsuite name="com.dotcms.rest.TagResourceIntegrationTest" tests="4" skipped="0" failures="0" errors="0" timestamp="2023-07-13T16:47:54" hostname="fv-az262-63" time="0.349">
  <properties/>
  <testcase name="testList[0: com.dotcms.rest.TagResourceTestCase@4b576bc0]" classname="com.dotcms.rest.TagResourceIntegrationTest" time="0.274"/>
  <testcase name="testList[1: com.dotcms.rest.TagResourceTestCase@192e8284]" classname="com.dotcms.rest.TagResourceIntegrationTest" time="0.031"/>
  <testcase name="testList[2: com.dotcms.rest.TagResourceTestCase@7f08563c]" classname="com.dotcms.rest.TagResourceIntegrationTest" time="0.02"/>
  <testcase name="testList[3: com.dotcms.rest.TagResourceTestCase@1f3079cb]" classname="com.dotcms.rest.TagResourceIntegrationTest" time="0.024"/>
  <system-out><![CDATA[]]></system-out>
  <system-err><![CDATA[Jul 13, 2023 4:47:54 PM com.dotcms.repackage.org.hibernate.validator.internal.util.Version <clinit>
INFO: HV000001: Hibernate Validator 4.3.2.Final
]]></system-err>
</testsuite>
