<?xml version="1.0" encoding="UTF-8"?>
<testsuite name="com.dotcms.contenttype.test.ContentResourceTest" tests="52" skipped="0" failures="0" errors="0" timestamp="2023-06-30T22:17:37" hostname="fv-az262-663" time="152.217">
  <properties/>
  <testcase name="testGetContentShouldReturnIconDetails" classname="com.dotcms.contenttype.test.ContentResourceTest" time="1.72"/>
  <testcase name="Test_Save_Action_Set_Words_To_Required_NumericField_Issue_15340" classname="com.dotcms.contenttype.test.ContentResourceTest" time="1.018"/>
  <testcase name="test_getContent_includeGrandChildCategory_success" classname="com.dotcms.contenttype.test.ContentResourceTest" time="1.466"/>
  <testcase name="testGetContentWithRelatedParameter[0: com.dotcms.contenttype.test.ContentResourceTest$PullRelatedTestCase@78254565]" classname="com.dotcms.contenttype.test.ContentResourceTest" time="4.034"/>
  <testcase name="testGetContentWithRelatedParameter[1: com.dotcms.contenttype.test.ContentResourceTest$PullRelatedTestCase@b066721]" classname="com.dotcms.contenttype.test.ContentResourceTest" time="3.101"/>
  <testcase name="testGetContentWithRelatedParameter[2: com.dotcms.contenttype.test.ContentResourceTest$PullRelatedTestCase@100044d7]" classname="com.dotcms.contenttype.test.ContentResourceTest" time="4.089"/>
  <testcase name="testGetContentWithRelatedParameter[3: com.dotcms.contenttype.test.ContentResourceTest$PullRelatedTestCase@298d2a05]" classname="com.dotcms.contenttype.test.ContentResourceTest" time="3.734"/>
  <testcase name="testGetContentWithRelatedParameter[4: com.dotcms.contenttype.test.ContentResourceTest$PullRelatedTestCase@7bd15c3c]" classname="com.dotcms.contenttype.test.ContentResourceTest" time="3.84"/>
  <testcase name="test_getContent_SelfRelatedWith3LevelsOfDepth_shouldReturnRelationships" classname="com.dotcms.contenttype.test.ContentResourceTest" time="1.541"/>
  <testcase name="Test_Save_Action_Send_Fields_SubSet_Issue_15340" classname="com.dotcms.contenttype.test.ContentResourceTest" time="3.057"/>
  <testcase name="test_getContent_shouldReturnRelationships[0: com.dotcms.contenttype.test.ContentResourceTest$TestCase@43d61308]" classname="com.dotcms.contenttype.test.ContentResourceTest" time="3.241"/>
  <testcase name="test_getContent_shouldReturnRelationships[1: com.dotcms.contenttype.test.ContentResourceTest$TestCase@5162d159]" classname="com.dotcms.contenttype.test.ContentResourceTest" time="3.249"/>
  <testcase name="test_getContent_shouldReturnRelationships[2: com.dotcms.contenttype.test.ContentResourceTest$TestCase@117f0472]" classname="com.dotcms.contenttype.test.ContentResourceTest" time="3.207"/>
  <testcase name="test_getContent_shouldReturnRelationships[3: com.dotcms.contenttype.test.ContentResourceTest$TestCase@603e9add]" classname="com.dotcms.contenttype.test.ContentResourceTest" time="3.338"/>
  <testcase name="test_getContent_shouldReturnRelationships[4: com.dotcms.contenttype.test.ContentResourceTest$TestCase@13039b81]" classname="com.dotcms.contenttype.test.ContentResourceTest" time="3.265"/>
  <testcase name="test_getContent_shouldReturnRelationships[5: com.dotcms.contenttype.test.ContentResourceTest$TestCase@54ac78a1]" classname="com.dotcms.contenttype.test.ContentResourceTest" time="3.223"/>
  <testcase name="test_getContent_shouldReturnRelationships[6: com.dotcms.contenttype.test.ContentResourceTest$TestCase@3d99aad2]" classname="com.dotcms.contenttype.test.ContentResourceTest" time="2.985"/>
  <testcase name="test_getContent_shouldReturnRelationships[7: com.dotcms.contenttype.test.ContentResourceTest$TestCase@296527ce]" classname="com.dotcms.contenttype.test.ContentResourceTest" time="3.087"/>
  <testcase name="test_getContent_shouldReturnRelationships[8: com.dotcms.contenttype.test.ContentResourceTest$TestCase@26357ef0]" classname="com.dotcms.contenttype.test.ContentResourceTest" time="3.202"/>
  <testcase name="test_getContent_shouldReturnRelationships[9: com.dotcms.contenttype.test.ContentResourceTest$TestCase@11eb63e7]" classname="com.dotcms.contenttype.test.ContentResourceTest" time="2.372"/>
  <testcase name="test_getContent_shouldReturnRelationships[10: com.dotcms.contenttype.test.ContentResourceTest$TestCase@61548432]" classname="com.dotcms.contenttype.test.ContentResourceTest" time="2.073"/>
  <testcase name="test_getContent_shouldReturnRelationships[11: com.dotcms.contenttype.test.ContentResourceTest$TestCase@618f9481]" classname="com.dotcms.contenttype.test.ContentResourceTest" time="3.007"/>
  <testcase name="test_getContent_shouldReturnRelationships[12: com.dotcms.contenttype.test.ContentResourceTest$TestCase@6cc0a4be]" classname="com.dotcms.contenttype.test.ContentResourceTest" time="3.008"/>
  <testcase name="test_getContent_shouldReturnRelationships[13: com.dotcms.contenttype.test.ContentResourceTest$TestCase@26fe169a]" classname="com.dotcms.contenttype.test.ContentResourceTest" time="2.979"/>
  <testcase name="test_getContent_shouldReturnRelationships[14: com.dotcms.contenttype.test.ContentResourceTest$TestCase@63ce7363]" classname="com.dotcms.contenttype.test.ContentResourceTest" time="3.035"/>
  <testcase name="test_getContent_shouldReturnRelationships[15: com.dotcms.contenttype.test.ContentResourceTest$TestCase@7ef8c807]" classname="com.dotcms.contenttype.test.ContentResourceTest" time="3.953"/>
  <testcase name="test_getContent_shouldReturnRelationships[16: com.dotcms.contenttype.test.ContentResourceTest$TestCase@17f47632]" classname="com.dotcms.contenttype.test.ContentResourceTest" time="4.116"/>
  <testcase name="test_getContent_shouldReturnRelationships[17: com.dotcms.contenttype.test.ContentResourceTest$TestCase@4168e890]" classname="com.dotcms.contenttype.test.ContentResourceTest" time="3.212"/>
  <testcase name="test_getContent_shouldReturnRelationships[18: com.dotcms.contenttype.test.ContentResourceTest$TestCase@512ddeb5]" classname="com.dotcms.contenttype.test.ContentResourceTest" time="3.288"/>
  <testcase name="test_getContent_shouldReturnRelationships[19: com.dotcms.contenttype.test.ContentResourceTest$TestCase@692d9c67]" classname="com.dotcms.contenttype.test.ContentResourceTest" time="3.38"/>
  <testcase name="test_getContent_shouldReturnRelationships[20: com.dotcms.contenttype.test.ContentResourceTest$TestCase@5d5c2296]" classname="com.dotcms.contenttype.test.ContentResourceTest" time="3.653"/>
  <testcase name="test_getContent_shouldReturnRelationships[21: com.dotcms.contenttype.test.ContentResourceTest$TestCase@5b767dc5]" classname="com.dotcms.contenttype.test.ContentResourceTest" time="2.56"/>
  <testcase name="test_getContent_shouldReturnRelationships[22: com.dotcms.contenttype.test.ContentResourceTest$TestCase@6491c868]" classname="com.dotcms.contenttype.test.ContentResourceTest" time="3.273"/>
  <testcase name="test_getContent_shouldReturnRelationships[23: com.dotcms.contenttype.test.ContentResourceTest$TestCase@61dabe39]" classname="com.dotcms.contenttype.test.ContentResourceTest" time="3.411"/>
  <testcase name="test_getContent_shouldReturnRelationships[24: com.dotcms.contenttype.test.ContentResourceTest$TestCase@5dae6806]" classname="com.dotcms.contenttype.test.ContentResourceTest" time="3.413"/>
  <testcase name="test_getContent_shouldReturnRelationships[25: com.dotcms.contenttype.test.ContentResourceTest$TestCase@355eae23]" classname="com.dotcms.contenttype.test.ContentResourceTest" time="2.608"/>
  <testcase name="test_getContent_shouldReturnRelationships[26: com.dotcms.contenttype.test.ContentResourceTest$TestCase@5fe6f268]" classname="com.dotcms.contenttype.test.ContentResourceTest" time="2.639"/>
  <testcase name="test_getContent_shouldReturnRelationships[27: com.dotcms.contenttype.test.ContentResourceTest$TestCase@6b79a4db]" classname="com.dotcms.contenttype.test.ContentResourceTest" time="3.41"/>
  <testcase name="test_getContent_shouldReturnRelationships[28: com.dotcms.contenttype.test.ContentResourceTest$TestCase@45b90fea]" classname="com.dotcms.contenttype.test.ContentResourceTest" time="3.378"/>
  <testcase name="test_getContent_shouldReturnRelationships[29: com.dotcms.contenttype.test.ContentResourceTest$TestCase@5568ec8]" classname="com.dotcms.contenttype.test.ContentResourceTest" time="3.277"/>
  <testcase name="test_getContent_shouldReturnRelationships[30: com.dotcms.contenttype.test.ContentResourceTest$TestCase@6d4b49b8]" classname="com.dotcms.contenttype.test.ContentResourceTest" time="3.126"/>
  <testcase name="test_getContent_shouldReturnRelationships[31: com.dotcms.contenttype.test.ContentResourceTest$TestCase@4b3267b6]" classname="com.dotcms.contenttype.test.ContentResourceTest" time="3.13"/>
  <testcase name="test_getContent_shouldReturnRelationships[32: com.dotcms.contenttype.test.ContentResourceTest$TestCase@46f9f765]" classname="com.dotcms.contenttype.test.ContentResourceTest" time="4.19"/>
  <testcase name="test_getContent_shouldReturnRelationships[33: com.dotcms.contenttype.test.ContentResourceTest$TestCase@776811bc]" classname="com.dotcms.contenttype.test.ContentResourceTest" time="3.254"/>
  <testcase name="testSinglePOST_InvalidParamsShouldReturn400[0: ({\n    &quot;stInode&quot; : &quot;InvalidValue&quot;,\n    &quot;numeric&quot; : &quot;0&quot;,\n    &quot;image&quot; : &quot;whatever&quot;\n}, Bad Request)]" classname="com.dotcms.contenttype.test.ContentResourceTest" time="0.962"/>
  <testcase name="testSinglePOST_InvalidParamsShouldReturn400[1: ({\n    &quot;numeric&quot; : &quot;0&quot;,\n    &quot;image&quot; : &quot;whatever&quot;\n}, Bad Request)]" classname="com.dotcms.contenttype.test.ContentResourceTest" time="0.937"/>
  <testcase name="Test_Save_Action_Set_Null_To_Required_NumericField_Issue_15340" classname="com.dotcms.contenttype.test.ContentResourceTest" time="0.976"/>
  <testcase name="Test_Save_Action_Remove_Image_Then_Verify_Fields_Were_Cleared_Issue_15340" classname="com.dotcms.contenttype.test.ContentResourceTest" time="4.029"/>
  <testcase name="test_getContentWithMultipleSelfRelated_shouldReturnRelationships[0: com.dotcms.contenttype.test.ContentResourceTest$PullSelfRelatedTestCase@188e400a]" classname="com.dotcms.contenttype.test.ContentResourceTest" time="1.879"/>
  <testcase name="test_getContentWithMultipleSelfRelated_shouldReturnRelationships[1: com.dotcms.contenttype.test.ContentResourceTest$PullSelfRelatedTestCase@1145dea1]" classname="com.dotcms.contenttype.test.ContentResourceTest" time="1.824"/>
  <testcase name="testGetContentWithAllCategoriesInfo[0: json]" classname="com.dotcms.contenttype.test.ContentResourceTest" time="2.714"/>
  <testcase name="testGetContentWithAllCategoriesInfo[1: xml]" classname="com.dotcms.contenttype.test.ContentResourceTest" time="2.749"/>
  <system-out><![CDATA[











]]></system-out>
  <system-err><![CDATA[]]></system-err>
</testsuite>
