<?xml version="1.0" encoding="UTF-8"?>
<testsuite name="com.dotmarketing.portlets.structure.model.ContentletRelationshipsTest" tests="7" skipped="0" failures="0" errors="0" timestamp="2023-07-14T15:52:50" hostname="fv-az364-103" time="8.604">
  <properties/>
  <testcase name="testDoesAllowOnlyOne[0: com.dotmarketing.portlets.structure.model.ContentletRelationshipsTest$CardinalityTestCase@5edebf2b]" classname="com.dotmarketing.portlets.structure.model.ContentletRelationshipsTest" time="0.539"/>
  <testcase name="testDoesAllowOnlyOne[1: com.dotmarketing.portlets.structure.model.ContentletRelationshipsTest$CardinalityTestCase@2b2c362d]" classname="com.dotmarketing.portlets.structure.model.ContentletRelationshipsTest" time="0.549"/>
  <testcase name="testDoesAllowOnlyOne[2: com.dotmarketing.portlets.structure.model.ContentletRelationshipsTest$CardinalityTestCase@156c54a8]" classname="com.dotmarketing.portlets.structure.model.ContentletRelationshipsTest" time="0.543"/>
  <testcase name="testGetRelationshipRecords[0: com.dotmarketing.portlets.structure.model.ContentletRelationshipsTest$TestCase@64e7f802]" classname="com.dotmarketing.portlets.structure.model.ContentletRelationshipsTest" time="2.104"/>
  <testcase name="testGetRelationshipRecords[1: com.dotmarketing.portlets.structure.model.ContentletRelationshipsTest$TestCase@4feb3452]" classname="com.dotmarketing.portlets.structure.model.ContentletRelationshipsTest" time="1.042"/>
  <testcase name="testGetRelationshipRecords[2: com.dotmarketing.portlets.structure.model.ContentletRelationshipsTest$TestCase@5bcfedc]" classname="com.dotmarketing.portlets.structure.model.ContentletRelationshipsTest" time="1.904"/>
  <testcase name="testGetRelationshipRecords[3: com.dotmarketing.portlets.structure.model.ContentletRelationshipsTest$TestCase@728233d7]" classname="com.dotmarketing.portlets.structure.model.ContentletRelationshipsTest" time="1.922"/>
  <system-out><![CDATA[]]></system-out>
  <system-err><![CDATA[]]></system-err>
</testsuite>
