<?xml version="1.0" encoding="UTF-8"?>
<testsuite name="com.dotcms.browser.BrowserAPITest" tests="10" skipped="0" failures="0" errors="0" timestamp="2023-07-18T21:25:51" hostname="fv-az550-335" time="31.282">
  <properties/>
  <testcase name="testGetFolderContentWithValidIdentifier" classname="com.dotcms.browser.BrowserAPITest" time="1.037"/>
  <testcase name="getAssetNameColumn_providedBaseQuery_shouldGenerateCorrectSQLForDB" classname="com.dotcms.browser.BrowserAPITest" time="0.001"/>
  <testcase name="getFolderContent_searchAssetWithNoTitleUsingFileName_Expect_Results" classname="com.dotcms.browser.BrowserAPITest" time="1.2"/>
  <testcase name="getFolderContent_searchDotAssetWithFilter_shouldReturnNotNull" classname="com.dotcms.browser.BrowserAPITest" time="0.031"/>
  <testcase name="test_GetFolderContent_mimetype_pagination" classname="com.dotcms.browser.BrowserAPITest" time="11.675"/>
  <testcase name="testGetFolderContentWithInvalidIdentifier" classname="com.dotcms.browser.BrowserAPITest" time="0.008"/>
  <testcase name="test_GetFolderContent_pagination" classname="com.dotcms.browser.BrowserAPITest" time="11.314"/>
  <testcase name="Test_GetFolderContent_Multiple_Langs" classname="com.dotcms.browser.BrowserAPITest" time="4.884"/>
  <testcase name="testingDifferentBrowserAPIResults" classname="com.dotcms.browser.BrowserAPITest" time="0.162"/>
  <testcase name="test_getFolderContent_folderOrderedByName" classname="com.dotcms.browser.BrowserAPITest" time="0.969"/>
  <system-out><![CDATA[




































]]></system-out>
  <system-err><![CDATA[]]></system-err>
</testsuite>
