<?xml version="1.0" encoding="UTF-8"?>
<testsuite name="com.dotmarketing.portlets.workflows.business.SaveContentDraftActionletTest" tests="2" skipped="0" failures="0" errors="0" timestamp="2023-07-18T00:10:19" hostname="fv-az442-90" time="2.686">
  <properties/>
  <testcase name="saveContentDraftTest" classname="com.dotmarketing.portlets.workflows.business.SaveContentDraftActionletTest" time="1.266"/>
  <testcase name="save_content_draft_test_with_categories_success" classname="com.dotmarketing.portlets.workflows.business.SaveContentDraftActionletTest" time="1.42"/>
  <system-out><![CDATA[]]></system-out>
  <system-err><![CDATA[]]></system-err>
</testsuite>
