<?xml version="1.0" encoding="UTF-8"?>
<testsuite name="com.dotmarketing.startup.runonce.Task220203RemoveFolderInodeConstraintTest" tests="1" skipped="0" failures="0" errors="0" timestamp="2023-07-10T22:49:56" hostname="fv-az445-212" time="0.055">
  <properties/>
  <testcase name="testUpgradeTask" classname="com.dotmarketing.startup.runonce.Task220203RemoveFolderInodeConstraintTest" time="0.055"/>
  <system-out><![CDATA[







]]></system-out>
  <system-err><![CDATA[]]></system-err>
</testsuite>
